                Time          Cycles PC       Instr    Mnemonic
20180717ns          332772 1c008080 00003517 auipc            x10, 0x3000         x10=1c00b080
20180758ns          332774 1c008084 02250513 addi             x10, x10, 34        x10=1c00b0a2 x10:1c00b080
20180798ns          332776 1c008088 00050067 jalr             x0, x10, 0          x10:1c00b0a2
20181729ns          332822 1c00b0a2 cc101073 csrrw            x0, x0, 0xcc1      
20181749ns          332823 1c00b0a6 f1402573 csrrs            x10, x0, 0xf14      x10=00000003
20181770ns          332824 1c00b0aa 01f57593 andi             x11, x10, 31        x11=00000003 x10:00000003
20181790ns          332825 1c00b0ae 00555513 srli             x10, x10, 0x5       x10=00000000 x10:00000003
20182215ns          332846 1c00b0b0 01f00613 addi             x12, x0, 31         x12=0000001f
20182255ns          332848 1c00b0b2 00c50463 beq              x10, x12, 8         x10:00000000 x12:0000001f
20182276ns          332849 1c00b0b6 74b0406f jal              x0, 20298          
20182660ns          332868 1c010000 f1402573 csrrs            x10, x0, 0xf14      x10=00000003
20182701ns          332870 1c010004 01f57593 andi             x11, x10, 31        x11=00000003 x10:00000003
20182721ns          332871 1c010008 00555513 srli             x10, x10, 0x5       x10=00000000 x10:00000003
20182741ns          332872 1c01000a 000702b7 lui              x5, 0x70000          x5=00070000
20183106ns          332890 1c01000e 00204337 lui              x6, 0x204000         x6=00204000
20183146ns          332892 1c010012 00532023 sw               x5, 0(x6)            x5:00070000  x6:00204000  PA:00204000
20183166ns          332893 1c010016 00000393 addi             x7, x0, 0            x7=00000000
20183186ns          332894 1c010018 0e759463 bne              x11, x7, 232        x11:00000003  x7:00000000
20183915ns          332930 1c010100 00204937 lui              x18, 0x204000       x18=00204000
20183956ns          332932 1c010104 f14029f3 csrrs            x19, x0, 0xf14      x19=00000003
20183976ns          332933 1c010108 01f9f993 andi             x19, x19, 31        x19=00000003 x19:00000003
20183996ns          332934 1c01010c 00000a17 auipc            x20, 0x0            x20=1c01010c
20184360ns          332952 1c010110 012a0a13 addi             x20, x20, 18        x20=1c01011e x20:1c01010c
20184401ns          332954 1c010114 00000a97 auipc            x21, 0x0            x21=1c010114
20184421ns          332955 1c010118 00ea8a93 addi             x21, x21, 14        x21=1c010122 x21:1c010114
20184441ns          332956 1c01011c 0060006f jal              x0, 6              
20184866ns          332977 1c010122 08096283 p.elw            x5, 128(x18)         x5=1c01013f x18:00204000  PA:00204080
20190028ns          333232 1c010126 08096503 p.elw            x10, 128(x18)       x10=00000400 x18:00204000  PA:00204080
20190129ns          333237 1c01012a 0012f313 andi             x6, x5, 1            x6=00000001  x5:1c01013f
20190149ns          333238 1c01012e 00031563 bne              x6, x0, 10           x6:00000001
20190210ns          333241 1c010138 000a80b3 add              x1, x21, x0          x1=1c010122 x21:1c010122
20190230ns          333242 1c01013c 00028067 jalr             x0, x5, 0            x5:1c01013f
20190696ns          333265 1c01013e 08096283 p.elw            x5, 128(x18)         x5=10000828 x18:00204000  PA:00204080
20190797ns          333270 1c010142 00098f13 addi             x30, x19, 0         x30=00000003 x19:00000003
20190817ns          333271 1c010146 02af0eb3 mul              x29, x30, x10       x29=00000c00 x30:00000003 x10:00000400
20190837ns          333272 1c01014a 005e8133 add              x2, x29, x5          x2=10001428 x29:00000c00  x5:10000828
20190857ns          333273 1c01014e 00008067 jalr             x0, x1, 0            x1:1c010122
20191262ns          333293 1c010122 08096283 p.elw            x5, 128(x18)         x5=1c00874e x18:00204000  PA:00204080
20191404ns          333300 1c010126 08096503 p.elw            x10, 128(x18)       x10=00000000 x18:00204000  PA:00204080
20191505ns          333305 1c01012a 0012f313 andi             x6, x5, 1            x6=00000000  x5:1c00874e
20191525ns          333306 1c01012e 00031563 bne              x6, x0, 10           x6:00000000
20191546ns          333307 1c010132 000a00b3 add              x1, x20, x0          x1=1c01011e x20:1c01011e
20191566ns          333308 1c010136 00028067 jalr             x0, x5, 0            x5:1c00874e
20191991ns          333329 1c00874e fd010113 addi             x2, x2, -48          x2=100013f8  x2:10001428
20192416ns          333350 1c008750 f14025f3 csrrs            x11, x0, 0xf14      x11=00000003
20192456ns          333352 1c008754 02912223 sw               x9, 36(x2)           x9:xxxxxxxx  x2:100013f8  PA:1000141c
20192477ns          333353 1c008756 1c001537 lui              x10, 0x1c001000     x10=1c001000
20192497ns          333354 1c00875a f14024f3 csrrs            x9, x0, 0xf14        x9=00000003
20192902ns          333374 1c00875e f454b4b3 p.bclr           x9, x9, 26, 5        x9=00000003  x9:00000003
20192922ns          333375 1c008762 00900633 add              x12, x0, x9         x12=00000003  x9:00000003
20192942ns          333376 1c008764 ca5595b3 p.extractu       x11, x11, 5, 5      x11=00000000 x11:00000003
20192962ns          333377 1c008768 98450513 addi             x10, x10, -1660     x10=1c000984 x10:1c001000
20192983ns          333378 1c00876c 02112623 sw               x1, 44(x2)           x1:1c01011e  x2:100013f8  PA:10001424
20193003ns          333379 1c00876e 02812423 sw               x8, 40(x2)           x8:xxxxxxxx  x2:100013f8  PA:10001420
20193387ns          333398 1c008770 01612823 sw               x22, 16(x2)         x22:xxxxxxxx  x2:100013f8  PA:10001408
20193408ns          333399 1c008772 01712623 sw               x23, 12(x2)         x23:xxxxxxxx  x2:100013f8  PA:10001404
20193428ns          333400 1c008774 03212023 sw               x18, 32(x2)         x18:00204000  x2:100013f8  PA:10001418
20193448ns          333401 1c008776 01312e23 sw               x19, 28(x2)         x19:00000003  x2:100013f8  PA:10001414
20193468ns          333402 1c008778 01412c23 sw               x20, 24(x2)         x20:1c01011e  x2:100013f8  PA:10001410
20193489ns          333403 1c00877a 01512a23 sw               x21, 20(x2)         x21:1c010122  x2:100013f8  PA:1000140c
20193509ns          333404 1c00877c 01812423 sw               x24, 8(x2)          x24:xxxxxxxx  x2:100013f8  PA:10001400
20193529ns          333405 1c00877e 5fe000ef jal              x1, 1534             x1=1c008780
20194298ns          333443 1c008d7c fc010113 addi             x2, x2, -64          x2=100013b8  x2:100013f8
20194723ns          333464 1c008d7e 02410313 addi             x6, x2, 36           x6=100013dc  x2:100013b8
20194744ns          333465 1c008d82 02c12423 sw               x12, 40(x2)         x12:00000003  x2:100013b8  PA:100013e0
20194764ns          333466 1c008d84 00a00633 add              x12, x0, x10        x12=1c000984 x10:1c000984
20194784ns          333467 1c008d86 1c009537 lui              x10, 0x1c009000     x10=1c009000
20194804ns          333468 1c008d8a 02b12223 sw               x11, 36(x2)         x11:00000000  x2:100013b8  PA:100013dc
20194824ns          333469 1c008d8c 02d12623 sw               x13, 44(x2)         x13:xxxxxxxx  x2:100013b8  PA:100013e4
20194845ns          333470 1c008d8e 00200593 addi             x11, x0, 2          x11=00000002
20195209ns          333488 1c008d90 006006b3 add              x13, x0, x6         x13=100013dc  x6:100013dc
20195250ns          333490 1c008d92 d2050513 addi             x10, x10, -736      x10=1c008d20 x10:1c009000
20195270ns          333491 1c008d96 00112e23 sw               x1, 28(x2)           x1:1c008780  x2:100013b8  PA:100013d4
20195290ns          333492 1c008d98 02e12823 sw               x14, 48(x2)         x14:xxxxxxxx  x2:100013b8  PA:100013e8
20195310ns          333493 1c008d9a 02f12a23 sw               x15, 52(x2)         x15:xxxxxxxx  x2:100013b8  PA:100013ec
20195330ns          333494 1c008d9c 03012c23 sw               x16, 56(x2)         x16:xxxxxxxx  x2:100013b8  PA:100013f0
20195351ns          333495 1c008d9e 03112e23 sw               x17, 60(x2)         x17:xxxxxxxx  x2:100013b8  PA:100013f4
20195695ns          333512 1c008da0 00612623 sw               x6, 12(x2)           x6:100013dc  x2:100013b8  PA:100013c4
20195715ns          333513 1c008da2 fa5ff0ef jal              x1, -92              x1=1c008da4
20196140ns          333534 1c008d46 0640006f jal              x0, 100            
20196181ns          333536 1c008daa f8010113 addi             x2, x2, -128         x2=10001338  x2:100013b8
20196201ns          333537 1c008dac 06812c23 sw               x8, 120(x2)          x8:xxxxxxxx  x2:10001338  PA:100013b0
20196221ns          333538 1c008dae 02410713 addi             x14, x2, 36         x14=1000135c  x2:10001338
20196606ns          333557 1c008db0 00000413 addi             x8, x0, 0            x8=00000000
20196626ns          333558 1c008db2 07312623 sw               x19, 108(x2)        x19:00000003  x2:10001338  PA:100013a4
20196646ns          333559 1c008db4 07412423 sw               x20, 104(x2)        x20:1c01011e  x2:10001338  PA:100013a0
20196666ns          333560 1c008db6 07512223 sw               x21, 100(x2)        x21:1c010122  x2:10001338  PA:1000139c
20196687ns          333561 1c008db8 05712e23 sw               x23, 92(x2)         x23:xxxxxxxx  x2:10001338  PA:10001394
20196707ns          333562 1c008dba 05812c23 sw               x24, 88(x2)         x24:xxxxxxxx  x2:10001338  PA:10001390
20196727ns          333563 1c008dbc 05a12823 sw               x26, 80(x2)         x26:xxxxxxxx  x2:10001338  PA:10001388
20196747ns          333564 1c008dbe 06112e23 sw               x1, 124(x2)          x1:1c008da4  x2:10001338  PA:100013b4
20197091ns          333581 1c008dc0 06912a23 sw               x9, 116(x2)          x9:00000003  x2:10001338  PA:100013ac
20197112ns          333582 1c008dc2 07212823 sw               x18, 112(x2)        x18:00204000  x2:10001338  PA:100013a8
20197132ns          333583 1c008dc4 07612023 sw               x22, 96(x2)         x22:xxxxxxxx  x2:10001338  PA:10001398
20197152ns          333584 1c008dc6 05912a23 sw               x25, 84(x2)         x25:xxxxxxxx  x2:10001338  PA:1000138c
20197172ns          333585 1c008dc8 05b12623 sw               x27, 76(x2)         x27:xxxxxxxx  x2:10001338  PA:10001384
20197193ns          333586 1c008dca 00a009b3 add              x19, x0, x10        x19=1c008d20 x10:1c008d20
20197213ns          333587 1c008dcc 00b00bb3 add              x23, x0, x11        x23=00000002 x11:00000002
20197233ns          333588 1c008dce 00c00d33 add              x26, x0, x12        x26=1c000984 x12:1c000984
20197577ns          333605 1c008dd0 00d00a33 add              x20, x0, x13        x20=100013dc x13:100013dc
20197618ns          333607 1c008dd2 1c001c37 lui              x24, 0x1c001000     x24=1c001000
20197638ns          333608 1c008dd6 00e12023 sw               x14, 0(x2)          x14:1000135c  x2:10001338  PA:10001338
20197658ns          333609 1c008dd8 00800ab3 add              x21, x0, x8         x21=00000000  x8:00000000
20197678ns          333610 1c008dda 00e0006f jal              x0, 14             
20198103ns          333631 1c008de8 000d4503 lbu              x10, 0(x26)         x10=00000045 x26:1c000984  PA:1c000984
20198407ns          333646 1c008dec 001d0413 addi             x8, x26, 1           x8=1c000985 x26:1c000984
20198528ns          333652 1c008df0 0c050b63 beq              x10, x0, 214        x10:00000045
20198569ns          333654 1c008df2 02500793 addi             x15, x0, 37         x15=00000025
20198589ns          333655 1c008df6 fef513e3 bne              x10, x15, -26       x10:00000045 x15:00000025
20199055ns          333678 1c008ddc 017005b3 add              x11, x0, x23        x11=00000002 x23:00000002
20199075ns          333679 1c008dde 000980e7 jalr             x1, x19, 0           x1=1c008de0 x19:1c008d20
20199500ns          333700 1c008d20 f14027f3 csrrs            x15, x0, 0xf14      x15=00000003
20199540ns          333702 1c008d24 1a10f6b7 lui              x13, 0x1a10f000     x13=1a10f000
20199561ns          333703 1c008d28 ca5797b3 p.extractu       x15, x15, 5, 5      x15=00000000 x15:00000003
20199581ns          333704 1c008d2c f1402773 csrrs            x14, x0, 0xf14      x14=00000003
20199986ns          333724 1c008d30 00779793 slli             x15, x15, 0x7       x15=00000000 x15:00000000
20200006ns          333725 1c008d32 00371713 slli             x14, x14, 0x3       x14=00000018 x14:00000003
20200026ns          333726 1c008d34 0ff57513 andi             x10, x10, 255       x10=00000045 x10:00000045
20200046ns          333727 1c008d38 ee873733 p.bclr           x14, x14, 23, 8     x14=00000018 x14:00000018
20200067ns          333728 1c008d3c 00d787b3 add              x15, x15, x13       x15=1a10f000 x15:00000000 x13:1a10f000
20200087ns          333729 1c008d3e 00a767a3 p.sw             x10, x0(x14)        x10:00000045 x14:00000018  PA:1a10f018
20200411ns          333745 1c008d42 00000513 addi             x10, x0, 0          x10=00000000
20200431ns          333746 1c008d44 00008067 jalr             x0, x1, 0            x1:1c008de0
20200593ns          333754 1c008de0 15f52063 p.beqimm         x10, 320            x10:00000000
20200613ns          333755 1c008de4 001a8a93 addi             x21, x21, 1         x21=00000001 x21:00000000
20200633ns          333756 1c008de6 00800d33 add              x26, x0, x8         x26=1c000985  x8:1c000985
20200654ns          333757 1c008de8 000d4503 lbu              x10, 0(x26)         x10=0000006e x26:1c000985  PA:1c000985
20200957ns          333772 1c008dec 001d0413 addi             x8, x26, 1           x8=1c000986 x26:1c000985
20200977ns          333773 1c008df0 0c050b63 beq              x10, x0, 214        x10:0000006e
20200998ns          333774 1c008df2 02500793 addi             x15, x0, 37         x15=00000025
20201018ns          333775 1c008df6 fef513e3 bne              x10, x15, -26       x10:0000006e x15:00000025
20201079ns          333778 1c008ddc 017005b3 add              x11, x0, x23        x11=00000002 x23:00000002
20201099ns          333779 1c008dde 000980e7 jalr             x1, x19, 0           x1=1c008de0 x19:1c008d20
20201139ns          333781 1c008d20 f14027f3 csrrs            x15, x0, 0xf14      x15=00000003
20201160ns          333782 1c008d24 1a10f6b7 lui              x13, 0x1a10f000     x13=1a10f000
20201180ns          333783 1c008d28 ca5797b3 p.extractu       x15, x15, 5, 5      x15=00000000 x15:00000003
20201200ns          333784 1c008d2c f1402773 csrrs            x14, x0, 0xf14      x14=00000003
20201220ns          333785 1c008d30 00779793 slli             x15, x15, 0x7       x15=00000000 x15:00000000
20201241ns          333786 1c008d32 00371713 slli             x14, x14, 0x3       x14=00000018 x14:00000003
20201261ns          333787 1c008d34 0ff57513 andi             x10, x10, 255       x10=0000006e x10:0000006e
20201281ns          333788 1c008d38 ee873733 p.bclr           x14, x14, 23, 8     x14=00000018 x14:00000018
20201301ns          333789 1c008d3c 00d787b3 add              x15, x15, x13       x15=1a10f000 x15:00000000 x13:1a10f000
20201322ns          333790 1c008d3e 00a767a3 p.sw             x10, x0(x14)        x10:0000006e x14:00000018  PA:1a10f018
20201645ns          333806 1c008d42 00000513 addi             x10, x0, 0          x10=00000000
20201666ns          333807 1c008d44 00008067 jalr             x0, x1, 0            x1:1c008de0
20201706ns          333809 1c008de0 15f52063 p.beqimm         x10, 320            x10:00000000
20201726ns          333810 1c008de4 001a8a93 addi             x21, x21, 1         x21=00000002 x21:00000001
20201747ns          333811 1c008de6 00800d33 add              x26, x0, x8         x26=1c000986  x8:1c000986
20201767ns          333812 1c008de8 000d4503 lbu              x10, 0(x26)         x10=00000074 x26:1c000986  PA:1c000986
20202070ns          333827 1c008dec 001d0413 addi             x8, x26, 1           x8=1c000987 x26:1c000986
20202091ns          333828 1c008df0 0c050b63 beq              x10, x0, 214        x10:00000074
20202111ns          333829 1c008df2 02500793 addi             x15, x0, 37         x15=00000025
20202131ns          333830 1c008df6 fef513e3 bne              x10, x15, -26       x10:00000074 x15:00000025
20202192ns          333833 1c008ddc 017005b3 add              x11, x0, x23        x11=00000002 x23:00000002
20202212ns          333834 1c008dde 000980e7 jalr             x1, x19, 0           x1=1c008de0 x19:1c008d20
20202253ns          333836 1c008d20 f14027f3 csrrs            x15, x0, 0xf14      x15=00000003
20202273ns          333837 1c008d24 1a10f6b7 lui              x13, 0x1a10f000     x13=1a10f000
20202293ns          333838 1c008d28 ca5797b3 p.extractu       x15, x15, 5, 5      x15=00000000 x15:00000003
20202313ns          333839 1c008d2c f1402773 csrrs            x14, x0, 0xf14      x14=00000003
20202334ns          333840 1c008d30 00779793 slli             x15, x15, 0x7       x15=00000000 x15:00000000
20202354ns          333841 1c008d32 00371713 slli             x14, x14, 0x3       x14=00000018 x14:00000003
20202374ns          333842 1c008d34 0ff57513 andi             x10, x10, 255       x10=00000074 x10:00000074
20202394ns          333843 1c008d38 ee873733 p.bclr           x14, x14, 23, 8     x14=00000018 x14:00000018
20202414ns          333844 1c008d3c 00d787b3 add              x15, x15, x13       x15=1a10f000 x15:00000000 x13:1a10f000
20202435ns          333845 1c008d3e 00a767a3 p.sw             x10, x0(x14)        x10:00000074 x14:00000018  PA:1a10f018
20202759ns          333861 1c008d42 00000513 addi             x10, x0, 0          x10=00000000
20202779ns          333862 1c008d44 00008067 jalr             x0, x1, 0            x1:1c008de0
20202819ns          333864 1c008de0 15f52063 p.beqimm         x10, 320            x10:00000000
20202840ns          333865 1c008de4 001a8a93 addi             x21, x21, 1         x21=00000003 x21:00000002
20202860ns          333866 1c008de6 00800d33 add              x26, x0, x8         x26=1c000987  x8:1c000987
20202880ns          333867 1c008de8 000d4503 lbu              x10, 0(x26)         x10=00000065 x26:1c000987  PA:1c000987
20203184ns          333882 1c008dec 001d0413 addi             x8, x26, 1           x8=1c000988 x26:1c000987
20203204ns          333883 1c008df0 0c050b63 beq              x10, x0, 214        x10:00000065
20203224ns          333884 1c008df2 02500793 addi             x15, x0, 37         x15=00000025
20203244ns          333885 1c008df6 fef513e3 bne              x10, x15, -26       x10:00000065 x15:00000025
20203305ns          333888 1c008ddc 017005b3 add              x11, x0, x23        x11=00000002 x23:00000002
20203325ns          333889 1c008dde 000980e7 jalr             x1, x19, 0           x1=1c008de0 x19:1c008d20
20203366ns          333891 1c008d20 f14027f3 csrrs            x15, x0, 0xf14      x15=00000003
20203386ns          333892 1c008d24 1a10f6b7 lui              x13, 0x1a10f000     x13=1a10f000
20203406ns          333893 1c008d28 ca5797b3 p.extractu       x15, x15, 5, 5      x15=00000000 x15:00000003
20203426ns          333894 1c008d2c f1402773 csrrs            x14, x0, 0xf14      x14=00000003
20203447ns          333895 1c008d30 00779793 slli             x15, x15, 0x7       x15=00000000 x15:00000000
20203467ns          333896 1c008d32 00371713 slli             x14, x14, 0x3       x14=00000018 x14:00000003
20203487ns          333897 1c008d34 0ff57513 andi             x10, x10, 255       x10=00000065 x10:00000065
20203507ns          333898 1c008d38 ee873733 p.bclr           x14, x14, 23, 8     x14=00000018 x14:00000018
20203528ns          333899 1c008d3c 00d787b3 add              x15, x15, x13       x15=1a10f000 x15:00000000 x13:1a10f000
20203548ns          333900 1c008d3e 00a767a3 p.sw             x10, x0(x14)        x10:00000065 x14:00000018  PA:1a10f018
20203872ns          333916 1c008d42 00000513 addi             x10, x0, 0          x10=00000000
20203892ns          333917 1c008d44 00008067 jalr             x0, x1, 0            x1:1c008de0
20203932ns          333919 1c008de0 15f52063 p.beqimm         x10, 320            x10:00000000
20203953ns          333920 1c008de4 001a8a93 addi             x21, x21, 1         x21=00000004 x21:00000003
20203973ns          333921 1c008de6 00800d33 add              x26, x0, x8         x26=1c000988  x8:1c000988
20203993ns          333922 1c008de8 000d4503 lbu              x10, 0(x26)         x10=00000072 x26:1c000988  PA:1c000988
20204297ns          333937 1c008dec 001d0413 addi             x8, x26, 1           x8=1c000989 x26:1c000988
20204317ns          333938 1c008df0 0c050b63 beq              x10, x0, 214        x10:00000072
20204337ns          333939 1c008df2 02500793 addi             x15, x0, 37         x15=00000025
20204358ns          333940 1c008df6 fef513e3 bne              x10, x15, -26       x10:00000072 x15:00000025
20204418ns          333943 1c008ddc 017005b3 add              x11, x0, x23        x11=00000002 x23:00000002
20204438ns          333944 1c008dde 000980e7 jalr             x1, x19, 0           x1=1c008de0 x19:1c008d20
20204479ns          333946 1c008d20 f14027f3 csrrs            x15, x0, 0xf14      x15=00000003
20204499ns          333947 1c008d24 1a10f6b7 lui              x13, 0x1a10f000     x13=1a10f000
20204519ns          333948 1c008d28 ca5797b3 p.extractu       x15, x15, 5, 5      x15=00000000 x15:00000003
20204540ns          333949 1c008d2c f1402773 csrrs            x14, x0, 0xf14      x14=00000003
20204560ns          333950 1c008d30 00779793 slli             x15, x15, 0x7       x15=00000000 x15:00000000
20204580ns          333951 1c008d32 00371713 slli             x14, x14, 0x3       x14=00000018 x14:00000003
20204600ns          333952 1c008d34 0ff57513 andi             x10, x10, 255       x10=00000072 x10:00000072
20204621ns          333953 1c008d38 ee873733 p.bclr           x14, x14, 23, 8     x14=00000018 x14:00000018
20204641ns          333954 1c008d3c 00d787b3 add              x15, x15, x13       x15=1a10f000 x15:00000000 x13:1a10f000
20204661ns          333955 1c008d3e 00a767a3 p.sw             x10, x0(x14)        x10:00000072 x14:00000018  PA:1a10f018
20204985ns          333971 1c008d42 00000513 addi             x10, x0, 0          x10=00000000
20205005ns          333972 1c008d44 00008067 jalr             x0, x1, 0            x1:1c008de0
20205046ns          333974 1c008de0 15f52063 p.beqimm         x10, 320            x10:00000000
20205066ns          333975 1c008de4 001a8a93 addi             x21, x21, 1         x21=00000005 x21:00000004
20205086ns          333976 1c008de6 00800d33 add              x26, x0, x8         x26=1c000989  x8:1c000989
20205106ns          333977 1c008de8 000d4503 lbu              x10, 0(x26)         x10=00000065 x26:1c000989  PA:1c000989
20205410ns          333992 1c008dec 001d0413 addi             x8, x26, 1           x8=1c00098a x26:1c000989
20205430ns          333993 1c008df0 0c050b63 beq              x10, x0, 214        x10:00000065
20205450ns          333994 1c008df2 02500793 addi             x15, x0, 37         x15=00000025
20205471ns          333995 1c008df6 fef513e3 bne              x10, x15, -26       x10:00000065 x15:00000025
20205531ns          333998 1c008ddc 017005b3 add              x11, x0, x23        x11=00000002 x23:00000002
20205552ns          333999 1c008dde 000980e7 jalr             x1, x19, 0           x1=1c008de0 x19:1c008d20
20205592ns          334001 1c008d20 f14027f3 csrrs            x15, x0, 0xf14      x15=00000003
20205612ns          334002 1c008d24 1a10f6b7 lui              x13, 0x1a10f000     x13=1a10f000
20205633ns          334003 1c008d28 ca5797b3 p.extractu       x15, x15, 5, 5      x15=00000000 x15:00000003
20205653ns          334004 1c008d2c f1402773 csrrs            x14, x0, 0xf14      x14=00000003
20205673ns          334005 1c008d30 00779793 slli             x15, x15, 0x7       x15=00000000 x15:00000000
20205693ns          334006 1c008d32 00371713 slli             x14, x14, 0x3       x14=00000018 x14:00000003
20205714ns          334007 1c008d34 0ff57513 andi             x10, x10, 255       x10=00000065 x10:00000065
20205734ns          334008 1c008d38 ee873733 p.bclr           x14, x14, 23, 8     x14=00000018 x14:00000018
20205754ns          334009 1c008d3c 00d787b3 add              x15, x15, x13       x15=1a10f000 x15:00000000 x13:1a10f000
20205774ns          334010 1c008d3e 00a767a3 p.sw             x10, x0(x14)        x10:00000065 x14:00000018  PA:1a10f018
20206098ns          334026 1c008d42 00000513 addi             x10, x0, 0          x10=00000000
20206118ns          334027 1c008d44 00008067 jalr             x0, x1, 0            x1:1c008de0
20206159ns          334029 1c008de0 15f52063 p.beqimm         x10, 320            x10:00000000
20206179ns          334030 1c008de4 001a8a93 addi             x21, x21, 1         x21=00000006 x21:00000005
20206199ns          334031 1c008de6 00800d33 add              x26, x0, x8         x26=1c00098a  x8:1c00098a
20206220ns          334032 1c008de8 000d4503 lbu              x10, 0(x26)         x10=00000064 x26:1c00098a  PA:1c00098a
20206523ns          334047 1c008dec 001d0413 addi             x8, x26, 1           x8=1c00098b x26:1c00098a
20206543ns          334048 1c008df0 0c050b63 beq              x10, x0, 214        x10:00000064
20206564ns          334049 1c008df2 02500793 addi             x15, x0, 37         x15=00000025
20206584ns          334050 1c008df6 fef513e3 bne              x10, x15, -26       x10:00000064 x15:00000025
20206645ns          334053 1c008ddc 017005b3 add              x11, x0, x23        x11=00000002 x23:00000002
20206665ns          334054 1c008dde 000980e7 jalr             x1, x19, 0           x1=1c008de0 x19:1c008d20
20206705ns          334056 1c008d20 f14027f3 csrrs            x15, x0, 0xf14      x15=00000003
20206726ns          334057 1c008d24 1a10f6b7 lui              x13, 0x1a10f000     x13=1a10f000
20206746ns          334058 1c008d28 ca5797b3 p.extractu       x15, x15, 5, 5      x15=00000000 x15:00000003
20206766ns          334059 1c008d2c f1402773 csrrs            x14, x0, 0xf14      x14=00000003
20206786ns          334060 1c008d30 00779793 slli             x15, x15, 0x7       x15=00000000 x15:00000000
20206807ns          334061 1c008d32 00371713 slli             x14, x14, 0x3       x14=00000018 x14:00000003
20206827ns          334062 1c008d34 0ff57513 andi             x10, x10, 255       x10=00000064 x10:00000064
20206847ns          334063 1c008d38 ee873733 p.bclr           x14, x14, 23, 8     x14=00000018 x14:00000018
20206867ns          334064 1c008d3c 00d787b3 add              x15, x15, x13       x15=1a10f000 x15:00000000 x13:1a10f000
20206888ns          334065 1c008d3e 00a767a3 p.sw             x10, x0(x14)        x10:00000064 x14:00000018  PA:1a10f018
20207211ns          334081 1c008d42 00000513 addi             x10, x0, 0          x10=00000000
20207232ns          334082 1c008d44 00008067 jalr             x0, x1, 0            x1:1c008de0
20207272ns          334084 1c008de0 15f52063 p.beqimm         x10, 320            x10:00000000
20207292ns          334085 1c008de4 001a8a93 addi             x21, x21, 1         x21=00000007 x21:00000006
20207313ns          334086 1c008de6 00800d33 add              x26, x0, x8         x26=1c00098b  x8:1c00098b
20207333ns          334087 1c008de8 000d4503 lbu              x10, 0(x26)         x10=00000020 x26:1c00098b  PA:1c00098b
20207636ns          334102 1c008dec 001d0413 addi             x8, x26, 1           x8=1c00098c x26:1c00098b
20207657ns          334103 1c008df0 0c050b63 beq              x10, x0, 214        x10:00000020
20207677ns          334104 1c008df2 02500793 addi             x15, x0, 37         x15=00000025
20207697ns          334105 1c008df6 fef513e3 bne              x10, x15, -26       x10:00000020 x15:00000025
20207758ns          334108 1c008ddc 017005b3 add              x11, x0, x23        x11=00000002 x23:00000002
20207778ns          334109 1c008dde 000980e7 jalr             x1, x19, 0           x1=1c008de0 x19:1c008d20
20207819ns          334111 1c008d20 f14027f3 csrrs            x15, x0, 0xf14      x15=00000003
20207839ns          334112 1c008d24 1a10f6b7 lui              x13, 0x1a10f000     x13=1a10f000
20207859ns          334113 1c008d28 ca5797b3 p.extractu       x15, x15, 5, 5      x15=00000000 x15:00000003
20207879ns          334114 1c008d2c f1402773 csrrs            x14, x0, 0xf14      x14=00000003
20207900ns          334115 1c008d30 00779793 slli             x15, x15, 0x7       x15=00000000 x15:00000000
20207920ns          334116 1c008d32 00371713 slli             x14, x14, 0x3       x14=00000018 x14:00000003
20207940ns          334117 1c008d34 0ff57513 andi             x10, x10, 255       x10=00000020 x10:00000020
20207960ns          334118 1c008d38 ee873733 p.bclr           x14, x14, 23, 8     x14=00000018 x14:00000018
20207980ns          334119 1c008d3c 00d787b3 add              x15, x15, x13       x15=1a10f000 x15:00000000 x13:1a10f000
20208001ns          334120 1c008d3e 00a767a3 p.sw             x10, x0(x14)        x10:00000020 x14:00000018  PA:1a10f018
20208325ns          334136 1c008d42 00000513 addi             x10, x0, 0          x10=00000000
20208345ns          334137 1c008d44 00008067 jalr             x0, x1, 0            x1:1c008de0
20208385ns          334139 1c008de0 15f52063 p.beqimm         x10, 320            x10:00000000
20208406ns          334140 1c008de4 001a8a93 addi             x21, x21, 1         x21=00000008 x21:00000007
20208426ns          334141 1c008de6 00800d33 add              x26, x0, x8         x26=1c00098c  x8:1c00098c
20208446ns          334142 1c008de8 000d4503 lbu              x10, 0(x26)         x10=00000063 x26:1c00098c  PA:1c00098c
20208750ns          334157 1c008dec 001d0413 addi             x8, x26, 1           x8=1c00098d x26:1c00098c
20208770ns          334158 1c008df0 0c050b63 beq              x10, x0, 214        x10:00000063
20208790ns          334159 1c008df2 02500793 addi             x15, x0, 37         x15=00000025
20208810ns          334160 1c008df6 fef513e3 bne              x10, x15, -26       x10:00000063 x15:00000025
20208871ns          334163 1c008ddc 017005b3 add              x11, x0, x23        x11=00000002 x23:00000002
20208891ns          334164 1c008dde 000980e7 jalr             x1, x19, 0           x1=1c008de0 x19:1c008d20
20208932ns          334166 1c008d20 f14027f3 csrrs            x15, x0, 0xf14      x15=00000003
20208952ns          334167 1c008d24 1a10f6b7 lui              x13, 0x1a10f000     x13=1a10f000
20208972ns          334168 1c008d28 ca5797b3 p.extractu       x15, x15, 5, 5      x15=00000000 x15:00000003
20208992ns          334169 1c008d2c f1402773 csrrs            x14, x0, 0xf14      x14=00000003
20209013ns          334170 1c008d30 00779793 slli             x15, x15, 0x7       x15=00000000 x15:00000000
20209033ns          334171 1c008d32 00371713 slli             x14, x14, 0x3       x14=00000018 x14:00000003
20209053ns          334172 1c008d34 0ff57513 andi             x10, x10, 255       x10=00000063 x10:00000063
20209073ns          334173 1c008d38 ee873733 p.bclr           x14, x14, 23, 8     x14=00000018 x14:00000018
20209094ns          334174 1c008d3c 00d787b3 add              x15, x15, x13       x15=1a10f000 x15:00000000 x13:1a10f000
20209114ns          334175 1c008d3e 00a767a3 p.sw             x10, x0(x14)        x10:00000063 x14:00000018  PA:1a10f018
20209438ns          334191 1c008d42 00000513 addi             x10, x0, 0          x10=00000000
20209458ns          334192 1c008d44 00008067 jalr             x0, x1, 0            x1:1c008de0
20209498ns          334194 1c008de0 15f52063 p.beqimm         x10, 320            x10:00000000
20209519ns          334195 1c008de4 001a8a93 addi             x21, x21, 1         x21=00000009 x21:00000008
20209539ns          334196 1c008de6 00800d33 add              x26, x0, x8         x26=1c00098d  x8:1c00098d
20209559ns          334197 1c008de8 000d4503 lbu              x10, 0(x26)         x10=0000006c x26:1c00098d  PA:1c00098d
20209863ns          334212 1c008dec 001d0413 addi             x8, x26, 1           x8=1c00098e x26:1c00098d
20209883ns          334213 1c008df0 0c050b63 beq              x10, x0, 214        x10:0000006c
20209903ns          334214 1c008df2 02500793 addi             x15, x0, 37         x15=00000025
20209924ns          334215 1c008df6 fef513e3 bne              x10, x15, -26       x10:0000006c x15:00000025
20209984ns          334218 1c008ddc 017005b3 add              x11, x0, x23        x11=00000002 x23:00000002
20210004ns          334219 1c008dde 000980e7 jalr             x1, x19, 0           x1=1c008de0 x19:1c008d20
20210045ns          334221 1c008d20 f14027f3 csrrs            x15, x0, 0xf14      x15=00000003
20210065ns          334222 1c008d24 1a10f6b7 lui              x13, 0x1a10f000     x13=1a10f000
20210085ns          334223 1c008d28 ca5797b3 p.extractu       x15, x15, 5, 5      x15=00000000 x15:00000003
20210106ns          334224 1c008d2c f1402773 csrrs            x14, x0, 0xf14      x14=00000003
20210126ns          334225 1c008d30 00779793 slli             x15, x15, 0x7       x15=00000000 x15:00000000
20210146ns          334226 1c008d32 00371713 slli             x14, x14, 0x3       x14=00000018 x14:00000003
20210166ns          334227 1c008d34 0ff57513 andi             x10, x10, 255       x10=0000006c x10:0000006c
20210187ns          334228 1c008d38 ee873733 p.bclr           x14, x14, 23, 8     x14=00000018 x14:00000018
20210207ns          334229 1c008d3c 00d787b3 add              x15, x15, x13       x15=1a10f000 x15:00000000 x13:1a10f000
20210227ns          334230 1c008d3e 00a767a3 p.sw             x10, x0(x14)        x10:0000006c x14:00000018  PA:1a10f018
20210551ns          334246 1c008d42 00000513 addi             x10, x0, 0          x10=00000000
20210571ns          334247 1c008d44 00008067 jalr             x0, x1, 0            x1:1c008de0
20210612ns          334249 1c008de0 15f52063 p.beqimm         x10, 320            x10:00000000
20210632ns          334250 1c008de4 001a8a93 addi             x21, x21, 1         x21=0000000a x21:00000009
20210652ns          334251 1c008de6 00800d33 add              x26, x0, x8         x26=1c00098e  x8:1c00098e
20210672ns          334252 1c008de8 000d4503 lbu              x10, 0(x26)         x10=00000075 x26:1c00098e  PA:1c00098e
20210976ns          334267 1c008dec 001d0413 addi             x8, x26, 1           x8=1c00098f x26:1c00098e
20210996ns          334268 1c008df0 0c050b63 beq              x10, x0, 214        x10:00000075
20211016ns          334269 1c008df2 02500793 addi             x15, x0, 37         x15=00000025
20211037ns          334270 1c008df6 fef513e3 bne              x10, x15, -26       x10:00000075 x15:00000025
20211097ns          334273 1c008ddc 017005b3 add              x11, x0, x23        x11=00000002 x23:00000002
20211118ns          334274 1c008dde 000980e7 jalr             x1, x19, 0           x1=1c008de0 x19:1c008d20
20211158ns          334276 1c008d20 f14027f3 csrrs            x15, x0, 0xf14      x15=00000003
20211178ns          334277 1c008d24 1a10f6b7 lui              x13, 0x1a10f000     x13=1a10f000
20211199ns          334278 1c008d28 ca5797b3 p.extractu       x15, x15, 5, 5      x15=00000000 x15:00000003
20211219ns          334279 1c008d2c f1402773 csrrs            x14, x0, 0xf14      x14=00000003
20211239ns          334280 1c008d30 00779793 slli             x15, x15, 0x7       x15=00000000 x15:00000000
20211259ns          334281 1c008d32 00371713 slli             x14, x14, 0x3       x14=00000018 x14:00000003
20211280ns          334282 1c008d34 0ff57513 andi             x10, x10, 255       x10=00000075 x10:00000075
20211300ns          334283 1c008d38 ee873733 p.bclr           x14, x14, 23, 8     x14=00000018 x14:00000018
20211320ns          334284 1c008d3c 00d787b3 add              x15, x15, x13       x15=1a10f000 x15:00000000 x13:1a10f000
20211340ns          334285 1c008d3e 00a767a3 p.sw             x10, x0(x14)        x10:00000075 x14:00000018  PA:1a10f018
20211664ns          334301 1c008d42 00000513 addi             x10, x0, 0          x10=00000000
20211684ns          334302 1c008d44 00008067 jalr             x0, x1, 0            x1:1c008de0
20211725ns          334304 1c008de0 15f52063 p.beqimm         x10, 320            x10:00000000
20211745ns          334305 1c008de4 001a8a93 addi             x21, x21, 1         x21=0000000b x21:0000000a
20211765ns          334306 1c008de6 00800d33 add              x26, x0, x8         x26=1c00098f  x8:1c00098f
20211786ns          334307 1c008de8 000d4503 lbu              x10, 0(x26)         x10=00000073 x26:1c00098f  PA:1c00098f
20212089ns          334322 1c008dec 001d0413 addi             x8, x26, 1           x8=1c000990 x26:1c00098f
20212109ns          334323 1c008df0 0c050b63 beq              x10, x0, 214        x10:00000073
20212130ns          334324 1c008df2 02500793 addi             x15, x0, 37         x15=00000025
20212150ns          334325 1c008df6 fef513e3 bne              x10, x15, -26       x10:00000073 x15:00000025
20212211ns          334328 1c008ddc 017005b3 add              x11, x0, x23        x11=00000002 x23:00000002
20212231ns          334329 1c008dde 000980e7 jalr             x1, x19, 0           x1=1c008de0 x19:1c008d20
20212271ns          334331 1c008d20 f14027f3 csrrs            x15, x0, 0xf14      x15=00000003
20212292ns          334332 1c008d24 1a10f6b7 lui              x13, 0x1a10f000     x13=1a10f000
20212312ns          334333 1c008d28 ca5797b3 p.extractu       x15, x15, 5, 5      x15=00000000 x15:00000003
20212332ns          334334 1c008d2c f1402773 csrrs            x14, x0, 0xf14      x14=00000003
20212352ns          334335 1c008d30 00779793 slli             x15, x15, 0x7       x15=00000000 x15:00000000
20212373ns          334336 1c008d32 00371713 slli             x14, x14, 0x3       x14=00000018 x14:00000003
20212393ns          334337 1c008d34 0ff57513 andi             x10, x10, 255       x10=00000073 x10:00000073
20212413ns          334338 1c008d38 ee873733 p.bclr           x14, x14, 23, 8     x14=00000018 x14:00000018
20212433ns          334339 1c008d3c 00d787b3 add              x15, x15, x13       x15=1a10f000 x15:00000000 x13:1a10f000
20212454ns          334340 1c008d3e 00a767a3 p.sw             x10, x0(x14)        x10:00000073 x14:00000018  PA:1a10f018
20212777ns          334356 1c008d42 00000513 addi             x10, x0, 0          x10=00000000
20212798ns          334357 1c008d44 00008067 jalr             x0, x1, 0            x1:1c008de0
20212838ns          334359 1c008de0 15f52063 p.beqimm         x10, 320            x10:00000000
20212858ns          334360 1c008de4 001a8a93 addi             x21, x21, 1         x21=0000000c x21:0000000b
20212879ns          334361 1c008de6 00800d33 add              x26, x0, x8         x26=1c000990  x8:1c000990
20212899ns          334362 1c008de8 000d4503 lbu              x10, 0(x26)         x10=00000074 x26:1c000990  PA:1c000990
20213202ns          334377 1c008dec 001d0413 addi             x8, x26, 1           x8=1c000991 x26:1c000990
20213223ns          334378 1c008df0 0c050b63 beq              x10, x0, 214        x10:00000074
20213243ns          334379 1c008df2 02500793 addi             x15, x0, 37         x15=00000025
20213263ns          334380 1c008df6 fef513e3 bne              x10, x15, -26       x10:00000074 x15:00000025
20213324ns          334383 1c008ddc 017005b3 add              x11, x0, x23        x11=00000002 x23:00000002
20213344ns          334384 1c008dde 000980e7 jalr             x1, x19, 0           x1=1c008de0 x19:1c008d20
20213385ns          334386 1c008d20 f14027f3 csrrs            x15, x0, 0xf14      x15=00000003
20213405ns          334387 1c008d24 1a10f6b7 lui              x13, 0x1a10f000     x13=1a10f000
20213425ns          334388 1c008d28 ca5797b3 p.extractu       x15, x15, 5, 5      x15=00000000 x15:00000003
20213445ns          334389 1c008d2c f1402773 csrrs            x14, x0, 0xf14      x14=00000003
20213466ns          334390 1c008d30 00779793 slli             x15, x15, 0x7       x15=00000000 x15:00000000
20213486ns          334391 1c008d32 00371713 slli             x14, x14, 0x3       x14=00000018 x14:00000003
20213506ns          334392 1c008d34 0ff57513 andi             x10, x10, 255       x10=00000074 x10:00000074
20213526ns          334393 1c008d38 ee873733 p.bclr           x14, x14, 23, 8     x14=00000018 x14:00000018
20213546ns          334394 1c008d3c 00d787b3 add              x15, x15, x13       x15=1a10f000 x15:00000000 x13:1a10f000
20213567ns          334395 1c008d3e 00a767a3 p.sw             x10, x0(x14)        x10:00000074 x14:00000018  PA:1a10f018
20213891ns          334411 1c008d42 00000513 addi             x10, x0, 0          x10=00000000
20213911ns          334412 1c008d44 00008067 jalr             x0, x1, 0            x1:1c008de0
20213951ns          334414 1c008de0 15f52063 p.beqimm         x10, 320            x10:00000000
20213972ns          334415 1c008de4 001a8a93 addi             x21, x21, 1         x21=0000000d x21:0000000c
20213992ns          334416 1c008de6 00800d33 add              x26, x0, x8         x26=1c000991  x8:1c000991
20214012ns          334417 1c008de8 000d4503 lbu              x10, 0(x26)         x10=00000065 x26:1c000991  PA:1c000991
20214316ns          334432 1c008dec 001d0413 addi             x8, x26, 1           x8=1c000992 x26:1c000991
20214336ns          334433 1c008df0 0c050b63 beq              x10, x0, 214        x10:00000065
20214356ns          334434 1c008df2 02500793 addi             x15, x0, 37         x15=00000025
20214376ns          334435 1c008df6 fef513e3 bne              x10, x15, -26       x10:00000065 x15:00000025
20214437ns          334438 1c008ddc 017005b3 add              x11, x0, x23        x11=00000002 x23:00000002
20214457ns          334439 1c008dde 000980e7 jalr             x1, x19, 0           x1=1c008de0 x19:1c008d20
20214498ns          334441 1c008d20 f14027f3 csrrs            x15, x0, 0xf14      x15=00000003
20214518ns          334442 1c008d24 1a10f6b7 lui              x13, 0x1a10f000     x13=1a10f000
20214538ns          334443 1c008d28 ca5797b3 p.extractu       x15, x15, 5, 5      x15=00000000 x15:00000003
20214558ns          334444 1c008d2c f1402773 csrrs            x14, x0, 0xf14      x14=00000003
20214579ns          334445 1c008d30 00779793 slli             x15, x15, 0x7       x15=00000000 x15:00000000
20214599ns          334446 1c008d32 00371713 slli             x14, x14, 0x3       x14=00000018 x14:00000003
20214619ns          334447 1c008d34 0ff57513 andi             x10, x10, 255       x10=00000065 x10:00000065
20214639ns          334448 1c008d38 ee873733 p.bclr           x14, x14, 23, 8     x14=00000018 x14:00000018
20214660ns          334449 1c008d3c 00d787b3 add              x15, x15, x13       x15=1a10f000 x15:00000000 x13:1a10f000
20214680ns          334450 1c008d3e 00a767a3 p.sw             x10, x0(x14)        x10:00000065 x14:00000018  PA:1a10f018
20215004ns          334466 1c008d42 00000513 addi             x10, x0, 0          x10=00000000
20215024ns          334467 1c008d44 00008067 jalr             x0, x1, 0            x1:1c008de0
20215064ns          334469 1c008de0 15f52063 p.beqimm         x10, 320            x10:00000000
20215085ns          334470 1c008de4 001a8a93 addi             x21, x21, 1         x21=0000000e x21:0000000d
20215105ns          334471 1c008de6 00800d33 add              x26, x0, x8         x26=1c000992  x8:1c000992
20215125ns          334472 1c008de8 000d4503 lbu              x10, 0(x26)         x10=00000072 x26:1c000992  PA:1c000992
20215429ns          334487 1c008dec 001d0413 addi             x8, x26, 1           x8=1c000993 x26:1c000992
20215449ns          334488 1c008df0 0c050b63 beq              x10, x0, 214        x10:00000072
20215469ns          334489 1c008df2 02500793 addi             x15, x0, 37         x15=00000025
20215490ns          334490 1c008df6 fef513e3 bne              x10, x15, -26       x10:00000072 x15:00000025
20215550ns          334493 1c008ddc 017005b3 add              x11, x0, x23        x11=00000002 x23:00000002
20215570ns          334494 1c008dde 000980e7 jalr             x1, x19, 0           x1=1c008de0 x19:1c008d20
20215611ns          334496 1c008d20 f14027f3 csrrs            x15, x0, 0xf14      x15=00000003
20215631ns          334497 1c008d24 1a10f6b7 lui              x13, 0x1a10f000     x13=1a10f000
20215651ns          334498 1c008d28 ca5797b3 p.extractu       x15, x15, 5, 5      x15=00000000 x15:00000003
20215672ns          334499 1c008d2c f1402773 csrrs            x14, x0, 0xf14      x14=00000003
20215692ns          334500 1c008d30 00779793 slli             x15, x15, 0x7       x15=00000000 x15:00000000
20215712ns          334501 1c008d32 00371713 slli             x14, x14, 0x3       x14=00000018 x14:00000003
20215732ns          334502 1c008d34 0ff57513 andi             x10, x10, 255       x10=00000072 x10:00000072
20215753ns          334503 1c008d38 ee873733 p.bclr           x14, x14, 23, 8     x14=00000018 x14:00000018
20215773ns          334504 1c008d3c 00d787b3 add              x15, x15, x13       x15=1a10f000 x15:00000000 x13:1a10f000
20215793ns          334505 1c008d3e 00a767a3 p.sw             x10, x0(x14)        x10:00000072 x14:00000018  PA:1a10f018
20216117ns          334521 1c008d42 00000513 addi             x10, x0, 0          x10=00000000
20216137ns          334522 1c008d44 00008067 jalr             x0, x1, 0            x1:1c008de0
20216178ns          334524 1c008de0 15f52063 p.beqimm         x10, 320            x10:00000000
20216198ns          334525 1c008de4 001a8a93 addi             x21, x21, 1         x21=0000000f x21:0000000e
20216218ns          334526 1c008de6 00800d33 add              x26, x0, x8         x26=1c000993  x8:1c000993
20216238ns          334527 1c008de8 000d4503 lbu              x10, 0(x26)         x10=00000020 x26:1c000993  PA:1c000993
20216542ns          334542 1c008dec 001d0413 addi             x8, x26, 1           x8=1c000994 x26:1c000993
20216562ns          334543 1c008df0 0c050b63 beq              x10, x0, 214        x10:00000020
20216582ns          334544 1c008df2 02500793 addi             x15, x0, 37         x15=00000025
20216603ns          334545 1c008df6 fef513e3 bne              x10, x15, -26       x10:00000020 x15:00000025
20216663ns          334548 1c008ddc 017005b3 add              x11, x0, x23        x11=00000002 x23:00000002
20216684ns          334549 1c008dde 000980e7 jalr             x1, x19, 0           x1=1c008de0 x19:1c008d20
20216724ns          334551 1c008d20 f14027f3 csrrs            x15, x0, 0xf14      x15=00000003
20216744ns          334552 1c008d24 1a10f6b7 lui              x13, 0x1a10f000     x13=1a10f000
20216765ns          334553 1c008d28 ca5797b3 p.extractu       x15, x15, 5, 5      x15=00000000 x15:00000003
20216785ns          334554 1c008d2c f1402773 csrrs            x14, x0, 0xf14      x14=00000003
20216805ns          334555 1c008d30 00779793 slli             x15, x15, 0x7       x15=00000000 x15:00000000
20216825ns          334556 1c008d32 00371713 slli             x14, x14, 0x3       x14=00000018 x14:00000003
20216846ns          334557 1c008d34 0ff57513 andi             x10, x10, 255       x10=00000020 x10:00000020
20216866ns          334558 1c008d38 ee873733 p.bclr           x14, x14, 23, 8     x14=00000018 x14:00000018
20216886ns          334559 1c008d3c 00d787b3 add              x15, x15, x13       x15=1a10f000 x15:00000000 x13:1a10f000
20216906ns          334560 1c008d3e 00a767a3 p.sw             x10, x0(x14)        x10:00000020 x14:00000018  PA:1a10f018
20217230ns          334576 1c008d42 00000513 addi             x10, x0, 0          x10=00000000
20217250ns          334577 1c008d44 00008067 jalr             x0, x1, 0            x1:1c008de0
20217291ns          334579 1c008de0 15f52063 p.beqimm         x10, 320            x10:00000000
20217311ns          334580 1c008de4 001a8a93 addi             x21, x21, 1         x21=00000010 x21:0000000f
20217331ns          334581 1c008de6 00800d33 add              x26, x0, x8         x26=1c000994  x8:1c000994
20217352ns          334582 1c008de8 000d4503 lbu              x10, 0(x26)         x10=0000006f x26:1c000994  PA:1c000994
20217655ns          334597 1c008dec 001d0413 addi             x8, x26, 1           x8=1c000995 x26:1c000994
20217675ns          334598 1c008df0 0c050b63 beq              x10, x0, 214        x10:0000006f
20217696ns          334599 1c008df2 02500793 addi             x15, x0, 37         x15=00000025
20217716ns          334600 1c008df6 fef513e3 bne              x10, x15, -26       x10:0000006f x15:00000025
20217777ns          334603 1c008ddc 017005b3 add              x11, x0, x23        x11=00000002 x23:00000002
20217797ns          334604 1c008dde 000980e7 jalr             x1, x19, 0           x1=1c008de0 x19:1c008d20
20217837ns          334606 1c008d20 f14027f3 csrrs            x15, x0, 0xf14      x15=00000003
20217858ns          334607 1c008d24 1a10f6b7 lui              x13, 0x1a10f000     x13=1a10f000
20217878ns          334608 1c008d28 ca5797b3 p.extractu       x15, x15, 5, 5      x15=00000000 x15:00000003
20217898ns          334609 1c008d2c f1402773 csrrs            x14, x0, 0xf14      x14=00000003
20217918ns          334610 1c008d30 00779793 slli             x15, x15, 0x7       x15=00000000 x15:00000000
20217939ns          334611 1c008d32 00371713 slli             x14, x14, 0x3       x14=00000018 x14:00000003
20217959ns          334612 1c008d34 0ff57513 andi             x10, x10, 255       x10=0000006f x10:0000006f
20217979ns          334613 1c008d38 ee873733 p.bclr           x14, x14, 23, 8     x14=00000018 x14:00000018
20217999ns          334614 1c008d3c 00d787b3 add              x15, x15, x13       x15=1a10f000 x15:00000000 x13:1a10f000
20218020ns          334615 1c008d3e 00a767a3 p.sw             x10, x0(x14)        x10:0000006f x14:00000018  PA:1a10f018
20218343ns          334631 1c008d42 00000513 addi             x10, x0, 0          x10=00000000
20218364ns          334632 1c008d44 00008067 jalr             x0, x1, 0            x1:1c008de0
20218404ns          334634 1c008de0 15f52063 p.beqimm         x10, 320            x10:00000000
20218424ns          334635 1c008de4 001a8a93 addi             x21, x21, 1         x21=00000011 x21:00000010
20218445ns          334636 1c008de6 00800d33 add              x26, x0, x8         x26=1c000995  x8:1c000995
20218465ns          334637 1c008de8 000d4503 lbu              x10, 0(x26)         x10=0000006e x26:1c000995  PA:1c000995
20218768ns          334652 1c008dec 001d0413 addi             x8, x26, 1           x8=1c000996 x26:1c000995
20218789ns          334653 1c008df0 0c050b63 beq              x10, x0, 214        x10:0000006e
20218809ns          334654 1c008df2 02500793 addi             x15, x0, 37         x15=00000025
20218829ns          334655 1c008df6 fef513e3 bne              x10, x15, -26       x10:0000006e x15:00000025
20218890ns          334658 1c008ddc 017005b3 add              x11, x0, x23        x11=00000002 x23:00000002
20218910ns          334659 1c008dde 000980e7 jalr             x1, x19, 0           x1=1c008de0 x19:1c008d20
20218951ns          334661 1c008d20 f14027f3 csrrs            x15, x0, 0xf14      x15=00000003
20218971ns          334662 1c008d24 1a10f6b7 lui              x13, 0x1a10f000     x13=1a10f000
20218991ns          334663 1c008d28 ca5797b3 p.extractu       x15, x15, 5, 5      x15=00000000 x15:00000003
20219011ns          334664 1c008d2c f1402773 csrrs            x14, x0, 0xf14      x14=00000003
20219032ns          334665 1c008d30 00779793 slli             x15, x15, 0x7       x15=00000000 x15:00000000
20219052ns          334666 1c008d32 00371713 slli             x14, x14, 0x3       x14=00000018 x14:00000003
20219072ns          334667 1c008d34 0ff57513 andi             x10, x10, 255       x10=0000006e x10:0000006e
20219092ns          334668 1c008d38 ee873733 p.bclr           x14, x14, 23, 8     x14=00000018 x14:00000018
20219112ns          334669 1c008d3c 00d787b3 add              x15, x15, x13       x15=1a10f000 x15:00000000 x13:1a10f000
20219133ns          334670 1c008d3e 00a767a3 p.sw             x10, x0(x14)        x10:0000006e x14:00000018  PA:1a10f018
20219457ns          334686 1c008d42 00000513 addi             x10, x0, 0          x10=00000000
20219477ns          334687 1c008d44 00008067 jalr             x0, x1, 0            x1:1c008de0
20219517ns          334689 1c008de0 15f52063 p.beqimm         x10, 320            x10:00000000
20219538ns          334690 1c008de4 001a8a93 addi             x21, x21, 1         x21=00000012 x21:00000011
20219558ns          334691 1c008de6 00800d33 add              x26, x0, x8         x26=1c000996  x8:1c000996
20219578ns          334692 1c008de8 000d4503 lbu              x10, 0(x26)         x10=00000020 x26:1c000996  PA:1c000996
20219882ns          334707 1c008dec 001d0413 addi             x8, x26, 1           x8=1c000997 x26:1c000996
20219902ns          334708 1c008df0 0c050b63 beq              x10, x0, 214        x10:00000020
20219922ns          334709 1c008df2 02500793 addi             x15, x0, 37         x15=00000025
20219942ns          334710 1c008df6 fef513e3 bne              x10, x15, -26       x10:00000020 x15:00000025
20220003ns          334713 1c008ddc 017005b3 add              x11, x0, x23        x11=00000002 x23:00000002
20220023ns          334714 1c008dde 000980e7 jalr             x1, x19, 0           x1=1c008de0 x19:1c008d20
20220064ns          334716 1c008d20 f14027f3 csrrs            x15, x0, 0xf14      x15=00000003
20220084ns          334717 1c008d24 1a10f6b7 lui              x13, 0x1a10f000     x13=1a10f000
20220104ns          334718 1c008d28 ca5797b3 p.extractu       x15, x15, 5, 5      x15=00000000 x15:00000003
20220124ns          334719 1c008d2c f1402773 csrrs            x14, x0, 0xf14      x14=00000003
20220145ns          334720 1c008d30 00779793 slli             x15, x15, 0x7       x15=00000000 x15:00000000
20220165ns          334721 1c008d32 00371713 slli             x14, x14, 0x3       x14=00000018 x14:00000003
20220185ns          334722 1c008d34 0ff57513 andi             x10, x10, 255       x10=00000020 x10:00000020
20220205ns          334723 1c008d38 ee873733 p.bclr           x14, x14, 23, 8     x14=00000018 x14:00000018
20220226ns          334724 1c008d3c 00d787b3 add              x15, x15, x13       x15=1a10f000 x15:00000000 x13:1a10f000
20220246ns          334725 1c008d3e 00a767a3 p.sw             x10, x0(x14)        x10:00000020 x14:00000018  PA:1a10f018
20220570ns          334741 1c008d42 00000513 addi             x10, x0, 0          x10=00000000
20220590ns          334742 1c008d44 00008067 jalr             x0, x1, 0            x1:1c008de0
20220630ns          334744 1c008de0 15f52063 p.beqimm         x10, 320            x10:00000000
20220651ns          334745 1c008de4 001a8a93 addi             x21, x21, 1         x21=00000013 x21:00000012
20220671ns          334746 1c008de6 00800d33 add              x26, x0, x8         x26=1c000997  x8:1c000997
20220691ns          334747 1c008de8 000d4503 lbu              x10, 0(x26)         x10=00000063 x26:1c000997  PA:1c000997
20220995ns          334762 1c008dec 001d0413 addi             x8, x26, 1           x8=1c000998 x26:1c000997
20221015ns          334763 1c008df0 0c050b63 beq              x10, x0, 214        x10:00000063
20221035ns          334764 1c008df2 02500793 addi             x15, x0, 37         x15=00000025
20221056ns          334765 1c008df6 fef513e3 bne              x10, x15, -26       x10:00000063 x15:00000025
20221116ns          334768 1c008ddc 017005b3 add              x11, x0, x23        x11=00000002 x23:00000002
20221136ns          334769 1c008dde 000980e7 jalr             x1, x19, 0           x1=1c008de0 x19:1c008d20
20221177ns          334771 1c008d20 f14027f3 csrrs            x15, x0, 0xf14      x15=00000003
20221197ns          334772 1c008d24 1a10f6b7 lui              x13, 0x1a10f000     x13=1a10f000
20221217ns          334773 1c008d28 ca5797b3 p.extractu       x15, x15, 5, 5      x15=00000000 x15:00000003
20221238ns          334774 1c008d2c f1402773 csrrs            x14, x0, 0xf14      x14=00000003
20221258ns          334775 1c008d30 00779793 slli             x15, x15, 0x7       x15=00000000 x15:00000000
20221278ns          334776 1c008d32 00371713 slli             x14, x14, 0x3       x14=00000018 x14:00000003
20221298ns          334777 1c008d34 0ff57513 andi             x10, x10, 255       x10=00000063 x10:00000063
20221319ns          334778 1c008d38 ee873733 p.bclr           x14, x14, 23, 8     x14=00000018 x14:00000018
20221339ns          334779 1c008d3c 00d787b3 add              x15, x15, x13       x15=1a10f000 x15:00000000 x13:1a10f000
20221359ns          334780 1c008d3e 00a767a3 p.sw             x10, x0(x14)        x10:00000063 x14:00000018  PA:1a10f018
20221683ns          334796 1c008d42 00000513 addi             x10, x0, 0          x10=00000000
20221703ns          334797 1c008d44 00008067 jalr             x0, x1, 0            x1:1c008de0
20221744ns          334799 1c008de0 15f52063 p.beqimm         x10, 320            x10:00000000
20221764ns          334800 1c008de4 001a8a93 addi             x21, x21, 1         x21=00000014 x21:00000013
20221784ns          334801 1c008de6 00800d33 add              x26, x0, x8         x26=1c000998  x8:1c000998
20221804ns          334802 1c008de8 000d4503 lbu              x10, 0(x26)         x10=0000006c x26:1c000998  PA:1c000998
20222108ns          334817 1c008dec 001d0413 addi             x8, x26, 1           x8=1c000999 x26:1c000998
20222128ns          334818 1c008df0 0c050b63 beq              x10, x0, 214        x10:0000006c
20222148ns          334819 1c008df2 02500793 addi             x15, x0, 37         x15=00000025
20222169ns          334820 1c008df6 fef513e3 bne              x10, x15, -26       x10:0000006c x15:00000025
20222229ns          334823 1c008ddc 017005b3 add              x11, x0, x23        x11=00000002 x23:00000002
20222250ns          334824 1c008dde 000980e7 jalr             x1, x19, 0           x1=1c008de0 x19:1c008d20
20222290ns          334826 1c008d20 f14027f3 csrrs            x15, x0, 0xf14      x15=00000003
20222310ns          334827 1c008d24 1a10f6b7 lui              x13, 0x1a10f000     x13=1a10f000
20222331ns          334828 1c008d28 ca5797b3 p.extractu       x15, x15, 5, 5      x15=00000000 x15:00000003
20222351ns          334829 1c008d2c f1402773 csrrs            x14, x0, 0xf14      x14=00000003
20222371ns          334830 1c008d30 00779793 slli             x15, x15, 0x7       x15=00000000 x15:00000000
20222391ns          334831 1c008d32 00371713 slli             x14, x14, 0x3       x14=00000018 x14:00000003
20222412ns          334832 1c008d34 0ff57513 andi             x10, x10, 255       x10=0000006c x10:0000006c
20222432ns          334833 1c008d38 ee873733 p.bclr           x14, x14, 23, 8     x14=00000018 x14:00000018
20222452ns          334834 1c008d3c 00d787b3 add              x15, x15, x13       x15=1a10f000 x15:00000000 x13:1a10f000
20222472ns          334835 1c008d3e 00a767a3 p.sw             x10, x0(x14)        x10:0000006c x14:00000018  PA:1a10f018
20222796ns          334851 1c008d42 00000513 addi             x10, x0, 0          x10=00000000
20222816ns          334852 1c008d44 00008067 jalr             x0, x1, 0            x1:1c008de0
20222857ns          334854 1c008de0 15f52063 p.beqimm         x10, 320            x10:00000000
20222877ns          334855 1c008de4 001a8a93 addi             x21, x21, 1         x21=00000015 x21:00000014
20222897ns          334856 1c008de6 00800d33 add              x26, x0, x8         x26=1c000999  x8:1c000999
20222918ns          334857 1c008de8 000d4503 lbu              x10, 0(x26)         x10=00000075 x26:1c000999  PA:1c000999
20223221ns          334872 1c008dec 001d0413 addi             x8, x26, 1           x8=1c00099a x26:1c000999
20223241ns          334873 1c008df0 0c050b63 beq              x10, x0, 214        x10:00000075
20223262ns          334874 1c008df2 02500793 addi             x15, x0, 37         x15=00000025
20223282ns          334875 1c008df6 fef513e3 bne              x10, x15, -26       x10:00000075 x15:00000025
20223343ns          334878 1c008ddc 017005b3 add              x11, x0, x23        x11=00000002 x23:00000002
20223363ns          334879 1c008dde 000980e7 jalr             x1, x19, 0           x1=1c008de0 x19:1c008d20
20223403ns          334881 1c008d20 f14027f3 csrrs            x15, x0, 0xf14      x15=00000003
20223424ns          334882 1c008d24 1a10f6b7 lui              x13, 0x1a10f000     x13=1a10f000
20223444ns          334883 1c008d28 ca5797b3 p.extractu       x15, x15, 5, 5      x15=00000000 x15:00000003
20223464ns          334884 1c008d2c f1402773 csrrs            x14, x0, 0xf14      x14=00000003
20223484ns          334885 1c008d30 00779793 slli             x15, x15, 0x7       x15=00000000 x15:00000000
20223505ns          334886 1c008d32 00371713 slli             x14, x14, 0x3       x14=00000018 x14:00000003
20223525ns          334887 1c008d34 0ff57513 andi             x10, x10, 255       x10=00000075 x10:00000075
20223545ns          334888 1c008d38 ee873733 p.bclr           x14, x14, 23, 8     x14=00000018 x14:00000018
20223565ns          334889 1c008d3c 00d787b3 add              x15, x15, x13       x15=1a10f000 x15:00000000 x13:1a10f000
20223586ns          334890 1c008d3e 00a767a3 p.sw             x10, x0(x14)        x10:00000075 x14:00000018  PA:1a10f018
20223909ns          334906 1c008d42 00000513 addi             x10, x0, 0          x10=00000000
20223930ns          334907 1c008d44 00008067 jalr             x0, x1, 0            x1:1c008de0
20223970ns          334909 1c008de0 15f52063 p.beqimm         x10, 320            x10:00000000
20223990ns          334910 1c008de4 001a8a93 addi             x21, x21, 1         x21=00000016 x21:00000015
20224011ns          334911 1c008de6 00800d33 add              x26, x0, x8         x26=1c00099a  x8:1c00099a
20224031ns          334912 1c008de8 000d4503 lbu              x10, 0(x26)         x10=00000073 x26:1c00099a  PA:1c00099a
20224334ns          334927 1c008dec 001d0413 addi             x8, x26, 1           x8=1c00099b x26:1c00099a
20224355ns          334928 1c008df0 0c050b63 beq              x10, x0, 214        x10:00000073
20224375ns          334929 1c008df2 02500793 addi             x15, x0, 37         x15=00000025
20224395ns          334930 1c008df6 fef513e3 bne              x10, x15, -26       x10:00000073 x15:00000025
20224456ns          334933 1c008ddc 017005b3 add              x11, x0, x23        x11=00000002 x23:00000002
20224476ns          334934 1c008dde 000980e7 jalr             x1, x19, 0           x1=1c008de0 x19:1c008d20
20224517ns          334936 1c008d20 f14027f3 csrrs            x15, x0, 0xf14      x15=00000003
20224537ns          334937 1c008d24 1a10f6b7 lui              x13, 0x1a10f000     x13=1a10f000
20224557ns          334938 1c008d28 ca5797b3 p.extractu       x15, x15, 5, 5      x15=00000000 x15:00000003
20224577ns          334939 1c008d2c f1402773 csrrs            x14, x0, 0xf14      x14=00000003
20224598ns          334940 1c008d30 00779793 slli             x15, x15, 0x7       x15=00000000 x15:00000000
20224618ns          334941 1c008d32 00371713 slli             x14, x14, 0x3       x14=00000018 x14:00000003
20224638ns          334942 1c008d34 0ff57513 andi             x10, x10, 255       x10=00000073 x10:00000073
20224658ns          334943 1c008d38 ee873733 p.bclr           x14, x14, 23, 8     x14=00000018 x14:00000018
20224678ns          334944 1c008d3c 00d787b3 add              x15, x15, x13       x15=1a10f000 x15:00000000 x13:1a10f000
20224699ns          334945 1c008d3e 00a767a3 p.sw             x10, x0(x14)        x10:00000073 x14:00000018  PA:1a10f018
20225023ns          334961 1c008d42 00000513 addi             x10, x0, 0          x10=00000000
20225043ns          334962 1c008d44 00008067 jalr             x0, x1, 0            x1:1c008de0
20225083ns          334964 1c008de0 15f52063 p.beqimm         x10, 320            x10:00000000
20225104ns          334965 1c008de4 001a8a93 addi             x21, x21, 1         x21=00000017 x21:00000016
20225124ns          334966 1c008de6 00800d33 add              x26, x0, x8         x26=1c00099b  x8:1c00099b
20225144ns          334967 1c008de8 000d4503 lbu              x10, 0(x26)         x10=00000074 x26:1c00099b  PA:1c00099b
20225448ns          334982 1c008dec 001d0413 addi             x8, x26, 1           x8=1c00099c x26:1c00099b
20225468ns          334983 1c008df0 0c050b63 beq              x10, x0, 214        x10:00000074
20225488ns          334984 1c008df2 02500793 addi             x15, x0, 37         x15=00000025
20225508ns          334985 1c008df6 fef513e3 bne              x10, x15, -26       x10:00000074 x15:00000025
20225569ns          334988 1c008ddc 017005b3 add              x11, x0, x23        x11=00000002 x23:00000002
20225589ns          334989 1c008dde 000980e7 jalr             x1, x19, 0           x1=1c008de0 x19:1c008d20
20225630ns          334991 1c008d20 f14027f3 csrrs            x15, x0, 0xf14      x15=00000003
20225650ns          334992 1c008d24 1a10f6b7 lui              x13, 0x1a10f000     x13=1a10f000
20225670ns          334993 1c008d28 ca5797b3 p.extractu       x15, x15, 5, 5      x15=00000000 x15:00000003
20225690ns          334994 1c008d2c f1402773 csrrs            x14, x0, 0xf14      x14=00000003
20225711ns          334995 1c008d30 00779793 slli             x15, x15, 0x7       x15=00000000 x15:00000000
20225731ns          334996 1c008d32 00371713 slli             x14, x14, 0x3       x14=00000018 x14:00000003
20225751ns          334997 1c008d34 0ff57513 andi             x10, x10, 255       x10=00000074 x10:00000074
20225771ns          334998 1c008d38 ee873733 p.bclr           x14, x14, 23, 8     x14=00000018 x14:00000018
20225792ns          334999 1c008d3c 00d787b3 add              x15, x15, x13       x15=1a10f000 x15:00000000 x13:1a10f000
20225812ns          335000 1c008d3e 00a767a3 p.sw             x10, x0(x14)        x10:00000074 x14:00000018  PA:1a10f018
20226136ns          335016 1c008d42 00000513 addi             x10, x0, 0          x10=00000000
20226156ns          335017 1c008d44 00008067 jalr             x0, x1, 0            x1:1c008de0
20226196ns          335019 1c008de0 15f52063 p.beqimm         x10, 320            x10:00000000
20226217ns          335020 1c008de4 001a8a93 addi             x21, x21, 1         x21=00000018 x21:00000017
20226237ns          335021 1c008de6 00800d33 add              x26, x0, x8         x26=1c00099c  x8:1c00099c
20226257ns          335022 1c008de8 000d4503 lbu              x10, 0(x26)         x10=00000065 x26:1c00099c  PA:1c00099c
20226581ns          335038 1c008dec 001d0413 addi             x8, x26, 1           x8=1c00099d x26:1c00099c
20226601ns          335039 1c008df0 0c050b63 beq              x10, x0, 214        x10:00000065
20226622ns          335040 1c008df2 02500793 addi             x15, x0, 37         x15=00000025
20226642ns          335041 1c008df6 fef513e3 bne              x10, x15, -26       x10:00000065 x15:00000025
20226702ns          335044 1c008ddc 017005b3 add              x11, x0, x23        x11=00000002 x23:00000002
20226723ns          335045 1c008dde 000980e7 jalr             x1, x19, 0           x1=1c008de0 x19:1c008d20
20226763ns          335047 1c008d20 f14027f3 csrrs            x15, x0, 0xf14      x15=00000003
20226783ns          335048 1c008d24 1a10f6b7 lui              x13, 0x1a10f000     x13=1a10f000
20226804ns          335049 1c008d28 ca5797b3 p.extractu       x15, x15, 5, 5      x15=00000000 x15:00000003
20226824ns          335050 1c008d2c f1402773 csrrs            x14, x0, 0xf14      x14=00000003
20226844ns          335051 1c008d30 00779793 slli             x15, x15, 0x7       x15=00000000 x15:00000000
20226864ns          335052 1c008d32 00371713 slli             x14, x14, 0x3       x14=00000018 x14:00000003
20226885ns          335053 1c008d34 0ff57513 andi             x10, x10, 255       x10=00000065 x10:00000065
20226905ns          335054 1c008d38 ee873733 p.bclr           x14, x14, 23, 8     x14=00000018 x14:00000018
20226925ns          335055 1c008d3c 00d787b3 add              x15, x15, x13       x15=1a10f000 x15:00000000 x13:1a10f000
20226945ns          335056 1c008d3e 00a767a3 p.sw             x10, x0(x14)        x10:00000065 x14:00000018  PA:1a10f018
20227269ns          335072 1c008d42 00000513 addi             x10, x0, 0          x10=00000000
20227289ns          335073 1c008d44 00008067 jalr             x0, x1, 0            x1:1c008de0
20227330ns          335075 1c008de0 15f52063 p.beqimm         x10, 320            x10:00000000
20227350ns          335076 1c008de4 001a8a93 addi             x21, x21, 1         x21=00000019 x21:00000018
20227370ns          335077 1c008de6 00800d33 add              x26, x0, x8         x26=1c00099d  x8:1c00099d
20227391ns          335078 1c008de8 000d4503 lbu              x10, 0(x26)         x10=00000072 x26:1c00099d  PA:1c00099d
20227714ns          335094 1c008dec 001d0413 addi             x8, x26, 1           x8=1c00099e x26:1c00099d
20227735ns          335095 1c008df0 0c050b63 beq              x10, x0, 214        x10:00000072
20227755ns          335096 1c008df2 02500793 addi             x15, x0, 37         x15=00000025
20227775ns          335097 1c008df6 fef513e3 bne              x10, x15, -26       x10:00000072 x15:00000025
20227836ns          335100 1c008ddc 017005b3 add              x11, x0, x23        x11=00000002 x23:00000002
20227856ns          335101 1c008dde 000980e7 jalr             x1, x19, 0           x1=1c008de0 x19:1c008d20
20227897ns          335103 1c008d20 f14027f3 csrrs            x15, x0, 0xf14      x15=00000003
20227917ns          335104 1c008d24 1a10f6b7 lui              x13, 0x1a10f000     x13=1a10f000
20227937ns          335105 1c008d28 ca5797b3 p.extractu       x15, x15, 5, 5      x15=00000000 x15:00000003
20227957ns          335106 1c008d2c f1402773 csrrs            x14, x0, 0xf14      x14=00000003
20227978ns          335107 1c008d30 00779793 slli             x15, x15, 0x7       x15=00000000 x15:00000000
20227998ns          335108 1c008d32 00371713 slli             x14, x14, 0x3       x14=00000018 x14:00000003
20228018ns          335109 1c008d34 0ff57513 andi             x10, x10, 255       x10=00000072 x10:00000072
20228038ns          335110 1c008d38 ee873733 p.bclr           x14, x14, 23, 8     x14=00000018 x14:00000018
20228059ns          335111 1c008d3c 00d787b3 add              x15, x15, x13       x15=1a10f000 x15:00000000 x13:1a10f000
20228079ns          335112 1c008d3e 00a767a3 p.sw             x10, x0(x14)        x10:00000072 x14:00000018  PA:1a10f018
20228403ns          335128 1c008d42 00000513 addi             x10, x0, 0          x10=00000000
20228423ns          335129 1c008d44 00008067 jalr             x0, x1, 0            x1:1c008de0
20228463ns          335131 1c008de0 15f52063 p.beqimm         x10, 320            x10:00000000
20228484ns          335132 1c008de4 001a8a93 addi             x21, x21, 1         x21=0000001a x21:00000019
20228504ns          335133 1c008de6 00800d33 add              x26, x0, x8         x26=1c00099e  x8:1c00099e
20228524ns          335134 1c008de8 000d4503 lbu              x10, 0(x26)         x10=00000020 x26:1c00099e  PA:1c00099e
20228848ns          335150 1c008dec 001d0413 addi             x8, x26, 1           x8=1c00099f x26:1c00099e
20228868ns          335151 1c008df0 0c050b63 beq              x10, x0, 214        x10:00000020
20228888ns          335152 1c008df2 02500793 addi             x15, x0, 37         x15=00000025
20228909ns          335153 1c008df6 fef513e3 bne              x10, x15, -26       x10:00000020 x15:00000025
20228969ns          335156 1c008ddc 017005b3 add              x11, x0, x23        x11=00000002 x23:00000002
20228990ns          335157 1c008dde 000980e7 jalr             x1, x19, 0           x1=1c008de0 x19:1c008d20
20229030ns          335159 1c008d20 f14027f3 csrrs            x15, x0, 0xf14      x15=00000003
20229050ns          335160 1c008d24 1a10f6b7 lui              x13, 0x1a10f000     x13=1a10f000
20229071ns          335161 1c008d28 ca5797b3 p.extractu       x15, x15, 5, 5      x15=00000000 x15:00000003
20229091ns          335162 1c008d2c f1402773 csrrs            x14, x0, 0xf14      x14=00000003
20229111ns          335163 1c008d30 00779793 slli             x15, x15, 0x7       x15=00000000 x15:00000000
20229131ns          335164 1c008d32 00371713 slli             x14, x14, 0x3       x14=00000018 x14:00000003
20229152ns          335165 1c008d34 0ff57513 andi             x10, x10, 255       x10=00000020 x10:00000020
20229172ns          335166 1c008d38 ee873733 p.bclr           x14, x14, 23, 8     x14=00000018 x14:00000018
20229192ns          335167 1c008d3c 00d787b3 add              x15, x15, x13       x15=1a10f000 x15:00000000 x13:1a10f000
20229212ns          335168 1c008d3e 00a767a3 p.sw             x10, x0(x14)        x10:00000020 x14:00000018  PA:1a10f018
20229536ns          335184 1c008d42 00000513 addi             x10, x0, 0          x10=00000000
20229556ns          335185 1c008d44 00008067 jalr             x0, x1, 0            x1:1c008de0
20229597ns          335187 1c008de0 15f52063 p.beqimm         x10, 320            x10:00000000
20229617ns          335188 1c008de4 001a8a93 addi             x21, x21, 1         x21=0000001b x21:0000001a
20229637ns          335189 1c008de6 00800d33 add              x26, x0, x8         x26=1c00099f  x8:1c00099f
20229658ns          335190 1c008de8 000d4503 lbu              x10, 0(x26)         x10=00000025 x26:1c00099f  PA:1c00099f
20229981ns          335206 1c008dec 001d0413 addi             x8, x26, 1           x8=1c0009a0 x26:1c00099f
20230002ns          335207 1c008df0 0c050b63 beq              x10, x0, 214        x10:00000025
20230022ns          335208 1c008df2 02500793 addi             x15, x0, 37         x15=00000025
20230042ns          335209 1c008df6 fef513e3 bne              x10, x15, -26       x10:00000025 x15:00000025
20230062ns          335210 1c008dfa 00012a23 sw               x0, 20(x2)           x2:10001338  PA:1000134c
20230083ns          335211 1c008dfc 00012823 sw               x0, 16(x2)           x2:10001338  PA:10001348
20230103ns          335212 1c008dfe 00012623 sw               x0, 12(x2)           x2:10001338  PA:10001344
20230123ns          335213 1c008e00 00012423 sw               x0, 8(x2)            x2:10001338  PA:10001340
20230143ns          335214 1c008e02 00012223 sw               x0, 4(x2)            x2:10001338  PA:1000133c
20230164ns          335215 1c008e04 02300493 addi             x9, x0, 35           x9=00000023
20230184ns          335216 1c008e08 02d00b13 addi             x22, x0, 45         x22=0000002d
20230204ns          335217 1c008e0c 00044c83 lbu              x25, 0(x8)          x25=00000064  x8:1c0009a0  PA:1c0009a0
20230649ns          335239 1c008e10 00140913 addi             x18, x8, 1          x18=1c0009a1  x8:1c0009a0
20230670ns          335240 1c008e14 019005b3 add              x11, x0, x25        x11=00000064 x25:00000064
20230690ns          335241 1c008e16 9d0c0513 addi             x10, x24, -1584     x10=1c0009d0 x24:1c001000
20230710ns          335242 1c008e1a 01200d33 add              x26, x0, x18        x26=1c0009a1 x18:1c0009a1
20230730ns          335243 1c008e1c 01900db3 add              x27, x0, x25        x27=00000064 x25:00000064
20230750ns          335244 1c008e1e e89ff0ef jal              x1, -376             x1=1c008e20
20231540ns          335283 1c008ca6 00054783 lbu              x15, 0(x10)         x15=0000002d x10:1c0009d0  PA:1c0009d0
20231843ns          335298 1c008caa 0ff5f593 andi             x11, x11, 255       x11=00000064 x11:00000064
20231965ns          335304 1c008cae 00b78c63 beq              x15, x11, 24        x15:0000002d x11:00000064
20231985ns          335305 1c008cb2 00078b63 beq              x15, x0, 22         x15:0000002d
20232005ns          335306 1c008cb4 00150793 addi             x15, x10, 1         x15=1c0009d1 x10:1c0009d0
20232026ns          335307 1c008cb8 0040006f jal              x0, 4              
20232066ns          335309 1c008cbc 00f00533 add              x10, x0, x15        x10=1c0009d1 x15:1c0009d1
20232471ns          335329 1c008cbe 0017c70b p.lbu            x14, 1(x15!)        x14=0000002b x15=1c0009d2 x15:1c0009d1  PA:1c0009d1
20232795ns          335345 1c008cc2 feb71ce3 bne              x14, x11, -8        x14:0000002b x11:00000064
20232855ns          335348 1c008cba 00070763 beq              x14, x0, 14         x14:0000002b
20232876ns          335349 1c008cbc 00f00533 add              x10, x0, x15        x10=1c0009d2 x15:1c0009d2
20232896ns          335350 1c008cbe 0017c70b p.lbu            x14, 1(x15!)        x14=00000020 x15=1c0009d3 x15:1c0009d2  PA:1c0009d2
20233220ns          335366 1c008cc2 feb71ce3 bne              x14, x11, -8        x14:00000020 x11:00000064
20233280ns          335369 1c008cba 00070763 beq              x14, x0, 14         x14:00000020
20233301ns          335370 1c008cbc 00f00533 add              x10, x0, x15        x10=1c0009d3 x15:1c0009d3
20233321ns          335371 1c008cbe 0017c70b p.lbu            x14, 1(x15!)        x14=00000023 x15=1c0009d4 x15:1c0009d3  PA:1c0009d3
20233645ns          335387 1c008cc2 feb71ce3 bne              x14, x11, -8        x14:00000023 x11:00000064
20233706ns          335390 1c008cba 00070763 beq              x14, x0, 14         x14:00000023
20233726ns          335391 1c008cbc 00f00533 add              x10, x0, x15        x10=1c0009d4 x15:1c0009d4
20233746ns          335392 1c008cbe 0017c70b p.lbu            x14, 1(x15!)        x14=00000030 x15=1c0009d5 x15:1c0009d4  PA:1c0009d4
20234070ns          335408 1c008cc2 feb71ce3 bne              x14, x11, -8        x14:00000030 x11:00000064
20234131ns          335411 1c008cba 00070763 beq              x14, x0, 14         x14:00000030
20234151ns          335412 1c008cbc 00f00533 add              x10, x0, x15        x10=1c0009d5 x15:1c0009d5
20234171ns          335413 1c008cbe 0017c70b p.lbu            x14, 1(x15!)        x14=00000000 x15=1c0009d6 x15:1c0009d5  PA:1c0009d5
20234495ns          335429 1c008cc2 feb71ce3 bne              x14, x11, -8        x14:00000000 x11:00000064
20234556ns          335432 1c008cba 00070763 beq              x14, x0, 14         x14:00000000
20234616ns          335435 1c008cc8 0015b593 sltiu            x11, x11, 1         x11=00000000 x11:00000064
20234637ns          335436 1c008ccc 40b005b3 sub              x11, x0, x11        x11=00000000 x11:00000000
20234657ns          335437 1c008cd0 00b57533 and              x10, x10, x11       x10=00000000 x10:1c0009d5 x11:00000000
20234677ns          335438 1c008cd2 00008067 jalr             x0, x1, 0            x1:1c008e20
20234718ns          335440 1c008e20 02050b63 beq              x10, x0, 54         x10:00000000
20235203ns          335464 1c008e56 02a00693 addi             x13, x0, 42         x13=0000002a
20235224ns          335465 1c008e5a 2edc8263 beq              x25, x13, 740       x25:00000064 x13:0000002a
20235628ns          335485 1c008e5e fd0c8693 addi             x13, x25, -48       x13=00000034 x25:00000064
20235649ns          335486 1c008e62 00900593 addi             x11, x0, 9          x11=00000009
20235669ns          335487 1c008e64 00000b13 addi             x22, x0, 0          x22=00000000
20235689ns          335488 1c008e66 0cd5fd63 bgeu             x11, x13, 218       x11:00000009 x13:00000034
20235709ns          335489 1c008e6a 02e00793 addi             x15, x0, 46         x15=0000002e
20236114ns          335509 1c008e6e 28fd8663 beq              x27, x15, 652       x27:00000064 x15:0000002e
20236134ns          335510 1c008e72 01b00433 add              x8, x0, x27          x8=00000064 x27:00000064
20236155ns          335511 1c008e74 fff00493 addi             x9, x0, -1           x9=ffffffff
20236175ns          335512 1c008e76 1c001737 lui              x14, 0x1c001000     x14=1c001000
20236195ns          335513 1c008e7a 01b005b3 add              x11, x0, x27        x11=00000064 x27:00000064
20236215ns          335514 1c008e7c 9d870513 addi             x10, x14, -1576     x10=1c0009d8 x14:1c001000
20236600ns          335533 1c008e80 e27ff0ef jal              x1, -474             x1=1c008e82
20236661ns          335536 1c008ca6 00054783 lbu              x15, 0(x10)         x15=00000068 x10:1c0009d8  PA:1c0009d8
20236964ns          335551 1c008caa 0ff5f593 andi             x11, x11, 255       x11=00000064 x11:00000064
20236984ns          335552 1c008cae 00b78c63 beq              x15, x11, 24        x15:00000068 x11:00000064
20237005ns          335553 1c008cb2 00078b63 beq              x15, x0, 22         x15:00000068
20237025ns          335554 1c008cb4 00150793 addi             x15, x10, 1         x15=1c0009d9 x10:1c0009d8
20237045ns          335555 1c008cb8 0040006f jal              x0, 4              
20237086ns          335557 1c008cbc 00f00533 add              x10, x0, x15        x10=1c0009d9 x15:1c0009d9
20237106ns          335558 1c008cbe 0017c70b p.lbu            x14, 1(x15!)        x14=0000006c x15=1c0009da x15:1c0009d9  PA:1c0009d9
20237430ns          335574 1c008cc2 feb71ce3 bne              x14, x11, -8        x14:0000006c x11:00000064
20237490ns          335577 1c008cba 00070763 beq              x14, x0, 14         x14:0000006c
20237511ns          335578 1c008cbc 00f00533 add              x10, x0, x15        x10=1c0009da x15:1c0009da
20237531ns          335579 1c008cbe 0017c70b p.lbu            x14, 1(x15!)        x14=0000007a x15=1c0009db x15:1c0009da  PA:1c0009da
20237855ns          335595 1c008cc2 feb71ce3 bne              x14, x11, -8        x14:0000007a x11:00000064
20237915ns          335598 1c008cba 00070763 beq              x14, x0, 14         x14:0000007a
20237936ns          335599 1c008cbc 00f00533 add              x10, x0, x15        x10=1c0009db x15:1c0009db
20237956ns          335600 1c008cbe 0017c70b p.lbu            x14, 1(x15!)        x14=00000000 x15=1c0009dc x15:1c0009db  PA:1c0009db
20238280ns          335616 1c008cc2 feb71ce3 bne              x14, x11, -8        x14:00000000 x11:00000064
20238340ns          335619 1c008cba 00070763 beq              x14, x0, 14         x14:00000000
20238401ns          335622 1c008cc8 0015b593 sltiu            x11, x11, 1         x11=00000000 x11:00000064
20238421ns          335623 1c008ccc 40b005b3 sub              x11, x0, x11        x11=00000000 x11:00000000
20238442ns          335624 1c008cd0 00b57533 and              x10, x10, x11       x10=00000000 x10:1c0009db x11:00000000
20238462ns          335625 1c008cd2 00008067 jalr             x0, x1, 0            x1:1c008e82
20238502ns          335627 1c008e82 00000793 addi             x15, x0, 0          x15=00000000
20238523ns          335628 1c008e84 00050f63 beq              x10, x0, 30         x10:00000000
20238988ns          335651 1c008ea2 06700693 addi             x13, x0, 103        x13=00000067
20239008ns          335652 1c008ea6 0bb6ee63 bltu             x13, x27, 188       x13:00000067 x27:00000064
20239029ns          335653 1c008eaa 06500693 addi             x13, x0, 101        x13=00000065
20239433ns          335673 1c008eae 3addf2e3 bgeu             x27, x13, 2980      x27:00000064 x13:00000065
20239474ns          335675 1c008eb2 04700693 addi             x13, x0, 71         x13=00000047
20239494ns          335676 1c008eb6 39b6ed63 bltu             x13, x27, 922       x13:00000047 x27:00000064
20240344ns          335718 1c009250 06300693 addi             x13, x0, 99         x13=00000063
20240385ns          335720 1c009254 70dd8c63 beq              x27, x13, 1816      x27:00000064 x13:00000063
20240405ns          335721 1c009258 d3b6e5e3 bltu             x13, x27, -726      x13:00000063 x27:00000064
20241296ns          335765 1c008f82 06c00693 addi             x13, x0, 108        x13=0000006c
20241316ns          335766 1c008f86 00d78a63 beq              x15, x13, 20        x15:00000000 x13:0000006c
20241336ns          335767 1c008f8a 07a00693 addi             x13, x0, 122        x13=0000007a
20241741ns          335787 1c008f8e 00d78663 beq              x15, x13, 12        x15:00000000 x13:0000007a
20241781ns          335789 1c008f92 04c00693 addi             x13, x0, 76         x13=0000004c
20241802ns          335790 1c008f96 5ed78de3 beq              x15, x13, 3578      x15:00000000 x13:0000004c
20241822ns          335791 1c008f9a 000a2783 lw               x15, 0(x20)         x15=00000000 x20:100013dc  PA:100013dc
20241842ns          335792 1c008f9e 004a0a13 addi             x20, x20, 4         x20=100013e0 x20:100013dc
20242227ns          335811 1c008fa0 41f7d713 srai             x14, x15, 0x41f     x14=00000000 x15:00000000
20242267ns          335813 1c008fa4 01412e23 sw               x20, 28(x2)         x20:100013e0  x2:10001338  PA:10001354
20242287ns          335814 1c008fa6 00e12223 sw               x14, 4(x2)          x14:00000000  x2:10001338  PA:1000133c
20242308ns          335815 1c008fa8 4e0741e3 blt              x14, x0, 3298       x14:00000000
20242328ns          335816 1c008fac 00c12703 lw               x14, 12(x2)         x14=00000000  x2:10001338  PA:10001344
20242712ns          335835 1c008fae 440709e3 beq              x14, x0, 3154       x14:00000000
20243158ns          335857 1c009c00 01012703 lw               x14, 16(x2)         x14=00000000  x2:10001338  PA:10001348
20243198ns          335859 1c009c02 22070063 beq              x14, x0, 544        x14:00000000
20243643ns          335881 1c009e22 00412c83 lw               x25, 4(x2)          x25=00000000  x2:10001338  PA:1000133c
20243684ns          335883 1c009e24 02410a13 addi             x20, x2, 36         x20=1000135c  x2:10001338
20243704ns          335884 1c009e28 998ff06f jal              x0, -3688          
20244129ns          335905 1c008fc0 00f00433 add              x8, x0, x15          x8=00000000 x15:00000000
20244149ns          335906 1c008fc2 01400db3 add              x27, x0, x20        x27=1000135c x20:1000135c
20244170ns          335907 1c008fc4 0040006f jal              x0, 4              
20244210ns          335909 1c008fc8 00a00613 addi             x12, x0, 10         x12=0000000a
20244230ns          335910 1c008fca 00000693 addi             x13, x0, 0          x13=00000000
20244251ns          335911 1c008fcc 00800533 add              x10, x0, x8         x10=00000000  x8:00000000
20244271ns          335912 1c008fce 019005b3 add              x11, x0, x25        x11=00000000 x25:00000000
20244635ns          335930 1c008fd0 c2aff0ef jal              x1, -3030            x1=1c008fd4
20245060ns          335951 1c0083fa 00c008b3 add              x17, x0, x12        x17=0000000a x12:0000000a
20245101ns          335953 1c0083fc 00d00733 add              x14, x0, x13        x14=00000000 x13:00000000
20245121ns          335954 1c0083fe 00a007b3 add              x15, x0, x10        x15=00000000 x10:00000000
20245505ns          335973 1c008400 00b00833 add              x16, x0, x11        x16=00000000 x11:00000000
20245546ns          335975 1c008402 1c069863 bne              x13, x0, 464        x13:00000000
20245566ns          335976 1c008406 1c0016b7 lui              x13, 0x1c001000     x13=1c001000
20245586ns          335977 1c00840a 86868693 addi             x13, x13, -1944     x13=1c000868 x13:1c001000
20245991ns          335997 1c00840e 0ac5f863 bgeu             x11, x12, 176       x11:00000000 x12:0000000a
20246011ns          335998 1c008412 00010337 lui              x6, 0x10000          x6=00010000
20246032ns          335999 1c008414 08667e63 bgeu             x12, x6, 156        x12:0000000a  x6:00010000
20246052ns          336000 1c008418 0ff00313 addi             x6, x0, 255          x6=000000ff
20246072ns          336001 1c00841c 00c37363 bgeu             x6, x12, 6           x6:000000ff x12:0000000a
20246538ns          336024 1c008422 00e65333 srl              x6, x12, x14         x6=0000000a x12:0000000a x14:00000000
20246558ns          336025 1c008426 006686b3 add              x13, x13, x6        x13=1c000872 x13:1c000868  x6:0000000a
20246578ns          336026 1c008428 0006ce03 lbu              x28, 0(x13)         x28=00000004 x13:1c000872  PA:1c000872
20246983ns          336046 1c00842c 02000313 addi             x6, x0, 32           x6=00000020
20247003ns          336047 1c008430 00ee0e33 add              x28, x28, x14       x28=00000004 x28:00000004 x14:00000000
20247023ns          336048 1c008432 41c30333 sub              x6, x6, x28          x6=0000001c  x6:00000020 x28:00000004
20247044ns          336049 1c008436 00030c63 beq              x6, x0, 24           x6:0000001c
20247064ns          336050 1c00843a 006595b3 sll              x11, x11, x6        x11=00000000 x11:00000000  x6:0000001c
20247448ns          336069 1c00843e 01c55e33 srl              x28, x10, x28       x28=00000000 x10:00000000 x28:00000004
20247489ns          336071 1c008442 006618b3 sll              x17, x12, x6        x17=a0000000 x12:0000000a  x6:0000001c
20247509ns          336072 1c008446 00be6833 or               x16, x28, x11       x16=00000000 x28:00000000 x11:00000000
20247529ns          336073 1c00844a 006517b3 sll              x15, x10, x6        x15=00000000 x10:00000000  x6:0000001c
20247934ns          336093 1c00844e 0108d613 srli             x12, x17, 0x10      x12=0000a000 x17:a0000000
20247975ns          336095 1c008452 02c87733 remu             x14, x16, x12       x14=00000000 x16:00000000 x12:0000a000
20248359ns          336114 1c008456 02c85833 divu             x16, x16, x12       x16=00000000 x16:00000000 x12:0000a000
20248744ns          336133 1c00845a 01089513 slli             x10, x17, 0x10      x10=00000000 x17:a0000000
20248764ns          336134 1c00845e 01055513 srli             x10, x10, 0x10      x10=00000000 x10:00000000
20248784ns          336135 1c008460 01071713 slli             x14, x14, 0x10      x14=00000000 x14:00000000
20248805ns          336136 1c008462 0107d693 srli             x13, x15, 0x10      x13=00000000 x15:00000000
20248825ns          336137 1c008466 03050833 mul              x16, x10, x16       x16=00000000 x10:00000000 x16:00000000
20248845ns          336138 1c00846a 00e6e6b3 or               x13, x13, x14       x13=00000000 x13:00000000 x14:00000000
20248865ns          336139 1c00846c 0106f863 bgeu             x13, x16, 16        x13:00000000 x16:00000000
20249290ns          336160 1c00847c 410686b3 sub              x13, x13, x16       x13=00000000 x13:00000000 x16:00000000
20249695ns          336180 1c008480 02c6f733 remu             x14, x13, x12       x14=00000000 x13:00000000 x12:0000a000
20250100ns          336200 1c008484 02c6d6b3 divu             x13, x13, x12       x13=00000000 x13:00000000 x12:0000a000
20250484ns          336219 1c008488 01079793 slli             x15, x15, 0x10      x15=00000000 x15:00000000
20250505ns          336220 1c00848a 02d506b3 mul              x13, x10, x13       x13=00000000 x10:00000000 x13:00000000
20250525ns          336221 1c00848e 0107d793 srli             x15, x15, 0x10      x15=00000000 x15:00000000
20250545ns          336222 1c008490 01071513 slli             x10, x14, 0x10      x10=00000000 x14:00000000
20250565ns          336223 1c008494 00a7e7b3 or               x15, x15, x10       x15=00000000 x15:00000000 x10:00000000
20250586ns          336224 1c008496 00d7f863 bgeu             x15, x13, 16        x15:00000000 x13:00000000
20251031ns          336246 1c0084a6 40d787b3 sub              x15, x15, x13       x15=00000000 x15:00000000 x13:00000000
20251051ns          336247 1c0084a8 0067d533 srl              x10, x15, x6        x10=00000000 x15:00000000  x6:0000001c
20251071ns          336248 1c0084ac 00000593 addi             x11, x0, 0          x11=00000000
20251092ns          336249 1c0084ae 00008067 jalr             x0, x1, 0            x1:1c008fd4
20251517ns          336270 1c008fd4 00a00933 add              x18, x0, x10        x18=00000000 x10:00000000
20251537ns          336271 1c008fd6 019005b3 add              x11, x0, x25        x11=00000000 x25:00000000
20251557ns          336272 1c008fd8 00800533 add              x10, x0, x8         x10=00000000  x8:00000000
20251577ns          336273 1c008fda 00a00613 addi             x12, x0, 10         x12=0000000a
20251598ns          336274 1c008fdc 00000693 addi             x13, x0, 0          x13=00000000
20251962ns          336292 1c008fde 8beff0ef jal              x1, -3906            x1=1c008fe2
20252002ns          336294 1c00809c 00b007b3 add              x15, x0, x11        x15=00000000 x11:00000000
20252023ns          336295 1c00809e 00c00833 add              x16, x0, x12        x16=0000000a x12:0000000a
20252407ns          336314 1c0080a0 00d008b3 add              x17, x0, x13        x17=00000000 x13:00000000
20252428ns          336315 1c0080a2 00a00333 add              x6, x0, x10          x6=00000000 x10:00000000
20252448ns          336316 1c0080a4 20069663 bne              x13, x0, 524        x13:00000000
20252468ns          336317 1c0080a8 1c001737 lui              x14, 0x1c001000     x14=1c001000
20252488ns          336318 1c0080ac 86870713 addi             x14, x14, -1944     x14=1c000868 x14:1c001000
20252893ns          336338 1c0080b0 0ac5fe63 bgeu             x11, x12, 188       x11:00000000 x12:0000000a
20252934ns          336340 1c0080b4 000106b7 lui              x13, 0x10000        x13=00010000
20252954ns          336341 1c0080b6 0ad67463 bgeu             x12, x13, 168       x12:0000000a x13:00010000
20252974ns          336342 1c0080ba 0ff00693 addi             x13, x0, 255        x13=000000ff
20253379ns          336362 1c0080be 00c6b6b3 sltu             x13, x13, x12       x13=00000000 x13:000000ff x12:0000000a
20253399ns          336363 1c0080c2 00369693 slli             x13, x13, 0x3       x13=00000000 x13:00000000
20253419ns          336364 1c0080c4 00d658b3 srl              x17, x12, x13       x17=0000000a x12:0000000a x13:00000000
20253440ns          336365 1c0080c8 01170733 add              x14, x14, x17       x14=1c000872 x14:1c000868 x17:0000000a
20253460ns          336366 1c0080ca 00074703 lbu              x14, 0(x14)         x14=00000004 x14:1c000872  PA:1c000872
20253885ns          336387 1c0080ce 00e686b3 add              x13, x13, x14       x13=00000004 x13:00000000 x14:00000004
20253905ns          336388 1c0080d0 02000713 addi             x14, x0, 32         x14=00000020
20253925ns          336389 1c0080d4 40d70733 sub              x14, x14, x13       x14=0000001c x14:00000020 x13:00000004
20253946ns          336390 1c0080d6 00070b63 beq              x14, x0, 22         x14:0000001c
20253966ns          336391 1c0080d8 00e797b3 sll              x15, x15, x14       x15=00000000 x15:00000000 x14:0000001c
20253986ns          336392 1c0080dc 00d556b3 srl              x13, x10, x13       x13=00000000 x10:00000000 x13:00000004
20254350ns          336410 1c0080e0 00e61833 sll              x16, x12, x14       x16=a0000000 x12:0000000a x14:0000001c
20254391ns          336412 1c0080e4 00f6e5b3 or               x11, x13, x15       x11=00000000 x13:00000000 x15:00000000
20254411ns          336413 1c0080e8 00e51333 sll              x6, x10, x14         x6=00000000 x10:00000000 x14:0000001c
20254431ns          336414 1c0080ec 01085513 srli             x10, x16, 0x10      x10=0000a000 x16:a0000000
20254836ns          336434 1c0080f0 02a5f733 remu             x14, x11, x10       x14=00000000 x11:00000000 x10:0000a000
20255241ns          336454 1c0080f4 02a5d7b3 divu             x15, x11, x10       x15=00000000 x11:00000000 x10:0000a000
20255625ns          336473 1c0080f8 01081613 slli             x12, x16, 0x10      x12=00000000 x16:a0000000
20255646ns          336474 1c0080fc 01071713 slli             x14, x14, 0x10      x14=00000000 x14:00000000
20255666ns          336475 1c0080fe 01065613 srli             x12, x12, 0x10      x12=00000000 x12:00000000
20255686ns          336476 1c008100 01035693 srli             x13, x6, 0x10       x13=00000000  x6:00000000
20255706ns          336477 1c008104 00e6e6b3 or               x13, x13, x14       x13=00000000 x13:00000000 x14:00000000
20255727ns          336478 1c008106 02f605b3 mul              x11, x12, x15       x11=00000000 x12:00000000 x15:00000000
20255747ns          336479 1c00810a 00f00733 add              x14, x0, x15        x14=00000000 x15:00000000
20255767ns          336480 1c00810c 00b6fc63 bgeu             x13, x11, 24        x13:00000000 x11:00000000
20256556ns          336519 1c008124 40b686b3 sub              x13, x13, x11       x13=00000000 x13:00000000 x11:00000000
20256597ns          336521 1c008126 02a6f7b3 remu             x15, x13, x10       x15=00000000 x13:00000000 x10:0000a000
20256982ns          336540 1c00812a 02a6d6b3 divu             x13, x13, x10       x13=00000000 x13:00000000 x10:0000a000
20257366ns          336559 1c00812e 01031313 slli             x6, x6, 0x10         x6=00000000  x6:00000000
20257386ns          336560 1c008130 01079793 slli             x15, x15, 0x10      x15=00000000 x15:00000000
20257407ns          336561 1c008132 01035313 srli             x6, x6, 0x10         x6=00000000  x6:00000000
20257427ns          336562 1c008136 02d605b3 mul              x11, x12, x13       x11=00000000 x12:00000000 x13:00000000
20257447ns          336563 1c00813a 0067e333 or               x6, x15, x6          x6=00000000 x15:00000000  x6:00000000
20257467ns          336564 1c00813e 00d00533 add              x10, x0, x13        x10=00000000 x13:00000000
20257852ns          336583 1c008140 00b37b63 bgeu             x6, x11, 22          x6:00000000 x11:00000000
20258297ns          336605 1c008156 01071713 slli             x14, x14, 0x10      x14=00000000 x14:00000000
20258338ns          336607 1c008158 00a76733 or               x14, x14, x10       x14=00000000 x14:00000000 x10:00000000
20258358ns          336608 1c00815a 00000593 addi             x11, x0, 0          x11=00000000
20258378ns          336609 1c00815c 0b20006f jal              x0, 178            
20259188ns          336649 1c00820e 00e00533 add              x10, x0, x14        x10=00000000 x14:00000000
20259613ns          336670 1c008210 00008067 jalr             x0, x1, 0            x1:1c008fe2
20259734ns          336676 1c008fe2 03090913 addi             x18, x18, 48        x18=00000030 x18:00000000
20259754ns          336677 1c008fe6 012d8023 sb               x18, 0(x27)         x18:00000030 x27:1000135c  PA:1000135c
20259775ns          336678 1c008fea 00a5e7b3 or               x15, x11, x10       x15=00000000 x11:00000000 x10:00000000
20260179ns          336698 1c008fee 001d8913 addi             x18, x27, 1         x18=1000135d x27:1000135c
20260200ns          336699 1c008ff2 00a00433 add              x8, x0, x10          x8=00000000 x10:00000000
20260220ns          336700 1c008ff4 00b00cb3 add              x25, x0, x11        x25=00000000 x11:00000000
20260240ns          336701 1c008ff6 fc0798e3 bne              x15, x0, -48        x15:00000000
20260260ns          336702 1c008ff8 00090023 sb               x0, 0(x18)          x18:1000135d  PA:1000135d
20260281ns          336703 1c008ffc 01ba7d63 bgeu             x20, x27, 26        x20:1000135c x27:1000135c
20261090ns          336743 1c009016 00012783 lw               x15, 0(x2)          x15=1000135c  x2:10001338  PA:10001338
20261131ns          336745 1c009018 00c12703 lw               x14, 12(x2)         x14=00000000  x2:10001338  PA:10001344
20261151ns          336746 1c00901a 40f90933 sub              x18, x18, x15       x18=00000001 x18:1000135d x15:1000135c
20261556ns          336766 1c00901e 3c071de3 bne              x14, x0, 3034       x14:00000000
20261576ns          336767 1c009022 01012783 lw               x15, 16(x2)         x15=00000000  x2:10001338  PA:10001348
20261616ns          336769 1c009024 3c079ae3 bne              x15, x0, 3028       x15:00000000
20261637ns          336770 1c009028 00412703 lw               x14, 4(x2)          x14=00000000  x2:10001338  PA:1000133c
20261677ns          336772 1c00902a 01f75713 srli             x14, x14, 0x1f      x14=00000000 x14:00000000
20261697ns          336773 1c00902c 00e12223 sw               x14, 4(x2)          x14:00000000  x2:10001338  PA:1000133c
20262042ns          336790 1c00902e 3404c463 blt              x9, x0, 840          x9:ffffffff
20262487ns          336812 1c009376 00000c93 addi             x25, x0, 0          x25=00000000
20262527ns          336814 1c009378 00012c23 sw               x0, 24(x2)           x2:10001338  PA:10001350
20262548ns          336815 1c00937a 00000a13 addi             x20, x0, 0          x20=00000000
20262568ns          336816 1c00937c 01412783 lw               x15, 20(x2)         x15=00000000  x2:10001338  PA:1000134c
20262952ns          336835 1c00937e 5e078163 beq              x15, x0, 1506       x15:00000000
20263398ns          336857 1c009960 412b0b33 sub              x22, x22, x18       x22=ffffffff x22:00000000 x18:00000001
20263438ns          336859 1c009964 02410413 addi             x8, x2, 36           x8=1000135c  x2:10001338
20263458ns          336860 1c009966 00000493 addi             x9, x0, 0            x9=00000000
20263479ns          336861 1c009968 ee6ff06f jal              x0, -2330          
20264308ns          336902 1c00904e 00812703 lw               x14, 8(x2)          x14=00000000  x2:10001338  PA:10001340
20264733ns          336923 1c009050 02071063 bne              x14, x0, 32         x14:00000000
20264774ns          336925 1c009052 01605f63 bge              x0, x22, 30         x22:ffffffff
20265219ns          336947 1c009070 00412783 lw               x15, 4(x2)          x15=00000000  x2:10001338  PA:1000133c
20265260ns          336949 1c009072 00f40db3 add              x27, x8, x15        x27=1000135c  x8:1000135c x15:00000000
20265280ns          336950 1c009076 00c0006f jal              x0, 12             
20265705ns          336971 1c009082 017005b3 add              x11, x0, x23        x11=00000002 x23:00000002
20265745ns          336973 1c009084 ffb41ae3 bne              x8, x27, -12         x8:1000135c x27:1000135c
20265766ns          336974 1c009088 00900db3 add              x27, x0, x9         x27=00000000  x9:00000000
20265786ns          336975 1c00908a 0080006f jal              x0, 8              
20266231ns          336997 1c009092 fffd8d93 addi             x27, x27, -1        x27=ffffffff x27:00000000
20266251ns          336998 1c009094 017005b3 add              x11, x0, x23        x11=00000002 x23:00000002
20266272ns          336999 1c009096 03000513 addi             x10, x0, 48         x10=00000030
20266292ns          337000 1c00909a fffdb9e3 p.bneimm         x27, -14            x27:ffffffff
20266312ns          337001 1c00909e 00412703 lw               x14, 4(x2)          x14=00000000  x2:10001338  PA:1000133c
20266697ns          337020 1c0090a0 40e90933 sub              x18, x18, x14       x18=00000001 x18:00000001 x14:00000000
20266737ns          337022 1c0090a4 01212423 sw               x18, 8(x2)          x18:00000001  x2:10001338  PA:10001340
20266757ns          337023 1c0090a6 e40a15e3 bne              x20, x0, -438       x20:00000000
20266778ns          337024 1c0090aa 01812783 lw               x15, 24(x2)         x15=00000000  x2:10001338  PA:10001350
20266818ns          337026 1c0090ac 16079763 bne              x15, x0, 366        x15:00000000
20267182ns          337044 1c0090b0 120c8863 beq              x25, x0, 304        x25:00000000
20267628ns          337066 1c0091e0 017005b3 add              x11, x0, x23        x11=00000002 x23:00000002
20267668ns          337068 1c0091e2 ff2049e3 blt              x0, x18, -14        x18:00000001
20268114ns          337090 1c0091d4 0014450b p.lbu            x10, 1(x8!)         x10=00000030  x8=1000135d  x8:1000135c  PA:1000135c
20268154ns          337092 1c0091d8 fff90913 addi             x18, x18, -1        x18=00000000 x18:00000001
20268174ns          337093 1c0091da 000980e7 jalr             x1, x19, 0           x1=1c0091dc x19:1c008d20
20268255ns          337097 1c008d20 f14027f3 csrrs            x15, x0, 0xf14      x15=00000003
20268296ns          337099 1c008d24 1a10f6b7 lui              x13, 0x1a10f000     x13=1a10f000
20268316ns          337100 1c008d28 ca5797b3 p.extractu       x15, x15, 5, 5      x15=00000000 x15:00000003
20268336ns          337101 1c008d2c f1402773 csrrs            x14, x0, 0xf14      x14=00000003
20268741ns          337121 1c008d30 00779793 slli             x15, x15, 0x7       x15=00000000 x15:00000000
20268761ns          337122 1c008d32 00371713 slli             x14, x14, 0x3       x14=00000018 x14:00000003
20268781ns          337123 1c008d34 0ff57513 andi             x10, x10, 255       x10=00000030 x10:00000030
20268802ns          337124 1c008d38 ee873733 p.bclr           x14, x14, 23, 8     x14=00000018 x14:00000018
20268822ns          337125 1c008d3c 00d787b3 add              x15, x15, x13       x15=1a10f000 x15:00000000 x13:1a10f000
20269227ns          337145 1c008d3e 00a767a3 p.sw             x10, x0(x14)        x10:00000030 x14:00000018  PA:1a10f018
20269551ns          337161 1c008d42 00000513 addi             x10, x0, 0          x10=00000000
20269571ns          337162 1c008d44 00008067 jalr             x0, x1, 0            x1:1c0091dc
20269652ns          337166 1c0091dc d5f522e3 p.beqimm         x10, -700           x10:00000000
20269692ns          337168 1c0091e0 017005b3 add              x11, x0, x23        x11=00000002 x23:00000002
20269712ns          337169 1c0091e2 ff2049e3 blt              x0, x18, -14        x18:00000000
20269733ns          337170 1c0091e6 00412783 lw               x15, 4(x2)          x15=00000000  x2:10001338  PA:1000133c
20269753ns          337171 1c0091e8 01c12a03 lw               x20, 28(x2)         x20=100013e0  x2:10001338  PA:10001354
20269773ns          337172 1c0091ea 00fa8733 add              x14, x21, x15       x14=0000001b x21:0000001b x15:00000000
20269793ns          337173 1c0091ee 00812783 lw               x15, 8(x2)          x15=00000001  x2:10001338  PA:10001340
20270158ns          337191 1c0091f0 00970733 add              x14, x14, x9        x14=0000001b x14:0000001b  x9:00000000
20270198ns          337193 1c0091f2 00e78ab3 add              x21, x15, x14       x21=0000001c x15:00000001 x14:0000001b
20270218ns          337194 1c0091f6 bf6059e3 bge              x0, x22, -1038      x22:ffffffff
20270724ns          337219 1c008de8 000d4503 lbu              x10, 0(x26)         x10=00000020 x26:1c0009a1  PA:1c0009a1
20271048ns          337235 1c008dec 001d0413 addi             x8, x26, 1           x8=1c0009a2 x26:1c0009a1
20271069ns          337236 1c008df0 0c050b63 beq              x10, x0, 214        x10:00000020
20271089ns          337237 1c008df2 02500793 addi             x15, x0, 37         x15=00000025
20271109ns          337238 1c008df6 fef513e3 bne              x10, x15, -26       x10:00000020 x15:00000025
20271271ns          337246 1c008ddc 017005b3 add              x11, x0, x23        x11=00000002 x23:00000002
20271291ns          337247 1c008dde 000980e7 jalr             x1, x19, 0           x1=1c008de0 x19:1c008d20
20271332ns          337249 1c008d20 f14027f3 csrrs            x15, x0, 0xf14      x15=00000003
20271352ns          337250 1c008d24 1a10f6b7 lui              x13, 0x1a10f000     x13=1a10f000
20271372ns          337251 1c008d28 ca5797b3 p.extractu       x15, x15, 5, 5      x15=00000000 x15:00000003
20271392ns          337252 1c008d2c f1402773 csrrs            x14, x0, 0xf14      x14=00000003
20271413ns          337253 1c008d30 00779793 slli             x15, x15, 0x7       x15=00000000 x15:00000000
20271433ns          337254 1c008d32 00371713 slli             x14, x14, 0x3       x14=00000018 x14:00000003
20271453ns          337255 1c008d34 0ff57513 andi             x10, x10, 255       x10=00000020 x10:00000020
20271473ns          337256 1c008d38 ee873733 p.bclr           x14, x14, 23, 8     x14=00000018 x14:00000018
20271494ns          337257 1c008d3c 00d787b3 add              x15, x15, x13       x15=1a10f000 x15:00000000 x13:1a10f000
20271514ns          337258 1c008d3e 00a767a3 p.sw             x10, x0(x14)        x10:00000020 x14:00000018  PA:1a10f018
20271838ns          337274 1c008d42 00000513 addi             x10, x0, 0          x10=00000000
20271858ns          337275 1c008d44 00008067 jalr             x0, x1, 0            x1:1c008de0
20271898ns          337277 1c008de0 15f52063 p.beqimm         x10, 320            x10:00000000
20271919ns          337278 1c008de4 001a8a93 addi             x21, x21, 1         x21=0000001d x21:0000001c
20271939ns          337279 1c008de6 00800d33 add              x26, x0, x8         x26=1c0009a2  x8:1c0009a2
20271959ns          337280 1c008de8 000d4503 lbu              x10, 0(x26)         x10=00000063 x26:1c0009a2  PA:1c0009a2
20272263ns          337295 1c008dec 001d0413 addi             x8, x26, 1           x8=1c0009a3 x26:1c0009a2
20272283ns          337296 1c008df0 0c050b63 beq              x10, x0, 214        x10:00000063
20272303ns          337297 1c008df2 02500793 addi             x15, x0, 37         x15=00000025
20272323ns          337298 1c008df6 fef513e3 bne              x10, x15, -26       x10:00000063 x15:00000025
20272384ns          337301 1c008ddc 017005b3 add              x11, x0, x23        x11=00000002 x23:00000002
20272404ns          337302 1c008dde 000980e7 jalr             x1, x19, 0           x1=1c008de0 x19:1c008d20
20272445ns          337304 1c008d20 f14027f3 csrrs            x15, x0, 0xf14      x15=00000003
20272465ns          337305 1c008d24 1a10f6b7 lui              x13, 0x1a10f000     x13=1a10f000
20272485ns          337306 1c008d28 ca5797b3 p.extractu       x15, x15, 5, 5      x15=00000000 x15:00000003
20272506ns          337307 1c008d2c f1402773 csrrs            x14, x0, 0xf14      x14=00000003
20272526ns          337308 1c008d30 00779793 slli             x15, x15, 0x7       x15=00000000 x15:00000000
20272546ns          337309 1c008d32 00371713 slli             x14, x14, 0x3       x14=00000018 x14:00000003
20272566ns          337310 1c008d34 0ff57513 andi             x10, x10, 255       x10=00000063 x10:00000063
20272587ns          337311 1c008d38 ee873733 p.bclr           x14, x14, 23, 8     x14=00000018 x14:00000018
20272607ns          337312 1c008d3c 00d787b3 add              x15, x15, x13       x15=1a10f000 x15:00000000 x13:1a10f000
20272627ns          337313 1c008d3e 00a767a3 p.sw             x10, x0(x14)        x10:00000063 x14:00000018  PA:1a10f018
20272931ns          337328 1c008d42 00000513 addi             x10, x0, 0          x10=00000000
20272951ns          337329 1c008d44 00008067 jalr             x0, x1, 0            x1:1c008de0
20272991ns          337331 1c008de0 15f52063 p.beqimm         x10, 320            x10:00000000
20273012ns          337332 1c008de4 001a8a93 addi             x21, x21, 1         x21=0000001e x21:0000001d
20273032ns          337333 1c008de6 00800d33 add              x26, x0, x8         x26=1c0009a3  x8:1c0009a3
20273052ns          337334 1c008de8 000d4503 lbu              x10, 0(x26)         x10=0000006f x26:1c0009a3  PA:1c0009a3
20273356ns          337349 1c008dec 001d0413 addi             x8, x26, 1           x8=1c0009a4 x26:1c0009a3
20273376ns          337350 1c008df0 0c050b63 beq              x10, x0, 214        x10:0000006f
20273396ns          337351 1c008df2 02500793 addi             x15, x0, 37         x15=00000025
20273416ns          337352 1c008df6 fef513e3 bne              x10, x15, -26       x10:0000006f x15:00000025
20273477ns          337355 1c008ddc 017005b3 add              x11, x0, x23        x11=00000002 x23:00000002
20273497ns          337356 1c008dde 000980e7 jalr             x1, x19, 0           x1=1c008de0 x19:1c008d20
20273538ns          337358 1c008d20 f14027f3 csrrs            x15, x0, 0xf14      x15=00000003
20273558ns          337359 1c008d24 1a10f6b7 lui              x13, 0x1a10f000     x13=1a10f000
20273578ns          337360 1c008d28 ca5797b3 p.extractu       x15, x15, 5, 5      x15=00000000 x15:00000003
20273599ns          337361 1c008d2c f1402773 csrrs            x14, x0, 0xf14      x14=00000003
20273619ns          337362 1c008d30 00779793 slli             x15, x15, 0x7       x15=00000000 x15:00000000
20273639ns          337363 1c008d32 00371713 slli             x14, x14, 0x3       x14=00000018 x14:00000003
20273659ns          337364 1c008d34 0ff57513 andi             x10, x10, 255       x10=0000006f x10:0000006f
20273680ns          337365 1c008d38 ee873733 p.bclr           x14, x14, 23, 8     x14=00000018 x14:00000018
20273700ns          337366 1c008d3c 00d787b3 add              x15, x15, x13       x15=1a10f000 x15:00000000 x13:1a10f000
20273720ns          337367 1c008d3e 00a767a3 p.sw             x10, x0(x14)        x10:0000006f x14:00000018  PA:1a10f018
20274044ns          337383 1c008d42 00000513 addi             x10, x0, 0          x10=00000000
20274064ns          337384 1c008d44 00008067 jalr             x0, x1, 0            x1:1c008de0
20274105ns          337386 1c008de0 15f52063 p.beqimm         x10, 320            x10:00000000
20274125ns          337387 1c008de4 001a8a93 addi             x21, x21, 1         x21=0000001f x21:0000001e
20274145ns          337388 1c008de6 00800d33 add              x26, x0, x8         x26=1c0009a4  x8:1c0009a4
20274165ns          337389 1c008de8 000d4503 lbu              x10, 0(x26)         x10=00000072 x26:1c0009a4  PA:1c0009a4
20274489ns          337405 1c008dec 001d0413 addi             x8, x26, 1           x8=1c0009a5 x26:1c0009a4
20274509ns          337406 1c008df0 0c050b63 beq              x10, x0, 214        x10:00000072
20274530ns          337407 1c008df2 02500793 addi             x15, x0, 37         x15=00000025
20274550ns          337408 1c008df6 fef513e3 bne              x10, x15, -26       x10:00000072 x15:00000025
20274611ns          337411 1c008ddc 017005b3 add              x11, x0, x23        x11=00000002 x23:00000002
20274631ns          337412 1c008dde 000980e7 jalr             x1, x19, 0           x1=1c008de0 x19:1c008d20
20274671ns          337414 1c008d20 f14027f3 csrrs            x15, x0, 0xf14      x15=00000003
20274692ns          337415 1c008d24 1a10f6b7 lui              x13, 0x1a10f000     x13=1a10f000
20274712ns          337416 1c008d28 ca5797b3 p.extractu       x15, x15, 5, 5      x15=00000000 x15:00000003
20274732ns          337417 1c008d2c f1402773 csrrs            x14, x0, 0xf14      x14=00000003
20274752ns          337418 1c008d30 00779793 slli             x15, x15, 0x7       x15=00000000 x15:00000000
20274772ns          337419 1c008d32 00371713 slli             x14, x14, 0x3       x14=00000018 x14:00000003
20274793ns          337420 1c008d34 0ff57513 andi             x10, x10, 255       x10=00000072 x10:00000072
20274813ns          337421 1c008d38 ee873733 p.bclr           x14, x14, 23, 8     x14=00000018 x14:00000018
20274833ns          337422 1c008d3c 00d787b3 add              x15, x15, x13       x15=1a10f000 x15:00000000 x13:1a10f000
20274853ns          337423 1c008d3e 00a767a3 p.sw             x10, x0(x14)        x10:00000072 x14:00000018  PA:1a10f018
20275177ns          337439 1c008d42 00000513 addi             x10, x0, 0          x10=00000000
20275198ns          337440 1c008d44 00008067 jalr             x0, x1, 0            x1:1c008de0
20275238ns          337442 1c008de0 15f52063 p.beqimm         x10, 320            x10:00000000
20275258ns          337443 1c008de4 001a8a93 addi             x21, x21, 1         x21=00000020 x21:0000001f
20275278ns          337444 1c008de6 00800d33 add              x26, x0, x8         x26=1c0009a5  x8:1c0009a5
20275299ns          337445 1c008de8 000d4503 lbu              x10, 0(x26)         x10=00000065 x26:1c0009a5  PA:1c0009a5
20275623ns          337461 1c008dec 001d0413 addi             x8, x26, 1           x8=1c0009a6 x26:1c0009a5
20275643ns          337462 1c008df0 0c050b63 beq              x10, x0, 214        x10:00000065
20275663ns          337463 1c008df2 02500793 addi             x15, x0, 37         x15=00000025
20275683ns          337464 1c008df6 fef513e3 bne              x10, x15, -26       x10:00000065 x15:00000025
20275744ns          337467 1c008ddc 017005b3 add              x11, x0, x23        x11=00000002 x23:00000002
20275764ns          337468 1c008dde 000980e7 jalr             x1, x19, 0           x1=1c008de0 x19:1c008d20
20275805ns          337470 1c008d20 f14027f3 csrrs            x15, x0, 0xf14      x15=00000003
20275825ns          337471 1c008d24 1a10f6b7 lui              x13, 0x1a10f000     x13=1a10f000
20275845ns          337472 1c008d28 ca5797b3 p.extractu       x15, x15, 5, 5      x15=00000000 x15:00000003
20275865ns          337473 1c008d2c f1402773 csrrs            x14, x0, 0xf14      x14=00000003
20275886ns          337474 1c008d30 00779793 slli             x15, x15, 0x7       x15=00000000 x15:00000000
20275906ns          337475 1c008d32 00371713 slli             x14, x14, 0x3       x14=00000018 x14:00000003
20275926ns          337476 1c008d34 0ff57513 andi             x10, x10, 255       x10=00000065 x10:00000065
20275946ns          337477 1c008d38 ee873733 p.bclr           x14, x14, 23, 8     x14=00000018 x14:00000018
20275967ns          337478 1c008d3c 00d787b3 add              x15, x15, x13       x15=1a10f000 x15:00000000 x13:1a10f000
20275987ns          337479 1c008d3e 00a767a3 p.sw             x10, x0(x14)        x10:00000065 x14:00000018  PA:1a10f018
20276311ns          337495 1c008d42 00000513 addi             x10, x0, 0          x10=00000000
20276331ns          337496 1c008d44 00008067 jalr             x0, x1, 0            x1:1c008de0
20276371ns          337498 1c008de0 15f52063 p.beqimm         x10, 320            x10:00000000
20276392ns          337499 1c008de4 001a8a93 addi             x21, x21, 1         x21=00000021 x21:00000020
20276412ns          337500 1c008de6 00800d33 add              x26, x0, x8         x26=1c0009a6  x8:1c0009a6
20276432ns          337501 1c008de8 000d4503 lbu              x10, 0(x26)         x10=00000020 x26:1c0009a6  PA:1c0009a6
20276756ns          337517 1c008dec 001d0413 addi             x8, x26, 1           x8=1c0009a7 x26:1c0009a6
20276776ns          337518 1c008df0 0c050b63 beq              x10, x0, 214        x10:00000020
20276796ns          337519 1c008df2 02500793 addi             x15, x0, 37         x15=00000025
20276817ns          337520 1c008df6 fef513e3 bne              x10, x15, -26       x10:00000020 x15:00000025
20276877ns          337523 1c008ddc 017005b3 add              x11, x0, x23        x11=00000002 x23:00000002
20276898ns          337524 1c008dde 000980e7 jalr             x1, x19, 0           x1=1c008de0 x19:1c008d20
20276938ns          337526 1c008d20 f14027f3 csrrs            x15, x0, 0xf14      x15=00000003
20276958ns          337527 1c008d24 1a10f6b7 lui              x13, 0x1a10f000     x13=1a10f000
20276979ns          337528 1c008d28 ca5797b3 p.extractu       x15, x15, 5, 5      x15=00000000 x15:00000003
20276999ns          337529 1c008d2c f1402773 csrrs            x14, x0, 0xf14      x14=00000003
20277019ns          337530 1c008d30 00779793 slli             x15, x15, 0x7       x15=00000000 x15:00000000
20277039ns          337531 1c008d32 00371713 slli             x14, x14, 0x3       x14=00000018 x14:00000003
20277060ns          337532 1c008d34 0ff57513 andi             x10, x10, 255       x10=00000020 x10:00000020
20277080ns          337533 1c008d38 ee873733 p.bclr           x14, x14, 23, 8     x14=00000018 x14:00000018
20277100ns          337534 1c008d3c 00d787b3 add              x15, x15, x13       x15=1a10f000 x15:00000000 x13:1a10f000
20277120ns          337535 1c008d3e 00a767a3 p.sw             x10, x0(x14)        x10:00000020 x14:00000018  PA:1a10f018
20277444ns          337551 1c008d42 00000513 addi             x10, x0, 0          x10=00000000
20277464ns          337552 1c008d44 00008067 jalr             x0, x1, 0            x1:1c008de0
20277505ns          337554 1c008de0 15f52063 p.beqimm         x10, 320            x10:00000000
20277525ns          337555 1c008de4 001a8a93 addi             x21, x21, 1         x21=00000022 x21:00000021
20277545ns          337556 1c008de6 00800d33 add              x26, x0, x8         x26=1c0009a7  x8:1c0009a7
20277566ns          337557 1c008de8 000d4503 lbu              x10, 0(x26)         x10=00000025 x26:1c0009a7  PA:1c0009a7
20277889ns          337573 1c008dec 001d0413 addi             x8, x26, 1           x8=1c0009a8 x26:1c0009a7
20277910ns          337574 1c008df0 0c050b63 beq              x10, x0, 214        x10:00000025
20277930ns          337575 1c008df2 02500793 addi             x15, x0, 37         x15=00000025
20277950ns          337576 1c008df6 fef513e3 bne              x10, x15, -26       x10:00000025 x15:00000025
20277970ns          337577 1c008dfa 00012a23 sw               x0, 20(x2)           x2:10001338  PA:1000134c
20277991ns          337578 1c008dfc 00012823 sw               x0, 16(x2)           x2:10001338  PA:10001348
20278011ns          337579 1c008dfe 00012623 sw               x0, 12(x2)           x2:10001338  PA:10001344
20278031ns          337580 1c008e00 00012423 sw               x0, 8(x2)            x2:10001338  PA:10001340
20278051ns          337581 1c008e02 00012223 sw               x0, 4(x2)            x2:10001338  PA:1000133c
20278072ns          337582 1c008e04 02300493 addi             x9, x0, 35           x9=00000023
20278092ns          337583 1c008e08 02d00b13 addi             x22, x0, 45         x22=0000002d
20278112ns          337584 1c008e0c 00044c83 lbu              x25, 0(x8)          x25=00000064  x8:1c0009a8  PA:1c0009a8
20278456ns          337601 1c008e10 00140913 addi             x18, x8, 1          x18=1c0009a9  x8:1c0009a8
20278476ns          337602 1c008e14 019005b3 add              x11, x0, x25        x11=00000064 x25:00000064
20278497ns          337603 1c008e16 9d0c0513 addi             x10, x24, -1584     x10=1c0009d0 x24:1c001000
20278517ns          337604 1c008e1a 01200d33 add              x26, x0, x18        x26=1c0009a9 x18:1c0009a9
20278537ns          337605 1c008e1c 01900db3 add              x27, x0, x25        x27=00000064 x25:00000064
20278557ns          337606 1c008e1e e89ff0ef jal              x1, -376             x1=1c008e20
20279043ns          337630 1c008ca6 00054783 lbu              x15, 0(x10)         x15=0000002d x10:1c0009d0  PA:1c0009d0
20279347ns          337645 1c008caa 0ff5f593 andi             x11, x11, 255       x11=00000064 x11:00000064
20279367ns          337646 1c008cae 00b78c63 beq              x15, x11, 24        x15:0000002d x11:00000064
20279387ns          337647 1c008cb2 00078b63 beq              x15, x0, 22         x15:0000002d
20279407ns          337648 1c008cb4 00150793 addi             x15, x10, 1         x15=1c0009d1 x10:1c0009d0
20279428ns          337649 1c008cb8 0040006f jal              x0, 4              
20279468ns          337651 1c008cbc 00f00533 add              x10, x0, x15        x10=1c0009d1 x15:1c0009d1
20279488ns          337652 1c008cbe 0017c70b p.lbu            x14, 1(x15!)        x14=0000002b x15=1c0009d2 x15:1c0009d1  PA:1c0009d1
20279812ns          337668 1c008cc2 feb71ce3 bne              x14, x11, -8        x14:0000002b x11:00000064
20279994ns          337677 1c008cba 00070763 beq              x14, x0, 14         x14:0000002b
20280015ns          337678 1c008cbc 00f00533 add              x10, x0, x15        x10=1c0009d2 x15:1c0009d2
20280035ns          337679 1c008cbe 0017c70b p.lbu            x14, 1(x15!)        x14=00000020 x15=1c0009d3 x15:1c0009d2  PA:1c0009d2
20280359ns          337695 1c008cc2 feb71ce3 bne              x14, x11, -8        x14:00000020 x11:00000064
20280419ns          337698 1c008cba 00070763 beq              x14, x0, 14         x14:00000020
20280440ns          337699 1c008cbc 00f00533 add              x10, x0, x15        x10=1c0009d3 x15:1c0009d3
20280460ns          337700 1c008cbe 0017c70b p.lbu            x14, 1(x15!)        x14=00000023 x15=1c0009d4 x15:1c0009d3  PA:1c0009d3
20280784ns          337716 1c008cc2 feb71ce3 bne              x14, x11, -8        x14:00000023 x11:00000064
20280844ns          337719 1c008cba 00070763 beq              x14, x0, 14         x14:00000023
20280865ns          337720 1c008cbc 00f00533 add              x10, x0, x15        x10=1c0009d4 x15:1c0009d4
20280885ns          337721 1c008cbe 0017c70b p.lbu            x14, 1(x15!)        x14=00000030 x15=1c0009d5 x15:1c0009d4  PA:1c0009d4
20281209ns          337737 1c008cc2 feb71ce3 bne              x14, x11, -8        x14:00000030 x11:00000064
20281270ns          337740 1c008cba 00070763 beq              x14, x0, 14         x14:00000030
20281290ns          337741 1c008cbc 00f00533 add              x10, x0, x15        x10=1c0009d5 x15:1c0009d5
20281310ns          337742 1c008cbe 0017c70b p.lbu            x14, 1(x15!)        x14=00000000 x15=1c0009d6 x15:1c0009d5  PA:1c0009d5
20281634ns          337758 1c008cc2 feb71ce3 bne              x14, x11, -8        x14:00000000 x11:00000064
20281695ns          337761 1c008cba 00070763 beq              x14, x0, 14         x14:00000000
20281755ns          337764 1c008cc8 0015b593 sltiu            x11, x11, 1         x11=00000000 x11:00000064
20281776ns          337765 1c008ccc 40b005b3 sub              x11, x0, x11        x11=00000000 x11:00000000
20281796ns          337766 1c008cd0 00b57533 and              x10, x10, x11       x10=00000000 x10:1c0009d5 x11:00000000
20281816ns          337767 1c008cd2 00008067 jalr             x0, x1, 0            x1:1c008e20
20281856ns          337769 1c008e20 02050b63 beq              x10, x0, 54         x10:00000000
20281998ns          337776 1c008e56 02a00693 addi             x13, x0, 42         x13=0000002a
20282018ns          337777 1c008e5a 2edc8263 beq              x25, x13, 740       x25:00000064 x13:0000002a
20282423ns          337797 1c008e5e fd0c8693 addi             x13, x25, -48       x13=00000034 x25:00000064
20282443ns          337798 1c008e62 00900593 addi             x11, x0, 9          x11=00000009
20282464ns          337799 1c008e64 00000b13 addi             x22, x0, 0          x22=00000000
20282484ns          337800 1c008e66 0cd5fd63 bgeu             x11, x13, 218       x11:00000009 x13:00000034
20282504ns          337801 1c008e6a 02e00793 addi             x15, x0, 46         x15=0000002e
20282565ns          337804 1c008e6e 28fd8663 beq              x27, x15, 652       x27:00000064 x15:0000002e
20282585ns          337805 1c008e72 01b00433 add              x8, x0, x27          x8=00000064 x27:00000064
20282605ns          337806 1c008e74 fff00493 addi             x9, x0, -1           x9=ffffffff
20282626ns          337807 1c008e76 1c001737 lui              x14, 0x1c001000     x14=1c001000
20282646ns          337808 1c008e7a 01b005b3 add              x11, x0, x27        x11=00000064 x27:00000064
20282666ns          337809 1c008e7c 9d870513 addi             x10, x14, -1576     x10=1c0009d8 x14:1c001000
20282707ns          337811 1c008e80 e27ff0ef jal              x1, -474             x1=1c008e82
20282767ns          337814 1c008ca6 00054783 lbu              x15, 0(x10)         x15=00000068 x10:1c0009d8  PA:1c0009d8
20283071ns          337829 1c008caa 0ff5f593 andi             x11, x11, 255       x11=00000064 x11:00000064
20283091ns          337830 1c008cae 00b78c63 beq              x15, x11, 24        x15:00000068 x11:00000064
20283111ns          337831 1c008cb2 00078b63 beq              x15, x0, 22         x15:00000068
20283132ns          337832 1c008cb4 00150793 addi             x15, x10, 1         x15=1c0009d9 x10:1c0009d8
20283152ns          337833 1c008cb8 0040006f jal              x0, 4              
20283192ns          337835 1c008cbc 00f00533 add              x10, x0, x15        x10=1c0009d9 x15:1c0009d9
20283213ns          337836 1c008cbe 0017c70b p.lbu            x14, 1(x15!)        x14=0000006c x15=1c0009da x15:1c0009d9  PA:1c0009d9
20283536ns          337852 1c008cc2 feb71ce3 bne              x14, x11, -8        x14:0000006c x11:00000064
20283597ns          337855 1c008cba 00070763 beq              x14, x0, 14         x14:0000006c
20283617ns          337856 1c008cbc 00f00533 add              x10, x0, x15        x10=1c0009da x15:1c0009da
20283638ns          337857 1c008cbe 0017c70b p.lbu            x14, 1(x15!)        x14=0000007a x15=1c0009db x15:1c0009da  PA:1c0009da
20283961ns          337873 1c008cc2 feb71ce3 bne              x14, x11, -8        x14:0000007a x11:00000064
20284022ns          337876 1c008cba 00070763 beq              x14, x0, 14         x14:0000007a
20284042ns          337877 1c008cbc 00f00533 add              x10, x0, x15        x10=1c0009db x15:1c0009db
20284063ns          337878 1c008cbe 0017c70b p.lbu            x14, 1(x15!)        x14=00000000 x15=1c0009dc x15:1c0009db  PA:1c0009db
20284386ns          337894 1c008cc2 feb71ce3 bne              x14, x11, -8        x14:00000000 x11:00000064
20284447ns          337897 1c008cba 00070763 beq              x14, x0, 14         x14:00000000
20284508ns          337900 1c008cc8 0015b593 sltiu            x11, x11, 1         x11=00000000 x11:00000064
20284528ns          337901 1c008ccc 40b005b3 sub              x11, x0, x11        x11=00000000 x11:00000000
20284548ns          337902 1c008cd0 00b57533 and              x10, x10, x11       x10=00000000 x10:1c0009db x11:00000000
20284569ns          337903 1c008cd2 00008067 jalr             x0, x1, 0            x1:1c008e82
20284609ns          337905 1c008e82 00000793 addi             x15, x0, 0          x15=00000000
20284629ns          337906 1c008e84 00050f63 beq              x10, x0, 30         x10:00000000
20284771ns          337913 1c008ea2 06700693 addi             x13, x0, 103        x13=00000067
20284791ns          337914 1c008ea6 0bb6ee63 bltu             x13, x27, 188       x13:00000067 x27:00000064
20284812ns          337915 1c008eaa 06500693 addi             x13, x0, 101        x13=00000065
20284832ns          337916 1c008eae 3addf2e3 bgeu             x27, x13, 2980      x27:00000064 x13:00000065
20284852ns          337917 1c008eb2 04700693 addi             x13, x0, 71         x13=00000047
20284872ns          337918 1c008eb6 39b6ed63 bltu             x13, x27, 922       x13:00000047 x27:00000064
20285034ns          337926 1c009250 06300693 addi             x13, x0, 99         x13=00000063
20285075ns          337928 1c009254 70dd8c63 beq              x27, x13, 1816      x27:00000064 x13:00000063
20285095ns          337929 1c009258 d3b6e5e3 bltu             x13, x27, -726      x13:00000063 x27:00000064
20285297ns          337939 1c008f82 06c00693 addi             x13, x0, 108        x13=0000006c
20285318ns          337940 1c008f86 00d78a63 beq              x15, x13, 20        x15:00000000 x13:0000006c
20285338ns          337941 1c008f8a 07a00693 addi             x13, x0, 122        x13=0000007a
20285398ns          337944 1c008f8e 00d78663 beq              x15, x13, 12        x15:00000000 x13:0000007a
20285439ns          337946 1c008f92 04c00693 addi             x13, x0, 76         x13=0000004c
20285459ns          337947 1c008f96 5ed78de3 beq              x15, x13, 3578      x15:00000000 x13:0000004c
20285479ns          337948 1c008f9a 000a2783 lw               x15, 0(x20)         x15=00000003 x20:100013e0  PA:100013e0
20285500ns          337949 1c008f9e 004a0a13 addi             x20, x20, 4         x20=100013e4 x20:100013e0
20285540ns          337951 1c008fa0 41f7d713 srai             x14, x15, 0x41f     x14=00000000 x15:00000003
20285581ns          337953 1c008fa4 01412e23 sw               x20, 28(x2)         x20:100013e4  x2:10001338  PA:10001354
20285601ns          337954 1c008fa6 00e12223 sw               x14, 4(x2)          x14:00000000  x2:10001338  PA:1000133c
20285621ns          337955 1c008fa8 4e0741e3 blt              x14, x0, 3298       x14:00000000
20285641ns          337956 1c008fac 00c12703 lw               x14, 12(x2)         x14=00000000  x2:10001338  PA:10001344
20285682ns          337958 1c008fae 440709e3 beq              x14, x0, 3154       x14:00000000
20285783ns          337963 1c009c00 01012703 lw               x14, 16(x2)         x14=00000000  x2:10001338  PA:10001348
20285824ns          337965 1c009c02 22070063 beq              x14, x0, 544        x14:00000000
20285925ns          337970 1c009e22 00412c83 lw               x25, 4(x2)          x25=00000000  x2:10001338  PA:1000133c
20285965ns          337972 1c009e24 02410a13 addi             x20, x2, 36         x20=1000135c  x2:10001338
20285985ns          337973 1c009e28 998ff06f jal              x0, -3688          
20286026ns          337975 1c008fc0 00f00433 add              x8, x0, x15          x8=00000003 x15:00000003
20286046ns          337976 1c008fc2 01400db3 add              x27, x0, x20        x27=1000135c x20:1000135c
20286066ns          337977 1c008fc4 0040006f jal              x0, 4              
20286107ns          337979 1c008fc8 00a00613 addi             x12, x0, 10         x12=0000000a
20286127ns          337980 1c008fca 00000693 addi             x13, x0, 0          x13=00000000
20286147ns          337981 1c008fcc 00800533 add              x10, x0, x8         x10=00000003  x8:00000003
20286168ns          337982 1c008fce 019005b3 add              x11, x0, x25        x11=00000000 x25:00000000
20286188ns          337983 1c008fd0 c2aff0ef jal              x1, -3030            x1=1c008fd4
20286269ns          337987 1c0083fa 00c008b3 add              x17, x0, x12        x17=0000000a x12:0000000a
20286309ns          337989 1c0083fc 00d00733 add              x14, x0, x13        x14=00000000 x13:00000000
20286330ns          337990 1c0083fe 00a007b3 add              x15, x0, x10        x15=00000003 x10:00000003
20286370ns          337992 1c008400 00b00833 add              x16, x0, x11        x16=00000000 x11:00000000
20286410ns          337994 1c008402 1c069863 bne              x13, x0, 464        x13:00000000
20286431ns          337995 1c008406 1c0016b7 lui              x13, 0x1c001000     x13=1c001000
20286451ns          337996 1c00840a 86868693 addi             x13, x13, -1944     x13=1c000868 x13:1c001000
20286512ns          337999 1c00840e 0ac5f863 bgeu             x11, x12, 176       x11:00000000 x12:0000000a
20286532ns          338000 1c008412 00010337 lui              x6, 0x10000          x6=00010000
20286552ns          338001 1c008414 08667e63 bgeu             x12, x6, 156        x12:0000000a  x6:00010000
20286572ns          338002 1c008418 0ff00313 addi             x6, x0, 255          x6=000000ff
20286593ns          338003 1c00841c 00c37363 bgeu             x6, x12, 6           x6:000000ff x12:0000000a
20286714ns          338009 1c008422 00e65333 srl              x6, x12, x14         x6=0000000a x12:0000000a x14:00000000
20286734ns          338010 1c008426 006686b3 add              x13, x13, x6        x13=1c000872 x13:1c000868  x6:0000000a
20286755ns          338011 1c008428 0006ce03 lbu              x28, 0(x13)         x28=00000004 x13:1c000872  PA:1c000872
20287058ns          338026 1c00842c 02000313 addi             x6, x0, 32           x6=00000020
20287078ns          338027 1c008430 00ee0e33 add              x28, x28, x14       x28=00000004 x28:00000004 x14:00000000
20287099ns          338028 1c008432 41c30333 sub              x6, x6, x28          x6=0000001c  x6:00000020 x28:00000004
20287119ns          338029 1c008436 00030c63 beq              x6, x0, 24           x6:0000001c
20287139ns          338030 1c00843a 006595b3 sll              x11, x11, x6        x11=00000000 x11:00000000  x6:0000001c
20287200ns          338033 1c00843e 01c55e33 srl              x28, x10, x28       x28=00000000 x10:00000003 x28:00000004
20287240ns          338035 1c008442 006618b3 sll              x17, x12, x6        x17=a0000000 x12:0000000a  x6:0000001c
20287261ns          338036 1c008446 00be6833 or               x16, x28, x11       x16=00000000 x28:00000000 x11:00000000
20287281ns          338037 1c00844a 006517b3 sll              x15, x10, x6        x15=30000000 x10:00000003  x6:0000001c
20287342ns          338040 1c00844e 0108d613 srli             x12, x17, 0x10      x12=0000a000 x17:a0000000
20287382ns          338042 1c008452 02c87733 remu             x14, x16, x12       x14=00000000 x16:00000000 x12:0000a000
20287767ns          338061 1c008456 02c85833 divu             x16, x16, x12       x16=00000000 x16:00000000 x12:0000a000
20288151ns          338080 1c00845a 01089513 slli             x10, x17, 0x10      x10=00000000 x17:a0000000
20288171ns          338081 1c00845e 01055513 srli             x10, x10, 0x10      x10=00000000 x10:00000000
20288192ns          338082 1c008460 01071713 slli             x14, x14, 0x10      x14=00000000 x14:00000000
20288212ns          338083 1c008462 0107d693 srli             x13, x15, 0x10      x13=00003000 x15:30000000
20288232ns          338084 1c008466 03050833 mul              x16, x10, x16       x16=00000000 x10:00000000 x16:00000000
20288252ns          338085 1c00846a 00e6e6b3 or               x13, x13, x14       x13=00003000 x13:00003000 x14:00000000
20288273ns          338086 1c00846c 0106f863 bgeu             x13, x16, 16        x13:00003000 x16:00000000
20288677ns          338106 1c00847c 410686b3 sub              x13, x13, x16       x13=00003000 x13:00003000 x16:00000000
20288698ns          338107 1c008480 02c6f733 remu             x14, x13, x12       x14=00003000 x13:00003000 x12:0000a000
20289082ns          338126 1c008484 02c6d6b3 divu             x13, x13, x12       x13=00000000 x13:00003000 x12:0000a000
20289467ns          338145 1c008488 01079793 slli             x15, x15, 0x10      x15=00000000 x15:30000000
20289487ns          338146 1c00848a 02d506b3 mul              x13, x10, x13       x13=00000000 x10:00000000 x13:00000000
20289507ns          338147 1c00848e 0107d793 srli             x15, x15, 0x10      x15=00000000 x15:00000000
20289527ns          338148 1c008490 01071513 slli             x10, x14, 0x10      x10=30000000 x14:00003000
20289548ns          338149 1c008494 00a7e7b3 or               x15, x15, x10       x15=30000000 x15:00000000 x10:30000000
20289568ns          338150 1c008496 00d7f863 bgeu             x15, x13, 16        x15:30000000 x13:00000000
20289669ns          338155 1c0084a6 40d787b3 sub              x15, x15, x13       x15=30000000 x15:30000000 x13:00000000
20289689ns          338156 1c0084a8 0067d533 srl              x10, x15, x6        x10=00000003 x15:30000000  x6:0000001c
20289710ns          338157 1c0084ac 00000593 addi             x11, x0, 0          x11=00000000
20289730ns          338158 1c0084ae 00008067 jalr             x0, x1, 0            x1:1c008fd4
20289811ns          338162 1c008fd4 00a00933 add              x18, x0, x10        x18=00000003 x10:00000003
20289831ns          338163 1c008fd6 019005b3 add              x11, x0, x25        x11=00000000 x25:00000000
20289851ns          338164 1c008fd8 00800533 add              x10, x0, x8         x10=00000003  x8:00000003
20289872ns          338165 1c008fda 00a00613 addi             x12, x0, 10         x12=0000000a
20289892ns          338166 1c008fdc 00000693 addi             x13, x0, 0          x13=00000000
20289912ns          338167 1c008fde 8beff0ef jal              x1, -3906            x1=1c008fe2
20289952ns          338169 1c00809c 00b007b3 add              x15, x0, x11        x15=00000000 x11:00000000
20289973ns          338170 1c00809e 00c00833 add              x16, x0, x12        x16=0000000a x12:0000000a
20290013ns          338172 1c0080a0 00d008b3 add              x17, x0, x13        x17=00000000 x13:00000000
20290033ns          338173 1c0080a2 00a00333 add              x6, x0, x10          x6=00000003 x10:00000003
20290054ns          338174 1c0080a4 20069663 bne              x13, x0, 524        x13:00000000
20290074ns          338175 1c0080a8 1c001737 lui              x14, 0x1c001000     x14=1c001000
20290094ns          338176 1c0080ac 86870713 addi             x14, x14, -1944     x14=1c000868 x14:1c001000
20290155ns          338179 1c0080b0 0ac5fe63 bgeu             x11, x12, 188       x11:00000000 x12:0000000a
20290195ns          338181 1c0080b4 000106b7 lui              x13, 0x10000        x13=00010000
20290216ns          338182 1c0080b6 0ad67463 bgeu             x12, x13, 168       x12:0000000a x13:00010000
20290236ns          338183 1c0080ba 0ff00693 addi             x13, x0, 255        x13=000000ff
20290256ns          338184 1c0080be 00c6b6b3 sltu             x13, x13, x12       x13=00000000 x13:000000ff x12:0000000a
20290276ns          338185 1c0080c2 00369693 slli             x13, x13, 0x3       x13=00000000 x13:00000000
20290297ns          338186 1c0080c4 00d658b3 srl              x17, x12, x13       x17=0000000a x12:0000000a x13:00000000
20290317ns          338187 1c0080c8 01170733 add              x14, x14, x17       x14=1c000872 x14:1c000868 x17:0000000a
20290337ns          338188 1c0080ca 00074703 lbu              x14, 0(x14)         x14=00000004 x14:1c000872  PA:1c000872
20290661ns          338204 1c0080ce 00e686b3 add              x13, x13, x14       x13=00000004 x13:00000000 x14:00000004
20290681ns          338205 1c0080d0 02000713 addi             x14, x0, 32         x14=00000020
20290701ns          338206 1c0080d4 40d70733 sub              x14, x14, x13       x14=0000001c x14:00000020 x13:00000004
20290722ns          338207 1c0080d6 00070b63 beq              x14, x0, 22         x14:0000001c
20290742ns          338208 1c0080d8 00e797b3 sll              x15, x15, x14       x15=00000000 x15:00000000 x14:0000001c
20290762ns          338209 1c0080dc 00d556b3 srl              x13, x10, x13       x13=00000000 x10:00000003 x13:00000004
20290803ns          338211 1c0080e0 00e61833 sll              x16, x12, x14       x16=a0000000 x12:0000000a x14:0000001c
20290843ns          338213 1c0080e4 00f6e5b3 or               x11, x13, x15       x11=00000000 x13:00000000 x15:00000000
20290863ns          338214 1c0080e8 00e51333 sll              x6, x10, x14         x6=30000000 x10:00000003 x14:0000001c
20290884ns          338215 1c0080ec 01085513 srli             x10, x16, 0x10      x10=0000a000 x16:a0000000
20290944ns          338218 1c0080f0 02a5f733 remu             x14, x11, x10       x14=00000000 x11:00000000 x10:0000a000
20291349ns          338238 1c0080f4 02a5d7b3 divu             x15, x11, x10       x15=00000000 x11:00000000 x10:0000a000
20291734ns          338257 1c0080f8 01081613 slli             x12, x16, 0x10      x12=00000000 x16:a0000000
20291754ns          338258 1c0080fc 01071713 slli             x14, x14, 0x10      x14=00000000 x14:00000000
20291774ns          338259 1c0080fe 01065613 srli             x12, x12, 0x10      x12=00000000 x12:00000000
20291794ns          338260 1c008100 01035693 srli             x13, x6, 0x10       x13=00003000  x6:30000000
20291815ns          338261 1c008104 00e6e6b3 or               x13, x13, x14       x13=00003000 x13:00003000 x14:00000000
20291835ns          338262 1c008106 02f605b3 mul              x11, x12, x15       x11=00000000 x12:00000000 x15:00000000
20291855ns          338263 1c00810a 00f00733 add              x14, x0, x15        x14=00000000 x15:00000000
20291875ns          338264 1c00810c 00b6fc63 bgeu             x13, x11, 24        x13:00003000 x11:00000000
20291976ns          338269 1c008124 40b686b3 sub              x13, x13, x11       x13=00003000 x13:00003000 x11:00000000
20292017ns          338271 1c008126 02a6f7b3 remu             x15, x13, x10       x15=00003000 x13:00003000 x10:0000a000
20292402ns          338290 1c00812a 02a6d6b3 divu             x13, x13, x10       x13=00000000 x13:00003000 x10:0000a000
20292786ns          338309 1c00812e 01031313 slli             x6, x6, 0x10         x6=00000000  x6:30000000
20292806ns          338310 1c008130 01079793 slli             x15, x15, 0x10      x15=30000000 x15:00003000
20292827ns          338311 1c008132 01035313 srli             x6, x6, 0x10         x6=00000000  x6:00000000
20292847ns          338312 1c008136 02d605b3 mul              x11, x12, x13       x11=00000000 x12:00000000 x13:00000000
20292867ns          338313 1c00813a 0067e333 or               x6, x15, x6          x6=30000000 x15:30000000  x6:00000000
20292887ns          338314 1c00813e 00d00533 add              x10, x0, x13        x10=00000000 x13:00000000
20292928ns          338316 1c008140 00b37b63 bgeu             x6, x11, 22          x6:30000000 x11:00000000
20293029ns          338321 1c008156 01071713 slli             x14, x14, 0x10      x14=00000000 x14:00000000
20293069ns          338323 1c008158 00a76733 or               x14, x14, x10       x14=00000000 x14:00000000 x10:00000000
20293090ns          338324 1c00815a 00000593 addi             x11, x0, 0          x11=00000000
20293110ns          338325 1c00815c 0b20006f jal              x0, 178            
20293231ns          338331 1c00820e 00e00533 add              x10, x0, x14        x10=00000000 x14:00000000
20293312ns          338335 1c008210 00008067 jalr             x0, x1, 0            x1:1c008fe2
20293373ns          338338 1c008fe2 03090913 addi             x18, x18, 48        x18=00000033 x18:00000003
20293393ns          338339 1c008fe6 012d8023 sb               x18, 0(x27)         x18:00000033 x27:1000135c  PA:1000135c
20293414ns          338340 1c008fea 00a5e7b3 or               x15, x11, x10       x15=00000000 x11:00000000 x10:00000000
20293474ns          338343 1c008fee 001d8913 addi             x18, x27, 1         x18=1000135d x27:1000135c
20293494ns          338344 1c008ff2 00a00433 add              x8, x0, x10          x8=00000000 x10:00000000
20293515ns          338345 1c008ff4 00b00cb3 add              x25, x0, x11        x25=00000000 x11:00000000
20293535ns          338346 1c008ff6 fc0798e3 bne              x15, x0, -48        x15:00000000
20293555ns          338347 1c008ff8 00090023 sb               x0, 0(x18)          x18:1000135d  PA:1000135d
20293575ns          338348 1c008ffc 01ba7d63 bgeu             x20, x27, 26        x20:1000135c x27:1000135c
20293697ns          338354 1c009016 00012783 lw               x15, 0(x2)          x15=1000135c  x2:10001338  PA:10001338
20293737ns          338356 1c009018 00c12703 lw               x14, 12(x2)         x14=00000000  x2:10001338  PA:10001344
20293758ns          338357 1c00901a 40f90933 sub              x18, x18, x15       x18=00000001 x18:1000135d x15:1000135c
20293818ns          338360 1c00901e 3c071de3 bne              x14, x0, 3034       x14:00000000
20293839ns          338361 1c009022 01012783 lw               x15, 16(x2)         x15=00000000  x2:10001338  PA:10001348
20293879ns          338363 1c009024 3c079ae3 bne              x15, x0, 3028       x15:00000000
20293899ns          338364 1c009028 00412703 lw               x14, 4(x2)          x14=00000000  x2:10001338  PA:1000133c
20293940ns          338366 1c00902a 01f75713 srli             x14, x14, 0x1f      x14=00000000 x14:00000000
20293960ns          338367 1c00902c 00e12223 sw               x14, 4(x2)          x14:00000000  x2:10001338  PA:1000133c
20293980ns          338368 1c00902e 3404c463 blt              x9, x0, 840          x9:ffffffff
20294041ns          338371 1c009376 00000c93 addi             x25, x0, 0          x25=00000000
20294061ns          338372 1c009378 00012c23 sw               x0, 24(x2)           x2:10001338  PA:10001350
20294081ns          338373 1c00937a 00000a13 addi             x20, x0, 0          x20=00000000
20294102ns          338374 1c00937c 01412783 lw               x15, 20(x2)         x15=00000000  x2:10001338  PA:1000134c
20294142ns          338376 1c00937e 5e078163 beq              x15, x0, 1506       x15:00000000
20294243ns          338381 1c009960 412b0b33 sub              x22, x22, x18       x22=ffffffff x22:00000000 x18:00000001
20294284ns          338383 1c009964 02410413 addi             x8, x2, 36           x8=1000135c  x2:10001338
20294304ns          338384 1c009966 00000493 addi             x9, x0, 0            x9=00000000
20294324ns          338385 1c009968 ee6ff06f jal              x0, -2330          
20294405ns          338389 1c00904e 00812703 lw               x14, 8(x2)          x14=00000000  x2:10001338  PA:10001340
20294486ns          338393 1c009050 02071063 bne              x14, x0, 32         x14:00000000
20294527ns          338395 1c009052 01605f63 bge              x0, x22, 30         x22:ffffffff
20294628ns          338400 1c009070 00412783 lw               x15, 4(x2)          x15=00000000  x2:10001338  PA:1000133c
20294668ns          338402 1c009072 00f40db3 add              x27, x8, x15        x27=1000135c  x8:1000135c x15:00000000
20294689ns          338403 1c009076 00c0006f jal              x0, 12             
20294770ns          338407 1c009082 017005b3 add              x11, x0, x23        x11=00000002 x23:00000002
20294810ns          338409 1c009084 ffb41ae3 bne              x8, x27, -12         x8:1000135c x27:1000135c
20294830ns          338410 1c009088 00900db3 add              x27, x0, x9         x27=00000000  x9:00000000
20294851ns          338411 1c00908a 0080006f jal              x0, 8              
20294952ns          338416 1c009092 fffd8d93 addi             x27, x27, -1        x27=ffffffff x27:00000000
20294972ns          338417 1c009094 017005b3 add              x11, x0, x23        x11=00000002 x23:00000002
20294992ns          338418 1c009096 03000513 addi             x10, x0, 48         x10=00000030
20295012ns          338419 1c00909a fffdb9e3 p.bneimm         x27, -14            x27:ffffffff
20295033ns          338420 1c00909e 00412703 lw               x14, 4(x2)          x14=00000000  x2:10001338  PA:1000133c
20295458ns          338441 1c0090a0 40e90933 sub              x18, x18, x14       x18=00000001 x18:00000001 x14:00000000
20295498ns          338443 1c0090a4 01212423 sw               x18, 8(x2)          x18:00000001  x2:10001338  PA:10001340
20295518ns          338444 1c0090a6 e40a15e3 bne              x20, x0, -438       x20:00000000
20295539ns          338445 1c0090aa 01812783 lw               x15, 24(x2)         x15=00000000  x2:10001338  PA:10001350
20295579ns          338447 1c0090ac 16079763 bne              x15, x0, 366        x15:00000000
20295599ns          338448 1c0090b0 120c8863 beq              x25, x0, 304        x25:00000000
20295660ns          338451 1c0091e0 017005b3 add              x11, x0, x23        x11=00000002 x23:00000002
20295680ns          338452 1c0091e2 ff2049e3 blt              x0, x18, -14        x18:00000001
20295782ns          338457 1c0091d4 0014450b p.lbu            x10, 1(x8!)         x10=00000033  x8=1000135d  x8:1000135c  PA:1000135c
20295822ns          338459 1c0091d8 fff90913 addi             x18, x18, -1        x18=00000000 x18:00000001
20295842ns          338460 1c0091da 000980e7 jalr             x1, x19, 0           x1=1c0091dc x19:1c008d20
20295923ns          338464 1c008d20 f14027f3 csrrs            x15, x0, 0xf14      x15=00000003
20295964ns          338466 1c008d24 1a10f6b7 lui              x13, 0x1a10f000     x13=1a10f000
20295984ns          338467 1c008d28 ca5797b3 p.extractu       x15, x15, 5, 5      x15=00000000 x15:00000003
20296004ns          338468 1c008d2c f1402773 csrrs            x14, x0, 0xf14      x14=00000003
20296065ns          338471 1c008d30 00779793 slli             x15, x15, 0x7       x15=00000000 x15:00000000
20296085ns          338472 1c008d32 00371713 slli             x14, x14, 0x3       x14=00000018 x14:00000003
20296105ns          338473 1c008d34 0ff57513 andi             x10, x10, 255       x10=00000033 x10:00000033
20296126ns          338474 1c008d38 ee873733 p.bclr           x14, x14, 23, 8     x14=00000018 x14:00000018
20296146ns          338475 1c008d3c 00d787b3 add              x15, x15, x13       x15=1a10f000 x15:00000000 x13:1a10f000
20296207ns          338478 1c008d3e 00a767a3 p.sw             x10, x0(x14)        x10:00000033 x14:00000018  PA:1a10f018
20296530ns          338494 1c008d42 00000513 addi             x10, x0, 0          x10=00000000
20296551ns          338495 1c008d44 00008067 jalr             x0, x1, 0            x1:1c0091dc
20296632ns          338499 1c0091dc d5f522e3 p.beqimm         x10, -700           x10:00000000
20296672ns          338501 1c0091e0 017005b3 add              x11, x0, x23        x11=00000002 x23:00000002
20296692ns          338502 1c0091e2 ff2049e3 blt              x0, x18, -14        x18:00000000
20296713ns          338503 1c0091e6 00412783 lw               x15, 4(x2)          x15=00000000  x2:10001338  PA:1000133c
20296733ns          338504 1c0091e8 01c12a03 lw               x20, 28(x2)         x20=100013e4  x2:10001338  PA:10001354
20296753ns          338505 1c0091ea 00fa8733 add              x14, x21, x15       x14=00000022 x21:00000022 x15:00000000
20296773ns          338506 1c0091ee 00812783 lw               x15, 8(x2)          x15=00000001  x2:10001338  PA:10001340
20296794ns          338507 1c0091f0 00970733 add              x14, x14, x9        x14=00000022 x14:00000022  x9:00000000
20296834ns          338509 1c0091f2 00e78ab3 add              x21, x15, x14       x21=00000023 x15:00000001 x14:00000022
20296854ns          338510 1c0091f6 bf6059e3 bge              x0, x22, -1038      x22:ffffffff
20297016ns          338518 1c008de8 000d4503 lbu              x10, 0(x26)         x10=0000000a x26:1c0009a9  PA:1c0009a9
20297340ns          338534 1c008dec 001d0413 addi             x8, x26, 1           x8=1c0009aa x26:1c0009a9
20297360ns          338535 1c008df0 0c050b63 beq              x10, x0, 214        x10:0000000a
20297381ns          338536 1c008df2 02500793 addi             x15, x0, 37         x15=00000025
20297401ns          338537 1c008df6 fef513e3 bne              x10, x15, -26       x10:0000000a x15:00000025
20297563ns          338545 1c008ddc 017005b3 add              x11, x0, x23        x11=00000002 x23:00000002
20297583ns          338546 1c008dde 000980e7 jalr             x1, x19, 0           x1=1c008de0 x19:1c008d20
20297623ns          338548 1c008d20 f14027f3 csrrs            x15, x0, 0xf14      x15=00000003
20297644ns          338549 1c008d24 1a10f6b7 lui              x13, 0x1a10f000     x13=1a10f000
20297664ns          338550 1c008d28 ca5797b3 p.extractu       x15, x15, 5, 5      x15=00000000 x15:00000003
20297684ns          338551 1c008d2c f1402773 csrrs            x14, x0, 0xf14      x14=00000003
20297704ns          338552 1c008d30 00779793 slli             x15, x15, 0x7       x15=00000000 x15:00000000
20297725ns          338553 1c008d32 00371713 slli             x14, x14, 0x3       x14=00000018 x14:00000003
20297745ns          338554 1c008d34 0ff57513 andi             x10, x10, 255       x10=0000000a x10:0000000a
20297765ns          338555 1c008d38 ee873733 p.bclr           x14, x14, 23, 8     x14=00000018 x14:00000018
20297785ns          338556 1c008d3c 00d787b3 add              x15, x15, x13       x15=1a10f000 x15:00000000 x13:1a10f000
20297806ns          338557 1c008d3e 00a767a3 p.sw             x10, x0(x14)        x10:0000000a x14:00000018  PA:1a10f018
20298129ns          338573 1c008d42 00000513 addi             x10, x0, 0          x10=00000000
20298150ns          338574 1c008d44 00008067 jalr             x0, x1, 0            x1:1c008de0
20298190ns          338576 1c008de0 15f52063 p.beqimm         x10, 320            x10:00000000
20298210ns          338577 1c008de4 001a8a93 addi             x21, x21, 1         x21=00000024 x21:00000023
20298231ns          338578 1c008de6 00800d33 add              x26, x0, x8         x26=1c0009aa  x8:1c0009aa
20298251ns          338579 1c008de8 000d4503 lbu              x10, 0(x26)         x10=00000000 x26:1c0009aa  PA:1c0009aa
20298534ns          338593 1c008dec 001d0413 addi             x8, x26, 1           x8=1c0009ab x26:1c0009aa
20298554ns          338594 1c008df0 0c050b63 beq              x10, x0, 214        x10:00000000
20298615ns          338597 1c008ec6 01500433 add              x8, x0, x21          x8=00000024 x21:00000024
20298635ns          338598 1c008ec8 00800533 add              x10, x0, x8         x10=00000024  x8:00000024
20298656ns          338599 1c008eca 07c12083 lw               x1, 124(x2)          x1=1c008da4  x2:10001338  PA:100013b4
20298676ns          338600 1c008ecc 07812403 lw               x8, 120(x2)          x8=xxxxxxxx  x2:10001338  PA:100013b0
20298696ns          338601 1c008ece 07412483 lw               x9, 116(x2)          x9=00000003  x2:10001338  PA:100013ac
20299060ns          338619 1c008ed0 07012903 lw               x18, 112(x2)        x18=00204000  x2:10001338  PA:100013a8
20299081ns          338620 1c008ed2 06c12983 lw               x19, 108(x2)        x19=00000003  x2:10001338  PA:100013a4
20299101ns          338621 1c008ed4 06812a03 lw               x20, 104(x2)        x20=1c01011e  x2:10001338  PA:100013a0
20299121ns          338622 1c008ed6 06412a83 lw               x21, 100(x2)        x21=1c010122  x2:10001338  PA:1000139c
20299141ns          338623 1c008ed8 06012b03 lw               x22, 96(x2)         x22=xxxxxxxx  x2:10001338  PA:10001398
20299162ns          338624 1c008eda 05c12b83 lw               x23, 92(x2)         x23=xxxxxxxx  x2:10001338  PA:10001394
20299182ns          338625 1c008edc 05812c03 lw               x24, 88(x2)         x24=xxxxxxxx  x2:10001338  PA:10001390
20299202ns          338626 1c008ede 05412c83 lw               x25, 84(x2)         x25=xxxxxxxx  x2:10001338  PA:1000138c
20299546ns          338643 1c008ee0 05012d03 lw               x26, 80(x2)         x26=xxxxxxxx  x2:10001338  PA:10001388
20299566ns          338644 1c008ee2 04c12d83 lw               x27, 76(x2)         x27=xxxxxxxx  x2:10001338  PA:10001384
20299587ns          338645 1c008ee4 08010113 addi             x2, x2, 128          x2=100013b8  x2:10001338
20299607ns          338646 1c008ee6 00008067 jalr             x0, x1, 0            x1:1c008da4
20299688ns          338650 1c008da4 01c12083 lw               x1, 28(x2)           x1=1c008780  x2:100013b8  PA:100013d4
20299708ns          338651 1c008da6 04010113 addi             x2, x2, 64           x2=100013f8  x2:100013b8
20299749ns          338653 1c008da8 00008067 jalr             x0, x1, 0            x1:1c008780
20299890ns          338660 1c008780 00900533 add              x10, x0, x9         x10=00000003  x9:00000003
20299911ns          338661 1c008782 3a6000ef jal              x1, 934              x1=1c008784
20300336ns          338682 1c008b28 002047b7 lui              x15, 0x204000       x15=00204000
20300376ns          338684 1c008b2c 02078793 addi             x15, x15, 32        x15=00204020 x15:00204000
20300781ns          338704 1c008b30 00f50533 add              x10, x10, x15       x10=00204023 x10:00000003 x15:00204020
20300801ns          338705 1c008b32 00751513 slli             x10, x10, 0x7       x10=10201180 x10:00204023
20300821ns          338706 1c008b34 00008067 jalr             x0, x1, 0            x1:1c008784
20300862ns          338708 1c008784 00a00433 add              x8, x0, x10          x8=10201180 x10:10201180
20300882ns          338709 1c008786 1c001bb7 lui              x23, 0x1c001000     x23=1c001000
20300902ns          338710 1c00878a 1c001b37 lui              x22, 0x1c001000     x22=1c001000
20301307ns          338730 1c00878e 1c048e63 beq              x9, x0, 476          x9:00000003
20301348ns          338732 1c008792 7b4b8993 addi             x19, x23, 1972      x19=1c0017b4 x23:1c001000
20301368ns          338733 1c008796 7d4b0913 addi             x18, x22, 2004      x18=1c0017d4 x22:1c001000
20301388ns          338734 1c00879a 002046b7 lui              x13, 0x204000       x13=00204000
20301793ns          338754 1c00879e 21c68793 addi             x15, x13, 540       x15=0020421c x13:00204000
20301813ns          338755 1c0087a2 0007a783 lw               x15, 0(x15)         x15=00010000 x15:0020421c  PA:0020421c
20345815ns          340929 1c0087a4 00249a13 slli             x20, x9, 0x2        x20=0000000c  x9:00000003
20345835ns          340930 1c0087a8 2149f803 lw               x16, x20(x19)       x16=100025d8 x20:0000000c x19:1c0017b4  PA:1c0017c0
20346199ns          340948 1c0087ac 0c068593 addi             x11, x13, 192       x11=002040c0 x13:00204000
20346220ns          340949 1c0087b0 0005a783 lw               x15, 0(x11)         x15=00000000 x11:002040c0  PA:002040c0
20356380ns          341451 1c0087b2 002027b7 lui              x15, 0x202000       x15=00202000
20356400ns          341452 1c0087b6 80078793 addi             x15, x15, -2048     x15=00201800 x15:00202000
20356421ns          341453 1c0087ba 0007a603 lw               x12, 0(x15)         x12=00000000 x15:00201800  PA:00201800
20356522ns          341458 1c0087be 00160737 lui              x14, 0x160000       x14=00160000
20356542ns          341459 1c0087c2 00100513 addi             x10, x0, 1          x10=00000001
20356562ns          341460 1c0087c4 04070713 addi             x14, x14, 64        x14=00160040 x14:00160000
20356583ns          341461 1c0087c8 c1674733 p.bset           x14, x14, 0, 22     x14=00560040 x14:00160040
20356603ns          341462 1c0087cc 00e7a023 sw               x14, 0(x15)         x14:00560040 x15:00201800  PA:00201800
20356684ns          341466 1c0087d0 0107a023 sw               x16, 0(x15)         x16:100025d8 x15:00201800  PA:00201800
20356765ns          341470 1c0087d4 1c001837 lui              x16, 0x1c001000     x16=1c001000
20356785ns          341471 1c0087d8 27080813 addi             x16, x16, 624       x16=1c001270 x16:1c001000
20356805ns          341472 1c0087dc 0107a023 sw               x16, 0(x15)         x16:1c001270 x15:00201800  PA:00201800
20356886ns          341476 1c0087e0 0c06a023 sw               x0, 192(x13)        x13:00204000  PA:002040c0
20356906ns          341477 1c0087e4 0005a703 lw               x14, 0(x11)         x14=00000000 x11:002040c0  PA:002040c0
20357412ns          341502 1c0087e6 0047a703 lw               x14, 4(x15)         x14=00030003 x15:00201800  PA:00201804
20357514ns          341507 1c0087ea 40c75733 sra              x14, x14, x12       x14=00030003 x14:00030003 x12:00000000
20357534ns          341508 1c0087ee fc173733 p.bclr           x14, x14, 30, 1     x14=00000001 x14:00030003
20357554ns          341509 1c0087f2 00c51533 sll              x10, x10, x12       x10=00000001 x10:00000001 x12:00000000
20357574ns          341510 1c0087f6 02070363 beq              x14, x0, 38         x14:00000001
20357595ns          341511 1c0087f8 10000713 addi             x14, x0, 256        x14=00000100
20357615ns          341512 1c0087fc 03c68893 addi             x17, x13, 60        x17=0020403c x13:00204000
20357655ns          341514 1c008800 00f00633 add              x12, x0, x15        x12=00201800 x15:00201800
20357696ns          341516 1c008802 0c06a023 sw               x0, 192(x13)        x13:00204000  PA:002040c0
20357716ns          341517 1c008806 00e6a423 sw               x14, 8(x13)         x14:00000100 x13:00204000  PA:00204008
20357736ns          341518 1c00880a 0008a783 lw               x15, 0(x17)         x15=00000100 x17:0020403c  PA:0020403c
20357797ns          341521 1c00880e 00e6a223 sw               x14, 4(x13)         x14:00000100 x13:00204000  PA:00204004
20357817ns          341522 1c008812 0005a783 lw               x15, 0(x11)         x15=00000000 x11:002040c0  PA:002040c0
20358060ns          341534 1c008814 00462783 lw               x15, 4(x12)         x15=00030002 x12:00201800  PA:00201804
20358161ns          341539 1c008818 00a7f7b3 and              x15, x15, x10       x15=00000000 x15:00030002 x10:00000001
20358182ns          341540 1c00881a fe0794e3 bne              x15, x0, -24        x15:00000000
20358202ns          341541 1c00881c 002027b7 lui              x15, 0x202000       x15=00202000
20358222ns          341542 1c008820 80078793 addi             x15, x15, -2048     x15=00201800 x15:00202000
20358242ns          341543 1c008824 00a7a223 sw               x10, 4(x15)         x10:00000001 x15:00201800  PA:00201804
20358323ns          341547 1c008828 00204637 lui              x12, 0x204000       x12=00204000
20358343ns          341548 1c00882c 0c062023 sw               x0, 192(x12)        x12:00204000  PA:002040c0
20358364ns          341549 1c008830 21497883 lw               x17, x20(x18)       x17=10002620 x20:0000000c x18:1c0017d4  PA:1c0017e0
20358667ns          341564 1c008834 0c060713 addi             x14, x12, 192       x14=002040c0 x12:00204000
20358688ns          341565 1c008838 00072683 lw               x13, 0(x14)         x13=00000000 x14:002040c0  PA:002040c0
20359274ns          341594 1c00883a 0007a583 lw               x11, 0(x15)         x11=00000001 x15:00201800  PA:00201800
20359355ns          341598 1c00883e 001606b7 lui              x13, 0x160000       x13=00160000
20359376ns          341599 1c008842 00100513 addi             x10, x0, 1          x10=00000001
20359396ns          341600 1c008844 04068693 addi             x13, x13, 64        x13=00160040 x13:00160000
20359416ns          341601 1c008848 c166c6b3 p.bset           x13, x13, 0, 22     x13=00560040 x13:00160040
20359436ns          341602 1c00884c 00d7a023 sw               x13, 0(x15)         x13:00560040 x15:00201800  PA:00201800
20359538ns          341607 1c008850 0117a023 sw               x17, 0(x15)         x17:10002620 x15:00201800  PA:00201800
20359619ns          341611 1c008854 04080813 addi             x16, x16, 64        x16=1c0012b0 x16:1c001270
20359639ns          341612 1c008858 0107a023 sw               x16, 0(x15)         x16:1c0012b0 x15:00201800  PA:00201800
20359720ns          341616 1c00885c 0c062023 sw               x0, 192(x12)        x12:00204000  PA:002040c0
20359740ns          341617 1c008860 00072683 lw               x13, 0(x14)         x13=00000000 x14:002040c0  PA:002040c0
20360084ns          341634 1c008862 0047a683 lw               x13, 4(x15)         x13=00030002 x15:00201800  PA:00201804
20360185ns          341639 1c008866 40b6d6b3 sra              x13, x13, x11       x13=00018001 x13:00030002 x11:00000001
20360206ns          341640 1c00886a fc16b6b3 p.bclr           x13, x13, 30, 1     x13=00000001 x13:00018001
20360226ns          341641 1c00886e 14068e63 beq              x13, x0, 348        x13:00000001
20360246ns          341642 1c008872 002046b7 lui              x13, 0x204000       x13=00204000
20360266ns          341643 1c008876 00b51533 sll              x10, x10, x11       x10=00000002 x10:00000001 x11:00000001
20360286ns          341644 1c00887a 03c68813 addi             x16, x13, 60        x16=0020403c x13:00204000
20360327ns          341646 1c00887e 10000593 addi             x11, x0, 256        x11=00000100
20360347ns          341647 1c008882 00f00633 add              x12, x0, x15        x12=00201800 x15:00201800
20360367ns          341648 1c008884 0c06a023 sw               x0, 192(x13)        x13:00204000  PA:002040c0
20360388ns          341649 1c008888 00b6a423 sw               x11, 8(x13)         x11:00000100 x13:00204000  PA:00204008
20360408ns          341650 1c00888c 00082783 lw               x15, 0(x16)         x15=00000100 x16:0020403c  PA:0020403c
20360469ns          341653 1c008890 00b6a223 sw               x11, 4(x13)         x11:00000100 x13:00204000  PA:00204004
20360509ns          341655 1c008894 00072783 lw               x15, 0(x14)         x15=00000000 x14:002040c0  PA:002040c0
20360732ns          341666 1c008896 00462783 lw               x15, 4(x12)         x15=00020000 x12:00201800  PA:00201804
20360833ns          341671 1c00889a 00a7f7b3 and              x15, x15, x10       x15=00000000 x15:00020000 x10:00000002
20360853ns          341672 1c00889c fe0794e3 bne              x15, x0, -24        x15:00000000
20360873ns          341673 1c00889e 002027b7 lui              x15, 0x202000       x15=00202000
20360894ns          341674 1c0088a2 80078793 addi             x15, x15, -2048     x15=00201800 x15:00202000
20360914ns          341675 1c0088a6 00a7a223 sw               x10, 4(x15)         x10:00000002 x15:00201800  PA:00201804
20360995ns          341679 1c0088aa 002047b7 lui              x15, 0x204000       x15=00204000
20361015ns          341680 1c0088ae 0c07a023 sw               x0, 192(x15)        x15:00204000  PA:002040c0
20361035ns          341681 1c0088b2 02049463 bne              x9, x0, 40           x9:00000003
20361177ns          341688 1c0088da 002047b7 lui              x15, 0x204000       x15=00204000
20361238ns          341691 1c0088de 21c7a783 lw               x15, 540(x15)       x15=00010000 x15:00204000  PA:0020421c
20370042ns          342126 1c0088e2 00042a23 sw               x0, 20(x8)           x8:10201180  PA:10201194
20370143ns          342131 1c0088e6 2149f583 lw               x11, x20(x19)       x11=100025d8 x20:0000000c x19:1c0017b4  PA:1c0017c0
20370447ns          342146 1c0088ea 00800533 add              x10, x0, x8         x10=10201180  x8:10201180
20370467ns          342147 1c0088ec 02000693 addi             x13, x0, 32         x13=00000020
20370487ns          342148 1c0088f0 04000613 addi             x12, x0, 64         x12=00000040
20370508ns          342149 1c0088f4 174000ef jal              x1, 372              x1=1c0088f6
20370912ns          342169 1c008a68 00450893 addi             x17, x10, 4         x17=10201184 x10:10201180
20370953ns          342171 1c008a6c 0008a783 lw               x15, 0(x17)         x15=00000000 x17:10201184  PA:10201184
20371358ns          342191 1c008a70 0207d163 bge              x15, x0, 34         x15:00000000
20371844ns          342215 1c008a92 04050793 addi             x15, x10, 64        x15=102011c0 x10:10201180
20371864ns          342216 1c008a96 00b7a023 sw               x11, 0(x15)         x11:100025d8 x15:102011c0  PA:102011c0
20371945ns          342220 1c008a9a 02d64633 div              x12, x12, x13       x12=00000002 x12:00000040 x13:00000020
20372552ns          342250 1c008a9e 00c7a223 sw               x12, 4(x15)         x12:00000002 x15:102011c0  PA:102011c4
20372633ns          342254 1c008aa2 00c7a423 sw               x12, 8(x15)         x12:00000002 x15:102011c0  PA:102011c8
20372734ns          342259 1c008aa6 00d7a623 sw               x13, 12(x15)        x13:00000020 x15:102011c0  PA:102011cc
20372856ns          342265 1c008aaa 00052023 sw               x0, 0(x10)          x10:10201180  PA:10201180
20373017ns          342273 1c008aae 00008067 jalr             x0, x1, 0            x1:1c0088f6
20373078ns          342276 1c0088f6 21497583 lw               x11, x20(x18)       x11=10002620 x20:0000000c x18:1c0017d4  PA:1c0017e0
20373463ns          342295 1c0088fa 02000693 addi             x13, x0, 32         x13=00000020
20373483ns          342296 1c0088fe 00800533 add              x10, x0, x8         x10=10201180  x8:10201180
20373503ns          342297 1c008900 04000613 addi             x12, x0, 64         x12=00000040
20373544ns          342299 1c008904 164000ef jal              x1, 356              x1=1c008906
20373584ns          342301 1c008a68 00450893 addi             x17, x10, 4         x17=10201184 x10:10201180
20373604ns          342302 1c008a6c 0008a783 lw               x15, 0(x17)         x15=00000001 x17:10201184  PA:10201184
20373706ns          342307 1c008a70 0207d163 bge              x15, x0, 34         x15:00000001
20374151ns          342329 1c008a92 04050793 addi             x15, x10, 64        x15=102011c0 x10:10201180
20374171ns          342330 1c008a96 00b7a023 sw               x11, 0(x15)         x11:10002620 x15:102011c0  PA:102011c0
20374252ns          342334 1c008a9a 02d64633 div              x12, x12, x13       x12=00000002 x12:00000040 x13:00000020
20374839ns          342363 1c008a9e 00c7a223 sw               x12, 4(x15)         x12:00000002 x15:102011c0  PA:102011c4
20374920ns          342367 1c008aa2 00c7a423 sw               x12, 8(x15)         x12:00000002 x15:102011c0  PA:102011c8
20375062ns          342374 1c008aa6 00d7a623 sw               x13, 12(x15)        x13:00000020 x15:102011c0  PA:102011cc
20375224ns          342382 1c008aaa 00052023 sw               x0, 0(x10)          x10:10201180  PA:10201180
20375386ns          342390 1c008aae 00008067 jalr             x0, x1, 0            x1:1c008906
20375406ns          342391 1c008906 002047b7 lui              x15, 0x204000       x15=00204000
20375426ns          342392 1c00890a 00c40413 addi             x8, x8, 12           x8=1020118c  x8:10201180
20375446ns          342393 1c00890c 000016b7 lui              x13, 0x1000         x13=00001000
20375730ns          342407 1c00890e 03c78713 addi             x14, x15, 60        x14=0020403c x15:00204000
20375770ns          342409 1c008912 00d7a423 sw               x13, 8(x15)         x13:00001000 x15:00204000  PA:00204008
20375790ns          342410 1c008916 00072603 lw               x12, 0(x14)         x12=00001000 x14:0020403c  PA:0020403c
20375811ns          342411 1c008918 00d7a223 sw               x13, 4(x15)         x13:00001000 x15:00204000  PA:00204004
20375851ns          342413 1c00891c 00042603 lw               x12, 0(x8)          x12=00000000  x8:1020118c  PA:1020118c
20375952ns          342418 1c00891e fe061ae3 bne              x12, x0, -12        x12:00000000
20376215ns          342431 1c008920 21c78793 addi             x15, x15, 540       x15=0020421c x15:00204000
20376256ns          342433 1c008924 0007a783 lw               x15, 0(x15)         x15=00010000 x15:0020421c  PA:0020421c
20376499ns          342445 1c008926 00049c63 bne              x9, x0, 24           x9:00000003
20376742ns          342457 1c00893e 02812403 lw               x8, 40(x2)           x8=xxxxxxxx  x2:100013f8  PA:10001420
20377146ns          342477 1c008940 21497703 lw               x14, x20(x18)       x14=10002620 x20:0000000c x18:1c0017d4  PA:1c0017e0
20377470ns          342493 1c008944 02c12083 lw               x1, 44(x2)           x1=1c01011e  x2:100013f8  PA:10001424
20377490ns          342494 1c008946 02012903 lw               x18, 32(x2)         x18=00204000  x2:100013f8  PA:10001418
20377511ns          342495 1c008948 01c12983 lw               x19, 28(x2)         x19=00000003  x2:100013f8  PA:10001414
20377531ns          342496 1c00894a 01812a03 lw               x20, 24(x2)         x20=1c01011e  x2:100013f8  PA:10001410
20377551ns          342497 1c00894c 01412a83 lw               x21, 20(x2)         x21=1c010122  x2:100013f8  PA:1000140c
20377571ns          342498 1c00894e 01012b03 lw               x22, 16(x2)         x22=xxxxxxxx  x2:100013f8  PA:10001408
20377652ns          342502 1c008950 00c12b83 lw               x23, 12(x2)         x23=xxxxxxxx  x2:100013f8  PA:10001404
20377673ns          342503 1c008952 00812c03 lw               x24, 8(x2)          x24=xxxxxxxx  x2:100013f8  PA:10001400
20377693ns          342504 1c008954 1c0016b7 lui              x13, 0x1c001000     x13=1c001000
20377713ns          342505 1c008958 00900633 add              x12, x0, x9         x12=00000003  x9:00000003
20377733ns          342506 1c00895a 02412483 lw               x9, 36(x2)           x9=xxxxxxxx  x2:100013f8  PA:1000141c
20377754ns          342507 1c00895c 53068693 addi             x13, x13, 1328      x13=1c001530 x13:1c001000
20377794ns          342509 1c008960 04000593 addi             x11, x0, 64         x11=00000040
20377835ns          342511 1c008964 00200513 addi             x10, x0, 2          x10=00000002
20377855ns          342512 1c008966 03010113 addi             x2, x2, 48           x2=10001428  x2:100013f8
20377875ns          342513 1c008968 1480006f jal              x0, 328            
20377976ns          342518 1c008ab0 41f5d793 srai             x15, x11, 0x41f     x15=00000000 x11:00000040
20377996ns          342519 1c008ab4 fa27b7b3 p.bclr           x15, x15, 29, 2     x15=00000000 x15:00000000
20378017ns          342520 1c008ab8 04b7a7db p.addN           x15, x15, x11, 0x2  x15=00000010 x15:00000000 x11:00000040
20378037ns          342521 1c008abc 00c005b3 add              x11, x0, x12        x11=00000003 x12:00000003
20378442ns          342541 1c008abe 04f05e63 bge              x0, x15, 92         x15:00000010
20378462ns          342542 1c008ac2 00279793 slli             x15, x15, 0x2       x15=00000040 x15:00000010
20378482ns          342543 1c008ac4 ffc78793 addi             x15, x15, -4        x15=0000003c x15:00000040
20378502ns          342544 1c008ac6 0027d793 srli             x15, x15, 0x2       x15=0000000f x15:0000003c
20378523ns          342545 1c008ac8 00001eb7 lui              x29, 0x1000         x29=00001000
20378543ns          342546 1c008aca 00d00333 add              x6, x0, x13          x6=1c001530 x13:1c001530
20378563ns          342547 1c008acc 00268e13 addi             x28, x13, 2         x28=1c001532 x13:1c001530
20378928ns          342565 1c008ad0 fffe8e93 addi             x29, x29, -1        x29=00000fff x29:00001000
20378948ns          342566 1c008ad2 00000693 addi             x13, x0, 0          x13=00000000
20378968ns          342567 1c008ad4 00178793 addi             x15, x15, 1         x15=00000010 x15:0000000f
20378988ns          342568 1c008ad6 0127c0fb lp.setup         0x1, x15, 0x12      x15:00000010
20379008ns          342569 1c008ada 0047288b p.lw             x17, 4(x14!)        x17=0e57005c x14=10002624 x14:10002620  PA:10002620
20379413ns          342589 1c008ade 00035803 lhu              x16, 0(x6)          x16=0000005c  x6:1c001530  PA:1c001530
20379737ns          342605 1c008ae2 01d8f633 and              x12, x17, x29       x12=0000005c x17:0e57005c x29:00000fff
20379757ns          342606 1c008ae6 010ef833 and              x16, x29, x16       x16=0000005c x29:00000fff x16:0000005c
20379778ns          342607 1c008aea 10065633 p.exthz          x12, x12, x0        x12=0000005c x12:0000005c
20380182ns          342627 1c008aee 000e5f03 lhu              x30, 0(x28)         x30=00000e57 x28:1c001532  PA:1c001532
20380506ns          342643 1c008af2 00c80b63 beq              x16, x12, 22        x16:0000005c x12:0000005c
20380952ns          342665 1c008b08 0108d893 srli             x17, x17, 0x10      x17=00000e57 x17:0e57005c
20380992ns          342667 1c008b0c 01df7f33 and              x30, x30, x29       x30=00000e57 x30:00000e57 x29:00000fff
20381397ns          342687 1c008b10 01d8f8b3 and              x17, x17, x29       x17=00000e57 x17:00000e57 x29:00000fff
20381437ns          342689 1c008b14 ff1f11e3 bne              x30, x17, -30       x30:00000e57 x17:00000e57
20381458ns          342690 1c008b18 fe1ff06f jal              x0, -32            
20381498ns          342692 1c008af8 00430313 addi             x6, x6, 4            x6=1c001534  x6:1c001530
20381518ns          342693 1c008afa 004e0e13 addi             x28, x28, 4         x28=1c001536 x28:1c001532
20381559ns          342695 1c008ada 0047288b p.lw             x17, 4(x14!)        x17=0f470f14 x14=10002628 x14:10002624  PA:10002624
20381579ns          342696 1c008ade 00035803 lhu              x16, 0(x6)          x16=00000f14  x6:1c001534  PA:1c001534
20381883ns          342711 1c008ae2 01d8f633 and              x12, x17, x29       x12=00000f14 x17:0f470f14 x29:00000fff
20381903ns          342712 1c008ae6 010ef833 and              x16, x29, x16       x16=00000f14 x29:00000fff x16:00000f14
20381923ns          342713 1c008aea 10065633 p.exthz          x12, x12, x0        x12=00000f14 x12:00000f14
20381943ns          342714 1c008aee 000e5f03 lhu              x30, 0(x28)         x30=00000f47 x28:1c001536  PA:1c001536
20382247ns          342729 1c008af2 00c80b63 beq              x16, x12, 22        x16:00000f14 x12:00000f14
20382308ns          342732 1c008b08 0108d893 srli             x17, x17, 0x10      x17=00000f47 x17:0f470f14
20382328ns          342733 1c008b0c 01df7f33 and              x30, x30, x29       x30=00000f47 x30:00000f47 x29:00000fff
20382348ns          342734 1c008b10 01d8f8b3 and              x17, x17, x29       x17=00000f47 x17:00000f47 x29:00000fff
20382368ns          342735 1c008b14 ff1f11e3 bne              x30, x17, -30       x30:00000f47 x17:00000f47
20382389ns          342736 1c008b18 fe1ff06f jal              x0, -32            
20382429ns          342738 1c008af8 00430313 addi             x6, x6, 4            x6=1c001538  x6:1c001534
20382449ns          342739 1c008afa 004e0e13 addi             x28, x28, 4         x28=1c00153a x28:1c001536
20382490ns          342741 1c008ada 0047288b p.lw             x17, 4(x14!)        x17=0e380166 x14=1000262c x14:10002628  PA:10002628
20382510ns          342742 1c008ade 00035803 lhu              x16, 0(x6)          x16=00000166  x6:1c001538  PA:1c001538
20382814ns          342757 1c008ae2 01d8f633 and              x12, x17, x29       x12=00000166 x17:0e380166 x29:00000fff
20382834ns          342758 1c008ae6 010ef833 and              x16, x29, x16       x16=00000166 x29:00000fff x16:00000166
20382854ns          342759 1c008aea 10065633 p.exthz          x12, x12, x0        x12=00000166 x12:00000166
20382874ns          342760 1c008aee 000e5f03 lhu              x30, 0(x28)         x30=00000e38 x28:1c00153a  PA:1c00153a
20383178ns          342775 1c008af2 00c80b63 beq              x16, x12, 22        x16:00000166 x12:00000166
20383239ns          342778 1c008b08 0108d893 srli             x17, x17, 0x10      x17=00000e38 x17:0e380166
20383259ns          342779 1c008b0c 01df7f33 and              x30, x30, x29       x30=00000e38 x30:00000e38 x29:00000fff
20383279ns          342780 1c008b10 01d8f8b3 and              x17, x17, x29       x17=00000e38 x17:00000e38 x29:00000fff
20383299ns          342781 1c008b14 ff1f11e3 bne              x30, x17, -30       x30:00000e38 x17:00000e38
20383320ns          342782 1c008b18 fe1ff06f jal              x0, -32            
20383360ns          342784 1c008af8 00430313 addi             x6, x6, 4            x6=1c00153c  x6:1c001538
20383380ns          342785 1c008afa 004e0e13 addi             x28, x28, 4         x28=1c00153e x28:1c00153a
20383421ns          342787 1c008ada 0047288b p.lw             x17, 4(x14!)        x17=01c202b6 x14=10002630 x14:1000262c  PA:1000262c
20383441ns          342788 1c008ade 00035803 lhu              x16, 0(x6)          x16=000002b6  x6:1c00153c  PA:1c00153c
20383745ns          342803 1c008ae2 01d8f633 and              x12, x17, x29       x12=000002b6 x17:01c202b6 x29:00000fff
20383765ns          342804 1c008ae6 010ef833 and              x16, x29, x16       x16=000002b6 x29:00000fff x16:000002b6
20383785ns          342805 1c008aea 10065633 p.exthz          x12, x12, x0        x12=000002b6 x12:000002b6
20383805ns          342806 1c008aee 000e5f03 lhu              x30, 0(x28)         x30=000001c2 x28:1c00153e  PA:1c00153e
20384109ns          342821 1c008af2 00c80b63 beq              x16, x12, 22        x16:000002b6 x12:000002b6
20384170ns          342824 1c008b08 0108d893 srli             x17, x17, 0x10      x17=000001c2 x17:01c202b6
20384190ns          342825 1c008b0c 01df7f33 and              x30, x30, x29       x30=000001c2 x30:000001c2 x29:00000fff
20384210ns          342826 1c008b10 01d8f8b3 and              x17, x17, x29       x17=000001c2 x17:000001c2 x29:00000fff
20384230ns          342827 1c008b14 ff1f11e3 bne              x30, x17, -30       x30:000001c2 x17:000001c2
20384251ns          342828 1c008b18 fe1ff06f jal              x0, -32            
20384291ns          342830 1c008af8 00430313 addi             x6, x6, 4            x6=1c001540  x6:1c00153c
20384311ns          342831 1c008afa 004e0e13 addi             x28, x28, 4         x28=1c001542 x28:1c00153e
20384352ns          342833 1c008ada 0047288b p.lw             x17, 4(x14!)        x17=0eba0d5c x14=10002634 x14:10002630  PA:10002630
20384372ns          342834 1c008ade 00035803 lhu              x16, 0(x6)          x16=00000d5c  x6:1c001540  PA:1c001540
20384676ns          342849 1c008ae2 01d8f633 and              x12, x17, x29       x12=00000d5c x17:0eba0d5c x29:00000fff
20384696ns          342850 1c008ae6 010ef833 and              x16, x29, x16       x16=00000d5c x29:00000fff x16:00000d5c
20384716ns          342851 1c008aea 10065633 p.exthz          x12, x12, x0        x12=00000d5c x12:00000d5c
20384736ns          342852 1c008aee 000e5f03 lhu              x30, 0(x28)         x30=00000eba x28:1c001542  PA:1c001542
20385040ns          342867 1c008af2 00c80b63 beq              x16, x12, 22        x16:00000d5c x12:00000d5c
20385101ns          342870 1c008b08 0108d893 srli             x17, x17, 0x10      x17=00000eba x17:0eba0d5c
20385121ns          342871 1c008b0c 01df7f33 and              x30, x30, x29       x30=00000eba x30:00000eba x29:00000fff
20385141ns          342872 1c008b10 01d8f8b3 and              x17, x17, x29       x17=00000eba x17:00000eba x29:00000fff
20385161ns          342873 1c008b14 ff1f11e3 bne              x30, x17, -30       x30:00000eba x17:00000eba
20385182ns          342874 1c008b18 fe1ff06f jal              x0, -32            
20385222ns          342876 1c008af8 00430313 addi             x6, x6, 4            x6=1c001544  x6:1c001540
20385242ns          342877 1c008afa 004e0e13 addi             x28, x28, 4         x28=1c001546 x28:1c001542
20385283ns          342879 1c008ada 0047288b p.lw             x17, 4(x14!)        x17=0e380eae x14=10002638 x14:10002634  PA:10002634
20385303ns          342880 1c008ade 00035803 lhu              x16, 0(x6)          x16=00000eae  x6:1c001544  PA:1c001544
20385607ns          342895 1c008ae2 01d8f633 and              x12, x17, x29       x12=00000eae x17:0e380eae x29:00000fff
20385627ns          342896 1c008ae6 010ef833 and              x16, x29, x16       x16=00000eae x29:00000fff x16:00000eae
20385647ns          342897 1c008aea 10065633 p.exthz          x12, x12, x0        x12=00000eae x12:00000eae
20385667ns          342898 1c008aee 000e5f03 lhu              x30, 0(x28)         x30=00000e38 x28:1c001546  PA:1c001546
20385971ns          342913 1c008af2 00c80b63 beq              x16, x12, 22        x16:00000eae x12:00000eae
20386032ns          342916 1c008b08 0108d893 srli             x17, x17, 0x10      x17=00000e38 x17:0e380eae
20386052ns          342917 1c008b0c 01df7f33 and              x30, x30, x29       x30=00000e38 x30:00000e38 x29:00000fff
20386072ns          342918 1c008b10 01d8f8b3 and              x17, x17, x29       x17=00000e38 x17:00000e38 x29:00000fff
20386092ns          342919 1c008b14 ff1f11e3 bne              x30, x17, -30       x30:00000e38 x17:00000e38
20386113ns          342920 1c008b18 fe1ff06f jal              x0, -32            
20386153ns          342922 1c008af8 00430313 addi             x6, x6, 4            x6=1c001548  x6:1c001544
20386173ns          342923 1c008afa 004e0e13 addi             x28, x28, 4         x28=1c00154a x28:1c001546
20386214ns          342925 1c008ada 0047288b p.lw             x17, 4(x14!)        x17=0e8d0157 x14=1000263c x14:10002638  PA:10002638
20386234ns          342926 1c008ade 00035803 lhu              x16, 0(x6)          x16=00000157  x6:1c001548  PA:1c001548
20386538ns          342941 1c008ae2 01d8f633 and              x12, x17, x29       x12=00000157 x17:0e8d0157 x29:00000fff
20386558ns          342942 1c008ae6 010ef833 and              x16, x29, x16       x16=00000157 x29:00000fff x16:00000157
20386578ns          342943 1c008aea 10065633 p.exthz          x12, x12, x0        x12=00000157 x12:00000157
20386598ns          342944 1c008aee 000e5f03 lhu              x30, 0(x28)         x30=00000e8d x28:1c00154a  PA:1c00154a
20386902ns          342959 1c008af2 00c80b63 beq              x16, x12, 22        x16:00000157 x12:00000157
20386963ns          342962 1c008b08 0108d893 srli             x17, x17, 0x10      x17=00000e8d x17:0e8d0157
20386983ns          342963 1c008b0c 01df7f33 and              x30, x30, x29       x30=00000e8d x30:00000e8d x29:00000fff
20387003ns          342964 1c008b10 01d8f8b3 and              x17, x17, x29       x17=00000e8d x17:00000e8d x29:00000fff
20387024ns          342965 1c008b14 ff1f11e3 bne              x30, x17, -30       x30:00000e8d x17:00000e8d
20387044ns          342966 1c008b18 fe1ff06f jal              x0, -32            
20387084ns          342968 1c008af8 00430313 addi             x6, x6, 4            x6=1c00154c  x6:1c001548
20387104ns          342969 1c008afa 004e0e13 addi             x28, x28, 4         x28=1c00154e x28:1c00154a
20387145ns          342971 1c008ada 0047288b p.lw             x17, 4(x14!)        x17=0fb70fdf x14=10002640 x14:1000263c  PA:1000263c
20387165ns          342972 1c008ade 00035803 lhu              x16, 0(x6)          x16=00000fdf  x6:1c00154c  PA:1c00154c
20387469ns          342987 1c008ae2 01d8f633 and              x12, x17, x29       x12=00000fdf x17:0fb70fdf x29:00000fff
20387489ns          342988 1c008ae6 010ef833 and              x16, x29, x16       x16=00000fdf x29:00000fff x16:00000fdf
20387509ns          342989 1c008aea 10065633 p.exthz          x12, x12, x0        x12=00000fdf x12:00000fdf
20387530ns          342990 1c008aee 000e5f03 lhu              x30, 0(x28)         x30=00000fb7 x28:1c00154e  PA:1c00154e
20387833ns          343005 1c008af2 00c80b63 beq              x16, x12, 22        x16:00000fdf x12:00000fdf
20387894ns          343008 1c008b08 0108d893 srli             x17, x17, 0x10      x17=00000fb7 x17:0fb70fdf
20387914ns          343009 1c008b0c 01df7f33 and              x30, x30, x29       x30=00000fb7 x30:00000fb7 x29:00000fff
20387934ns          343010 1c008b10 01d8f8b3 and              x17, x17, x29       x17=00000fb7 x17:00000fb7 x29:00000fff
20387955ns          343011 1c008b14 ff1f11e3 bne              x30, x17, -30       x30:00000fb7 x17:00000fb7
20387975ns          343012 1c008b18 fe1ff06f jal              x0, -32            
20388015ns          343014 1c008af8 00430313 addi             x6, x6, 4            x6=1c001550  x6:1c00154c
20388036ns          343015 1c008afa 004e0e13 addi             x28, x28, 4         x28=1c001552 x28:1c00154e
20388076ns          343017 1c008ada 0047288b p.lw             x17, 4(x14!)        x17=00890230 x14=10002644 x14:10002640  PA:10002640
20388096ns          343018 1c008ade 00035803 lhu              x16, 0(x6)          x16=00000230  x6:1c001550  PA:1c001550
20388400ns          343033 1c008ae2 01d8f633 and              x12, x17, x29       x12=00000230 x17:00890230 x29:00000fff
20388420ns          343034 1c008ae6 010ef833 and              x16, x29, x16       x16=00000230 x29:00000fff x16:00000230
20388440ns          343035 1c008aea 10065633 p.exthz          x12, x12, x0        x12=00000230 x12:00000230
20388461ns          343036 1c008aee 000e5f03 lhu              x30, 0(x28)         x30=00000089 x28:1c001552  PA:1c001552
20388764ns          343051 1c008af2 00c80b63 beq              x16, x12, 22        x16:00000230 x12:00000230
20388825ns          343054 1c008b08 0108d893 srli             x17, x17, 0x10      x17=00000089 x17:00890230
20388845ns          343055 1c008b0c 01df7f33 and              x30, x30, x29       x30=00000089 x30:00000089 x29:00000fff
20388865ns          343056 1c008b10 01d8f8b3 and              x17, x17, x29       x17=00000089 x17:00000089 x29:00000fff
20388886ns          343057 1c008b14 ff1f11e3 bne              x30, x17, -30       x30:00000089 x17:00000089
20388906ns          343058 1c008b18 fe1ff06f jal              x0, -32            
20388946ns          343060 1c008af8 00430313 addi             x6, x6, 4            x6=1c001554  x6:1c001550
20388967ns          343061 1c008afa 004e0e13 addi             x28, x28, 4         x28=1c001556 x28:1c001552
20389007ns          343063 1c008ada 0047288b p.lw             x17, 4(x14!)        x17=0fb10442 x14=10002648 x14:10002644  PA:10002644
20389027ns          343064 1c008ade 00035803 lhu              x16, 0(x6)          x16=00000442  x6:1c001554  PA:1c001554
20389331ns          343079 1c008ae2 01d8f633 and              x12, x17, x29       x12=00000442 x17:0fb10442 x29:00000fff
20389351ns          343080 1c008ae6 010ef833 and              x16, x29, x16       x16=00000442 x29:00000fff x16:00000442
20389371ns          343081 1c008aea 10065633 p.exthz          x12, x12, x0        x12=00000442 x12:00000442
20389392ns          343082 1c008aee 000e5f03 lhu              x30, 0(x28)         x30=00000fb1 x28:1c001556  PA:1c001556
20389695ns          343097 1c008af2 00c80b63 beq              x16, x12, 22        x16:00000442 x12:00000442
20389756ns          343100 1c008b08 0108d893 srli             x17, x17, 0x10      x17=00000fb1 x17:0fb10442
20389776ns          343101 1c008b0c 01df7f33 and              x30, x30, x29       x30=00000fb1 x30:00000fb1 x29:00000fff
20389796ns          343102 1c008b10 01d8f8b3 and              x17, x17, x29       x17=00000fb1 x17:00000fb1 x29:00000fff
20389817ns          343103 1c008b14 ff1f11e3 bne              x30, x17, -30       x30:00000fb1 x17:00000fb1
20389837ns          343104 1c008b18 fe1ff06f jal              x0, -32            
20389877ns          343106 1c008af8 00430313 addi             x6, x6, 4            x6=1c001558  x6:1c001554
20389898ns          343107 1c008afa 004e0e13 addi             x28, x28, 4         x28=1c00155a x28:1c001556
20389938ns          343109 1c008ada 0047288b p.lw             x17, 4(x14!)        x17=004300ad x14=1000264c x14:10002648  PA:10002648
20389958ns          343110 1c008ade 00035803 lhu              x16, 0(x6)          x16=000000ad  x6:1c001558  PA:1c001558
20390262ns          343125 1c008ae2 01d8f633 and              x12, x17, x29       x12=000000ad x17:004300ad x29:00000fff
20390282ns          343126 1c008ae6 010ef833 and              x16, x29, x16       x16=000000ad x29:00000fff x16:000000ad
20390302ns          343127 1c008aea 10065633 p.exthz          x12, x12, x0        x12=000000ad x12:000000ad
20390323ns          343128 1c008aee 000e5f03 lhu              x30, 0(x28)         x30=00000043 x28:1c00155a  PA:1c00155a
20390626ns          343143 1c008af2 00c80b63 beq              x16, x12, 22        x16:000000ad x12:000000ad
20390687ns          343146 1c008b08 0108d893 srli             x17, x17, 0x10      x17=00000043 x17:004300ad
20390707ns          343147 1c008b0c 01df7f33 and              x30, x30, x29       x30=00000043 x30:00000043 x29:00000fff
20390727ns          343148 1c008b10 01d8f8b3 and              x17, x17, x29       x17=00000043 x17:00000043 x29:00000fff
20390748ns          343149 1c008b14 ff1f11e3 bne              x30, x17, -30       x30:00000043 x17:00000043
20390768ns          343150 1c008b18 fe1ff06f jal              x0, -32            
20390808ns          343152 1c008af8 00430313 addi             x6, x6, 4            x6=1c00155c  x6:1c001558
20390829ns          343153 1c008afa 004e0e13 addi             x28, x28, 4         x28=1c00155e x28:1c00155a
20390869ns          343155 1c008ada 0047288b p.lw             x17, 4(x14!)        x17=006d0e2f x14=10002650 x14:1000264c  PA:1000264c
20390889ns          343156 1c008ade 00035803 lhu              x16, 0(x6)          x16=00000e2f  x6:1c00155c  PA:1c00155c
20391193ns          343171 1c008ae2 01d8f633 and              x12, x17, x29       x12=00000e2f x17:006d0e2f x29:00000fff
20391213ns          343172 1c008ae6 010ef833 and              x16, x29, x16       x16=00000e2f x29:00000fff x16:00000e2f
20391233ns          343173 1c008aea 10065633 p.exthz          x12, x12, x0        x12=00000e2f x12:00000e2f
20391254ns          343174 1c008aee 000e5f03 lhu              x30, 0(x28)         x30=0000006d x28:1c00155e  PA:1c00155e
20391557ns          343189 1c008af2 00c80b63 beq              x16, x12, 22        x16:00000e2f x12:00000e2f
20391618ns          343192 1c008b08 0108d893 srli             x17, x17, 0x10      x17=0000006d x17:006d0e2f
20391638ns          343193 1c008b0c 01df7f33 and              x30, x30, x29       x30=0000006d x30:0000006d x29:00000fff
20391658ns          343194 1c008b10 01d8f8b3 and              x17, x17, x29       x17=0000006d x17:0000006d x29:00000fff
20391679ns          343195 1c008b14 ff1f11e3 bne              x30, x17, -30       x30:0000006d x17:0000006d
20391699ns          343196 1c008b18 fe1ff06f jal              x0, -32            
20391739ns          343198 1c008af8 00430313 addi             x6, x6, 4            x6=1c001560  x6:1c00155c
20391760ns          343199 1c008afa 004e0e13 addi             x28, x28, 4         x28=1c001562 x28:1c00155e
20391800ns          343201 1c008ada 0047288b p.lw             x17, 4(x14!)        x17=0d1a0fe2 x14=10002654 x14:10002650  PA:10002650
20391820ns          343202 1c008ade 00035803 lhu              x16, 0(x6)          x16=00000fe2  x6:1c001560  PA:1c001560
20392124ns          343217 1c008ae2 01d8f633 and              x12, x17, x29       x12=00000fe2 x17:0d1a0fe2 x29:00000fff
20392144ns          343218 1c008ae6 010ef833 and              x16, x29, x16       x16=00000fe2 x29:00000fff x16:00000fe2
20392164ns          343219 1c008aea 10065633 p.exthz          x12, x12, x0        x12=00000fe2 x12:00000fe2
20392185ns          343220 1c008aee 000e5f03 lhu              x30, 0(x28)         x30=00000d1a x28:1c001562  PA:1c001562
20392488ns          343235 1c008af2 00c80b63 beq              x16, x12, 22        x16:00000fe2 x12:00000fe2
20392549ns          343238 1c008b08 0108d893 srli             x17, x17, 0x10      x17=00000d1a x17:0d1a0fe2
20392569ns          343239 1c008b0c 01df7f33 and              x30, x30, x29       x30=00000d1a x30:00000d1a x29:00000fff
20392590ns          343240 1c008b10 01d8f8b3 and              x17, x17, x29       x17=00000d1a x17:00000d1a x29:00000fff
20392610ns          343241 1c008b14 ff1f11e3 bne              x30, x17, -30       x30:00000d1a x17:00000d1a
20392630ns          343242 1c008b18 fe1ff06f jal              x0, -32            
20392670ns          343244 1c008af8 00430313 addi             x6, x6, 4            x6=1c001564  x6:1c001560
20392691ns          343245 1c008afa 004e0e13 addi             x28, x28, 4         x28=1c001566 x28:1c001562
20392731ns          343247 1c008ada 0047288b p.lw             x17, 4(x14!)        x17=007803a6 x14=10002658 x14:10002654  PA:10002654
20392751ns          343248 1c008ade 00035803 lhu              x16, 0(x6)          x16=000003a6  x6:1c001564  PA:1c001564
20393055ns          343263 1c008ae2 01d8f633 and              x12, x17, x29       x12=000003a6 x17:007803a6 x29:00000fff
20393075ns          343264 1c008ae6 010ef833 and              x16, x29, x16       x16=000003a6 x29:00000fff x16:000003a6
20393096ns          343265 1c008aea 10065633 p.exthz          x12, x12, x0        x12=000003a6 x12:000003a6
20393116ns          343266 1c008aee 000e5f03 lhu              x30, 0(x28)         x30=00000078 x28:1c001566  PA:1c001566
20393419ns          343281 1c008af2 00c80b63 beq              x16, x12, 22        x16:000003a6 x12:000003a6
20393480ns          343284 1c008b08 0108d893 srli             x17, x17, 0x10      x17=00000078 x17:007803a6
20393500ns          343285 1c008b0c 01df7f33 and              x30, x30, x29       x30=00000078 x30:00000078 x29:00000fff
20393521ns          343286 1c008b10 01d8f8b3 and              x17, x17, x29       x17=00000078 x17:00000078 x29:00000fff
20393541ns          343287 1c008b14 ff1f11e3 bne              x30, x17, -30       x30:00000078 x17:00000078
20393561ns          343288 1c008b18 fe1ff06f jal              x0, -32            
20393602ns          343290 1c008af8 00430313 addi             x6, x6, 4            x6=1c001568  x6:1c001564
20393622ns          343291 1c008afa 004e0e13 addi             x28, x28, 4         x28=1c00156a x28:1c001566
20393662ns          343293 1c008ada 0047288b p.lw             x17, 4(x14!)        x17=0d840e7f x14=1000265c x14:10002658  PA:10002658
20393682ns          343294 1c008ade 00035803 lhu              x16, 0(x6)          x16=00000e7f  x6:1c001568  PA:1c001568
20394027ns          343311 1c008ae2 01d8f633 and              x12, x17, x29       x12=00000e7f x17:0d840e7f x29:00000fff
20394047ns          343312 1c008ae6 010ef833 and              x16, x29, x16       x16=00000e7f x29:00000fff x16:00000e7f
20394067ns          343313 1c008aea 10065633 p.exthz          x12, x12, x0        x12=00000e7f x12:00000e7f
20394087ns          343314 1c008aee 000e5f03 lhu              x30, 0(x28)         x30=00000d84 x28:1c00156a  PA:1c00156a
20394391ns          343329 1c008af2 00c80b63 beq              x16, x12, 22        x16:00000e7f x12:00000e7f
20394452ns          343332 1c008b08 0108d893 srli             x17, x17, 0x10      x17=00000d84 x17:0d840e7f
20394472ns          343333 1c008b0c 01df7f33 and              x30, x30, x29       x30=00000d84 x30:00000d84 x29:00000fff
20394492ns          343334 1c008b10 01d8f8b3 and              x17, x17, x29       x17=00000d84 x17:00000d84 x29:00000fff
20394512ns          343335 1c008b14 ff1f11e3 bne              x30, x17, -30       x30:00000d84 x17:00000d84
20394533ns          343336 1c008b18 fe1ff06f jal              x0, -32            
20394573ns          343338 1c008af8 00430313 addi             x6, x6, 4            x6=1c00156c  x6:1c001568
20394593ns          343339 1c008afa 004e0e13 addi             x28, x28, 4         x28=1c00156e x28:1c00156a
20394634ns          343341 1c008ada 0047288b p.lw             x17, 4(x14!)        x17=0008001d x14=10002660 x14:1000265c  PA:1000265c
20394654ns          343342 1c008ade 00035803 lhu              x16, 0(x6)          x16=0000001d  x6:1c00156c  PA:1c00156c
20394958ns          343357 1c008ae2 01d8f633 and              x12, x17, x29       x12=0000001d x17:0008001d x29:00000fff
20394978ns          343358 1c008ae6 010ef833 and              x16, x29, x16       x16=0000001d x29:00000fff x16:0000001d
20394998ns          343359 1c008aea 10065633 p.exthz          x12, x12, x0        x12=0000001d x12:0000001d
20395018ns          343360 1c008aee 000e5f03 lhu              x30, 0(x28)         x30=00000008 x28:1c00156e  PA:1c00156e
20395322ns          343375 1c008af2 00c80b63 beq              x16, x12, 22        x16:0000001d x12:0000001d
20395383ns          343378 1c008b08 0108d893 srli             x17, x17, 0x10      x17=00000008 x17:0008001d
20395403ns          343379 1c008b0c 01df7f33 and              x30, x30, x29       x30=00000008 x30:00000008 x29:00000fff
20395423ns          343380 1c008b10 01d8f8b3 and              x17, x17, x29       x17=00000008 x17:00000008 x29:00000fff
20395443ns          343381 1c008b14 ff1f11e3 bne              x30, x17, -30       x30:00000008 x17:00000008
20395464ns          343382 1c008b18 fe1ff06f jal              x0, -32            
20395504ns          343384 1c008af8 00430313 addi             x6, x6, 4            x6=1c001570  x6:1c00156c
20395524ns          343385 1c008afa 004e0e13 addi             x28, x28, 4         x28=1c001572 x28:1c00156e
20395545ns          343386 1c008afc 00a00633 add              x12, x0, x10        x12=00000002 x10:00000002
20395565ns          343387 1c008afe 1c001537 lui              x10, 0x1c001000     x10=1c001000
20395585ns          343388 1c008b02 9ac50513 addi             x10, x10, -1620     x10=1c0009ac x10:1c001000
20395605ns          343389 1c008b06 2760006f jal              x0, 630            
20395686ns          343393 1c008d7c fc010113 addi             x2, x2, -64          x2=100013e8  x2:10001428
20395767ns          343397 1c008d7e 02410313 addi             x6, x2, 36           x6=1000140c  x2:100013e8
20395787ns          343398 1c008d82 02c12423 sw               x12, 40(x2)         x12:00000002  x2:100013e8  PA:10001410
20395808ns          343399 1c008d84 00a00633 add              x12, x0, x10        x12=1c0009ac x10:1c0009ac
20395828ns          343400 1c008d86 1c009537 lui              x10, 0x1c009000     x10=1c009000
20395848ns          343401 1c008d8a 02b12223 sw               x11, 36(x2)         x11:00000003  x2:100013e8  PA:1000140c
20395868ns          343402 1c008d8c 02d12623 sw               x13, 44(x2)         x13:00000000  x2:100013e8  PA:10001414
20395889ns          343403 1c008d8e 00200593 addi             x11, x0, 2          x11=00000002
20395909ns          343404 1c008d90 006006b3 add              x13, x0, x6         x13=1000140c  x6:1000140c
20395949ns          343406 1c008d92 d2050513 addi             x10, x10, -736      x10=1c008d20 x10:1c009000
20395970ns          343407 1c008d96 00112e23 sw               x1, 28(x2)           x1:1c01011e  x2:100013e8  PA:10001404
20395990ns          343408 1c008d98 02e12823 sw               x14, 48(x2)         x14:10002660  x2:100013e8  PA:10001418
20396010ns          343409 1c008d9a 02f12a23 sw               x15, 52(x2)         x15:00000010  x2:100013e8  PA:1000141c
20396030ns          343410 1c008d9c 03012c23 sw               x16, 56(x2)         x16:0000001d  x2:100013e8  PA:10001420
20396051ns          343411 1c008d9e 03112e23 sw               x17, 60(x2)         x17:00000008  x2:100013e8  PA:10001424
20396071ns          343412 1c008da0 00612623 sw               x6, 12(x2)           x6:1000140c  x2:100013e8  PA:100013f4
20396091ns          343413 1c008da2 fa5ff0ef jal              x1, -92              x1=1c008da4
20396172ns          343417 1c008d46 0640006f jal              x0, 100            
20396212ns          343419 1c008daa f8010113 addi             x2, x2, -128         x2=10001368  x2:100013e8
20396233ns          343420 1c008dac 06812c23 sw               x8, 120(x2)          x8:xxxxxxxx  x2:10001368  PA:100013e0
20396253ns          343421 1c008dae 02410713 addi             x14, x2, 36         x14=1000138c  x2:10001368
20396293ns          343423 1c008db0 00000413 addi             x8, x0, 0            x8=00000000
20396314ns          343424 1c008db2 07312623 sw               x19, 108(x2)        x19:00000003  x2:10001368  PA:100013d4
20396334ns          343425 1c008db4 07412423 sw               x20, 104(x2)        x20:1c01011e  x2:10001368  PA:100013d0
20396354ns          343426 1c008db6 07512223 sw               x21, 100(x2)        x21:1c010122  x2:10001368  PA:100013cc
20396374ns          343427 1c008db8 05712e23 sw               x23, 92(x2)         x23:xxxxxxxx  x2:10001368  PA:100013c4
20396395ns          343428 1c008dba 05812c23 sw               x24, 88(x2)         x24:xxxxxxxx  x2:10001368  PA:100013c0
20396415ns          343429 1c008dbc 05a12823 sw               x26, 80(x2)         x26:xxxxxxxx  x2:10001368  PA:100013b8
20396435ns          343430 1c008dbe 06112e23 sw               x1, 124(x2)          x1:1c008da4  x2:10001368  PA:100013e4
20396455ns          343431 1c008dc0 06912a23 sw               x9, 116(x2)          x9:xxxxxxxx  x2:10001368  PA:100013dc
20396476ns          343432 1c008dc2 07212823 sw               x18, 112(x2)        x18:00204000  x2:10001368  PA:100013d8
20396496ns          343433 1c008dc4 07612023 sw               x22, 96(x2)         x22:xxxxxxxx  x2:10001368  PA:100013c8
20396516ns          343434 1c008dc6 05912a23 sw               x25, 84(x2)         x25:xxxxxxxx  x2:10001368  PA:100013bc
20396536ns          343435 1c008dc8 05b12623 sw               x27, 76(x2)         x27:xxxxxxxx  x2:10001368  PA:100013b4
20396557ns          343436 1c008dca 00a009b3 add              x19, x0, x10        x19=1c008d20 x10:1c008d20
20396577ns          343437 1c008dcc 00b00bb3 add              x23, x0, x11        x23=00000002 x11:00000002
20396597ns          343438 1c008dce 00c00d33 add              x26, x0, x12        x26=1c0009ac x12:1c0009ac
20396617ns          343439 1c008dd0 00d00a33 add              x20, x0, x13        x20=1000140c x13:1000140c
20396638ns          343440 1c008dd2 1c001c37 lui              x24, 0x1c001000     x24=1c001000
20396658ns          343441 1c008dd6 00e12023 sw               x14, 0(x2)          x14:1000138c  x2:10001368  PA:10001368
20396678ns          343442 1c008dd8 00800ab3 add              x21, x0, x8         x21=00000000  x8:00000000
20396698ns          343443 1c008dda 00e0006f jal              x0, 14             
20396739ns          343445 1c008de8 000d4503 lbu              x10, 0(x26)         x10=0000000a x26:1c0009ac  PA:1c0009ac
20397042ns          343460 1c008dec 001d0413 addi             x8, x26, 1           x8=1c0009ad x26:1c0009ac
20397063ns          343461 1c008df0 0c050b63 beq              x10, x0, 214        x10:0000000a
20397083ns          343462 1c008df2 02500793 addi             x15, x0, 37         x15=00000025
20397103ns          343463 1c008df6 fef513e3 bne              x10, x15, -26       x10:0000000a x15:00000025
20397224ns          343469 1c008ddc 017005b3 add              x11, x0, x23        x11=00000002 x23:00000002
20397245ns          343470 1c008dde 000980e7 jalr             x1, x19, 0           x1=1c008de0 x19:1c008d20
20397326ns          343474 1c008d20 f14027f3 csrrs            x15, x0, 0xf14      x15=00000003
20397366ns          343476 1c008d24 1a10f6b7 lui              x13, 0x1a10f000     x13=1a10f000
20397386ns          343477 1c008d28 ca5797b3 p.extractu       x15, x15, 5, 5      x15=00000000 x15:00000003
20397407ns          343478 1c008d2c f1402773 csrrs            x14, x0, 0xf14      x14=00000003
20397427ns          343479 1c008d30 00779793 slli             x15, x15, 0x7       x15=00000000 x15:00000000
20397447ns          343480 1c008d32 00371713 slli             x14, x14, 0x3       x14=00000018 x14:00000003
20397467ns          343481 1c008d34 0ff57513 andi             x10, x10, 255       x10=0000000a x10:0000000a
20397488ns          343482 1c008d38 ee873733 p.bclr           x14, x14, 23, 8     x14=00000018 x14:00000018
20397508ns          343483 1c008d3c 00d787b3 add              x15, x15, x13       x15=1a10f000 x15:00000000 x13:1a10f000
20397528ns          343484 1c008d3e 00a767a3 p.sw             x10, x0(x14)        x10:0000000a x14:00000018  PA:1a10f018
20397852ns          343500 1c008d42 00000513 addi             x10, x0, 0          x10=00000000
20397872ns          343501 1c008d44 00008067 jalr             x0, x1, 0            x1:1c008de0
20397913ns          343503 1c008de0 15f52063 p.beqimm         x10, 320            x10:00000000
20397933ns          343504 1c008de4 001a8a93 addi             x21, x21, 1         x21=00000001 x21:00000000
20397953ns          343505 1c008de6 00800d33 add              x26, x0, x8         x26=1c0009ad  x8:1c0009ad
20397973ns          343506 1c008de8 000d4503 lbu              x10, 0(x26)         x10=00000046 x26:1c0009ad  PA:1c0009ad
20398277ns          343521 1c008dec 001d0413 addi             x8, x26, 1           x8=1c0009ae x26:1c0009ad
20398297ns          343522 1c008df0 0c050b63 beq              x10, x0, 214        x10:00000046
20398317ns          343523 1c008df2 02500793 addi             x15, x0, 37         x15=00000025
20398338ns          343524 1c008df6 fef513e3 bne              x10, x15, -26       x10:00000046 x15:00000025
20398398ns          343527 1c008ddc 017005b3 add              x11, x0, x23        x11=00000002 x23:00000002
20398419ns          343528 1c008dde 000980e7 jalr             x1, x19, 0           x1=1c008de0 x19:1c008d20
20398459ns          343530 1c008d20 f14027f3 csrrs            x15, x0, 0xf14      x15=00000003
20398479ns          343531 1c008d24 1a10f6b7 lui              x13, 0x1a10f000     x13=1a10f000
20398500ns          343532 1c008d28 ca5797b3 p.extractu       x15, x15, 5, 5      x15=00000000 x15:00000003
20398520ns          343533 1c008d2c f1402773 csrrs            x14, x0, 0xf14      x14=00000003
20398540ns          343534 1c008d30 00779793 slli             x15, x15, 0x7       x15=00000000 x15:00000000
20398560ns          343535 1c008d32 00371713 slli             x14, x14, 0x3       x14=00000018 x14:00000003
20398581ns          343536 1c008d34 0ff57513 andi             x10, x10, 255       x10=00000046 x10:00000046
20398601ns          343537 1c008d38 ee873733 p.bclr           x14, x14, 23, 8     x14=00000018 x14:00000018
20398621ns          343538 1c008d3c 00d787b3 add              x15, x15, x13       x15=1a10f000 x15:00000000 x13:1a10f000
20398641ns          343539 1c008d3e 00a767a3 p.sw             x10, x0(x14)        x10:00000046 x14:00000018  PA:1a10f018
20398985ns          343556 1c008d42 00000513 addi             x10, x0, 0          x10=00000000
20399006ns          343557 1c008d44 00008067 jalr             x0, x1, 0            x1:1c008de0
20399046ns          343559 1c008de0 15f52063 p.beqimm         x10, 320            x10:00000000
20399066ns          343560 1c008de4 001a8a93 addi             x21, x21, 1         x21=00000002 x21:00000001
20399087ns          343561 1c008de6 00800d33 add              x26, x0, x8         x26=1c0009ae  x8:1c0009ae
20399107ns          343562 1c008de8 000d4503 lbu              x10, 0(x26)         x10=00000046 x26:1c0009ae  PA:1c0009ae
20399410ns          343577 1c008dec 001d0413 addi             x8, x26, 1           x8=1c0009af x26:1c0009ae
20399431ns          343578 1c008df0 0c050b63 beq              x10, x0, 214        x10:00000046
20399451ns          343579 1c008df2 02500793 addi             x15, x0, 37         x15=00000025
20399471ns          343580 1c008df6 fef513e3 bne              x10, x15, -26       x10:00000046 x15:00000025
20399532ns          343583 1c008ddc 017005b3 add              x11, x0, x23        x11=00000002 x23:00000002
20399552ns          343584 1c008dde 000980e7 jalr             x1, x19, 0           x1=1c008de0 x19:1c008d20
20399593ns          343586 1c008d20 f14027f3 csrrs            x15, x0, 0xf14      x15=00000003
20399613ns          343587 1c008d24 1a10f6b7 lui              x13, 0x1a10f000     x13=1a10f000
20399633ns          343588 1c008d28 ca5797b3 p.extractu       x15, x15, 5, 5      x15=00000000 x15:00000003
20399653ns          343589 1c008d2c f1402773 csrrs            x14, x0, 0xf14      x14=00000003
20399674ns          343590 1c008d30 00779793 slli             x15, x15, 0x7       x15=00000000 x15:00000000
20399694ns          343591 1c008d32 00371713 slli             x14, x14, 0x3       x14=00000018 x14:00000003
20399714ns          343592 1c008d34 0ff57513 andi             x10, x10, 255       x10=00000046 x10:00000046
20399734ns          343593 1c008d38 ee873733 p.bclr           x14, x14, 23, 8     x14=00000018 x14:00000018
20399754ns          343594 1c008d3c 00d787b3 add              x15, x15, x13       x15=1a10f000 x15:00000000 x13:1a10f000
20399775ns          343595 1c008d3e 00a767a3 p.sw             x10, x0(x14)        x10:00000046 x14:00000018  PA:1a10f018
20400119ns          343612 1c008d42 00000513 addi             x10, x0, 0          x10=00000000
20400139ns          343613 1c008d44 00008067 jalr             x0, x1, 0            x1:1c008de0
20400180ns          343615 1c008de0 15f52063 p.beqimm         x10, 320            x10:00000000
20400200ns          343616 1c008de4 001a8a93 addi             x21, x21, 1         x21=00000003 x21:00000002
20400220ns          343617 1c008de6 00800d33 add              x26, x0, x8         x26=1c0009af  x8:1c0009af
20400240ns          343618 1c008de8 000d4503 lbu              x10, 0(x26)         x10=00000054 x26:1c0009af  PA:1c0009af
20400564ns          343634 1c008dec 001d0413 addi             x8, x26, 1           x8=1c0009b0 x26:1c0009af
20400584ns          343635 1c008df0 0c050b63 beq              x10, x0, 214        x10:00000054
20400605ns          343636 1c008df2 02500793 addi             x15, x0, 37         x15=00000025
20400625ns          343637 1c008df6 fef513e3 bne              x10, x15, -26       x10:00000054 x15:00000025
20400686ns          343640 1c008ddc 017005b3 add              x11, x0, x23        x11=00000002 x23:00000002
20400706ns          343641 1c008dde 000980e7 jalr             x1, x19, 0           x1=1c008de0 x19:1c008d20
20400746ns          343643 1c008d20 f14027f3 csrrs            x15, x0, 0xf14      x15=00000003
20400766ns          343644 1c008d24 1a10f6b7 lui              x13, 0x1a10f000     x13=1a10f000
20400787ns          343645 1c008d28 ca5797b3 p.extractu       x15, x15, 5, 5      x15=00000000 x15:00000003
20400807ns          343646 1c008d2c f1402773 csrrs            x14, x0, 0xf14      x14=00000003
20400827ns          343647 1c008d30 00779793 slli             x15, x15, 0x7       x15=00000000 x15:00000000
20400847ns          343648 1c008d32 00371713 slli             x14, x14, 0x3       x14=00000018 x14:00000003
20400868ns          343649 1c008d34 0ff57513 andi             x10, x10, 255       x10=00000054 x10:00000054
20400888ns          343650 1c008d38 ee873733 p.bclr           x14, x14, 23, 8     x14=00000018 x14:00000018
20400908ns          343651 1c008d3c 00d787b3 add              x15, x15, x13       x15=1a10f000 x15:00000000 x13:1a10f000
20400928ns          343652 1c008d3e 00a767a3 p.sw             x10, x0(x14)        x10:00000054 x14:00000018  PA:1a10f018
20401252ns          343668 1c008d42 00000513 addi             x10, x0, 0          x10=00000000
20401272ns          343669 1c008d44 00008067 jalr             x0, x1, 0            x1:1c008de0
20401313ns          343671 1c008de0 15f52063 p.beqimm         x10, 320            x10:00000000
20401333ns          343672 1c008de4 001a8a93 addi             x21, x21, 1         x21=00000004 x21:00000003
20401353ns          343673 1c008de6 00800d33 add              x26, x0, x8         x26=1c0009b0  x8:1c0009b0
20401374ns          343674 1c008de8 000d4503 lbu              x10, 0(x26)         x10=00000025 x26:1c0009b0  PA:1c0009b0
20401677ns          343689 1c008dec 001d0413 addi             x8, x26, 1           x8=1c0009b1 x26:1c0009b0
20401698ns          343690 1c008df0 0c050b63 beq              x10, x0, 214        x10:00000025
20401718ns          343691 1c008df2 02500793 addi             x15, x0, 37         x15=00000025
20401738ns          343692 1c008df6 fef513e3 bne              x10, x15, -26       x10:00000025 x15:00000025
20401758ns          343693 1c008dfa 00012a23 sw               x0, 20(x2)           x2:10001368  PA:1000137c
20401778ns          343694 1c008dfc 00012823 sw               x0, 16(x2)           x2:10001368  PA:10001378
20401799ns          343695 1c008dfe 00012623 sw               x0, 12(x2)           x2:10001368  PA:10001374
20401819ns          343696 1c008e00 00012423 sw               x0, 8(x2)            x2:10001368  PA:10001370
20401839ns          343697 1c008e02 00012223 sw               x0, 4(x2)            x2:10001368  PA:1000136c
20401859ns          343698 1c008e04 02300493 addi             x9, x0, 35           x9=00000023
20401880ns          343699 1c008e08 02d00b13 addi             x22, x0, 45         x22=0000002d
20401900ns          343700 1c008e0c 00044c83 lbu              x25, 0(x8)          x25=00000064  x8:1c0009b1  PA:1c0009b1
20402224ns          343716 1c008e10 00140913 addi             x18, x8, 1          x18=1c0009b2  x8:1c0009b1
20402244ns          343717 1c008e14 019005b3 add              x11, x0, x25        x11=00000064 x25:00000064
20402264ns          343718 1c008e16 9d0c0513 addi             x10, x24, -1584     x10=1c0009d0 x24:1c001000
20402284ns          343719 1c008e1a 01200d33 add              x26, x0, x18        x26=1c0009b2 x18:1c0009b2
20402305ns          343720 1c008e1c 01900db3 add              x27, x0, x25        x27=00000064 x25:00000064
20402325ns          343721 1c008e1e e89ff0ef jal              x1, -376             x1=1c008e20
20402467ns          343728 1c008ca6 00054783 lbu              x15, 0(x10)         x15=0000002d x10:1c0009d0  PA:1c0009d0
20402770ns          343743 1c008caa 0ff5f593 andi             x11, x11, 255       x11=00000064 x11:00000064
20402790ns          343744 1c008cae 00b78c63 beq              x15, x11, 24        x15:0000002d x11:00000064
20402811ns          343745 1c008cb2 00078b63 beq              x15, x0, 22         x15:0000002d
20402831ns          343746 1c008cb4 00150793 addi             x15, x10, 1         x15=1c0009d1 x10:1c0009d0
20402851ns          343747 1c008cb8 0040006f jal              x0, 4              
20402952ns          343752 1c008cbc 00f00533 add              x10, x0, x15        x10=1c0009d1 x15:1c0009d1
20402973ns          343753 1c008cbe 0017c70b p.lbu            x14, 1(x15!)        x14=0000002b x15=1c0009d2 x15:1c0009d1  PA:1c0009d1
20403296ns          343769 1c008cc2 feb71ce3 bne              x14, x11, -8        x14:0000002b x11:00000064
20403357ns          343772 1c008cba 00070763 beq              x14, x0, 14         x14:0000002b
20403377ns          343773 1c008cbc 00f00533 add              x10, x0, x15        x10=1c0009d2 x15:1c0009d2
20403398ns          343774 1c008cbe 0017c70b p.lbu            x14, 1(x15!)        x14=00000020 x15=1c0009d3 x15:1c0009d2  PA:1c0009d2
20403722ns          343790 1c008cc2 feb71ce3 bne              x14, x11, -8        x14:00000020 x11:00000064
20403782ns          343793 1c008cba 00070763 beq              x14, x0, 14         x14:00000020
20403802ns          343794 1c008cbc 00f00533 add              x10, x0, x15        x10=1c0009d3 x15:1c0009d3
20403823ns          343795 1c008cbe 0017c70b p.lbu            x14, 1(x15!)        x14=00000023 x15=1c0009d4 x15:1c0009d3  PA:1c0009d3
20404187ns          343813 1c008cc2 feb71ce3 bne              x14, x11, -8        x14:00000023 x11:00000064
20404248ns          343816 1c008cba 00070763 beq              x14, x0, 14         x14:00000023
20404268ns          343817 1c008cbc 00f00533 add              x10, x0, x15        x10=1c0009d4 x15:1c0009d4
20404288ns          343818 1c008cbe 0017c70b p.lbu            x14, 1(x15!)        x14=00000030 x15=1c0009d5 x15:1c0009d4  PA:1c0009d4
20404612ns          343834 1c008cc2 feb71ce3 bne              x14, x11, -8        x14:00000030 x11:00000064
20404673ns          343837 1c008cba 00070763 beq              x14, x0, 14         x14:00000030
20404693ns          343838 1c008cbc 00f00533 add              x10, x0, x15        x10=1c0009d5 x15:1c0009d5
20404713ns          343839 1c008cbe 0017c70b p.lbu            x14, 1(x15!)        x14=00000000 x15=1c0009d6 x15:1c0009d5  PA:1c0009d5
20405037ns          343855 1c008cc2 feb71ce3 bne              x14, x11, -8        x14:00000000 x11:00000064
20405098ns          343858 1c008cba 00070763 beq              x14, x0, 14         x14:00000000
20405159ns          343861 1c008cc8 0015b593 sltiu            x11, x11, 1         x11=00000000 x11:00000064
20405179ns          343862 1c008ccc 40b005b3 sub              x11, x0, x11        x11=00000000 x11:00000000
20405199ns          343863 1c008cd0 00b57533 and              x10, x10, x11       x10=00000000 x10:1c0009d5 x11:00000000
20405219ns          343864 1c008cd2 00008067 jalr             x0, x1, 0            x1:1c008e20
20405260ns          343866 1c008e20 02050b63 beq              x10, x0, 54         x10:00000000
20405401ns          343873 1c008e56 02a00693 addi             x13, x0, 42         x13=0000002a
20405422ns          343874 1c008e5a 2edc8263 beq              x25, x13, 740       x25:00000064 x13:0000002a
20405482ns          343877 1c008e5e fd0c8693 addi             x13, x25, -48       x13=00000034 x25:00000064
20405503ns          343878 1c008e62 00900593 addi             x11, x0, 9          x11=00000009
20405523ns          343879 1c008e64 00000b13 addi             x22, x0, 0          x22=00000000
20405543ns          343880 1c008e66 0cd5fd63 bgeu             x11, x13, 218       x11:00000009 x13:00000034
20405563ns          343881 1c008e6a 02e00793 addi             x15, x0, 46         x15=0000002e
20405624ns          343884 1c008e6e 28fd8663 beq              x27, x15, 652       x27:00000064 x15:0000002e
20405644ns          343885 1c008e72 01b00433 add              x8, x0, x27          x8=00000064 x27:00000064
20405665ns          343886 1c008e74 fff00493 addi             x9, x0, -1           x9=ffffffff
20405685ns          343887 1c008e76 1c001737 lui              x14, 0x1c001000     x14=1c001000
20405705ns          343888 1c008e7a 01b005b3 add              x11, x0, x27        x11=00000064 x27:00000064
20405725ns          343889 1c008e7c 9d870513 addi             x10, x14, -1576     x10=1c0009d8 x14:1c001000
20405766ns          343891 1c008e80 e27ff0ef jal              x1, -474             x1=1c008e82
20405826ns          343894 1c008ca6 00054783 lbu              x15, 0(x10)         x15=00000068 x10:1c0009d8  PA:1c0009d8
20406130ns          343909 1c008caa 0ff5f593 andi             x11, x11, 255       x11=00000064 x11:00000064
20406150ns          343910 1c008cae 00b78c63 beq              x15, x11, 24        x15:00000068 x11:00000064
20406171ns          343911 1c008cb2 00078b63 beq              x15, x0, 22         x15:00000068
20406191ns          343912 1c008cb4 00150793 addi             x15, x10, 1         x15=1c0009d9 x10:1c0009d8
20406211ns          343913 1c008cb8 0040006f jal              x0, 4              
20406252ns          343915 1c008cbc 00f00533 add              x10, x0, x15        x10=1c0009d9 x15:1c0009d9
20406272ns          343916 1c008cbe 0017c70b p.lbu            x14, 1(x15!)        x14=0000006c x15=1c0009da x15:1c0009d9  PA:1c0009d9
20406596ns          343932 1c008cc2 feb71ce3 bne              x14, x11, -8        x14:0000006c x11:00000064
20406656ns          343935 1c008cba 00070763 beq              x14, x0, 14         x14:0000006c
20406677ns          343936 1c008cbc 00f00533 add              x10, x0, x15        x10=1c0009da x15:1c0009da
20406697ns          343937 1c008cbe 0017c70b p.lbu            x14, 1(x15!)        x14=0000007a x15=1c0009db x15:1c0009da  PA:1c0009da
20407102ns          343957 1c008cc2 feb71ce3 bne              x14, x11, -8        x14:0000007a x11:00000064
20407162ns          343960 1c008cba 00070763 beq              x14, x0, 14         x14:0000007a
20407183ns          343961 1c008cbc 00f00533 add              x10, x0, x15        x10=1c0009db x15:1c0009db
20407203ns          343962 1c008cbe 0017c70b p.lbu            x14, 1(x15!)        x14=00000000 x15=1c0009dc x15:1c0009db  PA:1c0009db
20407527ns          343978 1c008cc2 feb71ce3 bne              x14, x11, -8        x14:00000000 x11:00000064
20407587ns          343981 1c008cba 00070763 beq              x14, x0, 14         x14:00000000
20407648ns          343984 1c008cc8 0015b593 sltiu            x11, x11, 1         x11=00000000 x11:00000064
20407668ns          343985 1c008ccc 40b005b3 sub              x11, x0, x11        x11=00000000 x11:00000000
20407689ns          343986 1c008cd0 00b57533 and              x10, x10, x11       x10=00000000 x10:1c0009db x11:00000000
20407709ns          343987 1c008cd2 00008067 jalr             x0, x1, 0            x1:1c008e82
20407749ns          343989 1c008e82 00000793 addi             x15, x0, 0          x15=00000000
20407770ns          343990 1c008e84 00050f63 beq              x10, x0, 30         x10:00000000
20407911ns          343997 1c008ea2 06700693 addi             x13, x0, 103        x13=00000067
20407931ns          343998 1c008ea6 0bb6ee63 bltu             x13, x27, 188       x13:00000067 x27:00000064
20407952ns          343999 1c008eaa 06500693 addi             x13, x0, 101        x13=00000065
20408012ns          344002 1c008eae 3addf2e3 bgeu             x27, x13, 2980      x27:00000064 x13:00000065
20408053ns          344004 1c008eb2 04700693 addi             x13, x0, 71         x13=00000047
20408073ns          344005 1c008eb6 39b6ed63 bltu             x13, x27, 922       x13:00000047 x27:00000064
20408174ns          344010 1c009250 06300693 addi             x13, x0, 99         x13=00000063
20408215ns          344012 1c009254 70dd8c63 beq              x27, x13, 1816      x27:00000064 x13:00000063
20408235ns          344013 1c009258 d3b6e5e3 bltu             x13, x27, -726      x13:00000063 x27:00000064
20408437ns          344023 1c008f82 06c00693 addi             x13, x0, 108        x13=0000006c
20408458ns          344024 1c008f86 00d78a63 beq              x15, x13, 20        x15:00000000 x13:0000006c
20408478ns          344025 1c008f8a 07a00693 addi             x13, x0, 122        x13=0000007a
20408539ns          344028 1c008f8e 00d78663 beq              x15, x13, 12        x15:00000000 x13:0000007a
20408579ns          344030 1c008f92 04c00693 addi             x13, x0, 76         x13=0000004c
20408599ns          344031 1c008f96 5ed78de3 beq              x15, x13, 3578      x15:00000000 x13:0000004c
20408620ns          344032 1c008f9a 000a2783 lw               x15, 0(x20)         x15=00000003 x20:1000140c  PA:1000140c
20408640ns          344033 1c008f9e 004a0a13 addi             x20, x20, 4         x20=10001410 x20:1000140c
20408701ns          344036 1c008fa0 41f7d713 srai             x14, x15, 0x41f     x14=00000000 x15:00000003
20408741ns          344038 1c008fa4 01412e23 sw               x20, 28(x2)         x20:10001410  x2:10001368  PA:10001384
20408761ns          344039 1c008fa6 00e12223 sw               x14, 4(x2)          x14:00000000  x2:10001368  PA:1000136c
20408782ns          344040 1c008fa8 4e0741e3 blt              x14, x0, 3298       x14:00000000
20408802ns          344041 1c008fac 00c12703 lw               x14, 12(x2)         x14=00000000  x2:10001368  PA:10001374
20408842ns          344043 1c008fae 440709e3 beq              x14, x0, 3154       x14:00000000
20409024ns          344052 1c009c00 01012703 lw               x14, 16(x2)         x14=00000000  x2:10001368  PA:10001378
20409065ns          344054 1c009c02 22070063 beq              x14, x0, 544        x14:00000000
20409166ns          344059 1c009e22 00412c83 lw               x25, 4(x2)          x25=00000000  x2:10001368  PA:1000136c
20409207ns          344061 1c009e24 02410a13 addi             x20, x2, 36         x20=1000138c  x2:10001368
20409227ns          344062 1c009e28 998ff06f jal              x0, -3688          
20409308ns          344066 1c008fc0 00f00433 add              x8, x0, x15          x8=00000003 x15:00000003
20409328ns          344067 1c008fc2 01400db3 add              x27, x0, x20        x27=1000138c x20:1000138c
20409348ns          344068 1c008fc4 0040006f jal              x0, 4              
20409389ns          344070 1c008fc8 00a00613 addi             x12, x0, 10         x12=0000000a
20409409ns          344071 1c008fca 00000693 addi             x13, x0, 0          x13=00000000
20409429ns          344072 1c008fcc 00800533 add              x10, x0, x8         x10=00000003  x8:00000003
20409449ns          344073 1c008fce 019005b3 add              x11, x0, x25        x11=00000000 x25:00000000
20409470ns          344074 1c008fd0 c2aff0ef jal              x1, -3030            x1=1c008fd4
20409551ns          344078 1c0083fa 00c008b3 add              x17, x0, x12        x17=0000000a x12:0000000a
20409591ns          344080 1c0083fc 00d00733 add              x14, x0, x13        x14=00000000 x13:00000000
20409611ns          344081 1c0083fe 00a007b3 add              x15, x0, x10        x15=00000003 x10:00000003
20409672ns          344084 1c008400 00b00833 add              x16, x0, x11        x16=00000000 x11:00000000
20409713ns          344086 1c008402 1c069863 bne              x13, x0, 464        x13:00000000
20409733ns          344087 1c008406 1c0016b7 lui              x13, 0x1c001000     x13=1c001000
20409753ns          344088 1c00840a 86868693 addi             x13, x13, -1944     x13=1c000868 x13:1c001000
20409814ns          344091 1c00840e 0ac5f863 bgeu             x11, x12, 176       x11:00000000 x12:0000000a
20409834ns          344092 1c008412 00010337 lui              x6, 0x10000          x6=00010000
20409854ns          344093 1c008414 08667e63 bgeu             x12, x6, 156        x12:0000000a  x6:00010000
20409874ns          344094 1c008418 0ff00313 addi             x6, x0, 255          x6=000000ff
20409895ns          344095 1c00841c 00c37363 bgeu             x6, x12, 6           x6:000000ff x12:0000000a
20410300ns          344115 1c008422 00e65333 srl              x6, x12, x14         x6=0000000a x12:0000000a x14:00000000
20410320ns          344116 1c008426 006686b3 add              x13, x13, x6        x13=1c000872 x13:1c000868  x6:0000000a
20410340ns          344117 1c008428 0006ce03 lbu              x28, 0(x13)         x28=00000004 x13:1c000872  PA:1c000872
20410644ns          344132 1c00842c 02000313 addi             x6, x0, 32           x6=00000020
20410664ns          344133 1c008430 00ee0e33 add              x28, x28, x14       x28=00000004 x28:00000004 x14:00000000
20410684ns          344134 1c008432 41c30333 sub              x6, x6, x28          x6=0000001c  x6:00000020 x28:00000004
20410704ns          344135 1c008436 00030c63 beq              x6, x0, 24           x6:0000001c
20410725ns          344136 1c00843a 006595b3 sll              x11, x11, x6        x11=00000000 x11:00000000  x6:0000001c
20410785ns          344139 1c00843e 01c55e33 srl              x28, x10, x28       x28=00000000 x10:00000003 x28:00000004
20410826ns          344141 1c008442 006618b3 sll              x17, x12, x6        x17=a0000000 x12:0000000a  x6:0000001c
20410846ns          344142 1c008446 00be6833 or               x16, x28, x11       x16=00000000 x28:00000000 x11:00000000
20410866ns          344143 1c00844a 006517b3 sll              x15, x10, x6        x15=30000000 x10:00000003  x6:0000001c
20410927ns          344146 1c00844e 0108d613 srli             x12, x17, 0x10      x12=0000a000 x17:a0000000
20410967ns          344148 1c008452 02c87733 remu             x14, x16, x12       x14=00000000 x16:00000000 x12:0000a000
20411352ns          344167 1c008456 02c85833 divu             x16, x16, x12       x16=00000000 x16:00000000 x12:0000a000
20411737ns          344186 1c00845a 01089513 slli             x10, x17, 0x10      x10=00000000 x17:a0000000
20411757ns          344187 1c00845e 01055513 srli             x10, x10, 0x10      x10=00000000 x10:00000000
20411777ns          344188 1c008460 01071713 slli             x14, x14, 0x10      x14=00000000 x14:00000000
20411797ns          344189 1c008462 0107d693 srli             x13, x15, 0x10      x13=00003000 x15:30000000
20411818ns          344190 1c008466 03050833 mul              x16, x10, x16       x16=00000000 x10:00000000 x16:00000000
20411838ns          344191 1c00846a 00e6e6b3 or               x13, x13, x14       x13=00003000 x13:00003000 x14:00000000
20411858ns          344192 1c00846c 0106f863 bgeu             x13, x16, 16        x13:00003000 x16:00000000
20412324ns          344215 1c00847c 410686b3 sub              x13, x13, x16       x13=00003000 x13:00003000 x16:00000000
20412708ns          344234 1c008480 02c6f733 remu             x14, x13, x12       x14=00003000 x13:00003000 x12:0000a000
20413113ns          344254 1c008484 02c6d6b3 divu             x13, x13, x12       x13=00000000 x13:00003000 x12:0000a000
20413497ns          344273 1c008488 01079793 slli             x15, x15, 0x10      x15=00000000 x15:30000000
20413518ns          344274 1c00848a 02d506b3 mul              x13, x10, x13       x13=00000000 x10:00000000 x13:00000000
20413538ns          344275 1c00848e 0107d793 srli             x15, x15, 0x10      x15=00000000 x15:00000000
20413558ns          344276 1c008490 01071513 slli             x10, x14, 0x10      x10=30000000 x14:00003000
20413578ns          344277 1c008494 00a7e7b3 or               x15, x15, x10       x15=30000000 x15:00000000 x10:30000000
20413599ns          344278 1c008496 00d7f863 bgeu             x15, x13, 16        x15:30000000 x13:00000000
20413700ns          344283 1c0084a6 40d787b3 sub              x15, x15, x13       x15=30000000 x15:30000000 x13:00000000
20413720ns          344284 1c0084a8 0067d533 srl              x10, x15, x6        x10=00000003 x15:30000000  x6:0000001c
20413740ns          344285 1c0084ac 00000593 addi             x11, x0, 0          x11=00000000
20413761ns          344286 1c0084ae 00008067 jalr             x0, x1, 0            x1:1c008fd4
20413882ns          344292 1c008fd4 00a00933 add              x18, x0, x10        x18=00000003 x10:00000003
20413902ns          344293 1c008fd6 019005b3 add              x11, x0, x25        x11=00000000 x25:00000000
20413922ns          344294 1c008fd8 00800533 add              x10, x0, x8         x10=00000003  x8:00000003
20413943ns          344295 1c008fda 00a00613 addi             x12, x0, 10         x12=0000000a
20413963ns          344296 1c008fdc 00000693 addi             x13, x0, 0          x13=00000000
20414003ns          344298 1c008fde 8beff0ef jal              x1, -3906            x1=1c008fe2
20414084ns          344302 1c00809c 00b007b3 add              x15, x0, x11        x15=00000000 x11:00000000
20414105ns          344303 1c00809e 00c00833 add              x16, x0, x12        x16=0000000a x12:0000000a
20414530ns          344324 1c0080a0 00d008b3 add              x17, x0, x13        x17=00000000 x13:00000000
20414550ns          344325 1c0080a2 00a00333 add              x6, x0, x10          x6=00000003 x10:00000003
20414570ns          344326 1c0080a4 20069663 bne              x13, x0, 524        x13:00000000
20414590ns          344327 1c0080a8 1c001737 lui              x14, 0x1c001000     x14=1c001000
20414611ns          344328 1c0080ac 86870713 addi             x14, x14, -1944     x14=1c000868 x14:1c001000
20415056ns          344350 1c0080b0 0ac5fe63 bgeu             x11, x12, 188       x11:00000000 x12:0000000a
20415096ns          344352 1c0080b4 000106b7 lui              x13, 0x10000        x13=00010000
20415117ns          344353 1c0080b6 0ad67463 bgeu             x12, x13, 168       x12:0000000a x13:00010000
20415137ns          344354 1c0080ba 0ff00693 addi             x13, x0, 255        x13=000000ff
20415198ns          344357 1c0080be 00c6b6b3 sltu             x13, x13, x12       x13=00000000 x13:000000ff x12:0000000a
20415218ns          344358 1c0080c2 00369693 slli             x13, x13, 0x3       x13=00000000 x13:00000000
20415238ns          344359 1c0080c4 00d658b3 srl              x17, x12, x13       x17=0000000a x12:0000000a x13:00000000
20415258ns          344360 1c0080c8 01170733 add              x14, x14, x17       x14=1c000872 x14:1c000868 x17:0000000a
20415279ns          344361 1c0080ca 00074703 lbu              x14, 0(x14)         x14=00000004 x14:1c000872  PA:1c000872
20415602ns          344377 1c0080ce 00e686b3 add              x13, x13, x14       x13=00000004 x13:00000000 x14:00000004
20415623ns          344378 1c0080d0 02000713 addi             x14, x0, 32         x14=00000020
20415643ns          344379 1c0080d4 40d70733 sub              x14, x14, x13       x14=0000001c x14:00000020 x13:00000004
20415663ns          344380 1c0080d6 00070b63 beq              x14, x0, 22         x14:0000001c
20415683ns          344381 1c0080d8 00e797b3 sll              x15, x15, x14       x15=00000000 x15:00000000 x14:0000001c
20415704ns          344382 1c0080dc 00d556b3 srl              x13, x10, x13       x13=00000000 x10:00000003 x13:00000004
20416088ns          344401 1c0080e0 00e61833 sll              x16, x12, x14       x16=a0000000 x12:0000000a x14:0000001c
20416129ns          344403 1c0080e4 00f6e5b3 or               x11, x13, x15       x11=00000000 x13:00000000 x15:00000000
20416149ns          344404 1c0080e8 00e51333 sll              x6, x10, x14         x6=30000000 x10:00000003 x14:0000001c
20416169ns          344405 1c0080ec 01085513 srli             x10, x16, 0x10      x10=0000a000 x16:a0000000
20416230ns          344408 1c0080f0 02a5f733 remu             x14, x11, x10       x14=00000000 x11:00000000 x10:0000a000
20416635ns          344428 1c0080f4 02a5d7b3 divu             x15, x11, x10       x15=00000000 x11:00000000 x10:0000a000
20417019ns          344447 1c0080f8 01081613 slli             x12, x16, 0x10      x12=00000000 x16:a0000000
20417039ns          344448 1c0080fc 01071713 slli             x14, x14, 0x10      x14=00000000 x14:00000000
20417060ns          344449 1c0080fe 01065613 srli             x12, x12, 0x10      x12=00000000 x12:00000000
20417080ns          344450 1c008100 01035693 srli             x13, x6, 0x10       x13=00003000  x6:30000000
20417100ns          344451 1c008104 00e6e6b3 or               x13, x13, x14       x13=00003000 x13:00003000 x14:00000000
20417120ns          344452 1c008106 02f605b3 mul              x11, x12, x15       x11=00000000 x12:00000000 x15:00000000
20417141ns          344453 1c00810a 00f00733 add              x14, x0, x15        x14=00000000 x15:00000000
20417161ns          344454 1c00810c 00b6fc63 bgeu             x13, x11, 24        x13:00003000 x11:00000000
20417890ns          344490 1c008124 40b686b3 sub              x13, x13, x11       x13=00003000 x13:00003000 x11:00000000
20417930ns          344492 1c008126 02a6f7b3 remu             x15, x13, x10       x15=00003000 x13:00003000 x10:0000a000
20418315ns          344511 1c00812a 02a6d6b3 divu             x13, x13, x10       x13=00000000 x13:00003000 x10:0000a000
20418699ns          344530 1c00812e 01031313 slli             x6, x6, 0x10         x6=00000000  x6:30000000
20418719ns          344531 1c008130 01079793 slli             x15, x15, 0x10      x15=30000000 x15:00003000
20418740ns          344532 1c008132 01035313 srli             x6, x6, 0x10         x6=00000000  x6:00000000
20418760ns          344533 1c008136 02d605b3 mul              x11, x12, x13       x11=00000000 x12:00000000 x13:00000000
20418780ns          344534 1c00813a 0067e333 or               x6, x15, x6          x6=30000000 x15:30000000  x6:00000000
20418800ns          344535 1c00813e 00d00533 add              x10, x0, x13        x10=00000000 x13:00000000
20418841ns          344537 1c008140 00b37b63 bgeu             x6, x11, 22          x6:30000000 x11:00000000
20419286ns          344559 1c008156 01071713 slli             x14, x14, 0x10      x14=00000000 x14:00000000
20419327ns          344561 1c008158 00a76733 or               x14, x14, x10       x14=00000000 x14:00000000 x10:00000000
20419347ns          344562 1c00815a 00000593 addi             x11, x0, 0          x11=00000000
20419367ns          344563 1c00815c 0b20006f jal              x0, 178            
20419488ns          344569 1c00820e 00e00533 add              x10, x0, x14        x10=00000000 x14:00000000
20419569ns          344573 1c008210 00008067 jalr             x0, x1, 0            x1:1c008fe2
20419630ns          344576 1c008fe2 03090913 addi             x18, x18, 48        x18=00000033 x18:00000003
20419650ns          344577 1c008fe6 012d8023 sb               x18, 0(x27)         x18:00000033 x27:1000138c  PA:1000138c
20419671ns          344578 1c008fea 00a5e7b3 or               x15, x11, x10       x15=00000000 x11:00000000 x10:00000000
20419731ns          344581 1c008fee 001d8913 addi             x18, x27, 1         x18=1000138d x27:1000138c
20419752ns          344582 1c008ff2 00a00433 add              x8, x0, x10          x8=00000000 x10:00000000
20419772ns          344583 1c008ff4 00b00cb3 add              x25, x0, x11        x25=00000000 x11:00000000
20419792ns          344584 1c008ff6 fc0798e3 bne              x15, x0, -48        x15:00000000
20419812ns          344585 1c008ff8 00090023 sb               x0, 0(x18)          x18:1000138d  PA:1000138d
20419833ns          344586 1c008ffc 01ba7d63 bgeu             x20, x27, 26        x20:1000138c x27:1000138c
20420298ns          344609 1c009016 00012783 lw               x15, 0(x2)          x15=1000138c  x2:10001368  PA:10001368
20420339ns          344611 1c009018 00c12703 lw               x14, 12(x2)         x14=00000000  x2:10001368  PA:10001374
20420359ns          344612 1c00901a 40f90933 sub              x18, x18, x15       x18=00000001 x18:1000138d x15:1000138c
20420420ns          344615 1c00901e 3c071de3 bne              x14, x0, 3034       x14:00000000
20420440ns          344616 1c009022 01012783 lw               x15, 16(x2)         x15=00000000  x2:10001368  PA:10001378
20420480ns          344618 1c009024 3c079ae3 bne              x15, x0, 3028       x15:00000000
20420500ns          344619 1c009028 00412703 lw               x14, 4(x2)          x14=00000000  x2:10001368  PA:1000136c
20420541ns          344621 1c00902a 01f75713 srli             x14, x14, 0x1f      x14=00000000 x14:00000000
20420561ns          344622 1c00902c 00e12223 sw               x14, 4(x2)          x14:00000000  x2:10001368  PA:1000136c
20420946ns          344641 1c00902e 3404c463 blt              x9, x0, 840          x9:ffffffff
20421047ns          344646 1c009376 00000c93 addi             x25, x0, 0          x25=00000000
20421087ns          344648 1c009378 00012c23 sw               x0, 24(x2)           x2:10001368  PA:10001380
20421108ns          344649 1c00937a 00000a13 addi             x20, x0, 0          x20=00000000
20421128ns          344650 1c00937c 01412783 lw               x15, 20(x2)         x15=00000000  x2:10001368  PA:1000137c
20421472ns          344667 1c00937e 5e078163 beq              x15, x0, 1506       x15:00000000
20421573ns          344672 1c009960 412b0b33 sub              x22, x22, x18       x22=ffffffff x22:00000000 x18:00000001
20421614ns          344674 1c009964 02410413 addi             x8, x2, 36           x8=1000138c  x2:10001368
20421634ns          344675 1c009966 00000493 addi             x9, x0, 0            x9=00000000
20421654ns          344676 1c009968 ee6ff06f jal              x0, -2330          
20421796ns          344683 1c00904e 00812703 lw               x14, 8(x2)          x14=00000000  x2:10001368  PA:10001370
20421877ns          344687 1c009050 02071063 bne              x14, x0, 32         x14:00000000
20421917ns          344689 1c009052 01605f63 bge              x0, x22, 30         x22:ffffffff
20422018ns          344694 1c009070 00412783 lw               x15, 4(x2)          x15=00000000  x2:10001368  PA:1000136c
20422059ns          344696 1c009072 00f40db3 add              x27, x8, x15        x27=1000138c  x8:1000138c x15:00000000
20422079ns          344697 1c009076 00c0006f jal              x0, 12             
20422160ns          344701 1c009082 017005b3 add              x11, x0, x23        x11=00000002 x23:00000002
20422201ns          344703 1c009084 ffb41ae3 bne              x8, x27, -12         x8:1000138c x27:1000138c
20422221ns          344704 1c009088 00900db3 add              x27, x0, x9         x27=00000000  x9:00000000
20422241ns          344705 1c00908a 0080006f jal              x0, 8              
20422342ns          344710 1c009092 fffd8d93 addi             x27, x27, -1        x27=ffffffff x27:00000000
20422363ns          344711 1c009094 017005b3 add              x11, x0, x23        x11=00000002 x23:00000002
20422383ns          344712 1c009096 03000513 addi             x10, x0, 48         x10=00000030
20422403ns          344713 1c00909a fffdb9e3 p.bneimm         x27, -14            x27:ffffffff
20422423ns          344714 1c00909e 00412703 lw               x14, 4(x2)          x14=00000000  x2:10001368  PA:1000136c
20422464ns          344716 1c0090a0 40e90933 sub              x18, x18, x14       x18=00000001 x18:00000001 x14:00000000
20422504ns          344718 1c0090a4 01212423 sw               x18, 8(x2)          x18:00000001  x2:10001368  PA:10001370
20422545ns          344720 1c0090a6 e40a15e3 bne              x20, x0, -438       x20:00000000
20422565ns          344721 1c0090aa 01812783 lw               x15, 24(x2)         x15=00000000  x2:10001368  PA:10001380
20422605ns          344723 1c0090ac 16079763 bne              x15, x0, 366        x15:00000000
20422626ns          344724 1c0090b0 120c8863 beq              x25, x0, 304        x25:00000000
20422727ns          344729 1c0091e0 017005b3 add              x11, x0, x23        x11=00000002 x23:00000002
20422767ns          344731 1c0091e2 ff2049e3 blt              x0, x18, -14        x18:00000001
20422869ns          344736 1c0091d4 0014450b p.lbu            x10, 1(x8!)         x10=00000033  x8=1000138d  x8:1000138c  PA:1000138c
20422909ns          344738 1c0091d8 fff90913 addi             x18, x18, -1        x18=00000000 x18:00000001
20422929ns          344739 1c0091da 000980e7 jalr             x1, x19, 0           x1=1c0091dc x19:1c008d20
20423334ns          344759 1c008d20 f14027f3 csrrs            x15, x0, 0xf14      x15=00000003
20423375ns          344761 1c008d24 1a10f6b7 lui              x13, 0x1a10f000     x13=1a10f000
20423395ns          344762 1c008d28 ca5797b3 p.extractu       x15, x15, 5, 5      x15=00000000 x15:00000003
20423415ns          344763 1c008d2c f1402773 csrrs            x14, x0, 0xf14      x14=00000003
20423435ns          344764 1c008d30 00779793 slli             x15, x15, 0x7       x15=00000000 x15:00000000
20423456ns          344765 1c008d32 00371713 slli             x14, x14, 0x3       x14=00000018 x14:00000003
20423476ns          344766 1c008d34 0ff57513 andi             x10, x10, 255       x10=00000033 x10:00000033
20423496ns          344767 1c008d38 ee873733 p.bclr           x14, x14, 23, 8     x14=00000018 x14:00000018
20423516ns          344768 1c008d3c 00d787b3 add              x15, x15, x13       x15=1a10f000 x15:00000000 x13:1a10f000
20423557ns          344770 1c008d3e 00a767a3 p.sw             x10, x0(x14)        x10:00000033 x14:00000018  PA:1a10f018
20424144ns          344799 1c008d42 00000513 addi             x10, x0, 0          x10=00000000
20424164ns          344800 1c008d44 00008067 jalr             x0, x1, 0            x1:1c0091dc
20424245ns          344804 1c0091dc d5f522e3 p.beqimm         x10, -700           x10:00000000
20424285ns          344806 1c0091e0 017005b3 add              x11, x0, x23        x11=00000002 x23:00000002
20424306ns          344807 1c0091e2 ff2049e3 blt              x0, x18, -14        x18:00000000
20424326ns          344808 1c0091e6 00412783 lw               x15, 4(x2)          x15=00000000  x2:10001368  PA:1000136c
20424346ns          344809 1c0091e8 01c12a03 lw               x20, 28(x2)         x20=10001410  x2:10001368  PA:10001384
20424366ns          344810 1c0091ea 00fa8733 add              x14, x21, x15       x14=00000004 x21:00000004 x15:00000000
20424387ns          344811 1c0091ee 00812783 lw               x15, 8(x2)          x15=00000001  x2:10001368  PA:10001370
20424427ns          344813 1c0091f0 00970733 add              x14, x14, x9        x14=00000004 x14:00000004  x9:00000000
20424468ns          344815 1c0091f2 00e78ab3 add              x21, x15, x14       x21=00000005 x15:00000001 x14:00000004
20424488ns          344816 1c0091f6 bf6059e3 bge              x0, x22, -1038      x22:ffffffff
20424650ns          344824 1c008de8 000d4503 lbu              x10, 0(x26)         x10=00000020 x26:1c0009b2  PA:1c0009b2
20424974ns          344840 1c008dec 001d0413 addi             x8, x26, 1           x8=1c0009b3 x26:1c0009b2
20424994ns          344841 1c008df0 0c050b63 beq              x10, x0, 214        x10:00000020
20425014ns          344842 1c008df2 02500793 addi             x15, x0, 37         x15=00000025
20425034ns          344843 1c008df6 fef513e3 bne              x10, x15, -26       x10:00000020 x15:00000025
20425196ns          344851 1c008ddc 017005b3 add              x11, x0, x23        x11=00000002 x23:00000002
20425216ns          344852 1c008dde 000980e7 jalr             x1, x19, 0           x1=1c008de0 x19:1c008d20
20425257ns          344854 1c008d20 f14027f3 csrrs            x15, x0, 0xf14      x15=00000003
20425277ns          344855 1c008d24 1a10f6b7 lui              x13, 0x1a10f000     x13=1a10f000
20425297ns          344856 1c008d28 ca5797b3 p.extractu       x15, x15, 5, 5      x15=00000000 x15:00000003
20425318ns          344857 1c008d2c f1402773 csrrs            x14, x0, 0xf14      x14=00000003
20425338ns          344858 1c008d30 00779793 slli             x15, x15, 0x7       x15=00000000 x15:00000000
20425358ns          344859 1c008d32 00371713 slli             x14, x14, 0x3       x14=00000018 x14:00000003
20425378ns          344860 1c008d34 0ff57513 andi             x10, x10, 255       x10=00000020 x10:00000020
20425399ns          344861 1c008d38 ee873733 p.bclr           x14, x14, 23, 8     x14=00000018 x14:00000018
20425419ns          344862 1c008d3c 00d787b3 add              x15, x15, x13       x15=1a10f000 x15:00000000 x13:1a10f000
20425439ns          344863 1c008d3e 00a767a3 p.sw             x10, x0(x14)        x10:00000020 x14:00000018  PA:1a10f018
20425824ns          344882 1c008d42 00000513 addi             x10, x0, 0          x10=00000000
20425844ns          344883 1c008d44 00008067 jalr             x0, x1, 0            x1:1c008de0
20425884ns          344885 1c008de0 15f52063 p.beqimm         x10, 320            x10:00000000
20425905ns          344886 1c008de4 001a8a93 addi             x21, x21, 1         x21=00000006 x21:00000005
20425925ns          344887 1c008de6 00800d33 add              x26, x0, x8         x26=1c0009b3  x8:1c0009b3
20425945ns          344888 1c008de8 000d4503 lbu              x10, 0(x26)         x10=00000054 x26:1c0009b3  PA:1c0009b3
20426228ns          344902 1c008dec 001d0413 addi             x8, x26, 1           x8=1c0009b4 x26:1c0009b3
20426249ns          344903 1c008df0 0c050b63 beq              x10, x0, 214        x10:00000054
20426269ns          344904 1c008df2 02500793 addi             x15, x0, 37         x15=00000025
20426289ns          344905 1c008df6 fef513e3 bne              x10, x15, -26       x10:00000054 x15:00000025
20426350ns          344908 1c008ddc 017005b3 add              x11, x0, x23        x11=00000002 x23:00000002
20426370ns          344909 1c008dde 000980e7 jalr             x1, x19, 0           x1=1c008de0 x19:1c008d20
20426411ns          344911 1c008d20 f14027f3 csrrs            x15, x0, 0xf14      x15=00000003
20426431ns          344912 1c008d24 1a10f6b7 lui              x13, 0x1a10f000     x13=1a10f000
20426451ns          344913 1c008d28 ca5797b3 p.extractu       x15, x15, 5, 5      x15=00000000 x15:00000003
20426471ns          344914 1c008d2c f1402773 csrrs            x14, x0, 0xf14      x14=00000003
20426492ns          344915 1c008d30 00779793 slli             x15, x15, 0x7       x15=00000000 x15:00000000
20426512ns          344916 1c008d32 00371713 slli             x14, x14, 0x3       x14=00000018 x14:00000003
20426532ns          344917 1c008d34 0ff57513 andi             x10, x10, 255       x10=00000054 x10:00000054
20426552ns          344918 1c008d38 ee873733 p.bclr           x14, x14, 23, 8     x14=00000018 x14:00000018
20426572ns          344919 1c008d3c 00d787b3 add              x15, x15, x13       x15=1a10f000 x15:00000000 x13:1a10f000
20426593ns          344920 1c008d3e 00a767a3 p.sw             x10, x0(x14)        x10:00000054 x14:00000018  PA:1a10f018
20426937ns          344937 1c008d42 00000513 addi             x10, x0, 0          x10=00000000
20426957ns          344938 1c008d44 00008067 jalr             x0, x1, 0            x1:1c008de0
20426998ns          344940 1c008de0 15f52063 p.beqimm         x10, 320            x10:00000000
20427018ns          344941 1c008de4 001a8a93 addi             x21, x21, 1         x21=00000007 x21:00000006
20427038ns          344942 1c008de6 00800d33 add              x26, x0, x8         x26=1c0009b4  x8:1c0009b4
20427058ns          344943 1c008de8 000d4503 lbu              x10, 0(x26)         x10=00000061 x26:1c0009b4  PA:1c0009b4
20427362ns          344958 1c008dec 001d0413 addi             x8, x26, 1           x8=1c0009b5 x26:1c0009b4
20427382ns          344959 1c008df0 0c050b63 beq              x10, x0, 214        x10:00000061
20427402ns          344960 1c008df2 02500793 addi             x15, x0, 37         x15=00000025
20427423ns          344961 1c008df6 fef513e3 bne              x10, x15, -26       x10:00000061 x15:00000025
20427483ns          344964 1c008ddc 017005b3 add              x11, x0, x23        x11=00000002 x23:00000002
20427504ns          344965 1c008dde 000980e7 jalr             x1, x19, 0           x1=1c008de0 x19:1c008d20
20427544ns          344967 1c008d20 f14027f3 csrrs            x15, x0, 0xf14      x15=00000003
20427564ns          344968 1c008d24 1a10f6b7 lui              x13, 0x1a10f000     x13=1a10f000
20427584ns          344969 1c008d28 ca5797b3 p.extractu       x15, x15, 5, 5      x15=00000000 x15:00000003
20427605ns          344970 1c008d2c f1402773 csrrs            x14, x0, 0xf14      x14=00000003
20427625ns          344971 1c008d30 00779793 slli             x15, x15, 0x7       x15=00000000 x15:00000000
20427645ns          344972 1c008d32 00371713 slli             x14, x14, 0x3       x14=00000018 x14:00000003
20427665ns          344973 1c008d34 0ff57513 andi             x10, x10, 255       x10=00000061 x10:00000061
20427686ns          344974 1c008d38 ee873733 p.bclr           x14, x14, 23, 8     x14=00000018 x14:00000018
20427706ns          344975 1c008d3c 00d787b3 add              x15, x15, x13       x15=1a10f000 x15:00000000 x13:1a10f000
20427726ns          344976 1c008d3e 00a767a3 p.sw             x10, x0(x14)        x10:00000061 x14:00000018  PA:1a10f018
20428050ns          344992 1c008d42 00000513 addi             x10, x0, 0          x10=00000000
20428070ns          344993 1c008d44 00008067 jalr             x0, x1, 0            x1:1c008de0
20428111ns          344995 1c008de0 15f52063 p.beqimm         x10, 320            x10:00000000
20428131ns          344996 1c008de4 001a8a93 addi             x21, x21, 1         x21=00000008 x21:00000007
20428151ns          344997 1c008de6 00800d33 add              x26, x0, x8         x26=1c0009b5  x8:1c0009b5
20428171ns          344998 1c008de8 000d4503 lbu              x10, 0(x26)         x10=00000073 x26:1c0009b5  PA:1c0009b5
20428475ns          345013 1c008dec 001d0413 addi             x8, x26, 1           x8=1c0009b6 x26:1c0009b5
20428495ns          345014 1c008df0 0c050b63 beq              x10, x0, 214        x10:00000073
20428516ns          345015 1c008df2 02500793 addi             x15, x0, 37         x15=00000025
20428536ns          345016 1c008df6 fef513e3 bne              x10, x15, -26       x10:00000073 x15:00000025
20428596ns          345019 1c008ddc 017005b3 add              x11, x0, x23        x11=00000002 x23:00000002
20428617ns          345020 1c008dde 000980e7 jalr             x1, x19, 0           x1=1c008de0 x19:1c008d20
20428657ns          345022 1c008d20 f14027f3 csrrs            x15, x0, 0xf14      x15=00000003
20428677ns          345023 1c008d24 1a10f6b7 lui              x13, 0x1a10f000     x13=1a10f000
20428698ns          345024 1c008d28 ca5797b3 p.extractu       x15, x15, 5, 5      x15=00000000 x15:00000003
20428718ns          345025 1c008d2c f1402773 csrrs            x14, x0, 0xf14      x14=00000003
20428738ns          345026 1c008d30 00779793 slli             x15, x15, 0x7       x15=00000000 x15:00000000
20428758ns          345027 1c008d32 00371713 slli             x14, x14, 0x3       x14=00000018 x14:00000003
20428779ns          345028 1c008d34 0ff57513 andi             x10, x10, 255       x10=00000073 x10:00000073
20428799ns          345029 1c008d38 ee873733 p.bclr           x14, x14, 23, 8     x14=00000018 x14:00000018
20428819ns          345030 1c008d3c 00d787b3 add              x15, x15, x13       x15=1a10f000 x15:00000000 x13:1a10f000
20428839ns          345031 1c008d3e 00a767a3 p.sw             x10, x0(x14)        x10:00000073 x14:00000018  PA:1a10f018
20429163ns          345047 1c008d42 00000513 addi             x10, x0, 0          x10=00000000
20429183ns          345048 1c008d44 00008067 jalr             x0, x1, 0            x1:1c008de0
20429224ns          345050 1c008de0 15f52063 p.beqimm         x10, 320            x10:00000000
20429244ns          345051 1c008de4 001a8a93 addi             x21, x21, 1         x21=00000009 x21:00000008
20429264ns          345052 1c008de6 00800d33 add              x26, x0, x8         x26=1c0009b6  x8:1c0009b6
20429285ns          345053 1c008de8 000d4503 lbu              x10, 0(x26)         x10=0000006b x26:1c0009b6  PA:1c0009b6
20429588ns          345068 1c008dec 001d0413 addi             x8, x26, 1           x8=1c0009b7 x26:1c0009b6
20429608ns          345069 1c008df0 0c050b63 beq              x10, x0, 214        x10:0000006b
20429629ns          345070 1c008df2 02500793 addi             x15, x0, 37         x15=00000025
20429649ns          345071 1c008df6 fef513e3 bne              x10, x15, -26       x10:0000006b x15:00000025
20429710ns          345074 1c008ddc 017005b3 add              x11, x0, x23        x11=00000002 x23:00000002
20429730ns          345075 1c008dde 000980e7 jalr             x1, x19, 0           x1=1c008de0 x19:1c008d20
20429770ns          345077 1c008d20 f14027f3 csrrs            x15, x0, 0xf14      x15=00000003
20429791ns          345078 1c008d24 1a10f6b7 lui              x13, 0x1a10f000     x13=1a10f000
20429811ns          345079 1c008d28 ca5797b3 p.extractu       x15, x15, 5, 5      x15=00000000 x15:00000003
20429831ns          345080 1c008d2c f1402773 csrrs            x14, x0, 0xf14      x14=00000003
20429851ns          345081 1c008d30 00779793 slli             x15, x15, 0x7       x15=00000000 x15:00000000
20429872ns          345082 1c008d32 00371713 slli             x14, x14, 0x3       x14=00000018 x14:00000003
20429892ns          345083 1c008d34 0ff57513 andi             x10, x10, 255       x10=0000006b x10:0000006b
20429912ns          345084 1c008d38 ee873733 p.bclr           x14, x14, 23, 8     x14=00000018 x14:00000018
20429932ns          345085 1c008d3c 00d787b3 add              x15, x15, x13       x15=1a10f000 x15:00000000 x13:1a10f000
20429953ns          345086 1c008d3e 00a767a3 p.sw             x10, x0(x14)        x10:0000006b x14:00000018  PA:1a10f018
20430276ns          345102 1c008d42 00000513 addi             x10, x0, 0          x10=00000000
20430297ns          345103 1c008d44 00008067 jalr             x0, x1, 0            x1:1c008de0
20430337ns          345105 1c008de0 15f52063 p.beqimm         x10, 320            x10:00000000
20430357ns          345106 1c008de4 001a8a93 addi             x21, x21, 1         x21=0000000a x21:00000009
20430378ns          345107 1c008de6 00800d33 add              x26, x0, x8         x26=1c0009b7  x8:1c0009b7
20430398ns          345108 1c008de8 000d4503 lbu              x10, 0(x26)         x10=00000020 x26:1c0009b7  PA:1c0009b7
20430701ns          345123 1c008dec 001d0413 addi             x8, x26, 1           x8=1c0009b8 x26:1c0009b7
20430722ns          345124 1c008df0 0c050b63 beq              x10, x0, 214        x10:00000020
20430742ns          345125 1c008df2 02500793 addi             x15, x0, 37         x15=00000025
20430762ns          345126 1c008df6 fef513e3 bne              x10, x15, -26       x10:00000020 x15:00000025
20430823ns          345129 1c008ddc 017005b3 add              x11, x0, x23        x11=00000002 x23:00000002
20430843ns          345130 1c008dde 000980e7 jalr             x1, x19, 0           x1=1c008de0 x19:1c008d20
20430884ns          345132 1c008d20 f14027f3 csrrs            x15, x0, 0xf14      x15=00000003
20430904ns          345133 1c008d24 1a10f6b7 lui              x13, 0x1a10f000     x13=1a10f000
20430924ns          345134 1c008d28 ca5797b3 p.extractu       x15, x15, 5, 5      x15=00000000 x15:00000003
20430944ns          345135 1c008d2c f1402773 csrrs            x14, x0, 0xf14      x14=00000003
20430965ns          345136 1c008d30 00779793 slli             x15, x15, 0x7       x15=00000000 x15:00000000
20430985ns          345137 1c008d32 00371713 slli             x14, x14, 0x3       x14=00000018 x14:00000003
20431005ns          345138 1c008d34 0ff57513 andi             x10, x10, 255       x10=00000020 x10:00000020
20431025ns          345139 1c008d38 ee873733 p.bclr           x14, x14, 23, 8     x14=00000018 x14:00000018
20431046ns          345140 1c008d3c 00d787b3 add              x15, x15, x13       x15=1a10f000 x15:00000000 x13:1a10f000
20431066ns          345141 1c008d3e 00a767a3 p.sw             x10, x0(x14)        x10:00000020 x14:00000018  PA:1a10f018
20431390ns          345157 1c008d42 00000513 addi             x10, x0, 0          x10=00000000
20431410ns          345158 1c008d44 00008067 jalr             x0, x1, 0            x1:1c008de0
20431450ns          345160 1c008de0 15f52063 p.beqimm         x10, 320            x10:00000000
20431471ns          345161 1c008de4 001a8a93 addi             x21, x21, 1         x21=0000000b x21:0000000a
20431491ns          345162 1c008de6 00800d33 add              x26, x0, x8         x26=1c0009b8  x8:1c0009b8
20431511ns          345163 1c008de8 000d4503 lbu              x10, 0(x26)         x10=00000025 x26:1c0009b8  PA:1c0009b8
20431815ns          345178 1c008dec 001d0413 addi             x8, x26, 1           x8=1c0009b9 x26:1c0009b8
20431835ns          345179 1c008df0 0c050b63 beq              x10, x0, 214        x10:00000025
20431855ns          345180 1c008df2 02500793 addi             x15, x0, 37         x15=00000025
20431875ns          345181 1c008df6 fef513e3 bne              x10, x15, -26       x10:00000025 x15:00000025
20431896ns          345182 1c008dfa 00012a23 sw               x0, 20(x2)           x2:10001368  PA:1000137c
20431916ns          345183 1c008dfc 00012823 sw               x0, 16(x2)           x2:10001368  PA:10001378
20431936ns          345184 1c008dfe 00012623 sw               x0, 12(x2)           x2:10001368  PA:10001374
20431956ns          345185 1c008e00 00012423 sw               x0, 8(x2)            x2:10001368  PA:10001370
20431977ns          345186 1c008e02 00012223 sw               x0, 4(x2)            x2:10001368  PA:1000136c
20431997ns          345187 1c008e04 02300493 addi             x9, x0, 35           x9=00000023
20432017ns          345188 1c008e08 02d00b13 addi             x22, x0, 45         x22=0000002d
20432037ns          345189 1c008e0c 00044c83 lbu              x25, 0(x8)          x25=00000064  x8:1c0009b9  PA:1c0009b9
20432361ns          345205 1c008e10 00140913 addi             x18, x8, 1          x18=1c0009ba  x8:1c0009b9
20432381ns          345206 1c008e14 019005b3 add              x11, x0, x25        x11=00000064 x25:00000064
20432402ns          345207 1c008e16 9d0c0513 addi             x10, x24, -1584     x10=1c0009d0 x24:1c001000
20432422ns          345208 1c008e1a 01200d33 add              x26, x0, x18        x26=1c0009ba x18:1c0009ba
20432442ns          345209 1c008e1c 01900db3 add              x27, x0, x25        x27=00000064 x25:00000064
20432462ns          345210 1c008e1e e89ff0ef jal              x1, -376             x1=1c008e20
20432604ns          345217 1c008ca6 00054783 lbu              x15, 0(x10)         x15=0000002d x10:1c0009d0  PA:1c0009d0
20432908ns          345232 1c008caa 0ff5f593 andi             x11, x11, 255       x11=00000064 x11:00000064
20432928ns          345233 1c008cae 00b78c63 beq              x15, x11, 24        x15:0000002d x11:00000064
20432948ns          345234 1c008cb2 00078b63 beq              x15, x0, 22         x15:0000002d
20432968ns          345235 1c008cb4 00150793 addi             x15, x10, 1         x15=1c0009d1 x10:1c0009d0
20432989ns          345236 1c008cb8 0040006f jal              x0, 4              
20433090ns          345241 1c008cbc 00f00533 add              x10, x0, x15        x10=1c0009d1 x15:1c0009d1
20433110ns          345242 1c008cbe 0017c70b p.lbu            x14, 1(x15!)        x14=0000002b x15=1c0009d2 x15:1c0009d1  PA:1c0009d1
20433434ns          345258 1c008cc2 feb71ce3 bne              x14, x11, -8        x14:0000002b x11:00000064
20433495ns          345261 1c008cba 00070763 beq              x14, x0, 14         x14:0000002b
20433515ns          345262 1c008cbc 00f00533 add              x10, x0, x15        x10=1c0009d2 x15:1c0009d2
20433535ns          345263 1c008cbe 0017c70b p.lbu            x14, 1(x15!)        x14=00000020 x15=1c0009d3 x15:1c0009d2  PA:1c0009d2
20433859ns          345279 1c008cc2 feb71ce3 bne              x14, x11, -8        x14:00000020 x11:00000064
20433920ns          345282 1c008cba 00070763 beq              x14, x0, 14         x14:00000020
20433940ns          345283 1c008cbc 00f00533 add              x10, x0, x15        x10=1c0009d3 x15:1c0009d3
20433960ns          345284 1c008cbe 0017c70b p.lbu            x14, 1(x15!)        x14=00000023 x15=1c0009d4 x15:1c0009d3  PA:1c0009d3
20434284ns          345300 1c008cc2 feb71ce3 bne              x14, x11, -8        x14:00000023 x11:00000064
20434345ns          345303 1c008cba 00070763 beq              x14, x0, 14         x14:00000023
20434365ns          345304 1c008cbc 00f00533 add              x10, x0, x15        x10=1c0009d4 x15:1c0009d4
20434385ns          345305 1c008cbe 0017c70b p.lbu            x14, 1(x15!)        x14=00000030 x15=1c0009d5 x15:1c0009d4  PA:1c0009d4
20434709ns          345321 1c008cc2 feb71ce3 bne              x14, x11, -8        x14:00000030 x11:00000064
20434770ns          345324 1c008cba 00070763 beq              x14, x0, 14         x14:00000030
20434790ns          345325 1c008cbc 00f00533 add              x10, x0, x15        x10=1c0009d5 x15:1c0009d5
20434810ns          345326 1c008cbe 0017c70b p.lbu            x14, 1(x15!)        x14=00000000 x15=1c0009d6 x15:1c0009d5  PA:1c0009d5
20435134ns          345342 1c008cc2 feb71ce3 bne              x14, x11, -8        x14:00000000 x11:00000064
20435195ns          345345 1c008cba 00070763 beq              x14, x0, 14         x14:00000000
20435255ns          345348 1c008cc8 0015b593 sltiu            x11, x11, 1         x11=00000000 x11:00000064
20435276ns          345349 1c008ccc 40b005b3 sub              x11, x0, x11        x11=00000000 x11:00000000
20435296ns          345350 1c008cd0 00b57533 and              x10, x10, x11       x10=00000000 x10:1c0009d5 x11:00000000
20435316ns          345351 1c008cd2 00008067 jalr             x0, x1, 0            x1:1c008e20
20435357ns          345353 1c008e20 02050b63 beq              x10, x0, 54         x10:00000000
20435498ns          345360 1c008e56 02a00693 addi             x13, x0, 42         x13=0000002a
20435519ns          345361 1c008e5a 2edc8263 beq              x25, x13, 740       x25:00000064 x13:0000002a
20435579ns          345364 1c008e5e fd0c8693 addi             x13, x25, -48       x13=00000034 x25:00000064
20435600ns          345365 1c008e62 00900593 addi             x11, x0, 9          x11=00000009
20435620ns          345366 1c008e64 00000b13 addi             x22, x0, 0          x22=00000000
20435640ns          345367 1c008e66 0cd5fd63 bgeu             x11, x13, 218       x11:00000009 x13:00000034
20435660ns          345368 1c008e6a 02e00793 addi             x15, x0, 46         x15=0000002e
20435721ns          345371 1c008e6e 28fd8663 beq              x27, x15, 652       x27:00000064 x15:0000002e
20435741ns          345372 1c008e72 01b00433 add              x8, x0, x27          x8=00000064 x27:00000064
20435761ns          345373 1c008e74 fff00493 addi             x9, x0, -1           x9=ffffffff
20435782ns          345374 1c008e76 1c001737 lui              x14, 0x1c001000     x14=1c001000
20435802ns          345375 1c008e7a 01b005b3 add              x11, x0, x27        x11=00000064 x27:00000064
20435822ns          345376 1c008e7c 9d870513 addi             x10, x14, -1576     x10=1c0009d8 x14:1c001000
20435863ns          345378 1c008e80 e27ff0ef jal              x1, -474             x1=1c008e82
20435923ns          345381 1c008ca6 00054783 lbu              x15, 0(x10)         x15=00000068 x10:1c0009d8  PA:1c0009d8
20436227ns          345396 1c008caa 0ff5f593 andi             x11, x11, 255       x11=00000064 x11:00000064
20436247ns          345397 1c008cae 00b78c63 beq              x15, x11, 24        x15:00000068 x11:00000064
20436267ns          345398 1c008cb2 00078b63 beq              x15, x0, 22         x15:00000068
20436288ns          345399 1c008cb4 00150793 addi             x15, x10, 1         x15=1c0009d9 x10:1c0009d8
20436308ns          345400 1c008cb8 0040006f jal              x0, 4              
20436348ns          345402 1c008cbc 00f00533 add              x10, x0, x15        x10=1c0009d9 x15:1c0009d9
20436369ns          345403 1c008cbe 0017c70b p.lbu            x14, 1(x15!)        x14=0000006c x15=1c0009da x15:1c0009d9  PA:1c0009d9
20436692ns          345419 1c008cc2 feb71ce3 bne              x14, x11, -8        x14:0000006c x11:00000064
20436753ns          345422 1c008cba 00070763 beq              x14, x0, 14         x14:0000006c
20436773ns          345423 1c008cbc 00f00533 add              x10, x0, x15        x10=1c0009da x15:1c0009da
20436794ns          345424 1c008cbe 0017c70b p.lbu            x14, 1(x15!)        x14=0000007a x15=1c0009db x15:1c0009da  PA:1c0009da
20437118ns          345440 1c008cc2 feb71ce3 bne              x14, x11, -8        x14:0000007a x11:00000064
20437178ns          345443 1c008cba 00070763 beq              x14, x0, 14         x14:0000007a
20437198ns          345444 1c008cbc 00f00533 add              x10, x0, x15        x10=1c0009db x15:1c0009db
20437219ns          345445 1c008cbe 0017c70b p.lbu            x14, 1(x15!)        x14=00000000 x15=1c0009dc x15:1c0009db  PA:1c0009db
20437543ns          345461 1c008cc2 feb71ce3 bne              x14, x11, -8        x14:00000000 x11:00000064
20437603ns          345464 1c008cba 00070763 beq              x14, x0, 14         x14:00000000
20437664ns          345467 1c008cc8 0015b593 sltiu            x11, x11, 1         x11=00000000 x11:00000064
20437684ns          345468 1c008ccc 40b005b3 sub              x11, x0, x11        x11=00000000 x11:00000000
20437704ns          345469 1c008cd0 00b57533 and              x10, x10, x11       x10=00000000 x10:1c0009db x11:00000000
20437725ns          345470 1c008cd2 00008067 jalr             x0, x1, 0            x1:1c008e82
20437765ns          345472 1c008e82 00000793 addi             x15, x0, 0          x15=00000000
20437785ns          345473 1c008e84 00050f63 beq              x10, x0, 30         x10:00000000
20437927ns          345480 1c008ea2 06700693 addi             x13, x0, 103        x13=00000067
20437947ns          345481 1c008ea6 0bb6ee63 bltu             x13, x27, 188       x13:00000067 x27:00000064
20437968ns          345482 1c008eaa 06500693 addi             x13, x0, 101        x13=00000065
20438028ns          345485 1c008eae 3addf2e3 bgeu             x27, x13, 2980      x27:00000064 x13:00000065
20438069ns          345487 1c008eb2 04700693 addi             x13, x0, 71         x13=00000047
20438089ns          345488 1c008eb6 39b6ed63 bltu             x13, x27, 922       x13:00000047 x27:00000064
20438251ns          345496 1c009250 06300693 addi             x13, x0, 99         x13=00000063
20438291ns          345498 1c009254 70dd8c63 beq              x27, x13, 1816      x27:00000064 x13:00000063
20438312ns          345499 1c009258 d3b6e5e3 bltu             x13, x27, -726      x13:00000063 x27:00000064
20438514ns          345509 1c008f82 06c00693 addi             x13, x0, 108        x13=0000006c
20438534ns          345510 1c008f86 00d78a63 beq              x15, x13, 20        x15:00000000 x13:0000006c
20438555ns          345511 1c008f8a 07a00693 addi             x13, x0, 122        x13=0000007a
20438615ns          345514 1c008f8e 00d78663 beq              x15, x13, 12        x15:00000000 x13:0000007a
20438656ns          345516 1c008f92 04c00693 addi             x13, x0, 76         x13=0000004c
20438676ns          345517 1c008f96 5ed78de3 beq              x15, x13, 3578      x15:00000000 x13:0000004c
20438696ns          345518 1c008f9a 000a2783 lw               x15, 0(x20)         x15=00000002 x20:10001410  PA:10001410
20438716ns          345519 1c008f9e 004a0a13 addi             x20, x20, 4         x20=10001414 x20:10001410
20438757ns          345521 1c008fa0 41f7d713 srai             x14, x15, 0x41f     x14=00000000 x15:00000002
20438797ns          345523 1c008fa4 01412e23 sw               x20, 28(x2)         x20:10001414  x2:10001368  PA:10001384
20438818ns          345524 1c008fa6 00e12223 sw               x14, 4(x2)          x14:00000000  x2:10001368  PA:1000136c
20438838ns          345525 1c008fa8 4e0741e3 blt              x14, x0, 3298       x14:00000000
20438858ns          345526 1c008fac 00c12703 lw               x14, 12(x2)         x14=00000000  x2:10001368  PA:10001374
20438899ns          345528 1c008fae 440709e3 beq              x14, x0, 3154       x14:00000000
20439000ns          345533 1c009c00 01012703 lw               x14, 16(x2)         x14=00000000  x2:10001368  PA:10001378
20439040ns          345535 1c009c02 22070063 beq              x14, x0, 544        x14:00000000
20439142ns          345540 1c009e22 00412c83 lw               x25, 4(x2)          x25=00000000  x2:10001368  PA:1000136c
20439182ns          345542 1c009e24 02410a13 addi             x20, x2, 36         x20=1000138c  x2:10001368
20439202ns          345543 1c009e28 998ff06f jal              x0, -3688          
20439283ns          345547 1c008fc0 00f00433 add              x8, x0, x15          x8=00000002 x15:00000002
20439303ns          345548 1c008fc2 01400db3 add              x27, x0, x20        x27=1000138c x20:1000138c
20439324ns          345549 1c008fc4 0040006f jal              x0, 4              
20439364ns          345551 1c008fc8 00a00613 addi             x12, x0, 10         x12=0000000a
20439384ns          345552 1c008fca 00000693 addi             x13, x0, 0          x13=00000000
20439405ns          345553 1c008fcc 00800533 add              x10, x0, x8         x10=00000002  x8:00000002
20439425ns          345554 1c008fce 019005b3 add              x11, x0, x25        x11=00000000 x25:00000000
20439445ns          345555 1c008fd0 c2aff0ef jal              x1, -3030            x1=1c008fd4
20439526ns          345559 1c0083fa 00c008b3 add              x17, x0, x12        x17=0000000a x12:0000000a
20439567ns          345561 1c0083fc 00d00733 add              x14, x0, x13        x14=00000000 x13:00000000
20439587ns          345562 1c0083fe 00a007b3 add              x15, x0, x10        x15=00000002 x10:00000002
20439627ns          345564 1c008400 00b00833 add              x16, x0, x11        x16=00000000 x11:00000000
20439668ns          345566 1c008402 1c069863 bne              x13, x0, 464        x13:00000000
20439688ns          345567 1c008406 1c0016b7 lui              x13, 0x1c001000     x13=1c001000
20439708ns          345568 1c00840a 86868693 addi             x13, x13, -1944     x13=1c000868 x13:1c001000
20439769ns          345571 1c00840e 0ac5f863 bgeu             x11, x12, 176       x11:00000000 x12:0000000a
20439789ns          345572 1c008412 00010337 lui              x6, 0x10000          x6=00010000
20439809ns          345573 1c008414 08667e63 bgeu             x12, x6, 156        x12:0000000a  x6:00010000
20439830ns          345574 1c008418 0ff00313 addi             x6, x0, 255          x6=000000ff
20439850ns          345575 1c00841c 00c37363 bgeu             x6, x12, 6           x6:000000ff x12:0000000a
20439971ns          345581 1c008422 00e65333 srl              x6, x12, x14         x6=0000000a x12:0000000a x14:00000000
20439992ns          345582 1c008426 006686b3 add              x13, x13, x6        x13=1c000872 x13:1c000868  x6:0000000a
20440012ns          345583 1c008428 0006ce03 lbu              x28, 0(x13)         x28=00000004 x13:1c000872  PA:1c000872
20440315ns          345598 1c00842c 02000313 addi             x6, x0, 32           x6=00000020
20440336ns          345599 1c008430 00ee0e33 add              x28, x28, x14       x28=00000004 x28:00000004 x14:00000000
20440356ns          345600 1c008432 41c30333 sub              x6, x6, x28          x6=0000001c  x6:00000020 x28:00000004
20440376ns          345601 1c008436 00030c63 beq              x6, x0, 24           x6:0000001c
20440396ns          345602 1c00843a 006595b3 sll              x11, x11, x6        x11=00000000 x11:00000000  x6:0000001c
20440457ns          345605 1c00843e 01c55e33 srl              x28, x10, x28       x28=00000000 x10:00000002 x28:00000004
20440498ns          345607 1c008442 006618b3 sll              x17, x12, x6        x17=a0000000 x12:0000000a  x6:0000001c
20440518ns          345608 1c008446 00be6833 or               x16, x28, x11       x16=00000000 x28:00000000 x11:00000000
20440538ns          345609 1c00844a 006517b3 sll              x15, x10, x6        x15=20000000 x10:00000002  x6:0000001c
20440599ns          345612 1c00844e 0108d613 srli             x12, x17, 0x10      x12=0000a000 x17:a0000000
20440639ns          345614 1c008452 02c87733 remu             x14, x16, x12       x14=00000000 x16:00000000 x12:0000a000
20441024ns          345633 1c008456 02c85833 divu             x16, x16, x12       x16=00000000 x16:00000000 x12:0000a000
20441408ns          345652 1c00845a 01089513 slli             x10, x17, 0x10      x10=00000000 x17:a0000000
20441429ns          345653 1c00845e 01055513 srli             x10, x10, 0x10      x10=00000000 x10:00000000
20441449ns          345654 1c008460 01071713 slli             x14, x14, 0x10      x14=00000000 x14:00000000
20441469ns          345655 1c008462 0107d693 srli             x13, x15, 0x10      x13=00002000 x15:20000000
20441489ns          345656 1c008466 03050833 mul              x16, x10, x16       x16=00000000 x10:00000000 x16:00000000
20441510ns          345657 1c00846a 00e6e6b3 or               x13, x13, x14       x13=00002000 x13:00002000 x14:00000000
20441530ns          345658 1c00846c 0106f863 bgeu             x13, x16, 16        x13:00002000 x16:00000000
20441591ns          345661 1c00847c 410686b3 sub              x13, x13, x16       x13=00002000 x13:00002000 x16:00000000
20441651ns          345664 1c008480 02c6f733 remu             x14, x13, x12       x14=00002000 x13:00002000 x12:0000a000
20442056ns          345684 1c008484 02c6d6b3 divu             x13, x13, x12       x13=00000000 x13:00002000 x12:0000a000
20442441ns          345703 1c008488 01079793 slli             x15, x15, 0x10      x15=00000000 x15:20000000
20442461ns          345704 1c00848a 02d506b3 mul              x13, x10, x13       x13=00000000 x10:00000000 x13:00000000
20442481ns          345705 1c00848e 0107d793 srli             x15, x15, 0x10      x15=00000000 x15:00000000
20442501ns          345706 1c008490 01071513 slli             x10, x14, 0x10      x10=20000000 x14:00002000
20442522ns          345707 1c008494 00a7e7b3 or               x15, x15, x10       x15=20000000 x15:00000000 x10:20000000
20442542ns          345708 1c008496 00d7f863 bgeu             x15, x13, 16        x15:20000000 x13:00000000
20442987ns          345730 1c0084a6 40d787b3 sub              x15, x15, x13       x15=20000000 x15:20000000 x13:00000000
20443007ns          345731 1c0084a8 0067d533 srl              x10, x15, x6        x10=00000002 x15:20000000  x6:0000001c
20443028ns          345732 1c0084ac 00000593 addi             x11, x0, 0          x11=00000000
20443048ns          345733 1c0084ae 00008067 jalr             x0, x1, 0            x1:1c008fd4
20443129ns          345737 1c008fd4 00a00933 add              x18, x0, x10        x18=00000002 x10:00000002
20443149ns          345738 1c008fd6 019005b3 add              x11, x0, x25        x11=00000000 x25:00000000
20443169ns          345739 1c008fd8 00800533 add              x10, x0, x8         x10=00000002  x8:00000002
20443190ns          345740 1c008fda 00a00613 addi             x12, x0, 10         x12=0000000a
20443210ns          345741 1c008fdc 00000693 addi             x13, x0, 0          x13=00000000
20443250ns          345743 1c008fde 8beff0ef jal              x1, -3906            x1=1c008fe2
20443331ns          345747 1c00809c 00b007b3 add              x15, x0, x11        x15=00000000 x11:00000000
20443351ns          345748 1c00809e 00c00833 add              x16, x0, x12        x16=0000000a x12:0000000a
20443412ns          345751 1c0080a0 00d008b3 add              x17, x0, x13        x17=00000000 x13:00000000
20443432ns          345752 1c0080a2 00a00333 add              x6, x0, x10          x6=00000002 x10:00000002
20443453ns          345753 1c0080a4 20069663 bne              x13, x0, 524        x13:00000000
20443473ns          345754 1c0080a8 1c001737 lui              x14, 0x1c001000     x14=1c001000
20443493ns          345755 1c0080ac 86870713 addi             x14, x14, -1944     x14=1c000868 x14:1c001000
20443554ns          345758 1c0080b0 0ac5fe63 bgeu             x11, x12, 188       x11:00000000 x12:0000000a
20443594ns          345760 1c0080b4 000106b7 lui              x13, 0x10000        x13=00010000
20443615ns          345761 1c0080b6 0ad67463 bgeu             x12, x13, 168       x12:0000000a x13:00010000
20443635ns          345762 1c0080ba 0ff00693 addi             x13, x0, 255        x13=000000ff
20443696ns          345765 1c0080be 00c6b6b3 sltu             x13, x13, x12       x13=00000000 x13:000000ff x12:0000000a
20443716ns          345766 1c0080c2 00369693 slli             x13, x13, 0x3       x13=00000000 x13:00000000
20443736ns          345767 1c0080c4 00d658b3 srl              x17, x12, x13       x17=0000000a x12:0000000a x13:00000000
20443756ns          345768 1c0080c8 01170733 add              x14, x14, x17       x14=1c000872 x14:1c000868 x17:0000000a
20443776ns          345769 1c0080ca 00074703 lbu              x14, 0(x14)         x14=00000004 x14:1c000872  PA:1c000872
20444100ns          345785 1c0080ce 00e686b3 add              x13, x13, x14       x13=00000004 x13:00000000 x14:00000004
20444121ns          345786 1c0080d0 02000713 addi             x14, x0, 32         x14=00000020
20444141ns          345787 1c0080d4 40d70733 sub              x14, x14, x13       x14=0000001c x14:00000020 x13:00000004
20444161ns          345788 1c0080d6 00070b63 beq              x14, x0, 22         x14:0000001c
20444181ns          345789 1c0080d8 00e797b3 sll              x15, x15, x14       x15=00000000 x15:00000000 x14:0000001c
20444202ns          345790 1c0080dc 00d556b3 srl              x13, x10, x13       x13=00000000 x10:00000002 x13:00000004
20444242ns          345792 1c0080e0 00e61833 sll              x16, x12, x14       x16=a0000000 x12:0000000a x14:0000001c
20444282ns          345794 1c0080e4 00f6e5b3 or               x11, x13, x15       x11=00000000 x13:00000000 x15:00000000
20444303ns          345795 1c0080e8 00e51333 sll              x6, x10, x14         x6=20000000 x10:00000002 x14:0000001c
20444323ns          345796 1c0080ec 01085513 srli             x10, x16, 0x10      x10=0000a000 x16:a0000000
20444384ns          345799 1c0080f0 02a5f733 remu             x14, x11, x10       x14=00000000 x11:00000000 x10:0000a000
20444788ns          345819 1c0080f4 02a5d7b3 divu             x15, x11, x10       x15=00000000 x11:00000000 x10:0000a000
20445173ns          345838 1c0080f8 01081613 slli             x12, x16, 0x10      x12=00000000 x16:a0000000
20445193ns          345839 1c0080fc 01071713 slli             x14, x14, 0x10      x14=00000000 x14:00000000
20445214ns          345840 1c0080fe 01065613 srli             x12, x12, 0x10      x12=00000000 x12:00000000
20445234ns          345841 1c008100 01035693 srli             x13, x6, 0x10       x13=00002000  x6:20000000
20445254ns          345842 1c008104 00e6e6b3 or               x13, x13, x14       x13=00002000 x13:00002000 x14:00000000
20445274ns          345843 1c008106 02f605b3 mul              x11, x12, x15       x11=00000000 x12:00000000 x15:00000000
20445294ns          345844 1c00810a 00f00733 add              x14, x0, x15        x14=00000000 x15:00000000
20445315ns          345845 1c00810c 00b6fc63 bgeu             x13, x11, 24        x13:00002000 x11:00000000
20445760ns          345867 1c008124 40b686b3 sub              x13, x13, x11       x13=00002000 x13:00002000 x11:00000000
20445800ns          345869 1c008126 02a6f7b3 remu             x15, x13, x10       x15=00002000 x13:00002000 x10:0000a000
20446185ns          345888 1c00812a 02a6d6b3 divu             x13, x13, x10       x13=00000000 x13:00002000 x10:0000a000
20446570ns          345907 1c00812e 01031313 slli             x6, x6, 0x10         x6=00000000  x6:20000000
20446590ns          345908 1c008130 01079793 slli             x15, x15, 0x10      x15=20000000 x15:00002000
20446610ns          345909 1c008132 01035313 srli             x6, x6, 0x10         x6=00000000  x6:00000000
20446630ns          345910 1c008136 02d605b3 mul              x11, x12, x13       x11=00000000 x12:00000000 x13:00000000
20446651ns          345911 1c00813a 0067e333 or               x6, x15, x6          x6=20000000 x15:20000000  x6:00000000
20446671ns          345912 1c00813e 00d00533 add              x10, x0, x13        x10=00000000 x13:00000000
20446711ns          345914 1c008140 00b37b63 bgeu             x6, x11, 22          x6:20000000 x11:00000000
20446812ns          345919 1c008156 01071713 slli             x14, x14, 0x10      x14=00000000 x14:00000000
20446853ns          345921 1c008158 00a76733 or               x14, x14, x10       x14=00000000 x14:00000000 x10:00000000
20446873ns          345922 1c00815a 00000593 addi             x11, x0, 0          x11=00000000
20446893ns          345923 1c00815c 0b20006f jal              x0, 178            
20447015ns          345929 1c00820e 00e00533 add              x10, x0, x14        x10=00000000 x14:00000000
20447055ns          345931 1c008210 00008067 jalr             x0, x1, 0            x1:1c008fe2
20447116ns          345934 1c008fe2 03090913 addi             x18, x18, 48        x18=00000032 x18:00000002
20447136ns          345935 1c008fe6 012d8023 sb               x18, 0(x27)         x18:00000032 x27:1000138c  PA:1000138c
20447157ns          345936 1c008fea 00a5e7b3 or               x15, x11, x10       x15=00000000 x11:00000000 x10:00000000
20447258ns          345941 1c008fee 001d8913 addi             x18, x27, 1         x18=1000138d x27:1000138c
20447278ns          345942 1c008ff2 00a00433 add              x8, x0, x10          x8=00000000 x10:00000000
20447298ns          345943 1c008ff4 00b00cb3 add              x25, x0, x11        x25=00000000 x11:00000000
20447318ns          345944 1c008ff6 fc0798e3 bne              x15, x0, -48        x15:00000000
20447339ns          345945 1c008ff8 00090023 sb               x0, 0(x18)          x18:1000138d  PA:1000138d
20447359ns          345946 1c008ffc 01ba7d63 bgeu             x20, x27, 26        x20:1000138c x27:1000138c
20447480ns          345952 1c009016 00012783 lw               x15, 0(x2)          x15=1000138c  x2:10001368  PA:10001368
20447521ns          345954 1c009018 00c12703 lw               x14, 12(x2)         x14=00000000  x2:10001368  PA:10001374
20447541ns          345955 1c00901a 40f90933 sub              x18, x18, x15       x18=00000001 x18:1000138d x15:1000138c
20447602ns          345958 1c00901e 3c071de3 bne              x14, x0, 3034       x14:00000000
20447622ns          345959 1c009022 01012783 lw               x15, 16(x2)         x15=00000000  x2:10001368  PA:10001378
20447663ns          345961 1c009024 3c079ae3 bne              x15, x0, 3028       x15:00000000
20447683ns          345962 1c009028 00412703 lw               x14, 4(x2)          x14=00000000  x2:10001368  PA:1000136c
20447723ns          345964 1c00902a 01f75713 srli             x14, x14, 0x1f      x14=00000000 x14:00000000
20447744ns          345965 1c00902c 00e12223 sw               x14, 4(x2)          x14:00000000  x2:10001368  PA:1000136c
20447784ns          345967 1c00902e 3404c463 blt              x9, x0, 840          x9:ffffffff
20447885ns          345972 1c009376 00000c93 addi             x25, x0, 0          x25=00000000
20447926ns          345974 1c009378 00012c23 sw               x0, 24(x2)           x2:10001368  PA:10001380
20447946ns          345975 1c00937a 00000a13 addi             x20, x0, 0          x20=00000000
20447966ns          345976 1c00937c 01412783 lw               x15, 20(x2)         x15=00000000  x2:10001368  PA:1000137c
20448007ns          345978 1c00937e 5e078163 beq              x15, x0, 1506       x15:00000000
20448108ns          345983 1c009960 412b0b33 sub              x22, x22, x18       x22=ffffffff x22:00000000 x18:00000001
20448148ns          345985 1c009964 02410413 addi             x8, x2, 36           x8=1000138c  x2:10001368
20448169ns          345986 1c009966 00000493 addi             x9, x0, 0            x9=00000000
20448189ns          345987 1c009968 ee6ff06f jal              x0, -2330          
20448330ns          345994 1c00904e 00812703 lw               x14, 8(x2)          x14=00000000  x2:10001368  PA:10001370
20448411ns          345998 1c009050 02071063 bne              x14, x0, 32         x14:00000000
20448452ns          346000 1c009052 01605f63 bge              x0, x22, 30         x22:ffffffff
20448553ns          346005 1c009070 00412783 lw               x15, 4(x2)          x15=00000000  x2:10001368  PA:1000136c
20448594ns          346007 1c009072 00f40db3 add              x27, x8, x15        x27=1000138c  x8:1000138c x15:00000000
20448614ns          346008 1c009076 00c0006f jal              x0, 12             
20448695ns          346012 1c009082 017005b3 add              x11, x0, x23        x11=00000002 x23:00000002
20448735ns          346014 1c009084 ffb41ae3 bne              x8, x27, -12         x8:1000138c x27:1000138c
20448756ns          346015 1c009088 00900db3 add              x27, x0, x9         x27=00000000  x9:00000000
20448776ns          346016 1c00908a 0080006f jal              x0, 8              
20448877ns          346021 1c009092 fffd8d93 addi             x27, x27, -1        x27=ffffffff x27:00000000
20448897ns          346022 1c009094 017005b3 add              x11, x0, x23        x11=00000002 x23:00000002
20448917ns          346023 1c009096 03000513 addi             x10, x0, 48         x10=00000030
20448938ns          346024 1c00909a fffdb9e3 p.bneimm         x27, -14            x27:ffffffff
20448958ns          346025 1c00909e 00412703 lw               x14, 4(x2)          x14=00000000  x2:10001368  PA:1000136c
20448998ns          346027 1c0090a0 40e90933 sub              x18, x18, x14       x18=00000001 x18:00000001 x14:00000000
20449039ns          346029 1c0090a4 01212423 sw               x18, 8(x2)          x18:00000001  x2:10001368  PA:10001370
20449059ns          346030 1c0090a6 e40a15e3 bne              x20, x0, -438       x20:00000000
20449079ns          346031 1c0090aa 01812783 lw               x15, 24(x2)         x15=00000000  x2:10001368  PA:10001380
20449120ns          346033 1c0090ac 16079763 bne              x15, x0, 366        x15:00000000
20449140ns          346034 1c0090b0 120c8863 beq              x25, x0, 304        x25:00000000
20449241ns          346039 1c0091e0 017005b3 add              x11, x0, x23        x11=00000002 x23:00000002
20449282ns          346041 1c0091e2 ff2049e3 blt              x0, x18, -14        x18:00000001
20449383ns          346046 1c0091d4 0014450b p.lbu            x10, 1(x8!)         x10=00000032  x8=1000138d  x8:1000138c  PA:1000138c
20449423ns          346048 1c0091d8 fff90913 addi             x18, x18, -1        x18=00000000 x18:00000001
20449444ns          346049 1c0091da 000980e7 jalr             x1, x19, 0           x1=1c0091dc x19:1c008d20
20449484ns          346051 1c008d20 f14027f3 csrrs            x15, x0, 0xf14      x15=00000003
20449504ns          346052 1c008d24 1a10f6b7 lui              x13, 0x1a10f000     x13=1a10f000
20449525ns          346053 1c008d28 ca5797b3 p.extractu       x15, x15, 5, 5      x15=00000000 x15:00000003
20449545ns          346054 1c008d2c f1402773 csrrs            x14, x0, 0xf14      x14=00000003
20449606ns          346057 1c008d30 00779793 slli             x15, x15, 0x7       x15=00000000 x15:00000000
20449626ns          346058 1c008d32 00371713 slli             x14, x14, 0x3       x14=00000018 x14:00000003
20449646ns          346059 1c008d34 0ff57513 andi             x10, x10, 255       x10=00000032 x10:00000032
20449666ns          346060 1c008d38 ee873733 p.bclr           x14, x14, 23, 8     x14=00000018 x14:00000018
20449687ns          346061 1c008d3c 00d787b3 add              x15, x15, x13       x15=1a10f000 x15:00000000 x13:1a10f000
20449707ns          346062 1c008d3e 00a767a3 p.sw             x10, x0(x14)        x10:00000032 x14:00000018  PA:1a10f018
20450112ns          346082 1c008d42 00000513 addi             x10, x0, 0          x10=00000000
20450132ns          346083 1c008d44 00008067 jalr             x0, x1, 0            x1:1c0091dc
20450172ns          346085 1c0091dc d5f522e3 p.beqimm         x10, -700           x10:00000000
20450193ns          346086 1c0091e0 017005b3 add              x11, x0, x23        x11=00000002 x23:00000002
20450213ns          346087 1c0091e2 ff2049e3 blt              x0, x18, -14        x18:00000000
20450233ns          346088 1c0091e6 00412783 lw               x15, 4(x2)          x15=00000000  x2:10001368  PA:1000136c
20450253ns          346089 1c0091e8 01c12a03 lw               x20, 28(x2)         x20=10001414  x2:10001368  PA:10001384
20450274ns          346090 1c0091ea 00fa8733 add              x14, x21, x15       x14=0000000b x21:0000000b x15:00000000
20450294ns          346091 1c0091ee 00812783 lw               x15, 8(x2)          x15=00000001  x2:10001368  PA:10001370
20450314ns          346092 1c0091f0 00970733 add              x14, x14, x9        x14=0000000b x14:0000000b  x9:00000000
20450334ns          346093 1c0091f2 00e78ab3 add              x21, x15, x14       x21=0000000c x15:00000001 x14:0000000b
20450354ns          346094 1c0091f6 bf6059e3 bge              x0, x22, -1038      x22:ffffffff
20450516ns          346102 1c008de8 000d4503 lbu              x10, 0(x26)         x10=0000003a x26:1c0009ba  PA:1c0009ba
20450840ns          346118 1c008dec 001d0413 addi             x8, x26, 1           x8=1c0009bb x26:1c0009ba
20450860ns          346119 1c008df0 0c050b63 beq              x10, x0, 214        x10:0000003a
20450881ns          346120 1c008df2 02500793 addi             x15, x0, 37         x15=00000025
20450901ns          346121 1c008df6 fef513e3 bne              x10, x15, -26       x10:0000003a x15:00000025
20451063ns          346129 1c008ddc 017005b3 add              x11, x0, x23        x11=00000002 x23:00000002
20451083ns          346130 1c008dde 000980e7 jalr             x1, x19, 0           x1=1c008de0 x19:1c008d20
20451124ns          346132 1c008d20 f14027f3 csrrs            x15, x0, 0xf14      x15=00000003
20451144ns          346133 1c008d24 1a10f6b7 lui              x13, 0x1a10f000     x13=1a10f000
20451164ns          346134 1c008d28 ca5797b3 p.extractu       x15, x15, 5, 5      x15=00000000 x15:00000003
20451184ns          346135 1c008d2c f1402773 csrrs            x14, x0, 0xf14      x14=00000003
20451205ns          346136 1c008d30 00779793 slli             x15, x15, 0x7       x15=00000000 x15:00000000
20451225ns          346137 1c008d32 00371713 slli             x14, x14, 0x3       x14=00000018 x14:00000003
20451245ns          346138 1c008d34 0ff57513 andi             x10, x10, 255       x10=0000003a x10:0000003a
20451265ns          346139 1c008d38 ee873733 p.bclr           x14, x14, 23, 8     x14=00000018 x14:00000018
20451286ns          346140 1c008d3c 00d787b3 add              x15, x15, x13       x15=1a10f000 x15:00000000 x13:1a10f000
20451306ns          346141 1c008d3e 00a767a3 p.sw             x10, x0(x14)        x10:0000003a x14:00000018  PA:1a10f018
20451650ns          346158 1c008d42 00000513 addi             x10, x0, 0          x10=00000000
20451670ns          346159 1c008d44 00008067 jalr             x0, x1, 0            x1:1c008de0
20451711ns          346161 1c008de0 15f52063 p.beqimm         x10, 320            x10:00000000
20451731ns          346162 1c008de4 001a8a93 addi             x21, x21, 1         x21=0000000d x21:0000000c
20451751ns          346163 1c008de6 00800d33 add              x26, x0, x8         x26=1c0009bb  x8:1c0009bb
20451771ns          346164 1c008de8 000d4503 lbu              x10, 0(x26)         x10=00000020 x26:1c0009bb  PA:1c0009bb
20452075ns          346179 1c008dec 001d0413 addi             x8, x26, 1           x8=1c0009bc x26:1c0009bb
20452095ns          346180 1c008df0 0c050b63 beq              x10, x0, 214        x10:00000020
20452115ns          346181 1c008df2 02500793 addi             x15, x0, 37         x15=00000025
20452136ns          346182 1c008df6 fef513e3 bne              x10, x15, -26       x10:00000020 x15:00000025
20452196ns          346185 1c008ddc 017005b3 add              x11, x0, x23        x11=00000002 x23:00000002
20452217ns          346186 1c008dde 000980e7 jalr             x1, x19, 0           x1=1c008de0 x19:1c008d20
20452257ns          346188 1c008d20 f14027f3 csrrs            x15, x0, 0xf14      x15=00000003
20452277ns          346189 1c008d24 1a10f6b7 lui              x13, 0x1a10f000     x13=1a10f000
20452298ns          346190 1c008d28 ca5797b3 p.extractu       x15, x15, 5, 5      x15=00000000 x15:00000003
20452318ns          346191 1c008d2c f1402773 csrrs            x14, x0, 0xf14      x14=00000003
20452338ns          346192 1c008d30 00779793 slli             x15, x15, 0x7       x15=00000000 x15:00000000
20452358ns          346193 1c008d32 00371713 slli             x14, x14, 0x3       x14=00000018 x14:00000003
20452378ns          346194 1c008d34 0ff57513 andi             x10, x10, 255       x10=00000020 x10:00000020
20452399ns          346195 1c008d38 ee873733 p.bclr           x14, x14, 23, 8     x14=00000018 x14:00000018
20452419ns          346196 1c008d3c 00d787b3 add              x15, x15, x13       x15=1a10f000 x15:00000000 x13:1a10f000
20452439ns          346197 1c008d3e 00a767a3 p.sw             x10, x0(x14)        x10:00000020 x14:00000018  PA:1a10f018
20452763ns          346213 1c008d42 00000513 addi             x10, x0, 0          x10=00000000
20452783ns          346214 1c008d44 00008067 jalr             x0, x1, 0            x1:1c008de0
20452824ns          346216 1c008de0 15f52063 p.beqimm         x10, 320            x10:00000000
20452844ns          346217 1c008de4 001a8a93 addi             x21, x21, 1         x21=0000000e x21:0000000d
20452864ns          346218 1c008de6 00800d33 add              x26, x0, x8         x26=1c0009bc  x8:1c0009bc
20452884ns          346219 1c008de8 000d4503 lbu              x10, 0(x26)         x10=00000054 x26:1c0009bc  PA:1c0009bc
20453188ns          346234 1c008dec 001d0413 addi             x8, x26, 1           x8=1c0009bd x26:1c0009bc
20453208ns          346235 1c008df0 0c050b63 beq              x10, x0, 214        x10:00000054
20453229ns          346236 1c008df2 02500793 addi             x15, x0, 37         x15=00000025
20453249ns          346237 1c008df6 fef513e3 bne              x10, x15, -26       x10:00000054 x15:00000025
20453310ns          346240 1c008ddc 017005b3 add              x11, x0, x23        x11=00000002 x23:00000002
20453330ns          346241 1c008dde 000980e7 jalr             x1, x19, 0           x1=1c008de0 x19:1c008d20
20453370ns          346243 1c008d20 f14027f3 csrrs            x15, x0, 0xf14      x15=00000003
20453390ns          346244 1c008d24 1a10f6b7 lui              x13, 0x1a10f000     x13=1a10f000
20453411ns          346245 1c008d28 ca5797b3 p.extractu       x15, x15, 5, 5      x15=00000000 x15:00000003
20453431ns          346246 1c008d2c f1402773 csrrs            x14, x0, 0xf14      x14=00000003
20453451ns          346247 1c008d30 00779793 slli             x15, x15, 0x7       x15=00000000 x15:00000000
20453471ns          346248 1c008d32 00371713 slli             x14, x14, 0x3       x14=00000018 x14:00000003
20453492ns          346249 1c008d34 0ff57513 andi             x10, x10, 255       x10=00000054 x10:00000054
20453512ns          346250 1c008d38 ee873733 p.bclr           x14, x14, 23, 8     x14=00000018 x14:00000018
20453532ns          346251 1c008d3c 00d787b3 add              x15, x15, x13       x15=1a10f000 x15:00000000 x13:1a10f000
20453552ns          346252 1c008d3e 00a767a3 p.sw             x10, x0(x14)        x10:00000054 x14:00000018  PA:1a10f018
20453876ns          346268 1c008d42 00000513 addi             x10, x0, 0          x10=00000000
20453896ns          346269 1c008d44 00008067 jalr             x0, x1, 0            x1:1c008de0
20453937ns          346271 1c008de0 15f52063 p.beqimm         x10, 320            x10:00000000
20453957ns          346272 1c008de4 001a8a93 addi             x21, x21, 1         x21=0000000f x21:0000000e
20453977ns          346273 1c008de6 00800d33 add              x26, x0, x8         x26=1c0009bd  x8:1c0009bd
20453998ns          346274 1c008de8 000d4503 lbu              x10, 0(x26)         x10=0000006f x26:1c0009bd  PA:1c0009bd
20454301ns          346289 1c008dec 001d0413 addi             x8, x26, 1           x8=1c0009be x26:1c0009bd
20454322ns          346290 1c008df0 0c050b63 beq              x10, x0, 214        x10:0000006f
20454342ns          346291 1c008df2 02500793 addi             x15, x0, 37         x15=00000025
20454362ns          346292 1c008df6 fef513e3 bne              x10, x15, -26       x10:0000006f x15:00000025
20454423ns          346295 1c008ddc 017005b3 add              x11, x0, x23        x11=00000002 x23:00000002
20454443ns          346296 1c008dde 000980e7 jalr             x1, x19, 0           x1=1c008de0 x19:1c008d20
20454483ns          346298 1c008d20 f14027f3 csrrs            x15, x0, 0xf14      x15=00000003
20454504ns          346299 1c008d24 1a10f6b7 lui              x13, 0x1a10f000     x13=1a10f000
20454524ns          346300 1c008d28 ca5797b3 p.extractu       x15, x15, 5, 5      x15=00000000 x15:00000003
20454544ns          346301 1c008d2c f1402773 csrrs            x14, x0, 0xf14      x14=00000003
20454564ns          346302 1c008d30 00779793 slli             x15, x15, 0x7       x15=00000000 x15:00000000
20454585ns          346303 1c008d32 00371713 slli             x14, x14, 0x3       x14=00000018 x14:00000003
20454605ns          346304 1c008d34 0ff57513 andi             x10, x10, 255       x10=0000006f x10:0000006f
20454625ns          346305 1c008d38 ee873733 p.bclr           x14, x14, 23, 8     x14=00000018 x14:00000018
20454645ns          346306 1c008d3c 00d787b3 add              x15, x15, x13       x15=1a10f000 x15:00000000 x13:1a10f000
20454666ns          346307 1c008d3e 00a767a3 p.sw             x10, x0(x14)        x10:0000006f x14:00000018  PA:1a10f018
20454989ns          346323 1c008d42 00000513 addi             x10, x0, 0          x10=00000000
20455010ns          346324 1c008d44 00008067 jalr             x0, x1, 0            x1:1c008de0
20455050ns          346326 1c008de0 15f52063 p.beqimm         x10, 320            x10:00000000
20455070ns          346327 1c008de4 001a8a93 addi             x21, x21, 1         x21=00000010 x21:0000000f
20455091ns          346328 1c008de6 00800d33 add              x26, x0, x8         x26=1c0009be  x8:1c0009be
20455111ns          346329 1c008de8 000d4503 lbu              x10, 0(x26)         x10=00000074 x26:1c0009be  PA:1c0009be
20455414ns          346344 1c008dec 001d0413 addi             x8, x26, 1           x8=1c0009bf x26:1c0009be
20455435ns          346345 1c008df0 0c050b63 beq              x10, x0, 214        x10:00000074
20455455ns          346346 1c008df2 02500793 addi             x15, x0, 37         x15=00000025
20455475ns          346347 1c008df6 fef513e3 bne              x10, x15, -26       x10:00000074 x15:00000025
20455536ns          346350 1c008ddc 017005b3 add              x11, x0, x23        x11=00000002 x23:00000002
20455556ns          346351 1c008dde 000980e7 jalr             x1, x19, 0           x1=1c008de0 x19:1c008d20
20455597ns          346353 1c008d20 f14027f3 csrrs            x15, x0, 0xf14      x15=00000003
20455617ns          346354 1c008d24 1a10f6b7 lui              x13, 0x1a10f000     x13=1a10f000
20455637ns          346355 1c008d28 ca5797b3 p.extractu       x15, x15, 5, 5      x15=00000000 x15:00000003
20455657ns          346356 1c008d2c f1402773 csrrs            x14, x0, 0xf14      x14=00000003
20455678ns          346357 1c008d30 00779793 slli             x15, x15, 0x7       x15=00000000 x15:00000000
20455698ns          346358 1c008d32 00371713 slli             x14, x14, 0x3       x14=00000018 x14:00000003
20455718ns          346359 1c008d34 0ff57513 andi             x10, x10, 255       x10=00000074 x10:00000074
20455738ns          346360 1c008d38 ee873733 p.bclr           x14, x14, 23, 8     x14=00000018 x14:00000018
20455759ns          346361 1c008d3c 00d787b3 add              x15, x15, x13       x15=1a10f000 x15:00000000 x13:1a10f000
20455779ns          346362 1c008d3e 00a767a3 p.sw             x10, x0(x14)        x10:00000074 x14:00000018  PA:1a10f018
20456123ns          346379 1c008d42 00000513 addi             x10, x0, 0          x10=00000000
20456143ns          346380 1c008d44 00008067 jalr             x0, x1, 0            x1:1c008de0
20456184ns          346382 1c008de0 15f52063 p.beqimm         x10, 320            x10:00000000
20456204ns          346383 1c008de4 001a8a93 addi             x21, x21, 1         x21=00000011 x21:00000010
20456224ns          346384 1c008de6 00800d33 add              x26, x0, x8         x26=1c0009bf  x8:1c0009bf
20456244ns          346385 1c008de8 000d4503 lbu              x10, 0(x26)         x10=00000061 x26:1c0009bf  PA:1c0009bf
20456548ns          346400 1c008dec 001d0413 addi             x8, x26, 1           x8=1c0009c0 x26:1c0009bf
20456568ns          346401 1c008df0 0c050b63 beq              x10, x0, 214        x10:00000061
20456588ns          346402 1c008df2 02500793 addi             x15, x0, 37         x15=00000025
20456609ns          346403 1c008df6 fef513e3 bne              x10, x15, -26       x10:00000061 x15:00000025
20456669ns          346406 1c008ddc 017005b3 add              x11, x0, x23        x11=00000002 x23:00000002
20456690ns          346407 1c008dde 000980e7 jalr             x1, x19, 0           x1=1c008de0 x19:1c008d20
20456730ns          346409 1c008d20 f14027f3 csrrs            x15, x0, 0xf14      x15=00000003
20456750ns          346410 1c008d24 1a10f6b7 lui              x13, 0x1a10f000     x13=1a10f000
20456771ns          346411 1c008d28 ca5797b3 p.extractu       x15, x15, 5, 5      x15=00000000 x15:00000003
20456791ns          346412 1c008d2c f1402773 csrrs            x14, x0, 0xf14      x14=00000003
20456811ns          346413 1c008d30 00779793 slli             x15, x15, 0x7       x15=00000000 x15:00000000
20456831ns          346414 1c008d32 00371713 slli             x14, x14, 0x3       x14=00000018 x14:00000003
20456852ns          346415 1c008d34 0ff57513 andi             x10, x10, 255       x10=00000061 x10:00000061
20456872ns          346416 1c008d38 ee873733 p.bclr           x14, x14, 23, 8     x14=00000018 x14:00000018
20456892ns          346417 1c008d3c 00d787b3 add              x15, x15, x13       x15=1a10f000 x15:00000000 x13:1a10f000
20456912ns          346418 1c008d3e 00a767a3 p.sw             x10, x0(x14)        x10:00000061 x14:00000018  PA:1a10f018
20457256ns          346435 1c008d42 00000513 addi             x10, x0, 0          x10=00000000
20457277ns          346436 1c008d44 00008067 jalr             x0, x1, 0            x1:1c008de0
20457317ns          346438 1c008de0 15f52063 p.beqimm         x10, 320            x10:00000000
20457337ns          346439 1c008de4 001a8a93 addi             x21, x21, 1         x21=00000012 x21:00000011
20457358ns          346440 1c008de6 00800d33 add              x26, x0, x8         x26=1c0009c0  x8:1c0009c0
20457378ns          346441 1c008de8 000d4503 lbu              x10, 0(x26)         x10=0000006c x26:1c0009c0  PA:1c0009c0
20457681ns          346456 1c008dec 001d0413 addi             x8, x26, 1           x8=1c0009c1 x26:1c0009c0
20457702ns          346457 1c008df0 0c050b63 beq              x10, x0, 214        x10:0000006c
20457722ns          346458 1c008df2 02500793 addi             x15, x0, 37         x15=00000025
20457742ns          346459 1c008df6 fef513e3 bne              x10, x15, -26       x10:0000006c x15:00000025
20457803ns          346462 1c008ddc 017005b3 add              x11, x0, x23        x11=00000002 x23:00000002
20457823ns          346463 1c008dde 000980e7 jalr             x1, x19, 0           x1=1c008de0 x19:1c008d20
20457864ns          346465 1c008d20 f14027f3 csrrs            x15, x0, 0xf14      x15=00000003
20457884ns          346466 1c008d24 1a10f6b7 lui              x13, 0x1a10f000     x13=1a10f000
20457904ns          346467 1c008d28 ca5797b3 p.extractu       x15, x15, 5, 5      x15=00000000 x15:00000003
20457924ns          346468 1c008d2c f1402773 csrrs            x14, x0, 0xf14      x14=00000003
20457944ns          346469 1c008d30 00779793 slli             x15, x15, 0x7       x15=00000000 x15:00000000
20457965ns          346470 1c008d32 00371713 slli             x14, x14, 0x3       x14=00000018 x14:00000003
20457985ns          346471 1c008d34 0ff57513 andi             x10, x10, 255       x10=0000006c x10:0000006c
20458005ns          346472 1c008d38 ee873733 p.bclr           x14, x14, 23, 8     x14=00000018 x14:00000018
20458025ns          346473 1c008d3c 00d787b3 add              x15, x15, x13       x15=1a10f000 x15:00000000 x13:1a10f000
20458046ns          346474 1c008d3e 00a767a3 p.sw             x10, x0(x14)        x10:0000006c x14:00000018  PA:1a10f018
20458390ns          346491 1c008d42 00000513 addi             x10, x0, 0          x10=00000000
20458410ns          346492 1c008d44 00008067 jalr             x0, x1, 0            x1:1c008de0
20458450ns          346494 1c008de0 15f52063 p.beqimm         x10, 320            x10:00000000
20458471ns          346495 1c008de4 001a8a93 addi             x21, x21, 1         x21=00000013 x21:00000012
20458491ns          346496 1c008de6 00800d33 add              x26, x0, x8         x26=1c0009c1  x8:1c0009c1
20458511ns          346497 1c008de8 000d4503 lbu              x10, 0(x26)         x10=00000020 x26:1c0009c1  PA:1c0009c1
20458815ns          346512 1c008dec 001d0413 addi             x8, x26, 1           x8=1c0009c2 x26:1c0009c1
20458835ns          346513 1c008df0 0c050b63 beq              x10, x0, 214        x10:00000020
20458855ns          346514 1c008df2 02500793 addi             x15, x0, 37         x15=00000025
20458876ns          346515 1c008df6 fef513e3 bne              x10, x15, -26       x10:00000020 x15:00000025
20458936ns          346518 1c008ddc 017005b3 add              x11, x0, x23        x11=00000002 x23:00000002
20458956ns          346519 1c008dde 000980e7 jalr             x1, x19, 0           x1=1c008de0 x19:1c008d20
20458997ns          346521 1c008d20 f14027f3 csrrs            x15, x0, 0xf14      x15=00000003
20459017ns          346522 1c008d24 1a10f6b7 lui              x13, 0x1a10f000     x13=1a10f000
20459037ns          346523 1c008d28 ca5797b3 p.extractu       x15, x15, 5, 5      x15=00000000 x15:00000003
20459058ns          346524 1c008d2c f1402773 csrrs            x14, x0, 0xf14      x14=00000003
20459078ns          346525 1c008d30 00779793 slli             x15, x15, 0x7       x15=00000000 x15:00000000
20459098ns          346526 1c008d32 00371713 slli             x14, x14, 0x3       x14=00000018 x14:00000003
20459118ns          346527 1c008d34 0ff57513 andi             x10, x10, 255       x10=00000020 x10:00000020
20459139ns          346528 1c008d38 ee873733 p.bclr           x14, x14, 23, 8     x14=00000018 x14:00000018
20459159ns          346529 1c008d3c 00d787b3 add              x15, x15, x13       x15=1a10f000 x15:00000000 x13:1a10f000
20459179ns          346530 1c008d3e 00a767a3 p.sw             x10, x0(x14)        x10:00000020 x14:00000018  PA:1a10f018
20459523ns          346547 1c008d42 00000513 addi             x10, x0, 0          x10=00000000
20459543ns          346548 1c008d44 00008067 jalr             x0, x1, 0            x1:1c008de0
20459584ns          346550 1c008de0 15f52063 p.beqimm         x10, 320            x10:00000000
20459604ns          346551 1c008de4 001a8a93 addi             x21, x21, 1         x21=00000014 x21:00000013
20459624ns          346552 1c008de6 00800d33 add              x26, x0, x8         x26=1c0009c2  x8:1c0009c2
20459645ns          346553 1c008de8 000d4503 lbu              x10, 0(x26)         x10=00000065 x26:1c0009c2  PA:1c0009c2
20459948ns          346568 1c008dec 001d0413 addi             x8, x26, 1           x8=1c0009c3 x26:1c0009c2
20459968ns          346569 1c008df0 0c050b63 beq              x10, x0, 214        x10:00000065
20459989ns          346570 1c008df2 02500793 addi             x15, x0, 37         x15=00000025
20460009ns          346571 1c008df6 fef513e3 bne              x10, x15, -26       x10:00000065 x15:00000025
20460070ns          346574 1c008ddc 017005b3 add              x11, x0, x23        x11=00000002 x23:00000002
20460090ns          346575 1c008dde 000980e7 jalr             x1, x19, 0           x1=1c008de0 x19:1c008d20
20460130ns          346577 1c008d20 f14027f3 csrrs            x15, x0, 0xf14      x15=00000003
20460151ns          346578 1c008d24 1a10f6b7 lui              x13, 0x1a10f000     x13=1a10f000
20460171ns          346579 1c008d28 ca5797b3 p.extractu       x15, x15, 5, 5      x15=00000000 x15:00000003
20460191ns          346580 1c008d2c f1402773 csrrs            x14, x0, 0xf14      x14=00000003
20460211ns          346581 1c008d30 00779793 slli             x15, x15, 0x7       x15=00000000 x15:00000000
20460232ns          346582 1c008d32 00371713 slli             x14, x14, 0x3       x14=00000018 x14:00000003
20460252ns          346583 1c008d34 0ff57513 andi             x10, x10, 255       x10=00000065 x10:00000065
20460272ns          346584 1c008d38 ee873733 p.bclr           x14, x14, 23, 8     x14=00000018 x14:00000018
20460292ns          346585 1c008d3c 00d787b3 add              x15, x15, x13       x15=1a10f000 x15:00000000 x13:1a10f000
20460313ns          346586 1c008d3e 00a767a3 p.sw             x10, x0(x14)        x10:00000065 x14:00000018  PA:1a10f018
20460657ns          346603 1c008d42 00000513 addi             x10, x0, 0          x10=00000000
20460677ns          346604 1c008d44 00008067 jalr             x0, x1, 0            x1:1c008de0
20460717ns          346606 1c008de0 15f52063 p.beqimm         x10, 320            x10:00000000
20460738ns          346607 1c008de4 001a8a93 addi             x21, x21, 1         x21=00000015 x21:00000014
20460758ns          346608 1c008de6 00800d33 add              x26, x0, x8         x26=1c0009c3  x8:1c0009c3
20460778ns          346609 1c008de8 000d4503 lbu              x10, 0(x26)         x10=00000072 x26:1c0009c3  PA:1c0009c3
20461082ns          346624 1c008dec 001d0413 addi             x8, x26, 1           x8=1c0009c4 x26:1c0009c3
20461102ns          346625 1c008df0 0c050b63 beq              x10, x0, 214        x10:00000072
20461122ns          346626 1c008df2 02500793 addi             x15, x0, 37         x15=00000025
20461142ns          346627 1c008df6 fef513e3 bne              x10, x15, -26       x10:00000072 x15:00000025
20461203ns          346630 1c008ddc 017005b3 add              x11, x0, x23        x11=00000002 x23:00000002
20461223ns          346631 1c008dde 000980e7 jalr             x1, x19, 0           x1=1c008de0 x19:1c008d20
20461264ns          346633 1c008d20 f14027f3 csrrs            x15, x0, 0xf14      x15=00000003
20461284ns          346634 1c008d24 1a10f6b7 lui              x13, 0x1a10f000     x13=1a10f000
20461304ns          346635 1c008d28 ca5797b3 p.extractu       x15, x15, 5, 5      x15=00000000 x15:00000003
20461325ns          346636 1c008d2c f1402773 csrrs            x14, x0, 0xf14      x14=00000003
20461345ns          346637 1c008d30 00779793 slli             x15, x15, 0x7       x15=00000000 x15:00000000
20461365ns          346638 1c008d32 00371713 slli             x14, x14, 0x3       x14=00000018 x14:00000003
20461385ns          346639 1c008d34 0ff57513 andi             x10, x10, 255       x10=00000072 x10:00000072
20461406ns          346640 1c008d38 ee873733 p.bclr           x14, x14, 23, 8     x14=00000018 x14:00000018
20461426ns          346641 1c008d3c 00d787b3 add              x15, x15, x13       x15=1a10f000 x15:00000000 x13:1a10f000
20461446ns          346642 1c008d3e 00a767a3 p.sw             x10, x0(x14)        x10:00000072 x14:00000018  PA:1a10f018
20461790ns          346659 1c008d42 00000513 addi             x10, x0, 0          x10=00000000
20461810ns          346660 1c008d44 00008067 jalr             x0, x1, 0            x1:1c008de0
20461851ns          346662 1c008de0 15f52063 p.beqimm         x10, 320            x10:00000000
20461871ns          346663 1c008de4 001a8a93 addi             x21, x21, 1         x21=00000016 x21:00000015
20461891ns          346664 1c008de6 00800d33 add              x26, x0, x8         x26=1c0009c4  x8:1c0009c4
20461912ns          346665 1c008de8 000d4503 lbu              x10, 0(x26)         x10=00000072 x26:1c0009c4  PA:1c0009c4
20462215ns          346680 1c008dec 001d0413 addi             x8, x26, 1           x8=1c0009c5 x26:1c0009c4
20462235ns          346681 1c008df0 0c050b63 beq              x10, x0, 214        x10:00000072
20462256ns          346682 1c008df2 02500793 addi             x15, x0, 37         x15=00000025
20462276ns          346683 1c008df6 fef513e3 bne              x10, x15, -26       x10:00000072 x15:00000025
20462337ns          346686 1c008ddc 017005b3 add              x11, x0, x23        x11=00000002 x23:00000002
20462357ns          346687 1c008dde 000980e7 jalr             x1, x19, 0           x1=1c008de0 x19:1c008d20
20462397ns          346689 1c008d20 f14027f3 csrrs            x15, x0, 0xf14      x15=00000003
20462418ns          346690 1c008d24 1a10f6b7 lui              x13, 0x1a10f000     x13=1a10f000
20462438ns          346691 1c008d28 ca5797b3 p.extractu       x15, x15, 5, 5      x15=00000000 x15:00000003
20462458ns          346692 1c008d2c f1402773 csrrs            x14, x0, 0xf14      x14=00000003
20462478ns          346693 1c008d30 00779793 slli             x15, x15, 0x7       x15=00000000 x15:00000000
20462498ns          346694 1c008d32 00371713 slli             x14, x14, 0x3       x14=00000018 x14:00000003
20462519ns          346695 1c008d34 0ff57513 andi             x10, x10, 255       x10=00000072 x10:00000072
20462539ns          346696 1c008d38 ee873733 p.bclr           x14, x14, 23, 8     x14=00000018 x14:00000018
20462559ns          346697 1c008d3c 00d787b3 add              x15, x15, x13       x15=1a10f000 x15:00000000 x13:1a10f000
20462579ns          346698 1c008d3e 00a767a3 p.sw             x10, x0(x14)        x10:00000072 x14:00000018  PA:1a10f018
20462924ns          346715 1c008d42 00000513 addi             x10, x0, 0          x10=00000000
20462944ns          346716 1c008d44 00008067 jalr             x0, x1, 0            x1:1c008de0
20462984ns          346718 1c008de0 15f52063 p.beqimm         x10, 320            x10:00000000
20463004ns          346719 1c008de4 001a8a93 addi             x21, x21, 1         x21=00000017 x21:00000016
20463025ns          346720 1c008de6 00800d33 add              x26, x0, x8         x26=1c0009c5  x8:1c0009c5
20463045ns          346721 1c008de8 000d4503 lbu              x10, 0(x26)         x10=0000006f x26:1c0009c5  PA:1c0009c5
20463349ns          346736 1c008dec 001d0413 addi             x8, x26, 1           x8=1c0009c6 x26:1c0009c5
20463369ns          346737 1c008df0 0c050b63 beq              x10, x0, 214        x10:0000006f
20463389ns          346738 1c008df2 02500793 addi             x15, x0, 37         x15=00000025
20463409ns          346739 1c008df6 fef513e3 bne              x10, x15, -26       x10:0000006f x15:00000025
20463470ns          346742 1c008ddc 017005b3 add              x11, x0, x23        x11=00000002 x23:00000002
20463490ns          346743 1c008dde 000980e7 jalr             x1, x19, 0           x1=1c008de0 x19:1c008d20
20463531ns          346745 1c008d20 f14027f3 csrrs            x15, x0, 0xf14      x15=00000003
20463551ns          346746 1c008d24 1a10f6b7 lui              x13, 0x1a10f000     x13=1a10f000
20463571ns          346747 1c008d28 ca5797b3 p.extractu       x15, x15, 5, 5      x15=00000000 x15:00000003
20463591ns          346748 1c008d2c f1402773 csrrs            x14, x0, 0xf14      x14=00000003
20463612ns          346749 1c008d30 00779793 slli             x15, x15, 0x7       x15=00000000 x15:00000000
20463632ns          346750 1c008d32 00371713 slli             x14, x14, 0x3       x14=00000018 x14:00000003
20463652ns          346751 1c008d34 0ff57513 andi             x10, x10, 255       x10=0000006f x10:0000006f
20463672ns          346752 1c008d38 ee873733 p.bclr           x14, x14, 23, 8     x14=00000018 x14:00000018
20463693ns          346753 1c008d3c 00d787b3 add              x15, x15, x13       x15=1a10f000 x15:00000000 x13:1a10f000
20463713ns          346754 1c008d3e 00a767a3 p.sw             x10, x0(x14)        x10:0000006f x14:00000018  PA:1a10f018
20464057ns          346771 1c008d42 00000513 addi             x10, x0, 0          x10=00000000
20464077ns          346772 1c008d44 00008067 jalr             x0, x1, 0            x1:1c008de0
20464118ns          346774 1c008de0 15f52063 p.beqimm         x10, 320            x10:00000000
20464138ns          346775 1c008de4 001a8a93 addi             x21, x21, 1         x21=00000018 x21:00000017
20464158ns          346776 1c008de6 00800d33 add              x26, x0, x8         x26=1c0009c6  x8:1c0009c6
20464178ns          346777 1c008de8 000d4503 lbu              x10, 0(x26)         x10=00000072 x26:1c0009c6  PA:1c0009c6
20464482ns          346792 1c008dec 001d0413 addi             x8, x26, 1           x8=1c0009c7 x26:1c0009c6
20464502ns          346793 1c008df0 0c050b63 beq              x10, x0, 214        x10:00000072
20464522ns          346794 1c008df2 02500793 addi             x15, x0, 37         x15=00000025
20464543ns          346795 1c008df6 fef513e3 bne              x10, x15, -26       x10:00000072 x15:00000025
20464603ns          346798 1c008ddc 017005b3 add              x11, x0, x23        x11=00000002 x23:00000002
20464624ns          346799 1c008dde 000980e7 jalr             x1, x19, 0           x1=1c008de0 x19:1c008d20
20464664ns          346801 1c008d20 f14027f3 csrrs            x15, x0, 0xf14      x15=00000003
20464684ns          346802 1c008d24 1a10f6b7 lui              x13, 0x1a10f000     x13=1a10f000
20464705ns          346803 1c008d28 ca5797b3 p.extractu       x15, x15, 5, 5      x15=00000000 x15:00000003
20464725ns          346804 1c008d2c f1402773 csrrs            x14, x0, 0xf14      x14=00000003
20464745ns          346805 1c008d30 00779793 slli             x15, x15, 0x7       x15=00000000 x15:00000000
20464765ns          346806 1c008d32 00371713 slli             x14, x14, 0x3       x14=00000018 x14:00000003
20464786ns          346807 1c008d34 0ff57513 andi             x10, x10, 255       x10=00000072 x10:00000072
20464806ns          346808 1c008d38 ee873733 p.bclr           x14, x14, 23, 8     x14=00000018 x14:00000018
20464826ns          346809 1c008d3c 00d787b3 add              x15, x15, x13       x15=1a10f000 x15:00000000 x13:1a10f000
20464846ns          346810 1c008d3e 00a767a3 p.sw             x10, x0(x14)        x10:00000072 x14:00000018  PA:1a10f018
20465190ns          346827 1c008d42 00000513 addi             x10, x0, 0          x10=00000000
20465211ns          346828 1c008d44 00008067 jalr             x0, x1, 0            x1:1c008de0
20465251ns          346830 1c008de0 15f52063 p.beqimm         x10, 320            x10:00000000
20465271ns          346831 1c008de4 001a8a93 addi             x21, x21, 1         x21=00000019 x21:00000018
20465292ns          346832 1c008de6 00800d33 add              x26, x0, x8         x26=1c0009c7  x8:1c0009c7
20465312ns          346833 1c008de8 000d4503 lbu              x10, 0(x26)         x10=00000073 x26:1c0009c7  PA:1c0009c7
20465615ns          346848 1c008dec 001d0413 addi             x8, x26, 1           x8=1c0009c8 x26:1c0009c7
20465636ns          346849 1c008df0 0c050b63 beq              x10, x0, 214        x10:00000073
20465656ns          346850 1c008df2 02500793 addi             x15, x0, 37         x15=00000025
20465676ns          346851 1c008df6 fef513e3 bne              x10, x15, -26       x10:00000073 x15:00000025
20465737ns          346854 1c008ddc 017005b3 add              x11, x0, x23        x11=00000002 x23:00000002
20465757ns          346855 1c008dde 000980e7 jalr             x1, x19, 0           x1=1c008de0 x19:1c008d20
20465798ns          346857 1c008d20 f14027f3 csrrs            x15, x0, 0xf14      x15=00000003
20465818ns          346858 1c008d24 1a10f6b7 lui              x13, 0x1a10f000     x13=1a10f000
20465838ns          346859 1c008d28 ca5797b3 p.extractu       x15, x15, 5, 5      x15=00000000 x15:00000003
20465858ns          346860 1c008d2c f1402773 csrrs            x14, x0, 0xf14      x14=00000003
20465879ns          346861 1c008d30 00779793 slli             x15, x15, 0x7       x15=00000000 x15:00000000
20465899ns          346862 1c008d32 00371713 slli             x14, x14, 0x3       x14=00000018 x14:00000003
20465919ns          346863 1c008d34 0ff57513 andi             x10, x10, 255       x10=00000073 x10:00000073
20465939ns          346864 1c008d38 ee873733 p.bclr           x14, x14, 23, 8     x14=00000018 x14:00000018
20465960ns          346865 1c008d3c 00d787b3 add              x15, x15, x13       x15=1a10f000 x15:00000000 x13:1a10f000
20465980ns          346866 1c008d3e 00a767a3 p.sw             x10, x0(x14)        x10:00000073 x14:00000018  PA:1a10f018
20466324ns          346883 1c008d42 00000513 addi             x10, x0, 0          x10=00000000
20466344ns          346884 1c008d44 00008067 jalr             x0, x1, 0            x1:1c008de0
20466385ns          346886 1c008de0 15f52063 p.beqimm         x10, 320            x10:00000000
20466405ns          346887 1c008de4 001a8a93 addi             x21, x21, 1         x21=0000001a x21:00000019
20466425ns          346888 1c008de6 00800d33 add              x26, x0, x8         x26=1c0009c8  x8:1c0009c8
20466445ns          346889 1c008de8 000d4503 lbu              x10, 0(x26)         x10=00000020 x26:1c0009c8  PA:1c0009c8
20466749ns          346904 1c008dec 001d0413 addi             x8, x26, 1           x8=1c0009c9 x26:1c0009c8
20466769ns          346905 1c008df0 0c050b63 beq              x10, x0, 214        x10:00000020
20466789ns          346906 1c008df2 02500793 addi             x15, x0, 37         x15=00000025
20466810ns          346907 1c008df6 fef513e3 bne              x10, x15, -26       x10:00000020 x15:00000025
20466870ns          346910 1c008ddc 017005b3 add              x11, x0, x23        x11=00000002 x23:00000002
20466891ns          346911 1c008dde 000980e7 jalr             x1, x19, 0           x1=1c008de0 x19:1c008d20
20466931ns          346913 1c008d20 f14027f3 csrrs            x15, x0, 0xf14      x15=00000003
20466951ns          346914 1c008d24 1a10f6b7 lui              x13, 0x1a10f000     x13=1a10f000
20466972ns          346915 1c008d28 ca5797b3 p.extractu       x15, x15, 5, 5      x15=00000000 x15:00000003
20466992ns          346916 1c008d2c f1402773 csrrs            x14, x0, 0xf14      x14=00000003
20467012ns          346917 1c008d30 00779793 slli             x15, x15, 0x7       x15=00000000 x15:00000000
20467032ns          346918 1c008d32 00371713 slli             x14, x14, 0x3       x14=00000018 x14:00000003
20467052ns          346919 1c008d34 0ff57513 andi             x10, x10, 255       x10=00000020 x10:00000020
20467073ns          346920 1c008d38 ee873733 p.bclr           x14, x14, 23, 8     x14=00000018 x14:00000018
20467093ns          346921 1c008d3c 00d787b3 add              x15, x15, x13       x15=1a10f000 x15:00000000 x13:1a10f000
20467113ns          346922 1c008d3e 00a767a3 p.sw             x10, x0(x14)        x10:00000020 x14:00000018  PA:1a10f018
20467457ns          346939 1c008d42 00000513 addi             x10, x0, 0          x10=00000000
20467478ns          346940 1c008d44 00008067 jalr             x0, x1, 0            x1:1c008de0
20467518ns          346942 1c008de0 15f52063 p.beqimm         x10, 320            x10:00000000
20467538ns          346943 1c008de4 001a8a93 addi             x21, x21, 1         x21=0000001b x21:0000001a
20467558ns          346944 1c008de6 00800d33 add              x26, x0, x8         x26=1c0009c9  x8:1c0009c9
20467579ns          346945 1c008de8 000d4503 lbu              x10, 0(x26)         x10=0000003d x26:1c0009c9  PA:1c0009c9
20467882ns          346960 1c008dec 001d0413 addi             x8, x26, 1           x8=1c0009ca x26:1c0009c9
20467903ns          346961 1c008df0 0c050b63 beq              x10, x0, 214        x10:0000003d
20467923ns          346962 1c008df2 02500793 addi             x15, x0, 37         x15=00000025
20467943ns          346963 1c008df6 fef513e3 bne              x10, x15, -26       x10:0000003d x15:00000025
20468004ns          346966 1c008ddc 017005b3 add              x11, x0, x23        x11=00000002 x23:00000002
20468024ns          346967 1c008dde 000980e7 jalr             x1, x19, 0           x1=1c008de0 x19:1c008d20
20468064ns          346969 1c008d20 f14027f3 csrrs            x15, x0, 0xf14      x15=00000003
20468085ns          346970 1c008d24 1a10f6b7 lui              x13, 0x1a10f000     x13=1a10f000
20468105ns          346971 1c008d28 ca5797b3 p.extractu       x15, x15, 5, 5      x15=00000000 x15:00000003
20468125ns          346972 1c008d2c f1402773 csrrs            x14, x0, 0xf14      x14=00000003
20468145ns          346973 1c008d30 00779793 slli             x15, x15, 0x7       x15=00000000 x15:00000000
20468166ns          346974 1c008d32 00371713 slli             x14, x14, 0x3       x14=00000018 x14:00000003
20468186ns          346975 1c008d34 0ff57513 andi             x10, x10, 255       x10=0000003d x10:0000003d
20468206ns          346976 1c008d38 ee873733 p.bclr           x14, x14, 23, 8     x14=00000018 x14:00000018
20468226ns          346977 1c008d3c 00d787b3 add              x15, x15, x13       x15=1a10f000 x15:00000000 x13:1a10f000
20468247ns          346978 1c008d3e 00a767a3 p.sw             x10, x0(x14)        x10:0000003d x14:00000018  PA:1a10f018
20468591ns          346995 1c008d42 00000513 addi             x10, x0, 0          x10=00000000
20468611ns          346996 1c008d44 00008067 jalr             x0, x1, 0            x1:1c008de0
20468651ns          346998 1c008de0 15f52063 p.beqimm         x10, 320            x10:00000000
20468672ns          346999 1c008de4 001a8a93 addi             x21, x21, 1         x21=0000001c x21:0000001b
20468692ns          347000 1c008de6 00800d33 add              x26, x0, x8         x26=1c0009ca  x8:1c0009ca
20468712ns          347001 1c008de8 000d4503 lbu              x10, 0(x26)         x10=00000020 x26:1c0009ca  PA:1c0009ca
20469016ns          347016 1c008dec 001d0413 addi             x8, x26, 1           x8=1c0009cb x26:1c0009ca
20469036ns          347017 1c008df0 0c050b63 beq              x10, x0, 214        x10:00000020
20469056ns          347018 1c008df2 02500793 addi             x15, x0, 37         x15=00000025
20469076ns          347019 1c008df6 fef513e3 bne              x10, x15, -26       x10:00000020 x15:00000025
20469137ns          347022 1c008ddc 017005b3 add              x11, x0, x23        x11=00000002 x23:00000002
20469157ns          347023 1c008dde 000980e7 jalr             x1, x19, 0           x1=1c008de0 x19:1c008d20
20469198ns          347025 1c008d20 f14027f3 csrrs            x15, x0, 0xf14      x15=00000003
20469218ns          347026 1c008d24 1a10f6b7 lui              x13, 0x1a10f000     x13=1a10f000
20469238ns          347027 1c008d28 ca5797b3 p.extractu       x15, x15, 5, 5      x15=00000000 x15:00000003
20469259ns          347028 1c008d2c f1402773 csrrs            x14, x0, 0xf14      x14=00000003
20469279ns          347029 1c008d30 00779793 slli             x15, x15, 0x7       x15=00000000 x15:00000000
20469299ns          347030 1c008d32 00371713 slli             x14, x14, 0x3       x14=00000018 x14:00000003
20469319ns          347031 1c008d34 0ff57513 andi             x10, x10, 255       x10=00000020 x10:00000020
20469340ns          347032 1c008d38 ee873733 p.bclr           x14, x14, 23, 8     x14=00000018 x14:00000018
20469360ns          347033 1c008d3c 00d787b3 add              x15, x15, x13       x15=1a10f000 x15:00000000 x13:1a10f000
20469380ns          347034 1c008d3e 00a767a3 p.sw             x10, x0(x14)        x10:00000020 x14:00000018  PA:1a10f018
20469704ns          347050 1c008d42 00000513 addi             x10, x0, 0          x10=00000000
20469724ns          347051 1c008d44 00008067 jalr             x0, x1, 0            x1:1c008de0
20469765ns          347053 1c008de0 15f52063 p.beqimm         x10, 320            x10:00000000
20469785ns          347054 1c008de4 001a8a93 addi             x21, x21, 1         x21=0000001d x21:0000001c
20469805ns          347055 1c008de6 00800d33 add              x26, x0, x8         x26=1c0009cb  x8:1c0009cb
20469825ns          347056 1c008de8 000d4503 lbu              x10, 0(x26)         x10=00000025 x26:1c0009cb  PA:1c0009cb
20470129ns          347071 1c008dec 001d0413 addi             x8, x26, 1           x8=1c0009cc x26:1c0009cb
20470149ns          347072 1c008df0 0c050b63 beq              x10, x0, 214        x10:00000025
20470169ns          347073 1c008df2 02500793 addi             x15, x0, 37         x15=00000025
20470190ns          347074 1c008df6 fef513e3 bne              x10, x15, -26       x10:00000025 x15:00000025
20470210ns          347075 1c008dfa 00012a23 sw               x0, 20(x2)           x2:10001368  PA:1000137c
20470230ns          347076 1c008dfc 00012823 sw               x0, 16(x2)           x2:10001368  PA:10001378
20470250ns          347077 1c008dfe 00012623 sw               x0, 12(x2)           x2:10001368  PA:10001374
20470271ns          347078 1c008e00 00012423 sw               x0, 8(x2)            x2:10001368  PA:10001370
20470291ns          347079 1c008e02 00012223 sw               x0, 4(x2)            x2:10001368  PA:1000136c
20470311ns          347080 1c008e04 02300493 addi             x9, x0, 35           x9=00000023
20470331ns          347081 1c008e08 02d00b13 addi             x22, x0, 45         x22=0000002d
20470352ns          347082 1c008e0c 00044c83 lbu              x25, 0(x8)          x25=00000064  x8:1c0009cc  PA:1c0009cc
20470675ns          347098 1c008e10 00140913 addi             x18, x8, 1          x18=1c0009cd  x8:1c0009cc
20470696ns          347099 1c008e14 019005b3 add              x11, x0, x25        x11=00000064 x25:00000064
20470716ns          347100 1c008e16 9d0c0513 addi             x10, x24, -1584     x10=1c0009d0 x24:1c001000
20470736ns          347101 1c008e1a 01200d33 add              x26, x0, x18        x26=1c0009cd x18:1c0009cd
20470756ns          347102 1c008e1c 01900db3 add              x27, x0, x25        x27=00000064 x25:00000064
20470777ns          347103 1c008e1e e89ff0ef jal              x1, -376             x1=1c008e20
20470918ns          347110 1c008ca6 00054783 lbu              x15, 0(x10)         x15=0000002d x10:1c0009d0  PA:1c0009d0
20471222ns          347125 1c008caa 0ff5f593 andi             x11, x11, 255       x11=00000064 x11:00000064
20471242ns          347126 1c008cae 00b78c63 beq              x15, x11, 24        x15:0000002d x11:00000064
20471262ns          347127 1c008cb2 00078b63 beq              x15, x0, 22         x15:0000002d
20471283ns          347128 1c008cb4 00150793 addi             x15, x10, 1         x15=1c0009d1 x10:1c0009d0
20471303ns          347129 1c008cb8 0040006f jal              x0, 4              
20471404ns          347134 1c008cbc 00f00533 add              x10, x0, x15        x10=1c0009d1 x15:1c0009d1
20471424ns          347135 1c008cbe 0017c70b p.lbu            x14, 1(x15!)        x14=0000002b x15=1c0009d2 x15:1c0009d1  PA:1c0009d1
20471748ns          347151 1c008cc2 feb71ce3 bne              x14, x11, -8        x14:0000002b x11:00000064
20471809ns          347154 1c008cba 00070763 beq              x14, x0, 14         x14:0000002b
20471829ns          347155 1c008cbc 00f00533 add              x10, x0, x15        x10=1c0009d2 x15:1c0009d2
20471849ns          347156 1c008cbe 0017c70b p.lbu            x14, 1(x15!)        x14=00000020 x15=1c0009d3 x15:1c0009d2  PA:1c0009d2
20472173ns          347172 1c008cc2 feb71ce3 bne              x14, x11, -8        x14:00000020 x11:00000064
20472234ns          347175 1c008cba 00070763 beq              x14, x0, 14         x14:00000020
20472254ns          347176 1c008cbc 00f00533 add              x10, x0, x15        x10=1c0009d3 x15:1c0009d3
20472274ns          347177 1c008cbe 0017c70b p.lbu            x14, 1(x15!)        x14=00000023 x15=1c0009d4 x15:1c0009d3  PA:1c0009d3
20472598ns          347193 1c008cc2 feb71ce3 bne              x14, x11, -8        x14:00000023 x11:00000064
20472659ns          347196 1c008cba 00070763 beq              x14, x0, 14         x14:00000023
20472679ns          347197 1c008cbc 00f00533 add              x10, x0, x15        x10=1c0009d4 x15:1c0009d4
20472699ns          347198 1c008cbe 0017c70b p.lbu            x14, 1(x15!)        x14=00000030 x15=1c0009d5 x15:1c0009d4  PA:1c0009d4
20473023ns          347214 1c008cc2 feb71ce3 bne              x14, x11, -8        x14:00000030 x11:00000064
20473084ns          347217 1c008cba 00070763 beq              x14, x0, 14         x14:00000030
20473104ns          347218 1c008cbc 00f00533 add              x10, x0, x15        x10=1c0009d5 x15:1c0009d5
20473124ns          347219 1c008cbe 0017c70b p.lbu            x14, 1(x15!)        x14=00000000 x15=1c0009d6 x15:1c0009d5  PA:1c0009d5
20473448ns          347235 1c008cc2 feb71ce3 bne              x14, x11, -8        x14:00000000 x11:00000064
20473509ns          347238 1c008cba 00070763 beq              x14, x0, 14         x14:00000000
20473570ns          347241 1c008cc8 0015b593 sltiu            x11, x11, 1         x11=00000000 x11:00000064
20473590ns          347242 1c008ccc 40b005b3 sub              x11, x0, x11        x11=00000000 x11:00000000
20473610ns          347243 1c008cd0 00b57533 and              x10, x10, x11       x10=00000000 x10:1c0009d5 x11:00000000
20473630ns          347244 1c008cd2 00008067 jalr             x0, x1, 0            x1:1c008e20
20473711ns          347248 1c008e20 02050b63 beq              x10, x0, 54         x10:00000000
20473792ns          347252 1c008e56 02a00693 addi             x13, x0, 42         x13=0000002a
20473813ns          347253 1c008e5a 2edc8263 beq              x25, x13, 740       x25:00000064 x13:0000002a
20473873ns          347256 1c008e5e fd0c8693 addi             x13, x25, -48       x13=00000034 x25:00000064
20473894ns          347257 1c008e62 00900593 addi             x11, x0, 9          x11=00000009
20473914ns          347258 1c008e64 00000b13 addi             x22, x0, 0          x22=00000000
20473934ns          347259 1c008e66 0cd5fd63 bgeu             x11, x13, 218       x11:00000009 x13:00000034
20473954ns          347260 1c008e6a 02e00793 addi             x15, x0, 46         x15=0000002e
20474015ns          347263 1c008e6e 28fd8663 beq              x27, x15, 652       x27:00000064 x15:0000002e
20474035ns          347264 1c008e72 01b00433 add              x8, x0, x27          x8=00000064 x27:00000064
20474056ns          347265 1c008e74 fff00493 addi             x9, x0, -1           x9=ffffffff
20474076ns          347266 1c008e76 1c001737 lui              x14, 0x1c001000     x14=1c001000
20474096ns          347267 1c008e7a 01b005b3 add              x11, x0, x27        x11=00000064 x27:00000064
20474116ns          347268 1c008e7c 9d870513 addi             x10, x14, -1576     x10=1c0009d8 x14:1c001000
20474157ns          347270 1c008e80 e27ff0ef jal              x1, -474             x1=1c008e82
20474217ns          347273 1c008ca6 00054783 lbu              x15, 0(x10)         x15=00000068 x10:1c0009d8  PA:1c0009d8
20474521ns          347288 1c008caa 0ff5f593 andi             x11, x11, 255       x11=00000064 x11:00000064
20474541ns          347289 1c008cae 00b78c63 beq              x15, x11, 24        x15:00000068 x11:00000064
20474562ns          347290 1c008cb2 00078b63 beq              x15, x0, 22         x15:00000068
20474582ns          347291 1c008cb4 00150793 addi             x15, x10, 1         x15=1c0009d9 x10:1c0009d8
20474602ns          347292 1c008cb8 0040006f jal              x0, 4              
20474642ns          347294 1c008cbc 00f00533 add              x10, x0, x15        x10=1c0009d9 x15:1c0009d9
20474663ns          347295 1c008cbe 0017c70b p.lbu            x14, 1(x15!)        x14=0000006c x15=1c0009da x15:1c0009d9  PA:1c0009d9
20474987ns          347311 1c008cc2 feb71ce3 bne              x14, x11, -8        x14:0000006c x11:00000064
20475047ns          347314 1c008cba 00070763 beq              x14, x0, 14         x14:0000006c
20475068ns          347315 1c008cbc 00f00533 add              x10, x0, x15        x10=1c0009da x15:1c0009da
20475088ns          347316 1c008cbe 0017c70b p.lbu            x14, 1(x15!)        x14=0000007a x15=1c0009db x15:1c0009da  PA:1c0009da
20475412ns          347332 1c008cc2 feb71ce3 bne              x14, x11, -8        x14:0000007a x11:00000064
20475472ns          347335 1c008cba 00070763 beq              x14, x0, 14         x14:0000007a
20475493ns          347336 1c008cbc 00f00533 add              x10, x0, x15        x10=1c0009db x15:1c0009db
20475513ns          347337 1c008cbe 0017c70b p.lbu            x14, 1(x15!)        x14=00000000 x15=1c0009dc x15:1c0009db  PA:1c0009db
20475837ns          347353 1c008cc2 feb71ce3 bne              x14, x11, -8        x14:00000000 x11:00000064
20475897ns          347356 1c008cba 00070763 beq              x14, x0, 14         x14:00000000
20475958ns          347359 1c008cc8 0015b593 sltiu            x11, x11, 1         x11=00000000 x11:00000064
20475978ns          347360 1c008ccc 40b005b3 sub              x11, x0, x11        x11=00000000 x11:00000000
20475999ns          347361 1c008cd0 00b57533 and              x10, x10, x11       x10=00000000 x10:1c0009db x11:00000000
20476019ns          347362 1c008cd2 00008067 jalr             x0, x1, 0            x1:1c008e82
20476059ns          347364 1c008e82 00000793 addi             x15, x0, 0          x15=00000000
20476080ns          347365 1c008e84 00050f63 beq              x10, x0, 30         x10:00000000
20476221ns          347372 1c008ea2 06700693 addi             x13, x0, 103        x13=00000067
20476241ns          347373 1c008ea6 0bb6ee63 bltu             x13, x27, 188       x13:00000067 x27:00000064
20476262ns          347374 1c008eaa 06500693 addi             x13, x0, 101        x13=00000065
20476322ns          347377 1c008eae 3addf2e3 bgeu             x27, x13, 2980      x27:00000064 x13:00000065
20476363ns          347379 1c008eb2 04700693 addi             x13, x0, 71         x13=00000047
20476383ns          347380 1c008eb6 39b6ed63 bltu             x13, x27, 922       x13:00000047 x27:00000064
20476545ns          347388 1c009250 06300693 addi             x13, x0, 99         x13=00000063
20476586ns          347390 1c009254 70dd8c63 beq              x27, x13, 1816      x27:00000064 x13:00000063
20476606ns          347391 1c009258 d3b6e5e3 bltu             x13, x27, -726      x13:00000063 x27:00000064
20476808ns          347401 1c008f82 06c00693 addi             x13, x0, 108        x13=0000006c
20476828ns          347402 1c008f86 00d78a63 beq              x15, x13, 20        x15:00000000 x13:0000006c
20476849ns          347403 1c008f8a 07a00693 addi             x13, x0, 122        x13=0000007a
20476909ns          347406 1c008f8e 00d78663 beq              x15, x13, 12        x15:00000000 x13:0000007a
20476950ns          347408 1c008f92 04c00693 addi             x13, x0, 76         x13=0000004c
20476970ns          347409 1c008f96 5ed78de3 beq              x15, x13, 3578      x15:00000000 x13:0000004c
20476990ns          347410 1c008f9a 000a2783 lw               x15, 0(x20)         x15=00000000 x20:10001414  PA:10001414
20477011ns          347411 1c008f9e 004a0a13 addi             x20, x20, 4         x20=10001418 x20:10001414
20477051ns          347413 1c008fa0 41f7d713 srai             x14, x15, 0x41f     x14=00000000 x15:00000000
20477092ns          347415 1c008fa4 01412e23 sw               x20, 28(x2)         x20:10001418  x2:10001368  PA:10001384
20477112ns          347416 1c008fa6 00e12223 sw               x14, 4(x2)          x14:00000000  x2:10001368  PA:1000136c
20477132ns          347417 1c008fa8 4e0741e3 blt              x14, x0, 3298       x14:00000000
20477152ns          347418 1c008fac 00c12703 lw               x14, 12(x2)         x14=00000000  x2:10001368  PA:10001374
20477193ns          347420 1c008fae 440709e3 beq              x14, x0, 3154       x14:00000000
20477294ns          347425 1c009c00 01012703 lw               x14, 16(x2)         x14=00000000  x2:10001368  PA:10001378
20477334ns          347427 1c009c02 22070063 beq              x14, x0, 544        x14:00000000
20477436ns          347432 1c009e22 00412c83 lw               x25, 4(x2)          x25=00000000  x2:10001368  PA:1000136c
20477476ns          347434 1c009e24 02410a13 addi             x20, x2, 36         x20=1000138c  x2:10001368
20477496ns          347435 1c009e28 998ff06f jal              x0, -3688          
20477577ns          347439 1c008fc0 00f00433 add              x8, x0, x15          x8=00000000 x15:00000000
20477598ns          347440 1c008fc2 01400db3 add              x27, x0, x20        x27=1000138c x20:1000138c
20477618ns          347441 1c008fc4 0040006f jal              x0, 4              
20477658ns          347443 1c008fc8 00a00613 addi             x12, x0, 10         x12=0000000a
20477678ns          347444 1c008fca 00000693 addi             x13, x0, 0          x13=00000000
20477699ns          347445 1c008fcc 00800533 add              x10, x0, x8         x10=00000000  x8:00000000
20477719ns          347446 1c008fce 019005b3 add              x11, x0, x25        x11=00000000 x25:00000000
20477739ns          347447 1c008fd0 c2aff0ef jal              x1, -3030            x1=1c008fd4
20477820ns          347451 1c0083fa 00c008b3 add              x17, x0, x12        x17=0000000a x12:0000000a
20477861ns          347453 1c0083fc 00d00733 add              x14, x0, x13        x14=00000000 x13:00000000
20477881ns          347454 1c0083fe 00a007b3 add              x15, x0, x10        x15=00000000 x10:00000000
20477921ns          347456 1c008400 00b00833 add              x16, x0, x11        x16=00000000 x11:00000000
20477962ns          347458 1c008402 1c069863 bne              x13, x0, 464        x13:00000000
20477982ns          347459 1c008406 1c0016b7 lui              x13, 0x1c001000     x13=1c001000
20478002ns          347460 1c00840a 86868693 addi             x13, x13, -1944     x13=1c000868 x13:1c001000
20478063ns          347463 1c00840e 0ac5f863 bgeu             x11, x12, 176       x11:00000000 x12:0000000a
20478083ns          347464 1c008412 00010337 lui              x6, 0x10000          x6=00010000
20478104ns          347465 1c008414 08667e63 bgeu             x12, x6, 156        x12:0000000a  x6:00010000
20478124ns          347466 1c008418 0ff00313 addi             x6, x0, 255          x6=000000ff
20478144ns          347467 1c00841c 00c37363 bgeu             x6, x12, 6           x6:000000ff x12:0000000a
20478265ns          347473 1c008422 00e65333 srl              x6, x12, x14         x6=0000000a x12:0000000a x14:00000000
20478286ns          347474 1c008426 006686b3 add              x13, x13, x6        x13=1c000872 x13:1c000868  x6:0000000a
20478306ns          347475 1c008428 0006ce03 lbu              x28, 0(x13)         x28=00000004 x13:1c000872  PA:1c000872
20478610ns          347490 1c00842c 02000313 addi             x6, x0, 32           x6=00000020
20478630ns          347491 1c008430 00ee0e33 add              x28, x28, x14       x28=00000004 x28:00000004 x14:00000000
20478650ns          347492 1c008432 41c30333 sub              x6, x6, x28          x6=0000001c  x6:00000020 x28:00000004
20478670ns          347493 1c008436 00030c63 beq              x6, x0, 24           x6:0000001c
20478690ns          347494 1c00843a 006595b3 sll              x11, x11, x6        x11=00000000 x11:00000000  x6:0000001c
20478751ns          347497 1c00843e 01c55e33 srl              x28, x10, x28       x28=00000000 x10:00000000 x28:00000004
20478792ns          347499 1c008442 006618b3 sll              x17, x12, x6        x17=a0000000 x12:0000000a  x6:0000001c
20478812ns          347500 1c008446 00be6833 or               x16, x28, x11       x16=00000000 x28:00000000 x11:00000000
20478832ns          347501 1c00844a 006517b3 sll              x15, x10, x6        x15=00000000 x10:00000000  x6:0000001c
20478893ns          347504 1c00844e 0108d613 srli             x12, x17, 0x10      x12=0000a000 x17:a0000000
20478933ns          347506 1c008452 02c87733 remu             x14, x16, x12       x14=00000000 x16:00000000 x12:0000a000
20479318ns          347525 1c008456 02c85833 divu             x16, x16, x12       x16=00000000 x16:00000000 x12:0000a000
20479702ns          347544 1c00845a 01089513 slli             x10, x17, 0x10      x10=00000000 x17:a0000000
20479723ns          347545 1c00845e 01055513 srli             x10, x10, 0x10      x10=00000000 x10:00000000
20479743ns          347546 1c008460 01071713 slli             x14, x14, 0x10      x14=00000000 x14:00000000
20479763ns          347547 1c008462 0107d693 srli             x13, x15, 0x10      x13=00000000 x15:00000000
20479783ns          347548 1c008466 03050833 mul              x16, x10, x16       x16=00000000 x10:00000000 x16:00000000
20479804ns          347549 1c00846a 00e6e6b3 or               x13, x13, x14       x13=00000000 x13:00000000 x14:00000000
20479824ns          347550 1c00846c 0106f863 bgeu             x13, x16, 16        x13:00000000 x16:00000000
20479885ns          347553 1c00847c 410686b3 sub              x13, x13, x16       x13=00000000 x13:00000000 x16:00000000
20479945ns          347556 1c008480 02c6f733 remu             x14, x13, x12       x14=00000000 x13:00000000 x12:0000a000
20480350ns          347576 1c008484 02c6d6b3 divu             x13, x13, x12       x13=00000000 x13:00000000 x12:0000a000
20480735ns          347595 1c008488 01079793 slli             x15, x15, 0x10      x15=00000000 x15:00000000
20480755ns          347596 1c00848a 02d506b3 mul              x13, x10, x13       x13=00000000 x10:00000000 x13:00000000
20480775ns          347597 1c00848e 0107d793 srli             x15, x15, 0x10      x15=00000000 x15:00000000
20480795ns          347598 1c008490 01071513 slli             x10, x14, 0x10      x10=00000000 x14:00000000
20480816ns          347599 1c008494 00a7e7b3 or               x15, x15, x10       x15=00000000 x15:00000000 x10:00000000
20480836ns          347600 1c008496 00d7f863 bgeu             x15, x13, 16        x15:00000000 x13:00000000
20480937ns          347605 1c0084a6 40d787b3 sub              x15, x15, x13       x15=00000000 x15:00000000 x13:00000000
20480957ns          347606 1c0084a8 0067d533 srl              x10, x15, x6        x10=00000000 x15:00000000  x6:0000001c
20480978ns          347607 1c0084ac 00000593 addi             x11, x0, 0          x11=00000000
20480998ns          347608 1c0084ae 00008067 jalr             x0, x1, 0            x1:1c008fd4
20481119ns          347614 1c008fd4 00a00933 add              x18, x0, x10        x18=00000000 x10:00000000
20481140ns          347615 1c008fd6 019005b3 add              x11, x0, x25        x11=00000000 x25:00000000
20481160ns          347616 1c008fd8 00800533 add              x10, x0, x8         x10=00000000  x8:00000000
20481180ns          347617 1c008fda 00a00613 addi             x12, x0, 10         x12=0000000a
20481200ns          347618 1c008fdc 00000693 addi             x13, x0, 0          x13=00000000
20481241ns          347620 1c008fde 8beff0ef jal              x1, -3906            x1=1c008fe2
20481322ns          347624 1c00809c 00b007b3 add              x15, x0, x11        x15=00000000 x11:00000000
20481342ns          347625 1c00809e 00c00833 add              x16, x0, x12        x16=0000000a x12:0000000a
20481403ns          347628 1c0080a0 00d008b3 add              x17, x0, x13        x17=00000000 x13:00000000
20481423ns          347629 1c0080a2 00a00333 add              x6, x0, x10          x6=00000000 x10:00000000
20481443ns          347630 1c0080a4 20069663 bne              x13, x0, 524        x13:00000000
20481463ns          347631 1c0080a8 1c001737 lui              x14, 0x1c001000     x14=1c001000
20481484ns          347632 1c0080ac 86870713 addi             x14, x14, -1944     x14=1c000868 x14:1c001000
20481544ns          347635 1c0080b0 0ac5fe63 bgeu             x11, x12, 188       x11:00000000 x12:0000000a
20481585ns          347637 1c0080b4 000106b7 lui              x13, 0x10000        x13=00010000
20481605ns          347638 1c0080b6 0ad67463 bgeu             x12, x13, 168       x12:0000000a x13:00010000
20481625ns          347639 1c0080ba 0ff00693 addi             x13, x0, 255        x13=000000ff
20481686ns          347642 1c0080be 00c6b6b3 sltu             x13, x13, x12       x13=00000000 x13:000000ff x12:0000000a
20481706ns          347643 1c0080c2 00369693 slli             x13, x13, 0x3       x13=00000000 x13:00000000
20481726ns          347644 1c0080c4 00d658b3 srl              x17, x12, x13       x17=0000000a x12:0000000a x13:00000000
20481747ns          347645 1c0080c8 01170733 add              x14, x14, x17       x14=1c000872 x14:1c000868 x17:0000000a
20481767ns          347646 1c0080ca 00074703 lbu              x14, 0(x14)         x14=00000004 x14:1c000872  PA:1c000872
20482091ns          347662 1c0080ce 00e686b3 add              x13, x13, x14       x13=00000004 x13:00000000 x14:00000004
20482111ns          347663 1c0080d0 02000713 addi             x14, x0, 32         x14=00000020
20482131ns          347664 1c0080d4 40d70733 sub              x14, x14, x13       x14=0000001c x14:00000020 x13:00000004
20482152ns          347665 1c0080d6 00070b63 beq              x14, x0, 22         x14:0000001c
20482172ns          347666 1c0080d8 00e797b3 sll              x15, x15, x14       x15=00000000 x15:00000000 x14:0000001c
20482192ns          347667 1c0080dc 00d556b3 srl              x13, x10, x13       x13=00000000 x10:00000000 x13:00000004
20482232ns          347669 1c0080e0 00e61833 sll              x16, x12, x14       x16=a0000000 x12:0000000a x14:0000001c
20482273ns          347671 1c0080e4 00f6e5b3 or               x11, x13, x15       x11=00000000 x13:00000000 x15:00000000
20482293ns          347672 1c0080e8 00e51333 sll              x6, x10, x14         x6=00000000 x10:00000000 x14:0000001c
20482313ns          347673 1c0080ec 01085513 srli             x10, x16, 0x10      x10=0000a000 x16:a0000000
20482374ns          347676 1c0080f0 02a5f733 remu             x14, x11, x10       x14=00000000 x11:00000000 x10:0000a000
20482779ns          347696 1c0080f4 02a5d7b3 divu             x15, x11, x10       x15=00000000 x11:00000000 x10:0000a000
20483164ns          347715 1c0080f8 01081613 slli             x12, x16, 0x10      x12=00000000 x16:a0000000
20483184ns          347716 1c0080fc 01071713 slli             x14, x14, 0x10      x14=00000000 x14:00000000
20483204ns          347717 1c0080fe 01065613 srli             x12, x12, 0x10      x12=00000000 x12:00000000
20483224ns          347718 1c008100 01035693 srli             x13, x6, 0x10       x13=00000000  x6:00000000
20483244ns          347719 1c008104 00e6e6b3 or               x13, x13, x14       x13=00000000 x13:00000000 x14:00000000
20483265ns          347720 1c008106 02f605b3 mul              x11, x12, x15       x11=00000000 x12:00000000 x15:00000000
20483285ns          347721 1c00810a 00f00733 add              x14, x0, x15        x14=00000000 x15:00000000
20483305ns          347722 1c00810c 00b6fc63 bgeu             x13, x11, 24        x13:00000000 x11:00000000
20483406ns          347727 1c008124 40b686b3 sub              x13, x13, x11       x13=00000000 x13:00000000 x11:00000000
20483447ns          347729 1c008126 02a6f7b3 remu             x15, x13, x10       x15=00000000 x13:00000000 x10:0000a000
20483831ns          347748 1c00812a 02a6d6b3 divu             x13, x13, x10       x13=00000000 x13:00000000 x10:0000a000
20484216ns          347767 1c00812e 01031313 slli             x6, x6, 0x10         x6=00000000  x6:00000000
20484236ns          347768 1c008130 01079793 slli             x15, x15, 0x10      x15=00000000 x15:00000000
20484256ns          347769 1c008132 01035313 srli             x6, x6, 0x10         x6=00000000  x6:00000000
20484277ns          347770 1c008136 02d605b3 mul              x11, x12, x13       x11=00000000 x12:00000000 x13:00000000
20484297ns          347771 1c00813a 0067e333 or               x6, x15, x6          x6=00000000 x15:00000000  x6:00000000
20484317ns          347772 1c00813e 00d00533 add              x10, x0, x13        x10=00000000 x13:00000000
20484358ns          347774 1c008140 00b37b63 bgeu             x6, x11, 22          x6:00000000 x11:00000000
20484459ns          347779 1c008156 01071713 slli             x14, x14, 0x10      x14=00000000 x14:00000000
20484499ns          347781 1c008158 00a76733 or               x14, x14, x10       x14=00000000 x14:00000000 x10:00000000
20484520ns          347782 1c00815a 00000593 addi             x11, x0, 0          x11=00000000
20484540ns          347783 1c00815c 0b20006f jal              x0, 178            
20484661ns          347789 1c00820e 00e00533 add              x10, x0, x14        x10=00000000 x14:00000000
20484742ns          347793 1c008210 00008067 jalr             x0, x1, 0            x1:1c008fe2
20484864ns          347799 1c008fe2 03090913 addi             x18, x18, 48        x18=00000030 x18:00000000
20484884ns          347800 1c008fe6 012d8023 sb               x18, 0(x27)         x18:00000030 x27:1000138c  PA:1000138c
20484904ns          347801 1c008fea 00a5e7b3 or               x15, x11, x10       x15=00000000 x11:00000000 x10:00000000
20484965ns          347804 1c008fee 001d8913 addi             x18, x27, 1         x18=1000138d x27:1000138c
20484985ns          347805 1c008ff2 00a00433 add              x8, x0, x10          x8=00000000 x10:00000000
20485005ns          347806 1c008ff4 00b00cb3 add              x25, x0, x11        x25=00000000 x11:00000000
20485026ns          347807 1c008ff6 fc0798e3 bne              x15, x0, -48        x15:00000000
20485046ns          347808 1c008ff8 00090023 sb               x0, 0(x18)          x18:1000138d  PA:1000138d
20485066ns          347809 1c008ffc 01ba7d63 bgeu             x20, x27, 26        x20:1000138c x27:1000138c
20485188ns          347815 1c009016 00012783 lw               x15, 0(x2)          x15=1000138c  x2:10001368  PA:10001368
20485228ns          347817 1c009018 00c12703 lw               x14, 12(x2)         x14=00000000  x2:10001368  PA:10001374
20485248ns          347818 1c00901a 40f90933 sub              x18, x18, x15       x18=00000001 x18:1000138d x15:1000138c
20485309ns          347821 1c00901e 3c071de3 bne              x14, x0, 3034       x14:00000000
20485329ns          347822 1c009022 01012783 lw               x15, 16(x2)         x15=00000000  x2:10001368  PA:10001378
20485370ns          347824 1c009024 3c079ae3 bne              x15, x0, 3028       x15:00000000
20485390ns          347825 1c009028 00412703 lw               x14, 4(x2)          x14=00000000  x2:10001368  PA:1000136c
20485430ns          347827 1c00902a 01f75713 srli             x14, x14, 0x1f      x14=00000000 x14:00000000
20485451ns          347828 1c00902c 00e12223 sw               x14, 4(x2)          x14:00000000  x2:10001368  PA:1000136c
20485471ns          347829 1c00902e 3404c463 blt              x9, x0, 840          x9:ffffffff
20485572ns          347834 1c009376 00000c93 addi             x25, x0, 0          x25=00000000
20485613ns          347836 1c009378 00012c23 sw               x0, 24(x2)           x2:10001368  PA:10001380
20485633ns          347837 1c00937a 00000a13 addi             x20, x0, 0          x20=00000000
20485653ns          347838 1c00937c 01412783 lw               x15, 20(x2)         x15=00000000  x2:10001368  PA:1000137c
20485694ns          347840 1c00937e 5e078163 beq              x15, x0, 1506       x15:00000000
20485795ns          347845 1c009960 412b0b33 sub              x22, x22, x18       x22=ffffffff x22:00000000 x18:00000001
20485835ns          347847 1c009964 02410413 addi             x8, x2, 36           x8=1000138c  x2:10001368
20485855ns          347848 1c009966 00000493 addi             x9, x0, 0            x9=00000000
20485876ns          347849 1c009968 ee6ff06f jal              x0, -2330          
20486017ns          347856 1c00904e 00812703 lw               x14, 8(x2)          x14=00000000  x2:10001368  PA:10001370
20486058ns          347858 1c009050 02071063 bne              x14, x0, 32         x14:00000000
20486078ns          347859 1c009052 01605f63 bge              x0, x22, 30         x22:ffffffff
20486179ns          347864 1c009070 00412783 lw               x15, 4(x2)          x15=00000000  x2:10001368  PA:1000136c
20486220ns          347866 1c009072 00f40db3 add              x27, x8, x15        x27=1000138c  x8:1000138c x15:00000000
20486240ns          347867 1c009076 00c0006f jal              x0, 12             
20486321ns          347871 1c009082 017005b3 add              x11, x0, x23        x11=00000002 x23:00000002
20486361ns          347873 1c009084 ffb41ae3 bne              x8, x27, -12         x8:1000138c x27:1000138c
20486382ns          347874 1c009088 00900db3 add              x27, x0, x9         x27=00000000  x9:00000000
20486402ns          347875 1c00908a 0080006f jal              x0, 8              
20486503ns          347880 1c009092 fffd8d93 addi             x27, x27, -1        x27=ffffffff x27:00000000
20486523ns          347881 1c009094 017005b3 add              x11, x0, x23        x11=00000002 x23:00000002
20486544ns          347882 1c009096 03000513 addi             x10, x0, 48         x10=00000030
20486564ns          347883 1c00909a fffdb9e3 p.bneimm         x27, -14            x27:ffffffff
20486584ns          347884 1c00909e 00412703 lw               x14, 4(x2)          x14=00000000  x2:10001368  PA:1000136c
20486625ns          347886 1c0090a0 40e90933 sub              x18, x18, x14       x18=00000001 x18:00000001 x14:00000000
20486665ns          347888 1c0090a4 01212423 sw               x18, 8(x2)          x18:00000001  x2:10001368  PA:10001370
20486685ns          347889 1c0090a6 e40a15e3 bne              x20, x0, -438       x20:00000000
20486706ns          347890 1c0090aa 01812783 lw               x15, 24(x2)         x15=00000000  x2:10001368  PA:10001380
20486746ns          347892 1c0090ac 16079763 bne              x15, x0, 366        x15:00000000
20486766ns          347893 1c0090b0 120c8863 beq              x25, x0, 304        x25:00000000
20486867ns          347898 1c0091e0 017005b3 add              x11, x0, x23        x11=00000002 x23:00000002
20486908ns          347900 1c0091e2 ff2049e3 blt              x0, x18, -14        x18:00000001
20487009ns          347905 1c0091d4 0014450b p.lbu            x10, 1(x8!)         x10=00000030  x8=1000138d  x8:1000138c  PA:1000138c
20487050ns          347907 1c0091d8 fff90913 addi             x18, x18, -1        x18=00000000 x18:00000001
20487070ns          347908 1c0091da 000980e7 jalr             x1, x19, 0           x1=1c0091dc x19:1c008d20
20487151ns          347912 1c008d20 f14027f3 csrrs            x15, x0, 0xf14      x15=00000003
20487191ns          347914 1c008d24 1a10f6b7 lui              x13, 0x1a10f000     x13=1a10f000
20487212ns          347915 1c008d28 ca5797b3 p.extractu       x15, x15, 5, 5      x15=00000000 x15:00000003
20487232ns          347916 1c008d2c f1402773 csrrs            x14, x0, 0xf14      x14=00000003
20487292ns          347919 1c008d30 00779793 slli             x15, x15, 0x7       x15=00000000 x15:00000000
20487313ns          347920 1c008d32 00371713 slli             x14, x14, 0x3       x14=00000018 x14:00000003
20487333ns          347921 1c008d34 0ff57513 andi             x10, x10, 255       x10=00000030 x10:00000030
20487353ns          347922 1c008d38 ee873733 p.bclr           x14, x14, 23, 8     x14=00000018 x14:00000018
20487373ns          347923 1c008d3c 00d787b3 add              x15, x15, x13       x15=1a10f000 x15:00000000 x13:1a10f000
20487434ns          347926 1c008d3e 00a767a3 p.sw             x10, x0(x14)        x10:00000030 x14:00000018  PA:1a10f018
20487819ns          347945 1c008d42 00000513 addi             x10, x0, 0          x10=00000000
20487839ns          347946 1c008d44 00008067 jalr             x0, x1, 0            x1:1c0091dc
20487920ns          347950 1c0091dc d5f522e3 p.beqimm         x10, -700           x10:00000000
20487960ns          347952 1c0091e0 017005b3 add              x11, x0, x23        x11=00000002 x23:00000002
20487981ns          347953 1c0091e2 ff2049e3 blt              x0, x18, -14        x18:00000000
20488001ns          347954 1c0091e6 00412783 lw               x15, 4(x2)          x15=00000000  x2:10001368  PA:1000136c
20488021ns          347955 1c0091e8 01c12a03 lw               x20, 28(x2)         x20=10001418  x2:10001368  PA:10001384
20488041ns          347956 1c0091ea 00fa8733 add              x14, x21, x15       x14=0000001d x21:0000001d x15:00000000
20488062ns          347957 1c0091ee 00812783 lw               x15, 8(x2)          x15=00000001  x2:10001368  PA:10001370
20488082ns          347958 1c0091f0 00970733 add              x14, x14, x9        x14=0000001d x14:0000001d  x9:00000000
20488122ns          347960 1c0091f2 00e78ab3 add              x21, x15, x14       x21=0000001e x15:00000001 x14:0000001d
20488143ns          347961 1c0091f6 bf6059e3 bge              x0, x22, -1038      x22:ffffffff
20488304ns          347969 1c008de8 000d4503 lbu              x10, 0(x26)         x10=0000000a x26:1c0009cd  PA:1c0009cd
20488628ns          347985 1c008dec 001d0413 addi             x8, x26, 1           x8=1c0009ce x26:1c0009cd
20488649ns          347986 1c008df0 0c050b63 beq              x10, x0, 214        x10:0000000a
20488669ns          347987 1c008df2 02500793 addi             x15, x0, 37         x15=00000025
20488689ns          347988 1c008df6 fef513e3 bne              x10, x15, -26       x10:0000000a x15:00000025
20488851ns          347996 1c008ddc 017005b3 add              x11, x0, x23        x11=00000002 x23:00000002
20488871ns          347997 1c008dde 000980e7 jalr             x1, x19, 0           x1=1c008de0 x19:1c008d20
20488912ns          347999 1c008d20 f14027f3 csrrs            x15, x0, 0xf14      x15=00000003
20488932ns          348000 1c008d24 1a10f6b7 lui              x13, 0x1a10f000     x13=1a10f000
20488952ns          348001 1c008d28 ca5797b3 p.extractu       x15, x15, 5, 5      x15=00000000 x15:00000003
20488972ns          348002 1c008d2c f1402773 csrrs            x14, x0, 0xf14      x14=00000003
20488993ns          348003 1c008d30 00779793 slli             x15, x15, 0x7       x15=00000000 x15:00000000
20489013ns          348004 1c008d32 00371713 slli             x14, x14, 0x3       x14=00000018 x14:00000003
20489033ns          348005 1c008d34 0ff57513 andi             x10, x10, 255       x10=0000000a x10:0000000a
20489053ns          348006 1c008d38 ee873733 p.bclr           x14, x14, 23, 8     x14=00000018 x14:00000018
20489074ns          348007 1c008d3c 00d787b3 add              x15, x15, x13       x15=1a10f000 x15:00000000 x13:1a10f000
20489094ns          348008 1c008d3e 00a767a3 p.sw             x10, x0(x14)        x10:0000000a x14:00000018  PA:1a10f018
20489418ns          348024 1c008d42 00000513 addi             x10, x0, 0          x10=00000000
20489438ns          348025 1c008d44 00008067 jalr             x0, x1, 0            x1:1c008de0
20489478ns          348027 1c008de0 15f52063 p.beqimm         x10, 320            x10:00000000
20489499ns          348028 1c008de4 001a8a93 addi             x21, x21, 1         x21=0000001f x21:0000001e
20489519ns          348029 1c008de6 00800d33 add              x26, x0, x8         x26=1c0009ce  x8:1c0009ce
20489539ns          348030 1c008de8 000d4503 lbu              x10, 0(x26)         x10=00000000 x26:1c0009ce  PA:1c0009ce
20489843ns          348045 1c008dec 001d0413 addi             x8, x26, 1           x8=1c0009cf x26:1c0009ce
20489863ns          348046 1c008df0 0c050b63 beq              x10, x0, 214        x10:00000000
20489964ns          348051 1c008ec6 01500433 add              x8, x0, x21          x8=0000001f x21:0000001f
20490005ns          348053 1c008ec8 00800533 add              x10, x0, x8         x10=0000001f  x8:0000001f
20490025ns          348054 1c008eca 07c12083 lw               x1, 124(x2)          x1=1c008da4  x2:10001368  PA:100013e4
20490045ns          348055 1c008ecc 07812403 lw               x8, 120(x2)          x8=xxxxxxxx  x2:10001368  PA:100013e0
20490065ns          348056 1c008ece 07412483 lw               x9, 116(x2)          x9=xxxxxxxx  x2:10001368  PA:100013dc
20490086ns          348057 1c008ed0 07012903 lw               x18, 112(x2)        x18=00204000  x2:10001368  PA:100013d8
20490106ns          348058 1c008ed2 06c12983 lw               x19, 108(x2)        x19=00000003  x2:10001368  PA:100013d4
20490126ns          348059 1c008ed4 06812a03 lw               x20, 104(x2)        x20=1c01011e  x2:10001368  PA:100013d0
20490146ns          348060 1c008ed6 06412a83 lw               x21, 100(x2)        x21=1c010122  x2:10001368  PA:100013cc
20490167ns          348061 1c008ed8 06012b03 lw               x22, 96(x2)         x22=xxxxxxxx  x2:10001368  PA:100013c8
20490187ns          348062 1c008eda 05c12b83 lw               x23, 92(x2)         x23=xxxxxxxx  x2:10001368  PA:100013c4
20490207ns          348063 1c008edc 05812c03 lw               x24, 88(x2)         x24=xxxxxxxx  x2:10001368  PA:100013c0
20490227ns          348064 1c008ede 05412c83 lw               x25, 84(x2)         x25=xxxxxxxx  x2:10001368  PA:100013bc
20490248ns          348065 1c008ee0 05012d03 lw               x26, 80(x2)         x26=xxxxxxxx  x2:10001368  PA:100013b8
20490268ns          348066 1c008ee2 04c12d83 lw               x27, 76(x2)         x27=xxxxxxxx  x2:10001368  PA:100013b4
20490288ns          348067 1c008ee4 08010113 addi             x2, x2, 128          x2=100013e8  x2:10001368
20490308ns          348068 1c008ee6 00008067 jalr             x0, x1, 0            x1:1c008da4
20490450ns          348075 1c008da4 01c12083 lw               x1, 28(x2)           x1=1c01011e  x2:100013e8  PA:10001404
20490470ns          348076 1c008da6 04010113 addi             x2, x2, 64           x2=10001428  x2:100013e8
20490511ns          348078 1c008da8 00008067 jalr             x0, x1, 0            x1:1c01011e
20491037ns          348104 1c01011e 21c96283 p.elw            x5, 540(x18)         x5=00010000 x18:00204000  PA:0020421c
