                Time          Cycles PC       Instr    Mnemonic
20180616ns          332767 1c008080 00003517 auipc            x10, 0x3000         x10=1c00b080
20180656ns          332769 1c008084 02250513 addi             x10, x10, 34        x10=1c00b0a2 x10:1c00b080
20180697ns          332771 1c008088 00050067 jalr             x0, x10, 0          x10:1c00b0a2
20181628ns          332817 1c00b0a2 cc101073 csrrw            x0, x0, 0xcc1      
20181648ns          332818 1c00b0a6 f1402573 csrrs            x10, x0, 0xf14      x10=00000000
20181668ns          332819 1c00b0aa 01f57593 andi             x11, x10, 31        x11=00000000 x10:00000000
20181689ns          332820 1c00b0ae 00555513 srli             x10, x10, 0x5       x10=00000000 x10:00000000
20182114ns          332841 1c00b0b0 01f00613 addi             x12, x0, 31         x12=0000001f
20182154ns          332843 1c00b0b2 00c50463 beq              x10, x12, 8         x10:00000000 x12:0000001f
20182174ns          332844 1c00b0b6 74b0406f jal              x0, 20298          
20182559ns          332863 1c010000 f1402573 csrrs            x10, x0, 0xf14      x10=00000000
20182600ns          332865 1c010004 01f57593 andi             x11, x10, 31        x11=00000000 x10:00000000
20182620ns          332866 1c010008 00555513 srli             x10, x10, 0x5       x10=00000000 x10:00000000
20182640ns          332867 1c01000a 000702b7 lui              x5, 0x70000          x5=00070000
20183004ns          332885 1c01000e 00204337 lui              x6, 0x204000         x6=00204000
20183045ns          332887 1c010012 00532023 sw               x5, 0(x6)            x5:00070000  x6:00204000  PA:00204000
20183065ns          332888 1c010016 00000393 addi             x7, x0, 0            x7=00000000
20183085ns          332889 1c010018 0e759463 bne              x11, x7, 232        x11:00000000  x7:00000000
20183106ns          332890 1c01001c 20000293 addi             x5, x0, 512          x5=00000200
20183450ns          332907 1c010020 00204337 lui              x6, 0x204000         x6=00204000
20183490ns          332909 1c010024 00532a23 sw               x5, 20(x6)           x5:00000200  x6:00204000  PA:00204014
20183510ns          332910 1c010028 e3ff0417 auipc            x8, 0xe3ff0000       x8=00000028
20183531ns          332911 1c01002c fdc40413 addi             x8, x8, -36          x8=00000004  x8:00000028
20183915ns          332930 1c010030 002049b7 lui              x19, 0x204000       x19=00204000
20183956ns          332932 1c010034 00200a13 addi             x20, x0, 2          x20=00000002
20183976ns          332933 1c010036 00000a97 auipc            x21, 0x0            x21=1c010036
20183996ns          332934 1c01003a 038a8a93 addi             x21, x21, 56        x21=1c01006e x21:1c010036
20184360ns          332952 1c01003e ffff1b97 auipc            x23, 0xffff1000     x23=1c00103e
20184401ns          332954 1c010042 7c6b8b93 addi             x23, x23, 1990      x23=1c001804 x23:1c00103e
20184421ns          332955 1c010046 02c00393 addi             x7, x0, 44           x7=0000002c
20184441ns          332956 1c01004a 02a383b3 mul              x7, x7, x10          x7=00000000  x7:0000002c x10:00000000
20184462ns          332957 1c01004e 007b8bb3 add              x23, x23, x7        x23=1c001804 x23:1c001804  x7:00000000
20184806ns          332974 1c010050 014b8b93 addi             x23, x23, 20        x23=1c001818 x23:1c001804
20184846ns          332976 1c010052 1a10acb7 lui              x25, 0x1a10a000     x25=1a10a000
20184866ns          332977 1c010056 810c8c93 addi             x25, x25, -2032     x25=1a109810 x25:1a10a000
20184887ns          332978 1c01005a 00200c13 addi             x24, x0, 2          x24=00000002
20184907ns          332979 1c01005c 00000d17 auipc            x26, 0x0            x26=1c01005c
20185271ns          332997 1c010060 0e2d0d13 addi             x26, x26, 226       x26=1c01013e x26:1c01005c
20185312ns          332999 1c010064 001d6d13 ori              x26, x26, 1         x26=1c01013f x26:1c01013e
20185332ns          333000 1c010068 30045073 csrrwi           x0, 0x00000008, 0x300
20185413ns          333004 1c01006c 01a0006f jal              x0, 26             
20186142ns          333040 1c010086 00042b03 lw               x22, 0(x8)          x22=1c0011e8  x8:00000004  PA:00000004
20186182ns          333042 1c01008a 040b0d63 beq              x22, x0, 90         x22:1c0011e8
20186526ns          333059 1c01008e 020b2e83 lw               x29, 32(x22)        x29=00000000 x22:1c0011e8  PA:1c001208
20186850ns          333075 1c010092 01d42023 sw               x29, 0(x8)          x29:00000000  x8:00000004  PA:00000004
20186870ns          333076 1c010096 020b2f03 lw               x30, 32(x22)        x30=00000000 x22:1c0011e8  PA:1c001208
20187194ns          333092 1c01009a ffee9ae3 bne              x29, x30, -12       x29:00000000 x30:00000000
20187255ns          333095 1c01009e 004b2503 lw               x10, 4(x22)         x10=00000000 x22:1c0011e8  PA:1c0011ec
20187579ns          333111 1c0100a2 000b2283 lw               x5, 0(x22)           x5=1c0089d0 x22:1c0011e8  PA:1c0011e8
20187862ns          333125 1c0100a6 008b2103 lw               x2, 8(x22)           x2=10000028 x22:1c0011e8  PA:1c0011f0
20188166ns          333140 1c0100aa 00cb2303 lw               x6, 12(x22)          x6=00000800 x22:1c0011e8  PA:1c0011f4
20188469ns          333155 1c0100ae 010b2383 lw               x7, 16(x22)          x7=00000400 x22:1c0011e8  PA:1c0011f8
20188773ns          333170 1c0100b2 024b2f03 lw               x30, 36(x22)        x30=000000ff x22:1c0011e8  PA:1c00120c
20189076ns          333185 1c0100b6 014b2f83 lw               x31, 20(x22)        x31=00000008 x22:1c0011e8  PA:1c0011fc
20189380ns          333200 1c0100ba 015000b3 add              x1, x0, x21          x1=1c01006e x21:1c01006e
20189400ns          333201 1c0100bc 00610133 add              x2, x2, x6           x2=10000828  x2:10000028  x6:00000800
20189420ns          333202 1c0100be e3ff0e17 auipc            x28, 0xe3ff0000     x28=000000be
20189441ns          333203 1c0100c2 f5fe2d23 sw               x31, -166(x28)      x31:00000008 x28:000000be  PA:00000018
20189461ns          333204 1c0100c6 09e9a223 sw               x30, 132(x19)       x30:000000ff x19:00204000  PA:00204084
20189481ns          333205 1c0100ca 21e9a023 sw               x30, 512(x19)       x30:000000ff x19:00204000  PA:00204200
20189845ns          333223 1c0100ce 21e9a623 sw               x30, 524(x19)       x30:000000ff x19:00204000  PA:0020420c
20189886ns          333225 1c0100d2 000f2863 p.beqimm         x30, 16             x30:000000ff
20189906ns          333226 1c0100d6 09a9a023 sw               x26, 128(x19)       x26:1c01013f x19:00204000  PA:00204080
20189926ns          333227 1c0100da 0879a023 sw               x7, 128(x19)         x7:00000400 x19:00204000  PA:00204080
20190291ns          333245 1c0100de 0829a023 sw               x2, 128(x19)         x2:10000828 x19:00204000  PA:00204080
20190311ns          333246 1c0100e2 00028067 jalr             x0, x5, 0            x5:1c0089d0
20190736ns          333267 1c0089d0 ff010113 addi             x2, x2, -16          x2=10000818  x2:10000828
20190756ns          333268 1c0089d2 00112623 sw               x1, 12(x2)           x1:1c01006e  x2:10000818  PA:10000824
20190776ns          333269 1c0089d4 00812423 sw               x8, 8(x2)            x8:00000004  x2:10000818  PA:10000820
20190797ns          333270 1c0089d6 1c0087b7 lui              x15, 0x1c008000     x15=1c008000
20190817ns          333271 1c0089da 00204437 lui              x8, 0x204000         x8=00204000
20191242ns          333292 1c0089de 74e78793 addi             x15, x15, 1870      x15=1c00874e x15:1c008000
20191282ns          333294 1c0089e2 08f42023 sw               x15, 128(x8)        x15:1c00874e  x8:00204000  PA:00204080
20191303ns          333295 1c0089e6 002047b7 lui              x15, 0x204000       x15=00204000
20191323ns          333296 1c0089ea 0807a023 sw               x0, 128(x15)        x15:00204000  PA:00204080
20191343ns          333297 1c0089ee 00000513 addi             x10, x0, 0          x10=00000000
20191728ns          333316 1c0089f0 d5fff0ef jal              x1, -674             x1=1c0089f2
20192173ns          333338 1c00874e fd010113 addi             x2, x2, -48          x2=100007e8  x2:10000818
20192578ns          333358 1c008750 f14025f3 csrrs            x11, x0, 0xf14      x11=00000000
20192618ns          333360 1c008754 02912223 sw               x9, 36(x2)           x9:xxxxxxxx  x2:100007e8  PA:1000080c
20192639ns          333361 1c008756 1c001537 lui              x10, 0x1c001000     x10=1c001000
20192659ns          333362 1c00875a f14024f3 csrrs            x9, x0, 0xf14        x9=00000000
20193043ns          333381 1c00875e f454b4b3 p.bclr           x9, x9, 26, 5        x9=00000000  x9:00000000
20193064ns          333382 1c008762 00900633 add              x12, x0, x9         x12=00000000  x9:00000000
20193084ns          333383 1c008764 ca5595b3 p.extractu       x11, x11, 5, 5      x11=00000000 x11:00000000
20193104ns          333384 1c008768 98450513 addi             x10, x10, -1660     x10=1c000984 x10:1c001000
20193124ns          333385 1c00876c 02112623 sw               x1, 44(x2)           x1:1c0089f2  x2:100007e8  PA:10000814
20193145ns          333386 1c00876e 02812423 sw               x8, 40(x2)           x8:00204000  x2:100007e8  PA:10000810
20193549ns          333406 1c008770 01612823 sw               x22, 16(x2)         x22:1c0011e8  x2:100007e8  PA:100007f8
20193570ns          333407 1c008772 01712623 sw               x23, 12(x2)         x23:1c001818  x2:100007e8  PA:100007f4
20193590ns          333408 1c008774 03212023 sw               x18, 32(x2)         x18:xxxxxxxx  x2:100007e8  PA:10000808
20193610ns          333409 1c008776 01312e23 sw               x19, 28(x2)         x19:00204000  x2:100007e8  PA:10000804
20193630ns          333410 1c008778 01412c23 sw               x20, 24(x2)         x20:00000002  x2:100007e8  PA:10000800
20193691ns          333413 1c00877a 01512a23 sw               x21, 20(x2)         x21:1c01006e  x2:100007e8  PA:100007fc
20193711ns          333414 1c00877c 01812423 sw               x24, 8(x2)          x24:00000002  x2:100007e8  PA:100007f0
20193732ns          333415 1c00877e 5fe000ef jal              x1, 1534             x1=1c008780
20194460ns          333451 1c008d7c fc010113 addi             x2, x2, -64          x2=100007a8  x2:100007e8
20194804ns          333468 1c008d7e 02410313 addi             x6, x2, 36           x6=100007cc  x2:100007a8
20194824ns          333469 1c008d82 02c12423 sw               x12, 40(x2)         x12:00000000  x2:100007a8  PA:100007d0
20194845ns          333470 1c008d84 00a00633 add              x12, x0, x10        x12=1c000984 x10:1c000984
20194865ns          333471 1c008d86 1c009537 lui              x10, 0x1c009000     x10=1c009000
20194885ns          333472 1c008d8a 02b12223 sw               x11, 36(x2)         x11:00000000  x2:100007a8  PA:100007cc
20194905ns          333473 1c008d8c 02d12623 sw               x13, 44(x2)         x13:xxxxxxxx  x2:100007a8  PA:100007d4
20194926ns          333474 1c008d8e 00200593 addi             x11, x0, 2          x11=00000002
20195290ns          333492 1c008d90 006006b3 add              x13, x0, x6         x13=100007cc  x6:100007cc
20195330ns          333494 1c008d92 d2050513 addi             x10, x10, -736      x10=1c008d20 x10:1c009000
20195351ns          333495 1c008d96 00112e23 sw               x1, 28(x2)           x1:1c008780  x2:100007a8  PA:100007c4
20195371ns          333496 1c008d98 02e12823 sw               x14, 48(x2)         x14:xxxxxxxx  x2:100007a8  PA:100007d8
20195391ns          333497 1c008d9a 02f12a23 sw               x15, 52(x2)         x15:00204000  x2:100007a8  PA:100007dc
20195411ns          333498 1c008d9c 03012c23 sw               x16, 56(x2)         x16:xxxxxxxx  x2:100007a8  PA:100007e0
20195432ns          333499 1c008d9e 03112e23 sw               x17, 60(x2)         x17:xxxxxxxx  x2:100007a8  PA:100007e4
20195776ns          333516 1c008da0 00612623 sw               x6, 12(x2)           x6:100007cc  x2:100007a8  PA:100007b4
20195796ns          333517 1c008da2 fa5ff0ef jal              x1, -92              x1=1c008da4
20196322ns          333543 1c008d46 0640006f jal              x0, 100            
20196363ns          333545 1c008daa f8010113 addi             x2, x2, -128         x2=10000728  x2:100007a8
20196383ns          333546 1c008dac 06812c23 sw               x8, 120(x2)          x8:00204000  x2:10000728  PA:100007a0
20196403ns          333547 1c008dae 02410713 addi             x14, x2, 36         x14=1000074c  x2:10000728
20196788ns          333566 1c008db0 00000413 addi             x8, x0, 0            x8=00000000
20196808ns          333567 1c008db2 07312623 sw               x19, 108(x2)        x19:00204000  x2:10000728  PA:10000794
20196889ns          333571 1c008db4 07412423 sw               x20, 104(x2)        x20:00000002  x2:10000728  PA:10000790
20196909ns          333572 1c008db6 07512223 sw               x21, 100(x2)        x21:1c01006e  x2:10000728  PA:1000078c
20196929ns          333573 1c008db8 05712e23 sw               x23, 92(x2)         x23:1c001818  x2:10000728  PA:10000784
20196950ns          333574 1c008dba 05812c23 sw               x24, 88(x2)         x24:00000002  x2:10000728  PA:10000780
20196970ns          333575 1c008dbc 05a12823 sw               x26, 80(x2)         x26:1c01013f  x2:10000728  PA:10000778
20196990ns          333576 1c008dbe 06112e23 sw               x1, 124(x2)          x1:1c008da4  x2:10000728  PA:100007a4
20197274ns          333590 1c008dc0 06912a23 sw               x9, 116(x2)          x9:00000000  x2:10000728  PA:1000079c
20197294ns          333591 1c008dc2 07212823 sw               x18, 112(x2)        x18:xxxxxxxx  x2:10000728  PA:10000798
20197334ns          333593 1c008dc4 07612023 sw               x22, 96(x2)         x22:1c0011e8  x2:10000728  PA:10000788
20197354ns          333594 1c008dc6 05912a23 sw               x25, 84(x2)         x25:1a109810  x2:10000728  PA:1000077c
20197375ns          333595 1c008dc8 05b12623 sw               x27, 76(x2)         x27:xxxxxxxx  x2:10000728  PA:10000774
20197395ns          333596 1c008dca 00a009b3 add              x19, x0, x10        x19=1c008d20 x10:1c008d20
20197415ns          333597 1c008dcc 00b00bb3 add              x23, x0, x11        x23=00000002 x11:00000002
20197435ns          333598 1c008dce 00c00d33 add              x26, x0, x12        x26=1c000984 x12:1c000984
20197739ns          333613 1c008dd0 00d00a33 add              x20, x0, x13        x20=100007cc x13:100007cc
20197780ns          333615 1c008dd2 1c001c37 lui              x24, 0x1c001000     x24=1c001000
20197800ns          333616 1c008dd6 00e12023 sw               x14, 0(x2)          x14:1000074c  x2:10000728  PA:10000728
20197820ns          333617 1c008dd8 00800ab3 add              x21, x0, x8         x21=00000000  x8:00000000
20197840ns          333618 1c008dda 00e0006f jal              x0, 14             
20198245ns          333638 1c008de8 000d4503 lbu              x10, 0(x26)         x10=00000045 x26:1c000984  PA:1c000984
20198690ns          333660 1c008dec 001d0413 addi             x8, x26, 1           x8=1c000985 x26:1c000984
20198711ns          333661 1c008df0 0c050b63 beq              x10, x0, 214        x10:00000045
20198731ns          333662 1c008df2 02500793 addi             x15, x0, 37         x15=00000025
20198751ns          333663 1c008df6 fef513e3 bne              x10, x15, -26       x10:00000045 x15:00000025
20199136ns          333682 1c008ddc 017005b3 add              x11, x0, x23        x11=00000002 x23:00000002
20199156ns          333683 1c008dde 000980e7 jalr             x1, x19, 0           x1=1c008de0 x19:1c008d20
20199581ns          333704 1c008d20 f14027f3 csrrs            x15, x0, 0xf14      x15=00000000
20199621ns          333706 1c008d24 1a10f6b7 lui              x13, 0x1a10f000     x13=1a10f000
20199642ns          333707 1c008d28 ca5797b3 p.extractu       x15, x15, 5, 5      x15=00000000 x15:00000000
20199662ns          333708 1c008d2c f1402773 csrrs            x14, x0, 0xf14      x14=00000000
20200168ns          333733 1c008d30 00779793 slli             x15, x15, 0x7       x15=00000000 x15:00000000
20200188ns          333734 1c008d32 00371713 slli             x14, x14, 0x3       x14=00000000 x14:00000000
20200208ns          333735 1c008d34 0ff57513 andi             x10, x10, 255       x10=00000045 x10:00000045
20200229ns          333736 1c008d38 ee873733 p.bclr           x14, x14, 23, 8     x14=00000000 x14:00000000
20200249ns          333737 1c008d3c 00d787b3 add              x15, x15, x13       x15=1a10f000 x15:00000000 x13:1a10f000
20200269ns          333738 1c008d3e 00a767a3 p.sw             x10, x0(x14)        x10:00000045 x14:00000000  PA:1a10f000
20200977ns          333773 1c008d42 00000513 addi             x10, x0, 0          x10=00000000
20200998ns          333774 1c008d44 00008067 jalr             x0, x1, 0            x1:1c008de0
20201038ns          333776 1c008de0 15f52063 p.beqimm         x10, 320            x10:00000000
20201058ns          333777 1c008de4 001a8a93 addi             x21, x21, 1         x21=00000001 x21:00000000
20201079ns          333778 1c008de6 00800d33 add              x26, x0, x8         x26=1c000985  x8:1c000985
20201099ns          333779 1c008de8 000d4503 lbu              x10, 0(x26)         x10=0000006e x26:1c000985  PA:1c000985
20201402ns          333794 1c008dec 001d0413 addi             x8, x26, 1           x8=1c000986 x26:1c000985
20201423ns          333795 1c008df0 0c050b63 beq              x10, x0, 214        x10:0000006e
20201443ns          333796 1c008df2 02500793 addi             x15, x0, 37         x15=00000025
20201463ns          333797 1c008df6 fef513e3 bne              x10, x15, -26       x10:0000006e x15:00000025
20201524ns          333800 1c008ddc 017005b3 add              x11, x0, x23        x11=00000002 x23:00000002
20201544ns          333801 1c008dde 000980e7 jalr             x1, x19, 0           x1=1c008de0 x19:1c008d20
20201585ns          333803 1c008d20 f14027f3 csrrs            x15, x0, 0xf14      x15=00000000
20201605ns          333804 1c008d24 1a10f6b7 lui              x13, 0x1a10f000     x13=1a10f000
20201625ns          333805 1c008d28 ca5797b3 p.extractu       x15, x15, 5, 5      x15=00000000 x15:00000000
20201645ns          333806 1c008d2c f1402773 csrrs            x14, x0, 0xf14      x14=00000000
20201666ns          333807 1c008d30 00779793 slli             x15, x15, 0x7       x15=00000000 x15:00000000
20201686ns          333808 1c008d32 00371713 slli             x14, x14, 0x3       x14=00000000 x14:00000000
20201706ns          333809 1c008d34 0ff57513 andi             x10, x10, 255       x10=0000006e x10:0000006e
20201726ns          333810 1c008d38 ee873733 p.bclr           x14, x14, 23, 8     x14=00000000 x14:00000000
20201747ns          333811 1c008d3c 00d787b3 add              x15, x15, x13       x15=1a10f000 x15:00000000 x13:1a10f000
20201767ns          333812 1c008d3e 00a767a3 p.sw             x10, x0(x14)        x10:0000006e x14:00000000  PA:1a10f000
20202212ns          333834 1c008d42 00000513 addi             x10, x0, 0          x10=00000000
20202232ns          333835 1c008d44 00008067 jalr             x0, x1, 0            x1:1c008de0
20202273ns          333837 1c008de0 15f52063 p.beqimm         x10, 320            x10:00000000
20202293ns          333838 1c008de4 001a8a93 addi             x21, x21, 1         x21=00000002 x21:00000001
20202313ns          333839 1c008de6 00800d33 add              x26, x0, x8         x26=1c000986  x8:1c000986
20202334ns          333840 1c008de8 000d4503 lbu              x10, 0(x26)         x10=00000074 x26:1c000986  PA:1c000986
20202637ns          333855 1c008dec 001d0413 addi             x8, x26, 1           x8=1c000987 x26:1c000986
20202657ns          333856 1c008df0 0c050b63 beq              x10, x0, 214        x10:00000074
20202678ns          333857 1c008df2 02500793 addi             x15, x0, 37         x15=00000025
20202698ns          333858 1c008df6 fef513e3 bne              x10, x15, -26       x10:00000074 x15:00000025
20202759ns          333861 1c008ddc 017005b3 add              x11, x0, x23        x11=00000002 x23:00000002
20202779ns          333862 1c008dde 000980e7 jalr             x1, x19, 0           x1=1c008de0 x19:1c008d20
20202819ns          333864 1c008d20 f14027f3 csrrs            x15, x0, 0xf14      x15=00000000
20202840ns          333865 1c008d24 1a10f6b7 lui              x13, 0x1a10f000     x13=1a10f000
20202860ns          333866 1c008d28 ca5797b3 p.extractu       x15, x15, 5, 5      x15=00000000 x15:00000000
20202880ns          333867 1c008d2c f1402773 csrrs            x14, x0, 0xf14      x14=00000000
20202900ns          333868 1c008d30 00779793 slli             x15, x15, 0x7       x15=00000000 x15:00000000
20202920ns          333869 1c008d32 00371713 slli             x14, x14, 0x3       x14=00000000 x14:00000000
20202941ns          333870 1c008d34 0ff57513 andi             x10, x10, 255       x10=00000074 x10:00000074
20202961ns          333871 1c008d38 ee873733 p.bclr           x14, x14, 23, 8     x14=00000000 x14:00000000
20202981ns          333872 1c008d3c 00d787b3 add              x15, x15, x13       x15=1a10f000 x15:00000000 x13:1a10f000
20203001ns          333873 1c008d3e 00a767a3 p.sw             x10, x0(x14)        x10:00000074 x14:00000000  PA:1a10f000
20203325ns          333889 1c008d42 00000513 addi             x10, x0, 0          x10=00000000
20203346ns          333890 1c008d44 00008067 jalr             x0, x1, 0            x1:1c008de0
20203386ns          333892 1c008de0 15f52063 p.beqimm         x10, 320            x10:00000000
20203406ns          333893 1c008de4 001a8a93 addi             x21, x21, 1         x21=00000003 x21:00000002
20203426ns          333894 1c008de6 00800d33 add              x26, x0, x8         x26=1c000987  x8:1c000987
20203447ns          333895 1c008de8 000d4503 lbu              x10, 0(x26)         x10=00000065 x26:1c000987  PA:1c000987
20203750ns          333910 1c008dec 001d0413 addi             x8, x26, 1           x8=1c000988 x26:1c000987
20203771ns          333911 1c008df0 0c050b63 beq              x10, x0, 214        x10:00000065
20203791ns          333912 1c008df2 02500793 addi             x15, x0, 37         x15=00000025
20203811ns          333913 1c008df6 fef513e3 bne              x10, x15, -26       x10:00000065 x15:00000025
20203872ns          333916 1c008ddc 017005b3 add              x11, x0, x23        x11=00000002 x23:00000002
20203892ns          333917 1c008dde 000980e7 jalr             x1, x19, 0           x1=1c008de0 x19:1c008d20
20203932ns          333919 1c008d20 f14027f3 csrrs            x15, x0, 0xf14      x15=00000000
20203953ns          333920 1c008d24 1a10f6b7 lui              x13, 0x1a10f000     x13=1a10f000
20203973ns          333921 1c008d28 ca5797b3 p.extractu       x15, x15, 5, 5      x15=00000000 x15:00000000
20203993ns          333922 1c008d2c f1402773 csrrs            x14, x0, 0xf14      x14=00000000
20204013ns          333923 1c008d30 00779793 slli             x15, x15, 0x7       x15=00000000 x15:00000000
20204034ns          333924 1c008d32 00371713 slli             x14, x14, 0x3       x14=00000000 x14:00000000
20204054ns          333925 1c008d34 0ff57513 andi             x10, x10, 255       x10=00000065 x10:00000065
20204074ns          333926 1c008d38 ee873733 p.bclr           x14, x14, 23, 8     x14=00000000 x14:00000000
20204094ns          333927 1c008d3c 00d787b3 add              x15, x15, x13       x15=1a10f000 x15:00000000 x13:1a10f000
20204115ns          333928 1c008d3e 00a767a3 p.sw             x10, x0(x14)        x10:00000065 x14:00000000  PA:1a10f000
20204438ns          333944 1c008d42 00000513 addi             x10, x0, 0          x10=00000000
20204459ns          333945 1c008d44 00008067 jalr             x0, x1, 0            x1:1c008de0
20204499ns          333947 1c008de0 15f52063 p.beqimm         x10, 320            x10:00000000
20204519ns          333948 1c008de4 001a8a93 addi             x21, x21, 1         x21=00000004 x21:00000003
20204540ns          333949 1c008de6 00800d33 add              x26, x0, x8         x26=1c000988  x8:1c000988
20204560ns          333950 1c008de8 000d4503 lbu              x10, 0(x26)         x10=00000072 x26:1c000988  PA:1c000988
20204843ns          333964 1c008dec 001d0413 addi             x8, x26, 1           x8=1c000989 x26:1c000988
20204864ns          333965 1c008df0 0c050b63 beq              x10, x0, 214        x10:00000072
20204884ns          333966 1c008df2 02500793 addi             x15, x0, 37         x15=00000025
20204904ns          333967 1c008df6 fef513e3 bne              x10, x15, -26       x10:00000072 x15:00000025
20204965ns          333970 1c008ddc 017005b3 add              x11, x0, x23        x11=00000002 x23:00000002
20204985ns          333971 1c008dde 000980e7 jalr             x1, x19, 0           x1=1c008de0 x19:1c008d20
20205025ns          333973 1c008d20 f14027f3 csrrs            x15, x0, 0xf14      x15=00000000
20205046ns          333974 1c008d24 1a10f6b7 lui              x13, 0x1a10f000     x13=1a10f000
20205066ns          333975 1c008d28 ca5797b3 p.extractu       x15, x15, 5, 5      x15=00000000 x15:00000000
20205086ns          333976 1c008d2c f1402773 csrrs            x14, x0, 0xf14      x14=00000000
20205106ns          333977 1c008d30 00779793 slli             x15, x15, 0x7       x15=00000000 x15:00000000
20205127ns          333978 1c008d32 00371713 slli             x14, x14, 0x3       x14=00000000 x14:00000000
20205147ns          333979 1c008d34 0ff57513 andi             x10, x10, 255       x10=00000072 x10:00000072
20205167ns          333980 1c008d38 ee873733 p.bclr           x14, x14, 23, 8     x14=00000000 x14:00000000
20205187ns          333981 1c008d3c 00d787b3 add              x15, x15, x13       x15=1a10f000 x15:00000000 x13:1a10f000
20205208ns          333982 1c008d3e 00a767a3 p.sw             x10, x0(x14)        x10:00000072 x14:00000000  PA:1a10f000
20205552ns          333999 1c008d42 00000513 addi             x10, x0, 0          x10=00000000
20205572ns          334000 1c008d44 00008067 jalr             x0, x1, 0            x1:1c008de0
20205612ns          334002 1c008de0 15f52063 p.beqimm         x10, 320            x10:00000000
20205633ns          334003 1c008de4 001a8a93 addi             x21, x21, 1         x21=00000005 x21:00000004
20205653ns          334004 1c008de6 00800d33 add              x26, x0, x8         x26=1c000989  x8:1c000989
20205673ns          334005 1c008de8 000d4503 lbu              x10, 0(x26)         x10=00000065 x26:1c000989  PA:1c000989
20205977ns          334020 1c008dec 001d0413 addi             x8, x26, 1           x8=1c00098a x26:1c000989
20205997ns          334021 1c008df0 0c050b63 beq              x10, x0, 214        x10:00000065
20206017ns          334022 1c008df2 02500793 addi             x15, x0, 37         x15=00000025
20206037ns          334023 1c008df6 fef513e3 bne              x10, x15, -26       x10:00000065 x15:00000025
20206098ns          334026 1c008ddc 017005b3 add              x11, x0, x23        x11=00000002 x23:00000002
20206118ns          334027 1c008dde 000980e7 jalr             x1, x19, 0           x1=1c008de0 x19:1c008d20
20206159ns          334029 1c008d20 f14027f3 csrrs            x15, x0, 0xf14      x15=00000000
20206179ns          334030 1c008d24 1a10f6b7 lui              x13, 0x1a10f000     x13=1a10f000
20206199ns          334031 1c008d28 ca5797b3 p.extractu       x15, x15, 5, 5      x15=00000000 x15:00000000
20206220ns          334032 1c008d2c f1402773 csrrs            x14, x0, 0xf14      x14=00000000
20206240ns          334033 1c008d30 00779793 slli             x15, x15, 0x7       x15=00000000 x15:00000000
20206260ns          334034 1c008d32 00371713 slli             x14, x14, 0x3       x14=00000000 x14:00000000
20206280ns          334035 1c008d34 0ff57513 andi             x10, x10, 255       x10=00000065 x10:00000065
20206301ns          334036 1c008d38 ee873733 p.bclr           x14, x14, 23, 8     x14=00000000 x14:00000000
20206321ns          334037 1c008d3c 00d787b3 add              x15, x15, x13       x15=1a10f000 x15:00000000 x13:1a10f000
20206341ns          334038 1c008d3e 00a767a3 p.sw             x10, x0(x14)        x10:00000065 x14:00000000  PA:1a10f000
20206665ns          334054 1c008d42 00000513 addi             x10, x0, 0          x10=00000000
20206685ns          334055 1c008d44 00008067 jalr             x0, x1, 0            x1:1c008de0
20206726ns          334057 1c008de0 15f52063 p.beqimm         x10, 320            x10:00000000
20206746ns          334058 1c008de4 001a8a93 addi             x21, x21, 1         x21=00000006 x21:00000005
20206766ns          334059 1c008de6 00800d33 add              x26, x0, x8         x26=1c00098a  x8:1c00098a
20206786ns          334060 1c008de8 000d4503 lbu              x10, 0(x26)         x10=00000064 x26:1c00098a  PA:1c00098a
20207090ns          334075 1c008dec 001d0413 addi             x8, x26, 1           x8=1c00098b x26:1c00098a
20207110ns          334076 1c008df0 0c050b63 beq              x10, x0, 214        x10:00000064
20207130ns          334077 1c008df2 02500793 addi             x15, x0, 37         x15=00000025
20207151ns          334078 1c008df6 fef513e3 bne              x10, x15, -26       x10:00000064 x15:00000025
20207211ns          334081 1c008ddc 017005b3 add              x11, x0, x23        x11=00000002 x23:00000002
20207232ns          334082 1c008dde 000980e7 jalr             x1, x19, 0           x1=1c008de0 x19:1c008d20
20207272ns          334084 1c008d20 f14027f3 csrrs            x15, x0, 0xf14      x15=00000000
20207292ns          334085 1c008d24 1a10f6b7 lui              x13, 0x1a10f000     x13=1a10f000
20207313ns          334086 1c008d28 ca5797b3 p.extractu       x15, x15, 5, 5      x15=00000000 x15:00000000
20207333ns          334087 1c008d2c f1402773 csrrs            x14, x0, 0xf14      x14=00000000
20207353ns          334088 1c008d30 00779793 slli             x15, x15, 0x7       x15=00000000 x15:00000000
20207373ns          334089 1c008d32 00371713 slli             x14, x14, 0x3       x14=00000000 x14:00000000
20207394ns          334090 1c008d34 0ff57513 andi             x10, x10, 255       x10=00000064 x10:00000064
20207414ns          334091 1c008d38 ee873733 p.bclr           x14, x14, 23, 8     x14=00000000 x14:00000000
20207434ns          334092 1c008d3c 00d787b3 add              x15, x15, x13       x15=1a10f000 x15:00000000 x13:1a10f000
20207454ns          334093 1c008d3e 00a767a3 p.sw             x10, x0(x14)        x10:00000064 x14:00000000  PA:1a10f000
20207778ns          334109 1c008d42 00000513 addi             x10, x0, 0          x10=00000000
20207798ns          334110 1c008d44 00008067 jalr             x0, x1, 0            x1:1c008de0
20207839ns          334112 1c008de0 15f52063 p.beqimm         x10, 320            x10:00000000
20207859ns          334113 1c008de4 001a8a93 addi             x21, x21, 1         x21=00000007 x21:00000006
20207879ns          334114 1c008de6 00800d33 add              x26, x0, x8         x26=1c00098b  x8:1c00098b
20207900ns          334115 1c008de8 000d4503 lbu              x10, 0(x26)         x10=00000020 x26:1c00098b  PA:1c00098b
20208203ns          334130 1c008dec 001d0413 addi             x8, x26, 1           x8=1c00098c x26:1c00098b
20208223ns          334131 1c008df0 0c050b63 beq              x10, x0, 214        x10:00000020
20208244ns          334132 1c008df2 02500793 addi             x15, x0, 37         x15=00000025
20208264ns          334133 1c008df6 fef513e3 bne              x10, x15, -26       x10:00000020 x15:00000025
20208325ns          334136 1c008ddc 017005b3 add              x11, x0, x23        x11=00000002 x23:00000002
20208345ns          334137 1c008dde 000980e7 jalr             x1, x19, 0           x1=1c008de0 x19:1c008d20
20208385ns          334139 1c008d20 f14027f3 csrrs            x15, x0, 0xf14      x15=00000000
20208406ns          334140 1c008d24 1a10f6b7 lui              x13, 0x1a10f000     x13=1a10f000
20208426ns          334141 1c008d28 ca5797b3 p.extractu       x15, x15, 5, 5      x15=00000000 x15:00000000
20208446ns          334142 1c008d2c f1402773 csrrs            x14, x0, 0xf14      x14=00000000
20208466ns          334143 1c008d30 00779793 slli             x15, x15, 0x7       x15=00000000 x15:00000000
20208486ns          334144 1c008d32 00371713 slli             x14, x14, 0x3       x14=00000000 x14:00000000
20208507ns          334145 1c008d34 0ff57513 andi             x10, x10, 255       x10=00000020 x10:00000020
20208527ns          334146 1c008d38 ee873733 p.bclr           x14, x14, 23, 8     x14=00000000 x14:00000000
20208547ns          334147 1c008d3c 00d787b3 add              x15, x15, x13       x15=1a10f000 x15:00000000 x13:1a10f000
20208567ns          334148 1c008d3e 00a767a3 p.sw             x10, x0(x14)        x10:00000020 x14:00000000  PA:1a10f000
20208891ns          334164 1c008d42 00000513 addi             x10, x0, 0          x10=00000000
20208912ns          334165 1c008d44 00008067 jalr             x0, x1, 0            x1:1c008de0
20208952ns          334167 1c008de0 15f52063 p.beqimm         x10, 320            x10:00000000
20208972ns          334168 1c008de4 001a8a93 addi             x21, x21, 1         x21=00000008 x21:00000007
20208992ns          334169 1c008de6 00800d33 add              x26, x0, x8         x26=1c00098c  x8:1c00098c
20209013ns          334170 1c008de8 000d4503 lbu              x10, 0(x26)         x10=00000063 x26:1c00098c  PA:1c00098c
20209316ns          334185 1c008dec 001d0413 addi             x8, x26, 1           x8=1c00098d x26:1c00098c
20209337ns          334186 1c008df0 0c050b63 beq              x10, x0, 214        x10:00000063
20209357ns          334187 1c008df2 02500793 addi             x15, x0, 37         x15=00000025
20209377ns          334188 1c008df6 fef513e3 bne              x10, x15, -26       x10:00000063 x15:00000025
20209438ns          334191 1c008ddc 017005b3 add              x11, x0, x23        x11=00000002 x23:00000002
20209458ns          334192 1c008dde 000980e7 jalr             x1, x19, 0           x1=1c008de0 x19:1c008d20
20209498ns          334194 1c008d20 f14027f3 csrrs            x15, x0, 0xf14      x15=00000000
20209519ns          334195 1c008d24 1a10f6b7 lui              x13, 0x1a10f000     x13=1a10f000
20209539ns          334196 1c008d28 ca5797b3 p.extractu       x15, x15, 5, 5      x15=00000000 x15:00000000
20209559ns          334197 1c008d2c f1402773 csrrs            x14, x0, 0xf14      x14=00000000
20209579ns          334198 1c008d30 00779793 slli             x15, x15, 0x7       x15=00000000 x15:00000000
20209600ns          334199 1c008d32 00371713 slli             x14, x14, 0x3       x14=00000000 x14:00000000
20209620ns          334200 1c008d34 0ff57513 andi             x10, x10, 255       x10=00000063 x10:00000063
20209640ns          334201 1c008d38 ee873733 p.bclr           x14, x14, 23, 8     x14=00000000 x14:00000000
20209660ns          334202 1c008d3c 00d787b3 add              x15, x15, x13       x15=1a10f000 x15:00000000 x13:1a10f000
20209681ns          334203 1c008d3e 00a767a3 p.sw             x10, x0(x14)        x10:00000063 x14:00000000  PA:1a10f000
20210004ns          334219 1c008d42 00000513 addi             x10, x0, 0          x10=00000000
20210025ns          334220 1c008d44 00008067 jalr             x0, x1, 0            x1:1c008de0
20210065ns          334222 1c008de0 15f52063 p.beqimm         x10, 320            x10:00000000
20210085ns          334223 1c008de4 001a8a93 addi             x21, x21, 1         x21=00000009 x21:00000008
20210106ns          334224 1c008de6 00800d33 add              x26, x0, x8         x26=1c00098d  x8:1c00098d
20210126ns          334225 1c008de8 000d4503 lbu              x10, 0(x26)         x10=0000006c x26:1c00098d  PA:1c00098d
20210430ns          334240 1c008dec 001d0413 addi             x8, x26, 1           x8=1c00098e x26:1c00098d
20210450ns          334241 1c008df0 0c050b63 beq              x10, x0, 214        x10:0000006c
20210470ns          334242 1c008df2 02500793 addi             x15, x0, 37         x15=00000025
20210490ns          334243 1c008df6 fef513e3 bne              x10, x15, -26       x10:0000006c x15:00000025
20210551ns          334246 1c008ddc 017005b3 add              x11, x0, x23        x11=00000002 x23:00000002
20210571ns          334247 1c008dde 000980e7 jalr             x1, x19, 0           x1=1c008de0 x19:1c008d20
20210612ns          334249 1c008d20 f14027f3 csrrs            x15, x0, 0xf14      x15=00000000
20210632ns          334250 1c008d24 1a10f6b7 lui              x13, 0x1a10f000     x13=1a10f000
20210652ns          334251 1c008d28 ca5797b3 p.extractu       x15, x15, 5, 5      x15=00000000 x15:00000000
20210672ns          334252 1c008d2c f1402773 csrrs            x14, x0, 0xf14      x14=00000000
20210693ns          334253 1c008d30 00779793 slli             x15, x15, 0x7       x15=00000000 x15:00000000
20210713ns          334254 1c008d32 00371713 slli             x14, x14, 0x3       x14=00000000 x14:00000000
20210733ns          334255 1c008d34 0ff57513 andi             x10, x10, 255       x10=0000006c x10:0000006c
20210753ns          334256 1c008d38 ee873733 p.bclr           x14, x14, 23, 8     x14=00000000 x14:00000000
20210774ns          334257 1c008d3c 00d787b3 add              x15, x15, x13       x15=1a10f000 x15:00000000 x13:1a10f000
20210794ns          334258 1c008d3e 00a767a3 p.sw             x10, x0(x14)        x10:0000006c x14:00000000  PA:1a10f000
20211118ns          334274 1c008d42 00000513 addi             x10, x0, 0          x10=00000000
20211138ns          334275 1c008d44 00008067 jalr             x0, x1, 0            x1:1c008de0
20211178ns          334277 1c008de0 15f52063 p.beqimm         x10, 320            x10:00000000
20211199ns          334278 1c008de4 001a8a93 addi             x21, x21, 1         x21=0000000a x21:00000009
20211219ns          334279 1c008de6 00800d33 add              x26, x0, x8         x26=1c00098e  x8:1c00098e
20211239ns          334280 1c008de8 000d4503 lbu              x10, 0(x26)         x10=00000075 x26:1c00098e  PA:1c00098e
20211543ns          334295 1c008dec 001d0413 addi             x8, x26, 1           x8=1c00098f x26:1c00098e
20211563ns          334296 1c008df0 0c050b63 beq              x10, x0, 214        x10:00000075
20211583ns          334297 1c008df2 02500793 addi             x15, x0, 37         x15=00000025
20211603ns          334298 1c008df6 fef513e3 bne              x10, x15, -26       x10:00000075 x15:00000025
20211664ns          334301 1c008ddc 017005b3 add              x11, x0, x23        x11=00000002 x23:00000002
20211684ns          334302 1c008dde 000980e7 jalr             x1, x19, 0           x1=1c008de0 x19:1c008d20
20211725ns          334304 1c008d20 f14027f3 csrrs            x15, x0, 0xf14      x15=00000000
20211745ns          334305 1c008d24 1a10f6b7 lui              x13, 0x1a10f000     x13=1a10f000
20211765ns          334306 1c008d28 ca5797b3 p.extractu       x15, x15, 5, 5      x15=00000000 x15:00000000
20211786ns          334307 1c008d2c f1402773 csrrs            x14, x0, 0xf14      x14=00000000
20211806ns          334308 1c008d30 00779793 slli             x15, x15, 0x7       x15=00000000 x15:00000000
20211826ns          334309 1c008d32 00371713 slli             x14, x14, 0x3       x14=00000000 x14:00000000
20211846ns          334310 1c008d34 0ff57513 andi             x10, x10, 255       x10=00000075 x10:00000075
20211867ns          334311 1c008d38 ee873733 p.bclr           x14, x14, 23, 8     x14=00000000 x14:00000000
20211887ns          334312 1c008d3c 00d787b3 add              x15, x15, x13       x15=1a10f000 x15:00000000 x13:1a10f000
20211907ns          334313 1c008d3e 00a767a3 p.sw             x10, x0(x14)        x10:00000075 x14:00000000  PA:1a10f000
20212231ns          334329 1c008d42 00000513 addi             x10, x0, 0          x10=00000000
20212251ns          334330 1c008d44 00008067 jalr             x0, x1, 0            x1:1c008de0
20212292ns          334332 1c008de0 15f52063 p.beqimm         x10, 320            x10:00000000
20212312ns          334333 1c008de4 001a8a93 addi             x21, x21, 1         x21=0000000b x21:0000000a
20212332ns          334334 1c008de6 00800d33 add              x26, x0, x8         x26=1c00098f  x8:1c00098f
20212352ns          334335 1c008de8 000d4503 lbu              x10, 0(x26)         x10=00000073 x26:1c00098f  PA:1c00098f
20212656ns          334350 1c008dec 001d0413 addi             x8, x26, 1           x8=1c000990 x26:1c00098f
20212676ns          334351 1c008df0 0c050b63 beq              x10, x0, 214        x10:00000073
20212696ns          334352 1c008df2 02500793 addi             x15, x0, 37         x15=00000025
20212717ns          334353 1c008df6 fef513e3 bne              x10, x15, -26       x10:00000073 x15:00000025
20212777ns          334356 1c008ddc 017005b3 add              x11, x0, x23        x11=00000002 x23:00000002
20212798ns          334357 1c008dde 000980e7 jalr             x1, x19, 0           x1=1c008de0 x19:1c008d20
20212838ns          334359 1c008d20 f14027f3 csrrs            x15, x0, 0xf14      x15=00000000
20212858ns          334360 1c008d24 1a10f6b7 lui              x13, 0x1a10f000     x13=1a10f000
20212879ns          334361 1c008d28 ca5797b3 p.extractu       x15, x15, 5, 5      x15=00000000 x15:00000000
20212899ns          334362 1c008d2c f1402773 csrrs            x14, x0, 0xf14      x14=00000000
20212919ns          334363 1c008d30 00779793 slli             x15, x15, 0x7       x15=00000000 x15:00000000
20212939ns          334364 1c008d32 00371713 slli             x14, x14, 0x3       x14=00000000 x14:00000000
20212960ns          334365 1c008d34 0ff57513 andi             x10, x10, 255       x10=00000073 x10:00000073
20212980ns          334366 1c008d38 ee873733 p.bclr           x14, x14, 23, 8     x14=00000000 x14:00000000
20213000ns          334367 1c008d3c 00d787b3 add              x15, x15, x13       x15=1a10f000 x15:00000000 x13:1a10f000
20213020ns          334368 1c008d3e 00a767a3 p.sw             x10, x0(x14)        x10:00000073 x14:00000000  PA:1a10f000
20213324ns          334383 1c008d42 00000513 addi             x10, x0, 0          x10=00000000
20213344ns          334384 1c008d44 00008067 jalr             x0, x1, 0            x1:1c008de0
20213385ns          334386 1c008de0 15f52063 p.beqimm         x10, 320            x10:00000000
20213405ns          334387 1c008de4 001a8a93 addi             x21, x21, 1         x21=0000000c x21:0000000b
20213425ns          334388 1c008de6 00800d33 add              x26, x0, x8         x26=1c000990  x8:1c000990
20213445ns          334389 1c008de8 000d4503 lbu              x10, 0(x26)         x10=00000074 x26:1c000990  PA:1c000990
20213749ns          334404 1c008dec 001d0413 addi             x8, x26, 1           x8=1c000991 x26:1c000990
20213769ns          334405 1c008df0 0c050b63 beq              x10, x0, 214        x10:00000074
20213789ns          334406 1c008df2 02500793 addi             x15, x0, 37         x15=00000025
20213810ns          334407 1c008df6 fef513e3 bne              x10, x15, -26       x10:00000074 x15:00000025
20213870ns          334410 1c008ddc 017005b3 add              x11, x0, x23        x11=00000002 x23:00000002
20213891ns          334411 1c008dde 000980e7 jalr             x1, x19, 0           x1=1c008de0 x19:1c008d20
20213931ns          334413 1c008d20 f14027f3 csrrs            x15, x0, 0xf14      x15=00000000
20213951ns          334414 1c008d24 1a10f6b7 lui              x13, 0x1a10f000     x13=1a10f000
20213972ns          334415 1c008d28 ca5797b3 p.extractu       x15, x15, 5, 5      x15=00000000 x15:00000000
20213992ns          334416 1c008d2c f1402773 csrrs            x14, x0, 0xf14      x14=00000000
20214012ns          334417 1c008d30 00779793 slli             x15, x15, 0x7       x15=00000000 x15:00000000
20214032ns          334418 1c008d32 00371713 slli             x14, x14, 0x3       x14=00000000 x14:00000000
20214052ns          334419 1c008d34 0ff57513 andi             x10, x10, 255       x10=00000074 x10:00000074
20214073ns          334420 1c008d38 ee873733 p.bclr           x14, x14, 23, 8     x14=00000000 x14:00000000
20214093ns          334421 1c008d3c 00d787b3 add              x15, x15, x13       x15=1a10f000 x15:00000000 x13:1a10f000
20214113ns          334422 1c008d3e 00a767a3 p.sw             x10, x0(x14)        x10:00000074 x14:00000000  PA:1a10f000
20214457ns          334439 1c008d42 00000513 addi             x10, x0, 0          x10=00000000
20214478ns          334440 1c008d44 00008067 jalr             x0, x1, 0            x1:1c008de0
20214518ns          334442 1c008de0 15f52063 p.beqimm         x10, 320            x10:00000000
20214538ns          334443 1c008de4 001a8a93 addi             x21, x21, 1         x21=0000000d x21:0000000c
20214558ns          334444 1c008de6 00800d33 add              x26, x0, x8         x26=1c000991  x8:1c000991
20214579ns          334445 1c008de8 000d4503 lbu              x10, 0(x26)         x10=00000065 x26:1c000991  PA:1c000991
20214882ns          334460 1c008dec 001d0413 addi             x8, x26, 1           x8=1c000992 x26:1c000991
20214903ns          334461 1c008df0 0c050b63 beq              x10, x0, 214        x10:00000065
20214923ns          334462 1c008df2 02500793 addi             x15, x0, 37         x15=00000025
20214943ns          334463 1c008df6 fef513e3 bne              x10, x15, -26       x10:00000065 x15:00000025
20215004ns          334466 1c008ddc 017005b3 add              x11, x0, x23        x11=00000002 x23:00000002
20215024ns          334467 1c008dde 000980e7 jalr             x1, x19, 0           x1=1c008de0 x19:1c008d20
20215064ns          334469 1c008d20 f14027f3 csrrs            x15, x0, 0xf14      x15=00000000
20215085ns          334470 1c008d24 1a10f6b7 lui              x13, 0x1a10f000     x13=1a10f000
20215105ns          334471 1c008d28 ca5797b3 p.extractu       x15, x15, 5, 5      x15=00000000 x15:00000000
20215125ns          334472 1c008d2c f1402773 csrrs            x14, x0, 0xf14      x14=00000000
20215145ns          334473 1c008d30 00779793 slli             x15, x15, 0x7       x15=00000000 x15:00000000
20215166ns          334474 1c008d32 00371713 slli             x14, x14, 0x3       x14=00000000 x14:00000000
20215186ns          334475 1c008d34 0ff57513 andi             x10, x10, 255       x10=00000065 x10:00000065
20215206ns          334476 1c008d38 ee873733 p.bclr           x14, x14, 23, 8     x14=00000000 x14:00000000
20215226ns          334477 1c008d3c 00d787b3 add              x15, x15, x13       x15=1a10f000 x15:00000000 x13:1a10f000
20215247ns          334478 1c008d3e 00a767a3 p.sw             x10, x0(x14)        x10:00000065 x14:00000000  PA:1a10f000
20215570ns          334494 1c008d42 00000513 addi             x10, x0, 0          x10=00000000
20215591ns          334495 1c008d44 00008067 jalr             x0, x1, 0            x1:1c008de0
20215631ns          334497 1c008de0 15f52063 p.beqimm         x10, 320            x10:00000000
20215651ns          334498 1c008de4 001a8a93 addi             x21, x21, 1         x21=0000000e x21:0000000d
20215672ns          334499 1c008de6 00800d33 add              x26, x0, x8         x26=1c000992  x8:1c000992
20215692ns          334500 1c008de8 000d4503 lbu              x10, 0(x26)         x10=00000072 x26:1c000992  PA:1c000992
20215996ns          334515 1c008dec 001d0413 addi             x8, x26, 1           x8=1c000993 x26:1c000992
20216016ns          334516 1c008df0 0c050b63 beq              x10, x0, 214        x10:00000072
20216036ns          334517 1c008df2 02500793 addi             x15, x0, 37         x15=00000025
20216056ns          334518 1c008df6 fef513e3 bne              x10, x15, -26       x10:00000072 x15:00000025
20216117ns          334521 1c008ddc 017005b3 add              x11, x0, x23        x11=00000002 x23:00000002
20216137ns          334522 1c008dde 000980e7 jalr             x1, x19, 0           x1=1c008de0 x19:1c008d20
20216178ns          334524 1c008d20 f14027f3 csrrs            x15, x0, 0xf14      x15=00000000
20216198ns          334525 1c008d24 1a10f6b7 lui              x13, 0x1a10f000     x13=1a10f000
20216218ns          334526 1c008d28 ca5797b3 p.extractu       x15, x15, 5, 5      x15=00000000 x15:00000000
20216238ns          334527 1c008d2c f1402773 csrrs            x14, x0, 0xf14      x14=00000000
20216259ns          334528 1c008d30 00779793 slli             x15, x15, 0x7       x15=00000000 x15:00000000
20216279ns          334529 1c008d32 00371713 slli             x14, x14, 0x3       x14=00000000 x14:00000000
20216299ns          334530 1c008d34 0ff57513 andi             x10, x10, 255       x10=00000072 x10:00000072
20216319ns          334531 1c008d38 ee873733 p.bclr           x14, x14, 23, 8     x14=00000000 x14:00000000
20216340ns          334532 1c008d3c 00d787b3 add              x15, x15, x13       x15=1a10f000 x15:00000000 x13:1a10f000
20216360ns          334533 1c008d3e 00a767a3 p.sw             x10, x0(x14)        x10:00000072 x14:00000000  PA:1a10f000
20216684ns          334549 1c008d42 00000513 addi             x10, x0, 0          x10=00000000
20216704ns          334550 1c008d44 00008067 jalr             x0, x1, 0            x1:1c008de0
20216744ns          334552 1c008de0 15f52063 p.beqimm         x10, 320            x10:00000000
20216765ns          334553 1c008de4 001a8a93 addi             x21, x21, 1         x21=0000000f x21:0000000e
20216785ns          334554 1c008de6 00800d33 add              x26, x0, x8         x26=1c000993  x8:1c000993
20216805ns          334555 1c008de8 000d4503 lbu              x10, 0(x26)         x10=00000020 x26:1c000993  PA:1c000993
20217109ns          334570 1c008dec 001d0413 addi             x8, x26, 1           x8=1c000994 x26:1c000993
20217129ns          334571 1c008df0 0c050b63 beq              x10, x0, 214        x10:00000020
20217149ns          334572 1c008df2 02500793 addi             x15, x0, 37         x15=00000025
20217169ns          334573 1c008df6 fef513e3 bne              x10, x15, -26       x10:00000020 x15:00000025
20217230ns          334576 1c008ddc 017005b3 add              x11, x0, x23        x11=00000002 x23:00000002
20217250ns          334577 1c008dde 000980e7 jalr             x1, x19, 0           x1=1c008de0 x19:1c008d20
20217291ns          334579 1c008d20 f14027f3 csrrs            x15, x0, 0xf14      x15=00000000
20217311ns          334580 1c008d24 1a10f6b7 lui              x13, 0x1a10f000     x13=1a10f000
20217331ns          334581 1c008d28 ca5797b3 p.extractu       x15, x15, 5, 5      x15=00000000 x15:00000000
20217352ns          334582 1c008d2c f1402773 csrrs            x14, x0, 0xf14      x14=00000000
20217372ns          334583 1c008d30 00779793 slli             x15, x15, 0x7       x15=00000000 x15:00000000
20217392ns          334584 1c008d32 00371713 slli             x14, x14, 0x3       x14=00000000 x14:00000000
20217412ns          334585 1c008d34 0ff57513 andi             x10, x10, 255       x10=00000020 x10:00000020
20217433ns          334586 1c008d38 ee873733 p.bclr           x14, x14, 23, 8     x14=00000000 x14:00000000
20217453ns          334587 1c008d3c 00d787b3 add              x15, x15, x13       x15=1a10f000 x15:00000000 x13:1a10f000
20217473ns          334588 1c008d3e 00a767a3 p.sw             x10, x0(x14)        x10:00000020 x14:00000000  PA:1a10f000
20217797ns          334604 1c008d42 00000513 addi             x10, x0, 0          x10=00000000
20217817ns          334605 1c008d44 00008067 jalr             x0, x1, 0            x1:1c008de0
20217858ns          334607 1c008de0 15f52063 p.beqimm         x10, 320            x10:00000000
20217878ns          334608 1c008de4 001a8a93 addi             x21, x21, 1         x21=00000010 x21:0000000f
20217898ns          334609 1c008de6 00800d33 add              x26, x0, x8         x26=1c000994  x8:1c000994
20217918ns          334610 1c008de8 000d4503 lbu              x10, 0(x26)         x10=0000006f x26:1c000994  PA:1c000994
20218222ns          334625 1c008dec 001d0413 addi             x8, x26, 1           x8=1c000995 x26:1c000994
20218242ns          334626 1c008df0 0c050b63 beq              x10, x0, 214        x10:0000006f
20218262ns          334627 1c008df2 02500793 addi             x15, x0, 37         x15=00000025
20218283ns          334628 1c008df6 fef513e3 bne              x10, x15, -26       x10:0000006f x15:00000025
20218343ns          334631 1c008ddc 017005b3 add              x11, x0, x23        x11=00000002 x23:00000002
20218364ns          334632 1c008dde 000980e7 jalr             x1, x19, 0           x1=1c008de0 x19:1c008d20
20218404ns          334634 1c008d20 f14027f3 csrrs            x15, x0, 0xf14      x15=00000000
20218424ns          334635 1c008d24 1a10f6b7 lui              x13, 0x1a10f000     x13=1a10f000
20218445ns          334636 1c008d28 ca5797b3 p.extractu       x15, x15, 5, 5      x15=00000000 x15:00000000
20218465ns          334637 1c008d2c f1402773 csrrs            x14, x0, 0xf14      x14=00000000
20218485ns          334638 1c008d30 00779793 slli             x15, x15, 0x7       x15=00000000 x15:00000000
20218505ns          334639 1c008d32 00371713 slli             x14, x14, 0x3       x14=00000000 x14:00000000
20218526ns          334640 1c008d34 0ff57513 andi             x10, x10, 255       x10=0000006f x10:0000006f
20218546ns          334641 1c008d38 ee873733 p.bclr           x14, x14, 23, 8     x14=00000000 x14:00000000
20218566ns          334642 1c008d3c 00d787b3 add              x15, x15, x13       x15=1a10f000 x15:00000000 x13:1a10f000
20218586ns          334643 1c008d3e 00a767a3 p.sw             x10, x0(x14)        x10:0000006f x14:00000000  PA:1a10f000
20218910ns          334659 1c008d42 00000513 addi             x10, x0, 0          x10=00000000
20218930ns          334660 1c008d44 00008067 jalr             x0, x1, 0            x1:1c008de0
20218971ns          334662 1c008de0 15f52063 p.beqimm         x10, 320            x10:00000000
20218991ns          334663 1c008de4 001a8a93 addi             x21, x21, 1         x21=00000011 x21:00000010
20219011ns          334664 1c008de6 00800d33 add              x26, x0, x8         x26=1c000995  x8:1c000995
20219032ns          334665 1c008de8 000d4503 lbu              x10, 0(x26)         x10=0000006e x26:1c000995  PA:1c000995
20219335ns          334680 1c008dec 001d0413 addi             x8, x26, 1           x8=1c000996 x26:1c000995
20219355ns          334681 1c008df0 0c050b63 beq              x10, x0, 214        x10:0000006e
20219376ns          334682 1c008df2 02500793 addi             x15, x0, 37         x15=00000025
20219396ns          334683 1c008df6 fef513e3 bne              x10, x15, -26       x10:0000006e x15:00000025
20219457ns          334686 1c008ddc 017005b3 add              x11, x0, x23        x11=00000002 x23:00000002
20219477ns          334687 1c008dde 000980e7 jalr             x1, x19, 0           x1=1c008de0 x19:1c008d20
20219517ns          334689 1c008d20 f14027f3 csrrs            x15, x0, 0xf14      x15=00000000
20219538ns          334690 1c008d24 1a10f6b7 lui              x13, 0x1a10f000     x13=1a10f000
20219558ns          334691 1c008d28 ca5797b3 p.extractu       x15, x15, 5, 5      x15=00000000 x15:00000000
20219578ns          334692 1c008d2c f1402773 csrrs            x14, x0, 0xf14      x14=00000000
20219598ns          334693 1c008d30 00779793 slli             x15, x15, 0x7       x15=00000000 x15:00000000
20219618ns          334694 1c008d32 00371713 slli             x14, x14, 0x3       x14=00000000 x14:00000000
20219639ns          334695 1c008d34 0ff57513 andi             x10, x10, 255       x10=0000006e x10:0000006e
20219659ns          334696 1c008d38 ee873733 p.bclr           x14, x14, 23, 8     x14=00000000 x14:00000000
20219679ns          334697 1c008d3c 00d787b3 add              x15, x15, x13       x15=1a10f000 x15:00000000 x13:1a10f000
20219699ns          334698 1c008d3e 00a767a3 p.sw             x10, x0(x14)        x10:0000006e x14:00000000  PA:1a10f000
20220023ns          334714 1c008d42 00000513 addi             x10, x0, 0          x10=00000000
20220044ns          334715 1c008d44 00008067 jalr             x0, x1, 0            x1:1c008de0
20220084ns          334717 1c008de0 15f52063 p.beqimm         x10, 320            x10:00000000
20220104ns          334718 1c008de4 001a8a93 addi             x21, x21, 1         x21=00000012 x21:00000011
20220124ns          334719 1c008de6 00800d33 add              x26, x0, x8         x26=1c000996  x8:1c000996
20220145ns          334720 1c008de8 000d4503 lbu              x10, 0(x26)         x10=00000020 x26:1c000996  PA:1c000996
20220448ns          334735 1c008dec 001d0413 addi             x8, x26, 1           x8=1c000997 x26:1c000996
20220469ns          334736 1c008df0 0c050b63 beq              x10, x0, 214        x10:00000020
20220489ns          334737 1c008df2 02500793 addi             x15, x0, 37         x15=00000025
20220509ns          334738 1c008df6 fef513e3 bne              x10, x15, -26       x10:00000020 x15:00000025
20220570ns          334741 1c008ddc 017005b3 add              x11, x0, x23        x11=00000002 x23:00000002
20220590ns          334742 1c008dde 000980e7 jalr             x1, x19, 0           x1=1c008de0 x19:1c008d20
20220630ns          334744 1c008d20 f14027f3 csrrs            x15, x0, 0xf14      x15=00000000
20220651ns          334745 1c008d24 1a10f6b7 lui              x13, 0x1a10f000     x13=1a10f000
20220671ns          334746 1c008d28 ca5797b3 p.extractu       x15, x15, 5, 5      x15=00000000 x15:00000000
20220691ns          334747 1c008d2c f1402773 csrrs            x14, x0, 0xf14      x14=00000000
20220711ns          334748 1c008d30 00779793 slli             x15, x15, 0x7       x15=00000000 x15:00000000
20220732ns          334749 1c008d32 00371713 slli             x14, x14, 0x3       x14=00000000 x14:00000000
20220752ns          334750 1c008d34 0ff57513 andi             x10, x10, 255       x10=00000020 x10:00000020
20220772ns          334751 1c008d38 ee873733 p.bclr           x14, x14, 23, 8     x14=00000000 x14:00000000
20220792ns          334752 1c008d3c 00d787b3 add              x15, x15, x13       x15=1a10f000 x15:00000000 x13:1a10f000
20220813ns          334753 1c008d3e 00a767a3 p.sw             x10, x0(x14)        x10:00000020 x14:00000000  PA:1a10f000
20221136ns          334769 1c008d42 00000513 addi             x10, x0, 0          x10=00000000
20221157ns          334770 1c008d44 00008067 jalr             x0, x1, 0            x1:1c008de0
20221197ns          334772 1c008de0 15f52063 p.beqimm         x10, 320            x10:00000000
20221217ns          334773 1c008de4 001a8a93 addi             x21, x21, 1         x21=00000013 x21:00000012
20221238ns          334774 1c008de6 00800d33 add              x26, x0, x8         x26=1c000997  x8:1c000997
20221258ns          334775 1c008de8 000d4503 lbu              x10, 0(x26)         x10=00000063 x26:1c000997  PA:1c000997
20221562ns          334790 1c008dec 001d0413 addi             x8, x26, 1           x8=1c000998 x26:1c000997
20221582ns          334791 1c008df0 0c050b63 beq              x10, x0, 214        x10:00000063
20221602ns          334792 1c008df2 02500793 addi             x15, x0, 37         x15=00000025
20221622ns          334793 1c008df6 fef513e3 bne              x10, x15, -26       x10:00000063 x15:00000025
20221683ns          334796 1c008ddc 017005b3 add              x11, x0, x23        x11=00000002 x23:00000002
20221703ns          334797 1c008dde 000980e7 jalr             x1, x19, 0           x1=1c008de0 x19:1c008d20
20221744ns          334799 1c008d20 f14027f3 csrrs            x15, x0, 0xf14      x15=00000000
20221764ns          334800 1c008d24 1a10f6b7 lui              x13, 0x1a10f000     x13=1a10f000
20221784ns          334801 1c008d28 ca5797b3 p.extractu       x15, x15, 5, 5      x15=00000000 x15:00000000
20221804ns          334802 1c008d2c f1402773 csrrs            x14, x0, 0xf14      x14=00000000
20221825ns          334803 1c008d30 00779793 slli             x15, x15, 0x7       x15=00000000 x15:00000000
20221845ns          334804 1c008d32 00371713 slli             x14, x14, 0x3       x14=00000000 x14:00000000
20221865ns          334805 1c008d34 0ff57513 andi             x10, x10, 255       x10=00000063 x10:00000063
20221885ns          334806 1c008d38 ee873733 p.bclr           x14, x14, 23, 8     x14=00000000 x14:00000000
20221906ns          334807 1c008d3c 00d787b3 add              x15, x15, x13       x15=1a10f000 x15:00000000 x13:1a10f000
20221926ns          334808 1c008d3e 00a767a3 p.sw             x10, x0(x14)        x10:00000063 x14:00000000  PA:1a10f000
20222270ns          334825 1c008d42 00000513 addi             x10, x0, 0          x10=00000000
20222290ns          334826 1c008d44 00008067 jalr             x0, x1, 0            x1:1c008de0
20222331ns          334828 1c008de0 15f52063 p.beqimm         x10, 320            x10:00000000
20222351ns          334829 1c008de4 001a8a93 addi             x21, x21, 1         x21=00000014 x21:00000013
20222371ns          334830 1c008de6 00800d33 add              x26, x0, x8         x26=1c000998  x8:1c000998
20222391ns          334831 1c008de8 000d4503 lbu              x10, 0(x26)         x10=0000006c x26:1c000998  PA:1c000998
20222695ns          334846 1c008dec 001d0413 addi             x8, x26, 1           x8=1c000999 x26:1c000998
20222715ns          334847 1c008df0 0c050b63 beq              x10, x0, 214        x10:0000006c
20222735ns          334848 1c008df2 02500793 addi             x15, x0, 37         x15=00000025
20222756ns          334849 1c008df6 fef513e3 bne              x10, x15, -26       x10:0000006c x15:00000025
20222816ns          334852 1c008ddc 017005b3 add              x11, x0, x23        x11=00000002 x23:00000002
20222837ns          334853 1c008dde 000980e7 jalr             x1, x19, 0           x1=1c008de0 x19:1c008d20
20222877ns          334855 1c008d20 f14027f3 csrrs            x15, x0, 0xf14      x15=00000000
20222897ns          334856 1c008d24 1a10f6b7 lui              x13, 0x1a10f000     x13=1a10f000
20222918ns          334857 1c008d28 ca5797b3 p.extractu       x15, x15, 5, 5      x15=00000000 x15:00000000
20222938ns          334858 1c008d2c f1402773 csrrs            x14, x0, 0xf14      x14=00000000
20222958ns          334859 1c008d30 00779793 slli             x15, x15, 0x7       x15=00000000 x15:00000000
20222978ns          334860 1c008d32 00371713 slli             x14, x14, 0x3       x14=00000000 x14:00000000
20222999ns          334861 1c008d34 0ff57513 andi             x10, x10, 255       x10=0000006c x10:0000006c
20223019ns          334862 1c008d38 ee873733 p.bclr           x14, x14, 23, 8     x14=00000000 x14:00000000
20223039ns          334863 1c008d3c 00d787b3 add              x15, x15, x13       x15=1a10f000 x15:00000000 x13:1a10f000
20223059ns          334864 1c008d3e 00a767a3 p.sw             x10, x0(x14)        x10:0000006c x14:00000000  PA:1a10f000
20223403ns          334881 1c008d42 00000513 addi             x10, x0, 0          x10=00000000
20223424ns          334882 1c008d44 00008067 jalr             x0, x1, 0            x1:1c008de0
20223464ns          334884 1c008de0 15f52063 p.beqimm         x10, 320            x10:00000000
20223484ns          334885 1c008de4 001a8a93 addi             x21, x21, 1         x21=00000015 x21:00000014
20223505ns          334886 1c008de6 00800d33 add              x26, x0, x8         x26=1c000999  x8:1c000999
20223525ns          334887 1c008de8 000d4503 lbu              x10, 0(x26)         x10=00000075 x26:1c000999  PA:1c000999
20223828ns          334902 1c008dec 001d0413 addi             x8, x26, 1           x8=1c00099a x26:1c000999
20223849ns          334903 1c008df0 0c050b63 beq              x10, x0, 214        x10:00000075
20223869ns          334904 1c008df2 02500793 addi             x15, x0, 37         x15=00000025
20223889ns          334905 1c008df6 fef513e3 bne              x10, x15, -26       x10:00000075 x15:00000025
20223950ns          334908 1c008ddc 017005b3 add              x11, x0, x23        x11=00000002 x23:00000002
20223970ns          334909 1c008dde 000980e7 jalr             x1, x19, 0           x1=1c008de0 x19:1c008d20
20224011ns          334911 1c008d20 f14027f3 csrrs            x15, x0, 0xf14      x15=00000000
20224031ns          334912 1c008d24 1a10f6b7 lui              x13, 0x1a10f000     x13=1a10f000
20224051ns          334913 1c008d28 ca5797b3 p.extractu       x15, x15, 5, 5      x15=00000000 x15:00000000
20224071ns          334914 1c008d2c f1402773 csrrs            x14, x0, 0xf14      x14=00000000
20224092ns          334915 1c008d30 00779793 slli             x15, x15, 0x7       x15=00000000 x15:00000000
20224112ns          334916 1c008d32 00371713 slli             x14, x14, 0x3       x14=00000000 x14:00000000
20224132ns          334917 1c008d34 0ff57513 andi             x10, x10, 255       x10=00000075 x10:00000075
20224152ns          334918 1c008d38 ee873733 p.bclr           x14, x14, 23, 8     x14=00000000 x14:00000000
20224172ns          334919 1c008d3c 00d787b3 add              x15, x15, x13       x15=1a10f000 x15:00000000 x13:1a10f000
20224193ns          334920 1c008d3e 00a767a3 p.sw             x10, x0(x14)        x10:00000075 x14:00000000  PA:1a10f000
20224537ns          334937 1c008d42 00000513 addi             x10, x0, 0          x10=00000000
20224557ns          334938 1c008d44 00008067 jalr             x0, x1, 0            x1:1c008de0
20224598ns          334940 1c008de0 15f52063 p.beqimm         x10, 320            x10:00000000
20224618ns          334941 1c008de4 001a8a93 addi             x21, x21, 1         x21=00000016 x21:00000015
20224638ns          334942 1c008de6 00800d33 add              x26, x0, x8         x26=1c00099a  x8:1c00099a
20224658ns          334943 1c008de8 000d4503 lbu              x10, 0(x26)         x10=00000073 x26:1c00099a  PA:1c00099a
20224962ns          334958 1c008dec 001d0413 addi             x8, x26, 1           x8=1c00099b x26:1c00099a
20224982ns          334959 1c008df0 0c050b63 beq              x10, x0, 214        x10:00000073
20225002ns          334960 1c008df2 02500793 addi             x15, x0, 37         x15=00000025
20225023ns          334961 1c008df6 fef513e3 bne              x10, x15, -26       x10:00000073 x15:00000025
20225083ns          334964 1c008ddc 017005b3 add              x11, x0, x23        x11=00000002 x23:00000002
20225104ns          334965 1c008dde 000980e7 jalr             x1, x19, 0           x1=1c008de0 x19:1c008d20
20225144ns          334967 1c008d20 f14027f3 csrrs            x15, x0, 0xf14      x15=00000000
20225164ns          334968 1c008d24 1a10f6b7 lui              x13, 0x1a10f000     x13=1a10f000
20225184ns          334969 1c008d28 ca5797b3 p.extractu       x15, x15, 5, 5      x15=00000000 x15:00000000
20225205ns          334970 1c008d2c f1402773 csrrs            x14, x0, 0xf14      x14=00000000
20225225ns          334971 1c008d30 00779793 slli             x15, x15, 0x7       x15=00000000 x15:00000000
20225245ns          334972 1c008d32 00371713 slli             x14, x14, 0x3       x14=00000000 x14:00000000
20225265ns          334973 1c008d34 0ff57513 andi             x10, x10, 255       x10=00000073 x10:00000073
20225286ns          334974 1c008d38 ee873733 p.bclr           x14, x14, 23, 8     x14=00000000 x14:00000000
20225306ns          334975 1c008d3c 00d787b3 add              x15, x15, x13       x15=1a10f000 x15:00000000 x13:1a10f000
20225326ns          334976 1c008d3e 00a767a3 p.sw             x10, x0(x14)        x10:00000073 x14:00000000  PA:1a10f000
20225670ns          334993 1c008d42 00000513 addi             x10, x0, 0          x10=00000000
20225690ns          334994 1c008d44 00008067 jalr             x0, x1, 0            x1:1c008de0
20225731ns          334996 1c008de0 15f52063 p.beqimm         x10, 320            x10:00000000
20225751ns          334997 1c008de4 001a8a93 addi             x21, x21, 1         x21=00000017 x21:00000016
20225771ns          334998 1c008de6 00800d33 add              x26, x0, x8         x26=1c00099b  x8:1c00099b
20225792ns          334999 1c008de8 000d4503 lbu              x10, 0(x26)         x10=00000074 x26:1c00099b  PA:1c00099b
20226095ns          335014 1c008dec 001d0413 addi             x8, x26, 1           x8=1c00099c x26:1c00099b
20226116ns          335015 1c008df0 0c050b63 beq              x10, x0, 214        x10:00000074
20226136ns          335016 1c008df2 02500793 addi             x15, x0, 37         x15=00000025
20226156ns          335017 1c008df6 fef513e3 bne              x10, x15, -26       x10:00000074 x15:00000025
20226217ns          335020 1c008ddc 017005b3 add              x11, x0, x23        x11=00000002 x23:00000002
20226237ns          335021 1c008dde 000980e7 jalr             x1, x19, 0           x1=1c008de0 x19:1c008d20
20226277ns          335023 1c008d20 f14027f3 csrrs            x15, x0, 0xf14      x15=00000000
20226298ns          335024 1c008d24 1a10f6b7 lui              x13, 0x1a10f000     x13=1a10f000
20226318ns          335025 1c008d28 ca5797b3 p.extractu       x15, x15, 5, 5      x15=00000000 x15:00000000
20226338ns          335026 1c008d2c f1402773 csrrs            x14, x0, 0xf14      x14=00000000
20226358ns          335027 1c008d30 00779793 slli             x15, x15, 0x7       x15=00000000 x15:00000000
20226379ns          335028 1c008d32 00371713 slli             x14, x14, 0x3       x14=00000000 x14:00000000
20226399ns          335029 1c008d34 0ff57513 andi             x10, x10, 255       x10=00000074 x10:00000074
20226419ns          335030 1c008d38 ee873733 p.bclr           x14, x14, 23, 8     x14=00000000 x14:00000000
20226439ns          335031 1c008d3c 00d787b3 add              x15, x15, x13       x15=1a10f000 x15:00000000 x13:1a10f000
20226460ns          335032 1c008d3e 00a767a3 p.sw             x10, x0(x14)        x10:00000074 x14:00000000  PA:1a10f000
20226804ns          335049 1c008d42 00000513 addi             x10, x0, 0          x10=00000000
20226824ns          335050 1c008d44 00008067 jalr             x0, x1, 0            x1:1c008de0
20226864ns          335052 1c008de0 15f52063 p.beqimm         x10, 320            x10:00000000
20226885ns          335053 1c008de4 001a8a93 addi             x21, x21, 1         x21=00000018 x21:00000017
20226905ns          335054 1c008de6 00800d33 add              x26, x0, x8         x26=1c00099c  x8:1c00099c
20226925ns          335055 1c008de8 000d4503 lbu              x10, 0(x26)         x10=00000065 x26:1c00099c  PA:1c00099c
20227229ns          335070 1c008dec 001d0413 addi             x8, x26, 1           x8=1c00099d x26:1c00099c
20227249ns          335071 1c008df0 0c050b63 beq              x10, x0, 214        x10:00000065
20227269ns          335072 1c008df2 02500793 addi             x15, x0, 37         x15=00000025
20227289ns          335073 1c008df6 fef513e3 bne              x10, x15, -26       x10:00000065 x15:00000025
20227350ns          335076 1c008ddc 017005b3 add              x11, x0, x23        x11=00000002 x23:00000002
20227370ns          335077 1c008dde 000980e7 jalr             x1, x19, 0           x1=1c008de0 x19:1c008d20
20227411ns          335079 1c008d20 f14027f3 csrrs            x15, x0, 0xf14      x15=00000000
20227431ns          335080 1c008d24 1a10f6b7 lui              x13, 0x1a10f000     x13=1a10f000
20227451ns          335081 1c008d28 ca5797b3 p.extractu       x15, x15, 5, 5      x15=00000000 x15:00000000
20227472ns          335082 1c008d2c f1402773 csrrs            x14, x0, 0xf14      x14=00000000
20227492ns          335083 1c008d30 00779793 slli             x15, x15, 0x7       x15=00000000 x15:00000000
20227512ns          335084 1c008d32 00371713 slli             x14, x14, 0x3       x14=00000000 x14:00000000
20227532ns          335085 1c008d34 0ff57513 andi             x10, x10, 255       x10=00000065 x10:00000065
20227553ns          335086 1c008d38 ee873733 p.bclr           x14, x14, 23, 8     x14=00000000 x14:00000000
20227573ns          335087 1c008d3c 00d787b3 add              x15, x15, x13       x15=1a10f000 x15:00000000 x13:1a10f000
20227593ns          335088 1c008d3e 00a767a3 p.sw             x10, x0(x14)        x10:00000065 x14:00000000  PA:1a10f000
20227917ns          335104 1c008d42 00000513 addi             x10, x0, 0          x10=00000000
20227937ns          335105 1c008d44 00008067 jalr             x0, x1, 0            x1:1c008de0
20227978ns          335107 1c008de0 15f52063 p.beqimm         x10, 320            x10:00000000
20227998ns          335108 1c008de4 001a8a93 addi             x21, x21, 1         x21=00000019 x21:00000018
20228018ns          335109 1c008de6 00800d33 add              x26, x0, x8         x26=1c00099d  x8:1c00099d
20228038ns          335110 1c008de8 000d4503 lbu              x10, 0(x26)         x10=00000072 x26:1c00099d  PA:1c00099d
20228342ns          335125 1c008dec 001d0413 addi             x8, x26, 1           x8=1c00099e x26:1c00099d
20228362ns          335126 1c008df0 0c050b63 beq              x10, x0, 214        x10:00000072
20228382ns          335127 1c008df2 02500793 addi             x15, x0, 37         x15=00000025
20228403ns          335128 1c008df6 fef513e3 bne              x10, x15, -26       x10:00000072 x15:00000025
20228463ns          335131 1c008ddc 017005b3 add              x11, x0, x23        x11=00000002 x23:00000002
20228484ns          335132 1c008dde 000980e7 jalr             x1, x19, 0           x1=1c008de0 x19:1c008d20
20228524ns          335134 1c008d20 f14027f3 csrrs            x15, x0, 0xf14      x15=00000000
20228544ns          335135 1c008d24 1a10f6b7 lui              x13, 0x1a10f000     x13=1a10f000
20228565ns          335136 1c008d28 ca5797b3 p.extractu       x15, x15, 5, 5      x15=00000000 x15:00000000
20228585ns          335137 1c008d2c f1402773 csrrs            x14, x0, 0xf14      x14=00000000
20228605ns          335138 1c008d30 00779793 slli             x15, x15, 0x7       x15=00000000 x15:00000000
20228625ns          335139 1c008d32 00371713 slli             x14, x14, 0x3       x14=00000000 x14:00000000
20228646ns          335140 1c008d34 0ff57513 andi             x10, x10, 255       x10=00000072 x10:00000072
20228666ns          335141 1c008d38 ee873733 p.bclr           x14, x14, 23, 8     x14=00000000 x14:00000000
20228686ns          335142 1c008d3c 00d787b3 add              x15, x15, x13       x15=1a10f000 x15:00000000 x13:1a10f000
20228706ns          335143 1c008d3e 00a767a3 p.sw             x10, x0(x14)        x10:00000072 x14:00000000  PA:1a10f000
20229030ns          335159 1c008d42 00000513 addi             x10, x0, 0          x10=00000000
20229050ns          335160 1c008d44 00008067 jalr             x0, x1, 0            x1:1c008de0
20229091ns          335162 1c008de0 15f52063 p.beqimm         x10, 320            x10:00000000
20229111ns          335163 1c008de4 001a8a93 addi             x21, x21, 1         x21=0000001a x21:00000019
20229131ns          335164 1c008de6 00800d33 add              x26, x0, x8         x26=1c00099e  x8:1c00099e
20229152ns          335165 1c008de8 000d4503 lbu              x10, 0(x26)         x10=00000020 x26:1c00099e  PA:1c00099e
20229455ns          335180 1c008dec 001d0413 addi             x8, x26, 1           x8=1c00099f x26:1c00099e
20229475ns          335181 1c008df0 0c050b63 beq              x10, x0, 214        x10:00000020
20229496ns          335182 1c008df2 02500793 addi             x15, x0, 37         x15=00000025
20229516ns          335183 1c008df6 fef513e3 bne              x10, x15, -26       x10:00000020 x15:00000025
20229577ns          335186 1c008ddc 017005b3 add              x11, x0, x23        x11=00000002 x23:00000002
20229597ns          335187 1c008dde 000980e7 jalr             x1, x19, 0           x1=1c008de0 x19:1c008d20
20229637ns          335189 1c008d20 f14027f3 csrrs            x15, x0, 0xf14      x15=00000000
20229658ns          335190 1c008d24 1a10f6b7 lui              x13, 0x1a10f000     x13=1a10f000
20229678ns          335191 1c008d28 ca5797b3 p.extractu       x15, x15, 5, 5      x15=00000000 x15:00000000
20229698ns          335192 1c008d2c f1402773 csrrs            x14, x0, 0xf14      x14=00000000
20229718ns          335193 1c008d30 00779793 slli             x15, x15, 0x7       x15=00000000 x15:00000000
20229738ns          335194 1c008d32 00371713 slli             x14, x14, 0x3       x14=00000000 x14:00000000
20229759ns          335195 1c008d34 0ff57513 andi             x10, x10, 255       x10=00000020 x10:00000020
20229779ns          335196 1c008d38 ee873733 p.bclr           x14, x14, 23, 8     x14=00000000 x14:00000000
20229799ns          335197 1c008d3c 00d787b3 add              x15, x15, x13       x15=1a10f000 x15:00000000 x13:1a10f000
20229819ns          335198 1c008d3e 00a767a3 p.sw             x10, x0(x14)        x10:00000020 x14:00000000  PA:1a10f000
20230164ns          335215 1c008d42 00000513 addi             x10, x0, 0          x10=00000000
20230184ns          335216 1c008d44 00008067 jalr             x0, x1, 0            x1:1c008de0
20230224ns          335218 1c008de0 15f52063 p.beqimm         x10, 320            x10:00000000
20230244ns          335219 1c008de4 001a8a93 addi             x21, x21, 1         x21=0000001b x21:0000001a
20230265ns          335220 1c008de6 00800d33 add              x26, x0, x8         x26=1c00099f  x8:1c00099f
20230285ns          335221 1c008de8 000d4503 lbu              x10, 0(x26)         x10=00000025 x26:1c00099f  PA:1c00099f
20230710ns          335242 1c008dec 001d0413 addi             x8, x26, 1           x8=1c0009a0 x26:1c00099f
20230730ns          335243 1c008df0 0c050b63 beq              x10, x0, 214        x10:00000025
20230750ns          335244 1c008df2 02500793 addi             x15, x0, 37         x15=00000025
20230771ns          335245 1c008df6 fef513e3 bne              x10, x15, -26       x10:00000025 x15:00000025
20230791ns          335246 1c008dfa 00012a23 sw               x0, 20(x2)           x2:10000728  PA:1000073c
20230811ns          335247 1c008dfc 00012823 sw               x0, 16(x2)           x2:10000728  PA:10000738
20230831ns          335248 1c008dfe 00012623 sw               x0, 12(x2)           x2:10000728  PA:10000734
20230852ns          335249 1c008e00 00012423 sw               x0, 8(x2)            x2:10000728  PA:10000730
20230872ns          335250 1c008e02 00012223 sw               x0, 4(x2)            x2:10000728  PA:1000072c
20230892ns          335251 1c008e04 02300493 addi             x9, x0, 35           x9=00000023
20230912ns          335252 1c008e08 02d00b13 addi             x22, x0, 45         x22=0000002d
20230933ns          335253 1c008e0c 00044c83 lbu              x25, 0(x8)          x25=00000064  x8:1c0009a0  PA:1c0009a0
20231256ns          335269 1c008e10 00140913 addi             x18, x8, 1          x18=1c0009a1  x8:1c0009a0
20231277ns          335270 1c008e14 019005b3 add              x11, x0, x25        x11=00000064 x25:00000064
20231297ns          335271 1c008e16 9d0c0513 addi             x10, x24, -1584     x10=1c0009d0 x24:1c001000
20231317ns          335272 1c008e1a 01200d33 add              x26, x0, x18        x26=1c0009a1 x18:1c0009a1
20231337ns          335273 1c008e1c 01900db3 add              x27, x0, x25        x27=00000064 x25:00000064
20231358ns          335274 1c008e1e e89ff0ef jal              x1, -376             x1=1c008e20
20231823ns          335297 1c008ca6 00054783 lbu              x15, 0(x10)         x15=0000002d x10:1c0009d0  PA:1c0009d0
20232127ns          335312 1c008caa 0ff5f593 andi             x11, x11, 255       x11=00000064 x11:00000064
20232147ns          335313 1c008cae 00b78c63 beq              x15, x11, 24        x15:0000002d x11:00000064
20232167ns          335314 1c008cb2 00078b63 beq              x15, x0, 22         x15:0000002d
20232188ns          335315 1c008cb4 00150793 addi             x15, x10, 1         x15=1c0009d1 x10:1c0009d0
20232208ns          335316 1c008cb8 0040006f jal              x0, 4              
20232248ns          335318 1c008cbc 00f00533 add              x10, x0, x15        x10=1c0009d1 x15:1c0009d1
20232653ns          335338 1c008cbe 0017c70b p.lbu            x14, 1(x15!)        x14=0000002b x15=1c0009d2 x15:1c0009d1  PA:1c0009d1
20232997ns          335355 1c008cc2 feb71ce3 bne              x14, x11, -8        x14:0000002b x11:00000064
20233058ns          335358 1c008cba 00070763 beq              x14, x0, 14         x14:0000002b
20233078ns          335359 1c008cbc 00f00533 add              x10, x0, x15        x10=1c0009d2 x15:1c0009d2
20233098ns          335360 1c008cbe 0017c70b p.lbu            x14, 1(x15!)        x14=00000020 x15=1c0009d3 x15:1c0009d2  PA:1c0009d2
20233422ns          335376 1c008cc2 feb71ce3 bne              x14, x11, -8        x14:00000020 x11:00000064
20233483ns          335379 1c008cba 00070763 beq              x14, x0, 14         x14:00000020
20233503ns          335380 1c008cbc 00f00533 add              x10, x0, x15        x10=1c0009d3 x15:1c0009d3
20233523ns          335381 1c008cbe 0017c70b p.lbu            x14, 1(x15!)        x14=00000023 x15=1c0009d4 x15:1c0009d3  PA:1c0009d3
20233847ns          335397 1c008cc2 feb71ce3 bne              x14, x11, -8        x14:00000023 x11:00000064
20233908ns          335400 1c008cba 00070763 beq              x14, x0, 14         x14:00000023
20233928ns          335401 1c008cbc 00f00533 add              x10, x0, x15        x10=1c0009d4 x15:1c0009d4
20233948ns          335402 1c008cbe 0017c70b p.lbu            x14, 1(x15!)        x14=00000030 x15=1c0009d5 x15:1c0009d4  PA:1c0009d4
20234272ns          335418 1c008cc2 feb71ce3 bne              x14, x11, -8        x14:00000030 x11:00000064
20234333ns          335421 1c008cba 00070763 beq              x14, x0, 14         x14:00000030
20234353ns          335422 1c008cbc 00f00533 add              x10, x0, x15        x10=1c0009d5 x15:1c0009d5
20234373ns          335423 1c008cbe 0017c70b p.lbu            x14, 1(x15!)        x14=00000000 x15=1c0009d6 x15:1c0009d5  PA:1c0009d5
20234697ns          335439 1c008cc2 feb71ce3 bne              x14, x11, -8        x14:00000000 x11:00000064
20234758ns          335442 1c008cba 00070763 beq              x14, x0, 14         x14:00000000
20234819ns          335445 1c008cc8 0015b593 sltiu            x11, x11, 1         x11=00000000 x11:00000064
20234839ns          335446 1c008ccc 40b005b3 sub              x11, x0, x11        x11=00000000 x11:00000000
20234859ns          335447 1c008cd0 00b57533 and              x10, x10, x11       x10=00000000 x10:1c0009d5 x11:00000000
20234879ns          335448 1c008cd2 00008067 jalr             x0, x1, 0            x1:1c008e20
20234920ns          335450 1c008e20 02050b63 beq              x10, x0, 54         x10:00000000
20235365ns          335472 1c008e56 02a00693 addi             x13, x0, 42         x13=0000002a
20235385ns          335473 1c008e5a 2edc8263 beq              x25, x13, 740       x25:00000064 x13:0000002a
20235770ns          335492 1c008e5e fd0c8693 addi             x13, x25, -48       x13=00000034 x25:00000064
20235790ns          335493 1c008e62 00900593 addi             x11, x0, 9          x11=00000009
20235810ns          335494 1c008e64 00000b13 addi             x22, x0, 0          x22=00000000
20235831ns          335495 1c008e66 0cd5fd63 bgeu             x11, x13, 218       x11:00000009 x13:00000034
20235851ns          335496 1c008e6a 02e00793 addi             x15, x0, 46         x15=0000002e
20236276ns          335517 1c008e6e 28fd8663 beq              x27, x15, 652       x27:00000064 x15:0000002e
20236296ns          335518 1c008e72 01b00433 add              x8, x0, x27          x8=00000064 x27:00000064
20236316ns          335519 1c008e74 fff00493 addi             x9, x0, -1           x9=ffffffff
20236337ns          335520 1c008e76 1c001737 lui              x14, 0x1c001000     x14=1c001000
20236357ns          335521 1c008e7a 01b005b3 add              x11, x0, x27        x11=00000064 x27:00000064
20236377ns          335522 1c008e7c 9d870513 addi             x10, x14, -1576     x10=1c0009d8 x14:1c001000
20236681ns          335537 1c008e80 e27ff0ef jal              x1, -474             x1=1c008e82
20236742ns          335540 1c008ca6 00054783 lbu              x15, 0(x10)         x15=00000068 x10:1c0009d8  PA:1c0009d8
20237045ns          335555 1c008caa 0ff5f593 andi             x11, x11, 255       x11=00000064 x11:00000064
20237065ns          335556 1c008cae 00b78c63 beq              x15, x11, 24        x15:00000068 x11:00000064
20237086ns          335557 1c008cb2 00078b63 beq              x15, x0, 22         x15:00000068
20237106ns          335558 1c008cb4 00150793 addi             x15, x10, 1         x15=1c0009d9 x10:1c0009d8
20237126ns          335559 1c008cb8 0040006f jal              x0, 4              
20237167ns          335561 1c008cbc 00f00533 add              x10, x0, x15        x10=1c0009d9 x15:1c0009d9
20237187ns          335562 1c008cbe 0017c70b p.lbu            x14, 1(x15!)        x14=0000006c x15=1c0009da x15:1c0009d9  PA:1c0009d9
20237511ns          335578 1c008cc2 feb71ce3 bne              x14, x11, -8        x14:0000006c x11:00000064
20237571ns          335581 1c008cba 00070763 beq              x14, x0, 14         x14:0000006c
20237592ns          335582 1c008cbc 00f00533 add              x10, x0, x15        x10=1c0009da x15:1c0009da
20237612ns          335583 1c008cbe 0017c70b p.lbu            x14, 1(x15!)        x14=0000007a x15=1c0009db x15:1c0009da  PA:1c0009da
20237936ns          335599 1c008cc2 feb71ce3 bne              x14, x11, -8        x14:0000007a x11:00000064
20237996ns          335602 1c008cba 00070763 beq              x14, x0, 14         x14:0000007a
20238017ns          335603 1c008cbc 00f00533 add              x10, x0, x15        x10=1c0009db x15:1c0009db
20238037ns          335604 1c008cbe 0017c70b p.lbu            x14, 1(x15!)        x14=00000000 x15=1c0009dc x15:1c0009db  PA:1c0009db
20238361ns          335620 1c008cc2 feb71ce3 bne              x14, x11, -8        x14:00000000 x11:00000064
20238421ns          335623 1c008cba 00070763 beq              x14, x0, 14         x14:00000000
20238482ns          335626 1c008cc8 0015b593 sltiu            x11, x11, 1         x11=00000000 x11:00000064
20238502ns          335627 1c008ccc 40b005b3 sub              x11, x0, x11        x11=00000000 x11:00000000
20238523ns          335628 1c008cd0 00b57533 and              x10, x10, x11       x10=00000000 x10:1c0009db x11:00000000
20238543ns          335629 1c008cd2 00008067 jalr             x0, x1, 0            x1:1c008e82
20238583ns          335631 1c008e82 00000793 addi             x15, x0, 0          x15=00000000
20238604ns          335632 1c008e84 00050f63 beq              x10, x0, 30         x10:00000000
20239069ns          335655 1c008ea2 06700693 addi             x13, x0, 103        x13=00000067
20239089ns          335656 1c008ea6 0bb6ee63 bltu             x13, x27, 188       x13:00000067 x27:00000064
20239110ns          335657 1c008eaa 06500693 addi             x13, x0, 101        x13=00000065
20239616ns          335682 1c008eae 3addf2e3 bgeu             x27, x13, 2980      x27:00000064 x13:00000065
20239656ns          335684 1c008eb2 04700693 addi             x13, x0, 71         x13=00000047
20239676ns          335685 1c008eb6 39b6ed63 bltu             x13, x27, 922       x13:00000047 x27:00000064
20240486ns          335725 1c009250 06300693 addi             x13, x0, 99         x13=00000063
20240526ns          335727 1c009254 70dd8c63 beq              x27, x13, 1816      x27:00000064 x13:00000063
20240547ns          335728 1c009258 d3b6e5e3 bltu             x13, x27, -726      x13:00000063 x27:00000064
20241376ns          335769 1c008f82 06c00693 addi             x13, x0, 108        x13=0000006c
20241397ns          335770 1c008f86 00d78a63 beq              x15, x13, 20        x15:00000000 x13:0000006c
20241417ns          335771 1c008f8a 07a00693 addi             x13, x0, 122        x13=0000007a
20241822ns          335791 1c008f8e 00d78663 beq              x15, x13, 12        x15:00000000 x13:0000007a
20241862ns          335793 1c008f92 04c00693 addi             x13, x0, 76         x13=0000004c
20241882ns          335794 1c008f96 5ed78de3 beq              x15, x13, 3578      x15:00000000 x13:0000004c
20241903ns          335795 1c008f9a 000a2783 lw               x15, 0(x20)         x15=00000000 x20:100007cc  PA:100007cc
20241923ns          335796 1c008f9e 004a0a13 addi             x20, x20, 4         x20=100007d0 x20:100007cc
20242308ns          335815 1c008fa0 41f7d713 srai             x14, x15, 0x41f     x14=00000000 x15:00000000
20242348ns          335817 1c008fa4 01412e23 sw               x20, 28(x2)         x20:100007d0  x2:10000728  PA:10000744
20242368ns          335818 1c008fa6 00e12223 sw               x14, 4(x2)          x14:00000000  x2:10000728  PA:1000072c
20242388ns          335819 1c008fa8 4e0741e3 blt              x14, x0, 3298       x14:00000000
20242409ns          335820 1c008fac 00c12703 lw               x14, 12(x2)         x14=00000000  x2:10000728  PA:10000734
20242894ns          335844 1c008fae 440709e3 beq              x14, x0, 3154       x14:00000000
20243239ns          335861 1c009c00 01012703 lw               x14, 16(x2)         x14=00000000  x2:10000728  PA:10000738
20243279ns          335863 1c009c02 22070063 beq              x14, x0, 544        x14:00000000
20243724ns          335885 1c009e22 00412c83 lw               x25, 4(x2)          x25=00000000  x2:10000728  PA:1000072c
20243765ns          335887 1c009e24 02410a13 addi             x20, x2, 36         x20=1000074c  x2:10000728
20243785ns          335888 1c009e28 998ff06f jal              x0, -3688          
20244311ns          335914 1c008fc0 00f00433 add              x8, x0, x15          x8=00000000 x15:00000000
20244332ns          335915 1c008fc2 01400db3 add              x27, x0, x20        x27=1000074c x20:1000074c
20244352ns          335916 1c008fc4 0040006f jal              x0, 4              
20244392ns          335918 1c008fc8 00a00613 addi             x12, x0, 10         x12=0000000a
20244412ns          335919 1c008fca 00000693 addi             x13, x0, 0          x13=00000000
20244433ns          335920 1c008fcc 00800533 add              x10, x0, x8         x10=00000000  x8:00000000
20244453ns          335921 1c008fce 019005b3 add              x11, x0, x25        x11=00000000 x25:00000000
20244777ns          335937 1c008fd0 c2aff0ef jal              x1, -3030            x1=1c008fd4
20245222ns          335959 1c0083fa 00c008b3 add              x17, x0, x12        x17=0000000a x12:0000000a
20245263ns          335961 1c0083fc 00d00733 add              x14, x0, x13        x14=00000000 x13:00000000
20245283ns          335962 1c0083fe 00a007b3 add              x15, x0, x10        x15=00000000 x10:00000000
20245586ns          335977 1c008400 00b00833 add              x16, x0, x11        x16=00000000 x11:00000000
20245627ns          335979 1c008402 1c069863 bne              x13, x0, 464        x13:00000000
20245647ns          335980 1c008406 1c0016b7 lui              x13, 0x1c001000     x13=1c001000
20245667ns          335981 1c00840a 86868693 addi             x13, x13, -1944     x13=1c000868 x13:1c001000
20246072ns          336001 1c00840e 0ac5f863 bgeu             x11, x12, 176       x11:00000000 x12:0000000a
20246092ns          336002 1c008412 00010337 lui              x6, 0x10000          x6=00010000
20246113ns          336003 1c008414 08667e63 bgeu             x12, x6, 156        x12:0000000a  x6:00010000
20246133ns          336004 1c008418 0ff00313 addi             x6, x0, 255          x6=000000ff
20246153ns          336005 1c00841c 00c37363 bgeu             x6, x12, 6           x6:000000ff x12:0000000a
20246619ns          336028 1c008422 00e65333 srl              x6, x12, x14         x6=0000000a x12:0000000a x14:00000000
20246639ns          336029 1c008426 006686b3 add              x13, x13, x6        x13=1c000872 x13:1c000868  x6:0000000a
20246659ns          336030 1c008428 0006ce03 lbu              x28, 0(x13)         x28=00000004 x13:1c000872  PA:1c000872
20247064ns          336050 1c00842c 02000313 addi             x6, x0, 32           x6=00000020
20247165ns          336055 1c008430 00ee0e33 add              x28, x28, x14       x28=00000004 x28:00000004 x14:00000000
20247206ns          336057 1c008432 41c30333 sub              x6, x6, x28          x6=0000001c  x6:00000020 x28:00000004
20247226ns          336058 1c008436 00030c63 beq              x6, x0, 24           x6:0000001c
20247246ns          336059 1c00843a 006595b3 sll              x11, x11, x6        x11=00000000 x11:00000000  x6:0000001c
20247631ns          336078 1c00843e 01c55e33 srl              x28, x10, x28       x28=00000000 x10:00000000 x28:00000004
20247671ns          336080 1c008442 006618b3 sll              x17, x12, x6        x17=a0000000 x12:0000000a  x6:0000001c
20247691ns          336081 1c008446 00be6833 or               x16, x28, x11       x16=00000000 x28:00000000 x11:00000000
20247712ns          336082 1c00844a 006517b3 sll              x15, x10, x6        x15=00000000 x10:00000000  x6:0000001c
20248076ns          336100 1c00844e 0108d613 srli             x12, x17, 0x10      x12=0000a000 x17:a0000000
20248116ns          336102 1c008452 02c87733 remu             x14, x16, x12       x14=00000000 x16:00000000 x12:0000a000
20248501ns          336121 1c008456 02c85833 divu             x16, x16, x12       x16=00000000 x16:00000000 x12:0000a000
20248886ns          336140 1c00845a 01089513 slli             x10, x17, 0x10      x10=00000000 x17:a0000000
20248906ns          336141 1c00845e 01055513 srli             x10, x10, 0x10      x10=00000000 x10:00000000
20248926ns          336142 1c008460 01071713 slli             x14, x14, 0x10      x14=00000000 x14:00000000
20248946ns          336143 1c008462 0107d693 srli             x13, x15, 0x10      x13=00000000 x15:00000000
20248966ns          336144 1c008466 03050833 mul              x16, x10, x16       x16=00000000 x10:00000000 x16:00000000
20248987ns          336145 1c00846a 00e6e6b3 or               x13, x13, x14       x13=00000000 x13:00000000 x14:00000000
20249007ns          336146 1c00846c 0106f863 bgeu             x13, x16, 16        x13:00000000 x16:00000000
20249452ns          336168 1c00847c 410686b3 sub              x13, x13, x16       x13=00000000 x13:00000000 x16:00000000
20249776ns          336184 1c008480 02c6f733 remu             x14, x13, x12       x14=00000000 x13:00000000 x12:0000a000
20250181ns          336204 1c008484 02c6d6b3 divu             x13, x13, x12       x13=00000000 x13:00000000 x12:0000a000
20250565ns          336223 1c008488 01079793 slli             x15, x15, 0x10      x15=00000000 x15:00000000
20250586ns          336224 1c00848a 02d506b3 mul              x13, x10, x13       x13=00000000 x10:00000000 x13:00000000
20250606ns          336225 1c00848e 0107d793 srli             x15, x15, 0x10      x15=00000000 x15:00000000
20250626ns          336226 1c008490 01071513 slli             x10, x14, 0x10      x10=00000000 x14:00000000
20250646ns          336227 1c008494 00a7e7b3 or               x15, x15, x10       x15=00000000 x15:00000000 x10:00000000
20250667ns          336228 1c008496 00d7f863 bgeu             x15, x13, 16        x15:00000000 x13:00000000
20251112ns          336250 1c0084a6 40d787b3 sub              x15, x15, x13       x15=00000000 x15:00000000 x13:00000000
20251132ns          336251 1c0084a8 0067d533 srl              x10, x15, x6        x10=00000000 x15:00000000  x6:0000001c
20251152ns          336252 1c0084ac 00000593 addi             x11, x0, 0          x11=00000000
20251173ns          336253 1c0084ae 00008067 jalr             x0, x1, 0            x1:1c008fd4
20251699ns          336279 1c008fd4 00a00933 add              x18, x0, x10        x18=00000000 x10:00000000
20251719ns          336280 1c008fd6 019005b3 add              x11, x0, x25        x11=00000000 x25:00000000
20251739ns          336281 1c008fd8 00800533 add              x10, x0, x8         x10=00000000  x8:00000000
20251760ns          336282 1c008fda 00a00613 addi             x12, x0, 10         x12=0000000a
20251780ns          336283 1c008fdc 00000693 addi             x13, x0, 0          x13=00000000
20252104ns          336299 1c008fde 8beff0ef jal              x1, -3906            x1=1c008fe2
20252144ns          336301 1c00809c 00b007b3 add              x15, x0, x11        x15=00000000 x11:00000000
20252164ns          336302 1c00809e 00c00833 add              x16, x0, x12        x16=0000000a x12:0000000a
20252488ns          336318 1c0080a0 00d008b3 add              x17, x0, x13        x17=00000000 x13:00000000
20252508ns          336319 1c0080a2 00a00333 add              x6, x0, x10          x6=00000000 x10:00000000
20252529ns          336320 1c0080a4 20069663 bne              x13, x0, 524        x13:00000000
20252549ns          336321 1c0080a8 1c001737 lui              x14, 0x1c001000     x14=1c001000
20252569ns          336322 1c0080ac 86870713 addi             x14, x14, -1944     x14=1c000868 x14:1c001000
20253075ns          336347 1c0080b0 0ac5fe63 bgeu             x11, x12, 188       x11:00000000 x12:0000000a
20253116ns          336349 1c0080b4 000106b7 lui              x13, 0x10000        x13=00010000
20253136ns          336350 1c0080b6 0ad67463 bgeu             x12, x13, 168       x12:0000000a x13:00010000
20253156ns          336351 1c0080ba 0ff00693 addi             x13, x0, 255        x13=000000ff
20253561ns          336371 1c0080be 00c6b6b3 sltu             x13, x13, x12       x13=00000000 x13:000000ff x12:0000000a
20253581ns          336372 1c0080c2 00369693 slli             x13, x13, 0x3       x13=00000000 x13:00000000
20253601ns          336373 1c0080c4 00d658b3 srl              x17, x12, x13       x17=0000000a x12:0000000a x13:00000000
20253622ns          336374 1c0080c8 01170733 add              x14, x14, x17       x14=1c000872 x14:1c000868 x17:0000000a
20253642ns          336375 1c0080ca 00074703 lbu              x14, 0(x14)         x14=00000004 x14:1c000872  PA:1c000872
20254168ns          336401 1c0080ce 00e686b3 add              x13, x13, x14       x13=00000004 x13:00000000 x14:00000004
20254188ns          336402 1c0080d0 02000713 addi             x14, x0, 32         x14=00000020
20254209ns          336403 1c0080d4 40d70733 sub              x14, x14, x13       x14=0000001c x14:00000020 x13:00000004
20254229ns          336404 1c0080d6 00070b63 beq              x14, x0, 22         x14:0000001c
20254249ns          336405 1c0080d8 00e797b3 sll              x15, x15, x14       x15=00000000 x15:00000000 x14:0000001c
20254269ns          336406 1c0080dc 00d556b3 srl              x13, x10, x13       x13=00000000 x10:00000000 x13:00000004
20254492ns          336417 1c0080e0 00e61833 sll              x16, x12, x14       x16=a0000000 x12:0000000a x14:0000001c
20254532ns          336419 1c0080e4 00f6e5b3 or               x11, x13, x15       x11=00000000 x13:00000000 x15:00000000
20254553ns          336420 1c0080e8 00e51333 sll              x6, x10, x14         x6=00000000 x10:00000000 x14:0000001c
20254573ns          336421 1c0080ec 01085513 srli             x10, x16, 0x10      x10=0000a000 x16:a0000000
20254998ns          336442 1c0080f0 02a5f733 remu             x14, x11, x10       x14=00000000 x11:00000000 x10:0000a000
20255403ns          336462 1c0080f4 02a5d7b3 divu             x15, x11, x10       x15=00000000 x11:00000000 x10:0000a000
20255787ns          336481 1c0080f8 01081613 slli             x12, x16, 0x10      x12=00000000 x16:a0000000
20255808ns          336482 1c0080fc 01071713 slli             x14, x14, 0x10      x14=00000000 x14:00000000
20255828ns          336483 1c0080fe 01065613 srli             x12, x12, 0x10      x12=00000000 x12:00000000
20255848ns          336484 1c008100 01035693 srli             x13, x6, 0x10       x13=00000000  x6:00000000
20255868ns          336485 1c008104 00e6e6b3 or               x13, x13, x14       x13=00000000 x13:00000000 x14:00000000
20255889ns          336486 1c008106 02f605b3 mul              x11, x12, x15       x11=00000000 x12:00000000 x15:00000000
20255909ns          336487 1c00810a 00f00733 add              x14, x0, x15        x14=00000000 x15:00000000
20255929ns          336488 1c00810c 00b6fc63 bgeu             x13, x11, 24        x13:00000000 x11:00000000
20256637ns          336523 1c008124 40b686b3 sub              x13, x13, x11       x13=00000000 x13:00000000 x11:00000000
20256678ns          336525 1c008126 02a6f7b3 remu             x15, x13, x10       x15=00000000 x13:00000000 x10:0000a000
20257062ns          336544 1c00812a 02a6d6b3 divu             x13, x13, x10       x13=00000000 x13:00000000 x10:0000a000
20257447ns          336563 1c00812e 01031313 slli             x6, x6, 0x10         x6=00000000  x6:00000000
20257467ns          336564 1c008130 01079793 slli             x15, x15, 0x10      x15=00000000 x15:00000000
20257488ns          336565 1c008132 01035313 srli             x6, x6, 0x10         x6=00000000  x6:00000000
20257508ns          336566 1c008136 02d605b3 mul              x11, x12, x13       x11=00000000 x12:00000000 x13:00000000
20257528ns          336567 1c00813a 0067e333 or               x6, x15, x6          x6=00000000 x15:00000000  x6:00000000
20257548ns          336568 1c00813e 00d00533 add              x10, x0, x13        x10=00000000 x13:00000000
20258034ns          336592 1c008140 00b37b63 bgeu             x6, x11, 22          x6:00000000 x11:00000000
20258439ns          336612 1c008156 01071713 slli             x14, x14, 0x10      x14=00000000 x14:00000000
20258479ns          336614 1c008158 00a76733 or               x14, x14, x10       x14=00000000 x14:00000000 x10:00000000
20258500ns          336615 1c00815a 00000593 addi             x11, x0, 0          x11=00000000
20258520ns          336616 1c00815c 0b20006f jal              x0, 178            
20259269ns          336653 1c00820e 00e00533 add              x10, x0, x14        x10=00000000 x14:00000000
20259694ns          336674 1c008210 00008067 jalr             x0, x1, 0            x1:1c008fe2
20259815ns          336680 1c008fe2 03090913 addi             x18, x18, 48        x18=00000030 x18:00000000
20259835ns          336681 1c008fe6 012d8023 sb               x18, 0(x27)         x18:00000030 x27:1000074c  PA:1000074c
20259856ns          336682 1c008fea 00a5e7b3 or               x15, x11, x10       x15=00000000 x11:00000000 x10:00000000
20260341ns          336706 1c008fee 001d8913 addi             x18, x27, 1         x18=1000074d x27:1000074c
20260362ns          336707 1c008ff2 00a00433 add              x8, x0, x10          x8=00000000 x10:00000000
20260382ns          336708 1c008ff4 00b00cb3 add              x25, x0, x11        x25=00000000 x11:00000000
20260402ns          336709 1c008ff6 fc0798e3 bne              x15, x0, -48        x15:00000000
20260422ns          336710 1c008ff8 00090023 sb               x0, 0(x18)          x18:1000074d  PA:1000074d
20260443ns          336711 1c008ffc 01ba7d63 bgeu             x20, x27, 26        x20:1000074c x27:1000074c
20261171ns          336747 1c009016 00012783 lw               x15, 0(x2)          x15=1000074c  x2:10000728  PA:10000728
20261212ns          336749 1c009018 00c12703 lw               x14, 12(x2)         x14=00000000  x2:10000728  PA:10000734
20261232ns          336750 1c00901a 40f90933 sub              x18, x18, x15       x18=00000001 x18:1000074d x15:1000074c
20261637ns          336770 1c00901e 3c071de3 bne              x14, x0, 3034       x14:00000000
20261657ns          336771 1c009022 01012783 lw               x15, 16(x2)         x15=00000000  x2:10000728  PA:10000738
20261697ns          336773 1c009024 3c079ae3 bne              x15, x0, 3028       x15:00000000
20261718ns          336774 1c009028 00412703 lw               x14, 4(x2)          x14=00000000  x2:10000728  PA:1000072c
20261758ns          336776 1c00902a 01f75713 srli             x14, x14, 0x1f      x14=00000000 x14:00000000
20261778ns          336777 1c00902c 00e12223 sw               x14, 4(x2)          x14:00000000  x2:10000728  PA:1000072c
20262224ns          336799 1c00902e 3404c463 blt              x9, x0, 840          x9:ffffffff
20262649ns          336820 1c009376 00000c93 addi             x25, x0, 0          x25=00000000
20262689ns          336822 1c009378 00012c23 sw               x0, 24(x2)           x2:10000728  PA:10000740
20262709ns          336823 1c00937a 00000a13 addi             x20, x0, 0          x20=00000000
20262730ns          336824 1c00937c 01412783 lw               x15, 20(x2)         x15=00000000  x2:10000728  PA:1000073c
20263033ns          336839 1c00937e 5e078163 beq              x15, x0, 1506       x15:00000000
20263539ns          336864 1c009960 412b0b33 sub              x22, x22, x18       x22=ffffffff x22:00000000 x18:00000001
20263580ns          336866 1c009964 02410413 addi             x8, x2, 36           x8=1000074c  x2:10000728
20263600ns          336867 1c009966 00000493 addi             x9, x0, 0            x9=00000000
20263620ns          336868 1c009968 ee6ff06f jal              x0, -2330          
20264491ns          336911 1c00904e 00812703 lw               x14, 8(x2)          x14=00000000  x2:10000728  PA:10000730
20264875ns          336930 1c009050 02071063 bne              x14, x0, 32         x14:00000000
20264916ns          336932 1c009052 01605f63 bge              x0, x22, 30         x22:ffffffff
20265381ns          336955 1c009070 00412783 lw               x15, 4(x2)          x15=00000000  x2:10000728  PA:1000072c
20265422ns          336957 1c009072 00f40db3 add              x27, x8, x15        x27=1000074c  x8:1000074c x15:00000000
20265442ns          336958 1c009076 00c0006f jal              x0, 12             
20265786ns          336975 1c009082 017005b3 add              x11, x0, x23        x11=00000002 x23:00000002
20265826ns          336977 1c009084 ffb41ae3 bne              x8, x27, -12         x8:1000074c x27:1000074c
20265847ns          336978 1c009088 00900db3 add              x27, x0, x9         x27=00000000  x9:00000000
20265867ns          336979 1c00908a 0080006f jal              x0, 8              
20266312ns          337001 1c009092 fffd8d93 addi             x27, x27, -1        x27=ffffffff x27:00000000
20266332ns          337002 1c009094 017005b3 add              x11, x0, x23        x11=00000002 x23:00000002
20266353ns          337003 1c009096 03000513 addi             x10, x0, 48         x10=00000030
20266373ns          337004 1c00909a fffdb9e3 p.bneimm         x27, -14            x27:ffffffff
20266393ns          337005 1c00909e 00412703 lw               x14, 4(x2)          x14=00000000  x2:10000728  PA:1000072c
20266778ns          337024 1c0090a0 40e90933 sub              x18, x18, x14       x18=00000001 x18:00000001 x14:00000000
20266818ns          337026 1c0090a4 01212423 sw               x18, 8(x2)          x18:00000001  x2:10000728  PA:10000730
20266838ns          337027 1c0090a6 e40a15e3 bne              x20, x0, -438       x20:00000000
20266859ns          337028 1c0090aa 01812783 lw               x15, 24(x2)         x15=00000000  x2:10000728  PA:10000740
20266899ns          337030 1c0090ac 16079763 bne              x15, x0, 366        x15:00000000
20267365ns          337053 1c0090b0 120c8863 beq              x25, x0, 304        x25:00000000
20267769ns          337073 1c0091e0 017005b3 add              x11, x0, x23        x11=00000002 x23:00000002
20267810ns          337075 1c0091e2 ff2049e3 blt              x0, x18, -14        x18:00000001
20268255ns          337097 1c0091d4 0014450b p.lbu            x10, 1(x8!)         x10=00000030  x8=1000074d  x8:1000074c  PA:1000074c
20268296ns          337099 1c0091d8 fff90913 addi             x18, x18, -1        x18=00000000 x18:00000001
20268316ns          337100 1c0091da 000980e7 jalr             x1, x19, 0           x1=1c0091dc x19:1c008d20
20268397ns          337104 1c008d20 f14027f3 csrrs            x15, x0, 0xf14      x15=00000000
20268437ns          337106 1c008d24 1a10f6b7 lui              x13, 0x1a10f000     x13=1a10f000
20268458ns          337107 1c008d28 ca5797b3 p.extractu       x15, x15, 5, 5      x15=00000000 x15:00000000
20268478ns          337108 1c008d2c f1402773 csrrs            x14, x0, 0xf14      x14=00000000
20268923ns          337130 1c008d30 00779793 slli             x15, x15, 0x7       x15=00000000 x15:00000000
20268943ns          337131 1c008d32 00371713 slli             x14, x14, 0x3       x14=00000000 x14:00000000
20268964ns          337132 1c008d34 0ff57513 andi             x10, x10, 255       x10=00000030 x10:00000030
20268984ns          337133 1c008d38 ee873733 p.bclr           x14, x14, 23, 8     x14=00000000 x14:00000000
20269004ns          337134 1c008d3c 00d787b3 add              x15, x15, x13       x15=1a10f000 x15:00000000 x13:1a10f000
20269409ns          337154 1c008d3e 00a767a3 p.sw             x10, x0(x14)        x10:00000030 x14:00000000  PA:1a10f000
20270117ns          337189 1c008d42 00000513 addi             x10, x0, 0          x10=00000000
20270138ns          337190 1c008d44 00008067 jalr             x0, x1, 0            x1:1c0091dc
20270178ns          337192 1c0091dc d5f522e3 p.beqimm         x10, -700           x10:00000000
20270198ns          337193 1c0091e0 017005b3 add              x11, x0, x23        x11=00000002 x23:00000002
20270218ns          337194 1c0091e2 ff2049e3 blt              x0, x18, -14        x18:00000000
20270239ns          337195 1c0091e6 00412783 lw               x15, 4(x2)          x15=00000000  x2:10000728  PA:1000072c
20270259ns          337196 1c0091e8 01c12a03 lw               x20, 28(x2)         x20=100007d0  x2:10000728  PA:10000744
20270279ns          337197 1c0091ea 00fa8733 add              x14, x21, x15       x14=0000001b x21:0000001b x15:00000000
20270299ns          337198 1c0091ee 00812783 lw               x15, 8(x2)          x15=00000001  x2:10000728  PA:10000730
20270320ns          337199 1c0091f0 00970733 add              x14, x14, x9        x14=0000001b x14:0000001b  x9:00000000
20270360ns          337201 1c0091f2 00e78ab3 add              x21, x15, x14       x21=0000001c x15:00000001 x14:0000001b
20270380ns          337202 1c0091f6 bf6059e3 bge              x0, x22, -1038      x22:ffffffff
20270805ns          337223 1c008de8 000d4503 lbu              x10, 0(x26)         x10=00000020 x26:1c0009a1  PA:1c0009a1
20271129ns          337239 1c008dec 001d0413 addi             x8, x26, 1           x8=1c0009a2 x26:1c0009a1
20271150ns          337240 1c008df0 0c050b63 beq              x10, x0, 214        x10:00000020
20271170ns          337241 1c008df2 02500793 addi             x15, x0, 37         x15=00000025
20271190ns          337242 1c008df6 fef513e3 bne              x10, x15, -26       x10:00000020 x15:00000025
20271352ns          337250 1c008ddc 017005b3 add              x11, x0, x23        x11=00000002 x23:00000002
20271372ns          337251 1c008dde 000980e7 jalr             x1, x19, 0           x1=1c008de0 x19:1c008d20
20271413ns          337253 1c008d20 f14027f3 csrrs            x15, x0, 0xf14      x15=00000000
20271433ns          337254 1c008d24 1a10f6b7 lui              x13, 0x1a10f000     x13=1a10f000
20271453ns          337255 1c008d28 ca5797b3 p.extractu       x15, x15, 5, 5      x15=00000000 x15:00000000
20271473ns          337256 1c008d2c f1402773 csrrs            x14, x0, 0xf14      x14=00000000
20271494ns          337257 1c008d30 00779793 slli             x15, x15, 0x7       x15=00000000 x15:00000000
20271514ns          337258 1c008d32 00371713 slli             x14, x14, 0x3       x14=00000000 x14:00000000
20271534ns          337259 1c008d34 0ff57513 andi             x10, x10, 255       x10=00000020 x10:00000020
20271554ns          337260 1c008d38 ee873733 p.bclr           x14, x14, 23, 8     x14=00000000 x14:00000000
20271575ns          337261 1c008d3c 00d787b3 add              x15, x15, x13       x15=1a10f000 x15:00000000 x13:1a10f000
20271595ns          337262 1c008d3e 00a767a3 p.sw             x10, x0(x14)        x10:00000020 x14:00000000  PA:1a10f000
20272000ns          337282 1c008d42 00000513 addi             x10, x0, 0          x10=00000000
20272020ns          337283 1c008d44 00008067 jalr             x0, x1, 0            x1:1c008de0
20272060ns          337285 1c008de0 15f52063 p.beqimm         x10, 320            x10:00000000
20272081ns          337286 1c008de4 001a8a93 addi             x21, x21, 1         x21=0000001d x21:0000001c
20272101ns          337287 1c008de6 00800d33 add              x26, x0, x8         x26=1c0009a2  x8:1c0009a2
20272121ns          337288 1c008de8 000d4503 lbu              x10, 0(x26)         x10=00000063 x26:1c0009a2  PA:1c0009a2
20272425ns          337303 1c008dec 001d0413 addi             x8, x26, 1           x8=1c0009a3 x26:1c0009a2
20272445ns          337304 1c008df0 0c050b63 beq              x10, x0, 214        x10:00000063
20272465ns          337305 1c008df2 02500793 addi             x15, x0, 37         x15=00000025
20272485ns          337306 1c008df6 fef513e3 bne              x10, x15, -26       x10:00000063 x15:00000025
20272546ns          337309 1c008ddc 017005b3 add              x11, x0, x23        x11=00000002 x23:00000002
20272566ns          337310 1c008dde 000980e7 jalr             x1, x19, 0           x1=1c008de0 x19:1c008d20
20272607ns          337312 1c008d20 f14027f3 csrrs            x15, x0, 0xf14      x15=00000000
20272627ns          337313 1c008d24 1a10f6b7 lui              x13, 0x1a10f000     x13=1a10f000
20272647ns          337314 1c008d28 ca5797b3 p.extractu       x15, x15, 5, 5      x15=00000000 x15:00000000
20272668ns          337315 1c008d2c f1402773 csrrs            x14, x0, 0xf14      x14=00000000
20272688ns          337316 1c008d30 00779793 slli             x15, x15, 0x7       x15=00000000 x15:00000000
20272708ns          337317 1c008d32 00371713 slli             x14, x14, 0x3       x14=00000000 x14:00000000
20272728ns          337318 1c008d34 0ff57513 andi             x10, x10, 255       x10=00000063 x10:00000063
20272748ns          337319 1c008d38 ee873733 p.bclr           x14, x14, 23, 8     x14=00000000 x14:00000000
20272769ns          337320 1c008d3c 00d787b3 add              x15, x15, x13       x15=1a10f000 x15:00000000 x13:1a10f000
20272789ns          337321 1c008d3e 00a767a3 p.sw             x10, x0(x14)        x10:00000063 x14:00000000  PA:1a10f000
20273113ns          337337 1c008d42 00000513 addi             x10, x0, 0          x10=00000000
20273133ns          337338 1c008d44 00008067 jalr             x0, x1, 0            x1:1c008de0
20273174ns          337340 1c008de0 15f52063 p.beqimm         x10, 320            x10:00000000
20273194ns          337341 1c008de4 001a8a93 addi             x21, x21, 1         x21=0000001e x21:0000001d
20273214ns          337342 1c008de6 00800d33 add              x26, x0, x8         x26=1c0009a3  x8:1c0009a3
20273234ns          337343 1c008de8 000d4503 lbu              x10, 0(x26)         x10=0000006f x26:1c0009a3  PA:1c0009a3
20273538ns          337358 1c008dec 001d0413 addi             x8, x26, 1           x8=1c0009a4 x26:1c0009a3
20273558ns          337359 1c008df0 0c050b63 beq              x10, x0, 214        x10:0000006f
20273578ns          337360 1c008df2 02500793 addi             x15, x0, 37         x15=00000025
20273599ns          337361 1c008df6 fef513e3 bne              x10, x15, -26       x10:0000006f x15:00000025
20273659ns          337364 1c008ddc 017005b3 add              x11, x0, x23        x11=00000002 x23:00000002
20273680ns          337365 1c008dde 000980e7 jalr             x1, x19, 0           x1=1c008de0 x19:1c008d20
20273720ns          337367 1c008d20 f14027f3 csrrs            x15, x0, 0xf14      x15=00000000
20273740ns          337368 1c008d24 1a10f6b7 lui              x13, 0x1a10f000     x13=1a10f000
20273760ns          337369 1c008d28 ca5797b3 p.extractu       x15, x15, 5, 5      x15=00000000 x15:00000000
20273781ns          337370 1c008d2c f1402773 csrrs            x14, x0, 0xf14      x14=00000000
20273801ns          337371 1c008d30 00779793 slli             x15, x15, 0x7       x15=00000000 x15:00000000
20273821ns          337372 1c008d32 00371713 slli             x14, x14, 0x3       x14=00000000 x14:00000000
20273841ns          337373 1c008d34 0ff57513 andi             x10, x10, 255       x10=0000006f x10:0000006f
20273862ns          337374 1c008d38 ee873733 p.bclr           x14, x14, 23, 8     x14=00000000 x14:00000000
20273882ns          337375 1c008d3c 00d787b3 add              x15, x15, x13       x15=1a10f000 x15:00000000 x13:1a10f000
20273902ns          337376 1c008d3e 00a767a3 p.sw             x10, x0(x14)        x10:0000006f x14:00000000  PA:1a10f000
20274226ns          337392 1c008d42 00000513 addi             x10, x0, 0          x10=00000000
20274246ns          337393 1c008d44 00008067 jalr             x0, x1, 0            x1:1c008de0
20274287ns          337395 1c008de0 15f52063 p.beqimm         x10, 320            x10:00000000
20274307ns          337396 1c008de4 001a8a93 addi             x21, x21, 1         x21=0000001f x21:0000001e
20274327ns          337397 1c008de6 00800d33 add              x26, x0, x8         x26=1c0009a4  x8:1c0009a4
20274347ns          337398 1c008de8 000d4503 lbu              x10, 0(x26)         x10=00000072 x26:1c0009a4  PA:1c0009a4
20274651ns          337413 1c008dec 001d0413 addi             x8, x26, 1           x8=1c0009a5 x26:1c0009a4
20274671ns          337414 1c008df0 0c050b63 beq              x10, x0, 214        x10:00000072
20274692ns          337415 1c008df2 02500793 addi             x15, x0, 37         x15=00000025
20274712ns          337416 1c008df6 fef513e3 bne              x10, x15, -26       x10:00000072 x15:00000025
20274772ns          337419 1c008ddc 017005b3 add              x11, x0, x23        x11=00000002 x23:00000002
20274793ns          337420 1c008dde 000980e7 jalr             x1, x19, 0           x1=1c008de0 x19:1c008d20
20274833ns          337422 1c008d20 f14027f3 csrrs            x15, x0, 0xf14      x15=00000000
20274853ns          337423 1c008d24 1a10f6b7 lui              x13, 0x1a10f000     x13=1a10f000
20274874ns          337424 1c008d28 ca5797b3 p.extractu       x15, x15, 5, 5      x15=00000000 x15:00000000
20274894ns          337425 1c008d2c f1402773 csrrs            x14, x0, 0xf14      x14=00000000
20274914ns          337426 1c008d30 00779793 slli             x15, x15, 0x7       x15=00000000 x15:00000000
20274934ns          337427 1c008d32 00371713 slli             x14, x14, 0x3       x14=00000000 x14:00000000
20274955ns          337428 1c008d34 0ff57513 andi             x10, x10, 255       x10=00000072 x10:00000072
20274975ns          337429 1c008d38 ee873733 p.bclr           x14, x14, 23, 8     x14=00000000 x14:00000000
20274995ns          337430 1c008d3c 00d787b3 add              x15, x15, x13       x15=1a10f000 x15:00000000 x13:1a10f000
20275015ns          337431 1c008d3e 00a767a3 p.sw             x10, x0(x14)        x10:00000072 x14:00000000  PA:1a10f000
20275339ns          337447 1c008d42 00000513 addi             x10, x0, 0          x10=00000000
20275359ns          337448 1c008d44 00008067 jalr             x0, x1, 0            x1:1c008de0
20275400ns          337450 1c008de0 15f52063 p.beqimm         x10, 320            x10:00000000
20275420ns          337451 1c008de4 001a8a93 addi             x21, x21, 1         x21=00000020 x21:0000001f
20275440ns          337452 1c008de6 00800d33 add              x26, x0, x8         x26=1c0009a5  x8:1c0009a5
20275461ns          337453 1c008de8 000d4503 lbu              x10, 0(x26)         x10=00000065 x26:1c0009a5  PA:1c0009a5
20275784ns          337469 1c008dec 001d0413 addi             x8, x26, 1           x8=1c0009a6 x26:1c0009a5
20275805ns          337470 1c008df0 0c050b63 beq              x10, x0, 214        x10:00000065
20275825ns          337471 1c008df2 02500793 addi             x15, x0, 37         x15=00000025
20275845ns          337472 1c008df6 fef513e3 bne              x10, x15, -26       x10:00000065 x15:00000025
20275906ns          337475 1c008ddc 017005b3 add              x11, x0, x23        x11=00000002 x23:00000002
20275926ns          337476 1c008dde 000980e7 jalr             x1, x19, 0           x1=1c008de0 x19:1c008d20
20275967ns          337478 1c008d20 f14027f3 csrrs            x15, x0, 0xf14      x15=00000000
20275987ns          337479 1c008d24 1a10f6b7 lui              x13, 0x1a10f000     x13=1a10f000
20276007ns          337480 1c008d28 ca5797b3 p.extractu       x15, x15, 5, 5      x15=00000000 x15:00000000
20276027ns          337481 1c008d2c f1402773 csrrs            x14, x0, 0xf14      x14=00000000
20276048ns          337482 1c008d30 00779793 slli             x15, x15, 0x7       x15=00000000 x15:00000000
20276068ns          337483 1c008d32 00371713 slli             x14, x14, 0x3       x14=00000000 x14:00000000
20276088ns          337484 1c008d34 0ff57513 andi             x10, x10, 255       x10=00000065 x10:00000065
20276108ns          337485 1c008d38 ee873733 p.bclr           x14, x14, 23, 8     x14=00000000 x14:00000000
20276129ns          337486 1c008d3c 00d787b3 add              x15, x15, x13       x15=1a10f000 x15:00000000 x13:1a10f000
20276149ns          337487 1c008d3e 00a767a3 p.sw             x10, x0(x14)        x10:00000065 x14:00000000  PA:1a10f000
20276473ns          337503 1c008d42 00000513 addi             x10, x0, 0          x10=00000000
20276493ns          337504 1c008d44 00008067 jalr             x0, x1, 0            x1:1c008de0
20276533ns          337506 1c008de0 15f52063 p.beqimm         x10, 320            x10:00000000
20276554ns          337507 1c008de4 001a8a93 addi             x21, x21, 1         x21=00000021 x21:00000020
20276574ns          337508 1c008de6 00800d33 add              x26, x0, x8         x26=1c0009a6  x8:1c0009a6
20276594ns          337509 1c008de8 000d4503 lbu              x10, 0(x26)         x10=00000020 x26:1c0009a6  PA:1c0009a6
20276918ns          337525 1c008dec 001d0413 addi             x8, x26, 1           x8=1c0009a7 x26:1c0009a6
20276938ns          337526 1c008df0 0c050b63 beq              x10, x0, 214        x10:00000020
20276958ns          337527 1c008df2 02500793 addi             x15, x0, 37         x15=00000025
20276979ns          337528 1c008df6 fef513e3 bne              x10, x15, -26       x10:00000020 x15:00000025
20277039ns          337531 1c008ddc 017005b3 add              x11, x0, x23        x11=00000002 x23:00000002
20277060ns          337532 1c008dde 000980e7 jalr             x1, x19, 0           x1=1c008de0 x19:1c008d20
20277100ns          337534 1c008d20 f14027f3 csrrs            x15, x0, 0xf14      x15=00000000
20277120ns          337535 1c008d24 1a10f6b7 lui              x13, 0x1a10f000     x13=1a10f000
20277141ns          337536 1c008d28 ca5797b3 p.extractu       x15, x15, 5, 5      x15=00000000 x15:00000000
20277161ns          337537 1c008d2c f1402773 csrrs            x14, x0, 0xf14      x14=00000000
20277181ns          337538 1c008d30 00779793 slli             x15, x15, 0x7       x15=00000000 x15:00000000
20277201ns          337539 1c008d32 00371713 slli             x14, x14, 0x3       x14=00000000 x14:00000000
20277222ns          337540 1c008d34 0ff57513 andi             x10, x10, 255       x10=00000020 x10:00000020
20277242ns          337541 1c008d38 ee873733 p.bclr           x14, x14, 23, 8     x14=00000000 x14:00000000
20277262ns          337542 1c008d3c 00d787b3 add              x15, x15, x13       x15=1a10f000 x15:00000000 x13:1a10f000
20277282ns          337543 1c008d3e 00a767a3 p.sw             x10, x0(x14)        x10:00000020 x14:00000000  PA:1a10f000
20277606ns          337559 1c008d42 00000513 addi             x10, x0, 0          x10=00000000
20277626ns          337560 1c008d44 00008067 jalr             x0, x1, 0            x1:1c008de0
20277667ns          337562 1c008de0 15f52063 p.beqimm         x10, 320            x10:00000000
20277687ns          337563 1c008de4 001a8a93 addi             x21, x21, 1         x21=00000022 x21:00000021
20277707ns          337564 1c008de6 00800d33 add              x26, x0, x8         x26=1c0009a7  x8:1c0009a7
20277728ns          337565 1c008de8 000d4503 lbu              x10, 0(x26)         x10=00000025 x26:1c0009a7  PA:1c0009a7
20278051ns          337581 1c008dec 001d0413 addi             x8, x26, 1           x8=1c0009a8 x26:1c0009a7
20278072ns          337582 1c008df0 0c050b63 beq              x10, x0, 214        x10:00000025
20278092ns          337583 1c008df2 02500793 addi             x15, x0, 37         x15=00000025
20278112ns          337584 1c008df6 fef513e3 bne              x10, x15, -26       x10:00000025 x15:00000025
20278132ns          337585 1c008dfa 00012a23 sw               x0, 20(x2)           x2:10000728  PA:1000073c
20278153ns          337586 1c008dfc 00012823 sw               x0, 16(x2)           x2:10000728  PA:10000738
20278173ns          337587 1c008dfe 00012623 sw               x0, 12(x2)           x2:10000728  PA:10000734
20278193ns          337588 1c008e00 00012423 sw               x0, 8(x2)            x2:10000728  PA:10000730
20278213ns          337589 1c008e02 00012223 sw               x0, 4(x2)            x2:10000728  PA:1000072c
20278234ns          337590 1c008e04 02300493 addi             x9, x0, 35           x9=00000023
20278254ns          337591 1c008e08 02d00b13 addi             x22, x0, 45         x22=0000002d
20278274ns          337592 1c008e0c 00044c83 lbu              x25, 0(x8)          x25=00000064  x8:1c0009a8  PA:1c0009a8
20278598ns          337608 1c008e10 00140913 addi             x18, x8, 1          x18=1c0009a9  x8:1c0009a8
20278618ns          337609 1c008e14 019005b3 add              x11, x0, x25        x11=00000064 x25:00000064
20278638ns          337610 1c008e16 9d0c0513 addi             x10, x24, -1584     x10=1c0009d0 x24:1c001000
20278659ns          337611 1c008e1a 01200d33 add              x26, x0, x18        x26=1c0009a9 x18:1c0009a9
20278679ns          337612 1c008e1c 01900db3 add              x27, x0, x25        x27=00000064 x25:00000064
20278699ns          337613 1c008e1e e89ff0ef jal              x1, -376             x1=1c008e20
20279246ns          337640 1c008ca6 00054783 lbu              x15, 0(x10)         x15=0000002d x10:1c0009d0  PA:1c0009d0
20279549ns          337655 1c008caa 0ff5f593 andi             x11, x11, 255       x11=00000064 x11:00000064
20279569ns          337656 1c008cae 00b78c63 beq              x15, x11, 24        x15:0000002d x11:00000064
20279590ns          337657 1c008cb2 00078b63 beq              x15, x0, 22         x15:0000002d
20279610ns          337658 1c008cb4 00150793 addi             x15, x10, 1         x15=1c0009d1 x10:1c0009d0
20279630ns          337659 1c008cb8 0040006f jal              x0, 4              
20279731ns          337664 1c008cbc 00f00533 add              x10, x0, x15        x10=1c0009d1 x15:1c0009d1
20279752ns          337665 1c008cbe 0017c70b p.lbu            x14, 1(x15!)        x14=0000002b x15=1c0009d2 x15:1c0009d1  PA:1c0009d1
20280096ns          337682 1c008cc2 feb71ce3 bne              x14, x11, -8        x14:0000002b x11:00000064
20280156ns          337685 1c008cba 00070763 beq              x14, x0, 14         x14:0000002b
20280177ns          337686 1c008cbc 00f00533 add              x10, x0, x15        x10=1c0009d2 x15:1c0009d2
20280197ns          337687 1c008cbe 0017c70b p.lbu            x14, 1(x15!)        x14=00000020 x15=1c0009d3 x15:1c0009d2  PA:1c0009d2
20280521ns          337703 1c008cc2 feb71ce3 bne              x14, x11, -8        x14:00000020 x11:00000064
20280581ns          337706 1c008cba 00070763 beq              x14, x0, 14         x14:00000020
20280602ns          337707 1c008cbc 00f00533 add              x10, x0, x15        x10=1c0009d3 x15:1c0009d3
20280622ns          337708 1c008cbe 0017c70b p.lbu            x14, 1(x15!)        x14=00000023 x15=1c0009d4 x15:1c0009d3  PA:1c0009d3
20280946ns          337724 1c008cc2 feb71ce3 bne              x14, x11, -8        x14:00000023 x11:00000064
20281006ns          337727 1c008cba 00070763 beq              x14, x0, 14         x14:00000023
20281027ns          337728 1c008cbc 00f00533 add              x10, x0, x15        x10=1c0009d4 x15:1c0009d4
20281047ns          337729 1c008cbe 0017c70b p.lbu            x14, 1(x15!)        x14=00000030 x15=1c0009d5 x15:1c0009d4  PA:1c0009d4
20281371ns          337745 1c008cc2 feb71ce3 bne              x14, x11, -8        x14:00000030 x11:00000064
20281431ns          337748 1c008cba 00070763 beq              x14, x0, 14         x14:00000030
20281452ns          337749 1c008cbc 00f00533 add              x10, x0, x15        x10=1c0009d5 x15:1c0009d5
20281472ns          337750 1c008cbe 0017c70b p.lbu            x14, 1(x15!)        x14=00000000 x15=1c0009d6 x15:1c0009d5  PA:1c0009d5
20281796ns          337766 1c008cc2 feb71ce3 bne              x14, x11, -8        x14:00000000 x11:00000064
20281856ns          337769 1c008cba 00070763 beq              x14, x0, 14         x14:00000000
20281917ns          337772 1c008cc8 0015b593 sltiu            x11, x11, 1         x11=00000000 x11:00000064
20281937ns          337773 1c008ccc 40b005b3 sub              x11, x0, x11        x11=00000000 x11:00000000
20281958ns          337774 1c008cd0 00b57533 and              x10, x10, x11       x10=00000000 x10:1c0009d5 x11:00000000
20281978ns          337775 1c008cd2 00008067 jalr             x0, x1, 0            x1:1c008e20
20282018ns          337777 1c008e20 02050b63 beq              x10, x0, 54         x10:00000000
20282160ns          337784 1c008e56 02a00693 addi             x13, x0, 42         x13=0000002a
20282180ns          337785 1c008e5a 2edc8263 beq              x25, x13, 740       x25:00000064 x13:0000002a
20282565ns          337804 1c008e5e fd0c8693 addi             x13, x25, -48       x13=00000034 x25:00000064
20282585ns          337805 1c008e62 00900593 addi             x11, x0, 9          x11=00000009
20282605ns          337806 1c008e64 00000b13 addi             x22, x0, 0          x22=00000000
20282626ns          337807 1c008e66 0cd5fd63 bgeu             x11, x13, 218       x11:00000009 x13:00000034
20282646ns          337808 1c008e6a 02e00793 addi             x15, x0, 46         x15=0000002e
20282707ns          337811 1c008e6e 28fd8663 beq              x27, x15, 652       x27:00000064 x15:0000002e
20282727ns          337812 1c008e72 01b00433 add              x8, x0, x27          x8=00000064 x27:00000064
20282747ns          337813 1c008e74 fff00493 addi             x9, x0, -1           x9=ffffffff
20282767ns          337814 1c008e76 1c001737 lui              x14, 0x1c001000     x14=1c001000
20282788ns          337815 1c008e7a 01b005b3 add              x11, x0, x27        x11=00000064 x27:00000064
20282808ns          337816 1c008e7c 9d870513 addi             x10, x14, -1576     x10=1c0009d8 x14:1c001000
20282848ns          337818 1c008e80 e27ff0ef jal              x1, -474             x1=1c008e82
20282909ns          337821 1c008ca6 00054783 lbu              x15, 0(x10)         x15=00000068 x10:1c0009d8  PA:1c0009d8
20283213ns          337836 1c008caa 0ff5f593 andi             x11, x11, 255       x11=00000064 x11:00000064
20283233ns          337837 1c008cae 00b78c63 beq              x15, x11, 24        x15:00000068 x11:00000064
20283253ns          337838 1c008cb2 00078b63 beq              x15, x0, 22         x15:00000068
20283273ns          337839 1c008cb4 00150793 addi             x15, x10, 1         x15=1c0009d9 x10:1c0009d8
20283294ns          337840 1c008cb8 0040006f jal              x0, 4              
20283334ns          337842 1c008cbc 00f00533 add              x10, x0, x15        x10=1c0009d9 x15:1c0009d9
20283354ns          337843 1c008cbe 0017c70b p.lbu            x14, 1(x15!)        x14=0000006c x15=1c0009da x15:1c0009d9  PA:1c0009d9
20283678ns          337859 1c008cc2 feb71ce3 bne              x14, x11, -8        x14:0000006c x11:00000064
20283739ns          337862 1c008cba 00070763 beq              x14, x0, 14         x14:0000006c
20283759ns          337863 1c008cbc 00f00533 add              x10, x0, x15        x10=1c0009da x15:1c0009da
20283779ns          337864 1c008cbe 0017c70b p.lbu            x14, 1(x15!)        x14=0000007a x15=1c0009db x15:1c0009da  PA:1c0009da
20284103ns          337880 1c008cc2 feb71ce3 bne              x14, x11, -8        x14:0000007a x11:00000064
20284164ns          337883 1c008cba 00070763 beq              x14, x0, 14         x14:0000007a
20284184ns          337884 1c008cbc 00f00533 add              x10, x0, x15        x10=1c0009db x15:1c0009db
20284204ns          337885 1c008cbe 0017c70b p.lbu            x14, 1(x15!)        x14=00000000 x15=1c0009dc x15:1c0009db  PA:1c0009db
20284528ns          337901 1c008cc2 feb71ce3 bne              x14, x11, -8        x14:00000000 x11:00000064
20284589ns          337904 1c008cba 00070763 beq              x14, x0, 14         x14:00000000
20284650ns          337907 1c008cc8 0015b593 sltiu            x11, x11, 1         x11=00000000 x11:00000064
20284670ns          337908 1c008ccc 40b005b3 sub              x11, x0, x11        x11=00000000 x11:00000000
20284690ns          337909 1c008cd0 00b57533 and              x10, x10, x11       x10=00000000 x10:1c0009db x11:00000000
20284710ns          337910 1c008cd2 00008067 jalr             x0, x1, 0            x1:1c008e82
20284751ns          337912 1c008e82 00000793 addi             x15, x0, 0          x15=00000000
20284771ns          337913 1c008e84 00050f63 beq              x10, x0, 30         x10:00000000
20284913ns          337920 1c008ea2 06700693 addi             x13, x0, 103        x13=00000067
20284933ns          337921 1c008ea6 0bb6ee63 bltu             x13, x27, 188       x13:00000067 x27:00000064
20284953ns          337922 1c008eaa 06500693 addi             x13, x0, 101        x13=00000065
20285014ns          337925 1c008eae 3addf2e3 bgeu             x27, x13, 2980      x27:00000064 x13:00000065
20285054ns          337927 1c008eb2 04700693 addi             x13, x0, 71         x13=00000047
20285075ns          337928 1c008eb6 39b6ed63 bltu             x13, x27, 922       x13:00000047 x27:00000064
20285176ns          337933 1c009250 06300693 addi             x13, x0, 99         x13=00000063
20285216ns          337935 1c009254 70dd8c63 beq              x27, x13, 1816      x27:00000064 x13:00000063
20285237ns          337936 1c009258 d3b6e5e3 bltu             x13, x27, -726      x13:00000063 x27:00000064
20285439ns          337946 1c008f82 06c00693 addi             x13, x0, 108        x13=0000006c
20285459ns          337947 1c008f86 00d78a63 beq              x15, x13, 20        x15:00000000 x13:0000006c
20285479ns          337948 1c008f8a 07a00693 addi             x13, x0, 122        x13=0000007a
20285540ns          337951 1c008f8e 00d78663 beq              x15, x13, 12        x15:00000000 x13:0000007a
20285581ns          337953 1c008f92 04c00693 addi             x13, x0, 76         x13=0000004c
20285601ns          337954 1c008f96 5ed78de3 beq              x15, x13, 3578      x15:00000000 x13:0000004c
20285621ns          337955 1c008f9a 000a2783 lw               x15, 0(x20)         x15=00000000 x20:100007d0  PA:100007d0
20285641ns          337956 1c008f9e 004a0a13 addi             x20, x20, 4         x20=100007d4 x20:100007d0
20285682ns          337958 1c008fa0 41f7d713 srai             x14, x15, 0x41f     x14=00000000 x15:00000000
20285722ns          337960 1c008fa4 01412e23 sw               x20, 28(x2)         x20:100007d4  x2:10000728  PA:10000744
20285743ns          337961 1c008fa6 00e12223 sw               x14, 4(x2)          x14:00000000  x2:10000728  PA:1000072c
20285763ns          337962 1c008fa8 4e0741e3 blt              x14, x0, 3298       x14:00000000
20285783ns          337963 1c008fac 00c12703 lw               x14, 12(x2)         x14=00000000  x2:10000728  PA:10000734
20285824ns          337965 1c008fae 440709e3 beq              x14, x0, 3154       x14:00000000
20285985ns          337973 1c009c00 01012703 lw               x14, 16(x2)         x14=00000000  x2:10000728  PA:10000738
20286026ns          337975 1c009c02 22070063 beq              x14, x0, 544        x14:00000000
20286127ns          337980 1c009e22 00412c83 lw               x25, 4(x2)          x25=00000000  x2:10000728  PA:1000072c
20286168ns          337982 1c009e24 02410a13 addi             x20, x2, 36         x20=1000074c  x2:10000728
20286188ns          337983 1c009e28 998ff06f jal              x0, -3688          
20286269ns          337987 1c008fc0 00f00433 add              x8, x0, x15          x8=00000000 x15:00000000
20286289ns          337988 1c008fc2 01400db3 add              x27, x0, x20        x27=1000074c x20:1000074c
20286309ns          337989 1c008fc4 0040006f jal              x0, 4              
20286350ns          337991 1c008fc8 00a00613 addi             x12, x0, 10         x12=0000000a
20286370ns          337992 1c008fca 00000693 addi             x13, x0, 0          x13=00000000
20286390ns          337993 1c008fcc 00800533 add              x10, x0, x8         x10=00000000  x8:00000000
20286410ns          337994 1c008fce 019005b3 add              x11, x0, x25        x11=00000000 x25:00000000
20286431ns          337995 1c008fd0 c2aff0ef jal              x1, -3030            x1=1c008fd4
20286512ns          337999 1c0083fa 00c008b3 add              x17, x0, x12        x17=0000000a x12:0000000a
20286552ns          338001 1c0083fc 00d00733 add              x14, x0, x13        x14=00000000 x13:00000000
20286572ns          338002 1c0083fe 00a007b3 add              x15, x0, x10        x15=00000000 x10:00000000
20286613ns          338004 1c008400 00b00833 add              x16, x0, x11        x16=00000000 x11:00000000
20286653ns          338006 1c008402 1c069863 bne              x13, x0, 464        x13:00000000
20286674ns          338007 1c008406 1c0016b7 lui              x13, 0x1c001000     x13=1c001000
20286694ns          338008 1c00840a 86868693 addi             x13, x13, -1944     x13=1c000868 x13:1c001000
20286714ns          338009 1c00840e 0ac5f863 bgeu             x11, x12, 176       x11:00000000 x12:0000000a
20286734ns          338010 1c008412 00010337 lui              x6, 0x10000          x6=00010000
20286755ns          338011 1c008414 08667e63 bgeu             x12, x6, 156        x12:0000000a  x6:00010000
20286775ns          338012 1c008418 0ff00313 addi             x6, x0, 255          x6=000000ff
20286795ns          338013 1c00841c 00c37363 bgeu             x6, x12, 6           x6:000000ff x12:0000000a
20286876ns          338017 1c008422 00e65333 srl              x6, x12, x14         x6=0000000a x12:0000000a x14:00000000
20286896ns          338018 1c008426 006686b3 add              x13, x13, x6        x13=1c000872 x13:1c000868  x6:0000000a
20286916ns          338019 1c008428 0006ce03 lbu              x28, 0(x13)         x28=00000004 x13:1c000872  PA:1c000872
20287240ns          338035 1c00842c 02000313 addi             x6, x0, 32           x6=00000020
20287261ns          338036 1c008430 00ee0e33 add              x28, x28, x14       x28=00000004 x28:00000004 x14:00000000
20287281ns          338037 1c008432 41c30333 sub              x6, x6, x28          x6=0000001c  x6:00000020 x28:00000004
20287301ns          338038 1c008436 00030c63 beq              x6, x0, 24           x6:0000001c
20287321ns          338039 1c00843a 006595b3 sll              x11, x11, x6        x11=00000000 x11:00000000  x6:0000001c
20287382ns          338042 1c00843e 01c55e33 srl              x28, x10, x28       x28=00000000 x10:00000000 x28:00000004
20287422ns          338044 1c008442 006618b3 sll              x17, x12, x6        x17=a0000000 x12:0000000a  x6:0000001c
20287443ns          338045 1c008446 00be6833 or               x16, x28, x11       x16=00000000 x28:00000000 x11:00000000
20287463ns          338046 1c00844a 006517b3 sll              x15, x10, x6        x15=00000000 x10:00000000  x6:0000001c
20287524ns          338049 1c00844e 0108d613 srli             x12, x17, 0x10      x12=0000a000 x17:a0000000
20287564ns          338051 1c008452 02c87733 remu             x14, x16, x12       x14=00000000 x16:00000000 x12:0000a000
20287949ns          338070 1c008456 02c85833 divu             x16, x16, x12       x16=00000000 x16:00000000 x12:0000a000
20288333ns          338089 1c00845a 01089513 slli             x10, x17, 0x10      x10=00000000 x17:a0000000
20288354ns          338090 1c00845e 01055513 srli             x10, x10, 0x10      x10=00000000 x10:00000000
20288374ns          338091 1c008460 01071713 slli             x14, x14, 0x10      x14=00000000 x14:00000000
20288394ns          338092 1c008462 0107d693 srli             x13, x15, 0x10      x13=00000000 x15:00000000
20288414ns          338093 1c008466 03050833 mul              x16, x10, x16       x16=00000000 x10:00000000 x16:00000000
20288434ns          338094 1c00846a 00e6e6b3 or               x13, x13, x14       x13=00000000 x13:00000000 x14:00000000
20288455ns          338095 1c00846c 0106f863 bgeu             x13, x16, 16        x13:00000000 x16:00000000
20288839ns          338114 1c00847c 410686b3 sub              x13, x13, x16       x13=00000000 x13:00000000 x16:00000000
20288900ns          338117 1c008480 02c6f733 remu             x14, x13, x12       x14=00000000 x13:00000000 x12:0000a000
20289305ns          338137 1c008484 02c6d6b3 divu             x13, x13, x12       x13=00000000 x13:00000000 x12:0000a000
20289689ns          338156 1c008488 01079793 slli             x15, x15, 0x10      x15=00000000 x15:00000000
20289710ns          338157 1c00848a 02d506b3 mul              x13, x10, x13       x13=00000000 x10:00000000 x13:00000000
20289730ns          338158 1c00848e 0107d793 srli             x15, x15, 0x10      x15=00000000 x15:00000000
20289750ns          338159 1c008490 01071513 slli             x10, x14, 0x10      x10=00000000 x14:00000000
20289770ns          338160 1c008494 00a7e7b3 or               x15, x15, x10       x15=00000000 x15:00000000 x10:00000000
20289791ns          338161 1c008496 00d7f863 bgeu             x15, x13, 16        x15:00000000 x13:00000000
20289892ns          338166 1c0084a6 40d787b3 sub              x15, x15, x13       x15=00000000 x15:00000000 x13:00000000
20289912ns          338167 1c0084a8 0067d533 srl              x10, x15, x6        x10=00000000 x15:00000000  x6:0000001c
20289932ns          338168 1c0084ac 00000593 addi             x11, x0, 0          x11=00000000
20289952ns          338169 1c0084ae 00008067 jalr             x0, x1, 0            x1:1c008fd4
20290033ns          338173 1c008fd4 00a00933 add              x18, x0, x10        x18=00000000 x10:00000000
20290054ns          338174 1c008fd6 019005b3 add              x11, x0, x25        x11=00000000 x25:00000000
20290074ns          338175 1c008fd8 00800533 add              x10, x0, x8         x10=00000000  x8:00000000
20290094ns          338176 1c008fda 00a00613 addi             x12, x0, 10         x12=0000000a
20290114ns          338177 1c008fdc 00000693 addi             x13, x0, 0          x13=00000000
20290155ns          338179 1c008fde 8beff0ef jal              x1, -3906            x1=1c008fe2
20290236ns          338183 1c00809c 00b007b3 add              x15, x0, x11        x15=00000000 x11:00000000
20290256ns          338184 1c00809e 00c00833 add              x16, x0, x12        x16=0000000a x12:0000000a
20290317ns          338187 1c0080a0 00d008b3 add              x17, x0, x13        x17=00000000 x13:00000000
20290337ns          338188 1c0080a2 00a00333 add              x6, x0, x10          x6=00000000 x10:00000000
20290357ns          338189 1c0080a4 20069663 bne              x13, x0, 524        x13:00000000
20290378ns          338190 1c0080a8 1c001737 lui              x14, 0x1c001000     x14=1c001000
20290398ns          338191 1c0080ac 86870713 addi             x14, x14, -1944     x14=1c000868 x14:1c001000
20290458ns          338194 1c0080b0 0ac5fe63 bgeu             x11, x12, 188       x11:00000000 x12:0000000a
20290499ns          338196 1c0080b4 000106b7 lui              x13, 0x10000        x13=00010000
20290519ns          338197 1c0080b6 0ad67463 bgeu             x12, x13, 168       x12:0000000a x13:00010000
20290539ns          338198 1c0080ba 0ff00693 addi             x13, x0, 255        x13=000000ff
20290600ns          338201 1c0080be 00c6b6b3 sltu             x13, x13, x12       x13=00000000 x13:000000ff x12:0000000a
20290620ns          338202 1c0080c2 00369693 slli             x13, x13, 0x3       x13=00000000 x13:00000000
20290641ns          338203 1c0080c4 00d658b3 srl              x17, x12, x13       x17=0000000a x12:0000000a x13:00000000
20290661ns          338204 1c0080c8 01170733 add              x14, x14, x17       x14=1c000872 x14:1c000868 x17:0000000a
20290681ns          338205 1c0080ca 00074703 lbu              x14, 0(x14)         x14=00000004 x14:1c000872  PA:1c000872
20291005ns          338221 1c0080ce 00e686b3 add              x13, x13, x14       x13=00000004 x13:00000000 x14:00000004
20291025ns          338222 1c0080d0 02000713 addi             x14, x0, 32         x14=00000020
20291045ns          338223 1c0080d4 40d70733 sub              x14, x14, x13       x14=0000001c x14:00000020 x13:00000004
20291066ns          338224 1c0080d6 00070b63 beq              x14, x0, 22         x14:0000001c
20291086ns          338225 1c0080d8 00e797b3 sll              x15, x15, x14       x15=00000000 x15:00000000 x14:0000001c
20291106ns          338226 1c0080dc 00d556b3 srl              x13, x10, x13       x13=00000000 x10:00000000 x13:00000004
20291147ns          338228 1c0080e0 00e61833 sll              x16, x12, x14       x16=a0000000 x12:0000000a x14:0000001c
20291187ns          338230 1c0080e4 00f6e5b3 or               x11, x13, x15       x11=00000000 x13:00000000 x15:00000000
20291207ns          338231 1c0080e8 00e51333 sll              x6, x10, x14         x6=00000000 x10:00000000 x14:0000001c
20291228ns          338232 1c0080ec 01085513 srli             x10, x16, 0x10      x10=0000a000 x16:a0000000
20291288ns          338235 1c0080f0 02a5f733 remu             x14, x11, x10       x14=00000000 x11:00000000 x10:0000a000
20291693ns          338255 1c0080f4 02a5d7b3 divu             x15, x11, x10       x15=00000000 x11:00000000 x10:0000a000
20292078ns          338274 1c0080f8 01081613 slli             x12, x16, 0x10      x12=00000000 x16:a0000000
20292098ns          338275 1c0080fc 01071713 slli             x14, x14, 0x10      x14=00000000 x14:00000000
20292118ns          338276 1c0080fe 01065613 srli             x12, x12, 0x10      x12=00000000 x12:00000000
20292138ns          338277 1c008100 01035693 srli             x13, x6, 0x10       x13=00000000  x6:00000000
20292159ns          338278 1c008104 00e6e6b3 or               x13, x13, x14       x13=00000000 x13:00000000 x14:00000000
20292179ns          338279 1c008106 02f605b3 mul              x11, x12, x15       x11=00000000 x12:00000000 x15:00000000
20292199ns          338280 1c00810a 00f00733 add              x14, x0, x15        x14=00000000 x15:00000000
20292219ns          338281 1c00810c 00b6fc63 bgeu             x13, x11, 24        x13:00000000 x11:00000000
20292321ns          338286 1c008124 40b686b3 sub              x13, x13, x11       x13=00000000 x13:00000000 x11:00000000
20292361ns          338288 1c008126 02a6f7b3 remu             x15, x13, x10       x15=00000000 x13:00000000 x10:0000a000
20292746ns          338307 1c00812a 02a6d6b3 divu             x13, x13, x10       x13=00000000 x13:00000000 x10:0000a000
20293130ns          338326 1c00812e 01031313 slli             x6, x6, 0x10         x6=00000000  x6:00000000
20293150ns          338327 1c008130 01079793 slli             x15, x15, 0x10      x15=00000000 x15:00000000
20293171ns          338328 1c008132 01035313 srli             x6, x6, 0x10         x6=00000000  x6:00000000
20293191ns          338329 1c008136 02d605b3 mul              x11, x12, x13       x11=00000000 x12:00000000 x13:00000000
20293211ns          338330 1c00813a 0067e333 or               x6, x15, x6          x6=00000000 x15:00000000  x6:00000000
20293231ns          338331 1c00813e 00d00533 add              x10, x0, x13        x10=00000000 x13:00000000
20293272ns          338333 1c008140 00b37b63 bgeu             x6, x11, 22          x6:00000000 x11:00000000
20293373ns          338338 1c008156 01071713 slli             x14, x14, 0x10      x14=00000000 x14:00000000
20293414ns          338340 1c008158 00a76733 or               x14, x14, x10       x14=00000000 x14:00000000 x10:00000000
20293434ns          338341 1c00815a 00000593 addi             x11, x0, 0          x11=00000000
20293454ns          338342 1c00815c 0b20006f jal              x0, 178            
20293575ns          338348 1c00820e 00e00533 add              x10, x0, x14        x10=00000000 x14:00000000
20293656ns          338352 1c008210 00008067 jalr             x0, x1, 0            x1:1c008fe2
20293778ns          338358 1c008fe2 03090913 addi             x18, x18, 48        x18=00000030 x18:00000000
20293798ns          338359 1c008fe6 012d8023 sb               x18, 0(x27)         x18:00000030 x27:1000074c  PA:1000074c
20293818ns          338360 1c008fea 00a5e7b3 or               x15, x11, x10       x15=00000000 x11:00000000 x10:00000000
20293879ns          338363 1c008fee 001d8913 addi             x18, x27, 1         x18=1000074d x27:1000074c
20293899ns          338364 1c008ff2 00a00433 add              x8, x0, x10          x8=00000000 x10:00000000
20293920ns          338365 1c008ff4 00b00cb3 add              x25, x0, x11        x25=00000000 x11:00000000
20293940ns          338366 1c008ff6 fc0798e3 bne              x15, x0, -48        x15:00000000
20293960ns          338367 1c008ff8 00090023 sb               x0, 0(x18)          x18:1000074d  PA:1000074d
20293980ns          338368 1c008ffc 01ba7d63 bgeu             x20, x27, 26        x20:1000074c x27:1000074c
20294102ns          338374 1c009016 00012783 lw               x15, 0(x2)          x15=1000074c  x2:10000728  PA:10000728
20294142ns          338376 1c009018 00c12703 lw               x14, 12(x2)         x14=00000000  x2:10000728  PA:10000734
20294162ns          338377 1c00901a 40f90933 sub              x18, x18, x15       x18=00000001 x18:1000074d x15:1000074c
20294223ns          338380 1c00901e 3c071de3 bne              x14, x0, 3034       x14:00000000
20294243ns          338381 1c009022 01012783 lw               x15, 16(x2)         x15=00000000  x2:10000728  PA:10000738
20294284ns          338383 1c009024 3c079ae3 bne              x15, x0, 3028       x15:00000000
20294304ns          338384 1c009028 00412703 lw               x14, 4(x2)          x14=00000000  x2:10000728  PA:1000072c
20294345ns          338386 1c00902a 01f75713 srli             x14, x14, 0x1f      x14=00000000 x14:00000000
20294365ns          338387 1c00902c 00e12223 sw               x14, 4(x2)          x14:00000000  x2:10000728  PA:1000072c
20294385ns          338388 1c00902e 3404c463 blt              x9, x0, 840          x9:ffffffff
20294486ns          338393 1c009376 00000c93 addi             x25, x0, 0          x25=00000000
20294527ns          338395 1c009378 00012c23 sw               x0, 24(x2)           x2:10000728  PA:10000740
20294547ns          338396 1c00937a 00000a13 addi             x20, x0, 0          x20=00000000
20294567ns          338397 1c00937c 01412783 lw               x15, 20(x2)         x15=00000000  x2:10000728  PA:1000073c
20294608ns          338399 1c00937e 5e078163 beq              x15, x0, 1506       x15:00000000
20294709ns          338404 1c009960 412b0b33 sub              x22, x22, x18       x22=ffffffff x22:00000000 x18:00000001
20294749ns          338406 1c009964 02410413 addi             x8, x2, 36           x8=1000074c  x2:10000728
20294770ns          338407 1c009966 00000493 addi             x9, x0, 0            x9=00000000
20294790ns          338408 1c009968 ee6ff06f jal              x0, -2330          
20294891ns          338413 1c00904e 00812703 lw               x14, 8(x2)          x14=00000000  x2:10000728  PA:10000730
20294932ns          338415 1c009050 02071063 bne              x14, x0, 32         x14:00000000
20294952ns          338416 1c009052 01605f63 bge              x0, x22, 30         x22:ffffffff
20295458ns          338441 1c009070 00412783 lw               x15, 4(x2)          x15=00000000  x2:10000728  PA:1000072c
20295498ns          338443 1c009072 00f40db3 add              x27, x8, x15        x27=1000074c  x8:1000074c x15:00000000
20295518ns          338444 1c009076 00c0006f jal              x0, 12             
20295599ns          338448 1c009082 017005b3 add              x11, x0, x23        x11=00000002 x23:00000002
20295640ns          338450 1c009084 ffb41ae3 bne              x8, x27, -12         x8:1000074c x27:1000074c
20295660ns          338451 1c009088 00900db3 add              x27, x0, x9         x27=00000000  x9:00000000
20295680ns          338452 1c00908a 0080006f jal              x0, 8              
20295782ns          338457 1c009092 fffd8d93 addi             x27, x27, -1        x27=ffffffff x27:00000000
20295802ns          338458 1c009094 017005b3 add              x11, x0, x23        x11=00000002 x23:00000002
20295822ns          338459 1c009096 03000513 addi             x10, x0, 48         x10=00000030
20295842ns          338460 1c00909a fffdb9e3 p.bneimm         x27, -14            x27:ffffffff
20295863ns          338461 1c00909e 00412703 lw               x14, 4(x2)          x14=00000000  x2:10000728  PA:1000072c
20295903ns          338463 1c0090a0 40e90933 sub              x18, x18, x14       x18=00000001 x18:00000001 x14:00000000
20295944ns          338465 1c0090a4 01212423 sw               x18, 8(x2)          x18:00000001  x2:10000728  PA:10000730
20295964ns          338466 1c0090a6 e40a15e3 bne              x20, x0, -438       x20:00000000
20295984ns          338467 1c0090aa 01812783 lw               x15, 24(x2)         x15=00000000  x2:10000728  PA:10000740
20296024ns          338469 1c0090ac 16079763 bne              x15, x0, 366        x15:00000000
20296045ns          338470 1c0090b0 120c8863 beq              x25, x0, 304        x25:00000000
20296146ns          338475 1c0091e0 017005b3 add              x11, x0, x23        x11=00000002 x23:00000002
20296186ns          338477 1c0091e2 ff2049e3 blt              x0, x18, -14        x18:00000001
20296288ns          338482 1c0091d4 0014450b p.lbu            x10, 1(x8!)         x10=00000030  x8=1000074d  x8:1000074c  PA:1000074c
20296328ns          338484 1c0091d8 fff90913 addi             x18, x18, -1        x18=00000000 x18:00000001
20296348ns          338485 1c0091da 000980e7 jalr             x1, x19, 0           x1=1c0091dc x19:1c008d20
20296429ns          338489 1c008d20 f14027f3 csrrs            x15, x0, 0xf14      x15=00000000
20296470ns          338491 1c008d24 1a10f6b7 lui              x13, 0x1a10f000     x13=1a10f000
20296490ns          338492 1c008d28 ca5797b3 p.extractu       x15, x15, 5, 5      x15=00000000 x15:00000000
20296510ns          338493 1c008d2c f1402773 csrrs            x14, x0, 0xf14      x14=00000000
20296571ns          338496 1c008d30 00779793 slli             x15, x15, 0x7       x15=00000000 x15:00000000
20296591ns          338497 1c008d32 00371713 slli             x14, x14, 0x3       x14=00000000 x14:00000000
20296611ns          338498 1c008d34 0ff57513 andi             x10, x10, 255       x10=00000030 x10:00000030
20296632ns          338499 1c008d38 ee873733 p.bclr           x14, x14, 23, 8     x14=00000000 x14:00000000
20296652ns          338500 1c008d3c 00d787b3 add              x15, x15, x13       x15=1a10f000 x15:00000000 x13:1a10f000
20296713ns          338503 1c008d3e 00a767a3 p.sw             x10, x0(x14)        x10:00000030 x14:00000000  PA:1a10f000
20297097ns          338522 1c008d42 00000513 addi             x10, x0, 0          x10=00000000
20297117ns          338523 1c008d44 00008067 jalr             x0, x1, 0            x1:1c0091dc
20297158ns          338525 1c0091dc d5f522e3 p.beqimm         x10, -700           x10:00000000
20297178ns          338526 1c0091e0 017005b3 add              x11, x0, x23        x11=00000002 x23:00000002
20297198ns          338527 1c0091e2 ff2049e3 blt              x0, x18, -14        x18:00000000
20297219ns          338528 1c0091e6 00412783 lw               x15, 4(x2)          x15=00000000  x2:10000728  PA:1000072c
20297239ns          338529 1c0091e8 01c12a03 lw               x20, 28(x2)         x20=100007d4  x2:10000728  PA:10000744
20297259ns          338530 1c0091ea 00fa8733 add              x14, x21, x15       x14=00000022 x21:00000022 x15:00000000
20297279ns          338531 1c0091ee 00812783 lw               x15, 8(x2)          x15=00000001  x2:10000728  PA:10000730
20297320ns          338533 1c0091f0 00970733 add              x14, x14, x9        x14=00000022 x14:00000022  x9:00000000
20297360ns          338535 1c0091f2 00e78ab3 add              x21, x15, x14       x21=00000023 x15:00000001 x14:00000022
20297381ns          338536 1c0091f6 bf6059e3 bge              x0, x22, -1038      x22:ffffffff
20297542ns          338544 1c008de8 000d4503 lbu              x10, 0(x26)         x10=0000000a x26:1c0009a9  PA:1c0009a9
20297866ns          338560 1c008dec 001d0413 addi             x8, x26, 1           x8=1c0009aa x26:1c0009a9
20297887ns          338561 1c008df0 0c050b63 beq              x10, x0, 214        x10:0000000a
20297907ns          338562 1c008df2 02500793 addi             x15, x0, 37         x15=00000025
20297927ns          338563 1c008df6 fef513e3 bne              x10, x15, -26       x10:0000000a x15:00000025
20298089ns          338571 1c008ddc 017005b3 add              x11, x0, x23        x11=00000002 x23:00000002
20298109ns          338572 1c008dde 000980e7 jalr             x1, x19, 0           x1=1c008de0 x19:1c008d20
20298150ns          338574 1c008d20 f14027f3 csrrs            x15, x0, 0xf14      x15=00000000
20298170ns          338575 1c008d24 1a10f6b7 lui              x13, 0x1a10f000     x13=1a10f000
20298190ns          338576 1c008d28 ca5797b3 p.extractu       x15, x15, 5, 5      x15=00000000 x15:00000000
20298210ns          338577 1c008d2c f1402773 csrrs            x14, x0, 0xf14      x14=00000000
20298231ns          338578 1c008d30 00779793 slli             x15, x15, 0x7       x15=00000000 x15:00000000
20298251ns          338579 1c008d32 00371713 slli             x14, x14, 0x3       x14=00000000 x14:00000000
20298271ns          338580 1c008d34 0ff57513 andi             x10, x10, 255       x10=0000000a x10:0000000a
20298291ns          338581 1c008d38 ee873733 p.bclr           x14, x14, 23, 8     x14=00000000 x14:00000000
20298312ns          338582 1c008d3c 00d787b3 add              x15, x15, x13       x15=1a10f000 x15:00000000 x13:1a10f000
20298332ns          338583 1c008d3e 00a767a3 p.sw             x10, x0(x14)        x10:0000000a x14:00000000  PA:1a10f000
20298696ns          338601 1c008d42 00000513 addi             x10, x0, 0          x10=00000000
20298716ns          338602 1c008d44 00008067 jalr             x0, x1, 0            x1:1c008de0
20298757ns          338604 1c008de0 15f52063 p.beqimm         x10, 320            x10:00000000
20298777ns          338605 1c008de4 001a8a93 addi             x21, x21, 1         x21=00000024 x21:00000023
20298797ns          338606 1c008de6 00800d33 add              x26, x0, x8         x26=1c0009aa  x8:1c0009aa
20298818ns          338607 1c008de8 000d4503 lbu              x10, 0(x26)         x10=00000000 x26:1c0009aa  PA:1c0009aa
20299141ns          338623 1c008dec 001d0413 addi             x8, x26, 1           x8=1c0009ab x26:1c0009aa
20299162ns          338624 1c008df0 0c050b63 beq              x10, x0, 214        x10:00000000
20299263ns          338629 1c008ec6 01500433 add              x8, x0, x21          x8=00000024 x21:00000024
20299303ns          338631 1c008ec8 00800533 add              x10, x0, x8         x10=00000024  x8:00000024
20299324ns          338632 1c008eca 07c12083 lw               x1, 124(x2)          x1=1c008da4  x2:10000728  PA:100007a4
20299344ns          338633 1c008ecc 07812403 lw               x8, 120(x2)          x8=00204000  x2:10000728  PA:100007a0
20299364ns          338634 1c008ece 07412483 lw               x9, 116(x2)          x9=00000000  x2:10000728  PA:1000079c
20299384ns          338635 1c008ed0 07012903 lw               x18, 112(x2)        x18=xxxxxxxx  x2:10000728  PA:10000798
20299405ns          338636 1c008ed2 06c12983 lw               x19, 108(x2)        x19=00204000  x2:10000728  PA:10000794
20299425ns          338637 1c008ed4 06812a03 lw               x20, 104(x2)        x20=00000002  x2:10000728  PA:10000790
20299445ns          338638 1c008ed6 06412a83 lw               x21, 100(x2)        x21=1c01006e  x2:10000728  PA:1000078c
20299465ns          338639 1c008ed8 06012b03 lw               x22, 96(x2)         x22=1c0011e8  x2:10000728  PA:10000788
20299486ns          338640 1c008eda 05c12b83 lw               x23, 92(x2)         x23=1c001818  x2:10000728  PA:10000784
20299506ns          338641 1c008edc 05812c03 lw               x24, 88(x2)         x24=00000002  x2:10000728  PA:10000780
20299526ns          338642 1c008ede 05412c83 lw               x25, 84(x2)         x25=1a109810  x2:10000728  PA:1000077c
20299668ns          338649 1c008ee0 05012d03 lw               x26, 80(x2)         x26=1c01013f  x2:10000728  PA:10000778
20299688ns          338650 1c008ee2 04c12d83 lw               x27, 76(x2)         x27=xxxxxxxx  x2:10000728  PA:10000774
20299708ns          338651 1c008ee4 08010113 addi             x2, x2, 128          x2=100007a8  x2:10000728
20299728ns          338652 1c008ee6 00008067 jalr             x0, x1, 0            x1:1c008da4
20299809ns          338656 1c008da4 01c12083 lw               x1, 28(x2)           x1=1c008780  x2:100007a8  PA:100007c4
20299830ns          338657 1c008da6 04010113 addi             x2, x2, 64           x2=100007e8  x2:100007a8
20299870ns          338659 1c008da8 00008067 jalr             x0, x1, 0            x1:1c008780
20300012ns          338666 1c008780 00900533 add              x10, x0, x9         x10=00000000  x9:00000000
20300032ns          338667 1c008782 3a6000ef jal              x1, 934              x1=1c008784
20300457ns          338688 1c008b28 002047b7 lui              x15, 0x204000       x15=00204000
20300498ns          338690 1c008b2c 02078793 addi             x15, x15, 32        x15=00204020 x15:00204000
20300963ns          338713 1c008b30 00f50533 add              x10, x10, x15       x10=00204020 x10:00000000 x15:00204020
20300983ns          338714 1c008b32 00751513 slli             x10, x10, 0x7       x10=10201000 x10:00204020
20301004ns          338715 1c008b34 00008067 jalr             x0, x1, 0            x1:1c008784
20301044ns          338717 1c008784 00a00433 add              x8, x0, x10          x8=10201000 x10:10201000
20301064ns          338718 1c008786 1c001bb7 lui              x23, 0x1c001000     x23=1c001000
20301084ns          338719 1c00878a 1c001b37 lui              x22, 0x1c001000     x22=1c001000
20301489ns          338739 1c00878e 1c048e63 beq              x9, x0, 476          x9:00000000
20301975ns          338763 1c00896a 1c001a37 lui              x20, 0x1c001000     x20=1c001000
20302380ns          338783 1c00896e 774a0a13 addi             x20, x20, 1908      x20=1c001774 x20:1c001000
20302420ns          338785 1c008972 1c001c37 lui              x24, 0x1c001000     x24=1c001000
20302441ns          338786 1c008976 7b4b8993 addi             x19, x23, 1972      x19=1c0017b4 x23:1c001000
20302461ns          338787 1c00897a 7d4b0913 addi             x18, x22, 2004      x18=1c0017d4 x22:1c001000
20302866ns          338807 1c00897e 794c0c13 addi             x24, x24, 1940      x24=1c001794 x24:1c001000
20302906ns          338809 1c008982 7b4b8b93 addi             x23, x23, 1972      x23=1c0017b4 x23:1c001000
20302926ns          338810 1c008986 7d4b0b13 addi             x22, x22, 2004      x22=1c0017d4 x22:1c001000
20302947ns          338811 1c00898a 020a0a93 addi             x21, x20, 32        x21=1c001794 x20:1c001774
20303351ns          338831 1c00898e 04400593 addi             x11, x0, 68         x11=00000044
20303372ns          338832 1c008992 00000513 addi             x10, x0, 0          x10=00000000
20303392ns          338833 1c008994 1ee020ef jal              x1, 8686             x1=1c008998
20303817ns          338854 1c00ab82 00000793 addi             x15, x0, 0          x15=00000000
20303857ns          338856 1c00ab84 00050563 beq              x10, x0, 10         x10:00000000
20304323ns          338879 1c00ab8e 1c001737 lui              x14, 0x1c001000     x14=1c001000
20304363ns          338881 1c00ab92 7f872503 lw               x10, 2040(x14)      x10=1c001828 x14:1c001000  PA:1c0017f8
20304687ns          338897 1c00ab96 00f50533 add              x10, x10, x15       x10=1c001828 x10:1c001828 x15:00000000
20304707ns          338898 1c00ab98 eadff06f jal              x0, -340           
20305234ns          338924 1c00aa44 00052603 lw               x12, 0(x10)         x12=10002428 x10:1c001828  PA:1c001828
20305537ns          338939 1c00aa46 00758593 addi             x11, x11, 7         x11=0000004b x11:00000044
20305558ns          338940 1c00aa48 c405b5b3 p.bclr           x11, x11, 2, 0      x11=00000048 x11:0000004b
20305578ns          338941 1c00aa4c 04060a63 beq              x12, x0, 84         x12:10002428
20305598ns          338942 1c00aa4e 00062703 lw               x14, 0(x12)         x14=0000dbd8 x12:10002428  PA:10002428
20305699ns          338947 1c00aa50 00462783 lw               x15, 4(x12)         x15=00000000 x12:10002428  PA:1000242c
20305740ns          338949 1c00aa52 02b75963 bge              x14, x11, 50        x14:0000dbd8 x11:00000048
20306185ns          338971 1c00aa84 00e58b63 beq              x11, x14, 22        x11:00000048 x14:0000dbd8
20306225ns          338973 1c00aa88 00b606b3 add              x13, x12, x11       x13=10002470 x12:10002428 x11:00000048
20306246ns          338974 1c00aa8c 40b70733 sub              x14, x14, x11       x14=0000db90 x14:0000dbd8 x11:00000048
20306266ns          338975 1c00aa8e 00f6a223 sw               x15, 4(x13)         x15:00000000 x13:10002470  PA:10002474
20306650ns          338994 1c00aa90 00e6a023 sw               x14, 0(x13)         x14:0000db90 x13:10002470  PA:10002470
20306671ns          338995 1c00aa92 00c007b3 add              x15, x0, x12        x15=10002428 x12:10002428
20306691ns          338996 1c00aa94 00d52023 sw               x13, 0(x10)         x13:10002470 x10:1c001828  PA:1c001828
20306995ns          339011 1c00aa96 00f00533 add              x10, x0, x15        x10=10002428 x15:10002428
20307015ns          339012 1c00aa98 00008067 jalr             x0, x1, 0            x1:1c008998
20307197ns          339021 1c008998 00aa2023 sw               x10, 0(x20)         x10:10002428 x20:1c001774  PA:1c001774
20307541ns          339038 1c00899c 04400593 addi             x11, x0, 68         x11=00000044
20307642ns          339043 1c0089a0 00000513 addi             x10, x0, 0          x10=00000000
20307683ns          339045 1c0089a2 1e0020ef jal              x1, 8672             x1=1c0089a6
20307764ns          339049 1c00ab82 00000793 addi             x15, x0, 0          x15=00000000
20307804ns          339051 1c00ab84 00050563 beq              x10, x0, 10         x10:00000000
20307885ns          339055 1c00ab8e 1c001737 lui              x14, 0x1c001000     x14=1c001000
20307905ns          339056 1c00ab92 7f872503 lw               x10, 2040(x14)      x10=1c001828 x14:1c001000  PA:1c0017f8
20308229ns          339072 1c00ab96 00f50533 add              x10, x10, x15       x10=1c001828 x10:1c001828 x15:00000000
20308249ns          339073 1c00ab98 eadff06f jal              x0, -340           
20308290ns          339075 1c00aa44 00052603 lw               x12, 0(x10)         x12=10002470 x10:1c001828  PA:1c001828
20308594ns          339090 1c00aa46 00758593 addi             x11, x11, 7         x11=0000004b x11:00000044
20308614ns          339091 1c00aa48 c405b5b3 p.bclr           x11, x11, 2, 0      x11=00000048 x11:0000004b
20308634ns          339092 1c00aa4c 04060a63 beq              x12, x0, 84         x12:10002470
20308654ns          339093 1c00aa4e 00062703 lw               x14, 0(x12)         x14=0000db90 x12:10002470  PA:10002470
20308674ns          339094 1c00aa50 00462783 lw               x15, 4(x12)         x15=00000000 x12:10002470  PA:10002474
20308695ns          339095 1c00aa52 02b75963 bge              x14, x11, 50        x14:0000db90 x11:00000048
20309160ns          339118 1c00aa84 00e58b63 beq              x11, x14, 22        x11:00000048 x14:0000db90
20309180ns          339119 1c00aa88 00b606b3 add              x13, x12, x11       x13=100024b8 x12:10002470 x11:00000048
20309201ns          339120 1c00aa8c 40b70733 sub              x14, x14, x11       x14=0000db48 x14:0000db90 x11:00000048
20309221ns          339121 1c00aa8e 00f6a223 sw               x15, 4(x13)         x15:00000000 x13:100024b8  PA:100024bc
20309241ns          339122 1c00aa90 00e6a023 sw               x14, 0(x13)         x14:0000db48 x13:100024b8  PA:100024b8
20309261ns          339123 1c00aa92 00c007b3 add              x15, x0, x12        x15=10002470 x12:10002470
20309282ns          339124 1c00aa94 00d52023 sw               x13, 0(x10)         x13:100024b8 x10:1c001828  PA:1c001828
20309606ns          339140 1c00aa96 00f00533 add              x10, x0, x15        x10=10002470 x15:10002470
20309626ns          339141 1c00aa98 00008067 jalr             x0, x1, 0            x1:1c0089a6
20309686ns          339144 1c0089a6 004a278b p.lw             x15, 4(x20!)        x15=10002428 x20=1c001778 x20:1c001774  PA:1c001774
20309990ns          339159 1c0089aa 00350713 addi             x14, x10, 3         x14=10002473 x10:10002470
20310010ns          339160 1c0089ae 00378793 addi             x15, x15, 3         x15=1000242b x15:10002428
20310112ns          339165 1c0089b0 c207b7b3 p.bclr           x15, x15, 1, 0      x15=10002428 x15:1000242b
20310152ns          339167 1c0089b4 c2073733 p.bclr           x14, x14, 1, 0      x14=10002470 x14:10002473
20310172ns          339168 1c0089b8 00ac222b p.sw             x10, 4(x24!)        x24=1c001798 x10:10002470 x24:1c001794  PA:1c001794
20310496ns          339184 1c0089bc 00fba22b p.sw             x15, 4(x23!)        x23=1c0017b8 x15:10002428 x23:1c0017b4  PA:1c0017b4
20310840ns          339201 1c0089c0 00eb222b p.sw             x14, 4(x22!)        x22=1c0017d8 x14:10002470 x22:1c0017d4  PA:1c0017d4
20311164ns          339217 1c0089c4 fd5a15e3 bne              x20, x21, -54       x20:1c001778 x21:1c001794
20311346ns          339226 1c00898e 04400593 addi             x11, x0, 68         x11=00000044
20311366ns          339227 1c008992 00000513 addi             x10, x0, 0          x10=00000000
20311387ns          339228 1c008994 1ee020ef jal              x1, 8686             x1=1c008998
20311427ns          339230 1c00ab82 00000793 addi             x15, x0, 0          x15=00000000
20311447ns          339231 1c00ab84 00050563 beq              x10, x0, 10         x10:00000000
20311528ns          339235 1c00ab8e 1c001737 lui              x14, 0x1c001000     x14=1c001000
20311549ns          339236 1c00ab92 7f872503 lw               x10, 2040(x14)      x10=1c001828 x14:1c001000  PA:1c0017f8
20311872ns          339252 1c00ab96 00f50533 add              x10, x10, x15       x10=1c001828 x10:1c001828 x15:00000000
20311893ns          339253 1c00ab98 eadff06f jal              x0, -340           
20311933ns          339255 1c00aa44 00052603 lw               x12, 0(x10)         x12=100024b8 x10:1c001828  PA:1c001828
20312237ns          339270 1c00aa46 00758593 addi             x11, x11, 7         x11=0000004b x11:00000044
20312257ns          339271 1c00aa48 c405b5b3 p.bclr           x11, x11, 2, 0      x11=00000048 x11:0000004b
20312277ns          339272 1c00aa4c 04060a63 beq              x12, x0, 84         x12:100024b8
20312297ns          339273 1c00aa4e 00062703 lw               x14, 0(x12)         x14=0000db48 x12:100024b8  PA:100024b8
20312318ns          339274 1c00aa50 00462783 lw               x15, 4(x12)         x15=00000000 x12:100024b8  PA:100024bc
20312338ns          339275 1c00aa52 02b75963 bge              x14, x11, 50        x14:0000db48 x11:00000048
20312399ns          339278 1c00aa84 00e58b63 beq              x11, x14, 22        x11:00000048 x14:0000db48
20312419ns          339279 1c00aa88 00b606b3 add              x13, x12, x11       x13=10002500 x12:100024b8 x11:00000048
20312439ns          339280 1c00aa8c 40b70733 sub              x14, x14, x11       x14=0000db00 x14:0000db48 x11:00000048
20312459ns          339281 1c00aa8e 00f6a223 sw               x15, 4(x13)         x15:00000000 x13:10002500  PA:10002504
20312480ns          339282 1c00aa90 00e6a023 sw               x14, 0(x13)         x14:0000db00 x13:10002500  PA:10002500
20312500ns          339283 1c00aa92 00c007b3 add              x15, x0, x12        x15=100024b8 x12:100024b8
20312520ns          339284 1c00aa94 00d52023 sw               x13, 0(x10)         x13:10002500 x10:1c001828  PA:1c001828
20312844ns          339300 1c00aa96 00f00533 add              x10, x0, x15        x10=100024b8 x15:100024b8
20312864ns          339301 1c00aa98 00008067 jalr             x0, x1, 0            x1:1c008998
20312905ns          339303 1c008998 00aa2023 sw               x10, 0(x20)         x10:100024b8 x20:1c001778  PA:1c001778
20313228ns          339319 1c00899c 04400593 addi             x11, x0, 68         x11=00000044
20313249ns          339320 1c0089a0 00000513 addi             x10, x0, 0          x10=00000000
20313269ns          339321 1c0089a2 1e0020ef jal              x1, 8672             x1=1c0089a6
20313309ns          339323 1c00ab82 00000793 addi             x15, x0, 0          x15=00000000
20313330ns          339324 1c00ab84 00050563 beq              x10, x0, 10         x10:00000000
20313411ns          339328 1c00ab8e 1c001737 lui              x14, 0x1c001000     x14=1c001000
20313431ns          339329 1c00ab92 7f872503 lw               x10, 2040(x14)      x10=1c001828 x14:1c001000  PA:1c0017f8
20313755ns          339345 1c00ab96 00f50533 add              x10, x10, x15       x10=1c001828 x10:1c001828 x15:00000000
20313775ns          339346 1c00ab98 eadff06f jal              x0, -340           
20313815ns          339348 1c00aa44 00052603 lw               x12, 0(x10)         x12=10002500 x10:1c001828  PA:1c001828
20314119ns          339363 1c00aa46 00758593 addi             x11, x11, 7         x11=0000004b x11:00000044
20314139ns          339364 1c00aa48 c405b5b3 p.bclr           x11, x11, 2, 0      x11=00000048 x11:0000004b
20314160ns          339365 1c00aa4c 04060a63 beq              x12, x0, 84         x12:10002500
20314180ns          339366 1c00aa4e 00062703 lw               x14, 0(x12)         x14=0000db00 x12:10002500  PA:10002500
20314200ns          339367 1c00aa50 00462783 lw               x15, 4(x12)         x15=00000000 x12:10002500  PA:10002504
20314220ns          339368 1c00aa52 02b75963 bge              x14, x11, 50        x14:0000db00 x11:00000048
20314281ns          339371 1c00aa84 00e58b63 beq              x11, x14, 22        x11:00000048 x14:0000db00
20314301ns          339372 1c00aa88 00b606b3 add              x13, x12, x11       x13=10002548 x12:10002500 x11:00000048
20314321ns          339373 1c00aa8c 40b70733 sub              x14, x14, x11       x14=0000dab8 x14:0000db00 x11:00000048
20314342ns          339374 1c00aa8e 00f6a223 sw               x15, 4(x13)         x15:00000000 x13:10002548  PA:1000254c
20314362ns          339375 1c00aa90 00e6a023 sw               x14, 0(x13)         x14:0000dab8 x13:10002548  PA:10002548
20314382ns          339376 1c00aa92 00c007b3 add              x15, x0, x12        x15=10002500 x12:10002500
20314402ns          339377 1c00aa94 00d52023 sw               x13, 0(x10)         x13:10002548 x10:1c001828  PA:1c001828
20314726ns          339393 1c00aa96 00f00533 add              x10, x0, x15        x10=10002500 x15:10002500
20314746ns          339394 1c00aa98 00008067 jalr             x0, x1, 0            x1:1c0089a6
20314807ns          339397 1c0089a6 004a278b p.lw             x15, 4(x20!)        x15=100024b8 x20=1c00177c x20:1c001778  PA:1c001778
20315111ns          339412 1c0089aa 00350713 addi             x14, x10, 3         x14=10002503 x10:10002500
20315131ns          339413 1c0089ae 00378793 addi             x15, x15, 3         x15=100024bb x15:100024b8
20315151ns          339414 1c0089b0 c207b7b3 p.bclr           x15, x15, 1, 0      x15=100024b8 x15:100024bb
20315172ns          339415 1c0089b4 c2073733 p.bclr           x14, x14, 1, 0      x14=10002500 x14:10002503
20315192ns          339416 1c0089b8 00ac222b p.sw             x10, 4(x24!)        x24=1c00179c x10:10002500 x24:1c001798  PA:1c001798
20315495ns          339431 1c0089bc 00fba22b p.sw             x15, 4(x23!)        x23=1c0017bc x15:100024b8 x23:1c0017b8  PA:1c0017b8
20315819ns          339447 1c0089c0 00eb222b p.sw             x14, 4(x22!)        x22=1c0017dc x14:10002500 x22:1c0017d8  PA:1c0017d8
20316143ns          339463 1c0089c4 fd5a15e3 bne              x20, x21, -54       x20:1c00177c x21:1c001794
20316224ns          339467 1c00898e 04400593 addi             x11, x0, 68         x11=00000044
20316244ns          339468 1c008992 00000513 addi             x10, x0, 0          x10=00000000
20316264ns          339469 1c008994 1ee020ef jal              x1, 8686             x1=1c008998
20316305ns          339471 1c00ab82 00000793 addi             x15, x0, 0          x15=00000000
20316325ns          339472 1c00ab84 00050563 beq              x10, x0, 10         x10:00000000
20316406ns          339476 1c00ab8e 1c001737 lui              x14, 0x1c001000     x14=1c001000
20316426ns          339477 1c00ab92 7f872503 lw               x10, 2040(x14)      x10=1c001828 x14:1c001000  PA:1c0017f8
20316750ns          339493 1c00ab96 00f50533 add              x10, x10, x15       x10=1c001828 x10:1c001828 x15:00000000
20316770ns          339494 1c00ab98 eadff06f jal              x0, -340           
20316811ns          339496 1c00aa44 00052603 lw               x12, 0(x10)         x12=10002548 x10:1c001828  PA:1c001828
20317115ns          339511 1c00aa46 00758593 addi             x11, x11, 7         x11=0000004b x11:00000044
20317135ns          339512 1c00aa48 c405b5b3 p.bclr           x11, x11, 2, 0      x11=00000048 x11:0000004b
20317155ns          339513 1c00aa4c 04060a63 beq              x12, x0, 84         x12:10002548
20317175ns          339514 1c00aa4e 00062703 lw               x14, 0(x12)         x14=0000dab8 x12:10002548  PA:10002548
20317196ns          339515 1c00aa50 00462783 lw               x15, 4(x12)         x15=00000000 x12:10002548  PA:1000254c
20317216ns          339516 1c00aa52 02b75963 bge              x14, x11, 50        x14:0000dab8 x11:00000048
20317276ns          339519 1c00aa84 00e58b63 beq              x11, x14, 22        x11:00000048 x14:0000dab8
20317297ns          339520 1c00aa88 00b606b3 add              x13, x12, x11       x13=10002590 x12:10002548 x11:00000048
20317317ns          339521 1c00aa8c 40b70733 sub              x14, x14, x11       x14=0000da70 x14:0000dab8 x11:00000048
20317337ns          339522 1c00aa8e 00f6a223 sw               x15, 4(x13)         x15:00000000 x13:10002590  PA:10002594
20317357ns          339523 1c00aa90 00e6a023 sw               x14, 0(x13)         x14:0000da70 x13:10002590  PA:10002590
20317378ns          339524 1c00aa92 00c007b3 add              x15, x0, x12        x15=10002548 x12:10002548
20317398ns          339525 1c00aa94 00d52023 sw               x13, 0(x10)         x13:10002590 x10:1c001828  PA:1c001828
20317722ns          339541 1c00aa96 00f00533 add              x10, x0, x15        x10=10002548 x15:10002548
20317742ns          339542 1c00aa98 00008067 jalr             x0, x1, 0            x1:1c008998
20317782ns          339544 1c008998 00aa2023 sw               x10, 0(x20)         x10:10002548 x20:1c00177c  PA:1c00177c
20318106ns          339560 1c00899c 04400593 addi             x11, x0, 68         x11=00000044
20318127ns          339561 1c0089a0 00000513 addi             x10, x0, 0          x10=00000000
20318147ns          339562 1c0089a2 1e0020ef jal              x1, 8672             x1=1c0089a6
20318187ns          339564 1c00ab82 00000793 addi             x15, x0, 0          x15=00000000
20318208ns          339565 1c00ab84 00050563 beq              x10, x0, 10         x10:00000000
20318288ns          339569 1c00ab8e 1c001737 lui              x14, 0x1c001000     x14=1c001000
20318309ns          339570 1c00ab92 7f872503 lw               x10, 2040(x14)      x10=1c001828 x14:1c001000  PA:1c0017f8
20318633ns          339586 1c00ab96 00f50533 add              x10, x10, x15       x10=1c001828 x10:1c001828 x15:00000000
20318653ns          339587 1c00ab98 eadff06f jal              x0, -340           
20318693ns          339589 1c00aa44 00052603 lw               x12, 0(x10)         x12=10002590 x10:1c001828  PA:1c001828
20318997ns          339604 1c00aa46 00758593 addi             x11, x11, 7         x11=0000004b x11:00000044
20319017ns          339605 1c00aa48 c405b5b3 p.bclr           x11, x11, 2, 0      x11=00000048 x11:0000004b
20319037ns          339606 1c00aa4c 04060a63 beq              x12, x0, 84         x12:10002590
20319058ns          339607 1c00aa4e 00062703 lw               x14, 0(x12)         x14=0000da70 x12:10002590  PA:10002590
20319078ns          339608 1c00aa50 00462783 lw               x15, 4(x12)         x15=00000000 x12:10002590  PA:10002594
20319098ns          339609 1c00aa52 02b75963 bge              x14, x11, 50        x14:0000da70 x11:00000048
20319159ns          339612 1c00aa84 00e58b63 beq              x11, x14, 22        x11:00000048 x14:0000da70
20319179ns          339613 1c00aa88 00b606b3 add              x13, x12, x11       x13=100025d8 x12:10002590 x11:00000048
20319199ns          339614 1c00aa8c 40b70733 sub              x14, x14, x11       x14=0000da28 x14:0000da70 x11:00000048
20319220ns          339615 1c00aa8e 00f6a223 sw               x15, 4(x13)         x15:00000000 x13:100025d8  PA:100025dc
20319240ns          339616 1c00aa90 00e6a023 sw               x14, 0(x13)         x14:0000da28 x13:100025d8  PA:100025d8
20319260ns          339617 1c00aa92 00c007b3 add              x15, x0, x12        x15=10002590 x12:10002590
20319280ns          339618 1c00aa94 00d52023 sw               x13, 0(x10)         x13:100025d8 x10:1c001828  PA:1c001828
20319604ns          339634 1c00aa96 00f00533 add              x10, x0, x15        x10=10002590 x15:10002590
20319624ns          339635 1c00aa98 00008067 jalr             x0, x1, 0            x1:1c0089a6
20319685ns          339638 1c0089a6 004a278b p.lw             x15, 4(x20!)        x15=10002548 x20=1c001780 x20:1c00177c  PA:1c00177c
20319989ns          339653 1c0089aa 00350713 addi             x14, x10, 3         x14=10002593 x10:10002590
20320009ns          339654 1c0089ae 00378793 addi             x15, x15, 3         x15=1000254b x15:10002548
20320029ns          339655 1c0089b0 c207b7b3 p.bclr           x15, x15, 1, 0      x15=10002548 x15:1000254b
20320049ns          339656 1c0089b4 c2073733 p.bclr           x14, x14, 1, 0      x14=10002590 x14:10002593
20320070ns          339657 1c0089b8 00ac222b p.sw             x10, 4(x24!)        x24=1c0017a0 x10:10002590 x24:1c00179c  PA:1c00179c
20320393ns          339673 1c0089bc 00fba22b p.sw             x15, 4(x23!)        x23=1c0017c0 x15:10002548 x23:1c0017bc  PA:1c0017bc
20320717ns          339689 1c0089c0 00eb222b p.sw             x14, 4(x22!)        x22=1c0017e0 x14:10002590 x22:1c0017dc  PA:1c0017dc
20321041ns          339705 1c0089c4 fd5a15e3 bne              x20, x21, -54       x20:1c001780 x21:1c001794
20321122ns          339709 1c00898e 04400593 addi             x11, x0, 68         x11=00000044
20321142ns          339710 1c008992 00000513 addi             x10, x0, 0          x10=00000000
20321163ns          339711 1c008994 1ee020ef jal              x1, 8686             x1=1c008998
20321203ns          339713 1c00ab82 00000793 addi             x15, x0, 0          x15=00000000
20321223ns          339714 1c00ab84 00050563 beq              x10, x0, 10         x10:00000000
20321304ns          339718 1c00ab8e 1c001737 lui              x14, 0x1c001000     x14=1c001000
20321324ns          339719 1c00ab92 7f872503 lw               x10, 2040(x14)      x10=1c001828 x14:1c001000  PA:1c0017f8
20321648ns          339735 1c00ab96 00f50533 add              x10, x10, x15       x10=1c001828 x10:1c001828 x15:00000000
20321669ns          339736 1c00ab98 eadff06f jal              x0, -340           
20321709ns          339738 1c00aa44 00052603 lw               x12, 0(x10)         x12=100025d8 x10:1c001828  PA:1c001828
20322013ns          339753 1c00aa46 00758593 addi             x11, x11, 7         x11=0000004b x11:00000044
20322033ns          339754 1c00aa48 c405b5b3 p.bclr           x11, x11, 2, 0      x11=00000048 x11:0000004b
20322053ns          339755 1c00aa4c 04060a63 beq              x12, x0, 84         x12:100025d8
20322073ns          339756 1c00aa4e 00062703 lw               x14, 0(x12)         x14=0000da28 x12:100025d8  PA:100025d8
20322094ns          339757 1c00aa50 00462783 lw               x15, 4(x12)         x15=00000000 x12:100025d8  PA:100025dc
20322114ns          339758 1c00aa52 02b75963 bge              x14, x11, 50        x14:0000da28 x11:00000048
20322175ns          339761 1c00aa84 00e58b63 beq              x11, x14, 22        x11:00000048 x14:0000da28
20322195ns          339762 1c00aa88 00b606b3 add              x13, x12, x11       x13=10002620 x12:100025d8 x11:00000048
20322215ns          339763 1c00aa8c 40b70733 sub              x14, x14, x11       x14=0000d9e0 x14:0000da28 x11:00000048
20322235ns          339764 1c00aa8e 00f6a223 sw               x15, 4(x13)         x15:00000000 x13:10002620  PA:10002624
20322256ns          339765 1c00aa90 00e6a023 sw               x14, 0(x13)         x14:0000d9e0 x13:10002620  PA:10002620
20322276ns          339766 1c00aa92 00c007b3 add              x15, x0, x12        x15=100025d8 x12:100025d8
20322296ns          339767 1c00aa94 00d52023 sw               x13, 0(x10)         x13:10002620 x10:1c001828  PA:1c001828
20322620ns          339783 1c00aa96 00f00533 add              x10, x0, x15        x10=100025d8 x15:100025d8
20322640ns          339784 1c00aa98 00008067 jalr             x0, x1, 0            x1:1c008998
20322681ns          339786 1c008998 00aa2023 sw               x10, 0(x20)         x10:100025d8 x20:1c001780  PA:1c001780
20323004ns          339802 1c00899c 04400593 addi             x11, x0, 68         x11=00000044
20323025ns          339803 1c0089a0 00000513 addi             x10, x0, 0          x10=00000000
20323045ns          339804 1c0089a2 1e0020ef jal              x1, 8672             x1=1c0089a6
20323085ns          339806 1c00ab82 00000793 addi             x15, x0, 0          x15=00000000
20323106ns          339807 1c00ab84 00050563 beq              x10, x0, 10         x10:00000000
20323187ns          339811 1c00ab8e 1c001737 lui              x14, 0x1c001000     x14=1c001000
20323207ns          339812 1c00ab92 7f872503 lw               x10, 2040(x14)      x10=1c001828 x14:1c001000  PA:1c0017f8
20323531ns          339828 1c00ab96 00f50533 add              x10, x10, x15       x10=1c001828 x10:1c001828 x15:00000000
20323551ns          339829 1c00ab98 eadff06f jal              x0, -340           
20323591ns          339831 1c00aa44 00052603 lw               x12, 0(x10)         x12=10002620 x10:1c001828  PA:1c001828
20323895ns          339846 1c00aa46 00758593 addi             x11, x11, 7         x11=0000004b x11:00000044
20323915ns          339847 1c00aa48 c405b5b3 p.bclr           x11, x11, 2, 0      x11=00000048 x11:0000004b
20323935ns          339848 1c00aa4c 04060a63 beq              x12, x0, 84         x12:10002620
20323956ns          339849 1c00aa4e 00062703 lw               x14, 0(x12)         x14=0000d9e0 x12:10002620  PA:10002620
20323976ns          339850 1c00aa50 00462783 lw               x15, 4(x12)         x15=00000000 x12:10002620  PA:10002624
20323996ns          339851 1c00aa52 02b75963 bge              x14, x11, 50        x14:0000d9e0 x11:00000048
20324057ns          339854 1c00aa84 00e58b63 beq              x11, x14, 22        x11:00000048 x14:0000d9e0
20324077ns          339855 1c00aa88 00b606b3 add              x13, x12, x11       x13=10002668 x12:10002620 x11:00000048
20324097ns          339856 1c00aa8c 40b70733 sub              x14, x14, x11       x14=0000d998 x14:0000d9e0 x11:00000048
20324118ns          339857 1c00aa8e 00f6a223 sw               x15, 4(x13)         x15:00000000 x13:10002668  PA:1000266c
20324138ns          339858 1c00aa90 00e6a023 sw               x14, 0(x13)         x14:0000d998 x13:10002668  PA:10002668
20324158ns          339859 1c00aa92 00c007b3 add              x15, x0, x12        x15=10002620 x12:10002620
20324178ns          339860 1c00aa94 00d52023 sw               x13, 0(x10)         x13:10002668 x10:1c001828  PA:1c001828
20324502ns          339876 1c00aa96 00f00533 add              x10, x0, x15        x10=10002620 x15:10002620
20324522ns          339877 1c00aa98 00008067 jalr             x0, x1, 0            x1:1c0089a6
20324583ns          339880 1c0089a6 004a278b p.lw             x15, 4(x20!)        x15=100025d8 x20=1c001784 x20:1c001780  PA:1c001780
20324887ns          339895 1c0089aa 00350713 addi             x14, x10, 3         x14=10002623 x10:10002620
20324907ns          339896 1c0089ae 00378793 addi             x15, x15, 3         x15=100025db x15:100025d8
20324927ns          339897 1c0089b0 c207b7b3 p.bclr           x15, x15, 1, 0      x15=100025d8 x15:100025db
20324947ns          339898 1c0089b4 c2073733 p.bclr           x14, x14, 1, 0      x14=10002620 x14:10002623
20324968ns          339899 1c0089b8 00ac222b p.sw             x10, 4(x24!)        x24=1c0017a4 x10:10002620 x24:1c0017a0  PA:1c0017a0
20325292ns          339915 1c0089bc 00fba22b p.sw             x15, 4(x23!)        x23=1c0017c4 x15:100025d8 x23:1c0017c0  PA:1c0017c0
20325615ns          339931 1c0089c0 00eb222b p.sw             x14, 4(x22!)        x22=1c0017e4 x14:10002620 x22:1c0017e0  PA:1c0017e0
20325939ns          339947 1c0089c4 fd5a15e3 bne              x20, x21, -54       x20:1c001784 x21:1c001794
20326020ns          339951 1c00898e 04400593 addi             x11, x0, 68         x11=00000044
20326040ns          339952 1c008992 00000513 addi             x10, x0, 0          x10=00000000
20326061ns          339953 1c008994 1ee020ef jal              x1, 8686             x1=1c008998
20326101ns          339955 1c00ab82 00000793 addi             x15, x0, 0          x15=00000000
20326121ns          339956 1c00ab84 00050563 beq              x10, x0, 10         x10:00000000
20326202ns          339960 1c00ab8e 1c001737 lui              x14, 0x1c001000     x14=1c001000
20326223ns          339961 1c00ab92 7f872503 lw               x10, 2040(x14)      x10=1c001828 x14:1c001000  PA:1c0017f8
20326546ns          339977 1c00ab96 00f50533 add              x10, x10, x15       x10=1c001828 x10:1c001828 x15:00000000
20326567ns          339978 1c00ab98 eadff06f jal              x0, -340           
20326607ns          339980 1c00aa44 00052603 lw               x12, 0(x10)         x12=10002668 x10:1c001828  PA:1c001828
20326911ns          339995 1c00aa46 00758593 addi             x11, x11, 7         x11=0000004b x11:00000044
20326931ns          339996 1c00aa48 c405b5b3 p.bclr           x11, x11, 2, 0      x11=00000048 x11:0000004b
20326951ns          339997 1c00aa4c 04060a63 beq              x12, x0, 84         x12:10002668
20326971ns          339998 1c00aa4e 00062703 lw               x14, 0(x12)         x14=0000d998 x12:10002668  PA:10002668
20326992ns          339999 1c00aa50 00462783 lw               x15, 4(x12)         x15=00000000 x12:10002668  PA:1000266c
20327012ns          340000 1c00aa52 02b75963 bge              x14, x11, 50        x14:0000d998 x11:00000048
20327073ns          340003 1c00aa84 00e58b63 beq              x11, x14, 22        x11:00000048 x14:0000d998
20327093ns          340004 1c00aa88 00b606b3 add              x13, x12, x11       x13=100026b0 x12:10002668 x11:00000048
20327113ns          340005 1c00aa8c 40b70733 sub              x14, x14, x11       x14=0000d950 x14:0000d998 x11:00000048
20327133ns          340006 1c00aa8e 00f6a223 sw               x15, 4(x13)         x15:00000000 x13:100026b0  PA:100026b4
20327154ns          340007 1c00aa90 00e6a023 sw               x14, 0(x13)         x14:0000d950 x13:100026b0  PA:100026b0
20327174ns          340008 1c00aa92 00c007b3 add              x15, x0, x12        x15=10002668 x12:10002668
20327194ns          340009 1c00aa94 00d52023 sw               x13, 0(x10)         x13:100026b0 x10:1c001828  PA:1c001828
20327518ns          340025 1c00aa96 00f00533 add              x10, x0, x15        x10=10002668 x15:10002668
20327538ns          340026 1c00aa98 00008067 jalr             x0, x1, 0            x1:1c008998
20327579ns          340028 1c008998 00aa2023 sw               x10, 0(x20)         x10:10002668 x20:1c001784  PA:1c001784
20327902ns          340044 1c00899c 04400593 addi             x11, x0, 68         x11=00000044
20327923ns          340045 1c0089a0 00000513 addi             x10, x0, 0          x10=00000000
20327943ns          340046 1c0089a2 1e0020ef jal              x1, 8672             x1=1c0089a6
20327983ns          340048 1c00ab82 00000793 addi             x15, x0, 0          x15=00000000
20328004ns          340049 1c00ab84 00050563 beq              x10, x0, 10         x10:00000000
20328085ns          340053 1c00ab8e 1c001737 lui              x14, 0x1c001000     x14=1c001000
20328105ns          340054 1c00ab92 7f872503 lw               x10, 2040(x14)      x10=1c001828 x14:1c001000  PA:1c0017f8
20328429ns          340070 1c00ab96 00f50533 add              x10, x10, x15       x10=1c001828 x10:1c001828 x15:00000000
20328449ns          340071 1c00ab98 eadff06f jal              x0, -340           
20328489ns          340073 1c00aa44 00052603 lw               x12, 0(x10)         x12=100026b0 x10:1c001828  PA:1c001828
20328793ns          340088 1c00aa46 00758593 addi             x11, x11, 7         x11=0000004b x11:00000044
20328813ns          340089 1c00aa48 c405b5b3 p.bclr           x11, x11, 2, 0      x11=00000048 x11:0000004b
20328834ns          340090 1c00aa4c 04060a63 beq              x12, x0, 84         x12:100026b0
20328854ns          340091 1c00aa4e 00062703 lw               x14, 0(x12)         x14=0000d950 x12:100026b0  PA:100026b0
20328874ns          340092 1c00aa50 00462783 lw               x15, 4(x12)         x15=00000000 x12:100026b0  PA:100026b4
20328894ns          340093 1c00aa52 02b75963 bge              x14, x11, 50        x14:0000d950 x11:00000048
20328955ns          340096 1c00aa84 00e58b63 beq              x11, x14, 22        x11:00000048 x14:0000d950
20328975ns          340097 1c00aa88 00b606b3 add              x13, x12, x11       x13=100026f8 x12:100026b0 x11:00000048
20328995ns          340098 1c00aa8c 40b70733 sub              x14, x14, x11       x14=0000d908 x14:0000d950 x11:00000048
20329016ns          340099 1c00aa8e 00f6a223 sw               x15, 4(x13)         x15:00000000 x13:100026f8  PA:100026fc
20329036ns          340100 1c00aa90 00e6a023 sw               x14, 0(x13)         x14:0000d908 x13:100026f8  PA:100026f8
20329056ns          340101 1c00aa92 00c007b3 add              x15, x0, x12        x15=100026b0 x12:100026b0
20329076ns          340102 1c00aa94 00d52023 sw               x13, 0(x10)         x13:100026f8 x10:1c001828  PA:1c001828
20329400ns          340118 1c00aa96 00f00533 add              x10, x0, x15        x10=100026b0 x15:100026b0
20329420ns          340119 1c00aa98 00008067 jalr             x0, x1, 0            x1:1c0089a6
20329481ns          340122 1c0089a6 004a278b p.lw             x15, 4(x20!)        x15=10002668 x20=1c001788 x20:1c001784  PA:1c001784
20329785ns          340137 1c0089aa 00350713 addi             x14, x10, 3         x14=100026b3 x10:100026b0
20329805ns          340138 1c0089ae 00378793 addi             x15, x15, 3         x15=1000266b x15:10002668
20329825ns          340139 1c0089b0 c207b7b3 p.bclr           x15, x15, 1, 0      x15=10002668 x15:1000266b
20329846ns          340140 1c0089b4 c2073733 p.bclr           x14, x14, 1, 0      x14=100026b0 x14:100026b3
20329866ns          340141 1c0089b8 00ac222b p.sw             x10, 4(x24!)        x24=1c0017a8 x10:100026b0 x24:1c0017a4  PA:1c0017a4
20330190ns          340157 1c0089bc 00fba22b p.sw             x15, 4(x23!)        x23=1c0017c8 x15:10002668 x23:1c0017c4  PA:1c0017c4
20330513ns          340173 1c0089c0 00eb222b p.sw             x14, 4(x22!)        x22=1c0017e8 x14:100026b0 x22:1c0017e4  PA:1c0017e4
20330837ns          340189 1c0089c4 fd5a15e3 bne              x20, x21, -54       x20:1c001788 x21:1c001794
20330918ns          340193 1c00898e 04400593 addi             x11, x0, 68         x11=00000044
20330938ns          340194 1c008992 00000513 addi             x10, x0, 0          x10=00000000
20330959ns          340195 1c008994 1ee020ef jal              x1, 8686             x1=1c008998
20330999ns          340197 1c00ab82 00000793 addi             x15, x0, 0          x15=00000000
20331019ns          340198 1c00ab84 00050563 beq              x10, x0, 10         x10:00000000
20331100ns          340202 1c00ab8e 1c001737 lui              x14, 0x1c001000     x14=1c001000
20331121ns          340203 1c00ab92 7f872503 lw               x10, 2040(x14)      x10=1c001828 x14:1c001000  PA:1c0017f8
20331444ns          340219 1c00ab96 00f50533 add              x10, x10, x15       x10=1c001828 x10:1c001828 x15:00000000
20331465ns          340220 1c00ab98 eadff06f jal              x0, -340           
20331505ns          340222 1c00aa44 00052603 lw               x12, 0(x10)         x12=100026f8 x10:1c001828  PA:1c001828
20331809ns          340237 1c00aa46 00758593 addi             x11, x11, 7         x11=0000004b x11:00000044
20331829ns          340238 1c00aa48 c405b5b3 p.bclr           x11, x11, 2, 0      x11=00000048 x11:0000004b
20331849ns          340239 1c00aa4c 04060a63 beq              x12, x0, 84         x12:100026f8
20331870ns          340240 1c00aa4e 00062703 lw               x14, 0(x12)         x14=0000d908 x12:100026f8  PA:100026f8
20331890ns          340241 1c00aa50 00462783 lw               x15, 4(x12)         x15=00000000 x12:100026f8  PA:100026fc
20331910ns          340242 1c00aa52 02b75963 bge              x14, x11, 50        x14:0000d908 x11:00000048
20331971ns          340245 1c00aa84 00e58b63 beq              x11, x14, 22        x11:00000048 x14:0000d908
20331991ns          340246 1c00aa88 00b606b3 add              x13, x12, x11       x13=10002740 x12:100026f8 x11:00000048
20332011ns          340247 1c00aa8c 40b70733 sub              x14, x14, x11       x14=0000d8c0 x14:0000d908 x11:00000048
20332031ns          340248 1c00aa8e 00f6a223 sw               x15, 4(x13)         x15:00000000 x13:10002740  PA:10002744
20332052ns          340249 1c00aa90 00e6a023 sw               x14, 0(x13)         x14:0000d8c0 x13:10002740  PA:10002740
20332072ns          340250 1c00aa92 00c007b3 add              x15, x0, x12        x15=100026f8 x12:100026f8
20332092ns          340251 1c00aa94 00d52023 sw               x13, 0(x10)         x13:10002740 x10:1c001828  PA:1c001828
20332416ns          340267 1c00aa96 00f00533 add              x10, x0, x15        x10=100026f8 x15:100026f8
20332436ns          340268 1c00aa98 00008067 jalr             x0, x1, 0            x1:1c008998
20332477ns          340270 1c008998 00aa2023 sw               x10, 0(x20)         x10:100026f8 x20:1c001788  PA:1c001788
20332801ns          340286 1c00899c 04400593 addi             x11, x0, 68         x11=00000044
20332821ns          340287 1c0089a0 00000513 addi             x10, x0, 0          x10=00000000
20332841ns          340288 1c0089a2 1e0020ef jal              x1, 8672             x1=1c0089a6
20332882ns          340290 1c00ab82 00000793 addi             x15, x0, 0          x15=00000000
20332902ns          340291 1c00ab84 00050563 beq              x10, x0, 10         x10:00000000
20332983ns          340295 1c00ab8e 1c001737 lui              x14, 0x1c001000     x14=1c001000
20333003ns          340296 1c00ab92 7f872503 lw               x10, 2040(x14)      x10=1c001828 x14:1c001000  PA:1c0017f8
20333327ns          340312 1c00ab96 00f50533 add              x10, x10, x15       x10=1c001828 x10:1c001828 x15:00000000
20333347ns          340313 1c00ab98 eadff06f jal              x0, -340           
20333388ns          340315 1c00aa44 00052603 lw               x12, 0(x10)         x12=10002740 x10:1c001828  PA:1c001828
20333691ns          340330 1c00aa46 00758593 addi             x11, x11, 7         x11=0000004b x11:00000044
20333711ns          340331 1c00aa48 c405b5b3 p.bclr           x11, x11, 2, 0      x11=00000048 x11:0000004b
20333732ns          340332 1c00aa4c 04060a63 beq              x12, x0, 84         x12:10002740
20333752ns          340333 1c00aa4e 00062703 lw               x14, 0(x12)         x14=0000d8c0 x12:10002740  PA:10002740
20333772ns          340334 1c00aa50 00462783 lw               x15, 4(x12)         x15=00000000 x12:10002740  PA:10002744
20333792ns          340335 1c00aa52 02b75963 bge              x14, x11, 50        x14:0000d8c0 x11:00000048
20333853ns          340338 1c00aa84 00e58b63 beq              x11, x14, 22        x11:00000048 x14:0000d8c0
20333873ns          340339 1c00aa88 00b606b3 add              x13, x12, x11       x13=10002788 x12:10002740 x11:00000048
20333894ns          340340 1c00aa8c 40b70733 sub              x14, x14, x11       x14=0000d878 x14:0000d8c0 x11:00000048
20333914ns          340341 1c00aa8e 00f6a223 sw               x15, 4(x13)         x15:00000000 x13:10002788  PA:1000278c
20333934ns          340342 1c00aa90 00e6a023 sw               x14, 0(x13)         x14:0000d878 x13:10002788  PA:10002788
20333954ns          340343 1c00aa92 00c007b3 add              x15, x0, x12        x15=10002740 x12:10002740
20333974ns          340344 1c00aa94 00d52023 sw               x13, 0(x10)         x13:10002788 x10:1c001828  PA:1c001828
20334298ns          340360 1c00aa96 00f00533 add              x10, x0, x15        x10=10002740 x15:10002740
20334319ns          340361 1c00aa98 00008067 jalr             x0, x1, 0            x1:1c0089a6
20334379ns          340364 1c0089a6 004a278b p.lw             x15, 4(x20!)        x15=100026f8 x20=1c00178c x20:1c001788  PA:1c001788
20334683ns          340379 1c0089aa 00350713 addi             x14, x10, 3         x14=10002743 x10:10002740
20334703ns          340380 1c0089ae 00378793 addi             x15, x15, 3         x15=100026fb x15:100026f8
20334723ns          340381 1c0089b0 c207b7b3 p.bclr           x15, x15, 1, 0      x15=100026f8 x15:100026fb
20334744ns          340382 1c0089b4 c2073733 p.bclr           x14, x14, 1, 0      x14=10002740 x14:10002743
20334764ns          340383 1c0089b8 00ac222b p.sw             x10, 4(x24!)        x24=1c0017ac x10:10002740 x24:1c0017a8  PA:1c0017a8
20335088ns          340399 1c0089bc 00fba22b p.sw             x15, 4(x23!)        x23=1c0017cc x15:100026f8 x23:1c0017c8  PA:1c0017c8
20335412ns          340415 1c0089c0 00eb222b p.sw             x14, 4(x22!)        x22=1c0017ec x14:10002740 x22:1c0017e8  PA:1c0017e8
20335735ns          340431 1c0089c4 fd5a15e3 bne              x20, x21, -54       x20:1c00178c x21:1c001794
20335816ns          340435 1c00898e 04400593 addi             x11, x0, 68         x11=00000044
20335837ns          340436 1c008992 00000513 addi             x10, x0, 0          x10=00000000
20335857ns          340437 1c008994 1ee020ef jal              x1, 8686             x1=1c008998
20335897ns          340439 1c00ab82 00000793 addi             x15, x0, 0          x15=00000000
20335918ns          340440 1c00ab84 00050563 beq              x10, x0, 10         x10:00000000
20335998ns          340444 1c00ab8e 1c001737 lui              x14, 0x1c001000     x14=1c001000
20336019ns          340445 1c00ab92 7f872503 lw               x10, 2040(x14)      x10=1c001828 x14:1c001000  PA:1c0017f8
20336343ns          340461 1c00ab96 00f50533 add              x10, x10, x15       x10=1c001828 x10:1c001828 x15:00000000
20336363ns          340462 1c00ab98 eadff06f jal              x0, -340           
20336403ns          340464 1c00aa44 00052603 lw               x12, 0(x10)         x12=10002788 x10:1c001828  PA:1c001828
20336707ns          340479 1c00aa46 00758593 addi             x11, x11, 7         x11=0000004b x11:00000044
20336727ns          340480 1c00aa48 c405b5b3 p.bclr           x11, x11, 2, 0      x11=00000048 x11:0000004b
20336747ns          340481 1c00aa4c 04060a63 beq              x12, x0, 84         x12:10002788
20336768ns          340482 1c00aa4e 00062703 lw               x14, 0(x12)         x14=0000d878 x12:10002788  PA:10002788
20336788ns          340483 1c00aa50 00462783 lw               x15, 4(x12)         x15=00000000 x12:10002788  PA:1000278c
20336808ns          340484 1c00aa52 02b75963 bge              x14, x11, 50        x14:0000d878 x11:00000048
20336869ns          340487 1c00aa84 00e58b63 beq              x11, x14, 22        x11:00000048 x14:0000d878
20336889ns          340488 1c00aa88 00b606b3 add              x13, x12, x11       x13=100027d0 x12:10002788 x11:00000048
20336909ns          340489 1c00aa8c 40b70733 sub              x14, x14, x11       x14=0000d830 x14:0000d878 x11:00000048
20336930ns          340490 1c00aa8e 00f6a223 sw               x15, 4(x13)         x15:00000000 x13:100027d0  PA:100027d4
20336950ns          340491 1c00aa90 00e6a023 sw               x14, 0(x13)         x14:0000d830 x13:100027d0  PA:100027d0
20336970ns          340492 1c00aa92 00c007b3 add              x15, x0, x12        x15=10002788 x12:10002788
20336990ns          340493 1c00aa94 00d52023 sw               x13, 0(x10)         x13:100027d0 x10:1c001828  PA:1c001828
20337314ns          340509 1c00aa96 00f00533 add              x10, x0, x15        x10=10002788 x15:10002788
20337334ns          340510 1c00aa98 00008067 jalr             x0, x1, 0            x1:1c008998
20337375ns          340512 1c008998 00aa2023 sw               x10, 0(x20)         x10:10002788 x20:1c00178c  PA:1c00178c
20337699ns          340528 1c00899c 04400593 addi             x11, x0, 68         x11=00000044
20337719ns          340529 1c0089a0 00000513 addi             x10, x0, 0          x10=00000000
20337739ns          340530 1c0089a2 1e0020ef jal              x1, 8672             x1=1c0089a6
20337780ns          340532 1c00ab82 00000793 addi             x15, x0, 0          x15=00000000
20337800ns          340533 1c00ab84 00050563 beq              x10, x0, 10         x10:00000000
20337881ns          340537 1c00ab8e 1c001737 lui              x14, 0x1c001000     x14=1c001000
20337901ns          340538 1c00ab92 7f872503 lw               x10, 2040(x14)      x10=1c001828 x14:1c001000  PA:1c0017f8
20338225ns          340554 1c00ab96 00f50533 add              x10, x10, x15       x10=1c001828 x10:1c001828 x15:00000000
20338245ns          340555 1c00ab98 eadff06f jal              x0, -340           
20338286ns          340557 1c00aa44 00052603 lw               x12, 0(x10)         x12=100027d0 x10:1c001828  PA:1c001828
20338589ns          340572 1c00aa46 00758593 addi             x11, x11, 7         x11=0000004b x11:00000044
20338609ns          340573 1c00aa48 c405b5b3 p.bclr           x11, x11, 2, 0      x11=00000048 x11:0000004b
20338630ns          340574 1c00aa4c 04060a63 beq              x12, x0, 84         x12:100027d0
20338650ns          340575 1c00aa4e 00062703 lw               x14, 0(x12)         x14=0000d830 x12:100027d0  PA:100027d0
20338670ns          340576 1c00aa50 00462783 lw               x15, 4(x12)         x15=00000000 x12:100027d0  PA:100027d4
20338690ns          340577 1c00aa52 02b75963 bge              x14, x11, 50        x14:0000d830 x11:00000048
20338751ns          340580 1c00aa84 00e58b63 beq              x11, x14, 22        x11:00000048 x14:0000d830
20338771ns          340581 1c00aa88 00b606b3 add              x13, x12, x11       x13=10002818 x12:100027d0 x11:00000048
20338792ns          340582 1c00aa8c 40b70733 sub              x14, x14, x11       x14=0000d7e8 x14:0000d830 x11:00000048
20338812ns          340583 1c00aa8e 00f6a223 sw               x15, 4(x13)         x15:00000000 x13:10002818  PA:1000281c
20338832ns          340584 1c00aa90 00e6a023 sw               x14, 0(x13)         x14:0000d7e8 x13:10002818  PA:10002818
20338852ns          340585 1c00aa92 00c007b3 add              x15, x0, x12        x15=100027d0 x12:100027d0
20338873ns          340586 1c00aa94 00d52023 sw               x13, 0(x10)         x13:10002818 x10:1c001828  PA:1c001828
20339196ns          340602 1c00aa96 00f00533 add              x10, x0, x15        x10=100027d0 x15:100027d0
20339217ns          340603 1c00aa98 00008067 jalr             x0, x1, 0            x1:1c0089a6
20339277ns          340606 1c0089a6 004a278b p.lw             x15, 4(x20!)        x15=10002788 x20=1c001790 x20:1c00178c  PA:1c00178c
20339581ns          340621 1c0089aa 00350713 addi             x14, x10, 3         x14=100027d3 x10:100027d0
20339601ns          340622 1c0089ae 00378793 addi             x15, x15, 3         x15=1000278b x15:10002788
20339621ns          340623 1c0089b0 c207b7b3 p.bclr           x15, x15, 1, 0      x15=10002788 x15:1000278b
20339642ns          340624 1c0089b4 c2073733 p.bclr           x14, x14, 1, 0      x14=100027d0 x14:100027d3
20339662ns          340625 1c0089b8 00ac222b p.sw             x10, 4(x24!)        x24=1c0017b0 x10:100027d0 x24:1c0017ac  PA:1c0017ac
20339986ns          340641 1c0089bc 00fba22b p.sw             x15, 4(x23!)        x23=1c0017d0 x15:10002788 x23:1c0017cc  PA:1c0017cc
20340310ns          340657 1c0089c0 00eb222b p.sw             x14, 4(x22!)        x22=1c0017f0 x14:100027d0 x22:1c0017ec  PA:1c0017ec
20340633ns          340673 1c0089c4 fd5a15e3 bne              x20, x21, -54       x20:1c001790 x21:1c001794
20340714ns          340677 1c00898e 04400593 addi             x11, x0, 68         x11=00000044
20340735ns          340678 1c008992 00000513 addi             x10, x0, 0          x10=00000000
20340755ns          340679 1c008994 1ee020ef jal              x1, 8686             x1=1c008998
20340795ns          340681 1c00ab82 00000793 addi             x15, x0, 0          x15=00000000
20340816ns          340682 1c00ab84 00050563 beq              x10, x0, 10         x10:00000000
20340897ns          340686 1c00ab8e 1c001737 lui              x14, 0x1c001000     x14=1c001000
20340917ns          340687 1c00ab92 7f872503 lw               x10, 2040(x14)      x10=1c001828 x14:1c001000  PA:1c0017f8
20341241ns          340703 1c00ab96 00f50533 add              x10, x10, x15       x10=1c001828 x10:1c001828 x15:00000000
20341261ns          340704 1c00ab98 eadff06f jal              x0, -340           
20341301ns          340706 1c00aa44 00052603 lw               x12, 0(x10)         x12=10002818 x10:1c001828  PA:1c001828
20341605ns          340721 1c00aa46 00758593 addi             x11, x11, 7         x11=0000004b x11:00000044
20341625ns          340722 1c00aa48 c405b5b3 p.bclr           x11, x11, 2, 0      x11=00000048 x11:0000004b
20341645ns          340723 1c00aa4c 04060a63 beq              x12, x0, 84         x12:10002818
20341666ns          340724 1c00aa4e 00062703 lw               x14, 0(x12)         x14=0000d7e8 x12:10002818  PA:10002818
20341686ns          340725 1c00aa50 00462783 lw               x15, 4(x12)         x15=00000000 x12:10002818  PA:1000281c
20341706ns          340726 1c00aa52 02b75963 bge              x14, x11, 50        x14:0000d7e8 x11:00000048
20341767ns          340729 1c00aa84 00e58b63 beq              x11, x14, 22        x11:00000048 x14:0000d7e8
20341787ns          340730 1c00aa88 00b606b3 add              x13, x12, x11       x13=10002860 x12:10002818 x11:00000048
20341807ns          340731 1c00aa8c 40b70733 sub              x14, x14, x11       x14=0000d7a0 x14:0000d7e8 x11:00000048
20341828ns          340732 1c00aa8e 00f6a223 sw               x15, 4(x13)         x15:00000000 x13:10002860  PA:10002864
20341848ns          340733 1c00aa90 00e6a023 sw               x14, 0(x13)         x14:0000d7a0 x13:10002860  PA:10002860
20341868ns          340734 1c00aa92 00c007b3 add              x15, x0, x12        x15=10002818 x12:10002818
20341888ns          340735 1c00aa94 00d52023 sw               x13, 0(x10)         x13:10002860 x10:1c001828  PA:1c001828
20342212ns          340751 1c00aa96 00f00533 add              x10, x0, x15        x10=10002818 x15:10002818
20342232ns          340752 1c00aa98 00008067 jalr             x0, x1, 0            x1:1c008998
20342273ns          340754 1c008998 00aa2023 sw               x10, 0(x20)         x10:10002818 x20:1c001790  PA:1c001790
20342597ns          340770 1c00899c 04400593 addi             x11, x0, 68         x11=00000044
20342617ns          340771 1c0089a0 00000513 addi             x10, x0, 0          x10=00000000
20342637ns          340772 1c0089a2 1e0020ef jal              x1, 8672             x1=1c0089a6
20342678ns          340774 1c00ab82 00000793 addi             x15, x0, 0          x15=00000000
20342698ns          340775 1c00ab84 00050563 beq              x10, x0, 10         x10:00000000
20342779ns          340779 1c00ab8e 1c001737 lui              x14, 0x1c001000     x14=1c001000
20342799ns          340780 1c00ab92 7f872503 lw               x10, 2040(x14)      x10=1c001828 x14:1c001000  PA:1c0017f8
20343123ns          340796 1c00ab96 00f50533 add              x10, x10, x15       x10=1c001828 x10:1c001828 x15:00000000
20343143ns          340797 1c00ab98 eadff06f jal              x0, -340           
20343184ns          340799 1c00aa44 00052603 lw               x12, 0(x10)         x12=10002860 x10:1c001828  PA:1c001828
20343487ns          340814 1c00aa46 00758593 addi             x11, x11, 7         x11=0000004b x11:00000044
20343508ns          340815 1c00aa48 c405b5b3 p.bclr           x11, x11, 2, 0      x11=00000048 x11:0000004b
20343528ns          340816 1c00aa4c 04060a63 beq              x12, x0, 84         x12:10002860
20343548ns          340817 1c00aa4e 00062703 lw               x14, 0(x12)         x14=0000d7a0 x12:10002860  PA:10002860
20343568ns          340818 1c00aa50 00462783 lw               x15, 4(x12)         x15=00000000 x12:10002860  PA:10002864
20343588ns          340819 1c00aa52 02b75963 bge              x14, x11, 50        x14:0000d7a0 x11:00000048
20343649ns          340822 1c00aa84 00e58b63 beq              x11, x14, 22        x11:00000048 x14:0000d7a0
20343669ns          340823 1c00aa88 00b606b3 add              x13, x12, x11       x13=100028a8 x12:10002860 x11:00000048
20343690ns          340824 1c00aa8c 40b70733 sub              x14, x14, x11       x14=0000d758 x14:0000d7a0 x11:00000048
20343710ns          340825 1c00aa8e 00f6a223 sw               x15, 4(x13)         x15:00000000 x13:100028a8  PA:100028ac
20343730ns          340826 1c00aa90 00e6a023 sw               x14, 0(x13)         x14:0000d758 x13:100028a8  PA:100028a8
20343750ns          340827 1c00aa92 00c007b3 add              x15, x0, x12        x15=10002860 x12:10002860
20343771ns          340828 1c00aa94 00d52023 sw               x13, 0(x10)         x13:100028a8 x10:1c001828  PA:1c001828
20344094ns          340844 1c00aa96 00f00533 add              x10, x0, x15        x10=10002860 x15:10002860
20344115ns          340845 1c00aa98 00008067 jalr             x0, x1, 0            x1:1c0089a6
20344175ns          340848 1c0089a6 004a278b p.lw             x15, 4(x20!)        x15=10002818 x20=1c001794 x20:1c001790  PA:1c001790
20344479ns          340863 1c0089aa 00350713 addi             x14, x10, 3         x14=10002863 x10:10002860
20344499ns          340864 1c0089ae 00378793 addi             x15, x15, 3         x15=1000281b x15:10002818
20344520ns          340865 1c0089b0 c207b7b3 p.bclr           x15, x15, 1, 0      x15=10002818 x15:1000281b
20344540ns          340866 1c0089b4 c2073733 p.bclr           x14, x14, 1, 0      x14=10002860 x14:10002863
20344560ns          340867 1c0089b8 00ac222b p.sw             x10, 4(x24!)        x24=1c0017b4 x10:10002860 x24:1c0017b0  PA:1c0017b0
20344884ns          340883 1c0089bc 00fba22b p.sw             x15, 4(x23!)        x23=1c0017d4 x15:10002818 x23:1c0017d0  PA:1c0017d0
20345208ns          340899 1c0089c0 00eb222b p.sw             x14, 4(x22!)        x22=1c0017f4 x14:10002860 x22:1c0017f0  PA:1c0017f0
20345532ns          340915 1c0089c4 fd5a15e3 bne              x20, x21, -54       x20:1c001794 x21:1c001794
20345552ns          340916 1c0089c8 dd3ff06f jal              x0, -558           
20345673ns          340922 1c00879a 002046b7 lui              x13, 0x204000       x13=00204000
20345734ns          340925 1c00879e 21c68793 addi             x15, x13, 540       x15=0020421c x13:00204000
20345754ns          340926 1c0087a2 0007a783 lw               x15, 0(x15)         x15=00010000 x15:0020421c  PA:0020421c
20345815ns          340929 1c0087a4 00249a13 slli             x20, x9, 0x2        x20=00000000  x9:00000000
20345835ns          340930 1c0087a8 2149f803 lw               x16, x20(x19)       x16=10002428 x20:00000000 x19:1c0017b4  PA:1c0017b4
20346139ns          340945 1c0087ac 0c068593 addi             x11, x13, 192       x11=002040c0 x13:00204000
20346159ns          340946 1c0087b0 0005a783 lw               x15, 0(x11)         x15=00000000 x11:002040c0  PA:002040c0
20346220ns          340949 1c0087b2 002027b7 lui              x15, 0x202000       x15=00202000
20346240ns          340950 1c0087b6 80078793 addi             x15, x15, -2048     x15=00201800 x15:00202000
20346260ns          340951 1c0087ba 0007a603 lw               x12, 0(x15)         x12=00000000 x15:00201800  PA:00201800
20346665ns          340971 1c0087be 00160737 lui              x14, 0x160000       x14=00160000
20346685ns          340972 1c0087c2 00100513 addi             x10, x0, 1          x10=00000001
20346705ns          340973 1c0087c4 04070713 addi             x14, x14, 64        x14=00160040 x14:00160000
20346726ns          340974 1c0087c8 c1674733 p.bset           x14, x14, 0, 22     x14=00560040 x14:00160040
20346746ns          340975 1c0087cc 00e7a023 sw               x14, 0(x15)         x14:00560040 x15:00201800  PA:00201800
20347151ns          340995 1c0087d0 0107a023 sw               x16, 0(x15)         x16:10002428 x15:00201800  PA:00201800
20347252ns          341000 1c0087d4 1c001837 lui              x16, 0x1c001000     x16=1c001000
20347272ns          341001 1c0087d8 27080813 addi             x16, x16, 624       x16=1c001270 x16:1c001000
20347292ns          341002 1c0087dc 0107a023 sw               x16, 0(x15)         x16:1c001270 x15:00201800  PA:00201800
20347636ns          341019 1c0087e0 0c06a023 sw               x0, 192(x13)        x13:00204000  PA:002040c0
20347677ns          341021 1c0087e4 0005a703 lw               x14, 0(x11)         x14=00000000 x11:002040c0  PA:002040c0
20348244ns          341049 1c0087e6 0047a703 lw               x14, 4(x15)         x14=00030002 x15:00201800  PA:00201804
20348345ns          341054 1c0087ea 40c75733 sra              x14, x14, x12       x14=00030002 x14:00030002 x12:00000000
20348365ns          341055 1c0087ee fc173733 p.bclr           x14, x14, 30, 1     x14=00000000 x14:00030002
20348385ns          341056 1c0087f2 00c51533 sll              x10, x10, x12       x10=00000001 x10:00000001 x12:00000000
20348406ns          341057 1c0087f6 02070363 beq              x14, x0, 38         x14:00000000
20349397ns          341106 1c00881c 002027b7 lui              x15, 0x202000       x15=00202000
20349822ns          341127 1c008820 80078793 addi             x15, x15, -2048     x15=00201800 x15:00202000
20349863ns          341129 1c008824 00a7a223 sw               x10, 4(x15)         x10:00000001 x15:00201800  PA:00201804
20349944ns          341133 1c008828 00204637 lui              x12, 0x204000       x12=00204000
20349964ns          341134 1c00882c 0c062023 sw               x0, 192(x12)        x12:00204000  PA:002040c0
20350308ns          341151 1c008830 21497883 lw               x17, x20(x18)       x17=10002470 x20:00000000 x18:1c0017d4  PA:1c0017d4
20350632ns          341167 1c008834 0c060713 addi             x14, x12, 192       x14=002040c0 x12:00204000
20350652ns          341168 1c008838 00072683 lw               x13, 0(x14)         x13=00000000 x14:002040c0  PA:002040c0
20351300ns          341200 1c00883a 0007a583 lw               x11, 0(x15)         x11=00000001 x15:00201800  PA:00201800
20351381ns          341204 1c00883e 001606b7 lui              x13, 0x160000       x13=00160000
20351401ns          341205 1c008842 00100513 addi             x10, x0, 1          x10=00000001
20351421ns          341206 1c008844 04068693 addi             x13, x13, 64        x13=00160040 x13:00160000
20351442ns          341207 1c008848 c166c6b3 p.bset           x13, x13, 0, 22     x13=00560040 x13:00160040
20351462ns          341208 1c00884c 00d7a023 sw               x13, 0(x15)         x13:00560040 x15:00201800  PA:00201800
20352029ns          341236 1c008850 0117a023 sw               x17, 0(x15)         x17:10002470 x15:00201800  PA:00201800
20352130ns          341241 1c008854 04080813 addi             x16, x16, 64        x16=1c0012b0 x16:1c001270
20352150ns          341242 1c008858 0107a023 sw               x16, 0(x15)         x16:1c0012b0 x15:00201800  PA:00201800
20352231ns          341246 1c00885c 0c062023 sw               x0, 192(x12)        x12:00204000  PA:002040c0
20352514ns          341260 1c008860 00072683 lw               x13, 0(x14)         x13=00000000 x14:002040c0  PA:002040c0
20352777ns          341273 1c008862 0047a683 lw               x13, 4(x15)         x13=00070006 x15:00201800  PA:00201804
20352879ns          341278 1c008866 40b6d6b3 sra              x13, x13, x11       x13=00038003 x13:00070006 x11:00000001
20352899ns          341279 1c00886a fc16b6b3 p.bclr           x13, x13, 30, 1     x13=00000001 x13:00038003
20353486ns          341308 1c00886e 14068e63 beq              x13, x0, 348        x13:00000001
20353526ns          341310 1c008872 002046b7 lui              x13, 0x204000       x13=00204000
20353547ns          341311 1c008876 00b51533 sll              x10, x10, x11       x10=00000002 x10:00000001 x11:00000001
20353567ns          341312 1c00887a 03c68813 addi             x16, x13, 60        x16=0020403c x13:00204000
20353972ns          341332 1c00887e 10000593 addi             x11, x0, 256        x11=00000100
20353992ns          341333 1c008882 00f00633 add              x12, x0, x15        x12=00201800 x15:00201800
20354012ns          341334 1c008884 0c06a023 sw               x0, 192(x13)        x13:00204000  PA:002040c0
20354032ns          341335 1c008888 00b6a423 sw               x11, 8(x13)         x11:00000100 x13:00204000  PA:00204008
20354053ns          341336 1c00888c 00082783 lw               x15, 0(x16)         x15=00000100 x16:0020403c  PA:0020403c
20354457ns          341356 1c008890 00b6a223 sw               x11, 4(x13)         x11:00000100 x13:00204000  PA:00204004
20354498ns          341358 1c008894 00072783 lw               x15, 0(x14)         x15=00000000 x14:002040c0  PA:002040c0
20355449ns          341405 1c008896 00462783 lw               x15, 4(x12)         x15=00030000 x12:00201800  PA:00201804
20355550ns          341410 1c00889a 00a7f7b3 and              x15, x15, x10       x15=00000000 x15:00030000 x10:00000002
20355571ns          341411 1c00889c fe0794e3 bne              x15, x0, -24        x15:00000000
20355591ns          341412 1c00889e 002027b7 lui              x15, 0x202000       x15=00202000
20355611ns          341413 1c0088a2 80078793 addi             x15, x15, -2048     x15=00201800 x15:00202000
20355631ns          341414 1c0088a6 00a7a223 sw               x10, 4(x15)         x10:00000002 x15:00201800  PA:00201804
20355712ns          341418 1c0088aa 002047b7 lui              x15, 0x204000       x15=00204000
20355732ns          341419 1c0088ae 0c07a023 sw               x0, 192(x15)        x15:00204000  PA:002040c0
20355753ns          341420 1c0088b2 02049463 bne              x9, x0, 40           x9:00000000
20355773ns          341421 1c0088b4 002007b7 lui              x15, 0x200000       x15=00200000
20355793ns          341422 1c0088b8 01878793 addi             x15, x15, 24        x15=00200018 x15:00200000
20355813ns          341423 1c0088ba 0007a703 lw               x14, 0(x15)         x14=00000000 x15:00200018  PA:00200018
20355915ns          341428 1c0088bc c0b74733 p.bset           x14, x14, 0, 11     x14=00000800 x14:00000000
20356198ns          341442 1c0088c0 00e7a023 sw               x14, 0(x15)         x14:00000800 x15:00200018  PA:00200018
20356279ns          341446 1c0088c2 0007a703 lw               x14, 0(x15)         x14=00000800 x15:00200018  PA:00200018
20356380ns          341451 1c0088c4 c0874733 p.bset           x14, x14, 0, 8      x14=00000900 x14:00000800
20356400ns          341452 1c0088c8 00e7a023 sw               x14, 0(x15)         x14:00000900 x15:00200018  PA:00200018
20356481ns          341456 1c0088ca 0007a703 lw               x14, 0(x15)         x14=00000900 x15:00200018  PA:00200018
20356583ns          341461 1c0088cc ce073733 p.bclr           x14, x14, 7, 0      x14=00000900 x14:00000900
20356603ns          341462 1c0088d0 00e7a023 sw               x14, 0(x15)         x14:00000900 x15:00200018  PA:00200018
20356684ns          341466 1c0088d2 0007a703 lw               x14, 0(x15)         x14=00000900 x15:00200018  PA:00200018
20356785ns          341471 1c0088d4 c0374733 p.bset           x14, x14, 0, 3      x14=00000908 x14:00000900
20356805ns          341472 1c0088d8 00e7a023 sw               x14, 0(x15)         x14:00000908 x15:00200018  PA:00200018
20356886ns          341476 1c0088da 002047b7 lui              x15, 0x204000       x15=00204000
20356906ns          341477 1c0088de 21c7a783 lw               x15, 540(x15)       x15=00010000 x15:00204000  PA:0020421c
20370002ns          342124 1c0088e2 00042a23 sw               x0, 20(x8)           x8:10201000  PA:10201014
20370083ns          342128 1c0088e6 2149f583 lw               x11, x20(x19)       x11=10002428 x20:00000000 x19:1c0017b4  PA:1c0017b4
20370386ns          342143 1c0088ea 00800533 add              x10, x0, x8         x10=10201000  x8:10201000
20370406ns          342144 1c0088ec 02000693 addi             x13, x0, 32         x13=00000020
20370427ns          342145 1c0088f0 04000613 addi             x12, x0, 64         x12=00000040
20370447ns          342146 1c0088f4 174000ef jal              x1, 372              x1=1c0088f6
20370872ns          342167 1c008a68 00450893 addi             x17, x10, 4         x17=10201004 x10:10201000
20370912ns          342169 1c008a6c 0008a783 lw               x15, 0(x17)         x15=00000000 x17:10201004  PA:10201004
20371317ns          342189 1c008a70 0207d163 bge              x15, x0, 34         x15:00000000
20371803ns          342213 1c008a92 04050793 addi             x15, x10, 64        x15=10201040 x10:10201000
20371823ns          342214 1c008a96 00b7a023 sw               x11, 0(x15)         x11:10002428 x15:10201040  PA:10201040
20371904ns          342218 1c008a9a 02d64633 div              x12, x12, x13       x12=00000002 x12:00000040 x13:00000020
20372511ns          342248 1c008a9e 00c7a223 sw               x12, 4(x15)         x12:00000002 x15:10201040  PA:10201044
20372592ns          342252 1c008aa2 00c7a423 sw               x12, 8(x15)         x12:00000002 x15:10201040  PA:10201048
20372694ns          342257 1c008aa6 00d7a623 sw               x13, 12(x15)        x13:00000020 x15:10201040  PA:1020104c
20372795ns          342262 1c008aaa 00052023 sw               x0, 0(x10)          x10:10201000  PA:10201000
20372957ns          342270 1c008aae 00008067 jalr             x0, x1, 0            x1:1c0088f6
20373038ns          342274 1c0088f6 21497583 lw               x11, x20(x18)       x11=10002470 x20:00000000 x18:1c0017d4  PA:1c0017d4
20373341ns          342289 1c0088fa 02000693 addi             x13, x0, 32         x13=00000020
20373362ns          342290 1c0088fe 00800533 add              x10, x0, x8         x10=10201000  x8:10201000
20373463ns          342295 1c008900 04000613 addi             x12, x0, 64         x12=00000040
20373503ns          342297 1c008904 164000ef jal              x1, 356              x1=1c008906
20373544ns          342299 1c008a68 00450893 addi             x17, x10, 4         x17=10201004 x10:10201000
20373564ns          342300 1c008a6c 0008a783 lw               x15, 0(x17)         x15=00000001 x17:10201004  PA:10201004
20373665ns          342305 1c008a70 0207d163 bge              x15, x0, 34         x15:00000001
20374110ns          342327 1c008a92 04050793 addi             x15, x10, 64        x15=10201040 x10:10201000
20374131ns          342328 1c008a96 00b7a023 sw               x11, 0(x15)         x11:10002470 x15:10201040  PA:10201040
20374212ns          342332 1c008a9a 02d64633 div              x12, x12, x13       x12=00000002 x12:00000040 x13:00000020
20374799ns          342361 1c008a9e 00c7a223 sw               x12, 4(x15)         x12:00000002 x15:10201040  PA:10201044
20374880ns          342365 1c008aa2 00c7a423 sw               x12, 8(x15)         x12:00000002 x15:10201040  PA:10201048
20374960ns          342369 1c008aa6 00d7a623 sw               x13, 12(x15)        x13:00000020 x15:10201040  PA:1020104c
20375163ns          342379 1c008aaa 00052023 sw               x0, 0(x10)          x10:10201000  PA:10201000
20375325ns          342387 1c008aae 00008067 jalr             x0, x1, 0            x1:1c008906
20375345ns          342388 1c008906 002047b7 lui              x15, 0x204000       x15=00204000
20375365ns          342389 1c00890a 00c40413 addi             x8, x8, 12           x8=1020100c  x8:10201000
20375386ns          342390 1c00890c 000016b7 lui              x13, 0x1000         x13=00001000
20375811ns          342411 1c00890e 03c78713 addi             x14, x15, 60        x14=0020403c x15:00204000
20375851ns          342413 1c008912 00d7a423 sw               x13, 8(x15)         x13:00001000 x15:00204000  PA:00204008
20375871ns          342414 1c008916 00072603 lw               x12, 0(x14)         x12=00001000 x14:0020403c  PA:0020403c
20375892ns          342415 1c008918 00d7a223 sw               x13, 4(x15)         x13:00001000 x15:00204000  PA:00204004
20375932ns          342417 1c00891c 00042603 lw               x12, 0(x8)          x12=00000000  x8:1020100c  PA:1020100c
20376033ns          342422 1c00891e fe061ae3 bne              x12, x0, -12        x12:00000000
20376377ns          342439 1c008920 21c78793 addi             x15, x15, 540       x15=0020421c x15:00204000
20376418ns          342441 1c008924 0007a783 lw               x15, 0(x15)         x15=00010000 x15:0020421c  PA:0020421c
20376499ns          342445 1c008926 00049c63 bne              x9, x0, 24           x9:00000000
20376519ns          342446 1c008928 002007b7 lui              x15, 0x200000       x15=00200000
20376539ns          342447 1c00892c 01878793 addi             x15, x15, 24        x15=00200018 x15:00200000
20376559ns          342448 1c00892e 0007a703 lw               x14, 0(x15)         x14=00000908 x15:00200018  PA:00200018
20376863ns          342463 1c008930 c0b73733 p.bclr           x14, x14, 0, 11     x14=00000108 x14:00000908
20376904ns          342465 1c008934 00e7a023 sw               x14, 0(x15)         x14:00000108 x15:00200018  PA:00200018
20376984ns          342469 1c008936 0007a703 lw               x14, 0(x15)         x14=00000108 x15:00200018  PA:00200018
20377086ns          342474 1c008938 c0873733 p.bclr           x14, x14, 0, 8      x14=00000008 x14:00000108
20377106ns          342475 1c00893c 00e7a023 sw               x14, 0(x15)         x14:00000008 x15:00200018  PA:00200018
20377187ns          342479 1c00893e 02812403 lw               x8, 40(x2)           x8=00204000  x2:100007e8  PA:10000810
20377268ns          342483 1c008940 21497703 lw               x14, x20(x18)       x14=10002470 x20:00000000 x18:1c0017d4  PA:1c0017d4
20377713ns          342505 1c008944 02c12083 lw               x1, 44(x2)           x1=1c0089f2  x2:100007e8  PA:10000814
20377733ns          342506 1c008946 02012903 lw               x18, 32(x2)         x18=xxxxxxxx  x2:100007e8  PA:10000808
20377754ns          342507 1c008948 01c12983 lw               x19, 28(x2)         x19=00204000  x2:100007e8  PA:10000804
20377774ns          342508 1c00894a 01812a03 lw               x20, 24(x2)         x20=00000002  x2:100007e8  PA:10000800
20377794ns          342509 1c00894c 01412a83 lw               x21, 20(x2)         x21=1c01006e  x2:100007e8  PA:100007fc
20377814ns          342510 1c00894e 01012b03 lw               x22, 16(x2)         x22=1c0011e8  x2:100007e8  PA:100007f8
20377835ns          342511 1c008950 00c12b83 lw               x23, 12(x2)         x23=1c001818  x2:100007e8  PA:100007f4
20377855ns          342512 1c008952 00812c03 lw               x24, 8(x2)          x24=00000002  x2:100007e8  PA:100007f0
20377875ns          342513 1c008954 1c0016b7 lui              x13, 0x1c001000     x13=1c001000
20377895ns          342514 1c008958 00900633 add              x12, x0, x9         x12=00000000  x9:00000000
20377916ns          342515 1c00895a 02412483 lw               x9, 36(x2)           x9=xxxxxxxx  x2:100007e8  PA:1000080c
20377956ns          342517 1c00895c 53068693 addi             x13, x13, 1328      x13=1c001530 x13:1c001000
20377976ns          342518 1c008960 04000593 addi             x11, x0, 64         x11=00000040
20377996ns          342519 1c008964 00200513 addi             x10, x0, 2          x10=00000002
20378017ns          342520 1c008966 03010113 addi             x2, x2, 48           x2=10000818  x2:100007e8
20378037ns          342521 1c008968 1480006f jal              x0, 328            
20378138ns          342526 1c008ab0 41f5d793 srai             x15, x11, 0x41f     x15=00000000 x11:00000040
20378158ns          342527 1c008ab4 fa27b7b3 p.bclr           x15, x15, 29, 2     x15=00000000 x15:00000000
20378179ns          342528 1c008ab8 04b7a7db p.addN           x15, x15, x11, 0x2  x15=00000010 x15:00000000 x11:00000040
20378199ns          342529 1c008abc 00c005b3 add              x11, x0, x12        x11=00000000 x12:00000000
20378563ns          342547 1c008abe 04f05e63 bge              x0, x15, 92         x15:00000010
20378583ns          342548 1c008ac2 00279793 slli             x15, x15, 0x2       x15=00000040 x15:00000010
20378604ns          342549 1c008ac4 ffc78793 addi             x15, x15, -4        x15=0000003c x15:00000040
20378624ns          342550 1c008ac6 0027d793 srli             x15, x15, 0x2       x15=0000000f x15:0000003c
20378644ns          342551 1c008ac8 00001eb7 lui              x29, 0x1000         x29=00001000
20378664ns          342552 1c008aca 00d00333 add              x6, x0, x13          x6=1c001530 x13:1c001530
20378685ns          342553 1c008acc 00268e13 addi             x28, x13, 2         x28=1c001532 x13:1c001530
20379049ns          342571 1c008ad0 fffe8e93 addi             x29, x29, -1        x29=00000fff x29:00001000
20379069ns          342572 1c008ad2 00000693 addi             x13, x0, 0          x13=00000000
20379089ns          342573 1c008ad4 00178793 addi             x15, x15, 1         x15=00000010 x15:0000000f
20379110ns          342574 1c008ad6 0127c0fb lp.setup         0x1, x15, 0x12      x15:00000010
20379130ns          342575 1c008ada 0047288b p.lw             x17, 4(x14!)        x17=0e57005c x14=10002474 x14:10002470  PA:10002470
20379595ns          342598 1c008ade 00035803 lhu              x16, 0(x6)          x16=0000005c  x6:1c001530  PA:1c001530
20379919ns          342614 1c008ae2 01d8f633 and              x12, x17, x29       x12=0000005c x17:0e57005c x29:00000fff
20379940ns          342615 1c008ae6 010ef833 and              x16, x29, x16       x16=0000005c x29:00000fff x16:0000005c
20379960ns          342616 1c008aea 10065633 p.exthz          x12, x12, x0        x12=0000005c x12:0000005c
20380284ns          342632 1c008aee 000e5f03 lhu              x30, 0(x28)         x30=00000e57 x28:1c001532  PA:1c001532
20380607ns          342648 1c008af2 00c80b63 beq              x16, x12, 22        x16:0000005c x12:0000005c
20381053ns          342670 1c008b08 0108d893 srli             x17, x17, 0x10      x17=00000e57 x17:0e57005c
20381093ns          342672 1c008b0c 01df7f33 and              x30, x30, x29       x30=00000e57 x30:00000e57 x29:00000fff
20381478ns          342691 1c008b10 01d8f8b3 and              x17, x17, x29       x17=00000e57 x17:00000e57 x29:00000fff
20381518ns          342693 1c008b14 ff1f11e3 bne              x30, x17, -30       x30:00000e57 x17:00000e57
20381538ns          342694 1c008b18 fe1ff06f jal              x0, -32            
20381579ns          342696 1c008af8 00430313 addi             x6, x6, 4            x6=1c001534  x6:1c001530
20381599ns          342697 1c008afa 004e0e13 addi             x28, x28, 4         x28=1c001536 x28:1c001532
20381640ns          342699 1c008ada 0047288b p.lw             x17, 4(x14!)        x17=0f470f14 x14=10002478 x14:10002474  PA:10002474
20381660ns          342700 1c008ade 00035803 lhu              x16, 0(x6)          x16=00000f14  x6:1c001534  PA:1c001534
20381964ns          342715 1c008ae2 01d8f633 and              x12, x17, x29       x12=00000f14 x17:0f470f14 x29:00000fff
20381984ns          342716 1c008ae6 010ef833 and              x16, x29, x16       x16=00000f14 x29:00000fff x16:00000f14
20382004ns          342717 1c008aea 10065633 p.exthz          x12, x12, x0        x12=00000f14 x12:00000f14
20382024ns          342718 1c008aee 000e5f03 lhu              x30, 0(x28)         x30=00000f47 x28:1c001536  PA:1c001536
20382328ns          342733 1c008af2 00c80b63 beq              x16, x12, 22        x16:00000f14 x12:00000f14
20382389ns          342736 1c008b08 0108d893 srli             x17, x17, 0x10      x17=00000f47 x17:0f470f14
20382409ns          342737 1c008b0c 01df7f33 and              x30, x30, x29       x30=00000f47 x30:00000f47 x29:00000fff
20382429ns          342738 1c008b10 01d8f8b3 and              x17, x17, x29       x17=00000f47 x17:00000f47 x29:00000fff
20382449ns          342739 1c008b14 ff1f11e3 bne              x30, x17, -30       x30:00000f47 x17:00000f47
20382470ns          342740 1c008b18 fe1ff06f jal              x0, -32            
20382510ns          342742 1c008af8 00430313 addi             x6, x6, 4            x6=1c001538  x6:1c001534
20382530ns          342743 1c008afa 004e0e13 addi             x28, x28, 4         x28=1c00153a x28:1c001536
20382571ns          342745 1c008ada 0047288b p.lw             x17, 4(x14!)        x17=0e380166 x14=1000247c x14:10002478  PA:10002478
20382591ns          342746 1c008ade 00035803 lhu              x16, 0(x6)          x16=00000166  x6:1c001538  PA:1c001538
20382895ns          342761 1c008ae2 01d8f633 and              x12, x17, x29       x12=00000166 x17:0e380166 x29:00000fff
20382915ns          342762 1c008ae6 010ef833 and              x16, x29, x16       x16=00000166 x29:00000fff x16:00000166
20382935ns          342763 1c008aea 10065633 p.exthz          x12, x12, x0        x12=00000166 x12:00000166
20382955ns          342764 1c008aee 000e5f03 lhu              x30, 0(x28)         x30=00000e38 x28:1c00153a  PA:1c00153a
20383259ns          342779 1c008af2 00c80b63 beq              x16, x12, 22        x16:00000166 x12:00000166
20383320ns          342782 1c008b08 0108d893 srli             x17, x17, 0x10      x17=00000e38 x17:0e380166
20383340ns          342783 1c008b0c 01df7f33 and              x30, x30, x29       x30=00000e38 x30:00000e38 x29:00000fff
20383360ns          342784 1c008b10 01d8f8b3 and              x17, x17, x29       x17=00000e38 x17:00000e38 x29:00000fff
20383380ns          342785 1c008b14 ff1f11e3 bne              x30, x17, -30       x30:00000e38 x17:00000e38
20383401ns          342786 1c008b18 fe1ff06f jal              x0, -32            
20383441ns          342788 1c008af8 00430313 addi             x6, x6, 4            x6=1c00153c  x6:1c001538
20383461ns          342789 1c008afa 004e0e13 addi             x28, x28, 4         x28=1c00153e x28:1c00153a
20383502ns          342791 1c008ada 0047288b p.lw             x17, 4(x14!)        x17=01c202b6 x14=10002480 x14:1000247c  PA:1000247c
20383522ns          342792 1c008ade 00035803 lhu              x16, 0(x6)          x16=000002b6  x6:1c00153c  PA:1c00153c
20383826ns          342807 1c008ae2 01d8f633 and              x12, x17, x29       x12=000002b6 x17:01c202b6 x29:00000fff
20383846ns          342808 1c008ae6 010ef833 and              x16, x29, x16       x16=000002b6 x29:00000fff x16:000002b6
20383866ns          342809 1c008aea 10065633 p.exthz          x12, x12, x0        x12=000002b6 x12:000002b6
20383886ns          342810 1c008aee 000e5f03 lhu              x30, 0(x28)         x30=000001c2 x28:1c00153e  PA:1c00153e
20384190ns          342825 1c008af2 00c80b63 beq              x16, x12, 22        x16:000002b6 x12:000002b6
20384251ns          342828 1c008b08 0108d893 srli             x17, x17, 0x10      x17=000001c2 x17:01c202b6
20384271ns          342829 1c008b0c 01df7f33 and              x30, x30, x29       x30=000001c2 x30:000001c2 x29:00000fff
20384291ns          342830 1c008b10 01d8f8b3 and              x17, x17, x29       x17=000001c2 x17:000001c2 x29:00000fff
20384311ns          342831 1c008b14 ff1f11e3 bne              x30, x17, -30       x30:000001c2 x17:000001c2
20384332ns          342832 1c008b18 fe1ff06f jal              x0, -32            
20384372ns          342834 1c008af8 00430313 addi             x6, x6, 4            x6=1c001540  x6:1c00153c
20384392ns          342835 1c008afa 004e0e13 addi             x28, x28, 4         x28=1c001542 x28:1c00153e
20384433ns          342837 1c008ada 0047288b p.lw             x17, 4(x14!)        x17=0eba0d5c x14=10002484 x14:10002480  PA:10002480
20384453ns          342838 1c008ade 00035803 lhu              x16, 0(x6)          x16=00000d5c  x6:1c001540  PA:1c001540
20384757ns          342853 1c008ae2 01d8f633 and              x12, x17, x29       x12=00000d5c x17:0eba0d5c x29:00000fff
20384777ns          342854 1c008ae6 010ef833 and              x16, x29, x16       x16=00000d5c x29:00000fff x16:00000d5c
20384797ns          342855 1c008aea 10065633 p.exthz          x12, x12, x0        x12=00000d5c x12:00000d5c
20384817ns          342856 1c008aee 000e5f03 lhu              x30, 0(x28)         x30=00000eba x28:1c001542  PA:1c001542
20385121ns          342871 1c008af2 00c80b63 beq              x16, x12, 22        x16:00000d5c x12:00000d5c
20385182ns          342874 1c008b08 0108d893 srli             x17, x17, 0x10      x17=00000eba x17:0eba0d5c
20385202ns          342875 1c008b0c 01df7f33 and              x30, x30, x29       x30=00000eba x30:00000eba x29:00000fff
20385222ns          342876 1c008b10 01d8f8b3 and              x17, x17, x29       x17=00000eba x17:00000eba x29:00000fff
20385242ns          342877 1c008b14 ff1f11e3 bne              x30, x17, -30       x30:00000eba x17:00000eba
20385263ns          342878 1c008b18 fe1ff06f jal              x0, -32            
20385303ns          342880 1c008af8 00430313 addi             x6, x6, 4            x6=1c001544  x6:1c001540
20385323ns          342881 1c008afa 004e0e13 addi             x28, x28, 4         x28=1c001546 x28:1c001542
20385364ns          342883 1c008ada 0047288b p.lw             x17, 4(x14!)        x17=0e380eae x14=10002488 x14:10002484  PA:10002484
20385384ns          342884 1c008ade 00035803 lhu              x16, 0(x6)          x16=00000eae  x6:1c001544  PA:1c001544
20385688ns          342899 1c008ae2 01d8f633 and              x12, x17, x29       x12=00000eae x17:0e380eae x29:00000fff
20385708ns          342900 1c008ae6 010ef833 and              x16, x29, x16       x16=00000eae x29:00000fff x16:00000eae
20385728ns          342901 1c008aea 10065633 p.exthz          x12, x12, x0        x12=00000eae x12:00000eae
20385748ns          342902 1c008aee 000e5f03 lhu              x30, 0(x28)         x30=00000e38 x28:1c001546  PA:1c001546
20386052ns          342917 1c008af2 00c80b63 beq              x16, x12, 22        x16:00000eae x12:00000eae
20386113ns          342920 1c008b08 0108d893 srli             x17, x17, 0x10      x17=00000e38 x17:0e380eae
20386133ns          342921 1c008b0c 01df7f33 and              x30, x30, x29       x30=00000e38 x30:00000e38 x29:00000fff
20386153ns          342922 1c008b10 01d8f8b3 and              x17, x17, x29       x17=00000e38 x17:00000e38 x29:00000fff
20386173ns          342923 1c008b14 ff1f11e3 bne              x30, x17, -30       x30:00000e38 x17:00000e38
20386194ns          342924 1c008b18 fe1ff06f jal              x0, -32            
20386234ns          342926 1c008af8 00430313 addi             x6, x6, 4            x6=1c001548  x6:1c001544
20386254ns          342927 1c008afa 004e0e13 addi             x28, x28, 4         x28=1c00154a x28:1c001546
20386295ns          342929 1c008ada 0047288b p.lw             x17, 4(x14!)        x17=0e8d0157 x14=1000248c x14:10002488  PA:10002488
20386315ns          342930 1c008ade 00035803 lhu              x16, 0(x6)          x16=00000157  x6:1c001548  PA:1c001548
20386639ns          342946 1c008ae2 01d8f633 and              x12, x17, x29       x12=00000157 x17:0e8d0157 x29:00000fff
20386659ns          342947 1c008ae6 010ef833 and              x16, x29, x16       x16=00000157 x29:00000fff x16:00000157
20386679ns          342948 1c008aea 10065633 p.exthz          x12, x12, x0        x12=00000157 x12:00000157
20386700ns          342949 1c008aee 000e5f03 lhu              x30, 0(x28)         x30=00000e8d x28:1c00154a  PA:1c00154a
20387003ns          342964 1c008af2 00c80b63 beq              x16, x12, 22        x16:00000157 x12:00000157
20387064ns          342967 1c008b08 0108d893 srli             x17, x17, 0x10      x17=00000e8d x17:0e8d0157
20387084ns          342968 1c008b0c 01df7f33 and              x30, x30, x29       x30=00000e8d x30:00000e8d x29:00000fff
20387104ns          342969 1c008b10 01d8f8b3 and              x17, x17, x29       x17=00000e8d x17:00000e8d x29:00000fff
20387125ns          342970 1c008b14 ff1f11e3 bne              x30, x17, -30       x30:00000e8d x17:00000e8d
20387145ns          342971 1c008b18 fe1ff06f jal              x0, -32            
20387185ns          342973 1c008af8 00430313 addi             x6, x6, 4            x6=1c00154c  x6:1c001548
20387206ns          342974 1c008afa 004e0e13 addi             x28, x28, 4         x28=1c00154e x28:1c00154a
20387246ns          342976 1c008ada 0047288b p.lw             x17, 4(x14!)        x17=0fb70fdf x14=10002490 x14:1000248c  PA:1000248c
20387266ns          342977 1c008ade 00035803 lhu              x16, 0(x6)          x16=00000fdf  x6:1c00154c  PA:1c00154c
20387570ns          342992 1c008ae2 01d8f633 and              x12, x17, x29       x12=00000fdf x17:0fb70fdf x29:00000fff
20387590ns          342993 1c008ae6 010ef833 and              x16, x29, x16       x16=00000fdf x29:00000fff x16:00000fdf
20387610ns          342994 1c008aea 10065633 p.exthz          x12, x12, x0        x12=00000fdf x12:00000fdf
20387631ns          342995 1c008aee 000e5f03 lhu              x30, 0(x28)         x30=00000fb7 x28:1c00154e  PA:1c00154e
20387934ns          343010 1c008af2 00c80b63 beq              x16, x12, 22        x16:00000fdf x12:00000fdf
20387995ns          343013 1c008b08 0108d893 srli             x17, x17, 0x10      x17=00000fb7 x17:0fb70fdf
20388015ns          343014 1c008b0c 01df7f33 and              x30, x30, x29       x30=00000fb7 x30:00000fb7 x29:00000fff
20388036ns          343015 1c008b10 01d8f8b3 and              x17, x17, x29       x17=00000fb7 x17:00000fb7 x29:00000fff
20388056ns          343016 1c008b14 ff1f11e3 bne              x30, x17, -30       x30:00000fb7 x17:00000fb7
20388076ns          343017 1c008b18 fe1ff06f jal              x0, -32            
20388116ns          343019 1c008af8 00430313 addi             x6, x6, 4            x6=1c001550  x6:1c00154c
20388137ns          343020 1c008afa 004e0e13 addi             x28, x28, 4         x28=1c001552 x28:1c00154e
20388177ns          343022 1c008ada 0047288b p.lw             x17, 4(x14!)        x17=00890230 x14=10002494 x14:10002490  PA:10002490
20388197ns          343023 1c008ade 00035803 lhu              x16, 0(x6)          x16=00000230  x6:1c001550  PA:1c001550
20388501ns          343038 1c008ae2 01d8f633 and              x12, x17, x29       x12=00000230 x17:00890230 x29:00000fff
20388521ns          343039 1c008ae6 010ef833 and              x16, x29, x16       x16=00000230 x29:00000fff x16:00000230
20388542ns          343040 1c008aea 10065633 p.exthz          x12, x12, x0        x12=00000230 x12:00000230
20388562ns          343041 1c008aee 000e5f03 lhu              x30, 0(x28)         x30=00000089 x28:1c001552  PA:1c001552
20388865ns          343056 1c008af2 00c80b63 beq              x16, x12, 22        x16:00000230 x12:00000230
20388926ns          343059 1c008b08 0108d893 srli             x17, x17, 0x10      x17=00000089 x17:00890230
20388946ns          343060 1c008b0c 01df7f33 and              x30, x30, x29       x30=00000089 x30:00000089 x29:00000fff
20388967ns          343061 1c008b10 01d8f8b3 and              x17, x17, x29       x17=00000089 x17:00000089 x29:00000fff
20388987ns          343062 1c008b14 ff1f11e3 bne              x30, x17, -30       x30:00000089 x17:00000089
20389007ns          343063 1c008b18 fe1ff06f jal              x0, -32            
20389048ns          343065 1c008af8 00430313 addi             x6, x6, 4            x6=1c001554  x6:1c001550
20389068ns          343066 1c008afa 004e0e13 addi             x28, x28, 4         x28=1c001556 x28:1c001552
20389108ns          343068 1c008ada 0047288b p.lw             x17, 4(x14!)        x17=0fb10442 x14=10002498 x14:10002494  PA:10002494
20389128ns          343069 1c008ade 00035803 lhu              x16, 0(x6)          x16=00000442  x6:1c001554  PA:1c001554
20389432ns          343084 1c008ae2 01d8f633 and              x12, x17, x29       x12=00000442 x17:0fb10442 x29:00000fff
20389452ns          343085 1c008ae6 010ef833 and              x16, x29, x16       x16=00000442 x29:00000fff x16:00000442
20389473ns          343086 1c008aea 10065633 p.exthz          x12, x12, x0        x12=00000442 x12:00000442
20389493ns          343087 1c008aee 000e5f03 lhu              x30, 0(x28)         x30=00000fb1 x28:1c001556  PA:1c001556
20389796ns          343102 1c008af2 00c80b63 beq              x16, x12, 22        x16:00000442 x12:00000442
20389857ns          343105 1c008b08 0108d893 srli             x17, x17, 0x10      x17=00000fb1 x17:0fb10442
20389877ns          343106 1c008b0c 01df7f33 and              x30, x30, x29       x30=00000fb1 x30:00000fb1 x29:00000fff
20389898ns          343107 1c008b10 01d8f8b3 and              x17, x17, x29       x17=00000fb1 x17:00000fb1 x29:00000fff
20389918ns          343108 1c008b14 ff1f11e3 bne              x30, x17, -30       x30:00000fb1 x17:00000fb1
20389938ns          343109 1c008b18 fe1ff06f jal              x0, -32            
20389979ns          343111 1c008af8 00430313 addi             x6, x6, 4            x6=1c001558  x6:1c001554
20389999ns          343112 1c008afa 004e0e13 addi             x28, x28, 4         x28=1c00155a x28:1c001556
20390039ns          343114 1c008ada 0047288b p.lw             x17, 4(x14!)        x17=004300ad x14=1000249c x14:10002498  PA:10002498
20390060ns          343115 1c008ade 00035803 lhu              x16, 0(x6)          x16=000000ad  x6:1c001558  PA:1c001558
20390363ns          343130 1c008ae2 01d8f633 and              x12, x17, x29       x12=000000ad x17:004300ad x29:00000fff
20390383ns          343131 1c008ae6 010ef833 and              x16, x29, x16       x16=000000ad x29:00000fff x16:000000ad
20390404ns          343132 1c008aea 10065633 p.exthz          x12, x12, x0        x12=000000ad x12:000000ad
20390424ns          343133 1c008aee 000e5f03 lhu              x30, 0(x28)         x30=00000043 x28:1c00155a  PA:1c00155a
20390727ns          343148 1c008af2 00c80b63 beq              x16, x12, 22        x16:000000ad x12:000000ad
20390788ns          343151 1c008b08 0108d893 srli             x17, x17, 0x10      x17=00000043 x17:004300ad
20390808ns          343152 1c008b0c 01df7f33 and              x30, x30, x29       x30=00000043 x30:00000043 x29:00000fff
20390829ns          343153 1c008b10 01d8f8b3 and              x17, x17, x29       x17=00000043 x17:00000043 x29:00000fff
20390849ns          343154 1c008b14 ff1f11e3 bne              x30, x17, -30       x30:00000043 x17:00000043
20390869ns          343155 1c008b18 fe1ff06f jal              x0, -32            
20390910ns          343157 1c008af8 00430313 addi             x6, x6, 4            x6=1c00155c  x6:1c001558
20390930ns          343158 1c008afa 004e0e13 addi             x28, x28, 4         x28=1c00155e x28:1c00155a
20390970ns          343160 1c008ada 0047288b p.lw             x17, 4(x14!)        x17=006d0e2f x14=100024a0 x14:1000249c  PA:1000249c
20390991ns          343161 1c008ade 00035803 lhu              x16, 0(x6)          x16=00000e2f  x6:1c00155c  PA:1c00155c
20391294ns          343176 1c008ae2 01d8f633 and              x12, x17, x29       x12=00000e2f x17:006d0e2f x29:00000fff
20391314ns          343177 1c008ae6 010ef833 and              x16, x29, x16       x16=00000e2f x29:00000fff x16:00000e2f
20391335ns          343178 1c008aea 10065633 p.exthz          x12, x12, x0        x12=00000e2f x12:00000e2f
20391355ns          343179 1c008aee 000e5f03 lhu              x30, 0(x28)         x30=0000006d x28:1c00155e  PA:1c00155e
20391658ns          343194 1c008af2 00c80b63 beq              x16, x12, 22        x16:00000e2f x12:00000e2f
20391719ns          343197 1c008b08 0108d893 srli             x17, x17, 0x10      x17=0000006d x17:006d0e2f
20391739ns          343198 1c008b0c 01df7f33 and              x30, x30, x29       x30=0000006d x30:0000006d x29:00000fff
20391760ns          343199 1c008b10 01d8f8b3 and              x17, x17, x29       x17=0000006d x17:0000006d x29:00000fff
20391780ns          343200 1c008b14 ff1f11e3 bne              x30, x17, -30       x30:0000006d x17:0000006d
20391800ns          343201 1c008b18 fe1ff06f jal              x0, -32            
20391841ns          343203 1c008af8 00430313 addi             x6, x6, 4            x6=1c001560  x6:1c00155c
20391861ns          343204 1c008afa 004e0e13 addi             x28, x28, 4         x28=1c001562 x28:1c00155e
20391901ns          343206 1c008ada 0047288b p.lw             x17, 4(x14!)        x17=0d1a0fe2 x14=100024a4 x14:100024a0  PA:100024a0
20391922ns          343207 1c008ade 00035803 lhu              x16, 0(x6)          x16=00000fe2  x6:1c001560  PA:1c001560
20392205ns          343221 1c008ae2 01d8f633 and              x12, x17, x29       x12=00000fe2 x17:0d1a0fe2 x29:00000fff
20392225ns          343222 1c008ae6 010ef833 and              x16, x29, x16       x16=00000fe2 x29:00000fff x16:00000fe2
20392245ns          343223 1c008aea 10065633 p.exthz          x12, x12, x0        x12=00000fe2 x12:00000fe2
20392266ns          343224 1c008aee 000e5f03 lhu              x30, 0(x28)         x30=00000d1a x28:1c001562  PA:1c001562
20392569ns          343239 1c008af2 00c80b63 beq              x16, x12, 22        x16:00000fe2 x12:00000fe2
20392630ns          343242 1c008b08 0108d893 srli             x17, x17, 0x10      x17=00000d1a x17:0d1a0fe2
20392650ns          343243 1c008b0c 01df7f33 and              x30, x30, x29       x30=00000d1a x30:00000d1a x29:00000fff
20392670ns          343244 1c008b10 01d8f8b3 and              x17, x17, x29       x17=00000d1a x17:00000d1a x29:00000fff
20392691ns          343245 1c008b14 ff1f11e3 bne              x30, x17, -30       x30:00000d1a x17:00000d1a
20392711ns          343246 1c008b18 fe1ff06f jal              x0, -32            
20392751ns          343248 1c008af8 00430313 addi             x6, x6, 4            x6=1c001564  x6:1c001560
20392772ns          343249 1c008afa 004e0e13 addi             x28, x28, 4         x28=1c001566 x28:1c001562
20392812ns          343251 1c008ada 0047288b p.lw             x17, 4(x14!)        x17=007803a6 x14=100024a8 x14:100024a4  PA:100024a4
20392832ns          343252 1c008ade 00035803 lhu              x16, 0(x6)          x16=000003a6  x6:1c001564  PA:1c001564
20393136ns          343267 1c008ae2 01d8f633 and              x12, x17, x29       x12=000003a6 x17:007803a6 x29:00000fff
20393156ns          343268 1c008ae6 010ef833 and              x16, x29, x16       x16=000003a6 x29:00000fff x16:000003a6
20393176ns          343269 1c008aea 10065633 p.exthz          x12, x12, x0        x12=000003a6 x12:000003a6
20393197ns          343270 1c008aee 000e5f03 lhu              x30, 0(x28)         x30=00000078 x28:1c001566  PA:1c001566
20393500ns          343285 1c008af2 00c80b63 beq              x16, x12, 22        x16:000003a6 x12:000003a6
20393561ns          343288 1c008b08 0108d893 srli             x17, x17, 0x10      x17=00000078 x17:007803a6
20393581ns          343289 1c008b0c 01df7f33 and              x30, x30, x29       x30=00000078 x30:00000078 x29:00000fff
20393602ns          343290 1c008b10 01d8f8b3 and              x17, x17, x29       x17=00000078 x17:00000078 x29:00000fff
20393622ns          343291 1c008b14 ff1f11e3 bne              x30, x17, -30       x30:00000078 x17:00000078
20393642ns          343292 1c008b18 fe1ff06f jal              x0, -32            
20393682ns          343294 1c008af8 00430313 addi             x6, x6, 4            x6=1c001568  x6:1c001564
20393703ns          343295 1c008afa 004e0e13 addi             x28, x28, 4         x28=1c00156a x28:1c001566
20393743ns          343297 1c008ada 0047288b p.lw             x17, 4(x14!)        x17=0d840e7f x14=100024ac x14:100024a8  PA:100024a8
20393763ns          343298 1c008ade 00035803 lhu              x16, 0(x6)          x16=00000e7f  x6:1c001568  PA:1c001568
20394148ns          343317 1c008ae2 01d8f633 and              x12, x17, x29       x12=00000e7f x17:0d840e7f x29:00000fff
20394168ns          343318 1c008ae6 010ef833 and              x16, x29, x16       x16=00000e7f x29:00000fff x16:00000e7f
20394188ns          343319 1c008aea 10065633 p.exthz          x12, x12, x0        x12=00000e7f x12:00000e7f
20394209ns          343320 1c008aee 000e5f03 lhu              x30, 0(x28)         x30=00000d84 x28:1c00156a  PA:1c00156a
20394553ns          343337 1c008af2 00c80b63 beq              x16, x12, 22        x16:00000e7f x12:00000e7f
20394614ns          343340 1c008b08 0108d893 srli             x17, x17, 0x10      x17=00000d84 x17:0d840e7f
20394634ns          343341 1c008b0c 01df7f33 and              x30, x30, x29       x30=00000d84 x30:00000d84 x29:00000fff
20394654ns          343342 1c008b10 01d8f8b3 and              x17, x17, x29       x17=00000d84 x17:00000d84 x29:00000fff
20394674ns          343343 1c008b14 ff1f11e3 bne              x30, x17, -30       x30:00000d84 x17:00000d84
20394694ns          343344 1c008b18 fe1ff06f jal              x0, -32            
20394735ns          343346 1c008af8 00430313 addi             x6, x6, 4            x6=1c00156c  x6:1c001568
20394755ns          343347 1c008afa 004e0e13 addi             x28, x28, 4         x28=1c00156e x28:1c00156a
20394796ns          343349 1c008ada 0047288b p.lw             x17, 4(x14!)        x17=0008001d x14=100024b0 x14:100024ac  PA:100024ac
20394816ns          343350 1c008ade 00035803 lhu              x16, 0(x6)          x16=0000001d  x6:1c00156c  PA:1c00156c
20395120ns          343365 1c008ae2 01d8f633 and              x12, x17, x29       x12=0000001d x17:0008001d x29:00000fff
20395140ns          343366 1c008ae6 010ef833 and              x16, x29, x16       x16=0000001d x29:00000fff x16:0000001d
20395160ns          343367 1c008aea 10065633 p.exthz          x12, x12, x0        x12=0000001d x12:0000001d
20395180ns          343368 1c008aee 000e5f03 lhu              x30, 0(x28)         x30=00000008 x28:1c00156e  PA:1c00156e
20395484ns          343383 1c008af2 00c80b63 beq              x16, x12, 22        x16:0000001d x12:0000001d
20395545ns          343386 1c008b08 0108d893 srli             x17, x17, 0x10      x17=00000008 x17:0008001d
20395565ns          343387 1c008b0c 01df7f33 and              x30, x30, x29       x30=00000008 x30:00000008 x29:00000fff
20395585ns          343388 1c008b10 01d8f8b3 and              x17, x17, x29       x17=00000008 x17:00000008 x29:00000fff
20395605ns          343389 1c008b14 ff1f11e3 bne              x30, x17, -30       x30:00000008 x17:00000008
20395626ns          343390 1c008b18 fe1ff06f jal              x0, -32            
20395666ns          343392 1c008af8 00430313 addi             x6, x6, 4            x6=1c001570  x6:1c00156c
20395686ns          343393 1c008afa 004e0e13 addi             x28, x28, 4         x28=1c001572 x28:1c00156e
20395706ns          343394 1c008afc 00a00633 add              x12, x0, x10        x12=00000002 x10:00000002
20395727ns          343395 1c008afe 1c001537 lui              x10, 0x1c001000     x10=1c001000
20395747ns          343396 1c008b02 9ac50513 addi             x10, x10, -1620     x10=1c0009ac x10:1c001000
20395767ns          343397 1c008b06 2760006f jal              x0, 630            
20395848ns          343401 1c008d7c fc010113 addi             x2, x2, -64          x2=100007d8  x2:10000818
20395929ns          343405 1c008d7e 02410313 addi             x6, x2, 36           x6=100007fc  x2:100007d8
20395949ns          343406 1c008d82 02c12423 sw               x12, 40(x2)         x12:00000002  x2:100007d8  PA:10000800
20395970ns          343407 1c008d84 00a00633 add              x12, x0, x10        x12=1c0009ac x10:1c0009ac
20395990ns          343408 1c008d86 1c009537 lui              x10, 0x1c009000     x10=1c009000
20396010ns          343409 1c008d8a 02b12223 sw               x11, 36(x2)         x11:00000000  x2:100007d8  PA:100007fc
20396030ns          343410 1c008d8c 02d12623 sw               x13, 44(x2)         x13:00000000  x2:100007d8  PA:10000804
20396051ns          343411 1c008d8e 00200593 addi             x11, x0, 2          x11=00000002
20396071ns          343412 1c008d90 006006b3 add              x13, x0, x6         x13=100007fc  x6:100007fc
20396111ns          343414 1c008d92 d2050513 addi             x10, x10, -736      x10=1c008d20 x10:1c009000
20396132ns          343415 1c008d96 00112e23 sw               x1, 28(x2)           x1:1c0089f2  x2:100007d8  PA:100007f4
20396152ns          343416 1c008d98 02e12823 sw               x14, 48(x2)         x14:100024b0  x2:100007d8  PA:10000808
20396172ns          343417 1c008d9a 02f12a23 sw               x15, 52(x2)         x15:00000010  x2:100007d8  PA:1000080c
20396192ns          343418 1c008d9c 03012c23 sw               x16, 56(x2)         x16:0000001d  x2:100007d8  PA:10000810
20396212ns          343419 1c008d9e 03112e23 sw               x17, 60(x2)         x17:00000008  x2:100007d8  PA:10000814
20396233ns          343420 1c008da0 00612623 sw               x6, 12(x2)           x6:100007fc  x2:100007d8  PA:100007e4
20396253ns          343421 1c008da2 fa5ff0ef jal              x1, -92              x1=1c008da4
20396334ns          343425 1c008d46 0640006f jal              x0, 100            
20396374ns          343427 1c008daa f8010113 addi             x2, x2, -128         x2=10000758  x2:100007d8
20396395ns          343428 1c008dac 06812c23 sw               x8, 120(x2)          x8:00204000  x2:10000758  PA:100007d0
20396415ns          343429 1c008dae 02410713 addi             x14, x2, 36         x14=1000077c  x2:10000758
20396435ns          343430 1c008db0 00000413 addi             x8, x0, 0            x8=00000000
20396455ns          343431 1c008db2 07312623 sw               x19, 108(x2)        x19:00204000  x2:10000758  PA:100007c4
20396476ns          343432 1c008db4 07412423 sw               x20, 104(x2)        x20:00000002  x2:10000758  PA:100007c0
20396496ns          343433 1c008db6 07512223 sw               x21, 100(x2)        x21:1c01006e  x2:10000758  PA:100007bc
20396516ns          343434 1c008db8 05712e23 sw               x23, 92(x2)         x23:1c001818  x2:10000758  PA:100007b4
20396536ns          343435 1c008dba 05812c23 sw               x24, 88(x2)         x24:00000002  x2:10000758  PA:100007b0
20396557ns          343436 1c008dbc 05a12823 sw               x26, 80(x2)         x26:1c01013f  x2:10000758  PA:100007a8
20396577ns          343437 1c008dbe 06112e23 sw               x1, 124(x2)          x1:1c008da4  x2:10000758  PA:100007d4
20396597ns          343438 1c008dc0 06912a23 sw               x9, 116(x2)          x9:xxxxxxxx  x2:10000758  PA:100007cc
20396638ns          343440 1c008dc2 07212823 sw               x18, 112(x2)        x18:xxxxxxxx  x2:10000758  PA:100007c8
20396658ns          343441 1c008dc4 07612023 sw               x22, 96(x2)         x22:1c0011e8  x2:10000758  PA:100007b8
20396698ns          343443 1c008dc6 05912a23 sw               x25, 84(x2)         x25:1a109810  x2:10000758  PA:100007ac
20396718ns          343444 1c008dc8 05b12623 sw               x27, 76(x2)         x27:xxxxxxxx  x2:10000758  PA:100007a4
20396739ns          343445 1c008dca 00a009b3 add              x19, x0, x10        x19=1c008d20 x10:1c008d20
20396759ns          343446 1c008dcc 00b00bb3 add              x23, x0, x11        x23=00000002 x11:00000002
20396779ns          343447 1c008dce 00c00d33 add              x26, x0, x12        x26=1c0009ac x12:1c0009ac
20396799ns          343448 1c008dd0 00d00a33 add              x20, x0, x13        x20=100007fc x13:100007fc
20396820ns          343449 1c008dd2 1c001c37 lui              x24, 0x1c001000     x24=1c001000
20396840ns          343450 1c008dd6 00e12023 sw               x14, 0(x2)          x14:1000077c  x2:10000758  PA:10000758
20396860ns          343451 1c008dd8 00800ab3 add              x21, x0, x8         x21=00000000  x8:00000000
20396880ns          343452 1c008dda 00e0006f jal              x0, 14             
20396941ns          343455 1c008de8 000d4503 lbu              x10, 0(x26)         x10=0000000a x26:1c0009ac  PA:1c0009ac
20397245ns          343470 1c008dec 001d0413 addi             x8, x26, 1           x8=1c0009ad x26:1c0009ac
20397265ns          343471 1c008df0 0c050b63 beq              x10, x0, 214        x10:0000000a
20397285ns          343472 1c008df2 02500793 addi             x15, x0, 37         x15=00000025
20397305ns          343473 1c008df6 fef513e3 bne              x10, x15, -26       x10:0000000a x15:00000025
20397427ns          343479 1c008ddc 017005b3 add              x11, x0, x23        x11=00000002 x23:00000002
20397447ns          343480 1c008dde 000980e7 jalr             x1, x19, 0           x1=1c008de0 x19:1c008d20
20397528ns          343484 1c008d20 f14027f3 csrrs            x15, x0, 0xf14      x15=00000000
20397569ns          343486 1c008d24 1a10f6b7 lui              x13, 0x1a10f000     x13=1a10f000
20397589ns          343487 1c008d28 ca5797b3 p.extractu       x15, x15, 5, 5      x15=00000000 x15:00000000
20397609ns          343488 1c008d2c f1402773 csrrs            x14, x0, 0xf14      x14=00000000
20397670ns          343491 1c008d30 00779793 slli             x15, x15, 0x7       x15=00000000 x15:00000000
20397690ns          343492 1c008d32 00371713 slli             x14, x14, 0x3       x14=00000000 x14:00000000
20397710ns          343493 1c008d34 0ff57513 andi             x10, x10, 255       x10=0000000a x10:0000000a
20397730ns          343494 1c008d38 ee873733 p.bclr           x14, x14, 23, 8     x14=00000000 x14:00000000
20397751ns          343495 1c008d3c 00d787b3 add              x15, x15, x13       x15=1a10f000 x15:00000000 x13:1a10f000
20397811ns          343498 1c008d3e 00a767a3 p.sw             x10, x0(x14)        x10:0000000a x14:00000000  PA:1a10f000
20398257ns          343520 1c008d42 00000513 addi             x10, x0, 0          x10=00000000
20398277ns          343521 1c008d44 00008067 jalr             x0, x1, 0            x1:1c008de0
20398317ns          343523 1c008de0 15f52063 p.beqimm         x10, 320            x10:00000000
20398338ns          343524 1c008de4 001a8a93 addi             x21, x21, 1         x21=00000001 x21:00000000
20398358ns          343525 1c008de6 00800d33 add              x26, x0, x8         x26=1c0009ad  x8:1c0009ad
20398378ns          343526 1c008de8 000d4503 lbu              x10, 0(x26)         x10=00000046 x26:1c0009ad  PA:1c0009ad
20398682ns          343541 1c008dec 001d0413 addi             x8, x26, 1           x8=1c0009ae x26:1c0009ad
20398702ns          343542 1c008df0 0c050b63 beq              x10, x0, 214        x10:00000046
20398722ns          343543 1c008df2 02500793 addi             x15, x0, 37         x15=00000025
20398742ns          343544 1c008df6 fef513e3 bne              x10, x15, -26       x10:00000046 x15:00000025
20398803ns          343547 1c008ddc 017005b3 add              x11, x0, x23        x11=00000002 x23:00000002
20398823ns          343548 1c008dde 000980e7 jalr             x1, x19, 0           x1=1c008de0 x19:1c008d20
20398864ns          343550 1c008d20 f14027f3 csrrs            x15, x0, 0xf14      x15=00000000
20398884ns          343551 1c008d24 1a10f6b7 lui              x13, 0x1a10f000     x13=1a10f000
20398904ns          343552 1c008d28 ca5797b3 p.extractu       x15, x15, 5, 5      x15=00000000 x15:00000000
20398925ns          343553 1c008d2c f1402773 csrrs            x14, x0, 0xf14      x14=00000000
20398945ns          343554 1c008d30 00779793 slli             x15, x15, 0x7       x15=00000000 x15:00000000
20398965ns          343555 1c008d32 00371713 slli             x14, x14, 0x3       x14=00000000 x14:00000000
20398985ns          343556 1c008d34 0ff57513 andi             x10, x10, 255       x10=00000046 x10:00000046
20399006ns          343557 1c008d38 ee873733 p.bclr           x14, x14, 23, 8     x14=00000000 x14:00000000
20399026ns          343558 1c008d3c 00d787b3 add              x15, x15, x13       x15=1a10f000 x15:00000000 x13:1a10f000
20399046ns          343559 1c008d3e 00a767a3 p.sw             x10, x0(x14)        x10:00000046 x14:00000000  PA:1a10f000
20399370ns          343575 1c008d42 00000513 addi             x10, x0, 0          x10=00000000
20399390ns          343576 1c008d44 00008067 jalr             x0, x1, 0            x1:1c008de0
20399431ns          343578 1c008de0 15f52063 p.beqimm         x10, 320            x10:00000000
20399451ns          343579 1c008de4 001a8a93 addi             x21, x21, 1         x21=00000002 x21:00000001
20399471ns          343580 1c008de6 00800d33 add              x26, x0, x8         x26=1c0009ae  x8:1c0009ae
20399491ns          343581 1c008de8 000d4503 lbu              x10, 0(x26)         x10=00000046 x26:1c0009ae  PA:1c0009ae
20399795ns          343596 1c008dec 001d0413 addi             x8, x26, 1           x8=1c0009af x26:1c0009ae
20399815ns          343597 1c008df0 0c050b63 beq              x10, x0, 214        x10:00000046
20399835ns          343598 1c008df2 02500793 addi             x15, x0, 37         x15=00000025
20399856ns          343599 1c008df6 fef513e3 bne              x10, x15, -26       x10:00000046 x15:00000025
20399916ns          343602 1c008ddc 017005b3 add              x11, x0, x23        x11=00000002 x23:00000002
20399937ns          343603 1c008dde 000980e7 jalr             x1, x19, 0           x1=1c008de0 x19:1c008d20
20399977ns          343605 1c008d20 f14027f3 csrrs            x15, x0, 0xf14      x15=00000000
20399997ns          343606 1c008d24 1a10f6b7 lui              x13, 0x1a10f000     x13=1a10f000
20400018ns          343607 1c008d28 ca5797b3 p.extractu       x15, x15, 5, 5      x15=00000000 x15:00000000
20400038ns          343608 1c008d2c f1402773 csrrs            x14, x0, 0xf14      x14=00000000
20400058ns          343609 1c008d30 00779793 slli             x15, x15, 0x7       x15=00000000 x15:00000000
20400078ns          343610 1c008d32 00371713 slli             x14, x14, 0x3       x14=00000000 x14:00000000
20400099ns          343611 1c008d34 0ff57513 andi             x10, x10, 255       x10=00000046 x10:00000046
20400119ns          343612 1c008d38 ee873733 p.bclr           x14, x14, 23, 8     x14=00000000 x14:00000000
20400139ns          343613 1c008d3c 00d787b3 add              x15, x15, x13       x15=1a10f000 x15:00000000 x13:1a10f000
20400159ns          343614 1c008d3e 00a767a3 p.sw             x10, x0(x14)        x10:00000046 x14:00000000  PA:1a10f000
20400503ns          343631 1c008d42 00000513 addi             x10, x0, 0          x10=00000000
20400524ns          343632 1c008d44 00008067 jalr             x0, x1, 0            x1:1c008de0
20400564ns          343634 1c008de0 15f52063 p.beqimm         x10, 320            x10:00000000
20400584ns          343635 1c008de4 001a8a93 addi             x21, x21, 1         x21=00000003 x21:00000002
20400605ns          343636 1c008de6 00800d33 add              x26, x0, x8         x26=1c0009af  x8:1c0009af
20400625ns          343637 1c008de8 000d4503 lbu              x10, 0(x26)         x10=00000054 x26:1c0009af  PA:1c0009af
20400928ns          343652 1c008dec 001d0413 addi             x8, x26, 1           x8=1c0009b0 x26:1c0009af
20400949ns          343653 1c008df0 0c050b63 beq              x10, x0, 214        x10:00000054
20400969ns          343654 1c008df2 02500793 addi             x15, x0, 37         x15=00000025
20400989ns          343655 1c008df6 fef513e3 bne              x10, x15, -26       x10:00000054 x15:00000025
20401050ns          343658 1c008ddc 017005b3 add              x11, x0, x23        x11=00000002 x23:00000002
20401070ns          343659 1c008dde 000980e7 jalr             x1, x19, 0           x1=1c008de0 x19:1c008d20
20401111ns          343661 1c008d20 f14027f3 csrrs            x15, x0, 0xf14      x15=00000000
20401131ns          343662 1c008d24 1a10f6b7 lui              x13, 0x1a10f000     x13=1a10f000
20401151ns          343663 1c008d28 ca5797b3 p.extractu       x15, x15, 5, 5      x15=00000000 x15:00000000
20401171ns          343664 1c008d2c f1402773 csrrs            x14, x0, 0xf14      x14=00000000
20401192ns          343665 1c008d30 00779793 slli             x15, x15, 0x7       x15=00000000 x15:00000000
20401212ns          343666 1c008d32 00371713 slli             x14, x14, 0x3       x14=00000000 x14:00000000
20401232ns          343667 1c008d34 0ff57513 andi             x10, x10, 255       x10=00000054 x10:00000054
20401252ns          343668 1c008d38 ee873733 p.bclr           x14, x14, 23, 8     x14=00000000 x14:00000000
20401272ns          343669 1c008d3c 00d787b3 add              x15, x15, x13       x15=1a10f000 x15:00000000 x13:1a10f000
20401293ns          343670 1c008d3e 00a767a3 p.sw             x10, x0(x14)        x10:00000054 x14:00000000  PA:1a10f000
20401637ns          343687 1c008d42 00000513 addi             x10, x0, 0          x10=00000000
20401657ns          343688 1c008d44 00008067 jalr             x0, x1, 0            x1:1c008de0
20401698ns          343690 1c008de0 15f52063 p.beqimm         x10, 320            x10:00000000
20401718ns          343691 1c008de4 001a8a93 addi             x21, x21, 1         x21=00000004 x21:00000003
20401738ns          343692 1c008de6 00800d33 add              x26, x0, x8         x26=1c0009b0  x8:1c0009b0
20401758ns          343693 1c008de8 000d4503 lbu              x10, 0(x26)         x10=00000025 x26:1c0009b0  PA:1c0009b0
20402062ns          343708 1c008dec 001d0413 addi             x8, x26, 1           x8=1c0009b1 x26:1c0009b0
20402082ns          343709 1c008df0 0c050b63 beq              x10, x0, 214        x10:00000025
20402102ns          343710 1c008df2 02500793 addi             x15, x0, 37         x15=00000025
20402123ns          343711 1c008df6 fef513e3 bne              x10, x15, -26       x10:00000025 x15:00000025
20402143ns          343712 1c008dfa 00012a23 sw               x0, 20(x2)           x2:10000758  PA:1000076c
20402163ns          343713 1c008dfc 00012823 sw               x0, 16(x2)           x2:10000758  PA:10000768
20402183ns          343714 1c008dfe 00012623 sw               x0, 12(x2)           x2:10000758  PA:10000764
20402204ns          343715 1c008e00 00012423 sw               x0, 8(x2)            x2:10000758  PA:10000760
20402224ns          343716 1c008e02 00012223 sw               x0, 4(x2)            x2:10000758  PA:1000075c
20402244ns          343717 1c008e04 02300493 addi             x9, x0, 35           x9=00000023
20402264ns          343718 1c008e08 02d00b13 addi             x22, x0, 45         x22=0000002d
20402284ns          343719 1c008e0c 00044c83 lbu              x25, 0(x8)          x25=00000064  x8:1c0009b1  PA:1c0009b1
20402608ns          343735 1c008e10 00140913 addi             x18, x8, 1          x18=1c0009b2  x8:1c0009b1
20402629ns          343736 1c008e14 019005b3 add              x11, x0, x25        x11=00000064 x25:00000064
20402649ns          343737 1c008e16 9d0c0513 addi             x10, x24, -1584     x10=1c0009d0 x24:1c001000
20402669ns          343738 1c008e1a 01200d33 add              x26, x0, x18        x26=1c0009b2 x18:1c0009b2
20402689ns          343739 1c008e1c 01900db3 add              x27, x0, x25        x27=00000064 x25:00000064
20402710ns          343740 1c008e1e e89ff0ef jal              x1, -376             x1=1c008e20
20402871ns          343748 1c008ca6 00054783 lbu              x15, 0(x10)         x15=0000002d x10:1c0009d0  PA:1c0009d0
20403175ns          343763 1c008caa 0ff5f593 andi             x11, x11, 255       x11=00000064 x11:00000064
20403195ns          343764 1c008cae 00b78c63 beq              x15, x11, 24        x15:0000002d x11:00000064
20403216ns          343765 1c008cb2 00078b63 beq              x15, x0, 22         x15:0000002d
20403236ns          343766 1c008cb4 00150793 addi             x15, x10, 1         x15=1c0009d1 x10:1c0009d0
20403256ns          343767 1c008cb8 0040006f jal              x0, 4              
20403357ns          343772 1c008cbc 00f00533 add              x10, x0, x15        x10=1c0009d1 x15:1c0009d1
20403377ns          343773 1c008cbe 0017c70b p.lbu            x14, 1(x15!)        x14=0000002b x15=1c0009d2 x15:1c0009d1  PA:1c0009d1
20403701ns          343789 1c008cc2 feb71ce3 bne              x14, x11, -8        x14:0000002b x11:00000064
20403762ns          343792 1c008cba 00070763 beq              x14, x0, 14         x14:0000002b
20403782ns          343793 1c008cbc 00f00533 add              x10, x0, x15        x10=1c0009d2 x15:1c0009d2
20403802ns          343794 1c008cbe 0017c70b p.lbu            x14, 1(x15!)        x14=00000020 x15=1c0009d3 x15:1c0009d2  PA:1c0009d2
20404147ns          343811 1c008cc2 feb71ce3 bne              x14, x11, -8        x14:00000020 x11:00000064
20404207ns          343814 1c008cba 00070763 beq              x14, x0, 14         x14:00000020
20404228ns          343815 1c008cbc 00f00533 add              x10, x0, x15        x10=1c0009d3 x15:1c0009d3
20404248ns          343816 1c008cbe 0017c70b p.lbu            x14, 1(x15!)        x14=00000023 x15=1c0009d4 x15:1c0009d3  PA:1c0009d3
20404572ns          343832 1c008cc2 feb71ce3 bne              x14, x11, -8        x14:00000023 x11:00000064
20404632ns          343835 1c008cba 00070763 beq              x14, x0, 14         x14:00000023
20404653ns          343836 1c008cbc 00f00533 add              x10, x0, x15        x10=1c0009d4 x15:1c0009d4
20404673ns          343837 1c008cbe 0017c70b p.lbu            x14, 1(x15!)        x14=00000030 x15=1c0009d5 x15:1c0009d4  PA:1c0009d4
20404997ns          343853 1c008cc2 feb71ce3 bne              x14, x11, -8        x14:00000030 x11:00000064
20405057ns          343856 1c008cba 00070763 beq              x14, x0, 14         x14:00000030
20405078ns          343857 1c008cbc 00f00533 add              x10, x0, x15        x10=1c0009d5 x15:1c0009d5
20405098ns          343858 1c008cbe 0017c70b p.lbu            x14, 1(x15!)        x14=00000000 x15=1c0009d6 x15:1c0009d5  PA:1c0009d5
20405422ns          343874 1c008cc2 feb71ce3 bne              x14, x11, -8        x14:00000000 x11:00000064
20405482ns          343877 1c008cba 00070763 beq              x14, x0, 14         x14:00000000
20405543ns          343880 1c008cc8 0015b593 sltiu            x11, x11, 1         x11=00000000 x11:00000064
20405563ns          343881 1c008ccc 40b005b3 sub              x11, x0, x11        x11=00000000 x11:00000000
20405584ns          343882 1c008cd0 00b57533 and              x10, x10, x11       x10=00000000 x10:1c0009d5 x11:00000000
20405604ns          343883 1c008cd2 00008067 jalr             x0, x1, 0            x1:1c008e20
20405644ns          343885 1c008e20 02050b63 beq              x10, x0, 54         x10:00000000
20405786ns          343892 1c008e56 02a00693 addi             x13, x0, 42         x13=0000002a
20405806ns          343893 1c008e5a 2edc8263 beq              x25, x13, 740       x25:00000064 x13:0000002a
20405867ns          343896 1c008e5e fd0c8693 addi             x13, x25, -48       x13=00000034 x25:00000064
20405887ns          343897 1c008e62 00900593 addi             x11, x0, 9          x11=00000009
20405907ns          343898 1c008e64 00000b13 addi             x22, x0, 0          x22=00000000
20405928ns          343899 1c008e66 0cd5fd63 bgeu             x11, x13, 218       x11:00000009 x13:00000034
20405948ns          343900 1c008e6a 02e00793 addi             x15, x0, 46         x15=0000002e
20406009ns          343903 1c008e6e 28fd8663 beq              x27, x15, 652       x27:00000064 x15:0000002e
20406029ns          343904 1c008e72 01b00433 add              x8, x0, x27          x8=00000064 x27:00000064
20406049ns          343905 1c008e74 fff00493 addi             x9, x0, -1           x9=ffffffff
20406069ns          343906 1c008e76 1c001737 lui              x14, 0x1c001000     x14=1c001000
20406090ns          343907 1c008e7a 01b005b3 add              x11, x0, x27        x11=00000064 x27:00000064
20406110ns          343908 1c008e7c 9d870513 addi             x10, x14, -1576     x10=1c0009d8 x14:1c001000
20406150ns          343910 1c008e80 e27ff0ef jal              x1, -474             x1=1c008e82
20406211ns          343913 1c008ca6 00054783 lbu              x15, 0(x10)         x15=00000068 x10:1c0009d8  PA:1c0009d8
20406515ns          343928 1c008caa 0ff5f593 andi             x11, x11, 255       x11=00000064 x11:00000064
20406535ns          343929 1c008cae 00b78c63 beq              x15, x11, 24        x15:00000068 x11:00000064
20406555ns          343930 1c008cb2 00078b63 beq              x15, x0, 22         x15:00000068
20406575ns          343931 1c008cb4 00150793 addi             x15, x10, 1         x15=1c0009d9 x10:1c0009d8
20406596ns          343932 1c008cb8 0040006f jal              x0, 4              
20406636ns          343934 1c008cbc 00f00533 add              x10, x0, x15        x10=1c0009d9 x15:1c0009d9
20406656ns          343935 1c008cbe 0017c70b p.lbu            x14, 1(x15!)        x14=0000006c x15=1c0009da x15:1c0009d9  PA:1c0009d9
20406980ns          343951 1c008cc2 feb71ce3 bne              x14, x11, -8        x14:0000006c x11:00000064
20407041ns          343954 1c008cba 00070763 beq              x14, x0, 14         x14:0000006c
20407061ns          343955 1c008cbc 00f00533 add              x10, x0, x15        x10=1c0009da x15:1c0009da
20407081ns          343956 1c008cbe 0017c70b p.lbu            x14, 1(x15!)        x14=0000007a x15=1c0009db x15:1c0009da  PA:1c0009da
20407405ns          343972 1c008cc2 feb71ce3 bne              x14, x11, -8        x14:0000007a x11:00000064
20407466ns          343975 1c008cba 00070763 beq              x14, x0, 14         x14:0000007a
20407486ns          343976 1c008cbc 00f00533 add              x10, x0, x15        x10=1c0009db x15:1c0009db
20407506ns          343977 1c008cbe 0017c70b p.lbu            x14, 1(x15!)        x14=00000000 x15=1c0009dc x15:1c0009db  PA:1c0009db
20407830ns          343993 1c008cc2 feb71ce3 bne              x14, x11, -8        x14:00000000 x11:00000064
20407891ns          343996 1c008cba 00070763 beq              x14, x0, 14         x14:00000000
20407952ns          343999 1c008cc8 0015b593 sltiu            x11, x11, 1         x11=00000000 x11:00000064
20407972ns          344000 1c008ccc 40b005b3 sub              x11, x0, x11        x11=00000000 x11:00000000
20407992ns          344001 1c008cd0 00b57533 and              x10, x10, x11       x10=00000000 x10:1c0009db x11:00000000
20408012ns          344002 1c008cd2 00008067 jalr             x0, x1, 0            x1:1c008e82
20408053ns          344004 1c008e82 00000793 addi             x15, x0, 0          x15=00000000
20408073ns          344005 1c008e84 00050f63 beq              x10, x0, 30         x10:00000000
20408417ns          344022 1c008ea2 06700693 addi             x13, x0, 103        x13=00000067
20408437ns          344023 1c008ea6 0bb6ee63 bltu             x13, x27, 188       x13:00000067 x27:00000064
20408458ns          344024 1c008eaa 06500693 addi             x13, x0, 101        x13=00000065
20408518ns          344027 1c008eae 3addf2e3 bgeu             x27, x13, 2980      x27:00000064 x13:00000065
20408559ns          344029 1c008eb2 04700693 addi             x13, x0, 71         x13=00000047
20408579ns          344030 1c008eb6 39b6ed63 bltu             x13, x27, 922       x13:00000047 x27:00000064
20408741ns          344038 1c009250 06300693 addi             x13, x0, 99         x13=00000063
20408782ns          344040 1c009254 70dd8c63 beq              x27, x13, 1816      x27:00000064 x13:00000063
20408802ns          344041 1c009258 d3b6e5e3 bltu             x13, x27, -726      x13:00000063 x27:00000064
20409004ns          344051 1c008f82 06c00693 addi             x13, x0, 108        x13=0000006c
20409024ns          344052 1c008f86 00d78a63 beq              x15, x13, 20        x15:00000000 x13:0000006c
20409045ns          344053 1c008f8a 07a00693 addi             x13, x0, 122        x13=0000007a
20409105ns          344056 1c008f8e 00d78663 beq              x15, x13, 12        x15:00000000 x13:0000007a
20409146ns          344058 1c008f92 04c00693 addi             x13, x0, 76         x13=0000004c
20409166ns          344059 1c008f96 5ed78de3 beq              x15, x13, 3578      x15:00000000 x13:0000004c
20409186ns          344060 1c008f9a 000a2783 lw               x15, 0(x20)         x15=00000000 x20:100007fc  PA:100007fc
20409207ns          344061 1c008f9e 004a0a13 addi             x20, x20, 4         x20=10000800 x20:100007fc
20409247ns          344063 1c008fa0 41f7d713 srai             x14, x15, 0x41f     x14=00000000 x15:00000000
20409288ns          344065 1c008fa4 01412e23 sw               x20, 28(x2)         x20:10000800  x2:10000758  PA:10000774
20409308ns          344066 1c008fa6 00e12223 sw               x14, 4(x2)          x14:00000000  x2:10000758  PA:1000075c
20409328ns          344067 1c008fa8 4e0741e3 blt              x14, x0, 3298       x14:00000000
20409348ns          344068 1c008fac 00c12703 lw               x14, 12(x2)         x14=00000000  x2:10000758  PA:10000764
20409389ns          344070 1c008fae 440709e3 beq              x14, x0, 3154       x14:00000000
20409692ns          344085 1c009c00 01012703 lw               x14, 16(x2)         x14=00000000  x2:10000758  PA:10000768
20409733ns          344087 1c009c02 22070063 beq              x14, x0, 544        x14:00000000
20410259ns          344113 1c009e22 00412c83 lw               x25, 4(x2)          x25=00000000  x2:10000758  PA:1000075c
20410300ns          344115 1c009e24 02410a13 addi             x20, x2, 36         x20=1000077c  x2:10000758
20410320ns          344116 1c009e28 998ff06f jal              x0, -3688          
20410401ns          344120 1c008fc0 00f00433 add              x8, x0, x15          x8=00000000 x15:00000000
20410421ns          344121 1c008fc2 01400db3 add              x27, x0, x20        x27=1000077c x20:1000077c
20410441ns          344122 1c008fc4 0040006f jal              x0, 4              
20410482ns          344124 1c008fc8 00a00613 addi             x12, x0, 10         x12=0000000a
20410502ns          344125 1c008fca 00000693 addi             x13, x0, 0          x13=00000000
20410522ns          344126 1c008fcc 00800533 add              x10, x0, x8         x10=00000000  x8:00000000
20410542ns          344127 1c008fce 019005b3 add              x11, x0, x25        x11=00000000 x25:00000000
20410563ns          344128 1c008fd0 c2aff0ef jal              x1, -3030            x1=1c008fd4
20410644ns          344132 1c0083fa 00c008b3 add              x17, x0, x12        x17=0000000a x12:0000000a
20410684ns          344134 1c0083fc 00d00733 add              x14, x0, x13        x14=00000000 x13:00000000
20410704ns          344135 1c0083fe 00a007b3 add              x15, x0, x10        x15=00000000 x10:00000000
20410745ns          344137 1c008400 00b00833 add              x16, x0, x11        x16=00000000 x11:00000000
20410785ns          344139 1c008402 1c069863 bne              x13, x0, 464        x13:00000000
20410806ns          344140 1c008406 1c0016b7 lui              x13, 0x1c001000     x13=1c001000
20410826ns          344141 1c00840a 86868693 addi             x13, x13, -1944     x13=1c000868 x13:1c001000
20410886ns          344144 1c00840e 0ac5f863 bgeu             x11, x12, 176       x11:00000000 x12:0000000a
20410907ns          344145 1c008412 00010337 lui              x6, 0x10000          x6=00010000
20410927ns          344146 1c008414 08667e63 bgeu             x12, x6, 156        x12:0000000a  x6:00010000
20410947ns          344147 1c008418 0ff00313 addi             x6, x0, 255          x6=000000ff
20410967ns          344148 1c00841c 00c37363 bgeu             x6, x12, 6           x6:000000ff x12:0000000a
20411089ns          344154 1c008422 00e65333 srl              x6, x12, x14         x6=0000000a x12:0000000a x14:00000000
20411109ns          344155 1c008426 006686b3 add              x13, x13, x6        x13=1c000872 x13:1c000868  x6:0000000a
20411129ns          344156 1c008428 0006ce03 lbu              x28, 0(x13)         x28=00000004 x13:1c000872  PA:1c000872
20411433ns          344171 1c00842c 02000313 addi             x6, x0, 32           x6=00000020
20411453ns          344172 1c008430 00ee0e33 add              x28, x28, x14       x28=00000004 x28:00000004 x14:00000000
20411473ns          344173 1c008432 41c30333 sub              x6, x6, x28          x6=0000001c  x6:00000020 x28:00000004
20411494ns          344174 1c008436 00030c63 beq              x6, x0, 24           x6:0000001c
20411514ns          344175 1c00843a 006595b3 sll              x11, x11, x6        x11=00000000 x11:00000000  x6:0000001c
20411575ns          344178 1c00843e 01c55e33 srl              x28, x10, x28       x28=00000000 x10:00000000 x28:00000004
20411615ns          344180 1c008442 006618b3 sll              x17, x12, x6        x17=a0000000 x12:0000000a  x6:0000001c
20411635ns          344181 1c008446 00be6833 or               x16, x28, x11       x16=00000000 x28:00000000 x11:00000000
20411656ns          344182 1c00844a 006517b3 sll              x15, x10, x6        x15=00000000 x10:00000000  x6:0000001c
20411716ns          344185 1c00844e 0108d613 srli             x12, x17, 0x10      x12=0000a000 x17:a0000000
20411757ns          344187 1c008452 02c87733 remu             x14, x16, x12       x14=00000000 x16:00000000 x12:0000a000
20412141ns          344206 1c008456 02c85833 divu             x16, x16, x12       x16=00000000 x16:00000000 x12:0000a000
20412526ns          344225 1c00845a 01089513 slli             x10, x17, 0x10      x10=00000000 x17:a0000000
20412546ns          344226 1c00845e 01055513 srli             x10, x10, 0x10      x10=00000000 x10:00000000
20412566ns          344227 1c008460 01071713 slli             x14, x14, 0x10      x14=00000000 x14:00000000
20412587ns          344228 1c008462 0107d693 srli             x13, x15, 0x10      x13=00000000 x15:00000000
20412607ns          344229 1c008466 03050833 mul              x16, x10, x16       x16=00000000 x10:00000000 x16:00000000
20412627ns          344230 1c00846a 00e6e6b3 or               x13, x13, x14       x13=00000000 x13:00000000 x14:00000000
20412647ns          344231 1c00846c 0106f863 bgeu             x13, x16, 16        x13:00000000 x16:00000000
20412708ns          344234 1c00847c 410686b3 sub              x13, x13, x16       x13=00000000 x13:00000000 x16:00000000
20412769ns          344237 1c008480 02c6f733 remu             x14, x13, x12       x14=00000000 x13:00000000 x12:0000a000
20413174ns          344257 1c008484 02c6d6b3 divu             x13, x13, x12       x13=00000000 x13:00000000 x12:0000a000
20413558ns          344276 1c008488 01079793 slli             x15, x15, 0x10      x15=00000000 x15:00000000
20413578ns          344277 1c00848a 02d506b3 mul              x13, x10, x13       x13=00000000 x10:00000000 x13:00000000
20413599ns          344278 1c00848e 0107d793 srli             x15, x15, 0x10      x15=00000000 x15:00000000
20413619ns          344279 1c008490 01071513 slli             x10, x14, 0x10      x10=00000000 x14:00000000
20413639ns          344280 1c008494 00a7e7b3 or               x15, x15, x10       x15=00000000 x15:00000000 x10:00000000
20413659ns          344281 1c008496 00d7f863 bgeu             x15, x13, 16        x15:00000000 x13:00000000
20413761ns          344286 1c0084a6 40d787b3 sub              x15, x15, x13       x15=00000000 x15:00000000 x13:00000000
20413781ns          344287 1c0084a8 0067d533 srl              x10, x15, x6        x10=00000000 x15:00000000  x6:0000001c
20413801ns          344288 1c0084ac 00000593 addi             x11, x0, 0          x11=00000000
20413821ns          344289 1c0084ae 00008067 jalr             x0, x1, 0            x1:1c008fd4
20413902ns          344293 1c008fd4 00a00933 add              x18, x0, x10        x18=00000000 x10:00000000
20413922ns          344294 1c008fd6 019005b3 add              x11, x0, x25        x11=00000000 x25:00000000
20413943ns          344295 1c008fd8 00800533 add              x10, x0, x8         x10=00000000  x8:00000000
20413963ns          344296 1c008fda 00a00613 addi             x12, x0, 10         x12=0000000a
20413983ns          344297 1c008fdc 00000693 addi             x13, x0, 0          x13=00000000
20414024ns          344299 1c008fde 8beff0ef jal              x1, -3906            x1=1c008fe2
20414105ns          344303 1c00809c 00b007b3 add              x15, x0, x11        x15=00000000 x11:00000000
20414125ns          344304 1c00809e 00c00833 add              x16, x0, x12        x16=0000000a x12:0000000a
20414550ns          344325 1c0080a0 00d008b3 add              x17, x0, x13        x17=00000000 x13:00000000
20414570ns          344326 1c0080a2 00a00333 add              x6, x0, x10          x6=00000000 x10:00000000
20414590ns          344327 1c0080a4 20069663 bne              x13, x0, 524        x13:00000000
20414611ns          344328 1c0080a8 1c001737 lui              x14, 0x1c001000     x14=1c001000
20414631ns          344329 1c0080ac 86870713 addi             x14, x14, -1944     x14=1c000868 x14:1c001000
20415015ns          344348 1c0080b0 0ac5fe63 bgeu             x11, x12, 188       x11:00000000 x12:0000000a
20415056ns          344350 1c0080b4 000106b7 lui              x13, 0x10000        x13=00010000
20415076ns          344351 1c0080b6 0ad67463 bgeu             x12, x13, 168       x12:0000000a x13:00010000
20415096ns          344352 1c0080ba 0ff00693 addi             x13, x0, 255        x13=000000ff
20415157ns          344355 1c0080be 00c6b6b3 sltu             x13, x13, x12       x13=00000000 x13:000000ff x12:0000000a
20415177ns          344356 1c0080c2 00369693 slli             x13, x13, 0x3       x13=00000000 x13:00000000
20415198ns          344357 1c0080c4 00d658b3 srl              x17, x12, x13       x17=0000000a x12:0000000a x13:00000000
20415218ns          344358 1c0080c8 01170733 add              x14, x14, x17       x14=1c000872 x14:1c000868 x17:0000000a
20415238ns          344359 1c0080ca 00074703 lbu              x14, 0(x14)         x14=00000004 x14:1c000872  PA:1c000872
20415562ns          344375 1c0080ce 00e686b3 add              x13, x13, x14       x13=00000004 x13:00000000 x14:00000004
20415582ns          344376 1c0080d0 02000713 addi             x14, x0, 32         x14=00000020
20415602ns          344377 1c0080d4 40d70733 sub              x14, x14, x13       x14=0000001c x14:00000020 x13:00000004
20415623ns          344378 1c0080d6 00070b63 beq              x14, x0, 22         x14:0000001c
20415643ns          344379 1c0080d8 00e797b3 sll              x15, x15, x14       x15=00000000 x15:00000000 x14:0000001c
20415663ns          344380 1c0080dc 00d556b3 srl              x13, x10, x13       x13=00000000 x10:00000000 x13:00000004
20416048ns          344399 1c0080e0 00e61833 sll              x16, x12, x14       x16=a0000000 x12:0000000a x14:0000001c
20416088ns          344401 1c0080e4 00f6e5b3 or               x11, x13, x15       x11=00000000 x13:00000000 x15:00000000
20416108ns          344402 1c0080e8 00e51333 sll              x6, x10, x14         x6=00000000 x10:00000000 x14:0000001c
20416129ns          344403 1c0080ec 01085513 srli             x10, x16, 0x10      x10=0000a000 x16:a0000000
20416189ns          344406 1c0080f0 02a5f733 remu             x14, x11, x10       x14=00000000 x11:00000000 x10:0000a000
20416594ns          344426 1c0080f4 02a5d7b3 divu             x15, x11, x10       x15=00000000 x11:00000000 x10:0000a000
20416979ns          344445 1c0080f8 01081613 slli             x12, x16, 0x10      x12=00000000 x16:a0000000
20416999ns          344446 1c0080fc 01071713 slli             x14, x14, 0x10      x14=00000000 x14:00000000
20417019ns          344447 1c0080fe 01065613 srli             x12, x12, 0x10      x12=00000000 x12:00000000
20417039ns          344448 1c008100 01035693 srli             x13, x6, 0x10       x13=00000000  x6:00000000
20417060ns          344449 1c008104 00e6e6b3 or               x13, x13, x14       x13=00000000 x13:00000000 x14:00000000
20417080ns          344450 1c008106 02f605b3 mul              x11, x12, x15       x11=00000000 x12:00000000 x15:00000000
20417100ns          344451 1c00810a 00f00733 add              x14, x0, x15        x14=00000000 x15:00000000
20417120ns          344452 1c00810c 00b6fc63 bgeu             x13, x11, 24        x13:00000000 x11:00000000
20417910ns          344491 1c008124 40b686b3 sub              x13, x13, x11       x13=00000000 x13:00000000 x11:00000000
20417950ns          344493 1c008126 02a6f7b3 remu             x15, x13, x10       x15=00000000 x13:00000000 x10:0000a000
20418335ns          344512 1c00812a 02a6d6b3 divu             x13, x13, x10       x13=00000000 x13:00000000 x10:0000a000
20418719ns          344531 1c00812e 01031313 slli             x6, x6, 0x10         x6=00000000  x6:00000000
20418740ns          344532 1c008130 01079793 slli             x15, x15, 0x10      x15=00000000 x15:00000000
20418760ns          344533 1c008132 01035313 srli             x6, x6, 0x10         x6=00000000  x6:00000000
20418780ns          344534 1c008136 02d605b3 mul              x11, x12, x13       x11=00000000 x12:00000000 x13:00000000
20418800ns          344535 1c00813a 0067e333 or               x6, x15, x6          x6=00000000 x15:00000000  x6:00000000
20418821ns          344536 1c00813e 00d00533 add              x10, x0, x13        x10=00000000 x13:00000000
20418861ns          344538 1c008140 00b37b63 bgeu             x6, x11, 22          x6:00000000 x11:00000000
20419306ns          344560 1c008156 01071713 slli             x14, x14, 0x10      x14=00000000 x14:00000000
20419347ns          344562 1c008158 00a76733 or               x14, x14, x10       x14=00000000 x14:00000000 x10:00000000
20419367ns          344563 1c00815a 00000593 addi             x11, x0, 0          x11=00000000
20419387ns          344564 1c00815c 0b20006f jal              x0, 178            
20419509ns          344570 1c00820e 00e00533 add              x10, x0, x14        x10=00000000 x14:00000000
20419590ns          344574 1c008210 00008067 jalr             x0, x1, 0            x1:1c008fe2
20419650ns          344577 1c008fe2 03090913 addi             x18, x18, 48        x18=00000030 x18:00000000
20419671ns          344578 1c008fe6 012d8023 sb               x18, 0(x27)         x18:00000030 x27:1000077c  PA:1000077c
20419691ns          344579 1c008fea 00a5e7b3 or               x15, x11, x10       x15=00000000 x11:00000000 x10:00000000
20419752ns          344582 1c008fee 001d8913 addi             x18, x27, 1         x18=1000077d x27:1000077c
20419772ns          344583 1c008ff2 00a00433 add              x8, x0, x10          x8=00000000 x10:00000000
20419792ns          344584 1c008ff4 00b00cb3 add              x25, x0, x11        x25=00000000 x11:00000000
20419812ns          344585 1c008ff6 fc0798e3 bne              x15, x0, -48        x15:00000000
20419833ns          344586 1c008ff8 00090023 sb               x0, 0(x18)          x18:1000077d  PA:1000077d
20419853ns          344587 1c008ffc 01ba7d63 bgeu             x20, x27, 26        x20:1000077c x27:1000077c
20420258ns          344607 1c009016 00012783 lw               x15, 0(x2)          x15=1000077c  x2:10000758  PA:10000758
20420298ns          344609 1c009018 00c12703 lw               x14, 12(x2)         x14=00000000  x2:10000758  PA:10000764
20420318ns          344610 1c00901a 40f90933 sub              x18, x18, x15       x18=00000001 x18:1000077d x15:1000077c
20420379ns          344613 1c00901e 3c071de3 bne              x14, x0, 3034       x14:00000000
20420399ns          344614 1c009022 01012783 lw               x15, 16(x2)         x15=00000000  x2:10000758  PA:10000768
20420440ns          344616 1c009024 3c079ae3 bne              x15, x0, 3028       x15:00000000
20420460ns          344617 1c009028 00412703 lw               x14, 4(x2)          x14=00000000  x2:10000758  PA:1000075c
20420500ns          344619 1c00902a 01f75713 srli             x14, x14, 0x1f      x14=00000000 x14:00000000
20420521ns          344620 1c00902c 00e12223 sw               x14, 4(x2)          x14:00000000  x2:10000758  PA:1000075c
20420905ns          344639 1c00902e 3404c463 blt              x9, x0, 840          x9:ffffffff
20421006ns          344644 1c009376 00000c93 addi             x25, x0, 0          x25=00000000
20421047ns          344646 1c009378 00012c23 sw               x0, 24(x2)           x2:10000758  PA:10000770
20421067ns          344647 1c00937a 00000a13 addi             x20, x0, 0          x20=00000000
20421087ns          344648 1c00937c 01412783 lw               x15, 20(x2)         x15=00000000  x2:10000758  PA:1000076c
20421432ns          344665 1c00937e 5e078163 beq              x15, x0, 1506       x15:00000000
20421533ns          344670 1c009960 412b0b33 sub              x22, x22, x18       x22=ffffffff x22:00000000 x18:00000001
20421573ns          344672 1c009964 02410413 addi             x8, x2, 36           x8=1000077c  x2:10000758
20421593ns          344673 1c009966 00000493 addi             x9, x0, 0            x9=00000000
20421614ns          344674 1c009968 ee6ff06f jal              x0, -2330          
20421755ns          344681 1c00904e 00812703 lw               x14, 8(x2)          x14=00000000  x2:10000758  PA:10000760
20421836ns          344685 1c009050 02071063 bne              x14, x0, 32         x14:00000000
20421877ns          344687 1c009052 01605f63 bge              x0, x22, 30         x22:ffffffff
20421978ns          344692 1c009070 00412783 lw               x15, 4(x2)          x15=00000000  x2:10000758  PA:1000075c
20422018ns          344694 1c009072 00f40db3 add              x27, x8, x15        x27=1000077c  x8:1000077c x15:00000000
20422039ns          344695 1c009076 00c0006f jal              x0, 12             
20422120ns          344699 1c009082 017005b3 add              x11, x0, x23        x11=00000002 x23:00000002
20422160ns          344701 1c009084 ffb41ae3 bne              x8, x27, -12         x8:1000077c x27:1000077c
20422180ns          344702 1c009088 00900db3 add              x27, x0, x9         x27=00000000  x9:00000000
20422201ns          344703 1c00908a 0080006f jal              x0, 8              
20422302ns          344708 1c009092 fffd8d93 addi             x27, x27, -1        x27=ffffffff x27:00000000
20422322ns          344709 1c009094 017005b3 add              x11, x0, x23        x11=00000002 x23:00000002
20422342ns          344710 1c009096 03000513 addi             x10, x0, 48         x10=00000030
20422363ns          344711 1c00909a fffdb9e3 p.bneimm         x27, -14            x27:ffffffff
20422383ns          344712 1c00909e 00412703 lw               x14, 4(x2)          x14=00000000  x2:10000758  PA:1000075c
20422423ns          344714 1c0090a0 40e90933 sub              x18, x18, x14       x18=00000001 x18:00000001 x14:00000000
20422464ns          344716 1c0090a4 01212423 sw               x18, 8(x2)          x18:00000001  x2:10000758  PA:10000760
20422484ns          344717 1c0090a6 e40a15e3 bne              x20, x0, -438       x20:00000000
20422504ns          344718 1c0090aa 01812783 lw               x15, 24(x2)         x15=00000000  x2:10000758  PA:10000770
20422545ns          344720 1c0090ac 16079763 bne              x15, x0, 366        x15:00000000
20422565ns          344721 1c0090b0 120c8863 beq              x25, x0, 304        x25:00000000
20422666ns          344726 1c0091e0 017005b3 add              x11, x0, x23        x11=00000002 x23:00000002
20422707ns          344728 1c0091e2 ff2049e3 blt              x0, x18, -14        x18:00000001
20422808ns          344733 1c0091d4 0014450b p.lbu            x10, 1(x8!)         x10=00000030  x8=1000077d  x8:1000077c  PA:1000077c
20422848ns          344735 1c0091d8 fff90913 addi             x18, x18, -1        x18=00000000 x18:00000001
20422869ns          344736 1c0091da 000980e7 jalr             x1, x19, 0           x1=1c0091dc x19:1c008d20
20423354ns          344760 1c008d20 f14027f3 csrrs            x15, x0, 0xf14      x15=00000000
20423395ns          344762 1c008d24 1a10f6b7 lui              x13, 0x1a10f000     x13=1a10f000
20423415ns          344763 1c008d28 ca5797b3 p.extractu       x15, x15, 5, 5      x15=00000000 x15:00000000
20423435ns          344764 1c008d2c f1402773 csrrs            x14, x0, 0xf14      x14=00000000
20423496ns          344767 1c008d30 00779793 slli             x15, x15, 0x7       x15=00000000 x15:00000000
20423516ns          344768 1c008d32 00371713 slli             x14, x14, 0x3       x14=00000000 x14:00000000
20423536ns          344769 1c008d34 0ff57513 andi             x10, x10, 255       x10=00000030 x10:00000030
20423557ns          344770 1c008d38 ee873733 p.bclr           x14, x14, 23, 8     x14=00000000 x14:00000000
20423577ns          344771 1c008d3c 00d787b3 add              x15, x15, x13       x15=1a10f000 x15:00000000 x13:1a10f000
20423597ns          344772 1c008d3e 00a767a3 p.sw             x10, x0(x14)        x10:00000030 x14:00000000  PA:1a10f000
20424225ns          344803 1c008d42 00000513 addi             x10, x0, 0          x10=00000000
20424245ns          344804 1c008d44 00008067 jalr             x0, x1, 0            x1:1c0091dc
20424285ns          344806 1c0091dc d5f522e3 p.beqimm         x10, -700           x10:00000000
20424306ns          344807 1c0091e0 017005b3 add              x11, x0, x23        x11=00000002 x23:00000002
20424326ns          344808 1c0091e2 ff2049e3 blt              x0, x18, -14        x18:00000000
20424346ns          344809 1c0091e6 00412783 lw               x15, 4(x2)          x15=00000000  x2:10000758  PA:1000075c
20424366ns          344810 1c0091e8 01c12a03 lw               x20, 28(x2)         x20=10000800  x2:10000758  PA:10000774
20424387ns          344811 1c0091ea 00fa8733 add              x14, x21, x15       x14=00000004 x21:00000004 x15:00000000
20424407ns          344812 1c0091ee 00812783 lw               x15, 8(x2)          x15=00000001  x2:10000758  PA:10000760
20424447ns          344814 1c0091f0 00970733 add              x14, x14, x9        x14=00000004 x14:00000004  x9:00000000
20424488ns          344816 1c0091f2 00e78ab3 add              x21, x15, x14       x21=00000005 x15:00000001 x14:00000004
20424508ns          344817 1c0091f6 bf6059e3 bge              x0, x22, -1038      x22:ffffffff
20424629ns          344823 1c008de8 000d4503 lbu              x10, 0(x26)         x10=00000020 x26:1c0009b2  PA:1c0009b2
20424933ns          344838 1c008dec 001d0413 addi             x8, x26, 1           x8=1c0009b3 x26:1c0009b2
20424953ns          344839 1c008df0 0c050b63 beq              x10, x0, 214        x10:00000020
20424974ns          344840 1c008df2 02500793 addi             x15, x0, 37         x15=00000025
20424994ns          344841 1c008df6 fef513e3 bne              x10, x15, -26       x10:00000020 x15:00000025
20425156ns          344849 1c008ddc 017005b3 add              x11, x0, x23        x11=00000002 x23:00000002
20425176ns          344850 1c008dde 000980e7 jalr             x1, x19, 0           x1=1c008de0 x19:1c008d20
20425216ns          344852 1c008d20 f14027f3 csrrs            x15, x0, 0xf14      x15=00000000
20425237ns          344853 1c008d24 1a10f6b7 lui              x13, 0x1a10f000     x13=1a10f000
20425257ns          344854 1c008d28 ca5797b3 p.extractu       x15, x15, 5, 5      x15=00000000 x15:00000000
20425277ns          344855 1c008d2c f1402773 csrrs            x14, x0, 0xf14      x14=00000000
20425297ns          344856 1c008d30 00779793 slli             x15, x15, 0x7       x15=00000000 x15:00000000
20425318ns          344857 1c008d32 00371713 slli             x14, x14, 0x3       x14=00000000 x14:00000000
20425338ns          344858 1c008d34 0ff57513 andi             x10, x10, 255       x10=00000020 x10:00000020
20425358ns          344859 1c008d38 ee873733 p.bclr           x14, x14, 23, 8     x14=00000000 x14:00000000
20425378ns          344860 1c008d3c 00d787b3 add              x15, x15, x13       x15=1a10f000 x15:00000000 x13:1a10f000
20425399ns          344861 1c008d3e 00a767a3 p.sw             x10, x0(x14)        x10:00000020 x14:00000000  PA:1a10f000
20425743ns          344878 1c008d42 00000513 addi             x10, x0, 0          x10=00000000
20425763ns          344879 1c008d44 00008067 jalr             x0, x1, 0            x1:1c008de0
20425803ns          344881 1c008de0 15f52063 p.beqimm         x10, 320            x10:00000000
20425824ns          344882 1c008de4 001a8a93 addi             x21, x21, 1         x21=00000006 x21:00000005
20425844ns          344883 1c008de6 00800d33 add              x26, x0, x8         x26=1c0009b3  x8:1c0009b3
20425864ns          344884 1c008de8 000d4503 lbu              x10, 0(x26)         x10=00000054 x26:1c0009b3  PA:1c0009b3
20426168ns          344899 1c008dec 001d0413 addi             x8, x26, 1           x8=1c0009b4 x26:1c0009b3
20426188ns          344900 1c008df0 0c050b63 beq              x10, x0, 214        x10:00000054
20426208ns          344901 1c008df2 02500793 addi             x15, x0, 37         x15=00000025
20426228ns          344902 1c008df6 fef513e3 bne              x10, x15, -26       x10:00000054 x15:00000025
20426289ns          344905 1c008ddc 017005b3 add              x11, x0, x23        x11=00000002 x23:00000002
20426309ns          344906 1c008dde 000980e7 jalr             x1, x19, 0           x1=1c008de0 x19:1c008d20
20426350ns          344908 1c008d20 f14027f3 csrrs            x15, x0, 0xf14      x15=00000000
20426370ns          344909 1c008d24 1a10f6b7 lui              x13, 0x1a10f000     x13=1a10f000
20426390ns          344910 1c008d28 ca5797b3 p.extractu       x15, x15, 5, 5      x15=00000000 x15:00000000
20426411ns          344911 1c008d2c f1402773 csrrs            x14, x0, 0xf14      x14=00000000
20426431ns          344912 1c008d30 00779793 slli             x15, x15, 0x7       x15=00000000 x15:00000000
20426451ns          344913 1c008d32 00371713 slli             x14, x14, 0x3       x14=00000000 x14:00000000
20426471ns          344914 1c008d34 0ff57513 andi             x10, x10, 255       x10=00000054 x10:00000054
20426492ns          344915 1c008d38 ee873733 p.bclr           x14, x14, 23, 8     x14=00000000 x14:00000000
20426512ns          344916 1c008d3c 00d787b3 add              x15, x15, x13       x15=1a10f000 x15:00000000 x13:1a10f000
20426532ns          344917 1c008d3e 00a767a3 p.sw             x10, x0(x14)        x10:00000054 x14:00000000  PA:1a10f000
20426856ns          344933 1c008d42 00000513 addi             x10, x0, 0          x10=00000000
20426876ns          344934 1c008d44 00008067 jalr             x0, x1, 0            x1:1c008de0
20426917ns          344936 1c008de0 15f52063 p.beqimm         x10, 320            x10:00000000
20426937ns          344937 1c008de4 001a8a93 addi             x21, x21, 1         x21=00000007 x21:00000006
20426957ns          344938 1c008de6 00800d33 add              x26, x0, x8         x26=1c0009b4  x8:1c0009b4
20426977ns          344939 1c008de8 000d4503 lbu              x10, 0(x26)         x10=00000061 x26:1c0009b4  PA:1c0009b4
20427281ns          344954 1c008dec 001d0413 addi             x8, x26, 1           x8=1c0009b5 x26:1c0009b4
20427301ns          344955 1c008df0 0c050b63 beq              x10, x0, 214        x10:00000061
20427321ns          344956 1c008df2 02500793 addi             x15, x0, 37         x15=00000025
20427342ns          344957 1c008df6 fef513e3 bne              x10, x15, -26       x10:00000061 x15:00000025
20427402ns          344960 1c008ddc 017005b3 add              x11, x0, x23        x11=00000002 x23:00000002
20427423ns          344961 1c008dde 000980e7 jalr             x1, x19, 0           x1=1c008de0 x19:1c008d20
20427463ns          344963 1c008d20 f14027f3 csrrs            x15, x0, 0xf14      x15=00000000
20427483ns          344964 1c008d24 1a10f6b7 lui              x13, 0x1a10f000     x13=1a10f000
20427504ns          344965 1c008d28 ca5797b3 p.extractu       x15, x15, 5, 5      x15=00000000 x15:00000000
20427524ns          344966 1c008d2c f1402773 csrrs            x14, x0, 0xf14      x14=00000000
20427544ns          344967 1c008d30 00779793 slli             x15, x15, 0x7       x15=00000000 x15:00000000
20427564ns          344968 1c008d32 00371713 slli             x14, x14, 0x3       x14=00000000 x14:00000000
20427584ns          344969 1c008d34 0ff57513 andi             x10, x10, 255       x10=00000061 x10:00000061
20427605ns          344970 1c008d38 ee873733 p.bclr           x14, x14, 23, 8     x14=00000000 x14:00000000
20427625ns          344971 1c008d3c 00d787b3 add              x15, x15, x13       x15=1a10f000 x15:00000000 x13:1a10f000
20427645ns          344972 1c008d3e 00a767a3 p.sw             x10, x0(x14)        x10:00000061 x14:00000000  PA:1a10f000
20427969ns          344988 1c008d42 00000513 addi             x10, x0, 0          x10=00000000
20427989ns          344989 1c008d44 00008067 jalr             x0, x1, 0            x1:1c008de0
20428030ns          344991 1c008de0 15f52063 p.beqimm         x10, 320            x10:00000000
20428050ns          344992 1c008de4 001a8a93 addi             x21, x21, 1         x21=00000008 x21:00000007
20428070ns          344993 1c008de6 00800d33 add              x26, x0, x8         x26=1c0009b5  x8:1c0009b5
20428090ns          344994 1c008de8 000d4503 lbu              x10, 0(x26)         x10=00000073 x26:1c0009b5  PA:1c0009b5
20428394ns          345009 1c008dec 001d0413 addi             x8, x26, 1           x8=1c0009b6 x26:1c0009b5
20428414ns          345010 1c008df0 0c050b63 beq              x10, x0, 214        x10:00000073
20428435ns          345011 1c008df2 02500793 addi             x15, x0, 37         x15=00000025
20428455ns          345012 1c008df6 fef513e3 bne              x10, x15, -26       x10:00000073 x15:00000025
20428516ns          345015 1c008ddc 017005b3 add              x11, x0, x23        x11=00000002 x23:00000002
20428536ns          345016 1c008dde 000980e7 jalr             x1, x19, 0           x1=1c008de0 x19:1c008d20
20428576ns          345018 1c008d20 f14027f3 csrrs            x15, x0, 0xf14      x15=00000000
20428596ns          345019 1c008d24 1a10f6b7 lui              x13, 0x1a10f000     x13=1a10f000
20428617ns          345020 1c008d28 ca5797b3 p.extractu       x15, x15, 5, 5      x15=00000000 x15:00000000
20428637ns          345021 1c008d2c f1402773 csrrs            x14, x0, 0xf14      x14=00000000
20428657ns          345022 1c008d30 00779793 slli             x15, x15, 0x7       x15=00000000 x15:00000000
20428677ns          345023 1c008d32 00371713 slli             x14, x14, 0x3       x14=00000000 x14:00000000
20428698ns          345024 1c008d34 0ff57513 andi             x10, x10, 255       x10=00000073 x10:00000073
20428718ns          345025 1c008d38 ee873733 p.bclr           x14, x14, 23, 8     x14=00000000 x14:00000000
20428738ns          345026 1c008d3c 00d787b3 add              x15, x15, x13       x15=1a10f000 x15:00000000 x13:1a10f000
20428758ns          345027 1c008d3e 00a767a3 p.sw             x10, x0(x14)        x10:00000073 x14:00000000  PA:1a10f000
20429082ns          345043 1c008d42 00000513 addi             x10, x0, 0          x10=00000000
20429102ns          345044 1c008d44 00008067 jalr             x0, x1, 0            x1:1c008de0
20429143ns          345046 1c008de0 15f52063 p.beqimm         x10, 320            x10:00000000
20429163ns          345047 1c008de4 001a8a93 addi             x21, x21, 1         x21=00000009 x21:00000008
20429183ns          345048 1c008de6 00800d33 add              x26, x0, x8         x26=1c0009b6  x8:1c0009b6
20429204ns          345049 1c008de8 000d4503 lbu              x10, 0(x26)         x10=0000006b x26:1c0009b6  PA:1c0009b6
20429507ns          345064 1c008dec 001d0413 addi             x8, x26, 1           x8=1c0009b7 x26:1c0009b6
20429528ns          345065 1c008df0 0c050b63 beq              x10, x0, 214        x10:0000006b
20429548ns          345066 1c008df2 02500793 addi             x15, x0, 37         x15=00000025
20429568ns          345067 1c008df6 fef513e3 bne              x10, x15, -26       x10:0000006b x15:00000025
20429629ns          345070 1c008ddc 017005b3 add              x11, x0, x23        x11=00000002 x23:00000002
20429649ns          345071 1c008dde 000980e7 jalr             x1, x19, 0           x1=1c008de0 x19:1c008d20
20429689ns          345073 1c008d20 f14027f3 csrrs            x15, x0, 0xf14      x15=00000000
20429710ns          345074 1c008d24 1a10f6b7 lui              x13, 0x1a10f000     x13=1a10f000
20429730ns          345075 1c008d28 ca5797b3 p.extractu       x15, x15, 5, 5      x15=00000000 x15:00000000
20429750ns          345076 1c008d2c f1402773 csrrs            x14, x0, 0xf14      x14=00000000
20429770ns          345077 1c008d30 00779793 slli             x15, x15, 0x7       x15=00000000 x15:00000000
20429791ns          345078 1c008d32 00371713 slli             x14, x14, 0x3       x14=00000000 x14:00000000
20429811ns          345079 1c008d34 0ff57513 andi             x10, x10, 255       x10=0000006b x10:0000006b
20429831ns          345080 1c008d38 ee873733 p.bclr           x14, x14, 23, 8     x14=00000000 x14:00000000
20429851ns          345081 1c008d3c 00d787b3 add              x15, x15, x13       x15=1a10f000 x15:00000000 x13:1a10f000
20429872ns          345082 1c008d3e 00a767a3 p.sw             x10, x0(x14)        x10:0000006b x14:00000000  PA:1a10f000
20430195ns          345098 1c008d42 00000513 addi             x10, x0, 0          x10=00000000
20430216ns          345099 1c008d44 00008067 jalr             x0, x1, 0            x1:1c008de0
20430256ns          345101 1c008de0 15f52063 p.beqimm         x10, 320            x10:00000000
20430276ns          345102 1c008de4 001a8a93 addi             x21, x21, 1         x21=0000000a x21:00000009
20430297ns          345103 1c008de6 00800d33 add              x26, x0, x8         x26=1c0009b7  x8:1c0009b7
20430317ns          345104 1c008de8 000d4503 lbu              x10, 0(x26)         x10=00000020 x26:1c0009b7  PA:1c0009b7
20430620ns          345119 1c008dec 001d0413 addi             x8, x26, 1           x8=1c0009b8 x26:1c0009b7
20430641ns          345120 1c008df0 0c050b63 beq              x10, x0, 214        x10:00000020
20430661ns          345121 1c008df2 02500793 addi             x15, x0, 37         x15=00000025
20430681ns          345122 1c008df6 fef513e3 bne              x10, x15, -26       x10:00000020 x15:00000025
20430742ns          345125 1c008ddc 017005b3 add              x11, x0, x23        x11=00000002 x23:00000002
20430762ns          345126 1c008dde 000980e7 jalr             x1, x19, 0           x1=1c008de0 x19:1c008d20
20430803ns          345128 1c008d20 f14027f3 csrrs            x15, x0, 0xf14      x15=00000000
20430823ns          345129 1c008d24 1a10f6b7 lui              x13, 0x1a10f000     x13=1a10f000
20430843ns          345130 1c008d28 ca5797b3 p.extractu       x15, x15, 5, 5      x15=00000000 x15:00000000
20430863ns          345131 1c008d2c f1402773 csrrs            x14, x0, 0xf14      x14=00000000
20430884ns          345132 1c008d30 00779793 slli             x15, x15, 0x7       x15=00000000 x15:00000000
20430904ns          345133 1c008d32 00371713 slli             x14, x14, 0x3       x14=00000000 x14:00000000
20430924ns          345134 1c008d34 0ff57513 andi             x10, x10, 255       x10=00000020 x10:00000020
20430944ns          345135 1c008d38 ee873733 p.bclr           x14, x14, 23, 8     x14=00000000 x14:00000000
20430965ns          345136 1c008d3c 00d787b3 add              x15, x15, x13       x15=1a10f000 x15:00000000 x13:1a10f000
20430985ns          345137 1c008d3e 00a767a3 p.sw             x10, x0(x14)        x10:00000020 x14:00000000  PA:1a10f000
20431309ns          345153 1c008d42 00000513 addi             x10, x0, 0          x10=00000000
20431329ns          345154 1c008d44 00008067 jalr             x0, x1, 0            x1:1c008de0
20431369ns          345156 1c008de0 15f52063 p.beqimm         x10, 320            x10:00000000
20431390ns          345157 1c008de4 001a8a93 addi             x21, x21, 1         x21=0000000b x21:0000000a
20431410ns          345158 1c008de6 00800d33 add              x26, x0, x8         x26=1c0009b8  x8:1c0009b8
20431430ns          345159 1c008de8 000d4503 lbu              x10, 0(x26)         x10=00000025 x26:1c0009b8  PA:1c0009b8
20431734ns          345174 1c008dec 001d0413 addi             x8, x26, 1           x8=1c0009b9 x26:1c0009b8
20431754ns          345175 1c008df0 0c050b63 beq              x10, x0, 214        x10:00000025
20431774ns          345176 1c008df2 02500793 addi             x15, x0, 37         x15=00000025
20431794ns          345177 1c008df6 fef513e3 bne              x10, x15, -26       x10:00000025 x15:00000025
20431815ns          345178 1c008dfa 00012a23 sw               x0, 20(x2)           x2:10000758  PA:1000076c
20431855ns          345180 1c008dfc 00012823 sw               x0, 16(x2)           x2:10000758  PA:10000768
20431875ns          345181 1c008dfe 00012623 sw               x0, 12(x2)           x2:10000758  PA:10000764
20431896ns          345182 1c008e00 00012423 sw               x0, 8(x2)            x2:10000758  PA:10000760
20431916ns          345183 1c008e02 00012223 sw               x0, 4(x2)            x2:10000758  PA:1000075c
20431936ns          345184 1c008e04 02300493 addi             x9, x0, 35           x9=00000023
20431956ns          345185 1c008e08 02d00b13 addi             x22, x0, 45         x22=0000002d
20431977ns          345186 1c008e0c 00044c83 lbu              x25, 0(x8)          x25=00000064  x8:1c0009b9  PA:1c0009b9
20432300ns          345202 1c008e10 00140913 addi             x18, x8, 1          x18=1c0009ba  x8:1c0009b9
20432321ns          345203 1c008e14 019005b3 add              x11, x0, x25        x11=00000064 x25:00000064
20432341ns          345204 1c008e16 9d0c0513 addi             x10, x24, -1584     x10=1c0009d0 x24:1c001000
20432361ns          345205 1c008e1a 01200d33 add              x26, x0, x18        x26=1c0009ba x18:1c0009ba
20432381ns          345206 1c008e1c 01900db3 add              x27, x0, x25        x27=00000064 x25:00000064
20432402ns          345207 1c008e1e e89ff0ef jal              x1, -376             x1=1c008e20
20432483ns          345211 1c008ca6 00054783 lbu              x15, 0(x10)         x15=0000002d x10:1c0009d0  PA:1c0009d0
20432806ns          345227 1c008caa 0ff5f593 andi             x11, x11, 255       x11=00000064 x11:00000064
20432827ns          345228 1c008cae 00b78c63 beq              x15, x11, 24        x15:0000002d x11:00000064
20432847ns          345229 1c008cb2 00078b63 beq              x15, x0, 22         x15:0000002d
20432867ns          345230 1c008cb4 00150793 addi             x15, x10, 1         x15=1c0009d1 x10:1c0009d0
20432887ns          345231 1c008cb8 0040006f jal              x0, 4              
20432989ns          345236 1c008cbc 00f00533 add              x10, x0, x15        x10=1c0009d1 x15:1c0009d1
20433009ns          345237 1c008cbe 0017c70b p.lbu            x14, 1(x15!)        x14=0000002b x15=1c0009d2 x15:1c0009d1  PA:1c0009d1
20433333ns          345253 1c008cc2 feb71ce3 bne              x14, x11, -8        x14:0000002b x11:00000064
20433393ns          345256 1c008cba 00070763 beq              x14, x0, 14         x14:0000002b
20433414ns          345257 1c008cbc 00f00533 add              x10, x0, x15        x10=1c0009d2 x15:1c0009d2
20433434ns          345258 1c008cbe 0017c70b p.lbu            x14, 1(x15!)        x14=00000020 x15=1c0009d3 x15:1c0009d2  PA:1c0009d2
20433758ns          345274 1c008cc2 feb71ce3 bne              x14, x11, -8        x14:00000020 x11:00000064
20433818ns          345277 1c008cba 00070763 beq              x14, x0, 14         x14:00000020
20433839ns          345278 1c008cbc 00f00533 add              x10, x0, x15        x10=1c0009d3 x15:1c0009d3
20433859ns          345279 1c008cbe 0017c70b p.lbu            x14, 1(x15!)        x14=00000023 x15=1c0009d4 x15:1c0009d3  PA:1c0009d3
20434183ns          345295 1c008cc2 feb71ce3 bne              x14, x11, -8        x14:00000023 x11:00000064
20434243ns          345298 1c008cba 00070763 beq              x14, x0, 14         x14:00000023
20434264ns          345299 1c008cbc 00f00533 add              x10, x0, x15        x10=1c0009d4 x15:1c0009d4
20434284ns          345300 1c008cbe 0017c70b p.lbu            x14, 1(x15!)        x14=00000030 x15=1c0009d5 x15:1c0009d4  PA:1c0009d4
20434608ns          345316 1c008cc2 feb71ce3 bne              x14, x11, -8        x14:00000030 x11:00000064
20434668ns          345319 1c008cba 00070763 beq              x14, x0, 14         x14:00000030
20434689ns          345320 1c008cbc 00f00533 add              x10, x0, x15        x10=1c0009d5 x15:1c0009d5
20434709ns          345321 1c008cbe 0017c70b p.lbu            x14, 1(x15!)        x14=00000000 x15=1c0009d6 x15:1c0009d5  PA:1c0009d5
20435033ns          345337 1c008cc2 feb71ce3 bne              x14, x11, -8        x14:00000000 x11:00000064
20435094ns          345340 1c008cba 00070763 beq              x14, x0, 14         x14:00000000
20435154ns          345343 1c008cc8 0015b593 sltiu            x11, x11, 1         x11=00000000 x11:00000064
20435174ns          345344 1c008ccc 40b005b3 sub              x11, x0, x11        x11=00000000 x11:00000000
20435195ns          345345 1c008cd0 00b57533 and              x10, x10, x11       x10=00000000 x10:1c0009d5 x11:00000000
20435215ns          345346 1c008cd2 00008067 jalr             x0, x1, 0            x1:1c008e20
20435255ns          345348 1c008e20 02050b63 beq              x10, x0, 54         x10:00000000
20435478ns          345359 1c008e56 02a00693 addi             x13, x0, 42         x13=0000002a
20435498ns          345360 1c008e5a 2edc8263 beq              x25, x13, 740       x25:00000064 x13:0000002a
20435559ns          345363 1c008e5e fd0c8693 addi             x13, x25, -48       x13=00000034 x25:00000064
20435579ns          345364 1c008e62 00900593 addi             x11, x0, 9          x11=00000009
20435600ns          345365 1c008e64 00000b13 addi             x22, x0, 0          x22=00000000
20435620ns          345366 1c008e66 0cd5fd63 bgeu             x11, x13, 218       x11:00000009 x13:00000034
20435640ns          345367 1c008e6a 02e00793 addi             x15, x0, 46         x15=0000002e
20435701ns          345370 1c008e6e 28fd8663 beq              x27, x15, 652       x27:00000064 x15:0000002e
20435721ns          345371 1c008e72 01b00433 add              x8, x0, x27          x8=00000064 x27:00000064
20435741ns          345372 1c008e74 fff00493 addi             x9, x0, -1           x9=ffffffff
20435761ns          345373 1c008e76 1c001737 lui              x14, 0x1c001000     x14=1c001000
20435782ns          345374 1c008e7a 01b005b3 add              x11, x0, x27        x11=00000064 x27:00000064
20435802ns          345375 1c008e7c 9d870513 addi             x10, x14, -1576     x10=1c0009d8 x14:1c001000
20435842ns          345377 1c008e80 e27ff0ef jal              x1, -474             x1=1c008e82
20435903ns          345380 1c008ca6 00054783 lbu              x15, 0(x10)         x15=00000068 x10:1c0009d8  PA:1c0009d8
20436207ns          345395 1c008caa 0ff5f593 andi             x11, x11, 255       x11=00000064 x11:00000064
20436227ns          345396 1c008cae 00b78c63 beq              x15, x11, 24        x15:00000068 x11:00000064
20436247ns          345397 1c008cb2 00078b63 beq              x15, x0, 22         x15:00000068
20436267ns          345398 1c008cb4 00150793 addi             x15, x10, 1         x15=1c0009d9 x10:1c0009d8
20436288ns          345399 1c008cb8 0040006f jal              x0, 4              
20436328ns          345401 1c008cbc 00f00533 add              x10, x0, x15        x10=1c0009d9 x15:1c0009d9
20436348ns          345402 1c008cbe 0017c70b p.lbu            x14, 1(x15!)        x14=0000006c x15=1c0009da x15:1c0009d9  PA:1c0009d9
20436672ns          345418 1c008cc2 feb71ce3 bne              x14, x11, -8        x14:0000006c x11:00000064
20436733ns          345421 1c008cba 00070763 beq              x14, x0, 14         x14:0000006c
20436753ns          345422 1c008cbc 00f00533 add              x10, x0, x15        x10=1c0009da x15:1c0009da
20436773ns          345423 1c008cbe 0017c70b p.lbu            x14, 1(x15!)        x14=0000007a x15=1c0009db x15:1c0009da  PA:1c0009da
20437097ns          345439 1c008cc2 feb71ce3 bne              x14, x11, -8        x14:0000007a x11:00000064
20437158ns          345442 1c008cba 00070763 beq              x14, x0, 14         x14:0000007a
20437178ns          345443 1c008cbc 00f00533 add              x10, x0, x15        x10=1c0009db x15:1c0009db
20437198ns          345444 1c008cbe 0017c70b p.lbu            x14, 1(x15!)        x14=00000000 x15=1c0009dc x15:1c0009db  PA:1c0009db
20437522ns          345460 1c008cc2 feb71ce3 bne              x14, x11, -8        x14:00000000 x11:00000064
20437583ns          345463 1c008cba 00070763 beq              x14, x0, 14         x14:00000000
20437644ns          345466 1c008cc8 0015b593 sltiu            x11, x11, 1         x11=00000000 x11:00000064
20437664ns          345467 1c008ccc 40b005b3 sub              x11, x0, x11        x11=00000000 x11:00000000
20437684ns          345468 1c008cd0 00b57533 and              x10, x10, x11       x10=00000000 x10:1c0009db x11:00000000
20437704ns          345469 1c008cd2 00008067 jalr             x0, x1, 0            x1:1c008e82
20437745ns          345471 1c008e82 00000793 addi             x15, x0, 0          x15=00000000
20437765ns          345472 1c008e84 00050f63 beq              x10, x0, 30         x10:00000000
20437907ns          345479 1c008ea2 06700693 addi             x13, x0, 103        x13=00000067
20437927ns          345480 1c008ea6 0bb6ee63 bltu             x13, x27, 188       x13:00000067 x27:00000064
20437947ns          345481 1c008eaa 06500693 addi             x13, x0, 101        x13=00000065
20438008ns          345484 1c008eae 3addf2e3 bgeu             x27, x13, 2980      x27:00000064 x13:00000065
20438049ns          345486 1c008eb2 04700693 addi             x13, x0, 71         x13=00000047
20438069ns          345487 1c008eb6 39b6ed63 bltu             x13, x27, 922       x13:00000047 x27:00000064
20438170ns          345492 1c009250 06300693 addi             x13, x0, 99         x13=00000063
20438210ns          345494 1c009254 70dd8c63 beq              x27, x13, 1816      x27:00000064 x13:00000063
20438231ns          345495 1c009258 d3b6e5e3 bltu             x13, x27, -726      x13:00000063 x27:00000064
20438433ns          345505 1c008f82 06c00693 addi             x13, x0, 108        x13=0000006c
20438453ns          345506 1c008f86 00d78a63 beq              x15, x13, 20        x15:00000000 x13:0000006c
20438474ns          345507 1c008f8a 07a00693 addi             x13, x0, 122        x13=0000007a
20438534ns          345510 1c008f8e 00d78663 beq              x15, x13, 12        x15:00000000 x13:0000007a
20438575ns          345512 1c008f92 04c00693 addi             x13, x0, 76         x13=0000004c
20438595ns          345513 1c008f96 5ed78de3 beq              x15, x13, 3578      x15:00000000 x13:0000004c
20438615ns          345514 1c008f9a 000a2783 lw               x15, 0(x20)         x15=00000002 x20:10000800  PA:10000800
20438636ns          345515 1c008f9e 004a0a13 addi             x20, x20, 4         x20=10000804 x20:10000800
20438676ns          345517 1c008fa0 41f7d713 srai             x14, x15, 0x41f     x14=00000000 x15:00000002
20438716ns          345519 1c008fa4 01412e23 sw               x20, 28(x2)         x20:10000804  x2:10000758  PA:10000774
20438737ns          345520 1c008fa6 00e12223 sw               x14, 4(x2)          x14:00000000  x2:10000758  PA:1000075c
20438757ns          345521 1c008fa8 4e0741e3 blt              x14, x0, 3298       x14:00000000
20438777ns          345522 1c008fac 00c12703 lw               x14, 12(x2)         x14=00000000  x2:10000758  PA:10000764
20438818ns          345524 1c008fae 440709e3 beq              x14, x0, 3154       x14:00000000
20438919ns          345529 1c009c00 01012703 lw               x14, 16(x2)         x14=00000000  x2:10000758  PA:10000768
20438959ns          345531 1c009c02 22070063 beq              x14, x0, 544        x14:00000000
20439061ns          345536 1c009e22 00412c83 lw               x25, 4(x2)          x25=00000000  x2:10000758  PA:1000075c
20439101ns          345538 1c009e24 02410a13 addi             x20, x2, 36         x20=1000077c  x2:10000758
20439121ns          345539 1c009e28 998ff06f jal              x0, -3688          
20439202ns          345543 1c008fc0 00f00433 add              x8, x0, x15          x8=00000002 x15:00000002
20439222ns          345544 1c008fc2 01400db3 add              x27, x0, x20        x27=1000077c x20:1000077c
20439243ns          345545 1c008fc4 0040006f jal              x0, 4              
20439283ns          345547 1c008fc8 00a00613 addi             x12, x0, 10         x12=0000000a
20439303ns          345548 1c008fca 00000693 addi             x13, x0, 0          x13=00000000
20439324ns          345549 1c008fcc 00800533 add              x10, x0, x8         x10=00000002  x8:00000002
20439344ns          345550 1c008fce 019005b3 add              x11, x0, x25        x11=00000000 x25:00000000
20439364ns          345551 1c008fd0 c2aff0ef jal              x1, -3030            x1=1c008fd4
20439445ns          345555 1c0083fa 00c008b3 add              x17, x0, x12        x17=0000000a x12:0000000a
20439486ns          345557 1c0083fc 00d00733 add              x14, x0, x13        x14=00000000 x13:00000000
20439506ns          345558 1c0083fe 00a007b3 add              x15, x0, x10        x15=00000002 x10:00000002
20439546ns          345560 1c008400 00b00833 add              x16, x0, x11        x16=00000000 x11:00000000
20439587ns          345562 1c008402 1c069863 bne              x13, x0, 464        x13:00000000
20439607ns          345563 1c008406 1c0016b7 lui              x13, 0x1c001000     x13=1c001000
20439627ns          345564 1c00840a 86868693 addi             x13, x13, -1944     x13=1c000868 x13:1c001000
20439688ns          345567 1c00840e 0ac5f863 bgeu             x11, x12, 176       x11:00000000 x12:0000000a
20439708ns          345568 1c008412 00010337 lui              x6, 0x10000          x6=00010000
20439728ns          345569 1c008414 08667e63 bgeu             x12, x6, 156        x12:0000000a  x6:00010000
20439749ns          345570 1c008418 0ff00313 addi             x6, x0, 255          x6=000000ff
20439769ns          345571 1c00841c 00c37363 bgeu             x6, x12, 6           x6:000000ff x12:0000000a
20439890ns          345577 1c008422 00e65333 srl              x6, x12, x14         x6=0000000a x12:0000000a x14:00000000
20439911ns          345578 1c008426 006686b3 add              x13, x13, x6        x13=1c000872 x13:1c000868  x6:0000000a
20439931ns          345579 1c008428 0006ce03 lbu              x28, 0(x13)         x28=00000004 x13:1c000872  PA:1c000872
20440234ns          345594 1c00842c 02000313 addi             x6, x0, 32           x6=00000020
20440255ns          345595 1c008430 00ee0e33 add              x28, x28, x14       x28=00000004 x28:00000004 x14:00000000
20440275ns          345596 1c008432 41c30333 sub              x6, x6, x28          x6=0000001c  x6:00000020 x28:00000004
20440295ns          345597 1c008436 00030c63 beq              x6, x0, 24           x6:0000001c
20440315ns          345598 1c00843a 006595b3 sll              x11, x11, x6        x11=00000000 x11:00000000  x6:0000001c
20440376ns          345601 1c00843e 01c55e33 srl              x28, x10, x28       x28=00000000 x10:00000002 x28:00000004
20440417ns          345603 1c008442 006618b3 sll              x17, x12, x6        x17=a0000000 x12:0000000a  x6:0000001c
20440437ns          345604 1c008446 00be6833 or               x16, x28, x11       x16=00000000 x28:00000000 x11:00000000
20440457ns          345605 1c00844a 006517b3 sll              x15, x10, x6        x15=20000000 x10:00000002  x6:0000001c
20440518ns          345608 1c00844e 0108d613 srli             x12, x17, 0x10      x12=0000a000 x17:a0000000
20440558ns          345610 1c008452 02c87733 remu             x14, x16, x12       x14=00000000 x16:00000000 x12:0000a000
20440943ns          345629 1c008456 02c85833 divu             x16, x16, x12       x16=00000000 x16:00000000 x12:0000a000
20441327ns          345648 1c00845a 01089513 slli             x10, x17, 0x10      x10=00000000 x17:a0000000
20441348ns          345649 1c00845e 01055513 srli             x10, x10, 0x10      x10=00000000 x10:00000000
20441368ns          345650 1c008460 01071713 slli             x14, x14, 0x10      x14=00000000 x14:00000000
20441388ns          345651 1c008462 0107d693 srli             x13, x15, 0x10      x13=00002000 x15:20000000
20441408ns          345652 1c008466 03050833 mul              x16, x10, x16       x16=00000000 x10:00000000 x16:00000000
20441429ns          345653 1c00846a 00e6e6b3 or               x13, x13, x14       x13=00002000 x13:00002000 x14:00000000
20441449ns          345654 1c00846c 0106f863 bgeu             x13, x16, 16        x13:00002000 x16:00000000
20441510ns          345657 1c00847c 410686b3 sub              x13, x13, x16       x13=00002000 x13:00002000 x16:00000000
20441570ns          345660 1c008480 02c6f733 remu             x14, x13, x12       x14=00002000 x13:00002000 x12:0000a000
20441975ns          345680 1c008484 02c6d6b3 divu             x13, x13, x12       x13=00000000 x13:00002000 x12:0000a000
20442360ns          345699 1c008488 01079793 slli             x15, x15, 0x10      x15=00000000 x15:20000000
20442380ns          345700 1c00848a 02d506b3 mul              x13, x10, x13       x13=00000000 x10:00000000 x13:00000000
20442400ns          345701 1c00848e 0107d793 srli             x15, x15, 0x10      x15=00000000 x15:00000000
20442420ns          345702 1c008490 01071513 slli             x10, x14, 0x10      x10=20000000 x14:00002000
20442441ns          345703 1c008494 00a7e7b3 or               x15, x15, x10       x15=20000000 x15:00000000 x10:20000000
20442461ns          345704 1c008496 00d7f863 bgeu             x15, x13, 16        x15:20000000 x13:00000000
20442926ns          345727 1c0084a6 40d787b3 sub              x15, x15, x13       x15=20000000 x15:20000000 x13:00000000
20442947ns          345728 1c0084a8 0067d533 srl              x10, x15, x6        x10=00000002 x15:20000000  x6:0000001c
20442967ns          345729 1c0084ac 00000593 addi             x11, x0, 0          x11=00000000
20442987ns          345730 1c0084ae 00008067 jalr             x0, x1, 0            x1:1c008fd4
20443068ns          345734 1c008fd4 00a00933 add              x18, x0, x10        x18=00000002 x10:00000002
20443088ns          345735 1c008fd6 019005b3 add              x11, x0, x25        x11=00000000 x25:00000000
20443109ns          345736 1c008fd8 00800533 add              x10, x0, x8         x10=00000002  x8:00000002
20443129ns          345737 1c008fda 00a00613 addi             x12, x0, 10         x12=0000000a
20443149ns          345738 1c008fdc 00000693 addi             x13, x0, 0          x13=00000000
20443169ns          345739 1c008fde 8beff0ef jal              x1, -3906            x1=1c008fe2
20443250ns          345743 1c00809c 00b007b3 add              x15, x0, x11        x15=00000000 x11:00000000
20443270ns          345744 1c00809e 00c00833 add              x16, x0, x12        x16=0000000a x12:0000000a
20443331ns          345747 1c0080a0 00d008b3 add              x17, x0, x13        x17=00000000 x13:00000000
20443351ns          345748 1c0080a2 00a00333 add              x6, x0, x10          x6=00000002 x10:00000002
20443372ns          345749 1c0080a4 20069663 bne              x13, x0, 524        x13:00000000
20443392ns          345750 1c0080a8 1c001737 lui              x14, 0x1c001000     x14=1c001000
20443412ns          345751 1c0080ac 86870713 addi             x14, x14, -1944     x14=1c000868 x14:1c001000
20443473ns          345754 1c0080b0 0ac5fe63 bgeu             x11, x12, 188       x11:00000000 x12:0000000a
20443513ns          345756 1c0080b4 000106b7 lui              x13, 0x10000        x13=00010000
20443534ns          345757 1c0080b6 0ad67463 bgeu             x12, x13, 168       x12:0000000a x13:00010000
20443554ns          345758 1c0080ba 0ff00693 addi             x13, x0, 255        x13=000000ff
20443615ns          345761 1c0080be 00c6b6b3 sltu             x13, x13, x12       x13=00000000 x13:000000ff x12:0000000a
20443635ns          345762 1c0080c2 00369693 slli             x13, x13, 0x3       x13=00000000 x13:00000000
20443655ns          345763 1c0080c4 00d658b3 srl              x17, x12, x13       x17=0000000a x12:0000000a x13:00000000
20443675ns          345764 1c0080c8 01170733 add              x14, x14, x17       x14=1c000872 x14:1c000868 x17:0000000a
20443696ns          345765 1c0080ca 00074703 lbu              x14, 0(x14)         x14=00000004 x14:1c000872  PA:1c000872
20444019ns          345781 1c0080ce 00e686b3 add              x13, x13, x14       x13=00000004 x13:00000000 x14:00000004
20444040ns          345782 1c0080d0 02000713 addi             x14, x0, 32         x14=00000020
20444060ns          345783 1c0080d4 40d70733 sub              x14, x14, x13       x14=0000001c x14:00000020 x13:00000004
20444080ns          345784 1c0080d6 00070b63 beq              x14, x0, 22         x14:0000001c
20444100ns          345785 1c0080d8 00e797b3 sll              x15, x15, x14       x15=00000000 x15:00000000 x14:0000001c
20444121ns          345786 1c0080dc 00d556b3 srl              x13, x10, x13       x13=00000000 x10:00000002 x13:00000004
20444161ns          345788 1c0080e0 00e61833 sll              x16, x12, x14       x16=a0000000 x12:0000000a x14:0000001c
20444202ns          345790 1c0080e4 00f6e5b3 or               x11, x13, x15       x11=00000000 x13:00000000 x15:00000000
20444222ns          345791 1c0080e8 00e51333 sll              x6, x10, x14         x6=20000000 x10:00000002 x14:0000001c
20444242ns          345792 1c0080ec 01085513 srli             x10, x16, 0x10      x10=0000a000 x16:a0000000
20444303ns          345795 1c0080f0 02a5f733 remu             x14, x11, x10       x14=00000000 x11:00000000 x10:0000a000
20444708ns          345815 1c0080f4 02a5d7b3 divu             x15, x11, x10       x15=00000000 x11:00000000 x10:0000a000
20445092ns          345834 1c0080f8 01081613 slli             x12, x16, 0x10      x12=00000000 x16:a0000000
20445112ns          345835 1c0080fc 01071713 slli             x14, x14, 0x10      x14=00000000 x14:00000000
20445133ns          345836 1c0080fe 01065613 srli             x12, x12, 0x10      x12=00000000 x12:00000000
20445153ns          345837 1c008100 01035693 srli             x13, x6, 0x10       x13=00002000  x6:20000000
20445173ns          345838 1c008104 00e6e6b3 or               x13, x13, x14       x13=00002000 x13:00002000 x14:00000000
20445193ns          345839 1c008106 02f605b3 mul              x11, x12, x15       x11=00000000 x12:00000000 x15:00000000
20445214ns          345840 1c00810a 00f00733 add              x14, x0, x15        x14=00000000 x15:00000000
20445234ns          345841 1c00810c 00b6fc63 bgeu             x13, x11, 24        x13:00002000 x11:00000000
20445699ns          345864 1c008124 40b686b3 sub              x13, x13, x11       x13=00002000 x13:00002000 x11:00000000
20445740ns          345866 1c008126 02a6f7b3 remu             x15, x13, x10       x15=00002000 x13:00002000 x10:0000a000
20446124ns          345885 1c00812a 02a6d6b3 divu             x13, x13, x10       x13=00000000 x13:00002000 x10:0000a000
20446509ns          345904 1c00812e 01031313 slli             x6, x6, 0x10         x6=00000000  x6:20000000
20446529ns          345905 1c008130 01079793 slli             x15, x15, 0x10      x15=20000000 x15:00002000
20446549ns          345906 1c008132 01035313 srli             x6, x6, 0x10         x6=00000000  x6:00000000
20446570ns          345907 1c008136 02d605b3 mul              x11, x12, x13       x11=00000000 x12:00000000 x13:00000000
20446590ns          345908 1c00813a 0067e333 or               x6, x15, x6          x6=20000000 x15:20000000  x6:00000000
20446610ns          345909 1c00813e 00d00533 add              x10, x0, x13        x10=00000000 x13:00000000
20446651ns          345911 1c008140 00b37b63 bgeu             x6, x11, 22          x6:20000000 x11:00000000
20446752ns          345916 1c008156 01071713 slli             x14, x14, 0x10      x14=00000000 x14:00000000
20446792ns          345918 1c008158 00a76733 or               x14, x14, x10       x14=00000000 x14:00000000 x10:00000000
20446812ns          345919 1c00815a 00000593 addi             x11, x0, 0          x11=00000000
20446833ns          345920 1c00815c 0b20006f jal              x0, 178            
20446954ns          345926 1c00820e 00e00533 add              x10, x0, x14        x10=00000000 x14:00000000
20447035ns          345930 1c008210 00008067 jalr             x0, x1, 0            x1:1c008fe2
20447096ns          345933 1c008fe2 03090913 addi             x18, x18, 48        x18=00000032 x18:00000002
20447116ns          345934 1c008fe6 012d8023 sb               x18, 0(x27)         x18:00000032 x27:1000077c  PA:1000077c
20447136ns          345935 1c008fea 00a5e7b3 or               x15, x11, x10       x15=00000000 x11:00000000 x10:00000000
20447197ns          345938 1c008fee 001d8913 addi             x18, x27, 1         x18=1000077d x27:1000077c
20447217ns          345939 1c008ff2 00a00433 add              x8, x0, x10          x8=00000000 x10:00000000
20447238ns          345940 1c008ff4 00b00cb3 add              x25, x0, x11        x25=00000000 x11:00000000
20447258ns          345941 1c008ff6 fc0798e3 bne              x15, x0, -48        x15:00000000
20447278ns          345942 1c008ff8 00090023 sb               x0, 0(x18)          x18:1000077d  PA:1000077d
20447298ns          345943 1c008ffc 01ba7d63 bgeu             x20, x27, 26        x20:1000077c x27:1000077c
20447420ns          345949 1c009016 00012783 lw               x15, 0(x2)          x15=1000077c  x2:10000758  PA:10000758
20447460ns          345951 1c009018 00c12703 lw               x14, 12(x2)         x14=00000000  x2:10000758  PA:10000764
20447480ns          345952 1c00901a 40f90933 sub              x18, x18, x15       x18=00000001 x18:1000077d x15:1000077c
20447541ns          345955 1c00901e 3c071de3 bne              x14, x0, 3034       x14:00000000
20447561ns          345956 1c009022 01012783 lw               x15, 16(x2)         x15=00000000  x2:10000758  PA:10000768
20447602ns          345958 1c009024 3c079ae3 bne              x15, x0, 3028       x15:00000000
20447622ns          345959 1c009028 00412703 lw               x14, 4(x2)          x14=00000000  x2:10000758  PA:1000075c
20447663ns          345961 1c00902a 01f75713 srli             x14, x14, 0x1f      x14=00000000 x14:00000000
20447683ns          345962 1c00902c 00e12223 sw               x14, 4(x2)          x14:00000000  x2:10000758  PA:1000075c
20447703ns          345963 1c00902e 3404c463 blt              x9, x0, 840          x9:ffffffff
20447804ns          345968 1c009376 00000c93 addi             x25, x0, 0          x25=00000000
20447845ns          345970 1c009378 00012c23 sw               x0, 24(x2)           x2:10000758  PA:10000770
20447865ns          345971 1c00937a 00000a13 addi             x20, x0, 0          x20=00000000
20447885ns          345972 1c00937c 01412783 lw               x15, 20(x2)         x15=00000000  x2:10000758  PA:1000076c
20447926ns          345974 1c00937e 5e078163 beq              x15, x0, 1506       x15:00000000
20448027ns          345979 1c009960 412b0b33 sub              x22, x22, x18       x22=ffffffff x22:00000000 x18:00000001
20448067ns          345981 1c009964 02410413 addi             x8, x2, 36           x8=1000077c  x2:10000758
20448088ns          345982 1c009966 00000493 addi             x9, x0, 0            x9=00000000
20448108ns          345983 1c009968 ee6ff06f jal              x0, -2330          
20448189ns          345987 1c00904e 00812703 lw               x14, 8(x2)          x14=00000000  x2:10000758  PA:10000760
20448270ns          345991 1c009050 02071063 bne              x14, x0, 32         x14:00000000
20448310ns          345993 1c009052 01605f63 bge              x0, x22, 30         x22:ffffffff
20448411ns          345998 1c009070 00412783 lw               x15, 4(x2)          x15=00000000  x2:10000758  PA:1000075c
20448452ns          346000 1c009072 00f40db3 add              x27, x8, x15        x27=1000077c  x8:1000077c x15:00000000
20448472ns          346001 1c009076 00c0006f jal              x0, 12             
20448553ns          346005 1c009082 017005b3 add              x11, x0, x23        x11=00000002 x23:00000002
20448594ns          346007 1c009084 ffb41ae3 bne              x8, x27, -12         x8:1000077c x27:1000077c
20448614ns          346008 1c009088 00900db3 add              x27, x0, x9         x27=00000000  x9:00000000
20448634ns          346009 1c00908a 0080006f jal              x0, 8              
20448735ns          346014 1c009092 fffd8d93 addi             x27, x27, -1        x27=ffffffff x27:00000000
20448756ns          346015 1c009094 017005b3 add              x11, x0, x23        x11=00000002 x23:00000002
20448776ns          346016 1c009096 03000513 addi             x10, x0, 48         x10=00000030
20448796ns          346017 1c00909a fffdb9e3 p.bneimm         x27, -14            x27:ffffffff
20448816ns          346018 1c00909e 00412703 lw               x14, 4(x2)          x14=00000000  x2:10000758  PA:1000075c
20448857ns          346020 1c0090a0 40e90933 sub              x18, x18, x14       x18=00000001 x18:00000001 x14:00000000
20448897ns          346022 1c0090a4 01212423 sw               x18, 8(x2)          x18:00000001  x2:10000758  PA:10000760
20448917ns          346023 1c0090a6 e40a15e3 bne              x20, x0, -438       x20:00000000
20448938ns          346024 1c0090aa 01812783 lw               x15, 24(x2)         x15=00000000  x2:10000758  PA:10000770
20448978ns          346026 1c0090ac 16079763 bne              x15, x0, 366        x15:00000000
20448998ns          346027 1c0090b0 120c8863 beq              x25, x0, 304        x25:00000000
20449100ns          346032 1c0091e0 017005b3 add              x11, x0, x23        x11=00000002 x23:00000002
20449140ns          346034 1c0091e2 ff2049e3 blt              x0, x18, -14        x18:00000001
20449241ns          346039 1c0091d4 0014450b p.lbu            x10, 1(x8!)         x10=00000032  x8=1000077d  x8:1000077c  PA:1000077c
20449282ns          346041 1c0091d8 fff90913 addi             x18, x18, -1        x18=00000000 x18:00000001
20449302ns          346042 1c0091da 000980e7 jalr             x1, x19, 0           x1=1c0091dc x19:1c008d20
20449383ns          346046 1c008d20 f14027f3 csrrs            x15, x0, 0xf14      x15=00000000
20449423ns          346048 1c008d24 1a10f6b7 lui              x13, 0x1a10f000     x13=1a10f000
20449444ns          346049 1c008d28 ca5797b3 p.extractu       x15, x15, 5, 5      x15=00000000 x15:00000000
20449464ns          346050 1c008d2c f1402773 csrrs            x14, x0, 0xf14      x14=00000000
20449525ns          346053 1c008d30 00779793 slli             x15, x15, 0x7       x15=00000000 x15:00000000
20449545ns          346054 1c008d32 00371713 slli             x14, x14, 0x3       x14=00000000 x14:00000000
20449565ns          346055 1c008d34 0ff57513 andi             x10, x10, 255       x10=00000032 x10:00000032
20449585ns          346056 1c008d38 ee873733 p.bclr           x14, x14, 23, 8     x14=00000000 x14:00000000
20449606ns          346057 1c008d3c 00d787b3 add              x15, x15, x13       x15=1a10f000 x15:00000000 x13:1a10f000
20449626ns          346058 1c008d3e 00a767a3 p.sw             x10, x0(x14)        x10:00000032 x14:00000000  PA:1a10f000
20449950ns          346074 1c008d42 00000513 addi             x10, x0, 0          x10=00000000
20449970ns          346075 1c008d44 00008067 jalr             x0, x1, 0            x1:1c0091dc
20450010ns          346077 1c0091dc d5f522e3 p.beqimm         x10, -700           x10:00000000
20450031ns          346078 1c0091e0 017005b3 add              x11, x0, x23        x11=00000002 x23:00000002
20450051ns          346079 1c0091e2 ff2049e3 blt              x0, x18, -14        x18:00000000
20450071ns          346080 1c0091e6 00412783 lw               x15, 4(x2)          x15=00000000  x2:10000758  PA:1000075c
20450091ns          346081 1c0091e8 01c12a03 lw               x20, 28(x2)         x20=10000804  x2:10000758  PA:10000774
20450112ns          346082 1c0091ea 00fa8733 add              x14, x21, x15       x14=0000000b x21:0000000b x15:00000000
20450132ns          346083 1c0091ee 00812783 lw               x15, 8(x2)          x15=00000001  x2:10000758  PA:10000760
20450152ns          346084 1c0091f0 00970733 add              x14, x14, x9        x14=0000000b x14:0000000b  x9:00000000
20450193ns          346086 1c0091f2 00e78ab3 add              x21, x15, x14       x21=0000000c x15:00000001 x14:0000000b
20450213ns          346087 1c0091f6 bf6059e3 bge              x0, x22, -1038      x22:ffffffff
20450375ns          346095 1c008de8 000d4503 lbu              x10, 0(x26)         x10=0000003a x26:1c0009ba  PA:1c0009ba
20450699ns          346111 1c008dec 001d0413 addi             x8, x26, 1           x8=1c0009bb x26:1c0009ba
20450719ns          346112 1c008df0 0c050b63 beq              x10, x0, 214        x10:0000003a
20450739ns          346113 1c008df2 02500793 addi             x15, x0, 37         x15=00000025
20450759ns          346114 1c008df6 fef513e3 bne              x10, x15, -26       x10:0000003a x15:00000025
20450921ns          346122 1c008ddc 017005b3 add              x11, x0, x23        x11=00000002 x23:00000002
20450941ns          346123 1c008dde 000980e7 jalr             x1, x19, 0           x1=1c008de0 x19:1c008d20
20450982ns          346125 1c008d20 f14027f3 csrrs            x15, x0, 0xf14      x15=00000000
20451002ns          346126 1c008d24 1a10f6b7 lui              x13, 0x1a10f000     x13=1a10f000
20451022ns          346127 1c008d28 ca5797b3 p.extractu       x15, x15, 5, 5      x15=00000000 x15:00000000
20451043ns          346128 1c008d2c f1402773 csrrs            x14, x0, 0xf14      x14=00000000
20451063ns          346129 1c008d30 00779793 slli             x15, x15, 0x7       x15=00000000 x15:00000000
20451083ns          346130 1c008d32 00371713 slli             x14, x14, 0x3       x14=00000000 x14:00000000
20451103ns          346131 1c008d34 0ff57513 andi             x10, x10, 255       x10=0000003a x10:0000003a
20451124ns          346132 1c008d38 ee873733 p.bclr           x14, x14, 23, 8     x14=00000000 x14:00000000
20451144ns          346133 1c008d3c 00d787b3 add              x15, x15, x13       x15=1a10f000 x15:00000000 x13:1a10f000
20451164ns          346134 1c008d3e 00a767a3 p.sw             x10, x0(x14)        x10:0000003a x14:00000000  PA:1a10f000
20451488ns          346150 1c008d42 00000513 addi             x10, x0, 0          x10=00000000
20451508ns          346151 1c008d44 00008067 jalr             x0, x1, 0            x1:1c008de0
20451549ns          346153 1c008de0 15f52063 p.beqimm         x10, 320            x10:00000000
20451569ns          346154 1c008de4 001a8a93 addi             x21, x21, 1         x21=0000000d x21:0000000c
20451589ns          346155 1c008de6 00800d33 add              x26, x0, x8         x26=1c0009bb  x8:1c0009bb
20451609ns          346156 1c008de8 000d4503 lbu              x10, 0(x26)         x10=00000020 x26:1c0009bb  PA:1c0009bb
20451913ns          346171 1c008dec 001d0413 addi             x8, x26, 1           x8=1c0009bc x26:1c0009bb
20451933ns          346172 1c008df0 0c050b63 beq              x10, x0, 214        x10:00000020
20451953ns          346173 1c008df2 02500793 addi             x15, x0, 37         x15=00000025
20451974ns          346174 1c008df6 fef513e3 bne              x10, x15, -26       x10:00000020 x15:00000025
20452034ns          346177 1c008ddc 017005b3 add              x11, x0, x23        x11=00000002 x23:00000002
20452055ns          346178 1c008dde 000980e7 jalr             x1, x19, 0           x1=1c008de0 x19:1c008d20
20452095ns          346180 1c008d20 f14027f3 csrrs            x15, x0, 0xf14      x15=00000000
20452115ns          346181 1c008d24 1a10f6b7 lui              x13, 0x1a10f000     x13=1a10f000
20452136ns          346182 1c008d28 ca5797b3 p.extractu       x15, x15, 5, 5      x15=00000000 x15:00000000
20452156ns          346183 1c008d2c f1402773 csrrs            x14, x0, 0xf14      x14=00000000
20452176ns          346184 1c008d30 00779793 slli             x15, x15, 0x7       x15=00000000 x15:00000000
20452196ns          346185 1c008d32 00371713 slli             x14, x14, 0x3       x14=00000000 x14:00000000
20452217ns          346186 1c008d34 0ff57513 andi             x10, x10, 255       x10=00000020 x10:00000020
20452237ns          346187 1c008d38 ee873733 p.bclr           x14, x14, 23, 8     x14=00000000 x14:00000000
20452257ns          346188 1c008d3c 00d787b3 add              x15, x15, x13       x15=1a10f000 x15:00000000 x13:1a10f000
20452277ns          346189 1c008d3e 00a767a3 p.sw             x10, x0(x14)        x10:00000020 x14:00000000  PA:1a10f000
20452601ns          346205 1c008d42 00000513 addi             x10, x0, 0          x10=00000000
20452621ns          346206 1c008d44 00008067 jalr             x0, x1, 0            x1:1c008de0
20452662ns          346208 1c008de0 15f52063 p.beqimm         x10, 320            x10:00000000
20452682ns          346209 1c008de4 001a8a93 addi             x21, x21, 1         x21=0000000e x21:0000000d
20452702ns          346210 1c008de6 00800d33 add              x26, x0, x8         x26=1c0009bc  x8:1c0009bc
20452723ns          346211 1c008de8 000d4503 lbu              x10, 0(x26)         x10=00000054 x26:1c0009bc  PA:1c0009bc
20453026ns          346226 1c008dec 001d0413 addi             x8, x26, 1           x8=1c0009bd x26:1c0009bc
20453046ns          346227 1c008df0 0c050b63 beq              x10, x0, 214        x10:00000054
20453067ns          346228 1c008df2 02500793 addi             x15, x0, 37         x15=00000025
20453087ns          346229 1c008df6 fef513e3 bne              x10, x15, -26       x10:00000054 x15:00000025
20453148ns          346232 1c008ddc 017005b3 add              x11, x0, x23        x11=00000002 x23:00000002
20453168ns          346233 1c008dde 000980e7 jalr             x1, x19, 0           x1=1c008de0 x19:1c008d20
20453208ns          346235 1c008d20 f14027f3 csrrs            x15, x0, 0xf14      x15=00000000
20453229ns          346236 1c008d24 1a10f6b7 lui              x13, 0x1a10f000     x13=1a10f000
20453249ns          346237 1c008d28 ca5797b3 p.extractu       x15, x15, 5, 5      x15=00000000 x15:00000000
20453269ns          346238 1c008d2c f1402773 csrrs            x14, x0, 0xf14      x14=00000000
20453289ns          346239 1c008d30 00779793 slli             x15, x15, 0x7       x15=00000000 x15:00000000
20453310ns          346240 1c008d32 00371713 slli             x14, x14, 0x3       x14=00000000 x14:00000000
20453330ns          346241 1c008d34 0ff57513 andi             x10, x10, 255       x10=00000054 x10:00000054
20453350ns          346242 1c008d38 ee873733 p.bclr           x14, x14, 23, 8     x14=00000000 x14:00000000
20453370ns          346243 1c008d3c 00d787b3 add              x15, x15, x13       x15=1a10f000 x15:00000000 x13:1a10f000
20453390ns          346244 1c008d3e 00a767a3 p.sw             x10, x0(x14)        x10:00000054 x14:00000000  PA:1a10f000
20453714ns          346260 1c008d42 00000513 addi             x10, x0, 0          x10=00000000
20453735ns          346261 1c008d44 00008067 jalr             x0, x1, 0            x1:1c008de0
20453775ns          346263 1c008de0 15f52063 p.beqimm         x10, 320            x10:00000000
20453795ns          346264 1c008de4 001a8a93 addi             x21, x21, 1         x21=0000000f x21:0000000e
20453816ns          346265 1c008de6 00800d33 add              x26, x0, x8         x26=1c0009bd  x8:1c0009bd
20453836ns          346266 1c008de8 000d4503 lbu              x10, 0(x26)         x10=0000006f x26:1c0009bd  PA:1c0009bd
20454139ns          346281 1c008dec 001d0413 addi             x8, x26, 1           x8=1c0009be x26:1c0009bd
20454160ns          346282 1c008df0 0c050b63 beq              x10, x0, 214        x10:0000006f
20454180ns          346283 1c008df2 02500793 addi             x15, x0, 37         x15=00000025
20454200ns          346284 1c008df6 fef513e3 bne              x10, x15, -26       x10:0000006f x15:00000025
20454261ns          346287 1c008ddc 017005b3 add              x11, x0, x23        x11=00000002 x23:00000002
20454281ns          346288 1c008dde 000980e7 jalr             x1, x19, 0           x1=1c008de0 x19:1c008d20
20454322ns          346290 1c008d20 f14027f3 csrrs            x15, x0, 0xf14      x15=00000000
20454342ns          346291 1c008d24 1a10f6b7 lui              x13, 0x1a10f000     x13=1a10f000
20454362ns          346292 1c008d28 ca5797b3 p.extractu       x15, x15, 5, 5      x15=00000000 x15:00000000
20454382ns          346293 1c008d2c f1402773 csrrs            x14, x0, 0xf14      x14=00000000
20454402ns          346294 1c008d30 00779793 slli             x15, x15, 0x7       x15=00000000 x15:00000000
20454423ns          346295 1c008d32 00371713 slli             x14, x14, 0x3       x14=00000000 x14:00000000
20454443ns          346296 1c008d34 0ff57513 andi             x10, x10, 255       x10=0000006f x10:0000006f
20454463ns          346297 1c008d38 ee873733 p.bclr           x14, x14, 23, 8     x14=00000000 x14:00000000
20454483ns          346298 1c008d3c 00d787b3 add              x15, x15, x13       x15=1a10f000 x15:00000000 x13:1a10f000
20454504ns          346299 1c008d3e 00a767a3 p.sw             x10, x0(x14)        x10:0000006f x14:00000000  PA:1a10f000
20454828ns          346315 1c008d42 00000513 addi             x10, x0, 0          x10=00000000
20454848ns          346316 1c008d44 00008067 jalr             x0, x1, 0            x1:1c008de0
20454888ns          346318 1c008de0 15f52063 p.beqimm         x10, 320            x10:00000000
20454908ns          346319 1c008de4 001a8a93 addi             x21, x21, 1         x21=00000010 x21:0000000f
20454929ns          346320 1c008de6 00800d33 add              x26, x0, x8         x26=1c0009be  x8:1c0009be
20454949ns          346321 1c008de8 000d4503 lbu              x10, 0(x26)         x10=00000074 x26:1c0009be  PA:1c0009be
20455273ns          346337 1c008dec 001d0413 addi             x8, x26, 1           x8=1c0009bf x26:1c0009be
20455293ns          346338 1c008df0 0c050b63 beq              x10, x0, 214        x10:00000074
20455313ns          346339 1c008df2 02500793 addi             x15, x0, 37         x15=00000025
20455334ns          346340 1c008df6 fef513e3 bne              x10, x15, -26       x10:00000074 x15:00000025
20455394ns          346343 1c008ddc 017005b3 add              x11, x0, x23        x11=00000002 x23:00000002
20455414ns          346344 1c008dde 000980e7 jalr             x1, x19, 0           x1=1c008de0 x19:1c008d20
20455455ns          346346 1c008d20 f14027f3 csrrs            x15, x0, 0xf14      x15=00000000
20455475ns          346347 1c008d24 1a10f6b7 lui              x13, 0x1a10f000     x13=1a10f000
20455495ns          346348 1c008d28 ca5797b3 p.extractu       x15, x15, 5, 5      x15=00000000 x15:00000000
20455516ns          346349 1c008d2c f1402773 csrrs            x14, x0, 0xf14      x14=00000000
20455536ns          346350 1c008d30 00779793 slli             x15, x15, 0x7       x15=00000000 x15:00000000
20455556ns          346351 1c008d32 00371713 slli             x14, x14, 0x3       x14=00000000 x14:00000000
20455576ns          346352 1c008d34 0ff57513 andi             x10, x10, 255       x10=00000074 x10:00000074
20455597ns          346353 1c008d38 ee873733 p.bclr           x14, x14, 23, 8     x14=00000000 x14:00000000
20455617ns          346354 1c008d3c 00d787b3 add              x15, x15, x13       x15=1a10f000 x15:00000000 x13:1a10f000
20455637ns          346355 1c008d3e 00a767a3 p.sw             x10, x0(x14)        x10:00000074 x14:00000000  PA:1a10f000
20455961ns          346371 1c008d42 00000513 addi             x10, x0, 0          x10=00000000
20455981ns          346372 1c008d44 00008067 jalr             x0, x1, 0            x1:1c008de0
20456022ns          346374 1c008de0 15f52063 p.beqimm         x10, 320            x10:00000000
20456042ns          346375 1c008de4 001a8a93 addi             x21, x21, 1         x21=00000011 x21:00000010
20456062ns          346376 1c008de6 00800d33 add              x26, x0, x8         x26=1c0009bf  x8:1c0009bf
20456082ns          346377 1c008de8 000d4503 lbu              x10, 0(x26)         x10=00000061 x26:1c0009bf  PA:1c0009bf
20456406ns          346393 1c008dec 001d0413 addi             x8, x26, 1           x8=1c0009c0 x26:1c0009bf
20456426ns          346394 1c008df0 0c050b63 beq              x10, x0, 214        x10:00000061
20456447ns          346395 1c008df2 02500793 addi             x15, x0, 37         x15=00000025
20456467ns          346396 1c008df6 fef513e3 bne              x10, x15, -26       x10:00000061 x15:00000025
20456528ns          346399 1c008ddc 017005b3 add              x11, x0, x23        x11=00000002 x23:00000002
20456548ns          346400 1c008dde 000980e7 jalr             x1, x19, 0           x1=1c008de0 x19:1c008d20
20456588ns          346402 1c008d20 f14027f3 csrrs            x15, x0, 0xf14      x15=00000000
20456609ns          346403 1c008d24 1a10f6b7 lui              x13, 0x1a10f000     x13=1a10f000
20456629ns          346404 1c008d28 ca5797b3 p.extractu       x15, x15, 5, 5      x15=00000000 x15:00000000
20456649ns          346405 1c008d2c f1402773 csrrs            x14, x0, 0xf14      x14=00000000
20456669ns          346406 1c008d30 00779793 slli             x15, x15, 0x7       x15=00000000 x15:00000000
20456690ns          346407 1c008d32 00371713 slli             x14, x14, 0x3       x14=00000000 x14:00000000
20456710ns          346408 1c008d34 0ff57513 andi             x10, x10, 255       x10=00000061 x10:00000061
20456730ns          346409 1c008d38 ee873733 p.bclr           x14, x14, 23, 8     x14=00000000 x14:00000000
20456750ns          346410 1c008d3c 00d787b3 add              x15, x15, x13       x15=1a10f000 x15:00000000 x13:1a10f000
20456771ns          346411 1c008d3e 00a767a3 p.sw             x10, x0(x14)        x10:00000061 x14:00000000  PA:1a10f000
20457094ns          346427 1c008d42 00000513 addi             x10, x0, 0          x10=00000000
20457115ns          346428 1c008d44 00008067 jalr             x0, x1, 0            x1:1c008de0
20457155ns          346430 1c008de0 15f52063 p.beqimm         x10, 320            x10:00000000
20457175ns          346431 1c008de4 001a8a93 addi             x21, x21, 1         x21=00000012 x21:00000011
20457196ns          346432 1c008de6 00800d33 add              x26, x0, x8         x26=1c0009c0  x8:1c0009c0
20457216ns          346433 1c008de8 000d4503 lbu              x10, 0(x26)         x10=0000006c x26:1c0009c0  PA:1c0009c0
20457540ns          346449 1c008dec 001d0413 addi             x8, x26, 1           x8=1c0009c1 x26:1c0009c0
20457560ns          346450 1c008df0 0c050b63 beq              x10, x0, 214        x10:0000006c
20457580ns          346451 1c008df2 02500793 addi             x15, x0, 37         x15=00000025
20457600ns          346452 1c008df6 fef513e3 bne              x10, x15, -26       x10:0000006c x15:00000025
20457661ns          346455 1c008ddc 017005b3 add              x11, x0, x23        x11=00000002 x23:00000002
20457681ns          346456 1c008dde 000980e7 jalr             x1, x19, 0           x1=1c008de0 x19:1c008d20
20457722ns          346458 1c008d20 f14027f3 csrrs            x15, x0, 0xf14      x15=00000000
20457742ns          346459 1c008d24 1a10f6b7 lui              x13, 0x1a10f000     x13=1a10f000
20457762ns          346460 1c008d28 ca5797b3 p.extractu       x15, x15, 5, 5      x15=00000000 x15:00000000
20457783ns          346461 1c008d2c f1402773 csrrs            x14, x0, 0xf14      x14=00000000
20457803ns          346462 1c008d30 00779793 slli             x15, x15, 0x7       x15=00000000 x15:00000000
20457823ns          346463 1c008d32 00371713 slli             x14, x14, 0x3       x14=00000000 x14:00000000
20457843ns          346464 1c008d34 0ff57513 andi             x10, x10, 255       x10=0000006c x10:0000006c
20457864ns          346465 1c008d38 ee873733 p.bclr           x14, x14, 23, 8     x14=00000000 x14:00000000
20457884ns          346466 1c008d3c 00d787b3 add              x15, x15, x13       x15=1a10f000 x15:00000000 x13:1a10f000
20457904ns          346467 1c008d3e 00a767a3 p.sw             x10, x0(x14)        x10:0000006c x14:00000000  PA:1a10f000
20458228ns          346483 1c008d42 00000513 addi             x10, x0, 0          x10=00000000
20458248ns          346484 1c008d44 00008067 jalr             x0, x1, 0            x1:1c008de0
20458289ns          346486 1c008de0 15f52063 p.beqimm         x10, 320            x10:00000000
20458309ns          346487 1c008de4 001a8a93 addi             x21, x21, 1         x21=00000013 x21:00000012
20458329ns          346488 1c008de6 00800d33 add              x26, x0, x8         x26=1c0009c1  x8:1c0009c1
20458349ns          346489 1c008de8 000d4503 lbu              x10, 0(x26)         x10=00000020 x26:1c0009c1  PA:1c0009c1
20458673ns          346505 1c008dec 001d0413 addi             x8, x26, 1           x8=1c0009c2 x26:1c0009c1
20458693ns          346506 1c008df0 0c050b63 beq              x10, x0, 214        x10:00000020
20458714ns          346507 1c008df2 02500793 addi             x15, x0, 37         x15=00000025
20458734ns          346508 1c008df6 fef513e3 bne              x10, x15, -26       x10:00000020 x15:00000025
20458795ns          346511 1c008ddc 017005b3 add              x11, x0, x23        x11=00000002 x23:00000002
20458815ns          346512 1c008dde 000980e7 jalr             x1, x19, 0           x1=1c008de0 x19:1c008d20
20458855ns          346514 1c008d20 f14027f3 csrrs            x15, x0, 0xf14      x15=00000000
20458876ns          346515 1c008d24 1a10f6b7 lui              x13, 0x1a10f000     x13=1a10f000
20458896ns          346516 1c008d28 ca5797b3 p.extractu       x15, x15, 5, 5      x15=00000000 x15:00000000
20458916ns          346517 1c008d2c f1402773 csrrs            x14, x0, 0xf14      x14=00000000
20458936ns          346518 1c008d30 00779793 slli             x15, x15, 0x7       x15=00000000 x15:00000000
20458956ns          346519 1c008d32 00371713 slli             x14, x14, 0x3       x14=00000000 x14:00000000
20458977ns          346520 1c008d34 0ff57513 andi             x10, x10, 255       x10=00000020 x10:00000020
20458997ns          346521 1c008d38 ee873733 p.bclr           x14, x14, 23, 8     x14=00000000 x14:00000000
20459017ns          346522 1c008d3c 00d787b3 add              x15, x15, x13       x15=1a10f000 x15:00000000 x13:1a10f000
20459037ns          346523 1c008d3e 00a767a3 p.sw             x10, x0(x14)        x10:00000020 x14:00000000  PA:1a10f000
20459361ns          346539 1c008d42 00000513 addi             x10, x0, 0          x10=00000000
20459382ns          346540 1c008d44 00008067 jalr             x0, x1, 0            x1:1c008de0
20459422ns          346542 1c008de0 15f52063 p.beqimm         x10, 320            x10:00000000
20459442ns          346543 1c008de4 001a8a93 addi             x21, x21, 1         x21=00000014 x21:00000013
20459462ns          346544 1c008de6 00800d33 add              x26, x0, x8         x26=1c0009c2  x8:1c0009c2
20459483ns          346545 1c008de8 000d4503 lbu              x10, 0(x26)         x10=00000065 x26:1c0009c2  PA:1c0009c2
20459807ns          346561 1c008dec 001d0413 addi             x8, x26, 1           x8=1c0009c3 x26:1c0009c2
20459827ns          346562 1c008df0 0c050b63 beq              x10, x0, 214        x10:00000065
20459847ns          346563 1c008df2 02500793 addi             x15, x0, 37         x15=00000025
20459867ns          346564 1c008df6 fef513e3 bne              x10, x15, -26       x10:00000065 x15:00000025
20459928ns          346567 1c008ddc 017005b3 add              x11, x0, x23        x11=00000002 x23:00000002
20459948ns          346568 1c008dde 000980e7 jalr             x1, x19, 0           x1=1c008de0 x19:1c008d20
20459989ns          346570 1c008d20 f14027f3 csrrs            x15, x0, 0xf14      x15=00000000
20460009ns          346571 1c008d24 1a10f6b7 lui              x13, 0x1a10f000     x13=1a10f000
20460029ns          346572 1c008d28 ca5797b3 p.extractu       x15, x15, 5, 5      x15=00000000 x15:00000000
20460049ns          346573 1c008d2c f1402773 csrrs            x14, x0, 0xf14      x14=00000000
20460070ns          346574 1c008d30 00779793 slli             x15, x15, 0x7       x15=00000000 x15:00000000
20460090ns          346575 1c008d32 00371713 slli             x14, x14, 0x3       x14=00000000 x14:00000000
20460110ns          346576 1c008d34 0ff57513 andi             x10, x10, 255       x10=00000065 x10:00000065
20460130ns          346577 1c008d38 ee873733 p.bclr           x14, x14, 23, 8     x14=00000000 x14:00000000
20460151ns          346578 1c008d3c 00d787b3 add              x15, x15, x13       x15=1a10f000 x15:00000000 x13:1a10f000
20460171ns          346579 1c008d3e 00a767a3 p.sw             x10, x0(x14)        x10:00000065 x14:00000000  PA:1a10f000
20460495ns          346595 1c008d42 00000513 addi             x10, x0, 0          x10=00000000
20460515ns          346596 1c008d44 00008067 jalr             x0, x1, 0            x1:1c008de0
20460555ns          346598 1c008de0 15f52063 p.beqimm         x10, 320            x10:00000000
20460576ns          346599 1c008de4 001a8a93 addi             x21, x21, 1         x21=00000015 x21:00000014
20460596ns          346600 1c008de6 00800d33 add              x26, x0, x8         x26=1c0009c3  x8:1c0009c3
20460616ns          346601 1c008de8 000d4503 lbu              x10, 0(x26)         x10=00000072 x26:1c0009c3  PA:1c0009c3
20460920ns          346616 1c008dec 001d0413 addi             x8, x26, 1           x8=1c0009c4 x26:1c0009c3
20460940ns          346617 1c008df0 0c050b63 beq              x10, x0, 214        x10:00000072
20460960ns          346618 1c008df2 02500793 addi             x15, x0, 37         x15=00000025
20460980ns          346619 1c008df6 fef513e3 bne              x10, x15, -26       x10:00000072 x15:00000025
20461041ns          346622 1c008ddc 017005b3 add              x11, x0, x23        x11=00000002 x23:00000002
20461061ns          346623 1c008dde 000980e7 jalr             x1, x19, 0           x1=1c008de0 x19:1c008d20
20461102ns          346625 1c008d20 f14027f3 csrrs            x15, x0, 0xf14      x15=00000000
20461122ns          346626 1c008d24 1a10f6b7 lui              x13, 0x1a10f000     x13=1a10f000
20461142ns          346627 1c008d28 ca5797b3 p.extractu       x15, x15, 5, 5      x15=00000000 x15:00000000
20461163ns          346628 1c008d2c f1402773 csrrs            x14, x0, 0xf14      x14=00000000
20461183ns          346629 1c008d30 00779793 slli             x15, x15, 0x7       x15=00000000 x15:00000000
20461203ns          346630 1c008d32 00371713 slli             x14, x14, 0x3       x14=00000000 x14:00000000
20461223ns          346631 1c008d34 0ff57513 andi             x10, x10, 255       x10=00000072 x10:00000072
20461244ns          346632 1c008d38 ee873733 p.bclr           x14, x14, 23, 8     x14=00000000 x14:00000000
20461264ns          346633 1c008d3c 00d787b3 add              x15, x15, x13       x15=1a10f000 x15:00000000 x13:1a10f000
20461284ns          346634 1c008d3e 00a767a3 p.sw             x10, x0(x14)        x10:00000072 x14:00000000  PA:1a10f000
20461628ns          346651 1c008d42 00000513 addi             x10, x0, 0          x10=00000000
20461648ns          346652 1c008d44 00008067 jalr             x0, x1, 0            x1:1c008de0
20461689ns          346654 1c008de0 15f52063 p.beqimm         x10, 320            x10:00000000
20461709ns          346655 1c008de4 001a8a93 addi             x21, x21, 1         x21=00000016 x21:00000015
20461729ns          346656 1c008de6 00800d33 add              x26, x0, x8         x26=1c0009c4  x8:1c0009c4
20461750ns          346657 1c008de8 000d4503 lbu              x10, 0(x26)         x10=00000072 x26:1c0009c4  PA:1c0009c4
20462053ns          346672 1c008dec 001d0413 addi             x8, x26, 1           x8=1c0009c5 x26:1c0009c4
20462073ns          346673 1c008df0 0c050b63 beq              x10, x0, 214        x10:00000072
20462094ns          346674 1c008df2 02500793 addi             x15, x0, 37         x15=00000025
20462114ns          346675 1c008df6 fef513e3 bne              x10, x15, -26       x10:00000072 x15:00000025
20462175ns          346678 1c008ddc 017005b3 add              x11, x0, x23        x11=00000002 x23:00000002
20462195ns          346679 1c008dde 000980e7 jalr             x1, x19, 0           x1=1c008de0 x19:1c008d20
20462235ns          346681 1c008d20 f14027f3 csrrs            x15, x0, 0xf14      x15=00000000
20462256ns          346682 1c008d24 1a10f6b7 lui              x13, 0x1a10f000     x13=1a10f000
20462276ns          346683 1c008d28 ca5797b3 p.extractu       x15, x15, 5, 5      x15=00000000 x15:00000000
20462296ns          346684 1c008d2c f1402773 csrrs            x14, x0, 0xf14      x14=00000000
20462316ns          346685 1c008d30 00779793 slli             x15, x15, 0x7       x15=00000000 x15:00000000
20462337ns          346686 1c008d32 00371713 slli             x14, x14, 0x3       x14=00000000 x14:00000000
20462357ns          346687 1c008d34 0ff57513 andi             x10, x10, 255       x10=00000072 x10:00000072
20462377ns          346688 1c008d38 ee873733 p.bclr           x14, x14, 23, 8     x14=00000000 x14:00000000
20462397ns          346689 1c008d3c 00d787b3 add              x15, x15, x13       x15=1a10f000 x15:00000000 x13:1a10f000
20462418ns          346690 1c008d3e 00a767a3 p.sw             x10, x0(x14)        x10:00000072 x14:00000000  PA:1a10f000
20462762ns          346707 1c008d42 00000513 addi             x10, x0, 0          x10=00000000
20462782ns          346708 1c008d44 00008067 jalr             x0, x1, 0            x1:1c008de0
20462822ns          346710 1c008de0 15f52063 p.beqimm         x10, 320            x10:00000000
20462843ns          346711 1c008de4 001a8a93 addi             x21, x21, 1         x21=00000017 x21:00000016
20462863ns          346712 1c008de6 00800d33 add              x26, x0, x8         x26=1c0009c5  x8:1c0009c5
20462883ns          346713 1c008de8 000d4503 lbu              x10, 0(x26)         x10=0000006f x26:1c0009c5  PA:1c0009c5
20463187ns          346728 1c008dec 001d0413 addi             x8, x26, 1           x8=1c0009c6 x26:1c0009c5
20463207ns          346729 1c008df0 0c050b63 beq              x10, x0, 214        x10:0000006f
20463227ns          346730 1c008df2 02500793 addi             x15, x0, 37         x15=00000025
20463247ns          346731 1c008df6 fef513e3 bne              x10, x15, -26       x10:0000006f x15:00000025
20463308ns          346734 1c008ddc 017005b3 add              x11, x0, x23        x11=00000002 x23:00000002
20463328ns          346735 1c008dde 000980e7 jalr             x1, x19, 0           x1=1c008de0 x19:1c008d20
20463369ns          346737 1c008d20 f14027f3 csrrs            x15, x0, 0xf14      x15=00000000
20463389ns          346738 1c008d24 1a10f6b7 lui              x13, 0x1a10f000     x13=1a10f000
20463409ns          346739 1c008d28 ca5797b3 p.extractu       x15, x15, 5, 5      x15=00000000 x15:00000000
20463430ns          346740 1c008d2c f1402773 csrrs            x14, x0, 0xf14      x14=00000000
20463450ns          346741 1c008d30 00779793 slli             x15, x15, 0x7       x15=00000000 x15:00000000
20463470ns          346742 1c008d32 00371713 slli             x14, x14, 0x3       x14=00000000 x14:00000000
20463490ns          346743 1c008d34 0ff57513 andi             x10, x10, 255       x10=0000006f x10:0000006f
20463510ns          346744 1c008d38 ee873733 p.bclr           x14, x14, 23, 8     x14=00000000 x14:00000000
20463531ns          346745 1c008d3c 00d787b3 add              x15, x15, x13       x15=1a10f000 x15:00000000 x13:1a10f000
20463551ns          346746 1c008d3e 00a767a3 p.sw             x10, x0(x14)        x10:0000006f x14:00000000  PA:1a10f000
20463895ns          346763 1c008d42 00000513 addi             x10, x0, 0          x10=00000000
20463915ns          346764 1c008d44 00008067 jalr             x0, x1, 0            x1:1c008de0
20463956ns          346766 1c008de0 15f52063 p.beqimm         x10, 320            x10:00000000
20463976ns          346767 1c008de4 001a8a93 addi             x21, x21, 1         x21=00000018 x21:00000017
20463996ns          346768 1c008de6 00800d33 add              x26, x0, x8         x26=1c0009c6  x8:1c0009c6
20464016ns          346769 1c008de8 000d4503 lbu              x10, 0(x26)         x10=00000072 x26:1c0009c6  PA:1c0009c6
20464320ns          346784 1c008dec 001d0413 addi             x8, x26, 1           x8=1c0009c7 x26:1c0009c6
20464340ns          346785 1c008df0 0c050b63 beq              x10, x0, 214        x10:00000072
20464361ns          346786 1c008df2 02500793 addi             x15, x0, 37         x15=00000025
20464381ns          346787 1c008df6 fef513e3 bne              x10, x15, -26       x10:00000072 x15:00000025
20464442ns          346790 1c008ddc 017005b3 add              x11, x0, x23        x11=00000002 x23:00000002
20464462ns          346791 1c008dde 000980e7 jalr             x1, x19, 0           x1=1c008de0 x19:1c008d20
20464502ns          346793 1c008d20 f14027f3 csrrs            x15, x0, 0xf14      x15=00000000
20464522ns          346794 1c008d24 1a10f6b7 lui              x13, 0x1a10f000     x13=1a10f000
20464543ns          346795 1c008d28 ca5797b3 p.extractu       x15, x15, 5, 5      x15=00000000 x15:00000000
20464563ns          346796 1c008d2c f1402773 csrrs            x14, x0, 0xf14      x14=00000000
20464583ns          346797 1c008d30 00779793 slli             x15, x15, 0x7       x15=00000000 x15:00000000
20464603ns          346798 1c008d32 00371713 slli             x14, x14, 0x3       x14=00000000 x14:00000000
20464624ns          346799 1c008d34 0ff57513 andi             x10, x10, 255       x10=00000072 x10:00000072
20464644ns          346800 1c008d38 ee873733 p.bclr           x14, x14, 23, 8     x14=00000000 x14:00000000
20464664ns          346801 1c008d3c 00d787b3 add              x15, x15, x13       x15=1a10f000 x15:00000000 x13:1a10f000
20464684ns          346802 1c008d3e 00a767a3 p.sw             x10, x0(x14)        x10:00000072 x14:00000000  PA:1a10f000
20465028ns          346819 1c008d42 00000513 addi             x10, x0, 0          x10=00000000
20465049ns          346820 1c008d44 00008067 jalr             x0, x1, 0            x1:1c008de0
20465089ns          346822 1c008de0 15f52063 p.beqimm         x10, 320            x10:00000000
20465109ns          346823 1c008de4 001a8a93 addi             x21, x21, 1         x21=00000019 x21:00000018
20465130ns          346824 1c008de6 00800d33 add              x26, x0, x8         x26=1c0009c7  x8:1c0009c7
20465150ns          346825 1c008de8 000d4503 lbu              x10, 0(x26)         x10=00000073 x26:1c0009c7  PA:1c0009c7
20465454ns          346840 1c008dec 001d0413 addi             x8, x26, 1           x8=1c0009c8 x26:1c0009c7
20465474ns          346841 1c008df0 0c050b63 beq              x10, x0, 214        x10:00000073
20465494ns          346842 1c008df2 02500793 addi             x15, x0, 37         x15=00000025
20465514ns          346843 1c008df6 fef513e3 bne              x10, x15, -26       x10:00000073 x15:00000025
20465575ns          346846 1c008ddc 017005b3 add              x11, x0, x23        x11=00000002 x23:00000002
20465595ns          346847 1c008dde 000980e7 jalr             x1, x19, 0           x1=1c008de0 x19:1c008d20
20465636ns          346849 1c008d20 f14027f3 csrrs            x15, x0, 0xf14      x15=00000000
20465656ns          346850 1c008d24 1a10f6b7 lui              x13, 0x1a10f000     x13=1a10f000
20465676ns          346851 1c008d28 ca5797b3 p.extractu       x15, x15, 5, 5      x15=00000000 x15:00000000
20465696ns          346852 1c008d2c f1402773 csrrs            x14, x0, 0xf14      x14=00000000
20465717ns          346853 1c008d30 00779793 slli             x15, x15, 0x7       x15=00000000 x15:00000000
20465737ns          346854 1c008d32 00371713 slli             x14, x14, 0x3       x14=00000000 x14:00000000
20465757ns          346855 1c008d34 0ff57513 andi             x10, x10, 255       x10=00000073 x10:00000073
20465777ns          346856 1c008d38 ee873733 p.bclr           x14, x14, 23, 8     x14=00000000 x14:00000000
20465798ns          346857 1c008d3c 00d787b3 add              x15, x15, x13       x15=1a10f000 x15:00000000 x13:1a10f000
20465818ns          346858 1c008d3e 00a767a3 p.sw             x10, x0(x14)        x10:00000073 x14:00000000  PA:1a10f000
20466162ns          346875 1c008d42 00000513 addi             x10, x0, 0          x10=00000000
20466182ns          346876 1c008d44 00008067 jalr             x0, x1, 0            x1:1c008de0
20466223ns          346878 1c008de0 15f52063 p.beqimm         x10, 320            x10:00000000
20466243ns          346879 1c008de4 001a8a93 addi             x21, x21, 1         x21=0000001a x21:00000019
20466263ns          346880 1c008de6 00800d33 add              x26, x0, x8         x26=1c0009c8  x8:1c0009c8
20466283ns          346881 1c008de8 000d4503 lbu              x10, 0(x26)         x10=00000020 x26:1c0009c8  PA:1c0009c8
20466587ns          346896 1c008dec 001d0413 addi             x8, x26, 1           x8=1c0009c9 x26:1c0009c8
20466607ns          346897 1c008df0 0c050b63 beq              x10, x0, 214        x10:00000020
20466627ns          346898 1c008df2 02500793 addi             x15, x0, 37         x15=00000025
20466648ns          346899 1c008df6 fef513e3 bne              x10, x15, -26       x10:00000020 x15:00000025
20466708ns          346902 1c008ddc 017005b3 add              x11, x0, x23        x11=00000002 x23:00000002
20466729ns          346903 1c008dde 000980e7 jalr             x1, x19, 0           x1=1c008de0 x19:1c008d20
20466769ns          346905 1c008d20 f14027f3 csrrs            x15, x0, 0xf14      x15=00000000
20466789ns          346906 1c008d24 1a10f6b7 lui              x13, 0x1a10f000     x13=1a10f000
20466810ns          346907 1c008d28 ca5797b3 p.extractu       x15, x15, 5, 5      x15=00000000 x15:00000000
20466830ns          346908 1c008d2c f1402773 csrrs            x14, x0, 0xf14      x14=00000000
20466850ns          346909 1c008d30 00779793 slli             x15, x15, 0x7       x15=00000000 x15:00000000
20466870ns          346910 1c008d32 00371713 slli             x14, x14, 0x3       x14=00000000 x14:00000000
20466891ns          346911 1c008d34 0ff57513 andi             x10, x10, 255       x10=00000020 x10:00000020
20466911ns          346912 1c008d38 ee873733 p.bclr           x14, x14, 23, 8     x14=00000000 x14:00000000
20466931ns          346913 1c008d3c 00d787b3 add              x15, x15, x13       x15=1a10f000 x15:00000000 x13:1a10f000
20466951ns          346914 1c008d3e 00a767a3 p.sw             x10, x0(x14)        x10:00000020 x14:00000000  PA:1a10f000
20467295ns          346931 1c008d42 00000513 addi             x10, x0, 0          x10=00000000
20467316ns          346932 1c008d44 00008067 jalr             x0, x1, 0            x1:1c008de0
20467356ns          346934 1c008de0 15f52063 p.beqimm         x10, 320            x10:00000000
20467376ns          346935 1c008de4 001a8a93 addi             x21, x21, 1         x21=0000001b x21:0000001a
20467397ns          346936 1c008de6 00800d33 add              x26, x0, x8         x26=1c0009c9  x8:1c0009c9
20467417ns          346937 1c008de8 000d4503 lbu              x10, 0(x26)         x10=0000003d x26:1c0009c9  PA:1c0009c9
20467720ns          346952 1c008dec 001d0413 addi             x8, x26, 1           x8=1c0009ca x26:1c0009c9
20467741ns          346953 1c008df0 0c050b63 beq              x10, x0, 214        x10:0000003d
20467761ns          346954 1c008df2 02500793 addi             x15, x0, 37         x15=00000025
20467781ns          346955 1c008df6 fef513e3 bne              x10, x15, -26       x10:0000003d x15:00000025
20467842ns          346958 1c008ddc 017005b3 add              x11, x0, x23        x11=00000002 x23:00000002
20467862ns          346959 1c008dde 000980e7 jalr             x1, x19, 0           x1=1c008de0 x19:1c008d20
20467903ns          346961 1c008d20 f14027f3 csrrs            x15, x0, 0xf14      x15=00000000
20467923ns          346962 1c008d24 1a10f6b7 lui              x13, 0x1a10f000     x13=1a10f000
20467943ns          346963 1c008d28 ca5797b3 p.extractu       x15, x15, 5, 5      x15=00000000 x15:00000000
20467963ns          346964 1c008d2c f1402773 csrrs            x14, x0, 0xf14      x14=00000000
20467984ns          346965 1c008d30 00779793 slli             x15, x15, 0x7       x15=00000000 x15:00000000
20468004ns          346966 1c008d32 00371713 slli             x14, x14, 0x3       x14=00000000 x14:00000000
20468024ns          346967 1c008d34 0ff57513 andi             x10, x10, 255       x10=0000003d x10:0000003d
20468044ns          346968 1c008d38 ee873733 p.bclr           x14, x14, 23, 8     x14=00000000 x14:00000000
20468064ns          346969 1c008d3c 00d787b3 add              x15, x15, x13       x15=1a10f000 x15:00000000 x13:1a10f000
20468085ns          346970 1c008d3e 00a767a3 p.sw             x10, x0(x14)        x10:0000003d x14:00000000  PA:1a10f000
20468429ns          346987 1c008d42 00000513 addi             x10, x0, 0          x10=00000000
20468449ns          346988 1c008d44 00008067 jalr             x0, x1, 0            x1:1c008de0
20468490ns          346990 1c008de0 15f52063 p.beqimm         x10, 320            x10:00000000
20468510ns          346991 1c008de4 001a8a93 addi             x21, x21, 1         x21=0000001c x21:0000001b
20468530ns          346992 1c008de6 00800d33 add              x26, x0, x8         x26=1c0009ca  x8:1c0009ca
20468550ns          346993 1c008de8 000d4503 lbu              x10, 0(x26)         x10=00000020 x26:1c0009ca  PA:1c0009ca
20468834ns          347007 1c008dec 001d0413 addi             x8, x26, 1           x8=1c0009cb x26:1c0009ca
20468854ns          347008 1c008df0 0c050b63 beq              x10, x0, 214        x10:00000020
20468874ns          347009 1c008df2 02500793 addi             x15, x0, 37         x15=00000025
20468894ns          347010 1c008df6 fef513e3 bne              x10, x15, -26       x10:00000020 x15:00000025
20468955ns          347013 1c008ddc 017005b3 add              x11, x0, x23        x11=00000002 x23:00000002
20468975ns          347014 1c008dde 000980e7 jalr             x1, x19, 0           x1=1c008de0 x19:1c008d20
20469016ns          347016 1c008d20 f14027f3 csrrs            x15, x0, 0xf14      x15=00000000
20469036ns          347017 1c008d24 1a10f6b7 lui              x13, 0x1a10f000     x13=1a10f000
20469056ns          347018 1c008d28 ca5797b3 p.extractu       x15, x15, 5, 5      x15=00000000 x15:00000000
20469076ns          347019 1c008d2c f1402773 csrrs            x14, x0, 0xf14      x14=00000000
20469097ns          347020 1c008d30 00779793 slli             x15, x15, 0x7       x15=00000000 x15:00000000
20469117ns          347021 1c008d32 00371713 slli             x14, x14, 0x3       x14=00000000 x14:00000000
20469137ns          347022 1c008d34 0ff57513 andi             x10, x10, 255       x10=00000020 x10:00000020
20469157ns          347023 1c008d38 ee873733 p.bclr           x14, x14, 23, 8     x14=00000000 x14:00000000
20469178ns          347024 1c008d3c 00d787b3 add              x15, x15, x13       x15=1a10f000 x15:00000000 x13:1a10f000
20469198ns          347025 1c008d3e 00a767a3 p.sw             x10, x0(x14)        x10:00000020 x14:00000000  PA:1a10f000
20469542ns          347042 1c008d42 00000513 addi             x10, x0, 0          x10=00000000
20469562ns          347043 1c008d44 00008067 jalr             x0, x1, 0            x1:1c008de0
20469603ns          347045 1c008de0 15f52063 p.beqimm         x10, 320            x10:00000000
20469623ns          347046 1c008de4 001a8a93 addi             x21, x21, 1         x21=0000001d x21:0000001c
20469643ns          347047 1c008de6 00800d33 add              x26, x0, x8         x26=1c0009cb  x8:1c0009cb
20469663ns          347048 1c008de8 000d4503 lbu              x10, 0(x26)         x10=00000025 x26:1c0009cb  PA:1c0009cb
20469967ns          347063 1c008dec 001d0413 addi             x8, x26, 1           x8=1c0009cc x26:1c0009cb
20469987ns          347064 1c008df0 0c050b63 beq              x10, x0, 214        x10:00000025
20470008ns          347065 1c008df2 02500793 addi             x15, x0, 37         x15=00000025
20470028ns          347066 1c008df6 fef513e3 bne              x10, x15, -26       x10:00000025 x15:00000025
20470048ns          347067 1c008dfa 00012a23 sw               x0, 20(x2)           x2:10000758  PA:1000076c
20470068ns          347068 1c008dfc 00012823 sw               x0, 16(x2)           x2:10000758  PA:10000768
20470088ns          347069 1c008dfe 00012623 sw               x0, 12(x2)           x2:10000758  PA:10000764
20470109ns          347070 1c008e00 00012423 sw               x0, 8(x2)            x2:10000758  PA:10000760
20470129ns          347071 1c008e02 00012223 sw               x0, 4(x2)            x2:10000758  PA:1000075c
20470149ns          347072 1c008e04 02300493 addi             x9, x0, 35           x9=00000023
20470169ns          347073 1c008e08 02d00b13 addi             x22, x0, 45         x22=0000002d
20470190ns          347074 1c008e0c 00044c83 lbu              x25, 0(x8)          x25=00000064  x8:1c0009cc  PA:1c0009cc
20470514ns          347090 1c008e10 00140913 addi             x18, x8, 1          x18=1c0009cd  x8:1c0009cc
20470534ns          347091 1c008e14 019005b3 add              x11, x0, x25        x11=00000064 x25:00000064
20470554ns          347092 1c008e16 9d0c0513 addi             x10, x24, -1584     x10=1c0009d0 x24:1c001000
20470574ns          347093 1c008e1a 01200d33 add              x26, x0, x18        x26=1c0009cd x18:1c0009cd
20470594ns          347094 1c008e1c 01900db3 add              x27, x0, x25        x27=00000064 x25:00000064
20470615ns          347095 1c008e1e e89ff0ef jal              x1, -376             x1=1c008e20
20470756ns          347102 1c008ca6 00054783 lbu              x15, 0(x10)         x15=0000002d x10:1c0009d0  PA:1c0009d0
20471060ns          347117 1c008caa 0ff5f593 andi             x11, x11, 255       x11=00000064 x11:00000064
20471080ns          347118 1c008cae 00b78c63 beq              x15, x11, 24        x15:0000002d x11:00000064
20471100ns          347119 1c008cb2 00078b63 beq              x15, x0, 22         x15:0000002d
20471121ns          347120 1c008cb4 00150793 addi             x15, x10, 1         x15=1c0009d1 x10:1c0009d0
20471141ns          347121 1c008cb8 0040006f jal              x0, 4              
20471242ns          347126 1c008cbc 00f00533 add              x10, x0, x15        x10=1c0009d1 x15:1c0009d1
20471262ns          347127 1c008cbe 0017c70b p.lbu            x14, 1(x15!)        x14=0000002b x15=1c0009d2 x15:1c0009d1  PA:1c0009d1
20471586ns          347143 1c008cc2 feb71ce3 bne              x14, x11, -8        x14:0000002b x11:00000064
20471647ns          347146 1c008cba 00070763 beq              x14, x0, 14         x14:0000002b
20471667ns          347147 1c008cbc 00f00533 add              x10, x0, x15        x10=1c0009d2 x15:1c0009d2
20471687ns          347148 1c008cbe 0017c70b p.lbu            x14, 1(x15!)        x14=00000020 x15=1c0009d3 x15:1c0009d2  PA:1c0009d2
20472011ns          347164 1c008cc2 feb71ce3 bne              x14, x11, -8        x14:00000020 x11:00000064
20472072ns          347167 1c008cba 00070763 beq              x14, x0, 14         x14:00000020
20472092ns          347168 1c008cbc 00f00533 add              x10, x0, x15        x10=1c0009d3 x15:1c0009d3
20472112ns          347169 1c008cbe 0017c70b p.lbu            x14, 1(x15!)        x14=00000023 x15=1c0009d4 x15:1c0009d3  PA:1c0009d3
20472436ns          347185 1c008cc2 feb71ce3 bne              x14, x11, -8        x14:00000023 x11:00000064
20472497ns          347188 1c008cba 00070763 beq              x14, x0, 14         x14:00000023
20472517ns          347189 1c008cbc 00f00533 add              x10, x0, x15        x10=1c0009d4 x15:1c0009d4
20472538ns          347190 1c008cbe 0017c70b p.lbu            x14, 1(x15!)        x14=00000030 x15=1c0009d5 x15:1c0009d4  PA:1c0009d4
20472861ns          347206 1c008cc2 feb71ce3 bne              x14, x11, -8        x14:00000030 x11:00000064
20472922ns          347209 1c008cba 00070763 beq              x14, x0, 14         x14:00000030
20472942ns          347210 1c008cbc 00f00533 add              x10, x0, x15        x10=1c0009d5 x15:1c0009d5
20472963ns          347211 1c008cbe 0017c70b p.lbu            x14, 1(x15!)        x14=00000000 x15=1c0009d6 x15:1c0009d5  PA:1c0009d5
20473286ns          347227 1c008cc2 feb71ce3 bne              x14, x11, -8        x14:00000000 x11:00000064
20473347ns          347230 1c008cba 00070763 beq              x14, x0, 14         x14:00000000
20473408ns          347233 1c008cc8 0015b593 sltiu            x11, x11, 1         x11=00000000 x11:00000064
20473428ns          347234 1c008ccc 40b005b3 sub              x11, x0, x11        x11=00000000 x11:00000000
20473448ns          347235 1c008cd0 00b57533 and              x10, x10, x11       x10=00000000 x10:1c0009d5 x11:00000000
20473469ns          347236 1c008cd2 00008067 jalr             x0, x1, 0            x1:1c008e20
20473509ns          347238 1c008e20 02050b63 beq              x10, x0, 54         x10:00000000
20473651ns          347245 1c008e56 02a00693 addi             x13, x0, 42         x13=0000002a
20473671ns          347246 1c008e5a 2edc8263 beq              x25, x13, 740       x25:00000064 x13:0000002a
20473691ns          347247 1c008e5e fd0c8693 addi             x13, x25, -48       x13=00000034 x25:00000064
20473711ns          347248 1c008e62 00900593 addi             x11, x0, 9          x11=00000009
20473732ns          347249 1c008e64 00000b13 addi             x22, x0, 0          x22=00000000
20473752ns          347250 1c008e66 0cd5fd63 bgeu             x11, x13, 218       x11:00000009 x13:00000034
20473772ns          347251 1c008e6a 02e00793 addi             x15, x0, 46         x15=0000002e
20473813ns          347253 1c008e6e 28fd8663 beq              x27, x15, 652       x27:00000064 x15:0000002e
20473833ns          347254 1c008e72 01b00433 add              x8, x0, x27          x8=00000064 x27:00000064
20473853ns          347255 1c008e74 fff00493 addi             x9, x0, -1           x9=ffffffff
20473873ns          347256 1c008e76 1c001737 lui              x14, 0x1c001000     x14=1c001000
20473894ns          347257 1c008e7a 01b005b3 add              x11, x0, x27        x11=00000064 x27:00000064
20473914ns          347258 1c008e7c 9d870513 addi             x10, x14, -1576     x10=1c0009d8 x14:1c001000
20473954ns          347260 1c008e80 e27ff0ef jal              x1, -474             x1=1c008e82
20474015ns          347263 1c008ca6 00054783 lbu              x15, 0(x10)         x15=00000068 x10:1c0009d8  PA:1c0009d8
20474319ns          347278 1c008caa 0ff5f593 andi             x11, x11, 255       x11=00000064 x11:00000064
20474339ns          347279 1c008cae 00b78c63 beq              x15, x11, 24        x15:00000068 x11:00000064
20474359ns          347280 1c008cb2 00078b63 beq              x15, x0, 22         x15:00000068
20474379ns          347281 1c008cb4 00150793 addi             x15, x10, 1         x15=1c0009d9 x10:1c0009d8
20474400ns          347282 1c008cb8 0040006f jal              x0, 4              
20474440ns          347284 1c008cbc 00f00533 add              x10, x0, x15        x10=1c0009d9 x15:1c0009d9
20474460ns          347285 1c008cbe 0017c70b p.lbu            x14, 1(x15!)        x14=0000006c x15=1c0009da x15:1c0009d9  PA:1c0009d9
20474804ns          347302 1c008cc2 feb71ce3 bne              x14, x11, -8        x14:0000006c x11:00000064
20474865ns          347305 1c008cba 00070763 beq              x14, x0, 14         x14:0000006c
20474885ns          347306 1c008cbc 00f00533 add              x10, x0, x15        x10=1c0009da x15:1c0009da
20474906ns          347307 1c008cbe 0017c70b p.lbu            x14, 1(x15!)        x14=0000007a x15=1c0009db x15:1c0009da  PA:1c0009da
20475250ns          347324 1c008cc2 feb71ce3 bne              x14, x11, -8        x14:0000007a x11:00000064
20475310ns          347327 1c008cba 00070763 beq              x14, x0, 14         x14:0000007a
20475331ns          347328 1c008cbc 00f00533 add              x10, x0, x15        x10=1c0009db x15:1c0009db
20475351ns          347329 1c008cbe 0017c70b p.lbu            x14, 1(x15!)        x14=00000000 x15=1c0009dc x15:1c0009db  PA:1c0009db
20475675ns          347345 1c008cc2 feb71ce3 bne              x14, x11, -8        x14:00000000 x11:00000064
20475735ns          347348 1c008cba 00070763 beq              x14, x0, 14         x14:00000000
20475796ns          347351 1c008cc8 0015b593 sltiu            x11, x11, 1         x11=00000000 x11:00000064
20475816ns          347352 1c008ccc 40b005b3 sub              x11, x0, x11        x11=00000000 x11:00000000
20475837ns          347353 1c008cd0 00b57533 and              x10, x10, x11       x10=00000000 x10:1c0009db x11:00000000
20475857ns          347354 1c008cd2 00008067 jalr             x0, x1, 0            x1:1c008e82
20475897ns          347356 1c008e82 00000793 addi             x15, x0, 0          x15=00000000
20475918ns          347357 1c008e84 00050f63 beq              x10, x0, 30         x10:00000000
20476059ns          347364 1c008ea2 06700693 addi             x13, x0, 103        x13=00000067
20476080ns          347365 1c008ea6 0bb6ee63 bltu             x13, x27, 188       x13:00000067 x27:00000064
20476100ns          347366 1c008eaa 06500693 addi             x13, x0, 101        x13=00000065
20476120ns          347367 1c008eae 3addf2e3 bgeu             x27, x13, 2980      x27:00000064 x13:00000065
20476140ns          347368 1c008eb2 04700693 addi             x13, x0, 71         x13=00000047
20476160ns          347369 1c008eb6 39b6ed63 bltu             x13, x27, 922       x13:00000047 x27:00000064
20476282ns          347375 1c009250 06300693 addi             x13, x0, 99         x13=00000063
20476302ns          347376 1c009254 70dd8c63 beq              x27, x13, 1816      x27:00000064 x13:00000063
20476322ns          347377 1c009258 d3b6e5e3 bltu             x13, x27, -726      x13:00000063 x27:00000064
20476525ns          347387 1c008f82 06c00693 addi             x13, x0, 108        x13=0000006c
20476545ns          347388 1c008f86 00d78a63 beq              x15, x13, 20        x15:00000000 x13:0000006c
20476565ns          347389 1c008f8a 07a00693 addi             x13, x0, 122        x13=0000007a
20476626ns          347392 1c008f8e 00d78663 beq              x15, x13, 12        x15:00000000 x13:0000007a
20476666ns          347394 1c008f92 04c00693 addi             x13, x0, 76         x13=0000004c
20476687ns          347395 1c008f96 5ed78de3 beq              x15, x13, 3578      x15:00000000 x13:0000004c
20476707ns          347396 1c008f9a 000a2783 lw               x15, 0(x20)         x15=00000000 x20:10000804  PA:10000804
20476727ns          347397 1c008f9e 004a0a13 addi             x20, x20, 4         x20=10000808 x20:10000804
20476768ns          347399 1c008fa0 41f7d713 srai             x14, x15, 0x41f     x14=00000000 x15:00000000
20476808ns          347401 1c008fa4 01412e23 sw               x20, 28(x2)         x20:10000808  x2:10000758  PA:10000774
20476828ns          347402 1c008fa6 00e12223 sw               x14, 4(x2)          x14:00000000  x2:10000758  PA:1000075c
20476849ns          347403 1c008fa8 4e0741e3 blt              x14, x0, 3298       x14:00000000
20476869ns          347404 1c008fac 00c12703 lw               x14, 12(x2)         x14=00000000  x2:10000758  PA:10000764
20476909ns          347406 1c008fae 440709e3 beq              x14, x0, 3154       x14:00000000
20477011ns          347411 1c009c00 01012703 lw               x14, 16(x2)         x14=00000000  x2:10000758  PA:10000768
20477051ns          347413 1c009c02 22070063 beq              x14, x0, 544        x14:00000000
20477172ns          347419 1c009e22 00412c83 lw               x25, 4(x2)          x25=00000000  x2:10000758  PA:1000075c
20477213ns          347421 1c009e24 02410a13 addi             x20, x2, 36         x20=1000077c  x2:10000758
20477233ns          347422 1c009e28 998ff06f jal              x0, -3688          
20477314ns          347426 1c008fc0 00f00433 add              x8, x0, x15          x8=00000000 x15:00000000
20477334ns          347427 1c008fc2 01400db3 add              x27, x0, x20        x27=1000077c x20:1000077c
20477355ns          347428 1c008fc4 0040006f jal              x0, 4              
20477395ns          347430 1c008fc8 00a00613 addi             x12, x0, 10         x12=0000000a
20477415ns          347431 1c008fca 00000693 addi             x13, x0, 0          x13=00000000
20477436ns          347432 1c008fcc 00800533 add              x10, x0, x8         x10=00000000  x8:00000000
20477456ns          347433 1c008fce 019005b3 add              x11, x0, x25        x11=00000000 x25:00000000
20477476ns          347434 1c008fd0 c2aff0ef jal              x1, -3030            x1=1c008fd4
20477557ns          347438 1c0083fa 00c008b3 add              x17, x0, x12        x17=0000000a x12:0000000a
20477598ns          347440 1c0083fc 00d00733 add              x14, x0, x13        x14=00000000 x13:00000000
20477618ns          347441 1c0083fe 00a007b3 add              x15, x0, x10        x15=00000000 x10:00000000
20477658ns          347443 1c008400 00b00833 add              x16, x0, x11        x16=00000000 x11:00000000
20477699ns          347445 1c008402 1c069863 bne              x13, x0, 464        x13:00000000
20477719ns          347446 1c008406 1c0016b7 lui              x13, 0x1c001000     x13=1c001000
20477739ns          347447 1c00840a 86868693 addi             x13, x13, -1944     x13=1c000868 x13:1c001000
20477800ns          347450 1c00840e 0ac5f863 bgeu             x11, x12, 176       x11:00000000 x12:0000000a
20477820ns          347451 1c008412 00010337 lui              x6, 0x10000          x6=00010000
20477840ns          347452 1c008414 08667e63 bgeu             x12, x6, 156        x12:0000000a  x6:00010000
20477861ns          347453 1c008418 0ff00313 addi             x6, x0, 255          x6=000000ff
20477881ns          347454 1c00841c 00c37363 bgeu             x6, x12, 6           x6:000000ff x12:0000000a
20478002ns          347460 1c008422 00e65333 srl              x6, x12, x14         x6=0000000a x12:0000000a x14:00000000
20478023ns          347461 1c008426 006686b3 add              x13, x13, x6        x13=1c000872 x13:1c000868  x6:0000000a
20478043ns          347462 1c008428 0006ce03 lbu              x28, 0(x13)         x28=00000004 x13:1c000872  PA:1c000872
20478346ns          347477 1c00842c 02000313 addi             x6, x0, 32           x6=00000020
20478367ns          347478 1c008430 00ee0e33 add              x28, x28, x14       x28=00000004 x28:00000004 x14:00000000
20478387ns          347479 1c008432 41c30333 sub              x6, x6, x28          x6=0000001c  x6:00000020 x28:00000004
20478407ns          347480 1c008436 00030c63 beq              x6, x0, 24           x6:0000001c
20478427ns          347481 1c00843a 006595b3 sll              x11, x11, x6        x11=00000000 x11:00000000  x6:0000001c
20478488ns          347484 1c00843e 01c55e33 srl              x28, x10, x28       x28=00000000 x10:00000000 x28:00000004
20478529ns          347486 1c008442 006618b3 sll              x17, x12, x6        x17=a0000000 x12:0000000a  x6:0000001c
20478549ns          347487 1c008446 00be6833 or               x16, x28, x11       x16=00000000 x28:00000000 x11:00000000
20478569ns          347488 1c00844a 006517b3 sll              x15, x10, x6        x15=00000000 x10:00000000  x6:0000001c
20478630ns          347491 1c00844e 0108d613 srli             x12, x17, 0x10      x12=0000a000 x17:a0000000
20478670ns          347493 1c008452 02c87733 remu             x14, x16, x12       x14=00000000 x16:00000000 x12:0000a000
20479055ns          347512 1c008456 02c85833 divu             x16, x16, x12       x16=00000000 x16:00000000 x12:0000a000
20479439ns          347531 1c00845a 01089513 slli             x10, x17, 0x10      x10=00000000 x17:a0000000
20479460ns          347532 1c00845e 01055513 srli             x10, x10, 0x10      x10=00000000 x10:00000000
20479480ns          347533 1c008460 01071713 slli             x14, x14, 0x10      x14=00000000 x14:00000000
20479500ns          347534 1c008462 0107d693 srli             x13, x15, 0x10      x13=00000000 x15:00000000
20479520ns          347535 1c008466 03050833 mul              x16, x10, x16       x16=00000000 x10:00000000 x16:00000000
20479541ns          347536 1c00846a 00e6e6b3 or               x13, x13, x14       x13=00000000 x13:00000000 x14:00000000
20479561ns          347537 1c00846c 0106f863 bgeu             x13, x16, 16        x13:00000000 x16:00000000
20479622ns          347540 1c00847c 410686b3 sub              x13, x13, x16       x13=00000000 x13:00000000 x16:00000000
20479682ns          347543 1c008480 02c6f733 remu             x14, x13, x12       x14=00000000 x13:00000000 x12:0000a000
20480087ns          347563 1c008484 02c6d6b3 divu             x13, x13, x12       x13=00000000 x13:00000000 x12:0000a000
20480472ns          347582 1c008488 01079793 slli             x15, x15, 0x10      x15=00000000 x15:00000000
20480492ns          347583 1c00848a 02d506b3 mul              x13, x10, x13       x13=00000000 x10:00000000 x13:00000000
20480512ns          347584 1c00848e 0107d793 srli             x15, x15, 0x10      x15=00000000 x15:00000000
20480532ns          347585 1c008490 01071513 slli             x10, x14, 0x10      x10=00000000 x14:00000000
20480553ns          347586 1c008494 00a7e7b3 or               x15, x15, x10       x15=00000000 x15:00000000 x10:00000000
20480573ns          347587 1c008496 00d7f863 bgeu             x15, x13, 16        x15:00000000 x13:00000000
20480674ns          347592 1c0084a6 40d787b3 sub              x15, x15, x13       x15=00000000 x15:00000000 x13:00000000
20480694ns          347593 1c0084a8 0067d533 srl              x10, x15, x6        x10=00000000 x15:00000000  x6:0000001c
20480714ns          347594 1c0084ac 00000593 addi             x11, x0, 0          x11=00000000
20480735ns          347595 1c0084ae 00008067 jalr             x0, x1, 0            x1:1c008fd4
20480816ns          347599 1c008fd4 00a00933 add              x18, x0, x10        x18=00000000 x10:00000000
20480836ns          347600 1c008fd6 019005b3 add              x11, x0, x25        x11=00000000 x25:00000000
20480856ns          347601 1c008fd8 00800533 add              x10, x0, x8         x10=00000000  x8:00000000
20480876ns          347602 1c008fda 00a00613 addi             x12, x0, 10         x12=0000000a
20480897ns          347603 1c008fdc 00000693 addi             x13, x0, 0          x13=00000000
20480917ns          347604 1c008fde 8beff0ef jal              x1, -3906            x1=1c008fe2
20480998ns          347608 1c00809c 00b007b3 add              x15, x0, x11        x15=00000000 x11:00000000
20481018ns          347609 1c00809e 00c00833 add              x16, x0, x12        x16=0000000a x12:0000000a
20481079ns          347612 1c0080a0 00d008b3 add              x17, x0, x13        x17=00000000 x13:00000000
20481099ns          347613 1c0080a2 00a00333 add              x6, x0, x10          x6=00000000 x10:00000000
20481119ns          347614 1c0080a4 20069663 bne              x13, x0, 524        x13:00000000
20481140ns          347615 1c0080a8 1c001737 lui              x14, 0x1c001000     x14=1c001000
20481160ns          347616 1c0080ac 86870713 addi             x14, x14, -1944     x14=1c000868 x14:1c001000
20481220ns          347619 1c0080b0 0ac5fe63 bgeu             x11, x12, 188       x11:00000000 x12:0000000a
20481261ns          347621 1c0080b4 000106b7 lui              x13, 0x10000        x13=00010000
20481281ns          347622 1c0080b6 0ad67463 bgeu             x12, x13, 168       x12:0000000a x13:00010000
20481301ns          347623 1c0080ba 0ff00693 addi             x13, x0, 255        x13=000000ff
20481362ns          347626 1c0080be 00c6b6b3 sltu             x13, x13, x12       x13=00000000 x13:000000ff x12:0000000a
20481382ns          347627 1c0080c2 00369693 slli             x13, x13, 0x3       x13=00000000 x13:00000000
20481403ns          347628 1c0080c4 00d658b3 srl              x17, x12, x13       x17=0000000a x12:0000000a x13:00000000
20481423ns          347629 1c0080c8 01170733 add              x14, x14, x17       x14=1c000872 x14:1c000868 x17:0000000a
20481443ns          347630 1c0080ca 00074703 lbu              x14, 0(x14)         x14=00000004 x14:1c000872  PA:1c000872
20481767ns          347646 1c0080ce 00e686b3 add              x13, x13, x14       x13=00000004 x13:00000000 x14:00000004
20481787ns          347647 1c0080d0 02000713 addi             x14, x0, 32         x14=00000020
20481807ns          347648 1c0080d4 40d70733 sub              x14, x14, x13       x14=0000001c x14:00000020 x13:00000004
20481828ns          347649 1c0080d6 00070b63 beq              x14, x0, 22         x14:0000001c
20481848ns          347650 1c0080d8 00e797b3 sll              x15, x15, x14       x15=00000000 x15:00000000 x14:0000001c
20481868ns          347651 1c0080dc 00d556b3 srl              x13, x10, x13       x13=00000000 x10:00000000 x13:00000004
20481909ns          347653 1c0080e0 00e61833 sll              x16, x12, x14       x16=a0000000 x12:0000000a x14:0000001c
20481949ns          347655 1c0080e4 00f6e5b3 or               x11, x13, x15       x11=00000000 x13:00000000 x15:00000000
20481969ns          347656 1c0080e8 00e51333 sll              x6, x10, x14         x6=00000000 x10:00000000 x14:0000001c
20481990ns          347657 1c0080ec 01085513 srli             x10, x16, 0x10      x10=0000a000 x16:a0000000
20482050ns          347660 1c0080f0 02a5f733 remu             x14, x11, x10       x14=00000000 x11:00000000 x10:0000a000
20482455ns          347680 1c0080f4 02a5d7b3 divu             x15, x11, x10       x15=00000000 x11:00000000 x10:0000a000
20482840ns          347699 1c0080f8 01081613 slli             x12, x16, 0x10      x12=00000000 x16:a0000000
20482860ns          347700 1c0080fc 01071713 slli             x14, x14, 0x10      x14=00000000 x14:00000000
20482880ns          347701 1c0080fe 01065613 srli             x12, x12, 0x10      x12=00000000 x12:00000000
20482900ns          347702 1c008100 01035693 srli             x13, x6, 0x10       x13=00000000  x6:00000000
20482921ns          347703 1c008104 00e6e6b3 or               x13, x13, x14       x13=00000000 x13:00000000 x14:00000000
20482941ns          347704 1c008106 02f605b3 mul              x11, x12, x15       x11=00000000 x12:00000000 x15:00000000
20482961ns          347705 1c00810a 00f00733 add              x14, x0, x15        x14=00000000 x15:00000000
20482981ns          347706 1c00810c 00b6fc63 bgeu             x13, x11, 24        x13:00000000 x11:00000000
20483083ns          347711 1c008124 40b686b3 sub              x13, x13, x11       x13=00000000 x13:00000000 x11:00000000
20483123ns          347713 1c008126 02a6f7b3 remu             x15, x13, x10       x15=00000000 x13:00000000 x10:0000a000
20483508ns          347732 1c00812a 02a6d6b3 divu             x13, x13, x10       x13=00000000 x13:00000000 x10:0000a000
20483892ns          347751 1c00812e 01031313 slli             x6, x6, 0x10         x6=00000000  x6:00000000
20483912ns          347752 1c008130 01079793 slli             x15, x15, 0x10      x15=00000000 x15:00000000
20483933ns          347753 1c008132 01035313 srli             x6, x6, 0x10         x6=00000000  x6:00000000
20483953ns          347754 1c008136 02d605b3 mul              x11, x12, x13       x11=00000000 x12:00000000 x13:00000000
20483973ns          347755 1c00813a 0067e333 or               x6, x15, x6          x6=00000000 x15:00000000  x6:00000000
20483993ns          347756 1c00813e 00d00533 add              x10, x0, x13        x10=00000000 x13:00000000
20484014ns          347757 1c008140 00b37b63 bgeu             x6, x11, 22          x6:00000000 x11:00000000
20484115ns          347762 1c008156 01071713 slli             x14, x14, 0x10      x14=00000000 x14:00000000
20484155ns          347764 1c008158 00a76733 or               x14, x14, x10       x14=00000000 x14:00000000 x10:00000000
20484176ns          347765 1c00815a 00000593 addi             x11, x0, 0          x11=00000000
20484196ns          347766 1c00815c 0b20006f jal              x0, 178            
20484317ns          347772 1c00820e 00e00533 add              x10, x0, x14        x10=00000000 x14:00000000
20484398ns          347776 1c008210 00008067 jalr             x0, x1, 0            x1:1c008fe2
20484459ns          347779 1c008fe2 03090913 addi             x18, x18, 48        x18=00000030 x18:00000000
20484479ns          347780 1c008fe6 012d8023 sb               x18, 0(x27)         x18:00000030 x27:1000077c  PA:1000077c
20484499ns          347781 1c008fea 00a5e7b3 or               x15, x11, x10       x15=00000000 x11:00000000 x10:00000000
20484560ns          347784 1c008fee 001d8913 addi             x18, x27, 1         x18=1000077d x27:1000077c
20484580ns          347785 1c008ff2 00a00433 add              x8, x0, x10          x8=00000000 x10:00000000
20484601ns          347786 1c008ff4 00b00cb3 add              x25, x0, x11        x25=00000000 x11:00000000
20484621ns          347787 1c008ff6 fc0798e3 bne              x15, x0, -48        x15:00000000
20484641ns          347788 1c008ff8 00090023 sb               x0, 0(x18)          x18:1000077d  PA:1000077d
20484661ns          347789 1c008ffc 01ba7d63 bgeu             x20, x27, 26        x20:1000077c x27:1000077c
20484742ns          347793 1c009016 00012783 lw               x15, 0(x2)          x15=1000077c  x2:10000758  PA:10000758
20484762ns          347794 1c009018 00c12703 lw               x14, 12(x2)         x14=00000000  x2:10000758  PA:10000764
20484783ns          347795 1c00901a 40f90933 sub              x18, x18, x15       x18=00000001 x18:1000077d x15:1000077c
20484843ns          347798 1c00901e 3c071de3 bne              x14, x0, 3034       x14:00000000
20484864ns          347799 1c009022 01012783 lw               x15, 16(x2)         x15=00000000  x2:10000758  PA:10000768
20484904ns          347801 1c009024 3c079ae3 bne              x15, x0, 3028       x15:00000000
20484924ns          347802 1c009028 00412703 lw               x14, 4(x2)          x14=00000000  x2:10000758  PA:1000075c
20484965ns          347804 1c00902a 01f75713 srli             x14, x14, 0x1f      x14=00000000 x14:00000000
20484985ns          347805 1c00902c 00e12223 sw               x14, 4(x2)          x14:00000000  x2:10000758  PA:1000075c
20485005ns          347806 1c00902e 3404c463 blt              x9, x0, 840          x9:ffffffff
20485107ns          347811 1c009376 00000c93 addi             x25, x0, 0          x25=00000000
20485147ns          347813 1c009378 00012c23 sw               x0, 24(x2)           x2:10000758  PA:10000770
20485167ns          347814 1c00937a 00000a13 addi             x20, x0, 0          x20=00000000
20485188ns          347815 1c00937c 01412783 lw               x15, 20(x2)         x15=00000000  x2:10000758  PA:1000076c
20485228ns          347817 1c00937e 5e078163 beq              x15, x0, 1506       x15:00000000
20485329ns          347822 1c009960 412b0b33 sub              x22, x22, x18       x22=ffffffff x22:00000000 x18:00000001
20485370ns          347824 1c009964 02410413 addi             x8, x2, 36           x8=1000077c  x2:10000758
20485390ns          347825 1c009966 00000493 addi             x9, x0, 0            x9=00000000
20485410ns          347826 1c009968 ee6ff06f jal              x0, -2330          
20485552ns          347833 1c00904e 00812703 lw               x14, 8(x2)          x14=00000000  x2:10000758  PA:10000760
20485633ns          347837 1c009050 02071063 bne              x14, x0, 32         x14:00000000
20485673ns          347839 1c009052 01605f63 bge              x0, x22, 30         x22:ffffffff
20485774ns          347844 1c009070 00412783 lw               x15, 4(x2)          x15=00000000  x2:10000758  PA:1000075c
20485815ns          347846 1c009072 00f40db3 add              x27, x8, x15        x27=1000077c  x8:1000077c x15:00000000
20485835ns          347847 1c009076 00c0006f jal              x0, 12             
20485936ns          347852 1c009082 017005b3 add              x11, x0, x23        x11=00000002 x23:00000002
20485977ns          347854 1c009084 ffb41ae3 bne              x8, x27, -12         x8:1000077c x27:1000077c
20485997ns          347855 1c009088 00900db3 add              x27, x0, x9         x27=00000000  x9:00000000
20486017ns          347856 1c00908a 0080006f jal              x0, 8              
20486119ns          347861 1c009092 fffd8d93 addi             x27, x27, -1        x27=ffffffff x27:00000000
20486139ns          347862 1c009094 017005b3 add              x11, x0, x23        x11=00000002 x23:00000002
20486159ns          347863 1c009096 03000513 addi             x10, x0, 48         x10=00000030
20486179ns          347864 1c00909a fffdb9e3 p.bneimm         x27, -14            x27:ffffffff
20486200ns          347865 1c00909e 00412703 lw               x14, 4(x2)          x14=00000000  x2:10000758  PA:1000075c
20486240ns          347867 1c0090a0 40e90933 sub              x18, x18, x14       x18=00000001 x18:00000001 x14:00000000
20486280ns          347869 1c0090a4 01212423 sw               x18, 8(x2)          x18:00000001  x2:10000758  PA:10000760
20486301ns          347870 1c0090a6 e40a15e3 bne              x20, x0, -438       x20:00000000
20486321ns          347871 1c0090aa 01812783 lw               x15, 24(x2)         x15=00000000  x2:10000758  PA:10000770
20486382ns          347874 1c0090ac 16079763 bne              x15, x0, 366        x15:00000000
20486402ns          347875 1c0090b0 120c8863 beq              x25, x0, 304        x25:00000000
20486503ns          347880 1c0091e0 017005b3 add              x11, x0, x23        x11=00000002 x23:00000002
20486544ns          347882 1c0091e2 ff2049e3 blt              x0, x18, -14        x18:00000001
20486645ns          347887 1c0091d4 0014450b p.lbu            x10, 1(x8!)         x10=00000030  x8=1000077d  x8:1000077c  PA:1000077c
20486685ns          347889 1c0091d8 fff90913 addi             x18, x18, -1        x18=00000000 x18:00000001
20486706ns          347890 1c0091da 000980e7 jalr             x1, x19, 0           x1=1c0091dc x19:1c008d20
20486746ns          347892 1c008d20 f14027f3 csrrs            x15, x0, 0xf14      x15=00000000
20486766ns          347893 1c008d24 1a10f6b7 lui              x13, 0x1a10f000     x13=1a10f000
20486786ns          347894 1c008d28 ca5797b3 p.extractu       x15, x15, 5, 5      x15=00000000 x15:00000000
20486807ns          347895 1c008d2c f1402773 csrrs            x14, x0, 0xf14      x14=00000000
20486867ns          347898 1c008d30 00779793 slli             x15, x15, 0x7       x15=00000000 x15:00000000
20486888ns          347899 1c008d32 00371713 slli             x14, x14, 0x3       x14=00000000 x14:00000000
20486908ns          347900 1c008d34 0ff57513 andi             x10, x10, 255       x10=00000030 x10:00000030
20486928ns          347901 1c008d38 ee873733 p.bclr           x14, x14, 23, 8     x14=00000000 x14:00000000
20486948ns          347902 1c008d3c 00d787b3 add              x15, x15, x13       x15=1a10f000 x15:00000000 x13:1a10f000
20486969ns          347903 1c008d3e 00a767a3 p.sw             x10, x0(x14)        x10:00000030 x14:00000000  PA:1a10f000
20487292ns          347919 1c008d42 00000513 addi             x10, x0, 0          x10=00000000
20487313ns          347920 1c008d44 00008067 jalr             x0, x1, 0            x1:1c0091dc
20487353ns          347922 1c0091dc d5f522e3 p.beqimm         x10, -700           x10:00000000
20487373ns          347923 1c0091e0 017005b3 add              x11, x0, x23        x11=00000002 x23:00000002
20487394ns          347924 1c0091e2 ff2049e3 blt              x0, x18, -14        x18:00000000
20487414ns          347925 1c0091e6 00412783 lw               x15, 4(x2)          x15=00000000  x2:10000758  PA:1000075c
20487434ns          347926 1c0091e8 01c12a03 lw               x20, 28(x2)         x20=10000808  x2:10000758  PA:10000774
20487454ns          347927 1c0091ea 00fa8733 add              x14, x21, x15       x14=0000001d x21:0000001d x15:00000000
20487475ns          347928 1c0091ee 00812783 lw               x15, 8(x2)          x15=00000001  x2:10000758  PA:10000760
20487495ns          347929 1c0091f0 00970733 add              x14, x14, x9        x14=0000001d x14:0000001d  x9:00000000
20487535ns          347931 1c0091f2 00e78ab3 add              x21, x15, x14       x21=0000001e x15:00000001 x14:0000001d
20487556ns          347932 1c0091f6 bf6059e3 bge              x0, x22, -1038      x22:ffffffff
20487718ns          347940 1c008de8 000d4503 lbu              x10, 0(x26)         x10=0000000a x26:1c0009cd  PA:1c0009cd
20488041ns          347956 1c008dec 001d0413 addi             x8, x26, 1           x8=1c0009ce x26:1c0009cd
20488062ns          347957 1c008df0 0c050b63 beq              x10, x0, 214        x10:0000000a
20488082ns          347958 1c008df2 02500793 addi             x15, x0, 37         x15=00000025
20488102ns          347959 1c008df6 fef513e3 bne              x10, x15, -26       x10:0000000a x15:00000025
20488264ns          347967 1c008ddc 017005b3 add              x11, x0, x23        x11=00000002 x23:00000002
20488284ns          347968 1c008dde 000980e7 jalr             x1, x19, 0           x1=1c008de0 x19:1c008d20
20488325ns          347970 1c008d20 f14027f3 csrrs            x15, x0, 0xf14      x15=00000000
20488345ns          347971 1c008d24 1a10f6b7 lui              x13, 0x1a10f000     x13=1a10f000
20488365ns          347972 1c008d28 ca5797b3 p.extractu       x15, x15, 5, 5      x15=00000000 x15:00000000
20488385ns          347973 1c008d2c f1402773 csrrs            x14, x0, 0xf14      x14=00000000
20488406ns          347974 1c008d30 00779793 slli             x15, x15, 0x7       x15=00000000 x15:00000000
20488426ns          347975 1c008d32 00371713 slli             x14, x14, 0x3       x14=00000000 x14:00000000
20488446ns          347976 1c008d34 0ff57513 andi             x10, x10, 255       x10=0000000a x10:0000000a
20488466ns          347977 1c008d38 ee873733 p.bclr           x14, x14, 23, 8     x14=00000000 x14:00000000
20488487ns          347978 1c008d3c 00d787b3 add              x15, x15, x13       x15=1a10f000 x15:00000000 x13:1a10f000
20488507ns          347979 1c008d3e 00a767a3 p.sw             x10, x0(x14)        x10:0000000a x14:00000000  PA:1a10f000
20488831ns          347995 1c008d42 00000513 addi             x10, x0, 0          x10=00000000
20488851ns          347996 1c008d44 00008067 jalr             x0, x1, 0            x1:1c008de0
20488891ns          347998 1c008de0 15f52063 p.beqimm         x10, 320            x10:00000000
20488912ns          347999 1c008de4 001a8a93 addi             x21, x21, 1         x21=0000001f x21:0000001e
20488932ns          348000 1c008de6 00800d33 add              x26, x0, x8         x26=1c0009ce  x8:1c0009ce
20488952ns          348001 1c008de8 000d4503 lbu              x10, 0(x26)         x10=00000000 x26:1c0009ce  PA:1c0009ce
20489256ns          348016 1c008dec 001d0413 addi             x8, x26, 1           x8=1c0009cf x26:1c0009ce
20489276ns          348017 1c008df0 0c050b63 beq              x10, x0, 214        x10:00000000
20489377ns          348022 1c008ec6 01500433 add              x8, x0, x21          x8=0000001f x21:0000001f
20489418ns          348024 1c008ec8 00800533 add              x10, x0, x8         x10=0000001f  x8:0000001f
20489438ns          348025 1c008eca 07c12083 lw               x1, 124(x2)          x1=1c008da4  x2:10000758  PA:100007d4
20489458ns          348026 1c008ecc 07812403 lw               x8, 120(x2)          x8=00204000  x2:10000758  PA:100007d0
20489478ns          348027 1c008ece 07412483 lw               x9, 116(x2)          x9=xxxxxxxx  x2:10000758  PA:100007cc
20489499ns          348028 1c008ed0 07012903 lw               x18, 112(x2)        x18=xxxxxxxx  x2:10000758  PA:100007c8
20489519ns          348029 1c008ed2 06c12983 lw               x19, 108(x2)        x19=00204000  x2:10000758  PA:100007c4
20489539ns          348030 1c008ed4 06812a03 lw               x20, 104(x2)        x20=00000002  x2:10000758  PA:100007c0
20489559ns          348031 1c008ed6 06412a83 lw               x21, 100(x2)        x21=1c01006e  x2:10000758  PA:100007bc
20489580ns          348032 1c008ed8 06012b03 lw               x22, 96(x2)         x22=1c0011e8  x2:10000758  PA:100007b8
20489600ns          348033 1c008eda 05c12b83 lw               x23, 92(x2)         x23=1c001818  x2:10000758  PA:100007b4
20489620ns          348034 1c008edc 05812c03 lw               x24, 88(x2)         x24=00000002  x2:10000758  PA:100007b0
20489640ns          348035 1c008ede 05412c83 lw               x25, 84(x2)         x25=1a109810  x2:10000758  PA:100007ac
20489661ns          348036 1c008ee0 05012d03 lw               x26, 80(x2)         x26=1c01013f  x2:10000758  PA:100007a8
20489681ns          348037 1c008ee2 04c12d83 lw               x27, 76(x2)         x27=xxxxxxxx  x2:10000758  PA:100007a4
20489701ns          348038 1c008ee4 08010113 addi             x2, x2, 128          x2=100007d8  x2:10000758
20489721ns          348039 1c008ee6 00008067 jalr             x0, x1, 0            x1:1c008da4
20490207ns          348063 1c008da4 01c12083 lw               x1, 28(x2)           x1=1c0089f2  x2:100007d8  PA:100007f4
20490227ns          348064 1c008da6 04010113 addi             x2, x2, 64           x2=10000818  x2:100007d8
20490268ns          348066 1c008da8 00008067 jalr             x0, x1, 0            x1:1c0089f2
20490794ns          348092 1c0089f2 21c40413 addi             x8, x8, 540          x8=0020421c  x8:00204000
20490814ns          348093 1c0089f6 00042783 lw               x15, 0(x8)          x15=00010000  x8:0020421c  PA:0020421c
20499517ns          348523 1c0089f8 00c12083 lw               x1, 12(x2)           x1=1c01006e  x2:10000818  PA:10000824
20499538ns          348524 1c0089fa 00812403 lw               x8, 8(x2)            x8=00000004  x2:10000818  PA:10000820
20499558ns          348525 1c0089fc 01010113 addi             x2, x2, 16           x2=10000828  x2:10000818
20499578ns          348526 1c0089fe 00008067 jalr             x0, x1, 0            x1:1c01006e
20500347ns          348564 1c01006e 018b2b03 lw               x22, 24(x22)        x22=1c001170 x22:1c0011e8  PA:1c001200
20500691ns          348581 1c010072 000b0a63 beq              x22, x0, 20         x22:1c001170
20500712ns          348582 1c010076 000ba283 lw               x5, 0(x23)           x5=00000000 x23:1c001818  PA:1c001818
20501035ns          348598 1c01007a 06029c63 bne              x5, x0, 120          x5:00000000
20501056ns          348599 1c01007e 016ba023 sw               x22, 0(x23)         x22:1c001170 x23:1c001818  PA:1c001818
20501380ns          348615 1c010082 018ca023 sw               x24, 0(x25)         x24:00000002 x25:1a109810  PA:1a109810
20501703ns          348631 1c010086 00042b03 lw               x22, 0(x8)          x22=00000000  x8:00000004  PA:00000004
20501744ns          348633 1c01008a 040b0d63 beq              x22, x0, 90         x22:00000000
20502149ns          348653 1c0100e4 0149a423 sw               x20, 8(x19)         x20:00000002 x19:00204000  PA:00204008
20502189ns          348655 1c0100e8 03c9e003 p.elw            x0, 60(x19)         x19:00204000  PA:0020403c
20502270ns          348659 1c0100ec 0149a223 sw               x20, 4(x19)         x20:00000002 x19:00204000  PA:00204004
20502574ns          348674 1c0100f0 f97ff06f jal              x0, -106           
20502634ns          348677 1c010086 00042b03 lw               x22, 0(x8)          x22=00000000  x8:00000004  PA:00000004
20502675ns          348679 1c01008a 040b0d63 beq              x22, x0, 90         x22:00000000
20502736ns          348682 1c0100e4 0149a423 sw               x20, 8(x19)         x20:00000002 x19:00204000  PA:00204008
20502756ns          348683 1c0100e8 03c9e003 p.elw            x0, 60(x19)         x19:00204000  PA:0020403c
20502837ns          348687 1c0100ec 0149a223 sw               x20, 4(x19)         x20:00000002 x19:00204000  PA:00204004
20502857ns          348688 1c0100f0 f97ff06f jal              x0, -106           
20502918ns          348691 1c010086 00042b03 lw               x22, 0(x8)          x22=00000000  x8:00000004  PA:00000004
20502958ns          348693 1c01008a 040b0d63 beq              x22, x0, 90         x22:00000000
20503019ns          348696 1c0100e4 0149a423 sw               x20, 8(x19)         x20:00000002 x19:00204000  PA:00204008
