                Time          Cycles PC       Instr    Mnemonic
20180778ns          332775 1c008080 00003517 auipc            x10, 0x3000         x10=1c00b080
20180818ns          332777 1c008084 02250513 addi             x10, x10, 34        x10=1c00b0a2 x10:1c00b080
20180859ns          332779 1c008088 00050067 jalr             x0, x10, 0          x10:1c00b0a2
20181790ns          332825 1c00b0a2 cc101073 csrrw            x0, x0, 0xcc1      
20181810ns          332826 1c00b0a6 f1402573 csrrs            x10, x0, 0xf14      x10=00000006
20181830ns          332827 1c00b0aa 01f57593 andi             x11, x10, 31        x11=00000006 x10:00000006
20181851ns          332828 1c00b0ae 00555513 srli             x10, x10, 0x5       x10=00000000 x10:00000006
20182276ns          332849 1c00b0b0 01f00613 addi             x12, x0, 31         x12=0000001f
20182316ns          332851 1c00b0b2 00c50463 beq              x10, x12, 8         x10:00000000 x12:0000001f
20182336ns          332852 1c00b0b6 74b0406f jal              x0, 20298          
20182721ns          332871 1c010000 f1402573 csrrs            x10, x0, 0xf14      x10=00000006
20182761ns          332873 1c010004 01f57593 andi             x11, x10, 31        x11=00000006 x10:00000006
20182782ns          332874 1c010008 00555513 srli             x10, x10, 0x5       x10=00000000 x10:00000006
20182802ns          332875 1c01000a 000702b7 lui              x5, 0x70000          x5=00070000
20183166ns          332893 1c01000e 00204337 lui              x6, 0x204000         x6=00204000
20183207ns          332895 1c010012 00532023 sw               x5, 0(x6)            x5:00070000  x6:00204000  PA:00204000
20183227ns          332896 1c010016 00000393 addi             x7, x0, 0            x7=00000000
20183247ns          332897 1c010018 0e759463 bne              x11, x7, 232        x11:00000006  x7:00000000
20184037ns          332936 1c010100 00204937 lui              x18, 0x204000       x18=00204000
20184077ns          332938 1c010104 f14029f3 csrrs            x19, x0, 0xf14      x19=00000006
20184097ns          332939 1c010108 01f9f993 andi             x19, x19, 31        x19=00000006 x19:00000006
20184118ns          332940 1c01010c 00000a17 auipc            x20, 0x0            x20=1c01010c
20184482ns          332958 1c010110 012a0a13 addi             x20, x20, 18        x20=1c01011e x20:1c01010c
20184522ns          332960 1c010114 00000a97 auipc            x21, 0x0            x21=1c010114
20184543ns          332961 1c010118 00ea8a93 addi             x21, x21, 14        x21=1c010122 x21:1c010114
20184563ns          332962 1c01011c 0060006f jal              x0, 6              
20184988ns          332983 1c010122 08096283 p.elw            x5, 128(x18)         x5=1c01013f x18:00204000  PA:00204080
20190028ns          333232 1c010126 08096503 p.elw            x10, 128(x18)       x10=00000400 x18:00204000  PA:00204080
20190129ns          333237 1c01012a 0012f313 andi             x6, x5, 1            x6=00000001  x5:1c01013f
20190149ns          333238 1c01012e 00031563 bne              x6, x0, 10           x6:00000001
20190210ns          333241 1c010138 000a80b3 add              x1, x21, x0          x1=1c010122 x21:1c010122
20190230ns          333242 1c01013c 00028067 jalr             x0, x5, 0            x5:1c01013f
20190776ns          333269 1c01013e 08096283 p.elw            x5, 128(x18)         x5=10000828 x18:00204000  PA:00204080
20190878ns          333274 1c010142 00098f13 addi             x30, x19, 0         x30=00000006 x19:00000006
20190898ns          333275 1c010146 02af0eb3 mul              x29, x30, x10       x29=00001800 x30:00000006 x10:00000400
20190918ns          333276 1c01014a 005e8133 add              x2, x29, x5          x2=10002028 x29:00001800  x5:10000828
20190938ns          333277 1c01014e 00008067 jalr             x0, x1, 0            x1:1c010122
20191323ns          333296 1c010122 08096283 p.elw            x5, 128(x18)         x5=1c00874e x18:00204000  PA:00204080
20191424ns          333301 1c010126 08096503 p.elw            x10, 128(x18)       x10=00000000 x18:00204000  PA:00204080
20191525ns          333306 1c01012a 0012f313 andi             x6, x5, 1            x6=00000000  x5:1c00874e
20191546ns          333307 1c01012e 00031563 bne              x6, x0, 10           x6:00000000
20191566ns          333308 1c010132 000a00b3 add              x1, x20, x0          x1=1c01011e x20:1c01011e
20191586ns          333309 1c010136 00028067 jalr             x0, x5, 0            x5:1c00874e
20192133ns          333336 1c00874e fd010113 addi             x2, x2, -48          x2=10001ff8  x2:10002028
20192537ns          333356 1c008750 f14025f3 csrrs            x11, x0, 0xf14      x11=00000006
20192578ns          333358 1c008754 02912223 sw               x9, 36(x2)           x9:xxxxxxxx  x2:10001ff8  PA:1000201c
20192598ns          333359 1c008756 1c001537 lui              x10, 0x1c001000     x10=1c001000
20192618ns          333360 1c00875a f14024f3 csrrs            x9, x0, 0xf14        x9=00000006
20193003ns          333379 1c00875e f454b4b3 p.bclr           x9, x9, 26, 5        x9=00000006  x9:00000006
20193023ns          333380 1c008762 00900633 add              x12, x0, x9         x12=00000006  x9:00000006
20193043ns          333381 1c008764 ca5595b3 p.extractu       x11, x11, 5, 5      x11=00000000 x11:00000006
20193064ns          333382 1c008768 98450513 addi             x10, x10, -1660     x10=1c000984 x10:1c001000
20193084ns          333383 1c00876c 02112623 sw               x1, 44(x2)           x1:1c01011e  x2:10001ff8  PA:10002024
20193104ns          333384 1c00876e 02812423 sw               x8, 40(x2)           x8:xxxxxxxx  x2:10001ff8  PA:10002020
20193509ns          333404 1c008770 01612823 sw               x22, 16(x2)         x22:xxxxxxxx  x2:10001ff8  PA:10002008
20193529ns          333405 1c008772 01712623 sw               x23, 12(x2)         x23:xxxxxxxx  x2:10001ff8  PA:10002004
20193549ns          333406 1c008774 03212023 sw               x18, 32(x2)         x18:00204000  x2:10001ff8  PA:10002018
20193570ns          333407 1c008776 01312e23 sw               x19, 28(x2)         x19:00000006  x2:10001ff8  PA:10002014
20193590ns          333408 1c008778 01412c23 sw               x20, 24(x2)         x20:1c01011e  x2:10001ff8  PA:10002010
20193610ns          333409 1c00877a 01512a23 sw               x21, 20(x2)         x21:1c010122  x2:10001ff8  PA:1000200c
20193630ns          333410 1c00877c 01812423 sw               x24, 8(x2)          x24:xxxxxxxx  x2:10001ff8  PA:10002000
20193651ns          333411 1c00877e 5fe000ef jal              x1, 1534             x1=1c008780
20194420ns          333449 1c008d7c fc010113 addi             x2, x2, -64          x2=10001fb8  x2:10001ff8
20194885ns          333472 1c008d7e 02410313 addi             x6, x2, 36           x6=10001fdc  x2:10001fb8
20194905ns          333473 1c008d82 02c12423 sw               x12, 40(x2)         x12:00000006  x2:10001fb8  PA:10001fe0
20194926ns          333474 1c008d84 00a00633 add              x12, x0, x10        x12=1c000984 x10:1c000984
20194946ns          333475 1c008d86 1c009537 lui              x10, 0x1c009000     x10=1c009000
20194966ns          333476 1c008d8a 02b12223 sw               x11, 36(x2)         x11:00000000  x2:10001fb8  PA:10001fdc
20194986ns          333477 1c008d8c 02d12623 sw               x13, 44(x2)         x13:xxxxxxxx  x2:10001fb8  PA:10001fe4
20195007ns          333478 1c008d8e 00200593 addi             x11, x0, 2          x11=00000002
20195371ns          333496 1c008d90 006006b3 add              x13, x0, x6         x13=10001fdc  x6:10001fdc
20195411ns          333498 1c008d92 d2050513 addi             x10, x10, -736      x10=1c008d20 x10:1c009000
20195432ns          333499 1c008d96 00112e23 sw               x1, 28(x2)           x1:1c008780  x2:10001fb8  PA:10001fd4
20195452ns          333500 1c008d98 02e12823 sw               x14, 48(x2)         x14:xxxxxxxx  x2:10001fb8  PA:10001fe8
20195472ns          333501 1c008d9a 02f12a23 sw               x15, 52(x2)         x15:xxxxxxxx  x2:10001fb8  PA:10001fec
20195492ns          333502 1c008d9c 03012c23 sw               x16, 56(x2)         x16:xxxxxxxx  x2:10001fb8  PA:10001ff0
20195513ns          333503 1c008d9e 03112e23 sw               x17, 60(x2)         x17:xxxxxxxx  x2:10001fb8  PA:10001ff4
20195857ns          333520 1c008da0 00612623 sw               x6, 12(x2)           x6:10001fdc  x2:10001fb8  PA:10001fc4
20195877ns          333521 1c008da2 fa5ff0ef jal              x1, -92              x1=1c008da4
20196282ns          333541 1c008d46 0640006f jal              x0, 100            
20196322ns          333543 1c008daa f8010113 addi             x2, x2, -128         x2=10001f38  x2:10001fb8
20196342ns          333544 1c008dac 06812c23 sw               x8, 120(x2)          x8:xxxxxxxx  x2:10001f38  PA:10001fb0
20196363ns          333545 1c008dae 02410713 addi             x14, x2, 36         x14=10001f5c  x2:10001f38
20196747ns          333564 1c008db0 00000413 addi             x8, x0, 0            x8=00000000
20196768ns          333565 1c008db2 07312623 sw               x19, 108(x2)        x19:00000006  x2:10001f38  PA:10001fa4
20196788ns          333566 1c008db4 07412423 sw               x20, 104(x2)        x20:1c01011e  x2:10001f38  PA:10001fa0
20196808ns          333567 1c008db6 07512223 sw               x21, 100(x2)        x21:1c010122  x2:10001f38  PA:10001f9c
20196828ns          333568 1c008db8 05712e23 sw               x23, 92(x2)         x23:xxxxxxxx  x2:10001f38  PA:10001f94
20196848ns          333569 1c008dba 05812c23 sw               x24, 88(x2)         x24:xxxxxxxx  x2:10001f38  PA:10001f90
20196869ns          333570 1c008dbc 05a12823 sw               x26, 80(x2)         x26:xxxxxxxx  x2:10001f38  PA:10001f88
20196889ns          333571 1c008dbe 06112e23 sw               x1, 124(x2)          x1:1c008da4  x2:10001f38  PA:10001fb4
20197233ns          333588 1c008dc0 06912a23 sw               x9, 116(x2)          x9:00000006  x2:10001f38  PA:10001fac
20197253ns          333589 1c008dc2 07212823 sw               x18, 112(x2)        x18:00204000  x2:10001f38  PA:10001fa8
20197274ns          333590 1c008dc4 07612023 sw               x22, 96(x2)         x22:xxxxxxxx  x2:10001f38  PA:10001f98
20197294ns          333591 1c008dc6 05912a23 sw               x25, 84(x2)         x25:xxxxxxxx  x2:10001f38  PA:10001f8c
20197314ns          333592 1c008dc8 05b12623 sw               x27, 76(x2)         x27:xxxxxxxx  x2:10001f38  PA:10001f84
20197334ns          333593 1c008dca 00a009b3 add              x19, x0, x10        x19=1c008d20 x10:1c008d20
20197354ns          333594 1c008dcc 00b00bb3 add              x23, x0, x11        x23=00000002 x11:00000002
20197375ns          333595 1c008dce 00c00d33 add              x26, x0, x12        x26=1c000984 x12:1c000984
20197699ns          333611 1c008dd0 00d00a33 add              x20, x0, x13        x20=10001fdc x13:10001fdc
20197739ns          333613 1c008dd2 1c001c37 lui              x24, 0x1c001000     x24=1c001000
20197759ns          333614 1c008dd6 00e12023 sw               x14, 0(x2)          x14:10001f5c  x2:10001f38  PA:10001f38
20197780ns          333615 1c008dd8 00800ab3 add              x21, x0, x8         x21=00000000  x8:00000000
20197800ns          333616 1c008dda 00e0006f jal              x0, 14             
20198205ns          333636 1c008de8 000d4503 lbu              x10, 0(x26)         x10=00000045 x26:1c000984  PA:1c000984
20198609ns          333656 1c008dec 001d0413 addi             x8, x26, 1           x8=1c000985 x26:1c000984
20198650ns          333658 1c008df0 0c050b63 beq              x10, x0, 214        x10:00000045
20198690ns          333660 1c008df2 02500793 addi             x15, x0, 37         x15=00000025
20198711ns          333661 1c008df6 fef513e3 bne              x10, x15, -26       x10:00000045 x15:00000025
20199217ns          333686 1c008ddc 017005b3 add              x11, x0, x23        x11=00000002 x23:00000002
20199237ns          333687 1c008dde 000980e7 jalr             x1, x19, 0           x1=1c008de0 x19:1c008d20
20199662ns          333708 1c008d20 f14027f3 csrrs            x15, x0, 0xf14      x15=00000006
20199702ns          333710 1c008d24 1a10f6b7 lui              x13, 0x1a10f000     x13=1a10f000
20199723ns          333711 1c008d28 ca5797b3 p.extractu       x15, x15, 5, 5      x15=00000000 x15:00000006
20199743ns          333712 1c008d2c f1402773 csrrs            x14, x0, 0xf14      x14=00000006
20200127ns          333731 1c008d30 00779793 slli             x15, x15, 0x7       x15=00000000 x15:00000000
20200148ns          333732 1c008d32 00371713 slli             x14, x14, 0x3       x14=00000030 x14:00000006
20200168ns          333733 1c008d34 0ff57513 andi             x10, x10, 255       x10=00000045 x10:00000045
20200188ns          333734 1c008d38 ee873733 p.bclr           x14, x14, 23, 8     x14=00000030 x14:00000030
20200208ns          333735 1c008d3c 00d787b3 add              x15, x15, x13       x15=1a10f000 x15:00000000 x13:1a10f000
20200229ns          333736 1c008d3e 00a767a3 p.sw             x10, x0(x14)        x10:00000045 x14:00000030  PA:1a10f030
20200816ns          333765 1c008d42 00000513 addi             x10, x0, 0          x10=00000000
20200836ns          333766 1c008d44 00008067 jalr             x0, x1, 0            x1:1c008de0
20200876ns          333768 1c008de0 15f52063 p.beqimm         x10, 320            x10:00000000
20200896ns          333769 1c008de4 001a8a93 addi             x21, x21, 1         x21=00000001 x21:00000000
20200917ns          333770 1c008de6 00800d33 add              x26, x0, x8         x26=1c000985  x8:1c000985
20200937ns          333771 1c008de8 000d4503 lbu              x10, 0(x26)         x10=0000006e x26:1c000985  PA:1c000985
20201241ns          333786 1c008dec 001d0413 addi             x8, x26, 1           x8=1c000986 x26:1c000985
20201261ns          333787 1c008df0 0c050b63 beq              x10, x0, 214        x10:0000006e
20201281ns          333788 1c008df2 02500793 addi             x15, x0, 37         x15=00000025
20201301ns          333789 1c008df6 fef513e3 bne              x10, x15, -26       x10:0000006e x15:00000025
20201362ns          333792 1c008ddc 017005b3 add              x11, x0, x23        x11=00000002 x23:00000002
20201382ns          333793 1c008dde 000980e7 jalr             x1, x19, 0           x1=1c008de0 x19:1c008d20
20201423ns          333795 1c008d20 f14027f3 csrrs            x15, x0, 0xf14      x15=00000006
20201443ns          333796 1c008d24 1a10f6b7 lui              x13, 0x1a10f000     x13=1a10f000
20201463ns          333797 1c008d28 ca5797b3 p.extractu       x15, x15, 5, 5      x15=00000000 x15:00000006
20201483ns          333798 1c008d2c f1402773 csrrs            x14, x0, 0xf14      x14=00000006
20201504ns          333799 1c008d30 00779793 slli             x15, x15, 0x7       x15=00000000 x15:00000000
20201524ns          333800 1c008d32 00371713 slli             x14, x14, 0x3       x14=00000030 x14:00000006
20201544ns          333801 1c008d34 0ff57513 andi             x10, x10, 255       x10=0000006e x10:0000006e
20201564ns          333802 1c008d38 ee873733 p.bclr           x14, x14, 23, 8     x14=00000030 x14:00000030
20201585ns          333803 1c008d3c 00d787b3 add              x15, x15, x13       x15=1a10f000 x15:00000000 x13:1a10f000
20201605ns          333804 1c008d3e 00a767a3 p.sw             x10, x0(x14)        x10:0000006e x14:00000030  PA:1a10f030
20202050ns          333826 1c008d42 00000513 addi             x10, x0, 0          x10=00000000
20202070ns          333827 1c008d44 00008067 jalr             x0, x1, 0            x1:1c008de0
20202111ns          333829 1c008de0 15f52063 p.beqimm         x10, 320            x10:00000000
20202131ns          333830 1c008de4 001a8a93 addi             x21, x21, 1         x21=00000002 x21:00000001
20202151ns          333831 1c008de6 00800d33 add              x26, x0, x8         x26=1c000986  x8:1c000986
20202172ns          333832 1c008de8 000d4503 lbu              x10, 0(x26)         x10=00000074 x26:1c000986  PA:1c000986
20202475ns          333847 1c008dec 001d0413 addi             x8, x26, 1           x8=1c000987 x26:1c000986
20202495ns          333848 1c008df0 0c050b63 beq              x10, x0, 214        x10:00000074
20202516ns          333849 1c008df2 02500793 addi             x15, x0, 37         x15=00000025
20202536ns          333850 1c008df6 fef513e3 bne              x10, x15, -26       x10:00000074 x15:00000025
20202597ns          333853 1c008ddc 017005b3 add              x11, x0, x23        x11=00000002 x23:00000002
20202617ns          333854 1c008dde 000980e7 jalr             x1, x19, 0           x1=1c008de0 x19:1c008d20
20202657ns          333856 1c008d20 f14027f3 csrrs            x15, x0, 0xf14      x15=00000006
20202678ns          333857 1c008d24 1a10f6b7 lui              x13, 0x1a10f000     x13=1a10f000
20202698ns          333858 1c008d28 ca5797b3 p.extractu       x15, x15, 5, 5      x15=00000000 x15:00000006
20202718ns          333859 1c008d2c f1402773 csrrs            x14, x0, 0xf14      x14=00000006
20202738ns          333860 1c008d30 00779793 slli             x15, x15, 0x7       x15=00000000 x15:00000000
20202759ns          333861 1c008d32 00371713 slli             x14, x14, 0x3       x14=00000030 x14:00000006
20202779ns          333862 1c008d34 0ff57513 andi             x10, x10, 255       x10=00000074 x10:00000074
20202799ns          333863 1c008d38 ee873733 p.bclr           x14, x14, 23, 8     x14=00000030 x14:00000030
20202819ns          333864 1c008d3c 00d787b3 add              x15, x15, x13       x15=1a10f000 x15:00000000 x13:1a10f000
20202840ns          333865 1c008d3e 00a767a3 p.sw             x10, x0(x14)        x10:00000074 x14:00000030  PA:1a10f030
20203163ns          333881 1c008d42 00000513 addi             x10, x0, 0          x10=00000000
20203184ns          333882 1c008d44 00008067 jalr             x0, x1, 0            x1:1c008de0
20203224ns          333884 1c008de0 15f52063 p.beqimm         x10, 320            x10:00000000
20203244ns          333885 1c008de4 001a8a93 addi             x21, x21, 1         x21=00000003 x21:00000002
20203265ns          333886 1c008de6 00800d33 add              x26, x0, x8         x26=1c000987  x8:1c000987
20203285ns          333887 1c008de8 000d4503 lbu              x10, 0(x26)         x10=00000065 x26:1c000987  PA:1c000987
20203588ns          333902 1c008dec 001d0413 addi             x8, x26, 1           x8=1c000988 x26:1c000987
20203609ns          333903 1c008df0 0c050b63 beq              x10, x0, 214        x10:00000065
20203629ns          333904 1c008df2 02500793 addi             x15, x0, 37         x15=00000025
20203649ns          333905 1c008df6 fef513e3 bne              x10, x15, -26       x10:00000065 x15:00000025
20203710ns          333908 1c008ddc 017005b3 add              x11, x0, x23        x11=00000002 x23:00000002
20203730ns          333909 1c008dde 000980e7 jalr             x1, x19, 0           x1=1c008de0 x19:1c008d20
20203771ns          333911 1c008d20 f14027f3 csrrs            x15, x0, 0xf14      x15=00000006
20203791ns          333912 1c008d24 1a10f6b7 lui              x13, 0x1a10f000     x13=1a10f000
20203811ns          333913 1c008d28 ca5797b3 p.extractu       x15, x15, 5, 5      x15=00000000 x15:00000006
20203831ns          333914 1c008d2c f1402773 csrrs            x14, x0, 0xf14      x14=00000006
20203852ns          333915 1c008d30 00779793 slli             x15, x15, 0x7       x15=00000000 x15:00000000
20203872ns          333916 1c008d32 00371713 slli             x14, x14, 0x3       x14=00000030 x14:00000006
20203892ns          333917 1c008d34 0ff57513 andi             x10, x10, 255       x10=00000065 x10:00000065
20203912ns          333918 1c008d38 ee873733 p.bclr           x14, x14, 23, 8     x14=00000030 x14:00000030
20203932ns          333919 1c008d3c 00d787b3 add              x15, x15, x13       x15=1a10f000 x15:00000000 x13:1a10f000
20203953ns          333920 1c008d3e 00a767a3 p.sw             x10, x0(x14)        x10:00000065 x14:00000030  PA:1a10f030
20204277ns          333936 1c008d42 00000513 addi             x10, x0, 0          x10=00000000
20204297ns          333937 1c008d44 00008067 jalr             x0, x1, 0            x1:1c008de0
20204337ns          333939 1c008de0 15f52063 p.beqimm         x10, 320            x10:00000000
20204358ns          333940 1c008de4 001a8a93 addi             x21, x21, 1         x21=00000004 x21:00000003
20204378ns          333941 1c008de6 00800d33 add              x26, x0, x8         x26=1c000988  x8:1c000988
20204398ns          333942 1c008de8 000d4503 lbu              x10, 0(x26)         x10=00000072 x26:1c000988  PA:1c000988
20204702ns          333957 1c008dec 001d0413 addi             x8, x26, 1           x8=1c000989 x26:1c000988
20204722ns          333958 1c008df0 0c050b63 beq              x10, x0, 214        x10:00000072
20204742ns          333959 1c008df2 02500793 addi             x15, x0, 37         x15=00000025
20204762ns          333960 1c008df6 fef513e3 bne              x10, x15, -26       x10:00000072 x15:00000025
20204823ns          333963 1c008ddc 017005b3 add              x11, x0, x23        x11=00000002 x23:00000002
20204843ns          333964 1c008dde 000980e7 jalr             x1, x19, 0           x1=1c008de0 x19:1c008d20
20204884ns          333966 1c008d20 f14027f3 csrrs            x15, x0, 0xf14      x15=00000006
20204904ns          333967 1c008d24 1a10f6b7 lui              x13, 0x1a10f000     x13=1a10f000
20204924ns          333968 1c008d28 ca5797b3 p.extractu       x15, x15, 5, 5      x15=00000000 x15:00000006
20204944ns          333969 1c008d2c f1402773 csrrs            x14, x0, 0xf14      x14=00000006
20204965ns          333970 1c008d30 00779793 slli             x15, x15, 0x7       x15=00000000 x15:00000000
20204985ns          333971 1c008d32 00371713 slli             x14, x14, 0x3       x14=00000030 x14:00000006
20205005ns          333972 1c008d34 0ff57513 andi             x10, x10, 255       x10=00000072 x10:00000072
20205025ns          333973 1c008d38 ee873733 p.bclr           x14, x14, 23, 8     x14=00000030 x14:00000030
20205046ns          333974 1c008d3c 00d787b3 add              x15, x15, x13       x15=1a10f000 x15:00000000 x13:1a10f000
20205066ns          333975 1c008d3e 00a767a3 p.sw             x10, x0(x14)        x10:00000072 x14:00000030  PA:1a10f030
20205390ns          333991 1c008d42 00000513 addi             x10, x0, 0          x10=00000000
20205410ns          333992 1c008d44 00008067 jalr             x0, x1, 0            x1:1c008de0
20205450ns          333994 1c008de0 15f52063 p.beqimm         x10, 320            x10:00000000
20205471ns          333995 1c008de4 001a8a93 addi             x21, x21, 1         x21=00000005 x21:00000004
20205491ns          333996 1c008de6 00800d33 add              x26, x0, x8         x26=1c000989  x8:1c000989
20205511ns          333997 1c008de8 000d4503 lbu              x10, 0(x26)         x10=00000065 x26:1c000989  PA:1c000989
20205815ns          334012 1c008dec 001d0413 addi             x8, x26, 1           x8=1c00098a x26:1c000989
20205835ns          334013 1c008df0 0c050b63 beq              x10, x0, 214        x10:00000065
20205855ns          334014 1c008df2 02500793 addi             x15, x0, 37         x15=00000025
20205876ns          334015 1c008df6 fef513e3 bne              x10, x15, -26       x10:00000065 x15:00000025
20205936ns          334018 1c008ddc 017005b3 add              x11, x0, x23        x11=00000002 x23:00000002
20205956ns          334019 1c008dde 000980e7 jalr             x1, x19, 0           x1=1c008de0 x19:1c008d20
20205997ns          334021 1c008d20 f14027f3 csrrs            x15, x0, 0xf14      x15=00000006
20206017ns          334022 1c008d24 1a10f6b7 lui              x13, 0x1a10f000     x13=1a10f000
20206037ns          334023 1c008d28 ca5797b3 p.extractu       x15, x15, 5, 5      x15=00000000 x15:00000006
20206058ns          334024 1c008d2c f1402773 csrrs            x14, x0, 0xf14      x14=00000006
20206078ns          334025 1c008d30 00779793 slli             x15, x15, 0x7       x15=00000000 x15:00000000
20206098ns          334026 1c008d32 00371713 slli             x14, x14, 0x3       x14=00000030 x14:00000006
20206118ns          334027 1c008d34 0ff57513 andi             x10, x10, 255       x10=00000065 x10:00000065
20206139ns          334028 1c008d38 ee873733 p.bclr           x14, x14, 23, 8     x14=00000030 x14:00000030
20206159ns          334029 1c008d3c 00d787b3 add              x15, x15, x13       x15=1a10f000 x15:00000000 x13:1a10f000
20206179ns          334030 1c008d3e 00a767a3 p.sw             x10, x0(x14)        x10:00000065 x14:00000030  PA:1a10f030
20206503ns          334046 1c008d42 00000513 addi             x10, x0, 0          x10=00000000
20206523ns          334047 1c008d44 00008067 jalr             x0, x1, 0            x1:1c008de0
20206564ns          334049 1c008de0 15f52063 p.beqimm         x10, 320            x10:00000000
20206584ns          334050 1c008de4 001a8a93 addi             x21, x21, 1         x21=00000006 x21:00000005
20206604ns          334051 1c008de6 00800d33 add              x26, x0, x8         x26=1c00098a  x8:1c00098a
20206624ns          334052 1c008de8 000d4503 lbu              x10, 0(x26)         x10=00000064 x26:1c00098a  PA:1c00098a
20206928ns          334067 1c008dec 001d0413 addi             x8, x26, 1           x8=1c00098b x26:1c00098a
20206948ns          334068 1c008df0 0c050b63 beq              x10, x0, 214        x10:00000064
20206968ns          334069 1c008df2 02500793 addi             x15, x0, 37         x15=00000025
20206989ns          334070 1c008df6 fef513e3 bne              x10, x15, -26       x10:00000064 x15:00000025
20207049ns          334073 1c008ddc 017005b3 add              x11, x0, x23        x11=00000002 x23:00000002
20207070ns          334074 1c008dde 000980e7 jalr             x1, x19, 0           x1=1c008de0 x19:1c008d20
20207110ns          334076 1c008d20 f14027f3 csrrs            x15, x0, 0xf14      x15=00000006
20207130ns          334077 1c008d24 1a10f6b7 lui              x13, 0x1a10f000     x13=1a10f000
20207151ns          334078 1c008d28 ca5797b3 p.extractu       x15, x15, 5, 5      x15=00000000 x15:00000006
20207171ns          334079 1c008d2c f1402773 csrrs            x14, x0, 0xf14      x14=00000006
20207191ns          334080 1c008d30 00779793 slli             x15, x15, 0x7       x15=00000000 x15:00000000
20207211ns          334081 1c008d32 00371713 slli             x14, x14, 0x3       x14=00000030 x14:00000006
20207232ns          334082 1c008d34 0ff57513 andi             x10, x10, 255       x10=00000064 x10:00000064
20207252ns          334083 1c008d38 ee873733 p.bclr           x14, x14, 23, 8     x14=00000030 x14:00000030
20207272ns          334084 1c008d3c 00d787b3 add              x15, x15, x13       x15=1a10f000 x15:00000000 x13:1a10f000
20207292ns          334085 1c008d3e 00a767a3 p.sw             x10, x0(x14)        x10:00000064 x14:00000030  PA:1a10f030
20207616ns          334101 1c008d42 00000513 addi             x10, x0, 0          x10=00000000
20207636ns          334102 1c008d44 00008067 jalr             x0, x1, 0            x1:1c008de0
20207677ns          334104 1c008de0 15f52063 p.beqimm         x10, 320            x10:00000000
20207697ns          334105 1c008de4 001a8a93 addi             x21, x21, 1         x21=00000007 x21:00000006
20207717ns          334106 1c008de6 00800d33 add              x26, x0, x8         x26=1c00098b  x8:1c00098b
20207738ns          334107 1c008de8 000d4503 lbu              x10, 0(x26)         x10=00000020 x26:1c00098b  PA:1c00098b
20208041ns          334122 1c008dec 001d0413 addi             x8, x26, 1           x8=1c00098c x26:1c00098b
20208061ns          334123 1c008df0 0c050b63 beq              x10, x0, 214        x10:00000020
20208082ns          334124 1c008df2 02500793 addi             x15, x0, 37         x15=00000025
20208102ns          334125 1c008df6 fef513e3 bne              x10, x15, -26       x10:00000020 x15:00000025
20208163ns          334128 1c008ddc 017005b3 add              x11, x0, x23        x11=00000002 x23:00000002
20208183ns          334129 1c008dde 000980e7 jalr             x1, x19, 0           x1=1c008de0 x19:1c008d20
20208223ns          334131 1c008d20 f14027f3 csrrs            x15, x0, 0xf14      x15=00000006
20208244ns          334132 1c008d24 1a10f6b7 lui              x13, 0x1a10f000     x13=1a10f000
20208264ns          334133 1c008d28 ca5797b3 p.extractu       x15, x15, 5, 5      x15=00000000 x15:00000006
20208284ns          334134 1c008d2c f1402773 csrrs            x14, x0, 0xf14      x14=00000006
20208304ns          334135 1c008d30 00779793 slli             x15, x15, 0x7       x15=00000000 x15:00000000
20208325ns          334136 1c008d32 00371713 slli             x14, x14, 0x3       x14=00000030 x14:00000006
20208345ns          334137 1c008d34 0ff57513 andi             x10, x10, 255       x10=00000020 x10:00000020
20208365ns          334138 1c008d38 ee873733 p.bclr           x14, x14, 23, 8     x14=00000030 x14:00000030
20208385ns          334139 1c008d3c 00d787b3 add              x15, x15, x13       x15=1a10f000 x15:00000000 x13:1a10f000
20208406ns          334140 1c008d3e 00a767a3 p.sw             x10, x0(x14)        x10:00000020 x14:00000030  PA:1a10f030
20208729ns          334156 1c008d42 00000513 addi             x10, x0, 0          x10=00000000
20208750ns          334157 1c008d44 00008067 jalr             x0, x1, 0            x1:1c008de0
20208790ns          334159 1c008de0 15f52063 p.beqimm         x10, 320            x10:00000000
20208810ns          334160 1c008de4 001a8a93 addi             x21, x21, 1         x21=00000008 x21:00000007
20208831ns          334161 1c008de6 00800d33 add              x26, x0, x8         x26=1c00098c  x8:1c00098c
20208851ns          334162 1c008de8 000d4503 lbu              x10, 0(x26)         x10=00000063 x26:1c00098c  PA:1c00098c
20209154ns          334177 1c008dec 001d0413 addi             x8, x26, 1           x8=1c00098d x26:1c00098c
20209175ns          334178 1c008df0 0c050b63 beq              x10, x0, 214        x10:00000063
20209195ns          334179 1c008df2 02500793 addi             x15, x0, 37         x15=00000025
20209215ns          334180 1c008df6 fef513e3 bne              x10, x15, -26       x10:00000063 x15:00000025
20209276ns          334183 1c008ddc 017005b3 add              x11, x0, x23        x11=00000002 x23:00000002
20209296ns          334184 1c008dde 000980e7 jalr             x1, x19, 0           x1=1c008de0 x19:1c008d20
20209337ns          334186 1c008d20 f14027f3 csrrs            x15, x0, 0xf14      x15=00000006
20209357ns          334187 1c008d24 1a10f6b7 lui              x13, 0x1a10f000     x13=1a10f000
20209377ns          334188 1c008d28 ca5797b3 p.extractu       x15, x15, 5, 5      x15=00000000 x15:00000006
20209397ns          334189 1c008d2c f1402773 csrrs            x14, x0, 0xf14      x14=00000006
20209418ns          334190 1c008d30 00779793 slli             x15, x15, 0x7       x15=00000000 x15:00000000
20209438ns          334191 1c008d32 00371713 slli             x14, x14, 0x3       x14=00000030 x14:00000006
20209458ns          334192 1c008d34 0ff57513 andi             x10, x10, 255       x10=00000063 x10:00000063
20209478ns          334193 1c008d38 ee873733 p.bclr           x14, x14, 23, 8     x14=00000030 x14:00000030
20209498ns          334194 1c008d3c 00d787b3 add              x15, x15, x13       x15=1a10f000 x15:00000000 x13:1a10f000
20209519ns          334195 1c008d3e 00a767a3 p.sw             x10, x0(x14)        x10:00000063 x14:00000030  PA:1a10f030
20209843ns          334211 1c008d42 00000513 addi             x10, x0, 0          x10=00000000
20209863ns          334212 1c008d44 00008067 jalr             x0, x1, 0            x1:1c008de0
20209903ns          334214 1c008de0 15f52063 p.beqimm         x10, 320            x10:00000000
20209924ns          334215 1c008de4 001a8a93 addi             x21, x21, 1         x21=00000009 x21:00000008
20209944ns          334216 1c008de6 00800d33 add              x26, x0, x8         x26=1c00098d  x8:1c00098d
20209964ns          334217 1c008de8 000d4503 lbu              x10, 0(x26)         x10=0000006c x26:1c00098d  PA:1c00098d
20210268ns          334232 1c008dec 001d0413 addi             x8, x26, 1           x8=1c00098e x26:1c00098d
20210288ns          334233 1c008df0 0c050b63 beq              x10, x0, 214        x10:0000006c
20210308ns          334234 1c008df2 02500793 addi             x15, x0, 37         x15=00000025
20210328ns          334235 1c008df6 fef513e3 bne              x10, x15, -26       x10:0000006c x15:00000025
20210389ns          334238 1c008ddc 017005b3 add              x11, x0, x23        x11=00000002 x23:00000002
20210409ns          334239 1c008dde 000980e7 jalr             x1, x19, 0           x1=1c008de0 x19:1c008d20
20210450ns          334241 1c008d20 f14027f3 csrrs            x15, x0, 0xf14      x15=00000006
20210470ns          334242 1c008d24 1a10f6b7 lui              x13, 0x1a10f000     x13=1a10f000
20210490ns          334243 1c008d28 ca5797b3 p.extractu       x15, x15, 5, 5      x15=00000000 x15:00000006
20210510ns          334244 1c008d2c f1402773 csrrs            x14, x0, 0xf14      x14=00000006
20210531ns          334245 1c008d30 00779793 slli             x15, x15, 0x7       x15=00000000 x15:00000000
20210551ns          334246 1c008d32 00371713 slli             x14, x14, 0x3       x14=00000030 x14:00000006
20210571ns          334247 1c008d34 0ff57513 andi             x10, x10, 255       x10=0000006c x10:0000006c
20210591ns          334248 1c008d38 ee873733 p.bclr           x14, x14, 23, 8     x14=00000030 x14:00000030
20210612ns          334249 1c008d3c 00d787b3 add              x15, x15, x13       x15=1a10f000 x15:00000000 x13:1a10f000
20210632ns          334250 1c008d3e 00a767a3 p.sw             x10, x0(x14)        x10:0000006c x14:00000030  PA:1a10f030
20210956ns          334266 1c008d42 00000513 addi             x10, x0, 0          x10=00000000
20210976ns          334267 1c008d44 00008067 jalr             x0, x1, 0            x1:1c008de0
20211016ns          334269 1c008de0 15f52063 p.beqimm         x10, 320            x10:00000000
20211037ns          334270 1c008de4 001a8a93 addi             x21, x21, 1         x21=0000000a x21:00000009
20211057ns          334271 1c008de6 00800d33 add              x26, x0, x8         x26=1c00098e  x8:1c00098e
20211077ns          334272 1c008de8 000d4503 lbu              x10, 0(x26)         x10=00000075 x26:1c00098e  PA:1c00098e
20211381ns          334287 1c008dec 001d0413 addi             x8, x26, 1           x8=1c00098f x26:1c00098e
20211401ns          334288 1c008df0 0c050b63 beq              x10, x0, 214        x10:00000075
20211421ns          334289 1c008df2 02500793 addi             x15, x0, 37         x15=00000025
20211442ns          334290 1c008df6 fef513e3 bne              x10, x15, -26       x10:00000075 x15:00000025
20211502ns          334293 1c008ddc 017005b3 add              x11, x0, x23        x11=00000002 x23:00000002
20211522ns          334294 1c008dde 000980e7 jalr             x1, x19, 0           x1=1c008de0 x19:1c008d20
20211563ns          334296 1c008d20 f14027f3 csrrs            x15, x0, 0xf14      x15=00000006
20211583ns          334297 1c008d24 1a10f6b7 lui              x13, 0x1a10f000     x13=1a10f000
20211603ns          334298 1c008d28 ca5797b3 p.extractu       x15, x15, 5, 5      x15=00000000 x15:00000006
20211624ns          334299 1c008d2c f1402773 csrrs            x14, x0, 0xf14      x14=00000006
20211644ns          334300 1c008d30 00779793 slli             x15, x15, 0x7       x15=00000000 x15:00000000
20211664ns          334301 1c008d32 00371713 slli             x14, x14, 0x3       x14=00000030 x14:00000006
20211684ns          334302 1c008d34 0ff57513 andi             x10, x10, 255       x10=00000075 x10:00000075
20211705ns          334303 1c008d38 ee873733 p.bclr           x14, x14, 23, 8     x14=00000030 x14:00000030
20211725ns          334304 1c008d3c 00d787b3 add              x15, x15, x13       x15=1a10f000 x15:00000000 x13:1a10f000
20211745ns          334305 1c008d3e 00a767a3 p.sw             x10, x0(x14)        x10:00000075 x14:00000030  PA:1a10f030
20212069ns          334321 1c008d42 00000513 addi             x10, x0, 0          x10=00000000
20212089ns          334322 1c008d44 00008067 jalr             x0, x1, 0            x1:1c008de0
20212130ns          334324 1c008de0 15f52063 p.beqimm         x10, 320            x10:00000000
20212150ns          334325 1c008de4 001a8a93 addi             x21, x21, 1         x21=0000000b x21:0000000a
20212170ns          334326 1c008de6 00800d33 add              x26, x0, x8         x26=1c00098f  x8:1c00098f
20212190ns          334327 1c008de8 000d4503 lbu              x10, 0(x26)         x10=00000073 x26:1c00098f  PA:1c00098f
20212494ns          334342 1c008dec 001d0413 addi             x8, x26, 1           x8=1c000990 x26:1c00098f
20212514ns          334343 1c008df0 0c050b63 beq              x10, x0, 214        x10:00000073
20212534ns          334344 1c008df2 02500793 addi             x15, x0, 37         x15=00000025
20212555ns          334345 1c008df6 fef513e3 bne              x10, x15, -26       x10:00000073 x15:00000025
20212615ns          334348 1c008ddc 017005b3 add              x11, x0, x23        x11=00000002 x23:00000002
20212636ns          334349 1c008dde 000980e7 jalr             x1, x19, 0           x1=1c008de0 x19:1c008d20
20212676ns          334351 1c008d20 f14027f3 csrrs            x15, x0, 0xf14      x15=00000006
20212696ns          334352 1c008d24 1a10f6b7 lui              x13, 0x1a10f000     x13=1a10f000
20212717ns          334353 1c008d28 ca5797b3 p.extractu       x15, x15, 5, 5      x15=00000000 x15:00000006
20212737ns          334354 1c008d2c f1402773 csrrs            x14, x0, 0xf14      x14=00000006
20212757ns          334355 1c008d30 00779793 slli             x15, x15, 0x7       x15=00000000 x15:00000000
20212777ns          334356 1c008d32 00371713 slli             x14, x14, 0x3       x14=00000030 x14:00000006
20212798ns          334357 1c008d34 0ff57513 andi             x10, x10, 255       x10=00000073 x10:00000073
20212818ns          334358 1c008d38 ee873733 p.bclr           x14, x14, 23, 8     x14=00000030 x14:00000030
20212838ns          334359 1c008d3c 00d787b3 add              x15, x15, x13       x15=1a10f000 x15:00000000 x13:1a10f000
20212858ns          334360 1c008d3e 00a767a3 p.sw             x10, x0(x14)        x10:00000073 x14:00000030  PA:1a10f030
20213182ns          334376 1c008d42 00000513 addi             x10, x0, 0          x10=00000000
20213202ns          334377 1c008d44 00008067 jalr             x0, x1, 0            x1:1c008de0
20213243ns          334379 1c008de0 15f52063 p.beqimm         x10, 320            x10:00000000
20213263ns          334380 1c008de4 001a8a93 addi             x21, x21, 1         x21=0000000c x21:0000000b
20213283ns          334381 1c008de6 00800d33 add              x26, x0, x8         x26=1c000990  x8:1c000990
20213304ns          334382 1c008de8 000d4503 lbu              x10, 0(x26)         x10=00000074 x26:1c000990  PA:1c000990
20213607ns          334397 1c008dec 001d0413 addi             x8, x26, 1           x8=1c000991 x26:1c000990
20213627ns          334398 1c008df0 0c050b63 beq              x10, x0, 214        x10:00000074
20213648ns          334399 1c008df2 02500793 addi             x15, x0, 37         x15=00000025
20213668ns          334400 1c008df6 fef513e3 bne              x10, x15, -26       x10:00000074 x15:00000025
20213729ns          334403 1c008ddc 017005b3 add              x11, x0, x23        x11=00000002 x23:00000002
20213749ns          334404 1c008dde 000980e7 jalr             x1, x19, 0           x1=1c008de0 x19:1c008d20
20213789ns          334406 1c008d20 f14027f3 csrrs            x15, x0, 0xf14      x15=00000006
20213810ns          334407 1c008d24 1a10f6b7 lui              x13, 0x1a10f000     x13=1a10f000
20213830ns          334408 1c008d28 ca5797b3 p.extractu       x15, x15, 5, 5      x15=00000000 x15:00000006
20213850ns          334409 1c008d2c f1402773 csrrs            x14, x0, 0xf14      x14=00000006
20213870ns          334410 1c008d30 00779793 slli             x15, x15, 0x7       x15=00000000 x15:00000000
20213891ns          334411 1c008d32 00371713 slli             x14, x14, 0x3       x14=00000030 x14:00000006
20213911ns          334412 1c008d34 0ff57513 andi             x10, x10, 255       x10=00000074 x10:00000074
20213931ns          334413 1c008d38 ee873733 p.bclr           x14, x14, 23, 8     x14=00000030 x14:00000030
20213951ns          334414 1c008d3c 00d787b3 add              x15, x15, x13       x15=1a10f000 x15:00000000 x13:1a10f000
20213972ns          334415 1c008d3e 00a767a3 p.sw             x10, x0(x14)        x10:00000074 x14:00000030  PA:1a10f030
20214295ns          334431 1c008d42 00000513 addi             x10, x0, 0          x10=00000000
20214316ns          334432 1c008d44 00008067 jalr             x0, x1, 0            x1:1c008de0
20214356ns          334434 1c008de0 15f52063 p.beqimm         x10, 320            x10:00000000
20214376ns          334435 1c008de4 001a8a93 addi             x21, x21, 1         x21=0000000d x21:0000000c
20214397ns          334436 1c008de6 00800d33 add              x26, x0, x8         x26=1c000991  x8:1c000991
20214417ns          334437 1c008de8 000d4503 lbu              x10, 0(x26)         x10=00000065 x26:1c000991  PA:1c000991
20214720ns          334452 1c008dec 001d0413 addi             x8, x26, 1           x8=1c000992 x26:1c000991
20214741ns          334453 1c008df0 0c050b63 beq              x10, x0, 214        x10:00000065
20214761ns          334454 1c008df2 02500793 addi             x15, x0, 37         x15=00000025
20214781ns          334455 1c008df6 fef513e3 bne              x10, x15, -26       x10:00000065 x15:00000025
20214842ns          334458 1c008ddc 017005b3 add              x11, x0, x23        x11=00000002 x23:00000002
20214862ns          334459 1c008dde 000980e7 jalr             x1, x19, 0           x1=1c008de0 x19:1c008d20
20214903ns          334461 1c008d20 f14027f3 csrrs            x15, x0, 0xf14      x15=00000006
20214923ns          334462 1c008d24 1a10f6b7 lui              x13, 0x1a10f000     x13=1a10f000
20214943ns          334463 1c008d28 ca5797b3 p.extractu       x15, x15, 5, 5      x15=00000000 x15:00000006
20214963ns          334464 1c008d2c f1402773 csrrs            x14, x0, 0xf14      x14=00000006
20214984ns          334465 1c008d30 00779793 slli             x15, x15, 0x7       x15=00000000 x15:00000000
20215004ns          334466 1c008d32 00371713 slli             x14, x14, 0x3       x14=00000030 x14:00000006
20215024ns          334467 1c008d34 0ff57513 andi             x10, x10, 255       x10=00000065 x10:00000065
20215044ns          334468 1c008d38 ee873733 p.bclr           x14, x14, 23, 8     x14=00000030 x14:00000030
20215064ns          334469 1c008d3c 00d787b3 add              x15, x15, x13       x15=1a10f000 x15:00000000 x13:1a10f000
20215085ns          334470 1c008d3e 00a767a3 p.sw             x10, x0(x14)        x10:00000065 x14:00000030  PA:1a10f030
20215409ns          334486 1c008d42 00000513 addi             x10, x0, 0          x10=00000000
20215429ns          334487 1c008d44 00008067 jalr             x0, x1, 0            x1:1c008de0
20215469ns          334489 1c008de0 15f52063 p.beqimm         x10, 320            x10:00000000
20215490ns          334490 1c008de4 001a8a93 addi             x21, x21, 1         x21=0000000e x21:0000000d
20215510ns          334491 1c008de6 00800d33 add              x26, x0, x8         x26=1c000992  x8:1c000992
20215530ns          334492 1c008de8 000d4503 lbu              x10, 0(x26)         x10=00000072 x26:1c000992  PA:1c000992
20215834ns          334507 1c008dec 001d0413 addi             x8, x26, 1           x8=1c000993 x26:1c000992
20215854ns          334508 1c008df0 0c050b63 beq              x10, x0, 214        x10:00000072
20215874ns          334509 1c008df2 02500793 addi             x15, x0, 37         x15=00000025
20215894ns          334510 1c008df6 fef513e3 bne              x10, x15, -26       x10:00000072 x15:00000025
20215955ns          334513 1c008ddc 017005b3 add              x11, x0, x23        x11=00000002 x23:00000002
20215975ns          334514 1c008dde 000980e7 jalr             x1, x19, 0           x1=1c008de0 x19:1c008d20
20216016ns          334516 1c008d20 f14027f3 csrrs            x15, x0, 0xf14      x15=00000006
20216036ns          334517 1c008d24 1a10f6b7 lui              x13, 0x1a10f000     x13=1a10f000
20216056ns          334518 1c008d28 ca5797b3 p.extractu       x15, x15, 5, 5      x15=00000000 x15:00000006
20216076ns          334519 1c008d2c f1402773 csrrs            x14, x0, 0xf14      x14=00000006
20216097ns          334520 1c008d30 00779793 slli             x15, x15, 0x7       x15=00000000 x15:00000000
20216117ns          334521 1c008d32 00371713 slli             x14, x14, 0x3       x14=00000030 x14:00000006
20216137ns          334522 1c008d34 0ff57513 andi             x10, x10, 255       x10=00000072 x10:00000072
20216157ns          334523 1c008d38 ee873733 p.bclr           x14, x14, 23, 8     x14=00000030 x14:00000030
20216178ns          334524 1c008d3c 00d787b3 add              x15, x15, x13       x15=1a10f000 x15:00000000 x13:1a10f000
20216198ns          334525 1c008d3e 00a767a3 p.sw             x10, x0(x14)        x10:00000072 x14:00000030  PA:1a10f030
20216522ns          334541 1c008d42 00000513 addi             x10, x0, 0          x10=00000000
20216542ns          334542 1c008d44 00008067 jalr             x0, x1, 0            x1:1c008de0
20216582ns          334544 1c008de0 15f52063 p.beqimm         x10, 320            x10:00000000
20216603ns          334545 1c008de4 001a8a93 addi             x21, x21, 1         x21=0000000f x21:0000000e
20216623ns          334546 1c008de6 00800d33 add              x26, x0, x8         x26=1c000993  x8:1c000993
20216643ns          334547 1c008de8 000d4503 lbu              x10, 0(x26)         x10=00000020 x26:1c000993  PA:1c000993
20216947ns          334562 1c008dec 001d0413 addi             x8, x26, 1           x8=1c000994 x26:1c000993
20216967ns          334563 1c008df0 0c050b63 beq              x10, x0, 214        x10:00000020
20216987ns          334564 1c008df2 02500793 addi             x15, x0, 37         x15=00000025
20217008ns          334565 1c008df6 fef513e3 bne              x10, x15, -26       x10:00000020 x15:00000025
20217068ns          334568 1c008ddc 017005b3 add              x11, x0, x23        x11=00000002 x23:00000002
20217088ns          334569 1c008dde 000980e7 jalr             x1, x19, 0           x1=1c008de0 x19:1c008d20
20217129ns          334571 1c008d20 f14027f3 csrrs            x15, x0, 0xf14      x15=00000006
20217149ns          334572 1c008d24 1a10f6b7 lui              x13, 0x1a10f000     x13=1a10f000
20217169ns          334573 1c008d28 ca5797b3 p.extractu       x15, x15, 5, 5      x15=00000000 x15:00000006
20217190ns          334574 1c008d2c f1402773 csrrs            x14, x0, 0xf14      x14=00000006
20217210ns          334575 1c008d30 00779793 slli             x15, x15, 0x7       x15=00000000 x15:00000000
20217230ns          334576 1c008d32 00371713 slli             x14, x14, 0x3       x14=00000030 x14:00000006
20217250ns          334577 1c008d34 0ff57513 andi             x10, x10, 255       x10=00000020 x10:00000020
20217271ns          334578 1c008d38 ee873733 p.bclr           x14, x14, 23, 8     x14=00000030 x14:00000030
20217291ns          334579 1c008d3c 00d787b3 add              x15, x15, x13       x15=1a10f000 x15:00000000 x13:1a10f000
20217311ns          334580 1c008d3e 00a767a3 p.sw             x10, x0(x14)        x10:00000020 x14:00000030  PA:1a10f030
20217635ns          334596 1c008d42 00000513 addi             x10, x0, 0          x10=00000000
20217655ns          334597 1c008d44 00008067 jalr             x0, x1, 0            x1:1c008de0
20217696ns          334599 1c008de0 15f52063 p.beqimm         x10, 320            x10:00000000
20217716ns          334600 1c008de4 001a8a93 addi             x21, x21, 1         x21=00000010 x21:0000000f
20217736ns          334601 1c008de6 00800d33 add              x26, x0, x8         x26=1c000994  x8:1c000994
20217756ns          334602 1c008de8 000d4503 lbu              x10, 0(x26)         x10=0000006f x26:1c000994  PA:1c000994
20218060ns          334617 1c008dec 001d0413 addi             x8, x26, 1           x8=1c000995 x26:1c000994
20218080ns          334618 1c008df0 0c050b63 beq              x10, x0, 214        x10:0000006f
20218100ns          334619 1c008df2 02500793 addi             x15, x0, 37         x15=00000025
20218121ns          334620 1c008df6 fef513e3 bne              x10, x15, -26       x10:0000006f x15:00000025
20218181ns          334623 1c008ddc 017005b3 add              x11, x0, x23        x11=00000002 x23:00000002
20218202ns          334624 1c008dde 000980e7 jalr             x1, x19, 0           x1=1c008de0 x19:1c008d20
20218242ns          334626 1c008d20 f14027f3 csrrs            x15, x0, 0xf14      x15=00000006
20218262ns          334627 1c008d24 1a10f6b7 lui              x13, 0x1a10f000     x13=1a10f000
20218283ns          334628 1c008d28 ca5797b3 p.extractu       x15, x15, 5, 5      x15=00000000 x15:00000006
20218303ns          334629 1c008d2c f1402773 csrrs            x14, x0, 0xf14      x14=00000006
20218323ns          334630 1c008d30 00779793 slli             x15, x15, 0x7       x15=00000000 x15:00000000
20218343ns          334631 1c008d32 00371713 slli             x14, x14, 0x3       x14=00000030 x14:00000006
20218364ns          334632 1c008d34 0ff57513 andi             x10, x10, 255       x10=0000006f x10:0000006f
20218384ns          334633 1c008d38 ee873733 p.bclr           x14, x14, 23, 8     x14=00000030 x14:00000030
20218404ns          334634 1c008d3c 00d787b3 add              x15, x15, x13       x15=1a10f000 x15:00000000 x13:1a10f000
20218424ns          334635 1c008d3e 00a767a3 p.sw             x10, x0(x14)        x10:0000006f x14:00000030  PA:1a10f030
20218748ns          334651 1c008d42 00000513 addi             x10, x0, 0          x10=00000000
20218768ns          334652 1c008d44 00008067 jalr             x0, x1, 0            x1:1c008de0
20218809ns          334654 1c008de0 15f52063 p.beqimm         x10, 320            x10:00000000
20218829ns          334655 1c008de4 001a8a93 addi             x21, x21, 1         x21=00000011 x21:00000010
20218849ns          334656 1c008de6 00800d33 add              x26, x0, x8         x26=1c000995  x8:1c000995
20218870ns          334657 1c008de8 000d4503 lbu              x10, 0(x26)         x10=0000006e x26:1c000995  PA:1c000995
20219173ns          334672 1c008dec 001d0413 addi             x8, x26, 1           x8=1c000996 x26:1c000995
20219193ns          334673 1c008df0 0c050b63 beq              x10, x0, 214        x10:0000006e
20219214ns          334674 1c008df2 02500793 addi             x15, x0, 37         x15=00000025
20219234ns          334675 1c008df6 fef513e3 bne              x10, x15, -26       x10:0000006e x15:00000025
20219295ns          334678 1c008ddc 017005b3 add              x11, x0, x23        x11=00000002 x23:00000002
20219315ns          334679 1c008dde 000980e7 jalr             x1, x19, 0           x1=1c008de0 x19:1c008d20
20219355ns          334681 1c008d20 f14027f3 csrrs            x15, x0, 0xf14      x15=00000006
20219376ns          334682 1c008d24 1a10f6b7 lui              x13, 0x1a10f000     x13=1a10f000
20219396ns          334683 1c008d28 ca5797b3 p.extractu       x15, x15, 5, 5      x15=00000000 x15:00000006
20219416ns          334684 1c008d2c f1402773 csrrs            x14, x0, 0xf14      x14=00000006
20219436ns          334685 1c008d30 00779793 slli             x15, x15, 0x7       x15=00000000 x15:00000000
20219457ns          334686 1c008d32 00371713 slli             x14, x14, 0x3       x14=00000030 x14:00000006
20219477ns          334687 1c008d34 0ff57513 andi             x10, x10, 255       x10=0000006e x10:0000006e
20219497ns          334688 1c008d38 ee873733 p.bclr           x14, x14, 23, 8     x14=00000030 x14:00000030
20219517ns          334689 1c008d3c 00d787b3 add              x15, x15, x13       x15=1a10f000 x15:00000000 x13:1a10f000
20219538ns          334690 1c008d3e 00a767a3 p.sw             x10, x0(x14)        x10:0000006e x14:00000030  PA:1a10f030
20219861ns          334706 1c008d42 00000513 addi             x10, x0, 0          x10=00000000
20219882ns          334707 1c008d44 00008067 jalr             x0, x1, 0            x1:1c008de0
20219922ns          334709 1c008de0 15f52063 p.beqimm         x10, 320            x10:00000000
20219942ns          334710 1c008de4 001a8a93 addi             x21, x21, 1         x21=00000012 x21:00000011
20219963ns          334711 1c008de6 00800d33 add              x26, x0, x8         x26=1c000996  x8:1c000996
20219983ns          334712 1c008de8 000d4503 lbu              x10, 0(x26)         x10=00000020 x26:1c000996  PA:1c000996
20220286ns          334727 1c008dec 001d0413 addi             x8, x26, 1           x8=1c000997 x26:1c000996
20220307ns          334728 1c008df0 0c050b63 beq              x10, x0, 214        x10:00000020
20220327ns          334729 1c008df2 02500793 addi             x15, x0, 37         x15=00000025
20220347ns          334730 1c008df6 fef513e3 bne              x10, x15, -26       x10:00000020 x15:00000025
20220408ns          334733 1c008ddc 017005b3 add              x11, x0, x23        x11=00000002 x23:00000002
20220428ns          334734 1c008dde 000980e7 jalr             x1, x19, 0           x1=1c008de0 x19:1c008d20
20220469ns          334736 1c008d20 f14027f3 csrrs            x15, x0, 0xf14      x15=00000006
20220489ns          334737 1c008d24 1a10f6b7 lui              x13, 0x1a10f000     x13=1a10f000
20220509ns          334738 1c008d28 ca5797b3 p.extractu       x15, x15, 5, 5      x15=00000000 x15:00000006
20220529ns          334739 1c008d2c f1402773 csrrs            x14, x0, 0xf14      x14=00000006
20220550ns          334740 1c008d30 00779793 slli             x15, x15, 0x7       x15=00000000 x15:00000000
20220570ns          334741 1c008d32 00371713 slli             x14, x14, 0x3       x14=00000030 x14:00000006
20220590ns          334742 1c008d34 0ff57513 andi             x10, x10, 255       x10=00000020 x10:00000020
20220610ns          334743 1c008d38 ee873733 p.bclr           x14, x14, 23, 8     x14=00000030 x14:00000030
20220630ns          334744 1c008d3c 00d787b3 add              x15, x15, x13       x15=1a10f000 x15:00000000 x13:1a10f000
20220651ns          334745 1c008d3e 00a767a3 p.sw             x10, x0(x14)        x10:00000020 x14:00000030  PA:1a10f030
20220975ns          334761 1c008d42 00000513 addi             x10, x0, 0          x10=00000000
20220995ns          334762 1c008d44 00008067 jalr             x0, x1, 0            x1:1c008de0
20221035ns          334764 1c008de0 15f52063 p.beqimm         x10, 320            x10:00000000
20221056ns          334765 1c008de4 001a8a93 addi             x21, x21, 1         x21=00000013 x21:00000012
20221076ns          334766 1c008de6 00800d33 add              x26, x0, x8         x26=1c000997  x8:1c000997
20221096ns          334767 1c008de8 000d4503 lbu              x10, 0(x26)         x10=00000063 x26:1c000997  PA:1c000997
20221400ns          334782 1c008dec 001d0413 addi             x8, x26, 1           x8=1c000998 x26:1c000997
20221420ns          334783 1c008df0 0c050b63 beq              x10, x0, 214        x10:00000063
20221440ns          334784 1c008df2 02500793 addi             x15, x0, 37         x15=00000025
20221460ns          334785 1c008df6 fef513e3 bne              x10, x15, -26       x10:00000063 x15:00000025
20221521ns          334788 1c008ddc 017005b3 add              x11, x0, x23        x11=00000002 x23:00000002
20221541ns          334789 1c008dde 000980e7 jalr             x1, x19, 0           x1=1c008de0 x19:1c008d20
20221582ns          334791 1c008d20 f14027f3 csrrs            x15, x0, 0xf14      x15=00000006
20221602ns          334792 1c008d24 1a10f6b7 lui              x13, 0x1a10f000     x13=1a10f000
20221622ns          334793 1c008d28 ca5797b3 p.extractu       x15, x15, 5, 5      x15=00000000 x15:00000006
20221642ns          334794 1c008d2c f1402773 csrrs            x14, x0, 0xf14      x14=00000006
20221663ns          334795 1c008d30 00779793 slli             x15, x15, 0x7       x15=00000000 x15:00000000
20221683ns          334796 1c008d32 00371713 slli             x14, x14, 0x3       x14=00000030 x14:00000006
20221703ns          334797 1c008d34 0ff57513 andi             x10, x10, 255       x10=00000063 x10:00000063
20221723ns          334798 1c008d38 ee873733 p.bclr           x14, x14, 23, 8     x14=00000030 x14:00000030
20221744ns          334799 1c008d3c 00d787b3 add              x15, x15, x13       x15=1a10f000 x15:00000000 x13:1a10f000
20221764ns          334800 1c008d3e 00a767a3 p.sw             x10, x0(x14)        x10:00000063 x14:00000030  PA:1a10f030
20222088ns          334816 1c008d42 00000513 addi             x10, x0, 0          x10=00000000
20222108ns          334817 1c008d44 00008067 jalr             x0, x1, 0            x1:1c008de0
20222148ns          334819 1c008de0 15f52063 p.beqimm         x10, 320            x10:00000000
20222169ns          334820 1c008de4 001a8a93 addi             x21, x21, 1         x21=00000014 x21:00000013
20222189ns          334821 1c008de6 00800d33 add              x26, x0, x8         x26=1c000998  x8:1c000998
20222209ns          334822 1c008de8 000d4503 lbu              x10, 0(x26)         x10=0000006c x26:1c000998  PA:1c000998
20222513ns          334837 1c008dec 001d0413 addi             x8, x26, 1           x8=1c000999 x26:1c000998
20222533ns          334838 1c008df0 0c050b63 beq              x10, x0, 214        x10:0000006c
20222553ns          334839 1c008df2 02500793 addi             x15, x0, 37         x15=00000025
20222574ns          334840 1c008df6 fef513e3 bne              x10, x15, -26       x10:0000006c x15:00000025
20222634ns          334843 1c008ddc 017005b3 add              x11, x0, x23        x11=00000002 x23:00000002
20222654ns          334844 1c008dde 000980e7 jalr             x1, x19, 0           x1=1c008de0 x19:1c008d20
20222695ns          334846 1c008d20 f14027f3 csrrs            x15, x0, 0xf14      x15=00000006
20222715ns          334847 1c008d24 1a10f6b7 lui              x13, 0x1a10f000     x13=1a10f000
20222735ns          334848 1c008d28 ca5797b3 p.extractu       x15, x15, 5, 5      x15=00000000 x15:00000006
20222756ns          334849 1c008d2c f1402773 csrrs            x14, x0, 0xf14      x14=00000006
20222776ns          334850 1c008d30 00779793 slli             x15, x15, 0x7       x15=00000000 x15:00000000
20222796ns          334851 1c008d32 00371713 slli             x14, x14, 0x3       x14=00000030 x14:00000006
20222816ns          334852 1c008d34 0ff57513 andi             x10, x10, 255       x10=0000006c x10:0000006c
20222837ns          334853 1c008d38 ee873733 p.bclr           x14, x14, 23, 8     x14=00000030 x14:00000030
20222857ns          334854 1c008d3c 00d787b3 add              x15, x15, x13       x15=1a10f000 x15:00000000 x13:1a10f000
20222877ns          334855 1c008d3e 00a767a3 p.sw             x10, x0(x14)        x10:0000006c x14:00000030  PA:1a10f030
20223201ns          334871 1c008d42 00000513 addi             x10, x0, 0          x10=00000000
20223221ns          334872 1c008d44 00008067 jalr             x0, x1, 0            x1:1c008de0
20223262ns          334874 1c008de0 15f52063 p.beqimm         x10, 320            x10:00000000
20223282ns          334875 1c008de4 001a8a93 addi             x21, x21, 1         x21=00000015 x21:00000014
20223302ns          334876 1c008de6 00800d33 add              x26, x0, x8         x26=1c000999  x8:1c000999
20223322ns          334877 1c008de8 000d4503 lbu              x10, 0(x26)         x10=00000075 x26:1c000999  PA:1c000999
20223626ns          334892 1c008dec 001d0413 addi             x8, x26, 1           x8=1c00099a x26:1c000999
20223646ns          334893 1c008df0 0c050b63 beq              x10, x0, 214        x10:00000075
20223666ns          334894 1c008df2 02500793 addi             x15, x0, 37         x15=00000025
20223687ns          334895 1c008df6 fef513e3 bne              x10, x15, -26       x10:00000075 x15:00000025
20223747ns          334898 1c008ddc 017005b3 add              x11, x0, x23        x11=00000002 x23:00000002
20223768ns          334899 1c008dde 000980e7 jalr             x1, x19, 0           x1=1c008de0 x19:1c008d20
20223808ns          334901 1c008d20 f14027f3 csrrs            x15, x0, 0xf14      x15=00000006
20223828ns          334902 1c008d24 1a10f6b7 lui              x13, 0x1a10f000     x13=1a10f000
20223849ns          334903 1c008d28 ca5797b3 p.extractu       x15, x15, 5, 5      x15=00000000 x15:00000006
20223869ns          334904 1c008d2c f1402773 csrrs            x14, x0, 0xf14      x14=00000006
20223889ns          334905 1c008d30 00779793 slli             x15, x15, 0x7       x15=00000000 x15:00000000
20223909ns          334906 1c008d32 00371713 slli             x14, x14, 0x3       x14=00000030 x14:00000006
20223930ns          334907 1c008d34 0ff57513 andi             x10, x10, 255       x10=00000075 x10:00000075
20223950ns          334908 1c008d38 ee873733 p.bclr           x14, x14, 23, 8     x14=00000030 x14:00000030
20223970ns          334909 1c008d3c 00d787b3 add              x15, x15, x13       x15=1a10f000 x15:00000000 x13:1a10f000
20223990ns          334910 1c008d3e 00a767a3 p.sw             x10, x0(x14)        x10:00000075 x14:00000030  PA:1a10f030
20224314ns          334926 1c008d42 00000513 addi             x10, x0, 0          x10=00000000
20224334ns          334927 1c008d44 00008067 jalr             x0, x1, 0            x1:1c008de0
20224375ns          334929 1c008de0 15f52063 p.beqimm         x10, 320            x10:00000000
20224395ns          334930 1c008de4 001a8a93 addi             x21, x21, 1         x21=00000016 x21:00000015
20224415ns          334931 1c008de6 00800d33 add              x26, x0, x8         x26=1c00099a  x8:1c00099a
20224436ns          334932 1c008de8 000d4503 lbu              x10, 0(x26)         x10=00000073 x26:1c00099a  PA:1c00099a
20224739ns          334947 1c008dec 001d0413 addi             x8, x26, 1           x8=1c00099b x26:1c00099a
20224759ns          334948 1c008df0 0c050b63 beq              x10, x0, 214        x10:00000073
20224780ns          334949 1c008df2 02500793 addi             x15, x0, 37         x15=00000025
20224800ns          334950 1c008df6 fef513e3 bne              x10, x15, -26       x10:00000073 x15:00000025
20224861ns          334953 1c008ddc 017005b3 add              x11, x0, x23        x11=00000002 x23:00000002
20224881ns          334954 1c008dde 000980e7 jalr             x1, x19, 0           x1=1c008de0 x19:1c008d20
20224921ns          334956 1c008d20 f14027f3 csrrs            x15, x0, 0xf14      x15=00000006
20224942ns          334957 1c008d24 1a10f6b7 lui              x13, 0x1a10f000     x13=1a10f000
20224962ns          334958 1c008d28 ca5797b3 p.extractu       x15, x15, 5, 5      x15=00000000 x15:00000006
20224982ns          334959 1c008d2c f1402773 csrrs            x14, x0, 0xf14      x14=00000006
20225002ns          334960 1c008d30 00779793 slli             x15, x15, 0x7       x15=00000000 x15:00000000
20225023ns          334961 1c008d32 00371713 slli             x14, x14, 0x3       x14=00000030 x14:00000006
20225043ns          334962 1c008d34 0ff57513 andi             x10, x10, 255       x10=00000073 x10:00000073
20225063ns          334963 1c008d38 ee873733 p.bclr           x14, x14, 23, 8     x14=00000030 x14:00000030
20225083ns          334964 1c008d3c 00d787b3 add              x15, x15, x13       x15=1a10f000 x15:00000000 x13:1a10f000
20225104ns          334965 1c008d3e 00a767a3 p.sw             x10, x0(x14)        x10:00000073 x14:00000030  PA:1a10f030
20225468ns          334983 1c008d42 00000513 addi             x10, x0, 0          x10=00000000
20225488ns          334984 1c008d44 00008067 jalr             x0, x1, 0            x1:1c008de0
20225529ns          334986 1c008de0 15f52063 p.beqimm         x10, 320            x10:00000000
20225549ns          334987 1c008de4 001a8a93 addi             x21, x21, 1         x21=00000017 x21:00000016
20225569ns          334988 1c008de6 00800d33 add              x26, x0, x8         x26=1c00099b  x8:1c00099b
20225589ns          334989 1c008de8 000d4503 lbu              x10, 0(x26)         x10=00000074 x26:1c00099b  PA:1c00099b
20225893ns          335004 1c008dec 001d0413 addi             x8, x26, 1           x8=1c00099c x26:1c00099b
20225913ns          335005 1c008df0 0c050b63 beq              x10, x0, 214        x10:00000074
20225933ns          335006 1c008df2 02500793 addi             x15, x0, 37         x15=00000025
20225954ns          335007 1c008df6 fef513e3 bne              x10, x15, -26       x10:00000074 x15:00000025
20226014ns          335010 1c008ddc 017005b3 add              x11, x0, x23        x11=00000002 x23:00000002
20226035ns          335011 1c008dde 000980e7 jalr             x1, x19, 0           x1=1c008de0 x19:1c008d20
20226075ns          335013 1c008d20 f14027f3 csrrs            x15, x0, 0xf14      x15=00000006
20226095ns          335014 1c008d24 1a10f6b7 lui              x13, 0x1a10f000     x13=1a10f000
20226116ns          335015 1c008d28 ca5797b3 p.extractu       x15, x15, 5, 5      x15=00000000 x15:00000006
20226136ns          335016 1c008d2c f1402773 csrrs            x14, x0, 0xf14      x14=00000006
20226156ns          335017 1c008d30 00779793 slli             x15, x15, 0x7       x15=00000000 x15:00000000
20226176ns          335018 1c008d32 00371713 slli             x14, x14, 0x3       x14=00000030 x14:00000006
20226196ns          335019 1c008d34 0ff57513 andi             x10, x10, 255       x10=00000074 x10:00000074
20226217ns          335020 1c008d38 ee873733 p.bclr           x14, x14, 23, 8     x14=00000030 x14:00000030
20226237ns          335021 1c008d3c 00d787b3 add              x15, x15, x13       x15=1a10f000 x15:00000000 x13:1a10f000
20226257ns          335022 1c008d3e 00a767a3 p.sw             x10, x0(x14)        x10:00000074 x14:00000030  PA:1a10f030
20226601ns          335039 1c008d42 00000513 addi             x10, x0, 0          x10=00000000
20226622ns          335040 1c008d44 00008067 jalr             x0, x1, 0            x1:1c008de0
20226662ns          335042 1c008de0 15f52063 p.beqimm         x10, 320            x10:00000000
20226682ns          335043 1c008de4 001a8a93 addi             x21, x21, 1         x21=00000018 x21:00000017
20226702ns          335044 1c008de6 00800d33 add              x26, x0, x8         x26=1c00099c  x8:1c00099c
20226723ns          335045 1c008de8 000d4503 lbu              x10, 0(x26)         x10=00000065 x26:1c00099c  PA:1c00099c
20227026ns          335060 1c008dec 001d0413 addi             x8, x26, 1           x8=1c00099d x26:1c00099c
20227047ns          335061 1c008df0 0c050b63 beq              x10, x0, 214        x10:00000065
20227067ns          335062 1c008df2 02500793 addi             x15, x0, 37         x15=00000025
20227087ns          335063 1c008df6 fef513e3 bne              x10, x15, -26       x10:00000065 x15:00000025
20227148ns          335066 1c008ddc 017005b3 add              x11, x0, x23        x11=00000002 x23:00000002
20227168ns          335067 1c008dde 000980e7 jalr             x1, x19, 0           x1=1c008de0 x19:1c008d20
20227208ns          335069 1c008d20 f14027f3 csrrs            x15, x0, 0xf14      x15=00000006
20227229ns          335070 1c008d24 1a10f6b7 lui              x13, 0x1a10f000     x13=1a10f000
20227249ns          335071 1c008d28 ca5797b3 p.extractu       x15, x15, 5, 5      x15=00000000 x15:00000006
20227269ns          335072 1c008d2c f1402773 csrrs            x14, x0, 0xf14      x14=00000006
20227289ns          335073 1c008d30 00779793 slli             x15, x15, 0x7       x15=00000000 x15:00000000
20227310ns          335074 1c008d32 00371713 slli             x14, x14, 0x3       x14=00000030 x14:00000006
20227330ns          335075 1c008d34 0ff57513 andi             x10, x10, 255       x10=00000065 x10:00000065
20227350ns          335076 1c008d38 ee873733 p.bclr           x14, x14, 23, 8     x14=00000030 x14:00000030
20227370ns          335077 1c008d3c 00d787b3 add              x15, x15, x13       x15=1a10f000 x15:00000000 x13:1a10f000
20227391ns          335078 1c008d3e 00a767a3 p.sw             x10, x0(x14)        x10:00000065 x14:00000030  PA:1a10f030
20227735ns          335095 1c008d42 00000513 addi             x10, x0, 0          x10=00000000
20227755ns          335096 1c008d44 00008067 jalr             x0, x1, 0            x1:1c008de0
20227795ns          335098 1c008de0 15f52063 p.beqimm         x10, 320            x10:00000000
20227816ns          335099 1c008de4 001a8a93 addi             x21, x21, 1         x21=00000019 x21:00000018
20227836ns          335100 1c008de6 00800d33 add              x26, x0, x8         x26=1c00099d  x8:1c00099d
20227856ns          335101 1c008de8 000d4503 lbu              x10, 0(x26)         x10=00000072 x26:1c00099d  PA:1c00099d
20228160ns          335116 1c008dec 001d0413 addi             x8, x26, 1           x8=1c00099e x26:1c00099d
20228180ns          335117 1c008df0 0c050b63 beq              x10, x0, 214        x10:00000072
20228200ns          335118 1c008df2 02500793 addi             x15, x0, 37         x15=00000025
20228220ns          335119 1c008df6 fef513e3 bne              x10, x15, -26       x10:00000072 x15:00000025
20228281ns          335122 1c008ddc 017005b3 add              x11, x0, x23        x11=00000002 x23:00000002
20228301ns          335123 1c008dde 000980e7 jalr             x1, x19, 0           x1=1c008de0 x19:1c008d20
20228342ns          335125 1c008d20 f14027f3 csrrs            x15, x0, 0xf14      x15=00000006
20228362ns          335126 1c008d24 1a10f6b7 lui              x13, 0x1a10f000     x13=1a10f000
20228382ns          335127 1c008d28 ca5797b3 p.extractu       x15, x15, 5, 5      x15=00000000 x15:00000006
20228403ns          335128 1c008d2c f1402773 csrrs            x14, x0, 0xf14      x14=00000006
20228423ns          335129 1c008d30 00779793 slli             x15, x15, 0x7       x15=00000000 x15:00000000
20228443ns          335130 1c008d32 00371713 slli             x14, x14, 0x3       x14=00000030 x14:00000006
20228463ns          335131 1c008d34 0ff57513 andi             x10, x10, 255       x10=00000072 x10:00000072
20228484ns          335132 1c008d38 ee873733 p.bclr           x14, x14, 23, 8     x14=00000030 x14:00000030
20228504ns          335133 1c008d3c 00d787b3 add              x15, x15, x13       x15=1a10f000 x15:00000000 x13:1a10f000
20228524ns          335134 1c008d3e 00a767a3 p.sw             x10, x0(x14)        x10:00000072 x14:00000030  PA:1a10f030
20228868ns          335151 1c008d42 00000513 addi             x10, x0, 0          x10=00000000
20228888ns          335152 1c008d44 00008067 jalr             x0, x1, 0            x1:1c008de0
20228929ns          335154 1c008de0 15f52063 p.beqimm         x10, 320            x10:00000000
20228949ns          335155 1c008de4 001a8a93 addi             x21, x21, 1         x21=0000001a x21:00000019
20228969ns          335156 1c008de6 00800d33 add              x26, x0, x8         x26=1c00099e  x8:1c00099e
20228990ns          335157 1c008de8 000d4503 lbu              x10, 0(x26)         x10=00000020 x26:1c00099e  PA:1c00099e
20229293ns          335172 1c008dec 001d0413 addi             x8, x26, 1           x8=1c00099f x26:1c00099e
20229313ns          335173 1c008df0 0c050b63 beq              x10, x0, 214        x10:00000020
20229334ns          335174 1c008df2 02500793 addi             x15, x0, 37         x15=00000025
20229354ns          335175 1c008df6 fef513e3 bne              x10, x15, -26       x10:00000020 x15:00000025
20229415ns          335178 1c008ddc 017005b3 add              x11, x0, x23        x11=00000002 x23:00000002
20229435ns          335179 1c008dde 000980e7 jalr             x1, x19, 0           x1=1c008de0 x19:1c008d20
20229475ns          335181 1c008d20 f14027f3 csrrs            x15, x0, 0xf14      x15=00000006
20229496ns          335182 1c008d24 1a10f6b7 lui              x13, 0x1a10f000     x13=1a10f000
20229516ns          335183 1c008d28 ca5797b3 p.extractu       x15, x15, 5, 5      x15=00000000 x15:00000006
20229536ns          335184 1c008d2c f1402773 csrrs            x14, x0, 0xf14      x14=00000006
20229556ns          335185 1c008d30 00779793 slli             x15, x15, 0x7       x15=00000000 x15:00000000
20229577ns          335186 1c008d32 00371713 slli             x14, x14, 0x3       x14=00000030 x14:00000006
20229597ns          335187 1c008d34 0ff57513 andi             x10, x10, 255       x10=00000020 x10:00000020
20229617ns          335188 1c008d38 ee873733 p.bclr           x14, x14, 23, 8     x14=00000030 x14:00000030
20229637ns          335189 1c008d3c 00d787b3 add              x15, x15, x13       x15=1a10f000 x15:00000000 x13:1a10f000
20229658ns          335190 1c008d3e 00a767a3 p.sw             x10, x0(x14)        x10:00000020 x14:00000030  PA:1a10f030
20230002ns          335207 1c008d42 00000513 addi             x10, x0, 0          x10=00000000
20230022ns          335208 1c008d44 00008067 jalr             x0, x1, 0            x1:1c008de0
20230062ns          335210 1c008de0 15f52063 p.beqimm         x10, 320            x10:00000000
20230083ns          335211 1c008de4 001a8a93 addi             x21, x21, 1         x21=0000001b x21:0000001a
20230103ns          335212 1c008de6 00800d33 add              x26, x0, x8         x26=1c00099f  x8:1c00099f
20230123ns          335213 1c008de8 000d4503 lbu              x10, 0(x26)         x10=00000025 x26:1c00099f  PA:1c00099f
20230406ns          335227 1c008dec 001d0413 addi             x8, x26, 1           x8=1c0009a0 x26:1c00099f
20230427ns          335228 1c008df0 0c050b63 beq              x10, x0, 214        x10:00000025
20230447ns          335229 1c008df2 02500793 addi             x15, x0, 37         x15=00000025
20230467ns          335230 1c008df6 fef513e3 bne              x10, x15, -26       x10:00000025 x15:00000025
20230487ns          335231 1c008dfa 00012a23 sw               x0, 20(x2)           x2:10001f38  PA:10001f4c
20230508ns          335232 1c008dfc 00012823 sw               x0, 16(x2)           x2:10001f38  PA:10001f48
20230528ns          335233 1c008dfe 00012623 sw               x0, 12(x2)           x2:10001f38  PA:10001f44
20230548ns          335234 1c008e00 00012423 sw               x0, 8(x2)            x2:10001f38  PA:10001f40
20230568ns          335235 1c008e02 00012223 sw               x0, 4(x2)            x2:10001f38  PA:10001f3c
20230589ns          335236 1c008e04 02300493 addi             x9, x0, 35           x9=00000023
20230609ns          335237 1c008e08 02d00b13 addi             x22, x0, 45         x22=0000002d
20230629ns          335238 1c008e0c 00044c83 lbu              x25, 0(x8)          x25=00000064  x8:1c0009a0  PA:1c0009a0
20230953ns          335254 1c008e10 00140913 addi             x18, x8, 1          x18=1c0009a1  x8:1c0009a0
20230973ns          335255 1c008e14 019005b3 add              x11, x0, x25        x11=00000064 x25:00000064
20230993ns          335256 1c008e16 9d0c0513 addi             x10, x24, -1584     x10=1c0009d0 x24:1c001000
20231014ns          335257 1c008e1a 01200d33 add              x26, x0, x18        x26=1c0009a1 x18:1c0009a1
20231034ns          335258 1c008e1c 01900db3 add              x27, x0, x25        x27=00000064 x25:00000064
20231054ns          335259 1c008e1e e89ff0ef jal              x1, -376             x1=1c008e20
20231742ns          335293 1c008ca6 00054783 lbu              x15, 0(x10)         x15=0000002d x10:1c0009d0  PA:1c0009d0
20232046ns          335308 1c008caa 0ff5f593 andi             x11, x11, 255       x11=00000064 x11:00000064
20232107ns          335311 1c008cae 00b78c63 beq              x15, x11, 24        x15:0000002d x11:00000064
20232127ns          335312 1c008cb2 00078b63 beq              x15, x0, 22         x15:0000002d
20232147ns          335313 1c008cb4 00150793 addi             x15, x10, 1         x15=1c0009d1 x10:1c0009d0
20232167ns          335314 1c008cb8 0040006f jal              x0, 4              
20232208ns          335316 1c008cbc 00f00533 add              x10, x0, x15        x10=1c0009d1 x15:1c0009d1
20232613ns          335336 1c008cbe 0017c70b p.lbu            x14, 1(x15!)        x14=0000002b x15=1c0009d2 x15:1c0009d1  PA:1c0009d1
20232957ns          335353 1c008cc2 feb71ce3 bne              x14, x11, -8        x14:0000002b x11:00000064
20233017ns          335356 1c008cba 00070763 beq              x14, x0, 14         x14:0000002b
20233038ns          335357 1c008cbc 00f00533 add              x10, x0, x15        x10=1c0009d2 x15:1c0009d2
20233058ns          335358 1c008cbe 0017c70b p.lbu            x14, 1(x15!)        x14=00000020 x15=1c0009d3 x15:1c0009d2  PA:1c0009d2
20233382ns          335374 1c008cc2 feb71ce3 bne              x14, x11, -8        x14:00000020 x11:00000064
20233442ns          335377 1c008cba 00070763 beq              x14, x0, 14         x14:00000020
20233463ns          335378 1c008cbc 00f00533 add              x10, x0, x15        x10=1c0009d3 x15:1c0009d3
20233483ns          335379 1c008cbe 0017c70b p.lbu            x14, 1(x15!)        x14=00000023 x15=1c0009d4 x15:1c0009d3  PA:1c0009d3
20233807ns          335395 1c008cc2 feb71ce3 bne              x14, x11, -8        x14:00000023 x11:00000064
20233867ns          335398 1c008cba 00070763 beq              x14, x0, 14         x14:00000023
20233888ns          335399 1c008cbc 00f00533 add              x10, x0, x15        x10=1c0009d4 x15:1c0009d4
20233908ns          335400 1c008cbe 0017c70b p.lbu            x14, 1(x15!)        x14=00000030 x15=1c0009d5 x15:1c0009d4  PA:1c0009d4
20234232ns          335416 1c008cc2 feb71ce3 bne              x14, x11, -8        x14:00000030 x11:00000064
20234292ns          335419 1c008cba 00070763 beq              x14, x0, 14         x14:00000030
20234313ns          335420 1c008cbc 00f00533 add              x10, x0, x15        x10=1c0009d5 x15:1c0009d5
20234333ns          335421 1c008cbe 0017c70b p.lbu            x14, 1(x15!)        x14=00000000 x15=1c0009d6 x15:1c0009d5  PA:1c0009d5
20234657ns          335437 1c008cc2 feb71ce3 bne              x14, x11, -8        x14:00000000 x11:00000064
20234718ns          335440 1c008cba 00070763 beq              x14, x0, 14         x14:00000000
20234778ns          335443 1c008cc8 0015b593 sltiu            x11, x11, 1         x11=00000000 x11:00000064
20234798ns          335444 1c008ccc 40b005b3 sub              x11, x0, x11        x11=00000000 x11:00000000
20234819ns          335445 1c008cd0 00b57533 and              x10, x10, x11       x10=00000000 x10:1c0009d5 x11:00000000
20234839ns          335446 1c008cd2 00008067 jalr             x0, x1, 0            x1:1c008e20
20234879ns          335448 1c008e20 02050b63 beq              x10, x0, 54         x10:00000000
20235325ns          335470 1c008e56 02a00693 addi             x13, x0, 42         x13=0000002a
20235345ns          335471 1c008e5a 2edc8263 beq              x25, x13, 740       x25:00000064 x13:0000002a
20235730ns          335490 1c008e5e fd0c8693 addi             x13, x25, -48       x13=00000034 x25:00000064
20235750ns          335491 1c008e62 00900593 addi             x11, x0, 9          x11=00000009
20235770ns          335492 1c008e64 00000b13 addi             x22, x0, 0          x22=00000000
20235790ns          335493 1c008e66 0cd5fd63 bgeu             x11, x13, 218       x11:00000009 x13:00000034
20235810ns          335494 1c008e6a 02e00793 addi             x15, x0, 46         x15=0000002e
20236236ns          335515 1c008e6e 28fd8663 beq              x27, x15, 652       x27:00000064 x15:0000002e
20236256ns          335516 1c008e72 01b00433 add              x8, x0, x27          x8=00000064 x27:00000064
20236276ns          335517 1c008e74 fff00493 addi             x9, x0, -1           x9=ffffffff
20236296ns          335518 1c008e76 1c001737 lui              x14, 0x1c001000     x14=1c001000
20236316ns          335519 1c008e7a 01b005b3 add              x11, x0, x27        x11=00000064 x27:00000064
20236337ns          335520 1c008e7c 9d870513 addi             x10, x14, -1576     x10=1c0009d8 x14:1c001000
20236762ns          335541 1c008e80 e27ff0ef jal              x1, -474             x1=1c008e82
20236822ns          335544 1c008ca6 00054783 lbu              x15, 0(x10)         x15=00000068 x10:1c0009d8  PA:1c0009d8
20237126ns          335559 1c008caa 0ff5f593 andi             x11, x11, 255       x11=00000064 x11:00000064
20237146ns          335560 1c008cae 00b78c63 beq              x15, x11, 24        x15:00000068 x11:00000064
20237167ns          335561 1c008cb2 00078b63 beq              x15, x0, 22         x15:00000068
20237187ns          335562 1c008cb4 00150793 addi             x15, x10, 1         x15=1c0009d9 x10:1c0009d8
20237207ns          335563 1c008cb8 0040006f jal              x0, 4              
20237248ns          335565 1c008cbc 00f00533 add              x10, x0, x15        x10=1c0009d9 x15:1c0009d9
20237268ns          335566 1c008cbe 0017c70b p.lbu            x14, 1(x15!)        x14=0000006c x15=1c0009da x15:1c0009d9  PA:1c0009d9
20237592ns          335582 1c008cc2 feb71ce3 bne              x14, x11, -8        x14:0000006c x11:00000064
20237652ns          335585 1c008cba 00070763 beq              x14, x0, 14         x14:0000006c
20237673ns          335586 1c008cbc 00f00533 add              x10, x0, x15        x10=1c0009da x15:1c0009da
20237693ns          335587 1c008cbe 0017c70b p.lbu            x14, 1(x15!)        x14=0000007a x15=1c0009db x15:1c0009da  PA:1c0009da
20238017ns          335603 1c008cc2 feb71ce3 bne              x14, x11, -8        x14:0000007a x11:00000064
20238077ns          335606 1c008cba 00070763 beq              x14, x0, 14         x14:0000007a
20238098ns          335607 1c008cbc 00f00533 add              x10, x0, x15        x10=1c0009db x15:1c0009db
20238118ns          335608 1c008cbe 0017c70b p.lbu            x14, 1(x15!)        x14=00000000 x15=1c0009dc x15:1c0009db  PA:1c0009db
20238442ns          335624 1c008cc2 feb71ce3 bne              x14, x11, -8        x14:00000000 x11:00000064
20238502ns          335627 1c008cba 00070763 beq              x14, x0, 14         x14:00000000
20238563ns          335630 1c008cc8 0015b593 sltiu            x11, x11, 1         x11=00000000 x11:00000064
20238583ns          335631 1c008ccc 40b005b3 sub              x11, x0, x11        x11=00000000 x11:00000000
20238604ns          335632 1c008cd0 00b57533 and              x10, x10, x11       x10=00000000 x10:1c0009db x11:00000000
20238624ns          335633 1c008cd2 00008067 jalr             x0, x1, 0            x1:1c008e82
20238664ns          335635 1c008e82 00000793 addi             x15, x0, 0          x15=00000000
20238685ns          335636 1c008e84 00050f63 beq              x10, x0, 30         x10:00000000
20239150ns          335659 1c008ea2 06700693 addi             x13, x0, 103        x13=00000067
20239170ns          335660 1c008ea6 0bb6ee63 bltu             x13, x27, 188       x13:00000067 x27:00000064
20239191ns          335661 1c008eaa 06500693 addi             x13, x0, 101        x13=00000065
20239575ns          335680 1c008eae 3addf2e3 bgeu             x27, x13, 2980      x27:00000064 x13:00000065
20239616ns          335682 1c008eb2 04700693 addi             x13, x0, 71         x13=00000047
20239636ns          335683 1c008eb6 39b6ed63 bltu             x13, x27, 922       x13:00000047 x27:00000064
20240445ns          335723 1c009250 06300693 addi             x13, x0, 99         x13=00000063
20240486ns          335725 1c009254 70dd8c63 beq              x27, x13, 1816      x27:00000064 x13:00000063
20240506ns          335726 1c009258 d3b6e5e3 bltu             x13, x27, -726      x13:00000063 x27:00000064
20241457ns          335773 1c008f82 06c00693 addi             x13, x0, 108        x13=0000006c
20241478ns          335774 1c008f86 00d78a63 beq              x15, x13, 20        x15:00000000 x13:0000006c
20241498ns          335775 1c008f8a 07a00693 addi             x13, x0, 122        x13=0000007a
20241903ns          335795 1c008f8e 00d78663 beq              x15, x13, 12        x15:00000000 x13:0000007a
20241943ns          335797 1c008f92 04c00693 addi             x13, x0, 76         x13=0000004c
20241963ns          335798 1c008f96 5ed78de3 beq              x15, x13, 3578      x15:00000000 x13:0000004c
20241984ns          335799 1c008f9a 000a2783 lw               x15, 0(x20)         x15=00000000 x20:10001fdc  PA:10001fdc
20242004ns          335800 1c008f9e 004a0a13 addi             x20, x20, 4         x20=10001fe0 x20:10001fdc
20242388ns          335819 1c008fa0 41f7d713 srai             x14, x15, 0x41f     x14=00000000 x15:00000000
20242429ns          335821 1c008fa4 01412e23 sw               x20, 28(x2)         x20:10001fe0  x2:10001f38  PA:10001f54
20242449ns          335822 1c008fa6 00e12223 sw               x14, 4(x2)          x14:00000000  x2:10001f38  PA:10001f3c
20242469ns          335823 1c008fa8 4e0741e3 blt              x14, x0, 3298       x14:00000000
20242490ns          335824 1c008fac 00c12703 lw               x14, 12(x2)         x14=00000000  x2:10001f38  PA:10001f44
20242854ns          335842 1c008fae 440709e3 beq              x14, x0, 3154       x14:00000000
20243320ns          335865 1c009c00 01012703 lw               x14, 16(x2)         x14=00000000  x2:10001f38  PA:10001f48
20243360ns          335867 1c009c02 22070063 beq              x14, x0, 544        x14:00000000
20243805ns          335889 1c009e22 00412c83 lw               x25, 4(x2)          x25=00000000  x2:10001f38  PA:10001f3c
20243846ns          335891 1c009e24 02410a13 addi             x20, x2, 36         x20=10001f5c  x2:10001f38
20243866ns          335892 1c009e28 998ff06f jal              x0, -3688          
20244271ns          335912 1c008fc0 00f00433 add              x8, x0, x15          x8=00000000 x15:00000000
20244291ns          335913 1c008fc2 01400db3 add              x27, x0, x20        x27=10001f5c x20:10001f5c
20244311ns          335914 1c008fc4 0040006f jal              x0, 4              
20244352ns          335916 1c008fc8 00a00613 addi             x12, x0, 10         x12=0000000a
20244372ns          335917 1c008fca 00000693 addi             x13, x0, 0          x13=00000000
20244392ns          335918 1c008fcc 00800533 add              x10, x0, x8         x10=00000000  x8:00000000
20244412ns          335919 1c008fce 019005b3 add              x11, x0, x25        x11=00000000 x25:00000000
20244736ns          335935 1c008fd0 c2aff0ef jal              x1, -3030            x1=1c008fd4
20245182ns          335957 1c0083fa 00c008b3 add              x17, x0, x12        x17=0000000a x12:0000000a
20245222ns          335959 1c0083fc 00d00733 add              x14, x0, x13        x14=00000000 x13:00000000
20245242ns          335960 1c0083fe 00a007b3 add              x15, x0, x10        x15=00000000 x10:00000000
20245667ns          335981 1c008400 00b00833 add              x16, x0, x11        x16=00000000 x11:00000000
20245708ns          335983 1c008402 1c069863 bne              x13, x0, 464        x13:00000000
20245728ns          335984 1c008406 1c0016b7 lui              x13, 0x1c001000     x13=1c001000
20245748ns          335985 1c00840a 86868693 addi             x13, x13, -1944     x13=1c000868 x13:1c001000
20246153ns          336005 1c00840e 0ac5f863 bgeu             x11, x12, 176       x11:00000000 x12:0000000a
20246173ns          336006 1c008412 00010337 lui              x6, 0x10000          x6=00010000
20246194ns          336007 1c008414 08667e63 bgeu             x12, x6, 156        x12:0000000a  x6:00010000
20246214ns          336008 1c008418 0ff00313 addi             x6, x0, 255          x6=000000ff
20246234ns          336009 1c00841c 00c37363 bgeu             x6, x12, 6           x6:000000ff x12:0000000a
20246700ns          336032 1c008422 00e65333 srl              x6, x12, x14         x6=0000000a x12:0000000a x14:00000000
20246720ns          336033 1c008426 006686b3 add              x13, x13, x6        x13=1c000872 x13:1c000868  x6:0000000a
20246740ns          336034 1c008428 0006ce03 lbu              x28, 0(x13)         x28=00000004 x13:1c000872  PA:1c000872
20247226ns          336058 1c00842c 02000313 addi             x6, x0, 32           x6=00000020
20247246ns          336059 1c008430 00ee0e33 add              x28, x28, x14       x28=00000004 x28:00000004 x14:00000000
20247266ns          336060 1c008432 41c30333 sub              x6, x6, x28          x6=0000001c  x6:00000020 x28:00000004
20247287ns          336061 1c008436 00030c63 beq              x6, x0, 24           x6:0000001c
20247307ns          336062 1c00843a 006595b3 sll              x11, x11, x6        x11=00000000 x11:00000000  x6:0000001c
20247590ns          336076 1c00843e 01c55e33 srl              x28, x10, x28       x28=00000000 x10:00000000 x28:00000004
20247631ns          336078 1c008442 006618b3 sll              x17, x12, x6        x17=a0000000 x12:0000000a  x6:0000001c
20247651ns          336079 1c008446 00be6833 or               x16, x28, x11       x16=00000000 x28:00000000 x11:00000000
20247671ns          336080 1c00844a 006517b3 sll              x15, x10, x6        x15=00000000 x10:00000000  x6:0000001c
20248035ns          336098 1c00844e 0108d613 srli             x12, x17, 0x10      x12=0000a000 x17:a0000000
20248076ns          336100 1c008452 02c87733 remu             x14, x16, x12       x14=00000000 x16:00000000 x12:0000a000
20248460ns          336119 1c008456 02c85833 divu             x16, x16, x12       x16=00000000 x16:00000000 x12:0000a000
20248845ns          336138 1c00845a 01089513 slli             x10, x17, 0x10      x10=00000000 x17:a0000000
20248865ns          336139 1c00845e 01055513 srli             x10, x10, 0x10      x10=00000000 x10:00000000
20248886ns          336140 1c008460 01071713 slli             x14, x14, 0x10      x14=00000000 x14:00000000
20248906ns          336141 1c008462 0107d693 srli             x13, x15, 0x10      x13=00000000 x15:00000000
20248926ns          336142 1c008466 03050833 mul              x16, x10, x16       x16=00000000 x10:00000000 x16:00000000
20248946ns          336143 1c00846a 00e6e6b3 or               x13, x13, x14       x13=00000000 x13:00000000 x14:00000000
20248966ns          336144 1c00846c 0106f863 bgeu             x13, x16, 16        x13:00000000 x16:00000000
20249412ns          336166 1c00847c 410686b3 sub              x13, x13, x16       x13=00000000 x13:00000000 x16:00000000
20249857ns          336188 1c008480 02c6f733 remu             x14, x13, x12       x14=00000000 x13:00000000 x12:0000a000
20250262ns          336208 1c008484 02c6d6b3 divu             x13, x13, x12       x13=00000000 x13:00000000 x12:0000a000
20250646ns          336227 1c008488 01079793 slli             x15, x15, 0x10      x15=00000000 x15:00000000
20250667ns          336228 1c00848a 02d506b3 mul              x13, x10, x13       x13=00000000 x10:00000000 x13:00000000
20250687ns          336229 1c00848e 0107d793 srli             x15, x15, 0x10      x15=00000000 x15:00000000
20250707ns          336230 1c008490 01071513 slli             x10, x14, 0x10      x10=00000000 x14:00000000
20250727ns          336231 1c008494 00a7e7b3 or               x15, x15, x10       x15=00000000 x15:00000000 x10:00000000
20250748ns          336232 1c008496 00d7f863 bgeu             x15, x13, 16        x15:00000000 x13:00000000
20251193ns          336254 1c0084a6 40d787b3 sub              x15, x15, x13       x15=00000000 x15:00000000 x13:00000000
20251213ns          336255 1c0084a8 0067d533 srl              x10, x15, x6        x10=00000000 x15:00000000  x6:0000001c
20251233ns          336256 1c0084ac 00000593 addi             x11, x0, 0          x11=00000000
20251254ns          336257 1c0084ae 00008067 jalr             x0, x1, 0            x1:1c008fd4
20251658ns          336277 1c008fd4 00a00933 add              x18, x0, x10        x18=00000000 x10:00000000
20251679ns          336278 1c008fd6 019005b3 add              x11, x0, x25        x11=00000000 x25:00000000
20251699ns          336279 1c008fd8 00800533 add              x10, x0, x8         x10=00000000  x8:00000000
20251719ns          336280 1c008fda 00a00613 addi             x12, x0, 10         x12=0000000a
20251739ns          336281 1c008fdc 00000693 addi             x13, x0, 0          x13=00000000
20252063ns          336297 1c008fde 8beff0ef jal              x1, -3906            x1=1c008fe2
20252104ns          336299 1c00809c 00b007b3 add              x15, x0, x11        x15=00000000 x11:00000000
20252124ns          336300 1c00809e 00c00833 add              x16, x0, x12        x16=0000000a x12:0000000a
20252569ns          336322 1c0080a0 00d008b3 add              x17, x0, x13        x17=00000000 x13:00000000
20252589ns          336323 1c0080a2 00a00333 add              x6, x0, x10          x6=00000000 x10:00000000
20252610ns          336324 1c0080a4 20069663 bne              x13, x0, 524        x13:00000000
20252630ns          336325 1c0080a8 1c001737 lui              x14, 0x1c001000     x14=1c001000
20252650ns          336326 1c0080ac 86870713 addi             x14, x14, -1944     x14=1c000868 x14:1c001000
20253035ns          336345 1c0080b0 0ac5fe63 bgeu             x11, x12, 188       x11:00000000 x12:0000000a
20253075ns          336347 1c0080b4 000106b7 lui              x13, 0x10000        x13=00010000
20253095ns          336348 1c0080b6 0ad67463 bgeu             x12, x13, 168       x12:0000000a x13:00010000
20253116ns          336349 1c0080ba 0ff00693 addi             x13, x0, 255        x13=000000ff
20253520ns          336369 1c0080be 00c6b6b3 sltu             x13, x13, x12       x13=00000000 x13:000000ff x12:0000000a
20253541ns          336370 1c0080c2 00369693 slli             x13, x13, 0x3       x13=00000000 x13:00000000
20253561ns          336371 1c0080c4 00d658b3 srl              x17, x12, x13       x17=0000000a x12:0000000a x13:00000000
20253581ns          336372 1c0080c8 01170733 add              x14, x14, x17       x14=1c000872 x14:1c000868 x17:0000000a
20253601ns          336373 1c0080ca 00074703 lbu              x14, 0(x14)         x14=00000004 x14:1c000872  PA:1c000872
20254087ns          336397 1c0080ce 00e686b3 add              x13, x13, x14       x13=00000004 x13:00000000 x14:00000004
20254107ns          336398 1c0080d0 02000713 addi             x14, x0, 32         x14=00000020
20254128ns          336399 1c0080d4 40d70733 sub              x14, x14, x13       x14=0000001c x14:00000020 x13:00000004
20254148ns          336400 1c0080d6 00070b63 beq              x14, x0, 22         x14:0000001c
20254168ns          336401 1c0080d8 00e797b3 sll              x15, x15, x14       x15=00000000 x15:00000000 x14:0000001c
20254188ns          336402 1c0080dc 00d556b3 srl              x13, x10, x13       x13=00000000 x10:00000000 x13:00000004
20254452ns          336415 1c0080e0 00e61833 sll              x16, x12, x14       x16=a0000000 x12:0000000a x14:0000001c
20254492ns          336417 1c0080e4 00f6e5b3 or               x11, x13, x15       x11=00000000 x13:00000000 x15:00000000
20254512ns          336418 1c0080e8 00e51333 sll              x6, x10, x14         x6=00000000 x10:00000000 x14:0000001c
20254532ns          336419 1c0080ec 01085513 srli             x10, x16, 0x10      x10=0000a000 x16:a0000000
20254958ns          336440 1c0080f0 02a5f733 remu             x14, x11, x10       x14=00000000 x11:00000000 x10:0000a000
20255362ns          336460 1c0080f4 02a5d7b3 divu             x15, x11, x10       x15=00000000 x11:00000000 x10:0000a000
20255747ns          336479 1c0080f8 01081613 slli             x12, x16, 0x10      x12=00000000 x16:a0000000
20255767ns          336480 1c0080fc 01071713 slli             x14, x14, 0x10      x14=00000000 x14:00000000
20255787ns          336481 1c0080fe 01065613 srli             x12, x12, 0x10      x12=00000000 x12:00000000
20255808ns          336482 1c008100 01035693 srli             x13, x6, 0x10       x13=00000000  x6:00000000
20255828ns          336483 1c008104 00e6e6b3 or               x13, x13, x14       x13=00000000 x13:00000000 x14:00000000
20255848ns          336484 1c008106 02f605b3 mul              x11, x12, x15       x11=00000000 x12:00000000 x15:00000000
20255868ns          336485 1c00810a 00f00733 add              x14, x0, x15        x14=00000000 x15:00000000
20255889ns          336486 1c00810c 00b6fc63 bgeu             x13, x11, 24        x13:00000000 x11:00000000
20256718ns          336527 1c008124 40b686b3 sub              x13, x13, x11       x13=00000000 x13:00000000 x11:00000000
20256759ns          336529 1c008126 02a6f7b3 remu             x15, x13, x10       x15=00000000 x13:00000000 x10:0000a000
20257143ns          336548 1c00812a 02a6d6b3 divu             x13, x13, x10       x13=00000000 x13:00000000 x10:0000a000
20257528ns          336567 1c00812e 01031313 slli             x6, x6, 0x10         x6=00000000  x6:00000000
20257548ns          336568 1c008130 01079793 slli             x15, x15, 0x10      x15=00000000 x15:00000000
20257568ns          336569 1c008132 01035313 srli             x6, x6, 0x10         x6=00000000  x6:00000000
20257589ns          336570 1c008136 02d605b3 mul              x11, x12, x13       x11=00000000 x12:00000000 x13:00000000
20257609ns          336571 1c00813a 0067e333 or               x6, x15, x6          x6=00000000 x15:00000000  x6:00000000
20257629ns          336572 1c00813e 00d00533 add              x10, x0, x13        x10=00000000 x13:00000000
20257994ns          336590 1c008140 00b37b63 bgeu             x6, x11, 22          x6:00000000 x11:00000000
20258398ns          336610 1c008156 01071713 slli             x14, x14, 0x10      x14=00000000 x14:00000000
20258439ns          336612 1c008158 00a76733 or               x14, x14, x10       x14=00000000 x14:00000000 x10:00000000
20258459ns          336613 1c00815a 00000593 addi             x11, x0, 0          x11=00000000
20258479ns          336614 1c00815c 0b20006f jal              x0, 178            
20259350ns          336657 1c00820e 00e00533 add              x10, x0, x14        x10=00000000 x14:00000000
20259775ns          336678 1c008210 00008067 jalr             x0, x1, 0            x1:1c008fe2
20259896ns          336684 1c008fe2 03090913 addi             x18, x18, 48        x18=00000030 x18:00000000
20259916ns          336685 1c008fe6 012d8023 sb               x18, 0(x27)         x18:00000030 x27:10001f5c  PA:10001f5c
20259937ns          336686 1c008fea 00a5e7b3 or               x15, x11, x10       x15=00000000 x11:00000000 x10:00000000
20260301ns          336704 1c008fee 001d8913 addi             x18, x27, 1         x18=10001f5d x27:10001f5c
20260321ns          336705 1c008ff2 00a00433 add              x8, x0, x10          x8=00000000 x10:00000000
20260341ns          336706 1c008ff4 00b00cb3 add              x25, x0, x11        x25=00000000 x11:00000000
20260362ns          336707 1c008ff6 fc0798e3 bne              x15, x0, -48        x15:00000000
20260382ns          336708 1c008ff8 00090023 sb               x0, 0(x18)          x18:10001f5d  PA:10001f5d
20260402ns          336709 1c008ffc 01ba7d63 bgeu             x20, x27, 26        x20:10001f5c x27:10001f5c
20261252ns          336751 1c009016 00012783 lw               x15, 0(x2)          x15=10001f5c  x2:10001f38  PA:10001f38
20261293ns          336753 1c009018 00c12703 lw               x14, 12(x2)         x14=00000000  x2:10001f38  PA:10001f44
20261313ns          336754 1c00901a 40f90933 sub              x18, x18, x15       x18=00000001 x18:10001f5d x15:10001f5c
20261718ns          336774 1c00901e 3c071de3 bne              x14, x0, 3034       x14:00000000
20261738ns          336775 1c009022 01012783 lw               x15, 16(x2)         x15=00000000  x2:10001f38  PA:10001f48
20261778ns          336777 1c009024 3c079ae3 bne              x15, x0, 3028       x15:00000000
20261799ns          336778 1c009028 00412703 lw               x14, 4(x2)          x14=00000000  x2:10001f38  PA:10001f3c
20261859ns          336781 1c00902a 01f75713 srli             x14, x14, 0x1f      x14=00000000 x14:00000000
20261880ns          336782 1c00902c 00e12223 sw               x14, 4(x2)          x14:00000000  x2:10001f38  PA:10001f3c
20262183ns          336797 1c00902e 3404c463 blt              x9, x0, 840          x9:ffffffff
20262608ns          336818 1c009376 00000c93 addi             x25, x0, 0          x25=00000000
20262649ns          336820 1c009378 00012c23 sw               x0, 24(x2)           x2:10001f38  PA:10001f50
20262669ns          336821 1c00937a 00000a13 addi             x20, x0, 0          x20=00000000
20262689ns          336822 1c00937c 01412783 lw               x15, 20(x2)         x15=00000000  x2:10001f38  PA:10001f4c
20263114ns          336843 1c00937e 5e078163 beq              x15, x0, 1506       x15:00000000
20263499ns          336862 1c009960 412b0b33 sub              x22, x22, x18       x22=ffffffff x22:00000000 x18:00000001
20263539ns          336864 1c009964 02410413 addi             x8, x2, 36           x8=10001f5c  x2:10001f38
20263560ns          336865 1c009966 00000493 addi             x9, x0, 0            x9=00000000
20263580ns          336866 1c009968 ee6ff06f jal              x0, -2330          
20264450ns          336909 1c00904e 00812703 lw               x14, 8(x2)          x14=00000000  x2:10001f38  PA:10001f40
20264835ns          336928 1c009050 02071063 bne              x14, x0, 32         x14:00000000
20264875ns          336930 1c009052 01605f63 bge              x0, x22, 30         x22:ffffffff
20265341ns          336953 1c009070 00412783 lw               x15, 4(x2)          x15=00000000  x2:10001f38  PA:10001f3c
20265381ns          336955 1c009072 00f40db3 add              x27, x8, x15        x27=10001f5c  x8:10001f5c x15:00000000
20265401ns          336956 1c009076 00c0006f jal              x0, 12             
20265867ns          336979 1c009082 017005b3 add              x11, x0, x23        x11=00000002 x23:00000002
20265907ns          336981 1c009084 ffb41ae3 bne              x8, x27, -12         x8:10001f5c x27:10001f5c
20265928ns          336982 1c009088 00900db3 add              x27, x0, x9         x27=00000000  x9:00000000
20265948ns          336983 1c00908a 0080006f jal              x0, 8              
20266393ns          337005 1c009092 fffd8d93 addi             x27, x27, -1        x27=ffffffff x27:00000000
20266413ns          337006 1c009094 017005b3 add              x11, x0, x23        x11=00000002 x23:00000002
20266434ns          337007 1c009096 03000513 addi             x10, x0, 48         x10=00000030
20266454ns          337008 1c00909a fffdb9e3 p.bneimm         x27, -14            x27:ffffffff
20266474ns          337009 1c00909e 00412703 lw               x14, 4(x2)          x14=00000000  x2:10001f38  PA:10001f3c
20266859ns          337028 1c0090a0 40e90933 sub              x18, x18, x14       x18=00000001 x18:00000001 x14:00000000
20266899ns          337030 1c0090a4 01212423 sw               x18, 8(x2)          x18:00000001  x2:10001f38  PA:10001f40
20266940ns          337032 1c0090a6 e40a15e3 bne              x20, x0, -438       x20:00000000
20266960ns          337033 1c0090aa 01812783 lw               x15, 24(x2)         x15=00000000  x2:10001f38  PA:10001f50
20267000ns          337035 1c0090ac 16079763 bne              x15, x0, 366        x15:00000000
20267324ns          337051 1c0090b0 120c8863 beq              x25, x0, 304        x25:00000000
20267729ns          337071 1c0091e0 017005b3 add              x11, x0, x23        x11=00000002 x23:00000002
20267769ns          337073 1c0091e2 ff2049e3 blt              x0, x18, -14        x18:00000001
20268215ns          337095 1c0091d4 0014450b p.lbu            x10, 1(x8!)         x10=00000030  x8=10001f5d  x8:10001f5c  PA:10001f5c
20268255ns          337097 1c0091d8 fff90913 addi             x18, x18, -1        x18=00000000 x18:00000001
20268275ns          337098 1c0091da 000980e7 jalr             x1, x19, 0           x1=1c0091dc x19:1c008d20
20268356ns          337102 1c008d20 f14027f3 csrrs            x15, x0, 0xf14      x15=00000006
20268397ns          337104 1c008d24 1a10f6b7 lui              x13, 0x1a10f000     x13=1a10f000
20268417ns          337105 1c008d28 ca5797b3 p.extractu       x15, x15, 5, 5      x15=00000000 x15:00000006
20268437ns          337106 1c008d2c f1402773 csrrs            x14, x0, 0xf14      x14=00000006
20268883ns          337128 1c008d30 00779793 slli             x15, x15, 0x7       x15=00000000 x15:00000000
20268903ns          337129 1c008d32 00371713 slli             x14, x14, 0x3       x14=00000030 x14:00000006
20268923ns          337130 1c008d34 0ff57513 andi             x10, x10, 255       x10=00000030 x10:00000030
20268943ns          337131 1c008d38 ee873733 p.bclr           x14, x14, 23, 8     x14=00000030 x14:00000030
20268964ns          337132 1c008d3c 00d787b3 add              x15, x15, x13       x15=1a10f000 x15:00000000 x13:1a10f000
20269368ns          337152 1c008d3e 00a767a3 p.sw             x10, x0(x14)        x10:00000030 x14:00000030  PA:1a10f030
20269955ns          337181 1c008d42 00000513 addi             x10, x0, 0          x10=00000000
20269976ns          337182 1c008d44 00008067 jalr             x0, x1, 0            x1:1c0091dc
20270057ns          337186 1c0091dc d5f522e3 p.beqimm         x10, -700           x10:00000000
20270097ns          337188 1c0091e0 017005b3 add              x11, x0, x23        x11=00000002 x23:00000002
20270117ns          337189 1c0091e2 ff2049e3 blt              x0, x18, -14        x18:00000000
20270138ns          337190 1c0091e6 00412783 lw               x15, 4(x2)          x15=00000000  x2:10001f38  PA:10001f3c
20270158ns          337191 1c0091e8 01c12a03 lw               x20, 28(x2)         x20=10001fe0  x2:10001f38  PA:10001f54
20270178ns          337192 1c0091ea 00fa8733 add              x14, x21, x15       x14=0000001b x21:0000001b x15:00000000
20270198ns          337193 1c0091ee 00812783 lw               x15, 8(x2)          x15=00000001  x2:10001f38  PA:10001f40
20270279ns          337197 1c0091f0 00970733 add              x14, x14, x9        x14=0000001b x14:0000001b  x9:00000000
20270320ns          337199 1c0091f2 00e78ab3 add              x21, x15, x14       x21=0000001c x15:00000001 x14:0000001b
20270340ns          337200 1c0091f6 bf6059e3 bge              x0, x22, -1038      x22:ffffffff
20270886ns          337227 1c008de8 000d4503 lbu              x10, 0(x26)         x10=00000020 x26:1c0009a1  PA:1c0009a1
20271210ns          337243 1c008dec 001d0413 addi             x8, x26, 1           x8=1c0009a2 x26:1c0009a1
20271230ns          337244 1c008df0 0c050b63 beq              x10, x0, 214        x10:00000020
20271251ns          337245 1c008df2 02500793 addi             x15, x0, 37         x15=00000025
20271271ns          337246 1c008df6 fef513e3 bne              x10, x15, -26       x10:00000020 x15:00000025
20271433ns          337254 1c008ddc 017005b3 add              x11, x0, x23        x11=00000002 x23:00000002
20271453ns          337255 1c008dde 000980e7 jalr             x1, x19, 0           x1=1c008de0 x19:1c008d20
20271494ns          337257 1c008d20 f14027f3 csrrs            x15, x0, 0xf14      x15=00000006
20271514ns          337258 1c008d24 1a10f6b7 lui              x13, 0x1a10f000     x13=1a10f000
20271534ns          337259 1c008d28 ca5797b3 p.extractu       x15, x15, 5, 5      x15=00000000 x15:00000006
20271554ns          337260 1c008d2c f1402773 csrrs            x14, x0, 0xf14      x14=00000006
20271575ns          337261 1c008d30 00779793 slli             x15, x15, 0x7       x15=00000000 x15:00000000
20271595ns          337262 1c008d32 00371713 slli             x14, x14, 0x3       x14=00000030 x14:00000006
20271615ns          337263 1c008d34 0ff57513 andi             x10, x10, 255       x10=00000020 x10:00000020
20271635ns          337264 1c008d38 ee873733 p.bclr           x14, x14, 23, 8     x14=00000030 x14:00000030
20271656ns          337265 1c008d3c 00d787b3 add              x15, x15, x13       x15=1a10f000 x15:00000000 x13:1a10f000
20271676ns          337266 1c008d3e 00a767a3 p.sw             x10, x0(x14)        x10:00000020 x14:00000030  PA:1a10f030
20272323ns          337298 1c008d42 00000513 addi             x10, x0, 0          x10=00000000
20272344ns          337299 1c008d44 00008067 jalr             x0, x1, 0            x1:1c008de0
20272384ns          337301 1c008de0 15f52063 p.beqimm         x10, 320            x10:00000000
20272404ns          337302 1c008de4 001a8a93 addi             x21, x21, 1         x21=0000001d x21:0000001c
20272425ns          337303 1c008de6 00800d33 add              x26, x0, x8         x26=1c0009a2  x8:1c0009a2
20272445ns          337304 1c008de8 000d4503 lbu              x10, 0(x26)         x10=00000063 x26:1c0009a2  PA:1c0009a2
20272748ns          337319 1c008dec 001d0413 addi             x8, x26, 1           x8=1c0009a3 x26:1c0009a2
20272769ns          337320 1c008df0 0c050b63 beq              x10, x0, 214        x10:00000063
20272789ns          337321 1c008df2 02500793 addi             x15, x0, 37         x15=00000025
20272809ns          337322 1c008df6 fef513e3 bne              x10, x15, -26       x10:00000063 x15:00000025
20272870ns          337325 1c008ddc 017005b3 add              x11, x0, x23        x11=00000002 x23:00000002
20272890ns          337326 1c008dde 000980e7 jalr             x1, x19, 0           x1=1c008de0 x19:1c008d20
20272931ns          337328 1c008d20 f14027f3 csrrs            x15, x0, 0xf14      x15=00000006
20272951ns          337329 1c008d24 1a10f6b7 lui              x13, 0x1a10f000     x13=1a10f000
20272971ns          337330 1c008d28 ca5797b3 p.extractu       x15, x15, 5, 5      x15=00000000 x15:00000006
20272991ns          337331 1c008d2c f1402773 csrrs            x14, x0, 0xf14      x14=00000006
20273012ns          337332 1c008d30 00779793 slli             x15, x15, 0x7       x15=00000000 x15:00000000
20273032ns          337333 1c008d32 00371713 slli             x14, x14, 0x3       x14=00000030 x14:00000006
20273052ns          337334 1c008d34 0ff57513 andi             x10, x10, 255       x10=00000063 x10:00000063
20273072ns          337335 1c008d38 ee873733 p.bclr           x14, x14, 23, 8     x14=00000030 x14:00000030
20273093ns          337336 1c008d3c 00d787b3 add              x15, x15, x13       x15=1a10f000 x15:00000000 x13:1a10f000
20273113ns          337337 1c008d3e 00a767a3 p.sw             x10, x0(x14)        x10:00000063 x14:00000030  PA:1a10f030
20273457ns          337354 1c008d42 00000513 addi             x10, x0, 0          x10=00000000
20273477ns          337355 1c008d44 00008067 jalr             x0, x1, 0            x1:1c008de0
20273518ns          337357 1c008de0 15f52063 p.beqimm         x10, 320            x10:00000000
20273538ns          337358 1c008de4 001a8a93 addi             x21, x21, 1         x21=0000001e x21:0000001d
20273558ns          337359 1c008de6 00800d33 add              x26, x0, x8         x26=1c0009a3  x8:1c0009a3
20273578ns          337360 1c008de8 000d4503 lbu              x10, 0(x26)         x10=0000006f x26:1c0009a3  PA:1c0009a3
20273882ns          337375 1c008dec 001d0413 addi             x8, x26, 1           x8=1c0009a4 x26:1c0009a3
20273902ns          337376 1c008df0 0c050b63 beq              x10, x0, 214        x10:0000006f
20273922ns          337377 1c008df2 02500793 addi             x15, x0, 37         x15=00000025
20273943ns          337378 1c008df6 fef513e3 bne              x10, x15, -26       x10:0000006f x15:00000025
20274003ns          337381 1c008ddc 017005b3 add              x11, x0, x23        x11=00000002 x23:00000002
20274024ns          337382 1c008dde 000980e7 jalr             x1, x19, 0           x1=1c008de0 x19:1c008d20
20274064ns          337384 1c008d20 f14027f3 csrrs            x15, x0, 0xf14      x15=00000006
20274084ns          337385 1c008d24 1a10f6b7 lui              x13, 0x1a10f000     x13=1a10f000
20274105ns          337386 1c008d28 ca5797b3 p.extractu       x15, x15, 5, 5      x15=00000000 x15:00000006
20274125ns          337387 1c008d2c f1402773 csrrs            x14, x0, 0xf14      x14=00000006
20274145ns          337388 1c008d30 00779793 slli             x15, x15, 0x7       x15=00000000 x15:00000000
20274165ns          337389 1c008d32 00371713 slli             x14, x14, 0x3       x14=00000030 x14:00000006
20274186ns          337390 1c008d34 0ff57513 andi             x10, x10, 255       x10=0000006f x10:0000006f
20274206ns          337391 1c008d38 ee873733 p.bclr           x14, x14, 23, 8     x14=00000030 x14:00000030
20274226ns          337392 1c008d3c 00d787b3 add              x15, x15, x13       x15=1a10f000 x15:00000000 x13:1a10f000
20274246ns          337393 1c008d3e 00a767a3 p.sw             x10, x0(x14)        x10:0000006f x14:00000030  PA:1a10f030
20274590ns          337410 1c008d42 00000513 addi             x10, x0, 0          x10=00000000
20274611ns          337411 1c008d44 00008067 jalr             x0, x1, 0            x1:1c008de0
20274651ns          337413 1c008de0 15f52063 p.beqimm         x10, 320            x10:00000000
20274671ns          337414 1c008de4 001a8a93 addi             x21, x21, 1         x21=0000001f x21:0000001e
20274692ns          337415 1c008de6 00800d33 add              x26, x0, x8         x26=1c0009a4  x8:1c0009a4
20274712ns          337416 1c008de8 000d4503 lbu              x10, 0(x26)         x10=00000072 x26:1c0009a4  PA:1c0009a4
20275015ns          337431 1c008dec 001d0413 addi             x8, x26, 1           x8=1c0009a5 x26:1c0009a4
20275036ns          337432 1c008df0 0c050b63 beq              x10, x0, 214        x10:00000072
20275056ns          337433 1c008df2 02500793 addi             x15, x0, 37         x15=00000025
20275076ns          337434 1c008df6 fef513e3 bne              x10, x15, -26       x10:00000072 x15:00000025
20275137ns          337437 1c008ddc 017005b3 add              x11, x0, x23        x11=00000002 x23:00000002
20275157ns          337438 1c008dde 000980e7 jalr             x1, x19, 0           x1=1c008de0 x19:1c008d20
20275198ns          337440 1c008d20 f14027f3 csrrs            x15, x0, 0xf14      x15=00000006
20275218ns          337441 1c008d24 1a10f6b7 lui              x13, 0x1a10f000     x13=1a10f000
20275238ns          337442 1c008d28 ca5797b3 p.extractu       x15, x15, 5, 5      x15=00000000 x15:00000006
20275258ns          337443 1c008d2c f1402773 csrrs            x14, x0, 0xf14      x14=00000006
20275278ns          337444 1c008d30 00779793 slli             x15, x15, 0x7       x15=00000000 x15:00000000
20275299ns          337445 1c008d32 00371713 slli             x14, x14, 0x3       x14=00000030 x14:00000006
20275319ns          337446 1c008d34 0ff57513 andi             x10, x10, 255       x10=00000072 x10:00000072
20275339ns          337447 1c008d38 ee873733 p.bclr           x14, x14, 23, 8     x14=00000030 x14:00000030
20275359ns          337448 1c008d3c 00d787b3 add              x15, x15, x13       x15=1a10f000 x15:00000000 x13:1a10f000
20275380ns          337449 1c008d3e 00a767a3 p.sw             x10, x0(x14)        x10:00000072 x14:00000030  PA:1a10f030
20275724ns          337466 1c008d42 00000513 addi             x10, x0, 0          x10=00000000
20275744ns          337467 1c008d44 00008067 jalr             x0, x1, 0            x1:1c008de0
20275784ns          337469 1c008de0 15f52063 p.beqimm         x10, 320            x10:00000000
20275805ns          337470 1c008de4 001a8a93 addi             x21, x21, 1         x21=00000020 x21:0000001f
20275825ns          337471 1c008de6 00800d33 add              x26, x0, x8         x26=1c0009a5  x8:1c0009a5
20275845ns          337472 1c008de8 000d4503 lbu              x10, 0(x26)         x10=00000065 x26:1c0009a5  PA:1c0009a5
20276149ns          337487 1c008dec 001d0413 addi             x8, x26, 1           x8=1c0009a6 x26:1c0009a5
20276169ns          337488 1c008df0 0c050b63 beq              x10, x0, 214        x10:00000065
20276189ns          337489 1c008df2 02500793 addi             x15, x0, 37         x15=00000025
20276210ns          337490 1c008df6 fef513e3 bne              x10, x15, -26       x10:00000065 x15:00000025
20276270ns          337493 1c008ddc 017005b3 add              x11, x0, x23        x11=00000002 x23:00000002
20276290ns          337494 1c008dde 000980e7 jalr             x1, x19, 0           x1=1c008de0 x19:1c008d20
20276331ns          337496 1c008d20 f14027f3 csrrs            x15, x0, 0xf14      x15=00000006
20276351ns          337497 1c008d24 1a10f6b7 lui              x13, 0x1a10f000     x13=1a10f000
20276371ns          337498 1c008d28 ca5797b3 p.extractu       x15, x15, 5, 5      x15=00000000 x15:00000006
20276392ns          337499 1c008d2c f1402773 csrrs            x14, x0, 0xf14      x14=00000006
20276412ns          337500 1c008d30 00779793 slli             x15, x15, 0x7       x15=00000000 x15:00000000
20276432ns          337501 1c008d32 00371713 slli             x14, x14, 0x3       x14=00000030 x14:00000006
20276452ns          337502 1c008d34 0ff57513 andi             x10, x10, 255       x10=00000065 x10:00000065
20276473ns          337503 1c008d38 ee873733 p.bclr           x14, x14, 23, 8     x14=00000030 x14:00000030
20276493ns          337504 1c008d3c 00d787b3 add              x15, x15, x13       x15=1a10f000 x15:00000000 x13:1a10f000
20276513ns          337505 1c008d3e 00a767a3 p.sw             x10, x0(x14)        x10:00000065 x14:00000030  PA:1a10f030
20276857ns          337522 1c008d42 00000513 addi             x10, x0, 0          x10=00000000
20276877ns          337523 1c008d44 00008067 jalr             x0, x1, 0            x1:1c008de0
20276918ns          337525 1c008de0 15f52063 p.beqimm         x10, 320            x10:00000000
20276938ns          337526 1c008de4 001a8a93 addi             x21, x21, 1         x21=00000021 x21:00000020
20276958ns          337527 1c008de6 00800d33 add              x26, x0, x8         x26=1c0009a6  x8:1c0009a6
20276979ns          337528 1c008de8 000d4503 lbu              x10, 0(x26)         x10=00000020 x26:1c0009a6  PA:1c0009a6
20277282ns          337543 1c008dec 001d0413 addi             x8, x26, 1           x8=1c0009a7 x26:1c0009a6
20277302ns          337544 1c008df0 0c050b63 beq              x10, x0, 214        x10:00000020
20277323ns          337545 1c008df2 02500793 addi             x15, x0, 37         x15=00000025
20277343ns          337546 1c008df6 fef513e3 bne              x10, x15, -26       x10:00000020 x15:00000025
20277404ns          337549 1c008ddc 017005b3 add              x11, x0, x23        x11=00000002 x23:00000002
20277424ns          337550 1c008dde 000980e7 jalr             x1, x19, 0           x1=1c008de0 x19:1c008d20
20277464ns          337552 1c008d20 f14027f3 csrrs            x15, x0, 0xf14      x15=00000006
20277485ns          337553 1c008d24 1a10f6b7 lui              x13, 0x1a10f000     x13=1a10f000
20277505ns          337554 1c008d28 ca5797b3 p.extractu       x15, x15, 5, 5      x15=00000000 x15:00000006
20277525ns          337555 1c008d2c f1402773 csrrs            x14, x0, 0xf14      x14=00000006
20277545ns          337556 1c008d30 00779793 slli             x15, x15, 0x7       x15=00000000 x15:00000000
20277566ns          337557 1c008d32 00371713 slli             x14, x14, 0x3       x14=00000030 x14:00000006
20277586ns          337558 1c008d34 0ff57513 andi             x10, x10, 255       x10=00000020 x10:00000020
20277606ns          337559 1c008d38 ee873733 p.bclr           x14, x14, 23, 8     x14=00000030 x14:00000030
20277626ns          337560 1c008d3c 00d787b3 add              x15, x15, x13       x15=1a10f000 x15:00000000 x13:1a10f000
20277647ns          337561 1c008d3e 00a767a3 p.sw             x10, x0(x14)        x10:00000020 x14:00000030  PA:1a10f030
20277991ns          337578 1c008d42 00000513 addi             x10, x0, 0          x10=00000000
20278011ns          337579 1c008d44 00008067 jalr             x0, x1, 0            x1:1c008de0
20278051ns          337581 1c008de0 15f52063 p.beqimm         x10, 320            x10:00000000
20278072ns          337582 1c008de4 001a8a93 addi             x21, x21, 1         x21=00000022 x21:00000021
20278092ns          337583 1c008de6 00800d33 add              x26, x0, x8         x26=1c0009a7  x8:1c0009a7
20278112ns          337584 1c008de8 000d4503 lbu              x10, 0(x26)         x10=00000025 x26:1c0009a7  PA:1c0009a7
20278416ns          337599 1c008dec 001d0413 addi             x8, x26, 1           x8=1c0009a8 x26:1c0009a7
20278436ns          337600 1c008df0 0c050b63 beq              x10, x0, 214        x10:00000025
20278456ns          337601 1c008df2 02500793 addi             x15, x0, 37         x15=00000025
20278476ns          337602 1c008df6 fef513e3 bne              x10, x15, -26       x10:00000025 x15:00000025
20278497ns          337603 1c008dfa 00012a23 sw               x0, 20(x2)           x2:10001f38  PA:10001f4c
20278517ns          337604 1c008dfc 00012823 sw               x0, 16(x2)           x2:10001f38  PA:10001f48
20278537ns          337605 1c008dfe 00012623 sw               x0, 12(x2)           x2:10001f38  PA:10001f44
20278557ns          337606 1c008e00 00012423 sw               x0, 8(x2)            x2:10001f38  PA:10001f40
20278578ns          337607 1c008e02 00012223 sw               x0, 4(x2)            x2:10001f38  PA:10001f3c
20278598ns          337608 1c008e04 02300493 addi             x9, x0, 35           x9=00000023
20278618ns          337609 1c008e08 02d00b13 addi             x22, x0, 45         x22=0000002d
20278638ns          337610 1c008e0c 00044c83 lbu              x25, 0(x8)          x25=00000064  x8:1c0009a8  PA:1c0009a8
20279023ns          337629 1c008e10 00140913 addi             x18, x8, 1          x18=1c0009a9  x8:1c0009a8
20279043ns          337630 1c008e14 019005b3 add              x11, x0, x25        x11=00000064 x25:00000064
20279063ns          337631 1c008e16 9d0c0513 addi             x10, x24, -1584     x10=1c0009d0 x24:1c001000
20279084ns          337632 1c008e1a 01200d33 add              x26, x0, x18        x26=1c0009a9 x18:1c0009a9
20279104ns          337633 1c008e1c 01900db3 add              x27, x0, x25        x27=00000064 x25:00000064
20279124ns          337634 1c008e1e e89ff0ef jal              x1, -376             x1=1c008e20
20279306ns          337643 1c008ca6 00054783 lbu              x15, 0(x10)         x15=0000002d x10:1c0009d0  PA:1c0009d0
20279610ns          337658 1c008caa 0ff5f593 andi             x11, x11, 255       x11=00000064 x11:00000064
20279630ns          337659 1c008cae 00b78c63 beq              x15, x11, 24        x15:0000002d x11:00000064
20279650ns          337660 1c008cb2 00078b63 beq              x15, x0, 22         x15:0000002d
20279671ns          337661 1c008cb4 00150793 addi             x15, x10, 1         x15=1c0009d1 x10:1c0009d0
20279691ns          337662 1c008cb8 0040006f jal              x0, 4              
20279731ns          337664 1c008cbc 00f00533 add              x10, x0, x15        x10=1c0009d1 x15:1c0009d1
20279752ns          337665 1c008cbe 0017c70b p.lbu            x14, 1(x15!)        x14=0000002b x15=1c0009d2 x15:1c0009d1  PA:1c0009d1
20280075ns          337681 1c008cc2 feb71ce3 bne              x14, x11, -8        x14:0000002b x11:00000064
20280136ns          337684 1c008cba 00070763 beq              x14, x0, 14         x14:0000002b
20280156ns          337685 1c008cbc 00f00533 add              x10, x0, x15        x10=1c0009d2 x15:1c0009d2
20280177ns          337686 1c008cbe 0017c70b p.lbu            x14, 1(x15!)        x14=00000020 x15=1c0009d3 x15:1c0009d2  PA:1c0009d2
20280500ns          337702 1c008cc2 feb71ce3 bne              x14, x11, -8        x14:00000020 x11:00000064
20280561ns          337705 1c008cba 00070763 beq              x14, x0, 14         x14:00000020
20280581ns          337706 1c008cbc 00f00533 add              x10, x0, x15        x10=1c0009d3 x15:1c0009d3
20280602ns          337707 1c008cbe 0017c70b p.lbu            x14, 1(x15!)        x14=00000023 x15=1c0009d4 x15:1c0009d3  PA:1c0009d3
20280925ns          337723 1c008cc2 feb71ce3 bne              x14, x11, -8        x14:00000023 x11:00000064
20280986ns          337726 1c008cba 00070763 beq              x14, x0, 14         x14:00000023
20281006ns          337727 1c008cbc 00f00533 add              x10, x0, x15        x10=1c0009d4 x15:1c0009d4
20281027ns          337728 1c008cbe 0017c70b p.lbu            x14, 1(x15!)        x14=00000030 x15=1c0009d5 x15:1c0009d4  PA:1c0009d4
20281350ns          337744 1c008cc2 feb71ce3 bne              x14, x11, -8        x14:00000030 x11:00000064
20281411ns          337747 1c008cba 00070763 beq              x14, x0, 14         x14:00000030
20281431ns          337748 1c008cbc 00f00533 add              x10, x0, x15        x10=1c0009d5 x15:1c0009d5
20281452ns          337749 1c008cbe 0017c70b p.lbu            x14, 1(x15!)        x14=00000000 x15=1c0009d6 x15:1c0009d5  PA:1c0009d5
20281776ns          337765 1c008cc2 feb71ce3 bne              x14, x11, -8        x14:00000000 x11:00000064
20281836ns          337768 1c008cba 00070763 beq              x14, x0, 14         x14:00000000
20281897ns          337771 1c008cc8 0015b593 sltiu            x11, x11, 1         x11=00000000 x11:00000064
20281917ns          337772 1c008ccc 40b005b3 sub              x11, x0, x11        x11=00000000 x11:00000000
20281937ns          337773 1c008cd0 00b57533 and              x10, x10, x11       x10=00000000 x10:1c0009d5 x11:00000000
20281958ns          337774 1c008cd2 00008067 jalr             x0, x1, 0            x1:1c008e20
20281998ns          337776 1c008e20 02050b63 beq              x10, x0, 54         x10:00000000
20282140ns          337783 1c008e56 02a00693 addi             x13, x0, 42         x13=0000002a
20282160ns          337784 1c008e5a 2edc8263 beq              x25, x13, 740       x25:00000064 x13:0000002a
20282524ns          337802 1c008e5e fd0c8693 addi             x13, x25, -48       x13=00000034 x25:00000064
20282545ns          337803 1c008e62 00900593 addi             x11, x0, 9          x11=00000009
20282565ns          337804 1c008e64 00000b13 addi             x22, x0, 0          x22=00000000
20282585ns          337805 1c008e66 0cd5fd63 bgeu             x11, x13, 218       x11:00000009 x13:00000034
20282605ns          337806 1c008e6a 02e00793 addi             x15, x0, 46         x15=0000002e
20282666ns          337809 1c008e6e 28fd8663 beq              x27, x15, 652       x27:00000064 x15:0000002e
20282686ns          337810 1c008e72 01b00433 add              x8, x0, x27          x8=00000064 x27:00000064
20282707ns          337811 1c008e74 fff00493 addi             x9, x0, -1           x9=ffffffff
20282727ns          337812 1c008e76 1c001737 lui              x14, 0x1c001000     x14=1c001000
20282747ns          337813 1c008e7a 01b005b3 add              x11, x0, x27        x11=00000064 x27:00000064
20282767ns          337814 1c008e7c 9d870513 addi             x10, x14, -1576     x10=1c0009d8 x14:1c001000
20282808ns          337816 1c008e80 e27ff0ef jal              x1, -474             x1=1c008e82
20282868ns          337819 1c008ca6 00054783 lbu              x15, 0(x10)         x15=00000068 x10:1c0009d8  PA:1c0009d8
20283172ns          337834 1c008caa 0ff5f593 andi             x11, x11, 255       x11=00000064 x11:00000064
20283192ns          337835 1c008cae 00b78c63 beq              x15, x11, 24        x15:00000068 x11:00000064
20283213ns          337836 1c008cb2 00078b63 beq              x15, x0, 22         x15:00000068
20283233ns          337837 1c008cb4 00150793 addi             x15, x10, 1         x15=1c0009d9 x10:1c0009d8
20283253ns          337838 1c008cb8 0040006f jal              x0, 4              
20283294ns          337840 1c008cbc 00f00533 add              x10, x0, x15        x10=1c0009d9 x15:1c0009d9
20283314ns          337841 1c008cbe 0017c70b p.lbu            x14, 1(x15!)        x14=0000006c x15=1c0009da x15:1c0009d9  PA:1c0009d9
20283638ns          337857 1c008cc2 feb71ce3 bne              x14, x11, -8        x14:0000006c x11:00000064
20283698ns          337860 1c008cba 00070763 beq              x14, x0, 14         x14:0000006c
20283719ns          337861 1c008cbc 00f00533 add              x10, x0, x15        x10=1c0009da x15:1c0009da
20283739ns          337862 1c008cbe 0017c70b p.lbu            x14, 1(x15!)        x14=0000007a x15=1c0009db x15:1c0009da  PA:1c0009da
20284063ns          337878 1c008cc2 feb71ce3 bne              x14, x11, -8        x14:0000007a x11:00000064
20284123ns          337881 1c008cba 00070763 beq              x14, x0, 14         x14:0000007a
20284144ns          337882 1c008cbc 00f00533 add              x10, x0, x15        x10=1c0009db x15:1c0009db
20284164ns          337883 1c008cbe 0017c70b p.lbu            x14, 1(x15!)        x14=00000000 x15=1c0009dc x15:1c0009db  PA:1c0009db
20284488ns          337899 1c008cc2 feb71ce3 bne              x14, x11, -8        x14:00000000 x11:00000064
20284548ns          337902 1c008cba 00070763 beq              x14, x0, 14         x14:00000000
20284609ns          337905 1c008cc8 0015b593 sltiu            x11, x11, 1         x11=00000000 x11:00000064
20284629ns          337906 1c008ccc 40b005b3 sub              x11, x0, x11        x11=00000000 x11:00000000
20284650ns          337907 1c008cd0 00b57533 and              x10, x10, x11       x10=00000000 x10:1c0009db x11:00000000
20284670ns          337908 1c008cd2 00008067 jalr             x0, x1, 0            x1:1c008e82
20284710ns          337910 1c008e82 00000793 addi             x15, x0, 0          x15=00000000
20284731ns          337911 1c008e84 00050f63 beq              x10, x0, 30         x10:00000000
20284872ns          337918 1c008ea2 06700693 addi             x13, x0, 103        x13=00000067
20284892ns          337919 1c008ea6 0bb6ee63 bltu             x13, x27, 188       x13:00000067 x27:00000064
20284913ns          337920 1c008eaa 06500693 addi             x13, x0, 101        x13=00000065
20284933ns          337921 1c008eae 3addf2e3 bgeu             x27, x13, 2980      x27:00000064 x13:00000065
20284953ns          337922 1c008eb2 04700693 addi             x13, x0, 71         x13=00000047
20284973ns          337923 1c008eb6 39b6ed63 bltu             x13, x27, 922       x13:00000047 x27:00000064
20285135ns          337931 1c009250 06300693 addi             x13, x0, 99         x13=00000063
20285176ns          337933 1c009254 70dd8c63 beq              x27, x13, 1816      x27:00000064 x13:00000063
20285196ns          337934 1c009258 d3b6e5e3 bltu             x13, x27, -726      x13:00000063 x27:00000064
20285398ns          337944 1c008f82 06c00693 addi             x13, x0, 108        x13=0000006c
20285419ns          337945 1c008f86 00d78a63 beq              x15, x13, 20        x15:00000000 x13:0000006c
20285439ns          337946 1c008f8a 07a00693 addi             x13, x0, 122        x13=0000007a
20285500ns          337949 1c008f8e 00d78663 beq              x15, x13, 12        x15:00000000 x13:0000007a
20285540ns          337951 1c008f92 04c00693 addi             x13, x0, 76         x13=0000004c
20285560ns          337952 1c008f96 5ed78de3 beq              x15, x13, 3578      x15:00000000 x13:0000004c
20285581ns          337953 1c008f9a 000a2783 lw               x15, 0(x20)         x15=00000006 x20:10001fe0  PA:10001fe0
20285601ns          337954 1c008f9e 004a0a13 addi             x20, x20, 4         x20=10001fe4 x20:10001fe0
20285641ns          337956 1c008fa0 41f7d713 srai             x14, x15, 0x41f     x14=00000000 x15:00000006
20285682ns          337958 1c008fa4 01412e23 sw               x20, 28(x2)         x20:10001fe4  x2:10001f38  PA:10001f54
20285702ns          337959 1c008fa6 00e12223 sw               x14, 4(x2)          x14:00000000  x2:10001f38  PA:10001f3c
20285722ns          337960 1c008fa8 4e0741e3 blt              x14, x0, 3298       x14:00000000
20285743ns          337961 1c008fac 00c12703 lw               x14, 12(x2)         x14=00000000  x2:10001f38  PA:10001f44
20285803ns          337964 1c008fae 440709e3 beq              x14, x0, 3154       x14:00000000
20285904ns          337969 1c009c00 01012703 lw               x14, 16(x2)         x14=00000000  x2:10001f38  PA:10001f48
20285945ns          337971 1c009c02 22070063 beq              x14, x0, 544        x14:00000000
20286046ns          337976 1c009e22 00412c83 lw               x25, 4(x2)          x25=00000000  x2:10001f38  PA:10001f3c
20286087ns          337978 1c009e24 02410a13 addi             x20, x2, 36         x20=10001f5c  x2:10001f38
20286107ns          337979 1c009e28 998ff06f jal              x0, -3688          
20286147ns          337981 1c008fc0 00f00433 add              x8, x0, x15          x8=00000006 x15:00000006
20286168ns          337982 1c008fc2 01400db3 add              x27, x0, x20        x27=10001f5c x20:10001f5c
20286188ns          337983 1c008fc4 0040006f jal              x0, 4              
20286228ns          337985 1c008fc8 00a00613 addi             x12, x0, 10         x12=0000000a
20286249ns          337986 1c008fca 00000693 addi             x13, x0, 0          x13=00000000
20286269ns          337987 1c008fcc 00800533 add              x10, x0, x8         x10=00000006  x8:00000006
20286289ns          337988 1c008fce 019005b3 add              x11, x0, x25        x11=00000000 x25:00000000
20286309ns          337989 1c008fd0 c2aff0ef jal              x1, -3030            x1=1c008fd4
20286390ns          337993 1c0083fa 00c008b3 add              x17, x0, x12        x17=0000000a x12:0000000a
20286431ns          337995 1c0083fc 00d00733 add              x14, x0, x13        x14=00000000 x13:00000000
20286451ns          337996 1c0083fe 00a007b3 add              x15, x0, x10        x15=00000006 x10:00000006
20286491ns          337998 1c008400 00b00833 add              x16, x0, x11        x16=00000000 x11:00000000
20286532ns          338000 1c008402 1c069863 bne              x13, x0, 464        x13:00000000
20286552ns          338001 1c008406 1c0016b7 lui              x13, 0x1c001000     x13=1c001000
20286572ns          338002 1c00840a 86868693 addi             x13, x13, -1944     x13=1c000868 x13:1c001000
20286633ns          338005 1c00840e 0ac5f863 bgeu             x11, x12, 176       x11:00000000 x12:0000000a
20286653ns          338006 1c008412 00010337 lui              x6, 0x10000          x6=00010000
20286674ns          338007 1c008414 08667e63 bgeu             x12, x6, 156        x12:0000000a  x6:00010000
20286694ns          338008 1c008418 0ff00313 addi             x6, x0, 255          x6=000000ff
20286714ns          338009 1c00841c 00c37363 bgeu             x6, x12, 6           x6:000000ff x12:0000000a
20286836ns          338015 1c008422 00e65333 srl              x6, x12, x14         x6=0000000a x12:0000000a x14:00000000
20286856ns          338016 1c008426 006686b3 add              x13, x13, x6        x13=1c000872 x13:1c000868  x6:0000000a
20286876ns          338017 1c008428 0006ce03 lbu              x28, 0(x13)         x28=00000004 x13:1c000872  PA:1c000872
20287180ns          338032 1c00842c 02000313 addi             x6, x0, 32           x6=00000020
20287200ns          338033 1c008430 00ee0e33 add              x28, x28, x14       x28=00000004 x28:00000004 x14:00000000
20287220ns          338034 1c008432 41c30333 sub              x6, x6, x28          x6=0000001c  x6:00000020 x28:00000004
20287240ns          338035 1c008436 00030c63 beq              x6, x0, 24           x6:0000001c
20287261ns          338036 1c00843a 006595b3 sll              x11, x11, x6        x11=00000000 x11:00000000  x6:0000001c
20287321ns          338039 1c00843e 01c55e33 srl              x28, x10, x28       x28=00000000 x10:00000006 x28:00000004
20287362ns          338041 1c008442 006618b3 sll              x17, x12, x6        x17=a0000000 x12:0000000a  x6:0000001c
20287382ns          338042 1c008446 00be6833 or               x16, x28, x11       x16=00000000 x28:00000000 x11:00000000
20287402ns          338043 1c00844a 006517b3 sll              x15, x10, x6        x15=60000000 x10:00000006  x6:0000001c
20287463ns          338046 1c00844e 0108d613 srli             x12, x17, 0x10      x12=0000a000 x17:a0000000
20287503ns          338048 1c008452 02c87733 remu             x14, x16, x12       x14=00000000 x16:00000000 x12:0000a000
20287888ns          338067 1c008456 02c85833 divu             x16, x16, x12       x16=00000000 x16:00000000 x12:0000a000
20288273ns          338086 1c00845a 01089513 slli             x10, x17, 0x10      x10=00000000 x17:a0000000
20288293ns          338087 1c00845e 01055513 srli             x10, x10, 0x10      x10=00000000 x10:00000000
20288313ns          338088 1c008460 01071713 slli             x14, x14, 0x10      x14=00000000 x14:00000000
20288333ns          338089 1c008462 0107d693 srli             x13, x15, 0x10      x13=00006000 x15:60000000
20288354ns          338090 1c008466 03050833 mul              x16, x10, x16       x16=00000000 x10:00000000 x16:00000000
20288374ns          338091 1c00846a 00e6e6b3 or               x13, x13, x14       x13=00006000 x13:00006000 x14:00000000
20288394ns          338092 1c00846c 0106f863 bgeu             x13, x16, 16        x13:00006000 x16:00000000
20288799ns          338112 1c00847c 410686b3 sub              x13, x13, x16       x13=00006000 x13:00006000 x16:00000000
20288819ns          338113 1c008480 02c6f733 remu             x14, x13, x12       x14=00006000 x13:00006000 x12:0000a000
20289204ns          338132 1c008484 02c6d6b3 divu             x13, x13, x12       x13=00000000 x13:00006000 x12:0000a000
20289588ns          338151 1c008488 01079793 slli             x15, x15, 0x10      x15=00000000 x15:60000000
20289608ns          338152 1c00848a 02d506b3 mul              x13, x10, x13       x13=00000000 x10:00000000 x13:00000000
20289629ns          338153 1c00848e 0107d793 srli             x15, x15, 0x10      x15=00000000 x15:00000000
20289649ns          338154 1c008490 01071513 slli             x10, x14, 0x10      x10=60000000 x14:00006000
20289669ns          338155 1c008494 00a7e7b3 or               x15, x15, x10       x15=60000000 x15:00000000 x10:60000000
20289689ns          338156 1c008496 00d7f863 bgeu             x15, x13, 16        x15:60000000 x13:00000000
20289791ns          338161 1c0084a6 40d787b3 sub              x15, x15, x13       x15=60000000 x15:60000000 x13:00000000
20289811ns          338162 1c0084a8 0067d533 srl              x10, x15, x6        x10=00000006 x15:60000000  x6:0000001c
20289831ns          338163 1c0084ac 00000593 addi             x11, x0, 0          x11=00000000
20289851ns          338164 1c0084ae 00008067 jalr             x0, x1, 0            x1:1c008fd4
20289932ns          338168 1c008fd4 00a00933 add              x18, x0, x10        x18=00000006 x10:00000006
20289952ns          338169 1c008fd6 019005b3 add              x11, x0, x25        x11=00000000 x25:00000000
20289973ns          338170 1c008fd8 00800533 add              x10, x0, x8         x10=00000006  x8:00000006
20289993ns          338171 1c008fda 00a00613 addi             x12, x0, 10         x12=0000000a
20290013ns          338172 1c008fdc 00000693 addi             x13, x0, 0          x13=00000000
20290033ns          338173 1c008fde 8beff0ef jal              x1, -3906            x1=1c008fe2
20290074ns          338175 1c00809c 00b007b3 add              x15, x0, x11        x15=00000000 x11:00000000
20290094ns          338176 1c00809e 00c00833 add              x16, x0, x12        x16=0000000a x12:0000000a
20290135ns          338178 1c0080a0 00d008b3 add              x17, x0, x13        x17=00000000 x13:00000000
20290155ns          338179 1c0080a2 00a00333 add              x6, x0, x10          x6=00000006 x10:00000006
20290175ns          338180 1c0080a4 20069663 bne              x13, x0, 524        x13:00000000
20290195ns          338181 1c0080a8 1c001737 lui              x14, 0x1c001000     x14=1c001000
20290216ns          338182 1c0080ac 86870713 addi             x14, x14, -1944     x14=1c000868 x14:1c001000
20290276ns          338185 1c0080b0 0ac5fe63 bgeu             x11, x12, 188       x11:00000000 x12:0000000a
20290317ns          338187 1c0080b4 000106b7 lui              x13, 0x10000        x13=00010000
20290337ns          338188 1c0080b6 0ad67463 bgeu             x12, x13, 168       x12:0000000a x13:00010000
20290357ns          338189 1c0080ba 0ff00693 addi             x13, x0, 255        x13=000000ff
20290378ns          338190 1c0080be 00c6b6b3 sltu             x13, x13, x12       x13=00000000 x13:000000ff x12:0000000a
20290398ns          338191 1c0080c2 00369693 slli             x13, x13, 0x3       x13=00000000 x13:00000000
20290418ns          338192 1c0080c4 00d658b3 srl              x17, x12, x13       x17=0000000a x12:0000000a x13:00000000
20290438ns          338193 1c0080c8 01170733 add              x14, x14, x17       x14=1c000872 x14:1c000868 x17:0000000a
20290458ns          338194 1c0080ca 00074703 lbu              x14, 0(x14)         x14=00000004 x14:1c000872  PA:1c000872
20290782ns          338210 1c0080ce 00e686b3 add              x13, x13, x14       x13=00000004 x13:00000000 x14:00000004
20290803ns          338211 1c0080d0 02000713 addi             x14, x0, 32         x14=00000020
20290823ns          338212 1c0080d4 40d70733 sub              x14, x14, x13       x14=0000001c x14:00000020 x13:00000004
20290843ns          338213 1c0080d6 00070b63 beq              x14, x0, 22         x14:0000001c
20290863ns          338214 1c0080d8 00e797b3 sll              x15, x15, x14       x15=00000000 x15:00000000 x14:0000001c
20290884ns          338215 1c0080dc 00d556b3 srl              x13, x10, x13       x13=00000000 x10:00000006 x13:00000004
20290924ns          338217 1c0080e0 00e61833 sll              x16, x12, x14       x16=a0000000 x12:0000000a x14:0000001c
20290964ns          338219 1c0080e4 00f6e5b3 or               x11, x13, x15       x11=00000000 x13:00000000 x15:00000000
20290985ns          338220 1c0080e8 00e51333 sll              x6, x10, x14         x6=60000000 x10:00000006 x14:0000001c
20291005ns          338221 1c0080ec 01085513 srli             x10, x16, 0x10      x10=0000a000 x16:a0000000
20291066ns          338224 1c0080f0 02a5f733 remu             x14, x11, x10       x14=00000000 x11:00000000 x10:0000a000
20291470ns          338244 1c0080f4 02a5d7b3 divu             x15, x11, x10       x15=00000000 x11:00000000 x10:0000a000
20291855ns          338263 1c0080f8 01081613 slli             x12, x16, 0x10      x12=00000000 x16:a0000000
20291875ns          338264 1c0080fc 01071713 slli             x14, x14, 0x10      x14=00000000 x14:00000000
20291896ns          338265 1c0080fe 01065613 srli             x12, x12, 0x10      x12=00000000 x12:00000000
20291916ns          338266 1c008100 01035693 srli             x13, x6, 0x10       x13=00006000  x6:60000000
20291936ns          338267 1c008104 00e6e6b3 or               x13, x13, x14       x13=00006000 x13:00006000 x14:00000000
20291956ns          338268 1c008106 02f605b3 mul              x11, x12, x15       x11=00000000 x12:00000000 x15:00000000
20291976ns          338269 1c00810a 00f00733 add              x14, x0, x15        x14=00000000 x15:00000000
20291997ns          338270 1c00810c 00b6fc63 bgeu             x13, x11, 24        x13:00006000 x11:00000000
20292098ns          338275 1c008124 40b686b3 sub              x13, x13, x11       x13=00006000 x13:00006000 x11:00000000
20292138ns          338277 1c008126 02a6f7b3 remu             x15, x13, x10       x15=00006000 x13:00006000 x10:0000a000
20292523ns          338296 1c00812a 02a6d6b3 divu             x13, x13, x10       x13=00000000 x13:00006000 x10:0000a000
20292908ns          338315 1c00812e 01031313 slli             x6, x6, 0x10         x6=00000000  x6:60000000
20292928ns          338316 1c008130 01079793 slli             x15, x15, 0x10      x15=60000000 x15:00006000
20292948ns          338317 1c008132 01035313 srli             x6, x6, 0x10         x6=00000000  x6:00000000
20292968ns          338318 1c008136 02d605b3 mul              x11, x12, x13       x11=00000000 x12:00000000 x13:00000000
20292988ns          338319 1c00813a 0067e333 or               x6, x15, x6          x6=60000000 x15:60000000  x6:00000000
20293009ns          338320 1c00813e 00d00533 add              x10, x0, x13        x10=00000000 x13:00000000
20293049ns          338322 1c008140 00b37b63 bgeu             x6, x11, 22          x6:60000000 x11:00000000
20293150ns          338327 1c008156 01071713 slli             x14, x14, 0x10      x14=00000000 x14:00000000
20293191ns          338329 1c008158 00a76733 or               x14, x14, x10       x14=00000000 x14:00000000 x10:00000000
20293211ns          338330 1c00815a 00000593 addi             x11, x0, 0          x11=00000000
20293231ns          338331 1c00815c 0b20006f jal              x0, 178            
20293353ns          338337 1c00820e 00e00533 add              x10, x0, x14        x10=00000000 x14:00000000
20293434ns          338341 1c008210 00008067 jalr             x0, x1, 0            x1:1c008fe2
20293494ns          338344 1c008fe2 03090913 addi             x18, x18, 48        x18=00000036 x18:00000006
20293515ns          338345 1c008fe6 012d8023 sb               x18, 0(x27)         x18:00000036 x27:10001f5c  PA:10001f5c
20293535ns          338346 1c008fea 00a5e7b3 or               x15, x11, x10       x15=00000000 x11:00000000 x10:00000000
20293596ns          338349 1c008fee 001d8913 addi             x18, x27, 1         x18=10001f5d x27:10001f5c
20293616ns          338350 1c008ff2 00a00433 add              x8, x0, x10          x8=00000000 x10:00000000
20293636ns          338351 1c008ff4 00b00cb3 add              x25, x0, x11        x25=00000000 x11:00000000
20293656ns          338352 1c008ff6 fc0798e3 bne              x15, x0, -48        x15:00000000
20293677ns          338353 1c008ff8 00090023 sb               x0, 0(x18)          x18:10001f5d  PA:10001f5d
20293697ns          338354 1c008ffc 01ba7d63 bgeu             x20, x27, 26        x20:10001f5c x27:10001f5c
20293818ns          338360 1c009016 00012783 lw               x15, 0(x2)          x15=10001f5c  x2:10001f38  PA:10001f38
20293859ns          338362 1c009018 00c12703 lw               x14, 12(x2)         x14=00000000  x2:10001f38  PA:10001f44
20293879ns          338363 1c00901a 40f90933 sub              x18, x18, x15       x18=00000001 x18:10001f5d x15:10001f5c
20293940ns          338366 1c00901e 3c071de3 bne              x14, x0, 3034       x14:00000000
20293960ns          338367 1c009022 01012783 lw               x15, 16(x2)         x15=00000000  x2:10001f38  PA:10001f48
20294000ns          338369 1c009024 3c079ae3 bne              x15, x0, 3028       x15:00000000
20294021ns          338370 1c009028 00412703 lw               x14, 4(x2)          x14=00000000  x2:10001f38  PA:10001f3c
20294061ns          338372 1c00902a 01f75713 srli             x14, x14, 0x1f      x14=00000000 x14:00000000
20294081ns          338373 1c00902c 00e12223 sw               x14, 4(x2)          x14:00000000  x2:10001f38  PA:10001f3c
20294142ns          338376 1c00902e 3404c463 blt              x9, x0, 840          x9:ffffffff
20294203ns          338379 1c009376 00000c93 addi             x25, x0, 0          x25=00000000
20294223ns          338380 1c009378 00012c23 sw               x0, 24(x2)           x2:10001f38  PA:10001f50
20294243ns          338381 1c00937a 00000a13 addi             x20, x0, 0          x20=00000000
20294264ns          338382 1c00937c 01412783 lw               x15, 20(x2)         x15=00000000  x2:10001f38  PA:10001f4c
20294304ns          338384 1c00937e 5e078163 beq              x15, x0, 1506       x15:00000000
20294405ns          338389 1c009960 412b0b33 sub              x22, x22, x18       x22=ffffffff x22:00000000 x18:00000001
20294446ns          338391 1c009964 02410413 addi             x8, x2, 36           x8=10001f5c  x2:10001f38
20294466ns          338392 1c009966 00000493 addi             x9, x0, 0            x9=00000000
20294486ns          338393 1c009968 ee6ff06f jal              x0, -2330          
20294567ns          338397 1c00904e 00812703 lw               x14, 8(x2)          x14=00000000  x2:10001f38  PA:10001f40
20294648ns          338401 1c009050 02071063 bne              x14, x0, 32         x14:00000000
20294689ns          338403 1c009052 01605f63 bge              x0, x22, 30         x22:ffffffff
20294790ns          338408 1c009070 00412783 lw               x15, 4(x2)          x15=00000000  x2:10001f38  PA:10001f3c
20294830ns          338410 1c009072 00f40db3 add              x27, x8, x15        x27=10001f5c  x8:10001f5c x15:00000000
20294851ns          338411 1c009076 00c0006f jal              x0, 12             
20294932ns          338415 1c009082 017005b3 add              x11, x0, x23        x11=00000002 x23:00000002
20294972ns          338417 1c009084 ffb41ae3 bne              x8, x27, -12         x8:10001f5c x27:10001f5c
20294992ns          338418 1c009088 00900db3 add              x27, x0, x9         x27=00000000  x9:00000000
20295012ns          338419 1c00908a 0080006f jal              x0, 8              
20295114ns          338424 1c009092 fffd8d93 addi             x27, x27, -1        x27=ffffffff x27:00000000
20295134ns          338425 1c009094 017005b3 add              x11, x0, x23        x11=00000002 x23:00000002
20295154ns          338426 1c009096 03000513 addi             x10, x0, 48         x10=00000030
20295174ns          338427 1c00909a fffdb9e3 p.bneimm         x27, -14            x27:ffffffff
20295195ns          338428 1c00909e 00412703 lw               x14, 4(x2)          x14=00000000  x2:10001f38  PA:10001f3c
20295620ns          338449 1c0090a0 40e90933 sub              x18, x18, x14       x18=00000001 x18:00000001 x14:00000000
20295660ns          338451 1c0090a4 01212423 sw               x18, 8(x2)          x18:00000001  x2:10001f38  PA:10001f40
20295680ns          338452 1c0090a6 e40a15e3 bne              x20, x0, -438       x20:00000000
20295701ns          338453 1c0090aa 01812783 lw               x15, 24(x2)         x15=00000000  x2:10001f38  PA:10001f50
20295741ns          338455 1c0090ac 16079763 bne              x15, x0, 366        x15:00000000
20295761ns          338456 1c0090b0 120c8863 beq              x25, x0, 304        x25:00000000
20295822ns          338459 1c0091e0 017005b3 add              x11, x0, x23        x11=00000002 x23:00000002
20295842ns          338460 1c0091e2 ff2049e3 blt              x0, x18, -14        x18:00000001
20295944ns          338465 1c0091d4 0014450b p.lbu            x10, 1(x8!)         x10=00000036  x8=10001f5d  x8:10001f5c  PA:10001f5c
20295984ns          338467 1c0091d8 fff90913 addi             x18, x18, -1        x18=00000000 x18:00000001
20296004ns          338468 1c0091da 000980e7 jalr             x1, x19, 0           x1=1c0091dc x19:1c008d20
20296085ns          338472 1c008d20 f14027f3 csrrs            x15, x0, 0xf14      x15=00000006
20296126ns          338474 1c008d24 1a10f6b7 lui              x13, 0x1a10f000     x13=1a10f000
20296146ns          338475 1c008d28 ca5797b3 p.extractu       x15, x15, 5, 5      x15=00000000 x15:00000006
20296166ns          338476 1c008d2c f1402773 csrrs            x14, x0, 0xf14      x14=00000006
20296227ns          338479 1c008d30 00779793 slli             x15, x15, 0x7       x15=00000000 x15:00000000
20296247ns          338480 1c008d32 00371713 slli             x14, x14, 0x3       x14=00000030 x14:00000006
20296267ns          338481 1c008d34 0ff57513 andi             x10, x10, 255       x10=00000036 x10:00000036
20296288ns          338482 1c008d38 ee873733 p.bclr           x14, x14, 23, 8     x14=00000030 x14:00000030
20296308ns          338483 1c008d3c 00d787b3 add              x15, x15, x13       x15=1a10f000 x15:00000000 x13:1a10f000
20296369ns          338486 1c008d3e 00a767a3 p.sw             x10, x0(x14)        x10:00000036 x14:00000030  PA:1a10f030
20297016ns          338518 1c008d42 00000513 addi             x10, x0, 0          x10=00000000
20297036ns          338519 1c008d44 00008067 jalr             x0, x1, 0            x1:1c0091dc
20297117ns          338523 1c0091dc d5f522e3 p.beqimm         x10, -700           x10:00000000
20297158ns          338525 1c0091e0 017005b3 add              x11, x0, x23        x11=00000002 x23:00000002
20297178ns          338526 1c0091e2 ff2049e3 blt              x0, x18, -14        x18:00000000
20297198ns          338527 1c0091e6 00412783 lw               x15, 4(x2)          x15=00000000  x2:10001f38  PA:10001f3c
20297219ns          338528 1c0091e8 01c12a03 lw               x20, 28(x2)         x20=10001fe4  x2:10001f38  PA:10001f54
20297239ns          338529 1c0091ea 00fa8733 add              x14, x21, x15       x14=00000022 x21:00000022 x15:00000000
20297259ns          338530 1c0091ee 00812783 lw               x15, 8(x2)          x15=00000001  x2:10001f38  PA:10001f40
20297279ns          338531 1c0091f0 00970733 add              x14, x14, x9        x14=00000022 x14:00000022  x9:00000000
20297320ns          338533 1c0091f2 00e78ab3 add              x21, x15, x14       x21=00000023 x15:00000001 x14:00000022
20297340ns          338534 1c0091f6 bf6059e3 bge              x0, x22, -1038      x22:ffffffff
20297502ns          338542 1c008de8 000d4503 lbu              x10, 0(x26)         x10=0000000a x26:1c0009a9  PA:1c0009a9
20297826ns          338558 1c008dec 001d0413 addi             x8, x26, 1           x8=1c0009aa x26:1c0009a9
20297846ns          338559 1c008df0 0c050b63 beq              x10, x0, 214        x10:0000000a
20297866ns          338560 1c008df2 02500793 addi             x15, x0, 37         x15=00000025
20297887ns          338561 1c008df6 fef513e3 bne              x10, x15, -26       x10:0000000a x15:00000025
20298048ns          338569 1c008ddc 017005b3 add              x11, x0, x23        x11=00000002 x23:00000002
20298069ns          338570 1c008dde 000980e7 jalr             x1, x19, 0           x1=1c008de0 x19:1c008d20
20298109ns          338572 1c008d20 f14027f3 csrrs            x15, x0, 0xf14      x15=00000006
20298129ns          338573 1c008d24 1a10f6b7 lui              x13, 0x1a10f000     x13=1a10f000
20298150ns          338574 1c008d28 ca5797b3 p.extractu       x15, x15, 5, 5      x15=00000000 x15:00000006
20298170ns          338575 1c008d2c f1402773 csrrs            x14, x0, 0xf14      x14=00000006
20298190ns          338576 1c008d30 00779793 slli             x15, x15, 0x7       x15=00000000 x15:00000000
20298210ns          338577 1c008d32 00371713 slli             x14, x14, 0x3       x14=00000030 x14:00000006
20298231ns          338578 1c008d34 0ff57513 andi             x10, x10, 255       x10=0000000a x10:0000000a
20298251ns          338579 1c008d38 ee873733 p.bclr           x14, x14, 23, 8     x14=00000030 x14:00000030
20298271ns          338580 1c008d3c 00d787b3 add              x15, x15, x13       x15=1a10f000 x15:00000000 x13:1a10f000
20298291ns          338581 1c008d3e 00a767a3 p.sw             x10, x0(x14)        x10:0000000a x14:00000030  PA:1a10f030
20298615ns          338597 1c008d42 00000513 addi             x10, x0, 0          x10=00000000
20298635ns          338598 1c008d44 00008067 jalr             x0, x1, 0            x1:1c008de0
20298676ns          338600 1c008de0 15f52063 p.beqimm         x10, 320            x10:00000000
20298696ns          338601 1c008de4 001a8a93 addi             x21, x21, 1         x21=00000024 x21:00000023
20298716ns          338602 1c008de6 00800d33 add              x26, x0, x8         x26=1c0009aa  x8:1c0009aa
20298737ns          338603 1c008de8 000d4503 lbu              x10, 0(x26)         x10=00000000 x26:1c0009aa  PA:1c0009aa
20299101ns          338621 1c008dec 001d0413 addi             x8, x26, 1           x8=1c0009ab x26:1c0009aa
20299121ns          338622 1c008df0 0c050b63 beq              x10, x0, 214        x10:00000000
20299182ns          338625 1c008ec6 01500433 add              x8, x0, x21          x8=00000024 x21:00000024
20299202ns          338626 1c008ec8 00800533 add              x10, x0, x8         x10=00000024  x8:00000024
20299222ns          338627 1c008eca 07c12083 lw               x1, 124(x2)          x1=1c008da4  x2:10001f38  PA:10001fb4
20299243ns          338628 1c008ecc 07812403 lw               x8, 120(x2)          x8=xxxxxxxx  x2:10001f38  PA:10001fb0
20299263ns          338629 1c008ece 07412483 lw               x9, 116(x2)          x9=00000006  x2:10001f38  PA:10001fac
20299283ns          338630 1c008ed0 07012903 lw               x18, 112(x2)        x18=00204000  x2:10001f38  PA:10001fa8
20299303ns          338631 1c008ed2 06c12983 lw               x19, 108(x2)        x19=00000006  x2:10001f38  PA:10001fa4
20299324ns          338632 1c008ed4 06812a03 lw               x20, 104(x2)        x20=1c01011e  x2:10001f38  PA:10001fa0
20299344ns          338633 1c008ed6 06412a83 lw               x21, 100(x2)        x21=1c010122  x2:10001f38  PA:10001f9c
20299364ns          338634 1c008ed8 06012b03 lw               x22, 96(x2)         x22=xxxxxxxx  x2:10001f38  PA:10001f98
20299384ns          338635 1c008eda 05c12b83 lw               x23, 92(x2)         x23=xxxxxxxx  x2:10001f38  PA:10001f94
20299405ns          338636 1c008edc 05812c03 lw               x24, 88(x2)         x24=xxxxxxxx  x2:10001f38  PA:10001f90
20299425ns          338637 1c008ede 05412c83 lw               x25, 84(x2)         x25=xxxxxxxx  x2:10001f38  PA:10001f8c
20299728ns          338652 1c008ee0 05012d03 lw               x26, 80(x2)         x26=xxxxxxxx  x2:10001f38  PA:10001f88
20299749ns          338653 1c008ee2 04c12d83 lw               x27, 76(x2)         x27=xxxxxxxx  x2:10001f38  PA:10001f84
20299769ns          338654 1c008ee4 08010113 addi             x2, x2, 128          x2=10001fb8  x2:10001f38
20299789ns          338655 1c008ee6 00008067 jalr             x0, x1, 0            x1:1c008da4
20299870ns          338659 1c008da4 01c12083 lw               x1, 28(x2)           x1=1c008780  x2:10001fb8  PA:10001fd4
20299890ns          338660 1c008da6 04010113 addi             x2, x2, 64           x2=10001ff8  x2:10001fb8
20299931ns          338662 1c008da8 00008067 jalr             x0, x1, 0            x1:1c008780
20300072ns          338669 1c008780 00900533 add              x10, x0, x9         x10=00000006  x9:00000006
20300093ns          338670 1c008782 3a6000ef jal              x1, 934              x1=1c008784
20300518ns          338691 1c008b28 002047b7 lui              x15, 0x204000       x15=00204000
20300558ns          338693 1c008b2c 02078793 addi             x15, x15, 32        x15=00204020 x15:00204000
20300923ns          338711 1c008b30 00f50533 add              x10, x10, x15       x10=00204026 x10:00000006 x15:00204020
20300943ns          338712 1c008b32 00751513 slli             x10, x10, 0x7       x10=10201300 x10:00204026
20300963ns          338713 1c008b34 00008067 jalr             x0, x1, 0            x1:1c008784
20301004ns          338715 1c008784 00a00433 add              x8, x0, x10          x8=10201300 x10:10201300
20301024ns          338716 1c008786 1c001bb7 lui              x23, 0x1c001000     x23=1c001000
20301044ns          338717 1c00878a 1c001b37 lui              x22, 0x1c001000     x22=1c001000
20301449ns          338737 1c00878e 1c048e63 beq              x9, x0, 476          x9:00000006
20301489ns          338739 1c008792 7b4b8993 addi             x19, x23, 1972      x19=1c0017b4 x23:1c001000
20301510ns          338740 1c008796 7d4b0913 addi             x18, x22, 2004      x18=1c0017d4 x22:1c001000
20301530ns          338741 1c00879a 002046b7 lui              x13, 0x204000       x13=00204000
20301955ns          338762 1c00879e 21c68793 addi             x15, x13, 540       x15=0020421c x13:00204000
20301975ns          338763 1c0087a2 0007a783 lw               x15, 0(x15)         x15=00010000 x15:0020421c  PA:0020421c
20345815ns          340929 1c0087a4 00249a13 slli             x20, x9, 0x2        x20=00000018  x9:00000006
20345835ns          340930 1c0087a8 2149f803 lw               x16, x20(x19)       x16=10002788 x20:00000018 x19:1c0017b4  PA:1c0017cc
20346260ns          340951 1c0087ac 0c068593 addi             x11, x13, 192       x11=002040c0 x13:00204000
20346280ns          340952 1c0087b0 0005a783 lw               x15, 0(x11)         x15=00000000 x11:002040c0  PA:002040c0
20363424ns          341799 1c0087b2 002027b7 lui              x15, 0x202000       x15=00202000
20363444ns          341800 1c0087b6 80078793 addi             x15, x15, -2048     x15=00201800 x15:00202000
20363464ns          341801 1c0087ba 0007a603 lw               x12, 0(x15)         x12=00000000 x15:00201800  PA:00201800
20363565ns          341806 1c0087be 00160737 lui              x14, 0x160000       x14=00160000
20363586ns          341807 1c0087c2 00100513 addi             x10, x0, 1          x10=00000001
20363606ns          341808 1c0087c4 04070713 addi             x14, x14, 64        x14=00160040 x14:00160000
20363626ns          341809 1c0087c8 c1674733 p.bset           x14, x14, 0, 22     x14=00560040 x14:00160040
20363646ns          341810 1c0087cc 00e7a023 sw               x14, 0(x15)         x14:00560040 x15:00201800  PA:00201800
20363727ns          341814 1c0087d0 0107a023 sw               x16, 0(x15)         x16:10002788 x15:00201800  PA:00201800
20363808ns          341818 1c0087d4 1c001837 lui              x16, 0x1c001000     x16=1c001000
20363828ns          341819 1c0087d8 27080813 addi             x16, x16, 624       x16=1c001270 x16:1c001000
20363849ns          341820 1c0087dc 0107a023 sw               x16, 0(x15)         x16:1c001270 x15:00201800  PA:00201800
20363930ns          341824 1c0087e0 0c06a023 sw               x0, 192(x13)        x13:00204000  PA:002040c0
20363950ns          341825 1c0087e4 0005a703 lw               x14, 0(x11)         x14=00000000 x11:002040c0  PA:002040c0
20364456ns          341850 1c0087e6 0047a703 lw               x14, 4(x15)         x14=00030003 x15:00201800  PA:00201804
20364557ns          341855 1c0087ea 40c75733 sra              x14, x14, x12       x14=00030003 x14:00030003 x12:00000000
20364577ns          341856 1c0087ee fc173733 p.bclr           x14, x14, 30, 1     x14=00000001 x14:00030003
20364598ns          341857 1c0087f2 00c51533 sll              x10, x10, x12       x10=00000001 x10:00000001 x12:00000000
20364618ns          341858 1c0087f6 02070363 beq              x14, x0, 38         x14:00000001
20364638ns          341859 1c0087f8 10000713 addi             x14, x0, 256        x14=00000100
20364658ns          341860 1c0087fc 03c68893 addi             x17, x13, 60        x17=0020403c x13:00204000
20364699ns          341862 1c008800 00f00633 add              x12, x0, x15        x12=00201800 x15:00201800
20364739ns          341864 1c008802 0c06a023 sw               x0, 192(x13)        x13:00204000  PA:002040c0
20364760ns          341865 1c008806 00e6a423 sw               x14, 8(x13)         x14:00000100 x13:00204000  PA:00204008
20364780ns          341866 1c00880a 0008a783 lw               x15, 0(x17)         x15=00000100 x17:0020403c  PA:0020403c
20364840ns          341869 1c00880e 00e6a223 sw               x14, 4(x13)         x14:00000100 x13:00204000  PA:00204004
20364861ns          341870 1c008812 0005a783 lw               x15, 0(x11)         x15=00000000 x11:002040c0  PA:002040c0
20365104ns          341882 1c008814 00462783 lw               x15, 4(x12)         x15=00030002 x12:00201800  PA:00201804
20365205ns          341887 1c008818 00a7f7b3 and              x15, x15, x10       x15=00000000 x15:00030002 x10:00000001
20365225ns          341888 1c00881a fe0794e3 bne              x15, x0, -24        x15:00000000
20365245ns          341889 1c00881c 002027b7 lui              x15, 0x202000       x15=00202000
20365266ns          341890 1c008820 80078793 addi             x15, x15, -2048     x15=00201800 x15:00202000
20365286ns          341891 1c008824 00a7a223 sw               x10, 4(x15)         x10:00000001 x15:00201800  PA:00201804
20365367ns          341895 1c008828 00204637 lui              x12, 0x204000       x12=00204000
20365387ns          341896 1c00882c 0c062023 sw               x0, 192(x12)        x12:00204000  PA:002040c0
20365407ns          341897 1c008830 21497883 lw               x17, x20(x18)       x17=100027d0 x20:00000018 x18:1c0017d4  PA:1c0017ec
20365711ns          341912 1c008834 0c060713 addi             x14, x12, 192       x14=002040c0 x12:00204000
20365731ns          341913 1c008838 00072683 lw               x13, 0(x14)         x13=00000000 x14:002040c0  PA:002040c0
20366318ns          341942 1c00883a 0007a583 lw               x11, 0(x15)         x11=00000001 x15:00201800  PA:00201800
20366399ns          341946 1c00883e 001606b7 lui              x13, 0x160000       x13=00160000
20366419ns          341947 1c008842 00100513 addi             x10, x0, 1          x10=00000001
20366439ns          341948 1c008844 04068693 addi             x13, x13, 64        x13=00160040 x13:00160000
20366460ns          341949 1c008848 c166c6b3 p.bset           x13, x13, 0, 22     x13=00560040 x13:00160040
20366480ns          341950 1c00884c 00d7a023 sw               x13, 0(x15)         x13:00560040 x15:00201800  PA:00201800
20366581ns          341955 1c008850 0117a023 sw               x17, 0(x15)         x17:100027d0 x15:00201800  PA:00201800
20366662ns          341959 1c008854 04080813 addi             x16, x16, 64        x16=1c0012b0 x16:1c001270
20366682ns          341960 1c008858 0107a023 sw               x16, 0(x15)         x16:1c0012b0 x15:00201800  PA:00201800
20366763ns          341964 1c00885c 0c062023 sw               x0, 192(x12)        x12:00204000  PA:002040c0
20366784ns          341965 1c008860 00072683 lw               x13, 0(x14)         x13=00000000 x14:002040c0  PA:002040c0
20367128ns          341982 1c008862 0047a683 lw               x13, 4(x15)         x13=00030002 x15:00201800  PA:00201804
20367229ns          341987 1c008866 40b6d6b3 sra              x13, x13, x11       x13=00018001 x13:00030002 x11:00000001
20367249ns          341988 1c00886a fc16b6b3 p.bclr           x13, x13, 30, 1     x13=00000001 x13:00018001
20367269ns          341989 1c00886e 14068e63 beq              x13, x0, 348        x13:00000001
20367290ns          341990 1c008872 002046b7 lui              x13, 0x204000       x13=00204000
20367310ns          341991 1c008876 00b51533 sll              x10, x10, x11       x10=00000002 x10:00000001 x11:00000001
20367330ns          341992 1c00887a 03c68813 addi             x16, x13, 60        x16=0020403c x13:00204000
20367370ns          341994 1c00887e 10000593 addi             x11, x0, 256        x11=00000100
20367391ns          341995 1c008882 00f00633 add              x12, x0, x15        x12=00201800 x15:00201800
20367411ns          341996 1c008884 0c06a023 sw               x0, 192(x13)        x13:00204000  PA:002040c0
20367431ns          341997 1c008888 00b6a423 sw               x11, 8(x13)         x11:00000100 x13:00204000  PA:00204008
20367451ns          341998 1c00888c 00082783 lw               x15, 0(x16)         x15=00000100 x16:0020403c  PA:0020403c
20367512ns          342001 1c008890 00b6a223 sw               x11, 4(x13)         x11:00000100 x13:00204000  PA:00204004
20367553ns          342003 1c008894 00072783 lw               x15, 0(x14)         x15=00000000 x14:002040c0  PA:002040c0
20367775ns          342014 1c008896 00462783 lw               x15, 4(x12)         x15=00020000 x12:00201800  PA:00201804
20367876ns          342019 1c00889a 00a7f7b3 and              x15, x15, x10       x15=00000000 x15:00020000 x10:00000002
20367897ns          342020 1c00889c fe0794e3 bne              x15, x0, -24        x15:00000000
20367917ns          342021 1c00889e 002027b7 lui              x15, 0x202000       x15=00202000
20367937ns          342022 1c0088a2 80078793 addi             x15, x15, -2048     x15=00201800 x15:00202000
20367957ns          342023 1c0088a6 00a7a223 sw               x10, 4(x15)         x10:00000002 x15:00201800  PA:00201804
20368038ns          342027 1c0088aa 002047b7 lui              x15, 0x204000       x15=00204000
20368059ns          342028 1c0088ae 0c07a023 sw               x0, 192(x15)        x15:00204000  PA:002040c0
20368079ns          342029 1c0088b2 02049463 bne              x9, x0, 40           x9:00000006
20368221ns          342036 1c0088da 002047b7 lui              x15, 0x204000       x15=00204000
20368281ns          342039 1c0088de 21c7a783 lw               x15, 540(x15)       x15=00010000 x15:00204000  PA:0020421c
20370042ns          342126 1c0088e2 00042a23 sw               x0, 20(x8)           x8:10201300  PA:10201314
20370224ns          342135 1c0088e6 2149f583 lw               x11, x20(x19)       x11=10002788 x20:00000018 x19:1c0017b4  PA:1c0017cc
20370528ns          342150 1c0088ea 00800533 add              x10, x0, x8         x10=10201300  x8:10201300
20370548ns          342151 1c0088ec 02000693 addi             x13, x0, 32         x13=00000020
20370568ns          342152 1c0088f0 04000613 addi             x12, x0, 64         x12=00000040
20370589ns          342153 1c0088f4 174000ef jal              x1, 372              x1=1c0088f6
20371014ns          342174 1c008a68 00450893 addi             x17, x10, 4         x17=10201304 x10:10201300
20371054ns          342176 1c008a6c 0008a783 lw               x15, 0(x17)         x15=00000000 x17:10201304  PA:10201304
20371459ns          342196 1c008a70 0207d163 bge              x15, x0, 34         x15:00000000
20371924ns          342219 1c008a92 04050793 addi             x15, x10, 64        x15=10201340 x10:10201300
20371945ns          342220 1c008a96 00b7a023 sw               x11, 0(x15)         x11:10002788 x15:10201340  PA:10201340
20372026ns          342224 1c008a9a 02d64633 div              x12, x12, x13       x12=00000002 x12:00000040 x13:00000020
20372633ns          342254 1c008a9e 00c7a223 sw               x12, 4(x15)         x12:00000002 x15:10201340  PA:10201344
20372754ns          342260 1c008aa2 00c7a423 sw               x12, 8(x15)         x12:00000002 x15:10201340  PA:10201348
20372916ns          342268 1c008aa6 00d7a623 sw               x13, 12(x15)        x13:00000020 x15:10201340  PA:1020134c
20373078ns          342276 1c008aaa 00052023 sw               x0, 0(x10)          x10:10201300  PA:10201300
20373200ns          342282 1c008aae 00008067 jalr             x0, x1, 0            x1:1c0088f6
20373220ns          342283 1c0088f6 21497583 lw               x11, x20(x18)       x11=100027d0 x20:00000018 x18:1c0017d4  PA:1c0017ec
20373544ns          342299 1c0088fa 02000693 addi             x13, x0, 32         x13=00000020
20373564ns          342300 1c0088fe 00800533 add              x10, x0, x8         x10=10201300  x8:10201300
20373584ns          342301 1c008900 04000613 addi             x12, x0, 64         x12=00000040
20373604ns          342302 1c008904 164000ef jal              x1, 356              x1=1c008906
20373645ns          342304 1c008a68 00450893 addi             x17, x10, 4         x17=10201304 x10:10201300
20373665ns          342305 1c008a6c 0008a783 lw               x15, 0(x17)         x15=00000001 x17:10201304  PA:10201304
20373766ns          342310 1c008a70 0207d163 bge              x15, x0, 34         x15:00000001
20374191ns          342331 1c008a92 04050793 addi             x15, x10, 64        x15=10201340 x10:10201300
20374212ns          342332 1c008a96 00b7a023 sw               x11, 0(x15)         x11:100027d0 x15:10201340  PA:10201340
20374293ns          342336 1c008a9a 02d64633 div              x12, x12, x13       x12=00000002 x12:00000040 x13:00000020
20374880ns          342365 1c008a9e 00c7a223 sw               x12, 4(x15)         x12:00000002 x15:10201340  PA:10201344
20374981ns          342370 1c008aa2 00c7a423 sw               x12, 8(x15)         x12:00000002 x15:10201340  PA:10201348
20375122ns          342377 1c008aa6 00d7a623 sw               x13, 12(x15)        x13:00000020 x15:10201340  PA:1020134c
20375284ns          342385 1c008aaa 00052023 sw               x0, 0(x10)          x10:10201300  PA:10201300
20375446ns          342393 1c008aae 00008067 jalr             x0, x1, 0            x1:1c008906
20375466ns          342394 1c008906 002047b7 lui              x15, 0x204000       x15=00204000
20375487ns          342395 1c00890a 00c40413 addi             x8, x8, 12           x8=1020130c  x8:10201300
20375507ns          342396 1c00890c 000016b7 lui              x13, 0x1000         x13=00001000
20375770ns          342409 1c00890e 03c78713 addi             x14, x15, 60        x14=0020403c x15:00204000
20375811ns          342411 1c008912 00d7a423 sw               x13, 8(x15)         x13:00001000 x15:00204000  PA:00204008
20375831ns          342412 1c008916 00072603 lw               x12, 0(x14)         x12=00001000 x14:0020403c  PA:0020403c
20375851ns          342413 1c008918 00d7a223 sw               x13, 4(x15)         x13:00001000 x15:00204000  PA:00204004
20375892ns          342415 1c00891c 00042603 lw               x12, 0(x8)          x12=00000000  x8:1020130c  PA:1020130c
20375993ns          342420 1c00891e fe061ae3 bne              x12, x0, -12        x12:00000000
20376256ns          342433 1c008920 21c78793 addi             x15, x15, 540       x15=0020421c x15:00204000
20376296ns          342435 1c008924 0007a783 lw               x15, 0(x15)         x15=00010000 x15:0020421c  PA:0020421c
20376499ns          342445 1c008926 00049c63 bne              x9, x0, 24           x9:00000006
20376782ns          342459 1c00893e 02812403 lw               x8, 40(x2)           x8=xxxxxxxx  x2:10001ff8  PA:10002020
20377187ns          342479 1c008940 21497703 lw               x14, x20(x18)       x14=100027d0 x20:00000018 x18:1c0017d4  PA:1c0017ec
20377511ns          342495 1c008944 02c12083 lw               x1, 44(x2)           x1=1c01011e  x2:10001ff8  PA:10002024
20377531ns          342496 1c008946 02012903 lw               x18, 32(x2)         x18=00204000  x2:10001ff8  PA:10002018
20377551ns          342497 1c008948 01c12983 lw               x19, 28(x2)         x19=00000006  x2:10001ff8  PA:10002014
20377571ns          342498 1c00894a 01812a03 lw               x20, 24(x2)         x20=1c01011e  x2:10001ff8  PA:10002010
20377592ns          342499 1c00894c 01412a83 lw               x21, 20(x2)         x21=1c010122  x2:10001ff8  PA:1000200c
20377612ns          342500 1c00894e 01012b03 lw               x22, 16(x2)         x22=xxxxxxxx  x2:10001ff8  PA:10002008
20377693ns          342504 1c008950 00c12b83 lw               x23, 12(x2)         x23=xxxxxxxx  x2:10001ff8  PA:10002004
20377713ns          342505 1c008952 00812c03 lw               x24, 8(x2)          x24=xxxxxxxx  x2:10001ff8  PA:10002000
20377733ns          342506 1c008954 1c0016b7 lui              x13, 0x1c001000     x13=1c001000
20377754ns          342507 1c008958 00900633 add              x12, x0, x9         x12=00000006  x9:00000006
20377774ns          342508 1c00895a 02412483 lw               x9, 36(x2)           x9=xxxxxxxx  x2:10001ff8  PA:1000201c
20377794ns          342509 1c00895c 53068693 addi             x13, x13, 1328      x13=1c001530 x13:1c001000
20377835ns          342511 1c008960 04000593 addi             x11, x0, 64         x11=00000040
20377875ns          342513 1c008964 00200513 addi             x10, x0, 2          x10=00000002
20377895ns          342514 1c008966 03010113 addi             x2, x2, 48           x2=10002028  x2:10001ff8
20377916ns          342515 1c008968 1480006f jal              x0, 328            
20378017ns          342520 1c008ab0 41f5d793 srai             x15, x11, 0x41f     x15=00000000 x11:00000040
20378037ns          342521 1c008ab4 fa27b7b3 p.bclr           x15, x15, 29, 2     x15=00000000 x15:00000000
20378057ns          342522 1c008ab8 04b7a7db p.addN           x15, x15, x11, 0x2  x15=00000010 x15:00000000 x11:00000040
20378077ns          342523 1c008abc 00c005b3 add              x11, x0, x12        x11=00000006 x12:00000006
20378482ns          342543 1c008abe 04f05e63 bge              x0, x15, 92         x15:00000010
20378502ns          342544 1c008ac2 00279793 slli             x15, x15, 0x2       x15=00000040 x15:00000010
20378523ns          342545 1c008ac4 ffc78793 addi             x15, x15, -4        x15=0000003c x15:00000040
20378543ns          342546 1c008ac6 0027d793 srli             x15, x15, 0x2       x15=0000000f x15:0000003c
20378563ns          342547 1c008ac8 00001eb7 lui              x29, 0x1000         x29=00001000
20378583ns          342548 1c008aca 00d00333 add              x6, x0, x13          x6=1c001530 x13:1c001530
20378604ns          342549 1c008acc 00268e13 addi             x28, x13, 2         x28=1c001532 x13:1c001530
20378968ns          342567 1c008ad0 fffe8e93 addi             x29, x29, -1        x29=00000fff x29:00001000
20378988ns          342568 1c008ad2 00000693 addi             x13, x0, 0          x13=00000000
20379008ns          342569 1c008ad4 00178793 addi             x15, x15, 1         x15=00000010 x15:0000000f
20379029ns          342570 1c008ad6 0127c0fb lp.setup         0x1, x15, 0x12      x15:00000010
20379049ns          342571 1c008ada 0047288b p.lw             x17, 4(x14!)        x17=0e57005c x14=100027d4 x14:100027d0  PA:100027d0
20379454ns          342591 1c008ade 00035803 lhu              x16, 0(x6)          x16=0000005c  x6:1c001530  PA:1c001530
20379778ns          342607 1c008ae2 01d8f633 and              x12, x17, x29       x12=0000005c x17:0e57005c x29:00000fff
20379798ns          342608 1c008ae6 010ef833 and              x16, x29, x16       x16=0000005c x29:00000fff x16:0000005c
20379818ns          342609 1c008aea 10065633 p.exthz          x12, x12, x0        x12=0000005c x12:0000005c
20380223ns          342629 1c008aee 000e5f03 lhu              x30, 0(x28)         x30=00000e57 x28:1c001532  PA:1c001532
20380547ns          342645 1c008af2 00c80b63 beq              x16, x12, 22        x16:0000005c x12:0000005c
20380992ns          342667 1c008b08 0108d893 srli             x17, x17, 0x10      x17=00000e57 x17:0e57005c
20381032ns          342669 1c008b0c 01df7f33 and              x30, x30, x29       x30=00000e57 x30:00000e57 x29:00000fff
20381437ns          342689 1c008b10 01d8f8b3 and              x17, x17, x29       x17=00000e57 x17:00000e57 x29:00000fff
20381478ns          342691 1c008b14 ff1f11e3 bne              x30, x17, -30       x30:00000e57 x17:00000e57
20381498ns          342692 1c008b18 fe1ff06f jal              x0, -32            
20381538ns          342694 1c008af8 00430313 addi             x6, x6, 4            x6=1c001534  x6:1c001530
20381559ns          342695 1c008afa 004e0e13 addi             x28, x28, 4         x28=1c001536 x28:1c001532
20381599ns          342697 1c008ada 0047288b p.lw             x17, 4(x14!)        x17=0f470f14 x14=100027d8 x14:100027d4  PA:100027d4
20381619ns          342698 1c008ade 00035803 lhu              x16, 0(x6)          x16=00000f14  x6:1c001534  PA:1c001534
20381923ns          342713 1c008ae2 01d8f633 and              x12, x17, x29       x12=00000f14 x17:0f470f14 x29:00000fff
20381943ns          342714 1c008ae6 010ef833 and              x16, x29, x16       x16=00000f14 x29:00000fff x16:00000f14
20381964ns          342715 1c008aea 10065633 p.exthz          x12, x12, x0        x12=00000f14 x12:00000f14
20381984ns          342716 1c008aee 000e5f03 lhu              x30, 0(x28)         x30=00000f47 x28:1c001536  PA:1c001536
20382287ns          342731 1c008af2 00c80b63 beq              x16, x12, 22        x16:00000f14 x12:00000f14
20382348ns          342734 1c008b08 0108d893 srli             x17, x17, 0x10      x17=00000f47 x17:0f470f14
20382368ns          342735 1c008b0c 01df7f33 and              x30, x30, x29       x30=00000f47 x30:00000f47 x29:00000fff
20382389ns          342736 1c008b10 01d8f8b3 and              x17, x17, x29       x17=00000f47 x17:00000f47 x29:00000fff
20382409ns          342737 1c008b14 ff1f11e3 bne              x30, x17, -30       x30:00000f47 x17:00000f47
20382429ns          342738 1c008b18 fe1ff06f jal              x0, -32            
20382470ns          342740 1c008af8 00430313 addi             x6, x6, 4            x6=1c001538  x6:1c001534
20382490ns          342741 1c008afa 004e0e13 addi             x28, x28, 4         x28=1c00153a x28:1c001536
20382530ns          342743 1c008ada 0047288b p.lw             x17, 4(x14!)        x17=0e380166 x14=100027dc x14:100027d8  PA:100027d8
20382550ns          342744 1c008ade 00035803 lhu              x16, 0(x6)          x16=00000166  x6:1c001538  PA:1c001538
20382854ns          342759 1c008ae2 01d8f633 and              x12, x17, x29       x12=00000166 x17:0e380166 x29:00000fff
20382874ns          342760 1c008ae6 010ef833 and              x16, x29, x16       x16=00000166 x29:00000fff x16:00000166
20382895ns          342761 1c008aea 10065633 p.exthz          x12, x12, x0        x12=00000166 x12:00000166
20382915ns          342762 1c008aee 000e5f03 lhu              x30, 0(x28)         x30=00000e38 x28:1c00153a  PA:1c00153a
20383218ns          342777 1c008af2 00c80b63 beq              x16, x12, 22        x16:00000166 x12:00000166
20383279ns          342780 1c008b08 0108d893 srli             x17, x17, 0x10      x17=00000e38 x17:0e380166
20383299ns          342781 1c008b0c 01df7f33 and              x30, x30, x29       x30=00000e38 x30:00000e38 x29:00000fff
20383320ns          342782 1c008b10 01d8f8b3 and              x17, x17, x29       x17=00000e38 x17:00000e38 x29:00000fff
20383340ns          342783 1c008b14 ff1f11e3 bne              x30, x17, -30       x30:00000e38 x17:00000e38
20383360ns          342784 1c008b18 fe1ff06f jal              x0, -32            
20383401ns          342786 1c008af8 00430313 addi             x6, x6, 4            x6=1c00153c  x6:1c001538
20383421ns          342787 1c008afa 004e0e13 addi             x28, x28, 4         x28=1c00153e x28:1c00153a
20383461ns          342789 1c008ada 0047288b p.lw             x17, 4(x14!)        x17=01c202b6 x14=100027e0 x14:100027dc  PA:100027dc
20383482ns          342790 1c008ade 00035803 lhu              x16, 0(x6)          x16=000002b6  x6:1c00153c  PA:1c00153c
20383805ns          342806 1c008ae2 01d8f633 and              x12, x17, x29       x12=000002b6 x17:01c202b6 x29:00000fff
20383826ns          342807 1c008ae6 010ef833 and              x16, x29, x16       x16=000002b6 x29:00000fff x16:000002b6
20383846ns          342808 1c008aea 10065633 p.exthz          x12, x12, x0        x12=000002b6 x12:000002b6
20383866ns          342809 1c008aee 000e5f03 lhu              x30, 0(x28)         x30=000001c2 x28:1c00153e  PA:1c00153e
20384170ns          342824 1c008af2 00c80b63 beq              x16, x12, 22        x16:000002b6 x12:000002b6
20384230ns          342827 1c008b08 0108d893 srli             x17, x17, 0x10      x17=000001c2 x17:01c202b6
20384251ns          342828 1c008b0c 01df7f33 and              x30, x30, x29       x30=000001c2 x30:000001c2 x29:00000fff
20384271ns          342829 1c008b10 01d8f8b3 and              x17, x17, x29       x17=000001c2 x17:000001c2 x29:00000fff
20384291ns          342830 1c008b14 ff1f11e3 bne              x30, x17, -30       x30:000001c2 x17:000001c2
20384311ns          342831 1c008b18 fe1ff06f jal              x0, -32            
20384352ns          342833 1c008af8 00430313 addi             x6, x6, 4            x6=1c001540  x6:1c00153c
20384372ns          342834 1c008afa 004e0e13 addi             x28, x28, 4         x28=1c001542 x28:1c00153e
20384413ns          342836 1c008ada 0047288b p.lw             x17, 4(x14!)        x17=0eba0d5c x14=100027e4 x14:100027e0  PA:100027e0
20384433ns          342837 1c008ade 00035803 lhu              x16, 0(x6)          x16=00000d5c  x6:1c001540  PA:1c001540
20384736ns          342852 1c008ae2 01d8f633 and              x12, x17, x29       x12=00000d5c x17:0eba0d5c x29:00000fff
20384757ns          342853 1c008ae6 010ef833 and              x16, x29, x16       x16=00000d5c x29:00000fff x16:00000d5c
20384777ns          342854 1c008aea 10065633 p.exthz          x12, x12, x0        x12=00000d5c x12:00000d5c
20384797ns          342855 1c008aee 000e5f03 lhu              x30, 0(x28)         x30=00000eba x28:1c001542  PA:1c001542
20385101ns          342870 1c008af2 00c80b63 beq              x16, x12, 22        x16:00000d5c x12:00000d5c
20385161ns          342873 1c008b08 0108d893 srli             x17, x17, 0x10      x17=00000eba x17:0eba0d5c
20385182ns          342874 1c008b0c 01df7f33 and              x30, x30, x29       x30=00000eba x30:00000eba x29:00000fff
20385202ns          342875 1c008b10 01d8f8b3 and              x17, x17, x29       x17=00000eba x17:00000eba x29:00000fff
20385222ns          342876 1c008b14 ff1f11e3 bne              x30, x17, -30       x30:00000eba x17:00000eba
20385242ns          342877 1c008b18 fe1ff06f jal              x0, -32            
20385283ns          342879 1c008af8 00430313 addi             x6, x6, 4            x6=1c001544  x6:1c001540
20385303ns          342880 1c008afa 004e0e13 addi             x28, x28, 4         x28=1c001546 x28:1c001542
20385344ns          342882 1c008ada 0047288b p.lw             x17, 4(x14!)        x17=0e380eae x14=100027e8 x14:100027e4  PA:100027e4
20385364ns          342883 1c008ade 00035803 lhu              x16, 0(x6)          x16=00000eae  x6:1c001544  PA:1c001544
20385667ns          342898 1c008ae2 01d8f633 and              x12, x17, x29       x12=00000eae x17:0e380eae x29:00000fff
20385688ns          342899 1c008ae6 010ef833 and              x16, x29, x16       x16=00000eae x29:00000fff x16:00000eae
20385708ns          342900 1c008aea 10065633 p.exthz          x12, x12, x0        x12=00000eae x12:00000eae
20385728ns          342901 1c008aee 000e5f03 lhu              x30, 0(x28)         x30=00000e38 x28:1c001546  PA:1c001546
20386032ns          342916 1c008af2 00c80b63 beq              x16, x12, 22        x16:00000eae x12:00000eae
20386092ns          342919 1c008b08 0108d893 srli             x17, x17, 0x10      x17=00000e38 x17:0e380eae
20386113ns          342920 1c008b0c 01df7f33 and              x30, x30, x29       x30=00000e38 x30:00000e38 x29:00000fff
20386133ns          342921 1c008b10 01d8f8b3 and              x17, x17, x29       x17=00000e38 x17:00000e38 x29:00000fff
20386153ns          342922 1c008b14 ff1f11e3 bne              x30, x17, -30       x30:00000e38 x17:00000e38
20386173ns          342923 1c008b18 fe1ff06f jal              x0, -32            
20386214ns          342925 1c008af8 00430313 addi             x6, x6, 4            x6=1c001548  x6:1c001544
20386234ns          342926 1c008afa 004e0e13 addi             x28, x28, 4         x28=1c00154a x28:1c001546
20386275ns          342928 1c008ada 0047288b p.lw             x17, 4(x14!)        x17=0e8d0157 x14=100027ec x14:100027e8  PA:100027e8
20386295ns          342929 1c008ade 00035803 lhu              x16, 0(x6)          x16=00000157  x6:1c001548  PA:1c001548
20386598ns          342944 1c008ae2 01d8f633 and              x12, x17, x29       x12=00000157 x17:0e8d0157 x29:00000fff
20386619ns          342945 1c008ae6 010ef833 and              x16, x29, x16       x16=00000157 x29:00000fff x16:00000157
20386639ns          342946 1c008aea 10065633 p.exthz          x12, x12, x0        x12=00000157 x12:00000157
20386659ns          342947 1c008aee 000e5f03 lhu              x30, 0(x28)         x30=00000e8d x28:1c00154a  PA:1c00154a
20386963ns          342962 1c008af2 00c80b63 beq              x16, x12, 22        x16:00000157 x12:00000157
20387024ns          342965 1c008b08 0108d893 srli             x17, x17, 0x10      x17=00000e8d x17:0e8d0157
20387044ns          342966 1c008b0c 01df7f33 and              x30, x30, x29       x30=00000e8d x30:00000e8d x29:00000fff
20387064ns          342967 1c008b10 01d8f8b3 and              x17, x17, x29       x17=00000e8d x17:00000e8d x29:00000fff
20387084ns          342968 1c008b14 ff1f11e3 bne              x30, x17, -30       x30:00000e8d x17:00000e8d
20387104ns          342969 1c008b18 fe1ff06f jal              x0, -32            
20387145ns          342971 1c008af8 00430313 addi             x6, x6, 4            x6=1c00154c  x6:1c001548
20387165ns          342972 1c008afa 004e0e13 addi             x28, x28, 4         x28=1c00154e x28:1c00154a
20387206ns          342974 1c008ada 0047288b p.lw             x17, 4(x14!)        x17=0fb70fdf x14=100027f0 x14:100027ec  PA:100027ec
20387226ns          342975 1c008ade 00035803 lhu              x16, 0(x6)          x16=00000fdf  x6:1c00154c  PA:1c00154c
20387530ns          342990 1c008ae2 01d8f633 and              x12, x17, x29       x12=00000fdf x17:0fb70fdf x29:00000fff
20387550ns          342991 1c008ae6 010ef833 and              x16, x29, x16       x16=00000fdf x29:00000fff x16:00000fdf
20387570ns          342992 1c008aea 10065633 p.exthz          x12, x12, x0        x12=00000fdf x12:00000fdf
20387590ns          342993 1c008aee 000e5f03 lhu              x30, 0(x28)         x30=00000fb7 x28:1c00154e  PA:1c00154e
20387894ns          343008 1c008af2 00c80b63 beq              x16, x12, 22        x16:00000fdf x12:00000fdf
20387955ns          343011 1c008b08 0108d893 srli             x17, x17, 0x10      x17=00000fb7 x17:0fb70fdf
20387975ns          343012 1c008b0c 01df7f33 and              x30, x30, x29       x30=00000fb7 x30:00000fb7 x29:00000fff
20387995ns          343013 1c008b10 01d8f8b3 and              x17, x17, x29       x17=00000fb7 x17:00000fb7 x29:00000fff
20388015ns          343014 1c008b14 ff1f11e3 bne              x30, x17, -30       x30:00000fb7 x17:00000fb7
20388036ns          343015 1c008b18 fe1ff06f jal              x0, -32            
20388076ns          343017 1c008af8 00430313 addi             x6, x6, 4            x6=1c001550  x6:1c00154c
20388096ns          343018 1c008afa 004e0e13 addi             x28, x28, 4         x28=1c001552 x28:1c00154e
20388137ns          343020 1c008ada 0047288b p.lw             x17, 4(x14!)        x17=00890230 x14=100027f4 x14:100027f0  PA:100027f0
20388157ns          343021 1c008ade 00035803 lhu              x16, 0(x6)          x16=00000230  x6:1c001550  PA:1c001550
20388461ns          343036 1c008ae2 01d8f633 and              x12, x17, x29       x12=00000230 x17:00890230 x29:00000fff
20388481ns          343037 1c008ae6 010ef833 and              x16, x29, x16       x16=00000230 x29:00000fff x16:00000230
20388501ns          343038 1c008aea 10065633 p.exthz          x12, x12, x0        x12=00000230 x12:00000230
20388521ns          343039 1c008aee 000e5f03 lhu              x30, 0(x28)         x30=00000089 x28:1c001552  PA:1c001552
20388825ns          343054 1c008af2 00c80b63 beq              x16, x12, 22        x16:00000230 x12:00000230
20388886ns          343057 1c008b08 0108d893 srli             x17, x17, 0x10      x17=00000089 x17:00890230
20388906ns          343058 1c008b0c 01df7f33 and              x30, x30, x29       x30=00000089 x30:00000089 x29:00000fff
20388926ns          343059 1c008b10 01d8f8b3 and              x17, x17, x29       x17=00000089 x17:00000089 x29:00000fff
20388946ns          343060 1c008b14 ff1f11e3 bne              x30, x17, -30       x30:00000089 x17:00000089
20388967ns          343061 1c008b18 fe1ff06f jal              x0, -32            
20389007ns          343063 1c008af8 00430313 addi             x6, x6, 4            x6=1c001554  x6:1c001550
20389027ns          343064 1c008afa 004e0e13 addi             x28, x28, 4         x28=1c001556 x28:1c001552
20389068ns          343066 1c008ada 0047288b p.lw             x17, 4(x14!)        x17=0fb10442 x14=100027f8 x14:100027f4  PA:100027f4
20389088ns          343067 1c008ade 00035803 lhu              x16, 0(x6)          x16=00000442  x6:1c001554  PA:1c001554
20389392ns          343082 1c008ae2 01d8f633 and              x12, x17, x29       x12=00000442 x17:0fb10442 x29:00000fff
20389412ns          343083 1c008ae6 010ef833 and              x16, x29, x16       x16=00000442 x29:00000fff x16:00000442
20389432ns          343084 1c008aea 10065633 p.exthz          x12, x12, x0        x12=00000442 x12:00000442
20389452ns          343085 1c008aee 000e5f03 lhu              x30, 0(x28)         x30=00000fb1 x28:1c001556  PA:1c001556
20389756ns          343100 1c008af2 00c80b63 beq              x16, x12, 22        x16:00000442 x12:00000442
20389817ns          343103 1c008b08 0108d893 srli             x17, x17, 0x10      x17=00000fb1 x17:0fb10442
20389837ns          343104 1c008b0c 01df7f33 and              x30, x30, x29       x30=00000fb1 x30:00000fb1 x29:00000fff
20389857ns          343105 1c008b10 01d8f8b3 and              x17, x17, x29       x17=00000fb1 x17:00000fb1 x29:00000fff
20389877ns          343106 1c008b14 ff1f11e3 bne              x30, x17, -30       x30:00000fb1 x17:00000fb1
20389898ns          343107 1c008b18 fe1ff06f jal              x0, -32            
20389938ns          343109 1c008af8 00430313 addi             x6, x6, 4            x6=1c001558  x6:1c001554
20389958ns          343110 1c008afa 004e0e13 addi             x28, x28, 4         x28=1c00155a x28:1c001556
20389999ns          343112 1c008ada 0047288b p.lw             x17, 4(x14!)        x17=004300ad x14=100027fc x14:100027f8  PA:100027f8
20390019ns          343113 1c008ade 00035803 lhu              x16, 0(x6)          x16=000000ad  x6:1c001558  PA:1c001558
20390323ns          343128 1c008ae2 01d8f633 and              x12, x17, x29       x12=000000ad x17:004300ad x29:00000fff
20390343ns          343129 1c008ae6 010ef833 and              x16, x29, x16       x16=000000ad x29:00000fff x16:000000ad
20390363ns          343130 1c008aea 10065633 p.exthz          x12, x12, x0        x12=000000ad x12:000000ad
20390383ns          343131 1c008aee 000e5f03 lhu              x30, 0(x28)         x30=00000043 x28:1c00155a  PA:1c00155a
20390687ns          343146 1c008af2 00c80b63 beq              x16, x12, 22        x16:000000ad x12:000000ad
20390748ns          343149 1c008b08 0108d893 srli             x17, x17, 0x10      x17=00000043 x17:004300ad
20390768ns          343150 1c008b0c 01df7f33 and              x30, x30, x29       x30=00000043 x30:00000043 x29:00000fff
20390788ns          343151 1c008b10 01d8f8b3 and              x17, x17, x29       x17=00000043 x17:00000043 x29:00000fff
20390808ns          343152 1c008b14 ff1f11e3 bne              x30, x17, -30       x30:00000043 x17:00000043
20390829ns          343153 1c008b18 fe1ff06f jal              x0, -32            
20390869ns          343155 1c008af8 00430313 addi             x6, x6, 4            x6=1c00155c  x6:1c001558
20390889ns          343156 1c008afa 004e0e13 addi             x28, x28, 4         x28=1c00155e x28:1c00155a
20390930ns          343158 1c008ada 0047288b p.lw             x17, 4(x14!)        x17=006d0e2f x14=10002800 x14:100027fc  PA:100027fc
20390950ns          343159 1c008ade 00035803 lhu              x16, 0(x6)          x16=00000e2f  x6:1c00155c  PA:1c00155c
20391254ns          343174 1c008ae2 01d8f633 and              x12, x17, x29       x12=00000e2f x17:006d0e2f x29:00000fff
20391274ns          343175 1c008ae6 010ef833 and              x16, x29, x16       x16=00000e2f x29:00000fff x16:00000e2f
20391294ns          343176 1c008aea 10065633 p.exthz          x12, x12, x0        x12=00000e2f x12:00000e2f
20391314ns          343177 1c008aee 000e5f03 lhu              x30, 0(x28)         x30=0000006d x28:1c00155e  PA:1c00155e
20391618ns          343192 1c008af2 00c80b63 beq              x16, x12, 22        x16:00000e2f x12:00000e2f
20391679ns          343195 1c008b08 0108d893 srli             x17, x17, 0x10      x17=0000006d x17:006d0e2f
20391699ns          343196 1c008b0c 01df7f33 and              x30, x30, x29       x30=0000006d x30:0000006d x29:00000fff
20391719ns          343197 1c008b10 01d8f8b3 and              x17, x17, x29       x17=0000006d x17:0000006d x29:00000fff
20391739ns          343198 1c008b14 ff1f11e3 bne              x30, x17, -30       x30:0000006d x17:0000006d
20391760ns          343199 1c008b18 fe1ff06f jal              x0, -32            
20391800ns          343201 1c008af8 00430313 addi             x6, x6, 4            x6=1c001560  x6:1c00155c
20391820ns          343202 1c008afa 004e0e13 addi             x28, x28, 4         x28=1c001562 x28:1c00155e
20391861ns          343204 1c008ada 0047288b p.lw             x17, 4(x14!)        x17=0d1a0fe2 x14=10002804 x14:10002800  PA:10002800
20391881ns          343205 1c008ade 00035803 lhu              x16, 0(x6)          x16=00000fe2  x6:1c001560  PA:1c001560
20392164ns          343219 1c008ae2 01d8f633 and              x12, x17, x29       x12=00000fe2 x17:0d1a0fe2 x29:00000fff
20392185ns          343220 1c008ae6 010ef833 and              x16, x29, x16       x16=00000fe2 x29:00000fff x16:00000fe2
20392205ns          343221 1c008aea 10065633 p.exthz          x12, x12, x0        x12=00000fe2 x12:00000fe2
20392225ns          343222 1c008aee 000e5f03 lhu              x30, 0(x28)         x30=00000d1a x28:1c001562  PA:1c001562
20392529ns          343237 1c008af2 00c80b63 beq              x16, x12, 22        x16:00000fe2 x12:00000fe2
20392590ns          343240 1c008b08 0108d893 srli             x17, x17, 0x10      x17=00000d1a x17:0d1a0fe2
20392610ns          343241 1c008b0c 01df7f33 and              x30, x30, x29       x30=00000d1a x30:00000d1a x29:00000fff
20392630ns          343242 1c008b10 01d8f8b3 and              x17, x17, x29       x17=00000d1a x17:00000d1a x29:00000fff
20392650ns          343243 1c008b14 ff1f11e3 bne              x30, x17, -30       x30:00000d1a x17:00000d1a
20392670ns          343244 1c008b18 fe1ff06f jal              x0, -32            
20392711ns          343246 1c008af8 00430313 addi             x6, x6, 4            x6=1c001564  x6:1c001560
20392731ns          343247 1c008afa 004e0e13 addi             x28, x28, 4         x28=1c001566 x28:1c001562
20392772ns          343249 1c008ada 0047288b p.lw             x17, 4(x14!)        x17=007803a6 x14=10002808 x14:10002804  PA:10002804
20392792ns          343250 1c008ade 00035803 lhu              x16, 0(x6)          x16=000003a6  x6:1c001564  PA:1c001564
20393116ns          343266 1c008ae2 01d8f633 and              x12, x17, x29       x12=000003a6 x17:007803a6 x29:00000fff
20393136ns          343267 1c008ae6 010ef833 and              x16, x29, x16       x16=000003a6 x29:00000fff x16:000003a6
20393156ns          343268 1c008aea 10065633 p.exthz          x12, x12, x0        x12=000003a6 x12:000003a6
20393176ns          343269 1c008aee 000e5f03 lhu              x30, 0(x28)         x30=00000078 x28:1c001566  PA:1c001566
20393480ns          343284 1c008af2 00c80b63 beq              x16, x12, 22        x16:000003a6 x12:000003a6
20393541ns          343287 1c008b08 0108d893 srli             x17, x17, 0x10      x17=00000078 x17:007803a6
20393561ns          343288 1c008b0c 01df7f33 and              x30, x30, x29       x30=00000078 x30:00000078 x29:00000fff
20393581ns          343289 1c008b10 01d8f8b3 and              x17, x17, x29       x17=00000078 x17:00000078 x29:00000fff
20393602ns          343290 1c008b14 ff1f11e3 bne              x30, x17, -30       x30:00000078 x17:00000078
20393622ns          343291 1c008b18 fe1ff06f jal              x0, -32            
20393662ns          343293 1c008af8 00430313 addi             x6, x6, 4            x6=1c001568  x6:1c001564
20393682ns          343294 1c008afa 004e0e13 addi             x28, x28, 4         x28=1c00156a x28:1c001566
20393723ns          343296 1c008ada 0047288b p.lw             x17, 4(x14!)        x17=0d840e7f x14=1000280c x14:10002808  PA:10002808
20393743ns          343297 1c008ade 00035803 lhu              x16, 0(x6)          x16=00000e7f  x6:1c001568  PA:1c001568
20394108ns          343315 1c008ae2 01d8f633 and              x12, x17, x29       x12=00000e7f x17:0d840e7f x29:00000fff
20394128ns          343316 1c008ae6 010ef833 and              x16, x29, x16       x16=00000e7f x29:00000fff x16:00000e7f
20394148ns          343317 1c008aea 10065633 p.exthz          x12, x12, x0        x12=00000e7f x12:00000e7f
20394168ns          343318 1c008aee 000e5f03 lhu              x30, 0(x28)         x30=00000d84 x28:1c00156a  PA:1c00156a
20394512ns          343335 1c008af2 00c80b63 beq              x16, x12, 22        x16:00000e7f x12:00000e7f
20394573ns          343338 1c008b08 0108d893 srli             x17, x17, 0x10      x17=00000d84 x17:0d840e7f
20394593ns          343339 1c008b0c 01df7f33 and              x30, x30, x29       x30=00000d84 x30:00000d84 x29:00000fff
20394614ns          343340 1c008b10 01d8f8b3 and              x17, x17, x29       x17=00000d84 x17:00000d84 x29:00000fff
20394634ns          343341 1c008b14 ff1f11e3 bne              x30, x17, -30       x30:00000d84 x17:00000d84
20394654ns          343342 1c008b18 fe1ff06f jal              x0, -32            
20394694ns          343344 1c008af8 00430313 addi             x6, x6, 4            x6=1c00156c  x6:1c001568
20394715ns          343345 1c008afa 004e0e13 addi             x28, x28, 4         x28=1c00156e x28:1c00156a
20394755ns          343347 1c008ada 0047288b p.lw             x17, 4(x14!)        x17=0008001d x14=10002810 x14:1000280c  PA:1000280c
20394775ns          343348 1c008ade 00035803 lhu              x16, 0(x6)          x16=0000001d  x6:1c00156c  PA:1c00156c
20395079ns          343363 1c008ae2 01d8f633 and              x12, x17, x29       x12=0000001d x17:0008001d x29:00000fff
20395099ns          343364 1c008ae6 010ef833 and              x16, x29, x16       x16=0000001d x29:00000fff x16:0000001d
20395120ns          343365 1c008aea 10065633 p.exthz          x12, x12, x0        x12=0000001d x12:0000001d
20395140ns          343366 1c008aee 000e5f03 lhu              x30, 0(x28)         x30=00000008 x28:1c00156e  PA:1c00156e
20395443ns          343381 1c008af2 00c80b63 beq              x16, x12, 22        x16:0000001d x12:0000001d
20395504ns          343384 1c008b08 0108d893 srli             x17, x17, 0x10      x17=00000008 x17:0008001d
20395524ns          343385 1c008b0c 01df7f33 and              x30, x30, x29       x30=00000008 x30:00000008 x29:00000fff
20395545ns          343386 1c008b10 01d8f8b3 and              x17, x17, x29       x17=00000008 x17:00000008 x29:00000fff
20395565ns          343387 1c008b14 ff1f11e3 bne              x30, x17, -30       x30:00000008 x17:00000008
20395585ns          343388 1c008b18 fe1ff06f jal              x0, -32            
20395626ns          343390 1c008af8 00430313 addi             x6, x6, 4            x6=1c001570  x6:1c00156c
20395646ns          343391 1c008afa 004e0e13 addi             x28, x28, 4         x28=1c001572 x28:1c00156e
20395666ns          343392 1c008afc 00a00633 add              x12, x0, x10        x12=00000002 x10:00000002
20395686ns          343393 1c008afe 1c001537 lui              x10, 0x1c001000     x10=1c001000
20395706ns          343394 1c008b02 9ac50513 addi             x10, x10, -1620     x10=1c0009ac x10:1c001000
20395727ns          343395 1c008b06 2760006f jal              x0, 630            
20395808ns          343399 1c008d7c fc010113 addi             x2, x2, -64          x2=10001fe8  x2:10002028
20395889ns          343403 1c008d7e 02410313 addi             x6, x2, 36           x6=1000200c  x2:10001fe8
20395909ns          343404 1c008d82 02c12423 sw               x12, 40(x2)         x12:00000002  x2:10001fe8  PA:10002010
20395929ns          343405 1c008d84 00a00633 add              x12, x0, x10        x12=1c0009ac x10:1c0009ac
20395949ns          343406 1c008d86 1c009537 lui              x10, 0x1c009000     x10=1c009000
20395970ns          343407 1c008d8a 02b12223 sw               x11, 36(x2)         x11:00000006  x2:10001fe8  PA:1000200c
20395990ns          343408 1c008d8c 02d12623 sw               x13, 44(x2)         x13:00000000  x2:10001fe8  PA:10002014
20396010ns          343409 1c008d8e 00200593 addi             x11, x0, 2          x11=00000002
20396030ns          343410 1c008d90 006006b3 add              x13, x0, x6         x13=1000200c  x6:1000200c
20396071ns          343412 1c008d92 d2050513 addi             x10, x10, -736      x10=1c008d20 x10:1c009000
20396091ns          343413 1c008d96 00112e23 sw               x1, 28(x2)           x1:1c01011e  x2:10001fe8  PA:10002004
20396111ns          343414 1c008d98 02e12823 sw               x14, 48(x2)         x14:10002810  x2:10001fe8  PA:10002018
20396132ns          343415 1c008d9a 02f12a23 sw               x15, 52(x2)         x15:00000010  x2:10001fe8  PA:1000201c
20396152ns          343416 1c008d9c 03012c23 sw               x16, 56(x2)         x16:0000001d  x2:10001fe8  PA:10002020
20396172ns          343417 1c008d9e 03112e23 sw               x17, 60(x2)         x17:00000008  x2:10001fe8  PA:10002024
20396192ns          343418 1c008da0 00612623 sw               x6, 12(x2)           x6:1000200c  x2:10001fe8  PA:10001ff4
20396212ns          343419 1c008da2 fa5ff0ef jal              x1, -92              x1=1c008da4
20396293ns          343423 1c008d46 0640006f jal              x0, 100            
20396334ns          343425 1c008daa f8010113 addi             x2, x2, -128         x2=10001f68  x2:10001fe8
20396354ns          343426 1c008dac 06812c23 sw               x8, 120(x2)          x8:xxxxxxxx  x2:10001f68  PA:10001fe0
20396374ns          343427 1c008dae 02410713 addi             x14, x2, 36         x14=10001f8c  x2:10001f68
20396415ns          343429 1c008db0 00000413 addi             x8, x0, 0            x8=00000000
20396435ns          343430 1c008db2 07312623 sw               x19, 108(x2)        x19:00000006  x2:10001f68  PA:10001fd4
20396455ns          343431 1c008db4 07412423 sw               x20, 104(x2)        x20:1c01011e  x2:10001f68  PA:10001fd0
20396476ns          343432 1c008db6 07512223 sw               x21, 100(x2)        x21:1c010122  x2:10001f68  PA:10001fcc
20396496ns          343433 1c008db8 05712e23 sw               x23, 92(x2)         x23:xxxxxxxx  x2:10001f68  PA:10001fc4
20396516ns          343434 1c008dba 05812c23 sw               x24, 88(x2)         x24:xxxxxxxx  x2:10001f68  PA:10001fc0
20396536ns          343435 1c008dbc 05a12823 sw               x26, 80(x2)         x26:xxxxxxxx  x2:10001f68  PA:10001fb8
20396557ns          343436 1c008dbe 06112e23 sw               x1, 124(x2)          x1:1c008da4  x2:10001f68  PA:10001fe4
20396577ns          343437 1c008dc0 06912a23 sw               x9, 116(x2)          x9:xxxxxxxx  x2:10001f68  PA:10001fdc
20396597ns          343438 1c008dc2 07212823 sw               x18, 112(x2)        x18:00204000  x2:10001f68  PA:10001fd8
20396617ns          343439 1c008dc4 07612023 sw               x22, 96(x2)         x22:xxxxxxxx  x2:10001f68  PA:10001fc8
20396638ns          343440 1c008dc6 05912a23 sw               x25, 84(x2)         x25:xxxxxxxx  x2:10001f68  PA:10001fbc
20396658ns          343441 1c008dc8 05b12623 sw               x27, 76(x2)         x27:xxxxxxxx  x2:10001f68  PA:10001fb4
20396678ns          343442 1c008dca 00a009b3 add              x19, x0, x10        x19=1c008d20 x10:1c008d20
20396698ns          343443 1c008dcc 00b00bb3 add              x23, x0, x11        x23=00000002 x11:00000002
20396718ns          343444 1c008dce 00c00d33 add              x26, x0, x12        x26=1c0009ac x12:1c0009ac
20396739ns          343445 1c008dd0 00d00a33 add              x20, x0, x13        x20=1000200c x13:1000200c
20396759ns          343446 1c008dd2 1c001c37 lui              x24, 0x1c001000     x24=1c001000
20396779ns          343447 1c008dd6 00e12023 sw               x14, 0(x2)          x14:10001f8c  x2:10001f68  PA:10001f68
20396799ns          343448 1c008dd8 00800ab3 add              x21, x0, x8         x21=00000000  x8:00000000
20396820ns          343449 1c008dda 00e0006f jal              x0, 14             
20396860ns          343451 1c008de8 000d4503 lbu              x10, 0(x26)         x10=0000000a x26:1c0009ac  PA:1c0009ac
20397184ns          343467 1c008dec 001d0413 addi             x8, x26, 1           x8=1c0009ad x26:1c0009ac
20397204ns          343468 1c008df0 0c050b63 beq              x10, x0, 214        x10:0000000a
20397224ns          343469 1c008df2 02500793 addi             x15, x0, 37         x15=00000025
20397245ns          343470 1c008df6 fef513e3 bne              x10, x15, -26       x10:0000000a x15:00000025
20397366ns          343476 1c008ddc 017005b3 add              x11, x0, x23        x11=00000002 x23:00000002
20397386ns          343477 1c008dde 000980e7 jalr             x1, x19, 0           x1=1c008de0 x19:1c008d20
20397467ns          343481 1c008d20 f14027f3 csrrs            x15, x0, 0xf14      x15=00000006
20397508ns          343483 1c008d24 1a10f6b7 lui              x13, 0x1a10f000     x13=1a10f000
20397528ns          343484 1c008d28 ca5797b3 p.extractu       x15, x15, 5, 5      x15=00000000 x15:00000006
20397548ns          343485 1c008d2c f1402773 csrrs            x14, x0, 0xf14      x14=00000006
20397569ns          343486 1c008d30 00779793 slli             x15, x15, 0x7       x15=00000000 x15:00000000
20397589ns          343487 1c008d32 00371713 slli             x14, x14, 0x3       x14=00000030 x14:00000006
20397609ns          343488 1c008d34 0ff57513 andi             x10, x10, 255       x10=0000000a x10:0000000a
20397629ns          343489 1c008d38 ee873733 p.bclr           x14, x14, 23, 8     x14=00000030 x14:00000030
20397650ns          343490 1c008d3c 00d787b3 add              x15, x15, x13       x15=1a10f000 x15:00000000 x13:1a10f000
20397670ns          343491 1c008d3e 00a767a3 p.sw             x10, x0(x14)        x10:0000000a x14:00000030  PA:1a10f030
20397994ns          343507 1c008d42 00000513 addi             x10, x0, 0          x10=00000000
20398014ns          343508 1c008d44 00008067 jalr             x0, x1, 0            x1:1c008de0
20398054ns          343510 1c008de0 15f52063 p.beqimm         x10, 320            x10:00000000
20398075ns          343511 1c008de4 001a8a93 addi             x21, x21, 1         x21=00000001 x21:00000000
20398095ns          343512 1c008de6 00800d33 add              x26, x0, x8         x26=1c0009ad  x8:1c0009ad
20398115ns          343513 1c008de8 000d4503 lbu              x10, 0(x26)         x10=00000046 x26:1c0009ad  PA:1c0009ad
20398419ns          343528 1c008dec 001d0413 addi             x8, x26, 1           x8=1c0009ae x26:1c0009ad
20398439ns          343529 1c008df0 0c050b63 beq              x10, x0, 214        x10:00000046
20398459ns          343530 1c008df2 02500793 addi             x15, x0, 37         x15=00000025
20398479ns          343531 1c008df6 fef513e3 bne              x10, x15, -26       x10:00000046 x15:00000025
20398540ns          343534 1c008ddc 017005b3 add              x11, x0, x23        x11=00000002 x23:00000002
20398560ns          343535 1c008dde 000980e7 jalr             x1, x19, 0           x1=1c008de0 x19:1c008d20
20398601ns          343537 1c008d20 f14027f3 csrrs            x15, x0, 0xf14      x15=00000006
20398621ns          343538 1c008d24 1a10f6b7 lui              x13, 0x1a10f000     x13=1a10f000
20398641ns          343539 1c008d28 ca5797b3 p.extractu       x15, x15, 5, 5      x15=00000000 x15:00000006
20398662ns          343540 1c008d2c f1402773 csrrs            x14, x0, 0xf14      x14=00000006
20398682ns          343541 1c008d30 00779793 slli             x15, x15, 0x7       x15=00000000 x15:00000000
20398702ns          343542 1c008d32 00371713 slli             x14, x14, 0x3       x14=00000030 x14:00000006
20398722ns          343543 1c008d34 0ff57513 andi             x10, x10, 255       x10=00000046 x10:00000046
20398742ns          343544 1c008d38 ee873733 p.bclr           x14, x14, 23, 8     x14=00000030 x14:00000030
20398763ns          343545 1c008d3c 00d787b3 add              x15, x15, x13       x15=1a10f000 x15:00000000 x13:1a10f000
20398783ns          343546 1c008d3e 00a767a3 p.sw             x10, x0(x14)        x10:00000046 x14:00000030  PA:1a10f030
20399107ns          343562 1c008d42 00000513 addi             x10, x0, 0          x10=00000000
20399127ns          343563 1c008d44 00008067 jalr             x0, x1, 0            x1:1c008de0
20399168ns          343565 1c008de0 15f52063 p.beqimm         x10, 320            x10:00000000
20399188ns          343566 1c008de4 001a8a93 addi             x21, x21, 1         x21=00000002 x21:00000001
20399208ns          343567 1c008de6 00800d33 add              x26, x0, x8         x26=1c0009ae  x8:1c0009ae
20399228ns          343568 1c008de8 000d4503 lbu              x10, 0(x26)         x10=00000046 x26:1c0009ae  PA:1c0009ae
20399552ns          343584 1c008dec 001d0413 addi             x8, x26, 1           x8=1c0009af x26:1c0009ae
20399572ns          343585 1c008df0 0c050b63 beq              x10, x0, 214        x10:00000046
20399593ns          343586 1c008df2 02500793 addi             x15, x0, 37         x15=00000025
20399613ns          343587 1c008df6 fef513e3 bne              x10, x15, -26       x10:00000046 x15:00000025
20399674ns          343590 1c008ddc 017005b3 add              x11, x0, x23        x11=00000002 x23:00000002
20399694ns          343591 1c008dde 000980e7 jalr             x1, x19, 0           x1=1c008de0 x19:1c008d20
20399734ns          343593 1c008d20 f14027f3 csrrs            x15, x0, 0xf14      x15=00000006
20399754ns          343594 1c008d24 1a10f6b7 lui              x13, 0x1a10f000     x13=1a10f000
20399775ns          343595 1c008d28 ca5797b3 p.extractu       x15, x15, 5, 5      x15=00000000 x15:00000006
20399795ns          343596 1c008d2c f1402773 csrrs            x14, x0, 0xf14      x14=00000006
20399815ns          343597 1c008d30 00779793 slli             x15, x15, 0x7       x15=00000000 x15:00000000
20399835ns          343598 1c008d32 00371713 slli             x14, x14, 0x3       x14=00000030 x14:00000006
20399856ns          343599 1c008d34 0ff57513 andi             x10, x10, 255       x10=00000046 x10:00000046
20399876ns          343600 1c008d38 ee873733 p.bclr           x14, x14, 23, 8     x14=00000030 x14:00000030
20399896ns          343601 1c008d3c 00d787b3 add              x15, x15, x13       x15=1a10f000 x15:00000000 x13:1a10f000
20399916ns          343602 1c008d3e 00a767a3 p.sw             x10, x0(x14)        x10:00000046 x14:00000030  PA:1a10f030
20400240ns          343618 1c008d42 00000513 addi             x10, x0, 0          x10=00000000
20400260ns          343619 1c008d44 00008067 jalr             x0, x1, 0            x1:1c008de0
20400301ns          343621 1c008de0 15f52063 p.beqimm         x10, 320            x10:00000000
20400321ns          343622 1c008de4 001a8a93 addi             x21, x21, 1         x21=00000003 x21:00000002
20400341ns          343623 1c008de6 00800d33 add              x26, x0, x8         x26=1c0009af  x8:1c0009af
20400362ns          343624 1c008de8 000d4503 lbu              x10, 0(x26)         x10=00000054 x26:1c0009af  PA:1c0009af
20400645ns          343638 1c008dec 001d0413 addi             x8, x26, 1           x8=1c0009b0 x26:1c0009af
20400665ns          343639 1c008df0 0c050b63 beq              x10, x0, 214        x10:00000054
20400686ns          343640 1c008df2 02500793 addi             x15, x0, 37         x15=00000025
20400706ns          343641 1c008df6 fef513e3 bne              x10, x15, -26       x10:00000054 x15:00000025
20400766ns          343644 1c008ddc 017005b3 add              x11, x0, x23        x11=00000002 x23:00000002
20400787ns          343645 1c008dde 000980e7 jalr             x1, x19, 0           x1=1c008de0 x19:1c008d20
20400827ns          343647 1c008d20 f14027f3 csrrs            x15, x0, 0xf14      x15=00000006
20400847ns          343648 1c008d24 1a10f6b7 lui              x13, 0x1a10f000     x13=1a10f000
20400868ns          343649 1c008d28 ca5797b3 p.extractu       x15, x15, 5, 5      x15=00000000 x15:00000006
20400888ns          343650 1c008d2c f1402773 csrrs            x14, x0, 0xf14      x14=00000006
20400908ns          343651 1c008d30 00779793 slli             x15, x15, 0x7       x15=00000000 x15:00000000
20400928ns          343652 1c008d32 00371713 slli             x14, x14, 0x3       x14=00000030 x14:00000006
20400949ns          343653 1c008d34 0ff57513 andi             x10, x10, 255       x10=00000054 x10:00000054
20400969ns          343654 1c008d38 ee873733 p.bclr           x14, x14, 23, 8     x14=00000030 x14:00000030
20400989ns          343655 1c008d3c 00d787b3 add              x15, x15, x13       x15=1a10f000 x15:00000000 x13:1a10f000
20401009ns          343656 1c008d3e 00a767a3 p.sw             x10, x0(x14)        x10:00000054 x14:00000030  PA:1a10f030
20401333ns          343672 1c008d42 00000513 addi             x10, x0, 0          x10=00000000
20401353ns          343673 1c008d44 00008067 jalr             x0, x1, 0            x1:1c008de0
20401394ns          343675 1c008de0 15f52063 p.beqimm         x10, 320            x10:00000000
20401414ns          343676 1c008de4 001a8a93 addi             x21, x21, 1         x21=00000004 x21:00000003
20401434ns          343677 1c008de6 00800d33 add              x26, x0, x8         x26=1c0009b0  x8:1c0009b0
20401455ns          343678 1c008de8 000d4503 lbu              x10, 0(x26)         x10=00000025 x26:1c0009b0  PA:1c0009b0
20401758ns          343693 1c008dec 001d0413 addi             x8, x26, 1           x8=1c0009b1 x26:1c0009b0
20401778ns          343694 1c008df0 0c050b63 beq              x10, x0, 214        x10:00000025
20401799ns          343695 1c008df2 02500793 addi             x15, x0, 37         x15=00000025
20401819ns          343696 1c008df6 fef513e3 bne              x10, x15, -26       x10:00000025 x15:00000025
20401839ns          343697 1c008dfa 00012a23 sw               x0, 20(x2)           x2:10001f68  PA:10001f7c
20401859ns          343698 1c008dfc 00012823 sw               x0, 16(x2)           x2:10001f68  PA:10001f78
20401880ns          343699 1c008dfe 00012623 sw               x0, 12(x2)           x2:10001f68  PA:10001f74
20401900ns          343700 1c008e00 00012423 sw               x0, 8(x2)            x2:10001f68  PA:10001f70
20401920ns          343701 1c008e02 00012223 sw               x0, 4(x2)            x2:10001f68  PA:10001f6c
20401940ns          343702 1c008e04 02300493 addi             x9, x0, 35           x9=00000023
20401961ns          343703 1c008e08 02d00b13 addi             x22, x0, 45         x22=0000002d
20401981ns          343704 1c008e0c 00044c83 lbu              x25, 0(x8)          x25=00000064  x8:1c0009b1  PA:1c0009b1
20402305ns          343720 1c008e10 00140913 addi             x18, x8, 1          x18=1c0009b2  x8:1c0009b1
20402325ns          343721 1c008e14 019005b3 add              x11, x0, x25        x11=00000064 x25:00000064
20402345ns          343722 1c008e16 9d0c0513 addi             x10, x24, -1584     x10=1c0009d0 x24:1c001000
20402365ns          343723 1c008e1a 01200d33 add              x26, x0, x18        x26=1c0009b2 x18:1c0009b2
20402386ns          343724 1c008e1c 01900db3 add              x27, x0, x25        x27=00000064 x25:00000064
20402406ns          343725 1c008e1e e89ff0ef jal              x1, -376             x1=1c008e20
20402568ns          343733 1c008ca6 00054783 lbu              x15, 0(x10)         x15=0000002d x10:1c0009d0  PA:1c0009d0
20402871ns          343748 1c008caa 0ff5f593 andi             x11, x11, 255       x11=00000064 x11:00000064
20402892ns          343749 1c008cae 00b78c63 beq              x15, x11, 24        x15:0000002d x11:00000064
20402912ns          343750 1c008cb2 00078b63 beq              x15, x0, 22         x15:0000002d
20402932ns          343751 1c008cb4 00150793 addi             x15, x10, 1         x15=1c0009d1 x10:1c0009d0
20402952ns          343752 1c008cb8 0040006f jal              x0, 4              
20403054ns          343757 1c008cbc 00f00533 add              x10, x0, x15        x10=1c0009d1 x15:1c0009d1
20403074ns          343758 1c008cbe 0017c70b p.lbu            x14, 1(x15!)        x14=0000002b x15=1c0009d2 x15:1c0009d1  PA:1c0009d1
20403398ns          343774 1c008cc2 feb71ce3 bne              x14, x11, -8        x14:0000002b x11:00000064
20403458ns          343777 1c008cba 00070763 beq              x14, x0, 14         x14:0000002b
20403479ns          343778 1c008cbc 00f00533 add              x10, x0, x15        x10=1c0009d2 x15:1c0009d2
20403499ns          343779 1c008cbe 0017c70b p.lbu            x14, 1(x15!)        x14=00000020 x15=1c0009d3 x15:1c0009d2  PA:1c0009d2
20403823ns          343795 1c008cc2 feb71ce3 bne              x14, x11, -8        x14:00000020 x11:00000064
20403883ns          343798 1c008cba 00070763 beq              x14, x0, 14         x14:00000020
20403904ns          343799 1c008cbc 00f00533 add              x10, x0, x15        x10=1c0009d3 x15:1c0009d3
20403924ns          343800 1c008cbe 0017c70b p.lbu            x14, 1(x15!)        x14=00000023 x15=1c0009d4 x15:1c0009d3  PA:1c0009d3
20404308ns          343819 1c008cc2 feb71ce3 bne              x14, x11, -8        x14:00000023 x11:00000064
20404369ns          343822 1c008cba 00070763 beq              x14, x0, 14         x14:00000023
20404389ns          343823 1c008cbc 00f00533 add              x10, x0, x15        x10=1c0009d4 x15:1c0009d4
20404410ns          343824 1c008cbe 0017c70b p.lbu            x14, 1(x15!)        x14=00000030 x15=1c0009d5 x15:1c0009d4  PA:1c0009d4
20404734ns          343840 1c008cc2 feb71ce3 bne              x14, x11, -8        x14:00000030 x11:00000064
20404794ns          343843 1c008cba 00070763 beq              x14, x0, 14         x14:00000030
20404814ns          343844 1c008cbc 00f00533 add              x10, x0, x15        x10=1c0009d5 x15:1c0009d5
20404835ns          343845 1c008cbe 0017c70b p.lbu            x14, 1(x15!)        x14=00000000 x15=1c0009d6 x15:1c0009d5  PA:1c0009d5
20405159ns          343861 1c008cc2 feb71ce3 bne              x14, x11, -8        x14:00000000 x11:00000064
20405219ns          343864 1c008cba 00070763 beq              x14, x0, 14         x14:00000000
20405280ns          343867 1c008cc8 0015b593 sltiu            x11, x11, 1         x11=00000000 x11:00000064
20405300ns          343868 1c008ccc 40b005b3 sub              x11, x0, x11        x11=00000000 x11:00000000
20405320ns          343869 1c008cd0 00b57533 and              x10, x10, x11       x10=00000000 x10:1c0009d5 x11:00000000
20405341ns          343870 1c008cd2 00008067 jalr             x0, x1, 0            x1:1c008e20
20405381ns          343872 1c008e20 02050b63 beq              x10, x0, 54         x10:00000000
20405523ns          343879 1c008e56 02a00693 addi             x13, x0, 42         x13=0000002a
20405543ns          343880 1c008e5a 2edc8263 beq              x25, x13, 740       x25:00000064 x13:0000002a
20405604ns          343883 1c008e5e fd0c8693 addi             x13, x25, -48       x13=00000034 x25:00000064
20405624ns          343884 1c008e62 00900593 addi             x11, x0, 9          x11=00000009
20405644ns          343885 1c008e64 00000b13 addi             x22, x0, 0          x22=00000000
20405665ns          343886 1c008e66 0cd5fd63 bgeu             x11, x13, 218       x11:00000009 x13:00000034
20405685ns          343887 1c008e6a 02e00793 addi             x15, x0, 46         x15=0000002e
20405746ns          343890 1c008e6e 28fd8663 beq              x27, x15, 652       x27:00000064 x15:0000002e
20405766ns          343891 1c008e72 01b00433 add              x8, x0, x27          x8=00000064 x27:00000064
20405786ns          343892 1c008e74 fff00493 addi             x9, x0, -1           x9=ffffffff
20405806ns          343893 1c008e76 1c001737 lui              x14, 0x1c001000     x14=1c001000
20405826ns          343894 1c008e7a 01b005b3 add              x11, x0, x27        x11=00000064 x27:00000064
20405847ns          343895 1c008e7c 9d870513 addi             x10, x14, -1576     x10=1c0009d8 x14:1c001000
20405887ns          343897 1c008e80 e27ff0ef jal              x1, -474             x1=1c008e82
20405948ns          343900 1c008ca6 00054783 lbu              x15, 0(x10)         x15=00000068 x10:1c0009d8  PA:1c0009d8
20406252ns          343915 1c008caa 0ff5f593 andi             x11, x11, 255       x11=00000064 x11:00000064
20406272ns          343916 1c008cae 00b78c63 beq              x15, x11, 24        x15:00000068 x11:00000064
20406292ns          343917 1c008cb2 00078b63 beq              x15, x0, 22         x15:00000068
20406312ns          343918 1c008cb4 00150793 addi             x15, x10, 1         x15=1c0009d9 x10:1c0009d8
20406332ns          343919 1c008cb8 0040006f jal              x0, 4              
20406373ns          343921 1c008cbc 00f00533 add              x10, x0, x15        x10=1c0009d9 x15:1c0009d9
20406393ns          343922 1c008cbe 0017c70b p.lbu            x14, 1(x15!)        x14=0000006c x15=1c0009da x15:1c0009d9  PA:1c0009d9
20406717ns          343938 1c008cc2 feb71ce3 bne              x14, x11, -8        x14:0000006c x11:00000064
20406778ns          343941 1c008cba 00070763 beq              x14, x0, 14         x14:0000006c
20406798ns          343942 1c008cbc 00f00533 add              x10, x0, x15        x10=1c0009da x15:1c0009da
20406818ns          343943 1c008cbe 0017c70b p.lbu            x14, 1(x15!)        x14=0000007a x15=1c0009db x15:1c0009da  PA:1c0009da
20407183ns          343961 1c008cc2 feb71ce3 bne              x14, x11, -8        x14:0000007a x11:00000064
20407243ns          343964 1c008cba 00070763 beq              x14, x0, 14         x14:0000007a
20407264ns          343965 1c008cbc 00f00533 add              x10, x0, x15        x10=1c0009db x15:1c0009db
20407284ns          343966 1c008cbe 0017c70b p.lbu            x14, 1(x15!)        x14=00000000 x15=1c0009dc x15:1c0009db  PA:1c0009db
20407689ns          343986 1c008cc2 feb71ce3 bne              x14, x11, -8        x14:00000000 x11:00000064
20407749ns          343989 1c008cba 00070763 beq              x14, x0, 14         x14:00000000
20407810ns          343992 1c008cc8 0015b593 sltiu            x11, x11, 1         x11=00000000 x11:00000064
20407830ns          343993 1c008ccc 40b005b3 sub              x11, x0, x11        x11=00000000 x11:00000000
20407850ns          343994 1c008cd0 00b57533 and              x10, x10, x11       x10=00000000 x10:1c0009db x11:00000000
20407871ns          343995 1c008cd2 00008067 jalr             x0, x1, 0            x1:1c008e82
20407911ns          343997 1c008e82 00000793 addi             x15, x0, 0          x15=00000000
20407931ns          343998 1c008e84 00050f63 beq              x10, x0, 30         x10:00000000
20408458ns          344024 1c008ea2 06700693 addi             x13, x0, 103        x13=00000067
20408478ns          344025 1c008ea6 0bb6ee63 bltu             x13, x27, 188       x13:00000067 x27:00000064
20408498ns          344026 1c008eaa 06500693 addi             x13, x0, 101        x13=00000065
20408559ns          344029 1c008eae 3addf2e3 bgeu             x27, x13, 2980      x27:00000064 x13:00000065
20408599ns          344031 1c008eb2 04700693 addi             x13, x0, 71         x13=00000047
20408620ns          344032 1c008eb6 39b6ed63 bltu             x13, x27, 922       x13:00000047 x27:00000064
20408721ns          344037 1c009250 06300693 addi             x13, x0, 99         x13=00000063
20408761ns          344039 1c009254 70dd8c63 beq              x27, x13, 1816      x27:00000064 x13:00000063
20408782ns          344040 1c009258 d3b6e5e3 bltu             x13, x27, -726      x13:00000063 x27:00000064
20408984ns          344050 1c008f82 06c00693 addi             x13, x0, 108        x13=0000006c
20409004ns          344051 1c008f86 00d78a63 beq              x15, x13, 20        x15:00000000 x13:0000006c
20409024ns          344052 1c008f8a 07a00693 addi             x13, x0, 122        x13=0000007a
20409085ns          344055 1c008f8e 00d78663 beq              x15, x13, 12        x15:00000000 x13:0000007a
20409126ns          344057 1c008f92 04c00693 addi             x13, x0, 76         x13=0000004c
20409146ns          344058 1c008f96 5ed78de3 beq              x15, x13, 3578      x15:00000000 x13:0000004c
20409166ns          344059 1c008f9a 000a2783 lw               x15, 0(x20)         x15=00000006 x20:1000200c  PA:1000200c
20409186ns          344060 1c008f9e 004a0a13 addi             x20, x20, 4         x20=10002010 x20:1000200c
20409227ns          344062 1c008fa0 41f7d713 srai             x14, x15, 0x41f     x14=00000000 x15:00000006
20409267ns          344064 1c008fa4 01412e23 sw               x20, 28(x2)         x20:10002010  x2:10001f68  PA:10001f84
20409288ns          344065 1c008fa6 00e12223 sw               x14, 4(x2)          x14:00000000  x2:10001f68  PA:10001f6c
20409308ns          344066 1c008fa8 4e0741e3 blt              x14, x0, 3298       x14:00000000
20409328ns          344067 1c008fac 00c12703 lw               x14, 12(x2)         x14=00000000  x2:10001f68  PA:10001f74
20409368ns          344069 1c008fae 440709e3 beq              x14, x0, 3154       x14:00000000
20409652ns          344083 1c009c00 01012703 lw               x14, 16(x2)         x14=00000000  x2:10001f68  PA:10001f78
20409692ns          344085 1c009c02 22070063 beq              x14, x0, 544        x14:00000000
20409794ns          344090 1c009e22 00412c83 lw               x25, 4(x2)          x25=00000000  x2:10001f68  PA:10001f6c
20409834ns          344092 1c009e24 02410a13 addi             x20, x2, 36         x20=10001f8c  x2:10001f68
20409854ns          344093 1c009e28 998ff06f jal              x0, -3688          
20409935ns          344097 1c008fc0 00f00433 add              x8, x0, x15          x8=00000006 x15:00000006
20409955ns          344098 1c008fc2 01400db3 add              x27, x0, x20        x27=10001f8c x20:10001f8c
20409976ns          344099 1c008fc4 0040006f jal              x0, 4              
20410016ns          344101 1c008fc8 00a00613 addi             x12, x0, 10         x12=0000000a
20410036ns          344102 1c008fca 00000693 addi             x13, x0, 0          x13=00000000
20410057ns          344103 1c008fcc 00800533 add              x10, x0, x8         x10=00000006  x8:00000006
20410077ns          344104 1c008fce 019005b3 add              x11, x0, x25        x11=00000000 x25:00000000
20410097ns          344105 1c008fd0 c2aff0ef jal              x1, -3030            x1=1c008fd4
20410178ns          344109 1c0083fa 00c008b3 add              x17, x0, x12        x17=0000000a x12:0000000a
20410219ns          344111 1c0083fc 00d00733 add              x14, x0, x13        x14=00000000 x13:00000000
20410239ns          344112 1c0083fe 00a007b3 add              x15, x0, x10        x15=00000006 x10:00000006
20410279ns          344114 1c008400 00b00833 add              x16, x0, x11        x16=00000000 x11:00000000
20410320ns          344116 1c008402 1c069863 bne              x13, x0, 464        x13:00000000
20410340ns          344117 1c008406 1c0016b7 lui              x13, 0x1c001000     x13=1c001000
20410360ns          344118 1c00840a 86868693 addi             x13, x13, -1944     x13=1c000868 x13:1c001000
20410421ns          344121 1c00840e 0ac5f863 bgeu             x11, x12, 176       x11:00000000 x12:0000000a
20410441ns          344122 1c008412 00010337 lui              x6, 0x10000          x6=00010000
20410461ns          344123 1c008414 08667e63 bgeu             x12, x6, 156        x12:0000000a  x6:00010000
20410482ns          344124 1c008418 0ff00313 addi             x6, x0, 255          x6=000000ff
20410502ns          344125 1c00841c 00c37363 bgeu             x6, x12, 6           x6:000000ff x12:0000000a
20410623ns          344131 1c008422 00e65333 srl              x6, x12, x14         x6=0000000a x12:0000000a x14:00000000
20410644ns          344132 1c008426 006686b3 add              x13, x13, x6        x13=1c000872 x13:1c000868  x6:0000000a
20410664ns          344133 1c008428 0006ce03 lbu              x28, 0(x13)         x28=00000004 x13:1c000872  PA:1c000872
20410967ns          344148 1c00842c 02000313 addi             x6, x0, 32           x6=00000020
20410988ns          344149 1c008430 00ee0e33 add              x28, x28, x14       x28=00000004 x28:00000004 x14:00000000
20411008ns          344150 1c008432 41c30333 sub              x6, x6, x28          x6=0000001c  x6:00000020 x28:00000004
20411028ns          344151 1c008436 00030c63 beq              x6, x0, 24           x6:0000001c
20411048ns          344152 1c00843a 006595b3 sll              x11, x11, x6        x11=00000000 x11:00000000  x6:0000001c
20411109ns          344155 1c00843e 01c55e33 srl              x28, x10, x28       x28=00000000 x10:00000006 x28:00000004
20411150ns          344157 1c008442 006618b3 sll              x17, x12, x6        x17=a0000000 x12:0000000a  x6:0000001c
20411170ns          344158 1c008446 00be6833 or               x16, x28, x11       x16=00000000 x28:00000000 x11:00000000
20411190ns          344159 1c00844a 006517b3 sll              x15, x10, x6        x15=60000000 x10:00000006  x6:0000001c
20411251ns          344162 1c00844e 0108d613 srli             x12, x17, 0x10      x12=0000a000 x17:a0000000
20411291ns          344164 1c008452 02c87733 remu             x14, x16, x12       x14=00000000 x16:00000000 x12:0000a000
20411676ns          344183 1c008456 02c85833 divu             x16, x16, x12       x16=00000000 x16:00000000 x12:0000a000
20412060ns          344202 1c00845a 01089513 slli             x10, x17, 0x10      x10=00000000 x17:a0000000
20412081ns          344203 1c00845e 01055513 srli             x10, x10, 0x10      x10=00000000 x10:00000000
20412101ns          344204 1c008460 01071713 slli             x14, x14, 0x10      x14=00000000 x14:00000000
20412121ns          344205 1c008462 0107d693 srli             x13, x15, 0x10      x13=00006000 x15:60000000
20412141ns          344206 1c008466 03050833 mul              x16, x10, x16       x16=00000000 x10:00000000 x16:00000000
20412162ns          344207 1c00846a 00e6e6b3 or               x13, x13, x14       x13=00006000 x13:00006000 x14:00000000
20412182ns          344208 1c00846c 0106f863 bgeu             x13, x16, 16        x13:00006000 x16:00000000
20412263ns          344212 1c00847c 410686b3 sub              x13, x13, x16       x13=00006000 x13:00006000 x16:00000000
20412668ns          344232 1c008480 02c6f733 remu             x14, x13, x12       x14=00006000 x13:00006000 x12:0000a000
20413072ns          344252 1c008484 02c6d6b3 divu             x13, x13, x12       x13=00000000 x13:00006000 x12:0000a000
20413457ns          344271 1c008488 01079793 slli             x15, x15, 0x10      x15=00000000 x15:60000000
20413477ns          344272 1c00848a 02d506b3 mul              x13, x10, x13       x13=00000000 x10:00000000 x13:00000000
20413497ns          344273 1c00848e 0107d793 srli             x15, x15, 0x10      x15=00000000 x15:00000000
20413518ns          344274 1c008490 01071513 slli             x10, x14, 0x10      x10=60000000 x14:00006000
20413538ns          344275 1c008494 00a7e7b3 or               x15, x15, x10       x15=60000000 x15:00000000 x10:60000000
20413558ns          344276 1c008496 00d7f863 bgeu             x15, x13, 16        x15:60000000 x13:00000000
20413659ns          344281 1c0084a6 40d787b3 sub              x15, x15, x13       x15=60000000 x15:60000000 x13:00000000
20413680ns          344282 1c0084a8 0067d533 srl              x10, x15, x6        x10=00000006 x15:60000000  x6:0000001c
20413700ns          344283 1c0084ac 00000593 addi             x11, x0, 0          x11=00000000
20413720ns          344284 1c0084ae 00008067 jalr             x0, x1, 0            x1:1c008fd4
20413842ns          344290 1c008fd4 00a00933 add              x18, x0, x10        x18=00000006 x10:00000006
20413862ns          344291 1c008fd6 019005b3 add              x11, x0, x25        x11=00000000 x25:00000000
20413882ns          344292 1c008fd8 00800533 add              x10, x0, x8         x10=00000006  x8:00000006
20413902ns          344293 1c008fda 00a00613 addi             x12, x0, 10         x12=0000000a
20413922ns          344294 1c008fdc 00000693 addi             x13, x0, 0          x13=00000000
20413963ns          344296 1c008fde 8beff0ef jal              x1, -3906            x1=1c008fe2
20414044ns          344300 1c00809c 00b007b3 add              x15, x0, x11        x15=00000000 x11:00000000
20414064ns          344301 1c00809e 00c00833 add              x16, x0, x12        x16=0000000a x12:0000000a
20414509ns          344323 1c0080a0 00d008b3 add              x17, x0, x13        x17=00000000 x13:00000000
20414530ns          344324 1c0080a2 00a00333 add              x6, x0, x10          x6=00000006 x10:00000006
20414550ns          344325 1c0080a4 20069663 bne              x13, x0, 524        x13:00000000
20414570ns          344326 1c0080a8 1c001737 lui              x14, 0x1c001000     x14=1c001000
20414590ns          344327 1c0080ac 86870713 addi             x14, x14, -1944     x14=1c000868 x14:1c001000
20414975ns          344346 1c0080b0 0ac5fe63 bgeu             x11, x12, 188       x11:00000000 x12:0000000a
20415015ns          344348 1c0080b4 000106b7 lui              x13, 0x10000        x13=00010000
20415036ns          344349 1c0080b6 0ad67463 bgeu             x12, x13, 168       x12:0000000a x13:00010000
20415056ns          344350 1c0080ba 0ff00693 addi             x13, x0, 255        x13=000000ff
20415117ns          344353 1c0080be 00c6b6b3 sltu             x13, x13, x12       x13=00000000 x13:000000ff x12:0000000a
20415137ns          344354 1c0080c2 00369693 slli             x13, x13, 0x3       x13=00000000 x13:00000000
20415157ns          344355 1c0080c4 00d658b3 srl              x17, x12, x13       x17=0000000a x12:0000000a x13:00000000
20415177ns          344356 1c0080c8 01170733 add              x14, x14, x17       x14=1c000872 x14:1c000868 x17:0000000a
20415198ns          344357 1c0080ca 00074703 lbu              x14, 0(x14)         x14=00000004 x14:1c000872  PA:1c000872
20415521ns          344373 1c0080ce 00e686b3 add              x13, x13, x14       x13=00000004 x13:00000000 x14:00000004
20415542ns          344374 1c0080d0 02000713 addi             x14, x0, 32         x14=00000020
20415562ns          344375 1c0080d4 40d70733 sub              x14, x14, x13       x14=0000001c x14:00000020 x13:00000004
20415582ns          344376 1c0080d6 00070b63 beq              x14, x0, 22         x14:0000001c
20415602ns          344377 1c0080d8 00e797b3 sll              x15, x15, x14       x15=00000000 x15:00000000 x14:0000001c
20415623ns          344378 1c0080dc 00d556b3 srl              x13, x10, x13       x13=00000000 x10:00000006 x13:00000004
20416007ns          344397 1c0080e0 00e61833 sll              x16, x12, x14       x16=a0000000 x12:0000000a x14:0000001c
20416048ns          344399 1c0080e4 00f6e5b3 or               x11, x13, x15       x11=00000000 x13:00000000 x15:00000000
20416068ns          344400 1c0080e8 00e51333 sll              x6, x10, x14         x6=60000000 x10:00000006 x14:0000001c
20416088ns          344401 1c0080ec 01085513 srli             x10, x16, 0x10      x10=0000a000 x16:a0000000
20416149ns          344404 1c0080f0 02a5f733 remu             x14, x11, x10       x14=00000000 x11:00000000 x10:0000a000
20416554ns          344424 1c0080f4 02a5d7b3 divu             x15, x11, x10       x15=00000000 x11:00000000 x10:0000a000
20416938ns          344443 1c0080f8 01081613 slli             x12, x16, 0x10      x12=00000000 x16:a0000000
20416958ns          344444 1c0080fc 01071713 slli             x14, x14, 0x10      x14=00000000 x14:00000000
20416979ns          344445 1c0080fe 01065613 srli             x12, x12, 0x10      x12=00000000 x12:00000000
20416999ns          344446 1c008100 01035693 srli             x13, x6, 0x10       x13=00006000  x6:60000000
20417019ns          344447 1c008104 00e6e6b3 or               x13, x13, x14       x13=00006000 x13:00006000 x14:00000000
20417039ns          344448 1c008106 02f605b3 mul              x11, x12, x15       x11=00000000 x12:00000000 x15:00000000
20417060ns          344449 1c00810a 00f00733 add              x14, x0, x15        x14=00000000 x15:00000000
20417080ns          344450 1c00810c 00b6fc63 bgeu             x13, x11, 24        x13:00006000 x11:00000000
20417869ns          344489 1c008124 40b686b3 sub              x13, x13, x11       x13=00006000 x13:00006000 x11:00000000
20417910ns          344491 1c008126 02a6f7b3 remu             x15, x13, x10       x15=00006000 x13:00006000 x10:0000a000
20418294ns          344510 1c00812a 02a6d6b3 divu             x13, x13, x10       x13=00000000 x13:00006000 x10:0000a000
20418679ns          344529 1c00812e 01031313 slli             x6, x6, 0x10         x6=00000000  x6:60000000
20418699ns          344530 1c008130 01079793 slli             x15, x15, 0x10      x15=60000000 x15:00006000
20418719ns          344531 1c008132 01035313 srli             x6, x6, 0x10         x6=00000000  x6:00000000
20418740ns          344532 1c008136 02d605b3 mul              x11, x12, x13       x11=00000000 x12:00000000 x13:00000000
20418760ns          344533 1c00813a 0067e333 or               x6, x15, x6          x6=60000000 x15:60000000  x6:00000000
20418780ns          344534 1c00813e 00d00533 add              x10, x0, x13        x10=00000000 x13:00000000
20418821ns          344536 1c008140 00b37b63 bgeu             x6, x11, 22          x6:60000000 x11:00000000
20419266ns          344558 1c008156 01071713 slli             x14, x14, 0x10      x14=00000000 x14:00000000
20419306ns          344560 1c008158 00a76733 or               x14, x14, x10       x14=00000000 x14:00000000 x10:00000000
20419327ns          344561 1c00815a 00000593 addi             x11, x0, 0          x11=00000000
20419347ns          344562 1c00815c 0b20006f jal              x0, 178            
20419468ns          344568 1c00820e 00e00533 add              x10, x0, x14        x10=00000000 x14:00000000
20419549ns          344572 1c008210 00008067 jalr             x0, x1, 0            x1:1c008fe2
20419610ns          344575 1c008fe2 03090913 addi             x18, x18, 48        x18=00000036 x18:00000006
20419630ns          344576 1c008fe6 012d8023 sb               x18, 0(x27)         x18:00000036 x27:10001f8c  PA:10001f8c
20419650ns          344577 1c008fea 00a5e7b3 or               x15, x11, x10       x15=00000000 x11:00000000 x10:00000000
20419711ns          344580 1c008fee 001d8913 addi             x18, x27, 1         x18=10001f8d x27:10001f8c
20419731ns          344581 1c008ff2 00a00433 add              x8, x0, x10          x8=00000000 x10:00000000
20419752ns          344582 1c008ff4 00b00cb3 add              x25, x0, x11        x25=00000000 x11:00000000
20419772ns          344583 1c008ff6 fc0798e3 bne              x15, x0, -48        x15:00000000
20419792ns          344584 1c008ff8 00090023 sb               x0, 0(x18)          x18:10001f8d  PA:10001f8d
20419812ns          344585 1c008ffc 01ba7d63 bgeu             x20, x27, 26        x20:10001f8c x27:10001f8c
20420237ns          344606 1c009016 00012783 lw               x15, 0(x2)          x15=10001f8c  x2:10001f68  PA:10001f68
20420278ns          344608 1c009018 00c12703 lw               x14, 12(x2)         x14=00000000  x2:10001f68  PA:10001f74
20420298ns          344609 1c00901a 40f90933 sub              x18, x18, x15       x18=00000001 x18:10001f8d x15:10001f8c
20420359ns          344612 1c00901e 3c071de3 bne              x14, x0, 3034       x14:00000000
20420379ns          344613 1c009022 01012783 lw               x15, 16(x2)         x15=00000000  x2:10001f68  PA:10001f78
20420420ns          344615 1c009024 3c079ae3 bne              x15, x0, 3028       x15:00000000
20420440ns          344616 1c009028 00412703 lw               x14, 4(x2)          x14=00000000  x2:10001f68  PA:10001f6c
20420480ns          344618 1c00902a 01f75713 srli             x14, x14, 0x1f      x14=00000000 x14:00000000
20420500ns          344619 1c00902c 00e12223 sw               x14, 4(x2)          x14:00000000  x2:10001f68  PA:10001f6c
20420865ns          344637 1c00902e 3404c463 blt              x9, x0, 840          x9:ffffffff
20420966ns          344642 1c009376 00000c93 addi             x25, x0, 0          x25=00000000
20421006ns          344644 1c009378 00012c23 sw               x0, 24(x2)           x2:10001f68  PA:10001f80
20421027ns          344645 1c00937a 00000a13 addi             x20, x0, 0          x20=00000000
20421047ns          344646 1c00937c 01412783 lw               x15, 20(x2)         x15=00000000  x2:10001f68  PA:10001f7c
20421411ns          344664 1c00937e 5e078163 beq              x15, x0, 1506       x15:00000000
20421512ns          344669 1c009960 412b0b33 sub              x22, x22, x18       x22=ffffffff x22:00000000 x18:00000001
20421553ns          344671 1c009964 02410413 addi             x8, x2, 36           x8=10001f8c  x2:10001f68
20421573ns          344672 1c009966 00000493 addi             x9, x0, 0            x9=00000000
20421593ns          344673 1c009968 ee6ff06f jal              x0, -2330          
20421735ns          344680 1c00904e 00812703 lw               x14, 8(x2)          x14=00000000  x2:10001f68  PA:10001f70
20421816ns          344684 1c009050 02071063 bne              x14, x0, 32         x14:00000000
20421857ns          344686 1c009052 01605f63 bge              x0, x22, 30         x22:ffffffff
20421958ns          344691 1c009070 00412783 lw               x15, 4(x2)          x15=00000000  x2:10001f68  PA:10001f6c
20421998ns          344693 1c009072 00f40db3 add              x27, x8, x15        x27=10001f8c  x8:10001f8c x15:00000000
20422018ns          344694 1c009076 00c0006f jal              x0, 12             
20422099ns          344698 1c009082 017005b3 add              x11, x0, x23        x11=00000002 x23:00000002
20422140ns          344700 1c009084 ffb41ae3 bne              x8, x27, -12         x8:10001f8c x27:10001f8c
20422160ns          344701 1c009088 00900db3 add              x27, x0, x9         x27=00000000  x9:00000000
20422180ns          344702 1c00908a 0080006f jal              x0, 8              
20422282ns          344707 1c009092 fffd8d93 addi             x27, x27, -1        x27=ffffffff x27:00000000
20422302ns          344708 1c009094 017005b3 add              x11, x0, x23        x11=00000002 x23:00000002
20422322ns          344709 1c009096 03000513 addi             x10, x0, 48         x10=00000030
20422342ns          344710 1c00909a fffdb9e3 p.bneimm         x27, -14            x27:ffffffff
20422363ns          344711 1c00909e 00412703 lw               x14, 4(x2)          x14=00000000  x2:10001f68  PA:10001f6c
20422403ns          344713 1c0090a0 40e90933 sub              x18, x18, x14       x18=00000001 x18:00000001 x14:00000000
20422444ns          344715 1c0090a4 01212423 sw               x18, 8(x2)          x18:00000001  x2:10001f68  PA:10001f70
20422464ns          344716 1c0090a6 e40a15e3 bne              x20, x0, -438       x20:00000000
20422484ns          344717 1c0090aa 01812783 lw               x15, 24(x2)         x15=00000000  x2:10001f68  PA:10001f80
20422524ns          344719 1c0090ac 16079763 bne              x15, x0, 366        x15:00000000
20422545ns          344720 1c0090b0 120c8863 beq              x25, x0, 304        x25:00000000
20422646ns          344725 1c0091e0 017005b3 add              x11, x0, x23        x11=00000002 x23:00000002
20422686ns          344727 1c0091e2 ff2049e3 blt              x0, x18, -14        x18:00000001
20422788ns          344732 1c0091d4 0014450b p.lbu            x10, 1(x8!)         x10=00000036  x8=10001f8d  x8:10001f8c  PA:10001f8c
20422828ns          344734 1c0091d8 fff90913 addi             x18, x18, -1        x18=00000000 x18:00000001
20422848ns          344735 1c0091da 000980e7 jalr             x1, x19, 0           x1=1c0091dc x19:1c008d20
20423314ns          344758 1c008d20 f14027f3 csrrs            x15, x0, 0xf14      x15=00000006
20423354ns          344760 1c008d24 1a10f6b7 lui              x13, 0x1a10f000     x13=1a10f000
20423375ns          344761 1c008d28 ca5797b3 p.extractu       x15, x15, 5, 5      x15=00000000 x15:00000006
20423395ns          344762 1c008d2c f1402773 csrrs            x14, x0, 0xf14      x14=00000006
20423415ns          344763 1c008d30 00779793 slli             x15, x15, 0x7       x15=00000000 x15:00000000
20423435ns          344764 1c008d32 00371713 slli             x14, x14, 0x3       x14=00000030 x14:00000006
20423456ns          344765 1c008d34 0ff57513 andi             x10, x10, 255       x10=00000036 x10:00000036
20423476ns          344766 1c008d38 ee873733 p.bclr           x14, x14, 23, 8     x14=00000030 x14:00000030
20423496ns          344767 1c008d3c 00d787b3 add              x15, x15, x13       x15=1a10f000 x15:00000000 x13:1a10f000
20423536ns          344769 1c008d3e 00a767a3 p.sw             x10, x0(x14)        x10:00000036 x14:00000030  PA:1a10f030
20424063ns          344795 1c008d42 00000513 addi             x10, x0, 0          x10=00000000
20424083ns          344796 1c008d44 00008067 jalr             x0, x1, 0            x1:1c0091dc
20424164ns          344800 1c0091dc d5f522e3 p.beqimm         x10, -700           x10:00000000
20424204ns          344802 1c0091e0 017005b3 add              x11, x0, x23        x11=00000002 x23:00000002
20424225ns          344803 1c0091e2 ff2049e3 blt              x0, x18, -14        x18:00000000
20424245ns          344804 1c0091e6 00412783 lw               x15, 4(x2)          x15=00000000  x2:10001f68  PA:10001f6c
20424265ns          344805 1c0091e8 01c12a03 lw               x20, 28(x2)         x20=10002010  x2:10001f68  PA:10001f84
20424285ns          344806 1c0091ea 00fa8733 add              x14, x21, x15       x14=00000004 x21:00000004 x15:00000000
20424306ns          344807 1c0091ee 00812783 lw               x15, 8(x2)          x15=00000001  x2:10001f68  PA:10001f70
20424326ns          344808 1c0091f0 00970733 add              x14, x14, x9        x14=00000004 x14:00000004  x9:00000000
20424366ns          344810 1c0091f2 00e78ab3 add              x21, x15, x14       x21=00000005 x15:00000001 x14:00000004
20424387ns          344811 1c0091f6 bf6059e3 bge              x0, x22, -1038      x22:ffffffff
20424548ns          344819 1c008de8 000d4503 lbu              x10, 0(x26)         x10=00000020 x26:1c0009b2  PA:1c0009b2
20424872ns          344835 1c008dec 001d0413 addi             x8, x26, 1           x8=1c0009b3 x26:1c0009b2
20424893ns          344836 1c008df0 0c050b63 beq              x10, x0, 214        x10:00000020
20424913ns          344837 1c008df2 02500793 addi             x15, x0, 37         x15=00000025
20424933ns          344838 1c008df6 fef513e3 bne              x10, x15, -26       x10:00000020 x15:00000025
20425095ns          344846 1c008ddc 017005b3 add              x11, x0, x23        x11=00000002 x23:00000002
20425115ns          344847 1c008dde 000980e7 jalr             x1, x19, 0           x1=1c008de0 x19:1c008d20
20425156ns          344849 1c008d20 f14027f3 csrrs            x15, x0, 0xf14      x15=00000006
20425176ns          344850 1c008d24 1a10f6b7 lui              x13, 0x1a10f000     x13=1a10f000
20425196ns          344851 1c008d28 ca5797b3 p.extractu       x15, x15, 5, 5      x15=00000000 x15:00000006
20425216ns          344852 1c008d2c f1402773 csrrs            x14, x0, 0xf14      x14=00000006
20425237ns          344853 1c008d30 00779793 slli             x15, x15, 0x7       x15=00000000 x15:00000000
20425257ns          344854 1c008d32 00371713 slli             x14, x14, 0x3       x14=00000030 x14:00000006
20425277ns          344855 1c008d34 0ff57513 andi             x10, x10, 255       x10=00000020 x10:00000020
20425297ns          344856 1c008d38 ee873733 p.bclr           x14, x14, 23, 8     x14=00000030 x14:00000030
20425318ns          344857 1c008d3c 00d787b3 add              x15, x15, x13       x15=1a10f000 x15:00000000 x13:1a10f000
20425338ns          344858 1c008d3e 00a767a3 p.sw             x10, x0(x14)        x10:00000020 x14:00000030  PA:1a10f030
20425662ns          344874 1c008d42 00000513 addi             x10, x0, 0          x10=00000000
20425682ns          344875 1c008d44 00008067 jalr             x0, x1, 0            x1:1c008de0
20425722ns          344877 1c008de0 15f52063 p.beqimm         x10, 320            x10:00000000
20425743ns          344878 1c008de4 001a8a93 addi             x21, x21, 1         x21=00000006 x21:00000005
20425763ns          344879 1c008de6 00800d33 add              x26, x0, x8         x26=1c0009b3  x8:1c0009b3
20425783ns          344880 1c008de8 000d4503 lbu              x10, 0(x26)         x10=00000054 x26:1c0009b3  PA:1c0009b3
20426087ns          344895 1c008dec 001d0413 addi             x8, x26, 1           x8=1c0009b4 x26:1c0009b3
20426107ns          344896 1c008df0 0c050b63 beq              x10, x0, 214        x10:00000054
20426127ns          344897 1c008df2 02500793 addi             x15, x0, 37         x15=00000025
20426147ns          344898 1c008df6 fef513e3 bne              x10, x15, -26       x10:00000054 x15:00000025
20426208ns          344901 1c008ddc 017005b3 add              x11, x0, x23        x11=00000002 x23:00000002
20426228ns          344902 1c008dde 000980e7 jalr             x1, x19, 0           x1=1c008de0 x19:1c008d20
20426269ns          344904 1c008d20 f14027f3 csrrs            x15, x0, 0xf14      x15=00000006
20426289ns          344905 1c008d24 1a10f6b7 lui              x13, 0x1a10f000     x13=1a10f000
20426309ns          344906 1c008d28 ca5797b3 p.extractu       x15, x15, 5, 5      x15=00000000 x15:00000006
20426330ns          344907 1c008d2c f1402773 csrrs            x14, x0, 0xf14      x14=00000006
20426350ns          344908 1c008d30 00779793 slli             x15, x15, 0x7       x15=00000000 x15:00000000
20426370ns          344909 1c008d32 00371713 slli             x14, x14, 0x3       x14=00000030 x14:00000006
20426390ns          344910 1c008d34 0ff57513 andi             x10, x10, 255       x10=00000054 x10:00000054
20426411ns          344911 1c008d38 ee873733 p.bclr           x14, x14, 23, 8     x14=00000030 x14:00000030
20426431ns          344912 1c008d3c 00d787b3 add              x15, x15, x13       x15=1a10f000 x15:00000000 x13:1a10f000
20426451ns          344913 1c008d3e 00a767a3 p.sw             x10, x0(x14)        x10:00000054 x14:00000030  PA:1a10f030
20426775ns          344929 1c008d42 00000513 addi             x10, x0, 0          x10=00000000
20426795ns          344930 1c008d44 00008067 jalr             x0, x1, 0            x1:1c008de0
20426836ns          344932 1c008de0 15f52063 p.beqimm         x10, 320            x10:00000000
20426856ns          344933 1c008de4 001a8a93 addi             x21, x21, 1         x21=00000007 x21:00000006
20426876ns          344934 1c008de6 00800d33 add              x26, x0, x8         x26=1c0009b4  x8:1c0009b4
20426896ns          344935 1c008de8 000d4503 lbu              x10, 0(x26)         x10=00000061 x26:1c0009b4  PA:1c0009b4
20427200ns          344950 1c008dec 001d0413 addi             x8, x26, 1           x8=1c0009b5 x26:1c0009b4
20427220ns          344951 1c008df0 0c050b63 beq              x10, x0, 214        x10:00000061
20427240ns          344952 1c008df2 02500793 addi             x15, x0, 37         x15=00000025
20427261ns          344953 1c008df6 fef513e3 bne              x10, x15, -26       x10:00000061 x15:00000025
20427321ns          344956 1c008ddc 017005b3 add              x11, x0, x23        x11=00000002 x23:00000002
20427342ns          344957 1c008dde 000980e7 jalr             x1, x19, 0           x1=1c008de0 x19:1c008d20
20427382ns          344959 1c008d20 f14027f3 csrrs            x15, x0, 0xf14      x15=00000006
20427402ns          344960 1c008d24 1a10f6b7 lui              x13, 0x1a10f000     x13=1a10f000
20427423ns          344961 1c008d28 ca5797b3 p.extractu       x15, x15, 5, 5      x15=00000000 x15:00000006
20427443ns          344962 1c008d2c f1402773 csrrs            x14, x0, 0xf14      x14=00000006
20427463ns          344963 1c008d30 00779793 slli             x15, x15, 0x7       x15=00000000 x15:00000000
20427483ns          344964 1c008d32 00371713 slli             x14, x14, 0x3       x14=00000030 x14:00000006
20427504ns          344965 1c008d34 0ff57513 andi             x10, x10, 255       x10=00000061 x10:00000061
20427524ns          344966 1c008d38 ee873733 p.bclr           x14, x14, 23, 8     x14=00000030 x14:00000030
20427544ns          344967 1c008d3c 00d787b3 add              x15, x15, x13       x15=1a10f000 x15:00000000 x13:1a10f000
20427564ns          344968 1c008d3e 00a767a3 p.sw             x10, x0(x14)        x10:00000061 x14:00000030  PA:1a10f030
20427888ns          344984 1c008d42 00000513 addi             x10, x0, 0          x10=00000000
20427908ns          344985 1c008d44 00008067 jalr             x0, x1, 0            x1:1c008de0
20427949ns          344987 1c008de0 15f52063 p.beqimm         x10, 320            x10:00000000
20427969ns          344988 1c008de4 001a8a93 addi             x21, x21, 1         x21=00000008 x21:00000007
20427989ns          344989 1c008de6 00800d33 add              x26, x0, x8         x26=1c0009b5  x8:1c0009b5
20428010ns          344990 1c008de8 000d4503 lbu              x10, 0(x26)         x10=00000073 x26:1c0009b5  PA:1c0009b5
20428313ns          345005 1c008dec 001d0413 addi             x8, x26, 1           x8=1c0009b6 x26:1c0009b5
20428333ns          345006 1c008df0 0c050b63 beq              x10, x0, 214        x10:00000073
20428354ns          345007 1c008df2 02500793 addi             x15, x0, 37         x15=00000025
20428374ns          345008 1c008df6 fef513e3 bne              x10, x15, -26       x10:00000073 x15:00000025
20428435ns          345011 1c008ddc 017005b3 add              x11, x0, x23        x11=00000002 x23:00000002
20428455ns          345012 1c008dde 000980e7 jalr             x1, x19, 0           x1=1c008de0 x19:1c008d20
20428495ns          345014 1c008d20 f14027f3 csrrs            x15, x0, 0xf14      x15=00000006
20428516ns          345015 1c008d24 1a10f6b7 lui              x13, 0x1a10f000     x13=1a10f000
20428536ns          345016 1c008d28 ca5797b3 p.extractu       x15, x15, 5, 5      x15=00000000 x15:00000006
20428556ns          345017 1c008d2c f1402773 csrrs            x14, x0, 0xf14      x14=00000006
20428576ns          345018 1c008d30 00779793 slli             x15, x15, 0x7       x15=00000000 x15:00000000
20428596ns          345019 1c008d32 00371713 slli             x14, x14, 0x3       x14=00000030 x14:00000006
20428617ns          345020 1c008d34 0ff57513 andi             x10, x10, 255       x10=00000073 x10:00000073
20428637ns          345021 1c008d38 ee873733 p.bclr           x14, x14, 23, 8     x14=00000030 x14:00000030
20428657ns          345022 1c008d3c 00d787b3 add              x15, x15, x13       x15=1a10f000 x15:00000000 x13:1a10f000
20428677ns          345023 1c008d3e 00a767a3 p.sw             x10, x0(x14)        x10:00000073 x14:00000030  PA:1a10f030
20429001ns          345039 1c008d42 00000513 addi             x10, x0, 0          x10=00000000
20429022ns          345040 1c008d44 00008067 jalr             x0, x1, 0            x1:1c008de0
20429062ns          345042 1c008de0 15f52063 p.beqimm         x10, 320            x10:00000000
20429082ns          345043 1c008de4 001a8a93 addi             x21, x21, 1         x21=00000009 x21:00000008
20429102ns          345044 1c008de6 00800d33 add              x26, x0, x8         x26=1c0009b6  x8:1c0009b6
20429123ns          345045 1c008de8 000d4503 lbu              x10, 0(x26)         x10=0000006b x26:1c0009b6  PA:1c0009b6
20429426ns          345060 1c008dec 001d0413 addi             x8, x26, 1           x8=1c0009b7 x26:1c0009b6
20429447ns          345061 1c008df0 0c050b63 beq              x10, x0, 214        x10:0000006b
20429467ns          345062 1c008df2 02500793 addi             x15, x0, 37         x15=00000025
20429487ns          345063 1c008df6 fef513e3 bne              x10, x15, -26       x10:0000006b x15:00000025
20429548ns          345066 1c008ddc 017005b3 add              x11, x0, x23        x11=00000002 x23:00000002
20429568ns          345067 1c008dde 000980e7 jalr             x1, x19, 0           x1=1c008de0 x19:1c008d20
20429608ns          345069 1c008d20 f14027f3 csrrs            x15, x0, 0xf14      x15=00000006
20429629ns          345070 1c008d24 1a10f6b7 lui              x13, 0x1a10f000     x13=1a10f000
20429649ns          345071 1c008d28 ca5797b3 p.extractu       x15, x15, 5, 5      x15=00000000 x15:00000006
20429669ns          345072 1c008d2c f1402773 csrrs            x14, x0, 0xf14      x14=00000006
20429689ns          345073 1c008d30 00779793 slli             x15, x15, 0x7       x15=00000000 x15:00000000
20429710ns          345074 1c008d32 00371713 slli             x14, x14, 0x3       x14=00000030 x14:00000006
20429730ns          345075 1c008d34 0ff57513 andi             x10, x10, 255       x10=0000006b x10:0000006b
20429750ns          345076 1c008d38 ee873733 p.bclr           x14, x14, 23, 8     x14=00000030 x14:00000030
20429770ns          345077 1c008d3c 00d787b3 add              x15, x15, x13       x15=1a10f000 x15:00000000 x13:1a10f000
20429791ns          345078 1c008d3e 00a767a3 p.sw             x10, x0(x14)        x10:0000006b x14:00000030  PA:1a10f030
20430114ns          345094 1c008d42 00000513 addi             x10, x0, 0          x10=00000000
20430135ns          345095 1c008d44 00008067 jalr             x0, x1, 0            x1:1c008de0
20430175ns          345097 1c008de0 15f52063 p.beqimm         x10, 320            x10:00000000
20430195ns          345098 1c008de4 001a8a93 addi             x21, x21, 1         x21=0000000a x21:00000009
20430216ns          345099 1c008de6 00800d33 add              x26, x0, x8         x26=1c0009b7  x8:1c0009b7
20430236ns          345100 1c008de8 000d4503 lbu              x10, 0(x26)         x10=00000020 x26:1c0009b7  PA:1c0009b7
20430540ns          345115 1c008dec 001d0413 addi             x8, x26, 1           x8=1c0009b8 x26:1c0009b7
20430560ns          345116 1c008df0 0c050b63 beq              x10, x0, 214        x10:00000020
20430580ns          345117 1c008df2 02500793 addi             x15, x0, 37         x15=00000025
20430600ns          345118 1c008df6 fef513e3 bne              x10, x15, -26       x10:00000020 x15:00000025
20430661ns          345121 1c008ddc 017005b3 add              x11, x0, x23        x11=00000002 x23:00000002
20430681ns          345122 1c008dde 000980e7 jalr             x1, x19, 0           x1=1c008de0 x19:1c008d20
20430722ns          345124 1c008d20 f14027f3 csrrs            x15, x0, 0xf14      x15=00000006
20430742ns          345125 1c008d24 1a10f6b7 lui              x13, 0x1a10f000     x13=1a10f000
20430762ns          345126 1c008d28 ca5797b3 p.extractu       x15, x15, 5, 5      x15=00000000 x15:00000006
20430782ns          345127 1c008d2c f1402773 csrrs            x14, x0, 0xf14      x14=00000006
20430803ns          345128 1c008d30 00779793 slli             x15, x15, 0x7       x15=00000000 x15:00000000
20430823ns          345129 1c008d32 00371713 slli             x14, x14, 0x3       x14=00000030 x14:00000006
20430843ns          345130 1c008d34 0ff57513 andi             x10, x10, 255       x10=00000020 x10:00000020
20430863ns          345131 1c008d38 ee873733 p.bclr           x14, x14, 23, 8     x14=00000030 x14:00000030
20430884ns          345132 1c008d3c 00d787b3 add              x15, x15, x13       x15=1a10f000 x15:00000000 x13:1a10f000
20430904ns          345133 1c008d3e 00a767a3 p.sw             x10, x0(x14)        x10:00000020 x14:00000030  PA:1a10f030
20431228ns          345149 1c008d42 00000513 addi             x10, x0, 0          x10=00000000
20431248ns          345150 1c008d44 00008067 jalr             x0, x1, 0            x1:1c008de0
20431288ns          345152 1c008de0 15f52063 p.beqimm         x10, 320            x10:00000000
20431309ns          345153 1c008de4 001a8a93 addi             x21, x21, 1         x21=0000000b x21:0000000a
20431329ns          345154 1c008de6 00800d33 add              x26, x0, x8         x26=1c0009b8  x8:1c0009b8
20431349ns          345155 1c008de8 000d4503 lbu              x10, 0(x26)         x10=00000025 x26:1c0009b8  PA:1c0009b8
20431653ns          345170 1c008dec 001d0413 addi             x8, x26, 1           x8=1c0009b9 x26:1c0009b8
20431673ns          345171 1c008df0 0c050b63 beq              x10, x0, 214        x10:00000025
20431693ns          345172 1c008df2 02500793 addi             x15, x0, 37         x15=00000025
20431713ns          345173 1c008df6 fef513e3 bne              x10, x15, -26       x10:00000025 x15:00000025
20431734ns          345174 1c008dfa 00012a23 sw               x0, 20(x2)           x2:10001f68  PA:10001f7c
20431754ns          345175 1c008dfc 00012823 sw               x0, 16(x2)           x2:10001f68  PA:10001f78
20431774ns          345176 1c008dfe 00012623 sw               x0, 12(x2)           x2:10001f68  PA:10001f74
20431794ns          345177 1c008e00 00012423 sw               x0, 8(x2)            x2:10001f68  PA:10001f70
20431815ns          345178 1c008e02 00012223 sw               x0, 4(x2)            x2:10001f68  PA:10001f6c
20431835ns          345179 1c008e04 02300493 addi             x9, x0, 35           x9=00000023
20431855ns          345180 1c008e08 02d00b13 addi             x22, x0, 45         x22=0000002d
20431875ns          345181 1c008e0c 00044c83 lbu              x25, 0(x8)          x25=00000064  x8:1c0009b9  PA:1c0009b9
20432199ns          345197 1c008e10 00140913 addi             x18, x8, 1          x18=1c0009ba  x8:1c0009b9
20432219ns          345198 1c008e14 019005b3 add              x11, x0, x25        x11=00000064 x25:00000064
20432240ns          345199 1c008e16 9d0c0513 addi             x10, x24, -1584     x10=1c0009d0 x24:1c001000
20432260ns          345200 1c008e1a 01200d33 add              x26, x0, x18        x26=1c0009ba x18:1c0009ba
20432280ns          345201 1c008e1c 01900db3 add              x27, x0, x25        x27=00000064 x25:00000064
20432300ns          345202 1c008e1e e89ff0ef jal              x1, -376             x1=1c008e20
20432483ns          345211 1c008ca6 00054783 lbu              x15, 0(x10)         x15=0000002d x10:1c0009d0  PA:1c0009d0
20432786ns          345226 1c008caa 0ff5f593 andi             x11, x11, 255       x11=00000064 x11:00000064
20432806ns          345227 1c008cae 00b78c63 beq              x15, x11, 24        x15:0000002d x11:00000064
20432827ns          345228 1c008cb2 00078b63 beq              x15, x0, 22         x15:0000002d
20432847ns          345229 1c008cb4 00150793 addi             x15, x10, 1         x15=1c0009d1 x10:1c0009d0
20432867ns          345230 1c008cb8 0040006f jal              x0, 4              
20432968ns          345235 1c008cbc 00f00533 add              x10, x0, x15        x10=1c0009d1 x15:1c0009d1
20432989ns          345236 1c008cbe 0017c70b p.lbu            x14, 1(x15!)        x14=0000002b x15=1c0009d2 x15:1c0009d1  PA:1c0009d1
20433312ns          345252 1c008cc2 feb71ce3 bne              x14, x11, -8        x14:0000002b x11:00000064
20433373ns          345255 1c008cba 00070763 beq              x14, x0, 14         x14:0000002b
20433393ns          345256 1c008cbc 00f00533 add              x10, x0, x15        x10=1c0009d2 x15:1c0009d2
20433414ns          345257 1c008cbe 0017c70b p.lbu            x14, 1(x15!)        x14=00000020 x15=1c0009d3 x15:1c0009d2  PA:1c0009d2
20433737ns          345273 1c008cc2 feb71ce3 bne              x14, x11, -8        x14:00000020 x11:00000064
20433798ns          345276 1c008cba 00070763 beq              x14, x0, 14         x14:00000020
20433818ns          345277 1c008cbc 00f00533 add              x10, x0, x15        x10=1c0009d3 x15:1c0009d3
20433839ns          345278 1c008cbe 0017c70b p.lbu            x14, 1(x15!)        x14=00000023 x15=1c0009d4 x15:1c0009d3  PA:1c0009d3
20434162ns          345294 1c008cc2 feb71ce3 bne              x14, x11, -8        x14:00000023 x11:00000064
20434223ns          345297 1c008cba 00070763 beq              x14, x0, 14         x14:00000023
20434243ns          345298 1c008cbc 00f00533 add              x10, x0, x15        x10=1c0009d4 x15:1c0009d4
20434264ns          345299 1c008cbe 0017c70b p.lbu            x14, 1(x15!)        x14=00000030 x15=1c0009d5 x15:1c0009d4  PA:1c0009d4
20434588ns          345315 1c008cc2 feb71ce3 bne              x14, x11, -8        x14:00000030 x11:00000064
20434648ns          345318 1c008cba 00070763 beq              x14, x0, 14         x14:00000030
20434668ns          345319 1c008cbc 00f00533 add              x10, x0, x15        x10=1c0009d5 x15:1c0009d5
20434689ns          345320 1c008cbe 0017c70b p.lbu            x14, 1(x15!)        x14=00000000 x15=1c0009d6 x15:1c0009d5  PA:1c0009d5
20435013ns          345336 1c008cc2 feb71ce3 bne              x14, x11, -8        x14:00000000 x11:00000064
20435073ns          345339 1c008cba 00070763 beq              x14, x0, 14         x14:00000000
20435134ns          345342 1c008cc8 0015b593 sltiu            x11, x11, 1         x11=00000000 x11:00000064
20435154ns          345343 1c008ccc 40b005b3 sub              x11, x0, x11        x11=00000000 x11:00000000
20435174ns          345344 1c008cd0 00b57533 and              x10, x10, x11       x10=00000000 x10:1c0009d5 x11:00000000
20435195ns          345345 1c008cd2 00008067 jalr             x0, x1, 0            x1:1c008e20
20435235ns          345347 1c008e20 02050b63 beq              x10, x0, 54         x10:00000000
20435519ns          345361 1c008e56 02a00693 addi             x13, x0, 42         x13=0000002a
20435539ns          345362 1c008e5a 2edc8263 beq              x25, x13, 740       x25:00000064 x13:0000002a
20435600ns          345365 1c008e5e fd0c8693 addi             x13, x25, -48       x13=00000034 x25:00000064
20435620ns          345366 1c008e62 00900593 addi             x11, x0, 9          x11=00000009
20435640ns          345367 1c008e64 00000b13 addi             x22, x0, 0          x22=00000000
20435660ns          345368 1c008e66 0cd5fd63 bgeu             x11, x13, 218       x11:00000009 x13:00000034
20435680ns          345369 1c008e6a 02e00793 addi             x15, x0, 46         x15=0000002e
20435741ns          345372 1c008e6e 28fd8663 beq              x27, x15, 652       x27:00000064 x15:0000002e
20435761ns          345373 1c008e72 01b00433 add              x8, x0, x27          x8=00000064 x27:00000064
20435782ns          345374 1c008e74 fff00493 addi             x9, x0, -1           x9=ffffffff
20435802ns          345375 1c008e76 1c001737 lui              x14, 0x1c001000     x14=1c001000
20435822ns          345376 1c008e7a 01b005b3 add              x11, x0, x27        x11=00000064 x27:00000064
20435842ns          345377 1c008e7c 9d870513 addi             x10, x14, -1576     x10=1c0009d8 x14:1c001000
20435883ns          345379 1c008e80 e27ff0ef jal              x1, -474             x1=1c008e82
20435944ns          345382 1c008ca6 00054783 lbu              x15, 0(x10)         x15=00000068 x10:1c0009d8  PA:1c0009d8
20436247ns          345397 1c008caa 0ff5f593 andi             x11, x11, 255       x11=00000064 x11:00000064
20436267ns          345398 1c008cae 00b78c63 beq              x15, x11, 24        x15:00000068 x11:00000064
20436288ns          345399 1c008cb2 00078b63 beq              x15, x0, 22         x15:00000068
20436308ns          345400 1c008cb4 00150793 addi             x15, x10, 1         x15=1c0009d9 x10:1c0009d8
20436328ns          345401 1c008cb8 0040006f jal              x0, 4              
20436369ns          345403 1c008cbc 00f00533 add              x10, x0, x15        x10=1c0009d9 x15:1c0009d9
20436389ns          345404 1c008cbe 0017c70b p.lbu            x14, 1(x15!)        x14=0000006c x15=1c0009da x15:1c0009d9  PA:1c0009d9
20436713ns          345420 1c008cc2 feb71ce3 bne              x14, x11, -8        x14:0000006c x11:00000064
20436773ns          345423 1c008cba 00070763 beq              x14, x0, 14         x14:0000006c
20436794ns          345424 1c008cbc 00f00533 add              x10, x0, x15        x10=1c0009da x15:1c0009da
20436814ns          345425 1c008cbe 0017c70b p.lbu            x14, 1(x15!)        x14=0000007a x15=1c0009db x15:1c0009da  PA:1c0009da
20437138ns          345441 1c008cc2 feb71ce3 bne              x14, x11, -8        x14:0000007a x11:00000064
20437198ns          345444 1c008cba 00070763 beq              x14, x0, 14         x14:0000007a
20437219ns          345445 1c008cbc 00f00533 add              x10, x0, x15        x10=1c0009db x15:1c0009db
20437239ns          345446 1c008cbe 0017c70b p.lbu            x14, 1(x15!)        x14=00000000 x15=1c0009dc x15:1c0009db  PA:1c0009db
20437563ns          345462 1c008cc2 feb71ce3 bne              x14, x11, -8        x14:00000000 x11:00000064
20437624ns          345465 1c008cba 00070763 beq              x14, x0, 14         x14:00000000
20437684ns          345468 1c008cc8 0015b593 sltiu            x11, x11, 1         x11=00000000 x11:00000064
20437704ns          345469 1c008ccc 40b005b3 sub              x11, x0, x11        x11=00000000 x11:00000000
20437725ns          345470 1c008cd0 00b57533 and              x10, x10, x11       x10=00000000 x10:1c0009db x11:00000000
20437745ns          345471 1c008cd2 00008067 jalr             x0, x1, 0            x1:1c008e82
20437785ns          345473 1c008e82 00000793 addi             x15, x0, 0          x15=00000000
20437806ns          345474 1c008e84 00050f63 beq              x10, x0, 30         x10:00000000
20437947ns          345481 1c008ea2 06700693 addi             x13, x0, 103        x13=00000067
20437968ns          345482 1c008ea6 0bb6ee63 bltu             x13, x27, 188       x13:00000067 x27:00000064
20437988ns          345483 1c008eaa 06500693 addi             x13, x0, 101        x13=00000065
20438049ns          345486 1c008eae 3addf2e3 bgeu             x27, x13, 2980      x27:00000064 x13:00000065
20438089ns          345488 1c008eb2 04700693 addi             x13, x0, 71         x13=00000047
20438109ns          345489 1c008eb6 39b6ed63 bltu             x13, x27, 922       x13:00000047 x27:00000064
20438271ns          345497 1c009250 06300693 addi             x13, x0, 99         x13=00000063
20438312ns          345499 1c009254 70dd8c63 beq              x27, x13, 1816      x27:00000064 x13:00000063
20438332ns          345500 1c009258 d3b6e5e3 bltu             x13, x27, -726      x13:00000063 x27:00000064
20438534ns          345510 1c008f82 06c00693 addi             x13, x0, 108        x13=0000006c
20438555ns          345511 1c008f86 00d78a63 beq              x15, x13, 20        x15:00000000 x13:0000006c
20438575ns          345512 1c008f8a 07a00693 addi             x13, x0, 122        x13=0000007a
20438636ns          345515 1c008f8e 00d78663 beq              x15, x13, 12        x15:00000000 x13:0000007a
20438676ns          345517 1c008f92 04c00693 addi             x13, x0, 76         x13=0000004c
20438696ns          345518 1c008f96 5ed78de3 beq              x15, x13, 3578      x15:00000000 x13:0000004c
20438716ns          345519 1c008f9a 000a2783 lw               x15, 0(x20)         x15=00000002 x20:10002010  PA:10002010
20438737ns          345520 1c008f9e 004a0a13 addi             x20, x20, 4         x20=10002014 x20:10002010
20438777ns          345522 1c008fa0 41f7d713 srai             x14, x15, 0x41f     x14=00000000 x15:00000002
20438818ns          345524 1c008fa4 01412e23 sw               x20, 28(x2)         x20:10002014  x2:10001f68  PA:10001f84
20438838ns          345525 1c008fa6 00e12223 sw               x14, 4(x2)          x14:00000000  x2:10001f68  PA:10001f6c
20438858ns          345526 1c008fa8 4e0741e3 blt              x14, x0, 3298       x14:00000000
20438878ns          345527 1c008fac 00c12703 lw               x14, 12(x2)         x14=00000000  x2:10001f68  PA:10001f74
20438919ns          345529 1c008fae 440709e3 beq              x14, x0, 3154       x14:00000000
20439020ns          345534 1c009c00 01012703 lw               x14, 16(x2)         x14=00000000  x2:10001f68  PA:10001f78
20439061ns          345536 1c009c02 22070063 beq              x14, x0, 544        x14:00000000
20439162ns          345541 1c009e22 00412c83 lw               x25, 4(x2)          x25=00000000  x2:10001f68  PA:10001f6c
20439202ns          345543 1c009e24 02410a13 addi             x20, x2, 36         x20=10001f8c  x2:10001f68
20439222ns          345544 1c009e28 998ff06f jal              x0, -3688          
20439303ns          345548 1c008fc0 00f00433 add              x8, x0, x15          x8=00000002 x15:00000002
20439324ns          345549 1c008fc2 01400db3 add              x27, x0, x20        x27=10001f8c x20:10001f8c
20439344ns          345550 1c008fc4 0040006f jal              x0, 4              
20439384ns          345552 1c008fc8 00a00613 addi             x12, x0, 10         x12=0000000a
20439405ns          345553 1c008fca 00000693 addi             x13, x0, 0          x13=00000000
20439425ns          345554 1c008fcc 00800533 add              x10, x0, x8         x10=00000002  x8:00000002
20439445ns          345555 1c008fce 019005b3 add              x11, x0, x25        x11=00000000 x25:00000000
20439465ns          345556 1c008fd0 c2aff0ef jal              x1, -3030            x1=1c008fd4
20439546ns          345560 1c0083fa 00c008b3 add              x17, x0, x12        x17=0000000a x12:0000000a
20439587ns          345562 1c0083fc 00d00733 add              x14, x0, x13        x14=00000000 x13:00000000
20439607ns          345563 1c0083fe 00a007b3 add              x15, x0, x10        x15=00000002 x10:00000002
20439648ns          345565 1c008400 00b00833 add              x16, x0, x11        x16=00000000 x11:00000000
20439688ns          345567 1c008402 1c069863 bne              x13, x0, 464        x13:00000000
20439708ns          345568 1c008406 1c0016b7 lui              x13, 0x1c001000     x13=1c001000
20439728ns          345569 1c00840a 86868693 addi             x13, x13, -1944     x13=1c000868 x13:1c001000
20439789ns          345572 1c00840e 0ac5f863 bgeu             x11, x12, 176       x11:00000000 x12:0000000a
20439809ns          345573 1c008412 00010337 lui              x6, 0x10000          x6=00010000
20439830ns          345574 1c008414 08667e63 bgeu             x12, x6, 156        x12:0000000a  x6:00010000
20439850ns          345575 1c008418 0ff00313 addi             x6, x0, 255          x6=000000ff
20439870ns          345576 1c00841c 00c37363 bgeu             x6, x12, 6           x6:000000ff x12:0000000a
20439992ns          345582 1c008422 00e65333 srl              x6, x12, x14         x6=0000000a x12:0000000a x14:00000000
20440012ns          345583 1c008426 006686b3 add              x13, x13, x6        x13=1c000872 x13:1c000868  x6:0000000a
20440032ns          345584 1c008428 0006ce03 lbu              x28, 0(x13)         x28=00000004 x13:1c000872  PA:1c000872
20440336ns          345599 1c00842c 02000313 addi             x6, x0, 32           x6=00000020
20440356ns          345600 1c008430 00ee0e33 add              x28, x28, x14       x28=00000004 x28:00000004 x14:00000000
20440376ns          345601 1c008432 41c30333 sub              x6, x6, x28          x6=0000001c  x6:00000020 x28:00000004
20440396ns          345602 1c008436 00030c63 beq              x6, x0, 24           x6:0000001c
20440417ns          345603 1c00843a 006595b3 sll              x11, x11, x6        x11=00000000 x11:00000000  x6:0000001c
20440477ns          345606 1c00843e 01c55e33 srl              x28, x10, x28       x28=00000000 x10:00000002 x28:00000004
20440518ns          345608 1c008442 006618b3 sll              x17, x12, x6        x17=a0000000 x12:0000000a  x6:0000001c
20440538ns          345609 1c008446 00be6833 or               x16, x28, x11       x16=00000000 x28:00000000 x11:00000000
20440558ns          345610 1c00844a 006517b3 sll              x15, x10, x6        x15=20000000 x10:00000002  x6:0000001c
20440619ns          345613 1c00844e 0108d613 srli             x12, x17, 0x10      x12=0000a000 x17:a0000000
20440660ns          345615 1c008452 02c87733 remu             x14, x16, x12       x14=00000000 x16:00000000 x12:0000a000
20441044ns          345634 1c008456 02c85833 divu             x16, x16, x12       x16=00000000 x16:00000000 x12:0000a000
20441429ns          345653 1c00845a 01089513 slli             x10, x17, 0x10      x10=00000000 x17:a0000000
20441449ns          345654 1c00845e 01055513 srli             x10, x10, 0x10      x10=00000000 x10:00000000
20441469ns          345655 1c008460 01071713 slli             x14, x14, 0x10      x14=00000000 x14:00000000
20441489ns          345656 1c008462 0107d693 srli             x13, x15, 0x10      x13=00002000 x15:20000000
20441510ns          345657 1c008466 03050833 mul              x16, x10, x16       x16=00000000 x10:00000000 x16:00000000
20441530ns          345658 1c00846a 00e6e6b3 or               x13, x13, x14       x13=00002000 x13:00002000 x14:00000000
20441550ns          345659 1c00846c 0106f863 bgeu             x13, x16, 16        x13:00002000 x16:00000000
20441611ns          345662 1c00847c 410686b3 sub              x13, x13, x16       x13=00002000 x13:00002000 x16:00000000
20441672ns          345665 1c008480 02c6f733 remu             x14, x13, x12       x14=00002000 x13:00002000 x12:0000a000
20442076ns          345685 1c008484 02c6d6b3 divu             x13, x13, x12       x13=00000000 x13:00002000 x12:0000a000
20442461ns          345704 1c008488 01079793 slli             x15, x15, 0x10      x15=00000000 x15:20000000
20442481ns          345705 1c00848a 02d506b3 mul              x13, x10, x13       x13=00000000 x10:00000000 x13:00000000
20442501ns          345706 1c00848e 0107d793 srli             x15, x15, 0x10      x15=00000000 x15:00000000
20442522ns          345707 1c008490 01071513 slli             x10, x14, 0x10      x10=20000000 x14:00002000
20442542ns          345708 1c008494 00a7e7b3 or               x15, x15, x10       x15=20000000 x15:00000000 x10:20000000
20442562ns          345709 1c008496 00d7f863 bgeu             x15, x13, 16        x15:20000000 x13:00000000
20443048ns          345733 1c0084a6 40d787b3 sub              x15, x15, x13       x15=20000000 x15:20000000 x13:00000000
20443068ns          345734 1c0084a8 0067d533 srl              x10, x15, x6        x10=00000002 x15:20000000  x6:0000001c
20443088ns          345735 1c0084ac 00000593 addi             x11, x0, 0          x11=00000000
20443109ns          345736 1c0084ae 00008067 jalr             x0, x1, 0            x1:1c008fd4
20443190ns          345740 1c008fd4 00a00933 add              x18, x0, x10        x18=00000002 x10:00000002
20443210ns          345741 1c008fd6 019005b3 add              x11, x0, x25        x11=00000000 x25:00000000
20443230ns          345742 1c008fd8 00800533 add              x10, x0, x8         x10=00000002  x8:00000002
20443250ns          345743 1c008fda 00a00613 addi             x12, x0, 10         x12=0000000a
20443270ns          345744 1c008fdc 00000693 addi             x13, x0, 0          x13=00000000
20443331ns          345747 1c008fde 8beff0ef jal              x1, -3906            x1=1c008fe2
20443412ns          345751 1c00809c 00b007b3 add              x15, x0, x11        x15=00000000 x11:00000000
20443432ns          345752 1c00809e 00c00833 add              x16, x0, x12        x16=0000000a x12:0000000a
20443493ns          345755 1c0080a0 00d008b3 add              x17, x0, x13        x17=00000000 x13:00000000
20443513ns          345756 1c0080a2 00a00333 add              x6, x0, x10          x6=00000002 x10:00000002
20443534ns          345757 1c0080a4 20069663 bne              x13, x0, 524        x13:00000000
20443554ns          345758 1c0080a8 1c001737 lui              x14, 0x1c001000     x14=1c001000
20443574ns          345759 1c0080ac 86870713 addi             x14, x14, -1944     x14=1c000868 x14:1c001000
20443635ns          345762 1c0080b0 0ac5fe63 bgeu             x11, x12, 188       x11:00000000 x12:0000000a
20443675ns          345764 1c0080b4 000106b7 lui              x13, 0x10000        x13=00010000
20443696ns          345765 1c0080b6 0ad67463 bgeu             x12, x13, 168       x12:0000000a x13:00010000
20443716ns          345766 1c0080ba 0ff00693 addi             x13, x0, 255        x13=000000ff
20443776ns          345769 1c0080be 00c6b6b3 sltu             x13, x13, x12       x13=00000000 x13:000000ff x12:0000000a
20443797ns          345770 1c0080c2 00369693 slli             x13, x13, 0x3       x13=00000000 x13:00000000
20443817ns          345771 1c0080c4 00d658b3 srl              x17, x12, x13       x17=0000000a x12:0000000a x13:00000000
20443837ns          345772 1c0080c8 01170733 add              x14, x14, x17       x14=1c000872 x14:1c000868 x17:0000000a
20443857ns          345773 1c0080ca 00074703 lbu              x14, 0(x14)         x14=00000004 x14:1c000872  PA:1c000872
20444181ns          345789 1c0080ce 00e686b3 add              x13, x13, x14       x13=00000004 x13:00000000 x14:00000004
20444202ns          345790 1c0080d0 02000713 addi             x14, x0, 32         x14=00000020
20444222ns          345791 1c0080d4 40d70733 sub              x14, x14, x13       x14=0000001c x14:00000020 x13:00000004
20444242ns          345792 1c0080d6 00070b63 beq              x14, x0, 22         x14:0000001c
20444262ns          345793 1c0080d8 00e797b3 sll              x15, x15, x14       x15=00000000 x15:00000000 x14:0000001c
20444282ns          345794 1c0080dc 00d556b3 srl              x13, x10, x13       x13=00000000 x10:00000002 x13:00000004
20444323ns          345796 1c0080e0 00e61833 sll              x16, x12, x14       x16=a0000000 x12:0000000a x14:0000001c
20444363ns          345798 1c0080e4 00f6e5b3 or               x11, x13, x15       x11=00000000 x13:00000000 x15:00000000
20444384ns          345799 1c0080e8 00e51333 sll              x6, x10, x14         x6=20000000 x10:00000002 x14:0000001c
20444404ns          345800 1c0080ec 01085513 srli             x10, x16, 0x10      x10=0000a000 x16:a0000000
20444465ns          345803 1c0080f0 02a5f733 remu             x14, x11, x10       x14=00000000 x11:00000000 x10:0000a000
20444869ns          345823 1c0080f4 02a5d7b3 divu             x15, x11, x10       x15=00000000 x11:00000000 x10:0000a000
20445254ns          345842 1c0080f8 01081613 slli             x12, x16, 0x10      x12=00000000 x16:a0000000
20445274ns          345843 1c0080fc 01071713 slli             x14, x14, 0x10      x14=00000000 x14:00000000
20445294ns          345844 1c0080fe 01065613 srli             x12, x12, 0x10      x12=00000000 x12:00000000
20445315ns          345845 1c008100 01035693 srli             x13, x6, 0x10       x13=00002000  x6:20000000
20445335ns          345846 1c008104 00e6e6b3 or               x13, x13, x14       x13=00002000 x13:00002000 x14:00000000
20445355ns          345847 1c008106 02f605b3 mul              x11, x12, x15       x11=00000000 x12:00000000 x15:00000000
20445375ns          345848 1c00810a 00f00733 add              x14, x0, x15        x14=00000000 x15:00000000
20445396ns          345849 1c00810c 00b6fc63 bgeu             x13, x11, 24        x13:00002000 x11:00000000
20445821ns          345870 1c008124 40b686b3 sub              x13, x13, x11       x13=00002000 x13:00002000 x11:00000000
20445861ns          345872 1c008126 02a6f7b3 remu             x15, x13, x10       x15=00002000 x13:00002000 x10:0000a000
20446246ns          345891 1c00812a 02a6d6b3 divu             x13, x13, x10       x13=00000000 x13:00002000 x10:0000a000
20446630ns          345910 1c00812e 01031313 slli             x6, x6, 0x10         x6=00000000  x6:20000000
20446651ns          345911 1c008130 01079793 slli             x15, x15, 0x10      x15=20000000 x15:00002000
20446671ns          345912 1c008132 01035313 srli             x6, x6, 0x10         x6=00000000  x6:00000000
20446691ns          345913 1c008136 02d605b3 mul              x11, x12, x13       x11=00000000 x12:00000000 x13:00000000
20446711ns          345914 1c00813a 0067e333 or               x6, x15, x6          x6=20000000 x15:20000000  x6:00000000
20446732ns          345915 1c00813e 00d00533 add              x10, x0, x13        x10=00000000 x13:00000000
20446772ns          345917 1c008140 00b37b63 bgeu             x6, x11, 22          x6:20000000 x11:00000000
20446873ns          345922 1c008156 01071713 slli             x14, x14, 0x10      x14=00000000 x14:00000000
20446914ns          345924 1c008158 00a76733 or               x14, x14, x10       x14=00000000 x14:00000000 x10:00000000
20446934ns          345925 1c00815a 00000593 addi             x11, x0, 0          x11=00000000
20446954ns          345926 1c00815c 0b20006f jal              x0, 178            
20447076ns          345932 1c00820e 00e00533 add              x10, x0, x14        x10=00000000 x14:00000000
20447116ns          345934 1c008210 00008067 jalr             x0, x1, 0            x1:1c008fe2
20447177ns          345937 1c008fe2 03090913 addi             x18, x18, 48        x18=00000032 x18:00000002
20447197ns          345938 1c008fe6 012d8023 sb               x18, 0(x27)         x18:00000032 x27:10001f8c  PA:10001f8c
20447238ns          345940 1c008fea 00a5e7b3 or               x15, x11, x10       x15=00000000 x11:00000000 x10:00000000
20447318ns          345944 1c008fee 001d8913 addi             x18, x27, 1         x18=10001f8d x27:10001f8c
20447339ns          345945 1c008ff2 00a00433 add              x8, x0, x10          x8=00000000 x10:00000000
20447359ns          345946 1c008ff4 00b00cb3 add              x25, x0, x11        x25=00000000 x11:00000000
20447379ns          345947 1c008ff6 fc0798e3 bne              x15, x0, -48        x15:00000000
20447399ns          345948 1c008ff8 00090023 sb               x0, 0(x18)          x18:10001f8d  PA:10001f8d
20447420ns          345949 1c008ffc 01ba7d63 bgeu             x20, x27, 26        x20:10001f8c x27:10001f8c
20447541ns          345955 1c009016 00012783 lw               x15, 0(x2)          x15=10001f8c  x2:10001f68  PA:10001f68
20447582ns          345957 1c009018 00c12703 lw               x14, 12(x2)         x14=00000000  x2:10001f68  PA:10001f74
20447602ns          345958 1c00901a 40f90933 sub              x18, x18, x15       x18=00000001 x18:10001f8d x15:10001f8c
20447663ns          345961 1c00901e 3c071de3 bne              x14, x0, 3034       x14:00000000
20447683ns          345962 1c009022 01012783 lw               x15, 16(x2)         x15=00000000  x2:10001f68  PA:10001f78
20447723ns          345964 1c009024 3c079ae3 bne              x15, x0, 3028       x15:00000000
20447744ns          345965 1c009028 00412703 lw               x14, 4(x2)          x14=00000000  x2:10001f68  PA:10001f6c
20447865ns          345971 1c00902a 01f75713 srli             x14, x14, 0x1f      x14=00000000 x14:00000000
20447885ns          345972 1c00902c 00e12223 sw               x14, 4(x2)          x14:00000000  x2:10001f68  PA:10001f6c
20447926ns          345974 1c00902e 3404c463 blt              x9, x0, 840          x9:ffffffff
20448027ns          345979 1c009376 00000c93 addi             x25, x0, 0          x25=00000000
20448067ns          345981 1c009378 00012c23 sw               x0, 24(x2)           x2:10001f68  PA:10001f80
20448088ns          345982 1c00937a 00000a13 addi             x20, x0, 0          x20=00000000
20448108ns          345983 1c00937c 01412783 lw               x15, 20(x2)         x15=00000000  x2:10001f68  PA:10001f7c
20448148ns          345985 1c00937e 5e078163 beq              x15, x0, 1506       x15:00000000
20448250ns          345990 1c009960 412b0b33 sub              x22, x22, x18       x22=ffffffff x22:00000000 x18:00000001
20448290ns          345992 1c009964 02410413 addi             x8, x2, 36           x8=10001f8c  x2:10001f68
20448310ns          345993 1c009966 00000493 addi             x9, x0, 0            x9=00000000
20448330ns          345994 1c009968 ee6ff06f jal              x0, -2330          
20448513ns          346003 1c00904e 00812703 lw               x14, 8(x2)          x14=00000000  x2:10001f68  PA:10001f70
20448594ns          346007 1c009050 02071063 bne              x14, x0, 32         x14:00000000
20448634ns          346009 1c009052 01605f63 bge              x0, x22, 30         x22:ffffffff
20448735ns          346014 1c009070 00412783 lw               x15, 4(x2)          x15=00000000  x2:10001f68  PA:10001f6c
20448776ns          346016 1c009072 00f40db3 add              x27, x8, x15        x27=10001f8c  x8:10001f8c x15:00000000
20448796ns          346017 1c009076 00c0006f jal              x0, 12             
20448877ns          346021 1c009082 017005b3 add              x11, x0, x23        x11=00000002 x23:00000002
20448917ns          346023 1c009084 ffb41ae3 bne              x8, x27, -12         x8:10001f8c x27:10001f8c
20448938ns          346024 1c009088 00900db3 add              x27, x0, x9         x27=00000000  x9:00000000
20448958ns          346025 1c00908a 0080006f jal              x0, 8              
20449059ns          346030 1c009092 fffd8d93 addi             x27, x27, -1        x27=ffffffff x27:00000000
20449079ns          346031 1c009094 017005b3 add              x11, x0, x23        x11=00000002 x23:00000002
20449100ns          346032 1c009096 03000513 addi             x10, x0, 48         x10=00000030
20449120ns          346033 1c00909a fffdb9e3 p.bneimm         x27, -14            x27:ffffffff
20449140ns          346034 1c00909e 00412703 lw               x14, 4(x2)          x14=00000000  x2:10001f68  PA:10001f6c
20449181ns          346036 1c0090a0 40e90933 sub              x18, x18, x14       x18=00000001 x18:00000001 x14:00000000
20449221ns          346038 1c0090a4 01212423 sw               x18, 8(x2)          x18:00000001  x2:10001f68  PA:10001f70
20449241ns          346039 1c0090a6 e40a15e3 bne              x20, x0, -438       x20:00000000
20449262ns          346040 1c0090aa 01812783 lw               x15, 24(x2)         x15=00000000  x2:10001f68  PA:10001f80
20449302ns          346042 1c0090ac 16079763 bne              x15, x0, 366        x15:00000000
20449322ns          346043 1c0090b0 120c8863 beq              x25, x0, 304        x25:00000000
20449423ns          346048 1c0091e0 017005b3 add              x11, x0, x23        x11=00000002 x23:00000002
20449464ns          346050 1c0091e2 ff2049e3 blt              x0, x18, -14        x18:00000001
20449565ns          346055 1c0091d4 0014450b p.lbu            x10, 1(x8!)         x10=00000032  x8=10001f8d  x8:10001f8c  PA:10001f8c
20449606ns          346057 1c0091d8 fff90913 addi             x18, x18, -1        x18=00000000 x18:00000001
20449626ns          346058 1c0091da 000980e7 jalr             x1, x19, 0           x1=1c0091dc x19:1c008d20
20449666ns          346060 1c008d20 f14027f3 csrrs            x15, x0, 0xf14      x15=00000006
20449687ns          346061 1c008d24 1a10f6b7 lui              x13, 0x1a10f000     x13=1a10f000
20449707ns          346062 1c008d28 ca5797b3 p.extractu       x15, x15, 5, 5      x15=00000000 x15:00000006
20449727ns          346063 1c008d2c f1402773 csrrs            x14, x0, 0xf14      x14=00000006
20449788ns          346066 1c008d30 00779793 slli             x15, x15, 0x7       x15=00000000 x15:00000000
20449808ns          346067 1c008d32 00371713 slli             x14, x14, 0x3       x14=00000030 x14:00000006
20449828ns          346068 1c008d34 0ff57513 andi             x10, x10, 255       x10=00000032 x10:00000032
20449848ns          346069 1c008d38 ee873733 p.bclr           x14, x14, 23, 8     x14=00000030 x14:00000030
20449869ns          346070 1c008d3c 00d787b3 add              x15, x15, x13       x15=1a10f000 x15:00000000 x13:1a10f000
20449889ns          346071 1c008d3e 00a767a3 p.sw             x10, x0(x14)        x10:00000032 x14:00000030  PA:1a10f030
20450354ns          346094 1c008d42 00000513 addi             x10, x0, 0          x10=00000000
20450375ns          346095 1c008d44 00008067 jalr             x0, x1, 0            x1:1c0091dc
20450415ns          346097 1c0091dc d5f522e3 p.beqimm         x10, -700           x10:00000000
20450435ns          346098 1c0091e0 017005b3 add              x11, x0, x23        x11=00000002 x23:00000002
20450456ns          346099 1c0091e2 ff2049e3 blt              x0, x18, -14        x18:00000000
20450476ns          346100 1c0091e6 00412783 lw               x15, 4(x2)          x15=00000000  x2:10001f68  PA:10001f6c
20450496ns          346101 1c0091e8 01c12a03 lw               x20, 28(x2)         x20=10002014  x2:10001f68  PA:10001f84
20450516ns          346102 1c0091ea 00fa8733 add              x14, x21, x15       x14=0000000b x21:0000000b x15:00000000
20450537ns          346103 1c0091ee 00812783 lw               x15, 8(x2)          x15=00000001  x2:10001f68  PA:10001f70
20450557ns          346104 1c0091f0 00970733 add              x14, x14, x9        x14=0000000b x14:0000000b  x9:00000000
20450577ns          346105 1c0091f2 00e78ab3 add              x21, x15, x14       x21=0000000c x15:00000001 x14:0000000b
20450597ns          346106 1c0091f6 bf6059e3 bge              x0, x22, -1038      x22:ffffffff
20450759ns          346114 1c008de8 000d4503 lbu              x10, 0(x26)         x10=0000003a x26:1c0009ba  PA:1c0009ba
20451083ns          346130 1c008dec 001d0413 addi             x8, x26, 1           x8=1c0009bb x26:1c0009ba
20451103ns          346131 1c008df0 0c050b63 beq              x10, x0, 214        x10:0000003a
20451124ns          346132 1c008df2 02500793 addi             x15, x0, 37         x15=00000025
20451144ns          346133 1c008df6 fef513e3 bne              x10, x15, -26       x10:0000003a x15:00000025
20451306ns          346141 1c008ddc 017005b3 add              x11, x0, x23        x11=00000002 x23:00000002
20451326ns          346142 1c008dde 000980e7 jalr             x1, x19, 0           x1=1c008de0 x19:1c008d20
20451366ns          346144 1c008d20 f14027f3 csrrs            x15, x0, 0xf14      x15=00000006
20451387ns          346145 1c008d24 1a10f6b7 lui              x13, 0x1a10f000     x13=1a10f000
20451407ns          346146 1c008d28 ca5797b3 p.extractu       x15, x15, 5, 5      x15=00000000 x15:00000006
20451427ns          346147 1c008d2c f1402773 csrrs            x14, x0, 0xf14      x14=00000006
20451447ns          346148 1c008d30 00779793 slli             x15, x15, 0x7       x15=00000000 x15:00000000
20451468ns          346149 1c008d32 00371713 slli             x14, x14, 0x3       x14=00000030 x14:00000006
20451488ns          346150 1c008d34 0ff57513 andi             x10, x10, 255       x10=0000003a x10:0000003a
20451508ns          346151 1c008d38 ee873733 p.bclr           x14, x14, 23, 8     x14=00000030 x14:00000030
20451528ns          346152 1c008d3c 00d787b3 add              x15, x15, x13       x15=1a10f000 x15:00000000 x13:1a10f000
20451549ns          346153 1c008d3e 00a767a3 p.sw             x10, x0(x14)        x10:0000003a x14:00000030  PA:1a10f030
20451872ns          346169 1c008d42 00000513 addi             x10, x0, 0          x10=00000000
20451893ns          346170 1c008d44 00008067 jalr             x0, x1, 0            x1:1c008de0
20451933ns          346172 1c008de0 15f52063 p.beqimm         x10, 320            x10:00000000
20451953ns          346173 1c008de4 001a8a93 addi             x21, x21, 1         x21=0000000d x21:0000000c
20451974ns          346174 1c008de6 00800d33 add              x26, x0, x8         x26=1c0009bb  x8:1c0009bb
20451994ns          346175 1c008de8 000d4503 lbu              x10, 0(x26)         x10=00000020 x26:1c0009bb  PA:1c0009bb
20452298ns          346190 1c008dec 001d0413 addi             x8, x26, 1           x8=1c0009bc x26:1c0009bb
20452318ns          346191 1c008df0 0c050b63 beq              x10, x0, 214        x10:00000020
20452338ns          346192 1c008df2 02500793 addi             x15, x0, 37         x15=00000025
20452358ns          346193 1c008df6 fef513e3 bne              x10, x15, -26       x10:00000020 x15:00000025
20452419ns          346196 1c008ddc 017005b3 add              x11, x0, x23        x11=00000002 x23:00000002
20452439ns          346197 1c008dde 000980e7 jalr             x1, x19, 0           x1=1c008de0 x19:1c008d20
20452480ns          346199 1c008d20 f14027f3 csrrs            x15, x0, 0xf14      x15=00000006
20452500ns          346200 1c008d24 1a10f6b7 lui              x13, 0x1a10f000     x13=1a10f000
20452520ns          346201 1c008d28 ca5797b3 p.extractu       x15, x15, 5, 5      x15=00000000 x15:00000006
20452540ns          346202 1c008d2c f1402773 csrrs            x14, x0, 0xf14      x14=00000006
20452561ns          346203 1c008d30 00779793 slli             x15, x15, 0x7       x15=00000000 x15:00000000
20452581ns          346204 1c008d32 00371713 slli             x14, x14, 0x3       x14=00000030 x14:00000006
20452601ns          346205 1c008d34 0ff57513 andi             x10, x10, 255       x10=00000020 x10:00000020
20452621ns          346206 1c008d38 ee873733 p.bclr           x14, x14, 23, 8     x14=00000030 x14:00000030
20452642ns          346207 1c008d3c 00d787b3 add              x15, x15, x13       x15=1a10f000 x15:00000000 x13:1a10f000
20452662ns          346208 1c008d3e 00a767a3 p.sw             x10, x0(x14)        x10:00000020 x14:00000030  PA:1a10f030
20453006ns          346225 1c008d42 00000513 addi             x10, x0, 0          x10=00000000
20453026ns          346226 1c008d44 00008067 jalr             x0, x1, 0            x1:1c008de0
20453067ns          346228 1c008de0 15f52063 p.beqimm         x10, 320            x10:00000000
20453087ns          346229 1c008de4 001a8a93 addi             x21, x21, 1         x21=0000000e x21:0000000d
20453107ns          346230 1c008de6 00800d33 add              x26, x0, x8         x26=1c0009bc  x8:1c0009bc
20453127ns          346231 1c008de8 000d4503 lbu              x10, 0(x26)         x10=00000054 x26:1c0009bc  PA:1c0009bc
20453431ns          346246 1c008dec 001d0413 addi             x8, x26, 1           x8=1c0009bd x26:1c0009bc
20453451ns          346247 1c008df0 0c050b63 beq              x10, x0, 214        x10:00000054
20453471ns          346248 1c008df2 02500793 addi             x15, x0, 37         x15=00000025
20453492ns          346249 1c008df6 fef513e3 bne              x10, x15, -26       x10:00000054 x15:00000025
20453552ns          346252 1c008ddc 017005b3 add              x11, x0, x23        x11=00000002 x23:00000002
20453573ns          346253 1c008dde 000980e7 jalr             x1, x19, 0           x1=1c008de0 x19:1c008d20
20453613ns          346255 1c008d20 f14027f3 csrrs            x15, x0, 0xf14      x15=00000006
20453633ns          346256 1c008d24 1a10f6b7 lui              x13, 0x1a10f000     x13=1a10f000
20453654ns          346257 1c008d28 ca5797b3 p.extractu       x15, x15, 5, 5      x15=00000000 x15:00000006
20453674ns          346258 1c008d2c f1402773 csrrs            x14, x0, 0xf14      x14=00000006
20453694ns          346259 1c008d30 00779793 slli             x15, x15, 0x7       x15=00000000 x15:00000000
20453714ns          346260 1c008d32 00371713 slli             x14, x14, 0x3       x14=00000030 x14:00000006
20453735ns          346261 1c008d34 0ff57513 andi             x10, x10, 255       x10=00000054 x10:00000054
20453755ns          346262 1c008d38 ee873733 p.bclr           x14, x14, 23, 8     x14=00000030 x14:00000030
20453775ns          346263 1c008d3c 00d787b3 add              x15, x15, x13       x15=1a10f000 x15:00000000 x13:1a10f000
20453795ns          346264 1c008d3e 00a767a3 p.sw             x10, x0(x14)        x10:00000054 x14:00000030  PA:1a10f030
20454160ns          346282 1c008d42 00000513 addi             x10, x0, 0          x10=00000000
20454180ns          346283 1c008d44 00008067 jalr             x0, x1, 0            x1:1c008de0
20454220ns          346285 1c008de0 15f52063 p.beqimm         x10, 320            x10:00000000
20454241ns          346286 1c008de4 001a8a93 addi             x21, x21, 1         x21=0000000f x21:0000000e
20454261ns          346287 1c008de6 00800d33 add              x26, x0, x8         x26=1c0009bd  x8:1c0009bd
20454281ns          346288 1c008de8 000d4503 lbu              x10, 0(x26)         x10=0000006f x26:1c0009bd  PA:1c0009bd
20454585ns          346303 1c008dec 001d0413 addi             x8, x26, 1           x8=1c0009be x26:1c0009bd
20454605ns          346304 1c008df0 0c050b63 beq              x10, x0, 214        x10:0000006f
20454625ns          346305 1c008df2 02500793 addi             x15, x0, 37         x15=00000025
20454645ns          346306 1c008df6 fef513e3 bne              x10, x15, -26       x10:0000006f x15:00000025
20454706ns          346309 1c008ddc 017005b3 add              x11, x0, x23        x11=00000002 x23:00000002
20454726ns          346310 1c008dde 000980e7 jalr             x1, x19, 0           x1=1c008de0 x19:1c008d20
20454767ns          346312 1c008d20 f14027f3 csrrs            x15, x0, 0xf14      x15=00000006
20454787ns          346313 1c008d24 1a10f6b7 lui              x13, 0x1a10f000     x13=1a10f000
20454807ns          346314 1c008d28 ca5797b3 p.extractu       x15, x15, 5, 5      x15=00000000 x15:00000006
20454828ns          346315 1c008d2c f1402773 csrrs            x14, x0, 0xf14      x14=00000006
20454848ns          346316 1c008d30 00779793 slli             x15, x15, 0x7       x15=00000000 x15:00000000
20454868ns          346317 1c008d32 00371713 slli             x14, x14, 0x3       x14=00000030 x14:00000006
20454888ns          346318 1c008d34 0ff57513 andi             x10, x10, 255       x10=0000006f x10:0000006f
20454908ns          346319 1c008d38 ee873733 p.bclr           x14, x14, 23, 8     x14=00000030 x14:00000030
20454929ns          346320 1c008d3c 00d787b3 add              x15, x15, x13       x15=1a10f000 x15:00000000 x13:1a10f000
20454949ns          346321 1c008d3e 00a767a3 p.sw             x10, x0(x14)        x10:0000006f x14:00000030  PA:1a10f030
20455293ns          346338 1c008d42 00000513 addi             x10, x0, 0          x10=00000000
20455313ns          346339 1c008d44 00008067 jalr             x0, x1, 0            x1:1c008de0
20455354ns          346341 1c008de0 15f52063 p.beqimm         x10, 320            x10:00000000
20455374ns          346342 1c008de4 001a8a93 addi             x21, x21, 1         x21=00000010 x21:0000000f
20455394ns          346343 1c008de6 00800d33 add              x26, x0, x8         x26=1c0009be  x8:1c0009be
20455414ns          346344 1c008de8 000d4503 lbu              x10, 0(x26)         x10=00000074 x26:1c0009be  PA:1c0009be
20455718ns          346359 1c008dec 001d0413 addi             x8, x26, 1           x8=1c0009bf x26:1c0009be
20455738ns          346360 1c008df0 0c050b63 beq              x10, x0, 214        x10:00000074
20455759ns          346361 1c008df2 02500793 addi             x15, x0, 37         x15=00000025
20455779ns          346362 1c008df6 fef513e3 bne              x10, x15, -26       x10:00000074 x15:00000025
20455840ns          346365 1c008ddc 017005b3 add              x11, x0, x23        x11=00000002 x23:00000002
20455860ns          346366 1c008dde 000980e7 jalr             x1, x19, 0           x1=1c008de0 x19:1c008d20
20455900ns          346368 1c008d20 f14027f3 csrrs            x15, x0, 0xf14      x15=00000006
20455920ns          346369 1c008d24 1a10f6b7 lui              x13, 0x1a10f000     x13=1a10f000
20455941ns          346370 1c008d28 ca5797b3 p.extractu       x15, x15, 5, 5      x15=00000000 x15:00000006
20455961ns          346371 1c008d2c f1402773 csrrs            x14, x0, 0xf14      x14=00000006
20455981ns          346372 1c008d30 00779793 slli             x15, x15, 0x7       x15=00000000 x15:00000000
20456001ns          346373 1c008d32 00371713 slli             x14, x14, 0x3       x14=00000030 x14:00000006
20456022ns          346374 1c008d34 0ff57513 andi             x10, x10, 255       x10=00000074 x10:00000074
20456042ns          346375 1c008d38 ee873733 p.bclr           x14, x14, 23, 8     x14=00000030 x14:00000030
20456062ns          346376 1c008d3c 00d787b3 add              x15, x15, x13       x15=1a10f000 x15:00000000 x13:1a10f000
20456082ns          346377 1c008d3e 00a767a3 p.sw             x10, x0(x14)        x10:00000074 x14:00000030  PA:1a10f030
20456426ns          346394 1c008d42 00000513 addi             x10, x0, 0          x10=00000000
20456447ns          346395 1c008d44 00008067 jalr             x0, x1, 0            x1:1c008de0
20456487ns          346397 1c008de0 15f52063 p.beqimm         x10, 320            x10:00000000
20456507ns          346398 1c008de4 001a8a93 addi             x21, x21, 1         x21=00000011 x21:00000010
20456528ns          346399 1c008de6 00800d33 add              x26, x0, x8         x26=1c0009bf  x8:1c0009bf
20456548ns          346400 1c008de8 000d4503 lbu              x10, 0(x26)         x10=00000061 x26:1c0009bf  PA:1c0009bf
20456852ns          346415 1c008dec 001d0413 addi             x8, x26, 1           x8=1c0009c0 x26:1c0009bf
20456872ns          346416 1c008df0 0c050b63 beq              x10, x0, 214        x10:00000061
20456892ns          346417 1c008df2 02500793 addi             x15, x0, 37         x15=00000025
20456912ns          346418 1c008df6 fef513e3 bne              x10, x15, -26       x10:00000061 x15:00000025
20456973ns          346421 1c008ddc 017005b3 add              x11, x0, x23        x11=00000002 x23:00000002
20456993ns          346422 1c008dde 000980e7 jalr             x1, x19, 0           x1=1c008de0 x19:1c008d20
20457034ns          346424 1c008d20 f14027f3 csrrs            x15, x0, 0xf14      x15=00000006
20457054ns          346425 1c008d24 1a10f6b7 lui              x13, 0x1a10f000     x13=1a10f000
20457074ns          346426 1c008d28 ca5797b3 p.extractu       x15, x15, 5, 5      x15=00000000 x15:00000006
20457094ns          346427 1c008d2c f1402773 csrrs            x14, x0, 0xf14      x14=00000006
20457115ns          346428 1c008d30 00779793 slli             x15, x15, 0x7       x15=00000000 x15:00000000
20457135ns          346429 1c008d32 00371713 slli             x14, x14, 0x3       x14=00000030 x14:00000006
20457155ns          346430 1c008d34 0ff57513 andi             x10, x10, 255       x10=00000061 x10:00000061
20457175ns          346431 1c008d38 ee873733 p.bclr           x14, x14, 23, 8     x14=00000030 x14:00000030
20457196ns          346432 1c008d3c 00d787b3 add              x15, x15, x13       x15=1a10f000 x15:00000000 x13:1a10f000
20457216ns          346433 1c008d3e 00a767a3 p.sw             x10, x0(x14)        x10:00000061 x14:00000030  PA:1a10f030
20457560ns          346450 1c008d42 00000513 addi             x10, x0, 0          x10=00000000
20457580ns          346451 1c008d44 00008067 jalr             x0, x1, 0            x1:1c008de0
20457621ns          346453 1c008de0 15f52063 p.beqimm         x10, 320            x10:00000000
20457641ns          346454 1c008de4 001a8a93 addi             x21, x21, 1         x21=00000012 x21:00000011
20457661ns          346455 1c008de6 00800d33 add              x26, x0, x8         x26=1c0009c0  x8:1c0009c0
20457681ns          346456 1c008de8 000d4503 lbu              x10, 0(x26)         x10=0000006c x26:1c0009c0  PA:1c0009c0
20457985ns          346471 1c008dec 001d0413 addi             x8, x26, 1           x8=1c0009c1 x26:1c0009c0
20458005ns          346472 1c008df0 0c050b63 beq              x10, x0, 214        x10:0000006c
20458025ns          346473 1c008df2 02500793 addi             x15, x0, 37         x15=00000025
20458046ns          346474 1c008df6 fef513e3 bne              x10, x15, -26       x10:0000006c x15:00000025
20458106ns          346477 1c008ddc 017005b3 add              x11, x0, x23        x11=00000002 x23:00000002
20458127ns          346478 1c008dde 000980e7 jalr             x1, x19, 0           x1=1c008de0 x19:1c008d20
20458167ns          346480 1c008d20 f14027f3 csrrs            x15, x0, 0xf14      x15=00000006
20458187ns          346481 1c008d24 1a10f6b7 lui              x13, 0x1a10f000     x13=1a10f000
20458208ns          346482 1c008d28 ca5797b3 p.extractu       x15, x15, 5, 5      x15=00000000 x15:00000006
20458228ns          346483 1c008d2c f1402773 csrrs            x14, x0, 0xf14      x14=00000006
20458248ns          346484 1c008d30 00779793 slli             x15, x15, 0x7       x15=00000000 x15:00000000
20458268ns          346485 1c008d32 00371713 slli             x14, x14, 0x3       x14=00000030 x14:00000006
20458289ns          346486 1c008d34 0ff57513 andi             x10, x10, 255       x10=0000006c x10:0000006c
20458309ns          346487 1c008d38 ee873733 p.bclr           x14, x14, 23, 8     x14=00000030 x14:00000030
20458329ns          346488 1c008d3c 00d787b3 add              x15, x15, x13       x15=1a10f000 x15:00000000 x13:1a10f000
20458349ns          346489 1c008d3e 00a767a3 p.sw             x10, x0(x14)        x10:0000006c x14:00000030  PA:1a10f030
20458693ns          346506 1c008d42 00000513 addi             x10, x0, 0          x10=00000000
20458714ns          346507 1c008d44 00008067 jalr             x0, x1, 0            x1:1c008de0
20458754ns          346509 1c008de0 15f52063 p.beqimm         x10, 320            x10:00000000
20458774ns          346510 1c008de4 001a8a93 addi             x21, x21, 1         x21=00000013 x21:00000012
20458795ns          346511 1c008de6 00800d33 add              x26, x0, x8         x26=1c0009c1  x8:1c0009c1
20458815ns          346512 1c008de8 000d4503 lbu              x10, 0(x26)         x10=00000020 x26:1c0009c1  PA:1c0009c1
20459118ns          346527 1c008dec 001d0413 addi             x8, x26, 1           x8=1c0009c2 x26:1c0009c1
20459139ns          346528 1c008df0 0c050b63 beq              x10, x0, 214        x10:00000020
20459159ns          346529 1c008df2 02500793 addi             x15, x0, 37         x15=00000025
20459179ns          346530 1c008df6 fef513e3 bne              x10, x15, -26       x10:00000020 x15:00000025
20459240ns          346533 1c008ddc 017005b3 add              x11, x0, x23        x11=00000002 x23:00000002
20459260ns          346534 1c008dde 000980e7 jalr             x1, x19, 0           x1=1c008de0 x19:1c008d20
20459301ns          346536 1c008d20 f14027f3 csrrs            x15, x0, 0xf14      x15=00000006
20459321ns          346537 1c008d24 1a10f6b7 lui              x13, 0x1a10f000     x13=1a10f000
20459341ns          346538 1c008d28 ca5797b3 p.extractu       x15, x15, 5, 5      x15=00000000 x15:00000006
20459361ns          346539 1c008d2c f1402773 csrrs            x14, x0, 0xf14      x14=00000006
20459382ns          346540 1c008d30 00779793 slli             x15, x15, 0x7       x15=00000000 x15:00000000
20459402ns          346541 1c008d32 00371713 slli             x14, x14, 0x3       x14=00000030 x14:00000006
20459422ns          346542 1c008d34 0ff57513 andi             x10, x10, 255       x10=00000020 x10:00000020
20459442ns          346543 1c008d38 ee873733 p.bclr           x14, x14, 23, 8     x14=00000030 x14:00000030
20459462ns          346544 1c008d3c 00d787b3 add              x15, x15, x13       x15=1a10f000 x15:00000000 x13:1a10f000
20459483ns          346545 1c008d3e 00a767a3 p.sw             x10, x0(x14)        x10:00000020 x14:00000030  PA:1a10f030
20459827ns          346562 1c008d42 00000513 addi             x10, x0, 0          x10=00000000
20459847ns          346563 1c008d44 00008067 jalr             x0, x1, 0            x1:1c008de0
20459888ns          346565 1c008de0 15f52063 p.beqimm         x10, 320            x10:00000000
20459908ns          346566 1c008de4 001a8a93 addi             x21, x21, 1         x21=00000014 x21:00000013
20459928ns          346567 1c008de6 00800d33 add              x26, x0, x8         x26=1c0009c2  x8:1c0009c2
20459948ns          346568 1c008de8 000d4503 lbu              x10, 0(x26)         x10=00000065 x26:1c0009c2  PA:1c0009c2
20460232ns          346582 1c008dec 001d0413 addi             x8, x26, 1           x8=1c0009c3 x26:1c0009c2
20460252ns          346583 1c008df0 0c050b63 beq              x10, x0, 214        x10:00000065
20460272ns          346584 1c008df2 02500793 addi             x15, x0, 37         x15=00000025
20460292ns          346585 1c008df6 fef513e3 bne              x10, x15, -26       x10:00000065 x15:00000025
20460353ns          346588 1c008ddc 017005b3 add              x11, x0, x23        x11=00000002 x23:00000002
20460373ns          346589 1c008dde 000980e7 jalr             x1, x19, 0           x1=1c008de0 x19:1c008d20
20460414ns          346591 1c008d20 f14027f3 csrrs            x15, x0, 0xf14      x15=00000006
20460434ns          346592 1c008d24 1a10f6b7 lui              x13, 0x1a10f000     x13=1a10f000
20460454ns          346593 1c008d28 ca5797b3 p.extractu       x15, x15, 5, 5      x15=00000000 x15:00000006
20460474ns          346594 1c008d2c f1402773 csrrs            x14, x0, 0xf14      x14=00000006
20460495ns          346595 1c008d30 00779793 slli             x15, x15, 0x7       x15=00000000 x15:00000000
20460515ns          346596 1c008d32 00371713 slli             x14, x14, 0x3       x14=00000030 x14:00000006
20460535ns          346597 1c008d34 0ff57513 andi             x10, x10, 255       x10=00000065 x10:00000065
20460555ns          346598 1c008d38 ee873733 p.bclr           x14, x14, 23, 8     x14=00000030 x14:00000030
20460576ns          346599 1c008d3c 00d787b3 add              x15, x15, x13       x15=1a10f000 x15:00000000 x13:1a10f000
20460596ns          346600 1c008d3e 00a767a3 p.sw             x10, x0(x14)        x10:00000065 x14:00000030  PA:1a10f030
20460940ns          346617 1c008d42 00000513 addi             x10, x0, 0          x10=00000000
20460960ns          346618 1c008d44 00008067 jalr             x0, x1, 0            x1:1c008de0
20461001ns          346620 1c008de0 15f52063 p.beqimm         x10, 320            x10:00000000
20461021ns          346621 1c008de4 001a8a93 addi             x21, x21, 1         x21=00000015 x21:00000014
20461041ns          346622 1c008de6 00800d33 add              x26, x0, x8         x26=1c0009c3  x8:1c0009c3
20461061ns          346623 1c008de8 000d4503 lbu              x10, 0(x26)         x10=00000072 x26:1c0009c3  PA:1c0009c3
20461365ns          346638 1c008dec 001d0413 addi             x8, x26, 1           x8=1c0009c4 x26:1c0009c3
20461385ns          346639 1c008df0 0c050b63 beq              x10, x0, 214        x10:00000072
20461406ns          346640 1c008df2 02500793 addi             x15, x0, 37         x15=00000025
20461426ns          346641 1c008df6 fef513e3 bne              x10, x15, -26       x10:00000072 x15:00000025
20461486ns          346644 1c008ddc 017005b3 add              x11, x0, x23        x11=00000002 x23:00000002
20461507ns          346645 1c008dde 000980e7 jalr             x1, x19, 0           x1=1c008de0 x19:1c008d20
20461547ns          346647 1c008d20 f14027f3 csrrs            x15, x0, 0xf14      x15=00000006
20461567ns          346648 1c008d24 1a10f6b7 lui              x13, 0x1a10f000     x13=1a10f000
20461588ns          346649 1c008d28 ca5797b3 p.extractu       x15, x15, 5, 5      x15=00000000 x15:00000006
20461608ns          346650 1c008d2c f1402773 csrrs            x14, x0, 0xf14      x14=00000006
20461628ns          346651 1c008d30 00779793 slli             x15, x15, 0x7       x15=00000000 x15:00000000
20461648ns          346652 1c008d32 00371713 slli             x14, x14, 0x3       x14=00000030 x14:00000006
20461669ns          346653 1c008d34 0ff57513 andi             x10, x10, 255       x10=00000072 x10:00000072
20461689ns          346654 1c008d38 ee873733 p.bclr           x14, x14, 23, 8     x14=00000030 x14:00000030
20461709ns          346655 1c008d3c 00d787b3 add              x15, x15, x13       x15=1a10f000 x15:00000000 x13:1a10f000
20461729ns          346656 1c008d3e 00a767a3 p.sw             x10, x0(x14)        x10:00000072 x14:00000030  PA:1a10f030
20462073ns          346673 1c008d42 00000513 addi             x10, x0, 0          x10=00000000
20462094ns          346674 1c008d44 00008067 jalr             x0, x1, 0            x1:1c008de0
20462134ns          346676 1c008de0 15f52063 p.beqimm         x10, 320            x10:00000000
20462154ns          346677 1c008de4 001a8a93 addi             x21, x21, 1         x21=00000016 x21:00000015
20462175ns          346678 1c008de6 00800d33 add              x26, x0, x8         x26=1c0009c4  x8:1c0009c4
20462195ns          346679 1c008de8 000d4503 lbu              x10, 0(x26)         x10=00000072 x26:1c0009c4  PA:1c0009c4
20462498ns          346694 1c008dec 001d0413 addi             x8, x26, 1           x8=1c0009c5 x26:1c0009c4
20462519ns          346695 1c008df0 0c050b63 beq              x10, x0, 214        x10:00000072
20462539ns          346696 1c008df2 02500793 addi             x15, x0, 37         x15=00000025
20462559ns          346697 1c008df6 fef513e3 bne              x10, x15, -26       x10:00000072 x15:00000025
20462620ns          346700 1c008ddc 017005b3 add              x11, x0, x23        x11=00000002 x23:00000002
20462640ns          346701 1c008dde 000980e7 jalr             x1, x19, 0           x1=1c008de0 x19:1c008d20
20462681ns          346703 1c008d20 f14027f3 csrrs            x15, x0, 0xf14      x15=00000006
20462701ns          346704 1c008d24 1a10f6b7 lui              x13, 0x1a10f000     x13=1a10f000
20462721ns          346705 1c008d28 ca5797b3 p.extractu       x15, x15, 5, 5      x15=00000000 x15:00000006
20462741ns          346706 1c008d2c f1402773 csrrs            x14, x0, 0xf14      x14=00000006
20462762ns          346707 1c008d30 00779793 slli             x15, x15, 0x7       x15=00000000 x15:00000000
20462782ns          346708 1c008d32 00371713 slli             x14, x14, 0x3       x14=00000030 x14:00000006
20462802ns          346709 1c008d34 0ff57513 andi             x10, x10, 255       x10=00000072 x10:00000072
20462822ns          346710 1c008d38 ee873733 p.bclr           x14, x14, 23, 8     x14=00000030 x14:00000030
20462843ns          346711 1c008d3c 00d787b3 add              x15, x15, x13       x15=1a10f000 x15:00000000 x13:1a10f000
20462863ns          346712 1c008d3e 00a767a3 p.sw             x10, x0(x14)        x10:00000072 x14:00000030  PA:1a10f030
20463207ns          346729 1c008d42 00000513 addi             x10, x0, 0          x10=00000000
20463227ns          346730 1c008d44 00008067 jalr             x0, x1, 0            x1:1c008de0
20463268ns          346732 1c008de0 15f52063 p.beqimm         x10, 320            x10:00000000
20463288ns          346733 1c008de4 001a8a93 addi             x21, x21, 1         x21=00000017 x21:00000016
20463308ns          346734 1c008de6 00800d33 add              x26, x0, x8         x26=1c0009c5  x8:1c0009c5
20463328ns          346735 1c008de8 000d4503 lbu              x10, 0(x26)         x10=0000006f x26:1c0009c5  PA:1c0009c5
20463632ns          346750 1c008dec 001d0413 addi             x8, x26, 1           x8=1c0009c6 x26:1c0009c5
20463652ns          346751 1c008df0 0c050b63 beq              x10, x0, 214        x10:0000006f
20463672ns          346752 1c008df2 02500793 addi             x15, x0, 37         x15=00000025
20463693ns          346753 1c008df6 fef513e3 bne              x10, x15, -26       x10:0000006f x15:00000025
20463753ns          346756 1c008ddc 017005b3 add              x11, x0, x23        x11=00000002 x23:00000002
20463774ns          346757 1c008dde 000980e7 jalr             x1, x19, 0           x1=1c008de0 x19:1c008d20
20463814ns          346759 1c008d20 f14027f3 csrrs            x15, x0, 0xf14      x15=00000006
20463834ns          346760 1c008d24 1a10f6b7 lui              x13, 0x1a10f000     x13=1a10f000
20463855ns          346761 1c008d28 ca5797b3 p.extractu       x15, x15, 5, 5      x15=00000000 x15:00000006
20463875ns          346762 1c008d2c f1402773 csrrs            x14, x0, 0xf14      x14=00000006
20463895ns          346763 1c008d30 00779793 slli             x15, x15, 0x7       x15=00000000 x15:00000000
20463915ns          346764 1c008d32 00371713 slli             x14, x14, 0x3       x14=00000030 x14:00000006
20463936ns          346765 1c008d34 0ff57513 andi             x10, x10, 255       x10=0000006f x10:0000006f
20463956ns          346766 1c008d38 ee873733 p.bclr           x14, x14, 23, 8     x14=00000030 x14:00000030
20463976ns          346767 1c008d3c 00d787b3 add              x15, x15, x13       x15=1a10f000 x15:00000000 x13:1a10f000
20463996ns          346768 1c008d3e 00a767a3 p.sw             x10, x0(x14)        x10:0000006f x14:00000030  PA:1a10f030
20464340ns          346785 1c008d42 00000513 addi             x10, x0, 0          x10=00000000
20464361ns          346786 1c008d44 00008067 jalr             x0, x1, 0            x1:1c008de0
20464401ns          346788 1c008de0 15f52063 p.beqimm         x10, 320            x10:00000000
20464421ns          346789 1c008de4 001a8a93 addi             x21, x21, 1         x21=00000018 x21:00000017
20464442ns          346790 1c008de6 00800d33 add              x26, x0, x8         x26=1c0009c6  x8:1c0009c6
20464462ns          346791 1c008de8 000d4503 lbu              x10, 0(x26)         x10=00000072 x26:1c0009c6  PA:1c0009c6
20464765ns          346806 1c008dec 001d0413 addi             x8, x26, 1           x8=1c0009c7 x26:1c0009c6
20464786ns          346807 1c008df0 0c050b63 beq              x10, x0, 214        x10:00000072
20464806ns          346808 1c008df2 02500793 addi             x15, x0, 37         x15=00000025
20464826ns          346809 1c008df6 fef513e3 bne              x10, x15, -26       x10:00000072 x15:00000025
20464887ns          346812 1c008ddc 017005b3 add              x11, x0, x23        x11=00000002 x23:00000002
20464907ns          346813 1c008dde 000980e7 jalr             x1, x19, 0           x1=1c008de0 x19:1c008d20
20464948ns          346815 1c008d20 f14027f3 csrrs            x15, x0, 0xf14      x15=00000006
20464968ns          346816 1c008d24 1a10f6b7 lui              x13, 0x1a10f000     x13=1a10f000
20464988ns          346817 1c008d28 ca5797b3 p.extractu       x15, x15, 5, 5      x15=00000000 x15:00000006
20465008ns          346818 1c008d2c f1402773 csrrs            x14, x0, 0xf14      x14=00000006
20465028ns          346819 1c008d30 00779793 slli             x15, x15, 0x7       x15=00000000 x15:00000000
20465049ns          346820 1c008d32 00371713 slli             x14, x14, 0x3       x14=00000030 x14:00000006
20465069ns          346821 1c008d34 0ff57513 andi             x10, x10, 255       x10=00000072 x10:00000072
20465089ns          346822 1c008d38 ee873733 p.bclr           x14, x14, 23, 8     x14=00000030 x14:00000030
20465109ns          346823 1c008d3c 00d787b3 add              x15, x15, x13       x15=1a10f000 x15:00000000 x13:1a10f000
20465130ns          346824 1c008d3e 00a767a3 p.sw             x10, x0(x14)        x10:00000072 x14:00000030  PA:1a10f030
20465474ns          346841 1c008d42 00000513 addi             x10, x0, 0          x10=00000000
20465494ns          346842 1c008d44 00008067 jalr             x0, x1, 0            x1:1c008de0
20465534ns          346844 1c008de0 15f52063 p.beqimm         x10, 320            x10:00000000
20465555ns          346845 1c008de4 001a8a93 addi             x21, x21, 1         x21=00000019 x21:00000018
20465575ns          346846 1c008de6 00800d33 add              x26, x0, x8         x26=1c0009c7  x8:1c0009c7
20465595ns          346847 1c008de8 000d4503 lbu              x10, 0(x26)         x10=00000073 x26:1c0009c7  PA:1c0009c7
20465899ns          346862 1c008dec 001d0413 addi             x8, x26, 1           x8=1c0009c8 x26:1c0009c7
20465919ns          346863 1c008df0 0c050b63 beq              x10, x0, 214        x10:00000073
20465939ns          346864 1c008df2 02500793 addi             x15, x0, 37         x15=00000025
20465960ns          346865 1c008df6 fef513e3 bne              x10, x15, -26       x10:00000073 x15:00000025
20466020ns          346868 1c008ddc 017005b3 add              x11, x0, x23        x11=00000002 x23:00000002
20466040ns          346869 1c008dde 000980e7 jalr             x1, x19, 0           x1=1c008de0 x19:1c008d20
20466081ns          346871 1c008d20 f14027f3 csrrs            x15, x0, 0xf14      x15=00000006
20466101ns          346872 1c008d24 1a10f6b7 lui              x13, 0x1a10f000     x13=1a10f000
20466121ns          346873 1c008d28 ca5797b3 p.extractu       x15, x15, 5, 5      x15=00000000 x15:00000006
20466142ns          346874 1c008d2c f1402773 csrrs            x14, x0, 0xf14      x14=00000006
20466162ns          346875 1c008d30 00779793 slli             x15, x15, 0x7       x15=00000000 x15:00000000
20466182ns          346876 1c008d32 00371713 slli             x14, x14, 0x3       x14=00000030 x14:00000006
20466202ns          346877 1c008d34 0ff57513 andi             x10, x10, 255       x10=00000073 x10:00000073
20466223ns          346878 1c008d38 ee873733 p.bclr           x14, x14, 23, 8     x14=00000030 x14:00000030
20466243ns          346879 1c008d3c 00d787b3 add              x15, x15, x13       x15=1a10f000 x15:00000000 x13:1a10f000
20466263ns          346880 1c008d3e 00a767a3 p.sw             x10, x0(x14)        x10:00000073 x14:00000030  PA:1a10f030
20466607ns          346897 1c008d42 00000513 addi             x10, x0, 0          x10=00000000
20466627ns          346898 1c008d44 00008067 jalr             x0, x1, 0            x1:1c008de0
20466668ns          346900 1c008de0 15f52063 p.beqimm         x10, 320            x10:00000000
20466688ns          346901 1c008de4 001a8a93 addi             x21, x21, 1         x21=0000001a x21:00000019
20466708ns          346902 1c008de6 00800d33 add              x26, x0, x8         x26=1c0009c8  x8:1c0009c8
20466729ns          346903 1c008de8 000d4503 lbu              x10, 0(x26)         x10=00000020 x26:1c0009c8  PA:1c0009c8
20467032ns          346918 1c008dec 001d0413 addi             x8, x26, 1           x8=1c0009c9 x26:1c0009c8
20467052ns          346919 1c008df0 0c050b63 beq              x10, x0, 214        x10:00000020
20467073ns          346920 1c008df2 02500793 addi             x15, x0, 37         x15=00000025
20467093ns          346921 1c008df6 fef513e3 bne              x10, x15, -26       x10:00000020 x15:00000025
20467154ns          346924 1c008ddc 017005b3 add              x11, x0, x23        x11=00000002 x23:00000002
20467174ns          346925 1c008dde 000980e7 jalr             x1, x19, 0           x1=1c008de0 x19:1c008d20
20467214ns          346927 1c008d20 f14027f3 csrrs            x15, x0, 0xf14      x15=00000006
20467235ns          346928 1c008d24 1a10f6b7 lui              x13, 0x1a10f000     x13=1a10f000
20467255ns          346929 1c008d28 ca5797b3 p.extractu       x15, x15, 5, 5      x15=00000000 x15:00000006
20467275ns          346930 1c008d2c f1402773 csrrs            x14, x0, 0xf14      x14=00000006
20467295ns          346931 1c008d30 00779793 slli             x15, x15, 0x7       x15=00000000 x15:00000000
20467316ns          346932 1c008d32 00371713 slli             x14, x14, 0x3       x14=00000030 x14:00000006
20467336ns          346933 1c008d34 0ff57513 andi             x10, x10, 255       x10=00000020 x10:00000020
20467356ns          346934 1c008d38 ee873733 p.bclr           x14, x14, 23, 8     x14=00000030 x14:00000030
20467376ns          346935 1c008d3c 00d787b3 add              x15, x15, x13       x15=1a10f000 x15:00000000 x13:1a10f000
20467397ns          346936 1c008d3e 00a767a3 p.sw             x10, x0(x14)        x10:00000020 x14:00000030  PA:1a10f030
20467741ns          346953 1c008d42 00000513 addi             x10, x0, 0          x10=00000000
20467761ns          346954 1c008d44 00008067 jalr             x0, x1, 0            x1:1c008de0
20467801ns          346956 1c008de0 15f52063 p.beqimm         x10, 320            x10:00000000
20467822ns          346957 1c008de4 001a8a93 addi             x21, x21, 1         x21=0000001b x21:0000001a
20467842ns          346958 1c008de6 00800d33 add              x26, x0, x8         x26=1c0009c9  x8:1c0009c9
20467862ns          346959 1c008de8 000d4503 lbu              x10, 0(x26)         x10=0000003d x26:1c0009c9  PA:1c0009c9
20468166ns          346974 1c008dec 001d0413 addi             x8, x26, 1           x8=1c0009ca x26:1c0009c9
20468186ns          346975 1c008df0 0c050b63 beq              x10, x0, 214        x10:0000003d
20468206ns          346976 1c008df2 02500793 addi             x15, x0, 37         x15=00000025
20468226ns          346977 1c008df6 fef513e3 bne              x10, x15, -26       x10:0000003d x15:00000025
20468287ns          346980 1c008ddc 017005b3 add              x11, x0, x23        x11=00000002 x23:00000002
20468307ns          346981 1c008dde 000980e7 jalr             x1, x19, 0           x1=1c008de0 x19:1c008d20
20468348ns          346983 1c008d20 f14027f3 csrrs            x15, x0, 0xf14      x15=00000006
20468368ns          346984 1c008d24 1a10f6b7 lui              x13, 0x1a10f000     x13=1a10f000
20468388ns          346985 1c008d28 ca5797b3 p.extractu       x15, x15, 5, 5      x15=00000000 x15:00000006
20468409ns          346986 1c008d2c f1402773 csrrs            x14, x0, 0xf14      x14=00000006
20468429ns          346987 1c008d30 00779793 slli             x15, x15, 0x7       x15=00000000 x15:00000000
20468449ns          346988 1c008d32 00371713 slli             x14, x14, 0x3       x14=00000030 x14:00000006
20468469ns          346989 1c008d34 0ff57513 andi             x10, x10, 255       x10=0000003d x10:0000003d
20468490ns          346990 1c008d38 ee873733 p.bclr           x14, x14, 23, 8     x14=00000030 x14:00000030
20468510ns          346991 1c008d3c 00d787b3 add              x15, x15, x13       x15=1a10f000 x15:00000000 x13:1a10f000
20468530ns          346992 1c008d3e 00a767a3 p.sw             x10, x0(x14)        x10:0000003d x14:00000030  PA:1a10f030
20468854ns          347008 1c008d42 00000513 addi             x10, x0, 0          x10=00000000
20468874ns          347009 1c008d44 00008067 jalr             x0, x1, 0            x1:1c008de0
20468915ns          347011 1c008de0 15f52063 p.beqimm         x10, 320            x10:00000000
20468935ns          347012 1c008de4 001a8a93 addi             x21, x21, 1         x21=0000001c x21:0000001b
20468955ns          347013 1c008de6 00800d33 add              x26, x0, x8         x26=1c0009ca  x8:1c0009ca
20468975ns          347014 1c008de8 000d4503 lbu              x10, 0(x26)         x10=00000020 x26:1c0009ca  PA:1c0009ca
20469279ns          347029 1c008dec 001d0413 addi             x8, x26, 1           x8=1c0009cb x26:1c0009ca
20469299ns          347030 1c008df0 0c050b63 beq              x10, x0, 214        x10:00000020
20469319ns          347031 1c008df2 02500793 addi             x15, x0, 37         x15=00000025
20469340ns          347032 1c008df6 fef513e3 bne              x10, x15, -26       x10:00000020 x15:00000025
20469400ns          347035 1c008ddc 017005b3 add              x11, x0, x23        x11=00000002 x23:00000002
20469421ns          347036 1c008dde 000980e7 jalr             x1, x19, 0           x1=1c008de0 x19:1c008d20
20469461ns          347038 1c008d20 f14027f3 csrrs            x15, x0, 0xf14      x15=00000006
20469481ns          347039 1c008d24 1a10f6b7 lui              x13, 0x1a10f000     x13=1a10f000
20469502ns          347040 1c008d28 ca5797b3 p.extractu       x15, x15, 5, 5      x15=00000000 x15:00000006
20469522ns          347041 1c008d2c f1402773 csrrs            x14, x0, 0xf14      x14=00000006
20469542ns          347042 1c008d30 00779793 slli             x15, x15, 0x7       x15=00000000 x15:00000000
20469562ns          347043 1c008d32 00371713 slli             x14, x14, 0x3       x14=00000030 x14:00000006
20469582ns          347044 1c008d34 0ff57513 andi             x10, x10, 255       x10=00000020 x10:00000020
20469603ns          347045 1c008d38 ee873733 p.bclr           x14, x14, 23, 8     x14=00000030 x14:00000030
20469623ns          347046 1c008d3c 00d787b3 add              x15, x15, x13       x15=1a10f000 x15:00000000 x13:1a10f000
20469643ns          347047 1c008d3e 00a767a3 p.sw             x10, x0(x14)        x10:00000020 x14:00000030  PA:1a10f030
20469987ns          347064 1c008d42 00000513 addi             x10, x0, 0          x10=00000000
20470008ns          347065 1c008d44 00008067 jalr             x0, x1, 0            x1:1c008de0
20470048ns          347067 1c008de0 15f52063 p.beqimm         x10, 320            x10:00000000
20470068ns          347068 1c008de4 001a8a93 addi             x21, x21, 1         x21=0000001d x21:0000001c
20470088ns          347069 1c008de6 00800d33 add              x26, x0, x8         x26=1c0009cb  x8:1c0009cb
20470109ns          347070 1c008de8 000d4503 lbu              x10, 0(x26)         x10=00000025 x26:1c0009cb  PA:1c0009cb
20470412ns          347085 1c008dec 001d0413 addi             x8, x26, 1           x8=1c0009cc x26:1c0009cb
20470433ns          347086 1c008df0 0c050b63 beq              x10, x0, 214        x10:00000025
20470453ns          347087 1c008df2 02500793 addi             x15, x0, 37         x15=00000025
20470473ns          347088 1c008df6 fef513e3 bne              x10, x15, -26       x10:00000025 x15:00000025
20470493ns          347089 1c008dfa 00012a23 sw               x0, 20(x2)           x2:10001f68  PA:10001f7c
20470514ns          347090 1c008dfc 00012823 sw               x0, 16(x2)           x2:10001f68  PA:10001f78
20470534ns          347091 1c008dfe 00012623 sw               x0, 12(x2)           x2:10001f68  PA:10001f74
20470554ns          347092 1c008e00 00012423 sw               x0, 8(x2)            x2:10001f68  PA:10001f70
20470574ns          347093 1c008e02 00012223 sw               x0, 4(x2)            x2:10001f68  PA:10001f6c
20470594ns          347094 1c008e04 02300493 addi             x9, x0, 35           x9=00000023
20470615ns          347095 1c008e08 02d00b13 addi             x22, x0, 45         x22=0000002d
20470635ns          347096 1c008e0c 00044c83 lbu              x25, 0(x8)          x25=00000064  x8:1c0009cc  PA:1c0009cc
20470959ns          347112 1c008e10 00140913 addi             x18, x8, 1          x18=1c0009cd  x8:1c0009cc
20470979ns          347113 1c008e14 019005b3 add              x11, x0, x25        x11=00000064 x25:00000064
20470999ns          347114 1c008e16 9d0c0513 addi             x10, x24, -1584     x10=1c0009d0 x24:1c001000
20471020ns          347115 1c008e1a 01200d33 add              x26, x0, x18        x26=1c0009cd x18:1c0009cd
20471040ns          347116 1c008e1c 01900db3 add              x27, x0, x25        x27=00000064 x25:00000064
20471060ns          347117 1c008e1e e89ff0ef jal              x1, -376             x1=1c008e20
20471202ns          347124 1c008ca6 00054783 lbu              x15, 0(x10)         x15=0000002d x10:1c0009d0  PA:1c0009d0
20471526ns          347140 1c008caa 0ff5f593 andi             x11, x11, 255       x11=00000064 x11:00000064
20471546ns          347141 1c008cae 00b78c63 beq              x15, x11, 24        x15:0000002d x11:00000064
20471566ns          347142 1c008cb2 00078b63 beq              x15, x0, 22         x15:0000002d
20471586ns          347143 1c008cb4 00150793 addi             x15, x10, 1         x15=1c0009d1 x10:1c0009d0
20471606ns          347144 1c008cb8 0040006f jal              x0, 4              
20471708ns          347149 1c008cbc 00f00533 add              x10, x0, x15        x10=1c0009d1 x15:1c0009d1
20471728ns          347150 1c008cbe 0017c70b p.lbu            x14, 1(x15!)        x14=0000002b x15=1c0009d2 x15:1c0009d1  PA:1c0009d1
20472052ns          347166 1c008cc2 feb71ce3 bne              x14, x11, -8        x14:0000002b x11:00000064
20472112ns          347169 1c008cba 00070763 beq              x14, x0, 14         x14:0000002b
20472133ns          347170 1c008cbc 00f00533 add              x10, x0, x15        x10=1c0009d2 x15:1c0009d2
20472153ns          347171 1c008cbe 0017c70b p.lbu            x14, 1(x15!)        x14=00000020 x15=1c0009d3 x15:1c0009d2  PA:1c0009d2
20472477ns          347187 1c008cc2 feb71ce3 bne              x14, x11, -8        x14:00000020 x11:00000064
20472538ns          347190 1c008cba 00070763 beq              x14, x0, 14         x14:00000020
20472558ns          347191 1c008cbc 00f00533 add              x10, x0, x15        x10=1c0009d3 x15:1c0009d3
20472578ns          347192 1c008cbe 0017c70b p.lbu            x14, 1(x15!)        x14=00000023 x15=1c0009d4 x15:1c0009d3  PA:1c0009d3
20472902ns          347208 1c008cc2 feb71ce3 bne              x14, x11, -8        x14:00000023 x11:00000064
20472963ns          347211 1c008cba 00070763 beq              x14, x0, 14         x14:00000023
20472983ns          347212 1c008cbc 00f00533 add              x10, x0, x15        x10=1c0009d4 x15:1c0009d4
20473003ns          347213 1c008cbe 0017c70b p.lbu            x14, 1(x15!)        x14=00000030 x15=1c0009d5 x15:1c0009d4  PA:1c0009d4
20473327ns          347229 1c008cc2 feb71ce3 bne              x14, x11, -8        x14:00000030 x11:00000064
20473388ns          347232 1c008cba 00070763 beq              x14, x0, 14         x14:00000030
20473408ns          347233 1c008cbc 00f00533 add              x10, x0, x15        x10=1c0009d5 x15:1c0009d5
20473428ns          347234 1c008cbe 0017c70b p.lbu            x14, 1(x15!)        x14=00000000 x15=1c0009d6 x15:1c0009d5  PA:1c0009d5
20473752ns          347250 1c008cc2 feb71ce3 bne              x14, x11, -8        x14:00000000 x11:00000064
20473813ns          347253 1c008cba 00070763 beq              x14, x0, 14         x14:00000000
20473873ns          347256 1c008cc8 0015b593 sltiu            x11, x11, 1         x11=00000000 x11:00000064
20473894ns          347257 1c008ccc 40b005b3 sub              x11, x0, x11        x11=00000000 x11:00000000
20473914ns          347258 1c008cd0 00b57533 and              x10, x10, x11       x10=00000000 x10:1c0009d5 x11:00000000
20473934ns          347259 1c008cd2 00008067 jalr             x0, x1, 0            x1:1c008e20
20474015ns          347263 1c008e20 02050b63 beq              x10, x0, 54         x10:00000000
20474096ns          347267 1c008e56 02a00693 addi             x13, x0, 42         x13=0000002a
20474116ns          347268 1c008e5a 2edc8263 beq              x25, x13, 740       x25:00000064 x13:0000002a
20474177ns          347271 1c008e5e fd0c8693 addi             x13, x25, -48       x13=00000034 x25:00000064
20474197ns          347272 1c008e62 00900593 addi             x11, x0, 9          x11=00000009
20474217ns          347273 1c008e64 00000b13 addi             x22, x0, 0          x22=00000000
20474238ns          347274 1c008e66 0cd5fd63 bgeu             x11, x13, 218       x11:00000009 x13:00000034
20474258ns          347275 1c008e6a 02e00793 addi             x15, x0, 46         x15=0000002e
20474319ns          347278 1c008e6e 28fd8663 beq              x27, x15, 652       x27:00000064 x15:0000002e
20474339ns          347279 1c008e72 01b00433 add              x8, x0, x27          x8=00000064 x27:00000064
20474359ns          347280 1c008e74 fff00493 addi             x9, x0, -1           x9=ffffffff
20474379ns          347281 1c008e76 1c001737 lui              x14, 0x1c001000     x14=1c001000
20474400ns          347282 1c008e7a 01b005b3 add              x11, x0, x27        x11=00000064 x27:00000064
20474420ns          347283 1c008e7c 9d870513 addi             x10, x14, -1576     x10=1c0009d8 x14:1c001000
20474460ns          347285 1c008e80 e27ff0ef jal              x1, -474             x1=1c008e82
20474521ns          347288 1c008ca6 00054783 lbu              x15, 0(x10)         x15=00000068 x10:1c0009d8  PA:1c0009d8
20474825ns          347303 1c008caa 0ff5f593 andi             x11, x11, 255       x11=00000064 x11:00000064
20474845ns          347304 1c008cae 00b78c63 beq              x15, x11, 24        x15:00000068 x11:00000064
20474865ns          347305 1c008cb2 00078b63 beq              x15, x0, 22         x15:00000068
20474885ns          347306 1c008cb4 00150793 addi             x15, x10, 1         x15=1c0009d9 x10:1c0009d8
20474906ns          347307 1c008cb8 0040006f jal              x0, 4              
20474946ns          347309 1c008cbc 00f00533 add              x10, x0, x15        x10=1c0009d9 x15:1c0009d9
20474966ns          347310 1c008cbe 0017c70b p.lbu            x14, 1(x15!)        x14=0000006c x15=1c0009da x15:1c0009d9  PA:1c0009d9
20475290ns          347326 1c008cc2 feb71ce3 bne              x14, x11, -8        x14:0000006c x11:00000064
20475351ns          347329 1c008cba 00070763 beq              x14, x0, 14         x14:0000006c
20475371ns          347330 1c008cbc 00f00533 add              x10, x0, x15        x10=1c0009da x15:1c0009da
20475391ns          347331 1c008cbe 0017c70b p.lbu            x14, 1(x15!)        x14=0000007a x15=1c0009db x15:1c0009da  PA:1c0009da
20475715ns          347347 1c008cc2 feb71ce3 bne              x14, x11, -8        x14:0000007a x11:00000064
20475776ns          347350 1c008cba 00070763 beq              x14, x0, 14         x14:0000007a
20475796ns          347351 1c008cbc 00f00533 add              x10, x0, x15        x10=1c0009db x15:1c0009db
20475816ns          347352 1c008cbe 0017c70b p.lbu            x14, 1(x15!)        x14=00000000 x15=1c0009dc x15:1c0009db  PA:1c0009db
20476140ns          347368 1c008cc2 feb71ce3 bne              x14, x11, -8        x14:00000000 x11:00000064
20476201ns          347371 1c008cba 00070763 beq              x14, x0, 14         x14:00000000
20476262ns          347374 1c008cc8 0015b593 sltiu            x11, x11, 1         x11=00000000 x11:00000064
20476282ns          347375 1c008ccc 40b005b3 sub              x11, x0, x11        x11=00000000 x11:00000000
20476302ns          347376 1c008cd0 00b57533 and              x10, x10, x11       x10=00000000 x10:1c0009db x11:00000000
20476322ns          347377 1c008cd2 00008067 jalr             x0, x1, 0            x1:1c008e82
20476363ns          347379 1c008e82 00000793 addi             x15, x0, 0          x15=00000000
20476383ns          347380 1c008e84 00050f63 beq              x10, x0, 30         x10:00000000
20476525ns          347387 1c008ea2 06700693 addi             x13, x0, 103        x13=00000067
20476545ns          347388 1c008ea6 0bb6ee63 bltu             x13, x27, 188       x13:00000067 x27:00000064
20476565ns          347389 1c008eaa 06500693 addi             x13, x0, 101        x13=00000065
20476626ns          347392 1c008eae 3addf2e3 bgeu             x27, x13, 2980      x27:00000064 x13:00000065
20476666ns          347394 1c008eb2 04700693 addi             x13, x0, 71         x13=00000047
20476687ns          347395 1c008eb6 39b6ed63 bltu             x13, x27, 922       x13:00000047 x27:00000064
20476849ns          347403 1c009250 06300693 addi             x13, x0, 99         x13=00000063
20476889ns          347405 1c009254 70dd8c63 beq              x27, x13, 1816      x27:00000064 x13:00000063
20476909ns          347406 1c009258 d3b6e5e3 bltu             x13, x27, -726      x13:00000063 x27:00000064
20477112ns          347416 1c008f82 06c00693 addi             x13, x0, 108        x13=0000006c
20477132ns          347417 1c008f86 00d78a63 beq              x15, x13, 20        x15:00000000 x13:0000006c
20477152ns          347418 1c008f8a 07a00693 addi             x13, x0, 122        x13=0000007a
20477213ns          347421 1c008f8e 00d78663 beq              x15, x13, 12        x15:00000000 x13:0000007a
20477253ns          347423 1c008f92 04c00693 addi             x13, x0, 76         x13=0000004c
20477274ns          347424 1c008f96 5ed78de3 beq              x15, x13, 3578      x15:00000000 x13:0000004c
20477294ns          347425 1c008f9a 000a2783 lw               x15, 0(x20)         x15=00000000 x20:10002014  PA:10002014
20477314ns          347426 1c008f9e 004a0a13 addi             x20, x20, 4         x20=10002018 x20:10002014
20477355ns          347428 1c008fa0 41f7d713 srai             x14, x15, 0x41f     x14=00000000 x15:00000000
20477395ns          347430 1c008fa4 01412e23 sw               x20, 28(x2)         x20:10002018  x2:10001f68  PA:10001f84
20477415ns          347431 1c008fa6 00e12223 sw               x14, 4(x2)          x14:00000000  x2:10001f68  PA:10001f6c
20477436ns          347432 1c008fa8 4e0741e3 blt              x14, x0, 3298       x14:00000000
20477456ns          347433 1c008fac 00c12703 lw               x14, 12(x2)         x14=00000000  x2:10001f68  PA:10001f74
20477496ns          347435 1c008fae 440709e3 beq              x14, x0, 3154       x14:00000000
20477598ns          347440 1c009c00 01012703 lw               x14, 16(x2)         x14=00000000  x2:10001f68  PA:10001f78
20477638ns          347442 1c009c02 22070063 beq              x14, x0, 544        x14:00000000
20477739ns          347447 1c009e22 00412c83 lw               x25, 4(x2)          x25=00000000  x2:10001f68  PA:10001f6c
20477780ns          347449 1c009e24 02410a13 addi             x20, x2, 36         x20=10001f8c  x2:10001f68
20477800ns          347450 1c009e28 998ff06f jal              x0, -3688          
20477881ns          347454 1c008fc0 00f00433 add              x8, x0, x15          x8=00000000 x15:00000000
20477901ns          347455 1c008fc2 01400db3 add              x27, x0, x20        x27=10001f8c x20:10001f8c
20477921ns          347456 1c008fc4 0040006f jal              x0, 4              
20477962ns          347458 1c008fc8 00a00613 addi             x12, x0, 10         x12=0000000a
20477982ns          347459 1c008fca 00000693 addi             x13, x0, 0          x13=00000000
20478002ns          347460 1c008fcc 00800533 add              x10, x0, x8         x10=00000000  x8:00000000
20478023ns          347461 1c008fce 019005b3 add              x11, x0, x25        x11=00000000 x25:00000000
20478043ns          347462 1c008fd0 c2aff0ef jal              x1, -3030            x1=1c008fd4
20478124ns          347466 1c0083fa 00c008b3 add              x17, x0, x12        x17=0000000a x12:0000000a
20478164ns          347468 1c0083fc 00d00733 add              x14, x0, x13        x14=00000000 x13:00000000
20478184ns          347469 1c0083fe 00a007b3 add              x15, x0, x10        x15=00000000 x10:00000000
20478225ns          347471 1c008400 00b00833 add              x16, x0, x11        x16=00000000 x11:00000000
20478265ns          347473 1c008402 1c069863 bne              x13, x0, 464        x13:00000000
20478286ns          347474 1c008406 1c0016b7 lui              x13, 0x1c001000     x13=1c001000
20478306ns          347475 1c00840a 86868693 addi             x13, x13, -1944     x13=1c000868 x13:1c001000
20478367ns          347478 1c00840e 0ac5f863 bgeu             x11, x12, 176       x11:00000000 x12:0000000a
20478387ns          347479 1c008412 00010337 lui              x6, 0x10000          x6=00010000
20478407ns          347480 1c008414 08667e63 bgeu             x12, x6, 156        x12:0000000a  x6:00010000
20478427ns          347481 1c008418 0ff00313 addi             x6, x0, 255          x6=000000ff
20478448ns          347482 1c00841c 00c37363 bgeu             x6, x12, 6           x6:000000ff x12:0000000a
20478569ns          347488 1c008422 00e65333 srl              x6, x12, x14         x6=0000000a x12:0000000a x14:00000000
20478589ns          347489 1c008426 006686b3 add              x13, x13, x6        x13=1c000872 x13:1c000868  x6:0000000a
20478610ns          347490 1c008428 0006ce03 lbu              x28, 0(x13)         x28=00000004 x13:1c000872  PA:1c000872
20478913ns          347505 1c00842c 02000313 addi             x6, x0, 32           x6=00000020
20478933ns          347506 1c008430 00ee0e33 add              x28, x28, x14       x28=00000004 x28:00000004 x14:00000000
20478954ns          347507 1c008432 41c30333 sub              x6, x6, x28          x6=0000001c  x6:00000020 x28:00000004
20478974ns          347508 1c008436 00030c63 beq              x6, x0, 24           x6:0000001c
20478994ns          347509 1c00843a 006595b3 sll              x11, x11, x6        x11=00000000 x11:00000000  x6:0000001c
20479055ns          347512 1c00843e 01c55e33 srl              x28, x10, x28       x28=00000000 x10:00000000 x28:00000004
20479095ns          347514 1c008442 006618b3 sll              x17, x12, x6        x17=a0000000 x12:0000000a  x6:0000001c
20479116ns          347515 1c008446 00be6833 or               x16, x28, x11       x16=00000000 x28:00000000 x11:00000000
20479136ns          347516 1c00844a 006517b3 sll              x15, x10, x6        x15=00000000 x10:00000000  x6:0000001c
20479196ns          347519 1c00844e 0108d613 srli             x12, x17, 0x10      x12=0000a000 x17:a0000000
20479237ns          347521 1c008452 02c87733 remu             x14, x16, x12       x14=00000000 x16:00000000 x12:0000a000
20479622ns          347540 1c008456 02c85833 divu             x16, x16, x12       x16=00000000 x16:00000000 x12:0000a000
20480006ns          347559 1c00845a 01089513 slli             x10, x17, 0x10      x10=00000000 x17:a0000000
20480026ns          347560 1c00845e 01055513 srli             x10, x10, 0x10      x10=00000000 x10:00000000
20480047ns          347561 1c008460 01071713 slli             x14, x14, 0x10      x14=00000000 x14:00000000
20480067ns          347562 1c008462 0107d693 srli             x13, x15, 0x10      x13=00000000 x15:00000000
20480087ns          347563 1c008466 03050833 mul              x16, x10, x16       x16=00000000 x10:00000000 x16:00000000
20480107ns          347564 1c00846a 00e6e6b3 or               x13, x13, x14       x13=00000000 x13:00000000 x14:00000000
20480128ns          347565 1c00846c 0106f863 bgeu             x13, x16, 16        x13:00000000 x16:00000000
20480188ns          347568 1c00847c 410686b3 sub              x13, x13, x16       x13=00000000 x13:00000000 x16:00000000
20480249ns          347571 1c008480 02c6f733 remu             x14, x13, x12       x14=00000000 x13:00000000 x12:0000a000
20480654ns          347591 1c008484 02c6d6b3 divu             x13, x13, x12       x13=00000000 x13:00000000 x12:0000a000
20481038ns          347610 1c008488 01079793 slli             x15, x15, 0x10      x15=00000000 x15:00000000
20481059ns          347611 1c00848a 02d506b3 mul              x13, x10, x13       x13=00000000 x10:00000000 x13:00000000
20481079ns          347612 1c00848e 0107d793 srli             x15, x15, 0x10      x15=00000000 x15:00000000
20481099ns          347613 1c008490 01071513 slli             x10, x14, 0x10      x10=00000000 x14:00000000
20481119ns          347614 1c008494 00a7e7b3 or               x15, x15, x10       x15=00000000 x15:00000000 x10:00000000
20481140ns          347615 1c008496 00d7f863 bgeu             x15, x13, 16        x15:00000000 x13:00000000
20481241ns          347620 1c0084a6 40d787b3 sub              x15, x15, x13       x15=00000000 x15:00000000 x13:00000000
20481261ns          347621 1c0084a8 0067d533 srl              x10, x15, x6        x10=00000000 x15:00000000  x6:0000001c
20481281ns          347622 1c0084ac 00000593 addi             x11, x0, 0          x11=00000000
20481301ns          347623 1c0084ae 00008067 jalr             x0, x1, 0            x1:1c008fd4
20481423ns          347629 1c008fd4 00a00933 add              x18, x0, x10        x18=00000000 x10:00000000
20481443ns          347630 1c008fd6 019005b3 add              x11, x0, x25        x11=00000000 x25:00000000
20481463ns          347631 1c008fd8 00800533 add              x10, x0, x8         x10=00000000  x8:00000000
20481484ns          347632 1c008fda 00a00613 addi             x12, x0, 10         x12=0000000a
20481504ns          347633 1c008fdc 00000693 addi             x13, x0, 0          x13=00000000
20481544ns          347635 1c008fde 8beff0ef jal              x1, -3906            x1=1c008fe2
20481625ns          347639 1c00809c 00b007b3 add              x15, x0, x11        x15=00000000 x11:00000000
20481646ns          347640 1c00809e 00c00833 add              x16, x0, x12        x16=0000000a x12:0000000a
20481706ns          347643 1c0080a0 00d008b3 add              x17, x0, x13        x17=00000000 x13:00000000
20481726ns          347644 1c0080a2 00a00333 add              x6, x0, x10          x6=00000000 x10:00000000
20481747ns          347645 1c0080a4 20069663 bne              x13, x0, 524        x13:00000000
20481767ns          347646 1c0080a8 1c001737 lui              x14, 0x1c001000     x14=1c001000
20481787ns          347647 1c0080ac 86870713 addi             x14, x14, -1944     x14=1c000868 x14:1c001000
20481848ns          347650 1c0080b0 0ac5fe63 bgeu             x11, x12, 188       x11:00000000 x12:0000000a
20481888ns          347652 1c0080b4 000106b7 lui              x13, 0x10000        x13=00010000
20481909ns          347653 1c0080b6 0ad67463 bgeu             x12, x13, 168       x12:0000000a x13:00010000
20481929ns          347654 1c0080ba 0ff00693 addi             x13, x0, 255        x13=000000ff
20481990ns          347657 1c0080be 00c6b6b3 sltu             x13, x13, x12       x13=00000000 x13:000000ff x12:0000000a
20482010ns          347658 1c0080c2 00369693 slli             x13, x13, 0x3       x13=00000000 x13:00000000
20482030ns          347659 1c0080c4 00d658b3 srl              x17, x12, x13       x17=0000000a x12:0000000a x13:00000000
20482050ns          347660 1c0080c8 01170733 add              x14, x14, x17       x14=1c000872 x14:1c000868 x17:0000000a
20482071ns          347661 1c0080ca 00074703 lbu              x14, 0(x14)         x14=00000004 x14:1c000872  PA:1c000872
20482394ns          347677 1c0080ce 00e686b3 add              x13, x13, x14       x13=00000004 x13:00000000 x14:00000004
20482415ns          347678 1c0080d0 02000713 addi             x14, x0, 32         x14=00000020
20482435ns          347679 1c0080d4 40d70733 sub              x14, x14, x13       x14=0000001c x14:00000020 x13:00000004
20482455ns          347680 1c0080d6 00070b63 beq              x14, x0, 22         x14:0000001c
20482475ns          347681 1c0080d8 00e797b3 sll              x15, x15, x14       x15=00000000 x15:00000000 x14:0000001c
20482496ns          347682 1c0080dc 00d556b3 srl              x13, x10, x13       x13=00000000 x10:00000000 x13:00000004
20482536ns          347684 1c0080e0 00e61833 sll              x16, x12, x14       x16=a0000000 x12:0000000a x14:0000001c
20482577ns          347686 1c0080e4 00f6e5b3 or               x11, x13, x15       x11=00000000 x13:00000000 x15:00000000
20482597ns          347687 1c0080e8 00e51333 sll              x6, x10, x14         x6=00000000 x10:00000000 x14:0000001c
20482617ns          347688 1c0080ec 01085513 srli             x10, x16, 0x10      x10=0000a000 x16:a0000000
20482678ns          347691 1c0080f0 02a5f733 remu             x14, x11, x10       x14=00000000 x11:00000000 x10:0000a000
20483083ns          347711 1c0080f4 02a5d7b3 divu             x15, x11, x10       x15=00000000 x11:00000000 x10:0000a000
20483467ns          347730 1c0080f8 01081613 slli             x12, x16, 0x10      x12=00000000 x16:a0000000
20483487ns          347731 1c0080fc 01071713 slli             x14, x14, 0x10      x14=00000000 x14:00000000
20483508ns          347732 1c0080fe 01065613 srli             x12, x12, 0x10      x12=00000000 x12:00000000
20483528ns          347733 1c008100 01035693 srli             x13, x6, 0x10       x13=00000000  x6:00000000
20483548ns          347734 1c008104 00e6e6b3 or               x13, x13, x14       x13=00000000 x13:00000000 x14:00000000
20483568ns          347735 1c008106 02f605b3 mul              x11, x12, x15       x11=00000000 x12:00000000 x15:00000000
20483589ns          347736 1c00810a 00f00733 add              x14, x0, x15        x14=00000000 x15:00000000
20483609ns          347737 1c00810c 00b6fc63 bgeu             x13, x11, 24        x13:00000000 x11:00000000
20483710ns          347742 1c008124 40b686b3 sub              x13, x13, x11       x13=00000000 x13:00000000 x11:00000000
20483750ns          347744 1c008126 02a6f7b3 remu             x15, x13, x10       x15=00000000 x13:00000000 x10:0000a000
20484135ns          347763 1c00812a 02a6d6b3 divu             x13, x13, x10       x13=00000000 x13:00000000 x10:0000a000
20484520ns          347782 1c00812e 01031313 slli             x6, x6, 0x10         x6=00000000  x6:00000000
20484540ns          347783 1c008130 01079793 slli             x15, x15, 0x10      x15=00000000 x15:00000000
20484560ns          347784 1c008132 01035313 srli             x6, x6, 0x10         x6=00000000  x6:00000000
20484580ns          347785 1c008136 02d605b3 mul              x11, x12, x13       x11=00000000 x12:00000000 x13:00000000
20484601ns          347786 1c00813a 0067e333 or               x6, x15, x6          x6=00000000 x15:00000000  x6:00000000
20484621ns          347787 1c00813e 00d00533 add              x10, x0, x13        x10=00000000 x13:00000000
20484661ns          347789 1c008140 00b37b63 bgeu             x6, x11, 22          x6:00000000 x11:00000000
20484762ns          347794 1c008156 01071713 slli             x14, x14, 0x10      x14=00000000 x14:00000000
20484803ns          347796 1c008158 00a76733 or               x14, x14, x10       x14=00000000 x14:00000000 x10:00000000
20484823ns          347797 1c00815a 00000593 addi             x11, x0, 0          x11=00000000
20484843ns          347798 1c00815c 0b20006f jal              x0, 178            
20484965ns          347804 1c00820e 00e00533 add              x10, x0, x14        x10=00000000 x14:00000000
20485046ns          347808 1c008210 00008067 jalr             x0, x1, 0            x1:1c008fe2
20485167ns          347814 1c008fe2 03090913 addi             x18, x18, 48        x18=00000030 x18:00000000
20485188ns          347815 1c008fe6 012d8023 sb               x18, 0(x27)         x18:00000030 x27:10001f8c  PA:10001f8c
20485208ns          347816 1c008fea 00a5e7b3 or               x15, x11, x10       x15=00000000 x11:00000000 x10:00000000
20485268ns          347819 1c008fee 001d8913 addi             x18, x27, 1         x18=10001f8d x27:10001f8c
20485289ns          347820 1c008ff2 00a00433 add              x8, x0, x10          x8=00000000 x10:00000000
20485309ns          347821 1c008ff4 00b00cb3 add              x25, x0, x11        x25=00000000 x11:00000000
20485329ns          347822 1c008ff6 fc0798e3 bne              x15, x0, -48        x15:00000000
20485349ns          347823 1c008ff8 00090023 sb               x0, 0(x18)          x18:10001f8d  PA:10001f8d
20485370ns          347824 1c008ffc 01ba7d63 bgeu             x20, x27, 26        x20:10001f8c x27:10001f8c
20485491ns          347830 1c009016 00012783 lw               x15, 0(x2)          x15=10001f8c  x2:10001f68  PA:10001f68
20485532ns          347832 1c009018 00c12703 lw               x14, 12(x2)         x14=00000000  x2:10001f68  PA:10001f74
20485552ns          347833 1c00901a 40f90933 sub              x18, x18, x15       x18=00000001 x18:10001f8d x15:10001f8c
20485613ns          347836 1c00901e 3c071de3 bne              x14, x0, 3034       x14:00000000
20485633ns          347837 1c009022 01012783 lw               x15, 16(x2)         x15=00000000  x2:10001f68  PA:10001f78
20485673ns          347839 1c009024 3c079ae3 bne              x15, x0, 3028       x15:00000000
20485694ns          347840 1c009028 00412703 lw               x14, 4(x2)          x14=00000000  x2:10001f68  PA:10001f6c
20485734ns          347842 1c00902a 01f75713 srli             x14, x14, 0x1f      x14=00000000 x14:00000000
20485754ns          347843 1c00902c 00e12223 sw               x14, 4(x2)          x14:00000000  x2:10001f68  PA:10001f6c
20485774ns          347844 1c00902e 3404c463 blt              x9, x0, 840          x9:ffffffff
20485876ns          347849 1c009376 00000c93 addi             x25, x0, 0          x25=00000000
20485916ns          347851 1c009378 00012c23 sw               x0, 24(x2)           x2:10001f68  PA:10001f80
20485936ns          347852 1c00937a 00000a13 addi             x20, x0, 0          x20=00000000
20485957ns          347853 1c00937c 01412783 lw               x15, 20(x2)         x15=00000000  x2:10001f68  PA:10001f7c
20485997ns          347855 1c00937e 5e078163 beq              x15, x0, 1506       x15:00000000
20486098ns          347860 1c009960 412b0b33 sub              x22, x22, x18       x22=ffffffff x22:00000000 x18:00000001
20486139ns          347862 1c009964 02410413 addi             x8, x2, 36           x8=10001f8c  x2:10001f68
20486159ns          347863 1c009966 00000493 addi             x9, x0, 0            x9=00000000
20486179ns          347864 1c009968 ee6ff06f jal              x0, -2330          
20486321ns          347871 1c00904e 00812703 lw               x14, 8(x2)          x14=00000000  x2:10001f68  PA:10001f70
20486361ns          347873 1c009050 02071063 bne              x14, x0, 32         x14:00000000
20486382ns          347874 1c009052 01605f63 bge              x0, x22, 30         x22:ffffffff
20486483ns          347879 1c009070 00412783 lw               x15, 4(x2)          x15=00000000  x2:10001f68  PA:10001f6c
20486523ns          347881 1c009072 00f40db3 add              x27, x8, x15        x27=10001f8c  x8:10001f8c x15:00000000
20486544ns          347882 1c009076 00c0006f jal              x0, 12             
20486625ns          347886 1c009082 017005b3 add              x11, x0, x23        x11=00000002 x23:00000002
20486665ns          347888 1c009084 ffb41ae3 bne              x8, x27, -12         x8:10001f8c x27:10001f8c
20486685ns          347889 1c009088 00900db3 add              x27, x0, x9         x27=00000000  x9:00000000
20486706ns          347890 1c00908a 0080006f jal              x0, 8              
20486807ns          347895 1c009092 fffd8d93 addi             x27, x27, -1        x27=ffffffff x27:00000000
20486827ns          347896 1c009094 017005b3 add              x11, x0, x23        x11=00000002 x23:00000002
20486847ns          347897 1c009096 03000513 addi             x10, x0, 48         x10=00000030
20486867ns          347898 1c00909a fffdb9e3 p.bneimm         x27, -14            x27:ffffffff
20486888ns          347899 1c00909e 00412703 lw               x14, 4(x2)          x14=00000000  x2:10001f68  PA:10001f6c
20486928ns          347901 1c0090a0 40e90933 sub              x18, x18, x14       x18=00000001 x18:00000001 x14:00000000
20486969ns          347903 1c0090a4 01212423 sw               x18, 8(x2)          x18:00000001  x2:10001f68  PA:10001f70
20486989ns          347904 1c0090a6 e40a15e3 bne              x20, x0, -438       x20:00000000
20487009ns          347905 1c0090aa 01812783 lw               x15, 24(x2)         x15=00000000  x2:10001f68  PA:10001f80
20487050ns          347907 1c0090ac 16079763 bne              x15, x0, 366        x15:00000000
20487070ns          347908 1c0090b0 120c8863 beq              x25, x0, 304        x25:00000000
20487171ns          347913 1c0091e0 017005b3 add              x11, x0, x23        x11=00000002 x23:00000002
20487212ns          347915 1c0091e2 ff2049e3 blt              x0, x18, -14        x18:00000001
20487313ns          347920 1c0091d4 0014450b p.lbu            x10, 1(x8!)         x10=00000030  x8=10001f8d  x8:10001f8c  PA:10001f8c
20487353ns          347922 1c0091d8 fff90913 addi             x18, x18, -1        x18=00000000 x18:00000001
20487373ns          347923 1c0091da 000980e7 jalr             x1, x19, 0           x1=1c0091dc x19:1c008d20
20487454ns          347927 1c008d20 f14027f3 csrrs            x15, x0, 0xf14      x15=00000006
20487495ns          347929 1c008d24 1a10f6b7 lui              x13, 0x1a10f000     x13=1a10f000
20487515ns          347930 1c008d28 ca5797b3 p.extractu       x15, x15, 5, 5      x15=00000000 x15:00000006
20487535ns          347931 1c008d2c f1402773 csrrs            x14, x0, 0xf14      x14=00000006
20487596ns          347934 1c008d30 00779793 slli             x15, x15, 0x7       x15=00000000 x15:00000000
20487616ns          347935 1c008d32 00371713 slli             x14, x14, 0x3       x14=00000030 x14:00000006
20487637ns          347936 1c008d34 0ff57513 andi             x10, x10, 255       x10=00000030 x10:00000030
20487657ns          347937 1c008d38 ee873733 p.bclr           x14, x14, 23, 8     x14=00000030 x14:00000030
20487677ns          347938 1c008d3c 00d787b3 add              x15, x15, x13       x15=1a10f000 x15:00000000 x13:1a10f000
20487738ns          347941 1c008d3e 00a767a3 p.sw             x10, x0(x14)        x10:00000030 x14:00000030  PA:1a10f030
20488062ns          347957 1c008d42 00000513 addi             x10, x0, 0          x10=00000000
20488082ns          347958 1c008d44 00008067 jalr             x0, x1, 0            x1:1c0091dc
20488163ns          347962 1c0091dc d5f522e3 p.beqimm         x10, -700           x10:00000000
20488203ns          347964 1c0091e0 017005b3 add              x11, x0, x23        x11=00000002 x23:00000002
20488224ns          347965 1c0091e2 ff2049e3 blt              x0, x18, -14        x18:00000000
20488244ns          347966 1c0091e6 00412783 lw               x15, 4(x2)          x15=00000000  x2:10001f68  PA:10001f6c
20488264ns          347967 1c0091e8 01c12a03 lw               x20, 28(x2)         x20=10002018  x2:10001f68  PA:10001f84
20488284ns          347968 1c0091ea 00fa8733 add              x14, x21, x15       x14=0000001d x21:0000001d x15:00000000
20488304ns          347969 1c0091ee 00812783 lw               x15, 8(x2)          x15=00000001  x2:10001f68  PA:10001f70
20488325ns          347970 1c0091f0 00970733 add              x14, x14, x9        x14=0000001d x14:0000001d  x9:00000000
20488365ns          347972 1c0091f2 00e78ab3 add              x21, x15, x14       x21=0000001e x15:00000001 x14:0000001d
20488385ns          347973 1c0091f6 bf6059e3 bge              x0, x22, -1038      x22:ffffffff
20488547ns          347981 1c008de8 000d4503 lbu              x10, 0(x26)         x10=0000000a x26:1c0009cd  PA:1c0009cd
20488871ns          347997 1c008dec 001d0413 addi             x8, x26, 1           x8=1c0009ce x26:1c0009cd
20488891ns          347998 1c008df0 0c050b63 beq              x10, x0, 214        x10:0000000a
20488912ns          347999 1c008df2 02500793 addi             x15, x0, 37         x15=00000025
20488932ns          348000 1c008df6 fef513e3 bne              x10, x15, -26       x10:0000000a x15:00000025
20489094ns          348008 1c008ddc 017005b3 add              x11, x0, x23        x11=00000002 x23:00000002
20489114ns          348009 1c008dde 000980e7 jalr             x1, x19, 0           x1=1c008de0 x19:1c008d20
20489155ns          348011 1c008d20 f14027f3 csrrs            x15, x0, 0xf14      x15=00000006
20489175ns          348012 1c008d24 1a10f6b7 lui              x13, 0x1a10f000     x13=1a10f000
20489195ns          348013 1c008d28 ca5797b3 p.extractu       x15, x15, 5, 5      x15=00000000 x15:00000006
20489215ns          348014 1c008d2c f1402773 csrrs            x14, x0, 0xf14      x14=00000006
20489236ns          348015 1c008d30 00779793 slli             x15, x15, 0x7       x15=00000000 x15:00000000
20489256ns          348016 1c008d32 00371713 slli             x14, x14, 0x3       x14=00000030 x14:00000006
20489276ns          348017 1c008d34 0ff57513 andi             x10, x10, 255       x10=0000000a x10:0000000a
20489296ns          348018 1c008d38 ee873733 p.bclr           x14, x14, 23, 8     x14=00000030 x14:00000030
20489316ns          348019 1c008d3c 00d787b3 add              x15, x15, x13       x15=1a10f000 x15:00000000 x13:1a10f000
20489337ns          348020 1c008d3e 00a767a3 p.sw             x10, x0(x14)        x10:0000000a x14:00000030  PA:1a10f030
20489661ns          348036 1c008d42 00000513 addi             x10, x0, 0          x10=00000000
20489681ns          348037 1c008d44 00008067 jalr             x0, x1, 0            x1:1c008de0
20489721ns          348039 1c008de0 15f52063 p.beqimm         x10, 320            x10:00000000
20489742ns          348040 1c008de4 001a8a93 addi             x21, x21, 1         x21=0000001f x21:0000001e
20489762ns          348041 1c008de6 00800d33 add              x26, x0, x8         x26=1c0009ce  x8:1c0009ce
20489782ns          348042 1c008de8 000d4503 lbu              x10, 0(x26)         x10=00000000 x26:1c0009ce  PA:1c0009ce
20490126ns          348059 1c008dec 001d0413 addi             x8, x26, 1           x8=1c0009cf x26:1c0009ce
20490146ns          348060 1c008df0 0c050b63 beq              x10, x0, 214        x10:00000000
20490248ns          348065 1c008ec6 01500433 add              x8, x0, x21          x8=0000001f x21:0000001f
20490288ns          348067 1c008ec8 00800533 add              x10, x0, x8         x10=0000001f  x8:0000001f
20490308ns          348068 1c008eca 07c12083 lw               x1, 124(x2)          x1=1c008da4  x2:10001f68  PA:10001fe4
20490328ns          348069 1c008ecc 07812403 lw               x8, 120(x2)          x8=xxxxxxxx  x2:10001f68  PA:10001fe0
20490349ns          348070 1c008ece 07412483 lw               x9, 116(x2)          x9=xxxxxxxx  x2:10001f68  PA:10001fdc
20490369ns          348071 1c008ed0 07012903 lw               x18, 112(x2)        x18=00204000  x2:10001f68  PA:10001fd8
20490389ns          348072 1c008ed2 06c12983 lw               x19, 108(x2)        x19=00000006  x2:10001f68  PA:10001fd4
20490409ns          348073 1c008ed4 06812a03 lw               x20, 104(x2)        x20=1c01011e  x2:10001f68  PA:10001fd0
20490430ns          348074 1c008ed6 06412a83 lw               x21, 100(x2)        x21=1c010122  x2:10001f68  PA:10001fcc
20490450ns          348075 1c008ed8 06012b03 lw               x22, 96(x2)         x22=xxxxxxxx  x2:10001f68  PA:10001fc8
20490470ns          348076 1c008eda 05c12b83 lw               x23, 92(x2)         x23=xxxxxxxx  x2:10001f68  PA:10001fc4
20490490ns          348077 1c008edc 05812c03 lw               x24, 88(x2)         x24=xxxxxxxx  x2:10001f68  PA:10001fc0
20490511ns          348078 1c008ede 05412c83 lw               x25, 84(x2)         x25=xxxxxxxx  x2:10001f68  PA:10001fbc
20490531ns          348079 1c008ee0 05012d03 lw               x26, 80(x2)         x26=xxxxxxxx  x2:10001f68  PA:10001fb8
20490551ns          348080 1c008ee2 04c12d83 lw               x27, 76(x2)         x27=xxxxxxxx  x2:10001f68  PA:10001fb4
20490571ns          348081 1c008ee4 08010113 addi             x2, x2, 128          x2=10001fe8  x2:10001f68
20490592ns          348082 1c008ee6 00008067 jalr             x0, x1, 0            x1:1c008da4
20491138ns          348109 1c008da4 01c12083 lw               x1, 28(x2)           x1=1c01011e  x2:10001fe8  PA:10002004
20491158ns          348110 1c008da6 04010113 addi             x2, x2, 64           x2=10002028  x2:10001fe8
20491199ns          348112 1c008da8 00008067 jalr             x0, x1, 0            x1:1c01011e
20491421ns          348123 1c01011e 21c96283 p.elw            x5, 540(x18)         x5=00010000 x18:00204000  PA:0020421c
