                Time          Cycles PC       Instr    Mnemonic
20180697ns          332771 1c008080 00003517 auipc            x10, 0x3000         x10=1c00b080
20180737ns          332773 1c008084 02250513 addi             x10, x10, 34        x10=1c00b0a2 x10:1c00b080
20180778ns          332775 1c008088 00050067 jalr             x0, x10, 0          x10:1c00b0a2
20181709ns          332821 1c00b0a2 cc101073 csrrw            x0, x0, 0xcc1      
20181729ns          332822 1c00b0a6 f1402573 csrrs            x10, x0, 0xf14      x10=00000002
20181749ns          332823 1c00b0aa 01f57593 andi             x11, x10, 31        x11=00000002 x10:00000002
20181770ns          332824 1c00b0ae 00555513 srli             x10, x10, 0x5       x10=00000000 x10:00000002
20182195ns          332845 1c00b0b0 01f00613 addi             x12, x0, 31         x12=0000001f
20182235ns          332847 1c00b0b2 00c50463 beq              x10, x12, 8         x10:00000000 x12:0000001f
20182255ns          332848 1c00b0b6 74b0406f jal              x0, 20298          
20182640ns          332867 1c010000 f1402573 csrrs            x10, x0, 0xf14      x10=00000002
20182680ns          332869 1c010004 01f57593 andi             x11, x10, 31        x11=00000002 x10:00000002
20182701ns          332870 1c010008 00555513 srli             x10, x10, 0x5       x10=00000000 x10:00000002
20182721ns          332871 1c01000a 000702b7 lui              x5, 0x70000          x5=00070000
20183085ns          332889 1c01000e 00204337 lui              x6, 0x204000         x6=00204000
20183126ns          332891 1c010012 00532023 sw               x5, 0(x6)            x5:00070000  x6:00204000  PA:00204000
20183146ns          332892 1c010016 00000393 addi             x7, x0, 0            x7=00000000
20183166ns          332893 1c010018 0e759463 bne              x11, x7, 232        x11:00000002  x7:00000000
20183956ns          332932 1c010100 00204937 lui              x18, 0x204000       x18=00204000
20183996ns          332934 1c010104 f14029f3 csrrs            x19, x0, 0xf14      x19=00000002
20184016ns          332935 1c010108 01f9f993 andi             x19, x19, 31        x19=00000002 x19:00000002
20184037ns          332936 1c01010c 00000a17 auipc            x20, 0x0            x20=1c01010c
20184401ns          332954 1c010110 012a0a13 addi             x20, x20, 18        x20=1c01011e x20:1c01010c
20184441ns          332956 1c010114 00000a97 auipc            x21, 0x0            x21=1c010114
20184462ns          332957 1c010118 00ea8a93 addi             x21, x21, 14        x21=1c010122 x21:1c010114
20184482ns          332958 1c01011c 0060006f jal              x0, 6              
20184907ns          332979 1c010122 08096283 p.elw            x5, 128(x18)         x5=1c01013f x18:00204000  PA:00204080
20190028ns          333232 1c010126 08096503 p.elw            x10, 128(x18)       x10=00000400 x18:00204000  PA:00204080
20190129ns          333237 1c01012a 0012f313 andi             x6, x5, 1            x6=00000001  x5:1c01013f
20190149ns          333238 1c01012e 00031563 bne              x6, x0, 10           x6:00000001
20190210ns          333241 1c010138 000a80b3 add              x1, x21, x0          x1=1c010122 x21:1c010122
20190230ns          333242 1c01013c 00028067 jalr             x0, x5, 0            x5:1c01013f
20190655ns          333263 1c01013e 08096283 p.elw            x5, 128(x18)         x5=10000828 x18:00204000  PA:00204080
20190756ns          333268 1c010142 00098f13 addi             x30, x19, 0         x30=00000002 x19:00000002
20190776ns          333269 1c010146 02af0eb3 mul              x29, x30, x10       x29=00000800 x30:00000002 x10:00000400
20190797ns          333270 1c01014a 005e8133 add              x2, x29, x5          x2=10001028 x29:00000800  x5:10000828
20190817ns          333271 1c01014e 00008067 jalr             x0, x1, 0            x1:1c010122
20191222ns          333291 1c010122 08096283 p.elw            x5, 128(x18)         x5=1c00874e x18:00204000  PA:00204080
20191404ns          333300 1c010126 08096503 p.elw            x10, 128(x18)       x10=00000000 x18:00204000  PA:00204080
20191505ns          333305 1c01012a 0012f313 andi             x6, x5, 1            x6=00000000  x5:1c00874e
20191525ns          333306 1c01012e 00031563 bne              x6, x0, 10           x6:00000000
20191546ns          333307 1c010132 000a00b3 add              x1, x20, x0          x1=1c01011e x20:1c01011e
20191566ns          333308 1c010136 00028067 jalr             x0, x5, 0            x5:1c00874e
20192031ns          333331 1c00874e fd010113 addi             x2, x2, -48          x2=10000ff8  x2:10001028
20192456ns          333352 1c008750 f14025f3 csrrs            x11, x0, 0xf14      x11=00000002
20192497ns          333354 1c008754 02912223 sw               x9, 36(x2)           x9:xxxxxxxx  x2:10000ff8  PA:1000101c
20192517ns          333355 1c008756 1c001537 lui              x10, 0x1c001000     x10=1c001000
20192537ns          333356 1c00875a f14024f3 csrrs            x9, x0, 0xf14        x9=00000002
20192942ns          333376 1c00875e f454b4b3 p.bclr           x9, x9, 26, 5        x9=00000002  x9:00000002
20192962ns          333377 1c008762 00900633 add              x12, x0, x9         x12=00000002  x9:00000002
20192983ns          333378 1c008764 ca5595b3 p.extractu       x11, x11, 5, 5      x11=00000000 x11:00000002
20193003ns          333379 1c008768 98450513 addi             x10, x10, -1660     x10=1c000984 x10:1c001000
20193023ns          333380 1c00876c 02112623 sw               x1, 44(x2)           x1:1c01011e  x2:10000ff8  PA:10001024
20193043ns          333381 1c00876e 02812423 sw               x8, 40(x2)           x8:xxxxxxxx  x2:10000ff8  PA:10001020
20193428ns          333400 1c008770 01612823 sw               x22, 16(x2)         x22:xxxxxxxx  x2:10000ff8  PA:10001008
20193448ns          333401 1c008772 01712623 sw               x23, 12(x2)         x23:xxxxxxxx  x2:10000ff8  PA:10001004
20193468ns          333402 1c008774 03212023 sw               x18, 32(x2)         x18:00204000  x2:10000ff8  PA:10001018
20193489ns          333403 1c008776 01312e23 sw               x19, 28(x2)         x19:00000002  x2:10000ff8  PA:10001014
20193509ns          333404 1c008778 01412c23 sw               x20, 24(x2)         x20:1c01011e  x2:10000ff8  PA:10001010
20193529ns          333405 1c00877a 01512a23 sw               x21, 20(x2)         x21:1c010122  x2:10000ff8  PA:1000100c
20193549ns          333406 1c00877c 01812423 sw               x24, 8(x2)          x24:xxxxxxxx  x2:10000ff8  PA:10001000
20193570ns          333407 1c00877e 5fe000ef jal              x1, 1534             x1=1c008780
20194339ns          333445 1c008d7c fc010113 addi             x2, x2, -64          x2=10000fb8  x2:10000ff8
20194764ns          333466 1c008d7e 02410313 addi             x6, x2, 36           x6=10000fdc  x2:10000fb8
20194784ns          333467 1c008d82 02c12423 sw               x12, 40(x2)         x12:00000002  x2:10000fb8  PA:10000fe0
20194804ns          333468 1c008d84 00a00633 add              x12, x0, x10        x12=1c000984 x10:1c000984
20194824ns          333469 1c008d86 1c009537 lui              x10, 0x1c009000     x10=1c009000
20194845ns          333470 1c008d8a 02b12223 sw               x11, 36(x2)         x11:00000000  x2:10000fb8  PA:10000fdc
20194865ns          333471 1c008d8c 02d12623 sw               x13, 44(x2)         x13:xxxxxxxx  x2:10000fb8  PA:10000fe4
20194885ns          333472 1c008d8e 00200593 addi             x11, x0, 2          x11=00000002
20195250ns          333490 1c008d90 006006b3 add              x13, x0, x6         x13=10000fdc  x6:10000fdc
20195290ns          333492 1c008d92 d2050513 addi             x10, x10, -736      x10=1c008d20 x10:1c009000
20195310ns          333493 1c008d96 00112e23 sw               x1, 28(x2)           x1:1c008780  x2:10000fb8  PA:10000fd4
20195330ns          333494 1c008d98 02e12823 sw               x14, 48(x2)         x14:xxxxxxxx  x2:10000fb8  PA:10000fe8
20195351ns          333495 1c008d9a 02f12a23 sw               x15, 52(x2)         x15:xxxxxxxx  x2:10000fb8  PA:10000fec
20195371ns          333496 1c008d9c 03012c23 sw               x16, 56(x2)         x16:xxxxxxxx  x2:10000fb8  PA:10000ff0
20195391ns          333497 1c008d9e 03112e23 sw               x17, 60(x2)         x17:xxxxxxxx  x2:10000fb8  PA:10000ff4
20195735ns          333514 1c008da0 00612623 sw               x6, 12(x2)           x6:10000fdc  x2:10000fb8  PA:10000fc4
20195756ns          333515 1c008da2 fa5ff0ef jal              x1, -92              x1=1c008da4
20196181ns          333536 1c008d46 0640006f jal              x0, 100            
20196221ns          333538 1c008daa f8010113 addi             x2, x2, -128         x2=10000f38  x2:10000fb8
20196241ns          333539 1c008dac 06812c23 sw               x8, 120(x2)          x8:xxxxxxxx  x2:10000f38  PA:10000fb0
20196262ns          333540 1c008dae 02410713 addi             x14, x2, 36         x14=10000f5c  x2:10000f38
20196646ns          333559 1c008db0 00000413 addi             x8, x0, 0            x8=00000000
20196666ns          333560 1c008db2 07312623 sw               x19, 108(x2)        x19:00000002  x2:10000f38  PA:10000fa4
20196687ns          333561 1c008db4 07412423 sw               x20, 104(x2)        x20:1c01011e  x2:10000f38  PA:10000fa0
20196707ns          333562 1c008db6 07512223 sw               x21, 100(x2)        x21:1c010122  x2:10000f38  PA:10000f9c
20196727ns          333563 1c008db8 05712e23 sw               x23, 92(x2)         x23:xxxxxxxx  x2:10000f38  PA:10000f94
20196747ns          333564 1c008dba 05812c23 sw               x24, 88(x2)         x24:xxxxxxxx  x2:10000f38  PA:10000f90
20196768ns          333565 1c008dbc 05a12823 sw               x26, 80(x2)         x26:xxxxxxxx  x2:10000f38  PA:10000f88
20196788ns          333566 1c008dbe 06112e23 sw               x1, 124(x2)          x1:1c008da4  x2:10000f38  PA:10000fb4
20197132ns          333583 1c008dc0 06912a23 sw               x9, 116(x2)          x9:00000002  x2:10000f38  PA:10000fac
20197152ns          333584 1c008dc2 07212823 sw               x18, 112(x2)        x18:00204000  x2:10000f38  PA:10000fa8
20197172ns          333585 1c008dc4 07612023 sw               x22, 96(x2)         x22:xxxxxxxx  x2:10000f38  PA:10000f98
20197193ns          333586 1c008dc6 05912a23 sw               x25, 84(x2)         x25:xxxxxxxx  x2:10000f38  PA:10000f8c
20197213ns          333587 1c008dc8 05b12623 sw               x27, 76(x2)         x27:xxxxxxxx  x2:10000f38  PA:10000f84
20197233ns          333588 1c008dca 00a009b3 add              x19, x0, x10        x19=1c008d20 x10:1c008d20
20197253ns          333589 1c008dcc 00b00bb3 add              x23, x0, x11        x23=00000002 x11:00000002
20197274ns          333590 1c008dce 00c00d33 add              x26, x0, x12        x26=1c000984 x12:1c000984
20197618ns          333607 1c008dd0 00d00a33 add              x20, x0, x13        x20=10000fdc x13:10000fdc
20197658ns          333609 1c008dd2 1c001c37 lui              x24, 0x1c001000     x24=1c001000
20197678ns          333610 1c008dd6 00e12023 sw               x14, 0(x2)          x14:10000f5c  x2:10000f38  PA:10000f38
20197699ns          333611 1c008dd8 00800ab3 add              x21, x0, x8         x21=00000000  x8:00000000
20197719ns          333612 1c008dda 00e0006f jal              x0, 14             
20198144ns          333633 1c008de8 000d4503 lbu              x10, 0(x26)         x10=00000045 x26:1c000984  PA:1c000984
20198528ns          333652 1c008dec 001d0413 addi             x8, x26, 1           x8=1c000985 x26:1c000984
20198569ns          333654 1c008df0 0c050b63 beq              x10, x0, 214        x10:00000045
20198609ns          333656 1c008df2 02500793 addi             x15, x0, 37         x15=00000025
20198630ns          333657 1c008df6 fef513e3 bne              x10, x15, -26       x10:00000045 x15:00000025
20199095ns          333680 1c008ddc 017005b3 add              x11, x0, x23        x11=00000002 x23:00000002
20199115ns          333681 1c008dde 000980e7 jalr             x1, x19, 0           x1=1c008de0 x19:1c008d20
20199540ns          333702 1c008d20 f14027f3 csrrs            x15, x0, 0xf14      x15=00000002
20199581ns          333704 1c008d24 1a10f6b7 lui              x13, 0x1a10f000     x13=1a10f000
20199601ns          333705 1c008d28 ca5797b3 p.extractu       x15, x15, 5, 5      x15=00000000 x15:00000002
20199621ns          333706 1c008d2c f1402773 csrrs            x14, x0, 0xf14      x14=00000002
20200026ns          333726 1c008d30 00779793 slli             x15, x15, 0x7       x15=00000000 x15:00000000
20200046ns          333727 1c008d32 00371713 slli             x14, x14, 0x3       x14=00000010 x14:00000002
20200067ns          333728 1c008d34 0ff57513 andi             x10, x10, 255       x10=00000045 x10:00000045
20200087ns          333729 1c008d38 ee873733 p.bclr           x14, x14, 23, 8     x14=00000010 x14:00000010
20200107ns          333730 1c008d3c 00d787b3 add              x15, x15, x13       x15=1a10f000 x15:00000000 x13:1a10f000
20200127ns          333731 1c008d3e 00a767a3 p.sw             x10, x0(x14)        x10:00000045 x14:00000010  PA:1a10f010
20200492ns          333749 1c008d42 00000513 addi             x10, x0, 0          x10=00000000
20200512ns          333750 1c008d44 00008067 jalr             x0, x1, 0            x1:1c008de0
20200633ns          333756 1c008de0 15f52063 p.beqimm         x10, 320            x10:00000000
20200654ns          333757 1c008de4 001a8a93 addi             x21, x21, 1         x21=00000001 x21:00000000
20200674ns          333758 1c008de6 00800d33 add              x26, x0, x8         x26=1c000985  x8:1c000985
20200694ns          333759 1c008de8 000d4503 lbu              x10, 0(x26)         x10=0000006e x26:1c000985  PA:1c000985
20200998ns          333774 1c008dec 001d0413 addi             x8, x26, 1           x8=1c000986 x26:1c000985
20201018ns          333775 1c008df0 0c050b63 beq              x10, x0, 214        x10:0000006e
20201038ns          333776 1c008df2 02500793 addi             x15, x0, 37         x15=00000025
20201058ns          333777 1c008df6 fef513e3 bne              x10, x15, -26       x10:0000006e x15:00000025
20201119ns          333780 1c008ddc 017005b3 add              x11, x0, x23        x11=00000002 x23:00000002
20201139ns          333781 1c008dde 000980e7 jalr             x1, x19, 0           x1=1c008de0 x19:1c008d20
20201180ns          333783 1c008d20 f14027f3 csrrs            x15, x0, 0xf14      x15=00000002
20201200ns          333784 1c008d24 1a10f6b7 lui              x13, 0x1a10f000     x13=1a10f000
20201220ns          333785 1c008d28 ca5797b3 p.extractu       x15, x15, 5, 5      x15=00000000 x15:00000002
20201241ns          333786 1c008d2c f1402773 csrrs            x14, x0, 0xf14      x14=00000002
20201261ns          333787 1c008d30 00779793 slli             x15, x15, 0x7       x15=00000000 x15:00000000
20201281ns          333788 1c008d32 00371713 slli             x14, x14, 0x3       x14=00000010 x14:00000002
20201301ns          333789 1c008d34 0ff57513 andi             x10, x10, 255       x10=0000006e x10:0000006e
20201322ns          333790 1c008d38 ee873733 p.bclr           x14, x14, 23, 8     x14=00000010 x14:00000010
20201342ns          333791 1c008d3c 00d787b3 add              x15, x15, x13       x15=1a10f000 x15:00000000 x13:1a10f000
20201362ns          333792 1c008d3e 00a767a3 p.sw             x10, x0(x14)        x10:0000006e x14:00000010  PA:1a10f010
20201726ns          333810 1c008d42 00000513 addi             x10, x0, 0          x10=00000000
20201747ns          333811 1c008d44 00008067 jalr             x0, x1, 0            x1:1c008de0
20201787ns          333813 1c008de0 15f52063 p.beqimm         x10, 320            x10:00000000
20201807ns          333814 1c008de4 001a8a93 addi             x21, x21, 1         x21=00000002 x21:00000001
20201828ns          333815 1c008de6 00800d33 add              x26, x0, x8         x26=1c000986  x8:1c000986
20201848ns          333816 1c008de8 000d4503 lbu              x10, 0(x26)         x10=00000074 x26:1c000986  PA:1c000986
20202151ns          333831 1c008dec 001d0413 addi             x8, x26, 1           x8=1c000987 x26:1c000986
20202172ns          333832 1c008df0 0c050b63 beq              x10, x0, 214        x10:00000074
20202192ns          333833 1c008df2 02500793 addi             x15, x0, 37         x15=00000025
20202212ns          333834 1c008df6 fef513e3 bne              x10, x15, -26       x10:00000074 x15:00000025
20202273ns          333837 1c008ddc 017005b3 add              x11, x0, x23        x11=00000002 x23:00000002
20202293ns          333838 1c008dde 000980e7 jalr             x1, x19, 0           x1=1c008de0 x19:1c008d20
20202334ns          333840 1c008d20 f14027f3 csrrs            x15, x0, 0xf14      x15=00000002
20202354ns          333841 1c008d24 1a10f6b7 lui              x13, 0x1a10f000     x13=1a10f000
20202374ns          333842 1c008d28 ca5797b3 p.extractu       x15, x15, 5, 5      x15=00000000 x15:00000002
20202394ns          333843 1c008d2c f1402773 csrrs            x14, x0, 0xf14      x14=00000002
20202414ns          333844 1c008d30 00779793 slli             x15, x15, 0x7       x15=00000000 x15:00000000
20202435ns          333845 1c008d32 00371713 slli             x14, x14, 0x3       x14=00000010 x14:00000002
20202455ns          333846 1c008d34 0ff57513 andi             x10, x10, 255       x10=00000074 x10:00000074
20202475ns          333847 1c008d38 ee873733 p.bclr           x14, x14, 23, 8     x14=00000010 x14:00000010
20202495ns          333848 1c008d3c 00d787b3 add              x15, x15, x13       x15=1a10f000 x15:00000000 x13:1a10f000
20202516ns          333849 1c008d3e 00a767a3 p.sw             x10, x0(x14)        x10:00000074 x14:00000010  PA:1a10f010
20202840ns          333865 1c008d42 00000513 addi             x10, x0, 0          x10=00000000
20202860ns          333866 1c008d44 00008067 jalr             x0, x1, 0            x1:1c008de0
20202900ns          333868 1c008de0 15f52063 p.beqimm         x10, 320            x10:00000000
20202920ns          333869 1c008de4 001a8a93 addi             x21, x21, 1         x21=00000003 x21:00000002
20202941ns          333870 1c008de6 00800d33 add              x26, x0, x8         x26=1c000987  x8:1c000987
20202961ns          333871 1c008de8 000d4503 lbu              x10, 0(x26)         x10=00000065 x26:1c000987  PA:1c000987
20203265ns          333886 1c008dec 001d0413 addi             x8, x26, 1           x8=1c000988 x26:1c000987
20203285ns          333887 1c008df0 0c050b63 beq              x10, x0, 214        x10:00000065
20203305ns          333888 1c008df2 02500793 addi             x15, x0, 37         x15=00000025
20203325ns          333889 1c008df6 fef513e3 bne              x10, x15, -26       x10:00000065 x15:00000025
20203386ns          333892 1c008ddc 017005b3 add              x11, x0, x23        x11=00000002 x23:00000002
20203406ns          333893 1c008dde 000980e7 jalr             x1, x19, 0           x1=1c008de0 x19:1c008d20
20203447ns          333895 1c008d20 f14027f3 csrrs            x15, x0, 0xf14      x15=00000002
20203467ns          333896 1c008d24 1a10f6b7 lui              x13, 0x1a10f000     x13=1a10f000
20203487ns          333897 1c008d28 ca5797b3 p.extractu       x15, x15, 5, 5      x15=00000000 x15:00000002
20203507ns          333898 1c008d2c f1402773 csrrs            x14, x0, 0xf14      x14=00000002
20203528ns          333899 1c008d30 00779793 slli             x15, x15, 0x7       x15=00000000 x15:00000000
20203548ns          333900 1c008d32 00371713 slli             x14, x14, 0x3       x14=00000010 x14:00000002
20203568ns          333901 1c008d34 0ff57513 andi             x10, x10, 255       x10=00000065 x10:00000065
20203588ns          333902 1c008d38 ee873733 p.bclr           x14, x14, 23, 8     x14=00000010 x14:00000010
20203609ns          333903 1c008d3c 00d787b3 add              x15, x15, x13       x15=1a10f000 x15:00000000 x13:1a10f000
20203629ns          333904 1c008d3e 00a767a3 p.sw             x10, x0(x14)        x10:00000065 x14:00000010  PA:1a10f010
20203953ns          333920 1c008d42 00000513 addi             x10, x0, 0          x10=00000000
20203973ns          333921 1c008d44 00008067 jalr             x0, x1, 0            x1:1c008de0
20204013ns          333923 1c008de0 15f52063 p.beqimm         x10, 320            x10:00000000
20204034ns          333924 1c008de4 001a8a93 addi             x21, x21, 1         x21=00000004 x21:00000003
20204054ns          333925 1c008de6 00800d33 add              x26, x0, x8         x26=1c000988  x8:1c000988
20204074ns          333926 1c008de8 000d4503 lbu              x10, 0(x26)         x10=00000072 x26:1c000988  PA:1c000988
20204378ns          333941 1c008dec 001d0413 addi             x8, x26, 1           x8=1c000989 x26:1c000988
20204398ns          333942 1c008df0 0c050b63 beq              x10, x0, 214        x10:00000072
20204418ns          333943 1c008df2 02500793 addi             x15, x0, 37         x15=00000025
20204438ns          333944 1c008df6 fef513e3 bne              x10, x15, -26       x10:00000072 x15:00000025
20204499ns          333947 1c008ddc 017005b3 add              x11, x0, x23        x11=00000002 x23:00000002
20204519ns          333948 1c008dde 000980e7 jalr             x1, x19, 0           x1=1c008de0 x19:1c008d20
20204560ns          333950 1c008d20 f14027f3 csrrs            x15, x0, 0xf14      x15=00000002
20204580ns          333951 1c008d24 1a10f6b7 lui              x13, 0x1a10f000     x13=1a10f000
20204600ns          333952 1c008d28 ca5797b3 p.extractu       x15, x15, 5, 5      x15=00000000 x15:00000002
20204621ns          333953 1c008d2c f1402773 csrrs            x14, x0, 0xf14      x14=00000002
20204641ns          333954 1c008d30 00779793 slli             x15, x15, 0x7       x15=00000000 x15:00000000
20204661ns          333955 1c008d32 00371713 slli             x14, x14, 0x3       x14=00000010 x14:00000002
20204681ns          333956 1c008d34 0ff57513 andi             x10, x10, 255       x10=00000072 x10:00000072
20204702ns          333957 1c008d38 ee873733 p.bclr           x14, x14, 23, 8     x14=00000010 x14:00000010
20204722ns          333958 1c008d3c 00d787b3 add              x15, x15, x13       x15=1a10f000 x15:00000000 x13:1a10f000
20204742ns          333959 1c008d3e 00a767a3 p.sw             x10, x0(x14)        x10:00000072 x14:00000010  PA:1a10f010
20205066ns          333975 1c008d42 00000513 addi             x10, x0, 0          x10=00000000
20205086ns          333976 1c008d44 00008067 jalr             x0, x1, 0            x1:1c008de0
20205127ns          333978 1c008de0 15f52063 p.beqimm         x10, 320            x10:00000000
20205147ns          333979 1c008de4 001a8a93 addi             x21, x21, 1         x21=00000005 x21:00000004
20205167ns          333980 1c008de6 00800d33 add              x26, x0, x8         x26=1c000989  x8:1c000989
20205187ns          333981 1c008de8 000d4503 lbu              x10, 0(x26)         x10=00000065 x26:1c000989  PA:1c000989
20205491ns          333996 1c008dec 001d0413 addi             x8, x26, 1           x8=1c00098a x26:1c000989
20205511ns          333997 1c008df0 0c050b63 beq              x10, x0, 214        x10:00000065
20205531ns          333998 1c008df2 02500793 addi             x15, x0, 37         x15=00000025
20205552ns          333999 1c008df6 fef513e3 bne              x10, x15, -26       x10:00000065 x15:00000025
20205612ns          334002 1c008ddc 017005b3 add              x11, x0, x23        x11=00000002 x23:00000002
20205633ns          334003 1c008dde 000980e7 jalr             x1, x19, 0           x1=1c008de0 x19:1c008d20
20205673ns          334005 1c008d20 f14027f3 csrrs            x15, x0, 0xf14      x15=00000002
20205693ns          334006 1c008d24 1a10f6b7 lui              x13, 0x1a10f000     x13=1a10f000
20205714ns          334007 1c008d28 ca5797b3 p.extractu       x15, x15, 5, 5      x15=00000000 x15:00000002
20205734ns          334008 1c008d2c f1402773 csrrs            x14, x0, 0xf14      x14=00000002
20205754ns          334009 1c008d30 00779793 slli             x15, x15, 0x7       x15=00000000 x15:00000000
20205774ns          334010 1c008d32 00371713 slli             x14, x14, 0x3       x14=00000010 x14:00000002
20205795ns          334011 1c008d34 0ff57513 andi             x10, x10, 255       x10=00000065 x10:00000065
20205815ns          334012 1c008d38 ee873733 p.bclr           x14, x14, 23, 8     x14=00000010 x14:00000010
20205835ns          334013 1c008d3c 00d787b3 add              x15, x15, x13       x15=1a10f000 x15:00000000 x13:1a10f000
20205855ns          334014 1c008d3e 00a767a3 p.sw             x10, x0(x14)        x10:00000065 x14:00000010  PA:1a10f010
20206179ns          334030 1c008d42 00000513 addi             x10, x0, 0          x10=00000000
20206199ns          334031 1c008d44 00008067 jalr             x0, x1, 0            x1:1c008de0
20206240ns          334033 1c008de0 15f52063 p.beqimm         x10, 320            x10:00000000
20206260ns          334034 1c008de4 001a8a93 addi             x21, x21, 1         x21=00000006 x21:00000005
20206280ns          334035 1c008de6 00800d33 add              x26, x0, x8         x26=1c00098a  x8:1c00098a
20206301ns          334036 1c008de8 000d4503 lbu              x10, 0(x26)         x10=00000064 x26:1c00098a  PA:1c00098a
20206604ns          334051 1c008dec 001d0413 addi             x8, x26, 1           x8=1c00098b x26:1c00098a
20206624ns          334052 1c008df0 0c050b63 beq              x10, x0, 214        x10:00000064
20206645ns          334053 1c008df2 02500793 addi             x15, x0, 37         x15=00000025
20206665ns          334054 1c008df6 fef513e3 bne              x10, x15, -26       x10:00000064 x15:00000025
20206726ns          334057 1c008ddc 017005b3 add              x11, x0, x23        x11=00000002 x23:00000002
20206746ns          334058 1c008dde 000980e7 jalr             x1, x19, 0           x1=1c008de0 x19:1c008d20
20206786ns          334060 1c008d20 f14027f3 csrrs            x15, x0, 0xf14      x15=00000002
20206807ns          334061 1c008d24 1a10f6b7 lui              x13, 0x1a10f000     x13=1a10f000
20206827ns          334062 1c008d28 ca5797b3 p.extractu       x15, x15, 5, 5      x15=00000000 x15:00000002
20206847ns          334063 1c008d2c f1402773 csrrs            x14, x0, 0xf14      x14=00000002
20206867ns          334064 1c008d30 00779793 slli             x15, x15, 0x7       x15=00000000 x15:00000000
20206888ns          334065 1c008d32 00371713 slli             x14, x14, 0x3       x14=00000010 x14:00000002
20206908ns          334066 1c008d34 0ff57513 andi             x10, x10, 255       x10=00000064 x10:00000064
20206928ns          334067 1c008d38 ee873733 p.bclr           x14, x14, 23, 8     x14=00000010 x14:00000010
20206948ns          334068 1c008d3c 00d787b3 add              x15, x15, x13       x15=1a10f000 x15:00000000 x13:1a10f000
20206968ns          334069 1c008d3e 00a767a3 p.sw             x10, x0(x14)        x10:00000064 x14:00000010  PA:1a10f010
20207292ns          334085 1c008d42 00000513 addi             x10, x0, 0          x10=00000000
20207313ns          334086 1c008d44 00008067 jalr             x0, x1, 0            x1:1c008de0
20207353ns          334088 1c008de0 15f52063 p.beqimm         x10, 320            x10:00000000
20207373ns          334089 1c008de4 001a8a93 addi             x21, x21, 1         x21=00000007 x21:00000006
20207394ns          334090 1c008de6 00800d33 add              x26, x0, x8         x26=1c00098b  x8:1c00098b
20207414ns          334091 1c008de8 000d4503 lbu              x10, 0(x26)         x10=00000020 x26:1c00098b  PA:1c00098b
20207717ns          334106 1c008dec 001d0413 addi             x8, x26, 1           x8=1c00098c x26:1c00098b
20207738ns          334107 1c008df0 0c050b63 beq              x10, x0, 214        x10:00000020
20207758ns          334108 1c008df2 02500793 addi             x15, x0, 37         x15=00000025
20207778ns          334109 1c008df6 fef513e3 bne              x10, x15, -26       x10:00000020 x15:00000025
20207839ns          334112 1c008ddc 017005b3 add              x11, x0, x23        x11=00000002 x23:00000002
20207859ns          334113 1c008dde 000980e7 jalr             x1, x19, 0           x1=1c008de0 x19:1c008d20
20207900ns          334115 1c008d20 f14027f3 csrrs            x15, x0, 0xf14      x15=00000002
20207920ns          334116 1c008d24 1a10f6b7 lui              x13, 0x1a10f000     x13=1a10f000
20207940ns          334117 1c008d28 ca5797b3 p.extractu       x15, x15, 5, 5      x15=00000000 x15:00000002
20207960ns          334118 1c008d2c f1402773 csrrs            x14, x0, 0xf14      x14=00000002
20207980ns          334119 1c008d30 00779793 slli             x15, x15, 0x7       x15=00000000 x15:00000000
20208001ns          334120 1c008d32 00371713 slli             x14, x14, 0x3       x14=00000010 x14:00000002
20208021ns          334121 1c008d34 0ff57513 andi             x10, x10, 255       x10=00000020 x10:00000020
20208041ns          334122 1c008d38 ee873733 p.bclr           x14, x14, 23, 8     x14=00000010 x14:00000010
20208061ns          334123 1c008d3c 00d787b3 add              x15, x15, x13       x15=1a10f000 x15:00000000 x13:1a10f000
20208082ns          334124 1c008d3e 00a767a3 p.sw             x10, x0(x14)        x10:00000020 x14:00000010  PA:1a10f010
20208406ns          334140 1c008d42 00000513 addi             x10, x0, 0          x10=00000000
20208426ns          334141 1c008d44 00008067 jalr             x0, x1, 0            x1:1c008de0
20208466ns          334143 1c008de0 15f52063 p.beqimm         x10, 320            x10:00000000
20208486ns          334144 1c008de4 001a8a93 addi             x21, x21, 1         x21=00000008 x21:00000007
20208507ns          334145 1c008de6 00800d33 add              x26, x0, x8         x26=1c00098c  x8:1c00098c
20208527ns          334146 1c008de8 000d4503 lbu              x10, 0(x26)         x10=00000063 x26:1c00098c  PA:1c00098c
20208831ns          334161 1c008dec 001d0413 addi             x8, x26, 1           x8=1c00098d x26:1c00098c
20208851ns          334162 1c008df0 0c050b63 beq              x10, x0, 214        x10:00000063
20208871ns          334163 1c008df2 02500793 addi             x15, x0, 37         x15=00000025
20208891ns          334164 1c008df6 fef513e3 bne              x10, x15, -26       x10:00000063 x15:00000025
20208952ns          334167 1c008ddc 017005b3 add              x11, x0, x23        x11=00000002 x23:00000002
20208972ns          334168 1c008dde 000980e7 jalr             x1, x19, 0           x1=1c008de0 x19:1c008d20
20209013ns          334170 1c008d20 f14027f3 csrrs            x15, x0, 0xf14      x15=00000002
20209033ns          334171 1c008d24 1a10f6b7 lui              x13, 0x1a10f000     x13=1a10f000
20209053ns          334172 1c008d28 ca5797b3 p.extractu       x15, x15, 5, 5      x15=00000000 x15:00000002
20209073ns          334173 1c008d2c f1402773 csrrs            x14, x0, 0xf14      x14=00000002
20209094ns          334174 1c008d30 00779793 slli             x15, x15, 0x7       x15=00000000 x15:00000000
20209114ns          334175 1c008d32 00371713 slli             x14, x14, 0x3       x14=00000010 x14:00000002
20209134ns          334176 1c008d34 0ff57513 andi             x10, x10, 255       x10=00000063 x10:00000063
20209154ns          334177 1c008d38 ee873733 p.bclr           x14, x14, 23, 8     x14=00000010 x14:00000010
20209175ns          334178 1c008d3c 00d787b3 add              x15, x15, x13       x15=1a10f000 x15:00000000 x13:1a10f000
20209195ns          334179 1c008d3e 00a767a3 p.sw             x10, x0(x14)        x10:00000063 x14:00000010  PA:1a10f010
20209519ns          334195 1c008d42 00000513 addi             x10, x0, 0          x10=00000000
20209539ns          334196 1c008d44 00008067 jalr             x0, x1, 0            x1:1c008de0
20209579ns          334198 1c008de0 15f52063 p.beqimm         x10, 320            x10:00000000
20209600ns          334199 1c008de4 001a8a93 addi             x21, x21, 1         x21=00000009 x21:00000008
20209620ns          334200 1c008de6 00800d33 add              x26, x0, x8         x26=1c00098d  x8:1c00098d
20209640ns          334201 1c008de8 000d4503 lbu              x10, 0(x26)         x10=0000006c x26:1c00098d  PA:1c00098d
20209944ns          334216 1c008dec 001d0413 addi             x8, x26, 1           x8=1c00098e x26:1c00098d
20209964ns          334217 1c008df0 0c050b63 beq              x10, x0, 214        x10:0000006c
20209984ns          334218 1c008df2 02500793 addi             x15, x0, 37         x15=00000025
20210004ns          334219 1c008df6 fef513e3 bne              x10, x15, -26       x10:0000006c x15:00000025
20210065ns          334222 1c008ddc 017005b3 add              x11, x0, x23        x11=00000002 x23:00000002
20210085ns          334223 1c008dde 000980e7 jalr             x1, x19, 0           x1=1c008de0 x19:1c008d20
20210126ns          334225 1c008d20 f14027f3 csrrs            x15, x0, 0xf14      x15=00000002
20210146ns          334226 1c008d24 1a10f6b7 lui              x13, 0x1a10f000     x13=1a10f000
20210166ns          334227 1c008d28 ca5797b3 p.extractu       x15, x15, 5, 5      x15=00000000 x15:00000002
20210187ns          334228 1c008d2c f1402773 csrrs            x14, x0, 0xf14      x14=00000002
20210207ns          334229 1c008d30 00779793 slli             x15, x15, 0x7       x15=00000000 x15:00000000
20210227ns          334230 1c008d32 00371713 slli             x14, x14, 0x3       x14=00000010 x14:00000002
20210247ns          334231 1c008d34 0ff57513 andi             x10, x10, 255       x10=0000006c x10:0000006c
20210268ns          334232 1c008d38 ee873733 p.bclr           x14, x14, 23, 8     x14=00000010 x14:00000010
20210288ns          334233 1c008d3c 00d787b3 add              x15, x15, x13       x15=1a10f000 x15:00000000 x13:1a10f000
20210308ns          334234 1c008d3e 00a767a3 p.sw             x10, x0(x14)        x10:0000006c x14:00000010  PA:1a10f010
20210632ns          334250 1c008d42 00000513 addi             x10, x0, 0          x10=00000000
20210652ns          334251 1c008d44 00008067 jalr             x0, x1, 0            x1:1c008de0
20210693ns          334253 1c008de0 15f52063 p.beqimm         x10, 320            x10:00000000
20210713ns          334254 1c008de4 001a8a93 addi             x21, x21, 1         x21=0000000a x21:00000009
20210733ns          334255 1c008de6 00800d33 add              x26, x0, x8         x26=1c00098e  x8:1c00098e
20210753ns          334256 1c008de8 000d4503 lbu              x10, 0(x26)         x10=00000075 x26:1c00098e  PA:1c00098e
20211057ns          334271 1c008dec 001d0413 addi             x8, x26, 1           x8=1c00098f x26:1c00098e
20211077ns          334272 1c008df0 0c050b63 beq              x10, x0, 214        x10:00000075
20211097ns          334273 1c008df2 02500793 addi             x15, x0, 37         x15=00000025
20211118ns          334274 1c008df6 fef513e3 bne              x10, x15, -26       x10:00000075 x15:00000025
20211178ns          334277 1c008ddc 017005b3 add              x11, x0, x23        x11=00000002 x23:00000002
20211199ns          334278 1c008dde 000980e7 jalr             x1, x19, 0           x1=1c008de0 x19:1c008d20
20211239ns          334280 1c008d20 f14027f3 csrrs            x15, x0, 0xf14      x15=00000002
20211259ns          334281 1c008d24 1a10f6b7 lui              x13, 0x1a10f000     x13=1a10f000
20211280ns          334282 1c008d28 ca5797b3 p.extractu       x15, x15, 5, 5      x15=00000000 x15:00000002
20211300ns          334283 1c008d2c f1402773 csrrs            x14, x0, 0xf14      x14=00000002
20211320ns          334284 1c008d30 00779793 slli             x15, x15, 0x7       x15=00000000 x15:00000000
20211340ns          334285 1c008d32 00371713 slli             x14, x14, 0x3       x14=00000010 x14:00000002
20211361ns          334286 1c008d34 0ff57513 andi             x10, x10, 255       x10=00000075 x10:00000075
20211381ns          334287 1c008d38 ee873733 p.bclr           x14, x14, 23, 8     x14=00000010 x14:00000010
20211401ns          334288 1c008d3c 00d787b3 add              x15, x15, x13       x15=1a10f000 x15:00000000 x13:1a10f000
20211421ns          334289 1c008d3e 00a767a3 p.sw             x10, x0(x14)        x10:00000075 x14:00000010  PA:1a10f010
20211745ns          334305 1c008d42 00000513 addi             x10, x0, 0          x10=00000000
20211765ns          334306 1c008d44 00008067 jalr             x0, x1, 0            x1:1c008de0
20211806ns          334308 1c008de0 15f52063 p.beqimm         x10, 320            x10:00000000
20211826ns          334309 1c008de4 001a8a93 addi             x21, x21, 1         x21=0000000b x21:0000000a
20211846ns          334310 1c008de6 00800d33 add              x26, x0, x8         x26=1c00098f  x8:1c00098f
20211867ns          334311 1c008de8 000d4503 lbu              x10, 0(x26)         x10=00000073 x26:1c00098f  PA:1c00098f
20212170ns          334326 1c008dec 001d0413 addi             x8, x26, 1           x8=1c000990 x26:1c00098f
20212190ns          334327 1c008df0 0c050b63 beq              x10, x0, 214        x10:00000073
20212211ns          334328 1c008df2 02500793 addi             x15, x0, 37         x15=00000025
20212231ns          334329 1c008df6 fef513e3 bne              x10, x15, -26       x10:00000073 x15:00000025
20212292ns          334332 1c008ddc 017005b3 add              x11, x0, x23        x11=00000002 x23:00000002
20212312ns          334333 1c008dde 000980e7 jalr             x1, x19, 0           x1=1c008de0 x19:1c008d20
20212352ns          334335 1c008d20 f14027f3 csrrs            x15, x0, 0xf14      x15=00000002
20212373ns          334336 1c008d24 1a10f6b7 lui              x13, 0x1a10f000     x13=1a10f000
20212393ns          334337 1c008d28 ca5797b3 p.extractu       x15, x15, 5, 5      x15=00000000 x15:00000002
20212413ns          334338 1c008d2c f1402773 csrrs            x14, x0, 0xf14      x14=00000002
20212433ns          334339 1c008d30 00779793 slli             x15, x15, 0x7       x15=00000000 x15:00000000
20212454ns          334340 1c008d32 00371713 slli             x14, x14, 0x3       x14=00000010 x14:00000002
20212474ns          334341 1c008d34 0ff57513 andi             x10, x10, 255       x10=00000073 x10:00000073
20212494ns          334342 1c008d38 ee873733 p.bclr           x14, x14, 23, 8     x14=00000010 x14:00000010
20212514ns          334343 1c008d3c 00d787b3 add              x15, x15, x13       x15=1a10f000 x15:00000000 x13:1a10f000
20212534ns          334344 1c008d3e 00a767a3 p.sw             x10, x0(x14)        x10:00000073 x14:00000010  PA:1a10f010
20212858ns          334360 1c008d42 00000513 addi             x10, x0, 0          x10=00000000
20212879ns          334361 1c008d44 00008067 jalr             x0, x1, 0            x1:1c008de0
20212919ns          334363 1c008de0 15f52063 p.beqimm         x10, 320            x10:00000000
20212939ns          334364 1c008de4 001a8a93 addi             x21, x21, 1         x21=0000000c x21:0000000b
20212960ns          334365 1c008de6 00800d33 add              x26, x0, x8         x26=1c000990  x8:1c000990
20212980ns          334366 1c008de8 000d4503 lbu              x10, 0(x26)         x10=00000074 x26:1c000990  PA:1c000990
20213283ns          334381 1c008dec 001d0413 addi             x8, x26, 1           x8=1c000991 x26:1c000990
20213304ns          334382 1c008df0 0c050b63 beq              x10, x0, 214        x10:00000074
20213324ns          334383 1c008df2 02500793 addi             x15, x0, 37         x15=00000025
20213344ns          334384 1c008df6 fef513e3 bne              x10, x15, -26       x10:00000074 x15:00000025
20213405ns          334387 1c008ddc 017005b3 add              x11, x0, x23        x11=00000002 x23:00000002
20213425ns          334388 1c008dde 000980e7 jalr             x1, x19, 0           x1=1c008de0 x19:1c008d20
20213466ns          334390 1c008d20 f14027f3 csrrs            x15, x0, 0xf14      x15=00000002
20213486ns          334391 1c008d24 1a10f6b7 lui              x13, 0x1a10f000     x13=1a10f000
20213506ns          334392 1c008d28 ca5797b3 p.extractu       x15, x15, 5, 5      x15=00000000 x15:00000002
20213526ns          334393 1c008d2c f1402773 csrrs            x14, x0, 0xf14      x14=00000002
20213546ns          334394 1c008d30 00779793 slli             x15, x15, 0x7       x15=00000000 x15:00000000
20213567ns          334395 1c008d32 00371713 slli             x14, x14, 0x3       x14=00000010 x14:00000002
20213587ns          334396 1c008d34 0ff57513 andi             x10, x10, 255       x10=00000074 x10:00000074
20213607ns          334397 1c008d38 ee873733 p.bclr           x14, x14, 23, 8     x14=00000010 x14:00000010
20213627ns          334398 1c008d3c 00d787b3 add              x15, x15, x13       x15=1a10f000 x15:00000000 x13:1a10f000
20213648ns          334399 1c008d3e 00a767a3 p.sw             x10, x0(x14)        x10:00000074 x14:00000010  PA:1a10f010
20213972ns          334415 1c008d42 00000513 addi             x10, x0, 0          x10=00000000
20213992ns          334416 1c008d44 00008067 jalr             x0, x1, 0            x1:1c008de0
20214032ns          334418 1c008de0 15f52063 p.beqimm         x10, 320            x10:00000000
20214052ns          334419 1c008de4 001a8a93 addi             x21, x21, 1         x21=0000000d x21:0000000c
20214073ns          334420 1c008de6 00800d33 add              x26, x0, x8         x26=1c000991  x8:1c000991
20214093ns          334421 1c008de8 000d4503 lbu              x10, 0(x26)         x10=00000065 x26:1c000991  PA:1c000991
20214397ns          334436 1c008dec 001d0413 addi             x8, x26, 1           x8=1c000992 x26:1c000991
20214417ns          334437 1c008df0 0c050b63 beq              x10, x0, 214        x10:00000065
20214437ns          334438 1c008df2 02500793 addi             x15, x0, 37         x15=00000025
20214457ns          334439 1c008df6 fef513e3 bne              x10, x15, -26       x10:00000065 x15:00000025
20214518ns          334442 1c008ddc 017005b3 add              x11, x0, x23        x11=00000002 x23:00000002
20214538ns          334443 1c008dde 000980e7 jalr             x1, x19, 0           x1=1c008de0 x19:1c008d20
20214579ns          334445 1c008d20 f14027f3 csrrs            x15, x0, 0xf14      x15=00000002
20214599ns          334446 1c008d24 1a10f6b7 lui              x13, 0x1a10f000     x13=1a10f000
20214619ns          334447 1c008d28 ca5797b3 p.extractu       x15, x15, 5, 5      x15=00000000 x15:00000002
20214639ns          334448 1c008d2c f1402773 csrrs            x14, x0, 0xf14      x14=00000002
20214660ns          334449 1c008d30 00779793 slli             x15, x15, 0x7       x15=00000000 x15:00000000
20214680ns          334450 1c008d32 00371713 slli             x14, x14, 0x3       x14=00000010 x14:00000002
20214700ns          334451 1c008d34 0ff57513 andi             x10, x10, 255       x10=00000065 x10:00000065
20214720ns          334452 1c008d38 ee873733 p.bclr           x14, x14, 23, 8     x14=00000010 x14:00000010
20214741ns          334453 1c008d3c 00d787b3 add              x15, x15, x13       x15=1a10f000 x15:00000000 x13:1a10f000
20214761ns          334454 1c008d3e 00a767a3 p.sw             x10, x0(x14)        x10:00000065 x14:00000010  PA:1a10f010
20215085ns          334470 1c008d42 00000513 addi             x10, x0, 0          x10=00000000
20215105ns          334471 1c008d44 00008067 jalr             x0, x1, 0            x1:1c008de0
20215145ns          334473 1c008de0 15f52063 p.beqimm         x10, 320            x10:00000000
20215166ns          334474 1c008de4 001a8a93 addi             x21, x21, 1         x21=0000000e x21:0000000d
20215186ns          334475 1c008de6 00800d33 add              x26, x0, x8         x26=1c000992  x8:1c000992
20215206ns          334476 1c008de8 000d4503 lbu              x10, 0(x26)         x10=00000072 x26:1c000992  PA:1c000992
20215510ns          334491 1c008dec 001d0413 addi             x8, x26, 1           x8=1c000993 x26:1c000992
20215530ns          334492 1c008df0 0c050b63 beq              x10, x0, 214        x10:00000072
20215550ns          334493 1c008df2 02500793 addi             x15, x0, 37         x15=00000025
20215570ns          334494 1c008df6 fef513e3 bne              x10, x15, -26       x10:00000072 x15:00000025
20215631ns          334497 1c008ddc 017005b3 add              x11, x0, x23        x11=00000002 x23:00000002
20215651ns          334498 1c008dde 000980e7 jalr             x1, x19, 0           x1=1c008de0 x19:1c008d20
20215692ns          334500 1c008d20 f14027f3 csrrs            x15, x0, 0xf14      x15=00000002
20215712ns          334501 1c008d24 1a10f6b7 lui              x13, 0x1a10f000     x13=1a10f000
20215732ns          334502 1c008d28 ca5797b3 p.extractu       x15, x15, 5, 5      x15=00000000 x15:00000002
20215753ns          334503 1c008d2c f1402773 csrrs            x14, x0, 0xf14      x14=00000002
20215773ns          334504 1c008d30 00779793 slli             x15, x15, 0x7       x15=00000000 x15:00000000
20215793ns          334505 1c008d32 00371713 slli             x14, x14, 0x3       x14=00000010 x14:00000002
20215813ns          334506 1c008d34 0ff57513 andi             x10, x10, 255       x10=00000072 x10:00000072
20215834ns          334507 1c008d38 ee873733 p.bclr           x14, x14, 23, 8     x14=00000010 x14:00000010
20215854ns          334508 1c008d3c 00d787b3 add              x15, x15, x13       x15=1a10f000 x15:00000000 x13:1a10f000
20215874ns          334509 1c008d3e 00a767a3 p.sw             x10, x0(x14)        x10:00000072 x14:00000010  PA:1a10f010
20216198ns          334525 1c008d42 00000513 addi             x10, x0, 0          x10=00000000
20216218ns          334526 1c008d44 00008067 jalr             x0, x1, 0            x1:1c008de0
20216259ns          334528 1c008de0 15f52063 p.beqimm         x10, 320            x10:00000000
20216279ns          334529 1c008de4 001a8a93 addi             x21, x21, 1         x21=0000000f x21:0000000e
20216299ns          334530 1c008de6 00800d33 add              x26, x0, x8         x26=1c000993  x8:1c000993
20216319ns          334531 1c008de8 000d4503 lbu              x10, 0(x26)         x10=00000020 x26:1c000993  PA:1c000993
20216623ns          334546 1c008dec 001d0413 addi             x8, x26, 1           x8=1c000994 x26:1c000993
20216643ns          334547 1c008df0 0c050b63 beq              x10, x0, 214        x10:00000020
20216663ns          334548 1c008df2 02500793 addi             x15, x0, 37         x15=00000025
20216684ns          334549 1c008df6 fef513e3 bne              x10, x15, -26       x10:00000020 x15:00000025
20216744ns          334552 1c008ddc 017005b3 add              x11, x0, x23        x11=00000002 x23:00000002
20216765ns          334553 1c008dde 000980e7 jalr             x1, x19, 0           x1=1c008de0 x19:1c008d20
20216805ns          334555 1c008d20 f14027f3 csrrs            x15, x0, 0xf14      x15=00000002
20216825ns          334556 1c008d24 1a10f6b7 lui              x13, 0x1a10f000     x13=1a10f000
20216846ns          334557 1c008d28 ca5797b3 p.extractu       x15, x15, 5, 5      x15=00000000 x15:00000002
20216866ns          334558 1c008d2c f1402773 csrrs            x14, x0, 0xf14      x14=00000002
20216886ns          334559 1c008d30 00779793 slli             x15, x15, 0x7       x15=00000000 x15:00000000
20216906ns          334560 1c008d32 00371713 slli             x14, x14, 0x3       x14=00000010 x14:00000002
20216927ns          334561 1c008d34 0ff57513 andi             x10, x10, 255       x10=00000020 x10:00000020
20216947ns          334562 1c008d38 ee873733 p.bclr           x14, x14, 23, 8     x14=00000010 x14:00000010
20216967ns          334563 1c008d3c 00d787b3 add              x15, x15, x13       x15=1a10f000 x15:00000000 x13:1a10f000
20216987ns          334564 1c008d3e 00a767a3 p.sw             x10, x0(x14)        x10:00000020 x14:00000010  PA:1a10f010
20217311ns          334580 1c008d42 00000513 addi             x10, x0, 0          x10=00000000
20217331ns          334581 1c008d44 00008067 jalr             x0, x1, 0            x1:1c008de0
20217372ns          334583 1c008de0 15f52063 p.beqimm         x10, 320            x10:00000000
20217392ns          334584 1c008de4 001a8a93 addi             x21, x21, 1         x21=00000010 x21:0000000f
20217412ns          334585 1c008de6 00800d33 add              x26, x0, x8         x26=1c000994  x8:1c000994
20217433ns          334586 1c008de8 000d4503 lbu              x10, 0(x26)         x10=0000006f x26:1c000994  PA:1c000994
20217736ns          334601 1c008dec 001d0413 addi             x8, x26, 1           x8=1c000995 x26:1c000994
20217756ns          334602 1c008df0 0c050b63 beq              x10, x0, 214        x10:0000006f
20217777ns          334603 1c008df2 02500793 addi             x15, x0, 37         x15=00000025
20217797ns          334604 1c008df6 fef513e3 bne              x10, x15, -26       x10:0000006f x15:00000025
20217858ns          334607 1c008ddc 017005b3 add              x11, x0, x23        x11=00000002 x23:00000002
20217878ns          334608 1c008dde 000980e7 jalr             x1, x19, 0           x1=1c008de0 x19:1c008d20
20217918ns          334610 1c008d20 f14027f3 csrrs            x15, x0, 0xf14      x15=00000002
20217939ns          334611 1c008d24 1a10f6b7 lui              x13, 0x1a10f000     x13=1a10f000
20217959ns          334612 1c008d28 ca5797b3 p.extractu       x15, x15, 5, 5      x15=00000000 x15:00000002
20217979ns          334613 1c008d2c f1402773 csrrs            x14, x0, 0xf14      x14=00000002
20217999ns          334614 1c008d30 00779793 slli             x15, x15, 0x7       x15=00000000 x15:00000000
20218020ns          334615 1c008d32 00371713 slli             x14, x14, 0x3       x14=00000010 x14:00000002
20218040ns          334616 1c008d34 0ff57513 andi             x10, x10, 255       x10=0000006f x10:0000006f
20218060ns          334617 1c008d38 ee873733 p.bclr           x14, x14, 23, 8     x14=00000010 x14:00000010
20218080ns          334618 1c008d3c 00d787b3 add              x15, x15, x13       x15=1a10f000 x15:00000000 x13:1a10f000
20218100ns          334619 1c008d3e 00a767a3 p.sw             x10, x0(x14)        x10:0000006f x14:00000010  PA:1a10f010
20218424ns          334635 1c008d42 00000513 addi             x10, x0, 0          x10=00000000
20218445ns          334636 1c008d44 00008067 jalr             x0, x1, 0            x1:1c008de0
20218485ns          334638 1c008de0 15f52063 p.beqimm         x10, 320            x10:00000000
20218505ns          334639 1c008de4 001a8a93 addi             x21, x21, 1         x21=00000011 x21:00000010
20218526ns          334640 1c008de6 00800d33 add              x26, x0, x8         x26=1c000995  x8:1c000995
20218546ns          334641 1c008de8 000d4503 lbu              x10, 0(x26)         x10=0000006e x26:1c000995  PA:1c000995
20218849ns          334656 1c008dec 001d0413 addi             x8, x26, 1           x8=1c000996 x26:1c000995
20218870ns          334657 1c008df0 0c050b63 beq              x10, x0, 214        x10:0000006e
20218890ns          334658 1c008df2 02500793 addi             x15, x0, 37         x15=00000025
20218910ns          334659 1c008df6 fef513e3 bne              x10, x15, -26       x10:0000006e x15:00000025
20218971ns          334662 1c008ddc 017005b3 add              x11, x0, x23        x11=00000002 x23:00000002
20218991ns          334663 1c008dde 000980e7 jalr             x1, x19, 0           x1=1c008de0 x19:1c008d20
20219032ns          334665 1c008d20 f14027f3 csrrs            x15, x0, 0xf14      x15=00000002
20219052ns          334666 1c008d24 1a10f6b7 lui              x13, 0x1a10f000     x13=1a10f000
20219072ns          334667 1c008d28 ca5797b3 p.extractu       x15, x15, 5, 5      x15=00000000 x15:00000002
20219092ns          334668 1c008d2c f1402773 csrrs            x14, x0, 0xf14      x14=00000002
20219112ns          334669 1c008d30 00779793 slli             x15, x15, 0x7       x15=00000000 x15:00000000
20219133ns          334670 1c008d32 00371713 slli             x14, x14, 0x3       x14=00000010 x14:00000002
20219153ns          334671 1c008d34 0ff57513 andi             x10, x10, 255       x10=0000006e x10:0000006e
20219173ns          334672 1c008d38 ee873733 p.bclr           x14, x14, 23, 8     x14=00000010 x14:00000010
20219193ns          334673 1c008d3c 00d787b3 add              x15, x15, x13       x15=1a10f000 x15:00000000 x13:1a10f000
20219214ns          334674 1c008d3e 00a767a3 p.sw             x10, x0(x14)        x10:0000006e x14:00000010  PA:1a10f010
20219538ns          334690 1c008d42 00000513 addi             x10, x0, 0          x10=00000000
20219558ns          334691 1c008d44 00008067 jalr             x0, x1, 0            x1:1c008de0
20219598ns          334693 1c008de0 15f52063 p.beqimm         x10, 320            x10:00000000
20219618ns          334694 1c008de4 001a8a93 addi             x21, x21, 1         x21=00000012 x21:00000011
20219639ns          334695 1c008de6 00800d33 add              x26, x0, x8         x26=1c000996  x8:1c000996
20219659ns          334696 1c008de8 000d4503 lbu              x10, 0(x26)         x10=00000020 x26:1c000996  PA:1c000996
20219963ns          334711 1c008dec 001d0413 addi             x8, x26, 1           x8=1c000997 x26:1c000996
20219983ns          334712 1c008df0 0c050b63 beq              x10, x0, 214        x10:00000020
20220003ns          334713 1c008df2 02500793 addi             x15, x0, 37         x15=00000025
20220023ns          334714 1c008df6 fef513e3 bne              x10, x15, -26       x10:00000020 x15:00000025
20220084ns          334717 1c008ddc 017005b3 add              x11, x0, x23        x11=00000002 x23:00000002
20220104ns          334718 1c008dde 000980e7 jalr             x1, x19, 0           x1=1c008de0 x19:1c008d20
20220145ns          334720 1c008d20 f14027f3 csrrs            x15, x0, 0xf14      x15=00000002
20220165ns          334721 1c008d24 1a10f6b7 lui              x13, 0x1a10f000     x13=1a10f000
20220185ns          334722 1c008d28 ca5797b3 p.extractu       x15, x15, 5, 5      x15=00000000 x15:00000002
20220205ns          334723 1c008d2c f1402773 csrrs            x14, x0, 0xf14      x14=00000002
20220226ns          334724 1c008d30 00779793 slli             x15, x15, 0x7       x15=00000000 x15:00000000
20220246ns          334725 1c008d32 00371713 slli             x14, x14, 0x3       x14=00000010 x14:00000002
20220266ns          334726 1c008d34 0ff57513 andi             x10, x10, 255       x10=00000020 x10:00000020
20220286ns          334727 1c008d38 ee873733 p.bclr           x14, x14, 23, 8     x14=00000010 x14:00000010
20220307ns          334728 1c008d3c 00d787b3 add              x15, x15, x13       x15=1a10f000 x15:00000000 x13:1a10f000
20220327ns          334729 1c008d3e 00a767a3 p.sw             x10, x0(x14)        x10:00000020 x14:00000010  PA:1a10f010
20220651ns          334745 1c008d42 00000513 addi             x10, x0, 0          x10=00000000
20220671ns          334746 1c008d44 00008067 jalr             x0, x1, 0            x1:1c008de0
20220711ns          334748 1c008de0 15f52063 p.beqimm         x10, 320            x10:00000000
20220732ns          334749 1c008de4 001a8a93 addi             x21, x21, 1         x21=00000013 x21:00000012
20220752ns          334750 1c008de6 00800d33 add              x26, x0, x8         x26=1c000997  x8:1c000997
20220772ns          334751 1c008de8 000d4503 lbu              x10, 0(x26)         x10=00000063 x26:1c000997  PA:1c000997
20221076ns          334766 1c008dec 001d0413 addi             x8, x26, 1           x8=1c000998 x26:1c000997
20221096ns          334767 1c008df0 0c050b63 beq              x10, x0, 214        x10:00000063
20221116ns          334768 1c008df2 02500793 addi             x15, x0, 37         x15=00000025
20221136ns          334769 1c008df6 fef513e3 bne              x10, x15, -26       x10:00000063 x15:00000025
20221197ns          334772 1c008ddc 017005b3 add              x11, x0, x23        x11=00000002 x23:00000002
20221217ns          334773 1c008dde 000980e7 jalr             x1, x19, 0           x1=1c008de0 x19:1c008d20
20221258ns          334775 1c008d20 f14027f3 csrrs            x15, x0, 0xf14      x15=00000002
20221278ns          334776 1c008d24 1a10f6b7 lui              x13, 0x1a10f000     x13=1a10f000
20221298ns          334777 1c008d28 ca5797b3 p.extractu       x15, x15, 5, 5      x15=00000000 x15:00000002
20221319ns          334778 1c008d2c f1402773 csrrs            x14, x0, 0xf14      x14=00000002
20221339ns          334779 1c008d30 00779793 slli             x15, x15, 0x7       x15=00000000 x15:00000000
20221359ns          334780 1c008d32 00371713 slli             x14, x14, 0x3       x14=00000010 x14:00000002
20221379ns          334781 1c008d34 0ff57513 andi             x10, x10, 255       x10=00000063 x10:00000063
20221400ns          334782 1c008d38 ee873733 p.bclr           x14, x14, 23, 8     x14=00000010 x14:00000010
20221420ns          334783 1c008d3c 00d787b3 add              x15, x15, x13       x15=1a10f000 x15:00000000 x13:1a10f000
20221440ns          334784 1c008d3e 00a767a3 p.sw             x10, x0(x14)        x10:00000063 x14:00000010  PA:1a10f010
20221764ns          334800 1c008d42 00000513 addi             x10, x0, 0          x10=00000000
20221784ns          334801 1c008d44 00008067 jalr             x0, x1, 0            x1:1c008de0
20221825ns          334803 1c008de0 15f52063 p.beqimm         x10, 320            x10:00000000
20221845ns          334804 1c008de4 001a8a93 addi             x21, x21, 1         x21=00000014 x21:00000013
20221865ns          334805 1c008de6 00800d33 add              x26, x0, x8         x26=1c000998  x8:1c000998
20221885ns          334806 1c008de8 000d4503 lbu              x10, 0(x26)         x10=0000006c x26:1c000998  PA:1c000998
20222189ns          334821 1c008dec 001d0413 addi             x8, x26, 1           x8=1c000999 x26:1c000998
20222209ns          334822 1c008df0 0c050b63 beq              x10, x0, 214        x10:0000006c
20222229ns          334823 1c008df2 02500793 addi             x15, x0, 37         x15=00000025
20222250ns          334824 1c008df6 fef513e3 bne              x10, x15, -26       x10:0000006c x15:00000025
20222310ns          334827 1c008ddc 017005b3 add              x11, x0, x23        x11=00000002 x23:00000002
20222331ns          334828 1c008dde 000980e7 jalr             x1, x19, 0           x1=1c008de0 x19:1c008d20
20222371ns          334830 1c008d20 f14027f3 csrrs            x15, x0, 0xf14      x15=00000002
20222391ns          334831 1c008d24 1a10f6b7 lui              x13, 0x1a10f000     x13=1a10f000
20222412ns          334832 1c008d28 ca5797b3 p.extractu       x15, x15, 5, 5      x15=00000000 x15:00000002
20222432ns          334833 1c008d2c f1402773 csrrs            x14, x0, 0xf14      x14=00000002
20222452ns          334834 1c008d30 00779793 slli             x15, x15, 0x7       x15=00000000 x15:00000000
20222472ns          334835 1c008d32 00371713 slli             x14, x14, 0x3       x14=00000010 x14:00000002
20222493ns          334836 1c008d34 0ff57513 andi             x10, x10, 255       x10=0000006c x10:0000006c
20222513ns          334837 1c008d38 ee873733 p.bclr           x14, x14, 23, 8     x14=00000010 x14:00000010
20222533ns          334838 1c008d3c 00d787b3 add              x15, x15, x13       x15=1a10f000 x15:00000000 x13:1a10f000
20222553ns          334839 1c008d3e 00a767a3 p.sw             x10, x0(x14)        x10:0000006c x14:00000010  PA:1a10f010
20222877ns          334855 1c008d42 00000513 addi             x10, x0, 0          x10=00000000
20222897ns          334856 1c008d44 00008067 jalr             x0, x1, 0            x1:1c008de0
20222938ns          334858 1c008de0 15f52063 p.beqimm         x10, 320            x10:00000000
20222958ns          334859 1c008de4 001a8a93 addi             x21, x21, 1         x21=00000015 x21:00000014
20222978ns          334860 1c008de6 00800d33 add              x26, x0, x8         x26=1c000999  x8:1c000999
20222999ns          334861 1c008de8 000d4503 lbu              x10, 0(x26)         x10=00000075 x26:1c000999  PA:1c000999
20223302ns          334876 1c008dec 001d0413 addi             x8, x26, 1           x8=1c00099a x26:1c000999
20223322ns          334877 1c008df0 0c050b63 beq              x10, x0, 214        x10:00000075
20223343ns          334878 1c008df2 02500793 addi             x15, x0, 37         x15=00000025
20223363ns          334879 1c008df6 fef513e3 bne              x10, x15, -26       x10:00000075 x15:00000025
20223424ns          334882 1c008ddc 017005b3 add              x11, x0, x23        x11=00000002 x23:00000002
20223444ns          334883 1c008dde 000980e7 jalr             x1, x19, 0           x1=1c008de0 x19:1c008d20
20223484ns          334885 1c008d20 f14027f3 csrrs            x15, x0, 0xf14      x15=00000002
20223505ns          334886 1c008d24 1a10f6b7 lui              x13, 0x1a10f000     x13=1a10f000
20223525ns          334887 1c008d28 ca5797b3 p.extractu       x15, x15, 5, 5      x15=00000000 x15:00000002
20223545ns          334888 1c008d2c f1402773 csrrs            x14, x0, 0xf14      x14=00000002
20223565ns          334889 1c008d30 00779793 slli             x15, x15, 0x7       x15=00000000 x15:00000000
20223586ns          334890 1c008d32 00371713 slli             x14, x14, 0x3       x14=00000010 x14:00000002
20223606ns          334891 1c008d34 0ff57513 andi             x10, x10, 255       x10=00000075 x10:00000075
20223626ns          334892 1c008d38 ee873733 p.bclr           x14, x14, 23, 8     x14=00000010 x14:00000010
20223646ns          334893 1c008d3c 00d787b3 add              x15, x15, x13       x15=1a10f000 x15:00000000 x13:1a10f000
20223666ns          334894 1c008d3e 00a767a3 p.sw             x10, x0(x14)        x10:00000075 x14:00000010  PA:1a10f010
20223990ns          334910 1c008d42 00000513 addi             x10, x0, 0          x10=00000000
20224011ns          334911 1c008d44 00008067 jalr             x0, x1, 0            x1:1c008de0
20224051ns          334913 1c008de0 15f52063 p.beqimm         x10, 320            x10:00000000
20224071ns          334914 1c008de4 001a8a93 addi             x21, x21, 1         x21=00000016 x21:00000015
20224092ns          334915 1c008de6 00800d33 add              x26, x0, x8         x26=1c00099a  x8:1c00099a
20224112ns          334916 1c008de8 000d4503 lbu              x10, 0(x26)         x10=00000073 x26:1c00099a  PA:1c00099a
20224415ns          334931 1c008dec 001d0413 addi             x8, x26, 1           x8=1c00099b x26:1c00099a
20224436ns          334932 1c008df0 0c050b63 beq              x10, x0, 214        x10:00000073
20224456ns          334933 1c008df2 02500793 addi             x15, x0, 37         x15=00000025
20224476ns          334934 1c008df6 fef513e3 bne              x10, x15, -26       x10:00000073 x15:00000025
20224537ns          334937 1c008ddc 017005b3 add              x11, x0, x23        x11=00000002 x23:00000002
20224557ns          334938 1c008dde 000980e7 jalr             x1, x19, 0           x1=1c008de0 x19:1c008d20
20224598ns          334940 1c008d20 f14027f3 csrrs            x15, x0, 0xf14      x15=00000002
20224618ns          334941 1c008d24 1a10f6b7 lui              x13, 0x1a10f000     x13=1a10f000
20224638ns          334942 1c008d28 ca5797b3 p.extractu       x15, x15, 5, 5      x15=00000000 x15:00000002
20224658ns          334943 1c008d2c f1402773 csrrs            x14, x0, 0xf14      x14=00000002
20224678ns          334944 1c008d30 00779793 slli             x15, x15, 0x7       x15=00000000 x15:00000000
20224699ns          334945 1c008d32 00371713 slli             x14, x14, 0x3       x14=00000010 x14:00000002
20224719ns          334946 1c008d34 0ff57513 andi             x10, x10, 255       x10=00000073 x10:00000073
20224739ns          334947 1c008d38 ee873733 p.bclr           x14, x14, 23, 8     x14=00000010 x14:00000010
20224759ns          334948 1c008d3c 00d787b3 add              x15, x15, x13       x15=1a10f000 x15:00000000 x13:1a10f000
20224780ns          334949 1c008d3e 00a767a3 p.sw             x10, x0(x14)        x10:00000073 x14:00000010  PA:1a10f010
20225104ns          334965 1c008d42 00000513 addi             x10, x0, 0          x10=00000000
20225124ns          334966 1c008d44 00008067 jalr             x0, x1, 0            x1:1c008de0
20225164ns          334968 1c008de0 15f52063 p.beqimm         x10, 320            x10:00000000
20225184ns          334969 1c008de4 001a8a93 addi             x21, x21, 1         x21=00000017 x21:00000016
20225205ns          334970 1c008de6 00800d33 add              x26, x0, x8         x26=1c00099b  x8:1c00099b
20225225ns          334971 1c008de8 000d4503 lbu              x10, 0(x26)         x10=00000074 x26:1c00099b  PA:1c00099b
20225529ns          334986 1c008dec 001d0413 addi             x8, x26, 1           x8=1c00099c x26:1c00099b
20225549ns          334987 1c008df0 0c050b63 beq              x10, x0, 214        x10:00000074
20225569ns          334988 1c008df2 02500793 addi             x15, x0, 37         x15=00000025
20225589ns          334989 1c008df6 fef513e3 bne              x10, x15, -26       x10:00000074 x15:00000025
20225650ns          334992 1c008ddc 017005b3 add              x11, x0, x23        x11=00000002 x23:00000002
20225670ns          334993 1c008dde 000980e7 jalr             x1, x19, 0           x1=1c008de0 x19:1c008d20
20225711ns          334995 1c008d20 f14027f3 csrrs            x15, x0, 0xf14      x15=00000002
20225731ns          334996 1c008d24 1a10f6b7 lui              x13, 0x1a10f000     x13=1a10f000
20225751ns          334997 1c008d28 ca5797b3 p.extractu       x15, x15, 5, 5      x15=00000000 x15:00000002
20225771ns          334998 1c008d2c f1402773 csrrs            x14, x0, 0xf14      x14=00000002
20225792ns          334999 1c008d30 00779793 slli             x15, x15, 0x7       x15=00000000 x15:00000000
20225812ns          335000 1c008d32 00371713 slli             x14, x14, 0x3       x14=00000010 x14:00000002
20225832ns          335001 1c008d34 0ff57513 andi             x10, x10, 255       x10=00000074 x10:00000074
20225852ns          335002 1c008d38 ee873733 p.bclr           x14, x14, 23, 8     x14=00000010 x14:00000010
20225873ns          335003 1c008d3c 00d787b3 add              x15, x15, x13       x15=1a10f000 x15:00000000 x13:1a10f000
20225893ns          335004 1c008d3e 00a767a3 p.sw             x10, x0(x14)        x10:00000074 x14:00000010  PA:1a10f010
20226217ns          335020 1c008d42 00000513 addi             x10, x0, 0          x10=00000000
20226237ns          335021 1c008d44 00008067 jalr             x0, x1, 0            x1:1c008de0
20226277ns          335023 1c008de0 15f52063 p.beqimm         x10, 320            x10:00000000
20226298ns          335024 1c008de4 001a8a93 addi             x21, x21, 1         x21=00000018 x21:00000017
20226318ns          335025 1c008de6 00800d33 add              x26, x0, x8         x26=1c00099c  x8:1c00099c
20226338ns          335026 1c008de8 000d4503 lbu              x10, 0(x26)         x10=00000065 x26:1c00099c  PA:1c00099c
20226642ns          335041 1c008dec 001d0413 addi             x8, x26, 1           x8=1c00099d x26:1c00099c
20226662ns          335042 1c008df0 0c050b63 beq              x10, x0, 214        x10:00000065
20226682ns          335043 1c008df2 02500793 addi             x15, x0, 37         x15=00000025
20226702ns          335044 1c008df6 fef513e3 bne              x10, x15, -26       x10:00000065 x15:00000025
20226763ns          335047 1c008ddc 017005b3 add              x11, x0, x23        x11=00000002 x23:00000002
20226783ns          335048 1c008dde 000980e7 jalr             x1, x19, 0           x1=1c008de0 x19:1c008d20
20226824ns          335050 1c008d20 f14027f3 csrrs            x15, x0, 0xf14      x15=00000002
20226844ns          335051 1c008d24 1a10f6b7 lui              x13, 0x1a10f000     x13=1a10f000
20226864ns          335052 1c008d28 ca5797b3 p.extractu       x15, x15, 5, 5      x15=00000000 x15:00000002
20226885ns          335053 1c008d2c f1402773 csrrs            x14, x0, 0xf14      x14=00000002
20226905ns          335054 1c008d30 00779793 slli             x15, x15, 0x7       x15=00000000 x15:00000000
20226925ns          335055 1c008d32 00371713 slli             x14, x14, 0x3       x14=00000010 x14:00000002
20226945ns          335056 1c008d34 0ff57513 andi             x10, x10, 255       x10=00000065 x10:00000065
20226966ns          335057 1c008d38 ee873733 p.bclr           x14, x14, 23, 8     x14=00000010 x14:00000010
20226986ns          335058 1c008d3c 00d787b3 add              x15, x15, x13       x15=1a10f000 x15:00000000 x13:1a10f000
20227006ns          335059 1c008d3e 00a767a3 p.sw             x10, x0(x14)        x10:00000065 x14:00000010  PA:1a10f010
20227350ns          335076 1c008d42 00000513 addi             x10, x0, 0          x10=00000000
20227370ns          335077 1c008d44 00008067 jalr             x0, x1, 0            x1:1c008de0
20227411ns          335079 1c008de0 15f52063 p.beqimm         x10, 320            x10:00000000
20227431ns          335080 1c008de4 001a8a93 addi             x21, x21, 1         x21=00000019 x21:00000018
20227451ns          335081 1c008de6 00800d33 add              x26, x0, x8         x26=1c00099d  x8:1c00099d
20227472ns          335082 1c008de8 000d4503 lbu              x10, 0(x26)         x10=00000072 x26:1c00099d  PA:1c00099d
20227775ns          335097 1c008dec 001d0413 addi             x8, x26, 1           x8=1c00099e x26:1c00099d
20227795ns          335098 1c008df0 0c050b63 beq              x10, x0, 214        x10:00000072
20227816ns          335099 1c008df2 02500793 addi             x15, x0, 37         x15=00000025
20227836ns          335100 1c008df6 fef513e3 bne              x10, x15, -26       x10:00000072 x15:00000025
20227897ns          335103 1c008ddc 017005b3 add              x11, x0, x23        x11=00000002 x23:00000002
20227917ns          335104 1c008dde 000980e7 jalr             x1, x19, 0           x1=1c008de0 x19:1c008d20
20227957ns          335106 1c008d20 f14027f3 csrrs            x15, x0, 0xf14      x15=00000002
20227978ns          335107 1c008d24 1a10f6b7 lui              x13, 0x1a10f000     x13=1a10f000
20227998ns          335108 1c008d28 ca5797b3 p.extractu       x15, x15, 5, 5      x15=00000000 x15:00000002
20228018ns          335109 1c008d2c f1402773 csrrs            x14, x0, 0xf14      x14=00000002
20228038ns          335110 1c008d30 00779793 slli             x15, x15, 0x7       x15=00000000 x15:00000000
20228059ns          335111 1c008d32 00371713 slli             x14, x14, 0x3       x14=00000010 x14:00000002
20228079ns          335112 1c008d34 0ff57513 andi             x10, x10, 255       x10=00000072 x10:00000072
20228099ns          335113 1c008d38 ee873733 p.bclr           x14, x14, 23, 8     x14=00000010 x14:00000010
20228119ns          335114 1c008d3c 00d787b3 add              x15, x15, x13       x15=1a10f000 x15:00000000 x13:1a10f000
20228140ns          335115 1c008d3e 00a767a3 p.sw             x10, x0(x14)        x10:00000072 x14:00000010  PA:1a10f010
20228484ns          335132 1c008d42 00000513 addi             x10, x0, 0          x10=00000000
20228504ns          335133 1c008d44 00008067 jalr             x0, x1, 0            x1:1c008de0
20228544ns          335135 1c008de0 15f52063 p.beqimm         x10, 320            x10:00000000
20228565ns          335136 1c008de4 001a8a93 addi             x21, x21, 1         x21=0000001a x21:00000019
20228585ns          335137 1c008de6 00800d33 add              x26, x0, x8         x26=1c00099e  x8:1c00099e
20228605ns          335138 1c008de8 000d4503 lbu              x10, 0(x26)         x10=00000020 x26:1c00099e  PA:1c00099e
20228909ns          335153 1c008dec 001d0413 addi             x8, x26, 1           x8=1c00099f x26:1c00099e
20228929ns          335154 1c008df0 0c050b63 beq              x10, x0, 214        x10:00000020
20228949ns          335155 1c008df2 02500793 addi             x15, x0, 37         x15=00000025
20228969ns          335156 1c008df6 fef513e3 bne              x10, x15, -26       x10:00000020 x15:00000025
20229030ns          335159 1c008ddc 017005b3 add              x11, x0, x23        x11=00000002 x23:00000002
20229050ns          335160 1c008dde 000980e7 jalr             x1, x19, 0           x1=1c008de0 x19:1c008d20
20229091ns          335162 1c008d20 f14027f3 csrrs            x15, x0, 0xf14      x15=00000002
20229111ns          335163 1c008d24 1a10f6b7 lui              x13, 0x1a10f000     x13=1a10f000
20229131ns          335164 1c008d28 ca5797b3 p.extractu       x15, x15, 5, 5      x15=00000000 x15:00000002
20229152ns          335165 1c008d2c f1402773 csrrs            x14, x0, 0xf14      x14=00000002
20229172ns          335166 1c008d30 00779793 slli             x15, x15, 0x7       x15=00000000 x15:00000000
20229192ns          335167 1c008d32 00371713 slli             x14, x14, 0x3       x14=00000010 x14:00000002
20229212ns          335168 1c008d34 0ff57513 andi             x10, x10, 255       x10=00000020 x10:00000020
20229232ns          335169 1c008d38 ee873733 p.bclr           x14, x14, 23, 8     x14=00000010 x14:00000010
20229253ns          335170 1c008d3c 00d787b3 add              x15, x15, x13       x15=1a10f000 x15:00000000 x13:1a10f000
20229273ns          335171 1c008d3e 00a767a3 p.sw             x10, x0(x14)        x10:00000020 x14:00000010  PA:1a10f010
20229617ns          335188 1c008d42 00000513 addi             x10, x0, 0          x10=00000000
20229637ns          335189 1c008d44 00008067 jalr             x0, x1, 0            x1:1c008de0
20229678ns          335191 1c008de0 15f52063 p.beqimm         x10, 320            x10:00000000
20229698ns          335192 1c008de4 001a8a93 addi             x21, x21, 1         x21=0000001b x21:0000001a
20229718ns          335193 1c008de6 00800d33 add              x26, x0, x8         x26=1c00099f  x8:1c00099f
20229738ns          335194 1c008de8 000d4503 lbu              x10, 0(x26)         x10=00000025 x26:1c00099f  PA:1c00099f
20230042ns          335209 1c008dec 001d0413 addi             x8, x26, 1           x8=1c0009a0 x26:1c00099f
20230062ns          335210 1c008df0 0c050b63 beq              x10, x0, 214        x10:00000025
20230083ns          335211 1c008df2 02500793 addi             x15, x0, 37         x15=00000025
20230103ns          335212 1c008df6 fef513e3 bne              x10, x15, -26       x10:00000025 x15:00000025
20230123ns          335213 1c008dfa 00012a23 sw               x0, 20(x2)           x2:10000f38  PA:10000f4c
20230143ns          335214 1c008dfc 00012823 sw               x0, 16(x2)           x2:10000f38  PA:10000f48
20230164ns          335215 1c008dfe 00012623 sw               x0, 12(x2)           x2:10000f38  PA:10000f44
20230184ns          335216 1c008e00 00012423 sw               x0, 8(x2)            x2:10000f38  PA:10000f40
20230204ns          335217 1c008e02 00012223 sw               x0, 4(x2)            x2:10000f38  PA:10000f3c
20230224ns          335218 1c008e04 02300493 addi             x9, x0, 35           x9=00000023
20230244ns          335219 1c008e08 02d00b13 addi             x22, x0, 45         x22=0000002d
20230265ns          335220 1c008e0c 00044c83 lbu              x25, 0(x8)          x25=00000064  x8:1c0009a0  PA:1c0009a0
20230690ns          335241 1c008e10 00140913 addi             x18, x8, 1          x18=1c0009a1  x8:1c0009a0
20230710ns          335242 1c008e14 019005b3 add              x11, x0, x25        x11=00000064 x25:00000064
20230730ns          335243 1c008e16 9d0c0513 addi             x10, x24, -1584     x10=1c0009d0 x24:1c001000
20230750ns          335244 1c008e1a 01200d33 add              x26, x0, x18        x26=1c0009a1 x18:1c0009a1
20230771ns          335245 1c008e1c 01900db3 add              x27, x0, x25        x27=00000064 x25:00000064
20230791ns          335246 1c008e1e e89ff0ef jal              x1, -376             x1=1c008e20
20231580ns          335285 1c008ca6 00054783 lbu              x15, 0(x10)         x15=0000002d x10:1c0009d0  PA:1c0009d0
20231965ns          335304 1c008caa 0ff5f593 andi             x11, x11, 255       x11=00000064 x11:00000064
20232005ns          335306 1c008cae 00b78c63 beq              x15, x11, 24        x15:0000002d x11:00000064
20232026ns          335307 1c008cb2 00078b63 beq              x15, x0, 22         x15:0000002d
20232046ns          335308 1c008cb4 00150793 addi             x15, x10, 1         x15=1c0009d1 x10:1c0009d0
20232066ns          335309 1c008cb8 0040006f jal              x0, 4              
20232107ns          335311 1c008cbc 00f00533 add              x10, x0, x15        x10=1c0009d1 x15:1c0009d1
20232511ns          335331 1c008cbe 0017c70b p.lbu            x14, 1(x15!)        x14=0000002b x15=1c0009d2 x15:1c0009d1  PA:1c0009d1
20232835ns          335347 1c008cc2 feb71ce3 bne              x14, x11, -8        x14:0000002b x11:00000064
20232896ns          335350 1c008cba 00070763 beq              x14, x0, 14         x14:0000002b
20232916ns          335351 1c008cbc 00f00533 add              x10, x0, x15        x10=1c0009d2 x15:1c0009d2
20232936ns          335352 1c008cbe 0017c70b p.lbu            x14, 1(x15!)        x14=00000020 x15=1c0009d3 x15:1c0009d2  PA:1c0009d2
20233260ns          335368 1c008cc2 feb71ce3 bne              x14, x11, -8        x14:00000020 x11:00000064
20233321ns          335371 1c008cba 00070763 beq              x14, x0, 14         x14:00000020
20233341ns          335372 1c008cbc 00f00533 add              x10, x0, x15        x10=1c0009d3 x15:1c0009d3
20233361ns          335373 1c008cbe 0017c70b p.lbu            x14, 1(x15!)        x14=00000023 x15=1c0009d4 x15:1c0009d3  PA:1c0009d3
20233685ns          335389 1c008cc2 feb71ce3 bne              x14, x11, -8        x14:00000023 x11:00000064
20233746ns          335392 1c008cba 00070763 beq              x14, x0, 14         x14:00000023
20233766ns          335393 1c008cbc 00f00533 add              x10, x0, x15        x10=1c0009d4 x15:1c0009d4
20233786ns          335394 1c008cbe 0017c70b p.lbu            x14, 1(x15!)        x14=00000030 x15=1c0009d5 x15:1c0009d4  PA:1c0009d4
20234110ns          335410 1c008cc2 feb71ce3 bne              x14, x11, -8        x14:00000030 x11:00000064
20234171ns          335413 1c008cba 00070763 beq              x14, x0, 14         x14:00000030
20234191ns          335414 1c008cbc 00f00533 add              x10, x0, x15        x10=1c0009d5 x15:1c0009d5
20234212ns          335415 1c008cbe 0017c70b p.lbu            x14, 1(x15!)        x14=00000000 x15=1c0009d6 x15:1c0009d5  PA:1c0009d5
20234535ns          335431 1c008cc2 feb71ce3 bne              x14, x11, -8        x14:00000000 x11:00000064
20234596ns          335434 1c008cba 00070763 beq              x14, x0, 14         x14:00000000
20234657ns          335437 1c008cc8 0015b593 sltiu            x11, x11, 1         x11=00000000 x11:00000064
20234677ns          335438 1c008ccc 40b005b3 sub              x11, x0, x11        x11=00000000 x11:00000000
20234697ns          335439 1c008cd0 00b57533 and              x10, x10, x11       x10=00000000 x10:1c0009d5 x11:00000000
20234718ns          335440 1c008cd2 00008067 jalr             x0, x1, 0            x1:1c008e20
20234758ns          335442 1c008e20 02050b63 beq              x10, x0, 54         x10:00000000
20235244ns          335466 1c008e56 02a00693 addi             x13, x0, 42         x13=0000002a
20235264ns          335467 1c008e5a 2edc8263 beq              x25, x13, 740       x25:00000064 x13:0000002a
20235669ns          335487 1c008e5e fd0c8693 addi             x13, x25, -48       x13=00000034 x25:00000064
20235689ns          335488 1c008e62 00900593 addi             x11, x0, 9          x11=00000009
20235709ns          335489 1c008e64 00000b13 addi             x22, x0, 0          x22=00000000
20235730ns          335490 1c008e66 0cd5fd63 bgeu             x11, x13, 218       x11:00000009 x13:00000034
20235750ns          335491 1c008e6a 02e00793 addi             x15, x0, 46         x15=0000002e
20236155ns          335511 1c008e6e 28fd8663 beq              x27, x15, 652       x27:00000064 x15:0000002e
20236175ns          335512 1c008e72 01b00433 add              x8, x0, x27          x8=00000064 x27:00000064
20236195ns          335513 1c008e74 fff00493 addi             x9, x0, -1           x9=ffffffff
20236215ns          335514 1c008e76 1c001737 lui              x14, 0x1c001000     x14=1c001000
20236236ns          335515 1c008e7a 01b005b3 add              x11, x0, x27        x11=00000064 x27:00000064
20236256ns          335516 1c008e7c 9d870513 addi             x10, x14, -1576     x10=1c0009d8 x14:1c001000
20236640ns          335535 1c008e80 e27ff0ef jal              x1, -474             x1=1c008e82
20236701ns          335538 1c008ca6 00054783 lbu              x15, 0(x10)         x15=00000068 x10:1c0009d8  PA:1c0009d8
20237005ns          335553 1c008caa 0ff5f593 andi             x11, x11, 255       x11=00000064 x11:00000064
20237025ns          335554 1c008cae 00b78c63 beq              x15, x11, 24        x15:00000068 x11:00000064
20237045ns          335555 1c008cb2 00078b63 beq              x15, x0, 22         x15:00000068
20237065ns          335556 1c008cb4 00150793 addi             x15, x10, 1         x15=1c0009d9 x10:1c0009d8
20237086ns          335557 1c008cb8 0040006f jal              x0, 4              
20237126ns          335559 1c008cbc 00f00533 add              x10, x0, x15        x10=1c0009d9 x15:1c0009d9
20237146ns          335560 1c008cbe 0017c70b p.lbu            x14, 1(x15!)        x14=0000006c x15=1c0009da x15:1c0009d9  PA:1c0009d9
20237470ns          335576 1c008cc2 feb71ce3 bne              x14, x11, -8        x14:0000006c x11:00000064
20237531ns          335579 1c008cba 00070763 beq              x14, x0, 14         x14:0000006c
20237551ns          335580 1c008cbc 00f00533 add              x10, x0, x15        x10=1c0009da x15:1c0009da
20237571ns          335581 1c008cbe 0017c70b p.lbu            x14, 1(x15!)        x14=0000007a x15=1c0009db x15:1c0009da  PA:1c0009da
20237895ns          335597 1c008cc2 feb71ce3 bne              x14, x11, -8        x14:0000007a x11:00000064
20237956ns          335600 1c008cba 00070763 beq              x14, x0, 14         x14:0000007a
20237976ns          335601 1c008cbc 00f00533 add              x10, x0, x15        x10=1c0009db x15:1c0009db
20237996ns          335602 1c008cbe 0017c70b p.lbu            x14, 1(x15!)        x14=00000000 x15=1c0009dc x15:1c0009db  PA:1c0009db
20238320ns          335618 1c008cc2 feb71ce3 bne              x14, x11, -8        x14:00000000 x11:00000064
20238381ns          335621 1c008cba 00070763 beq              x14, x0, 14         x14:00000000
20238442ns          335624 1c008cc8 0015b593 sltiu            x11, x11, 1         x11=00000000 x11:00000064
20238462ns          335625 1c008ccc 40b005b3 sub              x11, x0, x11        x11=00000000 x11:00000000
20238482ns          335626 1c008cd0 00b57533 and              x10, x10, x11       x10=00000000 x10:1c0009db x11:00000000
20238502ns          335627 1c008cd2 00008067 jalr             x0, x1, 0            x1:1c008e82
20238543ns          335629 1c008e82 00000793 addi             x15, x0, 0          x15=00000000
20238563ns          335630 1c008e84 00050f63 beq              x10, x0, 30         x10:00000000
20239029ns          335653 1c008ea2 06700693 addi             x13, x0, 103        x13=00000067
20239049ns          335654 1c008ea6 0bb6ee63 bltu             x13, x27, 188       x13:00000067 x27:00000064
20239069ns          335655 1c008eaa 06500693 addi             x13, x0, 101        x13=00000065
20239474ns          335675 1c008eae 3addf2e3 bgeu             x27, x13, 2980      x27:00000064 x13:00000065
20239514ns          335677 1c008eb2 04700693 addi             x13, x0, 71         x13=00000047
20239535ns          335678 1c008eb6 39b6ed63 bltu             x13, x27, 922       x13:00000047 x27:00000064
20240385ns          335720 1c009250 06300693 addi             x13, x0, 99         x13=00000063
20240425ns          335722 1c009254 70dd8c63 beq              x27, x13, 1816      x27:00000064 x13:00000063
20240445ns          335723 1c009258 d3b6e5e3 bltu             x13, x27, -726      x13:00000063 x27:00000064
20241336ns          335767 1c008f82 06c00693 addi             x13, x0, 108        x13=0000006c
20241356ns          335768 1c008f86 00d78a63 beq              x15, x13, 20        x15:00000000 x13:0000006c
20241376ns          335769 1c008f8a 07a00693 addi             x13, x0, 122        x13=0000007a
20241781ns          335789 1c008f8e 00d78663 beq              x15, x13, 12        x15:00000000 x13:0000007a
20241822ns          335791 1c008f92 04c00693 addi             x13, x0, 76         x13=0000004c
20241842ns          335792 1c008f96 5ed78de3 beq              x15, x13, 3578      x15:00000000 x13:0000004c
20241862ns          335793 1c008f9a 000a2783 lw               x15, 0(x20)         x15=00000000 x20:10000fdc  PA:10000fdc
20241882ns          335794 1c008f9e 004a0a13 addi             x20, x20, 4         x20=10000fe0 x20:10000fdc
20242267ns          335813 1c008fa0 41f7d713 srai             x14, x15, 0x41f     x14=00000000 x15:00000000
20242308ns          335815 1c008fa4 01412e23 sw               x20, 28(x2)         x20:10000fe0  x2:10000f38  PA:10000f54
20242328ns          335816 1c008fa6 00e12223 sw               x14, 4(x2)          x14:00000000  x2:10000f38  PA:10000f3c
20242348ns          335817 1c008fa8 4e0741e3 blt              x14, x0, 3298       x14:00000000
20242368ns          335818 1c008fac 00c12703 lw               x14, 12(x2)         x14=00000000  x2:10000f38  PA:10000f44
20242753ns          335837 1c008fae 440709e3 beq              x14, x0, 3154       x14:00000000
20243198ns          335859 1c009c00 01012703 lw               x14, 16(x2)         x14=00000000  x2:10000f38  PA:10000f48
20243239ns          335861 1c009c02 22070063 beq              x14, x0, 544        x14:00000000
20243684ns          335883 1c009e22 00412c83 lw               x25, 4(x2)          x25=00000000  x2:10000f38  PA:10000f3c
20243724ns          335885 1c009e24 02410a13 addi             x20, x2, 36         x20=10000f5c  x2:10000f38
20243745ns          335886 1c009e28 998ff06f jal              x0, -3688          
20244170ns          335907 1c008fc0 00f00433 add              x8, x0, x15          x8=00000000 x15:00000000
20244190ns          335908 1c008fc2 01400db3 add              x27, x0, x20        x27=10000f5c x20:10000f5c
20244210ns          335909 1c008fc4 0040006f jal              x0, 4              
20244251ns          335911 1c008fc8 00a00613 addi             x12, x0, 10         x12=0000000a
20244271ns          335912 1c008fca 00000693 addi             x13, x0, 0          x13=00000000
20244291ns          335913 1c008fcc 00800533 add              x10, x0, x8         x10=00000000  x8:00000000
20244311ns          335914 1c008fce 019005b3 add              x11, x0, x25        x11=00000000 x25:00000000
20244676ns          335932 1c008fd0 c2aff0ef jal              x1, -3030            x1=1c008fd4
20245101ns          335953 1c0083fa 00c008b3 add              x17, x0, x12        x17=0000000a x12:0000000a
20245141ns          335955 1c0083fc 00d00733 add              x14, x0, x13        x14=00000000 x13:00000000
20245161ns          335956 1c0083fe 00a007b3 add              x15, x0, x10        x15=00000000 x10:00000000
20245546ns          335975 1c008400 00b00833 add              x16, x0, x11        x16=00000000 x11:00000000
20245586ns          335977 1c008402 1c069863 bne              x13, x0, 464        x13:00000000
20245607ns          335978 1c008406 1c0016b7 lui              x13, 0x1c001000     x13=1c001000
20245627ns          335979 1c00840a 86868693 addi             x13, x13, -1944     x13=1c000868 x13:1c001000
20246032ns          335999 1c00840e 0ac5f863 bgeu             x11, x12, 176       x11:00000000 x12:0000000a
20246052ns          336000 1c008412 00010337 lui              x6, 0x10000          x6=00010000
20246072ns          336001 1c008414 08667e63 bgeu             x12, x6, 156        x12:0000000a  x6:00010000
20246092ns          336002 1c008418 0ff00313 addi             x6, x0, 255          x6=000000ff
20246113ns          336003 1c00841c 00c37363 bgeu             x6, x12, 6           x6:000000ff x12:0000000a
20246578ns          336026 1c008422 00e65333 srl              x6, x12, x14         x6=0000000a x12:0000000a x14:00000000
20246598ns          336027 1c008426 006686b3 add              x13, x13, x6        x13=1c000872 x13:1c000868  x6:0000000a
20246619ns          336028 1c008428 0006ce03 lbu              x28, 0(x13)         x28=00000004 x13:1c000872  PA:1c000872
20247023ns          336048 1c00842c 02000313 addi             x6, x0, 32           x6=00000020
20247044ns          336049 1c008430 00ee0e33 add              x28, x28, x14       x28=00000004 x28:00000004 x14:00000000
20247064ns          336050 1c008432 41c30333 sub              x6, x6, x28          x6=0000001c  x6:00000020 x28:00000004
20247084ns          336051 1c008436 00030c63 beq              x6, x0, 24           x6:0000001c
20247104ns          336052 1c00843a 006595b3 sll              x11, x11, x6        x11=00000000 x11:00000000  x6:0000001c
20247489ns          336071 1c00843e 01c55e33 srl              x28, x10, x28       x28=00000000 x10:00000000 x28:00000004
20247529ns          336073 1c008442 006618b3 sll              x17, x12, x6        x17=a0000000 x12:0000000a  x6:0000001c
20247550ns          336074 1c008446 00be6833 or               x16, x28, x11       x16=00000000 x28:00000000 x11:00000000
20247570ns          336075 1c00844a 006517b3 sll              x15, x10, x6        x15=00000000 x10:00000000  x6:0000001c
20247975ns          336095 1c00844e 0108d613 srli             x12, x17, 0x10      x12=0000a000 x17:a0000000
20248015ns          336097 1c008452 02c87733 remu             x14, x16, x12       x14=00000000 x16:00000000 x12:0000a000
20248400ns          336116 1c008456 02c85833 divu             x16, x16, x12       x16=00000000 x16:00000000 x12:0000a000
20248784ns          336135 1c00845a 01089513 slli             x10, x17, 0x10      x10=00000000 x17:a0000000
20248805ns          336136 1c00845e 01055513 srli             x10, x10, 0x10      x10=00000000 x10:00000000
20248825ns          336137 1c008460 01071713 slli             x14, x14, 0x10      x14=00000000 x14:00000000
20248845ns          336138 1c008462 0107d693 srli             x13, x15, 0x10      x13=00000000 x15:00000000
20248865ns          336139 1c008466 03050833 mul              x16, x10, x16       x16=00000000 x10:00000000 x16:00000000
20248886ns          336140 1c00846a 00e6e6b3 or               x13, x13, x14       x13=00000000 x13:00000000 x14:00000000
20248906ns          336141 1c00846c 0106f863 bgeu             x13, x16, 16        x13:00000000 x16:00000000
20249331ns          336162 1c00847c 410686b3 sub              x13, x13, x16       x13=00000000 x13:00000000 x16:00000000
20249736ns          336182 1c008480 02c6f733 remu             x14, x13, x12       x14=00000000 x13:00000000 x12:0000a000
20250140ns          336202 1c008484 02c6d6b3 divu             x13, x13, x12       x13=00000000 x13:00000000 x12:0000a000
20250525ns          336221 1c008488 01079793 slli             x15, x15, 0x10      x15=00000000 x15:00000000
20250545ns          336222 1c00848a 02d506b3 mul              x13, x10, x13       x13=00000000 x10:00000000 x13:00000000
20250565ns          336223 1c00848e 0107d793 srli             x15, x15, 0x10      x15=00000000 x15:00000000
20250586ns          336224 1c008490 01071513 slli             x10, x14, 0x10      x10=00000000 x14:00000000
20250606ns          336225 1c008494 00a7e7b3 or               x15, x15, x10       x15=00000000 x15:00000000 x10:00000000
20250626ns          336226 1c008496 00d7f863 bgeu             x15, x13, 16        x15:00000000 x13:00000000
20251071ns          336248 1c0084a6 40d787b3 sub              x15, x15, x13       x15=00000000 x15:00000000 x13:00000000
20251092ns          336249 1c0084a8 0067d533 srl              x10, x15, x6        x10=00000000 x15:00000000  x6:0000001c
20251112ns          336250 1c0084ac 00000593 addi             x11, x0, 0          x11=00000000
20251132ns          336251 1c0084ae 00008067 jalr             x0, x1, 0            x1:1c008fd4
20251557ns          336272 1c008fd4 00a00933 add              x18, x0, x10        x18=00000000 x10:00000000
20251577ns          336273 1c008fd6 019005b3 add              x11, x0, x25        x11=00000000 x25:00000000
20251598ns          336274 1c008fd8 00800533 add              x10, x0, x8         x10=00000000  x8:00000000
20251618ns          336275 1c008fda 00a00613 addi             x12, x0, 10         x12=0000000a
20251638ns          336276 1c008fdc 00000693 addi             x13, x0, 0          x13=00000000
20252002ns          336294 1c008fde 8beff0ef jal              x1, -3906            x1=1c008fe2
20252043ns          336296 1c00809c 00b007b3 add              x15, x0, x11        x15=00000000 x11:00000000
20252063ns          336297 1c00809e 00c00833 add              x16, x0, x12        x16=0000000a x12:0000000a
20252448ns          336316 1c0080a0 00d008b3 add              x17, x0, x13        x17=00000000 x13:00000000
20252468ns          336317 1c0080a2 00a00333 add              x6, x0, x10          x6=00000000 x10:00000000
20252488ns          336318 1c0080a4 20069663 bne              x13, x0, 524        x13:00000000
20252508ns          336319 1c0080a8 1c001737 lui              x14, 0x1c001000     x14=1c001000
20252529ns          336320 1c0080ac 86870713 addi             x14, x14, -1944     x14=1c000868 x14:1c001000
20252934ns          336340 1c0080b0 0ac5fe63 bgeu             x11, x12, 188       x11:00000000 x12:0000000a
20252974ns          336342 1c0080b4 000106b7 lui              x13, 0x10000        x13=00010000
20252994ns          336343 1c0080b6 0ad67463 bgeu             x12, x13, 168       x12:0000000a x13:00010000
20253014ns          336344 1c0080ba 0ff00693 addi             x13, x0, 255        x13=000000ff
20253419ns          336364 1c0080be 00c6b6b3 sltu             x13, x13, x12       x13=00000000 x13:000000ff x12:0000000a
20253440ns          336365 1c0080c2 00369693 slli             x13, x13, 0x3       x13=00000000 x13:00000000
20253460ns          336366 1c0080c4 00d658b3 srl              x17, x12, x13       x17=0000000a x12:0000000a x13:00000000
20253480ns          336367 1c0080c8 01170733 add              x14, x14, x17       x14=1c000872 x14:1c000868 x17:0000000a
20253500ns          336368 1c0080ca 00074703 lbu              x14, 0(x14)         x14=00000004 x14:1c000872  PA:1c000872
20253925ns          336389 1c0080ce 00e686b3 add              x13, x13, x14       x13=00000004 x13:00000000 x14:00000004
20253946ns          336390 1c0080d0 02000713 addi             x14, x0, 32         x14=00000020
20253966ns          336391 1c0080d4 40d70733 sub              x14, x14, x13       x14=0000001c x14:00000020 x13:00000004
20253986ns          336392 1c0080d6 00070b63 beq              x14, x0, 22         x14:0000001c
20254006ns          336393 1c0080d8 00e797b3 sll              x15, x15, x14       x15=00000000 x15:00000000 x14:0000001c
20254026ns          336394 1c0080dc 00d556b3 srl              x13, x10, x13       x13=00000000 x10:00000000 x13:00000004
20254391ns          336412 1c0080e0 00e61833 sll              x16, x12, x14       x16=a0000000 x12:0000000a x14:0000001c
20254431ns          336414 1c0080e4 00f6e5b3 or               x11, x13, x15       x11=00000000 x13:00000000 x15:00000000
20254452ns          336415 1c0080e8 00e51333 sll              x6, x10, x14         x6=00000000 x10:00000000 x14:0000001c
20254472ns          336416 1c0080ec 01085513 srli             x10, x16, 0x10      x10=0000a000 x16:a0000000
20254877ns          336436 1c0080f0 02a5f733 remu             x14, x11, x10       x14=00000000 x11:00000000 x10:0000a000
20255281ns          336456 1c0080f4 02a5d7b3 divu             x15, x11, x10       x15=00000000 x11:00000000 x10:0000a000
20255666ns          336475 1c0080f8 01081613 slli             x12, x16, 0x10      x12=00000000 x16:a0000000
20255686ns          336476 1c0080fc 01071713 slli             x14, x14, 0x10      x14=00000000 x14:00000000
20255706ns          336477 1c0080fe 01065613 srli             x12, x12, 0x10      x12=00000000 x12:00000000
20255727ns          336478 1c008100 01035693 srli             x13, x6, 0x10       x13=00000000  x6:00000000
20255747ns          336479 1c008104 00e6e6b3 or               x13, x13, x14       x13=00000000 x13:00000000 x14:00000000
20255767ns          336480 1c008106 02f605b3 mul              x11, x12, x15       x11=00000000 x12:00000000 x15:00000000
20255787ns          336481 1c00810a 00f00733 add              x14, x0, x15        x14=00000000 x15:00000000
20255808ns          336482 1c00810c 00b6fc63 bgeu             x13, x11, 24        x13:00000000 x11:00000000
20256597ns          336521 1c008124 40b686b3 sub              x13, x13, x11       x13=00000000 x13:00000000 x11:00000000
20256637ns          336523 1c008126 02a6f7b3 remu             x15, x13, x10       x15=00000000 x13:00000000 x10:0000a000
20257022ns          336542 1c00812a 02a6d6b3 divu             x13, x13, x10       x13=00000000 x13:00000000 x10:0000a000
20257407ns          336561 1c00812e 01031313 slli             x6, x6, 0x10         x6=00000000  x6:00000000
20257427ns          336562 1c008130 01079793 slli             x15, x15, 0x10      x15=00000000 x15:00000000
20257447ns          336563 1c008132 01035313 srli             x6, x6, 0x10         x6=00000000  x6:00000000
20257467ns          336564 1c008136 02d605b3 mul              x11, x12, x13       x11=00000000 x12:00000000 x13:00000000
20257488ns          336565 1c00813a 0067e333 or               x6, x15, x6          x6=00000000 x15:00000000  x6:00000000
20257508ns          336566 1c00813e 00d00533 add              x10, x0, x13        x10=00000000 x13:00000000
20257892ns          336585 1c008140 00b37b63 bgeu             x6, x11, 22          x6:00000000 x11:00000000
20258338ns          336607 1c008156 01071713 slli             x14, x14, 0x10      x14=00000000 x14:00000000
20258378ns          336609 1c008158 00a76733 or               x14, x14, x10       x14=00000000 x14:00000000 x10:00000000
20258398ns          336610 1c00815a 00000593 addi             x11, x0, 0          x11=00000000
20258419ns          336611 1c00815c 0b20006f jal              x0, 178            
20259228ns          336651 1c00820e 00e00533 add              x10, x0, x14        x10=00000000 x14:00000000
20259653ns          336672 1c008210 00008067 jalr             x0, x1, 0            x1:1c008fe2
20259775ns          336678 1c008fe2 03090913 addi             x18, x18, 48        x18=00000030 x18:00000000
20259795ns          336679 1c008fe6 012d8023 sb               x18, 0(x27)         x18:00000030 x27:10000f5c  PA:10000f5c
20259815ns          336680 1c008fea 00a5e7b3 or               x15, x11, x10       x15=00000000 x11:00000000 x10:00000000
20260220ns          336700 1c008fee 001d8913 addi             x18, x27, 1         x18=10000f5d x27:10000f5c
20260240ns          336701 1c008ff2 00a00433 add              x8, x0, x10          x8=00000000 x10:00000000
20260260ns          336702 1c008ff4 00b00cb3 add              x25, x0, x11        x25=00000000 x11:00000000
20260281ns          336703 1c008ff6 fc0798e3 bne              x15, x0, -48        x15:00000000
20260301ns          336704 1c008ff8 00090023 sb               x0, 0(x18)          x18:10000f5d  PA:10000f5d
20260321ns          336705 1c008ffc 01ba7d63 bgeu             x20, x27, 26        x20:10000f5c x27:10000f5c
20261131ns          336745 1c009016 00012783 lw               x15, 0(x2)          x15=10000f5c  x2:10000f38  PA:10000f38
20261171ns          336747 1c009018 00c12703 lw               x14, 12(x2)         x14=00000000  x2:10000f38  PA:10000f44
20261191ns          336748 1c00901a 40f90933 sub              x18, x18, x15       x18=00000001 x18:10000f5d x15:10000f5c
20261596ns          336768 1c00901e 3c071de3 bne              x14, x0, 3034       x14:00000000
20261616ns          336769 1c009022 01012783 lw               x15, 16(x2)         x15=00000000  x2:10000f38  PA:10000f48
20261657ns          336771 1c009024 3c079ae3 bne              x15, x0, 3028       x15:00000000
20261677ns          336772 1c009028 00412703 lw               x14, 4(x2)          x14=00000000  x2:10000f38  PA:10000f3c
20261718ns          336774 1c00902a 01f75713 srli             x14, x14, 0x1f      x14=00000000 x14:00000000
20261738ns          336775 1c00902c 00e12223 sw               x14, 4(x2)          x14:00000000  x2:10000f38  PA:10000f3c
20262082ns          336792 1c00902e 3404c463 blt              x9, x0, 840          x9:ffffffff
20262527ns          336814 1c009376 00000c93 addi             x25, x0, 0          x25=00000000
20262568ns          336816 1c009378 00012c23 sw               x0, 24(x2)           x2:10000f38  PA:10000f50
20262588ns          336817 1c00937a 00000a13 addi             x20, x0, 0          x20=00000000
20262608ns          336818 1c00937c 01412783 lw               x15, 20(x2)         x15=00000000  x2:10000f38  PA:10000f4c
20262993ns          336837 1c00937e 5e078163 beq              x15, x0, 1506       x15:00000000
20263438ns          336859 1c009960 412b0b33 sub              x22, x22, x18       x22=ffffffff x22:00000000 x18:00000001
20263479ns          336861 1c009964 02410413 addi             x8, x2, 36           x8=10000f5c  x2:10000f38
20263499ns          336862 1c009966 00000493 addi             x9, x0, 0            x9=00000000
20263519ns          336863 1c009968 ee6ff06f jal              x0, -2330          
20264349ns          336904 1c00904e 00812703 lw               x14, 8(x2)          x14=00000000  x2:10000f38  PA:10000f40
20264774ns          336925 1c009050 02071063 bne              x14, x0, 32         x14:00000000
20264814ns          336927 1c009052 01605f63 bge              x0, x22, 30         x22:ffffffff
20265260ns          336949 1c009070 00412783 lw               x15, 4(x2)          x15=00000000  x2:10000f38  PA:10000f3c
20265300ns          336951 1c009072 00f40db3 add              x27, x8, x15        x27=10000f5c  x8:10000f5c x15:00000000
20265320ns          336952 1c009076 00c0006f jal              x0, 12             
20265745ns          336973 1c009082 017005b3 add              x11, x0, x23        x11=00000002 x23:00000002
20265786ns          336975 1c009084 ffb41ae3 bne              x8, x27, -12         x8:10000f5c x27:10000f5c
20265806ns          336976 1c009088 00900db3 add              x27, x0, x9         x27=00000000  x9:00000000
20265826ns          336977 1c00908a 0080006f jal              x0, 8              
20266272ns          336999 1c009092 fffd8d93 addi             x27, x27, -1        x27=ffffffff x27:00000000
20266292ns          337000 1c009094 017005b3 add              x11, x0, x23        x11=00000002 x23:00000002
20266312ns          337001 1c009096 03000513 addi             x10, x0, 48         x10=00000030
20266332ns          337002 1c00909a fffdb9e3 p.bneimm         x27, -14            x27:ffffffff
20266353ns          337003 1c00909e 00412703 lw               x14, 4(x2)          x14=00000000  x2:10000f38  PA:10000f3c
20266737ns          337022 1c0090a0 40e90933 sub              x18, x18, x14       x18=00000001 x18:00000001 x14:00000000
20266778ns          337024 1c0090a4 01212423 sw               x18, 8(x2)          x18:00000001  x2:10000f38  PA:10000f40
20266798ns          337025 1c0090a6 e40a15e3 bne              x20, x0, -438       x20:00000000
20266818ns          337026 1c0090aa 01812783 lw               x15, 24(x2)         x15=00000000  x2:10000f38  PA:10000f50
20266859ns          337028 1c0090ac 16079763 bne              x15, x0, 366        x15:00000000
20267223ns          337046 1c0090b0 120c8863 beq              x25, x0, 304        x25:00000000
20267668ns          337068 1c0091e0 017005b3 add              x11, x0, x23        x11=00000002 x23:00000002
20267709ns          337070 1c0091e2 ff2049e3 blt              x0, x18, -14        x18:00000001
20268154ns          337092 1c0091d4 0014450b p.lbu            x10, 1(x8!)         x10=00000030  x8=10000f5d  x8:10000f5c  PA:10000f5c
20268194ns          337094 1c0091d8 fff90913 addi             x18, x18, -1        x18=00000000 x18:00000001
20268215ns          337095 1c0091da 000980e7 jalr             x1, x19, 0           x1=1c0091dc x19:1c008d20
20268296ns          337099 1c008d20 f14027f3 csrrs            x15, x0, 0xf14      x15=00000002
20268336ns          337101 1c008d24 1a10f6b7 lui              x13, 0x1a10f000     x13=1a10f000
20268356ns          337102 1c008d28 ca5797b3 p.extractu       x15, x15, 5, 5      x15=00000000 x15:00000002
20268377ns          337103 1c008d2c f1402773 csrrs            x14, x0, 0xf14      x14=00000002
20268781ns          337123 1c008d30 00779793 slli             x15, x15, 0x7       x15=00000000 x15:00000000
20268802ns          337124 1c008d32 00371713 slli             x14, x14, 0x3       x14=00000010 x14:00000002
20268822ns          337125 1c008d34 0ff57513 andi             x10, x10, 255       x10=00000030 x10:00000030
20268842ns          337126 1c008d38 ee873733 p.bclr           x14, x14, 23, 8     x14=00000010 x14:00000010
20268862ns          337127 1c008d3c 00d787b3 add              x15, x15, x13       x15=1a10f000 x15:00000000 x13:1a10f000
20269267ns          337147 1c008d3e 00a767a3 p.sw             x10, x0(x14)        x10:00000030 x14:00000010  PA:1a10f010
20269632ns          337165 1c008d42 00000513 addi             x10, x0, 0          x10=00000000
20269652ns          337166 1c008d44 00008067 jalr             x0, x1, 0            x1:1c0091dc
20269733ns          337170 1c0091dc d5f522e3 p.beqimm         x10, -700           x10:00000000
20269773ns          337172 1c0091e0 017005b3 add              x11, x0, x23        x11=00000002 x23:00000002
20269793ns          337173 1c0091e2 ff2049e3 blt              x0, x18, -14        x18:00000000
20269814ns          337174 1c0091e6 00412783 lw               x15, 4(x2)          x15=00000000  x2:10000f38  PA:10000f3c
20269834ns          337175 1c0091e8 01c12a03 lw               x20, 28(x2)         x20=10000fe0  x2:10000f38  PA:10000f54
20269854ns          337176 1c0091ea 00fa8733 add              x14, x21, x15       x14=0000001b x21:0000001b x15:00000000
20269874ns          337177 1c0091ee 00812783 lw               x15, 8(x2)          x15=00000001  x2:10000f38  PA:10000f40
20270198ns          337193 1c0091f0 00970733 add              x14, x14, x9        x14=0000001b x14:0000001b  x9:00000000
20270239ns          337195 1c0091f2 00e78ab3 add              x21, x15, x14       x21=0000001c x15:00000001 x14:0000001b
20270259ns          337196 1c0091f6 bf6059e3 bge              x0, x22, -1038      x22:ffffffff
20270765ns          337221 1c008de8 000d4503 lbu              x10, 0(x26)         x10=00000020 x26:1c0009a1  PA:1c0009a1
20271089ns          337237 1c008dec 001d0413 addi             x8, x26, 1           x8=1c0009a2 x26:1c0009a1
20271109ns          337238 1c008df0 0c050b63 beq              x10, x0, 214        x10:00000020
20271129ns          337239 1c008df2 02500793 addi             x15, x0, 37         x15=00000025
20271150ns          337240 1c008df6 fef513e3 bne              x10, x15, -26       x10:00000020 x15:00000025
20271311ns          337248 1c008ddc 017005b3 add              x11, x0, x23        x11=00000002 x23:00000002
20271332ns          337249 1c008dde 000980e7 jalr             x1, x19, 0           x1=1c008de0 x19:1c008d20
20271372ns          337251 1c008d20 f14027f3 csrrs            x15, x0, 0xf14      x15=00000002
20271392ns          337252 1c008d24 1a10f6b7 lui              x13, 0x1a10f000     x13=1a10f000
20271413ns          337253 1c008d28 ca5797b3 p.extractu       x15, x15, 5, 5      x15=00000000 x15:00000002
20271433ns          337254 1c008d2c f1402773 csrrs            x14, x0, 0xf14      x14=00000002
20271453ns          337255 1c008d30 00779793 slli             x15, x15, 0x7       x15=00000000 x15:00000000
20271473ns          337256 1c008d32 00371713 slli             x14, x14, 0x3       x14=00000010 x14:00000002
20271494ns          337257 1c008d34 0ff57513 andi             x10, x10, 255       x10=00000020 x10:00000020
20271514ns          337258 1c008d38 ee873733 p.bclr           x14, x14, 23, 8     x14=00000010 x14:00000010
20271534ns          337259 1c008d3c 00d787b3 add              x15, x15, x13       x15=1a10f000 x15:00000000 x13:1a10f000
20271554ns          337260 1c008d3e 00a767a3 p.sw             x10, x0(x14)        x10:00000020 x14:00000010  PA:1a10f010
20271919ns          337278 1c008d42 00000513 addi             x10, x0, 0          x10=00000000
20271939ns          337279 1c008d44 00008067 jalr             x0, x1, 0            x1:1c008de0
20271979ns          337281 1c008de0 15f52063 p.beqimm         x10, 320            x10:00000000
20272000ns          337282 1c008de4 001a8a93 addi             x21, x21, 1         x21=0000001d x21:0000001c
20272020ns          337283 1c008de6 00800d33 add              x26, x0, x8         x26=1c0009a2  x8:1c0009a2
20272040ns          337284 1c008de8 000d4503 lbu              x10, 0(x26)         x10=00000063 x26:1c0009a2  PA:1c0009a2
20272344ns          337299 1c008dec 001d0413 addi             x8, x26, 1           x8=1c0009a3 x26:1c0009a2
20272364ns          337300 1c008df0 0c050b63 beq              x10, x0, 214        x10:00000063
20272384ns          337301 1c008df2 02500793 addi             x15, x0, 37         x15=00000025
20272404ns          337302 1c008df6 fef513e3 bne              x10, x15, -26       x10:00000063 x15:00000025
20272465ns          337305 1c008ddc 017005b3 add              x11, x0, x23        x11=00000002 x23:00000002
20272485ns          337306 1c008dde 000980e7 jalr             x1, x19, 0           x1=1c008de0 x19:1c008d20
20272526ns          337308 1c008d20 f14027f3 csrrs            x15, x0, 0xf14      x15=00000002
20272546ns          337309 1c008d24 1a10f6b7 lui              x13, 0x1a10f000     x13=1a10f000
20272566ns          337310 1c008d28 ca5797b3 p.extractu       x15, x15, 5, 5      x15=00000000 x15:00000002
20272587ns          337311 1c008d2c f1402773 csrrs            x14, x0, 0xf14      x14=00000002
20272607ns          337312 1c008d30 00779793 slli             x15, x15, 0x7       x15=00000000 x15:00000000
20272627ns          337313 1c008d32 00371713 slli             x14, x14, 0x3       x14=00000010 x14:00000002
20272647ns          337314 1c008d34 0ff57513 andi             x10, x10, 255       x10=00000063 x10:00000063
20272668ns          337315 1c008d38 ee873733 p.bclr           x14, x14, 23, 8     x14=00000010 x14:00000010
20272688ns          337316 1c008d3c 00d787b3 add              x15, x15, x13       x15=1a10f000 x15:00000000 x13:1a10f000
20272708ns          337317 1c008d3e 00a767a3 p.sw             x10, x0(x14)        x10:00000063 x14:00000010  PA:1a10f010
20273012ns          337332 1c008d42 00000513 addi             x10, x0, 0          x10=00000000
20273032ns          337333 1c008d44 00008067 jalr             x0, x1, 0            x1:1c008de0
20273072ns          337335 1c008de0 15f52063 p.beqimm         x10, 320            x10:00000000
20273093ns          337336 1c008de4 001a8a93 addi             x21, x21, 1         x21=0000001e x21:0000001d
20273113ns          337337 1c008de6 00800d33 add              x26, x0, x8         x26=1c0009a3  x8:1c0009a3
20273133ns          337338 1c008de8 000d4503 lbu              x10, 0(x26)         x10=0000006f x26:1c0009a3  PA:1c0009a3
20273437ns          337353 1c008dec 001d0413 addi             x8, x26, 1           x8=1c0009a4 x26:1c0009a3
20273457ns          337354 1c008df0 0c050b63 beq              x10, x0, 214        x10:0000006f
20273477ns          337355 1c008df2 02500793 addi             x15, x0, 37         x15=00000025
20273497ns          337356 1c008df6 fef513e3 bne              x10, x15, -26       x10:0000006f x15:00000025
20273558ns          337359 1c008ddc 017005b3 add              x11, x0, x23        x11=00000002 x23:00000002
20273578ns          337360 1c008dde 000980e7 jalr             x1, x19, 0           x1=1c008de0 x19:1c008d20
20273619ns          337362 1c008d20 f14027f3 csrrs            x15, x0, 0xf14      x15=00000002
20273639ns          337363 1c008d24 1a10f6b7 lui              x13, 0x1a10f000     x13=1a10f000
20273659ns          337364 1c008d28 ca5797b3 p.extractu       x15, x15, 5, 5      x15=00000000 x15:00000002
20273680ns          337365 1c008d2c f1402773 csrrs            x14, x0, 0xf14      x14=00000002
20273700ns          337366 1c008d30 00779793 slli             x15, x15, 0x7       x15=00000000 x15:00000000
20273720ns          337367 1c008d32 00371713 slli             x14, x14, 0x3       x14=00000010 x14:00000002
20273740ns          337368 1c008d34 0ff57513 andi             x10, x10, 255       x10=0000006f x10:0000006f
20273760ns          337369 1c008d38 ee873733 p.bclr           x14, x14, 23, 8     x14=00000010 x14:00000010
20273781ns          337370 1c008d3c 00d787b3 add              x15, x15, x13       x15=1a10f000 x15:00000000 x13:1a10f000
20273801ns          337371 1c008d3e 00a767a3 p.sw             x10, x0(x14)        x10:0000006f x14:00000010  PA:1a10f010
20274125ns          337387 1c008d42 00000513 addi             x10, x0, 0          x10=00000000
20274145ns          337388 1c008d44 00008067 jalr             x0, x1, 0            x1:1c008de0
20274186ns          337390 1c008de0 15f52063 p.beqimm         x10, 320            x10:00000000
20274206ns          337391 1c008de4 001a8a93 addi             x21, x21, 1         x21=0000001f x21:0000001e
20274226ns          337392 1c008de6 00800d33 add              x26, x0, x8         x26=1c0009a4  x8:1c0009a4
20274246ns          337393 1c008de8 000d4503 lbu              x10, 0(x26)         x10=00000072 x26:1c0009a4  PA:1c0009a4
20274550ns          337408 1c008dec 001d0413 addi             x8, x26, 1           x8=1c0009a5 x26:1c0009a4
20274570ns          337409 1c008df0 0c050b63 beq              x10, x0, 214        x10:00000072
20274590ns          337410 1c008df2 02500793 addi             x15, x0, 37         x15=00000025
20274611ns          337411 1c008df6 fef513e3 bne              x10, x15, -26       x10:00000072 x15:00000025
20274671ns          337414 1c008ddc 017005b3 add              x11, x0, x23        x11=00000002 x23:00000002
20274692ns          337415 1c008dde 000980e7 jalr             x1, x19, 0           x1=1c008de0 x19:1c008d20
20274732ns          337417 1c008d20 f14027f3 csrrs            x15, x0, 0xf14      x15=00000002
20274752ns          337418 1c008d24 1a10f6b7 lui              x13, 0x1a10f000     x13=1a10f000
20274772ns          337419 1c008d28 ca5797b3 p.extractu       x15, x15, 5, 5      x15=00000000 x15:00000002
20274793ns          337420 1c008d2c f1402773 csrrs            x14, x0, 0xf14      x14=00000002
20274813ns          337421 1c008d30 00779793 slli             x15, x15, 0x7       x15=00000000 x15:00000000
20274833ns          337422 1c008d32 00371713 slli             x14, x14, 0x3       x14=00000010 x14:00000002
20274853ns          337423 1c008d34 0ff57513 andi             x10, x10, 255       x10=00000072 x10:00000072
20274874ns          337424 1c008d38 ee873733 p.bclr           x14, x14, 23, 8     x14=00000010 x14:00000010
20274894ns          337425 1c008d3c 00d787b3 add              x15, x15, x13       x15=1a10f000 x15:00000000 x13:1a10f000
20274914ns          337426 1c008d3e 00a767a3 p.sw             x10, x0(x14)        x10:00000072 x14:00000010  PA:1a10f010
20275258ns          337443 1c008d42 00000513 addi             x10, x0, 0          x10=00000000
20275278ns          337444 1c008d44 00008067 jalr             x0, x1, 0            x1:1c008de0
20275319ns          337446 1c008de0 15f52063 p.beqimm         x10, 320            x10:00000000
20275339ns          337447 1c008de4 001a8a93 addi             x21, x21, 1         x21=00000020 x21:0000001f
20275359ns          337448 1c008de6 00800d33 add              x26, x0, x8         x26=1c0009a5  x8:1c0009a5
20275380ns          337449 1c008de8 000d4503 lbu              x10, 0(x26)         x10=00000065 x26:1c0009a5  PA:1c0009a5
20275683ns          337464 1c008dec 001d0413 addi             x8, x26, 1           x8=1c0009a6 x26:1c0009a5
20275704ns          337465 1c008df0 0c050b63 beq              x10, x0, 214        x10:00000065
20275724ns          337466 1c008df2 02500793 addi             x15, x0, 37         x15=00000025
20275744ns          337467 1c008df6 fef513e3 bne              x10, x15, -26       x10:00000065 x15:00000025
20275805ns          337470 1c008ddc 017005b3 add              x11, x0, x23        x11=00000002 x23:00000002
20275825ns          337471 1c008dde 000980e7 jalr             x1, x19, 0           x1=1c008de0 x19:1c008d20
20275865ns          337473 1c008d20 f14027f3 csrrs            x15, x0, 0xf14      x15=00000002
20275886ns          337474 1c008d24 1a10f6b7 lui              x13, 0x1a10f000     x13=1a10f000
20275906ns          337475 1c008d28 ca5797b3 p.extractu       x15, x15, 5, 5      x15=00000000 x15:00000002
20275926ns          337476 1c008d2c f1402773 csrrs            x14, x0, 0xf14      x14=00000002
20275946ns          337477 1c008d30 00779793 slli             x15, x15, 0x7       x15=00000000 x15:00000000
20275967ns          337478 1c008d32 00371713 slli             x14, x14, 0x3       x14=00000010 x14:00000002
20275987ns          337479 1c008d34 0ff57513 andi             x10, x10, 255       x10=00000065 x10:00000065
20276007ns          337480 1c008d38 ee873733 p.bclr           x14, x14, 23, 8     x14=00000010 x14:00000010
20276027ns          337481 1c008d3c 00d787b3 add              x15, x15, x13       x15=1a10f000 x15:00000000 x13:1a10f000
20276048ns          337482 1c008d3e 00a767a3 p.sw             x10, x0(x14)        x10:00000065 x14:00000010  PA:1a10f010
20276392ns          337499 1c008d42 00000513 addi             x10, x0, 0          x10=00000000
20276412ns          337500 1c008d44 00008067 jalr             x0, x1, 0            x1:1c008de0
20276452ns          337502 1c008de0 15f52063 p.beqimm         x10, 320            x10:00000000
20276473ns          337503 1c008de4 001a8a93 addi             x21, x21, 1         x21=00000021 x21:00000020
20276493ns          337504 1c008de6 00800d33 add              x26, x0, x8         x26=1c0009a6  x8:1c0009a6
20276513ns          337505 1c008de8 000d4503 lbu              x10, 0(x26)         x10=00000020 x26:1c0009a6  PA:1c0009a6
20276817ns          337520 1c008dec 001d0413 addi             x8, x26, 1           x8=1c0009a7 x26:1c0009a6
20276837ns          337521 1c008df0 0c050b63 beq              x10, x0, 214        x10:00000020
20276857ns          337522 1c008df2 02500793 addi             x15, x0, 37         x15=00000025
20276877ns          337523 1c008df6 fef513e3 bne              x10, x15, -26       x10:00000020 x15:00000025
20276938ns          337526 1c008ddc 017005b3 add              x11, x0, x23        x11=00000002 x23:00000002
20276958ns          337527 1c008dde 000980e7 jalr             x1, x19, 0           x1=1c008de0 x19:1c008d20
20276999ns          337529 1c008d20 f14027f3 csrrs            x15, x0, 0xf14      x15=00000002
20277019ns          337530 1c008d24 1a10f6b7 lui              x13, 0x1a10f000     x13=1a10f000
20277039ns          337531 1c008d28 ca5797b3 p.extractu       x15, x15, 5, 5      x15=00000000 x15:00000002
20277060ns          337532 1c008d2c f1402773 csrrs            x14, x0, 0xf14      x14=00000002
20277080ns          337533 1c008d30 00779793 slli             x15, x15, 0x7       x15=00000000 x15:00000000
20277100ns          337534 1c008d32 00371713 slli             x14, x14, 0x3       x14=00000010 x14:00000002
20277120ns          337535 1c008d34 0ff57513 andi             x10, x10, 255       x10=00000020 x10:00000020
20277141ns          337536 1c008d38 ee873733 p.bclr           x14, x14, 23, 8     x14=00000010 x14:00000010
20277161ns          337537 1c008d3c 00d787b3 add              x15, x15, x13       x15=1a10f000 x15:00000000 x13:1a10f000
20277181ns          337538 1c008d3e 00a767a3 p.sw             x10, x0(x14)        x10:00000020 x14:00000010  PA:1a10f010
20277525ns          337555 1c008d42 00000513 addi             x10, x0, 0          x10=00000000
20277545ns          337556 1c008d44 00008067 jalr             x0, x1, 0            x1:1c008de0
20277586ns          337558 1c008de0 15f52063 p.beqimm         x10, 320            x10:00000000
20277606ns          337559 1c008de4 001a8a93 addi             x21, x21, 1         x21=00000022 x21:00000021
20277626ns          337560 1c008de6 00800d33 add              x26, x0, x8         x26=1c0009a7  x8:1c0009a7
20277647ns          337561 1c008de8 000d4503 lbu              x10, 0(x26)         x10=00000025 x26:1c0009a7  PA:1c0009a7
20277950ns          337576 1c008dec 001d0413 addi             x8, x26, 1           x8=1c0009a8 x26:1c0009a7
20277970ns          337577 1c008df0 0c050b63 beq              x10, x0, 214        x10:00000025
20277991ns          337578 1c008df2 02500793 addi             x15, x0, 37         x15=00000025
20278011ns          337579 1c008df6 fef513e3 bne              x10, x15, -26       x10:00000025 x15:00000025
20278031ns          337580 1c008dfa 00012a23 sw               x0, 20(x2)           x2:10000f38  PA:10000f4c
20278051ns          337581 1c008dfc 00012823 sw               x0, 16(x2)           x2:10000f38  PA:10000f48
20278072ns          337582 1c008dfe 00012623 sw               x0, 12(x2)           x2:10000f38  PA:10000f44
20278092ns          337583 1c008e00 00012423 sw               x0, 8(x2)            x2:10000f38  PA:10000f40
20278112ns          337584 1c008e02 00012223 sw               x0, 4(x2)            x2:10000f38  PA:10000f3c
20278132ns          337585 1c008e04 02300493 addi             x9, x0, 35           x9=00000023
20278153ns          337586 1c008e08 02d00b13 addi             x22, x0, 45         x22=0000002d
20278173ns          337587 1c008e0c 00044c83 lbu              x25, 0(x8)          x25=00000064  x8:1c0009a8  PA:1c0009a8
20278497ns          337603 1c008e10 00140913 addi             x18, x8, 1          x18=1c0009a9  x8:1c0009a8
20278517ns          337604 1c008e14 019005b3 add              x11, x0, x25        x11=00000064 x25:00000064
20278537ns          337605 1c008e16 9d0c0513 addi             x10, x24, -1584     x10=1c0009d0 x24:1c001000
20278557ns          337606 1c008e1a 01200d33 add              x26, x0, x18        x26=1c0009a9 x18:1c0009a9
20278578ns          337607 1c008e1c 01900db3 add              x27, x0, x25        x27=00000064 x25:00000064
20278598ns          337608 1c008e1e e89ff0ef jal              x1, -376             x1=1c008e20
20279084ns          337632 1c008ca6 00054783 lbu              x15, 0(x10)         x15=0000002d x10:1c0009d0  PA:1c0009d0
20279387ns          337647 1c008caa 0ff5f593 andi             x11, x11, 255       x11=00000064 x11:00000064
20279407ns          337648 1c008cae 00b78c63 beq              x15, x11, 24        x15:0000002d x11:00000064
20279428ns          337649 1c008cb2 00078b63 beq              x15, x0, 22         x15:0000002d
20279448ns          337650 1c008cb4 00150793 addi             x15, x10, 1         x15=1c0009d1 x10:1c0009d0
20279468ns          337651 1c008cb8 0040006f jal              x0, 4              
20279509ns          337653 1c008cbc 00f00533 add              x10, x0, x15        x10=1c0009d1 x15:1c0009d1
20279529ns          337654 1c008cbe 0017c70b p.lbu            x14, 1(x15!)        x14=0000002b x15=1c0009d2 x15:1c0009d1  PA:1c0009d1
20279853ns          337670 1c008cc2 feb71ce3 bne              x14, x11, -8        x14:0000002b x11:00000064
20280035ns          337679 1c008cba 00070763 beq              x14, x0, 14         x14:0000002b
20280055ns          337680 1c008cbc 00f00533 add              x10, x0, x15        x10=1c0009d2 x15:1c0009d2
20280075ns          337681 1c008cbe 0017c70b p.lbu            x14, 1(x15!)        x14=00000020 x15=1c0009d3 x15:1c0009d2  PA:1c0009d2
20280399ns          337697 1c008cc2 feb71ce3 bne              x14, x11, -8        x14:00000020 x11:00000064
20280460ns          337700 1c008cba 00070763 beq              x14, x0, 14         x14:00000020
20280480ns          337701 1c008cbc 00f00533 add              x10, x0, x15        x10=1c0009d3 x15:1c0009d3
20280500ns          337702 1c008cbe 0017c70b p.lbu            x14, 1(x15!)        x14=00000023 x15=1c0009d4 x15:1c0009d3  PA:1c0009d3
20280824ns          337718 1c008cc2 feb71ce3 bne              x14, x11, -8        x14:00000023 x11:00000064
20280885ns          337721 1c008cba 00070763 beq              x14, x0, 14         x14:00000023
20280905ns          337722 1c008cbc 00f00533 add              x10, x0, x15        x10=1c0009d4 x15:1c0009d4
20280925ns          337723 1c008cbe 0017c70b p.lbu            x14, 1(x15!)        x14=00000030 x15=1c0009d5 x15:1c0009d4  PA:1c0009d4
20281249ns          337739 1c008cc2 feb71ce3 bne              x14, x11, -8        x14:00000030 x11:00000064
20281310ns          337742 1c008cba 00070763 beq              x14, x0, 14         x14:00000030
20281330ns          337743 1c008cbc 00f00533 add              x10, x0, x15        x10=1c0009d5 x15:1c0009d5
20281350ns          337744 1c008cbe 0017c70b p.lbu            x14, 1(x15!)        x14=00000000 x15=1c0009d6 x15:1c0009d5  PA:1c0009d5
20281674ns          337760 1c008cc2 feb71ce3 bne              x14, x11, -8        x14:00000000 x11:00000064
20281735ns          337763 1c008cba 00070763 beq              x14, x0, 14         x14:00000000
20281796ns          337766 1c008cc8 0015b593 sltiu            x11, x11, 1         x11=00000000 x11:00000064
20281816ns          337767 1c008ccc 40b005b3 sub              x11, x0, x11        x11=00000000 x11:00000000
20281836ns          337768 1c008cd0 00b57533 and              x10, x10, x11       x10=00000000 x10:1c0009d5 x11:00000000
20281856ns          337769 1c008cd2 00008067 jalr             x0, x1, 0            x1:1c008e20
20281897ns          337771 1c008e20 02050b63 beq              x10, x0, 54         x10:00000000
20282039ns          337778 1c008e56 02a00693 addi             x13, x0, 42         x13=0000002a
20282059ns          337779 1c008e5a 2edc8263 beq              x25, x13, 740       x25:00000064 x13:0000002a
20282464ns          337799 1c008e5e fd0c8693 addi             x13, x25, -48       x13=00000034 x25:00000064
20282484ns          337800 1c008e62 00900593 addi             x11, x0, 9          x11=00000009
20282504ns          337801 1c008e64 00000b13 addi             x22, x0, 0          x22=00000000
20282524ns          337802 1c008e66 0cd5fd63 bgeu             x11, x13, 218       x11:00000009 x13:00000034
20282545ns          337803 1c008e6a 02e00793 addi             x15, x0, 46         x15=0000002e
20282605ns          337806 1c008e6e 28fd8663 beq              x27, x15, 652       x27:00000064 x15:0000002e
20282626ns          337807 1c008e72 01b00433 add              x8, x0, x27          x8=00000064 x27:00000064
20282646ns          337808 1c008e74 fff00493 addi             x9, x0, -1           x9=ffffffff
20282666ns          337809 1c008e76 1c001737 lui              x14, 0x1c001000     x14=1c001000
20282686ns          337810 1c008e7a 01b005b3 add              x11, x0, x27        x11=00000064 x27:00000064
20282707ns          337811 1c008e7c 9d870513 addi             x10, x14, -1576     x10=1c0009d8 x14:1c001000
20282747ns          337813 1c008e80 e27ff0ef jal              x1, -474             x1=1c008e82
20282808ns          337816 1c008ca6 00054783 lbu              x15, 0(x10)         x15=00000068 x10:1c0009d8  PA:1c0009d8
20283111ns          337831 1c008caa 0ff5f593 andi             x11, x11, 255       x11=00000064 x11:00000064
20283132ns          337832 1c008cae 00b78c63 beq              x15, x11, 24        x15:00000068 x11:00000064
20283152ns          337833 1c008cb2 00078b63 beq              x15, x0, 22         x15:00000068
20283172ns          337834 1c008cb4 00150793 addi             x15, x10, 1         x15=1c0009d9 x10:1c0009d8
20283192ns          337835 1c008cb8 0040006f jal              x0, 4              
20283233ns          337837 1c008cbc 00f00533 add              x10, x0, x15        x10=1c0009d9 x15:1c0009d9
20283253ns          337838 1c008cbe 0017c70b p.lbu            x14, 1(x15!)        x14=0000006c x15=1c0009da x15:1c0009d9  PA:1c0009d9
20283577ns          337854 1c008cc2 feb71ce3 bne              x14, x11, -8        x14:0000006c x11:00000064
20283638ns          337857 1c008cba 00070763 beq              x14, x0, 14         x14:0000006c
20283658ns          337858 1c008cbc 00f00533 add              x10, x0, x15        x10=1c0009da x15:1c0009da
20283678ns          337859 1c008cbe 0017c70b p.lbu            x14, 1(x15!)        x14=0000007a x15=1c0009db x15:1c0009da  PA:1c0009da
20284002ns          337875 1c008cc2 feb71ce3 bne              x14, x11, -8        x14:0000007a x11:00000064
20284063ns          337878 1c008cba 00070763 beq              x14, x0, 14         x14:0000007a
20284083ns          337879 1c008cbc 00f00533 add              x10, x0, x15        x10=1c0009db x15:1c0009db
20284103ns          337880 1c008cbe 0017c70b p.lbu            x14, 1(x15!)        x14=00000000 x15=1c0009dc x15:1c0009db  PA:1c0009db
20284427ns          337896 1c008cc2 feb71ce3 bne              x14, x11, -8        x14:00000000 x11:00000064
20284488ns          337899 1c008cba 00070763 beq              x14, x0, 14         x14:00000000
20284548ns          337902 1c008cc8 0015b593 sltiu            x11, x11, 1         x11=00000000 x11:00000064
20284569ns          337903 1c008ccc 40b005b3 sub              x11, x0, x11        x11=00000000 x11:00000000
20284589ns          337904 1c008cd0 00b57533 and              x10, x10, x11       x10=00000000 x10:1c0009db x11:00000000
20284609ns          337905 1c008cd2 00008067 jalr             x0, x1, 0            x1:1c008e82
20284650ns          337907 1c008e82 00000793 addi             x15, x0, 0          x15=00000000
20284670ns          337908 1c008e84 00050f63 beq              x10, x0, 30         x10:00000000
20284812ns          337915 1c008ea2 06700693 addi             x13, x0, 103        x13=00000067
20284832ns          337916 1c008ea6 0bb6ee63 bltu             x13, x27, 188       x13:00000067 x27:00000064
20284852ns          337917 1c008eaa 06500693 addi             x13, x0, 101        x13=00000065
20284872ns          337918 1c008eae 3addf2e3 bgeu             x27, x13, 2980      x27:00000064 x13:00000065
20284892ns          337919 1c008eb2 04700693 addi             x13, x0, 71         x13=00000047
20284913ns          337920 1c008eb6 39b6ed63 bltu             x13, x27, 922       x13:00000047 x27:00000064
20285075ns          337928 1c009250 06300693 addi             x13, x0, 99         x13=00000063
20285115ns          337930 1c009254 70dd8c63 beq              x27, x13, 1816      x27:00000064 x13:00000063
20285135ns          337931 1c009258 d3b6e5e3 bltu             x13, x27, -726      x13:00000063 x27:00000064
20285338ns          337941 1c008f82 06c00693 addi             x13, x0, 108        x13=0000006c
20285358ns          337942 1c008f86 00d78a63 beq              x15, x13, 20        x15:00000000 x13:0000006c
20285378ns          337943 1c008f8a 07a00693 addi             x13, x0, 122        x13=0000007a
20285439ns          337946 1c008f8e 00d78663 beq              x15, x13, 12        x15:00000000 x13:0000007a
20285479ns          337948 1c008f92 04c00693 addi             x13, x0, 76         x13=0000004c
20285500ns          337949 1c008f96 5ed78de3 beq              x15, x13, 3578      x15:00000000 x13:0000004c
20285520ns          337950 1c008f9a 000a2783 lw               x15, 0(x20)         x15=00000002 x20:10000fe0  PA:10000fe0
20285540ns          337951 1c008f9e 004a0a13 addi             x20, x20, 4         x20=10000fe4 x20:10000fe0
20285581ns          337953 1c008fa0 41f7d713 srai             x14, x15, 0x41f     x14=00000000 x15:00000002
20285621ns          337955 1c008fa4 01412e23 sw               x20, 28(x2)         x20:10000fe4  x2:10000f38  PA:10000f54
20285641ns          337956 1c008fa6 00e12223 sw               x14, 4(x2)          x14:00000000  x2:10000f38  PA:10000f3c
20285662ns          337957 1c008fa8 4e0741e3 blt              x14, x0, 3298       x14:00000000
20285682ns          337958 1c008fac 00c12703 lw               x14, 12(x2)         x14=00000000  x2:10000f38  PA:10000f44
20285722ns          337960 1c008fae 440709e3 beq              x14, x0, 3154       x14:00000000
20285824ns          337965 1c009c00 01012703 lw               x14, 16(x2)         x14=00000000  x2:10000f38  PA:10000f48
20285864ns          337967 1c009c02 22070063 beq              x14, x0, 544        x14:00000000
20285965ns          337972 1c009e22 00412c83 lw               x25, 4(x2)          x25=00000000  x2:10000f38  PA:10000f3c
20286006ns          337974 1c009e24 02410a13 addi             x20, x2, 36         x20=10000f5c  x2:10000f38
20286026ns          337975 1c009e28 998ff06f jal              x0, -3688          
20286066ns          337977 1c008fc0 00f00433 add              x8, x0, x15          x8=00000002 x15:00000002
20286087ns          337978 1c008fc2 01400db3 add              x27, x0, x20        x27=10000f5c x20:10000f5c
20286107ns          337979 1c008fc4 0040006f jal              x0, 4              
20286147ns          337981 1c008fc8 00a00613 addi             x12, x0, 10         x12=0000000a
20286168ns          337982 1c008fca 00000693 addi             x13, x0, 0          x13=00000000
20286188ns          337983 1c008fcc 00800533 add              x10, x0, x8         x10=00000002  x8:00000002
20286208ns          337984 1c008fce 019005b3 add              x11, x0, x25        x11=00000000 x25:00000000
20286228ns          337985 1c008fd0 c2aff0ef jal              x1, -3030            x1=1c008fd4
20286309ns          337989 1c0083fa 00c008b3 add              x17, x0, x12        x17=0000000a x12:0000000a
20286350ns          337991 1c0083fc 00d00733 add              x14, x0, x13        x14=00000000 x13:00000000
20286370ns          337992 1c0083fe 00a007b3 add              x15, x0, x10        x15=00000002 x10:00000002
20286410ns          337994 1c008400 00b00833 add              x16, x0, x11        x16=00000000 x11:00000000
20286451ns          337996 1c008402 1c069863 bne              x13, x0, 464        x13:00000000
20286471ns          337997 1c008406 1c0016b7 lui              x13, 0x1c001000     x13=1c001000
20286491ns          337998 1c00840a 86868693 addi             x13, x13, -1944     x13=1c000868 x13:1c001000
20286552ns          338001 1c00840e 0ac5f863 bgeu             x11, x12, 176       x11:00000000 x12:0000000a
20286572ns          338002 1c008412 00010337 lui              x6, 0x10000          x6=00010000
20286593ns          338003 1c008414 08667e63 bgeu             x12, x6, 156        x12:0000000a  x6:00010000
20286613ns          338004 1c008418 0ff00313 addi             x6, x0, 255          x6=000000ff
20286633ns          338005 1c00841c 00c37363 bgeu             x6, x12, 6           x6:000000ff x12:0000000a
20286755ns          338011 1c008422 00e65333 srl              x6, x12, x14         x6=0000000a x12:0000000a x14:00000000
20286775ns          338012 1c008426 006686b3 add              x13, x13, x6        x13=1c000872 x13:1c000868  x6:0000000a
20286795ns          338013 1c008428 0006ce03 lbu              x28, 0(x13)         x28=00000004 x13:1c000872  PA:1c000872
20287099ns          338028 1c00842c 02000313 addi             x6, x0, 32           x6=00000020
20287119ns          338029 1c008430 00ee0e33 add              x28, x28, x14       x28=00000004 x28:00000004 x14:00000000
20287139ns          338030 1c008432 41c30333 sub              x6, x6, x28          x6=0000001c  x6:00000020 x28:00000004
20287159ns          338031 1c008436 00030c63 beq              x6, x0, 24           x6:0000001c
20287180ns          338032 1c00843a 006595b3 sll              x11, x11, x6        x11=00000000 x11:00000000  x6:0000001c
20287240ns          338035 1c00843e 01c55e33 srl              x28, x10, x28       x28=00000000 x10:00000002 x28:00000004
20287281ns          338037 1c008442 006618b3 sll              x17, x12, x6        x17=a0000000 x12:0000000a  x6:0000001c
20287301ns          338038 1c008446 00be6833 or               x16, x28, x11       x16=00000000 x28:00000000 x11:00000000
20287321ns          338039 1c00844a 006517b3 sll              x15, x10, x6        x15=20000000 x10:00000002  x6:0000001c
20287382ns          338042 1c00844e 0108d613 srli             x12, x17, 0x10      x12=0000a000 x17:a0000000
20287422ns          338044 1c008452 02c87733 remu             x14, x16, x12       x14=00000000 x16:00000000 x12:0000a000
20287807ns          338063 1c008456 02c85833 divu             x16, x16, x12       x16=00000000 x16:00000000 x12:0000a000
20288192ns          338082 1c00845a 01089513 slli             x10, x17, 0x10      x10=00000000 x17:a0000000
20288212ns          338083 1c00845e 01055513 srli             x10, x10, 0x10      x10=00000000 x10:00000000
20288232ns          338084 1c008460 01071713 slli             x14, x14, 0x10      x14=00000000 x14:00000000
20288252ns          338085 1c008462 0107d693 srli             x13, x15, 0x10      x13=00002000 x15:20000000
20288273ns          338086 1c008466 03050833 mul              x16, x10, x16       x16=00000000 x10:00000000 x16:00000000
20288293ns          338087 1c00846a 00e6e6b3 or               x13, x13, x14       x13=00002000 x13:00002000 x14:00000000
20288313ns          338088 1c00846c 0106f863 bgeu             x13, x16, 16        x13:00002000 x16:00000000
20288718ns          338108 1c00847c 410686b3 sub              x13, x13, x16       x13=00002000 x13:00002000 x16:00000000
20288738ns          338109 1c008480 02c6f733 remu             x14, x13, x12       x14=00002000 x13:00002000 x12:0000a000
20289123ns          338128 1c008484 02c6d6b3 divu             x13, x13, x12       x13=00000000 x13:00002000 x12:0000a000
20289507ns          338147 1c008488 01079793 slli             x15, x15, 0x10      x15=00000000 x15:20000000
20289527ns          338148 1c00848a 02d506b3 mul              x13, x10, x13       x13=00000000 x10:00000000 x13:00000000
20289548ns          338149 1c00848e 0107d793 srli             x15, x15, 0x10      x15=00000000 x15:00000000
20289568ns          338150 1c008490 01071513 slli             x10, x14, 0x10      x10=20000000 x14:00002000
20289588ns          338151 1c008494 00a7e7b3 or               x15, x15, x10       x15=20000000 x15:00000000 x10:20000000
20289608ns          338152 1c008496 00d7f863 bgeu             x15, x13, 16        x15:20000000 x13:00000000
20289710ns          338157 1c0084a6 40d787b3 sub              x15, x15, x13       x15=20000000 x15:20000000 x13:00000000
20289730ns          338158 1c0084a8 0067d533 srl              x10, x15, x6        x10=00000002 x15:20000000  x6:0000001c
20289750ns          338159 1c0084ac 00000593 addi             x11, x0, 0          x11=00000000
20289770ns          338160 1c0084ae 00008067 jalr             x0, x1, 0            x1:1c008fd4
20289851ns          338164 1c008fd4 00a00933 add              x18, x0, x10        x18=00000002 x10:00000002
20289872ns          338165 1c008fd6 019005b3 add              x11, x0, x25        x11=00000000 x25:00000000
20289892ns          338166 1c008fd8 00800533 add              x10, x0, x8         x10=00000002  x8:00000002
20289912ns          338167 1c008fda 00a00613 addi             x12, x0, 10         x12=0000000a
20289932ns          338168 1c008fdc 00000693 addi             x13, x0, 0          x13=00000000
20289952ns          338169 1c008fde 8beff0ef jal              x1, -3906            x1=1c008fe2
20289993ns          338171 1c00809c 00b007b3 add              x15, x0, x11        x15=00000000 x11:00000000
20290013ns          338172 1c00809e 00c00833 add              x16, x0, x12        x16=0000000a x12:0000000a
20290054ns          338174 1c0080a0 00d008b3 add              x17, x0, x13        x17=00000000 x13:00000000
20290074ns          338175 1c0080a2 00a00333 add              x6, x0, x10          x6=00000002 x10:00000002
20290094ns          338176 1c0080a4 20069663 bne              x13, x0, 524        x13:00000000
20290114ns          338177 1c0080a8 1c001737 lui              x14, 0x1c001000     x14=1c001000
20290135ns          338178 1c0080ac 86870713 addi             x14, x14, -1944     x14=1c000868 x14:1c001000
20290195ns          338181 1c0080b0 0ac5fe63 bgeu             x11, x12, 188       x11:00000000 x12:0000000a
20290236ns          338183 1c0080b4 000106b7 lui              x13, 0x10000        x13=00010000
20290256ns          338184 1c0080b6 0ad67463 bgeu             x12, x13, 168       x12:0000000a x13:00010000
20290276ns          338185 1c0080ba 0ff00693 addi             x13, x0, 255        x13=000000ff
20290297ns          338186 1c0080be 00c6b6b3 sltu             x13, x13, x12       x13=00000000 x13:000000ff x12:0000000a
20290317ns          338187 1c0080c2 00369693 slli             x13, x13, 0x3       x13=00000000 x13:00000000
20290337ns          338188 1c0080c4 00d658b3 srl              x17, x12, x13       x17=0000000a x12:0000000a x13:00000000
20290357ns          338189 1c0080c8 01170733 add              x14, x14, x17       x14=1c000872 x14:1c000868 x17:0000000a
20290378ns          338190 1c0080ca 00074703 lbu              x14, 0(x14)         x14=00000004 x14:1c000872  PA:1c000872
20290701ns          338206 1c0080ce 00e686b3 add              x13, x13, x14       x13=00000004 x13:00000000 x14:00000004
20290722ns          338207 1c0080d0 02000713 addi             x14, x0, 32         x14=00000020
20290742ns          338208 1c0080d4 40d70733 sub              x14, x14, x13       x14=0000001c x14:00000020 x13:00000004
20290762ns          338209 1c0080d6 00070b63 beq              x14, x0, 22         x14:0000001c
20290782ns          338210 1c0080d8 00e797b3 sll              x15, x15, x14       x15=00000000 x15:00000000 x14:0000001c
20290803ns          338211 1c0080dc 00d556b3 srl              x13, x10, x13       x13=00000000 x10:00000002 x13:00000004
20290843ns          338213 1c0080e0 00e61833 sll              x16, x12, x14       x16=a0000000 x12:0000000a x14:0000001c
20290884ns          338215 1c0080e4 00f6e5b3 or               x11, x13, x15       x11=00000000 x13:00000000 x15:00000000
20290904ns          338216 1c0080e8 00e51333 sll              x6, x10, x14         x6=20000000 x10:00000002 x14:0000001c
20290924ns          338217 1c0080ec 01085513 srli             x10, x16, 0x10      x10=0000a000 x16:a0000000
20290985ns          338220 1c0080f0 02a5f733 remu             x14, x11, x10       x14=00000000 x11:00000000 x10:0000a000
20291390ns          338240 1c0080f4 02a5d7b3 divu             x15, x11, x10       x15=00000000 x11:00000000 x10:0000a000
20291774ns          338259 1c0080f8 01081613 slli             x12, x16, 0x10      x12=00000000 x16:a0000000
20291794ns          338260 1c0080fc 01071713 slli             x14, x14, 0x10      x14=00000000 x14:00000000
20291815ns          338261 1c0080fe 01065613 srli             x12, x12, 0x10      x12=00000000 x12:00000000
20291835ns          338262 1c008100 01035693 srli             x13, x6, 0x10       x13=00002000  x6:20000000
20291855ns          338263 1c008104 00e6e6b3 or               x13, x13, x14       x13=00002000 x13:00002000 x14:00000000
20291875ns          338264 1c008106 02f605b3 mul              x11, x12, x15       x11=00000000 x12:00000000 x15:00000000
20291896ns          338265 1c00810a 00f00733 add              x14, x0, x15        x14=00000000 x15:00000000
20291916ns          338266 1c00810c 00b6fc63 bgeu             x13, x11, 24        x13:00002000 x11:00000000
20292017ns          338271 1c008124 40b686b3 sub              x13, x13, x11       x13=00002000 x13:00002000 x11:00000000
20292057ns          338273 1c008126 02a6f7b3 remu             x15, x13, x10       x15=00002000 x13:00002000 x10:0000a000
20292442ns          338292 1c00812a 02a6d6b3 divu             x13, x13, x10       x13=00000000 x13:00002000 x10:0000a000
20292827ns          338311 1c00812e 01031313 slli             x6, x6, 0x10         x6=00000000  x6:20000000
20292847ns          338312 1c008130 01079793 slli             x15, x15, 0x10      x15=20000000 x15:00002000
20292867ns          338313 1c008132 01035313 srli             x6, x6, 0x10         x6=00000000  x6:00000000
20292887ns          338314 1c008136 02d605b3 mul              x11, x12, x13       x11=00000000 x12:00000000 x13:00000000
20292908ns          338315 1c00813a 0067e333 or               x6, x15, x6          x6=20000000 x15:20000000  x6:00000000
20292928ns          338316 1c00813e 00d00533 add              x10, x0, x13        x10=00000000 x13:00000000
20292968ns          338318 1c008140 00b37b63 bgeu             x6, x11, 22          x6:20000000 x11:00000000
20293069ns          338323 1c008156 01071713 slli             x14, x14, 0x10      x14=00000000 x14:00000000
20293110ns          338325 1c008158 00a76733 or               x14, x14, x10       x14=00000000 x14:00000000 x10:00000000
20293130ns          338326 1c00815a 00000593 addi             x11, x0, 0          x11=00000000
20293150ns          338327 1c00815c 0b20006f jal              x0, 178            
20293272ns          338333 1c00820e 00e00533 add              x10, x0, x14        x10=00000000 x14:00000000
20293353ns          338337 1c008210 00008067 jalr             x0, x1, 0            x1:1c008fe2
20293414ns          338340 1c008fe2 03090913 addi             x18, x18, 48        x18=00000032 x18:00000002
20293434ns          338341 1c008fe6 012d8023 sb               x18, 0(x27)         x18:00000032 x27:10000f5c  PA:10000f5c
20293454ns          338342 1c008fea 00a5e7b3 or               x15, x11, x10       x15=00000000 x11:00000000 x10:00000000
20293515ns          338345 1c008fee 001d8913 addi             x18, x27, 1         x18=10000f5d x27:10000f5c
20293535ns          338346 1c008ff2 00a00433 add              x8, x0, x10          x8=00000000 x10:00000000
20293555ns          338347 1c008ff4 00b00cb3 add              x25, x0, x11        x25=00000000 x11:00000000
20293575ns          338348 1c008ff6 fc0798e3 bne              x15, x0, -48        x15:00000000
20293596ns          338349 1c008ff8 00090023 sb               x0, 0(x18)          x18:10000f5d  PA:10000f5d
20293616ns          338350 1c008ffc 01ba7d63 bgeu             x20, x27, 26        x20:10000f5c x27:10000f5c
20293737ns          338356 1c009016 00012783 lw               x15, 0(x2)          x15=10000f5c  x2:10000f38  PA:10000f38
20293778ns          338358 1c009018 00c12703 lw               x14, 12(x2)         x14=00000000  x2:10000f38  PA:10000f44
20293798ns          338359 1c00901a 40f90933 sub              x18, x18, x15       x18=00000001 x18:10000f5d x15:10000f5c
20293859ns          338362 1c00901e 3c071de3 bne              x14, x0, 3034       x14:00000000
20293879ns          338363 1c009022 01012783 lw               x15, 16(x2)         x15=00000000  x2:10000f38  PA:10000f48
20293920ns          338365 1c009024 3c079ae3 bne              x15, x0, 3028       x15:00000000
20293940ns          338366 1c009028 00412703 lw               x14, 4(x2)          x14=00000000  x2:10000f38  PA:10000f3c
20293980ns          338368 1c00902a 01f75713 srli             x14, x14, 0x1f      x14=00000000 x14:00000000
20294000ns          338369 1c00902c 00e12223 sw               x14, 4(x2)          x14:00000000  x2:10000f38  PA:10000f3c
20294102ns          338374 1c00902e 3404c463 blt              x9, x0, 840          x9:ffffffff
20294162ns          338377 1c009376 00000c93 addi             x25, x0, 0          x25=00000000
20294183ns          338378 1c009378 00012c23 sw               x0, 24(x2)           x2:10000f38  PA:10000f50
20294203ns          338379 1c00937a 00000a13 addi             x20, x0, 0          x20=00000000
20294223ns          338380 1c00937c 01412783 lw               x15, 20(x2)         x15=00000000  x2:10000f38  PA:10000f4c
20294264ns          338382 1c00937e 5e078163 beq              x15, x0, 1506       x15:00000000
20294365ns          338387 1c009960 412b0b33 sub              x22, x22, x18       x22=ffffffff x22:00000000 x18:00000001
20294405ns          338389 1c009964 02410413 addi             x8, x2, 36           x8=10000f5c  x2:10000f38
20294426ns          338390 1c009966 00000493 addi             x9, x0, 0            x9=00000000
20294446ns          338391 1c009968 ee6ff06f jal              x0, -2330          
20294527ns          338395 1c00904e 00812703 lw               x14, 8(x2)          x14=00000000  x2:10000f38  PA:10000f40
20294608ns          338399 1c009050 02071063 bne              x14, x0, 32         x14:00000000
20294648ns          338401 1c009052 01605f63 bge              x0, x22, 30         x22:ffffffff
20294749ns          338406 1c009070 00412783 lw               x15, 4(x2)          x15=00000000  x2:10000f38  PA:10000f3c
20294790ns          338408 1c009072 00f40db3 add              x27, x8, x15        x27=10000f5c  x8:10000f5c x15:00000000
20294810ns          338409 1c009076 00c0006f jal              x0, 12             
20294891ns          338413 1c009082 017005b3 add              x11, x0, x23        x11=00000002 x23:00000002
20294932ns          338415 1c009084 ffb41ae3 bne              x8, x27, -12         x8:10000f5c x27:10000f5c
20294952ns          338416 1c009088 00900db3 add              x27, x0, x9         x27=00000000  x9:00000000
20294972ns          338417 1c00908a 0080006f jal              x0, 8              
20295073ns          338422 1c009092 fffd8d93 addi             x27, x27, -1        x27=ffffffff x27:00000000
20295093ns          338423 1c009094 017005b3 add              x11, x0, x23        x11=00000002 x23:00000002
20295114ns          338424 1c009096 03000513 addi             x10, x0, 48         x10=00000030
20295134ns          338425 1c00909a fffdb9e3 p.bneimm         x27, -14            x27:ffffffff
20295154ns          338426 1c00909e 00412703 lw               x14, 4(x2)          x14=00000000  x2:10000f38  PA:10000f3c
20295559ns          338446 1c0090a0 40e90933 sub              x18, x18, x14       x18=00000001 x18:00000001 x14:00000000
20295599ns          338448 1c0090a4 01212423 sw               x18, 8(x2)          x18:00000001  x2:10000f38  PA:10000f40
20295620ns          338449 1c0090a6 e40a15e3 bne              x20, x0, -438       x20:00000000
20295640ns          338450 1c0090aa 01812783 lw               x15, 24(x2)         x15=00000000  x2:10000f38  PA:10000f50
20295680ns          338452 1c0090ac 16079763 bne              x15, x0, 366        x15:00000000
20295701ns          338453 1c0090b0 120c8863 beq              x25, x0, 304        x25:00000000
20295761ns          338456 1c0091e0 017005b3 add              x11, x0, x23        x11=00000002 x23:00000002
20295782ns          338457 1c0091e2 ff2049e3 blt              x0, x18, -14        x18:00000001
20295883ns          338462 1c0091d4 0014450b p.lbu            x10, 1(x8!)         x10=00000032  x8=10000f5d  x8:10000f5c  PA:10000f5c
20295923ns          338464 1c0091d8 fff90913 addi             x18, x18, -1        x18=00000000 x18:00000001
20295944ns          338465 1c0091da 000980e7 jalr             x1, x19, 0           x1=1c0091dc x19:1c008d20
20296024ns          338469 1c008d20 f14027f3 csrrs            x15, x0, 0xf14      x15=00000002
20296065ns          338471 1c008d24 1a10f6b7 lui              x13, 0x1a10f000     x13=1a10f000
20296085ns          338472 1c008d28 ca5797b3 p.extractu       x15, x15, 5, 5      x15=00000000 x15:00000002
20296105ns          338473 1c008d2c f1402773 csrrs            x14, x0, 0xf14      x14=00000002
20296166ns          338476 1c008d30 00779793 slli             x15, x15, 0x7       x15=00000000 x15:00000000
20296186ns          338477 1c008d32 00371713 slli             x14, x14, 0x3       x14=00000010 x14:00000002
20296207ns          338478 1c008d34 0ff57513 andi             x10, x10, 255       x10=00000032 x10:00000032
20296227ns          338479 1c008d38 ee873733 p.bclr           x14, x14, 23, 8     x14=00000010 x14:00000010
20296247ns          338480 1c008d3c 00d787b3 add              x15, x15, x13       x15=1a10f000 x15:00000000 x13:1a10f000
20296308ns          338483 1c008d3e 00a767a3 p.sw             x10, x0(x14)        x10:00000032 x14:00000010  PA:1a10f010
20296773ns          338506 1c008d42 00000513 addi             x10, x0, 0          x10=00000000
20296794ns          338507 1c008d44 00008067 jalr             x0, x1, 0            x1:1c0091dc
20296875ns          338511 1c0091dc d5f522e3 p.beqimm         x10, -700           x10:00000000
20296915ns          338513 1c0091e0 017005b3 add              x11, x0, x23        x11=00000002 x23:00000002
20296935ns          338514 1c0091e2 ff2049e3 blt              x0, x18, -14        x18:00000000
20296956ns          338515 1c0091e6 00412783 lw               x15, 4(x2)          x15=00000000  x2:10000f38  PA:10000f3c
20296976ns          338516 1c0091e8 01c12a03 lw               x20, 28(x2)         x20=10000fe4  x2:10000f38  PA:10000f54
20296996ns          338517 1c0091ea 00fa8733 add              x14, x21, x15       x14=00000022 x21:00000022 x15:00000000
20297016ns          338518 1c0091ee 00812783 lw               x15, 8(x2)          x15=00000001  x2:10000f38  PA:10000f40
20297036ns          338519 1c0091f0 00970733 add              x14, x14, x9        x14=00000022 x14:00000022  x9:00000000
20297077ns          338521 1c0091f2 00e78ab3 add              x21, x15, x14       x21=00000023 x15:00000001 x14:00000022
20297097ns          338522 1c0091f6 bf6059e3 bge              x0, x22, -1038      x22:ffffffff
20297259ns          338530 1c008de8 000d4503 lbu              x10, 0(x26)         x10=0000000a x26:1c0009a9  PA:1c0009a9
20297583ns          338546 1c008dec 001d0413 addi             x8, x26, 1           x8=1c0009aa x26:1c0009a9
20297603ns          338547 1c008df0 0c050b63 beq              x10, x0, 214        x10:0000000a
20297623ns          338548 1c008df2 02500793 addi             x15, x0, 37         x15=00000025
20297644ns          338549 1c008df6 fef513e3 bne              x10, x15, -26       x10:0000000a x15:00000025
20297806ns          338557 1c008ddc 017005b3 add              x11, x0, x23        x11=00000002 x23:00000002
20297826ns          338558 1c008dde 000980e7 jalr             x1, x19, 0           x1=1c008de0 x19:1c008d20
20297866ns          338560 1c008d20 f14027f3 csrrs            x15, x0, 0xf14      x15=00000002
20297887ns          338561 1c008d24 1a10f6b7 lui              x13, 0x1a10f000     x13=1a10f000
20297907ns          338562 1c008d28 ca5797b3 p.extractu       x15, x15, 5, 5      x15=00000000 x15:00000002
20297927ns          338563 1c008d2c f1402773 csrrs            x14, x0, 0xf14      x14=00000002
20297947ns          338564 1c008d30 00779793 slli             x15, x15, 0x7       x15=00000000 x15:00000000
20297968ns          338565 1c008d32 00371713 slli             x14, x14, 0x3       x14=00000010 x14:00000002
20297988ns          338566 1c008d34 0ff57513 andi             x10, x10, 255       x10=0000000a x10:0000000a
20298008ns          338567 1c008d38 ee873733 p.bclr           x14, x14, 23, 8     x14=00000010 x14:00000010
20298028ns          338568 1c008d3c 00d787b3 add              x15, x15, x13       x15=1a10f000 x15:00000000 x13:1a10f000
20298048ns          338569 1c008d3e 00a767a3 p.sw             x10, x0(x14)        x10:0000000a x14:00000010  PA:1a10f010
20298372ns          338585 1c008d42 00000513 addi             x10, x0, 0          x10=00000000
20298393ns          338586 1c008d44 00008067 jalr             x0, x1, 0            x1:1c008de0
20298433ns          338588 1c008de0 15f52063 p.beqimm         x10, 320            x10:00000000
20298453ns          338589 1c008de4 001a8a93 addi             x21, x21, 1         x21=00000024 x21:00000023
20298474ns          338590 1c008de6 00800d33 add              x26, x0, x8         x26=1c0009aa  x8:1c0009aa
20298494ns          338591 1c008de8 000d4503 lbu              x10, 0(x26)         x10=00000000 x26:1c0009aa  PA:1c0009aa
20298797ns          338606 1c008dec 001d0413 addi             x8, x26, 1           x8=1c0009ab x26:1c0009aa
20298818ns          338607 1c008df0 0c050b63 beq              x10, x0, 214        x10:00000000
20298878ns          338610 1c008ec6 01500433 add              x8, x0, x21          x8=00000024 x21:00000024
20298899ns          338611 1c008ec8 00800533 add              x10, x0, x8         x10=00000024  x8:00000024
20298919ns          338612 1c008eca 07c12083 lw               x1, 124(x2)          x1=1c008da4  x2:10000f38  PA:10000fb4
20298939ns          338613 1c008ecc 07812403 lw               x8, 120(x2)          x8=xxxxxxxx  x2:10000f38  PA:10000fb0
20298959ns          338614 1c008ece 07412483 lw               x9, 116(x2)          x9=00000002  x2:10000f38  PA:10000fac
20299141ns          338623 1c008ed0 07012903 lw               x18, 112(x2)        x18=00204000  x2:10000f38  PA:10000fa8
20299162ns          338624 1c008ed2 06c12983 lw               x19, 108(x2)        x19=00000002  x2:10000f38  PA:10000fa4
20299182ns          338625 1c008ed4 06812a03 lw               x20, 104(x2)        x20=1c01011e  x2:10000f38  PA:10000fa0
20299202ns          338626 1c008ed6 06412a83 lw               x21, 100(x2)        x21=1c010122  x2:10000f38  PA:10000f9c
20299222ns          338627 1c008ed8 06012b03 lw               x22, 96(x2)         x22=xxxxxxxx  x2:10000f38  PA:10000f98
20299243ns          338628 1c008eda 05c12b83 lw               x23, 92(x2)         x23=xxxxxxxx  x2:10000f38  PA:10000f94
20299263ns          338629 1c008edc 05812c03 lw               x24, 88(x2)         x24=xxxxxxxx  x2:10000f38  PA:10000f90
20299283ns          338630 1c008ede 05412c83 lw               x25, 84(x2)         x25=xxxxxxxx  x2:10000f38  PA:10000f8c
20299647ns          338648 1c008ee0 05012d03 lw               x26, 80(x2)         x26=xxxxxxxx  x2:10000f38  PA:10000f88
20299668ns          338649 1c008ee2 04c12d83 lw               x27, 76(x2)         x27=xxxxxxxx  x2:10000f38  PA:10000f84
20299688ns          338650 1c008ee4 08010113 addi             x2, x2, 128          x2=10000fb8  x2:10000f38
20299708ns          338651 1c008ee6 00008067 jalr             x0, x1, 0            x1:1c008da4
20299789ns          338655 1c008da4 01c12083 lw               x1, 28(x2)           x1=1c008780  x2:10000fb8  PA:10000fd4
20299809ns          338656 1c008da6 04010113 addi             x2, x2, 64           x2=10000ff8  x2:10000fb8
20299850ns          338658 1c008da8 00008067 jalr             x0, x1, 0            x1:1c008780
20299992ns          338665 1c008780 00900533 add              x10, x0, x9         x10=00000002  x9:00000002
20300012ns          338666 1c008782 3a6000ef jal              x1, 934              x1=1c008784
20300437ns          338687 1c008b28 002047b7 lui              x15, 0x204000       x15=00204000
20300477ns          338689 1c008b2c 02078793 addi             x15, x15, 32        x15=00204020 x15:00204000
20300862ns          338708 1c008b30 00f50533 add              x10, x10, x15       x10=00204022 x10:00000002 x15:00204020
20300882ns          338709 1c008b32 00751513 slli             x10, x10, 0x7       x10=10201100 x10:00204022
20300902ns          338710 1c008b34 00008067 jalr             x0, x1, 0            x1:1c008784
20300943ns          338712 1c008784 00a00433 add              x8, x0, x10          x8=10201100 x10:10201100
20300963ns          338713 1c008786 1c001bb7 lui              x23, 0x1c001000     x23=1c001000
20300983ns          338714 1c00878a 1c001b37 lui              x22, 0x1c001000     x22=1c001000
20301388ns          338734 1c00878e 1c048e63 beq              x9, x0, 476          x9:00000002
20301429ns          338736 1c008792 7b4b8993 addi             x19, x23, 1972      x19=1c0017b4 x23:1c001000
20301449ns          338737 1c008796 7d4b0913 addi             x18, x22, 2004      x18=1c0017d4 x22:1c001000
20301469ns          338738 1c00879a 002046b7 lui              x13, 0x204000       x13=00204000
20301894ns          338759 1c00879e 21c68793 addi             x15, x13, 540       x15=0020421c x13:00204000
20301914ns          338760 1c0087a2 0007a783 lw               x15, 0(x15)         x15=00010000 x15:0020421c  PA:0020421c
20345815ns          340929 1c0087a4 00249a13 slli             x20, x9, 0x2        x20=00000008  x9:00000002
20345835ns          340930 1c0087a8 2149f803 lw               x16, x20(x19)       x16=10002548 x20:00000008 x19:1c0017b4  PA:1c0017bc
20346179ns          340947 1c0087ac 0c068593 addi             x11, x13, 192       x11=002040c0 x13:00204000
20346199ns          340948 1c0087b0 0005a783 lw               x15, 0(x11)         x15=00000000 x11:002040c0  PA:002040c0
20350612ns          341166 1c0087b2 002027b7 lui              x15, 0x202000       x15=00202000
20350632ns          341167 1c0087b6 80078793 addi             x15, x15, -2048     x15=00201800 x15:00202000
20350652ns          341168 1c0087ba 0007a603 lw               x12, 0(x15)         x12=00000000 x15:00201800  PA:00201800
20350875ns          341179 1c0087be 00160737 lui              x14, 0x160000       x14=00160000
20350895ns          341180 1c0087c2 00100513 addi             x10, x0, 1          x10=00000001
20350915ns          341181 1c0087c4 04070713 addi             x14, x14, 64        x14=00160040 x14:00160000
20350936ns          341182 1c0087c8 c1674733 p.bset           x14, x14, 0, 22     x14=00560040 x14:00160040
20350956ns          341183 1c0087cc 00e7a023 sw               x14, 0(x15)         x14:00560040 x15:00201800  PA:00201800
20351057ns          341188 1c0087d0 0107a023 sw               x16, 0(x15)         x16:10002548 x15:00201800  PA:00201800
20351138ns          341192 1c0087d4 1c001837 lui              x16, 0x1c001000     x16=1c001000
20351158ns          341193 1c0087d8 27080813 addi             x16, x16, 624       x16=1c001270 x16:1c001000
20351178ns          341194 1c0087dc 0107a023 sw               x16, 0(x15)         x16:1c001270 x15:00201800  PA:00201800
20351259ns          341198 1c0087e0 0c06a023 sw               x0, 192(x13)        x13:00204000  PA:002040c0
20351280ns          341199 1c0087e4 0005a703 lw               x14, 0(x11)         x14=00000000 x11:002040c0  PA:002040c0
20355773ns          341421 1c0087e6 0047a703 lw               x14, 4(x15)         x14=00010000 x15:00201800  PA:00201804
20355874ns          341426 1c0087ea 40c75733 sra              x14, x14, x12       x14=00010000 x14:00010000 x12:00000000
20355894ns          341427 1c0087ee fc173733 p.bclr           x14, x14, 30, 1     x14=00000000 x14:00010000
20355915ns          341428 1c0087f2 00c51533 sll              x10, x10, x12       x10=00000001 x10:00000001 x12:00000000
20355935ns          341429 1c0087f6 02070363 beq              x14, x0, 38         x14:00000000
20356097ns          341437 1c00881c 002027b7 lui              x15, 0x202000       x15=00202000
20356178ns          341441 1c008820 80078793 addi             x15, x15, -2048     x15=00201800 x15:00202000
20356218ns          341443 1c008824 00a7a223 sw               x10, 4(x15)         x10:00000001 x15:00201800  PA:00201804
20356299ns          341447 1c008828 00204637 lui              x12, 0x204000       x12=00204000
20356319ns          341448 1c00882c 0c062023 sw               x0, 192(x12)        x12:00204000  PA:002040c0
20356340ns          341449 1c008830 21497883 lw               x17, x20(x18)       x17=10002590 x20:00000008 x18:1c0017d4  PA:1c0017dc
20356643ns          341464 1c008834 0c060713 addi             x14, x12, 192       x14=002040c0 x12:00204000
20356664ns          341465 1c008838 00072683 lw               x13, 0(x14)         x13=00000000 x14:002040c0  PA:002040c0
20356927ns          341478 1c00883a 0007a583 lw               x11, 0(x15)         x11=00000001 x15:00201800  PA:00201800
20357008ns          341482 1c00883e 001606b7 lui              x13, 0x160000       x13=00160000
20357028ns          341483 1c008842 00100513 addi             x10, x0, 1          x10=00000001
20357048ns          341484 1c008844 04068693 addi             x13, x13, 64        x13=00160040 x13:00160000
20357068ns          341485 1c008848 c166c6b3 p.bset           x13, x13, 0, 22     x13=00560040 x13:00160040
20357089ns          341486 1c00884c 00d7a023 sw               x13, 0(x15)         x13:00560040 x15:00201800  PA:00201800
20357190ns          341491 1c008850 0117a023 sw               x17, 0(x15)         x17:10002590 x15:00201800  PA:00201800
20357271ns          341495 1c008854 04080813 addi             x16, x16, 64        x16=1c0012b0 x16:1c001270
20357291ns          341496 1c008858 0107a023 sw               x16, 0(x15)         x16:1c0012b0 x15:00201800  PA:00201800
20357372ns          341500 1c00885c 0c062023 sw               x0, 192(x12)        x12:00204000  PA:002040c0
20357392ns          341501 1c008860 00072683 lw               x13, 0(x14)         x13=00000000 x14:002040c0  PA:002040c0
20357736ns          341518 1c008862 0047a683 lw               x13, 4(x15)         x13=00030002 x15:00201800  PA:00201804
20357837ns          341523 1c008866 40b6d6b3 sra              x13, x13, x11       x13=00018001 x13:00030002 x11:00000001
20357858ns          341524 1c00886a fc16b6b3 p.bclr           x13, x13, 30, 1     x13=00000001 x13:00018001
20357878ns          341525 1c00886e 14068e63 beq              x13, x0, 348        x13:00000001
20357898ns          341526 1c008872 002046b7 lui              x13, 0x204000       x13=00204000
20357918ns          341527 1c008876 00b51533 sll              x10, x10, x11       x10=00000002 x10:00000001 x11:00000001
20357939ns          341528 1c00887a 03c68813 addi             x16, x13, 60        x16=0020403c x13:00204000
20357979ns          341530 1c00887e 10000593 addi             x11, x0, 256        x11=00000100
20357999ns          341531 1c008882 00f00633 add              x12, x0, x15        x12=00201800 x15:00201800
20358020ns          341532 1c008884 0c06a023 sw               x0, 192(x13)        x13:00204000  PA:002040c0
20358040ns          341533 1c008888 00b6a423 sw               x11, 8(x13)         x11:00000100 x13:00204000  PA:00204008
20358060ns          341534 1c00888c 00082783 lw               x15, 0(x16)         x15=00000100 x16:0020403c  PA:0020403c
20358121ns          341537 1c008890 00b6a223 sw               x11, 4(x13)         x11:00000100 x13:00204000  PA:00204004
20358161ns          341539 1c008894 00072783 lw               x15, 0(x14)         x15=00000000 x14:002040c0  PA:002040c0
20358384ns          341550 1c008896 00462783 lw               x15, 4(x12)         x15=00020000 x12:00201800  PA:00201804
20358485ns          341555 1c00889a 00a7f7b3 and              x15, x15, x10       x15=00000000 x15:00020000 x10:00000002
20358505ns          341556 1c00889c fe0794e3 bne              x15, x0, -24        x15:00000000
20358526ns          341557 1c00889e 002027b7 lui              x15, 0x202000       x15=00202000
20358546ns          341558 1c0088a2 80078793 addi             x15, x15, -2048     x15=00201800 x15:00202000
20358566ns          341559 1c0088a6 00a7a223 sw               x10, 4(x15)         x10:00000002 x15:00201800  PA:00201804
20358647ns          341563 1c0088aa 002047b7 lui              x15, 0x204000       x15=00204000
20358667ns          341564 1c0088ae 0c07a023 sw               x0, 192(x15)        x15:00204000  PA:002040c0
20358688ns          341565 1c0088b2 02049463 bne              x9, x0, 40           x9:00000002
20358829ns          341572 1c0088da 002047b7 lui              x15, 0x204000       x15=00204000
20358890ns          341575 1c0088de 21c7a783 lw               x15, 540(x15)       x15=00010000 x15:00204000  PA:0020421c
20370042ns          342126 1c0088e2 00042a23 sw               x0, 20(x8)           x8:10201100  PA:10201114
20370164ns          342132 1c0088e6 2149f583 lw               x11, x20(x19)       x11=10002548 x20:00000008 x19:1c0017b4  PA:1c0017bc
20370467ns          342147 1c0088ea 00800533 add              x10, x0, x8         x10=10201100  x8:10201100
20370487ns          342148 1c0088ec 02000693 addi             x13, x0, 32         x13=00000020
20370508ns          342149 1c0088f0 04000613 addi             x12, x0, 64         x12=00000040
20370528ns          342150 1c0088f4 174000ef jal              x1, 372              x1=1c0088f6
20370953ns          342171 1c008a68 00450893 addi             x17, x10, 4         x17=10201104 x10:10201100
20370993ns          342173 1c008a6c 0008a783 lw               x15, 0(x17)         x15=00000000 x17:10201104  PA:10201104
20371439ns          342195 1c008a70 0207d163 bge              x15, x0, 34         x15:00000000
20371904ns          342218 1c008a92 04050793 addi             x15, x10, 64        x15=10201140 x10:10201100
20371924ns          342219 1c008a96 00b7a023 sw               x11, 0(x15)         x11:10002548 x15:10201140  PA:10201140
20372005ns          342223 1c008a9a 02d64633 div              x12, x12, x13       x12=00000002 x12:00000040 x13:00000020
20372613ns          342253 1c008a9e 00c7a223 sw               x12, 4(x15)         x12:00000002 x15:10201140  PA:10201144
20372714ns          342258 1c008aa2 00c7a423 sw               x12, 8(x15)         x12:00000002 x15:10201140  PA:10201148
20372835ns          342264 1c008aa6 00d7a623 sw               x13, 12(x15)        x13:00000020 x15:10201140  PA:1020114c
20372997ns          342272 1c008aaa 00052023 sw               x0, 0(x10)          x10:10201100  PA:10201100
20373139ns          342279 1c008aae 00008067 jalr             x0, x1, 0            x1:1c0088f6
20373220ns          342283 1c0088f6 21497583 lw               x11, x20(x18)       x11=10002590 x20:00000008 x18:1c0017d4  PA:1c0017dc
20373523ns          342298 1c0088fa 02000693 addi             x13, x0, 32         x13=00000020
20373544ns          342299 1c0088fe 00800533 add              x10, x0, x8         x10=10201100  x8:10201100
20373604ns          342302 1c008900 04000613 addi             x12, x0, 64         x12=00000040
20373645ns          342304 1c008904 164000ef jal              x1, 356              x1=1c008906
20373685ns          342306 1c008a68 00450893 addi             x17, x10, 4         x17=10201104 x10:10201100
20373706ns          342307 1c008a6c 0008a783 lw               x15, 0(x17)         x15=00000001 x17:10201104  PA:10201104
20373807ns          342312 1c008a70 0207d163 bge              x15, x0, 34         x15:00000001
20374252ns          342334 1c008a92 04050793 addi             x15, x10, 64        x15=10201140 x10:10201100
20374272ns          342335 1c008a96 00b7a023 sw               x11, 0(x15)         x11:10002590 x15:10201140  PA:10201140
20374353ns          342339 1c008a9a 02d64633 div              x12, x12, x13       x12=00000002 x12:00000040 x13:00000020
20374940ns          342368 1c008a9e 00c7a223 sw               x12, 4(x15)         x12:00000002 x15:10201140  PA:10201144
20375041ns          342373 1c008aa2 00c7a423 sw               x12, 8(x15)         x12:00000002 x15:10201140  PA:10201148
20375203ns          342381 1c008aa6 00d7a623 sw               x13, 12(x15)        x13:00000020 x15:10201140  PA:1020114c
20375365ns          342389 1c008aaa 00052023 sw               x0, 0(x10)          x10:10201100  PA:10201100
20375507ns          342396 1c008aae 00008067 jalr             x0, x1, 0            x1:1c008906
20375527ns          342397 1c008906 002047b7 lui              x15, 0x204000       x15=00204000
20375547ns          342398 1c00890a 00c40413 addi             x8, x8, 12           x8=1020110c  x8:10201100
20375568ns          342399 1c00890c 000016b7 lui              x13, 0x1000         x13=00001000
20375851ns          342413 1c00890e 03c78713 addi             x14, x15, 60        x14=0020403c x15:00204000
20375892ns          342415 1c008912 00d7a423 sw               x13, 8(x15)         x13:00001000 x15:00204000  PA:00204008
20375912ns          342416 1c008916 00072603 lw               x12, 0(x14)         x12=00001000 x14:0020403c  PA:0020403c
20375932ns          342417 1c008918 00d7a223 sw               x13, 4(x15)         x13:00001000 x15:00204000  PA:00204004
20375972ns          342419 1c00891c 00042603 lw               x12, 0(x8)          x12=00000000  x8:1020110c  PA:1020110c
20376074ns          342424 1c00891e fe061ae3 bne              x12, x0, -12        x12:00000000
20376357ns          342438 1c008920 21c78793 addi             x15, x15, 540       x15=0020421c x15:00204000
20376398ns          342440 1c008924 0007a783 lw               x15, 0(x15)         x15=00010000 x15:0020421c  PA:0020421c
20376499ns          342445 1c008926 00049c63 bne              x9, x0, 24           x9:00000002
20376883ns          342464 1c00893e 02812403 lw               x8, 40(x2)           x8=xxxxxxxx  x2:10000ff8  PA:10001020
20377248ns          342482 1c008940 21497703 lw               x14, x20(x18)       x14=10002590 x20:00000008 x18:1c0017d4  PA:1c0017dc
20377673ns          342503 1c008944 02c12083 lw               x1, 44(x2)           x1=1c01011e  x2:10000ff8  PA:10001024
20377693ns          342504 1c008946 02012903 lw               x18, 32(x2)         x18=00204000  x2:10000ff8  PA:10001018
20377713ns          342505 1c008948 01c12983 lw               x19, 28(x2)         x19=00000002  x2:10000ff8  PA:10001014
20377754ns          342507 1c00894a 01812a03 lw               x20, 24(x2)         x20=1c01011e  x2:10000ff8  PA:10001010
20377774ns          342508 1c00894c 01412a83 lw               x21, 20(x2)         x21=1c010122  x2:10000ff8  PA:1000100c
20377794ns          342509 1c00894e 01012b03 lw               x22, 16(x2)         x22=xxxxxxxx  x2:10000ff8  PA:10001008
20377814ns          342510 1c008950 00c12b83 lw               x23, 12(x2)         x23=xxxxxxxx  x2:10000ff8  PA:10001004
20377835ns          342511 1c008952 00812c03 lw               x24, 8(x2)          x24=xxxxxxxx  x2:10000ff8  PA:10001000
20377855ns          342512 1c008954 1c0016b7 lui              x13, 0x1c001000     x13=1c001000
20377875ns          342513 1c008958 00900633 add              x12, x0, x9         x12=00000002  x9:00000002
20377895ns          342514 1c00895a 02412483 lw               x9, 36(x2)           x9=xxxxxxxx  x2:10000ff8  PA:1000101c
20377916ns          342515 1c00895c 53068693 addi             x13, x13, 1328      x13=1c001530 x13:1c001000
20377996ns          342519 1c008960 04000593 addi             x11, x0, 64         x11=00000040
20378037ns          342521 1c008964 00200513 addi             x10, x0, 2          x10=00000002
20378057ns          342522 1c008966 03010113 addi             x2, x2, 48           x2=10001028  x2:10000ff8
20378077ns          342523 1c008968 1480006f jal              x0, 328            
20378179ns          342528 1c008ab0 41f5d793 srai             x15, x11, 0x41f     x15=00000000 x11:00000040
20378199ns          342529 1c008ab4 fa27b7b3 p.bclr           x15, x15, 29, 2     x15=00000000 x15:00000000
20378219ns          342530 1c008ab8 04b7a7db p.addN           x15, x15, x11, 0x2  x15=00000010 x15:00000000 x11:00000040
20378239ns          342531 1c008abc 00c005b3 add              x11, x0, x12        x11=00000002 x12:00000002
20378543ns          342546 1c008abe 04f05e63 bge              x0, x15, 92         x15:00000010
20378563ns          342547 1c008ac2 00279793 slli             x15, x15, 0x2       x15=00000040 x15:00000010
20378583ns          342548 1c008ac4 ffc78793 addi             x15, x15, -4        x15=0000003c x15:00000040
20378604ns          342549 1c008ac6 0027d793 srli             x15, x15, 0x2       x15=0000000f x15:0000003c
20378624ns          342550 1c008ac8 00001eb7 lui              x29, 0x1000         x29=00001000
20378644ns          342551 1c008aca 00d00333 add              x6, x0, x13          x6=1c001530 x13:1c001530
20378664ns          342552 1c008acc 00268e13 addi             x28, x13, 2         x28=1c001532 x13:1c001530
20379089ns          342573 1c008ad0 fffe8e93 addi             x29, x29, -1        x29=00000fff x29:00001000
20379110ns          342574 1c008ad2 00000693 addi             x13, x0, 0          x13=00000000
20379130ns          342575 1c008ad4 00178793 addi             x15, x15, 1         x15=00000010 x15:0000000f
20379150ns          342576 1c008ad6 0127c0fb lp.setup         0x1, x15, 0x12      x15:00000010
20379170ns          342577 1c008ada 0047288b p.lw             x17, 4(x14!)        x17=0e57005c x14=10002594 x14:10002590  PA:10002590
20379494ns          342593 1c008ade 00035803 lhu              x16, 0(x6)          x16=0000005c  x6:1c001530  PA:1c001530
20379818ns          342609 1c008ae2 01d8f633 and              x12, x17, x29       x12=0000005c x17:0e57005c x29:00000fff
20379838ns          342610 1c008ae6 010ef833 and              x16, x29, x16       x16=0000005c x29:00000fff x16:0000005c
20379859ns          342611 1c008aea 10065633 p.exthz          x12, x12, x0        x12=0000005c x12:0000005c
20380324ns          342634 1c008aee 000e5f03 lhu              x30, 0(x28)         x30=00000e57 x28:1c001532  PA:1c001532
20380648ns          342650 1c008af2 00c80b63 beq              x16, x12, 22        x16:0000005c x12:0000005c
20381093ns          342672 1c008b08 0108d893 srli             x17, x17, 0x10      x17=00000e57 x17:0e57005c
20381134ns          342674 1c008b0c 01df7f33 and              x30, x30, x29       x30=00000e57 x30:00000e57 x29:00000fff
20381498ns          342692 1c008b10 01d8f8b3 and              x17, x17, x29       x17=00000e57 x17:00000e57 x29:00000fff
20381538ns          342694 1c008b14 ff1f11e3 bne              x30, x17, -30       x30:00000e57 x17:00000e57
20381559ns          342695 1c008b18 fe1ff06f jal              x0, -32            
20381599ns          342697 1c008af8 00430313 addi             x6, x6, 4            x6=1c001534  x6:1c001530
20381619ns          342698 1c008afa 004e0e13 addi             x28, x28, 4         x28=1c001536 x28:1c001532
20381660ns          342700 1c008ada 0047288b p.lw             x17, 4(x14!)        x17=0f470f14 x14=10002598 x14:10002594  PA:10002594
20381680ns          342701 1c008ade 00035803 lhu              x16, 0(x6)          x16=00000f14  x6:1c001534  PA:1c001534
20381984ns          342716 1c008ae2 01d8f633 and              x12, x17, x29       x12=00000f14 x17:0f470f14 x29:00000fff
20382004ns          342717 1c008ae6 010ef833 and              x16, x29, x16       x16=00000f14 x29:00000fff x16:00000f14
20382024ns          342718 1c008aea 10065633 p.exthz          x12, x12, x0        x12=00000f14 x12:00000f14
20382044ns          342719 1c008aee 000e5f03 lhu              x30, 0(x28)         x30=00000f47 x28:1c001536  PA:1c001536
20382348ns          342734 1c008af2 00c80b63 beq              x16, x12, 22        x16:00000f14 x12:00000f14
20382409ns          342737 1c008b08 0108d893 srli             x17, x17, 0x10      x17=00000f47 x17:0f470f14
20382429ns          342738 1c008b0c 01df7f33 and              x30, x30, x29       x30=00000f47 x30:00000f47 x29:00000fff
20382449ns          342739 1c008b10 01d8f8b3 and              x17, x17, x29       x17=00000f47 x17:00000f47 x29:00000fff
20382470ns          342740 1c008b14 ff1f11e3 bne              x30, x17, -30       x30:00000f47 x17:00000f47
20382490ns          342741 1c008b18 fe1ff06f jal              x0, -32            
20382530ns          342743 1c008af8 00430313 addi             x6, x6, 4            x6=1c001538  x6:1c001534
20382550ns          342744 1c008afa 004e0e13 addi             x28, x28, 4         x28=1c00153a x28:1c001536
20382591ns          342746 1c008ada 0047288b p.lw             x17, 4(x14!)        x17=0e380166 x14=1000259c x14:10002598  PA:10002598
20382611ns          342747 1c008ade 00035803 lhu              x16, 0(x6)          x16=00000166  x6:1c001538  PA:1c001538
20382915ns          342762 1c008ae2 01d8f633 and              x12, x17, x29       x12=00000166 x17:0e380166 x29:00000fff
20382935ns          342763 1c008ae6 010ef833 and              x16, x29, x16       x16=00000166 x29:00000fff x16:00000166
20382955ns          342764 1c008aea 10065633 p.exthz          x12, x12, x0        x12=00000166 x12:00000166
20382976ns          342765 1c008aee 000e5f03 lhu              x30, 0(x28)         x30=00000e38 x28:1c00153a  PA:1c00153a
20383279ns          342780 1c008af2 00c80b63 beq              x16, x12, 22        x16:00000166 x12:00000166
20383340ns          342783 1c008b08 0108d893 srli             x17, x17, 0x10      x17=00000e38 x17:0e380166
20383360ns          342784 1c008b0c 01df7f33 and              x30, x30, x29       x30=00000e38 x30:00000e38 x29:00000fff
20383380ns          342785 1c008b10 01d8f8b3 and              x17, x17, x29       x17=00000e38 x17:00000e38 x29:00000fff
20383401ns          342786 1c008b14 ff1f11e3 bne              x30, x17, -30       x30:00000e38 x17:00000e38
20383421ns          342787 1c008b18 fe1ff06f jal              x0, -32            
20383461ns          342789 1c008af8 00430313 addi             x6, x6, 4            x6=1c00153c  x6:1c001538
20383482ns          342790 1c008afa 004e0e13 addi             x28, x28, 4         x28=1c00153e x28:1c00153a
20383522ns          342792 1c008ada 0047288b p.lw             x17, 4(x14!)        x17=01c202b6 x14=100025a0 x14:1000259c  PA:1000259c
20383542ns          342793 1c008ade 00035803 lhu              x16, 0(x6)          x16=000002b6  x6:1c00153c  PA:1c00153c
20383866ns          342809 1c008ae2 01d8f633 and              x12, x17, x29       x12=000002b6 x17:01c202b6 x29:00000fff
20383886ns          342810 1c008ae6 010ef833 and              x16, x29, x16       x16=000002b6 x29:00000fff x16:000002b6
20383907ns          342811 1c008aea 10065633 p.exthz          x12, x12, x0        x12=000002b6 x12:000002b6
20383927ns          342812 1c008aee 000e5f03 lhu              x30, 0(x28)         x30=000001c2 x28:1c00153e  PA:1c00153e
20384230ns          342827 1c008af2 00c80b63 beq              x16, x12, 22        x16:000002b6 x12:000002b6
20384291ns          342830 1c008b08 0108d893 srli             x17, x17, 0x10      x17=000001c2 x17:01c202b6
20384311ns          342831 1c008b0c 01df7f33 and              x30, x30, x29       x30=000001c2 x30:000001c2 x29:00000fff
20384332ns          342832 1c008b10 01d8f8b3 and              x17, x17, x29       x17=000001c2 x17:000001c2 x29:00000fff
20384352ns          342833 1c008b14 ff1f11e3 bne              x30, x17, -30       x30:000001c2 x17:000001c2
20384372ns          342834 1c008b18 fe1ff06f jal              x0, -32            
20384413ns          342836 1c008af8 00430313 addi             x6, x6, 4            x6=1c001540  x6:1c00153c
20384433ns          342837 1c008afa 004e0e13 addi             x28, x28, 4         x28=1c001542 x28:1c00153e
20384473ns          342839 1c008ada 0047288b p.lw             x17, 4(x14!)        x17=0eba0d5c x14=100025a4 x14:100025a0  PA:100025a0
20384494ns          342840 1c008ade 00035803 lhu              x16, 0(x6)          x16=00000d5c  x6:1c001540  PA:1c001540
20384797ns          342855 1c008ae2 01d8f633 and              x12, x17, x29       x12=00000d5c x17:0eba0d5c x29:00000fff
20384817ns          342856 1c008ae6 010ef833 and              x16, x29, x16       x16=00000d5c x29:00000fff x16:00000d5c
20384838ns          342857 1c008aea 10065633 p.exthz          x12, x12, x0        x12=00000d5c x12:00000d5c
20384858ns          342858 1c008aee 000e5f03 lhu              x30, 0(x28)         x30=00000eba x28:1c001542  PA:1c001542
20385161ns          342873 1c008af2 00c80b63 beq              x16, x12, 22        x16:00000d5c x12:00000d5c
20385222ns          342876 1c008b08 0108d893 srli             x17, x17, 0x10      x17=00000eba x17:0eba0d5c
20385242ns          342877 1c008b0c 01df7f33 and              x30, x30, x29       x30=00000eba x30:00000eba x29:00000fff
20385263ns          342878 1c008b10 01d8f8b3 and              x17, x17, x29       x17=00000eba x17:00000eba x29:00000fff
20385283ns          342879 1c008b14 ff1f11e3 bne              x30, x17, -30       x30:00000eba x17:00000eba
20385303ns          342880 1c008b18 fe1ff06f jal              x0, -32            
20385344ns          342882 1c008af8 00430313 addi             x6, x6, 4            x6=1c001544  x6:1c001540
20385364ns          342883 1c008afa 004e0e13 addi             x28, x28, 4         x28=1c001546 x28:1c001542
20385404ns          342885 1c008ada 0047288b p.lw             x17, 4(x14!)        x17=0e380eae x14=100025a8 x14:100025a4  PA:100025a4
20385425ns          342886 1c008ade 00035803 lhu              x16, 0(x6)          x16=00000eae  x6:1c001544  PA:1c001544
20385728ns          342901 1c008ae2 01d8f633 and              x12, x17, x29       x12=00000eae x17:0e380eae x29:00000fff
20385748ns          342902 1c008ae6 010ef833 and              x16, x29, x16       x16=00000eae x29:00000fff x16:00000eae
20385769ns          342903 1c008aea 10065633 p.exthz          x12, x12, x0        x12=00000eae x12:00000eae
20385789ns          342904 1c008aee 000e5f03 lhu              x30, 0(x28)         x30=00000e38 x28:1c001546  PA:1c001546
20386092ns          342919 1c008af2 00c80b63 beq              x16, x12, 22        x16:00000eae x12:00000eae
20386153ns          342922 1c008b08 0108d893 srli             x17, x17, 0x10      x17=00000e38 x17:0e380eae
20386173ns          342923 1c008b0c 01df7f33 and              x30, x30, x29       x30=00000e38 x30:00000e38 x29:00000fff
20386194ns          342924 1c008b10 01d8f8b3 and              x17, x17, x29       x17=00000e38 x17:00000e38 x29:00000fff
20386214ns          342925 1c008b14 ff1f11e3 bne              x30, x17, -30       x30:00000e38 x17:00000e38
20386234ns          342926 1c008b18 fe1ff06f jal              x0, -32            
20386275ns          342928 1c008af8 00430313 addi             x6, x6, 4            x6=1c001548  x6:1c001544
20386295ns          342929 1c008afa 004e0e13 addi             x28, x28, 4         x28=1c00154a x28:1c001546
20386335ns          342931 1c008ada 0047288b p.lw             x17, 4(x14!)        x17=0e8d0157 x14=100025ac x14:100025a8  PA:100025a8
20386356ns          342932 1c008ade 00035803 lhu              x16, 0(x6)          x16=00000157  x6:1c001548  PA:1c001548
20386659ns          342947 1c008ae2 01d8f633 and              x12, x17, x29       x12=00000157 x17:0e8d0157 x29:00000fff
20386679ns          342948 1c008ae6 010ef833 and              x16, x29, x16       x16=00000157 x29:00000fff x16:00000157
20386700ns          342949 1c008aea 10065633 p.exthz          x12, x12, x0        x12=00000157 x12:00000157
20386720ns          342950 1c008aee 000e5f03 lhu              x30, 0(x28)         x30=00000e8d x28:1c00154a  PA:1c00154a
20387024ns          342965 1c008af2 00c80b63 beq              x16, x12, 22        x16:00000157 x12:00000157
20387084ns          342968 1c008b08 0108d893 srli             x17, x17, 0x10      x17=00000e8d x17:0e8d0157
20387104ns          342969 1c008b0c 01df7f33 and              x30, x30, x29       x30=00000e8d x30:00000e8d x29:00000fff
20387125ns          342970 1c008b10 01d8f8b3 and              x17, x17, x29       x17=00000e8d x17:00000e8d x29:00000fff
20387145ns          342971 1c008b14 ff1f11e3 bne              x30, x17, -30       x30:00000e8d x17:00000e8d
20387165ns          342972 1c008b18 fe1ff06f jal              x0, -32            
20387206ns          342974 1c008af8 00430313 addi             x6, x6, 4            x6=1c00154c  x6:1c001548
20387226ns          342975 1c008afa 004e0e13 addi             x28, x28, 4         x28=1c00154e x28:1c00154a
20387266ns          342977 1c008ada 0047288b p.lw             x17, 4(x14!)        x17=0fb70fdf x14=100025b0 x14:100025ac  PA:100025ac
20387287ns          342978 1c008ade 00035803 lhu              x16, 0(x6)          x16=00000fdf  x6:1c00154c  PA:1c00154c
20387590ns          342993 1c008ae2 01d8f633 and              x12, x17, x29       x12=00000fdf x17:0fb70fdf x29:00000fff
20387610ns          342994 1c008ae6 010ef833 and              x16, x29, x16       x16=00000fdf x29:00000fff x16:00000fdf
20387631ns          342995 1c008aea 10065633 p.exthz          x12, x12, x0        x12=00000fdf x12:00000fdf
20387651ns          342996 1c008aee 000e5f03 lhu              x30, 0(x28)         x30=00000fb7 x28:1c00154e  PA:1c00154e
20387955ns          343011 1c008af2 00c80b63 beq              x16, x12, 22        x16:00000fdf x12:00000fdf
20388015ns          343014 1c008b08 0108d893 srli             x17, x17, 0x10      x17=00000fb7 x17:0fb70fdf
20388036ns          343015 1c008b0c 01df7f33 and              x30, x30, x29       x30=00000fb7 x30:00000fb7 x29:00000fff
20388056ns          343016 1c008b10 01d8f8b3 and              x17, x17, x29       x17=00000fb7 x17:00000fb7 x29:00000fff
20388076ns          343017 1c008b14 ff1f11e3 bne              x30, x17, -30       x30:00000fb7 x17:00000fb7
20388096ns          343018 1c008b18 fe1ff06f jal              x0, -32            
20388137ns          343020 1c008af8 00430313 addi             x6, x6, 4            x6=1c001550  x6:1c00154c
20388157ns          343021 1c008afa 004e0e13 addi             x28, x28, 4         x28=1c001552 x28:1c00154e
20388197ns          343023 1c008ada 0047288b p.lw             x17, 4(x14!)        x17=0e57005c x14=100025b4 x14:100025b0  PA:100025b0
20388218ns          343024 1c008ade 00035803 lhu              x16, 0(x6)          x16=00000230  x6:1c001550  PA:1c001550
20388521ns          343039 1c008ae2 01d8f633 and              x12, x17, x29       x12=0000005c x17:0e57005c x29:00000fff
20388542ns          343040 1c008ae6 010ef833 and              x16, x29, x16       x16=00000230 x29:00000fff x16:00000230
20388562ns          343041 1c008aea 10065633 p.exthz          x12, x12, x0        x12=0000005c x12:0000005c
20388582ns          343042 1c008aee 000e5f03 lhu              x30, 0(x28)         x30=00000089 x28:1c001552  PA:1c001552
20388886ns          343057 1c008af2 00c80b63 beq              x16, x12, 22        x16:00000230 x12:0000005c
20388906ns          343058 1c008af6 00168693 addi             x13, x13, 1         x13=00000001 x13:00000000
20388926ns          343059 1c008af8 00430313 addi             x6, x6, 4            x6=1c001554  x6:1c001550
20388946ns          343060 1c008afa 004e0e13 addi             x28, x28, 4         x28=1c001556 x28:1c001552
20388987ns          343062 1c008ada 0047288b p.lw             x17, 4(x14!)        x17=0f470f14 x14=100025b8 x14:100025b4  PA:100025b4
20389007ns          343063 1c008ade 00035803 lhu              x16, 0(x6)          x16=00000442  x6:1c001554  PA:1c001554
20389311ns          343078 1c008ae2 01d8f633 and              x12, x17, x29       x12=00000f14 x17:0f470f14 x29:00000fff
20389331ns          343079 1c008ae6 010ef833 and              x16, x29, x16       x16=00000442 x29:00000fff x16:00000442
20389351ns          343080 1c008aea 10065633 p.exthz          x12, x12, x0        x12=00000f14 x12:00000f14
20389371ns          343081 1c008aee 000e5f03 lhu              x30, 0(x28)         x30=00000fb1 x28:1c001556  PA:1c001556
20389675ns          343096 1c008af2 00c80b63 beq              x16, x12, 22        x16:00000442 x12:00000f14
20389695ns          343097 1c008af6 00168693 addi             x13, x13, 1         x13=00000002 x13:00000001
20389715ns          343098 1c008af8 00430313 addi             x6, x6, 4            x6=1c001558  x6:1c001554
20389736ns          343099 1c008afa 004e0e13 addi             x28, x28, 4         x28=1c00155a x28:1c001556
20389776ns          343101 1c008ada 0047288b p.lw             x17, 4(x14!)        x17=0e380166 x14=100025bc x14:100025b8  PA:100025b8
20389796ns          343102 1c008ade 00035803 lhu              x16, 0(x6)          x16=000000ad  x6:1c001558  PA:1c001558
20390100ns          343117 1c008ae2 01d8f633 and              x12, x17, x29       x12=00000166 x17:0e380166 x29:00000fff
20390120ns          343118 1c008ae6 010ef833 and              x16, x29, x16       x16=000000ad x29:00000fff x16:000000ad
20390140ns          343119 1c008aea 10065633 p.exthz          x12, x12, x0        x12=00000166 x12:00000166
20390161ns          343120 1c008aee 000e5f03 lhu              x30, 0(x28)         x30=00000043 x28:1c00155a  PA:1c00155a
20390485ns          343136 1c008af2 00c80b63 beq              x16, x12, 22        x16:000000ad x12:00000166
20390505ns          343137 1c008af6 00168693 addi             x13, x13, 1         x13=00000003 x13:00000002
20390525ns          343138 1c008af8 00430313 addi             x6, x6, 4            x6=1c00155c  x6:1c001558
20390545ns          343139 1c008afa 004e0e13 addi             x28, x28, 4         x28=1c00155e x28:1c00155a
20390586ns          343141 1c008ada 0047288b p.lw             x17, 4(x14!)        x17=01c202b6 x14=100025c0 x14:100025bc  PA:100025bc
20390606ns          343142 1c008ade 00035803 lhu              x16, 0(x6)          x16=00000e2f  x6:1c00155c  PA:1c00155c
20390910ns          343157 1c008ae2 01d8f633 and              x12, x17, x29       x12=000002b6 x17:01c202b6 x29:00000fff
20390930ns          343158 1c008ae6 010ef833 and              x16, x29, x16       x16=00000e2f x29:00000fff x16:00000e2f
20390950ns          343159 1c008aea 10065633 p.exthz          x12, x12, x0        x12=000002b6 x12:000002b6
20390970ns          343160 1c008aee 000e5f03 lhu              x30, 0(x28)         x30=0000006d x28:1c00155e  PA:1c00155e
20391274ns          343175 1c008af2 00c80b63 beq              x16, x12, 22        x16:00000e2f x12:000002b6
20391294ns          343176 1c008af6 00168693 addi             x13, x13, 1         x13=00000004 x13:00000003
20391314ns          343177 1c008af8 00430313 addi             x6, x6, 4            x6=1c001560  x6:1c00155c
20391335ns          343178 1c008afa 004e0e13 addi             x28, x28, 4         x28=1c001562 x28:1c00155e
20391375ns          343180 1c008ada 0047288b p.lw             x17, 4(x14!)        x17=0eba0d5c x14=100025c4 x14:100025c0  PA:100025c0
20391395ns          343181 1c008ade 00035803 lhu              x16, 0(x6)          x16=00000fe2  x6:1c001560  PA:1c001560
20391699ns          343196 1c008ae2 01d8f633 and              x12, x17, x29       x12=00000d5c x17:0eba0d5c x29:00000fff
20391719ns          343197 1c008ae6 010ef833 and              x16, x29, x16       x16=00000fe2 x29:00000fff x16:00000fe2
20391739ns          343198 1c008aea 10065633 p.exthz          x12, x12, x0        x12=00000d5c x12:00000d5c
20391760ns          343199 1c008aee 000e5f03 lhu              x30, 0(x28)         x30=00000d1a x28:1c001562  PA:1c001562
20392063ns          343214 1c008af2 00c80b63 beq              x16, x12, 22        x16:00000fe2 x12:00000d5c
20392084ns          343215 1c008af6 00168693 addi             x13, x13, 1         x13=00000005 x13:00000004
20392104ns          343216 1c008af8 00430313 addi             x6, x6, 4            x6=1c001564  x6:1c001560
20392124ns          343217 1c008afa 004e0e13 addi             x28, x28, 4         x28=1c001566 x28:1c001562
20392164ns          343219 1c008ada 0047288b p.lw             x17, 4(x14!)        x17=0e380eae x14=100025c8 x14:100025c4  PA:100025c4
20392185ns          343220 1c008ade 00035803 lhu              x16, 0(x6)          x16=000003a6  x6:1c001564  PA:1c001564
20392509ns          343236 1c008ae2 01d8f633 and              x12, x17, x29       x12=00000eae x17:0e380eae x29:00000fff
20392529ns          343237 1c008ae6 010ef833 and              x16, x29, x16       x16=000003a6 x29:00000fff x16:000003a6
20392549ns          343238 1c008aea 10065633 p.exthz          x12, x12, x0        x12=00000eae x12:00000eae
20392569ns          343239 1c008aee 000e5f03 lhu              x30, 0(x28)         x30=00000078 x28:1c001566  PA:1c001566
20392873ns          343254 1c008af2 00c80b63 beq              x16, x12, 22        x16:000003a6 x12:00000eae
20392893ns          343255 1c008af6 00168693 addi             x13, x13, 1         x13=00000006 x13:00000005
20392913ns          343256 1c008af8 00430313 addi             x6, x6, 4            x6=1c001568  x6:1c001564
20392934ns          343257 1c008afa 004e0e13 addi             x28, x28, 4         x28=1c00156a x28:1c001566
20392974ns          343259 1c008ada 0047288b p.lw             x17, 4(x14!)        x17=0e8d0157 x14=100025cc x14:100025c8  PA:100025c8
20392994ns          343260 1c008ade 00035803 lhu              x16, 0(x6)          x16=00000e7f  x6:1c001568  PA:1c001568
20393298ns          343275 1c008ae2 01d8f633 and              x12, x17, x29       x12=00000157 x17:0e8d0157 x29:00000fff
20393318ns          343276 1c008ae6 010ef833 and              x16, x29, x16       x16=00000e7f x29:00000fff x16:00000e7f
20393338ns          343277 1c008aea 10065633 p.exthz          x12, x12, x0        x12=00000157 x12:00000157
20393359ns          343278 1c008aee 000e5f03 lhu              x30, 0(x28)         x30=00000d84 x28:1c00156a  PA:1c00156a
20393682ns          343294 1c008af2 00c80b63 beq              x16, x12, 22        x16:00000e7f x12:00000157
20393703ns          343295 1c008af6 00168693 addi             x13, x13, 1         x13=00000007 x13:00000006
20393723ns          343296 1c008af8 00430313 addi             x6, x6, 4            x6=1c00156c  x6:1c001568
20393743ns          343297 1c008afa 004e0e13 addi             x28, x28, 4         x28=1c00156e x28:1c00156a
20393784ns          343299 1c008ada 0047288b p.lw             x17, 4(x14!)        x17=0fb70fdf x14=100025d0 x14:100025cc  PA:100025cc
20393804ns          343300 1c008ade 00035803 lhu              x16, 0(x6)          x16=0000001d  x6:1c00156c  PA:1c00156c
20394188ns          343319 1c008ae2 01d8f633 and              x12, x17, x29       x12=00000fdf x17:0fb70fdf x29:00000fff
20394209ns          343320 1c008ae6 010ef833 and              x16, x29, x16       x16=0000001d x29:00000fff x16:0000001d
20394229ns          343321 1c008aea 10065633 p.exthz          x12, x12, x0        x12=00000fdf x12:00000fdf
20394249ns          343322 1c008aee 000e5f03 lhu              x30, 0(x28)         x30=00000008 x28:1c00156e  PA:1c00156e
20394593ns          343339 1c008af2 00c80b63 beq              x16, x12, 22        x16:0000001d x12:00000fdf
20394614ns          343340 1c008af6 00168693 addi             x13, x13, 1         x13=00000008 x13:00000007
20394634ns          343341 1c008af8 00430313 addi             x6, x6, 4            x6=1c001570  x6:1c00156c
20394654ns          343342 1c008afa 004e0e13 addi             x28, x28, 4         x28=1c001572 x28:1c00156e
20394674ns          343343 1c008afc 00a00633 add              x12, x0, x10        x12=00000002 x10:00000002
20394694ns          343344 1c008afe 1c001537 lui              x10, 0x1c001000     x10=1c001000
20394715ns          343345 1c008b02 9ac50513 addi             x10, x10, -1620     x10=1c0009ac x10:1c001000
20394735ns          343346 1c008b06 2760006f jal              x0, 630            
20394816ns          343350 1c008d7c fc010113 addi             x2, x2, -64          x2=10000fe8  x2:10001028
20394897ns          343354 1c008d7e 02410313 addi             x6, x2, 36           x6=1000100c  x2:10000fe8
20394917ns          343355 1c008d82 02c12423 sw               x12, 40(x2)         x12:00000002  x2:10000fe8  PA:10001010
20394937ns          343356 1c008d84 00a00633 add              x12, x0, x10        x12=1c0009ac x10:1c0009ac
20394958ns          343357 1c008d86 1c009537 lui              x10, 0x1c009000     x10=1c009000
20394978ns          343358 1c008d8a 02b12223 sw               x11, 36(x2)         x11:00000002  x2:10000fe8  PA:1000100c
20394998ns          343359 1c008d8c 02d12623 sw               x13, 44(x2)         x13:00000008  x2:10000fe8  PA:10001014
20395018ns          343360 1c008d8e 00200593 addi             x11, x0, 2          x11=00000002
20395039ns          343361 1c008d90 006006b3 add              x13, x0, x6         x13=1000100c  x6:1000100c
20395079ns          343363 1c008d92 d2050513 addi             x10, x10, -736      x10=1c008d20 x10:1c009000
20395099ns          343364 1c008d96 00112e23 sw               x1, 28(x2)           x1:1c01011e  x2:10000fe8  PA:10001004
20395120ns          343365 1c008d98 02e12823 sw               x14, 48(x2)         x14:100025d0  x2:10000fe8  PA:10001018
20395140ns          343366 1c008d9a 02f12a23 sw               x15, 52(x2)         x15:00000010  x2:10000fe8  PA:1000101c
20395160ns          343367 1c008d9c 03012c23 sw               x16, 56(x2)         x16:0000001d  x2:10000fe8  PA:10001020
20395180ns          343368 1c008d9e 03112e23 sw               x17, 60(x2)         x17:0fb70fdf  x2:10000fe8  PA:10001024
20395200ns          343369 1c008da0 00612623 sw               x6, 12(x2)           x6:1000100c  x2:10000fe8  PA:10000ff4
20395221ns          343370 1c008da2 fa5ff0ef jal              x1, -92              x1=1c008da4
20395302ns          343374 1c008d46 0640006f jal              x0, 100            
20395342ns          343376 1c008daa f8010113 addi             x2, x2, -128         x2=10000f68  x2:10000fe8
20395362ns          343377 1c008dac 06812c23 sw               x8, 120(x2)          x8:xxxxxxxx  x2:10000f68  PA:10000fe0
20395383ns          343378 1c008dae 02410713 addi             x14, x2, 36         x14=10000f8c  x2:10000f68
20395423ns          343380 1c008db0 00000413 addi             x8, x0, 0            x8=00000000
20395443ns          343381 1c008db2 07312623 sw               x19, 108(x2)        x19:00000002  x2:10000f68  PA:10000fd4
20395464ns          343382 1c008db4 07412423 sw               x20, 104(x2)        x20:1c01011e  x2:10000f68  PA:10000fd0
20395484ns          343383 1c008db6 07512223 sw               x21, 100(x2)        x21:1c010122  x2:10000f68  PA:10000fcc
20395504ns          343384 1c008db8 05712e23 sw               x23, 92(x2)         x23:xxxxxxxx  x2:10000f68  PA:10000fc4
20395524ns          343385 1c008dba 05812c23 sw               x24, 88(x2)         x24:xxxxxxxx  x2:10000f68  PA:10000fc0
20395545ns          343386 1c008dbc 05a12823 sw               x26, 80(x2)         x26:xxxxxxxx  x2:10000f68  PA:10000fb8
20395565ns          343387 1c008dbe 06112e23 sw               x1, 124(x2)          x1:1c008da4  x2:10000f68  PA:10000fe4
20395585ns          343388 1c008dc0 06912a23 sw               x9, 116(x2)          x9:xxxxxxxx  x2:10000f68  PA:10000fdc
20395605ns          343389 1c008dc2 07212823 sw               x18, 112(x2)        x18:00204000  x2:10000f68  PA:10000fd8
20395626ns          343390 1c008dc4 07612023 sw               x22, 96(x2)         x22:xxxxxxxx  x2:10000f68  PA:10000fc8
20395646ns          343391 1c008dc6 05912a23 sw               x25, 84(x2)         x25:xxxxxxxx  x2:10000f68  PA:10000fbc
20395666ns          343392 1c008dc8 05b12623 sw               x27, 76(x2)         x27:xxxxxxxx  x2:10000f68  PA:10000fb4
20395686ns          343393 1c008dca 00a009b3 add              x19, x0, x10        x19=1c008d20 x10:1c008d20
20395706ns          343394 1c008dcc 00b00bb3 add              x23, x0, x11        x23=00000002 x11:00000002
20395727ns          343395 1c008dce 00c00d33 add              x26, x0, x12        x26=1c0009ac x12:1c0009ac
20395747ns          343396 1c008dd0 00d00a33 add              x20, x0, x13        x20=1000100c x13:1000100c
20395767ns          343397 1c008dd2 1c001c37 lui              x24, 0x1c001000     x24=1c001000
20395787ns          343398 1c008dd6 00e12023 sw               x14, 0(x2)          x14:10000f8c  x2:10000f68  PA:10000f68
20395808ns          343399 1c008dd8 00800ab3 add              x21, x0, x8         x21=00000000  x8:00000000
20395828ns          343400 1c008dda 00e0006f jal              x0, 14             
20395868ns          343402 1c008de8 000d4503 lbu              x10, 0(x26)         x10=0000000a x26:1c0009ac  PA:1c0009ac
20396172ns          343417 1c008dec 001d0413 addi             x8, x26, 1           x8=1c0009ad x26:1c0009ac
20396192ns          343418 1c008df0 0c050b63 beq              x10, x0, 214        x10:0000000a
20396212ns          343419 1c008df2 02500793 addi             x15, x0, 37         x15=00000025
20396233ns          343420 1c008df6 fef513e3 bne              x10, x15, -26       x10:0000000a x15:00000025
20396354ns          343426 1c008ddc 017005b3 add              x11, x0, x23        x11=00000002 x23:00000002
20396374ns          343427 1c008dde 000980e7 jalr             x1, x19, 0           x1=1c008de0 x19:1c008d20
20396455ns          343431 1c008d20 f14027f3 csrrs            x15, x0, 0xf14      x15=00000002
20396496ns          343433 1c008d24 1a10f6b7 lui              x13, 0x1a10f000     x13=1a10f000
20396516ns          343434 1c008d28 ca5797b3 p.extractu       x15, x15, 5, 5      x15=00000000 x15:00000002
20396536ns          343435 1c008d2c f1402773 csrrs            x14, x0, 0xf14      x14=00000002
20396557ns          343436 1c008d30 00779793 slli             x15, x15, 0x7       x15=00000000 x15:00000000
20396577ns          343437 1c008d32 00371713 slli             x14, x14, 0x3       x14=00000010 x14:00000002
20396597ns          343438 1c008d34 0ff57513 andi             x10, x10, 255       x10=0000000a x10:0000000a
20396617ns          343439 1c008d38 ee873733 p.bclr           x14, x14, 23, 8     x14=00000010 x14:00000010
20396638ns          343440 1c008d3c 00d787b3 add              x15, x15, x13       x15=1a10f000 x15:00000000 x13:1a10f000
20396658ns          343441 1c008d3e 00a767a3 p.sw             x10, x0(x14)        x10:0000000a x14:00000010  PA:1a10f010
20396982ns          343457 1c008d42 00000513 addi             x10, x0, 0          x10=00000000
20397002ns          343458 1c008d44 00008067 jalr             x0, x1, 0            x1:1c008de0
20397042ns          343460 1c008de0 15f52063 p.beqimm         x10, 320            x10:00000000
20397063ns          343461 1c008de4 001a8a93 addi             x21, x21, 1         x21=00000001 x21:00000000
20397083ns          343462 1c008de6 00800d33 add              x26, x0, x8         x26=1c0009ad  x8:1c0009ad
20397103ns          343463 1c008de8 000d4503 lbu              x10, 0(x26)         x10=00000046 x26:1c0009ad  PA:1c0009ad
20397407ns          343478 1c008dec 001d0413 addi             x8, x26, 1           x8=1c0009ae x26:1c0009ad
20397427ns          343479 1c008df0 0c050b63 beq              x10, x0, 214        x10:00000046
20397447ns          343480 1c008df2 02500793 addi             x15, x0, 37         x15=00000025
20397467ns          343481 1c008df6 fef513e3 bne              x10, x15, -26       x10:00000046 x15:00000025
20397528ns          343484 1c008ddc 017005b3 add              x11, x0, x23        x11=00000002 x23:00000002
20397548ns          343485 1c008dde 000980e7 jalr             x1, x19, 0           x1=1c008de0 x19:1c008d20
20397589ns          343487 1c008d20 f14027f3 csrrs            x15, x0, 0xf14      x15=00000002
20397609ns          343488 1c008d24 1a10f6b7 lui              x13, 0x1a10f000     x13=1a10f000
20397629ns          343489 1c008d28 ca5797b3 p.extractu       x15, x15, 5, 5      x15=00000000 x15:00000002
20397650ns          343490 1c008d2c f1402773 csrrs            x14, x0, 0xf14      x14=00000002
20397670ns          343491 1c008d30 00779793 slli             x15, x15, 0x7       x15=00000000 x15:00000000
20397690ns          343492 1c008d32 00371713 slli             x14, x14, 0x3       x14=00000010 x14:00000002
20397710ns          343493 1c008d34 0ff57513 andi             x10, x10, 255       x10=00000046 x10:00000046
20397730ns          343494 1c008d38 ee873733 p.bclr           x14, x14, 23, 8     x14=00000010 x14:00000010
20397751ns          343495 1c008d3c 00d787b3 add              x15, x15, x13       x15=1a10f000 x15:00000000 x13:1a10f000
20397771ns          343496 1c008d3e 00a767a3 p.sw             x10, x0(x14)        x10:00000046 x14:00000010  PA:1a10f010
20398176ns          343516 1c008d42 00000513 addi             x10, x0, 0          x10=00000000
20398196ns          343517 1c008d44 00008067 jalr             x0, x1, 0            x1:1c008de0
20398236ns          343519 1c008de0 15f52063 p.beqimm         x10, 320            x10:00000000
20398257ns          343520 1c008de4 001a8a93 addi             x21, x21, 1         x21=00000002 x21:00000001
20398277ns          343521 1c008de6 00800d33 add              x26, x0, x8         x26=1c0009ae  x8:1c0009ae
20398297ns          343522 1c008de8 000d4503 lbu              x10, 0(x26)         x10=00000046 x26:1c0009ae  PA:1c0009ae
20398601ns          343537 1c008dec 001d0413 addi             x8, x26, 1           x8=1c0009af x26:1c0009ae
20398621ns          343538 1c008df0 0c050b63 beq              x10, x0, 214        x10:00000046
20398641ns          343539 1c008df2 02500793 addi             x15, x0, 37         x15=00000025
20398662ns          343540 1c008df6 fef513e3 bne              x10, x15, -26       x10:00000046 x15:00000025
20398722ns          343543 1c008ddc 017005b3 add              x11, x0, x23        x11=00000002 x23:00000002
20398742ns          343544 1c008dde 000980e7 jalr             x1, x19, 0           x1=1c008de0 x19:1c008d20
20398783ns          343546 1c008d20 f14027f3 csrrs            x15, x0, 0xf14      x15=00000002
20398803ns          343547 1c008d24 1a10f6b7 lui              x13, 0x1a10f000     x13=1a10f000
20398823ns          343548 1c008d28 ca5797b3 p.extractu       x15, x15, 5, 5      x15=00000000 x15:00000002
20398844ns          343549 1c008d2c f1402773 csrrs            x14, x0, 0xf14      x14=00000002
20398864ns          343550 1c008d30 00779793 slli             x15, x15, 0x7       x15=00000000 x15:00000000
20398884ns          343551 1c008d32 00371713 slli             x14, x14, 0x3       x14=00000010 x14:00000002
20398904ns          343552 1c008d34 0ff57513 andi             x10, x10, 255       x10=00000046 x10:00000046
20398925ns          343553 1c008d38 ee873733 p.bclr           x14, x14, 23, 8     x14=00000010 x14:00000010
20398945ns          343554 1c008d3c 00d787b3 add              x15, x15, x13       x15=1a10f000 x15:00000000 x13:1a10f000
20398965ns          343555 1c008d3e 00a767a3 p.sw             x10, x0(x14)        x10:00000046 x14:00000010  PA:1a10f010
20399289ns          343571 1c008d42 00000513 addi             x10, x0, 0          x10=00000000
20399309ns          343572 1c008d44 00008067 jalr             x0, x1, 0            x1:1c008de0
20399350ns          343574 1c008de0 15f52063 p.beqimm         x10, 320            x10:00000000
20399370ns          343575 1c008de4 001a8a93 addi             x21, x21, 1         x21=00000003 x21:00000002
20399390ns          343576 1c008de6 00800d33 add              x26, x0, x8         x26=1c0009af  x8:1c0009af
20399410ns          343577 1c008de8 000d4503 lbu              x10, 0(x26)         x10=00000054 x26:1c0009af  PA:1c0009af
20399714ns          343592 1c008dec 001d0413 addi             x8, x26, 1           x8=1c0009b0 x26:1c0009af
20399734ns          343593 1c008df0 0c050b63 beq              x10, x0, 214        x10:00000054
20399754ns          343594 1c008df2 02500793 addi             x15, x0, 37         x15=00000025
20399775ns          343595 1c008df6 fef513e3 bne              x10, x15, -26       x10:00000054 x15:00000025
20399835ns          343598 1c008ddc 017005b3 add              x11, x0, x23        x11=00000002 x23:00000002
20399856ns          343599 1c008dde 000980e7 jalr             x1, x19, 0           x1=1c008de0 x19:1c008d20
20399896ns          343601 1c008d20 f14027f3 csrrs            x15, x0, 0xf14      x15=00000002
20399916ns          343602 1c008d24 1a10f6b7 lui              x13, 0x1a10f000     x13=1a10f000
20399937ns          343603 1c008d28 ca5797b3 p.extractu       x15, x15, 5, 5      x15=00000000 x15:00000002
20399957ns          343604 1c008d2c f1402773 csrrs            x14, x0, 0xf14      x14=00000002
20399977ns          343605 1c008d30 00779793 slli             x15, x15, 0x7       x15=00000000 x15:00000000
20399997ns          343606 1c008d32 00371713 slli             x14, x14, 0x3       x14=00000010 x14:00000002
20400018ns          343607 1c008d34 0ff57513 andi             x10, x10, 255       x10=00000054 x10:00000054
20400038ns          343608 1c008d38 ee873733 p.bclr           x14, x14, 23, 8     x14=00000010 x14:00000010
20400058ns          343609 1c008d3c 00d787b3 add              x15, x15, x13       x15=1a10f000 x15:00000000 x13:1a10f000
20400078ns          343610 1c008d3e 00a767a3 p.sw             x10, x0(x14)        x10:00000054 x14:00000010  PA:1a10f010
20400402ns          343626 1c008d42 00000513 addi             x10, x0, 0          x10=00000000
20400422ns          343627 1c008d44 00008067 jalr             x0, x1, 0            x1:1c008de0
20400463ns          343629 1c008de0 15f52063 p.beqimm         x10, 320            x10:00000000
20400483ns          343630 1c008de4 001a8a93 addi             x21, x21, 1         x21=00000004 x21:00000003
20400503ns          343631 1c008de6 00800d33 add              x26, x0, x8         x26=1c0009b0  x8:1c0009b0
20400524ns          343632 1c008de8 000d4503 lbu              x10, 0(x26)         x10=00000025 x26:1c0009b0  PA:1c0009b0
20400827ns          343647 1c008dec 001d0413 addi             x8, x26, 1           x8=1c0009b1 x26:1c0009b0
20400847ns          343648 1c008df0 0c050b63 beq              x10, x0, 214        x10:00000025
20400868ns          343649 1c008df2 02500793 addi             x15, x0, 37         x15=00000025
20400888ns          343650 1c008df6 fef513e3 bne              x10, x15, -26       x10:00000025 x15:00000025
20400908ns          343651 1c008dfa 00012a23 sw               x0, 20(x2)           x2:10000f68  PA:10000f7c
20400928ns          343652 1c008dfc 00012823 sw               x0, 16(x2)           x2:10000f68  PA:10000f78
20400949ns          343653 1c008dfe 00012623 sw               x0, 12(x2)           x2:10000f68  PA:10000f74
20400969ns          343654 1c008e00 00012423 sw               x0, 8(x2)            x2:10000f68  PA:10000f70
20400989ns          343655 1c008e02 00012223 sw               x0, 4(x2)            x2:10000f68  PA:10000f6c
20401009ns          343656 1c008e04 02300493 addi             x9, x0, 35           x9=00000023
20401030ns          343657 1c008e08 02d00b13 addi             x22, x0, 45         x22=0000002d
20401050ns          343658 1c008e0c 00044c83 lbu              x25, 0(x8)          x25=00000064  x8:1c0009b1  PA:1c0009b1
20401374ns          343674 1c008e10 00140913 addi             x18, x8, 1          x18=1c0009b2  x8:1c0009b1
20401394ns          343675 1c008e14 019005b3 add              x11, x0, x25        x11=00000064 x25:00000064
20401414ns          343676 1c008e16 9d0c0513 addi             x10, x24, -1584     x10=1c0009d0 x24:1c001000
20401434ns          343677 1c008e1a 01200d33 add              x26, x0, x18        x26=1c0009b2 x18:1c0009b2
20401455ns          343678 1c008e1c 01900db3 add              x27, x0, x25        x27=00000064 x25:00000064
20401475ns          343679 1c008e1e e89ff0ef jal              x1, -376             x1=1c008e20
20401617ns          343686 1c008ca6 00054783 lbu              x15, 0(x10)         x15=0000002d x10:1c0009d0  PA:1c0009d0
20401920ns          343701 1c008caa 0ff5f593 andi             x11, x11, 255       x11=00000064 x11:00000064
20401940ns          343702 1c008cae 00b78c63 beq              x15, x11, 24        x15:0000002d x11:00000064
20401961ns          343703 1c008cb2 00078b63 beq              x15, x0, 22         x15:0000002d
20401981ns          343704 1c008cb4 00150793 addi             x15, x10, 1         x15=1c0009d1 x10:1c0009d0
20402001ns          343705 1c008cb8 0040006f jal              x0, 4              
20402102ns          343710 1c008cbc 00f00533 add              x10, x0, x15        x10=1c0009d1 x15:1c0009d1
20402123ns          343711 1c008cbe 0017c70b p.lbu            x14, 1(x15!)        x14=0000002b x15=1c0009d2 x15:1c0009d1  PA:1c0009d1
20402446ns          343727 1c008cc2 feb71ce3 bne              x14, x11, -8        x14:0000002b x11:00000064
20402507ns          343730 1c008cba 00070763 beq              x14, x0, 14         x14:0000002b
20402527ns          343731 1c008cbc 00f00533 add              x10, x0, x15        x10=1c0009d2 x15:1c0009d2
20402548ns          343732 1c008cbe 0017c70b p.lbu            x14, 1(x15!)        x14=00000020 x15=1c0009d3 x15:1c0009d2  PA:1c0009d2
20402871ns          343748 1c008cc2 feb71ce3 bne              x14, x11, -8        x14:00000020 x11:00000064
20402932ns          343751 1c008cba 00070763 beq              x14, x0, 14         x14:00000020
20402952ns          343752 1c008cbc 00f00533 add              x10, x0, x15        x10=1c0009d3 x15:1c0009d3
20402973ns          343753 1c008cbe 0017c70b p.lbu            x14, 1(x15!)        x14=00000023 x15=1c0009d4 x15:1c0009d3  PA:1c0009d3
20403317ns          343770 1c008cc2 feb71ce3 bne              x14, x11, -8        x14:00000023 x11:00000064
20403377ns          343773 1c008cba 00070763 beq              x14, x0, 14         x14:00000023
20403398ns          343774 1c008cbc 00f00533 add              x10, x0, x15        x10=1c0009d4 x15:1c0009d4
20403418ns          343775 1c008cbe 0017c70b p.lbu            x14, 1(x15!)        x14=00000030 x15=1c0009d5 x15:1c0009d4  PA:1c0009d4
20403742ns          343791 1c008cc2 feb71ce3 bne              x14, x11, -8        x14:00000030 x11:00000064
20403802ns          343794 1c008cba 00070763 beq              x14, x0, 14         x14:00000030
20403823ns          343795 1c008cbc 00f00533 add              x10, x0, x15        x10=1c0009d5 x15:1c0009d5
20403843ns          343796 1c008cbe 0017c70b p.lbu            x14, 1(x15!)        x14=00000000 x15=1c0009d6 x15:1c0009d5  PA:1c0009d5
20404228ns          343815 1c008cc2 feb71ce3 bne              x14, x11, -8        x14:00000000 x11:00000064
20404288ns          343818 1c008cba 00070763 beq              x14, x0, 14         x14:00000000
20404349ns          343821 1c008cc8 0015b593 sltiu            x11, x11, 1         x11=00000000 x11:00000064
20404369ns          343822 1c008ccc 40b005b3 sub              x11, x0, x11        x11=00000000 x11:00000000
20404389ns          343823 1c008cd0 00b57533 and              x10, x10, x11       x10=00000000 x10:1c0009d5 x11:00000000
20404410ns          343824 1c008cd2 00008067 jalr             x0, x1, 0            x1:1c008e20
20404450ns          343826 1c008e20 02050b63 beq              x10, x0, 54         x10:00000000
20404592ns          343833 1c008e56 02a00693 addi             x13, x0, 42         x13=0000002a
20404612ns          343834 1c008e5a 2edc8263 beq              x25, x13, 740       x25:00000064 x13:0000002a
20404673ns          343837 1c008e5e fd0c8693 addi             x13, x25, -48       x13=00000034 x25:00000064
20404693ns          343838 1c008e62 00900593 addi             x11, x0, 9          x11=00000009
20404713ns          343839 1c008e64 00000b13 addi             x22, x0, 0          x22=00000000
20404734ns          343840 1c008e66 0cd5fd63 bgeu             x11, x13, 218       x11:00000009 x13:00000034
20404754ns          343841 1c008e6a 02e00793 addi             x15, x0, 46         x15=0000002e
20404814ns          343844 1c008e6e 28fd8663 beq              x27, x15, 652       x27:00000064 x15:0000002e
20404835ns          343845 1c008e72 01b00433 add              x8, x0, x27          x8=00000064 x27:00000064
20404855ns          343846 1c008e74 fff00493 addi             x9, x0, -1           x9=ffffffff
20404875ns          343847 1c008e76 1c001737 lui              x14, 0x1c001000     x14=1c001000
20404895ns          343848 1c008e7a 01b005b3 add              x11, x0, x27        x11=00000064 x27:00000064
20404916ns          343849 1c008e7c 9d870513 addi             x10, x14, -1576     x10=1c0009d8 x14:1c001000
20404956ns          343851 1c008e80 e27ff0ef jal              x1, -474             x1=1c008e82
20405017ns          343854 1c008ca6 00054783 lbu              x15, 0(x10)         x15=00000068 x10:1c0009d8  PA:1c0009d8
20405320ns          343869 1c008caa 0ff5f593 andi             x11, x11, 255       x11=00000064 x11:00000064
20405341ns          343870 1c008cae 00b78c63 beq              x15, x11, 24        x15:00000068 x11:00000064
20405361ns          343871 1c008cb2 00078b63 beq              x15, x0, 22         x15:00000068
20405381ns          343872 1c008cb4 00150793 addi             x15, x10, 1         x15=1c0009d9 x10:1c0009d8
20405401ns          343873 1c008cb8 0040006f jal              x0, 4              
20405442ns          343875 1c008cbc 00f00533 add              x10, x0, x15        x10=1c0009d9 x15:1c0009d9
20405462ns          343876 1c008cbe 0017c70b p.lbu            x14, 1(x15!)        x14=0000006c x15=1c0009da x15:1c0009d9  PA:1c0009d9
20405786ns          343892 1c008cc2 feb71ce3 bne              x14, x11, -8        x14:0000006c x11:00000064
20405847ns          343895 1c008cba 00070763 beq              x14, x0, 14         x14:0000006c
20405867ns          343896 1c008cbc 00f00533 add              x10, x0, x15        x10=1c0009da x15:1c0009da
20405887ns          343897 1c008cbe 0017c70b p.lbu            x14, 1(x15!)        x14=0000007a x15=1c0009db x15:1c0009da  PA:1c0009da
20406211ns          343913 1c008cc2 feb71ce3 bne              x14, x11, -8        x14:0000007a x11:00000064
20406272ns          343916 1c008cba 00070763 beq              x14, x0, 14         x14:0000007a
20406292ns          343917 1c008cbc 00f00533 add              x10, x0, x15        x10=1c0009db x15:1c0009db
20406312ns          343918 1c008cbe 0017c70b p.lbu            x14, 1(x15!)        x14=00000000 x15=1c0009dc x15:1c0009db  PA:1c0009db
20406636ns          343934 1c008cc2 feb71ce3 bne              x14, x11, -8        x14:00000000 x11:00000064
20406697ns          343937 1c008cba 00070763 beq              x14, x0, 14         x14:00000000
20406758ns          343940 1c008cc8 0015b593 sltiu            x11, x11, 1         x11=00000000 x11:00000064
20406778ns          343941 1c008ccc 40b005b3 sub              x11, x0, x11        x11=00000000 x11:00000000
20406798ns          343942 1c008cd0 00b57533 and              x10, x10, x11       x10=00000000 x10:1c0009db x11:00000000
20406818ns          343943 1c008cd2 00008067 jalr             x0, x1, 0            x1:1c008e82
20406859ns          343945 1c008e82 00000793 addi             x15, x0, 0          x15=00000000
20406879ns          343946 1c008e84 00050f63 beq              x10, x0, 30         x10:00000000
20407021ns          343953 1c008ea2 06700693 addi             x13, x0, 103        x13=00000067
20407041ns          343954 1c008ea6 0bb6ee63 bltu             x13, x27, 188       x13:00000067 x27:00000064
20407061ns          343955 1c008eaa 06500693 addi             x13, x0, 101        x13=00000065
20407122ns          343958 1c008eae 3addf2e3 bgeu             x27, x13, 2980      x27:00000064 x13:00000065
20407162ns          343960 1c008eb2 04700693 addi             x13, x0, 71         x13=00000047
20407183ns          343961 1c008eb6 39b6ed63 bltu             x13, x27, 922       x13:00000047 x27:00000064
20407284ns          343966 1c009250 06300693 addi             x13, x0, 99         x13=00000063
20407324ns          343968 1c009254 70dd8c63 beq              x27, x13, 1816      x27:00000064 x13:00000063
20407344ns          343969 1c009258 d3b6e5e3 bltu             x13, x27, -726      x13:00000063 x27:00000064
20407790ns          343991 1c008f82 06c00693 addi             x13, x0, 108        x13=0000006c
20407810ns          343992 1c008f86 00d78a63 beq              x15, x13, 20        x15:00000000 x13:0000006c
20407830ns          343993 1c008f8a 07a00693 addi             x13, x0, 122        x13=0000007a
20407891ns          343996 1c008f8e 00d78663 beq              x15, x13, 12        x15:00000000 x13:0000007a
20407931ns          343998 1c008f92 04c00693 addi             x13, x0, 76         x13=0000004c
20407952ns          343999 1c008f96 5ed78de3 beq              x15, x13, 3578      x15:00000000 x13:0000004c
20407972ns          344000 1c008f9a 000a2783 lw               x15, 0(x20)         x15=00000002 x20:1000100c  PA:1000100c
20407992ns          344001 1c008f9e 004a0a13 addi             x20, x20, 4         x20=10001010 x20:1000100c
20408397ns          344021 1c008fa0 41f7d713 srai             x14, x15, 0x41f     x14=00000000 x15:00000002
20408437ns          344023 1c008fa4 01412e23 sw               x20, 28(x2)         x20:10001010  x2:10000f68  PA:10000f84
20408458ns          344024 1c008fa6 00e12223 sw               x14, 4(x2)          x14:00000000  x2:10000f68  PA:10000f6c
20408478ns          344025 1c008fa8 4e0741e3 blt              x14, x0, 3298       x14:00000000
20408498ns          344026 1c008fac 00c12703 lw               x14, 12(x2)         x14=00000000  x2:10000f68  PA:10000f74
20408539ns          344028 1c008fae 440709e3 beq              x14, x0, 3154       x14:00000000
20408640ns          344033 1c009c00 01012703 lw               x14, 16(x2)         x14=00000000  x2:10000f68  PA:10000f78
20408680ns          344035 1c009c02 22070063 beq              x14, x0, 544        x14:00000000
20408782ns          344040 1c009e22 00412c83 lw               x25, 4(x2)          x25=00000000  x2:10000f68  PA:10000f6c
20408822ns          344042 1c009e24 02410a13 addi             x20, x2, 36         x20=10000f8c  x2:10000f68
20408842ns          344043 1c009e28 998ff06f jal              x0, -3688          
20408923ns          344047 1c008fc0 00f00433 add              x8, x0, x15          x8=00000002 x15:00000002
20408943ns          344048 1c008fc2 01400db3 add              x27, x0, x20        x27=10000f8c x20:10000f8c
20408964ns          344049 1c008fc4 0040006f jal              x0, 4              
20409004ns          344051 1c008fc8 00a00613 addi             x12, x0, 10         x12=0000000a
20409024ns          344052 1c008fca 00000693 addi             x13, x0, 0          x13=00000000
20409045ns          344053 1c008fcc 00800533 add              x10, x0, x8         x10=00000002  x8:00000002
20409065ns          344054 1c008fce 019005b3 add              x11, x0, x25        x11=00000000 x25:00000000
20409085ns          344055 1c008fd0 c2aff0ef jal              x1, -3030            x1=1c008fd4
20409166ns          344059 1c0083fa 00c008b3 add              x17, x0, x12        x17=0000000a x12:0000000a
20409207ns          344061 1c0083fc 00d00733 add              x14, x0, x13        x14=00000000 x13:00000000
20409227ns          344062 1c0083fe 00a007b3 add              x15, x0, x10        x15=00000002 x10:00000002
20409591ns          344080 1c008400 00b00833 add              x16, x0, x11        x16=00000000 x11:00000000
20409632ns          344082 1c008402 1c069863 bne              x13, x0, 464        x13:00000000
20409652ns          344083 1c008406 1c0016b7 lui              x13, 0x1c001000     x13=1c001000
20409672ns          344084 1c00840a 86868693 addi             x13, x13, -1944     x13=1c000868 x13:1c001000
20409733ns          344087 1c00840e 0ac5f863 bgeu             x11, x12, 176       x11:00000000 x12:0000000a
20409753ns          344088 1c008412 00010337 lui              x6, 0x10000          x6=00010000
20409773ns          344089 1c008414 08667e63 bgeu             x12, x6, 156        x12:0000000a  x6:00010000
20409794ns          344090 1c008418 0ff00313 addi             x6, x0, 255          x6=000000ff
20409814ns          344091 1c00841c 00c37363 bgeu             x6, x12, 6           x6:000000ff x12:0000000a
20410259ns          344113 1c008422 00e65333 srl              x6, x12, x14         x6=0000000a x12:0000000a x14:00000000
20410279ns          344114 1c008426 006686b3 add              x13, x13, x6        x13=1c000872 x13:1c000868  x6:0000000a
20410300ns          344115 1c008428 0006ce03 lbu              x28, 0(x13)         x28=00000004 x13:1c000872  PA:1c000872
20410603ns          344130 1c00842c 02000313 addi             x6, x0, 32           x6=00000020
20410623ns          344131 1c008430 00ee0e33 add              x28, x28, x14       x28=00000004 x28:00000004 x14:00000000
20410644ns          344132 1c008432 41c30333 sub              x6, x6, x28          x6=0000001c  x6:00000020 x28:00000004
20410664ns          344133 1c008436 00030c63 beq              x6, x0, 24           x6:0000001c
20410684ns          344134 1c00843a 006595b3 sll              x11, x11, x6        x11=00000000 x11:00000000  x6:0000001c
20410745ns          344137 1c00843e 01c55e33 srl              x28, x10, x28       x28=00000000 x10:00000002 x28:00000004
20410785ns          344139 1c008442 006618b3 sll              x17, x12, x6        x17=a0000000 x12:0000000a  x6:0000001c
20410806ns          344140 1c008446 00be6833 or               x16, x28, x11       x16=00000000 x28:00000000 x11:00000000
20410826ns          344141 1c00844a 006517b3 sll              x15, x10, x6        x15=20000000 x10:00000002  x6:0000001c
20410886ns          344144 1c00844e 0108d613 srli             x12, x17, 0x10      x12=0000a000 x17:a0000000
20410927ns          344146 1c008452 02c87733 remu             x14, x16, x12       x14=00000000 x16:00000000 x12:0000a000
20411312ns          344165 1c008456 02c85833 divu             x16, x16, x12       x16=00000000 x16:00000000 x12:0000a000
20411696ns          344184 1c00845a 01089513 slli             x10, x17, 0x10      x10=00000000 x17:a0000000
20411716ns          344185 1c00845e 01055513 srli             x10, x10, 0x10      x10=00000000 x10:00000000
20411737ns          344186 1c008460 01071713 slli             x14, x14, 0x10      x14=00000000 x14:00000000
20411757ns          344187 1c008462 0107d693 srli             x13, x15, 0x10      x13=00002000 x15:20000000
20411777ns          344188 1c008466 03050833 mul              x16, x10, x16       x16=00000000 x10:00000000 x16:00000000
20411797ns          344189 1c00846a 00e6e6b3 or               x13, x13, x14       x13=00002000 x13:00002000 x14:00000000
20411818ns          344190 1c00846c 0106f863 bgeu             x13, x16, 16        x13:00002000 x16:00000000
20412222ns          344210 1c00847c 410686b3 sub              x13, x13, x16       x13=00002000 x13:00002000 x16:00000000
20412627ns          344230 1c008480 02c6f733 remu             x14, x13, x12       x14=00002000 x13:00002000 x12:0000a000
20413032ns          344250 1c008484 02c6d6b3 divu             x13, x13, x12       x13=00000000 x13:00002000 x12:0000a000
20413416ns          344269 1c008488 01079793 slli             x15, x15, 0x10      x15=00000000 x15:20000000
20413437ns          344270 1c00848a 02d506b3 mul              x13, x10, x13       x13=00000000 x10:00000000 x13:00000000
20413457ns          344271 1c00848e 0107d793 srli             x15, x15, 0x10      x15=00000000 x15:00000000
20413477ns          344272 1c008490 01071513 slli             x10, x14, 0x10      x10=20000000 x14:00002000
20413497ns          344273 1c008494 00a7e7b3 or               x15, x15, x10       x15=20000000 x15:00000000 x10:20000000
20413518ns          344274 1c008496 00d7f863 bgeu             x15, x13, 16        x15:20000000 x13:00000000
20413619ns          344279 1c0084a6 40d787b3 sub              x15, x15, x13       x15=20000000 x15:20000000 x13:00000000
20413639ns          344280 1c0084a8 0067d533 srl              x10, x15, x6        x10=00000002 x15:20000000  x6:0000001c
20413659ns          344281 1c0084ac 00000593 addi             x11, x0, 0          x11=00000000
20413680ns          344282 1c0084ae 00008067 jalr             x0, x1, 0            x1:1c008fd4
20413801ns          344288 1c008fd4 00a00933 add              x18, x0, x10        x18=00000002 x10:00000002
20413821ns          344289 1c008fd6 019005b3 add              x11, x0, x25        x11=00000000 x25:00000000
20413842ns          344290 1c008fd8 00800533 add              x10, x0, x8         x10=00000002  x8:00000002
20413862ns          344291 1c008fda 00a00613 addi             x12, x0, 10         x12=0000000a
20413882ns          344292 1c008fdc 00000693 addi             x13, x0, 0          x13=00000000
20413943ns          344295 1c008fde 8beff0ef jal              x1, -3906            x1=1c008fe2
20414024ns          344299 1c00809c 00b007b3 add              x15, x0, x11        x15=00000000 x11:00000000
20414044ns          344300 1c00809e 00c00833 add              x16, x0, x12        x16=0000000a x12:0000000a
20414428ns          344319 1c0080a0 00d008b3 add              x17, x0, x13        x17=00000000 x13:00000000
20414449ns          344320 1c0080a2 00a00333 add              x6, x0, x10          x6=00000002 x10:00000002
20414469ns          344321 1c0080a4 20069663 bne              x13, x0, 524        x13:00000000
20414489ns          344322 1c0080a8 1c001737 lui              x14, 0x1c001000     x14=1c001000
20414509ns          344323 1c0080ac 86870713 addi             x14, x14, -1944     x14=1c000868 x14:1c001000
20414914ns          344343 1c0080b0 0ac5fe63 bgeu             x11, x12, 188       x11:00000000 x12:0000000a
20414955ns          344345 1c0080b4 000106b7 lui              x13, 0x10000        x13=00010000
20414975ns          344346 1c0080b6 0ad67463 bgeu             x12, x13, 168       x12:0000000a x13:00010000
20414995ns          344347 1c0080ba 0ff00693 addi             x13, x0, 255        x13=000000ff
20415056ns          344350 1c0080be 00c6b6b3 sltu             x13, x13, x12       x13=00000000 x13:000000ff x12:0000000a
20415076ns          344351 1c0080c2 00369693 slli             x13, x13, 0x3       x13=00000000 x13:00000000
20415096ns          344352 1c0080c4 00d658b3 srl              x17, x12, x13       x17=0000000a x12:0000000a x13:00000000
20415117ns          344353 1c0080c8 01170733 add              x14, x14, x17       x14=1c000872 x14:1c000868 x17:0000000a
20415137ns          344354 1c0080ca 00074703 lbu              x14, 0(x14)         x14=00000004 x14:1c000872  PA:1c000872
20415461ns          344370 1c0080ce 00e686b3 add              x13, x13, x14       x13=00000004 x13:00000000 x14:00000004
20415481ns          344371 1c0080d0 02000713 addi             x14, x0, 32         x14=00000020
20415501ns          344372 1c0080d4 40d70733 sub              x14, x14, x13       x14=0000001c x14:00000020 x13:00000004
20415521ns          344373 1c0080d6 00070b63 beq              x14, x0, 22         x14:0000001c
20415542ns          344374 1c0080d8 00e797b3 sll              x15, x15, x14       x15=00000000 x15:00000000 x14:0000001c
20415562ns          344375 1c0080dc 00d556b3 srl              x13, x10, x13       x13=00000000 x10:00000002 x13:00000004
20415946ns          344394 1c0080e0 00e61833 sll              x16, x12, x14       x16=a0000000 x12:0000000a x14:0000001c
20415987ns          344396 1c0080e4 00f6e5b3 or               x11, x13, x15       x11=00000000 x13:00000000 x15:00000000
20416007ns          344397 1c0080e8 00e51333 sll              x6, x10, x14         x6=20000000 x10:00000002 x14:0000001c
20416027ns          344398 1c0080ec 01085513 srli             x10, x16, 0x10      x10=0000a000 x16:a0000000
20416088ns          344401 1c0080f0 02a5f733 remu             x14, x11, x10       x14=00000000 x11:00000000 x10:0000a000
20416493ns          344421 1c0080f4 02a5d7b3 divu             x15, x11, x10       x15=00000000 x11:00000000 x10:0000a000
20416878ns          344440 1c0080f8 01081613 slli             x12, x16, 0x10      x12=00000000 x16:a0000000
20416898ns          344441 1c0080fc 01071713 slli             x14, x14, 0x10      x14=00000000 x14:00000000
20416918ns          344442 1c0080fe 01065613 srli             x12, x12, 0x10      x12=00000000 x12:00000000
20416938ns          344443 1c008100 01035693 srli             x13, x6, 0x10       x13=00002000  x6:20000000
20416958ns          344444 1c008104 00e6e6b3 or               x13, x13, x14       x13=00002000 x13:00002000 x14:00000000
20416979ns          344445 1c008106 02f605b3 mul              x11, x12, x15       x11=00000000 x12:00000000 x15:00000000
20416999ns          344446 1c00810a 00f00733 add              x14, x0, x15        x14=00000000 x15:00000000
20417019ns          344447 1c00810c 00b6fc63 bgeu             x13, x11, 24        x13:00002000 x11:00000000
20417788ns          344485 1c008124 40b686b3 sub              x13, x13, x11       x13=00002000 x13:00002000 x11:00000000
20417829ns          344487 1c008126 02a6f7b3 remu             x15, x13, x10       x15=00002000 x13:00002000 x10:0000a000
20418213ns          344506 1c00812a 02a6d6b3 divu             x13, x13, x10       x13=00000000 x13:00002000 x10:0000a000
20418598ns          344525 1c00812e 01031313 slli             x6, x6, 0x10         x6=00000000  x6:20000000
20418618ns          344526 1c008130 01079793 slli             x15, x15, 0x10      x15=20000000 x15:00002000
20418638ns          344527 1c008132 01035313 srli             x6, x6, 0x10         x6=00000000  x6:00000000
20418659ns          344528 1c008136 02d605b3 mul              x11, x12, x13       x11=00000000 x12:00000000 x13:00000000
20418679ns          344529 1c00813a 0067e333 or               x6, x15, x6          x6=20000000 x15:20000000  x6:00000000
20418699ns          344530 1c00813e 00d00533 add              x10, x0, x13        x10=00000000 x13:00000000
20418740ns          344532 1c008140 00b37b63 bgeu             x6, x11, 22          x6:20000000 x11:00000000
20419185ns          344554 1c008156 01071713 slli             x14, x14, 0x10      x14=00000000 x14:00000000
20419225ns          344556 1c008158 00a76733 or               x14, x14, x10       x14=00000000 x14:00000000 x10:00000000
20419246ns          344557 1c00815a 00000593 addi             x11, x0, 0          x11=00000000
20419266ns          344558 1c00815c 0b20006f jal              x0, 178            
20419387ns          344564 1c00820e 00e00533 add              x10, x0, x14        x10=00000000 x14:00000000
20419468ns          344568 1c008210 00008067 jalr             x0, x1, 0            x1:1c008fe2
20419529ns          344571 1c008fe2 03090913 addi             x18, x18, 48        x18=00000032 x18:00000002
20419549ns          344572 1c008fe6 012d8023 sb               x18, 0(x27)         x18:00000032 x27:10000f8c  PA:10000f8c
20419569ns          344573 1c008fea 00a5e7b3 or               x15, x11, x10       x15=00000000 x11:00000000 x10:00000000
20419630ns          344576 1c008fee 001d8913 addi             x18, x27, 1         x18=10000f8d x27:10000f8c
20419650ns          344577 1c008ff2 00a00433 add              x8, x0, x10          x8=00000000 x10:00000000
20419671ns          344578 1c008ff4 00b00cb3 add              x25, x0, x11        x25=00000000 x11:00000000
20419691ns          344579 1c008ff6 fc0798e3 bne              x15, x0, -48        x15:00000000
20419711ns          344580 1c008ff8 00090023 sb               x0, 0(x18)          x18:10000f8d  PA:10000f8d
20419731ns          344581 1c008ffc 01ba7d63 bgeu             x20, x27, 26        x20:10000f8c x27:10000f8c
20420197ns          344604 1c009016 00012783 lw               x15, 0(x2)          x15=10000f8c  x2:10000f68  PA:10000f68
20420237ns          344606 1c009018 00c12703 lw               x14, 12(x2)         x14=00000000  x2:10000f68  PA:10000f74
20420258ns          344607 1c00901a 40f90933 sub              x18, x18, x15       x18=00000001 x18:10000f8d x15:10000f8c
20420318ns          344610 1c00901e 3c071de3 bne              x14, x0, 3034       x14:00000000
20420339ns          344611 1c009022 01012783 lw               x15, 16(x2)         x15=00000000  x2:10000f68  PA:10000f78
20420379ns          344613 1c009024 3c079ae3 bne              x15, x0, 3028       x15:00000000
20420399ns          344614 1c009028 00412703 lw               x14, 4(x2)          x14=00000000  x2:10000f68  PA:10000f6c
20420440ns          344616 1c00902a 01f75713 srli             x14, x14, 0x1f      x14=00000000 x14:00000000
20420460ns          344617 1c00902c 00e12223 sw               x14, 4(x2)          x14:00000000  x2:10000f68  PA:10000f6c
20420804ns          344634 1c00902e 3404c463 blt              x9, x0, 840          x9:ffffffff
20420905ns          344639 1c009376 00000c93 addi             x25, x0, 0          x25=00000000
20420946ns          344641 1c009378 00012c23 sw               x0, 24(x2)           x2:10000f68  PA:10000f80
20420966ns          344642 1c00937a 00000a13 addi             x20, x0, 0          x20=00000000
20420986ns          344643 1c00937c 01412783 lw               x15, 20(x2)         x15=00000000  x2:10000f68  PA:10000f7c
20421371ns          344662 1c00937e 5e078163 beq              x15, x0, 1506       x15:00000000
20421472ns          344667 1c009960 412b0b33 sub              x22, x22, x18       x22=ffffffff x22:00000000 x18:00000001
20421512ns          344669 1c009964 02410413 addi             x8, x2, 36           x8=10000f8c  x2:10000f68
20421533ns          344670 1c009966 00000493 addi             x9, x0, 0            x9=00000000
20421553ns          344671 1c009968 ee6ff06f jal              x0, -2330          
20421695ns          344678 1c00904e 00812703 lw               x14, 8(x2)          x14=00000000  x2:10000f68  PA:10000f70
20421776ns          344682 1c009050 02071063 bne              x14, x0, 32         x14:00000000
20421816ns          344684 1c009052 01605f63 bge              x0, x22, 30         x22:ffffffff
20421917ns          344689 1c009070 00412783 lw               x15, 4(x2)          x15=00000000  x2:10000f68  PA:10000f6c
20421958ns          344691 1c009072 00f40db3 add              x27, x8, x15        x27=10000f8c  x8:10000f8c x15:00000000
20421978ns          344692 1c009076 00c0006f jal              x0, 12             
20422059ns          344696 1c009082 017005b3 add              x11, x0, x23        x11=00000002 x23:00000002
20422099ns          344698 1c009084 ffb41ae3 bne              x8, x27, -12         x8:10000f8c x27:10000f8c
20422120ns          344699 1c009088 00900db3 add              x27, x0, x9         x27=00000000  x9:00000000
20422140ns          344700 1c00908a 0080006f jal              x0, 8              
20422241ns          344705 1c009092 fffd8d93 addi             x27, x27, -1        x27=ffffffff x27:00000000
20422261ns          344706 1c009094 017005b3 add              x11, x0, x23        x11=00000002 x23:00000002
20422282ns          344707 1c009096 03000513 addi             x10, x0, 48         x10=00000030
20422302ns          344708 1c00909a fffdb9e3 p.bneimm         x27, -14            x27:ffffffff
20422322ns          344709 1c00909e 00412703 lw               x14, 4(x2)          x14=00000000  x2:10000f68  PA:10000f6c
20422363ns          344711 1c0090a0 40e90933 sub              x18, x18, x14       x18=00000001 x18:00000001 x14:00000000
20422403ns          344713 1c0090a4 01212423 sw               x18, 8(x2)          x18:00000001  x2:10000f68  PA:10000f70
20422423ns          344714 1c0090a6 e40a15e3 bne              x20, x0, -438       x20:00000000
20422444ns          344715 1c0090aa 01812783 lw               x15, 24(x2)         x15=00000000  x2:10000f68  PA:10000f80
20422484ns          344717 1c0090ac 16079763 bne              x15, x0, 366        x15:00000000
20422504ns          344718 1c0090b0 120c8863 beq              x25, x0, 304        x25:00000000
20422605ns          344723 1c0091e0 017005b3 add              x11, x0, x23        x11=00000002 x23:00000002
20422646ns          344725 1c0091e2 ff2049e3 blt              x0, x18, -14        x18:00000001
20422747ns          344730 1c0091d4 0014450b p.lbu            x10, 1(x8!)         x10=00000032  x8=10000f8d  x8:10000f8c  PA:10000f8c
20422788ns          344732 1c0091d8 fff90913 addi             x18, x18, -1        x18=00000000 x18:00000001
20422808ns          344733 1c0091da 000980e7 jalr             x1, x19, 0           x1=1c0091dc x19:1c008d20
20423233ns          344754 1c008d20 f14027f3 csrrs            x15, x0, 0xf14      x15=00000002
20423273ns          344756 1c008d24 1a10f6b7 lui              x13, 0x1a10f000     x13=1a10f000
20423294ns          344757 1c008d28 ca5797b3 p.extractu       x15, x15, 5, 5      x15=00000000 x15:00000002
20423314ns          344758 1c008d2c f1402773 csrrs            x14, x0, 0xf14      x14=00000002
20423334ns          344759 1c008d30 00779793 slli             x15, x15, 0x7       x15=00000000 x15:00000000
20423354ns          344760 1c008d32 00371713 slli             x14, x14, 0x3       x14=00000010 x14:00000002
20423375ns          344761 1c008d34 0ff57513 andi             x10, x10, 255       x10=00000032 x10:00000032
20423395ns          344762 1c008d38 ee873733 p.bclr           x14, x14, 23, 8     x14=00000010 x14:00000010
20423415ns          344763 1c008d3c 00d787b3 add              x15, x15, x13       x15=1a10f000 x15:00000000 x13:1a10f000
20423456ns          344765 1c008d3e 00a767a3 p.sw             x10, x0(x14)        x10:00000032 x14:00000010  PA:1a10f010
20423820ns          344783 1c008d42 00000513 addi             x10, x0, 0          x10=00000000
20423840ns          344784 1c008d44 00008067 jalr             x0, x1, 0            x1:1c0091dc
20423921ns          344788 1c0091dc d5f522e3 p.beqimm         x10, -700           x10:00000000
20423962ns          344790 1c0091e0 017005b3 add              x11, x0, x23        x11=00000002 x23:00000002
20423982ns          344791 1c0091e2 ff2049e3 blt              x0, x18, -14        x18:00000000
20424002ns          344792 1c0091e6 00412783 lw               x15, 4(x2)          x15=00000000  x2:10000f68  PA:10000f6c
20424022ns          344793 1c0091e8 01c12a03 lw               x20, 28(x2)         x20=10001010  x2:10000f68  PA:10000f84
20424042ns          344794 1c0091ea 00fa8733 add              x14, x21, x15       x14=00000004 x21:00000004 x15:00000000
20424063ns          344795 1c0091ee 00812783 lw               x15, 8(x2)          x15=00000001  x2:10000f68  PA:10000f70
20424083ns          344796 1c0091f0 00970733 add              x14, x14, x9        x14=00000004 x14:00000004  x9:00000000
20424123ns          344798 1c0091f2 00e78ab3 add              x21, x15, x14       x21=00000005 x15:00000001 x14:00000004
20424144ns          344799 1c0091f6 bf6059e3 bge              x0, x22, -1038      x22:ffffffff
20424306ns          344807 1c008de8 000d4503 lbu              x10, 0(x26)         x10=00000020 x26:1c0009b2  PA:1c0009b2
20424629ns          344823 1c008dec 001d0413 addi             x8, x26, 1           x8=1c0009b3 x26:1c0009b2
20424650ns          344824 1c008df0 0c050b63 beq              x10, x0, 214        x10:00000020
20424670ns          344825 1c008df2 02500793 addi             x15, x0, 37         x15=00000025
20424690ns          344826 1c008df6 fef513e3 bne              x10, x15, -26       x10:00000020 x15:00000025
20424852ns          344834 1c008ddc 017005b3 add              x11, x0, x23        x11=00000002 x23:00000002
20424872ns          344835 1c008dde 000980e7 jalr             x1, x19, 0           x1=1c008de0 x19:1c008d20
20424913ns          344837 1c008d20 f14027f3 csrrs            x15, x0, 0xf14      x15=00000002
20424933ns          344838 1c008d24 1a10f6b7 lui              x13, 0x1a10f000     x13=1a10f000
20424953ns          344839 1c008d28 ca5797b3 p.extractu       x15, x15, 5, 5      x15=00000000 x15:00000002
20424974ns          344840 1c008d2c f1402773 csrrs            x14, x0, 0xf14      x14=00000002
20424994ns          344841 1c008d30 00779793 slli             x15, x15, 0x7       x15=00000000 x15:00000000
20425014ns          344842 1c008d32 00371713 slli             x14, x14, 0x3       x14=00000010 x14:00000002
20425034ns          344843 1c008d34 0ff57513 andi             x10, x10, 255       x10=00000020 x10:00000020
20425054ns          344844 1c008d38 ee873733 p.bclr           x14, x14, 23, 8     x14=00000010 x14:00000010
20425075ns          344845 1c008d3c 00d787b3 add              x15, x15, x13       x15=1a10f000 x15:00000000 x13:1a10f000
20425095ns          344846 1c008d3e 00a767a3 p.sw             x10, x0(x14)        x10:00000020 x14:00000010  PA:1a10f010
20425419ns          344862 1c008d42 00000513 addi             x10, x0, 0          x10=00000000
20425439ns          344863 1c008d44 00008067 jalr             x0, x1, 0            x1:1c008de0
20425480ns          344865 1c008de0 15f52063 p.beqimm         x10, 320            x10:00000000
20425500ns          344866 1c008de4 001a8a93 addi             x21, x21, 1         x21=00000006 x21:00000005
20425520ns          344867 1c008de6 00800d33 add              x26, x0, x8         x26=1c0009b3  x8:1c0009b3
20425540ns          344868 1c008de8 000d4503 lbu              x10, 0(x26)         x10=00000054 x26:1c0009b3  PA:1c0009b3
20425844ns          344883 1c008dec 001d0413 addi             x8, x26, 1           x8=1c0009b4 x26:1c0009b3
20425864ns          344884 1c008df0 0c050b63 beq              x10, x0, 214        x10:00000054
20425884ns          344885 1c008df2 02500793 addi             x15, x0, 37         x15=00000025
20425905ns          344886 1c008df6 fef513e3 bne              x10, x15, -26       x10:00000054 x15:00000025
20425965ns          344889 1c008ddc 017005b3 add              x11, x0, x23        x11=00000002 x23:00000002
20425986ns          344890 1c008dde 000980e7 jalr             x1, x19, 0           x1=1c008de0 x19:1c008d20
20426026ns          344892 1c008d20 f14027f3 csrrs            x15, x0, 0xf14      x15=00000002
20426046ns          344893 1c008d24 1a10f6b7 lui              x13, 0x1a10f000     x13=1a10f000
20426066ns          344894 1c008d28 ca5797b3 p.extractu       x15, x15, 5, 5      x15=00000000 x15:00000002
20426087ns          344895 1c008d2c f1402773 csrrs            x14, x0, 0xf14      x14=00000002
20426107ns          344896 1c008d30 00779793 slli             x15, x15, 0x7       x15=00000000 x15:00000000
20426127ns          344897 1c008d32 00371713 slli             x14, x14, 0x3       x14=00000010 x14:00000002
20426147ns          344898 1c008d34 0ff57513 andi             x10, x10, 255       x10=00000054 x10:00000054
20426168ns          344899 1c008d38 ee873733 p.bclr           x14, x14, 23, 8     x14=00000010 x14:00000010
20426188ns          344900 1c008d3c 00d787b3 add              x15, x15, x13       x15=1a10f000 x15:00000000 x13:1a10f000
20426208ns          344901 1c008d3e 00a767a3 p.sw             x10, x0(x14)        x10:00000054 x14:00000010  PA:1a10f010
20426532ns          344917 1c008d42 00000513 addi             x10, x0, 0          x10=00000000
20426552ns          344918 1c008d44 00008067 jalr             x0, x1, 0            x1:1c008de0
20426593ns          344920 1c008de0 15f52063 p.beqimm         x10, 320            x10:00000000
20426613ns          344921 1c008de4 001a8a93 addi             x21, x21, 1         x21=00000007 x21:00000006
20426633ns          344922 1c008de6 00800d33 add              x26, x0, x8         x26=1c0009b4  x8:1c0009b4
20426653ns          344923 1c008de8 000d4503 lbu              x10, 0(x26)         x10=00000061 x26:1c0009b4  PA:1c0009b4
20426957ns          344938 1c008dec 001d0413 addi             x8, x26, 1           x8=1c0009b5 x26:1c0009b4
20426977ns          344939 1c008df0 0c050b63 beq              x10, x0, 214        x10:00000061
20426998ns          344940 1c008df2 02500793 addi             x15, x0, 37         x15=00000025
20427018ns          344941 1c008df6 fef513e3 bne              x10, x15, -26       x10:00000061 x15:00000025
20427078ns          344944 1c008ddc 017005b3 add              x11, x0, x23        x11=00000002 x23:00000002
20427099ns          344945 1c008dde 000980e7 jalr             x1, x19, 0           x1=1c008de0 x19:1c008d20
20427139ns          344947 1c008d20 f14027f3 csrrs            x15, x0, 0xf14      x15=00000002
20427159ns          344948 1c008d24 1a10f6b7 lui              x13, 0x1a10f000     x13=1a10f000
20427180ns          344949 1c008d28 ca5797b3 p.extractu       x15, x15, 5, 5      x15=00000000 x15:00000002
20427200ns          344950 1c008d2c f1402773 csrrs            x14, x0, 0xf14      x14=00000002
20427220ns          344951 1c008d30 00779793 slli             x15, x15, 0x7       x15=00000000 x15:00000000
20427240ns          344952 1c008d32 00371713 slli             x14, x14, 0x3       x14=00000010 x14:00000002
20427261ns          344953 1c008d34 0ff57513 andi             x10, x10, 255       x10=00000061 x10:00000061
20427281ns          344954 1c008d38 ee873733 p.bclr           x14, x14, 23, 8     x14=00000010 x14:00000010
20427301ns          344955 1c008d3c 00d787b3 add              x15, x15, x13       x15=1a10f000 x15:00000000 x13:1a10f000
20427321ns          344956 1c008d3e 00a767a3 p.sw             x10, x0(x14)        x10:00000061 x14:00000010  PA:1a10f010
20427645ns          344972 1c008d42 00000513 addi             x10, x0, 0          x10=00000000
20427665ns          344973 1c008d44 00008067 jalr             x0, x1, 0            x1:1c008de0
20427706ns          344975 1c008de0 15f52063 p.beqimm         x10, 320            x10:00000000
20427726ns          344976 1c008de4 001a8a93 addi             x21, x21, 1         x21=00000008 x21:00000007
20427746ns          344977 1c008de6 00800d33 add              x26, x0, x8         x26=1c0009b5  x8:1c0009b5
20427767ns          344978 1c008de8 000d4503 lbu              x10, 0(x26)         x10=00000073 x26:1c0009b5  PA:1c0009b5
20428070ns          344993 1c008dec 001d0413 addi             x8, x26, 1           x8=1c0009b6 x26:1c0009b5
20428090ns          344994 1c008df0 0c050b63 beq              x10, x0, 214        x10:00000073
20428111ns          344995 1c008df2 02500793 addi             x15, x0, 37         x15=00000025
20428131ns          344996 1c008df6 fef513e3 bne              x10, x15, -26       x10:00000073 x15:00000025
20428192ns          344999 1c008ddc 017005b3 add              x11, x0, x23        x11=00000002 x23:00000002
20428212ns          345000 1c008dde 000980e7 jalr             x1, x19, 0           x1=1c008de0 x19:1c008d20
20428252ns          345002 1c008d20 f14027f3 csrrs            x15, x0, 0xf14      x15=00000002
20428273ns          345003 1c008d24 1a10f6b7 lui              x13, 0x1a10f000     x13=1a10f000
20428293ns          345004 1c008d28 ca5797b3 p.extractu       x15, x15, 5, 5      x15=00000000 x15:00000002
20428313ns          345005 1c008d2c f1402773 csrrs            x14, x0, 0xf14      x14=00000002
20428333ns          345006 1c008d30 00779793 slli             x15, x15, 0x7       x15=00000000 x15:00000000
20428354ns          345007 1c008d32 00371713 slli             x14, x14, 0x3       x14=00000010 x14:00000002
20428374ns          345008 1c008d34 0ff57513 andi             x10, x10, 255       x10=00000073 x10:00000073
20428394ns          345009 1c008d38 ee873733 p.bclr           x14, x14, 23, 8     x14=00000010 x14:00000010
20428414ns          345010 1c008d3c 00d787b3 add              x15, x15, x13       x15=1a10f000 x15:00000000 x13:1a10f000
20428435ns          345011 1c008d3e 00a767a3 p.sw             x10, x0(x14)        x10:00000073 x14:00000010  PA:1a10f010
20428758ns          345027 1c008d42 00000513 addi             x10, x0, 0          x10=00000000
20428779ns          345028 1c008d44 00008067 jalr             x0, x1, 0            x1:1c008de0
20428819ns          345030 1c008de0 15f52063 p.beqimm         x10, 320            x10:00000000
20428839ns          345031 1c008de4 001a8a93 addi             x21, x21, 1         x21=00000009 x21:00000008
20428860ns          345032 1c008de6 00800d33 add              x26, x0, x8         x26=1c0009b6  x8:1c0009b6
20428880ns          345033 1c008de8 000d4503 lbu              x10, 0(x26)         x10=0000006b x26:1c0009b6  PA:1c0009b6
20429183ns          345048 1c008dec 001d0413 addi             x8, x26, 1           x8=1c0009b7 x26:1c0009b6
20429204ns          345049 1c008df0 0c050b63 beq              x10, x0, 214        x10:0000006b
20429224ns          345050 1c008df2 02500793 addi             x15, x0, 37         x15=00000025
20429244ns          345051 1c008df6 fef513e3 bne              x10, x15, -26       x10:0000006b x15:00000025
20429305ns          345054 1c008ddc 017005b3 add              x11, x0, x23        x11=00000002 x23:00000002
20429325ns          345055 1c008dde 000980e7 jalr             x1, x19, 0           x1=1c008de0 x19:1c008d20
20429366ns          345057 1c008d20 f14027f3 csrrs            x15, x0, 0xf14      x15=00000002
20429386ns          345058 1c008d24 1a10f6b7 lui              x13, 0x1a10f000     x13=1a10f000
20429406ns          345059 1c008d28 ca5797b3 p.extractu       x15, x15, 5, 5      x15=00000000 x15:00000002
20429426ns          345060 1c008d2c f1402773 csrrs            x14, x0, 0xf14      x14=00000002
20429447ns          345061 1c008d30 00779793 slli             x15, x15, 0x7       x15=00000000 x15:00000000
20429467ns          345062 1c008d32 00371713 slli             x14, x14, 0x3       x14=00000010 x14:00000002
20429487ns          345063 1c008d34 0ff57513 andi             x10, x10, 255       x10=0000006b x10:0000006b
20429507ns          345064 1c008d38 ee873733 p.bclr           x14, x14, 23, 8     x14=00000010 x14:00000010
20429528ns          345065 1c008d3c 00d787b3 add              x15, x15, x13       x15=1a10f000 x15:00000000 x13:1a10f000
20429548ns          345066 1c008d3e 00a767a3 p.sw             x10, x0(x14)        x10:0000006b x14:00000010  PA:1a10f010
20429872ns          345082 1c008d42 00000513 addi             x10, x0, 0          x10=00000000
20429892ns          345083 1c008d44 00008067 jalr             x0, x1, 0            x1:1c008de0
20429932ns          345085 1c008de0 15f52063 p.beqimm         x10, 320            x10:00000000
20429953ns          345086 1c008de4 001a8a93 addi             x21, x21, 1         x21=0000000a x21:00000009
20429973ns          345087 1c008de6 00800d33 add              x26, x0, x8         x26=1c0009b7  x8:1c0009b7
20429993ns          345088 1c008de8 000d4503 lbu              x10, 0(x26)         x10=00000020 x26:1c0009b7  PA:1c0009b7
20430297ns          345103 1c008dec 001d0413 addi             x8, x26, 1           x8=1c0009b8 x26:1c0009b7
20430317ns          345104 1c008df0 0c050b63 beq              x10, x0, 214        x10:00000020
20430337ns          345105 1c008df2 02500793 addi             x15, x0, 37         x15=00000025
20430357ns          345106 1c008df6 fef513e3 bne              x10, x15, -26       x10:00000020 x15:00000025
20430418ns          345109 1c008ddc 017005b3 add              x11, x0, x23        x11=00000002 x23:00000002
20430438ns          345110 1c008dde 000980e7 jalr             x1, x19, 0           x1=1c008de0 x19:1c008d20
20430479ns          345112 1c008d20 f14027f3 csrrs            x15, x0, 0xf14      x15=00000002
20430499ns          345113 1c008d24 1a10f6b7 lui              x13, 0x1a10f000     x13=1a10f000
20430519ns          345114 1c008d28 ca5797b3 p.extractu       x15, x15, 5, 5      x15=00000000 x15:00000002
20430540ns          345115 1c008d2c f1402773 csrrs            x14, x0, 0xf14      x14=00000002
20430560ns          345116 1c008d30 00779793 slli             x15, x15, 0x7       x15=00000000 x15:00000000
20430580ns          345117 1c008d32 00371713 slli             x14, x14, 0x3       x14=00000010 x14:00000002
20430600ns          345118 1c008d34 0ff57513 andi             x10, x10, 255       x10=00000020 x10:00000020
20430620ns          345119 1c008d38 ee873733 p.bclr           x14, x14, 23, 8     x14=00000010 x14:00000010
20430641ns          345120 1c008d3c 00d787b3 add              x15, x15, x13       x15=1a10f000 x15:00000000 x13:1a10f000
20430661ns          345121 1c008d3e 00a767a3 p.sw             x10, x0(x14)        x10:00000020 x14:00000010  PA:1a10f010
20430985ns          345137 1c008d42 00000513 addi             x10, x0, 0          x10=00000000
20431005ns          345138 1c008d44 00008067 jalr             x0, x1, 0            x1:1c008de0
20431046ns          345140 1c008de0 15f52063 p.beqimm         x10, 320            x10:00000000
20431066ns          345141 1c008de4 001a8a93 addi             x21, x21, 1         x21=0000000b x21:0000000a
20431086ns          345142 1c008de6 00800d33 add              x26, x0, x8         x26=1c0009b8  x8:1c0009b8
20431106ns          345143 1c008de8 000d4503 lbu              x10, 0(x26)         x10=00000025 x26:1c0009b8  PA:1c0009b8
20431410ns          345158 1c008dec 001d0413 addi             x8, x26, 1           x8=1c0009b9 x26:1c0009b8
20431430ns          345159 1c008df0 0c050b63 beq              x10, x0, 214        x10:00000025
20431450ns          345160 1c008df2 02500793 addi             x15, x0, 37         x15=00000025
20431471ns          345161 1c008df6 fef513e3 bne              x10, x15, -26       x10:00000025 x15:00000025
20431491ns          345162 1c008dfa 00012a23 sw               x0, 20(x2)           x2:10000f68  PA:10000f7c
20431511ns          345163 1c008dfc 00012823 sw               x0, 16(x2)           x2:10000f68  PA:10000f78
20431531ns          345164 1c008dfe 00012623 sw               x0, 12(x2)           x2:10000f68  PA:10000f74
20431552ns          345165 1c008e00 00012423 sw               x0, 8(x2)            x2:10000f68  PA:10000f70
20431572ns          345166 1c008e02 00012223 sw               x0, 4(x2)            x2:10000f68  PA:10000f6c
20431592ns          345167 1c008e04 02300493 addi             x9, x0, 35           x9=00000023
20431612ns          345168 1c008e08 02d00b13 addi             x22, x0, 45         x22=0000002d
20431632ns          345169 1c008e0c 00044c83 lbu              x25, 0(x8)          x25=00000064  x8:1c0009b9  PA:1c0009b9
20431956ns          345185 1c008e10 00140913 addi             x18, x8, 1          x18=1c0009ba  x8:1c0009b9
20431977ns          345186 1c008e14 019005b3 add              x11, x0, x25        x11=00000064 x25:00000064
20431997ns          345187 1c008e16 9d0c0513 addi             x10, x24, -1584     x10=1c0009d0 x24:1c001000
20432017ns          345188 1c008e1a 01200d33 add              x26, x0, x18        x26=1c0009ba x18:1c0009ba
20432037ns          345189 1c008e1c 01900db3 add              x27, x0, x25        x27=00000064 x25:00000064
20432058ns          345190 1c008e1e e89ff0ef jal              x1, -376             x1=1c008e20
20432219ns          345198 1c008ca6 00054783 lbu              x15, 0(x10)         x15=0000002d x10:1c0009d0  PA:1c0009d0
20432523ns          345213 1c008caa 0ff5f593 andi             x11, x11, 255       x11=00000064 x11:00000064
20432543ns          345214 1c008cae 00b78c63 beq              x15, x11, 24        x15:0000002d x11:00000064
20432564ns          345215 1c008cb2 00078b63 beq              x15, x0, 22         x15:0000002d
20432584ns          345216 1c008cb4 00150793 addi             x15, x10, 1         x15=1c0009d1 x10:1c0009d0
20432604ns          345217 1c008cb8 0040006f jal              x0, 4              
20432705ns          345222 1c008cbc 00f00533 add              x10, x0, x15        x10=1c0009d1 x15:1c0009d1
20432725ns          345223 1c008cbe 0017c70b p.lbu            x14, 1(x15!)        x14=0000002b x15=1c0009d2 x15:1c0009d1  PA:1c0009d1
20433049ns          345239 1c008cc2 feb71ce3 bne              x14, x11, -8        x14:0000002b x11:00000064
20433110ns          345242 1c008cba 00070763 beq              x14, x0, 14         x14:0000002b
20433130ns          345243 1c008cbc 00f00533 add              x10, x0, x15        x10=1c0009d2 x15:1c0009d2
20433150ns          345244 1c008cbe 0017c70b p.lbu            x14, 1(x15!)        x14=00000020 x15=1c0009d3 x15:1c0009d2  PA:1c0009d2
20433474ns          345260 1c008cc2 feb71ce3 bne              x14, x11, -8        x14:00000020 x11:00000064
20433535ns          345263 1c008cba 00070763 beq              x14, x0, 14         x14:00000020
20433555ns          345264 1c008cbc 00f00533 add              x10, x0, x15        x10=1c0009d3 x15:1c0009d3
20433576ns          345265 1c008cbe 0017c70b p.lbu            x14, 1(x15!)        x14=00000023 x15=1c0009d4 x15:1c0009d3  PA:1c0009d3
20433899ns          345281 1c008cc2 feb71ce3 bne              x14, x11, -8        x14:00000023 x11:00000064
20433960ns          345284 1c008cba 00070763 beq              x14, x0, 14         x14:00000023
20433980ns          345285 1c008cbc 00f00533 add              x10, x0, x15        x10=1c0009d4 x15:1c0009d4
20434001ns          345286 1c008cbe 0017c70b p.lbu            x14, 1(x15!)        x14=00000030 x15=1c0009d5 x15:1c0009d4  PA:1c0009d4
20434324ns          345302 1c008cc2 feb71ce3 bne              x14, x11, -8        x14:00000030 x11:00000064
20434385ns          345305 1c008cba 00070763 beq              x14, x0, 14         x14:00000030
20434405ns          345306 1c008cbc 00f00533 add              x10, x0, x15        x10=1c0009d5 x15:1c0009d5
20434426ns          345307 1c008cbe 0017c70b p.lbu            x14, 1(x15!)        x14=00000000 x15=1c0009d6 x15:1c0009d5  PA:1c0009d5
20434729ns          345322 1c008cc2 feb71ce3 bne              x14, x11, -8        x14:00000000 x11:00000064
20434790ns          345325 1c008cba 00070763 beq              x14, x0, 14         x14:00000000
20434851ns          345328 1c008cc8 0015b593 sltiu            x11, x11, 1         x11=00000000 x11:00000064
20434871ns          345329 1c008ccc 40b005b3 sub              x11, x0, x11        x11=00000000 x11:00000000
20434891ns          345330 1c008cd0 00b57533 and              x10, x10, x11       x10=00000000 x10:1c0009d5 x11:00000000
20434911ns          345331 1c008cd2 00008067 jalr             x0, x1, 0            x1:1c008e20
20434952ns          345333 1c008e20 02050b63 beq              x10, x0, 54         x10:00000000
20435438ns          345357 1c008e56 02a00693 addi             x13, x0, 42         x13=0000002a
20435458ns          345358 1c008e5a 2edc8263 beq              x25, x13, 740       x25:00000064 x13:0000002a
20435519ns          345361 1c008e5e fd0c8693 addi             x13, x25, -48       x13=00000034 x25:00000064
20435539ns          345362 1c008e62 00900593 addi             x11, x0, 9          x11=00000009
20435559ns          345363 1c008e64 00000b13 addi             x22, x0, 0          x22=00000000
20435579ns          345364 1c008e66 0cd5fd63 bgeu             x11, x13, 218       x11:00000009 x13:00000034
20435600ns          345365 1c008e6a 02e00793 addi             x15, x0, 46         x15=0000002e
20435660ns          345368 1c008e6e 28fd8663 beq              x27, x15, 652       x27:00000064 x15:0000002e
20435680ns          345369 1c008e72 01b00433 add              x8, x0, x27          x8=00000064 x27:00000064
20435701ns          345370 1c008e74 fff00493 addi             x9, x0, -1           x9=ffffffff
20435721ns          345371 1c008e76 1c001737 lui              x14, 0x1c001000     x14=1c001000
20435741ns          345372 1c008e7a 01b005b3 add              x11, x0, x27        x11=00000064 x27:00000064
20435761ns          345373 1c008e7c 9d870513 addi             x10, x14, -1576     x10=1c0009d8 x14:1c001000
20435802ns          345375 1c008e80 e27ff0ef jal              x1, -474             x1=1c008e82
20435863ns          345378 1c008ca6 00054783 lbu              x15, 0(x10)         x15=00000068 x10:1c0009d8  PA:1c0009d8
20436166ns          345393 1c008caa 0ff5f593 andi             x11, x11, 255       x11=00000064 x11:00000064
20436186ns          345394 1c008cae 00b78c63 beq              x15, x11, 24        x15:00000068 x11:00000064
20436207ns          345395 1c008cb2 00078b63 beq              x15, x0, 22         x15:00000068
20436227ns          345396 1c008cb4 00150793 addi             x15, x10, 1         x15=1c0009d9 x10:1c0009d8
20436247ns          345397 1c008cb8 0040006f jal              x0, 4              
20436288ns          345399 1c008cbc 00f00533 add              x10, x0, x15        x10=1c0009d9 x15:1c0009d9
20436308ns          345400 1c008cbe 0017c70b p.lbu            x14, 1(x15!)        x14=0000006c x15=1c0009da x15:1c0009d9  PA:1c0009d9
20436632ns          345416 1c008cc2 feb71ce3 bne              x14, x11, -8        x14:0000006c x11:00000064
20436692ns          345419 1c008cba 00070763 beq              x14, x0, 14         x14:0000006c
20436713ns          345420 1c008cbc 00f00533 add              x10, x0, x15        x10=1c0009da x15:1c0009da
20436733ns          345421 1c008cbe 0017c70b p.lbu            x14, 1(x15!)        x14=0000007a x15=1c0009db x15:1c0009da  PA:1c0009da
20437057ns          345437 1c008cc2 feb71ce3 bne              x14, x11, -8        x14:0000007a x11:00000064
20437118ns          345440 1c008cba 00070763 beq              x14, x0, 14         x14:0000007a
20437138ns          345441 1c008cbc 00f00533 add              x10, x0, x15        x10=1c0009db x15:1c0009db
20437158ns          345442 1c008cbe 0017c70b p.lbu            x14, 1(x15!)        x14=00000000 x15=1c0009dc x15:1c0009db  PA:1c0009db
20437482ns          345458 1c008cc2 feb71ce3 bne              x14, x11, -8        x14:00000000 x11:00000064
20437543ns          345461 1c008cba 00070763 beq              x14, x0, 14         x14:00000000
20437603ns          345464 1c008cc8 0015b593 sltiu            x11, x11, 1         x11=00000000 x11:00000064
20437624ns          345465 1c008ccc 40b005b3 sub              x11, x0, x11        x11=00000000 x11:00000000
20437644ns          345466 1c008cd0 00b57533 and              x10, x10, x11       x10=00000000 x10:1c0009db x11:00000000
20437664ns          345467 1c008cd2 00008067 jalr             x0, x1, 0            x1:1c008e82
20437704ns          345469 1c008e82 00000793 addi             x15, x0, 0          x15=00000000
20437725ns          345470 1c008e84 00050f63 beq              x10, x0, 30         x10:00000000
20437866ns          345477 1c008ea2 06700693 addi             x13, x0, 103        x13=00000067
20437887ns          345478 1c008ea6 0bb6ee63 bltu             x13, x27, 188       x13:00000067 x27:00000064
20437907ns          345479 1c008eaa 06500693 addi             x13, x0, 101        x13=00000065
20437968ns          345482 1c008eae 3addf2e3 bgeu             x27, x13, 2980      x27:00000064 x13:00000065
20438008ns          345484 1c008eb2 04700693 addi             x13, x0, 71         x13=00000047
20438028ns          345485 1c008eb6 39b6ed63 bltu             x13, x27, 922       x13:00000047 x27:00000064
20438190ns          345493 1c009250 06300693 addi             x13, x0, 99         x13=00000063
20438231ns          345495 1c009254 70dd8c63 beq              x27, x13, 1816      x27:00000064 x13:00000063
20438251ns          345496 1c009258 d3b6e5e3 bltu             x13, x27, -726      x13:00000063 x27:00000064
20438453ns          345506 1c008f82 06c00693 addi             x13, x0, 108        x13=0000006c
20438474ns          345507 1c008f86 00d78a63 beq              x15, x13, 20        x15:00000000 x13:0000006c
20438494ns          345508 1c008f8a 07a00693 addi             x13, x0, 122        x13=0000007a
20438555ns          345511 1c008f8e 00d78663 beq              x15, x13, 12        x15:00000000 x13:0000007a
20438595ns          345513 1c008f92 04c00693 addi             x13, x0, 76         x13=0000004c
20438615ns          345514 1c008f96 5ed78de3 beq              x15, x13, 3578      x15:00000000 x13:0000004c
20438636ns          345515 1c008f9a 000a2783 lw               x15, 0(x20)         x15=00000002 x20:10001010  PA:10001010
20438656ns          345516 1c008f9e 004a0a13 addi             x20, x20, 4         x20=10001014 x20:10001010
20438696ns          345518 1c008fa0 41f7d713 srai             x14, x15, 0x41f     x14=00000000 x15:00000002
20438737ns          345520 1c008fa4 01412e23 sw               x20, 28(x2)         x20:10001014  x2:10000f68  PA:10000f84
20438757ns          345521 1c008fa6 00e12223 sw               x14, 4(x2)          x14:00000000  x2:10000f68  PA:10000f6c
20438777ns          345522 1c008fa8 4e0741e3 blt              x14, x0, 3298       x14:00000000
20438797ns          345523 1c008fac 00c12703 lw               x14, 12(x2)         x14=00000000  x2:10000f68  PA:10000f74
20438838ns          345525 1c008fae 440709e3 beq              x14, x0, 3154       x14:00000000
20438939ns          345530 1c009c00 01012703 lw               x14, 16(x2)         x14=00000000  x2:10000f68  PA:10000f78
20438980ns          345532 1c009c02 22070063 beq              x14, x0, 544        x14:00000000
20439081ns          345537 1c009e22 00412c83 lw               x25, 4(x2)          x25=00000000  x2:10000f68  PA:10000f6c
20439121ns          345539 1c009e24 02410a13 addi             x20, x2, 36         x20=10000f8c  x2:10000f68
20439142ns          345540 1c009e28 998ff06f jal              x0, -3688          
20439222ns          345544 1c008fc0 00f00433 add              x8, x0, x15          x8=00000002 x15:00000002
20439243ns          345545 1c008fc2 01400db3 add              x27, x0, x20        x27=10000f8c x20:10000f8c
20439263ns          345546 1c008fc4 0040006f jal              x0, 4              
20439303ns          345548 1c008fc8 00a00613 addi             x12, x0, 10         x12=0000000a
20439324ns          345549 1c008fca 00000693 addi             x13, x0, 0          x13=00000000
20439344ns          345550 1c008fcc 00800533 add              x10, x0, x8         x10=00000002  x8:00000002
20439364ns          345551 1c008fce 019005b3 add              x11, x0, x25        x11=00000000 x25:00000000
20439384ns          345552 1c008fd0 c2aff0ef jal              x1, -3030            x1=1c008fd4
20439465ns          345556 1c0083fa 00c008b3 add              x17, x0, x12        x17=0000000a x12:0000000a
20439506ns          345558 1c0083fc 00d00733 add              x14, x0, x13        x14=00000000 x13:00000000
20439526ns          345559 1c0083fe 00a007b3 add              x15, x0, x10        x15=00000002 x10:00000002
20439567ns          345561 1c008400 00b00833 add              x16, x0, x11        x16=00000000 x11:00000000
20439607ns          345563 1c008402 1c069863 bne              x13, x0, 464        x13:00000000
20439627ns          345564 1c008406 1c0016b7 lui              x13, 0x1c001000     x13=1c001000
20439648ns          345565 1c00840a 86868693 addi             x13, x13, -1944     x13=1c000868 x13:1c001000
20439708ns          345568 1c00840e 0ac5f863 bgeu             x11, x12, 176       x11:00000000 x12:0000000a
20439728ns          345569 1c008412 00010337 lui              x6, 0x10000          x6=00010000
20439749ns          345570 1c008414 08667e63 bgeu             x12, x6, 156        x12:0000000a  x6:00010000
20439769ns          345571 1c008418 0ff00313 addi             x6, x0, 255          x6=000000ff
20439789ns          345572 1c00841c 00c37363 bgeu             x6, x12, 6           x6:000000ff x12:0000000a
20439911ns          345578 1c008422 00e65333 srl              x6, x12, x14         x6=0000000a x12:0000000a x14:00000000
20439931ns          345579 1c008426 006686b3 add              x13, x13, x6        x13=1c000872 x13:1c000868  x6:0000000a
20439951ns          345580 1c008428 0006ce03 lbu              x28, 0(x13)         x28=00000004 x13:1c000872  PA:1c000872
20440255ns          345595 1c00842c 02000313 addi             x6, x0, 32           x6=00000020
20440275ns          345596 1c008430 00ee0e33 add              x28, x28, x14       x28=00000004 x28:00000004 x14:00000000
20440295ns          345597 1c008432 41c30333 sub              x6, x6, x28          x6=0000001c  x6:00000020 x28:00000004
20440315ns          345598 1c008436 00030c63 beq              x6, x0, 24           x6:0000001c
20440336ns          345599 1c00843a 006595b3 sll              x11, x11, x6        x11=00000000 x11:00000000  x6:0000001c
20440396ns          345602 1c00843e 01c55e33 srl              x28, x10, x28       x28=00000000 x10:00000002 x28:00000004
20440437ns          345604 1c008442 006618b3 sll              x17, x12, x6        x17=a0000000 x12:0000000a  x6:0000001c
20440457ns          345605 1c008446 00be6833 or               x16, x28, x11       x16=00000000 x28:00000000 x11:00000000
20440477ns          345606 1c00844a 006517b3 sll              x15, x10, x6        x15=20000000 x10:00000002  x6:0000001c
20440538ns          345609 1c00844e 0108d613 srli             x12, x17, 0x10      x12=0000a000 x17:a0000000
20440579ns          345611 1c008452 02c87733 remu             x14, x16, x12       x14=00000000 x16:00000000 x12:0000a000
20440963ns          345630 1c008456 02c85833 divu             x16, x16, x12       x16=00000000 x16:00000000 x12:0000a000
20441348ns          345649 1c00845a 01089513 slli             x10, x17, 0x10      x10=00000000 x17:a0000000
20441368ns          345650 1c00845e 01055513 srli             x10, x10, 0x10      x10=00000000 x10:00000000
20441388ns          345651 1c008460 01071713 slli             x14, x14, 0x10      x14=00000000 x14:00000000
20441408ns          345652 1c008462 0107d693 srli             x13, x15, 0x10      x13=00002000 x15:20000000
20441429ns          345653 1c008466 03050833 mul              x16, x10, x16       x16=00000000 x10:00000000 x16:00000000
20441449ns          345654 1c00846a 00e6e6b3 or               x13, x13, x14       x13=00002000 x13:00002000 x14:00000000
20441469ns          345655 1c00846c 0106f863 bgeu             x13, x16, 16        x13:00002000 x16:00000000
20441530ns          345658 1c00847c 410686b3 sub              x13, x13, x16       x13=00002000 x13:00002000 x16:00000000
20441591ns          345661 1c008480 02c6f733 remu             x14, x13, x12       x14=00002000 x13:00002000 x12:0000a000
20441995ns          345681 1c008484 02c6d6b3 divu             x13, x13, x12       x13=00000000 x13:00002000 x12:0000a000
20442380ns          345700 1c008488 01079793 slli             x15, x15, 0x10      x15=00000000 x15:20000000
20442400ns          345701 1c00848a 02d506b3 mul              x13, x10, x13       x13=00000000 x10:00000000 x13:00000000
20442420ns          345702 1c00848e 0107d793 srli             x15, x15, 0x10      x15=00000000 x15:00000000
20442441ns          345703 1c008490 01071513 slli             x10, x14, 0x10      x10=20000000 x14:00002000
20442461ns          345704 1c008494 00a7e7b3 or               x15, x15, x10       x15=20000000 x15:00000000 x10:20000000
20442481ns          345705 1c008496 00d7f863 bgeu             x15, x13, 16        x15:20000000 x13:00000000
20442967ns          345729 1c0084a6 40d787b3 sub              x15, x15, x13       x15=20000000 x15:20000000 x13:00000000
20442987ns          345730 1c0084a8 0067d533 srl              x10, x15, x6        x10=00000002 x15:20000000  x6:0000001c
20443007ns          345731 1c0084ac 00000593 addi             x11, x0, 0          x11=00000000
20443028ns          345732 1c0084ae 00008067 jalr             x0, x1, 0            x1:1c008fd4
20443109ns          345736 1c008fd4 00a00933 add              x18, x0, x10        x18=00000002 x10:00000002
20443129ns          345737 1c008fd6 019005b3 add              x11, x0, x25        x11=00000000 x25:00000000
20443149ns          345738 1c008fd8 00800533 add              x10, x0, x8         x10=00000002  x8:00000002
20443169ns          345739 1c008fda 00a00613 addi             x12, x0, 10         x12=0000000a
20443190ns          345740 1c008fdc 00000693 addi             x13, x0, 0          x13=00000000
20443230ns          345742 1c008fde 8beff0ef jal              x1, -3906            x1=1c008fe2
20443311ns          345746 1c00809c 00b007b3 add              x15, x0, x11        x15=00000000 x11:00000000
20443331ns          345747 1c00809e 00c00833 add              x16, x0, x12        x16=0000000a x12:0000000a
20443392ns          345750 1c0080a0 00d008b3 add              x17, x0, x13        x17=00000000 x13:00000000
20443412ns          345751 1c0080a2 00a00333 add              x6, x0, x10          x6=00000002 x10:00000002
20443432ns          345752 1c0080a4 20069663 bne              x13, x0, 524        x13:00000000
20443453ns          345753 1c0080a8 1c001737 lui              x14, 0x1c001000     x14=1c001000
20443473ns          345754 1c0080ac 86870713 addi             x14, x14, -1944     x14=1c000868 x14:1c001000
20443534ns          345757 1c0080b0 0ac5fe63 bgeu             x11, x12, 188       x11:00000000 x12:0000000a
20443574ns          345759 1c0080b4 000106b7 lui              x13, 0x10000        x13=00010000
20443594ns          345760 1c0080b6 0ad67463 bgeu             x12, x13, 168       x12:0000000a x13:00010000
20443615ns          345761 1c0080ba 0ff00693 addi             x13, x0, 255        x13=000000ff
20443675ns          345764 1c0080be 00c6b6b3 sltu             x13, x13, x12       x13=00000000 x13:000000ff x12:0000000a
20443696ns          345765 1c0080c2 00369693 slli             x13, x13, 0x3       x13=00000000 x13:00000000
20443716ns          345766 1c0080c4 00d658b3 srl              x17, x12, x13       x17=0000000a x12:0000000a x13:00000000
20443736ns          345767 1c0080c8 01170733 add              x14, x14, x17       x14=1c000872 x14:1c000868 x17:0000000a
20443756ns          345768 1c0080ca 00074703 lbu              x14, 0(x14)         x14=00000004 x14:1c000872  PA:1c000872
20444080ns          345784 1c0080ce 00e686b3 add              x13, x13, x14       x13=00000004 x13:00000000 x14:00000004
20444100ns          345785 1c0080d0 02000713 addi             x14, x0, 32         x14=00000020
20444121ns          345786 1c0080d4 40d70733 sub              x14, x14, x13       x14=0000001c x14:00000020 x13:00000004
20444141ns          345787 1c0080d6 00070b63 beq              x14, x0, 22         x14:0000001c
20444161ns          345788 1c0080d8 00e797b3 sll              x15, x15, x14       x15=00000000 x15:00000000 x14:0000001c
20444181ns          345789 1c0080dc 00d556b3 srl              x13, x10, x13       x13=00000000 x10:00000002 x13:00000004
20444222ns          345791 1c0080e0 00e61833 sll              x16, x12, x14       x16=a0000000 x12:0000000a x14:0000001c
20444262ns          345793 1c0080e4 00f6e5b3 or               x11, x13, x15       x11=00000000 x13:00000000 x15:00000000
20444282ns          345794 1c0080e8 00e51333 sll              x6, x10, x14         x6=20000000 x10:00000002 x14:0000001c
20444303ns          345795 1c0080ec 01085513 srli             x10, x16, 0x10      x10=0000a000 x16:a0000000
20444363ns          345798 1c0080f0 02a5f733 remu             x14, x11, x10       x14=00000000 x11:00000000 x10:0000a000
20444768ns          345818 1c0080f4 02a5d7b3 divu             x15, x11, x10       x15=00000000 x11:00000000 x10:0000a000
20445153ns          345837 1c0080f8 01081613 slli             x12, x16, 0x10      x12=00000000 x16:a0000000
20445173ns          345838 1c0080fc 01071713 slli             x14, x14, 0x10      x14=00000000 x14:00000000
20445193ns          345839 1c0080fe 01065613 srli             x12, x12, 0x10      x12=00000000 x12:00000000
20445214ns          345840 1c008100 01035693 srli             x13, x6, 0x10       x13=00002000  x6:20000000
20445234ns          345841 1c008104 00e6e6b3 or               x13, x13, x14       x13=00002000 x13:00002000 x14:00000000
20445254ns          345842 1c008106 02f605b3 mul              x11, x12, x15       x11=00000000 x12:00000000 x15:00000000
20445274ns          345843 1c00810a 00f00733 add              x14, x0, x15        x14=00000000 x15:00000000
20445294ns          345844 1c00810c 00b6fc63 bgeu             x13, x11, 24        x13:00002000 x11:00000000
20445740ns          345866 1c008124 40b686b3 sub              x13, x13, x11       x13=00002000 x13:00002000 x11:00000000
20445780ns          345868 1c008126 02a6f7b3 remu             x15, x13, x10       x15=00002000 x13:00002000 x10:0000a000
20446165ns          345887 1c00812a 02a6d6b3 divu             x13, x13, x10       x13=00000000 x13:00002000 x10:0000a000
20446549ns          345906 1c00812e 01031313 slli             x6, x6, 0x10         x6=00000000  x6:20000000
20446570ns          345907 1c008130 01079793 slli             x15, x15, 0x10      x15=20000000 x15:00002000
20446590ns          345908 1c008132 01035313 srli             x6, x6, 0x10         x6=00000000  x6:00000000
20446610ns          345909 1c008136 02d605b3 mul              x11, x12, x13       x11=00000000 x12:00000000 x13:00000000
20446630ns          345910 1c00813a 0067e333 or               x6, x15, x6          x6=20000000 x15:20000000  x6:00000000
20446651ns          345911 1c00813e 00d00533 add              x10, x0, x13        x10=00000000 x13:00000000
20446691ns          345913 1c008140 00b37b63 bgeu             x6, x11, 22          x6:20000000 x11:00000000
20446792ns          345918 1c008156 01071713 slli             x14, x14, 0x10      x14=00000000 x14:00000000
20446833ns          345920 1c008158 00a76733 or               x14, x14, x10       x14=00000000 x14:00000000 x10:00000000
20446853ns          345921 1c00815a 00000593 addi             x11, x0, 0          x11=00000000
20446873ns          345922 1c00815c 0b20006f jal              x0, 178            
20446995ns          345928 1c00820e 00e00533 add              x10, x0, x14        x10=00000000 x14:00000000
20447035ns          345930 1c008210 00008067 jalr             x0, x1, 0            x1:1c008fe2
20447096ns          345933 1c008fe2 03090913 addi             x18, x18, 48        x18=00000032 x18:00000002
20447116ns          345934 1c008fe6 012d8023 sb               x18, 0(x27)         x18:00000032 x27:10000f8c  PA:10000f8c
20447136ns          345935 1c008fea 00a5e7b3 or               x15, x11, x10       x15=00000000 x11:00000000 x10:00000000
20447217ns          345939 1c008fee 001d8913 addi             x18, x27, 1         x18=10000f8d x27:10000f8c
20447238ns          345940 1c008ff2 00a00433 add              x8, x0, x10          x8=00000000 x10:00000000
20447258ns          345941 1c008ff4 00b00cb3 add              x25, x0, x11        x25=00000000 x11:00000000
20447278ns          345942 1c008ff6 fc0798e3 bne              x15, x0, -48        x15:00000000
20447298ns          345943 1c008ff8 00090023 sb               x0, 0(x18)          x18:10000f8d  PA:10000f8d
20447318ns          345944 1c008ffc 01ba7d63 bgeu             x20, x27, 26        x20:10000f8c x27:10000f8c
20447440ns          345950 1c009016 00012783 lw               x15, 0(x2)          x15=10000f8c  x2:10000f68  PA:10000f68
20447480ns          345952 1c009018 00c12703 lw               x14, 12(x2)         x14=00000000  x2:10000f68  PA:10000f74
20447501ns          345953 1c00901a 40f90933 sub              x18, x18, x15       x18=00000001 x18:10000f8d x15:10000f8c
20447561ns          345956 1c00901e 3c071de3 bne              x14, x0, 3034       x14:00000000
20447582ns          345957 1c009022 01012783 lw               x15, 16(x2)         x15=00000000  x2:10000f68  PA:10000f78
20447622ns          345959 1c009024 3c079ae3 bne              x15, x0, 3028       x15:00000000
20447642ns          345960 1c009028 00412703 lw               x14, 4(x2)          x14=00000000  x2:10000f68  PA:10000f6c
20447683ns          345962 1c00902a 01f75713 srli             x14, x14, 0x1f      x14=00000000 x14:00000000
20447703ns          345963 1c00902c 00e12223 sw               x14, 4(x2)          x14:00000000  x2:10000f68  PA:10000f6c
20447723ns          345964 1c00902e 3404c463 blt              x9, x0, 840          x9:ffffffff
20447824ns          345969 1c009376 00000c93 addi             x25, x0, 0          x25=00000000
20447865ns          345971 1c009378 00012c23 sw               x0, 24(x2)           x2:10000f68  PA:10000f80
20447885ns          345972 1c00937a 00000a13 addi             x20, x0, 0          x20=00000000
20447905ns          345973 1c00937c 01412783 lw               x15, 20(x2)         x15=00000000  x2:10000f68  PA:10000f7c
20447946ns          345975 1c00937e 5e078163 beq              x15, x0, 1506       x15:00000000
20448047ns          345980 1c009960 412b0b33 sub              x22, x22, x18       x22=ffffffff x22:00000000 x18:00000001
20448088ns          345982 1c009964 02410413 addi             x8, x2, 36           x8=10000f8c  x2:10000f68
20448108ns          345983 1c009966 00000493 addi             x9, x0, 0            x9=00000000
20448128ns          345984 1c009968 ee6ff06f jal              x0, -2330          
20448270ns          345991 1c00904e 00812703 lw               x14, 8(x2)          x14=00000000  x2:10000f68  PA:10000f70
20448351ns          345995 1c009050 02071063 bne              x14, x0, 32         x14:00000000
20448391ns          345997 1c009052 01605f63 bge              x0, x22, 30         x22:ffffffff
20448492ns          346002 1c009070 00412783 lw               x15, 4(x2)          x15=00000000  x2:10000f68  PA:10000f6c
20448533ns          346004 1c009072 00f40db3 add              x27, x8, x15        x27=10000f8c  x8:10000f8c x15:00000000
20448553ns          346005 1c009076 00c0006f jal              x0, 12             
20448634ns          346009 1c009082 017005b3 add              x11, x0, x23        x11=00000002 x23:00000002
20448675ns          346011 1c009084 ffb41ae3 bne              x8, x27, -12         x8:10000f8c x27:10000f8c
20448695ns          346012 1c009088 00900db3 add              x27, x0, x9         x27=00000000  x9:00000000
20448715ns          346013 1c00908a 0080006f jal              x0, 8              
20448816ns          346018 1c009092 fffd8d93 addi             x27, x27, -1        x27=ffffffff x27:00000000
20448836ns          346019 1c009094 017005b3 add              x11, x0, x23        x11=00000002 x23:00000002
20448857ns          346020 1c009096 03000513 addi             x10, x0, 48         x10=00000030
20448877ns          346021 1c00909a fffdb9e3 p.bneimm         x27, -14            x27:ffffffff
20448897ns          346022 1c00909e 00412703 lw               x14, 4(x2)          x14=00000000  x2:10000f68  PA:10000f6c
20448938ns          346024 1c0090a0 40e90933 sub              x18, x18, x14       x18=00000001 x18:00000001 x14:00000000
20448978ns          346026 1c0090a4 01212423 sw               x18, 8(x2)          x18:00000001  x2:10000f68  PA:10000f70
20448998ns          346027 1c0090a6 e40a15e3 bne              x20, x0, -438       x20:00000000
20449019ns          346028 1c0090aa 01812783 lw               x15, 24(x2)         x15=00000000  x2:10000f68  PA:10000f80
20449059ns          346030 1c0090ac 16079763 bne              x15, x0, 366        x15:00000000
20449079ns          346031 1c0090b0 120c8863 beq              x25, x0, 304        x25:00000000
20449181ns          346036 1c0091e0 017005b3 add              x11, x0, x23        x11=00000002 x23:00000002
20449221ns          346038 1c0091e2 ff2049e3 blt              x0, x18, -14        x18:00000001
20449322ns          346043 1c0091d4 0014450b p.lbu            x10, 1(x8!)         x10=00000032  x8=10000f8d  x8:10000f8c  PA:10000f8c
20449363ns          346045 1c0091d8 fff90913 addi             x18, x18, -1        x18=00000000 x18:00000001
20449383ns          346046 1c0091da 000980e7 jalr             x1, x19, 0           x1=1c0091dc x19:1c008d20
20449423ns          346048 1c008d20 f14027f3 csrrs            x15, x0, 0xf14      x15=00000002
20449444ns          346049 1c008d24 1a10f6b7 lui              x13, 0x1a10f000     x13=1a10f000
20449464ns          346050 1c008d28 ca5797b3 p.extractu       x15, x15, 5, 5      x15=00000000 x15:00000002
20449484ns          346051 1c008d2c f1402773 csrrs            x14, x0, 0xf14      x14=00000002
20449545ns          346054 1c008d30 00779793 slli             x15, x15, 0x7       x15=00000000 x15:00000000
20449565ns          346055 1c008d32 00371713 slli             x14, x14, 0x3       x14=00000010 x14:00000002
20449585ns          346056 1c008d34 0ff57513 andi             x10, x10, 255       x10=00000032 x10:00000032
20449606ns          346057 1c008d38 ee873733 p.bclr           x14, x14, 23, 8     x14=00000010 x14:00000010
20449626ns          346058 1c008d3c 00d787b3 add              x15, x15, x13       x15=1a10f000 x15:00000000 x13:1a10f000
20449646ns          346059 1c008d3e 00a767a3 p.sw             x10, x0(x14)        x10:00000032 x14:00000010  PA:1a10f010
20450031ns          346078 1c008d42 00000513 addi             x10, x0, 0          x10=00000000
20450051ns          346079 1c008d44 00008067 jalr             x0, x1, 0            x1:1c0091dc
20450091ns          346081 1c0091dc d5f522e3 p.beqimm         x10, -700           x10:00000000
20450112ns          346082 1c0091e0 017005b3 add              x11, x0, x23        x11=00000002 x23:00000002
20450132ns          346083 1c0091e2 ff2049e3 blt              x0, x18, -14        x18:00000000
20450152ns          346084 1c0091e6 00412783 lw               x15, 4(x2)          x15=00000000  x2:10000f68  PA:10000f6c
20450172ns          346085 1c0091e8 01c12a03 lw               x20, 28(x2)         x20=10001014  x2:10000f68  PA:10000f84
20450193ns          346086 1c0091ea 00fa8733 add              x14, x21, x15       x14=0000000b x21:0000000b x15:00000000
20450213ns          346087 1c0091ee 00812783 lw               x15, 8(x2)          x15=00000001  x2:10000f68  PA:10000f70
20450233ns          346088 1c0091f0 00970733 add              x14, x14, x9        x14=0000000b x14:0000000b  x9:00000000
20450253ns          346089 1c0091f2 00e78ab3 add              x21, x15, x14       x21=0000000c x15:00000001 x14:0000000b
20450274ns          346090 1c0091f6 bf6059e3 bge              x0, x22, -1038      x22:ffffffff
20450435ns          346098 1c008de8 000d4503 lbu              x10, 0(x26)         x10=0000003a x26:1c0009ba  PA:1c0009ba
20450759ns          346114 1c008dec 001d0413 addi             x8, x26, 1           x8=1c0009bb x26:1c0009ba
20450780ns          346115 1c008df0 0c050b63 beq              x10, x0, 214        x10:0000003a
20450800ns          346116 1c008df2 02500793 addi             x15, x0, 37         x15=00000025
20450820ns          346117 1c008df6 fef513e3 bne              x10, x15, -26       x10:0000003a x15:00000025
20451002ns          346126 1c008ddc 017005b3 add              x11, x0, x23        x11=00000002 x23:00000002
20451022ns          346127 1c008dde 000980e7 jalr             x1, x19, 0           x1=1c008de0 x19:1c008d20
20451063ns          346129 1c008d20 f14027f3 csrrs            x15, x0, 0xf14      x15=00000002
20451083ns          346130 1c008d24 1a10f6b7 lui              x13, 0x1a10f000     x13=1a10f000
20451103ns          346131 1c008d28 ca5797b3 p.extractu       x15, x15, 5, 5      x15=00000000 x15:00000002
20451124ns          346132 1c008d2c f1402773 csrrs            x14, x0, 0xf14      x14=00000002
20451144ns          346133 1c008d30 00779793 slli             x15, x15, 0x7       x15=00000000 x15:00000000
20451164ns          346134 1c008d32 00371713 slli             x14, x14, 0x3       x14=00000010 x14:00000002
20451184ns          346135 1c008d34 0ff57513 andi             x10, x10, 255       x10=0000003a x10:0000003a
20451205ns          346136 1c008d38 ee873733 p.bclr           x14, x14, 23, 8     x14=00000010 x14:00000010
20451225ns          346137 1c008d3c 00d787b3 add              x15, x15, x13       x15=1a10f000 x15:00000000 x13:1a10f000
20451245ns          346138 1c008d3e 00a767a3 p.sw             x10, x0(x14)        x10:0000003a x14:00000010  PA:1a10f010
20451569ns          346154 1c008d42 00000513 addi             x10, x0, 0          x10=00000000
20451589ns          346155 1c008d44 00008067 jalr             x0, x1, 0            x1:1c008de0
20451630ns          346157 1c008de0 15f52063 p.beqimm         x10, 320            x10:00000000
20451650ns          346158 1c008de4 001a8a93 addi             x21, x21, 1         x21=0000000d x21:0000000c
20451670ns          346159 1c008de6 00800d33 add              x26, x0, x8         x26=1c0009bb  x8:1c0009bb
20451690ns          346160 1c008de8 000d4503 lbu              x10, 0(x26)         x10=00000020 x26:1c0009bb  PA:1c0009bb
20451994ns          346175 1c008dec 001d0413 addi             x8, x26, 1           x8=1c0009bc x26:1c0009bb
20452014ns          346176 1c008df0 0c050b63 beq              x10, x0, 214        x10:00000020
20452034ns          346177 1c008df2 02500793 addi             x15, x0, 37         x15=00000025
20452055ns          346178 1c008df6 fef513e3 bne              x10, x15, -26       x10:00000020 x15:00000025
20452115ns          346181 1c008ddc 017005b3 add              x11, x0, x23        x11=00000002 x23:00000002
20452136ns          346182 1c008dde 000980e7 jalr             x1, x19, 0           x1=1c008de0 x19:1c008d20
20452176ns          346184 1c008d20 f14027f3 csrrs            x15, x0, 0xf14      x15=00000002
20452196ns          346185 1c008d24 1a10f6b7 lui              x13, 0x1a10f000     x13=1a10f000
20452217ns          346186 1c008d28 ca5797b3 p.extractu       x15, x15, 5, 5      x15=00000000 x15:00000002
20452237ns          346187 1c008d2c f1402773 csrrs            x14, x0, 0xf14      x14=00000002
20452257ns          346188 1c008d30 00779793 slli             x15, x15, 0x7       x15=00000000 x15:00000000
20452277ns          346189 1c008d32 00371713 slli             x14, x14, 0x3       x14=00000010 x14:00000002
20452298ns          346190 1c008d34 0ff57513 andi             x10, x10, 255       x10=00000020 x10:00000020
20452318ns          346191 1c008d38 ee873733 p.bclr           x14, x14, 23, 8     x14=00000010 x14:00000010
20452338ns          346192 1c008d3c 00d787b3 add              x15, x15, x13       x15=1a10f000 x15:00000000 x13:1a10f000
20452358ns          346193 1c008d3e 00a767a3 p.sw             x10, x0(x14)        x10:00000020 x14:00000010  PA:1a10f010
20452682ns          346209 1c008d42 00000513 addi             x10, x0, 0          x10=00000000
20452702ns          346210 1c008d44 00008067 jalr             x0, x1, 0            x1:1c008de0
20452743ns          346212 1c008de0 15f52063 p.beqimm         x10, 320            x10:00000000
20452763ns          346213 1c008de4 001a8a93 addi             x21, x21, 1         x21=0000000e x21:0000000d
20452783ns          346214 1c008de6 00800d33 add              x26, x0, x8         x26=1c0009bc  x8:1c0009bc
20452804ns          346215 1c008de8 000d4503 lbu              x10, 0(x26)         x10=00000054 x26:1c0009bc  PA:1c0009bc
20453107ns          346230 1c008dec 001d0413 addi             x8, x26, 1           x8=1c0009bd x26:1c0009bc
20453127ns          346231 1c008df0 0c050b63 beq              x10, x0, 214        x10:00000054
20453148ns          346232 1c008df2 02500793 addi             x15, x0, 37         x15=00000025
20453168ns          346233 1c008df6 fef513e3 bne              x10, x15, -26       x10:00000054 x15:00000025
20453229ns          346236 1c008ddc 017005b3 add              x11, x0, x23        x11=00000002 x23:00000002
20453249ns          346237 1c008dde 000980e7 jalr             x1, x19, 0           x1=1c008de0 x19:1c008d20
20453289ns          346239 1c008d20 f14027f3 csrrs            x15, x0, 0xf14      x15=00000002
20453310ns          346240 1c008d24 1a10f6b7 lui              x13, 0x1a10f000     x13=1a10f000
20453330ns          346241 1c008d28 ca5797b3 p.extractu       x15, x15, 5, 5      x15=00000000 x15:00000002
20453350ns          346242 1c008d2c f1402773 csrrs            x14, x0, 0xf14      x14=00000002
20453370ns          346243 1c008d30 00779793 slli             x15, x15, 0x7       x15=00000000 x15:00000000
20453390ns          346244 1c008d32 00371713 slli             x14, x14, 0x3       x14=00000010 x14:00000002
20453411ns          346245 1c008d34 0ff57513 andi             x10, x10, 255       x10=00000054 x10:00000054
20453431ns          346246 1c008d38 ee873733 p.bclr           x14, x14, 23, 8     x14=00000010 x14:00000010
20453451ns          346247 1c008d3c 00d787b3 add              x15, x15, x13       x15=1a10f000 x15:00000000 x13:1a10f000
20453471ns          346248 1c008d3e 00a767a3 p.sw             x10, x0(x14)        x10:00000054 x14:00000010  PA:1a10f010
20453795ns          346264 1c008d42 00000513 addi             x10, x0, 0          x10=00000000
20453816ns          346265 1c008d44 00008067 jalr             x0, x1, 0            x1:1c008de0
20453856ns          346267 1c008de0 15f52063 p.beqimm         x10, 320            x10:00000000
20453876ns          346268 1c008de4 001a8a93 addi             x21, x21, 1         x21=0000000f x21:0000000e
20453896ns          346269 1c008de6 00800d33 add              x26, x0, x8         x26=1c0009bd  x8:1c0009bd
20453917ns          346270 1c008de8 000d4503 lbu              x10, 0(x26)         x10=0000006f x26:1c0009bd  PA:1c0009bd
20454220ns          346285 1c008dec 001d0413 addi             x8, x26, 1           x8=1c0009be x26:1c0009bd
20454241ns          346286 1c008df0 0c050b63 beq              x10, x0, 214        x10:0000006f
20454261ns          346287 1c008df2 02500793 addi             x15, x0, 37         x15=00000025
20454281ns          346288 1c008df6 fef513e3 bne              x10, x15, -26       x10:0000006f x15:00000025
20454342ns          346291 1c008ddc 017005b3 add              x11, x0, x23        x11=00000002 x23:00000002
20454362ns          346292 1c008dde 000980e7 jalr             x1, x19, 0           x1=1c008de0 x19:1c008d20
20454402ns          346294 1c008d20 f14027f3 csrrs            x15, x0, 0xf14      x15=00000002
20454423ns          346295 1c008d24 1a10f6b7 lui              x13, 0x1a10f000     x13=1a10f000
20454443ns          346296 1c008d28 ca5797b3 p.extractu       x15, x15, 5, 5      x15=00000000 x15:00000002
20454463ns          346297 1c008d2c f1402773 csrrs            x14, x0, 0xf14      x14=00000002
20454483ns          346298 1c008d30 00779793 slli             x15, x15, 0x7       x15=00000000 x15:00000000
20454504ns          346299 1c008d32 00371713 slli             x14, x14, 0x3       x14=00000010 x14:00000002
20454524ns          346300 1c008d34 0ff57513 andi             x10, x10, 255       x10=0000006f x10:0000006f
20454544ns          346301 1c008d38 ee873733 p.bclr           x14, x14, 23, 8     x14=00000010 x14:00000010
20454564ns          346302 1c008d3c 00d787b3 add              x15, x15, x13       x15=1a10f000 x15:00000000 x13:1a10f000
20454585ns          346303 1c008d3e 00a767a3 p.sw             x10, x0(x14)        x10:0000006f x14:00000010  PA:1a10f010
20454908ns          346319 1c008d42 00000513 addi             x10, x0, 0          x10=00000000
20454929ns          346320 1c008d44 00008067 jalr             x0, x1, 0            x1:1c008de0
20454969ns          346322 1c008de0 15f52063 p.beqimm         x10, 320            x10:00000000
20454989ns          346323 1c008de4 001a8a93 addi             x21, x21, 1         x21=00000010 x21:0000000f
20455010ns          346324 1c008de6 00800d33 add              x26, x0, x8         x26=1c0009be  x8:1c0009be
20455030ns          346325 1c008de8 000d4503 lbu              x10, 0(x26)         x10=00000074 x26:1c0009be  PA:1c0009be
20455334ns          346340 1c008dec 001d0413 addi             x8, x26, 1           x8=1c0009bf x26:1c0009be
20455354ns          346341 1c008df0 0c050b63 beq              x10, x0, 214        x10:00000074
20455374ns          346342 1c008df2 02500793 addi             x15, x0, 37         x15=00000025
20455394ns          346343 1c008df6 fef513e3 bne              x10, x15, -26       x10:00000074 x15:00000025
20455455ns          346346 1c008ddc 017005b3 add              x11, x0, x23        x11=00000002 x23:00000002
20455475ns          346347 1c008dde 000980e7 jalr             x1, x19, 0           x1=1c008de0 x19:1c008d20
20455516ns          346349 1c008d20 f14027f3 csrrs            x15, x0, 0xf14      x15=00000002
20455536ns          346350 1c008d24 1a10f6b7 lui              x13, 0x1a10f000     x13=1a10f000
20455556ns          346351 1c008d28 ca5797b3 p.extractu       x15, x15, 5, 5      x15=00000000 x15:00000002
20455576ns          346352 1c008d2c f1402773 csrrs            x14, x0, 0xf14      x14=00000002
20455597ns          346353 1c008d30 00779793 slli             x15, x15, 0x7       x15=00000000 x15:00000000
20455617ns          346354 1c008d32 00371713 slli             x14, x14, 0x3       x14=00000010 x14:00000002
20455637ns          346355 1c008d34 0ff57513 andi             x10, x10, 255       x10=00000074 x10:00000074
20455657ns          346356 1c008d38 ee873733 p.bclr           x14, x14, 23, 8     x14=00000010 x14:00000010
20455678ns          346357 1c008d3c 00d787b3 add              x15, x15, x13       x15=1a10f000 x15:00000000 x13:1a10f000
20455698ns          346358 1c008d3e 00a767a3 p.sw             x10, x0(x14)        x10:00000074 x14:00000010  PA:1a10f010
20456042ns          346375 1c008d42 00000513 addi             x10, x0, 0          x10=00000000
20456062ns          346376 1c008d44 00008067 jalr             x0, x1, 0            x1:1c008de0
20456103ns          346378 1c008de0 15f52063 p.beqimm         x10, 320            x10:00000000
20456123ns          346379 1c008de4 001a8a93 addi             x21, x21, 1         x21=00000011 x21:00000010
20456143ns          346380 1c008de6 00800d33 add              x26, x0, x8         x26=1c0009bf  x8:1c0009bf
20456163ns          346381 1c008de8 000d4503 lbu              x10, 0(x26)         x10=00000061 x26:1c0009bf  PA:1c0009bf
20456467ns          346396 1c008dec 001d0413 addi             x8, x26, 1           x8=1c0009c0 x26:1c0009bf
20456487ns          346397 1c008df0 0c050b63 beq              x10, x0, 214        x10:00000061
20456507ns          346398 1c008df2 02500793 addi             x15, x0, 37         x15=00000025
20456528ns          346399 1c008df6 fef513e3 bne              x10, x15, -26       x10:00000061 x15:00000025
20456588ns          346402 1c008ddc 017005b3 add              x11, x0, x23        x11=00000002 x23:00000002
20456609ns          346403 1c008dde 000980e7 jalr             x1, x19, 0           x1=1c008de0 x19:1c008d20
20456649ns          346405 1c008d20 f14027f3 csrrs            x15, x0, 0xf14      x15=00000002
20456669ns          346406 1c008d24 1a10f6b7 lui              x13, 0x1a10f000     x13=1a10f000
20456690ns          346407 1c008d28 ca5797b3 p.extractu       x15, x15, 5, 5      x15=00000000 x15:00000002
20456710ns          346408 1c008d2c f1402773 csrrs            x14, x0, 0xf14      x14=00000002
20456730ns          346409 1c008d30 00779793 slli             x15, x15, 0x7       x15=00000000 x15:00000000
20456750ns          346410 1c008d32 00371713 slli             x14, x14, 0x3       x14=00000010 x14:00000002
20456771ns          346411 1c008d34 0ff57513 andi             x10, x10, 255       x10=00000061 x10:00000061
20456791ns          346412 1c008d38 ee873733 p.bclr           x14, x14, 23, 8     x14=00000010 x14:00000010
20456811ns          346413 1c008d3c 00d787b3 add              x15, x15, x13       x15=1a10f000 x15:00000000 x13:1a10f000
20456831ns          346414 1c008d3e 00a767a3 p.sw             x10, x0(x14)        x10:00000061 x14:00000010  PA:1a10f010
20457175ns          346431 1c008d42 00000513 addi             x10, x0, 0          x10=00000000
20457196ns          346432 1c008d44 00008067 jalr             x0, x1, 0            x1:1c008de0
20457236ns          346434 1c008de0 15f52063 p.beqimm         x10, 320            x10:00000000
20457256ns          346435 1c008de4 001a8a93 addi             x21, x21, 1         x21=00000012 x21:00000011
20457277ns          346436 1c008de6 00800d33 add              x26, x0, x8         x26=1c0009c0  x8:1c0009c0
20457297ns          346437 1c008de8 000d4503 lbu              x10, 0(x26)         x10=0000006c x26:1c0009c0  PA:1c0009c0
20457600ns          346452 1c008dec 001d0413 addi             x8, x26, 1           x8=1c0009c1 x26:1c0009c0
20457621ns          346453 1c008df0 0c050b63 beq              x10, x0, 214        x10:0000006c
20457641ns          346454 1c008df2 02500793 addi             x15, x0, 37         x15=00000025
20457661ns          346455 1c008df6 fef513e3 bne              x10, x15, -26       x10:0000006c x15:00000025
20457722ns          346458 1c008ddc 017005b3 add              x11, x0, x23        x11=00000002 x23:00000002
20457742ns          346459 1c008dde 000980e7 jalr             x1, x19, 0           x1=1c008de0 x19:1c008d20
20457783ns          346461 1c008d20 f14027f3 csrrs            x15, x0, 0xf14      x15=00000002
20457803ns          346462 1c008d24 1a10f6b7 lui              x13, 0x1a10f000     x13=1a10f000
20457823ns          346463 1c008d28 ca5797b3 p.extractu       x15, x15, 5, 5      x15=00000000 x15:00000002
20457843ns          346464 1c008d2c f1402773 csrrs            x14, x0, 0xf14      x14=00000002
20457864ns          346465 1c008d30 00779793 slli             x15, x15, 0x7       x15=00000000 x15:00000000
20457884ns          346466 1c008d32 00371713 slli             x14, x14, 0x3       x14=00000010 x14:00000002
20457904ns          346467 1c008d34 0ff57513 andi             x10, x10, 255       x10=0000006c x10:0000006c
20457924ns          346468 1c008d38 ee873733 p.bclr           x14, x14, 23, 8     x14=00000010 x14:00000010
20457944ns          346469 1c008d3c 00d787b3 add              x15, x15, x13       x15=1a10f000 x15:00000000 x13:1a10f000
20457965ns          346470 1c008d3e 00a767a3 p.sw             x10, x0(x14)        x10:0000006c x14:00000010  PA:1a10f010
20458309ns          346487 1c008d42 00000513 addi             x10, x0, 0          x10=00000000
20458329ns          346488 1c008d44 00008067 jalr             x0, x1, 0            x1:1c008de0
20458370ns          346490 1c008de0 15f52063 p.beqimm         x10, 320            x10:00000000
20458390ns          346491 1c008de4 001a8a93 addi             x21, x21, 1         x21=00000013 x21:00000012
20458410ns          346492 1c008de6 00800d33 add              x26, x0, x8         x26=1c0009c1  x8:1c0009c1
20458430ns          346493 1c008de8 000d4503 lbu              x10, 0(x26)         x10=00000020 x26:1c0009c1  PA:1c0009c1
20458734ns          346508 1c008dec 001d0413 addi             x8, x26, 1           x8=1c0009c2 x26:1c0009c1
20458754ns          346509 1c008df0 0c050b63 beq              x10, x0, 214        x10:00000020
20458774ns          346510 1c008df2 02500793 addi             x15, x0, 37         x15=00000025
20458795ns          346511 1c008df6 fef513e3 bne              x10, x15, -26       x10:00000020 x15:00000025
20458855ns          346514 1c008ddc 017005b3 add              x11, x0, x23        x11=00000002 x23:00000002
20458876ns          346515 1c008dde 000980e7 jalr             x1, x19, 0           x1=1c008de0 x19:1c008d20
20458916ns          346517 1c008d20 f14027f3 csrrs            x15, x0, 0xf14      x15=00000002
20458936ns          346518 1c008d24 1a10f6b7 lui              x13, 0x1a10f000     x13=1a10f000
20458956ns          346519 1c008d28 ca5797b3 p.extractu       x15, x15, 5, 5      x15=00000000 x15:00000002
20458977ns          346520 1c008d2c f1402773 csrrs            x14, x0, 0xf14      x14=00000002
20458997ns          346521 1c008d30 00779793 slli             x15, x15, 0x7       x15=00000000 x15:00000000
20459017ns          346522 1c008d32 00371713 slli             x14, x14, 0x3       x14=00000010 x14:00000002
20459037ns          346523 1c008d34 0ff57513 andi             x10, x10, 255       x10=00000020 x10:00000020
20459058ns          346524 1c008d38 ee873733 p.bclr           x14, x14, 23, 8     x14=00000010 x14:00000010
20459078ns          346525 1c008d3c 00d787b3 add              x15, x15, x13       x15=1a10f000 x15:00000000 x13:1a10f000
20459098ns          346526 1c008d3e 00a767a3 p.sw             x10, x0(x14)        x10:00000020 x14:00000010  PA:1a10f010
20459442ns          346543 1c008d42 00000513 addi             x10, x0, 0          x10=00000000
20459462ns          346544 1c008d44 00008067 jalr             x0, x1, 0            x1:1c008de0
20459503ns          346546 1c008de0 15f52063 p.beqimm         x10, 320            x10:00000000
20459523ns          346547 1c008de4 001a8a93 addi             x21, x21, 1         x21=00000014 x21:00000013
20459543ns          346548 1c008de6 00800d33 add              x26, x0, x8         x26=1c0009c2  x8:1c0009c2
20459564ns          346549 1c008de8 000d4503 lbu              x10, 0(x26)         x10=00000065 x26:1c0009c2  PA:1c0009c2
20459867ns          346564 1c008dec 001d0413 addi             x8, x26, 1           x8=1c0009c3 x26:1c0009c2
20459888ns          346565 1c008df0 0c050b63 beq              x10, x0, 214        x10:00000065
20459908ns          346566 1c008df2 02500793 addi             x15, x0, 37         x15=00000025
20459928ns          346567 1c008df6 fef513e3 bne              x10, x15, -26       x10:00000065 x15:00000025
20459989ns          346570 1c008ddc 017005b3 add              x11, x0, x23        x11=00000002 x23:00000002
20460009ns          346571 1c008dde 000980e7 jalr             x1, x19, 0           x1=1c008de0 x19:1c008d20
20460049ns          346573 1c008d20 f14027f3 csrrs            x15, x0, 0xf14      x15=00000002
20460070ns          346574 1c008d24 1a10f6b7 lui              x13, 0x1a10f000     x13=1a10f000
20460090ns          346575 1c008d28 ca5797b3 p.extractu       x15, x15, 5, 5      x15=00000000 x15:00000002
20460110ns          346576 1c008d2c f1402773 csrrs            x14, x0, 0xf14      x14=00000002
20460130ns          346577 1c008d30 00779793 slli             x15, x15, 0x7       x15=00000000 x15:00000000
20460151ns          346578 1c008d32 00371713 slli             x14, x14, 0x3       x14=00000010 x14:00000002
20460171ns          346579 1c008d34 0ff57513 andi             x10, x10, 255       x10=00000065 x10:00000065
20460191ns          346580 1c008d38 ee873733 p.bclr           x14, x14, 23, 8     x14=00000010 x14:00000010
20460211ns          346581 1c008d3c 00d787b3 add              x15, x15, x13       x15=1a10f000 x15:00000000 x13:1a10f000
20460232ns          346582 1c008d3e 00a767a3 p.sw             x10, x0(x14)        x10:00000065 x14:00000010  PA:1a10f010
20460576ns          346599 1c008d42 00000513 addi             x10, x0, 0          x10=00000000
20460596ns          346600 1c008d44 00008067 jalr             x0, x1, 0            x1:1c008de0
20460636ns          346602 1c008de0 15f52063 p.beqimm         x10, 320            x10:00000000
20460657ns          346603 1c008de4 001a8a93 addi             x21, x21, 1         x21=00000015 x21:00000014
20460677ns          346604 1c008de6 00800d33 add              x26, x0, x8         x26=1c0009c3  x8:1c0009c3
20460697ns          346605 1c008de8 000d4503 lbu              x10, 0(x26)         x10=00000072 x26:1c0009c3  PA:1c0009c3
20461001ns          346620 1c008dec 001d0413 addi             x8, x26, 1           x8=1c0009c4 x26:1c0009c3
20461021ns          346621 1c008df0 0c050b63 beq              x10, x0, 214        x10:00000072
20461041ns          346622 1c008df2 02500793 addi             x15, x0, 37         x15=00000025
20461061ns          346623 1c008df6 fef513e3 bne              x10, x15, -26       x10:00000072 x15:00000025
20461122ns          346626 1c008ddc 017005b3 add              x11, x0, x23        x11=00000002 x23:00000002
20461142ns          346627 1c008dde 000980e7 jalr             x1, x19, 0           x1=1c008de0 x19:1c008d20
20461183ns          346629 1c008d20 f14027f3 csrrs            x15, x0, 0xf14      x15=00000002
20461203ns          346630 1c008d24 1a10f6b7 lui              x13, 0x1a10f000     x13=1a10f000
20461223ns          346631 1c008d28 ca5797b3 p.extractu       x15, x15, 5, 5      x15=00000000 x15:00000002
20461244ns          346632 1c008d2c f1402773 csrrs            x14, x0, 0xf14      x14=00000002
20461264ns          346633 1c008d30 00779793 slli             x15, x15, 0x7       x15=00000000 x15:00000000
20461284ns          346634 1c008d32 00371713 slli             x14, x14, 0x3       x14=00000010 x14:00000002
20461304ns          346635 1c008d34 0ff57513 andi             x10, x10, 255       x10=00000072 x10:00000072
20461325ns          346636 1c008d38 ee873733 p.bclr           x14, x14, 23, 8     x14=00000010 x14:00000010
20461345ns          346637 1c008d3c 00d787b3 add              x15, x15, x13       x15=1a10f000 x15:00000000 x13:1a10f000
20461365ns          346638 1c008d3e 00a767a3 p.sw             x10, x0(x14)        x10:00000072 x14:00000010  PA:1a10f010
20461709ns          346655 1c008d42 00000513 addi             x10, x0, 0          x10=00000000
20461729ns          346656 1c008d44 00008067 jalr             x0, x1, 0            x1:1c008de0
20461770ns          346658 1c008de0 15f52063 p.beqimm         x10, 320            x10:00000000
20461790ns          346659 1c008de4 001a8a93 addi             x21, x21, 1         x21=00000016 x21:00000015
20461810ns          346660 1c008de6 00800d33 add              x26, x0, x8         x26=1c0009c4  x8:1c0009c4
20461831ns          346661 1c008de8 000d4503 lbu              x10, 0(x26)         x10=00000072 x26:1c0009c4  PA:1c0009c4
20462134ns          346676 1c008dec 001d0413 addi             x8, x26, 1           x8=1c0009c5 x26:1c0009c4
20462154ns          346677 1c008df0 0c050b63 beq              x10, x0, 214        x10:00000072
20462175ns          346678 1c008df2 02500793 addi             x15, x0, 37         x15=00000025
20462195ns          346679 1c008df6 fef513e3 bne              x10, x15, -26       x10:00000072 x15:00000025
20462256ns          346682 1c008ddc 017005b3 add              x11, x0, x23        x11=00000002 x23:00000002
20462276ns          346683 1c008dde 000980e7 jalr             x1, x19, 0           x1=1c008de0 x19:1c008d20
20462316ns          346685 1c008d20 f14027f3 csrrs            x15, x0, 0xf14      x15=00000002
20462337ns          346686 1c008d24 1a10f6b7 lui              x13, 0x1a10f000     x13=1a10f000
20462357ns          346687 1c008d28 ca5797b3 p.extractu       x15, x15, 5, 5      x15=00000000 x15:00000002
20462377ns          346688 1c008d2c f1402773 csrrs            x14, x0, 0xf14      x14=00000002
20462397ns          346689 1c008d30 00779793 slli             x15, x15, 0x7       x15=00000000 x15:00000000
20462418ns          346690 1c008d32 00371713 slli             x14, x14, 0x3       x14=00000010 x14:00000002
20462438ns          346691 1c008d34 0ff57513 andi             x10, x10, 255       x10=00000072 x10:00000072
20462458ns          346692 1c008d38 ee873733 p.bclr           x14, x14, 23, 8     x14=00000010 x14:00000010
20462478ns          346693 1c008d3c 00d787b3 add              x15, x15, x13       x15=1a10f000 x15:00000000 x13:1a10f000
20462498ns          346694 1c008d3e 00a767a3 p.sw             x10, x0(x14)        x10:00000072 x14:00000010  PA:1a10f010
20462843ns          346711 1c008d42 00000513 addi             x10, x0, 0          x10=00000000
20462863ns          346712 1c008d44 00008067 jalr             x0, x1, 0            x1:1c008de0
20462903ns          346714 1c008de0 15f52063 p.beqimm         x10, 320            x10:00000000
20462924ns          346715 1c008de4 001a8a93 addi             x21, x21, 1         x21=00000017 x21:00000016
20462944ns          346716 1c008de6 00800d33 add              x26, x0, x8         x26=1c0009c5  x8:1c0009c5
20462964ns          346717 1c008de8 000d4503 lbu              x10, 0(x26)         x10=0000006f x26:1c0009c5  PA:1c0009c5
20463268ns          346732 1c008dec 001d0413 addi             x8, x26, 1           x8=1c0009c6 x26:1c0009c5
20463288ns          346733 1c008df0 0c050b63 beq              x10, x0, 214        x10:0000006f
20463308ns          346734 1c008df2 02500793 addi             x15, x0, 37         x15=00000025
20463328ns          346735 1c008df6 fef513e3 bne              x10, x15, -26       x10:0000006f x15:00000025
20463389ns          346738 1c008ddc 017005b3 add              x11, x0, x23        x11=00000002 x23:00000002
20463409ns          346739 1c008dde 000980e7 jalr             x1, x19, 0           x1=1c008de0 x19:1c008d20
20463450ns          346741 1c008d20 f14027f3 csrrs            x15, x0, 0xf14      x15=00000002
20463470ns          346742 1c008d24 1a10f6b7 lui              x13, 0x1a10f000     x13=1a10f000
20463490ns          346743 1c008d28 ca5797b3 p.extractu       x15, x15, 5, 5      x15=00000000 x15:00000002
20463510ns          346744 1c008d2c f1402773 csrrs            x14, x0, 0xf14      x14=00000002
20463531ns          346745 1c008d30 00779793 slli             x15, x15, 0x7       x15=00000000 x15:00000000
20463551ns          346746 1c008d32 00371713 slli             x14, x14, 0x3       x14=00000010 x14:00000002
20463571ns          346747 1c008d34 0ff57513 andi             x10, x10, 255       x10=0000006f x10:0000006f
20463591ns          346748 1c008d38 ee873733 p.bclr           x14, x14, 23, 8     x14=00000010 x14:00000010
20463612ns          346749 1c008d3c 00d787b3 add              x15, x15, x13       x15=1a10f000 x15:00000000 x13:1a10f000
20463632ns          346750 1c008d3e 00a767a3 p.sw             x10, x0(x14)        x10:0000006f x14:00000010  PA:1a10f010
20463976ns          346767 1c008d42 00000513 addi             x10, x0, 0          x10=00000000
20463996ns          346768 1c008d44 00008067 jalr             x0, x1, 0            x1:1c008de0
20464037ns          346770 1c008de0 15f52063 p.beqimm         x10, 320            x10:00000000
20464057ns          346771 1c008de4 001a8a93 addi             x21, x21, 1         x21=00000018 x21:00000017
20464077ns          346772 1c008de6 00800d33 add              x26, x0, x8         x26=1c0009c6  x8:1c0009c6
20464097ns          346773 1c008de8 000d4503 lbu              x10, 0(x26)         x10=00000072 x26:1c0009c6  PA:1c0009c6
20464401ns          346788 1c008dec 001d0413 addi             x8, x26, 1           x8=1c0009c7 x26:1c0009c6
20464421ns          346789 1c008df0 0c050b63 beq              x10, x0, 214        x10:00000072
20464442ns          346790 1c008df2 02500793 addi             x15, x0, 37         x15=00000025
20464462ns          346791 1c008df6 fef513e3 bne              x10, x15, -26       x10:00000072 x15:00000025
20464522ns          346794 1c008ddc 017005b3 add              x11, x0, x23        x11=00000002 x23:00000002
20464543ns          346795 1c008dde 000980e7 jalr             x1, x19, 0           x1=1c008de0 x19:1c008d20
20464583ns          346797 1c008d20 f14027f3 csrrs            x15, x0, 0xf14      x15=00000002
20464603ns          346798 1c008d24 1a10f6b7 lui              x13, 0x1a10f000     x13=1a10f000
20464624ns          346799 1c008d28 ca5797b3 p.extractu       x15, x15, 5, 5      x15=00000000 x15:00000002
20464644ns          346800 1c008d2c f1402773 csrrs            x14, x0, 0xf14      x14=00000002
20464664ns          346801 1c008d30 00779793 slli             x15, x15, 0x7       x15=00000000 x15:00000000
20464684ns          346802 1c008d32 00371713 slli             x14, x14, 0x3       x14=00000010 x14:00000002
20464705ns          346803 1c008d34 0ff57513 andi             x10, x10, 255       x10=00000072 x10:00000072
20464725ns          346804 1c008d38 ee873733 p.bclr           x14, x14, 23, 8     x14=00000010 x14:00000010
20464745ns          346805 1c008d3c 00d787b3 add              x15, x15, x13       x15=1a10f000 x15:00000000 x13:1a10f000
20464765ns          346806 1c008d3e 00a767a3 p.sw             x10, x0(x14)        x10:00000072 x14:00000010  PA:1a10f010
20465109ns          346823 1c008d42 00000513 addi             x10, x0, 0          x10=00000000
20465130ns          346824 1c008d44 00008067 jalr             x0, x1, 0            x1:1c008de0
20465170ns          346826 1c008de0 15f52063 p.beqimm         x10, 320            x10:00000000
20465190ns          346827 1c008de4 001a8a93 addi             x21, x21, 1         x21=00000019 x21:00000018
20465211ns          346828 1c008de6 00800d33 add              x26, x0, x8         x26=1c0009c7  x8:1c0009c7
20465231ns          346829 1c008de8 000d4503 lbu              x10, 0(x26)         x10=00000073 x26:1c0009c7  PA:1c0009c7
20465534ns          346844 1c008dec 001d0413 addi             x8, x26, 1           x8=1c0009c8 x26:1c0009c7
20465555ns          346845 1c008df0 0c050b63 beq              x10, x0, 214        x10:00000073
20465575ns          346846 1c008df2 02500793 addi             x15, x0, 37         x15=00000025
20465595ns          346847 1c008df6 fef513e3 bne              x10, x15, -26       x10:00000073 x15:00000025
20465656ns          346850 1c008ddc 017005b3 add              x11, x0, x23        x11=00000002 x23:00000002
20465676ns          346851 1c008dde 000980e7 jalr             x1, x19, 0           x1=1c008de0 x19:1c008d20
20465717ns          346853 1c008d20 f14027f3 csrrs            x15, x0, 0xf14      x15=00000002
20465737ns          346854 1c008d24 1a10f6b7 lui              x13, 0x1a10f000     x13=1a10f000
20465757ns          346855 1c008d28 ca5797b3 p.extractu       x15, x15, 5, 5      x15=00000000 x15:00000002
20465777ns          346856 1c008d2c f1402773 csrrs            x14, x0, 0xf14      x14=00000002
20465798ns          346857 1c008d30 00779793 slli             x15, x15, 0x7       x15=00000000 x15:00000000
20465818ns          346858 1c008d32 00371713 slli             x14, x14, 0x3       x14=00000010 x14:00000002
20465838ns          346859 1c008d34 0ff57513 andi             x10, x10, 255       x10=00000073 x10:00000073
20465858ns          346860 1c008d38 ee873733 p.bclr           x14, x14, 23, 8     x14=00000010 x14:00000010
20465879ns          346861 1c008d3c 00d787b3 add              x15, x15, x13       x15=1a10f000 x15:00000000 x13:1a10f000
20465899ns          346862 1c008d3e 00a767a3 p.sw             x10, x0(x14)        x10:00000073 x14:00000010  PA:1a10f010
20466243ns          346879 1c008d42 00000513 addi             x10, x0, 0          x10=00000000
20466263ns          346880 1c008d44 00008067 jalr             x0, x1, 0            x1:1c008de0
20466304ns          346882 1c008de0 15f52063 p.beqimm         x10, 320            x10:00000000
20466324ns          346883 1c008de4 001a8a93 addi             x21, x21, 1         x21=0000001a x21:00000019
20466344ns          346884 1c008de6 00800d33 add              x26, x0, x8         x26=1c0009c8  x8:1c0009c8
20466364ns          346885 1c008de8 000d4503 lbu              x10, 0(x26)         x10=00000020 x26:1c0009c8  PA:1c0009c8
20466668ns          346900 1c008dec 001d0413 addi             x8, x26, 1           x8=1c0009c9 x26:1c0009c8
20466688ns          346901 1c008df0 0c050b63 beq              x10, x0, 214        x10:00000020
20466708ns          346902 1c008df2 02500793 addi             x15, x0, 37         x15=00000025
20466729ns          346903 1c008df6 fef513e3 bne              x10, x15, -26       x10:00000020 x15:00000025
20466789ns          346906 1c008ddc 017005b3 add              x11, x0, x23        x11=00000002 x23:00000002
20466810ns          346907 1c008dde 000980e7 jalr             x1, x19, 0           x1=1c008de0 x19:1c008d20
20466850ns          346909 1c008d20 f14027f3 csrrs            x15, x0, 0xf14      x15=00000002
20466870ns          346910 1c008d24 1a10f6b7 lui              x13, 0x1a10f000     x13=1a10f000
20466891ns          346911 1c008d28 ca5797b3 p.extractu       x15, x15, 5, 5      x15=00000000 x15:00000002
20466911ns          346912 1c008d2c f1402773 csrrs            x14, x0, 0xf14      x14=00000002
20466931ns          346913 1c008d30 00779793 slli             x15, x15, 0x7       x15=00000000 x15:00000000
20466951ns          346914 1c008d32 00371713 slli             x14, x14, 0x3       x14=00000010 x14:00000002
20466972ns          346915 1c008d34 0ff57513 andi             x10, x10, 255       x10=00000020 x10:00000020
20466992ns          346916 1c008d38 ee873733 p.bclr           x14, x14, 23, 8     x14=00000010 x14:00000010
20467012ns          346917 1c008d3c 00d787b3 add              x15, x15, x13       x15=1a10f000 x15:00000000 x13:1a10f000
20467032ns          346918 1c008d3e 00a767a3 p.sw             x10, x0(x14)        x10:00000020 x14:00000010  PA:1a10f010
20467376ns          346935 1c008d42 00000513 addi             x10, x0, 0          x10=00000000
20467397ns          346936 1c008d44 00008067 jalr             x0, x1, 0            x1:1c008de0
20467437ns          346938 1c008de0 15f52063 p.beqimm         x10, 320            x10:00000000
20467457ns          346939 1c008de4 001a8a93 addi             x21, x21, 1         x21=0000001b x21:0000001a
20467478ns          346940 1c008de6 00800d33 add              x26, x0, x8         x26=1c0009c9  x8:1c0009c9
20467498ns          346941 1c008de8 000d4503 lbu              x10, 0(x26)         x10=0000003d x26:1c0009c9  PA:1c0009c9
20467801ns          346956 1c008dec 001d0413 addi             x8, x26, 1           x8=1c0009ca x26:1c0009c9
20467822ns          346957 1c008df0 0c050b63 beq              x10, x0, 214        x10:0000003d
20467842ns          346958 1c008df2 02500793 addi             x15, x0, 37         x15=00000025
20467862ns          346959 1c008df6 fef513e3 bne              x10, x15, -26       x10:0000003d x15:00000025
20467923ns          346962 1c008ddc 017005b3 add              x11, x0, x23        x11=00000002 x23:00000002
20467943ns          346963 1c008dde 000980e7 jalr             x1, x19, 0           x1=1c008de0 x19:1c008d20
20467984ns          346965 1c008d20 f14027f3 csrrs            x15, x0, 0xf14      x15=00000002
20468004ns          346966 1c008d24 1a10f6b7 lui              x13, 0x1a10f000     x13=1a10f000
20468024ns          346967 1c008d28 ca5797b3 p.extractu       x15, x15, 5, 5      x15=00000000 x15:00000002
20468044ns          346968 1c008d2c f1402773 csrrs            x14, x0, 0xf14      x14=00000002
20468064ns          346969 1c008d30 00779793 slli             x15, x15, 0x7       x15=00000000 x15:00000000
20468085ns          346970 1c008d32 00371713 slli             x14, x14, 0x3       x14=00000010 x14:00000002
20468105ns          346971 1c008d34 0ff57513 andi             x10, x10, 255       x10=0000003d x10:0000003d
20468125ns          346972 1c008d38 ee873733 p.bclr           x14, x14, 23, 8     x14=00000010 x14:00000010
20468145ns          346973 1c008d3c 00d787b3 add              x15, x15, x13       x15=1a10f000 x15:00000000 x13:1a10f000
20468166ns          346974 1c008d3e 00a767a3 p.sw             x10, x0(x14)        x10:0000003d x14:00000010  PA:1a10f010
20468510ns          346991 1c008d42 00000513 addi             x10, x0, 0          x10=00000000
20468530ns          346992 1c008d44 00008067 jalr             x0, x1, 0            x1:1c008de0
20468570ns          346994 1c008de0 15f52063 p.beqimm         x10, 320            x10:00000000
20468591ns          346995 1c008de4 001a8a93 addi             x21, x21, 1         x21=0000001c x21:0000001b
20468611ns          346996 1c008de6 00800d33 add              x26, x0, x8         x26=1c0009ca  x8:1c0009ca
20468631ns          346997 1c008de8 000d4503 lbu              x10, 0(x26)         x10=00000020 x26:1c0009ca  PA:1c0009ca
20468935ns          347012 1c008dec 001d0413 addi             x8, x26, 1           x8=1c0009cb x26:1c0009ca
20468955ns          347013 1c008df0 0c050b63 beq              x10, x0, 214        x10:00000020
20468975ns          347014 1c008df2 02500793 addi             x15, x0, 37         x15=00000025
20468996ns          347015 1c008df6 fef513e3 bne              x10, x15, -26       x10:00000020 x15:00000025
20469056ns          347018 1c008ddc 017005b3 add              x11, x0, x23        x11=00000002 x23:00000002
20469076ns          347019 1c008dde 000980e7 jalr             x1, x19, 0           x1=1c008de0 x19:1c008d20
20469117ns          347021 1c008d20 f14027f3 csrrs            x15, x0, 0xf14      x15=00000002
20469137ns          347022 1c008d24 1a10f6b7 lui              x13, 0x1a10f000     x13=1a10f000
20469157ns          347023 1c008d28 ca5797b3 p.extractu       x15, x15, 5, 5      x15=00000000 x15:00000002
20469178ns          347024 1c008d2c f1402773 csrrs            x14, x0, 0xf14      x14=00000002
20469198ns          347025 1c008d30 00779793 slli             x15, x15, 0x7       x15=00000000 x15:00000000
20469218ns          347026 1c008d32 00371713 slli             x14, x14, 0x3       x14=00000010 x14:00000002
20469238ns          347027 1c008d34 0ff57513 andi             x10, x10, 255       x10=00000020 x10:00000020
20469259ns          347028 1c008d38 ee873733 p.bclr           x14, x14, 23, 8     x14=00000010 x14:00000010
20469279ns          347029 1c008d3c 00d787b3 add              x15, x15, x13       x15=1a10f000 x15:00000000 x13:1a10f000
20469299ns          347030 1c008d3e 00a767a3 p.sw             x10, x0(x14)        x10:00000020 x14:00000010  PA:1a10f010
20469623ns          347046 1c008d42 00000513 addi             x10, x0, 0          x10=00000000
20469643ns          347047 1c008d44 00008067 jalr             x0, x1, 0            x1:1c008de0
20469684ns          347049 1c008de0 15f52063 p.beqimm         x10, 320            x10:00000000
20469704ns          347050 1c008de4 001a8a93 addi             x21, x21, 1         x21=0000001d x21:0000001c
20469724ns          347051 1c008de6 00800d33 add              x26, x0, x8         x26=1c0009cb  x8:1c0009cb
20469744ns          347052 1c008de8 000d4503 lbu              x10, 0(x26)         x10=00000025 x26:1c0009cb  PA:1c0009cb
20470048ns          347067 1c008dec 001d0413 addi             x8, x26, 1           x8=1c0009cc x26:1c0009cb
20470068ns          347068 1c008df0 0c050b63 beq              x10, x0, 214        x10:00000025
20470088ns          347069 1c008df2 02500793 addi             x15, x0, 37         x15=00000025
20470109ns          347070 1c008df6 fef513e3 bne              x10, x15, -26       x10:00000025 x15:00000025
20470129ns          347071 1c008dfa 00012a23 sw               x0, 20(x2)           x2:10000f68  PA:10000f7c
20470149ns          347072 1c008dfc 00012823 sw               x0, 16(x2)           x2:10000f68  PA:10000f78
20470169ns          347073 1c008dfe 00012623 sw               x0, 12(x2)           x2:10000f68  PA:10000f74
20470190ns          347074 1c008e00 00012423 sw               x0, 8(x2)            x2:10000f68  PA:10000f70
20470210ns          347075 1c008e02 00012223 sw               x0, 4(x2)            x2:10000f68  PA:10000f6c
20470230ns          347076 1c008e04 02300493 addi             x9, x0, 35           x9=00000023
20470250ns          347077 1c008e08 02d00b13 addi             x22, x0, 45         x22=0000002d
20470271ns          347078 1c008e0c 00044c83 lbu              x25, 0(x8)          x25=00000064  x8:1c0009cc  PA:1c0009cc
20470594ns          347094 1c008e10 00140913 addi             x18, x8, 1          x18=1c0009cd  x8:1c0009cc
20470615ns          347095 1c008e14 019005b3 add              x11, x0, x25        x11=00000064 x25:00000064
20470635ns          347096 1c008e16 9d0c0513 addi             x10, x24, -1584     x10=1c0009d0 x24:1c001000
20470655ns          347097 1c008e1a 01200d33 add              x26, x0, x18        x26=1c0009cd x18:1c0009cd
20470675ns          347098 1c008e1c 01900db3 add              x27, x0, x25        x27=00000064 x25:00000064
20470696ns          347099 1c008e1e e89ff0ef jal              x1, -376             x1=1c008e20
20470858ns          347107 1c008ca6 00054783 lbu              x15, 0(x10)         x15=0000002d x10:1c0009d0  PA:1c0009d0
20471161ns          347122 1c008caa 0ff5f593 andi             x11, x11, 255       x11=00000064 x11:00000064
20471181ns          347123 1c008cae 00b78c63 beq              x15, x11, 24        x15:0000002d x11:00000064
20471202ns          347124 1c008cb2 00078b63 beq              x15, x0, 22         x15:0000002d
20471222ns          347125 1c008cb4 00150793 addi             x15, x10, 1         x15=1c0009d1 x10:1c0009d0
20471242ns          347126 1c008cb8 0040006f jal              x0, 4              
20471343ns          347131 1c008cbc 00f00533 add              x10, x0, x15        x10=1c0009d1 x15:1c0009d1
20471364ns          347132 1c008cbe 0017c70b p.lbu            x14, 1(x15!)        x14=0000002b x15=1c0009d2 x15:1c0009d1  PA:1c0009d1
20471687ns          347148 1c008cc2 feb71ce3 bne              x14, x11, -8        x14:0000002b x11:00000064
20471748ns          347151 1c008cba 00070763 beq              x14, x0, 14         x14:0000002b
20471768ns          347152 1c008cbc 00f00533 add              x10, x0, x15        x10=1c0009d2 x15:1c0009d2
20471789ns          347153 1c008cbe 0017c70b p.lbu            x14, 1(x15!)        x14=00000020 x15=1c0009d3 x15:1c0009d2  PA:1c0009d2
20472112ns          347169 1c008cc2 feb71ce3 bne              x14, x11, -8        x14:00000020 x11:00000064
20472173ns          347172 1c008cba 00070763 beq              x14, x0, 14         x14:00000020
20472193ns          347173 1c008cbc 00f00533 add              x10, x0, x15        x10=1c0009d3 x15:1c0009d3
20472214ns          347174 1c008cbe 0017c70b p.lbu            x14, 1(x15!)        x14=00000023 x15=1c0009d4 x15:1c0009d3  PA:1c0009d3
20472538ns          347190 1c008cc2 feb71ce3 bne              x14, x11, -8        x14:00000023 x11:00000064
20472598ns          347193 1c008cba 00070763 beq              x14, x0, 14         x14:00000023
20472618ns          347194 1c008cbc 00f00533 add              x10, x0, x15        x10=1c0009d4 x15:1c0009d4
20472639ns          347195 1c008cbe 0017c70b p.lbu            x14, 1(x15!)        x14=00000030 x15=1c0009d5 x15:1c0009d4  PA:1c0009d4
20472963ns          347211 1c008cc2 feb71ce3 bne              x14, x11, -8        x14:00000030 x11:00000064
20473023ns          347214 1c008cba 00070763 beq              x14, x0, 14         x14:00000030
20473044ns          347215 1c008cbc 00f00533 add              x10, x0, x15        x10=1c0009d5 x15:1c0009d5
20473064ns          347216 1c008cbe 0017c70b p.lbu            x14, 1(x15!)        x14=00000000 x15=1c0009d6 x15:1c0009d5  PA:1c0009d5
20473388ns          347232 1c008cc2 feb71ce3 bne              x14, x11, -8        x14:00000000 x11:00000064
20473448ns          347235 1c008cba 00070763 beq              x14, x0, 14         x14:00000000
20473509ns          347238 1c008cc8 0015b593 sltiu            x11, x11, 1         x11=00000000 x11:00000064
20473529ns          347239 1c008ccc 40b005b3 sub              x11, x0, x11        x11=00000000 x11:00000000
20473550ns          347240 1c008cd0 00b57533 and              x10, x10, x11       x10=00000000 x10:1c0009d5 x11:00000000
20473570ns          347241 1c008cd2 00008067 jalr             x0, x1, 0            x1:1c008e20
20473651ns          347245 1c008e20 02050b63 beq              x10, x0, 54         x10:00000000
20473732ns          347249 1c008e56 02a00693 addi             x13, x0, 42         x13=0000002a
20473752ns          347250 1c008e5a 2edc8263 beq              x25, x13, 740       x25:00000064 x13:0000002a
20473813ns          347253 1c008e5e fd0c8693 addi             x13, x25, -48       x13=00000034 x25:00000064
20473833ns          347254 1c008e62 00900593 addi             x11, x0, 9          x11=00000009
20473853ns          347255 1c008e64 00000b13 addi             x22, x0, 0          x22=00000000
20473873ns          347256 1c008e66 0cd5fd63 bgeu             x11, x13, 218       x11:00000009 x13:00000034
20473894ns          347257 1c008e6a 02e00793 addi             x15, x0, 46         x15=0000002e
20473954ns          347260 1c008e6e 28fd8663 beq              x27, x15, 652       x27:00000064 x15:0000002e
20473975ns          347261 1c008e72 01b00433 add              x8, x0, x27          x8=00000064 x27:00000064
20473995ns          347262 1c008e74 fff00493 addi             x9, x0, -1           x9=ffffffff
20474015ns          347263 1c008e76 1c001737 lui              x14, 0x1c001000     x14=1c001000
20474035ns          347264 1c008e7a 01b005b3 add              x11, x0, x27        x11=00000064 x27:00000064
20474056ns          347265 1c008e7c 9d870513 addi             x10, x14, -1576     x10=1c0009d8 x14:1c001000
20474096ns          347267 1c008e80 e27ff0ef jal              x1, -474             x1=1c008e82
20474157ns          347270 1c008ca6 00054783 lbu              x15, 0(x10)         x15=00000068 x10:1c0009d8  PA:1c0009d8
20474460ns          347285 1c008caa 0ff5f593 andi             x11, x11, 255       x11=00000064 x11:00000064
20474481ns          347286 1c008cae 00b78c63 beq              x15, x11, 24        x15:00000068 x11:00000064
20474501ns          347287 1c008cb2 00078b63 beq              x15, x0, 22         x15:00000068
20474521ns          347288 1c008cb4 00150793 addi             x15, x10, 1         x15=1c0009d9 x10:1c0009d8
20474541ns          347289 1c008cb8 0040006f jal              x0, 4              
20474582ns          347291 1c008cbc 00f00533 add              x10, x0, x15        x10=1c0009d9 x15:1c0009d9
20474602ns          347292 1c008cbe 0017c70b p.lbu            x14, 1(x15!)        x14=0000006c x15=1c0009da x15:1c0009d9  PA:1c0009d9
20474926ns          347308 1c008cc2 feb71ce3 bne              x14, x11, -8        x14:0000006c x11:00000064
20474987ns          347311 1c008cba 00070763 beq              x14, x0, 14         x14:0000006c
20475007ns          347312 1c008cbc 00f00533 add              x10, x0, x15        x10=1c0009da x15:1c0009da
20475027ns          347313 1c008cbe 0017c70b p.lbu            x14, 1(x15!)        x14=0000007a x15=1c0009db x15:1c0009da  PA:1c0009da
20475351ns          347329 1c008cc2 feb71ce3 bne              x14, x11, -8        x14:0000007a x11:00000064
20475412ns          347332 1c008cba 00070763 beq              x14, x0, 14         x14:0000007a
20475432ns          347333 1c008cbc 00f00533 add              x10, x0, x15        x10=1c0009db x15:1c0009db
20475452ns          347334 1c008cbe 0017c70b p.lbu            x14, 1(x15!)        x14=00000000 x15=1c0009dc x15:1c0009db  PA:1c0009db
20475776ns          347350 1c008cc2 feb71ce3 bne              x14, x11, -8        x14:00000000 x11:00000064
20475837ns          347353 1c008cba 00070763 beq              x14, x0, 14         x14:00000000
20475897ns          347356 1c008cc8 0015b593 sltiu            x11, x11, 1         x11=00000000 x11:00000064
20475918ns          347357 1c008ccc 40b005b3 sub              x11, x0, x11        x11=00000000 x11:00000000
20475938ns          347358 1c008cd0 00b57533 and              x10, x10, x11       x10=00000000 x10:1c0009db x11:00000000
20475958ns          347359 1c008cd2 00008067 jalr             x0, x1, 0            x1:1c008e82
20475999ns          347361 1c008e82 00000793 addi             x15, x0, 0          x15=00000000
20476019ns          347362 1c008e84 00050f63 beq              x10, x0, 30         x10:00000000
20476160ns          347369 1c008ea2 06700693 addi             x13, x0, 103        x13=00000067
20476181ns          347370 1c008ea6 0bb6ee63 bltu             x13, x27, 188       x13:00000067 x27:00000064
20476201ns          347371 1c008eaa 06500693 addi             x13, x0, 101        x13=00000065
20476262ns          347374 1c008eae 3addf2e3 bgeu             x27, x13, 2980      x27:00000064 x13:00000065
20476302ns          347376 1c008eb2 04700693 addi             x13, x0, 71         x13=00000047
20476322ns          347377 1c008eb6 39b6ed63 bltu             x13, x27, 922       x13:00000047 x27:00000064
20476484ns          347385 1c009250 06300693 addi             x13, x0, 99         x13=00000063
20476525ns          347387 1c009254 70dd8c63 beq              x27, x13, 1816      x27:00000064 x13:00000063
20476545ns          347388 1c009258 d3b6e5e3 bltu             x13, x27, -726      x13:00000063 x27:00000064
20476747ns          347398 1c008f82 06c00693 addi             x13, x0, 108        x13=0000006c
20476768ns          347399 1c008f86 00d78a63 beq              x15, x13, 20        x15:00000000 x13:0000006c
20476788ns          347400 1c008f8a 07a00693 addi             x13, x0, 122        x13=0000007a
20476849ns          347403 1c008f8e 00d78663 beq              x15, x13, 12        x15:00000000 x13:0000007a
20476889ns          347405 1c008f92 04c00693 addi             x13, x0, 76         x13=0000004c
20476909ns          347406 1c008f96 5ed78de3 beq              x15, x13, 3578      x15:00000000 x13:0000004c
20476930ns          347407 1c008f9a 000a2783 lw               x15, 0(x20)         x15=00000008 x20:10001014  PA:10001014
20476950ns          347408 1c008f9e 004a0a13 addi             x20, x20, 4         x20=10001018 x20:10001014
20476990ns          347410 1c008fa0 41f7d713 srai             x14, x15, 0x41f     x14=00000000 x15:00000008
20477031ns          347412 1c008fa4 01412e23 sw               x20, 28(x2)         x20:10001018  x2:10000f68  PA:10000f84
20477051ns          347413 1c008fa6 00e12223 sw               x14, 4(x2)          x14:00000000  x2:10000f68  PA:10000f6c
20477071ns          347414 1c008fa8 4e0741e3 blt              x14, x0, 3298       x14:00000000
20477092ns          347415 1c008fac 00c12703 lw               x14, 12(x2)         x14=00000000  x2:10000f68  PA:10000f74
20477132ns          347417 1c008fae 440709e3 beq              x14, x0, 3154       x14:00000000
20477253ns          347423 1c009c00 01012703 lw               x14, 16(x2)         x14=00000000  x2:10000f68  PA:10000f78
20477294ns          347425 1c009c02 22070063 beq              x14, x0, 544        x14:00000000
20477395ns          347430 1c009e22 00412c83 lw               x25, 4(x2)          x25=00000000  x2:10000f68  PA:10000f6c
20477436ns          347432 1c009e24 02410a13 addi             x20, x2, 36         x20=10000f8c  x2:10000f68
20477456ns          347433 1c009e28 998ff06f jal              x0, -3688          
20477537ns          347437 1c008fc0 00f00433 add              x8, x0, x15          x8=00000008 x15:00000008
20477557ns          347438 1c008fc2 01400db3 add              x27, x0, x20        x27=10000f8c x20:10000f8c
20477577ns          347439 1c008fc4 0040006f jal              x0, 4              
20477618ns          347441 1c008fc8 00a00613 addi             x12, x0, 10         x12=0000000a
20477638ns          347442 1c008fca 00000693 addi             x13, x0, 0          x13=00000000
20477658ns          347443 1c008fcc 00800533 add              x10, x0, x8         x10=00000008  x8:00000008
20477678ns          347444 1c008fce 019005b3 add              x11, x0, x25        x11=00000000 x25:00000000
20477699ns          347445 1c008fd0 c2aff0ef jal              x1, -3030            x1=1c008fd4
20477780ns          347449 1c0083fa 00c008b3 add              x17, x0, x12        x17=0000000a x12:0000000a
20477820ns          347451 1c0083fc 00d00733 add              x14, x0, x13        x14=00000000 x13:00000000
20477840ns          347452 1c0083fe 00a007b3 add              x15, x0, x10        x15=00000008 x10:00000008
20477881ns          347454 1c008400 00b00833 add              x16, x0, x11        x16=00000000 x11:00000000
20477921ns          347456 1c008402 1c069863 bne              x13, x0, 464        x13:00000000
20477942ns          347457 1c008406 1c0016b7 lui              x13, 0x1c001000     x13=1c001000
20477962ns          347458 1c00840a 86868693 addi             x13, x13, -1944     x13=1c000868 x13:1c001000
20478023ns          347461 1c00840e 0ac5f863 bgeu             x11, x12, 176       x11:00000000 x12:0000000a
20478043ns          347462 1c008412 00010337 lui              x6, 0x10000          x6=00010000
20478063ns          347463 1c008414 08667e63 bgeu             x12, x6, 156        x12:0000000a  x6:00010000
20478083ns          347464 1c008418 0ff00313 addi             x6, x0, 255          x6=000000ff
20478104ns          347465 1c00841c 00c37363 bgeu             x6, x12, 6           x6:000000ff x12:0000000a
20478225ns          347471 1c008422 00e65333 srl              x6, x12, x14         x6=0000000a x12:0000000a x14:00000000
20478245ns          347472 1c008426 006686b3 add              x13, x13, x6        x13=1c000872 x13:1c000868  x6:0000000a
20478265ns          347473 1c008428 0006ce03 lbu              x28, 0(x13)         x28=00000004 x13:1c000872  PA:1c000872
20478569ns          347488 1c00842c 02000313 addi             x6, x0, 32           x6=00000020
20478589ns          347489 1c008430 00ee0e33 add              x28, x28, x14       x28=00000004 x28:00000004 x14:00000000
20478610ns          347490 1c008432 41c30333 sub              x6, x6, x28          x6=0000001c  x6:00000020 x28:00000004
20478630ns          347491 1c008436 00030c63 beq              x6, x0, 24           x6:0000001c
20478650ns          347492 1c00843a 006595b3 sll              x11, x11, x6        x11=00000000 x11:00000000  x6:0000001c
20478711ns          347495 1c00843e 01c55e33 srl              x28, x10, x28       x28=00000000 x10:00000008 x28:00000004
20478751ns          347497 1c008442 006618b3 sll              x17, x12, x6        x17=a0000000 x12:0000000a  x6:0000001c
20478771ns          347498 1c008446 00be6833 or               x16, x28, x11       x16=00000000 x28:00000000 x11:00000000
20478792ns          347499 1c00844a 006517b3 sll              x15, x10, x6        x15=80000000 x10:00000008  x6:0000001c
20478852ns          347502 1c00844e 0108d613 srli             x12, x17, 0x10      x12=0000a000 x17:a0000000
20478893ns          347504 1c008452 02c87733 remu             x14, x16, x12       x14=00000000 x16:00000000 x12:0000a000
20479277ns          347523 1c008456 02c85833 divu             x16, x16, x12       x16=00000000 x16:00000000 x12:0000a000
20479662ns          347542 1c00845a 01089513 slli             x10, x17, 0x10      x10=00000000 x17:a0000000
20479682ns          347543 1c00845e 01055513 srli             x10, x10, 0x10      x10=00000000 x10:00000000
20479702ns          347544 1c008460 01071713 slli             x14, x14, 0x10      x14=00000000 x14:00000000
20479723ns          347545 1c008462 0107d693 srli             x13, x15, 0x10      x13=00008000 x15:80000000
20479743ns          347546 1c008466 03050833 mul              x16, x10, x16       x16=00000000 x10:00000000 x16:00000000
20479763ns          347547 1c00846a 00e6e6b3 or               x13, x13, x14       x13=00008000 x13:00008000 x14:00000000
20479783ns          347548 1c00846c 0106f863 bgeu             x13, x16, 16        x13:00008000 x16:00000000
20479844ns          347551 1c00847c 410686b3 sub              x13, x13, x16       x13=00008000 x13:00008000 x16:00000000
20479905ns          347554 1c008480 02c6f733 remu             x14, x13, x12       x14=00008000 x13:00008000 x12:0000a000
20480310ns          347574 1c008484 02c6d6b3 divu             x13, x13, x12       x13=00000000 x13:00008000 x12:0000a000
20480694ns          347593 1c008488 01079793 slli             x15, x15, 0x10      x15=00000000 x15:80000000
20480714ns          347594 1c00848a 02d506b3 mul              x13, x10, x13       x13=00000000 x10:00000000 x13:00000000
20480735ns          347595 1c00848e 0107d793 srli             x15, x15, 0x10      x15=00000000 x15:00000000
20480755ns          347596 1c008490 01071513 slli             x10, x14, 0x10      x10=80000000 x14:00008000
20480775ns          347597 1c008494 00a7e7b3 or               x15, x15, x10       x15=80000000 x15:00000000 x10:80000000
20480795ns          347598 1c008496 00d7f863 bgeu             x15, x13, 16        x15:80000000 x13:00000000
20480897ns          347603 1c0084a6 40d787b3 sub              x15, x15, x13       x15=80000000 x15:80000000 x13:00000000
20480917ns          347604 1c0084a8 0067d533 srl              x10, x15, x6        x10=00000008 x15:80000000  x6:0000001c
20480937ns          347605 1c0084ac 00000593 addi             x11, x0, 0          x11=00000000
20480957ns          347606 1c0084ae 00008067 jalr             x0, x1, 0            x1:1c008fd4
20481079ns          347612 1c008fd4 00a00933 add              x18, x0, x10        x18=00000008 x10:00000008
20481099ns          347613 1c008fd6 019005b3 add              x11, x0, x25        x11=00000000 x25:00000000
20481119ns          347614 1c008fd8 00800533 add              x10, x0, x8         x10=00000008  x8:00000008
20481140ns          347615 1c008fda 00a00613 addi             x12, x0, 10         x12=0000000a
20481160ns          347616 1c008fdc 00000693 addi             x13, x0, 0          x13=00000000
20481200ns          347618 1c008fde 8beff0ef jal              x1, -3906            x1=1c008fe2
20481281ns          347622 1c00809c 00b007b3 add              x15, x0, x11        x15=00000000 x11:00000000
20481301ns          347623 1c00809e 00c00833 add              x16, x0, x12        x16=0000000a x12:0000000a
20481362ns          347626 1c0080a0 00d008b3 add              x17, x0, x13        x17=00000000 x13:00000000
20481382ns          347627 1c0080a2 00a00333 add              x6, x0, x10          x6=00000008 x10:00000008
20481403ns          347628 1c0080a4 20069663 bne              x13, x0, 524        x13:00000000
20481423ns          347629 1c0080a8 1c001737 lui              x14, 0x1c001000     x14=1c001000
20481443ns          347630 1c0080ac 86870713 addi             x14, x14, -1944     x14=1c000868 x14:1c001000
20481504ns          347633 1c0080b0 0ac5fe63 bgeu             x11, x12, 188       x11:00000000 x12:0000000a
20481544ns          347635 1c0080b4 000106b7 lui              x13, 0x10000        x13=00010000
20481565ns          347636 1c0080b6 0ad67463 bgeu             x12, x13, 168       x12:0000000a x13:00010000
20481585ns          347637 1c0080ba 0ff00693 addi             x13, x0, 255        x13=000000ff
20481646ns          347640 1c0080be 00c6b6b3 sltu             x13, x13, x12       x13=00000000 x13:000000ff x12:0000000a
20481666ns          347641 1c0080c2 00369693 slli             x13, x13, 0x3       x13=00000000 x13:00000000
20481686ns          347642 1c0080c4 00d658b3 srl              x17, x12, x13       x17=0000000a x12:0000000a x13:00000000
20481706ns          347643 1c0080c8 01170733 add              x14, x14, x17       x14=1c000872 x14:1c000868 x17:0000000a
20481726ns          347644 1c0080ca 00074703 lbu              x14, 0(x14)         x14=00000004 x14:1c000872  PA:1c000872
20482050ns          347660 1c0080ce 00e686b3 add              x13, x13, x14       x13=00000004 x13:00000000 x14:00000004
20482071ns          347661 1c0080d0 02000713 addi             x14, x0, 32         x14=00000020
20482091ns          347662 1c0080d4 40d70733 sub              x14, x14, x13       x14=0000001c x14:00000020 x13:00000004
20482111ns          347663 1c0080d6 00070b63 beq              x14, x0, 22         x14:0000001c
20482131ns          347664 1c0080d8 00e797b3 sll              x15, x15, x14       x15=00000000 x15:00000000 x14:0000001c
20482152ns          347665 1c0080dc 00d556b3 srl              x13, x10, x13       x13=00000000 x10:00000008 x13:00000004
20482192ns          347667 1c0080e0 00e61833 sll              x16, x12, x14       x16=a0000000 x12:0000000a x14:0000001c
20482232ns          347669 1c0080e4 00f6e5b3 or               x11, x13, x15       x11=00000000 x13:00000000 x15:00000000
20482253ns          347670 1c0080e8 00e51333 sll              x6, x10, x14         x6=80000000 x10:00000008 x14:0000001c
20482273ns          347671 1c0080ec 01085513 srli             x10, x16, 0x10      x10=0000a000 x16:a0000000
20482334ns          347674 1c0080f0 02a5f733 remu             x14, x11, x10       x14=00000000 x11:00000000 x10:0000a000
20482738ns          347694 1c0080f4 02a5d7b3 divu             x15, x11, x10       x15=00000000 x11:00000000 x10:0000a000
20483123ns          347713 1c0080f8 01081613 slli             x12, x16, 0x10      x12=00000000 x16:a0000000
20483143ns          347714 1c0080fc 01071713 slli             x14, x14, 0x10      x14=00000000 x14:00000000
20483164ns          347715 1c0080fe 01065613 srli             x12, x12, 0x10      x12=00000000 x12:00000000
20483184ns          347716 1c008100 01035693 srli             x13, x6, 0x10       x13=00008000  x6:80000000
20483204ns          347717 1c008104 00e6e6b3 or               x13, x13, x14       x13=00008000 x13:00008000 x14:00000000
20483224ns          347718 1c008106 02f605b3 mul              x11, x12, x15       x11=00000000 x12:00000000 x15:00000000
20483244ns          347719 1c00810a 00f00733 add              x14, x0, x15        x14=00000000 x15:00000000
20483265ns          347720 1c00810c 00b6fc63 bgeu             x13, x11, 24        x13:00008000 x11:00000000
20483366ns          347725 1c008124 40b686b3 sub              x13, x13, x11       x13=00008000 x13:00008000 x11:00000000
20483406ns          347727 1c008126 02a6f7b3 remu             x15, x13, x10       x15=00008000 x13:00008000 x10:0000a000
20483791ns          347746 1c00812a 02a6d6b3 divu             x13, x13, x10       x13=00000000 x13:00008000 x10:0000a000
20484176ns          347765 1c00812e 01031313 slli             x6, x6, 0x10         x6=00000000  x6:80000000
20484196ns          347766 1c008130 01079793 slli             x15, x15, 0x10      x15=80000000 x15:00008000
20484216ns          347767 1c008132 01035313 srli             x6, x6, 0x10         x6=00000000  x6:00000000
20484236ns          347768 1c008136 02d605b3 mul              x11, x12, x13       x11=00000000 x12:00000000 x13:00000000
20484256ns          347769 1c00813a 0067e333 or               x6, x15, x6          x6=80000000 x15:80000000  x6:00000000
20484277ns          347770 1c00813e 00d00533 add              x10, x0, x13        x10=00000000 x13:00000000
20484317ns          347772 1c008140 00b37b63 bgeu             x6, x11, 22          x6:80000000 x11:00000000
20484418ns          347777 1c008156 01071713 slli             x14, x14, 0x10      x14=00000000 x14:00000000
20484459ns          347779 1c008158 00a76733 or               x14, x14, x10       x14=00000000 x14:00000000 x10:00000000
20484479ns          347780 1c00815a 00000593 addi             x11, x0, 0          x11=00000000
20484499ns          347781 1c00815c 0b20006f jal              x0, 178            
20484621ns          347787 1c00820e 00e00533 add              x10, x0, x14        x10=00000000 x14:00000000
20484702ns          347791 1c008210 00008067 jalr             x0, x1, 0            x1:1c008fe2
20484823ns          347797 1c008fe2 03090913 addi             x18, x18, 48        x18=00000038 x18:00000008
20484843ns          347798 1c008fe6 012d8023 sb               x18, 0(x27)         x18:00000038 x27:10000f8c  PA:10000f8c
20484864ns          347799 1c008fea 00a5e7b3 or               x15, x11, x10       x15=00000000 x11:00000000 x10:00000000
20484924ns          347802 1c008fee 001d8913 addi             x18, x27, 1         x18=10000f8d x27:10000f8c
20484945ns          347803 1c008ff2 00a00433 add              x8, x0, x10          x8=00000000 x10:00000000
20484965ns          347804 1c008ff4 00b00cb3 add              x25, x0, x11        x25=00000000 x11:00000000
20484985ns          347805 1c008ff6 fc0798e3 bne              x15, x0, -48        x15:00000000
20485005ns          347806 1c008ff8 00090023 sb               x0, 0(x18)          x18:10000f8d  PA:10000f8d
20485026ns          347807 1c008ffc 01ba7d63 bgeu             x20, x27, 26        x20:10000f8c x27:10000f8c
20485147ns          347813 1c009016 00012783 lw               x15, 0(x2)          x15=10000f8c  x2:10000f68  PA:10000f68
20485188ns          347815 1c009018 00c12703 lw               x14, 12(x2)         x14=00000000  x2:10000f68  PA:10000f74
20485208ns          347816 1c00901a 40f90933 sub              x18, x18, x15       x18=00000001 x18:10000f8d x15:10000f8c
20485268ns          347819 1c00901e 3c071de3 bne              x14, x0, 3034       x14:00000000
20485289ns          347820 1c009022 01012783 lw               x15, 16(x2)         x15=00000000  x2:10000f68  PA:10000f78
20485329ns          347822 1c009024 3c079ae3 bne              x15, x0, 3028       x15:00000000
20485349ns          347823 1c009028 00412703 lw               x14, 4(x2)          x14=00000000  x2:10000f68  PA:10000f6c
20485390ns          347825 1c00902a 01f75713 srli             x14, x14, 0x1f      x14=00000000 x14:00000000
20485410ns          347826 1c00902c 00e12223 sw               x14, 4(x2)          x14:00000000  x2:10000f68  PA:10000f6c
20485430ns          347827 1c00902e 3404c463 blt              x9, x0, 840          x9:ffffffff
20485532ns          347832 1c009376 00000c93 addi             x25, x0, 0          x25=00000000
20485572ns          347834 1c009378 00012c23 sw               x0, 24(x2)           x2:10000f68  PA:10000f80
20485592ns          347835 1c00937a 00000a13 addi             x20, x0, 0          x20=00000000
20485613ns          347836 1c00937c 01412783 lw               x15, 20(x2)         x15=00000000  x2:10000f68  PA:10000f7c
20485653ns          347838 1c00937e 5e078163 beq              x15, x0, 1506       x15:00000000
20485754ns          347843 1c009960 412b0b33 sub              x22, x22, x18       x22=ffffffff x22:00000000 x18:00000001
20485795ns          347845 1c009964 02410413 addi             x8, x2, 36           x8=10000f8c  x2:10000f68
20485815ns          347846 1c009966 00000493 addi             x9, x0, 0            x9=00000000
20485835ns          347847 1c009968 ee6ff06f jal              x0, -2330          
20485977ns          347854 1c00904e 00812703 lw               x14, 8(x2)          x14=00000000  x2:10000f68  PA:10000f70
20486017ns          347856 1c009050 02071063 bne              x14, x0, 32         x14:00000000
20486038ns          347857 1c009052 01605f63 bge              x0, x22, 30         x22:ffffffff
20486139ns          347862 1c009070 00412783 lw               x15, 4(x2)          x15=00000000  x2:10000f68  PA:10000f6c
20486179ns          347864 1c009072 00f40db3 add              x27, x8, x15        x27=10000f8c  x8:10000f8c x15:00000000
20486200ns          347865 1c009076 00c0006f jal              x0, 12             
20486280ns          347869 1c009082 017005b3 add              x11, x0, x23        x11=00000002 x23:00000002
20486321ns          347871 1c009084 ffb41ae3 bne              x8, x27, -12         x8:10000f8c x27:10000f8c
20486341ns          347872 1c009088 00900db3 add              x27, x0, x9         x27=00000000  x9:00000000
20486361ns          347873 1c00908a 0080006f jal              x0, 8              
20486463ns          347878 1c009092 fffd8d93 addi             x27, x27, -1        x27=ffffffff x27:00000000
20486483ns          347879 1c009094 017005b3 add              x11, x0, x23        x11=00000002 x23:00000002
20486503ns          347880 1c009096 03000513 addi             x10, x0, 48         x10=00000030
20486523ns          347881 1c00909a fffdb9e3 p.bneimm         x27, -14            x27:ffffffff
20486544ns          347882 1c00909e 00412703 lw               x14, 4(x2)          x14=00000000  x2:10000f68  PA:10000f6c
20486584ns          347884 1c0090a0 40e90933 sub              x18, x18, x14       x18=00000001 x18:00000001 x14:00000000
20486625ns          347886 1c0090a4 01212423 sw               x18, 8(x2)          x18:00000001  x2:10000f68  PA:10000f70
20486645ns          347887 1c0090a6 e40a15e3 bne              x20, x0, -438       x20:00000000
20486665ns          347888 1c0090aa 01812783 lw               x15, 24(x2)         x15=00000000  x2:10000f68  PA:10000f80
20486706ns          347890 1c0090ac 16079763 bne              x15, x0, 366        x15:00000000
20486726ns          347891 1c0090b0 120c8863 beq              x25, x0, 304        x25:00000000
20486827ns          347896 1c0091e0 017005b3 add              x11, x0, x23        x11=00000002 x23:00000002
20486867ns          347898 1c0091e2 ff2049e3 blt              x0, x18, -14        x18:00000001
20486969ns          347903 1c0091d4 0014450b p.lbu            x10, 1(x8!)         x10=00000038  x8=10000f8d  x8:10000f8c  PA:10000f8c
20487009ns          347905 1c0091d8 fff90913 addi             x18, x18, -1        x18=00000000 x18:00000001
20487029ns          347906 1c0091da 000980e7 jalr             x1, x19, 0           x1=1c0091dc x19:1c008d20
20487131ns          347911 1c008d20 f14027f3 csrrs            x15, x0, 0xf14      x15=00000002
20487171ns          347913 1c008d24 1a10f6b7 lui              x13, 0x1a10f000     x13=1a10f000
20487191ns          347914 1c008d28 ca5797b3 p.extractu       x15, x15, 5, 5      x15=00000000 x15:00000002
20487212ns          347915 1c008d2c f1402773 csrrs            x14, x0, 0xf14      x14=00000002
20487272ns          347918 1c008d30 00779793 slli             x15, x15, 0x7       x15=00000000 x15:00000000
20487292ns          347919 1c008d32 00371713 slli             x14, x14, 0x3       x14=00000010 x14:00000002
20487313ns          347920 1c008d34 0ff57513 andi             x10, x10, 255       x10=00000038 x10:00000038
20487333ns          347921 1c008d38 ee873733 p.bclr           x14, x14, 23, 8     x14=00000010 x14:00000010
20487353ns          347922 1c008d3c 00d787b3 add              x15, x15, x13       x15=1a10f000 x15:00000000 x13:1a10f000
20487414ns          347925 1c008d3e 00a767a3 p.sw             x10, x0(x14)        x10:00000038 x14:00000010  PA:1a10f010
20487738ns          347941 1c008d42 00000513 addi             x10, x0, 0          x10=00000000
20487758ns          347942 1c008d44 00008067 jalr             x0, x1, 0            x1:1c0091dc
20487839ns          347946 1c0091dc d5f522e3 p.beqimm         x10, -700           x10:00000000
20487879ns          347948 1c0091e0 017005b3 add              x11, x0, x23        x11=00000002 x23:00000002
20487900ns          347949 1c0091e2 ff2049e3 blt              x0, x18, -14        x18:00000000
20487920ns          347950 1c0091e6 00412783 lw               x15, 4(x2)          x15=00000000  x2:10000f68  PA:10000f6c
20487940ns          347951 1c0091e8 01c12a03 lw               x20, 28(x2)         x20=10001018  x2:10000f68  PA:10000f84
20487960ns          347952 1c0091ea 00fa8733 add              x14, x21, x15       x14=0000001d x21:0000001d x15:00000000
20487981ns          347953 1c0091ee 00812783 lw               x15, 8(x2)          x15=00000001  x2:10000f68  PA:10000f70
20488001ns          347954 1c0091f0 00970733 add              x14, x14, x9        x14=0000001d x14:0000001d  x9:00000000
20488041ns          347956 1c0091f2 00e78ab3 add              x21, x15, x14       x21=0000001e x15:00000001 x14:0000001d
20488062ns          347957 1c0091f6 bf6059e3 bge              x0, x22, -1038      x22:ffffffff
20488224ns          347965 1c008de8 000d4503 lbu              x10, 0(x26)         x10=0000000a x26:1c0009cd  PA:1c0009cd
20488547ns          347981 1c008dec 001d0413 addi             x8, x26, 1           x8=1c0009ce x26:1c0009cd
20488568ns          347982 1c008df0 0c050b63 beq              x10, x0, 214        x10:0000000a
20488588ns          347983 1c008df2 02500793 addi             x15, x0, 37         x15=00000025
20488608ns          347984 1c008df6 fef513e3 bne              x10, x15, -26       x10:0000000a x15:00000025
20488770ns          347992 1c008ddc 017005b3 add              x11, x0, x23        x11=00000002 x23:00000002
20488790ns          347993 1c008dde 000980e7 jalr             x1, x19, 0           x1=1c008de0 x19:1c008d20
20488831ns          347995 1c008d20 f14027f3 csrrs            x15, x0, 0xf14      x15=00000002
20488851ns          347996 1c008d24 1a10f6b7 lui              x13, 0x1a10f000     x13=1a10f000
20488871ns          347997 1c008d28 ca5797b3 p.extractu       x15, x15, 5, 5      x15=00000000 x15:00000002
20488891ns          347998 1c008d2c f1402773 csrrs            x14, x0, 0xf14      x14=00000002
20488912ns          347999 1c008d30 00779793 slli             x15, x15, 0x7       x15=00000000 x15:00000000
20488932ns          348000 1c008d32 00371713 slli             x14, x14, 0x3       x14=00000010 x14:00000002
20488952ns          348001 1c008d34 0ff57513 andi             x10, x10, 255       x10=0000000a x10:0000000a
20488972ns          348002 1c008d38 ee873733 p.bclr           x14, x14, 23, 8     x14=00000010 x14:00000010
20488993ns          348003 1c008d3c 00d787b3 add              x15, x15, x13       x15=1a10f000 x15:00000000 x13:1a10f000
20489013ns          348004 1c008d3e 00a767a3 p.sw             x10, x0(x14)        x10:0000000a x14:00000010  PA:1a10f010
20489357ns          348021 1c008d42 00000513 addi             x10, x0, 0          x10=00000000
20489377ns          348022 1c008d44 00008067 jalr             x0, x1, 0            x1:1c008de0
20489418ns          348024 1c008de0 15f52063 p.beqimm         x10, 320            x10:00000000
20489438ns          348025 1c008de4 001a8a93 addi             x21, x21, 1         x21=0000001f x21:0000001e
20489458ns          348026 1c008de6 00800d33 add              x26, x0, x8         x26=1c0009ce  x8:1c0009ce
20489478ns          348027 1c008de8 000d4503 lbu              x10, 0(x26)         x10=00000000 x26:1c0009ce  PA:1c0009ce
20489782ns          348042 1c008dec 001d0413 addi             x8, x26, 1           x8=1c0009cf x26:1c0009ce
20489802ns          348043 1c008df0 0c050b63 beq              x10, x0, 214        x10:00000000
20489903ns          348048 1c008ec6 01500433 add              x8, x0, x21          x8=0000001f x21:0000001f
20489944ns          348050 1c008ec8 00800533 add              x10, x0, x8         x10=0000001f  x8:0000001f
20489964ns          348051 1c008eca 07c12083 lw               x1, 124(x2)          x1=1c008da4  x2:10000f68  PA:10000fe4
20489984ns          348052 1c008ecc 07812403 lw               x8, 120(x2)          x8=xxxxxxxx  x2:10000f68  PA:10000fe0
20490005ns          348053 1c008ece 07412483 lw               x9, 116(x2)          x9=xxxxxxxx  x2:10000f68  PA:10000fdc
20490025ns          348054 1c008ed0 07012903 lw               x18, 112(x2)        x18=00204000  x2:10000f68  PA:10000fd8
20490045ns          348055 1c008ed2 06c12983 lw               x19, 108(x2)        x19=00000002  x2:10000f68  PA:10000fd4
20490065ns          348056 1c008ed4 06812a03 lw               x20, 104(x2)        x20=1c01011e  x2:10000f68  PA:10000fd0
20490086ns          348057 1c008ed6 06412a83 lw               x21, 100(x2)        x21=1c010122  x2:10000f68  PA:10000fcc
20490106ns          348058 1c008ed8 06012b03 lw               x22, 96(x2)         x22=xxxxxxxx  x2:10000f68  PA:10000fc8
20490126ns          348059 1c008eda 05c12b83 lw               x23, 92(x2)         x23=xxxxxxxx  x2:10000f68  PA:10000fc4
20490146ns          348060 1c008edc 05812c03 lw               x24, 88(x2)         x24=xxxxxxxx  x2:10000f68  PA:10000fc0
20490167ns          348061 1c008ede 05412c83 lw               x25, 84(x2)         x25=xxxxxxxx  x2:10000f68  PA:10000fbc
20490187ns          348062 1c008ee0 05012d03 lw               x26, 80(x2)         x26=xxxxxxxx  x2:10000f68  PA:10000fb8
20490207ns          348063 1c008ee2 04c12d83 lw               x27, 76(x2)         x27=xxxxxxxx  x2:10000f68  PA:10000fb4
20490227ns          348064 1c008ee4 08010113 addi             x2, x2, 128          x2=10000fe8  x2:10000f68
20490248ns          348065 1c008ee6 00008067 jalr             x0, x1, 0            x1:1c008da4
20490389ns          348072 1c008da4 01c12083 lw               x1, 28(x2)           x1=1c01011e  x2:10000fe8  PA:10001004
20490409ns          348073 1c008da6 04010113 addi             x2, x2, 64           x2=10001028  x2:10000fe8
20490450ns          348075 1c008da8 00008067 jalr             x0, x1, 0            x1:1c01011e
20490996ns          348102 1c01011e 21c96283 p.elw            x5, 540(x18)         x5=00010000 x18:00204000  PA:0020421c
