                Time          Cycles PC       Instr    Mnemonic
20180758ns          332774 1c008080 00003517 auipc            x10, 0x3000         x10=1c00b080
20180798ns          332776 1c008084 02250513 addi             x10, x10, 34        x10=1c00b0a2 x10:1c00b080
20180839ns          332778 1c008088 00050067 jalr             x0, x10, 0          x10:1c00b0a2
20181770ns          332824 1c00b0a2 cc101073 csrrw            x0, x0, 0xcc1      
20181790ns          332825 1c00b0a6 f1402573 csrrs            x10, x0, 0xf14      x10=00000005
20181810ns          332826 1c00b0aa 01f57593 andi             x11, x10, 31        x11=00000005 x10:00000005
20181830ns          332827 1c00b0ae 00555513 srli             x10, x10, 0x5       x10=00000000 x10:00000005
20182255ns          332848 1c00b0b0 01f00613 addi             x12, x0, 31         x12=0000001f
20182296ns          332850 1c00b0b2 00c50463 beq              x10, x12, 8         x10:00000000 x12:0000001f
20182316ns          332851 1c00b0b6 74b0406f jal              x0, 20298          
20182701ns          332870 1c010000 f1402573 csrrs            x10, x0, 0xf14      x10=00000005
20182741ns          332872 1c010004 01f57593 andi             x11, x10, 31        x11=00000005 x10:00000005
20182761ns          332873 1c010008 00555513 srli             x10, x10, 0x5       x10=00000000 x10:00000005
20182782ns          332874 1c01000a 000702b7 lui              x5, 0x70000          x5=00070000
20183146ns          332892 1c01000e 00204337 lui              x6, 0x204000         x6=00204000
20183186ns          332894 1c010012 00532023 sw               x5, 0(x6)            x5:00070000  x6:00204000  PA:00204000
20183207ns          332895 1c010016 00000393 addi             x7, x0, 0            x7=00000000
20183227ns          332896 1c010018 0e759463 bne              x11, x7, 232        x11:00000005  x7:00000000
20184016ns          332935 1c010100 00204937 lui              x18, 0x204000       x18=00204000
20184057ns          332937 1c010104 f14029f3 csrrs            x19, x0, 0xf14      x19=00000005
20184077ns          332938 1c010108 01f9f993 andi             x19, x19, 31        x19=00000005 x19:00000005
20184097ns          332939 1c01010c 00000a17 auipc            x20, 0x0            x20=1c01010c
20184462ns          332957 1c010110 012a0a13 addi             x20, x20, 18        x20=1c01011e x20:1c01010c
20184502ns          332959 1c010114 00000a97 auipc            x21, 0x0            x21=1c010114
20184522ns          332960 1c010118 00ea8a93 addi             x21, x21, 14        x21=1c010122 x21:1c010114
20184543ns          332961 1c01011c 0060006f jal              x0, 6              
20184968ns          332982 1c010122 08096283 p.elw            x5, 128(x18)         x5=1c01013f x18:00204000  PA:00204080
20190028ns          333232 1c010126 08096503 p.elw            x10, 128(x18)       x10=00000400 x18:00204000  PA:00204080
20190129ns          333237 1c01012a 0012f313 andi             x6, x5, 1            x6=00000001  x5:1c01013f
20190149ns          333238 1c01012e 00031563 bne              x6, x0, 10           x6:00000001
20190210ns          333241 1c010138 000a80b3 add              x1, x21, x0          x1=1c010122 x21:1c010122
20190230ns          333242 1c01013c 00028067 jalr             x0, x5, 0            x5:1c01013f
20190756ns          333268 1c01013e 08096283 p.elw            x5, 128(x18)         x5=10000828 x18:00204000  PA:00204080
20190857ns          333273 1c010142 00098f13 addi             x30, x19, 0         x30=00000005 x19:00000005
20190878ns          333274 1c010146 02af0eb3 mul              x29, x30, x10       x29=00001400 x30:00000005 x10:00000400
20190898ns          333275 1c01014a 005e8133 add              x2, x29, x5          x2=10001c28 x29:00001400  x5:10000828
20190918ns          333276 1c01014e 00008067 jalr             x0, x1, 0            x1:1c010122
20191303ns          333295 1c010122 08096283 p.elw            x5, 128(x18)         x5=1c00874e x18:00204000  PA:00204080
20191404ns          333300 1c010126 08096503 p.elw            x10, 128(x18)       x10=00000000 x18:00204000  PA:00204080
20191505ns          333305 1c01012a 0012f313 andi             x6, x5, 1            x6=00000000  x5:1c00874e
20191525ns          333306 1c01012e 00031563 bne              x6, x0, 10           x6:00000000
20191546ns          333307 1c010132 000a00b3 add              x1, x20, x0          x1=1c01011e x20:1c01011e
20191566ns          333308 1c010136 00028067 jalr             x0, x5, 0            x5:1c00874e
20192112ns          333335 1c00874e fd010113 addi             x2, x2, -48          x2=10001bf8  x2:10001c28
20192517ns          333355 1c008750 f14025f3 csrrs            x11, x0, 0xf14      x11=00000005
20192558ns          333357 1c008754 02912223 sw               x9, 36(x2)           x9:xxxxxxxx  x2:10001bf8  PA:10001c1c
20192578ns          333358 1c008756 1c001537 lui              x10, 0x1c001000     x10=1c001000
20192598ns          333359 1c00875a f14024f3 csrrs            x9, x0, 0xf14        x9=00000005
20192983ns          333378 1c00875e f454b4b3 p.bclr           x9, x9, 26, 5        x9=00000005  x9:00000005
20193003ns          333379 1c008762 00900633 add              x12, x0, x9         x12=00000005  x9:00000005
20193023ns          333380 1c008764 ca5595b3 p.extractu       x11, x11, 5, 5      x11=00000000 x11:00000005
20193043ns          333381 1c008768 98450513 addi             x10, x10, -1660     x10=1c000984 x10:1c001000
20193064ns          333382 1c00876c 02112623 sw               x1, 44(x2)           x1:1c01011e  x2:10001bf8  PA:10001c24
20193084ns          333383 1c00876e 02812423 sw               x8, 40(x2)           x8:xxxxxxxx  x2:10001bf8  PA:10001c20
20193489ns          333403 1c008770 01612823 sw               x22, 16(x2)         x22:xxxxxxxx  x2:10001bf8  PA:10001c08
20193509ns          333404 1c008772 01712623 sw               x23, 12(x2)         x23:xxxxxxxx  x2:10001bf8  PA:10001c04
20193529ns          333405 1c008774 03212023 sw               x18, 32(x2)         x18:00204000  x2:10001bf8  PA:10001c18
20193549ns          333406 1c008776 01312e23 sw               x19, 28(x2)         x19:00000005  x2:10001bf8  PA:10001c14
20193570ns          333407 1c008778 01412c23 sw               x20, 24(x2)         x20:1c01011e  x2:10001bf8  PA:10001c10
20193590ns          333408 1c00877a 01512a23 sw               x21, 20(x2)         x21:1c010122  x2:10001bf8  PA:10001c0c
20193610ns          333409 1c00877c 01812423 sw               x24, 8(x2)          x24:xxxxxxxx  x2:10001bf8  PA:10001c00
20193630ns          333410 1c00877e 5fe000ef jal              x1, 1534             x1=1c008780
20194399ns          333448 1c008d7c fc010113 addi             x2, x2, -64          x2=10001bb8  x2:10001bf8
20194865ns          333471 1c008d7e 02410313 addi             x6, x2, 36           x6=10001bdc  x2:10001bb8
20194885ns          333472 1c008d82 02c12423 sw               x12, 40(x2)         x12:00000005  x2:10001bb8  PA:10001be0
20194905ns          333473 1c008d84 00a00633 add              x12, x0, x10        x12=1c000984 x10:1c000984
20194926ns          333474 1c008d86 1c009537 lui              x10, 0x1c009000     x10=1c009000
20194946ns          333475 1c008d8a 02b12223 sw               x11, 36(x2)         x11:00000000  x2:10001bb8  PA:10001bdc
20194966ns          333476 1c008d8c 02d12623 sw               x13, 44(x2)         x13:xxxxxxxx  x2:10001bb8  PA:10001be4
20194986ns          333477 1c008d8e 00200593 addi             x11, x0, 2          x11=00000002
20195351ns          333495 1c008d90 006006b3 add              x13, x0, x6         x13=10001bdc  x6:10001bdc
20195391ns          333497 1c008d92 d2050513 addi             x10, x10, -736      x10=1c008d20 x10:1c009000
20195411ns          333498 1c008d96 00112e23 sw               x1, 28(x2)           x1:1c008780  x2:10001bb8  PA:10001bd4
20195432ns          333499 1c008d98 02e12823 sw               x14, 48(x2)         x14:xxxxxxxx  x2:10001bb8  PA:10001be8
20195452ns          333500 1c008d9a 02f12a23 sw               x15, 52(x2)         x15:xxxxxxxx  x2:10001bb8  PA:10001bec
20195472ns          333501 1c008d9c 03012c23 sw               x16, 56(x2)         x16:xxxxxxxx  x2:10001bb8  PA:10001bf0
20195492ns          333502 1c008d9e 03112e23 sw               x17, 60(x2)         x17:xxxxxxxx  x2:10001bb8  PA:10001bf4
20195836ns          333519 1c008da0 00612623 sw               x6, 12(x2)           x6:10001bdc  x2:10001bb8  PA:10001bc4
20195857ns          333520 1c008da2 fa5ff0ef jal              x1, -92              x1=1c008da4
20196262ns          333540 1c008d46 0640006f jal              x0, 100            
20196302ns          333542 1c008daa f8010113 addi             x2, x2, -128         x2=10001b38  x2:10001bb8
20196322ns          333543 1c008dac 06812c23 sw               x8, 120(x2)          x8:xxxxxxxx  x2:10001b38  PA:10001bb0
20196342ns          333544 1c008dae 02410713 addi             x14, x2, 36         x14=10001b5c  x2:10001b38
20196727ns          333563 1c008db0 00000413 addi             x8, x0, 0            x8=00000000
20196747ns          333564 1c008db2 07312623 sw               x19, 108(x2)        x19:00000005  x2:10001b38  PA:10001ba4
20196768ns          333565 1c008db4 07412423 sw               x20, 104(x2)        x20:1c01011e  x2:10001b38  PA:10001ba0
20196788ns          333566 1c008db6 07512223 sw               x21, 100(x2)        x21:1c010122  x2:10001b38  PA:10001b9c
20196808ns          333567 1c008db8 05712e23 sw               x23, 92(x2)         x23:xxxxxxxx  x2:10001b38  PA:10001b94
20196828ns          333568 1c008dba 05812c23 sw               x24, 88(x2)         x24:xxxxxxxx  x2:10001b38  PA:10001b90
20196848ns          333569 1c008dbc 05a12823 sw               x26, 80(x2)         x26:xxxxxxxx  x2:10001b38  PA:10001b88
20196869ns          333570 1c008dbe 06112e23 sw               x1, 124(x2)          x1:1c008da4  x2:10001b38  PA:10001bb4
20197213ns          333587 1c008dc0 06912a23 sw               x9, 116(x2)          x9:00000005  x2:10001b38  PA:10001bac
20197233ns          333588 1c008dc2 07212823 sw               x18, 112(x2)        x18:00204000  x2:10001b38  PA:10001ba8
20197253ns          333589 1c008dc4 07612023 sw               x22, 96(x2)         x22:xxxxxxxx  x2:10001b38  PA:10001b98
20197274ns          333590 1c008dc6 05912a23 sw               x25, 84(x2)         x25:xxxxxxxx  x2:10001b38  PA:10001b8c
20197294ns          333591 1c008dc8 05b12623 sw               x27, 76(x2)         x27:xxxxxxxx  x2:10001b38  PA:10001b84
20197314ns          333592 1c008dca 00a009b3 add              x19, x0, x10        x19=1c008d20 x10:1c008d20
20197334ns          333593 1c008dcc 00b00bb3 add              x23, x0, x11        x23=00000002 x11:00000002
20197354ns          333594 1c008dce 00c00d33 add              x26, x0, x12        x26=1c000984 x12:1c000984
20197678ns          333610 1c008dd0 00d00a33 add              x20, x0, x13        x20=10001bdc x13:10001bdc
20197719ns          333612 1c008dd2 1c001c37 lui              x24, 0x1c001000     x24=1c001000
20197739ns          333613 1c008dd6 00e12023 sw               x14, 0(x2)          x14:10001b5c  x2:10001b38  PA:10001b38
20197759ns          333614 1c008dd8 00800ab3 add              x21, x0, x8         x21=00000000  x8:00000000
20197780ns          333615 1c008dda 00e0006f jal              x0, 14             
20198184ns          333635 1c008de8 000d4503 lbu              x10, 0(x26)         x10=00000045 x26:1c000984  PA:1c000984
20198569ns          333654 1c008dec 001d0413 addi             x8, x26, 1           x8=1c000985 x26:1c000984
20198630ns          333657 1c008df0 0c050b63 beq              x10, x0, 214        x10:00000045
20198670ns          333659 1c008df2 02500793 addi             x15, x0, 37         x15=00000025
20198690ns          333660 1c008df6 fef513e3 bne              x10, x15, -26       x10:00000045 x15:00000025
20199196ns          333685 1c008ddc 017005b3 add              x11, x0, x23        x11=00000002 x23:00000002
20199217ns          333686 1c008dde 000980e7 jalr             x1, x19, 0           x1=1c008de0 x19:1c008d20
20199642ns          333707 1c008d20 f14027f3 csrrs            x15, x0, 0xf14      x15=00000005
20199682ns          333709 1c008d24 1a10f6b7 lui              x13, 0x1a10f000     x13=1a10f000
20199702ns          333710 1c008d28 ca5797b3 p.extractu       x15, x15, 5, 5      x15=00000000 x15:00000005
20199723ns          333711 1c008d2c f1402773 csrrs            x14, x0, 0xf14      x14=00000005
20200107ns          333730 1c008d30 00779793 slli             x15, x15, 0x7       x15=00000000 x15:00000000
20200127ns          333731 1c008d32 00371713 slli             x14, x14, 0x3       x14=00000028 x14:00000005
20200148ns          333732 1c008d34 0ff57513 andi             x10, x10, 255       x10=00000045 x10:00000045
20200168ns          333733 1c008d38 ee873733 p.bclr           x14, x14, 23, 8     x14=00000028 x14:00000028
20200188ns          333734 1c008d3c 00d787b3 add              x15, x15, x13       x15=1a10f000 x15:00000000 x13:1a10f000
20200208ns          333735 1c008d3e 00a767a3 p.sw             x10, x0(x14)        x10:00000045 x14:00000028  PA:1a10f028
20200735ns          333761 1c008d42 00000513 addi             x10, x0, 0          x10=00000000
20200755ns          333762 1c008d44 00008067 jalr             x0, x1, 0            x1:1c008de0
20200795ns          333764 1c008de0 15f52063 p.beqimm         x10, 320            x10:00000000
20200816ns          333765 1c008de4 001a8a93 addi             x21, x21, 1         x21=00000001 x21:00000000
20200836ns          333766 1c008de6 00800d33 add              x26, x0, x8         x26=1c000985  x8:1c000985
20200856ns          333767 1c008de8 000d4503 lbu              x10, 0(x26)         x10=0000006e x26:1c000985  PA:1c000985
20201160ns          333782 1c008dec 001d0413 addi             x8, x26, 1           x8=1c000986 x26:1c000985
20201180ns          333783 1c008df0 0c050b63 beq              x10, x0, 214        x10:0000006e
20201200ns          333784 1c008df2 02500793 addi             x15, x0, 37         x15=00000025
20201220ns          333785 1c008df6 fef513e3 bne              x10, x15, -26       x10:0000006e x15:00000025
20201281ns          333788 1c008ddc 017005b3 add              x11, x0, x23        x11=00000002 x23:00000002
20201301ns          333789 1c008dde 000980e7 jalr             x1, x19, 0           x1=1c008de0 x19:1c008d20
20201342ns          333791 1c008d20 f14027f3 csrrs            x15, x0, 0xf14      x15=00000005
20201362ns          333792 1c008d24 1a10f6b7 lui              x13, 0x1a10f000     x13=1a10f000
20201382ns          333793 1c008d28 ca5797b3 p.extractu       x15, x15, 5, 5      x15=00000000 x15:00000005
20201402ns          333794 1c008d2c f1402773 csrrs            x14, x0, 0xf14      x14=00000005
20201423ns          333795 1c008d30 00779793 slli             x15, x15, 0x7       x15=00000000 x15:00000000
20201443ns          333796 1c008d32 00371713 slli             x14, x14, 0x3       x14=00000028 x14:00000005
20201463ns          333797 1c008d34 0ff57513 andi             x10, x10, 255       x10=0000006e x10:0000006e
20201483ns          333798 1c008d38 ee873733 p.bclr           x14, x14, 23, 8     x14=00000028 x14:00000028
20201504ns          333799 1c008d3c 00d787b3 add              x15, x15, x13       x15=1a10f000 x15:00000000 x13:1a10f000
20201524ns          333800 1c008d3e 00a767a3 p.sw             x10, x0(x14)        x10:0000006e x14:00000028  PA:1a10f028
20201969ns          333822 1c008d42 00000513 addi             x10, x0, 0          x10=00000000
20201989ns          333823 1c008d44 00008067 jalr             x0, x1, 0            x1:1c008de0
20202030ns          333825 1c008de0 15f52063 p.beqimm         x10, 320            x10:00000000
20202050ns          333826 1c008de4 001a8a93 addi             x21, x21, 1         x21=00000002 x21:00000001
20202070ns          333827 1c008de6 00800d33 add              x26, x0, x8         x26=1c000986  x8:1c000986
20202091ns          333828 1c008de8 000d4503 lbu              x10, 0(x26)         x10=00000074 x26:1c000986  PA:1c000986
20202394ns          333843 1c008dec 001d0413 addi             x8, x26, 1           x8=1c000987 x26:1c000986
20202414ns          333844 1c008df0 0c050b63 beq              x10, x0, 214        x10:00000074
20202435ns          333845 1c008df2 02500793 addi             x15, x0, 37         x15=00000025
20202455ns          333846 1c008df6 fef513e3 bne              x10, x15, -26       x10:00000074 x15:00000025
20202516ns          333849 1c008ddc 017005b3 add              x11, x0, x23        x11=00000002 x23:00000002
20202536ns          333850 1c008dde 000980e7 jalr             x1, x19, 0           x1=1c008de0 x19:1c008d20
20202576ns          333852 1c008d20 f14027f3 csrrs            x15, x0, 0xf14      x15=00000005
20202597ns          333853 1c008d24 1a10f6b7 lui              x13, 0x1a10f000     x13=1a10f000
20202617ns          333854 1c008d28 ca5797b3 p.extractu       x15, x15, 5, 5      x15=00000000 x15:00000005
20202637ns          333855 1c008d2c f1402773 csrrs            x14, x0, 0xf14      x14=00000005
20202657ns          333856 1c008d30 00779793 slli             x15, x15, 0x7       x15=00000000 x15:00000000
20202678ns          333857 1c008d32 00371713 slli             x14, x14, 0x3       x14=00000028 x14:00000005
20202698ns          333858 1c008d34 0ff57513 andi             x10, x10, 255       x10=00000074 x10:00000074
20202718ns          333859 1c008d38 ee873733 p.bclr           x14, x14, 23, 8     x14=00000028 x14:00000028
20202738ns          333860 1c008d3c 00d787b3 add              x15, x15, x13       x15=1a10f000 x15:00000000 x13:1a10f000
20202759ns          333861 1c008d3e 00a767a3 p.sw             x10, x0(x14)        x10:00000074 x14:00000028  PA:1a10f028
20203082ns          333877 1c008d42 00000513 addi             x10, x0, 0          x10=00000000
20203103ns          333878 1c008d44 00008067 jalr             x0, x1, 0            x1:1c008de0
20203143ns          333880 1c008de0 15f52063 p.beqimm         x10, 320            x10:00000000
20203163ns          333881 1c008de4 001a8a93 addi             x21, x21, 1         x21=00000003 x21:00000002
20203184ns          333882 1c008de6 00800d33 add              x26, x0, x8         x26=1c000987  x8:1c000987
20203204ns          333883 1c008de8 000d4503 lbu              x10, 0(x26)         x10=00000065 x26:1c000987  PA:1c000987
20203507ns          333898 1c008dec 001d0413 addi             x8, x26, 1           x8=1c000988 x26:1c000987
20203528ns          333899 1c008df0 0c050b63 beq              x10, x0, 214        x10:00000065
20203548ns          333900 1c008df2 02500793 addi             x15, x0, 37         x15=00000025
20203568ns          333901 1c008df6 fef513e3 bne              x10, x15, -26       x10:00000065 x15:00000025
20203629ns          333904 1c008ddc 017005b3 add              x11, x0, x23        x11=00000002 x23:00000002
20203649ns          333905 1c008dde 000980e7 jalr             x1, x19, 0           x1=1c008de0 x19:1c008d20
20203690ns          333907 1c008d20 f14027f3 csrrs            x15, x0, 0xf14      x15=00000005
20203710ns          333908 1c008d24 1a10f6b7 lui              x13, 0x1a10f000     x13=1a10f000
20203730ns          333909 1c008d28 ca5797b3 p.extractu       x15, x15, 5, 5      x15=00000000 x15:00000005
20203750ns          333910 1c008d2c f1402773 csrrs            x14, x0, 0xf14      x14=00000005
20203771ns          333911 1c008d30 00779793 slli             x15, x15, 0x7       x15=00000000 x15:00000000
20203791ns          333912 1c008d32 00371713 slli             x14, x14, 0x3       x14=00000028 x14:00000005
20203811ns          333913 1c008d34 0ff57513 andi             x10, x10, 255       x10=00000065 x10:00000065
20203831ns          333914 1c008d38 ee873733 p.bclr           x14, x14, 23, 8     x14=00000028 x14:00000028
20203852ns          333915 1c008d3c 00d787b3 add              x15, x15, x13       x15=1a10f000 x15:00000000 x13:1a10f000
20203872ns          333916 1c008d3e 00a767a3 p.sw             x10, x0(x14)        x10:00000065 x14:00000028  PA:1a10f028
20204196ns          333932 1c008d42 00000513 addi             x10, x0, 0          x10=00000000
20204216ns          333933 1c008d44 00008067 jalr             x0, x1, 0            x1:1c008de0
20204256ns          333935 1c008de0 15f52063 p.beqimm         x10, 320            x10:00000000
20204277ns          333936 1c008de4 001a8a93 addi             x21, x21, 1         x21=00000004 x21:00000003
20204297ns          333937 1c008de6 00800d33 add              x26, x0, x8         x26=1c000988  x8:1c000988
20204317ns          333938 1c008de8 000d4503 lbu              x10, 0(x26)         x10=00000072 x26:1c000988  PA:1c000988
20204621ns          333953 1c008dec 001d0413 addi             x8, x26, 1           x8=1c000989 x26:1c000988
20204641ns          333954 1c008df0 0c050b63 beq              x10, x0, 214        x10:00000072
20204661ns          333955 1c008df2 02500793 addi             x15, x0, 37         x15=00000025
20204681ns          333956 1c008df6 fef513e3 bne              x10, x15, -26       x10:00000072 x15:00000025
20204742ns          333959 1c008ddc 017005b3 add              x11, x0, x23        x11=00000002 x23:00000002
20204762ns          333960 1c008dde 000980e7 jalr             x1, x19, 0           x1=1c008de0 x19:1c008d20
20204803ns          333962 1c008d20 f14027f3 csrrs            x15, x0, 0xf14      x15=00000005
20204823ns          333963 1c008d24 1a10f6b7 lui              x13, 0x1a10f000     x13=1a10f000
20204843ns          333964 1c008d28 ca5797b3 p.extractu       x15, x15, 5, 5      x15=00000000 x15:00000005
20204864ns          333965 1c008d2c f1402773 csrrs            x14, x0, 0xf14      x14=00000005
20204884ns          333966 1c008d30 00779793 slli             x15, x15, 0x7       x15=00000000 x15:00000000
20204904ns          333967 1c008d32 00371713 slli             x14, x14, 0x3       x14=00000028 x14:00000005
20204924ns          333968 1c008d34 0ff57513 andi             x10, x10, 255       x10=00000072 x10:00000072
20204944ns          333969 1c008d38 ee873733 p.bclr           x14, x14, 23, 8     x14=00000028 x14:00000028
20204965ns          333970 1c008d3c 00d787b3 add              x15, x15, x13       x15=1a10f000 x15:00000000 x13:1a10f000
20204985ns          333971 1c008d3e 00a767a3 p.sw             x10, x0(x14)        x10:00000072 x14:00000028  PA:1a10f028
20205309ns          333987 1c008d42 00000513 addi             x10, x0, 0          x10=00000000
20205329ns          333988 1c008d44 00008067 jalr             x0, x1, 0            x1:1c008de0
20205370ns          333990 1c008de0 15f52063 p.beqimm         x10, 320            x10:00000000
20205390ns          333991 1c008de4 001a8a93 addi             x21, x21, 1         x21=00000005 x21:00000004
20205410ns          333992 1c008de6 00800d33 add              x26, x0, x8         x26=1c000989  x8:1c000989
20205430ns          333993 1c008de8 000d4503 lbu              x10, 0(x26)         x10=00000065 x26:1c000989  PA:1c000989
20205734ns          334008 1c008dec 001d0413 addi             x8, x26, 1           x8=1c00098a x26:1c000989
20205754ns          334009 1c008df0 0c050b63 beq              x10, x0, 214        x10:00000065
20205774ns          334010 1c008df2 02500793 addi             x15, x0, 37         x15=00000025
20205795ns          334011 1c008df6 fef513e3 bne              x10, x15, -26       x10:00000065 x15:00000025
20205855ns          334014 1c008ddc 017005b3 add              x11, x0, x23        x11=00000002 x23:00000002
20205876ns          334015 1c008dde 000980e7 jalr             x1, x19, 0           x1=1c008de0 x19:1c008d20
20205916ns          334017 1c008d20 f14027f3 csrrs            x15, x0, 0xf14      x15=00000005
20205936ns          334018 1c008d24 1a10f6b7 lui              x13, 0x1a10f000     x13=1a10f000
20205956ns          334019 1c008d28 ca5797b3 p.extractu       x15, x15, 5, 5      x15=00000000 x15:00000005
20205977ns          334020 1c008d2c f1402773 csrrs            x14, x0, 0xf14      x14=00000005
20205997ns          334021 1c008d30 00779793 slli             x15, x15, 0x7       x15=00000000 x15:00000000
20206017ns          334022 1c008d32 00371713 slli             x14, x14, 0x3       x14=00000028 x14:00000005
20206037ns          334023 1c008d34 0ff57513 andi             x10, x10, 255       x10=00000065 x10:00000065
20206058ns          334024 1c008d38 ee873733 p.bclr           x14, x14, 23, 8     x14=00000028 x14:00000028
20206078ns          334025 1c008d3c 00d787b3 add              x15, x15, x13       x15=1a10f000 x15:00000000 x13:1a10f000
20206098ns          334026 1c008d3e 00a767a3 p.sw             x10, x0(x14)        x10:00000065 x14:00000028  PA:1a10f028
20206422ns          334042 1c008d42 00000513 addi             x10, x0, 0          x10=00000000
20206442ns          334043 1c008d44 00008067 jalr             x0, x1, 0            x1:1c008de0
20206483ns          334045 1c008de0 15f52063 p.beqimm         x10, 320            x10:00000000
20206503ns          334046 1c008de4 001a8a93 addi             x21, x21, 1         x21=00000006 x21:00000005
20206523ns          334047 1c008de6 00800d33 add              x26, x0, x8         x26=1c00098a  x8:1c00098a
20206543ns          334048 1c008de8 000d4503 lbu              x10, 0(x26)         x10=00000064 x26:1c00098a  PA:1c00098a
20206847ns          334063 1c008dec 001d0413 addi             x8, x26, 1           x8=1c00098b x26:1c00098a
20206867ns          334064 1c008df0 0c050b63 beq              x10, x0, 214        x10:00000064
20206888ns          334065 1c008df2 02500793 addi             x15, x0, 37         x15=00000025
20206908ns          334066 1c008df6 fef513e3 bne              x10, x15, -26       x10:00000064 x15:00000025
20206968ns          334069 1c008ddc 017005b3 add              x11, x0, x23        x11=00000002 x23:00000002
20206989ns          334070 1c008dde 000980e7 jalr             x1, x19, 0           x1=1c008de0 x19:1c008d20
20207029ns          334072 1c008d20 f14027f3 csrrs            x15, x0, 0xf14      x15=00000005
20207049ns          334073 1c008d24 1a10f6b7 lui              x13, 0x1a10f000     x13=1a10f000
20207070ns          334074 1c008d28 ca5797b3 p.extractu       x15, x15, 5, 5      x15=00000000 x15:00000005
20207090ns          334075 1c008d2c f1402773 csrrs            x14, x0, 0xf14      x14=00000005
20207110ns          334076 1c008d30 00779793 slli             x15, x15, 0x7       x15=00000000 x15:00000000
20207130ns          334077 1c008d32 00371713 slli             x14, x14, 0x3       x14=00000028 x14:00000005
20207151ns          334078 1c008d34 0ff57513 andi             x10, x10, 255       x10=00000064 x10:00000064
20207171ns          334079 1c008d38 ee873733 p.bclr           x14, x14, 23, 8     x14=00000028 x14:00000028
20207191ns          334080 1c008d3c 00d787b3 add              x15, x15, x13       x15=1a10f000 x15:00000000 x13:1a10f000
20207211ns          334081 1c008d3e 00a767a3 p.sw             x10, x0(x14)        x10:00000064 x14:00000028  PA:1a10f028
20207535ns          334097 1c008d42 00000513 addi             x10, x0, 0          x10=00000000
20207555ns          334098 1c008d44 00008067 jalr             x0, x1, 0            x1:1c008de0
20207596ns          334100 1c008de0 15f52063 p.beqimm         x10, 320            x10:00000000
20207616ns          334101 1c008de4 001a8a93 addi             x21, x21, 1         x21=00000007 x21:00000006
20207636ns          334102 1c008de6 00800d33 add              x26, x0, x8         x26=1c00098b  x8:1c00098b
20207657ns          334103 1c008de8 000d4503 lbu              x10, 0(x26)         x10=00000020 x26:1c00098b  PA:1c00098b
20207960ns          334118 1c008dec 001d0413 addi             x8, x26, 1           x8=1c00098c x26:1c00098b
20207980ns          334119 1c008df0 0c050b63 beq              x10, x0, 214        x10:00000020
20208001ns          334120 1c008df2 02500793 addi             x15, x0, 37         x15=00000025
20208021ns          334121 1c008df6 fef513e3 bne              x10, x15, -26       x10:00000020 x15:00000025
20208082ns          334124 1c008ddc 017005b3 add              x11, x0, x23        x11=00000002 x23:00000002
20208102ns          334125 1c008dde 000980e7 jalr             x1, x19, 0           x1=1c008de0 x19:1c008d20
20208142ns          334127 1c008d20 f14027f3 csrrs            x15, x0, 0xf14      x15=00000005
20208163ns          334128 1c008d24 1a10f6b7 lui              x13, 0x1a10f000     x13=1a10f000
20208183ns          334129 1c008d28 ca5797b3 p.extractu       x15, x15, 5, 5      x15=00000000 x15:00000005
20208203ns          334130 1c008d2c f1402773 csrrs            x14, x0, 0xf14      x14=00000005
20208223ns          334131 1c008d30 00779793 slli             x15, x15, 0x7       x15=00000000 x15:00000000
20208244ns          334132 1c008d32 00371713 slli             x14, x14, 0x3       x14=00000028 x14:00000005
20208264ns          334133 1c008d34 0ff57513 andi             x10, x10, 255       x10=00000020 x10:00000020
20208284ns          334134 1c008d38 ee873733 p.bclr           x14, x14, 23, 8     x14=00000028 x14:00000028
20208304ns          334135 1c008d3c 00d787b3 add              x15, x15, x13       x15=1a10f000 x15:00000000 x13:1a10f000
20208325ns          334136 1c008d3e 00a767a3 p.sw             x10, x0(x14)        x10:00000020 x14:00000028  PA:1a10f028
20208648ns          334152 1c008d42 00000513 addi             x10, x0, 0          x10=00000000
20208669ns          334153 1c008d44 00008067 jalr             x0, x1, 0            x1:1c008de0
20208709ns          334155 1c008de0 15f52063 p.beqimm         x10, 320            x10:00000000
20208729ns          334156 1c008de4 001a8a93 addi             x21, x21, 1         x21=00000008 x21:00000007
20208750ns          334157 1c008de6 00800d33 add              x26, x0, x8         x26=1c00098c  x8:1c00098c
20208770ns          334158 1c008de8 000d4503 lbu              x10, 0(x26)         x10=00000063 x26:1c00098c  PA:1c00098c
20209073ns          334173 1c008dec 001d0413 addi             x8, x26, 1           x8=1c00098d x26:1c00098c
20209094ns          334174 1c008df0 0c050b63 beq              x10, x0, 214        x10:00000063
20209114ns          334175 1c008df2 02500793 addi             x15, x0, 37         x15=00000025
20209134ns          334176 1c008df6 fef513e3 bne              x10, x15, -26       x10:00000063 x15:00000025
20209195ns          334179 1c008ddc 017005b3 add              x11, x0, x23        x11=00000002 x23:00000002
20209215ns          334180 1c008dde 000980e7 jalr             x1, x19, 0           x1=1c008de0 x19:1c008d20
20209256ns          334182 1c008d20 f14027f3 csrrs            x15, x0, 0xf14      x15=00000005
20209276ns          334183 1c008d24 1a10f6b7 lui              x13, 0x1a10f000     x13=1a10f000
20209296ns          334184 1c008d28 ca5797b3 p.extractu       x15, x15, 5, 5      x15=00000000 x15:00000005
20209316ns          334185 1c008d2c f1402773 csrrs            x14, x0, 0xf14      x14=00000005
20209337ns          334186 1c008d30 00779793 slli             x15, x15, 0x7       x15=00000000 x15:00000000
20209357ns          334187 1c008d32 00371713 slli             x14, x14, 0x3       x14=00000028 x14:00000005
20209377ns          334188 1c008d34 0ff57513 andi             x10, x10, 255       x10=00000063 x10:00000063
20209397ns          334189 1c008d38 ee873733 p.bclr           x14, x14, 23, 8     x14=00000028 x14:00000028
20209418ns          334190 1c008d3c 00d787b3 add              x15, x15, x13       x15=1a10f000 x15:00000000 x13:1a10f000
20209438ns          334191 1c008d3e 00a767a3 p.sw             x10, x0(x14)        x10:00000063 x14:00000028  PA:1a10f028
20209762ns          334207 1c008d42 00000513 addi             x10, x0, 0          x10=00000000
20209782ns          334208 1c008d44 00008067 jalr             x0, x1, 0            x1:1c008de0
20209822ns          334210 1c008de0 15f52063 p.beqimm         x10, 320            x10:00000000
20209843ns          334211 1c008de4 001a8a93 addi             x21, x21, 1         x21=00000009 x21:00000008
20209863ns          334212 1c008de6 00800d33 add              x26, x0, x8         x26=1c00098d  x8:1c00098d
20209883ns          334213 1c008de8 000d4503 lbu              x10, 0(x26)         x10=0000006c x26:1c00098d  PA:1c00098d
20210187ns          334228 1c008dec 001d0413 addi             x8, x26, 1           x8=1c00098e x26:1c00098d
20210207ns          334229 1c008df0 0c050b63 beq              x10, x0, 214        x10:0000006c
20210227ns          334230 1c008df2 02500793 addi             x15, x0, 37         x15=00000025
20210247ns          334231 1c008df6 fef513e3 bne              x10, x15, -26       x10:0000006c x15:00000025
20210308ns          334234 1c008ddc 017005b3 add              x11, x0, x23        x11=00000002 x23:00000002
20210328ns          334235 1c008dde 000980e7 jalr             x1, x19, 0           x1=1c008de0 x19:1c008d20
20210369ns          334237 1c008d20 f14027f3 csrrs            x15, x0, 0xf14      x15=00000005
20210389ns          334238 1c008d24 1a10f6b7 lui              x13, 0x1a10f000     x13=1a10f000
20210409ns          334239 1c008d28 ca5797b3 p.extractu       x15, x15, 5, 5      x15=00000000 x15:00000005
20210430ns          334240 1c008d2c f1402773 csrrs            x14, x0, 0xf14      x14=00000005
20210450ns          334241 1c008d30 00779793 slli             x15, x15, 0x7       x15=00000000 x15:00000000
20210470ns          334242 1c008d32 00371713 slli             x14, x14, 0x3       x14=00000028 x14:00000005
20210490ns          334243 1c008d34 0ff57513 andi             x10, x10, 255       x10=0000006c x10:0000006c
20210510ns          334244 1c008d38 ee873733 p.bclr           x14, x14, 23, 8     x14=00000028 x14:00000028
20210531ns          334245 1c008d3c 00d787b3 add              x15, x15, x13       x15=1a10f000 x15:00000000 x13:1a10f000
20210551ns          334246 1c008d3e 00a767a3 p.sw             x10, x0(x14)        x10:0000006c x14:00000028  PA:1a10f028
20210875ns          334262 1c008d42 00000513 addi             x10, x0, 0          x10=00000000
20210895ns          334263 1c008d44 00008067 jalr             x0, x1, 0            x1:1c008de0
20210936ns          334265 1c008de0 15f52063 p.beqimm         x10, 320            x10:00000000
20210956ns          334266 1c008de4 001a8a93 addi             x21, x21, 1         x21=0000000a x21:00000009
20210976ns          334267 1c008de6 00800d33 add              x26, x0, x8         x26=1c00098e  x8:1c00098e
20210996ns          334268 1c008de8 000d4503 lbu              x10, 0(x26)         x10=00000075 x26:1c00098e  PA:1c00098e
20211300ns          334283 1c008dec 001d0413 addi             x8, x26, 1           x8=1c00098f x26:1c00098e
20211320ns          334284 1c008df0 0c050b63 beq              x10, x0, 214        x10:00000075
20211340ns          334285 1c008df2 02500793 addi             x15, x0, 37         x15=00000025
20211361ns          334286 1c008df6 fef513e3 bne              x10, x15, -26       x10:00000075 x15:00000025
20211421ns          334289 1c008ddc 017005b3 add              x11, x0, x23        x11=00000002 x23:00000002
20211442ns          334290 1c008dde 000980e7 jalr             x1, x19, 0           x1=1c008de0 x19:1c008d20
20211482ns          334292 1c008d20 f14027f3 csrrs            x15, x0, 0xf14      x15=00000005
20211502ns          334293 1c008d24 1a10f6b7 lui              x13, 0x1a10f000     x13=1a10f000
20211522ns          334294 1c008d28 ca5797b3 p.extractu       x15, x15, 5, 5      x15=00000000 x15:00000005
20211543ns          334295 1c008d2c f1402773 csrrs            x14, x0, 0xf14      x14=00000005
20211563ns          334296 1c008d30 00779793 slli             x15, x15, 0x7       x15=00000000 x15:00000000
20211583ns          334297 1c008d32 00371713 slli             x14, x14, 0x3       x14=00000028 x14:00000005
20211603ns          334298 1c008d34 0ff57513 andi             x10, x10, 255       x10=00000075 x10:00000075
20211624ns          334299 1c008d38 ee873733 p.bclr           x14, x14, 23, 8     x14=00000028 x14:00000028
20211644ns          334300 1c008d3c 00d787b3 add              x15, x15, x13       x15=1a10f000 x15:00000000 x13:1a10f000
20211664ns          334301 1c008d3e 00a767a3 p.sw             x10, x0(x14)        x10:00000075 x14:00000028  PA:1a10f028
20211988ns          334317 1c008d42 00000513 addi             x10, x0, 0          x10=00000000
20212008ns          334318 1c008d44 00008067 jalr             x0, x1, 0            x1:1c008de0
20212049ns          334320 1c008de0 15f52063 p.beqimm         x10, 320            x10:00000000
20212069ns          334321 1c008de4 001a8a93 addi             x21, x21, 1         x21=0000000b x21:0000000a
20212089ns          334322 1c008de6 00800d33 add              x26, x0, x8         x26=1c00098f  x8:1c00098f
20212109ns          334323 1c008de8 000d4503 lbu              x10, 0(x26)         x10=00000073 x26:1c00098f  PA:1c00098f
20212413ns          334338 1c008dec 001d0413 addi             x8, x26, 1           x8=1c000990 x26:1c00098f
20212433ns          334339 1c008df0 0c050b63 beq              x10, x0, 214        x10:00000073
20212454ns          334340 1c008df2 02500793 addi             x15, x0, 37         x15=00000025
20212474ns          334341 1c008df6 fef513e3 bne              x10, x15, -26       x10:00000073 x15:00000025
20212534ns          334344 1c008ddc 017005b3 add              x11, x0, x23        x11=00000002 x23:00000002
20212555ns          334345 1c008dde 000980e7 jalr             x1, x19, 0           x1=1c008de0 x19:1c008d20
20212595ns          334347 1c008d20 f14027f3 csrrs            x15, x0, 0xf14      x15=00000005
20212615ns          334348 1c008d24 1a10f6b7 lui              x13, 0x1a10f000     x13=1a10f000
20212636ns          334349 1c008d28 ca5797b3 p.extractu       x15, x15, 5, 5      x15=00000000 x15:00000005
20212656ns          334350 1c008d2c f1402773 csrrs            x14, x0, 0xf14      x14=00000005
20212676ns          334351 1c008d30 00779793 slli             x15, x15, 0x7       x15=00000000 x15:00000000
20212696ns          334352 1c008d32 00371713 slli             x14, x14, 0x3       x14=00000028 x14:00000005
20212717ns          334353 1c008d34 0ff57513 andi             x10, x10, 255       x10=00000073 x10:00000073
20212737ns          334354 1c008d38 ee873733 p.bclr           x14, x14, 23, 8     x14=00000028 x14:00000028
20212757ns          334355 1c008d3c 00d787b3 add              x15, x15, x13       x15=1a10f000 x15:00000000 x13:1a10f000
20212777ns          334356 1c008d3e 00a767a3 p.sw             x10, x0(x14)        x10:00000073 x14:00000028  PA:1a10f028
20213101ns          334372 1c008d42 00000513 addi             x10, x0, 0          x10=00000000
20213121ns          334373 1c008d44 00008067 jalr             x0, x1, 0            x1:1c008de0
20213162ns          334375 1c008de0 15f52063 p.beqimm         x10, 320            x10:00000000
20213182ns          334376 1c008de4 001a8a93 addi             x21, x21, 1         x21=0000000c x21:0000000b
20213202ns          334377 1c008de6 00800d33 add              x26, x0, x8         x26=1c000990  x8:1c000990
20213223ns          334378 1c008de8 000d4503 lbu              x10, 0(x26)         x10=00000074 x26:1c000990  PA:1c000990
20213526ns          334393 1c008dec 001d0413 addi             x8, x26, 1           x8=1c000991 x26:1c000990
20213546ns          334394 1c008df0 0c050b63 beq              x10, x0, 214        x10:00000074
20213567ns          334395 1c008df2 02500793 addi             x15, x0, 37         x15=00000025
20213587ns          334396 1c008df6 fef513e3 bne              x10, x15, -26       x10:00000074 x15:00000025
20213648ns          334399 1c008ddc 017005b3 add              x11, x0, x23        x11=00000002 x23:00000002
20213668ns          334400 1c008dde 000980e7 jalr             x1, x19, 0           x1=1c008de0 x19:1c008d20
20213708ns          334402 1c008d20 f14027f3 csrrs            x15, x0, 0xf14      x15=00000005
20213729ns          334403 1c008d24 1a10f6b7 lui              x13, 0x1a10f000     x13=1a10f000
20213749ns          334404 1c008d28 ca5797b3 p.extractu       x15, x15, 5, 5      x15=00000000 x15:00000005
20213769ns          334405 1c008d2c f1402773 csrrs            x14, x0, 0xf14      x14=00000005
20213789ns          334406 1c008d30 00779793 slli             x15, x15, 0x7       x15=00000000 x15:00000000
20213810ns          334407 1c008d32 00371713 slli             x14, x14, 0x3       x14=00000028 x14:00000005
20213830ns          334408 1c008d34 0ff57513 andi             x10, x10, 255       x10=00000074 x10:00000074
20213850ns          334409 1c008d38 ee873733 p.bclr           x14, x14, 23, 8     x14=00000028 x14:00000028
20213870ns          334410 1c008d3c 00d787b3 add              x15, x15, x13       x15=1a10f000 x15:00000000 x13:1a10f000
20213891ns          334411 1c008d3e 00a767a3 p.sw             x10, x0(x14)        x10:00000074 x14:00000028  PA:1a10f028
20214214ns          334427 1c008d42 00000513 addi             x10, x0, 0          x10=00000000
20214235ns          334428 1c008d44 00008067 jalr             x0, x1, 0            x1:1c008de0
20214275ns          334430 1c008de0 15f52063 p.beqimm         x10, 320            x10:00000000
20214295ns          334431 1c008de4 001a8a93 addi             x21, x21, 1         x21=0000000d x21:0000000c
20214316ns          334432 1c008de6 00800d33 add              x26, x0, x8         x26=1c000991  x8:1c000991
20214336ns          334433 1c008de8 000d4503 lbu              x10, 0(x26)         x10=00000065 x26:1c000991  PA:1c000991
20214639ns          334448 1c008dec 001d0413 addi             x8, x26, 1           x8=1c000992 x26:1c000991
20214660ns          334449 1c008df0 0c050b63 beq              x10, x0, 214        x10:00000065
20214680ns          334450 1c008df2 02500793 addi             x15, x0, 37         x15=00000025
20214700ns          334451 1c008df6 fef513e3 bne              x10, x15, -26       x10:00000065 x15:00000025
20214761ns          334454 1c008ddc 017005b3 add              x11, x0, x23        x11=00000002 x23:00000002
20214781ns          334455 1c008dde 000980e7 jalr             x1, x19, 0           x1=1c008de0 x19:1c008d20
20214822ns          334457 1c008d20 f14027f3 csrrs            x15, x0, 0xf14      x15=00000005
20214842ns          334458 1c008d24 1a10f6b7 lui              x13, 0x1a10f000     x13=1a10f000
20214862ns          334459 1c008d28 ca5797b3 p.extractu       x15, x15, 5, 5      x15=00000000 x15:00000005
20214882ns          334460 1c008d2c f1402773 csrrs            x14, x0, 0xf14      x14=00000005
20214903ns          334461 1c008d30 00779793 slli             x15, x15, 0x7       x15=00000000 x15:00000000
20214923ns          334462 1c008d32 00371713 slli             x14, x14, 0x3       x14=00000028 x14:00000005
20214943ns          334463 1c008d34 0ff57513 andi             x10, x10, 255       x10=00000065 x10:00000065
20214963ns          334464 1c008d38 ee873733 p.bclr           x14, x14, 23, 8     x14=00000028 x14:00000028
20214984ns          334465 1c008d3c 00d787b3 add              x15, x15, x13       x15=1a10f000 x15:00000000 x13:1a10f000
20215004ns          334466 1c008d3e 00a767a3 p.sw             x10, x0(x14)        x10:00000065 x14:00000028  PA:1a10f028
20215328ns          334482 1c008d42 00000513 addi             x10, x0, 0          x10=00000000
20215348ns          334483 1c008d44 00008067 jalr             x0, x1, 0            x1:1c008de0
20215388ns          334485 1c008de0 15f52063 p.beqimm         x10, 320            x10:00000000
20215409ns          334486 1c008de4 001a8a93 addi             x21, x21, 1         x21=0000000e x21:0000000d
20215429ns          334487 1c008de6 00800d33 add              x26, x0, x8         x26=1c000992  x8:1c000992
20215449ns          334488 1c008de8 000d4503 lbu              x10, 0(x26)         x10=00000072 x26:1c000992  PA:1c000992
20215753ns          334503 1c008dec 001d0413 addi             x8, x26, 1           x8=1c000993 x26:1c000992
20215773ns          334504 1c008df0 0c050b63 beq              x10, x0, 214        x10:00000072
20215793ns          334505 1c008df2 02500793 addi             x15, x0, 37         x15=00000025
20215813ns          334506 1c008df6 fef513e3 bne              x10, x15, -26       x10:00000072 x15:00000025
20215874ns          334509 1c008ddc 017005b3 add              x11, x0, x23        x11=00000002 x23:00000002
20215894ns          334510 1c008dde 000980e7 jalr             x1, x19, 0           x1=1c008de0 x19:1c008d20
20215935ns          334512 1c008d20 f14027f3 csrrs            x15, x0, 0xf14      x15=00000005
20215955ns          334513 1c008d24 1a10f6b7 lui              x13, 0x1a10f000     x13=1a10f000
20215975ns          334514 1c008d28 ca5797b3 p.extractu       x15, x15, 5, 5      x15=00000000 x15:00000005
20215996ns          334515 1c008d2c f1402773 csrrs            x14, x0, 0xf14      x14=00000005
20216016ns          334516 1c008d30 00779793 slli             x15, x15, 0x7       x15=00000000 x15:00000000
20216036ns          334517 1c008d32 00371713 slli             x14, x14, 0x3       x14=00000028 x14:00000005
20216056ns          334518 1c008d34 0ff57513 andi             x10, x10, 255       x10=00000072 x10:00000072
20216076ns          334519 1c008d38 ee873733 p.bclr           x14, x14, 23, 8     x14=00000028 x14:00000028
20216097ns          334520 1c008d3c 00d787b3 add              x15, x15, x13       x15=1a10f000 x15:00000000 x13:1a10f000
20216117ns          334521 1c008d3e 00a767a3 p.sw             x10, x0(x14)        x10:00000072 x14:00000028  PA:1a10f028
20216441ns          334537 1c008d42 00000513 addi             x10, x0, 0          x10=00000000
20216461ns          334538 1c008d44 00008067 jalr             x0, x1, 0            x1:1c008de0
20216502ns          334540 1c008de0 15f52063 p.beqimm         x10, 320            x10:00000000
20216522ns          334541 1c008de4 001a8a93 addi             x21, x21, 1         x21=0000000f x21:0000000e
20216542ns          334542 1c008de6 00800d33 add              x26, x0, x8         x26=1c000993  x8:1c000993
20216562ns          334543 1c008de8 000d4503 lbu              x10, 0(x26)         x10=00000020 x26:1c000993  PA:1c000993
20216866ns          334558 1c008dec 001d0413 addi             x8, x26, 1           x8=1c000994 x26:1c000993
20216886ns          334559 1c008df0 0c050b63 beq              x10, x0, 214        x10:00000020
20216906ns          334560 1c008df2 02500793 addi             x15, x0, 37         x15=00000025
20216927ns          334561 1c008df6 fef513e3 bne              x10, x15, -26       x10:00000020 x15:00000025
20216987ns          334564 1c008ddc 017005b3 add              x11, x0, x23        x11=00000002 x23:00000002
20217008ns          334565 1c008dde 000980e7 jalr             x1, x19, 0           x1=1c008de0 x19:1c008d20
20217048ns          334567 1c008d20 f14027f3 csrrs            x15, x0, 0xf14      x15=00000005
20217068ns          334568 1c008d24 1a10f6b7 lui              x13, 0x1a10f000     x13=1a10f000
20217088ns          334569 1c008d28 ca5797b3 p.extractu       x15, x15, 5, 5      x15=00000000 x15:00000005
20217109ns          334570 1c008d2c f1402773 csrrs            x14, x0, 0xf14      x14=00000005
20217129ns          334571 1c008d30 00779793 slli             x15, x15, 0x7       x15=00000000 x15:00000000
20217149ns          334572 1c008d32 00371713 slli             x14, x14, 0x3       x14=00000028 x14:00000005
20217169ns          334573 1c008d34 0ff57513 andi             x10, x10, 255       x10=00000020 x10:00000020
20217190ns          334574 1c008d38 ee873733 p.bclr           x14, x14, 23, 8     x14=00000028 x14:00000028
20217210ns          334575 1c008d3c 00d787b3 add              x15, x15, x13       x15=1a10f000 x15:00000000 x13:1a10f000
20217230ns          334576 1c008d3e 00a767a3 p.sw             x10, x0(x14)        x10:00000020 x14:00000028  PA:1a10f028
20217554ns          334592 1c008d42 00000513 addi             x10, x0, 0          x10=00000000
20217574ns          334593 1c008d44 00008067 jalr             x0, x1, 0            x1:1c008de0
20217615ns          334595 1c008de0 15f52063 p.beqimm         x10, 320            x10:00000000
20217635ns          334596 1c008de4 001a8a93 addi             x21, x21, 1         x21=00000010 x21:0000000f
20217655ns          334597 1c008de6 00800d33 add              x26, x0, x8         x26=1c000994  x8:1c000994
20217675ns          334598 1c008de8 000d4503 lbu              x10, 0(x26)         x10=0000006f x26:1c000994  PA:1c000994
20217979ns          334613 1c008dec 001d0413 addi             x8, x26, 1           x8=1c000995 x26:1c000994
20217999ns          334614 1c008df0 0c050b63 beq              x10, x0, 214        x10:0000006f
20218020ns          334615 1c008df2 02500793 addi             x15, x0, 37         x15=00000025
20218040ns          334616 1c008df6 fef513e3 bne              x10, x15, -26       x10:0000006f x15:00000025
20218100ns          334619 1c008ddc 017005b3 add              x11, x0, x23        x11=00000002 x23:00000002
20218121ns          334620 1c008dde 000980e7 jalr             x1, x19, 0           x1=1c008de0 x19:1c008d20
20218161ns          334622 1c008d20 f14027f3 csrrs            x15, x0, 0xf14      x15=00000005
20218181ns          334623 1c008d24 1a10f6b7 lui              x13, 0x1a10f000     x13=1a10f000
20218202ns          334624 1c008d28 ca5797b3 p.extractu       x15, x15, 5, 5      x15=00000000 x15:00000005
20218222ns          334625 1c008d2c f1402773 csrrs            x14, x0, 0xf14      x14=00000005
20218242ns          334626 1c008d30 00779793 slli             x15, x15, 0x7       x15=00000000 x15:00000000
20218262ns          334627 1c008d32 00371713 slli             x14, x14, 0x3       x14=00000028 x14:00000005
20218283ns          334628 1c008d34 0ff57513 andi             x10, x10, 255       x10=0000006f x10:0000006f
20218303ns          334629 1c008d38 ee873733 p.bclr           x14, x14, 23, 8     x14=00000028 x14:00000028
20218323ns          334630 1c008d3c 00d787b3 add              x15, x15, x13       x15=1a10f000 x15:00000000 x13:1a10f000
20218343ns          334631 1c008d3e 00a767a3 p.sw             x10, x0(x14)        x10:0000006f x14:00000028  PA:1a10f028
20218667ns          334647 1c008d42 00000513 addi             x10, x0, 0          x10=00000000
20218687ns          334648 1c008d44 00008067 jalr             x0, x1, 0            x1:1c008de0
20218728ns          334650 1c008de0 15f52063 p.beqimm         x10, 320            x10:00000000
20218748ns          334651 1c008de4 001a8a93 addi             x21, x21, 1         x21=00000011 x21:00000010
20218768ns          334652 1c008de6 00800d33 add              x26, x0, x8         x26=1c000995  x8:1c000995
20218789ns          334653 1c008de8 000d4503 lbu              x10, 0(x26)         x10=0000006e x26:1c000995  PA:1c000995
20219092ns          334668 1c008dec 001d0413 addi             x8, x26, 1           x8=1c000996 x26:1c000995
20219112ns          334669 1c008df0 0c050b63 beq              x10, x0, 214        x10:0000006e
20219133ns          334670 1c008df2 02500793 addi             x15, x0, 37         x15=00000025
20219153ns          334671 1c008df6 fef513e3 bne              x10, x15, -26       x10:0000006e x15:00000025
20219214ns          334674 1c008ddc 017005b3 add              x11, x0, x23        x11=00000002 x23:00000002
20219234ns          334675 1c008dde 000980e7 jalr             x1, x19, 0           x1=1c008de0 x19:1c008d20
20219274ns          334677 1c008d20 f14027f3 csrrs            x15, x0, 0xf14      x15=00000005
20219295ns          334678 1c008d24 1a10f6b7 lui              x13, 0x1a10f000     x13=1a10f000
20219315ns          334679 1c008d28 ca5797b3 p.extractu       x15, x15, 5, 5      x15=00000000 x15:00000005
20219335ns          334680 1c008d2c f1402773 csrrs            x14, x0, 0xf14      x14=00000005
20219355ns          334681 1c008d30 00779793 slli             x15, x15, 0x7       x15=00000000 x15:00000000
20219376ns          334682 1c008d32 00371713 slli             x14, x14, 0x3       x14=00000028 x14:00000005
20219396ns          334683 1c008d34 0ff57513 andi             x10, x10, 255       x10=0000006e x10:0000006e
20219416ns          334684 1c008d38 ee873733 p.bclr           x14, x14, 23, 8     x14=00000028 x14:00000028
20219436ns          334685 1c008d3c 00d787b3 add              x15, x15, x13       x15=1a10f000 x15:00000000 x13:1a10f000
20219457ns          334686 1c008d3e 00a767a3 p.sw             x10, x0(x14)        x10:0000006e x14:00000028  PA:1a10f028
20219780ns          334702 1c008d42 00000513 addi             x10, x0, 0          x10=00000000
20219801ns          334703 1c008d44 00008067 jalr             x0, x1, 0            x1:1c008de0
20219841ns          334705 1c008de0 15f52063 p.beqimm         x10, 320            x10:00000000
20219861ns          334706 1c008de4 001a8a93 addi             x21, x21, 1         x21=00000012 x21:00000011
20219882ns          334707 1c008de6 00800d33 add              x26, x0, x8         x26=1c000996  x8:1c000996
20219902ns          334708 1c008de8 000d4503 lbu              x10, 0(x26)         x10=00000020 x26:1c000996  PA:1c000996
20220205ns          334723 1c008dec 001d0413 addi             x8, x26, 1           x8=1c000997 x26:1c000996
20220226ns          334724 1c008df0 0c050b63 beq              x10, x0, 214        x10:00000020
20220246ns          334725 1c008df2 02500793 addi             x15, x0, 37         x15=00000025
20220266ns          334726 1c008df6 fef513e3 bne              x10, x15, -26       x10:00000020 x15:00000025
20220327ns          334729 1c008ddc 017005b3 add              x11, x0, x23        x11=00000002 x23:00000002
20220347ns          334730 1c008dde 000980e7 jalr             x1, x19, 0           x1=1c008de0 x19:1c008d20
20220388ns          334732 1c008d20 f14027f3 csrrs            x15, x0, 0xf14      x15=00000005
20220408ns          334733 1c008d24 1a10f6b7 lui              x13, 0x1a10f000     x13=1a10f000
20220428ns          334734 1c008d28 ca5797b3 p.extractu       x15, x15, 5, 5      x15=00000000 x15:00000005
20220448ns          334735 1c008d2c f1402773 csrrs            x14, x0, 0xf14      x14=00000005
20220469ns          334736 1c008d30 00779793 slli             x15, x15, 0x7       x15=00000000 x15:00000000
20220489ns          334737 1c008d32 00371713 slli             x14, x14, 0x3       x14=00000028 x14:00000005
20220509ns          334738 1c008d34 0ff57513 andi             x10, x10, 255       x10=00000020 x10:00000020
20220529ns          334739 1c008d38 ee873733 p.bclr           x14, x14, 23, 8     x14=00000028 x14:00000028
20220550ns          334740 1c008d3c 00d787b3 add              x15, x15, x13       x15=1a10f000 x15:00000000 x13:1a10f000
20220570ns          334741 1c008d3e 00a767a3 p.sw             x10, x0(x14)        x10:00000020 x14:00000028  PA:1a10f028
20220894ns          334757 1c008d42 00000513 addi             x10, x0, 0          x10=00000000
20220914ns          334758 1c008d44 00008067 jalr             x0, x1, 0            x1:1c008de0
20220954ns          334760 1c008de0 15f52063 p.beqimm         x10, 320            x10:00000000
20220975ns          334761 1c008de4 001a8a93 addi             x21, x21, 1         x21=00000013 x21:00000012
20220995ns          334762 1c008de6 00800d33 add              x26, x0, x8         x26=1c000997  x8:1c000997
20221015ns          334763 1c008de8 000d4503 lbu              x10, 0(x26)         x10=00000063 x26:1c000997  PA:1c000997
20221319ns          334778 1c008dec 001d0413 addi             x8, x26, 1           x8=1c000998 x26:1c000997
20221339ns          334779 1c008df0 0c050b63 beq              x10, x0, 214        x10:00000063
20221359ns          334780 1c008df2 02500793 addi             x15, x0, 37         x15=00000025
20221379ns          334781 1c008df6 fef513e3 bne              x10, x15, -26       x10:00000063 x15:00000025
20221440ns          334784 1c008ddc 017005b3 add              x11, x0, x23        x11=00000002 x23:00000002
20221460ns          334785 1c008dde 000980e7 jalr             x1, x19, 0           x1=1c008de0 x19:1c008d20
20221501ns          334787 1c008d20 f14027f3 csrrs            x15, x0, 0xf14      x15=00000005
20221521ns          334788 1c008d24 1a10f6b7 lui              x13, 0x1a10f000     x13=1a10f000
20221541ns          334789 1c008d28 ca5797b3 p.extractu       x15, x15, 5, 5      x15=00000000 x15:00000005
20221562ns          334790 1c008d2c f1402773 csrrs            x14, x0, 0xf14      x14=00000005
20221582ns          334791 1c008d30 00779793 slli             x15, x15, 0x7       x15=00000000 x15:00000000
20221602ns          334792 1c008d32 00371713 slli             x14, x14, 0x3       x14=00000028 x14:00000005
20221622ns          334793 1c008d34 0ff57513 andi             x10, x10, 255       x10=00000063 x10:00000063
20221642ns          334794 1c008d38 ee873733 p.bclr           x14, x14, 23, 8     x14=00000028 x14:00000028
20221663ns          334795 1c008d3c 00d787b3 add              x15, x15, x13       x15=1a10f000 x15:00000000 x13:1a10f000
20221683ns          334796 1c008d3e 00a767a3 p.sw             x10, x0(x14)        x10:00000063 x14:00000028  PA:1a10f028
20222007ns          334812 1c008d42 00000513 addi             x10, x0, 0          x10=00000000
20222027ns          334813 1c008d44 00008067 jalr             x0, x1, 0            x1:1c008de0
20222068ns          334815 1c008de0 15f52063 p.beqimm         x10, 320            x10:00000000
20222088ns          334816 1c008de4 001a8a93 addi             x21, x21, 1         x21=00000014 x21:00000013
20222108ns          334817 1c008de6 00800d33 add              x26, x0, x8         x26=1c000998  x8:1c000998
20222128ns          334818 1c008de8 000d4503 lbu              x10, 0(x26)         x10=0000006c x26:1c000998  PA:1c000998
20222432ns          334833 1c008dec 001d0413 addi             x8, x26, 1           x8=1c000999 x26:1c000998
20222452ns          334834 1c008df0 0c050b63 beq              x10, x0, 214        x10:0000006c
20222472ns          334835 1c008df2 02500793 addi             x15, x0, 37         x15=00000025
20222493ns          334836 1c008df6 fef513e3 bne              x10, x15, -26       x10:0000006c x15:00000025
20222553ns          334839 1c008ddc 017005b3 add              x11, x0, x23        x11=00000002 x23:00000002
20222574ns          334840 1c008dde 000980e7 jalr             x1, x19, 0           x1=1c008de0 x19:1c008d20
20222614ns          334842 1c008d20 f14027f3 csrrs            x15, x0, 0xf14      x15=00000005
20222634ns          334843 1c008d24 1a10f6b7 lui              x13, 0x1a10f000     x13=1a10f000
20222654ns          334844 1c008d28 ca5797b3 p.extractu       x15, x15, 5, 5      x15=00000000 x15:00000005
20222675ns          334845 1c008d2c f1402773 csrrs            x14, x0, 0xf14      x14=00000005
20222695ns          334846 1c008d30 00779793 slli             x15, x15, 0x7       x15=00000000 x15:00000000
20222715ns          334847 1c008d32 00371713 slli             x14, x14, 0x3       x14=00000028 x14:00000005
20222735ns          334848 1c008d34 0ff57513 andi             x10, x10, 255       x10=0000006c x10:0000006c
20222756ns          334849 1c008d38 ee873733 p.bclr           x14, x14, 23, 8     x14=00000028 x14:00000028
20222776ns          334850 1c008d3c 00d787b3 add              x15, x15, x13       x15=1a10f000 x15:00000000 x13:1a10f000
20222796ns          334851 1c008d3e 00a767a3 p.sw             x10, x0(x14)        x10:0000006c x14:00000028  PA:1a10f028
20223120ns          334867 1c008d42 00000513 addi             x10, x0, 0          x10=00000000
20223140ns          334868 1c008d44 00008067 jalr             x0, x1, 0            x1:1c008de0
20223181ns          334870 1c008de0 15f52063 p.beqimm         x10, 320            x10:00000000
20223201ns          334871 1c008de4 001a8a93 addi             x21, x21, 1         x21=00000015 x21:00000014
20223221ns          334872 1c008de6 00800d33 add              x26, x0, x8         x26=1c000999  x8:1c000999
20223241ns          334873 1c008de8 000d4503 lbu              x10, 0(x26)         x10=00000075 x26:1c000999  PA:1c000999
20223545ns          334888 1c008dec 001d0413 addi             x8, x26, 1           x8=1c00099a x26:1c000999
20223565ns          334889 1c008df0 0c050b63 beq              x10, x0, 214        x10:00000075
20223586ns          334890 1c008df2 02500793 addi             x15, x0, 37         x15=00000025
20223606ns          334891 1c008df6 fef513e3 bne              x10, x15, -26       x10:00000075 x15:00000025
20223666ns          334894 1c008ddc 017005b3 add              x11, x0, x23        x11=00000002 x23:00000002
20223687ns          334895 1c008dde 000980e7 jalr             x1, x19, 0           x1=1c008de0 x19:1c008d20
20223727ns          334897 1c008d20 f14027f3 csrrs            x15, x0, 0xf14      x15=00000005
20223747ns          334898 1c008d24 1a10f6b7 lui              x13, 0x1a10f000     x13=1a10f000
20223768ns          334899 1c008d28 ca5797b3 p.extractu       x15, x15, 5, 5      x15=00000000 x15:00000005
20223788ns          334900 1c008d2c f1402773 csrrs            x14, x0, 0xf14      x14=00000005
20223808ns          334901 1c008d30 00779793 slli             x15, x15, 0x7       x15=00000000 x15:00000000
20223828ns          334902 1c008d32 00371713 slli             x14, x14, 0x3       x14=00000028 x14:00000005
20223849ns          334903 1c008d34 0ff57513 andi             x10, x10, 255       x10=00000075 x10:00000075
20223869ns          334904 1c008d38 ee873733 p.bclr           x14, x14, 23, 8     x14=00000028 x14:00000028
20223889ns          334905 1c008d3c 00d787b3 add              x15, x15, x13       x15=1a10f000 x15:00000000 x13:1a10f000
20223909ns          334906 1c008d3e 00a767a3 p.sw             x10, x0(x14)        x10:00000075 x14:00000028  PA:1a10f028
20224233ns          334922 1c008d42 00000513 addi             x10, x0, 0          x10=00000000
20224253ns          334923 1c008d44 00008067 jalr             x0, x1, 0            x1:1c008de0
20224294ns          334925 1c008de0 15f52063 p.beqimm         x10, 320            x10:00000000
20224314ns          334926 1c008de4 001a8a93 addi             x21, x21, 1         x21=00000016 x21:00000015
20224334ns          334927 1c008de6 00800d33 add              x26, x0, x8         x26=1c00099a  x8:1c00099a
20224355ns          334928 1c008de8 000d4503 lbu              x10, 0(x26)         x10=00000073 x26:1c00099a  PA:1c00099a
20224658ns          334943 1c008dec 001d0413 addi             x8, x26, 1           x8=1c00099b x26:1c00099a
20224678ns          334944 1c008df0 0c050b63 beq              x10, x0, 214        x10:00000073
20224699ns          334945 1c008df2 02500793 addi             x15, x0, 37         x15=00000025
20224719ns          334946 1c008df6 fef513e3 bne              x10, x15, -26       x10:00000073 x15:00000025
20224780ns          334949 1c008ddc 017005b3 add              x11, x0, x23        x11=00000002 x23:00000002
20224800ns          334950 1c008dde 000980e7 jalr             x1, x19, 0           x1=1c008de0 x19:1c008d20
20224840ns          334952 1c008d20 f14027f3 csrrs            x15, x0, 0xf14      x15=00000005
20224861ns          334953 1c008d24 1a10f6b7 lui              x13, 0x1a10f000     x13=1a10f000
20224881ns          334954 1c008d28 ca5797b3 p.extractu       x15, x15, 5, 5      x15=00000000 x15:00000005
20224901ns          334955 1c008d2c f1402773 csrrs            x14, x0, 0xf14      x14=00000005
20224921ns          334956 1c008d30 00779793 slli             x15, x15, 0x7       x15=00000000 x15:00000000
20224942ns          334957 1c008d32 00371713 slli             x14, x14, 0x3       x14=00000028 x14:00000005
20224962ns          334958 1c008d34 0ff57513 andi             x10, x10, 255       x10=00000073 x10:00000073
20224982ns          334959 1c008d38 ee873733 p.bclr           x14, x14, 23, 8     x14=00000028 x14:00000028
20225002ns          334960 1c008d3c 00d787b3 add              x15, x15, x13       x15=1a10f000 x15:00000000 x13:1a10f000
20225023ns          334961 1c008d3e 00a767a3 p.sw             x10, x0(x14)        x10:00000073 x14:00000028  PA:1a10f028
20225367ns          334978 1c008d42 00000513 addi             x10, x0, 0          x10=00000000
20225387ns          334979 1c008d44 00008067 jalr             x0, x1, 0            x1:1c008de0
20225427ns          334981 1c008de0 15f52063 p.beqimm         x10, 320            x10:00000000
20225448ns          334982 1c008de4 001a8a93 addi             x21, x21, 1         x21=00000017 x21:00000016
20225468ns          334983 1c008de6 00800d33 add              x26, x0, x8         x26=1c00099b  x8:1c00099b
20225488ns          334984 1c008de8 000d4503 lbu              x10, 0(x26)         x10=00000074 x26:1c00099b  PA:1c00099b
20225792ns          334999 1c008dec 001d0413 addi             x8, x26, 1           x8=1c00099c x26:1c00099b
20225812ns          335000 1c008df0 0c050b63 beq              x10, x0, 214        x10:00000074
20225832ns          335001 1c008df2 02500793 addi             x15, x0, 37         x15=00000025
20225852ns          335002 1c008df6 fef513e3 bne              x10, x15, -26       x10:00000074 x15:00000025
20225913ns          335005 1c008ddc 017005b3 add              x11, x0, x23        x11=00000002 x23:00000002
20225933ns          335006 1c008dde 000980e7 jalr             x1, x19, 0           x1=1c008de0 x19:1c008d20
20225974ns          335008 1c008d20 f14027f3 csrrs            x15, x0, 0xf14      x15=00000005
20225994ns          335009 1c008d24 1a10f6b7 lui              x13, 0x1a10f000     x13=1a10f000
20226014ns          335010 1c008d28 ca5797b3 p.extractu       x15, x15, 5, 5      x15=00000000 x15:00000005
20226035ns          335011 1c008d2c f1402773 csrrs            x14, x0, 0xf14      x14=00000005
20226055ns          335012 1c008d30 00779793 slli             x15, x15, 0x7       x15=00000000 x15:00000000
20226075ns          335013 1c008d32 00371713 slli             x14, x14, 0x3       x14=00000028 x14:00000005
20226095ns          335014 1c008d34 0ff57513 andi             x10, x10, 255       x10=00000074 x10:00000074
20226116ns          335015 1c008d38 ee873733 p.bclr           x14, x14, 23, 8     x14=00000028 x14:00000028
20226136ns          335016 1c008d3c 00d787b3 add              x15, x15, x13       x15=1a10f000 x15:00000000 x13:1a10f000
20226156ns          335017 1c008d3e 00a767a3 p.sw             x10, x0(x14)        x10:00000074 x14:00000028  PA:1a10f028
20226500ns          335034 1c008d42 00000513 addi             x10, x0, 0          x10=00000000
20226520ns          335035 1c008d44 00008067 jalr             x0, x1, 0            x1:1c008de0
20226561ns          335037 1c008de0 15f52063 p.beqimm         x10, 320            x10:00000000
20226581ns          335038 1c008de4 001a8a93 addi             x21, x21, 1         x21=00000018 x21:00000017
20226601ns          335039 1c008de6 00800d33 add              x26, x0, x8         x26=1c00099c  x8:1c00099c
20226622ns          335040 1c008de8 000d4503 lbu              x10, 0(x26)         x10=00000065 x26:1c00099c  PA:1c00099c
20226925ns          335055 1c008dec 001d0413 addi             x8, x26, 1           x8=1c00099d x26:1c00099c
20226945ns          335056 1c008df0 0c050b63 beq              x10, x0, 214        x10:00000065
20226966ns          335057 1c008df2 02500793 addi             x15, x0, 37         x15=00000025
20226986ns          335058 1c008df6 fef513e3 bne              x10, x15, -26       x10:00000065 x15:00000025
20227047ns          335061 1c008ddc 017005b3 add              x11, x0, x23        x11=00000002 x23:00000002
20227067ns          335062 1c008dde 000980e7 jalr             x1, x19, 0           x1=1c008de0 x19:1c008d20
20227107ns          335064 1c008d20 f14027f3 csrrs            x15, x0, 0xf14      x15=00000005
20227128ns          335065 1c008d24 1a10f6b7 lui              x13, 0x1a10f000     x13=1a10f000
20227148ns          335066 1c008d28 ca5797b3 p.extractu       x15, x15, 5, 5      x15=00000000 x15:00000005
20227168ns          335067 1c008d2c f1402773 csrrs            x14, x0, 0xf14      x14=00000005
20227188ns          335068 1c008d30 00779793 slli             x15, x15, 0x7       x15=00000000 x15:00000000
20227208ns          335069 1c008d32 00371713 slli             x14, x14, 0x3       x14=00000028 x14:00000005
20227229ns          335070 1c008d34 0ff57513 andi             x10, x10, 255       x10=00000065 x10:00000065
20227249ns          335071 1c008d38 ee873733 p.bclr           x14, x14, 23, 8     x14=00000028 x14:00000028
20227269ns          335072 1c008d3c 00d787b3 add              x15, x15, x13       x15=1a10f000 x15:00000000 x13:1a10f000
20227289ns          335073 1c008d3e 00a767a3 p.sw             x10, x0(x14)        x10:00000065 x14:00000028  PA:1a10f028
20227613ns          335089 1c008d42 00000513 addi             x10, x0, 0          x10=00000000
20227634ns          335090 1c008d44 00008067 jalr             x0, x1, 0            x1:1c008de0
20227674ns          335092 1c008de0 15f52063 p.beqimm         x10, 320            x10:00000000
20227694ns          335093 1c008de4 001a8a93 addi             x21, x21, 1         x21=00000019 x21:00000018
20227714ns          335094 1c008de6 00800d33 add              x26, x0, x8         x26=1c00099d  x8:1c00099d
20227735ns          335095 1c008de8 000d4503 lbu              x10, 0(x26)         x10=00000072 x26:1c00099d  PA:1c00099d
20228038ns          335110 1c008dec 001d0413 addi             x8, x26, 1           x8=1c00099e x26:1c00099d
20228059ns          335111 1c008df0 0c050b63 beq              x10, x0, 214        x10:00000072
20228079ns          335112 1c008df2 02500793 addi             x15, x0, 37         x15=00000025
20228099ns          335113 1c008df6 fef513e3 bne              x10, x15, -26       x10:00000072 x15:00000025
20228160ns          335116 1c008ddc 017005b3 add              x11, x0, x23        x11=00000002 x23:00000002
20228180ns          335117 1c008dde 000980e7 jalr             x1, x19, 0           x1=1c008de0 x19:1c008d20
20228220ns          335119 1c008d20 f14027f3 csrrs            x15, x0, 0xf14      x15=00000005
20228241ns          335120 1c008d24 1a10f6b7 lui              x13, 0x1a10f000     x13=1a10f000
20228261ns          335121 1c008d28 ca5797b3 p.extractu       x15, x15, 5, 5      x15=00000000 x15:00000005
20228281ns          335122 1c008d2c f1402773 csrrs            x14, x0, 0xf14      x14=00000005
20228301ns          335123 1c008d30 00779793 slli             x15, x15, 0x7       x15=00000000 x15:00000000
20228322ns          335124 1c008d32 00371713 slli             x14, x14, 0x3       x14=00000028 x14:00000005
20228342ns          335125 1c008d34 0ff57513 andi             x10, x10, 255       x10=00000072 x10:00000072
20228362ns          335126 1c008d38 ee873733 p.bclr           x14, x14, 23, 8     x14=00000028 x14:00000028
20228382ns          335127 1c008d3c 00d787b3 add              x15, x15, x13       x15=1a10f000 x15:00000000 x13:1a10f000
20228403ns          335128 1c008d3e 00a767a3 p.sw             x10, x0(x14)        x10:00000072 x14:00000028  PA:1a10f028
20228726ns          335144 1c008d42 00000513 addi             x10, x0, 0          x10=00000000
20228747ns          335145 1c008d44 00008067 jalr             x0, x1, 0            x1:1c008de0
20228787ns          335147 1c008de0 15f52063 p.beqimm         x10, 320            x10:00000000
20228807ns          335148 1c008de4 001a8a93 addi             x21, x21, 1         x21=0000001a x21:00000019
20228828ns          335149 1c008de6 00800d33 add              x26, x0, x8         x26=1c00099e  x8:1c00099e
20228848ns          335150 1c008de8 000d4503 lbu              x10, 0(x26)         x10=00000020 x26:1c00099e  PA:1c00099e
20229152ns          335165 1c008dec 001d0413 addi             x8, x26, 1           x8=1c00099f x26:1c00099e
20229172ns          335166 1c008df0 0c050b63 beq              x10, x0, 214        x10:00000020
20229192ns          335167 1c008df2 02500793 addi             x15, x0, 37         x15=00000025
20229212ns          335168 1c008df6 fef513e3 bne              x10, x15, -26       x10:00000020 x15:00000025
20229273ns          335171 1c008ddc 017005b3 add              x11, x0, x23        x11=00000002 x23:00000002
20229293ns          335172 1c008dde 000980e7 jalr             x1, x19, 0           x1=1c008de0 x19:1c008d20
20229334ns          335174 1c008d20 f14027f3 csrrs            x15, x0, 0xf14      x15=00000005
20229354ns          335175 1c008d24 1a10f6b7 lui              x13, 0x1a10f000     x13=1a10f000
20229374ns          335176 1c008d28 ca5797b3 p.extractu       x15, x15, 5, 5      x15=00000000 x15:00000005
20229394ns          335177 1c008d2c f1402773 csrrs            x14, x0, 0xf14      x14=00000005
20229415ns          335178 1c008d30 00779793 slli             x15, x15, 0x7       x15=00000000 x15:00000000
20229435ns          335179 1c008d32 00371713 slli             x14, x14, 0x3       x14=00000028 x14:00000005
20229455ns          335180 1c008d34 0ff57513 andi             x10, x10, 255       x10=00000020 x10:00000020
20229475ns          335181 1c008d38 ee873733 p.bclr           x14, x14, 23, 8     x14=00000028 x14:00000028
20229496ns          335182 1c008d3c 00d787b3 add              x15, x15, x13       x15=1a10f000 x15:00000000 x13:1a10f000
20229516ns          335183 1c008d3e 00a767a3 p.sw             x10, x0(x14)        x10:00000020 x14:00000028  PA:1a10f028
20229860ns          335200 1c008d42 00000513 addi             x10, x0, 0          x10=00000000
20229880ns          335201 1c008d44 00008067 jalr             x0, x1, 0            x1:1c008de0
20229921ns          335203 1c008de0 15f52063 p.beqimm         x10, 320            x10:00000000
20229941ns          335204 1c008de4 001a8a93 addi             x21, x21, 1         x21=0000001b x21:0000001a
20229961ns          335205 1c008de6 00800d33 add              x26, x0, x8         x26=1c00099f  x8:1c00099f
20229981ns          335206 1c008de8 000d4503 lbu              x10, 0(x26)         x10=00000025 x26:1c00099f  PA:1c00099f
20230285ns          335221 1c008dec 001d0413 addi             x8, x26, 1           x8=1c0009a0 x26:1c00099f
20230305ns          335222 1c008df0 0c050b63 beq              x10, x0, 214        x10:00000025
20230325ns          335223 1c008df2 02500793 addi             x15, x0, 37         x15=00000025
20230346ns          335224 1c008df6 fef513e3 bne              x10, x15, -26       x10:00000025 x15:00000025
20230366ns          335225 1c008dfa 00012a23 sw               x0, 20(x2)           x2:10001b38  PA:10001b4c
20230386ns          335226 1c008dfc 00012823 sw               x0, 16(x2)           x2:10001b38  PA:10001b48
20230406ns          335227 1c008dfe 00012623 sw               x0, 12(x2)           x2:10001b38  PA:10001b44
20230427ns          335228 1c008e00 00012423 sw               x0, 8(x2)            x2:10001b38  PA:10001b40
20230447ns          335229 1c008e02 00012223 sw               x0, 4(x2)            x2:10001b38  PA:10001b3c
20230467ns          335230 1c008e04 02300493 addi             x9, x0, 35           x9=00000023
20230487ns          335231 1c008e08 02d00b13 addi             x22, x0, 45         x22=0000002d
20230508ns          335232 1c008e0c 00044c83 lbu              x25, 0(x8)          x25=00000064  x8:1c0009a0  PA:1c0009a0
20230852ns          335249 1c008e10 00140913 addi             x18, x8, 1          x18=1c0009a1  x8:1c0009a0
20230872ns          335250 1c008e14 019005b3 add              x11, x0, x25        x11=00000064 x25:00000064
20230892ns          335251 1c008e16 9d0c0513 addi             x10, x24, -1584     x10=1c0009d0 x24:1c001000
20230912ns          335252 1c008e1a 01200d33 add              x26, x0, x18        x26=1c0009a1 x18:1c0009a1
20230933ns          335253 1c008e1c 01900db3 add              x27, x0, x25        x27=00000064 x25:00000064
20230953ns          335254 1c008e1e e89ff0ef jal              x1, -376             x1=1c008e20
20231803ns          335296 1c008ca6 00054783 lbu              x15, 0(x10)         x15=0000002d x10:1c0009d0  PA:1c0009d0
20232107ns          335311 1c008caa 0ff5f593 andi             x11, x11, 255       x11=00000064 x11:00000064
20232127ns          335312 1c008cae 00b78c63 beq              x15, x11, 24        x15:0000002d x11:00000064
20232147ns          335313 1c008cb2 00078b63 beq              x15, x0, 22         x15:0000002d
20232167ns          335314 1c008cb4 00150793 addi             x15, x10, 1         x15=1c0009d1 x10:1c0009d0
20232188ns          335315 1c008cb8 0040006f jal              x0, 4              
20232633ns          335337 1c008cbc 00f00533 add              x10, x0, x15        x10=1c0009d1 x15:1c0009d1
20232653ns          335338 1c008cbe 0017c70b p.lbu            x14, 1(x15!)        x14=0000002b x15=1c0009d2 x15:1c0009d1  PA:1c0009d1
20233159ns          335363 1c008cc2 feb71ce3 bne              x14, x11, -8        x14:0000002b x11:00000064
20233220ns          335366 1c008cba 00070763 beq              x14, x0, 14         x14:0000002b
20233240ns          335367 1c008cbc 00f00533 add              x10, x0, x15        x10=1c0009d2 x15:1c0009d2
20233260ns          335368 1c008cbe 0017c70b p.lbu            x14, 1(x15!)        x14=00000020 x15=1c0009d3 x15:1c0009d2  PA:1c0009d2
20233584ns          335384 1c008cc2 feb71ce3 bne              x14, x11, -8        x14:00000020 x11:00000064
20233645ns          335387 1c008cba 00070763 beq              x14, x0, 14         x14:00000020
20233665ns          335388 1c008cbc 00f00533 add              x10, x0, x15        x10=1c0009d3 x15:1c0009d3
20233685ns          335389 1c008cbe 0017c70b p.lbu            x14, 1(x15!)        x14=00000023 x15=1c0009d4 x15:1c0009d3  PA:1c0009d3
20234009ns          335405 1c008cc2 feb71ce3 bne              x14, x11, -8        x14:00000023 x11:00000064
20234070ns          335408 1c008cba 00070763 beq              x14, x0, 14         x14:00000023
20234090ns          335409 1c008cbc 00f00533 add              x10, x0, x15        x10=1c0009d4 x15:1c0009d4
20234110ns          335410 1c008cbe 0017c70b p.lbu            x14, 1(x15!)        x14=00000030 x15=1c0009d5 x15:1c0009d4  PA:1c0009d4
20234434ns          335426 1c008cc2 feb71ce3 bne              x14, x11, -8        x14:00000030 x11:00000064
20234495ns          335429 1c008cba 00070763 beq              x14, x0, 14         x14:00000030
20234515ns          335430 1c008cbc 00f00533 add              x10, x0, x15        x10=1c0009d5 x15:1c0009d5
20234535ns          335431 1c008cbe 0017c70b p.lbu            x14, 1(x15!)        x14=00000000 x15=1c0009d6 x15:1c0009d5  PA:1c0009d5
20234859ns          335447 1c008cc2 feb71ce3 bne              x14, x11, -8        x14:00000000 x11:00000064
20234920ns          335450 1c008cba 00070763 beq              x14, x0, 14         x14:00000000
20234981ns          335453 1c008cc8 0015b593 sltiu            x11, x11, 1         x11=00000000 x11:00000064
20235001ns          335454 1c008ccc 40b005b3 sub              x11, x0, x11        x11=00000000 x11:00000000
20235021ns          335455 1c008cd0 00b57533 and              x10, x10, x11       x10=00000000 x10:1c0009d5 x11:00000000
20235041ns          335456 1c008cd2 00008067 jalr             x0, x1, 0            x1:1c008e20
20235082ns          335458 1c008e20 02050b63 beq              x10, x0, 54         x10:00000000
20235304ns          335469 1c008e56 02a00693 addi             x13, x0, 42         x13=0000002a
20235325ns          335470 1c008e5a 2edc8263 beq              x25, x13, 740       x25:00000064 x13:0000002a
20235709ns          335489 1c008e5e fd0c8693 addi             x13, x25, -48       x13=00000034 x25:00000064
20235730ns          335490 1c008e62 00900593 addi             x11, x0, 9          x11=00000009
20235750ns          335491 1c008e64 00000b13 addi             x22, x0, 0          x22=00000000
20235770ns          335492 1c008e66 0cd5fd63 bgeu             x11, x13, 218       x11:00000009 x13:00000034
20235790ns          335493 1c008e6a 02e00793 addi             x15, x0, 46         x15=0000002e
20236215ns          335514 1c008e6e 28fd8663 beq              x27, x15, 652       x27:00000064 x15:0000002e
20236236ns          335515 1c008e72 01b00433 add              x8, x0, x27          x8=00000064 x27:00000064
20236256ns          335516 1c008e74 fff00493 addi             x9, x0, -1           x9=ffffffff
20236276ns          335517 1c008e76 1c001737 lui              x14, 0x1c001000     x14=1c001000
20236296ns          335518 1c008e7a 01b005b3 add              x11, x0, x27        x11=00000064 x27:00000064
20236316ns          335519 1c008e7c 9d870513 addi             x10, x14, -1576     x10=1c0009d8 x14:1c001000
20236742ns          335540 1c008e80 e27ff0ef jal              x1, -474             x1=1c008e82
20236802ns          335543 1c008ca6 00054783 lbu              x15, 0(x10)         x15=00000068 x10:1c0009d8  PA:1c0009d8
20237106ns          335558 1c008caa 0ff5f593 andi             x11, x11, 255       x11=00000064 x11:00000064
20237126ns          335559 1c008cae 00b78c63 beq              x15, x11, 24        x15:00000068 x11:00000064
20237146ns          335560 1c008cb2 00078b63 beq              x15, x0, 22         x15:00000068
20237167ns          335561 1c008cb4 00150793 addi             x15, x10, 1         x15=1c0009d9 x10:1c0009d8
20237187ns          335562 1c008cb8 0040006f jal              x0, 4              
20237227ns          335564 1c008cbc 00f00533 add              x10, x0, x15        x10=1c0009d9 x15:1c0009d9
20237248ns          335565 1c008cbe 0017c70b p.lbu            x14, 1(x15!)        x14=0000006c x15=1c0009da x15:1c0009d9  PA:1c0009d9
20237571ns          335581 1c008cc2 feb71ce3 bne              x14, x11, -8        x14:0000006c x11:00000064
20237632ns          335584 1c008cba 00070763 beq              x14, x0, 14         x14:0000006c
20237652ns          335585 1c008cbc 00f00533 add              x10, x0, x15        x10=1c0009da x15:1c0009da
20237673ns          335586 1c008cbe 0017c70b p.lbu            x14, 1(x15!)        x14=0000007a x15=1c0009db x15:1c0009da  PA:1c0009da
20237996ns          335602 1c008cc2 feb71ce3 bne              x14, x11, -8        x14:0000007a x11:00000064
20238057ns          335605 1c008cba 00070763 beq              x14, x0, 14         x14:0000007a
20238077ns          335606 1c008cbc 00f00533 add              x10, x0, x15        x10=1c0009db x15:1c0009db
20238098ns          335607 1c008cbe 0017c70b p.lbu            x14, 1(x15!)        x14=00000000 x15=1c0009dc x15:1c0009db  PA:1c0009db
20238421ns          335623 1c008cc2 feb71ce3 bne              x14, x11, -8        x14:00000000 x11:00000064
20238482ns          335626 1c008cba 00070763 beq              x14, x0, 14         x14:00000000
20238543ns          335629 1c008cc8 0015b593 sltiu            x11, x11, 1         x11=00000000 x11:00000064
20238563ns          335630 1c008ccc 40b005b3 sub              x11, x0, x11        x11=00000000 x11:00000000
20238583ns          335631 1c008cd0 00b57533 and              x10, x10, x11       x10=00000000 x10:1c0009db x11:00000000
20238604ns          335632 1c008cd2 00008067 jalr             x0, x1, 0            x1:1c008e82
20238644ns          335634 1c008e82 00000793 addi             x15, x0, 0          x15=00000000
20238664ns          335635 1c008e84 00050f63 beq              x10, x0, 30         x10:00000000
20239130ns          335658 1c008ea2 06700693 addi             x13, x0, 103        x13=00000067
20239150ns          335659 1c008ea6 0bb6ee63 bltu             x13, x27, 188       x13:00000067 x27:00000064
20239170ns          335660 1c008eaa 06500693 addi             x13, x0, 101        x13=00000065
20239555ns          335679 1c008eae 3addf2e3 bgeu             x27, x13, 2980      x27:00000064 x13:00000065
20239595ns          335681 1c008eb2 04700693 addi             x13, x0, 71         x13=00000047
20239616ns          335682 1c008eb6 39b6ed63 bltu             x13, x27, 922       x13:00000047 x27:00000064
20240425ns          335722 1c009250 06300693 addi             x13, x0, 99         x13=00000063
20240466ns          335724 1c009254 70dd8c63 beq              x27, x13, 1816      x27:00000064 x13:00000063
20240486ns          335725 1c009258 d3b6e5e3 bltu             x13, x27, -726      x13:00000063 x27:00000064
20241437ns          335772 1c008f82 06c00693 addi             x13, x0, 108        x13=0000006c
20241457ns          335773 1c008f86 00d78a63 beq              x15, x13, 20        x15:00000000 x13:0000006c
20241478ns          335774 1c008f8a 07a00693 addi             x13, x0, 122        x13=0000007a
20241882ns          335794 1c008f8e 00d78663 beq              x15, x13, 12        x15:00000000 x13:0000007a
20241923ns          335796 1c008f92 04c00693 addi             x13, x0, 76         x13=0000004c
20241943ns          335797 1c008f96 5ed78de3 beq              x15, x13, 3578      x15:00000000 x13:0000004c
20241963ns          335798 1c008f9a 000a2783 lw               x15, 0(x20)         x15=00000000 x20:10001bdc  PA:10001bdc
20241984ns          335799 1c008f9e 004a0a13 addi             x20, x20, 4         x20=10001be0 x20:10001bdc
20242368ns          335818 1c008fa0 41f7d713 srai             x14, x15, 0x41f     x14=00000000 x15:00000000
20242409ns          335820 1c008fa4 01412e23 sw               x20, 28(x2)         x20:10001be0  x2:10001b38  PA:10001b54
20242429ns          335821 1c008fa6 00e12223 sw               x14, 4(x2)          x14:00000000  x2:10001b38  PA:10001b3c
20242449ns          335822 1c008fa8 4e0741e3 blt              x14, x0, 3298       x14:00000000
20242469ns          335823 1c008fac 00c12703 lw               x14, 12(x2)         x14=00000000  x2:10001b38  PA:10001b44
20242834ns          335841 1c008fae 440709e3 beq              x14, x0, 3154       x14:00000000
20243299ns          335864 1c009c00 01012703 lw               x14, 16(x2)         x14=00000000  x2:10001b38  PA:10001b48
20243340ns          335866 1c009c02 22070063 beq              x14, x0, 544        x14:00000000
20243785ns          335888 1c009e22 00412c83 lw               x25, 4(x2)          x25=00000000  x2:10001b38  PA:10001b3c
20243826ns          335890 1c009e24 02410a13 addi             x20, x2, 36         x20=10001b5c  x2:10001b38
20243846ns          335891 1c009e28 998ff06f jal              x0, -3688          
20244251ns          335911 1c008fc0 00f00433 add              x8, x0, x15          x8=00000000 x15:00000000
20244271ns          335912 1c008fc2 01400db3 add              x27, x0, x20        x27=10001b5c x20:10001b5c
20244291ns          335913 1c008fc4 0040006f jal              x0, 4              
20244332ns          335915 1c008fc8 00a00613 addi             x12, x0, 10         x12=0000000a
20244352ns          335916 1c008fca 00000693 addi             x13, x0, 0          x13=00000000
20244372ns          335917 1c008fcc 00800533 add              x10, x0, x8         x10=00000000  x8:00000000
20244392ns          335918 1c008fce 019005b3 add              x11, x0, x25        x11=00000000 x25:00000000
20244716ns          335934 1c008fd0 c2aff0ef jal              x1, -3030            x1=1c008fd4
20245161ns          335956 1c0083fa 00c008b3 add              x17, x0, x12        x17=0000000a x12:0000000a
20245202ns          335958 1c0083fc 00d00733 add              x14, x0, x13        x14=00000000 x13:00000000
20245222ns          335959 1c0083fe 00a007b3 add              x15, x0, x10        x15=00000000 x10:00000000
20245647ns          335980 1c008400 00b00833 add              x16, x0, x11        x16=00000000 x11:00000000
20245688ns          335982 1c008402 1c069863 bne              x13, x0, 464        x13:00000000
20245708ns          335983 1c008406 1c0016b7 lui              x13, 0x1c001000     x13=1c001000
20245728ns          335984 1c00840a 86868693 addi             x13, x13, -1944     x13=1c000868 x13:1c001000
20246133ns          336004 1c00840e 0ac5f863 bgeu             x11, x12, 176       x11:00000000 x12:0000000a
20246153ns          336005 1c008412 00010337 lui              x6, 0x10000          x6=00010000
20246173ns          336006 1c008414 08667e63 bgeu             x12, x6, 156        x12:0000000a  x6:00010000
20246194ns          336007 1c008418 0ff00313 addi             x6, x0, 255          x6=000000ff
20246214ns          336008 1c00841c 00c37363 bgeu             x6, x12, 6           x6:000000ff x12:0000000a
20246679ns          336031 1c008422 00e65333 srl              x6, x12, x14         x6=0000000a x12:0000000a x14:00000000
20246700ns          336032 1c008426 006686b3 add              x13, x13, x6        x13=1c000872 x13:1c000868  x6:0000000a
20246720ns          336033 1c008428 0006ce03 lbu              x28, 0(x13)         x28=00000004 x13:1c000872  PA:1c000872
20247185ns          336056 1c00842c 02000313 addi             x6, x0, 32           x6=00000020
20247206ns          336057 1c008430 00ee0e33 add              x28, x28, x14       x28=00000004 x28:00000004 x14:00000000
20247226ns          336058 1c008432 41c30333 sub              x6, x6, x28          x6=0000001c  x6:00000020 x28:00000004
20247246ns          336059 1c008436 00030c63 beq              x6, x0, 24           x6:0000001c
20247266ns          336060 1c00843a 006595b3 sll              x11, x11, x6        x11=00000000 x11:00000000  x6:0000001c
20247570ns          336075 1c00843e 01c55e33 srl              x28, x10, x28       x28=00000000 x10:00000000 x28:00000004
20247610ns          336077 1c008442 006618b3 sll              x17, x12, x6        x17=a0000000 x12:0000000a  x6:0000001c
20247631ns          336078 1c008446 00be6833 or               x16, x28, x11       x16=00000000 x28:00000000 x11:00000000
20247651ns          336079 1c00844a 006517b3 sll              x15, x10, x6        x15=00000000 x10:00000000  x6:0000001c
20248015ns          336097 1c00844e 0108d613 srli             x12, x17, 0x10      x12=0000a000 x17:a0000000
20248056ns          336099 1c008452 02c87733 remu             x14, x16, x12       x14=00000000 x16:00000000 x12:0000a000
20248440ns          336118 1c008456 02c85833 divu             x16, x16, x12       x16=00000000 x16:00000000 x12:0000a000
20248825ns          336137 1c00845a 01089513 slli             x10, x17, 0x10      x10=00000000 x17:a0000000
20248845ns          336138 1c00845e 01055513 srli             x10, x10, 0x10      x10=00000000 x10:00000000
20248865ns          336139 1c008460 01071713 slli             x14, x14, 0x10      x14=00000000 x14:00000000
20248886ns          336140 1c008462 0107d693 srli             x13, x15, 0x10      x13=00000000 x15:00000000
20248906ns          336141 1c008466 03050833 mul              x16, x10, x16       x16=00000000 x10:00000000 x16:00000000
20248926ns          336142 1c00846a 00e6e6b3 or               x13, x13, x14       x13=00000000 x13:00000000 x14:00000000
20248946ns          336143 1c00846c 0106f863 bgeu             x13, x16, 16        x13:00000000 x16:00000000
20249392ns          336165 1c00847c 410686b3 sub              x13, x13, x16       x13=00000000 x13:00000000 x16:00000000
20249837ns          336187 1c008480 02c6f733 remu             x14, x13, x12       x14=00000000 x13:00000000 x12:0000a000
20250242ns          336207 1c008484 02c6d6b3 divu             x13, x13, x12       x13=00000000 x13:00000000 x12:0000a000
20250626ns          336226 1c008488 01079793 slli             x15, x15, 0x10      x15=00000000 x15:00000000
20250646ns          336227 1c00848a 02d506b3 mul              x13, x10, x13       x13=00000000 x10:00000000 x13:00000000
20250667ns          336228 1c00848e 0107d793 srli             x15, x15, 0x10      x15=00000000 x15:00000000
20250687ns          336229 1c008490 01071513 slli             x10, x14, 0x10      x10=00000000 x14:00000000
20250707ns          336230 1c008494 00a7e7b3 or               x15, x15, x10       x15=00000000 x15:00000000 x10:00000000
20250727ns          336231 1c008496 00d7f863 bgeu             x15, x13, 16        x15:00000000 x13:00000000
20251173ns          336253 1c0084a6 40d787b3 sub              x15, x15, x13       x15=00000000 x15:00000000 x13:00000000
20251193ns          336254 1c0084a8 0067d533 srl              x10, x15, x6        x10=00000000 x15:00000000  x6:0000001c
20251213ns          336255 1c0084ac 00000593 addi             x11, x0, 0          x11=00000000
20251233ns          336256 1c0084ae 00008067 jalr             x0, x1, 0            x1:1c008fd4
20251638ns          336276 1c008fd4 00a00933 add              x18, x0, x10        x18=00000000 x10:00000000
20251658ns          336277 1c008fd6 019005b3 add              x11, x0, x25        x11=00000000 x25:00000000
20251679ns          336278 1c008fd8 00800533 add              x10, x0, x8         x10=00000000  x8:00000000
20251699ns          336279 1c008fda 00a00613 addi             x12, x0, 10         x12=0000000a
20251719ns          336280 1c008fdc 00000693 addi             x13, x0, 0          x13=00000000
20252043ns          336296 1c008fde 8beff0ef jal              x1, -3906            x1=1c008fe2
20252083ns          336298 1c00809c 00b007b3 add              x15, x0, x11        x15=00000000 x11:00000000
20252104ns          336299 1c00809e 00c00833 add              x16, x0, x12        x16=0000000a x12:0000000a
20252549ns          336321 1c0080a0 00d008b3 add              x17, x0, x13        x17=00000000 x13:00000000
20252569ns          336322 1c0080a2 00a00333 add              x6, x0, x10          x6=00000000 x10:00000000
20252589ns          336323 1c0080a4 20069663 bne              x13, x0, 524        x13:00000000
20252610ns          336324 1c0080a8 1c001737 lui              x14, 0x1c001000     x14=1c001000
20252630ns          336325 1c0080ac 86870713 addi             x14, x14, -1944     x14=1c000868 x14:1c001000
20253014ns          336344 1c0080b0 0ac5fe63 bgeu             x11, x12, 188       x11:00000000 x12:0000000a
20253055ns          336346 1c0080b4 000106b7 lui              x13, 0x10000        x13=00010000
20253075ns          336347 1c0080b6 0ad67463 bgeu             x12, x13, 168       x12:0000000a x13:00010000
20253095ns          336348 1c0080ba 0ff00693 addi             x13, x0, 255        x13=000000ff
20253500ns          336368 1c0080be 00c6b6b3 sltu             x13, x13, x12       x13=00000000 x13:000000ff x12:0000000a
20253520ns          336369 1c0080c2 00369693 slli             x13, x13, 0x3       x13=00000000 x13:00000000
20253541ns          336370 1c0080c4 00d658b3 srl              x17, x12, x13       x17=0000000a x12:0000000a x13:00000000
20253561ns          336371 1c0080c8 01170733 add              x14, x14, x17       x14=1c000872 x14:1c000868 x17:0000000a
20253581ns          336372 1c0080ca 00074703 lbu              x14, 0(x14)         x14=00000004 x14:1c000872  PA:1c000872
20254047ns          336395 1c0080ce 00e686b3 add              x13, x13, x14       x13=00000004 x13:00000000 x14:00000004
20254067ns          336396 1c0080d0 02000713 addi             x14, x0, 32         x14=00000020
20254087ns          336397 1c0080d4 40d70733 sub              x14, x14, x13       x14=0000001c x14:00000020 x13:00000004
20254107ns          336398 1c0080d6 00070b63 beq              x14, x0, 22         x14:0000001c
20254128ns          336399 1c0080d8 00e797b3 sll              x15, x15, x14       x15=00000000 x15:00000000 x14:0000001c
20254148ns          336400 1c0080dc 00d556b3 srl              x13, x10, x13       x13=00000000 x10:00000000 x13:00000004
20254431ns          336414 1c0080e0 00e61833 sll              x16, x12, x14       x16=a0000000 x12:0000000a x14:0000001c
20254472ns          336416 1c0080e4 00f6e5b3 or               x11, x13, x15       x11=00000000 x13:00000000 x15:00000000
20254492ns          336417 1c0080e8 00e51333 sll              x6, x10, x14         x6=00000000 x10:00000000 x14:0000001c
20254512ns          336418 1c0080ec 01085513 srli             x10, x16, 0x10      x10=0000a000 x16:a0000000
20254937ns          336439 1c0080f0 02a5f733 remu             x14, x11, x10       x14=00000000 x11:00000000 x10:0000a000
20255342ns          336459 1c0080f4 02a5d7b3 divu             x15, x11, x10       x15=00000000 x11:00000000 x10:0000a000
20255727ns          336478 1c0080f8 01081613 slli             x12, x16, 0x10      x12=00000000 x16:a0000000
20255747ns          336479 1c0080fc 01071713 slli             x14, x14, 0x10      x14=00000000 x14:00000000
20255767ns          336480 1c0080fe 01065613 srli             x12, x12, 0x10      x12=00000000 x12:00000000
20255787ns          336481 1c008100 01035693 srli             x13, x6, 0x10       x13=00000000  x6:00000000
20255808ns          336482 1c008104 00e6e6b3 or               x13, x13, x14       x13=00000000 x13:00000000 x14:00000000
20255828ns          336483 1c008106 02f605b3 mul              x11, x12, x15       x11=00000000 x12:00000000 x15:00000000
20255848ns          336484 1c00810a 00f00733 add              x14, x0, x15        x14=00000000 x15:00000000
20255868ns          336485 1c00810c 00b6fc63 bgeu             x13, x11, 24        x13:00000000 x11:00000000
20256698ns          336526 1c008124 40b686b3 sub              x13, x13, x11       x13=00000000 x13:00000000 x11:00000000
20256739ns          336528 1c008126 02a6f7b3 remu             x15, x13, x10       x15=00000000 x13:00000000 x10:0000a000
20257123ns          336547 1c00812a 02a6d6b3 divu             x13, x13, x10       x13=00000000 x13:00000000 x10:0000a000
20257508ns          336566 1c00812e 01031313 slli             x6, x6, 0x10         x6=00000000  x6:00000000
20257528ns          336567 1c008130 01079793 slli             x15, x15, 0x10      x15=00000000 x15:00000000
20257548ns          336568 1c008132 01035313 srli             x6, x6, 0x10         x6=00000000  x6:00000000
20257568ns          336569 1c008136 02d605b3 mul              x11, x12, x13       x11=00000000 x12:00000000 x13:00000000
20257589ns          336570 1c00813a 0067e333 or               x6, x15, x6          x6=00000000 x15:00000000  x6:00000000
20257609ns          336571 1c00813e 00d00533 add              x10, x0, x13        x10=00000000 x13:00000000
20257973ns          336589 1c008140 00b37b63 bgeu             x6, x11, 22          x6:00000000 x11:00000000
20258378ns          336609 1c008156 01071713 slli             x14, x14, 0x10      x14=00000000 x14:00000000
20258419ns          336611 1c008158 00a76733 or               x14, x14, x10       x14=00000000 x14:00000000 x10:00000000
20258439ns          336612 1c00815a 00000593 addi             x11, x0, 0          x11=00000000
20258459ns          336613 1c00815c 0b20006f jal              x0, 178            
20259329ns          336656 1c00820e 00e00533 add              x10, x0, x14        x10=00000000 x14:00000000
20259754ns          336677 1c008210 00008067 jalr             x0, x1, 0            x1:1c008fe2
20259876ns          336683 1c008fe2 03090913 addi             x18, x18, 48        x18=00000030 x18:00000000
20259896ns          336684 1c008fe6 012d8023 sb               x18, 0(x27)         x18:00000030 x27:10001b5c  PA:10001b5c
20259916ns          336685 1c008fea 00a5e7b3 or               x15, x11, x10       x15=00000000 x11:00000000 x10:00000000
20260281ns          336703 1c008fee 001d8913 addi             x18, x27, 1         x18=10001b5d x27:10001b5c
20260301ns          336704 1c008ff2 00a00433 add              x8, x0, x10          x8=00000000 x10:00000000
20260321ns          336705 1c008ff4 00b00cb3 add              x25, x0, x11        x25=00000000 x11:00000000
20260341ns          336706 1c008ff6 fc0798e3 bne              x15, x0, -48        x15:00000000
20260362ns          336707 1c008ff8 00090023 sb               x0, 0(x18)          x18:10001b5d  PA:10001b5d
20260382ns          336708 1c008ffc 01ba7d63 bgeu             x20, x27, 26        x20:10001b5c x27:10001b5c
20261232ns          336750 1c009016 00012783 lw               x15, 0(x2)          x15=10001b5c  x2:10001b38  PA:10001b38
20261272ns          336752 1c009018 00c12703 lw               x14, 12(x2)         x14=00000000  x2:10001b38  PA:10001b44
20261293ns          336753 1c00901a 40f90933 sub              x18, x18, x15       x18=00000001 x18:10001b5d x15:10001b5c
20261697ns          336773 1c00901e 3c071de3 bne              x14, x0, 3034       x14:00000000
20261718ns          336774 1c009022 01012783 lw               x15, 16(x2)         x15=00000000  x2:10001b38  PA:10001b48
20261758ns          336776 1c009024 3c079ae3 bne              x15, x0, 3028       x15:00000000
20261778ns          336777 1c009028 00412703 lw               x14, 4(x2)          x14=00000000  x2:10001b38  PA:10001b3c
20261839ns          336780 1c00902a 01f75713 srli             x14, x14, 0x1f      x14=00000000 x14:00000000
20261859ns          336781 1c00902c 00e12223 sw               x14, 4(x2)          x14:00000000  x2:10001b38  PA:10001b3c
20262163ns          336796 1c00902e 3404c463 blt              x9, x0, 840          x9:ffffffff
20262588ns          336817 1c009376 00000c93 addi             x25, x0, 0          x25=00000000
20262628ns          336819 1c009378 00012c23 sw               x0, 24(x2)           x2:10001b38  PA:10001b50
20262649ns          336820 1c00937a 00000a13 addi             x20, x0, 0          x20=00000000
20262669ns          336821 1c00937c 01412783 lw               x15, 20(x2)         x15=00000000  x2:10001b38  PA:10001b4c
20263094ns          336842 1c00937e 5e078163 beq              x15, x0, 1506       x15:00000000
20263479ns          336861 1c009960 412b0b33 sub              x22, x22, x18       x22=ffffffff x22:00000000 x18:00000001
20263519ns          336863 1c009964 02410413 addi             x8, x2, 36           x8=10001b5c  x2:10001b38
20263539ns          336864 1c009966 00000493 addi             x9, x0, 0            x9=00000000
20263560ns          336865 1c009968 ee6ff06f jal              x0, -2330          
20264430ns          336908 1c00904e 00812703 lw               x14, 8(x2)          x14=00000000  x2:10001b38  PA:10001b40
20264814ns          336927 1c009050 02071063 bne              x14, x0, 32         x14:00000000
20264855ns          336929 1c009052 01605f63 bge              x0, x22, 30         x22:ffffffff
20265320ns          336952 1c009070 00412783 lw               x15, 4(x2)          x15=00000000  x2:10001b38  PA:10001b3c
20265361ns          336954 1c009072 00f40db3 add              x27, x8, x15        x27=10001b5c  x8:10001b5c x15:00000000
20265381ns          336955 1c009076 00c0006f jal              x0, 12             
20265847ns          336978 1c009082 017005b3 add              x11, x0, x23        x11=00000002 x23:00000002
20265887ns          336980 1c009084 ffb41ae3 bne              x8, x27, -12         x8:10001b5c x27:10001b5c
20265907ns          336981 1c009088 00900db3 add              x27, x0, x9         x27=00000000  x9:00000000
20265928ns          336982 1c00908a 0080006f jal              x0, 8              
20266373ns          337004 1c009092 fffd8d93 addi             x27, x27, -1        x27=ffffffff x27:00000000
20266393ns          337005 1c009094 017005b3 add              x11, x0, x23        x11=00000002 x23:00000002
20266413ns          337006 1c009096 03000513 addi             x10, x0, 48         x10=00000030
20266434ns          337007 1c00909a fffdb9e3 p.bneimm         x27, -14            x27:ffffffff
20266454ns          337008 1c00909e 00412703 lw               x14, 4(x2)          x14=00000000  x2:10001b38  PA:10001b3c
20266838ns          337027 1c0090a0 40e90933 sub              x18, x18, x14       x18=00000001 x18:00000001 x14:00000000
20266879ns          337029 1c0090a4 01212423 sw               x18, 8(x2)          x18:00000001  x2:10001b38  PA:10001b40
20266919ns          337031 1c0090a6 e40a15e3 bne              x20, x0, -438       x20:00000000
20266940ns          337032 1c0090aa 01812783 lw               x15, 24(x2)         x15=00000000  x2:10001b38  PA:10001b50
20266980ns          337034 1c0090ac 16079763 bne              x15, x0, 366        x15:00000000
20267304ns          337050 1c0090b0 120c8863 beq              x25, x0, 304        x25:00000000
20267709ns          337070 1c0091e0 017005b3 add              x11, x0, x23        x11=00000002 x23:00000002
20267749ns          337072 1c0091e2 ff2049e3 blt              x0, x18, -14        x18:00000001
20268194ns          337094 1c0091d4 0014450b p.lbu            x10, 1(x8!)         x10=00000030  x8=10001b5d  x8:10001b5c  PA:10001b5c
20268235ns          337096 1c0091d8 fff90913 addi             x18, x18, -1        x18=00000000 x18:00000001
20268255ns          337097 1c0091da 000980e7 jalr             x1, x19, 0           x1=1c0091dc x19:1c008d20
20268336ns          337101 1c008d20 f14027f3 csrrs            x15, x0, 0xf14      x15=00000005
20268377ns          337103 1c008d24 1a10f6b7 lui              x13, 0x1a10f000     x13=1a10f000
20268397ns          337104 1c008d28 ca5797b3 p.extractu       x15, x15, 5, 5      x15=00000000 x15:00000005
20268417ns          337105 1c008d2c f1402773 csrrs            x14, x0, 0xf14      x14=00000005
20268862ns          337127 1c008d30 00779793 slli             x15, x15, 0x7       x15=00000000 x15:00000000
20268883ns          337128 1c008d32 00371713 slli             x14, x14, 0x3       x14=00000028 x14:00000005
20268903ns          337129 1c008d34 0ff57513 andi             x10, x10, 255       x10=00000030 x10:00000030
20268923ns          337130 1c008d38 ee873733 p.bclr           x14, x14, 23, 8     x14=00000028 x14:00000028
20268943ns          337131 1c008d3c 00d787b3 add              x15, x15, x13       x15=1a10f000 x15:00000000 x13:1a10f000
20269348ns          337151 1c008d3e 00a767a3 p.sw             x10, x0(x14)        x10:00000030 x14:00000028  PA:1a10f028
20269874ns          337177 1c008d42 00000513 addi             x10, x0, 0          x10=00000000
20269895ns          337178 1c008d44 00008067 jalr             x0, x1, 0            x1:1c0091dc
20269976ns          337182 1c0091dc d5f522e3 p.beqimm         x10, -700           x10:00000000
20270016ns          337184 1c0091e0 017005b3 add              x11, x0, x23        x11=00000002 x23:00000002
20270036ns          337185 1c0091e2 ff2049e3 blt              x0, x18, -14        x18:00000000
20270057ns          337186 1c0091e6 00412783 lw               x15, 4(x2)          x15=00000000  x2:10001b38  PA:10001b3c
20270077ns          337187 1c0091e8 01c12a03 lw               x20, 28(x2)         x20=10001be0  x2:10001b38  PA:10001b54
20270097ns          337188 1c0091ea 00fa8733 add              x14, x21, x15       x14=0000001b x21:0000001b x15:00000000
20270117ns          337189 1c0091ee 00812783 lw               x15, 8(x2)          x15=00000001  x2:10001b38  PA:10001b40
20270259ns          337196 1c0091f0 00970733 add              x14, x14, x9        x14=0000001b x14:0000001b  x9:00000000
20270299ns          337198 1c0091f2 00e78ab3 add              x21, x15, x14       x21=0000001c x15:00000001 x14:0000001b
20270320ns          337199 1c0091f6 bf6059e3 bge              x0, x22, -1038      x22:ffffffff
20270866ns          337226 1c008de8 000d4503 lbu              x10, 0(x26)         x10=00000020 x26:1c0009a1  PA:1c0009a1
20271190ns          337242 1c008dec 001d0413 addi             x8, x26, 1           x8=1c0009a2 x26:1c0009a1
20271210ns          337243 1c008df0 0c050b63 beq              x10, x0, 214        x10:00000020
20271230ns          337244 1c008df2 02500793 addi             x15, x0, 37         x15=00000025
20271251ns          337245 1c008df6 fef513e3 bne              x10, x15, -26       x10:00000020 x15:00000025
20271413ns          337253 1c008ddc 017005b3 add              x11, x0, x23        x11=00000002 x23:00000002
20271433ns          337254 1c008dde 000980e7 jalr             x1, x19, 0           x1=1c008de0 x19:1c008d20
20271473ns          337256 1c008d20 f14027f3 csrrs            x15, x0, 0xf14      x15=00000005
20271494ns          337257 1c008d24 1a10f6b7 lui              x13, 0x1a10f000     x13=1a10f000
20271514ns          337258 1c008d28 ca5797b3 p.extractu       x15, x15, 5, 5      x15=00000000 x15:00000005
20271534ns          337259 1c008d2c f1402773 csrrs            x14, x0, 0xf14      x14=00000005
20271554ns          337260 1c008d30 00779793 slli             x15, x15, 0x7       x15=00000000 x15:00000000
20271575ns          337261 1c008d32 00371713 slli             x14, x14, 0x3       x14=00000028 x14:00000005
20271595ns          337262 1c008d34 0ff57513 andi             x10, x10, 255       x10=00000020 x10:00000020
20271615ns          337263 1c008d38 ee873733 p.bclr           x14, x14, 23, 8     x14=00000028 x14:00000028
20271635ns          337264 1c008d3c 00d787b3 add              x15, x15, x13       x15=1a10f000 x15:00000000 x13:1a10f000
20271656ns          337265 1c008d3e 00a767a3 p.sw             x10, x0(x14)        x10:00000020 x14:00000028  PA:1a10f028
20272242ns          337294 1c008d42 00000513 addi             x10, x0, 0          x10=00000000
20272263ns          337295 1c008d44 00008067 jalr             x0, x1, 0            x1:1c008de0
20272303ns          337297 1c008de0 15f52063 p.beqimm         x10, 320            x10:00000000
20272323ns          337298 1c008de4 001a8a93 addi             x21, x21, 1         x21=0000001d x21:0000001c
20272344ns          337299 1c008de6 00800d33 add              x26, x0, x8         x26=1c0009a2  x8:1c0009a2
20272364ns          337300 1c008de8 000d4503 lbu              x10, 0(x26)         x10=00000063 x26:1c0009a2  PA:1c0009a2
20272668ns          337315 1c008dec 001d0413 addi             x8, x26, 1           x8=1c0009a3 x26:1c0009a2
20272688ns          337316 1c008df0 0c050b63 beq              x10, x0, 214        x10:00000063
20272708ns          337317 1c008df2 02500793 addi             x15, x0, 37         x15=00000025
20272728ns          337318 1c008df6 fef513e3 bne              x10, x15, -26       x10:00000063 x15:00000025
20272789ns          337321 1c008ddc 017005b3 add              x11, x0, x23        x11=00000002 x23:00000002
20272809ns          337322 1c008dde 000980e7 jalr             x1, x19, 0           x1=1c008de0 x19:1c008d20
20272850ns          337324 1c008d20 f14027f3 csrrs            x15, x0, 0xf14      x15=00000005
20272870ns          337325 1c008d24 1a10f6b7 lui              x13, 0x1a10f000     x13=1a10f000
20272890ns          337326 1c008d28 ca5797b3 p.extractu       x15, x15, 5, 5      x15=00000000 x15:00000005
20272910ns          337327 1c008d2c f1402773 csrrs            x14, x0, 0xf14      x14=00000005
20272931ns          337328 1c008d30 00779793 slli             x15, x15, 0x7       x15=00000000 x15:00000000
20272951ns          337329 1c008d32 00371713 slli             x14, x14, 0x3       x14=00000028 x14:00000005
20272971ns          337330 1c008d34 0ff57513 andi             x10, x10, 255       x10=00000063 x10:00000063
20272991ns          337331 1c008d38 ee873733 p.bclr           x14, x14, 23, 8     x14=00000028 x14:00000028
20273012ns          337332 1c008d3c 00d787b3 add              x15, x15, x13       x15=1a10f000 x15:00000000 x13:1a10f000
20273032ns          337333 1c008d3e 00a767a3 p.sw             x10, x0(x14)        x10:00000063 x14:00000028  PA:1a10f028
20273376ns          337350 1c008d42 00000513 addi             x10, x0, 0          x10=00000000
20273396ns          337351 1c008d44 00008067 jalr             x0, x1, 0            x1:1c008de0
20273437ns          337353 1c008de0 15f52063 p.beqimm         x10, 320            x10:00000000
20273457ns          337354 1c008de4 001a8a93 addi             x21, x21, 1         x21=0000001e x21:0000001d
20273477ns          337355 1c008de6 00800d33 add              x26, x0, x8         x26=1c0009a3  x8:1c0009a3
20273497ns          337356 1c008de8 000d4503 lbu              x10, 0(x26)         x10=0000006f x26:1c0009a3  PA:1c0009a3
20273801ns          337371 1c008dec 001d0413 addi             x8, x26, 1           x8=1c0009a4 x26:1c0009a3
20273821ns          337372 1c008df0 0c050b63 beq              x10, x0, 214        x10:0000006f
20273841ns          337373 1c008df2 02500793 addi             x15, x0, 37         x15=00000025
20273862ns          337374 1c008df6 fef513e3 bne              x10, x15, -26       x10:0000006f x15:00000025
20273922ns          337377 1c008ddc 017005b3 add              x11, x0, x23        x11=00000002 x23:00000002
20273943ns          337378 1c008dde 000980e7 jalr             x1, x19, 0           x1=1c008de0 x19:1c008d20
20273983ns          337380 1c008d20 f14027f3 csrrs            x15, x0, 0xf14      x15=00000005
20274003ns          337381 1c008d24 1a10f6b7 lui              x13, 0x1a10f000     x13=1a10f000
20274024ns          337382 1c008d28 ca5797b3 p.extractu       x15, x15, 5, 5      x15=00000000 x15:00000005
20274044ns          337383 1c008d2c f1402773 csrrs            x14, x0, 0xf14      x14=00000005
20274064ns          337384 1c008d30 00779793 slli             x15, x15, 0x7       x15=00000000 x15:00000000
20274084ns          337385 1c008d32 00371713 slli             x14, x14, 0x3       x14=00000028 x14:00000005
20274105ns          337386 1c008d34 0ff57513 andi             x10, x10, 255       x10=0000006f x10:0000006f
20274125ns          337387 1c008d38 ee873733 p.bclr           x14, x14, 23, 8     x14=00000028 x14:00000028
20274145ns          337388 1c008d3c 00d787b3 add              x15, x15, x13       x15=1a10f000 x15:00000000 x13:1a10f000
20274165ns          337389 1c008d3e 00a767a3 p.sw             x10, x0(x14)        x10:0000006f x14:00000028  PA:1a10f028
20274509ns          337406 1c008d42 00000513 addi             x10, x0, 0          x10=00000000
20274530ns          337407 1c008d44 00008067 jalr             x0, x1, 0            x1:1c008de0
20274570ns          337409 1c008de0 15f52063 p.beqimm         x10, 320            x10:00000000
20274590ns          337410 1c008de4 001a8a93 addi             x21, x21, 1         x21=0000001f x21:0000001e
20274611ns          337411 1c008de6 00800d33 add              x26, x0, x8         x26=1c0009a4  x8:1c0009a4
20274631ns          337412 1c008de8 000d4503 lbu              x10, 0(x26)         x10=00000072 x26:1c0009a4  PA:1c0009a4
20274934ns          337427 1c008dec 001d0413 addi             x8, x26, 1           x8=1c0009a5 x26:1c0009a4
20274955ns          337428 1c008df0 0c050b63 beq              x10, x0, 214        x10:00000072
20274975ns          337429 1c008df2 02500793 addi             x15, x0, 37         x15=00000025
20274995ns          337430 1c008df6 fef513e3 bne              x10, x15, -26       x10:00000072 x15:00000025
20275056ns          337433 1c008ddc 017005b3 add              x11, x0, x23        x11=00000002 x23:00000002
20275076ns          337434 1c008dde 000980e7 jalr             x1, x19, 0           x1=1c008de0 x19:1c008d20
20275117ns          337436 1c008d20 f14027f3 csrrs            x15, x0, 0xf14      x15=00000005
20275137ns          337437 1c008d24 1a10f6b7 lui              x13, 0x1a10f000     x13=1a10f000
20275157ns          337438 1c008d28 ca5797b3 p.extractu       x15, x15, 5, 5      x15=00000000 x15:00000005
20275177ns          337439 1c008d2c f1402773 csrrs            x14, x0, 0xf14      x14=00000005
20275198ns          337440 1c008d30 00779793 slli             x15, x15, 0x7       x15=00000000 x15:00000000
20275218ns          337441 1c008d32 00371713 slli             x14, x14, 0x3       x14=00000028 x14:00000005
20275238ns          337442 1c008d34 0ff57513 andi             x10, x10, 255       x10=00000072 x10:00000072
20275258ns          337443 1c008d38 ee873733 p.bclr           x14, x14, 23, 8     x14=00000028 x14:00000028
20275278ns          337444 1c008d3c 00d787b3 add              x15, x15, x13       x15=1a10f000 x15:00000000 x13:1a10f000
20275299ns          337445 1c008d3e 00a767a3 p.sw             x10, x0(x14)        x10:00000072 x14:00000028  PA:1a10f028
20275643ns          337462 1c008d42 00000513 addi             x10, x0, 0          x10=00000000
20275663ns          337463 1c008d44 00008067 jalr             x0, x1, 0            x1:1c008de0
20275704ns          337465 1c008de0 15f52063 p.beqimm         x10, 320            x10:00000000
20275724ns          337466 1c008de4 001a8a93 addi             x21, x21, 1         x21=00000020 x21:0000001f
20275744ns          337467 1c008de6 00800d33 add              x26, x0, x8         x26=1c0009a5  x8:1c0009a5
20275764ns          337468 1c008de8 000d4503 lbu              x10, 0(x26)         x10=00000065 x26:1c0009a5  PA:1c0009a5
20276068ns          337483 1c008dec 001d0413 addi             x8, x26, 1           x8=1c0009a6 x26:1c0009a5
20276088ns          337484 1c008df0 0c050b63 beq              x10, x0, 214        x10:00000065
20276108ns          337485 1c008df2 02500793 addi             x15, x0, 37         x15=00000025
20276129ns          337486 1c008df6 fef513e3 bne              x10, x15, -26       x10:00000065 x15:00000025
20276189ns          337489 1c008ddc 017005b3 add              x11, x0, x23        x11=00000002 x23:00000002
20276210ns          337490 1c008dde 000980e7 jalr             x1, x19, 0           x1=1c008de0 x19:1c008d20
20276250ns          337492 1c008d20 f14027f3 csrrs            x15, x0, 0xf14      x15=00000005
20276270ns          337493 1c008d24 1a10f6b7 lui              x13, 0x1a10f000     x13=1a10f000
20276290ns          337494 1c008d28 ca5797b3 p.extractu       x15, x15, 5, 5      x15=00000000 x15:00000005
20276311ns          337495 1c008d2c f1402773 csrrs            x14, x0, 0xf14      x14=00000005
20276331ns          337496 1c008d30 00779793 slli             x15, x15, 0x7       x15=00000000 x15:00000000
20276351ns          337497 1c008d32 00371713 slli             x14, x14, 0x3       x14=00000028 x14:00000005
20276371ns          337498 1c008d34 0ff57513 andi             x10, x10, 255       x10=00000065 x10:00000065
20276392ns          337499 1c008d38 ee873733 p.bclr           x14, x14, 23, 8     x14=00000028 x14:00000028
20276412ns          337500 1c008d3c 00d787b3 add              x15, x15, x13       x15=1a10f000 x15:00000000 x13:1a10f000
20276432ns          337501 1c008d3e 00a767a3 p.sw             x10, x0(x14)        x10:00000065 x14:00000028  PA:1a10f028
20276776ns          337518 1c008d42 00000513 addi             x10, x0, 0          x10=00000000
20276796ns          337519 1c008d44 00008067 jalr             x0, x1, 0            x1:1c008de0
20276837ns          337521 1c008de0 15f52063 p.beqimm         x10, 320            x10:00000000
20276857ns          337522 1c008de4 001a8a93 addi             x21, x21, 1         x21=00000021 x21:00000020
20276877ns          337523 1c008de6 00800d33 add              x26, x0, x8         x26=1c0009a6  x8:1c0009a6
20276898ns          337524 1c008de8 000d4503 lbu              x10, 0(x26)         x10=00000020 x26:1c0009a6  PA:1c0009a6
20277201ns          337539 1c008dec 001d0413 addi             x8, x26, 1           x8=1c0009a7 x26:1c0009a6
20277222ns          337540 1c008df0 0c050b63 beq              x10, x0, 214        x10:00000020
20277242ns          337541 1c008df2 02500793 addi             x15, x0, 37         x15=00000025
20277262ns          337542 1c008df6 fef513e3 bne              x10, x15, -26       x10:00000020 x15:00000025
20277323ns          337545 1c008ddc 017005b3 add              x11, x0, x23        x11=00000002 x23:00000002
20277343ns          337546 1c008dde 000980e7 jalr             x1, x19, 0           x1=1c008de0 x19:1c008d20
20277383ns          337548 1c008d20 f14027f3 csrrs            x15, x0, 0xf14      x15=00000005
20277404ns          337549 1c008d24 1a10f6b7 lui              x13, 0x1a10f000     x13=1a10f000
20277424ns          337550 1c008d28 ca5797b3 p.extractu       x15, x15, 5, 5      x15=00000000 x15:00000005
20277444ns          337551 1c008d2c f1402773 csrrs            x14, x0, 0xf14      x14=00000005
20277464ns          337552 1c008d30 00779793 slli             x15, x15, 0x7       x15=00000000 x15:00000000
20277485ns          337553 1c008d32 00371713 slli             x14, x14, 0x3       x14=00000028 x14:00000005
20277505ns          337554 1c008d34 0ff57513 andi             x10, x10, 255       x10=00000020 x10:00000020
20277525ns          337555 1c008d38 ee873733 p.bclr           x14, x14, 23, 8     x14=00000028 x14:00000028
20277545ns          337556 1c008d3c 00d787b3 add              x15, x15, x13       x15=1a10f000 x15:00000000 x13:1a10f000
20277566ns          337557 1c008d3e 00a767a3 p.sw             x10, x0(x14)        x10:00000020 x14:00000028  PA:1a10f028
20277910ns          337574 1c008d42 00000513 addi             x10, x0, 0          x10=00000000
20277930ns          337575 1c008d44 00008067 jalr             x0, x1, 0            x1:1c008de0
20277970ns          337577 1c008de0 15f52063 p.beqimm         x10, 320            x10:00000000
20277991ns          337578 1c008de4 001a8a93 addi             x21, x21, 1         x21=00000022 x21:00000021
20278011ns          337579 1c008de6 00800d33 add              x26, x0, x8         x26=1c0009a7  x8:1c0009a7
20278031ns          337580 1c008de8 000d4503 lbu              x10, 0(x26)         x10=00000025 x26:1c0009a7  PA:1c0009a7
20278335ns          337595 1c008dec 001d0413 addi             x8, x26, 1           x8=1c0009a8 x26:1c0009a7
20278355ns          337596 1c008df0 0c050b63 beq              x10, x0, 214        x10:00000025
20278375ns          337597 1c008df2 02500793 addi             x15, x0, 37         x15=00000025
20278395ns          337598 1c008df6 fef513e3 bne              x10, x15, -26       x10:00000025 x15:00000025
20278416ns          337599 1c008dfa 00012a23 sw               x0, 20(x2)           x2:10001b38  PA:10001b4c
20278436ns          337600 1c008dfc 00012823 sw               x0, 16(x2)           x2:10001b38  PA:10001b48
20278456ns          337601 1c008dfe 00012623 sw               x0, 12(x2)           x2:10001b38  PA:10001b44
20278476ns          337602 1c008e00 00012423 sw               x0, 8(x2)            x2:10001b38  PA:10001b40
20278497ns          337603 1c008e02 00012223 sw               x0, 4(x2)            x2:10001b38  PA:10001b3c
20278517ns          337604 1c008e04 02300493 addi             x9, x0, 35           x9=00000023
20278537ns          337605 1c008e08 02d00b13 addi             x22, x0, 45         x22=0000002d
20278557ns          337606 1c008e0c 00044c83 lbu              x25, 0(x8)          x25=00000064  x8:1c0009a8  PA:1c0009a8
20278881ns          337622 1c008e10 00140913 addi             x18, x8, 1          x18=1c0009a9  x8:1c0009a8
20278901ns          337623 1c008e14 019005b3 add              x11, x0, x25        x11=00000064 x25:00000064
20278922ns          337624 1c008e16 9d0c0513 addi             x10, x24, -1584     x10=1c0009d0 x24:1c001000
20278942ns          337625 1c008e1a 01200d33 add              x26, x0, x18        x26=1c0009a9 x18:1c0009a9
20278962ns          337626 1c008e1c 01900db3 add              x27, x0, x25        x27=00000064 x25:00000064
20278982ns          337627 1c008e1e e89ff0ef jal              x1, -376             x1=1c008e20
20279225ns          337639 1c008ca6 00054783 lbu              x15, 0(x10)         x15=0000002d x10:1c0009d0  PA:1c0009d0
20279529ns          337654 1c008caa 0ff5f593 andi             x11, x11, 255       x11=00000064 x11:00000064
20279549ns          337655 1c008cae 00b78c63 beq              x15, x11, 24        x15:0000002d x11:00000064
20279569ns          337656 1c008cb2 00078b63 beq              x15, x0, 22         x15:0000002d
20279590ns          337657 1c008cb4 00150793 addi             x15, x10, 1         x15=1c0009d1 x10:1c0009d0
20279610ns          337658 1c008cb8 0040006f jal              x0, 4              
20279650ns          337660 1c008cbc 00f00533 add              x10, x0, x15        x10=1c0009d1 x15:1c0009d1
20279671ns          337661 1c008cbe 0017c70b p.lbu            x14, 1(x15!)        x14=0000002b x15=1c0009d2 x15:1c0009d1  PA:1c0009d1
20279994ns          337677 1c008cc2 feb71ce3 bne              x14, x11, -8        x14:0000002b x11:00000064
20280075ns          337681 1c008cba 00070763 beq              x14, x0, 14         x14:0000002b
20280096ns          337682 1c008cbc 00f00533 add              x10, x0, x15        x10=1c0009d2 x15:1c0009d2
20280116ns          337683 1c008cbe 0017c70b p.lbu            x14, 1(x15!)        x14=00000020 x15=1c0009d3 x15:1c0009d2  PA:1c0009d2
20280440ns          337699 1c008cc2 feb71ce3 bne              x14, x11, -8        x14:00000020 x11:00000064
20280500ns          337702 1c008cba 00070763 beq              x14, x0, 14         x14:00000020
20280521ns          337703 1c008cbc 00f00533 add              x10, x0, x15        x10=1c0009d3 x15:1c0009d3
20280541ns          337704 1c008cbe 0017c70b p.lbu            x14, 1(x15!)        x14=00000023 x15=1c0009d4 x15:1c0009d3  PA:1c0009d3
20280865ns          337720 1c008cc2 feb71ce3 bne              x14, x11, -8        x14:00000023 x11:00000064
20280925ns          337723 1c008cba 00070763 beq              x14, x0, 14         x14:00000023
20280946ns          337724 1c008cbc 00f00533 add              x10, x0, x15        x10=1c0009d4 x15:1c0009d4
20280966ns          337725 1c008cbe 0017c70b p.lbu            x14, 1(x15!)        x14=00000030 x15=1c0009d5 x15:1c0009d4  PA:1c0009d4
20281290ns          337741 1c008cc2 feb71ce3 bne              x14, x11, -8        x14:00000030 x11:00000064
20281350ns          337744 1c008cba 00070763 beq              x14, x0, 14         x14:00000030
20281371ns          337745 1c008cbc 00f00533 add              x10, x0, x15        x10=1c0009d5 x15:1c0009d5
20281391ns          337746 1c008cbe 0017c70b p.lbu            x14, 1(x15!)        x14=00000000 x15=1c0009d6 x15:1c0009d5  PA:1c0009d5
20281715ns          337762 1c008cc2 feb71ce3 bne              x14, x11, -8        x14:00000000 x11:00000064
20281776ns          337765 1c008cba 00070763 beq              x14, x0, 14         x14:00000000
20281836ns          337768 1c008cc8 0015b593 sltiu            x11, x11, 1         x11=00000000 x11:00000064
20281856ns          337769 1c008ccc 40b005b3 sub              x11, x0, x11        x11=00000000 x11:00000000
20281877ns          337770 1c008cd0 00b57533 and              x10, x10, x11       x10=00000000 x10:1c0009d5 x11:00000000
20281897ns          337771 1c008cd2 00008067 jalr             x0, x1, 0            x1:1c008e20
20281937ns          337773 1c008e20 02050b63 beq              x10, x0, 54         x10:00000000
20282079ns          337780 1c008e56 02a00693 addi             x13, x0, 42         x13=0000002a
20282099ns          337781 1c008e5a 2edc8263 beq              x25, x13, 740       x25:00000064 x13:0000002a
20282504ns          337801 1c008e5e fd0c8693 addi             x13, x25, -48       x13=00000034 x25:00000064
20282524ns          337802 1c008e62 00900593 addi             x11, x0, 9          x11=00000009
20282545ns          337803 1c008e64 00000b13 addi             x22, x0, 0          x22=00000000
20282565ns          337804 1c008e66 0cd5fd63 bgeu             x11, x13, 218       x11:00000009 x13:00000034
20282585ns          337805 1c008e6a 02e00793 addi             x15, x0, 46         x15=0000002e
20282646ns          337808 1c008e6e 28fd8663 beq              x27, x15, 652       x27:00000064 x15:0000002e
20282666ns          337809 1c008e72 01b00433 add              x8, x0, x27          x8=00000064 x27:00000064
20282686ns          337810 1c008e74 fff00493 addi             x9, x0, -1           x9=ffffffff
20282707ns          337811 1c008e76 1c001737 lui              x14, 0x1c001000     x14=1c001000
20282727ns          337812 1c008e7a 01b005b3 add              x11, x0, x27        x11=00000064 x27:00000064
20282747ns          337813 1c008e7c 9d870513 addi             x10, x14, -1576     x10=1c0009d8 x14:1c001000
20282788ns          337815 1c008e80 e27ff0ef jal              x1, -474             x1=1c008e82
20282848ns          337818 1c008ca6 00054783 lbu              x15, 0(x10)         x15=00000068 x10:1c0009d8  PA:1c0009d8
20283152ns          337833 1c008caa 0ff5f593 andi             x11, x11, 255       x11=00000064 x11:00000064
20283172ns          337834 1c008cae 00b78c63 beq              x15, x11, 24        x15:00000068 x11:00000064
20283192ns          337835 1c008cb2 00078b63 beq              x15, x0, 22         x15:00000068
20283213ns          337836 1c008cb4 00150793 addi             x15, x10, 1         x15=1c0009d9 x10:1c0009d8
20283233ns          337837 1c008cb8 0040006f jal              x0, 4              
20283273ns          337839 1c008cbc 00f00533 add              x10, x0, x15        x10=1c0009d9 x15:1c0009d9
20283294ns          337840 1c008cbe 0017c70b p.lbu            x14, 1(x15!)        x14=0000006c x15=1c0009da x15:1c0009d9  PA:1c0009d9
20283617ns          337856 1c008cc2 feb71ce3 bne              x14, x11, -8        x14:0000006c x11:00000064
20283678ns          337859 1c008cba 00070763 beq              x14, x0, 14         x14:0000006c
20283698ns          337860 1c008cbc 00f00533 add              x10, x0, x15        x10=1c0009da x15:1c0009da
20283719ns          337861 1c008cbe 0017c70b p.lbu            x14, 1(x15!)        x14=0000007a x15=1c0009db x15:1c0009da  PA:1c0009da
20284042ns          337877 1c008cc2 feb71ce3 bne              x14, x11, -8        x14:0000007a x11:00000064
20284103ns          337880 1c008cba 00070763 beq              x14, x0, 14         x14:0000007a
20284123ns          337881 1c008cbc 00f00533 add              x10, x0, x15        x10=1c0009db x15:1c0009db
20284144ns          337882 1c008cbe 0017c70b p.lbu            x14, 1(x15!)        x14=00000000 x15=1c0009dc x15:1c0009db  PA:1c0009db
20284467ns          337898 1c008cc2 feb71ce3 bne              x14, x11, -8        x14:00000000 x11:00000064
20284528ns          337901 1c008cba 00070763 beq              x14, x0, 14         x14:00000000
20284589ns          337904 1c008cc8 0015b593 sltiu            x11, x11, 1         x11=00000000 x11:00000064
20284609ns          337905 1c008ccc 40b005b3 sub              x11, x0, x11        x11=00000000 x11:00000000
20284629ns          337906 1c008cd0 00b57533 and              x10, x10, x11       x10=00000000 x10:1c0009db x11:00000000
20284650ns          337907 1c008cd2 00008067 jalr             x0, x1, 0            x1:1c008e82
20284690ns          337909 1c008e82 00000793 addi             x15, x0, 0          x15=00000000
20284710ns          337910 1c008e84 00050f63 beq              x10, x0, 30         x10:00000000
20284852ns          337917 1c008ea2 06700693 addi             x13, x0, 103        x13=00000067
20284872ns          337918 1c008ea6 0bb6ee63 bltu             x13, x27, 188       x13:00000067 x27:00000064
20284892ns          337919 1c008eaa 06500693 addi             x13, x0, 101        x13=00000065
20284913ns          337920 1c008eae 3addf2e3 bgeu             x27, x13, 2980      x27:00000064 x13:00000065
20284933ns          337921 1c008eb2 04700693 addi             x13, x0, 71         x13=00000047
20284953ns          337922 1c008eb6 39b6ed63 bltu             x13, x27, 922       x13:00000047 x27:00000064
20285115ns          337930 1c009250 06300693 addi             x13, x0, 99         x13=00000063
20285156ns          337932 1c009254 70dd8c63 beq              x27, x13, 1816      x27:00000064 x13:00000063
20285176ns          337933 1c009258 d3b6e5e3 bltu             x13, x27, -726      x13:00000063 x27:00000064
20285378ns          337943 1c008f82 06c00693 addi             x13, x0, 108        x13=0000006c
20285398ns          337944 1c008f86 00d78a63 beq              x15, x13, 20        x15:00000000 x13:0000006c
20285419ns          337945 1c008f8a 07a00693 addi             x13, x0, 122        x13=0000007a
20285479ns          337948 1c008f8e 00d78663 beq              x15, x13, 12        x15:00000000 x13:0000007a
20285520ns          337950 1c008f92 04c00693 addi             x13, x0, 76         x13=0000004c
20285540ns          337951 1c008f96 5ed78de3 beq              x15, x13, 3578      x15:00000000 x13:0000004c
20285560ns          337952 1c008f9a 000a2783 lw               x15, 0(x20)         x15=00000005 x20:10001be0  PA:10001be0
20285581ns          337953 1c008f9e 004a0a13 addi             x20, x20, 4         x20=10001be4 x20:10001be0
20285621ns          337955 1c008fa0 41f7d713 srai             x14, x15, 0x41f     x14=00000000 x15:00000005
20285662ns          337957 1c008fa4 01412e23 sw               x20, 28(x2)         x20:10001be4  x2:10001b38  PA:10001b54
20285682ns          337958 1c008fa6 00e12223 sw               x14, 4(x2)          x14:00000000  x2:10001b38  PA:10001b3c
20285702ns          337959 1c008fa8 4e0741e3 blt              x14, x0, 3298       x14:00000000
20285722ns          337960 1c008fac 00c12703 lw               x14, 12(x2)         x14=00000000  x2:10001b38  PA:10001b44
20285783ns          337963 1c008fae 440709e3 beq              x14, x0, 3154       x14:00000000
20285884ns          337968 1c009c00 01012703 lw               x14, 16(x2)         x14=00000000  x2:10001b38  PA:10001b48
20285925ns          337970 1c009c02 22070063 beq              x14, x0, 544        x14:00000000
20286026ns          337975 1c009e22 00412c83 lw               x25, 4(x2)          x25=00000000  x2:10001b38  PA:10001b3c
20286066ns          337977 1c009e24 02410a13 addi             x20, x2, 36         x20=10001b5c  x2:10001b38
20286087ns          337978 1c009e28 998ff06f jal              x0, -3688          
20286127ns          337980 1c008fc0 00f00433 add              x8, x0, x15          x8=00000005 x15:00000005
20286147ns          337981 1c008fc2 01400db3 add              x27, x0, x20        x27=10001b5c x20:10001b5c
20286168ns          337982 1c008fc4 0040006f jal              x0, 4              
20286208ns          337984 1c008fc8 00a00613 addi             x12, x0, 10         x12=0000000a
20286228ns          337985 1c008fca 00000693 addi             x13, x0, 0          x13=00000000
20286249ns          337986 1c008fcc 00800533 add              x10, x0, x8         x10=00000005  x8:00000005
20286269ns          337987 1c008fce 019005b3 add              x11, x0, x25        x11=00000000 x25:00000000
20286289ns          337988 1c008fd0 c2aff0ef jal              x1, -3030            x1=1c008fd4
20286370ns          337992 1c0083fa 00c008b3 add              x17, x0, x12        x17=0000000a x12:0000000a
20286410ns          337994 1c0083fc 00d00733 add              x14, x0, x13        x14=00000000 x13:00000000
20286431ns          337995 1c0083fe 00a007b3 add              x15, x0, x10        x15=00000005 x10:00000005
20286471ns          337997 1c008400 00b00833 add              x16, x0, x11        x16=00000000 x11:00000000
20286512ns          337999 1c008402 1c069863 bne              x13, x0, 464        x13:00000000
20286532ns          338000 1c008406 1c0016b7 lui              x13, 0x1c001000     x13=1c001000
20286552ns          338001 1c00840a 86868693 addi             x13, x13, -1944     x13=1c000868 x13:1c001000
20286613ns          338004 1c00840e 0ac5f863 bgeu             x11, x12, 176       x11:00000000 x12:0000000a
20286633ns          338005 1c008412 00010337 lui              x6, 0x10000          x6=00010000
20286653ns          338006 1c008414 08667e63 bgeu             x12, x6, 156        x12:0000000a  x6:00010000
20286674ns          338007 1c008418 0ff00313 addi             x6, x0, 255          x6=000000ff
20286694ns          338008 1c00841c 00c37363 bgeu             x6, x12, 6           x6:000000ff x12:0000000a
20286815ns          338014 1c008422 00e65333 srl              x6, x12, x14         x6=0000000a x12:0000000a x14:00000000
20286836ns          338015 1c008426 006686b3 add              x13, x13, x6        x13=1c000872 x13:1c000868  x6:0000000a
20286856ns          338016 1c008428 0006ce03 lbu              x28, 0(x13)         x28=00000004 x13:1c000872  PA:1c000872
20287159ns          338031 1c00842c 02000313 addi             x6, x0, 32           x6=00000020
20287180ns          338032 1c008430 00ee0e33 add              x28, x28, x14       x28=00000004 x28:00000004 x14:00000000
20287200ns          338033 1c008432 41c30333 sub              x6, x6, x28          x6=0000001c  x6:00000020 x28:00000004
20287220ns          338034 1c008436 00030c63 beq              x6, x0, 24           x6:0000001c
20287240ns          338035 1c00843a 006595b3 sll              x11, x11, x6        x11=00000000 x11:00000000  x6:0000001c
20287301ns          338038 1c00843e 01c55e33 srl              x28, x10, x28       x28=00000000 x10:00000005 x28:00000004
20287342ns          338040 1c008442 006618b3 sll              x17, x12, x6        x17=a0000000 x12:0000000a  x6:0000001c
20287362ns          338041 1c008446 00be6833 or               x16, x28, x11       x16=00000000 x28:00000000 x11:00000000
20287382ns          338042 1c00844a 006517b3 sll              x15, x10, x6        x15=50000000 x10:00000005  x6:0000001c
20287443ns          338045 1c00844e 0108d613 srli             x12, x17, 0x10      x12=0000a000 x17:a0000000
20287483ns          338047 1c008452 02c87733 remu             x14, x16, x12       x14=00000000 x16:00000000 x12:0000a000
20287868ns          338066 1c008456 02c85833 divu             x16, x16, x12       x16=00000000 x16:00000000 x12:0000a000
20288252ns          338085 1c00845a 01089513 slli             x10, x17, 0x10      x10=00000000 x17:a0000000
20288273ns          338086 1c00845e 01055513 srli             x10, x10, 0x10      x10=00000000 x10:00000000
20288293ns          338087 1c008460 01071713 slli             x14, x14, 0x10      x14=00000000 x14:00000000
20288313ns          338088 1c008462 0107d693 srli             x13, x15, 0x10      x13=00005000 x15:50000000
20288333ns          338089 1c008466 03050833 mul              x16, x10, x16       x16=00000000 x10:00000000 x16:00000000
20288354ns          338090 1c00846a 00e6e6b3 or               x13, x13, x14       x13=00005000 x13:00005000 x14:00000000
20288374ns          338091 1c00846c 0106f863 bgeu             x13, x16, 16        x13:00005000 x16:00000000
20288779ns          338111 1c00847c 410686b3 sub              x13, x13, x16       x13=00005000 x13:00005000 x16:00000000
20288799ns          338112 1c008480 02c6f733 remu             x14, x13, x12       x14=00005000 x13:00005000 x12:0000a000
20289183ns          338131 1c008484 02c6d6b3 divu             x13, x13, x12       x13=00000000 x13:00005000 x12:0000a000
20289568ns          338150 1c008488 01079793 slli             x15, x15, 0x10      x15=00000000 x15:50000000
20289588ns          338151 1c00848a 02d506b3 mul              x13, x10, x13       x13=00000000 x10:00000000 x13:00000000
20289608ns          338152 1c00848e 0107d793 srli             x15, x15, 0x10      x15=00000000 x15:00000000
20289629ns          338153 1c008490 01071513 slli             x10, x14, 0x10      x10=50000000 x14:00005000
20289649ns          338154 1c008494 00a7e7b3 or               x15, x15, x10       x15=50000000 x15:00000000 x10:50000000
20289669ns          338155 1c008496 00d7f863 bgeu             x15, x13, 16        x15:50000000 x13:00000000
20289770ns          338160 1c0084a6 40d787b3 sub              x15, x15, x13       x15=50000000 x15:50000000 x13:00000000
20289791ns          338161 1c0084a8 0067d533 srl              x10, x15, x6        x10=00000005 x15:50000000  x6:0000001c
20289811ns          338162 1c0084ac 00000593 addi             x11, x0, 0          x11=00000000
20289831ns          338163 1c0084ae 00008067 jalr             x0, x1, 0            x1:1c008fd4
20289912ns          338167 1c008fd4 00a00933 add              x18, x0, x10        x18=00000005 x10:00000005
20289932ns          338168 1c008fd6 019005b3 add              x11, x0, x25        x11=00000000 x25:00000000
20289952ns          338169 1c008fd8 00800533 add              x10, x0, x8         x10=00000005  x8:00000005
20289973ns          338170 1c008fda 00a00613 addi             x12, x0, 10         x12=0000000a
20289993ns          338171 1c008fdc 00000693 addi             x13, x0, 0          x13=00000000
20290013ns          338172 1c008fde 8beff0ef jal              x1, -3906            x1=1c008fe2
20290054ns          338174 1c00809c 00b007b3 add              x15, x0, x11        x15=00000000 x11:00000000
20290074ns          338175 1c00809e 00c00833 add              x16, x0, x12        x16=0000000a x12:0000000a
20290114ns          338177 1c0080a0 00d008b3 add              x17, x0, x13        x17=00000000 x13:00000000
20290135ns          338178 1c0080a2 00a00333 add              x6, x0, x10          x6=00000005 x10:00000005
20290155ns          338179 1c0080a4 20069663 bne              x13, x0, 524        x13:00000000
20290175ns          338180 1c0080a8 1c001737 lui              x14, 0x1c001000     x14=1c001000
20290195ns          338181 1c0080ac 86870713 addi             x14, x14, -1944     x14=1c000868 x14:1c001000
20290256ns          338184 1c0080b0 0ac5fe63 bgeu             x11, x12, 188       x11:00000000 x12:0000000a
20290297ns          338186 1c0080b4 000106b7 lui              x13, 0x10000        x13=00010000
20290317ns          338187 1c0080b6 0ad67463 bgeu             x12, x13, 168       x12:0000000a x13:00010000
20290337ns          338188 1c0080ba 0ff00693 addi             x13, x0, 255        x13=000000ff
20290357ns          338189 1c0080be 00c6b6b3 sltu             x13, x13, x12       x13=00000000 x13:000000ff x12:0000000a
20290378ns          338190 1c0080c2 00369693 slli             x13, x13, 0x3       x13=00000000 x13:00000000
20290398ns          338191 1c0080c4 00d658b3 srl              x17, x12, x13       x17=0000000a x12:0000000a x13:00000000
20290418ns          338192 1c0080c8 01170733 add              x14, x14, x17       x14=1c000872 x14:1c000868 x17:0000000a
20290438ns          338193 1c0080ca 00074703 lbu              x14, 0(x14)         x14=00000004 x14:1c000872  PA:1c000872
20290762ns          338209 1c0080ce 00e686b3 add              x13, x13, x14       x13=00000004 x13:00000000 x14:00000004
20290782ns          338210 1c0080d0 02000713 addi             x14, x0, 32         x14=00000020
20290803ns          338211 1c0080d4 40d70733 sub              x14, x14, x13       x14=0000001c x14:00000020 x13:00000004
20290823ns          338212 1c0080d6 00070b63 beq              x14, x0, 22         x14:0000001c
20290843ns          338213 1c0080d8 00e797b3 sll              x15, x15, x14       x15=00000000 x15:00000000 x14:0000001c
20290863ns          338214 1c0080dc 00d556b3 srl              x13, x10, x13       x13=00000000 x10:00000005 x13:00000004
20290904ns          338216 1c0080e0 00e61833 sll              x16, x12, x14       x16=a0000000 x12:0000000a x14:0000001c
20290944ns          338218 1c0080e4 00f6e5b3 or               x11, x13, x15       x11=00000000 x13:00000000 x15:00000000
20290964ns          338219 1c0080e8 00e51333 sll              x6, x10, x14         x6=50000000 x10:00000005 x14:0000001c
20290985ns          338220 1c0080ec 01085513 srli             x10, x16, 0x10      x10=0000a000 x16:a0000000
20291045ns          338223 1c0080f0 02a5f733 remu             x14, x11, x10       x14=00000000 x11:00000000 x10:0000a000
20291450ns          338243 1c0080f4 02a5d7b3 divu             x15, x11, x10       x15=00000000 x11:00000000 x10:0000a000
20291835ns          338262 1c0080f8 01081613 slli             x12, x16, 0x10      x12=00000000 x16:a0000000
20291855ns          338263 1c0080fc 01071713 slli             x14, x14, 0x10      x14=00000000 x14:00000000
20291875ns          338264 1c0080fe 01065613 srli             x12, x12, 0x10      x12=00000000 x12:00000000
20291896ns          338265 1c008100 01035693 srli             x13, x6, 0x10       x13=00005000  x6:50000000
20291916ns          338266 1c008104 00e6e6b3 or               x13, x13, x14       x13=00005000 x13:00005000 x14:00000000
20291936ns          338267 1c008106 02f605b3 mul              x11, x12, x15       x11=00000000 x12:00000000 x15:00000000
20291956ns          338268 1c00810a 00f00733 add              x14, x0, x15        x14=00000000 x15:00000000
20291976ns          338269 1c00810c 00b6fc63 bgeu             x13, x11, 24        x13:00005000 x11:00000000
20292078ns          338274 1c008124 40b686b3 sub              x13, x13, x11       x13=00005000 x13:00005000 x11:00000000
20292118ns          338276 1c008126 02a6f7b3 remu             x15, x13, x10       x15=00005000 x13:00005000 x10:0000a000
20292503ns          338295 1c00812a 02a6d6b3 divu             x13, x13, x10       x13=00000000 x13:00005000 x10:0000a000
20292887ns          338314 1c00812e 01031313 slli             x6, x6, 0x10         x6=00000000  x6:50000000
20292908ns          338315 1c008130 01079793 slli             x15, x15, 0x10      x15=50000000 x15:00005000
20292928ns          338316 1c008132 01035313 srli             x6, x6, 0x10         x6=00000000  x6:00000000
20292948ns          338317 1c008136 02d605b3 mul              x11, x12, x13       x11=00000000 x12:00000000 x13:00000000
20292968ns          338318 1c00813a 0067e333 or               x6, x15, x6          x6=50000000 x15:50000000  x6:00000000
20292988ns          338319 1c00813e 00d00533 add              x10, x0, x13        x10=00000000 x13:00000000
20293029ns          338321 1c008140 00b37b63 bgeu             x6, x11, 22          x6:50000000 x11:00000000
20293130ns          338326 1c008156 01071713 slli             x14, x14, 0x10      x14=00000000 x14:00000000
20293171ns          338328 1c008158 00a76733 or               x14, x14, x10       x14=00000000 x14:00000000 x10:00000000
20293191ns          338329 1c00815a 00000593 addi             x11, x0, 0          x11=00000000
20293211ns          338330 1c00815c 0b20006f jal              x0, 178            
20293333ns          338336 1c00820e 00e00533 add              x10, x0, x14        x10=00000000 x14:00000000
20293414ns          338340 1c008210 00008067 jalr             x0, x1, 0            x1:1c008fe2
20293474ns          338343 1c008fe2 03090913 addi             x18, x18, 48        x18=00000035 x18:00000005
20293494ns          338344 1c008fe6 012d8023 sb               x18, 0(x27)         x18:00000035 x27:10001b5c  PA:10001b5c
20293515ns          338345 1c008fea 00a5e7b3 or               x15, x11, x10       x15=00000000 x11:00000000 x10:00000000
20293575ns          338348 1c008fee 001d8913 addi             x18, x27, 1         x18=10001b5d x27:10001b5c
20293596ns          338349 1c008ff2 00a00433 add              x8, x0, x10          x8=00000000 x10:00000000
20293616ns          338350 1c008ff4 00b00cb3 add              x25, x0, x11        x25=00000000 x11:00000000
20293636ns          338351 1c008ff6 fc0798e3 bne              x15, x0, -48        x15:00000000
20293656ns          338352 1c008ff8 00090023 sb               x0, 0(x18)          x18:10001b5d  PA:10001b5d
20293677ns          338353 1c008ffc 01ba7d63 bgeu             x20, x27, 26        x20:10001b5c x27:10001b5c
20293798ns          338359 1c009016 00012783 lw               x15, 0(x2)          x15=10001b5c  x2:10001b38  PA:10001b38
20293839ns          338361 1c009018 00c12703 lw               x14, 12(x2)         x14=00000000  x2:10001b38  PA:10001b44
20293859ns          338362 1c00901a 40f90933 sub              x18, x18, x15       x18=00000001 x18:10001b5d x15:10001b5c
20293920ns          338365 1c00901e 3c071de3 bne              x14, x0, 3034       x14:00000000
20293940ns          338366 1c009022 01012783 lw               x15, 16(x2)         x15=00000000  x2:10001b38  PA:10001b48
20293980ns          338368 1c009024 3c079ae3 bne              x15, x0, 3028       x15:00000000
20294000ns          338369 1c009028 00412703 lw               x14, 4(x2)          x14=00000000  x2:10001b38  PA:10001b3c
20294041ns          338371 1c00902a 01f75713 srli             x14, x14, 0x1f      x14=00000000 x14:00000000
20294061ns          338372 1c00902c 00e12223 sw               x14, 4(x2)          x14:00000000  x2:10001b38  PA:10001b3c
20294081ns          338373 1c00902e 3404c463 blt              x9, x0, 840          x9:ffffffff
20294142ns          338376 1c009376 00000c93 addi             x25, x0, 0          x25=00000000
20294162ns          338377 1c009378 00012c23 sw               x0, 24(x2)           x2:10001b38  PA:10001b50
20294183ns          338378 1c00937a 00000a13 addi             x20, x0, 0          x20=00000000
20294203ns          338379 1c00937c 01412783 lw               x15, 20(x2)         x15=00000000  x2:10001b38  PA:10001b4c
20294243ns          338381 1c00937e 5e078163 beq              x15, x0, 1506       x15:00000000
20294345ns          338386 1c009960 412b0b33 sub              x22, x22, x18       x22=ffffffff x22:00000000 x18:00000001
20294385ns          338388 1c009964 02410413 addi             x8, x2, 36           x8=10001b5c  x2:10001b38
20294405ns          338389 1c009966 00000493 addi             x9, x0, 0            x9=00000000
20294426ns          338390 1c009968 ee6ff06f jal              x0, -2330          
20294506ns          338394 1c00904e 00812703 lw               x14, 8(x2)          x14=00000000  x2:10001b38  PA:10001b40
20294587ns          338398 1c009050 02071063 bne              x14, x0, 32         x14:00000000
20294628ns          338400 1c009052 01605f63 bge              x0, x22, 30         x22:ffffffff
20294729ns          338405 1c009070 00412783 lw               x15, 4(x2)          x15=00000000  x2:10001b38  PA:10001b3c
20294770ns          338407 1c009072 00f40db3 add              x27, x8, x15        x27=10001b5c  x8:10001b5c x15:00000000
20294790ns          338408 1c009076 00c0006f jal              x0, 12             
20294871ns          338412 1c009082 017005b3 add              x11, x0, x23        x11=00000002 x23:00000002
20294911ns          338414 1c009084 ffb41ae3 bne              x8, x27, -12         x8:10001b5c x27:10001b5c
20294932ns          338415 1c009088 00900db3 add              x27, x0, x9         x27=00000000  x9:00000000
20294952ns          338416 1c00908a 0080006f jal              x0, 8              
20295053ns          338421 1c009092 fffd8d93 addi             x27, x27, -1        x27=ffffffff x27:00000000
20295073ns          338422 1c009094 017005b3 add              x11, x0, x23        x11=00000002 x23:00000002
20295093ns          338423 1c009096 03000513 addi             x10, x0, 48         x10=00000030
20295114ns          338424 1c00909a fffdb9e3 p.bneimm         x27, -14            x27:ffffffff
20295134ns          338425 1c00909e 00412703 lw               x14, 4(x2)          x14=00000000  x2:10001b38  PA:10001b3c
20295498ns          338443 1c0090a0 40e90933 sub              x18, x18, x14       x18=00000001 x18:00000001 x14:00000000
20295539ns          338445 1c0090a4 01212423 sw               x18, 8(x2)          x18:00000001  x2:10001b38  PA:10001b40
20295559ns          338446 1c0090a6 e40a15e3 bne              x20, x0, -438       x20:00000000
20295579ns          338447 1c0090aa 01812783 lw               x15, 24(x2)         x15=00000000  x2:10001b38  PA:10001b50
20295620ns          338449 1c0090ac 16079763 bne              x15, x0, 366        x15:00000000
20295640ns          338450 1c0090b0 120c8863 beq              x25, x0, 304        x25:00000000
20295701ns          338453 1c0091e0 017005b3 add              x11, x0, x23        x11=00000002 x23:00000002
20295721ns          338454 1c0091e2 ff2049e3 blt              x0, x18, -14        x18:00000001
20295822ns          338459 1c0091d4 0014450b p.lbu            x10, 1(x8!)         x10=00000035  x8=10001b5d  x8:10001b5c  PA:10001b5c
20295863ns          338461 1c0091d8 fff90913 addi             x18, x18, -1        x18=00000000 x18:00000001
20295883ns          338462 1c0091da 000980e7 jalr             x1, x19, 0           x1=1c0091dc x19:1c008d20
20295964ns          338466 1c008d20 f14027f3 csrrs            x15, x0, 0xf14      x15=00000005
20296004ns          338468 1c008d24 1a10f6b7 lui              x13, 0x1a10f000     x13=1a10f000
20296024ns          338469 1c008d28 ca5797b3 p.extractu       x15, x15, 5, 5      x15=00000000 x15:00000005
20296045ns          338470 1c008d2c f1402773 csrrs            x14, x0, 0xf14      x14=00000005
20296105ns          338473 1c008d30 00779793 slli             x15, x15, 0x7       x15=00000000 x15:00000000
20296126ns          338474 1c008d32 00371713 slli             x14, x14, 0x3       x14=00000028 x14:00000005
20296146ns          338475 1c008d34 0ff57513 andi             x10, x10, 255       x10=00000035 x10:00000035
20296166ns          338476 1c008d38 ee873733 p.bclr           x14, x14, 23, 8     x14=00000028 x14:00000028
20296186ns          338477 1c008d3c 00d787b3 add              x15, x15, x13       x15=1a10f000 x15:00000000 x13:1a10f000
20296247ns          338480 1c008d3e 00a767a3 p.sw             x10, x0(x14)        x10:00000035 x14:00000028  PA:1a10f028
20296611ns          338498 1c008d42 00000513 addi             x10, x0, 0          x10=00000000
20296632ns          338499 1c008d44 00008067 jalr             x0, x1, 0            x1:1c0091dc
20296713ns          338503 1c0091dc d5f522e3 p.beqimm         x10, -700           x10:00000000
20296753ns          338505 1c0091e0 017005b3 add              x11, x0, x23        x11=00000002 x23:00000002
20296773ns          338506 1c0091e2 ff2049e3 blt              x0, x18, -14        x18:00000000
20296794ns          338507 1c0091e6 00412783 lw               x15, 4(x2)          x15=00000000  x2:10001b38  PA:10001b3c
20296814ns          338508 1c0091e8 01c12a03 lw               x20, 28(x2)         x20=10001be4  x2:10001b38  PA:10001b54
20296834ns          338509 1c0091ea 00fa8733 add              x14, x21, x15       x14=00000022 x21:00000022 x15:00000000
20296854ns          338510 1c0091ee 00812783 lw               x15, 8(x2)          x15=00000001  x2:10001b38  PA:10001b40
20296875ns          338511 1c0091f0 00970733 add              x14, x14, x9        x14=00000022 x14:00000022  x9:00000000
20296915ns          338513 1c0091f2 00e78ab3 add              x21, x15, x14       x21=00000023 x15:00000001 x14:00000022
20296935ns          338514 1c0091f6 bf6059e3 bge              x0, x22, -1038      x22:ffffffff
20297097ns          338522 1c008de8 000d4503 lbu              x10, 0(x26)         x10=0000000a x26:1c0009a9  PA:1c0009a9
20297421ns          338538 1c008dec 001d0413 addi             x8, x26, 1           x8=1c0009aa x26:1c0009a9
20297441ns          338539 1c008df0 0c050b63 beq              x10, x0, 214        x10:0000000a
20297462ns          338540 1c008df2 02500793 addi             x15, x0, 37         x15=00000025
20297482ns          338541 1c008df6 fef513e3 bne              x10, x15, -26       x10:0000000a x15:00000025
20297644ns          338549 1c008ddc 017005b3 add              x11, x0, x23        x11=00000002 x23:00000002
20297664ns          338550 1c008dde 000980e7 jalr             x1, x19, 0           x1=1c008de0 x19:1c008d20
20297704ns          338552 1c008d20 f14027f3 csrrs            x15, x0, 0xf14      x15=00000005
20297725ns          338553 1c008d24 1a10f6b7 lui              x13, 0x1a10f000     x13=1a10f000
20297745ns          338554 1c008d28 ca5797b3 p.extractu       x15, x15, 5, 5      x15=00000000 x15:00000005
20297765ns          338555 1c008d2c f1402773 csrrs            x14, x0, 0xf14      x14=00000005
20297785ns          338556 1c008d30 00779793 slli             x15, x15, 0x7       x15=00000000 x15:00000000
20297806ns          338557 1c008d32 00371713 slli             x14, x14, 0x3       x14=00000028 x14:00000005
20297826ns          338558 1c008d34 0ff57513 andi             x10, x10, 255       x10=0000000a x10:0000000a
20297846ns          338559 1c008d38 ee873733 p.bclr           x14, x14, 23, 8     x14=00000028 x14:00000028
20297866ns          338560 1c008d3c 00d787b3 add              x15, x15, x13       x15=1a10f000 x15:00000000 x13:1a10f000
20297887ns          338561 1c008d3e 00a767a3 p.sw             x10, x0(x14)        x10:0000000a x14:00000028  PA:1a10f028
20298210ns          338577 1c008d42 00000513 addi             x10, x0, 0          x10=00000000
20298231ns          338578 1c008d44 00008067 jalr             x0, x1, 0            x1:1c008de0
20298271ns          338580 1c008de0 15f52063 p.beqimm         x10, 320            x10:00000000
20298291ns          338581 1c008de4 001a8a93 addi             x21, x21, 1         x21=00000024 x21:00000023
20298312ns          338582 1c008de6 00800d33 add              x26, x0, x8         x26=1c0009aa  x8:1c0009aa
20298332ns          338583 1c008de8 000d4503 lbu              x10, 0(x26)         x10=00000000 x26:1c0009aa  PA:1c0009aa
20298635ns          338598 1c008dec 001d0413 addi             x8, x26, 1           x8=1c0009ab x26:1c0009aa
20298656ns          338599 1c008df0 0c050b63 beq              x10, x0, 214        x10:00000000
20298716ns          338602 1c008ec6 01500433 add              x8, x0, x21          x8=00000024 x21:00000024
20298737ns          338603 1c008ec8 00800533 add              x10, x0, x8         x10=00000024  x8:00000024
20298757ns          338604 1c008eca 07c12083 lw               x1, 124(x2)          x1=1c008da4  x2:10001b38  PA:10001bb4
20298777ns          338605 1c008ecc 07812403 lw               x8, 120(x2)          x8=xxxxxxxx  x2:10001b38  PA:10001bb0
20298797ns          338606 1c008ece 07412483 lw               x9, 116(x2)          x9=00000005  x2:10001b38  PA:10001bac
20299101ns          338621 1c008ed0 07012903 lw               x18, 112(x2)        x18=00204000  x2:10001b38  PA:10001ba8
20299121ns          338622 1c008ed2 06c12983 lw               x19, 108(x2)        x19=00000005  x2:10001b38  PA:10001ba4
20299141ns          338623 1c008ed4 06812a03 lw               x20, 104(x2)        x20=1c01011e  x2:10001b38  PA:10001ba0
20299162ns          338624 1c008ed6 06412a83 lw               x21, 100(x2)        x21=1c010122  x2:10001b38  PA:10001b9c
20299182ns          338625 1c008ed8 06012b03 lw               x22, 96(x2)         x22=xxxxxxxx  x2:10001b38  PA:10001b98
20299202ns          338626 1c008eda 05c12b83 lw               x23, 92(x2)         x23=xxxxxxxx  x2:10001b38  PA:10001b94
20299222ns          338627 1c008edc 05812c03 lw               x24, 88(x2)         x24=xxxxxxxx  x2:10001b38  PA:10001b90
20299243ns          338628 1c008ede 05412c83 lw               x25, 84(x2)         x25=xxxxxxxx  x2:10001b38  PA:10001b8c
20299587ns          338645 1c008ee0 05012d03 lw               x26, 80(x2)         x26=xxxxxxxx  x2:10001b38  PA:10001b88
20299607ns          338646 1c008ee2 04c12d83 lw               x27, 76(x2)         x27=xxxxxxxx  x2:10001b38  PA:10001b84
20299627ns          338647 1c008ee4 08010113 addi             x2, x2, 128          x2=10001bb8  x2:10001b38
20299647ns          338648 1c008ee6 00008067 jalr             x0, x1, 0            x1:1c008da4
20299728ns          338652 1c008da4 01c12083 lw               x1, 28(x2)           x1=1c008780  x2:10001bb8  PA:10001bd4
20299749ns          338653 1c008da6 04010113 addi             x2, x2, 64           x2=10001bf8  x2:10001bb8
20299789ns          338655 1c008da8 00008067 jalr             x0, x1, 0            x1:1c008780
20299931ns          338662 1c008780 00900533 add              x10, x0, x9         x10=00000005  x9:00000005
20299951ns          338663 1c008782 3a6000ef jal              x1, 934              x1=1c008784
20300376ns          338684 1c008b28 002047b7 lui              x15, 0x204000       x15=00204000
20300417ns          338686 1c008b2c 02078793 addi             x15, x15, 32        x15=00204020 x15:00204000
20300821ns          338706 1c008b30 00f50533 add              x10, x10, x15       x10=00204025 x10:00000005 x15:00204020
20300842ns          338707 1c008b32 00751513 slli             x10, x10, 0x7       x10=10201280 x10:00204025
20300862ns          338708 1c008b34 00008067 jalr             x0, x1, 0            x1:1c008784
20300902ns          338710 1c008784 00a00433 add              x8, x0, x10          x8=10201280 x10:10201280
20300923ns          338711 1c008786 1c001bb7 lui              x23, 0x1c001000     x23=1c001000
20300943ns          338712 1c00878a 1c001b37 lui              x22, 0x1c001000     x22=1c001000
20301348ns          338732 1c00878e 1c048e63 beq              x9, x0, 476          x9:00000005
20301388ns          338734 1c008792 7b4b8993 addi             x19, x23, 1972      x19=1c0017b4 x23:1c001000
20301408ns          338735 1c008796 7d4b0913 addi             x18, x22, 2004      x18=1c0017d4 x22:1c001000
20301429ns          338736 1c00879a 002046b7 lui              x13, 0x204000       x13=00204000
20301833ns          338756 1c00879e 21c68793 addi             x15, x13, 540       x15=0020421c x13:00204000
20301854ns          338757 1c0087a2 0007a783 lw               x15, 0(x15)         x15=00010000 x15:0020421c  PA:0020421c
20345815ns          340929 1c0087a4 00249a13 slli             x20, x9, 0x2        x20=00000014  x9:00000005
20345835ns          340930 1c0087a8 2149f803 lw               x16, x20(x19)       x16=100026f8 x20:00000014 x19:1c0017b4  PA:1c0017c8
20346240ns          340950 1c0087ac 0c068593 addi             x11, x13, 192       x11=002040c0 x13:00204000
20346260ns          340951 1c0087b0 0005a783 lw               x15, 0(x11)         x15=00000000 x11:002040c0  PA:002040c0
20361076ns          341683 1c0087b2 002027b7 lui              x15, 0x202000       x15=00202000
20361096ns          341684 1c0087b6 80078793 addi             x15, x15, -2048     x15=00201800 x15:00202000
20361116ns          341685 1c0087ba 0007a603 lw               x12, 0(x15)         x12=00000000 x15:00201800  PA:00201800
20361218ns          341690 1c0087be 00160737 lui              x14, 0x160000       x14=00160000
20361238ns          341691 1c0087c2 00100513 addi             x10, x0, 1          x10=00000001
20361258ns          341692 1c0087c4 04070713 addi             x14, x14, 64        x14=00160040 x14:00160000
20361278ns          341693 1c0087c8 c1674733 p.bset           x14, x14, 0, 22     x14=00560040 x14:00160040
20361298ns          341694 1c0087cc 00e7a023 sw               x14, 0(x15)         x14:00560040 x15:00201800  PA:00201800
20361379ns          341698 1c0087d0 0107a023 sw               x16, 0(x15)         x16:100026f8 x15:00201800  PA:00201800
20361460ns          341702 1c0087d4 1c001837 lui              x16, 0x1c001000     x16=1c001000
20361481ns          341703 1c0087d8 27080813 addi             x16, x16, 624       x16=1c001270 x16:1c001000
20361501ns          341704 1c0087dc 0107a023 sw               x16, 0(x15)         x16:1c001270 x15:00201800  PA:00201800
20361582ns          341708 1c0087e0 0c06a023 sw               x0, 192(x13)        x13:00204000  PA:002040c0
20361602ns          341709 1c0087e4 0005a703 lw               x14, 0(x11)         x14=00000000 x11:002040c0  PA:002040c0
20362108ns          341734 1c0087e6 0047a703 lw               x14, 4(x15)         x14=00030003 x15:00201800  PA:00201804
20362209ns          341739 1c0087ea 40c75733 sra              x14, x14, x12       x14=00030003 x14:00030003 x12:00000000
20362230ns          341740 1c0087ee fc173733 p.bclr           x14, x14, 30, 1     x14=00000001 x14:00030003
20362250ns          341741 1c0087f2 00c51533 sll              x10, x10, x12       x10=00000001 x10:00000001 x12:00000000
20362270ns          341742 1c0087f6 02070363 beq              x14, x0, 38         x14:00000001
20362290ns          341743 1c0087f8 10000713 addi             x14, x0, 256        x14=00000100
20362310ns          341744 1c0087fc 03c68893 addi             x17, x13, 60        x17=0020403c x13:00204000
20362351ns          341746 1c008800 00f00633 add              x12, x0, x15        x12=00201800 x15:00201800
20362391ns          341748 1c008802 0c06a023 sw               x0, 192(x13)        x13:00204000  PA:002040c0
20362412ns          341749 1c008806 00e6a423 sw               x14, 8(x13)         x14:00000100 x13:00204000  PA:00204008
20362432ns          341750 1c00880a 0008a783 lw               x15, 0(x17)         x15=00000100 x17:0020403c  PA:0020403c
20362493ns          341753 1c00880e 00e6a223 sw               x14, 4(x13)         x14:00000100 x13:00204000  PA:00204004
20362513ns          341754 1c008812 0005a783 lw               x15, 0(x11)         x15=00000000 x11:002040c0  PA:002040c0
20362756ns          341766 1c008814 00462783 lw               x15, 4(x12)         x15=00030002 x12:00201800  PA:00201804
20362857ns          341771 1c008818 00a7f7b3 and              x15, x15, x10       x15=00000000 x15:00030002 x10:00000001
20362877ns          341772 1c00881a fe0794e3 bne              x15, x0, -24        x15:00000000
20362897ns          341773 1c00881c 002027b7 lui              x15, 0x202000       x15=00202000
20362918ns          341774 1c008820 80078793 addi             x15, x15, -2048     x15=00201800 x15:00202000
20362938ns          341775 1c008824 00a7a223 sw               x10, 4(x15)         x10:00000001 x15:00201800  PA:00201804
20363019ns          341779 1c008828 00204637 lui              x12, 0x204000       x12=00204000
20363039ns          341780 1c00882c 0c062023 sw               x0, 192(x12)        x12:00204000  PA:002040c0
20363059ns          341781 1c008830 21497883 lw               x17, x20(x18)       x17=10002740 x20:00000014 x18:1c0017d4  PA:1c0017e8
20363363ns          341796 1c008834 0c060713 addi             x14, x12, 192       x14=002040c0 x12:00204000
20363383ns          341797 1c008838 00072683 lw               x13, 0(x14)         x13=00000000 x14:002040c0  PA:002040c0
20363970ns          341826 1c00883a 0007a583 lw               x11, 0(x15)         x11=00000001 x15:00201800  PA:00201800
20364051ns          341830 1c00883e 001606b7 lui              x13, 0x160000       x13=00160000
20364071ns          341831 1c008842 00100513 addi             x10, x0, 1          x10=00000001
20364092ns          341832 1c008844 04068693 addi             x13, x13, 64        x13=00160040 x13:00160000
20364112ns          341833 1c008848 c166c6b3 p.bset           x13, x13, 0, 22     x13=00560040 x13:00160040
20364132ns          341834 1c00884c 00d7a023 sw               x13, 0(x15)         x13:00560040 x15:00201800  PA:00201800
20364233ns          341839 1c008850 0117a023 sw               x17, 0(x15)         x17:10002740 x15:00201800  PA:00201800
20364314ns          341843 1c008854 04080813 addi             x16, x16, 64        x16=1c0012b0 x16:1c001270
20364334ns          341844 1c008858 0107a023 sw               x16, 0(x15)         x16:1c0012b0 x15:00201800  PA:00201800
20364415ns          341848 1c00885c 0c062023 sw               x0, 192(x12)        x12:00204000  PA:002040c0
20364436ns          341849 1c008860 00072683 lw               x13, 0(x14)         x13=00000000 x14:002040c0  PA:002040c0
20364780ns          341866 1c008862 0047a683 lw               x13, 4(x15)         x13=00030002 x15:00201800  PA:00201804
20364881ns          341871 1c008866 40b6d6b3 sra              x13, x13, x11       x13=00018001 x13:00030002 x11:00000001
20364901ns          341872 1c00886a fc16b6b3 p.bclr           x13, x13, 30, 1     x13=00000001 x13:00018001
20364921ns          341873 1c00886e 14068e63 beq              x13, x0, 348        x13:00000001
20364942ns          341874 1c008872 002046b7 lui              x13, 0x204000       x13=00204000
20364962ns          341875 1c008876 00b51533 sll              x10, x10, x11       x10=00000002 x10:00000001 x11:00000001
20364982ns          341876 1c00887a 03c68813 addi             x16, x13, 60        x16=0020403c x13:00204000
20365023ns          341878 1c00887e 10000593 addi             x11, x0, 256        x11=00000100
20365043ns          341879 1c008882 00f00633 add              x12, x0, x15        x12=00201800 x15:00201800
20365063ns          341880 1c008884 0c06a023 sw               x0, 192(x13)        x13:00204000  PA:002040c0
20365083ns          341881 1c008888 00b6a423 sw               x11, 8(x13)         x11:00000100 x13:00204000  PA:00204008
20365104ns          341882 1c00888c 00082783 lw               x15, 0(x16)         x15=00000100 x16:0020403c  PA:0020403c
20365164ns          341885 1c008890 00b6a223 sw               x11, 4(x13)         x11:00000100 x13:00204000  PA:00204004
20365205ns          341887 1c008894 00072783 lw               x15, 0(x14)         x15=00000000 x14:002040c0  PA:002040c0
20365427ns          341898 1c008896 00462783 lw               x15, 4(x12)         x15=00020000 x12:00201800  PA:00201804
20365529ns          341903 1c00889a 00a7f7b3 and              x15, x15, x10       x15=00000000 x15:00020000 x10:00000002
20365549ns          341904 1c00889c fe0794e3 bne              x15, x0, -24        x15:00000000
20365569ns          341905 1c00889e 002027b7 lui              x15, 0x202000       x15=00202000
20365589ns          341906 1c0088a2 80078793 addi             x15, x15, -2048     x15=00201800 x15:00202000
20365610ns          341907 1c0088a6 00a7a223 sw               x10, 4(x15)         x10:00000002 x15:00201800  PA:00201804
20365691ns          341911 1c0088aa 002047b7 lui              x15, 0x204000       x15=00204000
20365711ns          341912 1c0088ae 0c07a023 sw               x0, 192(x15)        x15:00204000  PA:002040c0
20365731ns          341913 1c0088b2 02049463 bne              x9, x0, 40           x9:00000005
20365873ns          341920 1c0088da 002047b7 lui              x15, 0x204000       x15=00204000
20365933ns          341923 1c0088de 21c7a783 lw               x15, 540(x15)       x15=00010000 x15:00204000  PA:0020421c
20370042ns          342126 1c0088e2 00042a23 sw               x0, 20(x8)           x8:10201280  PA:10201294
20370204ns          342134 1c0088e6 2149f583 lw               x11, x20(x19)       x11=100026f8 x20:00000014 x19:1c0017b4  PA:1c0017c8
20370508ns          342149 1c0088ea 00800533 add              x10, x0, x8         x10=10201280  x8:10201280
20370528ns          342150 1c0088ec 02000693 addi             x13, x0, 32         x13=00000020
20370548ns          342151 1c0088f0 04000613 addi             x12, x0, 64         x12=00000040
20370568ns          342152 1c0088f4 174000ef jal              x1, 372              x1=1c0088f6
20370993ns          342173 1c008a68 00450893 addi             x17, x10, 4         x17=10201284 x10:10201280
20371034ns          342175 1c008a6c 0008a783 lw               x15, 0(x17)         x15=00000000 x17:10201284  PA:10201284
20371479ns          342197 1c008a70 0207d163 bge              x15, x0, 34         x15:00000000
20371985ns          342222 1c008a92 04050793 addi             x15, x10, 64        x15=102012c0 x10:10201280
20372005ns          342223 1c008a96 00b7a023 sw               x11, 0(x15)         x11:100026f8 x15:102012c0  PA:102012c0
20372086ns          342227 1c008a9a 02d64633 div              x12, x12, x13       x12=00000002 x12:00000040 x13:00000020
20372694ns          342257 1c008a9e 00c7a223 sw               x12, 4(x15)         x12:00000002 x15:102012c0  PA:102012c4
20372896ns          342267 1c008aa2 00c7a423 sw               x12, 8(x15)         x12:00000002 x15:102012c0  PA:102012c8
20373058ns          342275 1c008aa6 00d7a623 sw               x13, 12(x15)        x13:00000020 x15:102012c0  PA:102012cc
20373179ns          342281 1c008aaa 00052023 sw               x0, 0(x10)          x10:10201280  PA:10201280
20373260ns          342285 1c008aae 00008067 jalr             x0, x1, 0            x1:1c0088f6
20373281ns          342286 1c0088f6 21497583 lw               x11, x20(x18)       x11=10002740 x20:00000014 x18:1c0017d4  PA:1c0017e8
20373584ns          342301 1c0088fa 02000693 addi             x13, x0, 32         x13=00000020
20373604ns          342302 1c0088fe 00800533 add              x10, x0, x8         x10=10201280  x8:10201280
20373645ns          342304 1c008900 04000613 addi             x12, x0, 64         x12=00000040
20373685ns          342306 1c008904 164000ef jal              x1, 356              x1=1c008906
20373726ns          342308 1c008a68 00450893 addi             x17, x10, 4         x17=10201284 x10:10201280
20373746ns          342309 1c008a6c 0008a783 lw               x15, 0(x17)         x15=00000001 x17:10201284  PA:10201284
20373868ns          342315 1c008a70 0207d163 bge              x15, x0, 34         x15:00000001
20374293ns          342336 1c008a92 04050793 addi             x15, x10, 64        x15=102012c0 x10:10201280
20374313ns          342337 1c008a96 00b7a023 sw               x11, 0(x15)         x11:10002740 x15:102012c0  PA:102012c0
20374394ns          342341 1c008a9a 02d64633 div              x12, x12, x13       x12=00000002 x12:00000040 x13:00000020
20374981ns          342370 1c008a9e 00c7a223 sw               x12, 4(x15)         x12:00000002 x15:102012c0  PA:102012c4
20375102ns          342376 1c008aa2 00c7a423 sw               x12, 8(x15)         x12:00000002 x15:102012c0  PA:102012c8
20375264ns          342384 1c008aa6 00d7a623 sw               x13, 12(x15)        x13:00000020 x15:102012c0  PA:102012cc
20375426ns          342392 1c008aaa 00052023 sw               x0, 0(x10)          x10:10201280  PA:10201280
20375547ns          342398 1c008aae 00008067 jalr             x0, x1, 0            x1:1c008906
20375568ns          342399 1c008906 002047b7 lui              x15, 0x204000       x15=00204000
20375588ns          342400 1c00890a 00c40413 addi             x8, x8, 12           x8=1020128c  x8:10201280
20375608ns          342401 1c00890c 000016b7 lui              x13, 0x1000         x13=00001000
20375912ns          342416 1c00890e 03c78713 addi             x14, x15, 60        x14=0020403c x15:00204000
20375952ns          342418 1c008912 00d7a423 sw               x13, 8(x15)         x13:00001000 x15:00204000  PA:00204008
20375972ns          342419 1c008916 00072603 lw               x12, 0(x14)         x12=00001000 x14:0020403c  PA:0020403c
20375993ns          342420 1c008918 00d7a223 sw               x13, 4(x15)         x13:00001000 x15:00204000  PA:00204004
20376033ns          342422 1c00891c 00042603 lw               x12, 0(x8)          x12=00000000  x8:1020128c  PA:1020128c
20376134ns          342427 1c00891e fe061ae3 bne              x12, x0, -12        x12:00000000
20376317ns          342436 1c008920 21c78793 addi             x15, x15, 540       x15=0020421c x15:00204000
20376357ns          342438 1c008924 0007a783 lw               x15, 0(x15)         x15=00010000 x15:0020421c  PA:0020421c
20376499ns          342445 1c008926 00049c63 bne              x9, x0, 24           x9:00000005
20376843ns          342462 1c00893e 02812403 lw               x8, 40(x2)           x8=xxxxxxxx  x2:10001bf8  PA:10001c20
20377308ns          342485 1c008940 21497703 lw               x14, x20(x18)       x14=10002740 x20:00000014 x18:1c0017d4  PA:1c0017e8
20377794ns          342509 1c008944 02c12083 lw               x1, 44(x2)           x1=1c01011e  x2:10001bf8  PA:10001c24
20377814ns          342510 1c008946 02012903 lw               x18, 32(x2)         x18=00204000  x2:10001bf8  PA:10001c18
20377835ns          342511 1c008948 01c12983 lw               x19, 28(x2)         x19=00000005  x2:10001bf8  PA:10001c14
20377855ns          342512 1c00894a 01812a03 lw               x20, 24(x2)         x20=1c01011e  x2:10001bf8  PA:10001c10
20377875ns          342513 1c00894c 01412a83 lw               x21, 20(x2)         x21=1c010122  x2:10001bf8  PA:10001c0c
20377895ns          342514 1c00894e 01012b03 lw               x22, 16(x2)         x22=xxxxxxxx  x2:10001bf8  PA:10001c08
20377916ns          342515 1c008950 00c12b83 lw               x23, 12(x2)         x23=xxxxxxxx  x2:10001bf8  PA:10001c04
20377936ns          342516 1c008952 00812c03 lw               x24, 8(x2)          x24=xxxxxxxx  x2:10001bf8  PA:10001c00
20377956ns          342517 1c008954 1c0016b7 lui              x13, 0x1c001000     x13=1c001000
20377976ns          342518 1c008958 00900633 add              x12, x0, x9         x12=00000005  x9:00000005
20377996ns          342519 1c00895a 02412483 lw               x9, 36(x2)           x9=xxxxxxxx  x2:10001bf8  PA:10001c1c
20378017ns          342520 1c00895c 53068693 addi             x13, x13, 1328      x13=1c001530 x13:1c001000
20378037ns          342521 1c008960 04000593 addi             x11, x0, 64         x11=00000040
20378077ns          342523 1c008964 00200513 addi             x10, x0, 2          x10=00000002
20378098ns          342524 1c008966 03010113 addi             x2, x2, 48           x2=10001c28  x2:10001bf8
20378118ns          342525 1c008968 1480006f jal              x0, 328            
20378219ns          342530 1c008ab0 41f5d793 srai             x15, x11, 0x41f     x15=00000000 x11:00000040
20378239ns          342531 1c008ab4 fa27b7b3 p.bclr           x15, x15, 29, 2     x15=00000000 x15:00000000
20378260ns          342532 1c008ab8 04b7a7db p.addN           x15, x15, x11, 0x2  x15=00000010 x15:00000000 x11:00000040
20378280ns          342533 1c008abc 00c005b3 add              x11, x0, x12        x11=00000005 x12:00000005
20378604ns          342549 1c008abe 04f05e63 bge              x0, x15, 92         x15:00000010
20378624ns          342550 1c008ac2 00279793 slli             x15, x15, 0x2       x15=00000040 x15:00000010
20378644ns          342551 1c008ac4 ffc78793 addi             x15, x15, -4        x15=0000003c x15:00000040
20378664ns          342552 1c008ac6 0027d793 srli             x15, x15, 0x2       x15=0000000f x15:0000003c
20378685ns          342553 1c008ac8 00001eb7 lui              x29, 0x1000         x29=00001000
20378705ns          342554 1c008aca 00d00333 add              x6, x0, x13          x6=1c001530 x13:1c001530
20378725ns          342555 1c008acc 00268e13 addi             x28, x13, 2         x28=1c001532 x13:1c001530
20379029ns          342570 1c008ad0 fffe8e93 addi             x29, x29, -1        x29=00000fff x29:00001000
20379049ns          342571 1c008ad2 00000693 addi             x13, x0, 0          x13=00000000
20379069ns          342572 1c008ad4 00178793 addi             x15, x15, 1         x15=00000010 x15:0000000f
20379089ns          342573 1c008ad6 0127c0fb lp.setup         0x1, x15, 0x12      x15:00000010
20379110ns          342574 1c008ada 0047288b p.lw             x17, 4(x14!)        x17=0e57005c x14=10002744 x14:10002740  PA:10002740
20379535ns          342595 1c008ade 00035803 lhu              x16, 0(x6)          x16=0000005c  x6:1c001530  PA:1c001530
20379859ns          342611 1c008ae2 01d8f633 and              x12, x17, x29       x12=0000005c x17:0e57005c x29:00000fff
20379879ns          342612 1c008ae6 010ef833 and              x16, x29, x16       x16=0000005c x29:00000fff x16:0000005c
20379899ns          342613 1c008aea 10065633 p.exthz          x12, x12, x0        x12=0000005c x12:0000005c
20380344ns          342635 1c008aee 000e5f03 lhu              x30, 0(x28)         x30=00000e57 x28:1c001532  PA:1c001532
20380668ns          342651 1c008af2 00c80b63 beq              x16, x12, 22        x16:0000005c x12:0000005c
20381113ns          342673 1c008b08 0108d893 srli             x17, x17, 0x10      x17=00000e57 x17:0e57005c
20381154ns          342675 1c008b0c 01df7f33 and              x30, x30, x29       x30=00000e57 x30:00000e57 x29:00000fff
20381538ns          342694 1c008b10 01d8f8b3 and              x17, x17, x29       x17=00000e57 x17:00000e57 x29:00000fff
20381579ns          342696 1c008b14 ff1f11e3 bne              x30, x17, -30       x30:00000e57 x17:00000e57
20381599ns          342697 1c008b18 fe1ff06f jal              x0, -32            
20381640ns          342699 1c008af8 00430313 addi             x6, x6, 4            x6=1c001534  x6:1c001530
20381660ns          342700 1c008afa 004e0e13 addi             x28, x28, 4         x28=1c001536 x28:1c001532
20381700ns          342702 1c008ada 0047288b p.lw             x17, 4(x14!)        x17=0f470f14 x14=10002748 x14:10002744  PA:10002744
20381721ns          342703 1c008ade 00035803 lhu              x16, 0(x6)          x16=00000f14  x6:1c001534  PA:1c001534
20382024ns          342718 1c008ae2 01d8f633 and              x12, x17, x29       x12=00000f14 x17:0f470f14 x29:00000fff
20382044ns          342719 1c008ae6 010ef833 and              x16, x29, x16       x16=00000f14 x29:00000fff x16:00000f14
20382065ns          342720 1c008aea 10065633 p.exthz          x12, x12, x0        x12=00000f14 x12:00000f14
20382085ns          342721 1c008aee 000e5f03 lhu              x30, 0(x28)         x30=00000f47 x28:1c001536  PA:1c001536
20382389ns          342736 1c008af2 00c80b63 beq              x16, x12, 22        x16:00000f14 x12:00000f14
20382449ns          342739 1c008b08 0108d893 srli             x17, x17, 0x10      x17=00000f47 x17:0f470f14
20382470ns          342740 1c008b0c 01df7f33 and              x30, x30, x29       x30=00000f47 x30:00000f47 x29:00000fff
20382490ns          342741 1c008b10 01d8f8b3 and              x17, x17, x29       x17=00000f47 x17:00000f47 x29:00000fff
20382510ns          342742 1c008b14 ff1f11e3 bne              x30, x17, -30       x30:00000f47 x17:00000f47
20382530ns          342743 1c008b18 fe1ff06f jal              x0, -32            
20382571ns          342745 1c008af8 00430313 addi             x6, x6, 4            x6=1c001538  x6:1c001534
20382591ns          342746 1c008afa 004e0e13 addi             x28, x28, 4         x28=1c00153a x28:1c001536
20382631ns          342748 1c008ada 0047288b p.lw             x17, 4(x14!)        x17=0e380166 x14=1000274c x14:10002748  PA:10002748
20382652ns          342749 1c008ade 00035803 lhu              x16, 0(x6)          x16=00000166  x6:1c001538  PA:1c001538
20382955ns          342764 1c008ae2 01d8f633 and              x12, x17, x29       x12=00000166 x17:0e380166 x29:00000fff
20382976ns          342765 1c008ae6 010ef833 and              x16, x29, x16       x16=00000166 x29:00000fff x16:00000166
20382996ns          342766 1c008aea 10065633 p.exthz          x12, x12, x0        x12=00000166 x12:00000166
20383016ns          342767 1c008aee 000e5f03 lhu              x30, 0(x28)         x30=00000e38 x28:1c00153a  PA:1c00153a
20383320ns          342782 1c008af2 00c80b63 beq              x16, x12, 22        x16:00000166 x12:00000166
20383380ns          342785 1c008b08 0108d893 srli             x17, x17, 0x10      x17=00000e38 x17:0e380166
20383401ns          342786 1c008b0c 01df7f33 and              x30, x30, x29       x30=00000e38 x30:00000e38 x29:00000fff
20383421ns          342787 1c008b10 01d8f8b3 and              x17, x17, x29       x17=00000e38 x17:00000e38 x29:00000fff
20383441ns          342788 1c008b14 ff1f11e3 bne              x30, x17, -30       x30:00000e38 x17:00000e38
20383461ns          342789 1c008b18 fe1ff06f jal              x0, -32            
20383502ns          342791 1c008af8 00430313 addi             x6, x6, 4            x6=1c00153c  x6:1c001538
20383522ns          342792 1c008afa 004e0e13 addi             x28, x28, 4         x28=1c00153e x28:1c00153a
20383562ns          342794 1c008ada 0047288b p.lw             x17, 4(x14!)        x17=01c202b6 x14=10002750 x14:1000274c  PA:1000274c
20383583ns          342795 1c008ade 00035803 lhu              x16, 0(x6)          x16=000002b6  x6:1c00153c  PA:1c00153c
20383907ns          342811 1c008ae2 01d8f633 and              x12, x17, x29       x12=000002b6 x17:01c202b6 x29:00000fff
20383927ns          342812 1c008ae6 010ef833 and              x16, x29, x16       x16=000002b6 x29:00000fff x16:000002b6
20383947ns          342813 1c008aea 10065633 p.exthz          x12, x12, x0        x12=000002b6 x12:000002b6
20383967ns          342814 1c008aee 000e5f03 lhu              x30, 0(x28)         x30=000001c2 x28:1c00153e  PA:1c00153e
20384271ns          342829 1c008af2 00c80b63 beq              x16, x12, 22        x16:000002b6 x12:000002b6
20384332ns          342832 1c008b08 0108d893 srli             x17, x17, 0x10      x17=000001c2 x17:01c202b6
20384352ns          342833 1c008b0c 01df7f33 and              x30, x30, x29       x30=000001c2 x30:000001c2 x29:00000fff
20384372ns          342834 1c008b10 01d8f8b3 and              x17, x17, x29       x17=000001c2 x17:000001c2 x29:00000fff
20384392ns          342835 1c008b14 ff1f11e3 bne              x30, x17, -30       x30:000001c2 x17:000001c2
20384413ns          342836 1c008b18 fe1ff06f jal              x0, -32            
20384453ns          342838 1c008af8 00430313 addi             x6, x6, 4            x6=1c001540  x6:1c00153c
20384473ns          342839 1c008afa 004e0e13 addi             x28, x28, 4         x28=1c001542 x28:1c00153e
20384514ns          342841 1c008ada 0047288b p.lw             x17, 4(x14!)        x17=0eba0d5c x14=10002754 x14:10002750  PA:10002750
20384534ns          342842 1c008ade 00035803 lhu              x16, 0(x6)          x16=00000d5c  x6:1c001540  PA:1c001540
20384838ns          342857 1c008ae2 01d8f633 and              x12, x17, x29       x12=00000d5c x17:0eba0d5c x29:00000fff
20384858ns          342858 1c008ae6 010ef833 and              x16, x29, x16       x16=00000d5c x29:00000fff x16:00000d5c
20384878ns          342859 1c008aea 10065633 p.exthz          x12, x12, x0        x12=00000d5c x12:00000d5c
20384898ns          342860 1c008aee 000e5f03 lhu              x30, 0(x28)         x30=00000eba x28:1c001542  PA:1c001542
20385202ns          342875 1c008af2 00c80b63 beq              x16, x12, 22        x16:00000d5c x12:00000d5c
20385263ns          342878 1c008b08 0108d893 srli             x17, x17, 0x10      x17=00000eba x17:0eba0d5c
20385283ns          342879 1c008b0c 01df7f33 and              x30, x30, x29       x30=00000eba x30:00000eba x29:00000fff
20385303ns          342880 1c008b10 01d8f8b3 and              x17, x17, x29       x17=00000eba x17:00000eba x29:00000fff
20385323ns          342881 1c008b14 ff1f11e3 bne              x30, x17, -30       x30:00000eba x17:00000eba
20385344ns          342882 1c008b18 fe1ff06f jal              x0, -32            
20385384ns          342884 1c008af8 00430313 addi             x6, x6, 4            x6=1c001544  x6:1c001540
20385404ns          342885 1c008afa 004e0e13 addi             x28, x28, 4         x28=1c001546 x28:1c001542
20385445ns          342887 1c008ada 0047288b p.lw             x17, 4(x14!)        x17=0e380eae x14=10002758 x14:10002754  PA:10002754
20385465ns          342888 1c008ade 00035803 lhu              x16, 0(x6)          x16=00000eae  x6:1c001544  PA:1c001544
20385789ns          342904 1c008ae2 01d8f633 and              x12, x17, x29       x12=00000eae x17:0e380eae x29:00000fff
20385809ns          342905 1c008ae6 010ef833 and              x16, x29, x16       x16=00000eae x29:00000fff x16:00000eae
20385829ns          342906 1c008aea 10065633 p.exthz          x12, x12, x0        x12=00000eae x12:00000eae
20385850ns          342907 1c008aee 000e5f03 lhu              x30, 0(x28)         x30=00000e38 x28:1c001546  PA:1c001546
20386153ns          342922 1c008af2 00c80b63 beq              x16, x12, 22        x16:00000eae x12:00000eae
20386214ns          342925 1c008b08 0108d893 srli             x17, x17, 0x10      x17=00000e38 x17:0e380eae
20386234ns          342926 1c008b0c 01df7f33 and              x30, x30, x29       x30=00000e38 x30:00000e38 x29:00000fff
20386254ns          342927 1c008b10 01d8f8b3 and              x17, x17, x29       x17=00000e38 x17:00000e38 x29:00000fff
20386275ns          342928 1c008b14 ff1f11e3 bne              x30, x17, -30       x30:00000e38 x17:00000e38
20386295ns          342929 1c008b18 fe1ff06f jal              x0, -32            
20386335ns          342931 1c008af8 00430313 addi             x6, x6, 4            x6=1c001548  x6:1c001544
20386356ns          342932 1c008afa 004e0e13 addi             x28, x28, 4         x28=1c00154a x28:1c001546
20386396ns          342934 1c008ada 0047288b p.lw             x17, 4(x14!)        x17=0e8d0157 x14=1000275c x14:10002758  PA:10002758
20386416ns          342935 1c008ade 00035803 lhu              x16, 0(x6)          x16=00000157  x6:1c001548  PA:1c001548
20386720ns          342950 1c008ae2 01d8f633 and              x12, x17, x29       x12=00000157 x17:0e8d0157 x29:00000fff
20386740ns          342951 1c008ae6 010ef833 and              x16, x29, x16       x16=00000157 x29:00000fff x16:00000157
20386760ns          342952 1c008aea 10065633 p.exthz          x12, x12, x0        x12=00000157 x12:00000157
20386781ns          342953 1c008aee 000e5f03 lhu              x30, 0(x28)         x30=00000e8d x28:1c00154a  PA:1c00154a
20387084ns          342968 1c008af2 00c80b63 beq              x16, x12, 22        x16:00000157 x12:00000157
20387145ns          342971 1c008b08 0108d893 srli             x17, x17, 0x10      x17=00000e8d x17:0e8d0157
20387165ns          342972 1c008b0c 01df7f33 and              x30, x30, x29       x30=00000e8d x30:00000e8d x29:00000fff
20387185ns          342973 1c008b10 01d8f8b3 and              x17, x17, x29       x17=00000e8d x17:00000e8d x29:00000fff
20387206ns          342974 1c008b14 ff1f11e3 bne              x30, x17, -30       x30:00000e8d x17:00000e8d
20387226ns          342975 1c008b18 fe1ff06f jal              x0, -32            
20387266ns          342977 1c008af8 00430313 addi             x6, x6, 4            x6=1c00154c  x6:1c001548
20387287ns          342978 1c008afa 004e0e13 addi             x28, x28, 4         x28=1c00154e x28:1c00154a
20387327ns          342980 1c008ada 0047288b p.lw             x17, 4(x14!)        x17=0fb70fdf x14=10002760 x14:1000275c  PA:1000275c
20387347ns          342981 1c008ade 00035803 lhu              x16, 0(x6)          x16=00000fdf  x6:1c00154c  PA:1c00154c
20387651ns          342996 1c008ae2 01d8f633 and              x12, x17, x29       x12=00000fdf x17:0fb70fdf x29:00000fff
20387671ns          342997 1c008ae6 010ef833 and              x16, x29, x16       x16=00000fdf x29:00000fff x16:00000fdf
20387691ns          342998 1c008aea 10065633 p.exthz          x12, x12, x0        x12=00000fdf x12:00000fdf
20387712ns          342999 1c008aee 000e5f03 lhu              x30, 0(x28)         x30=00000fb7 x28:1c00154e  PA:1c00154e
20388015ns          343014 1c008af2 00c80b63 beq              x16, x12, 22        x16:00000fdf x12:00000fdf
20388076ns          343017 1c008b08 0108d893 srli             x17, x17, 0x10      x17=00000fb7 x17:0fb70fdf
20388096ns          343018 1c008b0c 01df7f33 and              x30, x30, x29       x30=00000fb7 x30:00000fb7 x29:00000fff
20388116ns          343019 1c008b10 01d8f8b3 and              x17, x17, x29       x17=00000fb7 x17:00000fb7 x29:00000fff
20388137ns          343020 1c008b14 ff1f11e3 bne              x30, x17, -30       x30:00000fb7 x17:00000fb7
20388157ns          343021 1c008b18 fe1ff06f jal              x0, -32            
20388197ns          343023 1c008af8 00430313 addi             x6, x6, 4            x6=1c001550  x6:1c00154c
20388218ns          343024 1c008afa 004e0e13 addi             x28, x28, 4         x28=1c001552 x28:1c00154e
20388258ns          343026 1c008ada 0047288b p.lw             x17, 4(x14!)        x17=00890230 x14=10002764 x14:10002760  PA:10002760
20388278ns          343027 1c008ade 00035803 lhu              x16, 0(x6)          x16=00000230  x6:1c001550  PA:1c001550
20388602ns          343043 1c008ae2 01d8f633 and              x12, x17, x29       x12=00000230 x17:00890230 x29:00000fff
20388622ns          343044 1c008ae6 010ef833 and              x16, x29, x16       x16=00000230 x29:00000fff x16:00000230
20388643ns          343045 1c008aea 10065633 p.exthz          x12, x12, x0        x12=00000230 x12:00000230
20388663ns          343046 1c008aee 000e5f03 lhu              x30, 0(x28)         x30=00000089 x28:1c001552  PA:1c001552
20388967ns          343061 1c008af2 00c80b63 beq              x16, x12, 22        x16:00000230 x12:00000230
20389027ns          343064 1c008b08 0108d893 srli             x17, x17, 0x10      x17=00000089 x17:00890230
20389048ns          343065 1c008b0c 01df7f33 and              x30, x30, x29       x30=00000089 x30:00000089 x29:00000fff
20389068ns          343066 1c008b10 01d8f8b3 and              x17, x17, x29       x17=00000089 x17:00000089 x29:00000fff
20389088ns          343067 1c008b14 ff1f11e3 bne              x30, x17, -30       x30:00000089 x17:00000089
20389108ns          343068 1c008b18 fe1ff06f jal              x0, -32            
20389149ns          343070 1c008af8 00430313 addi             x6, x6, 4            x6=1c001554  x6:1c001550
20389169ns          343071 1c008afa 004e0e13 addi             x28, x28, 4         x28=1c001556 x28:1c001552
20389209ns          343073 1c008ada 0047288b p.lw             x17, 4(x14!)        x17=0fb10442 x14=10002768 x14:10002764  PA:10002764
20389230ns          343074 1c008ade 00035803 lhu              x16, 0(x6)          x16=00000442  x6:1c001554  PA:1c001554
20389533ns          343089 1c008ae2 01d8f633 and              x12, x17, x29       x12=00000442 x17:0fb10442 x29:00000fff
20389554ns          343090 1c008ae6 010ef833 and              x16, x29, x16       x16=00000442 x29:00000fff x16:00000442
20389574ns          343091 1c008aea 10065633 p.exthz          x12, x12, x0        x12=00000442 x12:00000442
20389594ns          343092 1c008aee 000e5f03 lhu              x30, 0(x28)         x30=00000fb1 x28:1c001556  PA:1c001556
20389898ns          343107 1c008af2 00c80b63 beq              x16, x12, 22        x16:00000442 x12:00000442
20389958ns          343110 1c008b08 0108d893 srli             x17, x17, 0x10      x17=00000fb1 x17:0fb10442
20389979ns          343111 1c008b0c 01df7f33 and              x30, x30, x29       x30=00000fb1 x30:00000fb1 x29:00000fff
20389999ns          343112 1c008b10 01d8f8b3 and              x17, x17, x29       x17=00000fb1 x17:00000fb1 x29:00000fff
20390019ns          343113 1c008b14 ff1f11e3 bne              x30, x17, -30       x30:00000fb1 x17:00000fb1
20390039ns          343114 1c008b18 fe1ff06f jal              x0, -32            
20390080ns          343116 1c008af8 00430313 addi             x6, x6, 4            x6=1c001558  x6:1c001554
20390100ns          343117 1c008afa 004e0e13 addi             x28, x28, 4         x28=1c00155a x28:1c001556
20390140ns          343119 1c008ada 0047288b p.lw             x17, 4(x14!)        x17=004300ad x14=1000276c x14:10002768  PA:10002768
20390161ns          343120 1c008ade 00035803 lhu              x16, 0(x6)          x16=000000ad  x6:1c001558  PA:1c001558
20390464ns          343135 1c008ae2 01d8f633 and              x12, x17, x29       x12=000000ad x17:004300ad x29:00000fff
20390485ns          343136 1c008ae6 010ef833 and              x16, x29, x16       x16=000000ad x29:00000fff x16:000000ad
20390505ns          343137 1c008aea 10065633 p.exthz          x12, x12, x0        x12=000000ad x12:000000ad
20390525ns          343138 1c008aee 000e5f03 lhu              x30, 0(x28)         x30=00000043 x28:1c00155a  PA:1c00155a
20390829ns          343153 1c008af2 00c80b63 beq              x16, x12, 22        x16:000000ad x12:000000ad
20390889ns          343156 1c008b08 0108d893 srli             x17, x17, 0x10      x17=00000043 x17:004300ad
20390910ns          343157 1c008b0c 01df7f33 and              x30, x30, x29       x30=00000043 x30:00000043 x29:00000fff
20390930ns          343158 1c008b10 01d8f8b3 and              x17, x17, x29       x17=00000043 x17:00000043 x29:00000fff
20390950ns          343159 1c008b14 ff1f11e3 bne              x30, x17, -30       x30:00000043 x17:00000043
20390970ns          343160 1c008b18 fe1ff06f jal              x0, -32            
20391011ns          343162 1c008af8 00430313 addi             x6, x6, 4            x6=1c00155c  x6:1c001558
20391031ns          343163 1c008afa 004e0e13 addi             x28, x28, 4         x28=1c00155e x28:1c00155a
20391072ns          343165 1c008ada 0047288b p.lw             x17, 4(x14!)        x17=006d0e2f x14=10002770 x14:1000276c  PA:1000276c
20391092ns          343166 1c008ade 00035803 lhu              x16, 0(x6)          x16=00000e2f  x6:1c00155c  PA:1c00155c
20391395ns          343181 1c008ae2 01d8f633 and              x12, x17, x29       x12=00000e2f x17:006d0e2f x29:00000fff
20391416ns          343182 1c008ae6 010ef833 and              x16, x29, x16       x16=00000e2f x29:00000fff x16:00000e2f
20391436ns          343183 1c008aea 10065633 p.exthz          x12, x12, x0        x12=00000e2f x12:00000e2f
20391456ns          343184 1c008aee 000e5f03 lhu              x30, 0(x28)         x30=0000006d x28:1c00155e  PA:1c00155e
20391780ns          343200 1c008af2 00c80b63 beq              x16, x12, 22        x16:00000e2f x12:00000e2f
20391841ns          343203 1c008b08 0108d893 srli             x17, x17, 0x10      x17=0000006d x17:006d0e2f
20391861ns          343204 1c008b0c 01df7f33 and              x30, x30, x29       x30=0000006d x30:0000006d x29:00000fff
20391881ns          343205 1c008b10 01d8f8b3 and              x17, x17, x29       x17=0000006d x17:0000006d x29:00000fff
20391901ns          343206 1c008b14 ff1f11e3 bne              x30, x17, -30       x30:0000006d x17:0000006d
20391922ns          343207 1c008b18 fe1ff06f jal              x0, -32            
20391962ns          343209 1c008af8 00430313 addi             x6, x6, 4            x6=1c001560  x6:1c00155c
20391982ns          343210 1c008afa 004e0e13 addi             x28, x28, 4         x28=1c001562 x28:1c00155e
20392023ns          343212 1c008ada 0047288b p.lw             x17, 4(x14!)        x17=0d1a0fe2 x14=10002774 x14:10002770  PA:10002770
20392043ns          343213 1c008ade 00035803 lhu              x16, 0(x6)          x16=00000fe2  x6:1c001560  PA:1c001560
20392347ns          343228 1c008ae2 01d8f633 and              x12, x17, x29       x12=00000fe2 x17:0d1a0fe2 x29:00000fff
20392367ns          343229 1c008ae6 010ef833 and              x16, x29, x16       x16=00000fe2 x29:00000fff x16:00000fe2
20392387ns          343230 1c008aea 10065633 p.exthz          x12, x12, x0        x12=00000fe2 x12:00000fe2
20392407ns          343231 1c008aee 000e5f03 lhu              x30, 0(x28)         x30=00000d1a x28:1c001562  PA:1c001562
20392711ns          343246 1c008af2 00c80b63 beq              x16, x12, 22        x16:00000fe2 x12:00000fe2
20392772ns          343249 1c008b08 0108d893 srli             x17, x17, 0x10      x17=00000d1a x17:0d1a0fe2
20392792ns          343250 1c008b0c 01df7f33 and              x30, x30, x29       x30=00000d1a x30:00000d1a x29:00000fff
20392812ns          343251 1c008b10 01d8f8b3 and              x17, x17, x29       x17=00000d1a x17:00000d1a x29:00000fff
20392832ns          343252 1c008b14 ff1f11e3 bne              x30, x17, -30       x30:00000d1a x17:00000d1a
20392853ns          343253 1c008b18 fe1ff06f jal              x0, -32            
20392893ns          343255 1c008af8 00430313 addi             x6, x6, 4            x6=1c001564  x6:1c001560
20392913ns          343256 1c008afa 004e0e13 addi             x28, x28, 4         x28=1c001566 x28:1c001562
20392954ns          343258 1c008ada 0047288b p.lw             x17, 4(x14!)        x17=007803a6 x14=10002778 x14:10002774  PA:10002774
20392974ns          343259 1c008ade 00035803 lhu              x16, 0(x6)          x16=000003a6  x6:1c001564  PA:1c001564
20393278ns          343274 1c008ae2 01d8f633 and              x12, x17, x29       x12=000003a6 x17:007803a6 x29:00000fff
20393298ns          343275 1c008ae6 010ef833 and              x16, x29, x16       x16=000003a6 x29:00000fff x16:000003a6
20393318ns          343276 1c008aea 10065633 p.exthz          x12, x12, x0        x12=000003a6 x12:000003a6
20393338ns          343277 1c008aee 000e5f03 lhu              x30, 0(x28)         x30=00000078 x28:1c001566  PA:1c001566
20393642ns          343292 1c008af2 00c80b63 beq              x16, x12, 22        x16:000003a6 x12:000003a6
20393703ns          343295 1c008b08 0108d893 srli             x17, x17, 0x10      x17=00000078 x17:007803a6
20393723ns          343296 1c008b0c 01df7f33 and              x30, x30, x29       x30=00000078 x30:00000078 x29:00000fff
20393743ns          343297 1c008b10 01d8f8b3 and              x17, x17, x29       x17=00000078 x17:00000078 x29:00000fff
20393763ns          343298 1c008b14 ff1f11e3 bne              x30, x17, -30       x30:00000078 x17:00000078
20393784ns          343299 1c008b18 fe1ff06f jal              x0, -32            
20393824ns          343301 1c008af8 00430313 addi             x6, x6, 4            x6=1c001568  x6:1c001564
20393844ns          343302 1c008afa 004e0e13 addi             x28, x28, 4         x28=1c00156a x28:1c001566
20393885ns          343304 1c008ada 0047288b p.lw             x17, 4(x14!)        x17=0d840e7f x14=1000277c x14:10002778  PA:10002778
20393905ns          343305 1c008ade 00035803 lhu              x16, 0(x6)          x16=00000e7f  x6:1c001568  PA:1c001568
20394269ns          343323 1c008ae2 01d8f633 and              x12, x17, x29       x12=00000e7f x17:0d840e7f x29:00000fff
20394290ns          343324 1c008ae6 010ef833 and              x16, x29, x16       x16=00000e7f x29:00000fff x16:00000e7f
20394310ns          343325 1c008aea 10065633 p.exthz          x12, x12, x0        x12=00000e7f x12:00000e7f
20394330ns          343326 1c008aee 000e5f03 lhu              x30, 0(x28)         x30=00000d84 x28:1c00156a  PA:1c00156a
20394674ns          343343 1c008af2 00c80b63 beq              x16, x12, 22        x16:00000e7f x12:00000e7f
20394735ns          343346 1c008b08 0108d893 srli             x17, x17, 0x10      x17=00000d84 x17:0d840e7f
20394755ns          343347 1c008b0c 01df7f33 and              x30, x30, x29       x30=00000d84 x30:00000d84 x29:00000fff
20394775ns          343348 1c008b10 01d8f8b3 and              x17, x17, x29       x17=00000d84 x17:00000d84 x29:00000fff
20394796ns          343349 1c008b14 ff1f11e3 bne              x30, x17, -30       x30:00000d84 x17:00000d84
20394816ns          343350 1c008b18 fe1ff06f jal              x0, -32            
20394856ns          343352 1c008af8 00430313 addi             x6, x6, 4            x6=1c00156c  x6:1c001568
20394877ns          343353 1c008afa 004e0e13 addi             x28, x28, 4         x28=1c00156e x28:1c00156a
20394917ns          343355 1c008ada 0047288b p.lw             x17, 4(x14!)        x17=0008001d x14=10002780 x14:1000277c  PA:1000277c
20394937ns          343356 1c008ade 00035803 lhu              x16, 0(x6)          x16=0000001d  x6:1c00156c  PA:1c00156c
20395241ns          343371 1c008ae2 01d8f633 and              x12, x17, x29       x12=0000001d x17:0008001d x29:00000fff
20395261ns          343372 1c008ae6 010ef833 and              x16, x29, x16       x16=0000001d x29:00000fff x16:0000001d
20395281ns          343373 1c008aea 10065633 p.exthz          x12, x12, x0        x12=0000001d x12:0000001d
20395302ns          343374 1c008aee 000e5f03 lhu              x30, 0(x28)         x30=00000008 x28:1c00156e  PA:1c00156e
20395605ns          343389 1c008af2 00c80b63 beq              x16, x12, 22        x16:0000001d x12:0000001d
20395666ns          343392 1c008b08 0108d893 srli             x17, x17, 0x10      x17=00000008 x17:0008001d
20395686ns          343393 1c008b0c 01df7f33 and              x30, x30, x29       x30=00000008 x30:00000008 x29:00000fff
20395706ns          343394 1c008b10 01d8f8b3 and              x17, x17, x29       x17=00000008 x17:00000008 x29:00000fff
20395727ns          343395 1c008b14 ff1f11e3 bne              x30, x17, -30       x30:00000008 x17:00000008
20395747ns          343396 1c008b18 fe1ff06f jal              x0, -32            
20395787ns          343398 1c008af8 00430313 addi             x6, x6, 4            x6=1c001570  x6:1c00156c
20395808ns          343399 1c008afa 004e0e13 addi             x28, x28, 4         x28=1c001572 x28:1c00156e
20395828ns          343400 1c008afc 00a00633 add              x12, x0, x10        x12=00000002 x10:00000002
20395848ns          343401 1c008afe 1c001537 lui              x10, 0x1c001000     x10=1c001000
20395868ns          343402 1c008b02 9ac50513 addi             x10, x10, -1620     x10=1c0009ac x10:1c001000
20395889ns          343403 1c008b06 2760006f jal              x0, 630            
20395970ns          343407 1c008d7c fc010113 addi             x2, x2, -64          x2=10001be8  x2:10001c28
20396051ns          343411 1c008d7e 02410313 addi             x6, x2, 36           x6=10001c0c  x2:10001be8
20396071ns          343412 1c008d82 02c12423 sw               x12, 40(x2)         x12:00000002  x2:10001be8  PA:10001c10
20396091ns          343413 1c008d84 00a00633 add              x12, x0, x10        x12=1c0009ac x10:1c0009ac
20396111ns          343414 1c008d86 1c009537 lui              x10, 0x1c009000     x10=1c009000
20396132ns          343415 1c008d8a 02b12223 sw               x11, 36(x2)         x11:00000005  x2:10001be8  PA:10001c0c
20396152ns          343416 1c008d8c 02d12623 sw               x13, 44(x2)         x13:00000000  x2:10001be8  PA:10001c14
20396172ns          343417 1c008d8e 00200593 addi             x11, x0, 2          x11=00000002
20396192ns          343418 1c008d90 006006b3 add              x13, x0, x6         x13=10001c0c  x6:10001c0c
20396233ns          343420 1c008d92 d2050513 addi             x10, x10, -736      x10=1c008d20 x10:1c009000
20396253ns          343421 1c008d96 00112e23 sw               x1, 28(x2)           x1:1c01011e  x2:10001be8  PA:10001c04
20396273ns          343422 1c008d98 02e12823 sw               x14, 48(x2)         x14:10002780  x2:10001be8  PA:10001c18
20396293ns          343423 1c008d9a 02f12a23 sw               x15, 52(x2)         x15:00000010  x2:10001be8  PA:10001c1c
20396314ns          343424 1c008d9c 03012c23 sw               x16, 56(x2)         x16:0000001d  x2:10001be8  PA:10001c20
20396334ns          343425 1c008d9e 03112e23 sw               x17, 60(x2)         x17:00000008  x2:10001be8  PA:10001c24
20396354ns          343426 1c008da0 00612623 sw               x6, 12(x2)           x6:10001c0c  x2:10001be8  PA:10001bf4
20396374ns          343427 1c008da2 fa5ff0ef jal              x1, -92              x1=1c008da4
20396455ns          343431 1c008d46 0640006f jal              x0, 100            
20396496ns          343433 1c008daa f8010113 addi             x2, x2, -128         x2=10001b68  x2:10001be8
20396516ns          343434 1c008dac 06812c23 sw               x8, 120(x2)          x8:xxxxxxxx  x2:10001b68  PA:10001be0
20396536ns          343435 1c008dae 02410713 addi             x14, x2, 36         x14=10001b8c  x2:10001b68
20396577ns          343437 1c008db0 00000413 addi             x8, x0, 0            x8=00000000
20396597ns          343438 1c008db2 07312623 sw               x19, 108(x2)        x19:00000005  x2:10001b68  PA:10001bd4
20396617ns          343439 1c008db4 07412423 sw               x20, 104(x2)        x20:1c01011e  x2:10001b68  PA:10001bd0
20396638ns          343440 1c008db6 07512223 sw               x21, 100(x2)        x21:1c010122  x2:10001b68  PA:10001bcc
20396658ns          343441 1c008db8 05712e23 sw               x23, 92(x2)         x23:xxxxxxxx  x2:10001b68  PA:10001bc4
20396678ns          343442 1c008dba 05812c23 sw               x24, 88(x2)         x24:xxxxxxxx  x2:10001b68  PA:10001bc0
20396698ns          343443 1c008dbc 05a12823 sw               x26, 80(x2)         x26:xxxxxxxx  x2:10001b68  PA:10001bb8
20396718ns          343444 1c008dbe 06112e23 sw               x1, 124(x2)          x1:1c008da4  x2:10001b68  PA:10001be4
20396739ns          343445 1c008dc0 06912a23 sw               x9, 116(x2)          x9:xxxxxxxx  x2:10001b68  PA:10001bdc
20396759ns          343446 1c008dc2 07212823 sw               x18, 112(x2)        x18:00204000  x2:10001b68  PA:10001bd8
20396779ns          343447 1c008dc4 07612023 sw               x22, 96(x2)         x22:xxxxxxxx  x2:10001b68  PA:10001bc8
20396799ns          343448 1c008dc6 05912a23 sw               x25, 84(x2)         x25:xxxxxxxx  x2:10001b68  PA:10001bbc
20396820ns          343449 1c008dc8 05b12623 sw               x27, 76(x2)         x27:xxxxxxxx  x2:10001b68  PA:10001bb4
20396840ns          343450 1c008dca 00a009b3 add              x19, x0, x10        x19=1c008d20 x10:1c008d20
20396860ns          343451 1c008dcc 00b00bb3 add              x23, x0, x11        x23=00000002 x11:00000002
20396880ns          343452 1c008dce 00c00d33 add              x26, x0, x12        x26=1c0009ac x12:1c0009ac
20396901ns          343453 1c008dd0 00d00a33 add              x20, x0, x13        x20=10001c0c x13:10001c0c
20396921ns          343454 1c008dd2 1c001c37 lui              x24, 0x1c001000     x24=1c001000
20396941ns          343455 1c008dd6 00e12023 sw               x14, 0(x2)          x14:10001b8c  x2:10001b68  PA:10001b68
20396961ns          343456 1c008dd8 00800ab3 add              x21, x0, x8         x21=00000000  x8:00000000
20396982ns          343457 1c008dda 00e0006f jal              x0, 14             
20397022ns          343459 1c008de8 000d4503 lbu              x10, 0(x26)         x10=0000000a x26:1c0009ac  PA:1c0009ac
20397326ns          343474 1c008dec 001d0413 addi             x8, x26, 1           x8=1c0009ad x26:1c0009ac
20397346ns          343475 1c008df0 0c050b63 beq              x10, x0, 214        x10:0000000a
20397366ns          343476 1c008df2 02500793 addi             x15, x0, 37         x15=00000025
20397386ns          343477 1c008df6 fef513e3 bne              x10, x15, -26       x10:0000000a x15:00000025
20397508ns          343483 1c008ddc 017005b3 add              x11, x0, x23        x11=00000002 x23:00000002
20397528ns          343484 1c008dde 000980e7 jalr             x1, x19, 0           x1=1c008de0 x19:1c008d20
20397609ns          343488 1c008d20 f14027f3 csrrs            x15, x0, 0xf14      x15=00000005
20397650ns          343490 1c008d24 1a10f6b7 lui              x13, 0x1a10f000     x13=1a10f000
20397670ns          343491 1c008d28 ca5797b3 p.extractu       x15, x15, 5, 5      x15=00000000 x15:00000005
20397690ns          343492 1c008d2c f1402773 csrrs            x14, x0, 0xf14      x14=00000005
20397710ns          343493 1c008d30 00779793 slli             x15, x15, 0x7       x15=00000000 x15:00000000
20397730ns          343494 1c008d32 00371713 slli             x14, x14, 0x3       x14=00000028 x14:00000005
20397751ns          343495 1c008d34 0ff57513 andi             x10, x10, 255       x10=0000000a x10:0000000a
20397771ns          343496 1c008d38 ee873733 p.bclr           x14, x14, 23, 8     x14=00000028 x14:00000028
20397791ns          343497 1c008d3c 00d787b3 add              x15, x15, x13       x15=1a10f000 x15:00000000 x13:1a10f000
20397811ns          343498 1c008d3e 00a767a3 p.sw             x10, x0(x14)        x10:0000000a x14:00000028  PA:1a10f028
20398338ns          343524 1c008d42 00000513 addi             x10, x0, 0          x10=00000000
20398358ns          343525 1c008d44 00008067 jalr             x0, x1, 0            x1:1c008de0
20398398ns          343527 1c008de0 15f52063 p.beqimm         x10, 320            x10:00000000
20398419ns          343528 1c008de4 001a8a93 addi             x21, x21, 1         x21=00000001 x21:00000000
20398439ns          343529 1c008de6 00800d33 add              x26, x0, x8         x26=1c0009ad  x8:1c0009ad
20398459ns          343530 1c008de8 000d4503 lbu              x10, 0(x26)         x10=00000046 x26:1c0009ad  PA:1c0009ad
20398763ns          343545 1c008dec 001d0413 addi             x8, x26, 1           x8=1c0009ae x26:1c0009ad
20398783ns          343546 1c008df0 0c050b63 beq              x10, x0, 214        x10:00000046
20398803ns          343547 1c008df2 02500793 addi             x15, x0, 37         x15=00000025
20398823ns          343548 1c008df6 fef513e3 bne              x10, x15, -26       x10:00000046 x15:00000025
20398884ns          343551 1c008ddc 017005b3 add              x11, x0, x23        x11=00000002 x23:00000002
20398904ns          343552 1c008dde 000980e7 jalr             x1, x19, 0           x1=1c008de0 x19:1c008d20
20398945ns          343554 1c008d20 f14027f3 csrrs            x15, x0, 0xf14      x15=00000005
20398965ns          343555 1c008d24 1a10f6b7 lui              x13, 0x1a10f000     x13=1a10f000
20398985ns          343556 1c008d28 ca5797b3 p.extractu       x15, x15, 5, 5      x15=00000000 x15:00000005
20399006ns          343557 1c008d2c f1402773 csrrs            x14, x0, 0xf14      x14=00000005
20399026ns          343558 1c008d30 00779793 slli             x15, x15, 0x7       x15=00000000 x15:00000000
20399046ns          343559 1c008d32 00371713 slli             x14, x14, 0x3       x14=00000028 x14:00000005
20399066ns          343560 1c008d34 0ff57513 andi             x10, x10, 255       x10=00000046 x10:00000046
20399087ns          343561 1c008d38 ee873733 p.bclr           x14, x14, 23, 8     x14=00000028 x14:00000028
20399107ns          343562 1c008d3c 00d787b3 add              x15, x15, x13       x15=1a10f000 x15:00000000 x13:1a10f000
20399127ns          343563 1c008d3e 00a767a3 p.sw             x10, x0(x14)        x10:00000046 x14:00000028  PA:1a10f028
20399451ns          343579 1c008d42 00000513 addi             x10, x0, 0          x10=00000000
20399471ns          343580 1c008d44 00008067 jalr             x0, x1, 0            x1:1c008de0
20399512ns          343582 1c008de0 15f52063 p.beqimm         x10, 320            x10:00000000
20399532ns          343583 1c008de4 001a8a93 addi             x21, x21, 1         x21=00000002 x21:00000001
20399552ns          343584 1c008de6 00800d33 add              x26, x0, x8         x26=1c0009ae  x8:1c0009ae
20399572ns          343585 1c008de8 000d4503 lbu              x10, 0(x26)         x10=00000046 x26:1c0009ae  PA:1c0009ae
20399876ns          343600 1c008dec 001d0413 addi             x8, x26, 1           x8=1c0009af x26:1c0009ae
20399896ns          343601 1c008df0 0c050b63 beq              x10, x0, 214        x10:00000046
20399916ns          343602 1c008df2 02500793 addi             x15, x0, 37         x15=00000025
20399937ns          343603 1c008df6 fef513e3 bne              x10, x15, -26       x10:00000046 x15:00000025
20399997ns          343606 1c008ddc 017005b3 add              x11, x0, x23        x11=00000002 x23:00000002
20400018ns          343607 1c008dde 000980e7 jalr             x1, x19, 0           x1=1c008de0 x19:1c008d20
20400058ns          343609 1c008d20 f14027f3 csrrs            x15, x0, 0xf14      x15=00000005
20400078ns          343610 1c008d24 1a10f6b7 lui              x13, 0x1a10f000     x13=1a10f000
20400099ns          343611 1c008d28 ca5797b3 p.extractu       x15, x15, 5, 5      x15=00000000 x15:00000005
20400119ns          343612 1c008d2c f1402773 csrrs            x14, x0, 0xf14      x14=00000005
20400139ns          343613 1c008d30 00779793 slli             x15, x15, 0x7       x15=00000000 x15:00000000
20400159ns          343614 1c008d32 00371713 slli             x14, x14, 0x3       x14=00000028 x14:00000005
20400180ns          343615 1c008d34 0ff57513 andi             x10, x10, 255       x10=00000046 x10:00000046
20400200ns          343616 1c008d38 ee873733 p.bclr           x14, x14, 23, 8     x14=00000028 x14:00000028
20400220ns          343617 1c008d3c 00d787b3 add              x15, x15, x13       x15=1a10f000 x15:00000000 x13:1a10f000
20400240ns          343618 1c008d3e 00a767a3 p.sw             x10, x0(x14)        x10:00000046 x14:00000028  PA:1a10f028
20400584ns          343635 1c008d42 00000513 addi             x10, x0, 0          x10=00000000
20400605ns          343636 1c008d44 00008067 jalr             x0, x1, 0            x1:1c008de0
20400645ns          343638 1c008de0 15f52063 p.beqimm         x10, 320            x10:00000000
20400665ns          343639 1c008de4 001a8a93 addi             x21, x21, 1         x21=00000003 x21:00000002
20400686ns          343640 1c008de6 00800d33 add              x26, x0, x8         x26=1c0009af  x8:1c0009af
20400706ns          343641 1c008de8 000d4503 lbu              x10, 0(x26)         x10=00000054 x26:1c0009af  PA:1c0009af
20401030ns          343657 1c008dec 001d0413 addi             x8, x26, 1           x8=1c0009b0 x26:1c0009af
20401050ns          343658 1c008df0 0c050b63 beq              x10, x0, 214        x10:00000054
20401070ns          343659 1c008df2 02500793 addi             x15, x0, 37         x15=00000025
20401090ns          343660 1c008df6 fef513e3 bne              x10, x15, -26       x10:00000054 x15:00000025
20401151ns          343663 1c008ddc 017005b3 add              x11, x0, x23        x11=00000002 x23:00000002
20401171ns          343664 1c008dde 000980e7 jalr             x1, x19, 0           x1=1c008de0 x19:1c008d20
20401212ns          343666 1c008d20 f14027f3 csrrs            x15, x0, 0xf14      x15=00000005
20401232ns          343667 1c008d24 1a10f6b7 lui              x13, 0x1a10f000     x13=1a10f000
20401252ns          343668 1c008d28 ca5797b3 p.extractu       x15, x15, 5, 5      x15=00000000 x15:00000005
20401272ns          343669 1c008d2c f1402773 csrrs            x14, x0, 0xf14      x14=00000005
20401293ns          343670 1c008d30 00779793 slli             x15, x15, 0x7       x15=00000000 x15:00000000
20401313ns          343671 1c008d32 00371713 slli             x14, x14, 0x3       x14=00000028 x14:00000005
20401333ns          343672 1c008d34 0ff57513 andi             x10, x10, 255       x10=00000054 x10:00000054
20401353ns          343673 1c008d38 ee873733 p.bclr           x14, x14, 23, 8     x14=00000028 x14:00000028
20401374ns          343674 1c008d3c 00d787b3 add              x15, x15, x13       x15=1a10f000 x15:00000000 x13:1a10f000
20401394ns          343675 1c008d3e 00a767a3 p.sw             x10, x0(x14)        x10:00000054 x14:00000028  PA:1a10f028
20401718ns          343691 1c008d42 00000513 addi             x10, x0, 0          x10=00000000
20401738ns          343692 1c008d44 00008067 jalr             x0, x1, 0            x1:1c008de0
20401778ns          343694 1c008de0 15f52063 p.beqimm         x10, 320            x10:00000000
20401799ns          343695 1c008de4 001a8a93 addi             x21, x21, 1         x21=00000004 x21:00000003
20401819ns          343696 1c008de6 00800d33 add              x26, x0, x8         x26=1c0009b0  x8:1c0009b0
20401839ns          343697 1c008de8 000d4503 lbu              x10, 0(x26)         x10=00000025 x26:1c0009b0  PA:1c0009b0
20402143ns          343712 1c008dec 001d0413 addi             x8, x26, 1           x8=1c0009b1 x26:1c0009b0
20402163ns          343713 1c008df0 0c050b63 beq              x10, x0, 214        x10:00000025
20402183ns          343714 1c008df2 02500793 addi             x15, x0, 37         x15=00000025
20402204ns          343715 1c008df6 fef513e3 bne              x10, x15, -26       x10:00000025 x15:00000025
20402224ns          343716 1c008dfa 00012a23 sw               x0, 20(x2)           x2:10001b68  PA:10001b7c
20402244ns          343717 1c008dfc 00012823 sw               x0, 16(x2)           x2:10001b68  PA:10001b78
20402264ns          343718 1c008dfe 00012623 sw               x0, 12(x2)           x2:10001b68  PA:10001b74
20402284ns          343719 1c008e00 00012423 sw               x0, 8(x2)            x2:10001b68  PA:10001b70
20402305ns          343720 1c008e02 00012223 sw               x0, 4(x2)            x2:10001b68  PA:10001b6c
20402325ns          343721 1c008e04 02300493 addi             x9, x0, 35           x9=00000023
20402345ns          343722 1c008e08 02d00b13 addi             x22, x0, 45         x22=0000002d
20402365ns          343723 1c008e0c 00044c83 lbu              x25, 0(x8)          x25=00000064  x8:1c0009b1  PA:1c0009b1
20402689ns          343739 1c008e10 00140913 addi             x18, x8, 1          x18=1c0009b2  x8:1c0009b1
20402710ns          343740 1c008e14 019005b3 add              x11, x0, x25        x11=00000064 x25:00000064
20402730ns          343741 1c008e16 9d0c0513 addi             x10, x24, -1584     x10=1c0009d0 x24:1c001000
20402750ns          343742 1c008e1a 01200d33 add              x26, x0, x18        x26=1c0009b2 x18:1c0009b2
20402770ns          343743 1c008e1c 01900db3 add              x27, x0, x25        x27=00000064 x25:00000064
20402790ns          343744 1c008e1e e89ff0ef jal              x1, -376             x1=1c008e20
20402932ns          343751 1c008ca6 00054783 lbu              x15, 0(x10)         x15=0000002d x10:1c0009d0  PA:1c0009d0
20403236ns          343766 1c008caa 0ff5f593 andi             x11, x11, 255       x11=00000064 x11:00000064
20403256ns          343767 1c008cae 00b78c63 beq              x15, x11, 24        x15:0000002d x11:00000064
20403276ns          343768 1c008cb2 00078b63 beq              x15, x0, 22         x15:0000002d
20403296ns          343769 1c008cb4 00150793 addi             x15, x10, 1         x15=1c0009d1 x10:1c0009d0
20403317ns          343770 1c008cb8 0040006f jal              x0, 4              
20403418ns          343775 1c008cbc 00f00533 add              x10, x0, x15        x10=1c0009d1 x15:1c0009d1
20403438ns          343776 1c008cbe 0017c70b p.lbu            x14, 1(x15!)        x14=0000002b x15=1c0009d2 x15:1c0009d1  PA:1c0009d1
20403762ns          343792 1c008cc2 feb71ce3 bne              x14, x11, -8        x14:0000002b x11:00000064
20403823ns          343795 1c008cba 00070763 beq              x14, x0, 14         x14:0000002b
20403843ns          343796 1c008cbc 00f00533 add              x10, x0, x15        x10=1c0009d2 x15:1c0009d2
20403863ns          343797 1c008cbe 0017c70b p.lbu            x14, 1(x15!)        x14=00000020 x15=1c0009d3 x15:1c0009d2  PA:1c0009d2
20404268ns          343817 1c008cc2 feb71ce3 bne              x14, x11, -8        x14:00000020 x11:00000064
20404329ns          343820 1c008cba 00070763 beq              x14, x0, 14         x14:00000020
20404349ns          343821 1c008cbc 00f00533 add              x10, x0, x15        x10=1c0009d3 x15:1c0009d3
20404369ns          343822 1c008cbe 0017c70b p.lbu            x14, 1(x15!)        x14=00000023 x15=1c0009d4 x15:1c0009d3  PA:1c0009d3
20404693ns          343838 1c008cc2 feb71ce3 bne              x14, x11, -8        x14:00000023 x11:00000064
20404754ns          343841 1c008cba 00070763 beq              x14, x0, 14         x14:00000023
20404774ns          343842 1c008cbc 00f00533 add              x10, x0, x15        x10=1c0009d4 x15:1c0009d4
20404794ns          343843 1c008cbe 0017c70b p.lbu            x14, 1(x15!)        x14=00000030 x15=1c0009d5 x15:1c0009d4  PA:1c0009d4
20405118ns          343859 1c008cc2 feb71ce3 bne              x14, x11, -8        x14:00000030 x11:00000064
20405179ns          343862 1c008cba 00070763 beq              x14, x0, 14         x14:00000030
20405199ns          343863 1c008cbc 00f00533 add              x10, x0, x15        x10=1c0009d5 x15:1c0009d5
20405219ns          343864 1c008cbe 0017c70b p.lbu            x14, 1(x15!)        x14=00000000 x15=1c0009d6 x15:1c0009d5  PA:1c0009d5
20405543ns          343880 1c008cc2 feb71ce3 bne              x14, x11, -8        x14:00000000 x11:00000064
20405604ns          343883 1c008cba 00070763 beq              x14, x0, 14         x14:00000000
20405665ns          343886 1c008cc8 0015b593 sltiu            x11, x11, 1         x11=00000000 x11:00000064
20405685ns          343887 1c008ccc 40b005b3 sub              x11, x0, x11        x11=00000000 x11:00000000
20405705ns          343888 1c008cd0 00b57533 and              x10, x10, x11       x10=00000000 x10:1c0009d5 x11:00000000
20405725ns          343889 1c008cd2 00008067 jalr             x0, x1, 0            x1:1c008e20
20405766ns          343891 1c008e20 02050b63 beq              x10, x0, 54         x10:00000000
20405907ns          343898 1c008e56 02a00693 addi             x13, x0, 42         x13=0000002a
20405928ns          343899 1c008e5a 2edc8263 beq              x25, x13, 740       x25:00000064 x13:0000002a
20405988ns          343902 1c008e5e fd0c8693 addi             x13, x25, -48       x13=00000034 x25:00000064
20406009ns          343903 1c008e62 00900593 addi             x11, x0, 9          x11=00000009
20406029ns          343904 1c008e64 00000b13 addi             x22, x0, 0          x22=00000000
20406049ns          343905 1c008e66 0cd5fd63 bgeu             x11, x13, 218       x11:00000009 x13:00000034
20406069ns          343906 1c008e6a 02e00793 addi             x15, x0, 46         x15=0000002e
20406130ns          343909 1c008e6e 28fd8663 beq              x27, x15, 652       x27:00000064 x15:0000002e
20406150ns          343910 1c008e72 01b00433 add              x8, x0, x27          x8=00000064 x27:00000064
20406171ns          343911 1c008e74 fff00493 addi             x9, x0, -1           x9=ffffffff
20406191ns          343912 1c008e76 1c001737 lui              x14, 0x1c001000     x14=1c001000
20406211ns          343913 1c008e7a 01b005b3 add              x11, x0, x27        x11=00000064 x27:00000064
20406231ns          343914 1c008e7c 9d870513 addi             x10, x14, -1576     x10=1c0009d8 x14:1c001000
20406272ns          343916 1c008e80 e27ff0ef jal              x1, -474             x1=1c008e82
20406332ns          343919 1c008ca6 00054783 lbu              x15, 0(x10)         x15=00000068 x10:1c0009d8  PA:1c0009d8
20406636ns          343934 1c008caa 0ff5f593 andi             x11, x11, 255       x11=00000064 x11:00000064
20406656ns          343935 1c008cae 00b78c63 beq              x15, x11, 24        x15:00000068 x11:00000064
20406677ns          343936 1c008cb2 00078b63 beq              x15, x0, 22         x15:00000068
20406697ns          343937 1c008cb4 00150793 addi             x15, x10, 1         x15=1c0009d9 x10:1c0009d8
20406717ns          343938 1c008cb8 0040006f jal              x0, 4              
20406758ns          343940 1c008cbc 00f00533 add              x10, x0, x15        x10=1c0009d9 x15:1c0009d9
20406778ns          343941 1c008cbe 0017c70b p.lbu            x14, 1(x15!)        x14=0000006c x15=1c0009da x15:1c0009d9  PA:1c0009d9
20407142ns          343959 1c008cc2 feb71ce3 bne              x14, x11, -8        x14:0000006c x11:00000064
20407203ns          343962 1c008cba 00070763 beq              x14, x0, 14         x14:0000006c
20407223ns          343963 1c008cbc 00f00533 add              x10, x0, x15        x10=1c0009da x15:1c0009da
20407243ns          343964 1c008cbe 0017c70b p.lbu            x14, 1(x15!)        x14=0000007a x15=1c0009db x15:1c0009da  PA:1c0009da
20407567ns          343980 1c008cc2 feb71ce3 bne              x14, x11, -8        x14:0000007a x11:00000064
20407628ns          343983 1c008cba 00070763 beq              x14, x0, 14         x14:0000007a
20407648ns          343984 1c008cbc 00f00533 add              x10, x0, x15        x10=1c0009db x15:1c0009db
20407668ns          343985 1c008cbe 0017c70b p.lbu            x14, 1(x15!)        x14=00000000 x15=1c0009dc x15:1c0009db  PA:1c0009db
20407992ns          344001 1c008cc2 feb71ce3 bne              x14, x11, -8        x14:00000000 x11:00000064
20408053ns          344004 1c008cba 00070763 beq              x14, x0, 14         x14:00000000
20408114ns          344007 1c008cc8 0015b593 sltiu            x11, x11, 1         x11=00000000 x11:00000064
20408134ns          344008 1c008ccc 40b005b3 sub              x11, x0, x11        x11=00000000 x11:00000000
20408154ns          344009 1c008cd0 00b57533 and              x10, x10, x11       x10=00000000 x10:1c0009db x11:00000000
20408174ns          344010 1c008cd2 00008067 jalr             x0, x1, 0            x1:1c008e82
20408215ns          344012 1c008e82 00000793 addi             x15, x0, 0          x15=00000000
20408235ns          344013 1c008e84 00050f63 beq              x10, x0, 30         x10:00000000
20408478ns          344025 1c008ea2 06700693 addi             x13, x0, 103        x13=00000067
20408498ns          344026 1c008ea6 0bb6ee63 bltu             x13, x27, 188       x13:00000067 x27:00000064
20408518ns          344027 1c008eaa 06500693 addi             x13, x0, 101        x13=00000065
20408579ns          344030 1c008eae 3addf2e3 bgeu             x27, x13, 2980      x27:00000064 x13:00000065
20408620ns          344032 1c008eb2 04700693 addi             x13, x0, 71         x13=00000047
20408640ns          344033 1c008eb6 39b6ed63 bltu             x13, x27, 922       x13:00000047 x27:00000064
20408782ns          344040 1c009250 06300693 addi             x13, x0, 99         x13=00000063
20408822ns          344042 1c009254 70dd8c63 beq              x27, x13, 1816      x27:00000064 x13:00000063
20408842ns          344043 1c009258 d3b6e5e3 bltu             x13, x27, -726      x13:00000063 x27:00000064
20409045ns          344053 1c008f82 06c00693 addi             x13, x0, 108        x13=0000006c
20409065ns          344054 1c008f86 00d78a63 beq              x15, x13, 20        x15:00000000 x13:0000006c
20409085ns          344055 1c008f8a 07a00693 addi             x13, x0, 122        x13=0000007a
20409146ns          344058 1c008f8e 00d78663 beq              x15, x13, 12        x15:00000000 x13:0000007a
20409186ns          344060 1c008f92 04c00693 addi             x13, x0, 76         x13=0000004c
20409207ns          344061 1c008f96 5ed78de3 beq              x15, x13, 3578      x15:00000000 x13:0000004c
20409227ns          344062 1c008f9a 000a2783 lw               x15, 0(x20)         x15=00000005 x20:10001c0c  PA:10001c0c
20409247ns          344063 1c008f9e 004a0a13 addi             x20, x20, 4         x20=10001c10 x20:10001c0c
20409288ns          344065 1c008fa0 41f7d713 srai             x14, x15, 0x41f     x14=00000000 x15:00000005
20409328ns          344067 1c008fa4 01412e23 sw               x20, 28(x2)         x20:10001c10  x2:10001b68  PA:10001b84
20409348ns          344068 1c008fa6 00e12223 sw               x14, 4(x2)          x14:00000000  x2:10001b68  PA:10001b6c
20409368ns          344069 1c008fa8 4e0741e3 blt              x14, x0, 3298       x14:00000000
20409389ns          344070 1c008fac 00c12703 lw               x14, 12(x2)         x14=00000000  x2:10001b68  PA:10001b74
20409429ns          344072 1c008fae 440709e3 beq              x14, x0, 3154       x14:00000000
20409632ns          344082 1c009c00 01012703 lw               x14, 16(x2)         x14=00000000  x2:10001b68  PA:10001b78
20409672ns          344084 1c009c02 22070063 beq              x14, x0, 544        x14:00000000
20409773ns          344089 1c009e22 00412c83 lw               x25, 4(x2)          x25=00000000  x2:10001b68  PA:10001b6c
20409814ns          344091 1c009e24 02410a13 addi             x20, x2, 36         x20=10001b8c  x2:10001b68
20409834ns          344092 1c009e28 998ff06f jal              x0, -3688          
20409915ns          344096 1c008fc0 00f00433 add              x8, x0, x15          x8=00000005 x15:00000005
20409935ns          344097 1c008fc2 01400db3 add              x27, x0, x20        x27=10001b8c x20:10001b8c
20409955ns          344098 1c008fc4 0040006f jal              x0, 4              
20409996ns          344100 1c008fc8 00a00613 addi             x12, x0, 10         x12=0000000a
20410016ns          344101 1c008fca 00000693 addi             x13, x0, 0          x13=00000000
20410036ns          344102 1c008fcc 00800533 add              x10, x0, x8         x10=00000005  x8:00000005
20410057ns          344103 1c008fce 019005b3 add              x11, x0, x25        x11=00000000 x25:00000000
20410077ns          344104 1c008fd0 c2aff0ef jal              x1, -3030            x1=1c008fd4
20410158ns          344108 1c0083fa 00c008b3 add              x17, x0, x12        x17=0000000a x12:0000000a
20410198ns          344110 1c0083fc 00d00733 add              x14, x0, x13        x14=00000000 x13:00000000
20410219ns          344111 1c0083fe 00a007b3 add              x15, x0, x10        x15=00000005 x10:00000005
20410259ns          344113 1c008400 00b00833 add              x16, x0, x11        x16=00000000 x11:00000000
20410300ns          344115 1c008402 1c069863 bne              x13, x0, 464        x13:00000000
20410320ns          344116 1c008406 1c0016b7 lui              x13, 0x1c001000     x13=1c001000
20410340ns          344117 1c00840a 86868693 addi             x13, x13, -1944     x13=1c000868 x13:1c001000
20410401ns          344120 1c00840e 0ac5f863 bgeu             x11, x12, 176       x11:00000000 x12:0000000a
20410421ns          344121 1c008412 00010337 lui              x6, 0x10000          x6=00010000
20410441ns          344122 1c008414 08667e63 bgeu             x12, x6, 156        x12:0000000a  x6:00010000
20410461ns          344123 1c008418 0ff00313 addi             x6, x0, 255          x6=000000ff
20410482ns          344124 1c00841c 00c37363 bgeu             x6, x12, 6           x6:000000ff x12:0000000a
20410603ns          344130 1c008422 00e65333 srl              x6, x12, x14         x6=0000000a x12:0000000a x14:00000000
20410623ns          344131 1c008426 006686b3 add              x13, x13, x6        x13=1c000872 x13:1c000868  x6:0000000a
20410644ns          344132 1c008428 0006ce03 lbu              x28, 0(x13)         x28=00000004 x13:1c000872  PA:1c000872
20410947ns          344147 1c00842c 02000313 addi             x6, x0, 32           x6=00000020
20410967ns          344148 1c008430 00ee0e33 add              x28, x28, x14       x28=00000004 x28:00000004 x14:00000000
20410988ns          344149 1c008432 41c30333 sub              x6, x6, x28          x6=0000001c  x6:00000020 x28:00000004
20411008ns          344150 1c008436 00030c63 beq              x6, x0, 24           x6:0000001c
20411028ns          344151 1c00843a 006595b3 sll              x11, x11, x6        x11=00000000 x11:00000000  x6:0000001c
20411089ns          344154 1c00843e 01c55e33 srl              x28, x10, x28       x28=00000000 x10:00000005 x28:00000004
20411129ns          344156 1c008442 006618b3 sll              x17, x12, x6        x17=a0000000 x12:0000000a  x6:0000001c
20411150ns          344157 1c008446 00be6833 or               x16, x28, x11       x16=00000000 x28:00000000 x11:00000000
20411170ns          344158 1c00844a 006517b3 sll              x15, x10, x6        x15=50000000 x10:00000005  x6:0000001c
20411231ns          344161 1c00844e 0108d613 srli             x12, x17, 0x10      x12=0000a000 x17:a0000000
20411271ns          344163 1c008452 02c87733 remu             x14, x16, x12       x14=00000000 x16:00000000 x12:0000a000
20411656ns          344182 1c008456 02c85833 divu             x16, x16, x12       x16=00000000 x16:00000000 x12:0000a000
20412040ns          344201 1c00845a 01089513 slli             x10, x17, 0x10      x10=00000000 x17:a0000000
20412060ns          344202 1c00845e 01055513 srli             x10, x10, 0x10      x10=00000000 x10:00000000
20412081ns          344203 1c008460 01071713 slli             x14, x14, 0x10      x14=00000000 x14:00000000
20412101ns          344204 1c008462 0107d693 srli             x13, x15, 0x10      x13=00005000 x15:50000000
20412121ns          344205 1c008466 03050833 mul              x16, x10, x16       x16=00000000 x10:00000000 x16:00000000
20412141ns          344206 1c00846a 00e6e6b3 or               x13, x13, x14       x13=00005000 x13:00005000 x14:00000000
20412162ns          344207 1c00846c 0106f863 bgeu             x13, x16, 16        x13:00005000 x16:00000000
20412283ns          344213 1c00847c 410686b3 sub              x13, x13, x16       x13=00005000 x13:00005000 x16:00000000
20412749ns          344236 1c008480 02c6f733 remu             x14, x13, x12       x14=00005000 x13:00005000 x12:0000a000
20413153ns          344256 1c008484 02c6d6b3 divu             x13, x13, x12       x13=00000000 x13:00005000 x12:0000a000
20413538ns          344275 1c008488 01079793 slli             x15, x15, 0x10      x15=00000000 x15:50000000
20413558ns          344276 1c00848a 02d506b3 mul              x13, x10, x13       x13=00000000 x10:00000000 x13:00000000
20413578ns          344277 1c00848e 0107d793 srli             x15, x15, 0x10      x15=00000000 x15:00000000
20413599ns          344278 1c008490 01071513 slli             x10, x14, 0x10      x10=50000000 x14:00005000
20413619ns          344279 1c008494 00a7e7b3 or               x15, x15, x10       x15=50000000 x15:00000000 x10:50000000
20413639ns          344280 1c008496 00d7f863 bgeu             x15, x13, 16        x15:50000000 x13:00000000
20413740ns          344285 1c0084a6 40d787b3 sub              x15, x15, x13       x15=50000000 x15:50000000 x13:00000000
20413761ns          344286 1c0084a8 0067d533 srl              x10, x15, x6        x10=00000005 x15:50000000  x6:0000001c
20413781ns          344287 1c0084ac 00000593 addi             x11, x0, 0          x11=00000000
20413801ns          344288 1c0084ae 00008067 jalr             x0, x1, 0            x1:1c008fd4
20413922ns          344294 1c008fd4 00a00933 add              x18, x0, x10        x18=00000005 x10:00000005
20413943ns          344295 1c008fd6 019005b3 add              x11, x0, x25        x11=00000000 x25:00000000
20413963ns          344296 1c008fd8 00800533 add              x10, x0, x8         x10=00000005  x8:00000005
20413983ns          344297 1c008fda 00a00613 addi             x12, x0, 10         x12=0000000a
20414003ns          344298 1c008fdc 00000693 addi             x13, x0, 0          x13=00000000
20414044ns          344300 1c008fde 8beff0ef jal              x1, -3906            x1=1c008fe2
20414125ns          344304 1c00809c 00b007b3 add              x15, x0, x11        x15=00000000 x11:00000000
20414145ns          344305 1c00809e 00c00833 add              x16, x0, x12        x16=0000000a x12:0000000a
20414489ns          344322 1c0080a0 00d008b3 add              x17, x0, x13        x17=00000000 x13:00000000
20414509ns          344323 1c0080a2 00a00333 add              x6, x0, x10          x6=00000005 x10:00000005
20414530ns          344324 1c0080a4 20069663 bne              x13, x0, 524        x13:00000000
20414550ns          344325 1c0080a8 1c001737 lui              x14, 0x1c001000     x14=1c001000
20414570ns          344326 1c0080ac 86870713 addi             x14, x14, -1944     x14=1c000868 x14:1c001000
20414955ns          344345 1c0080b0 0ac5fe63 bgeu             x11, x12, 188       x11:00000000 x12:0000000a
20414995ns          344347 1c0080b4 000106b7 lui              x13, 0x10000        x13=00010000
20415015ns          344348 1c0080b6 0ad67463 bgeu             x12, x13, 168       x12:0000000a x13:00010000
20415036ns          344349 1c0080ba 0ff00693 addi             x13, x0, 255        x13=000000ff
20415096ns          344352 1c0080be 00c6b6b3 sltu             x13, x13, x12       x13=00000000 x13:000000ff x12:0000000a
20415117ns          344353 1c0080c2 00369693 slli             x13, x13, 0x3       x13=00000000 x13:00000000
20415137ns          344354 1c0080c4 00d658b3 srl              x17, x12, x13       x17=0000000a x12:0000000a x13:00000000
20415157ns          344355 1c0080c8 01170733 add              x14, x14, x17       x14=1c000872 x14:1c000868 x17:0000000a
20415177ns          344356 1c0080ca 00074703 lbu              x14, 0(x14)         x14=00000004 x14:1c000872  PA:1c000872
20415501ns          344372 1c0080ce 00e686b3 add              x13, x13, x14       x13=00000004 x13:00000000 x14:00000004
20415521ns          344373 1c0080d0 02000713 addi             x14, x0, 32         x14=00000020
20415542ns          344374 1c0080d4 40d70733 sub              x14, x14, x13       x14=0000001c x14:00000020 x13:00000004
20415562ns          344375 1c0080d6 00070b63 beq              x14, x0, 22         x14:0000001c
20415582ns          344376 1c0080d8 00e797b3 sll              x15, x15, x14       x15=00000000 x15:00000000 x14:0000001c
20415602ns          344377 1c0080dc 00d556b3 srl              x13, x10, x13       x13=00000000 x10:00000005 x13:00000004
20415987ns          344396 1c0080e0 00e61833 sll              x16, x12, x14       x16=a0000000 x12:0000000a x14:0000001c
20416027ns          344398 1c0080e4 00f6e5b3 or               x11, x13, x15       x11=00000000 x13:00000000 x15:00000000
20416048ns          344399 1c0080e8 00e51333 sll              x6, x10, x14         x6=50000000 x10:00000005 x14:0000001c
20416068ns          344400 1c0080ec 01085513 srli             x10, x16, 0x10      x10=0000a000 x16:a0000000
20416129ns          344403 1c0080f0 02a5f733 remu             x14, x11, x10       x14=00000000 x11:00000000 x10:0000a000
20416533ns          344423 1c0080f4 02a5d7b3 divu             x15, x11, x10       x15=00000000 x11:00000000 x10:0000a000
20416918ns          344442 1c0080f8 01081613 slli             x12, x16, 0x10      x12=00000000 x16:a0000000
20416938ns          344443 1c0080fc 01071713 slli             x14, x14, 0x10      x14=00000000 x14:00000000
20416958ns          344444 1c0080fe 01065613 srli             x12, x12, 0x10      x12=00000000 x12:00000000
20416979ns          344445 1c008100 01035693 srli             x13, x6, 0x10       x13=00005000  x6:50000000
20416999ns          344446 1c008104 00e6e6b3 or               x13, x13, x14       x13=00005000 x13:00005000 x14:00000000
20417019ns          344447 1c008106 02f605b3 mul              x11, x12, x15       x11=00000000 x12:00000000 x15:00000000
20417039ns          344448 1c00810a 00f00733 add              x14, x0, x15        x14=00000000 x15:00000000
20417060ns          344449 1c00810c 00b6fc63 bgeu             x13, x11, 24        x13:00005000 x11:00000000
20417849ns          344488 1c008124 40b686b3 sub              x13, x13, x11       x13=00005000 x13:00005000 x11:00000000
20417890ns          344490 1c008126 02a6f7b3 remu             x15, x13, x10       x15=00005000 x13:00005000 x10:0000a000
20418274ns          344509 1c00812a 02a6d6b3 divu             x13, x13, x10       x13=00000000 x13:00005000 x10:0000a000
20418659ns          344528 1c00812e 01031313 slli             x6, x6, 0x10         x6=00000000  x6:50000000
20418679ns          344529 1c008130 01079793 slli             x15, x15, 0x10      x15=50000000 x15:00005000
20418699ns          344530 1c008132 01035313 srli             x6, x6, 0x10         x6=00000000  x6:00000000
20418719ns          344531 1c008136 02d605b3 mul              x11, x12, x13       x11=00000000 x12:00000000 x13:00000000
20418740ns          344532 1c00813a 0067e333 or               x6, x15, x6          x6=50000000 x15:50000000  x6:00000000
20418760ns          344533 1c00813e 00d00533 add              x10, x0, x13        x10=00000000 x13:00000000
20418800ns          344535 1c008140 00b37b63 bgeu             x6, x11, 22          x6:50000000 x11:00000000
20419246ns          344557 1c008156 01071713 slli             x14, x14, 0x10      x14=00000000 x14:00000000
20419286ns          344559 1c008158 00a76733 or               x14, x14, x10       x14=00000000 x14:00000000 x10:00000000
20419306ns          344560 1c00815a 00000593 addi             x11, x0, 0          x11=00000000
20419327ns          344561 1c00815c 0b20006f jal              x0, 178            
20419448ns          344567 1c00820e 00e00533 add              x10, x0, x14        x10=00000000 x14:00000000
20419529ns          344571 1c008210 00008067 jalr             x0, x1, 0            x1:1c008fe2
20419590ns          344574 1c008fe2 03090913 addi             x18, x18, 48        x18=00000035 x18:00000005
20419610ns          344575 1c008fe6 012d8023 sb               x18, 0(x27)         x18:00000035 x27:10001b8c  PA:10001b8c
20419630ns          344576 1c008fea 00a5e7b3 or               x15, x11, x10       x15=00000000 x11:00000000 x10:00000000
20419691ns          344579 1c008fee 001d8913 addi             x18, x27, 1         x18=10001b8d x27:10001b8c
20419711ns          344580 1c008ff2 00a00433 add              x8, x0, x10          x8=00000000 x10:00000000
20419731ns          344581 1c008ff4 00b00cb3 add              x25, x0, x11        x25=00000000 x11:00000000
20419752ns          344582 1c008ff6 fc0798e3 bne              x15, x0, -48        x15:00000000
20419772ns          344583 1c008ff8 00090023 sb               x0, 0(x18)          x18:10001b8d  PA:10001b8d
20419792ns          344584 1c008ffc 01ba7d63 bgeu             x20, x27, 26        x20:10001b8c x27:10001b8c
20420318ns          344610 1c009016 00012783 lw               x15, 0(x2)          x15=10001b8c  x2:10001b68  PA:10001b68
20420359ns          344612 1c009018 00c12703 lw               x14, 12(x2)         x14=00000000  x2:10001b68  PA:10001b74
20420379ns          344613 1c00901a 40f90933 sub              x18, x18, x15       x18=00000001 x18:10001b8d x15:10001b8c
20420440ns          344616 1c00901e 3c071de3 bne              x14, x0, 3034       x14:00000000
20420460ns          344617 1c009022 01012783 lw               x15, 16(x2)         x15=00000000  x2:10001b68  PA:10001b78
20420500ns          344619 1c009024 3c079ae3 bne              x15, x0, 3028       x15:00000000
20420521ns          344620 1c009028 00412703 lw               x14, 4(x2)          x14=00000000  x2:10001b68  PA:10001b6c
20420581ns          344623 1c00902a 01f75713 srli             x14, x14, 0x1f      x14=00000000 x14:00000000
20420602ns          344624 1c00902c 00e12223 sw               x14, 4(x2)          x14:00000000  x2:10001b68  PA:10001b6c
20420845ns          344636 1c00902e 3404c463 blt              x9, x0, 840          x9:ffffffff
20420946ns          344641 1c009376 00000c93 addi             x25, x0, 0          x25=00000000
20420986ns          344643 1c009378 00012c23 sw               x0, 24(x2)           x2:10001b68  PA:10001b80
20421006ns          344644 1c00937a 00000a13 addi             x20, x0, 0          x20=00000000
20421027ns          344645 1c00937c 01412783 lw               x15, 20(x2)         x15=00000000  x2:10001b68  PA:10001b7c
20421492ns          344668 1c00937e 5e078163 beq              x15, x0, 1506       x15:00000000
20421593ns          344673 1c009960 412b0b33 sub              x22, x22, x18       x22=ffffffff x22:00000000 x18:00000001
20421634ns          344675 1c009964 02410413 addi             x8, x2, 36           x8=10001b8c  x2:10001b68
20421654ns          344676 1c009966 00000493 addi             x9, x0, 0            x9=00000000
20421674ns          344677 1c009968 ee6ff06f jal              x0, -2330          
20421816ns          344684 1c00904e 00812703 lw               x14, 8(x2)          x14=00000000  x2:10001b68  PA:10001b70
20421897ns          344688 1c009050 02071063 bne              x14, x0, 32         x14:00000000
20421938ns          344690 1c009052 01605f63 bge              x0, x22, 30         x22:ffffffff
20422039ns          344695 1c009070 00412783 lw               x15, 4(x2)          x15=00000000  x2:10001b68  PA:10001b6c
20422079ns          344697 1c009072 00f40db3 add              x27, x8, x15        x27=10001b8c  x8:10001b8c x15:00000000
20422099ns          344698 1c009076 00c0006f jal              x0, 12             
20422180ns          344702 1c009082 017005b3 add              x11, x0, x23        x11=00000002 x23:00000002
20422221ns          344704 1c009084 ffb41ae3 bne              x8, x27, -12         x8:10001b8c x27:10001b8c
20422241ns          344705 1c009088 00900db3 add              x27, x0, x9         x27=00000000  x9:00000000
20422261ns          344706 1c00908a 0080006f jal              x0, 8              
20422363ns          344711 1c009092 fffd8d93 addi             x27, x27, -1        x27=ffffffff x27:00000000
20422383ns          344712 1c009094 017005b3 add              x11, x0, x23        x11=00000002 x23:00000002
20422403ns          344713 1c009096 03000513 addi             x10, x0, 48         x10=00000030
20422423ns          344714 1c00909a fffdb9e3 p.bneimm         x27, -14            x27:ffffffff
20422444ns          344715 1c00909e 00412703 lw               x14, 4(x2)          x14=00000000  x2:10001b68  PA:10001b6c
20422484ns          344717 1c0090a0 40e90933 sub              x18, x18, x14       x18=00000001 x18:00000001 x14:00000000
20422524ns          344719 1c0090a4 01212423 sw               x18, 8(x2)          x18:00000001  x2:10001b68  PA:10001b70
20422565ns          344721 1c0090a6 e40a15e3 bne              x20, x0, -438       x20:00000000
20422585ns          344722 1c0090aa 01812783 lw               x15, 24(x2)         x15=00000000  x2:10001b68  PA:10001b80
20422626ns          344724 1c0090ac 16079763 bne              x15, x0, 366        x15:00000000
20422646ns          344725 1c0090b0 120c8863 beq              x25, x0, 304        x25:00000000
20422747ns          344730 1c0091e0 017005b3 add              x11, x0, x23        x11=00000002 x23:00000002
20422788ns          344732 1c0091e2 ff2049e3 blt              x0, x18, -14        x18:00000001
20422889ns          344737 1c0091d4 0014450b p.lbu            x10, 1(x8!)         x10=00000035  x8=10001b8d  x8:10001b8c  PA:10001b8c
20422929ns          344739 1c0091d8 fff90913 addi             x18, x18, -1        x18=00000000 x18:00000001
20422950ns          344740 1c0091da 000980e7 jalr             x1, x19, 0           x1=1c0091dc x19:1c008d20
20423294ns          344757 1c008d20 f14027f3 csrrs            x15, x0, 0xf14      x15=00000005
20423334ns          344759 1c008d24 1a10f6b7 lui              x13, 0x1a10f000     x13=1a10f000
20423354ns          344760 1c008d28 ca5797b3 p.extractu       x15, x15, 5, 5      x15=00000000 x15:00000005
20423375ns          344761 1c008d2c f1402773 csrrs            x14, x0, 0xf14      x14=00000005
20423395ns          344762 1c008d30 00779793 slli             x15, x15, 0x7       x15=00000000 x15:00000000
20423415ns          344763 1c008d32 00371713 slli             x14, x14, 0x3       x14=00000028 x14:00000005
20423435ns          344764 1c008d34 0ff57513 andi             x10, x10, 255       x10=00000035 x10:00000035
20423456ns          344765 1c008d38 ee873733 p.bclr           x14, x14, 23, 8     x14=00000028 x14:00000028
20423476ns          344766 1c008d3c 00d787b3 add              x15, x15, x13       x15=1a10f000 x15:00000000 x13:1a10f000
20423516ns          344768 1c008d3e 00a767a3 p.sw             x10, x0(x14)        x10:00000035 x14:00000028  PA:1a10f028
20423982ns          344791 1c008d42 00000513 addi             x10, x0, 0          x10=00000000
20424002ns          344792 1c008d44 00008067 jalr             x0, x1, 0            x1:1c0091dc
20424083ns          344796 1c0091dc d5f522e3 p.beqimm         x10, -700           x10:00000000
20424123ns          344798 1c0091e0 017005b3 add              x11, x0, x23        x11=00000002 x23:00000002
20424144ns          344799 1c0091e2 ff2049e3 blt              x0, x18, -14        x18:00000000
20424164ns          344800 1c0091e6 00412783 lw               x15, 4(x2)          x15=00000000  x2:10001b68  PA:10001b6c
20424184ns          344801 1c0091e8 01c12a03 lw               x20, 28(x2)         x20=10001c10  x2:10001b68  PA:10001b84
20424204ns          344802 1c0091ea 00fa8733 add              x14, x21, x15       x14=00000004 x21:00000004 x15:00000000
20424225ns          344803 1c0091ee 00812783 lw               x15, 8(x2)          x15=00000001  x2:10001b68  PA:10001b70
20424245ns          344804 1c0091f0 00970733 add              x14, x14, x9        x14=00000004 x14:00000004  x9:00000000
20424285ns          344806 1c0091f2 00e78ab3 add              x21, x15, x14       x21=00000005 x15:00000001 x14:00000004
20424306ns          344807 1c0091f6 bf6059e3 bge              x0, x22, -1038      x22:ffffffff
20424468ns          344815 1c008de8 000d4503 lbu              x10, 0(x26)         x10=00000020 x26:1c0009b2  PA:1c0009b2
20424791ns          344831 1c008dec 001d0413 addi             x8, x26, 1           x8=1c0009b3 x26:1c0009b2
20424812ns          344832 1c008df0 0c050b63 beq              x10, x0, 214        x10:00000020
20424832ns          344833 1c008df2 02500793 addi             x15, x0, 37         x15=00000025
20424852ns          344834 1c008df6 fef513e3 bne              x10, x15, -26       x10:00000020 x15:00000025
20425014ns          344842 1c008ddc 017005b3 add              x11, x0, x23        x11=00000002 x23:00000002
20425034ns          344843 1c008dde 000980e7 jalr             x1, x19, 0           x1=1c008de0 x19:1c008d20
20425075ns          344845 1c008d20 f14027f3 csrrs            x15, x0, 0xf14      x15=00000005
20425095ns          344846 1c008d24 1a10f6b7 lui              x13, 0x1a10f000     x13=1a10f000
20425115ns          344847 1c008d28 ca5797b3 p.extractu       x15, x15, 5, 5      x15=00000000 x15:00000005
20425135ns          344848 1c008d2c f1402773 csrrs            x14, x0, 0xf14      x14=00000005
20425156ns          344849 1c008d30 00779793 slli             x15, x15, 0x7       x15=00000000 x15:00000000
20425176ns          344850 1c008d32 00371713 slli             x14, x14, 0x3       x14=00000028 x14:00000005
20425196ns          344851 1c008d34 0ff57513 andi             x10, x10, 255       x10=00000020 x10:00000020
20425216ns          344852 1c008d38 ee873733 p.bclr           x14, x14, 23, 8     x14=00000028 x14:00000028
20425237ns          344853 1c008d3c 00d787b3 add              x15, x15, x13       x15=1a10f000 x15:00000000 x13:1a10f000
20425257ns          344854 1c008d3e 00a767a3 p.sw             x10, x0(x14)        x10:00000020 x14:00000028  PA:1a10f028
20425581ns          344870 1c008d42 00000513 addi             x10, x0, 0          x10=00000000
20425601ns          344871 1c008d44 00008067 jalr             x0, x1, 0            x1:1c008de0
20425641ns          344873 1c008de0 15f52063 p.beqimm         x10, 320            x10:00000000
20425662ns          344874 1c008de4 001a8a93 addi             x21, x21, 1         x21=00000006 x21:00000005
20425682ns          344875 1c008de6 00800d33 add              x26, x0, x8         x26=1c0009b3  x8:1c0009b3
20425702ns          344876 1c008de8 000d4503 lbu              x10, 0(x26)         x10=00000054 x26:1c0009b3  PA:1c0009b3
20426006ns          344891 1c008dec 001d0413 addi             x8, x26, 1           x8=1c0009b4 x26:1c0009b3
20426026ns          344892 1c008df0 0c050b63 beq              x10, x0, 214        x10:00000054
20426046ns          344893 1c008df2 02500793 addi             x15, x0, 37         x15=00000025
20426066ns          344894 1c008df6 fef513e3 bne              x10, x15, -26       x10:00000054 x15:00000025
20426127ns          344897 1c008ddc 017005b3 add              x11, x0, x23        x11=00000002 x23:00000002
20426147ns          344898 1c008dde 000980e7 jalr             x1, x19, 0           x1=1c008de0 x19:1c008d20
20426188ns          344900 1c008d20 f14027f3 csrrs            x15, x0, 0xf14      x15=00000005
20426208ns          344901 1c008d24 1a10f6b7 lui              x13, 0x1a10f000     x13=1a10f000
20426228ns          344902 1c008d28 ca5797b3 p.extractu       x15, x15, 5, 5      x15=00000000 x15:00000005
20426249ns          344903 1c008d2c f1402773 csrrs            x14, x0, 0xf14      x14=00000005
20426269ns          344904 1c008d30 00779793 slli             x15, x15, 0x7       x15=00000000 x15:00000000
20426289ns          344905 1c008d32 00371713 slli             x14, x14, 0x3       x14=00000028 x14:00000005
20426309ns          344906 1c008d34 0ff57513 andi             x10, x10, 255       x10=00000054 x10:00000054
20426330ns          344907 1c008d38 ee873733 p.bclr           x14, x14, 23, 8     x14=00000028 x14:00000028
20426350ns          344908 1c008d3c 00d787b3 add              x15, x15, x13       x15=1a10f000 x15:00000000 x13:1a10f000
20426370ns          344909 1c008d3e 00a767a3 p.sw             x10, x0(x14)        x10:00000054 x14:00000028  PA:1a10f028
20426694ns          344925 1c008d42 00000513 addi             x10, x0, 0          x10=00000000
20426714ns          344926 1c008d44 00008067 jalr             x0, x1, 0            x1:1c008de0
20426755ns          344928 1c008de0 15f52063 p.beqimm         x10, 320            x10:00000000
20426775ns          344929 1c008de4 001a8a93 addi             x21, x21, 1         x21=00000007 x21:00000006
20426795ns          344930 1c008de6 00800d33 add              x26, x0, x8         x26=1c0009b4  x8:1c0009b4
20426815ns          344931 1c008de8 000d4503 lbu              x10, 0(x26)         x10=00000061 x26:1c0009b4  PA:1c0009b4
20427119ns          344946 1c008dec 001d0413 addi             x8, x26, 1           x8=1c0009b5 x26:1c0009b4
20427139ns          344947 1c008df0 0c050b63 beq              x10, x0, 214        x10:00000061
20427159ns          344948 1c008df2 02500793 addi             x15, x0, 37         x15=00000025
20427180ns          344949 1c008df6 fef513e3 bne              x10, x15, -26       x10:00000061 x15:00000025
20427240ns          344952 1c008ddc 017005b3 add              x11, x0, x23        x11=00000002 x23:00000002
20427261ns          344953 1c008dde 000980e7 jalr             x1, x19, 0           x1=1c008de0 x19:1c008d20
20427301ns          344955 1c008d20 f14027f3 csrrs            x15, x0, 0xf14      x15=00000005
20427321ns          344956 1c008d24 1a10f6b7 lui              x13, 0x1a10f000     x13=1a10f000
20427342ns          344957 1c008d28 ca5797b3 p.extractu       x15, x15, 5, 5      x15=00000000 x15:00000005
20427362ns          344958 1c008d2c f1402773 csrrs            x14, x0, 0xf14      x14=00000005
20427382ns          344959 1c008d30 00779793 slli             x15, x15, 0x7       x15=00000000 x15:00000000
20427402ns          344960 1c008d32 00371713 slli             x14, x14, 0x3       x14=00000028 x14:00000005
20427423ns          344961 1c008d34 0ff57513 andi             x10, x10, 255       x10=00000061 x10:00000061
20427443ns          344962 1c008d38 ee873733 p.bclr           x14, x14, 23, 8     x14=00000028 x14:00000028
20427463ns          344963 1c008d3c 00d787b3 add              x15, x15, x13       x15=1a10f000 x15:00000000 x13:1a10f000
20427483ns          344964 1c008d3e 00a767a3 p.sw             x10, x0(x14)        x10:00000061 x14:00000028  PA:1a10f028
20427807ns          344980 1c008d42 00000513 addi             x10, x0, 0          x10=00000000
20427827ns          344981 1c008d44 00008067 jalr             x0, x1, 0            x1:1c008de0
20427868ns          344983 1c008de0 15f52063 p.beqimm         x10, 320            x10:00000000
20427888ns          344984 1c008de4 001a8a93 addi             x21, x21, 1         x21=00000008 x21:00000007
20427908ns          344985 1c008de6 00800d33 add              x26, x0, x8         x26=1c0009b5  x8:1c0009b5
20427929ns          344986 1c008de8 000d4503 lbu              x10, 0(x26)         x10=00000073 x26:1c0009b5  PA:1c0009b5
20428232ns          345001 1c008dec 001d0413 addi             x8, x26, 1           x8=1c0009b6 x26:1c0009b5
20428252ns          345002 1c008df0 0c050b63 beq              x10, x0, 214        x10:00000073
20428273ns          345003 1c008df2 02500793 addi             x15, x0, 37         x15=00000025
20428293ns          345004 1c008df6 fef513e3 bne              x10, x15, -26       x10:00000073 x15:00000025
20428354ns          345007 1c008ddc 017005b3 add              x11, x0, x23        x11=00000002 x23:00000002
20428374ns          345008 1c008dde 000980e7 jalr             x1, x19, 0           x1=1c008de0 x19:1c008d20
20428414ns          345010 1c008d20 f14027f3 csrrs            x15, x0, 0xf14      x15=00000005
20428435ns          345011 1c008d24 1a10f6b7 lui              x13, 0x1a10f000     x13=1a10f000
20428455ns          345012 1c008d28 ca5797b3 p.extractu       x15, x15, 5, 5      x15=00000000 x15:00000005
20428475ns          345013 1c008d2c f1402773 csrrs            x14, x0, 0xf14      x14=00000005
20428495ns          345014 1c008d30 00779793 slli             x15, x15, 0x7       x15=00000000 x15:00000000
20428516ns          345015 1c008d32 00371713 slli             x14, x14, 0x3       x14=00000028 x14:00000005
20428536ns          345016 1c008d34 0ff57513 andi             x10, x10, 255       x10=00000073 x10:00000073
20428556ns          345017 1c008d38 ee873733 p.bclr           x14, x14, 23, 8     x14=00000028 x14:00000028
20428576ns          345018 1c008d3c 00d787b3 add              x15, x15, x13       x15=1a10f000 x15:00000000 x13:1a10f000
20428596ns          345019 1c008d3e 00a767a3 p.sw             x10, x0(x14)        x10:00000073 x14:00000028  PA:1a10f028
20428920ns          345035 1c008d42 00000513 addi             x10, x0, 0          x10=00000000
20428941ns          345036 1c008d44 00008067 jalr             x0, x1, 0            x1:1c008de0
20428981ns          345038 1c008de0 15f52063 p.beqimm         x10, 320            x10:00000000
20429001ns          345039 1c008de4 001a8a93 addi             x21, x21, 1         x21=00000009 x21:00000008
20429022ns          345040 1c008de6 00800d33 add              x26, x0, x8         x26=1c0009b6  x8:1c0009b6
20429042ns          345041 1c008de8 000d4503 lbu              x10, 0(x26)         x10=0000006b x26:1c0009b6  PA:1c0009b6
20429345ns          345056 1c008dec 001d0413 addi             x8, x26, 1           x8=1c0009b7 x26:1c0009b6
20429366ns          345057 1c008df0 0c050b63 beq              x10, x0, 214        x10:0000006b
20429386ns          345058 1c008df2 02500793 addi             x15, x0, 37         x15=00000025
20429406ns          345059 1c008df6 fef513e3 bne              x10, x15, -26       x10:0000006b x15:00000025
20429467ns          345062 1c008ddc 017005b3 add              x11, x0, x23        x11=00000002 x23:00000002
20429487ns          345063 1c008dde 000980e7 jalr             x1, x19, 0           x1=1c008de0 x19:1c008d20
20429528ns          345065 1c008d20 f14027f3 csrrs            x15, x0, 0xf14      x15=00000005
20429548ns          345066 1c008d24 1a10f6b7 lui              x13, 0x1a10f000     x13=1a10f000
20429568ns          345067 1c008d28 ca5797b3 p.extractu       x15, x15, 5, 5      x15=00000000 x15:00000005
20429588ns          345068 1c008d2c f1402773 csrrs            x14, x0, 0xf14      x14=00000005
20429608ns          345069 1c008d30 00779793 slli             x15, x15, 0x7       x15=00000000 x15:00000000
20429629ns          345070 1c008d32 00371713 slli             x14, x14, 0x3       x14=00000028 x14:00000005
20429649ns          345071 1c008d34 0ff57513 andi             x10, x10, 255       x10=0000006b x10:0000006b
20429669ns          345072 1c008d38 ee873733 p.bclr           x14, x14, 23, 8     x14=00000028 x14:00000028
20429689ns          345073 1c008d3c 00d787b3 add              x15, x15, x13       x15=1a10f000 x15:00000000 x13:1a10f000
20429710ns          345074 1c008d3e 00a767a3 p.sw             x10, x0(x14)        x10:0000006b x14:00000028  PA:1a10f028
20430034ns          345090 1c008d42 00000513 addi             x10, x0, 0          x10=00000000
20430054ns          345091 1c008d44 00008067 jalr             x0, x1, 0            x1:1c008de0
20430094ns          345093 1c008de0 15f52063 p.beqimm         x10, 320            x10:00000000
20430114ns          345094 1c008de4 001a8a93 addi             x21, x21, 1         x21=0000000a x21:00000009
20430135ns          345095 1c008de6 00800d33 add              x26, x0, x8         x26=1c0009b7  x8:1c0009b7
20430155ns          345096 1c008de8 000d4503 lbu              x10, 0(x26)         x10=00000020 x26:1c0009b7  PA:1c0009b7
20430459ns          345111 1c008dec 001d0413 addi             x8, x26, 1           x8=1c0009b8 x26:1c0009b7
20430479ns          345112 1c008df0 0c050b63 beq              x10, x0, 214        x10:00000020
20430499ns          345113 1c008df2 02500793 addi             x15, x0, 37         x15=00000025
20430519ns          345114 1c008df6 fef513e3 bne              x10, x15, -26       x10:00000020 x15:00000025
20430580ns          345117 1c008ddc 017005b3 add              x11, x0, x23        x11=00000002 x23:00000002
20430600ns          345118 1c008dde 000980e7 jalr             x1, x19, 0           x1=1c008de0 x19:1c008d20
20430641ns          345120 1c008d20 f14027f3 csrrs            x15, x0, 0xf14      x15=00000005
20430661ns          345121 1c008d24 1a10f6b7 lui              x13, 0x1a10f000     x13=1a10f000
20430681ns          345122 1c008d28 ca5797b3 p.extractu       x15, x15, 5, 5      x15=00000000 x15:00000005
20430701ns          345123 1c008d2c f1402773 csrrs            x14, x0, 0xf14      x14=00000005
20430722ns          345124 1c008d30 00779793 slli             x15, x15, 0x7       x15=00000000 x15:00000000
20430742ns          345125 1c008d32 00371713 slli             x14, x14, 0x3       x14=00000028 x14:00000005
20430762ns          345126 1c008d34 0ff57513 andi             x10, x10, 255       x10=00000020 x10:00000020
20430782ns          345127 1c008d38 ee873733 p.bclr           x14, x14, 23, 8     x14=00000028 x14:00000028
20430803ns          345128 1c008d3c 00d787b3 add              x15, x15, x13       x15=1a10f000 x15:00000000 x13:1a10f000
20430823ns          345129 1c008d3e 00a767a3 p.sw             x10, x0(x14)        x10:00000020 x14:00000028  PA:1a10f028
20431147ns          345145 1c008d42 00000513 addi             x10, x0, 0          x10=00000000
20431167ns          345146 1c008d44 00008067 jalr             x0, x1, 0            x1:1c008de0
20431207ns          345148 1c008de0 15f52063 p.beqimm         x10, 320            x10:00000000
20431228ns          345149 1c008de4 001a8a93 addi             x21, x21, 1         x21=0000000b x21:0000000a
20431248ns          345150 1c008de6 00800d33 add              x26, x0, x8         x26=1c0009b8  x8:1c0009b8
20431268ns          345151 1c008de8 000d4503 lbu              x10, 0(x26)         x10=00000025 x26:1c0009b8  PA:1c0009b8
20431572ns          345166 1c008dec 001d0413 addi             x8, x26, 1           x8=1c0009b9 x26:1c0009b8
20431592ns          345167 1c008df0 0c050b63 beq              x10, x0, 214        x10:00000025
20431612ns          345168 1c008df2 02500793 addi             x15, x0, 37         x15=00000025
20431632ns          345169 1c008df6 fef513e3 bne              x10, x15, -26       x10:00000025 x15:00000025
20431653ns          345170 1c008dfa 00012a23 sw               x0, 20(x2)           x2:10001b68  PA:10001b7c
20431673ns          345171 1c008dfc 00012823 sw               x0, 16(x2)           x2:10001b68  PA:10001b78
20431693ns          345172 1c008dfe 00012623 sw               x0, 12(x2)           x2:10001b68  PA:10001b74
20431713ns          345173 1c008e00 00012423 sw               x0, 8(x2)            x2:10001b68  PA:10001b70
20431734ns          345174 1c008e02 00012223 sw               x0, 4(x2)            x2:10001b68  PA:10001b6c
20431754ns          345175 1c008e04 02300493 addi             x9, x0, 35           x9=00000023
20431774ns          345176 1c008e08 02d00b13 addi             x22, x0, 45         x22=0000002d
20431794ns          345177 1c008e0c 00044c83 lbu              x25, 0(x8)          x25=00000064  x8:1c0009b9  PA:1c0009b9
20432118ns          345193 1c008e10 00140913 addi             x18, x8, 1          x18=1c0009ba  x8:1c0009b9
20432138ns          345194 1c008e14 019005b3 add              x11, x0, x25        x11=00000064 x25:00000064
20432159ns          345195 1c008e16 9d0c0513 addi             x10, x24, -1584     x10=1c0009d0 x24:1c001000
20432179ns          345196 1c008e1a 01200d33 add              x26, x0, x18        x26=1c0009ba x18:1c0009ba
20432199ns          345197 1c008e1c 01900db3 add              x27, x0, x25        x27=00000064 x25:00000064
20432219ns          345198 1c008e1e e89ff0ef jal              x1, -376             x1=1c008e20
20432361ns          345205 1c008ca6 00054783 lbu              x15, 0(x10)         x15=0000002d x10:1c0009d0  PA:1c0009d0
20432665ns          345220 1c008caa 0ff5f593 andi             x11, x11, 255       x11=00000064 x11:00000064
20432685ns          345221 1c008cae 00b78c63 beq              x15, x11, 24        x15:0000002d x11:00000064
20432705ns          345222 1c008cb2 00078b63 beq              x15, x0, 22         x15:0000002d
20432725ns          345223 1c008cb4 00150793 addi             x15, x10, 1         x15=1c0009d1 x10:1c0009d0
20432746ns          345224 1c008cb8 0040006f jal              x0, 4              
20432847ns          345229 1c008cbc 00f00533 add              x10, x0, x15        x10=1c0009d1 x15:1c0009d1
20432867ns          345230 1c008cbe 0017c70b p.lbu            x14, 1(x15!)        x14=0000002b x15=1c0009d2 x15:1c0009d1  PA:1c0009d1
20433191ns          345246 1c008cc2 feb71ce3 bne              x14, x11, -8        x14:0000002b x11:00000064
20433252ns          345249 1c008cba 00070763 beq              x14, x0, 14         x14:0000002b
20433272ns          345250 1c008cbc 00f00533 add              x10, x0, x15        x10=1c0009d2 x15:1c0009d2
20433292ns          345251 1c008cbe 0017c70b p.lbu            x14, 1(x15!)        x14=00000020 x15=1c0009d3 x15:1c0009d2  PA:1c0009d2
20433616ns          345267 1c008cc2 feb71ce3 bne              x14, x11, -8        x14:00000020 x11:00000064
20433677ns          345270 1c008cba 00070763 beq              x14, x0, 14         x14:00000020
20433697ns          345271 1c008cbc 00f00533 add              x10, x0, x15        x10=1c0009d3 x15:1c0009d3
20433717ns          345272 1c008cbe 0017c70b p.lbu            x14, 1(x15!)        x14=00000023 x15=1c0009d4 x15:1c0009d3  PA:1c0009d3
20434041ns          345288 1c008cc2 feb71ce3 bne              x14, x11, -8        x14:00000023 x11:00000064
20434102ns          345291 1c008cba 00070763 beq              x14, x0, 14         x14:00000023
20434122ns          345292 1c008cbc 00f00533 add              x10, x0, x15        x10=1c0009d4 x15:1c0009d4
20434142ns          345293 1c008cbe 0017c70b p.lbu            x14, 1(x15!)        x14=00000030 x15=1c0009d5 x15:1c0009d4  PA:1c0009d4
20434466ns          345309 1c008cc2 feb71ce3 bne              x14, x11, -8        x14:00000030 x11:00000064
20434527ns          345312 1c008cba 00070763 beq              x14, x0, 14         x14:00000030
20434547ns          345313 1c008cbc 00f00533 add              x10, x0, x15        x10=1c0009d5 x15:1c0009d5
20434567ns          345314 1c008cbe 0017c70b p.lbu            x14, 1(x15!)        x14=00000000 x15=1c0009d6 x15:1c0009d5  PA:1c0009d5
20434891ns          345330 1c008cc2 feb71ce3 bne              x14, x11, -8        x14:00000000 x11:00000064
20434952ns          345333 1c008cba 00070763 beq              x14, x0, 14         x14:00000000
20435013ns          345336 1c008cc8 0015b593 sltiu            x11, x11, 1         x11=00000000 x11:00000064
20435033ns          345337 1c008ccc 40b005b3 sub              x11, x0, x11        x11=00000000 x11:00000000
20435053ns          345338 1c008cd0 00b57533 and              x10, x10, x11       x10=00000000 x10:1c0009d5 x11:00000000
20435073ns          345339 1c008cd2 00008067 jalr             x0, x1, 0            x1:1c008e20
20435114ns          345341 1c008e20 02050b63 beq              x10, x0, 54         x10:00000000
20435559ns          345363 1c008e56 02a00693 addi             x13, x0, 42         x13=0000002a
20435579ns          345364 1c008e5a 2edc8263 beq              x25, x13, 740       x25:00000064 x13:0000002a
20435640ns          345367 1c008e5e fd0c8693 addi             x13, x25, -48       x13=00000034 x25:00000064
20435660ns          345368 1c008e62 00900593 addi             x11, x0, 9          x11=00000009
20435680ns          345369 1c008e64 00000b13 addi             x22, x0, 0          x22=00000000
20435701ns          345370 1c008e66 0cd5fd63 bgeu             x11, x13, 218       x11:00000009 x13:00000034
20435721ns          345371 1c008e6a 02e00793 addi             x15, x0, 46         x15=0000002e
20435782ns          345374 1c008e6e 28fd8663 beq              x27, x15, 652       x27:00000064 x15:0000002e
20435802ns          345375 1c008e72 01b00433 add              x8, x0, x27          x8=00000064 x27:00000064
20435822ns          345376 1c008e74 fff00493 addi             x9, x0, -1           x9=ffffffff
20435842ns          345377 1c008e76 1c001737 lui              x14, 0x1c001000     x14=1c001000
20435863ns          345378 1c008e7a 01b005b3 add              x11, x0, x27        x11=00000064 x27:00000064
20435883ns          345379 1c008e7c 9d870513 addi             x10, x14, -1576     x10=1c0009d8 x14:1c001000
20435923ns          345381 1c008e80 e27ff0ef jal              x1, -474             x1=1c008e82
20435984ns          345384 1c008ca6 00054783 lbu              x15, 0(x10)         x15=00000068 x10:1c0009d8  PA:1c0009d8
20436288ns          345399 1c008caa 0ff5f593 andi             x11, x11, 255       x11=00000064 x11:00000064
20436308ns          345400 1c008cae 00b78c63 beq              x15, x11, 24        x15:00000068 x11:00000064
20436328ns          345401 1c008cb2 00078b63 beq              x15, x0, 22         x15:00000068
20436348ns          345402 1c008cb4 00150793 addi             x15, x10, 1         x15=1c0009d9 x10:1c0009d8
20436369ns          345403 1c008cb8 0040006f jal              x0, 4              
20436409ns          345405 1c008cbc 00f00533 add              x10, x0, x15        x10=1c0009d9 x15:1c0009d9
20436429ns          345406 1c008cbe 0017c70b p.lbu            x14, 1(x15!)        x14=0000006c x15=1c0009da x15:1c0009d9  PA:1c0009d9
20436753ns          345422 1c008cc2 feb71ce3 bne              x14, x11, -8        x14:0000006c x11:00000064
20436814ns          345425 1c008cba 00070763 beq              x14, x0, 14         x14:0000006c
20436834ns          345426 1c008cbc 00f00533 add              x10, x0, x15        x10=1c0009da x15:1c0009da
20436854ns          345427 1c008cbe 0017c70b p.lbu            x14, 1(x15!)        x14=0000007a x15=1c0009db x15:1c0009da  PA:1c0009da
20437178ns          345443 1c008cc2 feb71ce3 bne              x14, x11, -8        x14:0000007a x11:00000064
20437239ns          345446 1c008cba 00070763 beq              x14, x0, 14         x14:0000007a
20437259ns          345447 1c008cbc 00f00533 add              x10, x0, x15        x10=1c0009db x15:1c0009db
20437279ns          345448 1c008cbe 0017c70b p.lbu            x14, 1(x15!)        x14=00000000 x15=1c0009dc x15:1c0009db  PA:1c0009db
20437603ns          345464 1c008cc2 feb71ce3 bne              x14, x11, -8        x14:00000000 x11:00000064
20437664ns          345467 1c008cba 00070763 beq              x14, x0, 14         x14:00000000
20437725ns          345470 1c008cc8 0015b593 sltiu            x11, x11, 1         x11=00000000 x11:00000064
20437745ns          345471 1c008ccc 40b005b3 sub              x11, x0, x11        x11=00000000 x11:00000000
20437765ns          345472 1c008cd0 00b57533 and              x10, x10, x11       x10=00000000 x10:1c0009db x11:00000000
20437785ns          345473 1c008cd2 00008067 jalr             x0, x1, 0            x1:1c008e82
20437826ns          345475 1c008e82 00000793 addi             x15, x0, 0          x15=00000000
20437846ns          345476 1c008e84 00050f63 beq              x10, x0, 30         x10:00000000
20437988ns          345483 1c008ea2 06700693 addi             x13, x0, 103        x13=00000067
20438008ns          345484 1c008ea6 0bb6ee63 bltu             x13, x27, 188       x13:00000067 x27:00000064
20438028ns          345485 1c008eaa 06500693 addi             x13, x0, 101        x13=00000065
20438089ns          345488 1c008eae 3addf2e3 bgeu             x27, x13, 2980      x27:00000064 x13:00000065
20438130ns          345490 1c008eb2 04700693 addi             x13, x0, 71         x13=00000047
20438150ns          345491 1c008eb6 39b6ed63 bltu             x13, x27, 922       x13:00000047 x27:00000064
20438312ns          345499 1c009250 06300693 addi             x13, x0, 99         x13=00000063
20438352ns          345501 1c009254 70dd8c63 beq              x27, x13, 1816      x27:00000064 x13:00000063
20438372ns          345502 1c009258 d3b6e5e3 bltu             x13, x27, -726      x13:00000063 x27:00000064
20438575ns          345512 1c008f82 06c00693 addi             x13, x0, 108        x13=0000006c
20438595ns          345513 1c008f86 00d78a63 beq              x15, x13, 20        x15:00000000 x13:0000006c
20438615ns          345514 1c008f8a 07a00693 addi             x13, x0, 122        x13=0000007a
20438676ns          345517 1c008f8e 00d78663 beq              x15, x13, 12        x15:00000000 x13:0000007a
20438716ns          345519 1c008f92 04c00693 addi             x13, x0, 76         x13=0000004c
20438737ns          345520 1c008f96 5ed78de3 beq              x15, x13, 3578      x15:00000000 x13:0000004c
20438757ns          345521 1c008f9a 000a2783 lw               x15, 0(x20)         x15=00000002 x20:10001c10  PA:10001c10
20438777ns          345522 1c008f9e 004a0a13 addi             x20, x20, 4         x20=10001c14 x20:10001c10
20438818ns          345524 1c008fa0 41f7d713 srai             x14, x15, 0x41f     x14=00000000 x15:00000002
20438858ns          345526 1c008fa4 01412e23 sw               x20, 28(x2)         x20:10001c14  x2:10001b68  PA:10001b84
20438878ns          345527 1c008fa6 00e12223 sw               x14, 4(x2)          x14:00000000  x2:10001b68  PA:10001b6c
20438899ns          345528 1c008fa8 4e0741e3 blt              x14, x0, 3298       x14:00000000
20438919ns          345529 1c008fac 00c12703 lw               x14, 12(x2)         x14=00000000  x2:10001b68  PA:10001b74
20438959ns          345531 1c008fae 440709e3 beq              x14, x0, 3154       x14:00000000
20439061ns          345536 1c009c00 01012703 lw               x14, 16(x2)         x14=00000000  x2:10001b68  PA:10001b78
20439101ns          345538 1c009c02 22070063 beq              x14, x0, 544        x14:00000000
20439202ns          345543 1c009e22 00412c83 lw               x25, 4(x2)          x25=00000000  x2:10001b68  PA:10001b6c
20439243ns          345545 1c009e24 02410a13 addi             x20, x2, 36         x20=10001b8c  x2:10001b68
20439263ns          345546 1c009e28 998ff06f jal              x0, -3688          
20439344ns          345550 1c008fc0 00f00433 add              x8, x0, x15          x8=00000002 x15:00000002
20439364ns          345551 1c008fc2 01400db3 add              x27, x0, x20        x27=10001b8c x20:10001b8c
20439384ns          345552 1c008fc4 0040006f jal              x0, 4              
20439425ns          345554 1c008fc8 00a00613 addi             x12, x0, 10         x12=0000000a
20439445ns          345555 1c008fca 00000693 addi             x13, x0, 0          x13=00000000
20439465ns          345556 1c008fcc 00800533 add              x10, x0, x8         x10=00000002  x8:00000002
20439486ns          345557 1c008fce 019005b3 add              x11, x0, x25        x11=00000000 x25:00000000
20439506ns          345558 1c008fd0 c2aff0ef jal              x1, -3030            x1=1c008fd4
20439587ns          345562 1c0083fa 00c008b3 add              x17, x0, x12        x17=0000000a x12:0000000a
20439627ns          345564 1c0083fc 00d00733 add              x14, x0, x13        x14=00000000 x13:00000000
20439648ns          345565 1c0083fe 00a007b3 add              x15, x0, x10        x15=00000002 x10:00000002
20439688ns          345567 1c008400 00b00833 add              x16, x0, x11        x16=00000000 x11:00000000
20439728ns          345569 1c008402 1c069863 bne              x13, x0, 464        x13:00000000
20439749ns          345570 1c008406 1c0016b7 lui              x13, 0x1c001000     x13=1c001000
20439769ns          345571 1c00840a 86868693 addi             x13, x13, -1944     x13=1c000868 x13:1c001000
20439830ns          345574 1c00840e 0ac5f863 bgeu             x11, x12, 176       x11:00000000 x12:0000000a
20439850ns          345575 1c008412 00010337 lui              x6, 0x10000          x6=00010000
20439870ns          345576 1c008414 08667e63 bgeu             x12, x6, 156        x12:0000000a  x6:00010000
20439890ns          345577 1c008418 0ff00313 addi             x6, x0, 255          x6=000000ff
20439911ns          345578 1c00841c 00c37363 bgeu             x6, x12, 6           x6:000000ff x12:0000000a
20440032ns          345584 1c008422 00e65333 srl              x6, x12, x14         x6=0000000a x12:0000000a x14:00000000
20440052ns          345585 1c008426 006686b3 add              x13, x13, x6        x13=1c000872 x13:1c000868  x6:0000000a
20440073ns          345586 1c008428 0006ce03 lbu              x28, 0(x13)         x28=00000004 x13:1c000872  PA:1c000872
20440376ns          345601 1c00842c 02000313 addi             x6, x0, 32           x6=00000020
20440396ns          345602 1c008430 00ee0e33 add              x28, x28, x14       x28=00000004 x28:00000004 x14:00000000
20440417ns          345603 1c008432 41c30333 sub              x6, x6, x28          x6=0000001c  x6:00000020 x28:00000004
20440437ns          345604 1c008436 00030c63 beq              x6, x0, 24           x6:0000001c
20440457ns          345605 1c00843a 006595b3 sll              x11, x11, x6        x11=00000000 x11:00000000  x6:0000001c
20440518ns          345608 1c00843e 01c55e33 srl              x28, x10, x28       x28=00000000 x10:00000002 x28:00000004
20440558ns          345610 1c008442 006618b3 sll              x17, x12, x6        x17=a0000000 x12:0000000a  x6:0000001c
20440579ns          345611 1c008446 00be6833 or               x16, x28, x11       x16=00000000 x28:00000000 x11:00000000
20440599ns          345612 1c00844a 006517b3 sll              x15, x10, x6        x15=20000000 x10:00000002  x6:0000001c
20440660ns          345615 1c00844e 0108d613 srli             x12, x17, 0x10      x12=0000a000 x17:a0000000
20440700ns          345617 1c008452 02c87733 remu             x14, x16, x12       x14=00000000 x16:00000000 x12:0000a000
20441085ns          345636 1c008456 02c85833 divu             x16, x16, x12       x16=00000000 x16:00000000 x12:0000a000
20441469ns          345655 1c00845a 01089513 slli             x10, x17, 0x10      x10=00000000 x17:a0000000
20441489ns          345656 1c00845e 01055513 srli             x10, x10, 0x10      x10=00000000 x10:00000000
20441510ns          345657 1c008460 01071713 slli             x14, x14, 0x10      x14=00000000 x14:00000000
20441530ns          345658 1c008462 0107d693 srli             x13, x15, 0x10      x13=00002000 x15:20000000
20441550ns          345659 1c008466 03050833 mul              x16, x10, x16       x16=00000000 x10:00000000 x16:00000000
20441570ns          345660 1c00846a 00e6e6b3 or               x13, x13, x14       x13=00002000 x13:00002000 x14:00000000
20441591ns          345661 1c00846c 0106f863 bgeu             x13, x16, 16        x13:00002000 x16:00000000
20441651ns          345664 1c00847c 410686b3 sub              x13, x13, x16       x13=00002000 x13:00002000 x16:00000000
20441712ns          345667 1c008480 02c6f733 remu             x14, x13, x12       x14=00002000 x13:00002000 x12:0000a000
20442117ns          345687 1c008484 02c6d6b3 divu             x13, x13, x12       x13=00000000 x13:00002000 x12:0000a000
20442501ns          345706 1c008488 01079793 slli             x15, x15, 0x10      x15=00000000 x15:20000000
20442522ns          345707 1c00848a 02d506b3 mul              x13, x10, x13       x13=00000000 x10:00000000 x13:00000000
20442542ns          345708 1c00848e 0107d793 srli             x15, x15, 0x10      x15=00000000 x15:00000000
20442562ns          345709 1c008490 01071513 slli             x10, x14, 0x10      x10=20000000 x14:00002000
20442582ns          345710 1c008494 00a7e7b3 or               x15, x15, x10       x15=20000000 x15:00000000 x10:20000000
20442603ns          345711 1c008496 00d7f863 bgeu             x15, x13, 16        x15:20000000 x13:00000000
20443028ns          345732 1c0084a6 40d787b3 sub              x15, x15, x13       x15=20000000 x15:20000000 x13:00000000
20443048ns          345733 1c0084a8 0067d533 srl              x10, x15, x6        x10=00000002 x15:20000000  x6:0000001c
20443068ns          345734 1c0084ac 00000593 addi             x11, x0, 0          x11=00000000
20443088ns          345735 1c0084ae 00008067 jalr             x0, x1, 0            x1:1c008fd4
20443169ns          345739 1c008fd4 00a00933 add              x18, x0, x10        x18=00000002 x10:00000002
20443190ns          345740 1c008fd6 019005b3 add              x11, x0, x25        x11=00000000 x25:00000000
20443210ns          345741 1c008fd8 00800533 add              x10, x0, x8         x10=00000002  x8:00000002
20443230ns          345742 1c008fda 00a00613 addi             x12, x0, 10         x12=0000000a
20443250ns          345743 1c008fdc 00000693 addi             x13, x0, 0          x13=00000000
20443291ns          345745 1c008fde 8beff0ef jal              x1, -3906            x1=1c008fe2
20443372ns          345749 1c00809c 00b007b3 add              x15, x0, x11        x15=00000000 x11:00000000
20443392ns          345750 1c00809e 00c00833 add              x16, x0, x12        x16=0000000a x12:0000000a
20443453ns          345753 1c0080a0 00d008b3 add              x17, x0, x13        x17=00000000 x13:00000000
20443473ns          345754 1c0080a2 00a00333 add              x6, x0, x10          x6=00000002 x10:00000002
20443493ns          345755 1c0080a4 20069663 bne              x13, x0, 524        x13:00000000
20443513ns          345756 1c0080a8 1c001737 lui              x14, 0x1c001000     x14=1c001000
20443534ns          345757 1c0080ac 86870713 addi             x14, x14, -1944     x14=1c000868 x14:1c001000
20443594ns          345760 1c0080b0 0ac5fe63 bgeu             x11, x12, 188       x11:00000000 x12:0000000a
20443635ns          345762 1c0080b4 000106b7 lui              x13, 0x10000        x13=00010000
20443655ns          345763 1c0080b6 0ad67463 bgeu             x12, x13, 168       x12:0000000a x13:00010000
20443675ns          345764 1c0080ba 0ff00693 addi             x13, x0, 255        x13=000000ff
20443736ns          345767 1c0080be 00c6b6b3 sltu             x13, x13, x12       x13=00000000 x13:000000ff x12:0000000a
20443756ns          345768 1c0080c2 00369693 slli             x13, x13, 0x3       x13=00000000 x13:00000000
20443776ns          345769 1c0080c4 00d658b3 srl              x17, x12, x13       x17=0000000a x12:0000000a x13:00000000
20443797ns          345770 1c0080c8 01170733 add              x14, x14, x17       x14=1c000872 x14:1c000868 x17:0000000a
20443817ns          345771 1c0080ca 00074703 lbu              x14, 0(x14)         x14=00000004 x14:1c000872  PA:1c000872
20444141ns          345787 1c0080ce 00e686b3 add              x13, x13, x14       x13=00000004 x13:00000000 x14:00000004
20444161ns          345788 1c0080d0 02000713 addi             x14, x0, 32         x14=00000020
20444181ns          345789 1c0080d4 40d70733 sub              x14, x14, x13       x14=0000001c x14:00000020 x13:00000004
20444202ns          345790 1c0080d6 00070b63 beq              x14, x0, 22         x14:0000001c
20444222ns          345791 1c0080d8 00e797b3 sll              x15, x15, x14       x15=00000000 x15:00000000 x14:0000001c
20444242ns          345792 1c0080dc 00d556b3 srl              x13, x10, x13       x13=00000000 x10:00000002 x13:00000004
20444282ns          345794 1c0080e0 00e61833 sll              x16, x12, x14       x16=a0000000 x12:0000000a x14:0000001c
20444323ns          345796 1c0080e4 00f6e5b3 or               x11, x13, x15       x11=00000000 x13:00000000 x15:00000000
20444343ns          345797 1c0080e8 00e51333 sll              x6, x10, x14         x6=20000000 x10:00000002 x14:0000001c
20444363ns          345798 1c0080ec 01085513 srli             x10, x16, 0x10      x10=0000a000 x16:a0000000
20444424ns          345801 1c0080f0 02a5f733 remu             x14, x11, x10       x14=00000000 x11:00000000 x10:0000a000
20444829ns          345821 1c0080f4 02a5d7b3 divu             x15, x11, x10       x15=00000000 x11:00000000 x10:0000a000
20445214ns          345840 1c0080f8 01081613 slli             x12, x16, 0x10      x12=00000000 x16:a0000000
20445234ns          345841 1c0080fc 01071713 slli             x14, x14, 0x10      x14=00000000 x14:00000000
20445254ns          345842 1c0080fe 01065613 srli             x12, x12, 0x10      x12=00000000 x12:00000000
20445274ns          345843 1c008100 01035693 srli             x13, x6, 0x10       x13=00002000  x6:20000000
20445294ns          345844 1c008104 00e6e6b3 or               x13, x13, x14       x13=00002000 x13:00002000 x14:00000000
20445315ns          345845 1c008106 02f605b3 mul              x11, x12, x15       x11=00000000 x12:00000000 x15:00000000
20445335ns          345846 1c00810a 00f00733 add              x14, x0, x15        x14=00000000 x15:00000000
20445355ns          345847 1c00810c 00b6fc63 bgeu             x13, x11, 24        x13:00002000 x11:00000000
20445800ns          345869 1c008124 40b686b3 sub              x13, x13, x11       x13=00002000 x13:00002000 x11:00000000
20445841ns          345871 1c008126 02a6f7b3 remu             x15, x13, x10       x15=00002000 x13:00002000 x10:0000a000
20446226ns          345890 1c00812a 02a6d6b3 divu             x13, x13, x10       x13=00000000 x13:00002000 x10:0000a000
20446610ns          345909 1c00812e 01031313 slli             x6, x6, 0x10         x6=00000000  x6:20000000
20446630ns          345910 1c008130 01079793 slli             x15, x15, 0x10      x15=20000000 x15:00002000
20446651ns          345911 1c008132 01035313 srli             x6, x6, 0x10         x6=00000000  x6:00000000
20446671ns          345912 1c008136 02d605b3 mul              x11, x12, x13       x11=00000000 x12:00000000 x13:00000000
20446691ns          345913 1c00813a 0067e333 or               x6, x15, x6          x6=20000000 x15:20000000  x6:00000000
20446711ns          345914 1c00813e 00d00533 add              x10, x0, x13        x10=00000000 x13:00000000
20446752ns          345916 1c008140 00b37b63 bgeu             x6, x11, 22          x6:20000000 x11:00000000
20446853ns          345921 1c008156 01071713 slli             x14, x14, 0x10      x14=00000000 x14:00000000
20446893ns          345923 1c008158 00a76733 or               x14, x14, x10       x14=00000000 x14:00000000 x10:00000000
20446914ns          345924 1c00815a 00000593 addi             x11, x0, 0          x11=00000000
20446934ns          345925 1c00815c 0b20006f jal              x0, 178            
20447055ns          345931 1c00820e 00e00533 add              x10, x0, x14        x10=00000000 x14:00000000
20447096ns          345933 1c008210 00008067 jalr             x0, x1, 0            x1:1c008fe2
20447157ns          345936 1c008fe2 03090913 addi             x18, x18, 48        x18=00000032 x18:00000002
20447177ns          345937 1c008fe6 012d8023 sb               x18, 0(x27)         x18:00000032 x27:10001b8c  PA:10001b8c
20447197ns          345938 1c008fea 00a5e7b3 or               x15, x11, x10       x15=00000000 x11:00000000 x10:00000000
20447278ns          345942 1c008fee 001d8913 addi             x18, x27, 1         x18=10001b8d x27:10001b8c
20447298ns          345943 1c008ff2 00a00433 add              x8, x0, x10          x8=00000000 x10:00000000
20447318ns          345944 1c008ff4 00b00cb3 add              x25, x0, x11        x25=00000000 x11:00000000
20447339ns          345945 1c008ff6 fc0798e3 bne              x15, x0, -48        x15:00000000
20447359ns          345946 1c008ff8 00090023 sb               x0, 0(x18)          x18:10001b8d  PA:10001b8d
20447379ns          345947 1c008ffc 01ba7d63 bgeu             x20, x27, 26        x20:10001b8c x27:10001b8c
20447501ns          345953 1c009016 00012783 lw               x15, 0(x2)          x15=10001b8c  x2:10001b68  PA:10001b68
20447541ns          345955 1c009018 00c12703 lw               x14, 12(x2)         x14=00000000  x2:10001b68  PA:10001b74
20447561ns          345956 1c00901a 40f90933 sub              x18, x18, x15       x18=00000001 x18:10001b8d x15:10001b8c
20447622ns          345959 1c00901e 3c071de3 bne              x14, x0, 3034       x14:00000000
20447642ns          345960 1c009022 01012783 lw               x15, 16(x2)         x15=00000000  x2:10001b68  PA:10001b78
20447683ns          345962 1c009024 3c079ae3 bne              x15, x0, 3028       x15:00000000
20447703ns          345963 1c009028 00412703 lw               x14, 4(x2)          x14=00000000  x2:10001b68  PA:10001b6c
20447764ns          345966 1c00902a 01f75713 srli             x14, x14, 0x1f      x14=00000000 x14:00000000
20447784ns          345967 1c00902c 00e12223 sw               x14, 4(x2)          x14:00000000  x2:10001b68  PA:10001b6c
20447824ns          345969 1c00902e 3404c463 blt              x9, x0, 840          x9:ffffffff
20447926ns          345974 1c009376 00000c93 addi             x25, x0, 0          x25=00000000
20447966ns          345976 1c009378 00012c23 sw               x0, 24(x2)           x2:10001b68  PA:10001b80
20447986ns          345977 1c00937a 00000a13 addi             x20, x0, 0          x20=00000000
20448007ns          345978 1c00937c 01412783 lw               x15, 20(x2)         x15=00000000  x2:10001b68  PA:10001b7c
20448047ns          345980 1c00937e 5e078163 beq              x15, x0, 1506       x15:00000000
20448148ns          345985 1c009960 412b0b33 sub              x22, x22, x18       x22=ffffffff x22:00000000 x18:00000001
20448189ns          345987 1c009964 02410413 addi             x8, x2, 36           x8=10001b8c  x2:10001b68
20448209ns          345988 1c009966 00000493 addi             x9, x0, 0            x9=00000000
20448229ns          345989 1c009968 ee6ff06f jal              x0, -2330          
20448391ns          345997 1c00904e 00812703 lw               x14, 8(x2)          x14=00000000  x2:10001b68  PA:10001b70
20448472ns          346001 1c009050 02071063 bne              x14, x0, 32         x14:00000000
20448513ns          346003 1c009052 01605f63 bge              x0, x22, 30         x22:ffffffff
20448614ns          346008 1c009070 00412783 lw               x15, 4(x2)          x15=00000000  x2:10001b68  PA:10001b6c
20448654ns          346010 1c009072 00f40db3 add              x27, x8, x15        x27=10001b8c  x8:10001b8c x15:00000000
20448675ns          346011 1c009076 00c0006f jal              x0, 12             
20448756ns          346015 1c009082 017005b3 add              x11, x0, x23        x11=00000002 x23:00000002
20448796ns          346017 1c009084 ffb41ae3 bne              x8, x27, -12         x8:10001b8c x27:10001b8c
20448816ns          346018 1c009088 00900db3 add              x27, x0, x9         x27=00000000  x9:00000000
20448836ns          346019 1c00908a 0080006f jal              x0, 8              
20448938ns          346024 1c009092 fffd8d93 addi             x27, x27, -1        x27=ffffffff x27:00000000
20448958ns          346025 1c009094 017005b3 add              x11, x0, x23        x11=00000002 x23:00000002
20448978ns          346026 1c009096 03000513 addi             x10, x0, 48         x10=00000030
20448998ns          346027 1c00909a fffdb9e3 p.bneimm         x27, -14            x27:ffffffff
20449019ns          346028 1c00909e 00412703 lw               x14, 4(x2)          x14=00000000  x2:10001b68  PA:10001b6c
20449059ns          346030 1c0090a0 40e90933 sub              x18, x18, x14       x18=00000001 x18:00000001 x14:00000000
20449100ns          346032 1c0090a4 01212423 sw               x18, 8(x2)          x18:00000001  x2:10001b68  PA:10001b70
20449120ns          346033 1c0090a6 e40a15e3 bne              x20, x0, -438       x20:00000000
20449140ns          346034 1c0090aa 01812783 lw               x15, 24(x2)         x15=00000000  x2:10001b68  PA:10001b80
20449181ns          346036 1c0090ac 16079763 bne              x15, x0, 366        x15:00000000
20449201ns          346037 1c0090b0 120c8863 beq              x25, x0, 304        x25:00000000
20449302ns          346042 1c0091e0 017005b3 add              x11, x0, x23        x11=00000002 x23:00000002
20449342ns          346044 1c0091e2 ff2049e3 blt              x0, x18, -14        x18:00000001
20449444ns          346049 1c0091d4 0014450b p.lbu            x10, 1(x8!)         x10=00000032  x8=10001b8d  x8:10001b8c  PA:10001b8c
20449484ns          346051 1c0091d8 fff90913 addi             x18, x18, -1        x18=00000000 x18:00000001
20449504ns          346052 1c0091da 000980e7 jalr             x1, x19, 0           x1=1c0091dc x19:1c008d20
20449545ns          346054 1c008d20 f14027f3 csrrs            x15, x0, 0xf14      x15=00000005
20449565ns          346055 1c008d24 1a10f6b7 lui              x13, 0x1a10f000     x13=1a10f000
20449585ns          346056 1c008d28 ca5797b3 p.extractu       x15, x15, 5, 5      x15=00000000 x15:00000005
20449606ns          346057 1c008d2c f1402773 csrrs            x14, x0, 0xf14      x14=00000005
20449666ns          346060 1c008d30 00779793 slli             x15, x15, 0x7       x15=00000000 x15:00000000
20449687ns          346061 1c008d32 00371713 slli             x14, x14, 0x3       x14=00000028 x14:00000005
20449707ns          346062 1c008d34 0ff57513 andi             x10, x10, 255       x10=00000032 x10:00000032
20449727ns          346063 1c008d38 ee873733 p.bclr           x14, x14, 23, 8     x14=00000028 x14:00000028
20449747ns          346064 1c008d3c 00d787b3 add              x15, x15, x13       x15=1a10f000 x15:00000000 x13:1a10f000
20449768ns          346065 1c008d3e 00a767a3 p.sw             x10, x0(x14)        x10:00000032 x14:00000028  PA:1a10f028
20450274ns          346090 1c008d42 00000513 addi             x10, x0, 0          x10=00000000
20450294ns          346091 1c008d44 00008067 jalr             x0, x1, 0            x1:1c0091dc
20450334ns          346093 1c0091dc d5f522e3 p.beqimm         x10, -700           x10:00000000
20450354ns          346094 1c0091e0 017005b3 add              x11, x0, x23        x11=00000002 x23:00000002
20450375ns          346095 1c0091e2 ff2049e3 blt              x0, x18, -14        x18:00000000
20450395ns          346096 1c0091e6 00412783 lw               x15, 4(x2)          x15=00000000  x2:10001b68  PA:10001b6c
20450415ns          346097 1c0091e8 01c12a03 lw               x20, 28(x2)         x20=10001c14  x2:10001b68  PA:10001b84
20450435ns          346098 1c0091ea 00fa8733 add              x14, x21, x15       x14=0000000b x21:0000000b x15:00000000
20450456ns          346099 1c0091ee 00812783 lw               x15, 8(x2)          x15=00000001  x2:10001b68  PA:10001b70
20450476ns          346100 1c0091f0 00970733 add              x14, x14, x9        x14=0000000b x14:0000000b  x9:00000000
20450496ns          346101 1c0091f2 00e78ab3 add              x21, x15, x14       x21=0000000c x15:00000001 x14:0000000b
20450516ns          346102 1c0091f6 bf6059e3 bge              x0, x22, -1038      x22:ffffffff
20450678ns          346110 1c008de8 000d4503 lbu              x10, 0(x26)         x10=0000003a x26:1c0009ba  PA:1c0009ba
20451002ns          346126 1c008dec 001d0413 addi             x8, x26, 1           x8=1c0009bb x26:1c0009ba
20451022ns          346127 1c008df0 0c050b63 beq              x10, x0, 214        x10:0000003a
20451043ns          346128 1c008df2 02500793 addi             x15, x0, 37         x15=00000025
20451063ns          346129 1c008df6 fef513e3 bne              x10, x15, -26       x10:0000003a x15:00000025
20451225ns          346137 1c008ddc 017005b3 add              x11, x0, x23        x11=00000002 x23:00000002
20451245ns          346138 1c008dde 000980e7 jalr             x1, x19, 0           x1=1c008de0 x19:1c008d20
20451286ns          346140 1c008d20 f14027f3 csrrs            x15, x0, 0xf14      x15=00000005
20451306ns          346141 1c008d24 1a10f6b7 lui              x13, 0x1a10f000     x13=1a10f000
20451326ns          346142 1c008d28 ca5797b3 p.extractu       x15, x15, 5, 5      x15=00000000 x15:00000005
20451346ns          346143 1c008d2c f1402773 csrrs            x14, x0, 0xf14      x14=00000005
20451366ns          346144 1c008d30 00779793 slli             x15, x15, 0x7       x15=00000000 x15:00000000
20451387ns          346145 1c008d32 00371713 slli             x14, x14, 0x3       x14=00000028 x14:00000005
20451407ns          346146 1c008d34 0ff57513 andi             x10, x10, 255       x10=0000003a x10:0000003a
20451427ns          346147 1c008d38 ee873733 p.bclr           x14, x14, 23, 8     x14=00000028 x14:00000028
20451447ns          346148 1c008d3c 00d787b3 add              x15, x15, x13       x15=1a10f000 x15:00000000 x13:1a10f000
20451468ns          346149 1c008d3e 00a767a3 p.sw             x10, x0(x14)        x10:0000003a x14:00000028  PA:1a10f028
20451812ns          346166 1c008d42 00000513 addi             x10, x0, 0          x10=00000000
20451832ns          346167 1c008d44 00008067 jalr             x0, x1, 0            x1:1c008de0
20451872ns          346169 1c008de0 15f52063 p.beqimm         x10, 320            x10:00000000
20451893ns          346170 1c008de4 001a8a93 addi             x21, x21, 1         x21=0000000d x21:0000000c
20451913ns          346171 1c008de6 00800d33 add              x26, x0, x8         x26=1c0009bb  x8:1c0009bb
20451933ns          346172 1c008de8 000d4503 lbu              x10, 0(x26)         x10=00000020 x26:1c0009bb  PA:1c0009bb
20452237ns          346187 1c008dec 001d0413 addi             x8, x26, 1           x8=1c0009bc x26:1c0009bb
20452257ns          346188 1c008df0 0c050b63 beq              x10, x0, 214        x10:00000020
20452277ns          346189 1c008df2 02500793 addi             x15, x0, 37         x15=00000025
20452298ns          346190 1c008df6 fef513e3 bne              x10, x15, -26       x10:00000020 x15:00000025
20452358ns          346193 1c008ddc 017005b3 add              x11, x0, x23        x11=00000002 x23:00000002
20452378ns          346194 1c008dde 000980e7 jalr             x1, x19, 0           x1=1c008de0 x19:1c008d20
20452419ns          346196 1c008d20 f14027f3 csrrs            x15, x0, 0xf14      x15=00000005
20452439ns          346197 1c008d24 1a10f6b7 lui              x13, 0x1a10f000     x13=1a10f000
20452459ns          346198 1c008d28 ca5797b3 p.extractu       x15, x15, 5, 5      x15=00000000 x15:00000005
20452480ns          346199 1c008d2c f1402773 csrrs            x14, x0, 0xf14      x14=00000005
20452500ns          346200 1c008d30 00779793 slli             x15, x15, 0x7       x15=00000000 x15:00000000
20452520ns          346201 1c008d32 00371713 slli             x14, x14, 0x3       x14=00000028 x14:00000005
20452540ns          346202 1c008d34 0ff57513 andi             x10, x10, 255       x10=00000020 x10:00000020
20452561ns          346203 1c008d38 ee873733 p.bclr           x14, x14, 23, 8     x14=00000028 x14:00000028
20452581ns          346204 1c008d3c 00d787b3 add              x15, x15, x13       x15=1a10f000 x15:00000000 x13:1a10f000
20452601ns          346205 1c008d3e 00a767a3 p.sw             x10, x0(x14)        x10:00000020 x14:00000028  PA:1a10f028
20452945ns          346222 1c008d42 00000513 addi             x10, x0, 0          x10=00000000
20452965ns          346223 1c008d44 00008067 jalr             x0, x1, 0            x1:1c008de0
20453006ns          346225 1c008de0 15f52063 p.beqimm         x10, 320            x10:00000000
20453026ns          346226 1c008de4 001a8a93 addi             x21, x21, 1         x21=0000000e x21:0000000d
20453046ns          346227 1c008de6 00800d33 add              x26, x0, x8         x26=1c0009bc  x8:1c0009bc
20453067ns          346228 1c008de8 000d4503 lbu              x10, 0(x26)         x10=00000054 x26:1c0009bc  PA:1c0009bc
20453370ns          346243 1c008dec 001d0413 addi             x8, x26, 1           x8=1c0009bd x26:1c0009bc
20453390ns          346244 1c008df0 0c050b63 beq              x10, x0, 214        x10:00000054
20453411ns          346245 1c008df2 02500793 addi             x15, x0, 37         x15=00000025
20453431ns          346246 1c008df6 fef513e3 bne              x10, x15, -26       x10:00000054 x15:00000025
20453492ns          346249 1c008ddc 017005b3 add              x11, x0, x23        x11=00000002 x23:00000002
20453512ns          346250 1c008dde 000980e7 jalr             x1, x19, 0           x1=1c008de0 x19:1c008d20
20453552ns          346252 1c008d20 f14027f3 csrrs            x15, x0, 0xf14      x15=00000005
20453573ns          346253 1c008d24 1a10f6b7 lui              x13, 0x1a10f000     x13=1a10f000
20453593ns          346254 1c008d28 ca5797b3 p.extractu       x15, x15, 5, 5      x15=00000000 x15:00000005
20453613ns          346255 1c008d2c f1402773 csrrs            x14, x0, 0xf14      x14=00000005
20453633ns          346256 1c008d30 00779793 slli             x15, x15, 0x7       x15=00000000 x15:00000000
20453654ns          346257 1c008d32 00371713 slli             x14, x14, 0x3       x14=00000028 x14:00000005
20453674ns          346258 1c008d34 0ff57513 andi             x10, x10, 255       x10=00000054 x10:00000054
20453694ns          346259 1c008d38 ee873733 p.bclr           x14, x14, 23, 8     x14=00000028 x14:00000028
20453714ns          346260 1c008d3c 00d787b3 add              x15, x15, x13       x15=1a10f000 x15:00000000 x13:1a10f000
20453735ns          346261 1c008d3e 00a767a3 p.sw             x10, x0(x14)        x10:00000054 x14:00000028  PA:1a10f028
20454079ns          346278 1c008d42 00000513 addi             x10, x0, 0          x10=00000000
20454099ns          346279 1c008d44 00008067 jalr             x0, x1, 0            x1:1c008de0
20454139ns          346281 1c008de0 15f52063 p.beqimm         x10, 320            x10:00000000
20454160ns          346282 1c008de4 001a8a93 addi             x21, x21, 1         x21=0000000f x21:0000000e
20454180ns          346283 1c008de6 00800d33 add              x26, x0, x8         x26=1c0009bd  x8:1c0009bd
20454200ns          346284 1c008de8 000d4503 lbu              x10, 0(x26)         x10=0000006f x26:1c0009bd  PA:1c0009bd
20454504ns          346299 1c008dec 001d0413 addi             x8, x26, 1           x8=1c0009be x26:1c0009bd
20454524ns          346300 1c008df0 0c050b63 beq              x10, x0, 214        x10:0000006f
20454544ns          346301 1c008df2 02500793 addi             x15, x0, 37         x15=00000025
20454564ns          346302 1c008df6 fef513e3 bne              x10, x15, -26       x10:0000006f x15:00000025
20454625ns          346305 1c008ddc 017005b3 add              x11, x0, x23        x11=00000002 x23:00000002
20454645ns          346306 1c008dde 000980e7 jalr             x1, x19, 0           x1=1c008de0 x19:1c008d20
20454686ns          346308 1c008d20 f14027f3 csrrs            x15, x0, 0xf14      x15=00000005
20454706ns          346309 1c008d24 1a10f6b7 lui              x13, 0x1a10f000     x13=1a10f000
20454726ns          346310 1c008d28 ca5797b3 p.extractu       x15, x15, 5, 5      x15=00000000 x15:00000005
20454747ns          346311 1c008d2c f1402773 csrrs            x14, x0, 0xf14      x14=00000005
20454767ns          346312 1c008d30 00779793 slli             x15, x15, 0x7       x15=00000000 x15:00000000
20454787ns          346313 1c008d32 00371713 slli             x14, x14, 0x3       x14=00000028 x14:00000005
20454807ns          346314 1c008d34 0ff57513 andi             x10, x10, 255       x10=0000006f x10:0000006f
20454828ns          346315 1c008d38 ee873733 p.bclr           x14, x14, 23, 8     x14=00000028 x14:00000028
20454848ns          346316 1c008d3c 00d787b3 add              x15, x15, x13       x15=1a10f000 x15:00000000 x13:1a10f000
20454868ns          346317 1c008d3e 00a767a3 p.sw             x10, x0(x14)        x10:0000006f x14:00000028  PA:1a10f028
20455212ns          346334 1c008d42 00000513 addi             x10, x0, 0          x10=00000000
20455232ns          346335 1c008d44 00008067 jalr             x0, x1, 0            x1:1c008de0
20455273ns          346337 1c008de0 15f52063 p.beqimm         x10, 320            x10:00000000
20455293ns          346338 1c008de4 001a8a93 addi             x21, x21, 1         x21=00000010 x21:0000000f
20455313ns          346339 1c008de6 00800d33 add              x26, x0, x8         x26=1c0009be  x8:1c0009be
20455334ns          346340 1c008de8 000d4503 lbu              x10, 0(x26)         x10=00000074 x26:1c0009be  PA:1c0009be
20455637ns          346355 1c008dec 001d0413 addi             x8, x26, 1           x8=1c0009bf x26:1c0009be
20455657ns          346356 1c008df0 0c050b63 beq              x10, x0, 214        x10:00000074
20455678ns          346357 1c008df2 02500793 addi             x15, x0, 37         x15=00000025
20455698ns          346358 1c008df6 fef513e3 bne              x10, x15, -26       x10:00000074 x15:00000025
20455759ns          346361 1c008ddc 017005b3 add              x11, x0, x23        x11=00000002 x23:00000002
20455779ns          346362 1c008dde 000980e7 jalr             x1, x19, 0           x1=1c008de0 x19:1c008d20
20455819ns          346364 1c008d20 f14027f3 csrrs            x15, x0, 0xf14      x15=00000005
20455840ns          346365 1c008d24 1a10f6b7 lui              x13, 0x1a10f000     x13=1a10f000
20455860ns          346366 1c008d28 ca5797b3 p.extractu       x15, x15, 5, 5      x15=00000000 x15:00000005
20455880ns          346367 1c008d2c f1402773 csrrs            x14, x0, 0xf14      x14=00000005
20455900ns          346368 1c008d30 00779793 slli             x15, x15, 0x7       x15=00000000 x15:00000000
20455920ns          346369 1c008d32 00371713 slli             x14, x14, 0x3       x14=00000028 x14:00000005
20455941ns          346370 1c008d34 0ff57513 andi             x10, x10, 255       x10=00000074 x10:00000074
20455961ns          346371 1c008d38 ee873733 p.bclr           x14, x14, 23, 8     x14=00000028 x14:00000028
20455981ns          346372 1c008d3c 00d787b3 add              x15, x15, x13       x15=1a10f000 x15:00000000 x13:1a10f000
20456001ns          346373 1c008d3e 00a767a3 p.sw             x10, x0(x14)        x10:00000074 x14:00000028  PA:1a10f028
20456346ns          346390 1c008d42 00000513 addi             x10, x0, 0          x10=00000000
20456366ns          346391 1c008d44 00008067 jalr             x0, x1, 0            x1:1c008de0
20456406ns          346393 1c008de0 15f52063 p.beqimm         x10, 320            x10:00000000
20456426ns          346394 1c008de4 001a8a93 addi             x21, x21, 1         x21=00000011 x21:00000010
20456447ns          346395 1c008de6 00800d33 add              x26, x0, x8         x26=1c0009bf  x8:1c0009bf
20456467ns          346396 1c008de8 000d4503 lbu              x10, 0(x26)         x10=00000061 x26:1c0009bf  PA:1c0009bf
20456771ns          346411 1c008dec 001d0413 addi             x8, x26, 1           x8=1c0009c0 x26:1c0009bf
20456791ns          346412 1c008df0 0c050b63 beq              x10, x0, 214        x10:00000061
20456811ns          346413 1c008df2 02500793 addi             x15, x0, 37         x15=00000025
20456831ns          346414 1c008df6 fef513e3 bne              x10, x15, -26       x10:00000061 x15:00000025
20456892ns          346417 1c008ddc 017005b3 add              x11, x0, x23        x11=00000002 x23:00000002
20456912ns          346418 1c008dde 000980e7 jalr             x1, x19, 0           x1=1c008de0 x19:1c008d20
20456953ns          346420 1c008d20 f14027f3 csrrs            x15, x0, 0xf14      x15=00000005
20456973ns          346421 1c008d24 1a10f6b7 lui              x13, 0x1a10f000     x13=1a10f000
20456993ns          346422 1c008d28 ca5797b3 p.extractu       x15, x15, 5, 5      x15=00000000 x15:00000005
20457013ns          346423 1c008d2c f1402773 csrrs            x14, x0, 0xf14      x14=00000005
20457034ns          346424 1c008d30 00779793 slli             x15, x15, 0x7       x15=00000000 x15:00000000
20457054ns          346425 1c008d32 00371713 slli             x14, x14, 0x3       x14=00000028 x14:00000005
20457074ns          346426 1c008d34 0ff57513 andi             x10, x10, 255       x10=00000061 x10:00000061
20457094ns          346427 1c008d38 ee873733 p.bclr           x14, x14, 23, 8     x14=00000028 x14:00000028
20457115ns          346428 1c008d3c 00d787b3 add              x15, x15, x13       x15=1a10f000 x15:00000000 x13:1a10f000
20457135ns          346429 1c008d3e 00a767a3 p.sw             x10, x0(x14)        x10:00000061 x14:00000028  PA:1a10f028
20457479ns          346446 1c008d42 00000513 addi             x10, x0, 0          x10=00000000
20457499ns          346447 1c008d44 00008067 jalr             x0, x1, 0            x1:1c008de0
20457540ns          346449 1c008de0 15f52063 p.beqimm         x10, 320            x10:00000000
20457560ns          346450 1c008de4 001a8a93 addi             x21, x21, 1         x21=00000012 x21:00000011
20457580ns          346451 1c008de6 00800d33 add              x26, x0, x8         x26=1c0009c0  x8:1c0009c0
20457600ns          346452 1c008de8 000d4503 lbu              x10, 0(x26)         x10=0000006c x26:1c0009c0  PA:1c0009c0
20457904ns          346467 1c008dec 001d0413 addi             x8, x26, 1           x8=1c0009c1 x26:1c0009c0
20457924ns          346468 1c008df0 0c050b63 beq              x10, x0, 214        x10:0000006c
20457944ns          346469 1c008df2 02500793 addi             x15, x0, 37         x15=00000025
20457965ns          346470 1c008df6 fef513e3 bne              x10, x15, -26       x10:0000006c x15:00000025
20458025ns          346473 1c008ddc 017005b3 add              x11, x0, x23        x11=00000002 x23:00000002
20458046ns          346474 1c008dde 000980e7 jalr             x1, x19, 0           x1=1c008de0 x19:1c008d20
20458086ns          346476 1c008d20 f14027f3 csrrs            x15, x0, 0xf14      x15=00000005
20458106ns          346477 1c008d24 1a10f6b7 lui              x13, 0x1a10f000     x13=1a10f000
20458127ns          346478 1c008d28 ca5797b3 p.extractu       x15, x15, 5, 5      x15=00000000 x15:00000005
20458147ns          346479 1c008d2c f1402773 csrrs            x14, x0, 0xf14      x14=00000005
20458167ns          346480 1c008d30 00779793 slli             x15, x15, 0x7       x15=00000000 x15:00000000
20458187ns          346481 1c008d32 00371713 slli             x14, x14, 0x3       x14=00000028 x14:00000005
20458208ns          346482 1c008d34 0ff57513 andi             x10, x10, 255       x10=0000006c x10:0000006c
20458228ns          346483 1c008d38 ee873733 p.bclr           x14, x14, 23, 8     x14=00000028 x14:00000028
20458248ns          346484 1c008d3c 00d787b3 add              x15, x15, x13       x15=1a10f000 x15:00000000 x13:1a10f000
20458268ns          346485 1c008d3e 00a767a3 p.sw             x10, x0(x14)        x10:0000006c x14:00000028  PA:1a10f028
20458612ns          346502 1c008d42 00000513 addi             x10, x0, 0          x10=00000000
20458633ns          346503 1c008d44 00008067 jalr             x0, x1, 0            x1:1c008de0
20458673ns          346505 1c008de0 15f52063 p.beqimm         x10, 320            x10:00000000
20458693ns          346506 1c008de4 001a8a93 addi             x21, x21, 1         x21=00000013 x21:00000012
20458714ns          346507 1c008de6 00800d33 add              x26, x0, x8         x26=1c0009c1  x8:1c0009c1
20458734ns          346508 1c008de8 000d4503 lbu              x10, 0(x26)         x10=00000020 x26:1c0009c1  PA:1c0009c1
20459037ns          346523 1c008dec 001d0413 addi             x8, x26, 1           x8=1c0009c2 x26:1c0009c1
20459058ns          346524 1c008df0 0c050b63 beq              x10, x0, 214        x10:00000020
20459078ns          346525 1c008df2 02500793 addi             x15, x0, 37         x15=00000025
20459098ns          346526 1c008df6 fef513e3 bne              x10, x15, -26       x10:00000020 x15:00000025
20459159ns          346529 1c008ddc 017005b3 add              x11, x0, x23        x11=00000002 x23:00000002
20459179ns          346530 1c008dde 000980e7 jalr             x1, x19, 0           x1=1c008de0 x19:1c008d20
20459220ns          346532 1c008d20 f14027f3 csrrs            x15, x0, 0xf14      x15=00000005
20459240ns          346533 1c008d24 1a10f6b7 lui              x13, 0x1a10f000     x13=1a10f000
20459260ns          346534 1c008d28 ca5797b3 p.extractu       x15, x15, 5, 5      x15=00000000 x15:00000005
20459280ns          346535 1c008d2c f1402773 csrrs            x14, x0, 0xf14      x14=00000005
20459301ns          346536 1c008d30 00779793 slli             x15, x15, 0x7       x15=00000000 x15:00000000
20459321ns          346537 1c008d32 00371713 slli             x14, x14, 0x3       x14=00000028 x14:00000005
20459341ns          346538 1c008d34 0ff57513 andi             x10, x10, 255       x10=00000020 x10:00000020
20459361ns          346539 1c008d38 ee873733 p.bclr           x14, x14, 23, 8     x14=00000028 x14:00000028
20459382ns          346540 1c008d3c 00d787b3 add              x15, x15, x13       x15=1a10f000 x15:00000000 x13:1a10f000
20459402ns          346541 1c008d3e 00a767a3 p.sw             x10, x0(x14)        x10:00000020 x14:00000028  PA:1a10f028
20459746ns          346558 1c008d42 00000513 addi             x10, x0, 0          x10=00000000
20459766ns          346559 1c008d44 00008067 jalr             x0, x1, 0            x1:1c008de0
20459807ns          346561 1c008de0 15f52063 p.beqimm         x10, 320            x10:00000000
20459827ns          346562 1c008de4 001a8a93 addi             x21, x21, 1         x21=00000014 x21:00000013
20459847ns          346563 1c008de6 00800d33 add              x26, x0, x8         x26=1c0009c2  x8:1c0009c2
20459867ns          346564 1c008de8 000d4503 lbu              x10, 0(x26)         x10=00000065 x26:1c0009c2  PA:1c0009c2
20460171ns          346579 1c008dec 001d0413 addi             x8, x26, 1           x8=1c0009c3 x26:1c0009c2
20460191ns          346580 1c008df0 0c050b63 beq              x10, x0, 214        x10:00000065
20460211ns          346581 1c008df2 02500793 addi             x15, x0, 37         x15=00000025
20460232ns          346582 1c008df6 fef513e3 bne              x10, x15, -26       x10:00000065 x15:00000025
20460292ns          346585 1c008ddc 017005b3 add              x11, x0, x23        x11=00000002 x23:00000002
20460313ns          346586 1c008dde 000980e7 jalr             x1, x19, 0           x1=1c008de0 x19:1c008d20
20460353ns          346588 1c008d20 f14027f3 csrrs            x15, x0, 0xf14      x15=00000005
20460373ns          346589 1c008d24 1a10f6b7 lui              x13, 0x1a10f000     x13=1a10f000
20460394ns          346590 1c008d28 ca5797b3 p.extractu       x15, x15, 5, 5      x15=00000000 x15:00000005
20460414ns          346591 1c008d2c f1402773 csrrs            x14, x0, 0xf14      x14=00000005
20460434ns          346592 1c008d30 00779793 slli             x15, x15, 0x7       x15=00000000 x15:00000000
20460454ns          346593 1c008d32 00371713 slli             x14, x14, 0x3       x14=00000028 x14:00000005
20460474ns          346594 1c008d34 0ff57513 andi             x10, x10, 255       x10=00000065 x10:00000065
20460495ns          346595 1c008d38 ee873733 p.bclr           x14, x14, 23, 8     x14=00000028 x14:00000028
20460515ns          346596 1c008d3c 00d787b3 add              x15, x15, x13       x15=1a10f000 x15:00000000 x13:1a10f000
20460535ns          346597 1c008d3e 00a767a3 p.sw             x10, x0(x14)        x10:00000065 x14:00000028  PA:1a10f028
20460879ns          346614 1c008d42 00000513 addi             x10, x0, 0          x10=00000000
20460900ns          346615 1c008d44 00008067 jalr             x0, x1, 0            x1:1c008de0
20460940ns          346617 1c008de0 15f52063 p.beqimm         x10, 320            x10:00000000
20460960ns          346618 1c008de4 001a8a93 addi             x21, x21, 1         x21=00000015 x21:00000014
20460980ns          346619 1c008de6 00800d33 add              x26, x0, x8         x26=1c0009c3  x8:1c0009c3
20461001ns          346620 1c008de8 000d4503 lbu              x10, 0(x26)         x10=00000072 x26:1c0009c3  PA:1c0009c3
20461304ns          346635 1c008dec 001d0413 addi             x8, x26, 1           x8=1c0009c4 x26:1c0009c3
20461325ns          346636 1c008df0 0c050b63 beq              x10, x0, 214        x10:00000072
20461345ns          346637 1c008df2 02500793 addi             x15, x0, 37         x15=00000025
20461365ns          346638 1c008df6 fef513e3 bne              x10, x15, -26       x10:00000072 x15:00000025
20461426ns          346641 1c008ddc 017005b3 add              x11, x0, x23        x11=00000002 x23:00000002
20461446ns          346642 1c008dde 000980e7 jalr             x1, x19, 0           x1=1c008de0 x19:1c008d20
20461486ns          346644 1c008d20 f14027f3 csrrs            x15, x0, 0xf14      x15=00000005
20461507ns          346645 1c008d24 1a10f6b7 lui              x13, 0x1a10f000     x13=1a10f000
20461527ns          346646 1c008d28 ca5797b3 p.extractu       x15, x15, 5, 5      x15=00000000 x15:00000005
20461547ns          346647 1c008d2c f1402773 csrrs            x14, x0, 0xf14      x14=00000005
20461567ns          346648 1c008d30 00779793 slli             x15, x15, 0x7       x15=00000000 x15:00000000
20461588ns          346649 1c008d32 00371713 slli             x14, x14, 0x3       x14=00000028 x14:00000005
20461608ns          346650 1c008d34 0ff57513 andi             x10, x10, 255       x10=00000072 x10:00000072
20461628ns          346651 1c008d38 ee873733 p.bclr           x14, x14, 23, 8     x14=00000028 x14:00000028
20461648ns          346652 1c008d3c 00d787b3 add              x15, x15, x13       x15=1a10f000 x15:00000000 x13:1a10f000
20461669ns          346653 1c008d3e 00a767a3 p.sw             x10, x0(x14)        x10:00000072 x14:00000028  PA:1a10f028
20462013ns          346670 1c008d42 00000513 addi             x10, x0, 0          x10=00000000
20462033ns          346671 1c008d44 00008067 jalr             x0, x1, 0            x1:1c008de0
20462073ns          346673 1c008de0 15f52063 p.beqimm         x10, 320            x10:00000000
20462094ns          346674 1c008de4 001a8a93 addi             x21, x21, 1         x21=00000016 x21:00000015
20462114ns          346675 1c008de6 00800d33 add              x26, x0, x8         x26=1c0009c4  x8:1c0009c4
20462134ns          346676 1c008de8 000d4503 lbu              x10, 0(x26)         x10=00000072 x26:1c0009c4  PA:1c0009c4
20462438ns          346691 1c008dec 001d0413 addi             x8, x26, 1           x8=1c0009c5 x26:1c0009c4
20462458ns          346692 1c008df0 0c050b63 beq              x10, x0, 214        x10:00000072
20462478ns          346693 1c008df2 02500793 addi             x15, x0, 37         x15=00000025
20462498ns          346694 1c008df6 fef513e3 bne              x10, x15, -26       x10:00000072 x15:00000025
20462559ns          346697 1c008ddc 017005b3 add              x11, x0, x23        x11=00000002 x23:00000002
20462579ns          346698 1c008dde 000980e7 jalr             x1, x19, 0           x1=1c008de0 x19:1c008d20
20462620ns          346700 1c008d20 f14027f3 csrrs            x15, x0, 0xf14      x15=00000005
20462640ns          346701 1c008d24 1a10f6b7 lui              x13, 0x1a10f000     x13=1a10f000
20462660ns          346702 1c008d28 ca5797b3 p.extractu       x15, x15, 5, 5      x15=00000000 x15:00000005
20462681ns          346703 1c008d2c f1402773 csrrs            x14, x0, 0xf14      x14=00000005
20462701ns          346704 1c008d30 00779793 slli             x15, x15, 0x7       x15=00000000 x15:00000000
20462721ns          346705 1c008d32 00371713 slli             x14, x14, 0x3       x14=00000028 x14:00000005
20462741ns          346706 1c008d34 0ff57513 andi             x10, x10, 255       x10=00000072 x10:00000072
20462762ns          346707 1c008d38 ee873733 p.bclr           x14, x14, 23, 8     x14=00000028 x14:00000028
20462782ns          346708 1c008d3c 00d787b3 add              x15, x15, x13       x15=1a10f000 x15:00000000 x13:1a10f000
20462802ns          346709 1c008d3e 00a767a3 p.sw             x10, x0(x14)        x10:00000072 x14:00000028  PA:1a10f028
20463146ns          346726 1c008d42 00000513 addi             x10, x0, 0          x10=00000000
20463166ns          346727 1c008d44 00008067 jalr             x0, x1, 0            x1:1c008de0
20463207ns          346729 1c008de0 15f52063 p.beqimm         x10, 320            x10:00000000
20463227ns          346730 1c008de4 001a8a93 addi             x21, x21, 1         x21=00000017 x21:00000016
20463247ns          346731 1c008de6 00800d33 add              x26, x0, x8         x26=1c0009c5  x8:1c0009c5
20463268ns          346732 1c008de8 000d4503 lbu              x10, 0(x26)         x10=0000006f x26:1c0009c5  PA:1c0009c5
20463571ns          346747 1c008dec 001d0413 addi             x8, x26, 1           x8=1c0009c6 x26:1c0009c5
20463591ns          346748 1c008df0 0c050b63 beq              x10, x0, 214        x10:0000006f
20463612ns          346749 1c008df2 02500793 addi             x15, x0, 37         x15=00000025
20463632ns          346750 1c008df6 fef513e3 bne              x10, x15, -26       x10:0000006f x15:00000025
20463693ns          346753 1c008ddc 017005b3 add              x11, x0, x23        x11=00000002 x23:00000002
20463713ns          346754 1c008dde 000980e7 jalr             x1, x19, 0           x1=1c008de0 x19:1c008d20
20463753ns          346756 1c008d20 f14027f3 csrrs            x15, x0, 0xf14      x15=00000005
20463774ns          346757 1c008d24 1a10f6b7 lui              x13, 0x1a10f000     x13=1a10f000
20463794ns          346758 1c008d28 ca5797b3 p.extractu       x15, x15, 5, 5      x15=00000000 x15:00000005
20463814ns          346759 1c008d2c f1402773 csrrs            x14, x0, 0xf14      x14=00000005
20463834ns          346760 1c008d30 00779793 slli             x15, x15, 0x7       x15=00000000 x15:00000000
20463855ns          346761 1c008d32 00371713 slli             x14, x14, 0x3       x14=00000028 x14:00000005
20463875ns          346762 1c008d34 0ff57513 andi             x10, x10, 255       x10=0000006f x10:0000006f
20463895ns          346763 1c008d38 ee873733 p.bclr           x14, x14, 23, 8     x14=00000028 x14:00000028
20463915ns          346764 1c008d3c 00d787b3 add              x15, x15, x13       x15=1a10f000 x15:00000000 x13:1a10f000
20463936ns          346765 1c008d3e 00a767a3 p.sw             x10, x0(x14)        x10:0000006f x14:00000028  PA:1a10f028
20464280ns          346782 1c008d42 00000513 addi             x10, x0, 0          x10=00000000
20464300ns          346783 1c008d44 00008067 jalr             x0, x1, 0            x1:1c008de0
20464340ns          346785 1c008de0 15f52063 p.beqimm         x10, 320            x10:00000000
20464361ns          346786 1c008de4 001a8a93 addi             x21, x21, 1         x21=00000018 x21:00000017
20464381ns          346787 1c008de6 00800d33 add              x26, x0, x8         x26=1c0009c6  x8:1c0009c6
20464401ns          346788 1c008de8 000d4503 lbu              x10, 0(x26)         x10=00000072 x26:1c0009c6  PA:1c0009c6
20464705ns          346803 1c008dec 001d0413 addi             x8, x26, 1           x8=1c0009c7 x26:1c0009c6
20464725ns          346804 1c008df0 0c050b63 beq              x10, x0, 214        x10:00000072
20464745ns          346805 1c008df2 02500793 addi             x15, x0, 37         x15=00000025
20464765ns          346806 1c008df6 fef513e3 bne              x10, x15, -26       x10:00000072 x15:00000025
20464826ns          346809 1c008ddc 017005b3 add              x11, x0, x23        x11=00000002 x23:00000002
20464846ns          346810 1c008dde 000980e7 jalr             x1, x19, 0           x1=1c008de0 x19:1c008d20
20464887ns          346812 1c008d20 f14027f3 csrrs            x15, x0, 0xf14      x15=00000005
20464907ns          346813 1c008d24 1a10f6b7 lui              x13, 0x1a10f000     x13=1a10f000
20464927ns          346814 1c008d28 ca5797b3 p.extractu       x15, x15, 5, 5      x15=00000000 x15:00000005
20464948ns          346815 1c008d2c f1402773 csrrs            x14, x0, 0xf14      x14=00000005
20464968ns          346816 1c008d30 00779793 slli             x15, x15, 0x7       x15=00000000 x15:00000000
20464988ns          346817 1c008d32 00371713 slli             x14, x14, 0x3       x14=00000028 x14:00000005
20465008ns          346818 1c008d34 0ff57513 andi             x10, x10, 255       x10=00000072 x10:00000072
20465028ns          346819 1c008d38 ee873733 p.bclr           x14, x14, 23, 8     x14=00000028 x14:00000028
20465049ns          346820 1c008d3c 00d787b3 add              x15, x15, x13       x15=1a10f000 x15:00000000 x13:1a10f000
20465069ns          346821 1c008d3e 00a767a3 p.sw             x10, x0(x14)        x10:00000072 x14:00000028  PA:1a10f028
20465413ns          346838 1c008d42 00000513 addi             x10, x0, 0          x10=00000000
20465433ns          346839 1c008d44 00008067 jalr             x0, x1, 0            x1:1c008de0
20465474ns          346841 1c008de0 15f52063 p.beqimm         x10, 320            x10:00000000
20465494ns          346842 1c008de4 001a8a93 addi             x21, x21, 1         x21=00000019 x21:00000018
20465514ns          346843 1c008de6 00800d33 add              x26, x0, x8         x26=1c0009c7  x8:1c0009c7
20465534ns          346844 1c008de8 000d4503 lbu              x10, 0(x26)         x10=00000073 x26:1c0009c7  PA:1c0009c7
20465838ns          346859 1c008dec 001d0413 addi             x8, x26, 1           x8=1c0009c8 x26:1c0009c7
20465858ns          346860 1c008df0 0c050b63 beq              x10, x0, 214        x10:00000073
20465879ns          346861 1c008df2 02500793 addi             x15, x0, 37         x15=00000025
20465899ns          346862 1c008df6 fef513e3 bne              x10, x15, -26       x10:00000073 x15:00000025
20465960ns          346865 1c008ddc 017005b3 add              x11, x0, x23        x11=00000002 x23:00000002
20465980ns          346866 1c008dde 000980e7 jalr             x1, x19, 0           x1=1c008de0 x19:1c008d20
20466020ns          346868 1c008d20 f14027f3 csrrs            x15, x0, 0xf14      x15=00000005
20466040ns          346869 1c008d24 1a10f6b7 lui              x13, 0x1a10f000     x13=1a10f000
20466061ns          346870 1c008d28 ca5797b3 p.extractu       x15, x15, 5, 5      x15=00000000 x15:00000005
20466081ns          346871 1c008d2c f1402773 csrrs            x14, x0, 0xf14      x14=00000005
20466101ns          346872 1c008d30 00779793 slli             x15, x15, 0x7       x15=00000000 x15:00000000
20466121ns          346873 1c008d32 00371713 slli             x14, x14, 0x3       x14=00000028 x14:00000005
20466142ns          346874 1c008d34 0ff57513 andi             x10, x10, 255       x10=00000073 x10:00000073
20466162ns          346875 1c008d38 ee873733 p.bclr           x14, x14, 23, 8     x14=00000028 x14:00000028
20466182ns          346876 1c008d3c 00d787b3 add              x15, x15, x13       x15=1a10f000 x15:00000000 x13:1a10f000
20466202ns          346877 1c008d3e 00a767a3 p.sw             x10, x0(x14)        x10:00000073 x14:00000028  PA:1a10f028
20466546ns          346894 1c008d42 00000513 addi             x10, x0, 0          x10=00000000
20466567ns          346895 1c008d44 00008067 jalr             x0, x1, 0            x1:1c008de0
20466607ns          346897 1c008de0 15f52063 p.beqimm         x10, 320            x10:00000000
20466627ns          346898 1c008de4 001a8a93 addi             x21, x21, 1         x21=0000001a x21:00000019
20466648ns          346899 1c008de6 00800d33 add              x26, x0, x8         x26=1c0009c8  x8:1c0009c8
20466668ns          346900 1c008de8 000d4503 lbu              x10, 0(x26)         x10=00000020 x26:1c0009c8  PA:1c0009c8
20466972ns          346915 1c008dec 001d0413 addi             x8, x26, 1           x8=1c0009c9 x26:1c0009c8
20466992ns          346916 1c008df0 0c050b63 beq              x10, x0, 214        x10:00000020
20467012ns          346917 1c008df2 02500793 addi             x15, x0, 37         x15=00000025
20467032ns          346918 1c008df6 fef513e3 bne              x10, x15, -26       x10:00000020 x15:00000025
20467093ns          346921 1c008ddc 017005b3 add              x11, x0, x23        x11=00000002 x23:00000002
20467113ns          346922 1c008dde 000980e7 jalr             x1, x19, 0           x1=1c008de0 x19:1c008d20
20467154ns          346924 1c008d20 f14027f3 csrrs            x15, x0, 0xf14      x15=00000005
20467174ns          346925 1c008d24 1a10f6b7 lui              x13, 0x1a10f000     x13=1a10f000
20467194ns          346926 1c008d28 ca5797b3 p.extractu       x15, x15, 5, 5      x15=00000000 x15:00000005
20467214ns          346927 1c008d2c f1402773 csrrs            x14, x0, 0xf14      x14=00000005
20467235ns          346928 1c008d30 00779793 slli             x15, x15, 0x7       x15=00000000 x15:00000000
20467255ns          346929 1c008d32 00371713 slli             x14, x14, 0x3       x14=00000028 x14:00000005
20467275ns          346930 1c008d34 0ff57513 andi             x10, x10, 255       x10=00000020 x10:00000020
20467295ns          346931 1c008d38 ee873733 p.bclr           x14, x14, 23, 8     x14=00000028 x14:00000028
20467316ns          346932 1c008d3c 00d787b3 add              x15, x15, x13       x15=1a10f000 x15:00000000 x13:1a10f000
20467336ns          346933 1c008d3e 00a767a3 p.sw             x10, x0(x14)        x10:00000020 x14:00000028  PA:1a10f028
20467680ns          346950 1c008d42 00000513 addi             x10, x0, 0          x10=00000000
20467700ns          346951 1c008d44 00008067 jalr             x0, x1, 0            x1:1c008de0
20467741ns          346953 1c008de0 15f52063 p.beqimm         x10, 320            x10:00000000
20467761ns          346954 1c008de4 001a8a93 addi             x21, x21, 1         x21=0000001b x21:0000001a
20467781ns          346955 1c008de6 00800d33 add              x26, x0, x8         x26=1c0009c9  x8:1c0009c9
20467801ns          346956 1c008de8 000d4503 lbu              x10, 0(x26)         x10=0000003d x26:1c0009c9  PA:1c0009c9
20468105ns          346971 1c008dec 001d0413 addi             x8, x26, 1           x8=1c0009ca x26:1c0009c9
20468125ns          346972 1c008df0 0c050b63 beq              x10, x0, 214        x10:0000003d
20468145ns          346973 1c008df2 02500793 addi             x15, x0, 37         x15=00000025
20468166ns          346974 1c008df6 fef513e3 bne              x10, x15, -26       x10:0000003d x15:00000025
20468226ns          346977 1c008ddc 017005b3 add              x11, x0, x23        x11=00000002 x23:00000002
20468247ns          346978 1c008dde 000980e7 jalr             x1, x19, 0           x1=1c008de0 x19:1c008d20
20468287ns          346980 1c008d20 f14027f3 csrrs            x15, x0, 0xf14      x15=00000005
20468307ns          346981 1c008d24 1a10f6b7 lui              x13, 0x1a10f000     x13=1a10f000
20468328ns          346982 1c008d28 ca5797b3 p.extractu       x15, x15, 5, 5      x15=00000000 x15:00000005
20468348ns          346983 1c008d2c f1402773 csrrs            x14, x0, 0xf14      x14=00000005
20468368ns          346984 1c008d30 00779793 slli             x15, x15, 0x7       x15=00000000 x15:00000000
20468388ns          346985 1c008d32 00371713 slli             x14, x14, 0x3       x14=00000028 x14:00000005
20468409ns          346986 1c008d34 0ff57513 andi             x10, x10, 255       x10=0000003d x10:0000003d
20468429ns          346987 1c008d38 ee873733 p.bclr           x14, x14, 23, 8     x14=00000028 x14:00000028
20468449ns          346988 1c008d3c 00d787b3 add              x15, x15, x13       x15=1a10f000 x15:00000000 x13:1a10f000
20468469ns          346989 1c008d3e 00a767a3 p.sw             x10, x0(x14)        x10:0000003d x14:00000028  PA:1a10f028
20468793ns          347005 1c008d42 00000513 addi             x10, x0, 0          x10=00000000
20468813ns          347006 1c008d44 00008067 jalr             x0, x1, 0            x1:1c008de0
20468854ns          347008 1c008de0 15f52063 p.beqimm         x10, 320            x10:00000000
20468874ns          347009 1c008de4 001a8a93 addi             x21, x21, 1         x21=0000001c x21:0000001b
20468894ns          347010 1c008de6 00800d33 add              x26, x0, x8         x26=1c0009ca  x8:1c0009ca
20468915ns          347011 1c008de8 000d4503 lbu              x10, 0(x26)         x10=00000020 x26:1c0009ca  PA:1c0009ca
20469218ns          347026 1c008dec 001d0413 addi             x8, x26, 1           x8=1c0009cb x26:1c0009ca
20469238ns          347027 1c008df0 0c050b63 beq              x10, x0, 214        x10:00000020
20469259ns          347028 1c008df2 02500793 addi             x15, x0, 37         x15=00000025
20469279ns          347029 1c008df6 fef513e3 bne              x10, x15, -26       x10:00000020 x15:00000025
20469340ns          347032 1c008ddc 017005b3 add              x11, x0, x23        x11=00000002 x23:00000002
20469360ns          347033 1c008dde 000980e7 jalr             x1, x19, 0           x1=1c008de0 x19:1c008d20
20469400ns          347035 1c008d20 f14027f3 csrrs            x15, x0, 0xf14      x15=00000005
20469421ns          347036 1c008d24 1a10f6b7 lui              x13, 0x1a10f000     x13=1a10f000
20469441ns          347037 1c008d28 ca5797b3 p.extractu       x15, x15, 5, 5      x15=00000000 x15:00000005
20469461ns          347038 1c008d2c f1402773 csrrs            x14, x0, 0xf14      x14=00000005
20469481ns          347039 1c008d30 00779793 slli             x15, x15, 0x7       x15=00000000 x15:00000000
20469502ns          347040 1c008d32 00371713 slli             x14, x14, 0x3       x14=00000028 x14:00000005
20469522ns          347041 1c008d34 0ff57513 andi             x10, x10, 255       x10=00000020 x10:00000020
20469542ns          347042 1c008d38 ee873733 p.bclr           x14, x14, 23, 8     x14=00000028 x14:00000028
20469562ns          347043 1c008d3c 00d787b3 add              x15, x15, x13       x15=1a10f000 x15:00000000 x13:1a10f000
20469582ns          347044 1c008d3e 00a767a3 p.sw             x10, x0(x14)        x10:00000020 x14:00000028  PA:1a10f028
20469927ns          347061 1c008d42 00000513 addi             x10, x0, 0          x10=00000000
20469947ns          347062 1c008d44 00008067 jalr             x0, x1, 0            x1:1c008de0
20469987ns          347064 1c008de0 15f52063 p.beqimm         x10, 320            x10:00000000
20470008ns          347065 1c008de4 001a8a93 addi             x21, x21, 1         x21=0000001d x21:0000001c
20470028ns          347066 1c008de6 00800d33 add              x26, x0, x8         x26=1c0009cb  x8:1c0009cb
20470048ns          347067 1c008de8 000d4503 lbu              x10, 0(x26)         x10=00000025 x26:1c0009cb  PA:1c0009cb
20470352ns          347082 1c008dec 001d0413 addi             x8, x26, 1           x8=1c0009cc x26:1c0009cb
20470372ns          347083 1c008df0 0c050b63 beq              x10, x0, 214        x10:00000025
20470392ns          347084 1c008df2 02500793 addi             x15, x0, 37         x15=00000025
20470412ns          347085 1c008df6 fef513e3 bne              x10, x15, -26       x10:00000025 x15:00000025
20470433ns          347086 1c008dfa 00012a23 sw               x0, 20(x2)           x2:10001b68  PA:10001b7c
20470453ns          347087 1c008dfc 00012823 sw               x0, 16(x2)           x2:10001b68  PA:10001b78
20470473ns          347088 1c008dfe 00012623 sw               x0, 12(x2)           x2:10001b68  PA:10001b74
20470493ns          347089 1c008e00 00012423 sw               x0, 8(x2)            x2:10001b68  PA:10001b70
20470514ns          347090 1c008e02 00012223 sw               x0, 4(x2)            x2:10001b68  PA:10001b6c
20470534ns          347091 1c008e04 02300493 addi             x9, x0, 35           x9=00000023
20470554ns          347092 1c008e08 02d00b13 addi             x22, x0, 45         x22=0000002d
20470574ns          347093 1c008e0c 00044c83 lbu              x25, 0(x8)          x25=00000064  x8:1c0009cc  PA:1c0009cc
20470898ns          347109 1c008e10 00140913 addi             x18, x8, 1          x18=1c0009cd  x8:1c0009cc
20470918ns          347110 1c008e14 019005b3 add              x11, x0, x25        x11=00000064 x25:00000064
20470939ns          347111 1c008e16 9d0c0513 addi             x10, x24, -1584     x10=1c0009d0 x24:1c001000
20470959ns          347112 1c008e1a 01200d33 add              x26, x0, x18        x26=1c0009cd x18:1c0009cd
20470979ns          347113 1c008e1c 01900db3 add              x27, x0, x25        x27=00000064 x25:00000064
20470999ns          347114 1c008e1e e89ff0ef jal              x1, -376             x1=1c008e20
20471141ns          347121 1c008ca6 00054783 lbu              x15, 0(x10)         x15=0000002d x10:1c0009d0  PA:1c0009d0
20471445ns          347136 1c008caa 0ff5f593 andi             x11, x11, 255       x11=00000064 x11:00000064
20471465ns          347137 1c008cae 00b78c63 beq              x15, x11, 24        x15:0000002d x11:00000064
20471485ns          347138 1c008cb2 00078b63 beq              x15, x0, 22         x15:0000002d
20471505ns          347139 1c008cb4 00150793 addi             x15, x10, 1         x15=1c0009d1 x10:1c0009d0
20471526ns          347140 1c008cb8 0040006f jal              x0, 4              
20471627ns          347145 1c008cbc 00f00533 add              x10, x0, x15        x10=1c0009d1 x15:1c0009d1
20471647ns          347146 1c008cbe 0017c70b p.lbu            x14, 1(x15!)        x14=0000002b x15=1c0009d2 x15:1c0009d1  PA:1c0009d1
20471971ns          347162 1c008cc2 feb71ce3 bne              x14, x11, -8        x14:0000002b x11:00000064
20472032ns          347165 1c008cba 00070763 beq              x14, x0, 14         x14:0000002b
20472052ns          347166 1c008cbc 00f00533 add              x10, x0, x15        x10=1c0009d2 x15:1c0009d2
20472072ns          347167 1c008cbe 0017c70b p.lbu            x14, 1(x15!)        x14=00000020 x15=1c0009d3 x15:1c0009d2  PA:1c0009d2
20472396ns          347183 1c008cc2 feb71ce3 bne              x14, x11, -8        x14:00000020 x11:00000064
20472457ns          347186 1c008cba 00070763 beq              x14, x0, 14         x14:00000020
20472477ns          347187 1c008cbc 00f00533 add              x10, x0, x15        x10=1c0009d3 x15:1c0009d3
20472497ns          347188 1c008cbe 0017c70b p.lbu            x14, 1(x15!)        x14=00000023 x15=1c0009d4 x15:1c0009d3  PA:1c0009d3
20472821ns          347204 1c008cc2 feb71ce3 bne              x14, x11, -8        x14:00000023 x11:00000064
20472882ns          347207 1c008cba 00070763 beq              x14, x0, 14         x14:00000023
20472902ns          347208 1c008cbc 00f00533 add              x10, x0, x15        x10=1c0009d4 x15:1c0009d4
20472922ns          347209 1c008cbe 0017c70b p.lbu            x14, 1(x15!)        x14=00000030 x15=1c0009d5 x15:1c0009d4  PA:1c0009d4
20473246ns          347225 1c008cc2 feb71ce3 bne              x14, x11, -8        x14:00000030 x11:00000064
20473307ns          347228 1c008cba 00070763 beq              x14, x0, 14         x14:00000030
20473327ns          347229 1c008cbc 00f00533 add              x10, x0, x15        x10=1c0009d5 x15:1c0009d5
20473347ns          347230 1c008cbe 0017c70b p.lbu            x14, 1(x15!)        x14=00000000 x15=1c0009d6 x15:1c0009d5  PA:1c0009d5
20473671ns          347246 1c008cc2 feb71ce3 bne              x14, x11, -8        x14:00000000 x11:00000064
20473732ns          347249 1c008cba 00070763 beq              x14, x0, 14         x14:00000000
20473792ns          347252 1c008cc8 0015b593 sltiu            x11, x11, 1         x11=00000000 x11:00000064
20473813ns          347253 1c008ccc 40b005b3 sub              x11, x0, x11        x11=00000000 x11:00000000
20473833ns          347254 1c008cd0 00b57533 and              x10, x10, x11       x10=00000000 x10:1c0009d5 x11:00000000
20473853ns          347255 1c008cd2 00008067 jalr             x0, x1, 0            x1:1c008e20
20473934ns          347259 1c008e20 02050b63 beq              x10, x0, 54         x10:00000000
20474015ns          347263 1c008e56 02a00693 addi             x13, x0, 42         x13=0000002a
20474035ns          347264 1c008e5a 2edc8263 beq              x25, x13, 740       x25:00000064 x13:0000002a
20474096ns          347267 1c008e5e fd0c8693 addi             x13, x25, -48       x13=00000034 x25:00000064
20474116ns          347268 1c008e62 00900593 addi             x11, x0, 9          x11=00000009
20474136ns          347269 1c008e64 00000b13 addi             x22, x0, 0          x22=00000000
20474157ns          347270 1c008e66 0cd5fd63 bgeu             x11, x13, 218       x11:00000009 x13:00000034
20474177ns          347271 1c008e6a 02e00793 addi             x15, x0, 46         x15=0000002e
20474238ns          347274 1c008e6e 28fd8663 beq              x27, x15, 652       x27:00000064 x15:0000002e
20474258ns          347275 1c008e72 01b00433 add              x8, x0, x27          x8=00000064 x27:00000064
20474278ns          347276 1c008e74 fff00493 addi             x9, x0, -1           x9=ffffffff
20474298ns          347277 1c008e76 1c001737 lui              x14, 0x1c001000     x14=1c001000
20474319ns          347278 1c008e7a 01b005b3 add              x11, x0, x27        x11=00000064 x27:00000064
20474339ns          347279 1c008e7c 9d870513 addi             x10, x14, -1576     x10=1c0009d8 x14:1c001000
20474379ns          347281 1c008e80 e27ff0ef jal              x1, -474             x1=1c008e82
20474440ns          347284 1c008ca6 00054783 lbu              x15, 0(x10)         x15=00000068 x10:1c0009d8  PA:1c0009d8
20474744ns          347299 1c008caa 0ff5f593 andi             x11, x11, 255       x11=00000064 x11:00000064
20474764ns          347300 1c008cae 00b78c63 beq              x15, x11, 24        x15:00000068 x11:00000064
20474784ns          347301 1c008cb2 00078b63 beq              x15, x0, 22         x15:00000068
20474804ns          347302 1c008cb4 00150793 addi             x15, x10, 1         x15=1c0009d9 x10:1c0009d8
20474825ns          347303 1c008cb8 0040006f jal              x0, 4              
20474865ns          347305 1c008cbc 00f00533 add              x10, x0, x15        x10=1c0009d9 x15:1c0009d9
20474885ns          347306 1c008cbe 0017c70b p.lbu            x14, 1(x15!)        x14=0000006c x15=1c0009da x15:1c0009d9  PA:1c0009d9
20475209ns          347322 1c008cc2 feb71ce3 bne              x14, x11, -8        x14:0000006c x11:00000064
20475270ns          347325 1c008cba 00070763 beq              x14, x0, 14         x14:0000006c
20475290ns          347326 1c008cbc 00f00533 add              x10, x0, x15        x10=1c0009da x15:1c0009da
20475310ns          347327 1c008cbe 0017c70b p.lbu            x14, 1(x15!)        x14=0000007a x15=1c0009db x15:1c0009da  PA:1c0009da
20475634ns          347343 1c008cc2 feb71ce3 bne              x14, x11, -8        x14:0000007a x11:00000064
20475695ns          347346 1c008cba 00070763 beq              x14, x0, 14         x14:0000007a
20475715ns          347347 1c008cbc 00f00533 add              x10, x0, x15        x10=1c0009db x15:1c0009db
20475735ns          347348 1c008cbe 0017c70b p.lbu            x14, 1(x15!)        x14=00000000 x15=1c0009dc x15:1c0009db  PA:1c0009db
20476059ns          347364 1c008cc2 feb71ce3 bne              x14, x11, -8        x14:00000000 x11:00000064
20476120ns          347367 1c008cba 00070763 beq              x14, x0, 14         x14:00000000
20476181ns          347370 1c008cc8 0015b593 sltiu            x11, x11, 1         x11=00000000 x11:00000064
20476201ns          347371 1c008ccc 40b005b3 sub              x11, x0, x11        x11=00000000 x11:00000000
20476221ns          347372 1c008cd0 00b57533 and              x10, x10, x11       x10=00000000 x10:1c0009db x11:00000000
20476241ns          347373 1c008cd2 00008067 jalr             x0, x1, 0            x1:1c008e82
20476282ns          347375 1c008e82 00000793 addi             x15, x0, 0          x15=00000000
20476302ns          347376 1c008e84 00050f63 beq              x10, x0, 30         x10:00000000
20476444ns          347383 1c008ea2 06700693 addi             x13, x0, 103        x13=00000067
20476464ns          347384 1c008ea6 0bb6ee63 bltu             x13, x27, 188       x13:00000067 x27:00000064
20476484ns          347385 1c008eaa 06500693 addi             x13, x0, 101        x13=00000065
20476545ns          347388 1c008eae 3addf2e3 bgeu             x27, x13, 2980      x27:00000064 x13:00000065
20476586ns          347390 1c008eb2 04700693 addi             x13, x0, 71         x13=00000047
20476606ns          347391 1c008eb6 39b6ed63 bltu             x13, x27, 922       x13:00000047 x27:00000064
20476768ns          347399 1c009250 06300693 addi             x13, x0, 99         x13=00000063
20476808ns          347401 1c009254 70dd8c63 beq              x27, x13, 1816      x27:00000064 x13:00000063
20476828ns          347402 1c009258 d3b6e5e3 bltu             x13, x27, -726      x13:00000063 x27:00000064
20477031ns          347412 1c008f82 06c00693 addi             x13, x0, 108        x13=0000006c
20477051ns          347413 1c008f86 00d78a63 beq              x15, x13, 20        x15:00000000 x13:0000006c
20477071ns          347414 1c008f8a 07a00693 addi             x13, x0, 122        x13=0000007a
20477132ns          347417 1c008f8e 00d78663 beq              x15, x13, 12        x15:00000000 x13:0000007a
20477172ns          347419 1c008f92 04c00693 addi             x13, x0, 76         x13=0000004c
20477193ns          347420 1c008f96 5ed78de3 beq              x15, x13, 3578      x15:00000000 x13:0000004c
20477213ns          347421 1c008f9a 000a2783 lw               x15, 0(x20)         x15=00000000 x20:10001c14  PA:10001c14
20477233ns          347422 1c008f9e 004a0a13 addi             x20, x20, 4         x20=10001c18 x20:10001c14
20477274ns          347424 1c008fa0 41f7d713 srai             x14, x15, 0x41f     x14=00000000 x15:00000000
20477314ns          347426 1c008fa4 01412e23 sw               x20, 28(x2)         x20:10001c18  x2:10001b68  PA:10001b84
20477334ns          347427 1c008fa6 00e12223 sw               x14, 4(x2)          x14:00000000  x2:10001b68  PA:10001b6c
20477355ns          347428 1c008fa8 4e0741e3 blt              x14, x0, 3298       x14:00000000
20477375ns          347429 1c008fac 00c12703 lw               x14, 12(x2)         x14=00000000  x2:10001b68  PA:10001b74
20477415ns          347431 1c008fae 440709e3 beq              x14, x0, 3154       x14:00000000
20477517ns          347436 1c009c00 01012703 lw               x14, 16(x2)         x14=00000000  x2:10001b68  PA:10001b78
20477557ns          347438 1c009c02 22070063 beq              x14, x0, 544        x14:00000000
20477658ns          347443 1c009e22 00412c83 lw               x25, 4(x2)          x25=00000000  x2:10001b68  PA:10001b6c
20477699ns          347445 1c009e24 02410a13 addi             x20, x2, 36         x20=10001b8c  x2:10001b68
20477719ns          347446 1c009e28 998ff06f jal              x0, -3688          
20477800ns          347450 1c008fc0 00f00433 add              x8, x0, x15          x8=00000000 x15:00000000
20477820ns          347451 1c008fc2 01400db3 add              x27, x0, x20        x27=10001b8c x20:10001b8c
20477840ns          347452 1c008fc4 0040006f jal              x0, 4              
20477881ns          347454 1c008fc8 00a00613 addi             x12, x0, 10         x12=0000000a
20477901ns          347455 1c008fca 00000693 addi             x13, x0, 0          x13=00000000
20477921ns          347456 1c008fcc 00800533 add              x10, x0, x8         x10=00000000  x8:00000000
20477942ns          347457 1c008fce 019005b3 add              x11, x0, x25        x11=00000000 x25:00000000
20477962ns          347458 1c008fd0 c2aff0ef jal              x1, -3030            x1=1c008fd4
20478043ns          347462 1c0083fa 00c008b3 add              x17, x0, x12        x17=0000000a x12:0000000a
20478083ns          347464 1c0083fc 00d00733 add              x14, x0, x13        x14=00000000 x13:00000000
20478104ns          347465 1c0083fe 00a007b3 add              x15, x0, x10        x15=00000000 x10:00000000
20478144ns          347467 1c008400 00b00833 add              x16, x0, x11        x16=00000000 x11:00000000
20478184ns          347469 1c008402 1c069863 bne              x13, x0, 464        x13:00000000
20478205ns          347470 1c008406 1c0016b7 lui              x13, 0x1c001000     x13=1c001000
20478225ns          347471 1c00840a 86868693 addi             x13, x13, -1944     x13=1c000868 x13:1c001000
20478286ns          347474 1c00840e 0ac5f863 bgeu             x11, x12, 176       x11:00000000 x12:0000000a
20478306ns          347475 1c008412 00010337 lui              x6, 0x10000          x6=00010000
20478326ns          347476 1c008414 08667e63 bgeu             x12, x6, 156        x12:0000000a  x6:00010000
20478346ns          347477 1c008418 0ff00313 addi             x6, x0, 255          x6=000000ff
20478367ns          347478 1c00841c 00c37363 bgeu             x6, x12, 6           x6:000000ff x12:0000000a
20478488ns          347484 1c008422 00e65333 srl              x6, x12, x14         x6=0000000a x12:0000000a x14:00000000
20478508ns          347485 1c008426 006686b3 add              x13, x13, x6        x13=1c000872 x13:1c000868  x6:0000000a
20478529ns          347486 1c008428 0006ce03 lbu              x28, 0(x13)         x28=00000004 x13:1c000872  PA:1c000872
20478832ns          347501 1c00842c 02000313 addi             x6, x0, 32           x6=00000020
20478852ns          347502 1c008430 00ee0e33 add              x28, x28, x14       x28=00000004 x28:00000004 x14:00000000
20478873ns          347503 1c008432 41c30333 sub              x6, x6, x28          x6=0000001c  x6:00000020 x28:00000004
20478893ns          347504 1c008436 00030c63 beq              x6, x0, 24           x6:0000001c
20478913ns          347505 1c00843a 006595b3 sll              x11, x11, x6        x11=00000000 x11:00000000  x6:0000001c
20478974ns          347508 1c00843e 01c55e33 srl              x28, x10, x28       x28=00000000 x10:00000000 x28:00000004
20479014ns          347510 1c008442 006618b3 sll              x17, x12, x6        x17=a0000000 x12:0000000a  x6:0000001c
20479035ns          347511 1c008446 00be6833 or               x16, x28, x11       x16=00000000 x28:00000000 x11:00000000
20479055ns          347512 1c00844a 006517b3 sll              x15, x10, x6        x15=00000000 x10:00000000  x6:0000001c
20479116ns          347515 1c00844e 0108d613 srli             x12, x17, 0x10      x12=0000a000 x17:a0000000
20479156ns          347517 1c008452 02c87733 remu             x14, x16, x12       x14=00000000 x16:00000000 x12:0000a000
20479541ns          347536 1c008456 02c85833 divu             x16, x16, x12       x16=00000000 x16:00000000 x12:0000a000
20479925ns          347555 1c00845a 01089513 slli             x10, x17, 0x10      x10=00000000 x17:a0000000
20479945ns          347556 1c00845e 01055513 srli             x10, x10, 0x10      x10=00000000 x10:00000000
20479966ns          347557 1c008460 01071713 slli             x14, x14, 0x10      x14=00000000 x14:00000000
20479986ns          347558 1c008462 0107d693 srli             x13, x15, 0x10      x13=00000000 x15:00000000
20480006ns          347559 1c008466 03050833 mul              x16, x10, x16       x16=00000000 x10:00000000 x16:00000000
20480026ns          347560 1c00846a 00e6e6b3 or               x13, x13, x14       x13=00000000 x13:00000000 x14:00000000
20480047ns          347561 1c00846c 0106f863 bgeu             x13, x16, 16        x13:00000000 x16:00000000
20480107ns          347564 1c00847c 410686b3 sub              x13, x13, x16       x13=00000000 x13:00000000 x16:00000000
20480168ns          347567 1c008480 02c6f733 remu             x14, x13, x12       x14=00000000 x13:00000000 x12:0000a000
20480573ns          347587 1c008484 02c6d6b3 divu             x13, x13, x12       x13=00000000 x13:00000000 x12:0000a000
20480957ns          347606 1c008488 01079793 slli             x15, x15, 0x10      x15=00000000 x15:00000000
20480978ns          347607 1c00848a 02d506b3 mul              x13, x10, x13       x13=00000000 x10:00000000 x13:00000000
20480998ns          347608 1c00848e 0107d793 srli             x15, x15, 0x10      x15=00000000 x15:00000000
20481018ns          347609 1c008490 01071513 slli             x10, x14, 0x10      x10=00000000 x14:00000000
20481038ns          347610 1c008494 00a7e7b3 or               x15, x15, x10       x15=00000000 x15:00000000 x10:00000000
20481059ns          347611 1c008496 00d7f863 bgeu             x15, x13, 16        x15:00000000 x13:00000000
20481160ns          347616 1c0084a6 40d787b3 sub              x15, x15, x13       x15=00000000 x15:00000000 x13:00000000
20481180ns          347617 1c0084a8 0067d533 srl              x10, x15, x6        x10=00000000 x15:00000000  x6:0000001c
20481200ns          347618 1c0084ac 00000593 addi             x11, x0, 0          x11=00000000
20481220ns          347619 1c0084ae 00008067 jalr             x0, x1, 0            x1:1c008fd4
20481342ns          347625 1c008fd4 00a00933 add              x18, x0, x10        x18=00000000 x10:00000000
20481362ns          347626 1c008fd6 019005b3 add              x11, x0, x25        x11=00000000 x25:00000000
20481382ns          347627 1c008fd8 00800533 add              x10, x0, x8         x10=00000000  x8:00000000
20481403ns          347628 1c008fda 00a00613 addi             x12, x0, 10         x12=0000000a
20481423ns          347629 1c008fdc 00000693 addi             x13, x0, 0          x13=00000000
20481463ns          347631 1c008fde 8beff0ef jal              x1, -3906            x1=1c008fe2
20481544ns          347635 1c00809c 00b007b3 add              x15, x0, x11        x15=00000000 x11:00000000
20481565ns          347636 1c00809e 00c00833 add              x16, x0, x12        x16=0000000a x12:0000000a
20481625ns          347639 1c0080a0 00d008b3 add              x17, x0, x13        x17=00000000 x13:00000000
20481646ns          347640 1c0080a2 00a00333 add              x6, x0, x10          x6=00000000 x10:00000000
20481666ns          347641 1c0080a4 20069663 bne              x13, x0, 524        x13:00000000
20481686ns          347642 1c0080a8 1c001737 lui              x14, 0x1c001000     x14=1c001000
20481706ns          347643 1c0080ac 86870713 addi             x14, x14, -1944     x14=1c000868 x14:1c001000
20481767ns          347646 1c0080b0 0ac5fe63 bgeu             x11, x12, 188       x11:00000000 x12:0000000a
20481807ns          347648 1c0080b4 000106b7 lui              x13, 0x10000        x13=00010000
20481828ns          347649 1c0080b6 0ad67463 bgeu             x12, x13, 168       x12:0000000a x13:00010000
20481848ns          347650 1c0080ba 0ff00693 addi             x13, x0, 255        x13=000000ff
20481909ns          347653 1c0080be 00c6b6b3 sltu             x13, x13, x12       x13=00000000 x13:000000ff x12:0000000a
20481929ns          347654 1c0080c2 00369693 slli             x13, x13, 0x3       x13=00000000 x13:00000000
20481949ns          347655 1c0080c4 00d658b3 srl              x17, x12, x13       x17=0000000a x12:0000000a x13:00000000
20481969ns          347656 1c0080c8 01170733 add              x14, x14, x17       x14=1c000872 x14:1c000868 x17:0000000a
20481990ns          347657 1c0080ca 00074703 lbu              x14, 0(x14)         x14=00000004 x14:1c000872  PA:1c000872
20482313ns          347673 1c0080ce 00e686b3 add              x13, x13, x14       x13=00000004 x13:00000000 x14:00000004
20482334ns          347674 1c0080d0 02000713 addi             x14, x0, 32         x14=00000020
20482354ns          347675 1c0080d4 40d70733 sub              x14, x14, x13       x14=0000001c x14:00000020 x13:00000004
20482374ns          347676 1c0080d6 00070b63 beq              x14, x0, 22         x14:0000001c
20482394ns          347677 1c0080d8 00e797b3 sll              x15, x15, x14       x15=00000000 x15:00000000 x14:0000001c
20482415ns          347678 1c0080dc 00d556b3 srl              x13, x10, x13       x13=00000000 x10:00000000 x13:00000004
20482455ns          347680 1c0080e0 00e61833 sll              x16, x12, x14       x16=a0000000 x12:0000000a x14:0000001c
20482496ns          347682 1c0080e4 00f6e5b3 or               x11, x13, x15       x11=00000000 x13:00000000 x15:00000000
20482516ns          347683 1c0080e8 00e51333 sll              x6, x10, x14         x6=00000000 x10:00000000 x14:0000001c
20482536ns          347684 1c0080ec 01085513 srli             x10, x16, 0x10      x10=0000a000 x16:a0000000
20482597ns          347687 1c0080f0 02a5f733 remu             x14, x11, x10       x14=00000000 x11:00000000 x10:0000a000
20483002ns          347707 1c0080f4 02a5d7b3 divu             x15, x11, x10       x15=00000000 x11:00000000 x10:0000a000
20483386ns          347726 1c0080f8 01081613 slli             x12, x16, 0x10      x12=00000000 x16:a0000000
20483406ns          347727 1c0080fc 01071713 slli             x14, x14, 0x10      x14=00000000 x14:00000000
20483427ns          347728 1c0080fe 01065613 srli             x12, x12, 0x10      x12=00000000 x12:00000000
20483447ns          347729 1c008100 01035693 srli             x13, x6, 0x10       x13=00000000  x6:00000000
20483467ns          347730 1c008104 00e6e6b3 or               x13, x13, x14       x13=00000000 x13:00000000 x14:00000000
20483487ns          347731 1c008106 02f605b3 mul              x11, x12, x15       x11=00000000 x12:00000000 x15:00000000
20483508ns          347732 1c00810a 00f00733 add              x14, x0, x15        x14=00000000 x15:00000000
20483528ns          347733 1c00810c 00b6fc63 bgeu             x13, x11, 24        x13:00000000 x11:00000000
20483629ns          347738 1c008124 40b686b3 sub              x13, x13, x11       x13=00000000 x13:00000000 x11:00000000
20483670ns          347740 1c008126 02a6f7b3 remu             x15, x13, x10       x15=00000000 x13:00000000 x10:0000a000
20484054ns          347759 1c00812a 02a6d6b3 divu             x13, x13, x10       x13=00000000 x13:00000000 x10:0000a000
20484439ns          347778 1c00812e 01031313 slli             x6, x6, 0x10         x6=00000000  x6:00000000
20484459ns          347779 1c008130 01079793 slli             x15, x15, 0x10      x15=00000000 x15:00000000
20484479ns          347780 1c008132 01035313 srli             x6, x6, 0x10         x6=00000000  x6:00000000
20484499ns          347781 1c008136 02d605b3 mul              x11, x12, x13       x11=00000000 x12:00000000 x13:00000000
20484520ns          347782 1c00813a 0067e333 or               x6, x15, x6          x6=00000000 x15:00000000  x6:00000000
20484540ns          347783 1c00813e 00d00533 add              x10, x0, x13        x10=00000000 x13:00000000
20484580ns          347785 1c008140 00b37b63 bgeu             x6, x11, 22          x6:00000000 x11:00000000
20484682ns          347790 1c008156 01071713 slli             x14, x14, 0x10      x14=00000000 x14:00000000
20484722ns          347792 1c008158 00a76733 or               x14, x14, x10       x14=00000000 x14:00000000 x10:00000000
20484742ns          347793 1c00815a 00000593 addi             x11, x0, 0          x11=00000000
20484762ns          347794 1c00815c 0b20006f jal              x0, 178            
20484884ns          347800 1c00820e 00e00533 add              x10, x0, x14        x10=00000000 x14:00000000
20484965ns          347804 1c008210 00008067 jalr             x0, x1, 0            x1:1c008fe2
20485086ns          347810 1c008fe2 03090913 addi             x18, x18, 48        x18=00000030 x18:00000000
20485107ns          347811 1c008fe6 012d8023 sb               x18, 0(x27)         x18:00000030 x27:10001b8c  PA:10001b8c
20485127ns          347812 1c008fea 00a5e7b3 or               x15, x11, x10       x15=00000000 x11:00000000 x10:00000000
20485188ns          347815 1c008fee 001d8913 addi             x18, x27, 1         x18=10001b8d x27:10001b8c
20485208ns          347816 1c008ff2 00a00433 add              x8, x0, x10          x8=00000000 x10:00000000
20485228ns          347817 1c008ff4 00b00cb3 add              x25, x0, x11        x25=00000000 x11:00000000
20485248ns          347818 1c008ff6 fc0798e3 bne              x15, x0, -48        x15:00000000
20485268ns          347819 1c008ff8 00090023 sb               x0, 0(x18)          x18:10001b8d  PA:10001b8d
20485289ns          347820 1c008ffc 01ba7d63 bgeu             x20, x27, 26        x20:10001b8c x27:10001b8c
20485410ns          347826 1c009016 00012783 lw               x15, 0(x2)          x15=10001b8c  x2:10001b68  PA:10001b68
20485451ns          347828 1c009018 00c12703 lw               x14, 12(x2)         x14=00000000  x2:10001b68  PA:10001b74
20485471ns          347829 1c00901a 40f90933 sub              x18, x18, x15       x18=00000001 x18:10001b8d x15:10001b8c
20485532ns          347832 1c00901e 3c071de3 bne              x14, x0, 3034       x14:00000000
20485552ns          347833 1c009022 01012783 lw               x15, 16(x2)         x15=00000000  x2:10001b68  PA:10001b78
20485592ns          347835 1c009024 3c079ae3 bne              x15, x0, 3028       x15:00000000
20485613ns          347836 1c009028 00412703 lw               x14, 4(x2)          x14=00000000  x2:10001b68  PA:10001b6c
20485653ns          347838 1c00902a 01f75713 srli             x14, x14, 0x1f      x14=00000000 x14:00000000
20485673ns          347839 1c00902c 00e12223 sw               x14, 4(x2)          x14:00000000  x2:10001b68  PA:10001b6c
20485694ns          347840 1c00902e 3404c463 blt              x9, x0, 840          x9:ffffffff
20485795ns          347845 1c009376 00000c93 addi             x25, x0, 0          x25=00000000
20485835ns          347847 1c009378 00012c23 sw               x0, 24(x2)           x2:10001b68  PA:10001b80
20485855ns          347848 1c00937a 00000a13 addi             x20, x0, 0          x20=00000000
20485876ns          347849 1c00937c 01412783 lw               x15, 20(x2)         x15=00000000  x2:10001b68  PA:10001b7c
20485916ns          347851 1c00937e 5e078163 beq              x15, x0, 1506       x15:00000000
20486017ns          347856 1c009960 412b0b33 sub              x22, x22, x18       x22=ffffffff x22:00000000 x18:00000001
20486058ns          347858 1c009964 02410413 addi             x8, x2, 36           x8=10001b8c  x2:10001b68
20486078ns          347859 1c009966 00000493 addi             x9, x0, 0            x9=00000000
20486098ns          347860 1c009968 ee6ff06f jal              x0, -2330          
20486240ns          347867 1c00904e 00812703 lw               x14, 8(x2)          x14=00000000  x2:10001b68  PA:10001b70
20486280ns          347869 1c009050 02071063 bne              x14, x0, 32         x14:00000000
20486301ns          347870 1c009052 01605f63 bge              x0, x22, 30         x22:ffffffff
20486402ns          347875 1c009070 00412783 lw               x15, 4(x2)          x15=00000000  x2:10001b68  PA:10001b6c
20486442ns          347877 1c009072 00f40db3 add              x27, x8, x15        x27=10001b8c  x8:10001b8c x15:00000000
20486463ns          347878 1c009076 00c0006f jal              x0, 12             
20486544ns          347882 1c009082 017005b3 add              x11, x0, x23        x11=00000002 x23:00000002
20486584ns          347884 1c009084 ffb41ae3 bne              x8, x27, -12         x8:10001b8c x27:10001b8c
20486604ns          347885 1c009088 00900db3 add              x27, x0, x9         x27=00000000  x9:00000000
20486625ns          347886 1c00908a 0080006f jal              x0, 8              
20486726ns          347891 1c009092 fffd8d93 addi             x27, x27, -1        x27=ffffffff x27:00000000
20486746ns          347892 1c009094 017005b3 add              x11, x0, x23        x11=00000002 x23:00000002
20486766ns          347893 1c009096 03000513 addi             x10, x0, 48         x10=00000030
20486786ns          347894 1c00909a fffdb9e3 p.bneimm         x27, -14            x27:ffffffff
20486807ns          347895 1c00909e 00412703 lw               x14, 4(x2)          x14=00000000  x2:10001b68  PA:10001b6c
20486847ns          347897 1c0090a0 40e90933 sub              x18, x18, x14       x18=00000001 x18:00000001 x14:00000000
20486888ns          347899 1c0090a4 01212423 sw               x18, 8(x2)          x18:00000001  x2:10001b68  PA:10001b70
20486908ns          347900 1c0090a6 e40a15e3 bne              x20, x0, -438       x20:00000000
20486928ns          347901 1c0090aa 01812783 lw               x15, 24(x2)         x15=00000000  x2:10001b68  PA:10001b80
20486969ns          347903 1c0090ac 16079763 bne              x15, x0, 366        x15:00000000
20486989ns          347904 1c0090b0 120c8863 beq              x25, x0, 304        x25:00000000
20487090ns          347909 1c0091e0 017005b3 add              x11, x0, x23        x11=00000002 x23:00000002
20487131ns          347911 1c0091e2 ff2049e3 blt              x0, x18, -14        x18:00000001
20487232ns          347916 1c0091d4 0014450b p.lbu            x10, 1(x8!)         x10=00000030  x8=10001b8d  x8:10001b8c  PA:10001b8c
20487272ns          347918 1c0091d8 fff90913 addi             x18, x18, -1        x18=00000000 x18:00000001
20487292ns          347919 1c0091da 000980e7 jalr             x1, x19, 0           x1=1c0091dc x19:1c008d20
20487373ns          347923 1c008d20 f14027f3 csrrs            x15, x0, 0xf14      x15=00000005
20487414ns          347925 1c008d24 1a10f6b7 lui              x13, 0x1a10f000     x13=1a10f000
20487434ns          347926 1c008d28 ca5797b3 p.extractu       x15, x15, 5, 5      x15=00000000 x15:00000005
20487454ns          347927 1c008d2c f1402773 csrrs            x14, x0, 0xf14      x14=00000005
20487515ns          347930 1c008d30 00779793 slli             x15, x15, 0x7       x15=00000000 x15:00000000
20487535ns          347931 1c008d32 00371713 slli             x14, x14, 0x3       x14=00000028 x14:00000005
20487556ns          347932 1c008d34 0ff57513 andi             x10, x10, 255       x10=00000030 x10:00000030
20487576ns          347933 1c008d38 ee873733 p.bclr           x14, x14, 23, 8     x14=00000028 x14:00000028
20487596ns          347934 1c008d3c 00d787b3 add              x15, x15, x13       x15=1a10f000 x15:00000000 x13:1a10f000
20487657ns          347937 1c008d3e 00a767a3 p.sw             x10, x0(x14)        x10:00000030 x14:00000028  PA:1a10f028
20487981ns          347953 1c008d42 00000513 addi             x10, x0, 0          x10=00000000
20488001ns          347954 1c008d44 00008067 jalr             x0, x1, 0            x1:1c0091dc
20488082ns          347958 1c0091dc d5f522e3 p.beqimm         x10, -700           x10:00000000
20488122ns          347960 1c0091e0 017005b3 add              x11, x0, x23        x11=00000002 x23:00000002
20488143ns          347961 1c0091e2 ff2049e3 blt              x0, x18, -14        x18:00000000
20488163ns          347962 1c0091e6 00412783 lw               x15, 4(x2)          x15=00000000  x2:10001b68  PA:10001b6c
20488183ns          347963 1c0091e8 01c12a03 lw               x20, 28(x2)         x20=10001c18  x2:10001b68  PA:10001b84
20488203ns          347964 1c0091ea 00fa8733 add              x14, x21, x15       x14=0000001d x21:0000001d x15:00000000
20488224ns          347965 1c0091ee 00812783 lw               x15, 8(x2)          x15=00000001  x2:10001b68  PA:10001b70
20488244ns          347966 1c0091f0 00970733 add              x14, x14, x9        x14=0000001d x14:0000001d  x9:00000000
20488284ns          347968 1c0091f2 00e78ab3 add              x21, x15, x14       x21=0000001e x15:00000001 x14:0000001d
20488304ns          347969 1c0091f6 bf6059e3 bge              x0, x22, -1038      x22:ffffffff
20488466ns          347977 1c008de8 000d4503 lbu              x10, 0(x26)         x10=0000000a x26:1c0009cd  PA:1c0009cd
20488790ns          347993 1c008dec 001d0413 addi             x8, x26, 1           x8=1c0009ce x26:1c0009cd
20488810ns          347994 1c008df0 0c050b63 beq              x10, x0, 214        x10:0000000a
20488831ns          347995 1c008df2 02500793 addi             x15, x0, 37         x15=00000025
20488851ns          347996 1c008df6 fef513e3 bne              x10, x15, -26       x10:0000000a x15:00000025
20489013ns          348004 1c008ddc 017005b3 add              x11, x0, x23        x11=00000002 x23:00000002
20489033ns          348005 1c008dde 000980e7 jalr             x1, x19, 0           x1=1c008de0 x19:1c008d20
20489074ns          348007 1c008d20 f14027f3 csrrs            x15, x0, 0xf14      x15=00000005
20489094ns          348008 1c008d24 1a10f6b7 lui              x13, 0x1a10f000     x13=1a10f000
20489114ns          348009 1c008d28 ca5797b3 p.extractu       x15, x15, 5, 5      x15=00000000 x15:00000005
20489134ns          348010 1c008d2c f1402773 csrrs            x14, x0, 0xf14      x14=00000005
20489155ns          348011 1c008d30 00779793 slli             x15, x15, 0x7       x15=00000000 x15:00000000
20489175ns          348012 1c008d32 00371713 slli             x14, x14, 0x3       x14=00000028 x14:00000005
20489195ns          348013 1c008d34 0ff57513 andi             x10, x10, 255       x10=0000000a x10:0000000a
20489215ns          348014 1c008d38 ee873733 p.bclr           x14, x14, 23, 8     x14=00000028 x14:00000028
20489236ns          348015 1c008d3c 00d787b3 add              x15, x15, x13       x15=1a10f000 x15:00000000 x13:1a10f000
20489256ns          348016 1c008d3e 00a767a3 p.sw             x10, x0(x14)        x10:0000000a x14:00000028  PA:1a10f028
20489580ns          348032 1c008d42 00000513 addi             x10, x0, 0          x10=00000000
20489600ns          348033 1c008d44 00008067 jalr             x0, x1, 0            x1:1c008de0
20489640ns          348035 1c008de0 15f52063 p.beqimm         x10, 320            x10:00000000
20489661ns          348036 1c008de4 001a8a93 addi             x21, x21, 1         x21=0000001f x21:0000001e
20489681ns          348037 1c008de6 00800d33 add              x26, x0, x8         x26=1c0009ce  x8:1c0009ce
20489701ns          348038 1c008de8 000d4503 lbu              x10, 0(x26)         x10=00000000 x26:1c0009ce  PA:1c0009ce
20490005ns          348053 1c008dec 001d0413 addi             x8, x26, 1           x8=1c0009cf x26:1c0009ce
20490025ns          348054 1c008df0 0c050b63 beq              x10, x0, 214        x10:00000000
20490126ns          348059 1c008ec6 01500433 add              x8, x0, x21          x8=0000001f x21:0000001f
20490167ns          348061 1c008ec8 00800533 add              x10, x0, x8         x10=0000001f  x8:0000001f
20490187ns          348062 1c008eca 07c12083 lw               x1, 124(x2)          x1=1c008da4  x2:10001b68  PA:10001be4
20490207ns          348063 1c008ecc 07812403 lw               x8, 120(x2)          x8=xxxxxxxx  x2:10001b68  PA:10001be0
20490227ns          348064 1c008ece 07412483 lw               x9, 116(x2)          x9=xxxxxxxx  x2:10001b68  PA:10001bdc
20490248ns          348065 1c008ed0 07012903 lw               x18, 112(x2)        x18=00204000  x2:10001b68  PA:10001bd8
20490268ns          348066 1c008ed2 06c12983 lw               x19, 108(x2)        x19=00000005  x2:10001b68  PA:10001bd4
20490288ns          348067 1c008ed4 06812a03 lw               x20, 104(x2)        x20=1c01011e  x2:10001b68  PA:10001bd0
20490308ns          348068 1c008ed6 06412a83 lw               x21, 100(x2)        x21=1c010122  x2:10001b68  PA:10001bcc
20490328ns          348069 1c008ed8 06012b03 lw               x22, 96(x2)         x22=xxxxxxxx  x2:10001b68  PA:10001bc8
20490349ns          348070 1c008eda 05c12b83 lw               x23, 92(x2)         x23=xxxxxxxx  x2:10001b68  PA:10001bc4
20490369ns          348071 1c008edc 05812c03 lw               x24, 88(x2)         x24=xxxxxxxx  x2:10001b68  PA:10001bc0
20490389ns          348072 1c008ede 05412c83 lw               x25, 84(x2)         x25=xxxxxxxx  x2:10001b68  PA:10001bbc
20490409ns          348073 1c008ee0 05012d03 lw               x26, 80(x2)         x26=xxxxxxxx  x2:10001b68  PA:10001bb8
20490430ns          348074 1c008ee2 04c12d83 lw               x27, 76(x2)         x27=xxxxxxxx  x2:10001b68  PA:10001bb4
20490450ns          348075 1c008ee4 08010113 addi             x2, x2, 128          x2=10001be8  x2:10001b68
20490470ns          348076 1c008ee6 00008067 jalr             x0, x1, 0            x1:1c008da4
20490612ns          348083 1c008da4 01c12083 lw               x1, 28(x2)           x1=1c01011e  x2:10001be8  PA:10001c04
20490632ns          348084 1c008da6 04010113 addi             x2, x2, 64           x2=10001c28  x2:10001be8
20490673ns          348086 1c008da8 00008067 jalr             x0, x1, 0            x1:1c01011e
20491118ns          348108 1c01011e 21c96283 p.elw            x5, 540(x18)         x5=00010000 x18:00204000  PA:0020421c
