                Time          Cycles PC       Instr    Mnemonic
20180798ns          332776 1c008080 00003517 auipc            x10, 0x3000         x10=1c00b080
20180839ns          332778 1c008084 02250513 addi             x10, x10, 34        x10=1c00b0a2 x10:1c00b080
20180879ns          332780 1c008088 00050067 jalr             x0, x10, 0          x10:1c00b0a2
20181810ns          332826 1c00b0a2 cc101073 csrrw            x0, x0, 0xcc1      
20181830ns          332827 1c00b0a6 f1402573 csrrs            x10, x0, 0xf14      x10=00000007
20181851ns          332828 1c00b0aa 01f57593 andi             x11, x10, 31        x11=00000007 x10:00000007
20181871ns          332829 1c00b0ae 00555513 srli             x10, x10, 0x5       x10=00000000 x10:00000007
20182296ns          332850 1c00b0b0 01f00613 addi             x12, x0, 31         x12=0000001f
20182336ns          332852 1c00b0b2 00c50463 beq              x10, x12, 8         x10:00000000 x12:0000001f
20182357ns          332853 1c00b0b6 74b0406f jal              x0, 20298          
20182741ns          332872 1c010000 f1402573 csrrs            x10, x0, 0xf14      x10=00000007
20182782ns          332874 1c010004 01f57593 andi             x11, x10, 31        x11=00000007 x10:00000007
20182802ns          332875 1c010008 00555513 srli             x10, x10, 0x5       x10=00000000 x10:00000007
20182822ns          332876 1c01000a 000702b7 lui              x5, 0x70000          x5=00070000
20183186ns          332894 1c01000e 00204337 lui              x6, 0x204000         x6=00204000
20183227ns          332896 1c010012 00532023 sw               x5, 0(x6)            x5:00070000  x6:00204000  PA:00204000
20183247ns          332897 1c010016 00000393 addi             x7, x0, 0            x7=00000000
20183267ns          332898 1c010018 0e759463 bne              x11, x7, 232        x11:00000007  x7:00000000
20183976ns          332933 1c010100 00204937 lui              x18, 0x204000       x18=00204000
20184016ns          332935 1c010104 f14029f3 csrrs            x19, x0, 0xf14      x19=00000007
20184037ns          332936 1c010108 01f9f993 andi             x19, x19, 31        x19=00000007 x19:00000007
20184057ns          332937 1c01010c 00000a17 auipc            x20, 0x0            x20=1c01010c
20184421ns          332955 1c010110 012a0a13 addi             x20, x20, 18        x20=1c01011e x20:1c01010c
20184462ns          332957 1c010114 00000a97 auipc            x21, 0x0            x21=1c010114
20184482ns          332958 1c010118 00ea8a93 addi             x21, x21, 14        x21=1c010122 x21:1c010114
20184502ns          332959 1c01011c 0060006f jal              x0, 6              
20184927ns          332980 1c010122 08096283 p.elw            x5, 128(x18)         x5=1c01013f x18:00204000  PA:00204080
20190028ns          333232 1c010126 08096503 p.elw            x10, 128(x18)       x10=00000400 x18:00204000  PA:00204080
20190129ns          333237 1c01012a 0012f313 andi             x6, x5, 1            x6=00000001  x5:1c01013f
20190149ns          333238 1c01012e 00031563 bne              x6, x0, 10           x6:00000001
20190210ns          333241 1c010138 000a80b3 add              x1, x21, x0          x1=1c010122 x21:1c010122
20190230ns          333242 1c01013c 00028067 jalr             x0, x5, 0            x5:1c01013f
20190797ns          333270 1c01013e 08096283 p.elw            x5, 128(x18)         x5=10000828 x18:00204000  PA:00204080
20190898ns          333275 1c010142 00098f13 addi             x30, x19, 0         x30=00000007 x19:00000007
20190918ns          333276 1c010146 02af0eb3 mul              x29, x30, x10       x29=00001c00 x30:00000007 x10:00000400
20190938ns          333277 1c01014a 005e8133 add              x2, x29, x5          x2=10002428 x29:00001c00  x5:10000828
20190959ns          333278 1c01014e 00008067 jalr             x0, x1, 0            x1:1c010122
20191343ns          333297 1c010122 08096283 p.elw            x5, 128(x18)         x5=1c00874e x18:00204000  PA:00204080
20191444ns          333302 1c010126 08096503 p.elw            x10, 128(x18)       x10=00000000 x18:00204000  PA:00204080
20191546ns          333307 1c01012a 0012f313 andi             x6, x5, 1            x6=00000000  x5:1c00874e
20191566ns          333308 1c01012e 00031563 bne              x6, x0, 10           x6:00000000
20191586ns          333309 1c010132 000a00b3 add              x1, x20, x0          x1=1c01011e x20:1c01011e
20191606ns          333310 1c010136 00028067 jalr             x0, x5, 0            x5:1c00874e
20192153ns          333337 1c00874e fd010113 addi             x2, x2, -48          x2=100023f8  x2:10002428
20192558ns          333357 1c008750 f14025f3 csrrs            x11, x0, 0xf14      x11=00000007
20192598ns          333359 1c008754 02912223 sw               x9, 36(x2)           x9:xxxxxxxx  x2:100023f8  PA:1000241c
20192618ns          333360 1c008756 1c001537 lui              x10, 0x1c001000     x10=1c001000
20192639ns          333361 1c00875a f14024f3 csrrs            x9, x0, 0xf14        x9=00000007
20193023ns          333380 1c00875e f454b4b3 p.bclr           x9, x9, 26, 5        x9=00000007  x9:00000007
20193043ns          333381 1c008762 00900633 add              x12, x0, x9         x12=00000007  x9:00000007
20193064ns          333382 1c008764 ca5595b3 p.extractu       x11, x11, 5, 5      x11=00000000 x11:00000007
20193084ns          333383 1c008768 98450513 addi             x10, x10, -1660     x10=1c000984 x10:1c001000
20193104ns          333384 1c00876c 02112623 sw               x1, 44(x2)           x1:1c01011e  x2:100023f8  PA:10002424
20193124ns          333385 1c00876e 02812423 sw               x8, 40(x2)           x8:xxxxxxxx  x2:100023f8  PA:10002420
20193529ns          333405 1c008770 01612823 sw               x22, 16(x2)         x22:xxxxxxxx  x2:100023f8  PA:10002408
20193549ns          333406 1c008772 01712623 sw               x23, 12(x2)         x23:xxxxxxxx  x2:100023f8  PA:10002404
20193570ns          333407 1c008774 03212023 sw               x18, 32(x2)         x18:00204000  x2:100023f8  PA:10002418
20193590ns          333408 1c008776 01312e23 sw               x19, 28(x2)         x19:00000007  x2:100023f8  PA:10002414
20193610ns          333409 1c008778 01412c23 sw               x20, 24(x2)         x20:1c01011e  x2:100023f8  PA:10002410
20193630ns          333410 1c00877a 01512a23 sw               x21, 20(x2)         x21:1c010122  x2:100023f8  PA:1000240c
20193651ns          333411 1c00877c 01812423 sw               x24, 8(x2)          x24:xxxxxxxx  x2:100023f8  PA:10002400
20193671ns          333412 1c00877e 5fe000ef jal              x1, 1534             x1=1c008780
20194440ns          333450 1c008d7c fc010113 addi             x2, x2, -64          x2=100023b8  x2:100023f8
20194905ns          333473 1c008d7e 02410313 addi             x6, x2, 36           x6=100023dc  x2:100023b8
20194926ns          333474 1c008d82 02c12423 sw               x12, 40(x2)         x12:00000007  x2:100023b8  PA:100023e0
20194946ns          333475 1c008d84 00a00633 add              x12, x0, x10        x12=1c000984 x10:1c000984
20194966ns          333476 1c008d86 1c009537 lui              x10, 0x1c009000     x10=1c009000
20194986ns          333477 1c008d8a 02b12223 sw               x11, 36(x2)         x11:00000000  x2:100023b8  PA:100023dc
20195007ns          333478 1c008d8c 02d12623 sw               x13, 44(x2)         x13:xxxxxxxx  x2:100023b8  PA:100023e4
20195027ns          333479 1c008d8e 00200593 addi             x11, x0, 2          x11=00000002
20195391ns          333497 1c008d90 006006b3 add              x13, x0, x6         x13=100023dc  x6:100023dc
20195432ns          333499 1c008d92 d2050513 addi             x10, x10, -736      x10=1c008d20 x10:1c009000
20195452ns          333500 1c008d96 00112e23 sw               x1, 28(x2)           x1:1c008780  x2:100023b8  PA:100023d4
20195472ns          333501 1c008d98 02e12823 sw               x14, 48(x2)         x14:xxxxxxxx  x2:100023b8  PA:100023e8
20195492ns          333502 1c008d9a 02f12a23 sw               x15, 52(x2)         x15:xxxxxxxx  x2:100023b8  PA:100023ec
20195513ns          333503 1c008d9c 03012c23 sw               x16, 56(x2)         x16:xxxxxxxx  x2:100023b8  PA:100023f0
20195533ns          333504 1c008d9e 03112e23 sw               x17, 60(x2)         x17:xxxxxxxx  x2:100023b8  PA:100023f4
20195877ns          333521 1c008da0 00612623 sw               x6, 12(x2)           x6:100023dc  x2:100023b8  PA:100023c4
20195897ns          333522 1c008da2 fa5ff0ef jal              x1, -92              x1=1c008da4
20196302ns          333542 1c008d46 0640006f jal              x0, 100            
20196342ns          333544 1c008daa f8010113 addi             x2, x2, -128         x2=10002338  x2:100023b8
20196363ns          333545 1c008dac 06812c23 sw               x8, 120(x2)          x8:xxxxxxxx  x2:10002338  PA:100023b0
20196383ns          333546 1c008dae 02410713 addi             x14, x2, 36         x14=1000235c  x2:10002338
20196768ns          333565 1c008db0 00000413 addi             x8, x0, 0            x8=00000000
20196788ns          333566 1c008db2 07312623 sw               x19, 108(x2)        x19:00000007  x2:10002338  PA:100023a4
20196808ns          333567 1c008db4 07412423 sw               x20, 104(x2)        x20:1c01011e  x2:10002338  PA:100023a0
20196828ns          333568 1c008db6 07512223 sw               x21, 100(x2)        x21:1c010122  x2:10002338  PA:1000239c
20196848ns          333569 1c008db8 05712e23 sw               x23, 92(x2)         x23:xxxxxxxx  x2:10002338  PA:10002394
20196869ns          333570 1c008dba 05812c23 sw               x24, 88(x2)         x24:xxxxxxxx  x2:10002338  PA:10002390
20196889ns          333571 1c008dbc 05a12823 sw               x26, 80(x2)         x26:xxxxxxxx  x2:10002338  PA:10002388
20196909ns          333572 1c008dbe 06112e23 sw               x1, 124(x2)          x1:1c008da4  x2:10002338  PA:100023b4
20197253ns          333589 1c008dc0 06912a23 sw               x9, 116(x2)          x9:00000007  x2:10002338  PA:100023ac
20197274ns          333590 1c008dc2 07212823 sw               x18, 112(x2)        x18:00204000  x2:10002338  PA:100023a8
20197294ns          333591 1c008dc4 07612023 sw               x22, 96(x2)         x22:xxxxxxxx  x2:10002338  PA:10002398
20197314ns          333592 1c008dc6 05912a23 sw               x25, 84(x2)         x25:xxxxxxxx  x2:10002338  PA:1000238c
20197334ns          333593 1c008dc8 05b12623 sw               x27, 76(x2)         x27:xxxxxxxx  x2:10002338  PA:10002384
20197354ns          333594 1c008dca 00a009b3 add              x19, x0, x10        x19=1c008d20 x10:1c008d20
20197375ns          333595 1c008dcc 00b00bb3 add              x23, x0, x11        x23=00000002 x11:00000002
20197395ns          333596 1c008dce 00c00d33 add              x26, x0, x12        x26=1c000984 x12:1c000984
20197719ns          333612 1c008dd0 00d00a33 add              x20, x0, x13        x20=100023dc x13:100023dc
20197759ns          333614 1c008dd2 1c001c37 lui              x24, 0x1c001000     x24=1c001000
20197780ns          333615 1c008dd6 00e12023 sw               x14, 0(x2)          x14:1000235c  x2:10002338  PA:10002338
20197800ns          333616 1c008dd8 00800ab3 add              x21, x0, x8         x21=00000000  x8:00000000
20197820ns          333617 1c008dda 00e0006f jal              x0, 14             
20198225ns          333637 1c008de8 000d4503 lbu              x10, 0(x26)         x10=00000045 x26:1c000984  PA:1c000984
20198650ns          333658 1c008dec 001d0413 addi             x8, x26, 1           x8=1c000985 x26:1c000984
20198670ns          333659 1c008df0 0c050b63 beq              x10, x0, 214        x10:00000045
20198711ns          333661 1c008df2 02500793 addi             x15, x0, 37         x15=00000025
20198731ns          333662 1c008df6 fef513e3 bne              x10, x15, -26       x10:00000045 x15:00000025
20199237ns          333687 1c008ddc 017005b3 add              x11, x0, x23        x11=00000002 x23:00000002
20199257ns          333688 1c008dde 000980e7 jalr             x1, x19, 0           x1=1c008de0 x19:1c008d20
20199682ns          333709 1c008d20 f14027f3 csrrs            x15, x0, 0xf14      x15=00000007
20199723ns          333711 1c008d24 1a10f6b7 lui              x13, 0x1a10f000     x13=1a10f000
20199743ns          333712 1c008d28 ca5797b3 p.extractu       x15, x15, 5, 5      x15=00000000 x15:00000007
20199763ns          333713 1c008d2c f1402773 csrrs            x14, x0, 0xf14      x14=00000007
20200148ns          333732 1c008d30 00779793 slli             x15, x15, 0x7       x15=00000000 x15:00000000
20200168ns          333733 1c008d32 00371713 slli             x14, x14, 0x3       x14=00000038 x14:00000007
20200188ns          333734 1c008d34 0ff57513 andi             x10, x10, 255       x10=00000045 x10:00000045
20200208ns          333735 1c008d38 ee873733 p.bclr           x14, x14, 23, 8     x14=00000038 x14:00000038
20200229ns          333736 1c008d3c 00d787b3 add              x15, x15, x13       x15=1a10f000 x15:00000000 x13:1a10f000
20200249ns          333737 1c008d3e 00a767a3 p.sw             x10, x0(x14)        x10:00000045 x14:00000038  PA:1a10f038
20200896ns          333769 1c008d42 00000513 addi             x10, x0, 0          x10=00000000
20200917ns          333770 1c008d44 00008067 jalr             x0, x1, 0            x1:1c008de0
20200957ns          333772 1c008de0 15f52063 p.beqimm         x10, 320            x10:00000000
20200977ns          333773 1c008de4 001a8a93 addi             x21, x21, 1         x21=00000001 x21:00000000
20200998ns          333774 1c008de6 00800d33 add              x26, x0, x8         x26=1c000985  x8:1c000985
20201018ns          333775 1c008de8 000d4503 lbu              x10, 0(x26)         x10=0000006e x26:1c000985  PA:1c000985
20201322ns          333790 1c008dec 001d0413 addi             x8, x26, 1           x8=1c000986 x26:1c000985
20201342ns          333791 1c008df0 0c050b63 beq              x10, x0, 214        x10:0000006e
20201362ns          333792 1c008df2 02500793 addi             x15, x0, 37         x15=00000025
20201382ns          333793 1c008df6 fef513e3 bne              x10, x15, -26       x10:0000006e x15:00000025
20201443ns          333796 1c008ddc 017005b3 add              x11, x0, x23        x11=00000002 x23:00000002
20201463ns          333797 1c008dde 000980e7 jalr             x1, x19, 0           x1=1c008de0 x19:1c008d20
20201504ns          333799 1c008d20 f14027f3 csrrs            x15, x0, 0xf14      x15=00000007
20201524ns          333800 1c008d24 1a10f6b7 lui              x13, 0x1a10f000     x13=1a10f000
20201544ns          333801 1c008d28 ca5797b3 p.extractu       x15, x15, 5, 5      x15=00000000 x15:00000007
20201564ns          333802 1c008d2c f1402773 csrrs            x14, x0, 0xf14      x14=00000007
20201585ns          333803 1c008d30 00779793 slli             x15, x15, 0x7       x15=00000000 x15:00000000
20201605ns          333804 1c008d32 00371713 slli             x14, x14, 0x3       x14=00000038 x14:00000007
20201625ns          333805 1c008d34 0ff57513 andi             x10, x10, 255       x10=0000006e x10:0000006e
20201645ns          333806 1c008d38 ee873733 p.bclr           x14, x14, 23, 8     x14=00000038 x14:00000038
20201666ns          333807 1c008d3c 00d787b3 add              x15, x15, x13       x15=1a10f000 x15:00000000 x13:1a10f000
20201686ns          333808 1c008d3e 00a767a3 p.sw             x10, x0(x14)        x10:0000006e x14:00000038  PA:1a10f038
20202131ns          333830 1c008d42 00000513 addi             x10, x0, 0          x10=00000000
20202151ns          333831 1c008d44 00008067 jalr             x0, x1, 0            x1:1c008de0
20202192ns          333833 1c008de0 15f52063 p.beqimm         x10, 320            x10:00000000
20202212ns          333834 1c008de4 001a8a93 addi             x21, x21, 1         x21=00000002 x21:00000001
20202232ns          333835 1c008de6 00800d33 add              x26, x0, x8         x26=1c000986  x8:1c000986
20202253ns          333836 1c008de8 000d4503 lbu              x10, 0(x26)         x10=00000074 x26:1c000986  PA:1c000986
20202556ns          333851 1c008dec 001d0413 addi             x8, x26, 1           x8=1c000987 x26:1c000986
20202576ns          333852 1c008df0 0c050b63 beq              x10, x0, 214        x10:00000074
20202597ns          333853 1c008df2 02500793 addi             x15, x0, 37         x15=00000025
20202617ns          333854 1c008df6 fef513e3 bne              x10, x15, -26       x10:00000074 x15:00000025
20202678ns          333857 1c008ddc 017005b3 add              x11, x0, x23        x11=00000002 x23:00000002
20202698ns          333858 1c008dde 000980e7 jalr             x1, x19, 0           x1=1c008de0 x19:1c008d20
20202738ns          333860 1c008d20 f14027f3 csrrs            x15, x0, 0xf14      x15=00000007
20202759ns          333861 1c008d24 1a10f6b7 lui              x13, 0x1a10f000     x13=1a10f000
20202779ns          333862 1c008d28 ca5797b3 p.extractu       x15, x15, 5, 5      x15=00000000 x15:00000007
20202799ns          333863 1c008d2c f1402773 csrrs            x14, x0, 0xf14      x14=00000007
20202819ns          333864 1c008d30 00779793 slli             x15, x15, 0x7       x15=00000000 x15:00000000
20202840ns          333865 1c008d32 00371713 slli             x14, x14, 0x3       x14=00000038 x14:00000007
20202860ns          333866 1c008d34 0ff57513 andi             x10, x10, 255       x10=00000074 x10:00000074
20202880ns          333867 1c008d38 ee873733 p.bclr           x14, x14, 23, 8     x14=00000038 x14:00000038
20202900ns          333868 1c008d3c 00d787b3 add              x15, x15, x13       x15=1a10f000 x15:00000000 x13:1a10f000
20202920ns          333869 1c008d3e 00a767a3 p.sw             x10, x0(x14)        x10:00000074 x14:00000038  PA:1a10f038
20203244ns          333885 1c008d42 00000513 addi             x10, x0, 0          x10=00000000
20203265ns          333886 1c008d44 00008067 jalr             x0, x1, 0            x1:1c008de0
20203305ns          333888 1c008de0 15f52063 p.beqimm         x10, 320            x10:00000000
20203325ns          333889 1c008de4 001a8a93 addi             x21, x21, 1         x21=00000003 x21:00000002
20203346ns          333890 1c008de6 00800d33 add              x26, x0, x8         x26=1c000987  x8:1c000987
20203366ns          333891 1c008de8 000d4503 lbu              x10, 0(x26)         x10=00000065 x26:1c000987  PA:1c000987
20203669ns          333906 1c008dec 001d0413 addi             x8, x26, 1           x8=1c000988 x26:1c000987
20203690ns          333907 1c008df0 0c050b63 beq              x10, x0, 214        x10:00000065
20203710ns          333908 1c008df2 02500793 addi             x15, x0, 37         x15=00000025
20203730ns          333909 1c008df6 fef513e3 bne              x10, x15, -26       x10:00000065 x15:00000025
20203791ns          333912 1c008ddc 017005b3 add              x11, x0, x23        x11=00000002 x23:00000002
20203811ns          333913 1c008dde 000980e7 jalr             x1, x19, 0           x1=1c008de0 x19:1c008d20
20203852ns          333915 1c008d20 f14027f3 csrrs            x15, x0, 0xf14      x15=00000007
20203872ns          333916 1c008d24 1a10f6b7 lui              x13, 0x1a10f000     x13=1a10f000
20203892ns          333917 1c008d28 ca5797b3 p.extractu       x15, x15, 5, 5      x15=00000000 x15:00000007
20203912ns          333918 1c008d2c f1402773 csrrs            x14, x0, 0xf14      x14=00000007
20203932ns          333919 1c008d30 00779793 slli             x15, x15, 0x7       x15=00000000 x15:00000000
20203953ns          333920 1c008d32 00371713 slli             x14, x14, 0x3       x14=00000038 x14:00000007
20203973ns          333921 1c008d34 0ff57513 andi             x10, x10, 255       x10=00000065 x10:00000065
20203993ns          333922 1c008d38 ee873733 p.bclr           x14, x14, 23, 8     x14=00000038 x14:00000038
20204013ns          333923 1c008d3c 00d787b3 add              x15, x15, x13       x15=1a10f000 x15:00000000 x13:1a10f000
20204034ns          333924 1c008d3e 00a767a3 p.sw             x10, x0(x14)        x10:00000065 x14:00000038  PA:1a10f038
20204358ns          333940 1c008d42 00000513 addi             x10, x0, 0          x10=00000000
20204378ns          333941 1c008d44 00008067 jalr             x0, x1, 0            x1:1c008de0
20204418ns          333943 1c008de0 15f52063 p.beqimm         x10, 320            x10:00000000
20204438ns          333944 1c008de4 001a8a93 addi             x21, x21, 1         x21=00000004 x21:00000003
20204459ns          333945 1c008de6 00800d33 add              x26, x0, x8         x26=1c000988  x8:1c000988
20204479ns          333946 1c008de8 000d4503 lbu              x10, 0(x26)         x10=00000072 x26:1c000988  PA:1c000988
20204783ns          333961 1c008dec 001d0413 addi             x8, x26, 1           x8=1c000989 x26:1c000988
20204803ns          333962 1c008df0 0c050b63 beq              x10, x0, 214        x10:00000072
20204823ns          333963 1c008df2 02500793 addi             x15, x0, 37         x15=00000025
20204843ns          333964 1c008df6 fef513e3 bne              x10, x15, -26       x10:00000072 x15:00000025
20204904ns          333967 1c008ddc 017005b3 add              x11, x0, x23        x11=00000002 x23:00000002
20204924ns          333968 1c008dde 000980e7 jalr             x1, x19, 0           x1=1c008de0 x19:1c008d20
20204965ns          333970 1c008d20 f14027f3 csrrs            x15, x0, 0xf14      x15=00000007
20204985ns          333971 1c008d24 1a10f6b7 lui              x13, 0x1a10f000     x13=1a10f000
20205005ns          333972 1c008d28 ca5797b3 p.extractu       x15, x15, 5, 5      x15=00000000 x15:00000007
20205025ns          333973 1c008d2c f1402773 csrrs            x14, x0, 0xf14      x14=00000007
20205046ns          333974 1c008d30 00779793 slli             x15, x15, 0x7       x15=00000000 x15:00000000
20205066ns          333975 1c008d32 00371713 slli             x14, x14, 0x3       x14=00000038 x14:00000007
20205086ns          333976 1c008d34 0ff57513 andi             x10, x10, 255       x10=00000072 x10:00000072
20205106ns          333977 1c008d38 ee873733 p.bclr           x14, x14, 23, 8     x14=00000038 x14:00000038
20205127ns          333978 1c008d3c 00d787b3 add              x15, x15, x13       x15=1a10f000 x15:00000000 x13:1a10f000
20205147ns          333979 1c008d3e 00a767a3 p.sw             x10, x0(x14)        x10:00000072 x14:00000038  PA:1a10f038
20205471ns          333995 1c008d42 00000513 addi             x10, x0, 0          x10=00000000
20205491ns          333996 1c008d44 00008067 jalr             x0, x1, 0            x1:1c008de0
20205531ns          333998 1c008de0 15f52063 p.beqimm         x10, 320            x10:00000000
20205552ns          333999 1c008de4 001a8a93 addi             x21, x21, 1         x21=00000005 x21:00000004
20205572ns          334000 1c008de6 00800d33 add              x26, x0, x8         x26=1c000989  x8:1c000989
20205592ns          334001 1c008de8 000d4503 lbu              x10, 0(x26)         x10=00000065 x26:1c000989  PA:1c000989
20205896ns          334016 1c008dec 001d0413 addi             x8, x26, 1           x8=1c00098a x26:1c000989
20205916ns          334017 1c008df0 0c050b63 beq              x10, x0, 214        x10:00000065
20205936ns          334018 1c008df2 02500793 addi             x15, x0, 37         x15=00000025
20205956ns          334019 1c008df6 fef513e3 bne              x10, x15, -26       x10:00000065 x15:00000025
20206017ns          334022 1c008ddc 017005b3 add              x11, x0, x23        x11=00000002 x23:00000002
20206037ns          334023 1c008dde 000980e7 jalr             x1, x19, 0           x1=1c008de0 x19:1c008d20
20206078ns          334025 1c008d20 f14027f3 csrrs            x15, x0, 0xf14      x15=00000007
20206098ns          334026 1c008d24 1a10f6b7 lui              x13, 0x1a10f000     x13=1a10f000
20206118ns          334027 1c008d28 ca5797b3 p.extractu       x15, x15, 5, 5      x15=00000000 x15:00000007
20206139ns          334028 1c008d2c f1402773 csrrs            x14, x0, 0xf14      x14=00000007
20206159ns          334029 1c008d30 00779793 slli             x15, x15, 0x7       x15=00000000 x15:00000000
20206179ns          334030 1c008d32 00371713 slli             x14, x14, 0x3       x14=00000038 x14:00000007
20206199ns          334031 1c008d34 0ff57513 andi             x10, x10, 255       x10=00000065 x10:00000065
20206220ns          334032 1c008d38 ee873733 p.bclr           x14, x14, 23, 8     x14=00000038 x14:00000038
20206240ns          334033 1c008d3c 00d787b3 add              x15, x15, x13       x15=1a10f000 x15:00000000 x13:1a10f000
20206260ns          334034 1c008d3e 00a767a3 p.sw             x10, x0(x14)        x10:00000065 x14:00000038  PA:1a10f038
20206584ns          334050 1c008d42 00000513 addi             x10, x0, 0          x10=00000000
20206604ns          334051 1c008d44 00008067 jalr             x0, x1, 0            x1:1c008de0
20206645ns          334053 1c008de0 15f52063 p.beqimm         x10, 320            x10:00000000
20206665ns          334054 1c008de4 001a8a93 addi             x21, x21, 1         x21=00000006 x21:00000005
20206685ns          334055 1c008de6 00800d33 add              x26, x0, x8         x26=1c00098a  x8:1c00098a
20206705ns          334056 1c008de8 000d4503 lbu              x10, 0(x26)         x10=00000064 x26:1c00098a  PA:1c00098a
20207009ns          334071 1c008dec 001d0413 addi             x8, x26, 1           x8=1c00098b x26:1c00098a
20207029ns          334072 1c008df0 0c050b63 beq              x10, x0, 214        x10:00000064
20207049ns          334073 1c008df2 02500793 addi             x15, x0, 37         x15=00000025
20207070ns          334074 1c008df6 fef513e3 bne              x10, x15, -26       x10:00000064 x15:00000025
20207130ns          334077 1c008ddc 017005b3 add              x11, x0, x23        x11=00000002 x23:00000002
20207151ns          334078 1c008dde 000980e7 jalr             x1, x19, 0           x1=1c008de0 x19:1c008d20
20207191ns          334080 1c008d20 f14027f3 csrrs            x15, x0, 0xf14      x15=00000007
20207211ns          334081 1c008d24 1a10f6b7 lui              x13, 0x1a10f000     x13=1a10f000
20207232ns          334082 1c008d28 ca5797b3 p.extractu       x15, x15, 5, 5      x15=00000000 x15:00000007
20207252ns          334083 1c008d2c f1402773 csrrs            x14, x0, 0xf14      x14=00000007
20207272ns          334084 1c008d30 00779793 slli             x15, x15, 0x7       x15=00000000 x15:00000000
20207292ns          334085 1c008d32 00371713 slli             x14, x14, 0x3       x14=00000038 x14:00000007
20207313ns          334086 1c008d34 0ff57513 andi             x10, x10, 255       x10=00000064 x10:00000064
20207333ns          334087 1c008d38 ee873733 p.bclr           x14, x14, 23, 8     x14=00000038 x14:00000038
20207353ns          334088 1c008d3c 00d787b3 add              x15, x15, x13       x15=1a10f000 x15:00000000 x13:1a10f000
20207373ns          334089 1c008d3e 00a767a3 p.sw             x10, x0(x14)        x10:00000064 x14:00000038  PA:1a10f038
20207697ns          334105 1c008d42 00000513 addi             x10, x0, 0          x10=00000000
20207717ns          334106 1c008d44 00008067 jalr             x0, x1, 0            x1:1c008de0
20207758ns          334108 1c008de0 15f52063 p.beqimm         x10, 320            x10:00000000
20207778ns          334109 1c008de4 001a8a93 addi             x21, x21, 1         x21=00000007 x21:00000006
20207798ns          334110 1c008de6 00800d33 add              x26, x0, x8         x26=1c00098b  x8:1c00098b
20207819ns          334111 1c008de8 000d4503 lbu              x10, 0(x26)         x10=00000020 x26:1c00098b  PA:1c00098b
20208122ns          334126 1c008dec 001d0413 addi             x8, x26, 1           x8=1c00098c x26:1c00098b
20208142ns          334127 1c008df0 0c050b63 beq              x10, x0, 214        x10:00000020
20208163ns          334128 1c008df2 02500793 addi             x15, x0, 37         x15=00000025
20208183ns          334129 1c008df6 fef513e3 bne              x10, x15, -26       x10:00000020 x15:00000025
20208244ns          334132 1c008ddc 017005b3 add              x11, x0, x23        x11=00000002 x23:00000002
20208264ns          334133 1c008dde 000980e7 jalr             x1, x19, 0           x1=1c008de0 x19:1c008d20
20208304ns          334135 1c008d20 f14027f3 csrrs            x15, x0, 0xf14      x15=00000007
20208325ns          334136 1c008d24 1a10f6b7 lui              x13, 0x1a10f000     x13=1a10f000
20208345ns          334137 1c008d28 ca5797b3 p.extractu       x15, x15, 5, 5      x15=00000000 x15:00000007
20208365ns          334138 1c008d2c f1402773 csrrs            x14, x0, 0xf14      x14=00000007
20208385ns          334139 1c008d30 00779793 slli             x15, x15, 0x7       x15=00000000 x15:00000000
20208406ns          334140 1c008d32 00371713 slli             x14, x14, 0x3       x14=00000038 x14:00000007
20208426ns          334141 1c008d34 0ff57513 andi             x10, x10, 255       x10=00000020 x10:00000020
20208446ns          334142 1c008d38 ee873733 p.bclr           x14, x14, 23, 8     x14=00000038 x14:00000038
20208466ns          334143 1c008d3c 00d787b3 add              x15, x15, x13       x15=1a10f000 x15:00000000 x13:1a10f000
20208486ns          334144 1c008d3e 00a767a3 p.sw             x10, x0(x14)        x10:00000020 x14:00000038  PA:1a10f038
20208810ns          334160 1c008d42 00000513 addi             x10, x0, 0          x10=00000000
20208831ns          334161 1c008d44 00008067 jalr             x0, x1, 0            x1:1c008de0
20208871ns          334163 1c008de0 15f52063 p.beqimm         x10, 320            x10:00000000
20208891ns          334164 1c008de4 001a8a93 addi             x21, x21, 1         x21=00000008 x21:00000007
20208912ns          334165 1c008de6 00800d33 add              x26, x0, x8         x26=1c00098c  x8:1c00098c
20208932ns          334166 1c008de8 000d4503 lbu              x10, 0(x26)         x10=00000063 x26:1c00098c  PA:1c00098c
20209235ns          334181 1c008dec 001d0413 addi             x8, x26, 1           x8=1c00098d x26:1c00098c
20209256ns          334182 1c008df0 0c050b63 beq              x10, x0, 214        x10:00000063
20209276ns          334183 1c008df2 02500793 addi             x15, x0, 37         x15=00000025
20209296ns          334184 1c008df6 fef513e3 bne              x10, x15, -26       x10:00000063 x15:00000025
20209357ns          334187 1c008ddc 017005b3 add              x11, x0, x23        x11=00000002 x23:00000002
20209377ns          334188 1c008dde 000980e7 jalr             x1, x19, 0           x1=1c008de0 x19:1c008d20
20209418ns          334190 1c008d20 f14027f3 csrrs            x15, x0, 0xf14      x15=00000007
20209438ns          334191 1c008d24 1a10f6b7 lui              x13, 0x1a10f000     x13=1a10f000
20209458ns          334192 1c008d28 ca5797b3 p.extractu       x15, x15, 5, 5      x15=00000000 x15:00000007
20209478ns          334193 1c008d2c f1402773 csrrs            x14, x0, 0xf14      x14=00000007
20209498ns          334194 1c008d30 00779793 slli             x15, x15, 0x7       x15=00000000 x15:00000000
20209519ns          334195 1c008d32 00371713 slli             x14, x14, 0x3       x14=00000038 x14:00000007
20209539ns          334196 1c008d34 0ff57513 andi             x10, x10, 255       x10=00000063 x10:00000063
20209559ns          334197 1c008d38 ee873733 p.bclr           x14, x14, 23, 8     x14=00000038 x14:00000038
20209579ns          334198 1c008d3c 00d787b3 add              x15, x15, x13       x15=1a10f000 x15:00000000 x13:1a10f000
20209600ns          334199 1c008d3e 00a767a3 p.sw             x10, x0(x14)        x10:00000063 x14:00000038  PA:1a10f038
20209924ns          334215 1c008d42 00000513 addi             x10, x0, 0          x10=00000000
20209944ns          334216 1c008d44 00008067 jalr             x0, x1, 0            x1:1c008de0
20209984ns          334218 1c008de0 15f52063 p.beqimm         x10, 320            x10:00000000
20210004ns          334219 1c008de4 001a8a93 addi             x21, x21, 1         x21=00000009 x21:00000008
20210025ns          334220 1c008de6 00800d33 add              x26, x0, x8         x26=1c00098d  x8:1c00098d
20210045ns          334221 1c008de8 000d4503 lbu              x10, 0(x26)         x10=0000006c x26:1c00098d  PA:1c00098d
20210349ns          334236 1c008dec 001d0413 addi             x8, x26, 1           x8=1c00098e x26:1c00098d
20210369ns          334237 1c008df0 0c050b63 beq              x10, x0, 214        x10:0000006c
20210389ns          334238 1c008df2 02500793 addi             x15, x0, 37         x15=00000025
20210409ns          334239 1c008df6 fef513e3 bne              x10, x15, -26       x10:0000006c x15:00000025
20210470ns          334242 1c008ddc 017005b3 add              x11, x0, x23        x11=00000002 x23:00000002
20210490ns          334243 1c008dde 000980e7 jalr             x1, x19, 0           x1=1c008de0 x19:1c008d20
20210531ns          334245 1c008d20 f14027f3 csrrs            x15, x0, 0xf14      x15=00000007
20210551ns          334246 1c008d24 1a10f6b7 lui              x13, 0x1a10f000     x13=1a10f000
20210571ns          334247 1c008d28 ca5797b3 p.extractu       x15, x15, 5, 5      x15=00000000 x15:00000007
20210591ns          334248 1c008d2c f1402773 csrrs            x14, x0, 0xf14      x14=00000007
20210612ns          334249 1c008d30 00779793 slli             x15, x15, 0x7       x15=00000000 x15:00000000
20210632ns          334250 1c008d32 00371713 slli             x14, x14, 0x3       x14=00000038 x14:00000007
20210652ns          334251 1c008d34 0ff57513 andi             x10, x10, 255       x10=0000006c x10:0000006c
20210672ns          334252 1c008d38 ee873733 p.bclr           x14, x14, 23, 8     x14=00000038 x14:00000038
20210693ns          334253 1c008d3c 00d787b3 add              x15, x15, x13       x15=1a10f000 x15:00000000 x13:1a10f000
20210713ns          334254 1c008d3e 00a767a3 p.sw             x10, x0(x14)        x10:0000006c x14:00000038  PA:1a10f038
20211037ns          334270 1c008d42 00000513 addi             x10, x0, 0          x10=00000000
20211057ns          334271 1c008d44 00008067 jalr             x0, x1, 0            x1:1c008de0
20211097ns          334273 1c008de0 15f52063 p.beqimm         x10, 320            x10:00000000
20211118ns          334274 1c008de4 001a8a93 addi             x21, x21, 1         x21=0000000a x21:00000009
20211138ns          334275 1c008de6 00800d33 add              x26, x0, x8         x26=1c00098e  x8:1c00098e
20211158ns          334276 1c008de8 000d4503 lbu              x10, 0(x26)         x10=00000075 x26:1c00098e  PA:1c00098e
20211462ns          334291 1c008dec 001d0413 addi             x8, x26, 1           x8=1c00098f x26:1c00098e
20211482ns          334292 1c008df0 0c050b63 beq              x10, x0, 214        x10:00000075
20211502ns          334293 1c008df2 02500793 addi             x15, x0, 37         x15=00000025
20211522ns          334294 1c008df6 fef513e3 bne              x10, x15, -26       x10:00000075 x15:00000025
20211583ns          334297 1c008ddc 017005b3 add              x11, x0, x23        x11=00000002 x23:00000002
20211603ns          334298 1c008dde 000980e7 jalr             x1, x19, 0           x1=1c008de0 x19:1c008d20
20211644ns          334300 1c008d20 f14027f3 csrrs            x15, x0, 0xf14      x15=00000007
20211664ns          334301 1c008d24 1a10f6b7 lui              x13, 0x1a10f000     x13=1a10f000
20211684ns          334302 1c008d28 ca5797b3 p.extractu       x15, x15, 5, 5      x15=00000000 x15:00000007
20211705ns          334303 1c008d2c f1402773 csrrs            x14, x0, 0xf14      x14=00000007
20211725ns          334304 1c008d30 00779793 slli             x15, x15, 0x7       x15=00000000 x15:00000000
20211745ns          334305 1c008d32 00371713 slli             x14, x14, 0x3       x14=00000038 x14:00000007
20211765ns          334306 1c008d34 0ff57513 andi             x10, x10, 255       x10=00000075 x10:00000075
20211786ns          334307 1c008d38 ee873733 p.bclr           x14, x14, 23, 8     x14=00000038 x14:00000038
20211806ns          334308 1c008d3c 00d787b3 add              x15, x15, x13       x15=1a10f000 x15:00000000 x13:1a10f000
20211826ns          334309 1c008d3e 00a767a3 p.sw             x10, x0(x14)        x10:00000075 x14:00000038  PA:1a10f038
20212150ns          334325 1c008d42 00000513 addi             x10, x0, 0          x10=00000000
20212170ns          334326 1c008d44 00008067 jalr             x0, x1, 0            x1:1c008de0
20212211ns          334328 1c008de0 15f52063 p.beqimm         x10, 320            x10:00000000
20212231ns          334329 1c008de4 001a8a93 addi             x21, x21, 1         x21=0000000b x21:0000000a
20212251ns          334330 1c008de6 00800d33 add              x26, x0, x8         x26=1c00098f  x8:1c00098f
20212271ns          334331 1c008de8 000d4503 lbu              x10, 0(x26)         x10=00000073 x26:1c00098f  PA:1c00098f
20212575ns          334346 1c008dec 001d0413 addi             x8, x26, 1           x8=1c000990 x26:1c00098f
20212595ns          334347 1c008df0 0c050b63 beq              x10, x0, 214        x10:00000073
20212615ns          334348 1c008df2 02500793 addi             x15, x0, 37         x15=00000025
20212636ns          334349 1c008df6 fef513e3 bne              x10, x15, -26       x10:00000073 x15:00000025
20212696ns          334352 1c008ddc 017005b3 add              x11, x0, x23        x11=00000002 x23:00000002
20212717ns          334353 1c008dde 000980e7 jalr             x1, x19, 0           x1=1c008de0 x19:1c008d20
20212757ns          334355 1c008d20 f14027f3 csrrs            x15, x0, 0xf14      x15=00000007
20212777ns          334356 1c008d24 1a10f6b7 lui              x13, 0x1a10f000     x13=1a10f000
20212798ns          334357 1c008d28 ca5797b3 p.extractu       x15, x15, 5, 5      x15=00000000 x15:00000007
20212818ns          334358 1c008d2c f1402773 csrrs            x14, x0, 0xf14      x14=00000007
20212838ns          334359 1c008d30 00779793 slli             x15, x15, 0x7       x15=00000000 x15:00000000
20212858ns          334360 1c008d32 00371713 slli             x14, x14, 0x3       x14=00000038 x14:00000007
20212879ns          334361 1c008d34 0ff57513 andi             x10, x10, 255       x10=00000073 x10:00000073
20212899ns          334362 1c008d38 ee873733 p.bclr           x14, x14, 23, 8     x14=00000038 x14:00000038
20212919ns          334363 1c008d3c 00d787b3 add              x15, x15, x13       x15=1a10f000 x15:00000000 x13:1a10f000
20212939ns          334364 1c008d3e 00a767a3 p.sw             x10, x0(x14)        x10:00000073 x14:00000038  PA:1a10f038
20213263ns          334380 1c008d42 00000513 addi             x10, x0, 0          x10=00000000
20213283ns          334381 1c008d44 00008067 jalr             x0, x1, 0            x1:1c008de0
20213324ns          334383 1c008de0 15f52063 p.beqimm         x10, 320            x10:00000000
20213344ns          334384 1c008de4 001a8a93 addi             x21, x21, 1         x21=0000000c x21:0000000b
20213364ns          334385 1c008de6 00800d33 add              x26, x0, x8         x26=1c000990  x8:1c000990
20213385ns          334386 1c008de8 000d4503 lbu              x10, 0(x26)         x10=00000074 x26:1c000990  PA:1c000990
20213688ns          334401 1c008dec 001d0413 addi             x8, x26, 1           x8=1c000991 x26:1c000990
20213708ns          334402 1c008df0 0c050b63 beq              x10, x0, 214        x10:00000074
20213729ns          334403 1c008df2 02500793 addi             x15, x0, 37         x15=00000025
20213749ns          334404 1c008df6 fef513e3 bne              x10, x15, -26       x10:00000074 x15:00000025
20213810ns          334407 1c008ddc 017005b3 add              x11, x0, x23        x11=00000002 x23:00000002
20213830ns          334408 1c008dde 000980e7 jalr             x1, x19, 0           x1=1c008de0 x19:1c008d20
20213870ns          334410 1c008d20 f14027f3 csrrs            x15, x0, 0xf14      x15=00000007
20213891ns          334411 1c008d24 1a10f6b7 lui              x13, 0x1a10f000     x13=1a10f000
20213911ns          334412 1c008d28 ca5797b3 p.extractu       x15, x15, 5, 5      x15=00000000 x15:00000007
20213931ns          334413 1c008d2c f1402773 csrrs            x14, x0, 0xf14      x14=00000007
20213951ns          334414 1c008d30 00779793 slli             x15, x15, 0x7       x15=00000000 x15:00000000
20213972ns          334415 1c008d32 00371713 slli             x14, x14, 0x3       x14=00000038 x14:00000007
20213992ns          334416 1c008d34 0ff57513 andi             x10, x10, 255       x10=00000074 x10:00000074
20214012ns          334417 1c008d38 ee873733 p.bclr           x14, x14, 23, 8     x14=00000038 x14:00000038
20214032ns          334418 1c008d3c 00d787b3 add              x15, x15, x13       x15=1a10f000 x15:00000000 x13:1a10f000
20214052ns          334419 1c008d3e 00a767a3 p.sw             x10, x0(x14)        x10:00000074 x14:00000038  PA:1a10f038
20214376ns          334435 1c008d42 00000513 addi             x10, x0, 0          x10=00000000
20214397ns          334436 1c008d44 00008067 jalr             x0, x1, 0            x1:1c008de0
20214437ns          334438 1c008de0 15f52063 p.beqimm         x10, 320            x10:00000000
20214457ns          334439 1c008de4 001a8a93 addi             x21, x21, 1         x21=0000000d x21:0000000c
20214478ns          334440 1c008de6 00800d33 add              x26, x0, x8         x26=1c000991  x8:1c000991
20214498ns          334441 1c008de8 000d4503 lbu              x10, 0(x26)         x10=00000065 x26:1c000991  PA:1c000991
20214801ns          334456 1c008dec 001d0413 addi             x8, x26, 1           x8=1c000992 x26:1c000991
20214822ns          334457 1c008df0 0c050b63 beq              x10, x0, 214        x10:00000065
20214842ns          334458 1c008df2 02500793 addi             x15, x0, 37         x15=00000025
20214862ns          334459 1c008df6 fef513e3 bne              x10, x15, -26       x10:00000065 x15:00000025
20214923ns          334462 1c008ddc 017005b3 add              x11, x0, x23        x11=00000002 x23:00000002
20214943ns          334463 1c008dde 000980e7 jalr             x1, x19, 0           x1=1c008de0 x19:1c008d20
20214984ns          334465 1c008d20 f14027f3 csrrs            x15, x0, 0xf14      x15=00000007
20215004ns          334466 1c008d24 1a10f6b7 lui              x13, 0x1a10f000     x13=1a10f000
20215024ns          334467 1c008d28 ca5797b3 p.extractu       x15, x15, 5, 5      x15=00000000 x15:00000007
20215044ns          334468 1c008d2c f1402773 csrrs            x14, x0, 0xf14      x14=00000007
20215064ns          334469 1c008d30 00779793 slli             x15, x15, 0x7       x15=00000000 x15:00000000
20215085ns          334470 1c008d32 00371713 slli             x14, x14, 0x3       x14=00000038 x14:00000007
20215105ns          334471 1c008d34 0ff57513 andi             x10, x10, 255       x10=00000065 x10:00000065
20215125ns          334472 1c008d38 ee873733 p.bclr           x14, x14, 23, 8     x14=00000038 x14:00000038
20215145ns          334473 1c008d3c 00d787b3 add              x15, x15, x13       x15=1a10f000 x15:00000000 x13:1a10f000
20215166ns          334474 1c008d3e 00a767a3 p.sw             x10, x0(x14)        x10:00000065 x14:00000038  PA:1a10f038
20215490ns          334490 1c008d42 00000513 addi             x10, x0, 0          x10=00000000
20215510ns          334491 1c008d44 00008067 jalr             x0, x1, 0            x1:1c008de0
20215550ns          334493 1c008de0 15f52063 p.beqimm         x10, 320            x10:00000000
20215570ns          334494 1c008de4 001a8a93 addi             x21, x21, 1         x21=0000000e x21:0000000d
20215591ns          334495 1c008de6 00800d33 add              x26, x0, x8         x26=1c000992  x8:1c000992
20215611ns          334496 1c008de8 000d4503 lbu              x10, 0(x26)         x10=00000072 x26:1c000992  PA:1c000992
20215915ns          334511 1c008dec 001d0413 addi             x8, x26, 1           x8=1c000993 x26:1c000992
20215935ns          334512 1c008df0 0c050b63 beq              x10, x0, 214        x10:00000072
20215955ns          334513 1c008df2 02500793 addi             x15, x0, 37         x15=00000025
20215975ns          334514 1c008df6 fef513e3 bne              x10, x15, -26       x10:00000072 x15:00000025
20216036ns          334517 1c008ddc 017005b3 add              x11, x0, x23        x11=00000002 x23:00000002
20216056ns          334518 1c008dde 000980e7 jalr             x1, x19, 0           x1=1c008de0 x19:1c008d20
20216097ns          334520 1c008d20 f14027f3 csrrs            x15, x0, 0xf14      x15=00000007
20216117ns          334521 1c008d24 1a10f6b7 lui              x13, 0x1a10f000     x13=1a10f000
20216137ns          334522 1c008d28 ca5797b3 p.extractu       x15, x15, 5, 5      x15=00000000 x15:00000007
20216157ns          334523 1c008d2c f1402773 csrrs            x14, x0, 0xf14      x14=00000007
20216178ns          334524 1c008d30 00779793 slli             x15, x15, 0x7       x15=00000000 x15:00000000
20216198ns          334525 1c008d32 00371713 slli             x14, x14, 0x3       x14=00000038 x14:00000007
20216218ns          334526 1c008d34 0ff57513 andi             x10, x10, 255       x10=00000072 x10:00000072
20216238ns          334527 1c008d38 ee873733 p.bclr           x14, x14, 23, 8     x14=00000038 x14:00000038
20216259ns          334528 1c008d3c 00d787b3 add              x15, x15, x13       x15=1a10f000 x15:00000000 x13:1a10f000
20216279ns          334529 1c008d3e 00a767a3 p.sw             x10, x0(x14)        x10:00000072 x14:00000038  PA:1a10f038
20216603ns          334545 1c008d42 00000513 addi             x10, x0, 0          x10=00000000
20216623ns          334546 1c008d44 00008067 jalr             x0, x1, 0            x1:1c008de0
20216663ns          334548 1c008de0 15f52063 p.beqimm         x10, 320            x10:00000000
20216684ns          334549 1c008de4 001a8a93 addi             x21, x21, 1         x21=0000000f x21:0000000e
20216704ns          334550 1c008de6 00800d33 add              x26, x0, x8         x26=1c000993  x8:1c000993
20216724ns          334551 1c008de8 000d4503 lbu              x10, 0(x26)         x10=00000020 x26:1c000993  PA:1c000993
20217028ns          334566 1c008dec 001d0413 addi             x8, x26, 1           x8=1c000994 x26:1c000993
20217048ns          334567 1c008df0 0c050b63 beq              x10, x0, 214        x10:00000020
20217068ns          334568 1c008df2 02500793 addi             x15, x0, 37         x15=00000025
20217088ns          334569 1c008df6 fef513e3 bne              x10, x15, -26       x10:00000020 x15:00000025
20217149ns          334572 1c008ddc 017005b3 add              x11, x0, x23        x11=00000002 x23:00000002
20217169ns          334573 1c008dde 000980e7 jalr             x1, x19, 0           x1=1c008de0 x19:1c008d20
20217210ns          334575 1c008d20 f14027f3 csrrs            x15, x0, 0xf14      x15=00000007
20217230ns          334576 1c008d24 1a10f6b7 lui              x13, 0x1a10f000     x13=1a10f000
20217250ns          334577 1c008d28 ca5797b3 p.extractu       x15, x15, 5, 5      x15=00000000 x15:00000007
20217271ns          334578 1c008d2c f1402773 csrrs            x14, x0, 0xf14      x14=00000007
20217291ns          334579 1c008d30 00779793 slli             x15, x15, 0x7       x15=00000000 x15:00000000
20217311ns          334580 1c008d32 00371713 slli             x14, x14, 0x3       x14=00000038 x14:00000007
20217331ns          334581 1c008d34 0ff57513 andi             x10, x10, 255       x10=00000020 x10:00000020
20217352ns          334582 1c008d38 ee873733 p.bclr           x14, x14, 23, 8     x14=00000038 x14:00000038
20217372ns          334583 1c008d3c 00d787b3 add              x15, x15, x13       x15=1a10f000 x15:00000000 x13:1a10f000
20217392ns          334584 1c008d3e 00a767a3 p.sw             x10, x0(x14)        x10:00000020 x14:00000038  PA:1a10f038
20217716ns          334600 1c008d42 00000513 addi             x10, x0, 0          x10=00000000
20217736ns          334601 1c008d44 00008067 jalr             x0, x1, 0            x1:1c008de0
20217777ns          334603 1c008de0 15f52063 p.beqimm         x10, 320            x10:00000000
20217797ns          334604 1c008de4 001a8a93 addi             x21, x21, 1         x21=00000010 x21:0000000f
20217817ns          334605 1c008de6 00800d33 add              x26, x0, x8         x26=1c000994  x8:1c000994
20217837ns          334606 1c008de8 000d4503 lbu              x10, 0(x26)         x10=0000006f x26:1c000994  PA:1c000994
20218141ns          334621 1c008dec 001d0413 addi             x8, x26, 1           x8=1c000995 x26:1c000994
20218161ns          334622 1c008df0 0c050b63 beq              x10, x0, 214        x10:0000006f
20218181ns          334623 1c008df2 02500793 addi             x15, x0, 37         x15=00000025
20218202ns          334624 1c008df6 fef513e3 bne              x10, x15, -26       x10:0000006f x15:00000025
20218262ns          334627 1c008ddc 017005b3 add              x11, x0, x23        x11=00000002 x23:00000002
20218283ns          334628 1c008dde 000980e7 jalr             x1, x19, 0           x1=1c008de0 x19:1c008d20
20218323ns          334630 1c008d20 f14027f3 csrrs            x15, x0, 0xf14      x15=00000007
20218343ns          334631 1c008d24 1a10f6b7 lui              x13, 0x1a10f000     x13=1a10f000
20218364ns          334632 1c008d28 ca5797b3 p.extractu       x15, x15, 5, 5      x15=00000000 x15:00000007
20218384ns          334633 1c008d2c f1402773 csrrs            x14, x0, 0xf14      x14=00000007
20218404ns          334634 1c008d30 00779793 slli             x15, x15, 0x7       x15=00000000 x15:00000000
20218424ns          334635 1c008d32 00371713 slli             x14, x14, 0x3       x14=00000038 x14:00000007
20218445ns          334636 1c008d34 0ff57513 andi             x10, x10, 255       x10=0000006f x10:0000006f
20218465ns          334637 1c008d38 ee873733 p.bclr           x14, x14, 23, 8     x14=00000038 x14:00000038
20218485ns          334638 1c008d3c 00d787b3 add              x15, x15, x13       x15=1a10f000 x15:00000000 x13:1a10f000
20218505ns          334639 1c008d3e 00a767a3 p.sw             x10, x0(x14)        x10:0000006f x14:00000038  PA:1a10f038
20218829ns          334655 1c008d42 00000513 addi             x10, x0, 0          x10=00000000
20218849ns          334656 1c008d44 00008067 jalr             x0, x1, 0            x1:1c008de0
20218890ns          334658 1c008de0 15f52063 p.beqimm         x10, 320            x10:00000000
20218910ns          334659 1c008de4 001a8a93 addi             x21, x21, 1         x21=00000011 x21:00000010
20218930ns          334660 1c008de6 00800d33 add              x26, x0, x8         x26=1c000995  x8:1c000995
20218951ns          334661 1c008de8 000d4503 lbu              x10, 0(x26)         x10=0000006e x26:1c000995  PA:1c000995
20219254ns          334676 1c008dec 001d0413 addi             x8, x26, 1           x8=1c000996 x26:1c000995
20219274ns          334677 1c008df0 0c050b63 beq              x10, x0, 214        x10:0000006e
20219295ns          334678 1c008df2 02500793 addi             x15, x0, 37         x15=00000025
20219315ns          334679 1c008df6 fef513e3 bne              x10, x15, -26       x10:0000006e x15:00000025
20219376ns          334682 1c008ddc 017005b3 add              x11, x0, x23        x11=00000002 x23:00000002
20219396ns          334683 1c008dde 000980e7 jalr             x1, x19, 0           x1=1c008de0 x19:1c008d20
20219436ns          334685 1c008d20 f14027f3 csrrs            x15, x0, 0xf14      x15=00000007
20219457ns          334686 1c008d24 1a10f6b7 lui              x13, 0x1a10f000     x13=1a10f000
20219477ns          334687 1c008d28 ca5797b3 p.extractu       x15, x15, 5, 5      x15=00000000 x15:00000007
20219497ns          334688 1c008d2c f1402773 csrrs            x14, x0, 0xf14      x14=00000007
20219517ns          334689 1c008d30 00779793 slli             x15, x15, 0x7       x15=00000000 x15:00000000
20219538ns          334690 1c008d32 00371713 slli             x14, x14, 0x3       x14=00000038 x14:00000007
20219558ns          334691 1c008d34 0ff57513 andi             x10, x10, 255       x10=0000006e x10:0000006e
20219578ns          334692 1c008d38 ee873733 p.bclr           x14, x14, 23, 8     x14=00000038 x14:00000038
20219598ns          334693 1c008d3c 00d787b3 add              x15, x15, x13       x15=1a10f000 x15:00000000 x13:1a10f000
20219618ns          334694 1c008d3e 00a767a3 p.sw             x10, x0(x14)        x10:0000006e x14:00000038  PA:1a10f038
20219942ns          334710 1c008d42 00000513 addi             x10, x0, 0          x10=00000000
20219963ns          334711 1c008d44 00008067 jalr             x0, x1, 0            x1:1c008de0
20220003ns          334713 1c008de0 15f52063 p.beqimm         x10, 320            x10:00000000
20220023ns          334714 1c008de4 001a8a93 addi             x21, x21, 1         x21=00000012 x21:00000011
20220044ns          334715 1c008de6 00800d33 add              x26, x0, x8         x26=1c000996  x8:1c000996
20220064ns          334716 1c008de8 000d4503 lbu              x10, 0(x26)         x10=00000020 x26:1c000996  PA:1c000996
20220367ns          334731 1c008dec 001d0413 addi             x8, x26, 1           x8=1c000997 x26:1c000996
20220388ns          334732 1c008df0 0c050b63 beq              x10, x0, 214        x10:00000020
20220408ns          334733 1c008df2 02500793 addi             x15, x0, 37         x15=00000025
20220428ns          334734 1c008df6 fef513e3 bne              x10, x15, -26       x10:00000020 x15:00000025
20220489ns          334737 1c008ddc 017005b3 add              x11, x0, x23        x11=00000002 x23:00000002
20220509ns          334738 1c008dde 000980e7 jalr             x1, x19, 0           x1=1c008de0 x19:1c008d20
20220550ns          334740 1c008d20 f14027f3 csrrs            x15, x0, 0xf14      x15=00000007
20220570ns          334741 1c008d24 1a10f6b7 lui              x13, 0x1a10f000     x13=1a10f000
20220590ns          334742 1c008d28 ca5797b3 p.extractu       x15, x15, 5, 5      x15=00000000 x15:00000007
20220610ns          334743 1c008d2c f1402773 csrrs            x14, x0, 0xf14      x14=00000007
20220630ns          334744 1c008d30 00779793 slli             x15, x15, 0x7       x15=00000000 x15:00000000
20220651ns          334745 1c008d32 00371713 slli             x14, x14, 0x3       x14=00000038 x14:00000007
20220671ns          334746 1c008d34 0ff57513 andi             x10, x10, 255       x10=00000020 x10:00000020
20220691ns          334747 1c008d38 ee873733 p.bclr           x14, x14, 23, 8     x14=00000038 x14:00000038
20220711ns          334748 1c008d3c 00d787b3 add              x15, x15, x13       x15=1a10f000 x15:00000000 x13:1a10f000
20220732ns          334749 1c008d3e 00a767a3 p.sw             x10, x0(x14)        x10:00000020 x14:00000038  PA:1a10f038
20221056ns          334765 1c008d42 00000513 addi             x10, x0, 0          x10=00000000
20221076ns          334766 1c008d44 00008067 jalr             x0, x1, 0            x1:1c008de0
20221116ns          334768 1c008de0 15f52063 p.beqimm         x10, 320            x10:00000000
20221136ns          334769 1c008de4 001a8a93 addi             x21, x21, 1         x21=00000013 x21:00000012
20221157ns          334770 1c008de6 00800d33 add              x26, x0, x8         x26=1c000997  x8:1c000997
20221177ns          334771 1c008de8 000d4503 lbu              x10, 0(x26)         x10=00000063 x26:1c000997  PA:1c000997
20221481ns          334786 1c008dec 001d0413 addi             x8, x26, 1           x8=1c000998 x26:1c000997
20221501ns          334787 1c008df0 0c050b63 beq              x10, x0, 214        x10:00000063
20221521ns          334788 1c008df2 02500793 addi             x15, x0, 37         x15=00000025
20221541ns          334789 1c008df6 fef513e3 bne              x10, x15, -26       x10:00000063 x15:00000025
20221602ns          334792 1c008ddc 017005b3 add              x11, x0, x23        x11=00000002 x23:00000002
20221622ns          334793 1c008dde 000980e7 jalr             x1, x19, 0           x1=1c008de0 x19:1c008d20
20221663ns          334795 1c008d20 f14027f3 csrrs            x15, x0, 0xf14      x15=00000007
20221683ns          334796 1c008d24 1a10f6b7 lui              x13, 0x1a10f000     x13=1a10f000
20221703ns          334797 1c008d28 ca5797b3 p.extractu       x15, x15, 5, 5      x15=00000000 x15:00000007
20221723ns          334798 1c008d2c f1402773 csrrs            x14, x0, 0xf14      x14=00000007
20221744ns          334799 1c008d30 00779793 slli             x15, x15, 0x7       x15=00000000 x15:00000000
20221764ns          334800 1c008d32 00371713 slli             x14, x14, 0x3       x14=00000038 x14:00000007
20221784ns          334801 1c008d34 0ff57513 andi             x10, x10, 255       x10=00000063 x10:00000063
20221804ns          334802 1c008d38 ee873733 p.bclr           x14, x14, 23, 8     x14=00000038 x14:00000038
20221825ns          334803 1c008d3c 00d787b3 add              x15, x15, x13       x15=1a10f000 x15:00000000 x13:1a10f000
20221845ns          334804 1c008d3e 00a767a3 p.sw             x10, x0(x14)        x10:00000063 x14:00000038  PA:1a10f038
20222169ns          334820 1c008d42 00000513 addi             x10, x0, 0          x10=00000000
20222189ns          334821 1c008d44 00008067 jalr             x0, x1, 0            x1:1c008de0
20222229ns          334823 1c008de0 15f52063 p.beqimm         x10, 320            x10:00000000
20222250ns          334824 1c008de4 001a8a93 addi             x21, x21, 1         x21=00000014 x21:00000013
20222270ns          334825 1c008de6 00800d33 add              x26, x0, x8         x26=1c000998  x8:1c000998
20222290ns          334826 1c008de8 000d4503 lbu              x10, 0(x26)         x10=0000006c x26:1c000998  PA:1c000998
20222594ns          334841 1c008dec 001d0413 addi             x8, x26, 1           x8=1c000999 x26:1c000998
20222614ns          334842 1c008df0 0c050b63 beq              x10, x0, 214        x10:0000006c
20222634ns          334843 1c008df2 02500793 addi             x15, x0, 37         x15=00000025
20222654ns          334844 1c008df6 fef513e3 bne              x10, x15, -26       x10:0000006c x15:00000025
20222715ns          334847 1c008ddc 017005b3 add              x11, x0, x23        x11=00000002 x23:00000002
20222735ns          334848 1c008dde 000980e7 jalr             x1, x19, 0           x1=1c008de0 x19:1c008d20
20222776ns          334850 1c008d20 f14027f3 csrrs            x15, x0, 0xf14      x15=00000007
20222796ns          334851 1c008d24 1a10f6b7 lui              x13, 0x1a10f000     x13=1a10f000
20222816ns          334852 1c008d28 ca5797b3 p.extractu       x15, x15, 5, 5      x15=00000000 x15:00000007
20222837ns          334853 1c008d2c f1402773 csrrs            x14, x0, 0xf14      x14=00000007
20222857ns          334854 1c008d30 00779793 slli             x15, x15, 0x7       x15=00000000 x15:00000000
20222877ns          334855 1c008d32 00371713 slli             x14, x14, 0x3       x14=00000038 x14:00000007
20222897ns          334856 1c008d34 0ff57513 andi             x10, x10, 255       x10=0000006c x10:0000006c
20222918ns          334857 1c008d38 ee873733 p.bclr           x14, x14, 23, 8     x14=00000038 x14:00000038
20222938ns          334858 1c008d3c 00d787b3 add              x15, x15, x13       x15=1a10f000 x15:00000000 x13:1a10f000
20222958ns          334859 1c008d3e 00a767a3 p.sw             x10, x0(x14)        x10:0000006c x14:00000038  PA:1a10f038
20223282ns          334875 1c008d42 00000513 addi             x10, x0, 0          x10=00000000
20223302ns          334876 1c008d44 00008067 jalr             x0, x1, 0            x1:1c008de0
20223343ns          334878 1c008de0 15f52063 p.beqimm         x10, 320            x10:00000000
20223363ns          334879 1c008de4 001a8a93 addi             x21, x21, 1         x21=00000015 x21:00000014
20223383ns          334880 1c008de6 00800d33 add              x26, x0, x8         x26=1c000999  x8:1c000999
20223403ns          334881 1c008de8 000d4503 lbu              x10, 0(x26)         x10=00000075 x26:1c000999  PA:1c000999
20223707ns          334896 1c008dec 001d0413 addi             x8, x26, 1           x8=1c00099a x26:1c000999
20223727ns          334897 1c008df0 0c050b63 beq              x10, x0, 214        x10:00000075
20223747ns          334898 1c008df2 02500793 addi             x15, x0, 37         x15=00000025
20223768ns          334899 1c008df6 fef513e3 bne              x10, x15, -26       x10:00000075 x15:00000025
20223828ns          334902 1c008ddc 017005b3 add              x11, x0, x23        x11=00000002 x23:00000002
20223849ns          334903 1c008dde 000980e7 jalr             x1, x19, 0           x1=1c008de0 x19:1c008d20
20223889ns          334905 1c008d20 f14027f3 csrrs            x15, x0, 0xf14      x15=00000007
20223909ns          334906 1c008d24 1a10f6b7 lui              x13, 0x1a10f000     x13=1a10f000
20223930ns          334907 1c008d28 ca5797b3 p.extractu       x15, x15, 5, 5      x15=00000000 x15:00000007
20223950ns          334908 1c008d2c f1402773 csrrs            x14, x0, 0xf14      x14=00000007
20223970ns          334909 1c008d30 00779793 slli             x15, x15, 0x7       x15=00000000 x15:00000000
20223990ns          334910 1c008d32 00371713 slli             x14, x14, 0x3       x14=00000038 x14:00000007
20224011ns          334911 1c008d34 0ff57513 andi             x10, x10, 255       x10=00000075 x10:00000075
20224031ns          334912 1c008d38 ee873733 p.bclr           x14, x14, 23, 8     x14=00000038 x14:00000038
20224051ns          334913 1c008d3c 00d787b3 add              x15, x15, x13       x15=1a10f000 x15:00000000 x13:1a10f000
20224071ns          334914 1c008d3e 00a767a3 p.sw             x10, x0(x14)        x10:00000075 x14:00000038  PA:1a10f038
20224395ns          334930 1c008d42 00000513 addi             x10, x0, 0          x10=00000000
20224415ns          334931 1c008d44 00008067 jalr             x0, x1, 0            x1:1c008de0
20224456ns          334933 1c008de0 15f52063 p.beqimm         x10, 320            x10:00000000
20224476ns          334934 1c008de4 001a8a93 addi             x21, x21, 1         x21=00000016 x21:00000015
20224496ns          334935 1c008de6 00800d33 add              x26, x0, x8         x26=1c00099a  x8:1c00099a
20224517ns          334936 1c008de8 000d4503 lbu              x10, 0(x26)         x10=00000073 x26:1c00099a  PA:1c00099a
20224820ns          334951 1c008dec 001d0413 addi             x8, x26, 1           x8=1c00099b x26:1c00099a
20224840ns          334952 1c008df0 0c050b63 beq              x10, x0, 214        x10:00000073
20224861ns          334953 1c008df2 02500793 addi             x15, x0, 37         x15=00000025
20224881ns          334954 1c008df6 fef513e3 bne              x10, x15, -26       x10:00000073 x15:00000025
20224942ns          334957 1c008ddc 017005b3 add              x11, x0, x23        x11=00000002 x23:00000002
20224962ns          334958 1c008dde 000980e7 jalr             x1, x19, 0           x1=1c008de0 x19:1c008d20
20225002ns          334960 1c008d20 f14027f3 csrrs            x15, x0, 0xf14      x15=00000007
20225023ns          334961 1c008d24 1a10f6b7 lui              x13, 0x1a10f000     x13=1a10f000
20225043ns          334962 1c008d28 ca5797b3 p.extractu       x15, x15, 5, 5      x15=00000000 x15:00000007
20225063ns          334963 1c008d2c f1402773 csrrs            x14, x0, 0xf14      x14=00000007
20225083ns          334964 1c008d30 00779793 slli             x15, x15, 0x7       x15=00000000 x15:00000000
20225104ns          334965 1c008d32 00371713 slli             x14, x14, 0x3       x14=00000038 x14:00000007
20225124ns          334966 1c008d34 0ff57513 andi             x10, x10, 255       x10=00000073 x10:00000073
20225144ns          334967 1c008d38 ee873733 p.bclr           x14, x14, 23, 8     x14=00000038 x14:00000038
20225164ns          334968 1c008d3c 00d787b3 add              x15, x15, x13       x15=1a10f000 x15:00000000 x13:1a10f000
20225184ns          334969 1c008d3e 00a767a3 p.sw             x10, x0(x14)        x10:00000073 x14:00000038  PA:1a10f038
20225549ns          334987 1c008d42 00000513 addi             x10, x0, 0          x10=00000000
20225569ns          334988 1c008d44 00008067 jalr             x0, x1, 0            x1:1c008de0
20225610ns          334990 1c008de0 15f52063 p.beqimm         x10, 320            x10:00000000
20225630ns          334991 1c008de4 001a8a93 addi             x21, x21, 1         x21=00000017 x21:00000016
20225650ns          334992 1c008de6 00800d33 add              x26, x0, x8         x26=1c00099b  x8:1c00099b
20225670ns          334993 1c008de8 000d4503 lbu              x10, 0(x26)         x10=00000074 x26:1c00099b  PA:1c00099b
20225974ns          335008 1c008dec 001d0413 addi             x8, x26, 1           x8=1c00099c x26:1c00099b
20225994ns          335009 1c008df0 0c050b63 beq              x10, x0, 214        x10:00000074
20226014ns          335010 1c008df2 02500793 addi             x15, x0, 37         x15=00000025
20226035ns          335011 1c008df6 fef513e3 bne              x10, x15, -26       x10:00000074 x15:00000025
20226095ns          335014 1c008ddc 017005b3 add              x11, x0, x23        x11=00000002 x23:00000002
20226116ns          335015 1c008dde 000980e7 jalr             x1, x19, 0           x1=1c008de0 x19:1c008d20
20226156ns          335017 1c008d20 f14027f3 csrrs            x15, x0, 0xf14      x15=00000007
20226176ns          335018 1c008d24 1a10f6b7 lui              x13, 0x1a10f000     x13=1a10f000
20226196ns          335019 1c008d28 ca5797b3 p.extractu       x15, x15, 5, 5      x15=00000000 x15:00000007
20226217ns          335020 1c008d2c f1402773 csrrs            x14, x0, 0xf14      x14=00000007
20226237ns          335021 1c008d30 00779793 slli             x15, x15, 0x7       x15=00000000 x15:00000000
20226257ns          335022 1c008d32 00371713 slli             x14, x14, 0x3       x14=00000038 x14:00000007
20226277ns          335023 1c008d34 0ff57513 andi             x10, x10, 255       x10=00000074 x10:00000074
20226298ns          335024 1c008d38 ee873733 p.bclr           x14, x14, 23, 8     x14=00000038 x14:00000038
20226318ns          335025 1c008d3c 00d787b3 add              x15, x15, x13       x15=1a10f000 x15:00000000 x13:1a10f000
20226338ns          335026 1c008d3e 00a767a3 p.sw             x10, x0(x14)        x10:00000074 x14:00000038  PA:1a10f038
20226682ns          335043 1c008d42 00000513 addi             x10, x0, 0          x10=00000000
20226702ns          335044 1c008d44 00008067 jalr             x0, x1, 0            x1:1c008de0
20226743ns          335046 1c008de0 15f52063 p.beqimm         x10, 320            x10:00000000
20226763ns          335047 1c008de4 001a8a93 addi             x21, x21, 1         x21=00000018 x21:00000017
20226783ns          335048 1c008de6 00800d33 add              x26, x0, x8         x26=1c00099c  x8:1c00099c
20226804ns          335049 1c008de8 000d4503 lbu              x10, 0(x26)         x10=00000065 x26:1c00099c  PA:1c00099c
20227107ns          335064 1c008dec 001d0413 addi             x8, x26, 1           x8=1c00099d x26:1c00099c
20227128ns          335065 1c008df0 0c050b63 beq              x10, x0, 214        x10:00000065
20227148ns          335066 1c008df2 02500793 addi             x15, x0, 37         x15=00000025
20227168ns          335067 1c008df6 fef513e3 bne              x10, x15, -26       x10:00000065 x15:00000025
20227229ns          335070 1c008ddc 017005b3 add              x11, x0, x23        x11=00000002 x23:00000002
20227249ns          335071 1c008dde 000980e7 jalr             x1, x19, 0           x1=1c008de0 x19:1c008d20
20227289ns          335073 1c008d20 f14027f3 csrrs            x15, x0, 0xf14      x15=00000007
20227310ns          335074 1c008d24 1a10f6b7 lui              x13, 0x1a10f000     x13=1a10f000
20227330ns          335075 1c008d28 ca5797b3 p.extractu       x15, x15, 5, 5      x15=00000000 x15:00000007
20227350ns          335076 1c008d2c f1402773 csrrs            x14, x0, 0xf14      x14=00000007
20227370ns          335077 1c008d30 00779793 slli             x15, x15, 0x7       x15=00000000 x15:00000000
20227391ns          335078 1c008d32 00371713 slli             x14, x14, 0x3       x14=00000038 x14:00000007
20227411ns          335079 1c008d34 0ff57513 andi             x10, x10, 255       x10=00000065 x10:00000065
20227431ns          335080 1c008d38 ee873733 p.bclr           x14, x14, 23, 8     x14=00000038 x14:00000038
20227451ns          335081 1c008d3c 00d787b3 add              x15, x15, x13       x15=1a10f000 x15:00000000 x13:1a10f000
20227472ns          335082 1c008d3e 00a767a3 p.sw             x10, x0(x14)        x10:00000065 x14:00000038  PA:1a10f038
20227816ns          335099 1c008d42 00000513 addi             x10, x0, 0          x10=00000000
20227836ns          335100 1c008d44 00008067 jalr             x0, x1, 0            x1:1c008de0
20227876ns          335102 1c008de0 15f52063 p.beqimm         x10, 320            x10:00000000
20227897ns          335103 1c008de4 001a8a93 addi             x21, x21, 1         x21=00000019 x21:00000018
20227917ns          335104 1c008de6 00800d33 add              x26, x0, x8         x26=1c00099d  x8:1c00099d
20227937ns          335105 1c008de8 000d4503 lbu              x10, 0(x26)         x10=00000072 x26:1c00099d  PA:1c00099d
20228241ns          335120 1c008dec 001d0413 addi             x8, x26, 1           x8=1c00099e x26:1c00099d
20228261ns          335121 1c008df0 0c050b63 beq              x10, x0, 214        x10:00000072
20228281ns          335122 1c008df2 02500793 addi             x15, x0, 37         x15=00000025
20228301ns          335123 1c008df6 fef513e3 bne              x10, x15, -26       x10:00000072 x15:00000025
20228362ns          335126 1c008ddc 017005b3 add              x11, x0, x23        x11=00000002 x23:00000002
20228382ns          335127 1c008dde 000980e7 jalr             x1, x19, 0           x1=1c008de0 x19:1c008d20
20228423ns          335129 1c008d20 f14027f3 csrrs            x15, x0, 0xf14      x15=00000007
20228443ns          335130 1c008d24 1a10f6b7 lui              x13, 0x1a10f000     x13=1a10f000
20228463ns          335131 1c008d28 ca5797b3 p.extractu       x15, x15, 5, 5      x15=00000000 x15:00000007
20228484ns          335132 1c008d2c f1402773 csrrs            x14, x0, 0xf14      x14=00000007
20228504ns          335133 1c008d30 00779793 slli             x15, x15, 0x7       x15=00000000 x15:00000000
20228524ns          335134 1c008d32 00371713 slli             x14, x14, 0x3       x14=00000038 x14:00000007
20228544ns          335135 1c008d34 0ff57513 andi             x10, x10, 255       x10=00000072 x10:00000072
20228565ns          335136 1c008d38 ee873733 p.bclr           x14, x14, 23, 8     x14=00000038 x14:00000038
20228585ns          335137 1c008d3c 00d787b3 add              x15, x15, x13       x15=1a10f000 x15:00000000 x13:1a10f000
20228605ns          335138 1c008d3e 00a767a3 p.sw             x10, x0(x14)        x10:00000072 x14:00000038  PA:1a10f038
20228949ns          335155 1c008d42 00000513 addi             x10, x0, 0          x10=00000000
20228969ns          335156 1c008d44 00008067 jalr             x0, x1, 0            x1:1c008de0
20229010ns          335158 1c008de0 15f52063 p.beqimm         x10, 320            x10:00000000
20229030ns          335159 1c008de4 001a8a93 addi             x21, x21, 1         x21=0000001a x21:00000019
20229050ns          335160 1c008de6 00800d33 add              x26, x0, x8         x26=1c00099e  x8:1c00099e
20229071ns          335161 1c008de8 000d4503 lbu              x10, 0(x26)         x10=00000020 x26:1c00099e  PA:1c00099e
20229374ns          335176 1c008dec 001d0413 addi             x8, x26, 1           x8=1c00099f x26:1c00099e
20229394ns          335177 1c008df0 0c050b63 beq              x10, x0, 214        x10:00000020
20229415ns          335178 1c008df2 02500793 addi             x15, x0, 37         x15=00000025
20229435ns          335179 1c008df6 fef513e3 bne              x10, x15, -26       x10:00000020 x15:00000025
20229496ns          335182 1c008ddc 017005b3 add              x11, x0, x23        x11=00000002 x23:00000002
20229516ns          335183 1c008dde 000980e7 jalr             x1, x19, 0           x1=1c008de0 x19:1c008d20
20229556ns          335185 1c008d20 f14027f3 csrrs            x15, x0, 0xf14      x15=00000007
20229577ns          335186 1c008d24 1a10f6b7 lui              x13, 0x1a10f000     x13=1a10f000
20229597ns          335187 1c008d28 ca5797b3 p.extractu       x15, x15, 5, 5      x15=00000000 x15:00000007
20229617ns          335188 1c008d2c f1402773 csrrs            x14, x0, 0xf14      x14=00000007
20229637ns          335189 1c008d30 00779793 slli             x15, x15, 0x7       x15=00000000 x15:00000000
20229658ns          335190 1c008d32 00371713 slli             x14, x14, 0x3       x14=00000038 x14:00000007
20229678ns          335191 1c008d34 0ff57513 andi             x10, x10, 255       x10=00000020 x10:00000020
20229698ns          335192 1c008d38 ee873733 p.bclr           x14, x14, 23, 8     x14=00000038 x14:00000038
20229718ns          335193 1c008d3c 00d787b3 add              x15, x15, x13       x15=1a10f000 x15:00000000 x13:1a10f000
20229738ns          335194 1c008d3e 00a767a3 p.sw             x10, x0(x14)        x10:00000020 x14:00000038  PA:1a10f038
20230083ns          335211 1c008d42 00000513 addi             x10, x0, 0          x10=00000000
20230103ns          335212 1c008d44 00008067 jalr             x0, x1, 0            x1:1c008de0
20230143ns          335214 1c008de0 15f52063 p.beqimm         x10, 320            x10:00000000
20230164ns          335215 1c008de4 001a8a93 addi             x21, x21, 1         x21=0000001b x21:0000001a
20230184ns          335216 1c008de6 00800d33 add              x26, x0, x8         x26=1c00099f  x8:1c00099f
20230204ns          335217 1c008de8 000d4503 lbu              x10, 0(x26)         x10=00000025 x26:1c00099f  PA:1c00099f
20230589ns          335236 1c008dec 001d0413 addi             x8, x26, 1           x8=1c0009a0 x26:1c00099f
20230609ns          335237 1c008df0 0c050b63 beq              x10, x0, 214        x10:00000025
20230629ns          335238 1c008df2 02500793 addi             x15, x0, 37         x15=00000025
20230649ns          335239 1c008df6 fef513e3 bne              x10, x15, -26       x10:00000025 x15:00000025
20230670ns          335240 1c008dfa 00012a23 sw               x0, 20(x2)           x2:10002338  PA:1000234c
20230690ns          335241 1c008dfc 00012823 sw               x0, 16(x2)           x2:10002338  PA:10002348
20230710ns          335242 1c008dfe 00012623 sw               x0, 12(x2)           x2:10002338  PA:10002344
20230730ns          335243 1c008e00 00012423 sw               x0, 8(x2)            x2:10002338  PA:10002340
20230750ns          335244 1c008e02 00012223 sw               x0, 4(x2)            x2:10002338  PA:1000233c
20230771ns          335245 1c008e04 02300493 addi             x9, x0, 35           x9=00000023
20230791ns          335246 1c008e08 02d00b13 addi             x22, x0, 45         x22=0000002d
20230811ns          335247 1c008e0c 00044c83 lbu              x25, 0(x8)          x25=00000064  x8:1c0009a0  PA:1c0009a0
20231135ns          335263 1c008e10 00140913 addi             x18, x8, 1          x18=1c0009a1  x8:1c0009a0
20231155ns          335264 1c008e14 019005b3 add              x11, x0, x25        x11=00000064 x25:00000064
20231176ns          335265 1c008e16 9d0c0513 addi             x10, x24, -1584     x10=1c0009d0 x24:1c001000
20231196ns          335266 1c008e1a 01200d33 add              x26, x0, x18        x26=1c0009a1 x18:1c0009a1
20231216ns          335267 1c008e1c 01900db3 add              x27, x0, x25        x27=00000064 x25:00000064
20231236ns          335268 1c008e1e e89ff0ef jal              x1, -376             x1=1c008e20
20231762ns          335294 1c008ca6 00054783 lbu              x15, 0(x10)         x15=0000002d x10:1c0009d0  PA:1c0009d0
20232066ns          335309 1c008caa 0ff5f593 andi             x11, x11, 255       x11=00000064 x11:00000064
20232127ns          335312 1c008cae 00b78c63 beq              x15, x11, 24        x15:0000002d x11:00000064
20232147ns          335313 1c008cb2 00078b63 beq              x15, x0, 22         x15:0000002d
20232167ns          335314 1c008cb4 00150793 addi             x15, x10, 1         x15=1c0009d1 x10:1c0009d0
20232188ns          335315 1c008cb8 0040006f jal              x0, 4              
20232228ns          335317 1c008cbc 00f00533 add              x10, x0, x15        x10=1c0009d1 x15:1c0009d1
20232633ns          335337 1c008cbe 0017c70b p.lbu            x14, 1(x15!)        x14=0000002b x15=1c0009d2 x15:1c0009d1  PA:1c0009d1
20232977ns          335354 1c008cc2 feb71ce3 bne              x14, x11, -8        x14:0000002b x11:00000064
20233038ns          335357 1c008cba 00070763 beq              x14, x0, 14         x14:0000002b
20233058ns          335358 1c008cbc 00f00533 add              x10, x0, x15        x10=1c0009d2 x15:1c0009d2
20233078ns          335359 1c008cbe 0017c70b p.lbu            x14, 1(x15!)        x14=00000020 x15=1c0009d3 x15:1c0009d2  PA:1c0009d2
20233402ns          335375 1c008cc2 feb71ce3 bne              x14, x11, -8        x14:00000020 x11:00000064
20233463ns          335378 1c008cba 00070763 beq              x14, x0, 14         x14:00000020
20233483ns          335379 1c008cbc 00f00533 add              x10, x0, x15        x10=1c0009d3 x15:1c0009d3
20233503ns          335380 1c008cbe 0017c70b p.lbu            x14, 1(x15!)        x14=00000023 x15=1c0009d4 x15:1c0009d3  PA:1c0009d3
20233827ns          335396 1c008cc2 feb71ce3 bne              x14, x11, -8        x14:00000023 x11:00000064
20233888ns          335399 1c008cba 00070763 beq              x14, x0, 14         x14:00000023
20233908ns          335400 1c008cbc 00f00533 add              x10, x0, x15        x10=1c0009d4 x15:1c0009d4
20233928ns          335401 1c008cbe 0017c70b p.lbu            x14, 1(x15!)        x14=00000030 x15=1c0009d5 x15:1c0009d4  PA:1c0009d4
20234252ns          335417 1c008cc2 feb71ce3 bne              x14, x11, -8        x14:00000030 x11:00000064
20234313ns          335420 1c008cba 00070763 beq              x14, x0, 14         x14:00000030
20234333ns          335421 1c008cbc 00f00533 add              x10, x0, x15        x10=1c0009d5 x15:1c0009d5
20234353ns          335422 1c008cbe 0017c70b p.lbu            x14, 1(x15!)        x14=00000000 x15=1c0009d6 x15:1c0009d5  PA:1c0009d5
20234677ns          335438 1c008cc2 feb71ce3 bne              x14, x11, -8        x14:00000000 x11:00000064
20234738ns          335441 1c008cba 00070763 beq              x14, x0, 14         x14:00000000
20234798ns          335444 1c008cc8 0015b593 sltiu            x11, x11, 1         x11=00000000 x11:00000064
20234819ns          335445 1c008ccc 40b005b3 sub              x11, x0, x11        x11=00000000 x11:00000000
20234839ns          335446 1c008cd0 00b57533 and              x10, x10, x11       x10=00000000 x10:1c0009d5 x11:00000000
20234859ns          335447 1c008cd2 00008067 jalr             x0, x1, 0            x1:1c008e20
20234900ns          335449 1c008e20 02050b63 beq              x10, x0, 54         x10:00000000
20235345ns          335471 1c008e56 02a00693 addi             x13, x0, 42         x13=0000002a
20235365ns          335472 1c008e5a 2edc8263 beq              x25, x13, 740       x25:00000064 x13:0000002a
20235750ns          335491 1c008e5e fd0c8693 addi             x13, x25, -48       x13=00000034 x25:00000064
20235770ns          335492 1c008e62 00900593 addi             x11, x0, 9          x11=00000009
20235790ns          335493 1c008e64 00000b13 addi             x22, x0, 0          x22=00000000
20235810ns          335494 1c008e66 0cd5fd63 bgeu             x11, x13, 218       x11:00000009 x13:00000034
20235831ns          335495 1c008e6a 02e00793 addi             x15, x0, 46         x15=0000002e
20236256ns          335516 1c008e6e 28fd8663 beq              x27, x15, 652       x27:00000064 x15:0000002e
20236276ns          335517 1c008e72 01b00433 add              x8, x0, x27          x8=00000064 x27:00000064
20236296ns          335518 1c008e74 fff00493 addi             x9, x0, -1           x9=ffffffff
20236316ns          335519 1c008e76 1c001737 lui              x14, 0x1c001000     x14=1c001000
20236337ns          335520 1c008e7a 01b005b3 add              x11, x0, x27        x11=00000064 x27:00000064
20236357ns          335521 1c008e7c 9d870513 addi             x10, x14, -1576     x10=1c0009d8 x14:1c001000
20236782ns          335542 1c008e80 e27ff0ef jal              x1, -474             x1=1c008e82
20236843ns          335545 1c008ca6 00054783 lbu              x15, 0(x10)         x15=00000068 x10:1c0009d8  PA:1c0009d8
20237146ns          335560 1c008caa 0ff5f593 andi             x11, x11, 255       x11=00000064 x11:00000064
20237167ns          335561 1c008cae 00b78c63 beq              x15, x11, 24        x15:00000068 x11:00000064
20237187ns          335562 1c008cb2 00078b63 beq              x15, x0, 22         x15:00000068
20237207ns          335563 1c008cb4 00150793 addi             x15, x10, 1         x15=1c0009d9 x10:1c0009d8
20237227ns          335564 1c008cb8 0040006f jal              x0, 4              
20237268ns          335566 1c008cbc 00f00533 add              x10, x0, x15        x10=1c0009d9 x15:1c0009d9
20237288ns          335567 1c008cbe 0017c70b p.lbu            x14, 1(x15!)        x14=0000006c x15=1c0009da x15:1c0009d9  PA:1c0009d9
20237612ns          335583 1c008cc2 feb71ce3 bne              x14, x11, -8        x14:0000006c x11:00000064
20237673ns          335586 1c008cba 00070763 beq              x14, x0, 14         x14:0000006c
20237693ns          335587 1c008cbc 00f00533 add              x10, x0, x15        x10=1c0009da x15:1c0009da
20237713ns          335588 1c008cbe 0017c70b p.lbu            x14, 1(x15!)        x14=0000007a x15=1c0009db x15:1c0009da  PA:1c0009da
20238037ns          335604 1c008cc2 feb71ce3 bne              x14, x11, -8        x14:0000007a x11:00000064
20238098ns          335607 1c008cba 00070763 beq              x14, x0, 14         x14:0000007a
20238118ns          335608 1c008cbc 00f00533 add              x10, x0, x15        x10=1c0009db x15:1c0009db
20238138ns          335609 1c008cbe 0017c70b p.lbu            x14, 1(x15!)        x14=00000000 x15=1c0009dc x15:1c0009db  PA:1c0009db
20238462ns          335625 1c008cc2 feb71ce3 bne              x14, x11, -8        x14:00000000 x11:00000064
20238523ns          335628 1c008cba 00070763 beq              x14, x0, 14         x14:00000000
20238583ns          335631 1c008cc8 0015b593 sltiu            x11, x11, 1         x11=00000000 x11:00000064
20238604ns          335632 1c008ccc 40b005b3 sub              x11, x0, x11        x11=00000000 x11:00000000
20238624ns          335633 1c008cd0 00b57533 and              x10, x10, x11       x10=00000000 x10:1c0009db x11:00000000
20238644ns          335634 1c008cd2 00008067 jalr             x0, x1, 0            x1:1c008e82
20238685ns          335636 1c008e82 00000793 addi             x15, x0, 0          x15=00000000
20238705ns          335637 1c008e84 00050f63 beq              x10, x0, 30         x10:00000000
20239170ns          335660 1c008ea2 06700693 addi             x13, x0, 103        x13=00000067
20239191ns          335661 1c008ea6 0bb6ee63 bltu             x13, x27, 188       x13:00000067 x27:00000064
20239211ns          335662 1c008eaa 06500693 addi             x13, x0, 101        x13=00000065
20239595ns          335681 1c008eae 3addf2e3 bgeu             x27, x13, 2980      x27:00000064 x13:00000065
20239636ns          335683 1c008eb2 04700693 addi             x13, x0, 71         x13=00000047
20239656ns          335684 1c008eb6 39b6ed63 bltu             x13, x27, 922       x13:00000047 x27:00000064
20240466ns          335724 1c009250 06300693 addi             x13, x0, 99         x13=00000063
20240506ns          335726 1c009254 70dd8c63 beq              x27, x13, 1816      x27:00000064 x13:00000063
20240526ns          335727 1c009258 d3b6e5e3 bltu             x13, x27, -726      x13:00000063 x27:00000064
20241478ns          335774 1c008f82 06c00693 addi             x13, x0, 108        x13=0000006c
20241498ns          335775 1c008f86 00d78a63 beq              x15, x13, 20        x15:00000000 x13:0000006c
20241518ns          335776 1c008f8a 07a00693 addi             x13, x0, 122        x13=0000007a
20241923ns          335796 1c008f8e 00d78663 beq              x15, x13, 12        x15:00000000 x13:0000007a
20241963ns          335798 1c008f92 04c00693 addi             x13, x0, 76         x13=0000004c
20241984ns          335799 1c008f96 5ed78de3 beq              x15, x13, 3578      x15:00000000 x13:0000004c
20242004ns          335800 1c008f9a 000a2783 lw               x15, 0(x20)         x15=00000000 x20:100023dc  PA:100023dc
20242024ns          335801 1c008f9e 004a0a13 addi             x20, x20, 4         x20=100023e0 x20:100023dc
20242409ns          335820 1c008fa0 41f7d713 srai             x14, x15, 0x41f     x14=00000000 x15:00000000
20242449ns          335822 1c008fa4 01412e23 sw               x20, 28(x2)         x20:100023e0  x2:10002338  PA:10002354
20242469ns          335823 1c008fa6 00e12223 sw               x14, 4(x2)          x14:00000000  x2:10002338  PA:1000233c
20242490ns          335824 1c008fa8 4e0741e3 blt              x14, x0, 3298       x14:00000000
20242510ns          335825 1c008fac 00c12703 lw               x14, 12(x2)         x14=00000000  x2:10002338  PA:10002344
20242874ns          335843 1c008fae 440709e3 beq              x14, x0, 3154       x14:00000000
20243340ns          335866 1c009c00 01012703 lw               x14, 16(x2)         x14=00000000  x2:10002338  PA:10002348
20243380ns          335868 1c009c02 22070063 beq              x14, x0, 544        x14:00000000
20243826ns          335890 1c009e22 00412c83 lw               x25, 4(x2)          x25=00000000  x2:10002338  PA:1000233c
20243866ns          335892 1c009e24 02410a13 addi             x20, x2, 36         x20=1000235c  x2:10002338
20243886ns          335893 1c009e28 998ff06f jal              x0, -3688          
20244291ns          335913 1c008fc0 00f00433 add              x8, x0, x15          x8=00000000 x15:00000000
20244311ns          335914 1c008fc2 01400db3 add              x27, x0, x20        x27=1000235c x20:1000235c
20244332ns          335915 1c008fc4 0040006f jal              x0, 4              
20244372ns          335917 1c008fc8 00a00613 addi             x12, x0, 10         x12=0000000a
20244392ns          335918 1c008fca 00000693 addi             x13, x0, 0          x13=00000000
20244412ns          335919 1c008fcc 00800533 add              x10, x0, x8         x10=00000000  x8:00000000
20244433ns          335920 1c008fce 019005b3 add              x11, x0, x25        x11=00000000 x25:00000000
20244757ns          335936 1c008fd0 c2aff0ef jal              x1, -3030            x1=1c008fd4
20245202ns          335958 1c0083fa 00c008b3 add              x17, x0, x12        x17=0000000a x12:0000000a
20245242ns          335960 1c0083fc 00d00733 add              x14, x0, x13        x14=00000000 x13:00000000
20245263ns          335961 1c0083fe 00a007b3 add              x15, x0, x10        x15=00000000 x10:00000000
20245688ns          335982 1c008400 00b00833 add              x16, x0, x11        x16=00000000 x11:00000000
20245728ns          335984 1c008402 1c069863 bne              x13, x0, 464        x13:00000000
20245748ns          335985 1c008406 1c0016b7 lui              x13, 0x1c001000     x13=1c001000
20245769ns          335986 1c00840a 86868693 addi             x13, x13, -1944     x13=1c000868 x13:1c001000
20246173ns          336006 1c00840e 0ac5f863 bgeu             x11, x12, 176       x11:00000000 x12:0000000a
20246194ns          336007 1c008412 00010337 lui              x6, 0x10000          x6=00010000
20246214ns          336008 1c008414 08667e63 bgeu             x12, x6, 156        x12:0000000a  x6:00010000
20246234ns          336009 1c008418 0ff00313 addi             x6, x0, 255          x6=000000ff
20246254ns          336010 1c00841c 00c37363 bgeu             x6, x12, 6           x6:000000ff x12:0000000a
20246720ns          336033 1c008422 00e65333 srl              x6, x12, x14         x6=0000000a x12:0000000a x14:00000000
20246740ns          336034 1c008426 006686b3 add              x13, x13, x6        x13=1c000872 x13:1c000868  x6:0000000a
20246760ns          336035 1c008428 0006ce03 lbu              x28, 0(x13)         x28=00000004 x13:1c000872  PA:1c000872
20247266ns          336060 1c00842c 02000313 addi             x6, x0, 32           x6=00000020
20247287ns          336061 1c008430 00ee0e33 add              x28, x28, x14       x28=00000004 x28:00000004 x14:00000000
20247307ns          336062 1c008432 41c30333 sub              x6, x6, x28          x6=0000001c  x6:00000020 x28:00000004
20247327ns          336063 1c008436 00030c63 beq              x6, x0, 24           x6:0000001c
20247347ns          336064 1c00843a 006595b3 sll              x11, x11, x6        x11=00000000 x11:00000000  x6:0000001c
20247610ns          336077 1c00843e 01c55e33 srl              x28, x10, x28       x28=00000000 x10:00000000 x28:00000004
20247651ns          336079 1c008442 006618b3 sll              x17, x12, x6        x17=a0000000 x12:0000000a  x6:0000001c
20247671ns          336080 1c008446 00be6833 or               x16, x28, x11       x16=00000000 x28:00000000 x11:00000000
20247691ns          336081 1c00844a 006517b3 sll              x15, x10, x6        x15=00000000 x10:00000000  x6:0000001c
20248056ns          336099 1c00844e 0108d613 srli             x12, x17, 0x10      x12=0000a000 x17:a0000000
20248096ns          336101 1c008452 02c87733 remu             x14, x16, x12       x14=00000000 x16:00000000 x12:0000a000
20248481ns          336120 1c008456 02c85833 divu             x16, x16, x12       x16=00000000 x16:00000000 x12:0000a000
20248865ns          336139 1c00845a 01089513 slli             x10, x17, 0x10      x10=00000000 x17:a0000000
20248886ns          336140 1c00845e 01055513 srli             x10, x10, 0x10      x10=00000000 x10:00000000
20248906ns          336141 1c008460 01071713 slli             x14, x14, 0x10      x14=00000000 x14:00000000
20248926ns          336142 1c008462 0107d693 srli             x13, x15, 0x10      x13=00000000 x15:00000000
20248946ns          336143 1c008466 03050833 mul              x16, x10, x16       x16=00000000 x10:00000000 x16:00000000
20248966ns          336144 1c00846a 00e6e6b3 or               x13, x13, x14       x13=00000000 x13:00000000 x14:00000000
20248987ns          336145 1c00846c 0106f863 bgeu             x13, x16, 16        x13:00000000 x16:00000000
20249432ns          336167 1c00847c 410686b3 sub              x13, x13, x16       x13=00000000 x13:00000000 x16:00000000
20249877ns          336189 1c008480 02c6f733 remu             x14, x13, x12       x14=00000000 x13:00000000 x12:0000a000
20250282ns          336209 1c008484 02c6d6b3 divu             x13, x13, x12       x13=00000000 x13:00000000 x12:0000a000
20250667ns          336228 1c008488 01079793 slli             x15, x15, 0x10      x15=00000000 x15:00000000
20250687ns          336229 1c00848a 02d506b3 mul              x13, x10, x13       x13=00000000 x10:00000000 x13:00000000
20250707ns          336230 1c00848e 0107d793 srli             x15, x15, 0x10      x15=00000000 x15:00000000
20250727ns          336231 1c008490 01071513 slli             x10, x14, 0x10      x10=00000000 x14:00000000
20250748ns          336232 1c008494 00a7e7b3 or               x15, x15, x10       x15=00000000 x15:00000000 x10:00000000
20250768ns          336233 1c008496 00d7f863 bgeu             x15, x13, 16        x15:00000000 x13:00000000
20251213ns          336255 1c0084a6 40d787b3 sub              x15, x15, x13       x15=00000000 x15:00000000 x13:00000000
20251233ns          336256 1c0084a8 0067d533 srl              x10, x15, x6        x10=00000000 x15:00000000  x6:0000001c
20251254ns          336257 1c0084ac 00000593 addi             x11, x0, 0          x11=00000000
20251274ns          336258 1c0084ae 00008067 jalr             x0, x1, 0            x1:1c008fd4
20251679ns          336278 1c008fd4 00a00933 add              x18, x0, x10        x18=00000000 x10:00000000
20251699ns          336279 1c008fd6 019005b3 add              x11, x0, x25        x11=00000000 x25:00000000
20251719ns          336280 1c008fd8 00800533 add              x10, x0, x8         x10=00000000  x8:00000000
20251739ns          336281 1c008fda 00a00613 addi             x12, x0, 10         x12=0000000a
20251760ns          336282 1c008fdc 00000693 addi             x13, x0, 0          x13=00000000
20252083ns          336298 1c008fde 8beff0ef jal              x1, -3906            x1=1c008fe2
20252124ns          336300 1c00809c 00b007b3 add              x15, x0, x11        x15=00000000 x11:00000000
20252144ns          336301 1c00809e 00c00833 add              x16, x0, x12        x16=0000000a x12:0000000a
20252589ns          336323 1c0080a0 00d008b3 add              x17, x0, x13        x17=00000000 x13:00000000
20252610ns          336324 1c0080a2 00a00333 add              x6, x0, x10          x6=00000000 x10:00000000
20252630ns          336325 1c0080a4 20069663 bne              x13, x0, 524        x13:00000000
20252650ns          336326 1c0080a8 1c001737 lui              x14, 0x1c001000     x14=1c001000
20252670ns          336327 1c0080ac 86870713 addi             x14, x14, -1944     x14=1c000868 x14:1c001000
20253055ns          336346 1c0080b0 0ac5fe63 bgeu             x11, x12, 188       x11:00000000 x12:0000000a
20253095ns          336348 1c0080b4 000106b7 lui              x13, 0x10000        x13=00010000
20253116ns          336349 1c0080b6 0ad67463 bgeu             x12, x13, 168       x12:0000000a x13:00010000
20253136ns          336350 1c0080ba 0ff00693 addi             x13, x0, 255        x13=000000ff
20253541ns          336370 1c0080be 00c6b6b3 sltu             x13, x13, x12       x13=00000000 x13:000000ff x12:0000000a
20253561ns          336371 1c0080c2 00369693 slli             x13, x13, 0x3       x13=00000000 x13:00000000
20253581ns          336372 1c0080c4 00d658b3 srl              x17, x12, x13       x17=0000000a x12:0000000a x13:00000000
20253601ns          336373 1c0080c8 01170733 add              x14, x14, x17       x14=1c000872 x14:1c000868 x17:0000000a
20253622ns          336374 1c0080ca 00074703 lbu              x14, 0(x14)         x14=00000004 x14:1c000872  PA:1c000872
20254128ns          336399 1c0080ce 00e686b3 add              x13, x13, x14       x13=00000004 x13:00000000 x14:00000004
20254148ns          336400 1c0080d0 02000713 addi             x14, x0, 32         x14=00000020
20254168ns          336401 1c0080d4 40d70733 sub              x14, x14, x13       x14=0000001c x14:00000020 x13:00000004
20254188ns          336402 1c0080d6 00070b63 beq              x14, x0, 22         x14:0000001c
20254209ns          336403 1c0080d8 00e797b3 sll              x15, x15, x14       x15=00000000 x15:00000000 x14:0000001c
20254229ns          336404 1c0080dc 00d556b3 srl              x13, x10, x13       x13=00000000 x10:00000000 x13:00000004
20254472ns          336416 1c0080e0 00e61833 sll              x16, x12, x14       x16=a0000000 x12:0000000a x14:0000001c
20254512ns          336418 1c0080e4 00f6e5b3 or               x11, x13, x15       x11=00000000 x13:00000000 x15:00000000
20254532ns          336419 1c0080e8 00e51333 sll              x6, x10, x14         x6=00000000 x10:00000000 x14:0000001c
20254553ns          336420 1c0080ec 01085513 srli             x10, x16, 0x10      x10=0000a000 x16:a0000000
20254978ns          336441 1c0080f0 02a5f733 remu             x14, x11, x10       x14=00000000 x11:00000000 x10:0000a000
20255383ns          336461 1c0080f4 02a5d7b3 divu             x15, x11, x10       x15=00000000 x11:00000000 x10:0000a000
20255767ns          336480 1c0080f8 01081613 slli             x12, x16, 0x10      x12=00000000 x16:a0000000
20255787ns          336481 1c0080fc 01071713 slli             x14, x14, 0x10      x14=00000000 x14:00000000
20255808ns          336482 1c0080fe 01065613 srli             x12, x12, 0x10      x12=00000000 x12:00000000
20255828ns          336483 1c008100 01035693 srli             x13, x6, 0x10       x13=00000000  x6:00000000
20255848ns          336484 1c008104 00e6e6b3 or               x13, x13, x14       x13=00000000 x13:00000000 x14:00000000
20255868ns          336485 1c008106 02f605b3 mul              x11, x12, x15       x11=00000000 x12:00000000 x15:00000000
20255889ns          336486 1c00810a 00f00733 add              x14, x0, x15        x14=00000000 x15:00000000
20255909ns          336487 1c00810c 00b6fc63 bgeu             x13, x11, 24        x13:00000000 x11:00000000
20256739ns          336528 1c008124 40b686b3 sub              x13, x13, x11       x13=00000000 x13:00000000 x11:00000000
20256779ns          336530 1c008126 02a6f7b3 remu             x15, x13, x10       x15=00000000 x13:00000000 x10:0000a000
20257164ns          336549 1c00812a 02a6d6b3 divu             x13, x13, x10       x13=00000000 x13:00000000 x10:0000a000
20257548ns          336568 1c00812e 01031313 slli             x6, x6, 0x10         x6=00000000  x6:00000000
20257568ns          336569 1c008130 01079793 slli             x15, x15, 0x10      x15=00000000 x15:00000000
20257589ns          336570 1c008132 01035313 srli             x6, x6, 0x10         x6=00000000  x6:00000000
20257609ns          336571 1c008136 02d605b3 mul              x11, x12, x13       x11=00000000 x12:00000000 x13:00000000
20257629ns          336572 1c00813a 0067e333 or               x6, x15, x6          x6=00000000 x15:00000000  x6:00000000
20257649ns          336573 1c00813e 00d00533 add              x10, x0, x13        x10=00000000 x13:00000000
20258014ns          336591 1c008140 00b37b63 bgeu             x6, x11, 22          x6:00000000 x11:00000000
20258419ns          336611 1c008156 01071713 slli             x14, x14, 0x10      x14=00000000 x14:00000000
20258459ns          336613 1c008158 00a76733 or               x14, x14, x10       x14=00000000 x14:00000000 x10:00000000
20258479ns          336614 1c00815a 00000593 addi             x11, x0, 0          x11=00000000
20258500ns          336615 1c00815c 0b20006f jal              x0, 178            
20259370ns          336658 1c00820e 00e00533 add              x10, x0, x14        x10=00000000 x14:00000000
20259795ns          336679 1c008210 00008067 jalr             x0, x1, 0            x1:1c008fe2
20259916ns          336685 1c008fe2 03090913 addi             x18, x18, 48        x18=00000030 x18:00000000
20259937ns          336686 1c008fe6 012d8023 sb               x18, 0(x27)         x18:00000030 x27:1000235c  PA:1000235c
20259957ns          336687 1c008fea 00a5e7b3 or               x15, x11, x10       x15=00000000 x11:00000000 x10:00000000
20260321ns          336705 1c008fee 001d8913 addi             x18, x27, 1         x18=1000235d x27:1000235c
20260341ns          336706 1c008ff2 00a00433 add              x8, x0, x10          x8=00000000 x10:00000000
20260362ns          336707 1c008ff4 00b00cb3 add              x25, x0, x11        x25=00000000 x11:00000000
20260382ns          336708 1c008ff6 fc0798e3 bne              x15, x0, -48        x15:00000000
20260402ns          336709 1c008ff8 00090023 sb               x0, 0(x18)          x18:1000235d  PA:1000235d
20260422ns          336710 1c008ffc 01ba7d63 bgeu             x20, x27, 26        x20:1000235c x27:1000235c
20261272ns          336752 1c009016 00012783 lw               x15, 0(x2)          x15=1000235c  x2:10002338  PA:10002338
20261313ns          336754 1c009018 00c12703 lw               x14, 12(x2)         x14=00000000  x2:10002338  PA:10002344
20261333ns          336755 1c00901a 40f90933 sub              x18, x18, x15       x18=00000001 x18:1000235d x15:1000235c
20261738ns          336775 1c00901e 3c071de3 bne              x14, x0, 3034       x14:00000000
20261758ns          336776 1c009022 01012783 lw               x15, 16(x2)         x15=00000000  x2:10002338  PA:10002348
20261799ns          336778 1c009024 3c079ae3 bne              x15, x0, 3028       x15:00000000
20261819ns          336779 1c009028 00412703 lw               x14, 4(x2)          x14=00000000  x2:10002338  PA:1000233c
20261880ns          336782 1c00902a 01f75713 srli             x14, x14, 0x1f      x14=00000000 x14:00000000
20261900ns          336783 1c00902c 00e12223 sw               x14, 4(x2)          x14:00000000  x2:10002338  PA:1000233c
20262203ns          336798 1c00902e 3404c463 blt              x9, x0, 840          x9:ffffffff
20262628ns          336819 1c009376 00000c93 addi             x25, x0, 0          x25=00000000
20262669ns          336821 1c009378 00012c23 sw               x0, 24(x2)           x2:10002338  PA:10002350
20262689ns          336822 1c00937a 00000a13 addi             x20, x0, 0          x20=00000000
20262709ns          336823 1c00937c 01412783 lw               x15, 20(x2)         x15=00000000  x2:10002338  PA:1000234c
20263134ns          336844 1c00937e 5e078163 beq              x15, x0, 1506       x15:00000000
20263519ns          336863 1c009960 412b0b33 sub              x22, x22, x18       x22=ffffffff x22:00000000 x18:00000001
20263560ns          336865 1c009964 02410413 addi             x8, x2, 36           x8=1000235c  x2:10002338
20263580ns          336866 1c009966 00000493 addi             x9, x0, 0            x9=00000000
20263600ns          336867 1c009968 ee6ff06f jal              x0, -2330          
20264470ns          336910 1c00904e 00812703 lw               x14, 8(x2)          x14=00000000  x2:10002338  PA:10002340
20264855ns          336929 1c009050 02071063 bne              x14, x0, 32         x14:00000000
20264895ns          336931 1c009052 01605f63 bge              x0, x22, 30         x22:ffffffff
20265361ns          336954 1c009070 00412783 lw               x15, 4(x2)          x15=00000000  x2:10002338  PA:1000233c
20265401ns          336956 1c009072 00f40db3 add              x27, x8, x15        x27=1000235c  x8:1000235c x15:00000000
20265422ns          336957 1c009076 00c0006f jal              x0, 12             
20265887ns          336980 1c009082 017005b3 add              x11, x0, x23        x11=00000002 x23:00000002
20265928ns          336982 1c009084 ffb41ae3 bne              x8, x27, -12         x8:1000235c x27:1000235c
20265948ns          336983 1c009088 00900db3 add              x27, x0, x9         x27=00000000  x9:00000000
20265968ns          336984 1c00908a 0080006f jal              x0, 8              
20266413ns          337006 1c009092 fffd8d93 addi             x27, x27, -1        x27=ffffffff x27:00000000
20266434ns          337007 1c009094 017005b3 add              x11, x0, x23        x11=00000002 x23:00000002
20266454ns          337008 1c009096 03000513 addi             x10, x0, 48         x10=00000030
20266474ns          337009 1c00909a fffdb9e3 p.bneimm         x27, -14            x27:ffffffff
20266494ns          337010 1c00909e 00412703 lw               x14, 4(x2)          x14=00000000  x2:10002338  PA:1000233c
20266879ns          337029 1c0090a0 40e90933 sub              x18, x18, x14       x18=00000001 x18:00000001 x14:00000000
20266919ns          337031 1c0090a4 01212423 sw               x18, 8(x2)          x18:00000001  x2:10002338  PA:10002340
20266960ns          337033 1c0090a6 e40a15e3 bne              x20, x0, -438       x20:00000000
20266980ns          337034 1c0090aa 01812783 lw               x15, 24(x2)         x15=00000000  x2:10002338  PA:10002350
20267021ns          337036 1c0090ac 16079763 bne              x15, x0, 366        x15:00000000
20267344ns          337052 1c0090b0 120c8863 beq              x25, x0, 304        x25:00000000
20267749ns          337072 1c0091e0 017005b3 add              x11, x0, x23        x11=00000002 x23:00000002
20267790ns          337074 1c0091e2 ff2049e3 blt              x0, x18, -14        x18:00000001
20268235ns          337096 1c0091d4 0014450b p.lbu            x10, 1(x8!)         x10=00000030  x8=1000235d  x8:1000235c  PA:1000235c
20268275ns          337098 1c0091d8 fff90913 addi             x18, x18, -1        x18=00000000 x18:00000001
20268296ns          337099 1c0091da 000980e7 jalr             x1, x19, 0           x1=1c0091dc x19:1c008d20
20268377ns          337103 1c008d20 f14027f3 csrrs            x15, x0, 0xf14      x15=00000007
20268417ns          337105 1c008d24 1a10f6b7 lui              x13, 0x1a10f000     x13=1a10f000
20268437ns          337106 1c008d28 ca5797b3 p.extractu       x15, x15, 5, 5      x15=00000000 x15:00000007
20268458ns          337107 1c008d2c f1402773 csrrs            x14, x0, 0xf14      x14=00000007
20268903ns          337129 1c008d30 00779793 slli             x15, x15, 0x7       x15=00000000 x15:00000000
20268923ns          337130 1c008d32 00371713 slli             x14, x14, 0x3       x14=00000038 x14:00000007
20268943ns          337131 1c008d34 0ff57513 andi             x10, x10, 255       x10=00000030 x10:00000030
20268964ns          337132 1c008d38 ee873733 p.bclr           x14, x14, 23, 8     x14=00000038 x14:00000038
20268984ns          337133 1c008d3c 00d787b3 add              x15, x15, x13       x15=1a10f000 x15:00000000 x13:1a10f000
20269389ns          337153 1c008d3e 00a767a3 p.sw             x10, x0(x14)        x10:00000030 x14:00000038  PA:1a10f038
20270036ns          337185 1c008d42 00000513 addi             x10, x0, 0          x10=00000000
20270057ns          337186 1c008d44 00008067 jalr             x0, x1, 0            x1:1c0091dc
20270138ns          337190 1c0091dc d5f522e3 p.beqimm         x10, -700           x10:00000000
20270178ns          337192 1c0091e0 017005b3 add              x11, x0, x23        x11=00000002 x23:00000002
20270198ns          337193 1c0091e2 ff2049e3 blt              x0, x18, -14        x18:00000000
20270218ns          337194 1c0091e6 00412783 lw               x15, 4(x2)          x15=00000000  x2:10002338  PA:1000233c
20270239ns          337195 1c0091e8 01c12a03 lw               x20, 28(x2)         x20=100023e0  x2:10002338  PA:10002354
20270259ns          337196 1c0091ea 00fa8733 add              x14, x21, x15       x14=0000001b x21:0000001b x15:00000000
20270279ns          337197 1c0091ee 00812783 lw               x15, 8(x2)          x15=00000001  x2:10002338  PA:10002340
20270299ns          337198 1c0091f0 00970733 add              x14, x14, x9        x14=0000001b x14:0000001b  x9:00000000
20270340ns          337200 1c0091f2 00e78ab3 add              x21, x15, x14       x21=0000001c x15:00000001 x14:0000001b
20270360ns          337201 1c0091f6 bf6059e3 bge              x0, x22, -1038      x22:ffffffff
20270907ns          337228 1c008de8 000d4503 lbu              x10, 0(x26)         x10=00000020 x26:1c0009a1  PA:1c0009a1
20271230ns          337244 1c008dec 001d0413 addi             x8, x26, 1           x8=1c0009a2 x26:1c0009a1
20271251ns          337245 1c008df0 0c050b63 beq              x10, x0, 214        x10:00000020
20271271ns          337246 1c008df2 02500793 addi             x15, x0, 37         x15=00000025
20271291ns          337247 1c008df6 fef513e3 bne              x10, x15, -26       x10:00000020 x15:00000025
20271453ns          337255 1c008ddc 017005b3 add              x11, x0, x23        x11=00000002 x23:00000002
20271473ns          337256 1c008dde 000980e7 jalr             x1, x19, 0           x1=1c008de0 x19:1c008d20
20271514ns          337258 1c008d20 f14027f3 csrrs            x15, x0, 0xf14      x15=00000007
20271534ns          337259 1c008d24 1a10f6b7 lui              x13, 0x1a10f000     x13=1a10f000
20271554ns          337260 1c008d28 ca5797b3 p.extractu       x15, x15, 5, 5      x15=00000000 x15:00000007
20271575ns          337261 1c008d2c f1402773 csrrs            x14, x0, 0xf14      x14=00000007
20271595ns          337262 1c008d30 00779793 slli             x15, x15, 0x7       x15=00000000 x15:00000000
20271615ns          337263 1c008d32 00371713 slli             x14, x14, 0x3       x14=00000038 x14:00000007
20271635ns          337264 1c008d34 0ff57513 andi             x10, x10, 255       x10=00000020 x10:00000020
20271656ns          337265 1c008d38 ee873733 p.bclr           x14, x14, 23, 8     x14=00000038 x14:00000038
20271676ns          337266 1c008d3c 00d787b3 add              x15, x15, x13       x15=1a10f000 x15:00000000 x13:1a10f000
20271696ns          337267 1c008d3e 00a767a3 p.sw             x10, x0(x14)        x10:00000020 x14:00000038  PA:1a10f038
20272404ns          337302 1c008d42 00000513 addi             x10, x0, 0          x10=00000000
20272425ns          337303 1c008d44 00008067 jalr             x0, x1, 0            x1:1c008de0
20272465ns          337305 1c008de0 15f52063 p.beqimm         x10, 320            x10:00000000
20272485ns          337306 1c008de4 001a8a93 addi             x21, x21, 1         x21=0000001d x21:0000001c
20272506ns          337307 1c008de6 00800d33 add              x26, x0, x8         x26=1c0009a2  x8:1c0009a2
20272526ns          337308 1c008de8 000d4503 lbu              x10, 0(x26)         x10=00000063 x26:1c0009a2  PA:1c0009a2
20272829ns          337323 1c008dec 001d0413 addi             x8, x26, 1           x8=1c0009a3 x26:1c0009a2
20272850ns          337324 1c008df0 0c050b63 beq              x10, x0, 214        x10:00000063
20272870ns          337325 1c008df2 02500793 addi             x15, x0, 37         x15=00000025
20272890ns          337326 1c008df6 fef513e3 bne              x10, x15, -26       x10:00000063 x15:00000025
20272951ns          337329 1c008ddc 017005b3 add              x11, x0, x23        x11=00000002 x23:00000002
20272971ns          337330 1c008dde 000980e7 jalr             x1, x19, 0           x1=1c008de0 x19:1c008d20
20273012ns          337332 1c008d20 f14027f3 csrrs            x15, x0, 0xf14      x15=00000007
20273032ns          337333 1c008d24 1a10f6b7 lui              x13, 0x1a10f000     x13=1a10f000
20273052ns          337334 1c008d28 ca5797b3 p.extractu       x15, x15, 5, 5      x15=00000000 x15:00000007
20273072ns          337335 1c008d2c f1402773 csrrs            x14, x0, 0xf14      x14=00000007
20273093ns          337336 1c008d30 00779793 slli             x15, x15, 0x7       x15=00000000 x15:00000000
20273113ns          337337 1c008d32 00371713 slli             x14, x14, 0x3       x14=00000038 x14:00000007
20273133ns          337338 1c008d34 0ff57513 andi             x10, x10, 255       x10=00000063 x10:00000063
20273153ns          337339 1c008d38 ee873733 p.bclr           x14, x14, 23, 8     x14=00000038 x14:00000038
20273174ns          337340 1c008d3c 00d787b3 add              x15, x15, x13       x15=1a10f000 x15:00000000 x13:1a10f000
20273194ns          337341 1c008d3e 00a767a3 p.sw             x10, x0(x14)        x10:00000063 x14:00000038  PA:1a10f038
20273518ns          337357 1c008d42 00000513 addi             x10, x0, 0          x10=00000000
20273538ns          337358 1c008d44 00008067 jalr             x0, x1, 0            x1:1c008de0
20273578ns          337360 1c008de0 15f52063 p.beqimm         x10, 320            x10:00000000
20273599ns          337361 1c008de4 001a8a93 addi             x21, x21, 1         x21=0000001e x21:0000001d
20273619ns          337362 1c008de6 00800d33 add              x26, x0, x8         x26=1c0009a3  x8:1c0009a3
20273639ns          337363 1c008de8 000d4503 lbu              x10, 0(x26)         x10=0000006f x26:1c0009a3  PA:1c0009a3
20273943ns          337378 1c008dec 001d0413 addi             x8, x26, 1           x8=1c0009a4 x26:1c0009a3
20273963ns          337379 1c008df0 0c050b63 beq              x10, x0, 214        x10:0000006f
20273983ns          337380 1c008df2 02500793 addi             x15, x0, 37         x15=00000025
20274003ns          337381 1c008df6 fef513e3 bne              x10, x15, -26       x10:0000006f x15:00000025
20274064ns          337384 1c008ddc 017005b3 add              x11, x0, x23        x11=00000002 x23:00000002
20274084ns          337385 1c008dde 000980e7 jalr             x1, x19, 0           x1=1c008de0 x19:1c008d20
20274125ns          337387 1c008d20 f14027f3 csrrs            x15, x0, 0xf14      x15=00000007
20274145ns          337388 1c008d24 1a10f6b7 lui              x13, 0x1a10f000     x13=1a10f000
20274165ns          337389 1c008d28 ca5797b3 p.extractu       x15, x15, 5, 5      x15=00000000 x15:00000007
20274186ns          337390 1c008d2c f1402773 csrrs            x14, x0, 0xf14      x14=00000007
20274206ns          337391 1c008d30 00779793 slli             x15, x15, 0x7       x15=00000000 x15:00000000
20274226ns          337392 1c008d32 00371713 slli             x14, x14, 0x3       x14=00000038 x14:00000007
20274246ns          337393 1c008d34 0ff57513 andi             x10, x10, 255       x10=0000006f x10:0000006f
20274266ns          337394 1c008d38 ee873733 p.bclr           x14, x14, 23, 8     x14=00000038 x14:00000038
20274287ns          337395 1c008d3c 00d787b3 add              x15, x15, x13       x15=1a10f000 x15:00000000 x13:1a10f000
20274307ns          337396 1c008d3e 00a767a3 p.sw             x10, x0(x14)        x10:0000006f x14:00000038  PA:1a10f038
20274671ns          337414 1c008d42 00000513 addi             x10, x0, 0          x10=00000000
20274692ns          337415 1c008d44 00008067 jalr             x0, x1, 0            x1:1c008de0
20274732ns          337417 1c008de0 15f52063 p.beqimm         x10, 320            x10:00000000
20274752ns          337418 1c008de4 001a8a93 addi             x21, x21, 1         x21=0000001f x21:0000001e
20274772ns          337419 1c008de6 00800d33 add              x26, x0, x8         x26=1c0009a4  x8:1c0009a4
20274793ns          337420 1c008de8 000d4503 lbu              x10, 0(x26)         x10=00000072 x26:1c0009a4  PA:1c0009a4
20275096ns          337435 1c008dec 001d0413 addi             x8, x26, 1           x8=1c0009a5 x26:1c0009a4
20275117ns          337436 1c008df0 0c050b63 beq              x10, x0, 214        x10:00000072
20275137ns          337437 1c008df2 02500793 addi             x15, x0, 37         x15=00000025
20275157ns          337438 1c008df6 fef513e3 bne              x10, x15, -26       x10:00000072 x15:00000025
20275218ns          337441 1c008ddc 017005b3 add              x11, x0, x23        x11=00000002 x23:00000002
20275238ns          337442 1c008dde 000980e7 jalr             x1, x19, 0           x1=1c008de0 x19:1c008d20
20275278ns          337444 1c008d20 f14027f3 csrrs            x15, x0, 0xf14      x15=00000007
20275299ns          337445 1c008d24 1a10f6b7 lui              x13, 0x1a10f000     x13=1a10f000
20275319ns          337446 1c008d28 ca5797b3 p.extractu       x15, x15, 5, 5      x15=00000000 x15:00000007
20275339ns          337447 1c008d2c f1402773 csrrs            x14, x0, 0xf14      x14=00000007
20275359ns          337448 1c008d30 00779793 slli             x15, x15, 0x7       x15=00000000 x15:00000000
20275380ns          337449 1c008d32 00371713 slli             x14, x14, 0x3       x14=00000038 x14:00000007
20275400ns          337450 1c008d34 0ff57513 andi             x10, x10, 255       x10=00000072 x10:00000072
20275420ns          337451 1c008d38 ee873733 p.bclr           x14, x14, 23, 8     x14=00000038 x14:00000038
20275440ns          337452 1c008d3c 00d787b3 add              x15, x15, x13       x15=1a10f000 x15:00000000 x13:1a10f000
20275461ns          337453 1c008d3e 00a767a3 p.sw             x10, x0(x14)        x10:00000072 x14:00000038  PA:1a10f038
20275805ns          337470 1c008d42 00000513 addi             x10, x0, 0          x10=00000000
20275825ns          337471 1c008d44 00008067 jalr             x0, x1, 0            x1:1c008de0
20275865ns          337473 1c008de0 15f52063 p.beqimm         x10, 320            x10:00000000
20275886ns          337474 1c008de4 001a8a93 addi             x21, x21, 1         x21=00000020 x21:0000001f
20275906ns          337475 1c008de6 00800d33 add              x26, x0, x8         x26=1c0009a5  x8:1c0009a5
20275926ns          337476 1c008de8 000d4503 lbu              x10, 0(x26)         x10=00000065 x26:1c0009a5  PA:1c0009a5
20276230ns          337491 1c008dec 001d0413 addi             x8, x26, 1           x8=1c0009a6 x26:1c0009a5
20276250ns          337492 1c008df0 0c050b63 beq              x10, x0, 214        x10:00000065
20276270ns          337493 1c008df2 02500793 addi             x15, x0, 37         x15=00000025
20276290ns          337494 1c008df6 fef513e3 bne              x10, x15, -26       x10:00000065 x15:00000025
20276351ns          337497 1c008ddc 017005b3 add              x11, x0, x23        x11=00000002 x23:00000002
20276371ns          337498 1c008dde 000980e7 jalr             x1, x19, 0           x1=1c008de0 x19:1c008d20
20276412ns          337500 1c008d20 f14027f3 csrrs            x15, x0, 0xf14      x15=00000007
20276432ns          337501 1c008d24 1a10f6b7 lui              x13, 0x1a10f000     x13=1a10f000
20276452ns          337502 1c008d28 ca5797b3 p.extractu       x15, x15, 5, 5      x15=00000000 x15:00000007
20276473ns          337503 1c008d2c f1402773 csrrs            x14, x0, 0xf14      x14=00000007
20276493ns          337504 1c008d30 00779793 slli             x15, x15, 0x7       x15=00000000 x15:00000000
20276513ns          337505 1c008d32 00371713 slli             x14, x14, 0x3       x14=00000038 x14:00000007
20276533ns          337506 1c008d34 0ff57513 andi             x10, x10, 255       x10=00000065 x10:00000065
20276554ns          337507 1c008d38 ee873733 p.bclr           x14, x14, 23, 8     x14=00000038 x14:00000038
20276574ns          337508 1c008d3c 00d787b3 add              x15, x15, x13       x15=1a10f000 x15:00000000 x13:1a10f000
20276594ns          337509 1c008d3e 00a767a3 p.sw             x10, x0(x14)        x10:00000065 x14:00000038  PA:1a10f038
20276938ns          337526 1c008d42 00000513 addi             x10, x0, 0          x10=00000000
20276958ns          337527 1c008d44 00008067 jalr             x0, x1, 0            x1:1c008de0
20276999ns          337529 1c008de0 15f52063 p.beqimm         x10, 320            x10:00000000
20277019ns          337530 1c008de4 001a8a93 addi             x21, x21, 1         x21=00000021 x21:00000020
20277039ns          337531 1c008de6 00800d33 add              x26, x0, x8         x26=1c0009a6  x8:1c0009a6
20277060ns          337532 1c008de8 000d4503 lbu              x10, 0(x26)         x10=00000020 x26:1c0009a6  PA:1c0009a6
20277363ns          337547 1c008dec 001d0413 addi             x8, x26, 1           x8=1c0009a7 x26:1c0009a6
20277383ns          337548 1c008df0 0c050b63 beq              x10, x0, 214        x10:00000020
20277404ns          337549 1c008df2 02500793 addi             x15, x0, 37         x15=00000025
20277424ns          337550 1c008df6 fef513e3 bne              x10, x15, -26       x10:00000020 x15:00000025
20277485ns          337553 1c008ddc 017005b3 add              x11, x0, x23        x11=00000002 x23:00000002
20277505ns          337554 1c008dde 000980e7 jalr             x1, x19, 0           x1=1c008de0 x19:1c008d20
20277545ns          337556 1c008d20 f14027f3 csrrs            x15, x0, 0xf14      x15=00000007
20277566ns          337557 1c008d24 1a10f6b7 lui              x13, 0x1a10f000     x13=1a10f000
20277586ns          337558 1c008d28 ca5797b3 p.extractu       x15, x15, 5, 5      x15=00000000 x15:00000007
20277606ns          337559 1c008d2c f1402773 csrrs            x14, x0, 0xf14      x14=00000007
20277626ns          337560 1c008d30 00779793 slli             x15, x15, 0x7       x15=00000000 x15:00000000
20277647ns          337561 1c008d32 00371713 slli             x14, x14, 0x3       x14=00000038 x14:00000007
20277667ns          337562 1c008d34 0ff57513 andi             x10, x10, 255       x10=00000020 x10:00000020
20277687ns          337563 1c008d38 ee873733 p.bclr           x14, x14, 23, 8     x14=00000038 x14:00000038
20277707ns          337564 1c008d3c 00d787b3 add              x15, x15, x13       x15=1a10f000 x15:00000000 x13:1a10f000
20277728ns          337565 1c008d3e 00a767a3 p.sw             x10, x0(x14)        x10:00000020 x14:00000038  PA:1a10f038
20278072ns          337582 1c008d42 00000513 addi             x10, x0, 0          x10=00000000
20278092ns          337583 1c008d44 00008067 jalr             x0, x1, 0            x1:1c008de0
20278132ns          337585 1c008de0 15f52063 p.beqimm         x10, 320            x10:00000000
20278153ns          337586 1c008de4 001a8a93 addi             x21, x21, 1         x21=00000022 x21:00000021
20278173ns          337587 1c008de6 00800d33 add              x26, x0, x8         x26=1c0009a7  x8:1c0009a7
20278193ns          337588 1c008de8 000d4503 lbu              x10, 0(x26)         x10=00000025 x26:1c0009a7  PA:1c0009a7
20278497ns          337603 1c008dec 001d0413 addi             x8, x26, 1           x8=1c0009a8 x26:1c0009a7
20278517ns          337604 1c008df0 0c050b63 beq              x10, x0, 214        x10:00000025
20278537ns          337605 1c008df2 02500793 addi             x15, x0, 37         x15=00000025
20278557ns          337606 1c008df6 fef513e3 bne              x10, x15, -26       x10:00000025 x15:00000025
20278578ns          337607 1c008dfa 00012a23 sw               x0, 20(x2)           x2:10002338  PA:1000234c
20278598ns          337608 1c008dfc 00012823 sw               x0, 16(x2)           x2:10002338  PA:10002348
20278618ns          337609 1c008dfe 00012623 sw               x0, 12(x2)           x2:10002338  PA:10002344
20278638ns          337610 1c008e00 00012423 sw               x0, 8(x2)            x2:10002338  PA:10002340
20278659ns          337611 1c008e02 00012223 sw               x0, 4(x2)            x2:10002338  PA:1000233c
20278679ns          337612 1c008e04 02300493 addi             x9, x0, 35           x9=00000023
20278699ns          337613 1c008e08 02d00b13 addi             x22, x0, 45         x22=0000002d
20278719ns          337614 1c008e0c 00044c83 lbu              x25, 0(x8)          x25=00000064  x8:1c0009a8  PA:1c0009a8
20279063ns          337631 1c008e10 00140913 addi             x18, x8, 1          x18=1c0009a9  x8:1c0009a8
20279084ns          337632 1c008e14 019005b3 add              x11, x0, x25        x11=00000064 x25:00000064
20279104ns          337633 1c008e16 9d0c0513 addi             x10, x24, -1584     x10=1c0009d0 x24:1c001000
20279124ns          337634 1c008e1a 01200d33 add              x26, x0, x18        x26=1c0009a9 x18:1c0009a9
20279144ns          337635 1c008e1c 01900db3 add              x27, x0, x25        x27=00000064 x25:00000064
20279165ns          337636 1c008e1e e89ff0ef jal              x1, -376             x1=1c008e20
20279347ns          337645 1c008ca6 00054783 lbu              x15, 0(x10)         x15=0000002d x10:1c0009d0  PA:1c0009d0
20279650ns          337660 1c008caa 0ff5f593 andi             x11, x11, 255       x11=00000064 x11:00000064
20279671ns          337661 1c008cae 00b78c63 beq              x15, x11, 24        x15:0000002d x11:00000064
20279691ns          337662 1c008cb2 00078b63 beq              x15, x0, 22         x15:0000002d
20279711ns          337663 1c008cb4 00150793 addi             x15, x10, 1         x15=1c0009d1 x10:1c0009d0
20279731ns          337664 1c008cb8 0040006f jal              x0, 4              
20279772ns          337666 1c008cbc 00f00533 add              x10, x0, x15        x10=1c0009d1 x15:1c0009d1
20279792ns          337667 1c008cbe 0017c70b p.lbu            x14, 1(x15!)        x14=0000002b x15=1c0009d2 x15:1c0009d1  PA:1c0009d1
20280136ns          337684 1c008cc2 feb71ce3 bne              x14, x11, -8        x14:0000002b x11:00000064
20280197ns          337687 1c008cba 00070763 beq              x14, x0, 14         x14:0000002b
20280217ns          337688 1c008cbc 00f00533 add              x10, x0, x15        x10=1c0009d2 x15:1c0009d2
20280237ns          337689 1c008cbe 0017c70b p.lbu            x14, 1(x15!)        x14=00000020 x15=1c0009d3 x15:1c0009d2  PA:1c0009d2
20280581ns          337706 1c008cc2 feb71ce3 bne              x14, x11, -8        x14:00000020 x11:00000064
20280642ns          337709 1c008cba 00070763 beq              x14, x0, 14         x14:00000020
20280662ns          337710 1c008cbc 00f00533 add              x10, x0, x15        x10=1c0009d3 x15:1c0009d3
20280683ns          337711 1c008cbe 0017c70b p.lbu            x14, 1(x15!)        x14=00000023 x15=1c0009d4 x15:1c0009d3  PA:1c0009d3
20281006ns          337727 1c008cc2 feb71ce3 bne              x14, x11, -8        x14:00000023 x11:00000064
20281067ns          337730 1c008cba 00070763 beq              x14, x0, 14         x14:00000023
20281087ns          337731 1c008cbc 00f00533 add              x10, x0, x15        x10=1c0009d4 x15:1c0009d4
20281108ns          337732 1c008cbe 0017c70b p.lbu            x14, 1(x15!)        x14=00000030 x15=1c0009d5 x15:1c0009d4  PA:1c0009d4
20281431ns          337748 1c008cc2 feb71ce3 bne              x14, x11, -8        x14:00000030 x11:00000064
20281492ns          337751 1c008cba 00070763 beq              x14, x0, 14         x14:00000030
20281512ns          337752 1c008cbc 00f00533 add              x10, x0, x15        x10=1c0009d5 x15:1c0009d5
20281533ns          337753 1c008cbe 0017c70b p.lbu            x14, 1(x15!)        x14=00000000 x15=1c0009d6 x15:1c0009d5  PA:1c0009d5
20281856ns          337769 1c008cc2 feb71ce3 bne              x14, x11, -8        x14:00000000 x11:00000064
20281917ns          337772 1c008cba 00070763 beq              x14, x0, 14         x14:00000000
20281978ns          337775 1c008cc8 0015b593 sltiu            x11, x11, 1         x11=00000000 x11:00000064
20281998ns          337776 1c008ccc 40b005b3 sub              x11, x0, x11        x11=00000000 x11:00000000
20282018ns          337777 1c008cd0 00b57533 and              x10, x10, x11       x10=00000000 x10:1c0009d5 x11:00000000
20282039ns          337778 1c008cd2 00008067 jalr             x0, x1, 0            x1:1c008e20
20282079ns          337780 1c008e20 02050b63 beq              x10, x0, 54         x10:00000000
20282221ns          337787 1c008e56 02a00693 addi             x13, x0, 42         x13=0000002a
20282241ns          337788 1c008e5a 2edc8263 beq              x25, x13, 740       x25:00000064 x13:0000002a
20282545ns          337803 1c008e5e fd0c8693 addi             x13, x25, -48       x13=00000034 x25:00000064
20282565ns          337804 1c008e62 00900593 addi             x11, x0, 9          x11=00000009
20282585ns          337805 1c008e64 00000b13 addi             x22, x0, 0          x22=00000000
20282605ns          337806 1c008e66 0cd5fd63 bgeu             x11, x13, 218       x11:00000009 x13:00000034
20282626ns          337807 1c008e6a 02e00793 addi             x15, x0, 46         x15=0000002e
20282686ns          337810 1c008e6e 28fd8663 beq              x27, x15, 652       x27:00000064 x15:0000002e
20282707ns          337811 1c008e72 01b00433 add              x8, x0, x27          x8=00000064 x27:00000064
20282727ns          337812 1c008e74 fff00493 addi             x9, x0, -1           x9=ffffffff
20282747ns          337813 1c008e76 1c001737 lui              x14, 0x1c001000     x14=1c001000
20282767ns          337814 1c008e7a 01b005b3 add              x11, x0, x27        x11=00000064 x27:00000064
20282788ns          337815 1c008e7c 9d870513 addi             x10, x14, -1576     x10=1c0009d8 x14:1c001000
20282828ns          337817 1c008e80 e27ff0ef jal              x1, -474             x1=1c008e82
20282889ns          337820 1c008ca6 00054783 lbu              x15, 0(x10)         x15=00000068 x10:1c0009d8  PA:1c0009d8
20283192ns          337835 1c008caa 0ff5f593 andi             x11, x11, 255       x11=00000064 x11:00000064
20283213ns          337836 1c008cae 00b78c63 beq              x15, x11, 24        x15:00000068 x11:00000064
20283233ns          337837 1c008cb2 00078b63 beq              x15, x0, 22         x15:00000068
20283253ns          337838 1c008cb4 00150793 addi             x15, x10, 1         x15=1c0009d9 x10:1c0009d8
20283273ns          337839 1c008cb8 0040006f jal              x0, 4              
20283314ns          337841 1c008cbc 00f00533 add              x10, x0, x15        x10=1c0009d9 x15:1c0009d9
20283334ns          337842 1c008cbe 0017c70b p.lbu            x14, 1(x15!)        x14=0000006c x15=1c0009da x15:1c0009d9  PA:1c0009d9
20283658ns          337858 1c008cc2 feb71ce3 bne              x14, x11, -8        x14:0000006c x11:00000064
20283719ns          337861 1c008cba 00070763 beq              x14, x0, 14         x14:0000006c
20283739ns          337862 1c008cbc 00f00533 add              x10, x0, x15        x10=1c0009da x15:1c0009da
20283759ns          337863 1c008cbe 0017c70b p.lbu            x14, 1(x15!)        x14=0000007a x15=1c0009db x15:1c0009da  PA:1c0009da
20284083ns          337879 1c008cc2 feb71ce3 bne              x14, x11, -8        x14:0000007a x11:00000064
20284144ns          337882 1c008cba 00070763 beq              x14, x0, 14         x14:0000007a
20284164ns          337883 1c008cbc 00f00533 add              x10, x0, x15        x10=1c0009db x15:1c0009db
20284184ns          337884 1c008cbe 0017c70b p.lbu            x14, 1(x15!)        x14=00000000 x15=1c0009dc x15:1c0009db  PA:1c0009db
20284508ns          337900 1c008cc2 feb71ce3 bne              x14, x11, -8        x14:00000000 x11:00000064
20284569ns          337903 1c008cba 00070763 beq              x14, x0, 14         x14:00000000
20284629ns          337906 1c008cc8 0015b593 sltiu            x11, x11, 1         x11=00000000 x11:00000064
20284650ns          337907 1c008ccc 40b005b3 sub              x11, x0, x11        x11=00000000 x11:00000000
20284670ns          337908 1c008cd0 00b57533 and              x10, x10, x11       x10=00000000 x10:1c0009db x11:00000000
20284690ns          337909 1c008cd2 00008067 jalr             x0, x1, 0            x1:1c008e82
20284731ns          337911 1c008e82 00000793 addi             x15, x0, 0          x15=00000000
20284751ns          337912 1c008e84 00050f63 beq              x10, x0, 30         x10:00000000
20284892ns          337919 1c008ea2 06700693 addi             x13, x0, 103        x13=00000067
20284913ns          337920 1c008ea6 0bb6ee63 bltu             x13, x27, 188       x13:00000067 x27:00000064
20284933ns          337921 1c008eaa 06500693 addi             x13, x0, 101        x13=00000065
20284953ns          337922 1c008eae 3addf2e3 bgeu             x27, x13, 2980      x27:00000064 x13:00000065
20284973ns          337923 1c008eb2 04700693 addi             x13, x0, 71         x13=00000047
20284994ns          337924 1c008eb6 39b6ed63 bltu             x13, x27, 922       x13:00000047 x27:00000064
20285156ns          337932 1c009250 06300693 addi             x13, x0, 99         x13=00000063
20285196ns          337934 1c009254 70dd8c63 beq              x27, x13, 1816      x27:00000064 x13:00000063
20285216ns          337935 1c009258 d3b6e5e3 bltu             x13, x27, -726      x13:00000063 x27:00000064
20285419ns          337945 1c008f82 06c00693 addi             x13, x0, 108        x13=0000006c
20285439ns          337946 1c008f86 00d78a63 beq              x15, x13, 20        x15:00000000 x13:0000006c
20285459ns          337947 1c008f8a 07a00693 addi             x13, x0, 122        x13=0000007a
20285520ns          337950 1c008f8e 00d78663 beq              x15, x13, 12        x15:00000000 x13:0000007a
20285560ns          337952 1c008f92 04c00693 addi             x13, x0, 76         x13=0000004c
20285581ns          337953 1c008f96 5ed78de3 beq              x15, x13, 3578      x15:00000000 x13:0000004c
20285601ns          337954 1c008f9a 000a2783 lw               x15, 0(x20)         x15=00000007 x20:100023e0  PA:100023e0
20285621ns          337955 1c008f9e 004a0a13 addi             x20, x20, 4         x20=100023e4 x20:100023e0
20285662ns          337957 1c008fa0 41f7d713 srai             x14, x15, 0x41f     x14=00000000 x15:00000007
20285702ns          337959 1c008fa4 01412e23 sw               x20, 28(x2)         x20:100023e4  x2:10002338  PA:10002354
20285722ns          337960 1c008fa6 00e12223 sw               x14, 4(x2)          x14:00000000  x2:10002338  PA:1000233c
20285743ns          337961 1c008fa8 4e0741e3 blt              x14, x0, 3298       x14:00000000
20285763ns          337962 1c008fac 00c12703 lw               x14, 12(x2)         x14=00000000  x2:10002338  PA:10002344
20285824ns          337965 1c008fae 440709e3 beq              x14, x0, 3154       x14:00000000
20285925ns          337970 1c009c00 01012703 lw               x14, 16(x2)         x14=00000000  x2:10002338  PA:10002348
20285965ns          337972 1c009c02 22070063 beq              x14, x0, 544        x14:00000000
20286066ns          337977 1c009e22 00412c83 lw               x25, 4(x2)          x25=00000000  x2:10002338  PA:1000233c
20286107ns          337979 1c009e24 02410a13 addi             x20, x2, 36         x20=1000235c  x2:10002338
20286127ns          337980 1c009e28 998ff06f jal              x0, -3688          
20286168ns          337982 1c008fc0 00f00433 add              x8, x0, x15          x8=00000007 x15:00000007
20286188ns          337983 1c008fc2 01400db3 add              x27, x0, x20        x27=1000235c x20:1000235c
20286208ns          337984 1c008fc4 0040006f jal              x0, 4              
20286249ns          337986 1c008fc8 00a00613 addi             x12, x0, 10         x12=0000000a
20286269ns          337987 1c008fca 00000693 addi             x13, x0, 0          x13=00000000
20286289ns          337988 1c008fcc 00800533 add              x10, x0, x8         x10=00000007  x8:00000007
20286309ns          337989 1c008fce 019005b3 add              x11, x0, x25        x11=00000000 x25:00000000
20286330ns          337990 1c008fd0 c2aff0ef jal              x1, -3030            x1=1c008fd4
20286410ns          337994 1c0083fa 00c008b3 add              x17, x0, x12        x17=0000000a x12:0000000a
20286451ns          337996 1c0083fc 00d00733 add              x14, x0, x13        x14=00000000 x13:00000000
20286471ns          337997 1c0083fe 00a007b3 add              x15, x0, x10        x15=00000007 x10:00000007
20286512ns          337999 1c008400 00b00833 add              x16, x0, x11        x16=00000000 x11:00000000
20286552ns          338001 1c008402 1c069863 bne              x13, x0, 464        x13:00000000
20286572ns          338002 1c008406 1c0016b7 lui              x13, 0x1c001000     x13=1c001000
20286593ns          338003 1c00840a 86868693 addi             x13, x13, -1944     x13=1c000868 x13:1c001000
20286653ns          338006 1c00840e 0ac5f863 bgeu             x11, x12, 176       x11:00000000 x12:0000000a
20286674ns          338007 1c008412 00010337 lui              x6, 0x10000          x6=00010000
20286694ns          338008 1c008414 08667e63 bgeu             x12, x6, 156        x12:0000000a  x6:00010000
20286714ns          338009 1c008418 0ff00313 addi             x6, x0, 255          x6=000000ff
20286734ns          338010 1c00841c 00c37363 bgeu             x6, x12, 6           x6:000000ff x12:0000000a
20286856ns          338016 1c008422 00e65333 srl              x6, x12, x14         x6=0000000a x12:0000000a x14:00000000
20286876ns          338017 1c008426 006686b3 add              x13, x13, x6        x13=1c000872 x13:1c000868  x6:0000000a
20286896ns          338018 1c008428 0006ce03 lbu              x28, 0(x13)         x28=00000004 x13:1c000872  PA:1c000872
20287200ns          338033 1c00842c 02000313 addi             x6, x0, 32           x6=00000020
20287220ns          338034 1c008430 00ee0e33 add              x28, x28, x14       x28=00000004 x28:00000004 x14:00000000
20287240ns          338035 1c008432 41c30333 sub              x6, x6, x28          x6=0000001c  x6:00000020 x28:00000004
20287261ns          338036 1c008436 00030c63 beq              x6, x0, 24           x6:0000001c
20287281ns          338037 1c00843a 006595b3 sll              x11, x11, x6        x11=00000000 x11:00000000  x6:0000001c
20287342ns          338040 1c00843e 01c55e33 srl              x28, x10, x28       x28=00000000 x10:00000007 x28:00000004
20287382ns          338042 1c008442 006618b3 sll              x17, x12, x6        x17=a0000000 x12:0000000a  x6:0000001c
20287402ns          338043 1c008446 00be6833 or               x16, x28, x11       x16=00000000 x28:00000000 x11:00000000
20287422ns          338044 1c00844a 006517b3 sll              x15, x10, x6        x15=70000000 x10:00000007  x6:0000001c
20287483ns          338047 1c00844e 0108d613 srli             x12, x17, 0x10      x12=0000a000 x17:a0000000
20287524ns          338049 1c008452 02c87733 remu             x14, x16, x12       x14=00000000 x16:00000000 x12:0000a000
20287908ns          338068 1c008456 02c85833 divu             x16, x16, x12       x16=00000000 x16:00000000 x12:0000a000
20288293ns          338087 1c00845a 01089513 slli             x10, x17, 0x10      x10=00000000 x17:a0000000
20288313ns          338088 1c00845e 01055513 srli             x10, x10, 0x10      x10=00000000 x10:00000000
20288333ns          338089 1c008460 01071713 slli             x14, x14, 0x10      x14=00000000 x14:00000000
20288354ns          338090 1c008462 0107d693 srli             x13, x15, 0x10      x13=00007000 x15:70000000
20288374ns          338091 1c008466 03050833 mul              x16, x10, x16       x16=00000000 x10:00000000 x16:00000000
20288394ns          338092 1c00846a 00e6e6b3 or               x13, x13, x14       x13=00007000 x13:00007000 x14:00000000
20288414ns          338093 1c00846c 0106f863 bgeu             x13, x16, 16        x13:00007000 x16:00000000
20288819ns          338113 1c00847c 410686b3 sub              x13, x13, x16       x13=00007000 x13:00007000 x16:00000000
20288839ns          338114 1c008480 02c6f733 remu             x14, x13, x12       x14=00007000 x13:00007000 x12:0000a000
20289224ns          338133 1c008484 02c6d6b3 divu             x13, x13, x12       x13=00000000 x13:00007000 x12:0000a000
20289608ns          338152 1c008488 01079793 slli             x15, x15, 0x10      x15=00000000 x15:70000000
20289629ns          338153 1c00848a 02d506b3 mul              x13, x10, x13       x13=00000000 x10:00000000 x13:00000000
20289649ns          338154 1c00848e 0107d793 srli             x15, x15, 0x10      x15=00000000 x15:00000000
20289669ns          338155 1c008490 01071513 slli             x10, x14, 0x10      x10=70000000 x14:00007000
20289689ns          338156 1c008494 00a7e7b3 or               x15, x15, x10       x15=70000000 x15:00000000 x10:70000000
20289710ns          338157 1c008496 00d7f863 bgeu             x15, x13, 16        x15:70000000 x13:00000000
20289811ns          338162 1c0084a6 40d787b3 sub              x15, x15, x13       x15=70000000 x15:70000000 x13:00000000
20289831ns          338163 1c0084a8 0067d533 srl              x10, x15, x6        x10=00000007 x15:70000000  x6:0000001c
20289851ns          338164 1c0084ac 00000593 addi             x11, x0, 0          x11=00000000
20289872ns          338165 1c0084ae 00008067 jalr             x0, x1, 0            x1:1c008fd4
20289952ns          338169 1c008fd4 00a00933 add              x18, x0, x10        x18=00000007 x10:00000007
20289973ns          338170 1c008fd6 019005b3 add              x11, x0, x25        x11=00000000 x25:00000000
20289993ns          338171 1c008fd8 00800533 add              x10, x0, x8         x10=00000007  x8:00000007
20290013ns          338172 1c008fda 00a00613 addi             x12, x0, 10         x12=0000000a
20290033ns          338173 1c008fdc 00000693 addi             x13, x0, 0          x13=00000000
20290054ns          338174 1c008fde 8beff0ef jal              x1, -3906            x1=1c008fe2
20290094ns          338176 1c00809c 00b007b3 add              x15, x0, x11        x15=00000000 x11:00000000
20290114ns          338177 1c00809e 00c00833 add              x16, x0, x12        x16=0000000a x12:0000000a
20290155ns          338179 1c0080a0 00d008b3 add              x17, x0, x13        x17=00000000 x13:00000000
20290175ns          338180 1c0080a2 00a00333 add              x6, x0, x10          x6=00000007 x10:00000007
20290195ns          338181 1c0080a4 20069663 bne              x13, x0, 524        x13:00000000
20290216ns          338182 1c0080a8 1c001737 lui              x14, 0x1c001000     x14=1c001000
20290236ns          338183 1c0080ac 86870713 addi             x14, x14, -1944     x14=1c000868 x14:1c001000
20290297ns          338186 1c0080b0 0ac5fe63 bgeu             x11, x12, 188       x11:00000000 x12:0000000a
20290337ns          338188 1c0080b4 000106b7 lui              x13, 0x10000        x13=00010000
20290357ns          338189 1c0080b6 0ad67463 bgeu             x12, x13, 168       x12:0000000a x13:00010000
20290378ns          338190 1c0080ba 0ff00693 addi             x13, x0, 255        x13=000000ff
20290398ns          338191 1c0080be 00c6b6b3 sltu             x13, x13, x12       x13=00000000 x13:000000ff x12:0000000a
20290418ns          338192 1c0080c2 00369693 slli             x13, x13, 0x3       x13=00000000 x13:00000000
20290438ns          338193 1c0080c4 00d658b3 srl              x17, x12, x13       x17=0000000a x12:0000000a x13:00000000
20290458ns          338194 1c0080c8 01170733 add              x14, x14, x17       x14=1c000872 x14:1c000868 x17:0000000a
20290479ns          338195 1c0080ca 00074703 lbu              x14, 0(x14)         x14=00000004 x14:1c000872  PA:1c000872
20290803ns          338211 1c0080ce 00e686b3 add              x13, x13, x14       x13=00000004 x13:00000000 x14:00000004
20290823ns          338212 1c0080d0 02000713 addi             x14, x0, 32         x14=00000020
20290843ns          338213 1c0080d4 40d70733 sub              x14, x14, x13       x14=0000001c x14:00000020 x13:00000004
20290863ns          338214 1c0080d6 00070b63 beq              x14, x0, 22         x14:0000001c
20290884ns          338215 1c0080d8 00e797b3 sll              x15, x15, x14       x15=00000000 x15:00000000 x14:0000001c
20290904ns          338216 1c0080dc 00d556b3 srl              x13, x10, x13       x13=00000000 x10:00000007 x13:00000004
20290944ns          338218 1c0080e0 00e61833 sll              x16, x12, x14       x16=a0000000 x12:0000000a x14:0000001c
20290985ns          338220 1c0080e4 00f6e5b3 or               x11, x13, x15       x11=00000000 x13:00000000 x15:00000000
20291005ns          338221 1c0080e8 00e51333 sll              x6, x10, x14         x6=70000000 x10:00000007 x14:0000001c
20291025ns          338222 1c0080ec 01085513 srli             x10, x16, 0x10      x10=0000a000 x16:a0000000
20291086ns          338225 1c0080f0 02a5f733 remu             x14, x11, x10       x14=00000000 x11:00000000 x10:0000a000
20291491ns          338245 1c0080f4 02a5d7b3 divu             x15, x11, x10       x15=00000000 x11:00000000 x10:0000a000
20291875ns          338264 1c0080f8 01081613 slli             x12, x16, 0x10      x12=00000000 x16:a0000000
20291896ns          338265 1c0080fc 01071713 slli             x14, x14, 0x10      x14=00000000 x14:00000000
20291916ns          338266 1c0080fe 01065613 srli             x12, x12, 0x10      x12=00000000 x12:00000000
20291936ns          338267 1c008100 01035693 srli             x13, x6, 0x10       x13=00007000  x6:70000000
20291956ns          338268 1c008104 00e6e6b3 or               x13, x13, x14       x13=00007000 x13:00007000 x14:00000000
20291976ns          338269 1c008106 02f605b3 mul              x11, x12, x15       x11=00000000 x12:00000000 x15:00000000
20291997ns          338270 1c00810a 00f00733 add              x14, x0, x15        x14=00000000 x15:00000000
20292017ns          338271 1c00810c 00b6fc63 bgeu             x13, x11, 24        x13:00007000 x11:00000000
20292118ns          338276 1c008124 40b686b3 sub              x13, x13, x11       x13=00007000 x13:00007000 x11:00000000
20292159ns          338278 1c008126 02a6f7b3 remu             x15, x13, x10       x15=00007000 x13:00007000 x10:0000a000
20292543ns          338297 1c00812a 02a6d6b3 divu             x13, x13, x10       x13=00000000 x13:00007000 x10:0000a000
20292928ns          338316 1c00812e 01031313 slli             x6, x6, 0x10         x6=00000000  x6:70000000
20292948ns          338317 1c008130 01079793 slli             x15, x15, 0x10      x15=70000000 x15:00007000
20292968ns          338318 1c008132 01035313 srli             x6, x6, 0x10         x6=00000000  x6:00000000
20292988ns          338319 1c008136 02d605b3 mul              x11, x12, x13       x11=00000000 x12:00000000 x13:00000000
20293009ns          338320 1c00813a 0067e333 or               x6, x15, x6          x6=70000000 x15:70000000  x6:00000000
20293029ns          338321 1c00813e 00d00533 add              x10, x0, x13        x10=00000000 x13:00000000
20293069ns          338323 1c008140 00b37b63 bgeu             x6, x11, 22          x6:70000000 x11:00000000
20293171ns          338328 1c008156 01071713 slli             x14, x14, 0x10      x14=00000000 x14:00000000
20293211ns          338330 1c008158 00a76733 or               x14, x14, x10       x14=00000000 x14:00000000 x10:00000000
20293231ns          338331 1c00815a 00000593 addi             x11, x0, 0          x11=00000000
20293252ns          338332 1c00815c 0b20006f jal              x0, 178            
20293373ns          338338 1c00820e 00e00533 add              x10, x0, x14        x10=00000000 x14:00000000
20293454ns          338342 1c008210 00008067 jalr             x0, x1, 0            x1:1c008fe2
20293515ns          338345 1c008fe2 03090913 addi             x18, x18, 48        x18=00000037 x18:00000007
20293535ns          338346 1c008fe6 012d8023 sb               x18, 0(x27)         x18:00000037 x27:1000235c  PA:1000235c
20293555ns          338347 1c008fea 00a5e7b3 or               x15, x11, x10       x15=00000000 x11:00000000 x10:00000000
20293616ns          338350 1c008fee 001d8913 addi             x18, x27, 1         x18=1000235d x27:1000235c
20293636ns          338351 1c008ff2 00a00433 add              x8, x0, x10          x8=00000000 x10:00000000
20293656ns          338352 1c008ff4 00b00cb3 add              x25, x0, x11        x25=00000000 x11:00000000
20293677ns          338353 1c008ff6 fc0798e3 bne              x15, x0, -48        x15:00000000
20293697ns          338354 1c008ff8 00090023 sb               x0, 0(x18)          x18:1000235d  PA:1000235d
20293717ns          338355 1c008ffc 01ba7d63 bgeu             x20, x27, 26        x20:1000235c x27:1000235c
20293839ns          338361 1c009016 00012783 lw               x15, 0(x2)          x15=1000235c  x2:10002338  PA:10002338
20293879ns          338363 1c009018 00c12703 lw               x14, 12(x2)         x14=00000000  x2:10002338  PA:10002344
20293899ns          338364 1c00901a 40f90933 sub              x18, x18, x15       x18=00000001 x18:1000235d x15:1000235c
20293960ns          338367 1c00901e 3c071de3 bne              x14, x0, 3034       x14:00000000
20293980ns          338368 1c009022 01012783 lw               x15, 16(x2)         x15=00000000  x2:10002338  PA:10002348
20294021ns          338370 1c009024 3c079ae3 bne              x15, x0, 3028       x15:00000000
20294041ns          338371 1c009028 00412703 lw               x14, 4(x2)          x14=00000000  x2:10002338  PA:1000233c
20294081ns          338373 1c00902a 01f75713 srli             x14, x14, 0x1f      x14=00000000 x14:00000000
20294102ns          338374 1c00902c 00e12223 sw               x14, 4(x2)          x14:00000000  x2:10002338  PA:1000233c
20294162ns          338377 1c00902e 3404c463 blt              x9, x0, 840          x9:ffffffff
20294223ns          338380 1c009376 00000c93 addi             x25, x0, 0          x25=00000000
20294243ns          338381 1c009378 00012c23 sw               x0, 24(x2)           x2:10002338  PA:10002350
20294264ns          338382 1c00937a 00000a13 addi             x20, x0, 0          x20=00000000
20294284ns          338383 1c00937c 01412783 lw               x15, 20(x2)         x15=00000000  x2:10002338  PA:1000234c
20294324ns          338385 1c00937e 5e078163 beq              x15, x0, 1506       x15:00000000
20294426ns          338390 1c009960 412b0b33 sub              x22, x22, x18       x22=ffffffff x22:00000000 x18:00000001
20294466ns          338392 1c009964 02410413 addi             x8, x2, 36           x8=1000235c  x2:10002338
20294486ns          338393 1c009966 00000493 addi             x9, x0, 0            x9=00000000
20294506ns          338394 1c009968 ee6ff06f jal              x0, -2330          
20294587ns          338398 1c00904e 00812703 lw               x14, 8(x2)          x14=00000000  x2:10002338  PA:10002340
20294668ns          338402 1c009050 02071063 bne              x14, x0, 32         x14:00000000
20294709ns          338404 1c009052 01605f63 bge              x0, x22, 30         x22:ffffffff
20294810ns          338409 1c009070 00412783 lw               x15, 4(x2)          x15=00000000  x2:10002338  PA:1000233c
20294851ns          338411 1c009072 00f40db3 add              x27, x8, x15        x27=1000235c  x8:1000235c x15:00000000
20294871ns          338412 1c009076 00c0006f jal              x0, 12             
20294952ns          338416 1c009082 017005b3 add              x11, x0, x23        x11=00000002 x23:00000002
20294992ns          338418 1c009084 ffb41ae3 bne              x8, x27, -12         x8:1000235c x27:1000235c
20295012ns          338419 1c009088 00900db3 add              x27, x0, x9         x27=00000000  x9:00000000
20295033ns          338420 1c00908a 0080006f jal              x0, 8              
20295134ns          338425 1c009092 fffd8d93 addi             x27, x27, -1        x27=ffffffff x27:00000000
20295154ns          338426 1c009094 017005b3 add              x11, x0, x23        x11=00000002 x23:00000002
20295174ns          338427 1c009096 03000513 addi             x10, x0, 48         x10=00000030
20295195ns          338428 1c00909a fffdb9e3 p.bneimm         x27, -14            x27:ffffffff
20295215ns          338429 1c00909e 00412703 lw               x14, 4(x2)          x14=00000000  x2:10002338  PA:1000233c
20295579ns          338447 1c0090a0 40e90933 sub              x18, x18, x14       x18=00000001 x18:00000001 x14:00000000
20295620ns          338449 1c0090a4 01212423 sw               x18, 8(x2)          x18:00000001  x2:10002338  PA:10002340
20295640ns          338450 1c0090a6 e40a15e3 bne              x20, x0, -438       x20:00000000
20295660ns          338451 1c0090aa 01812783 lw               x15, 24(x2)         x15=00000000  x2:10002338  PA:10002350
20295701ns          338453 1c0090ac 16079763 bne              x15, x0, 366        x15:00000000
20295721ns          338454 1c0090b0 120c8863 beq              x25, x0, 304        x25:00000000
20295782ns          338457 1c0091e0 017005b3 add              x11, x0, x23        x11=00000002 x23:00000002
20295802ns          338458 1c0091e2 ff2049e3 blt              x0, x18, -14        x18:00000001
20295903ns          338463 1c0091d4 0014450b p.lbu            x10, 1(x8!)         x10=00000037  x8=1000235d  x8:1000235c  PA:1000235c
20295944ns          338465 1c0091d8 fff90913 addi             x18, x18, -1        x18=00000000 x18:00000001
20295964ns          338466 1c0091da 000980e7 jalr             x1, x19, 0           x1=1c0091dc x19:1c008d20
20296045ns          338470 1c008d20 f14027f3 csrrs            x15, x0, 0xf14      x15=00000007
20296085ns          338472 1c008d24 1a10f6b7 lui              x13, 0x1a10f000     x13=1a10f000
20296105ns          338473 1c008d28 ca5797b3 p.extractu       x15, x15, 5, 5      x15=00000000 x15:00000007
20296126ns          338474 1c008d2c f1402773 csrrs            x14, x0, 0xf14      x14=00000007
20296186ns          338477 1c008d30 00779793 slli             x15, x15, 0x7       x15=00000000 x15:00000000
20296207ns          338478 1c008d32 00371713 slli             x14, x14, 0x3       x14=00000038 x14:00000007
20296227ns          338479 1c008d34 0ff57513 andi             x10, x10, 255       x10=00000037 x10:00000037
20296247ns          338480 1c008d38 ee873733 p.bclr           x14, x14, 23, 8     x14=00000038 x14:00000038
20296267ns          338481 1c008d3c 00d787b3 add              x15, x15, x13       x15=1a10f000 x15:00000000 x13:1a10f000
20296328ns          338484 1c008d3e 00a767a3 p.sw             x10, x0(x14)        x10:00000037 x14:00000038  PA:1a10f038
20296854ns          338510 1c008d42 00000513 addi             x10, x0, 0          x10=00000000
20296875ns          338511 1c008d44 00008067 jalr             x0, x1, 0            x1:1c0091dc
20296956ns          338515 1c0091dc d5f522e3 p.beqimm         x10, -700           x10:00000000
20296996ns          338517 1c0091e0 017005b3 add              x11, x0, x23        x11=00000002 x23:00000002
20297016ns          338518 1c0091e2 ff2049e3 blt              x0, x18, -14        x18:00000000
20297036ns          338519 1c0091e6 00412783 lw               x15, 4(x2)          x15=00000000  x2:10002338  PA:1000233c
20297057ns          338520 1c0091e8 01c12a03 lw               x20, 28(x2)         x20=100023e4  x2:10002338  PA:10002354
20297077ns          338521 1c0091ea 00fa8733 add              x14, x21, x15       x14=00000022 x21:00000022 x15:00000000
20297097ns          338522 1c0091ee 00812783 lw               x15, 8(x2)          x15=00000001  x2:10002338  PA:10002340
20297138ns          338524 1c0091f0 00970733 add              x14, x14, x9        x14=00000022 x14:00000022  x9:00000000
20297178ns          338526 1c0091f2 00e78ab3 add              x21, x15, x14       x21=00000023 x15:00000001 x14:00000022
20297198ns          338527 1c0091f6 bf6059e3 bge              x0, x22, -1038      x22:ffffffff
20297360ns          338535 1c008de8 000d4503 lbu              x10, 0(x26)         x10=0000000a x26:1c0009a9  PA:1c0009a9
20297684ns          338551 1c008dec 001d0413 addi             x8, x26, 1           x8=1c0009aa x26:1c0009a9
20297704ns          338552 1c008df0 0c050b63 beq              x10, x0, 214        x10:0000000a
20297725ns          338553 1c008df2 02500793 addi             x15, x0, 37         x15=00000025
20297745ns          338554 1c008df6 fef513e3 bne              x10, x15, -26       x10:0000000a x15:00000025
20297907ns          338562 1c008ddc 017005b3 add              x11, x0, x23        x11=00000002 x23:00000002
20297927ns          338563 1c008dde 000980e7 jalr             x1, x19, 0           x1=1c008de0 x19:1c008d20
20297968ns          338565 1c008d20 f14027f3 csrrs            x15, x0, 0xf14      x15=00000007
20297988ns          338566 1c008d24 1a10f6b7 lui              x13, 0x1a10f000     x13=1a10f000
20298008ns          338567 1c008d28 ca5797b3 p.extractu       x15, x15, 5, 5      x15=00000000 x15:00000007
20298028ns          338568 1c008d2c f1402773 csrrs            x14, x0, 0xf14      x14=00000007
20298048ns          338569 1c008d30 00779793 slli             x15, x15, 0x7       x15=00000000 x15:00000000
20298069ns          338570 1c008d32 00371713 slli             x14, x14, 0x3       x14=00000038 x14:00000007
20298089ns          338571 1c008d34 0ff57513 andi             x10, x10, 255       x10=0000000a x10:0000000a
20298109ns          338572 1c008d38 ee873733 p.bclr           x14, x14, 23, 8     x14=00000038 x14:00000038
20298129ns          338573 1c008d3c 00d787b3 add              x15, x15, x13       x15=1a10f000 x15:00000000 x13:1a10f000
20298150ns          338574 1c008d3e 00a767a3 p.sw             x10, x0(x14)        x10:0000000a x14:00000038  PA:1a10f038
20298453ns          338589 1c008d42 00000513 addi             x10, x0, 0          x10=00000000
20298474ns          338590 1c008d44 00008067 jalr             x0, x1, 0            x1:1c008de0
20298514ns          338592 1c008de0 15f52063 p.beqimm         x10, 320            x10:00000000
20298534ns          338593 1c008de4 001a8a93 addi             x21, x21, 1         x21=00000024 x21:00000023
20298554ns          338594 1c008de6 00800d33 add              x26, x0, x8         x26=1c0009aa  x8:1c0009aa
20298575ns          338595 1c008de8 000d4503 lbu              x10, 0(x26)         x10=00000000 x26:1c0009aa  PA:1c0009aa
20298878ns          338610 1c008dec 001d0413 addi             x8, x26, 1           x8=1c0009ab x26:1c0009aa
20298899ns          338611 1c008df0 0c050b63 beq              x10, x0, 214        x10:00000000
20298959ns          338614 1c008ec6 01500433 add              x8, x0, x21          x8=00000024 x21:00000024
20298980ns          338615 1c008ec8 00800533 add              x10, x0, x8         x10=00000024  x8:00000024
20299000ns          338616 1c008eca 07c12083 lw               x1, 124(x2)          x1=1c008da4  x2:10002338  PA:100023b4
20299020ns          338617 1c008ecc 07812403 lw               x8, 120(x2)          x8=xxxxxxxx  x2:10002338  PA:100023b0
20299040ns          338618 1c008ece 07412483 lw               x9, 116(x2)          x9=00000007  x2:10002338  PA:100023ac
20299162ns          338624 1c008ed0 07012903 lw               x18, 112(x2)        x18=00204000  x2:10002338  PA:100023a8
20299182ns          338625 1c008ed2 06c12983 lw               x19, 108(x2)        x19=00000007  x2:10002338  PA:100023a4
20299202ns          338626 1c008ed4 06812a03 lw               x20, 104(x2)        x20=1c01011e  x2:10002338  PA:100023a0
20299222ns          338627 1c008ed6 06412a83 lw               x21, 100(x2)        x21=1c010122  x2:10002338  PA:1000239c
20299243ns          338628 1c008ed8 06012b03 lw               x22, 96(x2)         x22=xxxxxxxx  x2:10002338  PA:10002398
20299263ns          338629 1c008eda 05c12b83 lw               x23, 92(x2)         x23=xxxxxxxx  x2:10002338  PA:10002394
20299283ns          338630 1c008edc 05812c03 lw               x24, 88(x2)         x24=xxxxxxxx  x2:10002338  PA:10002390
20299303ns          338631 1c008ede 05412c83 lw               x25, 84(x2)         x25=xxxxxxxx  x2:10002338  PA:1000238c
20299708ns          338651 1c008ee0 05012d03 lw               x26, 80(x2)         x26=xxxxxxxx  x2:10002338  PA:10002388
20299728ns          338652 1c008ee2 04c12d83 lw               x27, 76(x2)         x27=xxxxxxxx  x2:10002338  PA:10002384
20299749ns          338653 1c008ee4 08010113 addi             x2, x2, 128          x2=100023b8  x2:10002338
20299769ns          338654 1c008ee6 00008067 jalr             x0, x1, 0            x1:1c008da4
20299850ns          338658 1c008da4 01c12083 lw               x1, 28(x2)           x1=1c008780  x2:100023b8  PA:100023d4
20299870ns          338659 1c008da6 04010113 addi             x2, x2, 64           x2=100023f8  x2:100023b8
20299911ns          338661 1c008da8 00008067 jalr             x0, x1, 0            x1:1c008780
20300052ns          338668 1c008780 00900533 add              x10, x0, x9         x10=00000007  x9:00000007
20300072ns          338669 1c008782 3a6000ef jal              x1, 934              x1=1c008784
20300498ns          338690 1c008b28 002047b7 lui              x15, 0x204000       x15=00204000
20300538ns          338692 1c008b2c 02078793 addi             x15, x15, 32        x15=00204020 x15:00204000
20300902ns          338710 1c008b30 00f50533 add              x10, x10, x15       x10=00204027 x10:00000007 x15:00204020
20300923ns          338711 1c008b32 00751513 slli             x10, x10, 0x7       x10=10201380 x10:00204027
20300943ns          338712 1c008b34 00008067 jalr             x0, x1, 0            x1:1c008784
20300983ns          338714 1c008784 00a00433 add              x8, x0, x10          x8=10201380 x10:10201380
20301004ns          338715 1c008786 1c001bb7 lui              x23, 0x1c001000     x23=1c001000
20301024ns          338716 1c00878a 1c001b37 lui              x22, 0x1c001000     x22=1c001000
20301429ns          338736 1c00878e 1c048e63 beq              x9, x0, 476          x9:00000007
20301469ns          338738 1c008792 7b4b8993 addi             x19, x23, 1972      x19=1c0017b4 x23:1c001000
20301489ns          338739 1c008796 7d4b0913 addi             x18, x22, 2004      x18=1c0017d4 x22:1c001000
20301510ns          338740 1c00879a 002046b7 lui              x13, 0x204000       x13=00204000
20301914ns          338760 1c00879e 21c68793 addi             x15, x13, 540       x15=0020421c x13:00204000
20301935ns          338761 1c0087a2 0007a783 lw               x15, 0(x15)         x15=00010000 x15:0020421c  PA:0020421c
20345815ns          340929 1c0087a4 00249a13 slli             x20, x9, 0x2        x20=0000001c  x9:00000007
20345835ns          340930 1c0087a8 2149f803 lw               x16, x20(x19)       x16=10002818 x20:0000001c x19:1c0017b4  PA:1c0017d0
20346280ns          340952 1c0087ac 0c068593 addi             x11, x13, 192       x11=002040c0 x13:00204000
20346301ns          340953 1c0087b0 0005a783 lw               x15, 0(x11)         x15=00000000 x11:002040c0  PA:002040c0
20365772ns          341915 1c0087b2 002027b7 lui              x15, 0x202000       x15=00202000
20365792ns          341916 1c0087b6 80078793 addi             x15, x15, -2048     x15=00201800 x15:00202000
20365812ns          341917 1c0087ba 0007a603 lw               x12, 0(x15)         x12=00000000 x15:00201800  PA:00201800
20365913ns          341922 1c0087be 00160737 lui              x14, 0x160000       x14=00160000
20365933ns          341923 1c0087c2 00100513 addi             x10, x0, 1          x10=00000001
20365954ns          341924 1c0087c4 04070713 addi             x14, x14, 64        x14=00160040 x14:00160000
20365974ns          341925 1c0087c8 c1674733 p.bset           x14, x14, 0, 22     x14=00560040 x14:00160040
20365994ns          341926 1c0087cc 00e7a023 sw               x14, 0(x15)         x14:00560040 x15:00201800  PA:00201800
20366075ns          341930 1c0087d0 0107a023 sw               x16, 0(x15)         x16:10002818 x15:00201800  PA:00201800
20366156ns          341934 1c0087d4 1c001837 lui              x16, 0x1c001000     x16=1c001000
20366176ns          341935 1c0087d8 27080813 addi             x16, x16, 624       x16=1c001270 x16:1c001000
20366197ns          341936 1c0087dc 0107a023 sw               x16, 0(x15)         x16:1c001270 x15:00201800  PA:00201800
20366278ns          341940 1c0087e0 0c06a023 sw               x0, 192(x13)        x13:00204000  PA:002040c0
20366298ns          341941 1c0087e4 0005a703 lw               x14, 0(x11)         x14=00000000 x11:002040c0  PA:002040c0
20366804ns          341966 1c0087e6 0047a703 lw               x14, 4(x15)         x14=00030003 x15:00201800  PA:00201804
20366905ns          341971 1c0087ea 40c75733 sra              x14, x14, x12       x14=00030003 x14:00030003 x12:00000000
20366925ns          341972 1c0087ee fc173733 p.bclr           x14, x14, 30, 1     x14=00000001 x14:00030003
20366945ns          341973 1c0087f2 00c51533 sll              x10, x10, x12       x10=00000001 x10:00000001 x12:00000000
20366966ns          341974 1c0087f6 02070363 beq              x14, x0, 38         x14:00000001
20366986ns          341975 1c0087f8 10000713 addi             x14, x0, 256        x14=00000100
20367006ns          341976 1c0087fc 03c68893 addi             x17, x13, 60        x17=0020403c x13:00204000
20367047ns          341978 1c008800 00f00633 add              x12, x0, x15        x12=00201800 x15:00201800
20367087ns          341980 1c008802 0c06a023 sw               x0, 192(x13)        x13:00204000  PA:002040c0
20367107ns          341981 1c008806 00e6a423 sw               x14, 8(x13)         x14:00000100 x13:00204000  PA:00204008
20367128ns          341982 1c00880a 0008a783 lw               x15, 0(x17)         x15=00000100 x17:0020403c  PA:0020403c
20367188ns          341985 1c00880e 00e6a223 sw               x14, 4(x13)         x14:00000100 x13:00204000  PA:00204004
20367209ns          341986 1c008812 0005a783 lw               x15, 0(x11)         x15=00000000 x11:002040c0  PA:002040c0
20367451ns          341998 1c008814 00462783 lw               x15, 4(x12)         x15=00030002 x12:00201800  PA:00201804
20367553ns          342003 1c008818 00a7f7b3 and              x15, x15, x10       x15=00000000 x15:00030002 x10:00000001
20367573ns          342004 1c00881a fe0794e3 bne              x15, x0, -24        x15:00000000
20367593ns          342005 1c00881c 002027b7 lui              x15, 0x202000       x15=00202000
20367613ns          342006 1c008820 80078793 addi             x15, x15, -2048     x15=00201800 x15:00202000
20367634ns          342007 1c008824 00a7a223 sw               x10, 4(x15)         x10:00000001 x15:00201800  PA:00201804
20367715ns          342011 1c008828 00204637 lui              x12, 0x204000       x12=00204000
20367735ns          342012 1c00882c 0c062023 sw               x0, 192(x12)        x12:00204000  PA:002040c0
20367755ns          342013 1c008830 21497883 lw               x17, x20(x18)       x17=10002860 x20:0000001c x18:1c0017d4  PA:1c0017f0
20368059ns          342028 1c008834 0c060713 addi             x14, x12, 192       x14=002040c0 x12:00204000
20368079ns          342029 1c008838 00072683 lw               x13, 0(x14)         x13=00000000 x14:002040c0  PA:002040c0
20368119ns          342031 1c00883a 0007a583 lw               x11, 0(x15)         x11=00000000 x15:00201800  PA:00201800
20368200ns          342035 1c00883e 001606b7 lui              x13, 0x160000       x13=00160000
20368221ns          342036 1c008842 00100513 addi             x10, x0, 1          x10=00000001
20368241ns          342037 1c008844 04068693 addi             x13, x13, 64        x13=00160040 x13:00160000
20368261ns          342038 1c008848 c166c6b3 p.bset           x13, x13, 0, 22     x13=00560040 x13:00160040
20368281ns          342039 1c00884c 00d7a023 sw               x13, 0(x15)         x13:00560040 x15:00201800  PA:00201800
20368382ns          342044 1c008850 0117a023 sw               x17, 0(x15)         x17:10002860 x15:00201800  PA:00201800
20368463ns          342048 1c008854 04080813 addi             x16, x16, 64        x16=1c0012b0 x16:1c001270
20368484ns          342049 1c008858 0107a023 sw               x16, 0(x15)         x16:1c0012b0 x15:00201800  PA:00201800
20368565ns          342053 1c00885c 0c062023 sw               x0, 192(x12)        x12:00204000  PA:002040c0
20368585ns          342054 1c008860 00072683 lw               x13, 0(x14)         x13=00000000 x14:002040c0  PA:002040c0
20368625ns          342056 1c008862 0047a683 lw               x13, 4(x15)         x13=00010001 x15:00201800  PA:00201804
20368727ns          342061 1c008866 40b6d6b3 sra              x13, x13, x11       x13=00010001 x13:00010001 x11:00000000
20368747ns          342062 1c00886a fc16b6b3 p.bclr           x13, x13, 30, 1     x13=00000001 x13:00010001
20368767ns          342063 1c00886e 14068e63 beq              x13, x0, 348        x13:00000001
20368787ns          342064 1c008872 002046b7 lui              x13, 0x204000       x13=00204000
20368808ns          342065 1c008876 00b51533 sll              x10, x10, x11       x10=00000001 x10:00000001 x11:00000000
20368828ns          342066 1c00887a 03c68813 addi             x16, x13, 60        x16=0020403c x13:00204000
20368868ns          342068 1c00887e 10000593 addi             x11, x0, 256        x11=00000100
20368888ns          342069 1c008882 00f00633 add              x12, x0, x15        x12=00201800 x15:00201800
20368909ns          342070 1c008884 0c06a023 sw               x0, 192(x13)        x13:00204000  PA:002040c0
20368929ns          342071 1c008888 00b6a423 sw               x11, 8(x13)         x11:00000100 x13:00204000  PA:00204008
20368949ns          342072 1c00888c 00082783 lw               x15, 0(x16)         x15=00000100 x16:0020403c  PA:0020403c
20369010ns          342075 1c008890 00b6a223 sw               x11, 4(x13)         x11:00000100 x13:00204000  PA:00204004
20369050ns          342077 1c008894 00072783 lw               x15, 0(x14)         x15=00000000 x14:002040c0  PA:002040c0
20369091ns          342079 1c008896 00462783 lw               x15, 4(x12)         x15=00010001 x12:00201800  PA:00201804
20369192ns          342084 1c00889a 00a7f7b3 and              x15, x15, x10       x15=00000001 x15:00010001 x10:00000001
20369212ns          342085 1c00889c fe0794e3 bne              x15, x0, -24        x15:00000001
20369273ns          342088 1c008884 0c06a023 sw               x0, 192(x13)        x13:00204000  PA:002040c0
20369293ns          342089 1c008888 00b6a423 sw               x11, 8(x13)         x11:00000100 x13:00204000  PA:00204008
20369314ns          342090 1c00888c 00082783 lw               x15, 0(x16)         x15=00000100 x16:0020403c  PA:0020403c
20369354ns          342092 1c008890 00b6a223 sw               x11, 4(x13)         x11:00000100 x13:00204000  PA:00204004
20369394ns          342094 1c008894 00072783 lw               x15, 0(x14)         x15=00000000 x14:002040c0  PA:002040c0
20369435ns          342096 1c008896 00462783 lw               x15, 4(x12)         x15=00010000 x12:00201800  PA:00201804
20369536ns          342101 1c00889a 00a7f7b3 and              x15, x15, x10       x15=00000000 x15:00010000 x10:00000001
20369556ns          342102 1c00889c fe0794e3 bne              x15, x0, -24        x15:00000000
20369577ns          342103 1c00889e 002027b7 lui              x15, 0x202000       x15=00202000
20369597ns          342104 1c0088a2 80078793 addi             x15, x15, -2048     x15=00201800 x15:00202000
20369617ns          342105 1c0088a6 00a7a223 sw               x10, 4(x15)         x10:00000001 x15:00201800  PA:00201804
20369698ns          342109 1c0088aa 002047b7 lui              x15, 0x204000       x15=00204000
20369718ns          342110 1c0088ae 0c07a023 sw               x0, 192(x15)        x15:00204000  PA:002040c0
20369739ns          342111 1c0088b2 02049463 bne              x9, x0, 40           x9:00000007
20369880ns          342118 1c0088da 002047b7 lui              x15, 0x204000       x15=00204000
20369941ns          342121 1c0088de 21c7a783 lw               x15, 540(x15)       x15=00010000 x15:00204000  PA:0020421c
20370042ns          342126 1c0088e2 00042a23 sw               x0, 20(x8)           x8:10201380  PA:10201394
20370245ns          342136 1c0088e6 2149f583 lw               x11, x20(x19)       x11=10002818 x20:0000001c x19:1c0017b4  PA:1c0017d0
20370548ns          342151 1c0088ea 00800533 add              x10, x0, x8         x10=10201380  x8:10201380
20370568ns          342152 1c0088ec 02000693 addi             x13, x0, 32         x13=00000020
20370589ns          342153 1c0088f0 04000613 addi             x12, x0, 64         x12=00000040
20370609ns          342154 1c0088f4 174000ef jal              x1, 372              x1=1c0088f6
20371034ns          342175 1c008a68 00450893 addi             x17, x10, 4         x17=10201384 x10:10201380
20371074ns          342177 1c008a6c 0008a783 lw               x15, 0(x17)         x15=00000000 x17:10201384  PA:10201384
20371398ns          342193 1c008a70 0207d163 bge              x15, x0, 34         x15:00000000
20371945ns          342220 1c008a92 04050793 addi             x15, x10, 64        x15=102013c0 x10:10201380
20371965ns          342221 1c008a96 00b7a023 sw               x11, 0(x15)         x11:10002818 x15:102013c0  PA:102013c0
20372046ns          342225 1c008a9a 02d64633 div              x12, x12, x13       x12=00000002 x12:00000040 x13:00000020
20372653ns          342255 1c008a9e 00c7a223 sw               x12, 4(x15)         x12:00000002 x15:102013c0  PA:102013c4
20372775ns          342261 1c008aa2 00c7a423 sw               x12, 8(x15)         x12:00000002 x15:102013c0  PA:102013c8
20372936ns          342269 1c008aa6 00d7a623 sw               x13, 12(x15)        x13:00000020 x15:102013c0  PA:102013cc
20373098ns          342277 1c008aaa 00052023 sw               x0, 0(x10)          x10:10201380  PA:10201380
20373220ns          342283 1c008aae 00008067 jalr             x0, x1, 0            x1:1c0088f6
20373240ns          342284 1c0088f6 21497583 lw               x11, x20(x18)       x11=10002860 x20:0000001c x18:1c0017d4  PA:1c0017f0
20373564ns          342300 1c0088fa 02000693 addi             x13, x0, 32         x13=00000020
20373584ns          342301 1c0088fe 00800533 add              x10, x0, x8         x10=10201380  x8:10201380
20373604ns          342302 1c008900 04000613 addi             x12, x0, 64         x12=00000040
20373625ns          342303 1c008904 164000ef jal              x1, 356              x1=1c008906
20373665ns          342305 1c008a68 00450893 addi             x17, x10, 4         x17=10201384 x10:10201380
20373685ns          342306 1c008a6c 0008a783 lw               x15, 0(x17)         x15=00000001 x17:10201384  PA:10201384
20373787ns          342311 1c008a70 0207d163 bge              x15, x0, 34         x15:00000001
20374212ns          342332 1c008a92 04050793 addi             x15, x10, 64        x15=102013c0 x10:10201380
20374232ns          342333 1c008a96 00b7a023 sw               x11, 0(x15)         x11:10002860 x15:102013c0  PA:102013c0
20374313ns          342337 1c008a9a 02d64633 div              x12, x12, x13       x12=00000002 x12:00000040 x13:00000020
20374900ns          342366 1c008a9e 00c7a223 sw               x12, 4(x15)         x12:00000002 x15:102013c0  PA:102013c4
20375001ns          342371 1c008aa2 00c7a423 sw               x12, 8(x15)         x12:00000002 x15:102013c0  PA:102013c8
20375143ns          342378 1c008aa6 00d7a623 sw               x13, 12(x15)        x13:00000020 x15:102013c0  PA:102013cc
20375305ns          342386 1c008aaa 00052023 sw               x0, 0(x10)          x10:10201380  PA:10201380
20375466ns          342394 1c008aae 00008067 jalr             x0, x1, 0            x1:1c008906
20375487ns          342395 1c008906 002047b7 lui              x15, 0x204000       x15=00204000
20375507ns          342396 1c00890a 00c40413 addi             x8, x8, 12           x8=1020138c  x8:10201380
20375527ns          342397 1c00890c 000016b7 lui              x13, 0x1000         x13=00001000
20375871ns          342414 1c00890e 03c78713 addi             x14, x15, 60        x14=0020403c x15:00204000
20375912ns          342416 1c008912 00d7a423 sw               x13, 8(x15)         x13:00001000 x15:00204000  PA:00204008
20375932ns          342417 1c008916 00072603 lw               x12, 0(x14)         x12=00001000 x14:0020403c  PA:0020403c
20375952ns          342418 1c008918 00d7a223 sw               x13, 4(x15)         x13:00001000 x15:00204000  PA:00204004
20375993ns          342420 1c00891c 00042603 lw               x12, 0(x8)          x12=00000000  x8:1020138c  PA:1020138c
20376094ns          342425 1c00891e fe061ae3 bne              x12, x0, -12        x12:00000000
20376337ns          342437 1c008920 21c78793 addi             x15, x15, 540       x15=0020421c x15:00204000
20376377ns          342439 1c008924 0007a783 lw               x15, 0(x15)         x15=00010000 x15:0020421c  PA:0020421c
20376499ns          342445 1c008926 00049c63 bne              x9, x0, 24           x9:00000007
20376863ns          342463 1c00893e 02812403 lw               x8, 40(x2)           x8=xxxxxxxx  x2:100023f8  PA:10002420
20377329ns          342486 1c008940 21497703 lw               x14, x20(x18)       x14=10002860 x20:0000001c x18:1c0017d4  PA:1c0017f0
20377835ns          342511 1c008944 02c12083 lw               x1, 44(x2)           x1=1c01011e  x2:100023f8  PA:10002424
20377855ns          342512 1c008946 02012903 lw               x18, 32(x2)         x18=00204000  x2:100023f8  PA:10002418
20377875ns          342513 1c008948 01c12983 lw               x19, 28(x2)         x19=00000007  x2:100023f8  PA:10002414
20377895ns          342514 1c00894a 01812a03 lw               x20, 24(x2)         x20=1c01011e  x2:100023f8  PA:10002410
20377916ns          342515 1c00894c 01412a83 lw               x21, 20(x2)         x21=1c010122  x2:100023f8  PA:1000240c
20377936ns          342516 1c00894e 01012b03 lw               x22, 16(x2)         x22=xxxxxxxx  x2:100023f8  PA:10002408
20377956ns          342517 1c008950 00c12b83 lw               x23, 12(x2)         x23=xxxxxxxx  x2:100023f8  PA:10002404
20377976ns          342518 1c008952 00812c03 lw               x24, 8(x2)          x24=xxxxxxxx  x2:100023f8  PA:10002400
20377996ns          342519 1c008954 1c0016b7 lui              x13, 0x1c001000     x13=1c001000
20378017ns          342520 1c008958 00900633 add              x12, x0, x9         x12=00000007  x9:00000007
20378037ns          342521 1c00895a 02412483 lw               x9, 36(x2)           x9=xxxxxxxx  x2:100023f8  PA:1000241c
20378057ns          342522 1c00895c 53068693 addi             x13, x13, 1328      x13=1c001530 x13:1c001000
20378077ns          342523 1c008960 04000593 addi             x11, x0, 64         x11=00000040
20378118ns          342525 1c008964 00200513 addi             x10, x0, 2          x10=00000002
20378138ns          342526 1c008966 03010113 addi             x2, x2, 48           x2=10002428  x2:100023f8
20378158ns          342527 1c008968 1480006f jal              x0, 328            
20378260ns          342532 1c008ab0 41f5d793 srai             x15, x11, 0x41f     x15=00000000 x11:00000040
20378280ns          342533 1c008ab4 fa27b7b3 p.bclr           x15, x15, 29, 2     x15=00000000 x15:00000000
20378300ns          342534 1c008ab8 04b7a7db p.addN           x15, x15, x11, 0x2  x15=00000010 x15:00000000 x11:00000040
20378320ns          342535 1c008abc 00c005b3 add              x11, x0, x12        x11=00000007 x12:00000007
20378624ns          342550 1c008abe 04f05e63 bge              x0, x15, 92         x15:00000010
20378644ns          342551 1c008ac2 00279793 slli             x15, x15, 0x2       x15=00000040 x15:00000010
20378664ns          342552 1c008ac4 ffc78793 addi             x15, x15, -4        x15=0000003c x15:00000040
20378685ns          342553 1c008ac6 0027d793 srli             x15, x15, 0x2       x15=0000000f x15:0000003c
20378705ns          342554 1c008ac8 00001eb7 lui              x29, 0x1000         x29=00001000
20378725ns          342555 1c008aca 00d00333 add              x6, x0, x13          x6=1c001530 x13:1c001530
20378745ns          342556 1c008acc 00268e13 addi             x28, x13, 2         x28=1c001532 x13:1c001530
20379008ns          342569 1c008ad0 fffe8e93 addi             x29, x29, -1        x29=00000fff x29:00001000
20379029ns          342570 1c008ad2 00000693 addi             x13, x0, 0          x13=00000000
20379049ns          342571 1c008ad4 00178793 addi             x15, x15, 1         x15=00000010 x15:0000000f
20379069ns          342572 1c008ad6 0127c0fb lp.setup         0x1, x15, 0x12      x15:00000010
20379089ns          342573 1c008ada 0047288b p.lw             x17, 4(x14!)        x17=0fa30c6d x14=10002864 x14:10002860  PA:10002860
20379555ns          342596 1c008ade 00035803 lhu              x16, 0(x6)          x16=0000005c  x6:1c001530  PA:1c001530
20379879ns          342612 1c008ae2 01d8f633 and              x12, x17, x29       x12=00000c6d x17:0fa30c6d x29:00000fff
20379899ns          342613 1c008ae6 010ef833 and              x16, x29, x16       x16=0000005c x29:00000fff x16:0000005c
20379919ns          342614 1c008aea 10065633 p.exthz          x12, x12, x0        x12=00000c6d x12:00000c6d
20380263ns          342631 1c008aee 000e5f03 lhu              x30, 0(x28)         x30=00000e57 x28:1c001532  PA:1c001532
20380587ns          342647 1c008af2 00c80b63 beq              x16, x12, 22        x16:0000005c x12:00000c6d
20380607ns          342648 1c008af6 00168693 addi             x13, x13, 1         x13=00000001 x13:00000000
20380628ns          342649 1c008af8 00430313 addi             x6, x6, 4            x6=1c001534  x6:1c001530
20380648ns          342650 1c008afa 004e0e13 addi             x28, x28, 4         x28=1c001536 x28:1c001532
20381093ns          342672 1c008ada 0047288b p.lw             x17, 4(x14!)        x17=0c8d0e97 x14=10002868 x14:10002864  PA:10002864
20381113ns          342673 1c008ade 00035803 lhu              x16, 0(x6)          x16=00000f14  x6:1c001534  PA:1c001534
20381417ns          342688 1c008ae2 01d8f633 and              x12, x17, x29       x12=00000e97 x17:0c8d0e97 x29:00000fff
20381437ns          342689 1c008ae6 010ef833 and              x16, x29, x16       x16=00000f14 x29:00000fff x16:00000f14
20381458ns          342690 1c008aea 10065633 p.exthz          x12, x12, x0        x12=00000e97 x12:00000e97
20381478ns          342691 1c008aee 000e5f03 lhu              x30, 0(x28)         x30=00000f47 x28:1c001536  PA:1c001536
20381781ns          342706 1c008af2 00c80b63 beq              x16, x12, 22        x16:00000f14 x12:00000e97
20381802ns          342707 1c008af6 00168693 addi             x13, x13, 1         x13=00000002 x13:00000001
20381822ns          342708 1c008af8 00430313 addi             x6, x6, 4            x6=1c001538  x6:1c001534
20381842ns          342709 1c008afa 004e0e13 addi             x28, x28, 4         x28=1c00153a x28:1c001536
20381883ns          342711 1c008ada 0047288b p.lw             x17, 4(x14!)        x17=0ffb00de x14=1000286c x14:10002868  PA:10002868
20381903ns          342712 1c008ade 00035803 lhu              x16, 0(x6)          x16=00000166  x6:1c001538  PA:1c001538
20382206ns          342727 1c008ae2 01d8f633 and              x12, x17, x29       x12=000000de x17:0ffb00de x29:00000fff
20382227ns          342728 1c008ae6 010ef833 and              x16, x29, x16       x16=00000166 x29:00000fff x16:00000166
20382247ns          342729 1c008aea 10065633 p.exthz          x12, x12, x0        x12=000000de x12:000000de
20382267ns          342730 1c008aee 000e5f03 lhu              x30, 0(x28)         x30=00000e38 x28:1c00153a  PA:1c00153a
20382571ns          342745 1c008af2 00c80b63 beq              x16, x12, 22        x16:00000166 x12:000000de
20382591ns          342746 1c008af6 00168693 addi             x13, x13, 1         x13=00000003 x13:00000002
20382611ns          342747 1c008af8 00430313 addi             x6, x6, 4            x6=1c00153c  x6:1c001538
20382631ns          342748 1c008afa 004e0e13 addi             x28, x28, 4         x28=1c00153e x28:1c00153a
20382672ns          342750 1c008ada 0047288b p.lw             x17, 4(x14!)        x17=00a300a0 x14=10002870 x14:1000286c  PA:1000286c
20382692ns          342751 1c008ade 00035803 lhu              x16, 0(x6)          x16=000002b6  x6:1c00153c  PA:1c00153c
20382996ns          342766 1c008ae2 01d8f633 and              x12, x17, x29       x12=000000a0 x17:00a300a0 x29:00000fff
20383016ns          342767 1c008ae6 010ef833 and              x16, x29, x16       x16=000002b6 x29:00000fff x16:000002b6
20383036ns          342768 1c008aea 10065633 p.exthz          x12, x12, x0        x12=000000a0 x12:000000a0
20383056ns          342769 1c008aee 000e5f03 lhu              x30, 0(x28)         x30=000001c2 x28:1c00153e  PA:1c00153e
20383360ns          342784 1c008af2 00c80b63 beq              x16, x12, 22        x16:000002b6 x12:000000a0
20383380ns          342785 1c008af6 00168693 addi             x13, x13, 1         x13=00000004 x13:00000003
20383401ns          342786 1c008af8 00430313 addi             x6, x6, 4            x6=1c001540  x6:1c00153c
20383421ns          342787 1c008afa 004e0e13 addi             x28, x28, 4         x28=1c001542 x28:1c00153e
20383461ns          342789 1c008ada 0047288b p.lw             x17, 4(x14!)        x17=0f6a01cf x14=10002874 x14:10002870  PA:10002870
20383482ns          342790 1c008ade 00035803 lhu              x16, 0(x6)          x16=00000d5c  x6:1c001540  PA:1c001540
20383785ns          342805 1c008ae2 01d8f633 and              x12, x17, x29       x12=000001cf x17:0f6a01cf x29:00000fff
20383805ns          342806 1c008ae6 010ef833 and              x16, x29, x16       x16=00000d5c x29:00000fff x16:00000d5c
20383826ns          342807 1c008aea 10065633 p.exthz          x12, x12, x0        x12=000001cf x12:000001cf
20383846ns          342808 1c008aee 000e5f03 lhu              x30, 0(x28)         x30=00000eba x28:1c001542  PA:1c001542
20384149ns          342823 1c008af2 00c80b63 beq              x16, x12, 22        x16:00000d5c x12:000001cf
20384170ns          342824 1c008af6 00168693 addi             x13, x13, 1         x13=00000005 x13:00000004
20384190ns          342825 1c008af8 00430313 addi             x6, x6, 4            x6=1c001544  x6:1c001540
20384210ns          342826 1c008afa 004e0e13 addi             x28, x28, 4         x28=1c001546 x28:1c001542
20384251ns          342828 1c008ada 0047288b p.lw             x17, 4(x14!)        x17=021400d5 x14=10002878 x14:10002874  PA:10002874
20384271ns          342829 1c008ade 00035803 lhu              x16, 0(x6)          x16=00000eae  x6:1c001544  PA:1c001544
20384574ns          342844 1c008ae2 01d8f633 and              x12, x17, x29       x12=000000d5 x17:021400d5 x29:00000fff
20384595ns          342845 1c008ae6 010ef833 and              x16, x29, x16       x16=00000eae x29:00000fff x16:00000eae
20384615ns          342846 1c008aea 10065633 p.exthz          x12, x12, x0        x12=000000d5 x12:000000d5
20384635ns          342847 1c008aee 000e5f03 lhu              x30, 0(x28)         x30=00000e38 x28:1c001546  PA:1c001546
20384939ns          342862 1c008af2 00c80b63 beq              x16, x12, 22        x16:00000eae x12:000000d5
20384959ns          342863 1c008af6 00168693 addi             x13, x13, 1         x13=00000006 x13:00000005
20384979ns          342864 1c008af8 00430313 addi             x6, x6, 4            x6=1c001548  x6:1c001544
20385000ns          342865 1c008afa 004e0e13 addi             x28, x28, 4         x28=1c00154a x28:1c001546
20385040ns          342867 1c008ada 0047288b p.lw             x17, 4(x14!)        x17=0fb30e58 x14=1000287c x14:10002878  PA:10002878
20385060ns          342868 1c008ade 00035803 lhu              x16, 0(x6)          x16=00000157  x6:1c001548  PA:1c001548
20385364ns          342883 1c008ae2 01d8f633 and              x12, x17, x29       x12=00000e58 x17:0fb30e58 x29:00000fff
20385384ns          342884 1c008ae6 010ef833 and              x16, x29, x16       x16=00000157 x29:00000fff x16:00000157
20385404ns          342885 1c008aea 10065633 p.exthz          x12, x12, x0        x12=00000e58 x12:00000e58
20385425ns          342886 1c008aee 000e5f03 lhu              x30, 0(x28)         x30=00000e8d x28:1c00154a  PA:1c00154a
20385748ns          342902 1c008af2 00c80b63 beq              x16, x12, 22        x16:00000157 x12:00000e58
20385769ns          342903 1c008af6 00168693 addi             x13, x13, 1         x13=00000007 x13:00000006
20385789ns          342904 1c008af8 00430313 addi             x6, x6, 4            x6=1c00154c  x6:1c001548
20385809ns          342905 1c008afa 004e0e13 addi             x28, x28, 4         x28=1c00154e x28:1c00154a
20385850ns          342907 1c008ada 0047288b p.lw             x17, 4(x14!)        x17=0059012a x14=10002880 x14:1000287c  PA:1000287c
20385870ns          342908 1c008ade 00035803 lhu              x16, 0(x6)          x16=00000fdf  x6:1c00154c  PA:1c00154c
20386173ns          342923 1c008ae2 01d8f633 and              x12, x17, x29       x12=0000012a x17:0059012a x29:00000fff
20386194ns          342924 1c008ae6 010ef833 and              x16, x29, x16       x16=00000fdf x29:00000fff x16:00000fdf
20386214ns          342925 1c008aea 10065633 p.exthz          x12, x12, x0        x12=0000012a x12:0000012a
20386234ns          342926 1c008aee 000e5f03 lhu              x30, 0(x28)         x30=00000fb7 x28:1c00154e  PA:1c00154e
20386558ns          342942 1c008af2 00c80b63 beq              x16, x12, 22        x16:00000fdf x12:0000012a
20386578ns          342943 1c008af6 00168693 addi             x13, x13, 1         x13=00000008 x13:00000007
20386598ns          342944 1c008af8 00430313 addi             x6, x6, 4            x6=1c001550  x6:1c00154c
20386619ns          342945 1c008afa 004e0e13 addi             x28, x28, 4         x28=1c001552 x28:1c00154e
20386659ns          342947 1c008ada 0047288b p.lw             x17, 4(x14!)        x17=0c0c0778 x14=10002884 x14:10002880  PA:10002880
20386679ns          342948 1c008ade 00035803 lhu              x16, 0(x6)          x16=00000230  x6:1c001550  PA:1c001550
20386983ns          342963 1c008ae2 01d8f633 and              x12, x17, x29       x12=00000778 x17:0c0c0778 x29:00000fff
20387003ns          342964 1c008ae6 010ef833 and              x16, x29, x16       x16=00000230 x29:00000fff x16:00000230
20387024ns          342965 1c008aea 10065633 p.exthz          x12, x12, x0        x12=00000778 x12:00000778
20387044ns          342966 1c008aee 000e5f03 lhu              x30, 0(x28)         x30=00000089 x28:1c001552  PA:1c001552
20387347ns          342981 1c008af2 00c80b63 beq              x16, x12, 22        x16:00000230 x12:00000778
20387368ns          342982 1c008af6 00168693 addi             x13, x13, 1         x13=00000009 x13:00000008
20387388ns          342983 1c008af8 00430313 addi             x6, x6, 4            x6=1c001554  x6:1c001550
20387408ns          342984 1c008afa 004e0e13 addi             x28, x28, 4         x28=1c001556 x28:1c001552
20387449ns          342986 1c008ada 0047288b p.lw             x17, 4(x14!)        x17=0ef400c1 x14=10002888 x14:10002884  PA:10002884
20387469ns          342987 1c008ade 00035803 lhu              x16, 0(x6)          x16=00000442  x6:1c001554  PA:1c001554
20387772ns          343002 1c008ae2 01d8f633 and              x12, x17, x29       x12=000000c1 x17:0ef400c1 x29:00000fff
20387793ns          343003 1c008ae6 010ef833 and              x16, x29, x16       x16=00000442 x29:00000fff x16:00000442
20387813ns          343004 1c008aea 10065633 p.exthz          x12, x12, x0        x12=000000c1 x12:000000c1
20387833ns          343005 1c008aee 000e5f03 lhu              x30, 0(x28)         x30=00000fb1 x28:1c001556  PA:1c001556
20388137ns          343020 1c008af2 00c80b63 beq              x16, x12, 22        x16:00000442 x12:000000c1
20388157ns          343021 1c008af6 00168693 addi             x13, x13, 1         x13=0000000a x13:00000009
20388177ns          343022 1c008af8 00430313 addi             x6, x6, 4            x6=1c001558  x6:1c001554
20388197ns          343023 1c008afa 004e0e13 addi             x28, x28, 4         x28=1c00155a x28:1c001556
20388238ns          343025 1c008ada 0047288b p.lw             x17, 4(x14!)        x17=04780790 x14=1000288c x14:10002888  PA:10002888
20388258ns          343026 1c008ade 00035803 lhu              x16, 0(x6)          x16=000000ad  x6:1c001558  PA:1c001558
20388562ns          343041 1c008ae2 01d8f633 and              x12, x17, x29       x12=00000790 x17:04780790 x29:00000fff
20388582ns          343042 1c008ae6 010ef833 and              x16, x29, x16       x16=000000ad x29:00000fff x16:000000ad
20388602ns          343043 1c008aea 10065633 p.exthz          x12, x12, x0        x12=00000790 x12:00000790
20388622ns          343044 1c008aee 000e5f03 lhu              x30, 0(x28)         x30=00000043 x28:1c00155a  PA:1c00155a
20388926ns          343059 1c008af2 00c80b63 beq              x16, x12, 22        x16:000000ad x12:00000790
20388946ns          343060 1c008af6 00168693 addi             x13, x13, 1         x13=0000000b x13:0000000a
20388967ns          343061 1c008af8 00430313 addi             x6, x6, 4            x6=1c00155c  x6:1c001558
20388987ns          343062 1c008afa 004e0e13 addi             x28, x28, 4         x28=1c00155e x28:1c00155a
20389027ns          343064 1c008ada 0047288b p.lw             x17, 4(x14!)        x17=0b29036f x14=10002890 x14:1000288c  PA:1000288c
20389048ns          343065 1c008ade 00035803 lhu              x16, 0(x6)          x16=00000e2f  x6:1c00155c  PA:1c00155c
20389371ns          343081 1c008ae2 01d8f633 and              x12, x17, x29       x12=0000036f x17:0b29036f x29:00000fff
20389392ns          343082 1c008ae6 010ef833 and              x16, x29, x16       x16=00000e2f x29:00000fff x16:00000e2f
20389412ns          343083 1c008aea 10065633 p.exthz          x12, x12, x0        x12=0000036f x12:0000036f
20389432ns          343084 1c008aee 000e5f03 lhu              x30, 0(x28)         x30=0000006d x28:1c00155e  PA:1c00155e
20389736ns          343099 1c008af2 00c80b63 beq              x16, x12, 22        x16:00000e2f x12:0000036f
20389756ns          343100 1c008af6 00168693 addi             x13, x13, 1         x13=0000000c x13:0000000b
20389776ns          343101 1c008af8 00430313 addi             x6, x6, 4            x6=1c001560  x6:1c00155c
20389796ns          343102 1c008afa 004e0e13 addi             x28, x28, 4         x28=1c001562 x28:1c00155e
20389837ns          343104 1c008ada 0047288b p.lw             x17, 4(x14!)        x17=05ce0329 x14=10002894 x14:10002890  PA:10002890
20389857ns          343105 1c008ade 00035803 lhu              x16, 0(x6)          x16=00000fe2  x6:1c001560  PA:1c001560
20390161ns          343120 1c008ae2 01d8f633 and              x12, x17, x29       x12=00000329 x17:05ce0329 x29:00000fff
20390181ns          343121 1c008ae6 010ef833 and              x16, x29, x16       x16=00000fe2 x29:00000fff x16:00000fe2
20390201ns          343122 1c008aea 10065633 p.exthz          x12, x12, x0        x12=00000329 x12:00000329
20390221ns          343123 1c008aee 000e5f03 lhu              x30, 0(x28)         x30=00000d1a x28:1c001562  PA:1c001562
20390525ns          343138 1c008af2 00c80b63 beq              x16, x12, 22        x16:00000fe2 x12:00000329
20390545ns          343139 1c008af6 00168693 addi             x13, x13, 1         x13=0000000d x13:0000000c
20390566ns          343140 1c008af8 00430313 addi             x6, x6, 4            x6=1c001564  x6:1c001560
20390586ns          343141 1c008afa 004e0e13 addi             x28, x28, 4         x28=1c001566 x28:1c001562
20390626ns          343143 1c008ada 0047288b p.lw             x17, 4(x14!)        x17=07bc0b75 x14=10002898 x14:10002894  PA:10002894
20390646ns          343144 1c008ade 00035803 lhu              x16, 0(x6)          x16=000003a6  x6:1c001564  PA:1c001564
20390950ns          343159 1c008ae2 01d8f633 and              x12, x17, x29       x12=00000b75 x17:07bc0b75 x29:00000fff
20390970ns          343160 1c008ae6 010ef833 and              x16, x29, x16       x16=000003a6 x29:00000fff x16:000003a6
20390991ns          343161 1c008aea 10065633 p.exthz          x12, x12, x0        x12=00000b75 x12:00000b75
20391011ns          343162 1c008aee 000e5f03 lhu              x30, 0(x28)         x30=00000078 x28:1c001566  PA:1c001566
20391314ns          343177 1c008af2 00c80b63 beq              x16, x12, 22        x16:000003a6 x12:00000b75
20391335ns          343178 1c008af6 00168693 addi             x13, x13, 1         x13=0000000e x13:0000000d
20391355ns          343179 1c008af8 00430313 addi             x6, x6, 4            x6=1c001568  x6:1c001564
20391375ns          343180 1c008afa 004e0e13 addi             x28, x28, 4         x28=1c00156a x28:1c001566
20391416ns          343182 1c008ada 0047288b p.lw             x17, 4(x14!)        x17=0a9f079e x14=1000289c x14:10002898  PA:10002898
20391436ns          343183 1c008ade 00035803 lhu              x16, 0(x6)          x16=00000e7f  x6:1c001568  PA:1c001568
20391739ns          343198 1c008ae2 01d8f633 and              x12, x17, x29       x12=0000079e x17:0a9f079e x29:00000fff
20391760ns          343199 1c008ae6 010ef833 and              x16, x29, x16       x16=00000e7f x29:00000fff x16:00000e7f
20391780ns          343200 1c008aea 10065633 p.exthz          x12, x12, x0        x12=0000079e x12:0000079e
20391800ns          343201 1c008aee 000e5f03 lhu              x30, 0(x28)         x30=00000d84 x28:1c00156a  PA:1c00156a
20392104ns          343216 1c008af2 00c80b63 beq              x16, x12, 22        x16:00000e7f x12:0000079e
20392124ns          343217 1c008af6 00168693 addi             x13, x13, 1         x13=0000000f x13:0000000e
20392144ns          343218 1c008af8 00430313 addi             x6, x6, 4            x6=1c00156c  x6:1c001568
20392164ns          343219 1c008afa 004e0e13 addi             x28, x28, 4         x28=1c00156e x28:1c00156a
20392205ns          343221 1c008ada 0047288b p.lw             x17, 4(x14!)        x17=018e0819 x14=100028a0 x14:1000289c  PA:1000289c
20392225ns          343222 1c008ade 00035803 lhu              x16, 0(x6)          x16=0000001d  x6:1c00156c  PA:1c00156c
20392549ns          343238 1c008ae2 01d8f633 and              x12, x17, x29       x12=00000819 x17:018e0819 x29:00000fff
20392569ns          343239 1c008ae6 010ef833 and              x16, x29, x16       x16=0000001d x29:00000fff x16:0000001d
20392590ns          343240 1c008aea 10065633 p.exthz          x12, x12, x0        x12=00000819 x12:00000819
20392610ns          343241 1c008aee 000e5f03 lhu              x30, 0(x28)         x30=00000008 x28:1c00156e  PA:1c00156e
20392913ns          343256 1c008af2 00c80b63 beq              x16, x12, 22        x16:0000001d x12:00000819
20392934ns          343257 1c008af6 00168693 addi             x13, x13, 1         x13=00000010 x13:0000000f
20392954ns          343258 1c008af8 00430313 addi             x6, x6, 4            x6=1c001570  x6:1c00156c
20392974ns          343259 1c008afa 004e0e13 addi             x28, x28, 4         x28=1c001572 x28:1c00156e
20392994ns          343260 1c008afc 00a00633 add              x12, x0, x10        x12=00000002 x10:00000002
20393015ns          343261 1c008afe 1c001537 lui              x10, 0x1c001000     x10=1c001000
20393035ns          343262 1c008b02 9ac50513 addi             x10, x10, -1620     x10=1c0009ac x10:1c001000
20393055ns          343263 1c008b06 2760006f jal              x0, 630            
20393197ns          343270 1c008d7c fc010113 addi             x2, x2, -64          x2=100023e8  x2:10002428
20393278ns          343274 1c008d7e 02410313 addi             x6, x2, 36           x6=1000240c  x2:100023e8
20393298ns          343275 1c008d82 02c12423 sw               x12, 40(x2)         x12:00000002  x2:100023e8  PA:10002410
20393318ns          343276 1c008d84 00a00633 add              x12, x0, x10        x12=1c0009ac x10:1c0009ac
20393338ns          343277 1c008d86 1c009537 lui              x10, 0x1c009000     x10=1c009000
20393359ns          343278 1c008d8a 02b12223 sw               x11, 36(x2)         x11:00000007  x2:100023e8  PA:1000240c
20393379ns          343279 1c008d8c 02d12623 sw               x13, 44(x2)         x13:00000010  x2:100023e8  PA:10002414
20393399ns          343280 1c008d8e 00200593 addi             x11, x0, 2          x11=00000002
20393419ns          343281 1c008d90 006006b3 add              x13, x0, x6         x13=1000240c  x6:1000240c
20393460ns          343283 1c008d92 d2050513 addi             x10, x10, -736      x10=1c008d20 x10:1c009000
20393480ns          343284 1c008d96 00112e23 sw               x1, 28(x2)           x1:1c01011e  x2:100023e8  PA:10002404
20393500ns          343285 1c008d98 02e12823 sw               x14, 48(x2)         x14:100028a0  x2:100023e8  PA:10002418
20393521ns          343286 1c008d9a 02f12a23 sw               x15, 52(x2)         x15:00000010  x2:100023e8  PA:1000241c
20393541ns          343287 1c008d9c 03012c23 sw               x16, 56(x2)         x16:0000001d  x2:100023e8  PA:10002420
20393561ns          343288 1c008d9e 03112e23 sw               x17, 60(x2)         x17:018e0819  x2:100023e8  PA:10002424
20393581ns          343289 1c008da0 00612623 sw               x6, 12(x2)           x6:1000240c  x2:100023e8  PA:100023f4
20393602ns          343290 1c008da2 fa5ff0ef jal              x1, -92              x1=1c008da4
20394027ns          343311 1c008d46 0640006f jal              x0, 100            
20394067ns          343313 1c008daa f8010113 addi             x2, x2, -128         x2=10002368  x2:100023e8
20394087ns          343314 1c008dac 06812c23 sw               x8, 120(x2)          x8:xxxxxxxx  x2:10002368  PA:100023e0
20394108ns          343315 1c008dae 02410713 addi             x14, x2, 36         x14=1000238c  x2:10002368
20394512ns          343335 1c008db0 00000413 addi             x8, x0, 0            x8=00000000
20394533ns          343336 1c008db2 07312623 sw               x19, 108(x2)        x19:00000007  x2:10002368  PA:100023d4
20394553ns          343337 1c008db4 07412423 sw               x20, 104(x2)        x20:1c01011e  x2:10002368  PA:100023d0
20394573ns          343338 1c008db6 07512223 sw               x21, 100(x2)        x21:1c010122  x2:10002368  PA:100023cc
20394593ns          343339 1c008db8 05712e23 sw               x23, 92(x2)         x23:xxxxxxxx  x2:10002368  PA:100023c4
20394614ns          343340 1c008dba 05812c23 sw               x24, 88(x2)         x24:xxxxxxxx  x2:10002368  PA:100023c0
20394634ns          343341 1c008dbc 05a12823 sw               x26, 80(x2)         x26:xxxxxxxx  x2:10002368  PA:100023b8
20394654ns          343342 1c008dbe 06112e23 sw               x1, 124(x2)          x1:1c008da4  x2:10002368  PA:100023e4
20394674ns          343343 1c008dc0 06912a23 sw               x9, 116(x2)          x9:xxxxxxxx  x2:10002368  PA:100023dc
20394694ns          343344 1c008dc2 07212823 sw               x18, 112(x2)        x18:00204000  x2:10002368  PA:100023d8
20394715ns          343345 1c008dc4 07612023 sw               x22, 96(x2)         x22:xxxxxxxx  x2:10002368  PA:100023c8
20394735ns          343346 1c008dc6 05912a23 sw               x25, 84(x2)         x25:xxxxxxxx  x2:10002368  PA:100023bc
20394755ns          343347 1c008dc8 05b12623 sw               x27, 76(x2)         x27:xxxxxxxx  x2:10002368  PA:100023b4
20394775ns          343348 1c008dca 00a009b3 add              x19, x0, x10        x19=1c008d20 x10:1c008d20
20394796ns          343349 1c008dcc 00b00bb3 add              x23, x0, x11        x23=00000002 x11:00000002
20394816ns          343350 1c008dce 00c00d33 add              x26, x0, x12        x26=1c0009ac x12:1c0009ac
20394836ns          343351 1c008dd0 00d00a33 add              x20, x0, x13        x20=1000240c x13:1000240c
20394856ns          343352 1c008dd2 1c001c37 lui              x24, 0x1c001000     x24=1c001000
20394877ns          343353 1c008dd6 00e12023 sw               x14, 0(x2)          x14:1000238c  x2:10002368  PA:10002368
20394897ns          343354 1c008dd8 00800ab3 add              x21, x0, x8         x21=00000000  x8:00000000
20394917ns          343355 1c008dda 00e0006f jal              x0, 14             
20394958ns          343357 1c008de8 000d4503 lbu              x10, 0(x26)         x10=0000000a x26:1c0009ac  PA:1c0009ac
20395261ns          343372 1c008dec 001d0413 addi             x8, x26, 1           x8=1c0009ad x26:1c0009ac
20395281ns          343373 1c008df0 0c050b63 beq              x10, x0, 214        x10:0000000a
20395302ns          343374 1c008df2 02500793 addi             x15, x0, 37         x15=00000025
20395322ns          343375 1c008df6 fef513e3 bne              x10, x15, -26       x10:0000000a x15:00000025
20395443ns          343381 1c008ddc 017005b3 add              x11, x0, x23        x11=00000002 x23:00000002
20395464ns          343382 1c008dde 000980e7 jalr             x1, x19, 0           x1=1c008de0 x19:1c008d20
20395545ns          343386 1c008d20 f14027f3 csrrs            x15, x0, 0xf14      x15=00000007
20395585ns          343388 1c008d24 1a10f6b7 lui              x13, 0x1a10f000     x13=1a10f000
20395605ns          343389 1c008d28 ca5797b3 p.extractu       x15, x15, 5, 5      x15=00000000 x15:00000007
20395626ns          343390 1c008d2c f1402773 csrrs            x14, x0, 0xf14      x14=00000007
20395646ns          343391 1c008d30 00779793 slli             x15, x15, 0x7       x15=00000000 x15:00000000
20395666ns          343392 1c008d32 00371713 slli             x14, x14, 0x3       x14=00000038 x14:00000007
20395686ns          343393 1c008d34 0ff57513 andi             x10, x10, 255       x10=0000000a x10:0000000a
20395706ns          343394 1c008d38 ee873733 p.bclr           x14, x14, 23, 8     x14=00000038 x14:00000038
20395727ns          343395 1c008d3c 00d787b3 add              x15, x15, x13       x15=1a10f000 x15:00000000 x13:1a10f000
20395747ns          343396 1c008d3e 00a767a3 p.sw             x10, x0(x14)        x10:0000000a x14:00000038  PA:1a10f038
20396071ns          343412 1c008d42 00000513 addi             x10, x0, 0          x10=00000000
20396091ns          343413 1c008d44 00008067 jalr             x0, x1, 0            x1:1c008de0
20396132ns          343415 1c008de0 15f52063 p.beqimm         x10, 320            x10:00000000
20396152ns          343416 1c008de4 001a8a93 addi             x21, x21, 1         x21=00000001 x21:00000000
20396172ns          343417 1c008de6 00800d33 add              x26, x0, x8         x26=1c0009ad  x8:1c0009ad
20396192ns          343418 1c008de8 000d4503 lbu              x10, 0(x26)         x10=00000046 x26:1c0009ad  PA:1c0009ad
20396496ns          343433 1c008dec 001d0413 addi             x8, x26, 1           x8=1c0009ae x26:1c0009ad
20396516ns          343434 1c008df0 0c050b63 beq              x10, x0, 214        x10:00000046
20396536ns          343435 1c008df2 02500793 addi             x15, x0, 37         x15=00000025
20396557ns          343436 1c008df6 fef513e3 bne              x10, x15, -26       x10:00000046 x15:00000025
20396617ns          343439 1c008ddc 017005b3 add              x11, x0, x23        x11=00000002 x23:00000002
20396638ns          343440 1c008dde 000980e7 jalr             x1, x19, 0           x1=1c008de0 x19:1c008d20
20396678ns          343442 1c008d20 f14027f3 csrrs            x15, x0, 0xf14      x15=00000007
20396698ns          343443 1c008d24 1a10f6b7 lui              x13, 0x1a10f000     x13=1a10f000
20396718ns          343444 1c008d28 ca5797b3 p.extractu       x15, x15, 5, 5      x15=00000000 x15:00000007
20396739ns          343445 1c008d2c f1402773 csrrs            x14, x0, 0xf14      x14=00000007
20396759ns          343446 1c008d30 00779793 slli             x15, x15, 0x7       x15=00000000 x15:00000000
20396779ns          343447 1c008d32 00371713 slli             x14, x14, 0x3       x14=00000038 x14:00000007
20396799ns          343448 1c008d34 0ff57513 andi             x10, x10, 255       x10=00000046 x10:00000046
20396820ns          343449 1c008d38 ee873733 p.bclr           x14, x14, 23, 8     x14=00000038 x14:00000038
20396840ns          343450 1c008d3c 00d787b3 add              x15, x15, x13       x15=1a10f000 x15:00000000 x13:1a10f000
20396860ns          343451 1c008d3e 00a767a3 p.sw             x10, x0(x14)        x10:00000046 x14:00000038  PA:1a10f038
20397204ns          343468 1c008d42 00000513 addi             x10, x0, 0          x10=00000000
20397224ns          343469 1c008d44 00008067 jalr             x0, x1, 0            x1:1c008de0
20397265ns          343471 1c008de0 15f52063 p.beqimm         x10, 320            x10:00000000
20397285ns          343472 1c008de4 001a8a93 addi             x21, x21, 1         x21=00000002 x21:00000001
20397305ns          343473 1c008de6 00800d33 add              x26, x0, x8         x26=1c0009ae  x8:1c0009ae
20397326ns          343474 1c008de8 000d4503 lbu              x10, 0(x26)         x10=00000046 x26:1c0009ae  PA:1c0009ae
20397629ns          343489 1c008dec 001d0413 addi             x8, x26, 1           x8=1c0009af x26:1c0009ae
20397650ns          343490 1c008df0 0c050b63 beq              x10, x0, 214        x10:00000046
20397670ns          343491 1c008df2 02500793 addi             x15, x0, 37         x15=00000025
20397690ns          343492 1c008df6 fef513e3 bne              x10, x15, -26       x10:00000046 x15:00000025
20397751ns          343495 1c008ddc 017005b3 add              x11, x0, x23        x11=00000002 x23:00000002
20397771ns          343496 1c008dde 000980e7 jalr             x1, x19, 0           x1=1c008de0 x19:1c008d20
20397811ns          343498 1c008d20 f14027f3 csrrs            x15, x0, 0xf14      x15=00000007
20397832ns          343499 1c008d24 1a10f6b7 lui              x13, 0x1a10f000     x13=1a10f000
20397852ns          343500 1c008d28 ca5797b3 p.extractu       x15, x15, 5, 5      x15=00000000 x15:00000007
20397872ns          343501 1c008d2c f1402773 csrrs            x14, x0, 0xf14      x14=00000007
20397892ns          343502 1c008d30 00779793 slli             x15, x15, 0x7       x15=00000000 x15:00000000
20397913ns          343503 1c008d32 00371713 slli             x14, x14, 0x3       x14=00000038 x14:00000007
20397933ns          343504 1c008d34 0ff57513 andi             x10, x10, 255       x10=00000046 x10:00000046
20397953ns          343505 1c008d38 ee873733 p.bclr           x14, x14, 23, 8     x14=00000038 x14:00000038
20397973ns          343506 1c008d3c 00d787b3 add              x15, x15, x13       x15=1a10f000 x15:00000000 x13:1a10f000
20397994ns          343507 1c008d3e 00a767a3 p.sw             x10, x0(x14)        x10:00000046 x14:00000038  PA:1a10f038
20398439ns          343529 1c008d42 00000513 addi             x10, x0, 0          x10=00000000
20398459ns          343530 1c008d44 00008067 jalr             x0, x1, 0            x1:1c008de0
20398500ns          343532 1c008de0 15f52063 p.beqimm         x10, 320            x10:00000000
20398520ns          343533 1c008de4 001a8a93 addi             x21, x21, 1         x21=00000003 x21:00000002
20398540ns          343534 1c008de6 00800d33 add              x26, x0, x8         x26=1c0009af  x8:1c0009af
20398560ns          343535 1c008de8 000d4503 lbu              x10, 0(x26)         x10=00000054 x26:1c0009af  PA:1c0009af
20398864ns          343550 1c008dec 001d0413 addi             x8, x26, 1           x8=1c0009b0 x26:1c0009af
20398884ns          343551 1c008df0 0c050b63 beq              x10, x0, 214        x10:00000054
20398904ns          343552 1c008df2 02500793 addi             x15, x0, 37         x15=00000025
20398925ns          343553 1c008df6 fef513e3 bne              x10, x15, -26       x10:00000054 x15:00000025
20398985ns          343556 1c008ddc 017005b3 add              x11, x0, x23        x11=00000002 x23:00000002
20399006ns          343557 1c008dde 000980e7 jalr             x1, x19, 0           x1=1c008de0 x19:1c008d20
20399046ns          343559 1c008d20 f14027f3 csrrs            x15, x0, 0xf14      x15=00000007
20399066ns          343560 1c008d24 1a10f6b7 lui              x13, 0x1a10f000     x13=1a10f000
20399087ns          343561 1c008d28 ca5797b3 p.extractu       x15, x15, 5, 5      x15=00000000 x15:00000007
20399107ns          343562 1c008d2c f1402773 csrrs            x14, x0, 0xf14      x14=00000007
20399127ns          343563 1c008d30 00779793 slli             x15, x15, 0x7       x15=00000000 x15:00000000
20399147ns          343564 1c008d32 00371713 slli             x14, x14, 0x3       x14=00000038 x14:00000007
20399168ns          343565 1c008d34 0ff57513 andi             x10, x10, 255       x10=00000054 x10:00000054
20399188ns          343566 1c008d38 ee873733 p.bclr           x14, x14, 23, 8     x14=00000038 x14:00000038
20399208ns          343567 1c008d3c 00d787b3 add              x15, x15, x13       x15=1a10f000 x15:00000000 x13:1a10f000
20399228ns          343568 1c008d3e 00a767a3 p.sw             x10, x0(x14)        x10:00000054 x14:00000038  PA:1a10f038
20399572ns          343585 1c008d42 00000513 addi             x10, x0, 0          x10=00000000
20399593ns          343586 1c008d44 00008067 jalr             x0, x1, 0            x1:1c008de0
20399633ns          343588 1c008de0 15f52063 p.beqimm         x10, 320            x10:00000000
20399653ns          343589 1c008de4 001a8a93 addi             x21, x21, 1         x21=00000004 x21:00000003
20399674ns          343590 1c008de6 00800d33 add              x26, x0, x8         x26=1c0009b0  x8:1c0009b0
20399694ns          343591 1c008de8 000d4503 lbu              x10, 0(x26)         x10=00000025 x26:1c0009b0  PA:1c0009b0
20399997ns          343606 1c008dec 001d0413 addi             x8, x26, 1           x8=1c0009b1 x26:1c0009b0
20400018ns          343607 1c008df0 0c050b63 beq              x10, x0, 214        x10:00000025
20400038ns          343608 1c008df2 02500793 addi             x15, x0, 37         x15=00000025
20400058ns          343609 1c008df6 fef513e3 bne              x10, x15, -26       x10:00000025 x15:00000025
20400078ns          343610 1c008dfa 00012a23 sw               x0, 20(x2)           x2:10002368  PA:1000237c
20400099ns          343611 1c008dfc 00012823 sw               x0, 16(x2)           x2:10002368  PA:10002378
20400119ns          343612 1c008dfe 00012623 sw               x0, 12(x2)           x2:10002368  PA:10002374
20400139ns          343613 1c008e00 00012423 sw               x0, 8(x2)            x2:10002368  PA:10002370
20400159ns          343614 1c008e02 00012223 sw               x0, 4(x2)            x2:10002368  PA:1000236c
20400180ns          343615 1c008e04 02300493 addi             x9, x0, 35           x9=00000023
20400200ns          343616 1c008e08 02d00b13 addi             x22, x0, 45         x22=0000002d
20400220ns          343617 1c008e0c 00044c83 lbu              x25, 0(x8)          x25=00000064  x8:1c0009b1  PA:1c0009b1
20400544ns          343633 1c008e10 00140913 addi             x18, x8, 1          x18=1c0009b2  x8:1c0009b1
20400564ns          343634 1c008e14 019005b3 add              x11, x0, x25        x11=00000064 x25:00000064
20400584ns          343635 1c008e16 9d0c0513 addi             x10, x24, -1584     x10=1c0009d0 x24:1c001000
20400605ns          343636 1c008e1a 01200d33 add              x26, x0, x18        x26=1c0009b2 x18:1c0009b2
20400625ns          343637 1c008e1c 01900db3 add              x27, x0, x25        x27=00000064 x25:00000064
20400645ns          343638 1c008e1e e89ff0ef jal              x1, -376             x1=1c008e20
20400787ns          343645 1c008ca6 00054783 lbu              x15, 0(x10)         x15=0000002d x10:1c0009d0  PA:1c0009d0
20401090ns          343660 1c008caa 0ff5f593 andi             x11, x11, 255       x11=00000064 x11:00000064
20401111ns          343661 1c008cae 00b78c63 beq              x15, x11, 24        x15:0000002d x11:00000064
20401131ns          343662 1c008cb2 00078b63 beq              x15, x0, 22         x15:0000002d
20401151ns          343663 1c008cb4 00150793 addi             x15, x10, 1         x15=1c0009d1 x10:1c0009d0
20401171ns          343664 1c008cb8 0040006f jal              x0, 4              
20401272ns          343669 1c008cbc 00f00533 add              x10, x0, x15        x10=1c0009d1 x15:1c0009d1
20401293ns          343670 1c008cbe 0017c70b p.lbu            x14, 1(x15!)        x14=0000002b x15=1c0009d2 x15:1c0009d1  PA:1c0009d1
20401637ns          343687 1c008cc2 feb71ce3 bne              x14, x11, -8        x14:0000002b x11:00000064
20401698ns          343690 1c008cba 00070763 beq              x14, x0, 14         x14:0000002b
20401718ns          343691 1c008cbc 00f00533 add              x10, x0, x15        x10=1c0009d2 x15:1c0009d2
20401738ns          343692 1c008cbe 0017c70b p.lbu            x14, 1(x15!)        x14=00000020 x15=1c0009d3 x15:1c0009d2  PA:1c0009d2
20402062ns          343708 1c008cc2 feb71ce3 bne              x14, x11, -8        x14:00000020 x11:00000064
20402123ns          343711 1c008cba 00070763 beq              x14, x0, 14         x14:00000020
20402143ns          343712 1c008cbc 00f00533 add              x10, x0, x15        x10=1c0009d3 x15:1c0009d3
20402163ns          343713 1c008cbe 0017c70b p.lbu            x14, 1(x15!)        x14=00000023 x15=1c0009d4 x15:1c0009d3  PA:1c0009d3
20402487ns          343729 1c008cc2 feb71ce3 bne              x14, x11, -8        x14:00000023 x11:00000064
20402548ns          343732 1c008cba 00070763 beq              x14, x0, 14         x14:00000023
20402568ns          343733 1c008cbc 00f00533 add              x10, x0, x15        x10=1c0009d4 x15:1c0009d4
20402588ns          343734 1c008cbe 0017c70b p.lbu            x14, 1(x15!)        x14=00000030 x15=1c0009d5 x15:1c0009d4  PA:1c0009d4
20402912ns          343750 1c008cc2 feb71ce3 bne              x14, x11, -8        x14:00000030 x11:00000064
20402973ns          343753 1c008cba 00070763 beq              x14, x0, 14         x14:00000030
20402993ns          343754 1c008cbc 00f00533 add              x10, x0, x15        x10=1c0009d5 x15:1c0009d5
20403013ns          343755 1c008cbe 0017c70b p.lbu            x14, 1(x15!)        x14=00000000 x15=1c0009d6 x15:1c0009d5  PA:1c0009d5
20403337ns          343771 1c008cc2 feb71ce3 bne              x14, x11, -8        x14:00000000 x11:00000064
20403398ns          343774 1c008cba 00070763 beq              x14, x0, 14         x14:00000000
20403458ns          343777 1c008cc8 0015b593 sltiu            x11, x11, 1         x11=00000000 x11:00000064
20403479ns          343778 1c008ccc 40b005b3 sub              x11, x0, x11        x11=00000000 x11:00000000
20403499ns          343779 1c008cd0 00b57533 and              x10, x10, x11       x10=00000000 x10:1c0009d5 x11:00000000
20403519ns          343780 1c008cd2 00008067 jalr             x0, x1, 0            x1:1c008e20
20403560ns          343782 1c008e20 02050b63 beq              x10, x0, 54         x10:00000000
20403701ns          343789 1c008e56 02a00693 addi             x13, x0, 42         x13=0000002a
20403722ns          343790 1c008e5a 2edc8263 beq              x25, x13, 740       x25:00000064 x13:0000002a
20404126ns          343810 1c008e5e fd0c8693 addi             x13, x25, -48       x13=00000034 x25:00000064
20404147ns          343811 1c008e62 00900593 addi             x11, x0, 9          x11=00000009
20404167ns          343812 1c008e64 00000b13 addi             x22, x0, 0          x22=00000000
20404187ns          343813 1c008e66 0cd5fd63 bgeu             x11, x13, 218       x11:00000009 x13:00000034
20404207ns          343814 1c008e6a 02e00793 addi             x15, x0, 46         x15=0000002e
20404268ns          343817 1c008e6e 28fd8663 beq              x27, x15, 652       x27:00000064 x15:0000002e
20404288ns          343818 1c008e72 01b00433 add              x8, x0, x27          x8=00000064 x27:00000064
20404308ns          343819 1c008e74 fff00493 addi             x9, x0, -1           x9=ffffffff
20404329ns          343820 1c008e76 1c001737 lui              x14, 0x1c001000     x14=1c001000
20404349ns          343821 1c008e7a 01b005b3 add              x11, x0, x27        x11=00000064 x27:00000064
20404369ns          343822 1c008e7c 9d870513 addi             x10, x14, -1576     x10=1c0009d8 x14:1c001000
20404410ns          343824 1c008e80 e27ff0ef jal              x1, -474             x1=1c008e82
20404470ns          343827 1c008ca6 00054783 lbu              x15, 0(x10)         x15=00000068 x10:1c0009d8  PA:1c0009d8
20404774ns          343842 1c008caa 0ff5f593 andi             x11, x11, 255       x11=00000064 x11:00000064
20404794ns          343843 1c008cae 00b78c63 beq              x15, x11, 24        x15:00000068 x11:00000064
20404814ns          343844 1c008cb2 00078b63 beq              x15, x0, 22         x15:00000068
20404835ns          343845 1c008cb4 00150793 addi             x15, x10, 1         x15=1c0009d9 x10:1c0009d8
20404855ns          343846 1c008cb8 0040006f jal              x0, 4              
20404895ns          343848 1c008cbc 00f00533 add              x10, x0, x15        x10=1c0009d9 x15:1c0009d9
20404916ns          343849 1c008cbe 0017c70b p.lbu            x14, 1(x15!)        x14=0000006c x15=1c0009da x15:1c0009d9  PA:1c0009d9
20405240ns          343865 1c008cc2 feb71ce3 bne              x14, x11, -8        x14:0000006c x11:00000064
20405300ns          343868 1c008cba 00070763 beq              x14, x0, 14         x14:0000006c
20405320ns          343869 1c008cbc 00f00533 add              x10, x0, x15        x10=1c0009da x15:1c0009da
20405341ns          343870 1c008cbe 0017c70b p.lbu            x14, 1(x15!)        x14=0000007a x15=1c0009db x15:1c0009da  PA:1c0009da
20405665ns          343886 1c008cc2 feb71ce3 bne              x14, x11, -8        x14:0000007a x11:00000064
20405725ns          343889 1c008cba 00070763 beq              x14, x0, 14         x14:0000007a
20405746ns          343890 1c008cbc 00f00533 add              x10, x0, x15        x10=1c0009db x15:1c0009db
20405766ns          343891 1c008cbe 0017c70b p.lbu            x14, 1(x15!)        x14=00000000 x15=1c0009dc x15:1c0009db  PA:1c0009db
20406090ns          343907 1c008cc2 feb71ce3 bne              x14, x11, -8        x14:00000000 x11:00000064
20406150ns          343910 1c008cba 00070763 beq              x14, x0, 14         x14:00000000
20406211ns          343913 1c008cc8 0015b593 sltiu            x11, x11, 1         x11=00000000 x11:00000064
20406231ns          343914 1c008ccc 40b005b3 sub              x11, x0, x11        x11=00000000 x11:00000000
20406252ns          343915 1c008cd0 00b57533 and              x10, x10, x11       x10=00000000 x10:1c0009db x11:00000000
20406272ns          343916 1c008cd2 00008067 jalr             x0, x1, 0            x1:1c008e82
20406312ns          343918 1c008e82 00000793 addi             x15, x0, 0          x15=00000000
20406332ns          343919 1c008e84 00050f63 beq              x10, x0, 30         x10:00000000
20406474ns          343926 1c008ea2 06700693 addi             x13, x0, 103        x13=00000067
20406494ns          343927 1c008ea6 0bb6ee63 bltu             x13, x27, 188       x13:00000067 x27:00000064
20406515ns          343928 1c008eaa 06500693 addi             x13, x0, 101        x13=00000065
20406575ns          343931 1c008eae 3addf2e3 bgeu             x27, x13, 2980      x27:00000064 x13:00000065
20406616ns          343933 1c008eb2 04700693 addi             x13, x0, 71         x13=00000047
20406636ns          343934 1c008eb6 39b6ed63 bltu             x13, x27, 922       x13:00000047 x27:00000064
20407081ns          343956 1c009250 06300693 addi             x13, x0, 99         x13=00000063
20407122ns          343958 1c009254 70dd8c63 beq              x27, x13, 1816      x27:00000064 x13:00000063
20407142ns          343959 1c009258 d3b6e5e3 bltu             x13, x27, -726      x13:00000063 x27:00000064
20407709ns          343987 1c008f82 06c00693 addi             x13, x0, 108        x13=0000006c
20407729ns          343988 1c008f86 00d78a63 beq              x15, x13, 20        x15:00000000 x13:0000006c
20407749ns          343989 1c008f8a 07a00693 addi             x13, x0, 122        x13=0000007a
20407810ns          343992 1c008f8e 00d78663 beq              x15, x13, 12        x15:00000000 x13:0000007a
20407850ns          343994 1c008f92 04c00693 addi             x13, x0, 76         x13=0000004c
20407871ns          343995 1c008f96 5ed78de3 beq              x15, x13, 3578      x15:00000000 x13:0000004c
20407891ns          343996 1c008f9a 000a2783 lw               x15, 0(x20)         x15=00000007 x20:1000240c  PA:1000240c
20407911ns          343997 1c008f9e 004a0a13 addi             x20, x20, 4         x20=10002410 x20:1000240c
20408296ns          344016 1c008fa0 41f7d713 srai             x14, x15, 0x41f     x14=00000000 x15:00000007
20408336ns          344018 1c008fa4 01412e23 sw               x20, 28(x2)         x20:10002410  x2:10002368  PA:10002384
20408356ns          344019 1c008fa6 00e12223 sw               x14, 4(x2)          x14:00000000  x2:10002368  PA:1000236c
20408377ns          344020 1c008fa8 4e0741e3 blt              x14, x0, 3298       x14:00000000
20408397ns          344021 1c008fac 00c12703 lw               x14, 12(x2)         x14=00000000  x2:10002368  PA:10002374
20408437ns          344023 1c008fae 440709e3 beq              x14, x0, 3154       x14:00000000
20408539ns          344028 1c009c00 01012703 lw               x14, 16(x2)         x14=00000000  x2:10002368  PA:10002378
20408579ns          344030 1c009c02 22070063 beq              x14, x0, 544        x14:00000000
20408680ns          344035 1c009e22 00412c83 lw               x25, 4(x2)          x25=00000000  x2:10002368  PA:1000236c
20408721ns          344037 1c009e24 02410a13 addi             x20, x2, 36         x20=1000238c  x2:10002368
20408741ns          344038 1c009e28 998ff06f jal              x0, -3688          
20408822ns          344042 1c008fc0 00f00433 add              x8, x0, x15          x8=00000007 x15:00000007
20408842ns          344043 1c008fc2 01400db3 add              x27, x0, x20        x27=1000238c x20:1000238c
20408862ns          344044 1c008fc4 0040006f jal              x0, 4              
20408903ns          344046 1c008fc8 00a00613 addi             x12, x0, 10         x12=0000000a
20408923ns          344047 1c008fca 00000693 addi             x13, x0, 0          x13=00000000
20408943ns          344048 1c008fcc 00800533 add              x10, x0, x8         x10=00000007  x8:00000007
20408964ns          344049 1c008fce 019005b3 add              x11, x0, x25        x11=00000000 x25:00000000
20408984ns          344050 1c008fd0 c2aff0ef jal              x1, -3030            x1=1c008fd4
20409065ns          344054 1c0083fa 00c008b3 add              x17, x0, x12        x17=0000000a x12:0000000a
20409105ns          344056 1c0083fc 00d00733 add              x14, x0, x13        x14=00000000 x13:00000000
20409126ns          344057 1c0083fe 00a007b3 add              x15, x0, x10        x15=00000007 x10:00000007
20409510ns          344076 1c008400 00b00833 add              x16, x0, x11        x16=00000000 x11:00000000
20409551ns          344078 1c008402 1c069863 bne              x13, x0, 464        x13:00000000
20409571ns          344079 1c008406 1c0016b7 lui              x13, 0x1c001000     x13=1c001000
20409591ns          344080 1c00840a 86868693 addi             x13, x13, -1944     x13=1c000868 x13:1c001000
20409652ns          344083 1c00840e 0ac5f863 bgeu             x11, x12, 176       x11:00000000 x12:0000000a
20409672ns          344084 1c008412 00010337 lui              x6, 0x10000          x6=00010000
20409692ns          344085 1c008414 08667e63 bgeu             x12, x6, 156        x12:0000000a  x6:00010000
20409713ns          344086 1c008418 0ff00313 addi             x6, x0, 255          x6=000000ff
20409733ns          344087 1c00841c 00c37363 bgeu             x6, x12, 6           x6:000000ff x12:0000000a
20410219ns          344111 1c008422 00e65333 srl              x6, x12, x14         x6=0000000a x12:0000000a x14:00000000
20410239ns          344112 1c008426 006686b3 add              x13, x13, x6        x13=1c000872 x13:1c000868  x6:0000000a
20410259ns          344113 1c008428 0006ce03 lbu              x28, 0(x13)         x28=00000004 x13:1c000872  PA:1c000872
20410563ns          344128 1c00842c 02000313 addi             x6, x0, 32           x6=00000020
20410583ns          344129 1c008430 00ee0e33 add              x28, x28, x14       x28=00000004 x28:00000004 x14:00000000
20410603ns          344130 1c008432 41c30333 sub              x6, x6, x28          x6=0000001c  x6:00000020 x28:00000004
20410623ns          344131 1c008436 00030c63 beq              x6, x0, 24           x6:0000001c
20410644ns          344132 1c00843a 006595b3 sll              x11, x11, x6        x11=00000000 x11:00000000  x6:0000001c
20410704ns          344135 1c00843e 01c55e33 srl              x28, x10, x28       x28=00000000 x10:00000007 x28:00000004
20410745ns          344137 1c008442 006618b3 sll              x17, x12, x6        x17=a0000000 x12:0000000a  x6:0000001c
20410765ns          344138 1c008446 00be6833 or               x16, x28, x11       x16=00000000 x28:00000000 x11:00000000
20410785ns          344139 1c00844a 006517b3 sll              x15, x10, x6        x15=70000000 x10:00000007  x6:0000001c
20410846ns          344142 1c00844e 0108d613 srli             x12, x17, 0x10      x12=0000a000 x17:a0000000
20410886ns          344144 1c008452 02c87733 remu             x14, x16, x12       x14=00000000 x16:00000000 x12:0000a000
20411271ns          344163 1c008456 02c85833 divu             x16, x16, x12       x16=00000000 x16:00000000 x12:0000a000
20411656ns          344182 1c00845a 01089513 slli             x10, x17, 0x10      x10=00000000 x17:a0000000
20411676ns          344183 1c00845e 01055513 srli             x10, x10, 0x10      x10=00000000 x10:00000000
20411696ns          344184 1c008460 01071713 slli             x14, x14, 0x10      x14=00000000 x14:00000000
20411716ns          344185 1c008462 0107d693 srli             x13, x15, 0x10      x13=00007000 x15:70000000
20411737ns          344186 1c008466 03050833 mul              x16, x10, x16       x16=00000000 x10:00000000 x16:00000000
20411757ns          344187 1c00846a 00e6e6b3 or               x13, x13, x14       x13=00007000 x13:00007000 x14:00000000
20411777ns          344188 1c00846c 0106f863 bgeu             x13, x16, 16        x13:00007000 x16:00000000
20412182ns          344208 1c00847c 410686b3 sub              x13, x13, x16       x13=00007000 x13:00007000 x16:00000000
20412587ns          344228 1c008480 02c6f733 remu             x14, x13, x12       x14=00007000 x13:00007000 x12:0000a000
20412991ns          344248 1c008484 02c6d6b3 divu             x13, x13, x12       x13=00000000 x13:00007000 x12:0000a000
20413376ns          344267 1c008488 01079793 slli             x15, x15, 0x10      x15=00000000 x15:70000000
20413396ns          344268 1c00848a 02d506b3 mul              x13, x10, x13       x13=00000000 x10:00000000 x13:00000000
20413416ns          344269 1c00848e 0107d793 srli             x15, x15, 0x10      x15=00000000 x15:00000000
20413437ns          344270 1c008490 01071513 slli             x10, x14, 0x10      x10=70000000 x14:00007000
20413457ns          344271 1c008494 00a7e7b3 or               x15, x15, x10       x15=70000000 x15:00000000 x10:70000000
20413477ns          344272 1c008496 00d7f863 bgeu             x15, x13, 16        x15:70000000 x13:00000000
20413578ns          344277 1c0084a6 40d787b3 sub              x15, x15, x13       x15=70000000 x15:70000000 x13:00000000
20413599ns          344278 1c0084a8 0067d533 srl              x10, x15, x6        x10=00000007 x15:70000000  x6:0000001c
20413619ns          344279 1c0084ac 00000593 addi             x11, x0, 0          x11=00000000
20413639ns          344280 1c0084ae 00008067 jalr             x0, x1, 0            x1:1c008fd4
20413761ns          344286 1c008fd4 00a00933 add              x18, x0, x10        x18=00000007 x10:00000007
20413781ns          344287 1c008fd6 019005b3 add              x11, x0, x25        x11=00000000 x25:00000000
20413801ns          344288 1c008fd8 00800533 add              x10, x0, x8         x10=00000007  x8:00000007
20413821ns          344289 1c008fda 00a00613 addi             x12, x0, 10         x12=0000000a
20413842ns          344290 1c008fdc 00000693 addi             x13, x0, 0          x13=00000000
20413882ns          344292 1c008fde 8beff0ef jal              x1, -3906            x1=1c008fe2
20413963ns          344296 1c00809c 00b007b3 add              x15, x0, x11        x15=00000000 x11:00000000
20413983ns          344297 1c00809e 00c00833 add              x16, x0, x12        x16=0000000a x12:0000000a
20414388ns          344317 1c0080a0 00d008b3 add              x17, x0, x13        x17=00000000 x13:00000000
20414408ns          344318 1c0080a2 00a00333 add              x6, x0, x10          x6=00000007 x10:00000007
20414428ns          344319 1c0080a4 20069663 bne              x13, x0, 524        x13:00000000
20414449ns          344320 1c0080a8 1c001737 lui              x14, 0x1c001000     x14=1c001000
20414469ns          344321 1c0080ac 86870713 addi             x14, x14, -1944     x14=1c000868 x14:1c001000
20414874ns          344341 1c0080b0 0ac5fe63 bgeu             x11, x12, 188       x11:00000000 x12:0000000a
20414914ns          344343 1c0080b4 000106b7 lui              x13, 0x10000        x13=00010000
20414934ns          344344 1c0080b6 0ad67463 bgeu             x12, x13, 168       x12:0000000a x13:00010000
20414955ns          344345 1c0080ba 0ff00693 addi             x13, x0, 255        x13=000000ff
20415015ns          344348 1c0080be 00c6b6b3 sltu             x13, x13, x12       x13=00000000 x13:000000ff x12:0000000a
20415036ns          344349 1c0080c2 00369693 slli             x13, x13, 0x3       x13=00000000 x13:00000000
20415056ns          344350 1c0080c4 00d658b3 srl              x17, x12, x13       x17=0000000a x12:0000000a x13:00000000
20415076ns          344351 1c0080c8 01170733 add              x14, x14, x17       x14=1c000872 x14:1c000868 x17:0000000a
20415096ns          344352 1c0080ca 00074703 lbu              x14, 0(x14)         x14=00000004 x14:1c000872  PA:1c000872
20415420ns          344368 1c0080ce 00e686b3 add              x13, x13, x14       x13=00000004 x13:00000000 x14:00000004
20415440ns          344369 1c0080d0 02000713 addi             x14, x0, 32         x14=00000020
20415461ns          344370 1c0080d4 40d70733 sub              x14, x14, x13       x14=0000001c x14:00000020 x13:00000004
20415481ns          344371 1c0080d6 00070b63 beq              x14, x0, 22         x14:0000001c
20415501ns          344372 1c0080d8 00e797b3 sll              x15, x15, x14       x15=00000000 x15:00000000 x14:0000001c
20415521ns          344373 1c0080dc 00d556b3 srl              x13, x10, x13       x13=00000000 x10:00000007 x13:00000004
20415906ns          344392 1c0080e0 00e61833 sll              x16, x12, x14       x16=a0000000 x12:0000000a x14:0000001c
20415946ns          344394 1c0080e4 00f6e5b3 or               x11, x13, x15       x11=00000000 x13:00000000 x15:00000000
20415967ns          344395 1c0080e8 00e51333 sll              x6, x10, x14         x6=70000000 x10:00000007 x14:0000001c
20415987ns          344396 1c0080ec 01085513 srli             x10, x16, 0x10      x10=0000a000 x16:a0000000
20416048ns          344399 1c0080f0 02a5f733 remu             x14, x11, x10       x14=00000000 x11:00000000 x10:0000a000
20416452ns          344419 1c0080f4 02a5d7b3 divu             x15, x11, x10       x15=00000000 x11:00000000 x10:0000a000
20416837ns          344438 1c0080f8 01081613 slli             x12, x16, 0x10      x12=00000000 x16:a0000000
20416857ns          344439 1c0080fc 01071713 slli             x14, x14, 0x10      x14=00000000 x14:00000000
20416878ns          344440 1c0080fe 01065613 srli             x12, x12, 0x10      x12=00000000 x12:00000000
20416898ns          344441 1c008100 01035693 srli             x13, x6, 0x10       x13=00007000  x6:70000000
20416918ns          344442 1c008104 00e6e6b3 or               x13, x13, x14       x13=00007000 x13:00007000 x14:00000000
20416938ns          344443 1c008106 02f605b3 mul              x11, x12, x15       x11=00000000 x12:00000000 x15:00000000
20416958ns          344444 1c00810a 00f00733 add              x14, x0, x15        x14=00000000 x15:00000000
20416979ns          344445 1c00810c 00b6fc63 bgeu             x13, x11, 24        x13:00007000 x11:00000000
20417748ns          344483 1c008124 40b686b3 sub              x13, x13, x11       x13=00007000 x13:00007000 x11:00000000
20417788ns          344485 1c008126 02a6f7b3 remu             x15, x13, x10       x15=00007000 x13:00007000 x10:0000a000
20418173ns          344504 1c00812a 02a6d6b3 divu             x13, x13, x10       x13=00000000 x13:00007000 x10:0000a000
20418557ns          344523 1c00812e 01031313 slli             x6, x6, 0x10         x6=00000000  x6:70000000
20418578ns          344524 1c008130 01079793 slli             x15, x15, 0x10      x15=70000000 x15:00007000
20418598ns          344525 1c008132 01035313 srli             x6, x6, 0x10         x6=00000000  x6:00000000
20418618ns          344526 1c008136 02d605b3 mul              x11, x12, x13       x11=00000000 x12:00000000 x13:00000000
20418638ns          344527 1c00813a 0067e333 or               x6, x15, x6          x6=70000000 x15:70000000  x6:00000000
20418659ns          344528 1c00813e 00d00533 add              x10, x0, x13        x10=00000000 x13:00000000
20418699ns          344530 1c008140 00b37b63 bgeu             x6, x11, 22          x6:70000000 x11:00000000
20419144ns          344552 1c008156 01071713 slli             x14, x14, 0x10      x14=00000000 x14:00000000
20419185ns          344554 1c008158 00a76733 or               x14, x14, x10       x14=00000000 x14:00000000 x10:00000000
20419205ns          344555 1c00815a 00000593 addi             x11, x0, 0          x11=00000000
20419225ns          344556 1c00815c 0b20006f jal              x0, 178            
20419347ns          344562 1c00820e 00e00533 add              x10, x0, x14        x10=00000000 x14:00000000
20419428ns          344566 1c008210 00008067 jalr             x0, x1, 0            x1:1c008fe2
20419488ns          344569 1c008fe2 03090913 addi             x18, x18, 48        x18=00000037 x18:00000007
20419509ns          344570 1c008fe6 012d8023 sb               x18, 0(x27)         x18:00000037 x27:1000238c  PA:1000238c
20419529ns          344571 1c008fea 00a5e7b3 or               x15, x11, x10       x15=00000000 x11:00000000 x10:00000000
20419590ns          344574 1c008fee 001d8913 addi             x18, x27, 1         x18=1000238d x27:1000238c
20419610ns          344575 1c008ff2 00a00433 add              x8, x0, x10          x8=00000000 x10:00000000
20419630ns          344576 1c008ff4 00b00cb3 add              x25, x0, x11        x25=00000000 x11:00000000
20419650ns          344577 1c008ff6 fc0798e3 bne              x15, x0, -48        x15:00000000
20419671ns          344578 1c008ff8 00090023 sb               x0, 0(x18)          x18:1000238d  PA:1000238d
20419691ns          344579 1c008ffc 01ba7d63 bgeu             x20, x27, 26        x20:1000238c x27:1000238c
20420156ns          344602 1c009016 00012783 lw               x15, 0(x2)          x15=1000238c  x2:10002368  PA:10002368
20420197ns          344604 1c009018 00c12703 lw               x14, 12(x2)         x14=00000000  x2:10002368  PA:10002374
20420217ns          344605 1c00901a 40f90933 sub              x18, x18, x15       x18=00000001 x18:1000238d x15:1000238c
20420278ns          344608 1c00901e 3c071de3 bne              x14, x0, 3034       x14:00000000
20420298ns          344609 1c009022 01012783 lw               x15, 16(x2)         x15=00000000  x2:10002368  PA:10002378
20420339ns          344611 1c009024 3c079ae3 bne              x15, x0, 3028       x15:00000000
20420359ns          344612 1c009028 00412703 lw               x14, 4(x2)          x14=00000000  x2:10002368  PA:1000236c
20420399ns          344614 1c00902a 01f75713 srli             x14, x14, 0x1f      x14=00000000 x14:00000000
20420420ns          344615 1c00902c 00e12223 sw               x14, 4(x2)          x14:00000000  x2:10002368  PA:1000236c
20420764ns          344632 1c00902e 3404c463 blt              x9, x0, 840          x9:ffffffff
20420865ns          344637 1c009376 00000c93 addi             x25, x0, 0          x25=00000000
20420905ns          344639 1c009378 00012c23 sw               x0, 24(x2)           x2:10002368  PA:10002380
20420926ns          344640 1c00937a 00000a13 addi             x20, x0, 0          x20=00000000
20420946ns          344641 1c00937c 01412783 lw               x15, 20(x2)         x15=00000000  x2:10002368  PA:1000237c
20421330ns          344660 1c00937e 5e078163 beq              x15, x0, 1506       x15:00000000
20421432ns          344665 1c009960 412b0b33 sub              x22, x22, x18       x22=ffffffff x22:00000000 x18:00000001
20421472ns          344667 1c009964 02410413 addi             x8, x2, 36           x8=1000238c  x2:10002368
20421492ns          344668 1c009966 00000493 addi             x9, x0, 0            x9=00000000
20421512ns          344669 1c009968 ee6ff06f jal              x0, -2330          
20421654ns          344676 1c00904e 00812703 lw               x14, 8(x2)          x14=00000000  x2:10002368  PA:10002370
20421735ns          344680 1c009050 02071063 bne              x14, x0, 32         x14:00000000
20421776ns          344682 1c009052 01605f63 bge              x0, x22, 30         x22:ffffffff
20421877ns          344687 1c009070 00412783 lw               x15, 4(x2)          x15=00000000  x2:10002368  PA:1000236c
20421917ns          344689 1c009072 00f40db3 add              x27, x8, x15        x27=1000238c  x8:1000238c x15:00000000
20421938ns          344690 1c009076 00c0006f jal              x0, 12             
20422018ns          344694 1c009082 017005b3 add              x11, x0, x23        x11=00000002 x23:00000002
20422059ns          344696 1c009084 ffb41ae3 bne              x8, x27, -12         x8:1000238c x27:1000238c
20422079ns          344697 1c009088 00900db3 add              x27, x0, x9         x27=00000000  x9:00000000
20422099ns          344698 1c00908a 0080006f jal              x0, 8              
20422201ns          344703 1c009092 fffd8d93 addi             x27, x27, -1        x27=ffffffff x27:00000000
20422221ns          344704 1c009094 017005b3 add              x11, x0, x23        x11=00000002 x23:00000002
20422241ns          344705 1c009096 03000513 addi             x10, x0, 48         x10=00000030
20422261ns          344706 1c00909a fffdb9e3 p.bneimm         x27, -14            x27:ffffffff
20422282ns          344707 1c00909e 00412703 lw               x14, 4(x2)          x14=00000000  x2:10002368  PA:1000236c
20422322ns          344709 1c0090a0 40e90933 sub              x18, x18, x14       x18=00000001 x18:00000001 x14:00000000
20422363ns          344711 1c0090a4 01212423 sw               x18, 8(x2)          x18:00000001  x2:10002368  PA:10002370
20422383ns          344712 1c0090a6 e40a15e3 bne              x20, x0, -438       x20:00000000
20422403ns          344713 1c0090aa 01812783 lw               x15, 24(x2)         x15=00000000  x2:10002368  PA:10002380
20422444ns          344715 1c0090ac 16079763 bne              x15, x0, 366        x15:00000000
20422464ns          344716 1c0090b0 120c8863 beq              x25, x0, 304        x25:00000000
20422565ns          344721 1c0091e0 017005b3 add              x11, x0, x23        x11=00000002 x23:00000002
20422605ns          344723 1c0091e2 ff2049e3 blt              x0, x18, -14        x18:00000001
20422707ns          344728 1c0091d4 0014450b p.lbu            x10, 1(x8!)         x10=00000037  x8=1000238d  x8:1000238c  PA:1000238c
20422747ns          344730 1c0091d8 fff90913 addi             x18, x18, -1        x18=00000000 x18:00000001
20422767ns          344731 1c0091da 000980e7 jalr             x1, x19, 0           x1=1c0091dc x19:1c008d20
20423192ns          344752 1c008d20 f14027f3 csrrs            x15, x0, 0xf14      x15=00000007
20423233ns          344754 1c008d24 1a10f6b7 lui              x13, 0x1a10f000     x13=1a10f000
20423253ns          344755 1c008d28 ca5797b3 p.extractu       x15, x15, 5, 5      x15=00000000 x15:00000007
20423273ns          344756 1c008d2c f1402773 csrrs            x14, x0, 0xf14      x14=00000007
20423294ns          344757 1c008d30 00779793 slli             x15, x15, 0x7       x15=00000000 x15:00000000
20423314ns          344758 1c008d32 00371713 slli             x14, x14, 0x3       x14=00000038 x14:00000007
20423334ns          344759 1c008d34 0ff57513 andi             x10, x10, 255       x10=00000037 x10:00000037
20423354ns          344760 1c008d38 ee873733 p.bclr           x14, x14, 23, 8     x14=00000038 x14:00000038
20423375ns          344761 1c008d3c 00d787b3 add              x15, x15, x13       x15=1a10f000 x15:00000000 x13:1a10f000
20423415ns          344763 1c008d3e 00a767a3 p.sw             x10, x0(x14)        x10:00000037 x14:00000038  PA:1a10f038
20423739ns          344779 1c008d42 00000513 addi             x10, x0, 0          x10=00000000
20423759ns          344780 1c008d44 00008067 jalr             x0, x1, 0            x1:1c0091dc
20423840ns          344784 1c0091dc d5f522e3 p.beqimm         x10, -700           x10:00000000
20423881ns          344786 1c0091e0 017005b3 add              x11, x0, x23        x11=00000002 x23:00000002
20423901ns          344787 1c0091e2 ff2049e3 blt              x0, x18, -14        x18:00000000
20423921ns          344788 1c0091e6 00412783 lw               x15, 4(x2)          x15=00000000  x2:10002368  PA:1000236c
20423941ns          344789 1c0091e8 01c12a03 lw               x20, 28(x2)         x20=10002410  x2:10002368  PA:10002384
20423962ns          344790 1c0091ea 00fa8733 add              x14, x21, x15       x14=00000004 x21:00000004 x15:00000000
20423982ns          344791 1c0091ee 00812783 lw               x15, 8(x2)          x15=00000001  x2:10002368  PA:10002370
20424002ns          344792 1c0091f0 00970733 add              x14, x14, x9        x14=00000004 x14:00000004  x9:00000000
20424042ns          344794 1c0091f2 00e78ab3 add              x21, x15, x14       x21=00000005 x15:00000001 x14:00000004
20424063ns          344795 1c0091f6 bf6059e3 bge              x0, x22, -1038      x22:ffffffff
20424225ns          344803 1c008de8 000d4503 lbu              x10, 0(x26)         x10=00000020 x26:1c0009b2  PA:1c0009b2
20424548ns          344819 1c008dec 001d0413 addi             x8, x26, 1           x8=1c0009b3 x26:1c0009b2
20424569ns          344820 1c008df0 0c050b63 beq              x10, x0, 214        x10:00000020
20424589ns          344821 1c008df2 02500793 addi             x15, x0, 37         x15=00000025
20424609ns          344822 1c008df6 fef513e3 bne              x10, x15, -26       x10:00000020 x15:00000025
20424771ns          344830 1c008ddc 017005b3 add              x11, x0, x23        x11=00000002 x23:00000002
20424791ns          344831 1c008dde 000980e7 jalr             x1, x19, 0           x1=1c008de0 x19:1c008d20
20424832ns          344833 1c008d20 f14027f3 csrrs            x15, x0, 0xf14      x15=00000007
20424852ns          344834 1c008d24 1a10f6b7 lui              x13, 0x1a10f000     x13=1a10f000
20424872ns          344835 1c008d28 ca5797b3 p.extractu       x15, x15, 5, 5      x15=00000000 x15:00000007
20424893ns          344836 1c008d2c f1402773 csrrs            x14, x0, 0xf14      x14=00000007
20424913ns          344837 1c008d30 00779793 slli             x15, x15, 0x7       x15=00000000 x15:00000000
20424933ns          344838 1c008d32 00371713 slli             x14, x14, 0x3       x14=00000038 x14:00000007
20424953ns          344839 1c008d34 0ff57513 andi             x10, x10, 255       x10=00000020 x10:00000020
20424974ns          344840 1c008d38 ee873733 p.bclr           x14, x14, 23, 8     x14=00000038 x14:00000038
20424994ns          344841 1c008d3c 00d787b3 add              x15, x15, x13       x15=1a10f000 x15:00000000 x13:1a10f000
20425014ns          344842 1c008d3e 00a767a3 p.sw             x10, x0(x14)        x10:00000020 x14:00000038  PA:1a10f038
20425338ns          344858 1c008d42 00000513 addi             x10, x0, 0          x10=00000000
20425358ns          344859 1c008d44 00008067 jalr             x0, x1, 0            x1:1c008de0
20425399ns          344861 1c008de0 15f52063 p.beqimm         x10, 320            x10:00000000
20425419ns          344862 1c008de4 001a8a93 addi             x21, x21, 1         x21=00000006 x21:00000005
20425439ns          344863 1c008de6 00800d33 add              x26, x0, x8         x26=1c0009b3  x8:1c0009b3
20425459ns          344864 1c008de8 000d4503 lbu              x10, 0(x26)         x10=00000054 x26:1c0009b3  PA:1c0009b3
20425763ns          344879 1c008dec 001d0413 addi             x8, x26, 1           x8=1c0009b4 x26:1c0009b3
20425783ns          344880 1c008df0 0c050b63 beq              x10, x0, 214        x10:00000054
20425803ns          344881 1c008df2 02500793 addi             x15, x0, 37         x15=00000025
20425824ns          344882 1c008df6 fef513e3 bne              x10, x15, -26       x10:00000054 x15:00000025
20425884ns          344885 1c008ddc 017005b3 add              x11, x0, x23        x11=00000002 x23:00000002
20425905ns          344886 1c008dde 000980e7 jalr             x1, x19, 0           x1=1c008de0 x19:1c008d20
20425945ns          344888 1c008d20 f14027f3 csrrs            x15, x0, 0xf14      x15=00000007
20425965ns          344889 1c008d24 1a10f6b7 lui              x13, 0x1a10f000     x13=1a10f000
20425986ns          344890 1c008d28 ca5797b3 p.extractu       x15, x15, 5, 5      x15=00000000 x15:00000007
20426006ns          344891 1c008d2c f1402773 csrrs            x14, x0, 0xf14      x14=00000007
20426026ns          344892 1c008d30 00779793 slli             x15, x15, 0x7       x15=00000000 x15:00000000
20426046ns          344893 1c008d32 00371713 slli             x14, x14, 0x3       x14=00000038 x14:00000007
20426066ns          344894 1c008d34 0ff57513 andi             x10, x10, 255       x10=00000054 x10:00000054
20426087ns          344895 1c008d38 ee873733 p.bclr           x14, x14, 23, 8     x14=00000038 x14:00000038
20426107ns          344896 1c008d3c 00d787b3 add              x15, x15, x13       x15=1a10f000 x15:00000000 x13:1a10f000
20426127ns          344897 1c008d3e 00a767a3 p.sw             x10, x0(x14)        x10:00000054 x14:00000038  PA:1a10f038
20426451ns          344913 1c008d42 00000513 addi             x10, x0, 0          x10=00000000
20426471ns          344914 1c008d44 00008067 jalr             x0, x1, 0            x1:1c008de0
20426512ns          344916 1c008de0 15f52063 p.beqimm         x10, 320            x10:00000000
20426532ns          344917 1c008de4 001a8a93 addi             x21, x21, 1         x21=00000007 x21:00000006
20426552ns          344918 1c008de6 00800d33 add              x26, x0, x8         x26=1c0009b4  x8:1c0009b4
20426572ns          344919 1c008de8 000d4503 lbu              x10, 0(x26)         x10=00000061 x26:1c0009b4  PA:1c0009b4
20426876ns          344934 1c008dec 001d0413 addi             x8, x26, 1           x8=1c0009b5 x26:1c0009b4
20426896ns          344935 1c008df0 0c050b63 beq              x10, x0, 214        x10:00000061
20426917ns          344936 1c008df2 02500793 addi             x15, x0, 37         x15=00000025
20426937ns          344937 1c008df6 fef513e3 bne              x10, x15, -26       x10:00000061 x15:00000025
20426998ns          344940 1c008ddc 017005b3 add              x11, x0, x23        x11=00000002 x23:00000002
20427018ns          344941 1c008dde 000980e7 jalr             x1, x19, 0           x1=1c008de0 x19:1c008d20
20427058ns          344943 1c008d20 f14027f3 csrrs            x15, x0, 0xf14      x15=00000007
20427078ns          344944 1c008d24 1a10f6b7 lui              x13, 0x1a10f000     x13=1a10f000
20427099ns          344945 1c008d28 ca5797b3 p.extractu       x15, x15, 5, 5      x15=00000000 x15:00000007
20427119ns          344946 1c008d2c f1402773 csrrs            x14, x0, 0xf14      x14=00000007
20427139ns          344947 1c008d30 00779793 slli             x15, x15, 0x7       x15=00000000 x15:00000000
20427159ns          344948 1c008d32 00371713 slli             x14, x14, 0x3       x14=00000038 x14:00000007
20427180ns          344949 1c008d34 0ff57513 andi             x10, x10, 255       x10=00000061 x10:00000061
20427200ns          344950 1c008d38 ee873733 p.bclr           x14, x14, 23, 8     x14=00000038 x14:00000038
20427220ns          344951 1c008d3c 00d787b3 add              x15, x15, x13       x15=1a10f000 x15:00000000 x13:1a10f000
20427240ns          344952 1c008d3e 00a767a3 p.sw             x10, x0(x14)        x10:00000061 x14:00000038  PA:1a10f038
20427564ns          344968 1c008d42 00000513 addi             x10, x0, 0          x10=00000000
20427584ns          344969 1c008d44 00008067 jalr             x0, x1, 0            x1:1c008de0
20427625ns          344971 1c008de0 15f52063 p.beqimm         x10, 320            x10:00000000
20427645ns          344972 1c008de4 001a8a93 addi             x21, x21, 1         x21=00000008 x21:00000007
20427665ns          344973 1c008de6 00800d33 add              x26, x0, x8         x26=1c0009b5  x8:1c0009b5
20427686ns          344974 1c008de8 000d4503 lbu              x10, 0(x26)         x10=00000073 x26:1c0009b5  PA:1c0009b5
20427989ns          344989 1c008dec 001d0413 addi             x8, x26, 1           x8=1c0009b6 x26:1c0009b5
20428010ns          344990 1c008df0 0c050b63 beq              x10, x0, 214        x10:00000073
20428030ns          344991 1c008df2 02500793 addi             x15, x0, 37         x15=00000025
20428050ns          344992 1c008df6 fef513e3 bne              x10, x15, -26       x10:00000073 x15:00000025
20428111ns          344995 1c008ddc 017005b3 add              x11, x0, x23        x11=00000002 x23:00000002
20428131ns          344996 1c008dde 000980e7 jalr             x1, x19, 0           x1=1c008de0 x19:1c008d20
20428171ns          344998 1c008d20 f14027f3 csrrs            x15, x0, 0xf14      x15=00000007
20428192ns          344999 1c008d24 1a10f6b7 lui              x13, 0x1a10f000     x13=1a10f000
20428212ns          345000 1c008d28 ca5797b3 p.extractu       x15, x15, 5, 5      x15=00000000 x15:00000007
20428232ns          345001 1c008d2c f1402773 csrrs            x14, x0, 0xf14      x14=00000007
20428252ns          345002 1c008d30 00779793 slli             x15, x15, 0x7       x15=00000000 x15:00000000
20428273ns          345003 1c008d32 00371713 slli             x14, x14, 0x3       x14=00000038 x14:00000007
20428293ns          345004 1c008d34 0ff57513 andi             x10, x10, 255       x10=00000073 x10:00000073
20428313ns          345005 1c008d38 ee873733 p.bclr           x14, x14, 23, 8     x14=00000038 x14:00000038
20428333ns          345006 1c008d3c 00d787b3 add              x15, x15, x13       x15=1a10f000 x15:00000000 x13:1a10f000
20428354ns          345007 1c008d3e 00a767a3 p.sw             x10, x0(x14)        x10:00000073 x14:00000038  PA:1a10f038
20428677ns          345023 1c008d42 00000513 addi             x10, x0, 0          x10=00000000
20428698ns          345024 1c008d44 00008067 jalr             x0, x1, 0            x1:1c008de0
20428738ns          345026 1c008de0 15f52063 p.beqimm         x10, 320            x10:00000000
20428758ns          345027 1c008de4 001a8a93 addi             x21, x21, 1         x21=00000009 x21:00000008
20428779ns          345028 1c008de6 00800d33 add              x26, x0, x8         x26=1c0009b6  x8:1c0009b6
20428799ns          345029 1c008de8 000d4503 lbu              x10, 0(x26)         x10=0000006b x26:1c0009b6  PA:1c0009b6
20429102ns          345044 1c008dec 001d0413 addi             x8, x26, 1           x8=1c0009b7 x26:1c0009b6
20429123ns          345045 1c008df0 0c050b63 beq              x10, x0, 214        x10:0000006b
20429143ns          345046 1c008df2 02500793 addi             x15, x0, 37         x15=00000025
20429163ns          345047 1c008df6 fef513e3 bne              x10, x15, -26       x10:0000006b x15:00000025
20429224ns          345050 1c008ddc 017005b3 add              x11, x0, x23        x11=00000002 x23:00000002
20429244ns          345051 1c008dde 000980e7 jalr             x1, x19, 0           x1=1c008de0 x19:1c008d20
20429285ns          345053 1c008d20 f14027f3 csrrs            x15, x0, 0xf14      x15=00000007
20429305ns          345054 1c008d24 1a10f6b7 lui              x13, 0x1a10f000     x13=1a10f000
20429325ns          345055 1c008d28 ca5797b3 p.extractu       x15, x15, 5, 5      x15=00000000 x15:00000007
20429345ns          345056 1c008d2c f1402773 csrrs            x14, x0, 0xf14      x14=00000007
20429366ns          345057 1c008d30 00779793 slli             x15, x15, 0x7       x15=00000000 x15:00000000
20429386ns          345058 1c008d32 00371713 slli             x14, x14, 0x3       x14=00000038 x14:00000007
20429406ns          345059 1c008d34 0ff57513 andi             x10, x10, 255       x10=0000006b x10:0000006b
20429426ns          345060 1c008d38 ee873733 p.bclr           x14, x14, 23, 8     x14=00000038 x14:00000038
20429447ns          345061 1c008d3c 00d787b3 add              x15, x15, x13       x15=1a10f000 x15:00000000 x13:1a10f000
20429467ns          345062 1c008d3e 00a767a3 p.sw             x10, x0(x14)        x10:0000006b x14:00000038  PA:1a10f038
20429791ns          345078 1c008d42 00000513 addi             x10, x0, 0          x10=00000000
20429811ns          345079 1c008d44 00008067 jalr             x0, x1, 0            x1:1c008de0
20429851ns          345081 1c008de0 15f52063 p.beqimm         x10, 320            x10:00000000
20429872ns          345082 1c008de4 001a8a93 addi             x21, x21, 1         x21=0000000a x21:00000009
20429892ns          345083 1c008de6 00800d33 add              x26, x0, x8         x26=1c0009b7  x8:1c0009b7
20429912ns          345084 1c008de8 000d4503 lbu              x10, 0(x26)         x10=00000020 x26:1c0009b7  PA:1c0009b7
20430216ns          345099 1c008dec 001d0413 addi             x8, x26, 1           x8=1c0009b8 x26:1c0009b7
20430236ns          345100 1c008df0 0c050b63 beq              x10, x0, 214        x10:00000020
20430256ns          345101 1c008df2 02500793 addi             x15, x0, 37         x15=00000025
20430276ns          345102 1c008df6 fef513e3 bne              x10, x15, -26       x10:00000020 x15:00000025
20430337ns          345105 1c008ddc 017005b3 add              x11, x0, x23        x11=00000002 x23:00000002
20430357ns          345106 1c008dde 000980e7 jalr             x1, x19, 0           x1=1c008de0 x19:1c008d20
20430398ns          345108 1c008d20 f14027f3 csrrs            x15, x0, 0xf14      x15=00000007
20430418ns          345109 1c008d24 1a10f6b7 lui              x13, 0x1a10f000     x13=1a10f000
20430438ns          345110 1c008d28 ca5797b3 p.extractu       x15, x15, 5, 5      x15=00000000 x15:00000007
20430459ns          345111 1c008d2c f1402773 csrrs            x14, x0, 0xf14      x14=00000007
20430479ns          345112 1c008d30 00779793 slli             x15, x15, 0x7       x15=00000000 x15:00000000
20430499ns          345113 1c008d32 00371713 slli             x14, x14, 0x3       x14=00000038 x14:00000007
20430519ns          345114 1c008d34 0ff57513 andi             x10, x10, 255       x10=00000020 x10:00000020
20430540ns          345115 1c008d38 ee873733 p.bclr           x14, x14, 23, 8     x14=00000038 x14:00000038
20430560ns          345116 1c008d3c 00d787b3 add              x15, x15, x13       x15=1a10f000 x15:00000000 x13:1a10f000
20430580ns          345117 1c008d3e 00a767a3 p.sw             x10, x0(x14)        x10:00000020 x14:00000038  PA:1a10f038
20430904ns          345133 1c008d42 00000513 addi             x10, x0, 0          x10=00000000
20430924ns          345134 1c008d44 00008067 jalr             x0, x1, 0            x1:1c008de0
20430965ns          345136 1c008de0 15f52063 p.beqimm         x10, 320            x10:00000000
20430985ns          345137 1c008de4 001a8a93 addi             x21, x21, 1         x21=0000000b x21:0000000a
20431005ns          345138 1c008de6 00800d33 add              x26, x0, x8         x26=1c0009b8  x8:1c0009b8
20431025ns          345139 1c008de8 000d4503 lbu              x10, 0(x26)         x10=00000025 x26:1c0009b8  PA:1c0009b8
20431329ns          345154 1c008dec 001d0413 addi             x8, x26, 1           x8=1c0009b9 x26:1c0009b8
20431349ns          345155 1c008df0 0c050b63 beq              x10, x0, 214        x10:00000025
20431369ns          345156 1c008df2 02500793 addi             x15, x0, 37         x15=00000025
20431390ns          345157 1c008df6 fef513e3 bne              x10, x15, -26       x10:00000025 x15:00000025
20431410ns          345158 1c008dfa 00012a23 sw               x0, 20(x2)           x2:10002368  PA:1000237c
20431430ns          345159 1c008dfc 00012823 sw               x0, 16(x2)           x2:10002368  PA:10002378
20431450ns          345160 1c008dfe 00012623 sw               x0, 12(x2)           x2:10002368  PA:10002374
20431471ns          345161 1c008e00 00012423 sw               x0, 8(x2)            x2:10002368  PA:10002370
20431491ns          345162 1c008e02 00012223 sw               x0, 4(x2)            x2:10002368  PA:1000236c
20431511ns          345163 1c008e04 02300493 addi             x9, x0, 35           x9=00000023
20431531ns          345164 1c008e08 02d00b13 addi             x22, x0, 45         x22=0000002d
20431552ns          345165 1c008e0c 00044c83 lbu              x25, 0(x8)          x25=00000064  x8:1c0009b9  PA:1c0009b9
20431875ns          345181 1c008e10 00140913 addi             x18, x8, 1          x18=1c0009ba  x8:1c0009b9
20431896ns          345182 1c008e14 019005b3 add              x11, x0, x25        x11=00000064 x25:00000064
20431916ns          345183 1c008e16 9d0c0513 addi             x10, x24, -1584     x10=1c0009d0 x24:1c001000
20431936ns          345184 1c008e1a 01200d33 add              x26, x0, x18        x26=1c0009ba x18:1c0009ba
20431956ns          345185 1c008e1c 01900db3 add              x27, x0, x25        x27=00000064 x25:00000064
20431977ns          345186 1c008e1e e89ff0ef jal              x1, -376             x1=1c008e20
20432138ns          345194 1c008ca6 00054783 lbu              x15, 0(x10)         x15=0000002d x10:1c0009d0  PA:1c0009d0
20432442ns          345209 1c008caa 0ff5f593 andi             x11, x11, 255       x11=00000064 x11:00000064
20432462ns          345210 1c008cae 00b78c63 beq              x15, x11, 24        x15:0000002d x11:00000064
20432483ns          345211 1c008cb2 00078b63 beq              x15, x0, 22         x15:0000002d
20432503ns          345212 1c008cb4 00150793 addi             x15, x10, 1         x15=1c0009d1 x10:1c0009d0
20432523ns          345213 1c008cb8 0040006f jal              x0, 4              
20432624ns          345218 1c008cbc 00f00533 add              x10, x0, x15        x10=1c0009d1 x15:1c0009d1
20432644ns          345219 1c008cbe 0017c70b p.lbu            x14, 1(x15!)        x14=0000002b x15=1c0009d2 x15:1c0009d1  PA:1c0009d1
20432989ns          345236 1c008cc2 feb71ce3 bne              x14, x11, -8        x14:0000002b x11:00000064
20433049ns          345239 1c008cba 00070763 beq              x14, x0, 14         x14:0000002b
20433070ns          345240 1c008cbc 00f00533 add              x10, x0, x15        x10=1c0009d2 x15:1c0009d2
20433090ns          345241 1c008cbe 0017c70b p.lbu            x14, 1(x15!)        x14=00000020 x15=1c0009d3 x15:1c0009d2  PA:1c0009d2
20433414ns          345257 1c008cc2 feb71ce3 bne              x14, x11, -8        x14:00000020 x11:00000064
20433474ns          345260 1c008cba 00070763 beq              x14, x0, 14         x14:00000020
20433495ns          345261 1c008cbc 00f00533 add              x10, x0, x15        x10=1c0009d3 x15:1c0009d3
20433515ns          345262 1c008cbe 0017c70b p.lbu            x14, 1(x15!)        x14=00000023 x15=1c0009d4 x15:1c0009d3  PA:1c0009d3
20433839ns          345278 1c008cc2 feb71ce3 bne              x14, x11, -8        x14:00000023 x11:00000064
20433899ns          345281 1c008cba 00070763 beq              x14, x0, 14         x14:00000023
20433920ns          345282 1c008cbc 00f00533 add              x10, x0, x15        x10=1c0009d4 x15:1c0009d4
20433940ns          345283 1c008cbe 0017c70b p.lbu            x14, 1(x15!)        x14=00000030 x15=1c0009d5 x15:1c0009d4  PA:1c0009d4
20434264ns          345299 1c008cc2 feb71ce3 bne              x14, x11, -8        x14:00000030 x11:00000064
20434324ns          345302 1c008cba 00070763 beq              x14, x0, 14         x14:00000030
20434345ns          345303 1c008cbc 00f00533 add              x10, x0, x15        x10=1c0009d5 x15:1c0009d5
20434365ns          345304 1c008cbe 0017c70b p.lbu            x14, 1(x15!)        x14=00000000 x15=1c0009d6 x15:1c0009d5  PA:1c0009d5
20434689ns          345320 1c008cc2 feb71ce3 bne              x14, x11, -8        x14:00000000 x11:00000064
20434749ns          345323 1c008cba 00070763 beq              x14, x0, 14         x14:00000000
20434810ns          345326 1c008cc8 0015b593 sltiu            x11, x11, 1         x11=00000000 x11:00000064
20434830ns          345327 1c008ccc 40b005b3 sub              x11, x0, x11        x11=00000000 x11:00000000
20434851ns          345328 1c008cd0 00b57533 and              x10, x10, x11       x10=00000000 x10:1c0009d5 x11:00000000
20434871ns          345329 1c008cd2 00008067 jalr             x0, x1, 0            x1:1c008e20
20434911ns          345331 1c008e20 02050b63 beq              x10, x0, 54         x10:00000000
20435397ns          345355 1c008e56 02a00693 addi             x13, x0, 42         x13=0000002a
20435417ns          345356 1c008e5a 2edc8263 beq              x25, x13, 740       x25:00000064 x13:0000002a
20435478ns          345359 1c008e5e fd0c8693 addi             x13, x25, -48       x13=00000034 x25:00000064
20435498ns          345360 1c008e62 00900593 addi             x11, x0, 9          x11=00000009
20435519ns          345361 1c008e64 00000b13 addi             x22, x0, 0          x22=00000000
20435539ns          345362 1c008e66 0cd5fd63 bgeu             x11, x13, 218       x11:00000009 x13:00000034
20435559ns          345363 1c008e6a 02e00793 addi             x15, x0, 46         x15=0000002e
20435620ns          345366 1c008e6e 28fd8663 beq              x27, x15, 652       x27:00000064 x15:0000002e
20435640ns          345367 1c008e72 01b00433 add              x8, x0, x27          x8=00000064 x27:00000064
20435660ns          345368 1c008e74 fff00493 addi             x9, x0, -1           x9=ffffffff
20435680ns          345369 1c008e76 1c001737 lui              x14, 0x1c001000     x14=1c001000
20435701ns          345370 1c008e7a 01b005b3 add              x11, x0, x27        x11=00000064 x27:00000064
20435721ns          345371 1c008e7c 9d870513 addi             x10, x14, -1576     x10=1c0009d8 x14:1c001000
20435761ns          345373 1c008e80 e27ff0ef jal              x1, -474             x1=1c008e82
20435822ns          345376 1c008ca6 00054783 lbu              x15, 0(x10)         x15=00000068 x10:1c0009d8  PA:1c0009d8
20436126ns          345391 1c008caa 0ff5f593 andi             x11, x11, 255       x11=00000064 x11:00000064
20436146ns          345392 1c008cae 00b78c63 beq              x15, x11, 24        x15:00000068 x11:00000064
20436166ns          345393 1c008cb2 00078b63 beq              x15, x0, 22         x15:00000068
20436186ns          345394 1c008cb4 00150793 addi             x15, x10, 1         x15=1c0009d9 x10:1c0009d8
20436207ns          345395 1c008cb8 0040006f jal              x0, 4              
20436247ns          345397 1c008cbc 00f00533 add              x10, x0, x15        x10=1c0009d9 x15:1c0009d9
20436267ns          345398 1c008cbe 0017c70b p.lbu            x14, 1(x15!)        x14=0000006c x15=1c0009da x15:1c0009d9  PA:1c0009d9
20436591ns          345414 1c008cc2 feb71ce3 bne              x14, x11, -8        x14:0000006c x11:00000064
20436652ns          345417 1c008cba 00070763 beq              x14, x0, 14         x14:0000006c
20436672ns          345418 1c008cbc 00f00533 add              x10, x0, x15        x10=1c0009da x15:1c0009da
20436692ns          345419 1c008cbe 0017c70b p.lbu            x14, 1(x15!)        x14=0000007a x15=1c0009db x15:1c0009da  PA:1c0009da
20437016ns          345435 1c008cc2 feb71ce3 bne              x14, x11, -8        x14:0000007a x11:00000064
20437077ns          345438 1c008cba 00070763 beq              x14, x0, 14         x14:0000007a
20437097ns          345439 1c008cbc 00f00533 add              x10, x0, x15        x10=1c0009db x15:1c0009db
20437118ns          345440 1c008cbe 0017c70b p.lbu            x14, 1(x15!)        x14=00000000 x15=1c0009dc x15:1c0009db  PA:1c0009db
20437441ns          345456 1c008cc2 feb71ce3 bne              x14, x11, -8        x14:00000000 x11:00000064
20437502ns          345459 1c008cba 00070763 beq              x14, x0, 14         x14:00000000
20437563ns          345462 1c008cc8 0015b593 sltiu            x11, x11, 1         x11=00000000 x11:00000064
20437583ns          345463 1c008ccc 40b005b3 sub              x11, x0, x11        x11=00000000 x11:00000000
20437603ns          345464 1c008cd0 00b57533 and              x10, x10, x11       x10=00000000 x10:1c0009db x11:00000000
20437624ns          345465 1c008cd2 00008067 jalr             x0, x1, 0            x1:1c008e82
20437664ns          345467 1c008e82 00000793 addi             x15, x0, 0          x15=00000000
20437684ns          345468 1c008e84 00050f63 beq              x10, x0, 30         x10:00000000
20437826ns          345475 1c008ea2 06700693 addi             x13, x0, 103        x13=00000067
20437846ns          345476 1c008ea6 0bb6ee63 bltu             x13, x27, 188       x13:00000067 x27:00000064
20437866ns          345477 1c008eaa 06500693 addi             x13, x0, 101        x13=00000065
20437927ns          345480 1c008eae 3addf2e3 bgeu             x27, x13, 2980      x27:00000064 x13:00000065
20437968ns          345482 1c008eb2 04700693 addi             x13, x0, 71         x13=00000047
20437988ns          345483 1c008eb6 39b6ed63 bltu             x13, x27, 922       x13:00000047 x27:00000064
20438150ns          345491 1c009250 06300693 addi             x13, x0, 99         x13=00000063
20438190ns          345493 1c009254 70dd8c63 beq              x27, x13, 1816      x27:00000064 x13:00000063
20438210ns          345494 1c009258 d3b6e5e3 bltu             x13, x27, -726      x13:00000063 x27:00000064
20438413ns          345504 1c008f82 06c00693 addi             x13, x0, 108        x13=0000006c
20438433ns          345505 1c008f86 00d78a63 beq              x15, x13, 20        x15:00000000 x13:0000006c
20438453ns          345506 1c008f8a 07a00693 addi             x13, x0, 122        x13=0000007a
20438514ns          345509 1c008f8e 00d78663 beq              x15, x13, 12        x15:00000000 x13:0000007a
20438555ns          345511 1c008f92 04c00693 addi             x13, x0, 76         x13=0000004c
20438575ns          345512 1c008f96 5ed78de3 beq              x15, x13, 3578      x15:00000000 x13:0000004c
20438595ns          345513 1c008f9a 000a2783 lw               x15, 0(x20)         x15=00000002 x20:10002410  PA:10002410
20438615ns          345514 1c008f9e 004a0a13 addi             x20, x20, 4         x20=10002414 x20:10002410
20438656ns          345516 1c008fa0 41f7d713 srai             x14, x15, 0x41f     x14=00000000 x15:00000002
20438696ns          345518 1c008fa4 01412e23 sw               x20, 28(x2)         x20:10002414  x2:10002368  PA:10002384
20438716ns          345519 1c008fa6 00e12223 sw               x14, 4(x2)          x14:00000000  x2:10002368  PA:1000236c
20438737ns          345520 1c008fa8 4e0741e3 blt              x14, x0, 3298       x14:00000000
20438757ns          345521 1c008fac 00c12703 lw               x14, 12(x2)         x14=00000000  x2:10002368  PA:10002374
20438797ns          345523 1c008fae 440709e3 beq              x14, x0, 3154       x14:00000000
20438899ns          345528 1c009c00 01012703 lw               x14, 16(x2)         x14=00000000  x2:10002368  PA:10002378
20438939ns          345530 1c009c02 22070063 beq              x14, x0, 544        x14:00000000
20439040ns          345535 1c009e22 00412c83 lw               x25, 4(x2)          x25=00000000  x2:10002368  PA:1000236c
20439081ns          345537 1c009e24 02410a13 addi             x20, x2, 36         x20=1000238c  x2:10002368
20439101ns          345538 1c009e28 998ff06f jal              x0, -3688          
20439182ns          345542 1c008fc0 00f00433 add              x8, x0, x15          x8=00000002 x15:00000002
20439202ns          345543 1c008fc2 01400db3 add              x27, x0, x20        x27=1000238c x20:1000238c
20439222ns          345544 1c008fc4 0040006f jal              x0, 4              
20439263ns          345546 1c008fc8 00a00613 addi             x12, x0, 10         x12=0000000a
20439283ns          345547 1c008fca 00000693 addi             x13, x0, 0          x13=00000000
20439303ns          345548 1c008fcc 00800533 add              x10, x0, x8         x10=00000002  x8:00000002
20439324ns          345549 1c008fce 019005b3 add              x11, x0, x25        x11=00000000 x25:00000000
20439344ns          345550 1c008fd0 c2aff0ef jal              x1, -3030            x1=1c008fd4
20439425ns          345554 1c0083fa 00c008b3 add              x17, x0, x12        x17=0000000a x12:0000000a
20439465ns          345556 1c0083fc 00d00733 add              x14, x0, x13        x14=00000000 x13:00000000
20439486ns          345557 1c0083fe 00a007b3 add              x15, x0, x10        x15=00000002 x10:00000002
20439526ns          345559 1c008400 00b00833 add              x16, x0, x11        x16=00000000 x11:00000000
20439567ns          345561 1c008402 1c069863 bne              x13, x0, 464        x13:00000000
20439587ns          345562 1c008406 1c0016b7 lui              x13, 0x1c001000     x13=1c001000
20439607ns          345563 1c00840a 86868693 addi             x13, x13, -1944     x13=1c000868 x13:1c001000
20439668ns          345566 1c00840e 0ac5f863 bgeu             x11, x12, 176       x11:00000000 x12:0000000a
20439688ns          345567 1c008412 00010337 lui              x6, 0x10000          x6=00010000
20439708ns          345568 1c008414 08667e63 bgeu             x12, x6, 156        x12:0000000a  x6:00010000
20439728ns          345569 1c008418 0ff00313 addi             x6, x0, 255          x6=000000ff
20439749ns          345570 1c00841c 00c37363 bgeu             x6, x12, 6           x6:000000ff x12:0000000a
20439870ns          345576 1c008422 00e65333 srl              x6, x12, x14         x6=0000000a x12:0000000a x14:00000000
20439890ns          345577 1c008426 006686b3 add              x13, x13, x6        x13=1c000872 x13:1c000868  x6:0000000a
20439911ns          345578 1c008428 0006ce03 lbu              x28, 0(x13)         x28=00000004 x13:1c000872  PA:1c000872
20440214ns          345593 1c00842c 02000313 addi             x6, x0, 32           x6=00000020
20440234ns          345594 1c008430 00ee0e33 add              x28, x28, x14       x28=00000004 x28:00000004 x14:00000000
20440255ns          345595 1c008432 41c30333 sub              x6, x6, x28          x6=0000001c  x6:00000020 x28:00000004
20440275ns          345596 1c008436 00030c63 beq              x6, x0, 24           x6:0000001c
20440295ns          345597 1c00843a 006595b3 sll              x11, x11, x6        x11=00000000 x11:00000000  x6:0000001c
20440356ns          345600 1c00843e 01c55e33 srl              x28, x10, x28       x28=00000000 x10:00000002 x28:00000004
20440396ns          345602 1c008442 006618b3 sll              x17, x12, x6        x17=a0000000 x12:0000000a  x6:0000001c
20440417ns          345603 1c008446 00be6833 or               x16, x28, x11       x16=00000000 x28:00000000 x11:00000000
20440437ns          345604 1c00844a 006517b3 sll              x15, x10, x6        x15=20000000 x10:00000002  x6:0000001c
20440498ns          345607 1c00844e 0108d613 srli             x12, x17, 0x10      x12=0000a000 x17:a0000000
20440538ns          345609 1c008452 02c87733 remu             x14, x16, x12       x14=00000000 x16:00000000 x12:0000a000
20440923ns          345628 1c008456 02c85833 divu             x16, x16, x12       x16=00000000 x16:00000000 x12:0000a000
20441307ns          345647 1c00845a 01089513 slli             x10, x17, 0x10      x10=00000000 x17:a0000000
20441327ns          345648 1c00845e 01055513 srli             x10, x10, 0x10      x10=00000000 x10:00000000
20441348ns          345649 1c008460 01071713 slli             x14, x14, 0x10      x14=00000000 x14:00000000
20441368ns          345650 1c008462 0107d693 srli             x13, x15, 0x10      x13=00002000 x15:20000000
20441388ns          345651 1c008466 03050833 mul              x16, x10, x16       x16=00000000 x10:00000000 x16:00000000
20441408ns          345652 1c00846a 00e6e6b3 or               x13, x13, x14       x13=00002000 x13:00002000 x14:00000000
20441429ns          345653 1c00846c 0106f863 bgeu             x13, x16, 16        x13:00002000 x16:00000000
20441489ns          345656 1c00847c 410686b3 sub              x13, x13, x16       x13=00002000 x13:00002000 x16:00000000
20441550ns          345659 1c008480 02c6f733 remu             x14, x13, x12       x14=00002000 x13:00002000 x12:0000a000
20441955ns          345679 1c008484 02c6d6b3 divu             x13, x13, x12       x13=00000000 x13:00002000 x12:0000a000
20442339ns          345698 1c008488 01079793 slli             x15, x15, 0x10      x15=00000000 x15:20000000
20442360ns          345699 1c00848a 02d506b3 mul              x13, x10, x13       x13=00000000 x10:00000000 x13:00000000
20442380ns          345700 1c00848e 0107d793 srli             x15, x15, 0x10      x15=00000000 x15:00000000
20442400ns          345701 1c008490 01071513 slli             x10, x14, 0x10      x10=20000000 x14:00002000
20442420ns          345702 1c008494 00a7e7b3 or               x15, x15, x10       x15=20000000 x15:00000000 x10:20000000
20442441ns          345703 1c008496 00d7f863 bgeu             x15, x13, 16        x15:20000000 x13:00000000
20442886ns          345725 1c0084a6 40d787b3 sub              x15, x15, x13       x15=20000000 x15:20000000 x13:00000000
20442906ns          345726 1c0084a8 0067d533 srl              x10, x15, x6        x10=00000002 x15:20000000  x6:0000001c
20442926ns          345727 1c0084ac 00000593 addi             x11, x0, 0          x11=00000000
20442947ns          345728 1c0084ae 00008067 jalr             x0, x1, 0            x1:1c008fd4
20443028ns          345732 1c008fd4 00a00933 add              x18, x0, x10        x18=00000002 x10:00000002
20443048ns          345733 1c008fd6 019005b3 add              x11, x0, x25        x11=00000000 x25:00000000
20443068ns          345734 1c008fd8 00800533 add              x10, x0, x8         x10=00000002  x8:00000002
20443088ns          345735 1c008fda 00a00613 addi             x12, x0, 10         x12=0000000a
20443109ns          345736 1c008fdc 00000693 addi             x13, x0, 0          x13=00000000
20443149ns          345738 1c008fde 8beff0ef jal              x1, -3906            x1=1c008fe2
20443230ns          345742 1c00809c 00b007b3 add              x15, x0, x11        x15=00000000 x11:00000000
20443250ns          345743 1c00809e 00c00833 add              x16, x0, x12        x16=0000000a x12:0000000a
20443311ns          345746 1c0080a0 00d008b3 add              x17, x0, x13        x17=00000000 x13:00000000
20443331ns          345747 1c0080a2 00a00333 add              x6, x0, x10          x6=00000002 x10:00000002
20443351ns          345748 1c0080a4 20069663 bne              x13, x0, 524        x13:00000000
20443372ns          345749 1c0080a8 1c001737 lui              x14, 0x1c001000     x14=1c001000
20443392ns          345750 1c0080ac 86870713 addi             x14, x14, -1944     x14=1c000868 x14:1c001000
20443453ns          345753 1c0080b0 0ac5fe63 bgeu             x11, x12, 188       x11:00000000 x12:0000000a
20443493ns          345755 1c0080b4 000106b7 lui              x13, 0x10000        x13=00010000
20443513ns          345756 1c0080b6 0ad67463 bgeu             x12, x13, 168       x12:0000000a x13:00010000
20443534ns          345757 1c0080ba 0ff00693 addi             x13, x0, 255        x13=000000ff
20443594ns          345760 1c0080be 00c6b6b3 sltu             x13, x13, x12       x13=00000000 x13:000000ff x12:0000000a
20443615ns          345761 1c0080c2 00369693 slli             x13, x13, 0x3       x13=00000000 x13:00000000
20443635ns          345762 1c0080c4 00d658b3 srl              x17, x12, x13       x17=0000000a x12:0000000a x13:00000000
20443655ns          345763 1c0080c8 01170733 add              x14, x14, x17       x14=1c000872 x14:1c000868 x17:0000000a
20443675ns          345764 1c0080ca 00074703 lbu              x14, 0(x14)         x14=00000004 x14:1c000872  PA:1c000872
20443999ns          345780 1c0080ce 00e686b3 add              x13, x13, x14       x13=00000004 x13:00000000 x14:00000004
20444019ns          345781 1c0080d0 02000713 addi             x14, x0, 32         x14=00000020
20444040ns          345782 1c0080d4 40d70733 sub              x14, x14, x13       x14=0000001c x14:00000020 x13:00000004
20444060ns          345783 1c0080d6 00070b63 beq              x14, x0, 22         x14:0000001c
20444080ns          345784 1c0080d8 00e797b3 sll              x15, x15, x14       x15=00000000 x15:00000000 x14:0000001c
20444100ns          345785 1c0080dc 00d556b3 srl              x13, x10, x13       x13=00000000 x10:00000002 x13:00000004
20444141ns          345787 1c0080e0 00e61833 sll              x16, x12, x14       x16=a0000000 x12:0000000a x14:0000001c
20444181ns          345789 1c0080e4 00f6e5b3 or               x11, x13, x15       x11=00000000 x13:00000000 x15:00000000
20444202ns          345790 1c0080e8 00e51333 sll              x6, x10, x14         x6=20000000 x10:00000002 x14:0000001c
20444222ns          345791 1c0080ec 01085513 srli             x10, x16, 0x10      x10=0000a000 x16:a0000000
20444282ns          345794 1c0080f0 02a5f733 remu             x14, x11, x10       x14=00000000 x11:00000000 x10:0000a000
20444687ns          345814 1c0080f4 02a5d7b3 divu             x15, x11, x10       x15=00000000 x11:00000000 x10:0000a000
20445072ns          345833 1c0080f8 01081613 slli             x12, x16, 0x10      x12=00000000 x16:a0000000
20445092ns          345834 1c0080fc 01071713 slli             x14, x14, 0x10      x14=00000000 x14:00000000
20445112ns          345835 1c0080fe 01065613 srli             x12, x12, 0x10      x12=00000000 x12:00000000
20445133ns          345836 1c008100 01035693 srli             x13, x6, 0x10       x13=00002000  x6:20000000
20445153ns          345837 1c008104 00e6e6b3 or               x13, x13, x14       x13=00002000 x13:00002000 x14:00000000
20445173ns          345838 1c008106 02f605b3 mul              x11, x12, x15       x11=00000000 x12:00000000 x15:00000000
20445193ns          345839 1c00810a 00f00733 add              x14, x0, x15        x14=00000000 x15:00000000
20445214ns          345840 1c00810c 00b6fc63 bgeu             x13, x11, 24        x13:00002000 x11:00000000
20445659ns          345862 1c008124 40b686b3 sub              x13, x13, x11       x13=00002000 x13:00002000 x11:00000000
20445699ns          345864 1c008126 02a6f7b3 remu             x15, x13, x10       x15=00002000 x13:00002000 x10:0000a000
20446084ns          345883 1c00812a 02a6d6b3 divu             x13, x13, x10       x13=00000000 x13:00002000 x10:0000a000
20446468ns          345902 1c00812e 01031313 slli             x6, x6, 0x10         x6=00000000  x6:20000000
20446489ns          345903 1c008130 01079793 slli             x15, x15, 0x10      x15=20000000 x15:00002000
20446509ns          345904 1c008132 01035313 srli             x6, x6, 0x10         x6=00000000  x6:00000000
20446529ns          345905 1c008136 02d605b3 mul              x11, x12, x13       x11=00000000 x12:00000000 x13:00000000
20446549ns          345906 1c00813a 0067e333 or               x6, x15, x6          x6=20000000 x15:20000000  x6:00000000
20446570ns          345907 1c00813e 00d00533 add              x10, x0, x13        x10=00000000 x13:00000000
20446610ns          345909 1c008140 00b37b63 bgeu             x6, x11, 22          x6:20000000 x11:00000000
20446711ns          345914 1c008156 01071713 slli             x14, x14, 0x10      x14=00000000 x14:00000000
20446752ns          345916 1c008158 00a76733 or               x14, x14, x10       x14=00000000 x14:00000000 x10:00000000
20446772ns          345917 1c00815a 00000593 addi             x11, x0, 0          x11=00000000
20446792ns          345918 1c00815c 0b20006f jal              x0, 178            
20446914ns          345924 1c00820e 00e00533 add              x10, x0, x14        x10=00000000 x14:00000000
20446954ns          345926 1c008210 00008067 jalr             x0, x1, 0            x1:1c008fe2
20447015ns          345929 1c008fe2 03090913 addi             x18, x18, 48        x18=00000032 x18:00000002
20447035ns          345930 1c008fe6 012d8023 sb               x18, 0(x27)         x18:00000032 x27:1000238c  PA:1000238c
20447055ns          345931 1c008fea 00a5e7b3 or               x15, x11, x10       x15=00000000 x11:00000000 x10:00000000
20447116ns          345934 1c008fee 001d8913 addi             x18, x27, 1         x18=1000238d x27:1000238c
20447136ns          345935 1c008ff2 00a00433 add              x8, x0, x10          x8=00000000 x10:00000000
20447157ns          345936 1c008ff4 00b00cb3 add              x25, x0, x11        x25=00000000 x11:00000000
20447177ns          345937 1c008ff6 fc0798e3 bne              x15, x0, -48        x15:00000000
20447197ns          345938 1c008ff8 00090023 sb               x0, 0(x18)          x18:1000238d  PA:1000238d
20447217ns          345939 1c008ffc 01ba7d63 bgeu             x20, x27, 26        x20:1000238c x27:1000238c
20447339ns          345945 1c009016 00012783 lw               x15, 0(x2)          x15=1000238c  x2:10002368  PA:10002368
20447379ns          345947 1c009018 00c12703 lw               x14, 12(x2)         x14=00000000  x2:10002368  PA:10002374
20447399ns          345948 1c00901a 40f90933 sub              x18, x18, x15       x18=00000001 x18:1000238d x15:1000238c
20447460ns          345951 1c00901e 3c071de3 bne              x14, x0, 3034       x14:00000000
20447480ns          345952 1c009022 01012783 lw               x15, 16(x2)         x15=00000000  x2:10002368  PA:10002378
20447521ns          345954 1c009024 3c079ae3 bne              x15, x0, 3028       x15:00000000
20447541ns          345955 1c009028 00412703 lw               x14, 4(x2)          x14=00000000  x2:10002368  PA:1000236c
20447582ns          345957 1c00902a 01f75713 srli             x14, x14, 0x1f      x14=00000000 x14:00000000
20447602ns          345958 1c00902c 00e12223 sw               x14, 4(x2)          x14:00000000  x2:10002368  PA:1000236c
20447622ns          345959 1c00902e 3404c463 blt              x9, x0, 840          x9:ffffffff
20447723ns          345964 1c009376 00000c93 addi             x25, x0, 0          x25=00000000
20447764ns          345966 1c009378 00012c23 sw               x0, 24(x2)           x2:10002368  PA:10002380
20447784ns          345967 1c00937a 00000a13 addi             x20, x0, 0          x20=00000000
20447804ns          345968 1c00937c 01412783 lw               x15, 20(x2)         x15=00000000  x2:10002368  PA:1000237c
20447845ns          345970 1c00937e 5e078163 beq              x15, x0, 1506       x15:00000000
20447946ns          345975 1c009960 412b0b33 sub              x22, x22, x18       x22=ffffffff x22:00000000 x18:00000001
20447986ns          345977 1c009964 02410413 addi             x8, x2, 36           x8=1000238c  x2:10002368
20448007ns          345978 1c009966 00000493 addi             x9, x0, 0            x9=00000000
20448027ns          345979 1c009968 ee6ff06f jal              x0, -2330          
20448169ns          345986 1c00904e 00812703 lw               x14, 8(x2)          x14=00000000  x2:10002368  PA:10002370
20448250ns          345990 1c009050 02071063 bne              x14, x0, 32         x14:00000000
20448290ns          345992 1c009052 01605f63 bge              x0, x22, 30         x22:ffffffff
20448391ns          345997 1c009070 00412783 lw               x15, 4(x2)          x15=00000000  x2:10002368  PA:1000236c
20448432ns          345999 1c009072 00f40db3 add              x27, x8, x15        x27=1000238c  x8:1000238c x15:00000000
20448452ns          346000 1c009076 00c0006f jal              x0, 12             
20448533ns          346004 1c009082 017005b3 add              x11, x0, x23        x11=00000002 x23:00000002
20448573ns          346006 1c009084 ffb41ae3 bne              x8, x27, -12         x8:1000238c x27:1000238c
20448594ns          346007 1c009088 00900db3 add              x27, x0, x9         x27=00000000  x9:00000000
20448614ns          346008 1c00908a 0080006f jal              x0, 8              
20448715ns          346013 1c009092 fffd8d93 addi             x27, x27, -1        x27=ffffffff x27:00000000
20448735ns          346014 1c009094 017005b3 add              x11, x0, x23        x11=00000002 x23:00000002
20448756ns          346015 1c009096 03000513 addi             x10, x0, 48         x10=00000030
20448776ns          346016 1c00909a fffdb9e3 p.bneimm         x27, -14            x27:ffffffff
20448796ns          346017 1c00909e 00412703 lw               x14, 4(x2)          x14=00000000  x2:10002368  PA:1000236c
20448836ns          346019 1c0090a0 40e90933 sub              x18, x18, x14       x18=00000001 x18:00000001 x14:00000000
20448877ns          346021 1c0090a4 01212423 sw               x18, 8(x2)          x18:00000001  x2:10002368  PA:10002370
20448897ns          346022 1c0090a6 e40a15e3 bne              x20, x0, -438       x20:00000000
20448917ns          346023 1c0090aa 01812783 lw               x15, 24(x2)         x15=00000000  x2:10002368  PA:10002380
20448958ns          346025 1c0090ac 16079763 bne              x15, x0, 366        x15:00000000
20448978ns          346026 1c0090b0 120c8863 beq              x25, x0, 304        x25:00000000
20449079ns          346031 1c0091e0 017005b3 add              x11, x0, x23        x11=00000002 x23:00000002
20449120ns          346033 1c0091e2 ff2049e3 blt              x0, x18, -14        x18:00000001
20449221ns          346038 1c0091d4 0014450b p.lbu            x10, 1(x8!)         x10=00000032  x8=1000238d  x8:1000238c  PA:1000238c
20449262ns          346040 1c0091d8 fff90913 addi             x18, x18, -1        x18=00000000 x18:00000001
20449282ns          346041 1c0091da 000980e7 jalr             x1, x19, 0           x1=1c0091dc x19:1c008d20
20449322ns          346043 1c008d20 f14027f3 csrrs            x15, x0, 0xf14      x15=00000007
20449342ns          346044 1c008d24 1a10f6b7 lui              x13, 0x1a10f000     x13=1a10f000
20449363ns          346045 1c008d28 ca5797b3 p.extractu       x15, x15, 5, 5      x15=00000000 x15:00000007
20449383ns          346046 1c008d2c f1402773 csrrs            x14, x0, 0xf14      x14=00000007
20449444ns          346049 1c008d30 00779793 slli             x15, x15, 0x7       x15=00000000 x15:00000000
20449464ns          346050 1c008d32 00371713 slli             x14, x14, 0x3       x14=00000038 x14:00000007
20449484ns          346051 1c008d34 0ff57513 andi             x10, x10, 255       x10=00000032 x10:00000032
20449504ns          346052 1c008d38 ee873733 p.bclr           x14, x14, 23, 8     x14=00000038 x14:00000038
20449525ns          346053 1c008d3c 00d787b3 add              x15, x15, x13       x15=1a10f000 x15:00000000 x13:1a10f000
20449545ns          346054 1c008d3e 00a767a3 p.sw             x10, x0(x14)        x10:00000032 x14:00000038  PA:1a10f038
20449869ns          346070 1c008d42 00000513 addi             x10, x0, 0          x10=00000000
20449889ns          346071 1c008d44 00008067 jalr             x0, x1, 0            x1:1c0091dc
20449929ns          346073 1c0091dc d5f522e3 p.beqimm         x10, -700           x10:00000000
20449950ns          346074 1c0091e0 017005b3 add              x11, x0, x23        x11=00000002 x23:00000002
20449970ns          346075 1c0091e2 ff2049e3 blt              x0, x18, -14        x18:00000000
20449990ns          346076 1c0091e6 00412783 lw               x15, 4(x2)          x15=00000000  x2:10002368  PA:1000236c
20450010ns          346077 1c0091e8 01c12a03 lw               x20, 28(x2)         x20=10002414  x2:10002368  PA:10002384
20450031ns          346078 1c0091ea 00fa8733 add              x14, x21, x15       x14=0000000b x21:0000000b x15:00000000
20450051ns          346079 1c0091ee 00812783 lw               x15, 8(x2)          x15=00000001  x2:10002368  PA:10002370
20450071ns          346080 1c0091f0 00970733 add              x14, x14, x9        x14=0000000b x14:0000000b  x9:00000000
20450091ns          346081 1c0091f2 00e78ab3 add              x21, x15, x14       x21=0000000c x15:00000001 x14:0000000b
20450112ns          346082 1c0091f6 bf6059e3 bge              x0, x22, -1038      x22:ffffffff
20450274ns          346090 1c008de8 000d4503 lbu              x10, 0(x26)         x10=0000003a x26:1c0009ba  PA:1c0009ba
20450597ns          346106 1c008dec 001d0413 addi             x8, x26, 1           x8=1c0009bb x26:1c0009ba
20450618ns          346107 1c008df0 0c050b63 beq              x10, x0, 214        x10:0000003a
20450638ns          346108 1c008df2 02500793 addi             x15, x0, 37         x15=00000025
20450658ns          346109 1c008df6 fef513e3 bne              x10, x15, -26       x10:0000003a x15:00000025
20450820ns          346117 1c008ddc 017005b3 add              x11, x0, x23        x11=00000002 x23:00000002
20450840ns          346118 1c008dde 000980e7 jalr             x1, x19, 0           x1=1c008de0 x19:1c008d20
20450881ns          346120 1c008d20 f14027f3 csrrs            x15, x0, 0xf14      x15=00000007
20450901ns          346121 1c008d24 1a10f6b7 lui              x13, 0x1a10f000     x13=1a10f000
20450921ns          346122 1c008d28 ca5797b3 p.extractu       x15, x15, 5, 5      x15=00000000 x15:00000007
20450941ns          346123 1c008d2c f1402773 csrrs            x14, x0, 0xf14      x14=00000007
20450962ns          346124 1c008d30 00779793 slli             x15, x15, 0x7       x15=00000000 x15:00000000
20450982ns          346125 1c008d32 00371713 slli             x14, x14, 0x3       x14=00000038 x14:00000007
20451002ns          346126 1c008d34 0ff57513 andi             x10, x10, 255       x10=0000003a x10:0000003a
20451022ns          346127 1c008d38 ee873733 p.bclr           x14, x14, 23, 8     x14=00000038 x14:00000038
20451043ns          346128 1c008d3c 00d787b3 add              x15, x15, x13       x15=1a10f000 x15:00000000 x13:1a10f000
20451063ns          346129 1c008d3e 00a767a3 p.sw             x10, x0(x14)        x10:0000003a x14:00000038  PA:1a10f038
20451387ns          346145 1c008d42 00000513 addi             x10, x0, 0          x10=00000000
20451407ns          346146 1c008d44 00008067 jalr             x0, x1, 0            x1:1c008de0
20451447ns          346148 1c008de0 15f52063 p.beqimm         x10, 320            x10:00000000
20451468ns          346149 1c008de4 001a8a93 addi             x21, x21, 1         x21=0000000d x21:0000000c
20451488ns          346150 1c008de6 00800d33 add              x26, x0, x8         x26=1c0009bb  x8:1c0009bb
20451508ns          346151 1c008de8 000d4503 lbu              x10, 0(x26)         x10=00000020 x26:1c0009bb  PA:1c0009bb
20451792ns          346165 1c008dec 001d0413 addi             x8, x26, 1           x8=1c0009bc x26:1c0009bb
20451812ns          346166 1c008df0 0c050b63 beq              x10, x0, 214        x10:00000020
20451832ns          346167 1c008df2 02500793 addi             x15, x0, 37         x15=00000025
20451852ns          346168 1c008df6 fef513e3 bne              x10, x15, -26       x10:00000020 x15:00000025
20451913ns          346171 1c008ddc 017005b3 add              x11, x0, x23        x11=00000002 x23:00000002
20451933ns          346172 1c008dde 000980e7 jalr             x1, x19, 0           x1=1c008de0 x19:1c008d20
20451974ns          346174 1c008d20 f14027f3 csrrs            x15, x0, 0xf14      x15=00000007
20451994ns          346175 1c008d24 1a10f6b7 lui              x13, 0x1a10f000     x13=1a10f000
20452014ns          346176 1c008d28 ca5797b3 p.extractu       x15, x15, 5, 5      x15=00000000 x15:00000007
20452034ns          346177 1c008d2c f1402773 csrrs            x14, x0, 0xf14      x14=00000007
20452055ns          346178 1c008d30 00779793 slli             x15, x15, 0x7       x15=00000000 x15:00000000
20452075ns          346179 1c008d32 00371713 slli             x14, x14, 0x3       x14=00000038 x14:00000007
20452095ns          346180 1c008d34 0ff57513 andi             x10, x10, 255       x10=00000020 x10:00000020
20452115ns          346181 1c008d38 ee873733 p.bclr           x14, x14, 23, 8     x14=00000038 x14:00000038
20452136ns          346182 1c008d3c 00d787b3 add              x15, x15, x13       x15=1a10f000 x15:00000000 x13:1a10f000
20452156ns          346183 1c008d3e 00a767a3 p.sw             x10, x0(x14)        x10:00000020 x14:00000038  PA:1a10f038
20452500ns          346200 1c008d42 00000513 addi             x10, x0, 0          x10=00000000
20452520ns          346201 1c008d44 00008067 jalr             x0, x1, 0            x1:1c008de0
20452561ns          346203 1c008de0 15f52063 p.beqimm         x10, 320            x10:00000000
20452581ns          346204 1c008de4 001a8a93 addi             x21, x21, 1         x21=0000000e x21:0000000d
20452601ns          346205 1c008de6 00800d33 add              x26, x0, x8         x26=1c0009bc  x8:1c0009bc
20452621ns          346206 1c008de8 000d4503 lbu              x10, 0(x26)         x10=00000054 x26:1c0009bc  PA:1c0009bc
20452925ns          346221 1c008dec 001d0413 addi             x8, x26, 1           x8=1c0009bd x26:1c0009bc
20452945ns          346222 1c008df0 0c050b63 beq              x10, x0, 214        x10:00000054
20452965ns          346223 1c008df2 02500793 addi             x15, x0, 37         x15=00000025
20452986ns          346224 1c008df6 fef513e3 bne              x10, x15, -26       x10:00000054 x15:00000025
20453046ns          346227 1c008ddc 017005b3 add              x11, x0, x23        x11=00000002 x23:00000002
20453067ns          346228 1c008dde 000980e7 jalr             x1, x19, 0           x1=1c008de0 x19:1c008d20
20453107ns          346230 1c008d20 f14027f3 csrrs            x15, x0, 0xf14      x15=00000007
20453127ns          346231 1c008d24 1a10f6b7 lui              x13, 0x1a10f000     x13=1a10f000
20453148ns          346232 1c008d28 ca5797b3 p.extractu       x15, x15, 5, 5      x15=00000000 x15:00000007
20453168ns          346233 1c008d2c f1402773 csrrs            x14, x0, 0xf14      x14=00000007
20453188ns          346234 1c008d30 00779793 slli             x15, x15, 0x7       x15=00000000 x15:00000000
20453208ns          346235 1c008d32 00371713 slli             x14, x14, 0x3       x14=00000038 x14:00000007
20453229ns          346236 1c008d34 0ff57513 andi             x10, x10, 255       x10=00000054 x10:00000054
20453249ns          346237 1c008d38 ee873733 p.bclr           x14, x14, 23, 8     x14=00000038 x14:00000038
20453269ns          346238 1c008d3c 00d787b3 add              x15, x15, x13       x15=1a10f000 x15:00000000 x13:1a10f000
20453289ns          346239 1c008d3e 00a767a3 p.sw             x10, x0(x14)        x10:00000054 x14:00000038  PA:1a10f038
20453633ns          346256 1c008d42 00000513 addi             x10, x0, 0          x10=00000000
20453654ns          346257 1c008d44 00008067 jalr             x0, x1, 0            x1:1c008de0
20453694ns          346259 1c008de0 15f52063 p.beqimm         x10, 320            x10:00000000
20453714ns          346260 1c008de4 001a8a93 addi             x21, x21, 1         x21=0000000f x21:0000000e
20453735ns          346261 1c008de6 00800d33 add              x26, x0, x8         x26=1c0009bd  x8:1c0009bd
20453755ns          346262 1c008de8 000d4503 lbu              x10, 0(x26)         x10=0000006f x26:1c0009bd  PA:1c0009bd
20454058ns          346277 1c008dec 001d0413 addi             x8, x26, 1           x8=1c0009be x26:1c0009bd
20454079ns          346278 1c008df0 0c050b63 beq              x10, x0, 214        x10:0000006f
20454099ns          346279 1c008df2 02500793 addi             x15, x0, 37         x15=00000025
20454119ns          346280 1c008df6 fef513e3 bne              x10, x15, -26       x10:0000006f x15:00000025
20454180ns          346283 1c008ddc 017005b3 add              x11, x0, x23        x11=00000002 x23:00000002
20454200ns          346284 1c008dde 000980e7 jalr             x1, x19, 0           x1=1c008de0 x19:1c008d20
20454241ns          346286 1c008d20 f14027f3 csrrs            x15, x0, 0xf14      x15=00000007
20454261ns          346287 1c008d24 1a10f6b7 lui              x13, 0x1a10f000     x13=1a10f000
20454281ns          346288 1c008d28 ca5797b3 p.extractu       x15, x15, 5, 5      x15=00000000 x15:00000007
20454301ns          346289 1c008d2c f1402773 csrrs            x14, x0, 0xf14      x14=00000007
20454322ns          346290 1c008d30 00779793 slli             x15, x15, 0x7       x15=00000000 x15:00000000
20454342ns          346291 1c008d32 00371713 slli             x14, x14, 0x3       x14=00000038 x14:00000007
20454362ns          346292 1c008d34 0ff57513 andi             x10, x10, 255       x10=0000006f x10:0000006f
20454382ns          346293 1c008d38 ee873733 p.bclr           x14, x14, 23, 8     x14=00000038 x14:00000038
20454402ns          346294 1c008d3c 00d787b3 add              x15, x15, x13       x15=1a10f000 x15:00000000 x13:1a10f000
20454423ns          346295 1c008d3e 00a767a3 p.sw             x10, x0(x14)        x10:0000006f x14:00000038  PA:1a10f038
20454767ns          346312 1c008d42 00000513 addi             x10, x0, 0          x10=00000000
20454787ns          346313 1c008d44 00008067 jalr             x0, x1, 0            x1:1c008de0
20454828ns          346315 1c008de0 15f52063 p.beqimm         x10, 320            x10:00000000
20454848ns          346316 1c008de4 001a8a93 addi             x21, x21, 1         x21=00000010 x21:0000000f
20454868ns          346317 1c008de6 00800d33 add              x26, x0, x8         x26=1c0009be  x8:1c0009be
20454888ns          346318 1c008de8 000d4503 lbu              x10, 0(x26)         x10=00000074 x26:1c0009be  PA:1c0009be
20455192ns          346333 1c008dec 001d0413 addi             x8, x26, 1           x8=1c0009bf x26:1c0009be
20455212ns          346334 1c008df0 0c050b63 beq              x10, x0, 214        x10:00000074
20455232ns          346335 1c008df2 02500793 addi             x15, x0, 37         x15=00000025
20455253ns          346336 1c008df6 fef513e3 bne              x10, x15, -26       x10:00000074 x15:00000025
20455313ns          346339 1c008ddc 017005b3 add              x11, x0, x23        x11=00000002 x23:00000002
20455334ns          346340 1c008dde 000980e7 jalr             x1, x19, 0           x1=1c008de0 x19:1c008d20
20455374ns          346342 1c008d20 f14027f3 csrrs            x15, x0, 0xf14      x15=00000007
20455394ns          346343 1c008d24 1a10f6b7 lui              x13, 0x1a10f000     x13=1a10f000
20455414ns          346344 1c008d28 ca5797b3 p.extractu       x15, x15, 5, 5      x15=00000000 x15:00000007
20455435ns          346345 1c008d2c f1402773 csrrs            x14, x0, 0xf14      x14=00000007
20455455ns          346346 1c008d30 00779793 slli             x15, x15, 0x7       x15=00000000 x15:00000000
20455475ns          346347 1c008d32 00371713 slli             x14, x14, 0x3       x14=00000038 x14:00000007
20455495ns          346348 1c008d34 0ff57513 andi             x10, x10, 255       x10=00000074 x10:00000074
20455516ns          346349 1c008d38 ee873733 p.bclr           x14, x14, 23, 8     x14=00000038 x14:00000038
20455536ns          346350 1c008d3c 00d787b3 add              x15, x15, x13       x15=1a10f000 x15:00000000 x13:1a10f000
20455556ns          346351 1c008d3e 00a767a3 p.sw             x10, x0(x14)        x10:00000074 x14:00000038  PA:1a10f038
20455900ns          346368 1c008d42 00000513 addi             x10, x0, 0          x10=00000000
20455920ns          346369 1c008d44 00008067 jalr             x0, x1, 0            x1:1c008de0
20455961ns          346371 1c008de0 15f52063 p.beqimm         x10, 320            x10:00000000
20455981ns          346372 1c008de4 001a8a93 addi             x21, x21, 1         x21=00000011 x21:00000010
20456001ns          346373 1c008de6 00800d33 add              x26, x0, x8         x26=1c0009bf  x8:1c0009bf
20456022ns          346374 1c008de8 000d4503 lbu              x10, 0(x26)         x10=00000061 x26:1c0009bf  PA:1c0009bf
20456325ns          346389 1c008dec 001d0413 addi             x8, x26, 1           x8=1c0009c0 x26:1c0009bf
20456346ns          346390 1c008df0 0c050b63 beq              x10, x0, 214        x10:00000061
20456366ns          346391 1c008df2 02500793 addi             x15, x0, 37         x15=00000025
20456386ns          346392 1c008df6 fef513e3 bne              x10, x15, -26       x10:00000061 x15:00000025
20456447ns          346395 1c008ddc 017005b3 add              x11, x0, x23        x11=00000002 x23:00000002
20456467ns          346396 1c008dde 000980e7 jalr             x1, x19, 0           x1=1c008de0 x19:1c008d20
20456507ns          346398 1c008d20 f14027f3 csrrs            x15, x0, 0xf14      x15=00000007
20456528ns          346399 1c008d24 1a10f6b7 lui              x13, 0x1a10f000     x13=1a10f000
20456548ns          346400 1c008d28 ca5797b3 p.extractu       x15, x15, 5, 5      x15=00000000 x15:00000007
20456568ns          346401 1c008d2c f1402773 csrrs            x14, x0, 0xf14      x14=00000007
20456588ns          346402 1c008d30 00779793 slli             x15, x15, 0x7       x15=00000000 x15:00000000
20456609ns          346403 1c008d32 00371713 slli             x14, x14, 0x3       x14=00000038 x14:00000007
20456629ns          346404 1c008d34 0ff57513 andi             x10, x10, 255       x10=00000061 x10:00000061
20456649ns          346405 1c008d38 ee873733 p.bclr           x14, x14, 23, 8     x14=00000038 x14:00000038
20456669ns          346406 1c008d3c 00d787b3 add              x15, x15, x13       x15=1a10f000 x15:00000000 x13:1a10f000
20456690ns          346407 1c008d3e 00a767a3 p.sw             x10, x0(x14)        x10:00000061 x14:00000038  PA:1a10f038
20457034ns          346424 1c008d42 00000513 addi             x10, x0, 0          x10=00000000
20457054ns          346425 1c008d44 00008067 jalr             x0, x1, 0            x1:1c008de0
20457094ns          346427 1c008de0 15f52063 p.beqimm         x10, 320            x10:00000000
20457115ns          346428 1c008de4 001a8a93 addi             x21, x21, 1         x21=00000012 x21:00000011
20457135ns          346429 1c008de6 00800d33 add              x26, x0, x8         x26=1c0009c0  x8:1c0009c0
20457155ns          346430 1c008de8 000d4503 lbu              x10, 0(x26)         x10=0000006c x26:1c0009c0  PA:1c0009c0
20457459ns          346445 1c008dec 001d0413 addi             x8, x26, 1           x8=1c0009c1 x26:1c0009c0
20457479ns          346446 1c008df0 0c050b63 beq              x10, x0, 214        x10:0000006c
20457499ns          346447 1c008df2 02500793 addi             x15, x0, 37         x15=00000025
20457519ns          346448 1c008df6 fef513e3 bne              x10, x15, -26       x10:0000006c x15:00000025
20457580ns          346451 1c008ddc 017005b3 add              x11, x0, x23        x11=00000002 x23:00000002
20457600ns          346452 1c008dde 000980e7 jalr             x1, x19, 0           x1=1c008de0 x19:1c008d20
20457641ns          346454 1c008d20 f14027f3 csrrs            x15, x0, 0xf14      x15=00000007
20457661ns          346455 1c008d24 1a10f6b7 lui              x13, 0x1a10f000     x13=1a10f000
20457681ns          346456 1c008d28 ca5797b3 p.extractu       x15, x15, 5, 5      x15=00000000 x15:00000007
20457702ns          346457 1c008d2c f1402773 csrrs            x14, x0, 0xf14      x14=00000007
20457722ns          346458 1c008d30 00779793 slli             x15, x15, 0x7       x15=00000000 x15:00000000
20457742ns          346459 1c008d32 00371713 slli             x14, x14, 0x3       x14=00000038 x14:00000007
20457762ns          346460 1c008d34 0ff57513 andi             x10, x10, 255       x10=0000006c x10:0000006c
20457783ns          346461 1c008d38 ee873733 p.bclr           x14, x14, 23, 8     x14=00000038 x14:00000038
20457803ns          346462 1c008d3c 00d787b3 add              x15, x15, x13       x15=1a10f000 x15:00000000 x13:1a10f000
20457823ns          346463 1c008d3e 00a767a3 p.sw             x10, x0(x14)        x10:0000006c x14:00000038  PA:1a10f038
20458167ns          346480 1c008d42 00000513 addi             x10, x0, 0          x10=00000000
20458187ns          346481 1c008d44 00008067 jalr             x0, x1, 0            x1:1c008de0
20458228ns          346483 1c008de0 15f52063 p.beqimm         x10, 320            x10:00000000
20458248ns          346484 1c008de4 001a8a93 addi             x21, x21, 1         x21=00000013 x21:00000012
20458268ns          346485 1c008de6 00800d33 add              x26, x0, x8         x26=1c0009c1  x8:1c0009c1
20458289ns          346486 1c008de8 000d4503 lbu              x10, 0(x26)         x10=00000020 x26:1c0009c1  PA:1c0009c1
20458592ns          346501 1c008dec 001d0413 addi             x8, x26, 1           x8=1c0009c2 x26:1c0009c1
20458612ns          346502 1c008df0 0c050b63 beq              x10, x0, 214        x10:00000020
20458633ns          346503 1c008df2 02500793 addi             x15, x0, 37         x15=00000025
20458653ns          346504 1c008df6 fef513e3 bne              x10, x15, -26       x10:00000020 x15:00000025
20458714ns          346507 1c008ddc 017005b3 add              x11, x0, x23        x11=00000002 x23:00000002
20458734ns          346508 1c008dde 000980e7 jalr             x1, x19, 0           x1=1c008de0 x19:1c008d20
20458774ns          346510 1c008d20 f14027f3 csrrs            x15, x0, 0xf14      x15=00000007
20458795ns          346511 1c008d24 1a10f6b7 lui              x13, 0x1a10f000     x13=1a10f000
20458815ns          346512 1c008d28 ca5797b3 p.extractu       x15, x15, 5, 5      x15=00000000 x15:00000007
20458835ns          346513 1c008d2c f1402773 csrrs            x14, x0, 0xf14      x14=00000007
20458855ns          346514 1c008d30 00779793 slli             x15, x15, 0x7       x15=00000000 x15:00000000
20458876ns          346515 1c008d32 00371713 slli             x14, x14, 0x3       x14=00000038 x14:00000007
20458896ns          346516 1c008d34 0ff57513 andi             x10, x10, 255       x10=00000020 x10:00000020
20458916ns          346517 1c008d38 ee873733 p.bclr           x14, x14, 23, 8     x14=00000038 x14:00000038
20458936ns          346518 1c008d3c 00d787b3 add              x15, x15, x13       x15=1a10f000 x15:00000000 x13:1a10f000
20458956ns          346519 1c008d3e 00a767a3 p.sw             x10, x0(x14)        x10:00000020 x14:00000038  PA:1a10f038
20459301ns          346536 1c008d42 00000513 addi             x10, x0, 0          x10=00000000
20459321ns          346537 1c008d44 00008067 jalr             x0, x1, 0            x1:1c008de0
20459361ns          346539 1c008de0 15f52063 p.beqimm         x10, 320            x10:00000000
20459382ns          346540 1c008de4 001a8a93 addi             x21, x21, 1         x21=00000014 x21:00000013
20459402ns          346541 1c008de6 00800d33 add              x26, x0, x8         x26=1c0009c2  x8:1c0009c2
20459422ns          346542 1c008de8 000d4503 lbu              x10, 0(x26)         x10=00000065 x26:1c0009c2  PA:1c0009c2
20459726ns          346557 1c008dec 001d0413 addi             x8, x26, 1           x8=1c0009c3 x26:1c0009c2
20459746ns          346558 1c008df0 0c050b63 beq              x10, x0, 214        x10:00000065
20459766ns          346559 1c008df2 02500793 addi             x15, x0, 37         x15=00000025
20459786ns          346560 1c008df6 fef513e3 bne              x10, x15, -26       x10:00000065 x15:00000025
20459847ns          346563 1c008ddc 017005b3 add              x11, x0, x23        x11=00000002 x23:00000002
20459867ns          346564 1c008dde 000980e7 jalr             x1, x19, 0           x1=1c008de0 x19:1c008d20
20459908ns          346566 1c008d20 f14027f3 csrrs            x15, x0, 0xf14      x15=00000007
20459928ns          346567 1c008d24 1a10f6b7 lui              x13, 0x1a10f000     x13=1a10f000
20459948ns          346568 1c008d28 ca5797b3 p.extractu       x15, x15, 5, 5      x15=00000000 x15:00000007
20459968ns          346569 1c008d2c f1402773 csrrs            x14, x0, 0xf14      x14=00000007
20459989ns          346570 1c008d30 00779793 slli             x15, x15, 0x7       x15=00000000 x15:00000000
20460009ns          346571 1c008d32 00371713 slli             x14, x14, 0x3       x14=00000038 x14:00000007
20460029ns          346572 1c008d34 0ff57513 andi             x10, x10, 255       x10=00000065 x10:00000065
20460049ns          346573 1c008d38 ee873733 p.bclr           x14, x14, 23, 8     x14=00000038 x14:00000038
20460070ns          346574 1c008d3c 00d787b3 add              x15, x15, x13       x15=1a10f000 x15:00000000 x13:1a10f000
20460090ns          346575 1c008d3e 00a767a3 p.sw             x10, x0(x14)        x10:00000065 x14:00000038  PA:1a10f038
20460434ns          346592 1c008d42 00000513 addi             x10, x0, 0          x10=00000000
20460454ns          346593 1c008d44 00008067 jalr             x0, x1, 0            x1:1c008de0
20460495ns          346595 1c008de0 15f52063 p.beqimm         x10, 320            x10:00000000
20460515ns          346596 1c008de4 001a8a93 addi             x21, x21, 1         x21=00000015 x21:00000014
20460535ns          346597 1c008de6 00800d33 add              x26, x0, x8         x26=1c0009c3  x8:1c0009c3
20460555ns          346598 1c008de8 000d4503 lbu              x10, 0(x26)         x10=00000072 x26:1c0009c3  PA:1c0009c3
20460859ns          346613 1c008dec 001d0413 addi             x8, x26, 1           x8=1c0009c4 x26:1c0009c3
20460879ns          346614 1c008df0 0c050b63 beq              x10, x0, 214        x10:00000072
20460900ns          346615 1c008df2 02500793 addi             x15, x0, 37         x15=00000025
20460920ns          346616 1c008df6 fef513e3 bne              x10, x15, -26       x10:00000072 x15:00000025
20460980ns          346619 1c008ddc 017005b3 add              x11, x0, x23        x11=00000002 x23:00000002
20461001ns          346620 1c008dde 000980e7 jalr             x1, x19, 0           x1=1c008de0 x19:1c008d20
20461041ns          346622 1c008d20 f14027f3 csrrs            x15, x0, 0xf14      x15=00000007
20461061ns          346623 1c008d24 1a10f6b7 lui              x13, 0x1a10f000     x13=1a10f000
20461082ns          346624 1c008d28 ca5797b3 p.extractu       x15, x15, 5, 5      x15=00000000 x15:00000007
20461102ns          346625 1c008d2c f1402773 csrrs            x14, x0, 0xf14      x14=00000007
20461122ns          346626 1c008d30 00779793 slli             x15, x15, 0x7       x15=00000000 x15:00000000
20461142ns          346627 1c008d32 00371713 slli             x14, x14, 0x3       x14=00000038 x14:00000007
20461163ns          346628 1c008d34 0ff57513 andi             x10, x10, 255       x10=00000072 x10:00000072
20461183ns          346629 1c008d38 ee873733 p.bclr           x14, x14, 23, 8     x14=00000038 x14:00000038
20461203ns          346630 1c008d3c 00d787b3 add              x15, x15, x13       x15=1a10f000 x15:00000000 x13:1a10f000
20461223ns          346631 1c008d3e 00a767a3 p.sw             x10, x0(x14)        x10:00000072 x14:00000038  PA:1a10f038
20461567ns          346648 1c008d42 00000513 addi             x10, x0, 0          x10=00000000
20461588ns          346649 1c008d44 00008067 jalr             x0, x1, 0            x1:1c008de0
20461628ns          346651 1c008de0 15f52063 p.beqimm         x10, 320            x10:00000000
20461648ns          346652 1c008de4 001a8a93 addi             x21, x21, 1         x21=00000016 x21:00000015
20461669ns          346653 1c008de6 00800d33 add              x26, x0, x8         x26=1c0009c4  x8:1c0009c4
20461689ns          346654 1c008de8 000d4503 lbu              x10, 0(x26)         x10=00000072 x26:1c0009c4  PA:1c0009c4
20461992ns          346669 1c008dec 001d0413 addi             x8, x26, 1           x8=1c0009c5 x26:1c0009c4
20462013ns          346670 1c008df0 0c050b63 beq              x10, x0, 214        x10:00000072
20462033ns          346671 1c008df2 02500793 addi             x15, x0, 37         x15=00000025
20462053ns          346672 1c008df6 fef513e3 bne              x10, x15, -26       x10:00000072 x15:00000025
20462114ns          346675 1c008ddc 017005b3 add              x11, x0, x23        x11=00000002 x23:00000002
20462134ns          346676 1c008dde 000980e7 jalr             x1, x19, 0           x1=1c008de0 x19:1c008d20
20462175ns          346678 1c008d20 f14027f3 csrrs            x15, x0, 0xf14      x15=00000007
20462195ns          346679 1c008d24 1a10f6b7 lui              x13, 0x1a10f000     x13=1a10f000
20462215ns          346680 1c008d28 ca5797b3 p.extractu       x15, x15, 5, 5      x15=00000000 x15:00000007
20462235ns          346681 1c008d2c f1402773 csrrs            x14, x0, 0xf14      x14=00000007
20462256ns          346682 1c008d30 00779793 slli             x15, x15, 0x7       x15=00000000 x15:00000000
20462276ns          346683 1c008d32 00371713 slli             x14, x14, 0x3       x14=00000038 x14:00000007
20462296ns          346684 1c008d34 0ff57513 andi             x10, x10, 255       x10=00000072 x10:00000072
20462316ns          346685 1c008d38 ee873733 p.bclr           x14, x14, 23, 8     x14=00000038 x14:00000038
20462337ns          346686 1c008d3c 00d787b3 add              x15, x15, x13       x15=1a10f000 x15:00000000 x13:1a10f000
20462357ns          346687 1c008d3e 00a767a3 p.sw             x10, x0(x14)        x10:00000072 x14:00000038  PA:1a10f038
20462701ns          346704 1c008d42 00000513 addi             x10, x0, 0          x10=00000000
20462721ns          346705 1c008d44 00008067 jalr             x0, x1, 0            x1:1c008de0
20462762ns          346707 1c008de0 15f52063 p.beqimm         x10, 320            x10:00000000
20462782ns          346708 1c008de4 001a8a93 addi             x21, x21, 1         x21=00000017 x21:00000016
20462802ns          346709 1c008de6 00800d33 add              x26, x0, x8         x26=1c0009c5  x8:1c0009c5
20462822ns          346710 1c008de8 000d4503 lbu              x10, 0(x26)         x10=0000006f x26:1c0009c5  PA:1c0009c5
20463126ns          346725 1c008dec 001d0413 addi             x8, x26, 1           x8=1c0009c6 x26:1c0009c5
20463146ns          346726 1c008df0 0c050b63 beq              x10, x0, 214        x10:0000006f
20463166ns          346727 1c008df2 02500793 addi             x15, x0, 37         x15=00000025
20463187ns          346728 1c008df6 fef513e3 bne              x10, x15, -26       x10:0000006f x15:00000025
20463247ns          346731 1c008ddc 017005b3 add              x11, x0, x23        x11=00000002 x23:00000002
20463268ns          346732 1c008dde 000980e7 jalr             x1, x19, 0           x1=1c008de0 x19:1c008d20
20463308ns          346734 1c008d20 f14027f3 csrrs            x15, x0, 0xf14      x15=00000007
20463328ns          346735 1c008d24 1a10f6b7 lui              x13, 0x1a10f000     x13=1a10f000
20463349ns          346736 1c008d28 ca5797b3 p.extractu       x15, x15, 5, 5      x15=00000000 x15:00000007
20463369ns          346737 1c008d2c f1402773 csrrs            x14, x0, 0xf14      x14=00000007
20463389ns          346738 1c008d30 00779793 slli             x15, x15, 0x7       x15=00000000 x15:00000000
20463409ns          346739 1c008d32 00371713 slli             x14, x14, 0x3       x14=00000038 x14:00000007
20463430ns          346740 1c008d34 0ff57513 andi             x10, x10, 255       x10=0000006f x10:0000006f
20463450ns          346741 1c008d38 ee873733 p.bclr           x14, x14, 23, 8     x14=00000038 x14:00000038
20463470ns          346742 1c008d3c 00d787b3 add              x15, x15, x13       x15=1a10f000 x15:00000000 x13:1a10f000
20463490ns          346743 1c008d3e 00a767a3 p.sw             x10, x0(x14)        x10:0000006f x14:00000038  PA:1a10f038
20463834ns          346760 1c008d42 00000513 addi             x10, x0, 0          x10=00000000
20463855ns          346761 1c008d44 00008067 jalr             x0, x1, 0            x1:1c008de0
20463895ns          346763 1c008de0 15f52063 p.beqimm         x10, 320            x10:00000000
20463915ns          346764 1c008de4 001a8a93 addi             x21, x21, 1         x21=00000018 x21:00000017
20463936ns          346765 1c008de6 00800d33 add              x26, x0, x8         x26=1c0009c6  x8:1c0009c6
20463956ns          346766 1c008de8 000d4503 lbu              x10, 0(x26)         x10=00000072 x26:1c0009c6  PA:1c0009c6
20464259ns          346781 1c008dec 001d0413 addi             x8, x26, 1           x8=1c0009c7 x26:1c0009c6
20464280ns          346782 1c008df0 0c050b63 beq              x10, x0, 214        x10:00000072
20464300ns          346783 1c008df2 02500793 addi             x15, x0, 37         x15=00000025
20464320ns          346784 1c008df6 fef513e3 bne              x10, x15, -26       x10:00000072 x15:00000025
20464381ns          346787 1c008ddc 017005b3 add              x11, x0, x23        x11=00000002 x23:00000002
20464401ns          346788 1c008dde 000980e7 jalr             x1, x19, 0           x1=1c008de0 x19:1c008d20
20464442ns          346790 1c008d20 f14027f3 csrrs            x15, x0, 0xf14      x15=00000007
20464462ns          346791 1c008d24 1a10f6b7 lui              x13, 0x1a10f000     x13=1a10f000
20464482ns          346792 1c008d28 ca5797b3 p.extractu       x15, x15, 5, 5      x15=00000000 x15:00000007
20464502ns          346793 1c008d2c f1402773 csrrs            x14, x0, 0xf14      x14=00000007
20464522ns          346794 1c008d30 00779793 slli             x15, x15, 0x7       x15=00000000 x15:00000000
20464543ns          346795 1c008d32 00371713 slli             x14, x14, 0x3       x14=00000038 x14:00000007
20464563ns          346796 1c008d34 0ff57513 andi             x10, x10, 255       x10=00000072 x10:00000072
20464583ns          346797 1c008d38 ee873733 p.bclr           x14, x14, 23, 8     x14=00000038 x14:00000038
20464603ns          346798 1c008d3c 00d787b3 add              x15, x15, x13       x15=1a10f000 x15:00000000 x13:1a10f000
20464624ns          346799 1c008d3e 00a767a3 p.sw             x10, x0(x14)        x10:00000072 x14:00000038  PA:1a10f038
20464968ns          346816 1c008d42 00000513 addi             x10, x0, 0          x10=00000000
20464988ns          346817 1c008d44 00008067 jalr             x0, x1, 0            x1:1c008de0
20465028ns          346819 1c008de0 15f52063 p.beqimm         x10, 320            x10:00000000
20465049ns          346820 1c008de4 001a8a93 addi             x21, x21, 1         x21=00000019 x21:00000018
20465069ns          346821 1c008de6 00800d33 add              x26, x0, x8         x26=1c0009c7  x8:1c0009c7
20465089ns          346822 1c008de8 000d4503 lbu              x10, 0(x26)         x10=00000073 x26:1c0009c7  PA:1c0009c7
20465393ns          346837 1c008dec 001d0413 addi             x8, x26, 1           x8=1c0009c8 x26:1c0009c7
20465413ns          346838 1c008df0 0c050b63 beq              x10, x0, 214        x10:00000073
20465433ns          346839 1c008df2 02500793 addi             x15, x0, 37         x15=00000025
20465454ns          346840 1c008df6 fef513e3 bne              x10, x15, -26       x10:00000073 x15:00000025
20465514ns          346843 1c008ddc 017005b3 add              x11, x0, x23        x11=00000002 x23:00000002
20465534ns          346844 1c008dde 000980e7 jalr             x1, x19, 0           x1=1c008de0 x19:1c008d20
20465575ns          346846 1c008d20 f14027f3 csrrs            x15, x0, 0xf14      x15=00000007
20465595ns          346847 1c008d24 1a10f6b7 lui              x13, 0x1a10f000     x13=1a10f000
20465615ns          346848 1c008d28 ca5797b3 p.extractu       x15, x15, 5, 5      x15=00000000 x15:00000007
20465636ns          346849 1c008d2c f1402773 csrrs            x14, x0, 0xf14      x14=00000007
20465656ns          346850 1c008d30 00779793 slli             x15, x15, 0x7       x15=00000000 x15:00000000
20465676ns          346851 1c008d32 00371713 slli             x14, x14, 0x3       x14=00000038 x14:00000007
20465696ns          346852 1c008d34 0ff57513 andi             x10, x10, 255       x10=00000073 x10:00000073
20465717ns          346853 1c008d38 ee873733 p.bclr           x14, x14, 23, 8     x14=00000038 x14:00000038
20465737ns          346854 1c008d3c 00d787b3 add              x15, x15, x13       x15=1a10f000 x15:00000000 x13:1a10f000
20465757ns          346855 1c008d3e 00a767a3 p.sw             x10, x0(x14)        x10:00000073 x14:00000038  PA:1a10f038
20466101ns          346872 1c008d42 00000513 addi             x10, x0, 0          x10=00000000
20466121ns          346873 1c008d44 00008067 jalr             x0, x1, 0            x1:1c008de0
20466162ns          346875 1c008de0 15f52063 p.beqimm         x10, 320            x10:00000000
20466182ns          346876 1c008de4 001a8a93 addi             x21, x21, 1         x21=0000001a x21:00000019
20466202ns          346877 1c008de6 00800d33 add              x26, x0, x8         x26=1c0009c8  x8:1c0009c8
20466223ns          346878 1c008de8 000d4503 lbu              x10, 0(x26)         x10=00000020 x26:1c0009c8  PA:1c0009c8
20466526ns          346893 1c008dec 001d0413 addi             x8, x26, 1           x8=1c0009c9 x26:1c0009c8
20466546ns          346894 1c008df0 0c050b63 beq              x10, x0, 214        x10:00000020
20466567ns          346895 1c008df2 02500793 addi             x15, x0, 37         x15=00000025
20466587ns          346896 1c008df6 fef513e3 bne              x10, x15, -26       x10:00000020 x15:00000025
20466648ns          346899 1c008ddc 017005b3 add              x11, x0, x23        x11=00000002 x23:00000002
20466668ns          346900 1c008dde 000980e7 jalr             x1, x19, 0           x1=1c008de0 x19:1c008d20
20466708ns          346902 1c008d20 f14027f3 csrrs            x15, x0, 0xf14      x15=00000007
20466729ns          346903 1c008d24 1a10f6b7 lui              x13, 0x1a10f000     x13=1a10f000
20466749ns          346904 1c008d28 ca5797b3 p.extractu       x15, x15, 5, 5      x15=00000000 x15:00000007
20466769ns          346905 1c008d2c f1402773 csrrs            x14, x0, 0xf14      x14=00000007
20466789ns          346906 1c008d30 00779793 slli             x15, x15, 0x7       x15=00000000 x15:00000000
20466810ns          346907 1c008d32 00371713 slli             x14, x14, 0x3       x14=00000038 x14:00000007
20466830ns          346908 1c008d34 0ff57513 andi             x10, x10, 255       x10=00000020 x10:00000020
20466850ns          346909 1c008d38 ee873733 p.bclr           x14, x14, 23, 8     x14=00000038 x14:00000038
20466870ns          346910 1c008d3c 00d787b3 add              x15, x15, x13       x15=1a10f000 x15:00000000 x13:1a10f000
20466891ns          346911 1c008d3e 00a767a3 p.sw             x10, x0(x14)        x10:00000020 x14:00000038  PA:1a10f038
20467235ns          346928 1c008d42 00000513 addi             x10, x0, 0          x10=00000000
20467255ns          346929 1c008d44 00008067 jalr             x0, x1, 0            x1:1c008de0
20467295ns          346931 1c008de0 15f52063 p.beqimm         x10, 320            x10:00000000
20467316ns          346932 1c008de4 001a8a93 addi             x21, x21, 1         x21=0000001b x21:0000001a
20467336ns          346933 1c008de6 00800d33 add              x26, x0, x8         x26=1c0009c9  x8:1c0009c9
20467356ns          346934 1c008de8 000d4503 lbu              x10, 0(x26)         x10=0000003d x26:1c0009c9  PA:1c0009c9
20467660ns          346949 1c008dec 001d0413 addi             x8, x26, 1           x8=1c0009ca x26:1c0009c9
20467680ns          346950 1c008df0 0c050b63 beq              x10, x0, 214        x10:0000003d
20467700ns          346951 1c008df2 02500793 addi             x15, x0, 37         x15=00000025
20467720ns          346952 1c008df6 fef513e3 bne              x10, x15, -26       x10:0000003d x15:00000025
20467781ns          346955 1c008ddc 017005b3 add              x11, x0, x23        x11=00000002 x23:00000002
20467801ns          346956 1c008dde 000980e7 jalr             x1, x19, 0           x1=1c008de0 x19:1c008d20
20467842ns          346958 1c008d20 f14027f3 csrrs            x15, x0, 0xf14      x15=00000007
20467862ns          346959 1c008d24 1a10f6b7 lui              x13, 0x1a10f000     x13=1a10f000
20467882ns          346960 1c008d28 ca5797b3 p.extractu       x15, x15, 5, 5      x15=00000000 x15:00000007
20467903ns          346961 1c008d2c f1402773 csrrs            x14, x0, 0xf14      x14=00000007
20467923ns          346962 1c008d30 00779793 slli             x15, x15, 0x7       x15=00000000 x15:00000000
20467943ns          346963 1c008d32 00371713 slli             x14, x14, 0x3       x14=00000038 x14:00000007
20467963ns          346964 1c008d34 0ff57513 andi             x10, x10, 255       x10=0000003d x10:0000003d
20467984ns          346965 1c008d38 ee873733 p.bclr           x14, x14, 23, 8     x14=00000038 x14:00000038
20468004ns          346966 1c008d3c 00d787b3 add              x15, x15, x13       x15=1a10f000 x15:00000000 x13:1a10f000
20468024ns          346967 1c008d3e 00a767a3 p.sw             x10, x0(x14)        x10:0000003d x14:00000038  PA:1a10f038
20468368ns          346984 1c008d42 00000513 addi             x10, x0, 0          x10=00000000
20468388ns          346985 1c008d44 00008067 jalr             x0, x1, 0            x1:1c008de0
20468429ns          346987 1c008de0 15f52063 p.beqimm         x10, 320            x10:00000000
20468449ns          346988 1c008de4 001a8a93 addi             x21, x21, 1         x21=0000001c x21:0000001b
20468469ns          346989 1c008de6 00800d33 add              x26, x0, x8         x26=1c0009ca  x8:1c0009ca
20468490ns          346990 1c008de8 000d4503 lbu              x10, 0(x26)         x10=00000020 x26:1c0009ca  PA:1c0009ca
20468773ns          347004 1c008dec 001d0413 addi             x8, x26, 1           x8=1c0009cb x26:1c0009ca
20468793ns          347005 1c008df0 0c050b63 beq              x10, x0, 214        x10:00000020
20468813ns          347006 1c008df2 02500793 addi             x15, x0, 37         x15=00000025
20468834ns          347007 1c008df6 fef513e3 bne              x10, x15, -26       x10:00000020 x15:00000025
20468894ns          347010 1c008ddc 017005b3 add              x11, x0, x23        x11=00000002 x23:00000002
20468915ns          347011 1c008dde 000980e7 jalr             x1, x19, 0           x1=1c008de0 x19:1c008d20
20468955ns          347013 1c008d20 f14027f3 csrrs            x15, x0, 0xf14      x15=00000007
20468975ns          347014 1c008d24 1a10f6b7 lui              x13, 0x1a10f000     x13=1a10f000
20468996ns          347015 1c008d28 ca5797b3 p.extractu       x15, x15, 5, 5      x15=00000000 x15:00000007
20469016ns          347016 1c008d2c f1402773 csrrs            x14, x0, 0xf14      x14=00000007
20469036ns          347017 1c008d30 00779793 slli             x15, x15, 0x7       x15=00000000 x15:00000000
20469056ns          347018 1c008d32 00371713 slli             x14, x14, 0x3       x14=00000038 x14:00000007
20469076ns          347019 1c008d34 0ff57513 andi             x10, x10, 255       x10=00000020 x10:00000020
20469097ns          347020 1c008d38 ee873733 p.bclr           x14, x14, 23, 8     x14=00000038 x14:00000038
20469117ns          347021 1c008d3c 00d787b3 add              x15, x15, x13       x15=1a10f000 x15:00000000 x13:1a10f000
20469137ns          347022 1c008d3e 00a767a3 p.sw             x10, x0(x14)        x10:00000020 x14:00000038  PA:1a10f038
20469461ns          347038 1c008d42 00000513 addi             x10, x0, 0          x10=00000000
20469481ns          347039 1c008d44 00008067 jalr             x0, x1, 0            x1:1c008de0
20469522ns          347041 1c008de0 15f52063 p.beqimm         x10, 320            x10:00000000
20469542ns          347042 1c008de4 001a8a93 addi             x21, x21, 1         x21=0000001d x21:0000001c
20469562ns          347043 1c008de6 00800d33 add              x26, x0, x8         x26=1c0009cb  x8:1c0009cb
20469582ns          347044 1c008de8 000d4503 lbu              x10, 0(x26)         x10=00000025 x26:1c0009cb  PA:1c0009cb
20469906ns          347060 1c008dec 001d0413 addi             x8, x26, 1           x8=1c0009cc x26:1c0009cb
20469927ns          347061 1c008df0 0c050b63 beq              x10, x0, 214        x10:00000025
20469947ns          347062 1c008df2 02500793 addi             x15, x0, 37         x15=00000025
20469967ns          347063 1c008df6 fef513e3 bne              x10, x15, -26       x10:00000025 x15:00000025
20469987ns          347064 1c008dfa 00012a23 sw               x0, 20(x2)           x2:10002368  PA:1000237c
20470008ns          347065 1c008dfc 00012823 sw               x0, 16(x2)           x2:10002368  PA:10002378
20470028ns          347066 1c008dfe 00012623 sw               x0, 12(x2)           x2:10002368  PA:10002374
20470048ns          347067 1c008e00 00012423 sw               x0, 8(x2)            x2:10002368  PA:10002370
20470068ns          347068 1c008e02 00012223 sw               x0, 4(x2)            x2:10002368  PA:1000236c
20470088ns          347069 1c008e04 02300493 addi             x9, x0, 35           x9=00000023
20470109ns          347070 1c008e08 02d00b13 addi             x22, x0, 45         x22=0000002d
20470129ns          347071 1c008e0c 00044c83 lbu              x25, 0(x8)          x25=00000064  x8:1c0009cc  PA:1c0009cc
20470453ns          347087 1c008e10 00140913 addi             x18, x8, 1          x18=1c0009cd  x8:1c0009cc
20470473ns          347088 1c008e14 019005b3 add              x11, x0, x25        x11=00000064 x25:00000064
20470493ns          347089 1c008e16 9d0c0513 addi             x10, x24, -1584     x10=1c0009d0 x24:1c001000
20470514ns          347090 1c008e1a 01200d33 add              x26, x0, x18        x26=1c0009cd x18:1c0009cd
20470534ns          347091 1c008e1c 01900db3 add              x27, x0, x25        x27=00000064 x25:00000064
20470554ns          347092 1c008e1e e89ff0ef jal              x1, -376             x1=1c008e20
20470696ns          347099 1c008ca6 00054783 lbu              x15, 0(x10)         x15=0000002d x10:1c0009d0  PA:1c0009d0
20470999ns          347114 1c008caa 0ff5f593 andi             x11, x11, 255       x11=00000064 x11:00000064
20471020ns          347115 1c008cae 00b78c63 beq              x15, x11, 24        x15:0000002d x11:00000064
20471040ns          347116 1c008cb2 00078b63 beq              x15, x0, 22         x15:0000002d
20471060ns          347117 1c008cb4 00150793 addi             x15, x10, 1         x15=1c0009d1 x10:1c0009d0
20471080ns          347118 1c008cb8 0040006f jal              x0, 4              
20471181ns          347123 1c008cbc 00f00533 add              x10, x0, x15        x10=1c0009d1 x15:1c0009d1
20471202ns          347124 1c008cbe 0017c70b p.lbu            x14, 1(x15!)        x14=0000002b x15=1c0009d2 x15:1c0009d1  PA:1c0009d1
20471526ns          347140 1c008cc2 feb71ce3 bne              x14, x11, -8        x14:0000002b x11:00000064
20471586ns          347143 1c008cba 00070763 beq              x14, x0, 14         x14:0000002b
20471606ns          347144 1c008cbc 00f00533 add              x10, x0, x15        x10=1c0009d2 x15:1c0009d2
20471627ns          347145 1c008cbe 0017c70b p.lbu            x14, 1(x15!)        x14=00000020 x15=1c0009d3 x15:1c0009d2  PA:1c0009d2
20471951ns          347161 1c008cc2 feb71ce3 bne              x14, x11, -8        x14:00000020 x11:00000064
20472011ns          347164 1c008cba 00070763 beq              x14, x0, 14         x14:00000020
20472032ns          347165 1c008cbc 00f00533 add              x10, x0, x15        x10=1c0009d3 x15:1c0009d3
20472052ns          347166 1c008cbe 0017c70b p.lbu            x14, 1(x15!)        x14=00000023 x15=1c0009d4 x15:1c0009d3  PA:1c0009d3
20472376ns          347182 1c008cc2 feb71ce3 bne              x14, x11, -8        x14:00000023 x11:00000064
20472436ns          347185 1c008cba 00070763 beq              x14, x0, 14         x14:00000023
20472457ns          347186 1c008cbc 00f00533 add              x10, x0, x15        x10=1c0009d4 x15:1c0009d4
20472477ns          347187 1c008cbe 0017c70b p.lbu            x14, 1(x15!)        x14=00000030 x15=1c0009d5 x15:1c0009d4  PA:1c0009d4
20472801ns          347203 1c008cc2 feb71ce3 bne              x14, x11, -8        x14:00000030 x11:00000064
20472861ns          347206 1c008cba 00070763 beq              x14, x0, 14         x14:00000030
20472882ns          347207 1c008cbc 00f00533 add              x10, x0, x15        x10=1c0009d5 x15:1c0009d5
20472902ns          347208 1c008cbe 0017c70b p.lbu            x14, 1(x15!)        x14=00000000 x15=1c0009d6 x15:1c0009d5  PA:1c0009d5
20473226ns          347224 1c008cc2 feb71ce3 bne              x14, x11, -8        x14:00000000 x11:00000064
20473286ns          347227 1c008cba 00070763 beq              x14, x0, 14         x14:00000000
20473347ns          347230 1c008cc8 0015b593 sltiu            x11, x11, 1         x11=00000000 x11:00000064
20473367ns          347231 1c008ccc 40b005b3 sub              x11, x0, x11        x11=00000000 x11:00000000
20473388ns          347232 1c008cd0 00b57533 and              x10, x10, x11       x10=00000000 x10:1c0009d5 x11:00000000
20473408ns          347233 1c008cd2 00008067 jalr             x0, x1, 0            x1:1c008e20
20473489ns          347237 1c008e20 02050b63 beq              x10, x0, 54         x10:00000000
20473570ns          347241 1c008e56 02a00693 addi             x13, x0, 42         x13=0000002a
20473590ns          347242 1c008e5a 2edc8263 beq              x25, x13, 740       x25:00000064 x13:0000002a
20473651ns          347245 1c008e5e fd0c8693 addi             x13, x25, -48       x13=00000034 x25:00000064
20473671ns          347246 1c008e62 00900593 addi             x11, x0, 9          x11=00000009
20473691ns          347247 1c008e64 00000b13 addi             x22, x0, 0          x22=00000000
20473711ns          347248 1c008e66 0cd5fd63 bgeu             x11, x13, 218       x11:00000009 x13:00000034
20473732ns          347249 1c008e6a 02e00793 addi             x15, x0, 46         x15=0000002e
20473792ns          347252 1c008e6e 28fd8663 beq              x27, x15, 652       x27:00000064 x15:0000002e
20473813ns          347253 1c008e72 01b00433 add              x8, x0, x27          x8=00000064 x27:00000064
20473833ns          347254 1c008e74 fff00493 addi             x9, x0, -1           x9=ffffffff
20473853ns          347255 1c008e76 1c001737 lui              x14, 0x1c001000     x14=1c001000
20473873ns          347256 1c008e7a 01b005b3 add              x11, x0, x27        x11=00000064 x27:00000064
20473894ns          347257 1c008e7c 9d870513 addi             x10, x14, -1576     x10=1c0009d8 x14:1c001000
20473934ns          347259 1c008e80 e27ff0ef jal              x1, -474             x1=1c008e82
20473995ns          347262 1c008ca6 00054783 lbu              x15, 0(x10)         x15=00000068 x10:1c0009d8  PA:1c0009d8
20474298ns          347277 1c008caa 0ff5f593 andi             x11, x11, 255       x11=00000064 x11:00000064
20474319ns          347278 1c008cae 00b78c63 beq              x15, x11, 24        x15:00000068 x11:00000064
20474339ns          347279 1c008cb2 00078b63 beq              x15, x0, 22         x15:00000068
20474359ns          347280 1c008cb4 00150793 addi             x15, x10, 1         x15=1c0009d9 x10:1c0009d8
20474379ns          347281 1c008cb8 0040006f jal              x0, 4              
20474420ns          347283 1c008cbc 00f00533 add              x10, x0, x15        x10=1c0009d9 x15:1c0009d9
20474440ns          347284 1c008cbe 0017c70b p.lbu            x14, 1(x15!)        x14=0000006c x15=1c0009da x15:1c0009d9  PA:1c0009d9
20474784ns          347301 1c008cc2 feb71ce3 bne              x14, x11, -8        x14:0000006c x11:00000064
20474845ns          347304 1c008cba 00070763 beq              x14, x0, 14         x14:0000006c
20474865ns          347305 1c008cbc 00f00533 add              x10, x0, x15        x10=1c0009da x15:1c0009da
20474885ns          347306 1c008cbe 0017c70b p.lbu            x14, 1(x15!)        x14=0000007a x15=1c0009db x15:1c0009da  PA:1c0009da
20475229ns          347323 1c008cc2 feb71ce3 bne              x14, x11, -8        x14:0000007a x11:00000064
20475290ns          347326 1c008cba 00070763 beq              x14, x0, 14         x14:0000007a
20475310ns          347327 1c008cbc 00f00533 add              x10, x0, x15        x10=1c0009db x15:1c0009db
20475331ns          347328 1c008cbe 0017c70b p.lbu            x14, 1(x15!)        x14=00000000 x15=1c0009dc x15:1c0009db  PA:1c0009db
20475654ns          347344 1c008cc2 feb71ce3 bne              x14, x11, -8        x14:00000000 x11:00000064
20475715ns          347347 1c008cba 00070763 beq              x14, x0, 14         x14:00000000
20475776ns          347350 1c008cc8 0015b593 sltiu            x11, x11, 1         x11=00000000 x11:00000064
20475796ns          347351 1c008ccc 40b005b3 sub              x11, x0, x11        x11=00000000 x11:00000000
20475816ns          347352 1c008cd0 00b57533 and              x10, x10, x11       x10=00000000 x10:1c0009db x11:00000000
20475837ns          347353 1c008cd2 00008067 jalr             x0, x1, 0            x1:1c008e82
20475877ns          347355 1c008e82 00000793 addi             x15, x0, 0          x15=00000000
20475897ns          347356 1c008e84 00050f63 beq              x10, x0, 30         x10:00000000
20476039ns          347363 1c008ea2 06700693 addi             x13, x0, 103        x13=00000067
20476059ns          347364 1c008ea6 0bb6ee63 bltu             x13, x27, 188       x13:00000067 x27:00000064
20476080ns          347365 1c008eaa 06500693 addi             x13, x0, 101        x13=00000065
20476140ns          347368 1c008eae 3addf2e3 bgeu             x27, x13, 2980      x27:00000064 x13:00000065
20476181ns          347370 1c008eb2 04700693 addi             x13, x0, 71         x13=00000047
20476201ns          347371 1c008eb6 39b6ed63 bltu             x13, x27, 922       x13:00000047 x27:00000064
20476363ns          347379 1c009250 06300693 addi             x13, x0, 99         x13=00000063
20476403ns          347381 1c009254 70dd8c63 beq              x27, x13, 1816      x27:00000064 x13:00000063
20476424ns          347382 1c009258 d3b6e5e3 bltu             x13, x27, -726      x13:00000063 x27:00000064
20476626ns          347392 1c008f82 06c00693 addi             x13, x0, 108        x13=0000006c
20476646ns          347393 1c008f86 00d78a63 beq              x15, x13, 20        x15:00000000 x13:0000006c
20476666ns          347394 1c008f8a 07a00693 addi             x13, x0, 122        x13=0000007a
20476727ns          347397 1c008f8e 00d78663 beq              x15, x13, 12        x15:00000000 x13:0000007a
20476768ns          347399 1c008f92 04c00693 addi             x13, x0, 76         x13=0000004c
20476788ns          347400 1c008f96 5ed78de3 beq              x15, x13, 3578      x15:00000000 x13:0000004c
20476808ns          347401 1c008f9a 000a2783 lw               x15, 0(x20)         x15=00000010 x20:10002414  PA:10002414
20476828ns          347402 1c008f9e 004a0a13 addi             x20, x20, 4         x20=10002418 x20:10002414
20476869ns          347404 1c008fa0 41f7d713 srai             x14, x15, 0x41f     x14=00000000 x15:00000010
20476909ns          347406 1c008fa4 01412e23 sw               x20, 28(x2)         x20:10002418  x2:10002368  PA:10002384
20476930ns          347407 1c008fa6 00e12223 sw               x14, 4(x2)          x14:00000000  x2:10002368  PA:1000236c
20476950ns          347408 1c008fa8 4e0741e3 blt              x14, x0, 3298       x14:00000000
20476970ns          347409 1c008fac 00c12703 lw               x14, 12(x2)         x14=00000000  x2:10002368  PA:10002374
20477011ns          347411 1c008fae 440709e3 beq              x14, x0, 3154       x14:00000000
20477112ns          347416 1c009c00 01012703 lw               x14, 16(x2)         x14=00000000  x2:10002368  PA:10002378
20477152ns          347418 1c009c02 22070063 beq              x14, x0, 544        x14:00000000
20477253ns          347423 1c009e22 00412c83 lw               x25, 4(x2)          x25=00000000  x2:10002368  PA:1000236c
20477294ns          347425 1c009e24 02410a13 addi             x20, x2, 36         x20=1000238c  x2:10002368
20477314ns          347426 1c009e28 998ff06f jal              x0, -3688          
20477395ns          347430 1c008fc0 00f00433 add              x8, x0, x15          x8=00000010 x15:00000010
20477415ns          347431 1c008fc2 01400db3 add              x27, x0, x20        x27=1000238c x20:1000238c
20477436ns          347432 1c008fc4 0040006f jal              x0, 4              
20477476ns          347434 1c008fc8 00a00613 addi             x12, x0, 10         x12=0000000a
20477496ns          347435 1c008fca 00000693 addi             x13, x0, 0          x13=00000000
20477517ns          347436 1c008fcc 00800533 add              x10, x0, x8         x10=00000010  x8:00000010
20477537ns          347437 1c008fce 019005b3 add              x11, x0, x25        x11=00000000 x25:00000000
20477557ns          347438 1c008fd0 c2aff0ef jal              x1, -3030            x1=1c008fd4
20477638ns          347442 1c0083fa 00c008b3 add              x17, x0, x12        x17=0000000a x12:0000000a
20477678ns          347444 1c0083fc 00d00733 add              x14, x0, x13        x14=00000000 x13:00000000
20477699ns          347445 1c0083fe 00a007b3 add              x15, x0, x10        x15=00000010 x10:00000010
20477739ns          347447 1c008400 00b00833 add              x16, x0, x11        x16=00000000 x11:00000000
20477780ns          347449 1c008402 1c069863 bne              x13, x0, 464        x13:00000000
20477800ns          347450 1c008406 1c0016b7 lui              x13, 0x1c001000     x13=1c001000
20477820ns          347451 1c00840a 86868693 addi             x13, x13, -1944     x13=1c000868 x13:1c001000
20477881ns          347454 1c00840e 0ac5f863 bgeu             x11, x12, 176       x11:00000000 x12:0000000a
20477901ns          347455 1c008412 00010337 lui              x6, 0x10000          x6=00010000
20477921ns          347456 1c008414 08667e63 bgeu             x12, x6, 156        x12:0000000a  x6:00010000
20477942ns          347457 1c008418 0ff00313 addi             x6, x0, 255          x6=000000ff
20477962ns          347458 1c00841c 00c37363 bgeu             x6, x12, 6           x6:000000ff x12:0000000a
20478083ns          347464 1c008422 00e65333 srl              x6, x12, x14         x6=0000000a x12:0000000a x14:00000000
20478104ns          347465 1c008426 006686b3 add              x13, x13, x6        x13=1c000872 x13:1c000868  x6:0000000a
20478124ns          347466 1c008428 0006ce03 lbu              x28, 0(x13)         x28=00000004 x13:1c000872  PA:1c000872
20478427ns          347481 1c00842c 02000313 addi             x6, x0, 32           x6=00000020
20478448ns          347482 1c008430 00ee0e33 add              x28, x28, x14       x28=00000004 x28:00000004 x14:00000000
20478468ns          347483 1c008432 41c30333 sub              x6, x6, x28          x6=0000001c  x6:00000020 x28:00000004
20478488ns          347484 1c008436 00030c63 beq              x6, x0, 24           x6:0000001c
20478508ns          347485 1c00843a 006595b3 sll              x11, x11, x6        x11=00000000 x11:00000000  x6:0000001c
20478569ns          347488 1c00843e 01c55e33 srl              x28, x10, x28       x28=00000001 x10:00000010 x28:00000004
20478610ns          347490 1c008442 006618b3 sll              x17, x12, x6        x17=a0000000 x12:0000000a  x6:0000001c
20478630ns          347491 1c008446 00be6833 or               x16, x28, x11       x16=00000001 x28:00000001 x11:00000000
20478650ns          347492 1c00844a 006517b3 sll              x15, x10, x6        x15=00000000 x10:00000010  x6:0000001c
20478711ns          347495 1c00844e 0108d613 srli             x12, x17, 0x10      x12=0000a000 x17:a0000000
20478751ns          347497 1c008452 02c87733 remu             x14, x16, x12       x14=00000001 x16:00000001 x12:0000a000
20479136ns          347516 1c008456 02c85833 divu             x16, x16, x12       x16=00000000 x16:00000001 x12:0000a000
20479520ns          347535 1c00845a 01089513 slli             x10, x17, 0x10      x10=00000000 x17:a0000000
20479541ns          347536 1c00845e 01055513 srli             x10, x10, 0x10      x10=00000000 x10:00000000
20479561ns          347537 1c008460 01071713 slli             x14, x14, 0x10      x14=00010000 x14:00000001
20479581ns          347538 1c008462 0107d693 srli             x13, x15, 0x10      x13=00000000 x15:00000000
20479601ns          347539 1c008466 03050833 mul              x16, x10, x16       x16=00000000 x10:00000000 x16:00000000
20479622ns          347540 1c00846a 00e6e6b3 or               x13, x13, x14       x13=00010000 x13:00000000 x14:00010000
20479642ns          347541 1c00846c 0106f863 bgeu             x13, x16, 16        x13:00010000 x16:00000000
20479702ns          347544 1c00847c 410686b3 sub              x13, x13, x16       x13=00010000 x13:00010000 x16:00000000
20479763ns          347547 1c008480 02c6f733 remu             x14, x13, x12       x14=00006000 x13:00010000 x12:0000a000
20480168ns          347567 1c008484 02c6d6b3 divu             x13, x13, x12       x13=00000001 x13:00010000 x12:0000a000
20480553ns          347586 1c008488 01079793 slli             x15, x15, 0x10      x15=00000000 x15:00000000
20480573ns          347587 1c00848a 02d506b3 mul              x13, x10, x13       x13=00000000 x10:00000000 x13:00000001
20480593ns          347588 1c00848e 0107d793 srli             x15, x15, 0x10      x15=00000000 x15:00000000
20480613ns          347589 1c008490 01071513 slli             x10, x14, 0x10      x10=60000000 x14:00006000
20480634ns          347590 1c008494 00a7e7b3 or               x15, x15, x10       x15=60000000 x15:00000000 x10:60000000
20480654ns          347591 1c008496 00d7f863 bgeu             x15, x13, 16        x15:60000000 x13:00000000
20480755ns          347596 1c0084a6 40d787b3 sub              x15, x15, x13       x15=60000000 x15:60000000 x13:00000000
20480775ns          347597 1c0084a8 0067d533 srl              x10, x15, x6        x10=00000006 x15:60000000  x6:0000001c
20480795ns          347598 1c0084ac 00000593 addi             x11, x0, 0          x11=00000000
20480816ns          347599 1c0084ae 00008067 jalr             x0, x1, 0            x1:1c008fd4
20480937ns          347605 1c008fd4 00a00933 add              x18, x0, x10        x18=00000006 x10:00000006
20480957ns          347606 1c008fd6 019005b3 add              x11, x0, x25        x11=00000000 x25:00000000
20480978ns          347607 1c008fd8 00800533 add              x10, x0, x8         x10=00000010  x8:00000010
20480998ns          347608 1c008fda 00a00613 addi             x12, x0, 10         x12=0000000a
20481018ns          347609 1c008fdc 00000693 addi             x13, x0, 0          x13=00000000
20481059ns          347611 1c008fde 8beff0ef jal              x1, -3906            x1=1c008fe2
20481140ns          347615 1c00809c 00b007b3 add              x15, x0, x11        x15=00000000 x11:00000000
20481160ns          347616 1c00809e 00c00833 add              x16, x0, x12        x16=0000000a x12:0000000a
20481220ns          347619 1c0080a0 00d008b3 add              x17, x0, x13        x17=00000000 x13:00000000
20481241ns          347620 1c0080a2 00a00333 add              x6, x0, x10          x6=00000010 x10:00000010
20481261ns          347621 1c0080a4 20069663 bne              x13, x0, 524        x13:00000000
20481281ns          347622 1c0080a8 1c001737 lui              x14, 0x1c001000     x14=1c001000
20481301ns          347623 1c0080ac 86870713 addi             x14, x14, -1944     x14=1c000868 x14:1c001000
20481362ns          347626 1c0080b0 0ac5fe63 bgeu             x11, x12, 188       x11:00000000 x12:0000000a
20481403ns          347628 1c0080b4 000106b7 lui              x13, 0x10000        x13=00010000
20481423ns          347629 1c0080b6 0ad67463 bgeu             x12, x13, 168       x12:0000000a x13:00010000
20481443ns          347630 1c0080ba 0ff00693 addi             x13, x0, 255        x13=000000ff
20481504ns          347633 1c0080be 00c6b6b3 sltu             x13, x13, x12       x13=00000000 x13:000000ff x12:0000000a
20481524ns          347634 1c0080c2 00369693 slli             x13, x13, 0x3       x13=00000000 x13:00000000
20481544ns          347635 1c0080c4 00d658b3 srl              x17, x12, x13       x17=0000000a x12:0000000a x13:00000000
20481565ns          347636 1c0080c8 01170733 add              x14, x14, x17       x14=1c000872 x14:1c000868 x17:0000000a
20481585ns          347637 1c0080ca 00074703 lbu              x14, 0(x14)         x14=00000004 x14:1c000872  PA:1c000872
20481909ns          347653 1c0080ce 00e686b3 add              x13, x13, x14       x13=00000004 x13:00000000 x14:00000004
20481929ns          347654 1c0080d0 02000713 addi             x14, x0, 32         x14=00000020
20481949ns          347655 1c0080d4 40d70733 sub              x14, x14, x13       x14=0000001c x14:00000020 x13:00000004
20481969ns          347656 1c0080d6 00070b63 beq              x14, x0, 22         x14:0000001c
20481990ns          347657 1c0080d8 00e797b3 sll              x15, x15, x14       x15=00000000 x15:00000000 x14:0000001c
20482010ns          347658 1c0080dc 00d556b3 srl              x13, x10, x13       x13=00000001 x10:00000010 x13:00000004
20482050ns          347660 1c0080e0 00e61833 sll              x16, x12, x14       x16=a0000000 x12:0000000a x14:0000001c
20482091ns          347662 1c0080e4 00f6e5b3 or               x11, x13, x15       x11=00000001 x13:00000001 x15:00000000
20482111ns          347663 1c0080e8 00e51333 sll              x6, x10, x14         x6=00000000 x10:00000010 x14:0000001c
20482131ns          347664 1c0080ec 01085513 srli             x10, x16, 0x10      x10=0000a000 x16:a0000000
20482192ns          347667 1c0080f0 02a5f733 remu             x14, x11, x10       x14=00000001 x11:00000001 x10:0000a000
20482597ns          347687 1c0080f4 02a5d7b3 divu             x15, x11, x10       x15=00000000 x11:00000001 x10:0000a000
20482981ns          347706 1c0080f8 01081613 slli             x12, x16, 0x10      x12=00000000 x16:a0000000
20483002ns          347707 1c0080fc 01071713 slli             x14, x14, 0x10      x14=00010000 x14:00000001
20483022ns          347708 1c0080fe 01065613 srli             x12, x12, 0x10      x12=00000000 x12:00000000
20483042ns          347709 1c008100 01035693 srli             x13, x6, 0x10       x13=00000000  x6:00000000
20483062ns          347710 1c008104 00e6e6b3 or               x13, x13, x14       x13=00010000 x13:00000000 x14:00010000
20483083ns          347711 1c008106 02f605b3 mul              x11, x12, x15       x11=00000000 x12:00000000 x15:00000000
20483103ns          347712 1c00810a 00f00733 add              x14, x0, x15        x14=00000000 x15:00000000
20483123ns          347713 1c00810c 00b6fc63 bgeu             x13, x11, 24        x13:00010000 x11:00000000
20483224ns          347718 1c008124 40b686b3 sub              x13, x13, x11       x13=00010000 x13:00010000 x11:00000000
20483265ns          347720 1c008126 02a6f7b3 remu             x15, x13, x10       x15=00006000 x13:00010000 x10:0000a000
20483649ns          347739 1c00812a 02a6d6b3 divu             x13, x13, x10       x13=00000001 x13:00010000 x10:0000a000
20484034ns          347758 1c00812e 01031313 slli             x6, x6, 0x10         x6=00000000  x6:00000000
20484054ns          347759 1c008130 01079793 slli             x15, x15, 0x10      x15=60000000 x15:00006000
20484074ns          347760 1c008132 01035313 srli             x6, x6, 0x10         x6=00000000  x6:00000000
20484095ns          347761 1c008136 02d605b3 mul              x11, x12, x13       x11=00000000 x12:00000000 x13:00000001
20484115ns          347762 1c00813a 0067e333 or               x6, x15, x6          x6=60000000 x15:60000000  x6:00000000
20484135ns          347763 1c00813e 00d00533 add              x10, x0, x13        x10=00000001 x13:00000001
20484176ns          347765 1c008140 00b37b63 bgeu             x6, x11, 22          x6:60000000 x11:00000000
20484277ns          347770 1c008156 01071713 slli             x14, x14, 0x10      x14=00000000 x14:00000000
20484317ns          347772 1c008158 00a76733 or               x14, x14, x10       x14=00000001 x14:00000000 x10:00000001
20484337ns          347773 1c00815a 00000593 addi             x11, x0, 0          x11=00000000
20484358ns          347774 1c00815c 0b20006f jal              x0, 178            
20484479ns          347780 1c00820e 00e00533 add              x10, x0, x14        x10=00000001 x14:00000001
20484560ns          347784 1c008210 00008067 jalr             x0, x1, 0            x1:1c008fe2
20484682ns          347790 1c008fe2 03090913 addi             x18, x18, 48        x18=00000036 x18:00000006
20484702ns          347791 1c008fe6 012d8023 sb               x18, 0(x27)         x18:00000036 x27:1000238c  PA:1000238c
20484722ns          347792 1c008fea 00a5e7b3 or               x15, x11, x10       x15=00000001 x11:00000000 x10:00000001
20484783ns          347795 1c008fee 001d8913 addi             x18, x27, 1         x18=1000238d x27:1000238c
20484803ns          347796 1c008ff2 00a00433 add              x8, x0, x10          x8=00000001 x10:00000001
20484823ns          347797 1c008ff4 00b00cb3 add              x25, x0, x11        x25=00000000 x11:00000000
20484843ns          347798 1c008ff6 fc0798e3 bne              x15, x0, -48        x15:00000001
20485005ns          347806 1c008fc6 01200db3 add              x27, x0, x18        x27=1000238d x18:1000238d
20485046ns          347808 1c008fc8 00a00613 addi             x12, x0, 10         x12=0000000a
20485066ns          347809 1c008fca 00000693 addi             x13, x0, 0          x13=00000000
20485086ns          347810 1c008fcc 00800533 add              x10, x0, x8         x10=00000001  x8:00000001
20485107ns          347811 1c008fce 019005b3 add              x11, x0, x25        x11=00000000 x25:00000000
20485127ns          347812 1c008fd0 c2aff0ef jal              x1, -3030            x1=1c008fd4
20485208ns          347816 1c0083fa 00c008b3 add              x17, x0, x12        x17=0000000a x12:0000000a
20485248ns          347818 1c0083fc 00d00733 add              x14, x0, x13        x14=00000000 x13:00000000
20485268ns          347819 1c0083fe 00a007b3 add              x15, x0, x10        x15=00000001 x10:00000001
20485309ns          347821 1c008400 00b00833 add              x16, x0, x11        x16=00000000 x11:00000000
20485349ns          347823 1c008402 1c069863 bne              x13, x0, 464        x13:00000000
20485370ns          347824 1c008406 1c0016b7 lui              x13, 0x1c001000     x13=1c001000
20485390ns          347825 1c00840a 86868693 addi             x13, x13, -1944     x13=1c000868 x13:1c001000
20485451ns          347828 1c00840e 0ac5f863 bgeu             x11, x12, 176       x11:00000000 x12:0000000a
20485471ns          347829 1c008412 00010337 lui              x6, 0x10000          x6=00010000
20485491ns          347830 1c008414 08667e63 bgeu             x12, x6, 156        x12:0000000a  x6:00010000
20485511ns          347831 1c008418 0ff00313 addi             x6, x0, 255          x6=000000ff
20485532ns          347832 1c00841c 00c37363 bgeu             x6, x12, 6           x6:000000ff x12:0000000a
20485653ns          347838 1c008422 00e65333 srl              x6, x12, x14         x6=0000000a x12:0000000a x14:00000000
20485673ns          347839 1c008426 006686b3 add              x13, x13, x6        x13=1c000872 x13:1c000868  x6:0000000a
20485694ns          347840 1c008428 0006ce03 lbu              x28, 0(x13)         x28=00000004 x13:1c000872  PA:1c000872
20485997ns          347855 1c00842c 02000313 addi             x6, x0, 32           x6=00000020
20486017ns          347856 1c008430 00ee0e33 add              x28, x28, x14       x28=00000004 x28:00000004 x14:00000000
20486038ns          347857 1c008432 41c30333 sub              x6, x6, x28          x6=0000001c  x6:00000020 x28:00000004
20486058ns          347858 1c008436 00030c63 beq              x6, x0, 24           x6:0000001c
20486078ns          347859 1c00843a 006595b3 sll              x11, x11, x6        x11=00000000 x11:00000000  x6:0000001c
20486139ns          347862 1c00843e 01c55e33 srl              x28, x10, x28       x28=00000000 x10:00000001 x28:00000004
20486179ns          347864 1c008442 006618b3 sll              x17, x12, x6        x17=a0000000 x12:0000000a  x6:0000001c
20486200ns          347865 1c008446 00be6833 or               x16, x28, x11       x16=00000000 x28:00000000 x11:00000000
20486220ns          347866 1c00844a 006517b3 sll              x15, x10, x6        x15=10000000 x10:00000001  x6:0000001c
20486280ns          347869 1c00844e 0108d613 srli             x12, x17, 0x10      x12=0000a000 x17:a0000000
20486321ns          347871 1c008452 02c87733 remu             x14, x16, x12       x14=00000000 x16:00000000 x12:0000a000
20486706ns          347890 1c008456 02c85833 divu             x16, x16, x12       x16=00000000 x16:00000000 x12:0000a000
20487090ns          347909 1c00845a 01089513 slli             x10, x17, 0x10      x10=00000000 x17:a0000000
20487110ns          347910 1c00845e 01055513 srli             x10, x10, 0x10      x10=00000000 x10:00000000
20487131ns          347911 1c008460 01071713 slli             x14, x14, 0x10      x14=00000000 x14:00000000
20487151ns          347912 1c008462 0107d693 srli             x13, x15, 0x10      x13=00001000 x15:10000000
20487171ns          347913 1c008466 03050833 mul              x16, x10, x16       x16=00000000 x10:00000000 x16:00000000
20487191ns          347914 1c00846a 00e6e6b3 or               x13, x13, x14       x13=00001000 x13:00001000 x14:00000000
20487212ns          347915 1c00846c 0106f863 bgeu             x13, x16, 16        x13:00001000 x16:00000000
20487272ns          347918 1c00847c 410686b3 sub              x13, x13, x16       x13=00001000 x13:00001000 x16:00000000
20487333ns          347921 1c008480 02c6f733 remu             x14, x13, x12       x14=00001000 x13:00001000 x12:0000a000
20487738ns          347941 1c008484 02c6d6b3 divu             x13, x13, x12       x13=00000000 x13:00001000 x12:0000a000
20488122ns          347960 1c008488 01079793 slli             x15, x15, 0x10      x15=00000000 x15:10000000
20488143ns          347961 1c00848a 02d506b3 mul              x13, x10, x13       x13=00000000 x10:00000000 x13:00000000
20488163ns          347962 1c00848e 0107d793 srli             x15, x15, 0x10      x15=00000000 x15:00000000
20488183ns          347963 1c008490 01071513 slli             x10, x14, 0x10      x10=10000000 x14:00001000
20488203ns          347964 1c008494 00a7e7b3 or               x15, x15, x10       x15=10000000 x15:00000000 x10:10000000
20488224ns          347965 1c008496 00d7f863 bgeu             x15, x13, 16        x15:10000000 x13:00000000
20488284ns          347968 1c0084a6 40d787b3 sub              x15, x15, x13       x15=10000000 x15:10000000 x13:00000000
20488304ns          347969 1c0084a8 0067d533 srl              x10, x15, x6        x10=00000001 x15:10000000  x6:0000001c
20488325ns          347970 1c0084ac 00000593 addi             x11, x0, 0          x11=00000000
20488345ns          347971 1c0084ae 00008067 jalr             x0, x1, 0            x1:1c008fd4
20488426ns          347975 1c008fd4 00a00933 add              x18, x0, x10        x18=00000001 x10:00000001
20488446ns          347976 1c008fd6 019005b3 add              x11, x0, x25        x11=00000000 x25:00000000
20488466ns          347977 1c008fd8 00800533 add              x10, x0, x8         x10=00000001  x8:00000001
20488487ns          347978 1c008fda 00a00613 addi             x12, x0, 10         x12=0000000a
20488507ns          347979 1c008fdc 00000693 addi             x13, x0, 0          x13=00000000
20488527ns          347980 1c008fde 8beff0ef jal              x1, -3906            x1=1c008fe2
20488608ns          347984 1c00809c 00b007b3 add              x15, x0, x11        x15=00000000 x11:00000000
20488628ns          347985 1c00809e 00c00833 add              x16, x0, x12        x16=0000000a x12:0000000a
20488689ns          347988 1c0080a0 00d008b3 add              x17, x0, x13        x17=00000000 x13:00000000
20488709ns          347989 1c0080a2 00a00333 add              x6, x0, x10          x6=00000001 x10:00000001
20488730ns          347990 1c0080a4 20069663 bne              x13, x0, 524        x13:00000000
20488750ns          347991 1c0080a8 1c001737 lui              x14, 0x1c001000     x14=1c001000
20488770ns          347992 1c0080ac 86870713 addi             x14, x14, -1944     x14=1c000868 x14:1c001000
20488831ns          347995 1c0080b0 0ac5fe63 bgeu             x11, x12, 188       x11:00000000 x12:0000000a
20488871ns          347997 1c0080b4 000106b7 lui              x13, 0x10000        x13=00010000
20488891ns          347998 1c0080b6 0ad67463 bgeu             x12, x13, 168       x12:0000000a x13:00010000
20488912ns          347999 1c0080ba 0ff00693 addi             x13, x0, 255        x13=000000ff
20488932ns          348000 1c0080be 00c6b6b3 sltu             x13, x13, x12       x13=00000000 x13:000000ff x12:0000000a
20488952ns          348001 1c0080c2 00369693 slli             x13, x13, 0x3       x13=00000000 x13:00000000
20488972ns          348002 1c0080c4 00d658b3 srl              x17, x12, x13       x17=0000000a x12:0000000a x13:00000000
20488993ns          348003 1c0080c8 01170733 add              x14, x14, x17       x14=1c000872 x14:1c000868 x17:0000000a
20489013ns          348004 1c0080ca 00074703 lbu              x14, 0(x14)         x14=00000004 x14:1c000872  PA:1c000872
20489357ns          348021 1c0080ce 00e686b3 add              x13, x13, x14       x13=00000004 x13:00000000 x14:00000004
20489377ns          348022 1c0080d0 02000713 addi             x14, x0, 32         x14=00000020
20489397ns          348023 1c0080d4 40d70733 sub              x14, x14, x13       x14=0000001c x14:00000020 x13:00000004
20489418ns          348024 1c0080d6 00070b63 beq              x14, x0, 22         x14:0000001c
20489438ns          348025 1c0080d8 00e797b3 sll              x15, x15, x14       x15=00000000 x15:00000000 x14:0000001c
20489458ns          348026 1c0080dc 00d556b3 srl              x13, x10, x13       x13=00000000 x10:00000001 x13:00000004
20489499ns          348028 1c0080e0 00e61833 sll              x16, x12, x14       x16=a0000000 x12:0000000a x14:0000001c
20489539ns          348030 1c0080e4 00f6e5b3 or               x11, x13, x15       x11=00000000 x13:00000000 x15:00000000
20489559ns          348031 1c0080e8 00e51333 sll              x6, x10, x14         x6=10000000 x10:00000001 x14:0000001c
20489580ns          348032 1c0080ec 01085513 srli             x10, x16, 0x10      x10=0000a000 x16:a0000000
20489640ns          348035 1c0080f0 02a5f733 remu             x14, x11, x10       x14=00000000 x11:00000000 x10:0000a000
20490045ns          348055 1c0080f4 02a5d7b3 divu             x15, x11, x10       x15=00000000 x11:00000000 x10:0000a000
20490430ns          348074 1c0080f8 01081613 slli             x12, x16, 0x10      x12=00000000 x16:a0000000
20490450ns          348075 1c0080fc 01071713 slli             x14, x14, 0x10      x14=00000000 x14:00000000
20490470ns          348076 1c0080fe 01065613 srli             x12, x12, 0x10      x12=00000000 x12:00000000
20490490ns          348077 1c008100 01035693 srli             x13, x6, 0x10       x13=00001000  x6:10000000
20490511ns          348078 1c008104 00e6e6b3 or               x13, x13, x14       x13=00001000 x13:00001000 x14:00000000
20490531ns          348079 1c008106 02f605b3 mul              x11, x12, x15       x11=00000000 x12:00000000 x15:00000000
20490551ns          348080 1c00810a 00f00733 add              x14, x0, x15        x14=00000000 x15:00000000
20490571ns          348081 1c00810c 00b6fc63 bgeu             x13, x11, 24        x13:00001000 x11:00000000
20490632ns          348084 1c008124 40b686b3 sub              x13, x13, x11       x13=00001000 x13:00001000 x11:00000000
20490652ns          348085 1c008126 02a6f7b3 remu             x15, x13, x10       x15=00001000 x13:00001000 x10:0000a000
20491037ns          348104 1c00812a 02a6d6b3 divu             x13, x13, x10       x13=00000000 x13:00001000 x10:0000a000
20491421ns          348123 1c00812e 01031313 slli             x6, x6, 0x10         x6=00000000  x6:10000000
20491442ns          348124 1c008130 01079793 slli             x15, x15, 0x10      x15=10000000 x15:00001000
20491462ns          348125 1c008132 01035313 srli             x6, x6, 0x10         x6=00000000  x6:00000000
20491482ns          348126 1c008136 02d605b3 mul              x11, x12, x13       x11=00000000 x12:00000000 x13:00000000
20491502ns          348127 1c00813a 0067e333 or               x6, x15, x6          x6=10000000 x15:10000000  x6:00000000
20491523ns          348128 1c00813e 00d00533 add              x10, x0, x13        x10=00000000 x13:00000000
20491563ns          348130 1c008140 00b37b63 bgeu             x6, x11, 22          x6:10000000 x11:00000000
20491664ns          348135 1c008156 01071713 slli             x14, x14, 0x10      x14=00000000 x14:00000000
20491705ns          348137 1c008158 00a76733 or               x14, x14, x10       x14=00000000 x14:00000000 x10:00000000
20491725ns          348138 1c00815a 00000593 addi             x11, x0, 0          x11=00000000
20491745ns          348139 1c00815c 0b20006f jal              x0, 178            
20491867ns          348145 1c00820e 00e00533 add              x10, x0, x14        x10=00000000 x14:00000000
20491948ns          348149 1c008210 00008067 jalr             x0, x1, 0            x1:1c008fe2
20492008ns          348152 1c008fe2 03090913 addi             x18, x18, 48        x18=00000031 x18:00000001
20492029ns          348153 1c008fe6 012d8023 sb               x18, 0(x27)         x18:00000031 x27:1000238d  PA:1000238d
20492049ns          348154 1c008fea 00a5e7b3 or               x15, x11, x10       x15=00000000 x11:00000000 x10:00000000
20492110ns          348157 1c008fee 001d8913 addi             x18, x27, 1         x18=1000238e x27:1000238d
20492130ns          348158 1c008ff2 00a00433 add              x8, x0, x10          x8=00000000 x10:00000000
20492150ns          348159 1c008ff4 00b00cb3 add              x25, x0, x11        x25=00000000 x11:00000000
20492170ns          348160 1c008ff6 fc0798e3 bne              x15, x0, -48        x15:00000000
20492191ns          348161 1c008ff8 00090023 sb               x0, 0(x18)          x18:1000238e  PA:1000238e
20492211ns          348162 1c008ffc 01ba7d63 bgeu             x20, x27, 26        x20:1000238c x27:1000238d
20492231ns          348163 1c009000 01b007b3 add              x15, x0, x27        x15=1000238d x27:1000238d
20492251ns          348164 1c009002 000a4683 lbu              x13, 0(x20)         x13=00000036 x20:1000238c  PA:1000238c
20492272ns          348165 1c009006 0007c703 lbu              x14, 0(x15)         x14=00000031 x15:1000238d  PA:1000238d
20492292ns          348166 1c00900a fed78fab p.sb             x13, -1(x15!)       x15=1000238c x13:00000036 x15:1000238d  PA:1000238d
20492332ns          348168 1c00900e 00ea00ab p.sb             x14, 1(x20!)        x20=1000238d x14:00000031 x20:1000238c  PA:1000238c
20492373ns          348170 1c009012 fefa68e3 bltu             x20, x15, -16       x20:1000238d x15:1000238c
20492393ns          348171 1c009016 00012783 lw               x15, 0(x2)          x15=1000238c  x2:10002368  PA:10002368
20492413ns          348172 1c009018 00c12703 lw               x14, 12(x2)         x14=00000000  x2:10002368  PA:10002374
20492433ns          348173 1c00901a 40f90933 sub              x18, x18, x15       x18=00000002 x18:1000238e x15:1000238c
20492474ns          348175 1c00901e 3c071de3 bne              x14, x0, 3034       x14:00000000
20492494ns          348176 1c009022 01012783 lw               x15, 16(x2)         x15=00000000  x2:10002368  PA:10002378
20492535ns          348178 1c009024 3c079ae3 bne              x15, x0, 3028       x15:00000000
20492555ns          348179 1c009028 00412703 lw               x14, 4(x2)          x14=00000000  x2:10002368  PA:1000236c
20492595ns          348181 1c00902a 01f75713 srli             x14, x14, 0x1f      x14=00000000 x14:00000000
20492616ns          348182 1c00902c 00e12223 sw               x14, 4(x2)          x14:00000000  x2:10002368  PA:1000236c
20492636ns          348183 1c00902e 3404c463 blt              x9, x0, 840          x9:ffffffff
20492737ns          348188 1c009376 00000c93 addi             x25, x0, 0          x25=00000000
20492778ns          348190 1c009378 00012c23 sw               x0, 24(x2)           x2:10002368  PA:10002380
20492798ns          348191 1c00937a 00000a13 addi             x20, x0, 0          x20=00000000
20492818ns          348192 1c00937c 01412783 lw               x15, 20(x2)         x15=00000000  x2:10002368  PA:1000237c
20492858ns          348194 1c00937e 5e078163 beq              x15, x0, 1506       x15:00000000
20492960ns          348199 1c009960 412b0b33 sub              x22, x22, x18       x22=fffffffe x22:00000000 x18:00000002
20493000ns          348201 1c009964 02410413 addi             x8, x2, 36           x8=1000238c  x2:10002368
20493020ns          348202 1c009966 00000493 addi             x9, x0, 0            x9=00000000
20493041ns          348203 1c009968 ee6ff06f jal              x0, -2330          
20493182ns          348210 1c00904e 00812703 lw               x14, 8(x2)          x14=00000000  x2:10002368  PA:10002370
20493263ns          348214 1c009050 02071063 bne              x14, x0, 32         x14:00000000
20493304ns          348216 1c009052 01605f63 bge              x0, x22, 30         x22:fffffffe
20493405ns          348221 1c009070 00412783 lw               x15, 4(x2)          x15=00000000  x2:10002368  PA:1000236c
20493445ns          348223 1c009072 00f40db3 add              x27, x8, x15        x27=1000238c  x8:1000238c x15:00000000
20493466ns          348224 1c009076 00c0006f jal              x0, 12             
20493547ns          348228 1c009082 017005b3 add              x11, x0, x23        x11=00000002 x23:00000002
20493587ns          348230 1c009084 ffb41ae3 bne              x8, x27, -12         x8:1000238c x27:1000238c
20493607ns          348231 1c009088 00900db3 add              x27, x0, x9         x27=00000000  x9:00000000
20493628ns          348232 1c00908a 0080006f jal              x0, 8              
20493729ns          348237 1c009092 fffd8d93 addi             x27, x27, -1        x27=ffffffff x27:00000000
20493749ns          348238 1c009094 017005b3 add              x11, x0, x23        x11=00000002 x23:00000002
20493769ns          348239 1c009096 03000513 addi             x10, x0, 48         x10=00000030
20493790ns          348240 1c00909a fffdb9e3 p.bneimm         x27, -14            x27:ffffffff
20493810ns          348241 1c00909e 00412703 lw               x14, 4(x2)          x14=00000000  x2:10002368  PA:1000236c
20493850ns          348243 1c0090a0 40e90933 sub              x18, x18, x14       x18=00000002 x18:00000002 x14:00000000
20493891ns          348245 1c0090a4 01212423 sw               x18, 8(x2)          x18:00000002  x2:10002368  PA:10002370
20493911ns          348246 1c0090a6 e40a15e3 bne              x20, x0, -438       x20:00000000
20493931ns          348247 1c0090aa 01812783 lw               x15, 24(x2)         x15=00000000  x2:10002368  PA:10002380
20493972ns          348249 1c0090ac 16079763 bne              x15, x0, 366        x15:00000000
20493992ns          348250 1c0090b0 120c8863 beq              x25, x0, 304        x25:00000000
20494093ns          348255 1c0091e0 017005b3 add              x11, x0, x23        x11=00000002 x23:00000002
20494134ns          348257 1c0091e2 ff2049e3 blt              x0, x18, -14        x18:00000002
20494235ns          348262 1c0091d4 0014450b p.lbu            x10, 1(x8!)         x10=00000031  x8=1000238d  x8:1000238c  PA:1000238c
20494275ns          348264 1c0091d8 fff90913 addi             x18, x18, -1        x18=00000001 x18:00000002
20494296ns          348265 1c0091da 000980e7 jalr             x1, x19, 0           x1=1c0091dc x19:1c008d20
20494376ns          348269 1c008d20 f14027f3 csrrs            x15, x0, 0xf14      x15=00000007
20494417ns          348271 1c008d24 1a10f6b7 lui              x13, 0x1a10f000     x13=1a10f000
20494437ns          348272 1c008d28 ca5797b3 p.extractu       x15, x15, 5, 5      x15=00000000 x15:00000007
20494457ns          348273 1c008d2c f1402773 csrrs            x14, x0, 0xf14      x14=00000007
20494518ns          348276 1c008d30 00779793 slli             x15, x15, 0x7       x15=00000000 x15:00000000
20494538ns          348277 1c008d32 00371713 slli             x14, x14, 0x3       x14=00000038 x14:00000007
20494559ns          348278 1c008d34 0ff57513 andi             x10, x10, 255       x10=00000031 x10:00000031
20494579ns          348279 1c008d38 ee873733 p.bclr           x14, x14, 23, 8     x14=00000038 x14:00000038
20494599ns          348280 1c008d3c 00d787b3 add              x15, x15, x13       x15=1a10f000 x15:00000000 x13:1a10f000
20494660ns          348283 1c008d3e 00a767a3 p.sw             x10, x0(x14)        x10:00000031 x14:00000038  PA:1a10f038
20494984ns          348299 1c008d42 00000513 addi             x10, x0, 0          x10=00000000
20495004ns          348300 1c008d44 00008067 jalr             x0, x1, 0            x1:1c0091dc
20495085ns          348304 1c0091dc d5f522e3 p.beqimm         x10, -700           x10:00000000
20495125ns          348306 1c0091e0 017005b3 add              x11, x0, x23        x11=00000002 x23:00000002
20495146ns          348307 1c0091e2 ff2049e3 blt              x0, x18, -14        x18:00000001
20495206ns          348310 1c0091d4 0014450b p.lbu            x10, 1(x8!)         x10=00000036  x8=1000238e  x8:1000238d  PA:1000238d
20495227ns          348311 1c0091d8 fff90913 addi             x18, x18, -1        x18=00000000 x18:00000001
20495247ns          348312 1c0091da 000980e7 jalr             x1, x19, 0           x1=1c0091dc x19:1c008d20
20495287ns          348314 1c008d20 f14027f3 csrrs            x15, x0, 0xf14      x15=00000007
20495308ns          348315 1c008d24 1a10f6b7 lui              x13, 0x1a10f000     x13=1a10f000
20495328ns          348316 1c008d28 ca5797b3 p.extractu       x15, x15, 5, 5      x15=00000000 x15:00000007
20495348ns          348317 1c008d2c f1402773 csrrs            x14, x0, 0xf14      x14=00000007
20495368ns          348318 1c008d30 00779793 slli             x15, x15, 0x7       x15=00000000 x15:00000000
20495388ns          348319 1c008d32 00371713 slli             x14, x14, 0x3       x14=00000038 x14:00000007
20495409ns          348320 1c008d34 0ff57513 andi             x10, x10, 255       x10=00000036 x10:00000036
20495429ns          348321 1c008d38 ee873733 p.bclr           x14, x14, 23, 8     x14=00000038 x14:00000038
20495449ns          348322 1c008d3c 00d787b3 add              x15, x15, x13       x15=1a10f000 x15:00000000 x13:1a10f000
20495469ns          348323 1c008d3e 00a767a3 p.sw             x10, x0(x14)        x10:00000036 x14:00000038  PA:1a10f038
20495793ns          348339 1c008d42 00000513 addi             x10, x0, 0          x10=00000000
20495814ns          348340 1c008d44 00008067 jalr             x0, x1, 0            x1:1c0091dc
20495854ns          348342 1c0091dc d5f522e3 p.beqimm         x10, -700           x10:00000000
20495874ns          348343 1c0091e0 017005b3 add              x11, x0, x23        x11=00000002 x23:00000002
20495894ns          348344 1c0091e2 ff2049e3 blt              x0, x18, -14        x18:00000000
20495915ns          348345 1c0091e6 00412783 lw               x15, 4(x2)          x15=00000000  x2:10002368  PA:1000236c
20495935ns          348346 1c0091e8 01c12a03 lw               x20, 28(x2)         x20=10002418  x2:10002368  PA:10002384
20495955ns          348347 1c0091ea 00fa8733 add              x14, x21, x15       x14=0000001d x21:0000001d x15:00000000
20495975ns          348348 1c0091ee 00812783 lw               x15, 8(x2)          x15=00000002  x2:10002368  PA:10002370
20496340ns          348366 1c0091f0 00970733 add              x14, x14, x9        x14=0000001d x14:0000001d  x9:00000000
20496380ns          348368 1c0091f2 00e78ab3 add              x21, x15, x14       x21=0000001f x15:00000002 x14:0000001d
20496400ns          348369 1c0091f6 bf6059e3 bge              x0, x22, -1038      x22:fffffffe
20496562ns          348377 1c008de8 000d4503 lbu              x10, 0(x26)         x10=0000000a x26:1c0009cd  PA:1c0009cd
20496886ns          348393 1c008dec 001d0413 addi             x8, x26, 1           x8=1c0009ce x26:1c0009cd
20497008ns          348399 1c008df0 0c050b63 beq              x10, x0, 214        x10:0000000a
20497048ns          348401 1c008df2 02500793 addi             x15, x0, 37         x15=00000025
20497068ns          348402 1c008df6 fef513e3 bne              x10, x15, -26       x10:0000000a x15:00000025
20497574ns          348427 1c008ddc 017005b3 add              x11, x0, x23        x11=00000002 x23:00000002
20497595ns          348428 1c008dde 000980e7 jalr             x1, x19, 0           x1=1c008de0 x19:1c008d20
20497635ns          348430 1c008d20 f14027f3 csrrs            x15, x0, 0xf14      x15=00000007
20497655ns          348431 1c008d24 1a10f6b7 lui              x13, 0x1a10f000     x13=1a10f000
20497676ns          348432 1c008d28 ca5797b3 p.extractu       x15, x15, 5, 5      x15=00000000 x15:00000007
20497696ns          348433 1c008d2c f1402773 csrrs            x14, x0, 0xf14      x14=00000007
20497716ns          348434 1c008d30 00779793 slli             x15, x15, 0x7       x15=00000000 x15:00000000
20497736ns          348435 1c008d32 00371713 slli             x14, x14, 0x3       x14=00000038 x14:00000007
20497757ns          348436 1c008d34 0ff57513 andi             x10, x10, 255       x10=0000000a x10:0000000a
20497777ns          348437 1c008d38 ee873733 p.bclr           x14, x14, 23, 8     x14=00000038 x14:00000038
20497797ns          348438 1c008d3c 00d787b3 add              x15, x15, x13       x15=1a10f000 x15:00000000 x13:1a10f000
20497817ns          348439 1c008d3e 00a767a3 p.sw             x10, x0(x14)        x10:0000000a x14:00000038  PA:1a10f038
20498141ns          348455 1c008d42 00000513 addi             x10, x0, 0          x10=00000000
20498161ns          348456 1c008d44 00008067 jalr             x0, x1, 0            x1:1c008de0
20498202ns          348458 1c008de0 15f52063 p.beqimm         x10, 320            x10:00000000
20498222ns          348459 1c008de4 001a8a93 addi             x21, x21, 1         x21=00000020 x21:0000001f
20498242ns          348460 1c008de6 00800d33 add              x26, x0, x8         x26=1c0009ce  x8:1c0009ce
20498263ns          348461 1c008de8 000d4503 lbu              x10, 0(x26)         x10=00000000 x26:1c0009ce  PA:1c0009ce
20498566ns          348476 1c008dec 001d0413 addi             x8, x26, 1           x8=1c0009cf x26:1c0009ce
20498586ns          348477 1c008df0 0c050b63 beq              x10, x0, 214        x10:00000000
20498688ns          348482 1c008ec6 01500433 add              x8, x0, x21          x8=00000020 x21:00000020
20498728ns          348484 1c008ec8 00800533 add              x10, x0, x8         x10=00000020  x8:00000020
20498748ns          348485 1c008eca 07c12083 lw               x1, 124(x2)          x1=1c008da4  x2:10002368  PA:100023e4
20498769ns          348486 1c008ecc 07812403 lw               x8, 120(x2)          x8=xxxxxxxx  x2:10002368  PA:100023e0
20498789ns          348487 1c008ece 07412483 lw               x9, 116(x2)          x9=xxxxxxxx  x2:10002368  PA:100023dc
20498809ns          348488 1c008ed0 07012903 lw               x18, 112(x2)        x18=00204000  x2:10002368  PA:100023d8
20498829ns          348489 1c008ed2 06c12983 lw               x19, 108(x2)        x19=00000007  x2:10002368  PA:100023d4
20498850ns          348490 1c008ed4 06812a03 lw               x20, 104(x2)        x20=1c01011e  x2:10002368  PA:100023d0
20498870ns          348491 1c008ed6 06412a83 lw               x21, 100(x2)        x21=1c010122  x2:10002368  PA:100023cc
20498890ns          348492 1c008ed8 06012b03 lw               x22, 96(x2)         x22=xxxxxxxx  x2:10002368  PA:100023c8
20498910ns          348493 1c008eda 05c12b83 lw               x23, 92(x2)         x23=xxxxxxxx  x2:10002368  PA:100023c4
20498930ns          348494 1c008edc 05812c03 lw               x24, 88(x2)         x24=xxxxxxxx  x2:10002368  PA:100023c0
20498951ns          348495 1c008ede 05412c83 lw               x25, 84(x2)         x25=xxxxxxxx  x2:10002368  PA:100023bc
20498971ns          348496 1c008ee0 05012d03 lw               x26, 80(x2)         x26=xxxxxxxx  x2:10002368  PA:100023b8
20498991ns          348497 1c008ee2 04c12d83 lw               x27, 76(x2)         x27=xxxxxxxx  x2:10002368  PA:100023b4
20499011ns          348498 1c008ee4 08010113 addi             x2, x2, 128          x2=100023e8  x2:10002368
20499032ns          348499 1c008ee6 00008067 jalr             x0, x1, 0            x1:1c008da4
20499173ns          348506 1c008da4 01c12083 lw               x1, 28(x2)           x1=1c01011e  x2:100023e8  PA:10002404
20499194ns          348507 1c008da6 04010113 addi             x2, x2, 64           x2=10002428  x2:100023e8
20499234ns          348509 1c008da8 00008067 jalr             x0, x1, 0            x1:1c01011e
20499457ns          348520 1c01011e 21c96283 p.elw            x5, 540(x18)         x5=00010000 x18:00204000  PA:0020421c
