                Time          Cycles PC       Instr    Mnemonic
20180737ns          332773 1c008080 00003517 auipc            x10, 0x3000         x10=1c00b080
20180778ns          332775 1c008084 02250513 addi             x10, x10, 34        x10=1c00b0a2 x10:1c00b080
20180818ns          332777 1c008088 00050067 jalr             x0, x10, 0          x10:1c00b0a2
20181749ns          332823 1c00b0a2 cc101073 csrrw            x0, x0, 0xcc1      
20181770ns          332824 1c00b0a6 f1402573 csrrs            x10, x0, 0xf14      x10=00000004
20181790ns          332825 1c00b0aa 01f57593 andi             x11, x10, 31        x11=00000004 x10:00000004
20181810ns          332826 1c00b0ae 00555513 srli             x10, x10, 0x5       x10=00000000 x10:00000004
20182235ns          332847 1c00b0b0 01f00613 addi             x12, x0, 31         x12=0000001f
20182276ns          332849 1c00b0b2 00c50463 beq              x10, x12, 8         x10:00000000 x12:0000001f
20182296ns          332850 1c00b0b6 74b0406f jal              x0, 20298          
20182680ns          332869 1c010000 f1402573 csrrs            x10, x0, 0xf14      x10=00000004
20182721ns          332871 1c010004 01f57593 andi             x11, x10, 31        x11=00000004 x10:00000004
20182741ns          332872 1c010008 00555513 srli             x10, x10, 0x5       x10=00000000 x10:00000004
20182761ns          332873 1c01000a 000702b7 lui              x5, 0x70000          x5=00070000
20183126ns          332891 1c01000e 00204337 lui              x6, 0x204000         x6=00204000
20183166ns          332893 1c010012 00532023 sw               x5, 0(x6)            x5:00070000  x6:00204000  PA:00204000
20183186ns          332894 1c010016 00000393 addi             x7, x0, 0            x7=00000000
20183207ns          332895 1c010018 0e759463 bne              x11, x7, 232        x11:00000004  x7:00000000
20183996ns          332934 1c010100 00204937 lui              x18, 0x204000       x18=00204000
20184037ns          332936 1c010104 f14029f3 csrrs            x19, x0, 0xf14      x19=00000004
20184057ns          332937 1c010108 01f9f993 andi             x19, x19, 31        x19=00000004 x19:00000004
20184077ns          332938 1c01010c 00000a17 auipc            x20, 0x0            x20=1c01010c
20184441ns          332956 1c010110 012a0a13 addi             x20, x20, 18        x20=1c01011e x20:1c01010c
20184482ns          332958 1c010114 00000a97 auipc            x21, 0x0            x21=1c010114
20184502ns          332959 1c010118 00ea8a93 addi             x21, x21, 14        x21=1c010122 x21:1c010114
20184522ns          332960 1c01011c 0060006f jal              x0, 6              
20184947ns          332981 1c010122 08096283 p.elw            x5, 128(x18)         x5=1c01013f x18:00204000  PA:00204080
20190028ns          333232 1c010126 08096503 p.elw            x10, 128(x18)       x10=00000400 x18:00204000  PA:00204080
20190129ns          333237 1c01012a 0012f313 andi             x6, x5, 1            x6=00000001  x5:1c01013f
20190149ns          333238 1c01012e 00031563 bne              x6, x0, 10           x6:00000001
20190210ns          333241 1c010138 000a80b3 add              x1, x21, x0          x1=1c010122 x21:1c010122
20190230ns          333242 1c01013c 00028067 jalr             x0, x5, 0            x5:1c01013f
20190736ns          333267 1c01013e 08096283 p.elw            x5, 128(x18)         x5=10000828 x18:00204000  PA:00204080
20190837ns          333272 1c010142 00098f13 addi             x30, x19, 0         x30=00000004 x19:00000004
20190857ns          333273 1c010146 02af0eb3 mul              x29, x30, x10       x29=00001000 x30:00000004 x10:00000400
20190878ns          333274 1c01014a 005e8133 add              x2, x29, x5          x2=10001828 x29:00001000  x5:10000828
20190898ns          333275 1c01014e 00008067 jalr             x0, x1, 0            x1:1c010122
20191384ns          333299 1c010122 08096283 p.elw            x5, 128(x18)         x5=1c00874e x18:00204000  PA:00204080
20191485ns          333304 1c010126 08096503 p.elw            x10, 128(x18)       x10=00000000 x18:00204000  PA:00204080
20191586ns          333309 1c01012a 0012f313 andi             x6, x5, 1            x6=00000000  x5:1c00874e
20191606ns          333310 1c01012e 00031563 bne              x6, x0, 10           x6:00000000
20191627ns          333311 1c010132 000a00b3 add              x1, x20, x0          x1=1c01011e x20:1c01011e
20191647ns          333312 1c010136 00028067 jalr             x0, x5, 0            x5:1c00874e
20192092ns          333334 1c00874e fd010113 addi             x2, x2, -48          x2=100017f8  x2:10001828
20192497ns          333354 1c008750 f14025f3 csrrs            x11, x0, 0xf14      x11=00000004
20192537ns          333356 1c008754 02912223 sw               x9, 36(x2)           x9:xxxxxxxx  x2:100017f8  PA:1000181c
20192558ns          333357 1c008756 1c001537 lui              x10, 0x1c001000     x10=1c001000
20192578ns          333358 1c00875a f14024f3 csrrs            x9, x0, 0xf14        x9=00000004
20193084ns          333383 1c00875e f454b4b3 p.bclr           x9, x9, 26, 5        x9=00000004  x9:00000004
20193104ns          333384 1c008762 00900633 add              x12, x0, x9         x12=00000004  x9:00000004
20193124ns          333385 1c008764 ca5595b3 p.extractu       x11, x11, 5, 5      x11=00000000 x11:00000004
20193145ns          333386 1c008768 98450513 addi             x10, x10, -1660     x10=1c000984 x10:1c001000
20193165ns          333387 1c00876c 02112623 sw               x1, 44(x2)           x1:1c01011e  x2:100017f8  PA:10001824
20193185ns          333388 1c00876e 02812423 sw               x8, 40(x2)           x8:xxxxxxxx  x2:100017f8  PA:10001820
20193468ns          333402 1c008770 01612823 sw               x22, 16(x2)         x22:xxxxxxxx  x2:100017f8  PA:10001808
20193489ns          333403 1c008772 01712623 sw               x23, 12(x2)         x23:xxxxxxxx  x2:100017f8  PA:10001804
20193509ns          333404 1c008774 03212023 sw               x18, 32(x2)         x18:00204000  x2:100017f8  PA:10001818
20193529ns          333405 1c008776 01312e23 sw               x19, 28(x2)         x19:00000004  x2:100017f8  PA:10001814
20193549ns          333406 1c008778 01412c23 sw               x20, 24(x2)         x20:1c01011e  x2:100017f8  PA:10001810
20193570ns          333407 1c00877a 01512a23 sw               x21, 20(x2)         x21:1c010122  x2:100017f8  PA:1000180c
20193590ns          333408 1c00877c 01812423 sw               x24, 8(x2)          x24:xxxxxxxx  x2:100017f8  PA:10001800
20193610ns          333409 1c00877e 5fe000ef jal              x1, 1534             x1=1c008780
20194379ns          333447 1c008d7c fc010113 addi             x2, x2, -64          x2=100017b8  x2:100017f8
20194845ns          333470 1c008d7e 02410313 addi             x6, x2, 36           x6=100017dc  x2:100017b8
20194865ns          333471 1c008d82 02c12423 sw               x12, 40(x2)         x12:00000004  x2:100017b8  PA:100017e0
20194885ns          333472 1c008d84 00a00633 add              x12, x0, x10        x12=1c000984 x10:1c000984
20194905ns          333473 1c008d86 1c009537 lui              x10, 0x1c009000     x10=1c009000
20194926ns          333474 1c008d8a 02b12223 sw               x11, 36(x2)         x11:00000000  x2:100017b8  PA:100017dc
20194946ns          333475 1c008d8c 02d12623 sw               x13, 44(x2)         x13:xxxxxxxx  x2:100017b8  PA:100017e4
20194966ns          333476 1c008d8e 00200593 addi             x11, x0, 2          x11=00000002
20195330ns          333494 1c008d90 006006b3 add              x13, x0, x6         x13=100017dc  x6:100017dc
20195371ns          333496 1c008d92 d2050513 addi             x10, x10, -736      x10=1c008d20 x10:1c009000
20195391ns          333497 1c008d96 00112e23 sw               x1, 28(x2)           x1:1c008780  x2:100017b8  PA:100017d4
20195411ns          333498 1c008d98 02e12823 sw               x14, 48(x2)         x14:xxxxxxxx  x2:100017b8  PA:100017e8
20195432ns          333499 1c008d9a 02f12a23 sw               x15, 52(x2)         x15:xxxxxxxx  x2:100017b8  PA:100017ec
20195452ns          333500 1c008d9c 03012c23 sw               x16, 56(x2)         x16:xxxxxxxx  x2:100017b8  PA:100017f0
20195472ns          333501 1c008d9e 03112e23 sw               x17, 60(x2)         x17:xxxxxxxx  x2:100017b8  PA:100017f4
20195816ns          333518 1c008da0 00612623 sw               x6, 12(x2)           x6:100017dc  x2:100017b8  PA:100017c4
20195836ns          333519 1c008da2 fa5ff0ef jal              x1, -92              x1=1c008da4
20196241ns          333539 1c008d46 0640006f jal              x0, 100            
20196282ns          333541 1c008daa f8010113 addi             x2, x2, -128         x2=10001738  x2:100017b8
20196302ns          333542 1c008dac 06812c23 sw               x8, 120(x2)          x8:xxxxxxxx  x2:10001738  PA:100017b0
20196322ns          333543 1c008dae 02410713 addi             x14, x2, 36         x14=1000175c  x2:10001738
20196707ns          333562 1c008db0 00000413 addi             x8, x0, 0            x8=00000000
20196727ns          333563 1c008db2 07312623 sw               x19, 108(x2)        x19:00000004  x2:10001738  PA:100017a4
20196747ns          333564 1c008db4 07412423 sw               x20, 104(x2)        x20:1c01011e  x2:10001738  PA:100017a0
20196768ns          333565 1c008db6 07512223 sw               x21, 100(x2)        x21:1c010122  x2:10001738  PA:1000179c
20196788ns          333566 1c008db8 05712e23 sw               x23, 92(x2)         x23:xxxxxxxx  x2:10001738  PA:10001794
20196808ns          333567 1c008dba 05812c23 sw               x24, 88(x2)         x24:xxxxxxxx  x2:10001738  PA:10001790
20196828ns          333568 1c008dbc 05a12823 sw               x26, 80(x2)         x26:xxxxxxxx  x2:10001738  PA:10001788
20196848ns          333569 1c008dbe 06112e23 sw               x1, 124(x2)          x1:1c008da4  x2:10001738  PA:100017b4
20197193ns          333586 1c008dc0 06912a23 sw               x9, 116(x2)          x9:00000004  x2:10001738  PA:100017ac
20197213ns          333587 1c008dc2 07212823 sw               x18, 112(x2)        x18:00204000  x2:10001738  PA:100017a8
20197233ns          333588 1c008dc4 07612023 sw               x22, 96(x2)         x22:xxxxxxxx  x2:10001738  PA:10001798
20197253ns          333589 1c008dc6 05912a23 sw               x25, 84(x2)         x25:xxxxxxxx  x2:10001738  PA:1000178c
20197274ns          333590 1c008dc8 05b12623 sw               x27, 76(x2)         x27:xxxxxxxx  x2:10001738  PA:10001784
20197294ns          333591 1c008dca 00a009b3 add              x19, x0, x10        x19=1c008d20 x10:1c008d20
20197314ns          333592 1c008dcc 00b00bb3 add              x23, x0, x11        x23=00000002 x11:00000002
20197334ns          333593 1c008dce 00c00d33 add              x26, x0, x12        x26=1c000984 x12:1c000984
20197658ns          333609 1c008dd0 00d00a33 add              x20, x0, x13        x20=100017dc x13:100017dc
20197699ns          333611 1c008dd2 1c001c37 lui              x24, 0x1c001000     x24=1c001000
20197719ns          333612 1c008dd6 00e12023 sw               x14, 0(x2)          x14:1000175c  x2:10001738  PA:10001738
20197739ns          333613 1c008dd8 00800ab3 add              x21, x0, x8         x21=00000000  x8:00000000
20197759ns          333614 1c008dda 00e0006f jal              x0, 14             
20198286ns          333640 1c008de8 000d4503 lbu              x10, 0(x26)         x10=00000045 x26:1c000984  PA:1c000984
20198771ns          333664 1c008dec 001d0413 addi             x8, x26, 1           x8=1c000985 x26:1c000984
20198792ns          333665 1c008df0 0c050b63 beq              x10, x0, 214        x10:00000045
20198812ns          333666 1c008df2 02500793 addi             x15, x0, 37         x15=00000025
20198832ns          333667 1c008df6 fef513e3 bne              x10, x15, -26       x10:00000045 x15:00000025
20199176ns          333684 1c008ddc 017005b3 add              x11, x0, x23        x11=00000002 x23:00000002
20199196ns          333685 1c008dde 000980e7 jalr             x1, x19, 0           x1=1c008de0 x19:1c008d20
20199621ns          333706 1c008d20 f14027f3 csrrs            x15, x0, 0xf14      x15=00000004
20199662ns          333708 1c008d24 1a10f6b7 lui              x13, 0x1a10f000     x13=1a10f000
20199682ns          333709 1c008d28 ca5797b3 p.extractu       x15, x15, 5, 5      x15=00000000 x15:00000004
20199702ns          333710 1c008d2c f1402773 csrrs            x14, x0, 0xf14      x14=00000004
20200087ns          333729 1c008d30 00779793 slli             x15, x15, 0x7       x15=00000000 x15:00000000
20200107ns          333730 1c008d32 00371713 slli             x14, x14, 0x3       x14=00000020 x14:00000004
20200127ns          333731 1c008d34 0ff57513 andi             x10, x10, 255       x10=00000045 x10:00000045
20200148ns          333732 1c008d38 ee873733 p.bclr           x14, x14, 23, 8     x14=00000020 x14:00000020
20200168ns          333733 1c008d3c 00d787b3 add              x15, x15, x13       x15=1a10f000 x15:00000000 x13:1a10f000
20200188ns          333734 1c008d3e 00a767a3 p.sw             x10, x0(x14)        x10:00000045 x14:00000020  PA:1a10f020
20200654ns          333757 1c008d42 00000513 addi             x10, x0, 0          x10=00000000
20200674ns          333758 1c008d44 00008067 jalr             x0, x1, 0            x1:1c008de0
20200714ns          333760 1c008de0 15f52063 p.beqimm         x10, 320            x10:00000000
20200735ns          333761 1c008de4 001a8a93 addi             x21, x21, 1         x21=00000001 x21:00000000
20200755ns          333762 1c008de6 00800d33 add              x26, x0, x8         x26=1c000985  x8:1c000985
20200775ns          333763 1c008de8 000d4503 lbu              x10, 0(x26)         x10=0000006e x26:1c000985  PA:1c000985
20201079ns          333778 1c008dec 001d0413 addi             x8, x26, 1           x8=1c000986 x26:1c000985
20201099ns          333779 1c008df0 0c050b63 beq              x10, x0, 214        x10:0000006e
20201119ns          333780 1c008df2 02500793 addi             x15, x0, 37         x15=00000025
20201139ns          333781 1c008df6 fef513e3 bne              x10, x15, -26       x10:0000006e x15:00000025
20201200ns          333784 1c008ddc 017005b3 add              x11, x0, x23        x11=00000002 x23:00000002
20201220ns          333785 1c008dde 000980e7 jalr             x1, x19, 0           x1=1c008de0 x19:1c008d20
20201261ns          333787 1c008d20 f14027f3 csrrs            x15, x0, 0xf14      x15=00000004
20201281ns          333788 1c008d24 1a10f6b7 lui              x13, 0x1a10f000     x13=1a10f000
20201301ns          333789 1c008d28 ca5797b3 p.extractu       x15, x15, 5, 5      x15=00000000 x15:00000004
20201322ns          333790 1c008d2c f1402773 csrrs            x14, x0, 0xf14      x14=00000004
20201342ns          333791 1c008d30 00779793 slli             x15, x15, 0x7       x15=00000000 x15:00000000
20201362ns          333792 1c008d32 00371713 slli             x14, x14, 0x3       x14=00000020 x14:00000004
20201382ns          333793 1c008d34 0ff57513 andi             x10, x10, 255       x10=0000006e x10:0000006e
20201402ns          333794 1c008d38 ee873733 p.bclr           x14, x14, 23, 8     x14=00000020 x14:00000020
20201423ns          333795 1c008d3c 00d787b3 add              x15, x15, x13       x15=1a10f000 x15:00000000 x13:1a10f000
20201443ns          333796 1c008d3e 00a767a3 p.sw             x10, x0(x14)        x10:0000006e x14:00000020  PA:1a10f020
20201807ns          333814 1c008d42 00000513 addi             x10, x0, 0          x10=00000000
20201828ns          333815 1c008d44 00008067 jalr             x0, x1, 0            x1:1c008de0
20201868ns          333817 1c008de0 15f52063 p.beqimm         x10, 320            x10:00000000
20201888ns          333818 1c008de4 001a8a93 addi             x21, x21, 1         x21=00000002 x21:00000001
20201908ns          333819 1c008de6 00800d33 add              x26, x0, x8         x26=1c000986  x8:1c000986
20201929ns          333820 1c008de8 000d4503 lbu              x10, 0(x26)         x10=00000074 x26:1c000986  PA:1c000986
20202232ns          333835 1c008dec 001d0413 addi             x8, x26, 1           x8=1c000987 x26:1c000986
20202253ns          333836 1c008df0 0c050b63 beq              x10, x0, 214        x10:00000074
20202273ns          333837 1c008df2 02500793 addi             x15, x0, 37         x15=00000025
20202293ns          333838 1c008df6 fef513e3 bne              x10, x15, -26       x10:00000074 x15:00000025
20202354ns          333841 1c008ddc 017005b3 add              x11, x0, x23        x11=00000002 x23:00000002
20202374ns          333842 1c008dde 000980e7 jalr             x1, x19, 0           x1=1c008de0 x19:1c008d20
20202414ns          333844 1c008d20 f14027f3 csrrs            x15, x0, 0xf14      x15=00000004
20202435ns          333845 1c008d24 1a10f6b7 lui              x13, 0x1a10f000     x13=1a10f000
20202455ns          333846 1c008d28 ca5797b3 p.extractu       x15, x15, 5, 5      x15=00000000 x15:00000004
20202475ns          333847 1c008d2c f1402773 csrrs            x14, x0, 0xf14      x14=00000004
20202495ns          333848 1c008d30 00779793 slli             x15, x15, 0x7       x15=00000000 x15:00000000
20202516ns          333849 1c008d32 00371713 slli             x14, x14, 0x3       x14=00000020 x14:00000004
20202536ns          333850 1c008d34 0ff57513 andi             x10, x10, 255       x10=00000074 x10:00000074
20202556ns          333851 1c008d38 ee873733 p.bclr           x14, x14, 23, 8     x14=00000020 x14:00000020
20202576ns          333852 1c008d3c 00d787b3 add              x15, x15, x13       x15=1a10f000 x15:00000000 x13:1a10f000
20202597ns          333853 1c008d3e 00a767a3 p.sw             x10, x0(x14)        x10:00000074 x14:00000020  PA:1a10f020
20202920ns          333869 1c008d42 00000513 addi             x10, x0, 0          x10=00000000
20202941ns          333870 1c008d44 00008067 jalr             x0, x1, 0            x1:1c008de0
20202981ns          333872 1c008de0 15f52063 p.beqimm         x10, 320            x10:00000000
20203001ns          333873 1c008de4 001a8a93 addi             x21, x21, 1         x21=00000003 x21:00000002
20203022ns          333874 1c008de6 00800d33 add              x26, x0, x8         x26=1c000987  x8:1c000987
20203042ns          333875 1c008de8 000d4503 lbu              x10, 0(x26)         x10=00000065 x26:1c000987  PA:1c000987
20203346ns          333890 1c008dec 001d0413 addi             x8, x26, 1           x8=1c000988 x26:1c000987
20203366ns          333891 1c008df0 0c050b63 beq              x10, x0, 214        x10:00000065
20203386ns          333892 1c008df2 02500793 addi             x15, x0, 37         x15=00000025
20203406ns          333893 1c008df6 fef513e3 bne              x10, x15, -26       x10:00000065 x15:00000025
20203467ns          333896 1c008ddc 017005b3 add              x11, x0, x23        x11=00000002 x23:00000002
20203487ns          333897 1c008dde 000980e7 jalr             x1, x19, 0           x1=1c008de0 x19:1c008d20
20203528ns          333899 1c008d20 f14027f3 csrrs            x15, x0, 0xf14      x15=00000004
20203548ns          333900 1c008d24 1a10f6b7 lui              x13, 0x1a10f000     x13=1a10f000
20203568ns          333901 1c008d28 ca5797b3 p.extractu       x15, x15, 5, 5      x15=00000000 x15:00000004
20203588ns          333902 1c008d2c f1402773 csrrs            x14, x0, 0xf14      x14=00000004
20203609ns          333903 1c008d30 00779793 slli             x15, x15, 0x7       x15=00000000 x15:00000000
20203629ns          333904 1c008d32 00371713 slli             x14, x14, 0x3       x14=00000020 x14:00000004
20203649ns          333905 1c008d34 0ff57513 andi             x10, x10, 255       x10=00000065 x10:00000065
20203669ns          333906 1c008d38 ee873733 p.bclr           x14, x14, 23, 8     x14=00000020 x14:00000020
20203690ns          333907 1c008d3c 00d787b3 add              x15, x15, x13       x15=1a10f000 x15:00000000 x13:1a10f000
20203710ns          333908 1c008d3e 00a767a3 p.sw             x10, x0(x14)        x10:00000065 x14:00000020  PA:1a10f020
20204034ns          333924 1c008d42 00000513 addi             x10, x0, 0          x10=00000000
20204054ns          333925 1c008d44 00008067 jalr             x0, x1, 0            x1:1c008de0
20204094ns          333927 1c008de0 15f52063 p.beqimm         x10, 320            x10:00000000
20204115ns          333928 1c008de4 001a8a93 addi             x21, x21, 1         x21=00000004 x21:00000003
20204135ns          333929 1c008de6 00800d33 add              x26, x0, x8         x26=1c000988  x8:1c000988
20204155ns          333930 1c008de8 000d4503 lbu              x10, 0(x26)         x10=00000072 x26:1c000988  PA:1c000988
20204459ns          333945 1c008dec 001d0413 addi             x8, x26, 1           x8=1c000989 x26:1c000988
20204479ns          333946 1c008df0 0c050b63 beq              x10, x0, 214        x10:00000072
20204499ns          333947 1c008df2 02500793 addi             x15, x0, 37         x15=00000025
20204519ns          333948 1c008df6 fef513e3 bne              x10, x15, -26       x10:00000072 x15:00000025
20204580ns          333951 1c008ddc 017005b3 add              x11, x0, x23        x11=00000002 x23:00000002
20204600ns          333952 1c008dde 000980e7 jalr             x1, x19, 0           x1=1c008de0 x19:1c008d20
20204641ns          333954 1c008d20 f14027f3 csrrs            x15, x0, 0xf14      x15=00000004
20204661ns          333955 1c008d24 1a10f6b7 lui              x13, 0x1a10f000     x13=1a10f000
20204681ns          333956 1c008d28 ca5797b3 p.extractu       x15, x15, 5, 5      x15=00000000 x15:00000004
20204702ns          333957 1c008d2c f1402773 csrrs            x14, x0, 0xf14      x14=00000004
20204722ns          333958 1c008d30 00779793 slli             x15, x15, 0x7       x15=00000000 x15:00000000
20204742ns          333959 1c008d32 00371713 slli             x14, x14, 0x3       x14=00000020 x14:00000004
20204762ns          333960 1c008d34 0ff57513 andi             x10, x10, 255       x10=00000072 x10:00000072
20204783ns          333961 1c008d38 ee873733 p.bclr           x14, x14, 23, 8     x14=00000020 x14:00000020
20204803ns          333962 1c008d3c 00d787b3 add              x15, x15, x13       x15=1a10f000 x15:00000000 x13:1a10f000
20204823ns          333963 1c008d3e 00a767a3 p.sw             x10, x0(x14)        x10:00000072 x14:00000020  PA:1a10f020
20205147ns          333979 1c008d42 00000513 addi             x10, x0, 0          x10=00000000
20205167ns          333980 1c008d44 00008067 jalr             x0, x1, 0            x1:1c008de0
20205208ns          333982 1c008de0 15f52063 p.beqimm         x10, 320            x10:00000000
20205228ns          333983 1c008de4 001a8a93 addi             x21, x21, 1         x21=00000005 x21:00000004
20205248ns          333984 1c008de6 00800d33 add              x26, x0, x8         x26=1c000989  x8:1c000989
20205268ns          333985 1c008de8 000d4503 lbu              x10, 0(x26)         x10=00000065 x26:1c000989  PA:1c000989
20205572ns          334000 1c008dec 001d0413 addi             x8, x26, 1           x8=1c00098a x26:1c000989
20205592ns          334001 1c008df0 0c050b63 beq              x10, x0, 214        x10:00000065
20205612ns          334002 1c008df2 02500793 addi             x15, x0, 37         x15=00000025
20205633ns          334003 1c008df6 fef513e3 bne              x10, x15, -26       x10:00000065 x15:00000025
20205693ns          334006 1c008ddc 017005b3 add              x11, x0, x23        x11=00000002 x23:00000002
20205714ns          334007 1c008dde 000980e7 jalr             x1, x19, 0           x1=1c008de0 x19:1c008d20
20205754ns          334009 1c008d20 f14027f3 csrrs            x15, x0, 0xf14      x15=00000004
20205774ns          334010 1c008d24 1a10f6b7 lui              x13, 0x1a10f000     x13=1a10f000
20205795ns          334011 1c008d28 ca5797b3 p.extractu       x15, x15, 5, 5      x15=00000000 x15:00000004
20205815ns          334012 1c008d2c f1402773 csrrs            x14, x0, 0xf14      x14=00000004
20205835ns          334013 1c008d30 00779793 slli             x15, x15, 0x7       x15=00000000 x15:00000000
20205855ns          334014 1c008d32 00371713 slli             x14, x14, 0x3       x14=00000020 x14:00000004
20205876ns          334015 1c008d34 0ff57513 andi             x10, x10, 255       x10=00000065 x10:00000065
20205896ns          334016 1c008d38 ee873733 p.bclr           x14, x14, 23, 8     x14=00000020 x14:00000020
20205916ns          334017 1c008d3c 00d787b3 add              x15, x15, x13       x15=1a10f000 x15:00000000 x13:1a10f000
20205936ns          334018 1c008d3e 00a767a3 p.sw             x10, x0(x14)        x10:00000065 x14:00000020  PA:1a10f020
20206260ns          334034 1c008d42 00000513 addi             x10, x0, 0          x10=00000000
20206280ns          334035 1c008d44 00008067 jalr             x0, x1, 0            x1:1c008de0
20206321ns          334037 1c008de0 15f52063 p.beqimm         x10, 320            x10:00000000
20206341ns          334038 1c008de4 001a8a93 addi             x21, x21, 1         x21=00000006 x21:00000005
20206361ns          334039 1c008de6 00800d33 add              x26, x0, x8         x26=1c00098a  x8:1c00098a
20206382ns          334040 1c008de8 000d4503 lbu              x10, 0(x26)         x10=00000064 x26:1c00098a  PA:1c00098a
20206685ns          334055 1c008dec 001d0413 addi             x8, x26, 1           x8=1c00098b x26:1c00098a
20206705ns          334056 1c008df0 0c050b63 beq              x10, x0, 214        x10:00000064
20206726ns          334057 1c008df2 02500793 addi             x15, x0, 37         x15=00000025
20206746ns          334058 1c008df6 fef513e3 bne              x10, x15, -26       x10:00000064 x15:00000025
20206807ns          334061 1c008ddc 017005b3 add              x11, x0, x23        x11=00000002 x23:00000002
20206827ns          334062 1c008dde 000980e7 jalr             x1, x19, 0           x1=1c008de0 x19:1c008d20
20206867ns          334064 1c008d20 f14027f3 csrrs            x15, x0, 0xf14      x15=00000004
20206888ns          334065 1c008d24 1a10f6b7 lui              x13, 0x1a10f000     x13=1a10f000
20206908ns          334066 1c008d28 ca5797b3 p.extractu       x15, x15, 5, 5      x15=00000000 x15:00000004
20206928ns          334067 1c008d2c f1402773 csrrs            x14, x0, 0xf14      x14=00000004
20206948ns          334068 1c008d30 00779793 slli             x15, x15, 0x7       x15=00000000 x15:00000000
20206968ns          334069 1c008d32 00371713 slli             x14, x14, 0x3       x14=00000020 x14:00000004
20206989ns          334070 1c008d34 0ff57513 andi             x10, x10, 255       x10=00000064 x10:00000064
20207009ns          334071 1c008d38 ee873733 p.bclr           x14, x14, 23, 8     x14=00000020 x14:00000020
20207029ns          334072 1c008d3c 00d787b3 add              x15, x15, x13       x15=1a10f000 x15:00000000 x13:1a10f000
20207049ns          334073 1c008d3e 00a767a3 p.sw             x10, x0(x14)        x10:00000064 x14:00000020  PA:1a10f020
20207373ns          334089 1c008d42 00000513 addi             x10, x0, 0          x10=00000000
20207394ns          334090 1c008d44 00008067 jalr             x0, x1, 0            x1:1c008de0
20207434ns          334092 1c008de0 15f52063 p.beqimm         x10, 320            x10:00000000
20207454ns          334093 1c008de4 001a8a93 addi             x21, x21, 1         x21=00000007 x21:00000006
20207474ns          334094 1c008de6 00800d33 add              x26, x0, x8         x26=1c00098b  x8:1c00098b
20207495ns          334095 1c008de8 000d4503 lbu              x10, 0(x26)         x10=00000020 x26:1c00098b  PA:1c00098b
20207798ns          334110 1c008dec 001d0413 addi             x8, x26, 1           x8=1c00098c x26:1c00098b
20207819ns          334111 1c008df0 0c050b63 beq              x10, x0, 214        x10:00000020
20207839ns          334112 1c008df2 02500793 addi             x15, x0, 37         x15=00000025
20207859ns          334113 1c008df6 fef513e3 bne              x10, x15, -26       x10:00000020 x15:00000025
20207920ns          334116 1c008ddc 017005b3 add              x11, x0, x23        x11=00000002 x23:00000002
20207940ns          334117 1c008dde 000980e7 jalr             x1, x19, 0           x1=1c008de0 x19:1c008d20
20207980ns          334119 1c008d20 f14027f3 csrrs            x15, x0, 0xf14      x15=00000004
20208001ns          334120 1c008d24 1a10f6b7 lui              x13, 0x1a10f000     x13=1a10f000
20208021ns          334121 1c008d28 ca5797b3 p.extractu       x15, x15, 5, 5      x15=00000000 x15:00000004
20208041ns          334122 1c008d2c f1402773 csrrs            x14, x0, 0xf14      x14=00000004
20208061ns          334123 1c008d30 00779793 slli             x15, x15, 0x7       x15=00000000 x15:00000000
20208082ns          334124 1c008d32 00371713 slli             x14, x14, 0x3       x14=00000020 x14:00000004
20208102ns          334125 1c008d34 0ff57513 andi             x10, x10, 255       x10=00000020 x10:00000020
20208122ns          334126 1c008d38 ee873733 p.bclr           x14, x14, 23, 8     x14=00000020 x14:00000020
20208142ns          334127 1c008d3c 00d787b3 add              x15, x15, x13       x15=1a10f000 x15:00000000 x13:1a10f000
20208163ns          334128 1c008d3e 00a767a3 p.sw             x10, x0(x14)        x10:00000020 x14:00000020  PA:1a10f020
20208486ns          334144 1c008d42 00000513 addi             x10, x0, 0          x10=00000000
20208507ns          334145 1c008d44 00008067 jalr             x0, x1, 0            x1:1c008de0
20208547ns          334147 1c008de0 15f52063 p.beqimm         x10, 320            x10:00000000
20208567ns          334148 1c008de4 001a8a93 addi             x21, x21, 1         x21=00000008 x21:00000007
20208588ns          334149 1c008de6 00800d33 add              x26, x0, x8         x26=1c00098c  x8:1c00098c
20208608ns          334150 1c008de8 000d4503 lbu              x10, 0(x26)         x10=00000063 x26:1c00098c  PA:1c00098c
20208912ns          334165 1c008dec 001d0413 addi             x8, x26, 1           x8=1c00098d x26:1c00098c
20208932ns          334166 1c008df0 0c050b63 beq              x10, x0, 214        x10:00000063
20208952ns          334167 1c008df2 02500793 addi             x15, x0, 37         x15=00000025
20208972ns          334168 1c008df6 fef513e3 bne              x10, x15, -26       x10:00000063 x15:00000025
20209033ns          334171 1c008ddc 017005b3 add              x11, x0, x23        x11=00000002 x23:00000002
20209053ns          334172 1c008dde 000980e7 jalr             x1, x19, 0           x1=1c008de0 x19:1c008d20
20209094ns          334174 1c008d20 f14027f3 csrrs            x15, x0, 0xf14      x15=00000004
20209114ns          334175 1c008d24 1a10f6b7 lui              x13, 0x1a10f000     x13=1a10f000
20209134ns          334176 1c008d28 ca5797b3 p.extractu       x15, x15, 5, 5      x15=00000000 x15:00000004
20209154ns          334177 1c008d2c f1402773 csrrs            x14, x0, 0xf14      x14=00000004
20209175ns          334178 1c008d30 00779793 slli             x15, x15, 0x7       x15=00000000 x15:00000000
20209195ns          334179 1c008d32 00371713 slli             x14, x14, 0x3       x14=00000020 x14:00000004
20209215ns          334180 1c008d34 0ff57513 andi             x10, x10, 255       x10=00000063 x10:00000063
20209235ns          334181 1c008d38 ee873733 p.bclr           x14, x14, 23, 8     x14=00000020 x14:00000020
20209256ns          334182 1c008d3c 00d787b3 add              x15, x15, x13       x15=1a10f000 x15:00000000 x13:1a10f000
20209276ns          334183 1c008d3e 00a767a3 p.sw             x10, x0(x14)        x10:00000063 x14:00000020  PA:1a10f020
20209600ns          334199 1c008d42 00000513 addi             x10, x0, 0          x10=00000000
20209620ns          334200 1c008d44 00008067 jalr             x0, x1, 0            x1:1c008de0
20209660ns          334202 1c008de0 15f52063 p.beqimm         x10, 320            x10:00000000
20209681ns          334203 1c008de4 001a8a93 addi             x21, x21, 1         x21=00000009 x21:00000008
20209701ns          334204 1c008de6 00800d33 add              x26, x0, x8         x26=1c00098d  x8:1c00098d
20209721ns          334205 1c008de8 000d4503 lbu              x10, 0(x26)         x10=0000006c x26:1c00098d  PA:1c00098d
20210025ns          334220 1c008dec 001d0413 addi             x8, x26, 1           x8=1c00098e x26:1c00098d
20210045ns          334221 1c008df0 0c050b63 beq              x10, x0, 214        x10:0000006c
20210065ns          334222 1c008df2 02500793 addi             x15, x0, 37         x15=00000025
20210085ns          334223 1c008df6 fef513e3 bne              x10, x15, -26       x10:0000006c x15:00000025
20210146ns          334226 1c008ddc 017005b3 add              x11, x0, x23        x11=00000002 x23:00000002
20210166ns          334227 1c008dde 000980e7 jalr             x1, x19, 0           x1=1c008de0 x19:1c008d20
20210207ns          334229 1c008d20 f14027f3 csrrs            x15, x0, 0xf14      x15=00000004
20210227ns          334230 1c008d24 1a10f6b7 lui              x13, 0x1a10f000     x13=1a10f000
20210247ns          334231 1c008d28 ca5797b3 p.extractu       x15, x15, 5, 5      x15=00000000 x15:00000004
20210268ns          334232 1c008d2c f1402773 csrrs            x14, x0, 0xf14      x14=00000004
20210288ns          334233 1c008d30 00779793 slli             x15, x15, 0x7       x15=00000000 x15:00000000
20210308ns          334234 1c008d32 00371713 slli             x14, x14, 0x3       x14=00000020 x14:00000004
20210328ns          334235 1c008d34 0ff57513 andi             x10, x10, 255       x10=0000006c x10:0000006c
20210349ns          334236 1c008d38 ee873733 p.bclr           x14, x14, 23, 8     x14=00000020 x14:00000020
20210369ns          334237 1c008d3c 00d787b3 add              x15, x15, x13       x15=1a10f000 x15:00000000 x13:1a10f000
20210389ns          334238 1c008d3e 00a767a3 p.sw             x10, x0(x14)        x10:0000006c x14:00000020  PA:1a10f020
20210713ns          334254 1c008d42 00000513 addi             x10, x0, 0          x10=00000000
20210733ns          334255 1c008d44 00008067 jalr             x0, x1, 0            x1:1c008de0
20210774ns          334257 1c008de0 15f52063 p.beqimm         x10, 320            x10:00000000
20210794ns          334258 1c008de4 001a8a93 addi             x21, x21, 1         x21=0000000a x21:00000009
20210814ns          334259 1c008de6 00800d33 add              x26, x0, x8         x26=1c00098e  x8:1c00098e
20210834ns          334260 1c008de8 000d4503 lbu              x10, 0(x26)         x10=00000075 x26:1c00098e  PA:1c00098e
20211138ns          334275 1c008dec 001d0413 addi             x8, x26, 1           x8=1c00098f x26:1c00098e
20211158ns          334276 1c008df0 0c050b63 beq              x10, x0, 214        x10:00000075
20211178ns          334277 1c008df2 02500793 addi             x15, x0, 37         x15=00000025
20211199ns          334278 1c008df6 fef513e3 bne              x10, x15, -26       x10:00000075 x15:00000025
20211259ns          334281 1c008ddc 017005b3 add              x11, x0, x23        x11=00000002 x23:00000002
20211280ns          334282 1c008dde 000980e7 jalr             x1, x19, 0           x1=1c008de0 x19:1c008d20
20211320ns          334284 1c008d20 f14027f3 csrrs            x15, x0, 0xf14      x15=00000004
20211340ns          334285 1c008d24 1a10f6b7 lui              x13, 0x1a10f000     x13=1a10f000
20211361ns          334286 1c008d28 ca5797b3 p.extractu       x15, x15, 5, 5      x15=00000000 x15:00000004
20211381ns          334287 1c008d2c f1402773 csrrs            x14, x0, 0xf14      x14=00000004
20211401ns          334288 1c008d30 00779793 slli             x15, x15, 0x7       x15=00000000 x15:00000000
20211421ns          334289 1c008d32 00371713 slli             x14, x14, 0x3       x14=00000020 x14:00000004
20211442ns          334290 1c008d34 0ff57513 andi             x10, x10, 255       x10=00000075 x10:00000075
20211462ns          334291 1c008d38 ee873733 p.bclr           x14, x14, 23, 8     x14=00000020 x14:00000020
20211482ns          334292 1c008d3c 00d787b3 add              x15, x15, x13       x15=1a10f000 x15:00000000 x13:1a10f000
20211502ns          334293 1c008d3e 00a767a3 p.sw             x10, x0(x14)        x10:00000075 x14:00000020  PA:1a10f020
20211826ns          334309 1c008d42 00000513 addi             x10, x0, 0          x10=00000000
20211846ns          334310 1c008d44 00008067 jalr             x0, x1, 0            x1:1c008de0
20211887ns          334312 1c008de0 15f52063 p.beqimm         x10, 320            x10:00000000
20211907ns          334313 1c008de4 001a8a93 addi             x21, x21, 1         x21=0000000b x21:0000000a
20211927ns          334314 1c008de6 00800d33 add              x26, x0, x8         x26=1c00098f  x8:1c00098f
20211948ns          334315 1c008de8 000d4503 lbu              x10, 0(x26)         x10=00000073 x26:1c00098f  PA:1c00098f
20212251ns          334330 1c008dec 001d0413 addi             x8, x26, 1           x8=1c000990 x26:1c00098f
20212271ns          334331 1c008df0 0c050b63 beq              x10, x0, 214        x10:00000073
20212292ns          334332 1c008df2 02500793 addi             x15, x0, 37         x15=00000025
20212312ns          334333 1c008df6 fef513e3 bne              x10, x15, -26       x10:00000073 x15:00000025
20212373ns          334336 1c008ddc 017005b3 add              x11, x0, x23        x11=00000002 x23:00000002
20212393ns          334337 1c008dde 000980e7 jalr             x1, x19, 0           x1=1c008de0 x19:1c008d20
20212433ns          334339 1c008d20 f14027f3 csrrs            x15, x0, 0xf14      x15=00000004
20212454ns          334340 1c008d24 1a10f6b7 lui              x13, 0x1a10f000     x13=1a10f000
20212474ns          334341 1c008d28 ca5797b3 p.extractu       x15, x15, 5, 5      x15=00000000 x15:00000004
20212494ns          334342 1c008d2c f1402773 csrrs            x14, x0, 0xf14      x14=00000004
20212514ns          334343 1c008d30 00779793 slli             x15, x15, 0x7       x15=00000000 x15:00000000
20212534ns          334344 1c008d32 00371713 slli             x14, x14, 0x3       x14=00000020 x14:00000004
20212555ns          334345 1c008d34 0ff57513 andi             x10, x10, 255       x10=00000073 x10:00000073
20212575ns          334346 1c008d38 ee873733 p.bclr           x14, x14, 23, 8     x14=00000020 x14:00000020
20212595ns          334347 1c008d3c 00d787b3 add              x15, x15, x13       x15=1a10f000 x15:00000000 x13:1a10f000
20212615ns          334348 1c008d3e 00a767a3 p.sw             x10, x0(x14)        x10:00000073 x14:00000020  PA:1a10f020
20212939ns          334364 1c008d42 00000513 addi             x10, x0, 0          x10=00000000
20212960ns          334365 1c008d44 00008067 jalr             x0, x1, 0            x1:1c008de0
20213000ns          334367 1c008de0 15f52063 p.beqimm         x10, 320            x10:00000000
20213020ns          334368 1c008de4 001a8a93 addi             x21, x21, 1         x21=0000000c x21:0000000b
20213040ns          334369 1c008de6 00800d33 add              x26, x0, x8         x26=1c000990  x8:1c000990
20213061ns          334370 1c008de8 000d4503 lbu              x10, 0(x26)         x10=00000074 x26:1c000990  PA:1c000990
20213344ns          334384 1c008dec 001d0413 addi             x8, x26, 1           x8=1c000991 x26:1c000990
20213364ns          334385 1c008df0 0c050b63 beq              x10, x0, 214        x10:00000074
20213385ns          334386 1c008df2 02500793 addi             x15, x0, 37         x15=00000025
20213405ns          334387 1c008df6 fef513e3 bne              x10, x15, -26       x10:00000074 x15:00000025
20213466ns          334390 1c008ddc 017005b3 add              x11, x0, x23        x11=00000002 x23:00000002
20213486ns          334391 1c008dde 000980e7 jalr             x1, x19, 0           x1=1c008de0 x19:1c008d20
20213526ns          334393 1c008d20 f14027f3 csrrs            x15, x0, 0xf14      x15=00000004
20213546ns          334394 1c008d24 1a10f6b7 lui              x13, 0x1a10f000     x13=1a10f000
20213567ns          334395 1c008d28 ca5797b3 p.extractu       x15, x15, 5, 5      x15=00000000 x15:00000004
20213587ns          334396 1c008d2c f1402773 csrrs            x14, x0, 0xf14      x14=00000004
20213607ns          334397 1c008d30 00779793 slli             x15, x15, 0x7       x15=00000000 x15:00000000
20213627ns          334398 1c008d32 00371713 slli             x14, x14, 0x3       x14=00000020 x14:00000004
20213648ns          334399 1c008d34 0ff57513 andi             x10, x10, 255       x10=00000074 x10:00000074
20213668ns          334400 1c008d38 ee873733 p.bclr           x14, x14, 23, 8     x14=00000020 x14:00000020
20213688ns          334401 1c008d3c 00d787b3 add              x15, x15, x13       x15=1a10f000 x15:00000000 x13:1a10f000
20213708ns          334402 1c008d3e 00a767a3 p.sw             x10, x0(x14)        x10:00000074 x14:00000020  PA:1a10f020
20214052ns          334419 1c008d42 00000513 addi             x10, x0, 0          x10=00000000
20214073ns          334420 1c008d44 00008067 jalr             x0, x1, 0            x1:1c008de0
20214113ns          334422 1c008de0 15f52063 p.beqimm         x10, 320            x10:00000000
20214133ns          334423 1c008de4 001a8a93 addi             x21, x21, 1         x21=0000000d x21:0000000c
20214154ns          334424 1c008de6 00800d33 add              x26, x0, x8         x26=1c000991  x8:1c000991
20214174ns          334425 1c008de8 000d4503 lbu              x10, 0(x26)         x10=00000065 x26:1c000991  PA:1c000991
20214478ns          334440 1c008dec 001d0413 addi             x8, x26, 1           x8=1c000992 x26:1c000991
20214498ns          334441 1c008df0 0c050b63 beq              x10, x0, 214        x10:00000065
20214518ns          334442 1c008df2 02500793 addi             x15, x0, 37         x15=00000025
20214538ns          334443 1c008df6 fef513e3 bne              x10, x15, -26       x10:00000065 x15:00000025
20214599ns          334446 1c008ddc 017005b3 add              x11, x0, x23        x11=00000002 x23:00000002
20214619ns          334447 1c008dde 000980e7 jalr             x1, x19, 0           x1=1c008de0 x19:1c008d20
20214660ns          334449 1c008d20 f14027f3 csrrs            x15, x0, 0xf14      x15=00000004
20214680ns          334450 1c008d24 1a10f6b7 lui              x13, 0x1a10f000     x13=1a10f000
20214700ns          334451 1c008d28 ca5797b3 p.extractu       x15, x15, 5, 5      x15=00000000 x15:00000004
20214720ns          334452 1c008d2c f1402773 csrrs            x14, x0, 0xf14      x14=00000004
20214741ns          334453 1c008d30 00779793 slli             x15, x15, 0x7       x15=00000000 x15:00000000
20214761ns          334454 1c008d32 00371713 slli             x14, x14, 0x3       x14=00000020 x14:00000004
20214781ns          334455 1c008d34 0ff57513 andi             x10, x10, 255       x10=00000065 x10:00000065
20214801ns          334456 1c008d38 ee873733 p.bclr           x14, x14, 23, 8     x14=00000020 x14:00000020
20214822ns          334457 1c008d3c 00d787b3 add              x15, x15, x13       x15=1a10f000 x15:00000000 x13:1a10f000
20214842ns          334458 1c008d3e 00a767a3 p.sw             x10, x0(x14)        x10:00000065 x14:00000020  PA:1a10f020
20215166ns          334474 1c008d42 00000513 addi             x10, x0, 0          x10=00000000
20215186ns          334475 1c008d44 00008067 jalr             x0, x1, 0            x1:1c008de0
20215226ns          334477 1c008de0 15f52063 p.beqimm         x10, 320            x10:00000000
20215247ns          334478 1c008de4 001a8a93 addi             x21, x21, 1         x21=0000000e x21:0000000d
20215267ns          334479 1c008de6 00800d33 add              x26, x0, x8         x26=1c000992  x8:1c000992
20215287ns          334480 1c008de8 000d4503 lbu              x10, 0(x26)         x10=00000072 x26:1c000992  PA:1c000992
20215591ns          334495 1c008dec 001d0413 addi             x8, x26, 1           x8=1c000993 x26:1c000992
20215611ns          334496 1c008df0 0c050b63 beq              x10, x0, 214        x10:00000072
20215631ns          334497 1c008df2 02500793 addi             x15, x0, 37         x15=00000025
20215651ns          334498 1c008df6 fef513e3 bne              x10, x15, -26       x10:00000072 x15:00000025
20215712ns          334501 1c008ddc 017005b3 add              x11, x0, x23        x11=00000002 x23:00000002
20215732ns          334502 1c008dde 000980e7 jalr             x1, x19, 0           x1=1c008de0 x19:1c008d20
20215773ns          334504 1c008d20 f14027f3 csrrs            x15, x0, 0xf14      x15=00000004
20215793ns          334505 1c008d24 1a10f6b7 lui              x13, 0x1a10f000     x13=1a10f000
20215813ns          334506 1c008d28 ca5797b3 p.extractu       x15, x15, 5, 5      x15=00000000 x15:00000004
20215834ns          334507 1c008d2c f1402773 csrrs            x14, x0, 0xf14      x14=00000004
20215854ns          334508 1c008d30 00779793 slli             x15, x15, 0x7       x15=00000000 x15:00000000
20215874ns          334509 1c008d32 00371713 slli             x14, x14, 0x3       x14=00000020 x14:00000004
20215894ns          334510 1c008d34 0ff57513 andi             x10, x10, 255       x10=00000072 x10:00000072
20215915ns          334511 1c008d38 ee873733 p.bclr           x14, x14, 23, 8     x14=00000020 x14:00000020
20215935ns          334512 1c008d3c 00d787b3 add              x15, x15, x13       x15=1a10f000 x15:00000000 x13:1a10f000
20215955ns          334513 1c008d3e 00a767a3 p.sw             x10, x0(x14)        x10:00000072 x14:00000020  PA:1a10f020
20216279ns          334529 1c008d42 00000513 addi             x10, x0, 0          x10=00000000
20216299ns          334530 1c008d44 00008067 jalr             x0, x1, 0            x1:1c008de0
20216340ns          334532 1c008de0 15f52063 p.beqimm         x10, 320            x10:00000000
20216360ns          334533 1c008de4 001a8a93 addi             x21, x21, 1         x21=0000000f x21:0000000e
20216380ns          334534 1c008de6 00800d33 add              x26, x0, x8         x26=1c000993  x8:1c000993
20216400ns          334535 1c008de8 000d4503 lbu              x10, 0(x26)         x10=00000020 x26:1c000993  PA:1c000993
20216704ns          334550 1c008dec 001d0413 addi             x8, x26, 1           x8=1c000994 x26:1c000993
20216724ns          334551 1c008df0 0c050b63 beq              x10, x0, 214        x10:00000020
20216744ns          334552 1c008df2 02500793 addi             x15, x0, 37         x15=00000025
20216765ns          334553 1c008df6 fef513e3 bne              x10, x15, -26       x10:00000020 x15:00000025
20216825ns          334556 1c008ddc 017005b3 add              x11, x0, x23        x11=00000002 x23:00000002
20216846ns          334557 1c008dde 000980e7 jalr             x1, x19, 0           x1=1c008de0 x19:1c008d20
20216886ns          334559 1c008d20 f14027f3 csrrs            x15, x0, 0xf14      x15=00000004
20216906ns          334560 1c008d24 1a10f6b7 lui              x13, 0x1a10f000     x13=1a10f000
20216927ns          334561 1c008d28 ca5797b3 p.extractu       x15, x15, 5, 5      x15=00000000 x15:00000004
20216947ns          334562 1c008d2c f1402773 csrrs            x14, x0, 0xf14      x14=00000004
20216967ns          334563 1c008d30 00779793 slli             x15, x15, 0x7       x15=00000000 x15:00000000
20216987ns          334564 1c008d32 00371713 slli             x14, x14, 0x3       x14=00000020 x14:00000004
20217008ns          334565 1c008d34 0ff57513 andi             x10, x10, 255       x10=00000020 x10:00000020
20217028ns          334566 1c008d38 ee873733 p.bclr           x14, x14, 23, 8     x14=00000020 x14:00000020
20217048ns          334567 1c008d3c 00d787b3 add              x15, x15, x13       x15=1a10f000 x15:00000000 x13:1a10f000
20217068ns          334568 1c008d3e 00a767a3 p.sw             x10, x0(x14)        x10:00000020 x14:00000020  PA:1a10f020
20217392ns          334584 1c008d42 00000513 addi             x10, x0, 0          x10=00000000
20217412ns          334585 1c008d44 00008067 jalr             x0, x1, 0            x1:1c008de0
20217453ns          334587 1c008de0 15f52063 p.beqimm         x10, 320            x10:00000000
20217473ns          334588 1c008de4 001a8a93 addi             x21, x21, 1         x21=00000010 x21:0000000f
20217493ns          334589 1c008de6 00800d33 add              x26, x0, x8         x26=1c000994  x8:1c000994
20217514ns          334590 1c008de8 000d4503 lbu              x10, 0(x26)         x10=0000006f x26:1c000994  PA:1c000994
20217817ns          334605 1c008dec 001d0413 addi             x8, x26, 1           x8=1c000995 x26:1c000994
20217837ns          334606 1c008df0 0c050b63 beq              x10, x0, 214        x10:0000006f
20217858ns          334607 1c008df2 02500793 addi             x15, x0, 37         x15=00000025
20217878ns          334608 1c008df6 fef513e3 bne              x10, x15, -26       x10:0000006f x15:00000025
20217939ns          334611 1c008ddc 017005b3 add              x11, x0, x23        x11=00000002 x23:00000002
20217959ns          334612 1c008dde 000980e7 jalr             x1, x19, 0           x1=1c008de0 x19:1c008d20
20217999ns          334614 1c008d20 f14027f3 csrrs            x15, x0, 0xf14      x15=00000004
20218020ns          334615 1c008d24 1a10f6b7 lui              x13, 0x1a10f000     x13=1a10f000
20218040ns          334616 1c008d28 ca5797b3 p.extractu       x15, x15, 5, 5      x15=00000000 x15:00000004
20218060ns          334617 1c008d2c f1402773 csrrs            x14, x0, 0xf14      x14=00000004
20218080ns          334618 1c008d30 00779793 slli             x15, x15, 0x7       x15=00000000 x15:00000000
20218100ns          334619 1c008d32 00371713 slli             x14, x14, 0x3       x14=00000020 x14:00000004
20218121ns          334620 1c008d34 0ff57513 andi             x10, x10, 255       x10=0000006f x10:0000006f
20218141ns          334621 1c008d38 ee873733 p.bclr           x14, x14, 23, 8     x14=00000020 x14:00000020
20218161ns          334622 1c008d3c 00d787b3 add              x15, x15, x13       x15=1a10f000 x15:00000000 x13:1a10f000
20218181ns          334623 1c008d3e 00a767a3 p.sw             x10, x0(x14)        x10:0000006f x14:00000020  PA:1a10f020
20218505ns          334639 1c008d42 00000513 addi             x10, x0, 0          x10=00000000
20218526ns          334640 1c008d44 00008067 jalr             x0, x1, 0            x1:1c008de0
20218566ns          334642 1c008de0 15f52063 p.beqimm         x10, 320            x10:00000000
20218586ns          334643 1c008de4 001a8a93 addi             x21, x21, 1         x21=00000011 x21:00000010
20218606ns          334644 1c008de6 00800d33 add              x26, x0, x8         x26=1c000995  x8:1c000995
20218627ns          334645 1c008de8 000d4503 lbu              x10, 0(x26)         x10=0000006e x26:1c000995  PA:1c000995
20218930ns          334660 1c008dec 001d0413 addi             x8, x26, 1           x8=1c000996 x26:1c000995
20218951ns          334661 1c008df0 0c050b63 beq              x10, x0, 214        x10:0000006e
20218971ns          334662 1c008df2 02500793 addi             x15, x0, 37         x15=00000025
20218991ns          334663 1c008df6 fef513e3 bne              x10, x15, -26       x10:0000006e x15:00000025
20219052ns          334666 1c008ddc 017005b3 add              x11, x0, x23        x11=00000002 x23:00000002
20219072ns          334667 1c008dde 000980e7 jalr             x1, x19, 0           x1=1c008de0 x19:1c008d20
20219112ns          334669 1c008d20 f14027f3 csrrs            x15, x0, 0xf14      x15=00000004
20219133ns          334670 1c008d24 1a10f6b7 lui              x13, 0x1a10f000     x13=1a10f000
20219153ns          334671 1c008d28 ca5797b3 p.extractu       x15, x15, 5, 5      x15=00000000 x15:00000004
20219173ns          334672 1c008d2c f1402773 csrrs            x14, x0, 0xf14      x14=00000004
20219193ns          334673 1c008d30 00779793 slli             x15, x15, 0x7       x15=00000000 x15:00000000
20219214ns          334674 1c008d32 00371713 slli             x14, x14, 0x3       x14=00000020 x14:00000004
20219234ns          334675 1c008d34 0ff57513 andi             x10, x10, 255       x10=0000006e x10:0000006e
20219254ns          334676 1c008d38 ee873733 p.bclr           x14, x14, 23, 8     x14=00000020 x14:00000020
20219274ns          334677 1c008d3c 00d787b3 add              x15, x15, x13       x15=1a10f000 x15:00000000 x13:1a10f000
20219295ns          334678 1c008d3e 00a767a3 p.sw             x10, x0(x14)        x10:0000006e x14:00000020  PA:1a10f020
20219618ns          334694 1c008d42 00000513 addi             x10, x0, 0          x10=00000000
20219639ns          334695 1c008d44 00008067 jalr             x0, x1, 0            x1:1c008de0
20219679ns          334697 1c008de0 15f52063 p.beqimm         x10, 320            x10:00000000
20219699ns          334698 1c008de4 001a8a93 addi             x21, x21, 1         x21=00000012 x21:00000011
20219720ns          334699 1c008de6 00800d33 add              x26, x0, x8         x26=1c000996  x8:1c000996
20219740ns          334700 1c008de8 000d4503 lbu              x10, 0(x26)         x10=00000020 x26:1c000996  PA:1c000996
20220044ns          334715 1c008dec 001d0413 addi             x8, x26, 1           x8=1c000997 x26:1c000996
20220064ns          334716 1c008df0 0c050b63 beq              x10, x0, 214        x10:00000020
20220084ns          334717 1c008df2 02500793 addi             x15, x0, 37         x15=00000025
20220104ns          334718 1c008df6 fef513e3 bne              x10, x15, -26       x10:00000020 x15:00000025
20220165ns          334721 1c008ddc 017005b3 add              x11, x0, x23        x11=00000002 x23:00000002
20220185ns          334722 1c008dde 000980e7 jalr             x1, x19, 0           x1=1c008de0 x19:1c008d20
20220226ns          334724 1c008d20 f14027f3 csrrs            x15, x0, 0xf14      x15=00000004
20220246ns          334725 1c008d24 1a10f6b7 lui              x13, 0x1a10f000     x13=1a10f000
20220266ns          334726 1c008d28 ca5797b3 p.extractu       x15, x15, 5, 5      x15=00000000 x15:00000004
20220286ns          334727 1c008d2c f1402773 csrrs            x14, x0, 0xf14      x14=00000004
20220307ns          334728 1c008d30 00779793 slli             x15, x15, 0x7       x15=00000000 x15:00000000
20220327ns          334729 1c008d32 00371713 slli             x14, x14, 0x3       x14=00000020 x14:00000004
20220347ns          334730 1c008d34 0ff57513 andi             x10, x10, 255       x10=00000020 x10:00000020
20220367ns          334731 1c008d38 ee873733 p.bclr           x14, x14, 23, 8     x14=00000020 x14:00000020
20220388ns          334732 1c008d3c 00d787b3 add              x15, x15, x13       x15=1a10f000 x15:00000000 x13:1a10f000
20220408ns          334733 1c008d3e 00a767a3 p.sw             x10, x0(x14)        x10:00000020 x14:00000020  PA:1a10f020
20220732ns          334749 1c008d42 00000513 addi             x10, x0, 0          x10=00000000
20220752ns          334750 1c008d44 00008067 jalr             x0, x1, 0            x1:1c008de0
20220792ns          334752 1c008de0 15f52063 p.beqimm         x10, 320            x10:00000000
20220813ns          334753 1c008de4 001a8a93 addi             x21, x21, 1         x21=00000013 x21:00000012
20220833ns          334754 1c008de6 00800d33 add              x26, x0, x8         x26=1c000997  x8:1c000997
20220853ns          334755 1c008de8 000d4503 lbu              x10, 0(x26)         x10=00000063 x26:1c000997  PA:1c000997
20221157ns          334770 1c008dec 001d0413 addi             x8, x26, 1           x8=1c000998 x26:1c000997
20221177ns          334771 1c008df0 0c050b63 beq              x10, x0, 214        x10:00000063
20221197ns          334772 1c008df2 02500793 addi             x15, x0, 37         x15=00000025
20221217ns          334773 1c008df6 fef513e3 bne              x10, x15, -26       x10:00000063 x15:00000025
20221278ns          334776 1c008ddc 017005b3 add              x11, x0, x23        x11=00000002 x23:00000002
20221298ns          334777 1c008dde 000980e7 jalr             x1, x19, 0           x1=1c008de0 x19:1c008d20
20221339ns          334779 1c008d20 f14027f3 csrrs            x15, x0, 0xf14      x15=00000004
20221359ns          334780 1c008d24 1a10f6b7 lui              x13, 0x1a10f000     x13=1a10f000
20221379ns          334781 1c008d28 ca5797b3 p.extractu       x15, x15, 5, 5      x15=00000000 x15:00000004
20221400ns          334782 1c008d2c f1402773 csrrs            x14, x0, 0xf14      x14=00000004
20221420ns          334783 1c008d30 00779793 slli             x15, x15, 0x7       x15=00000000 x15:00000000
20221440ns          334784 1c008d32 00371713 slli             x14, x14, 0x3       x14=00000020 x14:00000004
20221460ns          334785 1c008d34 0ff57513 andi             x10, x10, 255       x10=00000063 x10:00000063
20221481ns          334786 1c008d38 ee873733 p.bclr           x14, x14, 23, 8     x14=00000020 x14:00000020
20221501ns          334787 1c008d3c 00d787b3 add              x15, x15, x13       x15=1a10f000 x15:00000000 x13:1a10f000
20221521ns          334788 1c008d3e 00a767a3 p.sw             x10, x0(x14)        x10:00000063 x14:00000020  PA:1a10f020
20221825ns          334803 1c008d42 00000513 addi             x10, x0, 0          x10=00000000
20221845ns          334804 1c008d44 00008067 jalr             x0, x1, 0            x1:1c008de0
20221885ns          334806 1c008de0 15f52063 p.beqimm         x10, 320            x10:00000000
20221906ns          334807 1c008de4 001a8a93 addi             x21, x21, 1         x21=00000014 x21:00000013
20221926ns          334808 1c008de6 00800d33 add              x26, x0, x8         x26=1c000998  x8:1c000998
20221946ns          334809 1c008de8 000d4503 lbu              x10, 0(x26)         x10=0000006c x26:1c000998  PA:1c000998
20222250ns          334824 1c008dec 001d0413 addi             x8, x26, 1           x8=1c000999 x26:1c000998
20222270ns          334825 1c008df0 0c050b63 beq              x10, x0, 214        x10:0000006c
20222290ns          334826 1c008df2 02500793 addi             x15, x0, 37         x15=00000025
20222310ns          334827 1c008df6 fef513e3 bne              x10, x15, -26       x10:0000006c x15:00000025
20222371ns          334830 1c008ddc 017005b3 add              x11, x0, x23        x11=00000002 x23:00000002
20222391ns          334831 1c008dde 000980e7 jalr             x1, x19, 0           x1=1c008de0 x19:1c008d20
20222432ns          334833 1c008d20 f14027f3 csrrs            x15, x0, 0xf14      x15=00000004
20222452ns          334834 1c008d24 1a10f6b7 lui              x13, 0x1a10f000     x13=1a10f000
20222472ns          334835 1c008d28 ca5797b3 p.extractu       x15, x15, 5, 5      x15=00000000 x15:00000004
20222493ns          334836 1c008d2c f1402773 csrrs            x14, x0, 0xf14      x14=00000004
20222513ns          334837 1c008d30 00779793 slli             x15, x15, 0x7       x15=00000000 x15:00000000
20222533ns          334838 1c008d32 00371713 slli             x14, x14, 0x3       x14=00000020 x14:00000004
20222553ns          334839 1c008d34 0ff57513 andi             x10, x10, 255       x10=0000006c x10:0000006c
20222574ns          334840 1c008d38 ee873733 p.bclr           x14, x14, 23, 8     x14=00000020 x14:00000020
20222594ns          334841 1c008d3c 00d787b3 add              x15, x15, x13       x15=1a10f000 x15:00000000 x13:1a10f000
20222614ns          334842 1c008d3e 00a767a3 p.sw             x10, x0(x14)        x10:0000006c x14:00000020  PA:1a10f020
20222958ns          334859 1c008d42 00000513 addi             x10, x0, 0          x10=00000000
20222978ns          334860 1c008d44 00008067 jalr             x0, x1, 0            x1:1c008de0
20223019ns          334862 1c008de0 15f52063 p.beqimm         x10, 320            x10:00000000
20223039ns          334863 1c008de4 001a8a93 addi             x21, x21, 1         x21=00000015 x21:00000014
20223059ns          334864 1c008de6 00800d33 add              x26, x0, x8         x26=1c000999  x8:1c000999
20223080ns          334865 1c008de8 000d4503 lbu              x10, 0(x26)         x10=00000075 x26:1c000999  PA:1c000999
20223383ns          334880 1c008dec 001d0413 addi             x8, x26, 1           x8=1c00099a x26:1c000999
20223403ns          334881 1c008df0 0c050b63 beq              x10, x0, 214        x10:00000075
20223424ns          334882 1c008df2 02500793 addi             x15, x0, 37         x15=00000025
20223444ns          334883 1c008df6 fef513e3 bne              x10, x15, -26       x10:00000075 x15:00000025
20223505ns          334886 1c008ddc 017005b3 add              x11, x0, x23        x11=00000002 x23:00000002
20223525ns          334887 1c008dde 000980e7 jalr             x1, x19, 0           x1=1c008de0 x19:1c008d20
20223565ns          334889 1c008d20 f14027f3 csrrs            x15, x0, 0xf14      x15=00000004
20223586ns          334890 1c008d24 1a10f6b7 lui              x13, 0x1a10f000     x13=1a10f000
20223606ns          334891 1c008d28 ca5797b3 p.extractu       x15, x15, 5, 5      x15=00000000 x15:00000004
20223626ns          334892 1c008d2c f1402773 csrrs            x14, x0, 0xf14      x14=00000004
20223646ns          334893 1c008d30 00779793 slli             x15, x15, 0x7       x15=00000000 x15:00000000
20223666ns          334894 1c008d32 00371713 slli             x14, x14, 0x3       x14=00000020 x14:00000004
20223687ns          334895 1c008d34 0ff57513 andi             x10, x10, 255       x10=00000075 x10:00000075
20223707ns          334896 1c008d38 ee873733 p.bclr           x14, x14, 23, 8     x14=00000020 x14:00000020
20223727ns          334897 1c008d3c 00d787b3 add              x15, x15, x13       x15=1a10f000 x15:00000000 x13:1a10f000
20223747ns          334898 1c008d3e 00a767a3 p.sw             x10, x0(x14)        x10:00000075 x14:00000020  PA:1a10f020
20224071ns          334914 1c008d42 00000513 addi             x10, x0, 0          x10=00000000
20224092ns          334915 1c008d44 00008067 jalr             x0, x1, 0            x1:1c008de0
20224132ns          334917 1c008de0 15f52063 p.beqimm         x10, 320            x10:00000000
20224152ns          334918 1c008de4 001a8a93 addi             x21, x21, 1         x21=00000016 x21:00000015
20224172ns          334919 1c008de6 00800d33 add              x26, x0, x8         x26=1c00099a  x8:1c00099a
20224193ns          334920 1c008de8 000d4503 lbu              x10, 0(x26)         x10=00000073 x26:1c00099a  PA:1c00099a
20224517ns          334936 1c008dec 001d0413 addi             x8, x26, 1           x8=1c00099b x26:1c00099a
20224537ns          334937 1c008df0 0c050b63 beq              x10, x0, 214        x10:00000073
20224557ns          334938 1c008df2 02500793 addi             x15, x0, 37         x15=00000025
20224577ns          334939 1c008df6 fef513e3 bne              x10, x15, -26       x10:00000073 x15:00000025
20224638ns          334942 1c008ddc 017005b3 add              x11, x0, x23        x11=00000002 x23:00000002
20224658ns          334943 1c008dde 000980e7 jalr             x1, x19, 0           x1=1c008de0 x19:1c008d20
20224699ns          334945 1c008d20 f14027f3 csrrs            x15, x0, 0xf14      x15=00000004
20224719ns          334946 1c008d24 1a10f6b7 lui              x13, 0x1a10f000     x13=1a10f000
20224739ns          334947 1c008d28 ca5797b3 p.extractu       x15, x15, 5, 5      x15=00000000 x15:00000004
20224759ns          334948 1c008d2c f1402773 csrrs            x14, x0, 0xf14      x14=00000004
20224780ns          334949 1c008d30 00779793 slli             x15, x15, 0x7       x15=00000000 x15:00000000
20224800ns          334950 1c008d32 00371713 slli             x14, x14, 0x3       x14=00000020 x14:00000004
20224820ns          334951 1c008d34 0ff57513 andi             x10, x10, 255       x10=00000073 x10:00000073
20224840ns          334952 1c008d38 ee873733 p.bclr           x14, x14, 23, 8     x14=00000020 x14:00000020
20224861ns          334953 1c008d3c 00d787b3 add              x15, x15, x13       x15=1a10f000 x15:00000000 x13:1a10f000
20224881ns          334954 1c008d3e 00a767a3 p.sw             x10, x0(x14)        x10:00000073 x14:00000020  PA:1a10f020
20225205ns          334970 1c008d42 00000513 addi             x10, x0, 0          x10=00000000
20225225ns          334971 1c008d44 00008067 jalr             x0, x1, 0            x1:1c008de0
20225265ns          334973 1c008de0 15f52063 p.beqimm         x10, 320            x10:00000000
20225286ns          334974 1c008de4 001a8a93 addi             x21, x21, 1         x21=00000017 x21:00000016
20225306ns          334975 1c008de6 00800d33 add              x26, x0, x8         x26=1c00099b  x8:1c00099b
20225326ns          334976 1c008de8 000d4503 lbu              x10, 0(x26)         x10=00000074 x26:1c00099b  PA:1c00099b
20225650ns          334992 1c008dec 001d0413 addi             x8, x26, 1           x8=1c00099c x26:1c00099b
20225670ns          334993 1c008df0 0c050b63 beq              x10, x0, 214        x10:00000074
20225690ns          334994 1c008df2 02500793 addi             x15, x0, 37         x15=00000025
20225711ns          334995 1c008df6 fef513e3 bne              x10, x15, -26       x10:00000074 x15:00000025
20225771ns          334998 1c008ddc 017005b3 add              x11, x0, x23        x11=00000002 x23:00000002
20225792ns          334999 1c008dde 000980e7 jalr             x1, x19, 0           x1=1c008de0 x19:1c008d20
20225832ns          335001 1c008d20 f14027f3 csrrs            x15, x0, 0xf14      x15=00000004
20225852ns          335002 1c008d24 1a10f6b7 lui              x13, 0x1a10f000     x13=1a10f000
20225873ns          335003 1c008d28 ca5797b3 p.extractu       x15, x15, 5, 5      x15=00000000 x15:00000004
20225893ns          335004 1c008d2c f1402773 csrrs            x14, x0, 0xf14      x14=00000004
20225913ns          335005 1c008d30 00779793 slli             x15, x15, 0x7       x15=00000000 x15:00000000
20225933ns          335006 1c008d32 00371713 slli             x14, x14, 0x3       x14=00000020 x14:00000004
20225954ns          335007 1c008d34 0ff57513 andi             x10, x10, 255       x10=00000074 x10:00000074
20225974ns          335008 1c008d38 ee873733 p.bclr           x14, x14, 23, 8     x14=00000020 x14:00000020
20225994ns          335009 1c008d3c 00d787b3 add              x15, x15, x13       x15=1a10f000 x15:00000000 x13:1a10f000
20226014ns          335010 1c008d3e 00a767a3 p.sw             x10, x0(x14)        x10:00000074 x14:00000020  PA:1a10f020
20226338ns          335026 1c008d42 00000513 addi             x10, x0, 0          x10=00000000
20226358ns          335027 1c008d44 00008067 jalr             x0, x1, 0            x1:1c008de0
20226399ns          335029 1c008de0 15f52063 p.beqimm         x10, 320            x10:00000000
20226419ns          335030 1c008de4 001a8a93 addi             x21, x21, 1         x21=00000018 x21:00000017
20226439ns          335031 1c008de6 00800d33 add              x26, x0, x8         x26=1c00099c  x8:1c00099c
20226460ns          335032 1c008de8 000d4503 lbu              x10, 0(x26)         x10=00000065 x26:1c00099c  PA:1c00099c
20226763ns          335047 1c008dec 001d0413 addi             x8, x26, 1           x8=1c00099d x26:1c00099c
20226783ns          335048 1c008df0 0c050b63 beq              x10, x0, 214        x10:00000065
20226804ns          335049 1c008df2 02500793 addi             x15, x0, 37         x15=00000025
20226824ns          335050 1c008df6 fef513e3 bne              x10, x15, -26       x10:00000065 x15:00000025
20226885ns          335053 1c008ddc 017005b3 add              x11, x0, x23        x11=00000002 x23:00000002
20226905ns          335054 1c008dde 000980e7 jalr             x1, x19, 0           x1=1c008de0 x19:1c008d20
20226945ns          335056 1c008d20 f14027f3 csrrs            x15, x0, 0xf14      x15=00000004
20226966ns          335057 1c008d24 1a10f6b7 lui              x13, 0x1a10f000     x13=1a10f000
20226986ns          335058 1c008d28 ca5797b3 p.extractu       x15, x15, 5, 5      x15=00000000 x15:00000004
20227006ns          335059 1c008d2c f1402773 csrrs            x14, x0, 0xf14      x14=00000004
20227026ns          335060 1c008d30 00779793 slli             x15, x15, 0x7       x15=00000000 x15:00000000
20227047ns          335061 1c008d32 00371713 slli             x14, x14, 0x3       x14=00000020 x14:00000004
20227067ns          335062 1c008d34 0ff57513 andi             x10, x10, 255       x10=00000065 x10:00000065
20227087ns          335063 1c008d38 ee873733 p.bclr           x14, x14, 23, 8     x14=00000020 x14:00000020
20227107ns          335064 1c008d3c 00d787b3 add              x15, x15, x13       x15=1a10f000 x15:00000000 x13:1a10f000
20227128ns          335065 1c008d3e 00a767a3 p.sw             x10, x0(x14)        x10:00000065 x14:00000020  PA:1a10f020
20227451ns          335081 1c008d42 00000513 addi             x10, x0, 0          x10=00000000
20227472ns          335082 1c008d44 00008067 jalr             x0, x1, 0            x1:1c008de0
20227512ns          335084 1c008de0 15f52063 p.beqimm         x10, 320            x10:00000000
20227532ns          335085 1c008de4 001a8a93 addi             x21, x21, 1         x21=00000019 x21:00000018
20227553ns          335086 1c008de6 00800d33 add              x26, x0, x8         x26=1c00099d  x8:1c00099d
20227573ns          335087 1c008de8 000d4503 lbu              x10, 0(x26)         x10=00000072 x26:1c00099d  PA:1c00099d
20227876ns          335102 1c008dec 001d0413 addi             x8, x26, 1           x8=1c00099e x26:1c00099d
20227897ns          335103 1c008df0 0c050b63 beq              x10, x0, 214        x10:00000072
20227917ns          335104 1c008df2 02500793 addi             x15, x0, 37         x15=00000025
20227937ns          335105 1c008df6 fef513e3 bne              x10, x15, -26       x10:00000072 x15:00000025
20227998ns          335108 1c008ddc 017005b3 add              x11, x0, x23        x11=00000002 x23:00000002
20228018ns          335109 1c008dde 000980e7 jalr             x1, x19, 0           x1=1c008de0 x19:1c008d20
20228059ns          335111 1c008d20 f14027f3 csrrs            x15, x0, 0xf14      x15=00000004
20228079ns          335112 1c008d24 1a10f6b7 lui              x13, 0x1a10f000     x13=1a10f000
20228099ns          335113 1c008d28 ca5797b3 p.extractu       x15, x15, 5, 5      x15=00000000 x15:00000004
20228119ns          335114 1c008d2c f1402773 csrrs            x14, x0, 0xf14      x14=00000004
20228140ns          335115 1c008d30 00779793 slli             x15, x15, 0x7       x15=00000000 x15:00000000
20228160ns          335116 1c008d32 00371713 slli             x14, x14, 0x3       x14=00000020 x14:00000004
20228180ns          335117 1c008d34 0ff57513 andi             x10, x10, 255       x10=00000072 x10:00000072
20228200ns          335118 1c008d38 ee873733 p.bclr           x14, x14, 23, 8     x14=00000020 x14:00000020
20228220ns          335119 1c008d3c 00d787b3 add              x15, x15, x13       x15=1a10f000 x15:00000000 x13:1a10f000
20228241ns          335120 1c008d3e 00a767a3 p.sw             x10, x0(x14)        x10:00000072 x14:00000020  PA:1a10f020
20228565ns          335136 1c008d42 00000513 addi             x10, x0, 0          x10=00000000
20228585ns          335137 1c008d44 00008067 jalr             x0, x1, 0            x1:1c008de0
20228625ns          335139 1c008de0 15f52063 p.beqimm         x10, 320            x10:00000000
20228646ns          335140 1c008de4 001a8a93 addi             x21, x21, 1         x21=0000001a x21:00000019
20228666ns          335141 1c008de6 00800d33 add              x26, x0, x8         x26=1c00099e  x8:1c00099e
20228686ns          335142 1c008de8 000d4503 lbu              x10, 0(x26)         x10=00000020 x26:1c00099e  PA:1c00099e
20228990ns          335157 1c008dec 001d0413 addi             x8, x26, 1           x8=1c00099f x26:1c00099e
20229010ns          335158 1c008df0 0c050b63 beq              x10, x0, 214        x10:00000020
20229030ns          335159 1c008df2 02500793 addi             x15, x0, 37         x15=00000025
20229050ns          335160 1c008df6 fef513e3 bne              x10, x15, -26       x10:00000020 x15:00000025
20229111ns          335163 1c008ddc 017005b3 add              x11, x0, x23        x11=00000002 x23:00000002
20229131ns          335164 1c008dde 000980e7 jalr             x1, x19, 0           x1=1c008de0 x19:1c008d20
20229172ns          335166 1c008d20 f14027f3 csrrs            x15, x0, 0xf14      x15=00000004
20229192ns          335167 1c008d24 1a10f6b7 lui              x13, 0x1a10f000     x13=1a10f000
20229212ns          335168 1c008d28 ca5797b3 p.extractu       x15, x15, 5, 5      x15=00000000 x15:00000004
20229232ns          335169 1c008d2c f1402773 csrrs            x14, x0, 0xf14      x14=00000004
20229253ns          335170 1c008d30 00779793 slli             x15, x15, 0x7       x15=00000000 x15:00000000
20229273ns          335171 1c008d32 00371713 slli             x14, x14, 0x3       x14=00000020 x14:00000004
20229293ns          335172 1c008d34 0ff57513 andi             x10, x10, 255       x10=00000020 x10:00000020
20229313ns          335173 1c008d38 ee873733 p.bclr           x14, x14, 23, 8     x14=00000020 x14:00000020
20229334ns          335174 1c008d3c 00d787b3 add              x15, x15, x13       x15=1a10f000 x15:00000000 x13:1a10f000
20229354ns          335175 1c008d3e 00a767a3 p.sw             x10, x0(x14)        x10:00000020 x14:00000020  PA:1a10f020
20229698ns          335192 1c008d42 00000513 addi             x10, x0, 0          x10=00000000
20229718ns          335193 1c008d44 00008067 jalr             x0, x1, 0            x1:1c008de0
20229759ns          335195 1c008de0 15f52063 p.beqimm         x10, 320            x10:00000000
20229779ns          335196 1c008de4 001a8a93 addi             x21, x21, 1         x21=0000001b x21:0000001a
20229799ns          335197 1c008de6 00800d33 add              x26, x0, x8         x26=1c00099f  x8:1c00099f
20229819ns          335198 1c008de8 000d4503 lbu              x10, 0(x26)         x10=00000025 x26:1c00099f  PA:1c00099f
20230123ns          335213 1c008dec 001d0413 addi             x8, x26, 1           x8=1c0009a0 x26:1c00099f
20230143ns          335214 1c008df0 0c050b63 beq              x10, x0, 214        x10:00000025
20230164ns          335215 1c008df2 02500793 addi             x15, x0, 37         x15=00000025
20230184ns          335216 1c008df6 fef513e3 bne              x10, x15, -26       x10:00000025 x15:00000025
20230204ns          335217 1c008dfa 00012a23 sw               x0, 20(x2)           x2:10001738  PA:1000174c
20230224ns          335218 1c008dfc 00012823 sw               x0, 16(x2)           x2:10001738  PA:10001748
20230244ns          335219 1c008dfe 00012623 sw               x0, 12(x2)           x2:10001738  PA:10001744
20230265ns          335220 1c008e00 00012423 sw               x0, 8(x2)            x2:10001738  PA:10001740
20230285ns          335221 1c008e02 00012223 sw               x0, 4(x2)            x2:10001738  PA:1000173c
20230305ns          335222 1c008e04 02300493 addi             x9, x0, 35           x9=00000023
20230325ns          335223 1c008e08 02d00b13 addi             x22, x0, 45         x22=0000002d
20230346ns          335224 1c008e0c 00044c83 lbu              x25, 0(x8)          x25=00000064  x8:1c0009a0  PA:1c0009a0
20230771ns          335245 1c008e10 00140913 addi             x18, x8, 1          x18=1c0009a1  x8:1c0009a0
20230791ns          335246 1c008e14 019005b3 add              x11, x0, x25        x11=00000064 x25:00000064
20230811ns          335247 1c008e16 9d0c0513 addi             x10, x24, -1584     x10=1c0009d0 x24:1c001000
20230831ns          335248 1c008e1a 01200d33 add              x26, x0, x18        x26=1c0009a1 x18:1c0009a1
20230852ns          335249 1c008e1c 01900db3 add              x27, x0, x25        x27=00000064 x25:00000064
20230872ns          335250 1c008e1e e89ff0ef jal              x1, -376             x1=1c008e20
20231783ns          335295 1c008ca6 00054783 lbu              x15, 0(x10)         x15=0000002d x10:1c0009d0  PA:1c0009d0
20232086ns          335310 1c008caa 0ff5f593 andi             x11, x11, 255       x11=00000064 x11:00000064
20232107ns          335311 1c008cae 00b78c63 beq              x15, x11, 24        x15:0000002d x11:00000064
20232127ns          335312 1c008cb2 00078b63 beq              x15, x0, 22         x15:0000002d
20232147ns          335313 1c008cb4 00150793 addi             x15, x10, 1         x15=1c0009d1 x10:1c0009d0
20232167ns          335314 1c008cb8 0040006f jal              x0, 4              
20232613ns          335336 1c008cbc 00f00533 add              x10, x0, x15        x10=1c0009d1 x15:1c0009d1
20232633ns          335337 1c008cbe 0017c70b p.lbu            x14, 1(x15!)        x14=0000002b x15=1c0009d2 x15:1c0009d1  PA:1c0009d1
20233119ns          335361 1c008cc2 feb71ce3 bne              x14, x11, -8        x14:0000002b x11:00000064
20233220ns          335366 1c008cba 00070763 beq              x14, x0, 14         x14:0000002b
20233240ns          335367 1c008cbc 00f00533 add              x10, x0, x15        x10=1c0009d2 x15:1c0009d2
20233260ns          335368 1c008cbe 0017c70b p.lbu            x14, 1(x15!)        x14=00000020 x15=1c0009d3 x15:1c0009d2  PA:1c0009d2
20233604ns          335385 1c008cc2 feb71ce3 bne              x14, x11, -8        x14:00000020 x11:00000064
20233665ns          335388 1c008cba 00070763 beq              x14, x0, 14         x14:00000020
20233685ns          335389 1c008cbc 00f00533 add              x10, x0, x15        x10=1c0009d3 x15:1c0009d3
20233706ns          335390 1c008cbe 0017c70b p.lbu            x14, 1(x15!)        x14=00000023 x15=1c0009d4 x15:1c0009d3  PA:1c0009d3
20234029ns          335406 1c008cc2 feb71ce3 bne              x14, x11, -8        x14:00000023 x11:00000064
20234090ns          335409 1c008cba 00070763 beq              x14, x0, 14         x14:00000023
20234110ns          335410 1c008cbc 00f00533 add              x10, x0, x15        x10=1c0009d4 x15:1c0009d4
20234131ns          335411 1c008cbe 0017c70b p.lbu            x14, 1(x15!)        x14=00000030 x15=1c0009d5 x15:1c0009d4  PA:1c0009d4
20234454ns          335427 1c008cc2 feb71ce3 bne              x14, x11, -8        x14:00000030 x11:00000064
20234515ns          335430 1c008cba 00070763 beq              x14, x0, 14         x14:00000030
20234535ns          335431 1c008cbc 00f00533 add              x10, x0, x15        x10=1c0009d5 x15:1c0009d5
20234556ns          335432 1c008cbe 0017c70b p.lbu            x14, 1(x15!)        x14=00000000 x15=1c0009d6 x15:1c0009d5  PA:1c0009d5
20234879ns          335448 1c008cc2 feb71ce3 bne              x14, x11, -8        x14:00000000 x11:00000064
20234940ns          335451 1c008cba 00070763 beq              x14, x0, 14         x14:00000000
20235001ns          335454 1c008cc8 0015b593 sltiu            x11, x11, 1         x11=00000000 x11:00000064
20235021ns          335455 1c008ccc 40b005b3 sub              x11, x0, x11        x11=00000000 x11:00000000
20235041ns          335456 1c008cd0 00b57533 and              x10, x10, x11       x10=00000000 x10:1c0009d5 x11:00000000
20235062ns          335457 1c008cd2 00008067 jalr             x0, x1, 0            x1:1c008e20
20235102ns          335459 1c008e20 02050b63 beq              x10, x0, 54         x10:00000000
20235284ns          335468 1c008e56 02a00693 addi             x13, x0, 42         x13=0000002a
20235304ns          335469 1c008e5a 2edc8263 beq              x25, x13, 740       x25:00000064 x13:0000002a
20235810ns          335494 1c008e5e fd0c8693 addi             x13, x25, -48       x13=00000034 x25:00000064
20235831ns          335495 1c008e62 00900593 addi             x11, x0, 9          x11=00000009
20235851ns          335496 1c008e64 00000b13 addi             x22, x0, 0          x22=00000000
20235871ns          335497 1c008e66 0cd5fd63 bgeu             x11, x13, 218       x11:00000009 x13:00000034
20235891ns          335498 1c008e6a 02e00793 addi             x15, x0, 46         x15=0000002e
20236195ns          335513 1c008e6e 28fd8663 beq              x27, x15, 652       x27:00000064 x15:0000002e
20236215ns          335514 1c008e72 01b00433 add              x8, x0, x27          x8=00000064 x27:00000064
20236236ns          335515 1c008e74 fff00493 addi             x9, x0, -1           x9=ffffffff
20236256ns          335516 1c008e76 1c001737 lui              x14, 0x1c001000     x14=1c001000
20236276ns          335517 1c008e7a 01b005b3 add              x11, x0, x27        x11=00000064 x27:00000064
20236296ns          335518 1c008e7c 9d870513 addi             x10, x14, -1576     x10=1c0009d8 x14:1c001000
20236721ns          335539 1c008e80 e27ff0ef jal              x1, -474             x1=1c008e82
20236782ns          335542 1c008ca6 00054783 lbu              x15, 0(x10)         x15=00000068 x10:1c0009d8  PA:1c0009d8
20237086ns          335557 1c008caa 0ff5f593 andi             x11, x11, 255       x11=00000064 x11:00000064
20237106ns          335558 1c008cae 00b78c63 beq              x15, x11, 24        x15:00000068 x11:00000064
20237126ns          335559 1c008cb2 00078b63 beq              x15, x0, 22         x15:00000068
20237146ns          335560 1c008cb4 00150793 addi             x15, x10, 1         x15=1c0009d9 x10:1c0009d8
20237167ns          335561 1c008cb8 0040006f jal              x0, 4              
20237207ns          335563 1c008cbc 00f00533 add              x10, x0, x15        x10=1c0009d9 x15:1c0009d9
20237227ns          335564 1c008cbe 0017c70b p.lbu            x14, 1(x15!)        x14=0000006c x15=1c0009da x15:1c0009d9  PA:1c0009d9
20237551ns          335580 1c008cc2 feb71ce3 bne              x14, x11, -8        x14:0000006c x11:00000064
20237612ns          335583 1c008cba 00070763 beq              x14, x0, 14         x14:0000006c
20237632ns          335584 1c008cbc 00f00533 add              x10, x0, x15        x10=1c0009da x15:1c0009da
20237652ns          335585 1c008cbe 0017c70b p.lbu            x14, 1(x15!)        x14=0000007a x15=1c0009db x15:1c0009da  PA:1c0009da
20237976ns          335601 1c008cc2 feb71ce3 bne              x14, x11, -8        x14:0000007a x11:00000064
20238037ns          335604 1c008cba 00070763 beq              x14, x0, 14         x14:0000007a
20238057ns          335605 1c008cbc 00f00533 add              x10, x0, x15        x10=1c0009db x15:1c0009db
20238077ns          335606 1c008cbe 0017c70b p.lbu            x14, 1(x15!)        x14=00000000 x15=1c0009dc x15:1c0009db  PA:1c0009db
20238401ns          335622 1c008cc2 feb71ce3 bne              x14, x11, -8        x14:00000000 x11:00000064
20238462ns          335625 1c008cba 00070763 beq              x14, x0, 14         x14:00000000
20238523ns          335628 1c008cc8 0015b593 sltiu            x11, x11, 1         x11=00000000 x11:00000064
20238543ns          335629 1c008ccc 40b005b3 sub              x11, x0, x11        x11=00000000 x11:00000000
20238563ns          335630 1c008cd0 00b57533 and              x10, x10, x11       x10=00000000 x10:1c0009db x11:00000000
20238583ns          335631 1c008cd2 00008067 jalr             x0, x1, 0            x1:1c008e82
20238624ns          335633 1c008e82 00000793 addi             x15, x0, 0          x15=00000000
20238644ns          335634 1c008e84 00050f63 beq              x10, x0, 30         x10:00000000
20239110ns          335657 1c008ea2 06700693 addi             x13, x0, 103        x13=00000067
20239130ns          335658 1c008ea6 0bb6ee63 bltu             x13, x27, 188       x13:00000067 x27:00000064
20239150ns          335659 1c008eaa 06500693 addi             x13, x0, 101        x13=00000065
20239535ns          335678 1c008eae 3addf2e3 bgeu             x27, x13, 2980      x27:00000064 x13:00000065
20239575ns          335680 1c008eb2 04700693 addi             x13, x0, 71         x13=00000047
20239595ns          335681 1c008eb6 39b6ed63 bltu             x13, x27, 922       x13:00000047 x27:00000064
20240526ns          335727 1c009250 06300693 addi             x13, x0, 99         x13=00000063
20240567ns          335729 1c009254 70dd8c63 beq              x27, x13, 1816      x27:00000064 x13:00000063
20240587ns          335730 1c009258 d3b6e5e3 bltu             x13, x27, -726      x13:00000063 x27:00000064
20241417ns          335771 1c008f82 06c00693 addi             x13, x0, 108        x13=0000006c
20241437ns          335772 1c008f86 00d78a63 beq              x15, x13, 20        x15:00000000 x13:0000006c
20241457ns          335773 1c008f8a 07a00693 addi             x13, x0, 122        x13=0000007a
20241862ns          335793 1c008f8e 00d78663 beq              x15, x13, 12        x15:00000000 x13:0000007a
20241903ns          335795 1c008f92 04c00693 addi             x13, x0, 76         x13=0000004c
20241923ns          335796 1c008f96 5ed78de3 beq              x15, x13, 3578      x15:00000000 x13:0000004c
20241943ns          335797 1c008f9a 000a2783 lw               x15, 0(x20)         x15=00000000 x20:100017dc  PA:100017dc
20241963ns          335798 1c008f9e 004a0a13 addi             x20, x20, 4         x20=100017e0 x20:100017dc
20242348ns          335817 1c008fa0 41f7d713 srai             x14, x15, 0x41f     x14=00000000 x15:00000000
20242388ns          335819 1c008fa4 01412e23 sw               x20, 28(x2)         x20:100017e0  x2:10001738  PA:10001754
20242409ns          335820 1c008fa6 00e12223 sw               x14, 4(x2)          x14:00000000  x2:10001738  PA:1000173c
20242429ns          335821 1c008fa8 4e0741e3 blt              x14, x0, 3298       x14:00000000
20242449ns          335822 1c008fac 00c12703 lw               x14, 12(x2)         x14=00000000  x2:10001738  PA:10001744
20242814ns          335840 1c008fae 440709e3 beq              x14, x0, 3154       x14:00000000
20243279ns          335863 1c009c00 01012703 lw               x14, 16(x2)         x14=00000000  x2:10001738  PA:10001748
20243320ns          335865 1c009c02 22070063 beq              x14, x0, 544        x14:00000000
20243765ns          335887 1c009e22 00412c83 lw               x25, 4(x2)          x25=00000000  x2:10001738  PA:1000173c
20243805ns          335889 1c009e24 02410a13 addi             x20, x2, 36         x20=1000175c  x2:10001738
20243826ns          335890 1c009e28 998ff06f jal              x0, -3688          
20244230ns          335910 1c008fc0 00f00433 add              x8, x0, x15          x8=00000000 x15:00000000
20244251ns          335911 1c008fc2 01400db3 add              x27, x0, x20        x27=1000175c x20:1000175c
20244271ns          335912 1c008fc4 0040006f jal              x0, 4              
20244311ns          335914 1c008fc8 00a00613 addi             x12, x0, 10         x12=0000000a
20244332ns          335915 1c008fca 00000693 addi             x13, x0, 0          x13=00000000
20244352ns          335916 1c008fcc 00800533 add              x10, x0, x8         x10=00000000  x8:00000000
20244372ns          335917 1c008fce 019005b3 add              x11, x0, x25        x11=00000000 x25:00000000
20244817ns          335939 1c008fd0 c2aff0ef jal              x1, -3030            x1=1c008fd4
20245141ns          335955 1c0083fa 00c008b3 add              x17, x0, x12        x17=0000000a x12:0000000a
20245182ns          335957 1c0083fc 00d00733 add              x14, x0, x13        x14=00000000 x13:00000000
20245202ns          335958 1c0083fe 00a007b3 add              x15, x0, x10        x15=00000000 x10:00000000
20245627ns          335979 1c008400 00b00833 add              x16, x0, x11        x16=00000000 x11:00000000
20245667ns          335981 1c008402 1c069863 bne              x13, x0, 464        x13:00000000
20245688ns          335982 1c008406 1c0016b7 lui              x13, 0x1c001000     x13=1c001000
20245708ns          335983 1c00840a 86868693 addi             x13, x13, -1944     x13=1c000868 x13:1c001000
20246113ns          336003 1c00840e 0ac5f863 bgeu             x11, x12, 176       x11:00000000 x12:0000000a
20246133ns          336004 1c008412 00010337 lui              x6, 0x10000          x6=00010000
20246153ns          336005 1c008414 08667e63 bgeu             x12, x6, 156        x12:0000000a  x6:00010000
20246173ns          336006 1c008418 0ff00313 addi             x6, x0, 255          x6=000000ff
20246194ns          336007 1c00841c 00c37363 bgeu             x6, x12, 6           x6:000000ff x12:0000000a
20246659ns          336030 1c008422 00e65333 srl              x6, x12, x14         x6=0000000a x12:0000000a x14:00000000
20246679ns          336031 1c008426 006686b3 add              x13, x13, x6        x13=1c000872 x13:1c000868  x6:0000000a
20246700ns          336032 1c008428 0006ce03 lbu              x28, 0(x13)         x28=00000004 x13:1c000872  PA:1c000872
20247145ns          336054 1c00842c 02000313 addi             x6, x0, 32           x6=00000020
20247165ns          336055 1c008430 00ee0e33 add              x28, x28, x14       x28=00000004 x28:00000004 x14:00000000
20247185ns          336056 1c008432 41c30333 sub              x6, x6, x28          x6=0000001c  x6:00000020 x28:00000004
20247206ns          336057 1c008436 00030c63 beq              x6, x0, 24           x6:0000001c
20247226ns          336058 1c00843a 006595b3 sll              x11, x11, x6        x11=00000000 x11:00000000  x6:0000001c
20247550ns          336074 1c00843e 01c55e33 srl              x28, x10, x28       x28=00000000 x10:00000000 x28:00000004
20247590ns          336076 1c008442 006618b3 sll              x17, x12, x6        x17=a0000000 x12:0000000a  x6:0000001c
20247610ns          336077 1c008446 00be6833 or               x16, x28, x11       x16=00000000 x28:00000000 x11:00000000
20247631ns          336078 1c00844a 006517b3 sll              x15, x10, x6        x15=00000000 x10:00000000  x6:0000001c
20248116ns          336102 1c00844e 0108d613 srli             x12, x17, 0x10      x12=0000a000 x17:a0000000
20248157ns          336104 1c008452 02c87733 remu             x14, x16, x12       x14=00000000 x16:00000000 x12:0000a000
20248541ns          336123 1c008456 02c85833 divu             x16, x16, x12       x16=00000000 x16:00000000 x12:0000a000
20248926ns          336142 1c00845a 01089513 slli             x10, x17, 0x10      x10=00000000 x17:a0000000
20248946ns          336143 1c00845e 01055513 srli             x10, x10, 0x10      x10=00000000 x10:00000000
20248966ns          336144 1c008460 01071713 slli             x14, x14, 0x10      x14=00000000 x14:00000000
20248987ns          336145 1c008462 0107d693 srli             x13, x15, 0x10      x13=00000000 x15:00000000
20249007ns          336146 1c008466 03050833 mul              x16, x10, x16       x16=00000000 x10:00000000 x16:00000000
20249027ns          336147 1c00846a 00e6e6b3 or               x13, x13, x14       x13=00000000 x13:00000000 x14:00000000
20249047ns          336148 1c00846c 0106f863 bgeu             x13, x16, 16        x13:00000000 x16:00000000
20249371ns          336164 1c00847c 410686b3 sub              x13, x13, x16       x13=00000000 x13:00000000 x16:00000000
20249817ns          336186 1c008480 02c6f733 remu             x14, x13, x12       x14=00000000 x13:00000000 x12:0000a000
20250221ns          336206 1c008484 02c6d6b3 divu             x13, x13, x12       x13=00000000 x13:00000000 x12:0000a000
20250606ns          336225 1c008488 01079793 slli             x15, x15, 0x10      x15=00000000 x15:00000000
20250626ns          336226 1c00848a 02d506b3 mul              x13, x10, x13       x13=00000000 x10:00000000 x13:00000000
20250646ns          336227 1c00848e 0107d793 srli             x15, x15, 0x10      x15=00000000 x15:00000000
20250667ns          336228 1c008490 01071513 slli             x10, x14, 0x10      x10=00000000 x14:00000000
20250687ns          336229 1c008494 00a7e7b3 or               x15, x15, x10       x15=00000000 x15:00000000 x10:00000000
20250707ns          336230 1c008496 00d7f863 bgeu             x15, x13, 16        x15:00000000 x13:00000000
20251152ns          336252 1c0084a6 40d787b3 sub              x15, x15, x13       x15=00000000 x15:00000000 x13:00000000
20251173ns          336253 1c0084a8 0067d533 srl              x10, x15, x6        x10=00000000 x15:00000000  x6:0000001c
20251193ns          336254 1c0084ac 00000593 addi             x11, x0, 0          x11=00000000
20251213ns          336255 1c0084ae 00008067 jalr             x0, x1, 0            x1:1c008fd4
20251618ns          336275 1c008fd4 00a00933 add              x18, x0, x10        x18=00000000 x10:00000000
20251638ns          336276 1c008fd6 019005b3 add              x11, x0, x25        x11=00000000 x25:00000000
20251658ns          336277 1c008fd8 00800533 add              x10, x0, x8         x10=00000000  x8:00000000
20251679ns          336278 1c008fda 00a00613 addi             x12, x0, 10         x12=0000000a
20251699ns          336279 1c008fdc 00000693 addi             x13, x0, 0          x13=00000000
20252144ns          336301 1c008fde 8beff0ef jal              x1, -3906            x1=1c008fe2
20252185ns          336303 1c00809c 00b007b3 add              x15, x0, x11        x15=00000000 x11:00000000
20252205ns          336304 1c00809e 00c00833 add              x16, x0, x12        x16=0000000a x12:0000000a
20252529ns          336320 1c0080a0 00d008b3 add              x17, x0, x13        x17=00000000 x13:00000000
20252549ns          336321 1c0080a2 00a00333 add              x6, x0, x10          x6=00000000 x10:00000000
20252569ns          336322 1c0080a4 20069663 bne              x13, x0, 524        x13:00000000
20252589ns          336323 1c0080a8 1c001737 lui              x14, 0x1c001000     x14=1c001000
20252610ns          336324 1c0080ac 86870713 addi             x14, x14, -1944     x14=1c000868 x14:1c001000
20252994ns          336343 1c0080b0 0ac5fe63 bgeu             x11, x12, 188       x11:00000000 x12:0000000a
20253035ns          336345 1c0080b4 000106b7 lui              x13, 0x10000        x13=00010000
20253055ns          336346 1c0080b6 0ad67463 bgeu             x12, x13, 168       x12:0000000a x13:00010000
20253075ns          336347 1c0080ba 0ff00693 addi             x13, x0, 255        x13=000000ff
20253480ns          336367 1c0080be 00c6b6b3 sltu             x13, x13, x12       x13=00000000 x13:000000ff x12:0000000a
20253500ns          336368 1c0080c2 00369693 slli             x13, x13, 0x3       x13=00000000 x13:00000000
20253520ns          336369 1c0080c4 00d658b3 srl              x17, x12, x13       x17=0000000a x12:0000000a x13:00000000
20253541ns          336370 1c0080c8 01170733 add              x14, x14, x17       x14=1c000872 x14:1c000868 x17:0000000a
20253561ns          336371 1c0080ca 00074703 lbu              x14, 0(x14)         x14=00000004 x14:1c000872  PA:1c000872
20254006ns          336393 1c0080ce 00e686b3 add              x13, x13, x14       x13=00000004 x13:00000000 x14:00000004
20254047ns          336395 1c0080d0 02000713 addi             x14, x0, 32         x14=00000020
20254087ns          336397 1c0080d4 40d70733 sub              x14, x14, x13       x14=0000001c x14:00000020 x13:00000004
20254107ns          336398 1c0080d6 00070b63 beq              x14, x0, 22         x14:0000001c
20254128ns          336399 1c0080d8 00e797b3 sll              x15, x15, x14       x15=00000000 x15:00000000 x14:0000001c
20254148ns          336400 1c0080dc 00d556b3 srl              x13, x10, x13       x13=00000000 x10:00000000 x13:00000004
20254532ns          336419 1c0080e0 00e61833 sll              x16, x12, x14       x16=a0000000 x12:0000000a x14:0000001c
20254573ns          336421 1c0080e4 00f6e5b3 or               x11, x13, x15       x11=00000000 x13:00000000 x15:00000000
20254593ns          336422 1c0080e8 00e51333 sll              x6, x10, x14         x6=00000000 x10:00000000 x14:0000001c
20254613ns          336423 1c0080ec 01085513 srli             x10, x16, 0x10      x10=0000a000 x16:a0000000
20254917ns          336438 1c0080f0 02a5f733 remu             x14, x11, x10       x14=00000000 x11:00000000 x10:0000a000
20255322ns          336458 1c0080f4 02a5d7b3 divu             x15, x11, x10       x15=00000000 x11:00000000 x10:0000a000
20255706ns          336477 1c0080f8 01081613 slli             x12, x16, 0x10      x12=00000000 x16:a0000000
20255727ns          336478 1c0080fc 01071713 slli             x14, x14, 0x10      x14=00000000 x14:00000000
20255747ns          336479 1c0080fe 01065613 srli             x12, x12, 0x10      x12=00000000 x12:00000000
20255767ns          336480 1c008100 01035693 srli             x13, x6, 0x10       x13=00000000  x6:00000000
20255787ns          336481 1c008104 00e6e6b3 or               x13, x13, x14       x13=00000000 x13:00000000 x14:00000000
20255808ns          336482 1c008106 02f605b3 mul              x11, x12, x15       x11=00000000 x12:00000000 x15:00000000
20255828ns          336483 1c00810a 00f00733 add              x14, x0, x15        x14=00000000 x15:00000000
20255848ns          336484 1c00810c 00b6fc63 bgeu             x13, x11, 24        x13:00000000 x11:00000000
20256678ns          336525 1c008124 40b686b3 sub              x13, x13, x11       x13=00000000 x13:00000000 x11:00000000
20256718ns          336527 1c008126 02a6f7b3 remu             x15, x13, x10       x15=00000000 x13:00000000 x10:0000a000
20257103ns          336546 1c00812a 02a6d6b3 divu             x13, x13, x10       x13=00000000 x13:00000000 x10:0000a000
20257488ns          336565 1c00812e 01031313 slli             x6, x6, 0x10         x6=00000000  x6:00000000
20257508ns          336566 1c008130 01079793 slli             x15, x15, 0x10      x15=00000000 x15:00000000
20257528ns          336567 1c008132 01035313 srli             x6, x6, 0x10         x6=00000000  x6:00000000
20257548ns          336568 1c008136 02d605b3 mul              x11, x12, x13       x11=00000000 x12:00000000 x13:00000000
20257568ns          336569 1c00813a 0067e333 or               x6, x15, x6          x6=00000000 x15:00000000  x6:00000000
20257589ns          336570 1c00813e 00d00533 add              x10, x0, x13        x10=00000000 x13:00000000
20257953ns          336588 1c008140 00b37b63 bgeu             x6, x11, 22          x6:00000000 x11:00000000
20258479ns          336614 1c008156 01071713 slli             x14, x14, 0x10      x14=00000000 x14:00000000
20258520ns          336616 1c008158 00a76733 or               x14, x14, x10       x14=00000000 x14:00000000 x10:00000000
20258540ns          336617 1c00815a 00000593 addi             x11, x0, 0          x11=00000000
20258560ns          336618 1c00815c 0b20006f jal              x0, 178            
20259309ns          336655 1c00820e 00e00533 add              x10, x0, x14        x10=00000000 x14:00000000
20259734ns          336676 1c008210 00008067 jalr             x0, x1, 0            x1:1c008fe2
20259856ns          336682 1c008fe2 03090913 addi             x18, x18, 48        x18=00000030 x18:00000000
20259876ns          336683 1c008fe6 012d8023 sb               x18, 0(x27)         x18:00000030 x27:1000175c  PA:1000175c
20259896ns          336684 1c008fea 00a5e7b3 or               x15, x11, x10       x15=00000000 x11:00000000 x10:00000000
20260260ns          336702 1c008fee 001d8913 addi             x18, x27, 1         x18=1000175d x27:1000175c
20260281ns          336703 1c008ff2 00a00433 add              x8, x0, x10          x8=00000000 x10:00000000
20260301ns          336704 1c008ff4 00b00cb3 add              x25, x0, x11        x25=00000000 x11:00000000
20260321ns          336705 1c008ff6 fc0798e3 bne              x15, x0, -48        x15:00000000
20260341ns          336706 1c008ff8 00090023 sb               x0, 0(x18)          x18:1000175d  PA:1000175d
20260362ns          336707 1c008ffc 01ba7d63 bgeu             x20, x27, 26        x20:1000175c x27:1000175c
20261212ns          336749 1c009016 00012783 lw               x15, 0(x2)          x15=1000175c  x2:10001738  PA:10001738
20261252ns          336751 1c009018 00c12703 lw               x14, 12(x2)         x14=00000000  x2:10001738  PA:10001744
20261272ns          336752 1c00901a 40f90933 sub              x18, x18, x15       x18=00000001 x18:1000175d x15:1000175c
20261677ns          336772 1c00901e 3c071de3 bne              x14, x0, 3034       x14:00000000
20261697ns          336773 1c009022 01012783 lw               x15, 16(x2)         x15=00000000  x2:10001738  PA:10001748
20261738ns          336775 1c009024 3c079ae3 bne              x15, x0, 3028       x15:00000000
20261758ns          336776 1c009028 00412703 lw               x14, 4(x2)          x14=00000000  x2:10001738  PA:1000173c
20261819ns          336779 1c00902a 01f75713 srli             x14, x14, 0x1f      x14=00000000 x14:00000000
20261839ns          336780 1c00902c 00e12223 sw               x14, 4(x2)          x14:00000000  x2:10001738  PA:1000173c
20262143ns          336795 1c00902e 3404c463 blt              x9, x0, 840          x9:ffffffff
20262568ns          336816 1c009376 00000c93 addi             x25, x0, 0          x25=00000000
20262608ns          336818 1c009378 00012c23 sw               x0, 24(x2)           x2:10001738  PA:10001750
20262628ns          336819 1c00937a 00000a13 addi             x20, x0, 0          x20=00000000
20262649ns          336820 1c00937c 01412783 lw               x15, 20(x2)         x15=00000000  x2:10001738  PA:1000174c
20263074ns          336841 1c00937e 5e078163 beq              x15, x0, 1506       x15:00000000
20263580ns          336866 1c009960 412b0b33 sub              x22, x22, x18       x22=ffffffff x22:00000000 x18:00000001
20263620ns          336868 1c009964 02410413 addi             x8, x2, 36           x8=1000175c  x2:10001738
20263640ns          336869 1c009966 00000493 addi             x9, x0, 0            x9=00000000
20263661ns          336870 1c009968 ee6ff06f jal              x0, -2330          
20264410ns          336907 1c00904e 00812703 lw               x14, 8(x2)          x14=00000000  x2:10001738  PA:10001740
20264916ns          336932 1c009050 02071063 bne              x14, x0, 32         x14:00000000
20264956ns          336934 1c009052 01605f63 bge              x0, x22, 30         x22:ffffffff
20265300ns          336951 1c009070 00412783 lw               x15, 4(x2)          x15=00000000  x2:10001738  PA:1000173c
20265341ns          336953 1c009072 00f40db3 add              x27, x8, x15        x27=1000175c  x8:1000175c x15:00000000
20265361ns          336954 1c009076 00c0006f jal              x0, 12             
20265826ns          336977 1c009082 017005b3 add              x11, x0, x23        x11=00000002 x23:00000002
20265867ns          336979 1c009084 ffb41ae3 bne              x8, x27, -12         x8:1000175c x27:1000175c
20265887ns          336980 1c009088 00900db3 add              x27, x0, x9         x27=00000000  x9:00000000
20265907ns          336981 1c00908a 0080006f jal              x0, 8              
20266353ns          337003 1c009092 fffd8d93 addi             x27, x27, -1        x27=ffffffff x27:00000000
20266373ns          337004 1c009094 017005b3 add              x11, x0, x23        x11=00000002 x23:00000002
20266393ns          337005 1c009096 03000513 addi             x10, x0, 48         x10=00000030
20266413ns          337006 1c00909a fffdb9e3 p.bneimm         x27, -14            x27:ffffffff
20266434ns          337007 1c00909e 00412703 lw               x14, 4(x2)          x14=00000000  x2:10001738  PA:1000173c
20266818ns          337026 1c0090a0 40e90933 sub              x18, x18, x14       x18=00000001 x18:00000001 x14:00000000
20266859ns          337028 1c0090a4 01212423 sw               x18, 8(x2)          x18:00000001  x2:10001738  PA:10001740
20266899ns          337030 1c0090a6 e40a15e3 bne              x20, x0, -438       x20:00000000
20266919ns          337031 1c0090aa 01812783 lw               x15, 24(x2)         x15=00000000  x2:10001738  PA:10001750
20266960ns          337033 1c0090ac 16079763 bne              x15, x0, 366        x15:00000000
20267284ns          337049 1c0090b0 120c8863 beq              x25, x0, 304        x25:00000000
20267810ns          337075 1c0091e0 017005b3 add              x11, x0, x23        x11=00000002 x23:00000002
20267850ns          337077 1c0091e2 ff2049e3 blt              x0, x18, -14        x18:00000001
20268296ns          337099 1c0091d4 0014450b p.lbu            x10, 1(x8!)         x10=00000030  x8=1000175d  x8:1000175c  PA:1000175c
20268336ns          337101 1c0091d8 fff90913 addi             x18, x18, -1        x18=00000000 x18:00000001
20268356ns          337102 1c0091da 000980e7 jalr             x1, x19, 0           x1=1c0091dc x19:1c008d20
20268437ns          337106 1c008d20 f14027f3 csrrs            x15, x0, 0xf14      x15=00000004
20268478ns          337108 1c008d24 1a10f6b7 lui              x13, 0x1a10f000     x13=1a10f000
20268498ns          337109 1c008d28 ca5797b3 p.extractu       x15, x15, 5, 5      x15=00000000 x15:00000004
20268518ns          337110 1c008d2c f1402773 csrrs            x14, x0, 0xf14      x14=00000004
20268842ns          337126 1c008d30 00779793 slli             x15, x15, 0x7       x15=00000000 x15:00000000
20268862ns          337127 1c008d32 00371713 slli             x14, x14, 0x3       x14=00000020 x14:00000004
20268883ns          337128 1c008d34 0ff57513 andi             x10, x10, 255       x10=00000030 x10:00000030
20268903ns          337129 1c008d38 ee873733 p.bclr           x14, x14, 23, 8     x14=00000020 x14:00000020
20268923ns          337130 1c008d3c 00d787b3 add              x15, x15, x13       x15=1a10f000 x15:00000000 x13:1a10f000
20269328ns          337150 1c008d3e 00a767a3 p.sw             x10, x0(x14)        x10:00000030 x14:00000020  PA:1a10f020
20269793ns          337173 1c008d42 00000513 addi             x10, x0, 0          x10=00000000
20269814ns          337174 1c008d44 00008067 jalr             x0, x1, 0            x1:1c0091dc
20269895ns          337178 1c0091dc d5f522e3 p.beqimm         x10, -700           x10:00000000
20269935ns          337180 1c0091e0 017005b3 add              x11, x0, x23        x11=00000002 x23:00000002
20269955ns          337181 1c0091e2 ff2049e3 blt              x0, x18, -14        x18:00000000
20269976ns          337182 1c0091e6 00412783 lw               x15, 4(x2)          x15=00000000  x2:10001738  PA:1000173c
20269996ns          337183 1c0091e8 01c12a03 lw               x20, 28(x2)         x20=100017e0  x2:10001738  PA:10001754
20270016ns          337184 1c0091ea 00fa8733 add              x14, x21, x15       x14=0000001b x21:0000001b x15:00000000
20270036ns          337185 1c0091ee 00812783 lw               x15, 8(x2)          x15=00000001  x2:10001738  PA:10001740
20270239ns          337195 1c0091f0 00970733 add              x14, x14, x9        x14=0000001b x14:0000001b  x9:00000000
20270279ns          337197 1c0091f2 00e78ab3 add              x21, x15, x14       x21=0000001c x15:00000001 x14:0000001b
20270299ns          337198 1c0091f6 bf6059e3 bge              x0, x22, -1038      x22:ffffffff
20270846ns          337225 1c008de8 000d4503 lbu              x10, 0(x26)         x10=00000020 x26:1c0009a1  PA:1c0009a1
20271170ns          337241 1c008dec 001d0413 addi             x8, x26, 1           x8=1c0009a2 x26:1c0009a1
20271190ns          337242 1c008df0 0c050b63 beq              x10, x0, 214        x10:00000020
20271210ns          337243 1c008df2 02500793 addi             x15, x0, 37         x15=00000025
20271230ns          337244 1c008df6 fef513e3 bne              x10, x15, -26       x10:00000020 x15:00000025
20271392ns          337252 1c008ddc 017005b3 add              x11, x0, x23        x11=00000002 x23:00000002
20271413ns          337253 1c008dde 000980e7 jalr             x1, x19, 0           x1=1c008de0 x19:1c008d20
20271453ns          337255 1c008d20 f14027f3 csrrs            x15, x0, 0xf14      x15=00000004
20271473ns          337256 1c008d24 1a10f6b7 lui              x13, 0x1a10f000     x13=1a10f000
20271494ns          337257 1c008d28 ca5797b3 p.extractu       x15, x15, 5, 5      x15=00000000 x15:00000004
20271514ns          337258 1c008d2c f1402773 csrrs            x14, x0, 0xf14      x14=00000004
20271534ns          337259 1c008d30 00779793 slli             x15, x15, 0x7       x15=00000000 x15:00000000
20271554ns          337260 1c008d32 00371713 slli             x14, x14, 0x3       x14=00000020 x14:00000004
20271575ns          337261 1c008d34 0ff57513 andi             x10, x10, 255       x10=00000020 x10:00000020
20271595ns          337262 1c008d38 ee873733 p.bclr           x14, x14, 23, 8     x14=00000020 x14:00000020
20271615ns          337263 1c008d3c 00d787b3 add              x15, x15, x13       x15=1a10f000 x15:00000000 x13:1a10f000
20271635ns          337264 1c008d3e 00a767a3 p.sw             x10, x0(x14)        x10:00000020 x14:00000020  PA:1a10f020
20272162ns          337290 1c008d42 00000513 addi             x10, x0, 0          x10=00000000
20272182ns          337291 1c008d44 00008067 jalr             x0, x1, 0            x1:1c008de0
20272222ns          337293 1c008de0 15f52063 p.beqimm         x10, 320            x10:00000000
20272242ns          337294 1c008de4 001a8a93 addi             x21, x21, 1         x21=0000001d x21:0000001c
20272263ns          337295 1c008de6 00800d33 add              x26, x0, x8         x26=1c0009a2  x8:1c0009a2
20272283ns          337296 1c008de8 000d4503 lbu              x10, 0(x26)         x10=00000063 x26:1c0009a2  PA:1c0009a2
20272587ns          337311 1c008dec 001d0413 addi             x8, x26, 1           x8=1c0009a3 x26:1c0009a2
20272607ns          337312 1c008df0 0c050b63 beq              x10, x0, 214        x10:00000063
20272627ns          337313 1c008df2 02500793 addi             x15, x0, 37         x15=00000025
20272647ns          337314 1c008df6 fef513e3 bne              x10, x15, -26       x10:00000063 x15:00000025
20272708ns          337317 1c008ddc 017005b3 add              x11, x0, x23        x11=00000002 x23:00000002
20272728ns          337318 1c008dde 000980e7 jalr             x1, x19, 0           x1=1c008de0 x19:1c008d20
20272769ns          337320 1c008d20 f14027f3 csrrs            x15, x0, 0xf14      x15=00000004
20272789ns          337321 1c008d24 1a10f6b7 lui              x13, 0x1a10f000     x13=1a10f000
20272809ns          337322 1c008d28 ca5797b3 p.extractu       x15, x15, 5, 5      x15=00000000 x15:00000004
20272829ns          337323 1c008d2c f1402773 csrrs            x14, x0, 0xf14      x14=00000004
20272850ns          337324 1c008d30 00779793 slli             x15, x15, 0x7       x15=00000000 x15:00000000
20272870ns          337325 1c008d32 00371713 slli             x14, x14, 0x3       x14=00000020 x14:00000004
20272890ns          337326 1c008d34 0ff57513 andi             x10, x10, 255       x10=00000063 x10:00000063
20272910ns          337327 1c008d38 ee873733 p.bclr           x14, x14, 23, 8     x14=00000020 x14:00000020
20272931ns          337328 1c008d3c 00d787b3 add              x15, x15, x13       x15=1a10f000 x15:00000000 x13:1a10f000
20272951ns          337329 1c008d3e 00a767a3 p.sw             x10, x0(x14)        x10:00000063 x14:00000020  PA:1a10f020
20273275ns          337345 1c008d42 00000513 addi             x10, x0, 0          x10=00000000
20273295ns          337346 1c008d44 00008067 jalr             x0, x1, 0            x1:1c008de0
20273335ns          337348 1c008de0 15f52063 p.beqimm         x10, 320            x10:00000000
20273356ns          337349 1c008de4 001a8a93 addi             x21, x21, 1         x21=0000001e x21:0000001d
20273376ns          337350 1c008de6 00800d33 add              x26, x0, x8         x26=1c0009a3  x8:1c0009a3
20273396ns          337351 1c008de8 000d4503 lbu              x10, 0(x26)         x10=0000006f x26:1c0009a3  PA:1c0009a3
20273700ns          337366 1c008dec 001d0413 addi             x8, x26, 1           x8=1c0009a4 x26:1c0009a3
20273720ns          337367 1c008df0 0c050b63 beq              x10, x0, 214        x10:0000006f
20273740ns          337368 1c008df2 02500793 addi             x15, x0, 37         x15=00000025
20273760ns          337369 1c008df6 fef513e3 bne              x10, x15, -26       x10:0000006f x15:00000025
20273821ns          337372 1c008ddc 017005b3 add              x11, x0, x23        x11=00000002 x23:00000002
20273841ns          337373 1c008dde 000980e7 jalr             x1, x19, 0           x1=1c008de0 x19:1c008d20
20273882ns          337375 1c008d20 f14027f3 csrrs            x15, x0, 0xf14      x15=00000004
20273902ns          337376 1c008d24 1a10f6b7 lui              x13, 0x1a10f000     x13=1a10f000
20273922ns          337377 1c008d28 ca5797b3 p.extractu       x15, x15, 5, 5      x15=00000000 x15:00000004
20273943ns          337378 1c008d2c f1402773 csrrs            x14, x0, 0xf14      x14=00000004
20273963ns          337379 1c008d30 00779793 slli             x15, x15, 0x7       x15=00000000 x15:00000000
20273983ns          337380 1c008d32 00371713 slli             x14, x14, 0x3       x14=00000020 x14:00000004
20274003ns          337381 1c008d34 0ff57513 andi             x10, x10, 255       x10=0000006f x10:0000006f
20274024ns          337382 1c008d38 ee873733 p.bclr           x14, x14, 23, 8     x14=00000020 x14:00000020
20274044ns          337383 1c008d3c 00d787b3 add              x15, x15, x13       x15=1a10f000 x15:00000000 x13:1a10f000
20274064ns          337384 1c008d3e 00a767a3 p.sw             x10, x0(x14)        x10:0000006f x14:00000020  PA:1a10f020
20274388ns          337400 1c008d42 00000513 addi             x10, x0, 0          x10=00000000
20274408ns          337401 1c008d44 00008067 jalr             x0, x1, 0            x1:1c008de0
20274449ns          337403 1c008de0 15f52063 p.beqimm         x10, 320            x10:00000000
20274469ns          337404 1c008de4 001a8a93 addi             x21, x21, 1         x21=0000001f x21:0000001e
20274489ns          337405 1c008de6 00800d33 add              x26, x0, x8         x26=1c0009a4  x8:1c0009a4
20274509ns          337406 1c008de8 000d4503 lbu              x10, 0(x26)         x10=00000072 x26:1c0009a4  PA:1c0009a4
20274813ns          337421 1c008dec 001d0413 addi             x8, x26, 1           x8=1c0009a5 x26:1c0009a4
20274833ns          337422 1c008df0 0c050b63 beq              x10, x0, 214        x10:00000072
20274853ns          337423 1c008df2 02500793 addi             x15, x0, 37         x15=00000025
20274874ns          337424 1c008df6 fef513e3 bne              x10, x15, -26       x10:00000072 x15:00000025
20274934ns          337427 1c008ddc 017005b3 add              x11, x0, x23        x11=00000002 x23:00000002
20274955ns          337428 1c008dde 000980e7 jalr             x1, x19, 0           x1=1c008de0 x19:1c008d20
20274995ns          337430 1c008d20 f14027f3 csrrs            x15, x0, 0xf14      x15=00000004
20275015ns          337431 1c008d24 1a10f6b7 lui              x13, 0x1a10f000     x13=1a10f000
20275036ns          337432 1c008d28 ca5797b3 p.extractu       x15, x15, 5, 5      x15=00000000 x15:00000004
20275056ns          337433 1c008d2c f1402773 csrrs            x14, x0, 0xf14      x14=00000004
20275076ns          337434 1c008d30 00779793 slli             x15, x15, 0x7       x15=00000000 x15:00000000
20275096ns          337435 1c008d32 00371713 slli             x14, x14, 0x3       x14=00000020 x14:00000004
20275117ns          337436 1c008d34 0ff57513 andi             x10, x10, 255       x10=00000072 x10:00000072
20275137ns          337437 1c008d38 ee873733 p.bclr           x14, x14, 23, 8     x14=00000020 x14:00000020
20275157ns          337438 1c008d3c 00d787b3 add              x15, x15, x13       x15=1a10f000 x15:00000000 x13:1a10f000
20275177ns          337439 1c008d3e 00a767a3 p.sw             x10, x0(x14)        x10:00000072 x14:00000020  PA:1a10f020
20275501ns          337455 1c008d42 00000513 addi             x10, x0, 0          x10=00000000
20275521ns          337456 1c008d44 00008067 jalr             x0, x1, 0            x1:1c008de0
20275562ns          337458 1c008de0 15f52063 p.beqimm         x10, 320            x10:00000000
20275582ns          337459 1c008de4 001a8a93 addi             x21, x21, 1         x21=00000020 x21:0000001f
20275602ns          337460 1c008de6 00800d33 add              x26, x0, x8         x26=1c0009a5  x8:1c0009a5
20275623ns          337461 1c008de8 000d4503 lbu              x10, 0(x26)         x10=00000065 x26:1c0009a5  PA:1c0009a5
20275926ns          337476 1c008dec 001d0413 addi             x8, x26, 1           x8=1c0009a6 x26:1c0009a5
20275946ns          337477 1c008df0 0c050b63 beq              x10, x0, 214        x10:00000065
20275967ns          337478 1c008df2 02500793 addi             x15, x0, 37         x15=00000025
20275987ns          337479 1c008df6 fef513e3 bne              x10, x15, -26       x10:00000065 x15:00000025
20276048ns          337482 1c008ddc 017005b3 add              x11, x0, x23        x11=00000002 x23:00000002
20276068ns          337483 1c008dde 000980e7 jalr             x1, x19, 0           x1=1c008de0 x19:1c008d20
20276108ns          337485 1c008d20 f14027f3 csrrs            x15, x0, 0xf14      x15=00000004
20276129ns          337486 1c008d24 1a10f6b7 lui              x13, 0x1a10f000     x13=1a10f000
20276149ns          337487 1c008d28 ca5797b3 p.extractu       x15, x15, 5, 5      x15=00000000 x15:00000004
20276169ns          337488 1c008d2c f1402773 csrrs            x14, x0, 0xf14      x14=00000004
20276189ns          337489 1c008d30 00779793 slli             x15, x15, 0x7       x15=00000000 x15:00000000
20276210ns          337490 1c008d32 00371713 slli             x14, x14, 0x3       x14=00000020 x14:00000004
20276230ns          337491 1c008d34 0ff57513 andi             x10, x10, 255       x10=00000065 x10:00000065
20276250ns          337492 1c008d38 ee873733 p.bclr           x14, x14, 23, 8     x14=00000020 x14:00000020
20276270ns          337493 1c008d3c 00d787b3 add              x15, x15, x13       x15=1a10f000 x15:00000000 x13:1a10f000
20276290ns          337494 1c008d3e 00a767a3 p.sw             x10, x0(x14)        x10:00000065 x14:00000020  PA:1a10f020
20276635ns          337511 1c008d42 00000513 addi             x10, x0, 0          x10=00000000
20276655ns          337512 1c008d44 00008067 jalr             x0, x1, 0            x1:1c008de0
20276695ns          337514 1c008de0 15f52063 p.beqimm         x10, 320            x10:00000000
20276716ns          337515 1c008de4 001a8a93 addi             x21, x21, 1         x21=00000021 x21:00000020
20276736ns          337516 1c008de6 00800d33 add              x26, x0, x8         x26=1c0009a6  x8:1c0009a6
20276756ns          337517 1c008de8 000d4503 lbu              x10, 0(x26)         x10=00000020 x26:1c0009a6  PA:1c0009a6
20277060ns          337532 1c008dec 001d0413 addi             x8, x26, 1           x8=1c0009a7 x26:1c0009a6
20277080ns          337533 1c008df0 0c050b63 beq              x10, x0, 214        x10:00000020
20277100ns          337534 1c008df2 02500793 addi             x15, x0, 37         x15=00000025
20277120ns          337535 1c008df6 fef513e3 bne              x10, x15, -26       x10:00000020 x15:00000025
20277181ns          337538 1c008ddc 017005b3 add              x11, x0, x23        x11=00000002 x23:00000002
20277201ns          337539 1c008dde 000980e7 jalr             x1, x19, 0           x1=1c008de0 x19:1c008d20
20277242ns          337541 1c008d20 f14027f3 csrrs            x15, x0, 0xf14      x15=00000004
20277262ns          337542 1c008d24 1a10f6b7 lui              x13, 0x1a10f000     x13=1a10f000
20277282ns          337543 1c008d28 ca5797b3 p.extractu       x15, x15, 5, 5      x15=00000000 x15:00000004
20277302ns          337544 1c008d2c f1402773 csrrs            x14, x0, 0xf14      x14=00000004
20277323ns          337545 1c008d30 00779793 slli             x15, x15, 0x7       x15=00000000 x15:00000000
20277343ns          337546 1c008d32 00371713 slli             x14, x14, 0x3       x14=00000020 x14:00000004
20277363ns          337547 1c008d34 0ff57513 andi             x10, x10, 255       x10=00000020 x10:00000020
20277383ns          337548 1c008d38 ee873733 p.bclr           x14, x14, 23, 8     x14=00000020 x14:00000020
20277404ns          337549 1c008d3c 00d787b3 add              x15, x15, x13       x15=1a10f000 x15:00000000 x13:1a10f000
20277424ns          337550 1c008d3e 00a767a3 p.sw             x10, x0(x14)        x10:00000020 x14:00000020  PA:1a10f020
20277768ns          337567 1c008d42 00000513 addi             x10, x0, 0          x10=00000000
20277788ns          337568 1c008d44 00008067 jalr             x0, x1, 0            x1:1c008de0
20277829ns          337570 1c008de0 15f52063 p.beqimm         x10, 320            x10:00000000
20277849ns          337571 1c008de4 001a8a93 addi             x21, x21, 1         x21=00000022 x21:00000021
20277869ns          337572 1c008de6 00800d33 add              x26, x0, x8         x26=1c0009a7  x8:1c0009a7
20277889ns          337573 1c008de8 000d4503 lbu              x10, 0(x26)         x10=00000025 x26:1c0009a7  PA:1c0009a7
20278193ns          337588 1c008dec 001d0413 addi             x8, x26, 1           x8=1c0009a8 x26:1c0009a7
20278213ns          337589 1c008df0 0c050b63 beq              x10, x0, 214        x10:00000025
20278234ns          337590 1c008df2 02500793 addi             x15, x0, 37         x15=00000025
20278254ns          337591 1c008df6 fef513e3 bne              x10, x15, -26       x10:00000025 x15:00000025
20278274ns          337592 1c008dfa 00012a23 sw               x0, 20(x2)           x2:10001738  PA:1000174c
20278294ns          337593 1c008dfc 00012823 sw               x0, 16(x2)           x2:10001738  PA:10001748
20278314ns          337594 1c008dfe 00012623 sw               x0, 12(x2)           x2:10001738  PA:10001744
20278335ns          337595 1c008e00 00012423 sw               x0, 8(x2)            x2:10001738  PA:10001740
20278355ns          337596 1c008e02 00012223 sw               x0, 4(x2)            x2:10001738  PA:1000173c
20278375ns          337597 1c008e04 02300493 addi             x9, x0, 35           x9=00000023
20278395ns          337598 1c008e08 02d00b13 addi             x22, x0, 45         x22=0000002d
20278416ns          337599 1c008e0c 00044c83 lbu              x25, 0(x8)          x25=00000064  x8:1c0009a8  PA:1c0009a8
20278740ns          337615 1c008e10 00140913 addi             x18, x8, 1          x18=1c0009a9  x8:1c0009a8
20278760ns          337616 1c008e14 019005b3 add              x11, x0, x25        x11=00000064 x25:00000064
20278780ns          337617 1c008e16 9d0c0513 addi             x10, x24, -1584     x10=1c0009d0 x24:1c001000
20278800ns          337618 1c008e1a 01200d33 add              x26, x0, x18        x26=1c0009a9 x18:1c0009a9
20278820ns          337619 1c008e1c 01900db3 add              x27, x0, x25        x27=00000064 x25:00000064
20278841ns          337620 1c008e1e e89ff0ef jal              x1, -376             x1=1c008e20
20279286ns          337642 1c008ca6 00054783 lbu              x15, 0(x10)         x15=0000002d x10:1c0009d0  PA:1c0009d0
20279590ns          337657 1c008caa 0ff5f593 andi             x11, x11, 255       x11=00000064 x11:00000064
20279610ns          337658 1c008cae 00b78c63 beq              x15, x11, 24        x15:0000002d x11:00000064
20279630ns          337659 1c008cb2 00078b63 beq              x15, x0, 22         x15:0000002d
20279650ns          337660 1c008cb4 00150793 addi             x15, x10, 1         x15=1c0009d1 x10:1c0009d0
20279671ns          337661 1c008cb8 0040006f jal              x0, 4              
20279711ns          337663 1c008cbc 00f00533 add              x10, x0, x15        x10=1c0009d1 x15:1c0009d1
20279731ns          337664 1c008cbe 0017c70b p.lbu            x14, 1(x15!)        x14=0000002b x15=1c0009d2 x15:1c0009d1  PA:1c0009d1
20280055ns          337680 1c008cc2 feb71ce3 bne              x14, x11, -8        x14:0000002b x11:00000064
20280177ns          337686 1c008cba 00070763 beq              x14, x0, 14         x14:0000002b
20280197ns          337687 1c008cbc 00f00533 add              x10, x0, x15        x10=1c0009d2 x15:1c0009d2
20280217ns          337688 1c008cbe 0017c70b p.lbu            x14, 1(x15!)        x14=00000020 x15=1c0009d3 x15:1c0009d2  PA:1c0009d2
20280561ns          337705 1c008cc2 feb71ce3 bne              x14, x11, -8        x14:00000020 x11:00000064
20280622ns          337708 1c008cba 00070763 beq              x14, x0, 14         x14:00000020
20280642ns          337709 1c008cbc 00f00533 add              x10, x0, x15        x10=1c0009d3 x15:1c0009d3
20280662ns          337710 1c008cbe 0017c70b p.lbu            x14, 1(x15!)        x14=00000023 x15=1c0009d4 x15:1c0009d3  PA:1c0009d3
20280986ns          337726 1c008cc2 feb71ce3 bne              x14, x11, -8        x14:00000023 x11:00000064
20281047ns          337729 1c008cba 00070763 beq              x14, x0, 14         x14:00000023
20281067ns          337730 1c008cbc 00f00533 add              x10, x0, x15        x10=1c0009d4 x15:1c0009d4
20281087ns          337731 1c008cbe 0017c70b p.lbu            x14, 1(x15!)        x14=00000030 x15=1c0009d5 x15:1c0009d4  PA:1c0009d4
20281411ns          337747 1c008cc2 feb71ce3 bne              x14, x11, -8        x14:00000030 x11:00000064
20281472ns          337750 1c008cba 00070763 beq              x14, x0, 14         x14:00000030
20281492ns          337751 1c008cbc 00f00533 add              x10, x0, x15        x10=1c0009d5 x15:1c0009d5
20281512ns          337752 1c008cbe 0017c70b p.lbu            x14, 1(x15!)        x14=00000000 x15=1c0009d6 x15:1c0009d5  PA:1c0009d5
20281836ns          337768 1c008cc2 feb71ce3 bne              x14, x11, -8        x14:00000000 x11:00000064
20281897ns          337771 1c008cba 00070763 beq              x14, x0, 14         x14:00000000
20281958ns          337774 1c008cc8 0015b593 sltiu            x11, x11, 1         x11=00000000 x11:00000064
20281978ns          337775 1c008ccc 40b005b3 sub              x11, x0, x11        x11=00000000 x11:00000000
20281998ns          337776 1c008cd0 00b57533 and              x10, x10, x11       x10=00000000 x10:1c0009d5 x11:00000000
20282018ns          337777 1c008cd2 00008067 jalr             x0, x1, 0            x1:1c008e20
20282059ns          337779 1c008e20 02050b63 beq              x10, x0, 54         x10:00000000
20282201ns          337786 1c008e56 02a00693 addi             x13, x0, 42         x13=0000002a
20282221ns          337787 1c008e5a 2edc8263 beq              x25, x13, 740       x25:00000064 x13:0000002a
20282605ns          337806 1c008e5e fd0c8693 addi             x13, x25, -48       x13=00000034 x25:00000064
20282626ns          337807 1c008e62 00900593 addi             x11, x0, 9          x11=00000009
20282646ns          337808 1c008e64 00000b13 addi             x22, x0, 0          x22=00000000
20282666ns          337809 1c008e66 0cd5fd63 bgeu             x11, x13, 218       x11:00000009 x13:00000034
20282686ns          337810 1c008e6a 02e00793 addi             x15, x0, 46         x15=0000002e
20282747ns          337813 1c008e6e 28fd8663 beq              x27, x15, 652       x27:00000064 x15:0000002e
20282767ns          337814 1c008e72 01b00433 add              x8, x0, x27          x8=00000064 x27:00000064
20282788ns          337815 1c008e74 fff00493 addi             x9, x0, -1           x9=ffffffff
20282808ns          337816 1c008e76 1c001737 lui              x14, 0x1c001000     x14=1c001000
20282828ns          337817 1c008e7a 01b005b3 add              x11, x0, x27        x11=00000064 x27:00000064
20282848ns          337818 1c008e7c 9d870513 addi             x10, x14, -1576     x10=1c0009d8 x14:1c001000
20282889ns          337820 1c008e80 e27ff0ef jal              x1, -474             x1=1c008e82
20282949ns          337823 1c008ca6 00054783 lbu              x15, 0(x10)         x15=00000068 x10:1c0009d8  PA:1c0009d8
20283253ns          337838 1c008caa 0ff5f593 andi             x11, x11, 255       x11=00000064 x11:00000064
20283273ns          337839 1c008cae 00b78c63 beq              x15, x11, 24        x15:00000068 x11:00000064
20283294ns          337840 1c008cb2 00078b63 beq              x15, x0, 22         x15:00000068
20283314ns          337841 1c008cb4 00150793 addi             x15, x10, 1         x15=1c0009d9 x10:1c0009d8
20283334ns          337842 1c008cb8 0040006f jal              x0, 4              
20283374ns          337844 1c008cbc 00f00533 add              x10, x0, x15        x10=1c0009d9 x15:1c0009d9
20283395ns          337845 1c008cbe 0017c70b p.lbu            x14, 1(x15!)        x14=0000006c x15=1c0009da x15:1c0009d9  PA:1c0009d9
20283719ns          337861 1c008cc2 feb71ce3 bne              x14, x11, -8        x14:0000006c x11:00000064
20283779ns          337864 1c008cba 00070763 beq              x14, x0, 14         x14:0000006c
20283800ns          337865 1c008cbc 00f00533 add              x10, x0, x15        x10=1c0009da x15:1c0009da
20283820ns          337866 1c008cbe 0017c70b p.lbu            x14, 1(x15!)        x14=0000007a x15=1c0009db x15:1c0009da  PA:1c0009da
20284144ns          337882 1c008cc2 feb71ce3 bne              x14, x11, -8        x14:0000007a x11:00000064
20284204ns          337885 1c008cba 00070763 beq              x14, x0, 14         x14:0000007a
20284225ns          337886 1c008cbc 00f00533 add              x10, x0, x15        x10=1c0009db x15:1c0009db
20284245ns          337887 1c008cbe 0017c70b p.lbu            x14, 1(x15!)        x14=00000000 x15=1c0009dc x15:1c0009db  PA:1c0009db
20284569ns          337903 1c008cc2 feb71ce3 bne              x14, x11, -8        x14:00000000 x11:00000064
20284629ns          337906 1c008cba 00070763 beq              x14, x0, 14         x14:00000000
20284690ns          337909 1c008cc8 0015b593 sltiu            x11, x11, 1         x11=00000000 x11:00000064
20284710ns          337910 1c008ccc 40b005b3 sub              x11, x0, x11        x11=00000000 x11:00000000
20284731ns          337911 1c008cd0 00b57533 and              x10, x10, x11       x10=00000000 x10:1c0009db x11:00000000
20284751ns          337912 1c008cd2 00008067 jalr             x0, x1, 0            x1:1c008e82
20284791ns          337914 1c008e82 00000793 addi             x15, x0, 0          x15=00000000
20284812ns          337915 1c008e84 00050f63 beq              x10, x0, 30         x10:00000000
20284953ns          337922 1c008ea2 06700693 addi             x13, x0, 103        x13=00000067
20284973ns          337923 1c008ea6 0bb6ee63 bltu             x13, x27, 188       x13:00000067 x27:00000064
20284994ns          337924 1c008eaa 06500693 addi             x13, x0, 101        x13=00000065
20285014ns          337925 1c008eae 3addf2e3 bgeu             x27, x13, 2980      x27:00000064 x13:00000065
20285034ns          337926 1c008eb2 04700693 addi             x13, x0, 71         x13=00000047
20285054ns          337927 1c008eb6 39b6ed63 bltu             x13, x27, 922       x13:00000047 x27:00000064
20285216ns          337935 1c009250 06300693 addi             x13, x0, 99         x13=00000063
20285257ns          337937 1c009254 70dd8c63 beq              x27, x13, 1816      x27:00000064 x13:00000063
20285277ns          337938 1c009258 d3b6e5e3 bltu             x13, x27, -726      x13:00000063 x27:00000064
20285479ns          337948 1c008f82 06c00693 addi             x13, x0, 108        x13=0000006c
20285500ns          337949 1c008f86 00d78a63 beq              x15, x13, 20        x15:00000000 x13:0000006c
20285520ns          337950 1c008f8a 07a00693 addi             x13, x0, 122        x13=0000007a
20285581ns          337953 1c008f8e 00d78663 beq              x15, x13, 12        x15:00000000 x13:0000007a
20285621ns          337955 1c008f92 04c00693 addi             x13, x0, 76         x13=0000004c
20285641ns          337956 1c008f96 5ed78de3 beq              x15, x13, 3578      x15:00000000 x13:0000004c
20285662ns          337957 1c008f9a 000a2783 lw               x15, 0(x20)         x15=00000004 x20:100017e0  PA:100017e0
20285682ns          337958 1c008f9e 004a0a13 addi             x20, x20, 4         x20=100017e4 x20:100017e0
20285722ns          337960 1c008fa0 41f7d713 srai             x14, x15, 0x41f     x14=00000000 x15:00000004
20285763ns          337962 1c008fa4 01412e23 sw               x20, 28(x2)         x20:100017e4  x2:10001738  PA:10001754
20285783ns          337963 1c008fa6 00e12223 sw               x14, 4(x2)          x14:00000000  x2:10001738  PA:1000173c
20285803ns          337964 1c008fa8 4e0741e3 blt              x14, x0, 3298       x14:00000000
20285824ns          337965 1c008fac 00c12703 lw               x14, 12(x2)         x14=00000000  x2:10001738  PA:10001744
20285864ns          337967 1c008fae 440709e3 beq              x14, x0, 3154       x14:00000000
20285965ns          337972 1c009c00 01012703 lw               x14, 16(x2)         x14=00000000  x2:10001738  PA:10001748
20286006ns          337974 1c009c02 22070063 beq              x14, x0, 544        x14:00000000
20286107ns          337979 1c009e22 00412c83 lw               x25, 4(x2)          x25=00000000  x2:10001738  PA:1000173c
20286147ns          337981 1c009e24 02410a13 addi             x20, x2, 36         x20=1000175c  x2:10001738
20286168ns          337982 1c009e28 998ff06f jal              x0, -3688          
20286208ns          337984 1c008fc0 00f00433 add              x8, x0, x15          x8=00000004 x15:00000004
20286228ns          337985 1c008fc2 01400db3 add              x27, x0, x20        x27=1000175c x20:1000175c
20286249ns          337986 1c008fc4 0040006f jal              x0, 4              
20286289ns          337988 1c008fc8 00a00613 addi             x12, x0, 10         x12=0000000a
20286309ns          337989 1c008fca 00000693 addi             x13, x0, 0          x13=00000000
20286330ns          337990 1c008fcc 00800533 add              x10, x0, x8         x10=00000004  x8:00000004
20286350ns          337991 1c008fce 019005b3 add              x11, x0, x25        x11=00000000 x25:00000000
20286370ns          337992 1c008fd0 c2aff0ef jal              x1, -3030            x1=1c008fd4
20286451ns          337996 1c0083fa 00c008b3 add              x17, x0, x12        x17=0000000a x12:0000000a
20286491ns          337998 1c0083fc 00d00733 add              x14, x0, x13        x14=00000000 x13:00000000
20286512ns          337999 1c0083fe 00a007b3 add              x15, x0, x10        x15=00000004 x10:00000004
20286552ns          338001 1c008400 00b00833 add              x16, x0, x11        x16=00000000 x11:00000000
20286593ns          338003 1c008402 1c069863 bne              x13, x0, 464        x13:00000000
20286613ns          338004 1c008406 1c0016b7 lui              x13, 0x1c001000     x13=1c001000
20286633ns          338005 1c00840a 86868693 addi             x13, x13, -1944     x13=1c000868 x13:1c001000
20286694ns          338008 1c00840e 0ac5f863 bgeu             x11, x12, 176       x11:00000000 x12:0000000a
20286714ns          338009 1c008412 00010337 lui              x6, 0x10000          x6=00010000
20286734ns          338010 1c008414 08667e63 bgeu             x12, x6, 156        x12:0000000a  x6:00010000
20286755ns          338011 1c008418 0ff00313 addi             x6, x0, 255          x6=000000ff
20286775ns          338012 1c00841c 00c37363 bgeu             x6, x12, 6           x6:000000ff x12:0000000a
20286896ns          338018 1c008422 00e65333 srl              x6, x12, x14         x6=0000000a x12:0000000a x14:00000000
20286916ns          338019 1c008426 006686b3 add              x13, x13, x6        x13=1c000872 x13:1c000868  x6:0000000a
20286937ns          338020 1c008428 0006ce03 lbu              x28, 0(x13)         x28=00000004 x13:1c000872  PA:1c000872
20287261ns          338036 1c00842c 02000313 addi             x6, x0, 32           x6=00000020
20287281ns          338037 1c008430 00ee0e33 add              x28, x28, x14       x28=00000004 x28:00000004 x14:00000000
20287301ns          338038 1c008432 41c30333 sub              x6, x6, x28          x6=0000001c  x6:00000020 x28:00000004
20287321ns          338039 1c008436 00030c63 beq              x6, x0, 24           x6:0000001c
20287342ns          338040 1c00843a 006595b3 sll              x11, x11, x6        x11=00000000 x11:00000000  x6:0000001c
20287402ns          338043 1c00843e 01c55e33 srl              x28, x10, x28       x28=00000000 x10:00000004 x28:00000004
20287443ns          338045 1c008442 006618b3 sll              x17, x12, x6        x17=a0000000 x12:0000000a  x6:0000001c
20287463ns          338046 1c008446 00be6833 or               x16, x28, x11       x16=00000000 x28:00000000 x11:00000000
20287483ns          338047 1c00844a 006517b3 sll              x15, x10, x6        x15=40000000 x10:00000004  x6:0000001c
20287544ns          338050 1c00844e 0108d613 srli             x12, x17, 0x10      x12=0000a000 x17:a0000000
20287584ns          338052 1c008452 02c87733 remu             x14, x16, x12       x14=00000000 x16:00000000 x12:0000a000
20287969ns          338071 1c008456 02c85833 divu             x16, x16, x12       x16=00000000 x16:00000000 x12:0000a000
20288354ns          338090 1c00845a 01089513 slli             x10, x17, 0x10      x10=00000000 x17:a0000000
20288374ns          338091 1c00845e 01055513 srli             x10, x10, 0x10      x10=00000000 x10:00000000
20288394ns          338092 1c008460 01071713 slli             x14, x14, 0x10      x14=00000000 x14:00000000
20288414ns          338093 1c008462 0107d693 srli             x13, x15, 0x10      x13=00004000 x15:40000000
20288434ns          338094 1c008466 03050833 mul              x16, x10, x16       x16=00000000 x10:00000000 x16:00000000
20288455ns          338095 1c00846a 00e6e6b3 or               x13, x13, x14       x13=00004000 x13:00004000 x14:00000000
20288475ns          338096 1c00846c 0106f863 bgeu             x13, x16, 16        x13:00004000 x16:00000000
20288758ns          338110 1c00847c 410686b3 sub              x13, x13, x16       x13=00004000 x13:00004000 x16:00000000
20288779ns          338111 1c008480 02c6f733 remu             x14, x13, x12       x14=00004000 x13:00004000 x12:0000a000
20289163ns          338130 1c008484 02c6d6b3 divu             x13, x13, x12       x13=00000000 x13:00004000 x12:0000a000
20289548ns          338149 1c008488 01079793 slli             x15, x15, 0x10      x15=00000000 x15:40000000
20289568ns          338150 1c00848a 02d506b3 mul              x13, x10, x13       x13=00000000 x10:00000000 x13:00000000
20289588ns          338151 1c00848e 0107d793 srli             x15, x15, 0x10      x15=00000000 x15:00000000
20289608ns          338152 1c008490 01071513 slli             x10, x14, 0x10      x10=40000000 x14:00004000
20289629ns          338153 1c008494 00a7e7b3 or               x15, x15, x10       x15=40000000 x15:00000000 x10:40000000
20289649ns          338154 1c008496 00d7f863 bgeu             x15, x13, 16        x15:40000000 x13:00000000
20289750ns          338159 1c0084a6 40d787b3 sub              x15, x15, x13       x15=40000000 x15:40000000 x13:00000000
20289770ns          338160 1c0084a8 0067d533 srl              x10, x15, x6        x10=00000004 x15:40000000  x6:0000001c
20289791ns          338161 1c0084ac 00000593 addi             x11, x0, 0          x11=00000000
20289811ns          338162 1c0084ae 00008067 jalr             x0, x1, 0            x1:1c008fd4
20289892ns          338166 1c008fd4 00a00933 add              x18, x0, x10        x18=00000004 x10:00000004
20289912ns          338167 1c008fd6 019005b3 add              x11, x0, x25        x11=00000000 x25:00000000
20289932ns          338168 1c008fd8 00800533 add              x10, x0, x8         x10=00000004  x8:00000004
20289952ns          338169 1c008fda 00a00613 addi             x12, x0, 10         x12=0000000a
20289973ns          338170 1c008fdc 00000693 addi             x13, x0, 0          x13=00000000
20289993ns          338171 1c008fde 8beff0ef jal              x1, -3906            x1=1c008fe2
20290033ns          338173 1c00809c 00b007b3 add              x15, x0, x11        x15=00000000 x11:00000000
20290054ns          338174 1c00809e 00c00833 add              x16, x0, x12        x16=0000000a x12:0000000a
20290094ns          338176 1c0080a0 00d008b3 add              x17, x0, x13        x17=00000000 x13:00000000
20290114ns          338177 1c0080a2 00a00333 add              x6, x0, x10          x6=00000004 x10:00000004
20290135ns          338178 1c0080a4 20069663 bne              x13, x0, 524        x13:00000000
20290155ns          338179 1c0080a8 1c001737 lui              x14, 0x1c001000     x14=1c001000
20290175ns          338180 1c0080ac 86870713 addi             x14, x14, -1944     x14=1c000868 x14:1c001000
20290236ns          338183 1c0080b0 0ac5fe63 bgeu             x11, x12, 188       x11:00000000 x12:0000000a
20290276ns          338185 1c0080b4 000106b7 lui              x13, 0x10000        x13=00010000
20290297ns          338186 1c0080b6 0ad67463 bgeu             x12, x13, 168       x12:0000000a x13:00010000
20290317ns          338187 1c0080ba 0ff00693 addi             x13, x0, 255        x13=000000ff
20290337ns          338188 1c0080be 00c6b6b3 sltu             x13, x13, x12       x13=00000000 x13:000000ff x12:0000000a
20290357ns          338189 1c0080c2 00369693 slli             x13, x13, 0x3       x13=00000000 x13:00000000
20290378ns          338190 1c0080c4 00d658b3 srl              x17, x12, x13       x17=0000000a x12:0000000a x13:00000000
20290398ns          338191 1c0080c8 01170733 add              x14, x14, x17       x14=1c000872 x14:1c000868 x17:0000000a
20290418ns          338192 1c0080ca 00074703 lbu              x14, 0(x14)         x14=00000004 x14:1c000872  PA:1c000872
20290742ns          338208 1c0080ce 00e686b3 add              x13, x13, x14       x13=00000004 x13:00000000 x14:00000004
20290762ns          338209 1c0080d0 02000713 addi             x14, x0, 32         x14=00000020
20290782ns          338210 1c0080d4 40d70733 sub              x14, x14, x13       x14=0000001c x14:00000020 x13:00000004
20290803ns          338211 1c0080d6 00070b63 beq              x14, x0, 22         x14:0000001c
20290823ns          338212 1c0080d8 00e797b3 sll              x15, x15, x14       x15=00000000 x15:00000000 x14:0000001c
20290843ns          338213 1c0080dc 00d556b3 srl              x13, x10, x13       x13=00000000 x10:00000004 x13:00000004
20290884ns          338215 1c0080e0 00e61833 sll              x16, x12, x14       x16=a0000000 x12:0000000a x14:0000001c
20290924ns          338217 1c0080e4 00f6e5b3 or               x11, x13, x15       x11=00000000 x13:00000000 x15:00000000
20290944ns          338218 1c0080e8 00e51333 sll              x6, x10, x14         x6=40000000 x10:00000004 x14:0000001c
20290964ns          338219 1c0080ec 01085513 srli             x10, x16, 0x10      x10=0000a000 x16:a0000000
20291025ns          338222 1c0080f0 02a5f733 remu             x14, x11, x10       x14=00000000 x11:00000000 x10:0000a000
20291430ns          338242 1c0080f4 02a5d7b3 divu             x15, x11, x10       x15=00000000 x11:00000000 x10:0000a000
20291815ns          338261 1c0080f8 01081613 slli             x12, x16, 0x10      x12=00000000 x16:a0000000
20291835ns          338262 1c0080fc 01071713 slli             x14, x14, 0x10      x14=00000000 x14:00000000
20291855ns          338263 1c0080fe 01065613 srli             x12, x12, 0x10      x12=00000000 x12:00000000
20291875ns          338264 1c008100 01035693 srli             x13, x6, 0x10       x13=00004000  x6:40000000
20291896ns          338265 1c008104 00e6e6b3 or               x13, x13, x14       x13=00004000 x13:00004000 x14:00000000
20291916ns          338266 1c008106 02f605b3 mul              x11, x12, x15       x11=00000000 x12:00000000 x15:00000000
20291936ns          338267 1c00810a 00f00733 add              x14, x0, x15        x14=00000000 x15:00000000
20291956ns          338268 1c00810c 00b6fc63 bgeu             x13, x11, 24        x13:00004000 x11:00000000
20292057ns          338273 1c008124 40b686b3 sub              x13, x13, x11       x13=00004000 x13:00004000 x11:00000000
20292098ns          338275 1c008126 02a6f7b3 remu             x15, x13, x10       x15=00004000 x13:00004000 x10:0000a000
20292482ns          338294 1c00812a 02a6d6b3 divu             x13, x13, x10       x13=00000000 x13:00004000 x10:0000a000
20292867ns          338313 1c00812e 01031313 slli             x6, x6, 0x10         x6=00000000  x6:40000000
20292887ns          338314 1c008130 01079793 slli             x15, x15, 0x10      x15=40000000 x15:00004000
20292908ns          338315 1c008132 01035313 srli             x6, x6, 0x10         x6=00000000  x6:00000000
20292928ns          338316 1c008136 02d605b3 mul              x11, x12, x13       x11=00000000 x12:00000000 x13:00000000
20292948ns          338317 1c00813a 0067e333 or               x6, x15, x6          x6=40000000 x15:40000000  x6:00000000
20292968ns          338318 1c00813e 00d00533 add              x10, x0, x13        x10=00000000 x13:00000000
20293009ns          338320 1c008140 00b37b63 bgeu             x6, x11, 22          x6:40000000 x11:00000000
20293110ns          338325 1c008156 01071713 slli             x14, x14, 0x10      x14=00000000 x14:00000000
20293150ns          338327 1c008158 00a76733 or               x14, x14, x10       x14=00000000 x14:00000000 x10:00000000
20293171ns          338328 1c00815a 00000593 addi             x11, x0, 0          x11=00000000
20293191ns          338329 1c00815c 0b20006f jal              x0, 178            
20293312ns          338335 1c00820e 00e00533 add              x10, x0, x14        x10=00000000 x14:00000000
20293393ns          338339 1c008210 00008067 jalr             x0, x1, 0            x1:1c008fe2
20293454ns          338342 1c008fe2 03090913 addi             x18, x18, 48        x18=00000034 x18:00000004
20293474ns          338343 1c008fe6 012d8023 sb               x18, 0(x27)         x18:00000034 x27:1000175c  PA:1000175c
20293494ns          338344 1c008fea 00a5e7b3 or               x15, x11, x10       x15=00000000 x11:00000000 x10:00000000
20293555ns          338347 1c008fee 001d8913 addi             x18, x27, 1         x18=1000175d x27:1000175c
20293575ns          338348 1c008ff2 00a00433 add              x8, x0, x10          x8=00000000 x10:00000000
20293596ns          338349 1c008ff4 00b00cb3 add              x25, x0, x11        x25=00000000 x11:00000000
20293616ns          338350 1c008ff6 fc0798e3 bne              x15, x0, -48        x15:00000000
20293636ns          338351 1c008ff8 00090023 sb               x0, 0(x18)          x18:1000175d  PA:1000175d
20293656ns          338352 1c008ffc 01ba7d63 bgeu             x20, x27, 26        x20:1000175c x27:1000175c
20293778ns          338358 1c009016 00012783 lw               x15, 0(x2)          x15=1000175c  x2:10001738  PA:10001738
20293818ns          338360 1c009018 00c12703 lw               x14, 12(x2)         x14=00000000  x2:10001738  PA:10001744
20293839ns          338361 1c00901a 40f90933 sub              x18, x18, x15       x18=00000001 x18:1000175d x15:1000175c
20293899ns          338364 1c00901e 3c071de3 bne              x14, x0, 3034       x14:00000000
20293920ns          338365 1c009022 01012783 lw               x15, 16(x2)         x15=00000000  x2:10001738  PA:10001748
20293960ns          338367 1c009024 3c079ae3 bne              x15, x0, 3028       x15:00000000
20293980ns          338368 1c009028 00412703 lw               x14, 4(x2)          x14=00000000  x2:10001738  PA:1000173c
20294021ns          338370 1c00902a 01f75713 srli             x14, x14, 0x1f      x14=00000000 x14:00000000
20294041ns          338371 1c00902c 00e12223 sw               x14, 4(x2)          x14:00000000  x2:10001738  PA:1000173c
20294122ns          338375 1c00902e 3404c463 blt              x9, x0, 840          x9:ffffffff
20294183ns          338378 1c009376 00000c93 addi             x25, x0, 0          x25=00000000
20294203ns          338379 1c009378 00012c23 sw               x0, 24(x2)           x2:10001738  PA:10001750
20294223ns          338380 1c00937a 00000a13 addi             x20, x0, 0          x20=00000000
20294243ns          338381 1c00937c 01412783 lw               x15, 20(x2)         x15=00000000  x2:10001738  PA:1000174c
20294284ns          338383 1c00937e 5e078163 beq              x15, x0, 1506       x15:00000000
20294385ns          338388 1c009960 412b0b33 sub              x22, x22, x18       x22=ffffffff x22:00000000 x18:00000001
20294426ns          338390 1c009964 02410413 addi             x8, x2, 36           x8=1000175c  x2:10001738
20294446ns          338391 1c009966 00000493 addi             x9, x0, 0            x9=00000000
20294466ns          338392 1c009968 ee6ff06f jal              x0, -2330          
20294547ns          338396 1c00904e 00812703 lw               x14, 8(x2)          x14=00000000  x2:10001738  PA:10001740
20294628ns          338400 1c009050 02071063 bne              x14, x0, 32         x14:00000000
20294668ns          338402 1c009052 01605f63 bge              x0, x22, 30         x22:ffffffff
20294770ns          338407 1c009070 00412783 lw               x15, 4(x2)          x15=00000000  x2:10001738  PA:1000173c
20294810ns          338409 1c009072 00f40db3 add              x27, x8, x15        x27=1000175c  x8:1000175c x15:00000000
20294830ns          338410 1c009076 00c0006f jal              x0, 12             
20294911ns          338414 1c009082 017005b3 add              x11, x0, x23        x11=00000002 x23:00000002
20294952ns          338416 1c009084 ffb41ae3 bne              x8, x27, -12         x8:1000175c x27:1000175c
20294972ns          338417 1c009088 00900db3 add              x27, x0, x9         x27=00000000  x9:00000000
20294992ns          338418 1c00908a 0080006f jal              x0, 8              
20295093ns          338423 1c009092 fffd8d93 addi             x27, x27, -1        x27=ffffffff x27:00000000
20295114ns          338424 1c009094 017005b3 add              x11, x0, x23        x11=00000002 x23:00000002
20295134ns          338425 1c009096 03000513 addi             x10, x0, 48         x10=00000030
20295154ns          338426 1c00909a fffdb9e3 p.bneimm         x27, -14            x27:ffffffff
20295174ns          338427 1c00909e 00412703 lw               x14, 4(x2)          x14=00000000  x2:10001738  PA:1000173c
20295599ns          338448 1c0090a0 40e90933 sub              x18, x18, x14       x18=00000001 x18:00000001 x14:00000000
20295640ns          338450 1c0090a4 01212423 sw               x18, 8(x2)          x18:00000001  x2:10001738  PA:10001740
20295660ns          338451 1c0090a6 e40a15e3 bne              x20, x0, -438       x20:00000000
20295680ns          338452 1c0090aa 01812783 lw               x15, 24(x2)         x15=00000000  x2:10001738  PA:10001750
20295721ns          338454 1c0090ac 16079763 bne              x15, x0, 366        x15:00000000
20295741ns          338455 1c0090b0 120c8863 beq              x25, x0, 304        x25:00000000
20295802ns          338458 1c0091e0 017005b3 add              x11, x0, x23        x11=00000002 x23:00000002
20295822ns          338459 1c0091e2 ff2049e3 blt              x0, x18, -14        x18:00000001
20295923ns          338464 1c0091d4 0014450b p.lbu            x10, 1(x8!)         x10=00000034  x8=1000175d  x8:1000175c  PA:1000175c
20295964ns          338466 1c0091d8 fff90913 addi             x18, x18, -1        x18=00000000 x18:00000001
20295984ns          338467 1c0091da 000980e7 jalr             x1, x19, 0           x1=1c0091dc x19:1c008d20
20296065ns          338471 1c008d20 f14027f3 csrrs            x15, x0, 0xf14      x15=00000004
20296105ns          338473 1c008d24 1a10f6b7 lui              x13, 0x1a10f000     x13=1a10f000
20296126ns          338474 1c008d28 ca5797b3 p.extractu       x15, x15, 5, 5      x15=00000000 x15:00000004
20296146ns          338475 1c008d2c f1402773 csrrs            x14, x0, 0xf14      x14=00000004
20296207ns          338478 1c008d30 00779793 slli             x15, x15, 0x7       x15=00000000 x15:00000000
20296227ns          338479 1c008d32 00371713 slli             x14, x14, 0x3       x14=00000020 x14:00000004
20296247ns          338480 1c008d34 0ff57513 andi             x10, x10, 255       x10=00000034 x10:00000034
20296267ns          338481 1c008d38 ee873733 p.bclr           x14, x14, 23, 8     x14=00000020 x14:00000020
20296288ns          338482 1c008d3c 00d787b3 add              x15, x15, x13       x15=1a10f000 x15:00000000 x13:1a10f000
20296348ns          338485 1c008d3e 00a767a3 p.sw             x10, x0(x14)        x10:00000034 x14:00000020  PA:1a10f020
20296935ns          338514 1c008d42 00000513 addi             x10, x0, 0          x10=00000000
20296956ns          338515 1c008d44 00008067 jalr             x0, x1, 0            x1:1c0091dc
20297036ns          338519 1c0091dc d5f522e3 p.beqimm         x10, -700           x10:00000000
20297077ns          338521 1c0091e0 017005b3 add              x11, x0, x23        x11=00000002 x23:00000002
20297097ns          338522 1c0091e2 ff2049e3 blt              x0, x18, -14        x18:00000000
20297117ns          338523 1c0091e6 00412783 lw               x15, 4(x2)          x15=00000000  x2:10001738  PA:1000173c
20297138ns          338524 1c0091e8 01c12a03 lw               x20, 28(x2)         x20=100017e4  x2:10001738  PA:10001754
20297158ns          338525 1c0091ea 00fa8733 add              x14, x21, x15       x14=00000022 x21:00000022 x15:00000000
20297178ns          338526 1c0091ee 00812783 lw               x15, 8(x2)          x15=00000001  x2:10001738  PA:10001740
20297198ns          338527 1c0091f0 00970733 add              x14, x14, x9        x14=00000022 x14:00000022  x9:00000000
20297239ns          338529 1c0091f2 00e78ab3 add              x21, x15, x14       x21=00000023 x15:00000001 x14:00000022
20297259ns          338530 1c0091f6 bf6059e3 bge              x0, x22, -1038      x22:ffffffff
20297421ns          338538 1c008de8 000d4503 lbu              x10, 0(x26)         x10=0000000a x26:1c0009a9  PA:1c0009a9
20297745ns          338554 1c008dec 001d0413 addi             x8, x26, 1           x8=1c0009aa x26:1c0009a9
20297765ns          338555 1c008df0 0c050b63 beq              x10, x0, 214        x10:0000000a
20297785ns          338556 1c008df2 02500793 addi             x15, x0, 37         x15=00000025
20297806ns          338557 1c008df6 fef513e3 bne              x10, x15, -26       x10:0000000a x15:00000025
20297968ns          338565 1c008ddc 017005b3 add              x11, x0, x23        x11=00000002 x23:00000002
20297988ns          338566 1c008dde 000980e7 jalr             x1, x19, 0           x1=1c008de0 x19:1c008d20
20298028ns          338568 1c008d20 f14027f3 csrrs            x15, x0, 0xf14      x15=00000004
20298048ns          338569 1c008d24 1a10f6b7 lui              x13, 0x1a10f000     x13=1a10f000
20298069ns          338570 1c008d28 ca5797b3 p.extractu       x15, x15, 5, 5      x15=00000000 x15:00000004
20298089ns          338571 1c008d2c f1402773 csrrs            x14, x0, 0xf14      x14=00000004
20298109ns          338572 1c008d30 00779793 slli             x15, x15, 0x7       x15=00000000 x15:00000000
20298129ns          338573 1c008d32 00371713 slli             x14, x14, 0x3       x14=00000020 x14:00000004
20298150ns          338574 1c008d34 0ff57513 andi             x10, x10, 255       x10=0000000a x10:0000000a
20298170ns          338575 1c008d38 ee873733 p.bclr           x14, x14, 23, 8     x14=00000020 x14:00000020
20298190ns          338576 1c008d3c 00d787b3 add              x15, x15, x13       x15=1a10f000 x15:00000000 x13:1a10f000
20298210ns          338577 1c008d3e 00a767a3 p.sw             x10, x0(x14)        x10:0000000a x14:00000020  PA:1a10f020
20298554ns          338594 1c008d42 00000513 addi             x10, x0, 0          x10=00000000
20298575ns          338595 1c008d44 00008067 jalr             x0, x1, 0            x1:1c008de0
20298615ns          338597 1c008de0 15f52063 p.beqimm         x10, 320            x10:00000000
20298635ns          338598 1c008de4 001a8a93 addi             x21, x21, 1         x21=00000024 x21:00000023
20298656ns          338599 1c008de6 00800d33 add              x26, x0, x8         x26=1c0009aa  x8:1c0009aa
20298676ns          338600 1c008de8 000d4503 lbu              x10, 0(x26)         x10=00000000 x26:1c0009aa  PA:1c0009aa
20299060ns          338619 1c008dec 001d0413 addi             x8, x26, 1           x8=1c0009ab x26:1c0009aa
20299081ns          338620 1c008df0 0c050b63 beq              x10, x0, 214        x10:00000000
20299141ns          338623 1c008ec6 01500433 add              x8, x0, x21          x8=00000024 x21:00000024
20299162ns          338624 1c008ec8 00800533 add              x10, x0, x8         x10=00000024  x8:00000024
20299182ns          338625 1c008eca 07c12083 lw               x1, 124(x2)          x1=1c008da4  x2:10001738  PA:100017b4
20299202ns          338626 1c008ecc 07812403 lw               x8, 120(x2)          x8=xxxxxxxx  x2:10001738  PA:100017b0
20299222ns          338627 1c008ece 07412483 lw               x9, 116(x2)          x9=00000004  x2:10001738  PA:100017ac
20299243ns          338628 1c008ed0 07012903 lw               x18, 112(x2)        x18=00204000  x2:10001738  PA:100017a8
20299263ns          338629 1c008ed2 06c12983 lw               x19, 108(x2)        x19=00000004  x2:10001738  PA:100017a4
20299283ns          338630 1c008ed4 06812a03 lw               x20, 104(x2)        x20=1c01011e  x2:10001738  PA:100017a0
20299303ns          338631 1c008ed6 06412a83 lw               x21, 100(x2)        x21=1c010122  x2:10001738  PA:1000179c
20299324ns          338632 1c008ed8 06012b03 lw               x22, 96(x2)         x22=xxxxxxxx  x2:10001738  PA:10001798
20299344ns          338633 1c008eda 05c12b83 lw               x23, 92(x2)         x23=xxxxxxxx  x2:10001738  PA:10001794
20299364ns          338634 1c008edc 05812c03 lw               x24, 88(x2)         x24=xxxxxxxx  x2:10001738  PA:10001790
20299384ns          338635 1c008ede 05412c83 lw               x25, 84(x2)         x25=xxxxxxxx  x2:10001738  PA:1000178c
20299688ns          338650 1c008ee0 05012d03 lw               x26, 80(x2)         x26=xxxxxxxx  x2:10001738  PA:10001788
20299708ns          338651 1c008ee2 04c12d83 lw               x27, 76(x2)         x27=xxxxxxxx  x2:10001738  PA:10001784
20299728ns          338652 1c008ee4 08010113 addi             x2, x2, 128          x2=100017b8  x2:10001738
20299749ns          338653 1c008ee6 00008067 jalr             x0, x1, 0            x1:1c008da4
20299830ns          338657 1c008da4 01c12083 lw               x1, 28(x2)           x1=1c008780  x2:100017b8  PA:100017d4
20299850ns          338658 1c008da6 04010113 addi             x2, x2, 64           x2=100017f8  x2:100017b8
20299890ns          338660 1c008da8 00008067 jalr             x0, x1, 0            x1:1c008780
20300032ns          338667 1c008780 00900533 add              x10, x0, x9         x10=00000004  x9:00000004
20300052ns          338668 1c008782 3a6000ef jal              x1, 934              x1=1c008784
20300477ns          338689 1c008b28 002047b7 lui              x15, 0x204000       x15=00204000
20300518ns          338691 1c008b2c 02078793 addi             x15, x15, 32        x15=00204020 x15:00204000
20300882ns          338709 1c008b30 00f50533 add              x10, x10, x15       x10=00204024 x10:00000004 x15:00204020
20300902ns          338710 1c008b32 00751513 slli             x10, x10, 0x7       x10=10201200 x10:00204024
20300923ns          338711 1c008b34 00008067 jalr             x0, x1, 0            x1:1c008784
20300963ns          338713 1c008784 00a00433 add              x8, x0, x10          x8=10201200 x10:10201200
20300983ns          338714 1c008786 1c001bb7 lui              x23, 0x1c001000     x23=1c001000
20301004ns          338715 1c00878a 1c001b37 lui              x22, 0x1c001000     x22=1c001000
20301408ns          338735 1c00878e 1c048e63 beq              x9, x0, 476          x9:00000004
20301449ns          338737 1c008792 7b4b8993 addi             x19, x23, 1972      x19=1c0017b4 x23:1c001000
20301469ns          338738 1c008796 7d4b0913 addi             x18, x22, 2004      x18=1c0017d4 x22:1c001000
20301489ns          338739 1c00879a 002046b7 lui              x13, 0x204000       x13=00204000
20301935ns          338761 1c00879e 21c68793 addi             x15, x13, 540       x15=0020421c x13:00204000
20301955ns          338762 1c0087a2 0007a783 lw               x15, 0(x15)         x15=00010000 x15:0020421c  PA:0020421c
20345815ns          340929 1c0087a4 00249a13 slli             x20, x9, 0x2        x20=00000010  x9:00000004
20345835ns          340930 1c0087a8 2149f803 lw               x16, x20(x19)       x16=10002668 x20:00000010 x19:1c0017b4  PA:1c0017c4
20346220ns          340949 1c0087ac 0c068593 addi             x11, x13, 192       x11=002040c0 x13:00204000
20346240ns          340950 1c0087b0 0005a783 lw               x15, 0(x11)         x15=00000000 x11:002040c0  PA:002040c0
20358728ns          341567 1c0087b2 002027b7 lui              x15, 0x202000       x15=00202000
20358748ns          341568 1c0087b6 80078793 addi             x15, x15, -2048     x15=00201800 x15:00202000
20358768ns          341569 1c0087ba 0007a603 lw               x12, 0(x15)         x12=00000000 x15:00201800  PA:00201800
20358870ns          341574 1c0087be 00160737 lui              x14, 0x160000       x14=00160000
20358890ns          341575 1c0087c2 00100513 addi             x10, x0, 1          x10=00000001
20358910ns          341576 1c0087c4 04070713 addi             x14, x14, 64        x14=00160040 x14:00160000
20358930ns          341577 1c0087c8 c1674733 p.bset           x14, x14, 0, 22     x14=00560040 x14:00160040
20358951ns          341578 1c0087cc 00e7a023 sw               x14, 0(x15)         x14:00560040 x15:00201800  PA:00201800
20359032ns          341582 1c0087d0 0107a023 sw               x16, 0(x15)         x16:10002668 x15:00201800  PA:00201800
20359113ns          341586 1c0087d4 1c001837 lui              x16, 0x1c001000     x16=1c001000
20359133ns          341587 1c0087d8 27080813 addi             x16, x16, 624       x16=1c001270 x16:1c001000
20359153ns          341588 1c0087dc 0107a023 sw               x16, 0(x15)         x16:1c001270 x15:00201800  PA:00201800
20359234ns          341592 1c0087e0 0c06a023 sw               x0, 192(x13)        x13:00204000  PA:002040c0
20359254ns          341593 1c0087e4 0005a703 lw               x14, 0(x11)         x14=00000000 x11:002040c0  PA:002040c0
20359760ns          341618 1c0087e6 0047a703 lw               x14, 4(x15)         x14=00030003 x15:00201800  PA:00201804
20359861ns          341623 1c0087ea 40c75733 sra              x14, x14, x12       x14=00030003 x14:00030003 x12:00000000
20359882ns          341624 1c0087ee fc173733 p.bclr           x14, x14, 30, 1     x14=00000001 x14:00030003
20359902ns          341625 1c0087f2 00c51533 sll              x10, x10, x12       x10=00000001 x10:00000001 x12:00000000
20359922ns          341626 1c0087f6 02070363 beq              x14, x0, 38         x14:00000001
20359942ns          341627 1c0087f8 10000713 addi             x14, x0, 256        x14=00000100
20359963ns          341628 1c0087fc 03c68893 addi             x17, x13, 60        x17=0020403c x13:00204000
20360003ns          341630 1c008800 00f00633 add              x12, x0, x15        x12=00201800 x15:00201800
20360044ns          341632 1c008802 0c06a023 sw               x0, 192(x13)        x13:00204000  PA:002040c0
20360064ns          341633 1c008806 00e6a423 sw               x14, 8(x13)         x14:00000100 x13:00204000  PA:00204008
20360084ns          341634 1c00880a 0008a783 lw               x15, 0(x17)         x15=00000100 x17:0020403c  PA:0020403c
20360145ns          341637 1c00880e 00e6a223 sw               x14, 4(x13)         x14:00000100 x13:00204000  PA:00204004
20360165ns          341638 1c008812 0005a783 lw               x15, 0(x11)         x15=00000000 x11:002040c0  PA:002040c0
20360408ns          341650 1c008814 00462783 lw               x15, 4(x12)         x15=00030002 x12:00201800  PA:00201804
20360509ns          341655 1c008818 00a7f7b3 and              x15, x15, x10       x15=00000000 x15:00030002 x10:00000001
20360529ns          341656 1c00881a fe0794e3 bne              x15, x0, -24        x15:00000000
20360550ns          341657 1c00881c 002027b7 lui              x15, 0x202000       x15=00202000
20360570ns          341658 1c008820 80078793 addi             x15, x15, -2048     x15=00201800 x15:00202000
20360590ns          341659 1c008824 00a7a223 sw               x10, 4(x15)         x10:00000001 x15:00201800  PA:00201804
20360671ns          341663 1c008828 00204637 lui              x12, 0x204000       x12=00204000
20360691ns          341664 1c00882c 0c062023 sw               x0, 192(x12)        x12:00204000  PA:002040c0
20360712ns          341665 1c008830 21497883 lw               x17, x20(x18)       x17=100026b0 x20:00000010 x18:1c0017d4  PA:1c0017e4
20361015ns          341680 1c008834 0c060713 addi             x14, x12, 192       x14=002040c0 x12:00204000
20361035ns          341681 1c008838 00072683 lw               x13, 0(x14)         x13=00000000 x14:002040c0  PA:002040c0
20361622ns          341710 1c00883a 0007a583 lw               x11, 0(x15)         x11=00000001 x15:00201800  PA:00201800
20361703ns          341714 1c00883e 001606b7 lui              x13, 0x160000       x13=00160000
20361724ns          341715 1c008842 00100513 addi             x10, x0, 1          x10=00000001
20361744ns          341716 1c008844 04068693 addi             x13, x13, 64        x13=00160040 x13:00160000
20361764ns          341717 1c008848 c166c6b3 p.bset           x13, x13, 0, 22     x13=00560040 x13:00160040
20361784ns          341718 1c00884c 00d7a023 sw               x13, 0(x15)         x13:00560040 x15:00201800  PA:00201800
20361885ns          341723 1c008850 0117a023 sw               x17, 0(x15)         x17:100026b0 x15:00201800  PA:00201800
20361966ns          341727 1c008854 04080813 addi             x16, x16, 64        x16=1c0012b0 x16:1c001270
20361987ns          341728 1c008858 0107a023 sw               x16, 0(x15)         x16:1c0012b0 x15:00201800  PA:00201800
20362068ns          341732 1c00885c 0c062023 sw               x0, 192(x12)        x12:00204000  PA:002040c0
20362088ns          341733 1c008860 00072683 lw               x13, 0(x14)         x13=00000000 x14:002040c0  PA:002040c0
20362432ns          341750 1c008862 0047a683 lw               x13, 4(x15)         x13=00030002 x15:00201800  PA:00201804
20362533ns          341755 1c008866 40b6d6b3 sra              x13, x13, x11       x13=00018001 x13:00030002 x11:00000001
20362553ns          341756 1c00886a fc16b6b3 p.bclr           x13, x13, 30, 1     x13=00000001 x13:00018001
20362574ns          341757 1c00886e 14068e63 beq              x13, x0, 348        x13:00000001
20362594ns          341758 1c008872 002046b7 lui              x13, 0x204000       x13=00204000
20362614ns          341759 1c008876 00b51533 sll              x10, x10, x11       x10=00000002 x10:00000001 x11:00000001
20362634ns          341760 1c00887a 03c68813 addi             x16, x13, 60        x16=0020403c x13:00204000
20362675ns          341762 1c00887e 10000593 addi             x11, x0, 256        x11=00000100
20362695ns          341763 1c008882 00f00633 add              x12, x0, x15        x12=00201800 x15:00201800
20362715ns          341764 1c008884 0c06a023 sw               x0, 192(x13)        x13:00204000  PA:002040c0
20362736ns          341765 1c008888 00b6a423 sw               x11, 8(x13)         x11:00000100 x13:00204000  PA:00204008
20362756ns          341766 1c00888c 00082783 lw               x15, 0(x16)         x15=00000100 x16:0020403c  PA:0020403c
20362816ns          341769 1c008890 00b6a223 sw               x11, 4(x13)         x11:00000100 x13:00204000  PA:00204004
20362857ns          341771 1c008894 00072783 lw               x15, 0(x14)         x15=00000000 x14:002040c0  PA:002040c0
20363080ns          341782 1c008896 00462783 lw               x15, 4(x12)         x15=00020000 x12:00201800  PA:00201804
20363181ns          341787 1c00889a 00a7f7b3 and              x15, x15, x10       x15=00000000 x15:00020000 x10:00000002
20363201ns          341788 1c00889c fe0794e3 bne              x15, x0, -24        x15:00000000
20363221ns          341789 1c00889e 002027b7 lui              x15, 0x202000       x15=00202000
20363242ns          341790 1c0088a2 80078793 addi             x15, x15, -2048     x15=00201800 x15:00202000
20363262ns          341791 1c0088a6 00a7a223 sw               x10, 4(x15)         x10:00000002 x15:00201800  PA:00201804
20363343ns          341795 1c0088aa 002047b7 lui              x15, 0x204000       x15=00204000
20363363ns          341796 1c0088ae 0c07a023 sw               x0, 192(x15)        x15:00204000  PA:002040c0
20363383ns          341797 1c0088b2 02049463 bne              x9, x0, 40           x9:00000004
20363525ns          341804 1c0088da 002047b7 lui              x15, 0x204000       x15=00204000
20363586ns          341807 1c0088de 21c7a783 lw               x15, 540(x15)       x15=00010000 x15:00204000  PA:0020421c
20370042ns          342126 1c0088e2 00042a23 sw               x0, 20(x8)           x8:10201200  PA:10201214
20370184ns          342133 1c0088e6 2149f583 lw               x11, x20(x19)       x11=10002668 x20:00000010 x19:1c0017b4  PA:1c0017c4
20370487ns          342148 1c0088ea 00800533 add              x10, x0, x8         x10=10201200  x8:10201200
20370508ns          342149 1c0088ec 02000693 addi             x13, x0, 32         x13=00000020
20370528ns          342150 1c0088f0 04000613 addi             x12, x0, 64         x12=00000040
20370548ns          342151 1c0088f4 174000ef jal              x1, 372              x1=1c0088f6
20370973ns          342172 1c008a68 00450893 addi             x17, x10, 4         x17=10201204 x10:10201200
20371014ns          342174 1c008a6c 0008a783 lw               x15, 0(x17)         x15=00000000 x17:10201204  PA:10201204
20371499ns          342198 1c008a70 0207d163 bge              x15, x0, 34         x15:00000000
20371965ns          342221 1c008a92 04050793 addi             x15, x10, 64        x15=10201240 x10:10201200
20371985ns          342222 1c008a96 00b7a023 sw               x11, 0(x15)         x11:10002668 x15:10201240  PA:10201240
20372066ns          342226 1c008a9a 02d64633 div              x12, x12, x13       x12=00000002 x12:00000040 x13:00000020
20372673ns          342256 1c008a9e 00c7a223 sw               x12, 4(x15)         x12:00000002 x15:10201240  PA:10201244
20372876ns          342266 1c008aa2 00c7a423 sw               x12, 8(x15)         x12:00000002 x15:10201240  PA:10201248
20373038ns          342274 1c008aa6 00d7a623 sw               x13, 12(x15)        x13:00000020 x15:10201240  PA:1020124c
20373159ns          342280 1c008aaa 00052023 sw               x0, 0(x10)          x10:10201200  PA:10201200
20373240ns          342284 1c008aae 00008067 jalr             x0, x1, 0            x1:1c0088f6
20373260ns          342285 1c0088f6 21497583 lw               x11, x20(x18)       x11=100026b0 x20:00000010 x18:1c0017d4  PA:1c0017e4
20373604ns          342302 1c0088fa 02000693 addi             x13, x0, 32         x13=00000020
20373625ns          342303 1c0088fe 00800533 add              x10, x0, x8         x10=10201200  x8:10201200
20373645ns          342304 1c008900 04000613 addi             x12, x0, 64         x12=00000040
20373665ns          342305 1c008904 164000ef jal              x1, 356              x1=1c008906
20373706ns          342307 1c008a68 00450893 addi             x17, x10, 4         x17=10201204 x10:10201200
20373726ns          342308 1c008a6c 0008a783 lw               x15, 0(x17)         x15=00000001 x17:10201204  PA:10201204
20373847ns          342314 1c008a70 0207d163 bge              x15, x0, 34         x15:00000001
20374272ns          342335 1c008a92 04050793 addi             x15, x10, 64        x15=10201240 x10:10201200
20374293ns          342336 1c008a96 00b7a023 sw               x11, 0(x15)         x11:100026b0 x15:10201240  PA:10201240
20374374ns          342340 1c008a9a 02d64633 div              x12, x12, x13       x12=00000002 x12:00000040 x13:00000020
20374960ns          342369 1c008a9e 00c7a223 sw               x12, 4(x15)         x12:00000002 x15:10201240  PA:10201244
20375082ns          342375 1c008aa2 00c7a423 sw               x12, 8(x15)         x12:00000002 x15:10201240  PA:10201248
20375244ns          342383 1c008aa6 00d7a623 sw               x13, 12(x15)        x13:00000020 x15:10201240  PA:1020124c
20375406ns          342391 1c008aaa 00052023 sw               x0, 0(x10)          x10:10201200  PA:10201200
20375527ns          342397 1c008aae 00008067 jalr             x0, x1, 0            x1:1c008906
20375547ns          342398 1c008906 002047b7 lui              x15, 0x204000       x15=00204000
20375568ns          342399 1c00890a 00c40413 addi             x8, x8, 12           x8=1020120c  x8:10201200
20375588ns          342400 1c00890c 000016b7 lui              x13, 0x1000         x13=00001000
20375892ns          342415 1c00890e 03c78713 addi             x14, x15, 60        x14=0020403c x15:00204000
20375932ns          342417 1c008912 00d7a423 sw               x13, 8(x15)         x13:00001000 x15:00204000  PA:00204008
20375952ns          342418 1c008916 00072603 lw               x12, 0(x14)         x12=00001000 x14:0020403c  PA:0020403c
20375972ns          342419 1c008918 00d7a223 sw               x13, 4(x15)         x13:00001000 x15:00204000  PA:00204004
20376013ns          342421 1c00891c 00042603 lw               x12, 0(x8)          x12=00000000  x8:1020120c  PA:1020120c
20376114ns          342426 1c00891e fe061ae3 bne              x12, x0, -12        x12:00000000
20376296ns          342435 1c008920 21c78793 addi             x15, x15, 540       x15=0020421c x15:00204000
20376337ns          342437 1c008924 0007a783 lw               x15, 0(x15)         x15=00010000 x15:0020421c  PA:0020421c
20376499ns          342445 1c008926 00049c63 bne              x9, x0, 24           x9:00000004
20376823ns          342461 1c00893e 02812403 lw               x8, 40(x2)           x8=xxxxxxxx  x2:100017f8  PA:10001820
20377288ns          342484 1c008940 21497703 lw               x14, x20(x18)       x14=100026b0 x20:00000010 x18:1c0017d4  PA:1c0017e4
20377754ns          342507 1c008944 02c12083 lw               x1, 44(x2)           x1=1c01011e  x2:100017f8  PA:10001824
20377774ns          342508 1c008946 02012903 lw               x18, 32(x2)         x18=00204000  x2:100017f8  PA:10001818
20377794ns          342509 1c008948 01c12983 lw               x19, 28(x2)         x19=00000004  x2:100017f8  PA:10001814
20377814ns          342510 1c00894a 01812a03 lw               x20, 24(x2)         x20=1c01011e  x2:100017f8  PA:10001810
20377835ns          342511 1c00894c 01412a83 lw               x21, 20(x2)         x21=1c010122  x2:100017f8  PA:1000180c
20377855ns          342512 1c00894e 01012b03 lw               x22, 16(x2)         x22=xxxxxxxx  x2:100017f8  PA:10001808
20377875ns          342513 1c008950 00c12b83 lw               x23, 12(x2)         x23=xxxxxxxx  x2:100017f8  PA:10001804
20377895ns          342514 1c008952 00812c03 lw               x24, 8(x2)          x24=xxxxxxxx  x2:100017f8  PA:10001800
20377916ns          342515 1c008954 1c0016b7 lui              x13, 0x1c001000     x13=1c001000
20377936ns          342516 1c008958 00900633 add              x12, x0, x9         x12=00000004  x9:00000004
20377956ns          342517 1c00895a 02412483 lw               x9, 36(x2)           x9=xxxxxxxx  x2:100017f8  PA:1000181c
20377976ns          342518 1c00895c 53068693 addi             x13, x13, 1328      x13=1c001530 x13:1c001000
20377996ns          342519 1c008960 04000593 addi             x11, x0, 64         x11=00000040
20378017ns          342520 1c008964 00200513 addi             x10, x0, 2          x10=00000002
20378037ns          342521 1c008966 03010113 addi             x2, x2, 48           x2=10001828  x2:100017f8
20378057ns          342522 1c008968 1480006f jal              x0, 328            
20378158ns          342527 1c008ab0 41f5d793 srai             x15, x11, 0x41f     x15=00000000 x11:00000040
20378179ns          342528 1c008ab4 fa27b7b3 p.bclr           x15, x15, 29, 2     x15=00000000 x15:00000000
20378199ns          342529 1c008ab8 04b7a7db p.addN           x15, x15, x11, 0x2  x15=00000010 x15:00000000 x11:00000040
20378219ns          342530 1c008abc 00c005b3 add              x11, x0, x12        x11=00000004 x12:00000004
20378583ns          342548 1c008abe 04f05e63 bge              x0, x15, 92         x15:00000010
20378604ns          342549 1c008ac2 00279793 slli             x15, x15, 0x2       x15=00000040 x15:00000010
20378624ns          342550 1c008ac4 ffc78793 addi             x15, x15, -4        x15=0000003c x15:00000040
20378644ns          342551 1c008ac6 0027d793 srli             x15, x15, 0x2       x15=0000000f x15:0000003c
20378664ns          342552 1c008ac8 00001eb7 lui              x29, 0x1000         x29=00001000
20378685ns          342553 1c008aca 00d00333 add              x6, x0, x13          x6=1c001530 x13:1c001530
20378705ns          342554 1c008acc 00268e13 addi             x28, x13, 2         x28=1c001532 x13:1c001530
20379110ns          342574 1c008ad0 fffe8e93 addi             x29, x29, -1        x29=00000fff x29:00001000
20379130ns          342575 1c008ad2 00000693 addi             x13, x0, 0          x13=00000000
20379150ns          342576 1c008ad4 00178793 addi             x15, x15, 1         x15=00000010 x15:0000000f
20379170ns          342577 1c008ad6 0127c0fb lp.setup         0x1, x15, 0x12      x15:00000010
20379191ns          342578 1c008ada 0047288b p.lw             x17, 4(x14!)        x17=0e57005c x14=100026b4 x14:100026b0  PA:100026b0
20379514ns          342594 1c008ade 00035803 lhu              x16, 0(x6)          x16=0000005c  x6:1c001530  PA:1c001530
20379838ns          342610 1c008ae2 01d8f633 and              x12, x17, x29       x12=0000005c x17:0e57005c x29:00000fff
20379859ns          342611 1c008ae6 010ef833 and              x16, x29, x16       x16=0000005c x29:00000fff x16:0000005c
20379879ns          342612 1c008aea 10065633 p.exthz          x12, x12, x0        x12=0000005c x12:0000005c
20380365ns          342636 1c008aee 000e5f03 lhu              x30, 0(x28)         x30=00000e57 x28:1c001532  PA:1c001532
20380688ns          342652 1c008af2 00c80b63 beq              x16, x12, 22        x16:0000005c x12:0000005c
20381134ns          342674 1c008b08 0108d893 srli             x17, x17, 0x10      x17=00000e57 x17:0e57005c
20381174ns          342676 1c008b0c 01df7f33 and              x30, x30, x29       x30=00000e57 x30:00000e57 x29:00000fff
20381518ns          342693 1c008b10 01d8f8b3 and              x17, x17, x29       x17=00000e57 x17:00000e57 x29:00000fff
20381559ns          342695 1c008b14 ff1f11e3 bne              x30, x17, -30       x30:00000e57 x17:00000e57
20381579ns          342696 1c008b18 fe1ff06f jal              x0, -32            
20381619ns          342698 1c008af8 00430313 addi             x6, x6, 4            x6=1c001534  x6:1c001530
20381640ns          342699 1c008afa 004e0e13 addi             x28, x28, 4         x28=1c001536 x28:1c001532
20381680ns          342701 1c008ada 0047288b p.lw             x17, 4(x14!)        x17=0f470f14 x14=100026b8 x14:100026b4  PA:100026b4
20381700ns          342702 1c008ade 00035803 lhu              x16, 0(x6)          x16=00000f14  x6:1c001534  PA:1c001534
20382004ns          342717 1c008ae2 01d8f633 and              x12, x17, x29       x12=00000f14 x17:0f470f14 x29:00000fff
20382024ns          342718 1c008ae6 010ef833 and              x16, x29, x16       x16=00000f14 x29:00000fff x16:00000f14
20382044ns          342719 1c008aea 10065633 p.exthz          x12, x12, x0        x12=00000f14 x12:00000f14
20382065ns          342720 1c008aee 000e5f03 lhu              x30, 0(x28)         x30=00000f47 x28:1c001536  PA:1c001536
20382368ns          342735 1c008af2 00c80b63 beq              x16, x12, 22        x16:00000f14 x12:00000f14
20382429ns          342738 1c008b08 0108d893 srli             x17, x17, 0x10      x17=00000f47 x17:0f470f14
20382449ns          342739 1c008b0c 01df7f33 and              x30, x30, x29       x30=00000f47 x30:00000f47 x29:00000fff
20382470ns          342740 1c008b10 01d8f8b3 and              x17, x17, x29       x17=00000f47 x17:00000f47 x29:00000fff
20382490ns          342741 1c008b14 ff1f11e3 bne              x30, x17, -30       x30:00000f47 x17:00000f47
20382510ns          342742 1c008b18 fe1ff06f jal              x0, -32            
20382550ns          342744 1c008af8 00430313 addi             x6, x6, 4            x6=1c001538  x6:1c001534
20382571ns          342745 1c008afa 004e0e13 addi             x28, x28, 4         x28=1c00153a x28:1c001536
20382611ns          342747 1c008ada 0047288b p.lw             x17, 4(x14!)        x17=0e380166 x14=100026bc x14:100026b8  PA:100026b8
20382631ns          342748 1c008ade 00035803 lhu              x16, 0(x6)          x16=00000166  x6:1c001538  PA:1c001538
20382935ns          342763 1c008ae2 01d8f633 and              x12, x17, x29       x12=00000166 x17:0e380166 x29:00000fff
20382955ns          342764 1c008ae6 010ef833 and              x16, x29, x16       x16=00000166 x29:00000fff x16:00000166
20382976ns          342765 1c008aea 10065633 p.exthz          x12, x12, x0        x12=00000166 x12:00000166
20382996ns          342766 1c008aee 000e5f03 lhu              x30, 0(x28)         x30=00000e38 x28:1c00153a  PA:1c00153a
20383299ns          342781 1c008af2 00c80b63 beq              x16, x12, 22        x16:00000166 x12:00000166
20383360ns          342784 1c008b08 0108d893 srli             x17, x17, 0x10      x17=00000e38 x17:0e380166
20383380ns          342785 1c008b0c 01df7f33 and              x30, x30, x29       x30=00000e38 x30:00000e38 x29:00000fff
20383401ns          342786 1c008b10 01d8f8b3 and              x17, x17, x29       x17=00000e38 x17:00000e38 x29:00000fff
20383421ns          342787 1c008b14 ff1f11e3 bne              x30, x17, -30       x30:00000e38 x17:00000e38
20383441ns          342788 1c008b18 fe1ff06f jal              x0, -32            
20383482ns          342790 1c008af8 00430313 addi             x6, x6, 4            x6=1c00153c  x6:1c001538
20383502ns          342791 1c008afa 004e0e13 addi             x28, x28, 4         x28=1c00153e x28:1c00153a
20383542ns          342793 1c008ada 0047288b p.lw             x17, 4(x14!)        x17=01c202b6 x14=100026c0 x14:100026bc  PA:100026bc
20383562ns          342794 1c008ade 00035803 lhu              x16, 0(x6)          x16=000002b6  x6:1c00153c  PA:1c00153c
20383886ns          342810 1c008ae2 01d8f633 and              x12, x17, x29       x12=000002b6 x17:01c202b6 x29:00000fff
20383907ns          342811 1c008ae6 010ef833 and              x16, x29, x16       x16=000002b6 x29:00000fff x16:000002b6
20383927ns          342812 1c008aea 10065633 p.exthz          x12, x12, x0        x12=000002b6 x12:000002b6
20383947ns          342813 1c008aee 000e5f03 lhu              x30, 0(x28)         x30=000001c2 x28:1c00153e  PA:1c00153e
20384251ns          342828 1c008af2 00c80b63 beq              x16, x12, 22        x16:000002b6 x12:000002b6
20384311ns          342831 1c008b08 0108d893 srli             x17, x17, 0x10      x17=000001c2 x17:01c202b6
20384332ns          342832 1c008b0c 01df7f33 and              x30, x30, x29       x30=000001c2 x30:000001c2 x29:00000fff
20384352ns          342833 1c008b10 01d8f8b3 and              x17, x17, x29       x17=000001c2 x17:000001c2 x29:00000fff
20384372ns          342834 1c008b14 ff1f11e3 bne              x30, x17, -30       x30:000001c2 x17:000001c2
20384392ns          342835 1c008b18 fe1ff06f jal              x0, -32            
20384433ns          342837 1c008af8 00430313 addi             x6, x6, 4            x6=1c001540  x6:1c00153c
20384453ns          342838 1c008afa 004e0e13 addi             x28, x28, 4         x28=1c001542 x28:1c00153e
20384494ns          342840 1c008ada 0047288b p.lw             x17, 4(x14!)        x17=0eba0d5c x14=100026c4 x14:100026c0  PA:100026c0
20384514ns          342841 1c008ade 00035803 lhu              x16, 0(x6)          x16=00000d5c  x6:1c001540  PA:1c001540
20384817ns          342856 1c008ae2 01d8f633 and              x12, x17, x29       x12=00000d5c x17:0eba0d5c x29:00000fff
20384838ns          342857 1c008ae6 010ef833 and              x16, x29, x16       x16=00000d5c x29:00000fff x16:00000d5c
20384858ns          342858 1c008aea 10065633 p.exthz          x12, x12, x0        x12=00000d5c x12:00000d5c
20384878ns          342859 1c008aee 000e5f03 lhu              x30, 0(x28)         x30=00000eba x28:1c001542  PA:1c001542
20385182ns          342874 1c008af2 00c80b63 beq              x16, x12, 22        x16:00000d5c x12:00000d5c
20385242ns          342877 1c008b08 0108d893 srli             x17, x17, 0x10      x17=00000eba x17:0eba0d5c
20385263ns          342878 1c008b0c 01df7f33 and              x30, x30, x29       x30=00000eba x30:00000eba x29:00000fff
20385283ns          342879 1c008b10 01d8f8b3 and              x17, x17, x29       x17=00000eba x17:00000eba x29:00000fff
20385303ns          342880 1c008b14 ff1f11e3 bne              x30, x17, -30       x30:00000eba x17:00000eba
20385323ns          342881 1c008b18 fe1ff06f jal              x0, -32            
20385364ns          342883 1c008af8 00430313 addi             x6, x6, 4            x6=1c001544  x6:1c001540
20385384ns          342884 1c008afa 004e0e13 addi             x28, x28, 4         x28=1c001546 x28:1c001542
20385425ns          342886 1c008ada 0047288b p.lw             x17, 4(x14!)        x17=0e380eae x14=100026c8 x14:100026c4  PA:100026c4
20385445ns          342887 1c008ade 00035803 lhu              x16, 0(x6)          x16=00000eae  x6:1c001544  PA:1c001544
20385769ns          342903 1c008ae2 01d8f633 and              x12, x17, x29       x12=00000eae x17:0e380eae x29:00000fff
20385789ns          342904 1c008ae6 010ef833 and              x16, x29, x16       x16=00000eae x29:00000fff x16:00000eae
20385809ns          342905 1c008aea 10065633 p.exthz          x12, x12, x0        x12=00000eae x12:00000eae
20385829ns          342906 1c008aee 000e5f03 lhu              x30, 0(x28)         x30=00000e38 x28:1c001546  PA:1c001546
20386133ns          342921 1c008af2 00c80b63 beq              x16, x12, 22        x16:00000eae x12:00000eae
20386194ns          342924 1c008b08 0108d893 srli             x17, x17, 0x10      x17=00000e38 x17:0e380eae
20386214ns          342925 1c008b0c 01df7f33 and              x30, x30, x29       x30=00000e38 x30:00000e38 x29:00000fff
20386234ns          342926 1c008b10 01d8f8b3 and              x17, x17, x29       x17=00000e38 x17:00000e38 x29:00000fff
20386254ns          342927 1c008b14 ff1f11e3 bne              x30, x17, -30       x30:00000e38 x17:00000e38
20386275ns          342928 1c008b18 fe1ff06f jal              x0, -32            
20386315ns          342930 1c008af8 00430313 addi             x6, x6, 4            x6=1c001548  x6:1c001544
20386335ns          342931 1c008afa 004e0e13 addi             x28, x28, 4         x28=1c00154a x28:1c001546
20386376ns          342933 1c008ada 0047288b p.lw             x17, 4(x14!)        x17=0e8d0157 x14=100026cc x14:100026c8  PA:100026c8
20386396ns          342934 1c008ade 00035803 lhu              x16, 0(x6)          x16=00000157  x6:1c001548  PA:1c001548
20386700ns          342949 1c008ae2 01d8f633 and              x12, x17, x29       x12=00000157 x17:0e8d0157 x29:00000fff
20386720ns          342950 1c008ae6 010ef833 and              x16, x29, x16       x16=00000157 x29:00000fff x16:00000157
20386740ns          342951 1c008aea 10065633 p.exthz          x12, x12, x0        x12=00000157 x12:00000157
20386760ns          342952 1c008aee 000e5f03 lhu              x30, 0(x28)         x30=00000e8d x28:1c00154a  PA:1c00154a
20387064ns          342967 1c008af2 00c80b63 beq              x16, x12, 22        x16:00000157 x12:00000157
20387125ns          342970 1c008b08 0108d893 srli             x17, x17, 0x10      x17=00000e8d x17:0e8d0157
20387145ns          342971 1c008b0c 01df7f33 and              x30, x30, x29       x30=00000e8d x30:00000e8d x29:00000fff
20387165ns          342972 1c008b10 01d8f8b3 and              x17, x17, x29       x17=00000e8d x17:00000e8d x29:00000fff
20387185ns          342973 1c008b14 ff1f11e3 bne              x30, x17, -30       x30:00000e8d x17:00000e8d
20387206ns          342974 1c008b18 fe1ff06f jal              x0, -32            
20387246ns          342976 1c008af8 00430313 addi             x6, x6, 4            x6=1c00154c  x6:1c001548
20387266ns          342977 1c008afa 004e0e13 addi             x28, x28, 4         x28=1c00154e x28:1c00154a
20387307ns          342979 1c008ada 0047288b p.lw             x17, 4(x14!)        x17=0fb70fdf x14=100026d0 x14:100026cc  PA:100026cc
20387327ns          342980 1c008ade 00035803 lhu              x16, 0(x6)          x16=00000fdf  x6:1c00154c  PA:1c00154c
20387631ns          342995 1c008ae2 01d8f633 and              x12, x17, x29       x12=00000fdf x17:0fb70fdf x29:00000fff
20387651ns          342996 1c008ae6 010ef833 and              x16, x29, x16       x16=00000fdf x29:00000fff x16:00000fdf
20387671ns          342997 1c008aea 10065633 p.exthz          x12, x12, x0        x12=00000fdf x12:00000fdf
20387691ns          342998 1c008aee 000e5f03 lhu              x30, 0(x28)         x30=00000fb7 x28:1c00154e  PA:1c00154e
20387995ns          343013 1c008af2 00c80b63 beq              x16, x12, 22        x16:00000fdf x12:00000fdf
20388056ns          343016 1c008b08 0108d893 srli             x17, x17, 0x10      x17=00000fb7 x17:0fb70fdf
20388076ns          343017 1c008b0c 01df7f33 and              x30, x30, x29       x30=00000fb7 x30:00000fb7 x29:00000fff
20388096ns          343018 1c008b10 01d8f8b3 and              x17, x17, x29       x17=00000fb7 x17:00000fb7 x29:00000fff
20388116ns          343019 1c008b14 ff1f11e3 bne              x30, x17, -30       x30:00000fb7 x17:00000fb7
20388137ns          343020 1c008b18 fe1ff06f jal              x0, -32            
20388177ns          343022 1c008af8 00430313 addi             x6, x6, 4            x6=1c001550  x6:1c00154c
20388197ns          343023 1c008afa 004e0e13 addi             x28, x28, 4         x28=1c001552 x28:1c00154e
20388238ns          343025 1c008ada 0047288b p.lw             x17, 4(x14!)        x17=00890230 x14=100026d4 x14:100026d0  PA:100026d0
20388258ns          343026 1c008ade 00035803 lhu              x16, 0(x6)          x16=00000230  x6:1c001550  PA:1c001550
20388582ns          343042 1c008ae2 01d8f633 and              x12, x17, x29       x12=00000230 x17:00890230 x29:00000fff
20388602ns          343043 1c008ae6 010ef833 and              x16, x29, x16       x16=00000230 x29:00000fff x16:00000230
20388622ns          343044 1c008aea 10065633 p.exthz          x12, x12, x0        x12=00000230 x12:00000230
20388643ns          343045 1c008aee 000e5f03 lhu              x30, 0(x28)         x30=00000089 x28:1c001552  PA:1c001552
20388946ns          343060 1c008af2 00c80b63 beq              x16, x12, 22        x16:00000230 x12:00000230
20389007ns          343063 1c008b08 0108d893 srli             x17, x17, 0x10      x17=00000089 x17:00890230
20389027ns          343064 1c008b0c 01df7f33 and              x30, x30, x29       x30=00000089 x30:00000089 x29:00000fff
20389048ns          343065 1c008b10 01d8f8b3 and              x17, x17, x29       x17=00000089 x17:00000089 x29:00000fff
20389068ns          343066 1c008b14 ff1f11e3 bne              x30, x17, -30       x30:00000089 x17:00000089
20389088ns          343067 1c008b18 fe1ff06f jal              x0, -32            
20389128ns          343069 1c008af8 00430313 addi             x6, x6, 4            x6=1c001554  x6:1c001550
20389149ns          343070 1c008afa 004e0e13 addi             x28, x28, 4         x28=1c001556 x28:1c001552
20389189ns          343072 1c008ada 0047288b p.lw             x17, 4(x14!)        x17=0fb10442 x14=100026d8 x14:100026d4  PA:100026d4
20389209ns          343073 1c008ade 00035803 lhu              x16, 0(x6)          x16=00000442  x6:1c001554  PA:1c001554
20389513ns          343088 1c008ae2 01d8f633 and              x12, x17, x29       x12=00000442 x17:0fb10442 x29:00000fff
20389533ns          343089 1c008ae6 010ef833 and              x16, x29, x16       x16=00000442 x29:00000fff x16:00000442
20389554ns          343090 1c008aea 10065633 p.exthz          x12, x12, x0        x12=00000442 x12:00000442
20389574ns          343091 1c008aee 000e5f03 lhu              x30, 0(x28)         x30=00000fb1 x28:1c001556  PA:1c001556
20389877ns          343106 1c008af2 00c80b63 beq              x16, x12, 22        x16:00000442 x12:00000442
20389938ns          343109 1c008b08 0108d893 srli             x17, x17, 0x10      x17=00000fb1 x17:0fb10442
20389958ns          343110 1c008b0c 01df7f33 and              x30, x30, x29       x30=00000fb1 x30:00000fb1 x29:00000fff
20389979ns          343111 1c008b10 01d8f8b3 and              x17, x17, x29       x17=00000fb1 x17:00000fb1 x29:00000fff
20389999ns          343112 1c008b14 ff1f11e3 bne              x30, x17, -30       x30:00000fb1 x17:00000fb1
20390019ns          343113 1c008b18 fe1ff06f jal              x0, -32            
20390060ns          343115 1c008af8 00430313 addi             x6, x6, 4            x6=1c001558  x6:1c001554
20390080ns          343116 1c008afa 004e0e13 addi             x28, x28, 4         x28=1c00155a x28:1c001556
20390120ns          343118 1c008ada 0047288b p.lw             x17, 4(x14!)        x17=004300ad x14=100026dc x14:100026d8  PA:100026d8
20390140ns          343119 1c008ade 00035803 lhu              x16, 0(x6)          x16=000000ad  x6:1c001558  PA:1c001558
20390444ns          343134 1c008ae2 01d8f633 and              x12, x17, x29       x12=000000ad x17:004300ad x29:00000fff
20390464ns          343135 1c008ae6 010ef833 and              x16, x29, x16       x16=000000ad x29:00000fff x16:000000ad
20390485ns          343136 1c008aea 10065633 p.exthz          x12, x12, x0        x12=000000ad x12:000000ad
20390505ns          343137 1c008aee 000e5f03 lhu              x30, 0(x28)         x30=00000043 x28:1c00155a  PA:1c00155a
20390808ns          343152 1c008af2 00c80b63 beq              x16, x12, 22        x16:000000ad x12:000000ad
20390869ns          343155 1c008b08 0108d893 srli             x17, x17, 0x10      x17=00000043 x17:004300ad
20390889ns          343156 1c008b0c 01df7f33 and              x30, x30, x29       x30=00000043 x30:00000043 x29:00000fff
20390910ns          343157 1c008b10 01d8f8b3 and              x17, x17, x29       x17=00000043 x17:00000043 x29:00000fff
20390930ns          343158 1c008b14 ff1f11e3 bne              x30, x17, -30       x30:00000043 x17:00000043
20390950ns          343159 1c008b18 fe1ff06f jal              x0, -32            
20390991ns          343161 1c008af8 00430313 addi             x6, x6, 4            x6=1c00155c  x6:1c001558
20391011ns          343162 1c008afa 004e0e13 addi             x28, x28, 4         x28=1c00155e x28:1c00155a
20391051ns          343164 1c008ada 0047288b p.lw             x17, 4(x14!)        x17=006d0e2f x14=100026e0 x14:100026dc  PA:100026dc
20391072ns          343165 1c008ade 00035803 lhu              x16, 0(x6)          x16=00000e2f  x6:1c00155c  PA:1c00155c
20391375ns          343180 1c008ae2 01d8f633 and              x12, x17, x29       x12=00000e2f x17:006d0e2f x29:00000fff
20391395ns          343181 1c008ae6 010ef833 and              x16, x29, x16       x16=00000e2f x29:00000fff x16:00000e2f
20391416ns          343182 1c008aea 10065633 p.exthz          x12, x12, x0        x12=00000e2f x12:00000e2f
20391436ns          343183 1c008aee 000e5f03 lhu              x30, 0(x28)         x30=0000006d x28:1c00155e  PA:1c00155e
20391760ns          343199 1c008af2 00c80b63 beq              x16, x12, 22        x16:00000e2f x12:00000e2f
20391820ns          343202 1c008b08 0108d893 srli             x17, x17, 0x10      x17=0000006d x17:006d0e2f
20391841ns          343203 1c008b0c 01df7f33 and              x30, x30, x29       x30=0000006d x30:0000006d x29:00000fff
20391861ns          343204 1c008b10 01d8f8b3 and              x17, x17, x29       x17=0000006d x17:0000006d x29:00000fff
20391881ns          343205 1c008b14 ff1f11e3 bne              x30, x17, -30       x30:0000006d x17:0000006d
20391901ns          343206 1c008b18 fe1ff06f jal              x0, -32            
20391942ns          343208 1c008af8 00430313 addi             x6, x6, 4            x6=1c001560  x6:1c00155c
20391962ns          343209 1c008afa 004e0e13 addi             x28, x28, 4         x28=1c001562 x28:1c00155e
20392003ns          343211 1c008ada 0047288b p.lw             x17, 4(x14!)        x17=0d1a0fe2 x14=100026e4 x14:100026e0  PA:100026e0
20392023ns          343212 1c008ade 00035803 lhu              x16, 0(x6)          x16=00000fe2  x6:1c001560  PA:1c001560
20392326ns          343227 1c008ae2 01d8f633 and              x12, x17, x29       x12=00000fe2 x17:0d1a0fe2 x29:00000fff
20392347ns          343228 1c008ae6 010ef833 and              x16, x29, x16       x16=00000fe2 x29:00000fff x16:00000fe2
20392367ns          343229 1c008aea 10065633 p.exthz          x12, x12, x0        x12=00000fe2 x12:00000fe2
20392387ns          343230 1c008aee 000e5f03 lhu              x30, 0(x28)         x30=00000d1a x28:1c001562  PA:1c001562
20392691ns          343245 1c008af2 00c80b63 beq              x16, x12, 22        x16:00000fe2 x12:00000fe2
20392751ns          343248 1c008b08 0108d893 srli             x17, x17, 0x10      x17=00000d1a x17:0d1a0fe2
20392772ns          343249 1c008b0c 01df7f33 and              x30, x30, x29       x30=00000d1a x30:00000d1a x29:00000fff
20392792ns          343250 1c008b10 01d8f8b3 and              x17, x17, x29       x17=00000d1a x17:00000d1a x29:00000fff
20392812ns          343251 1c008b14 ff1f11e3 bne              x30, x17, -30       x30:00000d1a x17:00000d1a
20392832ns          343252 1c008b18 fe1ff06f jal              x0, -32            
20392873ns          343254 1c008af8 00430313 addi             x6, x6, 4            x6=1c001564  x6:1c001560
20392893ns          343255 1c008afa 004e0e13 addi             x28, x28, 4         x28=1c001566 x28:1c001562
20392934ns          343257 1c008ada 0047288b p.lw             x17, 4(x14!)        x17=007803a6 x14=100026e8 x14:100026e4  PA:100026e4
20392954ns          343258 1c008ade 00035803 lhu              x16, 0(x6)          x16=000003a6  x6:1c001564  PA:1c001564
20393257ns          343273 1c008ae2 01d8f633 and              x12, x17, x29       x12=000003a6 x17:007803a6 x29:00000fff
20393278ns          343274 1c008ae6 010ef833 and              x16, x29, x16       x16=000003a6 x29:00000fff x16:000003a6
20393298ns          343275 1c008aea 10065633 p.exthz          x12, x12, x0        x12=000003a6 x12:000003a6
20393318ns          343276 1c008aee 000e5f03 lhu              x30, 0(x28)         x30=00000078 x28:1c001566  PA:1c001566
20393622ns          343291 1c008af2 00c80b63 beq              x16, x12, 22        x16:000003a6 x12:000003a6
20393682ns          343294 1c008b08 0108d893 srli             x17, x17, 0x10      x17=00000078 x17:007803a6
20393703ns          343295 1c008b0c 01df7f33 and              x30, x30, x29       x30=00000078 x30:00000078 x29:00000fff
20393723ns          343296 1c008b10 01d8f8b3 and              x17, x17, x29       x17=00000078 x17:00000078 x29:00000fff
20393743ns          343297 1c008b14 ff1f11e3 bne              x30, x17, -30       x30:00000078 x17:00000078
20393763ns          343298 1c008b18 fe1ff06f jal              x0, -32            
20393804ns          343300 1c008af8 00430313 addi             x6, x6, 4            x6=1c001568  x6:1c001564
20393824ns          343301 1c008afa 004e0e13 addi             x28, x28, 4         x28=1c00156a x28:1c001566
20393865ns          343303 1c008ada 0047288b p.lw             x17, 4(x14!)        x17=0d840e7f x14=100026ec x14:100026e8  PA:100026e8
20393885ns          343304 1c008ade 00035803 lhu              x16, 0(x6)          x16=00000e7f  x6:1c001568  PA:1c001568
20394229ns          343321 1c008ae2 01d8f633 and              x12, x17, x29       x12=00000e7f x17:0d840e7f x29:00000fff
20394249ns          343322 1c008ae6 010ef833 and              x16, x29, x16       x16=00000e7f x29:00000fff x16:00000e7f
20394269ns          343323 1c008aea 10065633 p.exthz          x12, x12, x0        x12=00000e7f x12:00000e7f
20394290ns          343324 1c008aee 000e5f03 lhu              x30, 0(x28)         x30=00000d84 x28:1c00156a  PA:1c00156a
20394634ns          343341 1c008af2 00c80b63 beq              x16, x12, 22        x16:00000e7f x12:00000e7f
20394694ns          343344 1c008b08 0108d893 srli             x17, x17, 0x10      x17=00000d84 x17:0d840e7f
20394715ns          343345 1c008b0c 01df7f33 and              x30, x30, x29       x30=00000d84 x30:00000d84 x29:00000fff
20394735ns          343346 1c008b10 01d8f8b3 and              x17, x17, x29       x17=00000d84 x17:00000d84 x29:00000fff
20394755ns          343347 1c008b14 ff1f11e3 bne              x30, x17, -30       x30:00000d84 x17:00000d84
20394775ns          343348 1c008b18 fe1ff06f jal              x0, -32            
20394816ns          343350 1c008af8 00430313 addi             x6, x6, 4            x6=1c00156c  x6:1c001568
20394836ns          343351 1c008afa 004e0e13 addi             x28, x28, 4         x28=1c00156e x28:1c00156a
20394877ns          343353 1c008ada 0047288b p.lw             x17, 4(x14!)        x17=0008001d x14=100026f0 x14:100026ec  PA:100026ec
20394897ns          343354 1c008ade 00035803 lhu              x16, 0(x6)          x16=0000001d  x6:1c00156c  PA:1c00156c
20395200ns          343369 1c008ae2 01d8f633 and              x12, x17, x29       x12=0000001d x17:0008001d x29:00000fff
20395221ns          343370 1c008ae6 010ef833 and              x16, x29, x16       x16=0000001d x29:00000fff x16:0000001d
20395241ns          343371 1c008aea 10065633 p.exthz          x12, x12, x0        x12=0000001d x12:0000001d
20395261ns          343372 1c008aee 000e5f03 lhu              x30, 0(x28)         x30=00000008 x28:1c00156e  PA:1c00156e
20395565ns          343387 1c008af2 00c80b63 beq              x16, x12, 22        x16:0000001d x12:0000001d
20395626ns          343390 1c008b08 0108d893 srli             x17, x17, 0x10      x17=00000008 x17:0008001d
20395646ns          343391 1c008b0c 01df7f33 and              x30, x30, x29       x30=00000008 x30:00000008 x29:00000fff
20395666ns          343392 1c008b10 01d8f8b3 and              x17, x17, x29       x17=00000008 x17:00000008 x29:00000fff
20395686ns          343393 1c008b14 ff1f11e3 bne              x30, x17, -30       x30:00000008 x17:00000008
20395706ns          343394 1c008b18 fe1ff06f jal              x0, -32            
20395747ns          343396 1c008af8 00430313 addi             x6, x6, 4            x6=1c001570  x6:1c00156c
20395767ns          343397 1c008afa 004e0e13 addi             x28, x28, 4         x28=1c001572 x28:1c00156e
20395787ns          343398 1c008afc 00a00633 add              x12, x0, x10        x12=00000002 x10:00000002
20395808ns          343399 1c008afe 1c001537 lui              x10, 0x1c001000     x10=1c001000
20395828ns          343400 1c008b02 9ac50513 addi             x10, x10, -1620     x10=1c0009ac x10:1c001000
20395848ns          343401 1c008b06 2760006f jal              x0, 630            
20395929ns          343405 1c008d7c fc010113 addi             x2, x2, -64          x2=100017e8  x2:10001828
20396010ns          343409 1c008d7e 02410313 addi             x6, x2, 36           x6=1000180c  x2:100017e8
20396030ns          343410 1c008d82 02c12423 sw               x12, 40(x2)         x12:00000002  x2:100017e8  PA:10001810
20396051ns          343411 1c008d84 00a00633 add              x12, x0, x10        x12=1c0009ac x10:1c0009ac
20396071ns          343412 1c008d86 1c009537 lui              x10, 0x1c009000     x10=1c009000
20396091ns          343413 1c008d8a 02b12223 sw               x11, 36(x2)         x11:00000004  x2:100017e8  PA:1000180c
20396111ns          343414 1c008d8c 02d12623 sw               x13, 44(x2)         x13:00000000  x2:100017e8  PA:10001814
20396132ns          343415 1c008d8e 00200593 addi             x11, x0, 2          x11=00000002
20396152ns          343416 1c008d90 006006b3 add              x13, x0, x6         x13=1000180c  x6:1000180c
20396192ns          343418 1c008d92 d2050513 addi             x10, x10, -736      x10=1c008d20 x10:1c009000
20396212ns          343419 1c008d96 00112e23 sw               x1, 28(x2)           x1:1c01011e  x2:100017e8  PA:10001804
20396233ns          343420 1c008d98 02e12823 sw               x14, 48(x2)         x14:100026f0  x2:100017e8  PA:10001818
20396253ns          343421 1c008d9a 02f12a23 sw               x15, 52(x2)         x15:00000010  x2:100017e8  PA:1000181c
20396273ns          343422 1c008d9c 03012c23 sw               x16, 56(x2)         x16:0000001d  x2:100017e8  PA:10001820
20396293ns          343423 1c008d9e 03112e23 sw               x17, 60(x2)         x17:00000008  x2:100017e8  PA:10001824
20396314ns          343424 1c008da0 00612623 sw               x6, 12(x2)           x6:1000180c  x2:100017e8  PA:100017f4
20396334ns          343425 1c008da2 fa5ff0ef jal              x1, -92              x1=1c008da4
20396415ns          343429 1c008d46 0640006f jal              x0, 100            
20396455ns          343431 1c008daa f8010113 addi             x2, x2, -128         x2=10001768  x2:100017e8
20396476ns          343432 1c008dac 06812c23 sw               x8, 120(x2)          x8:xxxxxxxx  x2:10001768  PA:100017e0
20396496ns          343433 1c008dae 02410713 addi             x14, x2, 36         x14=1000178c  x2:10001768
20396536ns          343435 1c008db0 00000413 addi             x8, x0, 0            x8=00000000
20396557ns          343436 1c008db2 07312623 sw               x19, 108(x2)        x19:00000004  x2:10001768  PA:100017d4
20396577ns          343437 1c008db4 07412423 sw               x20, 104(x2)        x20:1c01011e  x2:10001768  PA:100017d0
20396597ns          343438 1c008db6 07512223 sw               x21, 100(x2)        x21:1c010122  x2:10001768  PA:100017cc
20396617ns          343439 1c008db8 05712e23 sw               x23, 92(x2)         x23:xxxxxxxx  x2:10001768  PA:100017c4
20396638ns          343440 1c008dba 05812c23 sw               x24, 88(x2)         x24:xxxxxxxx  x2:10001768  PA:100017c0
20396658ns          343441 1c008dbc 05a12823 sw               x26, 80(x2)         x26:xxxxxxxx  x2:10001768  PA:100017b8
20396678ns          343442 1c008dbe 06112e23 sw               x1, 124(x2)          x1:1c008da4  x2:10001768  PA:100017e4
20396698ns          343443 1c008dc0 06912a23 sw               x9, 116(x2)          x9:xxxxxxxx  x2:10001768  PA:100017dc
20396718ns          343444 1c008dc2 07212823 sw               x18, 112(x2)        x18:00204000  x2:10001768  PA:100017d8
20396739ns          343445 1c008dc4 07612023 sw               x22, 96(x2)         x22:xxxxxxxx  x2:10001768  PA:100017c8
20396759ns          343446 1c008dc6 05912a23 sw               x25, 84(x2)         x25:xxxxxxxx  x2:10001768  PA:100017bc
20396779ns          343447 1c008dc8 05b12623 sw               x27, 76(x2)         x27:xxxxxxxx  x2:10001768  PA:100017b4
20396799ns          343448 1c008dca 00a009b3 add              x19, x0, x10        x19=1c008d20 x10:1c008d20
20396820ns          343449 1c008dcc 00b00bb3 add              x23, x0, x11        x23=00000002 x11:00000002
20396840ns          343450 1c008dce 00c00d33 add              x26, x0, x12        x26=1c0009ac x12:1c0009ac
20396860ns          343451 1c008dd0 00d00a33 add              x20, x0, x13        x20=1000180c x13:1000180c
20396880ns          343452 1c008dd2 1c001c37 lui              x24, 0x1c001000     x24=1c001000
20396901ns          343453 1c008dd6 00e12023 sw               x14, 0(x2)          x14:1000178c  x2:10001768  PA:10001768
20396921ns          343454 1c008dd8 00800ab3 add              x21, x0, x8         x21=00000000  x8:00000000
20396941ns          343455 1c008dda 00e0006f jal              x0, 14             
20396982ns          343457 1c008de8 000d4503 lbu              x10, 0(x26)         x10=0000000a x26:1c0009ac  PA:1c0009ac
20397285ns          343472 1c008dec 001d0413 addi             x8, x26, 1           x8=1c0009ad x26:1c0009ac
20397305ns          343473 1c008df0 0c050b63 beq              x10, x0, 214        x10:0000000a
20397326ns          343474 1c008df2 02500793 addi             x15, x0, 37         x15=00000025
20397346ns          343475 1c008df6 fef513e3 bne              x10, x15, -26       x10:0000000a x15:00000025
20397467ns          343481 1c008ddc 017005b3 add              x11, x0, x23        x11=00000002 x23:00000002
20397488ns          343482 1c008dde 000980e7 jalr             x1, x19, 0           x1=1c008de0 x19:1c008d20
20397569ns          343486 1c008d20 f14027f3 csrrs            x15, x0, 0xf14      x15=00000004
20397609ns          343488 1c008d24 1a10f6b7 lui              x13, 0x1a10f000     x13=1a10f000
20397629ns          343489 1c008d28 ca5797b3 p.extractu       x15, x15, 5, 5      x15=00000000 x15:00000004
20397650ns          343490 1c008d2c f1402773 csrrs            x14, x0, 0xf14      x14=00000004
20397670ns          343491 1c008d30 00779793 slli             x15, x15, 0x7       x15=00000000 x15:00000000
20397690ns          343492 1c008d32 00371713 slli             x14, x14, 0x3       x14=00000020 x14:00000004
20397710ns          343493 1c008d34 0ff57513 andi             x10, x10, 255       x10=0000000a x10:0000000a
20397730ns          343494 1c008d38 ee873733 p.bclr           x14, x14, 23, 8     x14=00000020 x14:00000020
20397751ns          343495 1c008d3c 00d787b3 add              x15, x15, x13       x15=1a10f000 x15:00000000 x13:1a10f000
20397771ns          343496 1c008d3e 00a767a3 p.sw             x10, x0(x14)        x10:0000000a x14:00000020  PA:1a10f020
20398095ns          343512 1c008d42 00000513 addi             x10, x0, 0          x10=00000000
20398115ns          343513 1c008d44 00008067 jalr             x0, x1, 0            x1:1c008de0
20398156ns          343515 1c008de0 15f52063 p.beqimm         x10, 320            x10:00000000
20398176ns          343516 1c008de4 001a8a93 addi             x21, x21, 1         x21=00000001 x21:00000000
20398196ns          343517 1c008de6 00800d33 add              x26, x0, x8         x26=1c0009ad  x8:1c0009ad
20398216ns          343518 1c008de8 000d4503 lbu              x10, 0(x26)         x10=00000046 x26:1c0009ad  PA:1c0009ad
20398520ns          343533 1c008dec 001d0413 addi             x8, x26, 1           x8=1c0009ae x26:1c0009ad
20398540ns          343534 1c008df0 0c050b63 beq              x10, x0, 214        x10:00000046
20398560ns          343535 1c008df2 02500793 addi             x15, x0, 37         x15=00000025
20398581ns          343536 1c008df6 fef513e3 bne              x10, x15, -26       x10:00000046 x15:00000025
20398641ns          343539 1c008ddc 017005b3 add              x11, x0, x23        x11=00000002 x23:00000002
20398662ns          343540 1c008dde 000980e7 jalr             x1, x19, 0           x1=1c008de0 x19:1c008d20
20398702ns          343542 1c008d20 f14027f3 csrrs            x15, x0, 0xf14      x15=00000004
20398722ns          343543 1c008d24 1a10f6b7 lui              x13, 0x1a10f000     x13=1a10f000
20398742ns          343544 1c008d28 ca5797b3 p.extractu       x15, x15, 5, 5      x15=00000000 x15:00000004
20398763ns          343545 1c008d2c f1402773 csrrs            x14, x0, 0xf14      x14=00000004
20398783ns          343546 1c008d30 00779793 slli             x15, x15, 0x7       x15=00000000 x15:00000000
20398803ns          343547 1c008d32 00371713 slli             x14, x14, 0x3       x14=00000020 x14:00000004
20398823ns          343548 1c008d34 0ff57513 andi             x10, x10, 255       x10=00000046 x10:00000046
20398844ns          343549 1c008d38 ee873733 p.bclr           x14, x14, 23, 8     x14=00000020 x14:00000020
20398864ns          343550 1c008d3c 00d787b3 add              x15, x15, x13       x15=1a10f000 x15:00000000 x13:1a10f000
20398884ns          343551 1c008d3e 00a767a3 p.sw             x10, x0(x14)        x10:00000046 x14:00000020  PA:1a10f020
20399208ns          343567 1c008d42 00000513 addi             x10, x0, 0          x10=00000000
20399228ns          343568 1c008d44 00008067 jalr             x0, x1, 0            x1:1c008de0
20399269ns          343570 1c008de0 15f52063 p.beqimm         x10, 320            x10:00000000
20399289ns          343571 1c008de4 001a8a93 addi             x21, x21, 1         x21=00000002 x21:00000001
20399309ns          343572 1c008de6 00800d33 add              x26, x0, x8         x26=1c0009ae  x8:1c0009ae
20399329ns          343573 1c008de8 000d4503 lbu              x10, 0(x26)         x10=00000046 x26:1c0009ae  PA:1c0009ae
20399633ns          343588 1c008dec 001d0413 addi             x8, x26, 1           x8=1c0009af x26:1c0009ae
20399653ns          343589 1c008df0 0c050b63 beq              x10, x0, 214        x10:00000046
20399674ns          343590 1c008df2 02500793 addi             x15, x0, 37         x15=00000025
20399694ns          343591 1c008df6 fef513e3 bne              x10, x15, -26       x10:00000046 x15:00000025
20399754ns          343594 1c008ddc 017005b3 add              x11, x0, x23        x11=00000002 x23:00000002
20399775ns          343595 1c008dde 000980e7 jalr             x1, x19, 0           x1=1c008de0 x19:1c008d20
20399815ns          343597 1c008d20 f14027f3 csrrs            x15, x0, 0xf14      x15=00000004
20399835ns          343598 1c008d24 1a10f6b7 lui              x13, 0x1a10f000     x13=1a10f000
20399856ns          343599 1c008d28 ca5797b3 p.extractu       x15, x15, 5, 5      x15=00000000 x15:00000004
20399876ns          343600 1c008d2c f1402773 csrrs            x14, x0, 0xf14      x14=00000004
20399896ns          343601 1c008d30 00779793 slli             x15, x15, 0x7       x15=00000000 x15:00000000
20399916ns          343602 1c008d32 00371713 slli             x14, x14, 0x3       x14=00000020 x14:00000004
20399937ns          343603 1c008d34 0ff57513 andi             x10, x10, 255       x10=00000046 x10:00000046
20399957ns          343604 1c008d38 ee873733 p.bclr           x14, x14, 23, 8     x14=00000020 x14:00000020
20399977ns          343605 1c008d3c 00d787b3 add              x15, x15, x13       x15=1a10f000 x15:00000000 x13:1a10f000
20399997ns          343606 1c008d3e 00a767a3 p.sw             x10, x0(x14)        x10:00000046 x14:00000020  PA:1a10f020
20400321ns          343622 1c008d42 00000513 addi             x10, x0, 0          x10=00000000
20400341ns          343623 1c008d44 00008067 jalr             x0, x1, 0            x1:1c008de0
20400382ns          343625 1c008de0 15f52063 p.beqimm         x10, 320            x10:00000000
20400402ns          343626 1c008de4 001a8a93 addi             x21, x21, 1         x21=00000003 x21:00000002
20400422ns          343627 1c008de6 00800d33 add              x26, x0, x8         x26=1c0009af  x8:1c0009af
20400443ns          343628 1c008de8 000d4503 lbu              x10, 0(x26)         x10=00000054 x26:1c0009af  PA:1c0009af
20400726ns          343642 1c008dec 001d0413 addi             x8, x26, 1           x8=1c0009b0 x26:1c0009af
20400746ns          343643 1c008df0 0c050b63 beq              x10, x0, 214        x10:00000054
20400766ns          343644 1c008df2 02500793 addi             x15, x0, 37         x15=00000025
20400787ns          343645 1c008df6 fef513e3 bne              x10, x15, -26       x10:00000054 x15:00000025
20400847ns          343648 1c008ddc 017005b3 add              x11, x0, x23        x11=00000002 x23:00000002
20400868ns          343649 1c008dde 000980e7 jalr             x1, x19, 0           x1=1c008de0 x19:1c008d20
20400908ns          343651 1c008d20 f14027f3 csrrs            x15, x0, 0xf14      x15=00000004
20400928ns          343652 1c008d24 1a10f6b7 lui              x13, 0x1a10f000     x13=1a10f000
20400949ns          343653 1c008d28 ca5797b3 p.extractu       x15, x15, 5, 5      x15=00000000 x15:00000004
20400969ns          343654 1c008d2c f1402773 csrrs            x14, x0, 0xf14      x14=00000004
20400989ns          343655 1c008d30 00779793 slli             x15, x15, 0x7       x15=00000000 x15:00000000
20401009ns          343656 1c008d32 00371713 slli             x14, x14, 0x3       x14=00000020 x14:00000004
20401030ns          343657 1c008d34 0ff57513 andi             x10, x10, 255       x10=00000054 x10:00000054
20401050ns          343658 1c008d38 ee873733 p.bclr           x14, x14, 23, 8     x14=00000020 x14:00000020
20401070ns          343659 1c008d3c 00d787b3 add              x15, x15, x13       x15=1a10f000 x15:00000000 x13:1a10f000
20401090ns          343660 1c008d3e 00a767a3 p.sw             x10, x0(x14)        x10:00000054 x14:00000020  PA:1a10f020
20401414ns          343676 1c008d42 00000513 addi             x10, x0, 0          x10=00000000
20401434ns          343677 1c008d44 00008067 jalr             x0, x1, 0            x1:1c008de0
20401475ns          343679 1c008de0 15f52063 p.beqimm         x10, 320            x10:00000000
20401495ns          343680 1c008de4 001a8a93 addi             x21, x21, 1         x21=00000004 x21:00000003
20401515ns          343681 1c008de6 00800d33 add              x26, x0, x8         x26=1c0009b0  x8:1c0009b0
20401536ns          343682 1c008de8 000d4503 lbu              x10, 0(x26)         x10=00000025 x26:1c0009b0  PA:1c0009b0
20401839ns          343697 1c008dec 001d0413 addi             x8, x26, 1           x8=1c0009b1 x26:1c0009b0
20401859ns          343698 1c008df0 0c050b63 beq              x10, x0, 214        x10:00000025
20401880ns          343699 1c008df2 02500793 addi             x15, x0, 37         x15=00000025
20401900ns          343700 1c008df6 fef513e3 bne              x10, x15, -26       x10:00000025 x15:00000025
20401920ns          343701 1c008dfa 00012a23 sw               x0, 20(x2)           x2:10001768  PA:1000177c
20401940ns          343702 1c008dfc 00012823 sw               x0, 16(x2)           x2:10001768  PA:10001778
20401961ns          343703 1c008dfe 00012623 sw               x0, 12(x2)           x2:10001768  PA:10001774
20401981ns          343704 1c008e00 00012423 sw               x0, 8(x2)            x2:10001768  PA:10001770
20402001ns          343705 1c008e02 00012223 sw               x0, 4(x2)            x2:10001768  PA:1000176c
20402021ns          343706 1c008e04 02300493 addi             x9, x0, 35           x9=00000023
20402042ns          343707 1c008e08 02d00b13 addi             x22, x0, 45         x22=0000002d
20402062ns          343708 1c008e0c 00044c83 lbu              x25, 0(x8)          x25=00000064  x8:1c0009b1  PA:1c0009b1
20402386ns          343724 1c008e10 00140913 addi             x18, x8, 1          x18=1c0009b2  x8:1c0009b1
20402406ns          343725 1c008e14 019005b3 add              x11, x0, x25        x11=00000064 x25:00000064
20402426ns          343726 1c008e16 9d0c0513 addi             x10, x24, -1584     x10=1c0009d0 x24:1c001000
20402446ns          343727 1c008e1a 01200d33 add              x26, x0, x18        x26=1c0009b2 x18:1c0009b2
20402467ns          343728 1c008e1c 01900db3 add              x27, x0, x25        x27=00000064 x25:00000064
20402487ns          343729 1c008e1e e89ff0ef jal              x1, -376             x1=1c008e20
20402629ns          343736 1c008ca6 00054783 lbu              x15, 0(x10)         x15=0000002d x10:1c0009d0  PA:1c0009d0
20402932ns          343751 1c008caa 0ff5f593 andi             x11, x11, 255       x11=00000064 x11:00000064
20402952ns          343752 1c008cae 00b78c63 beq              x15, x11, 24        x15:0000002d x11:00000064
20402973ns          343753 1c008cb2 00078b63 beq              x15, x0, 22         x15:0000002d
20402993ns          343754 1c008cb4 00150793 addi             x15, x10, 1         x15=1c0009d1 x10:1c0009d0
20403013ns          343755 1c008cb8 0040006f jal              x0, 4              
20403114ns          343760 1c008cbc 00f00533 add              x10, x0, x15        x10=1c0009d1 x15:1c0009d1
20403135ns          343761 1c008cbe 0017c70b p.lbu            x14, 1(x15!)        x14=0000002b x15=1c0009d2 x15:1c0009d1  PA:1c0009d1
20403458ns          343777 1c008cc2 feb71ce3 bne              x14, x11, -8        x14:0000002b x11:00000064
20403519ns          343780 1c008cba 00070763 beq              x14, x0, 14         x14:0000002b
20403539ns          343781 1c008cbc 00f00533 add              x10, x0, x15        x10=1c0009d2 x15:1c0009d2
20403560ns          343782 1c008cbe 0017c70b p.lbu            x14, 1(x15!)        x14=00000020 x15=1c0009d3 x15:1c0009d2  PA:1c0009d2
20403883ns          343798 1c008cc2 feb71ce3 bne              x14, x11, -8        x14:00000020 x11:00000064
20403944ns          343801 1c008cba 00070763 beq              x14, x0, 14         x14:00000020
20403964ns          343802 1c008cbc 00f00533 add              x10, x0, x15        x10=1c0009d3 x15:1c0009d3
20403985ns          343803 1c008cbe 0017c70b p.lbu            x14, 1(x15!)        x14=00000023 x15=1c0009d4 x15:1c0009d3  PA:1c0009d3
20404349ns          343821 1c008cc2 feb71ce3 bne              x14, x11, -8        x14:00000023 x11:00000064
20404410ns          343824 1c008cba 00070763 beq              x14, x0, 14         x14:00000023
20404430ns          343825 1c008cbc 00f00533 add              x10, x0, x15        x10=1c0009d4 x15:1c0009d4
20404450ns          343826 1c008cbe 0017c70b p.lbu            x14, 1(x15!)        x14=00000030 x15=1c0009d5 x15:1c0009d4  PA:1c0009d4
20404774ns          343842 1c008cc2 feb71ce3 bne              x14, x11, -8        x14:00000030 x11:00000064
20404835ns          343845 1c008cba 00070763 beq              x14, x0, 14         x14:00000030
20404855ns          343846 1c008cbc 00f00533 add              x10, x0, x15        x10=1c0009d5 x15:1c0009d5
20404875ns          343847 1c008cbe 0017c70b p.lbu            x14, 1(x15!)        x14=00000000 x15=1c0009d6 x15:1c0009d5  PA:1c0009d5
20405199ns          343863 1c008cc2 feb71ce3 bne              x14, x11, -8        x14:00000000 x11:00000064
20405260ns          343866 1c008cba 00070763 beq              x14, x0, 14         x14:00000000
20405320ns          343869 1c008cc8 0015b593 sltiu            x11, x11, 1         x11=00000000 x11:00000064
20405341ns          343870 1c008ccc 40b005b3 sub              x11, x0, x11        x11=00000000 x11:00000000
20405361ns          343871 1c008cd0 00b57533 and              x10, x10, x11       x10=00000000 x10:1c0009d5 x11:00000000
20405381ns          343872 1c008cd2 00008067 jalr             x0, x1, 0            x1:1c008e20
20405422ns          343874 1c008e20 02050b63 beq              x10, x0, 54         x10:00000000
20405563ns          343881 1c008e56 02a00693 addi             x13, x0, 42         x13=0000002a
20405584ns          343882 1c008e5a 2edc8263 beq              x25, x13, 740       x25:00000064 x13:0000002a
20405644ns          343885 1c008e5e fd0c8693 addi             x13, x25, -48       x13=00000034 x25:00000064
20405665ns          343886 1c008e62 00900593 addi             x11, x0, 9          x11=00000009
20405685ns          343887 1c008e64 00000b13 addi             x22, x0, 0          x22=00000000
20405705ns          343888 1c008e66 0cd5fd63 bgeu             x11, x13, 218       x11:00000009 x13:00000034
20405725ns          343889 1c008e6a 02e00793 addi             x15, x0, 46         x15=0000002e
20405786ns          343892 1c008e6e 28fd8663 beq              x27, x15, 652       x27:00000064 x15:0000002e
20405806ns          343893 1c008e72 01b00433 add              x8, x0, x27          x8=00000064 x27:00000064
20405826ns          343894 1c008e74 fff00493 addi             x9, x0, -1           x9=ffffffff
20405847ns          343895 1c008e76 1c001737 lui              x14, 0x1c001000     x14=1c001000
20405867ns          343896 1c008e7a 01b005b3 add              x11, x0, x27        x11=00000064 x27:00000064
20405887ns          343897 1c008e7c 9d870513 addi             x10, x14, -1576     x10=1c0009d8 x14:1c001000
20405928ns          343899 1c008e80 e27ff0ef jal              x1, -474             x1=1c008e82
20405988ns          343902 1c008ca6 00054783 lbu              x15, 0(x10)         x15=00000068 x10:1c0009d8  PA:1c0009d8
20406292ns          343917 1c008caa 0ff5f593 andi             x11, x11, 255       x11=00000064 x11:00000064
20406312ns          343918 1c008cae 00b78c63 beq              x15, x11, 24        x15:00000068 x11:00000064
20406332ns          343919 1c008cb2 00078b63 beq              x15, x0, 22         x15:00000068
20406353ns          343920 1c008cb4 00150793 addi             x15, x10, 1         x15=1c0009d9 x10:1c0009d8
20406373ns          343921 1c008cb8 0040006f jal              x0, 4              
20406413ns          343923 1c008cbc 00f00533 add              x10, x0, x15        x10=1c0009d9 x15:1c0009d9
20406434ns          343924 1c008cbe 0017c70b p.lbu            x14, 1(x15!)        x14=0000006c x15=1c0009da x15:1c0009d9  PA:1c0009d9
20406758ns          343940 1c008cc2 feb71ce3 bne              x14, x11, -8        x14:0000006c x11:00000064
20406818ns          343943 1c008cba 00070763 beq              x14, x0, 14         x14:0000006c
20406838ns          343944 1c008cbc 00f00533 add              x10, x0, x15        x10=1c0009da x15:1c0009da
20406859ns          343945 1c008cbe 0017c70b p.lbu            x14, 1(x15!)        x14=0000007a x15=1c0009db x15:1c0009da  PA:1c0009da
20407223ns          343963 1c008cc2 feb71ce3 bne              x14, x11, -8        x14:0000007a x11:00000064
20407284ns          343966 1c008cba 00070763 beq              x14, x0, 14         x14:0000007a
20407304ns          343967 1c008cbc 00f00533 add              x10, x0, x15        x10=1c0009db x15:1c0009db
20407324ns          343968 1c008cbe 0017c70b p.lbu            x14, 1(x15!)        x14=00000000 x15=1c0009dc x15:1c0009db  PA:1c0009db
20407729ns          343988 1c008cc2 feb71ce3 bne              x14, x11, -8        x14:00000000 x11:00000064
20407790ns          343991 1c008cba 00070763 beq              x14, x0, 14         x14:00000000
20407850ns          343994 1c008cc8 0015b593 sltiu            x11, x11, 1         x11=00000000 x11:00000064
20407871ns          343995 1c008ccc 40b005b3 sub              x11, x0, x11        x11=00000000 x11:00000000
20407891ns          343996 1c008cd0 00b57533 and              x10, x10, x11       x10=00000000 x10:1c0009db x11:00000000
20407911ns          343997 1c008cd2 00008067 jalr             x0, x1, 0            x1:1c008e82
20407952ns          343999 1c008e82 00000793 addi             x15, x0, 0          x15=00000000
20407972ns          344000 1c008e84 00050f63 beq              x10, x0, 30         x10:00000000
20408498ns          344026 1c008ea2 06700693 addi             x13, x0, 103        x13=00000067
20408518ns          344027 1c008ea6 0bb6ee63 bltu             x13, x27, 188       x13:00000067 x27:00000064
20408539ns          344028 1c008eaa 06500693 addi             x13, x0, 101        x13=00000065
20408599ns          344031 1c008eae 3addf2e3 bgeu             x27, x13, 2980      x27:00000064 x13:00000065
20408640ns          344033 1c008eb2 04700693 addi             x13, x0, 71         x13=00000047
20408660ns          344034 1c008eb6 39b6ed63 bltu             x13, x27, 922       x13:00000047 x27:00000064
20408761ns          344039 1c009250 06300693 addi             x13, x0, 99         x13=00000063
20408802ns          344041 1c009254 70dd8c63 beq              x27, x13, 1816      x27:00000064 x13:00000063
20408822ns          344042 1c009258 d3b6e5e3 bltu             x13, x27, -726      x13:00000063 x27:00000064
20409024ns          344052 1c008f82 06c00693 addi             x13, x0, 108        x13=0000006c
20409045ns          344053 1c008f86 00d78a63 beq              x15, x13, 20        x15:00000000 x13:0000006c
20409065ns          344054 1c008f8a 07a00693 addi             x13, x0, 122        x13=0000007a
20409126ns          344057 1c008f8e 00d78663 beq              x15, x13, 12        x15:00000000 x13:0000007a
20409166ns          344059 1c008f92 04c00693 addi             x13, x0, 76         x13=0000004c
20409186ns          344060 1c008f96 5ed78de3 beq              x15, x13, 3578      x15:00000000 x13:0000004c
20409207ns          344061 1c008f9a 000a2783 lw               x15, 0(x20)         x15=00000004 x20:1000180c  PA:1000180c
20409227ns          344062 1c008f9e 004a0a13 addi             x20, x20, 4         x20=10001810 x20:1000180c
20409267ns          344064 1c008fa0 41f7d713 srai             x14, x15, 0x41f     x14=00000000 x15:00000004
20409308ns          344066 1c008fa4 01412e23 sw               x20, 28(x2)         x20:10001810  x2:10001768  PA:10001784
20409328ns          344067 1c008fa6 00e12223 sw               x14, 4(x2)          x14:00000000  x2:10001768  PA:1000176c
20409348ns          344068 1c008fa8 4e0741e3 blt              x14, x0, 3298       x14:00000000
20409368ns          344069 1c008fac 00c12703 lw               x14, 12(x2)         x14=00000000  x2:10001768  PA:10001774
20409409ns          344071 1c008fae 440709e3 beq              x14, x0, 3154       x14:00000000
20409611ns          344081 1c009c00 01012703 lw               x14, 16(x2)         x14=00000000  x2:10001768  PA:10001778
20409652ns          344083 1c009c02 22070063 beq              x14, x0, 544        x14:00000000
20409753ns          344088 1c009e22 00412c83 lw               x25, 4(x2)          x25=00000000  x2:10001768  PA:1000176c
20409794ns          344090 1c009e24 02410a13 addi             x20, x2, 36         x20=1000178c  x2:10001768
20409814ns          344091 1c009e28 998ff06f jal              x0, -3688          
20409895ns          344095 1c008fc0 00f00433 add              x8, x0, x15          x8=00000004 x15:00000004
20409915ns          344096 1c008fc2 01400db3 add              x27, x0, x20        x27=1000178c x20:1000178c
20409935ns          344097 1c008fc4 0040006f jal              x0, 4              
20409976ns          344099 1c008fc8 00a00613 addi             x12, x0, 10         x12=0000000a
20409996ns          344100 1c008fca 00000693 addi             x13, x0, 0          x13=00000000
20410016ns          344101 1c008fcc 00800533 add              x10, x0, x8         x10=00000004  x8:00000004
20410036ns          344102 1c008fce 019005b3 add              x11, x0, x25        x11=00000000 x25:00000000
20410057ns          344103 1c008fd0 c2aff0ef jal              x1, -3030            x1=1c008fd4
20410138ns          344107 1c0083fa 00c008b3 add              x17, x0, x12        x17=0000000a x12:0000000a
20410178ns          344109 1c0083fc 00d00733 add              x14, x0, x13        x14=00000000 x13:00000000
20410198ns          344110 1c0083fe 00a007b3 add              x15, x0, x10        x15=00000004 x10:00000004
20410239ns          344112 1c008400 00b00833 add              x16, x0, x11        x16=00000000 x11:00000000
20410279ns          344114 1c008402 1c069863 bne              x13, x0, 464        x13:00000000
20410300ns          344115 1c008406 1c0016b7 lui              x13, 0x1c001000     x13=1c001000
20410320ns          344116 1c00840a 86868693 addi             x13, x13, -1944     x13=1c000868 x13:1c001000
20410380ns          344119 1c00840e 0ac5f863 bgeu             x11, x12, 176       x11:00000000 x12:0000000a
20410401ns          344120 1c008412 00010337 lui              x6, 0x10000          x6=00010000
20410421ns          344121 1c008414 08667e63 bgeu             x12, x6, 156        x12:0000000a  x6:00010000
20410441ns          344122 1c008418 0ff00313 addi             x6, x0, 255          x6=000000ff
20410461ns          344123 1c00841c 00c37363 bgeu             x6, x12, 6           x6:000000ff x12:0000000a
20410583ns          344129 1c008422 00e65333 srl              x6, x12, x14         x6=0000000a x12:0000000a x14:00000000
20410603ns          344130 1c008426 006686b3 add              x13, x13, x6        x13=1c000872 x13:1c000868  x6:0000000a
20410623ns          344131 1c008428 0006ce03 lbu              x28, 0(x13)         x28=00000004 x13:1c000872  PA:1c000872
20410927ns          344146 1c00842c 02000313 addi             x6, x0, 32           x6=00000020
20410947ns          344147 1c008430 00ee0e33 add              x28, x28, x14       x28=00000004 x28:00000004 x14:00000000
20410967ns          344148 1c008432 41c30333 sub              x6, x6, x28          x6=0000001c  x6:00000020 x28:00000004
20410988ns          344149 1c008436 00030c63 beq              x6, x0, 24           x6:0000001c
20411008ns          344150 1c00843a 006595b3 sll              x11, x11, x6        x11=00000000 x11:00000000  x6:0000001c
20411069ns          344153 1c00843e 01c55e33 srl              x28, x10, x28       x28=00000000 x10:00000004 x28:00000004
20411109ns          344155 1c008442 006618b3 sll              x17, x12, x6        x17=a0000000 x12:0000000a  x6:0000001c
20411129ns          344156 1c008446 00be6833 or               x16, x28, x11       x16=00000000 x28:00000000 x11:00000000
20411150ns          344157 1c00844a 006517b3 sll              x15, x10, x6        x15=40000000 x10:00000004  x6:0000001c
20411210ns          344160 1c00844e 0108d613 srli             x12, x17, 0x10      x12=0000a000 x17:a0000000
20411251ns          344162 1c008452 02c87733 remu             x14, x16, x12       x14=00000000 x16:00000000 x12:0000a000
20411635ns          344181 1c008456 02c85833 divu             x16, x16, x12       x16=00000000 x16:00000000 x12:0000a000
20412020ns          344200 1c00845a 01089513 slli             x10, x17, 0x10      x10=00000000 x17:a0000000
20412040ns          344201 1c00845e 01055513 srli             x10, x10, 0x10      x10=00000000 x10:00000000
20412060ns          344202 1c008460 01071713 slli             x14, x14, 0x10      x14=00000000 x14:00000000
20412081ns          344203 1c008462 0107d693 srli             x13, x15, 0x10      x13=00004000 x15:40000000
20412101ns          344204 1c008466 03050833 mul              x16, x10, x16       x16=00000000 x10:00000000 x16:00000000
20412121ns          344205 1c00846a 00e6e6b3 or               x13, x13, x14       x13=00004000 x13:00004000 x14:00000000
20412141ns          344206 1c00846c 0106f863 bgeu             x13, x16, 16        x13:00004000 x16:00000000
20412344ns          344216 1c00847c 410686b3 sub              x13, x13, x16       x13=00004000 x13:00004000 x16:00000000
20412728ns          344235 1c008480 02c6f733 remu             x14, x13, x12       x14=00004000 x13:00004000 x12:0000a000
20413133ns          344255 1c008484 02c6d6b3 divu             x13, x13, x12       x13=00000000 x13:00004000 x12:0000a000
20413518ns          344274 1c008488 01079793 slli             x15, x15, 0x10      x15=00000000 x15:40000000
20413538ns          344275 1c00848a 02d506b3 mul              x13, x10, x13       x13=00000000 x10:00000000 x13:00000000
20413558ns          344276 1c00848e 0107d793 srli             x15, x15, 0x10      x15=00000000 x15:00000000
20413578ns          344277 1c008490 01071513 slli             x10, x14, 0x10      x10=40000000 x14:00004000
20413599ns          344278 1c008494 00a7e7b3 or               x15, x15, x10       x15=40000000 x15:00000000 x10:40000000
20413619ns          344279 1c008496 00d7f863 bgeu             x15, x13, 16        x15:40000000 x13:00000000
20413720ns          344284 1c0084a6 40d787b3 sub              x15, x15, x13       x15=40000000 x15:40000000 x13:00000000
20413740ns          344285 1c0084a8 0067d533 srl              x10, x15, x6        x10=00000004 x15:40000000  x6:0000001c
20413761ns          344286 1c0084ac 00000593 addi             x11, x0, 0          x11=00000000
20413781ns          344287 1c0084ae 00008067 jalr             x0, x1, 0            x1:1c008fd4
20413902ns          344293 1c008fd4 00a00933 add              x18, x0, x10        x18=00000004 x10:00000004
20413922ns          344294 1c008fd6 019005b3 add              x11, x0, x25        x11=00000000 x25:00000000
20413943ns          344295 1c008fd8 00800533 add              x10, x0, x8         x10=00000004  x8:00000004
20413963ns          344296 1c008fda 00a00613 addi             x12, x0, 10         x12=0000000a
20413983ns          344297 1c008fdc 00000693 addi             x13, x0, 0          x13=00000000
20414064ns          344301 1c008fde 8beff0ef jal              x1, -3906            x1=1c008fe2
20414145ns          344305 1c00809c 00b007b3 add              x15, x0, x11        x15=00000000 x11:00000000
20414165ns          344306 1c00809e 00c00833 add              x16, x0, x12        x16=0000000a x12:0000000a
20414469ns          344321 1c0080a0 00d008b3 add              x17, x0, x13        x17=00000000 x13:00000000
20414489ns          344322 1c0080a2 00a00333 add              x6, x0, x10          x6=00000004 x10:00000004
20414509ns          344323 1c0080a4 20069663 bne              x13, x0, 524        x13:00000000
20414530ns          344324 1c0080a8 1c001737 lui              x14, 0x1c001000     x14=1c001000
20414550ns          344325 1c0080ac 86870713 addi             x14, x14, -1944     x14=1c000868 x14:1c001000
20414995ns          344347 1c0080b0 0ac5fe63 bgeu             x11, x12, 188       x11:00000000 x12:0000000a
20415036ns          344349 1c0080b4 000106b7 lui              x13, 0x10000        x13=00010000
20415056ns          344350 1c0080b6 0ad67463 bgeu             x12, x13, 168       x12:0000000a x13:00010000
20415076ns          344351 1c0080ba 0ff00693 addi             x13, x0, 255        x13=000000ff
20415137ns          344354 1c0080be 00c6b6b3 sltu             x13, x13, x12       x13=00000000 x13:000000ff x12:0000000a
20415157ns          344355 1c0080c2 00369693 slli             x13, x13, 0x3       x13=00000000 x13:00000000
20415177ns          344356 1c0080c4 00d658b3 srl              x17, x12, x13       x17=0000000a x12:0000000a x13:00000000
20415198ns          344357 1c0080c8 01170733 add              x14, x14, x17       x14=1c000872 x14:1c000868 x17:0000000a
20415218ns          344358 1c0080ca 00074703 lbu              x14, 0(x14)         x14=00000004 x14:1c000872  PA:1c000872
20415542ns          344374 1c0080ce 00e686b3 add              x13, x13, x14       x13=00000004 x13:00000000 x14:00000004
20415562ns          344375 1c0080d0 02000713 addi             x14, x0, 32         x14=00000020
20415582ns          344376 1c0080d4 40d70733 sub              x14, x14, x13       x14=0000001c x14:00000020 x13:00000004
20415602ns          344377 1c0080d6 00070b63 beq              x14, x0, 22         x14:0000001c
20415623ns          344378 1c0080d8 00e797b3 sll              x15, x15, x14       x15=00000000 x15:00000000 x14:0000001c
20415643ns          344379 1c0080dc 00d556b3 srl              x13, x10, x13       x13=00000000 x10:00000004 x13:00000004
20416027ns          344398 1c0080e0 00e61833 sll              x16, x12, x14       x16=a0000000 x12:0000000a x14:0000001c
20416068ns          344400 1c0080e4 00f6e5b3 or               x11, x13, x15       x11=00000000 x13:00000000 x15:00000000
20416088ns          344401 1c0080e8 00e51333 sll              x6, x10, x14         x6=40000000 x10:00000004 x14:0000001c
20416108ns          344402 1c0080ec 01085513 srli             x10, x16, 0x10      x10=0000a000 x16:a0000000
20416169ns          344405 1c0080f0 02a5f733 remu             x14, x11, x10       x14=00000000 x11:00000000 x10:0000a000
20416574ns          344425 1c0080f4 02a5d7b3 divu             x15, x11, x10       x15=00000000 x11:00000000 x10:0000a000
20416958ns          344444 1c0080f8 01081613 slli             x12, x16, 0x10      x12=00000000 x16:a0000000
20416979ns          344445 1c0080fc 01071713 slli             x14, x14, 0x10      x14=00000000 x14:00000000
20416999ns          344446 1c0080fe 01065613 srli             x12, x12, 0x10      x12=00000000 x12:00000000
20417019ns          344447 1c008100 01035693 srli             x13, x6, 0x10       x13=00004000  x6:40000000
20417039ns          344448 1c008104 00e6e6b3 or               x13, x13, x14       x13=00004000 x13:00004000 x14:00000000
20417060ns          344449 1c008106 02f605b3 mul              x11, x12, x15       x11=00000000 x12:00000000 x15:00000000
20417080ns          344450 1c00810a 00f00733 add              x14, x0, x15        x14=00000000 x15:00000000
20417100ns          344451 1c00810c 00b6fc63 bgeu             x13, x11, 24        x13:00004000 x11:00000000
20417829ns          344487 1c008124 40b686b3 sub              x13, x13, x11       x13=00004000 x13:00004000 x11:00000000
20417869ns          344489 1c008126 02a6f7b3 remu             x15, x13, x10       x15=00004000 x13:00004000 x10:0000a000
20418254ns          344508 1c00812a 02a6d6b3 divu             x13, x13, x10       x13=00000000 x13:00004000 x10:0000a000
20418638ns          344527 1c00812e 01031313 slli             x6, x6, 0x10         x6=00000000  x6:40000000
20418659ns          344528 1c008130 01079793 slli             x15, x15, 0x10      x15=40000000 x15:00004000
20418679ns          344529 1c008132 01035313 srli             x6, x6, 0x10         x6=00000000  x6:00000000
20418699ns          344530 1c008136 02d605b3 mul              x11, x12, x13       x11=00000000 x12:00000000 x13:00000000
20418719ns          344531 1c00813a 0067e333 or               x6, x15, x6          x6=40000000 x15:40000000  x6:00000000
20418740ns          344532 1c00813e 00d00533 add              x10, x0, x13        x10=00000000 x13:00000000
20418780ns          344534 1c008140 00b37b63 bgeu             x6, x11, 22          x6:40000000 x11:00000000
20419225ns          344556 1c008156 01071713 slli             x14, x14, 0x10      x14=00000000 x14:00000000
20419266ns          344558 1c008158 00a76733 or               x14, x14, x10       x14=00000000 x14:00000000 x10:00000000
20419286ns          344559 1c00815a 00000593 addi             x11, x0, 0          x11=00000000
20419306ns          344560 1c00815c 0b20006f jal              x0, 178            
20419428ns          344566 1c00820e 00e00533 add              x10, x0, x14        x10=00000000 x14:00000000
20419509ns          344570 1c008210 00008067 jalr             x0, x1, 0            x1:1c008fe2
20419569ns          344573 1c008fe2 03090913 addi             x18, x18, 48        x18=00000034 x18:00000004
20419590ns          344574 1c008fe6 012d8023 sb               x18, 0(x27)         x18:00000034 x27:1000178c  PA:1000178c
20419610ns          344575 1c008fea 00a5e7b3 or               x15, x11, x10       x15=00000000 x11:00000000 x10:00000000
20419671ns          344578 1c008fee 001d8913 addi             x18, x27, 1         x18=1000178d x27:1000178c
20419691ns          344579 1c008ff2 00a00433 add              x8, x0, x10          x8=00000000 x10:00000000
20419711ns          344580 1c008ff4 00b00cb3 add              x25, x0, x11        x25=00000000 x11:00000000
20419731ns          344581 1c008ff6 fc0798e3 bne              x15, x0, -48        x15:00000000
20419752ns          344582 1c008ff8 00090023 sb               x0, 0(x18)          x18:1000178d  PA:1000178d
20419772ns          344583 1c008ffc 01ba7d63 bgeu             x20, x27, 26        x20:1000178c x27:1000178c
20420339ns          344611 1c009016 00012783 lw               x15, 0(x2)          x15=1000178c  x2:10001768  PA:10001768
20420379ns          344613 1c009018 00c12703 lw               x14, 12(x2)         x14=00000000  x2:10001768  PA:10001774
20420399ns          344614 1c00901a 40f90933 sub              x18, x18, x15       x18=00000001 x18:1000178d x15:1000178c
20420460ns          344617 1c00901e 3c071de3 bne              x14, x0, 3034       x14:00000000
20420480ns          344618 1c009022 01012783 lw               x15, 16(x2)         x15=00000000  x2:10001768  PA:10001778
20420521ns          344620 1c009024 3c079ae3 bne              x15, x0, 3028       x15:00000000
20420541ns          344621 1c009028 00412703 lw               x14, 4(x2)          x14=00000000  x2:10001768  PA:1000176c
20420642ns          344626 1c00902a 01f75713 srli             x14, x14, 0x1f      x14=00000000 x14:00000000
20420662ns          344627 1c00902c 00e12223 sw               x14, 4(x2)          x14:00000000  x2:10001768  PA:1000176c
20420885ns          344638 1c00902e 3404c463 blt              x9, x0, 840          x9:ffffffff
20420986ns          344643 1c009376 00000c93 addi             x25, x0, 0          x25=00000000
20421027ns          344645 1c009378 00012c23 sw               x0, 24(x2)           x2:10001768  PA:10001780
20421047ns          344646 1c00937a 00000a13 addi             x20, x0, 0          x20=00000000
20421067ns          344647 1c00937c 01412783 lw               x15, 20(x2)         x15=00000000  x2:10001768  PA:1000177c
20421512ns          344669 1c00937e 5e078163 beq              x15, x0, 1506       x15:00000000
20421614ns          344674 1c009960 412b0b33 sub              x22, x22, x18       x22=ffffffff x22:00000000 x18:00000001
20421654ns          344676 1c009964 02410413 addi             x8, x2, 36           x8=1000178c  x2:10001768
20421674ns          344677 1c009966 00000493 addi             x9, x0, 0            x9=00000000
20421695ns          344678 1c009968 ee6ff06f jal              x0, -2330          
20421836ns          344685 1c00904e 00812703 lw               x14, 8(x2)          x14=00000000  x2:10001768  PA:10001770
20421917ns          344689 1c009050 02071063 bne              x14, x0, 32         x14:00000000
20421958ns          344691 1c009052 01605f63 bge              x0, x22, 30         x22:ffffffff
20422059ns          344696 1c009070 00412783 lw               x15, 4(x2)          x15=00000000  x2:10001768  PA:1000176c
20422099ns          344698 1c009072 00f40db3 add              x27, x8, x15        x27=1000178c  x8:1000178c x15:00000000
20422120ns          344699 1c009076 00c0006f jal              x0, 12             
20422201ns          344703 1c009082 017005b3 add              x11, x0, x23        x11=00000002 x23:00000002
20422241ns          344705 1c009084 ffb41ae3 bne              x8, x27, -12         x8:1000178c x27:1000178c
20422261ns          344706 1c009088 00900db3 add              x27, x0, x9         x27=00000000  x9:00000000
20422282ns          344707 1c00908a 0080006f jal              x0, 8              
20422383ns          344712 1c009092 fffd8d93 addi             x27, x27, -1        x27=ffffffff x27:00000000
20422403ns          344713 1c009094 017005b3 add              x11, x0, x23        x11=00000002 x23:00000002
20422423ns          344714 1c009096 03000513 addi             x10, x0, 48         x10=00000030
20422444ns          344715 1c00909a fffdb9e3 p.bneimm         x27, -14            x27:ffffffff
20422464ns          344716 1c00909e 00412703 lw               x14, 4(x2)          x14=00000000  x2:10001768  PA:1000176c
20422504ns          344718 1c0090a0 40e90933 sub              x18, x18, x14       x18=00000001 x18:00000001 x14:00000000
20422545ns          344720 1c0090a4 01212423 sw               x18, 8(x2)          x18:00000001  x2:10001768  PA:10001770
20422585ns          344722 1c0090a6 e40a15e3 bne              x20, x0, -438       x20:00000000
20422605ns          344723 1c0090aa 01812783 lw               x15, 24(x2)         x15=00000000  x2:10001768  PA:10001780
20422646ns          344725 1c0090ac 16079763 bne              x15, x0, 366        x15:00000000
20422666ns          344726 1c0090b0 120c8863 beq              x25, x0, 304        x25:00000000
20422767ns          344731 1c0091e0 017005b3 add              x11, x0, x23        x11=00000002 x23:00000002
20422808ns          344733 1c0091e2 ff2049e3 blt              x0, x18, -14        x18:00000001
20422909ns          344738 1c0091d4 0014450b p.lbu            x10, 1(x8!)         x10=00000034  x8=1000178d  x8:1000178c  PA:1000178c
20422950ns          344740 1c0091d8 fff90913 addi             x18, x18, -1        x18=00000000 x18:00000001
20422970ns          344741 1c0091da 000980e7 jalr             x1, x19, 0           x1=1c0091dc x19:1c008d20
20423273ns          344756 1c008d20 f14027f3 csrrs            x15, x0, 0xf14      x15=00000004
20423314ns          344758 1c008d24 1a10f6b7 lui              x13, 0x1a10f000     x13=1a10f000
20423334ns          344759 1c008d28 ca5797b3 p.extractu       x15, x15, 5, 5      x15=00000000 x15:00000004
20423354ns          344760 1c008d2c f1402773 csrrs            x14, x0, 0xf14      x14=00000004
20423375ns          344761 1c008d30 00779793 slli             x15, x15, 0x7       x15=00000000 x15:00000000
20423395ns          344762 1c008d32 00371713 slli             x14, x14, 0x3       x14=00000020 x14:00000004
20423415ns          344763 1c008d34 0ff57513 andi             x10, x10, 255       x10=00000034 x10:00000034
20423435ns          344764 1c008d38 ee873733 p.bclr           x14, x14, 23, 8     x14=00000020 x14:00000020
20423456ns          344765 1c008d3c 00d787b3 add              x15, x15, x13       x15=1a10f000 x15:00000000 x13:1a10f000
20423496ns          344767 1c008d3e 00a767a3 p.sw             x10, x0(x14)        x10:00000034 x14:00000020  PA:1a10f020
20423901ns          344787 1c008d42 00000513 addi             x10, x0, 0          x10=00000000
20423921ns          344788 1c008d44 00008067 jalr             x0, x1, 0            x1:1c0091dc
20424002ns          344792 1c0091dc d5f522e3 p.beqimm         x10, -700           x10:00000000
20424042ns          344794 1c0091e0 017005b3 add              x11, x0, x23        x11=00000002 x23:00000002
20424063ns          344795 1c0091e2 ff2049e3 blt              x0, x18, -14        x18:00000000
20424083ns          344796 1c0091e6 00412783 lw               x15, 4(x2)          x15=00000000  x2:10001768  PA:1000176c
20424103ns          344797 1c0091e8 01c12a03 lw               x20, 28(x2)         x20=10001810  x2:10001768  PA:10001784
20424123ns          344798 1c0091ea 00fa8733 add              x14, x21, x15       x14=00000004 x21:00000004 x15:00000000
20424144ns          344799 1c0091ee 00812783 lw               x15, 8(x2)          x15=00000001  x2:10001768  PA:10001770
20424164ns          344800 1c0091f0 00970733 add              x14, x14, x9        x14=00000004 x14:00000004  x9:00000000
20424204ns          344802 1c0091f2 00e78ab3 add              x21, x15, x14       x21=00000005 x15:00000001 x14:00000004
20424225ns          344803 1c0091f6 bf6059e3 bge              x0, x22, -1038      x22:ffffffff
20424387ns          344811 1c008de8 000d4503 lbu              x10, 0(x26)         x10=00000020 x26:1c0009b2  PA:1c0009b2
20424710ns          344827 1c008dec 001d0413 addi             x8, x26, 1           x8=1c0009b3 x26:1c0009b2
20424731ns          344828 1c008df0 0c050b63 beq              x10, x0, 214        x10:00000020
20424751ns          344829 1c008df2 02500793 addi             x15, x0, 37         x15=00000025
20424771ns          344830 1c008df6 fef513e3 bne              x10, x15, -26       x10:00000020 x15:00000025
20424933ns          344838 1c008ddc 017005b3 add              x11, x0, x23        x11=00000002 x23:00000002
20424953ns          344839 1c008dde 000980e7 jalr             x1, x19, 0           x1=1c008de0 x19:1c008d20
20424994ns          344841 1c008d20 f14027f3 csrrs            x15, x0, 0xf14      x15=00000004
20425014ns          344842 1c008d24 1a10f6b7 lui              x13, 0x1a10f000     x13=1a10f000
20425034ns          344843 1c008d28 ca5797b3 p.extractu       x15, x15, 5, 5      x15=00000000 x15:00000004
20425054ns          344844 1c008d2c f1402773 csrrs            x14, x0, 0xf14      x14=00000004
20425075ns          344845 1c008d30 00779793 slli             x15, x15, 0x7       x15=00000000 x15:00000000
20425095ns          344846 1c008d32 00371713 slli             x14, x14, 0x3       x14=00000020 x14:00000004
20425115ns          344847 1c008d34 0ff57513 andi             x10, x10, 255       x10=00000020 x10:00000020
20425135ns          344848 1c008d38 ee873733 p.bclr           x14, x14, 23, 8     x14=00000020 x14:00000020
20425156ns          344849 1c008d3c 00d787b3 add              x15, x15, x13       x15=1a10f000 x15:00000000 x13:1a10f000
20425176ns          344850 1c008d3e 00a767a3 p.sw             x10, x0(x14)        x10:00000020 x14:00000020  PA:1a10f020
20425500ns          344866 1c008d42 00000513 addi             x10, x0, 0          x10=00000000
20425520ns          344867 1c008d44 00008067 jalr             x0, x1, 0            x1:1c008de0
20425560ns          344869 1c008de0 15f52063 p.beqimm         x10, 320            x10:00000000
20425581ns          344870 1c008de4 001a8a93 addi             x21, x21, 1         x21=00000006 x21:00000005
20425601ns          344871 1c008de6 00800d33 add              x26, x0, x8         x26=1c0009b3  x8:1c0009b3
20425621ns          344872 1c008de8 000d4503 lbu              x10, 0(x26)         x10=00000054 x26:1c0009b3  PA:1c0009b3
20425925ns          344887 1c008dec 001d0413 addi             x8, x26, 1           x8=1c0009b4 x26:1c0009b3
20425945ns          344888 1c008df0 0c050b63 beq              x10, x0, 214        x10:00000054
20425965ns          344889 1c008df2 02500793 addi             x15, x0, 37         x15=00000025
20425986ns          344890 1c008df6 fef513e3 bne              x10, x15, -26       x10:00000054 x15:00000025
20426046ns          344893 1c008ddc 017005b3 add              x11, x0, x23        x11=00000002 x23:00000002
20426066ns          344894 1c008dde 000980e7 jalr             x1, x19, 0           x1=1c008de0 x19:1c008d20
20426107ns          344896 1c008d20 f14027f3 csrrs            x15, x0, 0xf14      x15=00000004
20426127ns          344897 1c008d24 1a10f6b7 lui              x13, 0x1a10f000     x13=1a10f000
20426147ns          344898 1c008d28 ca5797b3 p.extractu       x15, x15, 5, 5      x15=00000000 x15:00000004
20426168ns          344899 1c008d2c f1402773 csrrs            x14, x0, 0xf14      x14=00000004
20426188ns          344900 1c008d30 00779793 slli             x15, x15, 0x7       x15=00000000 x15:00000000
20426208ns          344901 1c008d32 00371713 slli             x14, x14, 0x3       x14=00000020 x14:00000004
20426228ns          344902 1c008d34 0ff57513 andi             x10, x10, 255       x10=00000054 x10:00000054
20426249ns          344903 1c008d38 ee873733 p.bclr           x14, x14, 23, 8     x14=00000020 x14:00000020
20426269ns          344904 1c008d3c 00d787b3 add              x15, x15, x13       x15=1a10f000 x15:00000000 x13:1a10f000
20426289ns          344905 1c008d3e 00a767a3 p.sw             x10, x0(x14)        x10:00000054 x14:00000020  PA:1a10f020
20426613ns          344921 1c008d42 00000513 addi             x10, x0, 0          x10=00000000
20426633ns          344922 1c008d44 00008067 jalr             x0, x1, 0            x1:1c008de0
20426674ns          344924 1c008de0 15f52063 p.beqimm         x10, 320            x10:00000000
20426694ns          344925 1c008de4 001a8a93 addi             x21, x21, 1         x21=00000007 x21:00000006
20426714ns          344926 1c008de6 00800d33 add              x26, x0, x8         x26=1c0009b4  x8:1c0009b4
20426734ns          344927 1c008de8 000d4503 lbu              x10, 0(x26)         x10=00000061 x26:1c0009b4  PA:1c0009b4
20427038ns          344942 1c008dec 001d0413 addi             x8, x26, 1           x8=1c0009b5 x26:1c0009b4
20427058ns          344943 1c008df0 0c050b63 beq              x10, x0, 214        x10:00000061
20427078ns          344944 1c008df2 02500793 addi             x15, x0, 37         x15=00000025
20427099ns          344945 1c008df6 fef513e3 bne              x10, x15, -26       x10:00000061 x15:00000025
20427159ns          344948 1c008ddc 017005b3 add              x11, x0, x23        x11=00000002 x23:00000002
20427180ns          344949 1c008dde 000980e7 jalr             x1, x19, 0           x1=1c008de0 x19:1c008d20
20427220ns          344951 1c008d20 f14027f3 csrrs            x15, x0, 0xf14      x15=00000004
20427240ns          344952 1c008d24 1a10f6b7 lui              x13, 0x1a10f000     x13=1a10f000
20427261ns          344953 1c008d28 ca5797b3 p.extractu       x15, x15, 5, 5      x15=00000000 x15:00000004
20427281ns          344954 1c008d2c f1402773 csrrs            x14, x0, 0xf14      x14=00000004
20427301ns          344955 1c008d30 00779793 slli             x15, x15, 0x7       x15=00000000 x15:00000000
20427321ns          344956 1c008d32 00371713 slli             x14, x14, 0x3       x14=00000020 x14:00000004
20427342ns          344957 1c008d34 0ff57513 andi             x10, x10, 255       x10=00000061 x10:00000061
20427362ns          344958 1c008d38 ee873733 p.bclr           x14, x14, 23, 8     x14=00000020 x14:00000020
20427382ns          344959 1c008d3c 00d787b3 add              x15, x15, x13       x15=1a10f000 x15:00000000 x13:1a10f000
20427402ns          344960 1c008d3e 00a767a3 p.sw             x10, x0(x14)        x10:00000061 x14:00000020  PA:1a10f020
20427726ns          344976 1c008d42 00000513 addi             x10, x0, 0          x10=00000000
20427746ns          344977 1c008d44 00008067 jalr             x0, x1, 0            x1:1c008de0
20427787ns          344979 1c008de0 15f52063 p.beqimm         x10, 320            x10:00000000
20427807ns          344980 1c008de4 001a8a93 addi             x21, x21, 1         x21=00000008 x21:00000007
20427827ns          344981 1c008de6 00800d33 add              x26, x0, x8         x26=1c0009b5  x8:1c0009b5
20427848ns          344982 1c008de8 000d4503 lbu              x10, 0(x26)         x10=00000073 x26:1c0009b5  PA:1c0009b5
20428151ns          344997 1c008dec 001d0413 addi             x8, x26, 1           x8=1c0009b6 x26:1c0009b5
20428171ns          344998 1c008df0 0c050b63 beq              x10, x0, 214        x10:00000073
20428192ns          344999 1c008df2 02500793 addi             x15, x0, 37         x15=00000025
20428212ns          345000 1c008df6 fef513e3 bne              x10, x15, -26       x10:00000073 x15:00000025
20428273ns          345003 1c008ddc 017005b3 add              x11, x0, x23        x11=00000002 x23:00000002
20428293ns          345004 1c008dde 000980e7 jalr             x1, x19, 0           x1=1c008de0 x19:1c008d20
20428333ns          345006 1c008d20 f14027f3 csrrs            x15, x0, 0xf14      x15=00000004
20428354ns          345007 1c008d24 1a10f6b7 lui              x13, 0x1a10f000     x13=1a10f000
20428374ns          345008 1c008d28 ca5797b3 p.extractu       x15, x15, 5, 5      x15=00000000 x15:00000004
20428394ns          345009 1c008d2c f1402773 csrrs            x14, x0, 0xf14      x14=00000004
20428414ns          345010 1c008d30 00779793 slli             x15, x15, 0x7       x15=00000000 x15:00000000
20428435ns          345011 1c008d32 00371713 slli             x14, x14, 0x3       x14=00000020 x14:00000004
20428455ns          345012 1c008d34 0ff57513 andi             x10, x10, 255       x10=00000073 x10:00000073
20428475ns          345013 1c008d38 ee873733 p.bclr           x14, x14, 23, 8     x14=00000020 x14:00000020
20428495ns          345014 1c008d3c 00d787b3 add              x15, x15, x13       x15=1a10f000 x15:00000000 x13:1a10f000
20428516ns          345015 1c008d3e 00a767a3 p.sw             x10, x0(x14)        x10:00000073 x14:00000020  PA:1a10f020
20428839ns          345031 1c008d42 00000513 addi             x10, x0, 0          x10=00000000
20428860ns          345032 1c008d44 00008067 jalr             x0, x1, 0            x1:1c008de0
20428900ns          345034 1c008de0 15f52063 p.beqimm         x10, 320            x10:00000000
20428920ns          345035 1c008de4 001a8a93 addi             x21, x21, 1         x21=00000009 x21:00000008
20428941ns          345036 1c008de6 00800d33 add              x26, x0, x8         x26=1c0009b6  x8:1c0009b6
20428961ns          345037 1c008de8 000d4503 lbu              x10, 0(x26)         x10=0000006b x26:1c0009b6  PA:1c0009b6
20429264ns          345052 1c008dec 001d0413 addi             x8, x26, 1           x8=1c0009b7 x26:1c0009b6
20429285ns          345053 1c008df0 0c050b63 beq              x10, x0, 214        x10:0000006b
20429305ns          345054 1c008df2 02500793 addi             x15, x0, 37         x15=00000025
20429325ns          345055 1c008df6 fef513e3 bne              x10, x15, -26       x10:0000006b x15:00000025
20429386ns          345058 1c008ddc 017005b3 add              x11, x0, x23        x11=00000002 x23:00000002
20429406ns          345059 1c008dde 000980e7 jalr             x1, x19, 0           x1=1c008de0 x19:1c008d20
20429447ns          345061 1c008d20 f14027f3 csrrs            x15, x0, 0xf14      x15=00000004
20429467ns          345062 1c008d24 1a10f6b7 lui              x13, 0x1a10f000     x13=1a10f000
20429487ns          345063 1c008d28 ca5797b3 p.extractu       x15, x15, 5, 5      x15=00000000 x15:00000004
20429507ns          345064 1c008d2c f1402773 csrrs            x14, x0, 0xf14      x14=00000004
20429528ns          345065 1c008d30 00779793 slli             x15, x15, 0x7       x15=00000000 x15:00000000
20429548ns          345066 1c008d32 00371713 slli             x14, x14, 0x3       x14=00000020 x14:00000004
20429568ns          345067 1c008d34 0ff57513 andi             x10, x10, 255       x10=0000006b x10:0000006b
20429588ns          345068 1c008d38 ee873733 p.bclr           x14, x14, 23, 8     x14=00000020 x14:00000020
20429608ns          345069 1c008d3c 00d787b3 add              x15, x15, x13       x15=1a10f000 x15:00000000 x13:1a10f000
20429629ns          345070 1c008d3e 00a767a3 p.sw             x10, x0(x14)        x10:0000006b x14:00000020  PA:1a10f020
20429953ns          345086 1c008d42 00000513 addi             x10, x0, 0          x10=00000000
20429973ns          345087 1c008d44 00008067 jalr             x0, x1, 0            x1:1c008de0
20430013ns          345089 1c008de0 15f52063 p.beqimm         x10, 320            x10:00000000
20430034ns          345090 1c008de4 001a8a93 addi             x21, x21, 1         x21=0000000a x21:00000009
20430054ns          345091 1c008de6 00800d33 add              x26, x0, x8         x26=1c0009b7  x8:1c0009b7
20430074ns          345092 1c008de8 000d4503 lbu              x10, 0(x26)         x10=00000020 x26:1c0009b7  PA:1c0009b7
20430378ns          345107 1c008dec 001d0413 addi             x8, x26, 1           x8=1c0009b8 x26:1c0009b7
20430398ns          345108 1c008df0 0c050b63 beq              x10, x0, 214        x10:00000020
20430418ns          345109 1c008df2 02500793 addi             x15, x0, 37         x15=00000025
20430438ns          345110 1c008df6 fef513e3 bne              x10, x15, -26       x10:00000020 x15:00000025
20430499ns          345113 1c008ddc 017005b3 add              x11, x0, x23        x11=00000002 x23:00000002
20430519ns          345114 1c008dde 000980e7 jalr             x1, x19, 0           x1=1c008de0 x19:1c008d20
20430560ns          345116 1c008d20 f14027f3 csrrs            x15, x0, 0xf14      x15=00000004
20430580ns          345117 1c008d24 1a10f6b7 lui              x13, 0x1a10f000     x13=1a10f000
20430600ns          345118 1c008d28 ca5797b3 p.extractu       x15, x15, 5, 5      x15=00000000 x15:00000004
20430620ns          345119 1c008d2c f1402773 csrrs            x14, x0, 0xf14      x14=00000004
20430641ns          345120 1c008d30 00779793 slli             x15, x15, 0x7       x15=00000000 x15:00000000
20430661ns          345121 1c008d32 00371713 slli             x14, x14, 0x3       x14=00000020 x14:00000004
20430681ns          345122 1c008d34 0ff57513 andi             x10, x10, 255       x10=00000020 x10:00000020
20430701ns          345123 1c008d38 ee873733 p.bclr           x14, x14, 23, 8     x14=00000020 x14:00000020
20430722ns          345124 1c008d3c 00d787b3 add              x15, x15, x13       x15=1a10f000 x15:00000000 x13:1a10f000
20430742ns          345125 1c008d3e 00a767a3 p.sw             x10, x0(x14)        x10:00000020 x14:00000020  PA:1a10f020
20431066ns          345141 1c008d42 00000513 addi             x10, x0, 0          x10=00000000
20431086ns          345142 1c008d44 00008067 jalr             x0, x1, 0            x1:1c008de0
20431126ns          345144 1c008de0 15f52063 p.beqimm         x10, 320            x10:00000000
20431147ns          345145 1c008de4 001a8a93 addi             x21, x21, 1         x21=0000000b x21:0000000a
20431167ns          345146 1c008de6 00800d33 add              x26, x0, x8         x26=1c0009b8  x8:1c0009b8
20431187ns          345147 1c008de8 000d4503 lbu              x10, 0(x26)         x10=00000025 x26:1c0009b8  PA:1c0009b8
20431491ns          345162 1c008dec 001d0413 addi             x8, x26, 1           x8=1c0009b9 x26:1c0009b8
20431511ns          345163 1c008df0 0c050b63 beq              x10, x0, 214        x10:00000025
20431531ns          345164 1c008df2 02500793 addi             x15, x0, 37         x15=00000025
20431552ns          345165 1c008df6 fef513e3 bne              x10, x15, -26       x10:00000025 x15:00000025
20431572ns          345166 1c008dfa 00012a23 sw               x0, 20(x2)           x2:10001768  PA:1000177c
20431592ns          345167 1c008dfc 00012823 sw               x0, 16(x2)           x2:10001768  PA:10001778
20431612ns          345168 1c008dfe 00012623 sw               x0, 12(x2)           x2:10001768  PA:10001774
20431632ns          345169 1c008e00 00012423 sw               x0, 8(x2)            x2:10001768  PA:10001770
20431653ns          345170 1c008e02 00012223 sw               x0, 4(x2)            x2:10001768  PA:1000176c
20431673ns          345171 1c008e04 02300493 addi             x9, x0, 35           x9=00000023
20431693ns          345172 1c008e08 02d00b13 addi             x22, x0, 45         x22=0000002d
20431713ns          345173 1c008e0c 00044c83 lbu              x25, 0(x8)          x25=00000064  x8:1c0009b9  PA:1c0009b9
20432037ns          345189 1c008e10 00140913 addi             x18, x8, 1          x18=1c0009ba  x8:1c0009b9
20432058ns          345190 1c008e14 019005b3 add              x11, x0, x25        x11=00000064 x25:00000064
20432078ns          345191 1c008e16 9d0c0513 addi             x10, x24, -1584     x10=1c0009d0 x24:1c001000
20432098ns          345192 1c008e1a 01200d33 add              x26, x0, x18        x26=1c0009ba x18:1c0009ba
20432118ns          345193 1c008e1c 01900db3 add              x27, x0, x25        x27=00000064 x25:00000064
20432138ns          345194 1c008e1e e89ff0ef jal              x1, -376             x1=1c008e20
20432300ns          345202 1c008ca6 00054783 lbu              x15, 0(x10)         x15=0000002d x10:1c0009d0  PA:1c0009d0
20432604ns          345217 1c008caa 0ff5f593 andi             x11, x11, 255       x11=00000064 x11:00000064
20432624ns          345218 1c008cae 00b78c63 beq              x15, x11, 24        x15:0000002d x11:00000064
20432644ns          345219 1c008cb2 00078b63 beq              x15, x0, 22         x15:0000002d
20432665ns          345220 1c008cb4 00150793 addi             x15, x10, 1         x15=1c0009d1 x10:1c0009d0
20432685ns          345221 1c008cb8 0040006f jal              x0, 4              
20432786ns          345226 1c008cbc 00f00533 add              x10, x0, x15        x10=1c0009d1 x15:1c0009d1
20432806ns          345227 1c008cbe 0017c70b p.lbu            x14, 1(x15!)        x14=0000002b x15=1c0009d2 x15:1c0009d1  PA:1c0009d1
20433130ns          345243 1c008cc2 feb71ce3 bne              x14, x11, -8        x14:0000002b x11:00000064
20433191ns          345246 1c008cba 00070763 beq              x14, x0, 14         x14:0000002b
20433211ns          345247 1c008cbc 00f00533 add              x10, x0, x15        x10=1c0009d2 x15:1c0009d2
20433231ns          345248 1c008cbe 0017c70b p.lbu            x14, 1(x15!)        x14=00000020 x15=1c0009d3 x15:1c0009d2  PA:1c0009d2
20433555ns          345264 1c008cc2 feb71ce3 bne              x14, x11, -8        x14:00000020 x11:00000064
20433616ns          345267 1c008cba 00070763 beq              x14, x0, 14         x14:00000020
20433636ns          345268 1c008cbc 00f00533 add              x10, x0, x15        x10=1c0009d3 x15:1c0009d3
20433656ns          345269 1c008cbe 0017c70b p.lbu            x14, 1(x15!)        x14=00000023 x15=1c0009d4 x15:1c0009d3  PA:1c0009d3
20433980ns          345285 1c008cc2 feb71ce3 bne              x14, x11, -8        x14:00000023 x11:00000064
20434041ns          345288 1c008cba 00070763 beq              x14, x0, 14         x14:00000023
20434061ns          345289 1c008cbc 00f00533 add              x10, x0, x15        x10=1c0009d4 x15:1c0009d4
20434082ns          345290 1c008cbe 0017c70b p.lbu            x14, 1(x15!)        x14=00000030 x15=1c0009d5 x15:1c0009d4  PA:1c0009d4
20434405ns          345306 1c008cc2 feb71ce3 bne              x14, x11, -8        x14:00000030 x11:00000064
20434466ns          345309 1c008cba 00070763 beq              x14, x0, 14         x14:00000030
20434486ns          345310 1c008cbc 00f00533 add              x10, x0, x15        x10=1c0009d5 x15:1c0009d5
20434507ns          345311 1c008cbe 0017c70b p.lbu            x14, 1(x15!)        x14=00000000 x15=1c0009d6 x15:1c0009d5  PA:1c0009d5
20434810ns          345326 1c008cc2 feb71ce3 bne              x14, x11, -8        x14:00000000 x11:00000064
20434871ns          345329 1c008cba 00070763 beq              x14, x0, 14         x14:00000000
20434932ns          345332 1c008cc8 0015b593 sltiu            x11, x11, 1         x11=00000000 x11:00000064
20434952ns          345333 1c008ccc 40b005b3 sub              x11, x0, x11        x11=00000000 x11:00000000
20434972ns          345334 1c008cd0 00b57533 and              x10, x10, x11       x10=00000000 x10:1c0009d5 x11:00000000
20434992ns          345335 1c008cd2 00008067 jalr             x0, x1, 0            x1:1c008e20
20435033ns          345337 1c008e20 02050b63 beq              x10, x0, 54         x10:00000000
20435539ns          345362 1c008e56 02a00693 addi             x13, x0, 42         x13=0000002a
20435559ns          345363 1c008e5a 2edc8263 beq              x25, x13, 740       x25:00000064 x13:0000002a
20435620ns          345366 1c008e5e fd0c8693 addi             x13, x25, -48       x13=00000034 x25:00000064
20435640ns          345367 1c008e62 00900593 addi             x11, x0, 9          x11=00000009
20435660ns          345368 1c008e64 00000b13 addi             x22, x0, 0          x22=00000000
20435680ns          345369 1c008e66 0cd5fd63 bgeu             x11, x13, 218       x11:00000009 x13:00000034
20435701ns          345370 1c008e6a 02e00793 addi             x15, x0, 46         x15=0000002e
20435761ns          345373 1c008e6e 28fd8663 beq              x27, x15, 652       x27:00000064 x15:0000002e
20435782ns          345374 1c008e72 01b00433 add              x8, x0, x27          x8=00000064 x27:00000064
20435802ns          345375 1c008e74 fff00493 addi             x9, x0, -1           x9=ffffffff
20435822ns          345376 1c008e76 1c001737 lui              x14, 0x1c001000     x14=1c001000
20435842ns          345377 1c008e7a 01b005b3 add              x11, x0, x27        x11=00000064 x27:00000064
20435863ns          345378 1c008e7c 9d870513 addi             x10, x14, -1576     x10=1c0009d8 x14:1c001000
20435903ns          345380 1c008e80 e27ff0ef jal              x1, -474             x1=1c008e82
20435964ns          345383 1c008ca6 00054783 lbu              x15, 0(x10)         x15=00000068 x10:1c0009d8  PA:1c0009d8
20436267ns          345398 1c008caa 0ff5f593 andi             x11, x11, 255       x11=00000064 x11:00000064
20436288ns          345399 1c008cae 00b78c63 beq              x15, x11, 24        x15:00000068 x11:00000064
20436308ns          345400 1c008cb2 00078b63 beq              x15, x0, 22         x15:00000068
20436328ns          345401 1c008cb4 00150793 addi             x15, x10, 1         x15=1c0009d9 x10:1c0009d8
20436348ns          345402 1c008cb8 0040006f jal              x0, 4              
20436389ns          345404 1c008cbc 00f00533 add              x10, x0, x15        x10=1c0009d9 x15:1c0009d9
20436409ns          345405 1c008cbe 0017c70b p.lbu            x14, 1(x15!)        x14=0000006c x15=1c0009da x15:1c0009d9  PA:1c0009d9
20436733ns          345421 1c008cc2 feb71ce3 bne              x14, x11, -8        x14:0000006c x11:00000064
20436794ns          345424 1c008cba 00070763 beq              x14, x0, 14         x14:0000006c
20436814ns          345425 1c008cbc 00f00533 add              x10, x0, x15        x10=1c0009da x15:1c0009da
20436834ns          345426 1c008cbe 0017c70b p.lbu            x14, 1(x15!)        x14=0000007a x15=1c0009db x15:1c0009da  PA:1c0009da
20437158ns          345442 1c008cc2 feb71ce3 bne              x14, x11, -8        x14:0000007a x11:00000064
20437219ns          345445 1c008cba 00070763 beq              x14, x0, 14         x14:0000007a
20437239ns          345446 1c008cbc 00f00533 add              x10, x0, x15        x10=1c0009db x15:1c0009db
20437259ns          345447 1c008cbe 0017c70b p.lbu            x14, 1(x15!)        x14=00000000 x15=1c0009dc x15:1c0009db  PA:1c0009db
20437583ns          345463 1c008cc2 feb71ce3 bne              x14, x11, -8        x14:00000000 x11:00000064
20437644ns          345466 1c008cba 00070763 beq              x14, x0, 14         x14:00000000
20437704ns          345469 1c008cc8 0015b593 sltiu            x11, x11, 1         x11=00000000 x11:00000064
20437725ns          345470 1c008ccc 40b005b3 sub              x11, x0, x11        x11=00000000 x11:00000000
20437745ns          345471 1c008cd0 00b57533 and              x10, x10, x11       x10=00000000 x10:1c0009db x11:00000000
20437765ns          345472 1c008cd2 00008067 jalr             x0, x1, 0            x1:1c008e82
20437806ns          345474 1c008e82 00000793 addi             x15, x0, 0          x15=00000000
20437826ns          345475 1c008e84 00050f63 beq              x10, x0, 30         x10:00000000
20437968ns          345482 1c008ea2 06700693 addi             x13, x0, 103        x13=00000067
20437988ns          345483 1c008ea6 0bb6ee63 bltu             x13, x27, 188       x13:00000067 x27:00000064
20438008ns          345484 1c008eaa 06500693 addi             x13, x0, 101        x13=00000065
20438069ns          345487 1c008eae 3addf2e3 bgeu             x27, x13, 2980      x27:00000064 x13:00000065
20438109ns          345489 1c008eb2 04700693 addi             x13, x0, 71         x13=00000047
20438130ns          345490 1c008eb6 39b6ed63 bltu             x13, x27, 922       x13:00000047 x27:00000064
20438291ns          345498 1c009250 06300693 addi             x13, x0, 99         x13=00000063
20438332ns          345500 1c009254 70dd8c63 beq              x27, x13, 1816      x27:00000064 x13:00000063
20438352ns          345501 1c009258 d3b6e5e3 bltu             x13, x27, -726      x13:00000063 x27:00000064
20438555ns          345511 1c008f82 06c00693 addi             x13, x0, 108        x13=0000006c
20438575ns          345512 1c008f86 00d78a63 beq              x15, x13, 20        x15:00000000 x13:0000006c
20438595ns          345513 1c008f8a 07a00693 addi             x13, x0, 122        x13=0000007a
20438656ns          345516 1c008f8e 00d78663 beq              x15, x13, 12        x15:00000000 x13:0000007a
20438696ns          345518 1c008f92 04c00693 addi             x13, x0, 76         x13=0000004c
20438716ns          345519 1c008f96 5ed78de3 beq              x15, x13, 3578      x15:00000000 x13:0000004c
20438737ns          345520 1c008f9a 000a2783 lw               x15, 0(x20)         x15=00000002 x20:10001810  PA:10001810
20438757ns          345521 1c008f9e 004a0a13 addi             x20, x20, 4         x20=10001814 x20:10001810
20438797ns          345523 1c008fa0 41f7d713 srai             x14, x15, 0x41f     x14=00000000 x15:00000002
20438838ns          345525 1c008fa4 01412e23 sw               x20, 28(x2)         x20:10001814  x2:10001768  PA:10001784
20438858ns          345526 1c008fa6 00e12223 sw               x14, 4(x2)          x14:00000000  x2:10001768  PA:1000176c
20438878ns          345527 1c008fa8 4e0741e3 blt              x14, x0, 3298       x14:00000000
20438899ns          345528 1c008fac 00c12703 lw               x14, 12(x2)         x14=00000000  x2:10001768  PA:10001774
20438939ns          345530 1c008fae 440709e3 beq              x14, x0, 3154       x14:00000000
20439040ns          345535 1c009c00 01012703 lw               x14, 16(x2)         x14=00000000  x2:10001768  PA:10001778
20439081ns          345537 1c009c02 22070063 beq              x14, x0, 544        x14:00000000
20439182ns          345542 1c009e22 00412c83 lw               x25, 4(x2)          x25=00000000  x2:10001768  PA:1000176c
20439222ns          345544 1c009e24 02410a13 addi             x20, x2, 36         x20=1000178c  x2:10001768
20439243ns          345545 1c009e28 998ff06f jal              x0, -3688          
20439324ns          345549 1c008fc0 00f00433 add              x8, x0, x15          x8=00000002 x15:00000002
20439344ns          345550 1c008fc2 01400db3 add              x27, x0, x20        x27=1000178c x20:1000178c
20439364ns          345551 1c008fc4 0040006f jal              x0, 4              
20439405ns          345553 1c008fc8 00a00613 addi             x12, x0, 10         x12=0000000a
20439425ns          345554 1c008fca 00000693 addi             x13, x0, 0          x13=00000000
20439445ns          345555 1c008fcc 00800533 add              x10, x0, x8         x10=00000002  x8:00000002
20439465ns          345556 1c008fce 019005b3 add              x11, x0, x25        x11=00000000 x25:00000000
20439486ns          345557 1c008fd0 c2aff0ef jal              x1, -3030            x1=1c008fd4
20439567ns          345561 1c0083fa 00c008b3 add              x17, x0, x12        x17=0000000a x12:0000000a
20439607ns          345563 1c0083fc 00d00733 add              x14, x0, x13        x14=00000000 x13:00000000
20439627ns          345564 1c0083fe 00a007b3 add              x15, x0, x10        x15=00000002 x10:00000002
20439668ns          345566 1c008400 00b00833 add              x16, x0, x11        x16=00000000 x11:00000000
20439708ns          345568 1c008402 1c069863 bne              x13, x0, 464        x13:00000000
20439728ns          345569 1c008406 1c0016b7 lui              x13, 0x1c001000     x13=1c001000
20439749ns          345570 1c00840a 86868693 addi             x13, x13, -1944     x13=1c000868 x13:1c001000
20439809ns          345573 1c00840e 0ac5f863 bgeu             x11, x12, 176       x11:00000000 x12:0000000a
20439830ns          345574 1c008412 00010337 lui              x6, 0x10000          x6=00010000
20439850ns          345575 1c008414 08667e63 bgeu             x12, x6, 156        x12:0000000a  x6:00010000
20439870ns          345576 1c008418 0ff00313 addi             x6, x0, 255          x6=000000ff
20439890ns          345577 1c00841c 00c37363 bgeu             x6, x12, 6           x6:000000ff x12:0000000a
20440012ns          345583 1c008422 00e65333 srl              x6, x12, x14         x6=0000000a x12:0000000a x14:00000000
20440032ns          345584 1c008426 006686b3 add              x13, x13, x6        x13=1c000872 x13:1c000868  x6:0000000a
20440052ns          345585 1c008428 0006ce03 lbu              x28, 0(x13)         x28=00000004 x13:1c000872  PA:1c000872
20440356ns          345600 1c00842c 02000313 addi             x6, x0, 32           x6=00000020
20440376ns          345601 1c008430 00ee0e33 add              x28, x28, x14       x28=00000004 x28:00000004 x14:00000000
20440396ns          345602 1c008432 41c30333 sub              x6, x6, x28          x6=0000001c  x6:00000020 x28:00000004
20440417ns          345603 1c008436 00030c63 beq              x6, x0, 24           x6:0000001c
20440437ns          345604 1c00843a 006595b3 sll              x11, x11, x6        x11=00000000 x11:00000000  x6:0000001c
20440498ns          345607 1c00843e 01c55e33 srl              x28, x10, x28       x28=00000000 x10:00000002 x28:00000004
20440538ns          345609 1c008442 006618b3 sll              x17, x12, x6        x17=a0000000 x12:0000000a  x6:0000001c
20440558ns          345610 1c008446 00be6833 or               x16, x28, x11       x16=00000000 x28:00000000 x11:00000000
20440579ns          345611 1c00844a 006517b3 sll              x15, x10, x6        x15=20000000 x10:00000002  x6:0000001c
20440639ns          345614 1c00844e 0108d613 srli             x12, x17, 0x10      x12=0000a000 x17:a0000000
20440680ns          345616 1c008452 02c87733 remu             x14, x16, x12       x14=00000000 x16:00000000 x12:0000a000
20441064ns          345635 1c008456 02c85833 divu             x16, x16, x12       x16=00000000 x16:00000000 x12:0000a000
20441449ns          345654 1c00845a 01089513 slli             x10, x17, 0x10      x10=00000000 x17:a0000000
20441469ns          345655 1c00845e 01055513 srli             x10, x10, 0x10      x10=00000000 x10:00000000
20441489ns          345656 1c008460 01071713 slli             x14, x14, 0x10      x14=00000000 x14:00000000
20441510ns          345657 1c008462 0107d693 srli             x13, x15, 0x10      x13=00002000 x15:20000000
20441530ns          345658 1c008466 03050833 mul              x16, x10, x16       x16=00000000 x10:00000000 x16:00000000
20441550ns          345659 1c00846a 00e6e6b3 or               x13, x13, x14       x13=00002000 x13:00002000 x14:00000000
20441570ns          345660 1c00846c 0106f863 bgeu             x13, x16, 16        x13:00002000 x16:00000000
20441631ns          345663 1c00847c 410686b3 sub              x13, x13, x16       x13=00002000 x13:00002000 x16:00000000
20441692ns          345666 1c008480 02c6f733 remu             x14, x13, x12       x14=00002000 x13:00002000 x12:0000a000
20442097ns          345686 1c008484 02c6d6b3 divu             x13, x13, x12       x13=00000000 x13:00002000 x12:0000a000
20442481ns          345705 1c008488 01079793 slli             x15, x15, 0x10      x15=00000000 x15:20000000
20442501ns          345706 1c00848a 02d506b3 mul              x13, x10, x13       x13=00000000 x10:00000000 x13:00000000
20442522ns          345707 1c00848e 0107d793 srli             x15, x15, 0x10      x15=00000000 x15:00000000
20442542ns          345708 1c008490 01071513 slli             x10, x14, 0x10      x10=20000000 x14:00002000
20442562ns          345709 1c008494 00a7e7b3 or               x15, x15, x10       x15=20000000 x15:00000000 x10:20000000
20442582ns          345710 1c008496 00d7f863 bgeu             x15, x13, 16        x15:20000000 x13:00000000
20443007ns          345731 1c0084a6 40d787b3 sub              x15, x15, x13       x15=20000000 x15:20000000 x13:00000000
20443028ns          345732 1c0084a8 0067d533 srl              x10, x15, x6        x10=00000002 x15:20000000  x6:0000001c
20443048ns          345733 1c0084ac 00000593 addi             x11, x0, 0          x11=00000000
20443068ns          345734 1c0084ae 00008067 jalr             x0, x1, 0            x1:1c008fd4
20443149ns          345738 1c008fd4 00a00933 add              x18, x0, x10        x18=00000002 x10:00000002
20443169ns          345739 1c008fd6 019005b3 add              x11, x0, x25        x11=00000000 x25:00000000
20443190ns          345740 1c008fd8 00800533 add              x10, x0, x8         x10=00000002  x8:00000002
20443210ns          345741 1c008fda 00a00613 addi             x12, x0, 10         x12=0000000a
20443230ns          345742 1c008fdc 00000693 addi             x13, x0, 0          x13=00000000
20443270ns          345744 1c008fde 8beff0ef jal              x1, -3906            x1=1c008fe2
20443351ns          345748 1c00809c 00b007b3 add              x15, x0, x11        x15=00000000 x11:00000000
20443372ns          345749 1c00809e 00c00833 add              x16, x0, x12        x16=0000000a x12:0000000a
20443432ns          345752 1c0080a0 00d008b3 add              x17, x0, x13        x17=00000000 x13:00000000
20443453ns          345753 1c0080a2 00a00333 add              x6, x0, x10          x6=00000002 x10:00000002
20443473ns          345754 1c0080a4 20069663 bne              x13, x0, 524        x13:00000000
20443493ns          345755 1c0080a8 1c001737 lui              x14, 0x1c001000     x14=1c001000
20443513ns          345756 1c0080ac 86870713 addi             x14, x14, -1944     x14=1c000868 x14:1c001000
20443574ns          345759 1c0080b0 0ac5fe63 bgeu             x11, x12, 188       x11:00000000 x12:0000000a
20443615ns          345761 1c0080b4 000106b7 lui              x13, 0x10000        x13=00010000
20443635ns          345762 1c0080b6 0ad67463 bgeu             x12, x13, 168       x12:0000000a x13:00010000
20443655ns          345763 1c0080ba 0ff00693 addi             x13, x0, 255        x13=000000ff
20443716ns          345766 1c0080be 00c6b6b3 sltu             x13, x13, x12       x13=00000000 x13:000000ff x12:0000000a
20443736ns          345767 1c0080c2 00369693 slli             x13, x13, 0x3       x13=00000000 x13:00000000
20443756ns          345768 1c0080c4 00d658b3 srl              x17, x12, x13       x17=0000000a x12:0000000a x13:00000000
20443776ns          345769 1c0080c8 01170733 add              x14, x14, x17       x14=1c000872 x14:1c000868 x17:0000000a
20443797ns          345770 1c0080ca 00074703 lbu              x14, 0(x14)         x14=00000004 x14:1c000872  PA:1c000872
20444121ns          345786 1c0080ce 00e686b3 add              x13, x13, x14       x13=00000004 x13:00000000 x14:00000004
20444141ns          345787 1c0080d0 02000713 addi             x14, x0, 32         x14=00000020
20444161ns          345788 1c0080d4 40d70733 sub              x14, x14, x13       x14=0000001c x14:00000020 x13:00000004
20444181ns          345789 1c0080d6 00070b63 beq              x14, x0, 22         x14:0000001c
20444202ns          345790 1c0080d8 00e797b3 sll              x15, x15, x14       x15=00000000 x15:00000000 x14:0000001c
20444222ns          345791 1c0080dc 00d556b3 srl              x13, x10, x13       x13=00000000 x10:00000002 x13:00000004
20444262ns          345793 1c0080e0 00e61833 sll              x16, x12, x14       x16=a0000000 x12:0000000a x14:0000001c
20444303ns          345795 1c0080e4 00f6e5b3 or               x11, x13, x15       x11=00000000 x13:00000000 x15:00000000
20444323ns          345796 1c0080e8 00e51333 sll              x6, x10, x14         x6=20000000 x10:00000002 x14:0000001c
20444343ns          345797 1c0080ec 01085513 srli             x10, x16, 0x10      x10=0000a000 x16:a0000000
20444404ns          345800 1c0080f0 02a5f733 remu             x14, x11, x10       x14=00000000 x11:00000000 x10:0000a000
20444809ns          345820 1c0080f4 02a5d7b3 divu             x15, x11, x10       x15=00000000 x11:00000000 x10:0000a000
20445193ns          345839 1c0080f8 01081613 slli             x12, x16, 0x10      x12=00000000 x16:a0000000
20445214ns          345840 1c0080fc 01071713 slli             x14, x14, 0x10      x14=00000000 x14:00000000
20445234ns          345841 1c0080fe 01065613 srli             x12, x12, 0x10      x12=00000000 x12:00000000
20445254ns          345842 1c008100 01035693 srli             x13, x6, 0x10       x13=00002000  x6:20000000
20445274ns          345843 1c008104 00e6e6b3 or               x13, x13, x14       x13=00002000 x13:00002000 x14:00000000
20445294ns          345844 1c008106 02f605b3 mul              x11, x12, x15       x11=00000000 x12:00000000 x15:00000000
20445315ns          345845 1c00810a 00f00733 add              x14, x0, x15        x14=00000000 x15:00000000
20445335ns          345846 1c00810c 00b6fc63 bgeu             x13, x11, 24        x13:00002000 x11:00000000
20445780ns          345868 1c008124 40b686b3 sub              x13, x13, x11       x13=00002000 x13:00002000 x11:00000000
20445821ns          345870 1c008126 02a6f7b3 remu             x15, x13, x10       x15=00002000 x13:00002000 x10:0000a000
20446205ns          345889 1c00812a 02a6d6b3 divu             x13, x13, x10       x13=00000000 x13:00002000 x10:0000a000
20446590ns          345908 1c00812e 01031313 slli             x6, x6, 0x10         x6=00000000  x6:20000000
20446610ns          345909 1c008130 01079793 slli             x15, x15, 0x10      x15=20000000 x15:00002000
20446630ns          345910 1c008132 01035313 srli             x6, x6, 0x10         x6=00000000  x6:00000000
20446651ns          345911 1c008136 02d605b3 mul              x11, x12, x13       x11=00000000 x12:00000000 x13:00000000
20446671ns          345912 1c00813a 0067e333 or               x6, x15, x6          x6=20000000 x15:20000000  x6:00000000
20446691ns          345913 1c00813e 00d00533 add              x10, x0, x13        x10=00000000 x13:00000000
20446732ns          345915 1c008140 00b37b63 bgeu             x6, x11, 22          x6:20000000 x11:00000000
20446833ns          345920 1c008156 01071713 slli             x14, x14, 0x10      x14=00000000 x14:00000000
20446873ns          345922 1c008158 00a76733 or               x14, x14, x10       x14=00000000 x14:00000000 x10:00000000
20446893ns          345923 1c00815a 00000593 addi             x11, x0, 0          x11=00000000
20446914ns          345924 1c00815c 0b20006f jal              x0, 178            
20447035ns          345930 1c00820e 00e00533 add              x10, x0, x14        x10=00000000 x14:00000000
20447076ns          345932 1c008210 00008067 jalr             x0, x1, 0            x1:1c008fe2
20447136ns          345935 1c008fe2 03090913 addi             x18, x18, 48        x18=00000032 x18:00000002
20447157ns          345936 1c008fe6 012d8023 sb               x18, 0(x27)         x18:00000032 x27:1000178c  PA:1000178c
20447177ns          345937 1c008fea 00a5e7b3 or               x15, x11, x10       x15=00000000 x11:00000000 x10:00000000
20447238ns          345940 1c008fee 001d8913 addi             x18, x27, 1         x18=1000178d x27:1000178c
20447258ns          345941 1c008ff2 00a00433 add              x8, x0, x10          x8=00000000 x10:00000000
20447278ns          345942 1c008ff4 00b00cb3 add              x25, x0, x11        x25=00000000 x11:00000000
20447298ns          345943 1c008ff6 fc0798e3 bne              x15, x0, -48        x15:00000000
20447318ns          345944 1c008ff8 00090023 sb               x0, 0(x18)          x18:1000178d  PA:1000178d
20447339ns          345945 1c008ffc 01ba7d63 bgeu             x20, x27, 26        x20:1000178c x27:1000178c
20447460ns          345951 1c009016 00012783 lw               x15, 0(x2)          x15=1000178c  x2:10001768  PA:10001768
20447501ns          345953 1c009018 00c12703 lw               x14, 12(x2)         x14=00000000  x2:10001768  PA:10001774
20447521ns          345954 1c00901a 40f90933 sub              x18, x18, x15       x18=00000001 x18:1000178d x15:1000178c
20447582ns          345957 1c00901e 3c071de3 bne              x14, x0, 3034       x14:00000000
20447602ns          345958 1c009022 01012783 lw               x15, 16(x2)         x15=00000000  x2:10001768  PA:10001778
20447642ns          345960 1c009024 3c079ae3 bne              x15, x0, 3028       x15:00000000
20447663ns          345961 1c009028 00412703 lw               x14, 4(x2)          x14=00000000  x2:10001768  PA:1000176c
20447703ns          345963 1c00902a 01f75713 srli             x14, x14, 0x1f      x14=00000000 x14:00000000
20447723ns          345964 1c00902c 00e12223 sw               x14, 4(x2)          x14:00000000  x2:10001768  PA:1000176c
20447804ns          345968 1c00902e 3404c463 blt              x9, x0, 840          x9:ffffffff
20447905ns          345973 1c009376 00000c93 addi             x25, x0, 0          x25=00000000
20447946ns          345975 1c009378 00012c23 sw               x0, 24(x2)           x2:10001768  PA:10001780
20447966ns          345976 1c00937a 00000a13 addi             x20, x0, 0          x20=00000000
20447986ns          345977 1c00937c 01412783 lw               x15, 20(x2)         x15=00000000  x2:10001768  PA:1000177c
20448027ns          345979 1c00937e 5e078163 beq              x15, x0, 1506       x15:00000000
20448128ns          345984 1c009960 412b0b33 sub              x22, x22, x18       x22=ffffffff x22:00000000 x18:00000001
20448169ns          345986 1c009964 02410413 addi             x8, x2, 36           x8=1000178c  x2:10001768
20448189ns          345987 1c009966 00000493 addi             x9, x0, 0            x9=00000000
20448209ns          345988 1c009968 ee6ff06f jal              x0, -2330          
20448371ns          345996 1c00904e 00812703 lw               x14, 8(x2)          x14=00000000  x2:10001768  PA:10001770
20448452ns          346000 1c009050 02071063 bne              x14, x0, 32         x14:00000000
20448492ns          346002 1c009052 01605f63 bge              x0, x22, 30         x22:ffffffff
20448594ns          346007 1c009070 00412783 lw               x15, 4(x2)          x15=00000000  x2:10001768  PA:1000176c
20448634ns          346009 1c009072 00f40db3 add              x27, x8, x15        x27=1000178c  x8:1000178c x15:00000000
20448654ns          346010 1c009076 00c0006f jal              x0, 12             
20448735ns          346014 1c009082 017005b3 add              x11, x0, x23        x11=00000002 x23:00000002
20448776ns          346016 1c009084 ffb41ae3 bne              x8, x27, -12         x8:1000178c x27:1000178c
20448796ns          346017 1c009088 00900db3 add              x27, x0, x9         x27=00000000  x9:00000000
20448816ns          346018 1c00908a 0080006f jal              x0, 8              
20448917ns          346023 1c009092 fffd8d93 addi             x27, x27, -1        x27=ffffffff x27:00000000
20448938ns          346024 1c009094 017005b3 add              x11, x0, x23        x11=00000002 x23:00000002
20448958ns          346025 1c009096 03000513 addi             x10, x0, 48         x10=00000030
20448978ns          346026 1c00909a fffdb9e3 p.bneimm         x27, -14            x27:ffffffff
20448998ns          346027 1c00909e 00412703 lw               x14, 4(x2)          x14=00000000  x2:10001768  PA:1000176c
20449039ns          346029 1c0090a0 40e90933 sub              x18, x18, x14       x18=00000001 x18:00000001 x14:00000000
20449079ns          346031 1c0090a4 01212423 sw               x18, 8(x2)          x18:00000001  x2:10001768  PA:10001770
20449100ns          346032 1c0090a6 e40a15e3 bne              x20, x0, -438       x20:00000000
20449120ns          346033 1c0090aa 01812783 lw               x15, 24(x2)         x15=00000000  x2:10001768  PA:10001780
20449160ns          346035 1c0090ac 16079763 bne              x15, x0, 366        x15:00000000
20449181ns          346036 1c0090b0 120c8863 beq              x25, x0, 304        x25:00000000
20449282ns          346041 1c0091e0 017005b3 add              x11, x0, x23        x11=00000002 x23:00000002
20449322ns          346043 1c0091e2 ff2049e3 blt              x0, x18, -14        x18:00000001
20449423ns          346048 1c0091d4 0014450b p.lbu            x10, 1(x8!)         x10=00000032  x8=1000178d  x8:1000178c  PA:1000178c
20449464ns          346050 1c0091d8 fff90913 addi             x18, x18, -1        x18=00000000 x18:00000001
20449484ns          346051 1c0091da 000980e7 jalr             x1, x19, 0           x1=1c0091dc x19:1c008d20
20449525ns          346053 1c008d20 f14027f3 csrrs            x15, x0, 0xf14      x15=00000004
20449545ns          346054 1c008d24 1a10f6b7 lui              x13, 0x1a10f000     x13=1a10f000
20449565ns          346055 1c008d28 ca5797b3 p.extractu       x15, x15, 5, 5      x15=00000000 x15:00000004
20449585ns          346056 1c008d2c f1402773 csrrs            x14, x0, 0xf14      x14=00000004
20449646ns          346059 1c008d30 00779793 slli             x15, x15, 0x7       x15=00000000 x15:00000000
20449666ns          346060 1c008d32 00371713 slli             x14, x14, 0x3       x14=00000020 x14:00000004
20449687ns          346061 1c008d34 0ff57513 andi             x10, x10, 255       x10=00000032 x10:00000032
20449707ns          346062 1c008d38 ee873733 p.bclr           x14, x14, 23, 8     x14=00000020 x14:00000020
20449727ns          346063 1c008d3c 00d787b3 add              x15, x15, x13       x15=1a10f000 x15:00000000 x13:1a10f000
20449747ns          346064 1c008d3e 00a767a3 p.sw             x10, x0(x14)        x10:00000032 x14:00000020  PA:1a10f020
20450193ns          346086 1c008d42 00000513 addi             x10, x0, 0          x10=00000000
20450213ns          346087 1c008d44 00008067 jalr             x0, x1, 0            x1:1c0091dc
20450253ns          346089 1c0091dc d5f522e3 p.beqimm         x10, -700           x10:00000000
20450274ns          346090 1c0091e0 017005b3 add              x11, x0, x23        x11=00000002 x23:00000002
20450294ns          346091 1c0091e2 ff2049e3 blt              x0, x18, -14        x18:00000000
20450314ns          346092 1c0091e6 00412783 lw               x15, 4(x2)          x15=00000000  x2:10001768  PA:1000176c
20450334ns          346093 1c0091e8 01c12a03 lw               x20, 28(x2)         x20=10001814  x2:10001768  PA:10001784
20450354ns          346094 1c0091ea 00fa8733 add              x14, x21, x15       x14=0000000b x21:0000000b x15:00000000
20450375ns          346095 1c0091ee 00812783 lw               x15, 8(x2)          x15=00000001  x2:10001768  PA:10001770
20450395ns          346096 1c0091f0 00970733 add              x14, x14, x9        x14=0000000b x14:0000000b  x9:00000000
20450415ns          346097 1c0091f2 00e78ab3 add              x21, x15, x14       x21=0000000c x15:00000001 x14:0000000b
20450435ns          346098 1c0091f6 bf6059e3 bge              x0, x22, -1038      x22:ffffffff
20450597ns          346106 1c008de8 000d4503 lbu              x10, 0(x26)         x10=0000003a x26:1c0009ba  PA:1c0009ba
20450921ns          346122 1c008dec 001d0413 addi             x8, x26, 1           x8=1c0009bb x26:1c0009ba
20450941ns          346123 1c008df0 0c050b63 beq              x10, x0, 214        x10:0000003a
20450962ns          346124 1c008df2 02500793 addi             x15, x0, 37         x15=00000025
20450982ns          346125 1c008df6 fef513e3 bne              x10, x15, -26       x10:0000003a x15:00000025
20451144ns          346133 1c008ddc 017005b3 add              x11, x0, x23        x11=00000002 x23:00000002
20451164ns          346134 1c008dde 000980e7 jalr             x1, x19, 0           x1=1c008de0 x19:1c008d20
20451205ns          346136 1c008d20 f14027f3 csrrs            x15, x0, 0xf14      x15=00000004
20451225ns          346137 1c008d24 1a10f6b7 lui              x13, 0x1a10f000     x13=1a10f000
20451245ns          346138 1c008d28 ca5797b3 p.extractu       x15, x15, 5, 5      x15=00000000 x15:00000004
20451265ns          346139 1c008d2c f1402773 csrrs            x14, x0, 0xf14      x14=00000004
20451286ns          346140 1c008d30 00779793 slli             x15, x15, 0x7       x15=00000000 x15:00000000
20451306ns          346141 1c008d32 00371713 slli             x14, x14, 0x3       x14=00000020 x14:00000004
20451326ns          346142 1c008d34 0ff57513 andi             x10, x10, 255       x10=0000003a x10:0000003a
20451346ns          346143 1c008d38 ee873733 p.bclr           x14, x14, 23, 8     x14=00000020 x14:00000020
20451366ns          346144 1c008d3c 00d787b3 add              x15, x15, x13       x15=1a10f000 x15:00000000 x13:1a10f000
20451387ns          346145 1c008d3e 00a767a3 p.sw             x10, x0(x14)        x10:0000003a x14:00000020  PA:1a10f020
20451711ns          346161 1c008d42 00000513 addi             x10, x0, 0          x10=00000000
20451731ns          346162 1c008d44 00008067 jalr             x0, x1, 0            x1:1c008de0
20451771ns          346164 1c008de0 15f52063 p.beqimm         x10, 320            x10:00000000
20451792ns          346165 1c008de4 001a8a93 addi             x21, x21, 1         x21=0000000d x21:0000000c
20451812ns          346166 1c008de6 00800d33 add              x26, x0, x8         x26=1c0009bb  x8:1c0009bb
20451832ns          346167 1c008de8 000d4503 lbu              x10, 0(x26)         x10=00000020 x26:1c0009bb  PA:1c0009bb
20452136ns          346182 1c008dec 001d0413 addi             x8, x26, 1           x8=1c0009bc x26:1c0009bb
20452156ns          346183 1c008df0 0c050b63 beq              x10, x0, 214        x10:00000020
20452176ns          346184 1c008df2 02500793 addi             x15, x0, 37         x15=00000025
20452196ns          346185 1c008df6 fef513e3 bne              x10, x15, -26       x10:00000020 x15:00000025
20452257ns          346188 1c008ddc 017005b3 add              x11, x0, x23        x11=00000002 x23:00000002
20452277ns          346189 1c008dde 000980e7 jalr             x1, x19, 0           x1=1c008de0 x19:1c008d20
20452318ns          346191 1c008d20 f14027f3 csrrs            x15, x0, 0xf14      x15=00000004
20452338ns          346192 1c008d24 1a10f6b7 lui              x13, 0x1a10f000     x13=1a10f000
20452358ns          346193 1c008d28 ca5797b3 p.extractu       x15, x15, 5, 5      x15=00000000 x15:00000004
20452378ns          346194 1c008d2c f1402773 csrrs            x14, x0, 0xf14      x14=00000004
20452399ns          346195 1c008d30 00779793 slli             x15, x15, 0x7       x15=00000000 x15:00000000
20452419ns          346196 1c008d32 00371713 slli             x14, x14, 0x3       x14=00000020 x14:00000004
20452439ns          346197 1c008d34 0ff57513 andi             x10, x10, 255       x10=00000020 x10:00000020
20452459ns          346198 1c008d38 ee873733 p.bclr           x14, x14, 23, 8     x14=00000020 x14:00000020
20452480ns          346199 1c008d3c 00d787b3 add              x15, x15, x13       x15=1a10f000 x15:00000000 x13:1a10f000
20452500ns          346200 1c008d3e 00a767a3 p.sw             x10, x0(x14)        x10:00000020 x14:00000020  PA:1a10f020
20452844ns          346217 1c008d42 00000513 addi             x10, x0, 0          x10=00000000
20452864ns          346218 1c008d44 00008067 jalr             x0, x1, 0            x1:1c008de0
20452905ns          346220 1c008de0 15f52063 p.beqimm         x10, 320            x10:00000000
20452925ns          346221 1c008de4 001a8a93 addi             x21, x21, 1         x21=0000000e x21:0000000d
20452945ns          346222 1c008de6 00800d33 add              x26, x0, x8         x26=1c0009bc  x8:1c0009bc
20452965ns          346223 1c008de8 000d4503 lbu              x10, 0(x26)         x10=00000054 x26:1c0009bc  PA:1c0009bc
20453269ns          346238 1c008dec 001d0413 addi             x8, x26, 1           x8=1c0009bd x26:1c0009bc
20453289ns          346239 1c008df0 0c050b63 beq              x10, x0, 214        x10:00000054
20453310ns          346240 1c008df2 02500793 addi             x15, x0, 37         x15=00000025
20453330ns          346241 1c008df6 fef513e3 bne              x10, x15, -26       x10:00000054 x15:00000025
20453390ns          346244 1c008ddc 017005b3 add              x11, x0, x23        x11=00000002 x23:00000002
20453411ns          346245 1c008dde 000980e7 jalr             x1, x19, 0           x1=1c008de0 x19:1c008d20
20453451ns          346247 1c008d20 f14027f3 csrrs            x15, x0, 0xf14      x15=00000004
20453471ns          346248 1c008d24 1a10f6b7 lui              x13, 0x1a10f000     x13=1a10f000
20453492ns          346249 1c008d28 ca5797b3 p.extractu       x15, x15, 5, 5      x15=00000000 x15:00000004
20453512ns          346250 1c008d2c f1402773 csrrs            x14, x0, 0xf14      x14=00000004
20453532ns          346251 1c008d30 00779793 slli             x15, x15, 0x7       x15=00000000 x15:00000000
20453552ns          346252 1c008d32 00371713 slli             x14, x14, 0x3       x14=00000020 x14:00000004
20453573ns          346253 1c008d34 0ff57513 andi             x10, x10, 255       x10=00000054 x10:00000054
20453593ns          346254 1c008d38 ee873733 p.bclr           x14, x14, 23, 8     x14=00000020 x14:00000020
20453613ns          346255 1c008d3c 00d787b3 add              x15, x15, x13       x15=1a10f000 x15:00000000 x13:1a10f000
20453633ns          346256 1c008d3e 00a767a3 p.sw             x10, x0(x14)        x10:00000054 x14:00000020  PA:1a10f020
20453957ns          346272 1c008d42 00000513 addi             x10, x0, 0          x10=00000000
20453977ns          346273 1c008d44 00008067 jalr             x0, x1, 0            x1:1c008de0
20454018ns          346275 1c008de0 15f52063 p.beqimm         x10, 320            x10:00000000
20454038ns          346276 1c008de4 001a8a93 addi             x21, x21, 1         x21=0000000f x21:0000000e
20454058ns          346277 1c008de6 00800d33 add              x26, x0, x8         x26=1c0009bd  x8:1c0009bd
20454079ns          346278 1c008de8 000d4503 lbu              x10, 0(x26)         x10=0000006f x26:1c0009bd  PA:1c0009bd
20454382ns          346293 1c008dec 001d0413 addi             x8, x26, 1           x8=1c0009be x26:1c0009bd
20454402ns          346294 1c008df0 0c050b63 beq              x10, x0, 214        x10:0000006f
20454423ns          346295 1c008df2 02500793 addi             x15, x0, 37         x15=00000025
20454443ns          346296 1c008df6 fef513e3 bne              x10, x15, -26       x10:0000006f x15:00000025
20454504ns          346299 1c008ddc 017005b3 add              x11, x0, x23        x11=00000002 x23:00000002
20454524ns          346300 1c008dde 000980e7 jalr             x1, x19, 0           x1=1c008de0 x19:1c008d20
20454564ns          346302 1c008d20 f14027f3 csrrs            x15, x0, 0xf14      x15=00000004
20454585ns          346303 1c008d24 1a10f6b7 lui              x13, 0x1a10f000     x13=1a10f000
20454605ns          346304 1c008d28 ca5797b3 p.extractu       x15, x15, 5, 5      x15=00000000 x15:00000004
20454625ns          346305 1c008d2c f1402773 csrrs            x14, x0, 0xf14      x14=00000004
20454645ns          346306 1c008d30 00779793 slli             x15, x15, 0x7       x15=00000000 x15:00000000
20454666ns          346307 1c008d32 00371713 slli             x14, x14, 0x3       x14=00000020 x14:00000004
20454686ns          346308 1c008d34 0ff57513 andi             x10, x10, 255       x10=0000006f x10:0000006f
20454706ns          346309 1c008d38 ee873733 p.bclr           x14, x14, 23, 8     x14=00000020 x14:00000020
20454726ns          346310 1c008d3c 00d787b3 add              x15, x15, x13       x15=1a10f000 x15:00000000 x13:1a10f000
20454747ns          346311 1c008d3e 00a767a3 p.sw             x10, x0(x14)        x10:0000006f x14:00000020  PA:1a10f020
20455070ns          346327 1c008d42 00000513 addi             x10, x0, 0          x10=00000000
20455091ns          346328 1c008d44 00008067 jalr             x0, x1, 0            x1:1c008de0
20455131ns          346330 1c008de0 15f52063 p.beqimm         x10, 320            x10:00000000
20455151ns          346331 1c008de4 001a8a93 addi             x21, x21, 1         x21=00000010 x21:0000000f
20455172ns          346332 1c008de6 00800d33 add              x26, x0, x8         x26=1c0009be  x8:1c0009be
20455192ns          346333 1c008de8 000d4503 lbu              x10, 0(x26)         x10=00000074 x26:1c0009be  PA:1c0009be
20455495ns          346348 1c008dec 001d0413 addi             x8, x26, 1           x8=1c0009bf x26:1c0009be
20455516ns          346349 1c008df0 0c050b63 beq              x10, x0, 214        x10:00000074
20455536ns          346350 1c008df2 02500793 addi             x15, x0, 37         x15=00000025
20455556ns          346351 1c008df6 fef513e3 bne              x10, x15, -26       x10:00000074 x15:00000025
20455617ns          346354 1c008ddc 017005b3 add              x11, x0, x23        x11=00000002 x23:00000002
20455637ns          346355 1c008dde 000980e7 jalr             x1, x19, 0           x1=1c008de0 x19:1c008d20
20455678ns          346357 1c008d20 f14027f3 csrrs            x15, x0, 0xf14      x15=00000004
20455698ns          346358 1c008d24 1a10f6b7 lui              x13, 0x1a10f000     x13=1a10f000
20455718ns          346359 1c008d28 ca5797b3 p.extractu       x15, x15, 5, 5      x15=00000000 x15:00000004
20455738ns          346360 1c008d2c f1402773 csrrs            x14, x0, 0xf14      x14=00000004
20455759ns          346361 1c008d30 00779793 slli             x15, x15, 0x7       x15=00000000 x15:00000000
20455779ns          346362 1c008d32 00371713 slli             x14, x14, 0x3       x14=00000020 x14:00000004
20455799ns          346363 1c008d34 0ff57513 andi             x10, x10, 255       x10=00000074 x10:00000074
20455819ns          346364 1c008d38 ee873733 p.bclr           x14, x14, 23, 8     x14=00000020 x14:00000020
20455840ns          346365 1c008d3c 00d787b3 add              x15, x15, x13       x15=1a10f000 x15:00000000 x13:1a10f000
20455860ns          346366 1c008d3e 00a767a3 p.sw             x10, x0(x14)        x10:00000074 x14:00000020  PA:1a10f020
20456204ns          346383 1c008d42 00000513 addi             x10, x0, 0          x10=00000000
20456224ns          346384 1c008d44 00008067 jalr             x0, x1, 0            x1:1c008de0
20456265ns          346386 1c008de0 15f52063 p.beqimm         x10, 320            x10:00000000
20456285ns          346387 1c008de4 001a8a93 addi             x21, x21, 1         x21=00000011 x21:00000010
20456305ns          346388 1c008de6 00800d33 add              x26, x0, x8         x26=1c0009bf  x8:1c0009bf
20456325ns          346389 1c008de8 000d4503 lbu              x10, 0(x26)         x10=00000061 x26:1c0009bf  PA:1c0009bf
20456629ns          346404 1c008dec 001d0413 addi             x8, x26, 1           x8=1c0009c0 x26:1c0009bf
20456649ns          346405 1c008df0 0c050b63 beq              x10, x0, 214        x10:00000061
20456669ns          346406 1c008df2 02500793 addi             x15, x0, 37         x15=00000025
20456690ns          346407 1c008df6 fef513e3 bne              x10, x15, -26       x10:00000061 x15:00000025
20456750ns          346410 1c008ddc 017005b3 add              x11, x0, x23        x11=00000002 x23:00000002
20456771ns          346411 1c008dde 000980e7 jalr             x1, x19, 0           x1=1c008de0 x19:1c008d20
20456811ns          346413 1c008d20 f14027f3 csrrs            x15, x0, 0xf14      x15=00000004
20456831ns          346414 1c008d24 1a10f6b7 lui              x13, 0x1a10f000     x13=1a10f000
20456852ns          346415 1c008d28 ca5797b3 p.extractu       x15, x15, 5, 5      x15=00000000 x15:00000004
20456872ns          346416 1c008d2c f1402773 csrrs            x14, x0, 0xf14      x14=00000004
20456892ns          346417 1c008d30 00779793 slli             x15, x15, 0x7       x15=00000000 x15:00000000
20456912ns          346418 1c008d32 00371713 slli             x14, x14, 0x3       x14=00000020 x14:00000004
20456932ns          346419 1c008d34 0ff57513 andi             x10, x10, 255       x10=00000061 x10:00000061
20456953ns          346420 1c008d38 ee873733 p.bclr           x14, x14, 23, 8     x14=00000020 x14:00000020
20456973ns          346421 1c008d3c 00d787b3 add              x15, x15, x13       x15=1a10f000 x15:00000000 x13:1a10f000
20456993ns          346422 1c008d3e 00a767a3 p.sw             x10, x0(x14)        x10:00000061 x14:00000020  PA:1a10f020
20457337ns          346439 1c008d42 00000513 addi             x10, x0, 0          x10=00000000
20457358ns          346440 1c008d44 00008067 jalr             x0, x1, 0            x1:1c008de0
20457398ns          346442 1c008de0 15f52063 p.beqimm         x10, 320            x10:00000000
20457418ns          346443 1c008de4 001a8a93 addi             x21, x21, 1         x21=00000012 x21:00000011
20457438ns          346444 1c008de6 00800d33 add              x26, x0, x8         x26=1c0009c0  x8:1c0009c0
20457459ns          346445 1c008de8 000d4503 lbu              x10, 0(x26)         x10=0000006c x26:1c0009c0  PA:1c0009c0
20457762ns          346460 1c008dec 001d0413 addi             x8, x26, 1           x8=1c0009c1 x26:1c0009c0
20457783ns          346461 1c008df0 0c050b63 beq              x10, x0, 214        x10:0000006c
20457803ns          346462 1c008df2 02500793 addi             x15, x0, 37         x15=00000025
20457823ns          346463 1c008df6 fef513e3 bne              x10, x15, -26       x10:0000006c x15:00000025
20457884ns          346466 1c008ddc 017005b3 add              x11, x0, x23        x11=00000002 x23:00000002
20457904ns          346467 1c008dde 000980e7 jalr             x1, x19, 0           x1=1c008de0 x19:1c008d20
20457944ns          346469 1c008d20 f14027f3 csrrs            x15, x0, 0xf14      x15=00000004
20457965ns          346470 1c008d24 1a10f6b7 lui              x13, 0x1a10f000     x13=1a10f000
20457985ns          346471 1c008d28 ca5797b3 p.extractu       x15, x15, 5, 5      x15=00000000 x15:00000004
20458005ns          346472 1c008d2c f1402773 csrrs            x14, x0, 0xf14      x14=00000004
20458025ns          346473 1c008d30 00779793 slli             x15, x15, 0x7       x15=00000000 x15:00000000
20458046ns          346474 1c008d32 00371713 slli             x14, x14, 0x3       x14=00000020 x14:00000004
20458066ns          346475 1c008d34 0ff57513 andi             x10, x10, 255       x10=0000006c x10:0000006c
20458086ns          346476 1c008d38 ee873733 p.bclr           x14, x14, 23, 8     x14=00000020 x14:00000020
20458106ns          346477 1c008d3c 00d787b3 add              x15, x15, x13       x15=1a10f000 x15:00000000 x13:1a10f000
20458127ns          346478 1c008d3e 00a767a3 p.sw             x10, x0(x14)        x10:0000006c x14:00000020  PA:1a10f020
20458471ns          346495 1c008d42 00000513 addi             x10, x0, 0          x10=00000000
20458491ns          346496 1c008d44 00008067 jalr             x0, x1, 0            x1:1c008de0
20458531ns          346498 1c008de0 15f52063 p.beqimm         x10, 320            x10:00000000
20458552ns          346499 1c008de4 001a8a93 addi             x21, x21, 1         x21=00000013 x21:00000012
20458572ns          346500 1c008de6 00800d33 add              x26, x0, x8         x26=1c0009c1  x8:1c0009c1
20458592ns          346501 1c008de8 000d4503 lbu              x10, 0(x26)         x10=00000020 x26:1c0009c1  PA:1c0009c1
20458896ns          346516 1c008dec 001d0413 addi             x8, x26, 1           x8=1c0009c2 x26:1c0009c1
20458916ns          346517 1c008df0 0c050b63 beq              x10, x0, 214        x10:00000020
20458936ns          346518 1c008df2 02500793 addi             x15, x0, 37         x15=00000025
20458956ns          346519 1c008df6 fef513e3 bne              x10, x15, -26       x10:00000020 x15:00000025
20459017ns          346522 1c008ddc 017005b3 add              x11, x0, x23        x11=00000002 x23:00000002
20459037ns          346523 1c008dde 000980e7 jalr             x1, x19, 0           x1=1c008de0 x19:1c008d20
20459078ns          346525 1c008d20 f14027f3 csrrs            x15, x0, 0xf14      x15=00000004
20459098ns          346526 1c008d24 1a10f6b7 lui              x13, 0x1a10f000     x13=1a10f000
20459118ns          346527 1c008d28 ca5797b3 p.extractu       x15, x15, 5, 5      x15=00000000 x15:00000004
20459139ns          346528 1c008d2c f1402773 csrrs            x14, x0, 0xf14      x14=00000004
20459159ns          346529 1c008d30 00779793 slli             x15, x15, 0x7       x15=00000000 x15:00000000
20459179ns          346530 1c008d32 00371713 slli             x14, x14, 0x3       x14=00000020 x14:00000004
20459199ns          346531 1c008d34 0ff57513 andi             x10, x10, 255       x10=00000020 x10:00000020
20459220ns          346532 1c008d38 ee873733 p.bclr           x14, x14, 23, 8     x14=00000020 x14:00000020
20459240ns          346533 1c008d3c 00d787b3 add              x15, x15, x13       x15=1a10f000 x15:00000000 x13:1a10f000
20459260ns          346534 1c008d3e 00a767a3 p.sw             x10, x0(x14)        x10:00000020 x14:00000020  PA:1a10f020
20459604ns          346551 1c008d42 00000513 addi             x10, x0, 0          x10=00000000
20459624ns          346552 1c008d44 00008067 jalr             x0, x1, 0            x1:1c008de0
20459665ns          346554 1c008de0 15f52063 p.beqimm         x10, 320            x10:00000000
20459685ns          346555 1c008de4 001a8a93 addi             x21, x21, 1         x21=00000014 x21:00000013
20459705ns          346556 1c008de6 00800d33 add              x26, x0, x8         x26=1c0009c2  x8:1c0009c2
20459726ns          346557 1c008de8 000d4503 lbu              x10, 0(x26)         x10=00000065 x26:1c0009c2  PA:1c0009c2
20460029ns          346572 1c008dec 001d0413 addi             x8, x26, 1           x8=1c0009c3 x26:1c0009c2
20460049ns          346573 1c008df0 0c050b63 beq              x10, x0, 214        x10:00000065
20460070ns          346574 1c008df2 02500793 addi             x15, x0, 37         x15=00000025
20460090ns          346575 1c008df6 fef513e3 bne              x10, x15, -26       x10:00000065 x15:00000025
20460151ns          346578 1c008ddc 017005b3 add              x11, x0, x23        x11=00000002 x23:00000002
20460171ns          346579 1c008dde 000980e7 jalr             x1, x19, 0           x1=1c008de0 x19:1c008d20
20460211ns          346581 1c008d20 f14027f3 csrrs            x15, x0, 0xf14      x15=00000004
20460232ns          346582 1c008d24 1a10f6b7 lui              x13, 0x1a10f000     x13=1a10f000
20460252ns          346583 1c008d28 ca5797b3 p.extractu       x15, x15, 5, 5      x15=00000000 x15:00000004
20460272ns          346584 1c008d2c f1402773 csrrs            x14, x0, 0xf14      x14=00000004
20460292ns          346585 1c008d30 00779793 slli             x15, x15, 0x7       x15=00000000 x15:00000000
20460313ns          346586 1c008d32 00371713 slli             x14, x14, 0x3       x14=00000020 x14:00000004
20460333ns          346587 1c008d34 0ff57513 andi             x10, x10, 255       x10=00000065 x10:00000065
20460353ns          346588 1c008d38 ee873733 p.bclr           x14, x14, 23, 8     x14=00000020 x14:00000020
20460373ns          346589 1c008d3c 00d787b3 add              x15, x15, x13       x15=1a10f000 x15:00000000 x13:1a10f000
20460394ns          346590 1c008d3e 00a767a3 p.sw             x10, x0(x14)        x10:00000065 x14:00000020  PA:1a10f020
20460738ns          346607 1c008d42 00000513 addi             x10, x0, 0          x10=00000000
20460758ns          346608 1c008d44 00008067 jalr             x0, x1, 0            x1:1c008de0
20460798ns          346610 1c008de0 15f52063 p.beqimm         x10, 320            x10:00000000
20460819ns          346611 1c008de4 001a8a93 addi             x21, x21, 1         x21=00000015 x21:00000014
20460839ns          346612 1c008de6 00800d33 add              x26, x0, x8         x26=1c0009c3  x8:1c0009c3
20460859ns          346613 1c008de8 000d4503 lbu              x10, 0(x26)         x10=00000072 x26:1c0009c3  PA:1c0009c3
20461163ns          346628 1c008dec 001d0413 addi             x8, x26, 1           x8=1c0009c4 x26:1c0009c3
20461183ns          346629 1c008df0 0c050b63 beq              x10, x0, 214        x10:00000072
20461203ns          346630 1c008df2 02500793 addi             x15, x0, 37         x15=00000025
20461223ns          346631 1c008df6 fef513e3 bne              x10, x15, -26       x10:00000072 x15:00000025
20461284ns          346634 1c008ddc 017005b3 add              x11, x0, x23        x11=00000002 x23:00000002
20461304ns          346635 1c008dde 000980e7 jalr             x1, x19, 0           x1=1c008de0 x19:1c008d20
20461345ns          346637 1c008d20 f14027f3 csrrs            x15, x0, 0xf14      x15=00000004
20461365ns          346638 1c008d24 1a10f6b7 lui              x13, 0x1a10f000     x13=1a10f000
20461385ns          346639 1c008d28 ca5797b3 p.extractu       x15, x15, 5, 5      x15=00000000 x15:00000004
20461406ns          346640 1c008d2c f1402773 csrrs            x14, x0, 0xf14      x14=00000004
20461426ns          346641 1c008d30 00779793 slli             x15, x15, 0x7       x15=00000000 x15:00000000
20461446ns          346642 1c008d32 00371713 slli             x14, x14, 0x3       x14=00000020 x14:00000004
20461466ns          346643 1c008d34 0ff57513 andi             x10, x10, 255       x10=00000072 x10:00000072
20461486ns          346644 1c008d38 ee873733 p.bclr           x14, x14, 23, 8     x14=00000020 x14:00000020
20461507ns          346645 1c008d3c 00d787b3 add              x15, x15, x13       x15=1a10f000 x15:00000000 x13:1a10f000
20461527ns          346646 1c008d3e 00a767a3 p.sw             x10, x0(x14)        x10:00000072 x14:00000020  PA:1a10f020
20461871ns          346663 1c008d42 00000513 addi             x10, x0, 0          x10=00000000
20461891ns          346664 1c008d44 00008067 jalr             x0, x1, 0            x1:1c008de0
20461932ns          346666 1c008de0 15f52063 p.beqimm         x10, 320            x10:00000000
20461952ns          346667 1c008de4 001a8a93 addi             x21, x21, 1         x21=00000016 x21:00000015
20461972ns          346668 1c008de6 00800d33 add              x26, x0, x8         x26=1c0009c4  x8:1c0009c4
20461992ns          346669 1c008de8 000d4503 lbu              x10, 0(x26)         x10=00000072 x26:1c0009c4  PA:1c0009c4
20462296ns          346684 1c008dec 001d0413 addi             x8, x26, 1           x8=1c0009c5 x26:1c0009c4
20462316ns          346685 1c008df0 0c050b63 beq              x10, x0, 214        x10:00000072
20462337ns          346686 1c008df2 02500793 addi             x15, x0, 37         x15=00000025
20462357ns          346687 1c008df6 fef513e3 bne              x10, x15, -26       x10:00000072 x15:00000025
20462418ns          346690 1c008ddc 017005b3 add              x11, x0, x23        x11=00000002 x23:00000002
20462438ns          346691 1c008dde 000980e7 jalr             x1, x19, 0           x1=1c008de0 x19:1c008d20
20462478ns          346693 1c008d20 f14027f3 csrrs            x15, x0, 0xf14      x15=00000004
20462498ns          346694 1c008d24 1a10f6b7 lui              x13, 0x1a10f000     x13=1a10f000
20462519ns          346695 1c008d28 ca5797b3 p.extractu       x15, x15, 5, 5      x15=00000000 x15:00000004
20462539ns          346696 1c008d2c f1402773 csrrs            x14, x0, 0xf14      x14=00000004
20462559ns          346697 1c008d30 00779793 slli             x15, x15, 0x7       x15=00000000 x15:00000000
20462579ns          346698 1c008d32 00371713 slli             x14, x14, 0x3       x14=00000020 x14:00000004
20462600ns          346699 1c008d34 0ff57513 andi             x10, x10, 255       x10=00000072 x10:00000072
20462620ns          346700 1c008d38 ee873733 p.bclr           x14, x14, 23, 8     x14=00000020 x14:00000020
20462640ns          346701 1c008d3c 00d787b3 add              x15, x15, x13       x15=1a10f000 x15:00000000 x13:1a10f000
20462660ns          346702 1c008d3e 00a767a3 p.sw             x10, x0(x14)        x10:00000072 x14:00000020  PA:1a10f020
20463004ns          346719 1c008d42 00000513 addi             x10, x0, 0          x10=00000000
20463025ns          346720 1c008d44 00008067 jalr             x0, x1, 0            x1:1c008de0
20463065ns          346722 1c008de0 15f52063 p.beqimm         x10, 320            x10:00000000
20463085ns          346723 1c008de4 001a8a93 addi             x21, x21, 1         x21=00000017 x21:00000016
20463106ns          346724 1c008de6 00800d33 add              x26, x0, x8         x26=1c0009c5  x8:1c0009c5
20463126ns          346725 1c008de8 000d4503 lbu              x10, 0(x26)         x10=0000006f x26:1c0009c5  PA:1c0009c5
20463430ns          346740 1c008dec 001d0413 addi             x8, x26, 1           x8=1c0009c6 x26:1c0009c5
20463450ns          346741 1c008df0 0c050b63 beq              x10, x0, 214        x10:0000006f
20463470ns          346742 1c008df2 02500793 addi             x15, x0, 37         x15=00000025
20463490ns          346743 1c008df6 fef513e3 bne              x10, x15, -26       x10:0000006f x15:00000025
20463551ns          346746 1c008ddc 017005b3 add              x11, x0, x23        x11=00000002 x23:00000002
20463571ns          346747 1c008dde 000980e7 jalr             x1, x19, 0           x1=1c008de0 x19:1c008d20
20463612ns          346749 1c008d20 f14027f3 csrrs            x15, x0, 0xf14      x15=00000004
20463632ns          346750 1c008d24 1a10f6b7 lui              x13, 0x1a10f000     x13=1a10f000
20463652ns          346751 1c008d28 ca5797b3 p.extractu       x15, x15, 5, 5      x15=00000000 x15:00000004
20463672ns          346752 1c008d2c f1402773 csrrs            x14, x0, 0xf14      x14=00000004
20463693ns          346753 1c008d30 00779793 slli             x15, x15, 0x7       x15=00000000 x15:00000000
20463713ns          346754 1c008d32 00371713 slli             x14, x14, 0x3       x14=00000020 x14:00000004
20463733ns          346755 1c008d34 0ff57513 andi             x10, x10, 255       x10=0000006f x10:0000006f
20463753ns          346756 1c008d38 ee873733 p.bclr           x14, x14, 23, 8     x14=00000020 x14:00000020
20463774ns          346757 1c008d3c 00d787b3 add              x15, x15, x13       x15=1a10f000 x15:00000000 x13:1a10f000
20463794ns          346758 1c008d3e 00a767a3 p.sw             x10, x0(x14)        x10:0000006f x14:00000020  PA:1a10f020
20464138ns          346775 1c008d42 00000513 addi             x10, x0, 0          x10=00000000
20464158ns          346776 1c008d44 00008067 jalr             x0, x1, 0            x1:1c008de0
20464199ns          346778 1c008de0 15f52063 p.beqimm         x10, 320            x10:00000000
20464219ns          346779 1c008de4 001a8a93 addi             x21, x21, 1         x21=00000018 x21:00000017
20464239ns          346780 1c008de6 00800d33 add              x26, x0, x8         x26=1c0009c6  x8:1c0009c6
20464259ns          346781 1c008de8 000d4503 lbu              x10, 0(x26)         x10=00000072 x26:1c0009c6  PA:1c0009c6
20464563ns          346796 1c008dec 001d0413 addi             x8, x26, 1           x8=1c0009c7 x26:1c0009c6
20464583ns          346797 1c008df0 0c050b63 beq              x10, x0, 214        x10:00000072
20464603ns          346798 1c008df2 02500793 addi             x15, x0, 37         x15=00000025
20464624ns          346799 1c008df6 fef513e3 bne              x10, x15, -26       x10:00000072 x15:00000025
20464684ns          346802 1c008ddc 017005b3 add              x11, x0, x23        x11=00000002 x23:00000002
20464705ns          346803 1c008dde 000980e7 jalr             x1, x19, 0           x1=1c008de0 x19:1c008d20
20464745ns          346805 1c008d20 f14027f3 csrrs            x15, x0, 0xf14      x15=00000004
20464765ns          346806 1c008d24 1a10f6b7 lui              x13, 0x1a10f000     x13=1a10f000
20464786ns          346807 1c008d28 ca5797b3 p.extractu       x15, x15, 5, 5      x15=00000000 x15:00000004
20464806ns          346808 1c008d2c f1402773 csrrs            x14, x0, 0xf14      x14=00000004
20464826ns          346809 1c008d30 00779793 slli             x15, x15, 0x7       x15=00000000 x15:00000000
20464846ns          346810 1c008d32 00371713 slli             x14, x14, 0x3       x14=00000020 x14:00000004
20464867ns          346811 1c008d34 0ff57513 andi             x10, x10, 255       x10=00000072 x10:00000072
20464887ns          346812 1c008d38 ee873733 p.bclr           x14, x14, 23, 8     x14=00000020 x14:00000020
20464907ns          346813 1c008d3c 00d787b3 add              x15, x15, x13       x15=1a10f000 x15:00000000 x13:1a10f000
20464927ns          346814 1c008d3e 00a767a3 p.sw             x10, x0(x14)        x10:00000072 x14:00000020  PA:1a10f020
20465271ns          346831 1c008d42 00000513 addi             x10, x0, 0          x10=00000000
20465292ns          346832 1c008d44 00008067 jalr             x0, x1, 0            x1:1c008de0
20465332ns          346834 1c008de0 15f52063 p.beqimm         x10, 320            x10:00000000
20465352ns          346835 1c008de4 001a8a93 addi             x21, x21, 1         x21=00000019 x21:00000018
20465373ns          346836 1c008de6 00800d33 add              x26, x0, x8         x26=1c0009c7  x8:1c0009c7
20465393ns          346837 1c008de8 000d4503 lbu              x10, 0(x26)         x10=00000073 x26:1c0009c7  PA:1c0009c7
20465696ns          346852 1c008dec 001d0413 addi             x8, x26, 1           x8=1c0009c8 x26:1c0009c7
20465717ns          346853 1c008df0 0c050b63 beq              x10, x0, 214        x10:00000073
20465737ns          346854 1c008df2 02500793 addi             x15, x0, 37         x15=00000025
20465757ns          346855 1c008df6 fef513e3 bne              x10, x15, -26       x10:00000073 x15:00000025
20465818ns          346858 1c008ddc 017005b3 add              x11, x0, x23        x11=00000002 x23:00000002
20465838ns          346859 1c008dde 000980e7 jalr             x1, x19, 0           x1=1c008de0 x19:1c008d20
20465879ns          346861 1c008d20 f14027f3 csrrs            x15, x0, 0xf14      x15=00000004
20465899ns          346862 1c008d24 1a10f6b7 lui              x13, 0x1a10f000     x13=1a10f000
20465919ns          346863 1c008d28 ca5797b3 p.extractu       x15, x15, 5, 5      x15=00000000 x15:00000004
20465939ns          346864 1c008d2c f1402773 csrrs            x14, x0, 0xf14      x14=00000004
20465960ns          346865 1c008d30 00779793 slli             x15, x15, 0x7       x15=00000000 x15:00000000
20465980ns          346866 1c008d32 00371713 slli             x14, x14, 0x3       x14=00000020 x14:00000004
20466000ns          346867 1c008d34 0ff57513 andi             x10, x10, 255       x10=00000073 x10:00000073
20466020ns          346868 1c008d38 ee873733 p.bclr           x14, x14, 23, 8     x14=00000020 x14:00000020
20466040ns          346869 1c008d3c 00d787b3 add              x15, x15, x13       x15=1a10f000 x15:00000000 x13:1a10f000
20466061ns          346870 1c008d3e 00a767a3 p.sw             x10, x0(x14)        x10:00000073 x14:00000020  PA:1a10f020
20466405ns          346887 1c008d42 00000513 addi             x10, x0, 0          x10=00000000
20466425ns          346888 1c008d44 00008067 jalr             x0, x1, 0            x1:1c008de0
20466466ns          346890 1c008de0 15f52063 p.beqimm         x10, 320            x10:00000000
20466486ns          346891 1c008de4 001a8a93 addi             x21, x21, 1         x21=0000001a x21:00000019
20466506ns          346892 1c008de6 00800d33 add              x26, x0, x8         x26=1c0009c8  x8:1c0009c8
20466526ns          346893 1c008de8 000d4503 lbu              x10, 0(x26)         x10=00000020 x26:1c0009c8  PA:1c0009c8
20466830ns          346908 1c008dec 001d0413 addi             x8, x26, 1           x8=1c0009c9 x26:1c0009c8
20466850ns          346909 1c008df0 0c050b63 beq              x10, x0, 214        x10:00000020
20466870ns          346910 1c008df2 02500793 addi             x15, x0, 37         x15=00000025
20466891ns          346911 1c008df6 fef513e3 bne              x10, x15, -26       x10:00000020 x15:00000025
20466951ns          346914 1c008ddc 017005b3 add              x11, x0, x23        x11=00000002 x23:00000002
20466972ns          346915 1c008dde 000980e7 jalr             x1, x19, 0           x1=1c008de0 x19:1c008d20
20467012ns          346917 1c008d20 f14027f3 csrrs            x15, x0, 0xf14      x15=00000004
20467032ns          346918 1c008d24 1a10f6b7 lui              x13, 0x1a10f000     x13=1a10f000
20467052ns          346919 1c008d28 ca5797b3 p.extractu       x15, x15, 5, 5      x15=00000000 x15:00000004
20467073ns          346920 1c008d2c f1402773 csrrs            x14, x0, 0xf14      x14=00000004
20467093ns          346921 1c008d30 00779793 slli             x15, x15, 0x7       x15=00000000 x15:00000000
20467113ns          346922 1c008d32 00371713 slli             x14, x14, 0x3       x14=00000020 x14:00000004
20467133ns          346923 1c008d34 0ff57513 andi             x10, x10, 255       x10=00000020 x10:00000020
20467154ns          346924 1c008d38 ee873733 p.bclr           x14, x14, 23, 8     x14=00000020 x14:00000020
20467174ns          346925 1c008d3c 00d787b3 add              x15, x15, x13       x15=1a10f000 x15:00000000 x13:1a10f000
20467194ns          346926 1c008d3e 00a767a3 p.sw             x10, x0(x14)        x10:00000020 x14:00000020  PA:1a10f020
20467538ns          346943 1c008d42 00000513 addi             x10, x0, 0          x10=00000000
20467558ns          346944 1c008d44 00008067 jalr             x0, x1, 0            x1:1c008de0
20467599ns          346946 1c008de0 15f52063 p.beqimm         x10, 320            x10:00000000
20467619ns          346947 1c008de4 001a8a93 addi             x21, x21, 1         x21=0000001b x21:0000001a
20467639ns          346948 1c008de6 00800d33 add              x26, x0, x8         x26=1c0009c9  x8:1c0009c9
20467660ns          346949 1c008de8 000d4503 lbu              x10, 0(x26)         x10=0000003d x26:1c0009c9  PA:1c0009c9
20467963ns          346964 1c008dec 001d0413 addi             x8, x26, 1           x8=1c0009ca x26:1c0009c9
20467984ns          346965 1c008df0 0c050b63 beq              x10, x0, 214        x10:0000003d
20468004ns          346966 1c008df2 02500793 addi             x15, x0, 37         x15=00000025
20468024ns          346967 1c008df6 fef513e3 bne              x10, x15, -26       x10:0000003d x15:00000025
20468085ns          346970 1c008ddc 017005b3 add              x11, x0, x23        x11=00000002 x23:00000002
20468105ns          346971 1c008dde 000980e7 jalr             x1, x19, 0           x1=1c008de0 x19:1c008d20
20468145ns          346973 1c008d20 f14027f3 csrrs            x15, x0, 0xf14      x15=00000004
20468166ns          346974 1c008d24 1a10f6b7 lui              x13, 0x1a10f000     x13=1a10f000
20468186ns          346975 1c008d28 ca5797b3 p.extractu       x15, x15, 5, 5      x15=00000000 x15:00000004
20468206ns          346976 1c008d2c f1402773 csrrs            x14, x0, 0xf14      x14=00000004
20468226ns          346977 1c008d30 00779793 slli             x15, x15, 0x7       x15=00000000 x15:00000000
20468247ns          346978 1c008d32 00371713 slli             x14, x14, 0x3       x14=00000020 x14:00000004
20468267ns          346979 1c008d34 0ff57513 andi             x10, x10, 255       x10=0000003d x10:0000003d
20468287ns          346980 1c008d38 ee873733 p.bclr           x14, x14, 23, 8     x14=00000020 x14:00000020
20468307ns          346981 1c008d3c 00d787b3 add              x15, x15, x13       x15=1a10f000 x15:00000000 x13:1a10f000
20468328ns          346982 1c008d3e 00a767a3 p.sw             x10, x0(x14)        x10:0000003d x14:00000020  PA:1a10f020
20468672ns          346999 1c008d42 00000513 addi             x10, x0, 0          x10=00000000
20468692ns          347000 1c008d44 00008067 jalr             x0, x1, 0            x1:1c008de0
20468732ns          347002 1c008de0 15f52063 p.beqimm         x10, 320            x10:00000000
20468753ns          347003 1c008de4 001a8a93 addi             x21, x21, 1         x21=0000001c x21:0000001b
20468773ns          347004 1c008de6 00800d33 add              x26, x0, x8         x26=1c0009ca  x8:1c0009ca
20468793ns          347005 1c008de8 000d4503 lbu              x10, 0(x26)         x10=00000020 x26:1c0009ca  PA:1c0009ca
20469097ns          347020 1c008dec 001d0413 addi             x8, x26, 1           x8=1c0009cb x26:1c0009ca
20469117ns          347021 1c008df0 0c050b63 beq              x10, x0, 214        x10:00000020
20469137ns          347022 1c008df2 02500793 addi             x15, x0, 37         x15=00000025
20469157ns          347023 1c008df6 fef513e3 bne              x10, x15, -26       x10:00000020 x15:00000025
20469218ns          347026 1c008ddc 017005b3 add              x11, x0, x23        x11=00000002 x23:00000002
20469238ns          347027 1c008dde 000980e7 jalr             x1, x19, 0           x1=1c008de0 x19:1c008d20
20469279ns          347029 1c008d20 f14027f3 csrrs            x15, x0, 0xf14      x15=00000004
20469299ns          347030 1c008d24 1a10f6b7 lui              x13, 0x1a10f000     x13=1a10f000
20469319ns          347031 1c008d28 ca5797b3 p.extractu       x15, x15, 5, 5      x15=00000000 x15:00000004
20469340ns          347032 1c008d2c f1402773 csrrs            x14, x0, 0xf14      x14=00000004
20469360ns          347033 1c008d30 00779793 slli             x15, x15, 0x7       x15=00000000 x15:00000000
20469380ns          347034 1c008d32 00371713 slli             x14, x14, 0x3       x14=00000020 x14:00000004
20469400ns          347035 1c008d34 0ff57513 andi             x10, x10, 255       x10=00000020 x10:00000020
20469421ns          347036 1c008d38 ee873733 p.bclr           x14, x14, 23, 8     x14=00000020 x14:00000020
20469441ns          347037 1c008d3c 00d787b3 add              x15, x15, x13       x15=1a10f000 x15:00000000 x13:1a10f000
20469461ns          347038 1c008d3e 00a767a3 p.sw             x10, x0(x14)        x10:00000020 x14:00000020  PA:1a10f020
20469785ns          347054 1c008d42 00000513 addi             x10, x0, 0          x10=00000000
20469805ns          347055 1c008d44 00008067 jalr             x0, x1, 0            x1:1c008de0
20469846ns          347057 1c008de0 15f52063 p.beqimm         x10, 320            x10:00000000
20469866ns          347058 1c008de4 001a8a93 addi             x21, x21, 1         x21=0000001d x21:0000001c
20469886ns          347059 1c008de6 00800d33 add              x26, x0, x8         x26=1c0009cb  x8:1c0009cb
20469906ns          347060 1c008de8 000d4503 lbu              x10, 0(x26)         x10=00000025 x26:1c0009cb  PA:1c0009cb
20470210ns          347075 1c008dec 001d0413 addi             x8, x26, 1           x8=1c0009cc x26:1c0009cb
20470230ns          347076 1c008df0 0c050b63 beq              x10, x0, 214        x10:00000025
20470250ns          347077 1c008df2 02500793 addi             x15, x0, 37         x15=00000025
20470271ns          347078 1c008df6 fef513e3 bne              x10, x15, -26       x10:00000025 x15:00000025
20470291ns          347079 1c008dfa 00012a23 sw               x0, 20(x2)           x2:10001768  PA:1000177c
20470311ns          347080 1c008dfc 00012823 sw               x0, 16(x2)           x2:10001768  PA:10001778
20470331ns          347081 1c008dfe 00012623 sw               x0, 12(x2)           x2:10001768  PA:10001774
20470352ns          347082 1c008e00 00012423 sw               x0, 8(x2)            x2:10001768  PA:10001770
20470372ns          347083 1c008e02 00012223 sw               x0, 4(x2)            x2:10001768  PA:1000176c
20470392ns          347084 1c008e04 02300493 addi             x9, x0, 35           x9=00000023
20470412ns          347085 1c008e08 02d00b13 addi             x22, x0, 45         x22=0000002d
20470433ns          347086 1c008e0c 00044c83 lbu              x25, 0(x8)          x25=00000064  x8:1c0009cc  PA:1c0009cc
20470756ns          347102 1c008e10 00140913 addi             x18, x8, 1          x18=1c0009cd  x8:1c0009cc
20470777ns          347103 1c008e14 019005b3 add              x11, x0, x25        x11=00000064 x25:00000064
20470797ns          347104 1c008e16 9d0c0513 addi             x10, x24, -1584     x10=1c0009d0 x24:1c001000
20470817ns          347105 1c008e1a 01200d33 add              x26, x0, x18        x26=1c0009cd x18:1c0009cd
20470837ns          347106 1c008e1c 01900db3 add              x27, x0, x25        x27=00000064 x25:00000064
20470858ns          347107 1c008e1e e89ff0ef jal              x1, -376             x1=1c008e20
20471020ns          347115 1c008ca6 00054783 lbu              x15, 0(x10)         x15=0000002d x10:1c0009d0  PA:1c0009d0
20471323ns          347130 1c008caa 0ff5f593 andi             x11, x11, 255       x11=00000064 x11:00000064
20471343ns          347131 1c008cae 00b78c63 beq              x15, x11, 24        x15:0000002d x11:00000064
20471364ns          347132 1c008cb2 00078b63 beq              x15, x0, 22         x15:0000002d
20471384ns          347133 1c008cb4 00150793 addi             x15, x10, 1         x15=1c0009d1 x10:1c0009d0
20471404ns          347134 1c008cb8 0040006f jal              x0, 4              
20471505ns          347139 1c008cbc 00f00533 add              x10, x0, x15        x10=1c0009d1 x15:1c0009d1
20471526ns          347140 1c008cbe 0017c70b p.lbu            x14, 1(x15!)        x14=0000002b x15=1c0009d2 x15:1c0009d1  PA:1c0009d1
20471849ns          347156 1c008cc2 feb71ce3 bne              x14, x11, -8        x14:0000002b x11:00000064
20471910ns          347159 1c008cba 00070763 beq              x14, x0, 14         x14:0000002b
20471930ns          347160 1c008cbc 00f00533 add              x10, x0, x15        x10=1c0009d2 x15:1c0009d2
20471951ns          347161 1c008cbe 0017c70b p.lbu            x14, 1(x15!)        x14=00000020 x15=1c0009d3 x15:1c0009d2  PA:1c0009d2
20472274ns          347177 1c008cc2 feb71ce3 bne              x14, x11, -8        x14:00000020 x11:00000064
20472335ns          347180 1c008cba 00070763 beq              x14, x0, 14         x14:00000020
20472355ns          347181 1c008cbc 00f00533 add              x10, x0, x15        x10=1c0009d3 x15:1c0009d3
20472376ns          347182 1c008cbe 0017c70b p.lbu            x14, 1(x15!)        x14=00000023 x15=1c0009d4 x15:1c0009d3  PA:1c0009d3
20472699ns          347198 1c008cc2 feb71ce3 bne              x14, x11, -8        x14:00000023 x11:00000064
20472760ns          347201 1c008cba 00070763 beq              x14, x0, 14         x14:00000023
20472780ns          347202 1c008cbc 00f00533 add              x10, x0, x15        x10=1c0009d4 x15:1c0009d4
20472801ns          347203 1c008cbe 0017c70b p.lbu            x14, 1(x15!)        x14=00000030 x15=1c0009d5 x15:1c0009d4  PA:1c0009d4
20473124ns          347219 1c008cc2 feb71ce3 bne              x14, x11, -8        x14:00000030 x11:00000064
20473185ns          347222 1c008cba 00070763 beq              x14, x0, 14         x14:00000030
20473205ns          347223 1c008cbc 00f00533 add              x10, x0, x15        x10=1c0009d5 x15:1c0009d5
20473226ns          347224 1c008cbe 0017c70b p.lbu            x14, 1(x15!)        x14=00000000 x15=1c0009d6 x15:1c0009d5  PA:1c0009d5
20473550ns          347240 1c008cc2 feb71ce3 bne              x14, x11, -8        x14:00000000 x11:00000064
20473610ns          347243 1c008cba 00070763 beq              x14, x0, 14         x14:00000000
20473671ns          347246 1c008cc8 0015b593 sltiu            x11, x11, 1         x11=00000000 x11:00000064
20473691ns          347247 1c008ccc 40b005b3 sub              x11, x0, x11        x11=00000000 x11:00000000
20473711ns          347248 1c008cd0 00b57533 and              x10, x10, x11       x10=00000000 x10:1c0009d5 x11:00000000
20473732ns          347249 1c008cd2 00008067 jalr             x0, x1, 0            x1:1c008e20
20473813ns          347253 1c008e20 02050b63 beq              x10, x0, 54         x10:00000000
20473894ns          347257 1c008e56 02a00693 addi             x13, x0, 42         x13=0000002a
20473914ns          347258 1c008e5a 2edc8263 beq              x25, x13, 740       x25:00000064 x13:0000002a
20473975ns          347261 1c008e5e fd0c8693 addi             x13, x25, -48       x13=00000034 x25:00000064
20473995ns          347262 1c008e62 00900593 addi             x11, x0, 9          x11=00000009
20474015ns          347263 1c008e64 00000b13 addi             x22, x0, 0          x22=00000000
20474035ns          347264 1c008e66 0cd5fd63 bgeu             x11, x13, 218       x11:00000009 x13:00000034
20474056ns          347265 1c008e6a 02e00793 addi             x15, x0, 46         x15=0000002e
20474116ns          347268 1c008e6e 28fd8663 beq              x27, x15, 652       x27:00000064 x15:0000002e
20474136ns          347269 1c008e72 01b00433 add              x8, x0, x27          x8=00000064 x27:00000064
20474157ns          347270 1c008e74 fff00493 addi             x9, x0, -1           x9=ffffffff
20474177ns          347271 1c008e76 1c001737 lui              x14, 0x1c001000     x14=1c001000
20474197ns          347272 1c008e7a 01b005b3 add              x11, x0, x27        x11=00000064 x27:00000064
20474217ns          347273 1c008e7c 9d870513 addi             x10, x14, -1576     x10=1c0009d8 x14:1c001000
20474258ns          347275 1c008e80 e27ff0ef jal              x1, -474             x1=1c008e82
20474319ns          347278 1c008ca6 00054783 lbu              x15, 0(x10)         x15=00000068 x10:1c0009d8  PA:1c0009d8
20474622ns          347293 1c008caa 0ff5f593 andi             x11, x11, 255       x11=00000064 x11:00000064
20474642ns          347294 1c008cae 00b78c63 beq              x15, x11, 24        x15:00000068 x11:00000064
20474663ns          347295 1c008cb2 00078b63 beq              x15, x0, 22         x15:00000068
20474683ns          347296 1c008cb4 00150793 addi             x15, x10, 1         x15=1c0009d9 x10:1c0009d8
20474703ns          347297 1c008cb8 0040006f jal              x0, 4              
20474744ns          347299 1c008cbc 00f00533 add              x10, x0, x15        x10=1c0009d9 x15:1c0009d9
20474764ns          347300 1c008cbe 0017c70b p.lbu            x14, 1(x15!)        x14=0000006c x15=1c0009da x15:1c0009d9  PA:1c0009d9
20475088ns          347316 1c008cc2 feb71ce3 bne              x14, x11, -8        x14:0000006c x11:00000064
20475148ns          347319 1c008cba 00070763 beq              x14, x0, 14         x14:0000006c
20475169ns          347320 1c008cbc 00f00533 add              x10, x0, x15        x10=1c0009da x15:1c0009da
20475189ns          347321 1c008cbe 0017c70b p.lbu            x14, 1(x15!)        x14=0000007a x15=1c0009db x15:1c0009da  PA:1c0009da
20475513ns          347337 1c008cc2 feb71ce3 bne              x14, x11, -8        x14:0000007a x11:00000064
20475574ns          347340 1c008cba 00070763 beq              x14, x0, 14         x14:0000007a
20475594ns          347341 1c008cbc 00f00533 add              x10, x0, x15        x10=1c0009db x15:1c0009db
20475614ns          347342 1c008cbe 0017c70b p.lbu            x14, 1(x15!)        x14=00000000 x15=1c0009dc x15:1c0009db  PA:1c0009db
20475938ns          347358 1c008cc2 feb71ce3 bne              x14, x11, -8        x14:00000000 x11:00000064
20475999ns          347361 1c008cba 00070763 beq              x14, x0, 14         x14:00000000
20476059ns          347364 1c008cc8 0015b593 sltiu            x11, x11, 1         x11=00000000 x11:00000064
20476080ns          347365 1c008ccc 40b005b3 sub              x11, x0, x11        x11=00000000 x11:00000000
20476100ns          347366 1c008cd0 00b57533 and              x10, x10, x11       x10=00000000 x10:1c0009db x11:00000000
20476120ns          347367 1c008cd2 00008067 jalr             x0, x1, 0            x1:1c008e82
20476160ns          347369 1c008e82 00000793 addi             x15, x0, 0          x15=00000000
20476181ns          347370 1c008e84 00050f63 beq              x10, x0, 30         x10:00000000
20476322ns          347377 1c008ea2 06700693 addi             x13, x0, 103        x13=00000067
20476343ns          347378 1c008ea6 0bb6ee63 bltu             x13, x27, 188       x13:00000067 x27:00000064
20476363ns          347379 1c008eaa 06500693 addi             x13, x0, 101        x13=00000065
20476424ns          347382 1c008eae 3addf2e3 bgeu             x27, x13, 2980      x27:00000064 x13:00000065
20476464ns          347384 1c008eb2 04700693 addi             x13, x0, 71         x13=00000047
20476484ns          347385 1c008eb6 39b6ed63 bltu             x13, x27, 922       x13:00000047 x27:00000064
20476646ns          347393 1c009250 06300693 addi             x13, x0, 99         x13=00000063
20476687ns          347395 1c009254 70dd8c63 beq              x27, x13, 1816      x27:00000064 x13:00000063
20476707ns          347396 1c009258 d3b6e5e3 bltu             x13, x27, -726      x13:00000063 x27:00000064
20476909ns          347406 1c008f82 06c00693 addi             x13, x0, 108        x13=0000006c
20476930ns          347407 1c008f86 00d78a63 beq              x15, x13, 20        x15:00000000 x13:0000006c
20476950ns          347408 1c008f8a 07a00693 addi             x13, x0, 122        x13=0000007a
20477011ns          347411 1c008f8e 00d78663 beq              x15, x13, 12        x15:00000000 x13:0000007a
20477051ns          347413 1c008f92 04c00693 addi             x13, x0, 76         x13=0000004c
20477071ns          347414 1c008f96 5ed78de3 beq              x15, x13, 3578      x15:00000000 x13:0000004c
20477092ns          347415 1c008f9a 000a2783 lw               x15, 0(x20)         x15=00000000 x20:10001814  PA:10001814
20477112ns          347416 1c008f9e 004a0a13 addi             x20, x20, 4         x20=10001818 x20:10001814
20477152ns          347418 1c008fa0 41f7d713 srai             x14, x15, 0x41f     x14=00000000 x15:00000000
20477193ns          347420 1c008fa4 01412e23 sw               x20, 28(x2)         x20:10001818  x2:10001768  PA:10001784
20477213ns          347421 1c008fa6 00e12223 sw               x14, 4(x2)          x14:00000000  x2:10001768  PA:1000176c
20477233ns          347422 1c008fa8 4e0741e3 blt              x14, x0, 3298       x14:00000000
20477253ns          347423 1c008fac 00c12703 lw               x14, 12(x2)         x14=00000000  x2:10001768  PA:10001774
20477294ns          347425 1c008fae 440709e3 beq              x14, x0, 3154       x14:00000000
20477395ns          347430 1c009c00 01012703 lw               x14, 16(x2)         x14=00000000  x2:10001768  PA:10001778
20477436ns          347432 1c009c02 22070063 beq              x14, x0, 544        x14:00000000
20477537ns          347437 1c009e22 00412c83 lw               x25, 4(x2)          x25=00000000  x2:10001768  PA:1000176c
20477598ns          347440 1c009e24 02410a13 addi             x20, x2, 36         x20=1000178c  x2:10001768
20477618ns          347441 1c009e28 998ff06f jal              x0, -3688          
20478104ns          347465 1c008fc0 00f00433 add              x8, x0, x15          x8=00000000 x15:00000000
20478124ns          347466 1c008fc2 01400db3 add              x27, x0, x20        x27=1000178c x20:1000178c
20478144ns          347467 1c008fc4 0040006f jal              x0, 4              
20478184ns          347469 1c008fc8 00a00613 addi             x12, x0, 10         x12=0000000a
20478205ns          347470 1c008fca 00000693 addi             x13, x0, 0          x13=00000000
20478225ns          347471 1c008fcc 00800533 add              x10, x0, x8         x10=00000000  x8:00000000
20478245ns          347472 1c008fce 019005b3 add              x11, x0, x25        x11=00000000 x25:00000000
20478265ns          347473 1c008fd0 c2aff0ef jal              x1, -3030            x1=1c008fd4
20478346ns          347477 1c0083fa 00c008b3 add              x17, x0, x12        x17=0000000a x12:0000000a
20478387ns          347479 1c0083fc 00d00733 add              x14, x0, x13        x14=00000000 x13:00000000
20478407ns          347480 1c0083fe 00a007b3 add              x15, x0, x10        x15=00000000 x10:00000000
20478448ns          347482 1c008400 00b00833 add              x16, x0, x11        x16=00000000 x11:00000000
20478488ns          347484 1c008402 1c069863 bne              x13, x0, 464        x13:00000000
20478508ns          347485 1c008406 1c0016b7 lui              x13, 0x1c001000     x13=1c001000
20478529ns          347486 1c00840a 86868693 addi             x13, x13, -1944     x13=1c000868 x13:1c001000
20478589ns          347489 1c00840e 0ac5f863 bgeu             x11, x12, 176       x11:00000000 x12:0000000a
20478610ns          347490 1c008412 00010337 lui              x6, 0x10000          x6=00010000
20478630ns          347491 1c008414 08667e63 bgeu             x12, x6, 156        x12:0000000a  x6:00010000
20478650ns          347492 1c008418 0ff00313 addi             x6, x0, 255          x6=000000ff
20478670ns          347493 1c00841c 00c37363 bgeu             x6, x12, 6           x6:000000ff x12:0000000a
20478792ns          347499 1c008422 00e65333 srl              x6, x12, x14         x6=0000000a x12:0000000a x14:00000000
20478812ns          347500 1c008426 006686b3 add              x13, x13, x6        x13=1c000872 x13:1c000868  x6:0000000a
20478832ns          347501 1c008428 0006ce03 lbu              x28, 0(x13)         x28=00000004 x13:1c000872  PA:1c000872
20479136ns          347516 1c00842c 02000313 addi             x6, x0, 32           x6=00000020
20479156ns          347517 1c008430 00ee0e33 add              x28, x28, x14       x28=00000004 x28:00000004 x14:00000000
20479176ns          347518 1c008432 41c30333 sub              x6, x6, x28          x6=0000001c  x6:00000020 x28:00000004
20479196ns          347519 1c008436 00030c63 beq              x6, x0, 24           x6:0000001c
20479217ns          347520 1c00843a 006595b3 sll              x11, x11, x6        x11=00000000 x11:00000000  x6:0000001c
20479277ns          347523 1c00843e 01c55e33 srl              x28, x10, x28       x28=00000000 x10:00000000 x28:00000004
20479318ns          347525 1c008442 006618b3 sll              x17, x12, x6        x17=a0000000 x12:0000000a  x6:0000001c
20479338ns          347526 1c008446 00be6833 or               x16, x28, x11       x16=00000000 x28:00000000 x11:00000000
20479358ns          347527 1c00844a 006517b3 sll              x15, x10, x6        x15=00000000 x10:00000000  x6:0000001c
20479419ns          347530 1c00844e 0108d613 srli             x12, x17, 0x10      x12=0000a000 x17:a0000000
20479460ns          347532 1c008452 02c87733 remu             x14, x16, x12       x14=00000000 x16:00000000 x12:0000a000
20479844ns          347551 1c008456 02c85833 divu             x16, x16, x12       x16=00000000 x16:00000000 x12:0000a000
20480229ns          347570 1c00845a 01089513 slli             x10, x17, 0x10      x10=00000000 x17:a0000000
20480249ns          347571 1c00845e 01055513 srli             x10, x10, 0x10      x10=00000000 x10:00000000
20480269ns          347572 1c008460 01071713 slli             x14, x14, 0x10      x14=00000000 x14:00000000
20480289ns          347573 1c008462 0107d693 srli             x13, x15, 0x10      x13=00000000 x15:00000000
20480310ns          347574 1c008466 03050833 mul              x16, x10, x16       x16=00000000 x10:00000000 x16:00000000
20480330ns          347575 1c00846a 00e6e6b3 or               x13, x13, x14       x13=00000000 x13:00000000 x14:00000000
20480350ns          347576 1c00846c 0106f863 bgeu             x13, x16, 16        x13:00000000 x16:00000000
20480411ns          347579 1c00847c 410686b3 sub              x13, x13, x16       x13=00000000 x13:00000000 x16:00000000
20480472ns          347582 1c008480 02c6f733 remu             x14, x13, x12       x14=00000000 x13:00000000 x12:0000a000
20480876ns          347602 1c008484 02c6d6b3 divu             x13, x13, x12       x13=00000000 x13:00000000 x12:0000a000
20481261ns          347621 1c008488 01079793 slli             x15, x15, 0x10      x15=00000000 x15:00000000
20481281ns          347622 1c00848a 02d506b3 mul              x13, x10, x13       x13=00000000 x10:00000000 x13:00000000
20481301ns          347623 1c00848e 0107d793 srli             x15, x15, 0x10      x15=00000000 x15:00000000
20481322ns          347624 1c008490 01071513 slli             x10, x14, 0x10      x10=00000000 x14:00000000
20481342ns          347625 1c008494 00a7e7b3 or               x15, x15, x10       x15=00000000 x15:00000000 x10:00000000
20481362ns          347626 1c008496 00d7f863 bgeu             x15, x13, 16        x15:00000000 x13:00000000
20481463ns          347631 1c0084a6 40d787b3 sub              x15, x15, x13       x15=00000000 x15:00000000 x13:00000000
20481484ns          347632 1c0084a8 0067d533 srl              x10, x15, x6        x10=00000000 x15:00000000  x6:0000001c
20481504ns          347633 1c0084ac 00000593 addi             x11, x0, 0          x11=00000000
20481524ns          347634 1c0084ae 00008067 jalr             x0, x1, 0            x1:1c008fd4
20481605ns          347638 1c008fd4 00a00933 add              x18, x0, x10        x18=00000000 x10:00000000
20481625ns          347639 1c008fd6 019005b3 add              x11, x0, x25        x11=00000000 x25:00000000
20481646ns          347640 1c008fd8 00800533 add              x10, x0, x8         x10=00000000  x8:00000000
20481666ns          347641 1c008fda 00a00613 addi             x12, x0, 10         x12=0000000a
20481686ns          347642 1c008fdc 00000693 addi             x13, x0, 0          x13=00000000
20481706ns          347643 1c008fde 8beff0ef jal              x1, -3906            x1=1c008fe2
20481787ns          347647 1c00809c 00b007b3 add              x15, x0, x11        x15=00000000 x11:00000000
20481807ns          347648 1c00809e 00c00833 add              x16, x0, x12        x16=0000000a x12:0000000a
20481868ns          347651 1c0080a0 00d008b3 add              x17, x0, x13        x17=00000000 x13:00000000
20481888ns          347652 1c0080a2 00a00333 add              x6, x0, x10          x6=00000000 x10:00000000
20481909ns          347653 1c0080a4 20069663 bne              x13, x0, 524        x13:00000000
20481929ns          347654 1c0080a8 1c001737 lui              x14, 0x1c001000     x14=1c001000
20481949ns          347655 1c0080ac 86870713 addi             x14, x14, -1944     x14=1c000868 x14:1c001000
20482010ns          347658 1c0080b0 0ac5fe63 bgeu             x11, x12, 188       x11:00000000 x12:0000000a
20482050ns          347660 1c0080b4 000106b7 lui              x13, 0x10000        x13=00010000
20482071ns          347661 1c0080b6 0ad67463 bgeu             x12, x13, 168       x12:0000000a x13:00010000
20482091ns          347662 1c0080ba 0ff00693 addi             x13, x0, 255        x13=000000ff
20482152ns          347665 1c0080be 00c6b6b3 sltu             x13, x13, x12       x13=00000000 x13:000000ff x12:0000000a
20482172ns          347666 1c0080c2 00369693 slli             x13, x13, 0x3       x13=00000000 x13:00000000
20482192ns          347667 1c0080c4 00d658b3 srl              x17, x12, x13       x17=0000000a x12:0000000a x13:00000000
20482212ns          347668 1c0080c8 01170733 add              x14, x14, x17       x14=1c000872 x14:1c000868 x17:0000000a
20482232ns          347669 1c0080ca 00074703 lbu              x14, 0(x14)         x14=00000004 x14:1c000872  PA:1c000872
20482556ns          347685 1c0080ce 00e686b3 add              x13, x13, x14       x13=00000004 x13:00000000 x14:00000004
20482577ns          347686 1c0080d0 02000713 addi             x14, x0, 32         x14=00000020
20482597ns          347687 1c0080d4 40d70733 sub              x14, x14, x13       x14=0000001c x14:00000020 x13:00000004
20482617ns          347688 1c0080d6 00070b63 beq              x14, x0, 22         x14:0000001c
20482637ns          347689 1c0080d8 00e797b3 sll              x15, x15, x14       x15=00000000 x15:00000000 x14:0000001c
20482658ns          347690 1c0080dc 00d556b3 srl              x13, x10, x13       x13=00000000 x10:00000000 x13:00000004
20482698ns          347692 1c0080e0 00e61833 sll              x16, x12, x14       x16=a0000000 x12:0000000a x14:0000001c
20482738ns          347694 1c0080e4 00f6e5b3 or               x11, x13, x15       x11=00000000 x13:00000000 x15:00000000
20482759ns          347695 1c0080e8 00e51333 sll              x6, x10, x14         x6=00000000 x10:00000000 x14:0000001c
20482779ns          347696 1c0080ec 01085513 srli             x10, x16, 0x10      x10=0000a000 x16:a0000000
20482840ns          347699 1c0080f0 02a5f733 remu             x14, x11, x10       x14=00000000 x11:00000000 x10:0000a000
20483244ns          347719 1c0080f4 02a5d7b3 divu             x15, x11, x10       x15=00000000 x11:00000000 x10:0000a000
20483629ns          347738 1c0080f8 01081613 slli             x12, x16, 0x10      x12=00000000 x16:a0000000
20483649ns          347739 1c0080fc 01071713 slli             x14, x14, 0x10      x14=00000000 x14:00000000
20483670ns          347740 1c0080fe 01065613 srli             x12, x12, 0x10      x12=00000000 x12:00000000
20483690ns          347741 1c008100 01035693 srli             x13, x6, 0x10       x13=00000000  x6:00000000
20483710ns          347742 1c008104 00e6e6b3 or               x13, x13, x14       x13=00000000 x13:00000000 x14:00000000
20483730ns          347743 1c008106 02f605b3 mul              x11, x12, x15       x11=00000000 x12:00000000 x15:00000000
20483750ns          347744 1c00810a 00f00733 add              x14, x0, x15        x14=00000000 x15:00000000
20483771ns          347745 1c00810c 00b6fc63 bgeu             x13, x11, 24        x13:00000000 x11:00000000
20483872ns          347750 1c008124 40b686b3 sub              x13, x13, x11       x13=00000000 x13:00000000 x11:00000000
20483912ns          347752 1c008126 02a6f7b3 remu             x15, x13, x10       x15=00000000 x13:00000000 x10:0000a000
20484297ns          347771 1c00812a 02a6d6b3 divu             x13, x13, x10       x13=00000000 x13:00000000 x10:0000a000
20484682ns          347790 1c00812e 01031313 slli             x6, x6, 0x10         x6=00000000  x6:00000000
20484702ns          347791 1c008130 01079793 slli             x15, x15, 0x10      x15=00000000 x15:00000000
20484722ns          347792 1c008132 01035313 srli             x6, x6, 0x10         x6=00000000  x6:00000000
20484742ns          347793 1c008136 02d605b3 mul              x11, x12, x13       x11=00000000 x12:00000000 x13:00000000
20484762ns          347794 1c00813a 0067e333 or               x6, x15, x6          x6=00000000 x15:00000000  x6:00000000
20484783ns          347795 1c00813e 00d00533 add              x10, x0, x13        x10=00000000 x13:00000000
20484823ns          347797 1c008140 00b37b63 bgeu             x6, x11, 22          x6:00000000 x11:00000000
20484924ns          347802 1c008156 01071713 slli             x14, x14, 0x10      x14=00000000 x14:00000000
20484965ns          347804 1c008158 00a76733 or               x14, x14, x10       x14=00000000 x14:00000000 x10:00000000
20484985ns          347805 1c00815a 00000593 addi             x11, x0, 0          x11=00000000
20485005ns          347806 1c00815c 0b20006f jal              x0, 178            
20485147ns          347813 1c00820e 00e00533 add              x10, x0, x14        x10=00000000 x14:00000000
20485228ns          347817 1c008210 00008067 jalr             x0, x1, 0            x1:1c008fe2
20485349ns          347823 1c008fe2 03090913 addi             x18, x18, 48        x18=00000030 x18:00000000
20485370ns          347824 1c008fe6 012d8023 sb               x18, 0(x27)         x18:00000030 x27:1000178c  PA:1000178c
20485390ns          347825 1c008fea 00a5e7b3 or               x15, x11, x10       x15=00000000 x11:00000000 x10:00000000
20485451ns          347828 1c008fee 001d8913 addi             x18, x27, 1         x18=1000178d x27:1000178c
20485471ns          347829 1c008ff2 00a00433 add              x8, x0, x10          x8=00000000 x10:00000000
20485491ns          347830 1c008ff4 00b00cb3 add              x25, x0, x11        x25=00000000 x11:00000000
20485511ns          347831 1c008ff6 fc0798e3 bne              x15, x0, -48        x15:00000000
20485532ns          347832 1c008ff8 00090023 sb               x0, 0(x18)          x18:1000178d  PA:1000178d
20485552ns          347833 1c008ffc 01ba7d63 bgeu             x20, x27, 26        x20:1000178c x27:1000178c
20485673ns          347839 1c009016 00012783 lw               x15, 0(x2)          x15=1000178c  x2:10001768  PA:10001768
20485714ns          347841 1c009018 00c12703 lw               x14, 12(x2)         x14=00000000  x2:10001768  PA:10001774
20485734ns          347842 1c00901a 40f90933 sub              x18, x18, x15       x18=00000001 x18:1000178d x15:1000178c
20485795ns          347845 1c00901e 3c071de3 bne              x14, x0, 3034       x14:00000000
20485815ns          347846 1c009022 01012783 lw               x15, 16(x2)         x15=00000000  x2:10001768  PA:10001778
20485855ns          347848 1c009024 3c079ae3 bne              x15, x0, 3028       x15:00000000
20485876ns          347849 1c009028 00412703 lw               x14, 4(x2)          x14=00000000  x2:10001768  PA:1000176c
20485916ns          347851 1c00902a 01f75713 srli             x14, x14, 0x1f      x14=00000000 x14:00000000
20485936ns          347852 1c00902c 00e12223 sw               x14, 4(x2)          x14:00000000  x2:10001768  PA:1000176c
20485957ns          347853 1c00902e 3404c463 blt              x9, x0, 840          x9:ffffffff
20486058ns          347858 1c009376 00000c93 addi             x25, x0, 0          x25=00000000
20486098ns          347860 1c009378 00012c23 sw               x0, 24(x2)           x2:10001768  PA:10001780
20486119ns          347861 1c00937a 00000a13 addi             x20, x0, 0          x20=00000000
20486139ns          347862 1c00937c 01412783 lw               x15, 20(x2)         x15=00000000  x2:10001768  PA:1000177c
20486179ns          347864 1c00937e 5e078163 beq              x15, x0, 1506       x15:00000000
20486280ns          347869 1c009960 412b0b33 sub              x22, x22, x18       x22=ffffffff x22:00000000 x18:00000001
20486321ns          347871 1c009964 02410413 addi             x8, x2, 36           x8=1000178c  x2:10001768
20486341ns          347872 1c009966 00000493 addi             x9, x0, 0            x9=00000000
20486361ns          347873 1c009968 ee6ff06f jal              x0, -2330          
20486503ns          347880 1c00904e 00812703 lw               x14, 8(x2)          x14=00000000  x2:10001768  PA:10001770
20486544ns          347882 1c009050 02071063 bne              x14, x0, 32         x14:00000000
20486564ns          347883 1c009052 01605f63 bge              x0, x22, 30         x22:ffffffff
20486665ns          347888 1c009070 00412783 lw               x15, 4(x2)          x15=00000000  x2:10001768  PA:1000176c
20486706ns          347890 1c009072 00f40db3 add              x27, x8, x15        x27=1000178c  x8:1000178c x15:00000000
20486726ns          347891 1c009076 00c0006f jal              x0, 12             
20486807ns          347895 1c009082 017005b3 add              x11, x0, x23        x11=00000002 x23:00000002
20486847ns          347897 1c009084 ffb41ae3 bne              x8, x27, -12         x8:1000178c x27:1000178c
20486867ns          347898 1c009088 00900db3 add              x27, x0, x9         x27=00000000  x9:00000000
20486888ns          347899 1c00908a 0080006f jal              x0, 8              
20486989ns          347904 1c009092 fffd8d93 addi             x27, x27, -1        x27=ffffffff x27:00000000
20487009ns          347905 1c009094 017005b3 add              x11, x0, x23        x11=00000002 x23:00000002
20487029ns          347906 1c009096 03000513 addi             x10, x0, 48         x10=00000030
20487050ns          347907 1c00909a fffdb9e3 p.bneimm         x27, -14            x27:ffffffff
20487070ns          347908 1c00909e 00412703 lw               x14, 4(x2)          x14=00000000  x2:10001768  PA:1000176c
20487110ns          347910 1c0090a0 40e90933 sub              x18, x18, x14       x18=00000001 x18:00000001 x14:00000000
20487151ns          347912 1c0090a4 01212423 sw               x18, 8(x2)          x18:00000001  x2:10001768  PA:10001770
20487171ns          347913 1c0090a6 e40a15e3 bne              x20, x0, -438       x20:00000000
20487191ns          347914 1c0090aa 01812783 lw               x15, 24(x2)         x15=00000000  x2:10001768  PA:10001780
20487232ns          347916 1c0090ac 16079763 bne              x15, x0, 366        x15:00000000
20487252ns          347917 1c0090b0 120c8863 beq              x25, x0, 304        x25:00000000
20487353ns          347922 1c0091e0 017005b3 add              x11, x0, x23        x11=00000002 x23:00000002
20487394ns          347924 1c0091e2 ff2049e3 blt              x0, x18, -14        x18:00000001
20487495ns          347929 1c0091d4 0014450b p.lbu            x10, 1(x8!)         x10=00000030  x8=1000178d  x8:1000178c  PA:1000178c
20487535ns          347931 1c0091d8 fff90913 addi             x18, x18, -1        x18=00000000 x18:00000001
20487556ns          347932 1c0091da 000980e7 jalr             x1, x19, 0           x1=1c0091dc x19:1c008d20
20487637ns          347936 1c008d20 f14027f3 csrrs            x15, x0, 0xf14      x15=00000004
20487677ns          347938 1c008d24 1a10f6b7 lui              x13, 0x1a10f000     x13=1a10f000
20487697ns          347939 1c008d28 ca5797b3 p.extractu       x15, x15, 5, 5      x15=00000000 x15:00000004
20487718ns          347940 1c008d2c f1402773 csrrs            x14, x0, 0xf14      x14=00000004
20487778ns          347943 1c008d30 00779793 slli             x15, x15, 0x7       x15=00000000 x15:00000000
20487798ns          347944 1c008d32 00371713 slli             x14, x14, 0x3       x14=00000020 x14:00000004
20487819ns          347945 1c008d34 0ff57513 andi             x10, x10, 255       x10=00000030 x10:00000030
20487839ns          347946 1c008d38 ee873733 p.bclr           x14, x14, 23, 8     x14=00000020 x14:00000020
20487859ns          347947 1c008d3c 00d787b3 add              x15, x15, x13       x15=1a10f000 x15:00000000 x13:1a10f000
20487920ns          347950 1c008d3e 00a767a3 p.sw             x10, x0(x14)        x10:00000030 x14:00000020  PA:1a10f020
20488244ns          347966 1c008d42 00000513 addi             x10, x0, 0          x10=00000000
20488264ns          347967 1c008d44 00008067 jalr             x0, x1, 0            x1:1c0091dc
20488304ns          347969 1c0091dc d5f522e3 p.beqimm         x10, -700           x10:00000000
20488325ns          347970 1c0091e0 017005b3 add              x11, x0, x23        x11=00000002 x23:00000002
20488345ns          347971 1c0091e2 ff2049e3 blt              x0, x18, -14        x18:00000000
20488365ns          347972 1c0091e6 00412783 lw               x15, 4(x2)          x15=00000000  x2:10001768  PA:1000176c
20488385ns          347973 1c0091e8 01c12a03 lw               x20, 28(x2)         x20=10001818  x2:10001768  PA:10001784
20488406ns          347974 1c0091ea 00fa8733 add              x14, x21, x15       x14=0000001d x21:0000001d x15:00000000
20488426ns          347975 1c0091ee 00812783 lw               x15, 8(x2)          x15=00000001  x2:10001768  PA:10001770
20488446ns          347976 1c0091f0 00970733 add              x14, x14, x9        x14=0000001d x14:0000001d  x9:00000000
20488487ns          347978 1c0091f2 00e78ab3 add              x21, x15, x14       x21=0000001e x15:00000001 x14:0000001d
20488507ns          347979 1c0091f6 bf6059e3 bge              x0, x22, -1038      x22:ffffffff
20488628ns          347985 1c008de8 000d4503 lbu              x10, 0(x26)         x10=0000000a x26:1c0009cd  PA:1c0009cd
20488932ns          348000 1c008dec 001d0413 addi             x8, x26, 1           x8=1c0009ce x26:1c0009cd
20488952ns          348001 1c008df0 0c050b63 beq              x10, x0, 214        x10:0000000a
20488972ns          348002 1c008df2 02500793 addi             x15, x0, 37         x15=00000025
20488993ns          348003 1c008df6 fef513e3 bne              x10, x15, -26       x10:0000000a x15:00000025
20489155ns          348011 1c008ddc 017005b3 add              x11, x0, x23        x11=00000002 x23:00000002
20489175ns          348012 1c008dde 000980e7 jalr             x1, x19, 0           x1=1c008de0 x19:1c008d20
20489215ns          348014 1c008d20 f14027f3 csrrs            x15, x0, 0xf14      x15=00000004
20489236ns          348015 1c008d24 1a10f6b7 lui              x13, 0x1a10f000     x13=1a10f000
20489256ns          348016 1c008d28 ca5797b3 p.extractu       x15, x15, 5, 5      x15=00000000 x15:00000004
20489276ns          348017 1c008d2c f1402773 csrrs            x14, x0, 0xf14      x14=00000004
20489296ns          348018 1c008d30 00779793 slli             x15, x15, 0x7       x15=00000000 x15:00000000
20489316ns          348019 1c008d32 00371713 slli             x14, x14, 0x3       x14=00000020 x14:00000004
20489337ns          348020 1c008d34 0ff57513 andi             x10, x10, 255       x10=0000000a x10:0000000a
20489357ns          348021 1c008d38 ee873733 p.bclr           x14, x14, 23, 8     x14=00000020 x14:00000020
20489377ns          348022 1c008d3c 00d787b3 add              x15, x15, x13       x15=1a10f000 x15:00000000 x13:1a10f000
20489397ns          348023 1c008d3e 00a767a3 p.sw             x10, x0(x14)        x10:0000000a x14:00000020  PA:1a10f020
20489822ns          348044 1c008d42 00000513 addi             x10, x0, 0          x10=00000000
20489843ns          348045 1c008d44 00008067 jalr             x0, x1, 0            x1:1c008de0
20489883ns          348047 1c008de0 15f52063 p.beqimm         x10, 320            x10:00000000
20489903ns          348048 1c008de4 001a8a93 addi             x21, x21, 1         x21=0000001f x21:0000001e
20489924ns          348049 1c008de6 00800d33 add              x26, x0, x8         x26=1c0009ce  x8:1c0009ce
20489944ns          348050 1c008de8 000d4503 lbu              x10, 0(x26)         x10=00000000 x26:1c0009ce  PA:1c0009ce
20490248ns          348065 1c008dec 001d0413 addi             x8, x26, 1           x8=1c0009cf x26:1c0009ce
20490268ns          348066 1c008df0 0c050b63 beq              x10, x0, 214        x10:00000000
20490369ns          348071 1c008ec6 01500433 add              x8, x0, x21          x8=0000001f x21:0000001f
20490409ns          348073 1c008ec8 00800533 add              x10, x0, x8         x10=0000001f  x8:0000001f
20490430ns          348074 1c008eca 07c12083 lw               x1, 124(x2)          x1=1c008da4  x2:10001768  PA:100017e4
20490450ns          348075 1c008ecc 07812403 lw               x8, 120(x2)          x8=xxxxxxxx  x2:10001768  PA:100017e0
20490470ns          348076 1c008ece 07412483 lw               x9, 116(x2)          x9=xxxxxxxx  x2:10001768  PA:100017dc
20490490ns          348077 1c008ed0 07012903 lw               x18, 112(x2)        x18=00204000  x2:10001768  PA:100017d8
20490511ns          348078 1c008ed2 06c12983 lw               x19, 108(x2)        x19=00000004  x2:10001768  PA:100017d4
20490531ns          348079 1c008ed4 06812a03 lw               x20, 104(x2)        x20=1c01011e  x2:10001768  PA:100017d0
20490551ns          348080 1c008ed6 06412a83 lw               x21, 100(x2)        x21=1c010122  x2:10001768  PA:100017cc
20490571ns          348081 1c008ed8 06012b03 lw               x22, 96(x2)         x22=xxxxxxxx  x2:10001768  PA:100017c8
20490592ns          348082 1c008eda 05c12b83 lw               x23, 92(x2)         x23=xxxxxxxx  x2:10001768  PA:100017c4
20490612ns          348083 1c008edc 05812c03 lw               x24, 88(x2)         x24=xxxxxxxx  x2:10001768  PA:100017c0
20490632ns          348084 1c008ede 05412c83 lw               x25, 84(x2)         x25=xxxxxxxx  x2:10001768  PA:100017bc
20490652ns          348085 1c008ee0 05012d03 lw               x26, 80(x2)         x26=xxxxxxxx  x2:10001768  PA:100017b8
20490673ns          348086 1c008ee2 04c12d83 lw               x27, 76(x2)         x27=xxxxxxxx  x2:10001768  PA:100017b4
20490693ns          348087 1c008ee4 08010113 addi             x2, x2, 128          x2=100017e8  x2:10001768
20490713ns          348088 1c008ee6 00008067 jalr             x0, x1, 0            x1:1c008da4
20491098ns          348107 1c008da4 01c12083 lw               x1, 28(x2)           x1=1c01011e  x2:100017e8  PA:10001804
20491118ns          348108 1c008da6 04010113 addi             x2, x2, 64           x2=10001828  x2:100017e8
20491158ns          348110 1c008da8 00008067 jalr             x0, x1, 0            x1:1c01011e
20491381ns          348121 1c01011e 21c96283 p.elw            x5, 540(x18)         x5=00010000 x18:00204000  PA:0020421c
