                Time          Cycles PC       Instr    Mnemonic
20180656ns          332769 1c008080 00003517 auipc            x10, 0x3000         x10=1c00b080
20180697ns          332771 1c008084 02250513 addi             x10, x10, 34        x10=1c00b0a2 x10:1c00b080
20180737ns          332773 1c008088 00050067 jalr             x0, x10, 0          x10:1c00b0a2
20181668ns          332819 1c00b0a2 cc101073 csrrw            x0, x0, 0xcc1      
20181689ns          332820 1c00b0a6 f1402573 csrrs            x10, x0, 0xf14      x10=00000001
20181709ns          332821 1c00b0aa 01f57593 andi             x11, x10, 31        x11=00000001 x10:00000001
20181729ns          332822 1c00b0ae 00555513 srli             x10, x10, 0x5       x10=00000000 x10:00000001
20182154ns          332843 1c00b0b0 01f00613 addi             x12, x0, 31         x12=0000001f
20182195ns          332845 1c00b0b2 00c50463 beq              x10, x12, 8         x10:00000000 x12:0000001f
20182215ns          332846 1c00b0b6 74b0406f jal              x0, 20298          
20182600ns          332865 1c010000 f1402573 csrrs            x10, x0, 0xf14      x10=00000001
20182640ns          332867 1c010004 01f57593 andi             x11, x10, 31        x11=00000001 x10:00000001
20182660ns          332868 1c010008 00555513 srli             x10, x10, 0x5       x10=00000000 x10:00000001
20182680ns          332869 1c01000a 000702b7 lui              x5, 0x70000          x5=00070000
20183045ns          332887 1c01000e 00204337 lui              x6, 0x204000         x6=00204000
20183085ns          332889 1c010012 00532023 sw               x5, 0(x6)            x5:00070000  x6:00204000  PA:00204000
20183106ns          332890 1c010016 00000393 addi             x7, x0, 0            x7=00000000
20183126ns          332891 1c010018 0e759463 bne              x11, x7, 232        x11:00000001  x7:00000000
20183875ns          332928 1c010100 00204937 lui              x18, 0x204000       x18=00204000
20183915ns          332930 1c010104 f14029f3 csrrs            x19, x0, 0xf14      x19=00000001
20183935ns          332931 1c010108 01f9f993 andi             x19, x19, 31        x19=00000001 x19:00000001
20183956ns          332932 1c01010c 00000a17 auipc            x20, 0x0            x20=1c01010c
20184320ns          332950 1c010110 012a0a13 addi             x20, x20, 18        x20=1c01011e x20:1c01010c
20184360ns          332952 1c010114 00000a97 auipc            x21, 0x0            x21=1c010114
20184381ns          332953 1c010118 00ea8a93 addi             x21, x21, 14        x21=1c010122 x21:1c010114
20184401ns          332954 1c01011c 0060006f jal              x0, 6              
20184826ns          332975 1c010122 08096283 p.elw            x5, 128(x18)         x5=1c01013f x18:00204000  PA:00204080
20190028ns          333232 1c010126 08096503 p.elw            x10, 128(x18)       x10=00000400 x18:00204000  PA:00204080
20190129ns          333237 1c01012a 0012f313 andi             x6, x5, 1            x6=00000001  x5:1c01013f
20190149ns          333238 1c01012e 00031563 bne              x6, x0, 10           x6:00000001
20190210ns          333241 1c010138 000a80b3 add              x1, x21, x0          x1=1c010122 x21:1c010122
20190230ns          333242 1c01013c 00028067 jalr             x0, x5, 0            x5:1c01013f
20190817ns          333271 1c01013e 08096283 p.elw            x5, 128(x18)         x5=10000828 x18:00204000  PA:00204080
20190918ns          333276 1c010142 00098f13 addi             x30, x19, 0         x30=00000001 x19:00000001
20190938ns          333277 1c010146 02af0eb3 mul              x29, x30, x10       x29=00000400 x30:00000001 x10:00000400
20190959ns          333278 1c01014a 005e8133 add              x2, x29, x5          x2=10000c28 x29:00000400  x5:10000828
20190979ns          333279 1c01014e 00008067 jalr             x0, x1, 0            x1:1c010122
20191363ns          333298 1c010122 08096283 p.elw            x5, 128(x18)         x5=1c00874e x18:00204000  PA:00204080
20191465ns          333303 1c010126 08096503 p.elw            x10, 128(x18)       x10=00000000 x18:00204000  PA:00204080
20191566ns          333308 1c01012a 0012f313 andi             x6, x5, 1            x6=00000000  x5:1c00874e
20191586ns          333309 1c01012e 00031563 bne              x6, x0, 10           x6:00000000
20191606ns          333310 1c010132 000a00b3 add              x1, x20, x0          x1=1c01011e x20:1c01011e
20191627ns          333311 1c010136 00028067 jalr             x0, x5, 0            x5:1c00874e
20192072ns          333333 1c00874e fd010113 addi             x2, x2, -48          x2=10000bf8  x2:10000c28
20192598ns          333359 1c008750 f14025f3 csrrs            x11, x0, 0xf14      x11=00000001
20192639ns          333361 1c008754 02912223 sw               x9, 36(x2)           x9:xxxxxxxx  x2:10000bf8  PA:10000c1c
20192659ns          333362 1c008756 1c001537 lui              x10, 0x1c001000     x10=1c001000
20192679ns          333363 1c00875a f14024f3 csrrs            x9, x0, 0xf14        x9=00000001
20193064ns          333382 1c00875e f454b4b3 p.bclr           x9, x9, 26, 5        x9=00000001  x9:00000001
20193084ns          333383 1c008762 00900633 add              x12, x0, x9         x12=00000001  x9:00000001
20193104ns          333384 1c008764 ca5595b3 p.extractu       x11, x11, 5, 5      x11=00000000 x11:00000001
20193124ns          333385 1c008768 98450513 addi             x10, x10, -1660     x10=1c000984 x10:1c001000
20193145ns          333386 1c00876c 02112623 sw               x1, 44(x2)           x1:1c01011e  x2:10000bf8  PA:10000c24
20193165ns          333387 1c00876e 02812423 sw               x8, 40(x2)           x8:xxxxxxxx  x2:10000bf8  PA:10000c20
20193570ns          333407 1c008770 01612823 sw               x22, 16(x2)         x22:xxxxxxxx  x2:10000bf8  PA:10000c08
20193590ns          333408 1c008772 01712623 sw               x23, 12(x2)         x23:xxxxxxxx  x2:10000bf8  PA:10000c04
20193610ns          333409 1c008774 03212023 sw               x18, 32(x2)         x18:00204000  x2:10000bf8  PA:10000c18
20193630ns          333410 1c008776 01312e23 sw               x19, 28(x2)         x19:00000001  x2:10000bf8  PA:10000c14
20193651ns          333411 1c008778 01412c23 sw               x20, 24(x2)         x20:1c01011e  x2:10000bf8  PA:10000c10
20193671ns          333412 1c00877a 01512a23 sw               x21, 20(x2)         x21:1c010122  x2:10000bf8  PA:10000c0c
20193691ns          333413 1c00877c 01812423 sw               x24, 8(x2)          x24:xxxxxxxx  x2:10000bf8  PA:10000c00
20193711ns          333414 1c00877e 5fe000ef jal              x1, 1534             x1=1c008780
20194480ns          333452 1c008d7c fc010113 addi             x2, x2, -64          x2=10000bb8  x2:10000bf8
20194824ns          333469 1c008d7e 02410313 addi             x6, x2, 36           x6=10000bdc  x2:10000bb8
20194845ns          333470 1c008d82 02c12423 sw               x12, 40(x2)         x12:00000001  x2:10000bb8  PA:10000be0
20194865ns          333471 1c008d84 00a00633 add              x12, x0, x10        x12=1c000984 x10:1c000984
20194885ns          333472 1c008d86 1c009537 lui              x10, 0x1c009000     x10=1c009000
20194905ns          333473 1c008d8a 02b12223 sw               x11, 36(x2)         x11:00000000  x2:10000bb8  PA:10000bdc
20194926ns          333474 1c008d8c 02d12623 sw               x13, 44(x2)         x13:xxxxxxxx  x2:10000bb8  PA:10000be4
20194946ns          333475 1c008d8e 00200593 addi             x11, x0, 2          x11=00000002
20195310ns          333493 1c008d90 006006b3 add              x13, x0, x6         x13=10000bdc  x6:10000bdc
20195351ns          333495 1c008d92 d2050513 addi             x10, x10, -736      x10=1c008d20 x10:1c009000
20195371ns          333496 1c008d96 00112e23 sw               x1, 28(x2)           x1:1c008780  x2:10000bb8  PA:10000bd4
20195391ns          333497 1c008d98 02e12823 sw               x14, 48(x2)         x14:xxxxxxxx  x2:10000bb8  PA:10000be8
20195411ns          333498 1c008d9a 02f12a23 sw               x15, 52(x2)         x15:xxxxxxxx  x2:10000bb8  PA:10000bec
20195432ns          333499 1c008d9c 03012c23 sw               x16, 56(x2)         x16:xxxxxxxx  x2:10000bb8  PA:10000bf0
20195452ns          333500 1c008d9e 03112e23 sw               x17, 60(x2)         x17:xxxxxxxx  x2:10000bb8  PA:10000bf4
20195796ns          333517 1c008da0 00612623 sw               x6, 12(x2)           x6:10000bdc  x2:10000bb8  PA:10000bc4
20195816ns          333518 1c008da2 fa5ff0ef jal              x1, -92              x1=1c008da4
20196221ns          333538 1c008d46 0640006f jal              x0, 100            
20196262ns          333540 1c008daa f8010113 addi             x2, x2, -128         x2=10000b38  x2:10000bb8
20196282ns          333541 1c008dac 06812c23 sw               x8, 120(x2)          x8:xxxxxxxx  x2:10000b38  PA:10000bb0
20196302ns          333542 1c008dae 02410713 addi             x14, x2, 36         x14=10000b5c  x2:10000b38
20196687ns          333561 1c008db0 00000413 addi             x8, x0, 0            x8=00000000
20196707ns          333562 1c008db2 07312623 sw               x19, 108(x2)        x19:00000001  x2:10000b38  PA:10000ba4
20196727ns          333563 1c008db4 07412423 sw               x20, 104(x2)        x20:1c01011e  x2:10000b38  PA:10000ba0
20196747ns          333564 1c008db6 07512223 sw               x21, 100(x2)        x21:1c010122  x2:10000b38  PA:10000b9c
20196768ns          333565 1c008db8 05712e23 sw               x23, 92(x2)         x23:xxxxxxxx  x2:10000b38  PA:10000b94
20196788ns          333566 1c008dba 05812c23 sw               x24, 88(x2)         x24:xxxxxxxx  x2:10000b38  PA:10000b90
20196808ns          333567 1c008dbc 05a12823 sw               x26, 80(x2)         x26:xxxxxxxx  x2:10000b38  PA:10000b88
20196828ns          333568 1c008dbe 06112e23 sw               x1, 124(x2)          x1:1c008da4  x2:10000b38  PA:10000bb4
20197172ns          333585 1c008dc0 06912a23 sw               x9, 116(x2)          x9:00000001  x2:10000b38  PA:10000bac
20197193ns          333586 1c008dc2 07212823 sw               x18, 112(x2)        x18:00204000  x2:10000b38  PA:10000ba8
20197213ns          333587 1c008dc4 07612023 sw               x22, 96(x2)         x22:xxxxxxxx  x2:10000b38  PA:10000b98
20197233ns          333588 1c008dc6 05912a23 sw               x25, 84(x2)         x25:xxxxxxxx  x2:10000b38  PA:10000b8c
20197253ns          333589 1c008dc8 05b12623 sw               x27, 76(x2)         x27:xxxxxxxx  x2:10000b38  PA:10000b84
20197274ns          333590 1c008dca 00a009b3 add              x19, x0, x10        x19=1c008d20 x10:1c008d20
20197294ns          333591 1c008dcc 00b00bb3 add              x23, x0, x11        x23=00000002 x11:00000002
20197314ns          333592 1c008dce 00c00d33 add              x26, x0, x12        x26=1c000984 x12:1c000984
20197759ns          333614 1c008dd0 00d00a33 add              x20, x0, x13        x20=10000bdc x13:10000bdc
20197800ns          333616 1c008dd2 1c001c37 lui              x24, 0x1c001000     x24=1c001000
20197820ns          333617 1c008dd6 00e12023 sw               x14, 0(x2)          x14:10000b5c  x2:10000b38  PA:10000b38
20197840ns          333618 1c008dd8 00800ab3 add              x21, x0, x8         x21=00000000  x8:00000000
20197860ns          333619 1c008dda 00e0006f jal              x0, 14             
20198265ns          333639 1c008de8 000d4503 lbu              x10, 0(x26)         x10=00000045 x26:1c000984  PA:1c000984
20198731ns          333662 1c008dec 001d0413 addi             x8, x26, 1           x8=1c000985 x26:1c000984
20198751ns          333663 1c008df0 0c050b63 beq              x10, x0, 214        x10:00000045
20198771ns          333664 1c008df2 02500793 addi             x15, x0, 37         x15=00000025
20198792ns          333665 1c008df6 fef513e3 bne              x10, x15, -26       x10:00000045 x15:00000025
20199156ns          333683 1c008ddc 017005b3 add              x11, x0, x23        x11=00000002 x23:00000002
20199176ns          333684 1c008dde 000980e7 jalr             x1, x19, 0           x1=1c008de0 x19:1c008d20
20199601ns          333705 1c008d20 f14027f3 csrrs            x15, x0, 0xf14      x15=00000001
20199642ns          333707 1c008d24 1a10f6b7 lui              x13, 0x1a10f000     x13=1a10f000
20199662ns          333708 1c008d28 ca5797b3 p.extractu       x15, x15, 5, 5      x15=00000000 x15:00000001
20199682ns          333709 1c008d2c f1402773 csrrs            x14, x0, 0xf14      x14=00000001
20200067ns          333728 1c008d30 00779793 slli             x15, x15, 0x7       x15=00000000 x15:00000000
20200087ns          333729 1c008d32 00371713 slli             x14, x14, 0x3       x14=00000008 x14:00000001
20200107ns          333730 1c008d34 0ff57513 andi             x10, x10, 255       x10=00000045 x10:00000045
20200127ns          333731 1c008d38 ee873733 p.bclr           x14, x14, 23, 8     x14=00000008 x14:00000008
20200148ns          333732 1c008d3c 00d787b3 add              x15, x15, x13       x15=1a10f000 x15:00000000 x13:1a10f000
20200168ns          333733 1c008d3e 00a767a3 p.sw             x10, x0(x14)        x10:00000045 x14:00000008  PA:1a10f008
20200573ns          333753 1c008d42 00000513 addi             x10, x0, 0          x10=00000000
20200593ns          333754 1c008d44 00008067 jalr             x0, x1, 0            x1:1c008de0
20200775ns          333763 1c008de0 15f52063 p.beqimm         x10, 320            x10:00000000
20200795ns          333764 1c008de4 001a8a93 addi             x21, x21, 1         x21=00000001 x21:00000000
20200816ns          333765 1c008de6 00800d33 add              x26, x0, x8         x26=1c000985  x8:1c000985
20200836ns          333766 1c008de8 000d4503 lbu              x10, 0(x26)         x10=0000006e x26:1c000985  PA:1c000985
20201139ns          333781 1c008dec 001d0413 addi             x8, x26, 1           x8=1c000986 x26:1c000985
20201160ns          333782 1c008df0 0c050b63 beq              x10, x0, 214        x10:0000006e
20201180ns          333783 1c008df2 02500793 addi             x15, x0, 37         x15=00000025
20201200ns          333784 1c008df6 fef513e3 bne              x10, x15, -26       x10:0000006e x15:00000025
20201261ns          333787 1c008ddc 017005b3 add              x11, x0, x23        x11=00000002 x23:00000002
20201281ns          333788 1c008dde 000980e7 jalr             x1, x19, 0           x1=1c008de0 x19:1c008d20
20201322ns          333790 1c008d20 f14027f3 csrrs            x15, x0, 0xf14      x15=00000001
20201342ns          333791 1c008d24 1a10f6b7 lui              x13, 0x1a10f000     x13=1a10f000
20201362ns          333792 1c008d28 ca5797b3 p.extractu       x15, x15, 5, 5      x15=00000000 x15:00000001
20201382ns          333793 1c008d2c f1402773 csrrs            x14, x0, 0xf14      x14=00000001
20201402ns          333794 1c008d30 00779793 slli             x15, x15, 0x7       x15=00000000 x15:00000000
20201423ns          333795 1c008d32 00371713 slli             x14, x14, 0x3       x14=00000008 x14:00000001
20201443ns          333796 1c008d34 0ff57513 andi             x10, x10, 255       x10=0000006e x10:0000006e
20201463ns          333797 1c008d38 ee873733 p.bclr           x14, x14, 23, 8     x14=00000008 x14:00000008
20201483ns          333798 1c008d3c 00d787b3 add              x15, x15, x13       x15=1a10f000 x15:00000000 x13:1a10f000
20201504ns          333799 1c008d3e 00a767a3 p.sw             x10, x0(x14)        x10:0000006e x14:00000008  PA:1a10f008
20201888ns          333818 1c008d42 00000513 addi             x10, x0, 0          x10=00000000
20201908ns          333819 1c008d44 00008067 jalr             x0, x1, 0            x1:1c008de0
20201949ns          333821 1c008de0 15f52063 p.beqimm         x10, 320            x10:00000000
20201969ns          333822 1c008de4 001a8a93 addi             x21, x21, 1         x21=00000002 x21:00000001
20201989ns          333823 1c008de6 00800d33 add              x26, x0, x8         x26=1c000986  x8:1c000986
20202010ns          333824 1c008de8 000d4503 lbu              x10, 0(x26)         x10=00000074 x26:1c000986  PA:1c000986
20202313ns          333839 1c008dec 001d0413 addi             x8, x26, 1           x8=1c000987 x26:1c000986
20202334ns          333840 1c008df0 0c050b63 beq              x10, x0, 214        x10:00000074
20202354ns          333841 1c008df2 02500793 addi             x15, x0, 37         x15=00000025
20202374ns          333842 1c008df6 fef513e3 bne              x10, x15, -26       x10:00000074 x15:00000025
20202435ns          333845 1c008ddc 017005b3 add              x11, x0, x23        x11=00000002 x23:00000002
20202455ns          333846 1c008dde 000980e7 jalr             x1, x19, 0           x1=1c008de0 x19:1c008d20
20202495ns          333848 1c008d20 f14027f3 csrrs            x15, x0, 0xf14      x15=00000001
20202516ns          333849 1c008d24 1a10f6b7 lui              x13, 0x1a10f000     x13=1a10f000
20202536ns          333850 1c008d28 ca5797b3 p.extractu       x15, x15, 5, 5      x15=00000000 x15:00000001
20202556ns          333851 1c008d2c f1402773 csrrs            x14, x0, 0xf14      x14=00000001
20202576ns          333852 1c008d30 00779793 slli             x15, x15, 0x7       x15=00000000 x15:00000000
20202597ns          333853 1c008d32 00371713 slli             x14, x14, 0x3       x14=00000008 x14:00000001
20202617ns          333854 1c008d34 0ff57513 andi             x10, x10, 255       x10=00000074 x10:00000074
20202637ns          333855 1c008d38 ee873733 p.bclr           x14, x14, 23, 8     x14=00000008 x14:00000008
20202657ns          333856 1c008d3c 00d787b3 add              x15, x15, x13       x15=1a10f000 x15:00000000 x13:1a10f000
20202678ns          333857 1c008d3e 00a767a3 p.sw             x10, x0(x14)        x10:00000074 x14:00000008  PA:1a10f008
20203001ns          333873 1c008d42 00000513 addi             x10, x0, 0          x10=00000000
20203022ns          333874 1c008d44 00008067 jalr             x0, x1, 0            x1:1c008de0
20203062ns          333876 1c008de0 15f52063 p.beqimm         x10, 320            x10:00000000
20203082ns          333877 1c008de4 001a8a93 addi             x21, x21, 1         x21=00000003 x21:00000002
20203103ns          333878 1c008de6 00800d33 add              x26, x0, x8         x26=1c000987  x8:1c000987
20203123ns          333879 1c008de8 000d4503 lbu              x10, 0(x26)         x10=00000065 x26:1c000987  PA:1c000987
20203426ns          333894 1c008dec 001d0413 addi             x8, x26, 1           x8=1c000988 x26:1c000987
20203447ns          333895 1c008df0 0c050b63 beq              x10, x0, 214        x10:00000065
20203467ns          333896 1c008df2 02500793 addi             x15, x0, 37         x15=00000025
20203487ns          333897 1c008df6 fef513e3 bne              x10, x15, -26       x10:00000065 x15:00000025
20203548ns          333900 1c008ddc 017005b3 add              x11, x0, x23        x11=00000002 x23:00000002
20203568ns          333901 1c008dde 000980e7 jalr             x1, x19, 0           x1=1c008de0 x19:1c008d20
20203609ns          333903 1c008d20 f14027f3 csrrs            x15, x0, 0xf14      x15=00000001
20203629ns          333904 1c008d24 1a10f6b7 lui              x13, 0x1a10f000     x13=1a10f000
20203649ns          333905 1c008d28 ca5797b3 p.extractu       x15, x15, 5, 5      x15=00000000 x15:00000001
20203669ns          333906 1c008d2c f1402773 csrrs            x14, x0, 0xf14      x14=00000001
20203690ns          333907 1c008d30 00779793 slli             x15, x15, 0x7       x15=00000000 x15:00000000
20203710ns          333908 1c008d32 00371713 slli             x14, x14, 0x3       x14=00000008 x14:00000001
20203730ns          333909 1c008d34 0ff57513 andi             x10, x10, 255       x10=00000065 x10:00000065
20203750ns          333910 1c008d38 ee873733 p.bclr           x14, x14, 23, 8     x14=00000008 x14:00000008
20203771ns          333911 1c008d3c 00d787b3 add              x15, x15, x13       x15=1a10f000 x15:00000000 x13:1a10f000
20203791ns          333912 1c008d3e 00a767a3 p.sw             x10, x0(x14)        x10:00000065 x14:00000008  PA:1a10f008
20204115ns          333928 1c008d42 00000513 addi             x10, x0, 0          x10=00000000
20204135ns          333929 1c008d44 00008067 jalr             x0, x1, 0            x1:1c008de0
20204175ns          333931 1c008de0 15f52063 p.beqimm         x10, 320            x10:00000000
20204196ns          333932 1c008de4 001a8a93 addi             x21, x21, 1         x21=00000004 x21:00000003
20204216ns          333933 1c008de6 00800d33 add              x26, x0, x8         x26=1c000988  x8:1c000988
20204236ns          333934 1c008de8 000d4503 lbu              x10, 0(x26)         x10=00000072 x26:1c000988  PA:1c000988
20204540ns          333949 1c008dec 001d0413 addi             x8, x26, 1           x8=1c000989 x26:1c000988
20204560ns          333950 1c008df0 0c050b63 beq              x10, x0, 214        x10:00000072
20204580ns          333951 1c008df2 02500793 addi             x15, x0, 37         x15=00000025
20204600ns          333952 1c008df6 fef513e3 bne              x10, x15, -26       x10:00000072 x15:00000025
20204661ns          333955 1c008ddc 017005b3 add              x11, x0, x23        x11=00000002 x23:00000002
20204681ns          333956 1c008dde 000980e7 jalr             x1, x19, 0           x1=1c008de0 x19:1c008d20
20204722ns          333958 1c008d20 f14027f3 csrrs            x15, x0, 0xf14      x15=00000001
20204742ns          333959 1c008d24 1a10f6b7 lui              x13, 0x1a10f000     x13=1a10f000
20204762ns          333960 1c008d28 ca5797b3 p.extractu       x15, x15, 5, 5      x15=00000000 x15:00000001
20204783ns          333961 1c008d2c f1402773 csrrs            x14, x0, 0xf14      x14=00000001
20204803ns          333962 1c008d30 00779793 slli             x15, x15, 0x7       x15=00000000 x15:00000000
20204823ns          333963 1c008d32 00371713 slli             x14, x14, 0x3       x14=00000008 x14:00000001
20204843ns          333964 1c008d34 0ff57513 andi             x10, x10, 255       x10=00000072 x10:00000072
20204864ns          333965 1c008d38 ee873733 p.bclr           x14, x14, 23, 8     x14=00000008 x14:00000008
20204884ns          333966 1c008d3c 00d787b3 add              x15, x15, x13       x15=1a10f000 x15:00000000 x13:1a10f000
20204904ns          333967 1c008d3e 00a767a3 p.sw             x10, x0(x14)        x10:00000072 x14:00000008  PA:1a10f008
20205228ns          333983 1c008d42 00000513 addi             x10, x0, 0          x10=00000000
20205248ns          333984 1c008d44 00008067 jalr             x0, x1, 0            x1:1c008de0
20205289ns          333986 1c008de0 15f52063 p.beqimm         x10, 320            x10:00000000
20205309ns          333987 1c008de4 001a8a93 addi             x21, x21, 1         x21=00000005 x21:00000004
20205329ns          333988 1c008de6 00800d33 add              x26, x0, x8         x26=1c000989  x8:1c000989
20205349ns          333989 1c008de8 000d4503 lbu              x10, 0(x26)         x10=00000065 x26:1c000989  PA:1c000989
20205653ns          334004 1c008dec 001d0413 addi             x8, x26, 1           x8=1c00098a x26:1c000989
20205673ns          334005 1c008df0 0c050b63 beq              x10, x0, 214        x10:00000065
20205693ns          334006 1c008df2 02500793 addi             x15, x0, 37         x15=00000025
20205714ns          334007 1c008df6 fef513e3 bne              x10, x15, -26       x10:00000065 x15:00000025
20205774ns          334010 1c008ddc 017005b3 add              x11, x0, x23        x11=00000002 x23:00000002
20205795ns          334011 1c008dde 000980e7 jalr             x1, x19, 0           x1=1c008de0 x19:1c008d20
20205835ns          334013 1c008d20 f14027f3 csrrs            x15, x0, 0xf14      x15=00000001
20205855ns          334014 1c008d24 1a10f6b7 lui              x13, 0x1a10f000     x13=1a10f000
20205876ns          334015 1c008d28 ca5797b3 p.extractu       x15, x15, 5, 5      x15=00000000 x15:00000001
20205896ns          334016 1c008d2c f1402773 csrrs            x14, x0, 0xf14      x14=00000001
20205916ns          334017 1c008d30 00779793 slli             x15, x15, 0x7       x15=00000000 x15:00000000
20205936ns          334018 1c008d32 00371713 slli             x14, x14, 0x3       x14=00000008 x14:00000001
20205956ns          334019 1c008d34 0ff57513 andi             x10, x10, 255       x10=00000065 x10:00000065
20205977ns          334020 1c008d38 ee873733 p.bclr           x14, x14, 23, 8     x14=00000008 x14:00000008
20205997ns          334021 1c008d3c 00d787b3 add              x15, x15, x13       x15=1a10f000 x15:00000000 x13:1a10f000
20206017ns          334022 1c008d3e 00a767a3 p.sw             x10, x0(x14)        x10:00000065 x14:00000008  PA:1a10f008
20206341ns          334038 1c008d42 00000513 addi             x10, x0, 0          x10=00000000
20206361ns          334039 1c008d44 00008067 jalr             x0, x1, 0            x1:1c008de0
20206402ns          334041 1c008de0 15f52063 p.beqimm         x10, 320            x10:00000000
20206422ns          334042 1c008de4 001a8a93 addi             x21, x21, 1         x21=00000006 x21:00000005
20206442ns          334043 1c008de6 00800d33 add              x26, x0, x8         x26=1c00098a  x8:1c00098a
20206462ns          334044 1c008de8 000d4503 lbu              x10, 0(x26)         x10=00000064 x26:1c00098a  PA:1c00098a
20206766ns          334059 1c008dec 001d0413 addi             x8, x26, 1           x8=1c00098b x26:1c00098a
20206786ns          334060 1c008df0 0c050b63 beq              x10, x0, 214        x10:00000064
20206807ns          334061 1c008df2 02500793 addi             x15, x0, 37         x15=00000025
20206827ns          334062 1c008df6 fef513e3 bne              x10, x15, -26       x10:00000064 x15:00000025
20206888ns          334065 1c008ddc 017005b3 add              x11, x0, x23        x11=00000002 x23:00000002
20206908ns          334066 1c008dde 000980e7 jalr             x1, x19, 0           x1=1c008de0 x19:1c008d20
20206948ns          334068 1c008d20 f14027f3 csrrs            x15, x0, 0xf14      x15=00000001
20206968ns          334069 1c008d24 1a10f6b7 lui              x13, 0x1a10f000     x13=1a10f000
20206989ns          334070 1c008d28 ca5797b3 p.extractu       x15, x15, 5, 5      x15=00000000 x15:00000001
20207009ns          334071 1c008d2c f1402773 csrrs            x14, x0, 0xf14      x14=00000001
20207029ns          334072 1c008d30 00779793 slli             x15, x15, 0x7       x15=00000000 x15:00000000
20207049ns          334073 1c008d32 00371713 slli             x14, x14, 0x3       x14=00000008 x14:00000001
20207070ns          334074 1c008d34 0ff57513 andi             x10, x10, 255       x10=00000064 x10:00000064
20207090ns          334075 1c008d38 ee873733 p.bclr           x14, x14, 23, 8     x14=00000008 x14:00000008
20207110ns          334076 1c008d3c 00d787b3 add              x15, x15, x13       x15=1a10f000 x15:00000000 x13:1a10f000
20207130ns          334077 1c008d3e 00a767a3 p.sw             x10, x0(x14)        x10:00000064 x14:00000008  PA:1a10f008
20207454ns          334093 1c008d42 00000513 addi             x10, x0, 0          x10=00000000
20207474ns          334094 1c008d44 00008067 jalr             x0, x1, 0            x1:1c008de0
20207515ns          334096 1c008de0 15f52063 p.beqimm         x10, 320            x10:00000000
20207535ns          334097 1c008de4 001a8a93 addi             x21, x21, 1         x21=00000007 x21:00000006
20207555ns          334098 1c008de6 00800d33 add              x26, x0, x8         x26=1c00098b  x8:1c00098b
20207576ns          334099 1c008de8 000d4503 lbu              x10, 0(x26)         x10=00000020 x26:1c00098b  PA:1c00098b
20207879ns          334114 1c008dec 001d0413 addi             x8, x26, 1           x8=1c00098c x26:1c00098b
20207900ns          334115 1c008df0 0c050b63 beq              x10, x0, 214        x10:00000020
20207920ns          334116 1c008df2 02500793 addi             x15, x0, 37         x15=00000025
20207940ns          334117 1c008df6 fef513e3 bne              x10, x15, -26       x10:00000020 x15:00000025
20208001ns          334120 1c008ddc 017005b3 add              x11, x0, x23        x11=00000002 x23:00000002
20208021ns          334121 1c008dde 000980e7 jalr             x1, x19, 0           x1=1c008de0 x19:1c008d20
20208061ns          334123 1c008d20 f14027f3 csrrs            x15, x0, 0xf14      x15=00000001
20208082ns          334124 1c008d24 1a10f6b7 lui              x13, 0x1a10f000     x13=1a10f000
20208102ns          334125 1c008d28 ca5797b3 p.extractu       x15, x15, 5, 5      x15=00000000 x15:00000001
20208122ns          334126 1c008d2c f1402773 csrrs            x14, x0, 0xf14      x14=00000001
20208142ns          334127 1c008d30 00779793 slli             x15, x15, 0x7       x15=00000000 x15:00000000
20208163ns          334128 1c008d32 00371713 slli             x14, x14, 0x3       x14=00000008 x14:00000001
20208183ns          334129 1c008d34 0ff57513 andi             x10, x10, 255       x10=00000020 x10:00000020
20208203ns          334130 1c008d38 ee873733 p.bclr           x14, x14, 23, 8     x14=00000008 x14:00000008
20208223ns          334131 1c008d3c 00d787b3 add              x15, x15, x13       x15=1a10f000 x15:00000000 x13:1a10f000
20208244ns          334132 1c008d3e 00a767a3 p.sw             x10, x0(x14)        x10:00000020 x14:00000008  PA:1a10f008
20208567ns          334148 1c008d42 00000513 addi             x10, x0, 0          x10=00000000
20208588ns          334149 1c008d44 00008067 jalr             x0, x1, 0            x1:1c008de0
20208628ns          334151 1c008de0 15f52063 p.beqimm         x10, 320            x10:00000000
20208648ns          334152 1c008de4 001a8a93 addi             x21, x21, 1         x21=00000008 x21:00000007
20208669ns          334153 1c008de6 00800d33 add              x26, x0, x8         x26=1c00098c  x8:1c00098c
20208689ns          334154 1c008de8 000d4503 lbu              x10, 0(x26)         x10=00000063 x26:1c00098c  PA:1c00098c
20208992ns          334169 1c008dec 001d0413 addi             x8, x26, 1           x8=1c00098d x26:1c00098c
20209013ns          334170 1c008df0 0c050b63 beq              x10, x0, 214        x10:00000063
20209033ns          334171 1c008df2 02500793 addi             x15, x0, 37         x15=00000025
20209053ns          334172 1c008df6 fef513e3 bne              x10, x15, -26       x10:00000063 x15:00000025
20209114ns          334175 1c008ddc 017005b3 add              x11, x0, x23        x11=00000002 x23:00000002
20209134ns          334176 1c008dde 000980e7 jalr             x1, x19, 0           x1=1c008de0 x19:1c008d20
20209175ns          334178 1c008d20 f14027f3 csrrs            x15, x0, 0xf14      x15=00000001
20209195ns          334179 1c008d24 1a10f6b7 lui              x13, 0x1a10f000     x13=1a10f000
20209215ns          334180 1c008d28 ca5797b3 p.extractu       x15, x15, 5, 5      x15=00000000 x15:00000001
20209235ns          334181 1c008d2c f1402773 csrrs            x14, x0, 0xf14      x14=00000001
20209256ns          334182 1c008d30 00779793 slli             x15, x15, 0x7       x15=00000000 x15:00000000
20209276ns          334183 1c008d32 00371713 slli             x14, x14, 0x3       x14=00000008 x14:00000001
20209296ns          334184 1c008d34 0ff57513 andi             x10, x10, 255       x10=00000063 x10:00000063
20209316ns          334185 1c008d38 ee873733 p.bclr           x14, x14, 23, 8     x14=00000008 x14:00000008
20209337ns          334186 1c008d3c 00d787b3 add              x15, x15, x13       x15=1a10f000 x15:00000000 x13:1a10f000
20209357ns          334187 1c008d3e 00a767a3 p.sw             x10, x0(x14)        x10:00000063 x14:00000008  PA:1a10f008
20209681ns          334203 1c008d42 00000513 addi             x10, x0, 0          x10=00000000
20209701ns          334204 1c008d44 00008067 jalr             x0, x1, 0            x1:1c008de0
20209741ns          334206 1c008de0 15f52063 p.beqimm         x10, 320            x10:00000000
20209762ns          334207 1c008de4 001a8a93 addi             x21, x21, 1         x21=00000009 x21:00000008
20209782ns          334208 1c008de6 00800d33 add              x26, x0, x8         x26=1c00098d  x8:1c00098d
20209802ns          334209 1c008de8 000d4503 lbu              x10, 0(x26)         x10=0000006c x26:1c00098d  PA:1c00098d
20210106ns          334224 1c008dec 001d0413 addi             x8, x26, 1           x8=1c00098e x26:1c00098d
20210126ns          334225 1c008df0 0c050b63 beq              x10, x0, 214        x10:0000006c
20210146ns          334226 1c008df2 02500793 addi             x15, x0, 37         x15=00000025
20210166ns          334227 1c008df6 fef513e3 bne              x10, x15, -26       x10:0000006c x15:00000025
20210227ns          334230 1c008ddc 017005b3 add              x11, x0, x23        x11=00000002 x23:00000002
20210247ns          334231 1c008dde 000980e7 jalr             x1, x19, 0           x1=1c008de0 x19:1c008d20
20210288ns          334233 1c008d20 f14027f3 csrrs            x15, x0, 0xf14      x15=00000001
20210308ns          334234 1c008d24 1a10f6b7 lui              x13, 0x1a10f000     x13=1a10f000
20210328ns          334235 1c008d28 ca5797b3 p.extractu       x15, x15, 5, 5      x15=00000000 x15:00000001
20210349ns          334236 1c008d2c f1402773 csrrs            x14, x0, 0xf14      x14=00000001
20210369ns          334237 1c008d30 00779793 slli             x15, x15, 0x7       x15=00000000 x15:00000000
20210389ns          334238 1c008d32 00371713 slli             x14, x14, 0x3       x14=00000008 x14:00000001
20210409ns          334239 1c008d34 0ff57513 andi             x10, x10, 255       x10=0000006c x10:0000006c
20210430ns          334240 1c008d38 ee873733 p.bclr           x14, x14, 23, 8     x14=00000008 x14:00000008
20210450ns          334241 1c008d3c 00d787b3 add              x15, x15, x13       x15=1a10f000 x15:00000000 x13:1a10f000
20210470ns          334242 1c008d3e 00a767a3 p.sw             x10, x0(x14)        x10:0000006c x14:00000008  PA:1a10f008
20210794ns          334258 1c008d42 00000513 addi             x10, x0, 0          x10=00000000
20210814ns          334259 1c008d44 00008067 jalr             x0, x1, 0            x1:1c008de0
20210855ns          334261 1c008de0 15f52063 p.beqimm         x10, 320            x10:00000000
20210875ns          334262 1c008de4 001a8a93 addi             x21, x21, 1         x21=0000000a x21:00000009
20210895ns          334263 1c008de6 00800d33 add              x26, x0, x8         x26=1c00098e  x8:1c00098e
20210915ns          334264 1c008de8 000d4503 lbu              x10, 0(x26)         x10=00000075 x26:1c00098e  PA:1c00098e
20211219ns          334279 1c008dec 001d0413 addi             x8, x26, 1           x8=1c00098f x26:1c00098e
20211239ns          334280 1c008df0 0c050b63 beq              x10, x0, 214        x10:00000075
20211259ns          334281 1c008df2 02500793 addi             x15, x0, 37         x15=00000025
20211280ns          334282 1c008df6 fef513e3 bne              x10, x15, -26       x10:00000075 x15:00000025
20211340ns          334285 1c008ddc 017005b3 add              x11, x0, x23        x11=00000002 x23:00000002
20211361ns          334286 1c008dde 000980e7 jalr             x1, x19, 0           x1=1c008de0 x19:1c008d20
20211401ns          334288 1c008d20 f14027f3 csrrs            x15, x0, 0xf14      x15=00000001
20211421ns          334289 1c008d24 1a10f6b7 lui              x13, 0x1a10f000     x13=1a10f000
20211442ns          334290 1c008d28 ca5797b3 p.extractu       x15, x15, 5, 5      x15=00000000 x15:00000001
20211462ns          334291 1c008d2c f1402773 csrrs            x14, x0, 0xf14      x14=00000001
20211482ns          334292 1c008d30 00779793 slli             x15, x15, 0x7       x15=00000000 x15:00000000
20211502ns          334293 1c008d32 00371713 slli             x14, x14, 0x3       x14=00000008 x14:00000001
20211522ns          334294 1c008d34 0ff57513 andi             x10, x10, 255       x10=00000075 x10:00000075
20211543ns          334295 1c008d38 ee873733 p.bclr           x14, x14, 23, 8     x14=00000008 x14:00000008
20211563ns          334296 1c008d3c 00d787b3 add              x15, x15, x13       x15=1a10f000 x15:00000000 x13:1a10f000
20211583ns          334297 1c008d3e 00a767a3 p.sw             x10, x0(x14)        x10:00000075 x14:00000008  PA:1a10f008
20211907ns          334313 1c008d42 00000513 addi             x10, x0, 0          x10=00000000
20211927ns          334314 1c008d44 00008067 jalr             x0, x1, 0            x1:1c008de0
20211968ns          334316 1c008de0 15f52063 p.beqimm         x10, 320            x10:00000000
20211988ns          334317 1c008de4 001a8a93 addi             x21, x21, 1         x21=0000000b x21:0000000a
20212008ns          334318 1c008de6 00800d33 add              x26, x0, x8         x26=1c00098f  x8:1c00098f
20212028ns          334319 1c008de8 000d4503 lbu              x10, 0(x26)         x10=00000073 x26:1c00098f  PA:1c00098f
20212332ns          334334 1c008dec 001d0413 addi             x8, x26, 1           x8=1c000990 x26:1c00098f
20212352ns          334335 1c008df0 0c050b63 beq              x10, x0, 214        x10:00000073
20212373ns          334336 1c008df2 02500793 addi             x15, x0, 37         x15=00000025
20212393ns          334337 1c008df6 fef513e3 bne              x10, x15, -26       x10:00000073 x15:00000025
20212454ns          334340 1c008ddc 017005b3 add              x11, x0, x23        x11=00000002 x23:00000002
20212474ns          334341 1c008dde 000980e7 jalr             x1, x19, 0           x1=1c008de0 x19:1c008d20
20212514ns          334343 1c008d20 f14027f3 csrrs            x15, x0, 0xf14      x15=00000001
20212534ns          334344 1c008d24 1a10f6b7 lui              x13, 0x1a10f000     x13=1a10f000
20212555ns          334345 1c008d28 ca5797b3 p.extractu       x15, x15, 5, 5      x15=00000000 x15:00000001
20212575ns          334346 1c008d2c f1402773 csrrs            x14, x0, 0xf14      x14=00000001
20212595ns          334347 1c008d30 00779793 slli             x15, x15, 0x7       x15=00000000 x15:00000000
20212615ns          334348 1c008d32 00371713 slli             x14, x14, 0x3       x14=00000008 x14:00000001
20212636ns          334349 1c008d34 0ff57513 andi             x10, x10, 255       x10=00000073 x10:00000073
20212656ns          334350 1c008d38 ee873733 p.bclr           x14, x14, 23, 8     x14=00000008 x14:00000008
20212676ns          334351 1c008d3c 00d787b3 add              x15, x15, x13       x15=1a10f000 x15:00000000 x13:1a10f000
20212696ns          334352 1c008d3e 00a767a3 p.sw             x10, x0(x14)        x10:00000073 x14:00000008  PA:1a10f008
20213020ns          334368 1c008d42 00000513 addi             x10, x0, 0          x10=00000000
20213040ns          334369 1c008d44 00008067 jalr             x0, x1, 0            x1:1c008de0
20213081ns          334371 1c008de0 15f52063 p.beqimm         x10, 320            x10:00000000
20213101ns          334372 1c008de4 001a8a93 addi             x21, x21, 1         x21=0000000c x21:0000000b
20213121ns          334373 1c008de6 00800d33 add              x26, x0, x8         x26=1c000990  x8:1c000990
20213142ns          334374 1c008de8 000d4503 lbu              x10, 0(x26)         x10=00000074 x26:1c000990  PA:1c000990
20213445ns          334389 1c008dec 001d0413 addi             x8, x26, 1           x8=1c000991 x26:1c000990
20213466ns          334390 1c008df0 0c050b63 beq              x10, x0, 214        x10:00000074
20213486ns          334391 1c008df2 02500793 addi             x15, x0, 37         x15=00000025
20213506ns          334392 1c008df6 fef513e3 bne              x10, x15, -26       x10:00000074 x15:00000025
20213567ns          334395 1c008ddc 017005b3 add              x11, x0, x23        x11=00000002 x23:00000002
20213587ns          334396 1c008dde 000980e7 jalr             x1, x19, 0           x1=1c008de0 x19:1c008d20
20213627ns          334398 1c008d20 f14027f3 csrrs            x15, x0, 0xf14      x15=00000001
20213648ns          334399 1c008d24 1a10f6b7 lui              x13, 0x1a10f000     x13=1a10f000
20213668ns          334400 1c008d28 ca5797b3 p.extractu       x15, x15, 5, 5      x15=00000000 x15:00000001
20213688ns          334401 1c008d2c f1402773 csrrs            x14, x0, 0xf14      x14=00000001
20213708ns          334402 1c008d30 00779793 slli             x15, x15, 0x7       x15=00000000 x15:00000000
20213729ns          334403 1c008d32 00371713 slli             x14, x14, 0x3       x14=00000008 x14:00000001
20213749ns          334404 1c008d34 0ff57513 andi             x10, x10, 255       x10=00000074 x10:00000074
20213769ns          334405 1c008d38 ee873733 p.bclr           x14, x14, 23, 8     x14=00000008 x14:00000008
20213789ns          334406 1c008d3c 00d787b3 add              x15, x15, x13       x15=1a10f000 x15:00000000 x13:1a10f000
20213810ns          334407 1c008d3e 00a767a3 p.sw             x10, x0(x14)        x10:00000074 x14:00000008  PA:1a10f008
20214133ns          334423 1c008d42 00000513 addi             x10, x0, 0          x10=00000000
20214154ns          334424 1c008d44 00008067 jalr             x0, x1, 0            x1:1c008de0
20214194ns          334426 1c008de0 15f52063 p.beqimm         x10, 320            x10:00000000
20214214ns          334427 1c008de4 001a8a93 addi             x21, x21, 1         x21=0000000d x21:0000000c
20214235ns          334428 1c008de6 00800d33 add              x26, x0, x8         x26=1c000991  x8:1c000991
20214255ns          334429 1c008de8 000d4503 lbu              x10, 0(x26)         x10=00000065 x26:1c000991  PA:1c000991
20214558ns          334444 1c008dec 001d0413 addi             x8, x26, 1           x8=1c000992 x26:1c000991
20214579ns          334445 1c008df0 0c050b63 beq              x10, x0, 214        x10:00000065
20214599ns          334446 1c008df2 02500793 addi             x15, x0, 37         x15=00000025
20214619ns          334447 1c008df6 fef513e3 bne              x10, x15, -26       x10:00000065 x15:00000025
20214680ns          334450 1c008ddc 017005b3 add              x11, x0, x23        x11=00000002 x23:00000002
20214700ns          334451 1c008dde 000980e7 jalr             x1, x19, 0           x1=1c008de0 x19:1c008d20
20214741ns          334453 1c008d20 f14027f3 csrrs            x15, x0, 0xf14      x15=00000001
20214761ns          334454 1c008d24 1a10f6b7 lui              x13, 0x1a10f000     x13=1a10f000
20214781ns          334455 1c008d28 ca5797b3 p.extractu       x15, x15, 5, 5      x15=00000000 x15:00000001
20214801ns          334456 1c008d2c f1402773 csrrs            x14, x0, 0xf14      x14=00000001
20214822ns          334457 1c008d30 00779793 slli             x15, x15, 0x7       x15=00000000 x15:00000000
20214842ns          334458 1c008d32 00371713 slli             x14, x14, 0x3       x14=00000008 x14:00000001
20214862ns          334459 1c008d34 0ff57513 andi             x10, x10, 255       x10=00000065 x10:00000065
20214882ns          334460 1c008d38 ee873733 p.bclr           x14, x14, 23, 8     x14=00000008 x14:00000008
20214903ns          334461 1c008d3c 00d787b3 add              x15, x15, x13       x15=1a10f000 x15:00000000 x13:1a10f000
20214923ns          334462 1c008d3e 00a767a3 p.sw             x10, x0(x14)        x10:00000065 x14:00000008  PA:1a10f008
20215247ns          334478 1c008d42 00000513 addi             x10, x0, 0          x10=00000000
20215267ns          334479 1c008d44 00008067 jalr             x0, x1, 0            x1:1c008de0
20215307ns          334481 1c008de0 15f52063 p.beqimm         x10, 320            x10:00000000
20215328ns          334482 1c008de4 001a8a93 addi             x21, x21, 1         x21=0000000e x21:0000000d
20215348ns          334483 1c008de6 00800d33 add              x26, x0, x8         x26=1c000992  x8:1c000992
20215368ns          334484 1c008de8 000d4503 lbu              x10, 0(x26)         x10=00000072 x26:1c000992  PA:1c000992
20215672ns          334499 1c008dec 001d0413 addi             x8, x26, 1           x8=1c000993 x26:1c000992
20215692ns          334500 1c008df0 0c050b63 beq              x10, x0, 214        x10:00000072
20215712ns          334501 1c008df2 02500793 addi             x15, x0, 37         x15=00000025
20215732ns          334502 1c008df6 fef513e3 bne              x10, x15, -26       x10:00000072 x15:00000025
20215793ns          334505 1c008ddc 017005b3 add              x11, x0, x23        x11=00000002 x23:00000002
20215813ns          334506 1c008dde 000980e7 jalr             x1, x19, 0           x1=1c008de0 x19:1c008d20
20215854ns          334508 1c008d20 f14027f3 csrrs            x15, x0, 0xf14      x15=00000001
20215874ns          334509 1c008d24 1a10f6b7 lui              x13, 0x1a10f000     x13=1a10f000
20215894ns          334510 1c008d28 ca5797b3 p.extractu       x15, x15, 5, 5      x15=00000000 x15:00000001
20215915ns          334511 1c008d2c f1402773 csrrs            x14, x0, 0xf14      x14=00000001
20215935ns          334512 1c008d30 00779793 slli             x15, x15, 0x7       x15=00000000 x15:00000000
20215955ns          334513 1c008d32 00371713 slli             x14, x14, 0x3       x14=00000008 x14:00000001
20215975ns          334514 1c008d34 0ff57513 andi             x10, x10, 255       x10=00000072 x10:00000072
20215996ns          334515 1c008d38 ee873733 p.bclr           x14, x14, 23, 8     x14=00000008 x14:00000008
20216016ns          334516 1c008d3c 00d787b3 add              x15, x15, x13       x15=1a10f000 x15:00000000 x13:1a10f000
20216036ns          334517 1c008d3e 00a767a3 p.sw             x10, x0(x14)        x10:00000072 x14:00000008  PA:1a10f008
20216360ns          334533 1c008d42 00000513 addi             x10, x0, 0          x10=00000000
20216380ns          334534 1c008d44 00008067 jalr             x0, x1, 0            x1:1c008de0
20216421ns          334536 1c008de0 15f52063 p.beqimm         x10, 320            x10:00000000
20216441ns          334537 1c008de4 001a8a93 addi             x21, x21, 1         x21=0000000f x21:0000000e
20216461ns          334538 1c008de6 00800d33 add              x26, x0, x8         x26=1c000993  x8:1c000993
20216481ns          334539 1c008de8 000d4503 lbu              x10, 0(x26)         x10=00000020 x26:1c000993  PA:1c000993
20216785ns          334554 1c008dec 001d0413 addi             x8, x26, 1           x8=1c000994 x26:1c000993
20216805ns          334555 1c008df0 0c050b63 beq              x10, x0, 214        x10:00000020
20216825ns          334556 1c008df2 02500793 addi             x15, x0, 37         x15=00000025
20216846ns          334557 1c008df6 fef513e3 bne              x10, x15, -26       x10:00000020 x15:00000025
20216906ns          334560 1c008ddc 017005b3 add              x11, x0, x23        x11=00000002 x23:00000002
20216927ns          334561 1c008dde 000980e7 jalr             x1, x19, 0           x1=1c008de0 x19:1c008d20
20216967ns          334563 1c008d20 f14027f3 csrrs            x15, x0, 0xf14      x15=00000001
20216987ns          334564 1c008d24 1a10f6b7 lui              x13, 0x1a10f000     x13=1a10f000
20217008ns          334565 1c008d28 ca5797b3 p.extractu       x15, x15, 5, 5      x15=00000000 x15:00000001
20217028ns          334566 1c008d2c f1402773 csrrs            x14, x0, 0xf14      x14=00000001
20217048ns          334567 1c008d30 00779793 slli             x15, x15, 0x7       x15=00000000 x15:00000000
20217068ns          334568 1c008d32 00371713 slli             x14, x14, 0x3       x14=00000008 x14:00000001
20217088ns          334569 1c008d34 0ff57513 andi             x10, x10, 255       x10=00000020 x10:00000020
20217109ns          334570 1c008d38 ee873733 p.bclr           x14, x14, 23, 8     x14=00000008 x14:00000008
20217129ns          334571 1c008d3c 00d787b3 add              x15, x15, x13       x15=1a10f000 x15:00000000 x13:1a10f000
20217149ns          334572 1c008d3e 00a767a3 p.sw             x10, x0(x14)        x10:00000020 x14:00000008  PA:1a10f008
20217473ns          334588 1c008d42 00000513 addi             x10, x0, 0          x10=00000000
20217493ns          334589 1c008d44 00008067 jalr             x0, x1, 0            x1:1c008de0
20217534ns          334591 1c008de0 15f52063 p.beqimm         x10, 320            x10:00000000
20217554ns          334592 1c008de4 001a8a93 addi             x21, x21, 1         x21=00000010 x21:0000000f
20217574ns          334593 1c008de6 00800d33 add              x26, x0, x8         x26=1c000994  x8:1c000994
20217594ns          334594 1c008de8 000d4503 lbu              x10, 0(x26)         x10=0000006f x26:1c000994  PA:1c000994
20217898ns          334609 1c008dec 001d0413 addi             x8, x26, 1           x8=1c000995 x26:1c000994
20217918ns          334610 1c008df0 0c050b63 beq              x10, x0, 214        x10:0000006f
20217939ns          334611 1c008df2 02500793 addi             x15, x0, 37         x15=00000025
20217959ns          334612 1c008df6 fef513e3 bne              x10, x15, -26       x10:0000006f x15:00000025
20218020ns          334615 1c008ddc 017005b3 add              x11, x0, x23        x11=00000002 x23:00000002
20218040ns          334616 1c008dde 000980e7 jalr             x1, x19, 0           x1=1c008de0 x19:1c008d20
20218080ns          334618 1c008d20 f14027f3 csrrs            x15, x0, 0xf14      x15=00000001
20218100ns          334619 1c008d24 1a10f6b7 lui              x13, 0x1a10f000     x13=1a10f000
20218121ns          334620 1c008d28 ca5797b3 p.extractu       x15, x15, 5, 5      x15=00000000 x15:00000001
20218141ns          334621 1c008d2c f1402773 csrrs            x14, x0, 0xf14      x14=00000001
20218161ns          334622 1c008d30 00779793 slli             x15, x15, 0x7       x15=00000000 x15:00000000
20218181ns          334623 1c008d32 00371713 slli             x14, x14, 0x3       x14=00000008 x14:00000001
20218202ns          334624 1c008d34 0ff57513 andi             x10, x10, 255       x10=0000006f x10:0000006f
20218222ns          334625 1c008d38 ee873733 p.bclr           x14, x14, 23, 8     x14=00000008 x14:00000008
20218242ns          334626 1c008d3c 00d787b3 add              x15, x15, x13       x15=1a10f000 x15:00000000 x13:1a10f000
20218262ns          334627 1c008d3e 00a767a3 p.sw             x10, x0(x14)        x10:0000006f x14:00000008  PA:1a10f008
20218586ns          334643 1c008d42 00000513 addi             x10, x0, 0          x10=00000000
20218606ns          334644 1c008d44 00008067 jalr             x0, x1, 0            x1:1c008de0
20218647ns          334646 1c008de0 15f52063 p.beqimm         x10, 320            x10:00000000
20218667ns          334647 1c008de4 001a8a93 addi             x21, x21, 1         x21=00000011 x21:00000010
20218687ns          334648 1c008de6 00800d33 add              x26, x0, x8         x26=1c000995  x8:1c000995
20218708ns          334649 1c008de8 000d4503 lbu              x10, 0(x26)         x10=0000006e x26:1c000995  PA:1c000995
20219011ns          334664 1c008dec 001d0413 addi             x8, x26, 1           x8=1c000996 x26:1c000995
20219032ns          334665 1c008df0 0c050b63 beq              x10, x0, 214        x10:0000006e
20219052ns          334666 1c008df2 02500793 addi             x15, x0, 37         x15=00000025
20219072ns          334667 1c008df6 fef513e3 bne              x10, x15, -26       x10:0000006e x15:00000025
20219133ns          334670 1c008ddc 017005b3 add              x11, x0, x23        x11=00000002 x23:00000002
20219153ns          334671 1c008dde 000980e7 jalr             x1, x19, 0           x1=1c008de0 x19:1c008d20
20219193ns          334673 1c008d20 f14027f3 csrrs            x15, x0, 0xf14      x15=00000001
20219214ns          334674 1c008d24 1a10f6b7 lui              x13, 0x1a10f000     x13=1a10f000
20219234ns          334675 1c008d28 ca5797b3 p.extractu       x15, x15, 5, 5      x15=00000000 x15:00000001
20219254ns          334676 1c008d2c f1402773 csrrs            x14, x0, 0xf14      x14=00000001
20219274ns          334677 1c008d30 00779793 slli             x15, x15, 0x7       x15=00000000 x15:00000000
20219295ns          334678 1c008d32 00371713 slli             x14, x14, 0x3       x14=00000008 x14:00000001
20219315ns          334679 1c008d34 0ff57513 andi             x10, x10, 255       x10=0000006e x10:0000006e
20219335ns          334680 1c008d38 ee873733 p.bclr           x14, x14, 23, 8     x14=00000008 x14:00000008
20219355ns          334681 1c008d3c 00d787b3 add              x15, x15, x13       x15=1a10f000 x15:00000000 x13:1a10f000
20219376ns          334682 1c008d3e 00a767a3 p.sw             x10, x0(x14)        x10:0000006e x14:00000008  PA:1a10f008
20219699ns          334698 1c008d42 00000513 addi             x10, x0, 0          x10=00000000
20219720ns          334699 1c008d44 00008067 jalr             x0, x1, 0            x1:1c008de0
20219760ns          334701 1c008de0 15f52063 p.beqimm         x10, 320            x10:00000000
20219780ns          334702 1c008de4 001a8a93 addi             x21, x21, 1         x21=00000012 x21:00000011
20219801ns          334703 1c008de6 00800d33 add              x26, x0, x8         x26=1c000996  x8:1c000996
20219821ns          334704 1c008de8 000d4503 lbu              x10, 0(x26)         x10=00000020 x26:1c000996  PA:1c000996
20220124ns          334719 1c008dec 001d0413 addi             x8, x26, 1           x8=1c000997 x26:1c000996
20220145ns          334720 1c008df0 0c050b63 beq              x10, x0, 214        x10:00000020
20220165ns          334721 1c008df2 02500793 addi             x15, x0, 37         x15=00000025
20220185ns          334722 1c008df6 fef513e3 bne              x10, x15, -26       x10:00000020 x15:00000025
20220246ns          334725 1c008ddc 017005b3 add              x11, x0, x23        x11=00000002 x23:00000002
20220266ns          334726 1c008dde 000980e7 jalr             x1, x19, 0           x1=1c008de0 x19:1c008d20
20220307ns          334728 1c008d20 f14027f3 csrrs            x15, x0, 0xf14      x15=00000001
20220327ns          334729 1c008d24 1a10f6b7 lui              x13, 0x1a10f000     x13=1a10f000
20220347ns          334730 1c008d28 ca5797b3 p.extractu       x15, x15, 5, 5      x15=00000000 x15:00000001
20220367ns          334731 1c008d2c f1402773 csrrs            x14, x0, 0xf14      x14=00000001
20220388ns          334732 1c008d30 00779793 slli             x15, x15, 0x7       x15=00000000 x15:00000000
20220408ns          334733 1c008d32 00371713 slli             x14, x14, 0x3       x14=00000008 x14:00000001
20220428ns          334734 1c008d34 0ff57513 andi             x10, x10, 255       x10=00000020 x10:00000020
20220448ns          334735 1c008d38 ee873733 p.bclr           x14, x14, 23, 8     x14=00000008 x14:00000008
20220469ns          334736 1c008d3c 00d787b3 add              x15, x15, x13       x15=1a10f000 x15:00000000 x13:1a10f000
20220489ns          334737 1c008d3e 00a767a3 p.sw             x10, x0(x14)        x10:00000020 x14:00000008  PA:1a10f008
20220813ns          334753 1c008d42 00000513 addi             x10, x0, 0          x10=00000000
20220833ns          334754 1c008d44 00008067 jalr             x0, x1, 0            x1:1c008de0
20220873ns          334756 1c008de0 15f52063 p.beqimm         x10, 320            x10:00000000
20220894ns          334757 1c008de4 001a8a93 addi             x21, x21, 1         x21=00000013 x21:00000012
20220914ns          334758 1c008de6 00800d33 add              x26, x0, x8         x26=1c000997  x8:1c000997
20220934ns          334759 1c008de8 000d4503 lbu              x10, 0(x26)         x10=00000063 x26:1c000997  PA:1c000997
20221238ns          334774 1c008dec 001d0413 addi             x8, x26, 1           x8=1c000998 x26:1c000997
20221258ns          334775 1c008df0 0c050b63 beq              x10, x0, 214        x10:00000063
20221278ns          334776 1c008df2 02500793 addi             x15, x0, 37         x15=00000025
20221298ns          334777 1c008df6 fef513e3 bne              x10, x15, -26       x10:00000063 x15:00000025
20221359ns          334780 1c008ddc 017005b3 add              x11, x0, x23        x11=00000002 x23:00000002
20221379ns          334781 1c008dde 000980e7 jalr             x1, x19, 0           x1=1c008de0 x19:1c008d20
20221420ns          334783 1c008d20 f14027f3 csrrs            x15, x0, 0xf14      x15=00000001
20221440ns          334784 1c008d24 1a10f6b7 lui              x13, 0x1a10f000     x13=1a10f000
20221460ns          334785 1c008d28 ca5797b3 p.extractu       x15, x15, 5, 5      x15=00000000 x15:00000001
20221481ns          334786 1c008d2c f1402773 csrrs            x14, x0, 0xf14      x14=00000001
20221501ns          334787 1c008d30 00779793 slli             x15, x15, 0x7       x15=00000000 x15:00000000
20221521ns          334788 1c008d32 00371713 slli             x14, x14, 0x3       x14=00000008 x14:00000001
20221541ns          334789 1c008d34 0ff57513 andi             x10, x10, 255       x10=00000063 x10:00000063
20221562ns          334790 1c008d38 ee873733 p.bclr           x14, x14, 23, 8     x14=00000008 x14:00000008
20221582ns          334791 1c008d3c 00d787b3 add              x15, x15, x13       x15=1a10f000 x15:00000000 x13:1a10f000
20221602ns          334792 1c008d3e 00a767a3 p.sw             x10, x0(x14)        x10:00000063 x14:00000008  PA:1a10f008
20221906ns          334807 1c008d42 00000513 addi             x10, x0, 0          x10=00000000
20221926ns          334808 1c008d44 00008067 jalr             x0, x1, 0            x1:1c008de0
20221966ns          334810 1c008de0 15f52063 p.beqimm         x10, 320            x10:00000000
20221987ns          334811 1c008de4 001a8a93 addi             x21, x21, 1         x21=00000014 x21:00000013
20222007ns          334812 1c008de6 00800d33 add              x26, x0, x8         x26=1c000998  x8:1c000998
20222027ns          334813 1c008de8 000d4503 lbu              x10, 0(x26)         x10=0000006c x26:1c000998  PA:1c000998
20222331ns          334828 1c008dec 001d0413 addi             x8, x26, 1           x8=1c000999 x26:1c000998
20222351ns          334829 1c008df0 0c050b63 beq              x10, x0, 214        x10:0000006c
20222371ns          334830 1c008df2 02500793 addi             x15, x0, 37         x15=00000025
20222391ns          334831 1c008df6 fef513e3 bne              x10, x15, -26       x10:0000006c x15:00000025
20222452ns          334834 1c008ddc 017005b3 add              x11, x0, x23        x11=00000002 x23:00000002
20222472ns          334835 1c008dde 000980e7 jalr             x1, x19, 0           x1=1c008de0 x19:1c008d20
20222513ns          334837 1c008d20 f14027f3 csrrs            x15, x0, 0xf14      x15=00000001
20222533ns          334838 1c008d24 1a10f6b7 lui              x13, 0x1a10f000     x13=1a10f000
20222553ns          334839 1c008d28 ca5797b3 p.extractu       x15, x15, 5, 5      x15=00000000 x15:00000001
20222574ns          334840 1c008d2c f1402773 csrrs            x14, x0, 0xf14      x14=00000001
20222594ns          334841 1c008d30 00779793 slli             x15, x15, 0x7       x15=00000000 x15:00000000
20222614ns          334842 1c008d32 00371713 slli             x14, x14, 0x3       x14=00000008 x14:00000001
20222634ns          334843 1c008d34 0ff57513 andi             x10, x10, 255       x10=0000006c x10:0000006c
20222654ns          334844 1c008d38 ee873733 p.bclr           x14, x14, 23, 8     x14=00000008 x14:00000008
20222675ns          334845 1c008d3c 00d787b3 add              x15, x15, x13       x15=1a10f000 x15:00000000 x13:1a10f000
20222695ns          334846 1c008d3e 00a767a3 p.sw             x10, x0(x14)        x10:0000006c x14:00000008  PA:1a10f008
20223039ns          334863 1c008d42 00000513 addi             x10, x0, 0          x10=00000000
20223059ns          334864 1c008d44 00008067 jalr             x0, x1, 0            x1:1c008de0
20223100ns          334866 1c008de0 15f52063 p.beqimm         x10, 320            x10:00000000
20223120ns          334867 1c008de4 001a8a93 addi             x21, x21, 1         x21=00000015 x21:00000014
20223140ns          334868 1c008de6 00800d33 add              x26, x0, x8         x26=1c000999  x8:1c000999
20223160ns          334869 1c008de8 000d4503 lbu              x10, 0(x26)         x10=00000075 x26:1c000999  PA:1c000999
20223464ns          334884 1c008dec 001d0413 addi             x8, x26, 1           x8=1c00099a x26:1c000999
20223484ns          334885 1c008df0 0c050b63 beq              x10, x0, 214        x10:00000075
20223505ns          334886 1c008df2 02500793 addi             x15, x0, 37         x15=00000025
20223525ns          334887 1c008df6 fef513e3 bne              x10, x15, -26       x10:00000075 x15:00000025
20223586ns          334890 1c008ddc 017005b3 add              x11, x0, x23        x11=00000002 x23:00000002
20223606ns          334891 1c008dde 000980e7 jalr             x1, x19, 0           x1=1c008de0 x19:1c008d20
20223646ns          334893 1c008d20 f14027f3 csrrs            x15, x0, 0xf14      x15=00000001
20223666ns          334894 1c008d24 1a10f6b7 lui              x13, 0x1a10f000     x13=1a10f000
20223687ns          334895 1c008d28 ca5797b3 p.extractu       x15, x15, 5, 5      x15=00000000 x15:00000001
20223707ns          334896 1c008d2c f1402773 csrrs            x14, x0, 0xf14      x14=00000001
20223727ns          334897 1c008d30 00779793 slli             x15, x15, 0x7       x15=00000000 x15:00000000
20223747ns          334898 1c008d32 00371713 slli             x14, x14, 0x3       x14=00000008 x14:00000001
20223768ns          334899 1c008d34 0ff57513 andi             x10, x10, 255       x10=00000075 x10:00000075
20223788ns          334900 1c008d38 ee873733 p.bclr           x14, x14, 23, 8     x14=00000008 x14:00000008
20223808ns          334901 1c008d3c 00d787b3 add              x15, x15, x13       x15=1a10f000 x15:00000000 x13:1a10f000
20223828ns          334902 1c008d3e 00a767a3 p.sw             x10, x0(x14)        x10:00000075 x14:00000008  PA:1a10f008
20224152ns          334918 1c008d42 00000513 addi             x10, x0, 0          x10=00000000
20224172ns          334919 1c008d44 00008067 jalr             x0, x1, 0            x1:1c008de0
20224213ns          334921 1c008de0 15f52063 p.beqimm         x10, 320            x10:00000000
20224233ns          334922 1c008de4 001a8a93 addi             x21, x21, 1         x21=00000016 x21:00000015
20224253ns          334923 1c008de6 00800d33 add              x26, x0, x8         x26=1c00099a  x8:1c00099a
20224274ns          334924 1c008de8 000d4503 lbu              x10, 0(x26)         x10=00000073 x26:1c00099a  PA:1c00099a
20224577ns          334939 1c008dec 001d0413 addi             x8, x26, 1           x8=1c00099b x26:1c00099a
20224598ns          334940 1c008df0 0c050b63 beq              x10, x0, 214        x10:00000073
20224618ns          334941 1c008df2 02500793 addi             x15, x0, 37         x15=00000025
20224638ns          334942 1c008df6 fef513e3 bne              x10, x15, -26       x10:00000073 x15:00000025
20224699ns          334945 1c008ddc 017005b3 add              x11, x0, x23        x11=00000002 x23:00000002
20224719ns          334946 1c008dde 000980e7 jalr             x1, x19, 0           x1=1c008de0 x19:1c008d20
20224759ns          334948 1c008d20 f14027f3 csrrs            x15, x0, 0xf14      x15=00000001
20224780ns          334949 1c008d24 1a10f6b7 lui              x13, 0x1a10f000     x13=1a10f000
20224800ns          334950 1c008d28 ca5797b3 p.extractu       x15, x15, 5, 5      x15=00000000 x15:00000001
20224820ns          334951 1c008d2c f1402773 csrrs            x14, x0, 0xf14      x14=00000001
20224840ns          334952 1c008d30 00779793 slli             x15, x15, 0x7       x15=00000000 x15:00000000
20224861ns          334953 1c008d32 00371713 slli             x14, x14, 0x3       x14=00000008 x14:00000001
20224881ns          334954 1c008d34 0ff57513 andi             x10, x10, 255       x10=00000073 x10:00000073
20224901ns          334955 1c008d38 ee873733 p.bclr           x14, x14, 23, 8     x14=00000008 x14:00000008
20224921ns          334956 1c008d3c 00d787b3 add              x15, x15, x13       x15=1a10f000 x15:00000000 x13:1a10f000
20224942ns          334957 1c008d3e 00a767a3 p.sw             x10, x0(x14)        x10:00000073 x14:00000008  PA:1a10f008
20225286ns          334974 1c008d42 00000513 addi             x10, x0, 0          x10=00000000
20225306ns          334975 1c008d44 00008067 jalr             x0, x1, 0            x1:1c008de0
20225346ns          334977 1c008de0 15f52063 p.beqimm         x10, 320            x10:00000000
20225367ns          334978 1c008de4 001a8a93 addi             x21, x21, 1         x21=00000017 x21:00000016
20225387ns          334979 1c008de6 00800d33 add              x26, x0, x8         x26=1c00099b  x8:1c00099b
20225407ns          334980 1c008de8 000d4503 lbu              x10, 0(x26)         x10=00000074 x26:1c00099b  PA:1c00099b
20225711ns          334995 1c008dec 001d0413 addi             x8, x26, 1           x8=1c00099c x26:1c00099b
20225731ns          334996 1c008df0 0c050b63 beq              x10, x0, 214        x10:00000074
20225751ns          334997 1c008df2 02500793 addi             x15, x0, 37         x15=00000025
20225771ns          334998 1c008df6 fef513e3 bne              x10, x15, -26       x10:00000074 x15:00000025
20225832ns          335001 1c008ddc 017005b3 add              x11, x0, x23        x11=00000002 x23:00000002
20225852ns          335002 1c008dde 000980e7 jalr             x1, x19, 0           x1=1c008de0 x19:1c008d20
20225893ns          335004 1c008d20 f14027f3 csrrs            x15, x0, 0xf14      x15=00000001
20225913ns          335005 1c008d24 1a10f6b7 lui              x13, 0x1a10f000     x13=1a10f000
20225933ns          335006 1c008d28 ca5797b3 p.extractu       x15, x15, 5, 5      x15=00000000 x15:00000001
20225954ns          335007 1c008d2c f1402773 csrrs            x14, x0, 0xf14      x14=00000001
20225974ns          335008 1c008d30 00779793 slli             x15, x15, 0x7       x15=00000000 x15:00000000
20225994ns          335009 1c008d32 00371713 slli             x14, x14, 0x3       x14=00000008 x14:00000001
20226014ns          335010 1c008d34 0ff57513 andi             x10, x10, 255       x10=00000074 x10:00000074
20226035ns          335011 1c008d38 ee873733 p.bclr           x14, x14, 23, 8     x14=00000008 x14:00000008
20226055ns          335012 1c008d3c 00d787b3 add              x15, x15, x13       x15=1a10f000 x15:00000000 x13:1a10f000
20226075ns          335013 1c008d3e 00a767a3 p.sw             x10, x0(x14)        x10:00000074 x14:00000008  PA:1a10f008
20226419ns          335030 1c008d42 00000513 addi             x10, x0, 0          x10=00000000
20226439ns          335031 1c008d44 00008067 jalr             x0, x1, 0            x1:1c008de0
20226480ns          335033 1c008de0 15f52063 p.beqimm         x10, 320            x10:00000000
20226500ns          335034 1c008de4 001a8a93 addi             x21, x21, 1         x21=00000018 x21:00000017
20226520ns          335035 1c008de6 00800d33 add              x26, x0, x8         x26=1c00099c  x8:1c00099c
20226541ns          335036 1c008de8 000d4503 lbu              x10, 0(x26)         x10=00000065 x26:1c00099c  PA:1c00099c
20226844ns          335051 1c008dec 001d0413 addi             x8, x26, 1           x8=1c00099d x26:1c00099c
20226864ns          335052 1c008df0 0c050b63 beq              x10, x0, 214        x10:00000065
20226885ns          335053 1c008df2 02500793 addi             x15, x0, 37         x15=00000025
20226905ns          335054 1c008df6 fef513e3 bne              x10, x15, -26       x10:00000065 x15:00000025
20226966ns          335057 1c008ddc 017005b3 add              x11, x0, x23        x11=00000002 x23:00000002
20226986ns          335058 1c008dde 000980e7 jalr             x1, x19, 0           x1=1c008de0 x19:1c008d20
20227026ns          335060 1c008d20 f14027f3 csrrs            x15, x0, 0xf14      x15=00000001
20227047ns          335061 1c008d24 1a10f6b7 lui              x13, 0x1a10f000     x13=1a10f000
20227067ns          335062 1c008d28 ca5797b3 p.extractu       x15, x15, 5, 5      x15=00000000 x15:00000001
20227087ns          335063 1c008d2c f1402773 csrrs            x14, x0, 0xf14      x14=00000001
20227107ns          335064 1c008d30 00779793 slli             x15, x15, 0x7       x15=00000000 x15:00000000
20227128ns          335065 1c008d32 00371713 slli             x14, x14, 0x3       x14=00000008 x14:00000001
20227148ns          335066 1c008d34 0ff57513 andi             x10, x10, 255       x10=00000065 x10:00000065
20227168ns          335067 1c008d38 ee873733 p.bclr           x14, x14, 23, 8     x14=00000008 x14:00000008
20227188ns          335068 1c008d3c 00d787b3 add              x15, x15, x13       x15=1a10f000 x15:00000000 x13:1a10f000
20227208ns          335069 1c008d3e 00a767a3 p.sw             x10, x0(x14)        x10:00000065 x14:00000008  PA:1a10f008
20227532ns          335085 1c008d42 00000513 addi             x10, x0, 0          x10=00000000
20227553ns          335086 1c008d44 00008067 jalr             x0, x1, 0            x1:1c008de0
20227593ns          335088 1c008de0 15f52063 p.beqimm         x10, 320            x10:00000000
20227613ns          335089 1c008de4 001a8a93 addi             x21, x21, 1         x21=00000019 x21:00000018
20227634ns          335090 1c008de6 00800d33 add              x26, x0, x8         x26=1c00099d  x8:1c00099d
20227654ns          335091 1c008de8 000d4503 lbu              x10, 0(x26)         x10=00000072 x26:1c00099d  PA:1c00099d
20227957ns          335106 1c008dec 001d0413 addi             x8, x26, 1           x8=1c00099e x26:1c00099d
20227978ns          335107 1c008df0 0c050b63 beq              x10, x0, 214        x10:00000072
20227998ns          335108 1c008df2 02500793 addi             x15, x0, 37         x15=00000025
20228018ns          335109 1c008df6 fef513e3 bne              x10, x15, -26       x10:00000072 x15:00000025
20228079ns          335112 1c008ddc 017005b3 add              x11, x0, x23        x11=00000002 x23:00000002
20228099ns          335113 1c008dde 000980e7 jalr             x1, x19, 0           x1=1c008de0 x19:1c008d20
20228140ns          335115 1c008d20 f14027f3 csrrs            x15, x0, 0xf14      x15=00000001
20228160ns          335116 1c008d24 1a10f6b7 lui              x13, 0x1a10f000     x13=1a10f000
20228180ns          335117 1c008d28 ca5797b3 p.extractu       x15, x15, 5, 5      x15=00000000 x15:00000001
20228200ns          335118 1c008d2c f1402773 csrrs            x14, x0, 0xf14      x14=00000001
20228220ns          335119 1c008d30 00779793 slli             x15, x15, 0x7       x15=00000000 x15:00000000
20228241ns          335120 1c008d32 00371713 slli             x14, x14, 0x3       x14=00000008 x14:00000001
20228261ns          335121 1c008d34 0ff57513 andi             x10, x10, 255       x10=00000072 x10:00000072
20228281ns          335122 1c008d38 ee873733 p.bclr           x14, x14, 23, 8     x14=00000008 x14:00000008
20228301ns          335123 1c008d3c 00d787b3 add              x15, x15, x13       x15=1a10f000 x15:00000000 x13:1a10f000
20228322ns          335124 1c008d3e 00a767a3 p.sw             x10, x0(x14)        x10:00000072 x14:00000008  PA:1a10f008
20228646ns          335140 1c008d42 00000513 addi             x10, x0, 0          x10=00000000
20228666ns          335141 1c008d44 00008067 jalr             x0, x1, 0            x1:1c008de0
20228706ns          335143 1c008de0 15f52063 p.beqimm         x10, 320            x10:00000000
20228726ns          335144 1c008de4 001a8a93 addi             x21, x21, 1         x21=0000001a x21:00000019
20228747ns          335145 1c008de6 00800d33 add              x26, x0, x8         x26=1c00099e  x8:1c00099e
20228767ns          335146 1c008de8 000d4503 lbu              x10, 0(x26)         x10=00000020 x26:1c00099e  PA:1c00099e
20229071ns          335161 1c008dec 001d0413 addi             x8, x26, 1           x8=1c00099f x26:1c00099e
20229091ns          335162 1c008df0 0c050b63 beq              x10, x0, 214        x10:00000020
20229111ns          335163 1c008df2 02500793 addi             x15, x0, 37         x15=00000025
20229131ns          335164 1c008df6 fef513e3 bne              x10, x15, -26       x10:00000020 x15:00000025
20229192ns          335167 1c008ddc 017005b3 add              x11, x0, x23        x11=00000002 x23:00000002
20229212ns          335168 1c008dde 000980e7 jalr             x1, x19, 0           x1=1c008de0 x19:1c008d20
20229253ns          335170 1c008d20 f14027f3 csrrs            x15, x0, 0xf14      x15=00000001
20229273ns          335171 1c008d24 1a10f6b7 lui              x13, 0x1a10f000     x13=1a10f000
20229293ns          335172 1c008d28 ca5797b3 p.extractu       x15, x15, 5, 5      x15=00000000 x15:00000001
20229313ns          335173 1c008d2c f1402773 csrrs            x14, x0, 0xf14      x14=00000001
20229334ns          335174 1c008d30 00779793 slli             x15, x15, 0x7       x15=00000000 x15:00000000
20229354ns          335175 1c008d32 00371713 slli             x14, x14, 0x3       x14=00000008 x14:00000001
20229374ns          335176 1c008d34 0ff57513 andi             x10, x10, 255       x10=00000020 x10:00000020
20229394ns          335177 1c008d38 ee873733 p.bclr           x14, x14, 23, 8     x14=00000008 x14:00000008
20229415ns          335178 1c008d3c 00d787b3 add              x15, x15, x13       x15=1a10f000 x15:00000000 x13:1a10f000
20229435ns          335179 1c008d3e 00a767a3 p.sw             x10, x0(x14)        x10:00000020 x14:00000008  PA:1a10f008
20229779ns          335196 1c008d42 00000513 addi             x10, x0, 0          x10=00000000
20229799ns          335197 1c008d44 00008067 jalr             x0, x1, 0            x1:1c008de0
20229840ns          335199 1c008de0 15f52063 p.beqimm         x10, 320            x10:00000000
20229860ns          335200 1c008de4 001a8a93 addi             x21, x21, 1         x21=0000001b x21:0000001a
20229880ns          335201 1c008de6 00800d33 add              x26, x0, x8         x26=1c00099f  x8:1c00099f
20229900ns          335202 1c008de8 000d4503 lbu              x10, 0(x26)         x10=00000025 x26:1c00099f  PA:1c00099f
20230204ns          335217 1c008dec 001d0413 addi             x8, x26, 1           x8=1c0009a0 x26:1c00099f
20230224ns          335218 1c008df0 0c050b63 beq              x10, x0, 214        x10:00000025
20230244ns          335219 1c008df2 02500793 addi             x15, x0, 37         x15=00000025
20230265ns          335220 1c008df6 fef513e3 bne              x10, x15, -26       x10:00000025 x15:00000025
20230285ns          335221 1c008dfa 00012a23 sw               x0, 20(x2)           x2:10000b38  PA:10000b4c
20230305ns          335222 1c008dfc 00012823 sw               x0, 16(x2)           x2:10000b38  PA:10000b48
20230325ns          335223 1c008dfe 00012623 sw               x0, 12(x2)           x2:10000b38  PA:10000b44
20230346ns          335224 1c008e00 00012423 sw               x0, 8(x2)            x2:10000b38  PA:10000b40
20230366ns          335225 1c008e02 00012223 sw               x0, 4(x2)            x2:10000b38  PA:10000b3c
20230386ns          335226 1c008e04 02300493 addi             x9, x0, 35           x9=00000023
20230406ns          335227 1c008e08 02d00b13 addi             x22, x0, 45         x22=0000002d
20230427ns          335228 1c008e0c 00044c83 lbu              x25, 0(x8)          x25=00000064  x8:1c0009a0  PA:1c0009a0
20230811ns          335247 1c008e10 00140913 addi             x18, x8, 1          x18=1c0009a1  x8:1c0009a0
20230831ns          335248 1c008e14 019005b3 add              x11, x0, x25        x11=00000064 x25:00000064
20230852ns          335249 1c008e16 9d0c0513 addi             x10, x24, -1584     x10=1c0009d0 x24:1c001000
20230872ns          335250 1c008e1a 01200d33 add              x26, x0, x18        x26=1c0009a1 x18:1c0009a1
20230892ns          335251 1c008e1c 01900db3 add              x27, x0, x25        x27=00000064 x25:00000064
20230912ns          335252 1c008e1e e89ff0ef jal              x1, -376             x1=1c008e20
20231843ns          335298 1c008ca6 00054783 lbu              x15, 0(x10)         x15=0000002d x10:1c0009d0  PA:1c0009d0
20232147ns          335313 1c008caa 0ff5f593 andi             x11, x11, 255       x11=00000064 x11:00000064
20232167ns          335314 1c008cae 00b78c63 beq              x15, x11, 24        x15:0000002d x11:00000064
20232188ns          335315 1c008cb2 00078b63 beq              x15, x0, 22         x15:0000002d
20232208ns          335316 1c008cb4 00150793 addi             x15, x10, 1         x15=1c0009d1 x10:1c0009d0
20232228ns          335317 1c008cb8 0040006f jal              x0, 4              
20232592ns          335335 1c008cbc 00f00533 add              x10, x0, x15        x10=1c0009d1 x15:1c0009d1
20232613ns          335336 1c008cbe 0017c70b p.lbu            x14, 1(x15!)        x14=0000002b x15=1c0009d2 x15:1c0009d1  PA:1c0009d1
20232936ns          335352 1c008cc2 feb71ce3 bne              x14, x11, -8        x14:0000002b x11:00000064
20233139ns          335362 1c008cba 00070763 beq              x14, x0, 14         x14:0000002b
20233159ns          335363 1c008cbc 00f00533 add              x10, x0, x15        x10=1c0009d2 x15:1c0009d2
20233179ns          335364 1c008cbe 0017c70b p.lbu            x14, 1(x15!)        x14=00000020 x15=1c0009d3 x15:1c0009d2  PA:1c0009d2
20233503ns          335380 1c008cc2 feb71ce3 bne              x14, x11, -8        x14:00000020 x11:00000064
20233564ns          335383 1c008cba 00070763 beq              x14, x0, 14         x14:00000020
20233584ns          335384 1c008cbc 00f00533 add              x10, x0, x15        x10=1c0009d3 x15:1c0009d3
20233604ns          335385 1c008cbe 0017c70b p.lbu            x14, 1(x15!)        x14=00000023 x15=1c0009d4 x15:1c0009d3  PA:1c0009d3
20233928ns          335401 1c008cc2 feb71ce3 bne              x14, x11, -8        x14:00000023 x11:00000064
20233989ns          335404 1c008cba 00070763 beq              x14, x0, 14         x14:00000023
20234009ns          335405 1c008cbc 00f00533 add              x10, x0, x15        x10=1c0009d4 x15:1c0009d4
20234029ns          335406 1c008cbe 0017c70b p.lbu            x14, 1(x15!)        x14=00000030 x15=1c0009d5 x15:1c0009d4  PA:1c0009d4
20234353ns          335422 1c008cc2 feb71ce3 bne              x14, x11, -8        x14:00000030 x11:00000064
20234414ns          335425 1c008cba 00070763 beq              x14, x0, 14         x14:00000030
20234434ns          335426 1c008cbc 00f00533 add              x10, x0, x15        x10=1c0009d5 x15:1c0009d5
20234454ns          335427 1c008cbe 0017c70b p.lbu            x14, 1(x15!)        x14=00000000 x15=1c0009d6 x15:1c0009d5  PA:1c0009d5
20234778ns          335443 1c008cc2 feb71ce3 bne              x14, x11, -8        x14:00000000 x11:00000064
20234839ns          335446 1c008cba 00070763 beq              x14, x0, 14         x14:00000000
20234900ns          335449 1c008cc8 0015b593 sltiu            x11, x11, 1         x11=00000000 x11:00000064
20234920ns          335450 1c008ccc 40b005b3 sub              x11, x0, x11        x11=00000000 x11:00000000
20234940ns          335451 1c008cd0 00b57533 and              x10, x10, x11       x10=00000000 x10:1c0009d5 x11:00000000
20234960ns          335452 1c008cd2 00008067 jalr             x0, x1, 0            x1:1c008e20
20235001ns          335454 1c008e20 02050b63 beq              x10, x0, 54         x10:00000000
20235385ns          335473 1c008e56 02a00693 addi             x13, x0, 42         x13=0000002a
20235406ns          335474 1c008e5a 2edc8263 beq              x25, x13, 740       x25:00000064 x13:0000002a
20235790ns          335493 1c008e5e fd0c8693 addi             x13, x25, -48       x13=00000034 x25:00000064
20235810ns          335494 1c008e62 00900593 addi             x11, x0, 9          x11=00000009
20235831ns          335495 1c008e64 00000b13 addi             x22, x0, 0          x22=00000000
20235851ns          335496 1c008e66 0cd5fd63 bgeu             x11, x13, 218       x11:00000009 x13:00000034
20235871ns          335497 1c008e6a 02e00793 addi             x15, x0, 46         x15=0000002e
20236296ns          335518 1c008e6e 28fd8663 beq              x27, x15, 652       x27:00000064 x15:0000002e
20236316ns          335519 1c008e72 01b00433 add              x8, x0, x27          x8=00000064 x27:00000064
20236337ns          335520 1c008e74 fff00493 addi             x9, x0, -1           x9=ffffffff
20236357ns          335521 1c008e76 1c001737 lui              x14, 0x1c001000     x14=1c001000
20236377ns          335522 1c008e7a 01b005b3 add              x11, x0, x27        x11=00000064 x27:00000064
20236397ns          335523 1c008e7c 9d870513 addi             x10, x14, -1576     x10=1c0009d8 x14:1c001000
20236701ns          335538 1c008e80 e27ff0ef jal              x1, -474             x1=1c008e82
20236762ns          335541 1c008ca6 00054783 lbu              x15, 0(x10)         x15=00000068 x10:1c0009d8  PA:1c0009d8
20237065ns          335556 1c008caa 0ff5f593 andi             x11, x11, 255       x11=00000064 x11:00000064
20237086ns          335557 1c008cae 00b78c63 beq              x15, x11, 24        x15:00000068 x11:00000064
20237106ns          335558 1c008cb2 00078b63 beq              x15, x0, 22         x15:00000068
20237126ns          335559 1c008cb4 00150793 addi             x15, x10, 1         x15=1c0009d9 x10:1c0009d8
20237146ns          335560 1c008cb8 0040006f jal              x0, 4              
20237187ns          335562 1c008cbc 00f00533 add              x10, x0, x15        x10=1c0009d9 x15:1c0009d9
20237207ns          335563 1c008cbe 0017c70b p.lbu            x14, 1(x15!)        x14=0000006c x15=1c0009da x15:1c0009d9  PA:1c0009d9
20237531ns          335579 1c008cc2 feb71ce3 bne              x14, x11, -8        x14:0000006c x11:00000064
20237592ns          335582 1c008cba 00070763 beq              x14, x0, 14         x14:0000006c
20237612ns          335583 1c008cbc 00f00533 add              x10, x0, x15        x10=1c0009da x15:1c0009da
20237632ns          335584 1c008cbe 0017c70b p.lbu            x14, 1(x15!)        x14=0000007a x15=1c0009db x15:1c0009da  PA:1c0009da
20237956ns          335600 1c008cc2 feb71ce3 bne              x14, x11, -8        x14:0000007a x11:00000064
20238017ns          335603 1c008cba 00070763 beq              x14, x0, 14         x14:0000007a
20238037ns          335604 1c008cbc 00f00533 add              x10, x0, x15        x10=1c0009db x15:1c0009db
20238057ns          335605 1c008cbe 0017c70b p.lbu            x14, 1(x15!)        x14=00000000 x15=1c0009dc x15:1c0009db  PA:1c0009db
20238381ns          335621 1c008cc2 feb71ce3 bne              x14, x11, -8        x14:00000000 x11:00000064
20238442ns          335624 1c008cba 00070763 beq              x14, x0, 14         x14:00000000
20238502ns          335627 1c008cc8 0015b593 sltiu            x11, x11, 1         x11=00000000 x11:00000064
20238523ns          335628 1c008ccc 40b005b3 sub              x11, x0, x11        x11=00000000 x11:00000000
20238543ns          335629 1c008cd0 00b57533 and              x10, x10, x11       x10=00000000 x10:1c0009db x11:00000000
20238563ns          335630 1c008cd2 00008067 jalr             x0, x1, 0            x1:1c008e82
20238604ns          335632 1c008e82 00000793 addi             x15, x0, 0          x15=00000000
20238624ns          335633 1c008e84 00050f63 beq              x10, x0, 30         x10:00000000
20239089ns          335656 1c008ea2 06700693 addi             x13, x0, 103        x13=00000067
20239110ns          335657 1c008ea6 0bb6ee63 bltu             x13, x27, 188       x13:00000067 x27:00000064
20239130ns          335658 1c008eaa 06500693 addi             x13, x0, 101        x13=00000065
20239514ns          335677 1c008eae 3addf2e3 bgeu             x27, x13, 2980      x27:00000064 x13:00000065
20239555ns          335679 1c008eb2 04700693 addi             x13, x0, 71         x13=00000047
20239575ns          335680 1c008eb6 39b6ed63 bltu             x13, x27, 922       x13:00000047 x27:00000064
20240506ns          335726 1c009250 06300693 addi             x13, x0, 99         x13=00000063
20240547ns          335728 1c009254 70dd8c63 beq              x27, x13, 1816      x27:00000064 x13:00000063
20240567ns          335729 1c009258 d3b6e5e3 bltu             x13, x27, -726      x13:00000063 x27:00000064
20241397ns          335770 1c008f82 06c00693 addi             x13, x0, 108        x13=0000006c
20241417ns          335771 1c008f86 00d78a63 beq              x15, x13, 20        x15:00000000 x13:0000006c
20241437ns          335772 1c008f8a 07a00693 addi             x13, x0, 122        x13=0000007a
20241842ns          335792 1c008f8e 00d78663 beq              x15, x13, 12        x15:00000000 x13:0000007a
20241882ns          335794 1c008f92 04c00693 addi             x13, x0, 76         x13=0000004c
20241903ns          335795 1c008f96 5ed78de3 beq              x15, x13, 3578      x15:00000000 x13:0000004c
20241923ns          335796 1c008f9a 000a2783 lw               x15, 0(x20)         x15=00000000 x20:10000bdc  PA:10000bdc
20241943ns          335797 1c008f9e 004a0a13 addi             x20, x20, 4         x20=10000be0 x20:10000bdc
20242328ns          335816 1c008fa0 41f7d713 srai             x14, x15, 0x41f     x14=00000000 x15:00000000
20242368ns          335818 1c008fa4 01412e23 sw               x20, 28(x2)         x20:10000be0  x2:10000b38  PA:10000b54
20242388ns          335819 1c008fa6 00e12223 sw               x14, 4(x2)          x14:00000000  x2:10000b38  PA:10000b3c
20242409ns          335820 1c008fa8 4e0741e3 blt              x14, x0, 3298       x14:00000000
20242429ns          335821 1c008fac 00c12703 lw               x14, 12(x2)         x14=00000000  x2:10000b38  PA:10000b44
20242793ns          335839 1c008fae 440709e3 beq              x14, x0, 3154       x14:00000000
20243259ns          335862 1c009c00 01012703 lw               x14, 16(x2)         x14=00000000  x2:10000b38  PA:10000b48
20243299ns          335864 1c009c02 22070063 beq              x14, x0, 544        x14:00000000
20243745ns          335886 1c009e22 00412c83 lw               x25, 4(x2)          x25=00000000  x2:10000b38  PA:10000b3c
20243785ns          335888 1c009e24 02410a13 addi             x20, x2, 36         x20=10000b5c  x2:10000b38
20243805ns          335889 1c009e28 998ff06f jal              x0, -3688          
20244210ns          335909 1c008fc0 00f00433 add              x8, x0, x15          x8=00000000 x15:00000000
20244230ns          335910 1c008fc2 01400db3 add              x27, x0, x20        x27=10000b5c x20:10000b5c
20244251ns          335911 1c008fc4 0040006f jal              x0, 4              
20244291ns          335913 1c008fc8 00a00613 addi             x12, x0, 10         x12=0000000a
20244311ns          335914 1c008fca 00000693 addi             x13, x0, 0          x13=00000000
20244332ns          335915 1c008fcc 00800533 add              x10, x0, x8         x10=00000000  x8:00000000
20244352ns          335916 1c008fce 019005b3 add              x11, x0, x25        x11=00000000 x25:00000000
20244797ns          335938 1c008fd0 c2aff0ef jal              x1, -3030            x1=1c008fd4
20245242ns          335960 1c0083fa 00c008b3 add              x17, x0, x12        x17=0000000a x12:0000000a
20245283ns          335962 1c0083fc 00d00733 add              x14, x0, x13        x14=00000000 x13:00000000
20245303ns          335963 1c0083fe 00a007b3 add              x15, x0, x10        x15=00000000 x10:00000000
20245607ns          335978 1c008400 00b00833 add              x16, x0, x11        x16=00000000 x11:00000000
20245647ns          335980 1c008402 1c069863 bne              x13, x0, 464        x13:00000000
20245667ns          335981 1c008406 1c0016b7 lui              x13, 0x1c001000     x13=1c001000
20245688ns          335982 1c00840a 86868693 addi             x13, x13, -1944     x13=1c000868 x13:1c001000
20246092ns          336002 1c00840e 0ac5f863 bgeu             x11, x12, 176       x11:00000000 x12:0000000a
20246113ns          336003 1c008412 00010337 lui              x6, 0x10000          x6=00010000
20246133ns          336004 1c008414 08667e63 bgeu             x12, x6, 156        x12:0000000a  x6:00010000
20246153ns          336005 1c008418 0ff00313 addi             x6, x0, 255          x6=000000ff
20246173ns          336006 1c00841c 00c37363 bgeu             x6, x12, 6           x6:000000ff x12:0000000a
20246639ns          336029 1c008422 00e65333 srl              x6, x12, x14         x6=0000000a x12:0000000a x14:00000000
20246659ns          336030 1c008426 006686b3 add              x13, x13, x6        x13=1c000872 x13:1c000868  x6:0000000a
20246679ns          336031 1c008428 0006ce03 lbu              x28, 0(x13)         x28=00000004 x13:1c000872  PA:1c000872
20247104ns          336052 1c00842c 02000313 addi             x6, x0, 32           x6=00000020
20247125ns          336053 1c008430 00ee0e33 add              x28, x28, x14       x28=00000004 x28:00000004 x14:00000000
20247145ns          336054 1c008432 41c30333 sub              x6, x6, x28          x6=0000001c  x6:00000020 x28:00000004
20247165ns          336055 1c008436 00030c63 beq              x6, x0, 24           x6:0000001c
20247185ns          336056 1c00843a 006595b3 sll              x11, x11, x6        x11=00000000 x11:00000000  x6:0000001c
20247529ns          336073 1c00843e 01c55e33 srl              x28, x10, x28       x28=00000000 x10:00000000 x28:00000004
20247570ns          336075 1c008442 006618b3 sll              x17, x12, x6        x17=a0000000 x12:0000000a  x6:0000001c
20247590ns          336076 1c008446 00be6833 or               x16, x28, x11       x16=00000000 x28:00000000 x11:00000000
20247610ns          336077 1c00844a 006517b3 sll              x15, x10, x6        x15=00000000 x10:00000000  x6:0000001c
20248096ns          336101 1c00844e 0108d613 srli             x12, x17, 0x10      x12=0000a000 x17:a0000000
20248137ns          336103 1c008452 02c87733 remu             x14, x16, x12       x14=00000000 x16:00000000 x12:0000a000
20248521ns          336122 1c008456 02c85833 divu             x16, x16, x12       x16=00000000 x16:00000000 x12:0000a000
20248906ns          336141 1c00845a 01089513 slli             x10, x17, 0x10      x10=00000000 x17:a0000000
20248926ns          336142 1c00845e 01055513 srli             x10, x10, 0x10      x10=00000000 x10:00000000
20248946ns          336143 1c008460 01071713 slli             x14, x14, 0x10      x14=00000000 x14:00000000
20248966ns          336144 1c008462 0107d693 srli             x13, x15, 0x10      x13=00000000 x15:00000000
20248987ns          336145 1c008466 03050833 mul              x16, x10, x16       x16=00000000 x10:00000000 x16:00000000
20249007ns          336146 1c00846a 00e6e6b3 or               x13, x13, x14       x13=00000000 x13:00000000 x14:00000000
20249027ns          336147 1c00846c 0106f863 bgeu             x13, x16, 16        x13:00000000 x16:00000000
20249472ns          336169 1c00847c 410686b3 sub              x13, x13, x16       x13=00000000 x13:00000000 x16:00000000
20249796ns          336185 1c008480 02c6f733 remu             x14, x13, x12       x14=00000000 x13:00000000 x12:0000a000
20250201ns          336205 1c008484 02c6d6b3 divu             x13, x13, x12       x13=00000000 x13:00000000 x12:0000a000
20250586ns          336224 1c008488 01079793 slli             x15, x15, 0x10      x15=00000000 x15:00000000
20250606ns          336225 1c00848a 02d506b3 mul              x13, x10, x13       x13=00000000 x10:00000000 x13:00000000
20250626ns          336226 1c00848e 0107d793 srli             x15, x15, 0x10      x15=00000000 x15:00000000
20250646ns          336227 1c008490 01071513 slli             x10, x14, 0x10      x10=00000000 x14:00000000
20250667ns          336228 1c008494 00a7e7b3 or               x15, x15, x10       x15=00000000 x15:00000000 x10:00000000
20250687ns          336229 1c008496 00d7f863 bgeu             x15, x13, 16        x15:00000000 x13:00000000
20251132ns          336251 1c0084a6 40d787b3 sub              x15, x15, x13       x15=00000000 x15:00000000 x13:00000000
20251152ns          336252 1c0084a8 0067d533 srl              x10, x15, x6        x10=00000000 x15:00000000  x6:0000001c
20251173ns          336253 1c0084ac 00000593 addi             x11, x0, 0          x11=00000000
20251193ns          336254 1c0084ae 00008067 jalr             x0, x1, 0            x1:1c008fd4
20251598ns          336274 1c008fd4 00a00933 add              x18, x0, x10        x18=00000000 x10:00000000
20251618ns          336275 1c008fd6 019005b3 add              x11, x0, x25        x11=00000000 x25:00000000
20251638ns          336276 1c008fd8 00800533 add              x10, x0, x8         x10=00000000  x8:00000000
20251658ns          336277 1c008fda 00a00613 addi             x12, x0, 10         x12=0000000a
20251679ns          336278 1c008fdc 00000693 addi             x13, x0, 0          x13=00000000
20252124ns          336300 1c008fde 8beff0ef jal              x1, -3906            x1=1c008fe2
20252164ns          336302 1c00809c 00b007b3 add              x15, x0, x11        x15=00000000 x11:00000000
20252185ns          336303 1c00809e 00c00833 add              x16, x0, x12        x16=0000000a x12:0000000a
20252508ns          336319 1c0080a0 00d008b3 add              x17, x0, x13        x17=00000000 x13:00000000
20252529ns          336320 1c0080a2 00a00333 add              x6, x0, x10          x6=00000000 x10:00000000
20252549ns          336321 1c0080a4 20069663 bne              x13, x0, 524        x13:00000000
20252569ns          336322 1c0080a8 1c001737 lui              x14, 0x1c001000     x14=1c001000
20252589ns          336323 1c0080ac 86870713 addi             x14, x14, -1944     x14=1c000868 x14:1c001000
20252974ns          336342 1c0080b0 0ac5fe63 bgeu             x11, x12, 188       x11:00000000 x12:0000000a
20253014ns          336344 1c0080b4 000106b7 lui              x13, 0x10000        x13=00010000
20253035ns          336345 1c0080b6 0ad67463 bgeu             x12, x13, 168       x12:0000000a x13:00010000
20253055ns          336346 1c0080ba 0ff00693 addi             x13, x0, 255        x13=000000ff
20253460ns          336366 1c0080be 00c6b6b3 sltu             x13, x13, x12       x13=00000000 x13:000000ff x12:0000000a
20253480ns          336367 1c0080c2 00369693 slli             x13, x13, 0x3       x13=00000000 x13:00000000
20253500ns          336368 1c0080c4 00d658b3 srl              x17, x12, x13       x17=0000000a x12:0000000a x13:00000000
20253520ns          336369 1c0080c8 01170733 add              x14, x14, x17       x14=1c000872 x14:1c000868 x17:0000000a
20253541ns          336370 1c0080ca 00074703 lbu              x14, 0(x14)         x14=00000004 x14:1c000872  PA:1c000872
20253966ns          336391 1c0080ce 00e686b3 add              x13, x13, x14       x13=00000004 x13:00000000 x14:00000004
20254026ns          336394 1c0080d0 02000713 addi             x14, x0, 32         x14=00000020
20254067ns          336396 1c0080d4 40d70733 sub              x14, x14, x13       x14=0000001c x14:00000020 x13:00000004
20254087ns          336397 1c0080d6 00070b63 beq              x14, x0, 22         x14:0000001c
20254107ns          336398 1c0080d8 00e797b3 sll              x15, x15, x14       x15=00000000 x15:00000000 x14:0000001c
20254128ns          336399 1c0080dc 00d556b3 srl              x13, x10, x13       x13=00000000 x10:00000000 x13:00000004
20254512ns          336418 1c0080e0 00e61833 sll              x16, x12, x14       x16=a0000000 x12:0000000a x14:0000001c
20254553ns          336420 1c0080e4 00f6e5b3 or               x11, x13, x15       x11=00000000 x13:00000000 x15:00000000
20254573ns          336421 1c0080e8 00e51333 sll              x6, x10, x14         x6=00000000 x10:00000000 x14:0000001c
20254593ns          336422 1c0080ec 01085513 srli             x10, x16, 0x10      x10=0000a000 x16:a0000000
20255018ns          336443 1c0080f0 02a5f733 remu             x14, x11, x10       x14=00000000 x11:00000000 x10:0000a000
20255423ns          336463 1c0080f4 02a5d7b3 divu             x15, x11, x10       x15=00000000 x11:00000000 x10:0000a000
20255808ns          336482 1c0080f8 01081613 slli             x12, x16, 0x10      x12=00000000 x16:a0000000
20255828ns          336483 1c0080fc 01071713 slli             x14, x14, 0x10      x14=00000000 x14:00000000
20255848ns          336484 1c0080fe 01065613 srli             x12, x12, 0x10      x12=00000000 x12:00000000
20255868ns          336485 1c008100 01035693 srli             x13, x6, 0x10       x13=00000000  x6:00000000
20255889ns          336486 1c008104 00e6e6b3 or               x13, x13, x14       x13=00000000 x13:00000000 x14:00000000
20255909ns          336487 1c008106 02f605b3 mul              x11, x12, x15       x11=00000000 x12:00000000 x15:00000000
20255929ns          336488 1c00810a 00f00733 add              x14, x0, x15        x14=00000000 x15:00000000
20255949ns          336489 1c00810c 00b6fc63 bgeu             x13, x11, 24        x13:00000000 x11:00000000
20256658ns          336524 1c008124 40b686b3 sub              x13, x13, x11       x13=00000000 x13:00000000 x11:00000000
20256698ns          336526 1c008126 02a6f7b3 remu             x15, x13, x10       x15=00000000 x13:00000000 x10:0000a000
20257083ns          336545 1c00812a 02a6d6b3 divu             x13, x13, x10       x13=00000000 x13:00000000 x10:0000a000
20257467ns          336564 1c00812e 01031313 slli             x6, x6, 0x10         x6=00000000  x6:00000000
20257488ns          336565 1c008130 01079793 slli             x15, x15, 0x10      x15=00000000 x15:00000000
20257508ns          336566 1c008132 01035313 srli             x6, x6, 0x10         x6=00000000  x6:00000000
20257528ns          336567 1c008136 02d605b3 mul              x11, x12, x13       x11=00000000 x12:00000000 x13:00000000
20257548ns          336568 1c00813a 0067e333 or               x6, x15, x6          x6=00000000 x15:00000000  x6:00000000
20257568ns          336569 1c00813e 00d00533 add              x10, x0, x13        x10=00000000 x13:00000000
20257933ns          336587 1c008140 00b37b63 bgeu             x6, x11, 22          x6:00000000 x11:00000000
20258459ns          336613 1c008156 01071713 slli             x14, x14, 0x10      x14=00000000 x14:00000000
20258500ns          336615 1c008158 00a76733 or               x14, x14, x10       x14=00000000 x14:00000000 x10:00000000
20258520ns          336616 1c00815a 00000593 addi             x11, x0, 0          x11=00000000
20258540ns          336617 1c00815c 0b20006f jal              x0, 178            
20259289ns          336654 1c00820e 00e00533 add              x10, x0, x14        x10=00000000 x14:00000000
20259714ns          336675 1c008210 00008067 jalr             x0, x1, 0            x1:1c008fe2
20259835ns          336681 1c008fe2 03090913 addi             x18, x18, 48        x18=00000030 x18:00000000
20259856ns          336682 1c008fe6 012d8023 sb               x18, 0(x27)         x18:00000030 x27:10000b5c  PA:10000b5c
20259876ns          336683 1c008fea 00a5e7b3 or               x15, x11, x10       x15=00000000 x11:00000000 x10:00000000
20260362ns          336707 1c008fee 001d8913 addi             x18, x27, 1         x18=10000b5d x27:10000b5c
20260382ns          336708 1c008ff2 00a00433 add              x8, x0, x10          x8=00000000 x10:00000000
20260402ns          336709 1c008ff4 00b00cb3 add              x25, x0, x11        x25=00000000 x11:00000000
20260422ns          336710 1c008ff6 fc0798e3 bne              x15, x0, -48        x15:00000000
20260443ns          336711 1c008ff8 00090023 sb               x0, 0(x18)          x18:10000b5d  PA:10000b5d
20260463ns          336712 1c008ffc 01ba7d63 bgeu             x20, x27, 26        x20:10000b5c x27:10000b5c
20261191ns          336748 1c009016 00012783 lw               x15, 0(x2)          x15=10000b5c  x2:10000b38  PA:10000b38
20261232ns          336750 1c009018 00c12703 lw               x14, 12(x2)         x14=00000000  x2:10000b38  PA:10000b44
20261252ns          336751 1c00901a 40f90933 sub              x18, x18, x15       x18=00000001 x18:10000b5d x15:10000b5c
20261657ns          336771 1c00901e 3c071de3 bne              x14, x0, 3034       x14:00000000
20261677ns          336772 1c009022 01012783 lw               x15, 16(x2)         x15=00000000  x2:10000b38  PA:10000b48
20261718ns          336774 1c009024 3c079ae3 bne              x15, x0, 3028       x15:00000000
20261738ns          336775 1c009028 00412703 lw               x14, 4(x2)          x14=00000000  x2:10000b38  PA:10000b3c
20261799ns          336778 1c00902a 01f75713 srli             x14, x14, 0x1f      x14=00000000 x14:00000000
20261819ns          336779 1c00902c 00e12223 sw               x14, 4(x2)          x14:00000000  x2:10000b38  PA:10000b3c
20262122ns          336794 1c00902e 3404c463 blt              x9, x0, 840          x9:ffffffff
20262669ns          336821 1c009376 00000c93 addi             x25, x0, 0          x25=00000000
20262709ns          336823 1c009378 00012c23 sw               x0, 24(x2)           x2:10000b38  PA:10000b50
20262730ns          336824 1c00937a 00000a13 addi             x20, x0, 0          x20=00000000
20262750ns          336825 1c00937c 01412783 lw               x15, 20(x2)         x15=00000000  x2:10000b38  PA:10000b4c
20263054ns          336840 1c00937e 5e078163 beq              x15, x0, 1506       x15:00000000
20263560ns          336865 1c009960 412b0b33 sub              x22, x22, x18       x22=ffffffff x22:00000000 x18:00000001
20263600ns          336867 1c009964 02410413 addi             x8, x2, 36           x8=10000b5c  x2:10000b38
20263620ns          336868 1c009966 00000493 addi             x9, x0, 0            x9=00000000
20263640ns          336869 1c009968 ee6ff06f jal              x0, -2330          
20264389ns          336906 1c00904e 00812703 lw               x14, 8(x2)          x14=00000000  x2:10000b38  PA:10000b40
20264895ns          336931 1c009050 02071063 bne              x14, x0, 32         x14:00000000
20264936ns          336933 1c009052 01605f63 bge              x0, x22, 30         x22:ffffffff
20265401ns          336956 1c009070 00412783 lw               x15, 4(x2)          x15=00000000  x2:10000b38  PA:10000b3c
20265442ns          336958 1c009072 00f40db3 add              x27, x8, x15        x27=10000b5c  x8:10000b5c x15:00000000
20265462ns          336959 1c009076 00c0006f jal              x0, 12             
20265806ns          336976 1c009082 017005b3 add              x11, x0, x23        x11=00000002 x23:00000002
20265847ns          336978 1c009084 ffb41ae3 bne              x8, x27, -12         x8:10000b5c x27:10000b5c
20265867ns          336979 1c009088 00900db3 add              x27, x0, x9         x27=00000000  x9:00000000
20265887ns          336980 1c00908a 0080006f jal              x0, 8              
20266332ns          337002 1c009092 fffd8d93 addi             x27, x27, -1        x27=ffffffff x27:00000000
20266353ns          337003 1c009094 017005b3 add              x11, x0, x23        x11=00000002 x23:00000002
20266373ns          337004 1c009096 03000513 addi             x10, x0, 48         x10=00000030
20266393ns          337005 1c00909a fffdb9e3 p.bneimm         x27, -14            x27:ffffffff
20266413ns          337006 1c00909e 00412703 lw               x14, 4(x2)          x14=00000000  x2:10000b38  PA:10000b3c
20266798ns          337025 1c0090a0 40e90933 sub              x18, x18, x14       x18=00000001 x18:00000001 x14:00000000
20266838ns          337027 1c0090a4 01212423 sw               x18, 8(x2)          x18:00000001  x2:10000b38  PA:10000b40
20266859ns          337028 1c0090a6 e40a15e3 bne              x20, x0, -438       x20:00000000
20266879ns          337029 1c0090aa 01812783 lw               x15, 24(x2)         x15=00000000  x2:10000b38  PA:10000b50
20266919ns          337031 1c0090ac 16079763 bne              x15, x0, 366        x15:00000000
20267263ns          337048 1c0090b0 120c8863 beq              x25, x0, 304        x25:00000000
20267790ns          337074 1c0091e0 017005b3 add              x11, x0, x23        x11=00000002 x23:00000002
20267830ns          337076 1c0091e2 ff2049e3 blt              x0, x18, -14        x18:00000001
20268275ns          337098 1c0091d4 0014450b p.lbu            x10, 1(x8!)         x10=00000030  x8=10000b5d  x8:10000b5c  PA:10000b5c
20268316ns          337100 1c0091d8 fff90913 addi             x18, x18, -1        x18=00000000 x18:00000001
20268336ns          337101 1c0091da 000980e7 jalr             x1, x19, 0           x1=1c0091dc x19:1c008d20
20268417ns          337105 1c008d20 f14027f3 csrrs            x15, x0, 0xf14      x15=00000001
20268458ns          337107 1c008d24 1a10f6b7 lui              x13, 0x1a10f000     x13=1a10f000
20268478ns          337108 1c008d28 ca5797b3 p.extractu       x15, x15, 5, 5      x15=00000000 x15:00000001
20268498ns          337109 1c008d2c f1402773 csrrs            x14, x0, 0xf14      x14=00000001
20268822ns          337125 1c008d30 00779793 slli             x15, x15, 0x7       x15=00000000 x15:00000000
20268842ns          337126 1c008d32 00371713 slli             x14, x14, 0x3       x14=00000008 x14:00000001
20268862ns          337127 1c008d34 0ff57513 andi             x10, x10, 255       x10=00000030 x10:00000030
20268883ns          337128 1c008d38 ee873733 p.bclr           x14, x14, 23, 8     x14=00000008 x14:00000008
20268903ns          337129 1c008d3c 00d787b3 add              x15, x15, x13       x15=1a10f000 x15:00000000 x13:1a10f000
20269308ns          337149 1c008d3e 00a767a3 p.sw             x10, x0(x14)        x10:00000030 x14:00000008  PA:1a10f008
20269712ns          337169 1c008d42 00000513 addi             x10, x0, 0          x10=00000000
20269733ns          337170 1c008d44 00008067 jalr             x0, x1, 0            x1:1c0091dc
20269814ns          337174 1c0091dc d5f522e3 p.beqimm         x10, -700           x10:00000000
20269854ns          337176 1c0091e0 017005b3 add              x11, x0, x23        x11=00000002 x23:00000002
20269874ns          337177 1c0091e2 ff2049e3 blt              x0, x18, -14        x18:00000000
20269895ns          337178 1c0091e6 00412783 lw               x15, 4(x2)          x15=00000000  x2:10000b38  PA:10000b3c
20269915ns          337179 1c0091e8 01c12a03 lw               x20, 28(x2)         x20=10000be0  x2:10000b38  PA:10000b54
20269935ns          337180 1c0091ea 00fa8733 add              x14, x21, x15       x14=0000001b x21:0000001b x15:00000000
20269955ns          337181 1c0091ee 00812783 lw               x15, 8(x2)          x15=00000001  x2:10000b38  PA:10000b40
20270340ns          337200 1c0091f0 00970733 add              x14, x14, x9        x14=0000001b x14:0000001b  x9:00000000
20270380ns          337202 1c0091f2 00e78ab3 add              x21, x15, x14       x21=0000001c x15:00000001 x14:0000001b
20270401ns          337203 1c0091f6 bf6059e3 bge              x0, x22, -1038      x22:ffffffff
20270826ns          337224 1c008de8 000d4503 lbu              x10, 0(x26)         x10=00000020 x26:1c0009a1  PA:1c0009a1
20271150ns          337240 1c008dec 001d0413 addi             x8, x26, 1           x8=1c0009a2 x26:1c0009a1
20271170ns          337241 1c008df0 0c050b63 beq              x10, x0, 214        x10:00000020
20271190ns          337242 1c008df2 02500793 addi             x15, x0, 37         x15=00000025
20271210ns          337243 1c008df6 fef513e3 bne              x10, x15, -26       x10:00000020 x15:00000025
20271372ns          337251 1c008ddc 017005b3 add              x11, x0, x23        x11=00000002 x23:00000002
20271392ns          337252 1c008dde 000980e7 jalr             x1, x19, 0           x1=1c008de0 x19:1c008d20
20271433ns          337254 1c008d20 f14027f3 csrrs            x15, x0, 0xf14      x15=00000001
20271453ns          337255 1c008d24 1a10f6b7 lui              x13, 0x1a10f000     x13=1a10f000
20271473ns          337256 1c008d28 ca5797b3 p.extractu       x15, x15, 5, 5      x15=00000000 x15:00000001
20271494ns          337257 1c008d2c f1402773 csrrs            x14, x0, 0xf14      x14=00000001
20271514ns          337258 1c008d30 00779793 slli             x15, x15, 0x7       x15=00000000 x15:00000000
20271534ns          337259 1c008d32 00371713 slli             x14, x14, 0x3       x14=00000008 x14:00000001
20271554ns          337260 1c008d34 0ff57513 andi             x10, x10, 255       x10=00000020 x10:00000020
20271575ns          337261 1c008d38 ee873733 p.bclr           x14, x14, 23, 8     x14=00000008 x14:00000008
20271595ns          337262 1c008d3c 00d787b3 add              x15, x15, x13       x15=1a10f000 x15:00000000 x13:1a10f000
20271615ns          337263 1c008d3e 00a767a3 p.sw             x10, x0(x14)        x10:00000020 x14:00000008  PA:1a10f008
20272081ns          337286 1c008d42 00000513 addi             x10, x0, 0          x10=00000000
20272101ns          337287 1c008d44 00008067 jalr             x0, x1, 0            x1:1c008de0
20272141ns          337289 1c008de0 15f52063 p.beqimm         x10, 320            x10:00000000
20272162ns          337290 1c008de4 001a8a93 addi             x21, x21, 1         x21=0000001d x21:0000001c
20272182ns          337291 1c008de6 00800d33 add              x26, x0, x8         x26=1c0009a2  x8:1c0009a2
20272202ns          337292 1c008de8 000d4503 lbu              x10, 0(x26)         x10=00000063 x26:1c0009a2  PA:1c0009a2
20272506ns          337307 1c008dec 001d0413 addi             x8, x26, 1           x8=1c0009a3 x26:1c0009a2
20272526ns          337308 1c008df0 0c050b63 beq              x10, x0, 214        x10:00000063
20272546ns          337309 1c008df2 02500793 addi             x15, x0, 37         x15=00000025
20272566ns          337310 1c008df6 fef513e3 bne              x10, x15, -26       x10:00000063 x15:00000025
20272627ns          337313 1c008ddc 017005b3 add              x11, x0, x23        x11=00000002 x23:00000002
20272647ns          337314 1c008dde 000980e7 jalr             x1, x19, 0           x1=1c008de0 x19:1c008d20
20272688ns          337316 1c008d20 f14027f3 csrrs            x15, x0, 0xf14      x15=00000001
20272708ns          337317 1c008d24 1a10f6b7 lui              x13, 0x1a10f000     x13=1a10f000
20272728ns          337318 1c008d28 ca5797b3 p.extractu       x15, x15, 5, 5      x15=00000000 x15:00000001
20272748ns          337319 1c008d2c f1402773 csrrs            x14, x0, 0xf14      x14=00000001
20272769ns          337320 1c008d30 00779793 slli             x15, x15, 0x7       x15=00000000 x15:00000000
20272789ns          337321 1c008d32 00371713 slli             x14, x14, 0x3       x14=00000008 x14:00000001
20272809ns          337322 1c008d34 0ff57513 andi             x10, x10, 255       x10=00000063 x10:00000063
20272829ns          337323 1c008d38 ee873733 p.bclr           x14, x14, 23, 8     x14=00000008 x14:00000008
20272850ns          337324 1c008d3c 00d787b3 add              x15, x15, x13       x15=1a10f000 x15:00000000 x13:1a10f000
20272870ns          337325 1c008d3e 00a767a3 p.sw             x10, x0(x14)        x10:00000063 x14:00000008  PA:1a10f008
20273194ns          337341 1c008d42 00000513 addi             x10, x0, 0          x10=00000000
20273214ns          337342 1c008d44 00008067 jalr             x0, x1, 0            x1:1c008de0
20273254ns          337344 1c008de0 15f52063 p.beqimm         x10, 320            x10:00000000
20273275ns          337345 1c008de4 001a8a93 addi             x21, x21, 1         x21=0000001e x21:0000001d
20273295ns          337346 1c008de6 00800d33 add              x26, x0, x8         x26=1c0009a3  x8:1c0009a3
20273315ns          337347 1c008de8 000d4503 lbu              x10, 0(x26)         x10=0000006f x26:1c0009a3  PA:1c0009a3
20273619ns          337362 1c008dec 001d0413 addi             x8, x26, 1           x8=1c0009a4 x26:1c0009a3
20273639ns          337363 1c008df0 0c050b63 beq              x10, x0, 214        x10:0000006f
20273659ns          337364 1c008df2 02500793 addi             x15, x0, 37         x15=00000025
20273680ns          337365 1c008df6 fef513e3 bne              x10, x15, -26       x10:0000006f x15:00000025
20273740ns          337368 1c008ddc 017005b3 add              x11, x0, x23        x11=00000002 x23:00000002
20273760ns          337369 1c008dde 000980e7 jalr             x1, x19, 0           x1=1c008de0 x19:1c008d20
20273801ns          337371 1c008d20 f14027f3 csrrs            x15, x0, 0xf14      x15=00000001
20273821ns          337372 1c008d24 1a10f6b7 lui              x13, 0x1a10f000     x13=1a10f000
20273841ns          337373 1c008d28 ca5797b3 p.extractu       x15, x15, 5, 5      x15=00000000 x15:00000001
20273862ns          337374 1c008d2c f1402773 csrrs            x14, x0, 0xf14      x14=00000001
20273882ns          337375 1c008d30 00779793 slli             x15, x15, 0x7       x15=00000000 x15:00000000
20273902ns          337376 1c008d32 00371713 slli             x14, x14, 0x3       x14=00000008 x14:00000001
20273922ns          337377 1c008d34 0ff57513 andi             x10, x10, 255       x10=0000006f x10:0000006f
20273943ns          337378 1c008d38 ee873733 p.bclr           x14, x14, 23, 8     x14=00000008 x14:00000008
20273963ns          337379 1c008d3c 00d787b3 add              x15, x15, x13       x15=1a10f000 x15:00000000 x13:1a10f000
20273983ns          337380 1c008d3e 00a767a3 p.sw             x10, x0(x14)        x10:0000006f x14:00000008  PA:1a10f008
20274307ns          337396 1c008d42 00000513 addi             x10, x0, 0          x10=00000000
20274327ns          337397 1c008d44 00008067 jalr             x0, x1, 0            x1:1c008de0
20274368ns          337399 1c008de0 15f52063 p.beqimm         x10, 320            x10:00000000
20274388ns          337400 1c008de4 001a8a93 addi             x21, x21, 1         x21=0000001f x21:0000001e
20274408ns          337401 1c008de6 00800d33 add              x26, x0, x8         x26=1c0009a4  x8:1c0009a4
20274428ns          337402 1c008de8 000d4503 lbu              x10, 0(x26)         x10=00000072 x26:1c0009a4  PA:1c0009a4
20274732ns          337417 1c008dec 001d0413 addi             x8, x26, 1           x8=1c0009a5 x26:1c0009a4
20274752ns          337418 1c008df0 0c050b63 beq              x10, x0, 214        x10:00000072
20274772ns          337419 1c008df2 02500793 addi             x15, x0, 37         x15=00000025
20274793ns          337420 1c008df6 fef513e3 bne              x10, x15, -26       x10:00000072 x15:00000025
20274853ns          337423 1c008ddc 017005b3 add              x11, x0, x23        x11=00000002 x23:00000002
20274874ns          337424 1c008dde 000980e7 jalr             x1, x19, 0           x1=1c008de0 x19:1c008d20
20274914ns          337426 1c008d20 f14027f3 csrrs            x15, x0, 0xf14      x15=00000001
20274934ns          337427 1c008d24 1a10f6b7 lui              x13, 0x1a10f000     x13=1a10f000
20274955ns          337428 1c008d28 ca5797b3 p.extractu       x15, x15, 5, 5      x15=00000000 x15:00000001
20274975ns          337429 1c008d2c f1402773 csrrs            x14, x0, 0xf14      x14=00000001
20274995ns          337430 1c008d30 00779793 slli             x15, x15, 0x7       x15=00000000 x15:00000000
20275015ns          337431 1c008d32 00371713 slli             x14, x14, 0x3       x14=00000008 x14:00000001
20275036ns          337432 1c008d34 0ff57513 andi             x10, x10, 255       x10=00000072 x10:00000072
20275056ns          337433 1c008d38 ee873733 p.bclr           x14, x14, 23, 8     x14=00000008 x14:00000008
20275076ns          337434 1c008d3c 00d787b3 add              x15, x15, x13       x15=1a10f000 x15:00000000 x13:1a10f000
20275096ns          337435 1c008d3e 00a767a3 p.sw             x10, x0(x14)        x10:00000072 x14:00000008  PA:1a10f008
20275420ns          337451 1c008d42 00000513 addi             x10, x0, 0          x10=00000000
20275440ns          337452 1c008d44 00008067 jalr             x0, x1, 0            x1:1c008de0
20275481ns          337454 1c008de0 15f52063 p.beqimm         x10, 320            x10:00000000
20275501ns          337455 1c008de4 001a8a93 addi             x21, x21, 1         x21=00000020 x21:0000001f
20275521ns          337456 1c008de6 00800d33 add              x26, x0, x8         x26=1c0009a5  x8:1c0009a5
20275542ns          337457 1c008de8 000d4503 lbu              x10, 0(x26)         x10=00000065 x26:1c0009a5  PA:1c0009a5
20275845ns          337472 1c008dec 001d0413 addi             x8, x26, 1           x8=1c0009a6 x26:1c0009a5
20275865ns          337473 1c008df0 0c050b63 beq              x10, x0, 214        x10:00000065
20275886ns          337474 1c008df2 02500793 addi             x15, x0, 37         x15=00000025
20275906ns          337475 1c008df6 fef513e3 bne              x10, x15, -26       x10:00000065 x15:00000025
20275967ns          337478 1c008ddc 017005b3 add              x11, x0, x23        x11=00000002 x23:00000002
20275987ns          337479 1c008dde 000980e7 jalr             x1, x19, 0           x1=1c008de0 x19:1c008d20
20276027ns          337481 1c008d20 f14027f3 csrrs            x15, x0, 0xf14      x15=00000001
20276048ns          337482 1c008d24 1a10f6b7 lui              x13, 0x1a10f000     x13=1a10f000
20276068ns          337483 1c008d28 ca5797b3 p.extractu       x15, x15, 5, 5      x15=00000000 x15:00000001
20276088ns          337484 1c008d2c f1402773 csrrs            x14, x0, 0xf14      x14=00000001
20276108ns          337485 1c008d30 00779793 slli             x15, x15, 0x7       x15=00000000 x15:00000000
20276129ns          337486 1c008d32 00371713 slli             x14, x14, 0x3       x14=00000008 x14:00000001
20276149ns          337487 1c008d34 0ff57513 andi             x10, x10, 255       x10=00000065 x10:00000065
20276169ns          337488 1c008d38 ee873733 p.bclr           x14, x14, 23, 8     x14=00000008 x14:00000008
20276189ns          337489 1c008d3c 00d787b3 add              x15, x15, x13       x15=1a10f000 x15:00000000 x13:1a10f000
20276210ns          337490 1c008d3e 00a767a3 p.sw             x10, x0(x14)        x10:00000065 x14:00000008  PA:1a10f008
20276554ns          337507 1c008d42 00000513 addi             x10, x0, 0          x10=00000000
20276574ns          337508 1c008d44 00008067 jalr             x0, x1, 0            x1:1c008de0
20276614ns          337510 1c008de0 15f52063 p.beqimm         x10, 320            x10:00000000
20276635ns          337511 1c008de4 001a8a93 addi             x21, x21, 1         x21=00000021 x21:00000020
20276655ns          337512 1c008de6 00800d33 add              x26, x0, x8         x26=1c0009a6  x8:1c0009a6
20276675ns          337513 1c008de8 000d4503 lbu              x10, 0(x26)         x10=00000020 x26:1c0009a6  PA:1c0009a6
20276979ns          337528 1c008dec 001d0413 addi             x8, x26, 1           x8=1c0009a7 x26:1c0009a6
20276999ns          337529 1c008df0 0c050b63 beq              x10, x0, 214        x10:00000020
20277019ns          337530 1c008df2 02500793 addi             x15, x0, 37         x15=00000025
20277039ns          337531 1c008df6 fef513e3 bne              x10, x15, -26       x10:00000020 x15:00000025
20277100ns          337534 1c008ddc 017005b3 add              x11, x0, x23        x11=00000002 x23:00000002
20277120ns          337535 1c008dde 000980e7 jalr             x1, x19, 0           x1=1c008de0 x19:1c008d20
20277161ns          337537 1c008d20 f14027f3 csrrs            x15, x0, 0xf14      x15=00000001
20277181ns          337538 1c008d24 1a10f6b7 lui              x13, 0x1a10f000     x13=1a10f000
20277201ns          337539 1c008d28 ca5797b3 p.extractu       x15, x15, 5, 5      x15=00000000 x15:00000001
20277222ns          337540 1c008d2c f1402773 csrrs            x14, x0, 0xf14      x14=00000001
20277242ns          337541 1c008d30 00779793 slli             x15, x15, 0x7       x15=00000000 x15:00000000
20277262ns          337542 1c008d32 00371713 slli             x14, x14, 0x3       x14=00000008 x14:00000001
20277282ns          337543 1c008d34 0ff57513 andi             x10, x10, 255       x10=00000020 x10:00000020
20277302ns          337544 1c008d38 ee873733 p.bclr           x14, x14, 23, 8     x14=00000008 x14:00000008
20277323ns          337545 1c008d3c 00d787b3 add              x15, x15, x13       x15=1a10f000 x15:00000000 x13:1a10f000
20277343ns          337546 1c008d3e 00a767a3 p.sw             x10, x0(x14)        x10:00000020 x14:00000008  PA:1a10f008
20277687ns          337563 1c008d42 00000513 addi             x10, x0, 0          x10=00000000
20277707ns          337564 1c008d44 00008067 jalr             x0, x1, 0            x1:1c008de0
20277748ns          337566 1c008de0 15f52063 p.beqimm         x10, 320            x10:00000000
20277768ns          337567 1c008de4 001a8a93 addi             x21, x21, 1         x21=00000022 x21:00000021
20277788ns          337568 1c008de6 00800d33 add              x26, x0, x8         x26=1c0009a7  x8:1c0009a7
20277808ns          337569 1c008de8 000d4503 lbu              x10, 0(x26)         x10=00000025 x26:1c0009a7  PA:1c0009a7
20278112ns          337584 1c008dec 001d0413 addi             x8, x26, 1           x8=1c0009a8 x26:1c0009a7
20278132ns          337585 1c008df0 0c050b63 beq              x10, x0, 214        x10:00000025
20278153ns          337586 1c008df2 02500793 addi             x15, x0, 37         x15=00000025
20278173ns          337587 1c008df6 fef513e3 bne              x10, x15, -26       x10:00000025 x15:00000025
20278193ns          337588 1c008dfa 00012a23 sw               x0, 20(x2)           x2:10000b38  PA:10000b4c
20278213ns          337589 1c008dfc 00012823 sw               x0, 16(x2)           x2:10000b38  PA:10000b48
20278234ns          337590 1c008dfe 00012623 sw               x0, 12(x2)           x2:10000b38  PA:10000b44
20278254ns          337591 1c008e00 00012423 sw               x0, 8(x2)            x2:10000b38  PA:10000b40
20278274ns          337592 1c008e02 00012223 sw               x0, 4(x2)            x2:10000b38  PA:10000b3c
20278294ns          337593 1c008e04 02300493 addi             x9, x0, 35           x9=00000023
20278314ns          337594 1c008e08 02d00b13 addi             x22, x0, 45         x22=0000002d
20278335ns          337595 1c008e0c 00044c83 lbu              x25, 0(x8)          x25=00000064  x8:1c0009a8  PA:1c0009a8
20278659ns          337611 1c008e10 00140913 addi             x18, x8, 1          x18=1c0009a9  x8:1c0009a8
20278679ns          337612 1c008e14 019005b3 add              x11, x0, x25        x11=00000064 x25:00000064
20278699ns          337613 1c008e16 9d0c0513 addi             x10, x24, -1584     x10=1c0009d0 x24:1c001000
20278719ns          337614 1c008e1a 01200d33 add              x26, x0, x18        x26=1c0009a9 x18:1c0009a9
20278740ns          337615 1c008e1c 01900db3 add              x27, x0, x25        x27=00000064 x25:00000064
20278760ns          337616 1c008e1e e89ff0ef jal              x1, -376             x1=1c008e20
20279326ns          337644 1c008ca6 00054783 lbu              x15, 0(x10)         x15=0000002d x10:1c0009d0  PA:1c0009d0
20279630ns          337659 1c008caa 0ff5f593 andi             x11, x11, 255       x11=00000064 x11:00000064
20279650ns          337660 1c008cae 00b78c63 beq              x15, x11, 24        x15:0000002d x11:00000064
20279671ns          337661 1c008cb2 00078b63 beq              x15, x0, 22         x15:0000002d
20279691ns          337662 1c008cb4 00150793 addi             x15, x10, 1         x15=1c0009d1 x10:1c0009d0
20279711ns          337663 1c008cb8 0040006f jal              x0, 4              
20279752ns          337665 1c008cbc 00f00533 add              x10, x0, x15        x10=1c0009d1 x15:1c0009d1
20279772ns          337666 1c008cbe 0017c70b p.lbu            x14, 1(x15!)        x14=0000002b x15=1c0009d2 x15:1c0009d1  PA:1c0009d1
20280116ns          337683 1c008cc2 feb71ce3 bne              x14, x11, -8        x14:0000002b x11:00000064
20280177ns          337686 1c008cba 00070763 beq              x14, x0, 14         x14:0000002b
20280197ns          337687 1c008cbc 00f00533 add              x10, x0, x15        x10=1c0009d2 x15:1c0009d2
20280217ns          337688 1c008cbe 0017c70b p.lbu            x14, 1(x15!)        x14=00000020 x15=1c0009d3 x15:1c0009d2  PA:1c0009d2
20280541ns          337704 1c008cc2 feb71ce3 bne              x14, x11, -8        x14:00000020 x11:00000064
20280602ns          337707 1c008cba 00070763 beq              x14, x0, 14         x14:00000020
20280622ns          337708 1c008cbc 00f00533 add              x10, x0, x15        x10=1c0009d3 x15:1c0009d3
20280642ns          337709 1c008cbe 0017c70b p.lbu            x14, 1(x15!)        x14=00000023 x15=1c0009d4 x15:1c0009d3  PA:1c0009d3
20280966ns          337725 1c008cc2 feb71ce3 bne              x14, x11, -8        x14:00000023 x11:00000064
20281027ns          337728 1c008cba 00070763 beq              x14, x0, 14         x14:00000023
20281047ns          337729 1c008cbc 00f00533 add              x10, x0, x15        x10=1c0009d4 x15:1c0009d4
20281067ns          337730 1c008cbe 0017c70b p.lbu            x14, 1(x15!)        x14=00000030 x15=1c0009d5 x15:1c0009d4  PA:1c0009d4
20281391ns          337746 1c008cc2 feb71ce3 bne              x14, x11, -8        x14:00000030 x11:00000064
20281452ns          337749 1c008cba 00070763 beq              x14, x0, 14         x14:00000030
20281472ns          337750 1c008cbc 00f00533 add              x10, x0, x15        x10=1c0009d5 x15:1c0009d5
20281492ns          337751 1c008cbe 0017c70b p.lbu            x14, 1(x15!)        x14=00000000 x15=1c0009d6 x15:1c0009d5  PA:1c0009d5
20281816ns          337767 1c008cc2 feb71ce3 bne              x14, x11, -8        x14:00000000 x11:00000064
20281877ns          337770 1c008cba 00070763 beq              x14, x0, 14         x14:00000000
20281937ns          337773 1c008cc8 0015b593 sltiu            x11, x11, 1         x11=00000000 x11:00000064
20281958ns          337774 1c008ccc 40b005b3 sub              x11, x0, x11        x11=00000000 x11:00000000
20281978ns          337775 1c008cd0 00b57533 and              x10, x10, x11       x10=00000000 x10:1c0009d5 x11:00000000
20281998ns          337776 1c008cd2 00008067 jalr             x0, x1, 0            x1:1c008e20
20282039ns          337778 1c008e20 02050b63 beq              x10, x0, 54         x10:00000000
20282180ns          337785 1c008e56 02a00693 addi             x13, x0, 42         x13=0000002a
20282201ns          337786 1c008e5a 2edc8263 beq              x25, x13, 740       x25:00000064 x13:0000002a
20282585ns          337805 1c008e5e fd0c8693 addi             x13, x25, -48       x13=00000034 x25:00000064
20282605ns          337806 1c008e62 00900593 addi             x11, x0, 9          x11=00000009
20282626ns          337807 1c008e64 00000b13 addi             x22, x0, 0          x22=00000000
20282646ns          337808 1c008e66 0cd5fd63 bgeu             x11, x13, 218       x11:00000009 x13:00000034
20282666ns          337809 1c008e6a 02e00793 addi             x15, x0, 46         x15=0000002e
20282727ns          337812 1c008e6e 28fd8663 beq              x27, x15, 652       x27:00000064 x15:0000002e
20282747ns          337813 1c008e72 01b00433 add              x8, x0, x27          x8=00000064 x27:00000064
20282767ns          337814 1c008e74 fff00493 addi             x9, x0, -1           x9=ffffffff
20282788ns          337815 1c008e76 1c001737 lui              x14, 0x1c001000     x14=1c001000
20282808ns          337816 1c008e7a 01b005b3 add              x11, x0, x27        x11=00000064 x27:00000064
20282828ns          337817 1c008e7c 9d870513 addi             x10, x14, -1576     x10=1c0009d8 x14:1c001000
20282868ns          337819 1c008e80 e27ff0ef jal              x1, -474             x1=1c008e82
20282929ns          337822 1c008ca6 00054783 lbu              x15, 0(x10)         x15=00000068 x10:1c0009d8  PA:1c0009d8
20283233ns          337837 1c008caa 0ff5f593 andi             x11, x11, 255       x11=00000064 x11:00000064
20283253ns          337838 1c008cae 00b78c63 beq              x15, x11, 24        x15:00000068 x11:00000064
20283273ns          337839 1c008cb2 00078b63 beq              x15, x0, 22         x15:00000068
20283294ns          337840 1c008cb4 00150793 addi             x15, x10, 1         x15=1c0009d9 x10:1c0009d8
20283314ns          337841 1c008cb8 0040006f jal              x0, 4              
20283354ns          337843 1c008cbc 00f00533 add              x10, x0, x15        x10=1c0009d9 x15:1c0009d9
20283374ns          337844 1c008cbe 0017c70b p.lbu            x14, 1(x15!)        x14=0000006c x15=1c0009da x15:1c0009d9  PA:1c0009d9
20283698ns          337860 1c008cc2 feb71ce3 bne              x14, x11, -8        x14:0000006c x11:00000064
20283759ns          337863 1c008cba 00070763 beq              x14, x0, 14         x14:0000006c
20283779ns          337864 1c008cbc 00f00533 add              x10, x0, x15        x10=1c0009da x15:1c0009da
20283800ns          337865 1c008cbe 0017c70b p.lbu            x14, 1(x15!)        x14=0000007a x15=1c0009db x15:1c0009da  PA:1c0009da
20284123ns          337881 1c008cc2 feb71ce3 bne              x14, x11, -8        x14:0000007a x11:00000064
20284184ns          337884 1c008cba 00070763 beq              x14, x0, 14         x14:0000007a
20284204ns          337885 1c008cbc 00f00533 add              x10, x0, x15        x10=1c0009db x15:1c0009db
20284225ns          337886 1c008cbe 0017c70b p.lbu            x14, 1(x15!)        x14=00000000 x15=1c0009dc x15:1c0009db  PA:1c0009db
20284548ns          337902 1c008cc2 feb71ce3 bne              x14, x11, -8        x14:00000000 x11:00000064
20284609ns          337905 1c008cba 00070763 beq              x14, x0, 14         x14:00000000
20284670ns          337908 1c008cc8 0015b593 sltiu            x11, x11, 1         x11=00000000 x11:00000064
20284690ns          337909 1c008ccc 40b005b3 sub              x11, x0, x11        x11=00000000 x11:00000000
20284710ns          337910 1c008cd0 00b57533 and              x10, x10, x11       x10=00000000 x10:1c0009db x11:00000000
20284731ns          337911 1c008cd2 00008067 jalr             x0, x1, 0            x1:1c008e82
20284771ns          337913 1c008e82 00000793 addi             x15, x0, 0          x15=00000000
20284791ns          337914 1c008e84 00050f63 beq              x10, x0, 30         x10:00000000
20284933ns          337921 1c008ea2 06700693 addi             x13, x0, 103        x13=00000067
20284953ns          337922 1c008ea6 0bb6ee63 bltu             x13, x27, 188       x13:00000067 x27:00000064
20284973ns          337923 1c008eaa 06500693 addi             x13, x0, 101        x13=00000065
20284994ns          337924 1c008eae 3addf2e3 bgeu             x27, x13, 2980      x27:00000064 x13:00000065
20285014ns          337925 1c008eb2 04700693 addi             x13, x0, 71         x13=00000047
20285034ns          337926 1c008eb6 39b6ed63 bltu             x13, x27, 922       x13:00000047 x27:00000064
20285196ns          337934 1c009250 06300693 addi             x13, x0, 99         x13=00000063
20285237ns          337936 1c009254 70dd8c63 beq              x27, x13, 1816      x27:00000064 x13:00000063
20285257ns          337937 1c009258 d3b6e5e3 bltu             x13, x27, -726      x13:00000063 x27:00000064
20285459ns          337947 1c008f82 06c00693 addi             x13, x0, 108        x13=0000006c
20285479ns          337948 1c008f86 00d78a63 beq              x15, x13, 20        x15:00000000 x13:0000006c
20285500ns          337949 1c008f8a 07a00693 addi             x13, x0, 122        x13=0000007a
20285560ns          337952 1c008f8e 00d78663 beq              x15, x13, 12        x15:00000000 x13:0000007a
20285601ns          337954 1c008f92 04c00693 addi             x13, x0, 76         x13=0000004c
20285621ns          337955 1c008f96 5ed78de3 beq              x15, x13, 3578      x15:00000000 x13:0000004c
20285641ns          337956 1c008f9a 000a2783 lw               x15, 0(x20)         x15=00000001 x20:10000be0  PA:10000be0
20285662ns          337957 1c008f9e 004a0a13 addi             x20, x20, 4         x20=10000be4 x20:10000be0
20285702ns          337959 1c008fa0 41f7d713 srai             x14, x15, 0x41f     x14=00000000 x15:00000001
20285743ns          337961 1c008fa4 01412e23 sw               x20, 28(x2)         x20:10000be4  x2:10000b38  PA:10000b54
20285763ns          337962 1c008fa6 00e12223 sw               x14, 4(x2)          x14:00000000  x2:10000b38  PA:10000b3c
20285783ns          337963 1c008fa8 4e0741e3 blt              x14, x0, 3298       x14:00000000
20285803ns          337964 1c008fac 00c12703 lw               x14, 12(x2)         x14=00000000  x2:10000b38  PA:10000b44
20285844ns          337966 1c008fae 440709e3 beq              x14, x0, 3154       x14:00000000
20285945ns          337971 1c009c00 01012703 lw               x14, 16(x2)         x14=00000000  x2:10000b38  PA:10000b48
20285985ns          337973 1c009c02 22070063 beq              x14, x0, 544        x14:00000000
20286087ns          337978 1c009e22 00412c83 lw               x25, 4(x2)          x25=00000000  x2:10000b38  PA:10000b3c
20286127ns          337980 1c009e24 02410a13 addi             x20, x2, 36         x20=10000b5c  x2:10000b38
20286147ns          337981 1c009e28 998ff06f jal              x0, -3688          
20286188ns          337983 1c008fc0 00f00433 add              x8, x0, x15          x8=00000001 x15:00000001
20286208ns          337984 1c008fc2 01400db3 add              x27, x0, x20        x27=10000b5c x20:10000b5c
20286228ns          337985 1c008fc4 0040006f jal              x0, 4              
20286269ns          337987 1c008fc8 00a00613 addi             x12, x0, 10         x12=0000000a
20286289ns          337988 1c008fca 00000693 addi             x13, x0, 0          x13=00000000
20286309ns          337989 1c008fcc 00800533 add              x10, x0, x8         x10=00000001  x8:00000001
20286330ns          337990 1c008fce 019005b3 add              x11, x0, x25        x11=00000000 x25:00000000
20286350ns          337991 1c008fd0 c2aff0ef jal              x1, -3030            x1=1c008fd4
20286431ns          337995 1c0083fa 00c008b3 add              x17, x0, x12        x17=0000000a x12:0000000a
20286471ns          337997 1c0083fc 00d00733 add              x14, x0, x13        x14=00000000 x13:00000000
20286491ns          337998 1c0083fe 00a007b3 add              x15, x0, x10        x15=00000001 x10:00000001
20286532ns          338000 1c008400 00b00833 add              x16, x0, x11        x16=00000000 x11:00000000
20286572ns          338002 1c008402 1c069863 bne              x13, x0, 464        x13:00000000
20286593ns          338003 1c008406 1c0016b7 lui              x13, 0x1c001000     x13=1c001000
20286613ns          338004 1c00840a 86868693 addi             x13, x13, -1944     x13=1c000868 x13:1c001000
20286674ns          338007 1c00840e 0ac5f863 bgeu             x11, x12, 176       x11:00000000 x12:0000000a
20286694ns          338008 1c008412 00010337 lui              x6, 0x10000          x6=00010000
20286714ns          338009 1c008414 08667e63 bgeu             x12, x6, 156        x12:0000000a  x6:00010000
20286734ns          338010 1c008418 0ff00313 addi             x6, x0, 255          x6=000000ff
20286755ns          338011 1c00841c 00c37363 bgeu             x6, x12, 6           x6:000000ff x12:0000000a
20286876ns          338017 1c008422 00e65333 srl              x6, x12, x14         x6=0000000a x12:0000000a x14:00000000
20286896ns          338018 1c008426 006686b3 add              x13, x13, x6        x13=1c000872 x13:1c000868  x6:0000000a
20286916ns          338019 1c008428 0006ce03 lbu              x28, 0(x13)         x28=00000004 x13:1c000872  PA:1c000872
20287220ns          338034 1c00842c 02000313 addi             x6, x0, 32           x6=00000020
20287240ns          338035 1c008430 00ee0e33 add              x28, x28, x14       x28=00000004 x28:00000004 x14:00000000
20287261ns          338036 1c008432 41c30333 sub              x6, x6, x28          x6=0000001c  x6:00000020 x28:00000004
20287281ns          338037 1c008436 00030c63 beq              x6, x0, 24           x6:0000001c
20287301ns          338038 1c00843a 006595b3 sll              x11, x11, x6        x11=00000000 x11:00000000  x6:0000001c
20287362ns          338041 1c00843e 01c55e33 srl              x28, x10, x28       x28=00000000 x10:00000001 x28:00000004
20287402ns          338043 1c008442 006618b3 sll              x17, x12, x6        x17=a0000000 x12:0000000a  x6:0000001c
20287422ns          338044 1c008446 00be6833 or               x16, x28, x11       x16=00000000 x28:00000000 x11:00000000
20287443ns          338045 1c00844a 006517b3 sll              x15, x10, x6        x15=10000000 x10:00000001  x6:0000001c
20287503ns          338048 1c00844e 0108d613 srli             x12, x17, 0x10      x12=0000a000 x17:a0000000
20287544ns          338050 1c008452 02c87733 remu             x14, x16, x12       x14=00000000 x16:00000000 x12:0000a000
20287928ns          338069 1c008456 02c85833 divu             x16, x16, x12       x16=00000000 x16:00000000 x12:0000a000
20288313ns          338088 1c00845a 01089513 slli             x10, x17, 0x10      x10=00000000 x17:a0000000
20288333ns          338089 1c00845e 01055513 srli             x10, x10, 0x10      x10=00000000 x10:00000000
20288354ns          338090 1c008460 01071713 slli             x14, x14, 0x10      x14=00000000 x14:00000000
20288374ns          338091 1c008462 0107d693 srli             x13, x15, 0x10      x13=00001000 x15:10000000
20288394ns          338092 1c008466 03050833 mul              x16, x10, x16       x16=00000000 x10:00000000 x16:00000000
20288414ns          338093 1c00846a 00e6e6b3 or               x13, x13, x14       x13=00001000 x13:00001000 x14:00000000
20288434ns          338094 1c00846c 0106f863 bgeu             x13, x16, 16        x13:00001000 x16:00000000
20288860ns          338115 1c00847c 410686b3 sub              x13, x13, x16       x13=00001000 x13:00001000 x16:00000000
20288880ns          338116 1c008480 02c6f733 remu             x14, x13, x12       x14=00001000 x13:00001000 x12:0000a000
20289264ns          338135 1c008484 02c6d6b3 divu             x13, x13, x12       x13=00000000 x13:00001000 x12:0000a000
20289649ns          338154 1c008488 01079793 slli             x15, x15, 0x10      x15=00000000 x15:10000000
20289669ns          338155 1c00848a 02d506b3 mul              x13, x10, x13       x13=00000000 x10:00000000 x13:00000000
20289689ns          338156 1c00848e 0107d793 srli             x15, x15, 0x10      x15=00000000 x15:00000000
20289710ns          338157 1c008490 01071513 slli             x10, x14, 0x10      x10=10000000 x14:00001000
20289730ns          338158 1c008494 00a7e7b3 or               x15, x15, x10       x15=10000000 x15:00000000 x10:10000000
20289750ns          338159 1c008496 00d7f863 bgeu             x15, x13, 16        x15:10000000 x13:00000000
20289851ns          338164 1c0084a6 40d787b3 sub              x15, x15, x13       x15=10000000 x15:10000000 x13:00000000
20289872ns          338165 1c0084a8 0067d533 srl              x10, x15, x6        x10=00000001 x15:10000000  x6:0000001c
20289892ns          338166 1c0084ac 00000593 addi             x11, x0, 0          x11=00000000
20289912ns          338167 1c0084ae 00008067 jalr             x0, x1, 0            x1:1c008fd4
20289993ns          338171 1c008fd4 00a00933 add              x18, x0, x10        x18=00000001 x10:00000001
20290013ns          338172 1c008fd6 019005b3 add              x11, x0, x25        x11=00000000 x25:00000000
20290033ns          338173 1c008fd8 00800533 add              x10, x0, x8         x10=00000001  x8:00000001
20290054ns          338174 1c008fda 00a00613 addi             x12, x0, 10         x12=0000000a
20290074ns          338175 1c008fdc 00000693 addi             x13, x0, 0          x13=00000000
20290094ns          338176 1c008fde 8beff0ef jal              x1, -3906            x1=1c008fe2
20290135ns          338178 1c00809c 00b007b3 add              x15, x0, x11        x15=00000000 x11:00000000
20290155ns          338179 1c00809e 00c00833 add              x16, x0, x12        x16=0000000a x12:0000000a
20290195ns          338181 1c0080a0 00d008b3 add              x17, x0, x13        x17=00000000 x13:00000000
20290216ns          338182 1c0080a2 00a00333 add              x6, x0, x10          x6=00000001 x10:00000001
20290236ns          338183 1c0080a4 20069663 bne              x13, x0, 524        x13:00000000
20290256ns          338184 1c0080a8 1c001737 lui              x14, 0x1c001000     x14=1c001000
20290276ns          338185 1c0080ac 86870713 addi             x14, x14, -1944     x14=1c000868 x14:1c001000
20290337ns          338188 1c0080b0 0ac5fe63 bgeu             x11, x12, 188       x11:00000000 x12:0000000a
20290378ns          338190 1c0080b4 000106b7 lui              x13, 0x10000        x13=00010000
20290398ns          338191 1c0080b6 0ad67463 bgeu             x12, x13, 168       x12:0000000a x13:00010000
20290418ns          338192 1c0080ba 0ff00693 addi             x13, x0, 255        x13=000000ff
20290438ns          338193 1c0080be 00c6b6b3 sltu             x13, x13, x12       x13=00000000 x13:000000ff x12:0000000a
20290458ns          338194 1c0080c2 00369693 slli             x13, x13, 0x3       x13=00000000 x13:00000000
20290479ns          338195 1c0080c4 00d658b3 srl              x17, x12, x13       x17=0000000a x12:0000000a x13:00000000
20290499ns          338196 1c0080c8 01170733 add              x14, x14, x17       x14=1c000872 x14:1c000868 x17:0000000a
20290519ns          338197 1c0080ca 00074703 lbu              x14, 0(x14)         x14=00000004 x14:1c000872  PA:1c000872
20290843ns          338213 1c0080ce 00e686b3 add              x13, x13, x14       x13=00000004 x13:00000000 x14:00000004
20290863ns          338214 1c0080d0 02000713 addi             x14, x0, 32         x14=00000020
20290884ns          338215 1c0080d4 40d70733 sub              x14, x14, x13       x14=0000001c x14:00000020 x13:00000004
20290904ns          338216 1c0080d6 00070b63 beq              x14, x0, 22         x14:0000001c
20290924ns          338217 1c0080d8 00e797b3 sll              x15, x15, x14       x15=00000000 x15:00000000 x14:0000001c
20290944ns          338218 1c0080dc 00d556b3 srl              x13, x10, x13       x13=00000000 x10:00000001 x13:00000004
20290985ns          338220 1c0080e0 00e61833 sll              x16, x12, x14       x16=a0000000 x12:0000000a x14:0000001c
20291025ns          338222 1c0080e4 00f6e5b3 or               x11, x13, x15       x11=00000000 x13:00000000 x15:00000000
20291045ns          338223 1c0080e8 00e51333 sll              x6, x10, x14         x6=10000000 x10:00000001 x14:0000001c
20291066ns          338224 1c0080ec 01085513 srli             x10, x16, 0x10      x10=0000a000 x16:a0000000
20291126ns          338227 1c0080f0 02a5f733 remu             x14, x11, x10       x14=00000000 x11:00000000 x10:0000a000
20291531ns          338247 1c0080f4 02a5d7b3 divu             x15, x11, x10       x15=00000000 x11:00000000 x10:0000a000
20291916ns          338266 1c0080f8 01081613 slli             x12, x16, 0x10      x12=00000000 x16:a0000000
20291936ns          338267 1c0080fc 01071713 slli             x14, x14, 0x10      x14=00000000 x14:00000000
20291956ns          338268 1c0080fe 01065613 srli             x12, x12, 0x10      x12=00000000 x12:00000000
20291976ns          338269 1c008100 01035693 srli             x13, x6, 0x10       x13=00001000  x6:10000000
20291997ns          338270 1c008104 00e6e6b3 or               x13, x13, x14       x13=00001000 x13:00001000 x14:00000000
20292017ns          338271 1c008106 02f605b3 mul              x11, x12, x15       x11=00000000 x12:00000000 x15:00000000
20292037ns          338272 1c00810a 00f00733 add              x14, x0, x15        x14=00000000 x15:00000000
20292057ns          338273 1c00810c 00b6fc63 bgeu             x13, x11, 24        x13:00001000 x11:00000000
20292159ns          338278 1c008124 40b686b3 sub              x13, x13, x11       x13=00001000 x13:00001000 x11:00000000
20292199ns          338280 1c008126 02a6f7b3 remu             x15, x13, x10       x15=00001000 x13:00001000 x10:0000a000
20292584ns          338299 1c00812a 02a6d6b3 divu             x13, x13, x10       x13=00000000 x13:00001000 x10:0000a000
20292968ns          338318 1c00812e 01031313 slli             x6, x6, 0x10         x6=00000000  x6:10000000
20292988ns          338319 1c008130 01079793 slli             x15, x15, 0x10      x15=10000000 x15:00001000
20293009ns          338320 1c008132 01035313 srli             x6, x6, 0x10         x6=00000000  x6:00000000
20293029ns          338321 1c008136 02d605b3 mul              x11, x12, x13       x11=00000000 x12:00000000 x13:00000000
20293049ns          338322 1c00813a 0067e333 or               x6, x15, x6          x6=10000000 x15:10000000  x6:00000000
20293069ns          338323 1c00813e 00d00533 add              x10, x0, x13        x10=00000000 x13:00000000
20293110ns          338325 1c008140 00b37b63 bgeu             x6, x11, 22          x6:10000000 x11:00000000
20293211ns          338330 1c008156 01071713 slli             x14, x14, 0x10      x14=00000000 x14:00000000
20293252ns          338332 1c008158 00a76733 or               x14, x14, x10       x14=00000000 x14:00000000 x10:00000000
20293272ns          338333 1c00815a 00000593 addi             x11, x0, 0          x11=00000000
20293292ns          338334 1c00815c 0b20006f jal              x0, 178            
20293414ns          338340 1c00820e 00e00533 add              x10, x0, x14        x10=00000000 x14:00000000
20293494ns          338344 1c008210 00008067 jalr             x0, x1, 0            x1:1c008fe2
20293555ns          338347 1c008fe2 03090913 addi             x18, x18, 48        x18=00000031 x18:00000001
20293575ns          338348 1c008fe6 012d8023 sb               x18, 0(x27)         x18:00000031 x27:10000b5c  PA:10000b5c
20293596ns          338349 1c008fea 00a5e7b3 or               x15, x11, x10       x15=00000000 x11:00000000 x10:00000000
20293656ns          338352 1c008fee 001d8913 addi             x18, x27, 1         x18=10000b5d x27:10000b5c
20293677ns          338353 1c008ff2 00a00433 add              x8, x0, x10          x8=00000000 x10:00000000
20293697ns          338354 1c008ff4 00b00cb3 add              x25, x0, x11        x25=00000000 x11:00000000
20293717ns          338355 1c008ff6 fc0798e3 bne              x15, x0, -48        x15:00000000
20293737ns          338356 1c008ff8 00090023 sb               x0, 0(x18)          x18:10000b5d  PA:10000b5d
20293758ns          338357 1c008ffc 01ba7d63 bgeu             x20, x27, 26        x20:10000b5c x27:10000b5c
20293879ns          338363 1c009016 00012783 lw               x15, 0(x2)          x15=10000b5c  x2:10000b38  PA:10000b38
20293920ns          338365 1c009018 00c12703 lw               x14, 12(x2)         x14=00000000  x2:10000b38  PA:10000b44
20293940ns          338366 1c00901a 40f90933 sub              x18, x18, x15       x18=00000001 x18:10000b5d x15:10000b5c
20294000ns          338369 1c00901e 3c071de3 bne              x14, x0, 3034       x14:00000000
20294021ns          338370 1c009022 01012783 lw               x15, 16(x2)         x15=00000000  x2:10000b38  PA:10000b48
20294061ns          338372 1c009024 3c079ae3 bne              x15, x0, 3028       x15:00000000
20294081ns          338373 1c009028 00412703 lw               x14, 4(x2)          x14=00000000  x2:10000b38  PA:10000b3c
20294203ns          338379 1c00902a 01f75713 srli             x14, x14, 0x1f      x14=00000000 x14:00000000
20294223ns          338380 1c00902c 00e12223 sw               x14, 4(x2)          x14:00000000  x2:10000b38  PA:10000b3c
20294243ns          338381 1c00902e 3404c463 blt              x9, x0, 840          x9:ffffffff
20294304ns          338384 1c009376 00000c93 addi             x25, x0, 0          x25=00000000
20294324ns          338385 1c009378 00012c23 sw               x0, 24(x2)           x2:10000b38  PA:10000b50
20294345ns          338386 1c00937a 00000a13 addi             x20, x0, 0          x20=00000000
20294365ns          338387 1c00937c 01412783 lw               x15, 20(x2)         x15=00000000  x2:10000b38  PA:10000b4c
20294405ns          338389 1c00937e 5e078163 beq              x15, x0, 1506       x15:00000000
20294506ns          338394 1c009960 412b0b33 sub              x22, x22, x18       x22=ffffffff x22:00000000 x18:00000001
20294547ns          338396 1c009964 02410413 addi             x8, x2, 36           x8=10000b5c  x2:10000b38
20294567ns          338397 1c009966 00000493 addi             x9, x0, 0            x9=00000000
20294587ns          338398 1c009968 ee6ff06f jal              x0, -2330          
20294668ns          338402 1c00904e 00812703 lw               x14, 8(x2)          x14=00000000  x2:10000b38  PA:10000b40
20294749ns          338406 1c009050 02071063 bne              x14, x0, 32         x14:00000000
20294790ns          338408 1c009052 01605f63 bge              x0, x22, 30         x22:ffffffff
20294891ns          338413 1c009070 00412783 lw               x15, 4(x2)          x15=00000000  x2:10000b38  PA:10000b3c
20294932ns          338415 1c009072 00f40db3 add              x27, x8, x15        x27=10000b5c  x8:10000b5c x15:00000000
20294952ns          338416 1c009076 00c0006f jal              x0, 12             
20295033ns          338420 1c009082 017005b3 add              x11, x0, x23        x11=00000002 x23:00000002
20295073ns          338422 1c009084 ffb41ae3 bne              x8, x27, -12         x8:10000b5c x27:10000b5c
20295093ns          338423 1c009088 00900db3 add              x27, x0, x9         x27=00000000  x9:00000000
20295114ns          338424 1c00908a 0080006f jal              x0, 8              
20295215ns          338429 1c009092 fffd8d93 addi             x27, x27, -1        x27=ffffffff x27:00000000
20295235ns          338430 1c009094 017005b3 add              x11, x0, x23        x11=00000002 x23:00000002
20295255ns          338431 1c009096 03000513 addi             x10, x0, 48         x10=00000030
20295276ns          338432 1c00909a fffdb9e3 p.bneimm         x27, -14            x27:ffffffff
20295296ns          338433 1c00909e 00412703 lw               x14, 4(x2)          x14=00000000  x2:10000b38  PA:10000b3c
20295539ns          338445 1c0090a0 40e90933 sub              x18, x18, x14       x18=00000001 x18:00000001 x14:00000000
20295579ns          338447 1c0090a4 01212423 sw               x18, 8(x2)          x18:00000001  x2:10000b38  PA:10000b40
20295599ns          338448 1c0090a6 e40a15e3 bne              x20, x0, -438       x20:00000000
20295620ns          338449 1c0090aa 01812783 lw               x15, 24(x2)         x15=00000000  x2:10000b38  PA:10000b50
20295660ns          338451 1c0090ac 16079763 bne              x15, x0, 366        x15:00000000
20295680ns          338452 1c0090b0 120c8863 beq              x25, x0, 304        x25:00000000
20295741ns          338455 1c0091e0 017005b3 add              x11, x0, x23        x11=00000002 x23:00000002
20295761ns          338456 1c0091e2 ff2049e3 blt              x0, x18, -14        x18:00000001
20295863ns          338461 1c0091d4 0014450b p.lbu            x10, 1(x8!)         x10=00000031  x8=10000b5d  x8:10000b5c  PA:10000b5c
20295903ns          338463 1c0091d8 fff90913 addi             x18, x18, -1        x18=00000000 x18:00000001
20295923ns          338464 1c0091da 000980e7 jalr             x1, x19, 0           x1=1c0091dc x19:1c008d20
20296004ns          338468 1c008d20 f14027f3 csrrs            x15, x0, 0xf14      x15=00000001
20296045ns          338470 1c008d24 1a10f6b7 lui              x13, 0x1a10f000     x13=1a10f000
20296065ns          338471 1c008d28 ca5797b3 p.extractu       x15, x15, 5, 5      x15=00000000 x15:00000001
20296085ns          338472 1c008d2c f1402773 csrrs            x14, x0, 0xf14      x14=00000001
20296146ns          338475 1c008d30 00779793 slli             x15, x15, 0x7       x15=00000000 x15:00000000
20296166ns          338476 1c008d32 00371713 slli             x14, x14, 0x3       x14=00000008 x14:00000001
20296186ns          338477 1c008d34 0ff57513 andi             x10, x10, 255       x10=00000031 x10:00000031
20296207ns          338478 1c008d38 ee873733 p.bclr           x14, x14, 23, 8     x14=00000008 x14:00000008
20296227ns          338479 1c008d3c 00d787b3 add              x15, x15, x13       x15=1a10f000 x15:00000000 x13:1a10f000
20296288ns          338482 1c008d3e 00a767a3 p.sw             x10, x0(x14)        x10:00000031 x14:00000008  PA:1a10f008
20296692ns          338502 1c008d42 00000513 addi             x10, x0, 0          x10=00000000
20296713ns          338503 1c008d44 00008067 jalr             x0, x1, 0            x1:1c0091dc
20296794ns          338507 1c0091dc d5f522e3 p.beqimm         x10, -700           x10:00000000
20296834ns          338509 1c0091e0 017005b3 add              x11, x0, x23        x11=00000002 x23:00000002
20296854ns          338510 1c0091e2 ff2049e3 blt              x0, x18, -14        x18:00000000
20296875ns          338511 1c0091e6 00412783 lw               x15, 4(x2)          x15=00000000  x2:10000b38  PA:10000b3c
20296895ns          338512 1c0091e8 01c12a03 lw               x20, 28(x2)         x20=10000be4  x2:10000b38  PA:10000b54
20296915ns          338513 1c0091ea 00fa8733 add              x14, x21, x15       x14=00000022 x21:00000022 x15:00000000
20296935ns          338514 1c0091ee 00812783 lw               x15, 8(x2)          x15=00000001  x2:10000b38  PA:10000b40
20296956ns          338515 1c0091f0 00970733 add              x14, x14, x9        x14=00000022 x14:00000022  x9:00000000
20296996ns          338517 1c0091f2 00e78ab3 add              x21, x15, x14       x21=00000023 x15:00000001 x14:00000022
20297016ns          338518 1c0091f6 bf6059e3 bge              x0, x22, -1038      x22:ffffffff
20297178ns          338526 1c008de8 000d4503 lbu              x10, 0(x26)         x10=0000000a x26:1c0009a9  PA:1c0009a9
20297502ns          338542 1c008dec 001d0413 addi             x8, x26, 1           x8=1c0009aa x26:1c0009a9
20297522ns          338543 1c008df0 0c050b63 beq              x10, x0, 214        x10:0000000a
20297542ns          338544 1c008df2 02500793 addi             x15, x0, 37         x15=00000025
20297563ns          338545 1c008df6 fef513e3 bne              x10, x15, -26       x10:0000000a x15:00000025
20297725ns          338553 1c008ddc 017005b3 add              x11, x0, x23        x11=00000002 x23:00000002
20297745ns          338554 1c008dde 000980e7 jalr             x1, x19, 0           x1=1c008de0 x19:1c008d20
20297785ns          338556 1c008d20 f14027f3 csrrs            x15, x0, 0xf14      x15=00000001
20297806ns          338557 1c008d24 1a10f6b7 lui              x13, 0x1a10f000     x13=1a10f000
20297826ns          338558 1c008d28 ca5797b3 p.extractu       x15, x15, 5, 5      x15=00000000 x15:00000001
20297846ns          338559 1c008d2c f1402773 csrrs            x14, x0, 0xf14      x14=00000001
20297866ns          338560 1c008d30 00779793 slli             x15, x15, 0x7       x15=00000000 x15:00000000
20297887ns          338561 1c008d32 00371713 slli             x14, x14, 0x3       x14=00000008 x14:00000001
20297907ns          338562 1c008d34 0ff57513 andi             x10, x10, 255       x10=0000000a x10:0000000a
20297927ns          338563 1c008d38 ee873733 p.bclr           x14, x14, 23, 8     x14=00000008 x14:00000008
20297947ns          338564 1c008d3c 00d787b3 add              x15, x15, x13       x15=1a10f000 x15:00000000 x13:1a10f000
20297968ns          338565 1c008d3e 00a767a3 p.sw             x10, x0(x14)        x10:0000000a x14:00000008  PA:1a10f008
20298291ns          338581 1c008d42 00000513 addi             x10, x0, 0          x10=00000000
20298312ns          338582 1c008d44 00008067 jalr             x0, x1, 0            x1:1c008de0
20298352ns          338584 1c008de0 15f52063 p.beqimm         x10, 320            x10:00000000
20298372ns          338585 1c008de4 001a8a93 addi             x21, x21, 1         x21=00000024 x21:00000023
20298393ns          338586 1c008de6 00800d33 add              x26, x0, x8         x26=1c0009aa  x8:1c0009aa
20298413ns          338587 1c008de8 000d4503 lbu              x10, 0(x26)         x10=00000000 x26:1c0009aa  PA:1c0009aa
20298716ns          338602 1c008dec 001d0413 addi             x8, x26, 1           x8=1c0009ab x26:1c0009aa
20298737ns          338603 1c008df0 0c050b63 beq              x10, x0, 214        x10:00000000
20298797ns          338606 1c008ec6 01500433 add              x8, x0, x21          x8=00000024 x21:00000024
20298818ns          338607 1c008ec8 00800533 add              x10, x0, x8         x10=00000024  x8:00000024
20298838ns          338608 1c008eca 07c12083 lw               x1, 124(x2)          x1=1c008da4  x2:10000b38  PA:10000bb4
20298858ns          338609 1c008ecc 07812403 lw               x8, 120(x2)          x8=xxxxxxxx  x2:10000b38  PA:10000bb0
20298878ns          338610 1c008ece 07412483 lw               x9, 116(x2)          x9=00000001  x2:10000b38  PA:10000bac
20299182ns          338625 1c008ed0 07012903 lw               x18, 112(x2)        x18=00204000  x2:10000b38  PA:10000ba8
20299202ns          338626 1c008ed2 06c12983 lw               x19, 108(x2)        x19=00000001  x2:10000b38  PA:10000ba4
20299222ns          338627 1c008ed4 06812a03 lw               x20, 104(x2)        x20=1c01011e  x2:10000b38  PA:10000ba0
20299243ns          338628 1c008ed6 06412a83 lw               x21, 100(x2)        x21=1c010122  x2:10000b38  PA:10000b9c
20299263ns          338629 1c008ed8 06012b03 lw               x22, 96(x2)         x22=xxxxxxxx  x2:10000b38  PA:10000b98
20299283ns          338630 1c008eda 05c12b83 lw               x23, 92(x2)         x23=xxxxxxxx  x2:10000b38  PA:10000b94
20299303ns          338631 1c008edc 05812c03 lw               x24, 88(x2)         x24=xxxxxxxx  x2:10000b38  PA:10000b90
20299324ns          338632 1c008ede 05412c83 lw               x25, 84(x2)         x25=xxxxxxxx  x2:10000b38  PA:10000b8c
20299627ns          338647 1c008ee0 05012d03 lw               x26, 80(x2)         x26=xxxxxxxx  x2:10000b38  PA:10000b88
20299647ns          338648 1c008ee2 04c12d83 lw               x27, 76(x2)         x27=xxxxxxxx  x2:10000b38  PA:10000b84
20299668ns          338649 1c008ee4 08010113 addi             x2, x2, 128          x2=10000bb8  x2:10000b38
20299688ns          338650 1c008ee6 00008067 jalr             x0, x1, 0            x1:1c008da4
20299769ns          338654 1c008da4 01c12083 lw               x1, 28(x2)           x1=1c008780  x2:10000bb8  PA:10000bd4
20299789ns          338655 1c008da6 04010113 addi             x2, x2, 64           x2=10000bf8  x2:10000bb8
20299830ns          338657 1c008da8 00008067 jalr             x0, x1, 0            x1:1c008780
20299971ns          338664 1c008780 00900533 add              x10, x0, x9         x10=00000001  x9:00000001
20299992ns          338665 1c008782 3a6000ef jal              x1, 934              x1=1c008784
20300417ns          338686 1c008b28 002047b7 lui              x15, 0x204000       x15=00204000
20300457ns          338688 1c008b2c 02078793 addi             x15, x15, 32        x15=00204020 x15:00204000
20300943ns          338712 1c008b30 00f50533 add              x10, x10, x15       x10=00204021 x10:00000001 x15:00204020
20300963ns          338713 1c008b32 00751513 slli             x10, x10, 0x7       x10=10201080 x10:00204021
20300983ns          338714 1c008b34 00008067 jalr             x0, x1, 0            x1:1c008784
20301024ns          338716 1c008784 00a00433 add              x8, x0, x10          x8=10201080 x10:10201080
20301044ns          338717 1c008786 1c001bb7 lui              x23, 0x1c001000     x23=1c001000
20301064ns          338718 1c00878a 1c001b37 lui              x22, 0x1c001000     x22=1c001000
20301469ns          338738 1c00878e 1c048e63 beq              x9, x0, 476          x9:00000001
20301510ns          338740 1c008792 7b4b8993 addi             x19, x23, 1972      x19=1c0017b4 x23:1c001000
20301530ns          338741 1c008796 7d4b0913 addi             x18, x22, 2004      x18=1c0017d4 x22:1c001000
20301550ns          338742 1c00879a 002046b7 lui              x13, 0x204000       x13=00204000
20301874ns          338758 1c00879e 21c68793 addi             x15, x13, 540       x15=0020421c x13:00204000
20301894ns          338759 1c0087a2 0007a783 lw               x15, 0(x15)         x15=00010000 x15:0020421c  PA:0020421c
20345815ns          340929 1c0087a4 00249a13 slli             x20, x9, 0x2        x20=00000004  x9:00000001
20345835ns          340930 1c0087a8 2149f803 lw               x16, x20(x19)       x16=100024b8 x20:00000004 x19:1c0017b4  PA:1c0017b8
20346159ns          340946 1c0087ac 0c068593 addi             x11, x13, 192       x11=002040c0 x13:00204000
20346179ns          340947 1c0087b0 0005a783 lw               x15, 0(x11)         x15=00000000 x11:002040c0  PA:002040c0
20347697ns          341022 1c0087b2 002027b7 lui              x15, 0x202000       x15=00202000
20347717ns          341023 1c0087b6 80078793 addi             x15, x15, -2048     x15=00201800 x15:00202000
20347738ns          341024 1c0087ba 0007a603 lw               x12, 0(x15)         x12=00000001 x15:00201800  PA:00201800
20347839ns          341029 1c0087be 00160737 lui              x14, 0x160000       x14=00160000
20347859ns          341030 1c0087c2 00100513 addi             x10, x0, 1          x10=00000001
20347879ns          341031 1c0087c4 04070713 addi             x14, x14, 64        x14=00160040 x14:00160000
20347900ns          341032 1c0087c8 c1674733 p.bset           x14, x14, 0, 22     x14=00560040 x14:00160040
20347920ns          341033 1c0087cc 00e7a023 sw               x14, 0(x15)         x14:00560040 x15:00201800  PA:00201800
20348001ns          341037 1c0087d0 0107a023 sw               x16, 0(x15)         x16:100024b8 x15:00201800  PA:00201800
20348082ns          341041 1c0087d4 1c001837 lui              x16, 0x1c001000     x16=1c001000
20348102ns          341042 1c0087d8 27080813 addi             x16, x16, 624       x16=1c001270 x16:1c001000
20348122ns          341043 1c0087dc 0107a023 sw               x16, 0(x15)         x16:1c001270 x15:00201800  PA:00201800
20348203ns          341047 1c0087e0 0c06a023 sw               x0, 192(x13)        x13:00204000  PA:002040c0
20348223ns          341048 1c0087e4 0005a703 lw               x14, 0(x11)         x14=00000000 x11:002040c0  PA:002040c0
20350005ns          341136 1c0087e6 0047a703 lw               x14, 4(x15)         x14=00020000 x15:00201800  PA:00201804
20350106ns          341141 1c0087ea 40c75733 sra              x14, x14, x12       x14=00010000 x14:00020000 x12:00000001
20350126ns          341142 1c0087ee fc173733 p.bclr           x14, x14, 30, 1     x14=00000000 x14:00010000
20350146ns          341143 1c0087f2 00c51533 sll              x10, x10, x12       x10=00000002 x10:00000001 x12:00000001
20350166ns          341144 1c0087f6 02070363 beq              x14, x0, 38         x14:00000000
20350328ns          341152 1c00881c 002027b7 lui              x15, 0x202000       x15=00202000
20350409ns          341156 1c008820 80078793 addi             x15, x15, -2048     x15=00201800 x15:00202000
20350450ns          341158 1c008824 00a7a223 sw               x10, 4(x15)         x10:00000002 x15:00201800  PA:00201804
20350531ns          341162 1c008828 00204637 lui              x12, 0x204000       x12=00204000
20350551ns          341163 1c00882c 0c062023 sw               x0, 192(x12)        x12:00204000  PA:002040c0
20350571ns          341164 1c008830 21497883 lw               x17, x20(x18)       x17=10002500 x20:00000004 x18:1c0017d4  PA:1c0017d8
20350875ns          341179 1c008834 0c060713 addi             x14, x12, 192       x14=002040c0 x12:00204000
20350895ns          341180 1c008838 00072683 lw               x13, 0(x14)         x13=00000000 x14:002040c0  PA:002040c0
20352271ns          341248 1c00883a 0007a583 lw               x11, 0(x15)         x11=00000002 x15:00201800  PA:00201800
20352352ns          341252 1c00883e 001606b7 lui              x13, 0x160000       x13=00160000
20352373ns          341253 1c008842 00100513 addi             x10, x0, 1          x10=00000001
20352393ns          341254 1c008844 04068693 addi             x13, x13, 64        x13=00160040 x13:00160000
20352413ns          341255 1c008848 c166c6b3 p.bset           x13, x13, 0, 22     x13=00560040 x13:00160040
20352433ns          341256 1c00884c 00d7a023 sw               x13, 0(x15)         x13:00560040 x15:00201800  PA:00201800
20352535ns          341261 1c008850 0117a023 sw               x17, 0(x15)         x17:10002500 x15:00201800  PA:00201800
20352616ns          341265 1c008854 04080813 addi             x16, x16, 64        x16=1c0012b0 x16:1c001270
20352636ns          341266 1c008858 0107a023 sw               x16, 0(x15)         x16:1c0012b0 x15:00201800  PA:00201800
20352717ns          341270 1c00885c 0c062023 sw               x0, 192(x12)        x12:00204000  PA:002040c0
20352737ns          341271 1c008860 00072683 lw               x13, 0(x14)         x13=00000000 x14:002040c0  PA:002040c0
20354053ns          341336 1c008862 0047a683 lw               x13, 4(x15)         x13=00070000 x15:00201800  PA:00201804
20354154ns          341341 1c008866 40b6d6b3 sra              x13, x13, x11       x13=0001c000 x13:00070000 x11:00000002
20354174ns          341342 1c00886a fc16b6b3 p.bclr           x13, x13, 30, 1     x13=00000000 x13:0001c000
20354194ns          341343 1c00886e 14068e63 beq              x13, x0, 348        x13:00000000
20354336ns          341350 1c0089ca 00b51533 sll              x10, x10, x11       x10=00000004 x10:00000001 x11:00000002
20354356ns          341351 1c0089ce ed1ff06f jal              x0, -304           
20354923ns          341379 1c00889e 002027b7 lui              x15, 0x202000       x15=00202000
20354963ns          341381 1c0088a2 80078793 addi             x15, x15, -2048     x15=00201800 x15:00202000
20354984ns          341382 1c0088a6 00a7a223 sw               x10, 4(x15)         x10:00000004 x15:00201800  PA:00201804
20355065ns          341386 1c0088aa 002047b7 lui              x15, 0x204000       x15=00204000
20355409ns          341403 1c0088ae 0c07a023 sw               x0, 192(x15)        x15:00204000  PA:002040c0
20355429ns          341404 1c0088b2 02049463 bne              x9, x0, 40           x9:00000001
20355915ns          341428 1c0088da 002047b7 lui              x15, 0x204000       x15=00204000
20356319ns          341448 1c0088de 21c7a783 lw               x15, 540(x15)       x15=00010000 x15:00204000  PA:0020421c
20370042ns          342126 1c0088e2 00042a23 sw               x0, 20(x8)           x8:10201080  PA:10201094
20370123ns          342130 1c0088e6 2149f583 lw               x11, x20(x19)       x11=100024b8 x20:00000004 x19:1c0017b4  PA:1c0017b8
20370427ns          342145 1c0088ea 00800533 add              x10, x0, x8         x10=10201080  x8:10201080
20370447ns          342146 1c0088ec 02000693 addi             x13, x0, 32         x13=00000020
20370467ns          342147 1c0088f0 04000613 addi             x12, x0, 64         x12=00000040
20370487ns          342148 1c0088f4 174000ef jal              x1, 372              x1=1c0088f6
20371054ns          342176 1c008a68 00450893 addi             x17, x10, 4         x17=10201084 x10:10201080
20371095ns          342178 1c008a6c 0008a783 lw               x15, 0(x17)         x15=00000000 x17:10201084  PA:10201084
20371418ns          342194 1c008a70 0207d163 bge              x15, x0, 34         x15:00000000
20371884ns          342217 1c008a92 04050793 addi             x15, x10, 64        x15=102010c0 x10:10201080
20371904ns          342218 1c008a96 00b7a023 sw               x11, 0(x15)         x11:100024b8 x15:102010c0  PA:102010c0
20371985ns          342222 1c008a9a 02d64633 div              x12, x12, x13       x12=00000002 x12:00000040 x13:00000020
20372592ns          342252 1c008a9e 00c7a223 sw               x12, 4(x15)         x12:00000002 x15:102010c0  PA:102010c4
20372673ns          342256 1c008aa2 00c7a423 sw               x12, 8(x15)         x12:00000002 x15:102010c0  PA:102010c8
20372815ns          342263 1c008aa6 00d7a623 sw               x13, 12(x15)        x13:00000020 x15:102010c0  PA:102010cc
20372977ns          342271 1c008aaa 00052023 sw               x0, 0(x10)          x10:10201080  PA:10201080
20373119ns          342278 1c008aae 00008067 jalr             x0, x1, 0            x1:1c0088f6
20373200ns          342282 1c0088f6 21497583 lw               x11, x20(x18)       x11=10002500 x20:00000004 x18:1c0017d4  PA:1c0017d8
20373503ns          342297 1c0088fa 02000693 addi             x13, x0, 32         x13=00000020
20373523ns          342298 1c0088fe 00800533 add              x10, x0, x8         x10=10201080  x8:10201080
20373584ns          342301 1c008900 04000613 addi             x12, x0, 64         x12=00000040
20373625ns          342303 1c008904 164000ef jal              x1, 356              x1=1c008906
20373665ns          342305 1c008a68 00450893 addi             x17, x10, 4         x17=10201084 x10:10201080
20373685ns          342306 1c008a6c 0008a783 lw               x15, 0(x17)         x15=00000001 x17:10201084  PA:10201084
20373827ns          342313 1c008a70 0207d163 bge              x15, x0, 34         x15:00000001
20374232ns          342333 1c008a92 04050793 addi             x15, x10, 64        x15=102010c0 x10:10201080
20374252ns          342334 1c008a96 00b7a023 sw               x11, 0(x15)         x11:10002500 x15:102010c0  PA:102010c0
20374333ns          342338 1c008a9a 02d64633 div              x12, x12, x13       x12=00000002 x12:00000040 x13:00000020
20374920ns          342367 1c008a9e 00c7a223 sw               x12, 4(x15)         x12:00000002 x15:102010c0  PA:102010c4
20375021ns          342372 1c008aa2 00c7a423 sw               x12, 8(x15)         x12:00000002 x15:102010c0  PA:102010c8
20375183ns          342380 1c008aa6 00d7a623 sw               x13, 12(x15)        x13:00000020 x15:102010c0  PA:102010cc
20375345ns          342388 1c008aaa 00052023 sw               x0, 0(x10)          x10:10201080  PA:10201080
20375487ns          342395 1c008aae 00008067 jalr             x0, x1, 0            x1:1c008906
20375507ns          342396 1c008906 002047b7 lui              x15, 0x204000       x15=00204000
20375527ns          342397 1c00890a 00c40413 addi             x8, x8, 12           x8=1020108c  x8:10201080
20375547ns          342398 1c00890c 000016b7 lui              x13, 0x1000         x13=00001000
20375831ns          342412 1c00890e 03c78713 addi             x14, x15, 60        x14=0020403c x15:00204000
20375871ns          342414 1c008912 00d7a423 sw               x13, 8(x15)         x13:00001000 x15:00204000  PA:00204008
20375892ns          342415 1c008916 00072603 lw               x12, 0(x14)         x12=00001000 x14:0020403c  PA:0020403c
20375912ns          342416 1c008918 00d7a223 sw               x13, 4(x15)         x13:00001000 x15:00204000  PA:00204004
20375952ns          342418 1c00891c 00042603 lw               x12, 0(x8)          x12=00000000  x8:1020108c  PA:1020108c
20376053ns          342423 1c00891e fe061ae3 bne              x12, x0, -12        x12:00000000
20376398ns          342440 1c008920 21c78793 addi             x15, x15, 540       x15=0020421c x15:00204000
20376438ns          342442 1c008924 0007a783 lw               x15, 0(x15)         x15=00010000 x15:0020421c  PA:0020421c
20376499ns          342445 1c008926 00049c63 bne              x9, x0, 24           x9:00000001
20376924ns          342466 1c00893e 02812403 lw               x8, 40(x2)           x8=xxxxxxxx  x2:10000bf8  PA:10000c20
20377227ns          342481 1c008940 21497703 lw               x14, x20(x18)       x14=10002500 x20:00000004 x18:1c0017d4  PA:1c0017d8
20377551ns          342497 1c008944 02c12083 lw               x1, 44(x2)           x1=1c01011e  x2:10000bf8  PA:10000c24
20377571ns          342498 1c008946 02012903 lw               x18, 32(x2)         x18=00204000  x2:10000bf8  PA:10000c18
20377592ns          342499 1c008948 01c12983 lw               x19, 28(x2)         x19=00000001  x2:10000bf8  PA:10000c14
20377612ns          342500 1c00894a 01812a03 lw               x20, 24(x2)         x20=1c01011e  x2:10000bf8  PA:10000c10
20377632ns          342501 1c00894c 01412a83 lw               x21, 20(x2)         x21=1c010122  x2:10000bf8  PA:10000c0c
20377652ns          342502 1c00894e 01012b03 lw               x22, 16(x2)         x22=xxxxxxxx  x2:10000bf8  PA:10000c08
20377794ns          342509 1c008950 00c12b83 lw               x23, 12(x2)         x23=xxxxxxxx  x2:10000bf8  PA:10000c04
20377814ns          342510 1c008952 00812c03 lw               x24, 8(x2)          x24=xxxxxxxx  x2:10000bf8  PA:10000c00
20377835ns          342511 1c008954 1c0016b7 lui              x13, 0x1c001000     x13=1c001000
20377855ns          342512 1c008958 00900633 add              x12, x0, x9         x12=00000001  x9:00000001
20377875ns          342513 1c00895a 02412483 lw               x9, 36(x2)           x9=xxxxxxxx  x2:10000bf8  PA:10000c1c
20377895ns          342514 1c00895c 53068693 addi             x13, x13, 1328      x13=1c001530 x13:1c001000
20377936ns          342516 1c008960 04000593 addi             x11, x0, 64         x11=00000040
20377976ns          342518 1c008964 00200513 addi             x10, x0, 2          x10=00000002
20377996ns          342519 1c008966 03010113 addi             x2, x2, 48           x2=10000c28  x2:10000bf8
20378017ns          342520 1c008968 1480006f jal              x0, 328            
20378118ns          342525 1c008ab0 41f5d793 srai             x15, x11, 0x41f     x15=00000000 x11:00000040
20378138ns          342526 1c008ab4 fa27b7b3 p.bclr           x15, x15, 29, 2     x15=00000000 x15:00000000
20378158ns          342527 1c008ab8 04b7a7db p.addN           x15, x15, x11, 0x2  x15=00000010 x15:00000000 x11:00000040
20378179ns          342528 1c008abc 00c005b3 add              x11, x0, x12        x11=00000001 x12:00000001
20378523ns          342545 1c008abe 04f05e63 bge              x0, x15, 92         x15:00000010
20378543ns          342546 1c008ac2 00279793 slli             x15, x15, 0x2       x15=00000040 x15:00000010
20378563ns          342547 1c008ac4 ffc78793 addi             x15, x15, -4        x15=0000003c x15:00000040
20378583ns          342548 1c008ac6 0027d793 srli             x15, x15, 0x2       x15=0000000f x15:0000003c
20378604ns          342549 1c008ac8 00001eb7 lui              x29, 0x1000         x29=00001000
20378624ns          342550 1c008aca 00d00333 add              x6, x0, x13          x6=1c001530 x13:1c001530
20378644ns          342551 1c008acc 00268e13 addi             x28, x13, 2         x28=1c001532 x13:1c001530
20379069ns          342572 1c008ad0 fffe8e93 addi             x29, x29, -1        x29=00000fff x29:00001000
20379089ns          342573 1c008ad2 00000693 addi             x13, x0, 0          x13=00000000
20379110ns          342574 1c008ad4 00178793 addi             x15, x15, 1         x15=00000010 x15:0000000f
20379130ns          342575 1c008ad6 0127c0fb lp.setup         0x1, x15, 0x12      x15:00000010
20379150ns          342576 1c008ada 0047288b p.lw             x17, 4(x14!)        x17=00710eef x14=10002504 x14:10002500  PA:10002500
20379575ns          342597 1c008ade 00035803 lhu              x16, 0(x6)          x16=0000005c  x6:1c001530  PA:1c001530
20379899ns          342613 1c008ae2 01d8f633 and              x12, x17, x29       x12=00000eef x17:00710eef x29:00000fff
20379919ns          342614 1c008ae6 010ef833 and              x16, x29, x16       x16=0000005c x29:00000fff x16:0000005c
20379940ns          342615 1c008aea 10065633 p.exthz          x12, x12, x0        x12=00000eef x12:00000eef
20380304ns          342633 1c008aee 000e5f03 lhu              x30, 0(x28)         x30=00000e57 x28:1c001532  PA:1c001532
20380628ns          342649 1c008af2 00c80b63 beq              x16, x12, 22        x16:0000005c x12:00000eef
20380648ns          342650 1c008af6 00168693 addi             x13, x13, 1         x13=00000001 x13:00000000
20380668ns          342651 1c008af8 00430313 addi             x6, x6, 4            x6=1c001534  x6:1c001530
20380688ns          342652 1c008afa 004e0e13 addi             x28, x28, 4         x28=1c001536 x28:1c001532
20381134ns          342674 1c008ada 0047288b p.lw             x17, 4(x14!)        x17=0cef0241 x14=10002508 x14:10002504  PA:10002504
20381154ns          342675 1c008ade 00035803 lhu              x16, 0(x6)          x16=00000f14  x6:1c001534  PA:1c001534
20381458ns          342690 1c008ae2 01d8f633 and              x12, x17, x29       x12=00000241 x17:0cef0241 x29:00000fff
20381478ns          342691 1c008ae6 010ef833 and              x16, x29, x16       x16=00000f14 x29:00000fff x16:00000f14
20381498ns          342692 1c008aea 10065633 p.exthz          x12, x12, x0        x12=00000241 x12:00000241
20381518ns          342693 1c008aee 000e5f03 lhu              x30, 0(x28)         x30=00000f47 x28:1c001536  PA:1c001536
20381822ns          342708 1c008af2 00c80b63 beq              x16, x12, 22        x16:00000f14 x12:00000241
20381842ns          342709 1c008af6 00168693 addi             x13, x13, 1         x13=00000002 x13:00000001
20381862ns          342710 1c008af8 00430313 addi             x6, x6, 4            x6=1c001538  x6:1c001534
20381883ns          342711 1c008afa 004e0e13 addi             x28, x28, 4         x28=1c00153a x28:1c001536
20381923ns          342713 1c008ada 0047288b p.lw             x17, 4(x14!)        x17=01750019 x14=1000250c x14:10002508  PA:10002508
20381943ns          342714 1c008ade 00035803 lhu              x16, 0(x6)          x16=00000166  x6:1c001538  PA:1c001538
20382267ns          342730 1c008ae2 01d8f633 and              x12, x17, x29       x12=00000019 x17:01750019 x29:00000fff
20382287ns          342731 1c008ae6 010ef833 and              x16, x29, x16       x16=00000166 x29:00000fff x16:00000166
20382308ns          342732 1c008aea 10065633 p.exthz          x12, x12, x0        x12=00000019 x12:00000019
20382328ns          342733 1c008aee 000e5f03 lhu              x30, 0(x28)         x30=00000e38 x28:1c00153a  PA:1c00153a
20382631ns          342748 1c008af2 00c80b63 beq              x16, x12, 22        x16:00000166 x12:00000019
20382652ns          342749 1c008af6 00168693 addi             x13, x13, 1         x13=00000003 x13:00000002
20382672ns          342750 1c008af8 00430313 addi             x6, x6, 4            x6=1c00153c  x6:1c001538
20382692ns          342751 1c008afa 004e0e13 addi             x28, x28, 4         x28=1c00153e x28:1c00153a
20382733ns          342753 1c008ada 0047288b p.lw             x17, 4(x14!)        x17=01230fa5 x14=10002510 x14:1000250c  PA:1000250c
20382753ns          342754 1c008ade 00035803 lhu              x16, 0(x6)          x16=000002b6  x6:1c00153c  PA:1c00153c
20383056ns          342769 1c008ae2 01d8f633 and              x12, x17, x29       x12=00000fa5 x17:01230fa5 x29:00000fff
20383077ns          342770 1c008ae6 010ef833 and              x16, x29, x16       x16=000002b6 x29:00000fff x16:000002b6
20383097ns          342771 1c008aea 10065633 p.exthz          x12, x12, x0        x12=00000fa5 x12:00000fa5
20383117ns          342772 1c008aee 000e5f03 lhu              x30, 0(x28)         x30=000001c2 x28:1c00153e  PA:1c00153e
20383421ns          342787 1c008af2 00c80b63 beq              x16, x12, 22        x16:000002b6 x12:00000fa5
20383441ns          342788 1c008af6 00168693 addi             x13, x13, 1         x13=00000004 x13:00000003
20383461ns          342789 1c008af8 00430313 addi             x6, x6, 4            x6=1c001540  x6:1c00153c
20383482ns          342790 1c008afa 004e0e13 addi             x28, x28, 4         x28=1c001542 x28:1c00153e
20383522ns          342792 1c008ada 0047288b p.lw             x17, 4(x14!)        x17=01de019d x14=10002514 x14:10002510  PA:10002510
20383542ns          342793 1c008ade 00035803 lhu              x16, 0(x6)          x16=00000d5c  x6:1c001540  PA:1c001540
20383846ns          342808 1c008ae2 01d8f633 and              x12, x17, x29       x12=0000019d x17:01de019d x29:00000fff
20383866ns          342809 1c008ae6 010ef833 and              x16, x29, x16       x16=00000d5c x29:00000fff x16:00000d5c
20383886ns          342810 1c008aea 10065633 p.exthz          x12, x12, x0        x12=0000019d x12:0000019d
20383907ns          342811 1c008aee 000e5f03 lhu              x30, 0(x28)         x30=00000eba x28:1c001542  PA:1c001542
20384210ns          342826 1c008af2 00c80b63 beq              x16, x12, 22        x16:00000d5c x12:0000019d
20384230ns          342827 1c008af6 00168693 addi             x13, x13, 1         x13=00000005 x13:00000004
20384251ns          342828 1c008af8 00430313 addi             x6, x6, 4            x6=1c001544  x6:1c001540
20384271ns          342829 1c008afa 004e0e13 addi             x28, x28, 4         x28=1c001546 x28:1c001542
20384311ns          342831 1c008ada 0047288b p.lw             x17, 4(x14!)        x17=0df40f69 x14=10002518 x14:10002514  PA:10002514
20384332ns          342832 1c008ade 00035803 lhu              x16, 0(x6)          x16=00000eae  x6:1c001544  PA:1c001544
20384635ns          342847 1c008ae2 01d8f633 and              x12, x17, x29       x12=00000f69 x17:0df40f69 x29:00000fff
20384655ns          342848 1c008ae6 010ef833 and              x16, x29, x16       x16=00000eae x29:00000fff x16:00000eae
20384676ns          342849 1c008aea 10065633 p.exthz          x12, x12, x0        x12=00000f69 x12:00000f69
20384696ns          342850 1c008aee 000e5f03 lhu              x30, 0(x28)         x30=00000e38 x28:1c001546  PA:1c001546
20385000ns          342865 1c008af2 00c80b63 beq              x16, x12, 22        x16:00000eae x12:00000f69
20385020ns          342866 1c008af6 00168693 addi             x13, x13, 1         x13=00000006 x13:00000005
20385040ns          342867 1c008af8 00430313 addi             x6, x6, 4            x6=1c001548  x6:1c001544
20385060ns          342868 1c008afa 004e0e13 addi             x28, x28, 4         x28=1c00154a x28:1c001546
20385101ns          342870 1c008ada 0047288b p.lw             x17, 4(x14!)        x17=03190049 x14=1000251c x14:10002518  PA:10002518
20385121ns          342871 1c008ade 00035803 lhu              x16, 0(x6)          x16=00000157  x6:1c001548  PA:1c001548
20385425ns          342886 1c008ae2 01d8f633 and              x12, x17, x29       x12=00000049 x17:03190049 x29:00000fff
20385445ns          342887 1c008ae6 010ef833 and              x16, x29, x16       x16=00000157 x29:00000fff x16:00000157
20385465ns          342888 1c008aea 10065633 p.exthz          x12, x12, x0        x12=00000049 x12:00000049
20385485ns          342889 1c008aee 000e5f03 lhu              x30, 0(x28)         x30=00000e8d x28:1c00154a  PA:1c00154a
20385809ns          342905 1c008af2 00c80b63 beq              x16, x12, 22        x16:00000157 x12:00000049
20385829ns          342906 1c008af6 00168693 addi             x13, x13, 1         x13=00000007 x13:00000006
20385850ns          342907 1c008af8 00430313 addi             x6, x6, 4            x6=1c00154c  x6:1c001548
20385870ns          342908 1c008afa 004e0e13 addi             x28, x28, 4         x28=1c00154e x28:1c00154a
20385910ns          342910 1c008ada 0047288b p.lw             x17, 4(x14!)        x17=02e500e7 x14=10002520 x14:1000251c  PA:1000251c
20385931ns          342911 1c008ade 00035803 lhu              x16, 0(x6)          x16=00000fdf  x6:1c00154c  PA:1c00154c
20386234ns          342926 1c008ae2 01d8f633 and              x12, x17, x29       x12=000000e7 x17:02e500e7 x29:00000fff
20386254ns          342927 1c008ae6 010ef833 and              x16, x29, x16       x16=00000fdf x29:00000fff x16:00000fdf
20386275ns          342928 1c008aea 10065633 p.exthz          x12, x12, x0        x12=000000e7 x12:000000e7
20386295ns          342929 1c008aee 000e5f03 lhu              x30, 0(x28)         x30=00000fb7 x28:1c00154e  PA:1c00154e
20386619ns          342945 1c008af2 00c80b63 beq              x16, x12, 22        x16:00000fdf x12:000000e7
20386639ns          342946 1c008af6 00168693 addi             x13, x13, 1         x13=00000008 x13:00000007
20386659ns          342947 1c008af8 00430313 addi             x6, x6, 4            x6=1c001550  x6:1c00154c
20386679ns          342948 1c008afa 004e0e13 addi             x28, x28, 4         x28=1c001552 x28:1c00154e
20386720ns          342950 1c008ada 0047288b p.lw             x17, 4(x14!)        x17=00890230 x14=10002524 x14:10002520  PA:10002520
20386740ns          342951 1c008ade 00035803 lhu              x16, 0(x6)          x16=00000230  x6:1c001550  PA:1c001550
20387044ns          342966 1c008ae2 01d8f633 and              x12, x17, x29       x12=00000230 x17:00890230 x29:00000fff
20387064ns          342967 1c008ae6 010ef833 and              x16, x29, x16       x16=00000230 x29:00000fff x16:00000230
20387084ns          342968 1c008aea 10065633 p.exthz          x12, x12, x0        x12=00000230 x12:00000230
20387104ns          342969 1c008aee 000e5f03 lhu              x30, 0(x28)         x30=00000089 x28:1c001552  PA:1c001552
20387408ns          342984 1c008af2 00c80b63 beq              x16, x12, 22        x16:00000230 x12:00000230
20387469ns          342987 1c008b08 0108d893 srli             x17, x17, 0x10      x17=00000089 x17:00890230
20387489ns          342988 1c008b0c 01df7f33 and              x30, x30, x29       x30=00000089 x30:00000089 x29:00000fff
20387550ns          342991 1c008b10 01d8f8b3 and              x17, x17, x29       x17=00000089 x17:00000089 x29:00000fff
20387590ns          342993 1c008b14 ff1f11e3 bne              x30, x17, -30       x30:00000089 x17:00000089
20387610ns          342994 1c008b18 fe1ff06f jal              x0, -32            
20387651ns          342996 1c008af8 00430313 addi             x6, x6, 4            x6=1c001554  x6:1c001550
20387671ns          342997 1c008afa 004e0e13 addi             x28, x28, 4         x28=1c001556 x28:1c001552
20387712ns          342999 1c008ada 0047288b p.lw             x17, 4(x14!)        x17=0fb10442 x14=10002528 x14:10002524  PA:10002524
20387732ns          343000 1c008ade 00035803 lhu              x16, 0(x6)          x16=00000442  x6:1c001554  PA:1c001554
20388036ns          343015 1c008ae2 01d8f633 and              x12, x17, x29       x12=00000442 x17:0fb10442 x29:00000fff
20388056ns          343016 1c008ae6 010ef833 and              x16, x29, x16       x16=00000442 x29:00000fff x16:00000442
20388076ns          343017 1c008aea 10065633 p.exthz          x12, x12, x0        x12=00000442 x12:00000442
20388096ns          343018 1c008aee 000e5f03 lhu              x30, 0(x28)         x30=00000fb1 x28:1c001556  PA:1c001556
20388420ns          343034 1c008af2 00c80b63 beq              x16, x12, 22        x16:00000442 x12:00000442
20388481ns          343037 1c008b08 0108d893 srli             x17, x17, 0x10      x17=00000fb1 x17:0fb10442
20388501ns          343038 1c008b0c 01df7f33 and              x30, x30, x29       x30=00000fb1 x30:00000fb1 x29:00000fff
20388521ns          343039 1c008b10 01d8f8b3 and              x17, x17, x29       x17=00000fb1 x17:00000fb1 x29:00000fff
20388542ns          343040 1c008b14 ff1f11e3 bne              x30, x17, -30       x30:00000fb1 x17:00000fb1
20388562ns          343041 1c008b18 fe1ff06f jal              x0, -32            
20388602ns          343043 1c008af8 00430313 addi             x6, x6, 4            x6=1c001558  x6:1c001554
20388622ns          343044 1c008afa 004e0e13 addi             x28, x28, 4         x28=1c00155a x28:1c001556
20388663ns          343046 1c008ada 0047288b p.lw             x17, 4(x14!)        x17=004300ad x14=1000252c x14:10002528  PA:10002528
20388683ns          343047 1c008ade 00035803 lhu              x16, 0(x6)          x16=000000ad  x6:1c001558  PA:1c001558
20388987ns          343062 1c008ae2 01d8f633 and              x12, x17, x29       x12=000000ad x17:004300ad x29:00000fff
20389007ns          343063 1c008ae6 010ef833 and              x16, x29, x16       x16=000000ad x29:00000fff x16:000000ad
20389027ns          343064 1c008aea 10065633 p.exthz          x12, x12, x0        x12=000000ad x12:000000ad
20389048ns          343065 1c008aee 000e5f03 lhu              x30, 0(x28)         x30=00000043 x28:1c00155a  PA:1c00155a
20389351ns          343080 1c008af2 00c80b63 beq              x16, x12, 22        x16:000000ad x12:000000ad
20389412ns          343083 1c008b08 0108d893 srli             x17, x17, 0x10      x17=00000043 x17:004300ad
20389432ns          343084 1c008b0c 01df7f33 and              x30, x30, x29       x30=00000043 x30:00000043 x29:00000fff
20389452ns          343085 1c008b10 01d8f8b3 and              x17, x17, x29       x17=00000043 x17:00000043 x29:00000fff
20389473ns          343086 1c008b14 ff1f11e3 bne              x30, x17, -30       x30:00000043 x17:00000043
20389493ns          343087 1c008b18 fe1ff06f jal              x0, -32            
20389533ns          343089 1c008af8 00430313 addi             x6, x6, 4            x6=1c00155c  x6:1c001558
20389554ns          343090 1c008afa 004e0e13 addi             x28, x28, 4         x28=1c00155e x28:1c00155a
20389594ns          343092 1c008ada 0047288b p.lw             x17, 4(x14!)        x17=006d0e2f x14=10002530 x14:1000252c  PA:1000252c
20389614ns          343093 1c008ade 00035803 lhu              x16, 0(x6)          x16=00000e2f  x6:1c00155c  PA:1c00155c
20389918ns          343108 1c008ae2 01d8f633 and              x12, x17, x29       x12=00000e2f x17:006d0e2f x29:00000fff
20389938ns          343109 1c008ae6 010ef833 and              x16, x29, x16       x16=00000e2f x29:00000fff x16:00000e2f
20389958ns          343110 1c008aea 10065633 p.exthz          x12, x12, x0        x12=00000e2f x12:00000e2f
20389979ns          343111 1c008aee 000e5f03 lhu              x30, 0(x28)         x30=0000006d x28:1c00155e  PA:1c00155e
20390282ns          343126 1c008af2 00c80b63 beq              x16, x12, 22        x16:00000e2f x12:00000e2f
20390343ns          343129 1c008b08 0108d893 srli             x17, x17, 0x10      x17=0000006d x17:006d0e2f
20390363ns          343130 1c008b0c 01df7f33 and              x30, x30, x29       x30=0000006d x30:0000006d x29:00000fff
20390383ns          343131 1c008b10 01d8f8b3 and              x17, x17, x29       x17=0000006d x17:0000006d x29:00000fff
20390404ns          343132 1c008b14 ff1f11e3 bne              x30, x17, -30       x30:0000006d x17:0000006d
20390424ns          343133 1c008b18 fe1ff06f jal              x0, -32            
20390464ns          343135 1c008af8 00430313 addi             x6, x6, 4            x6=1c001560  x6:1c00155c
20390485ns          343136 1c008afa 004e0e13 addi             x28, x28, 4         x28=1c001562 x28:1c00155e
20390525ns          343138 1c008ada 0047288b p.lw             x17, 4(x14!)        x17=0d1a0fe2 x14=10002534 x14:10002530  PA:10002530
20390545ns          343139 1c008ade 00035803 lhu              x16, 0(x6)          x16=00000fe2  x6:1c001560  PA:1c001560
20390849ns          343154 1c008ae2 01d8f633 and              x12, x17, x29       x12=00000fe2 x17:0d1a0fe2 x29:00000fff
20390869ns          343155 1c008ae6 010ef833 and              x16, x29, x16       x16=00000fe2 x29:00000fff x16:00000fe2
20390889ns          343156 1c008aea 10065633 p.exthz          x12, x12, x0        x12=00000fe2 x12:00000fe2
20390910ns          343157 1c008aee 000e5f03 lhu              x30, 0(x28)         x30=00000d1a x28:1c001562  PA:1c001562
20391213ns          343172 1c008af2 00c80b63 beq              x16, x12, 22        x16:00000fe2 x12:00000fe2
20391274ns          343175 1c008b08 0108d893 srli             x17, x17, 0x10      x17=00000d1a x17:0d1a0fe2
20391294ns          343176 1c008b0c 01df7f33 and              x30, x30, x29       x30=00000d1a x30:00000d1a x29:00000fff
20391314ns          343177 1c008b10 01d8f8b3 and              x17, x17, x29       x17=00000d1a x17:00000d1a x29:00000fff
20391335ns          343178 1c008b14 ff1f11e3 bne              x30, x17, -30       x30:00000d1a x17:00000d1a
20391355ns          343179 1c008b18 fe1ff06f jal              x0, -32            
20391395ns          343181 1c008af8 00430313 addi             x6, x6, 4            x6=1c001564  x6:1c001560
20391416ns          343182 1c008afa 004e0e13 addi             x28, x28, 4         x28=1c001566 x28:1c001562
20391456ns          343184 1c008ada 0047288b p.lw             x17, 4(x14!)        x17=007803a6 x14=10002538 x14:10002534  PA:10002534
20391476ns          343185 1c008ade 00035803 lhu              x16, 0(x6)          x16=000003a6  x6:1c001564  PA:1c001564
20391800ns          343201 1c008ae2 01d8f633 and              x12, x17, x29       x12=000003a6 x17:007803a6 x29:00000fff
20391820ns          343202 1c008ae6 010ef833 and              x16, x29, x16       x16=000003a6 x29:00000fff x16:000003a6
20391841ns          343203 1c008aea 10065633 p.exthz          x12, x12, x0        x12=000003a6 x12:000003a6
20391861ns          343204 1c008aee 000e5f03 lhu              x30, 0(x28)         x30=00000078 x28:1c001566  PA:1c001566
20392144ns          343218 1c008af2 00c80b63 beq              x16, x12, 22        x16:000003a6 x12:000003a6
20392205ns          343221 1c008b08 0108d893 srli             x17, x17, 0x10      x17=00000078 x17:007803a6
20392225ns          343222 1c008b0c 01df7f33 and              x30, x30, x29       x30=00000078 x30:00000078 x29:00000fff
20392245ns          343223 1c008b10 01d8f8b3 and              x17, x17, x29       x17=00000078 x17:00000078 x29:00000fff
20392266ns          343224 1c008b14 ff1f11e3 bne              x30, x17, -30       x30:00000078 x17:00000078
20392286ns          343225 1c008b18 fe1ff06f jal              x0, -32            
20392326ns          343227 1c008af8 00430313 addi             x6, x6, 4            x6=1c001568  x6:1c001564
20392347ns          343228 1c008afa 004e0e13 addi             x28, x28, 4         x28=1c00156a x28:1c001566
20392387ns          343230 1c008ada 0047288b p.lw             x17, 4(x14!)        x17=0d840e7f x14=1000253c x14:10002538  PA:10002538
20392407ns          343231 1c008ade 00035803 lhu              x16, 0(x6)          x16=00000e7f  x6:1c001568  PA:1c001568
20392731ns          343247 1c008ae2 01d8f633 and              x12, x17, x29       x12=00000e7f x17:0d840e7f x29:00000fff
20392751ns          343248 1c008ae6 010ef833 and              x16, x29, x16       x16=00000e7f x29:00000fff x16:00000e7f
20392772ns          343249 1c008aea 10065633 p.exthz          x12, x12, x0        x12=00000e7f x12:00000e7f
20392792ns          343250 1c008aee 000e5f03 lhu              x30, 0(x28)         x30=00000d84 x28:1c00156a  PA:1c00156a
20393096ns          343265 1c008af2 00c80b63 beq              x16, x12, 22        x16:00000e7f x12:00000e7f
20393156ns          343268 1c008b08 0108d893 srli             x17, x17, 0x10      x17=00000d84 x17:0d840e7f
20393176ns          343269 1c008b0c 01df7f33 and              x30, x30, x29       x30=00000d84 x30:00000d84 x29:00000fff
20393197ns          343270 1c008b10 01d8f8b3 and              x17, x17, x29       x17=00000d84 x17:00000d84 x29:00000fff
20393217ns          343271 1c008b14 ff1f11e3 bne              x30, x17, -30       x30:00000d84 x17:00000d84
20393237ns          343272 1c008b18 fe1ff06f jal              x0, -32            
20393278ns          343274 1c008af8 00430313 addi             x6, x6, 4            x6=1c00156c  x6:1c001568
20393298ns          343275 1c008afa 004e0e13 addi             x28, x28, 4         x28=1c00156e x28:1c00156a
20393338ns          343277 1c008ada 0047288b p.lw             x17, 4(x14!)        x17=0008001d x14=10002540 x14:1000253c  PA:1000253c
20393359ns          343278 1c008ade 00035803 lhu              x16, 0(x6)          x16=0000001d  x6:1c00156c  PA:1c00156c
20393662ns          343293 1c008ae2 01d8f633 and              x12, x17, x29       x12=0000001d x17:0008001d x29:00000fff
20393682ns          343294 1c008ae6 010ef833 and              x16, x29, x16       x16=0000001d x29:00000fff x16:0000001d
20393703ns          343295 1c008aea 10065633 p.exthz          x12, x12, x0        x12=0000001d x12:0000001d
20393723ns          343296 1c008aee 000e5f03 lhu              x30, 0(x28)         x30=00000008 x28:1c00156e  PA:1c00156e
20394067ns          343313 1c008af2 00c80b63 beq              x16, x12, 22        x16:0000001d x12:0000001d
20394128ns          343316 1c008b08 0108d893 srli             x17, x17, 0x10      x17=00000008 x17:0008001d
20394148ns          343317 1c008b0c 01df7f33 and              x30, x30, x29       x30=00000008 x30:00000008 x29:00000fff
20394168ns          343318 1c008b10 01d8f8b3 and              x17, x17, x29       x17=00000008 x17:00000008 x29:00000fff
20394188ns          343319 1c008b14 ff1f11e3 bne              x30, x17, -30       x30:00000008 x17:00000008
20394209ns          343320 1c008b18 fe1ff06f jal              x0, -32            
20394249ns          343322 1c008af8 00430313 addi             x6, x6, 4            x6=1c001570  x6:1c00156c
20394269ns          343323 1c008afa 004e0e13 addi             x28, x28, 4         x28=1c001572 x28:1c00156e
20394290ns          343324 1c008afc 00a00633 add              x12, x0, x10        x12=00000002 x10:00000002
20394310ns          343325 1c008afe 1c001537 lui              x10, 0x1c001000     x10=1c001000
20394330ns          343326 1c008b02 9ac50513 addi             x10, x10, -1620     x10=1c0009ac x10:1c001000
20394350ns          343327 1c008b06 2760006f jal              x0, 630            
20394431ns          343331 1c008d7c fc010113 addi             x2, x2, -64          x2=10000be8  x2:10000c28
20394512ns          343335 1c008d7e 02410313 addi             x6, x2, 36           x6=10000c0c  x2:10000be8
20394533ns          343336 1c008d82 02c12423 sw               x12, 40(x2)         x12:00000002  x2:10000be8  PA:10000c10
20394553ns          343337 1c008d84 00a00633 add              x12, x0, x10        x12=1c0009ac x10:1c0009ac
20394573ns          343338 1c008d86 1c009537 lui              x10, 0x1c009000     x10=1c009000
20394593ns          343339 1c008d8a 02b12223 sw               x11, 36(x2)         x11:00000001  x2:10000be8  PA:10000c0c
20394614ns          343340 1c008d8c 02d12623 sw               x13, 44(x2)         x13:00000008  x2:10000be8  PA:10000c14
20394634ns          343341 1c008d8e 00200593 addi             x11, x0, 2          x11=00000002
20394654ns          343342 1c008d90 006006b3 add              x13, x0, x6         x13=10000c0c  x6:10000c0c
20394694ns          343344 1c008d92 d2050513 addi             x10, x10, -736      x10=1c008d20 x10:1c009000
20394715ns          343345 1c008d96 00112e23 sw               x1, 28(x2)           x1:1c01011e  x2:10000be8  PA:10000c04
20394735ns          343346 1c008d98 02e12823 sw               x14, 48(x2)         x14:10002540  x2:10000be8  PA:10000c18
20394755ns          343347 1c008d9a 02f12a23 sw               x15, 52(x2)         x15:00000010  x2:10000be8  PA:10000c1c
20394775ns          343348 1c008d9c 03012c23 sw               x16, 56(x2)         x16:0000001d  x2:10000be8  PA:10000c20
20394796ns          343349 1c008d9e 03112e23 sw               x17, 60(x2)         x17:00000008  x2:10000be8  PA:10000c24
20394816ns          343350 1c008da0 00612623 sw               x6, 12(x2)           x6:10000c0c  x2:10000be8  PA:10000bf4
20394836ns          343351 1c008da2 fa5ff0ef jal              x1, -92              x1=1c008da4
20394917ns          343355 1c008d46 0640006f jal              x0, 100            
20394958ns          343357 1c008daa f8010113 addi             x2, x2, -128         x2=10000b68  x2:10000be8
20394978ns          343358 1c008dac 06812c23 sw               x8, 120(x2)          x8:xxxxxxxx  x2:10000b68  PA:10000be0
20394998ns          343359 1c008dae 02410713 addi             x14, x2, 36         x14=10000b8c  x2:10000b68
20395039ns          343361 1c008db0 00000413 addi             x8, x0, 0            x8=00000000
20395059ns          343362 1c008db2 07312623 sw               x19, 108(x2)        x19:00000001  x2:10000b68  PA:10000bd4
20395079ns          343363 1c008db4 07412423 sw               x20, 104(x2)        x20:1c01011e  x2:10000b68  PA:10000bd0
20395099ns          343364 1c008db6 07512223 sw               x21, 100(x2)        x21:1c010122  x2:10000b68  PA:10000bcc
20395120ns          343365 1c008db8 05712e23 sw               x23, 92(x2)         x23:xxxxxxxx  x2:10000b68  PA:10000bc4
20395140ns          343366 1c008dba 05812c23 sw               x24, 88(x2)         x24:xxxxxxxx  x2:10000b68  PA:10000bc0
20395160ns          343367 1c008dbc 05a12823 sw               x26, 80(x2)         x26:xxxxxxxx  x2:10000b68  PA:10000bb8
20395180ns          343368 1c008dbe 06112e23 sw               x1, 124(x2)          x1:1c008da4  x2:10000b68  PA:10000be4
20395200ns          343369 1c008dc0 06912a23 sw               x9, 116(x2)          x9:xxxxxxxx  x2:10000b68  PA:10000bdc
20395221ns          343370 1c008dc2 07212823 sw               x18, 112(x2)        x18:00204000  x2:10000b68  PA:10000bd8
20395241ns          343371 1c008dc4 07612023 sw               x22, 96(x2)         x22:xxxxxxxx  x2:10000b68  PA:10000bc8
20395261ns          343372 1c008dc6 05912a23 sw               x25, 84(x2)         x25:xxxxxxxx  x2:10000b68  PA:10000bbc
20395281ns          343373 1c008dc8 05b12623 sw               x27, 76(x2)         x27:xxxxxxxx  x2:10000b68  PA:10000bb4
20395302ns          343374 1c008dca 00a009b3 add              x19, x0, x10        x19=1c008d20 x10:1c008d20
20395322ns          343375 1c008dcc 00b00bb3 add              x23, x0, x11        x23=00000002 x11:00000002
20395342ns          343376 1c008dce 00c00d33 add              x26, x0, x12        x26=1c0009ac x12:1c0009ac
20395362ns          343377 1c008dd0 00d00a33 add              x20, x0, x13        x20=10000c0c x13:10000c0c
20395383ns          343378 1c008dd2 1c001c37 lui              x24, 0x1c001000     x24=1c001000
20395403ns          343379 1c008dd6 00e12023 sw               x14, 0(x2)          x14:10000b8c  x2:10000b68  PA:10000b68
20395423ns          343380 1c008dd8 00800ab3 add              x21, x0, x8         x21=00000000  x8:00000000
20395443ns          343381 1c008dda 00e0006f jal              x0, 14             
20395504ns          343384 1c008de8 000d4503 lbu              x10, 0(x26)         x10=0000000a x26:1c0009ac  PA:1c0009ac
20395808ns          343399 1c008dec 001d0413 addi             x8, x26, 1           x8=1c0009ad x26:1c0009ac
20395828ns          343400 1c008df0 0c050b63 beq              x10, x0, 214        x10:0000000a
20395848ns          343401 1c008df2 02500793 addi             x15, x0, 37         x15=00000025
20395868ns          343402 1c008df6 fef513e3 bne              x10, x15, -26       x10:0000000a x15:00000025
20395990ns          343408 1c008ddc 017005b3 add              x11, x0, x23        x11=00000002 x23:00000002
20396010ns          343409 1c008dde 000980e7 jalr             x1, x19, 0           x1=1c008de0 x19:1c008d20
20396091ns          343413 1c008d20 f14027f3 csrrs            x15, x0, 0xf14      x15=00000001
20396132ns          343415 1c008d24 1a10f6b7 lui              x13, 0x1a10f000     x13=1a10f000
20396152ns          343416 1c008d28 ca5797b3 p.extractu       x15, x15, 5, 5      x15=00000000 x15:00000001
20396172ns          343417 1c008d2c f1402773 csrrs            x14, x0, 0xf14      x14=00000001
20396233ns          343420 1c008d30 00779793 slli             x15, x15, 0x7       x15=00000000 x15:00000000
20396253ns          343421 1c008d32 00371713 slli             x14, x14, 0x3       x14=00000008 x14:00000001
20396273ns          343422 1c008d34 0ff57513 andi             x10, x10, 255       x10=0000000a x10:0000000a
20396293ns          343423 1c008d38 ee873733 p.bclr           x14, x14, 23, 8     x14=00000008 x14:00000008
20396314ns          343424 1c008d3c 00d787b3 add              x15, x15, x13       x15=1a10f000 x15:00000000 x13:1a10f000
20396334ns          343425 1c008d3e 00a767a3 p.sw             x10, x0(x14)        x10:0000000a x14:00000008  PA:1a10f008
20396658ns          343441 1c008d42 00000513 addi             x10, x0, 0          x10=00000000
20396678ns          343442 1c008d44 00008067 jalr             x0, x1, 0            x1:1c008de0
20396718ns          343444 1c008de0 15f52063 p.beqimm         x10, 320            x10:00000000
20396739ns          343445 1c008de4 001a8a93 addi             x21, x21, 1         x21=00000001 x21:00000000
20396759ns          343446 1c008de6 00800d33 add              x26, x0, x8         x26=1c0009ad  x8:1c0009ad
20396779ns          343447 1c008de8 000d4503 lbu              x10, 0(x26)         x10=00000046 x26:1c0009ad  PA:1c0009ad
20397083ns          343462 1c008dec 001d0413 addi             x8, x26, 1           x8=1c0009ae x26:1c0009ad
20397103ns          343463 1c008df0 0c050b63 beq              x10, x0, 214        x10:00000046
20397123ns          343464 1c008df2 02500793 addi             x15, x0, 37         x15=00000025
20397144ns          343465 1c008df6 fef513e3 bne              x10, x15, -26       x10:00000046 x15:00000025
20397204ns          343468 1c008ddc 017005b3 add              x11, x0, x23        x11=00000002 x23:00000002
20397224ns          343469 1c008dde 000980e7 jalr             x1, x19, 0           x1=1c008de0 x19:1c008d20
20397265ns          343471 1c008d20 f14027f3 csrrs            x15, x0, 0xf14      x15=00000001
20397285ns          343472 1c008d24 1a10f6b7 lui              x13, 0x1a10f000     x13=1a10f000
20397305ns          343473 1c008d28 ca5797b3 p.extractu       x15, x15, 5, 5      x15=00000000 x15:00000001
20397326ns          343474 1c008d2c f1402773 csrrs            x14, x0, 0xf14      x14=00000001
20397346ns          343475 1c008d30 00779793 slli             x15, x15, 0x7       x15=00000000 x15:00000000
20397366ns          343476 1c008d32 00371713 slli             x14, x14, 0x3       x14=00000008 x14:00000001
20397386ns          343477 1c008d34 0ff57513 andi             x10, x10, 255       x10=00000046 x10:00000046
20397407ns          343478 1c008d38 ee873733 p.bclr           x14, x14, 23, 8     x14=00000008 x14:00000008
20397427ns          343479 1c008d3c 00d787b3 add              x15, x15, x13       x15=1a10f000 x15:00000000 x13:1a10f000
20397447ns          343480 1c008d3e 00a767a3 p.sw             x10, x0(x14)        x10:00000046 x14:00000008  PA:1a10f008
20397771ns          343496 1c008d42 00000513 addi             x10, x0, 0          x10=00000000
20397791ns          343497 1c008d44 00008067 jalr             x0, x1, 0            x1:1c008de0
20397832ns          343499 1c008de0 15f52063 p.beqimm         x10, 320            x10:00000000
20397852ns          343500 1c008de4 001a8a93 addi             x21, x21, 1         x21=00000002 x21:00000001
20397872ns          343501 1c008de6 00800d33 add              x26, x0, x8         x26=1c0009ae  x8:1c0009ae
20397892ns          343502 1c008de8 000d4503 lbu              x10, 0(x26)         x10=00000046 x26:1c0009ae  PA:1c0009ae
20398196ns          343517 1c008dec 001d0413 addi             x8, x26, 1           x8=1c0009af x26:1c0009ae
20398216ns          343518 1c008df0 0c050b63 beq              x10, x0, 214        x10:00000046
20398236ns          343519 1c008df2 02500793 addi             x15, x0, 37         x15=00000025
20398257ns          343520 1c008df6 fef513e3 bne              x10, x15, -26       x10:00000046 x15:00000025
20398317ns          343523 1c008ddc 017005b3 add              x11, x0, x23        x11=00000002 x23:00000002
20398338ns          343524 1c008dde 000980e7 jalr             x1, x19, 0           x1=1c008de0 x19:1c008d20
20398378ns          343526 1c008d20 f14027f3 csrrs            x15, x0, 0xf14      x15=00000001
20398398ns          343527 1c008d24 1a10f6b7 lui              x13, 0x1a10f000     x13=1a10f000
20398419ns          343528 1c008d28 ca5797b3 p.extractu       x15, x15, 5, 5      x15=00000000 x15:00000001
20398439ns          343529 1c008d2c f1402773 csrrs            x14, x0, 0xf14      x14=00000001
20398459ns          343530 1c008d30 00779793 slli             x15, x15, 0x7       x15=00000000 x15:00000000
20398479ns          343531 1c008d32 00371713 slli             x14, x14, 0x3       x14=00000008 x14:00000001
20398500ns          343532 1c008d34 0ff57513 andi             x10, x10, 255       x10=00000046 x10:00000046
20398520ns          343533 1c008d38 ee873733 p.bclr           x14, x14, 23, 8     x14=00000008 x14:00000008
20398540ns          343534 1c008d3c 00d787b3 add              x15, x15, x13       x15=1a10f000 x15:00000000 x13:1a10f000
20398560ns          343535 1c008d3e 00a767a3 p.sw             x10, x0(x14)        x10:00000046 x14:00000008  PA:1a10f008
20398904ns          343552 1c008d42 00000513 addi             x10, x0, 0          x10=00000000
20398925ns          343553 1c008d44 00008067 jalr             x0, x1, 0            x1:1c008de0
20398965ns          343555 1c008de0 15f52063 p.beqimm         x10, 320            x10:00000000
20398985ns          343556 1c008de4 001a8a93 addi             x21, x21, 1         x21=00000003 x21:00000002
20399006ns          343557 1c008de6 00800d33 add              x26, x0, x8         x26=1c0009af  x8:1c0009af
20399026ns          343558 1c008de8 000d4503 lbu              x10, 0(x26)         x10=00000054 x26:1c0009af  PA:1c0009af
20399329ns          343573 1c008dec 001d0413 addi             x8, x26, 1           x8=1c0009b0 x26:1c0009af
20399350ns          343574 1c008df0 0c050b63 beq              x10, x0, 214        x10:00000054
20399370ns          343575 1c008df2 02500793 addi             x15, x0, 37         x15=00000025
20399390ns          343576 1c008df6 fef513e3 bne              x10, x15, -26       x10:00000054 x15:00000025
20399451ns          343579 1c008ddc 017005b3 add              x11, x0, x23        x11=00000002 x23:00000002
20399471ns          343580 1c008dde 000980e7 jalr             x1, x19, 0           x1=1c008de0 x19:1c008d20
20399512ns          343582 1c008d20 f14027f3 csrrs            x15, x0, 0xf14      x15=00000001
20399532ns          343583 1c008d24 1a10f6b7 lui              x13, 0x1a10f000     x13=1a10f000
20399552ns          343584 1c008d28 ca5797b3 p.extractu       x15, x15, 5, 5      x15=00000000 x15:00000001
20399572ns          343585 1c008d2c f1402773 csrrs            x14, x0, 0xf14      x14=00000001
20399593ns          343586 1c008d30 00779793 slli             x15, x15, 0x7       x15=00000000 x15:00000000
20399613ns          343587 1c008d32 00371713 slli             x14, x14, 0x3       x14=00000008 x14:00000001
20399633ns          343588 1c008d34 0ff57513 andi             x10, x10, 255       x10=00000054 x10:00000054
20399653ns          343589 1c008d38 ee873733 p.bclr           x14, x14, 23, 8     x14=00000008 x14:00000008
20399674ns          343590 1c008d3c 00d787b3 add              x15, x15, x13       x15=1a10f000 x15:00000000 x13:1a10f000
20399694ns          343591 1c008d3e 00a767a3 p.sw             x10, x0(x14)        x10:00000054 x14:00000008  PA:1a10f008
20400038ns          343608 1c008d42 00000513 addi             x10, x0, 0          x10=00000000
20400058ns          343609 1c008d44 00008067 jalr             x0, x1, 0            x1:1c008de0
20400099ns          343611 1c008de0 15f52063 p.beqimm         x10, 320            x10:00000000
20400119ns          343612 1c008de4 001a8a93 addi             x21, x21, 1         x21=00000004 x21:00000003
20400139ns          343613 1c008de6 00800d33 add              x26, x0, x8         x26=1c0009b0  x8:1c0009b0
20400159ns          343614 1c008de8 000d4503 lbu              x10, 0(x26)         x10=00000025 x26:1c0009b0  PA:1c0009b0
20400483ns          343630 1c008dec 001d0413 addi             x8, x26, 1           x8=1c0009b1 x26:1c0009b0
20400503ns          343631 1c008df0 0c050b63 beq              x10, x0, 214        x10:00000025
20400524ns          343632 1c008df2 02500793 addi             x15, x0, 37         x15=00000025
20400544ns          343633 1c008df6 fef513e3 bne              x10, x15, -26       x10:00000025 x15:00000025
20400564ns          343634 1c008dfa 00012a23 sw               x0, 20(x2)           x2:10000b68  PA:10000b7c
20400584ns          343635 1c008dfc 00012823 sw               x0, 16(x2)           x2:10000b68  PA:10000b78
20400605ns          343636 1c008dfe 00012623 sw               x0, 12(x2)           x2:10000b68  PA:10000b74
20400625ns          343637 1c008e00 00012423 sw               x0, 8(x2)            x2:10000b68  PA:10000b70
20400645ns          343638 1c008e02 00012223 sw               x0, 4(x2)            x2:10000b68  PA:10000b6c
20400665ns          343639 1c008e04 02300493 addi             x9, x0, 35           x9=00000023
20400686ns          343640 1c008e08 02d00b13 addi             x22, x0, 45         x22=0000002d
20400706ns          343641 1c008e0c 00044c83 lbu              x25, 0(x8)          x25=00000064  x8:1c0009b1  PA:1c0009b1
20401030ns          343657 1c008e10 00140913 addi             x18, x8, 1          x18=1c0009b2  x8:1c0009b1
20401050ns          343658 1c008e14 019005b3 add              x11, x0, x25        x11=00000064 x25:00000064
20401070ns          343659 1c008e16 9d0c0513 addi             x10, x24, -1584     x10=1c0009d0 x24:1c001000
20401090ns          343660 1c008e1a 01200d33 add              x26, x0, x18        x26=1c0009b2 x18:1c0009b2
20401111ns          343661 1c008e1c 01900db3 add              x27, x0, x25        x27=00000064 x25:00000064
20401131ns          343662 1c008e1e e89ff0ef jal              x1, -376             x1=1c008e20
20401272ns          343669 1c008ca6 00054783 lbu              x15, 0(x10)         x15=0000002d x10:1c0009d0  PA:1c0009d0
20401576ns          343684 1c008caa 0ff5f593 andi             x11, x11, 255       x11=00000064 x11:00000064
20401596ns          343685 1c008cae 00b78c63 beq              x15, x11, 24        x15:0000002d x11:00000064
20401617ns          343686 1c008cb2 00078b63 beq              x15, x0, 22         x15:0000002d
20401637ns          343687 1c008cb4 00150793 addi             x15, x10, 1         x15=1c0009d1 x10:1c0009d0
20401657ns          343688 1c008cb8 0040006f jal              x0, 4              
20401758ns          343693 1c008cbc 00f00533 add              x10, x0, x15        x10=1c0009d1 x15:1c0009d1
20401778ns          343694 1c008cbe 0017c70b p.lbu            x14, 1(x15!)        x14=0000002b x15=1c0009d2 x15:1c0009d1  PA:1c0009d1
20402102ns          343710 1c008cc2 feb71ce3 bne              x14, x11, -8        x14:0000002b x11:00000064
20402163ns          343713 1c008cba 00070763 beq              x14, x0, 14         x14:0000002b
20402183ns          343714 1c008cbc 00f00533 add              x10, x0, x15        x10=1c0009d2 x15:1c0009d2
20402204ns          343715 1c008cbe 0017c70b p.lbu            x14, 1(x15!)        x14=00000020 x15=1c0009d3 x15:1c0009d2  PA:1c0009d2
20402527ns          343731 1c008cc2 feb71ce3 bne              x14, x11, -8        x14:00000020 x11:00000064
20402588ns          343734 1c008cba 00070763 beq              x14, x0, 14         x14:00000020
20402608ns          343735 1c008cbc 00f00533 add              x10, x0, x15        x10=1c0009d3 x15:1c0009d3
20402629ns          343736 1c008cbe 0017c70b p.lbu            x14, 1(x15!)        x14=00000023 x15=1c0009d4 x15:1c0009d3  PA:1c0009d3
20402973ns          343753 1c008cc2 feb71ce3 bne              x14, x11, -8        x14:00000023 x11:00000064
20403033ns          343756 1c008cba 00070763 beq              x14, x0, 14         x14:00000023
20403054ns          343757 1c008cbc 00f00533 add              x10, x0, x15        x10=1c0009d4 x15:1c0009d4
20403074ns          343758 1c008cbe 0017c70b p.lbu            x14, 1(x15!)        x14=00000030 x15=1c0009d5 x15:1c0009d4  PA:1c0009d4
20403418ns          343775 1c008cc2 feb71ce3 bne              x14, x11, -8        x14:00000030 x11:00000064
20403479ns          343778 1c008cba 00070763 beq              x14, x0, 14         x14:00000030
20403499ns          343779 1c008cbc 00f00533 add              x10, x0, x15        x10=1c0009d5 x15:1c0009d5
20403519ns          343780 1c008cbe 0017c70b p.lbu            x14, 1(x15!)        x14=00000000 x15=1c0009d6 x15:1c0009d5  PA:1c0009d5
20403843ns          343796 1c008cc2 feb71ce3 bne              x14, x11, -8        x14:00000000 x11:00000064
20403904ns          343799 1c008cba 00070763 beq              x14, x0, 14         x14:00000000
20403964ns          343802 1c008cc8 0015b593 sltiu            x11, x11, 1         x11=00000000 x11:00000064
20403985ns          343803 1c008ccc 40b005b3 sub              x11, x0, x11        x11=00000000 x11:00000000
20404005ns          343804 1c008cd0 00b57533 and              x10, x10, x11       x10=00000000 x10:1c0009d5 x11:00000000
20404025ns          343805 1c008cd2 00008067 jalr             x0, x1, 0            x1:1c008e20
20404066ns          343807 1c008e20 02050b63 beq              x10, x0, 54         x10:00000000
20404207ns          343814 1c008e56 02a00693 addi             x13, x0, 42         x13=0000002a
20404228ns          343815 1c008e5a 2edc8263 beq              x25, x13, 740       x25:00000064 x13:0000002a
20404288ns          343818 1c008e5e fd0c8693 addi             x13, x25, -48       x13=00000034 x25:00000064
20404308ns          343819 1c008e62 00900593 addi             x11, x0, 9          x11=00000009
20404329ns          343820 1c008e64 00000b13 addi             x22, x0, 0          x22=00000000
20404349ns          343821 1c008e66 0cd5fd63 bgeu             x11, x13, 218       x11:00000009 x13:00000034
20404369ns          343822 1c008e6a 02e00793 addi             x15, x0, 46         x15=0000002e
20404430ns          343825 1c008e6e 28fd8663 beq              x27, x15, 652       x27:00000064 x15:0000002e
20404450ns          343826 1c008e72 01b00433 add              x8, x0, x27          x8=00000064 x27:00000064
20404470ns          343827 1c008e74 fff00493 addi             x9, x0, -1           x9=ffffffff
20404491ns          343828 1c008e76 1c001737 lui              x14, 0x1c001000     x14=1c001000
20404511ns          343829 1c008e7a 01b005b3 add              x11, x0, x27        x11=00000064 x27:00000064
20404531ns          343830 1c008e7c 9d870513 addi             x10, x14, -1576     x10=1c0009d8 x14:1c001000
20404572ns          343832 1c008e80 e27ff0ef jal              x1, -474             x1=1c008e82
20404632ns          343835 1c008ca6 00054783 lbu              x15, 0(x10)         x15=00000068 x10:1c0009d8  PA:1c0009d8
20404936ns          343850 1c008caa 0ff5f593 andi             x11, x11, 255       x11=00000064 x11:00000064
20404956ns          343851 1c008cae 00b78c63 beq              x15, x11, 24        x15:00000068 x11:00000064
20404976ns          343852 1c008cb2 00078b63 beq              x15, x0, 22         x15:00000068
20404997ns          343853 1c008cb4 00150793 addi             x15, x10, 1         x15=1c0009d9 x10:1c0009d8
20405017ns          343854 1c008cb8 0040006f jal              x0, 4              
20405057ns          343856 1c008cbc 00f00533 add              x10, x0, x15        x10=1c0009d9 x15:1c0009d9
20405078ns          343857 1c008cbe 0017c70b p.lbu            x14, 1(x15!)        x14=0000006c x15=1c0009da x15:1c0009d9  PA:1c0009d9
20405401ns          343873 1c008cc2 feb71ce3 bne              x14, x11, -8        x14:0000006c x11:00000064
20405462ns          343876 1c008cba 00070763 beq              x14, x0, 14         x14:0000006c
20405482ns          343877 1c008cbc 00f00533 add              x10, x0, x15        x10=1c0009da x15:1c0009da
20405503ns          343878 1c008cbe 0017c70b p.lbu            x14, 1(x15!)        x14=0000007a x15=1c0009db x15:1c0009da  PA:1c0009da
20405826ns          343894 1c008cc2 feb71ce3 bne              x14, x11, -8        x14:0000007a x11:00000064
20405887ns          343897 1c008cba 00070763 beq              x14, x0, 14         x14:0000007a
20405907ns          343898 1c008cbc 00f00533 add              x10, x0, x15        x10=1c0009db x15:1c0009db
20405928ns          343899 1c008cbe 0017c70b p.lbu            x14, 1(x15!)        x14=00000000 x15=1c0009dc x15:1c0009db  PA:1c0009db
20406252ns          343915 1c008cc2 feb71ce3 bne              x14, x11, -8        x14:00000000 x11:00000064
20406312ns          343918 1c008cba 00070763 beq              x14, x0, 14         x14:00000000
20406373ns          343921 1c008cc8 0015b593 sltiu            x11, x11, 1         x11=00000000 x11:00000064
20406393ns          343922 1c008ccc 40b005b3 sub              x11, x0, x11        x11=00000000 x11:00000000
20406413ns          343923 1c008cd0 00b57533 and              x10, x10, x11       x10=00000000 x10:1c0009db x11:00000000
20406434ns          343924 1c008cd2 00008067 jalr             x0, x1, 0            x1:1c008e82
20406474ns          343926 1c008e82 00000793 addi             x15, x0, 0          x15=00000000
20406494ns          343927 1c008e84 00050f63 beq              x10, x0, 30         x10:00000000
20406636ns          343934 1c008ea2 06700693 addi             x13, x0, 103        x13=00000067
20406656ns          343935 1c008ea6 0bb6ee63 bltu             x13, x27, 188       x13:00000067 x27:00000064
20406677ns          343936 1c008eaa 06500693 addi             x13, x0, 101        x13=00000065
20406737ns          343939 1c008eae 3addf2e3 bgeu             x27, x13, 2980      x27:00000064 x13:00000065
20406778ns          343941 1c008eb2 04700693 addi             x13, x0, 71         x13=00000047
20406798ns          343942 1c008eb6 39b6ed63 bltu             x13, x27, 922       x13:00000047 x27:00000064
20407122ns          343958 1c009250 06300693 addi             x13, x0, 99         x13=00000063
20407162ns          343960 1c009254 70dd8c63 beq              x27, x13, 1816      x27:00000064 x13:00000063
20407183ns          343961 1c009258 d3b6e5e3 bltu             x13, x27, -726      x13:00000063 x27:00000064
20407749ns          343989 1c008f82 06c00693 addi             x13, x0, 108        x13=0000006c
20407770ns          343990 1c008f86 00d78a63 beq              x15, x13, 20        x15:00000000 x13:0000006c
20407790ns          343991 1c008f8a 07a00693 addi             x13, x0, 122        x13=0000007a
20407850ns          343994 1c008f8e 00d78663 beq              x15, x13, 12        x15:00000000 x13:0000007a
20407891ns          343996 1c008f92 04c00693 addi             x13, x0, 76         x13=0000004c
20407911ns          343997 1c008f96 5ed78de3 beq              x15, x13, 3578      x15:00000000 x13:0000004c
20407931ns          343998 1c008f9a 000a2783 lw               x15, 0(x20)         x15=00000001 x20:10000c0c  PA:10000c0c
20407952ns          343999 1c008f9e 004a0a13 addi             x20, x20, 4         x20=10000c10 x20:10000c0c
20408336ns          344018 1c008fa0 41f7d713 srai             x14, x15, 0x41f     x14=00000000 x15:00000001
20408377ns          344020 1c008fa4 01412e23 sw               x20, 28(x2)         x20:10000c10  x2:10000b68  PA:10000b84
20408397ns          344021 1c008fa6 00e12223 sw               x14, 4(x2)          x14:00000000  x2:10000b68  PA:10000b6c
20408417ns          344022 1c008fa8 4e0741e3 blt              x14, x0, 3298       x14:00000000
20408437ns          344023 1c008fac 00c12703 lw               x14, 12(x2)         x14=00000000  x2:10000b68  PA:10000b74
20408478ns          344025 1c008fae 440709e3 beq              x14, x0, 3154       x14:00000000
20408579ns          344030 1c009c00 01012703 lw               x14, 16(x2)         x14=00000000  x2:10000b68  PA:10000b78
20408620ns          344032 1c009c02 22070063 beq              x14, x0, 544        x14:00000000
20408721ns          344037 1c009e22 00412c83 lw               x25, 4(x2)          x25=00000000  x2:10000b68  PA:10000b6c
20408761ns          344039 1c009e24 02410a13 addi             x20, x2, 36         x20=10000b8c  x2:10000b68
20408782ns          344040 1c009e28 998ff06f jal              x0, -3688          
20408862ns          344044 1c008fc0 00f00433 add              x8, x0, x15          x8=00000001 x15:00000001
20408883ns          344045 1c008fc2 01400db3 add              x27, x0, x20        x27=10000b8c x20:10000b8c
20408903ns          344046 1c008fc4 0040006f jal              x0, 4              
20408943ns          344048 1c008fc8 00a00613 addi             x12, x0, 10         x12=0000000a
20408964ns          344049 1c008fca 00000693 addi             x13, x0, 0          x13=00000000
20408984ns          344050 1c008fcc 00800533 add              x10, x0, x8         x10=00000001  x8:00000001
20409004ns          344051 1c008fce 019005b3 add              x11, x0, x25        x11=00000000 x25:00000000
20409024ns          344052 1c008fd0 c2aff0ef jal              x1, -3030            x1=1c008fd4
20409105ns          344056 1c0083fa 00c008b3 add              x17, x0, x12        x17=0000000a x12:0000000a
20409146ns          344058 1c0083fc 00d00733 add              x14, x0, x13        x14=00000000 x13:00000000
20409166ns          344059 1c0083fe 00a007b3 add              x15, x0, x10        x15=00000001 x10:00000001
20409551ns          344078 1c008400 00b00833 add              x16, x0, x11        x16=00000000 x11:00000000
20409591ns          344080 1c008402 1c069863 bne              x13, x0, 464        x13:00000000
20409611ns          344081 1c008406 1c0016b7 lui              x13, 0x1c001000     x13=1c001000
20409632ns          344082 1c00840a 86868693 addi             x13, x13, -1944     x13=1c000868 x13:1c001000
20409692ns          344085 1c00840e 0ac5f863 bgeu             x11, x12, 176       x11:00000000 x12:0000000a
20409713ns          344086 1c008412 00010337 lui              x6, 0x10000          x6=00010000
20409733ns          344087 1c008414 08667e63 bgeu             x12, x6, 156        x12:0000000a  x6:00010000
20409753ns          344088 1c008418 0ff00313 addi             x6, x0, 255          x6=000000ff
20409773ns          344089 1c00841c 00c37363 bgeu             x6, x12, 6           x6:000000ff x12:0000000a
20410340ns          344117 1c008422 00e65333 srl              x6, x12, x14         x6=0000000a x12:0000000a x14:00000000
20410360ns          344118 1c008426 006686b3 add              x13, x13, x6        x13=1c000872 x13:1c000868  x6:0000000a
20410380ns          344119 1c008428 0006ce03 lbu              x28, 0(x13)         x28=00000004 x13:1c000872  PA:1c000872
20410684ns          344134 1c00842c 02000313 addi             x6, x0, 32           x6=00000020
20410704ns          344135 1c008430 00ee0e33 add              x28, x28, x14       x28=00000004 x28:00000004 x14:00000000
20410725ns          344136 1c008432 41c30333 sub              x6, x6, x28          x6=0000001c  x6:00000020 x28:00000004
20410745ns          344137 1c008436 00030c63 beq              x6, x0, 24           x6:0000001c
20410765ns          344138 1c00843a 006595b3 sll              x11, x11, x6        x11=00000000 x11:00000000  x6:0000001c
20410826ns          344141 1c00843e 01c55e33 srl              x28, x10, x28       x28=00000000 x10:00000001 x28:00000004
20410866ns          344143 1c008442 006618b3 sll              x17, x12, x6        x17=a0000000 x12:0000000a  x6:0000001c
20410886ns          344144 1c008446 00be6833 or               x16, x28, x11       x16=00000000 x28:00000000 x11:00000000
20410907ns          344145 1c00844a 006517b3 sll              x15, x10, x6        x15=10000000 x10:00000001  x6:0000001c
20410967ns          344148 1c00844e 0108d613 srli             x12, x17, 0x10      x12=0000a000 x17:a0000000
20411008ns          344150 1c008452 02c87733 remu             x14, x16, x12       x14=00000000 x16:00000000 x12:0000a000
20411392ns          344169 1c008456 02c85833 divu             x16, x16, x12       x16=00000000 x16:00000000 x12:0000a000
20411777ns          344188 1c00845a 01089513 slli             x10, x17, 0x10      x10=00000000 x17:a0000000
20411797ns          344189 1c00845e 01055513 srli             x10, x10, 0x10      x10=00000000 x10:00000000
20411818ns          344190 1c008460 01071713 slli             x14, x14, 0x10      x14=00000000 x14:00000000
20411838ns          344191 1c008462 0107d693 srli             x13, x15, 0x10      x13=00001000 x15:10000000
20411858ns          344192 1c008466 03050833 mul              x16, x10, x16       x16=00000000 x10:00000000 x16:00000000
20411878ns          344193 1c00846a 00e6e6b3 or               x13, x13, x14       x13=00001000 x13:00001000 x14:00000000
20411898ns          344194 1c00846c 0106f863 bgeu             x13, x16, 16        x13:00001000 x16:00000000
20412303ns          344214 1c00847c 410686b3 sub              x13, x13, x16       x13=00001000 x13:00001000 x16:00000000
20412688ns          344233 1c008480 02c6f733 remu             x14, x13, x12       x14=00001000 x13:00001000 x12:0000a000
20413093ns          344253 1c008484 02c6d6b3 divu             x13, x13, x12       x13=00000000 x13:00001000 x12:0000a000
20413477ns          344272 1c008488 01079793 slli             x15, x15, 0x10      x15=00000000 x15:10000000
20413497ns          344273 1c00848a 02d506b3 mul              x13, x10, x13       x13=00000000 x10:00000000 x13:00000000
20413518ns          344274 1c00848e 0107d793 srli             x15, x15, 0x10      x15=00000000 x15:00000000
20413538ns          344275 1c008490 01071513 slli             x10, x14, 0x10      x10=10000000 x14:00001000
20413558ns          344276 1c008494 00a7e7b3 or               x15, x15, x10       x15=10000000 x15:00000000 x10:10000000
20413578ns          344277 1c008496 00d7f863 bgeu             x15, x13, 16        x15:10000000 x13:00000000
20413680ns          344282 1c0084a6 40d787b3 sub              x15, x15, x13       x15=10000000 x15:10000000 x13:00000000
20413700ns          344283 1c0084a8 0067d533 srl              x10, x15, x6        x10=00000001 x15:10000000  x6:0000001c
20413720ns          344284 1c0084ac 00000593 addi             x11, x0, 0          x11=00000000
20413740ns          344285 1c0084ae 00008067 jalr             x0, x1, 0            x1:1c008fd4
20413821ns          344289 1c008fd4 00a00933 add              x18, x0, x10        x18=00000001 x10:00000001
20413842ns          344290 1c008fd6 019005b3 add              x11, x0, x25        x11=00000000 x25:00000000
20413862ns          344291 1c008fd8 00800533 add              x10, x0, x8         x10=00000001  x8:00000001
20413882ns          344292 1c008fda 00a00613 addi             x12, x0, 10         x12=0000000a
20413902ns          344293 1c008fdc 00000693 addi             x13, x0, 0          x13=00000000
20413922ns          344294 1c008fde 8beff0ef jal              x1, -3906            x1=1c008fe2
20414003ns          344298 1c00809c 00b007b3 add              x15, x0, x11        x15=00000000 x11:00000000
20414024ns          344299 1c00809e 00c00833 add              x16, x0, x12        x16=0000000a x12:0000000a
20414570ns          344326 1c0080a0 00d008b3 add              x17, x0, x13        x17=00000000 x13:00000000
20414590ns          344327 1c0080a2 00a00333 add              x6, x0, x10          x6=00000001 x10:00000001
20414611ns          344328 1c0080a4 20069663 bne              x13, x0, 524        x13:00000000
20414631ns          344329 1c0080a8 1c001737 lui              x14, 0x1c001000     x14=1c001000
20414651ns          344330 1c0080ac 86870713 addi             x14, x14, -1944     x14=1c000868 x14:1c001000
20415036ns          344349 1c0080b0 0ac5fe63 bgeu             x11, x12, 188       x11:00000000 x12:0000000a
20415076ns          344351 1c0080b4 000106b7 lui              x13, 0x10000        x13=00010000
20415096ns          344352 1c0080b6 0ad67463 bgeu             x12, x13, 168       x12:0000000a x13:00010000
20415117ns          344353 1c0080ba 0ff00693 addi             x13, x0, 255        x13=000000ff
20415177ns          344356 1c0080be 00c6b6b3 sltu             x13, x13, x12       x13=00000000 x13:000000ff x12:0000000a
20415198ns          344357 1c0080c2 00369693 slli             x13, x13, 0x3       x13=00000000 x13:00000000
20415218ns          344358 1c0080c4 00d658b3 srl              x17, x12, x13       x17=0000000a x12:0000000a x13:00000000
20415238ns          344359 1c0080c8 01170733 add              x14, x14, x17       x14=1c000872 x14:1c000868 x17:0000000a
20415258ns          344360 1c0080ca 00074703 lbu              x14, 0(x14)         x14=00000004 x14:1c000872  PA:1c000872
20415582ns          344376 1c0080ce 00e686b3 add              x13, x13, x14       x13=00000004 x13:00000000 x14:00000004
20415602ns          344377 1c0080d0 02000713 addi             x14, x0, 32         x14=00000020
20415623ns          344378 1c0080d4 40d70733 sub              x14, x14, x13       x14=0000001c x14:00000020 x13:00000004
20415643ns          344379 1c0080d6 00070b63 beq              x14, x0, 22         x14:0000001c
20415663ns          344380 1c0080d8 00e797b3 sll              x15, x15, x14       x15=00000000 x15:00000000 x14:0000001c
20415683ns          344381 1c0080dc 00d556b3 srl              x13, x10, x13       x13=00000000 x10:00000001 x13:00000004
20416068ns          344400 1c0080e0 00e61833 sll              x16, x12, x14       x16=a0000000 x12:0000000a x14:0000001c
20416108ns          344402 1c0080e4 00f6e5b3 or               x11, x13, x15       x11=00000000 x13:00000000 x15:00000000
20416129ns          344403 1c0080e8 00e51333 sll              x6, x10, x14         x6=10000000 x10:00000001 x14:0000001c
20416149ns          344404 1c0080ec 01085513 srli             x10, x16, 0x10      x10=0000a000 x16:a0000000
20416210ns          344407 1c0080f0 02a5f733 remu             x14, x11, x10       x14=00000000 x11:00000000 x10:0000a000
20416614ns          344427 1c0080f4 02a5d7b3 divu             x15, x11, x10       x15=00000000 x11:00000000 x10:0000a000
20416999ns          344446 1c0080f8 01081613 slli             x12, x16, 0x10      x12=00000000 x16:a0000000
20417019ns          344447 1c0080fc 01071713 slli             x14, x14, 0x10      x14=00000000 x14:00000000
20417039ns          344448 1c0080fe 01065613 srli             x12, x12, 0x10      x12=00000000 x12:00000000
20417060ns          344449 1c008100 01035693 srli             x13, x6, 0x10       x13=00001000  x6:10000000
20417080ns          344450 1c008104 00e6e6b3 or               x13, x13, x14       x13=00001000 x13:00001000 x14:00000000
20417100ns          344451 1c008106 02f605b3 mul              x11, x12, x15       x11=00000000 x12:00000000 x15:00000000
20417120ns          344452 1c00810a 00f00733 add              x14, x0, x15        x14=00000000 x15:00000000
20417141ns          344453 1c00810c 00b6fc63 bgeu             x13, x11, 24        x13:00001000 x11:00000000
20417930ns          344492 1c008124 40b686b3 sub              x13, x13, x11       x13=00001000 x13:00001000 x11:00000000
20417970ns          344494 1c008126 02a6f7b3 remu             x15, x13, x10       x15=00001000 x13:00001000 x10:0000a000
20418355ns          344513 1c00812a 02a6d6b3 divu             x13, x13, x10       x13=00000000 x13:00001000 x10:0000a000
20418740ns          344532 1c00812e 01031313 slli             x6, x6, 0x10         x6=00000000  x6:10000000
20418760ns          344533 1c008130 01079793 slli             x15, x15, 0x10      x15=10000000 x15:00001000
20418780ns          344534 1c008132 01035313 srli             x6, x6, 0x10         x6=00000000  x6:00000000
20418800ns          344535 1c008136 02d605b3 mul              x11, x12, x13       x11=00000000 x12:00000000 x13:00000000
20418821ns          344536 1c00813a 0067e333 or               x6, x15, x6          x6=10000000 x15:10000000  x6:00000000
20418841ns          344537 1c00813e 00d00533 add              x10, x0, x13        x10=00000000 x13:00000000
20418881ns          344539 1c008140 00b37b63 bgeu             x6, x11, 22          x6:10000000 x11:00000000
20419327ns          344561 1c008156 01071713 slli             x14, x14, 0x10      x14=00000000 x14:00000000
20419367ns          344563 1c008158 00a76733 or               x14, x14, x10       x14=00000000 x14:00000000 x10:00000000
20419387ns          344564 1c00815a 00000593 addi             x11, x0, 0          x11=00000000
20419408ns          344565 1c00815c 0b20006f jal              x0, 178            
20419529ns          344571 1c00820e 00e00533 add              x10, x0, x14        x10=00000000 x14:00000000
20419610ns          344575 1c008210 00008067 jalr             x0, x1, 0            x1:1c008fe2
20419671ns          344578 1c008fe2 03090913 addi             x18, x18, 48        x18=00000031 x18:00000001
20419691ns          344579 1c008fe6 012d8023 sb               x18, 0(x27)         x18:00000031 x27:10000b8c  PA:10000b8c
20419711ns          344580 1c008fea 00a5e7b3 or               x15, x11, x10       x15=00000000 x11:00000000 x10:00000000
20419772ns          344583 1c008fee 001d8913 addi             x18, x27, 1         x18=10000b8d x27:10000b8c
20419792ns          344584 1c008ff2 00a00433 add              x8, x0, x10          x8=00000000 x10:00000000
20419812ns          344585 1c008ff4 00b00cb3 add              x25, x0, x11        x25=00000000 x11:00000000
20419833ns          344586 1c008ff6 fc0798e3 bne              x15, x0, -48        x15:00000000
20419853ns          344587 1c008ff8 00090023 sb               x0, 0(x18)          x18:10000b8d  PA:10000b8d
20419873ns          344588 1c008ffc 01ba7d63 bgeu             x20, x27, 26        x20:10000b8c x27:10000b8c
20420278ns          344608 1c009016 00012783 lw               x15, 0(x2)          x15=10000b8c  x2:10000b68  PA:10000b68
20420318ns          344610 1c009018 00c12703 lw               x14, 12(x2)         x14=00000000  x2:10000b68  PA:10000b74
20420339ns          344611 1c00901a 40f90933 sub              x18, x18, x15       x18=00000001 x18:10000b8d x15:10000b8c
20420399ns          344614 1c00901e 3c071de3 bne              x14, x0, 3034       x14:00000000
20420420ns          344615 1c009022 01012783 lw               x15, 16(x2)         x15=00000000  x2:10000b68  PA:10000b78
20420460ns          344617 1c009024 3c079ae3 bne              x15, x0, 3028       x15:00000000
20420480ns          344618 1c009028 00412703 lw               x14, 4(x2)          x14=00000000  x2:10000b68  PA:10000b6c
20420521ns          344620 1c00902a 01f75713 srli             x14, x14, 0x1f      x14=00000000 x14:00000000
20420541ns          344621 1c00902c 00e12223 sw               x14, 4(x2)          x14:00000000  x2:10000b68  PA:10000b6c
20420926ns          344640 1c00902e 3404c463 blt              x9, x0, 840          x9:ffffffff
20421027ns          344645 1c009376 00000c93 addi             x25, x0, 0          x25=00000000
20421067ns          344647 1c009378 00012c23 sw               x0, 24(x2)           x2:10000b68  PA:10000b80
20421087ns          344648 1c00937a 00000a13 addi             x20, x0, 0          x20=00000000
20421108ns          344649 1c00937c 01412783 lw               x15, 20(x2)         x15=00000000  x2:10000b68  PA:10000b7c
20421452ns          344666 1c00937e 5e078163 beq              x15, x0, 1506       x15:00000000
20421553ns          344671 1c009960 412b0b33 sub              x22, x22, x18       x22=ffffffff x22:00000000 x18:00000001
20421593ns          344673 1c009964 02410413 addi             x8, x2, 36           x8=10000b8c  x2:10000b68
20421614ns          344674 1c009966 00000493 addi             x9, x0, 0            x9=00000000
20421634ns          344675 1c009968 ee6ff06f jal              x0, -2330          
20421776ns          344682 1c00904e 00812703 lw               x14, 8(x2)          x14=00000000  x2:10000b68  PA:10000b70
20421857ns          344686 1c009050 02071063 bne              x14, x0, 32         x14:00000000
20421897ns          344688 1c009052 01605f63 bge              x0, x22, 30         x22:ffffffff
20421998ns          344693 1c009070 00412783 lw               x15, 4(x2)          x15=00000000  x2:10000b68  PA:10000b6c
20422039ns          344695 1c009072 00f40db3 add              x27, x8, x15        x27=10000b8c  x8:10000b8c x15:00000000
20422059ns          344696 1c009076 00c0006f jal              x0, 12             
20422140ns          344700 1c009082 017005b3 add              x11, x0, x23        x11=00000002 x23:00000002
20422180ns          344702 1c009084 ffb41ae3 bne              x8, x27, -12         x8:10000b8c x27:10000b8c
20422201ns          344703 1c009088 00900db3 add              x27, x0, x9         x27=00000000  x9:00000000
20422221ns          344704 1c00908a 0080006f jal              x0, 8              
20422322ns          344709 1c009092 fffd8d93 addi             x27, x27, -1        x27=ffffffff x27:00000000
20422342ns          344710 1c009094 017005b3 add              x11, x0, x23        x11=00000002 x23:00000002
20422363ns          344711 1c009096 03000513 addi             x10, x0, 48         x10=00000030
20422383ns          344712 1c00909a fffdb9e3 p.bneimm         x27, -14            x27:ffffffff
20422403ns          344713 1c00909e 00412703 lw               x14, 4(x2)          x14=00000000  x2:10000b68  PA:10000b6c
20422444ns          344715 1c0090a0 40e90933 sub              x18, x18, x14       x18=00000001 x18:00000001 x14:00000000
20422484ns          344717 1c0090a4 01212423 sw               x18, 8(x2)          x18:00000001  x2:10000b68  PA:10000b70
20422504ns          344718 1c0090a6 e40a15e3 bne              x20, x0, -438       x20:00000000
20422524ns          344719 1c0090aa 01812783 lw               x15, 24(x2)         x15=00000000  x2:10000b68  PA:10000b80
20422565ns          344721 1c0090ac 16079763 bne              x15, x0, 366        x15:00000000
20422585ns          344722 1c0090b0 120c8863 beq              x25, x0, 304        x25:00000000
20422686ns          344727 1c0091e0 017005b3 add              x11, x0, x23        x11=00000002 x23:00000002
20422727ns          344729 1c0091e2 ff2049e3 blt              x0, x18, -14        x18:00000001
20422828ns          344734 1c0091d4 0014450b p.lbu            x10, 1(x8!)         x10=00000031  x8=10000b8d  x8:10000b8c  PA:10000b8c
20422869ns          344736 1c0091d8 fff90913 addi             x18, x18, -1        x18=00000000 x18:00000001
20422889ns          344737 1c0091da 000980e7 jalr             x1, x19, 0           x1=1c0091dc x19:1c008d20
20423375ns          344761 1c008d20 f14027f3 csrrs            x15, x0, 0xf14      x15=00000001
20423415ns          344763 1c008d24 1a10f6b7 lui              x13, 0x1a10f000     x13=1a10f000
20423435ns          344764 1c008d28 ca5797b3 p.extractu       x15, x15, 5, 5      x15=00000000 x15:00000001
20423456ns          344765 1c008d2c f1402773 csrrs            x14, x0, 0xf14      x14=00000001
20423516ns          344768 1c008d30 00779793 slli             x15, x15, 0x7       x15=00000000 x15:00000000
20423536ns          344769 1c008d32 00371713 slli             x14, x14, 0x3       x14=00000008 x14:00000001
20423557ns          344770 1c008d34 0ff57513 andi             x10, x10, 255       x10=00000031 x10:00000031
20423577ns          344771 1c008d38 ee873733 p.bclr           x14, x14, 23, 8     x14=00000008 x14:00000008
20423597ns          344772 1c008d3c 00d787b3 add              x15, x15, x13       x15=1a10f000 x15:00000000 x13:1a10f000
20423658ns          344775 1c008d3e 00a767a3 p.sw             x10, x0(x14)        x10:00000031 x14:00000008  PA:1a10f008
20424306ns          344807 1c008d42 00000513 addi             x10, x0, 0          x10=00000000
20424326ns          344808 1c008d44 00008067 jalr             x0, x1, 0            x1:1c0091dc
20424366ns          344810 1c0091dc d5f522e3 p.beqimm         x10, -700           x10:00000000
20424387ns          344811 1c0091e0 017005b3 add              x11, x0, x23        x11=00000002 x23:00000002
20424407ns          344812 1c0091e2 ff2049e3 blt              x0, x18, -14        x18:00000000
20424427ns          344813 1c0091e6 00412783 lw               x15, 4(x2)          x15=00000000  x2:10000b68  PA:10000b6c
20424447ns          344814 1c0091e8 01c12a03 lw               x20, 28(x2)         x20=10000c10  x2:10000b68  PA:10000b84
20424468ns          344815 1c0091ea 00fa8733 add              x14, x21, x15       x14=00000004 x21:00000004 x15:00000000
20424488ns          344816 1c0091ee 00812783 lw               x15, 8(x2)          x15=00000001  x2:10000b68  PA:10000b70
20424508ns          344817 1c0091f0 00970733 add              x14, x14, x9        x14=00000004 x14:00000004  x9:00000000
20424548ns          344819 1c0091f2 00e78ab3 add              x21, x15, x14       x21=00000005 x15:00000001 x14:00000004
20424569ns          344820 1c0091f6 bf6059e3 bge              x0, x22, -1038      x22:ffffffff
20424731ns          344828 1c008de8 000d4503 lbu              x10, 0(x26)         x10=00000020 x26:1c0009b2  PA:1c0009b2
20425054ns          344844 1c008dec 001d0413 addi             x8, x26, 1           x8=1c0009b3 x26:1c0009b2
20425075ns          344845 1c008df0 0c050b63 beq              x10, x0, 214        x10:00000020
20425095ns          344846 1c008df2 02500793 addi             x15, x0, 37         x15=00000025
20425115ns          344847 1c008df6 fef513e3 bne              x10, x15, -26       x10:00000020 x15:00000025
20425277ns          344855 1c008ddc 017005b3 add              x11, x0, x23        x11=00000002 x23:00000002
20425297ns          344856 1c008dde 000980e7 jalr             x1, x19, 0           x1=1c008de0 x19:1c008d20
20425338ns          344858 1c008d20 f14027f3 csrrs            x15, x0, 0xf14      x15=00000001
20425358ns          344859 1c008d24 1a10f6b7 lui              x13, 0x1a10f000     x13=1a10f000
20425378ns          344860 1c008d28 ca5797b3 p.extractu       x15, x15, 5, 5      x15=00000000 x15:00000001
20425399ns          344861 1c008d2c f1402773 csrrs            x14, x0, 0xf14      x14=00000001
20425419ns          344862 1c008d30 00779793 slli             x15, x15, 0x7       x15=00000000 x15:00000000
20425439ns          344863 1c008d32 00371713 slli             x14, x14, 0x3       x14=00000008 x14:00000001
20425459ns          344864 1c008d34 0ff57513 andi             x10, x10, 255       x10=00000020 x10:00000020
20425480ns          344865 1c008d38 ee873733 p.bclr           x14, x14, 23, 8     x14=00000008 x14:00000008
20425500ns          344866 1c008d3c 00d787b3 add              x15, x15, x13       x15=1a10f000 x15:00000000 x13:1a10f000
20425520ns          344867 1c008d3e 00a767a3 p.sw             x10, x0(x14)        x10:00000020 x14:00000008  PA:1a10f008
20425905ns          344886 1c008d42 00000513 addi             x10, x0, 0          x10=00000000
20425925ns          344887 1c008d44 00008067 jalr             x0, x1, 0            x1:1c008de0
20425965ns          344889 1c008de0 15f52063 p.beqimm         x10, 320            x10:00000000
20425986ns          344890 1c008de4 001a8a93 addi             x21, x21, 1         x21=00000006 x21:00000005
20426006ns          344891 1c008de6 00800d33 add              x26, x0, x8         x26=1c0009b3  x8:1c0009b3
20426026ns          344892 1c008de8 000d4503 lbu              x10, 0(x26)         x10=00000054 x26:1c0009b3  PA:1c0009b3
20426330ns          344907 1c008dec 001d0413 addi             x8, x26, 1           x8=1c0009b4 x26:1c0009b3
20426350ns          344908 1c008df0 0c050b63 beq              x10, x0, 214        x10:00000054
20426370ns          344909 1c008df2 02500793 addi             x15, x0, 37         x15=00000025
20426390ns          344910 1c008df6 fef513e3 bne              x10, x15, -26       x10:00000054 x15:00000025
20426451ns          344913 1c008ddc 017005b3 add              x11, x0, x23        x11=00000002 x23:00000002
20426471ns          344914 1c008dde 000980e7 jalr             x1, x19, 0           x1=1c008de0 x19:1c008d20
20426512ns          344916 1c008d20 f14027f3 csrrs            x15, x0, 0xf14      x15=00000001
20426532ns          344917 1c008d24 1a10f6b7 lui              x13, 0x1a10f000     x13=1a10f000
20426552ns          344918 1c008d28 ca5797b3 p.extractu       x15, x15, 5, 5      x15=00000000 x15:00000001
20426572ns          344919 1c008d2c f1402773 csrrs            x14, x0, 0xf14      x14=00000001
20426593ns          344920 1c008d30 00779793 slli             x15, x15, 0x7       x15=00000000 x15:00000000
20426613ns          344921 1c008d32 00371713 slli             x14, x14, 0x3       x14=00000008 x14:00000001
20426633ns          344922 1c008d34 0ff57513 andi             x10, x10, 255       x10=00000054 x10:00000054
20426653ns          344923 1c008d38 ee873733 p.bclr           x14, x14, 23, 8     x14=00000008 x14:00000008
20426674ns          344924 1c008d3c 00d787b3 add              x15, x15, x13       x15=1a10f000 x15:00000000 x13:1a10f000
20426694ns          344925 1c008d3e 00a767a3 p.sw             x10, x0(x14)        x10:00000054 x14:00000008  PA:1a10f008
20427018ns          344941 1c008d42 00000513 addi             x10, x0, 0          x10=00000000
20427038ns          344942 1c008d44 00008067 jalr             x0, x1, 0            x1:1c008de0
20427078ns          344944 1c008de0 15f52063 p.beqimm         x10, 320            x10:00000000
20427099ns          344945 1c008de4 001a8a93 addi             x21, x21, 1         x21=00000007 x21:00000006
20427119ns          344946 1c008de6 00800d33 add              x26, x0, x8         x26=1c0009b4  x8:1c0009b4
20427139ns          344947 1c008de8 000d4503 lbu              x10, 0(x26)         x10=00000061 x26:1c0009b4  PA:1c0009b4
20427443ns          344962 1c008dec 001d0413 addi             x8, x26, 1           x8=1c0009b5 x26:1c0009b4
20427463ns          344963 1c008df0 0c050b63 beq              x10, x0, 214        x10:00000061
20427483ns          344964 1c008df2 02500793 addi             x15, x0, 37         x15=00000025
20427504ns          344965 1c008df6 fef513e3 bne              x10, x15, -26       x10:00000061 x15:00000025
20427564ns          344968 1c008ddc 017005b3 add              x11, x0, x23        x11=00000002 x23:00000002
20427584ns          344969 1c008dde 000980e7 jalr             x1, x19, 0           x1=1c008de0 x19:1c008d20
20427625ns          344971 1c008d20 f14027f3 csrrs            x15, x0, 0xf14      x15=00000001
20427645ns          344972 1c008d24 1a10f6b7 lui              x13, 0x1a10f000     x13=1a10f000
20427665ns          344973 1c008d28 ca5797b3 p.extractu       x15, x15, 5, 5      x15=00000000 x15:00000001
20427686ns          344974 1c008d2c f1402773 csrrs            x14, x0, 0xf14      x14=00000001
20427706ns          344975 1c008d30 00779793 slli             x15, x15, 0x7       x15=00000000 x15:00000000
20427726ns          344976 1c008d32 00371713 slli             x14, x14, 0x3       x14=00000008 x14:00000001
20427746ns          344977 1c008d34 0ff57513 andi             x10, x10, 255       x10=00000061 x10:00000061
20427767ns          344978 1c008d38 ee873733 p.bclr           x14, x14, 23, 8     x14=00000008 x14:00000008
20427787ns          344979 1c008d3c 00d787b3 add              x15, x15, x13       x15=1a10f000 x15:00000000 x13:1a10f000
20427807ns          344980 1c008d3e 00a767a3 p.sw             x10, x0(x14)        x10:00000061 x14:00000008  PA:1a10f008
20428131ns          344996 1c008d42 00000513 addi             x10, x0, 0          x10=00000000
20428151ns          344997 1c008d44 00008067 jalr             x0, x1, 0            x1:1c008de0
20428192ns          344999 1c008de0 15f52063 p.beqimm         x10, 320            x10:00000000
20428212ns          345000 1c008de4 001a8a93 addi             x21, x21, 1         x21=00000008 x21:00000007
20428232ns          345001 1c008de6 00800d33 add              x26, x0, x8         x26=1c0009b5  x8:1c0009b5
20428252ns          345002 1c008de8 000d4503 lbu              x10, 0(x26)         x10=00000073 x26:1c0009b5  PA:1c0009b5
20428556ns          345017 1c008dec 001d0413 addi             x8, x26, 1           x8=1c0009b6 x26:1c0009b5
20428576ns          345018 1c008df0 0c050b63 beq              x10, x0, 214        x10:00000073
20428596ns          345019 1c008df2 02500793 addi             x15, x0, 37         x15=00000025
20428617ns          345020 1c008df6 fef513e3 bne              x10, x15, -26       x10:00000073 x15:00000025
20428677ns          345023 1c008ddc 017005b3 add              x11, x0, x23        x11=00000002 x23:00000002
20428698ns          345024 1c008dde 000980e7 jalr             x1, x19, 0           x1=1c008de0 x19:1c008d20
20428738ns          345026 1c008d20 f14027f3 csrrs            x15, x0, 0xf14      x15=00000001
20428758ns          345027 1c008d24 1a10f6b7 lui              x13, 0x1a10f000     x13=1a10f000
20428779ns          345028 1c008d28 ca5797b3 p.extractu       x15, x15, 5, 5      x15=00000000 x15:00000001
20428799ns          345029 1c008d2c f1402773 csrrs            x14, x0, 0xf14      x14=00000001
20428819ns          345030 1c008d30 00779793 slli             x15, x15, 0x7       x15=00000000 x15:00000000
20428839ns          345031 1c008d32 00371713 slli             x14, x14, 0x3       x14=00000008 x14:00000001
20428860ns          345032 1c008d34 0ff57513 andi             x10, x10, 255       x10=00000073 x10:00000073
20428880ns          345033 1c008d38 ee873733 p.bclr           x14, x14, 23, 8     x14=00000008 x14:00000008
20428900ns          345034 1c008d3c 00d787b3 add              x15, x15, x13       x15=1a10f000 x15:00000000 x13:1a10f000
20428920ns          345035 1c008d3e 00a767a3 p.sw             x10, x0(x14)        x10:00000073 x14:00000008  PA:1a10f008
20429244ns          345051 1c008d42 00000513 addi             x10, x0, 0          x10=00000000
20429264ns          345052 1c008d44 00008067 jalr             x0, x1, 0            x1:1c008de0
20429305ns          345054 1c008de0 15f52063 p.beqimm         x10, 320            x10:00000000
20429325ns          345055 1c008de4 001a8a93 addi             x21, x21, 1         x21=00000009 x21:00000008
20429345ns          345056 1c008de6 00800d33 add              x26, x0, x8         x26=1c0009b6  x8:1c0009b6
20429366ns          345057 1c008de8 000d4503 lbu              x10, 0(x26)         x10=0000006b x26:1c0009b6  PA:1c0009b6
20429669ns          345072 1c008dec 001d0413 addi             x8, x26, 1           x8=1c0009b7 x26:1c0009b6
20429689ns          345073 1c008df0 0c050b63 beq              x10, x0, 214        x10:0000006b
20429710ns          345074 1c008df2 02500793 addi             x15, x0, 37         x15=00000025
20429730ns          345075 1c008df6 fef513e3 bne              x10, x15, -26       x10:0000006b x15:00000025
20429791ns          345078 1c008ddc 017005b3 add              x11, x0, x23        x11=00000002 x23:00000002
20429811ns          345079 1c008dde 000980e7 jalr             x1, x19, 0           x1=1c008de0 x19:1c008d20
20429851ns          345081 1c008d20 f14027f3 csrrs            x15, x0, 0xf14      x15=00000001
20429872ns          345082 1c008d24 1a10f6b7 lui              x13, 0x1a10f000     x13=1a10f000
20429892ns          345083 1c008d28 ca5797b3 p.extractu       x15, x15, 5, 5      x15=00000000 x15:00000001
20429912ns          345084 1c008d2c f1402773 csrrs            x14, x0, 0xf14      x14=00000001
20429932ns          345085 1c008d30 00779793 slli             x15, x15, 0x7       x15=00000000 x15:00000000
20429953ns          345086 1c008d32 00371713 slli             x14, x14, 0x3       x14=00000008 x14:00000001
20429973ns          345087 1c008d34 0ff57513 andi             x10, x10, 255       x10=0000006b x10:0000006b
20429993ns          345088 1c008d38 ee873733 p.bclr           x14, x14, 23, 8     x14=00000008 x14:00000008
20430013ns          345089 1c008d3c 00d787b3 add              x15, x15, x13       x15=1a10f000 x15:00000000 x13:1a10f000
20430034ns          345090 1c008d3e 00a767a3 p.sw             x10, x0(x14)        x10:0000006b x14:00000008  PA:1a10f008
20430357ns          345106 1c008d42 00000513 addi             x10, x0, 0          x10=00000000
20430378ns          345107 1c008d44 00008067 jalr             x0, x1, 0            x1:1c008de0
20430418ns          345109 1c008de0 15f52063 p.beqimm         x10, 320            x10:00000000
20430438ns          345110 1c008de4 001a8a93 addi             x21, x21, 1         x21=0000000a x21:00000009
20430459ns          345111 1c008de6 00800d33 add              x26, x0, x8         x26=1c0009b7  x8:1c0009b7
20430479ns          345112 1c008de8 000d4503 lbu              x10, 0(x26)         x10=00000020 x26:1c0009b7  PA:1c0009b7
20430782ns          345127 1c008dec 001d0413 addi             x8, x26, 1           x8=1c0009b8 x26:1c0009b7
20430803ns          345128 1c008df0 0c050b63 beq              x10, x0, 214        x10:00000020
20430823ns          345129 1c008df2 02500793 addi             x15, x0, 37         x15=00000025
20430843ns          345130 1c008df6 fef513e3 bne              x10, x15, -26       x10:00000020 x15:00000025
20430904ns          345133 1c008ddc 017005b3 add              x11, x0, x23        x11=00000002 x23:00000002
20430924ns          345134 1c008dde 000980e7 jalr             x1, x19, 0           x1=1c008de0 x19:1c008d20
20430965ns          345136 1c008d20 f14027f3 csrrs            x15, x0, 0xf14      x15=00000001
20430985ns          345137 1c008d24 1a10f6b7 lui              x13, 0x1a10f000     x13=1a10f000
20431005ns          345138 1c008d28 ca5797b3 p.extractu       x15, x15, 5, 5      x15=00000000 x15:00000001
20431025ns          345139 1c008d2c f1402773 csrrs            x14, x0, 0xf14      x14=00000001
20431046ns          345140 1c008d30 00779793 slli             x15, x15, 0x7       x15=00000000 x15:00000000
20431066ns          345141 1c008d32 00371713 slli             x14, x14, 0x3       x14=00000008 x14:00000001
20431086ns          345142 1c008d34 0ff57513 andi             x10, x10, 255       x10=00000020 x10:00000020
20431106ns          345143 1c008d38 ee873733 p.bclr           x14, x14, 23, 8     x14=00000008 x14:00000008
20431126ns          345144 1c008d3c 00d787b3 add              x15, x15, x13       x15=1a10f000 x15:00000000 x13:1a10f000
20431147ns          345145 1c008d3e 00a767a3 p.sw             x10, x0(x14)        x10:00000020 x14:00000008  PA:1a10f008
20431471ns          345161 1c008d42 00000513 addi             x10, x0, 0          x10=00000000
20431491ns          345162 1c008d44 00008067 jalr             x0, x1, 0            x1:1c008de0
20431531ns          345164 1c008de0 15f52063 p.beqimm         x10, 320            x10:00000000
20431552ns          345165 1c008de4 001a8a93 addi             x21, x21, 1         x21=0000000b x21:0000000a
20431572ns          345166 1c008de6 00800d33 add              x26, x0, x8         x26=1c0009b8  x8:1c0009b8
20431592ns          345167 1c008de8 000d4503 lbu              x10, 0(x26)         x10=00000025 x26:1c0009b8  PA:1c0009b8
20431896ns          345182 1c008dec 001d0413 addi             x8, x26, 1           x8=1c0009b9 x26:1c0009b8
20431916ns          345183 1c008df0 0c050b63 beq              x10, x0, 214        x10:00000025
20431936ns          345184 1c008df2 02500793 addi             x15, x0, 37         x15=00000025
20431956ns          345185 1c008df6 fef513e3 bne              x10, x15, -26       x10:00000025 x15:00000025
20431977ns          345186 1c008dfa 00012a23 sw               x0, 20(x2)           x2:10000b68  PA:10000b7c
20431997ns          345187 1c008dfc 00012823 sw               x0, 16(x2)           x2:10000b68  PA:10000b78
20432017ns          345188 1c008dfe 00012623 sw               x0, 12(x2)           x2:10000b68  PA:10000b74
20432037ns          345189 1c008e00 00012423 sw               x0, 8(x2)            x2:10000b68  PA:10000b70
20432058ns          345190 1c008e02 00012223 sw               x0, 4(x2)            x2:10000b68  PA:10000b6c
20432078ns          345191 1c008e04 02300493 addi             x9, x0, 35           x9=00000023
20432098ns          345192 1c008e08 02d00b13 addi             x22, x0, 45         x22=0000002d
20432118ns          345193 1c008e0c 00044c83 lbu              x25, 0(x8)          x25=00000064  x8:1c0009b9  PA:1c0009b9
20432442ns          345209 1c008e10 00140913 addi             x18, x8, 1          x18=1c0009ba  x8:1c0009b9
20432462ns          345210 1c008e14 019005b3 add              x11, x0, x25        x11=00000064 x25:00000064
20432483ns          345211 1c008e16 9d0c0513 addi             x10, x24, -1584     x10=1c0009d0 x24:1c001000
20432503ns          345212 1c008e1a 01200d33 add              x26, x0, x18        x26=1c0009ba x18:1c0009ba
20432523ns          345213 1c008e1c 01900db3 add              x27, x0, x25        x27=00000064 x25:00000064
20432543ns          345214 1c008e1e e89ff0ef jal              x1, -376             x1=1c008e20
20432644ns          345219 1c008ca6 00054783 lbu              x15, 0(x10)         x15=0000002d x10:1c0009d0  PA:1c0009d0
20432948ns          345234 1c008caa 0ff5f593 andi             x11, x11, 255       x11=00000064 x11:00000064
20432968ns          345235 1c008cae 00b78c63 beq              x15, x11, 24        x15:0000002d x11:00000064
20432989ns          345236 1c008cb2 00078b63 beq              x15, x0, 22         x15:0000002d
20433009ns          345237 1c008cb4 00150793 addi             x15, x10, 1         x15=1c0009d1 x10:1c0009d0
20433029ns          345238 1c008cb8 0040006f jal              x0, 4              
20433130ns          345243 1c008cbc 00f00533 add              x10, x0, x15        x10=1c0009d1 x15:1c0009d1
20433150ns          345244 1c008cbe 0017c70b p.lbu            x14, 1(x15!)        x14=0000002b x15=1c0009d2 x15:1c0009d1  PA:1c0009d1
20433495ns          345261 1c008cc2 feb71ce3 bne              x14, x11, -8        x14:0000002b x11:00000064
20433555ns          345264 1c008cba 00070763 beq              x14, x0, 14         x14:0000002b
20433576ns          345265 1c008cbc 00f00533 add              x10, x0, x15        x10=1c0009d2 x15:1c0009d2
20433596ns          345266 1c008cbe 0017c70b p.lbu            x14, 1(x15!)        x14=00000020 x15=1c0009d3 x15:1c0009d2  PA:1c0009d2
20433920ns          345282 1c008cc2 feb71ce3 bne              x14, x11, -8        x14:00000020 x11:00000064
20433980ns          345285 1c008cba 00070763 beq              x14, x0, 14         x14:00000020
20434001ns          345286 1c008cbc 00f00533 add              x10, x0, x15        x10=1c0009d3 x15:1c0009d3
20434021ns          345287 1c008cbe 0017c70b p.lbu            x14, 1(x15!)        x14=00000023 x15=1c0009d4 x15:1c0009d3  PA:1c0009d3
20434345ns          345303 1c008cc2 feb71ce3 bne              x14, x11, -8        x14:00000023 x11:00000064
20434405ns          345306 1c008cba 00070763 beq              x14, x0, 14         x14:00000023
20434426ns          345307 1c008cbc 00f00533 add              x10, x0, x15        x10=1c0009d4 x15:1c0009d4
20434446ns          345308 1c008cbe 0017c70b p.lbu            x14, 1(x15!)        x14=00000030 x15=1c0009d5 x15:1c0009d4  PA:1c0009d4
20434749ns          345323 1c008cc2 feb71ce3 bne              x14, x11, -8        x14:00000030 x11:00000064
20434810ns          345326 1c008cba 00070763 beq              x14, x0, 14         x14:00000030
20434830ns          345327 1c008cbc 00f00533 add              x10, x0, x15        x10=1c0009d5 x15:1c0009d5
20434851ns          345328 1c008cbe 0017c70b p.lbu            x14, 1(x15!)        x14=00000000 x15=1c0009d6 x15:1c0009d5  PA:1c0009d5
20435174ns          345344 1c008cc2 feb71ce3 bne              x14, x11, -8        x14:00000000 x11:00000064
20435235ns          345347 1c008cba 00070763 beq              x14, x0, 14         x14:00000000
20435296ns          345350 1c008cc8 0015b593 sltiu            x11, x11, 1         x11=00000000 x11:00000064
20435316ns          345351 1c008ccc 40b005b3 sub              x11, x0, x11        x11=00000000 x11:00000000
20435336ns          345352 1c008cd0 00b57533 and              x10, x10, x11       x10=00000000 x10:1c0009d5 x11:00000000
20435357ns          345353 1c008cd2 00008067 jalr             x0, x1, 0            x1:1c008e20
20435397ns          345355 1c008e20 02050b63 beq              x10, x0, 54         x10:00000000
20435579ns          345364 1c008e56 02a00693 addi             x13, x0, 42         x13=0000002a
20435600ns          345365 1c008e5a 2edc8263 beq              x25, x13, 740       x25:00000064 x13:0000002a
20435660ns          345368 1c008e5e fd0c8693 addi             x13, x25, -48       x13=00000034 x25:00000064
20435680ns          345369 1c008e62 00900593 addi             x11, x0, 9          x11=00000009
20435701ns          345370 1c008e64 00000b13 addi             x22, x0, 0          x22=00000000
20435721ns          345371 1c008e66 0cd5fd63 bgeu             x11, x13, 218       x11:00000009 x13:00000034
20435741ns          345372 1c008e6a 02e00793 addi             x15, x0, 46         x15=0000002e
20435802ns          345375 1c008e6e 28fd8663 beq              x27, x15, 652       x27:00000064 x15:0000002e
20435822ns          345376 1c008e72 01b00433 add              x8, x0, x27          x8=00000064 x27:00000064
20435842ns          345377 1c008e74 fff00493 addi             x9, x0, -1           x9=ffffffff
20435863ns          345378 1c008e76 1c001737 lui              x14, 0x1c001000     x14=1c001000
20435883ns          345379 1c008e7a 01b005b3 add              x11, x0, x27        x11=00000064 x27:00000064
20435903ns          345380 1c008e7c 9d870513 addi             x10, x14, -1576     x10=1c0009d8 x14:1c001000
20435944ns          345382 1c008e80 e27ff0ef jal              x1, -474             x1=1c008e82
20436004ns          345385 1c008ca6 00054783 lbu              x15, 0(x10)         x15=00000068 x10:1c0009d8  PA:1c0009d8
20436308ns          345400 1c008caa 0ff5f593 andi             x11, x11, 255       x11=00000064 x11:00000064
20436328ns          345401 1c008cae 00b78c63 beq              x15, x11, 24        x15:00000068 x11:00000064
20436348ns          345402 1c008cb2 00078b63 beq              x15, x0, 22         x15:00000068
20436369ns          345403 1c008cb4 00150793 addi             x15, x10, 1         x15=1c0009d9 x10:1c0009d8
20436389ns          345404 1c008cb8 0040006f jal              x0, 4              
20436429ns          345406 1c008cbc 00f00533 add              x10, x0, x15        x10=1c0009d9 x15:1c0009d9
20436450ns          345407 1c008cbe 0017c70b p.lbu            x14, 1(x15!)        x14=0000006c x15=1c0009da x15:1c0009d9  PA:1c0009d9
20436773ns          345423 1c008cc2 feb71ce3 bne              x14, x11, -8        x14:0000006c x11:00000064
20436834ns          345426 1c008cba 00070763 beq              x14, x0, 14         x14:0000006c
20436854ns          345427 1c008cbc 00f00533 add              x10, x0, x15        x10=1c0009da x15:1c0009da
20436875ns          345428 1c008cbe 0017c70b p.lbu            x14, 1(x15!)        x14=0000007a x15=1c0009db x15:1c0009da  PA:1c0009da
20437198ns          345444 1c008cc2 feb71ce3 bne              x14, x11, -8        x14:0000007a x11:00000064
20437259ns          345447 1c008cba 00070763 beq              x14, x0, 14         x14:0000007a
20437279ns          345448 1c008cbc 00f00533 add              x10, x0, x15        x10=1c0009db x15:1c0009db
20437300ns          345449 1c008cbe 0017c70b p.lbu            x14, 1(x15!)        x14=00000000 x15=1c0009dc x15:1c0009db  PA:1c0009db
20437624ns          345465 1c008cc2 feb71ce3 bne              x14, x11, -8        x14:00000000 x11:00000064
20437684ns          345468 1c008cba 00070763 beq              x14, x0, 14         x14:00000000
20437745ns          345471 1c008cc8 0015b593 sltiu            x11, x11, 1         x11=00000000 x11:00000064
20437765ns          345472 1c008ccc 40b005b3 sub              x11, x0, x11        x11=00000000 x11:00000000
20437785ns          345473 1c008cd0 00b57533 and              x10, x10, x11       x10=00000000 x10:1c0009db x11:00000000
20437806ns          345474 1c008cd2 00008067 jalr             x0, x1, 0            x1:1c008e82
20437846ns          345476 1c008e82 00000793 addi             x15, x0, 0          x15=00000000
20437866ns          345477 1c008e84 00050f63 beq              x10, x0, 30         x10:00000000
20438008ns          345484 1c008ea2 06700693 addi             x13, x0, 103        x13=00000067
20438028ns          345485 1c008ea6 0bb6ee63 bltu             x13, x27, 188       x13:00000067 x27:00000064
20438049ns          345486 1c008eaa 06500693 addi             x13, x0, 101        x13=00000065
20438109ns          345489 1c008eae 3addf2e3 bgeu             x27, x13, 2980      x27:00000064 x13:00000065
20438150ns          345491 1c008eb2 04700693 addi             x13, x0, 71         x13=00000047
20438170ns          345492 1c008eb6 39b6ed63 bltu             x13, x27, 922       x13:00000047 x27:00000064
20438332ns          345500 1c009250 06300693 addi             x13, x0, 99         x13=00000063
20438372ns          345502 1c009254 70dd8c63 beq              x27, x13, 1816      x27:00000064 x13:00000063
20438393ns          345503 1c009258 d3b6e5e3 bltu             x13, x27, -726      x13:00000063 x27:00000064
20438595ns          345513 1c008f82 06c00693 addi             x13, x0, 108        x13=0000006c
20438615ns          345514 1c008f86 00d78a63 beq              x15, x13, 20        x15:00000000 x13:0000006c
20438636ns          345515 1c008f8a 07a00693 addi             x13, x0, 122        x13=0000007a
20438696ns          345518 1c008f8e 00d78663 beq              x15, x13, 12        x15:00000000 x13:0000007a
20438737ns          345520 1c008f92 04c00693 addi             x13, x0, 76         x13=0000004c
20438757ns          345521 1c008f96 5ed78de3 beq              x15, x13, 3578      x15:00000000 x13:0000004c
20438777ns          345522 1c008f9a 000a2783 lw               x15, 0(x20)         x15=00000002 x20:10000c10  PA:10000c10
20438797ns          345523 1c008f9e 004a0a13 addi             x20, x20, 4         x20=10000c14 x20:10000c10
20438838ns          345525 1c008fa0 41f7d713 srai             x14, x15, 0x41f     x14=00000000 x15:00000002
20438878ns          345527 1c008fa4 01412e23 sw               x20, 28(x2)         x20:10000c14  x2:10000b68  PA:10000b84
20438899ns          345528 1c008fa6 00e12223 sw               x14, 4(x2)          x14:00000000  x2:10000b68  PA:10000b6c
20438919ns          345529 1c008fa8 4e0741e3 blt              x14, x0, 3298       x14:00000000
20438939ns          345530 1c008fac 00c12703 lw               x14, 12(x2)         x14=00000000  x2:10000b68  PA:10000b74
20438980ns          345532 1c008fae 440709e3 beq              x14, x0, 3154       x14:00000000
20439081ns          345537 1c009c00 01012703 lw               x14, 16(x2)         x14=00000000  x2:10000b68  PA:10000b78
20439121ns          345539 1c009c02 22070063 beq              x14, x0, 544        x14:00000000
20439222ns          345544 1c009e22 00412c83 lw               x25, 4(x2)          x25=00000000  x2:10000b68  PA:10000b6c
20439263ns          345546 1c009e24 02410a13 addi             x20, x2, 36         x20=10000b8c  x2:10000b68
20439283ns          345547 1c009e28 998ff06f jal              x0, -3688          
20439324ns          345549 1c008fc0 00f00433 add              x8, x0, x15          x8=00000002 x15:00000002
20439344ns          345550 1c008fc2 01400db3 add              x27, x0, x20        x27=10000b8c x20:10000b8c
20439364ns          345551 1c008fc4 0040006f jal              x0, 4              
20439405ns          345553 1c008fc8 00a00613 addi             x12, x0, 10         x12=0000000a
20439425ns          345554 1c008fca 00000693 addi             x13, x0, 0          x13=00000000
20439445ns          345555 1c008fcc 00800533 add              x10, x0, x8         x10=00000002  x8:00000002
20439465ns          345556 1c008fce 019005b3 add              x11, x0, x25        x11=00000000 x25:00000000
20439526ns          345559 1c008fd0 c2aff0ef jal              x1, -3030            x1=1c008fd4
20439607ns          345563 1c0083fa 00c008b3 add              x17, x0, x12        x17=0000000a x12:0000000a
20439648ns          345565 1c0083fc 00d00733 add              x14, x0, x13        x14=00000000 x13:00000000
20439668ns          345566 1c0083fe 00a007b3 add              x15, x0, x10        x15=00000002 x10:00000002
20439708ns          345568 1c008400 00b00833 add              x16, x0, x11        x16=00000000 x11:00000000
20439749ns          345570 1c008402 1c069863 bne              x13, x0, 464        x13:00000000
20439769ns          345571 1c008406 1c0016b7 lui              x13, 0x1c001000     x13=1c001000
20439789ns          345572 1c00840a 86868693 addi             x13, x13, -1944     x13=1c000868 x13:1c001000
20439850ns          345575 1c00840e 0ac5f863 bgeu             x11, x12, 176       x11:00000000 x12:0000000a
20439870ns          345576 1c008412 00010337 lui              x6, 0x10000          x6=00010000
20439890ns          345577 1c008414 08667e63 bgeu             x12, x6, 156        x12:0000000a  x6:00010000
20439911ns          345578 1c008418 0ff00313 addi             x6, x0, 255          x6=000000ff
20439931ns          345579 1c00841c 00c37363 bgeu             x6, x12, 6           x6:000000ff x12:0000000a
20440052ns          345585 1c008422 00e65333 srl              x6, x12, x14         x6=0000000a x12:0000000a x14:00000000
20440073ns          345586 1c008426 006686b3 add              x13, x13, x6        x13=1c000872 x13:1c000868  x6:0000000a
20440093ns          345587 1c008428 0006ce03 lbu              x28, 0(x13)         x28=00000004 x13:1c000872  PA:1c000872
20440396ns          345602 1c00842c 02000313 addi             x6, x0, 32           x6=00000020
20440417ns          345603 1c008430 00ee0e33 add              x28, x28, x14       x28=00000004 x28:00000004 x14:00000000
20440437ns          345604 1c008432 41c30333 sub              x6, x6, x28          x6=0000001c  x6:00000020 x28:00000004
20440457ns          345605 1c008436 00030c63 beq              x6, x0, 24           x6:0000001c
20440477ns          345606 1c00843a 006595b3 sll              x11, x11, x6        x11=00000000 x11:00000000  x6:0000001c
20440538ns          345609 1c00843e 01c55e33 srl              x28, x10, x28       x28=00000000 x10:00000002 x28:00000004
20440579ns          345611 1c008442 006618b3 sll              x17, x12, x6        x17=a0000000 x12:0000000a  x6:0000001c
20440599ns          345612 1c008446 00be6833 or               x16, x28, x11       x16=00000000 x28:00000000 x11:00000000
20440619ns          345613 1c00844a 006517b3 sll              x15, x10, x6        x15=20000000 x10:00000002  x6:0000001c
20440680ns          345616 1c00844e 0108d613 srli             x12, x17, 0x10      x12=0000a000 x17:a0000000
20440720ns          345618 1c008452 02c87733 remu             x14, x16, x12       x14=00000000 x16:00000000 x12:0000a000
20441105ns          345637 1c008456 02c85833 divu             x16, x16, x12       x16=00000000 x16:00000000 x12:0000a000
20441489ns          345656 1c00845a 01089513 slli             x10, x17, 0x10      x10=00000000 x17:a0000000
20441510ns          345657 1c00845e 01055513 srli             x10, x10, 0x10      x10=00000000 x10:00000000
20441530ns          345658 1c008460 01071713 slli             x14, x14, 0x10      x14=00000000 x14:00000000
20441550ns          345659 1c008462 0107d693 srli             x13, x15, 0x10      x13=00002000 x15:20000000
20441570ns          345660 1c008466 03050833 mul              x16, x10, x16       x16=00000000 x10:00000000 x16:00000000
20441591ns          345661 1c00846a 00e6e6b3 or               x13, x13, x14       x13=00002000 x13:00002000 x14:00000000
20441611ns          345662 1c00846c 0106f863 bgeu             x13, x16, 16        x13:00002000 x16:00000000
20441672ns          345665 1c00847c 410686b3 sub              x13, x13, x16       x13=00002000 x13:00002000 x16:00000000
20441692ns          345666 1c008480 02c6f733 remu             x14, x13, x12       x14=00002000 x13:00002000 x12:0000a000
20442076ns          345685 1c008484 02c6d6b3 divu             x13, x13, x12       x13=00000000 x13:00002000 x12:0000a000
20442461ns          345704 1c008488 01079793 slli             x15, x15, 0x10      x15=00000000 x15:20000000
20442481ns          345705 1c00848a 02d506b3 mul              x13, x10, x13       x13=00000000 x10:00000000 x13:00000000
20442501ns          345706 1c00848e 0107d793 srli             x15, x15, 0x10      x15=00000000 x15:00000000
20442522ns          345707 1c008490 01071513 slli             x10, x14, 0x10      x10=20000000 x14:00002000
20442542ns          345708 1c008494 00a7e7b3 or               x15, x15, x10       x15=20000000 x15:00000000 x10:20000000
20442562ns          345709 1c008496 00d7f863 bgeu             x15, x13, 16        x15:20000000 x13:00000000
20443068ns          345734 1c0084a6 40d787b3 sub              x15, x15, x13       x15=20000000 x15:20000000 x13:00000000
20443088ns          345735 1c0084a8 0067d533 srl              x10, x15, x6        x10=00000002 x15:20000000  x6:0000001c
20443109ns          345736 1c0084ac 00000593 addi             x11, x0, 0          x11=00000000
20443129ns          345737 1c0084ae 00008067 jalr             x0, x1, 0            x1:1c008fd4
20443210ns          345741 1c008fd4 00a00933 add              x18, x0, x10        x18=00000002 x10:00000002
20443230ns          345742 1c008fd6 019005b3 add              x11, x0, x25        x11=00000000 x25:00000000
20443250ns          345743 1c008fd8 00800533 add              x10, x0, x8         x10=00000002  x8:00000002
20443270ns          345744 1c008fda 00a00613 addi             x12, x0, 10         x12=0000000a
20443291ns          345745 1c008fdc 00000693 addi             x13, x0, 0          x13=00000000
20443311ns          345746 1c008fde 8beff0ef jal              x1, -3906            x1=1c008fe2
20443392ns          345750 1c00809c 00b007b3 add              x15, x0, x11        x15=00000000 x11:00000000
20443412ns          345751 1c00809e 00c00833 add              x16, x0, x12        x16=0000000a x12:0000000a
20443473ns          345754 1c0080a0 00d008b3 add              x17, x0, x13        x17=00000000 x13:00000000
20443493ns          345755 1c0080a2 00a00333 add              x6, x0, x10          x6=00000002 x10:00000002
20443513ns          345756 1c0080a4 20069663 bne              x13, x0, 524        x13:00000000
20443534ns          345757 1c0080a8 1c001737 lui              x14, 0x1c001000     x14=1c001000
20443554ns          345758 1c0080ac 86870713 addi             x14, x14, -1944     x14=1c000868 x14:1c001000
20443615ns          345761 1c0080b0 0ac5fe63 bgeu             x11, x12, 188       x11:00000000 x12:0000000a
20443655ns          345763 1c0080b4 000106b7 lui              x13, 0x10000        x13=00010000
20443675ns          345764 1c0080b6 0ad67463 bgeu             x12, x13, 168       x12:0000000a x13:00010000
20443696ns          345765 1c0080ba 0ff00693 addi             x13, x0, 255        x13=000000ff
20443756ns          345768 1c0080be 00c6b6b3 sltu             x13, x13, x12       x13=00000000 x13:000000ff x12:0000000a
20443776ns          345769 1c0080c2 00369693 slli             x13, x13, 0x3       x13=00000000 x13:00000000
20443797ns          345770 1c0080c4 00d658b3 srl              x17, x12, x13       x17=0000000a x12:0000000a x13:00000000
20443817ns          345771 1c0080c8 01170733 add              x14, x14, x17       x14=1c000872 x14:1c000868 x17:0000000a
20443837ns          345772 1c0080ca 00074703 lbu              x14, 0(x14)         x14=00000004 x14:1c000872  PA:1c000872
20444161ns          345788 1c0080ce 00e686b3 add              x13, x13, x14       x13=00000004 x13:00000000 x14:00000004
20444181ns          345789 1c0080d0 02000713 addi             x14, x0, 32         x14=00000020
20444202ns          345790 1c0080d4 40d70733 sub              x14, x14, x13       x14=0000001c x14:00000020 x13:00000004
20444222ns          345791 1c0080d6 00070b63 beq              x14, x0, 22         x14:0000001c
20444242ns          345792 1c0080d8 00e797b3 sll              x15, x15, x14       x15=00000000 x15:00000000 x14:0000001c
20444262ns          345793 1c0080dc 00d556b3 srl              x13, x10, x13       x13=00000000 x10:00000002 x13:00000004
20444303ns          345795 1c0080e0 00e61833 sll              x16, x12, x14       x16=a0000000 x12:0000000a x14:0000001c
20444343ns          345797 1c0080e4 00f6e5b3 or               x11, x13, x15       x11=00000000 x13:00000000 x15:00000000
20444363ns          345798 1c0080e8 00e51333 sll              x6, x10, x14         x6=20000000 x10:00000002 x14:0000001c
20444384ns          345799 1c0080ec 01085513 srli             x10, x16, 0x10      x10=0000a000 x16:a0000000
20444444ns          345802 1c0080f0 02a5f733 remu             x14, x11, x10       x14=00000000 x11:00000000 x10:0000a000
20444849ns          345822 1c0080f4 02a5d7b3 divu             x15, x11, x10       x15=00000000 x11:00000000 x10:0000a000
20445234ns          345841 1c0080f8 01081613 slli             x12, x16, 0x10      x12=00000000 x16:a0000000
20445254ns          345842 1c0080fc 01071713 slli             x14, x14, 0x10      x14=00000000 x14:00000000
20445274ns          345843 1c0080fe 01065613 srli             x12, x12, 0x10      x12=00000000 x12:00000000
20445294ns          345844 1c008100 01035693 srli             x13, x6, 0x10       x13=00002000  x6:20000000
20445315ns          345845 1c008104 00e6e6b3 or               x13, x13, x14       x13=00002000 x13:00002000 x14:00000000
20445335ns          345846 1c008106 02f605b3 mul              x11, x12, x15       x11=00000000 x12:00000000 x15:00000000
20445355ns          345847 1c00810a 00f00733 add              x14, x0, x15        x14=00000000 x15:00000000
20445375ns          345848 1c00810c 00b6fc63 bgeu             x13, x11, 24        x13:00002000 x11:00000000
20445841ns          345871 1c008124 40b686b3 sub              x13, x13, x11       x13=00002000 x13:00002000 x11:00000000
20445881ns          345873 1c008126 02a6f7b3 remu             x15, x13, x10       x15=00002000 x13:00002000 x10:0000a000
20446266ns          345892 1c00812a 02a6d6b3 divu             x13, x13, x10       x13=00000000 x13:00002000 x10:0000a000
20446651ns          345911 1c00812e 01031313 slli             x6, x6, 0x10         x6=00000000  x6:20000000
20446671ns          345912 1c008130 01079793 slli             x15, x15, 0x10      x15=20000000 x15:00002000
20446691ns          345913 1c008132 01035313 srli             x6, x6, 0x10         x6=00000000  x6:00000000
20446711ns          345914 1c008136 02d605b3 mul              x11, x12, x13       x11=00000000 x12:00000000 x13:00000000
20446732ns          345915 1c00813a 0067e333 or               x6, x15, x6          x6=20000000 x15:20000000  x6:00000000
20446752ns          345916 1c00813e 00d00533 add              x10, x0, x13        x10=00000000 x13:00000000
20446792ns          345918 1c008140 00b37b63 bgeu             x6, x11, 22          x6:20000000 x11:00000000
20446893ns          345923 1c008156 01071713 slli             x14, x14, 0x10      x14=00000000 x14:00000000
20446934ns          345925 1c008158 00a76733 or               x14, x14, x10       x14=00000000 x14:00000000 x10:00000000
20446954ns          345926 1c00815a 00000593 addi             x11, x0, 0          x11=00000000
20446974ns          345927 1c00815c 0b20006f jal              x0, 178            
20447096ns          345933 1c00820e 00e00533 add              x10, x0, x14        x10=00000000 x14:00000000
20447136ns          345935 1c008210 00008067 jalr             x0, x1, 0            x1:1c008fe2
20447197ns          345938 1c008fe2 03090913 addi             x18, x18, 48        x18=00000032 x18:00000002
20447217ns          345939 1c008fe6 012d8023 sb               x18, 0(x27)         x18:00000032 x27:10000b8c  PA:10000b8c
20447258ns          345941 1c008fea 00a5e7b3 or               x15, x11, x10       x15=00000000 x11:00000000 x10:00000000
20447298ns          345943 1c008fee 001d8913 addi             x18, x27, 1         x18=10000b8d x27:10000b8c
20447318ns          345944 1c008ff2 00a00433 add              x8, x0, x10          x8=00000000 x10:00000000
20447339ns          345945 1c008ff4 00b00cb3 add              x25, x0, x11        x25=00000000 x11:00000000
20447359ns          345946 1c008ff6 fc0798e3 bne              x15, x0, -48        x15:00000000
20447379ns          345947 1c008ff8 00090023 sb               x0, 0(x18)          x18:10000b8d  PA:10000b8d
20447399ns          345948 1c008ffc 01ba7d63 bgeu             x20, x27, 26        x20:10000b8c x27:10000b8c
20447521ns          345954 1c009016 00012783 lw               x15, 0(x2)          x15=10000b8c  x2:10000b68  PA:10000b68
20447561ns          345956 1c009018 00c12703 lw               x14, 12(x2)         x14=00000000  x2:10000b68  PA:10000b74
20447582ns          345957 1c00901a 40f90933 sub              x18, x18, x15       x18=00000001 x18:10000b8d x15:10000b8c
20447642ns          345960 1c00901e 3c071de3 bne              x14, x0, 3034       x14:00000000
20447663ns          345961 1c009022 01012783 lw               x15, 16(x2)         x15=00000000  x2:10000b68  PA:10000b78
20447703ns          345963 1c009024 3c079ae3 bne              x15, x0, 3028       x15:00000000
20447723ns          345964 1c009028 00412703 lw               x14, 4(x2)          x14=00000000  x2:10000b68  PA:10000b6c
20447784ns          345967 1c00902a 01f75713 srli             x14, x14, 0x1f      x14=00000000 x14:00000000
20447804ns          345968 1c00902c 00e12223 sw               x14, 4(x2)          x14:00000000  x2:10000b68  PA:10000b6c
20447865ns          345971 1c00902e 3404c463 blt              x9, x0, 840          x9:ffffffff
20447966ns          345976 1c009376 00000c93 addi             x25, x0, 0          x25=00000000
20448007ns          345978 1c009378 00012c23 sw               x0, 24(x2)           x2:10000b68  PA:10000b80
20448027ns          345979 1c00937a 00000a13 addi             x20, x0, 0          x20=00000000
20448047ns          345980 1c00937c 01412783 lw               x15, 20(x2)         x15=00000000  x2:10000b68  PA:10000b7c
20448088ns          345982 1c00937e 5e078163 beq              x15, x0, 1506       x15:00000000
20448189ns          345987 1c009960 412b0b33 sub              x22, x22, x18       x22=ffffffff x22:00000000 x18:00000001
20448229ns          345989 1c009964 02410413 addi             x8, x2, 36           x8=10000b8c  x2:10000b68
20448250ns          345990 1c009966 00000493 addi             x9, x0, 0            x9=00000000
20448270ns          345991 1c009968 ee6ff06f jal              x0, -2330          
20448351ns          345995 1c00904e 00812703 lw               x14, 8(x2)          x14=00000000  x2:10000b68  PA:10000b70
20448432ns          345999 1c009050 02071063 bne              x14, x0, 32         x14:00000000
20448472ns          346001 1c009052 01605f63 bge              x0, x22, 30         x22:ffffffff
20448573ns          346006 1c009070 00412783 lw               x15, 4(x2)          x15=00000000  x2:10000b68  PA:10000b6c
20448614ns          346008 1c009072 00f40db3 add              x27, x8, x15        x27=10000b8c  x8:10000b8c x15:00000000
20448634ns          346009 1c009076 00c0006f jal              x0, 12             
20448715ns          346013 1c009082 017005b3 add              x11, x0, x23        x11=00000002 x23:00000002
20448756ns          346015 1c009084 ffb41ae3 bne              x8, x27, -12         x8:10000b8c x27:10000b8c
20448776ns          346016 1c009088 00900db3 add              x27, x0, x9         x27=00000000  x9:00000000
20448796ns          346017 1c00908a 0080006f jal              x0, 8              
20448897ns          346022 1c009092 fffd8d93 addi             x27, x27, -1        x27=ffffffff x27:00000000
20448917ns          346023 1c009094 017005b3 add              x11, x0, x23        x11=00000002 x23:00000002
20448938ns          346024 1c009096 03000513 addi             x10, x0, 48         x10=00000030
20448958ns          346025 1c00909a fffdb9e3 p.bneimm         x27, -14            x27:ffffffff
20448978ns          346026 1c00909e 00412703 lw               x14, 4(x2)          x14=00000000  x2:10000b68  PA:10000b6c
20449019ns          346028 1c0090a0 40e90933 sub              x18, x18, x14       x18=00000001 x18:00000001 x14:00000000
20449059ns          346030 1c0090a4 01212423 sw               x18, 8(x2)          x18:00000001  x2:10000b68  PA:10000b70
20449079ns          346031 1c0090a6 e40a15e3 bne              x20, x0, -438       x20:00000000
20449100ns          346032 1c0090aa 01812783 lw               x15, 24(x2)         x15=00000000  x2:10000b68  PA:10000b80
20449140ns          346034 1c0090ac 16079763 bne              x15, x0, 366        x15:00000000
20449160ns          346035 1c0090b0 120c8863 beq              x25, x0, 304        x25:00000000
20449666ns          346060 1c0091e0 017005b3 add              x11, x0, x23        x11=00000002 x23:00000002
20449707ns          346062 1c0091e2 ff2049e3 blt              x0, x18, -14        x18:00000001
20449808ns          346067 1c0091d4 0014450b p.lbu            x10, 1(x8!)         x10=00000032  x8=10000b8d  x8:10000b8c  PA:10000b8c
20449848ns          346069 1c0091d8 fff90913 addi             x18, x18, -1        x18=00000000 x18:00000001
20449869ns          346070 1c0091da 000980e7 jalr             x1, x19, 0           x1=1c0091dc x19:1c008d20
20449950ns          346074 1c008d20 f14027f3 csrrs            x15, x0, 0xf14      x15=00000001
20449990ns          346076 1c008d24 1a10f6b7 lui              x13, 0x1a10f000     x13=1a10f000
20450010ns          346077 1c008d28 ca5797b3 p.extractu       x15, x15, 5, 5      x15=00000000 x15:00000001
20450031ns          346078 1c008d2c f1402773 csrrs            x14, x0, 0xf14      x14=00000001
20450091ns          346081 1c008d30 00779793 slli             x15, x15, 0x7       x15=00000000 x15:00000000
20450112ns          346082 1c008d32 00371713 slli             x14, x14, 0x3       x14=00000008 x14:00000001
20450132ns          346083 1c008d34 0ff57513 andi             x10, x10, 255       x10=00000032 x10:00000032
20450152ns          346084 1c008d38 ee873733 p.bclr           x14, x14, 23, 8     x14=00000008 x14:00000008
20450172ns          346085 1c008d3c 00d787b3 add              x15, x15, x13       x15=1a10f000 x15:00000000 x13:1a10f000
20450233ns          346088 1c008d3e 00a767a3 p.sw             x10, x0(x14)        x10:00000032 x14:00000008  PA:1a10f008
20450557ns          346104 1c008d42 00000513 addi             x10, x0, 0          x10=00000000
20450577ns          346105 1c008d44 00008067 jalr             x0, x1, 0            x1:1c0091dc
20450618ns          346107 1c0091dc d5f522e3 p.beqimm         x10, -700           x10:00000000
20450638ns          346108 1c0091e0 017005b3 add              x11, x0, x23        x11=00000002 x23:00000002
20450658ns          346109 1c0091e2 ff2049e3 blt              x0, x18, -14        x18:00000000
20450678ns          346110 1c0091e6 00412783 lw               x15, 4(x2)          x15=00000000  x2:10000b68  PA:10000b6c
20450699ns          346111 1c0091e8 01c12a03 lw               x20, 28(x2)         x20=10000c14  x2:10000b68  PA:10000b84
20450719ns          346112 1c0091ea 00fa8733 add              x14, x21, x15       x14=0000000b x21:0000000b x15:00000000
20450739ns          346113 1c0091ee 00812783 lw               x15, 8(x2)          x15=00000001  x2:10000b68  PA:10000b70
20450759ns          346114 1c0091f0 00970733 add              x14, x14, x9        x14=0000000b x14:0000000b  x9:00000000
20450800ns          346116 1c0091f2 00e78ab3 add              x21, x15, x14       x21=0000000c x15:00000001 x14:0000000b
20450820ns          346117 1c0091f6 bf6059e3 bge              x0, x22, -1038      x22:ffffffff
20450941ns          346123 1c008de8 000d4503 lbu              x10, 0(x26)         x10=0000003a x26:1c0009ba  PA:1c0009ba
20451245ns          346138 1c008dec 001d0413 addi             x8, x26, 1           x8=1c0009bb x26:1c0009ba
20451265ns          346139 1c008df0 0c050b63 beq              x10, x0, 214        x10:0000003a
20451286ns          346140 1c008df2 02500793 addi             x15, x0, 37         x15=00000025
20451306ns          346141 1c008df6 fef513e3 bne              x10, x15, -26       x10:0000003a x15:00000025
20451468ns          346149 1c008ddc 017005b3 add              x11, x0, x23        x11=00000002 x23:00000002
20451488ns          346150 1c008dde 000980e7 jalr             x1, x19, 0           x1=1c008de0 x19:1c008d20
20451528ns          346152 1c008d20 f14027f3 csrrs            x15, x0, 0xf14      x15=00000001
20451549ns          346153 1c008d24 1a10f6b7 lui              x13, 0x1a10f000     x13=1a10f000
20451569ns          346154 1c008d28 ca5797b3 p.extractu       x15, x15, 5, 5      x15=00000000 x15:00000001
20451589ns          346155 1c008d2c f1402773 csrrs            x14, x0, 0xf14      x14=00000001
20451609ns          346156 1c008d30 00779793 slli             x15, x15, 0x7       x15=00000000 x15:00000000
20451630ns          346157 1c008d32 00371713 slli             x14, x14, 0x3       x14=00000008 x14:00000001
20451650ns          346158 1c008d34 0ff57513 andi             x10, x10, 255       x10=0000003a x10:0000003a
20451670ns          346159 1c008d38 ee873733 p.bclr           x14, x14, 23, 8     x14=00000008 x14:00000008
20451690ns          346160 1c008d3c 00d787b3 add              x15, x15, x13       x15=1a10f000 x15:00000000 x13:1a10f000
20451711ns          346161 1c008d3e 00a767a3 p.sw             x10, x0(x14)        x10:0000003a x14:00000008  PA:1a10f008
20452034ns          346177 1c008d42 00000513 addi             x10, x0, 0          x10=00000000
20452055ns          346178 1c008d44 00008067 jalr             x0, x1, 0            x1:1c008de0
20452095ns          346180 1c008de0 15f52063 p.beqimm         x10, 320            x10:00000000
20452115ns          346181 1c008de4 001a8a93 addi             x21, x21, 1         x21=0000000d x21:0000000c
20452136ns          346182 1c008de6 00800d33 add              x26, x0, x8         x26=1c0009bb  x8:1c0009bb
20452156ns          346183 1c008de8 000d4503 lbu              x10, 0(x26)         x10=00000020 x26:1c0009bb  PA:1c0009bb
20452480ns          346199 1c008dec 001d0413 addi             x8, x26, 1           x8=1c0009bc x26:1c0009bb
20452500ns          346200 1c008df0 0c050b63 beq              x10, x0, 214        x10:00000020
20452520ns          346201 1c008df2 02500793 addi             x15, x0, 37         x15=00000025
20452540ns          346202 1c008df6 fef513e3 bne              x10, x15, -26       x10:00000020 x15:00000025
20452601ns          346205 1c008ddc 017005b3 add              x11, x0, x23        x11=00000002 x23:00000002
20452621ns          346206 1c008dde 000980e7 jalr             x1, x19, 0           x1=1c008de0 x19:1c008d20
20452662ns          346208 1c008d20 f14027f3 csrrs            x15, x0, 0xf14      x15=00000001
20452682ns          346209 1c008d24 1a10f6b7 lui              x13, 0x1a10f000     x13=1a10f000
20452702ns          346210 1c008d28 ca5797b3 p.extractu       x15, x15, 5, 5      x15=00000000 x15:00000001
20452723ns          346211 1c008d2c f1402773 csrrs            x14, x0, 0xf14      x14=00000001
20452743ns          346212 1c008d30 00779793 slli             x15, x15, 0x7       x15=00000000 x15:00000000
20452763ns          346213 1c008d32 00371713 slli             x14, x14, 0x3       x14=00000008 x14:00000001
20452783ns          346214 1c008d34 0ff57513 andi             x10, x10, 255       x10=00000020 x10:00000020
20452804ns          346215 1c008d38 ee873733 p.bclr           x14, x14, 23, 8     x14=00000008 x14:00000008
20452824ns          346216 1c008d3c 00d787b3 add              x15, x15, x13       x15=1a10f000 x15:00000000 x13:1a10f000
20452844ns          346217 1c008d3e 00a767a3 p.sw             x10, x0(x14)        x10:00000020 x14:00000008  PA:1a10f008
20453168ns          346233 1c008d42 00000513 addi             x10, x0, 0          x10=00000000
20453188ns          346234 1c008d44 00008067 jalr             x0, x1, 0            x1:1c008de0
20453229ns          346236 1c008de0 15f52063 p.beqimm         x10, 320            x10:00000000
20453249ns          346237 1c008de4 001a8a93 addi             x21, x21, 1         x21=0000000e x21:0000000d
20453269ns          346238 1c008de6 00800d33 add              x26, x0, x8         x26=1c0009bc  x8:1c0009bc
20453289ns          346239 1c008de8 000d4503 lbu              x10, 0(x26)         x10=00000054 x26:1c0009bc  PA:1c0009bc
20453613ns          346255 1c008dec 001d0413 addi             x8, x26, 1           x8=1c0009bd x26:1c0009bc
20453633ns          346256 1c008df0 0c050b63 beq              x10, x0, 214        x10:00000054
20453654ns          346257 1c008df2 02500793 addi             x15, x0, 37         x15=00000025
20453674ns          346258 1c008df6 fef513e3 bne              x10, x15, -26       x10:00000054 x15:00000025
20453735ns          346261 1c008ddc 017005b3 add              x11, x0, x23        x11=00000002 x23:00000002
20453755ns          346262 1c008dde 000980e7 jalr             x1, x19, 0           x1=1c008de0 x19:1c008d20
20453795ns          346264 1c008d20 f14027f3 csrrs            x15, x0, 0xf14      x15=00000001
20453816ns          346265 1c008d24 1a10f6b7 lui              x13, 0x1a10f000     x13=1a10f000
20453836ns          346266 1c008d28 ca5797b3 p.extractu       x15, x15, 5, 5      x15=00000000 x15:00000001
20453856ns          346267 1c008d2c f1402773 csrrs            x14, x0, 0xf14      x14=00000001
20453876ns          346268 1c008d30 00779793 slli             x15, x15, 0x7       x15=00000000 x15:00000000
20453896ns          346269 1c008d32 00371713 slli             x14, x14, 0x3       x14=00000008 x14:00000001
20453917ns          346270 1c008d34 0ff57513 andi             x10, x10, 255       x10=00000054 x10:00000054
20453937ns          346271 1c008d38 ee873733 p.bclr           x14, x14, 23, 8     x14=00000008 x14:00000008
20453957ns          346272 1c008d3c 00d787b3 add              x15, x15, x13       x15=1a10f000 x15:00000000 x13:1a10f000
20453977ns          346273 1c008d3e 00a767a3 p.sw             x10, x0(x14)        x10:00000054 x14:00000008  PA:1a10f008
20454322ns          346290 1c008d42 00000513 addi             x10, x0, 0          x10=00000000
20454342ns          346291 1c008d44 00008067 jalr             x0, x1, 0            x1:1c008de0
20454382ns          346293 1c008de0 15f52063 p.beqimm         x10, 320            x10:00000000
20454402ns          346294 1c008de4 001a8a93 addi             x21, x21, 1         x21=0000000f x21:0000000e
20454423ns          346295 1c008de6 00800d33 add              x26, x0, x8         x26=1c0009bd  x8:1c0009bd
20454443ns          346296 1c008de8 000d4503 lbu              x10, 0(x26)         x10=0000006f x26:1c0009bd  PA:1c0009bd
20454747ns          346311 1c008dec 001d0413 addi             x8, x26, 1           x8=1c0009be x26:1c0009bd
20454767ns          346312 1c008df0 0c050b63 beq              x10, x0, 214        x10:0000006f
20454787ns          346313 1c008df2 02500793 addi             x15, x0, 37         x15=00000025
20454807ns          346314 1c008df6 fef513e3 bne              x10, x15, -26       x10:0000006f x15:00000025
20454868ns          346317 1c008ddc 017005b3 add              x11, x0, x23        x11=00000002 x23:00000002
20454888ns          346318 1c008dde 000980e7 jalr             x1, x19, 0           x1=1c008de0 x19:1c008d20
20454929ns          346320 1c008d20 f14027f3 csrrs            x15, x0, 0xf14      x15=00000001
20454949ns          346321 1c008d24 1a10f6b7 lui              x13, 0x1a10f000     x13=1a10f000
20454969ns          346322 1c008d28 ca5797b3 p.extractu       x15, x15, 5, 5      x15=00000000 x15:00000001
20454989ns          346323 1c008d2c f1402773 csrrs            x14, x0, 0xf14      x14=00000001
20455010ns          346324 1c008d30 00779793 slli             x15, x15, 0x7       x15=00000000 x15:00000000
20455030ns          346325 1c008d32 00371713 slli             x14, x14, 0x3       x14=00000008 x14:00000001
20455050ns          346326 1c008d34 0ff57513 andi             x10, x10, 255       x10=0000006f x10:0000006f
20455070ns          346327 1c008d38 ee873733 p.bclr           x14, x14, 23, 8     x14=00000008 x14:00000008
20455091ns          346328 1c008d3c 00d787b3 add              x15, x15, x13       x15=1a10f000 x15:00000000 x13:1a10f000
20455111ns          346329 1c008d3e 00a767a3 p.sw             x10, x0(x14)        x10:0000006f x14:00000008  PA:1a10f008
20455455ns          346346 1c008d42 00000513 addi             x10, x0, 0          x10=00000000
20455475ns          346347 1c008d44 00008067 jalr             x0, x1, 0            x1:1c008de0
20455516ns          346349 1c008de0 15f52063 p.beqimm         x10, 320            x10:00000000
20455536ns          346350 1c008de4 001a8a93 addi             x21, x21, 1         x21=00000010 x21:0000000f
20455556ns          346351 1c008de6 00800d33 add              x26, x0, x8         x26=1c0009be  x8:1c0009be
20455576ns          346352 1c008de8 000d4503 lbu              x10, 0(x26)         x10=00000074 x26:1c0009be  PA:1c0009be
20455880ns          346367 1c008dec 001d0413 addi             x8, x26, 1           x8=1c0009bf x26:1c0009be
20455900ns          346368 1c008df0 0c050b63 beq              x10, x0, 214        x10:00000074
20455920ns          346369 1c008df2 02500793 addi             x15, x0, 37         x15=00000025
20455941ns          346370 1c008df6 fef513e3 bne              x10, x15, -26       x10:00000074 x15:00000025
20456001ns          346373 1c008ddc 017005b3 add              x11, x0, x23        x11=00000002 x23:00000002
20456022ns          346374 1c008dde 000980e7 jalr             x1, x19, 0           x1=1c008de0 x19:1c008d20
20456062ns          346376 1c008d20 f14027f3 csrrs            x15, x0, 0xf14      x15=00000001
20456082ns          346377 1c008d24 1a10f6b7 lui              x13, 0x1a10f000     x13=1a10f000
20456103ns          346378 1c008d28 ca5797b3 p.extractu       x15, x15, 5, 5      x15=00000000 x15:00000001
20456123ns          346379 1c008d2c f1402773 csrrs            x14, x0, 0xf14      x14=00000001
20456143ns          346380 1c008d30 00779793 slli             x15, x15, 0x7       x15=00000000 x15:00000000
20456163ns          346381 1c008d32 00371713 slli             x14, x14, 0x3       x14=00000008 x14:00000001
20456184ns          346382 1c008d34 0ff57513 andi             x10, x10, 255       x10=00000074 x10:00000074
20456204ns          346383 1c008d38 ee873733 p.bclr           x14, x14, 23, 8     x14=00000008 x14:00000008
20456224ns          346384 1c008d3c 00d787b3 add              x15, x15, x13       x15=1a10f000 x15:00000000 x13:1a10f000
20456244ns          346385 1c008d3e 00a767a3 p.sw             x10, x0(x14)        x10:00000074 x14:00000008  PA:1a10f008
20456588ns          346402 1c008d42 00000513 addi             x10, x0, 0          x10=00000000
20456609ns          346403 1c008d44 00008067 jalr             x0, x1, 0            x1:1c008de0
20456649ns          346405 1c008de0 15f52063 p.beqimm         x10, 320            x10:00000000
20456669ns          346406 1c008de4 001a8a93 addi             x21, x21, 1         x21=00000011 x21:00000010
20456690ns          346407 1c008de6 00800d33 add              x26, x0, x8         x26=1c0009bf  x8:1c0009bf
20456710ns          346408 1c008de8 000d4503 lbu              x10, 0(x26)         x10=00000061 x26:1c0009bf  PA:1c0009bf
20457013ns          346423 1c008dec 001d0413 addi             x8, x26, 1           x8=1c0009c0 x26:1c0009bf
20457034ns          346424 1c008df0 0c050b63 beq              x10, x0, 214        x10:00000061
20457054ns          346425 1c008df2 02500793 addi             x15, x0, 37         x15=00000025
20457074ns          346426 1c008df6 fef513e3 bne              x10, x15, -26       x10:00000061 x15:00000025
20457135ns          346429 1c008ddc 017005b3 add              x11, x0, x23        x11=00000002 x23:00000002
20457155ns          346430 1c008dde 000980e7 jalr             x1, x19, 0           x1=1c008de0 x19:1c008d20
20457196ns          346432 1c008d20 f14027f3 csrrs            x15, x0, 0xf14      x15=00000001
20457216ns          346433 1c008d24 1a10f6b7 lui              x13, 0x1a10f000     x13=1a10f000
20457236ns          346434 1c008d28 ca5797b3 p.extractu       x15, x15, 5, 5      x15=00000000 x15:00000001
20457256ns          346435 1c008d2c f1402773 csrrs            x14, x0, 0xf14      x14=00000001
20457277ns          346436 1c008d30 00779793 slli             x15, x15, 0x7       x15=00000000 x15:00000000
20457297ns          346437 1c008d32 00371713 slli             x14, x14, 0x3       x14=00000008 x14:00000001
20457317ns          346438 1c008d34 0ff57513 andi             x10, x10, 255       x10=00000061 x10:00000061
20457337ns          346439 1c008d38 ee873733 p.bclr           x14, x14, 23, 8     x14=00000008 x14:00000008
20457358ns          346440 1c008d3c 00d787b3 add              x15, x15, x13       x15=1a10f000 x15:00000000 x13:1a10f000
20457378ns          346441 1c008d3e 00a767a3 p.sw             x10, x0(x14)        x10:00000061 x14:00000008  PA:1a10f008
20457722ns          346458 1c008d42 00000513 addi             x10, x0, 0          x10=00000000
20457742ns          346459 1c008d44 00008067 jalr             x0, x1, 0            x1:1c008de0
20457783ns          346461 1c008de0 15f52063 p.beqimm         x10, 320            x10:00000000
20457803ns          346462 1c008de4 001a8a93 addi             x21, x21, 1         x21=00000012 x21:00000011
20457823ns          346463 1c008de6 00800d33 add              x26, x0, x8         x26=1c0009c0  x8:1c0009c0
20457843ns          346464 1c008de8 000d4503 lbu              x10, 0(x26)         x10=0000006c x26:1c0009c0  PA:1c0009c0
20458147ns          346479 1c008dec 001d0413 addi             x8, x26, 1           x8=1c0009c1 x26:1c0009c0
20458167ns          346480 1c008df0 0c050b63 beq              x10, x0, 214        x10:0000006c
20458187ns          346481 1c008df2 02500793 addi             x15, x0, 37         x15=00000025
20458208ns          346482 1c008df6 fef513e3 bne              x10, x15, -26       x10:0000006c x15:00000025
20458268ns          346485 1c008ddc 017005b3 add              x11, x0, x23        x11=00000002 x23:00000002
20458289ns          346486 1c008dde 000980e7 jalr             x1, x19, 0           x1=1c008de0 x19:1c008d20
20458329ns          346488 1c008d20 f14027f3 csrrs            x15, x0, 0xf14      x15=00000001
20458349ns          346489 1c008d24 1a10f6b7 lui              x13, 0x1a10f000     x13=1a10f000
20458370ns          346490 1c008d28 ca5797b3 p.extractu       x15, x15, 5, 5      x15=00000000 x15:00000001
20458390ns          346491 1c008d2c f1402773 csrrs            x14, x0, 0xf14      x14=00000001
20458410ns          346492 1c008d30 00779793 slli             x15, x15, 0x7       x15=00000000 x15:00000000
20458430ns          346493 1c008d32 00371713 slli             x14, x14, 0x3       x14=00000008 x14:00000001
20458450ns          346494 1c008d34 0ff57513 andi             x10, x10, 255       x10=0000006c x10:0000006c
20458471ns          346495 1c008d38 ee873733 p.bclr           x14, x14, 23, 8     x14=00000008 x14:00000008
20458491ns          346496 1c008d3c 00d787b3 add              x15, x15, x13       x15=1a10f000 x15:00000000 x13:1a10f000
20458511ns          346497 1c008d3e 00a767a3 p.sw             x10, x0(x14)        x10:0000006c x14:00000008  PA:1a10f008
20458855ns          346514 1c008d42 00000513 addi             x10, x0, 0          x10=00000000
20458876ns          346515 1c008d44 00008067 jalr             x0, x1, 0            x1:1c008de0
20458916ns          346517 1c008de0 15f52063 p.beqimm         x10, 320            x10:00000000
20458936ns          346518 1c008de4 001a8a93 addi             x21, x21, 1         x21=00000013 x21:00000012
20458956ns          346519 1c008de6 00800d33 add              x26, x0, x8         x26=1c0009c1  x8:1c0009c1
20458977ns          346520 1c008de8 000d4503 lbu              x10, 0(x26)         x10=00000020 x26:1c0009c1  PA:1c0009c1
20459280ns          346535 1c008dec 001d0413 addi             x8, x26, 1           x8=1c0009c2 x26:1c0009c1
20459301ns          346536 1c008df0 0c050b63 beq              x10, x0, 214        x10:00000020
20459321ns          346537 1c008df2 02500793 addi             x15, x0, 37         x15=00000025
20459341ns          346538 1c008df6 fef513e3 bne              x10, x15, -26       x10:00000020 x15:00000025
20459402ns          346541 1c008ddc 017005b3 add              x11, x0, x23        x11=00000002 x23:00000002
20459422ns          346542 1c008dde 000980e7 jalr             x1, x19, 0           x1=1c008de0 x19:1c008d20
20459462ns          346544 1c008d20 f14027f3 csrrs            x15, x0, 0xf14      x15=00000001
20459483ns          346545 1c008d24 1a10f6b7 lui              x13, 0x1a10f000     x13=1a10f000
20459503ns          346546 1c008d28 ca5797b3 p.extractu       x15, x15, 5, 5      x15=00000000 x15:00000001
20459523ns          346547 1c008d2c f1402773 csrrs            x14, x0, 0xf14      x14=00000001
20459543ns          346548 1c008d30 00779793 slli             x15, x15, 0x7       x15=00000000 x15:00000000
20459564ns          346549 1c008d32 00371713 slli             x14, x14, 0x3       x14=00000008 x14:00000001
20459584ns          346550 1c008d34 0ff57513 andi             x10, x10, 255       x10=00000020 x10:00000020
20459604ns          346551 1c008d38 ee873733 p.bclr           x14, x14, 23, 8     x14=00000008 x14:00000008
20459624ns          346552 1c008d3c 00d787b3 add              x15, x15, x13       x15=1a10f000 x15:00000000 x13:1a10f000
20459645ns          346553 1c008d3e 00a767a3 p.sw             x10, x0(x14)        x10:00000020 x14:00000008  PA:1a10f008
20459989ns          346570 1c008d42 00000513 addi             x10, x0, 0          x10=00000000
20460009ns          346571 1c008d44 00008067 jalr             x0, x1, 0            x1:1c008de0
20460049ns          346573 1c008de0 15f52063 p.beqimm         x10, 320            x10:00000000
20460070ns          346574 1c008de4 001a8a93 addi             x21, x21, 1         x21=00000014 x21:00000013
20460090ns          346575 1c008de6 00800d33 add              x26, x0, x8         x26=1c0009c2  x8:1c0009c2
20460110ns          346576 1c008de8 000d4503 lbu              x10, 0(x26)         x10=00000065 x26:1c0009c2  PA:1c0009c2
20460414ns          346591 1c008dec 001d0413 addi             x8, x26, 1           x8=1c0009c3 x26:1c0009c2
20460434ns          346592 1c008df0 0c050b63 beq              x10, x0, 214        x10:00000065
20460454ns          346593 1c008df2 02500793 addi             x15, x0, 37         x15=00000025
20460474ns          346594 1c008df6 fef513e3 bne              x10, x15, -26       x10:00000065 x15:00000025
20460535ns          346597 1c008ddc 017005b3 add              x11, x0, x23        x11=00000002 x23:00000002
20460555ns          346598 1c008dde 000980e7 jalr             x1, x19, 0           x1=1c008de0 x19:1c008d20
20460596ns          346600 1c008d20 f14027f3 csrrs            x15, x0, 0xf14      x15=00000001
20460616ns          346601 1c008d24 1a10f6b7 lui              x13, 0x1a10f000     x13=1a10f000
20460636ns          346602 1c008d28 ca5797b3 p.extractu       x15, x15, 5, 5      x15=00000000 x15:00000001
20460657ns          346603 1c008d2c f1402773 csrrs            x14, x0, 0xf14      x14=00000001
20460677ns          346604 1c008d30 00779793 slli             x15, x15, 0x7       x15=00000000 x15:00000000
20460697ns          346605 1c008d32 00371713 slli             x14, x14, 0x3       x14=00000008 x14:00000001
20460717ns          346606 1c008d34 0ff57513 andi             x10, x10, 255       x10=00000065 x10:00000065
20460738ns          346607 1c008d38 ee873733 p.bclr           x14, x14, 23, 8     x14=00000008 x14:00000008
20460758ns          346608 1c008d3c 00d787b3 add              x15, x15, x13       x15=1a10f000 x15:00000000 x13:1a10f000
20460778ns          346609 1c008d3e 00a767a3 p.sw             x10, x0(x14)        x10:00000065 x14:00000008  PA:1a10f008
20461122ns          346626 1c008d42 00000513 addi             x10, x0, 0          x10=00000000
20461142ns          346627 1c008d44 00008067 jalr             x0, x1, 0            x1:1c008de0
20461183ns          346629 1c008de0 15f52063 p.beqimm         x10, 320            x10:00000000
20461203ns          346630 1c008de4 001a8a93 addi             x21, x21, 1         x21=00000015 x21:00000014
20461223ns          346631 1c008de6 00800d33 add              x26, x0, x8         x26=1c0009c3  x8:1c0009c3
20461244ns          346632 1c008de8 000d4503 lbu              x10, 0(x26)         x10=00000072 x26:1c0009c3  PA:1c0009c3
20461547ns          346647 1c008dec 001d0413 addi             x8, x26, 1           x8=1c0009c4 x26:1c0009c3
20461567ns          346648 1c008df0 0c050b63 beq              x10, x0, 214        x10:00000072
20461588ns          346649 1c008df2 02500793 addi             x15, x0, 37         x15=00000025
20461608ns          346650 1c008df6 fef513e3 bne              x10, x15, -26       x10:00000072 x15:00000025
20461669ns          346653 1c008ddc 017005b3 add              x11, x0, x23        x11=00000002 x23:00000002
20461689ns          346654 1c008dde 000980e7 jalr             x1, x19, 0           x1=1c008de0 x19:1c008d20
20461729ns          346656 1c008d20 f14027f3 csrrs            x15, x0, 0xf14      x15=00000001
20461750ns          346657 1c008d24 1a10f6b7 lui              x13, 0x1a10f000     x13=1a10f000
20461770ns          346658 1c008d28 ca5797b3 p.extractu       x15, x15, 5, 5      x15=00000000 x15:00000001
20461790ns          346659 1c008d2c f1402773 csrrs            x14, x0, 0xf14      x14=00000001
20461810ns          346660 1c008d30 00779793 slli             x15, x15, 0x7       x15=00000000 x15:00000000
20461831ns          346661 1c008d32 00371713 slli             x14, x14, 0x3       x14=00000008 x14:00000001
20461851ns          346662 1c008d34 0ff57513 andi             x10, x10, 255       x10=00000072 x10:00000072
20461871ns          346663 1c008d38 ee873733 p.bclr           x14, x14, 23, 8     x14=00000008 x14:00000008
20461891ns          346664 1c008d3c 00d787b3 add              x15, x15, x13       x15=1a10f000 x15:00000000 x13:1a10f000
20461912ns          346665 1c008d3e 00a767a3 p.sw             x10, x0(x14)        x10:00000072 x14:00000008  PA:1a10f008
20462256ns          346682 1c008d42 00000513 addi             x10, x0, 0          x10=00000000
20462276ns          346683 1c008d44 00008067 jalr             x0, x1, 0            x1:1c008de0
20462316ns          346685 1c008de0 15f52063 p.beqimm         x10, 320            x10:00000000
20462337ns          346686 1c008de4 001a8a93 addi             x21, x21, 1         x21=00000016 x21:00000015
20462357ns          346687 1c008de6 00800d33 add              x26, x0, x8         x26=1c0009c4  x8:1c0009c4
20462377ns          346688 1c008de8 000d4503 lbu              x10, 0(x26)         x10=00000072 x26:1c0009c4  PA:1c0009c4
20462681ns          346703 1c008dec 001d0413 addi             x8, x26, 1           x8=1c0009c5 x26:1c0009c4
20462701ns          346704 1c008df0 0c050b63 beq              x10, x0, 214        x10:00000072
20462721ns          346705 1c008df2 02500793 addi             x15, x0, 37         x15=00000025
20462741ns          346706 1c008df6 fef513e3 bne              x10, x15, -26       x10:00000072 x15:00000025
20462802ns          346709 1c008ddc 017005b3 add              x11, x0, x23        x11=00000002 x23:00000002
20462822ns          346710 1c008dde 000980e7 jalr             x1, x19, 0           x1=1c008de0 x19:1c008d20
20462863ns          346712 1c008d20 f14027f3 csrrs            x15, x0, 0xf14      x15=00000001
20462883ns          346713 1c008d24 1a10f6b7 lui              x13, 0x1a10f000     x13=1a10f000
20462903ns          346714 1c008d28 ca5797b3 p.extractu       x15, x15, 5, 5      x15=00000000 x15:00000001
20462924ns          346715 1c008d2c f1402773 csrrs            x14, x0, 0xf14      x14=00000001
20462944ns          346716 1c008d30 00779793 slli             x15, x15, 0x7       x15=00000000 x15:00000000
20462964ns          346717 1c008d32 00371713 slli             x14, x14, 0x3       x14=00000008 x14:00000001
20462984ns          346718 1c008d34 0ff57513 andi             x10, x10, 255       x10=00000072 x10:00000072
20463004ns          346719 1c008d38 ee873733 p.bclr           x14, x14, 23, 8     x14=00000008 x14:00000008
20463025ns          346720 1c008d3c 00d787b3 add              x15, x15, x13       x15=1a10f000 x15:00000000 x13:1a10f000
20463045ns          346721 1c008d3e 00a767a3 p.sw             x10, x0(x14)        x10:00000072 x14:00000008  PA:1a10f008
20463389ns          346738 1c008d42 00000513 addi             x10, x0, 0          x10=00000000
20463409ns          346739 1c008d44 00008067 jalr             x0, x1, 0            x1:1c008de0
20463450ns          346741 1c008de0 15f52063 p.beqimm         x10, 320            x10:00000000
20463470ns          346742 1c008de4 001a8a93 addi             x21, x21, 1         x21=00000017 x21:00000016
20463490ns          346743 1c008de6 00800d33 add              x26, x0, x8         x26=1c0009c5  x8:1c0009c5
20463510ns          346744 1c008de8 000d4503 lbu              x10, 0(x26)         x10=0000006f x26:1c0009c5  PA:1c0009c5
20463814ns          346759 1c008dec 001d0413 addi             x8, x26, 1           x8=1c0009c6 x26:1c0009c5
20463834ns          346760 1c008df0 0c050b63 beq              x10, x0, 214        x10:0000006f
20463855ns          346761 1c008df2 02500793 addi             x15, x0, 37         x15=00000025
20463875ns          346762 1c008df6 fef513e3 bne              x10, x15, -26       x10:0000006f x15:00000025
20463936ns          346765 1c008ddc 017005b3 add              x11, x0, x23        x11=00000002 x23:00000002
20463956ns          346766 1c008dde 000980e7 jalr             x1, x19, 0           x1=1c008de0 x19:1c008d20
20463996ns          346768 1c008d20 f14027f3 csrrs            x15, x0, 0xf14      x15=00000001
20464016ns          346769 1c008d24 1a10f6b7 lui              x13, 0x1a10f000     x13=1a10f000
20464037ns          346770 1c008d28 ca5797b3 p.extractu       x15, x15, 5, 5      x15=00000000 x15:00000001
20464057ns          346771 1c008d2c f1402773 csrrs            x14, x0, 0xf14      x14=00000001
20464077ns          346772 1c008d30 00779793 slli             x15, x15, 0x7       x15=00000000 x15:00000000
20464097ns          346773 1c008d32 00371713 slli             x14, x14, 0x3       x14=00000008 x14:00000001
20464118ns          346774 1c008d34 0ff57513 andi             x10, x10, 255       x10=0000006f x10:0000006f
20464138ns          346775 1c008d38 ee873733 p.bclr           x14, x14, 23, 8     x14=00000008 x14:00000008
20464158ns          346776 1c008d3c 00d787b3 add              x15, x15, x13       x15=1a10f000 x15:00000000 x13:1a10f000
20464178ns          346777 1c008d3e 00a767a3 p.sw             x10, x0(x14)        x10:0000006f x14:00000008  PA:1a10f008
20464522ns          346794 1c008d42 00000513 addi             x10, x0, 0          x10=00000000
20464543ns          346795 1c008d44 00008067 jalr             x0, x1, 0            x1:1c008de0
20464583ns          346797 1c008de0 15f52063 p.beqimm         x10, 320            x10:00000000
20464603ns          346798 1c008de4 001a8a93 addi             x21, x21, 1         x21=00000018 x21:00000017
20464624ns          346799 1c008de6 00800d33 add              x26, x0, x8         x26=1c0009c6  x8:1c0009c6
20464644ns          346800 1c008de8 000d4503 lbu              x10, 0(x26)         x10=00000072 x26:1c0009c6  PA:1c0009c6
20464948ns          346815 1c008dec 001d0413 addi             x8, x26, 1           x8=1c0009c7 x26:1c0009c6
20464968ns          346816 1c008df0 0c050b63 beq              x10, x0, 214        x10:00000072
20464988ns          346817 1c008df2 02500793 addi             x15, x0, 37         x15=00000025
20465008ns          346818 1c008df6 fef513e3 bne              x10, x15, -26       x10:00000072 x15:00000025
20465069ns          346821 1c008ddc 017005b3 add              x11, x0, x23        x11=00000002 x23:00000002
20465089ns          346822 1c008dde 000980e7 jalr             x1, x19, 0           x1=1c008de0 x19:1c008d20
20465130ns          346824 1c008d20 f14027f3 csrrs            x15, x0, 0xf14      x15=00000001
20465150ns          346825 1c008d24 1a10f6b7 lui              x13, 0x1a10f000     x13=1a10f000
20465170ns          346826 1c008d28 ca5797b3 p.extractu       x15, x15, 5, 5      x15=00000000 x15:00000001
20465190ns          346827 1c008d2c f1402773 csrrs            x14, x0, 0xf14      x14=00000001
20465211ns          346828 1c008d30 00779793 slli             x15, x15, 0x7       x15=00000000 x15:00000000
20465231ns          346829 1c008d32 00371713 slli             x14, x14, 0x3       x14=00000008 x14:00000001
20465251ns          346830 1c008d34 0ff57513 andi             x10, x10, 255       x10=00000072 x10:00000072
20465271ns          346831 1c008d38 ee873733 p.bclr           x14, x14, 23, 8     x14=00000008 x14:00000008
20465292ns          346832 1c008d3c 00d787b3 add              x15, x15, x13       x15=1a10f000 x15:00000000 x13:1a10f000
20465312ns          346833 1c008d3e 00a767a3 p.sw             x10, x0(x14)        x10:00000072 x14:00000008  PA:1a10f008
20465656ns          346850 1c008d42 00000513 addi             x10, x0, 0          x10=00000000
20465676ns          346851 1c008d44 00008067 jalr             x0, x1, 0            x1:1c008de0
20465717ns          346853 1c008de0 15f52063 p.beqimm         x10, 320            x10:00000000
20465737ns          346854 1c008de4 001a8a93 addi             x21, x21, 1         x21=00000019 x21:00000018
20465757ns          346855 1c008de6 00800d33 add              x26, x0, x8         x26=1c0009c7  x8:1c0009c7
20465777ns          346856 1c008de8 000d4503 lbu              x10, 0(x26)         x10=00000073 x26:1c0009c7  PA:1c0009c7
20466081ns          346871 1c008dec 001d0413 addi             x8, x26, 1           x8=1c0009c8 x26:1c0009c7
20466101ns          346872 1c008df0 0c050b63 beq              x10, x0, 214        x10:00000073
20466121ns          346873 1c008df2 02500793 addi             x15, x0, 37         x15=00000025
20466142ns          346874 1c008df6 fef513e3 bne              x10, x15, -26       x10:00000073 x15:00000025
20466202ns          346877 1c008ddc 017005b3 add              x11, x0, x23        x11=00000002 x23:00000002
20466223ns          346878 1c008dde 000980e7 jalr             x1, x19, 0           x1=1c008de0 x19:1c008d20
20466263ns          346880 1c008d20 f14027f3 csrrs            x15, x0, 0xf14      x15=00000001
20466283ns          346881 1c008d24 1a10f6b7 lui              x13, 0x1a10f000     x13=1a10f000
20466304ns          346882 1c008d28 ca5797b3 p.extractu       x15, x15, 5, 5      x15=00000000 x15:00000001
20466324ns          346883 1c008d2c f1402773 csrrs            x14, x0, 0xf14      x14=00000001
20466344ns          346884 1c008d30 00779793 slli             x15, x15, 0x7       x15=00000000 x15:00000000
20466364ns          346885 1c008d32 00371713 slli             x14, x14, 0x3       x14=00000008 x14:00000001
20466385ns          346886 1c008d34 0ff57513 andi             x10, x10, 255       x10=00000073 x10:00000073
20466405ns          346887 1c008d38 ee873733 p.bclr           x14, x14, 23, 8     x14=00000008 x14:00000008
20466425ns          346888 1c008d3c 00d787b3 add              x15, x15, x13       x15=1a10f000 x15:00000000 x13:1a10f000
20466445ns          346889 1c008d3e 00a767a3 p.sw             x10, x0(x14)        x10:00000073 x14:00000008  PA:1a10f008
20466789ns          346906 1c008d42 00000513 addi             x10, x0, 0          x10=00000000
20466810ns          346907 1c008d44 00008067 jalr             x0, x1, 0            x1:1c008de0
20466850ns          346909 1c008de0 15f52063 p.beqimm         x10, 320            x10:00000000
20466870ns          346910 1c008de4 001a8a93 addi             x21, x21, 1         x21=0000001a x21:00000019
20466891ns          346911 1c008de6 00800d33 add              x26, x0, x8         x26=1c0009c8  x8:1c0009c8
20466911ns          346912 1c008de8 000d4503 lbu              x10, 0(x26)         x10=00000020 x26:1c0009c8  PA:1c0009c8
20467214ns          346927 1c008dec 001d0413 addi             x8, x26, 1           x8=1c0009c9 x26:1c0009c8
20467235ns          346928 1c008df0 0c050b63 beq              x10, x0, 214        x10:00000020
20467255ns          346929 1c008df2 02500793 addi             x15, x0, 37         x15=00000025
20467275ns          346930 1c008df6 fef513e3 bne              x10, x15, -26       x10:00000020 x15:00000025
20467336ns          346933 1c008ddc 017005b3 add              x11, x0, x23        x11=00000002 x23:00000002
20467356ns          346934 1c008dde 000980e7 jalr             x1, x19, 0           x1=1c008de0 x19:1c008d20
20467397ns          346936 1c008d20 f14027f3 csrrs            x15, x0, 0xf14      x15=00000001
20467417ns          346937 1c008d24 1a10f6b7 lui              x13, 0x1a10f000     x13=1a10f000
20467437ns          346938 1c008d28 ca5797b3 p.extractu       x15, x15, 5, 5      x15=00000000 x15:00000001
20467457ns          346939 1c008d2c f1402773 csrrs            x14, x0, 0xf14      x14=00000001
20467478ns          346940 1c008d30 00779793 slli             x15, x15, 0x7       x15=00000000 x15:00000000
20467498ns          346941 1c008d32 00371713 slli             x14, x14, 0x3       x14=00000008 x14:00000001
20467518ns          346942 1c008d34 0ff57513 andi             x10, x10, 255       x10=00000020 x10:00000020
20467538ns          346943 1c008d38 ee873733 p.bclr           x14, x14, 23, 8     x14=00000008 x14:00000008
20467558ns          346944 1c008d3c 00d787b3 add              x15, x15, x13       x15=1a10f000 x15:00000000 x13:1a10f000
20467579ns          346945 1c008d3e 00a767a3 p.sw             x10, x0(x14)        x10:00000020 x14:00000008  PA:1a10f008
20467923ns          346962 1c008d42 00000513 addi             x10, x0, 0          x10=00000000
20467943ns          346963 1c008d44 00008067 jalr             x0, x1, 0            x1:1c008de0
20467984ns          346965 1c008de0 15f52063 p.beqimm         x10, 320            x10:00000000
20468004ns          346966 1c008de4 001a8a93 addi             x21, x21, 1         x21=0000001b x21:0000001a
20468024ns          346967 1c008de6 00800d33 add              x26, x0, x8         x26=1c0009c9  x8:1c0009c9
20468044ns          346968 1c008de8 000d4503 lbu              x10, 0(x26)         x10=0000003d x26:1c0009c9  PA:1c0009c9
20468348ns          346983 1c008dec 001d0413 addi             x8, x26, 1           x8=1c0009ca x26:1c0009c9
20468368ns          346984 1c008df0 0c050b63 beq              x10, x0, 214        x10:0000003d
20468388ns          346985 1c008df2 02500793 addi             x15, x0, 37         x15=00000025
20468409ns          346986 1c008df6 fef513e3 bne              x10, x15, -26       x10:0000003d x15:00000025
20468469ns          346989 1c008ddc 017005b3 add              x11, x0, x23        x11=00000002 x23:00000002
20468490ns          346990 1c008dde 000980e7 jalr             x1, x19, 0           x1=1c008de0 x19:1c008d20
20468530ns          346992 1c008d20 f14027f3 csrrs            x15, x0, 0xf14      x15=00000001
20468550ns          346993 1c008d24 1a10f6b7 lui              x13, 0x1a10f000     x13=1a10f000
20468570ns          346994 1c008d28 ca5797b3 p.extractu       x15, x15, 5, 5      x15=00000000 x15:00000001
20468591ns          346995 1c008d2c f1402773 csrrs            x14, x0, 0xf14      x14=00000001
20468611ns          346996 1c008d30 00779793 slli             x15, x15, 0x7       x15=00000000 x15:00000000
20468631ns          346997 1c008d32 00371713 slli             x14, x14, 0x3       x14=00000008 x14:00000001
20468651ns          346998 1c008d34 0ff57513 andi             x10, x10, 255       x10=0000003d x10:0000003d
20468672ns          346999 1c008d38 ee873733 p.bclr           x14, x14, 23, 8     x14=00000008 x14:00000008
20468692ns          347000 1c008d3c 00d787b3 add              x15, x15, x13       x15=1a10f000 x15:00000000 x13:1a10f000
20468712ns          347001 1c008d3e 00a767a3 p.sw             x10, x0(x14)        x10:0000003d x14:00000008  PA:1a10f008
20469056ns          347018 1c008d42 00000513 addi             x10, x0, 0          x10=00000000
20469076ns          347019 1c008d44 00008067 jalr             x0, x1, 0            x1:1c008de0
20469117ns          347021 1c008de0 15f52063 p.beqimm         x10, 320            x10:00000000
20469137ns          347022 1c008de4 001a8a93 addi             x21, x21, 1         x21=0000001c x21:0000001b
20469157ns          347023 1c008de6 00800d33 add              x26, x0, x8         x26=1c0009ca  x8:1c0009ca
20469178ns          347024 1c008de8 000d4503 lbu              x10, 0(x26)         x10=00000020 x26:1c0009ca  PA:1c0009ca
20469481ns          347039 1c008dec 001d0413 addi             x8, x26, 1           x8=1c0009cb x26:1c0009ca
20469502ns          347040 1c008df0 0c050b63 beq              x10, x0, 214        x10:00000020
20469522ns          347041 1c008df2 02500793 addi             x15, x0, 37         x15=00000025
20469542ns          347042 1c008df6 fef513e3 bne              x10, x15, -26       x10:00000020 x15:00000025
20469603ns          347045 1c008ddc 017005b3 add              x11, x0, x23        x11=00000002 x23:00000002
20469623ns          347046 1c008dde 000980e7 jalr             x1, x19, 0           x1=1c008de0 x19:1c008d20
20469663ns          347048 1c008d20 f14027f3 csrrs            x15, x0, 0xf14      x15=00000001
20469684ns          347049 1c008d24 1a10f6b7 lui              x13, 0x1a10f000     x13=1a10f000
20469704ns          347050 1c008d28 ca5797b3 p.extractu       x15, x15, 5, 5      x15=00000000 x15:00000001
20469724ns          347051 1c008d2c f1402773 csrrs            x14, x0, 0xf14      x14=00000001
20469744ns          347052 1c008d30 00779793 slli             x15, x15, 0x7       x15=00000000 x15:00000000
20469765ns          347053 1c008d32 00371713 slli             x14, x14, 0x3       x14=00000008 x14:00000001
20469785ns          347054 1c008d34 0ff57513 andi             x10, x10, 255       x10=00000020 x10:00000020
20469805ns          347055 1c008d38 ee873733 p.bclr           x14, x14, 23, 8     x14=00000008 x14:00000008
20469825ns          347056 1c008d3c 00d787b3 add              x15, x15, x13       x15=1a10f000 x15:00000000 x13:1a10f000
20469846ns          347057 1c008d3e 00a767a3 p.sw             x10, x0(x14)        x10:00000020 x14:00000008  PA:1a10f008
20470169ns          347073 1c008d42 00000513 addi             x10, x0, 0          x10=00000000
20470190ns          347074 1c008d44 00008067 jalr             x0, x1, 0            x1:1c008de0
20470230ns          347076 1c008de0 15f52063 p.beqimm         x10, 320            x10:00000000
20470250ns          347077 1c008de4 001a8a93 addi             x21, x21, 1         x21=0000001d x21:0000001c
20470271ns          347078 1c008de6 00800d33 add              x26, x0, x8         x26=1c0009cb  x8:1c0009cb
20470291ns          347079 1c008de8 000d4503 lbu              x10, 0(x26)         x10=00000025 x26:1c0009cb  PA:1c0009cb
20470594ns          347094 1c008dec 001d0413 addi             x8, x26, 1           x8=1c0009cc x26:1c0009cb
20470615ns          347095 1c008df0 0c050b63 beq              x10, x0, 214        x10:00000025
20470635ns          347096 1c008df2 02500793 addi             x15, x0, 37         x15=00000025
20470655ns          347097 1c008df6 fef513e3 bne              x10, x15, -26       x10:00000025 x15:00000025
20470675ns          347098 1c008dfa 00012a23 sw               x0, 20(x2)           x2:10000b68  PA:10000b7c
20470696ns          347099 1c008dfc 00012823 sw               x0, 16(x2)           x2:10000b68  PA:10000b78
20470716ns          347100 1c008dfe 00012623 sw               x0, 12(x2)           x2:10000b68  PA:10000b74
20470736ns          347101 1c008e00 00012423 sw               x0, 8(x2)            x2:10000b68  PA:10000b70
20470756ns          347102 1c008e02 00012223 sw               x0, 4(x2)            x2:10000b68  PA:10000b6c
20470777ns          347103 1c008e04 02300493 addi             x9, x0, 35           x9=00000023
20470797ns          347104 1c008e08 02d00b13 addi             x22, x0, 45         x22=0000002d
20470817ns          347105 1c008e0c 00044c83 lbu              x25, 0(x8)          x25=00000064  x8:1c0009cc  PA:1c0009cc
20471121ns          347120 1c008e10 00140913 addi             x18, x8, 1          x18=1c0009cd  x8:1c0009cc
20471141ns          347121 1c008e14 019005b3 add              x11, x0, x25        x11=00000064 x25:00000064
20471161ns          347122 1c008e16 9d0c0513 addi             x10, x24, -1584     x10=1c0009d0 x24:1c001000
20471181ns          347123 1c008e1a 01200d33 add              x26, x0, x18        x26=1c0009cd x18:1c0009cd
20471202ns          347124 1c008e1c 01900db3 add              x27, x0, x25        x27=00000064 x25:00000064
20471222ns          347125 1c008e1e e89ff0ef jal              x1, -376             x1=1c008e20
20471343ns          347131 1c008ca6 00054783 lbu              x15, 0(x10)         x15=0000002d x10:1c0009d0  PA:1c0009d0
20471647ns          347146 1c008caa 0ff5f593 andi             x11, x11, 255       x11=00000064 x11:00000064
20471667ns          347147 1c008cae 00b78c63 beq              x15, x11, 24        x15:0000002d x11:00000064
20471687ns          347148 1c008cb2 00078b63 beq              x15, x0, 22         x15:0000002d
20471708ns          347149 1c008cb4 00150793 addi             x15, x10, 1         x15=1c0009d1 x10:1c0009d0
20471728ns          347150 1c008cb8 0040006f jal              x0, 4              
20471829ns          347155 1c008cbc 00f00533 add              x10, x0, x15        x10=1c0009d1 x15:1c0009d1
20471849ns          347156 1c008cbe 0017c70b p.lbu            x14, 1(x15!)        x14=0000002b x15=1c0009d2 x15:1c0009d1  PA:1c0009d1
20472193ns          347173 1c008cc2 feb71ce3 bne              x14, x11, -8        x14:0000002b x11:00000064
20472254ns          347176 1c008cba 00070763 beq              x14, x0, 14         x14:0000002b
20472274ns          347177 1c008cbc 00f00533 add              x10, x0, x15        x10=1c0009d2 x15:1c0009d2
20472295ns          347178 1c008cbe 0017c70b p.lbu            x14, 1(x15!)        x14=00000020 x15=1c0009d3 x15:1c0009d2  PA:1c0009d2
20472618ns          347194 1c008cc2 feb71ce3 bne              x14, x11, -8        x14:00000020 x11:00000064
20472679ns          347197 1c008cba 00070763 beq              x14, x0, 14         x14:00000020
20472699ns          347198 1c008cbc 00f00533 add              x10, x0, x15        x10=1c0009d3 x15:1c0009d3
20472720ns          347199 1c008cbe 0017c70b p.lbu            x14, 1(x15!)        x14=00000023 x15=1c0009d4 x15:1c0009d3  PA:1c0009d3
20473044ns          347215 1c008cc2 feb71ce3 bne              x14, x11, -8        x14:00000023 x11:00000064
20473104ns          347218 1c008cba 00070763 beq              x14, x0, 14         x14:00000023
20473124ns          347219 1c008cbc 00f00533 add              x10, x0, x15        x10=1c0009d4 x15:1c0009d4
20473145ns          347220 1c008cbe 0017c70b p.lbu            x14, 1(x15!)        x14=00000030 x15=1c0009d5 x15:1c0009d4  PA:1c0009d4
20473469ns          347236 1c008cc2 feb71ce3 bne              x14, x11, -8        x14:00000030 x11:00000064
20473529ns          347239 1c008cba 00070763 beq              x14, x0, 14         x14:00000030
20473550ns          347240 1c008cbc 00f00533 add              x10, x0, x15        x10=1c0009d5 x15:1c0009d5
20473570ns          347241 1c008cbe 0017c70b p.lbu            x14, 1(x15!)        x14=00000000 x15=1c0009d6 x15:1c0009d5  PA:1c0009d5
20473894ns          347257 1c008cc2 feb71ce3 bne              x14, x11, -8        x14:00000000 x11:00000064
20473954ns          347260 1c008cba 00070763 beq              x14, x0, 14         x14:00000000
20474015ns          347263 1c008cc8 0015b593 sltiu            x11, x11, 1         x11=00000000 x11:00000064
20474035ns          347264 1c008ccc 40b005b3 sub              x11, x0, x11        x11=00000000 x11:00000000
20474056ns          347265 1c008cd0 00b57533 and              x10, x10, x11       x10=00000000 x10:1c0009d5 x11:00000000
20474076ns          347266 1c008cd2 00008067 jalr             x0, x1, 0            x1:1c008e20
20474116ns          347268 1c008e20 02050b63 beq              x10, x0, 54         x10:00000000
20474258ns          347275 1c008e56 02a00693 addi             x13, x0, 42         x13=0000002a
20474278ns          347276 1c008e5a 2edc8263 beq              x25, x13, 740       x25:00000064 x13:0000002a
20474339ns          347279 1c008e5e fd0c8693 addi             x13, x25, -48       x13=00000034 x25:00000064
20474359ns          347280 1c008e62 00900593 addi             x11, x0, 9          x11=00000009
20474379ns          347281 1c008e64 00000b13 addi             x22, x0, 0          x22=00000000
20474400ns          347282 1c008e66 0cd5fd63 bgeu             x11, x13, 218       x11:00000009 x13:00000034
20474420ns          347283 1c008e6a 02e00793 addi             x15, x0, 46         x15=0000002e
20474481ns          347286 1c008e6e 28fd8663 beq              x27, x15, 652       x27:00000064 x15:0000002e
20474501ns          347287 1c008e72 01b00433 add              x8, x0, x27          x8=00000064 x27:00000064
20474521ns          347288 1c008e74 fff00493 addi             x9, x0, -1           x9=ffffffff
20474541ns          347289 1c008e76 1c001737 lui              x14, 0x1c001000     x14=1c001000
20474562ns          347290 1c008e7a 01b005b3 add              x11, x0, x27        x11=00000064 x27:00000064
20474582ns          347291 1c008e7c 9d870513 addi             x10, x14, -1576     x10=1c0009d8 x14:1c001000
20474622ns          347293 1c008e80 e27ff0ef jal              x1, -474             x1=1c008e82
20474683ns          347296 1c008ca6 00054783 lbu              x15, 0(x10)         x15=00000068 x10:1c0009d8  PA:1c0009d8
20474987ns          347311 1c008caa 0ff5f593 andi             x11, x11, 255       x11=00000064 x11:00000064
20475007ns          347312 1c008cae 00b78c63 beq              x15, x11, 24        x15:00000068 x11:00000064
20475027ns          347313 1c008cb2 00078b63 beq              x15, x0, 22         x15:00000068
20475047ns          347314 1c008cb4 00150793 addi             x15, x10, 1         x15=1c0009d9 x10:1c0009d8
20475068ns          347315 1c008cb8 0040006f jal              x0, 4              
20475108ns          347317 1c008cbc 00f00533 add              x10, x0, x15        x10=1c0009d9 x15:1c0009d9
20475128ns          347318 1c008cbe 0017c70b p.lbu            x14, 1(x15!)        x14=0000006c x15=1c0009da x15:1c0009d9  PA:1c0009d9
20475452ns          347334 1c008cc2 feb71ce3 bne              x14, x11, -8        x14:0000006c x11:00000064
20475513ns          347337 1c008cba 00070763 beq              x14, x0, 14         x14:0000006c
20475533ns          347338 1c008cbc 00f00533 add              x10, x0, x15        x10=1c0009da x15:1c0009da
20475553ns          347339 1c008cbe 0017c70b p.lbu            x14, 1(x15!)        x14=0000007a x15=1c0009db x15:1c0009da  PA:1c0009da
20475877ns          347355 1c008cc2 feb71ce3 bne              x14, x11, -8        x14:0000007a x11:00000064
20475938ns          347358 1c008cba 00070763 beq              x14, x0, 14         x14:0000007a
20475958ns          347359 1c008cbc 00f00533 add              x10, x0, x15        x10=1c0009db x15:1c0009db
20475978ns          347360 1c008cbe 0017c70b p.lbu            x14, 1(x15!)        x14=00000000 x15=1c0009dc x15:1c0009db  PA:1c0009db
20476302ns          347376 1c008cc2 feb71ce3 bne              x14, x11, -8        x14:00000000 x11:00000064
20476363ns          347379 1c008cba 00070763 beq              x14, x0, 14         x14:00000000
20476424ns          347382 1c008cc8 0015b593 sltiu            x11, x11, 1         x11=00000000 x11:00000064
20476444ns          347383 1c008ccc 40b005b3 sub              x11, x0, x11        x11=00000000 x11:00000000
20476464ns          347384 1c008cd0 00b57533 and              x10, x10, x11       x10=00000000 x10:1c0009db x11:00000000
20476484ns          347385 1c008cd2 00008067 jalr             x0, x1, 0            x1:1c008e82
20476525ns          347387 1c008e82 00000793 addi             x15, x0, 0          x15=00000000
20476545ns          347388 1c008e84 00050f63 beq              x10, x0, 30         x10:00000000
20476687ns          347395 1c008ea2 06700693 addi             x13, x0, 103        x13=00000067
20476707ns          347396 1c008ea6 0bb6ee63 bltu             x13, x27, 188       x13:00000067 x27:00000064
20476727ns          347397 1c008eaa 06500693 addi             x13, x0, 101        x13=00000065
20476788ns          347400 1c008eae 3addf2e3 bgeu             x27, x13, 2980      x27:00000064 x13:00000065
20476828ns          347402 1c008eb2 04700693 addi             x13, x0, 71         x13=00000047
20476849ns          347403 1c008eb6 39b6ed63 bltu             x13, x27, 922       x13:00000047 x27:00000064
20477011ns          347411 1c009250 06300693 addi             x13, x0, 99         x13=00000063
20477051ns          347413 1c009254 70dd8c63 beq              x27, x13, 1816      x27:00000064 x13:00000063
20477071ns          347414 1c009258 d3b6e5e3 bltu             x13, x27, -726      x13:00000063 x27:00000064
20477274ns          347424 1c008f82 06c00693 addi             x13, x0, 108        x13=0000006c
20477294ns          347425 1c008f86 00d78a63 beq              x15, x13, 20        x15:00000000 x13:0000006c
20477314ns          347426 1c008f8a 07a00693 addi             x13, x0, 122        x13=0000007a
20477375ns          347429 1c008f8e 00d78663 beq              x15, x13, 12        x15:00000000 x13:0000007a
20477415ns          347431 1c008f92 04c00693 addi             x13, x0, 76         x13=0000004c
20477436ns          347432 1c008f96 5ed78de3 beq              x15, x13, 3578      x15:00000000 x13:0000004c
20477456ns          347433 1c008f9a 000a2783 lw               x15, 0(x20)         x15=00000008 x20:10000c14  PA:10000c14
20477476ns          347434 1c008f9e 004a0a13 addi             x20, x20, 4         x20=10000c18 x20:10000c14
20477496ns          347435 1c008fa0 41f7d713 srai             x14, x15, 0x41f     x14=00000000 x15:00000008
20477517ns          347436 1c008fa4 01412e23 sw               x20, 28(x2)         x20:10000c18  x2:10000b68  PA:10000b84
20477537ns          347437 1c008fa6 00e12223 sw               x14, 4(x2)          x14:00000000  x2:10000b68  PA:10000b6c
20477557ns          347438 1c008fa8 4e0741e3 blt              x14, x0, 3298       x14:00000000
20477577ns          347439 1c008fac 00c12703 lw               x14, 12(x2)         x14=00000000  x2:10000b68  PA:10000b74
20477618ns          347441 1c008fae 440709e3 beq              x14, x0, 3154       x14:00000000
20477719ns          347446 1c009c00 01012703 lw               x14, 16(x2)         x14=00000000  x2:10000b68  PA:10000b78
20477759ns          347448 1c009c02 22070063 beq              x14, x0, 544        x14:00000000
20477861ns          347453 1c009e22 00412c83 lw               x25, 4(x2)          x25=00000000  x2:10000b68  PA:10000b6c
20477901ns          347455 1c009e24 02410a13 addi             x20, x2, 36         x20=10000b8c  x2:10000b68
20477921ns          347456 1c009e28 998ff06f jal              x0, -3688          
20478002ns          347460 1c008fc0 00f00433 add              x8, x0, x15          x8=00000008 x15:00000008
20478023ns          347461 1c008fc2 01400db3 add              x27, x0, x20        x27=10000b8c x20:10000b8c
20478043ns          347462 1c008fc4 0040006f jal              x0, 4              
20478083ns          347464 1c008fc8 00a00613 addi             x12, x0, 10         x12=0000000a
20478104ns          347465 1c008fca 00000693 addi             x13, x0, 0          x13=00000000
20478124ns          347466 1c008fcc 00800533 add              x10, x0, x8         x10=00000008  x8:00000008
20478144ns          347467 1c008fce 019005b3 add              x11, x0, x25        x11=00000000 x25:00000000
20478164ns          347468 1c008fd0 c2aff0ef jal              x1, -3030            x1=1c008fd4
20478245ns          347472 1c0083fa 00c008b3 add              x17, x0, x12        x17=0000000a x12:0000000a
20478286ns          347474 1c0083fc 00d00733 add              x14, x0, x13        x14=00000000 x13:00000000
20478306ns          347475 1c0083fe 00a007b3 add              x15, x0, x10        x15=00000008 x10:00000008
20478346ns          347477 1c008400 00b00833 add              x16, x0, x11        x16=00000000 x11:00000000
20478387ns          347479 1c008402 1c069863 bne              x13, x0, 464        x13:00000000
20478407ns          347480 1c008406 1c0016b7 lui              x13, 0x1c001000     x13=1c001000
20478427ns          347481 1c00840a 86868693 addi             x13, x13, -1944     x13=1c000868 x13:1c001000
20478488ns          347484 1c00840e 0ac5f863 bgeu             x11, x12, 176       x11:00000000 x12:0000000a
20478508ns          347485 1c008412 00010337 lui              x6, 0x10000          x6=00010000
20478529ns          347486 1c008414 08667e63 bgeu             x12, x6, 156        x12:0000000a  x6:00010000
20478549ns          347487 1c008418 0ff00313 addi             x6, x0, 255          x6=000000ff
20478569ns          347488 1c00841c 00c37363 bgeu             x6, x12, 6           x6:000000ff x12:0000000a
20478690ns          347494 1c008422 00e65333 srl              x6, x12, x14         x6=0000000a x12:0000000a x14:00000000
20478711ns          347495 1c008426 006686b3 add              x13, x13, x6        x13=1c000872 x13:1c000868  x6:0000000a
20478731ns          347496 1c008428 0006ce03 lbu              x28, 0(x13)         x28=00000004 x13:1c000872  PA:1c000872
20479035ns          347511 1c00842c 02000313 addi             x6, x0, 32           x6=00000020
20479055ns          347512 1c008430 00ee0e33 add              x28, x28, x14       x28=00000004 x28:00000004 x14:00000000
20479075ns          347513 1c008432 41c30333 sub              x6, x6, x28          x6=0000001c  x6:00000020 x28:00000004
20479095ns          347514 1c008436 00030c63 beq              x6, x0, 24           x6:0000001c
20479116ns          347515 1c00843a 006595b3 sll              x11, x11, x6        x11=00000000 x11:00000000  x6:0000001c
20479176ns          347518 1c00843e 01c55e33 srl              x28, x10, x28       x28=00000000 x10:00000008 x28:00000004
20479217ns          347520 1c008442 006618b3 sll              x17, x12, x6        x17=a0000000 x12:0000000a  x6:0000001c
20479237ns          347521 1c008446 00be6833 or               x16, x28, x11       x16=00000000 x28:00000000 x11:00000000
20479257ns          347522 1c00844a 006517b3 sll              x15, x10, x6        x15=80000000 x10:00000008  x6:0000001c
20479318ns          347525 1c00844e 0108d613 srli             x12, x17, 0x10      x12=0000a000 x17:a0000000
20479358ns          347527 1c008452 02c87733 remu             x14, x16, x12       x14=00000000 x16:00000000 x12:0000a000
20479743ns          347546 1c008456 02c85833 divu             x16, x16, x12       x16=00000000 x16:00000000 x12:0000a000
20480128ns          347565 1c00845a 01089513 slli             x10, x17, 0x10      x10=00000000 x17:a0000000
20480148ns          347566 1c00845e 01055513 srli             x10, x10, 0x10      x10=00000000 x10:00000000
20480168ns          347567 1c008460 01071713 slli             x14, x14, 0x10      x14=00000000 x14:00000000
20480188ns          347568 1c008462 0107d693 srli             x13, x15, 0x10      x13=00008000 x15:80000000
20480208ns          347569 1c008466 03050833 mul              x16, x10, x16       x16=00000000 x10:00000000 x16:00000000
20480229ns          347570 1c00846a 00e6e6b3 or               x13, x13, x14       x13=00008000 x13:00008000 x14:00000000
20480249ns          347571 1c00846c 0106f863 bgeu             x13, x16, 16        x13:00008000 x16:00000000
20480310ns          347574 1c00847c 410686b3 sub              x13, x13, x16       x13=00008000 x13:00008000 x16:00000000
20480370ns          347577 1c008480 02c6f733 remu             x14, x13, x12       x14=00008000 x13:00008000 x12:0000a000
20480775ns          347597 1c008484 02c6d6b3 divu             x13, x13, x12       x13=00000000 x13:00008000 x12:0000a000
20481160ns          347616 1c008488 01079793 slli             x15, x15, 0x10      x15=00000000 x15:80000000
20481180ns          347617 1c00848a 02d506b3 mul              x13, x10, x13       x13=00000000 x10:00000000 x13:00000000
20481200ns          347618 1c00848e 0107d793 srli             x15, x15, 0x10      x15=00000000 x15:00000000
20481220ns          347619 1c008490 01071513 slli             x10, x14, 0x10      x10=80000000 x14:00008000
20481241ns          347620 1c008494 00a7e7b3 or               x15, x15, x10       x15=80000000 x15:00000000 x10:80000000
20481261ns          347621 1c008496 00d7f863 bgeu             x15, x13, 16        x15:80000000 x13:00000000
20481362ns          347626 1c0084a6 40d787b3 sub              x15, x15, x13       x15=80000000 x15:80000000 x13:00000000
20481382ns          347627 1c0084a8 0067d533 srl              x10, x15, x6        x10=00000008 x15:80000000  x6:0000001c
20481403ns          347628 1c0084ac 00000593 addi             x11, x0, 0          x11=00000000
20481423ns          347629 1c0084ae 00008067 jalr             x0, x1, 0            x1:1c008fd4
20481544ns          347635 1c008fd4 00a00933 add              x18, x0, x10        x18=00000008 x10:00000008
20481565ns          347636 1c008fd6 019005b3 add              x11, x0, x25        x11=00000000 x25:00000000
20481585ns          347637 1c008fd8 00800533 add              x10, x0, x8         x10=00000008  x8:00000008
20481605ns          347638 1c008fda 00a00613 addi             x12, x0, 10         x12=0000000a
20481625ns          347639 1c008fdc 00000693 addi             x13, x0, 0          x13=00000000
20481666ns          347641 1c008fde 8beff0ef jal              x1, -3906            x1=1c008fe2
20481706ns          347643 1c00809c 00b007b3 add              x15, x0, x11        x15=00000000 x11:00000000
20481726ns          347644 1c00809e 00c00833 add              x16, x0, x12        x16=0000000a x12:0000000a
20481767ns          347646 1c0080a0 00d008b3 add              x17, x0, x13        x17=00000000 x13:00000000
20481787ns          347647 1c0080a2 00a00333 add              x6, x0, x10          x6=00000008 x10:00000008
20481807ns          347648 1c0080a4 20069663 bne              x13, x0, 524        x13:00000000
20481828ns          347649 1c0080a8 1c001737 lui              x14, 0x1c001000     x14=1c001000
20481848ns          347650 1c0080ac 86870713 addi             x14, x14, -1944     x14=1c000868 x14:1c001000
20481909ns          347653 1c0080b0 0ac5fe63 bgeu             x11, x12, 188       x11:00000000 x12:0000000a
20481949ns          347655 1c0080b4 000106b7 lui              x13, 0x10000        x13=00010000
20481969ns          347656 1c0080b6 0ad67463 bgeu             x12, x13, 168       x12:0000000a x13:00010000
20481990ns          347657 1c0080ba 0ff00693 addi             x13, x0, 255        x13=000000ff
20482050ns          347660 1c0080be 00c6b6b3 sltu             x13, x13, x12       x13=00000000 x13:000000ff x12:0000000a
20482071ns          347661 1c0080c2 00369693 slli             x13, x13, 0x3       x13=00000000 x13:00000000
20482091ns          347662 1c0080c4 00d658b3 srl              x17, x12, x13       x17=0000000a x12:0000000a x13:00000000
20482111ns          347663 1c0080c8 01170733 add              x14, x14, x17       x14=1c000872 x14:1c000868 x17:0000000a
20482131ns          347664 1c0080ca 00074703 lbu              x14, 0(x14)         x14=00000004 x14:1c000872  PA:1c000872
20482455ns          347680 1c0080ce 00e686b3 add              x13, x13, x14       x13=00000004 x13:00000000 x14:00000004
20482475ns          347681 1c0080d0 02000713 addi             x14, x0, 32         x14=00000020
20482496ns          347682 1c0080d4 40d70733 sub              x14, x14, x13       x14=0000001c x14:00000020 x13:00000004
20482516ns          347683 1c0080d6 00070b63 beq              x14, x0, 22         x14:0000001c
20482536ns          347684 1c0080d8 00e797b3 sll              x15, x15, x14       x15=00000000 x15:00000000 x14:0000001c
20482556ns          347685 1c0080dc 00d556b3 srl              x13, x10, x13       x13=00000000 x10:00000008 x13:00000004
20482597ns          347687 1c0080e0 00e61833 sll              x16, x12, x14       x16=a0000000 x12:0000000a x14:0000001c
20482637ns          347689 1c0080e4 00f6e5b3 or               x11, x13, x15       x11=00000000 x13:00000000 x15:00000000
20482658ns          347690 1c0080e8 00e51333 sll              x6, x10, x14         x6=80000000 x10:00000008 x14:0000001c
20482678ns          347691 1c0080ec 01085513 srli             x10, x16, 0x10      x10=0000a000 x16:a0000000
20482738ns          347694 1c0080f0 02a5f733 remu             x14, x11, x10       x14=00000000 x11:00000000 x10:0000a000
20483143ns          347714 1c0080f4 02a5d7b3 divu             x15, x11, x10       x15=00000000 x11:00000000 x10:0000a000
20483528ns          347733 1c0080f8 01081613 slli             x12, x16, 0x10      x12=00000000 x16:a0000000
20483548ns          347734 1c0080fc 01071713 slli             x14, x14, 0x10      x14=00000000 x14:00000000
20483568ns          347735 1c0080fe 01065613 srli             x12, x12, 0x10      x12=00000000 x12:00000000
20483589ns          347736 1c008100 01035693 srli             x13, x6, 0x10       x13=00008000  x6:80000000
20483609ns          347737 1c008104 00e6e6b3 or               x13, x13, x14       x13=00008000 x13:00008000 x14:00000000
20483629ns          347738 1c008106 02f605b3 mul              x11, x12, x15       x11=00000000 x12:00000000 x15:00000000
20483649ns          347739 1c00810a 00f00733 add              x14, x0, x15        x14=00000000 x15:00000000
20483670ns          347740 1c00810c 00b6fc63 bgeu             x13, x11, 24        x13:00008000 x11:00000000
20483771ns          347745 1c008124 40b686b3 sub              x13, x13, x11       x13=00008000 x13:00008000 x11:00000000
20483811ns          347747 1c008126 02a6f7b3 remu             x15, x13, x10       x15=00008000 x13:00008000 x10:0000a000
20484196ns          347766 1c00812a 02a6d6b3 divu             x13, x13, x10       x13=00000000 x13:00008000 x10:0000a000
20484580ns          347785 1c00812e 01031313 slli             x6, x6, 0x10         x6=00000000  x6:80000000
20484601ns          347786 1c008130 01079793 slli             x15, x15, 0x10      x15=80000000 x15:00008000
20484621ns          347787 1c008132 01035313 srli             x6, x6, 0x10         x6=00000000  x6:00000000
20484641ns          347788 1c008136 02d605b3 mul              x11, x12, x13       x11=00000000 x12:00000000 x13:00000000
20484661ns          347789 1c00813a 0067e333 or               x6, x15, x6          x6=80000000 x15:80000000  x6:00000000
20484682ns          347790 1c00813e 00d00533 add              x10, x0, x13        x10=00000000 x13:00000000
20484722ns          347792 1c008140 00b37b63 bgeu             x6, x11, 22          x6:80000000 x11:00000000
20484823ns          347797 1c008156 01071713 slli             x14, x14, 0x10      x14=00000000 x14:00000000
20484864ns          347799 1c008158 00a76733 or               x14, x14, x10       x14=00000000 x14:00000000 x10:00000000
20484884ns          347800 1c00815a 00000593 addi             x11, x0, 0          x11=00000000
20484904ns          347801 1c00815c 0b20006f jal              x0, 178            
20485026ns          347807 1c00820e 00e00533 add              x10, x0, x14        x10=00000000 x14:00000000
20485107ns          347811 1c008210 00008067 jalr             x0, x1, 0            x1:1c008fe2
20485228ns          347817 1c008fe2 03090913 addi             x18, x18, 48        x18=00000038 x18:00000008
20485248ns          347818 1c008fe6 012d8023 sb               x18, 0(x27)         x18:00000038 x27:10000b8c  PA:10000b8c
20485268ns          347819 1c008fea 00a5e7b3 or               x15, x11, x10       x15=00000000 x11:00000000 x10:00000000
20485329ns          347822 1c008fee 001d8913 addi             x18, x27, 1         x18=10000b8d x27:10000b8c
20485349ns          347823 1c008ff2 00a00433 add              x8, x0, x10          x8=00000000 x10:00000000
20485370ns          347824 1c008ff4 00b00cb3 add              x25, x0, x11        x25=00000000 x11:00000000
20485390ns          347825 1c008ff6 fc0798e3 bne              x15, x0, -48        x15:00000000
20485410ns          347826 1c008ff8 00090023 sb               x0, 0(x18)          x18:10000b8d  PA:10000b8d
20485430ns          347827 1c008ffc 01ba7d63 bgeu             x20, x27, 26        x20:10000b8c x27:10000b8c
20485552ns          347833 1c009016 00012783 lw               x15, 0(x2)          x15=10000b8c  x2:10000b68  PA:10000b68
20485592ns          347835 1c009018 00c12703 lw               x14, 12(x2)         x14=00000000  x2:10000b68  PA:10000b74
20485613ns          347836 1c00901a 40f90933 sub              x18, x18, x15       x18=00000001 x18:10000b8d x15:10000b8c
20485673ns          347839 1c00901e 3c071de3 bne              x14, x0, 3034       x14:00000000
20485694ns          347840 1c009022 01012783 lw               x15, 16(x2)         x15=00000000  x2:10000b68  PA:10000b78
20485734ns          347842 1c009024 3c079ae3 bne              x15, x0, 3028       x15:00000000
20485754ns          347843 1c009028 00412703 lw               x14, 4(x2)          x14=00000000  x2:10000b68  PA:10000b6c
20485815ns          347846 1c00902a 01f75713 srli             x14, x14, 0x1f      x14=00000000 x14:00000000
20485835ns          347847 1c00902c 00e12223 sw               x14, 4(x2)          x14:00000000  x2:10000b68  PA:10000b6c
20485855ns          347848 1c00902e 3404c463 blt              x9, x0, 840          x9:ffffffff
20485957ns          347853 1c009376 00000c93 addi             x25, x0, 0          x25=00000000
20485997ns          347855 1c009378 00012c23 sw               x0, 24(x2)           x2:10000b68  PA:10000b80
20486017ns          347856 1c00937a 00000a13 addi             x20, x0, 0          x20=00000000
20486038ns          347857 1c00937c 01412783 lw               x15, 20(x2)         x15=00000000  x2:10000b68  PA:10000b7c
20486078ns          347859 1c00937e 5e078163 beq              x15, x0, 1506       x15:00000000
20486179ns          347864 1c009960 412b0b33 sub              x22, x22, x18       x22=ffffffff x22:00000000 x18:00000001
20486220ns          347866 1c009964 02410413 addi             x8, x2, 36           x8=10000b8c  x2:10000b68
20486240ns          347867 1c009966 00000493 addi             x9, x0, 0            x9=00000000
20486260ns          347868 1c009968 ee6ff06f jal              x0, -2330          
20486361ns          347873 1c00904e 00812703 lw               x14, 8(x2)          x14=00000000  x2:10000b68  PA:10000b70
20486422ns          347876 1c009050 02071063 bne              x14, x0, 32         x14:00000000
20486463ns          347878 1c009052 01605f63 bge              x0, x22, 30         x22:ffffffff
20486564ns          347883 1c009070 00412783 lw               x15, 4(x2)          x15=00000000  x2:10000b68  PA:10000b6c
20486604ns          347885 1c009072 00f40db3 add              x27, x8, x15        x27=10000b8c  x8:10000b8c x15:00000000
20486625ns          347886 1c009076 00c0006f jal              x0, 12             
20486706ns          347890 1c009082 017005b3 add              x11, x0, x23        x11=00000002 x23:00000002
20486746ns          347892 1c009084 ffb41ae3 bne              x8, x27, -12         x8:10000b8c x27:10000b8c
20486766ns          347893 1c009088 00900db3 add              x27, x0, x9         x27=00000000  x9:00000000
20486786ns          347894 1c00908a 0080006f jal              x0, 8              
20486888ns          347899 1c009092 fffd8d93 addi             x27, x27, -1        x27=ffffffff x27:00000000
20486908ns          347900 1c009094 017005b3 add              x11, x0, x23        x11=00000002 x23:00000002
20486928ns          347901 1c009096 03000513 addi             x10, x0, 48         x10=00000030
20486948ns          347902 1c00909a fffdb9e3 p.bneimm         x27, -14            x27:ffffffff
20486969ns          347903 1c00909e 00412703 lw               x14, 4(x2)          x14=00000000  x2:10000b68  PA:10000b6c
20487009ns          347905 1c0090a0 40e90933 sub              x18, x18, x14       x18=00000001 x18:00000001 x14:00000000
20487050ns          347907 1c0090a4 01212423 sw               x18, 8(x2)          x18:00000001  x2:10000b68  PA:10000b70
20487070ns          347908 1c0090a6 e40a15e3 bne              x20, x0, -438       x20:00000000
20487090ns          347909 1c0090aa 01812783 lw               x15, 24(x2)         x15=00000000  x2:10000b68  PA:10000b80
20487131ns          347911 1c0090ac 16079763 bne              x15, x0, 366        x15:00000000
20487151ns          347912 1c0090b0 120c8863 beq              x25, x0, 304        x25:00000000
20487252ns          347917 1c0091e0 017005b3 add              x11, x0, x23        x11=00000002 x23:00000002
20487292ns          347919 1c0091e2 ff2049e3 blt              x0, x18, -14        x18:00000001
20487394ns          347924 1c0091d4 0014450b p.lbu            x10, 1(x8!)         x10=00000038  x8=10000b8d  x8:10000b8c  PA:10000b8c
20487434ns          347926 1c0091d8 fff90913 addi             x18, x18, -1        x18=00000000 x18:00000001
20487454ns          347927 1c0091da 000980e7 jalr             x1, x19, 0           x1=1c0091dc x19:1c008d20
20487535ns          347931 1c008d20 f14027f3 csrrs            x15, x0, 0xf14      x15=00000001
20487576ns          347933 1c008d24 1a10f6b7 lui              x13, 0x1a10f000     x13=1a10f000
20487596ns          347934 1c008d28 ca5797b3 p.extractu       x15, x15, 5, 5      x15=00000000 x15:00000001
20487616ns          347935 1c008d2c f1402773 csrrs            x14, x0, 0xf14      x14=00000001
20487677ns          347938 1c008d30 00779793 slli             x15, x15, 0x7       x15=00000000 x15:00000000
20487697ns          347939 1c008d32 00371713 slli             x14, x14, 0x3       x14=00000008 x14:00000001
20487718ns          347940 1c008d34 0ff57513 andi             x10, x10, 255       x10=00000038 x10:00000038
20487738ns          347941 1c008d38 ee873733 p.bclr           x14, x14, 23, 8     x14=00000008 x14:00000008
20487758ns          347942 1c008d3c 00d787b3 add              x15, x15, x13       x15=1a10f000 x15:00000000 x13:1a10f000
20487819ns          347945 1c008d3e 00a767a3 p.sw             x10, x0(x14)        x10:00000038 x14:00000008  PA:1a10f008
20488143ns          347961 1c008d42 00000513 addi             x10, x0, 0          x10=00000000
20488163ns          347962 1c008d44 00008067 jalr             x0, x1, 0            x1:1c0091dc
20488203ns          347964 1c0091dc d5f522e3 p.beqimm         x10, -700           x10:00000000
20488224ns          347965 1c0091e0 017005b3 add              x11, x0, x23        x11=00000002 x23:00000002
20488244ns          347966 1c0091e2 ff2049e3 blt              x0, x18, -14        x18:00000000
20488264ns          347967 1c0091e6 00412783 lw               x15, 4(x2)          x15=00000000  x2:10000b68  PA:10000b6c
20488284ns          347968 1c0091e8 01c12a03 lw               x20, 28(x2)         x20=10000c18  x2:10000b68  PA:10000b84
20488304ns          347969 1c0091ea 00fa8733 add              x14, x21, x15       x14=0000001d x21:0000001d x15:00000000
20488325ns          347970 1c0091ee 00812783 lw               x15, 8(x2)          x15=00000001  x2:10000b68  PA:10000b70
20488345ns          347971 1c0091f0 00970733 add              x14, x14, x9        x14=0000001d x14:0000001d  x9:00000000
20488385ns          347973 1c0091f2 00e78ab3 add              x21, x15, x14       x21=0000001e x15:00000001 x14:0000001d
20488406ns          347974 1c0091f6 bf6059e3 bge              x0, x22, -1038      x22:ffffffff
20488568ns          347982 1c008de8 000d4503 lbu              x10, 0(x26)         x10=0000000a x26:1c0009cd  PA:1c0009cd
20488891ns          347998 1c008dec 001d0413 addi             x8, x26, 1           x8=1c0009ce x26:1c0009cd
20488912ns          347999 1c008df0 0c050b63 beq              x10, x0, 214        x10:0000000a
20488932ns          348000 1c008df2 02500793 addi             x15, x0, 37         x15=00000025
20488952ns          348001 1c008df6 fef513e3 bne              x10, x15, -26       x10:0000000a x15:00000025
20489114ns          348009 1c008ddc 017005b3 add              x11, x0, x23        x11=00000002 x23:00000002
20489134ns          348010 1c008dde 000980e7 jalr             x1, x19, 0           x1=1c008de0 x19:1c008d20
20489175ns          348012 1c008d20 f14027f3 csrrs            x15, x0, 0xf14      x15=00000001
20489195ns          348013 1c008d24 1a10f6b7 lui              x13, 0x1a10f000     x13=1a10f000
20489215ns          348014 1c008d28 ca5797b3 p.extractu       x15, x15, 5, 5      x15=00000000 x15:00000001
20489236ns          348015 1c008d2c f1402773 csrrs            x14, x0, 0xf14      x14=00000001
20489256ns          348016 1c008d30 00779793 slli             x15, x15, 0x7       x15=00000000 x15:00000000
20489276ns          348017 1c008d32 00371713 slli             x14, x14, 0x3       x14=00000008 x14:00000001
20489296ns          348018 1c008d34 0ff57513 andi             x10, x10, 255       x10=0000000a x10:0000000a
20489316ns          348019 1c008d38 ee873733 p.bclr           x14, x14, 23, 8     x14=00000008 x14:00000008
20489337ns          348020 1c008d3c 00d787b3 add              x15, x15, x13       x15=1a10f000 x15:00000000 x13:1a10f000
20489357ns          348021 1c008d3e 00a767a3 p.sw             x10, x0(x14)        x10:0000000a x14:00000008  PA:1a10f008
20489742ns          348040 1c008d42 00000513 addi             x10, x0, 0          x10=00000000
20489762ns          348041 1c008d44 00008067 jalr             x0, x1, 0            x1:1c008de0
20489802ns          348043 1c008de0 15f52063 p.beqimm         x10, 320            x10:00000000
20489822ns          348044 1c008de4 001a8a93 addi             x21, x21, 1         x21=0000001f x21:0000001e
20489843ns          348045 1c008de6 00800d33 add              x26, x0, x8         x26=1c0009ce  x8:1c0009ce
20489863ns          348046 1c008de8 000d4503 lbu              x10, 0(x26)         x10=00000000 x26:1c0009ce  PA:1c0009ce
20490167ns          348061 1c008dec 001d0413 addi             x8, x26, 1           x8=1c0009cf x26:1c0009ce
20490187ns          348062 1c008df0 0c050b63 beq              x10, x0, 214        x10:00000000
20490288ns          348067 1c008ec6 01500433 add              x8, x0, x21          x8=0000001f x21:0000001f
20490328ns          348069 1c008ec8 00800533 add              x10, x0, x8         x10=0000001f  x8:0000001f
20490349ns          348070 1c008eca 07c12083 lw               x1, 124(x2)          x1=1c008da4  x2:10000b68  PA:10000be4
20490369ns          348071 1c008ecc 07812403 lw               x8, 120(x2)          x8=xxxxxxxx  x2:10000b68  PA:10000be0
20490389ns          348072 1c008ece 07412483 lw               x9, 116(x2)          x9=xxxxxxxx  x2:10000b68  PA:10000bdc
20490409ns          348073 1c008ed0 07012903 lw               x18, 112(x2)        x18=00204000  x2:10000b68  PA:10000bd8
20490430ns          348074 1c008ed2 06c12983 lw               x19, 108(x2)        x19=00000001  x2:10000b68  PA:10000bd4
20490450ns          348075 1c008ed4 06812a03 lw               x20, 104(x2)        x20=1c01011e  x2:10000b68  PA:10000bd0
20490470ns          348076 1c008ed6 06412a83 lw               x21, 100(x2)        x21=1c010122  x2:10000b68  PA:10000bcc
20490490ns          348077 1c008ed8 06012b03 lw               x22, 96(x2)         x22=xxxxxxxx  x2:10000b68  PA:10000bc8
20490511ns          348078 1c008eda 05c12b83 lw               x23, 92(x2)         x23=xxxxxxxx  x2:10000b68  PA:10000bc4
20490531ns          348079 1c008edc 05812c03 lw               x24, 88(x2)         x24=xxxxxxxx  x2:10000b68  PA:10000bc0
20490551ns          348080 1c008ede 05412c83 lw               x25, 84(x2)         x25=xxxxxxxx  x2:10000b68  PA:10000bbc
20490571ns          348081 1c008ee0 05012d03 lw               x26, 80(x2)         x26=xxxxxxxx  x2:10000b68  PA:10000bb8
20490592ns          348082 1c008ee2 04c12d83 lw               x27, 76(x2)         x27=xxxxxxxx  x2:10000b68  PA:10000bb4
20490612ns          348083 1c008ee4 08010113 addi             x2, x2, 128          x2=10000be8  x2:10000b68
20490632ns          348084 1c008ee6 00008067 jalr             x0, x1, 0            x1:1c008da4
20491077ns          348106 1c008da4 01c12083 lw               x1, 28(x2)           x1=1c01011e  x2:10000be8  PA:10000c04
20491098ns          348107 1c008da6 04010113 addi             x2, x2, 64           x2=10000c28  x2:10000be8
20491138ns          348109 1c008da8 00008067 jalr             x0, x1, 0            x1:1c01011e
20491361ns          348120 1c01011e 21c96283 p.elw            x5, 540(x18)         x5=00010000 x18:00204000  PA:0020421c
