                Time          Cycles PC       Instr    Mnemonic
39191637ns          669400 1c008080 000000b7 lui              x1, 0x0              x1=00000000
39191677ns          669402 1c008084 00000137 lui              x2, 0x0              x2=00000000
39191697ns          669403 1c008088 000001b7 lui              x3, 0x0              x3=00000000
39191717ns          669404 1c00808c 00000237 lui              x4, 0x0              x4=00000000
39192154ns          669426 1c008090 000002b7 lui              x5, 0x0              x5=00000000
39192194ns          669428 1c008094 00000337 lui              x6, 0x0              x6=00000000
39192214ns          669429 1c008098 000003b7 lui              x7, 0x0              x7=00000000
39192234ns          669430 1c00809c 00000437 lui              x8, 0x0              x8=00000000
39192671ns          669452 1c0080a0 000004b7 lui              x9, 0x0              x9=00000000
39192711ns          669454 1c0080a4 00000537 lui              x10, 0x0            x10=00000000
39192731ns          669455 1c0080a8 000005b7 lui              x11, 0x0            x11=00000000
39192751ns          669456 1c0080ac 00000637 lui              x12, 0x0            x12=00000000
39193208ns          669479 1c0080b0 000006b7 lui              x13, 0x0            x13=00000000
39193248ns          669481 1c0080b4 00000737 lui              x14, 0x0            x14=00000000
39193268ns          669482 1c0080b8 000007b7 lui              x15, 0x0            x15=00000000
39193288ns          669483 1c0080bc 00000837 lui              x16, 0x0            x16=00000000
39193725ns          669505 1c0080c0 000008b7 lui              x17, 0x0            x17=00000000
39193765ns          669507 1c0080c4 00000937 lui              x18, 0x0            x18=00000000
39193785ns          669508 1c0080c8 000009b7 lui              x19, 0x0            x19=00000000
39193805ns          669509 1c0080cc 00000a37 lui              x20, 0x0            x20=00000000
39194242ns          669531 1c0080d0 00000ab7 lui              x21, 0x0            x21=00000000
39194282ns          669533 1c0080d4 00000b37 lui              x22, 0x0            x22=00000000
39194302ns          669534 1c0080d8 00000bb7 lui              x23, 0x0            x23=00000000
39194322ns          669535 1c0080dc 00000c37 lui              x24, 0x0            x24=00000000
39194760ns          669557 1c0080e0 00000cb7 lui              x25, 0x0            x25=00000000
39194799ns          669559 1c0080e4 00000d37 lui              x26, 0x0            x26=00000000
39194819ns          669560 1c0080e8 00000db7 lui              x27, 0x0            x27=00000000
39194839ns          669561 1c0080ec 00000e37 lui              x28, 0x0            x28=00000000
39195277ns          669583 1c0080f0 00000eb7 lui              x29, 0x0            x29=00000000
39195316ns          669585 1c0080f4 00000f37 lui              x30, 0x0            x30=00000000
39195336ns          669586 1c0080f8 00000fb7 lui              x31, 0x0            x31=00000000
39195356ns          669587 1c0080fc 0700006f jal              x0, 112            
39196251ns          669632 1c00816c f1402573 csrrs            x10, x0, 0xf14      x10=00000003
39196709ns          669655 1c008170 01f57593 andi             x11, x10, 31        x11=00000003 x10:00000003
39196748ns          669657 1c008174 00555513 srli             x10, x10, 0x5       x10=00000000 x10:00000003
39196768ns          669658 1c008176 01f00613 addi             x12, x0, 31         x12=0000001f
39196788ns          669659 1c008178 00c50463 beq              x10, x12, 8         x10:00000000 x12:0000001f
39196808ns          669660 1c00817c f95ff06f jal              x0, -108           
39197703ns          669705 1c008110 f3ff8117 auipc            x2, 0xf3ff8000       x2=10000110
39197743ns          669707 1c008114 ef410113 addi             x2, x2, -268         x2=10000004  x2:10000110
39197763ns          669708 1c008118 00012103 lw               x2, 0(x2)            x2=10000008  x2:10000004  PA:10000004
39197782ns          669709 1c00811c 000011b7 lui              x3, 0x1000           x3=00001000
39198220ns          669731 1c008120 80018193 addi             x3, x3, -2048        x3=00000800  x3:00001000
39198260ns          669733 1c008124 00158593 addi             x11, x11, 1         x11=00000004 x11:00000003
39198280ns          669734 1c008128 02b180b3 mul              x1, x3, x11          x1=00002000  x3:00000800 x11:00000004
39198300ns          669735 1c00812c 00110133 add              x2, x2, x1           x2=10002008  x2:10000008  x1:00002000
39198737ns          669757 1c008130 50d0106f jal              x0, 7436           
39199314ns          669786 1c009e3c ff010113 addi             x2, x2, -16          x2=10001ff8  x2:10002008
39199334ns          669787 1c009e3e 00112623 sw               x1, 12(x2)           x1:00002000  x2:10001ff8  PA:10002004
39199771ns          669809 1c009e40 002047b7 lui              x15, 0x204000       x15=00204000
39199811ns          669811 1c009e44 00070737 lui              x14, 0x70000        x14=00070000
39199831ns          669812 1c009e48 00e7a423 sw               x14, 8(x15)         x14:00070000 x15:00204000  PA:00204008
39199851ns          669813 1c009e4a 0ff00713 addi             x14, x0, 255        x14=000000ff
39200288ns          669835 1c009e4e 20078793 addi             x15, x15, 512       x15=00204200 x15:00204000
39200328ns          669837 1c009e52 00e7a023 sw               x14, 0(x15)         x14:000000ff x15:00204200  PA:00204200
39200368ns          669839 1c009e56 00e7a623 sw               x14, 12(x15)        x14:000000ff x15:00204200  PA:0020420c
39200388ns          669840 1c009e5a 01f00693 addi             x13, x0, 31         x13=0000001f
39200408ns          669841 1c009e5c f1402773 csrrs            x14, x0, 0xf14      x14=00000003
39200805ns          669861 1c009e60 ca571733 p.extractu       x14, x14, 5, 5      x14=00000000 x14:00000003
39200845ns          669863 1c009e64 00d70463 beq              x14, x13, 8         x14:00000000 x13:0000001f
39200865ns          669864 1c009e68 01c7e703 p.elw            x14, 28(x15)        x14=00010000 x15:00204200  PA:0020421c
39201064ns          669874 1c009e6c 1c0017b7 lui              x15, 0x1c001000     x15=1c001000
39201342ns          669888 1c009e70 93c7a783 lw               x15, -1732(x15)     x15=1c0081c6 x15:1c001000  PA:1c00093c
39201820ns          669912 1c009e74 000780e7 jalr             x1, x15, 0           x1=1c009e76 x15:1c0081c6
39202337ns          669938 1c0081c6 f9010113 addi             x2, x2, -112         x2=10001f88  x2:10001ff8
39202377ns          669940 1c0081c8 06812423 sw               x8, 104(x2)          x8:00000000  x2:10001f88  PA:10001ff0
39202397ns          669941 1c0081ca f14027f3 csrrs            x15, x0, 0xf14      x15=00000003
39202834ns          669963 1c0081ce 1c000537 lui              x10, 0x1c000000     x10=1c000000
39202874ns          669965 1c0081d2 f457b433 p.bclr           x8, x15, 26, 5       x8=00000003 x15:00000003
39202894ns          669966 1c0081d6 4057d793 srai             x15, x15, 0x405     x15=00000000 x15:00000003
39202914ns          669967 1c0081d8 00800633 add              x12, x0, x8         x12=00000003  x8:00000003
39202933ns          669968 1c0081da f267b5b3 p.bclr           x11, x15, 25, 6     x11=00000000 x15:00000000
39203351ns          669989 1c0081de 01c50513 addi             x10, x10, 28        x10=1c00001c x10:1c000000
39203371ns          669990 1c0081e2 06112623 sw               x1, 108(x2)          x1:1c009e76  x2:10001f88  PA:10001ff4
39203391ns          669991 1c0081e4 06912223 sw               x9, 100(x2)          x9:00000000  x2:10001f88  PA:10001fec
39203411ns          669992 1c0081e6 07212023 sw               x18, 96(x2)         x18:00000000  x2:10001f88  PA:10001fe8
39203431ns          669993 1c0081e8 05312e23 sw               x19, 92(x2)         x19:00000000  x2:10001f88  PA:10001fe4
39203451ns          669994 1c0081ea 05412c23 sw               x20, 88(x2)         x20:00000000  x2:10001f88  PA:10001fe0
39203470ns          669995 1c0081ec 05512a23 sw               x21, 84(x2)         x21:00000000  x2:10001f88  PA:10001fdc
39203490ns          669996 1c0081ee 05612823 sw               x22, 80(x2)         x22:00000000  x2:10001f88  PA:10001fd8
39203888ns          670016 1c0081f0 05712623 sw               x23, 76(x2)         x23:00000000  x2:10001f88  PA:10001fd4
39203908ns          670017 1c0081f2 05812423 sw               x24, 72(x2)         x24:00000000  x2:10001f88  PA:10001fd0
39203928ns          670018 1c0081f4 05912223 sw               x25, 68(x2)         x25:00000000  x2:10001f88  PA:10001fcc
39203948ns          670019 1c0081f6 05a12023 sw               x26, 64(x2)         x26:00000000  x2:10001f88  PA:10001fc8
39203968ns          670020 1c0081f8 03b12e23 sw               x27, 60(x2)         x27:00000000  x2:10001f88  PA:10001fc4
39203988ns          670021 1c0081fa 31f000ef jal              x1, 2846             x1=1c0081fe
39204863ns          670065 1c008d18 fc010113 addi             x2, x2, -64          x2=10001f48  x2:10001f88
39204902ns          670067 1c008d1a 02410313 addi             x6, x2, 36           x6=10001f6c  x2:10001f48
39204922ns          670068 1c008d1e 02c12423 sw               x12, 40(x2)         x12:00000003  x2:10001f48  PA:10001f70
39205340ns          670089 1c008d20 00a00633 add              x12, x0, x10        x12=1c00001c x10:1c00001c
39205380ns          670091 1c008d22 1c009537 lui              x10, 0x1c009000     x10=1c009000
39205400ns          670092 1c008d26 02b12223 sw               x11, 36(x2)         x11:00000000  x2:10001f48  PA:10001f6c
39205419ns          670093 1c008d28 02d12623 sw               x13, 44(x2)         x13:0000001f  x2:10001f48  PA:10001f74
39205439ns          670094 1c008d2a 00200593 addi             x11, x0, 2          x11=00000002
39205459ns          670095 1c008d2c 006006b3 add              x13, x0, x6         x13=10001f6c  x6:10001f6c
39205857ns          670115 1c008d2e cd450513 addi             x10, x10, -812      x10=1c008cd4 x10:1c009000
39205877ns          670116 1c008d32 00112e23 sw               x1, 28(x2)           x1:1c0081fe  x2:10001f48  PA:10001f64
39205897ns          670117 1c008d34 02e12823 sw               x14, 48(x2)         x14:00010000  x2:10001f48  PA:10001f78
39205917ns          670118 1c008d36 02f12a23 sw               x15, 52(x2)         x15:00000000  x2:10001f48  PA:10001f7c
39205937ns          670119 1c008d38 03012c23 sw               x16, 56(x2)         x16:00000000  x2:10001f48  PA:10001f80
39205956ns          670120 1c008d3a 03112e23 sw               x17, 60(x2)         x17:00000000  x2:10001f48  PA:10001f84
39205976ns          670121 1c008d3c 00612623 sw               x6, 12(x2)           x6:10001f6c  x2:10001f48  PA:10001f54
39205996ns          670122 1c008d3e fbfff0ef jal              x1, -66              x1=1c008d40
39206832ns          670164 1c008cfc 04a0006f jal              x0, 74             
39206871ns          670166 1c008d46 ed010113 addi             x2, x2, -304         x2=10001e18  x2:10001f48
39206891ns          670167 1c008d48 12812423 sw               x8, 296(x2)          x8:00000003  x2:10001e18  PA:10001f40
39206911ns          670168 1c008d4c 00000413 addi             x8, x0, 0            x8=00000000
39207349ns          670190 1c008d4e 11612823 sw               x22, 272(x2)        x22:00000000  x2:10001e18  PA:10001f28
39207388ns          670192 1c008d52 11712623 sw               x23, 268(x2)        x23:00000000  x2:10001e18  PA:10001f24
39207408ns          670193 1c008d56 11812423 sw               x24, 264(x2)        x24:00000000  x2:10001e18  PA:10001f20
39207428ns          670194 1c008d5a 11912223 sw               x25, 260(x2)        x25:00000000  x2:10001e18  PA:10001f1c
39207886ns          670217 1c008d5e 11a12023 sw               x26, 256(x2)        x26:00000000  x2:10001e18  PA:10001f18
39207905ns          670218 1c008d62 0fb12e23 sw               x27, 252(x2)        x27:00000000  x2:10001e18  PA:10001f14
39207925ns          670219 1c008d64 12112623 sw               x1, 300(x2)          x1:1c008d40  x2:10001e18  PA:10001f44
39207945ns          670220 1c008d68 00800db3 add              x27, x0, x8         x27=00000000  x8:00000000
39207965ns          670221 1c008d6a 12912223 sw               x9, 292(x2)          x9:00000000  x2:10001e18  PA:10001f3c
39208403ns          670243 1c008d6e 13212023 sw               x18, 288(x2)        x18:00000000  x2:10001e18  PA:10001f38
39208442ns          670245 1c008d72 11312e23 sw               x19, 284(x2)        x19:00000000  x2:10001e18  PA:10001f34
39208462ns          670246 1c008d76 11412c23 sw               x20, 280(x2)        x20:00000000  x2:10001e18  PA:10001f30
39208482ns          670247 1c008d7a 11512a23 sw               x21, 276(x2)        x21:00000000  x2:10001e18  PA:10001f2c
39208502ns          670248 1c008d7e 00a00b33 add              x22, x0, x10        x22=1c008cd4 x10:1c008cd4
39208920ns          670269 1c008d80 00b00d33 add              x26, x0, x11        x26=00000002 x11:00000002
39208940ns          670270 1c008d82 00d00c33 add              x24, x0, x13        x24=10001f6c x13:10001f6c
39208960ns          670271 1c008d84 1c000bb7 lui              x23, 0x1c000000     x23=1c000000
39208979ns          670272 1c008d88 02410c93 addi             x25, x2, 36         x25=10001e3c  x2:10001e18
39208999ns          670273 1c008d8c 00c00433 add              x8, x0, x12          x8=1c00001c x12:1c00001c
39209437ns          670295 1c008d8e 00044503 lbu              x10, 0(x8)          x10=00000045  x8:1c00001c  PA:1c00001c
39209874ns          670317 1c008d92 00140413 addi             x8, x8, 1            x8=1c00001d  x8:1c00001c
39209894ns          670318 1c008d94 00050e63 beq              x10, x0, 28         x10:00000045
39209914ns          670319 1c008d96 02500793 addi             x15, x0, 37         x15=00000025
39209934ns          670320 1c008d9a 04f50863 beq              x10, x15, 80        x10:00000045 x15:00000025
39209954ns          670321 1c008d9e 01a005b3 add              x11, x0, x26        x11=00000002 x26:00000002
39209974ns          670322 1c008da0 000b00e7 jalr             x1, x22, 0           x1=1c008da2 x22:1c008cd4
39210451ns          670346 1c008cd4 000026b7 lui              x13, 0x2000         x13=00002000
39210491ns          670348 1c008cd6 f14027f3 csrrs            x15, x0, 0xf14      x15=00000003
39210511ns          670349 1c008cda f8068693 addi             x13, x13, -128      x13=00001f80 x13:00002000
39210948ns          670371 1c008cde 00379713 slli             x14, x15, 0x3       x14=00000018 x15:00000003
39210968ns          670372 1c008ce2 00279793 slli             x15, x15, 0x2       x15=0000000c x15:00000003
39210988ns          670373 1c008ce4 00d7f7b3 and              x15, x15, x13       x15=00000000 x15:0000000c x13:00001f80
39211008ns          670374 1c008ce6 ee873733 p.bclr           x14, x14, 23, 8     x14=00000018 x14:00000018
39211028ns          670375 1c008cea 1a10f6b7 lui              x13, 0x1a10f000     x13=1a10f000
39211048ns          670376 1c008cee 0ff57513 andi             x10, x10, 255       x10=00000045 x10:00000045
39211068ns          670377 1c008cf2 00d70733 add              x14, x14, x13       x14=1a10f018 x14:00000018 x13:1a10f000
39211088ns          670378 1c008cf4 00a7e723 p.sw             x10, x0(x15)        x10:00000045 x15:00000000  PA:1a10f018
39211565ns          670402 1c008cf8 00000513 addi             x10, x0, 0          x10=00000000
39211585ns          670403 1c008cfa 00008067 jalr             x0, x1, 0            x1:1c008da2
39211644ns          670406 1c008da2 31f52563 p.beqimm         x10, 778            x10:00000000
39211664ns          670407 1c008da6 001d8d93 addi             x27, x27, 1         x27=00000001 x27:00000000
39211684ns          670408 1c008da8 00044503 lbu              x10, 0(x8)          x10=0000006e  x8:1c00001d  PA:1c00001d
39212042ns          670426 1c008dac 00140413 addi             x8, x8, 1            x8=1c00001e  x8:1c00001d
39212062ns          670427 1c008dae fe0514e3 bne              x10, x0, -24        x10:0000006e
39212142ns          670431 1c008d96 02500793 addi             x15, x0, 37         x15=00000025
39212162ns          670432 1c008d9a 04f50863 beq              x10, x15, 80        x10:0000006e x15:00000025
39212181ns          670433 1c008d9e 01a005b3 add              x11, x0, x26        x11=00000002 x26:00000002
39212201ns          670434 1c008da0 000b00e7 jalr             x1, x22, 0           x1=1c008da2 x22:1c008cd4
39212241ns          670436 1c008cd4 000026b7 lui              x13, 0x2000         x13=00002000
39212261ns          670437 1c008cd6 f14027f3 csrrs            x15, x0, 0xf14      x15=00000003
39212281ns          670438 1c008cda f8068693 addi             x13, x13, -128      x13=00001f80 x13:00002000
39212301ns          670439 1c008cde 00379713 slli             x14, x15, 0x3       x14=00000018 x15:00000003
39212321ns          670440 1c008ce2 00279793 slli             x15, x15, 0x2       x15=0000000c x15:00000003
39212341ns          670441 1c008ce4 00d7f7b3 and              x15, x15, x13       x15=00000000 x15:0000000c x13:00001f80
39212360ns          670442 1c008ce6 ee873733 p.bclr           x14, x14, 23, 8     x14=00000018 x14:00000018
39212380ns          670443 1c008cea 1a10f6b7 lui              x13, 0x1a10f000     x13=1a10f000
39212400ns          670444 1c008cee 0ff57513 andi             x10, x10, 255       x10=0000006e x10:0000006e
39212420ns          670445 1c008cf2 00d70733 add              x14, x14, x13       x14=1a10f018 x14:00000018 x13:1a10f000
39212440ns          670446 1c008cf4 00a7e723 p.sw             x10, x0(x15)        x10:0000006e x15:00000000  PA:1a10f018
39212957ns          670472 1c008cf8 00000513 addi             x10, x0, 0          x10=00000000
39212977ns          670473 1c008cfa 00008067 jalr             x0, x1, 0            x1:1c008da2
39213037ns          670476 1c008da2 31f52563 p.beqimm         x10, 778            x10:00000000
39213056ns          670477 1c008da6 001d8d93 addi             x27, x27, 1         x27=00000002 x27:00000001
39213076ns          670478 1c008da8 00044503 lbu              x10, 0(x8)          x10=00000074  x8:1c00001e  PA:1c00001e
39213375ns          670493 1c008dac 00140413 addi             x8, x8, 1            x8=1c00001f  x8:1c00001e
39213395ns          670494 1c008dae fe0514e3 bne              x10, x0, -24        x10:00000074
39213474ns          670498 1c008d96 02500793 addi             x15, x0, 37         x15=00000025
39213494ns          670499 1c008d9a 04f50863 beq              x10, x15, 80        x10:00000074 x15:00000025
39213514ns          670500 1c008d9e 01a005b3 add              x11, x0, x26        x11=00000002 x26:00000002
39213534ns          670501 1c008da0 000b00e7 jalr             x1, x22, 0           x1=1c008da2 x22:1c008cd4
39213574ns          670503 1c008cd4 000026b7 lui              x13, 0x2000         x13=00002000
39213593ns          670504 1c008cd6 f14027f3 csrrs            x15, x0, 0xf14      x15=00000003
39213613ns          670505 1c008cda f8068693 addi             x13, x13, -128      x13=00001f80 x13:00002000
39213633ns          670506 1c008cde 00379713 slli             x14, x15, 0x3       x14=00000018 x15:00000003
39213653ns          670507 1c008ce2 00279793 slli             x15, x15, 0x2       x15=0000000c x15:00000003
39213673ns          670508 1c008ce4 00d7f7b3 and              x15, x15, x13       x15=00000000 x15:0000000c x13:00001f80
39213693ns          670509 1c008ce6 ee873733 p.bclr           x14, x14, 23, 8     x14=00000018 x14:00000018
39213713ns          670510 1c008cea 1a10f6b7 lui              x13, 0x1a10f000     x13=1a10f000
39213733ns          670511 1c008cee 0ff57513 andi             x10, x10, 255       x10=00000074 x10:00000074
39213753ns          670512 1c008cf2 00d70733 add              x14, x14, x13       x14=1a10f018 x14:00000018 x13:1a10f000
39213772ns          670513 1c008cf4 00a7e723 p.sw             x10, x0(x15)        x10:00000074 x15:00000000  PA:1a10f018
39214091ns          670529 1c008cf8 00000513 addi             x10, x0, 0          x10=00000000
39214111ns          670530 1c008cfa 00008067 jalr             x0, x1, 0            x1:1c008da2
39214170ns          670533 1c008da2 31f52563 p.beqimm         x10, 778            x10:00000000
39214190ns          670534 1c008da6 001d8d93 addi             x27, x27, 1         x27=00000003 x27:00000002
39214210ns          670535 1c008da8 00044503 lbu              x10, 0(x8)          x10=00000065  x8:1c00001f  PA:1c00001f
39214508ns          670550 1c008dac 00140413 addi             x8, x8, 1            x8=1c000020  x8:1c00001f
39214528ns          670551 1c008dae fe0514e3 bne              x10, x0, -24        x10:00000065
39214608ns          670555 1c008d96 02500793 addi             x15, x0, 37         x15=00000025
39214628ns          670556 1c008d9a 04f50863 beq              x10, x15, 80        x10:00000065 x15:00000025
39214648ns          670557 1c008d9e 01a005b3 add              x11, x0, x26        x11=00000002 x26:00000002
39214667ns          670558 1c008da0 000b00e7 jalr             x1, x22, 0           x1=1c008da2 x22:1c008cd4
39214707ns          670560 1c008cd4 000026b7 lui              x13, 0x2000         x13=00002000
39214727ns          670561 1c008cd6 f14027f3 csrrs            x15, x0, 0xf14      x15=00000003
39214747ns          670562 1c008cda f8068693 addi             x13, x13, -128      x13=00001f80 x13:00002000
39214767ns          670563 1c008cde 00379713 slli             x14, x15, 0x3       x14=00000018 x15:00000003
39214787ns          670564 1c008ce2 00279793 slli             x15, x15, 0x2       x15=0000000c x15:00000003
39214807ns          670565 1c008ce4 00d7f7b3 and              x15, x15, x13       x15=00000000 x15:0000000c x13:00001f80
39214827ns          670566 1c008ce6 ee873733 p.bclr           x14, x14, 23, 8     x14=00000018 x14:00000018
39214846ns          670567 1c008cea 1a10f6b7 lui              x13, 0x1a10f000     x13=1a10f000
39214866ns          670568 1c008cee 0ff57513 andi             x10, x10, 255       x10=00000065 x10:00000065
39214886ns          670569 1c008cf2 00d70733 add              x14, x14, x13       x14=1a10f018 x14:00000018 x13:1a10f000
39214906ns          670570 1c008cf4 00a7e723 p.sw             x10, x0(x15)        x10:00000065 x15:00000000  PA:1a10f018
39215244ns          670587 1c008cf8 00000513 addi             x10, x0, 0          x10=00000000
39215264ns          670588 1c008cfa 00008067 jalr             x0, x1, 0            x1:1c008da2
39215324ns          670591 1c008da2 31f52563 p.beqimm         x10, 778            x10:00000000
39215344ns          670592 1c008da6 001d8d93 addi             x27, x27, 1         x27=00000004 x27:00000003
39215363ns          670593 1c008da8 00044503 lbu              x10, 0(x8)          x10=00000072  x8:1c000020  PA:1c000020
39215662ns          670608 1c008dac 00140413 addi             x8, x8, 1            x8=1c000021  x8:1c000020
39215682ns          670609 1c008dae fe0514e3 bne              x10, x0, -24        x10:00000072
39215761ns          670613 1c008d96 02500793 addi             x15, x0, 37         x15=00000025
39215781ns          670614 1c008d9a 04f50863 beq              x10, x15, 80        x10:00000072 x15:00000025
39215801ns          670615 1c008d9e 01a005b3 add              x11, x0, x26        x11=00000002 x26:00000002
39215821ns          670616 1c008da0 000b00e7 jalr             x1, x22, 0           x1=1c008da2 x22:1c008cd4
39215861ns          670618 1c008cd4 000026b7 lui              x13, 0x2000         x13=00002000
39215881ns          670619 1c008cd6 f14027f3 csrrs            x15, x0, 0xf14      x15=00000003
39215900ns          670620 1c008cda f8068693 addi             x13, x13, -128      x13=00001f80 x13:00002000
39215920ns          670621 1c008cde 00379713 slli             x14, x15, 0x3       x14=00000018 x15:00000003
39215940ns          670622 1c008ce2 00279793 slli             x15, x15, 0x2       x15=0000000c x15:00000003
39215960ns          670623 1c008ce4 00d7f7b3 and              x15, x15, x13       x15=00000000 x15:0000000c x13:00001f80
39215980ns          670624 1c008ce6 ee873733 p.bclr           x14, x14, 23, 8     x14=00000018 x14:00000018
39216000ns          670625 1c008cea 1a10f6b7 lui              x13, 0x1a10f000     x13=1a10f000
39216020ns          670626 1c008cee 0ff57513 andi             x10, x10, 255       x10=00000072 x10:00000072
39216040ns          670627 1c008cf2 00d70733 add              x14, x14, x13       x14=1a10f018 x14:00000018 x13:1a10f000
39216060ns          670628 1c008cf4 00a7e723 p.sw             x10, x0(x15)        x10:00000072 x15:00000000  PA:1a10f018
39216418ns          670646 1c008cf8 00000513 addi             x10, x0, 0          x10=00000000
39216437ns          670647 1c008cfa 00008067 jalr             x0, x1, 0            x1:1c008da2
39216497ns          670650 1c008da2 31f52563 p.beqimm         x10, 778            x10:00000000
39216517ns          670651 1c008da6 001d8d93 addi             x27, x27, 1         x27=00000005 x27:00000004
39216537ns          670652 1c008da8 00044503 lbu              x10, 0(x8)          x10=00000065  x8:1c000021  PA:1c000021
39216855ns          670668 1c008dac 00140413 addi             x8, x8, 1            x8=1c000022  x8:1c000021
39216875ns          670669 1c008dae fe0514e3 bne              x10, x0, -24        x10:00000065
39216955ns          670673 1c008d96 02500793 addi             x15, x0, 37         x15=00000025
39216974ns          670674 1c008d9a 04f50863 beq              x10, x15, 80        x10:00000065 x15:00000025
39216994ns          670675 1c008d9e 01a005b3 add              x11, x0, x26        x11=00000002 x26:00000002
39217014ns          670676 1c008da0 000b00e7 jalr             x1, x22, 0           x1=1c008da2 x22:1c008cd4
39217054ns          670678 1c008cd4 000026b7 lui              x13, 0x2000         x13=00002000
39217074ns          670679 1c008cd6 f14027f3 csrrs            x15, x0, 0xf14      x15=00000003
39217094ns          670680 1c008cda f8068693 addi             x13, x13, -128      x13=00001f80 x13:00002000
39217114ns          670681 1c008cde 00379713 slli             x14, x15, 0x3       x14=00000018 x15:00000003
39217134ns          670682 1c008ce2 00279793 slli             x15, x15, 0x2       x15=0000000c x15:00000003
39217153ns          670683 1c008ce4 00d7f7b3 and              x15, x15, x13       x15=00000000 x15:0000000c x13:00001f80
39217173ns          670684 1c008ce6 ee873733 p.bclr           x14, x14, 23, 8     x14=00000018 x14:00000018
39217193ns          670685 1c008cea 1a10f6b7 lui              x13, 0x1a10f000     x13=1a10f000
39217213ns          670686 1c008cee 0ff57513 andi             x10, x10, 255       x10=00000065 x10:00000065
39217233ns          670687 1c008cf2 00d70733 add              x14, x14, x13       x14=1a10f018 x14:00000018 x13:1a10f000
39217253ns          670688 1c008cf4 00a7e723 p.sw             x10, x0(x15)        x10:00000065 x15:00000000  PA:1a10f018
39217571ns          670704 1c008cf8 00000513 addi             x10, x0, 0          x10=00000000
39217591ns          670705 1c008cfa 00008067 jalr             x0, x1, 0            x1:1c008da2
39217651ns          670708 1c008da2 31f52563 p.beqimm         x10, 778            x10:00000000
39217670ns          670709 1c008da6 001d8d93 addi             x27, x27, 1         x27=00000006 x27:00000005
39217690ns          670710 1c008da8 00044503 lbu              x10, 0(x8)          x10=00000064  x8:1c000022  PA:1c000022
39217989ns          670725 1c008dac 00140413 addi             x8, x8, 1            x8=1c000023  x8:1c000022
39218009ns          670726 1c008dae fe0514e3 bne              x10, x0, -24        x10:00000064
39218088ns          670730 1c008d96 02500793 addi             x15, x0, 37         x15=00000025
39218108ns          670731 1c008d9a 04f50863 beq              x10, x15, 80        x10:00000064 x15:00000025
39218128ns          670732 1c008d9e 01a005b3 add              x11, x0, x26        x11=00000002 x26:00000002
39218148ns          670733 1c008da0 000b00e7 jalr             x1, x22, 0           x1=1c008da2 x22:1c008cd4
39218188ns          670735 1c008cd4 000026b7 lui              x13, 0x2000         x13=00002000
39218207ns          670736 1c008cd6 f14027f3 csrrs            x15, x0, 0xf14      x15=00000003
39218227ns          670737 1c008cda f8068693 addi             x13, x13, -128      x13=00001f80 x13:00002000
39218247ns          670738 1c008cde 00379713 slli             x14, x15, 0x3       x14=00000018 x15:00000003
39218267ns          670739 1c008ce2 00279793 slli             x15, x15, 0x2       x15=0000000c x15:00000003
39218287ns          670740 1c008ce4 00d7f7b3 and              x15, x15, x13       x15=00000000 x15:0000000c x13:00001f80
39218307ns          670741 1c008ce6 ee873733 p.bclr           x14, x14, 23, 8     x14=00000018 x14:00000018
39218327ns          670742 1c008cea 1a10f6b7 lui              x13, 0x1a10f000     x13=1a10f000
39218347ns          670743 1c008cee 0ff57513 andi             x10, x10, 255       x10=00000064 x10:00000064
39218367ns          670744 1c008cf2 00d70733 add              x14, x14, x13       x14=1a10f018 x14:00000018 x13:1a10f000
39218386ns          670745 1c008cf4 00a7e723 p.sw             x10, x0(x15)        x10:00000064 x15:00000000  PA:1a10f018
39218705ns          670761 1c008cf8 00000513 addi             x10, x0, 0          x10=00000000
39218725ns          670762 1c008cfa 00008067 jalr             x0, x1, 0            x1:1c008da2
39218784ns          670765 1c008da2 31f52563 p.beqimm         x10, 778            x10:00000000
39218804ns          670766 1c008da6 001d8d93 addi             x27, x27, 1         x27=00000007 x27:00000006
39218824ns          670767 1c008da8 00044503 lbu              x10, 0(x8)          x10=00000020  x8:1c000023  PA:1c000023
39219122ns          670782 1c008dac 00140413 addi             x8, x8, 1            x8=1c000024  x8:1c000023
39219142ns          670783 1c008dae fe0514e3 bne              x10, x0, -24        x10:00000020
39219222ns          670787 1c008d96 02500793 addi             x15, x0, 37         x15=00000025
39219242ns          670788 1c008d9a 04f50863 beq              x10, x15, 80        x10:00000020 x15:00000025
39219262ns          670789 1c008d9e 01a005b3 add              x11, x0, x26        x11=00000002 x26:00000002
39219281ns          670790 1c008da0 000b00e7 jalr             x1, x22, 0           x1=1c008da2 x22:1c008cd4
39219321ns          670792 1c008cd4 000026b7 lui              x13, 0x2000         x13=00002000
39219341ns          670793 1c008cd6 f14027f3 csrrs            x15, x0, 0xf14      x15=00000003
39219361ns          670794 1c008cda f8068693 addi             x13, x13, -128      x13=00001f80 x13:00002000
39219381ns          670795 1c008cde 00379713 slli             x14, x15, 0x3       x14=00000018 x15:00000003
39219401ns          670796 1c008ce2 00279793 slli             x15, x15, 0x2       x15=0000000c x15:00000003
39219421ns          670797 1c008ce4 00d7f7b3 and              x15, x15, x13       x15=00000000 x15:0000000c x13:00001f80
39219441ns          670798 1c008ce6 ee873733 p.bclr           x14, x14, 23, 8     x14=00000018 x14:00000018
39219460ns          670799 1c008cea 1a10f6b7 lui              x13, 0x1a10f000     x13=1a10f000
39219480ns          670800 1c008cee 0ff57513 andi             x10, x10, 255       x10=00000020 x10:00000020
39219500ns          670801 1c008cf2 00d70733 add              x14, x14, x13       x14=1a10f018 x14:00000018 x13:1a10f000
39219520ns          670802 1c008cf4 00a7e723 p.sw             x10, x0(x15)        x10:00000020 x15:00000000  PA:1a10f018
39219878ns          670820 1c008cf8 00000513 addi             x10, x0, 0          x10=00000000
39219898ns          670821 1c008cfa 00008067 jalr             x0, x1, 0            x1:1c008da2
39219958ns          670824 1c008da2 31f52563 p.beqimm         x10, 778            x10:00000000
39219978ns          670825 1c008da6 001d8d93 addi             x27, x27, 1         x27=00000008 x27:00000007
39219997ns          670826 1c008da8 00044503 lbu              x10, 0(x8)          x10=00000063  x8:1c000024  PA:1c000024
39220296ns          670841 1c008dac 00140413 addi             x8, x8, 1            x8=1c000025  x8:1c000024
39220316ns          670842 1c008dae fe0514e3 bne              x10, x0, -24        x10:00000063
39220395ns          670846 1c008d96 02500793 addi             x15, x0, 37         x15=00000025
39220415ns          670847 1c008d9a 04f50863 beq              x10, x15, 80        x10:00000063 x15:00000025
39220435ns          670848 1c008d9e 01a005b3 add              x11, x0, x26        x11=00000002 x26:00000002
39220455ns          670849 1c008da0 000b00e7 jalr             x1, x22, 0           x1=1c008da2 x22:1c008cd4
39220495ns          670851 1c008cd4 000026b7 lui              x13, 0x2000         x13=00002000
39220514ns          670852 1c008cd6 f14027f3 csrrs            x15, x0, 0xf14      x15=00000003
39220534ns          670853 1c008cda f8068693 addi             x13, x13, -128      x13=00001f80 x13:00002000
39220554ns          670854 1c008cde 00379713 slli             x14, x15, 0x3       x14=00000018 x15:00000003
39220574ns          670855 1c008ce2 00279793 slli             x15, x15, 0x2       x15=0000000c x15:00000003
39220594ns          670856 1c008ce4 00d7f7b3 and              x15, x15, x13       x15=00000000 x15:0000000c x13:00001f80
39220614ns          670857 1c008ce6 ee873733 p.bclr           x14, x14, 23, 8     x14=00000018 x14:00000018
39220634ns          670858 1c008cea 1a10f6b7 lui              x13, 0x1a10f000     x13=1a10f000
39220654ns          670859 1c008cee 0ff57513 andi             x10, x10, 255       x10=00000063 x10:00000063
39220674ns          670860 1c008cf2 00d70733 add              x14, x14, x13       x14=1a10f018 x14:00000018 x13:1a10f000
39220693ns          670861 1c008cf4 00a7e723 p.sw             x10, x0(x15)        x10:00000063 x15:00000000  PA:1a10f018
39221012ns          670877 1c008cf8 00000513 addi             x10, x0, 0          x10=00000000
39221032ns          670878 1c008cfa 00008067 jalr             x0, x1, 0            x1:1c008da2
39221091ns          670881 1c008da2 31f52563 p.beqimm         x10, 778            x10:00000000
39221111ns          670882 1c008da6 001d8d93 addi             x27, x27, 1         x27=00000009 x27:00000008
39221131ns          670883 1c008da8 00044503 lbu              x10, 0(x8)          x10=0000006c  x8:1c000025  PA:1c000025
39221429ns          670898 1c008dac 00140413 addi             x8, x8, 1            x8=1c000026  x8:1c000025
39221449ns          670899 1c008dae fe0514e3 bne              x10, x0, -24        x10:0000006c
39221529ns          670903 1c008d96 02500793 addi             x15, x0, 37         x15=00000025
39221549ns          670904 1c008d9a 04f50863 beq              x10, x15, 80        x10:0000006c x15:00000025
39221569ns          670905 1c008d9e 01a005b3 add              x11, x0, x26        x11=00000002 x26:00000002
39221588ns          670906 1c008da0 000b00e7 jalr             x1, x22, 0           x1=1c008da2 x22:1c008cd4
39221628ns          670908 1c008cd4 000026b7 lui              x13, 0x2000         x13=00002000
39221648ns          670909 1c008cd6 f14027f3 csrrs            x15, x0, 0xf14      x15=00000003
39221668ns          670910 1c008cda f8068693 addi             x13, x13, -128      x13=00001f80 x13:00002000
39221688ns          670911 1c008cde 00379713 slli             x14, x15, 0x3       x14=00000018 x15:00000003
39221708ns          670912 1c008ce2 00279793 slli             x15, x15, 0x2       x15=0000000c x15:00000003
39221728ns          670913 1c008ce4 00d7f7b3 and              x15, x15, x13       x15=00000000 x15:0000000c x13:00001f80
39221748ns          670914 1c008ce6 ee873733 p.bclr           x14, x14, 23, 8     x14=00000018 x14:00000018
39221767ns          670915 1c008cea 1a10f6b7 lui              x13, 0x1a10f000     x13=1a10f000
39221787ns          670916 1c008cee 0ff57513 andi             x10, x10, 255       x10=0000006c x10:0000006c
39221807ns          670917 1c008cf2 00d70733 add              x14, x14, x13       x14=1a10f018 x14:00000018 x13:1a10f000
39221827ns          670918 1c008cf4 00a7e723 p.sw             x10, x0(x15)        x10:0000006c x15:00000000  PA:1a10f018
39222165ns          670935 1c008cf8 00000513 addi             x10, x0, 0          x10=00000000
39222185ns          670936 1c008cfa 00008067 jalr             x0, x1, 0            x1:1c008da2
39222245ns          670939 1c008da2 31f52563 p.beqimm         x10, 778            x10:00000000
39222265ns          670940 1c008da6 001d8d93 addi             x27, x27, 1         x27=0000000a x27:00000009
39222285ns          670941 1c008da8 00044503 lbu              x10, 0(x8)          x10=00000075  x8:1c000026  PA:1c000026
39222583ns          670956 1c008dac 00140413 addi             x8, x8, 1            x8=1c000027  x8:1c000026
39222603ns          670957 1c008dae fe0514e3 bne              x10, x0, -24        x10:00000075
39222682ns          670961 1c008d96 02500793 addi             x15, x0, 37         x15=00000025
39222702ns          670962 1c008d9a 04f50863 beq              x10, x15, 80        x10:00000075 x15:00000025
39222722ns          670963 1c008d9e 01a005b3 add              x11, x0, x26        x11=00000002 x26:00000002
39222742ns          670964 1c008da0 000b00e7 jalr             x1, x22, 0           x1=1c008da2 x22:1c008cd4
39222782ns          670966 1c008cd4 000026b7 lui              x13, 0x2000         x13=00002000
39222802ns          670967 1c008cd6 f14027f3 csrrs            x15, x0, 0xf14      x15=00000003
39222821ns          670968 1c008cda f8068693 addi             x13, x13, -128      x13=00001f80 x13:00002000
39222841ns          670969 1c008cde 00379713 slli             x14, x15, 0x3       x14=00000018 x15:00000003
39222861ns          670970 1c008ce2 00279793 slli             x15, x15, 0x2       x15=0000000c x15:00000003
39222881ns          670971 1c008ce4 00d7f7b3 and              x15, x15, x13       x15=00000000 x15:0000000c x13:00001f80
39222901ns          670972 1c008ce6 ee873733 p.bclr           x14, x14, 23, 8     x14=00000018 x14:00000018
39222921ns          670973 1c008cea 1a10f6b7 lui              x13, 0x1a10f000     x13=1a10f000
39222941ns          670974 1c008cee 0ff57513 andi             x10, x10, 255       x10=00000075 x10:00000075
39222961ns          670975 1c008cf2 00d70733 add              x14, x14, x13       x14=1a10f018 x14:00000018 x13:1a10f000
39222981ns          670976 1c008cf4 00a7e723 p.sw             x10, x0(x15)        x10:00000075 x15:00000000  PA:1a10f018
39223299ns          670992 1c008cf8 00000513 addi             x10, x0, 0          x10=00000000
39223319ns          670993 1c008cfa 00008067 jalr             x0, x1, 0            x1:1c008da2
39223378ns          670996 1c008da2 31f52563 p.beqimm         x10, 778            x10:00000000
39223398ns          670997 1c008da6 001d8d93 addi             x27, x27, 1         x27=0000000b x27:0000000a
39223418ns          670998 1c008da8 00044503 lbu              x10, 0(x8)          x10=00000073  x8:1c000027  PA:1c000027
39223716ns          671013 1c008dac 00140413 addi             x8, x8, 1            x8=1c000028  x8:1c000027
39223736ns          671014 1c008dae fe0514e3 bne              x10, x0, -24        x10:00000073
39223816ns          671018 1c008d96 02500793 addi             x15, x0, 37         x15=00000025
39223836ns          671019 1c008d9a 04f50863 beq              x10, x15, 80        x10:00000073 x15:00000025
39223856ns          671020 1c008d9e 01a005b3 add              x11, x0, x26        x11=00000002 x26:00000002
39223876ns          671021 1c008da0 000b00e7 jalr             x1, x22, 0           x1=1c008da2 x22:1c008cd4
39223915ns          671023 1c008cd4 000026b7 lui              x13, 0x2000         x13=00002000
39223935ns          671024 1c008cd6 f14027f3 csrrs            x15, x0, 0xf14      x15=00000003
39223955ns          671025 1c008cda f8068693 addi             x13, x13, -128      x13=00001f80 x13:00002000
39223975ns          671026 1c008cde 00379713 slli             x14, x15, 0x3       x14=00000018 x15:00000003
39223995ns          671027 1c008ce2 00279793 slli             x15, x15, 0x2       x15=0000000c x15:00000003
39224015ns          671028 1c008ce4 00d7f7b3 and              x15, x15, x13       x15=00000000 x15:0000000c x13:00001f80
39224035ns          671029 1c008ce6 ee873733 p.bclr           x14, x14, 23, 8     x14=00000018 x14:00000018
39224055ns          671030 1c008cea 1a10f6b7 lui              x13, 0x1a10f000     x13=1a10f000
39224074ns          671031 1c008cee 0ff57513 andi             x10, x10, 255       x10=00000073 x10:00000073
39224094ns          671032 1c008cf2 00d70733 add              x14, x14, x13       x14=1a10f018 x14:00000018 x13:1a10f000
39224114ns          671033 1c008cf4 00a7e723 p.sw             x10, x0(x15)        x10:00000073 x15:00000000  PA:1a10f018
39224452ns          671050 1c008cf8 00000513 addi             x10, x0, 0          x10=00000000
39224472ns          671051 1c008cfa 00008067 jalr             x0, x1, 0            x1:1c008da2
39224532ns          671054 1c008da2 31f52563 p.beqimm         x10, 778            x10:00000000
39224552ns          671055 1c008da6 001d8d93 addi             x27, x27, 1         x27=0000000c x27:0000000b
39224572ns          671056 1c008da8 00044503 lbu              x10, 0(x8)          x10=00000074  x8:1c000028  PA:1c000028
39224890ns          671072 1c008dac 00140413 addi             x8, x8, 1            x8=1c000029  x8:1c000028
39224910ns          671073 1c008dae fe0514e3 bne              x10, x0, -24        x10:00000074
39224989ns          671077 1c008d96 02500793 addi             x15, x0, 37         x15=00000025
39225009ns          671078 1c008d9a 04f50863 beq              x10, x15, 80        x10:00000074 x15:00000025
39225029ns          671079 1c008d9e 01a005b3 add              x11, x0, x26        x11=00000002 x26:00000002
39225049ns          671080 1c008da0 000b00e7 jalr             x1, x22, 0           x1=1c008da2 x22:1c008cd4
39225089ns          671082 1c008cd4 000026b7 lui              x13, 0x2000         x13=00002000
39225109ns          671083 1c008cd6 f14027f3 csrrs            x15, x0, 0xf14      x15=00000003
39225128ns          671084 1c008cda f8068693 addi             x13, x13, -128      x13=00001f80 x13:00002000
39225148ns          671085 1c008cde 00379713 slli             x14, x15, 0x3       x14=00000018 x15:00000003
39225168ns          671086 1c008ce2 00279793 slli             x15, x15, 0x2       x15=0000000c x15:00000003
39225188ns          671087 1c008ce4 00d7f7b3 and              x15, x15, x13       x15=00000000 x15:0000000c x13:00001f80
39225208ns          671088 1c008ce6 ee873733 p.bclr           x14, x14, 23, 8     x14=00000018 x14:00000018
39225228ns          671089 1c008cea 1a10f6b7 lui              x13, 0x1a10f000     x13=1a10f000
39225248ns          671090 1c008cee 0ff57513 andi             x10, x10, 255       x10=00000074 x10:00000074
39225268ns          671091 1c008cf2 00d70733 add              x14, x14, x13       x14=1a10f018 x14:00000018 x13:1a10f000
39225288ns          671092 1c008cf4 00a7e723 p.sw             x10, x0(x15)        x10:00000074 x15:00000000  PA:1a10f018
39225626ns          671109 1c008cf8 00000513 addi             x10, x0, 0          x10=00000000
39225646ns          671110 1c008cfa 00008067 jalr             x0, x1, 0            x1:1c008da2
39225705ns          671113 1c008da2 31f52563 p.beqimm         x10, 778            x10:00000000
39225725ns          671114 1c008da6 001d8d93 addi             x27, x27, 1         x27=0000000d x27:0000000c
39225745ns          671115 1c008da8 00044503 lbu              x10, 0(x8)          x10=00000065  x8:1c000029  PA:1c000029
39226043ns          671130 1c008dac 00140413 addi             x8, x8, 1            x8=1c00002a  x8:1c000029
39226063ns          671131 1c008dae fe0514e3 bne              x10, x0, -24        x10:00000065
39226143ns          671135 1c008d96 02500793 addi             x15, x0, 37         x15=00000025
39226163ns          671136 1c008d9a 04f50863 beq              x10, x15, 80        x10:00000065 x15:00000025
39226183ns          671137 1c008d9e 01a005b3 add              x11, x0, x26        x11=00000002 x26:00000002
39226202ns          671138 1c008da0 000b00e7 jalr             x1, x22, 0           x1=1c008da2 x22:1c008cd4
39226242ns          671140 1c008cd4 000026b7 lui              x13, 0x2000         x13=00002000
39226262ns          671141 1c008cd6 f14027f3 csrrs            x15, x0, 0xf14      x15=00000003
39226282ns          671142 1c008cda f8068693 addi             x13, x13, -128      x13=00001f80 x13:00002000
39226302ns          671143 1c008cde 00379713 slli             x14, x15, 0x3       x14=00000018 x15:00000003
39226322ns          671144 1c008ce2 00279793 slli             x15, x15, 0x2       x15=0000000c x15:00000003
39226342ns          671145 1c008ce4 00d7f7b3 and              x15, x15, x13       x15=00000000 x15:0000000c x13:00001f80
39226362ns          671146 1c008ce6 ee873733 p.bclr           x14, x14, 23, 8     x14=00000018 x14:00000018
39226381ns          671147 1c008cea 1a10f6b7 lui              x13, 0x1a10f000     x13=1a10f000
39226401ns          671148 1c008cee 0ff57513 andi             x10, x10, 255       x10=00000065 x10:00000065
39226421ns          671149 1c008cf2 00d70733 add              x14, x14, x13       x14=1a10f018 x14:00000018 x13:1a10f000
39226441ns          671150 1c008cf4 00a7e723 p.sw             x10, x0(x15)        x10:00000065 x15:00000000  PA:1a10f018
39226799ns          671168 1c008cf8 00000513 addi             x10, x0, 0          x10=00000000
39226819ns          671169 1c008cfa 00008067 jalr             x0, x1, 0            x1:1c008da2
39226879ns          671172 1c008da2 31f52563 p.beqimm         x10, 778            x10:00000000
39226899ns          671173 1c008da6 001d8d93 addi             x27, x27, 1         x27=0000000e x27:0000000d
39226918ns          671174 1c008da8 00044503 lbu              x10, 0(x8)          x10=00000072  x8:1c00002a  PA:1c00002a
39227217ns          671189 1c008dac 00140413 addi             x8, x8, 1            x8=1c00002b  x8:1c00002a
39227237ns          671190 1c008dae fe0514e3 bne              x10, x0, -24        x10:00000072
39227316ns          671194 1c008d96 02500793 addi             x15, x0, 37         x15=00000025
39227336ns          671195 1c008d9a 04f50863 beq              x10, x15, 80        x10:00000072 x15:00000025
39227356ns          671196 1c008d9e 01a005b3 add              x11, x0, x26        x11=00000002 x26:00000002
39227376ns          671197 1c008da0 000b00e7 jalr             x1, x22, 0           x1=1c008da2 x22:1c008cd4
39227416ns          671199 1c008cd4 000026b7 lui              x13, 0x2000         x13=00002000
39227436ns          671200 1c008cd6 f14027f3 csrrs            x15, x0, 0xf14      x15=00000003
39227455ns          671201 1c008cda f8068693 addi             x13, x13, -128      x13=00001f80 x13:00002000
39227475ns          671202 1c008cde 00379713 slli             x14, x15, 0x3       x14=00000018 x15:00000003
39227495ns          671203 1c008ce2 00279793 slli             x15, x15, 0x2       x15=0000000c x15:00000003
39227515ns          671204 1c008ce4 00d7f7b3 and              x15, x15, x13       x15=00000000 x15:0000000c x13:00001f80
39227535ns          671205 1c008ce6 ee873733 p.bclr           x14, x14, 23, 8     x14=00000018 x14:00000018
39227555ns          671206 1c008cea 1a10f6b7 lui              x13, 0x1a10f000     x13=1a10f000
39227575ns          671207 1c008cee 0ff57513 andi             x10, x10, 255       x10=00000072 x10:00000072
39227595ns          671208 1c008cf2 00d70733 add              x14, x14, x13       x14=1a10f018 x14:00000018 x13:1a10f000
39227614ns          671209 1c008cf4 00a7e723 p.sw             x10, x0(x15)        x10:00000072 x15:00000000  PA:1a10f018
39227953ns          671226 1c008cf8 00000513 addi             x10, x0, 0          x10=00000000
39227972ns          671227 1c008cfa 00008067 jalr             x0, x1, 0            x1:1c008da2
39228032ns          671230 1c008da2 31f52563 p.beqimm         x10, 778            x10:00000000
39228052ns          671231 1c008da6 001d8d93 addi             x27, x27, 1         x27=0000000f x27:0000000e
39228072ns          671232 1c008da8 00044503 lbu              x10, 0(x8)          x10=00000020  x8:1c00002b  PA:1c00002b
39228370ns          671247 1c008dac 00140413 addi             x8, x8, 1            x8=1c00002c  x8:1c00002b
39228390ns          671248 1c008dae fe0514e3 bne              x10, x0, -24        x10:00000020
39228470ns          671252 1c008d96 02500793 addi             x15, x0, 37         x15=00000025
39228490ns          671253 1c008d9a 04f50863 beq              x10, x15, 80        x10:00000020 x15:00000025
39228509ns          671254 1c008d9e 01a005b3 add              x11, x0, x26        x11=00000002 x26:00000002
39228529ns          671255 1c008da0 000b00e7 jalr             x1, x22, 0           x1=1c008da2 x22:1c008cd4
39228569ns          671257 1c008cd4 000026b7 lui              x13, 0x2000         x13=00002000
39228589ns          671258 1c008cd6 f14027f3 csrrs            x15, x0, 0xf14      x15=00000003
39228609ns          671259 1c008cda f8068693 addi             x13, x13, -128      x13=00001f80 x13:00002000
39228629ns          671260 1c008cde 00379713 slli             x14, x15, 0x3       x14=00000018 x15:00000003
39228649ns          671261 1c008ce2 00279793 slli             x15, x15, 0x2       x15=0000000c x15:00000003
39228669ns          671262 1c008ce4 00d7f7b3 and              x15, x15, x13       x15=00000000 x15:0000000c x13:00001f80
39228688ns          671263 1c008ce6 ee873733 p.bclr           x14, x14, 23, 8     x14=00000018 x14:00000018
39228708ns          671264 1c008cea 1a10f6b7 lui              x13, 0x1a10f000     x13=1a10f000
39228728ns          671265 1c008cee 0ff57513 andi             x10, x10, 255       x10=00000020 x10:00000020
39228748ns          671266 1c008cf2 00d70733 add              x14, x14, x13       x14=1a10f018 x14:00000018 x13:1a10f000
39228768ns          671267 1c008cf4 00a7e723 p.sw             x10, x0(x15)        x10:00000020 x15:00000000  PA:1a10f018
39229106ns          671284 1c008cf8 00000513 addi             x10, x0, 0          x10=00000000
39229126ns          671285 1c008cfa 00008067 jalr             x0, x1, 0            x1:1c008da2
39229186ns          671288 1c008da2 31f52563 p.beqimm         x10, 778            x10:00000000
39229206ns          671289 1c008da6 001d8d93 addi             x27, x27, 1         x27=00000010 x27:0000000f
39229225ns          671290 1c008da8 00044503 lbu              x10, 0(x8)          x10=0000006f  x8:1c00002c  PA:1c00002c
39229524ns          671305 1c008dac 00140413 addi             x8, x8, 1            x8=1c00002d  x8:1c00002c
39229544ns          671306 1c008dae fe0514e3 bne              x10, x0, -24        x10:0000006f
39229623ns          671310 1c008d96 02500793 addi             x15, x0, 37         x15=00000025
39229643ns          671311 1c008d9a 04f50863 beq              x10, x15, 80        x10:0000006f x15:00000025
39229663ns          671312 1c008d9e 01a005b3 add              x11, x0, x26        x11=00000002 x26:00000002
39229683ns          671313 1c008da0 000b00e7 jalr             x1, x22, 0           x1=1c008da2 x22:1c008cd4
39229723ns          671315 1c008cd4 000026b7 lui              x13, 0x2000         x13=00002000
39229743ns          671316 1c008cd6 f14027f3 csrrs            x15, x0, 0xf14      x15=00000003
39229762ns          671317 1c008cda f8068693 addi             x13, x13, -128      x13=00001f80 x13:00002000
39229782ns          671318 1c008cde 00379713 slli             x14, x15, 0x3       x14=00000018 x15:00000003
39229802ns          671319 1c008ce2 00279793 slli             x15, x15, 0x2       x15=0000000c x15:00000003
39229822ns          671320 1c008ce4 00d7f7b3 and              x15, x15, x13       x15=00000000 x15:0000000c x13:00001f80
39229842ns          671321 1c008ce6 ee873733 p.bclr           x14, x14, 23, 8     x14=00000018 x14:00000018
39229862ns          671322 1c008cea 1a10f6b7 lui              x13, 0x1a10f000     x13=1a10f000
39229882ns          671323 1c008cee 0ff57513 andi             x10, x10, 255       x10=0000006f x10:0000006f
39229902ns          671324 1c008cf2 00d70733 add              x14, x14, x13       x14=1a10f018 x14:00000018 x13:1a10f000
39229922ns          671325 1c008cf4 00a7e723 p.sw             x10, x0(x15)        x10:0000006f x15:00000000  PA:1a10f018
39230260ns          671342 1c008cf8 00000513 addi             x10, x0, 0          x10=00000000
39230279ns          671343 1c008cfa 00008067 jalr             x0, x1, 0            x1:1c008da2
39230339ns          671346 1c008da2 31f52563 p.beqimm         x10, 778            x10:00000000
39230359ns          671347 1c008da6 001d8d93 addi             x27, x27, 1         x27=00000011 x27:00000010
39230379ns          671348 1c008da8 00044503 lbu              x10, 0(x8)          x10=0000006e  x8:1c00002d  PA:1c00002d
39230677ns          671363 1c008dac 00140413 addi             x8, x8, 1            x8=1c00002e  x8:1c00002d
39230697ns          671364 1c008dae fe0514e3 bne              x10, x0, -24        x10:0000006e
39230777ns          671368 1c008d96 02500793 addi             x15, x0, 37         x15=00000025
39230797ns          671369 1c008d9a 04f50863 beq              x10, x15, 80        x10:0000006e x15:00000025
39230816ns          671370 1c008d9e 01a005b3 add              x11, x0, x26        x11=00000002 x26:00000002
39230836ns          671371 1c008da0 000b00e7 jalr             x1, x22, 0           x1=1c008da2 x22:1c008cd4
39230876ns          671373 1c008cd4 000026b7 lui              x13, 0x2000         x13=00002000
39230896ns          671374 1c008cd6 f14027f3 csrrs            x15, x0, 0xf14      x15=00000003
39230916ns          671375 1c008cda f8068693 addi             x13, x13, -128      x13=00001f80 x13:00002000
39230936ns          671376 1c008cde 00379713 slli             x14, x15, 0x3       x14=00000018 x15:00000003
39230956ns          671377 1c008ce2 00279793 slli             x15, x15, 0x2       x15=0000000c x15:00000003
39230976ns          671378 1c008ce4 00d7f7b3 and              x15, x15, x13       x15=00000000 x15:0000000c x13:00001f80
39230995ns          671379 1c008ce6 ee873733 p.bclr           x14, x14, 23, 8     x14=00000018 x14:00000018
39231015ns          671380 1c008cea 1a10f6b7 lui              x13, 0x1a10f000     x13=1a10f000
39231035ns          671381 1c008cee 0ff57513 andi             x10, x10, 255       x10=0000006e x10:0000006e
39231055ns          671382 1c008cf2 00d70733 add              x14, x14, x13       x14=1a10f018 x14:00000018 x13:1a10f000
39231075ns          671383 1c008cf4 00a7e723 p.sw             x10, x0(x15)        x10:0000006e x15:00000000  PA:1a10f018
39231413ns          671400 1c008cf8 00000513 addi             x10, x0, 0          x10=00000000
39231433ns          671401 1c008cfa 00008067 jalr             x0, x1, 0            x1:1c008da2
39231493ns          671404 1c008da2 31f52563 p.beqimm         x10, 778            x10:00000000
39231513ns          671405 1c008da6 001d8d93 addi             x27, x27, 1         x27=00000012 x27:00000011
39231532ns          671406 1c008da8 00044503 lbu              x10, 0(x8)          x10=00000020  x8:1c00002e  PA:1c00002e
39231831ns          671421 1c008dac 00140413 addi             x8, x8, 1            x8=1c00002f  x8:1c00002e
39231851ns          671422 1c008dae fe0514e3 bne              x10, x0, -24        x10:00000020
39231930ns          671426 1c008d96 02500793 addi             x15, x0, 37         x15=00000025
39231950ns          671427 1c008d9a 04f50863 beq              x10, x15, 80        x10:00000020 x15:00000025
39231970ns          671428 1c008d9e 01a005b3 add              x11, x0, x26        x11=00000002 x26:00000002
39231990ns          671429 1c008da0 000b00e7 jalr             x1, x22, 0           x1=1c008da2 x22:1c008cd4
39232030ns          671431 1c008cd4 000026b7 lui              x13, 0x2000         x13=00002000
39232050ns          671432 1c008cd6 f14027f3 csrrs            x15, x0, 0xf14      x15=00000003
39232069ns          671433 1c008cda f8068693 addi             x13, x13, -128      x13=00001f80 x13:00002000
39232089ns          671434 1c008cde 00379713 slli             x14, x15, 0x3       x14=00000018 x15:00000003
39232109ns          671435 1c008ce2 00279793 slli             x15, x15, 0x2       x15=0000000c x15:00000003
39232129ns          671436 1c008ce4 00d7f7b3 and              x15, x15, x13       x15=00000000 x15:0000000c x13:00001f80
39232149ns          671437 1c008ce6 ee873733 p.bclr           x14, x14, 23, 8     x14=00000018 x14:00000018
39232169ns          671438 1c008cea 1a10f6b7 lui              x13, 0x1a10f000     x13=1a10f000
39232189ns          671439 1c008cee 0ff57513 andi             x10, x10, 255       x10=00000020 x10:00000020
39232209ns          671440 1c008cf2 00d70733 add              x14, x14, x13       x14=1a10f018 x14:00000018 x13:1a10f000
39232229ns          671441 1c008cf4 00a7e723 p.sw             x10, x0(x15)        x10:00000020 x15:00000000  PA:1a10f018
39232547ns          671457 1c008cf8 00000513 addi             x10, x0, 0          x10=00000000
39232567ns          671458 1c008cfa 00008067 jalr             x0, x1, 0            x1:1c008da2
39232626ns          671461 1c008da2 31f52563 p.beqimm         x10, 778            x10:00000000
39232646ns          671462 1c008da6 001d8d93 addi             x27, x27, 1         x27=00000013 x27:00000012
39232666ns          671463 1c008da8 00044503 lbu              x10, 0(x8)          x10=00000063  x8:1c00002f  PA:1c00002f
39232964ns          671478 1c008dac 00140413 addi             x8, x8, 1            x8=1c000030  x8:1c00002f
39232984ns          671479 1c008dae fe0514e3 bne              x10, x0, -24        x10:00000063
39233064ns          671483 1c008d96 02500793 addi             x15, x0, 37         x15=00000025
39233084ns          671484 1c008d9a 04f50863 beq              x10, x15, 80        x10:00000063 x15:00000025
39233104ns          671485 1c008d9e 01a005b3 add              x11, x0, x26        x11=00000002 x26:00000002
39233123ns          671486 1c008da0 000b00e7 jalr             x1, x22, 0           x1=1c008da2 x22:1c008cd4
39233163ns          671488 1c008cd4 000026b7 lui              x13, 0x2000         x13=00002000
39233183ns          671489 1c008cd6 f14027f3 csrrs            x15, x0, 0xf14      x15=00000003
39233203ns          671490 1c008cda f8068693 addi             x13, x13, -128      x13=00001f80 x13:00002000
39233223ns          671491 1c008cde 00379713 slli             x14, x15, 0x3       x14=00000018 x15:00000003
39233243ns          671492 1c008ce2 00279793 slli             x15, x15, 0x2       x15=0000000c x15:00000003
39233263ns          671493 1c008ce4 00d7f7b3 and              x15, x15, x13       x15=00000000 x15:0000000c x13:00001f80
39233283ns          671494 1c008ce6 ee873733 p.bclr           x14, x14, 23, 8     x14=00000018 x14:00000018
39233302ns          671495 1c008cea 1a10f6b7 lui              x13, 0x1a10f000     x13=1a10f000
39233322ns          671496 1c008cee 0ff57513 andi             x10, x10, 255       x10=00000063 x10:00000063
39233342ns          671497 1c008cf2 00d70733 add              x14, x14, x13       x14=1a10f018 x14:00000018 x13:1a10f000
39233362ns          671498 1c008cf4 00a7e723 p.sw             x10, x0(x15)        x10:00000063 x15:00000000  PA:1a10f018
39233700ns          671515 1c008cf8 00000513 addi             x10, x0, 0          x10=00000000
39233720ns          671516 1c008cfa 00008067 jalr             x0, x1, 0            x1:1c008da2
39233780ns          671519 1c008da2 31f52563 p.beqimm         x10, 778            x10:00000000
39233800ns          671520 1c008da6 001d8d93 addi             x27, x27, 1         x27=00000014 x27:00000013
39233820ns          671521 1c008da8 00044503 lbu              x10, 0(x8)          x10=0000006c  x8:1c000030  PA:1c000030
39234138ns          671537 1c008dac 00140413 addi             x8, x8, 1            x8=1c000031  x8:1c000030
39234158ns          671538 1c008dae fe0514e3 bne              x10, x0, -24        x10:0000006c
39234237ns          671542 1c008d96 02500793 addi             x15, x0, 37         x15=00000025
39234257ns          671543 1c008d9a 04f50863 beq              x10, x15, 80        x10:0000006c x15:00000025
39234277ns          671544 1c008d9e 01a005b3 add              x11, x0, x26        x11=00000002 x26:00000002
39234297ns          671545 1c008da0 000b00e7 jalr             x1, x22, 0           x1=1c008da2 x22:1c008cd4
39234337ns          671547 1c008cd4 000026b7 lui              x13, 0x2000         x13=00002000
39234357ns          671548 1c008cd6 f14027f3 csrrs            x15, x0, 0xf14      x15=00000003
39234376ns          671549 1c008cda f8068693 addi             x13, x13, -128      x13=00001f80 x13:00002000
39234396ns          671550 1c008cde 00379713 slli             x14, x15, 0x3       x14=00000018 x15:00000003
39234416ns          671551 1c008ce2 00279793 slli             x15, x15, 0x2       x15=0000000c x15:00000003
39234436ns          671552 1c008ce4 00d7f7b3 and              x15, x15, x13       x15=00000000 x15:0000000c x13:00001f80
39234456ns          671553 1c008ce6 ee873733 p.bclr           x14, x14, 23, 8     x14=00000018 x14:00000018
39234476ns          671554 1c008cea 1a10f6b7 lui              x13, 0x1a10f000     x13=1a10f000
39234496ns          671555 1c008cee 0ff57513 andi             x10, x10, 255       x10=0000006c x10:0000006c
39234516ns          671556 1c008cf2 00d70733 add              x14, x14, x13       x14=1a10f018 x14:00000018 x13:1a10f000
39234536ns          671557 1c008cf4 00a7e723 p.sw             x10, x0(x15)        x10:0000006c x15:00000000  PA:1a10f018
39234874ns          671574 1c008cf8 00000513 addi             x10, x0, 0          x10=00000000
39234894ns          671575 1c008cfa 00008067 jalr             x0, x1, 0            x1:1c008da2
39234953ns          671578 1c008da2 31f52563 p.beqimm         x10, 778            x10:00000000
39234973ns          671579 1c008da6 001d8d93 addi             x27, x27, 1         x27=00000015 x27:00000014
39234993ns          671580 1c008da8 00044503 lbu              x10, 0(x8)          x10=00000075  x8:1c000031  PA:1c000031
39235291ns          671595 1c008dac 00140413 addi             x8, x8, 1            x8=1c000032  x8:1c000031
39235311ns          671596 1c008dae fe0514e3 bne              x10, x0, -24        x10:00000075
39235391ns          671600 1c008d96 02500793 addi             x15, x0, 37         x15=00000025
39235411ns          671601 1c008d9a 04f50863 beq              x10, x15, 80        x10:00000075 x15:00000025
39235430ns          671602 1c008d9e 01a005b3 add              x11, x0, x26        x11=00000002 x26:00000002
39235450ns          671603 1c008da0 000b00e7 jalr             x1, x22, 0           x1=1c008da2 x22:1c008cd4
39235490ns          671605 1c008cd4 000026b7 lui              x13, 0x2000         x13=00002000
39235510ns          671606 1c008cd6 f14027f3 csrrs            x15, x0, 0xf14      x15=00000003
39235530ns          671607 1c008cda f8068693 addi             x13, x13, -128      x13=00001f80 x13:00002000
39235550ns          671608 1c008cde 00379713 slli             x14, x15, 0x3       x14=00000018 x15:00000003
39235570ns          671609 1c008ce2 00279793 slli             x15, x15, 0x2       x15=0000000c x15:00000003
39235590ns          671610 1c008ce4 00d7f7b3 and              x15, x15, x13       x15=00000000 x15:0000000c x13:00001f80
39235609ns          671611 1c008ce6 ee873733 p.bclr           x14, x14, 23, 8     x14=00000018 x14:00000018
39235629ns          671612 1c008cea 1a10f6b7 lui              x13, 0x1a10f000     x13=1a10f000
39235649ns          671613 1c008cee 0ff57513 andi             x10, x10, 255       x10=00000075 x10:00000075
39235669ns          671614 1c008cf2 00d70733 add              x14, x14, x13       x14=1a10f018 x14:00000018 x13:1a10f000
39235689ns          671615 1c008cf4 00a7e723 p.sw             x10, x0(x15)        x10:00000075 x15:00000000  PA:1a10f018
39236047ns          671633 1c008cf8 00000513 addi             x10, x0, 0          x10=00000000
39236067ns          671634 1c008cfa 00008067 jalr             x0, x1, 0            x1:1c008da2
39236127ns          671637 1c008da2 31f52563 p.beqimm         x10, 778            x10:00000000
39236146ns          671638 1c008da6 001d8d93 addi             x27, x27, 1         x27=00000016 x27:00000015
39236166ns          671639 1c008da8 00044503 lbu              x10, 0(x8)          x10=00000073  x8:1c000032  PA:1c000032
39236465ns          671654 1c008dac 00140413 addi             x8, x8, 1            x8=1c000033  x8:1c000032
39236485ns          671655 1c008dae fe0514e3 bne              x10, x0, -24        x10:00000073
39236564ns          671659 1c008d96 02500793 addi             x15, x0, 37         x15=00000025
39236584ns          671660 1c008d9a 04f50863 beq              x10, x15, 80        x10:00000073 x15:00000025
39236604ns          671661 1c008d9e 01a005b3 add              x11, x0, x26        x11=00000002 x26:00000002
39236624ns          671662 1c008da0 000b00e7 jalr             x1, x22, 0           x1=1c008da2 x22:1c008cd4
39236664ns          671664 1c008cd4 000026b7 lui              x13, 0x2000         x13=00002000
39236683ns          671665 1c008cd6 f14027f3 csrrs            x15, x0, 0xf14      x15=00000003
39236703ns          671666 1c008cda f8068693 addi             x13, x13, -128      x13=00001f80 x13:00002000
39236723ns          671667 1c008cde 00379713 slli             x14, x15, 0x3       x14=00000018 x15:00000003
39236743ns          671668 1c008ce2 00279793 slli             x15, x15, 0x2       x15=0000000c x15:00000003
39236763ns          671669 1c008ce4 00d7f7b3 and              x15, x15, x13       x15=00000000 x15:0000000c x13:00001f80
39236783ns          671670 1c008ce6 ee873733 p.bclr           x14, x14, 23, 8     x14=00000018 x14:00000018
39236803ns          671671 1c008cea 1a10f6b7 lui              x13, 0x1a10f000     x13=1a10f000
39236823ns          671672 1c008cee 0ff57513 andi             x10, x10, 255       x10=00000073 x10:00000073
39236843ns          671673 1c008cf2 00d70733 add              x14, x14, x13       x14=1a10f018 x14:00000018 x13:1a10f000
39236862ns          671674 1c008cf4 00a7e723 p.sw             x10, x0(x15)        x10:00000073 x15:00000000  PA:1a10f018
39237181ns          671690 1c008cf8 00000513 addi             x10, x0, 0          x10=00000000
39237201ns          671691 1c008cfa 00008067 jalr             x0, x1, 0            x1:1c008da2
39237260ns          671694 1c008da2 31f52563 p.beqimm         x10, 778            x10:00000000
39237280ns          671695 1c008da6 001d8d93 addi             x27, x27, 1         x27=00000017 x27:00000016
39237300ns          671696 1c008da8 00044503 lbu              x10, 0(x8)          x10=00000074  x8:1c000033  PA:1c000033
39237598ns          671711 1c008dac 00140413 addi             x8, x8, 1            x8=1c000034  x8:1c000033
39237618ns          671712 1c008dae fe0514e3 bne              x10, x0, -24        x10:00000074
39237698ns          671716 1c008d96 02500793 addi             x15, x0, 37         x15=00000025
39237718ns          671717 1c008d9a 04f50863 beq              x10, x15, 80        x10:00000074 x15:00000025
39237737ns          671718 1c008d9e 01a005b3 add              x11, x0, x26        x11=00000002 x26:00000002
39237757ns          671719 1c008da0 000b00e7 jalr             x1, x22, 0           x1=1c008da2 x22:1c008cd4
39237797ns          671721 1c008cd4 000026b7 lui              x13, 0x2000         x13=00002000
39237817ns          671722 1c008cd6 f14027f3 csrrs            x15, x0, 0xf14      x15=00000003
39237837ns          671723 1c008cda f8068693 addi             x13, x13, -128      x13=00001f80 x13:00002000
39237857ns          671724 1c008cde 00379713 slli             x14, x15, 0x3       x14=00000018 x15:00000003
39237877ns          671725 1c008ce2 00279793 slli             x15, x15, 0x2       x15=0000000c x15:00000003
39237897ns          671726 1c008ce4 00d7f7b3 and              x15, x15, x13       x15=00000000 x15:0000000c x13:00001f80
39237916ns          671727 1c008ce6 ee873733 p.bclr           x14, x14, 23, 8     x14=00000018 x14:00000018
39237936ns          671728 1c008cea 1a10f6b7 lui              x13, 0x1a10f000     x13=1a10f000
39237956ns          671729 1c008cee 0ff57513 andi             x10, x10, 255       x10=00000074 x10:00000074
39237976ns          671730 1c008cf2 00d70733 add              x14, x14, x13       x14=1a10f018 x14:00000018 x13:1a10f000
39237996ns          671731 1c008cf4 00a7e723 p.sw             x10, x0(x15)        x10:00000074 x15:00000000  PA:1a10f018
39238334ns          671748 1c008cf8 00000513 addi             x10, x0, 0          x10=00000000
39238354ns          671749 1c008cfa 00008067 jalr             x0, x1, 0            x1:1c008da2
39238414ns          671752 1c008da2 31f52563 p.beqimm         x10, 778            x10:00000000
39238434ns          671753 1c008da6 001d8d93 addi             x27, x27, 1         x27=00000018 x27:00000017
39238453ns          671754 1c008da8 00044503 lbu              x10, 0(x8)          x10=00000065  x8:1c000034  PA:1c000034
39238752ns          671769 1c008dac 00140413 addi             x8, x8, 1            x8=1c000035  x8:1c000034
39238772ns          671770 1c008dae fe0514e3 bne              x10, x0, -24        x10:00000065
39238851ns          671774 1c008d96 02500793 addi             x15, x0, 37         x15=00000025
39238871ns          671775 1c008d9a 04f50863 beq              x10, x15, 80        x10:00000065 x15:00000025
39238891ns          671776 1c008d9e 01a005b3 add              x11, x0, x26        x11=00000002 x26:00000002
39238911ns          671777 1c008da0 000b00e7 jalr             x1, x22, 0           x1=1c008da2 x22:1c008cd4
39238951ns          671779 1c008cd4 000026b7 lui              x13, 0x2000         x13=00002000
39238971ns          671780 1c008cd6 f14027f3 csrrs            x15, x0, 0xf14      x15=00000003
39238990ns          671781 1c008cda f8068693 addi             x13, x13, -128      x13=00001f80 x13:00002000
39239010ns          671782 1c008cde 00379713 slli             x14, x15, 0x3       x14=00000018 x15:00000003
39239030ns          671783 1c008ce2 00279793 slli             x15, x15, 0x2       x15=0000000c x15:00000003
39239050ns          671784 1c008ce4 00d7f7b3 and              x15, x15, x13       x15=00000000 x15:0000000c x13:00001f80
39239070ns          671785 1c008ce6 ee873733 p.bclr           x14, x14, 23, 8     x14=00000018 x14:00000018
39239090ns          671786 1c008cea 1a10f6b7 lui              x13, 0x1a10f000     x13=1a10f000
39239110ns          671787 1c008cee 0ff57513 andi             x10, x10, 255       x10=00000065 x10:00000065
39239130ns          671788 1c008cf2 00d70733 add              x14, x14, x13       x14=1a10f018 x14:00000018 x13:1a10f000
39239150ns          671789 1c008cf4 00a7e723 p.sw             x10, x0(x15)        x10:00000065 x15:00000000  PA:1a10f018
39239488ns          671806 1c008cf8 00000513 addi             x10, x0, 0          x10=00000000
39239508ns          671807 1c008cfa 00008067 jalr             x0, x1, 0            x1:1c008da2
39239567ns          671810 1c008da2 31f52563 p.beqimm         x10, 778            x10:00000000
39239587ns          671811 1c008da6 001d8d93 addi             x27, x27, 1         x27=00000019 x27:00000018
39239607ns          671812 1c008da8 00044503 lbu              x10, 0(x8)          x10=00000072  x8:1c000035  PA:1c000035
39239905ns          671827 1c008dac 00140413 addi             x8, x8, 1            x8=1c000036  x8:1c000035
39239925ns          671828 1c008dae fe0514e3 bne              x10, x0, -24        x10:00000072
39240005ns          671832 1c008d96 02500793 addi             x15, x0, 37         x15=00000025
39240025ns          671833 1c008d9a 04f50863 beq              x10, x15, 80        x10:00000072 x15:00000025
39240044ns          671834 1c008d9e 01a005b3 add              x11, x0, x26        x11=00000002 x26:00000002
39240064ns          671835 1c008da0 000b00e7 jalr             x1, x22, 0           x1=1c008da2 x22:1c008cd4
39240104ns          671837 1c008cd4 000026b7 lui              x13, 0x2000         x13=00002000
39240124ns          671838 1c008cd6 f14027f3 csrrs            x15, x0, 0xf14      x15=00000003
39240144ns          671839 1c008cda f8068693 addi             x13, x13, -128      x13=00001f80 x13:00002000
39240164ns          671840 1c008cde 00379713 slli             x14, x15, 0x3       x14=00000018 x15:00000003
39240184ns          671841 1c008ce2 00279793 slli             x15, x15, 0x2       x15=0000000c x15:00000003
39240204ns          671842 1c008ce4 00d7f7b3 and              x15, x15, x13       x15=00000000 x15:0000000c x13:00001f80
39240223ns          671843 1c008ce6 ee873733 p.bclr           x14, x14, 23, 8     x14=00000018 x14:00000018
39240243ns          671844 1c008cea 1a10f6b7 lui              x13, 0x1a10f000     x13=1a10f000
39240263ns          671845 1c008cee 0ff57513 andi             x10, x10, 255       x10=00000072 x10:00000072
39240283ns          671846 1c008cf2 00d70733 add              x14, x14, x13       x14=1a10f018 x14:00000018 x13:1a10f000
39240303ns          671847 1c008cf4 00a7e723 p.sw             x10, x0(x15)        x10:00000072 x15:00000000  PA:1a10f018
39240661ns          671865 1c008cf8 00000513 addi             x10, x0, 0          x10=00000000
39240681ns          671866 1c008cfa 00008067 jalr             x0, x1, 0            x1:1c008da2
39240741ns          671869 1c008da2 31f52563 p.beqimm         x10, 778            x10:00000000
39240760ns          671870 1c008da6 001d8d93 addi             x27, x27, 1         x27=0000001a x27:00000019
39240780ns          671871 1c008da8 00044503 lbu              x10, 0(x8)          x10=00000020  x8:1c000036  PA:1c000036
39241079ns          671886 1c008dac 00140413 addi             x8, x8, 1            x8=1c000037  x8:1c000036
39241099ns          671887 1c008dae fe0514e3 bne              x10, x0, -24        x10:00000020
39241178ns          671891 1c008d96 02500793 addi             x15, x0, 37         x15=00000025
39241198ns          671892 1c008d9a 04f50863 beq              x10, x15, 80        x10:00000020 x15:00000025
39241218ns          671893 1c008d9e 01a005b3 add              x11, x0, x26        x11=00000002 x26:00000002
39241238ns          671894 1c008da0 000b00e7 jalr             x1, x22, 0           x1=1c008da2 x22:1c008cd4
39241278ns          671896 1c008cd4 000026b7 lui              x13, 0x2000         x13=00002000
39241297ns          671897 1c008cd6 f14027f3 csrrs            x15, x0, 0xf14      x15=00000003
39241317ns          671898 1c008cda f8068693 addi             x13, x13, -128      x13=00001f80 x13:00002000
39241337ns          671899 1c008cde 00379713 slli             x14, x15, 0x3       x14=00000018 x15:00000003
39241357ns          671900 1c008ce2 00279793 slli             x15, x15, 0x2       x15=0000000c x15:00000003
39241377ns          671901 1c008ce4 00d7f7b3 and              x15, x15, x13       x15=00000000 x15:0000000c x13:00001f80
39241397ns          671902 1c008ce6 ee873733 p.bclr           x14, x14, 23, 8     x14=00000018 x14:00000018
39241417ns          671903 1c008cea 1a10f6b7 lui              x13, 0x1a10f000     x13=1a10f000
39241437ns          671904 1c008cee 0ff57513 andi             x10, x10, 255       x10=00000020 x10:00000020
39241457ns          671905 1c008cf2 00d70733 add              x14, x14, x13       x14=1a10f018 x14:00000018 x13:1a10f000
39241476ns          671906 1c008cf4 00a7e723 p.sw             x10, x0(x15)        x10:00000020 x15:00000000  PA:1a10f018
39241795ns          671922 1c008cf8 00000513 addi             x10, x0, 0          x10=00000000
39241815ns          671923 1c008cfa 00008067 jalr             x0, x1, 0            x1:1c008da2
39241874ns          671926 1c008da2 31f52563 p.beqimm         x10, 778            x10:00000000
39241894ns          671927 1c008da6 001d8d93 addi             x27, x27, 1         x27=0000001b x27:0000001a
39241914ns          671928 1c008da8 00044503 lbu              x10, 0(x8)          x10=00000025  x8:1c000037  PA:1c000037
39242212ns          671943 1c008dac 00140413 addi             x8, x8, 1            x8=1c000038  x8:1c000037
39242232ns          671944 1c008dae fe0514e3 bne              x10, x0, -24        x10:00000025
39242312ns          671948 1c008d96 02500793 addi             x15, x0, 37         x15=00000025
39242332ns          671949 1c008d9a 04f50863 beq              x10, x15, 80        x10:00000025 x15:00000025
39242709ns          671968 1c008dea 00044483 lbu              x9, 0(x8)            x9=00000064  x8:1c000038  PA:1c000038
39243187ns          671992 1c008dee 02000693 addi             x13, x0, 32         x13=00000020
39243207ns          671993 1c008df2 00140a93 addi             x21, x8, 1          x21=1c000039  x8:1c000038
39243227ns          671994 1c008df6 009005b3 add              x11, x0, x9         x11=00000064  x9:00000064
39243246ns          671995 1c008df8 0a4b8513 addi             x10, x23, 164       x10=1c0000a4 x23:1c000000
39243266ns          671996 1c008dfc 00d12823 sw               x13, 16(x2)         x13:00000020  x2:10001e18  PA:10001e28
39243286ns          671997 1c008dfe 00012c23 sw               x0, 24(x2)           x2:10001e18  PA:10001e30
39243684ns          672017 1c008e00 00012a23 sw               x0, 20(x2)           x2:10001e18  PA:10001e2c
39243704ns          672018 1c008e02 00012e23 sw               x0, 28(x2)           x2:10001e18  PA:10001e34
39243724ns          672019 1c008e04 00012623 sw               x0, 12(x2)           x2:10001e18  PA:10001e24
39243744ns          672020 1c008e06 02300913 addi             x18, x0, 35         x18=00000023
39243764ns          672021 1c008e0a 02d00a13 addi             x20, x0, 45         x20=0000002d
39243783ns          672022 1c008e0e 015009b3 add              x19, x0, x21        x19=1c000039 x21:1c000039
39244201ns          672043 1c008e10 e45ff0ef jal              x1, -444             x1=1c008e12
39244659ns          672066 1c008c54 00054783 lbu              x15, 0(x10)         x15=0000002d x10:1c0000a4  PA:1c0000a4
39245136ns          672090 1c008c58 0ff5f593 andi             x11, x11, 255       x11=00000064 x11:00000064
39245156ns          672091 1c008c5c 00b78c63 beq              x15, x11, 24        x15:0000002d x11:00000064
39245176ns          672092 1c008c60 00078b63 beq              x15, x0, 22         x15:0000002d
39245195ns          672093 1c008c62 00150793 addi             x15, x10, 1         x15=1c0000a5 x10:1c0000a4
39245215ns          672094 1c008c66 0040006f jal              x0, 4              
39245255ns          672096 1c008c6a 00f00533 add              x10, x0, x15        x10=1c0000a5 x15:1c0000a5
39245275ns          672097 1c008c6c 0017c70b p.lbu            x14, 1(x15!)        x14=0000002b x15=1c0000a6 x15:1c0000a5  PA:1c0000a5
39245732ns          672120 1c008c70 feb71ce3 bne              x14, x11, -8        x14:0000002b x11:00000064
39245792ns          672123 1c008c68 00070763 beq              x14, x0, 14         x14:0000002b
39245812ns          672124 1c008c6a 00f00533 add              x10, x0, x15        x10=1c0000a6 x15:1c0000a6
39245832ns          672125 1c008c6c 0017c70b p.lbu            x14, 1(x15!)        x14=00000020 x15=1c0000a7 x15:1c0000a6  PA:1c0000a6
39246309ns          672149 1c008c70 feb71ce3 bne              x14, x11, -8        x14:00000020 x11:00000064
39246369ns          672152 1c008c68 00070763 beq              x14, x0, 14         x14:00000020
39246389ns          672153 1c008c6a 00f00533 add              x10, x0, x15        x10=1c0000a7 x15:1c0000a7
39246409ns          672154 1c008c6c 0017c70b p.lbu            x14, 1(x15!)        x14=00000023 x15=1c0000a8 x15:1c0000a7  PA:1c0000a7
39246727ns          672170 1c008c70 feb71ce3 bne              x14, x11, -8        x14:00000023 x11:00000064
39246787ns          672173 1c008c68 00070763 beq              x14, x0, 14         x14:00000023
39246806ns          672174 1c008c6a 00f00533 add              x10, x0, x15        x10=1c0000a8 x15:1c0000a8
39246826ns          672175 1c008c6c 0017c70b p.lbu            x14, 1(x15!)        x14=00000030 x15=1c0000a9 x15:1c0000a8  PA:1c0000a8
39247145ns          672191 1c008c70 feb71ce3 bne              x14, x11, -8        x14:00000030 x11:00000064
39247204ns          672194 1c008c68 00070763 beq              x14, x0, 14         x14:00000030
39247224ns          672195 1c008c6a 00f00533 add              x10, x0, x15        x10=1c0000a9 x15:1c0000a9
39247244ns          672196 1c008c6c 0017c70b p.lbu            x14, 1(x15!)        x14=00000000 x15=1c0000aa x15:1c0000a9  PA:1c0000a9
39247562ns          672212 1c008c70 feb71ce3 bne              x14, x11, -8        x14:00000000 x11:00000064
39247622ns          672215 1c008c68 00070763 beq              x14, x0, 14         x14:00000000
39247701ns          672219 1c008c76 0015b593 sltiu            x11, x11, 1         x11=00000000 x11:00000064
39247721ns          672220 1c008c7a 40b005b3 sub              x11, x0, x11        x11=00000000 x11:00000000
39247741ns          672221 1c008c7e 00b57533 and              x10, x10, x11       x10=00000000 x10:1c0000a9 x11:00000000
39247761ns          672222 1c008c80 00008067 jalr             x0, x1, 0            x1:1c008e12
39247801ns          672224 1c008e12 02050a63 beq              x10, x0, 52         x10:00000000
39248318ns          672250 1c008e46 02a00613 addi             x12, x0, 42         x12=0000002a
39248338ns          672251 1c008e4a 2ac48663 beq              x9, x12, 684         x9:00000064 x12:0000002a
39248795ns          672274 1c008e4e fd048613 addi             x12, x9, -48        x12=00000034  x9:00000064
39248815ns          672275 1c008e52 00900593 addi             x11, x0, 9          x11=00000009
39248835ns          672276 1c008e54 00000913 addi             x18, x0, 0          x18=00000000
39248855ns          672277 1c008e56 28c5f063 bgeu             x11, x12, 640       x11:00000009 x12:00000034
39248875ns          672278 1c008e5a 02e00693 addi             x13, x0, 46         x13=0000002e
39248895ns          672279 1c008e5e fff00a13 addi             x20, x0, -1         x20=ffffffff
39249312ns          672300 1c008e60 2ed48363 beq              x9, x13, 742         x9:00000064 x13:0000002e
39249352ns          672302 1c008e64 1c0007b7 lui              x15, 0x1c000000     x15=1c000000
39249372ns          672303 1c008e68 009005b3 add              x11, x0, x9         x11=00000064  x9:00000064
39249392ns          672304 1c008e6a 0ac78513 addi             x10, x15, 172       x10=1c0000ac x15:1c000000
39249412ns          672305 1c008e6e de7ff0ef jal              x1, -538             x1=1c008e70
39249869ns          672328 1c008c54 00054783 lbu              x15, 0(x10)         x15=00000068 x10:1c0000ac  PA:1c0000ac
39250187ns          672344 1c008c58 0ff5f593 andi             x11, x11, 255       x11=00000064 x11:00000064
39250207ns          672345 1c008c5c 00b78c63 beq              x15, x11, 24        x15:00000068 x11:00000064
39250227ns          672346 1c008c60 00078b63 beq              x15, x0, 22         x15:00000068
39250247ns          672347 1c008c62 00150793 addi             x15, x10, 1         x15=1c0000ad x10:1c0000ac
39250267ns          672348 1c008c66 0040006f jal              x0, 4              
39250307ns          672350 1c008c6a 00f00533 add              x10, x0, x15        x10=1c0000ad x15:1c0000ad
39250327ns          672351 1c008c6c 0017c70b p.lbu            x14, 1(x15!)        x14=0000006c x15=1c0000ae x15:1c0000ad  PA:1c0000ad
39250645ns          672367 1c008c70 feb71ce3 bne              x14, x11, -8        x14:0000006c x11:00000064
39250704ns          672370 1c008c68 00070763 beq              x14, x0, 14         x14:0000006c
39250724ns          672371 1c008c6a 00f00533 add              x10, x0, x15        x10=1c0000ae x15:1c0000ae
39250744ns          672372 1c008c6c 0017c70b p.lbu            x14, 1(x15!)        x14=0000004c x15=1c0000af x15:1c0000ae  PA:1c0000ae
39251062ns          672388 1c008c70 feb71ce3 bne              x14, x11, -8        x14:0000004c x11:00000064
39251122ns          672391 1c008c68 00070763 beq              x14, x0, 14         x14:0000004c
39251142ns          672392 1c008c6a 00f00533 add              x10, x0, x15        x10=1c0000af x15:1c0000af
39251162ns          672393 1c008c6c 0017c70b p.lbu            x14, 1(x15!)        x14=0000007a x15=1c0000b0 x15:1c0000af  PA:1c0000af
39251480ns          672409 1c008c70 feb71ce3 bne              x14, x11, -8        x14:0000007a x11:00000064
39251540ns          672412 1c008c68 00070763 beq              x14, x0, 14         x14:0000007a
39251560ns          672413 1c008c6a 00f00533 add              x10, x0, x15        x10=1c0000b0 x15:1c0000b0
39251580ns          672414 1c008c6c 0017c70b p.lbu            x14, 1(x15!)        x14=00000000 x15=1c0000b1 x15:1c0000b0  PA:1c0000b0
39251898ns          672430 1c008c70 feb71ce3 bne              x14, x11, -8        x14:00000000 x11:00000064
39251957ns          672433 1c008c68 00070763 beq              x14, x0, 14         x14:00000000
39252037ns          672437 1c008c76 0015b593 sltiu            x11, x11, 1         x11=00000000 x11:00000064
39252057ns          672438 1c008c7a 40b005b3 sub              x11, x0, x11        x11=00000000 x11:00000000
39252077ns          672439 1c008c7e 00b57533 and              x10, x10, x11       x10=00000000 x10:1c0000b0 x11:00000000
39252097ns          672440 1c008c80 00008067 jalr             x0, x1, 0            x1:1c008e70
39252136ns          672442 1c008e70 01300433 add              x8, x0, x19          x8=1c000039 x19:1c000039
39252156ns          672443 1c008e72 00050563 beq              x10, x0, 10         x10:00000000
39252216ns          672446 1c008e7c 06700693 addi             x13, x0, 103        x13=00000067
39252653ns          672468 1c008e80 2896d963 bge              x13, x9, 658        x13:00000067  x9:00000064
39253171ns          672494 1c009112 06500693 addi             x13, x0, 101        x13=00000065
39253190ns          672495 1c009116 12d4d563 bge              x9, x13, 298         x9:00000064 x13:00000065
39253210ns          672496 1c00911a 04700693 addi             x13, x0, 71         x13=00000047
39253648ns          672518 1c00911e dc96cbe3 blt              x13, x9, -554       x13:00000047  x9:00000064
39254145ns          672543 1c008ef4 06300693 addi             x13, x0, 99         x13=00000063
39254185ns          672545 1c008ef8 0ad488e3 beq              x9, x13, 2224        x9:00000064 x13:00000063
39254205ns          672546 1c008efc 0096c9e3 blt              x13, x9, 2066       x13:00000063  x9:00000064
39255676ns          672620 1c00970e 000c2583 lw               x11, 0(x24)         x11=00000000 x24:10001f6c  PA:10001f6c
39255696ns          672621 1c009712 004c0c13 addi             x24, x24, 4         x24=10001f70 x24:10001f6c
39255716ns          672622 1c009714 3405cc63 blt              x11, x0, 856        x11:00000000
39255736ns          672623 1c009718 01412603 lw               x12, 20(x2)         x12=00000000  x2:10001e18  PA:10001e2c
39255756ns          672624 1c00971a 00b006b3 add              x13, x0, x11        x13=00000000 x11:00000000
39255776ns          672625 1c00971c 2e061863 bne              x12, x0, 752        x12:00000000
39256194ns          672646 1c009720 01812703 lw               x14, 24(x2)         x14=00000000  x2:10001e18  PA:10001e30
39256213ns          672647 1c009722 019007b3 add              x15, x0, x25        x15=10001e3c x25:10001e3c
39256233ns          672648 1c009724 00070763 beq              x14, x0, 14         x14:00000000
39256731ns          672673 1c009732 00f00733 add              x14, x0, x15        x14=10001e3c x15:10001e3c
39256770ns          672675 1c009734 00a00513 addi             x10, x0, 10         x10=0000000a
39256790ns          672676 1c009736 02a6f633 remu             x12, x13, x10       x12=00000000 x13:00000000 x10:0000000a
39257407ns          672707 1c00973a 02a6d6b3 divu             x13, x13, x10       x13=00000000 x13:00000000 x10:0000000a
39258023ns          672738 1c00973e 03060613 addi             x12, x12, 48        x12=00000030 x12:00000000
39258043ns          672739 1c009742 00c700ab p.sb             x12, 1(x14!)        x14=10001e3d x12:00000030 x14:10001e3c  PA:10001e3c
39258063ns          672740 1c009746 fe0698e3 bne              x13, x0, -16        x13:00000000
39258083ns          672741 1c009748 40f706b3 sub              x13, x14, x15       x13=00000001 x14:10001e3d x15:10001e3c
39258103ns          672742 1c00974c 0146dc63 bge              x13, x20, 24        x13:00000001 x20:ffffffff
39258978ns          672786 1c009764 00e006b3 add              x13, x0, x14        x13=10001e3d x14:10001e3d
39259018ns          672788 1c009766 fe068fab p.sb             x0, -1(x13!)        x13=10001e3c x13:10001e3d  PA:10001e3d
39259038ns          672789 1c00976a 00d7fc63 bgeu             x15, x13, 24        x15:10001e3c x13:10001e3c
39259932ns          672834 1c009782 01412783 lw               x15, 20(x2)         x15=00000000  x2:10001e18  PA:10001e2c
39259972ns          672836 1c009784 01812603 lw               x12, 24(x2)         x12=00000000  x2:10001e18  PA:10001e30
39259992ns          672837 1c009786 419704b3 sub              x9, x14, x25         x9=00000001 x14:10001e3d x25:10001e3c
39260012ns          672838 1c00978a 00c7e7b3 or               x15, x15, x12       x15=00000000 x15:00000000 x12:00000000
39260032ns          672839 1c00978c 00f12623 sw               x15, 12(x2)         x15:00000000  x2:10001e18  PA:10001e24
39260052ns          672840 1c00978e 00079363 bne              x15, x0, 6          x15:00000000
39260450ns          672860 1c009790 01f5d593 srli             x11, x11, 0x1f      x11=00000000 x11:00000000
39260469ns          672861 1c009792 00b12623 sw               x11, 12(x2)         x11:00000000  x2:10001e18  PA:10001e24
39260489ns          672862 1c009794 e3fa28e3 p.beqimm         x20, -464           x20:ffffffff
39260967ns          672886 1c0095c4 0c800793 addi             x15, x0, 200        x15=000000c8
39261006ns          672888 1c0095c8 9e97d0e3 bge              x15, x9, -1568      x15:000000c8  x9:00000001
39261941ns          672935 1c008fa8 0f24d163 bge              x9, x18, 226         x9:00000001 x18:00000000
39262458ns          672961 1c00908a d00482e3 beq              x9, x0, -764         x9:00000001
39262478ns          672962 1c00908e 01900933 add              x18, x0, x25        x18=10001e3c x25:10001e3c
39262896ns          672983 1c009090 419d8db3 sub              x27, x27, x25       x27=efffe1df x27:0000001b x25:10001e3c
39262936ns          672985 1c009094 00a0006f jal              x0, 10             
39263433ns          673010 1c00909e 0019450b p.lbu            x10, 1(x18!)        x10=00000030 x18=10001e3d x18:10001e3c  PA:10001e3c
39263453ns          673011 1c0090a2 01a005b3 add              x11, x0, x26        x11=00000002 x26:00000002
39263473ns          673012 1c0090a4 000b00e7 jalr             x1, x22, 0           x1=1c0090a6 x22:1c008cd4
39263552ns          673016 1c008cd4 000026b7 lui              x13, 0x2000         x13=00002000
39263592ns          673018 1c008cd6 f14027f3 csrrs            x15, x0, 0xf14      x15=00000003
39263612ns          673019 1c008cda f8068693 addi             x13, x13, -128      x13=00001f80 x13:00002000
39263671ns          673022 1c008cde 00379713 slli             x14, x15, 0x3       x14=00000018 x15:00000003
39263691ns          673023 1c008ce2 00279793 slli             x15, x15, 0x2       x15=0000000c x15:00000003
39263711ns          673024 1c008ce4 00d7f7b3 and              x15, x15, x13       x15=00000000 x15:0000000c x13:00001f80
39263731ns          673025 1c008ce6 ee873733 p.bclr           x14, x14, 23, 8     x14=00000018 x14:00000018
39263751ns          673026 1c008cea 1a10f6b7 lui              x13, 0x1a10f000     x13=1a10f000
39263811ns          673029 1c008cee 0ff57513 andi             x10, x10, 255       x10=00000030 x10:00000030
39263831ns          673030 1c008cf2 00d70733 add              x14, x14, x13       x14=1a10f018 x14:00000018 x13:1a10f000
39263850ns          673031 1c008cf4 00a7e723 p.sw             x10, x0(x15)        x10:00000030 x15:00000000  PA:1a10f018
39264308ns          673054 1c008cf8 00000513 addi             x10, x0, 0          x10=00000000
39264328ns          673055 1c008cfa 00008067 jalr             x0, x1, 0            x1:1c0090a6
39264368ns          673057 1c0090a6 fff48493 addi             x9, x9, -1           x9=00000000  x9:00000001
39264387ns          673058 1c0090a8 fff537e3 p.bneimm         x10, -18            x10:00000000
39264785ns          673078 1c009096 012d8733 add              x14, x27, x18       x14=0000001c x27:efffe1df x18:10001e3d
39264805ns          673079 1c00909a 5a048b63 beq              x9, x0, 1462         x9:00000000
39265282ns          673103 1c009650 00e00db3 add              x27, x0, x14        x27=0000001c x14:0000001c
39265322ns          673105 1c009652 f3cff06f jal              x0, -2244          
39265481ns          673113 1c008d8e 00044503 lbu              x10, 0(x8)          x10=00000020  x8:1c000039  PA:1c000039
39265859ns          673132 1c008d92 00140413 addi             x8, x8, 1            x8=1c00003a  x8:1c000039
39265879ns          673133 1c008d94 00050e63 beq              x10, x0, 28         x10:00000020
39265899ns          673134 1c008d96 02500793 addi             x15, x0, 37         x15=00000025
39265919ns          673135 1c008d9a 04f50863 beq              x10, x15, 80        x10:00000020 x15:00000025
39265939ns          673136 1c008d9e 01a005b3 add              x11, x0, x26        x11=00000002 x26:00000002
39265959ns          673137 1c008da0 000b00e7 jalr             x1, x22, 0           x1=1c008da2 x22:1c008cd4
39266038ns          673141 1c008cd4 000026b7 lui              x13, 0x2000         x13=00002000
39266078ns          673143 1c008cd6 f14027f3 csrrs            x15, x0, 0xf14      x15=00000003
39266098ns          673144 1c008cda f8068693 addi             x13, x13, -128      x13=00001f80 x13:00002000
39266118ns          673145 1c008cde 00379713 slli             x14, x15, 0x3       x14=00000018 x15:00000003
39266138ns          673146 1c008ce2 00279793 slli             x15, x15, 0x2       x15=0000000c x15:00000003
39266157ns          673147 1c008ce4 00d7f7b3 and              x15, x15, x13       x15=00000000 x15:0000000c x13:00001f80
39266177ns          673148 1c008ce6 ee873733 p.bclr           x14, x14, 23, 8     x14=00000018 x14:00000018
39266197ns          673149 1c008cea 1a10f6b7 lui              x13, 0x1a10f000     x13=1a10f000
39266217ns          673150 1c008cee 0ff57513 andi             x10, x10, 255       x10=00000020 x10:00000020
39266237ns          673151 1c008cf2 00d70733 add              x14, x14, x13       x14=1a10f018 x14:00000018 x13:1a10f000
39266257ns          673152 1c008cf4 00a7e723 p.sw             x10, x0(x15)        x10:00000020 x15:00000000  PA:1a10f018
39266675ns          673173 1c008cf8 00000513 addi             x10, x0, 0          x10=00000000
39266694ns          673174 1c008cfa 00008067 jalr             x0, x1, 0            x1:1c008da2
39266754ns          673177 1c008da2 31f52563 p.beqimm         x10, 778            x10:00000000
39266774ns          673178 1c008da6 001d8d93 addi             x27, x27, 1         x27=0000001d x27:0000001c
39266794ns          673179 1c008da8 00044503 lbu              x10, 0(x8)          x10=00000063  x8:1c00003a  PA:1c00003a
39267112ns          673195 1c008dac 00140413 addi             x8, x8, 1            x8=1c00003b  x8:1c00003a
39267132ns          673196 1c008dae fe0514e3 bne              x10, x0, -24        x10:00000063
39267212ns          673200 1c008d96 02500793 addi             x15, x0, 37         x15=00000025
39267231ns          673201 1c008d9a 04f50863 beq              x10, x15, 80        x10:00000063 x15:00000025
39267251ns          673202 1c008d9e 01a005b3 add              x11, x0, x26        x11=00000002 x26:00000002
39267271ns          673203 1c008da0 000b00e7 jalr             x1, x22, 0           x1=1c008da2 x22:1c008cd4
39267311ns          673205 1c008cd4 000026b7 lui              x13, 0x2000         x13=00002000
39267331ns          673206 1c008cd6 f14027f3 csrrs            x15, x0, 0xf14      x15=00000003
39267351ns          673207 1c008cda f8068693 addi             x13, x13, -128      x13=00001f80 x13:00002000
39267371ns          673208 1c008cde 00379713 slli             x14, x15, 0x3       x14=00000018 x15:00000003
39267390ns          673209 1c008ce2 00279793 slli             x15, x15, 0x2       x15=0000000c x15:00000003
39267410ns          673210 1c008ce4 00d7f7b3 and              x15, x15, x13       x15=00000000 x15:0000000c x13:00001f80
39267430ns          673211 1c008ce6 ee873733 p.bclr           x14, x14, 23, 8     x14=00000018 x14:00000018
39267450ns          673212 1c008cea 1a10f6b7 lui              x13, 0x1a10f000     x13=1a10f000
39267470ns          673213 1c008cee 0ff57513 andi             x10, x10, 255       x10=00000063 x10:00000063
39267490ns          673214 1c008cf2 00d70733 add              x14, x14, x13       x14=1a10f018 x14:00000018 x13:1a10f000
39267510ns          673215 1c008cf4 00a7e723 p.sw             x10, x0(x15)        x10:00000063 x15:00000000  PA:1a10f018
39267828ns          673231 1c008cf8 00000513 addi             x10, x0, 0          x10=00000000
39267848ns          673232 1c008cfa 00008067 jalr             x0, x1, 0            x1:1c008da2
39267908ns          673235 1c008da2 31f52563 p.beqimm         x10, 778            x10:00000000
39267927ns          673236 1c008da6 001d8d93 addi             x27, x27, 1         x27=0000001e x27:0000001d
39267947ns          673237 1c008da8 00044503 lbu              x10, 0(x8)          x10=0000006f  x8:1c00003b  PA:1c00003b
39268246ns          673252 1c008dac 00140413 addi             x8, x8, 1            x8=1c00003c  x8:1c00003b
39268266ns          673253 1c008dae fe0514e3 bne              x10, x0, -24        x10:0000006f
39268345ns          673257 1c008d96 02500793 addi             x15, x0, 37         x15=00000025
39268365ns          673258 1c008d9a 04f50863 beq              x10, x15, 80        x10:0000006f x15:00000025
39268385ns          673259 1c008d9e 01a005b3 add              x11, x0, x26        x11=00000002 x26:00000002
39268405ns          673260 1c008da0 000b00e7 jalr             x1, x22, 0           x1=1c008da2 x22:1c008cd4
39268445ns          673262 1c008cd4 000026b7 lui              x13, 0x2000         x13=00002000
39268464ns          673263 1c008cd6 f14027f3 csrrs            x15, x0, 0xf14      x15=00000003
39268484ns          673264 1c008cda f8068693 addi             x13, x13, -128      x13=00001f80 x13:00002000
39268504ns          673265 1c008cde 00379713 slli             x14, x15, 0x3       x14=00000018 x15:00000003
39268524ns          673266 1c008ce2 00279793 slli             x15, x15, 0x2       x15=0000000c x15:00000003
39268544ns          673267 1c008ce4 00d7f7b3 and              x15, x15, x13       x15=00000000 x15:0000000c x13:00001f80
39268564ns          673268 1c008ce6 ee873733 p.bclr           x14, x14, 23, 8     x14=00000018 x14:00000018
39268584ns          673269 1c008cea 1a10f6b7 lui              x13, 0x1a10f000     x13=1a10f000
39268604ns          673270 1c008cee 0ff57513 andi             x10, x10, 255       x10=0000006f x10:0000006f
39268624ns          673271 1c008cf2 00d70733 add              x14, x14, x13       x14=1a10f018 x14:00000018 x13:1a10f000
39268643ns          673272 1c008cf4 00a7e723 p.sw             x10, x0(x15)        x10:0000006f x15:00000000  PA:1a10f018
39268962ns          673288 1c008cf8 00000513 addi             x10, x0, 0          x10=00000000
39268982ns          673289 1c008cfa 00008067 jalr             x0, x1, 0            x1:1c008da2
39269041ns          673292 1c008da2 31f52563 p.beqimm         x10, 778            x10:00000000
39269061ns          673293 1c008da6 001d8d93 addi             x27, x27, 1         x27=0000001f x27:0000001e
39269081ns          673294 1c008da8 00044503 lbu              x10, 0(x8)          x10=00000072  x8:1c00003c  PA:1c00003c
39269379ns          673309 1c008dac 00140413 addi             x8, x8, 1            x8=1c00003d  x8:1c00003c
39269399ns          673310 1c008dae fe0514e3 bne              x10, x0, -24        x10:00000072
39269479ns          673314 1c008d96 02500793 addi             x15, x0, 37         x15=00000025
39269499ns          673315 1c008d9a 04f50863 beq              x10, x15, 80        x10:00000072 x15:00000025
39269519ns          673316 1c008d9e 01a005b3 add              x11, x0, x26        x11=00000002 x26:00000002
39269538ns          673317 1c008da0 000b00e7 jalr             x1, x22, 0           x1=1c008da2 x22:1c008cd4
39269578ns          673319 1c008cd4 000026b7 lui              x13, 0x2000         x13=00002000
39269598ns          673320 1c008cd6 f14027f3 csrrs            x15, x0, 0xf14      x15=00000003
39269618ns          673321 1c008cda f8068693 addi             x13, x13, -128      x13=00001f80 x13:00002000
39269638ns          673322 1c008cde 00379713 slli             x14, x15, 0x3       x14=00000018 x15:00000003
39269658ns          673323 1c008ce2 00279793 slli             x15, x15, 0x2       x15=0000000c x15:00000003
39269678ns          673324 1c008ce4 00d7f7b3 and              x15, x15, x13       x15=00000000 x15:0000000c x13:00001f80
39269698ns          673325 1c008ce6 ee873733 p.bclr           x14, x14, 23, 8     x14=00000018 x14:00000018
39269717ns          673326 1c008cea 1a10f6b7 lui              x13, 0x1a10f000     x13=1a10f000
39269737ns          673327 1c008cee 0ff57513 andi             x10, x10, 255       x10=00000072 x10:00000072
39269757ns          673328 1c008cf2 00d70733 add              x14, x14, x13       x14=1a10f018 x14:00000018 x13:1a10f000
39269777ns          673329 1c008cf4 00a7e723 p.sw             x10, x0(x15)        x10:00000072 x15:00000000  PA:1a10f018
39270095ns          673345 1c008cf8 00000513 addi             x10, x0, 0          x10=00000000
39270115ns          673346 1c008cfa 00008067 jalr             x0, x1, 0            x1:1c008da2
39270175ns          673349 1c008da2 31f52563 p.beqimm         x10, 778            x10:00000000
39270195ns          673350 1c008da6 001d8d93 addi             x27, x27, 1         x27=00000020 x27:0000001f
39270215ns          673351 1c008da8 00044503 lbu              x10, 0(x8)          x10=00000065  x8:1c00003d  PA:1c00003d
39270513ns          673366 1c008dac 00140413 addi             x8, x8, 1            x8=1c00003e  x8:1c00003d
39270533ns          673367 1c008dae fe0514e3 bne              x10, x0, -24        x10:00000065
39270612ns          673371 1c008d96 02500793 addi             x15, x0, 37         x15=00000025
39270632ns          673372 1c008d9a 04f50863 beq              x10, x15, 80        x10:00000065 x15:00000025
39270652ns          673373 1c008d9e 01a005b3 add              x11, x0, x26        x11=00000002 x26:00000002
39270672ns          673374 1c008da0 000b00e7 jalr             x1, x22, 0           x1=1c008da2 x22:1c008cd4
39270712ns          673376 1c008cd4 000026b7 lui              x13, 0x2000         x13=00002000
39270732ns          673377 1c008cd6 f14027f3 csrrs            x15, x0, 0xf14      x15=00000003
39270752ns          673378 1c008cda f8068693 addi             x13, x13, -128      x13=00001f80 x13:00002000
39270771ns          673379 1c008cde 00379713 slli             x14, x15, 0x3       x14=00000018 x15:00000003
39270791ns          673380 1c008ce2 00279793 slli             x15, x15, 0x2       x15=0000000c x15:00000003
39270811ns          673381 1c008ce4 00d7f7b3 and              x15, x15, x13       x15=00000000 x15:0000000c x13:00001f80
39270831ns          673382 1c008ce6 ee873733 p.bclr           x14, x14, 23, 8     x14=00000018 x14:00000018
39270851ns          673383 1c008cea 1a10f6b7 lui              x13, 0x1a10f000     x13=1a10f000
39270871ns          673384 1c008cee 0ff57513 andi             x10, x10, 255       x10=00000065 x10:00000065
39270891ns          673385 1c008cf2 00d70733 add              x14, x14, x13       x14=1a10f018 x14:00000018 x13:1a10f000
39270911ns          673386 1c008cf4 00a7e723 p.sw             x10, x0(x15)        x10:00000065 x15:00000000  PA:1a10f018
39271249ns          673403 1c008cf8 00000513 addi             x10, x0, 0          x10=00000000
39271269ns          673404 1c008cfa 00008067 jalr             x0, x1, 0            x1:1c008da2
39271328ns          673407 1c008da2 31f52563 p.beqimm         x10, 778            x10:00000000
39271348ns          673408 1c008da6 001d8d93 addi             x27, x27, 1         x27=00000021 x27:00000020
39271368ns          673409 1c008da8 00044503 lbu              x10, 0(x8)          x10=00000020  x8:1c00003e  PA:1c00003e
39271666ns          673424 1c008dac 00140413 addi             x8, x8, 1            x8=1c00003f  x8:1c00003e
39271686ns          673425 1c008dae fe0514e3 bne              x10, x0, -24        x10:00000020
39271766ns          673429 1c008d96 02500793 addi             x15, x0, 37         x15=00000025
39271786ns          673430 1c008d9a 04f50863 beq              x10, x15, 80        x10:00000020 x15:00000025
39271806ns          673431 1c008d9e 01a005b3 add              x11, x0, x26        x11=00000002 x26:00000002
39271826ns          673432 1c008da0 000b00e7 jalr             x1, x22, 0           x1=1c008da2 x22:1c008cd4
39271865ns          673434 1c008cd4 000026b7 lui              x13, 0x2000         x13=00002000
39271885ns          673435 1c008cd6 f14027f3 csrrs            x15, x0, 0xf14      x15=00000003
39271905ns          673436 1c008cda f8068693 addi             x13, x13, -128      x13=00001f80 x13:00002000
39271925ns          673437 1c008cde 00379713 slli             x14, x15, 0x3       x14=00000018 x15:00000003
39271945ns          673438 1c008ce2 00279793 slli             x15, x15, 0x2       x15=0000000c x15:00000003
39271965ns          673439 1c008ce4 00d7f7b3 and              x15, x15, x13       x15=00000000 x15:0000000c x13:00001f80
39271985ns          673440 1c008ce6 ee873733 p.bclr           x14, x14, 23, 8     x14=00000018 x14:00000018
39272005ns          673441 1c008cea 1a10f6b7 lui              x13, 0x1a10f000     x13=1a10f000
39272024ns          673442 1c008cee 0ff57513 andi             x10, x10, 255       x10=00000020 x10:00000020
39272044ns          673443 1c008cf2 00d70733 add              x14, x14, x13       x14=1a10f018 x14:00000018 x13:1a10f000
39272064ns          673444 1c008cf4 00a7e723 p.sw             x10, x0(x15)        x10:00000020 x15:00000000  PA:1a10f018
39272422ns          673462 1c008cf8 00000513 addi             x10, x0, 0          x10=00000000
39272442ns          673463 1c008cfa 00008067 jalr             x0, x1, 0            x1:1c008da2
39272502ns          673466 1c008da2 31f52563 p.beqimm         x10, 778            x10:00000000
39272522ns          673467 1c008da6 001d8d93 addi             x27, x27, 1         x27=00000022 x27:00000021
39272541ns          673468 1c008da8 00044503 lbu              x10, 0(x8)          x10=00000025  x8:1c00003f  PA:1c00003f
39272840ns          673483 1c008dac 00140413 addi             x8, x8, 1            x8=1c000040  x8:1c00003f
39272860ns          673484 1c008dae fe0514e3 bne              x10, x0, -24        x10:00000025
39272939ns          673488 1c008d96 02500793 addi             x15, x0, 37         x15=00000025
39272959ns          673489 1c008d9a 04f50863 beq              x10, x15, 80        x10:00000025 x15:00000025
39273039ns          673493 1c008dea 00044483 lbu              x9, 0(x8)            x9=00000064  x8:1c000040  PA:1c000040
39273357ns          673509 1c008dee 02000693 addi             x13, x0, 32         x13=00000020
39273377ns          673510 1c008df2 00140a93 addi             x21, x8, 1          x21=1c000041  x8:1c000040
39273397ns          673511 1c008df6 009005b3 add              x11, x0, x9         x11=00000064  x9:00000064
39273417ns          673512 1c008df8 0a4b8513 addi             x10, x23, 164       x10=1c0000a4 x23:1c000000
39273436ns          673513 1c008dfc 00d12823 sw               x13, 16(x2)         x13:00000020  x2:10001e18  PA:10001e28
39273456ns          673514 1c008dfe 00012c23 sw               x0, 24(x2)           x2:10001e18  PA:10001e30
39273476ns          673515 1c008e00 00012a23 sw               x0, 20(x2)           x2:10001e18  PA:10001e2c
39273496ns          673516 1c008e02 00012e23 sw               x0, 28(x2)           x2:10001e18  PA:10001e34
39273516ns          673517 1c008e04 00012623 sw               x0, 12(x2)           x2:10001e18  PA:10001e24
39273536ns          673518 1c008e06 02300913 addi             x18, x0, 35         x18=00000023
39273556ns          673519 1c008e0a 02d00a13 addi             x20, x0, 45         x20=0000002d
39273576ns          673520 1c008e0e 015009b3 add              x19, x0, x21        x19=1c000041 x21:1c000041
39273596ns          673521 1c008e10 e45ff0ef jal              x1, -444             x1=1c008e12
39273675ns          673525 1c008c54 00054783 lbu              x15, 0(x10)         x15=0000002d x10:1c0000a4  PA:1c0000a4
39273993ns          673541 1c008c58 0ff5f593 andi             x11, x11, 255       x11=00000064 x11:00000064
39274013ns          673542 1c008c5c 00b78c63 beq              x15, x11, 24        x15:0000002d x11:00000064
39274033ns          673543 1c008c60 00078b63 beq              x15, x0, 22         x15:0000002d
39274053ns          673544 1c008c62 00150793 addi             x15, x10, 1         x15=1c0000a5 x10:1c0000a4
39274073ns          673545 1c008c66 0040006f jal              x0, 4              
39274113ns          673547 1c008c6a 00f00533 add              x10, x0, x15        x10=1c0000a5 x15:1c0000a5
39274133ns          673548 1c008c6c 0017c70b p.lbu            x14, 1(x15!)        x14=0000002b x15=1c0000a6 x15:1c0000a5  PA:1c0000a5
39274451ns          673564 1c008c70 feb71ce3 bne              x14, x11, -8        x14:0000002b x11:00000064
39274510ns          673567 1c008c68 00070763 beq              x14, x0, 14         x14:0000002b
39274530ns          673568 1c008c6a 00f00533 add              x10, x0, x15        x10=1c0000a6 x15:1c0000a6
39274550ns          673569 1c008c6c 0017c70b p.lbu            x14, 1(x15!)        x14=00000020 x15=1c0000a7 x15:1c0000a6  PA:1c0000a6
39274868ns          673585 1c008c70 feb71ce3 bne              x14, x11, -8        x14:00000020 x11:00000064
39274928ns          673588 1c008c68 00070763 beq              x14, x0, 14         x14:00000020
39274948ns          673589 1c008c6a 00f00533 add              x10, x0, x15        x10=1c0000a7 x15:1c0000a7
39274968ns          673590 1c008c6c 0017c70b p.lbu            x14, 1(x15!)        x14=00000023 x15=1c0000a8 x15:1c0000a7  PA:1c0000a7
39275286ns          673606 1c008c70 feb71ce3 bne              x14, x11, -8        x14:00000023 x11:00000064
39275346ns          673609 1c008c68 00070763 beq              x14, x0, 14         x14:00000023
39275366ns          673610 1c008c6a 00f00533 add              x10, x0, x15        x10=1c0000a8 x15:1c0000a8
39275385ns          673611 1c008c6c 0017c70b p.lbu            x14, 1(x15!)        x14=00000030 x15=1c0000a9 x15:1c0000a8  PA:1c0000a8
39275724ns          673628 1c008c70 feb71ce3 bne              x14, x11, -8        x14:00000030 x11:00000064
39275783ns          673631 1c008c68 00070763 beq              x14, x0, 14         x14:00000030
39275803ns          673632 1c008c6a 00f00533 add              x10, x0, x15        x10=1c0000a9 x15:1c0000a9
39275823ns          673633 1c008c6c 0017c70b p.lbu            x14, 1(x15!)        x14=00000000 x15=1c0000aa x15:1c0000a9  PA:1c0000a9
39276141ns          673649 1c008c70 feb71ce3 bne              x14, x11, -8        x14:00000000 x11:00000064
39276201ns          673652 1c008c68 00070763 beq              x14, x0, 14         x14:00000000
39276280ns          673656 1c008c76 0015b593 sltiu            x11, x11, 1         x11=00000000 x11:00000064
39276300ns          673657 1c008c7a 40b005b3 sub              x11, x0, x11        x11=00000000 x11:00000000
39276320ns          673658 1c008c7e 00b57533 and              x10, x10, x11       x10=00000000 x10:1c0000a9 x11:00000000
39276340ns          673659 1c008c80 00008067 jalr             x0, x1, 0            x1:1c008e12
39276380ns          673661 1c008e12 02050a63 beq              x10, x0, 52         x10:00000000
39276459ns          673665 1c008e46 02a00613 addi             x12, x0, 42         x12=0000002a
39276479ns          673666 1c008e4a 2ac48663 beq              x9, x12, 684         x9:00000064 x12:0000002a
39276499ns          673667 1c008e4e fd048613 addi             x12, x9, -48        x12=00000034  x9:00000064
39276519ns          673668 1c008e52 00900593 addi             x11, x0, 9          x11=00000009
39276539ns          673669 1c008e54 00000913 addi             x18, x0, 0          x18=00000000
39276559ns          673670 1c008e56 28c5f063 bgeu             x11, x12, 640       x11:00000009 x12:00000034
39276579ns          673671 1c008e5a 02e00693 addi             x13, x0, 46         x13=0000002e
39276599ns          673672 1c008e5e fff00a13 addi             x20, x0, -1         x20=ffffffff
39276619ns          673673 1c008e60 2ed48363 beq              x9, x13, 742         x9:00000064 x13:0000002e
39276638ns          673674 1c008e64 1c0007b7 lui              x15, 0x1c000000     x15=1c000000
39276658ns          673675 1c008e68 009005b3 add              x11, x0, x9         x11=00000064  x9:00000064
39276678ns          673676 1c008e6a 0ac78513 addi             x10, x15, 172       x10=1c0000ac x15:1c000000
39276698ns          673677 1c008e6e de7ff0ef jal              x1, -538             x1=1c008e70
39276738ns          673679 1c008c54 00054783 lbu              x15, 0(x10)         x15=00000068 x10:1c0000ac  PA:1c0000ac
39277076ns          673696 1c008c58 0ff5f593 andi             x11, x11, 255       x11=00000064 x11:00000064
39277096ns          673697 1c008c5c 00b78c63 beq              x15, x11, 24        x15:00000068 x11:00000064
39277116ns          673698 1c008c60 00078b63 beq              x15, x0, 22         x15:00000068
39277136ns          673699 1c008c62 00150793 addi             x15, x10, 1         x15=1c0000ad x10:1c0000ac
39277156ns          673700 1c008c66 0040006f jal              x0, 4              
39277195ns          673702 1c008c6a 00f00533 add              x10, x0, x15        x10=1c0000ad x15:1c0000ad
39277215ns          673703 1c008c6c 0017c70b p.lbu            x14, 1(x15!)        x14=0000006c x15=1c0000ae x15:1c0000ad  PA:1c0000ad
39277533ns          673719 1c008c70 feb71ce3 bne              x14, x11, -8        x14:0000006c x11:00000064
39277593ns          673722 1c008c68 00070763 beq              x14, x0, 14         x14:0000006c
39277613ns          673723 1c008c6a 00f00533 add              x10, x0, x15        x10=1c0000ae x15:1c0000ae
39277633ns          673724 1c008c6c 0017c70b p.lbu            x14, 1(x15!)        x14=0000004c x15=1c0000af x15:1c0000ae  PA:1c0000ae
39278031ns          673744 1c008c70 feb71ce3 bne              x14, x11, -8        x14:0000004c x11:00000064
39278090ns          673747 1c008c68 00070763 beq              x14, x0, 14         x14:0000004c
39278110ns          673748 1c008c6a 00f00533 add              x10, x0, x15        x10=1c0000af x15:1c0000af
39278130ns          673749 1c008c6c 0017c70b p.lbu            x14, 1(x15!)        x14=0000007a x15=1c0000b0 x15:1c0000af  PA:1c0000af
39278448ns          673765 1c008c70 feb71ce3 bne              x14, x11, -8        x14:0000007a x11:00000064
39278508ns          673768 1c008c68 00070763 beq              x14, x0, 14         x14:0000007a
39278528ns          673769 1c008c6a 00f00533 add              x10, x0, x15        x10=1c0000b0 x15:1c0000b0
39278548ns          673770 1c008c6c 0017c70b p.lbu            x14, 1(x15!)        x14=00000000 x15=1c0000b1 x15:1c0000b0  PA:1c0000b0
39278866ns          673786 1c008c70 feb71ce3 bne              x14, x11, -8        x14:00000000 x11:00000064
39278926ns          673789 1c008c68 00070763 beq              x14, x0, 14         x14:00000000
39279005ns          673793 1c008c76 0015b593 sltiu            x11, x11, 1         x11=00000000 x11:00000064
39279025ns          673794 1c008c7a 40b005b3 sub              x11, x0, x11        x11=00000000 x11:00000000
39279045ns          673795 1c008c7e 00b57533 and              x10, x10, x11       x10=00000000 x10:1c0000b0 x11:00000000
39279065ns          673796 1c008c80 00008067 jalr             x0, x1, 0            x1:1c008e70
39279144ns          673800 1c008e70 01300433 add              x8, x0, x19          x8=1c000041 x19:1c000041
39279164ns          673801 1c008e72 00050563 beq              x10, x0, 10         x10:00000000
39279224ns          673804 1c008e7c 06700693 addi             x13, x0, 103        x13=00000067
39279284ns          673807 1c008e80 2896d963 bge              x13, x9, 658        x13:00000067  x9:00000064
39279423ns          673814 1c009112 06500693 addi             x13, x0, 101        x13=00000065
39279443ns          673815 1c009116 12d4d563 bge              x9, x13, 298         x9:00000064 x13:00000065
39279463ns          673816 1c00911a 04700693 addi             x13, x0, 71         x13=00000047
39279522ns          673819 1c00911e dc96cbe3 blt              x13, x9, -554       x13:00000047  x9:00000064
39279622ns          673824 1c008ef4 06300693 addi             x13, x0, 99         x13=00000063
39279661ns          673826 1c008ef8 0ad488e3 beq              x9, x13, 2224        x9:00000064 x13:00000063
39279681ns          673827 1c008efc 0096c9e3 blt              x13, x9, 2066       x13:00000063  x9:00000064
39279820ns          673834 1c00970e 000c2583 lw               x11, 0(x24)         x11=00000003 x24:10001f70  PA:10001f70
39279840ns          673835 1c009712 004c0c13 addi             x24, x24, 4         x24=10001f74 x24:10001f70
39279860ns          673836 1c009714 3405cc63 blt              x11, x0, 856        x11:00000003
39279880ns          673837 1c009718 01412603 lw               x12, 20(x2)         x12=00000000  x2:10001e18  PA:10001e2c
39279900ns          673838 1c00971a 00b006b3 add              x13, x0, x11        x13=00000003 x11:00000003
39279920ns          673839 1c00971c 2e061863 bne              x12, x0, 752        x12:00000000
39279940ns          673840 1c009720 01812703 lw               x14, 24(x2)         x14=00000000  x2:10001e18  PA:10001e30
39279960ns          673841 1c009722 019007b3 add              x15, x0, x25        x15=10001e3c x25:10001e3c
39279980ns          673842 1c009724 00070763 beq              x14, x0, 14         x14:00000000
39280079ns          673847 1c009732 00f00733 add              x14, x0, x15        x14=10001e3c x15:10001e3c
39280119ns          673849 1c009734 00a00513 addi             x10, x0, 10         x10=0000000a
39280139ns          673850 1c009736 02a6f633 remu             x12, x13, x10       x12=00000003 x13:00000003 x10:0000000a
39280755ns          673881 1c00973a 02a6d6b3 divu             x13, x13, x10       x13=00000000 x13:00000003 x10:0000000a
39281372ns          673912 1c00973e 03060613 addi             x12, x12, 48        x12=00000033 x12:00000003
39281392ns          673913 1c009742 00c700ab p.sb             x12, 1(x14!)        x14=10001e3d x12:00000033 x14:10001e3c  PA:10001e3c
39281412ns          673914 1c009746 fe0698e3 bne              x13, x0, -16        x13:00000000
39281431ns          673915 1c009748 40f706b3 sub              x13, x14, x15       x13=00000001 x14:10001e3d x15:10001e3c
39281451ns          673916 1c00974c 0146dc63 bge              x13, x20, 24        x13:00000001 x20:ffffffff
39281531ns          673920 1c009764 00e006b3 add              x13, x0, x14        x13=10001e3d x14:10001e3d
39281551ns          673921 1c009766 fe068fab p.sb             x0, -1(x13!)        x13=10001e3c x13:10001e3d  PA:10001e3d
39281591ns          673923 1c00976a 00d7fc63 bgeu             x15, x13, 24        x15:10001e3c x13:10001e3c
39281710ns          673929 1c009782 01412783 lw               x15, 20(x2)         x15=00000000  x2:10001e18  PA:10001e2c
39281750ns          673931 1c009784 01812603 lw               x12, 24(x2)         x12=00000000  x2:10001e18  PA:10001e30
39281770ns          673932 1c009786 419704b3 sub              x9, x14, x25         x9=00000001 x14:10001e3d x25:10001e3c
39281789ns          673933 1c00978a 00c7e7b3 or               x15, x15, x12       x15=00000000 x15:00000000 x12:00000000
39281809ns          673934 1c00978c 00f12623 sw               x15, 12(x2)         x15:00000000  x2:10001e18  PA:10001e24
39281829ns          673935 1c00978e 00079363 bne              x15, x0, 6          x15:00000000
39281849ns          673936 1c009790 01f5d593 srli             x11, x11, 0x1f      x11=00000000 x11:00000003
39281869ns          673937 1c009792 00b12623 sw               x11, 12(x2)         x11:00000000  x2:10001e18  PA:10001e24
39281889ns          673938 1c009794 e3fa28e3 p.beqimm         x20, -464           x20:ffffffff
39281949ns          673941 1c0095c4 0c800793 addi             x15, x0, 200        x15=000000c8
39281968ns          673942 1c0095c8 9e97d0e3 bge              x15, x9, -1568      x15:000000c8  x9:00000001
39282088ns          673948 1c008fa8 0f24d163 bge              x9, x18, 226         x9:00000001 x18:00000000
39282505ns          673969 1c00908a d00482e3 beq              x9, x0, -764         x9:00000001
39282525ns          673970 1c00908e 01900933 add              x18, x0, x25        x18=10001e3c x25:10001e3c
39282565ns          673972 1c009090 419d8db3 sub              x27, x27, x25       x27=efffe1e6 x27:00000022 x25:10001e3c
39282605ns          673974 1c009094 00a0006f jal              x0, 10             
39282704ns          673979 1c00909e 0019450b p.lbu            x10, 1(x18!)        x10=00000033 x18=10001e3d x18:10001e3c  PA:10001e3c
39282724ns          673980 1c0090a2 01a005b3 add              x11, x0, x26        x11=00000002 x26:00000002
39282744ns          673981 1c0090a4 000b00e7 jalr             x1, x22, 0           x1=1c0090a6 x22:1c008cd4
39282784ns          673983 1c008cd4 000026b7 lui              x13, 0x2000         x13=00002000
39282804ns          673984 1c008cd6 f14027f3 csrrs            x15, x0, 0xf14      x15=00000003
39282824ns          673985 1c008cda f8068693 addi             x13, x13, -128      x13=00001f80 x13:00002000
39282883ns          673988 1c008cde 00379713 slli             x14, x15, 0x3       x14=00000018 x15:00000003
39282903ns          673989 1c008ce2 00279793 slli             x15, x15, 0x2       x15=0000000c x15:00000003
39282923ns          673990 1c008ce4 00d7f7b3 and              x15, x15, x13       x15=00000000 x15:0000000c x13:00001f80
39282943ns          673991 1c008ce6 ee873733 p.bclr           x14, x14, 23, 8     x14=00000018 x14:00000018
39282963ns          673992 1c008cea 1a10f6b7 lui              x13, 0x1a10f000     x13=1a10f000
39283022ns          673995 1c008cee 0ff57513 andi             x10, x10, 255       x10=00000033 x10:00000033
39283042ns          673996 1c008cf2 00d70733 add              x14, x14, x13       x14=1a10f018 x14:00000018 x13:1a10f000
39283062ns          673997 1c008cf4 00a7e723 p.sw             x10, x0(x15)        x10:00000033 x15:00000000  PA:1a10f018
39283420ns          674015 1c008cf8 00000513 addi             x10, x0, 0          x10=00000000
39283440ns          674016 1c008cfa 00008067 jalr             x0, x1, 0            x1:1c0090a6
39283480ns          674018 1c0090a6 fff48493 addi             x9, x9, -1           x9=00000000  x9:00000001
39283500ns          674019 1c0090a8 fff537e3 p.bneimm         x10, -18            x10:00000000
39283639ns          674026 1c009096 012d8733 add              x14, x27, x18       x14=00000023 x27:efffe1e6 x18:10001e3d
39283659ns          674027 1c00909a 5a048b63 beq              x9, x0, 1462         x9:00000000
39283758ns          674032 1c009650 00e00db3 add              x27, x0, x14        x27=00000023 x14:00000023
39283798ns          674034 1c009652 f3cff06f jal              x0, -2244          
39283917ns          674040 1c008d8e 00044503 lbu              x10, 0(x8)          x10=0000000a  x8:1c000041  PA:1c000041
39284236ns          674056 1c008d92 00140413 addi             x8, x8, 1            x8=1c000042  x8:1c000041
39284256ns          674057 1c008d94 00050e63 beq              x10, x0, 28         x10:0000000a
39284275ns          674058 1c008d96 02500793 addi             x15, x0, 37         x15=00000025
39284295ns          674059 1c008d9a 04f50863 beq              x10, x15, 80        x10:0000000a x15:00000025
39284315ns          674060 1c008d9e 01a005b3 add              x11, x0, x26        x11=00000002 x26:00000002
39284335ns          674061 1c008da0 000b00e7 jalr             x1, x22, 0           x1=1c008da2 x22:1c008cd4
39284375ns          674063 1c008cd4 000026b7 lui              x13, 0x2000         x13=00002000
39284395ns          674064 1c008cd6 f14027f3 csrrs            x15, x0, 0xf14      x15=00000003
39284415ns          674065 1c008cda f8068693 addi             x13, x13, -128      x13=00001f80 x13:00002000
39284435ns          674066 1c008cde 00379713 slli             x14, x15, 0x3       x14=00000018 x15:00000003
39284454ns          674067 1c008ce2 00279793 slli             x15, x15, 0x2       x15=0000000c x15:00000003
39284474ns          674068 1c008ce4 00d7f7b3 and              x15, x15, x13       x15=00000000 x15:0000000c x13:00001f80
39284494ns          674069 1c008ce6 ee873733 p.bclr           x14, x14, 23, 8     x14=00000018 x14:00000018
39284514ns          674070 1c008cea 1a10f6b7 lui              x13, 0x1a10f000     x13=1a10f000
39284534ns          674071 1c008cee 0ff57513 andi             x10, x10, 255       x10=0000000a x10:0000000a
39284554ns          674072 1c008cf2 00d70733 add              x14, x14, x13       x14=1a10f018 x14:00000018 x13:1a10f000
39284574ns          674073 1c008cf4 00a7e723 p.sw             x10, x0(x15)        x10:0000000a x15:00000000  PA:1a10f018
39284892ns          674089 1c008cf8 00000513 addi             x10, x0, 0          x10=00000000
39284912ns          674090 1c008cfa 00008067 jalr             x0, x1, 0            x1:1c008da2
39284971ns          674093 1c008da2 31f52563 p.beqimm         x10, 778            x10:00000000
39284991ns          674094 1c008da6 001d8d93 addi             x27, x27, 1         x27=00000024 x27:00000023
39285011ns          674095 1c008da8 00044503 lbu              x10, 0(x8)          x10=00000000  x8:1c000042  PA:1c000042
39285310ns          674110 1c008dac 00140413 addi             x8, x8, 1            x8=1c000043  x8:1c000042
39285329ns          674111 1c008dae fe0514e3 bne              x10, x0, -24        x10:00000000
39285349ns          674112 1c008db0 01b00433 add              x8, x0, x27          x8=00000024 x27:00000024
39285369ns          674113 1c008db2 00800533 add              x10, x0, x8         x10=00000024  x8:00000024
39285389ns          674114 1c008db4 12c12083 lw               x1, 300(x2)          x1=1c008d40  x2:10001e18  PA:10001f44
39285409ns          674115 1c008db8 12812403 lw               x8, 296(x2)          x8=00000003  x2:10001e18  PA:10001f40
39285429ns          674116 1c008dbc 12412483 lw               x9, 292(x2)          x9=00000000  x2:10001e18  PA:10001f3c
39285807ns          674135 1c008dc0 12012903 lw               x18, 288(x2)        x18=00000000  x2:10001e18  PA:10001f38
39285847ns          674137 1c008dc4 11c12983 lw               x19, 284(x2)        x19=00000000  x2:10001e18  PA:10001f34
39285866ns          674138 1c008dc8 11812a03 lw               x20, 280(x2)        x20=00000000  x2:10001e18  PA:10001f30
39285886ns          674139 1c008dcc 11412a83 lw               x21, 276(x2)        x21=00000000  x2:10001e18  PA:10001f2c
39286324ns          674161 1c008dd0 11012b03 lw               x22, 272(x2)        x22=00000000  x2:10001e18  PA:10001f28
39286364ns          674163 1c008dd4 10c12b83 lw               x23, 268(x2)        x23=00000000  x2:10001e18  PA:10001f24
39286384ns          674164 1c008dd8 10812c03 lw               x24, 264(x2)        x24=00000000  x2:10001e18  PA:10001f20
39286403ns          674165 1c008ddc 10412c83 lw               x25, 260(x2)        x25=00000000  x2:10001e18  PA:10001f1c
39286463ns          674168 1c008de0 10012d03 lw               x26, 256(x2)        x26=00000000  x2:10001e18  PA:10001f18
39286523ns          674171 1c008de4 0fc12d83 lw               x27, 252(x2)        x27=00000000  x2:10001e18  PA:10001f14
39286543ns          674172 1c008de6 13010113 addi             x2, x2, 304          x2=10001f48  x2:10001e18
39286563ns          674173 1c008de8 00008067 jalr             x0, x1, 0            x1:1c008d40
39286642ns          674177 1c008d40 01c12083 lw               x1, 28(x2)           x1=1c0081fe  x2:10001f48  PA:10001f64
39286662ns          674178 1c008d42 04010113 addi             x2, x2, 64           x2=10001f88  x2:10001f48
39286702ns          674180 1c008d44 00008067 jalr             x0, x1, 0            x1:1c0081fe
39286781ns          674184 1c0081fe 00000513 addi             x10, x0, 0          x10=00000000
39286861ns          674188 1c008200 55e000ef jal              x1, 1374             x1=1c008202
39287756ns          674233 1c00875e 002047b7 lui              x15, 0x204000       x15=00204000
39287796ns          674235 1c008762 02078793 addi             x15, x15, 32        x15=00204020 x15:00204000
39287815ns          674236 1c008766 00f50533 add              x10, x10, x15       x10=00204020 x10:00000000 x15:00204020
39287835ns          674237 1c008768 00751513 slli             x10, x10, 0x7       x10=10201000 x10:00204020
39287855ns          674238 1c00876a 00008067 jalr             x0, x1, 0            x1:1c008202
39288352ns          674263 1c008202 32041763 bne              x8, x0, 814          x8:00000003
39288909ns          674291 1c008530 fc143ee3 p.bneimm         x8, -36              x8:00000003
39289387ns          674315 1c00850c 299010ef jal              x1, 6808             x1=1c008510
39289864ns          674339 1c009fa4 f14027f3 csrrs            x15, x0, 0xf14      x15=00000003
39289904ns          674341 1c009fa8 01f00713 addi             x14, x0, 31         x14=0000001f
39289924ns          674342 1c009faa ca5797b3 p.extractu       x15, x15, 5, 5      x15=00000000 x15:00000003
39290361ns          674364 1c009fae 00e78863 beq              x15, x14, 16        x15:00000000 x14:0000001f
39290401ns          674366 1c009fb2 002047b7 lui              x15, 0x204000       x15=00204000
39290421ns          674367 1c009fb6 20078793 addi             x15, x15, 512       x15=00204200 x15:00204000
39290441ns          674368 1c009fba 01c7e703 p.elw            x14, 28(x15)        x14=00010000 x15:00204200  PA:0020421c
40256476ns          722859 1c009fbe 00008067 jalr             x0, x1, 0            x1:1c008510
40256596ns          722865 1c008510 06c12083 lw               x1, 108(x2)          x1=1c009e76  x2:10001f88  PA:10001ff4
40256616ns          722866 1c008512 06812403 lw               x8, 104(x2)          x8=00000000  x2:10001f88  PA:10001ff0
40256636ns          722867 1c008514 06412483 lw               x9, 100(x2)          x9=00000000  x2:10001f88  PA:10001fec
40256656ns          722868 1c008516 06012903 lw               x18, 96(x2)         x18=00000000  x2:10001f88  PA:10001fe8
40256676ns          722869 1c008518 05c12983 lw               x19, 92(x2)         x19=00000000  x2:10001f88  PA:10001fe4
40256696ns          722870 1c00851a 05812a03 lw               x20, 88(x2)         x20=00000000  x2:10001f88  PA:10001fe0
40256717ns          722871 1c00851c 05412a83 lw               x21, 84(x2)         x21=00000000  x2:10001f88  PA:10001fdc
40256737ns          722872 1c00851e 05012b03 lw               x22, 80(x2)         x22=00000000  x2:10001f88  PA:10001fd8
40257198ns          722895 1c008520 04c12b83 lw               x23, 76(x2)         x23=00000000  x2:10001f88  PA:10001fd4
40257218ns          722896 1c008522 04812c03 lw               x24, 72(x2)         x24=00000000  x2:10001f88  PA:10001fd0
40257238ns          722897 1c008524 04412c83 lw               x25, 68(x2)         x25=00000000  x2:10001f88  PA:10001fcc
40257258ns          722898 1c008526 04012d03 lw               x26, 64(x2)         x26=00000000  x2:10001f88  PA:10001fc8
40257278ns          722899 1c008528 03c12d83 lw               x27, 60(x2)         x27=00000000  x2:10001f88  PA:10001fc4
40257298ns          722900 1c00852a 00100513 addi             x10, x0, 1          x10=00000001
40257318ns          722901 1c00852c 07010113 addi             x2, x2, 112          x2=10001ff8  x2:10001f88
40257339ns          722902 1c00852e 00008067 jalr             x0, x1, 0            x1:1c009e76
40257700ns          722920 1c009e76 01f00713 addi             x14, x0, 31         x14=0000001f
40257740ns          722922 1c009e78 f14027f3 csrrs            x15, x0, 0xf14      x15=00000003
40257760ns          722923 1c009e7c ca5797b3 p.extractu       x15, x15, 5, 5      x15=00000000 x15:00000003
40257820ns          722926 1c009e80 00e78863 beq              x15, x14, 16        x15:00000000 x14:0000001f
40257860ns          722928 1c009e84 002047b7 lui              x15, 0x204000       x15=00204000
40257880ns          722929 1c009e88 20078793 addi             x15, x15, 512       x15=00204200 x15:00204000
40257900ns          722930 1c009e8c 01c7e703 p.elw            x14, 28(x15)        x14=00010000 x15:00204200  PA:0020421c
40258121ns          722941 1c009e90 f14027f3 csrrs            x15, x0, 0xf14      x15=00000003
40258161ns          722943 1c009e94 f457b7b3 p.bclr           x15, x15, 26, 5     x15=00000003 x15:00000003
40258181ns          722944 1c009e98 00079963 bne              x15, x0, 18         x15:00000003
40258803ns          722975 1c009eaa 002047b7 lui              x15, 0x204000       x15=00204000
40258823ns          722976 1c009eae fff00713 addi             x14, x0, -1         x14=ffffffff
40259184ns          722994 1c009eb0 00e7a223 sw               x14, 4(x15)         x14:ffffffff x15:00204000  PA:00204004
