                Time          Cycles PC       Instr    Mnemonic
39191697ns          669403 1c008080 000000b7 lui              x1, 0x0              x1=00000000
39191737ns          669405 1c008084 00000137 lui              x2, 0x0              x2=00000000
39191756ns          669406 1c008088 000001b7 lui              x3, 0x0              x3=00000000
39191776ns          669407 1c00808c 00000237 lui              x4, 0x0              x4=00000000
39192214ns          669429 1c008090 000002b7 lui              x5, 0x0              x5=00000000
39192254ns          669431 1c008094 00000337 lui              x6, 0x0              x6=00000000
39192274ns          669432 1c008098 000003b7 lui              x7, 0x0              x7=00000000
39192293ns          669433 1c00809c 00000437 lui              x8, 0x0              x8=00000000
39192731ns          669455 1c0080a0 000004b7 lui              x9, 0x0              x9=00000000
39192771ns          669457 1c0080a4 00000537 lui              x10, 0x0            x10=00000000
39192791ns          669458 1c0080a8 000005b7 lui              x11, 0x0            x11=00000000
39192810ns          669459 1c0080ac 00000637 lui              x12, 0x0            x12=00000000
39193268ns          669482 1c0080b0 000006b7 lui              x13, 0x0            x13=00000000
39193308ns          669484 1c0080b4 00000737 lui              x14, 0x0            x14=00000000
39193328ns          669485 1c0080b8 000007b7 lui              x15, 0x0            x15=00000000
39193347ns          669486 1c0080bc 00000837 lui              x16, 0x0            x16=00000000
39193785ns          669508 1c0080c0 000008b7 lui              x17, 0x0            x17=00000000
39193825ns          669510 1c0080c4 00000937 lui              x18, 0x0            x18=00000000
39193845ns          669511 1c0080c8 000009b7 lui              x19, 0x0            x19=00000000
39193865ns          669512 1c0080cc 00000a37 lui              x20, 0x0            x20=00000000
39194302ns          669534 1c0080d0 00000ab7 lui              x21, 0x0            x21=00000000
39194342ns          669536 1c0080d4 00000b37 lui              x22, 0x0            x22=00000000
39194362ns          669537 1c0080d8 00000bb7 lui              x23, 0x0            x23=00000000
39194382ns          669538 1c0080dc 00000c37 lui              x24, 0x0            x24=00000000
39194819ns          669560 1c0080e0 00000cb7 lui              x25, 0x0            x25=00000000
39194859ns          669562 1c0080e4 00000d37 lui              x26, 0x0            x26=00000000
39194879ns          669563 1c0080e8 00000db7 lui              x27, 0x0            x27=00000000
39194899ns          669564 1c0080ec 00000e37 lui              x28, 0x0            x28=00000000
39195336ns          669586 1c0080f0 00000eb7 lui              x29, 0x0            x29=00000000
39195376ns          669588 1c0080f4 00000f37 lui              x30, 0x0            x30=00000000
39195396ns          669589 1c0080f8 00000fb7 lui              x31, 0x0            x31=00000000
39195416ns          669590 1c0080fc 0700006f jal              x0, 112            
39196311ns          669635 1c00816c f1402573 csrrs            x10, x0, 0xf14      x10=00000006
39196768ns          669658 1c008170 01f57593 andi             x11, x10, 31        x11=00000006 x10:00000006
39196808ns          669660 1c008174 00555513 srli             x10, x10, 0x5       x10=00000000 x10:00000006
39196828ns          669661 1c008176 01f00613 addi             x12, x0, 31         x12=0000001f
39196848ns          669662 1c008178 00c50463 beq              x10, x12, 8         x10:00000000 x12:0000001f
39196868ns          669663 1c00817c f95ff06f jal              x0, -108           
39197763ns          669708 1c008110 f3ff8117 auipc            x2, 0xf3ff8000       x2=10000110
39197802ns          669710 1c008114 ef410113 addi             x2, x2, -268         x2=10000004  x2:10000110
39197822ns          669711 1c008118 00012103 lw               x2, 0(x2)            x2=10000008  x2:10000004  PA:10000004
39197842ns          669712 1c00811c 000011b7 lui              x3, 0x1000           x3=00001000
39198280ns          669734 1c008120 80018193 addi             x3, x3, -2048        x3=00000800  x3:00001000
39198319ns          669736 1c008124 00158593 addi             x11, x11, 1         x11=00000007 x11:00000006
39198339ns          669737 1c008128 02b180b3 mul              x1, x3, x11          x1=00003800  x3:00000800 x11:00000007
39198359ns          669738 1c00812c 00110133 add              x2, x2, x1           x2=10003808  x2:10000008  x1:00003800
39198797ns          669760 1c008130 50d0106f jal              x0, 7436           
39199374ns          669789 1c009e3c ff010113 addi             x2, x2, -16          x2=100037f8  x2:10003808
39199393ns          669790 1c009e3e 00112623 sw               x1, 12(x2)           x1:00003800  x2:100037f8  PA:10003804
39199831ns          669812 1c009e40 002047b7 lui              x15, 0x204000       x15=00204000
39199871ns          669814 1c009e44 00070737 lui              x14, 0x70000        x14=00070000
39199891ns          669815 1c009e48 00e7a423 sw               x14, 8(x15)         x14:00070000 x15:00204000  PA:00204008
39199911ns          669816 1c009e4a 0ff00713 addi             x14, x0, 255        x14=000000ff
39200348ns          669838 1c009e4e 20078793 addi             x15, x15, 512       x15=00204200 x15:00204000
39200388ns          669840 1c009e52 00e7a023 sw               x14, 0(x15)         x14:000000ff x15:00204200  PA:00204200
39200487ns          669845 1c009e56 00e7a623 sw               x14, 12(x15)        x14:000000ff x15:00204200  PA:0020420c
39200507ns          669846 1c009e5a 01f00693 addi             x13, x0, 31         x13=0000001f
39200527ns          669847 1c009e5c f1402773 csrrs            x14, x0, 0xf14      x14=00000006
39200865ns          669864 1c009e60 ca571733 p.extractu       x14, x14, 5, 5      x14=00000000 x14:00000006
39200905ns          669866 1c009e64 00d70463 beq              x14, x13, 8         x14:00000000 x13:0000001f
39200925ns          669867 1c009e68 01c7e703 p.elw            x14, 28(x15)        x14=00010000 x15:00204200  PA:0020421c
39201064ns          669874 1c009e6c 1c0017b7 lui              x15, 0x1c001000     x15=1c001000
39201402ns          669891 1c009e70 93c7a783 lw               x15, -1732(x15)     x15=1c0081c6 x15:1c001000  PA:1c00093c
39201979ns          669920 1c009e74 000780e7 jalr             x1, x15, 0           x1=1c009e76 x15:1c0081c6
39202397ns          669941 1c0081c6 f9010113 addi             x2, x2, -112         x2=10003788  x2:100037f8
39202436ns          669943 1c0081c8 06812423 sw               x8, 104(x2)          x8:00000000  x2:10003788  PA:100037f0
39202456ns          669944 1c0081ca f14027f3 csrrs            x15, x0, 0xf14      x15=00000006
39202894ns          669966 1c0081ce 1c000537 lui              x10, 0x1c000000     x10=1c000000
39202933ns          669968 1c0081d2 f457b433 p.bclr           x8, x15, 26, 5       x8=00000006 x15:00000006
39202953ns          669969 1c0081d6 4057d793 srai             x15, x15, 0x405     x15=00000000 x15:00000006
39202973ns          669970 1c0081d8 00800633 add              x12, x0, x8         x12=00000006  x8:00000006
39202993ns          669971 1c0081da f267b5b3 p.bclr           x11, x15, 25, 6     x11=00000000 x15:00000000
39203411ns          669992 1c0081de 01c50513 addi             x10, x10, 28        x10=1c00001c x10:1c000000
39203431ns          669993 1c0081e2 06112623 sw               x1, 108(x2)          x1:1c009e76  x2:10003788  PA:100037f4
39203451ns          669994 1c0081e4 06912223 sw               x9, 100(x2)          x9:00000000  x2:10003788  PA:100037ec
39203470ns          669995 1c0081e6 07212023 sw               x18, 96(x2)         x18:00000000  x2:10003788  PA:100037e8
39203490ns          669996 1c0081e8 05312e23 sw               x19, 92(x2)         x19:00000000  x2:10003788  PA:100037e4
39203510ns          669997 1c0081ea 05412c23 sw               x20, 88(x2)         x20:00000000  x2:10003788  PA:100037e0
39203530ns          669998 1c0081ec 05512a23 sw               x21, 84(x2)         x21:00000000  x2:10003788  PA:100037dc
39203550ns          669999 1c0081ee 05612823 sw               x22, 80(x2)         x22:00000000  x2:10003788  PA:100037d8
39203948ns          670019 1c0081f0 05712623 sw               x23, 76(x2)         x23:00000000  x2:10003788  PA:100037d4
39203968ns          670020 1c0081f2 05812423 sw               x24, 72(x2)         x24:00000000  x2:10003788  PA:100037d0
39203988ns          670021 1c0081f4 05912223 sw               x25, 68(x2)         x25:00000000  x2:10003788  PA:100037cc
39204007ns          670022 1c0081f6 05a12023 sw               x26, 64(x2)         x26:00000000  x2:10003788  PA:100037c8
39204027ns          670023 1c0081f8 03b12e23 sw               x27, 60(x2)         x27:00000000  x2:10003788  PA:100037c4
39204047ns          670024 1c0081fa 31f000ef jal              x1, 2846             x1=1c0081fe
39204922ns          670068 1c008d18 fc010113 addi             x2, x2, -64          x2=10003748  x2:10003788
39204962ns          670070 1c008d1a 02410313 addi             x6, x2, 36           x6=1000376c  x2:10003748
39204982ns          670071 1c008d1e 02c12423 sw               x12, 40(x2)         x12:00000006  x2:10003748  PA:10003770
39205400ns          670092 1c008d20 00a00633 add              x12, x0, x10        x12=1c00001c x10:1c00001c
39205439ns          670094 1c008d22 1c009537 lui              x10, 0x1c009000     x10=1c009000
39205459ns          670095 1c008d26 02b12223 sw               x11, 36(x2)         x11:00000000  x2:10003748  PA:1000376c
39205479ns          670096 1c008d28 02d12623 sw               x13, 44(x2)         x13:0000001f  x2:10003748  PA:10003774
39205499ns          670097 1c008d2a 00200593 addi             x11, x0, 2          x11=00000002
39205519ns          670098 1c008d2c 006006b3 add              x13, x0, x6         x13=1000376c  x6:1000376c
39205917ns          670118 1c008d2e cd450513 addi             x10, x10, -812      x10=1c008cd4 x10:1c009000
39205937ns          670119 1c008d32 00112e23 sw               x1, 28(x2)           x1:1c0081fe  x2:10003748  PA:10003764
39205956ns          670120 1c008d34 02e12823 sw               x14, 48(x2)         x14:00010000  x2:10003748  PA:10003778
39205976ns          670121 1c008d36 02f12a23 sw               x15, 52(x2)         x15:00000000  x2:10003748  PA:1000377c
39205996ns          670122 1c008d38 03012c23 sw               x16, 56(x2)         x16:00000000  x2:10003748  PA:10003780
39206016ns          670123 1c008d3a 03112e23 sw               x17, 60(x2)         x17:00000000  x2:10003748  PA:10003784
39206036ns          670124 1c008d3c 00612623 sw               x6, 12(x2)           x6:1000376c  x2:10003748  PA:10003754
39206056ns          670125 1c008d3e fbfff0ef jal              x1, -66              x1=1c008d40
39206891ns          670167 1c008cfc 04a0006f jal              x0, 74             
39206931ns          670169 1c008d46 ed010113 addi             x2, x2, -304         x2=10003618  x2:10003748
39206951ns          670170 1c008d48 12812423 sw               x8, 296(x2)          x8:00000006  x2:10003618  PA:10003740
39206971ns          670171 1c008d4c 00000413 addi             x8, x0, 0            x8=00000000
39207408ns          670193 1c008d4e 11612823 sw               x22, 272(x2)        x22:00000000  x2:10003618  PA:10003728
39207448ns          670195 1c008d52 11712623 sw               x23, 268(x2)        x23:00000000  x2:10003618  PA:10003724
39207468ns          670196 1c008d56 11812423 sw               x24, 264(x2)        x24:00000000  x2:10003618  PA:10003720
39207488ns          670197 1c008d5a 11912223 sw               x25, 260(x2)        x25:00000000  x2:10003618  PA:1000371c
39207945ns          670220 1c008d5e 11a12023 sw               x26, 256(x2)        x26:00000000  x2:10003618  PA:10003718
39207965ns          670221 1c008d62 0fb12e23 sw               x27, 252(x2)        x27:00000000  x2:10003618  PA:10003714
39207985ns          670222 1c008d64 12112623 sw               x1, 300(x2)          x1:1c008d40  x2:10003618  PA:10003744
39208005ns          670223 1c008d68 00800db3 add              x27, x0, x8         x27=00000000  x8:00000000
39208025ns          670224 1c008d6a 12912223 sw               x9, 292(x2)          x9:00000000  x2:10003618  PA:1000373c
39208462ns          670246 1c008d6e 13212023 sw               x18, 288(x2)        x18:00000000  x2:10003618  PA:10003738
39208502ns          670248 1c008d72 11312e23 sw               x19, 284(x2)        x19:00000000  x2:10003618  PA:10003734
39208522ns          670249 1c008d76 11412c23 sw               x20, 280(x2)        x20:00000000  x2:10003618  PA:10003730
39208542ns          670250 1c008d7a 11512a23 sw               x21, 276(x2)        x21:00000000  x2:10003618  PA:1000372c
39208562ns          670251 1c008d7e 00a00b33 add              x22, x0, x10        x22=1c008cd4 x10:1c008cd4
39208979ns          670272 1c008d80 00b00d33 add              x26, x0, x11        x26=00000002 x11:00000002
39208999ns          670273 1c008d82 00d00c33 add              x24, x0, x13        x24=1000376c x13:1000376c
39209019ns          670274 1c008d84 1c000bb7 lui              x23, 0x1c000000     x23=1c000000
39209039ns          670275 1c008d88 02410c93 addi             x25, x2, 36         x25=1000363c  x2:10003618
39209059ns          670276 1c008d8c 00c00433 add              x8, x0, x12          x8=1c00001c x12:1c00001c
39209497ns          670298 1c008d8e 00044503 lbu              x10, 0(x8)          x10=00000045  x8:1c00001c  PA:1c00001c
39210034ns          670325 1c008d92 00140413 addi             x8, x8, 1            x8=1c00001d  x8:1c00001c
39210053ns          670326 1c008d94 00050e63 beq              x10, x0, 28         x10:00000045
39210073ns          670327 1c008d96 02500793 addi             x15, x0, 37         x15=00000025
39210093ns          670328 1c008d9a 04f50863 beq              x10, x15, 80        x10:00000045 x15:00000025
39210113ns          670329 1c008d9e 01a005b3 add              x11, x0, x26        x11=00000002 x26:00000002
39210133ns          670330 1c008da0 000b00e7 jalr             x1, x22, 0           x1=1c008da2 x22:1c008cd4
39210511ns          670349 1c008cd4 000026b7 lui              x13, 0x2000         x13=00002000
39210551ns          670351 1c008cd6 f14027f3 csrrs            x15, x0, 0xf14      x15=00000006
39210570ns          670352 1c008cda f8068693 addi             x13, x13, -128      x13=00001f80 x13:00002000
39211008ns          670374 1c008cde 00379713 slli             x14, x15, 0x3       x14=00000030 x15:00000006
39211028ns          670375 1c008ce2 00279793 slli             x15, x15, 0x2       x15=00000018 x15:00000006
39211048ns          670376 1c008ce4 00d7f7b3 and              x15, x15, x13       x15=00000000 x15:00000018 x13:00001f80
39211068ns          670377 1c008ce6 ee873733 p.bclr           x14, x14, 23, 8     x14=00000030 x14:00000030
39211088ns          670378 1c008cea 1a10f6b7 lui              x13, 0x1a10f000     x13=1a10f000
39211107ns          670379 1c008cee 0ff57513 andi             x10, x10, 255       x10=00000045 x10:00000045
39211127ns          670380 1c008cf2 00d70733 add              x14, x14, x13       x14=1a10f030 x14:00000030 x13:1a10f000
39211147ns          670381 1c008cf4 00a7e723 p.sw             x10, x0(x15)        x10:00000045 x15:00000000  PA:1a10f030
39211804ns          670414 1c008cf8 00000513 addi             x10, x0, 0          x10=00000000
39211823ns          670415 1c008cfa 00008067 jalr             x0, x1, 0            x1:1c008da2
39211883ns          670418 1c008da2 31f52563 p.beqimm         x10, 778            x10:00000000
39211903ns          670419 1c008da6 001d8d93 addi             x27, x27, 1         x27=00000001 x27:00000000
39211923ns          670420 1c008da8 00044503 lbu              x10, 0(x8)          x10=0000006e  x8:1c00001d  PA:1c00001d
39212221ns          670435 1c008dac 00140413 addi             x8, x8, 1            x8=1c00001e  x8:1c00001d
39212241ns          670436 1c008dae fe0514e3 bne              x10, x0, -24        x10:0000006e
39212321ns          670440 1c008d96 02500793 addi             x15, x0, 37         x15=00000025
39212341ns          670441 1c008d9a 04f50863 beq              x10, x15, 80        x10:0000006e x15:00000025
39212360ns          670442 1c008d9e 01a005b3 add              x11, x0, x26        x11=00000002 x26:00000002
39212380ns          670443 1c008da0 000b00e7 jalr             x1, x22, 0           x1=1c008da2 x22:1c008cd4
39212420ns          670445 1c008cd4 000026b7 lui              x13, 0x2000         x13=00002000
39212440ns          670446 1c008cd6 f14027f3 csrrs            x15, x0, 0xf14      x15=00000006
39212460ns          670447 1c008cda f8068693 addi             x13, x13, -128      x13=00001f80 x13:00002000
39212480ns          670448 1c008cde 00379713 slli             x14, x15, 0x3       x14=00000030 x15:00000006
39212500ns          670449 1c008ce2 00279793 slli             x15, x15, 0x2       x15=00000018 x15:00000006
39212520ns          670450 1c008ce4 00d7f7b3 and              x15, x15, x13       x15=00000000 x15:00000018 x13:00001f80
39212539ns          670451 1c008ce6 ee873733 p.bclr           x14, x14, 23, 8     x14=00000030 x14:00000030
39212559ns          670452 1c008cea 1a10f6b7 lui              x13, 0x1a10f000     x13=1a10f000
39212579ns          670453 1c008cee 0ff57513 andi             x10, x10, 255       x10=0000006e x10:0000006e
39212599ns          670454 1c008cf2 00d70733 add              x14, x14, x13       x14=1a10f030 x14:00000030 x13:1a10f000
39212619ns          670455 1c008cf4 00a7e723 p.sw             x10, x0(x15)        x10:0000006e x15:00000000  PA:1a10f030
39213216ns          670485 1c008cf8 00000513 addi             x10, x0, 0          x10=00000000
39213235ns          670486 1c008cfa 00008067 jalr             x0, x1, 0            x1:1c008da2
39213295ns          670489 1c008da2 31f52563 p.beqimm         x10, 778            x10:00000000
39213315ns          670490 1c008da6 001d8d93 addi             x27, x27, 1         x27=00000002 x27:00000001
39213335ns          670491 1c008da8 00044503 lbu              x10, 0(x8)          x10=00000074  x8:1c00001e  PA:1c00001e
39213633ns          670506 1c008dac 00140413 addi             x8, x8, 1            x8=1c00001f  x8:1c00001e
39213653ns          670507 1c008dae fe0514e3 bne              x10, x0, -24        x10:00000074
39213733ns          670511 1c008d96 02500793 addi             x15, x0, 37         x15=00000025
39213753ns          670512 1c008d9a 04f50863 beq              x10, x15, 80        x10:00000074 x15:00000025
39213772ns          670513 1c008d9e 01a005b3 add              x11, x0, x26        x11=00000002 x26:00000002
39213792ns          670514 1c008da0 000b00e7 jalr             x1, x22, 0           x1=1c008da2 x22:1c008cd4
39213832ns          670516 1c008cd4 000026b7 lui              x13, 0x2000         x13=00002000
39213852ns          670517 1c008cd6 f14027f3 csrrs            x15, x0, 0xf14      x15=00000006
39213872ns          670518 1c008cda f8068693 addi             x13, x13, -128      x13=00001f80 x13:00002000
39213892ns          670519 1c008cde 00379713 slli             x14, x15, 0x3       x14=00000030 x15:00000006
39213912ns          670520 1c008ce2 00279793 slli             x15, x15, 0x2       x15=00000018 x15:00000006
39213932ns          670521 1c008ce4 00d7f7b3 and              x15, x15, x13       x15=00000000 x15:00000018 x13:00001f80
39213951ns          670522 1c008ce6 ee873733 p.bclr           x14, x14, 23, 8     x14=00000030 x14:00000030
39213971ns          670523 1c008cea 1a10f6b7 lui              x13, 0x1a10f000     x13=1a10f000
39213991ns          670524 1c008cee 0ff57513 andi             x10, x10, 255       x10=00000074 x10:00000074
39214011ns          670525 1c008cf2 00d70733 add              x14, x14, x13       x14=1a10f030 x14:00000030 x13:1a10f000
39214031ns          670526 1c008cf4 00a7e723 p.sw             x10, x0(x15)        x10:00000074 x15:00000000  PA:1a10f030
39214369ns          670543 1c008cf8 00000513 addi             x10, x0, 0          x10=00000000
39214389ns          670544 1c008cfa 00008067 jalr             x0, x1, 0            x1:1c008da2
39214449ns          670547 1c008da2 31f52563 p.beqimm         x10, 778            x10:00000000
39214469ns          670548 1c008da6 001d8d93 addi             x27, x27, 1         x27=00000003 x27:00000002
39214488ns          670549 1c008da8 00044503 lbu              x10, 0(x8)          x10=00000065  x8:1c00001f  PA:1c00001f
39214787ns          670564 1c008dac 00140413 addi             x8, x8, 1            x8=1c000020  x8:1c00001f
39214807ns          670565 1c008dae fe0514e3 bne              x10, x0, -24        x10:00000065
39214886ns          670569 1c008d96 02500793 addi             x15, x0, 37         x15=00000025
39214906ns          670570 1c008d9a 04f50863 beq              x10, x15, 80        x10:00000065 x15:00000025
39214926ns          670571 1c008d9e 01a005b3 add              x11, x0, x26        x11=00000002 x26:00000002
39214946ns          670572 1c008da0 000b00e7 jalr             x1, x22, 0           x1=1c008da2 x22:1c008cd4
39214986ns          670574 1c008cd4 000026b7 lui              x13, 0x2000         x13=00002000
39215006ns          670575 1c008cd6 f14027f3 csrrs            x15, x0, 0xf14      x15=00000006
39215025ns          670576 1c008cda f8068693 addi             x13, x13, -128      x13=00001f80 x13:00002000
39215045ns          670577 1c008cde 00379713 slli             x14, x15, 0x3       x14=00000030 x15:00000006
39215065ns          670578 1c008ce2 00279793 slli             x15, x15, 0x2       x15=00000018 x15:00000006
39215085ns          670579 1c008ce4 00d7f7b3 and              x15, x15, x13       x15=00000000 x15:00000018 x13:00001f80
39215105ns          670580 1c008ce6 ee873733 p.bclr           x14, x14, 23, 8     x14=00000030 x14:00000030
39215125ns          670581 1c008cea 1a10f6b7 lui              x13, 0x1a10f000     x13=1a10f000
39215145ns          670582 1c008cee 0ff57513 andi             x10, x10, 255       x10=00000065 x10:00000065
39215165ns          670583 1c008cf2 00d70733 add              x14, x14, x13       x14=1a10f030 x14:00000030 x13:1a10f000
39215184ns          670584 1c008cf4 00a7e723 p.sw             x10, x0(x15)        x10:00000065 x15:00000000  PA:1a10f030
39215542ns          670602 1c008cf8 00000513 addi             x10, x0, 0          x10=00000000
39215562ns          670603 1c008cfa 00008067 jalr             x0, x1, 0            x1:1c008da2
39215622ns          670606 1c008da2 31f52563 p.beqimm         x10, 778            x10:00000000
39215642ns          670607 1c008da6 001d8d93 addi             x27, x27, 1         x27=00000004 x27:00000003
39215662ns          670608 1c008da8 00044503 lbu              x10, 0(x8)          x10=00000072  x8:1c000020  PA:1c000020
39215960ns          670623 1c008dac 00140413 addi             x8, x8, 1            x8=1c000021  x8:1c000020
39215980ns          670624 1c008dae fe0514e3 bne              x10, x0, -24        x10:00000072
39216060ns          670628 1c008d96 02500793 addi             x15, x0, 37         x15=00000025
39216079ns          670629 1c008d9a 04f50863 beq              x10, x15, 80        x10:00000072 x15:00000025
39216099ns          670630 1c008d9e 01a005b3 add              x11, x0, x26        x11=00000002 x26:00000002
39216119ns          670631 1c008da0 000b00e7 jalr             x1, x22, 0           x1=1c008da2 x22:1c008cd4
39216159ns          670633 1c008cd4 000026b7 lui              x13, 0x2000         x13=00002000
39216179ns          670634 1c008cd6 f14027f3 csrrs            x15, x0, 0xf14      x15=00000006
39216199ns          670635 1c008cda f8068693 addi             x13, x13, -128      x13=00001f80 x13:00002000
39216219ns          670636 1c008cde 00379713 slli             x14, x15, 0x3       x14=00000030 x15:00000006
39216239ns          670637 1c008ce2 00279793 slli             x15, x15, 0x2       x15=00000018 x15:00000006
39216258ns          670638 1c008ce4 00d7f7b3 and              x15, x15, x13       x15=00000000 x15:00000018 x13:00001f80
39216278ns          670639 1c008ce6 ee873733 p.bclr           x14, x14, 23, 8     x14=00000030 x14:00000030
39216298ns          670640 1c008cea 1a10f6b7 lui              x13, 0x1a10f000     x13=1a10f000
39216318ns          670641 1c008cee 0ff57513 andi             x10, x10, 255       x10=00000072 x10:00000072
39216338ns          670642 1c008cf2 00d70733 add              x14, x14, x13       x14=1a10f030 x14:00000030 x13:1a10f000
39216358ns          670643 1c008cf4 00a7e723 p.sw             x10, x0(x15)        x10:00000072 x15:00000000  PA:1a10f030
39216696ns          670660 1c008cf8 00000513 addi             x10, x0, 0          x10=00000000
39216716ns          670661 1c008cfa 00008067 jalr             x0, x1, 0            x1:1c008da2
39216776ns          670664 1c008da2 31f52563 p.beqimm         x10, 778            x10:00000000
39216795ns          670665 1c008da6 001d8d93 addi             x27, x27, 1         x27=00000005 x27:00000004
39216815ns          670666 1c008da8 00044503 lbu              x10, 0(x8)          x10=00000065  x8:1c000021  PA:1c000021
39217134ns          670682 1c008dac 00140413 addi             x8, x8, 1            x8=1c000022  x8:1c000021
39217153ns          670683 1c008dae fe0514e3 bne              x10, x0, -24        x10:00000065
39217233ns          670687 1c008d96 02500793 addi             x15, x0, 37         x15=00000025
39217253ns          670688 1c008d9a 04f50863 beq              x10, x15, 80        x10:00000065 x15:00000025
39217273ns          670689 1c008d9e 01a005b3 add              x11, x0, x26        x11=00000002 x26:00000002
39217293ns          670690 1c008da0 000b00e7 jalr             x1, x22, 0           x1=1c008da2 x22:1c008cd4
39217332ns          670692 1c008cd4 000026b7 lui              x13, 0x2000         x13=00002000
39217352ns          670693 1c008cd6 f14027f3 csrrs            x15, x0, 0xf14      x15=00000006
39217372ns          670694 1c008cda f8068693 addi             x13, x13, -128      x13=00001f80 x13:00002000
39217392ns          670695 1c008cde 00379713 slli             x14, x15, 0x3       x14=00000030 x15:00000006
39217412ns          670696 1c008ce2 00279793 slli             x15, x15, 0x2       x15=00000018 x15:00000006
39217432ns          670697 1c008ce4 00d7f7b3 and              x15, x15, x13       x15=00000000 x15:00000018 x13:00001f80
39217452ns          670698 1c008ce6 ee873733 p.bclr           x14, x14, 23, 8     x14=00000030 x14:00000030
39217472ns          670699 1c008cea 1a10f6b7 lui              x13, 0x1a10f000     x13=1a10f000
39217492ns          670700 1c008cee 0ff57513 andi             x10, x10, 255       x10=00000065 x10:00000065
39217511ns          670701 1c008cf2 00d70733 add              x14, x14, x13       x14=1a10f030 x14:00000030 x13:1a10f000
39217531ns          670702 1c008cf4 00a7e723 p.sw             x10, x0(x15)        x10:00000065 x15:00000000  PA:1a10f030
39217849ns          670718 1c008cf8 00000513 addi             x10, x0, 0          x10=00000000
39217869ns          670719 1c008cfa 00008067 jalr             x0, x1, 0            x1:1c008da2
39217929ns          670722 1c008da2 31f52563 p.beqimm         x10, 778            x10:00000000
39217949ns          670723 1c008da6 001d8d93 addi             x27, x27, 1         x27=00000006 x27:00000005
39217969ns          670724 1c008da8 00044503 lbu              x10, 0(x8)          x10=00000064  x8:1c000022  PA:1c000022
39218287ns          670740 1c008dac 00140413 addi             x8, x8, 1            x8=1c000023  x8:1c000022
39218307ns          670741 1c008dae fe0514e3 bne              x10, x0, -24        x10:00000064
39218386ns          670745 1c008d96 02500793 addi             x15, x0, 37         x15=00000025
39218406ns          670746 1c008d9a 04f50863 beq              x10, x15, 80        x10:00000064 x15:00000025
39218426ns          670747 1c008d9e 01a005b3 add              x11, x0, x26        x11=00000002 x26:00000002
39218446ns          670748 1c008da0 000b00e7 jalr             x1, x22, 0           x1=1c008da2 x22:1c008cd4
39218486ns          670750 1c008cd4 000026b7 lui              x13, 0x2000         x13=00002000
39218506ns          670751 1c008cd6 f14027f3 csrrs            x15, x0, 0xf14      x15=00000006
39218526ns          670752 1c008cda f8068693 addi             x13, x13, -128      x13=00001f80 x13:00002000
39218546ns          670753 1c008cde 00379713 slli             x14, x15, 0x3       x14=00000030 x15:00000006
39218565ns          670754 1c008ce2 00279793 slli             x15, x15, 0x2       x15=00000018 x15:00000006
39218585ns          670755 1c008ce4 00d7f7b3 and              x15, x15, x13       x15=00000000 x15:00000018 x13:00001f80
39218605ns          670756 1c008ce6 ee873733 p.bclr           x14, x14, 23, 8     x14=00000030 x14:00000030
39218625ns          670757 1c008cea 1a10f6b7 lui              x13, 0x1a10f000     x13=1a10f000
39218645ns          670758 1c008cee 0ff57513 andi             x10, x10, 255       x10=00000064 x10:00000064
39218665ns          670759 1c008cf2 00d70733 add              x14, x14, x13       x14=1a10f030 x14:00000030 x13:1a10f000
39218685ns          670760 1c008cf4 00a7e723 p.sw             x10, x0(x15)        x10:00000064 x15:00000000  PA:1a10f030
39219003ns          670776 1c008cf8 00000513 addi             x10, x0, 0          x10=00000000
39219023ns          670777 1c008cfa 00008067 jalr             x0, x1, 0            x1:1c008da2
39219083ns          670780 1c008da2 31f52563 p.beqimm         x10, 778            x10:00000000
39219102ns          670781 1c008da6 001d8d93 addi             x27, x27, 1         x27=00000007 x27:00000006
39219122ns          670782 1c008da8 00044503 lbu              x10, 0(x8)          x10=00000020  x8:1c000023  PA:1c000023
39219421ns          670797 1c008dac 00140413 addi             x8, x8, 1            x8=1c000024  x8:1c000023
39219441ns          670798 1c008dae fe0514e3 bne              x10, x0, -24        x10:00000020
39219520ns          670802 1c008d96 02500793 addi             x15, x0, 37         x15=00000025
39219540ns          670803 1c008d9a 04f50863 beq              x10, x15, 80        x10:00000020 x15:00000025
39219560ns          670804 1c008d9e 01a005b3 add              x11, x0, x26        x11=00000002 x26:00000002
39219580ns          670805 1c008da0 000b00e7 jalr             x1, x22, 0           x1=1c008da2 x22:1c008cd4
39219620ns          670807 1c008cd4 000026b7 lui              x13, 0x2000         x13=00002000
39219639ns          670808 1c008cd6 f14027f3 csrrs            x15, x0, 0xf14      x15=00000006
39219659ns          670809 1c008cda f8068693 addi             x13, x13, -128      x13=00001f80 x13:00002000
39219679ns          670810 1c008cde 00379713 slli             x14, x15, 0x3       x14=00000030 x15:00000006
39219699ns          670811 1c008ce2 00279793 slli             x15, x15, 0x2       x15=00000018 x15:00000006
39219719ns          670812 1c008ce4 00d7f7b3 and              x15, x15, x13       x15=00000000 x15:00000018 x13:00001f80
39219739ns          670813 1c008ce6 ee873733 p.bclr           x14, x14, 23, 8     x14=00000030 x14:00000030
39219759ns          670814 1c008cea 1a10f6b7 lui              x13, 0x1a10f000     x13=1a10f000
39219779ns          670815 1c008cee 0ff57513 andi             x10, x10, 255       x10=00000020 x10:00000020
39219799ns          670816 1c008cf2 00d70733 add              x14, x14, x13       x14=1a10f030 x14:00000030 x13:1a10f000
39219818ns          670817 1c008cf4 00a7e723 p.sw             x10, x0(x15)        x10:00000020 x15:00000000  PA:1a10f030
39220137ns          670833 1c008cf8 00000513 addi             x10, x0, 0          x10=00000000
39220156ns          670834 1c008cfa 00008067 jalr             x0, x1, 0            x1:1c008da2
39220216ns          670837 1c008da2 31f52563 p.beqimm         x10, 778            x10:00000000
39220236ns          670838 1c008da6 001d8d93 addi             x27, x27, 1         x27=00000008 x27:00000007
39220256ns          670839 1c008da8 00044503 lbu              x10, 0(x8)          x10=00000063  x8:1c000024  PA:1c000024
39220554ns          670854 1c008dac 00140413 addi             x8, x8, 1            x8=1c000025  x8:1c000024
39220574ns          670855 1c008dae fe0514e3 bne              x10, x0, -24        x10:00000063
39220654ns          670859 1c008d96 02500793 addi             x15, x0, 37         x15=00000025
39220674ns          670860 1c008d9a 04f50863 beq              x10, x15, 80        x10:00000063 x15:00000025
39220693ns          670861 1c008d9e 01a005b3 add              x11, x0, x26        x11=00000002 x26:00000002
39220713ns          670862 1c008da0 000b00e7 jalr             x1, x22, 0           x1=1c008da2 x22:1c008cd4
39220753ns          670864 1c008cd4 000026b7 lui              x13, 0x2000         x13=00002000
39220773ns          670865 1c008cd6 f14027f3 csrrs            x15, x0, 0xf14      x15=00000006
39220793ns          670866 1c008cda f8068693 addi             x13, x13, -128      x13=00001f80 x13:00002000
39220813ns          670867 1c008cde 00379713 slli             x14, x15, 0x3       x14=00000030 x15:00000006
39220833ns          670868 1c008ce2 00279793 slli             x15, x15, 0x2       x15=00000018 x15:00000006
39220853ns          670869 1c008ce4 00d7f7b3 and              x15, x15, x13       x15=00000000 x15:00000018 x13:00001f80
39220872ns          670870 1c008ce6 ee873733 p.bclr           x14, x14, 23, 8     x14=00000030 x14:00000030
39220892ns          670871 1c008cea 1a10f6b7 lui              x13, 0x1a10f000     x13=1a10f000
39220912ns          670872 1c008cee 0ff57513 andi             x10, x10, 255       x10=00000063 x10:00000063
39220932ns          670873 1c008cf2 00d70733 add              x14, x14, x13       x14=1a10f030 x14:00000030 x13:1a10f000
39220952ns          670874 1c008cf4 00a7e723 p.sw             x10, x0(x15)        x10:00000063 x15:00000000  PA:1a10f030
39221290ns          670891 1c008cf8 00000513 addi             x10, x0, 0          x10=00000000
39221310ns          670892 1c008cfa 00008067 jalr             x0, x1, 0            x1:1c008da2
39221370ns          670895 1c008da2 31f52563 p.beqimm         x10, 778            x10:00000000
39221390ns          670896 1c008da6 001d8d93 addi             x27, x27, 1         x27=00000009 x27:00000008
39221409ns          670897 1c008da8 00044503 lbu              x10, 0(x8)          x10=0000006c  x8:1c000025  PA:1c000025
39221708ns          670912 1c008dac 00140413 addi             x8, x8, 1            x8=1c000026  x8:1c000025
39221728ns          670913 1c008dae fe0514e3 bne              x10, x0, -24        x10:0000006c
39221807ns          670917 1c008d96 02500793 addi             x15, x0, 37         x15=00000025
39221827ns          670918 1c008d9a 04f50863 beq              x10, x15, 80        x10:0000006c x15:00000025
39221847ns          670919 1c008d9e 01a005b3 add              x11, x0, x26        x11=00000002 x26:00000002
39221867ns          670920 1c008da0 000b00e7 jalr             x1, x22, 0           x1=1c008da2 x22:1c008cd4
39221907ns          670922 1c008cd4 000026b7 lui              x13, 0x2000         x13=00002000
39221927ns          670923 1c008cd6 f14027f3 csrrs            x15, x0, 0xf14      x15=00000006
39221946ns          670924 1c008cda f8068693 addi             x13, x13, -128      x13=00001f80 x13:00002000
39221966ns          670925 1c008cde 00379713 slli             x14, x15, 0x3       x14=00000030 x15:00000006
39221986ns          670926 1c008ce2 00279793 slli             x15, x15, 0x2       x15=00000018 x15:00000006
39222006ns          670927 1c008ce4 00d7f7b3 and              x15, x15, x13       x15=00000000 x15:00000018 x13:00001f80
39222026ns          670928 1c008ce6 ee873733 p.bclr           x14, x14, 23, 8     x14=00000030 x14:00000030
39222046ns          670929 1c008cea 1a10f6b7 lui              x13, 0x1a10f000     x13=1a10f000
39222066ns          670930 1c008cee 0ff57513 andi             x10, x10, 255       x10=0000006c x10:0000006c
39222086ns          670931 1c008cf2 00d70733 add              x14, x14, x13       x14=1a10f030 x14:00000030 x13:1a10f000
39222106ns          670932 1c008cf4 00a7e723 p.sw             x10, x0(x15)        x10:0000006c x15:00000000  PA:1a10f030
39222444ns          670949 1c008cf8 00000513 addi             x10, x0, 0          x10=00000000
39222464ns          670950 1c008cfa 00008067 jalr             x0, x1, 0            x1:1c008da2
39222523ns          670953 1c008da2 31f52563 p.beqimm         x10, 778            x10:00000000
39222543ns          670954 1c008da6 001d8d93 addi             x27, x27, 1         x27=0000000a x27:00000009
39222563ns          670955 1c008da8 00044503 lbu              x10, 0(x8)          x10=00000075  x8:1c000026  PA:1c000026
39222861ns          670970 1c008dac 00140413 addi             x8, x8, 1            x8=1c000027  x8:1c000026
39222881ns          670971 1c008dae fe0514e3 bne              x10, x0, -24        x10:00000075
39222961ns          670975 1c008d96 02500793 addi             x15, x0, 37         x15=00000025
39222981ns          670976 1c008d9a 04f50863 beq              x10, x15, 80        x10:00000075 x15:00000025
39223000ns          670977 1c008d9e 01a005b3 add              x11, x0, x26        x11=00000002 x26:00000002
39223020ns          670978 1c008da0 000b00e7 jalr             x1, x22, 0           x1=1c008da2 x22:1c008cd4
39223060ns          670980 1c008cd4 000026b7 lui              x13, 0x2000         x13=00002000
39223080ns          670981 1c008cd6 f14027f3 csrrs            x15, x0, 0xf14      x15=00000006
39223100ns          670982 1c008cda f8068693 addi             x13, x13, -128      x13=00001f80 x13:00002000
39223120ns          670983 1c008cde 00379713 slli             x14, x15, 0x3       x14=00000030 x15:00000006
39223140ns          670984 1c008ce2 00279793 slli             x15, x15, 0x2       x15=00000018 x15:00000006
39223160ns          670985 1c008ce4 00d7f7b3 and              x15, x15, x13       x15=00000000 x15:00000018 x13:00001f80
39223179ns          670986 1c008ce6 ee873733 p.bclr           x14, x14, 23, 8     x14=00000030 x14:00000030
39223199ns          670987 1c008cea 1a10f6b7 lui              x13, 0x1a10f000     x13=1a10f000
39223219ns          670988 1c008cee 0ff57513 andi             x10, x10, 255       x10=00000075 x10:00000075
39223239ns          670989 1c008cf2 00d70733 add              x14, x14, x13       x14=1a10f030 x14:00000030 x13:1a10f000
39223259ns          670990 1c008cf4 00a7e723 p.sw             x10, x0(x15)        x10:00000075 x15:00000000  PA:1a10f030
39223597ns          671007 1c008cf8 00000513 addi             x10, x0, 0          x10=00000000
39223617ns          671008 1c008cfa 00008067 jalr             x0, x1, 0            x1:1c008da2
39223677ns          671011 1c008da2 31f52563 p.beqimm         x10, 778            x10:00000000
39223697ns          671012 1c008da6 001d8d93 addi             x27, x27, 1         x27=0000000b x27:0000000a
39223716ns          671013 1c008da8 00044503 lbu              x10, 0(x8)          x10=00000073  x8:1c000027  PA:1c000027
39224015ns          671028 1c008dac 00140413 addi             x8, x8, 1            x8=1c000028  x8:1c000027
39224035ns          671029 1c008dae fe0514e3 bne              x10, x0, -24        x10:00000073
39224114ns          671033 1c008d96 02500793 addi             x15, x0, 37         x15=00000025
39224134ns          671034 1c008d9a 04f50863 beq              x10, x15, 80        x10:00000073 x15:00000025
39224154ns          671035 1c008d9e 01a005b3 add              x11, x0, x26        x11=00000002 x26:00000002
39224174ns          671036 1c008da0 000b00e7 jalr             x1, x22, 0           x1=1c008da2 x22:1c008cd4
39224214ns          671038 1c008cd4 000026b7 lui              x13, 0x2000         x13=00002000
39224234ns          671039 1c008cd6 f14027f3 csrrs            x15, x0, 0xf14      x15=00000006
39224253ns          671040 1c008cda f8068693 addi             x13, x13, -128      x13=00001f80 x13:00002000
39224273ns          671041 1c008cde 00379713 slli             x14, x15, 0x3       x14=00000030 x15:00000006
39224293ns          671042 1c008ce2 00279793 slli             x15, x15, 0x2       x15=00000018 x15:00000006
39224313ns          671043 1c008ce4 00d7f7b3 and              x15, x15, x13       x15=00000000 x15:00000018 x13:00001f80
39224333ns          671044 1c008ce6 ee873733 p.bclr           x14, x14, 23, 8     x14=00000030 x14:00000030
39224353ns          671045 1c008cea 1a10f6b7 lui              x13, 0x1a10f000     x13=1a10f000
39224373ns          671046 1c008cee 0ff57513 andi             x10, x10, 255       x10=00000073 x10:00000073
39224393ns          671047 1c008cf2 00d70733 add              x14, x14, x13       x14=1a10f030 x14:00000030 x13:1a10f000
39224413ns          671048 1c008cf4 00a7e723 p.sw             x10, x0(x15)        x10:00000073 x15:00000000  PA:1a10f030
39224771ns          671066 1c008cf8 00000513 addi             x10, x0, 0          x10=00000000
39224790ns          671067 1c008cfa 00008067 jalr             x0, x1, 0            x1:1c008da2
39224850ns          671070 1c008da2 31f52563 p.beqimm         x10, 778            x10:00000000
39224870ns          671071 1c008da6 001d8d93 addi             x27, x27, 1         x27=0000000c x27:0000000b
39224890ns          671072 1c008da8 00044503 lbu              x10, 0(x8)          x10=00000074  x8:1c000028  PA:1c000028
39225188ns          671087 1c008dac 00140413 addi             x8, x8, 1            x8=1c000029  x8:1c000028
39225208ns          671088 1c008dae fe0514e3 bne              x10, x0, -24        x10:00000074
39225288ns          671092 1c008d96 02500793 addi             x15, x0, 37         x15=00000025
39225307ns          671093 1c008d9a 04f50863 beq              x10, x15, 80        x10:00000074 x15:00000025
39225327ns          671094 1c008d9e 01a005b3 add              x11, x0, x26        x11=00000002 x26:00000002
39225347ns          671095 1c008da0 000b00e7 jalr             x1, x22, 0           x1=1c008da2 x22:1c008cd4
39225387ns          671097 1c008cd4 000026b7 lui              x13, 0x2000         x13=00002000
39225407ns          671098 1c008cd6 f14027f3 csrrs            x15, x0, 0xf14      x15=00000006
39225427ns          671099 1c008cda f8068693 addi             x13, x13, -128      x13=00001f80 x13:00002000
39225447ns          671100 1c008cde 00379713 slli             x14, x15, 0x3       x14=00000030 x15:00000006
39225467ns          671101 1c008ce2 00279793 slli             x15, x15, 0x2       x15=00000018 x15:00000006
39225486ns          671102 1c008ce4 00d7f7b3 and              x15, x15, x13       x15=00000000 x15:00000018 x13:00001f80
39225506ns          671103 1c008ce6 ee873733 p.bclr           x14, x14, 23, 8     x14=00000030 x14:00000030
39225526ns          671104 1c008cea 1a10f6b7 lui              x13, 0x1a10f000     x13=1a10f000
39225546ns          671105 1c008cee 0ff57513 andi             x10, x10, 255       x10=00000074 x10:00000074
39225566ns          671106 1c008cf2 00d70733 add              x14, x14, x13       x14=1a10f030 x14:00000030 x13:1a10f000
39225586ns          671107 1c008cf4 00a7e723 p.sw             x10, x0(x15)        x10:00000074 x15:00000000  PA:1a10f030
39225904ns          671123 1c008cf8 00000513 addi             x10, x0, 0          x10=00000000
39225924ns          671124 1c008cfa 00008067 jalr             x0, x1, 0            x1:1c008da2
39225984ns          671127 1c008da2 31f52563 p.beqimm         x10, 778            x10:00000000
39226004ns          671128 1c008da6 001d8d93 addi             x27, x27, 1         x27=0000000d x27:0000000c
39226023ns          671129 1c008da8 00044503 lbu              x10, 0(x8)          x10=00000065  x8:1c000029  PA:1c000029
39226322ns          671144 1c008dac 00140413 addi             x8, x8, 1            x8=1c00002a  x8:1c000029
39226342ns          671145 1c008dae fe0514e3 bne              x10, x0, -24        x10:00000065
39226421ns          671149 1c008d96 02500793 addi             x15, x0, 37         x15=00000025
39226441ns          671150 1c008d9a 04f50863 beq              x10, x15, 80        x10:00000065 x15:00000025
39226461ns          671151 1c008d9e 01a005b3 add              x11, x0, x26        x11=00000002 x26:00000002
39226481ns          671152 1c008da0 000b00e7 jalr             x1, x22, 0           x1=1c008da2 x22:1c008cd4
39226521ns          671154 1c008cd4 000026b7 lui              x13, 0x2000         x13=00002000
39226541ns          671155 1c008cd6 f14027f3 csrrs            x15, x0, 0xf14      x15=00000006
39226560ns          671156 1c008cda f8068693 addi             x13, x13, -128      x13=00001f80 x13:00002000
39226580ns          671157 1c008cde 00379713 slli             x14, x15, 0x3       x14=00000030 x15:00000006
39226600ns          671158 1c008ce2 00279793 slli             x15, x15, 0x2       x15=00000018 x15:00000006
39226620ns          671159 1c008ce4 00d7f7b3 and              x15, x15, x13       x15=00000000 x15:00000018 x13:00001f80
39226640ns          671160 1c008ce6 ee873733 p.bclr           x14, x14, 23, 8     x14=00000030 x14:00000030
39226660ns          671161 1c008cea 1a10f6b7 lui              x13, 0x1a10f000     x13=1a10f000
39226680ns          671162 1c008cee 0ff57513 andi             x10, x10, 255       x10=00000065 x10:00000065
39226700ns          671163 1c008cf2 00d70733 add              x14, x14, x13       x14=1a10f030 x14:00000030 x13:1a10f000
39226720ns          671164 1c008cf4 00a7e723 p.sw             x10, x0(x15)        x10:00000065 x15:00000000  PA:1a10f030
39227058ns          671181 1c008cf8 00000513 addi             x10, x0, 0          x10=00000000
39227078ns          671182 1c008cfa 00008067 jalr             x0, x1, 0            x1:1c008da2
39227137ns          671185 1c008da2 31f52563 p.beqimm         x10, 778            x10:00000000
39227157ns          671186 1c008da6 001d8d93 addi             x27, x27, 1         x27=0000000e x27:0000000d
39227177ns          671187 1c008da8 00044503 lbu              x10, 0(x8)          x10=00000072  x8:1c00002a  PA:1c00002a
39227495ns          671203 1c008dac 00140413 addi             x8, x8, 1            x8=1c00002b  x8:1c00002a
39227515ns          671204 1c008dae fe0514e3 bne              x10, x0, -24        x10:00000072
39227595ns          671208 1c008d96 02500793 addi             x15, x0, 37         x15=00000025
39227614ns          671209 1c008d9a 04f50863 beq              x10, x15, 80        x10:00000072 x15:00000025
39227634ns          671210 1c008d9e 01a005b3 add              x11, x0, x26        x11=00000002 x26:00000002
39227654ns          671211 1c008da0 000b00e7 jalr             x1, x22, 0           x1=1c008da2 x22:1c008cd4
39227694ns          671213 1c008cd4 000026b7 lui              x13, 0x2000         x13=00002000
39227714ns          671214 1c008cd6 f14027f3 csrrs            x15, x0, 0xf14      x15=00000006
39227734ns          671215 1c008cda f8068693 addi             x13, x13, -128      x13=00001f80 x13:00002000
39227754ns          671216 1c008cde 00379713 slli             x14, x15, 0x3       x14=00000030 x15:00000006
39227774ns          671217 1c008ce2 00279793 slli             x15, x15, 0x2       x15=00000018 x15:00000006
39227793ns          671218 1c008ce4 00d7f7b3 and              x15, x15, x13       x15=00000000 x15:00000018 x13:00001f80
39227813ns          671219 1c008ce6 ee873733 p.bclr           x14, x14, 23, 8     x14=00000030 x14:00000030
39227833ns          671220 1c008cea 1a10f6b7 lui              x13, 0x1a10f000     x13=1a10f000
39227853ns          671221 1c008cee 0ff57513 andi             x10, x10, 255       x10=00000072 x10:00000072
39227873ns          671222 1c008cf2 00d70733 add              x14, x14, x13       x14=1a10f030 x14:00000030 x13:1a10f000
39227893ns          671223 1c008cf4 00a7e723 p.sw             x10, x0(x15)        x10:00000072 x15:00000000  PA:1a10f030
39228211ns          671239 1c008cf8 00000513 addi             x10, x0, 0          x10=00000000
39228231ns          671240 1c008cfa 00008067 jalr             x0, x1, 0            x1:1c008da2
39228291ns          671243 1c008da2 31f52563 p.beqimm         x10, 778            x10:00000000
39228311ns          671244 1c008da6 001d8d93 addi             x27, x27, 1         x27=0000000f x27:0000000e
39228330ns          671245 1c008da8 00044503 lbu              x10, 0(x8)          x10=00000020  x8:1c00002b  PA:1c00002b
39228629ns          671260 1c008dac 00140413 addi             x8, x8, 1            x8=1c00002c  x8:1c00002b
39228649ns          671261 1c008dae fe0514e3 bne              x10, x0, -24        x10:00000020
39228728ns          671265 1c008d96 02500793 addi             x15, x0, 37         x15=00000025
39228748ns          671266 1c008d9a 04f50863 beq              x10, x15, 80        x10:00000020 x15:00000025
39228768ns          671267 1c008d9e 01a005b3 add              x11, x0, x26        x11=00000002 x26:00000002
39228788ns          671268 1c008da0 000b00e7 jalr             x1, x22, 0           x1=1c008da2 x22:1c008cd4
39228828ns          671270 1c008cd4 000026b7 lui              x13, 0x2000         x13=00002000
39228848ns          671271 1c008cd6 f14027f3 csrrs            x15, x0, 0xf14      x15=00000006
39228867ns          671272 1c008cda f8068693 addi             x13, x13, -128      x13=00001f80 x13:00002000
39228887ns          671273 1c008cde 00379713 slli             x14, x15, 0x3       x14=00000030 x15:00000006
39228907ns          671274 1c008ce2 00279793 slli             x15, x15, 0x2       x15=00000018 x15:00000006
39228927ns          671275 1c008ce4 00d7f7b3 and              x15, x15, x13       x15=00000000 x15:00000018 x13:00001f80
39228947ns          671276 1c008ce6 ee873733 p.bclr           x14, x14, 23, 8     x14=00000030 x14:00000030
39228967ns          671277 1c008cea 1a10f6b7 lui              x13, 0x1a10f000     x13=1a10f000
39228987ns          671278 1c008cee 0ff57513 andi             x10, x10, 255       x10=00000020 x10:00000020
39229007ns          671279 1c008cf2 00d70733 add              x14, x14, x13       x14=1a10f030 x14:00000030 x13:1a10f000
39229027ns          671280 1c008cf4 00a7e723 p.sw             x10, x0(x15)        x10:00000020 x15:00000000  PA:1a10f030
39229365ns          671297 1c008cf8 00000513 addi             x10, x0, 0          x10=00000000
39229385ns          671298 1c008cfa 00008067 jalr             x0, x1, 0            x1:1c008da2
39229444ns          671301 1c008da2 31f52563 p.beqimm         x10, 778            x10:00000000
39229464ns          671302 1c008da6 001d8d93 addi             x27, x27, 1         x27=00000010 x27:0000000f
39229484ns          671303 1c008da8 00044503 lbu              x10, 0(x8)          x10=0000006f  x8:1c00002c  PA:1c00002c
39229782ns          671318 1c008dac 00140413 addi             x8, x8, 1            x8=1c00002d  x8:1c00002c
39229802ns          671319 1c008dae fe0514e3 bne              x10, x0, -24        x10:0000006f
39229882ns          671323 1c008d96 02500793 addi             x15, x0, 37         x15=00000025
39229902ns          671324 1c008d9a 04f50863 beq              x10, x15, 80        x10:0000006f x15:00000025
39229922ns          671325 1c008d9e 01a005b3 add              x11, x0, x26        x11=00000002 x26:00000002
39229941ns          671326 1c008da0 000b00e7 jalr             x1, x22, 0           x1=1c008da2 x22:1c008cd4
39229981ns          671328 1c008cd4 000026b7 lui              x13, 0x2000         x13=00002000
39230001ns          671329 1c008cd6 f14027f3 csrrs            x15, x0, 0xf14      x15=00000006
39230021ns          671330 1c008cda f8068693 addi             x13, x13, -128      x13=00001f80 x13:00002000
39230041ns          671331 1c008cde 00379713 slli             x14, x15, 0x3       x14=00000030 x15:00000006
39230061ns          671332 1c008ce2 00279793 slli             x15, x15, 0x2       x15=00000018 x15:00000006
39230081ns          671333 1c008ce4 00d7f7b3 and              x15, x15, x13       x15=00000000 x15:00000018 x13:00001f80
39230100ns          671334 1c008ce6 ee873733 p.bclr           x14, x14, 23, 8     x14=00000030 x14:00000030
39230120ns          671335 1c008cea 1a10f6b7 lui              x13, 0x1a10f000     x13=1a10f000
39230140ns          671336 1c008cee 0ff57513 andi             x10, x10, 255       x10=0000006f x10:0000006f
39230160ns          671337 1c008cf2 00d70733 add              x14, x14, x13       x14=1a10f030 x14:00000030 x13:1a10f000
39230180ns          671338 1c008cf4 00a7e723 p.sw             x10, x0(x15)        x10:0000006f x15:00000000  PA:1a10f030
39230518ns          671355 1c008cf8 00000513 addi             x10, x0, 0          x10=00000000
39230538ns          671356 1c008cfa 00008067 jalr             x0, x1, 0            x1:1c008da2
39230598ns          671359 1c008da2 31f52563 p.beqimm         x10, 778            x10:00000000
39230618ns          671360 1c008da6 001d8d93 addi             x27, x27, 1         x27=00000011 x27:00000010
39230637ns          671361 1c008da8 00044503 lbu              x10, 0(x8)          x10=0000006e  x8:1c00002d  PA:1c00002d
39230936ns          671376 1c008dac 00140413 addi             x8, x8, 1            x8=1c00002e  x8:1c00002d
39230956ns          671377 1c008dae fe0514e3 bne              x10, x0, -24        x10:0000006e
39231035ns          671381 1c008d96 02500793 addi             x15, x0, 37         x15=00000025
39231055ns          671382 1c008d9a 04f50863 beq              x10, x15, 80        x10:0000006e x15:00000025
39231075ns          671383 1c008d9e 01a005b3 add              x11, x0, x26        x11=00000002 x26:00000002
39231095ns          671384 1c008da0 000b00e7 jalr             x1, x22, 0           x1=1c008da2 x22:1c008cd4
39231135ns          671386 1c008cd4 000026b7 lui              x13, 0x2000         x13=00002000
39231155ns          671387 1c008cd6 f14027f3 csrrs            x15, x0, 0xf14      x15=00000006
39231174ns          671388 1c008cda f8068693 addi             x13, x13, -128      x13=00001f80 x13:00002000
39231194ns          671389 1c008cde 00379713 slli             x14, x15, 0x3       x14=00000030 x15:00000006
39231214ns          671390 1c008ce2 00279793 slli             x15, x15, 0x2       x15=00000018 x15:00000006
39231234ns          671391 1c008ce4 00d7f7b3 and              x15, x15, x13       x15=00000000 x15:00000018 x13:00001f80
39231254ns          671392 1c008ce6 ee873733 p.bclr           x14, x14, 23, 8     x14=00000030 x14:00000030
39231274ns          671393 1c008cea 1a10f6b7 lui              x13, 0x1a10f000     x13=1a10f000
39231294ns          671394 1c008cee 0ff57513 andi             x10, x10, 255       x10=0000006e x10:0000006e
39231314ns          671395 1c008cf2 00d70733 add              x14, x14, x13       x14=1a10f030 x14:00000030 x13:1a10f000
39231334ns          671396 1c008cf4 00a7e723 p.sw             x10, x0(x15)        x10:0000006e x15:00000000  PA:1a10f030
39231672ns          671413 1c008cf8 00000513 addi             x10, x0, 0          x10=00000000
39231692ns          671414 1c008cfa 00008067 jalr             x0, x1, 0            x1:1c008da2
39231751ns          671417 1c008da2 31f52563 p.beqimm         x10, 778            x10:00000000
39231771ns          671418 1c008da6 001d8d93 addi             x27, x27, 1         x27=00000012 x27:00000011
39231791ns          671419 1c008da8 00044503 lbu              x10, 0(x8)          x10=00000020  x8:1c00002e  PA:1c00002e
39232089ns          671434 1c008dac 00140413 addi             x8, x8, 1            x8=1c00002f  x8:1c00002e
39232109ns          671435 1c008dae fe0514e3 bne              x10, x0, -24        x10:00000020
39232189ns          671439 1c008d96 02500793 addi             x15, x0, 37         x15=00000025
39232209ns          671440 1c008d9a 04f50863 beq              x10, x15, 80        x10:00000020 x15:00000025
39232229ns          671441 1c008d9e 01a005b3 add              x11, x0, x26        x11=00000002 x26:00000002
39232248ns          671442 1c008da0 000b00e7 jalr             x1, x22, 0           x1=1c008da2 x22:1c008cd4
39232288ns          671444 1c008cd4 000026b7 lui              x13, 0x2000         x13=00002000
39232308ns          671445 1c008cd6 f14027f3 csrrs            x15, x0, 0xf14      x15=00000006
39232328ns          671446 1c008cda f8068693 addi             x13, x13, -128      x13=00001f80 x13:00002000
39232348ns          671447 1c008cde 00379713 slli             x14, x15, 0x3       x14=00000030 x15:00000006
39232368ns          671448 1c008ce2 00279793 slli             x15, x15, 0x2       x15=00000018 x15:00000006
39232388ns          671449 1c008ce4 00d7f7b3 and              x15, x15, x13       x15=00000000 x15:00000018 x13:00001f80
39232408ns          671450 1c008ce6 ee873733 p.bclr           x14, x14, 23, 8     x14=00000030 x14:00000030
39232427ns          671451 1c008cea 1a10f6b7 lui              x13, 0x1a10f000     x13=1a10f000
39232447ns          671452 1c008cee 0ff57513 andi             x10, x10, 255       x10=00000020 x10:00000020
39232467ns          671453 1c008cf2 00d70733 add              x14, x14, x13       x14=1a10f030 x14:00000030 x13:1a10f000
39232487ns          671454 1c008cf4 00a7e723 p.sw             x10, x0(x15)        x10:00000020 x15:00000000  PA:1a10f030
39232845ns          671472 1c008cf8 00000513 addi             x10, x0, 0          x10=00000000
39232865ns          671473 1c008cfa 00008067 jalr             x0, x1, 0            x1:1c008da2
39232925ns          671476 1c008da2 31f52563 p.beqimm         x10, 778            x10:00000000
39232944ns          671477 1c008da6 001d8d93 addi             x27, x27, 1         x27=00000013 x27:00000012
39232964ns          671478 1c008da8 00044503 lbu              x10, 0(x8)          x10=00000063  x8:1c00002f  PA:1c00002f
39233263ns          671493 1c008dac 00140413 addi             x8, x8, 1            x8=1c000030  x8:1c00002f
39233283ns          671494 1c008dae fe0514e3 bne              x10, x0, -24        x10:00000063
39233362ns          671498 1c008d96 02500793 addi             x15, x0, 37         x15=00000025
39233382ns          671499 1c008d9a 04f50863 beq              x10, x15, 80        x10:00000063 x15:00000025
39233402ns          671500 1c008d9e 01a005b3 add              x11, x0, x26        x11=00000002 x26:00000002
39233422ns          671501 1c008da0 000b00e7 jalr             x1, x22, 0           x1=1c008da2 x22:1c008cd4
39233462ns          671503 1c008cd4 000026b7 lui              x13, 0x2000         x13=00002000
39233481ns          671504 1c008cd6 f14027f3 csrrs            x15, x0, 0xf14      x15=00000006
39233501ns          671505 1c008cda f8068693 addi             x13, x13, -128      x13=00001f80 x13:00002000
39233521ns          671506 1c008cde 00379713 slli             x14, x15, 0x3       x14=00000030 x15:00000006
39233541ns          671507 1c008ce2 00279793 slli             x15, x15, 0x2       x15=00000018 x15:00000006
39233561ns          671508 1c008ce4 00d7f7b3 and              x15, x15, x13       x15=00000000 x15:00000018 x13:00001f80
39233581ns          671509 1c008ce6 ee873733 p.bclr           x14, x14, 23, 8     x14=00000030 x14:00000030
39233601ns          671510 1c008cea 1a10f6b7 lui              x13, 0x1a10f000     x13=1a10f000
39233621ns          671511 1c008cee 0ff57513 andi             x10, x10, 255       x10=00000063 x10:00000063
39233641ns          671512 1c008cf2 00d70733 add              x14, x14, x13       x14=1a10f030 x14:00000030 x13:1a10f000
39233660ns          671513 1c008cf4 00a7e723 p.sw             x10, x0(x15)        x10:00000063 x15:00000000  PA:1a10f030
39234018ns          671531 1c008cf8 00000513 addi             x10, x0, 0          x10=00000000
39234038ns          671532 1c008cfa 00008067 jalr             x0, x1, 0            x1:1c008da2
39234098ns          671535 1c008da2 31f52563 p.beqimm         x10, 778            x10:00000000
39234118ns          671536 1c008da6 001d8d93 addi             x27, x27, 1         x27=00000014 x27:00000013
39234138ns          671537 1c008da8 00044503 lbu              x10, 0(x8)          x10=0000006c  x8:1c000030  PA:1c000030
39234436ns          671552 1c008dac 00140413 addi             x8, x8, 1            x8=1c000031  x8:1c000030
39234456ns          671553 1c008dae fe0514e3 bne              x10, x0, -24        x10:0000006c
39234536ns          671557 1c008d96 02500793 addi             x15, x0, 37         x15=00000025
39234555ns          671558 1c008d9a 04f50863 beq              x10, x15, 80        x10:0000006c x15:00000025
39234575ns          671559 1c008d9e 01a005b3 add              x11, x0, x26        x11=00000002 x26:00000002
39234595ns          671560 1c008da0 000b00e7 jalr             x1, x22, 0           x1=1c008da2 x22:1c008cd4
39234635ns          671562 1c008cd4 000026b7 lui              x13, 0x2000         x13=00002000
39234655ns          671563 1c008cd6 f14027f3 csrrs            x15, x0, 0xf14      x15=00000006
39234675ns          671564 1c008cda f8068693 addi             x13, x13, -128      x13=00001f80 x13:00002000
39234695ns          671565 1c008cde 00379713 slli             x14, x15, 0x3       x14=00000030 x15:00000006
39234715ns          671566 1c008ce2 00279793 slli             x15, x15, 0x2       x15=00000018 x15:00000006
39234734ns          671567 1c008ce4 00d7f7b3 and              x15, x15, x13       x15=00000000 x15:00000018 x13:00001f80
39234754ns          671568 1c008ce6 ee873733 p.bclr           x14, x14, 23, 8     x14=00000030 x14:00000030
39234774ns          671569 1c008cea 1a10f6b7 lui              x13, 0x1a10f000     x13=1a10f000
39234794ns          671570 1c008cee 0ff57513 andi             x10, x10, 255       x10=0000006c x10:0000006c
39234814ns          671571 1c008cf2 00d70733 add              x14, x14, x13       x14=1a10f030 x14:00000030 x13:1a10f000
39234834ns          671572 1c008cf4 00a7e723 p.sw             x10, x0(x15)        x10:0000006c x15:00000000  PA:1a10f030
39235152ns          671588 1c008cf8 00000513 addi             x10, x0, 0          x10=00000000
39235172ns          671589 1c008cfa 00008067 jalr             x0, x1, 0            x1:1c008da2
39235232ns          671592 1c008da2 31f52563 p.beqimm         x10, 778            x10:00000000
39235251ns          671593 1c008da6 001d8d93 addi             x27, x27, 1         x27=00000015 x27:00000014
39235271ns          671594 1c008da8 00044503 lbu              x10, 0(x8)          x10=00000075  x8:1c000031  PA:1c000031
39235590ns          671610 1c008dac 00140413 addi             x8, x8, 1            x8=1c000032  x8:1c000031
39235609ns          671611 1c008dae fe0514e3 bne              x10, x0, -24        x10:00000075
39235689ns          671615 1c008d96 02500793 addi             x15, x0, 37         x15=00000025
39235709ns          671616 1c008d9a 04f50863 beq              x10, x15, 80        x10:00000075 x15:00000025
39235729ns          671617 1c008d9e 01a005b3 add              x11, x0, x26        x11=00000002 x26:00000002
39235749ns          671618 1c008da0 000b00e7 jalr             x1, x22, 0           x1=1c008da2 x22:1c008cd4
39235788ns          671620 1c008cd4 000026b7 lui              x13, 0x2000         x13=00002000
39235808ns          671621 1c008cd6 f14027f3 csrrs            x15, x0, 0xf14      x15=00000006
39235828ns          671622 1c008cda f8068693 addi             x13, x13, -128      x13=00001f80 x13:00002000
39235848ns          671623 1c008cde 00379713 slli             x14, x15, 0x3       x14=00000030 x15:00000006
39235868ns          671624 1c008ce2 00279793 slli             x15, x15, 0x2       x15=00000018 x15:00000006
39235888ns          671625 1c008ce4 00d7f7b3 and              x15, x15, x13       x15=00000000 x15:00000018 x13:00001f80
39235908ns          671626 1c008ce6 ee873733 p.bclr           x14, x14, 23, 8     x14=00000030 x14:00000030
39235928ns          671627 1c008cea 1a10f6b7 lui              x13, 0x1a10f000     x13=1a10f000
39235948ns          671628 1c008cee 0ff57513 andi             x10, x10, 255       x10=00000075 x10:00000075
39235967ns          671629 1c008cf2 00d70733 add              x14, x14, x13       x14=1a10f030 x14:00000030 x13:1a10f000
39235987ns          671630 1c008cf4 00a7e723 p.sw             x10, x0(x15)        x10:00000075 x15:00000000  PA:1a10f030
39236306ns          671646 1c008cf8 00000513 addi             x10, x0, 0          x10=00000000
39236325ns          671647 1c008cfa 00008067 jalr             x0, x1, 0            x1:1c008da2
39236385ns          671650 1c008da2 31f52563 p.beqimm         x10, 778            x10:00000000
39236405ns          671651 1c008da6 001d8d93 addi             x27, x27, 1         x27=00000016 x27:00000015
39236425ns          671652 1c008da8 00044503 lbu              x10, 0(x8)          x10=00000073  x8:1c000032  PA:1c000032
39236743ns          671668 1c008dac 00140413 addi             x8, x8, 1            x8=1c000033  x8:1c000032
39236763ns          671669 1c008dae fe0514e3 bne              x10, x0, -24        x10:00000073
39236843ns          671673 1c008d96 02500793 addi             x15, x0, 37         x15=00000025
39236862ns          671674 1c008d9a 04f50863 beq              x10, x15, 80        x10:00000073 x15:00000025
39236882ns          671675 1c008d9e 01a005b3 add              x11, x0, x26        x11=00000002 x26:00000002
39236902ns          671676 1c008da0 000b00e7 jalr             x1, x22, 0           x1=1c008da2 x22:1c008cd4
39236942ns          671678 1c008cd4 000026b7 lui              x13, 0x2000         x13=00002000
39236962ns          671679 1c008cd6 f14027f3 csrrs            x15, x0, 0xf14      x15=00000006
39236982ns          671680 1c008cda f8068693 addi             x13, x13, -128      x13=00001f80 x13:00002000
39237002ns          671681 1c008cde 00379713 slli             x14, x15, 0x3       x14=00000030 x15:00000006
39237022ns          671682 1c008ce2 00279793 slli             x15, x15, 0x2       x15=00000018 x15:00000006
39237041ns          671683 1c008ce4 00d7f7b3 and              x15, x15, x13       x15=00000000 x15:00000018 x13:00001f80
39237061ns          671684 1c008ce6 ee873733 p.bclr           x14, x14, 23, 8     x14=00000030 x14:00000030
39237081ns          671685 1c008cea 1a10f6b7 lui              x13, 0x1a10f000     x13=1a10f000
39237101ns          671686 1c008cee 0ff57513 andi             x10, x10, 255       x10=00000073 x10:00000073
39237121ns          671687 1c008cf2 00d70733 add              x14, x14, x13       x14=1a10f030 x14:00000030 x13:1a10f000
39237141ns          671688 1c008cf4 00a7e723 p.sw             x10, x0(x15)        x10:00000073 x15:00000000  PA:1a10f030
39237459ns          671704 1c008cf8 00000513 addi             x10, x0, 0          x10=00000000
39237479ns          671705 1c008cfa 00008067 jalr             x0, x1, 0            x1:1c008da2
39237539ns          671708 1c008da2 31f52563 p.beqimm         x10, 778            x10:00000000
39237558ns          671709 1c008da6 001d8d93 addi             x27, x27, 1         x27=00000017 x27:00000016
39237578ns          671710 1c008da8 00044503 lbu              x10, 0(x8)          x10=00000074  x8:1c000033  PA:1c000033
39237877ns          671725 1c008dac 00140413 addi             x8, x8, 1            x8=1c000034  x8:1c000033
39237897ns          671726 1c008dae fe0514e3 bne              x10, x0, -24        x10:00000074
39237976ns          671730 1c008d96 02500793 addi             x15, x0, 37         x15=00000025
39237996ns          671731 1c008d9a 04f50863 beq              x10, x15, 80        x10:00000074 x15:00000025
39238016ns          671732 1c008d9e 01a005b3 add              x11, x0, x26        x11=00000002 x26:00000002
39238036ns          671733 1c008da0 000b00e7 jalr             x1, x22, 0           x1=1c008da2 x22:1c008cd4
39238076ns          671735 1c008cd4 000026b7 lui              x13, 0x2000         x13=00002000
39238095ns          671736 1c008cd6 f14027f3 csrrs            x15, x0, 0xf14      x15=00000006
39238115ns          671737 1c008cda f8068693 addi             x13, x13, -128      x13=00001f80 x13:00002000
39238135ns          671738 1c008cde 00379713 slli             x14, x15, 0x3       x14=00000030 x15:00000006
39238155ns          671739 1c008ce2 00279793 slli             x15, x15, 0x2       x15=00000018 x15:00000006
39238175ns          671740 1c008ce4 00d7f7b3 and              x15, x15, x13       x15=00000000 x15:00000018 x13:00001f80
39238195ns          671741 1c008ce6 ee873733 p.bclr           x14, x14, 23, 8     x14=00000030 x14:00000030
39238215ns          671742 1c008cea 1a10f6b7 lui              x13, 0x1a10f000     x13=1a10f000
39238235ns          671743 1c008cee 0ff57513 andi             x10, x10, 255       x10=00000074 x10:00000074
39238255ns          671744 1c008cf2 00d70733 add              x14, x14, x13       x14=1a10f030 x14:00000030 x13:1a10f000
39238274ns          671745 1c008cf4 00a7e723 p.sw             x10, x0(x15)        x10:00000074 x15:00000000  PA:1a10f030
39238613ns          671762 1c008cf8 00000513 addi             x10, x0, 0          x10=00000000
39238632ns          671763 1c008cfa 00008067 jalr             x0, x1, 0            x1:1c008da2
39238692ns          671766 1c008da2 31f52563 p.beqimm         x10, 778            x10:00000000
39238712ns          671767 1c008da6 001d8d93 addi             x27, x27, 1         x27=00000018 x27:00000017
39238732ns          671768 1c008da8 00044503 lbu              x10, 0(x8)          x10=00000065  x8:1c000034  PA:1c000034
39239030ns          671783 1c008dac 00140413 addi             x8, x8, 1            x8=1c000035  x8:1c000034
39239050ns          671784 1c008dae fe0514e3 bne              x10, x0, -24        x10:00000065
39239130ns          671788 1c008d96 02500793 addi             x15, x0, 37         x15=00000025
39239150ns          671789 1c008d9a 04f50863 beq              x10, x15, 80        x10:00000065 x15:00000025
39239169ns          671790 1c008d9e 01a005b3 add              x11, x0, x26        x11=00000002 x26:00000002
39239189ns          671791 1c008da0 000b00e7 jalr             x1, x22, 0           x1=1c008da2 x22:1c008cd4
39239229ns          671793 1c008cd4 000026b7 lui              x13, 0x2000         x13=00002000
39239249ns          671794 1c008cd6 f14027f3 csrrs            x15, x0, 0xf14      x15=00000006
39239269ns          671795 1c008cda f8068693 addi             x13, x13, -128      x13=00001f80 x13:00002000
39239289ns          671796 1c008cde 00379713 slli             x14, x15, 0x3       x14=00000030 x15:00000006
39239309ns          671797 1c008ce2 00279793 slli             x15, x15, 0x2       x15=00000018 x15:00000006
39239329ns          671798 1c008ce4 00d7f7b3 and              x15, x15, x13       x15=00000000 x15:00000018 x13:00001f80
39239348ns          671799 1c008ce6 ee873733 p.bclr           x14, x14, 23, 8     x14=00000030 x14:00000030
39239368ns          671800 1c008cea 1a10f6b7 lui              x13, 0x1a10f000     x13=1a10f000
39239388ns          671801 1c008cee 0ff57513 andi             x10, x10, 255       x10=00000065 x10:00000065
39239408ns          671802 1c008cf2 00d70733 add              x14, x14, x13       x14=1a10f030 x14:00000030 x13:1a10f000
39239428ns          671803 1c008cf4 00a7e723 p.sw             x10, x0(x15)        x10:00000065 x15:00000000  PA:1a10f030
39239766ns          671820 1c008cf8 00000513 addi             x10, x0, 0          x10=00000000
39239786ns          671821 1c008cfa 00008067 jalr             x0, x1, 0            x1:1c008da2
39239846ns          671824 1c008da2 31f52563 p.beqimm         x10, 778            x10:00000000
39239866ns          671825 1c008da6 001d8d93 addi             x27, x27, 1         x27=00000019 x27:00000018
39239885ns          671826 1c008da8 00044503 lbu              x10, 0(x8)          x10=00000072  x8:1c000035  PA:1c000035
39240184ns          671841 1c008dac 00140413 addi             x8, x8, 1            x8=1c000036  x8:1c000035
39240204ns          671842 1c008dae fe0514e3 bne              x10, x0, -24        x10:00000072
39240283ns          671846 1c008d96 02500793 addi             x15, x0, 37         x15=00000025
39240303ns          671847 1c008d9a 04f50863 beq              x10, x15, 80        x10:00000072 x15:00000025
39240323ns          671848 1c008d9e 01a005b3 add              x11, x0, x26        x11=00000002 x26:00000002
39240343ns          671849 1c008da0 000b00e7 jalr             x1, x22, 0           x1=1c008da2 x22:1c008cd4
39240383ns          671851 1c008cd4 000026b7 lui              x13, 0x2000         x13=00002000
39240402ns          671852 1c008cd6 f14027f3 csrrs            x15, x0, 0xf14      x15=00000006
39240422ns          671853 1c008cda f8068693 addi             x13, x13, -128      x13=00001f80 x13:00002000
39240442ns          671854 1c008cde 00379713 slli             x14, x15, 0x3       x14=00000030 x15:00000006
39240462ns          671855 1c008ce2 00279793 slli             x15, x15, 0x2       x15=00000018 x15:00000006
39240482ns          671856 1c008ce4 00d7f7b3 and              x15, x15, x13       x15=00000000 x15:00000018 x13:00001f80
39240502ns          671857 1c008ce6 ee873733 p.bclr           x14, x14, 23, 8     x14=00000030 x14:00000030
39240522ns          671858 1c008cea 1a10f6b7 lui              x13, 0x1a10f000     x13=1a10f000
39240542ns          671859 1c008cee 0ff57513 andi             x10, x10, 255       x10=00000072 x10:00000072
39240562ns          671860 1c008cf2 00d70733 add              x14, x14, x13       x14=1a10f030 x14:00000030 x13:1a10f000
39240581ns          671861 1c008cf4 00a7e723 p.sw             x10, x0(x15)        x10:00000072 x15:00000000  PA:1a10f030
39240900ns          671877 1c008cf8 00000513 addi             x10, x0, 0          x10=00000000
39240920ns          671878 1c008cfa 00008067 jalr             x0, x1, 0            x1:1c008da2
39240979ns          671881 1c008da2 31f52563 p.beqimm         x10, 778            x10:00000000
39240999ns          671882 1c008da6 001d8d93 addi             x27, x27, 1         x27=0000001a x27:00000019
39241019ns          671883 1c008da8 00044503 lbu              x10, 0(x8)          x10=00000020  x8:1c000036  PA:1c000036
39241317ns          671898 1c008dac 00140413 addi             x8, x8, 1            x8=1c000037  x8:1c000036
39241337ns          671899 1c008dae fe0514e3 bne              x10, x0, -24        x10:00000020
39241417ns          671903 1c008d96 02500793 addi             x15, x0, 37         x15=00000025
39241437ns          671904 1c008d9a 04f50863 beq              x10, x15, 80        x10:00000020 x15:00000025
39241457ns          671905 1c008d9e 01a005b3 add              x11, x0, x26        x11=00000002 x26:00000002
39241476ns          671906 1c008da0 000b00e7 jalr             x1, x22, 0           x1=1c008da2 x22:1c008cd4
39241516ns          671908 1c008cd4 000026b7 lui              x13, 0x2000         x13=00002000
39241536ns          671909 1c008cd6 f14027f3 csrrs            x15, x0, 0xf14      x15=00000006
39241556ns          671910 1c008cda f8068693 addi             x13, x13, -128      x13=00001f80 x13:00002000
39241576ns          671911 1c008cde 00379713 slli             x14, x15, 0x3       x14=00000030 x15:00000006
39241596ns          671912 1c008ce2 00279793 slli             x15, x15, 0x2       x15=00000018 x15:00000006
39241616ns          671913 1c008ce4 00d7f7b3 and              x15, x15, x13       x15=00000000 x15:00000018 x13:00001f80
39241636ns          671914 1c008ce6 ee873733 p.bclr           x14, x14, 23, 8     x14=00000030 x14:00000030
39241655ns          671915 1c008cea 1a10f6b7 lui              x13, 0x1a10f000     x13=1a10f000
39241675ns          671916 1c008cee 0ff57513 andi             x10, x10, 255       x10=00000020 x10:00000020
39241695ns          671917 1c008cf2 00d70733 add              x14, x14, x13       x14=1a10f030 x14:00000030 x13:1a10f000
39241715ns          671918 1c008cf4 00a7e723 p.sw             x10, x0(x15)        x10:00000020 x15:00000000  PA:1a10f030
39242073ns          671936 1c008cf8 00000513 addi             x10, x0, 0          x10=00000000
39242093ns          671937 1c008cfa 00008067 jalr             x0, x1, 0            x1:1c008da2
39242153ns          671940 1c008da2 31f52563 p.beqimm         x10, 778            x10:00000000
39242173ns          671941 1c008da6 001d8d93 addi             x27, x27, 1         x27=0000001b x27:0000001a
39242192ns          671942 1c008da8 00044503 lbu              x10, 0(x8)          x10=00000025  x8:1c000037  PA:1c000037
39242570ns          671961 1c008dac 00140413 addi             x8, x8, 1            x8=1c000038  x8:1c000037
39242590ns          671962 1c008dae fe0514e3 bne              x10, x0, -24        x10:00000025
39242670ns          671966 1c008d96 02500793 addi             x15, x0, 37         x15=00000025
39242690ns          671967 1c008d9a 04f50863 beq              x10, x15, 80        x10:00000025 x15:00000025
39242829ns          671974 1c008dea 00044483 lbu              x9, 0(x8)            x9=00000064  x8:1c000038  PA:1c000038
39243366ns          672001 1c008dee 02000693 addi             x13, x0, 32         x13=00000020
39243386ns          672002 1c008df2 00140a93 addi             x21, x8, 1          x21=1c000039  x8:1c000038
39243406ns          672003 1c008df6 009005b3 add              x11, x0, x9         x11=00000064  x9:00000064
39243425ns          672004 1c008df8 0a4b8513 addi             x10, x23, 164       x10=1c0000a4 x23:1c000000
39243445ns          672005 1c008dfc 00d12823 sw               x13, 16(x2)         x13:00000020  x2:10003618  PA:10003628
39243465ns          672006 1c008dfe 00012c23 sw               x0, 24(x2)           x2:10003618  PA:10003630
39243744ns          672020 1c008e00 00012a23 sw               x0, 20(x2)           x2:10003618  PA:1000362c
39243764ns          672021 1c008e02 00012e23 sw               x0, 28(x2)           x2:10003618  PA:10003634
39243783ns          672022 1c008e04 00012623 sw               x0, 12(x2)           x2:10003618  PA:10003624
39243803ns          672023 1c008e06 02300913 addi             x18, x0, 35         x18=00000023
39243823ns          672024 1c008e0a 02d00a13 addi             x20, x0, 45         x20=0000002d
39243843ns          672025 1c008e0e 015009b3 add              x19, x0, x21        x19=1c000039 x21:1c000039
39244261ns          672046 1c008e10 e45ff0ef jal              x1, -444             x1=1c008e12
39244718ns          672069 1c008c54 00054783 lbu              x15, 0(x10)         x15=0000002d x10:1c0000a4  PA:1c0000a4
39245275ns          672097 1c008c58 0ff5f593 andi             x11, x11, 255       x11=00000064 x11:00000064
39245295ns          672098 1c008c5c 00b78c63 beq              x15, x11, 24        x15:0000002d x11:00000064
39245315ns          672099 1c008c60 00078b63 beq              x15, x0, 22         x15:0000002d
39245335ns          672100 1c008c62 00150793 addi             x15, x10, 1         x15=1c0000a5 x10:1c0000a4
39245355ns          672101 1c008c66 0040006f jal              x0, 4              
39245832ns          672125 1c008c6a 00f00533 add              x10, x0, x15        x10=1c0000a5 x15:1c0000a5
39245852ns          672126 1c008c6c 0017c70b p.lbu            x14, 1(x15!)        x14=0000002b x15=1c0000a6 x15:1c0000a5  PA:1c0000a5
39246349ns          672151 1c008c70 feb71ce3 bne              x14, x11, -8        x14:0000002b x11:00000064
39246429ns          672155 1c008c68 00070763 beq              x14, x0, 14         x14:0000002b
39246448ns          672156 1c008c6a 00f00533 add              x10, x0, x15        x10=1c0000a6 x15:1c0000a6
39246468ns          672157 1c008c6c 0017c70b p.lbu            x14, 1(x15!)        x14=00000020 x15=1c0000a7 x15:1c0000a6  PA:1c0000a6
39246787ns          672173 1c008c70 feb71ce3 bne              x14, x11, -8        x14:00000020 x11:00000064
39246846ns          672176 1c008c68 00070763 beq              x14, x0, 14         x14:00000020
39246866ns          672177 1c008c6a 00f00533 add              x10, x0, x15        x10=1c0000a7 x15:1c0000a7
39246886ns          672178 1c008c6c 0017c70b p.lbu            x14, 1(x15!)        x14=00000023 x15=1c0000a8 x15:1c0000a7  PA:1c0000a7
39247244ns          672196 1c008c70 feb71ce3 bne              x14, x11, -8        x14:00000023 x11:00000064
39247304ns          672199 1c008c68 00070763 beq              x14, x0, 14         x14:00000023
39247324ns          672200 1c008c6a 00f00533 add              x10, x0, x15        x10=1c0000a8 x15:1c0000a8
39247343ns          672201 1c008c6c 0017c70b p.lbu            x14, 1(x15!)        x14=00000030 x15=1c0000a9 x15:1c0000a8  PA:1c0000a8
39247662ns          672217 1c008c70 feb71ce3 bne              x14, x11, -8        x14:00000030 x11:00000064
39247721ns          672220 1c008c68 00070763 beq              x14, x0, 14         x14:00000030
39247741ns          672221 1c008c6a 00f00533 add              x10, x0, x15        x10=1c0000a9 x15:1c0000a9
39247761ns          672222 1c008c6c 0017c70b p.lbu            x14, 1(x15!)        x14=00000000 x15=1c0000aa x15:1c0000a9  PA:1c0000a9
39248199ns          672244 1c008c70 feb71ce3 bne              x14, x11, -8        x14:00000000 x11:00000064
39248258ns          672247 1c008c68 00070763 beq              x14, x0, 14         x14:00000000
39248338ns          672251 1c008c76 0015b593 sltiu            x11, x11, 1         x11=00000000 x11:00000064
39248358ns          672252 1c008c7a 40b005b3 sub              x11, x0, x11        x11=00000000 x11:00000000
39248378ns          672253 1c008c7e 00b57533 and              x10, x10, x11       x10=00000000 x10:1c0000a9 x11:00000000
39248397ns          672254 1c008c80 00008067 jalr             x0, x1, 0            x1:1c008e12
39248437ns          672256 1c008e12 02050a63 beq              x10, x0, 52         x10:00000000
39248576ns          672263 1c008e46 02a00613 addi             x12, x0, 42         x12=0000002a
39248596ns          672264 1c008e4a 2ac48663 beq              x9, x12, 684         x9:00000064 x12:0000002a
39248855ns          672277 1c008e4e fd048613 addi             x12, x9, -48        x12=00000034  x9:00000064
39248875ns          672278 1c008e52 00900593 addi             x11, x0, 9          x11=00000009
39248895ns          672279 1c008e54 00000913 addi             x18, x0, 0          x18=00000000
39248915ns          672280 1c008e56 28c5f063 bgeu             x11, x12, 640       x11:00000009 x12:00000034
39248934ns          672281 1c008e5a 02e00693 addi             x13, x0, 46         x13=0000002e
39248954ns          672282 1c008e5e fff00a13 addi             x20, x0, -1         x20=ffffffff
39249372ns          672303 1c008e60 2ed48363 beq              x9, x13, 742         x9:00000064 x13:0000002e
39249412ns          672305 1c008e64 1c0007b7 lui              x15, 0x1c000000     x15=1c000000
39249432ns          672306 1c008e68 009005b3 add              x11, x0, x9         x11=00000064  x9:00000064
39249452ns          672307 1c008e6a 0ac78513 addi             x10, x15, 172       x10=1c0000ac x15:1c000000
39249471ns          672308 1c008e6e de7ff0ef jal              x1, -538             x1=1c008e70
39249929ns          672331 1c008c54 00054783 lbu              x15, 0(x10)         x15=00000068 x10:1c0000ac  PA:1c0000ac
39250327ns          672351 1c008c58 0ff5f593 andi             x11, x11, 255       x11=00000064 x11:00000064
39250346ns          672352 1c008c5c 00b78c63 beq              x15, x11, 24        x15:00000068 x11:00000064
39250366ns          672353 1c008c60 00078b63 beq              x15, x0, 22         x15:00000068
39250386ns          672354 1c008c62 00150793 addi             x15, x10, 1         x15=1c0000ad x10:1c0000ac
39250406ns          672355 1c008c66 0040006f jal              x0, 4              
39250446ns          672357 1c008c6a 00f00533 add              x10, x0, x15        x10=1c0000ad x15:1c0000ad
39250466ns          672358 1c008c6c 0017c70b p.lbu            x14, 1(x15!)        x14=0000006c x15=1c0000ae x15:1c0000ad  PA:1c0000ad
39250784ns          672374 1c008c70 feb71ce3 bne              x14, x11, -8        x14:0000006c x11:00000064
39250844ns          672377 1c008c68 00070763 beq              x14, x0, 14         x14:0000006c
39250864ns          672378 1c008c6a 00f00533 add              x10, x0, x15        x10=1c0000ae x15:1c0000ae
39250883ns          672379 1c008c6c 0017c70b p.lbu            x14, 1(x15!)        x14=0000004c x15=1c0000af x15:1c0000ae  PA:1c0000ae
39251222ns          672396 1c008c70 feb71ce3 bne              x14, x11, -8        x14:0000004c x11:00000064
39251281ns          672399 1c008c68 00070763 beq              x14, x0, 14         x14:0000004c
39251301ns          672400 1c008c6a 00f00533 add              x10, x0, x15        x10=1c0000af x15:1c0000af
39251321ns          672401 1c008c6c 0017c70b p.lbu            x14, 1(x15!)        x14=0000007a x15=1c0000b0 x15:1c0000af  PA:1c0000af
39251639ns          672417 1c008c70 feb71ce3 bne              x14, x11, -8        x14:0000007a x11:00000064
39251699ns          672420 1c008c68 00070763 beq              x14, x0, 14         x14:0000007a
39251719ns          672421 1c008c6a 00f00533 add              x10, x0, x15        x10=1c0000b0 x15:1c0000b0
39251739ns          672422 1c008c6c 0017c70b p.lbu            x14, 1(x15!)        x14=00000000 x15=1c0000b1 x15:1c0000b0  PA:1c0000b0
39252057ns          672438 1c008c70 feb71ce3 bne              x14, x11, -8        x14:00000000 x11:00000064
39252117ns          672441 1c008c68 00070763 beq              x14, x0, 14         x14:00000000
39252196ns          672445 1c008c76 0015b593 sltiu            x11, x11, 1         x11=00000000 x11:00000064
39252216ns          672446 1c008c7a 40b005b3 sub              x11, x0, x11        x11=00000000 x11:00000000
39252236ns          672447 1c008c7e 00b57533 and              x10, x10, x11       x10=00000000 x10:1c0000b0 x11:00000000
39252256ns          672448 1c008c80 00008067 jalr             x0, x1, 0            x1:1c008e70
39252296ns          672450 1c008e70 01300433 add              x8, x0, x19          x8=1c000039 x19:1c000039
39252315ns          672451 1c008e72 00050563 beq              x10, x0, 10         x10:00000000
39252375ns          672454 1c008e7c 06700693 addi             x13, x0, 103        x13=00000067
39252713ns          672471 1c008e80 2896d963 bge              x13, x9, 658        x13:00000067  x9:00000064
39253230ns          672497 1c009112 06500693 addi             x13, x0, 101        x13=00000065
39253250ns          672498 1c009116 12d4d563 bge              x9, x13, 298         x9:00000064 x13:00000065
39253270ns          672499 1c00911a 04700693 addi             x13, x0, 71         x13=00000047
39253708ns          672521 1c00911e dc96cbe3 blt              x13, x9, -554       x13:00000047  x9:00000064
39254205ns          672546 1c008ef4 06300693 addi             x13, x0, 99         x13=00000063
39254245ns          672548 1c008ef8 0ad488e3 beq              x9, x13, 2224        x9:00000064 x13:00000063
39254264ns          672549 1c008efc 0096c9e3 blt              x13, x9, 2066       x13:00000063  x9:00000064
39255736ns          672623 1c00970e 000c2583 lw               x11, 0(x24)         x11=00000000 x24:1000376c  PA:1000376c
39255756ns          672624 1c009712 004c0c13 addi             x24, x24, 4         x24=10003770 x24:1000376c
39255776ns          672625 1c009714 3405cc63 blt              x11, x0, 856        x11:00000000
39255796ns          672626 1c009718 01412603 lw               x12, 20(x2)         x12=00000000  x2:10003618  PA:1000362c
39255816ns          672627 1c00971a 00b006b3 add              x13, x0, x11        x13=00000000 x11:00000000
39255836ns          672628 1c00971c 2e061863 bne              x12, x0, 752        x12:00000000
39256253ns          672649 1c009720 01812703 lw               x14, 24(x2)         x14=00000000  x2:10003618  PA:10003630
39256273ns          672650 1c009722 019007b3 add              x15, x0, x25        x15=1000363c x25:1000363c
39256293ns          672651 1c009724 00070763 beq              x14, x0, 14         x14:00000000
39256790ns          672676 1c009732 00f00733 add              x14, x0, x15        x14=1000363c x15:1000363c
39256830ns          672678 1c009734 00a00513 addi             x10, x0, 10         x10=0000000a
39256850ns          672679 1c009736 02a6f633 remu             x12, x13, x10       x12=00000000 x13:00000000 x10:0000000a
39257466ns          672710 1c00973a 02a6d6b3 divu             x13, x13, x10       x13=00000000 x13:00000000 x10:0000000a
39258083ns          672741 1c00973e 03060613 addi             x12, x12, 48        x12=00000030 x12:00000000
39258103ns          672742 1c009742 00c700ab p.sb             x12, 1(x14!)        x14=1000363d x12:00000030 x14:1000363c  PA:1000363c
39258123ns          672743 1c009746 fe0698e3 bne              x13, x0, -16        x13:00000000
39258143ns          672744 1c009748 40f706b3 sub              x13, x14, x15       x13=00000001 x14:1000363d x15:1000363c
39258162ns          672745 1c00974c 0146dc63 bge              x13, x20, 24        x13:00000001 x20:ffffffff
39259038ns          672789 1c009764 00e006b3 add              x13, x0, x14        x13=1000363d x14:1000363d
39259077ns          672791 1c009766 fe068fab p.sb             x0, -1(x13!)        x13=1000363c x13:1000363d  PA:1000363d
39259097ns          672792 1c00976a 00d7fc63 bgeu             x15, x13, 24        x15:1000363c x13:1000363c
39259992ns          672837 1c009782 01412783 lw               x15, 20(x2)         x15=00000000  x2:10003618  PA:1000362c
39260032ns          672839 1c009784 01812603 lw               x12, 24(x2)         x12=00000000  x2:10003618  PA:10003630
39260052ns          672840 1c009786 419704b3 sub              x9, x14, x25         x9=00000001 x14:1000363d x25:1000363c
39260072ns          672841 1c00978a 00c7e7b3 or               x15, x15, x12       x15=00000000 x15:00000000 x12:00000000
39260092ns          672842 1c00978c 00f12623 sw               x15, 12(x2)         x15:00000000  x2:10003618  PA:10003624
39260111ns          672843 1c00978e 00079363 bne              x15, x0, 6          x15:00000000
39260509ns          672863 1c009790 01f5d593 srli             x11, x11, 0x1f      x11=00000000 x11:00000000
39260529ns          672864 1c009792 00b12623 sw               x11, 12(x2)         x11:00000000  x2:10003618  PA:10003624
39260549ns          672865 1c009794 e3fa28e3 p.beqimm         x20, -464           x20:ffffffff
39261026ns          672889 1c0095c4 0c800793 addi             x15, x0, 200        x15=000000c8
39261066ns          672891 1c0095c8 9e97d0e3 bge              x15, x9, -1568      x15:000000c8  x9:00000001
39262001ns          672938 1c008fa8 0f24d163 bge              x9, x18, 226         x9:00000001 x18:00000000
39262518ns          672964 1c00908a d00482e3 beq              x9, x0, -764         x9:00000001
39262538ns          672965 1c00908e 01900933 add              x18, x0, x25        x18=1000363c x25:1000363c
39262955ns          672986 1c009090 419d8db3 sub              x27, x27, x25       x27=efffc9df x27:0000001b x25:1000363c
39262995ns          672988 1c009094 00a0006f jal              x0, 10             
39263492ns          673013 1c00909e 0019450b p.lbu            x10, 1(x18!)        x10=00000030 x18=1000363d x18:1000363c  PA:1000363c
39263512ns          673014 1c0090a2 01a005b3 add              x11, x0, x26        x11=00000002 x26:00000002
39263532ns          673015 1c0090a4 000b00e7 jalr             x1, x22, 0           x1=1c0090a6 x22:1c008cd4
39263612ns          673019 1c008cd4 000026b7 lui              x13, 0x2000         x13=00002000
39263652ns          673021 1c008cd6 f14027f3 csrrs            x15, x0, 0xf14      x15=00000006
39263671ns          673022 1c008cda f8068693 addi             x13, x13, -128      x13=00001f80 x13:00002000
39263731ns          673025 1c008cde 00379713 slli             x14, x15, 0x3       x14=00000030 x15:00000006
39263751ns          673026 1c008ce2 00279793 slli             x15, x15, 0x2       x15=00000018 x15:00000006
39263771ns          673027 1c008ce4 00d7f7b3 and              x15, x15, x13       x15=00000000 x15:00000018 x13:00001f80
39263791ns          673028 1c008ce6 ee873733 p.bclr           x14, x14, 23, 8     x14=00000030 x14:00000030
39263811ns          673029 1c008cea 1a10f6b7 lui              x13, 0x1a10f000     x13=1a10f000
39263870ns          673032 1c008cee 0ff57513 andi             x10, x10, 255       x10=00000030 x10:00000030
39263890ns          673033 1c008cf2 00d70733 add              x14, x14, x13       x14=1a10f030 x14:00000030 x13:1a10f000
39263910ns          673034 1c008cf4 00a7e723 p.sw             x10, x0(x15)        x10:00000030 x15:00000000  PA:1a10f030
39264566ns          673067 1c008cf8 00000513 addi             x10, x0, 0          x10=00000000
39264586ns          673068 1c008cfa 00008067 jalr             x0, x1, 0            x1:1c0090a6
39264626ns          673070 1c0090a6 fff48493 addi             x9, x9, -1           x9=00000000  x9:00000001
39264646ns          673071 1c0090a8 fff537e3 p.bneimm         x10, -18            x10:00000000
39264845ns          673081 1c009096 012d8733 add              x14, x27, x18       x14=0000001c x27:efffc9df x18:1000363d
39264865ns          673082 1c00909a 5a048b63 beq              x9, x0, 1462         x9:00000000
39265342ns          673106 1c009650 00e00db3 add              x27, x0, x14        x27=0000001c x14:0000001c
39265382ns          673108 1c009652 f3cff06f jal              x0, -2244          
39265541ns          673116 1c008d8e 00044503 lbu              x10, 0(x8)          x10=00000020  x8:1c000039  PA:1c000039
39266018ns          673140 1c008d92 00140413 addi             x8, x8, 1            x8=1c00003a  x8:1c000039
39266038ns          673141 1c008d94 00050e63 beq              x10, x0, 28         x10:00000020
39266058ns          673142 1c008d96 02500793 addi             x15, x0, 37         x15=00000025
39266078ns          673143 1c008d9a 04f50863 beq              x10, x15, 80        x10:00000020 x15:00000025
39266098ns          673144 1c008d9e 01a005b3 add              x11, x0, x26        x11=00000002 x26:00000002
39266118ns          673145 1c008da0 000b00e7 jalr             x1, x22, 0           x1=1c008da2 x22:1c008cd4
39266197ns          673149 1c008cd4 000026b7 lui              x13, 0x2000         x13=00002000
39266237ns          673151 1c008cd6 f14027f3 csrrs            x15, x0, 0xf14      x15=00000006
39266257ns          673152 1c008cda f8068693 addi             x13, x13, -128      x13=00001f80 x13:00002000
39266277ns          673153 1c008cde 00379713 slli             x14, x15, 0x3       x14=00000030 x15:00000006
39266297ns          673154 1c008ce2 00279793 slli             x15, x15, 0x2       x15=00000018 x15:00000006
39266317ns          673155 1c008ce4 00d7f7b3 and              x15, x15, x13       x15=00000000 x15:00000018 x13:00001f80
39266336ns          673156 1c008ce6 ee873733 p.bclr           x14, x14, 23, 8     x14=00000030 x14:00000030
39266356ns          673157 1c008cea 1a10f6b7 lui              x13, 0x1a10f000     x13=1a10f000
39266376ns          673158 1c008cee 0ff57513 andi             x10, x10, 255       x10=00000020 x10:00000020
39266396ns          673159 1c008cf2 00d70733 add              x14, x14, x13       x14=1a10f030 x14:00000030 x13:1a10f000
39266416ns          673160 1c008cf4 00a7e723 p.sw             x10, x0(x15)        x10:00000020 x15:00000000  PA:1a10f030
39266913ns          673185 1c008cf8 00000513 addi             x10, x0, 0          x10=00000000
39266933ns          673186 1c008cfa 00008067 jalr             x0, x1, 0            x1:1c008da2
39266993ns          673189 1c008da2 31f52563 p.beqimm         x10, 778            x10:00000000
39267013ns          673190 1c008da6 001d8d93 addi             x27, x27, 1         x27=0000001d x27:0000001c
39267033ns          673191 1c008da8 00044503 lbu              x10, 0(x8)          x10=00000063  x8:1c00003a  PA:1c00003a
39267331ns          673206 1c008dac 00140413 addi             x8, x8, 1            x8=1c00003b  x8:1c00003a
39267351ns          673207 1c008dae fe0514e3 bne              x10, x0, -24        x10:00000063
39267430ns          673211 1c008d96 02500793 addi             x15, x0, 37         x15=00000025
39267450ns          673212 1c008d9a 04f50863 beq              x10, x15, 80        x10:00000063 x15:00000025
39267470ns          673213 1c008d9e 01a005b3 add              x11, x0, x26        x11=00000002 x26:00000002
39267490ns          673214 1c008da0 000b00e7 jalr             x1, x22, 0           x1=1c008da2 x22:1c008cd4
39267530ns          673216 1c008cd4 000026b7 lui              x13, 0x2000         x13=00002000
39267550ns          673217 1c008cd6 f14027f3 csrrs            x15, x0, 0xf14      x15=00000006
39267569ns          673218 1c008cda f8068693 addi             x13, x13, -128      x13=00001f80 x13:00002000
39267589ns          673219 1c008cde 00379713 slli             x14, x15, 0x3       x14=00000030 x15:00000006
39267609ns          673220 1c008ce2 00279793 slli             x15, x15, 0x2       x15=00000018 x15:00000006
39267629ns          673221 1c008ce4 00d7f7b3 and              x15, x15, x13       x15=00000000 x15:00000018 x13:00001f80
39267649ns          673222 1c008ce6 ee873733 p.bclr           x14, x14, 23, 8     x14=00000030 x14:00000030
39267669ns          673223 1c008cea 1a10f6b7 lui              x13, 0x1a10f000     x13=1a10f000
39267689ns          673224 1c008cee 0ff57513 andi             x10, x10, 255       x10=00000063 x10:00000063
39267709ns          673225 1c008cf2 00d70733 add              x14, x14, x13       x14=1a10f030 x14:00000030 x13:1a10f000
39267729ns          673226 1c008cf4 00a7e723 p.sw             x10, x0(x15)        x10:00000063 x15:00000000  PA:1a10f030
39268087ns          673244 1c008cf8 00000513 addi             x10, x0, 0          x10=00000000
39268106ns          673245 1c008cfa 00008067 jalr             x0, x1, 0            x1:1c008da2
39268166ns          673248 1c008da2 31f52563 p.beqimm         x10, 778            x10:00000000
39268186ns          673249 1c008da6 001d8d93 addi             x27, x27, 1         x27=0000001e x27:0000001d
39268206ns          673250 1c008da8 00044503 lbu              x10, 0(x8)          x10=0000006f  x8:1c00003b  PA:1c00003b
39268504ns          673265 1c008dac 00140413 addi             x8, x8, 1            x8=1c00003c  x8:1c00003b
39268524ns          673266 1c008dae fe0514e3 bne              x10, x0, -24        x10:0000006f
39268604ns          673270 1c008d96 02500793 addi             x15, x0, 37         x15=00000025
39268624ns          673271 1c008d9a 04f50863 beq              x10, x15, 80        x10:0000006f x15:00000025
39268643ns          673272 1c008d9e 01a005b3 add              x11, x0, x26        x11=00000002 x26:00000002
39268663ns          673273 1c008da0 000b00e7 jalr             x1, x22, 0           x1=1c008da2 x22:1c008cd4
39268703ns          673275 1c008cd4 000026b7 lui              x13, 0x2000         x13=00002000
39268723ns          673276 1c008cd6 f14027f3 csrrs            x15, x0, 0xf14      x15=00000006
39268743ns          673277 1c008cda f8068693 addi             x13, x13, -128      x13=00001f80 x13:00002000
39268763ns          673278 1c008cde 00379713 slli             x14, x15, 0x3       x14=00000030 x15:00000006
39268783ns          673279 1c008ce2 00279793 slli             x15, x15, 0x2       x15=00000018 x15:00000006
39268803ns          673280 1c008ce4 00d7f7b3 and              x15, x15, x13       x15=00000000 x15:00000018 x13:00001f80
39268822ns          673281 1c008ce6 ee873733 p.bclr           x14, x14, 23, 8     x14=00000030 x14:00000030
39268842ns          673282 1c008cea 1a10f6b7 lui              x13, 0x1a10f000     x13=1a10f000
39268862ns          673283 1c008cee 0ff57513 andi             x10, x10, 255       x10=0000006f x10:0000006f
39268882ns          673284 1c008cf2 00d70733 add              x14, x14, x13       x14=1a10f030 x14:00000030 x13:1a10f000
39268902ns          673285 1c008cf4 00a7e723 p.sw             x10, x0(x15)        x10:0000006f x15:00000000  PA:1a10f030
39269240ns          673302 1c008cf8 00000513 addi             x10, x0, 0          x10=00000000
39269260ns          673303 1c008cfa 00008067 jalr             x0, x1, 0            x1:1c008da2
39269320ns          673306 1c008da2 31f52563 p.beqimm         x10, 778            x10:00000000
39269340ns          673307 1c008da6 001d8d93 addi             x27, x27, 1         x27=0000001f x27:0000001e
39269359ns          673308 1c008da8 00044503 lbu              x10, 0(x8)          x10=00000072  x8:1c00003c  PA:1c00003c
39269678ns          673324 1c008dac 00140413 addi             x8, x8, 1            x8=1c00003d  x8:1c00003c
39269698ns          673325 1c008dae fe0514e3 bne              x10, x0, -24        x10:00000072
39269777ns          673329 1c008d96 02500793 addi             x15, x0, 37         x15=00000025
39269797ns          673330 1c008d9a 04f50863 beq              x10, x15, 80        x10:00000072 x15:00000025
39269817ns          673331 1c008d9e 01a005b3 add              x11, x0, x26        x11=00000002 x26:00000002
39269837ns          673332 1c008da0 000b00e7 jalr             x1, x22, 0           x1=1c008da2 x22:1c008cd4
39269876ns          673334 1c008cd4 000026b7 lui              x13, 0x2000         x13=00002000
39269896ns          673335 1c008cd6 f14027f3 csrrs            x15, x0, 0xf14      x15=00000006
39269916ns          673336 1c008cda f8068693 addi             x13, x13, -128      x13=00001f80 x13:00002000
39269936ns          673337 1c008cde 00379713 slli             x14, x15, 0x3       x14=00000030 x15:00000006
39269956ns          673338 1c008ce2 00279793 slli             x15, x15, 0x2       x15=00000018 x15:00000006
39269976ns          673339 1c008ce4 00d7f7b3 and              x15, x15, x13       x15=00000000 x15:00000018 x13:00001f80
39269996ns          673340 1c008ce6 ee873733 p.bclr           x14, x14, 23, 8     x14=00000030 x14:00000030
39270016ns          673341 1c008cea 1a10f6b7 lui              x13, 0x1a10f000     x13=1a10f000
39270036ns          673342 1c008cee 0ff57513 andi             x10, x10, 255       x10=00000072 x10:00000072
39270055ns          673343 1c008cf2 00d70733 add              x14, x14, x13       x14=1a10f030 x14:00000030 x13:1a10f000
39270075ns          673344 1c008cf4 00a7e723 p.sw             x10, x0(x15)        x10:00000072 x15:00000000  PA:1a10f030
39270394ns          673360 1c008cf8 00000513 addi             x10, x0, 0          x10=00000000
39270413ns          673361 1c008cfa 00008067 jalr             x0, x1, 0            x1:1c008da2
39270473ns          673364 1c008da2 31f52563 p.beqimm         x10, 778            x10:00000000
39270493ns          673365 1c008da6 001d8d93 addi             x27, x27, 1         x27=00000020 x27:0000001f
39270513ns          673366 1c008da8 00044503 lbu              x10, 0(x8)          x10=00000065  x8:1c00003d  PA:1c00003d
39270811ns          673381 1c008dac 00140413 addi             x8, x8, 1            x8=1c00003e  x8:1c00003d
39270831ns          673382 1c008dae fe0514e3 bne              x10, x0, -24        x10:00000065
39270911ns          673386 1c008d96 02500793 addi             x15, x0, 37         x15=00000025
39270931ns          673387 1c008d9a 04f50863 beq              x10, x15, 80        x10:00000065 x15:00000025
39270950ns          673388 1c008d9e 01a005b3 add              x11, x0, x26        x11=00000002 x26:00000002
39270970ns          673389 1c008da0 000b00e7 jalr             x1, x22, 0           x1=1c008da2 x22:1c008cd4
39271010ns          673391 1c008cd4 000026b7 lui              x13, 0x2000         x13=00002000
39271030ns          673392 1c008cd6 f14027f3 csrrs            x15, x0, 0xf14      x15=00000006
39271050ns          673393 1c008cda f8068693 addi             x13, x13, -128      x13=00001f80 x13:00002000
39271070ns          673394 1c008cde 00379713 slli             x14, x15, 0x3       x14=00000030 x15:00000006
39271090ns          673395 1c008ce2 00279793 slli             x15, x15, 0x2       x15=00000018 x15:00000006
39271110ns          673396 1c008ce4 00d7f7b3 and              x15, x15, x13       x15=00000000 x15:00000018 x13:00001f80
39271129ns          673397 1c008ce6 ee873733 p.bclr           x14, x14, 23, 8     x14=00000030 x14:00000030
39271149ns          673398 1c008cea 1a10f6b7 lui              x13, 0x1a10f000     x13=1a10f000
39271169ns          673399 1c008cee 0ff57513 andi             x10, x10, 255       x10=00000065 x10:00000065
39271189ns          673400 1c008cf2 00d70733 add              x14, x14, x13       x14=1a10f030 x14:00000030 x13:1a10f000
39271209ns          673401 1c008cf4 00a7e723 p.sw             x10, x0(x15)        x10:00000065 x15:00000000  PA:1a10f030
39271547ns          673418 1c008cf8 00000513 addi             x10, x0, 0          x10=00000000
39271567ns          673419 1c008cfa 00008067 jalr             x0, x1, 0            x1:1c008da2
39271627ns          673422 1c008da2 31f52563 p.beqimm         x10, 778            x10:00000000
39271647ns          673423 1c008da6 001d8d93 addi             x27, x27, 1         x27=00000021 x27:00000020
39271666ns          673424 1c008da8 00044503 lbu              x10, 0(x8)          x10=00000020  x8:1c00003e  PA:1c00003e
39271985ns          673440 1c008dac 00140413 addi             x8, x8, 1            x8=1c00003f  x8:1c00003e
39272005ns          673441 1c008dae fe0514e3 bne              x10, x0, -24        x10:00000020
39272084ns          673445 1c008d96 02500793 addi             x15, x0, 37         x15=00000025
39272104ns          673446 1c008d9a 04f50863 beq              x10, x15, 80        x10:00000020 x15:00000025
39272124ns          673447 1c008d9e 01a005b3 add              x11, x0, x26        x11=00000002 x26:00000002
39272144ns          673448 1c008da0 000b00e7 jalr             x1, x22, 0           x1=1c008da2 x22:1c008cd4
39272184ns          673450 1c008cd4 000026b7 lui              x13, 0x2000         x13=00002000
39272203ns          673451 1c008cd6 f14027f3 csrrs            x15, x0, 0xf14      x15=00000006
39272223ns          673452 1c008cda f8068693 addi             x13, x13, -128      x13=00001f80 x13:00002000
39272243ns          673453 1c008cde 00379713 slli             x14, x15, 0x3       x14=00000030 x15:00000006
39272263ns          673454 1c008ce2 00279793 slli             x15, x15, 0x2       x15=00000018 x15:00000006
39272283ns          673455 1c008ce4 00d7f7b3 and              x15, x15, x13       x15=00000000 x15:00000018 x13:00001f80
39272303ns          673456 1c008ce6 ee873733 p.bclr           x14, x14, 23, 8     x14=00000030 x14:00000030
39272323ns          673457 1c008cea 1a10f6b7 lui              x13, 0x1a10f000     x13=1a10f000
39272343ns          673458 1c008cee 0ff57513 andi             x10, x10, 255       x10=00000020 x10:00000020
39272362ns          673459 1c008cf2 00d70733 add              x14, x14, x13       x14=1a10f030 x14:00000030 x13:1a10f000
39272382ns          673460 1c008cf4 00a7e723 p.sw             x10, x0(x15)        x10:00000020 x15:00000000  PA:1a10f030
39272701ns          673476 1c008cf8 00000513 addi             x10, x0, 0          x10=00000000
39272720ns          673477 1c008cfa 00008067 jalr             x0, x1, 0            x1:1c008da2
39272780ns          673480 1c008da2 31f52563 p.beqimm         x10, 778            x10:00000000
39272800ns          673481 1c008da6 001d8d93 addi             x27, x27, 1         x27=00000022 x27:00000021
39272820ns          673482 1c008da8 00044503 lbu              x10, 0(x8)          x10=00000025  x8:1c00003f  PA:1c00003f
39273118ns          673497 1c008dac 00140413 addi             x8, x8, 1            x8=1c000040  x8:1c00003f
39273138ns          673498 1c008dae fe0514e3 bne              x10, x0, -24        x10:00000025
39273218ns          673502 1c008d96 02500793 addi             x15, x0, 37         x15=00000025
39273238ns          673503 1c008d9a 04f50863 beq              x10, x15, 80        x10:00000025 x15:00000025
39273317ns          673507 1c008dea 00044483 lbu              x9, 0(x8)            x9=00000064  x8:1c000040  PA:1c000040
39273635ns          673523 1c008dee 02000693 addi             x13, x0, 32         x13=00000020
39273655ns          673524 1c008df2 00140a93 addi             x21, x8, 1          x21=1c000041  x8:1c000040
39273675ns          673525 1c008df6 009005b3 add              x11, x0, x9         x11=00000064  x9:00000064
39273695ns          673526 1c008df8 0a4b8513 addi             x10, x23, 164       x10=1c0000a4 x23:1c000000
39273715ns          673527 1c008dfc 00d12823 sw               x13, 16(x2)         x13:00000020  x2:10003618  PA:10003628
39273735ns          673528 1c008dfe 00012c23 sw               x0, 24(x2)           x2:10003618  PA:10003630
39273755ns          673529 1c008e00 00012a23 sw               x0, 20(x2)           x2:10003618  PA:1000362c
39273775ns          673530 1c008e02 00012e23 sw               x0, 28(x2)           x2:10003618  PA:10003634
39273794ns          673531 1c008e04 00012623 sw               x0, 12(x2)           x2:10003618  PA:10003624
39273814ns          673532 1c008e06 02300913 addi             x18, x0, 35         x18=00000023
39273834ns          673533 1c008e0a 02d00a13 addi             x20, x0, 45         x20=0000002d
39273854ns          673534 1c008e0e 015009b3 add              x19, x0, x21        x19=1c000041 x21:1c000041
39273874ns          673535 1c008e10 e45ff0ef jal              x1, -444             x1=1c008e12
39273954ns          673539 1c008c54 00054783 lbu              x15, 0(x10)         x15=0000002d x10:1c0000a4  PA:1c0000a4
39274371ns          673560 1c008c58 0ff5f593 andi             x11, x11, 255       x11=00000064 x11:00000064
39274391ns          673561 1c008c5c 00b78c63 beq              x15, x11, 24        x15:0000002d x11:00000064
39274411ns          673562 1c008c60 00078b63 beq              x15, x0, 22         x15:0000002d
39274431ns          673563 1c008c62 00150793 addi             x15, x10, 1         x15=1c0000a5 x10:1c0000a4
39274451ns          673564 1c008c66 0040006f jal              x0, 4              
39274491ns          673566 1c008c6a 00f00533 add              x10, x0, x15        x10=1c0000a5 x15:1c0000a5
39274510ns          673567 1c008c6c 0017c70b p.lbu            x14, 1(x15!)        x14=0000002b x15=1c0000a6 x15:1c0000a5  PA:1c0000a5
39274848ns          673584 1c008c70 feb71ce3 bne              x14, x11, -8        x14:0000002b x11:00000064
39274908ns          673587 1c008c68 00070763 beq              x14, x0, 14         x14:0000002b
39274928ns          673588 1c008c6a 00f00533 add              x10, x0, x15        x10=1c0000a6 x15:1c0000a6
39274948ns          673589 1c008c6c 0017c70b p.lbu            x14, 1(x15!)        x14=00000020 x15=1c0000a7 x15:1c0000a6  PA:1c0000a6
39275266ns          673605 1c008c70 feb71ce3 bne              x14, x11, -8        x14:00000020 x11:00000064
39275326ns          673608 1c008c68 00070763 beq              x14, x0, 14         x14:00000020
39275346ns          673609 1c008c6a 00f00533 add              x10, x0, x15        x10=1c0000a7 x15:1c0000a7
39275366ns          673610 1c008c6c 0017c70b p.lbu            x14, 1(x15!)        x14=00000023 x15=1c0000a8 x15:1c0000a7  PA:1c0000a7
39275684ns          673626 1c008c70 feb71ce3 bne              x14, x11, -8        x14:00000023 x11:00000064
39275743ns          673629 1c008c68 00070763 beq              x14, x0, 14         x14:00000023
39275763ns          673630 1c008c6a 00f00533 add              x10, x0, x15        x10=1c0000a8 x15:1c0000a8
39275783ns          673631 1c008c6c 0017c70b p.lbu            x14, 1(x15!)        x14=00000030 x15=1c0000a9 x15:1c0000a8  PA:1c0000a8
39276101ns          673647 1c008c70 feb71ce3 bne              x14, x11, -8        x14:00000030 x11:00000064
39276161ns          673650 1c008c68 00070763 beq              x14, x0, 14         x14:00000030
39276181ns          673651 1c008c6a 00f00533 add              x10, x0, x15        x10=1c0000a9 x15:1c0000a9
39276201ns          673652 1c008c6c 0017c70b p.lbu            x14, 1(x15!)        x14=00000000 x15=1c0000aa x15:1c0000a9  PA:1c0000a9
39276519ns          673668 1c008c70 feb71ce3 bne              x14, x11, -8        x14:00000000 x11:00000064
39276579ns          673671 1c008c68 00070763 beq              x14, x0, 14         x14:00000000
39276658ns          673675 1c008c76 0015b593 sltiu            x11, x11, 1         x11=00000000 x11:00000064
39276678ns          673676 1c008c7a 40b005b3 sub              x11, x0, x11        x11=00000000 x11:00000000
39276698ns          673677 1c008c7e 00b57533 and              x10, x10, x11       x10=00000000 x10:1c0000a9 x11:00000000
39276718ns          673678 1c008c80 00008067 jalr             x0, x1, 0            x1:1c008e12
39276758ns          673680 1c008e12 02050a63 beq              x10, x0, 52         x10:00000000
39276837ns          673684 1c008e46 02a00613 addi             x12, x0, 42         x12=0000002a
39276857ns          673685 1c008e4a 2ac48663 beq              x9, x12, 684         x9:00000064 x12:0000002a
39276877ns          673686 1c008e4e fd048613 addi             x12, x9, -48        x12=00000034  x9:00000064
39276897ns          673687 1c008e52 00900593 addi             x11, x0, 9          x11=00000009
39276917ns          673688 1c008e54 00000913 addi             x18, x0, 0          x18=00000000
39276937ns          673689 1c008e56 28c5f063 bgeu             x11, x12, 640       x11:00000009 x12:00000034
39276957ns          673690 1c008e5a 02e00693 addi             x13, x0, 46         x13=0000002e
39276977ns          673691 1c008e5e fff00a13 addi             x20, x0, -1         x20=ffffffff
39276996ns          673692 1c008e60 2ed48363 beq              x9, x13, 742         x9:00000064 x13:0000002e
39277016ns          673693 1c008e64 1c0007b7 lui              x15, 0x1c000000     x15=1c000000
39277036ns          673694 1c008e68 009005b3 add              x11, x0, x9         x11=00000064  x9:00000064
39277056ns          673695 1c008e6a 0ac78513 addi             x10, x15, 172       x10=1c0000ac x15:1c000000
39277076ns          673696 1c008e6e de7ff0ef jal              x1, -538             x1=1c008e70
39277116ns          673698 1c008c54 00054783 lbu              x15, 0(x10)         x15=00000068 x10:1c0000ac  PA:1c0000ac
39277434ns          673714 1c008c58 0ff5f593 andi             x11, x11, 255       x11=00000064 x11:00000064
39277454ns          673715 1c008c5c 00b78c63 beq              x15, x11, 24        x15:00000068 x11:00000064
39277474ns          673716 1c008c60 00078b63 beq              x15, x0, 22         x15:00000068
39277494ns          673717 1c008c62 00150793 addi             x15, x10, 1         x15=1c0000ad x10:1c0000ac
39277513ns          673718 1c008c66 0040006f jal              x0, 4              
39277553ns          673720 1c008c6a 00f00533 add              x10, x0, x15        x10=1c0000ad x15:1c0000ad
39277573ns          673721 1c008c6c 0017c70b p.lbu            x14, 1(x15!)        x14=0000006c x15=1c0000ae x15:1c0000ad  PA:1c0000ad
39277931ns          673739 1c008c70 feb71ce3 bne              x14, x11, -8        x14:0000006c x11:00000064
39277991ns          673742 1c008c68 00070763 beq              x14, x0, 14         x14:0000006c
39278011ns          673743 1c008c6a 00f00533 add              x10, x0, x15        x10=1c0000ae x15:1c0000ae
39278031ns          673744 1c008c6c 0017c70b p.lbu            x14, 1(x15!)        x14=0000004c x15=1c0000af x15:1c0000ae  PA:1c0000ae
39278349ns          673760 1c008c70 feb71ce3 bne              x14, x11, -8        x14:0000004c x11:00000064
39278408ns          673763 1c008c68 00070763 beq              x14, x0, 14         x14:0000004c
39278428ns          673764 1c008c6a 00f00533 add              x10, x0, x15        x10=1c0000af x15:1c0000af
39278448ns          673765 1c008c6c 0017c70b p.lbu            x14, 1(x15!)        x14=0000007a x15=1c0000b0 x15:1c0000af  PA:1c0000af
39278766ns          673781 1c008c70 feb71ce3 bne              x14, x11, -8        x14:0000007a x11:00000064
39278826ns          673784 1c008c68 00070763 beq              x14, x0, 14         x14:0000007a
39278846ns          673785 1c008c6a 00f00533 add              x10, x0, x15        x10=1c0000b0 x15:1c0000b0
39278866ns          673786 1c008c6c 0017c70b p.lbu            x14, 1(x15!)        x14=00000000 x15=1c0000b1 x15:1c0000b0  PA:1c0000b0
39279184ns          673802 1c008c70 feb71ce3 bne              x14, x11, -8        x14:00000000 x11:00000064
39279244ns          673805 1c008c68 00070763 beq              x14, x0, 14         x14:00000000
39279323ns          673809 1c008c76 0015b593 sltiu            x11, x11, 1         x11=00000000 x11:00000064
39279343ns          673810 1c008c7a 40b005b3 sub              x11, x0, x11        x11=00000000 x11:00000000
39279363ns          673811 1c008c7e 00b57533 and              x10, x10, x11       x10=00000000 x10:1c0000b0 x11:00000000
39279383ns          673812 1c008c80 00008067 jalr             x0, x1, 0            x1:1c008e70
39279463ns          673816 1c008e70 01300433 add              x8, x0, x19          x8=1c000041 x19:1c000041
39279482ns          673817 1c008e72 00050563 beq              x10, x0, 10         x10:00000000
39279542ns          673820 1c008e7c 06700693 addi             x13, x0, 103        x13=00000067
39279602ns          673823 1c008e80 2896d963 bge              x13, x9, 658        x13:00000067  x9:00000064
39279741ns          673830 1c009112 06500693 addi             x13, x0, 101        x13=00000065
39279761ns          673831 1c009116 12d4d563 bge              x9, x13, 298         x9:00000064 x13:00000065
39279781ns          673832 1c00911a 04700693 addi             x13, x0, 71         x13=00000047
39279840ns          673835 1c00911e dc96cbe3 blt              x13, x9, -554       x13:00000047  x9:00000064
39279940ns          673840 1c008ef4 06300693 addi             x13, x0, 99         x13=00000063
39279980ns          673842 1c008ef8 0ad488e3 beq              x9, x13, 2224        x9:00000064 x13:00000063
39279999ns          673843 1c008efc 0096c9e3 blt              x13, x9, 2066       x13:00000063  x9:00000064
39280139ns          673850 1c00970e 000c2583 lw               x11, 0(x24)         x11=00000006 x24:10003770  PA:10003770
39280159ns          673851 1c009712 004c0c13 addi             x24, x24, 4         x24=10003774 x24:10003770
39280178ns          673852 1c009714 3405cc63 blt              x11, x0, 856        x11:00000006
39280198ns          673853 1c009718 01412603 lw               x12, 20(x2)         x12=00000000  x2:10003618  PA:1000362c
39280218ns          673854 1c00971a 00b006b3 add              x13, x0, x11        x13=00000006 x11:00000006
39280238ns          673855 1c00971c 2e061863 bne              x12, x0, 752        x12:00000000
39280258ns          673856 1c009720 01812703 lw               x14, 24(x2)         x14=00000000  x2:10003618  PA:10003630
39280278ns          673857 1c009722 019007b3 add              x15, x0, x25        x15=1000363c x25:1000363c
39280298ns          673858 1c009724 00070763 beq              x14, x0, 14         x14:00000000
39280397ns          673863 1c009732 00f00733 add              x14, x0, x15        x14=1000363c x15:1000363c
39280437ns          673865 1c009734 00a00513 addi             x10, x0, 10         x10=0000000a
39280457ns          673866 1c009736 02a6f633 remu             x12, x13, x10       x12=00000006 x13:00000006 x10:0000000a
39281073ns          673897 1c00973a 02a6d6b3 divu             x13, x13, x10       x13=00000000 x13:00000006 x10:0000000a
39281690ns          673928 1c00973e 03060613 addi             x12, x12, 48        x12=00000036 x12:00000006
39281710ns          673929 1c009742 00c700ab p.sb             x12, 1(x14!)        x14=1000363d x12:00000036 x14:1000363c  PA:1000363c
39281750ns          673931 1c009746 fe0698e3 bne              x13, x0, -16        x13:00000000
39281770ns          673932 1c009748 40f706b3 sub              x13, x14, x15       x13=00000001 x14:1000363d x15:1000363c
39281789ns          673933 1c00974c 0146dc63 bge              x13, x20, 24        x13:00000001 x20:ffffffff
39281849ns          673936 1c009764 00e006b3 add              x13, x0, x14        x13=1000363d x14:1000363d
39281869ns          673937 1c009766 fe068fab p.sb             x0, -1(x13!)        x13=1000363c x13:1000363d  PA:1000363d
39281889ns          673938 1c00976a 00d7fc63 bgeu             x15, x13, 24        x15:1000363c x13:1000363c
39282028ns          673945 1c009782 01412783 lw               x15, 20(x2)         x15=00000000  x2:10003618  PA:1000362c
39282068ns          673947 1c009784 01812603 lw               x12, 24(x2)         x12=00000000  x2:10003618  PA:10003630
39282088ns          673948 1c009786 419704b3 sub              x9, x14, x25         x9=00000001 x14:1000363d x25:1000363c
39282108ns          673949 1c00978a 00c7e7b3 or               x15, x15, x12       x15=00000000 x15:00000000 x12:00000000
39282128ns          673950 1c00978c 00f12623 sw               x15, 12(x2)         x15:00000000  x2:10003618  PA:10003624
39282147ns          673951 1c00978e 00079363 bne              x15, x0, 6          x15:00000000
39282167ns          673952 1c009790 01f5d593 srli             x11, x11, 0x1f      x11=00000000 x11:00000006
39282187ns          673953 1c009792 00b12623 sw               x11, 12(x2)         x11:00000000  x2:10003618  PA:10003624
39282207ns          673954 1c009794 e3fa28e3 p.beqimm         x20, -464           x20:ffffffff
39282267ns          673957 1c0095c4 0c800793 addi             x15, x0, 200        x15=000000c8
39282287ns          673958 1c0095c8 9e97d0e3 bge              x15, x9, -1568      x15:000000c8  x9:00000001
39282406ns          673964 1c008fa8 0f24d163 bge              x9, x18, 226         x9:00000001 x18:00000000
39282605ns          673974 1c00908a d00482e3 beq              x9, x0, -764         x9:00000001
39282625ns          673975 1c00908e 01900933 add              x18, x0, x25        x18=1000363c x25:1000363c
39282664ns          673977 1c009090 419d8db3 sub              x27, x27, x25       x27=efffc9e6 x27:00000022 x25:1000363c
39282704ns          673979 1c009094 00a0006f jal              x0, 10             
39282804ns          673984 1c00909e 0019450b p.lbu            x10, 1(x18!)        x10=00000036 x18=1000363d x18:1000363c  PA:1000363c
39282824ns          673985 1c0090a2 01a005b3 add              x11, x0, x26        x11=00000002 x26:00000002
39282843ns          673986 1c0090a4 000b00e7 jalr             x1, x22, 0           x1=1c0090a6 x22:1c008cd4
39282883ns          673988 1c008cd4 000026b7 lui              x13, 0x2000         x13=00002000
39282903ns          673989 1c008cd6 f14027f3 csrrs            x15, x0, 0xf14      x15=00000006
39282923ns          673990 1c008cda f8068693 addi             x13, x13, -128      x13=00001f80 x13:00002000
39282983ns          673993 1c008cde 00379713 slli             x14, x15, 0x3       x14=00000030 x15:00000006
39283003ns          673994 1c008ce2 00279793 slli             x15, x15, 0x2       x15=00000018 x15:00000006
39283022ns          673995 1c008ce4 00d7f7b3 and              x15, x15, x13       x15=00000000 x15:00000018 x13:00001f80
39283042ns          673996 1c008ce6 ee873733 p.bclr           x14, x14, 23, 8     x14=00000030 x14:00000030
39283062ns          673997 1c008cea 1a10f6b7 lui              x13, 0x1a10f000     x13=1a10f000
39283122ns          674000 1c008cee 0ff57513 andi             x10, x10, 255       x10=00000036 x10:00000036
39283142ns          674001 1c008cf2 00d70733 add              x14, x14, x13       x14=1a10f030 x14:00000030 x13:1a10f000
39283162ns          674002 1c008cf4 00a7e723 p.sw             x10, x0(x15)        x10:00000036 x15:00000000  PA:1a10f030
39283659ns          674027 1c008cf8 00000513 addi             x10, x0, 0          x10=00000000
39283679ns          674028 1c008cfa 00008067 jalr             x0, x1, 0            x1:1c0090a6
39283719ns          674030 1c0090a6 fff48493 addi             x9, x9, -1           x9=00000000  x9:00000001
39283738ns          674031 1c0090a8 fff537e3 p.bneimm         x10, -18            x10:00000000
39283878ns          674038 1c009096 012d8733 add              x14, x27, x18       x14=00000023 x27:efffc9e6 x18:1000363d
39283898ns          674039 1c00909a 5a048b63 beq              x9, x0, 1462         x9:00000000
39283997ns          674044 1c009650 00e00db3 add              x27, x0, x14        x27=00000023 x14:00000023
39284037ns          674046 1c009652 f3cff06f jal              x0, -2244          
39284156ns          674052 1c008d8e 00044503 lbu              x10, 0(x8)          x10=0000000a  x8:1c000041  PA:1c000041
39284454ns          674067 1c008d92 00140413 addi             x8, x8, 1            x8=1c000042  x8:1c000041
39284474ns          674068 1c008d94 00050e63 beq              x10, x0, 28         x10:0000000a
39284494ns          674069 1c008d96 02500793 addi             x15, x0, 37         x15=00000025
39284514ns          674070 1c008d9a 04f50863 beq              x10, x15, 80        x10:0000000a x15:00000025
39284534ns          674071 1c008d9e 01a005b3 add              x11, x0, x26        x11=00000002 x26:00000002
39284554ns          674072 1c008da0 000b00e7 jalr             x1, x22, 0           x1=1c008da2 x22:1c008cd4
39284594ns          674074 1c008cd4 000026b7 lui              x13, 0x2000         x13=00002000
39284614ns          674075 1c008cd6 f14027f3 csrrs            x15, x0, 0xf14      x15=00000006
39284633ns          674076 1c008cda f8068693 addi             x13, x13, -128      x13=00001f80 x13:00002000
39284653ns          674077 1c008cde 00379713 slli             x14, x15, 0x3       x14=00000030 x15:00000006
39284673ns          674078 1c008ce2 00279793 slli             x15, x15, 0x2       x15=00000018 x15:00000006
39284693ns          674079 1c008ce4 00d7f7b3 and              x15, x15, x13       x15=00000000 x15:00000018 x13:00001f80
39284713ns          674080 1c008ce6 ee873733 p.bclr           x14, x14, 23, 8     x14=00000030 x14:00000030
39284733ns          674081 1c008cea 1a10f6b7 lui              x13, 0x1a10f000     x13=1a10f000
39284753ns          674082 1c008cee 0ff57513 andi             x10, x10, 255       x10=0000000a x10:0000000a
39284773ns          674083 1c008cf2 00d70733 add              x14, x14, x13       x14=1a10f030 x14:00000030 x13:1a10f000
39284792ns          674084 1c008cf4 00a7e723 p.sw             x10, x0(x15)        x10:0000000a x15:00000000  PA:1a10f030
39285131ns          674101 1c008cf8 00000513 addi             x10, x0, 0          x10=00000000
39285150ns          674102 1c008cfa 00008067 jalr             x0, x1, 0            x1:1c008da2
39285210ns          674105 1c008da2 31f52563 p.beqimm         x10, 778            x10:00000000
39285230ns          674106 1c008da6 001d8d93 addi             x27, x27, 1         x27=00000024 x27:00000023
39285250ns          674107 1c008da8 00044503 lbu              x10, 0(x8)          x10=00000000  x8:1c000042  PA:1c000042
39285568ns          674123 1c008dac 00140413 addi             x8, x8, 1            x8=1c000043  x8:1c000042
39285588ns          674124 1c008dae fe0514e3 bne              x10, x0, -24        x10:00000000
39285608ns          674125 1c008db0 01b00433 add              x8, x0, x27          x8=00000024 x27:00000024
39285628ns          674126 1c008db2 00800533 add              x10, x0, x8         x10=00000024  x8:00000024
39285648ns          674127 1c008db4 12c12083 lw               x1, 300(x2)          x1=1c008d40  x2:10003618  PA:10003744
39285668ns          674128 1c008db8 12812403 lw               x8, 296(x2)          x8=00000006  x2:10003618  PA:10003740
39285687ns          674129 1c008dbc 12412483 lw               x9, 292(x2)          x9=00000000  x2:10003618  PA:1000373c
39285847ns          674137 1c008dc0 12012903 lw               x18, 288(x2)        x18=00000000  x2:10003618  PA:10003738
39285886ns          674139 1c008dc4 11c12983 lw               x19, 284(x2)        x19=00000000  x2:10003618  PA:10003734
39285906ns          674140 1c008dc8 11812a03 lw               x20, 280(x2)        x20=00000000  x2:10003618  PA:10003730
39285926ns          674141 1c008dcc 11412a83 lw               x21, 276(x2)        x21=00000000  x2:10003618  PA:1000372c
39286443ns          674167 1c008dd0 11012b03 lw               x22, 272(x2)        x22=00000000  x2:10003618  PA:10003728
39286483ns          674169 1c008dd4 10c12b83 lw               x23, 268(x2)        x23=00000000  x2:10003618  PA:10003724
39286503ns          674170 1c008dd8 10812c03 lw               x24, 264(x2)        x24=00000000  x2:10003618  PA:10003720
39286523ns          674171 1c008ddc 10412c83 lw               x25, 260(x2)        x25=00000000  x2:10003618  PA:1000371c
39286582ns          674174 1c008de0 10012d03 lw               x26, 256(x2)        x26=00000000  x2:10003618  PA:10003718
39286622ns          674176 1c008de4 0fc12d83 lw               x27, 252(x2)        x27=00000000  x2:10003618  PA:10003714
39286642ns          674177 1c008de6 13010113 addi             x2, x2, 304          x2=10003748  x2:10003618
39286662ns          674178 1c008de8 00008067 jalr             x0, x1, 0            x1:1c008d40
39286742ns          674182 1c008d40 01c12083 lw               x1, 28(x2)           x1=1c0081fe  x2:10003748  PA:10003764
39286761ns          674183 1c008d42 04010113 addi             x2, x2, 64           x2=10003788  x2:10003748
39286801ns          674185 1c008d44 00008067 jalr             x0, x1, 0            x1:1c0081fe
39286881ns          674189 1c0081fe 00000513 addi             x10, x0, 0          x10=00000000
39286960ns          674193 1c008200 55e000ef jal              x1, 1374             x1=1c008202
39287835ns          674237 1c00875e 002047b7 lui              x15, 0x204000       x15=00204000
39287875ns          674239 1c008762 02078793 addi             x15, x15, 32        x15=00204020 x15:00204000
39287895ns          674240 1c008766 00f50533 add              x10, x10, x15       x10=00204020 x10:00000000 x15:00204020
39287915ns          674241 1c008768 00751513 slli             x10, x10, 0x7       x10=10201000 x10:00204020
39287935ns          674242 1c00876a 00008067 jalr             x0, x1, 0            x1:1c008202
39288432ns          674267 1c008202 32041763 bne              x8, x0, 814          x8:00000006
39289068ns          674299 1c008530 fc143ee3 p.bneimm         x8, -36              x8:00000006
39289526ns          674322 1c00850c 299010ef jal              x1, 6808             x1=1c008510
39289983ns          674345 1c009fa4 f14027f3 csrrs            x15, x0, 0xf14      x15=00000006
39290023ns          674347 1c009fa8 01f00713 addi             x14, x0, 31         x14=0000001f
39290043ns          674348 1c009faa ca5797b3 p.extractu       x15, x15, 5, 5      x15=00000000 x15:00000006
39290461ns          674369 1c009fae 00e78863 beq              x15, x14, 16        x15:00000000 x14:0000001f
39290500ns          674371 1c009fb2 002047b7 lui              x15, 0x204000       x15=00204000
39290520ns          674372 1c009fb6 20078793 addi             x15, x15, 512       x15=00204200 x15:00204000
39290540ns          674373 1c009fba 01c7e703 p.elw            x14, 28(x15)        x14=00010000 x15:00204200  PA:0020421c
40256476ns          722859 1c009fbe 00008067 jalr             x0, x1, 0            x1:1c008510
40256656ns          722868 1c008510 06c12083 lw               x1, 108(x2)          x1=1c009e76  x2:10003788  PA:100037f4
40256676ns          722869 1c008512 06812403 lw               x8, 104(x2)          x8=00000000  x2:10003788  PA:100037f0
40256696ns          722870 1c008514 06412483 lw               x9, 100(x2)          x9=00000000  x2:10003788  PA:100037ec
40256717ns          722871 1c008516 06012903 lw               x18, 96(x2)         x18=00000000  x2:10003788  PA:100037e8
40256737ns          722872 1c008518 05c12983 lw               x19, 92(x2)         x19=00000000  x2:10003788  PA:100037e4
40256757ns          722873 1c00851a 05812a03 lw               x20, 88(x2)         x20=00000000  x2:10003788  PA:100037e0
40256777ns          722874 1c00851c 05412a83 lw               x21, 84(x2)         x21=00000000  x2:10003788  PA:100037dc
40256797ns          722875 1c00851e 05012b03 lw               x22, 80(x2)         x22=00000000  x2:10003788  PA:100037d8
40257138ns          722892 1c008520 04c12b83 lw               x23, 76(x2)         x23=00000000  x2:10003788  PA:100037d4
40257158ns          722893 1c008522 04812c03 lw               x24, 72(x2)         x24=00000000  x2:10003788  PA:100037d0
40257178ns          722894 1c008524 04412c83 lw               x25, 68(x2)         x25=00000000  x2:10003788  PA:100037cc
40257198ns          722895 1c008526 04012d03 lw               x26, 64(x2)         x26=00000000  x2:10003788  PA:100037c8
40257218ns          722896 1c008528 03c12d83 lw               x27, 60(x2)         x27=00000000  x2:10003788  PA:100037c4
40257238ns          722897 1c00852a 00100513 addi             x10, x0, 1          x10=00000001
40257258ns          722898 1c00852c 07010113 addi             x2, x2, 112          x2=100037f8  x2:10003788
40257278ns          722899 1c00852e 00008067 jalr             x0, x1, 0            x1:1c009e76
40257740ns          722922 1c009e76 01f00713 addi             x14, x0, 31         x14=0000001f
40257780ns          722924 1c009e78 f14027f3 csrrs            x15, x0, 0xf14      x15=00000006
40257800ns          722925 1c009e7c ca5797b3 p.extractu       x15, x15, 5, 5      x15=00000000 x15:00000006
40257860ns          722928 1c009e80 00e78863 beq              x15, x14, 16        x15:00000000 x14:0000001f
40257900ns          722930 1c009e84 002047b7 lui              x15, 0x204000       x15=00204000
40257920ns          722931 1c009e88 20078793 addi             x15, x15, 512       x15=00204200 x15:00204000
40257940ns          722932 1c009e8c 01c7e703 p.elw            x14, 28(x15)        x14=00010000 x15:00204200  PA:0020421c
40258201ns          722945 1c009e90 f14027f3 csrrs            x15, x0, 0xf14      x15=00000006
40258241ns          722947 1c009e94 f457b7b3 p.bclr           x15, x15, 26, 5     x15=00000006 x15:00000006
40258261ns          722948 1c009e98 00079963 bne              x15, x0, 18         x15:00000006
40258743ns          722972 1c009eaa 002047b7 lui              x15, 0x204000       x15=00204000
40258763ns          722973 1c009eae fff00713 addi             x14, x0, -1         x14=ffffffff
40259204ns          722995 1c009eb0 00e7a223 sw               x14, 4(x15)         x14:ffffffff x15:00204000  PA:00204004
