                Time          Cycles PC       Instr    Mnemonic
39191617ns          669399 1c008080 000000b7 lui              x1, 0x0              x1=00000000
39191657ns          669401 1c008084 00000137 lui              x2, 0x0              x2=00000000
39191677ns          669402 1c008088 000001b7 lui              x3, 0x0              x3=00000000
39191697ns          669403 1c00808c 00000237 lui              x4, 0x0              x4=00000000
39192134ns          669425 1c008090 000002b7 lui              x5, 0x0              x5=00000000
39192174ns          669427 1c008094 00000337 lui              x6, 0x0              x6=00000000
39192194ns          669428 1c008098 000003b7 lui              x7, 0x0              x7=00000000
39192214ns          669429 1c00809c 00000437 lui              x8, 0x0              x8=00000000
39192651ns          669451 1c0080a0 000004b7 lui              x9, 0x0              x9=00000000
39192691ns          669453 1c0080a4 00000537 lui              x10, 0x0            x10=00000000
39192711ns          669454 1c0080a8 000005b7 lui              x11, 0x0            x11=00000000
39192731ns          669455 1c0080ac 00000637 lui              x12, 0x0            x12=00000000
39193188ns          669478 1c0080b0 000006b7 lui              x13, 0x0            x13=00000000
39193228ns          669480 1c0080b4 00000737 lui              x14, 0x0            x14=00000000
39193248ns          669481 1c0080b8 000007b7 lui              x15, 0x0            x15=00000000
39193268ns          669482 1c0080bc 00000837 lui              x16, 0x0            x16=00000000
39193705ns          669504 1c0080c0 000008b7 lui              x17, 0x0            x17=00000000
39193745ns          669506 1c0080c4 00000937 lui              x18, 0x0            x18=00000000
39193765ns          669507 1c0080c8 000009b7 lui              x19, 0x0            x19=00000000
39193785ns          669508 1c0080cc 00000a37 lui              x20, 0x0            x20=00000000
39194223ns          669530 1c0080d0 00000ab7 lui              x21, 0x0            x21=00000000
39194262ns          669532 1c0080d4 00000b37 lui              x22, 0x0            x22=00000000
39194282ns          669533 1c0080d8 00000bb7 lui              x23, 0x0            x23=00000000
39194302ns          669534 1c0080dc 00000c37 lui              x24, 0x0            x24=00000000
39194740ns          669556 1c0080e0 00000cb7 lui              x25, 0x0            x25=00000000
39194779ns          669558 1c0080e4 00000d37 lui              x26, 0x0            x26=00000000
39194799ns          669559 1c0080e8 00000db7 lui              x27, 0x0            x27=00000000
39194819ns          669560 1c0080ec 00000e37 lui              x28, 0x0            x28=00000000
39195257ns          669582 1c0080f0 00000eb7 lui              x29, 0x0            x29=00000000
39195296ns          669584 1c0080f4 00000f37 lui              x30, 0x0            x30=00000000
39195316ns          669585 1c0080f8 00000fb7 lui              x31, 0x0            x31=00000000
39195336ns          669586 1c0080fc 0700006f jal              x0, 112            
39196231ns          669631 1c00816c f1402573 csrrs            x10, x0, 0xf14      x10=00000002
39196689ns          669654 1c008170 01f57593 andi             x11, x10, 31        x11=00000002 x10:00000002
39196728ns          669656 1c008174 00555513 srli             x10, x10, 0x5       x10=00000000 x10:00000002
39196748ns          669657 1c008176 01f00613 addi             x12, x0, 31         x12=0000001f
39196768ns          669658 1c008178 00c50463 beq              x10, x12, 8         x10:00000000 x12:0000001f
39196788ns          669659 1c00817c f95ff06f jal              x0, -108           
39197683ns          669704 1c008110 f3ff8117 auipc            x2, 0xf3ff8000       x2=10000110
39197723ns          669706 1c008114 ef410113 addi             x2, x2, -268         x2=10000004  x2:10000110
39197743ns          669707 1c008118 00012103 lw               x2, 0(x2)            x2=10000008  x2:10000004  PA:10000004
39197763ns          669708 1c00811c 000011b7 lui              x3, 0x1000           x3=00001000
39198200ns          669730 1c008120 80018193 addi             x3, x3, -2048        x3=00000800  x3:00001000
39198240ns          669732 1c008124 00158593 addi             x11, x11, 1         x11=00000003 x11:00000002
39198260ns          669733 1c008128 02b180b3 mul              x1, x3, x11          x1=00001800  x3:00000800 x11:00000003
39198280ns          669734 1c00812c 00110133 add              x2, x2, x1           x2=10001808  x2:10000008  x1:00001800
39198717ns          669756 1c008130 50d0106f jal              x0, 7436           
39199294ns          669785 1c009e3c ff010113 addi             x2, x2, -16          x2=100017f8  x2:10001808
39199314ns          669786 1c009e3e 00112623 sw               x1, 12(x2)           x1:00001800  x2:100017f8  PA:10001804
39199751ns          669808 1c009e40 002047b7 lui              x15, 0x204000       x15=00204000
39199791ns          669810 1c009e44 00070737 lui              x14, 0x70000        x14=00070000
39199811ns          669811 1c009e48 00e7a423 sw               x14, 8(x15)         x14:00070000 x15:00204000  PA:00204008
39199831ns          669812 1c009e4a 0ff00713 addi             x14, x0, 255        x14=000000ff
39200268ns          669834 1c009e4e 20078793 addi             x15, x15, 512       x15=00204200 x15:00204000
39200308ns          669836 1c009e52 00e7a023 sw               x14, 0(x15)         x14:000000ff x15:00204200  PA:00204200
39200328ns          669837 1c009e56 00e7a623 sw               x14, 12(x15)        x14:000000ff x15:00204200  PA:0020420c
39200348ns          669838 1c009e5a 01f00693 addi             x13, x0, 31         x13=0000001f
39200368ns          669839 1c009e5c f1402773 csrrs            x14, x0, 0xf14      x14=00000002
39200786ns          669860 1c009e60 ca571733 p.extractu       x14, x14, 5, 5      x14=00000000 x14:00000002
39200825ns          669862 1c009e64 00d70463 beq              x14, x13, 8         x14:00000000 x13:0000001f
39200845ns          669863 1c009e68 01c7e703 p.elw            x14, 28(x15)        x14=00010000 x15:00204200  PA:0020421c
39201064ns          669874 1c009e6c 1c0017b7 lui              x15, 0x1c001000     x15=1c001000
39201323ns          669887 1c009e70 93c7a783 lw               x15, -1732(x15)     x15=1c0081c6 x15:1c001000  PA:1c00093c
39201661ns          669904 1c009e74 000780e7 jalr             x1, x15, 0           x1=1c009e76 x15:1c0081c6
39202317ns          669937 1c0081c6 f9010113 addi             x2, x2, -112         x2=10001788  x2:100017f8
39202357ns          669939 1c0081c8 06812423 sw               x8, 104(x2)          x8:00000000  x2:10001788  PA:100017f0
39202377ns          669940 1c0081ca f14027f3 csrrs            x15, x0, 0xf14      x15=00000002
39202814ns          669962 1c0081ce 1c000537 lui              x10, 0x1c000000     x10=1c000000
39202854ns          669964 1c0081d2 f457b433 p.bclr           x8, x15, 26, 5       x8=00000002 x15:00000002
39202874ns          669965 1c0081d6 4057d793 srai             x15, x15, 0x405     x15=00000000 x15:00000002
39202894ns          669966 1c0081d8 00800633 add              x12, x0, x8         x12=00000002  x8:00000002
39202914ns          669967 1c0081da f267b5b3 p.bclr           x11, x15, 25, 6     x11=00000000 x15:00000000
39203331ns          669988 1c0081de 01c50513 addi             x10, x10, 28        x10=1c00001c x10:1c000000
39203351ns          669989 1c0081e2 06112623 sw               x1, 108(x2)          x1:1c009e76  x2:10001788  PA:100017f4
39203371ns          669990 1c0081e4 06912223 sw               x9, 100(x2)          x9:00000000  x2:10001788  PA:100017ec
39203391ns          669991 1c0081e6 07212023 sw               x18, 96(x2)         x18:00000000  x2:10001788  PA:100017e8
39203411ns          669992 1c0081e8 05312e23 sw               x19, 92(x2)         x19:00000000  x2:10001788  PA:100017e4
39203431ns          669993 1c0081ea 05412c23 sw               x20, 88(x2)         x20:00000000  x2:10001788  PA:100017e0
39203451ns          669994 1c0081ec 05512a23 sw               x21, 84(x2)         x21:00000000  x2:10001788  PA:100017dc
39203470ns          669995 1c0081ee 05612823 sw               x22, 80(x2)         x22:00000000  x2:10001788  PA:100017d8
39203868ns          670015 1c0081f0 05712623 sw               x23, 76(x2)         x23:00000000  x2:10001788  PA:100017d4
39203888ns          670016 1c0081f2 05812423 sw               x24, 72(x2)         x24:00000000  x2:10001788  PA:100017d0
39203908ns          670017 1c0081f4 05912223 sw               x25, 68(x2)         x25:00000000  x2:10001788  PA:100017cc
39203928ns          670018 1c0081f6 05a12023 sw               x26, 64(x2)         x26:00000000  x2:10001788  PA:100017c8
39203948ns          670019 1c0081f8 03b12e23 sw               x27, 60(x2)         x27:00000000  x2:10001788  PA:100017c4
39203968ns          670020 1c0081fa 31f000ef jal              x1, 2846             x1=1c0081fe
39204843ns          670064 1c008d18 fc010113 addi             x2, x2, -64          x2=10001748  x2:10001788
39204883ns          670066 1c008d1a 02410313 addi             x6, x2, 36           x6=1000176c  x2:10001748
39204902ns          670067 1c008d1e 02c12423 sw               x12, 40(x2)         x12:00000002  x2:10001748  PA:10001770
39205320ns          670088 1c008d20 00a00633 add              x12, x0, x10        x12=1c00001c x10:1c00001c
39205360ns          670090 1c008d22 1c009537 lui              x10, 0x1c009000     x10=1c009000
39205380ns          670091 1c008d26 02b12223 sw               x11, 36(x2)         x11:00000000  x2:10001748  PA:1000176c
39205400ns          670092 1c008d28 02d12623 sw               x13, 44(x2)         x13:0000001f  x2:10001748  PA:10001774
39205419ns          670093 1c008d2a 00200593 addi             x11, x0, 2          x11=00000002
39205439ns          670094 1c008d2c 006006b3 add              x13, x0, x6         x13=1000176c  x6:1000176c
39205837ns          670114 1c008d2e cd450513 addi             x10, x10, -812      x10=1c008cd4 x10:1c009000
39205857ns          670115 1c008d32 00112e23 sw               x1, 28(x2)           x1:1c0081fe  x2:10001748  PA:10001764
39205877ns          670116 1c008d34 02e12823 sw               x14, 48(x2)         x14:00010000  x2:10001748  PA:10001778
39205897ns          670117 1c008d36 02f12a23 sw               x15, 52(x2)         x15:00000000  x2:10001748  PA:1000177c
39205917ns          670118 1c008d38 03012c23 sw               x16, 56(x2)         x16:00000000  x2:10001748  PA:10001780
39205937ns          670119 1c008d3a 03112e23 sw               x17, 60(x2)         x17:00000000  x2:10001748  PA:10001784
39205956ns          670120 1c008d3c 00612623 sw               x6, 12(x2)           x6:1000176c  x2:10001748  PA:10001754
39205976ns          670121 1c008d3e fbfff0ef jal              x1, -66              x1=1c008d40
39206812ns          670163 1c008cfc 04a0006f jal              x0, 74             
39206851ns          670165 1c008d46 ed010113 addi             x2, x2, -304         x2=10001618  x2:10001748
39206871ns          670166 1c008d48 12812423 sw               x8, 296(x2)          x8:00000002  x2:10001618  PA:10001740
39206891ns          670167 1c008d4c 00000413 addi             x8, x0, 0            x8=00000000
39207329ns          670189 1c008d4e 11612823 sw               x22, 272(x2)        x22:00000000  x2:10001618  PA:10001728
39207369ns          670191 1c008d52 11712623 sw               x23, 268(x2)        x23:00000000  x2:10001618  PA:10001724
39207388ns          670192 1c008d56 11812423 sw               x24, 264(x2)        x24:00000000  x2:10001618  PA:10001720
39207408ns          670193 1c008d5a 11912223 sw               x25, 260(x2)        x25:00000000  x2:10001618  PA:1000171c
39207866ns          670216 1c008d5e 11a12023 sw               x26, 256(x2)        x26:00000000  x2:10001618  PA:10001718
39207886ns          670217 1c008d62 0fb12e23 sw               x27, 252(x2)        x27:00000000  x2:10001618  PA:10001714
39207905ns          670218 1c008d64 12112623 sw               x1, 300(x2)          x1:1c008d40  x2:10001618  PA:10001744
39207925ns          670219 1c008d68 00800db3 add              x27, x0, x8         x27=00000000  x8:00000000
39207945ns          670220 1c008d6a 12912223 sw               x9, 292(x2)          x9:00000000  x2:10001618  PA:1000173c
39208383ns          670242 1c008d6e 13212023 sw               x18, 288(x2)        x18:00000000  x2:10001618  PA:10001738
39208423ns          670244 1c008d72 11312e23 sw               x19, 284(x2)        x19:00000000  x2:10001618  PA:10001734
39208442ns          670245 1c008d76 11412c23 sw               x20, 280(x2)        x20:00000000  x2:10001618  PA:10001730
39208462ns          670246 1c008d7a 11512a23 sw               x21, 276(x2)        x21:00000000  x2:10001618  PA:1000172c
39208482ns          670247 1c008d7e 00a00b33 add              x22, x0, x10        x22=1c008cd4 x10:1c008cd4
39208900ns          670268 1c008d80 00b00d33 add              x26, x0, x11        x26=00000002 x11:00000002
39208920ns          670269 1c008d82 00d00c33 add              x24, x0, x13        x24=1000176c x13:1000176c
39208940ns          670270 1c008d84 1c000bb7 lui              x23, 0x1c000000     x23=1c000000
39208960ns          670271 1c008d88 02410c93 addi             x25, x2, 36         x25=1000163c  x2:10001618
39208979ns          670272 1c008d8c 00c00433 add              x8, x0, x12          x8=1c00001c x12:1c00001c
39209417ns          670294 1c008d8e 00044503 lbu              x10, 0(x8)          x10=00000045  x8:1c00001c  PA:1c00001c
39209715ns          670309 1c008d92 00140413 addi             x8, x8, 1            x8=1c00001d  x8:1c00001c
39209735ns          670310 1c008d94 00050e63 beq              x10, x0, 28         x10:00000045
39209755ns          670311 1c008d96 02500793 addi             x15, x0, 37         x15=00000025
39209775ns          670312 1c008d9a 04f50863 beq              x10, x15, 80        x10:00000045 x15:00000025
39209795ns          670313 1c008d9e 01a005b3 add              x11, x0, x26        x11=00000002 x26:00000002
39209954ns          670321 1c008da0 000b00e7 jalr             x1, x22, 0           x1=1c008da2 x22:1c008cd4
39210431ns          670345 1c008cd4 000026b7 lui              x13, 0x2000         x13=00002000
39210471ns          670347 1c008cd6 f14027f3 csrrs            x15, x0, 0xf14      x15=00000002
39210491ns          670348 1c008cda f8068693 addi             x13, x13, -128      x13=00001f80 x13:00002000
39210928ns          670370 1c008cde 00379713 slli             x14, x15, 0x3       x14=00000010 x15:00000002
39210948ns          670371 1c008ce2 00279793 slli             x15, x15, 0x2       x15=00000008 x15:00000002
39210968ns          670372 1c008ce4 00d7f7b3 and              x15, x15, x13       x15=00000000 x15:00000008 x13:00001f80
39210988ns          670373 1c008ce6 ee873733 p.bclr           x14, x14, 23, 8     x14=00000010 x14:00000010
39211008ns          670374 1c008cea 1a10f6b7 lui              x13, 0x1a10f000     x13=1a10f000
39211028ns          670375 1c008cee 0ff57513 andi             x10, x10, 255       x10=00000045 x10:00000045
39211048ns          670376 1c008cf2 00d70733 add              x14, x14, x13       x14=1a10f010 x14:00000010 x13:1a10f000
39211068ns          670377 1c008cf4 00a7e723 p.sw             x10, x0(x15)        x10:00000045 x15:00000000  PA:1a10f010
39211465ns          670397 1c008cf8 00000513 addi             x10, x0, 0          x10=00000000
39211485ns          670398 1c008cfa 00008067 jalr             x0, x1, 0            x1:1c008da2
39211585ns          670403 1c008da2 31f52563 p.beqimm         x10, 778            x10:00000000
39211605ns          670404 1c008da6 001d8d93 addi             x27, x27, 1         x27=00000001 x27:00000000
39211625ns          670405 1c008da8 00044503 lbu              x10, 0(x8)          x10=0000006e  x8:1c00001d  PA:1c00001d
39212022ns          670425 1c008dac 00140413 addi             x8, x8, 1            x8=1c00001e  x8:1c00001d
39212042ns          670426 1c008dae fe0514e3 bne              x10, x0, -24        x10:0000006e
39212122ns          670430 1c008d96 02500793 addi             x15, x0, 37         x15=00000025
39212142ns          670431 1c008d9a 04f50863 beq              x10, x15, 80        x10:0000006e x15:00000025
39212162ns          670432 1c008d9e 01a005b3 add              x11, x0, x26        x11=00000002 x26:00000002
39212181ns          670433 1c008da0 000b00e7 jalr             x1, x22, 0           x1=1c008da2 x22:1c008cd4
39212221ns          670435 1c008cd4 000026b7 lui              x13, 0x2000         x13=00002000
39212241ns          670436 1c008cd6 f14027f3 csrrs            x15, x0, 0xf14      x15=00000002
39212261ns          670437 1c008cda f8068693 addi             x13, x13, -128      x13=00001f80 x13:00002000
39212281ns          670438 1c008cde 00379713 slli             x14, x15, 0x3       x14=00000010 x15:00000002
39212301ns          670439 1c008ce2 00279793 slli             x15, x15, 0x2       x15=00000008 x15:00000002
39212321ns          670440 1c008ce4 00d7f7b3 and              x15, x15, x13       x15=00000000 x15:00000008 x13:00001f80
39212341ns          670441 1c008ce6 ee873733 p.bclr           x14, x14, 23, 8     x14=00000010 x14:00000010
39212360ns          670442 1c008cea 1a10f6b7 lui              x13, 0x1a10f000     x13=1a10f000
39212380ns          670443 1c008cee 0ff57513 andi             x10, x10, 255       x10=0000006e x10:0000006e
39212400ns          670444 1c008cf2 00d70733 add              x14, x14, x13       x14=1a10f010 x14:00000010 x13:1a10f000
39212420ns          670445 1c008cf4 00a7e723 p.sw             x10, x0(x15)        x10:0000006e x15:00000000  PA:1a10f010
39212877ns          670468 1c008cf8 00000513 addi             x10, x0, 0          x10=00000000
39212897ns          670469 1c008cfa 00008067 jalr             x0, x1, 0            x1:1c008da2
39212957ns          670472 1c008da2 31f52563 p.beqimm         x10, 778            x10:00000000
39212977ns          670473 1c008da6 001d8d93 addi             x27, x27, 1         x27=00000002 x27:00000001
39212997ns          670474 1c008da8 00044503 lbu              x10, 0(x8)          x10=00000074  x8:1c00001e  PA:1c00001e
39213295ns          670489 1c008dac 00140413 addi             x8, x8, 1            x8=1c00001f  x8:1c00001e
39213315ns          670490 1c008dae fe0514e3 bne              x10, x0, -24        x10:00000074
39213395ns          670494 1c008d96 02500793 addi             x15, x0, 37         x15=00000025
39213414ns          670495 1c008d9a 04f50863 beq              x10, x15, 80        x10:00000074 x15:00000025
39213434ns          670496 1c008d9e 01a005b3 add              x11, x0, x26        x11=00000002 x26:00000002
39213454ns          670497 1c008da0 000b00e7 jalr             x1, x22, 0           x1=1c008da2 x22:1c008cd4
39213494ns          670499 1c008cd4 000026b7 lui              x13, 0x2000         x13=00002000
39213514ns          670500 1c008cd6 f14027f3 csrrs            x15, x0, 0xf14      x15=00000002
39213534ns          670501 1c008cda f8068693 addi             x13, x13, -128      x13=00001f80 x13:00002000
39213554ns          670502 1c008cde 00379713 slli             x14, x15, 0x3       x14=00000010 x15:00000002
39213574ns          670503 1c008ce2 00279793 slli             x15, x15, 0x2       x15=00000008 x15:00000002
39213593ns          670504 1c008ce4 00d7f7b3 and              x15, x15, x13       x15=00000000 x15:00000008 x13:00001f80
39213613ns          670505 1c008ce6 ee873733 p.bclr           x14, x14, 23, 8     x14=00000010 x14:00000010
39213633ns          670506 1c008cea 1a10f6b7 lui              x13, 0x1a10f000     x13=1a10f000
39213653ns          670507 1c008cee 0ff57513 andi             x10, x10, 255       x10=00000074 x10:00000074
39213673ns          670508 1c008cf2 00d70733 add              x14, x14, x13       x14=1a10f010 x14:00000010 x13:1a10f000
39213693ns          670509 1c008cf4 00a7e723 p.sw             x10, x0(x15)        x10:00000074 x15:00000000  PA:1a10f010
39214011ns          670525 1c008cf8 00000513 addi             x10, x0, 0          x10=00000000
39214031ns          670526 1c008cfa 00008067 jalr             x0, x1, 0            x1:1c008da2
39214091ns          670529 1c008da2 31f52563 p.beqimm         x10, 778            x10:00000000
39214111ns          670530 1c008da6 001d8d93 addi             x27, x27, 1         x27=00000003 x27:00000002
39214130ns          670531 1c008da8 00044503 lbu              x10, 0(x8)          x10=00000065  x8:1c00001f  PA:1c00001f
39214429ns          670546 1c008dac 00140413 addi             x8, x8, 1            x8=1c000020  x8:1c00001f
39214449ns          670547 1c008dae fe0514e3 bne              x10, x0, -24        x10:00000065
39214528ns          670551 1c008d96 02500793 addi             x15, x0, 37         x15=00000025
39214548ns          670552 1c008d9a 04f50863 beq              x10, x15, 80        x10:00000065 x15:00000025
39214568ns          670553 1c008d9e 01a005b3 add              x11, x0, x26        x11=00000002 x26:00000002
39214588ns          670554 1c008da0 000b00e7 jalr             x1, x22, 0           x1=1c008da2 x22:1c008cd4
39214628ns          670556 1c008cd4 000026b7 lui              x13, 0x2000         x13=00002000
39214648ns          670557 1c008cd6 f14027f3 csrrs            x15, x0, 0xf14      x15=00000002
39214667ns          670558 1c008cda f8068693 addi             x13, x13, -128      x13=00001f80 x13:00002000
39214687ns          670559 1c008cde 00379713 slli             x14, x15, 0x3       x14=00000010 x15:00000002
39214707ns          670560 1c008ce2 00279793 slli             x15, x15, 0x2       x15=00000008 x15:00000002
39214727ns          670561 1c008ce4 00d7f7b3 and              x15, x15, x13       x15=00000000 x15:00000008 x13:00001f80
39214747ns          670562 1c008ce6 ee873733 p.bclr           x14, x14, 23, 8     x14=00000010 x14:00000010
39214767ns          670563 1c008cea 1a10f6b7 lui              x13, 0x1a10f000     x13=1a10f000
39214787ns          670564 1c008cee 0ff57513 andi             x10, x10, 255       x10=00000065 x10:00000065
39214807ns          670565 1c008cf2 00d70733 add              x14, x14, x13       x14=1a10f010 x14:00000010 x13:1a10f000
39214827ns          670566 1c008cf4 00a7e723 p.sw             x10, x0(x15)        x10:00000065 x15:00000000  PA:1a10f010
39215165ns          670583 1c008cf8 00000513 addi             x10, x0, 0          x10=00000000
39215184ns          670584 1c008cfa 00008067 jalr             x0, x1, 0            x1:1c008da2
39215244ns          670587 1c008da2 31f52563 p.beqimm         x10, 778            x10:00000000
39215264ns          670588 1c008da6 001d8d93 addi             x27, x27, 1         x27=00000004 x27:00000003
39215284ns          670589 1c008da8 00044503 lbu              x10, 0(x8)          x10=00000072  x8:1c000020  PA:1c000020
39215602ns          670605 1c008dac 00140413 addi             x8, x8, 1            x8=1c000021  x8:1c000020
39215622ns          670606 1c008dae fe0514e3 bne              x10, x0, -24        x10:00000072
39215702ns          670610 1c008d96 02500793 addi             x15, x0, 37         x15=00000025
39215721ns          670611 1c008d9a 04f50863 beq              x10, x15, 80        x10:00000072 x15:00000025
39215741ns          670612 1c008d9e 01a005b3 add              x11, x0, x26        x11=00000002 x26:00000002
39215761ns          670613 1c008da0 000b00e7 jalr             x1, x22, 0           x1=1c008da2 x22:1c008cd4
39215801ns          670615 1c008cd4 000026b7 lui              x13, 0x2000         x13=00002000
39215821ns          670616 1c008cd6 f14027f3 csrrs            x15, x0, 0xf14      x15=00000002
39215841ns          670617 1c008cda f8068693 addi             x13, x13, -128      x13=00001f80 x13:00002000
39215861ns          670618 1c008cde 00379713 slli             x14, x15, 0x3       x14=00000010 x15:00000002
39215881ns          670619 1c008ce2 00279793 slli             x15, x15, 0x2       x15=00000008 x15:00000002
39215900ns          670620 1c008ce4 00d7f7b3 and              x15, x15, x13       x15=00000000 x15:00000008 x13:00001f80
39215920ns          670621 1c008ce6 ee873733 p.bclr           x14, x14, 23, 8     x14=00000010 x14:00000010
39215940ns          670622 1c008cea 1a10f6b7 lui              x13, 0x1a10f000     x13=1a10f000
39215960ns          670623 1c008cee 0ff57513 andi             x10, x10, 255       x10=00000072 x10:00000072
39215980ns          670624 1c008cf2 00d70733 add              x14, x14, x13       x14=1a10f010 x14:00000010 x13:1a10f000
39216000ns          670625 1c008cf4 00a7e723 p.sw             x10, x0(x15)        x10:00000072 x15:00000000  PA:1a10f010
39216338ns          670642 1c008cf8 00000513 addi             x10, x0, 0          x10=00000000
39216358ns          670643 1c008cfa 00008067 jalr             x0, x1, 0            x1:1c008da2
39216418ns          670646 1c008da2 31f52563 p.beqimm         x10, 778            x10:00000000
39216437ns          670647 1c008da6 001d8d93 addi             x27, x27, 1         x27=00000005 x27:00000004
39216457ns          670648 1c008da8 00044503 lbu              x10, 0(x8)          x10=00000065  x8:1c000021  PA:1c000021
39216756ns          670663 1c008dac 00140413 addi             x8, x8, 1            x8=1c000022  x8:1c000021
39216776ns          670664 1c008dae fe0514e3 bne              x10, x0, -24        x10:00000065
39216855ns          670668 1c008d96 02500793 addi             x15, x0, 37         x15=00000025
39216875ns          670669 1c008d9a 04f50863 beq              x10, x15, 80        x10:00000065 x15:00000025
39216895ns          670670 1c008d9e 01a005b3 add              x11, x0, x26        x11=00000002 x26:00000002
39216915ns          670671 1c008da0 000b00e7 jalr             x1, x22, 0           x1=1c008da2 x22:1c008cd4
39216955ns          670673 1c008cd4 000026b7 lui              x13, 0x2000         x13=00002000
39216974ns          670674 1c008cd6 f14027f3 csrrs            x15, x0, 0xf14      x15=00000002
39216994ns          670675 1c008cda f8068693 addi             x13, x13, -128      x13=00001f80 x13:00002000
39217014ns          670676 1c008cde 00379713 slli             x14, x15, 0x3       x14=00000010 x15:00000002
39217034ns          670677 1c008ce2 00279793 slli             x15, x15, 0x2       x15=00000008 x15:00000002
39217054ns          670678 1c008ce4 00d7f7b3 and              x15, x15, x13       x15=00000000 x15:00000008 x13:00001f80
39217074ns          670679 1c008ce6 ee873733 p.bclr           x14, x14, 23, 8     x14=00000010 x14:00000010
39217094ns          670680 1c008cea 1a10f6b7 lui              x13, 0x1a10f000     x13=1a10f000
39217114ns          670681 1c008cee 0ff57513 andi             x10, x10, 255       x10=00000065 x10:00000065
39217134ns          670682 1c008cf2 00d70733 add              x14, x14, x13       x14=1a10f010 x14:00000010 x13:1a10f000
39217153ns          670683 1c008cf4 00a7e723 p.sw             x10, x0(x15)        x10:00000065 x15:00000000  PA:1a10f010
39217472ns          670699 1c008cf8 00000513 addi             x10, x0, 0          x10=00000000
39217492ns          670700 1c008cfa 00008067 jalr             x0, x1, 0            x1:1c008da2
39217551ns          670703 1c008da2 31f52563 p.beqimm         x10, 778            x10:00000000
39217571ns          670704 1c008da6 001d8d93 addi             x27, x27, 1         x27=00000006 x27:00000005
39217591ns          670705 1c008da8 00044503 lbu              x10, 0(x8)          x10=00000064  x8:1c000022  PA:1c000022
39217909ns          670721 1c008dac 00140413 addi             x8, x8, 1            x8=1c000023  x8:1c000022
39217929ns          670722 1c008dae fe0514e3 bne              x10, x0, -24        x10:00000064
39218009ns          670726 1c008d96 02500793 addi             x15, x0, 37         x15=00000025
39218028ns          670727 1c008d9a 04f50863 beq              x10, x15, 80        x10:00000064 x15:00000025
39218048ns          670728 1c008d9e 01a005b3 add              x11, x0, x26        x11=00000002 x26:00000002
39218068ns          670729 1c008da0 000b00e7 jalr             x1, x22, 0           x1=1c008da2 x22:1c008cd4
39218108ns          670731 1c008cd4 000026b7 lui              x13, 0x2000         x13=00002000
39218128ns          670732 1c008cd6 f14027f3 csrrs            x15, x0, 0xf14      x15=00000002
39218148ns          670733 1c008cda f8068693 addi             x13, x13, -128      x13=00001f80 x13:00002000
39218168ns          670734 1c008cde 00379713 slli             x14, x15, 0x3       x14=00000010 x15:00000002
39218188ns          670735 1c008ce2 00279793 slli             x15, x15, 0x2       x15=00000008 x15:00000002
39218207ns          670736 1c008ce4 00d7f7b3 and              x15, x15, x13       x15=00000000 x15:00000008 x13:00001f80
39218227ns          670737 1c008ce6 ee873733 p.bclr           x14, x14, 23, 8     x14=00000010 x14:00000010
39218247ns          670738 1c008cea 1a10f6b7 lui              x13, 0x1a10f000     x13=1a10f000
39218267ns          670739 1c008cee 0ff57513 andi             x10, x10, 255       x10=00000064 x10:00000064
39218287ns          670740 1c008cf2 00d70733 add              x14, x14, x13       x14=1a10f010 x14:00000010 x13:1a10f000
39218307ns          670741 1c008cf4 00a7e723 p.sw             x10, x0(x15)        x10:00000064 x15:00000000  PA:1a10f010
39218625ns          670757 1c008cf8 00000513 addi             x10, x0, 0          x10=00000000
39218645ns          670758 1c008cfa 00008067 jalr             x0, x1, 0            x1:1c008da2
39218705ns          670761 1c008da2 31f52563 p.beqimm         x10, 778            x10:00000000
39218725ns          670762 1c008da6 001d8d93 addi             x27, x27, 1         x27=00000007 x27:00000006
39218744ns          670763 1c008da8 00044503 lbu              x10, 0(x8)          x10=00000020  x8:1c000023  PA:1c000023
39219083ns          670780 1c008dac 00140413 addi             x8, x8, 1            x8=1c000024  x8:1c000023
39219102ns          670781 1c008dae fe0514e3 bne              x10, x0, -24        x10:00000020
39219182ns          670785 1c008d96 02500793 addi             x15, x0, 37         x15=00000025
39219202ns          670786 1c008d9a 04f50863 beq              x10, x15, 80        x10:00000020 x15:00000025
39219222ns          670787 1c008d9e 01a005b3 add              x11, x0, x26        x11=00000002 x26:00000002
39219242ns          670788 1c008da0 000b00e7 jalr             x1, x22, 0           x1=1c008da2 x22:1c008cd4
39219281ns          670790 1c008cd4 000026b7 lui              x13, 0x2000         x13=00002000
39219301ns          670791 1c008cd6 f14027f3 csrrs            x15, x0, 0xf14      x15=00000002
39219321ns          670792 1c008cda f8068693 addi             x13, x13, -128      x13=00001f80 x13:00002000
39219341ns          670793 1c008cde 00379713 slli             x14, x15, 0x3       x14=00000010 x15:00000002
39219361ns          670794 1c008ce2 00279793 slli             x15, x15, 0x2       x15=00000008 x15:00000002
39219381ns          670795 1c008ce4 00d7f7b3 and              x15, x15, x13       x15=00000000 x15:00000008 x13:00001f80
39219401ns          670796 1c008ce6 ee873733 p.bclr           x14, x14, 23, 8     x14=00000010 x14:00000010
39219421ns          670797 1c008cea 1a10f6b7 lui              x13, 0x1a10f000     x13=1a10f000
39219441ns          670798 1c008cee 0ff57513 andi             x10, x10, 255       x10=00000020 x10:00000020
39219460ns          670799 1c008cf2 00d70733 add              x14, x14, x13       x14=1a10f010 x14:00000010 x13:1a10f000
39219480ns          670800 1c008cf4 00a7e723 p.sw             x10, x0(x15)        x10:00000020 x15:00000000  PA:1a10f010
39219799ns          670816 1c008cf8 00000513 addi             x10, x0, 0          x10=00000000
39219818ns          670817 1c008cfa 00008067 jalr             x0, x1, 0            x1:1c008da2
39219878ns          670820 1c008da2 31f52563 p.beqimm         x10, 778            x10:00000000
39219898ns          670821 1c008da6 001d8d93 addi             x27, x27, 1         x27=00000008 x27:00000007
39219918ns          670822 1c008da8 00044503 lbu              x10, 0(x8)          x10=00000063  x8:1c000024  PA:1c000024
39220216ns          670837 1c008dac 00140413 addi             x8, x8, 1            x8=1c000025  x8:1c000024
39220236ns          670838 1c008dae fe0514e3 bne              x10, x0, -24        x10:00000063
39220316ns          670842 1c008d96 02500793 addi             x15, x0, 37         x15=00000025
39220335ns          670843 1c008d9a 04f50863 beq              x10, x15, 80        x10:00000063 x15:00000025
39220355ns          670844 1c008d9e 01a005b3 add              x11, x0, x26        x11=00000002 x26:00000002
39220375ns          670845 1c008da0 000b00e7 jalr             x1, x22, 0           x1=1c008da2 x22:1c008cd4
39220415ns          670847 1c008cd4 000026b7 lui              x13, 0x2000         x13=00002000
39220435ns          670848 1c008cd6 f14027f3 csrrs            x15, x0, 0xf14      x15=00000002
39220455ns          670849 1c008cda f8068693 addi             x13, x13, -128      x13=00001f80 x13:00002000
39220475ns          670850 1c008cde 00379713 slli             x14, x15, 0x3       x14=00000010 x15:00000002
39220495ns          670851 1c008ce2 00279793 slli             x15, x15, 0x2       x15=00000008 x15:00000002
39220514ns          670852 1c008ce4 00d7f7b3 and              x15, x15, x13       x15=00000000 x15:00000008 x13:00001f80
39220534ns          670853 1c008ce6 ee873733 p.bclr           x14, x14, 23, 8     x14=00000010 x14:00000010
39220554ns          670854 1c008cea 1a10f6b7 lui              x13, 0x1a10f000     x13=1a10f000
39220574ns          670855 1c008cee 0ff57513 andi             x10, x10, 255       x10=00000063 x10:00000063
39220594ns          670856 1c008cf2 00d70733 add              x14, x14, x13       x14=1a10f010 x14:00000010 x13:1a10f000
39220614ns          670857 1c008cf4 00a7e723 p.sw             x10, x0(x15)        x10:00000063 x15:00000000  PA:1a10f010
39220932ns          670873 1c008cf8 00000513 addi             x10, x0, 0          x10=00000000
39220952ns          670874 1c008cfa 00008067 jalr             x0, x1, 0            x1:1c008da2
39221012ns          670877 1c008da2 31f52563 p.beqimm         x10, 778            x10:00000000
39221032ns          670878 1c008da6 001d8d93 addi             x27, x27, 1         x27=00000009 x27:00000008
39221051ns          670879 1c008da8 00044503 lbu              x10, 0(x8)          x10=0000006c  x8:1c000025  PA:1c000025
39221350ns          670894 1c008dac 00140413 addi             x8, x8, 1            x8=1c000026  x8:1c000025
39221370ns          670895 1c008dae fe0514e3 bne              x10, x0, -24        x10:0000006c
39221449ns          670899 1c008d96 02500793 addi             x15, x0, 37         x15=00000025
39221469ns          670900 1c008d9a 04f50863 beq              x10, x15, 80        x10:0000006c x15:00000025
39221489ns          670901 1c008d9e 01a005b3 add              x11, x0, x26        x11=00000002 x26:00000002
39221509ns          670902 1c008da0 000b00e7 jalr             x1, x22, 0           x1=1c008da2 x22:1c008cd4
39221549ns          670904 1c008cd4 000026b7 lui              x13, 0x2000         x13=00002000
39221569ns          670905 1c008cd6 f14027f3 csrrs            x15, x0, 0xf14      x15=00000002
39221588ns          670906 1c008cda f8068693 addi             x13, x13, -128      x13=00001f80 x13:00002000
39221608ns          670907 1c008cde 00379713 slli             x14, x15, 0x3       x14=00000010 x15:00000002
39221628ns          670908 1c008ce2 00279793 slli             x15, x15, 0x2       x15=00000008 x15:00000002
39221648ns          670909 1c008ce4 00d7f7b3 and              x15, x15, x13       x15=00000000 x15:00000008 x13:00001f80
39221668ns          670910 1c008ce6 ee873733 p.bclr           x14, x14, 23, 8     x14=00000010 x14:00000010
39221688ns          670911 1c008cea 1a10f6b7 lui              x13, 0x1a10f000     x13=1a10f000
39221708ns          670912 1c008cee 0ff57513 andi             x10, x10, 255       x10=0000006c x10:0000006c
39221728ns          670913 1c008cf2 00d70733 add              x14, x14, x13       x14=1a10f010 x14:00000010 x13:1a10f000
39221748ns          670914 1c008cf4 00a7e723 p.sw             x10, x0(x15)        x10:0000006c x15:00000000  PA:1a10f010
39222066ns          670930 1c008cf8 00000513 addi             x10, x0, 0          x10=00000000
39222086ns          670931 1c008cfa 00008067 jalr             x0, x1, 0            x1:1c008da2
39222145ns          670934 1c008da2 31f52563 p.beqimm         x10, 778            x10:00000000
39222165ns          670935 1c008da6 001d8d93 addi             x27, x27, 1         x27=0000000a x27:00000009
39222185ns          670936 1c008da8 00044503 lbu              x10, 0(x8)          x10=00000075  x8:1c000026  PA:1c000026
39222483ns          670951 1c008dac 00140413 addi             x8, x8, 1            x8=1c000027  x8:1c000026
39222503ns          670952 1c008dae fe0514e3 bne              x10, x0, -24        x10:00000075
39222583ns          670956 1c008d96 02500793 addi             x15, x0, 37         x15=00000025
39222603ns          670957 1c008d9a 04f50863 beq              x10, x15, 80        x10:00000075 x15:00000025
39222623ns          670958 1c008d9e 01a005b3 add              x11, x0, x26        x11=00000002 x26:00000002
39222642ns          670959 1c008da0 000b00e7 jalr             x1, x22, 0           x1=1c008da2 x22:1c008cd4
39222682ns          670961 1c008cd4 000026b7 lui              x13, 0x2000         x13=00002000
39222702ns          670962 1c008cd6 f14027f3 csrrs            x15, x0, 0xf14      x15=00000002
39222722ns          670963 1c008cda f8068693 addi             x13, x13, -128      x13=00001f80 x13:00002000
39222742ns          670964 1c008cde 00379713 slli             x14, x15, 0x3       x14=00000010 x15:00000002
39222762ns          670965 1c008ce2 00279793 slli             x15, x15, 0x2       x15=00000008 x15:00000002
39222782ns          670966 1c008ce4 00d7f7b3 and              x15, x15, x13       x15=00000000 x15:00000008 x13:00001f80
39222802ns          670967 1c008ce6 ee873733 p.bclr           x14, x14, 23, 8     x14=00000010 x14:00000010
39222821ns          670968 1c008cea 1a10f6b7 lui              x13, 0x1a10f000     x13=1a10f000
39222841ns          670969 1c008cee 0ff57513 andi             x10, x10, 255       x10=00000075 x10:00000075
39222861ns          670970 1c008cf2 00d70733 add              x14, x14, x13       x14=1a10f010 x14:00000010 x13:1a10f000
39222881ns          670971 1c008cf4 00a7e723 p.sw             x10, x0(x15)        x10:00000075 x15:00000000  PA:1a10f010
39223219ns          670988 1c008cf8 00000513 addi             x10, x0, 0          x10=00000000
39223239ns          670989 1c008cfa 00008067 jalr             x0, x1, 0            x1:1c008da2
39223299ns          670992 1c008da2 31f52563 p.beqimm         x10, 778            x10:00000000
39223319ns          670993 1c008da6 001d8d93 addi             x27, x27, 1         x27=0000000b x27:0000000a
39223339ns          670994 1c008da8 00044503 lbu              x10, 0(x8)          x10=00000073  x8:1c000027  PA:1c000027
39223637ns          671009 1c008dac 00140413 addi             x8, x8, 1            x8=1c000028  x8:1c000027
39223657ns          671010 1c008dae fe0514e3 bne              x10, x0, -24        x10:00000073
39223736ns          671014 1c008d96 02500793 addi             x15, x0, 37         x15=00000025
39223756ns          671015 1c008d9a 04f50863 beq              x10, x15, 80        x10:00000073 x15:00000025
39223776ns          671016 1c008d9e 01a005b3 add              x11, x0, x26        x11=00000002 x26:00000002
39223796ns          671017 1c008da0 000b00e7 jalr             x1, x22, 0           x1=1c008da2 x22:1c008cd4
39223836ns          671019 1c008cd4 000026b7 lui              x13, 0x2000         x13=00002000
39223856ns          671020 1c008cd6 f14027f3 csrrs            x15, x0, 0xf14      x15=00000002
39223876ns          671021 1c008cda f8068693 addi             x13, x13, -128      x13=00001f80 x13:00002000
39223895ns          671022 1c008cde 00379713 slli             x14, x15, 0x3       x14=00000010 x15:00000002
39223915ns          671023 1c008ce2 00279793 slli             x15, x15, 0x2       x15=00000008 x15:00000002
39223935ns          671024 1c008ce4 00d7f7b3 and              x15, x15, x13       x15=00000000 x15:00000008 x13:00001f80
39223955ns          671025 1c008ce6 ee873733 p.bclr           x14, x14, 23, 8     x14=00000010 x14:00000010
39223975ns          671026 1c008cea 1a10f6b7 lui              x13, 0x1a10f000     x13=1a10f000
39223995ns          671027 1c008cee 0ff57513 andi             x10, x10, 255       x10=00000073 x10:00000073
39224015ns          671028 1c008cf2 00d70733 add              x14, x14, x13       x14=1a10f010 x14:00000010 x13:1a10f000
39224035ns          671029 1c008cf4 00a7e723 p.sw             x10, x0(x15)        x10:00000073 x15:00000000  PA:1a10f010
39224373ns          671046 1c008cf8 00000513 addi             x10, x0, 0          x10=00000000
39224393ns          671047 1c008cfa 00008067 jalr             x0, x1, 0            x1:1c008da2
39224452ns          671050 1c008da2 31f52563 p.beqimm         x10, 778            x10:00000000
39224472ns          671051 1c008da6 001d8d93 addi             x27, x27, 1         x27=0000000c x27:0000000b
39224492ns          671052 1c008da8 00044503 lbu              x10, 0(x8)          x10=00000074  x8:1c000028  PA:1c000028
39224830ns          671069 1c008dac 00140413 addi             x8, x8, 1            x8=1c000029  x8:1c000028
39224850ns          671070 1c008dae fe0514e3 bne              x10, x0, -24        x10:00000074
39224930ns          671074 1c008d96 02500793 addi             x15, x0, 37         x15=00000025
39224950ns          671075 1c008d9a 04f50863 beq              x10, x15, 80        x10:00000074 x15:00000025
39224969ns          671076 1c008d9e 01a005b3 add              x11, x0, x26        x11=00000002 x26:00000002
39224989ns          671077 1c008da0 000b00e7 jalr             x1, x22, 0           x1=1c008da2 x22:1c008cd4
39225029ns          671079 1c008cd4 000026b7 lui              x13, 0x2000         x13=00002000
39225049ns          671080 1c008cd6 f14027f3 csrrs            x15, x0, 0xf14      x15=00000002
39225069ns          671081 1c008cda f8068693 addi             x13, x13, -128      x13=00001f80 x13:00002000
39225089ns          671082 1c008cde 00379713 slli             x14, x15, 0x3       x14=00000010 x15:00000002
39225109ns          671083 1c008ce2 00279793 slli             x15, x15, 0x2       x15=00000008 x15:00000002
39225128ns          671084 1c008ce4 00d7f7b3 and              x15, x15, x13       x15=00000000 x15:00000008 x13:00001f80
39225148ns          671085 1c008ce6 ee873733 p.bclr           x14, x14, 23, 8     x14=00000010 x14:00000010
39225168ns          671086 1c008cea 1a10f6b7 lui              x13, 0x1a10f000     x13=1a10f000
39225188ns          671087 1c008cee 0ff57513 andi             x10, x10, 255       x10=00000074 x10:00000074
39225208ns          671088 1c008cf2 00d70733 add              x14, x14, x13       x14=1a10f010 x14:00000010 x13:1a10f000
39225228ns          671089 1c008cf4 00a7e723 p.sw             x10, x0(x15)        x10:00000074 x15:00000000  PA:1a10f010
39225546ns          671105 1c008cf8 00000513 addi             x10, x0, 0          x10=00000000
39225566ns          671106 1c008cfa 00008067 jalr             x0, x1, 0            x1:1c008da2
39225626ns          671109 1c008da2 31f52563 p.beqimm         x10, 778            x10:00000000
39225646ns          671110 1c008da6 001d8d93 addi             x27, x27, 1         x27=0000000d x27:0000000c
39225665ns          671111 1c008da8 00044503 lbu              x10, 0(x8)          x10=00000065  x8:1c000029  PA:1c000029
39226004ns          671128 1c008dac 00140413 addi             x8, x8, 1            x8=1c00002a  x8:1c000029
39226023ns          671129 1c008dae fe0514e3 bne              x10, x0, -24        x10:00000065
39226103ns          671133 1c008d96 02500793 addi             x15, x0, 37         x15=00000025
39226123ns          671134 1c008d9a 04f50863 beq              x10, x15, 80        x10:00000065 x15:00000025
39226143ns          671135 1c008d9e 01a005b3 add              x11, x0, x26        x11=00000002 x26:00000002
39226163ns          671136 1c008da0 000b00e7 jalr             x1, x22, 0           x1=1c008da2 x22:1c008cd4
39226202ns          671138 1c008cd4 000026b7 lui              x13, 0x2000         x13=00002000
39226222ns          671139 1c008cd6 f14027f3 csrrs            x15, x0, 0xf14      x15=00000002
39226242ns          671140 1c008cda f8068693 addi             x13, x13, -128      x13=00001f80 x13:00002000
39226262ns          671141 1c008cde 00379713 slli             x14, x15, 0x3       x14=00000010 x15:00000002
39226282ns          671142 1c008ce2 00279793 slli             x15, x15, 0x2       x15=00000008 x15:00000002
39226302ns          671143 1c008ce4 00d7f7b3 and              x15, x15, x13       x15=00000000 x15:00000008 x13:00001f80
39226322ns          671144 1c008ce6 ee873733 p.bclr           x14, x14, 23, 8     x14=00000010 x14:00000010
39226342ns          671145 1c008cea 1a10f6b7 lui              x13, 0x1a10f000     x13=1a10f000
39226362ns          671146 1c008cee 0ff57513 andi             x10, x10, 255       x10=00000065 x10:00000065
39226381ns          671147 1c008cf2 00d70733 add              x14, x14, x13       x14=1a10f010 x14:00000010 x13:1a10f000
39226401ns          671148 1c008cf4 00a7e723 p.sw             x10, x0(x15)        x10:00000065 x15:00000000  PA:1a10f010
39226720ns          671164 1c008cf8 00000513 addi             x10, x0, 0          x10=00000000
39226739ns          671165 1c008cfa 00008067 jalr             x0, x1, 0            x1:1c008da2
39226799ns          671168 1c008da2 31f52563 p.beqimm         x10, 778            x10:00000000
39226819ns          671169 1c008da6 001d8d93 addi             x27, x27, 1         x27=0000000e x27:0000000d
39226839ns          671170 1c008da8 00044503 lbu              x10, 0(x8)          x10=00000072  x8:1c00002a  PA:1c00002a
39227157ns          671186 1c008dac 00140413 addi             x8, x8, 1            x8=1c00002b  x8:1c00002a
39227177ns          671187 1c008dae fe0514e3 bne              x10, x0, -24        x10:00000072
39227257ns          671191 1c008d96 02500793 addi             x15, x0, 37         x15=00000025
39227276ns          671192 1c008d9a 04f50863 beq              x10, x15, 80        x10:00000072 x15:00000025
39227296ns          671193 1c008d9e 01a005b3 add              x11, x0, x26        x11=00000002 x26:00000002
39227316ns          671194 1c008da0 000b00e7 jalr             x1, x22, 0           x1=1c008da2 x22:1c008cd4
39227356ns          671196 1c008cd4 000026b7 lui              x13, 0x2000         x13=00002000
39227376ns          671197 1c008cd6 f14027f3 csrrs            x15, x0, 0xf14      x15=00000002
39227396ns          671198 1c008cda f8068693 addi             x13, x13, -128      x13=00001f80 x13:00002000
39227416ns          671199 1c008cde 00379713 slli             x14, x15, 0x3       x14=00000010 x15:00000002
39227436ns          671200 1c008ce2 00279793 slli             x15, x15, 0x2       x15=00000008 x15:00000002
39227455ns          671201 1c008ce4 00d7f7b3 and              x15, x15, x13       x15=00000000 x15:00000008 x13:00001f80
39227475ns          671202 1c008ce6 ee873733 p.bclr           x14, x14, 23, 8     x14=00000010 x14:00000010
39227495ns          671203 1c008cea 1a10f6b7 lui              x13, 0x1a10f000     x13=1a10f000
39227515ns          671204 1c008cee 0ff57513 andi             x10, x10, 255       x10=00000072 x10:00000072
39227535ns          671205 1c008cf2 00d70733 add              x14, x14, x13       x14=1a10f010 x14:00000010 x13:1a10f000
39227555ns          671206 1c008cf4 00a7e723 p.sw             x10, x0(x15)        x10:00000072 x15:00000000  PA:1a10f010
39227873ns          671222 1c008cf8 00000513 addi             x10, x0, 0          x10=00000000
39227893ns          671223 1c008cfa 00008067 jalr             x0, x1, 0            x1:1c008da2
39227953ns          671226 1c008da2 31f52563 p.beqimm         x10, 778            x10:00000000
39227972ns          671227 1c008da6 001d8d93 addi             x27, x27, 1         x27=0000000f x27:0000000e
39227992ns          671228 1c008da8 00044503 lbu              x10, 0(x8)          x10=00000020  x8:1c00002b  PA:1c00002b
39228311ns          671244 1c008dac 00140413 addi             x8, x8, 1            x8=1c00002c  x8:1c00002b
39228330ns          671245 1c008dae fe0514e3 bne              x10, x0, -24        x10:00000020
39228410ns          671249 1c008d96 02500793 addi             x15, x0, 37         x15=00000025
39228430ns          671250 1c008d9a 04f50863 beq              x10, x15, 80        x10:00000020 x15:00000025
39228450ns          671251 1c008d9e 01a005b3 add              x11, x0, x26        x11=00000002 x26:00000002
39228470ns          671252 1c008da0 000b00e7 jalr             x1, x22, 0           x1=1c008da2 x22:1c008cd4
39228509ns          671254 1c008cd4 000026b7 lui              x13, 0x2000         x13=00002000
39228529ns          671255 1c008cd6 f14027f3 csrrs            x15, x0, 0xf14      x15=00000002
39228549ns          671256 1c008cda f8068693 addi             x13, x13, -128      x13=00001f80 x13:00002000
39228569ns          671257 1c008cde 00379713 slli             x14, x15, 0x3       x14=00000010 x15:00000002
39228589ns          671258 1c008ce2 00279793 slli             x15, x15, 0x2       x15=00000008 x15:00000002
39228609ns          671259 1c008ce4 00d7f7b3 and              x15, x15, x13       x15=00000000 x15:00000008 x13:00001f80
39228629ns          671260 1c008ce6 ee873733 p.bclr           x14, x14, 23, 8     x14=00000010 x14:00000010
39228649ns          671261 1c008cea 1a10f6b7 lui              x13, 0x1a10f000     x13=1a10f000
39228669ns          671262 1c008cee 0ff57513 andi             x10, x10, 255       x10=00000020 x10:00000020
39228688ns          671263 1c008cf2 00d70733 add              x14, x14, x13       x14=1a10f010 x14:00000010 x13:1a10f000
39228708ns          671264 1c008cf4 00a7e723 p.sw             x10, x0(x15)        x10:00000020 x15:00000000  PA:1a10f010
39229027ns          671280 1c008cf8 00000513 addi             x10, x0, 0          x10=00000000
39229046ns          671281 1c008cfa 00008067 jalr             x0, x1, 0            x1:1c008da2
39229106ns          671284 1c008da2 31f52563 p.beqimm         x10, 778            x10:00000000
39229126ns          671285 1c008da6 001d8d93 addi             x27, x27, 1         x27=00000010 x27:0000000f
39229146ns          671286 1c008da8 00044503 lbu              x10, 0(x8)          x10=0000006f  x8:1c00002c  PA:1c00002c
39229444ns          671301 1c008dac 00140413 addi             x8, x8, 1            x8=1c00002d  x8:1c00002c
39229464ns          671302 1c008dae fe0514e3 bne              x10, x0, -24        x10:0000006f
39229544ns          671306 1c008d96 02500793 addi             x15, x0, 37         x15=00000025
39229564ns          671307 1c008d9a 04f50863 beq              x10, x15, 80        x10:0000006f x15:00000025
39229583ns          671308 1c008d9e 01a005b3 add              x11, x0, x26        x11=00000002 x26:00000002
39229603ns          671309 1c008da0 000b00e7 jalr             x1, x22, 0           x1=1c008da2 x22:1c008cd4
39229643ns          671311 1c008cd4 000026b7 lui              x13, 0x2000         x13=00002000
39229663ns          671312 1c008cd6 f14027f3 csrrs            x15, x0, 0xf14      x15=00000002
39229683ns          671313 1c008cda f8068693 addi             x13, x13, -128      x13=00001f80 x13:00002000
39229703ns          671314 1c008cde 00379713 slli             x14, x15, 0x3       x14=00000010 x15:00000002
39229723ns          671315 1c008ce2 00279793 slli             x15, x15, 0x2       x15=00000008 x15:00000002
39229743ns          671316 1c008ce4 00d7f7b3 and              x15, x15, x13       x15=00000000 x15:00000008 x13:00001f80
39229762ns          671317 1c008ce6 ee873733 p.bclr           x14, x14, 23, 8     x14=00000010 x14:00000010
39229782ns          671318 1c008cea 1a10f6b7 lui              x13, 0x1a10f000     x13=1a10f000
39229802ns          671319 1c008cee 0ff57513 andi             x10, x10, 255       x10=0000006f x10:0000006f
39229822ns          671320 1c008cf2 00d70733 add              x14, x14, x13       x14=1a10f010 x14:00000010 x13:1a10f000
39229842ns          671321 1c008cf4 00a7e723 p.sw             x10, x0(x15)        x10:0000006f x15:00000000  PA:1a10f010
39230180ns          671338 1c008cf8 00000513 addi             x10, x0, 0          x10=00000000
39230200ns          671339 1c008cfa 00008067 jalr             x0, x1, 0            x1:1c008da2
39230260ns          671342 1c008da2 31f52563 p.beqimm         x10, 778            x10:00000000
39230279ns          671343 1c008da6 001d8d93 addi             x27, x27, 1         x27=00000011 x27:00000010
39230299ns          671344 1c008da8 00044503 lbu              x10, 0(x8)          x10=0000006e  x8:1c00002d  PA:1c00002d
39230598ns          671359 1c008dac 00140413 addi             x8, x8, 1            x8=1c00002e  x8:1c00002d
39230618ns          671360 1c008dae fe0514e3 bne              x10, x0, -24        x10:0000006e
39230697ns          671364 1c008d96 02500793 addi             x15, x0, 37         x15=00000025
39230717ns          671365 1c008d9a 04f50863 beq              x10, x15, 80        x10:0000006e x15:00000025
39230737ns          671366 1c008d9e 01a005b3 add              x11, x0, x26        x11=00000002 x26:00000002
39230757ns          671367 1c008da0 000b00e7 jalr             x1, x22, 0           x1=1c008da2 x22:1c008cd4
39230797ns          671369 1c008cd4 000026b7 lui              x13, 0x2000         x13=00002000
39230816ns          671370 1c008cd6 f14027f3 csrrs            x15, x0, 0xf14      x15=00000002
39230836ns          671371 1c008cda f8068693 addi             x13, x13, -128      x13=00001f80 x13:00002000
39230856ns          671372 1c008cde 00379713 slli             x14, x15, 0x3       x14=00000010 x15:00000002
39230876ns          671373 1c008ce2 00279793 slli             x15, x15, 0x2       x15=00000008 x15:00000002
39230896ns          671374 1c008ce4 00d7f7b3 and              x15, x15, x13       x15=00000000 x15:00000008 x13:00001f80
39230916ns          671375 1c008ce6 ee873733 p.bclr           x14, x14, 23, 8     x14=00000010 x14:00000010
39230936ns          671376 1c008cea 1a10f6b7 lui              x13, 0x1a10f000     x13=1a10f000
39230956ns          671377 1c008cee 0ff57513 andi             x10, x10, 255       x10=0000006e x10:0000006e
39230976ns          671378 1c008cf2 00d70733 add              x14, x14, x13       x14=1a10f010 x14:00000010 x13:1a10f000
39230995ns          671379 1c008cf4 00a7e723 p.sw             x10, x0(x15)        x10:0000006e x15:00000000  PA:1a10f010
39231314ns          671395 1c008cf8 00000513 addi             x10, x0, 0          x10=00000000
39231334ns          671396 1c008cfa 00008067 jalr             x0, x1, 0            x1:1c008da2
39231393ns          671399 1c008da2 31f52563 p.beqimm         x10, 778            x10:00000000
39231413ns          671400 1c008da6 001d8d93 addi             x27, x27, 1         x27=00000012 x27:00000011
39231433ns          671401 1c008da8 00044503 lbu              x10, 0(x8)          x10=00000020  x8:1c00002e  PA:1c00002e
39231751ns          671417 1c008dac 00140413 addi             x8, x8, 1            x8=1c00002f  x8:1c00002e
39231771ns          671418 1c008dae fe0514e3 bne              x10, x0, -24        x10:00000020
39231851ns          671422 1c008d96 02500793 addi             x15, x0, 37         x15=00000025
39231871ns          671423 1c008d9a 04f50863 beq              x10, x15, 80        x10:00000020 x15:00000025
39231890ns          671424 1c008d9e 01a005b3 add              x11, x0, x26        x11=00000002 x26:00000002
39231910ns          671425 1c008da0 000b00e7 jalr             x1, x22, 0           x1=1c008da2 x22:1c008cd4
39231950ns          671427 1c008cd4 000026b7 lui              x13, 0x2000         x13=00002000
39231970ns          671428 1c008cd6 f14027f3 csrrs            x15, x0, 0xf14      x15=00000002
39231990ns          671429 1c008cda f8068693 addi             x13, x13, -128      x13=00001f80 x13:00002000
39232010ns          671430 1c008cde 00379713 slli             x14, x15, 0x3       x14=00000010 x15:00000002
39232030ns          671431 1c008ce2 00279793 slli             x15, x15, 0x2       x15=00000008 x15:00000002
39232050ns          671432 1c008ce4 00d7f7b3 and              x15, x15, x13       x15=00000000 x15:00000008 x13:00001f80
39232069ns          671433 1c008ce6 ee873733 p.bclr           x14, x14, 23, 8     x14=00000010 x14:00000010
39232089ns          671434 1c008cea 1a10f6b7 lui              x13, 0x1a10f000     x13=1a10f000
39232109ns          671435 1c008cee 0ff57513 andi             x10, x10, 255       x10=00000020 x10:00000020
39232129ns          671436 1c008cf2 00d70733 add              x14, x14, x13       x14=1a10f010 x14:00000010 x13:1a10f000
39232149ns          671437 1c008cf4 00a7e723 p.sw             x10, x0(x15)        x10:00000020 x15:00000000  PA:1a10f010
39232467ns          671453 1c008cf8 00000513 addi             x10, x0, 0          x10=00000000
39232487ns          671454 1c008cfa 00008067 jalr             x0, x1, 0            x1:1c008da2
39232547ns          671457 1c008da2 31f52563 p.beqimm         x10, 778            x10:00000000
39232567ns          671458 1c008da6 001d8d93 addi             x27, x27, 1         x27=00000013 x27:00000012
39232586ns          671459 1c008da8 00044503 lbu              x10, 0(x8)          x10=00000063  x8:1c00002f  PA:1c00002f
39232885ns          671474 1c008dac 00140413 addi             x8, x8, 1            x8=1c000030  x8:1c00002f
39232905ns          671475 1c008dae fe0514e3 bne              x10, x0, -24        x10:00000063
39232984ns          671479 1c008d96 02500793 addi             x15, x0, 37         x15=00000025
39233004ns          671480 1c008d9a 04f50863 beq              x10, x15, 80        x10:00000063 x15:00000025
39233024ns          671481 1c008d9e 01a005b3 add              x11, x0, x26        x11=00000002 x26:00000002
39233044ns          671482 1c008da0 000b00e7 jalr             x1, x22, 0           x1=1c008da2 x22:1c008cd4
39233084ns          671484 1c008cd4 000026b7 lui              x13, 0x2000         x13=00002000
39233104ns          671485 1c008cd6 f14027f3 csrrs            x15, x0, 0xf14      x15=00000002
39233123ns          671486 1c008cda f8068693 addi             x13, x13, -128      x13=00001f80 x13:00002000
39233143ns          671487 1c008cde 00379713 slli             x14, x15, 0x3       x14=00000010 x15:00000002
39233163ns          671488 1c008ce2 00279793 slli             x15, x15, 0x2       x15=00000008 x15:00000002
39233183ns          671489 1c008ce4 00d7f7b3 and              x15, x15, x13       x15=00000000 x15:00000008 x13:00001f80
39233203ns          671490 1c008ce6 ee873733 p.bclr           x14, x14, 23, 8     x14=00000010 x14:00000010
39233223ns          671491 1c008cea 1a10f6b7 lui              x13, 0x1a10f000     x13=1a10f000
39233243ns          671492 1c008cee 0ff57513 andi             x10, x10, 255       x10=00000063 x10:00000063
39233263ns          671493 1c008cf2 00d70733 add              x14, x14, x13       x14=1a10f010 x14:00000010 x13:1a10f000
39233283ns          671494 1c008cf4 00a7e723 p.sw             x10, x0(x15)        x10:00000063 x15:00000000  PA:1a10f010
39233621ns          671511 1c008cf8 00000513 addi             x10, x0, 0          x10=00000000
39233641ns          671512 1c008cfa 00008067 jalr             x0, x1, 0            x1:1c008da2
39233700ns          671515 1c008da2 31f52563 p.beqimm         x10, 778            x10:00000000
39233720ns          671516 1c008da6 001d8d93 addi             x27, x27, 1         x27=00000014 x27:00000013
39233740ns          671517 1c008da8 00044503 lbu              x10, 0(x8)          x10=0000006c  x8:1c000030  PA:1c000030
39234078ns          671534 1c008dac 00140413 addi             x8, x8, 1            x8=1c000031  x8:1c000030
39234098ns          671535 1c008dae fe0514e3 bne              x10, x0, -24        x10:0000006c
39234178ns          671539 1c008d96 02500793 addi             x15, x0, 37         x15=00000025
39234197ns          671540 1c008d9a 04f50863 beq              x10, x15, 80        x10:0000006c x15:00000025
39234217ns          671541 1c008d9e 01a005b3 add              x11, x0, x26        x11=00000002 x26:00000002
39234237ns          671542 1c008da0 000b00e7 jalr             x1, x22, 0           x1=1c008da2 x22:1c008cd4
39234277ns          671544 1c008cd4 000026b7 lui              x13, 0x2000         x13=00002000
39234297ns          671545 1c008cd6 f14027f3 csrrs            x15, x0, 0xf14      x15=00000002
39234317ns          671546 1c008cda f8068693 addi             x13, x13, -128      x13=00001f80 x13:00002000
39234337ns          671547 1c008cde 00379713 slli             x14, x15, 0x3       x14=00000010 x15:00000002
39234357ns          671548 1c008ce2 00279793 slli             x15, x15, 0x2       x15=00000008 x15:00000002
39234376ns          671549 1c008ce4 00d7f7b3 and              x15, x15, x13       x15=00000000 x15:00000008 x13:00001f80
39234396ns          671550 1c008ce6 ee873733 p.bclr           x14, x14, 23, 8     x14=00000010 x14:00000010
39234416ns          671551 1c008cea 1a10f6b7 lui              x13, 0x1a10f000     x13=1a10f000
39234436ns          671552 1c008cee 0ff57513 andi             x10, x10, 255       x10=0000006c x10:0000006c
39234456ns          671553 1c008cf2 00d70733 add              x14, x14, x13       x14=1a10f010 x14:00000010 x13:1a10f000
39234476ns          671554 1c008cf4 00a7e723 p.sw             x10, x0(x15)        x10:0000006c x15:00000000  PA:1a10f010
39234794ns          671570 1c008cf8 00000513 addi             x10, x0, 0          x10=00000000
39234814ns          671571 1c008cfa 00008067 jalr             x0, x1, 0            x1:1c008da2
39234874ns          671574 1c008da2 31f52563 p.beqimm         x10, 778            x10:00000000
39234894ns          671575 1c008da6 001d8d93 addi             x27, x27, 1         x27=00000015 x27:00000014
39234913ns          671576 1c008da8 00044503 lbu              x10, 0(x8)          x10=00000075  x8:1c000031  PA:1c000031
39235251ns          671593 1c008dac 00140413 addi             x8, x8, 1            x8=1c000032  x8:1c000031
39235271ns          671594 1c008dae fe0514e3 bne              x10, x0, -24        x10:00000075
39235351ns          671598 1c008d96 02500793 addi             x15, x0, 37         x15=00000025
39235371ns          671599 1c008d9a 04f50863 beq              x10, x15, 80        x10:00000075 x15:00000025
39235391ns          671600 1c008d9e 01a005b3 add              x11, x0, x26        x11=00000002 x26:00000002
39235411ns          671601 1c008da0 000b00e7 jalr             x1, x22, 0           x1=1c008da2 x22:1c008cd4
39235450ns          671603 1c008cd4 000026b7 lui              x13, 0x2000         x13=00002000
39235470ns          671604 1c008cd6 f14027f3 csrrs            x15, x0, 0xf14      x15=00000002
39235490ns          671605 1c008cda f8068693 addi             x13, x13, -128      x13=00001f80 x13:00002000
39235510ns          671606 1c008cde 00379713 slli             x14, x15, 0x3       x14=00000010 x15:00000002
39235530ns          671607 1c008ce2 00279793 slli             x15, x15, 0x2       x15=00000008 x15:00000002
39235550ns          671608 1c008ce4 00d7f7b3 and              x15, x15, x13       x15=00000000 x15:00000008 x13:00001f80
39235570ns          671609 1c008ce6 ee873733 p.bclr           x14, x14, 23, 8     x14=00000010 x14:00000010
39235590ns          671610 1c008cea 1a10f6b7 lui              x13, 0x1a10f000     x13=1a10f000
39235609ns          671611 1c008cee 0ff57513 andi             x10, x10, 255       x10=00000075 x10:00000075
39235629ns          671612 1c008cf2 00d70733 add              x14, x14, x13       x14=1a10f010 x14:00000010 x13:1a10f000
39235649ns          671613 1c008cf4 00a7e723 p.sw             x10, x0(x15)        x10:00000075 x15:00000000  PA:1a10f010
39235967ns          671629 1c008cf8 00000513 addi             x10, x0, 0          x10=00000000
39235987ns          671630 1c008cfa 00008067 jalr             x0, x1, 0            x1:1c008da2
39236047ns          671633 1c008da2 31f52563 p.beqimm         x10, 778            x10:00000000
39236067ns          671634 1c008da6 001d8d93 addi             x27, x27, 1         x27=00000016 x27:00000015
39236087ns          671635 1c008da8 00044503 lbu              x10, 0(x8)          x10=00000073  x8:1c000032  PA:1c000032
39236385ns          671650 1c008dac 00140413 addi             x8, x8, 1            x8=1c000033  x8:1c000032
39236405ns          671651 1c008dae fe0514e3 bne              x10, x0, -24        x10:00000073
39236485ns          671655 1c008d96 02500793 addi             x15, x0, 37         x15=00000025
39236504ns          671656 1c008d9a 04f50863 beq              x10, x15, 80        x10:00000073 x15:00000025
39236524ns          671657 1c008d9e 01a005b3 add              x11, x0, x26        x11=00000002 x26:00000002
39236544ns          671658 1c008da0 000b00e7 jalr             x1, x22, 0           x1=1c008da2 x22:1c008cd4
39236584ns          671660 1c008cd4 000026b7 lui              x13, 0x2000         x13=00002000
39236604ns          671661 1c008cd6 f14027f3 csrrs            x15, x0, 0xf14      x15=00000002
39236624ns          671662 1c008cda f8068693 addi             x13, x13, -128      x13=00001f80 x13:00002000
39236644ns          671663 1c008cde 00379713 slli             x14, x15, 0x3       x14=00000010 x15:00000002
39236664ns          671664 1c008ce2 00279793 slli             x15, x15, 0x2       x15=00000008 x15:00000002
39236683ns          671665 1c008ce4 00d7f7b3 and              x15, x15, x13       x15=00000000 x15:00000008 x13:00001f80
39236703ns          671666 1c008ce6 ee873733 p.bclr           x14, x14, 23, 8     x14=00000010 x14:00000010
39236723ns          671667 1c008cea 1a10f6b7 lui              x13, 0x1a10f000     x13=1a10f000
39236743ns          671668 1c008cee 0ff57513 andi             x10, x10, 255       x10=00000073 x10:00000073
39236763ns          671669 1c008cf2 00d70733 add              x14, x14, x13       x14=1a10f010 x14:00000010 x13:1a10f000
39236783ns          671670 1c008cf4 00a7e723 p.sw             x10, x0(x15)        x10:00000073 x15:00000000  PA:1a10f010
39237101ns          671686 1c008cf8 00000513 addi             x10, x0, 0          x10=00000000
39237121ns          671687 1c008cfa 00008067 jalr             x0, x1, 0            x1:1c008da2
39237181ns          671690 1c008da2 31f52563 p.beqimm         x10, 778            x10:00000000
39237201ns          671691 1c008da6 001d8d93 addi             x27, x27, 1         x27=00000017 x27:00000016
39237220ns          671692 1c008da8 00044503 lbu              x10, 0(x8)          x10=00000074  x8:1c000033  PA:1c000033
39237539ns          671708 1c008dac 00140413 addi             x8, x8, 1            x8=1c000034  x8:1c000033
39237558ns          671709 1c008dae fe0514e3 bne              x10, x0, -24        x10:00000074
39237638ns          671713 1c008d96 02500793 addi             x15, x0, 37         x15=00000025
39237658ns          671714 1c008d9a 04f50863 beq              x10, x15, 80        x10:00000074 x15:00000025
39237678ns          671715 1c008d9e 01a005b3 add              x11, x0, x26        x11=00000002 x26:00000002
39237698ns          671716 1c008da0 000b00e7 jalr             x1, x22, 0           x1=1c008da2 x22:1c008cd4
39237737ns          671718 1c008cd4 000026b7 lui              x13, 0x2000         x13=00002000
39237757ns          671719 1c008cd6 f14027f3 csrrs            x15, x0, 0xf14      x15=00000002
39237777ns          671720 1c008cda f8068693 addi             x13, x13, -128      x13=00001f80 x13:00002000
39237797ns          671721 1c008cde 00379713 slli             x14, x15, 0x3       x14=00000010 x15:00000002
39237817ns          671722 1c008ce2 00279793 slli             x15, x15, 0x2       x15=00000008 x15:00000002
39237837ns          671723 1c008ce4 00d7f7b3 and              x15, x15, x13       x15=00000000 x15:00000008 x13:00001f80
39237857ns          671724 1c008ce6 ee873733 p.bclr           x14, x14, 23, 8     x14=00000010 x14:00000010
39237877ns          671725 1c008cea 1a10f6b7 lui              x13, 0x1a10f000     x13=1a10f000
39237897ns          671726 1c008cee 0ff57513 andi             x10, x10, 255       x10=00000074 x10:00000074
39237916ns          671727 1c008cf2 00d70733 add              x14, x14, x13       x14=1a10f010 x14:00000010 x13:1a10f000
39237936ns          671728 1c008cf4 00a7e723 p.sw             x10, x0(x15)        x10:00000074 x15:00000000  PA:1a10f010
39238255ns          671744 1c008cf8 00000513 addi             x10, x0, 0          x10=00000000
39238274ns          671745 1c008cfa 00008067 jalr             x0, x1, 0            x1:1c008da2
39238334ns          671748 1c008da2 31f52563 p.beqimm         x10, 778            x10:00000000
39238354ns          671749 1c008da6 001d8d93 addi             x27, x27, 1         x27=00000018 x27:00000017
39238374ns          671750 1c008da8 00044503 lbu              x10, 0(x8)          x10=00000065  x8:1c000034  PA:1c000034
39238672ns          671765 1c008dac 00140413 addi             x8, x8, 1            x8=1c000035  x8:1c000034
39238692ns          671766 1c008dae fe0514e3 bne              x10, x0, -24        x10:00000065
39238772ns          671770 1c008d96 02500793 addi             x15, x0, 37         x15=00000025
39238792ns          671771 1c008d9a 04f50863 beq              x10, x15, 80        x10:00000065 x15:00000025
39238811ns          671772 1c008d9e 01a005b3 add              x11, x0, x26        x11=00000002 x26:00000002
39238831ns          671773 1c008da0 000b00e7 jalr             x1, x22, 0           x1=1c008da2 x22:1c008cd4
39238871ns          671775 1c008cd4 000026b7 lui              x13, 0x2000         x13=00002000
39238891ns          671776 1c008cd6 f14027f3 csrrs            x15, x0, 0xf14      x15=00000002
39238911ns          671777 1c008cda f8068693 addi             x13, x13, -128      x13=00001f80 x13:00002000
39238931ns          671778 1c008cde 00379713 slli             x14, x15, 0x3       x14=00000010 x15:00000002
39238951ns          671779 1c008ce2 00279793 slli             x15, x15, 0x2       x15=00000008 x15:00000002
39238971ns          671780 1c008ce4 00d7f7b3 and              x15, x15, x13       x15=00000000 x15:00000008 x13:00001f80
39238990ns          671781 1c008ce6 ee873733 p.bclr           x14, x14, 23, 8     x14=00000010 x14:00000010
39239010ns          671782 1c008cea 1a10f6b7 lui              x13, 0x1a10f000     x13=1a10f000
39239030ns          671783 1c008cee 0ff57513 andi             x10, x10, 255       x10=00000065 x10:00000065
39239050ns          671784 1c008cf2 00d70733 add              x14, x14, x13       x14=1a10f010 x14:00000010 x13:1a10f000
39239070ns          671785 1c008cf4 00a7e723 p.sw             x10, x0(x15)        x10:00000065 x15:00000000  PA:1a10f010
39239408ns          671802 1c008cf8 00000513 addi             x10, x0, 0          x10=00000000
39239428ns          671803 1c008cfa 00008067 jalr             x0, x1, 0            x1:1c008da2
39239488ns          671806 1c008da2 31f52563 p.beqimm         x10, 778            x10:00000000
39239508ns          671807 1c008da6 001d8d93 addi             x27, x27, 1         x27=00000019 x27:00000018
39239527ns          671808 1c008da8 00044503 lbu              x10, 0(x8)          x10=00000072  x8:1c000035  PA:1c000035
39239846ns          671824 1c008dac 00140413 addi             x8, x8, 1            x8=1c000036  x8:1c000035
39239866ns          671825 1c008dae fe0514e3 bne              x10, x0, -24        x10:00000072
39239945ns          671829 1c008d96 02500793 addi             x15, x0, 37         x15=00000025
39239965ns          671830 1c008d9a 04f50863 beq              x10, x15, 80        x10:00000072 x15:00000025
39239985ns          671831 1c008d9e 01a005b3 add              x11, x0, x26        x11=00000002 x26:00000002
39240005ns          671832 1c008da0 000b00e7 jalr             x1, x22, 0           x1=1c008da2 x22:1c008cd4
39240044ns          671834 1c008cd4 000026b7 lui              x13, 0x2000         x13=00002000
39240064ns          671835 1c008cd6 f14027f3 csrrs            x15, x0, 0xf14      x15=00000002
39240084ns          671836 1c008cda f8068693 addi             x13, x13, -128      x13=00001f80 x13:00002000
39240104ns          671837 1c008cde 00379713 slli             x14, x15, 0x3       x14=00000010 x15:00000002
39240124ns          671838 1c008ce2 00279793 slli             x15, x15, 0x2       x15=00000008 x15:00000002
39240144ns          671839 1c008ce4 00d7f7b3 and              x15, x15, x13       x15=00000000 x15:00000008 x13:00001f80
39240164ns          671840 1c008ce6 ee873733 p.bclr           x14, x14, 23, 8     x14=00000010 x14:00000010
39240184ns          671841 1c008cea 1a10f6b7 lui              x13, 0x1a10f000     x13=1a10f000
39240204ns          671842 1c008cee 0ff57513 andi             x10, x10, 255       x10=00000072 x10:00000072
39240223ns          671843 1c008cf2 00d70733 add              x14, x14, x13       x14=1a10f010 x14:00000010 x13:1a10f000
39240243ns          671844 1c008cf4 00a7e723 p.sw             x10, x0(x15)        x10:00000072 x15:00000000  PA:1a10f010
39240562ns          671860 1c008cf8 00000513 addi             x10, x0, 0          x10=00000000
39240581ns          671861 1c008cfa 00008067 jalr             x0, x1, 0            x1:1c008da2
39240641ns          671864 1c008da2 31f52563 p.beqimm         x10, 778            x10:00000000
39240661ns          671865 1c008da6 001d8d93 addi             x27, x27, 1         x27=0000001a x27:00000019
39240681ns          671866 1c008da8 00044503 lbu              x10, 0(x8)          x10=00000020  x8:1c000036  PA:1c000036
39240999ns          671882 1c008dac 00140413 addi             x8, x8, 1            x8=1c000037  x8:1c000036
39241019ns          671883 1c008dae fe0514e3 bne              x10, x0, -24        x10:00000020
39241099ns          671887 1c008d96 02500793 addi             x15, x0, 37         x15=00000025
39241118ns          671888 1c008d9a 04f50863 beq              x10, x15, 80        x10:00000020 x15:00000025
39241138ns          671889 1c008d9e 01a005b3 add              x11, x0, x26        x11=00000002 x26:00000002
39241158ns          671890 1c008da0 000b00e7 jalr             x1, x22, 0           x1=1c008da2 x22:1c008cd4
39241198ns          671892 1c008cd4 000026b7 lui              x13, 0x2000         x13=00002000
39241218ns          671893 1c008cd6 f14027f3 csrrs            x15, x0, 0xf14      x15=00000002
39241238ns          671894 1c008cda f8068693 addi             x13, x13, -128      x13=00001f80 x13:00002000
39241258ns          671895 1c008cde 00379713 slli             x14, x15, 0x3       x14=00000010 x15:00000002
39241278ns          671896 1c008ce2 00279793 slli             x15, x15, 0x2       x15=00000008 x15:00000002
39241297ns          671897 1c008ce4 00d7f7b3 and              x15, x15, x13       x15=00000000 x15:00000008 x13:00001f80
39241317ns          671898 1c008ce6 ee873733 p.bclr           x14, x14, 23, 8     x14=00000010 x14:00000010
39241337ns          671899 1c008cea 1a10f6b7 lui              x13, 0x1a10f000     x13=1a10f000
39241357ns          671900 1c008cee 0ff57513 andi             x10, x10, 255       x10=00000020 x10:00000020
39241377ns          671901 1c008cf2 00d70733 add              x14, x14, x13       x14=1a10f010 x14:00000010 x13:1a10f000
39241397ns          671902 1c008cf4 00a7e723 p.sw             x10, x0(x15)        x10:00000020 x15:00000000  PA:1a10f010
39241715ns          671918 1c008cf8 00000513 addi             x10, x0, 0          x10=00000000
39241735ns          671919 1c008cfa 00008067 jalr             x0, x1, 0            x1:1c008da2
39241795ns          671922 1c008da2 31f52563 p.beqimm         x10, 778            x10:00000000
39241815ns          671923 1c008da6 001d8d93 addi             x27, x27, 1         x27=0000001b x27:0000001a
39241834ns          671924 1c008da8 00044503 lbu              x10, 0(x8)          x10=00000025  x8:1c000037  PA:1c000037
39242153ns          671940 1c008dac 00140413 addi             x8, x8, 1            x8=1c000038  x8:1c000037
39242173ns          671941 1c008dae fe0514e3 bne              x10, x0, -24        x10:00000025
39242252ns          671945 1c008d96 02500793 addi             x15, x0, 37         x15=00000025
39242272ns          671946 1c008d9a 04f50863 beq              x10, x15, 80        x10:00000025 x15:00000025
39242690ns          671967 1c008dea 00044483 lbu              x9, 0(x8)            x9=00000064  x8:1c000038  PA:1c000038
39243147ns          671990 1c008dee 02000693 addi             x13, x0, 32         x13=00000020
39243187ns          671992 1c008df2 00140a93 addi             x21, x8, 1          x21=1c000039  x8:1c000038
39243207ns          671993 1c008df6 009005b3 add              x11, x0, x9         x11=00000064  x9:00000064
39243227ns          671994 1c008df8 0a4b8513 addi             x10, x23, 164       x10=1c0000a4 x23:1c000000
39243246ns          671995 1c008dfc 00d12823 sw               x13, 16(x2)         x13:00000020  x2:10001618  PA:10001628
39243266ns          671996 1c008dfe 00012c23 sw               x0, 24(x2)           x2:10001618  PA:10001630
39243664ns          672016 1c008e00 00012a23 sw               x0, 20(x2)           x2:10001618  PA:1000162c
39243684ns          672017 1c008e02 00012e23 sw               x0, 28(x2)           x2:10001618  PA:10001634
39243704ns          672018 1c008e04 00012623 sw               x0, 12(x2)           x2:10001618  PA:10001624
39243724ns          672019 1c008e06 02300913 addi             x18, x0, 35         x18=00000023
39243744ns          672020 1c008e0a 02d00a13 addi             x20, x0, 45         x20=0000002d
39243764ns          672021 1c008e0e 015009b3 add              x19, x0, x21        x19=1c000039 x21:1c000039
39244181ns          672042 1c008e10 e45ff0ef jal              x1, -444             x1=1c008e12
39244639ns          672065 1c008c54 00054783 lbu              x15, 0(x10)         x15=0000002d x10:1c0000a4  PA:1c0000a4
39245076ns          672087 1c008c58 0ff5f593 andi             x11, x11, 255       x11=00000064 x11:00000064
39245096ns          672088 1c008c5c 00b78c63 beq              x15, x11, 24        x15:0000002d x11:00000064
39245136ns          672090 1c008c60 00078b63 beq              x15, x0, 22         x15:0000002d
39245176ns          672092 1c008c62 00150793 addi             x15, x10, 1         x15=1c0000a5 x10:1c0000a4
39245195ns          672093 1c008c66 0040006f jal              x0, 4              
39245235ns          672095 1c008c6a 00f00533 add              x10, x0, x15        x10=1c0000a5 x15:1c0000a5
39245255ns          672096 1c008c6c 0017c70b p.lbu            x14, 1(x15!)        x14=0000002b x15=1c0000a6 x15:1c0000a5  PA:1c0000a5
39245713ns          672119 1c008c70 feb71ce3 bne              x14, x11, -8        x14:0000002b x11:00000064
39245772ns          672122 1c008c68 00070763 beq              x14, x0, 14         x14:0000002b
39245792ns          672123 1c008c6a 00f00533 add              x10, x0, x15        x10=1c0000a6 x15:1c0000a6
39245812ns          672124 1c008c6c 0017c70b p.lbu            x14, 1(x15!)        x14=00000020 x15=1c0000a7 x15:1c0000a6  PA:1c0000a6
39246250ns          672146 1c008c70 feb71ce3 bne              x14, x11, -8        x14:00000020 x11:00000064
39246349ns          672151 1c008c68 00070763 beq              x14, x0, 14         x14:00000020
39246369ns          672152 1c008c6a 00f00533 add              x10, x0, x15        x10=1c0000a7 x15:1c0000a7
39246389ns          672153 1c008c6c 0017c70b p.lbu            x14, 1(x15!)        x14=00000023 x15=1c0000a8 x15:1c0000a7  PA:1c0000a7
39246707ns          672169 1c008c70 feb71ce3 bne              x14, x11, -8        x14:00000023 x11:00000064
39246767ns          672172 1c008c68 00070763 beq              x14, x0, 14         x14:00000023
39246787ns          672173 1c008c6a 00f00533 add              x10, x0, x15        x10=1c0000a8 x15:1c0000a8
39246806ns          672174 1c008c6c 0017c70b p.lbu            x14, 1(x15!)        x14=00000030 x15=1c0000a9 x15:1c0000a8  PA:1c0000a8
39247125ns          672190 1c008c70 feb71ce3 bne              x14, x11, -8        x14:00000030 x11:00000064
39247184ns          672193 1c008c68 00070763 beq              x14, x0, 14         x14:00000030
39247204ns          672194 1c008c6a 00f00533 add              x10, x0, x15        x10=1c0000a9 x15:1c0000a9
39247224ns          672195 1c008c6c 0017c70b p.lbu            x14, 1(x15!)        x14=00000000 x15=1c0000aa x15:1c0000a9  PA:1c0000a9
39247542ns          672211 1c008c70 feb71ce3 bne              x14, x11, -8        x14:00000000 x11:00000064
39247602ns          672214 1c008c68 00070763 beq              x14, x0, 14         x14:00000000
39247681ns          672218 1c008c76 0015b593 sltiu            x11, x11, 1         x11=00000000 x11:00000064
39247701ns          672219 1c008c7a 40b005b3 sub              x11, x0, x11        x11=00000000 x11:00000000
39247721ns          672220 1c008c7e 00b57533 and              x10, x10, x11       x10=00000000 x10:1c0000a9 x11:00000000
39247741ns          672221 1c008c80 00008067 jalr             x0, x1, 0            x1:1c008e12
39247781ns          672223 1c008e12 02050a63 beq              x10, x0, 52         x10:00000000
39248298ns          672249 1c008e46 02a00613 addi             x12, x0, 42         x12=0000002a
39248318ns          672250 1c008e4a 2ac48663 beq              x9, x12, 684         x9:00000064 x12:0000002a
39248775ns          672273 1c008e4e fd048613 addi             x12, x9, -48        x12=00000034  x9:00000064
39248795ns          672274 1c008e52 00900593 addi             x11, x0, 9          x11=00000009
39248815ns          672275 1c008e54 00000913 addi             x18, x0, 0          x18=00000000
39248835ns          672276 1c008e56 28c5f063 bgeu             x11, x12, 640       x11:00000009 x12:00000034
39248855ns          672277 1c008e5a 02e00693 addi             x13, x0, 46         x13=0000002e
39248875ns          672278 1c008e5e fff00a13 addi             x20, x0, -1         x20=ffffffff
39249292ns          672299 1c008e60 2ed48363 beq              x9, x13, 742         x9:00000064 x13:0000002e
39249332ns          672301 1c008e64 1c0007b7 lui              x15, 0x1c000000     x15=1c000000
39249352ns          672302 1c008e68 009005b3 add              x11, x0, x9         x11=00000064  x9:00000064
39249372ns          672303 1c008e6a 0ac78513 addi             x10, x15, 172       x10=1c0000ac x15:1c000000
39249392ns          672304 1c008e6e de7ff0ef jal              x1, -538             x1=1c008e70
39249849ns          672327 1c008c54 00054783 lbu              x15, 0(x10)         x15=00000068 x10:1c0000ac  PA:1c0000ac
39250148ns          672342 1c008c58 0ff5f593 andi             x11, x11, 255       x11=00000064 x11:00000064
39250167ns          672343 1c008c5c 00b78c63 beq              x15, x11, 24        x15:00000068 x11:00000064
39250187ns          672344 1c008c60 00078b63 beq              x15, x0, 22         x15:00000068
39250207ns          672345 1c008c62 00150793 addi             x15, x10, 1         x15=1c0000ad x10:1c0000ac
39250227ns          672346 1c008c66 0040006f jal              x0, 4              
39250267ns          672348 1c008c6a 00f00533 add              x10, x0, x15        x10=1c0000ad x15:1c0000ad
39250287ns          672349 1c008c6c 0017c70b p.lbu            x14, 1(x15!)        x14=0000006c x15=1c0000ae x15:1c0000ad  PA:1c0000ad
39250605ns          672365 1c008c70 feb71ce3 bne              x14, x11, -8        x14:0000006c x11:00000064
39250665ns          672368 1c008c68 00070763 beq              x14, x0, 14         x14:0000006c
39250685ns          672369 1c008c6a 00f00533 add              x10, x0, x15        x10=1c0000ae x15:1c0000ae
39250704ns          672370 1c008c6c 0017c70b p.lbu            x14, 1(x15!)        x14=0000004c x15=1c0000af x15:1c0000ae  PA:1c0000ae
39251023ns          672386 1c008c70 feb71ce3 bne              x14, x11, -8        x14:0000004c x11:00000064
39251082ns          672389 1c008c68 00070763 beq              x14, x0, 14         x14:0000004c
39251102ns          672390 1c008c6a 00f00533 add              x10, x0, x15        x10=1c0000af x15:1c0000af
39251122ns          672391 1c008c6c 0017c70b p.lbu            x14, 1(x15!)        x14=0000007a x15=1c0000b0 x15:1c0000af  PA:1c0000af
39251440ns          672407 1c008c70 feb71ce3 bne              x14, x11, -8        x14:0000007a x11:00000064
39251500ns          672410 1c008c68 00070763 beq              x14, x0, 14         x14:0000007a
39251520ns          672411 1c008c6a 00f00533 add              x10, x0, x15        x10=1c0000b0 x15:1c0000b0
39251540ns          672412 1c008c6c 0017c70b p.lbu            x14, 1(x15!)        x14=00000000 x15=1c0000b1 x15:1c0000b0  PA:1c0000b0
39251858ns          672428 1c008c70 feb71ce3 bne              x14, x11, -8        x14:00000000 x11:00000064
39251918ns          672431 1c008c68 00070763 beq              x14, x0, 14         x14:00000000
39251997ns          672435 1c008c76 0015b593 sltiu            x11, x11, 1         x11=00000000 x11:00000064
39252017ns          672436 1c008c7a 40b005b3 sub              x11, x0, x11        x11=00000000 x11:00000000
39252037ns          672437 1c008c7e 00b57533 and              x10, x10, x11       x10=00000000 x10:1c0000b0 x11:00000000
39252057ns          672438 1c008c80 00008067 jalr             x0, x1, 0            x1:1c008e70
39252097ns          672440 1c008e70 01300433 add              x8, x0, x19          x8=1c000039 x19:1c000039
39252117ns          672441 1c008e72 00050563 beq              x10, x0, 10         x10:00000000
39252176ns          672444 1c008e7c 06700693 addi             x13, x0, 103        x13=00000067
39252634ns          672467 1c008e80 2896d963 bge              x13, x9, 658        x13:00000067  x9:00000064
39253151ns          672493 1c009112 06500693 addi             x13, x0, 101        x13=00000065
39253171ns          672494 1c009116 12d4d563 bge              x9, x13, 298         x9:00000064 x13:00000065
39253190ns          672495 1c00911a 04700693 addi             x13, x0, 71         x13=00000047
39253628ns          672517 1c00911e dc96cbe3 blt              x13, x9, -554       x13:00000047  x9:00000064
39254125ns          672542 1c008ef4 06300693 addi             x13, x0, 99         x13=00000063
39254165ns          672544 1c008ef8 0ad488e3 beq              x9, x13, 2224        x9:00000064 x13:00000063
39254185ns          672545 1c008efc 0096c9e3 blt              x13, x9, 2066       x13:00000063  x9:00000064
39255657ns          672619 1c00970e 000c2583 lw               x11, 0(x24)         x11=00000000 x24:1000176c  PA:1000176c
39255676ns          672620 1c009712 004c0c13 addi             x24, x24, 4         x24=10001770 x24:1000176c
39255696ns          672621 1c009714 3405cc63 blt              x11, x0, 856        x11:00000000
39255716ns          672622 1c009718 01412603 lw               x12, 20(x2)         x12=00000000  x2:10001618  PA:1000162c
39255736ns          672623 1c00971a 00b006b3 add              x13, x0, x11        x13=00000000 x11:00000000
39255756ns          672624 1c00971c 2e061863 bne              x12, x0, 752        x12:00000000
39256174ns          672645 1c009720 01812703 lw               x14, 24(x2)         x14=00000000  x2:10001618  PA:10001630
39256194ns          672646 1c009722 019007b3 add              x15, x0, x25        x15=1000163c x25:1000163c
39256213ns          672647 1c009724 00070763 beq              x14, x0, 14         x14:00000000
39256711ns          672672 1c009732 00f00733 add              x14, x0, x15        x14=1000163c x15:1000163c
39256750ns          672674 1c009734 00a00513 addi             x10, x0, 10         x10=0000000a
39256770ns          672675 1c009736 02a6f633 remu             x12, x13, x10       x12=00000000 x13:00000000 x10:0000000a
39257387ns          672706 1c00973a 02a6d6b3 divu             x13, x13, x10       x13=00000000 x13:00000000 x10:0000000a
39258003ns          672737 1c00973e 03060613 addi             x12, x12, 48        x12=00000030 x12:00000000
39258023ns          672738 1c009742 00c700ab p.sb             x12, 1(x14!)        x14=1000163d x12:00000030 x14:1000163c  PA:1000163c
39258043ns          672739 1c009746 fe0698e3 bne              x13, x0, -16        x13:00000000
39258063ns          672740 1c009748 40f706b3 sub              x13, x14, x15       x13=00000001 x14:1000163d x15:1000163c
39258083ns          672741 1c00974c 0146dc63 bge              x13, x20, 24        x13:00000001 x20:ffffffff
39258958ns          672785 1c009764 00e006b3 add              x13, x0, x14        x13=1000163d x14:1000163d
39258998ns          672787 1c009766 fe068fab p.sb             x0, -1(x13!)        x13=1000163c x13:1000163d  PA:1000163d
39259018ns          672788 1c00976a 00d7fc63 bgeu             x15, x13, 24        x15:1000163c x13:1000163c
39259913ns          672833 1c009782 01412783 lw               x15, 20(x2)         x15=00000000  x2:10001618  PA:1000162c
39259952ns          672835 1c009784 01812603 lw               x12, 24(x2)         x12=00000000  x2:10001618  PA:10001630
39259972ns          672836 1c009786 419704b3 sub              x9, x14, x25         x9=00000001 x14:1000163d x25:1000163c
39259992ns          672837 1c00978a 00c7e7b3 or               x15, x15, x12       x15=00000000 x15:00000000 x12:00000000
39260012ns          672838 1c00978c 00f12623 sw               x15, 12(x2)         x15:00000000  x2:10001618  PA:10001624
39260032ns          672839 1c00978e 00079363 bne              x15, x0, 6          x15:00000000
39260430ns          672859 1c009790 01f5d593 srli             x11, x11, 0x1f      x11=00000000 x11:00000000
39260450ns          672860 1c009792 00b12623 sw               x11, 12(x2)         x11:00000000  x2:10001618  PA:10001624
39260469ns          672861 1c009794 e3fa28e3 p.beqimm         x20, -464           x20:ffffffff
39260947ns          672885 1c0095c4 0c800793 addi             x15, x0, 200        x15=000000c8
39260987ns          672887 1c0095c8 9e97d0e3 bge              x15, x9, -1568      x15:000000c8  x9:00000001
39261921ns          672934 1c008fa8 0f24d163 bge              x9, x18, 226         x9:00000001 x18:00000000
39262438ns          672960 1c00908a d00482e3 beq              x9, x0, -764         x9:00000001
39262458ns          672961 1c00908e 01900933 add              x18, x0, x25        x18=1000163c x25:1000163c
39262876ns          672982 1c009090 419d8db3 sub              x27, x27, x25       x27=efffe9df x27:0000001b x25:1000163c
39262916ns          672984 1c009094 00a0006f jal              x0, 10             
39263413ns          673009 1c00909e 0019450b p.lbu            x10, 1(x18!)        x10=00000030 x18=1000163d x18:1000163c  PA:1000163c
39263433ns          673010 1c0090a2 01a005b3 add              x11, x0, x26        x11=00000002 x26:00000002
39263453ns          673011 1c0090a4 000b00e7 jalr             x1, x22, 0           x1=1c0090a6 x22:1c008cd4
39263532ns          673015 1c008cd4 000026b7 lui              x13, 0x2000         x13=00002000
39263572ns          673017 1c008cd6 f14027f3 csrrs            x15, x0, 0xf14      x15=00000002
39263592ns          673018 1c008cda f8068693 addi             x13, x13, -128      x13=00001f80 x13:00002000
39263652ns          673021 1c008cde 00379713 slli             x14, x15, 0x3       x14=00000010 x15:00000002
39263671ns          673022 1c008ce2 00279793 slli             x15, x15, 0x2       x15=00000008 x15:00000002
39263691ns          673023 1c008ce4 00d7f7b3 and              x15, x15, x13       x15=00000000 x15:00000008 x13:00001f80
39263711ns          673024 1c008ce6 ee873733 p.bclr           x14, x14, 23, 8     x14=00000010 x14:00000010
39263731ns          673025 1c008cea 1a10f6b7 lui              x13, 0x1a10f000     x13=1a10f000
39263791ns          673028 1c008cee 0ff57513 andi             x10, x10, 255       x10=00000030 x10:00000030
39263811ns          673029 1c008cf2 00d70733 add              x14, x14, x13       x14=1a10f010 x14:00000010 x13:1a10f000
39263831ns          673030 1c008cf4 00a7e723 p.sw             x10, x0(x15)        x10:00000030 x15:00000000  PA:1a10f010
39264228ns          673050 1c008cf8 00000513 addi             x10, x0, 0          x10=00000000
39264248ns          673051 1c008cfa 00008067 jalr             x0, x1, 0            x1:1c0090a6
39264288ns          673053 1c0090a6 fff48493 addi             x9, x9, -1           x9=00000000  x9:00000001
39264308ns          673054 1c0090a8 fff537e3 p.bneimm         x10, -18            x10:00000000
39264765ns          673077 1c009096 012d8733 add              x14, x27, x18       x14=0000001c x27:efffe9df x18:1000163d
39264785ns          673078 1c00909a 5a048b63 beq              x9, x0, 1462         x9:00000000
39265262ns          673102 1c009650 00e00db3 add              x27, x0, x14        x27=0000001c x14:0000001c
39265302ns          673104 1c009652 f3cff06f jal              x0, -2244          
39265461ns          673112 1c008d8e 00044503 lbu              x10, 0(x8)          x10=00000020  x8:1c000039  PA:1c000039
39265819ns          673130 1c008d92 00140413 addi             x8, x8, 1            x8=1c00003a  x8:1c000039
39265839ns          673131 1c008d94 00050e63 beq              x10, x0, 28         x10:00000020
39265859ns          673132 1c008d96 02500793 addi             x15, x0, 37         x15=00000025
39265879ns          673133 1c008d9a 04f50863 beq              x10, x15, 80        x10:00000020 x15:00000025
39265899ns          673134 1c008d9e 01a005b3 add              x11, x0, x26        x11=00000002 x26:00000002
39265919ns          673135 1c008da0 000b00e7 jalr             x1, x22, 0           x1=1c008da2 x22:1c008cd4
39265998ns          673139 1c008cd4 000026b7 lui              x13, 0x2000         x13=00002000
39266038ns          673141 1c008cd6 f14027f3 csrrs            x15, x0, 0xf14      x15=00000002
39266058ns          673142 1c008cda f8068693 addi             x13, x13, -128      x13=00001f80 x13:00002000
39266078ns          673143 1c008cde 00379713 slli             x14, x15, 0x3       x14=00000010 x15:00000002
39266098ns          673144 1c008ce2 00279793 slli             x15, x15, 0x2       x15=00000008 x15:00000002
39266118ns          673145 1c008ce4 00d7f7b3 and              x15, x15, x13       x15=00000000 x15:00000008 x13:00001f80
39266138ns          673146 1c008ce6 ee873733 p.bclr           x14, x14, 23, 8     x14=00000010 x14:00000010
39266157ns          673147 1c008cea 1a10f6b7 lui              x13, 0x1a10f000     x13=1a10f000
39266177ns          673148 1c008cee 0ff57513 andi             x10, x10, 255       x10=00000020 x10:00000020
39266197ns          673149 1c008cf2 00d70733 add              x14, x14, x13       x14=1a10f010 x14:00000010 x13:1a10f000
39266217ns          673150 1c008cf4 00a7e723 p.sw             x10, x0(x15)        x10:00000020 x15:00000000  PA:1a10f010
39266595ns          673169 1c008cf8 00000513 addi             x10, x0, 0          x10=00000000
39266615ns          673170 1c008cfa 00008067 jalr             x0, x1, 0            x1:1c008da2
39266675ns          673173 1c008da2 31f52563 p.beqimm         x10, 778            x10:00000000
39266694ns          673174 1c008da6 001d8d93 addi             x27, x27, 1         x27=0000001d x27:0000001c
39266714ns          673175 1c008da8 00044503 lbu              x10, 0(x8)          x10=00000063  x8:1c00003a  PA:1c00003a
39267013ns          673190 1c008dac 00140413 addi             x8, x8, 1            x8=1c00003b  x8:1c00003a
39267033ns          673191 1c008dae fe0514e3 bne              x10, x0, -24        x10:00000063
39267112ns          673195 1c008d96 02500793 addi             x15, x0, 37         x15=00000025
39267132ns          673196 1c008d9a 04f50863 beq              x10, x15, 80        x10:00000063 x15:00000025
39267152ns          673197 1c008d9e 01a005b3 add              x11, x0, x26        x11=00000002 x26:00000002
39267172ns          673198 1c008da0 000b00e7 jalr             x1, x22, 0           x1=1c008da2 x22:1c008cd4
39267212ns          673200 1c008cd4 000026b7 lui              x13, 0x2000         x13=00002000
39267231ns          673201 1c008cd6 f14027f3 csrrs            x15, x0, 0xf14      x15=00000002
39267251ns          673202 1c008cda f8068693 addi             x13, x13, -128      x13=00001f80 x13:00002000
39267271ns          673203 1c008cde 00379713 slli             x14, x15, 0x3       x14=00000010 x15:00000002
39267291ns          673204 1c008ce2 00279793 slli             x15, x15, 0x2       x15=00000008 x15:00000002
39267311ns          673205 1c008ce4 00d7f7b3 and              x15, x15, x13       x15=00000000 x15:00000008 x13:00001f80
39267331ns          673206 1c008ce6 ee873733 p.bclr           x14, x14, 23, 8     x14=00000010 x14:00000010
39267351ns          673207 1c008cea 1a10f6b7 lui              x13, 0x1a10f000     x13=1a10f000
39267371ns          673208 1c008cee 0ff57513 andi             x10, x10, 255       x10=00000063 x10:00000063
39267390ns          673209 1c008cf2 00d70733 add              x14, x14, x13       x14=1a10f010 x14:00000010 x13:1a10f000
39267410ns          673210 1c008cf4 00a7e723 p.sw             x10, x0(x15)        x10:00000063 x15:00000000  PA:1a10f010
39267729ns          673226 1c008cf8 00000513 addi             x10, x0, 0          x10=00000000
39267748ns          673227 1c008cfa 00008067 jalr             x0, x1, 0            x1:1c008da2
39267808ns          673230 1c008da2 31f52563 p.beqimm         x10, 778            x10:00000000
39267828ns          673231 1c008da6 001d8d93 addi             x27, x27, 1         x27=0000001e x27:0000001d
39267848ns          673232 1c008da8 00044503 lbu              x10, 0(x8)          x10=0000006f  x8:1c00003b  PA:1c00003b
39268146ns          673247 1c008dac 00140413 addi             x8, x8, 1            x8=1c00003c  x8:1c00003b
39268166ns          673248 1c008dae fe0514e3 bne              x10, x0, -24        x10:0000006f
39268246ns          673252 1c008d96 02500793 addi             x15, x0, 37         x15=00000025
39268266ns          673253 1c008d9a 04f50863 beq              x10, x15, 80        x10:0000006f x15:00000025
39268285ns          673254 1c008d9e 01a005b3 add              x11, x0, x26        x11=00000002 x26:00000002
39268305ns          673255 1c008da0 000b00e7 jalr             x1, x22, 0           x1=1c008da2 x22:1c008cd4
39268345ns          673257 1c008cd4 000026b7 lui              x13, 0x2000         x13=00002000
39268365ns          673258 1c008cd6 f14027f3 csrrs            x15, x0, 0xf14      x15=00000002
39268385ns          673259 1c008cda f8068693 addi             x13, x13, -128      x13=00001f80 x13:00002000
39268405ns          673260 1c008cde 00379713 slli             x14, x15, 0x3       x14=00000010 x15:00000002
39268425ns          673261 1c008ce2 00279793 slli             x15, x15, 0x2       x15=00000008 x15:00000002
39268445ns          673262 1c008ce4 00d7f7b3 and              x15, x15, x13       x15=00000000 x15:00000008 x13:00001f80
39268464ns          673263 1c008ce6 ee873733 p.bclr           x14, x14, 23, 8     x14=00000010 x14:00000010
39268484ns          673264 1c008cea 1a10f6b7 lui              x13, 0x1a10f000     x13=1a10f000
39268504ns          673265 1c008cee 0ff57513 andi             x10, x10, 255       x10=0000006f x10:0000006f
39268524ns          673266 1c008cf2 00d70733 add              x14, x14, x13       x14=1a10f010 x14:00000010 x13:1a10f000
39268544ns          673267 1c008cf4 00a7e723 p.sw             x10, x0(x15)        x10:0000006f x15:00000000  PA:1a10f010
39268862ns          673283 1c008cf8 00000513 addi             x10, x0, 0          x10=00000000
39268882ns          673284 1c008cfa 00008067 jalr             x0, x1, 0            x1:1c008da2
39268942ns          673287 1c008da2 31f52563 p.beqimm         x10, 778            x10:00000000
39268962ns          673288 1c008da6 001d8d93 addi             x27, x27, 1         x27=0000001f x27:0000001e
39268982ns          673289 1c008da8 00044503 lbu              x10, 0(x8)          x10=00000072  x8:1c00003c  PA:1c00003c
39269280ns          673304 1c008dac 00140413 addi             x8, x8, 1            x8=1c00003d  x8:1c00003c
39269300ns          673305 1c008dae fe0514e3 bne              x10, x0, -24        x10:00000072
39269379ns          673309 1c008d96 02500793 addi             x15, x0, 37         x15=00000025
39269399ns          673310 1c008d9a 04f50863 beq              x10, x15, 80        x10:00000072 x15:00000025
39269419ns          673311 1c008d9e 01a005b3 add              x11, x0, x26        x11=00000002 x26:00000002
39269439ns          673312 1c008da0 000b00e7 jalr             x1, x22, 0           x1=1c008da2 x22:1c008cd4
39269479ns          673314 1c008cd4 000026b7 lui              x13, 0x2000         x13=00002000
39269499ns          673315 1c008cd6 f14027f3 csrrs            x15, x0, 0xf14      x15=00000002
39269519ns          673316 1c008cda f8068693 addi             x13, x13, -128      x13=00001f80 x13:00002000
39269538ns          673317 1c008cde 00379713 slli             x14, x15, 0x3       x14=00000010 x15:00000002
39269558ns          673318 1c008ce2 00279793 slli             x15, x15, 0x2       x15=00000008 x15:00000002
39269578ns          673319 1c008ce4 00d7f7b3 and              x15, x15, x13       x15=00000000 x15:00000008 x13:00001f80
39269598ns          673320 1c008ce6 ee873733 p.bclr           x14, x14, 23, 8     x14=00000010 x14:00000010
39269618ns          673321 1c008cea 1a10f6b7 lui              x13, 0x1a10f000     x13=1a10f000
39269638ns          673322 1c008cee 0ff57513 andi             x10, x10, 255       x10=00000072 x10:00000072
39269658ns          673323 1c008cf2 00d70733 add              x14, x14, x13       x14=1a10f010 x14:00000010 x13:1a10f000
39269678ns          673324 1c008cf4 00a7e723 p.sw             x10, x0(x15)        x10:00000072 x15:00000000  PA:1a10f010
39270016ns          673341 1c008cf8 00000513 addi             x10, x0, 0          x10=00000000
39270036ns          673342 1c008cfa 00008067 jalr             x0, x1, 0            x1:1c008da2
39270095ns          673345 1c008da2 31f52563 p.beqimm         x10, 778            x10:00000000
39270115ns          673346 1c008da6 001d8d93 addi             x27, x27, 1         x27=00000020 x27:0000001f
39270135ns          673347 1c008da8 00044503 lbu              x10, 0(x8)          x10=00000065  x8:1c00003d  PA:1c00003d
39270433ns          673362 1c008dac 00140413 addi             x8, x8, 1            x8=1c00003e  x8:1c00003d
39270453ns          673363 1c008dae fe0514e3 bne              x10, x0, -24        x10:00000065
39270533ns          673367 1c008d96 02500793 addi             x15, x0, 37         x15=00000025
39270553ns          673368 1c008d9a 04f50863 beq              x10, x15, 80        x10:00000065 x15:00000025
39270573ns          673369 1c008d9e 01a005b3 add              x11, x0, x26        x11=00000002 x26:00000002
39270592ns          673370 1c008da0 000b00e7 jalr             x1, x22, 0           x1=1c008da2 x22:1c008cd4
39270632ns          673372 1c008cd4 000026b7 lui              x13, 0x2000         x13=00002000
39270652ns          673373 1c008cd6 f14027f3 csrrs            x15, x0, 0xf14      x15=00000002
39270672ns          673374 1c008cda f8068693 addi             x13, x13, -128      x13=00001f80 x13:00002000
39270692ns          673375 1c008cde 00379713 slli             x14, x15, 0x3       x14=00000010 x15:00000002
39270712ns          673376 1c008ce2 00279793 slli             x15, x15, 0x2       x15=00000008 x15:00000002
39270732ns          673377 1c008ce4 00d7f7b3 and              x15, x15, x13       x15=00000000 x15:00000008 x13:00001f80
39270752ns          673378 1c008ce6 ee873733 p.bclr           x14, x14, 23, 8     x14=00000010 x14:00000010
39270771ns          673379 1c008cea 1a10f6b7 lui              x13, 0x1a10f000     x13=1a10f000
39270791ns          673380 1c008cee 0ff57513 andi             x10, x10, 255       x10=00000065 x10:00000065
39270811ns          673381 1c008cf2 00d70733 add              x14, x14, x13       x14=1a10f010 x14:00000010 x13:1a10f000
39270831ns          673382 1c008cf4 00a7e723 p.sw             x10, x0(x15)        x10:00000065 x15:00000000  PA:1a10f010
39271169ns          673399 1c008cf8 00000513 addi             x10, x0, 0          x10=00000000
39271189ns          673400 1c008cfa 00008067 jalr             x0, x1, 0            x1:1c008da2
39271249ns          673403 1c008da2 31f52563 p.beqimm         x10, 778            x10:00000000
39271269ns          673404 1c008da6 001d8d93 addi             x27, x27, 1         x27=00000021 x27:00000020
39271289ns          673405 1c008da8 00044503 lbu              x10, 0(x8)          x10=00000020  x8:1c00003e  PA:1c00003e
39271587ns          673420 1c008dac 00140413 addi             x8, x8, 1            x8=1c00003f  x8:1c00003e
39271607ns          673421 1c008dae fe0514e3 bne              x10, x0, -24        x10:00000020
39271686ns          673425 1c008d96 02500793 addi             x15, x0, 37         x15=00000025
39271706ns          673426 1c008d9a 04f50863 beq              x10, x15, 80        x10:00000020 x15:00000025
39271726ns          673427 1c008d9e 01a005b3 add              x11, x0, x26        x11=00000002 x26:00000002
39271746ns          673428 1c008da0 000b00e7 jalr             x1, x22, 0           x1=1c008da2 x22:1c008cd4
39271786ns          673430 1c008cd4 000026b7 lui              x13, 0x2000         x13=00002000
39271806ns          673431 1c008cd6 f14027f3 csrrs            x15, x0, 0xf14      x15=00000002
39271826ns          673432 1c008cda f8068693 addi             x13, x13, -128      x13=00001f80 x13:00002000
39271845ns          673433 1c008cde 00379713 slli             x14, x15, 0x3       x14=00000010 x15:00000002
39271865ns          673434 1c008ce2 00279793 slli             x15, x15, 0x2       x15=00000008 x15:00000002
39271885ns          673435 1c008ce4 00d7f7b3 and              x15, x15, x13       x15=00000000 x15:00000008 x13:00001f80
39271905ns          673436 1c008ce6 ee873733 p.bclr           x14, x14, 23, 8     x14=00000010 x14:00000010
39271925ns          673437 1c008cea 1a10f6b7 lui              x13, 0x1a10f000     x13=1a10f000
39271945ns          673438 1c008cee 0ff57513 andi             x10, x10, 255       x10=00000020 x10:00000020
39271965ns          673439 1c008cf2 00d70733 add              x14, x14, x13       x14=1a10f010 x14:00000010 x13:1a10f000
39271985ns          673440 1c008cf4 00a7e723 p.sw             x10, x0(x15)        x10:00000020 x15:00000000  PA:1a10f010
39272343ns          673458 1c008cf8 00000513 addi             x10, x0, 0          x10=00000000
39272362ns          673459 1c008cfa 00008067 jalr             x0, x1, 0            x1:1c008da2
39272422ns          673462 1c008da2 31f52563 p.beqimm         x10, 778            x10:00000000
39272442ns          673463 1c008da6 001d8d93 addi             x27, x27, 1         x27=00000022 x27:00000021
39272462ns          673464 1c008da8 00044503 lbu              x10, 0(x8)          x10=00000025  x8:1c00003f  PA:1c00003f
39272760ns          673479 1c008dac 00140413 addi             x8, x8, 1            x8=1c000040  x8:1c00003f
39272780ns          673480 1c008dae fe0514e3 bne              x10, x0, -24        x10:00000025
39272860ns          673484 1c008d96 02500793 addi             x15, x0, 37         x15=00000025
39272880ns          673485 1c008d9a 04f50863 beq              x10, x15, 80        x10:00000025 x15:00000025
39272959ns          673489 1c008dea 00044483 lbu              x9, 0(x8)            x9=00000064  x8:1c000040  PA:1c000040
39273277ns          673505 1c008dee 02000693 addi             x13, x0, 32         x13=00000020
39273297ns          673506 1c008df2 00140a93 addi             x21, x8, 1          x21=1c000041  x8:1c000040
39273317ns          673507 1c008df6 009005b3 add              x11, x0, x9         x11=00000064  x9:00000064
39273337ns          673508 1c008df8 0a4b8513 addi             x10, x23, 164       x10=1c0000a4 x23:1c000000
39273357ns          673509 1c008dfc 00d12823 sw               x13, 16(x2)         x13:00000020  x2:10001618  PA:10001628
39273377ns          673510 1c008dfe 00012c23 sw               x0, 24(x2)           x2:10001618  PA:10001630
39273397ns          673511 1c008e00 00012a23 sw               x0, 20(x2)           x2:10001618  PA:1000162c
39273417ns          673512 1c008e02 00012e23 sw               x0, 28(x2)           x2:10001618  PA:10001634
39273436ns          673513 1c008e04 00012623 sw               x0, 12(x2)           x2:10001618  PA:10001624
39273456ns          673514 1c008e06 02300913 addi             x18, x0, 35         x18=00000023
39273476ns          673515 1c008e0a 02d00a13 addi             x20, x0, 45         x20=0000002d
39273496ns          673516 1c008e0e 015009b3 add              x19, x0, x21        x19=1c000041 x21:1c000041
39273516ns          673517 1c008e10 e45ff0ef jal              x1, -444             x1=1c008e12
39273596ns          673521 1c008c54 00054783 lbu              x15, 0(x10)         x15=0000002d x10:1c0000a4  PA:1c0000a4
39273914ns          673537 1c008c58 0ff5f593 andi             x11, x11, 255       x11=00000064 x11:00000064
39273934ns          673538 1c008c5c 00b78c63 beq              x15, x11, 24        x15:0000002d x11:00000064
39273954ns          673539 1c008c60 00078b63 beq              x15, x0, 22         x15:0000002d
39273973ns          673540 1c008c62 00150793 addi             x15, x10, 1         x15=1c0000a5 x10:1c0000a4
39273993ns          673541 1c008c66 0040006f jal              x0, 4              
39274033ns          673543 1c008c6a 00f00533 add              x10, x0, x15        x10=1c0000a5 x15:1c0000a5
39274053ns          673544 1c008c6c 0017c70b p.lbu            x14, 1(x15!)        x14=0000002b x15=1c0000a6 x15:1c0000a5  PA:1c0000a5
39274411ns          673562 1c008c70 feb71ce3 bne              x14, x11, -8        x14:0000002b x11:00000064
39274471ns          673565 1c008c68 00070763 beq              x14, x0, 14         x14:0000002b
39274491ns          673566 1c008c6a 00f00533 add              x10, x0, x15        x10=1c0000a6 x15:1c0000a6
39274510ns          673567 1c008c6c 0017c70b p.lbu            x14, 1(x15!)        x14=00000020 x15=1c0000a7 x15:1c0000a6  PA:1c0000a6
39274829ns          673583 1c008c70 feb71ce3 bne              x14, x11, -8        x14:00000020 x11:00000064
39274888ns          673586 1c008c68 00070763 beq              x14, x0, 14         x14:00000020
39274908ns          673587 1c008c6a 00f00533 add              x10, x0, x15        x10=1c0000a7 x15:1c0000a7
39274928ns          673588 1c008c6c 0017c70b p.lbu            x14, 1(x15!)        x14=00000023 x15=1c0000a8 x15:1c0000a7  PA:1c0000a7
39275246ns          673604 1c008c70 feb71ce3 bne              x14, x11, -8        x14:00000023 x11:00000064
39275306ns          673607 1c008c68 00070763 beq              x14, x0, 14         x14:00000023
39275326ns          673608 1c008c6a 00f00533 add              x10, x0, x15        x10=1c0000a8 x15:1c0000a8
39275346ns          673609 1c008c6c 0017c70b p.lbu            x14, 1(x15!)        x14=00000030 x15=1c0000a9 x15:1c0000a8  PA:1c0000a8
39275664ns          673625 1c008c70 feb71ce3 bne              x14, x11, -8        x14:00000030 x11:00000064
39275724ns          673628 1c008c68 00070763 beq              x14, x0, 14         x14:00000030
39275743ns          673629 1c008c6a 00f00533 add              x10, x0, x15        x10=1c0000a9 x15:1c0000a9
39275763ns          673630 1c008c6c 0017c70b p.lbu            x14, 1(x15!)        x14=00000000 x15=1c0000aa x15:1c0000a9  PA:1c0000a9
39276082ns          673646 1c008c70 feb71ce3 bne              x14, x11, -8        x14:00000000 x11:00000064
39276141ns          673649 1c008c68 00070763 beq              x14, x0, 14         x14:00000000
39276221ns          673653 1c008c76 0015b593 sltiu            x11, x11, 1         x11=00000000 x11:00000064
39276241ns          673654 1c008c7a 40b005b3 sub              x11, x0, x11        x11=00000000 x11:00000000
39276261ns          673655 1c008c7e 00b57533 and              x10, x10, x11       x10=00000000 x10:1c0000a9 x11:00000000
39276280ns          673656 1c008c80 00008067 jalr             x0, x1, 0            x1:1c008e12
39276320ns          673658 1c008e12 02050a63 beq              x10, x0, 52         x10:00000000
39276400ns          673662 1c008e46 02a00613 addi             x12, x0, 42         x12=0000002a
39276420ns          673663 1c008e4a 2ac48663 beq              x9, x12, 684         x9:00000064 x12:0000002a
39276440ns          673664 1c008e4e fd048613 addi             x12, x9, -48        x12=00000034  x9:00000064
39276459ns          673665 1c008e52 00900593 addi             x11, x0, 9          x11=00000009
39276479ns          673666 1c008e54 00000913 addi             x18, x0, 0          x18=00000000
39276499ns          673667 1c008e56 28c5f063 bgeu             x11, x12, 640       x11:00000009 x12:00000034
39276519ns          673668 1c008e5a 02e00693 addi             x13, x0, 46         x13=0000002e
39276539ns          673669 1c008e5e fff00a13 addi             x20, x0, -1         x20=ffffffff
39276559ns          673670 1c008e60 2ed48363 beq              x9, x13, 742         x9:00000064 x13:0000002e
39276579ns          673671 1c008e64 1c0007b7 lui              x15, 0x1c000000     x15=1c000000
39276599ns          673672 1c008e68 009005b3 add              x11, x0, x9         x11=00000064  x9:00000064
39276619ns          673673 1c008e6a 0ac78513 addi             x10, x15, 172       x10=1c0000ac x15:1c000000
39276638ns          673674 1c008e6e de7ff0ef jal              x1, -538             x1=1c008e70
39276678ns          673676 1c008c54 00054783 lbu              x15, 0(x10)         x15=00000068 x10:1c0000ac  PA:1c0000ac
39277036ns          673694 1c008c58 0ff5f593 andi             x11, x11, 255       x11=00000064 x11:00000064
39277056ns          673695 1c008c5c 00b78c63 beq              x15, x11, 24        x15:00000068 x11:00000064
39277076ns          673696 1c008c60 00078b63 beq              x15, x0, 22         x15:00000068
39277096ns          673697 1c008c62 00150793 addi             x15, x10, 1         x15=1c0000ad x10:1c0000ac
39277116ns          673698 1c008c66 0040006f jal              x0, 4              
39277156ns          673700 1c008c6a 00f00533 add              x10, x0, x15        x10=1c0000ad x15:1c0000ad
39277175ns          673701 1c008c6c 0017c70b p.lbu            x14, 1(x15!)        x14=0000006c x15=1c0000ae x15:1c0000ad  PA:1c0000ad
39277494ns          673717 1c008c70 feb71ce3 bne              x14, x11, -8        x14:0000006c x11:00000064
39277553ns          673720 1c008c68 00070763 beq              x14, x0, 14         x14:0000006c
39277573ns          673721 1c008c6a 00f00533 add              x10, x0, x15        x10=1c0000ae x15:1c0000ae
39277593ns          673722 1c008c6c 0017c70b p.lbu            x14, 1(x15!)        x14=0000004c x15=1c0000af x15:1c0000ae  PA:1c0000ae
39277971ns          673741 1c008c70 feb71ce3 bne              x14, x11, -8        x14:0000004c x11:00000064
39278031ns          673744 1c008c68 00070763 beq              x14, x0, 14         x14:0000004c
39278050ns          673745 1c008c6a 00f00533 add              x10, x0, x15        x10=1c0000af x15:1c0000af
39278070ns          673746 1c008c6c 0017c70b p.lbu            x14, 1(x15!)        x14=0000007a x15=1c0000b0 x15:1c0000af  PA:1c0000af
39278389ns          673762 1c008c70 feb71ce3 bne              x14, x11, -8        x14:0000007a x11:00000064
39278448ns          673765 1c008c68 00070763 beq              x14, x0, 14         x14:0000007a
39278468ns          673766 1c008c6a 00f00533 add              x10, x0, x15        x10=1c0000b0 x15:1c0000b0
39278488ns          673767 1c008c6c 0017c70b p.lbu            x14, 1(x15!)        x14=00000000 x15=1c0000b1 x15:1c0000b0  PA:1c0000b0
39278806ns          673783 1c008c70 feb71ce3 bne              x14, x11, -8        x14:00000000 x11:00000064
39278866ns          673786 1c008c68 00070763 beq              x14, x0, 14         x14:00000000
39278945ns          673790 1c008c76 0015b593 sltiu            x11, x11, 1         x11=00000000 x11:00000064
39278965ns          673791 1c008c7a 40b005b3 sub              x11, x0, x11        x11=00000000 x11:00000000
39278985ns          673792 1c008c7e 00b57533 and              x10, x10, x11       x10=00000000 x10:1c0000b0 x11:00000000
39279005ns          673793 1c008c80 00008067 jalr             x0, x1, 0            x1:1c008e70
39279085ns          673797 1c008e70 01300433 add              x8, x0, x19          x8=1c000041 x19:1c000041
39279105ns          673798 1c008e72 00050563 beq              x10, x0, 10         x10:00000000
39279164ns          673801 1c008e7c 06700693 addi             x13, x0, 103        x13=00000067
39279224ns          673804 1c008e80 2896d963 bge              x13, x9, 658        x13:00000067  x9:00000064
39279363ns          673811 1c009112 06500693 addi             x13, x0, 101        x13=00000065
39279383ns          673812 1c009116 12d4d563 bge              x9, x13, 298         x9:00000064 x13:00000065
39279403ns          673813 1c00911a 04700693 addi             x13, x0, 71         x13=00000047
39279463ns          673816 1c00911e dc96cbe3 blt              x13, x9, -554       x13:00000047  x9:00000064
39279562ns          673821 1c008ef4 06300693 addi             x13, x0, 99         x13=00000063
39279602ns          673823 1c008ef8 0ad488e3 beq              x9, x13, 2224        x9:00000064 x13:00000063
39279622ns          673824 1c008efc 0096c9e3 blt              x13, x9, 2066       x13:00000063  x9:00000064
39279761ns          673831 1c00970e 000c2583 lw               x11, 0(x24)         x11=00000002 x24:10001770  PA:10001770
39279781ns          673832 1c009712 004c0c13 addi             x24, x24, 4         x24=10001774 x24:10001770
39279801ns          673833 1c009714 3405cc63 blt              x11, x0, 856        x11:00000002
39279820ns          673834 1c009718 01412603 lw               x12, 20(x2)         x12=00000000  x2:10001618  PA:1000162c
39279840ns          673835 1c00971a 00b006b3 add              x13, x0, x11        x13=00000002 x11:00000002
39279860ns          673836 1c00971c 2e061863 bne              x12, x0, 752        x12:00000000
39279880ns          673837 1c009720 01812703 lw               x14, 24(x2)         x14=00000000  x2:10001618  PA:10001630
39279900ns          673838 1c009722 019007b3 add              x15, x0, x25        x15=1000163c x25:1000163c
39279920ns          673839 1c009724 00070763 beq              x14, x0, 14         x14:00000000
39280019ns          673844 1c009732 00f00733 add              x14, x0, x15        x14=1000163c x15:1000163c
39280059ns          673846 1c009734 00a00513 addi             x10, x0, 10         x10=0000000a
39280079ns          673847 1c009736 02a6f633 remu             x12, x13, x10       x12=00000002 x13:00000002 x10:0000000a
39280696ns          673878 1c00973a 02a6d6b3 divu             x13, x13, x10       x13=00000000 x13:00000002 x10:0000000a
39281312ns          673909 1c00973e 03060613 addi             x12, x12, 48        x12=00000032 x12:00000002
39281332ns          673910 1c009742 00c700ab p.sb             x12, 1(x14!)        x14=1000163d x12:00000032 x14:1000163c  PA:1000163c
39281352ns          673911 1c009746 fe0698e3 bne              x13, x0, -16        x13:00000000
39281372ns          673912 1c009748 40f706b3 sub              x13, x14, x15       x13=00000001 x14:1000163d x15:1000163c
39281392ns          673913 1c00974c 0146dc63 bge              x13, x20, 24        x13:00000001 x20:ffffffff
39281471ns          673917 1c009764 00e006b3 add              x13, x0, x14        x13=1000163d x14:1000163d
39281491ns          673918 1c009766 fe068fab p.sb             x0, -1(x13!)        x13=1000163c x13:1000163d  PA:1000163d
39281511ns          673919 1c00976a 00d7fc63 bgeu             x15, x13, 24        x15:1000163c x13:1000163c
39281650ns          673926 1c009782 01412783 lw               x15, 20(x2)         x15=00000000  x2:10001618  PA:1000162c
39281690ns          673928 1c009784 01812603 lw               x12, 24(x2)         x12=00000000  x2:10001618  PA:10001630
39281710ns          673929 1c009786 419704b3 sub              x9, x14, x25         x9=00000001 x14:1000163d x25:1000163c
39281730ns          673930 1c00978a 00c7e7b3 or               x15, x15, x12       x15=00000000 x15:00000000 x12:00000000
39281750ns          673931 1c00978c 00f12623 sw               x15, 12(x2)         x15:00000000  x2:10001618  PA:10001624
39281789ns          673933 1c00978e 00079363 bne              x15, x0, 6          x15:00000000
39281809ns          673934 1c009790 01f5d593 srli             x11, x11, 0x1f      x11=00000000 x11:00000002
39281829ns          673935 1c009792 00b12623 sw               x11, 12(x2)         x11:00000000  x2:10001618  PA:10001624
39281849ns          673936 1c009794 e3fa28e3 p.beqimm         x20, -464           x20:ffffffff
39282306ns          673959 1c0095c4 0c800793 addi             x15, x0, 200        x15=000000c8
39282326ns          673960 1c0095c8 9e97d0e3 bge              x15, x9, -1568      x15:000000c8  x9:00000001
39282446ns          673966 1c008fa8 0f24d163 bge              x9, x18, 226         x9:00000001 x18:00000000
39282645ns          673976 1c00908a d00482e3 beq              x9, x0, -764         x9:00000001
39282664ns          673977 1c00908e 01900933 add              x18, x0, x25        x18=1000163c x25:1000163c
39282704ns          673979 1c009090 419d8db3 sub              x27, x27, x25       x27=efffe9e6 x27:00000022 x25:1000163c
39282744ns          673981 1c009094 00a0006f jal              x0, 10             
39282843ns          673986 1c00909e 0019450b p.lbu            x10, 1(x18!)        x10=00000032 x18=1000163d x18:1000163c  PA:1000163c
39282863ns          673987 1c0090a2 01a005b3 add              x11, x0, x26        x11=00000002 x26:00000002
39282883ns          673988 1c0090a4 000b00e7 jalr             x1, x22, 0           x1=1c0090a6 x22:1c008cd4
39282923ns          673990 1c008cd4 000026b7 lui              x13, 0x2000         x13=00002000
39282943ns          673991 1c008cd6 f14027f3 csrrs            x15, x0, 0xf14      x15=00000002
39282963ns          673992 1c008cda f8068693 addi             x13, x13, -128      x13=00001f80 x13:00002000
39283022ns          673995 1c008cde 00379713 slli             x14, x15, 0x3       x14=00000010 x15:00000002
39283042ns          673996 1c008ce2 00279793 slli             x15, x15, 0x2       x15=00000008 x15:00000002
39283062ns          673997 1c008ce4 00d7f7b3 and              x15, x15, x13       x15=00000000 x15:00000008 x13:00001f80
39283082ns          673998 1c008ce6 ee873733 p.bclr           x14, x14, 23, 8     x14=00000010 x14:00000010
39283102ns          673999 1c008cea 1a10f6b7 lui              x13, 0x1a10f000     x13=1a10f000
39283162ns          674002 1c008cee 0ff57513 andi             x10, x10, 255       x10=00000032 x10:00000032
39283182ns          674003 1c008cf2 00d70733 add              x14, x14, x13       x14=1a10f010 x14:00000010 x13:1a10f000
39283201ns          674004 1c008cf4 00a7e723 p.sw             x10, x0(x15)        x10:00000032 x15:00000000  PA:1a10f010
39283818ns          674035 1c008cf8 00000513 addi             x10, x0, 0          x10=00000000
39283838ns          674036 1c008cfa 00008067 jalr             x0, x1, 0            x1:1c0090a6
39283878ns          674038 1c0090a6 fff48493 addi             x9, x9, -1           x9=00000000  x9:00000001
39283898ns          674039 1c0090a8 fff537e3 p.bneimm         x10, -18            x10:00000000
39284037ns          674046 1c009096 012d8733 add              x14, x27, x18       x14=00000023 x27:efffe9e6 x18:1000163d
39284057ns          674047 1c00909a 5a048b63 beq              x9, x0, 1462         x9:00000000
39284156ns          674052 1c009650 00e00db3 add              x27, x0, x14        x27=00000023 x14:00000023
39284196ns          674054 1c009652 f3cff06f jal              x0, -2244          
39284315ns          674060 1c008d8e 00044503 lbu              x10, 0(x8)          x10=0000000a  x8:1c000041  PA:1c000041
39284614ns          674075 1c008d92 00140413 addi             x8, x8, 1            x8=1c000042  x8:1c000041
39284633ns          674076 1c008d94 00050e63 beq              x10, x0, 28         x10:0000000a
39284653ns          674077 1c008d96 02500793 addi             x15, x0, 37         x15=00000025
39284673ns          674078 1c008d9a 04f50863 beq              x10, x15, 80        x10:0000000a x15:00000025
39284693ns          674079 1c008d9e 01a005b3 add              x11, x0, x26        x11=00000002 x26:00000002
39284713ns          674080 1c008da0 000b00e7 jalr             x1, x22, 0           x1=1c008da2 x22:1c008cd4
39284753ns          674082 1c008cd4 000026b7 lui              x13, 0x2000         x13=00002000
39284773ns          674083 1c008cd6 f14027f3 csrrs            x15, x0, 0xf14      x15=00000002
39284792ns          674084 1c008cda f8068693 addi             x13, x13, -128      x13=00001f80 x13:00002000
39284812ns          674085 1c008cde 00379713 slli             x14, x15, 0x3       x14=00000010 x15:00000002
39284832ns          674086 1c008ce2 00279793 slli             x15, x15, 0x2       x15=00000008 x15:00000002
39284852ns          674087 1c008ce4 00d7f7b3 and              x15, x15, x13       x15=00000000 x15:00000008 x13:00001f80
39284872ns          674088 1c008ce6 ee873733 p.bclr           x14, x14, 23, 8     x14=00000010 x14:00000010
39284892ns          674089 1c008cea 1a10f6b7 lui              x13, 0x1a10f000     x13=1a10f000
39284912ns          674090 1c008cee 0ff57513 andi             x10, x10, 255       x10=0000000a x10:0000000a
39284932ns          674091 1c008cf2 00d70733 add              x14, x14, x13       x14=1a10f010 x14:00000010 x13:1a10f000
39284952ns          674092 1c008cf4 00a7e723 p.sw             x10, x0(x15)        x10:0000000a x15:00000000  PA:1a10f010
39285290ns          674109 1c008cf8 00000513 addi             x10, x0, 0          x10=00000000
39285310ns          674110 1c008cfa 00008067 jalr             x0, x1, 0            x1:1c008da2
39285369ns          674113 1c008da2 31f52563 p.beqimm         x10, 778            x10:00000000
39285389ns          674114 1c008da6 001d8d93 addi             x27, x27, 1         x27=00000024 x27:00000023
39285409ns          674115 1c008da8 00044503 lbu              x10, 0(x8)          x10=00000000  x8:1c000042  PA:1c000042
39285827ns          674136 1c008dac 00140413 addi             x8, x8, 1            x8=1c000043  x8:1c000042
39285847ns          674137 1c008dae fe0514e3 bne              x10, x0, -24        x10:00000000
39285866ns          674138 1c008db0 01b00433 add              x8, x0, x27          x8=00000024 x27:00000024
39285886ns          674139 1c008db2 00800533 add              x10, x0, x8         x10=00000024  x8:00000024
39285906ns          674140 1c008db4 12c12083 lw               x1, 300(x2)          x1=1c008d40  x2:10001618  PA:10001744
39285926ns          674141 1c008db8 12812403 lw               x8, 296(x2)          x8=00000002  x2:10001618  PA:10001740
39285946ns          674142 1c008dbc 12412483 lw               x9, 292(x2)          x9=00000000  x2:10001618  PA:1000173c
39285986ns          674144 1c008dc0 12012903 lw               x18, 288(x2)        x18=00000000  x2:10001618  PA:10001738
39286026ns          674146 1c008dc4 11c12983 lw               x19, 284(x2)        x19=00000000  x2:10001618  PA:10001734
39286045ns          674147 1c008dc8 11812a03 lw               x20, 280(x2)        x20=00000000  x2:10001618  PA:10001730
39286065ns          674148 1c008dcc 11412a83 lw               x21, 276(x2)        x21=00000000  x2:10001618  PA:1000172c
39286364ns          674163 1c008dd0 11012b03 lw               x22, 272(x2)        x22=00000000  x2:10001618  PA:10001728
39286403ns          674165 1c008dd4 10c12b83 lw               x23, 268(x2)        x23=00000000  x2:10001618  PA:10001724
39286423ns          674166 1c008dd8 10812c03 lw               x24, 264(x2)        x24=00000000  x2:10001618  PA:10001720
39286443ns          674167 1c008ddc 10412c83 lw               x25, 260(x2)        x25=00000000  x2:10001618  PA:1000171c
39286463ns          674168 1c008de0 10012d03 lw               x26, 256(x2)        x26=00000000  x2:10001618  PA:10001718
39286483ns          674169 1c008de4 0fc12d83 lw               x27, 252(x2)        x27=00000000  x2:10001618  PA:10001714
39286503ns          674170 1c008de6 13010113 addi             x2, x2, 304          x2=10001748  x2:10001618
39286523ns          674171 1c008de8 00008067 jalr             x0, x1, 0            x1:1c008d40
39286662ns          674178 1c008d40 01c12083 lw               x1, 28(x2)           x1=1c0081fe  x2:10001748  PA:10001764
39286682ns          674179 1c008d42 04010113 addi             x2, x2, 64           x2=10001788  x2:10001748
39286722ns          674181 1c008d44 00008067 jalr             x0, x1, 0            x1:1c0081fe
39286801ns          674185 1c0081fe 00000513 addi             x10, x0, 0          x10=00000000
39286881ns          674189 1c008200 55e000ef jal              x1, 1374             x1=1c008202
39287815ns          674236 1c00875e 002047b7 lui              x15, 0x204000       x15=00204000
39287855ns          674238 1c008762 02078793 addi             x15, x15, 32        x15=00204020 x15:00204000
39287875ns          674239 1c008766 00f50533 add              x10, x10, x15       x10=00204020 x10:00000000 x15:00204020
39287895ns          674240 1c008768 00751513 slli             x10, x10, 0x7       x10=10201000 x10:00204020
39287915ns          674241 1c00876a 00008067 jalr             x0, x1, 0            x1:1c008202
39288492ns          674270 1c008202 32041763 bne              x8, x0, 814          x8:00000002
39288989ns          674295 1c008530 fc143ee3 p.bneimm         x8, -36              x8:00000002
39289466ns          674319 1c00850c 299010ef jal              x1, 6808             x1=1c008510
39290003ns          674346 1c009fa4 f14027f3 csrrs            x15, x0, 0xf14      x15=00000002
39290043ns          674348 1c009fa8 01f00713 addi             x14, x0, 31         x14=0000001f
39290063ns          674349 1c009faa ca5797b3 p.extractu       x15, x15, 5, 5      x15=00000000 x15:00000002
39290441ns          674368 1c009fae 00e78863 beq              x15, x14, 16        x15:00000000 x14:0000001f
39290480ns          674370 1c009fb2 002047b7 lui              x15, 0x204000       x15=00204000
39290500ns          674371 1c009fb6 20078793 addi             x15, x15, 512       x15=00204200 x15:00204000
39290520ns          674372 1c009fba 01c7e703 p.elw            x14, 28(x15)        x14=00010000 x15:00204200  PA:0020421c
40256476ns          722859 1c009fbe 00008067 jalr             x0, x1, 0            x1:1c008510
40256576ns          722864 1c008510 06c12083 lw               x1, 108(x2)          x1=1c009e76  x2:10001788  PA:100017f4
40256596ns          722865 1c008512 06812403 lw               x8, 104(x2)          x8=00000000  x2:10001788  PA:100017f0
40256616ns          722866 1c008514 06412483 lw               x9, 100(x2)          x9=00000000  x2:10001788  PA:100017ec
40256636ns          722867 1c008516 06012903 lw               x18, 96(x2)         x18=00000000  x2:10001788  PA:100017e8
40256656ns          722868 1c008518 05c12983 lw               x19, 92(x2)         x19=00000000  x2:10001788  PA:100017e4
40256676ns          722869 1c00851a 05812a03 lw               x20, 88(x2)         x20=00000000  x2:10001788  PA:100017e0
40256696ns          722870 1c00851c 05412a83 lw               x21, 84(x2)         x21=00000000  x2:10001788  PA:100017dc
40256717ns          722871 1c00851e 05012b03 lw               x22, 80(x2)         x22=00000000  x2:10001788  PA:100017d8
40257178ns          722894 1c008520 04c12b83 lw               x23, 76(x2)         x23=00000000  x2:10001788  PA:100017d4
40257198ns          722895 1c008522 04812c03 lw               x24, 72(x2)         x24=00000000  x2:10001788  PA:100017d0
40257218ns          722896 1c008524 04412c83 lw               x25, 68(x2)         x25=00000000  x2:10001788  PA:100017cc
40257238ns          722897 1c008526 04012d03 lw               x26, 64(x2)         x26=00000000  x2:10001788  PA:100017c8
40257258ns          722898 1c008528 03c12d83 lw               x27, 60(x2)         x27=00000000  x2:10001788  PA:100017c4
40257278ns          722899 1c00852a 00100513 addi             x10, x0, 1          x10=00000001
40257298ns          722900 1c00852c 07010113 addi             x2, x2, 112          x2=100017f8  x2:10001788
40257318ns          722901 1c00852e 00008067 jalr             x0, x1, 0            x1:1c009e76
40257399ns          722905 1c009e76 01f00713 addi             x14, x0, 31         x14=0000001f
40257439ns          722907 1c009e78 f14027f3 csrrs            x15, x0, 0xf14      x15=00000002
40257459ns          722908 1c009e7c ca5797b3 p.extractu       x15, x15, 5, 5      x15=00000000 x15:00000002
40257519ns          722911 1c009e80 00e78863 beq              x15, x14, 16        x15:00000000 x14:0000001f
40257559ns          722913 1c009e84 002047b7 lui              x15, 0x204000       x15=00204000
40257579ns          722914 1c009e88 20078793 addi             x15, x15, 512       x15=00204200 x15:00204000
40257599ns          722915 1c009e8c 01c7e703 p.elw            x14, 28(x15)        x14=00010000 x15:00204200  PA:0020421c
40258101ns          722940 1c009e90 f14027f3 csrrs            x15, x0, 0xf14      x15=00000002
40258121ns          722941 1c009e94 f457b7b3 p.bclr           x15, x15, 26, 5     x15=00000002 x15:00000002
40258141ns          722942 1c009e98 00079963 bne              x15, x0, 18         x15:00000002
40258623ns          722966 1c009eaa 002047b7 lui              x15, 0x204000       x15=00204000
40258643ns          722967 1c009eae fff00713 addi             x14, x0, -1         x14=ffffffff
40259064ns          722988 1c009eb0 00e7a223 sw               x14, 4(x15)         x14:ffffffff x15:00204000  PA:00204004
