                Time          Cycles PC       Instr    Mnemonic
39191657ns          669401 1c008080 000000b7 lui              x1, 0x0              x1=00000000
39191697ns          669403 1c008084 00000137 lui              x2, 0x0              x2=00000000
39191717ns          669404 1c008088 000001b7 lui              x3, 0x0              x3=00000000
39191737ns          669405 1c00808c 00000237 lui              x4, 0x0              x4=00000000
39192174ns          669427 1c008090 000002b7 lui              x5, 0x0              x5=00000000
39192214ns          669429 1c008094 00000337 lui              x6, 0x0              x6=00000000
39192234ns          669430 1c008098 000003b7 lui              x7, 0x0              x7=00000000
39192254ns          669431 1c00809c 00000437 lui              x8, 0x0              x8=00000000
39192691ns          669453 1c0080a0 000004b7 lui              x9, 0x0              x9=00000000
39192731ns          669455 1c0080a4 00000537 lui              x10, 0x0            x10=00000000
39192751ns          669456 1c0080a8 000005b7 lui              x11, 0x0            x11=00000000
39192771ns          669457 1c0080ac 00000637 lui              x12, 0x0            x12=00000000
39193228ns          669480 1c0080b0 000006b7 lui              x13, 0x0            x13=00000000
39193268ns          669482 1c0080b4 00000737 lui              x14, 0x0            x14=00000000
39193288ns          669483 1c0080b8 000007b7 lui              x15, 0x0            x15=00000000
39193308ns          669484 1c0080bc 00000837 lui              x16, 0x0            x16=00000000
39193745ns          669506 1c0080c0 000008b7 lui              x17, 0x0            x17=00000000
39193785ns          669508 1c0080c4 00000937 lui              x18, 0x0            x18=00000000
39193805ns          669509 1c0080c8 000009b7 lui              x19, 0x0            x19=00000000
39193825ns          669510 1c0080cc 00000a37 lui              x20, 0x0            x20=00000000
39194262ns          669532 1c0080d0 00000ab7 lui              x21, 0x0            x21=00000000
39194302ns          669534 1c0080d4 00000b37 lui              x22, 0x0            x22=00000000
39194322ns          669535 1c0080d8 00000bb7 lui              x23, 0x0            x23=00000000
39194342ns          669536 1c0080dc 00000c37 lui              x24, 0x0            x24=00000000
39194779ns          669558 1c0080e0 00000cb7 lui              x25, 0x0            x25=00000000
39194819ns          669560 1c0080e4 00000d37 lui              x26, 0x0            x26=00000000
39194839ns          669561 1c0080e8 00000db7 lui              x27, 0x0            x27=00000000
39194859ns          669562 1c0080ec 00000e37 lui              x28, 0x0            x28=00000000
39195296ns          669584 1c0080f0 00000eb7 lui              x29, 0x0            x29=00000000
39195336ns          669586 1c0080f4 00000f37 lui              x30, 0x0            x30=00000000
39195356ns          669587 1c0080f8 00000fb7 lui              x31, 0x0            x31=00000000
39195376ns          669588 1c0080fc 0700006f jal              x0, 112            
39196271ns          669633 1c00816c f1402573 csrrs            x10, x0, 0xf14      x10=00000004
39196728ns          669656 1c008170 01f57593 andi             x11, x10, 31        x11=00000004 x10:00000004
39196768ns          669658 1c008174 00555513 srli             x10, x10, 0x5       x10=00000000 x10:00000004
39196788ns          669659 1c008176 01f00613 addi             x12, x0, 31         x12=0000001f
39196808ns          669660 1c008178 00c50463 beq              x10, x12, 8         x10:00000000 x12:0000001f
39196828ns          669661 1c00817c f95ff06f jal              x0, -108           
39197723ns          669706 1c008110 f3ff8117 auipc            x2, 0xf3ff8000       x2=10000110
39197763ns          669708 1c008114 ef410113 addi             x2, x2, -268         x2=10000004  x2:10000110
39197782ns          669709 1c008118 00012103 lw               x2, 0(x2)            x2=10000008  x2:10000004  PA:10000004
39197802ns          669710 1c00811c 000011b7 lui              x3, 0x1000           x3=00001000
39198240ns          669732 1c008120 80018193 addi             x3, x3, -2048        x3=00000800  x3:00001000
39198280ns          669734 1c008124 00158593 addi             x11, x11, 1         x11=00000005 x11:00000004
39198300ns          669735 1c008128 02b180b3 mul              x1, x3, x11          x1=00002800  x3:00000800 x11:00000005
39198319ns          669736 1c00812c 00110133 add              x2, x2, x1           x2=10002808  x2:10000008  x1:00002800
39198757ns          669758 1c008130 50d0106f jal              x0, 7436           
39199334ns          669787 1c009e3c ff010113 addi             x2, x2, -16          x2=100027f8  x2:10002808
39199354ns          669788 1c009e3e 00112623 sw               x1, 12(x2)           x1:00002800  x2:100027f8  PA:10002804
39199791ns          669810 1c009e40 002047b7 lui              x15, 0x204000       x15=00204000
39199831ns          669812 1c009e44 00070737 lui              x14, 0x70000        x14=00070000
39199851ns          669813 1c009e48 00e7a423 sw               x14, 8(x15)         x14:00070000 x15:00204000  PA:00204008
39199871ns          669814 1c009e4a 0ff00713 addi             x14, x0, 255        x14=000000ff
39200308ns          669836 1c009e4e 20078793 addi             x15, x15, 512       x15=00204200 x15:00204000
39200348ns          669838 1c009e52 00e7a023 sw               x14, 0(x15)         x14:000000ff x15:00204200  PA:00204200
39200408ns          669841 1c009e56 00e7a623 sw               x14, 12(x15)        x14:000000ff x15:00204200  PA:0020420c
39200428ns          669842 1c009e5a 01f00693 addi             x13, x0, 31         x13=0000001f
39200447ns          669843 1c009e5c f1402773 csrrs            x14, x0, 0xf14      x14=00000004
39200825ns          669862 1c009e60 ca571733 p.extractu       x14, x14, 5, 5      x14=00000000 x14:00000004
39200865ns          669864 1c009e64 00d70463 beq              x14, x13, 8         x14:00000000 x13:0000001f
39200885ns          669865 1c009e68 01c7e703 p.elw            x14, 28(x15)        x14=00010000 x15:00204200  PA:0020421c
39201064ns          669874 1c009e6c 1c0017b7 lui              x15, 0x1c001000     x15=1c001000
39201362ns          669889 1c009e70 93c7a783 lw               x15, -1732(x15)     x15=1c0081c6 x15:1c001000  PA:1c00093c
39201879ns          669915 1c009e74 000780e7 jalr             x1, x15, 0           x1=1c009e76 x15:1c0081c6
39202357ns          669939 1c0081c6 f9010113 addi             x2, x2, -112         x2=10002788  x2:100027f8
39202397ns          669941 1c0081c8 06812423 sw               x8, 104(x2)          x8:00000000  x2:10002788  PA:100027f0
39202416ns          669942 1c0081ca f14027f3 csrrs            x15, x0, 0xf14      x15=00000004
39202854ns          669964 1c0081ce 1c000537 lui              x10, 0x1c000000     x10=1c000000
39202894ns          669966 1c0081d2 f457b433 p.bclr           x8, x15, 26, 5       x8=00000004 x15:00000004
39202914ns          669967 1c0081d6 4057d793 srai             x15, x15, 0x405     x15=00000000 x15:00000004
39202933ns          669968 1c0081d8 00800633 add              x12, x0, x8         x12=00000004  x8:00000004
39202953ns          669969 1c0081da f267b5b3 p.bclr           x11, x15, 25, 6     x11=00000000 x15:00000000
39203371ns          669990 1c0081de 01c50513 addi             x10, x10, 28        x10=1c00001c x10:1c000000
39203391ns          669991 1c0081e2 06112623 sw               x1, 108(x2)          x1:1c009e76  x2:10002788  PA:100027f4
39203411ns          669992 1c0081e4 06912223 sw               x9, 100(x2)          x9:00000000  x2:10002788  PA:100027ec
39203431ns          669993 1c0081e6 07212023 sw               x18, 96(x2)         x18:00000000  x2:10002788  PA:100027e8
39203451ns          669994 1c0081e8 05312e23 sw               x19, 92(x2)         x19:00000000  x2:10002788  PA:100027e4
39203470ns          669995 1c0081ea 05412c23 sw               x20, 88(x2)         x20:00000000  x2:10002788  PA:100027e0
39203490ns          669996 1c0081ec 05512a23 sw               x21, 84(x2)         x21:00000000  x2:10002788  PA:100027dc
39203510ns          669997 1c0081ee 05612823 sw               x22, 80(x2)         x22:00000000  x2:10002788  PA:100027d8
39203908ns          670017 1c0081f0 05712623 sw               x23, 76(x2)         x23:00000000  x2:10002788  PA:100027d4
39203928ns          670018 1c0081f2 05812423 sw               x24, 72(x2)         x24:00000000  x2:10002788  PA:100027d0
39203948ns          670019 1c0081f4 05912223 sw               x25, 68(x2)         x25:00000000  x2:10002788  PA:100027cc
39203968ns          670020 1c0081f6 05a12023 sw               x26, 64(x2)         x26:00000000  x2:10002788  PA:100027c8
39203988ns          670021 1c0081f8 03b12e23 sw               x27, 60(x2)         x27:00000000  x2:10002788  PA:100027c4
39204007ns          670022 1c0081fa 31f000ef jal              x1, 2846             x1=1c0081fe
39204883ns          670066 1c008d18 fc010113 addi             x2, x2, -64          x2=10002748  x2:10002788
39204922ns          670068 1c008d1a 02410313 addi             x6, x2, 36           x6=1000276c  x2:10002748
39204942ns          670069 1c008d1e 02c12423 sw               x12, 40(x2)         x12:00000004  x2:10002748  PA:10002770
39205360ns          670090 1c008d20 00a00633 add              x12, x0, x10        x12=1c00001c x10:1c00001c
39205400ns          670092 1c008d22 1c009537 lui              x10, 0x1c009000     x10=1c009000
39205419ns          670093 1c008d26 02b12223 sw               x11, 36(x2)         x11:00000000  x2:10002748  PA:1000276c
39205439ns          670094 1c008d28 02d12623 sw               x13, 44(x2)         x13:0000001f  x2:10002748  PA:10002774
39205459ns          670095 1c008d2a 00200593 addi             x11, x0, 2          x11=00000002
39205479ns          670096 1c008d2c 006006b3 add              x13, x0, x6         x13=1000276c  x6:1000276c
39205877ns          670116 1c008d2e cd450513 addi             x10, x10, -812      x10=1c008cd4 x10:1c009000
39205897ns          670117 1c008d32 00112e23 sw               x1, 28(x2)           x1:1c0081fe  x2:10002748  PA:10002764
39205917ns          670118 1c008d34 02e12823 sw               x14, 48(x2)         x14:00010000  x2:10002748  PA:10002778
39205937ns          670119 1c008d36 02f12a23 sw               x15, 52(x2)         x15:00000000  x2:10002748  PA:1000277c
39205956ns          670120 1c008d38 03012c23 sw               x16, 56(x2)         x16:00000000  x2:10002748  PA:10002780
39205976ns          670121 1c008d3a 03112e23 sw               x17, 60(x2)         x17:00000000  x2:10002748  PA:10002784
39205996ns          670122 1c008d3c 00612623 sw               x6, 12(x2)           x6:1000276c  x2:10002748  PA:10002754
39206016ns          670123 1c008d3e fbfff0ef jal              x1, -66              x1=1c008d40
39206851ns          670165 1c008cfc 04a0006f jal              x0, 74             
39206891ns          670167 1c008d46 ed010113 addi             x2, x2, -304         x2=10002618  x2:10002748
39206911ns          670168 1c008d48 12812423 sw               x8, 296(x2)          x8:00000004  x2:10002618  PA:10002740
39206931ns          670169 1c008d4c 00000413 addi             x8, x0, 0            x8=00000000
39207369ns          670191 1c008d4e 11612823 sw               x22, 272(x2)        x22:00000000  x2:10002618  PA:10002728
39207408ns          670193 1c008d52 11712623 sw               x23, 268(x2)        x23:00000000  x2:10002618  PA:10002724
39207428ns          670194 1c008d56 11812423 sw               x24, 264(x2)        x24:00000000  x2:10002618  PA:10002720
39207448ns          670195 1c008d5a 11912223 sw               x25, 260(x2)        x25:00000000  x2:10002618  PA:1000271c
39207905ns          670218 1c008d5e 11a12023 sw               x26, 256(x2)        x26:00000000  x2:10002618  PA:10002718
39207925ns          670219 1c008d62 0fb12e23 sw               x27, 252(x2)        x27:00000000  x2:10002618  PA:10002714
39207945ns          670220 1c008d64 12112623 sw               x1, 300(x2)          x1:1c008d40  x2:10002618  PA:10002744
39207965ns          670221 1c008d68 00800db3 add              x27, x0, x8         x27=00000000  x8:00000000
39207985ns          670222 1c008d6a 12912223 sw               x9, 292(x2)          x9:00000000  x2:10002618  PA:1000273c
39208423ns          670244 1c008d6e 13212023 sw               x18, 288(x2)        x18:00000000  x2:10002618  PA:10002738
39208462ns          670246 1c008d72 11312e23 sw               x19, 284(x2)        x19:00000000  x2:10002618  PA:10002734
39208482ns          670247 1c008d76 11412c23 sw               x20, 280(x2)        x20:00000000  x2:10002618  PA:10002730
39208502ns          670248 1c008d7a 11512a23 sw               x21, 276(x2)        x21:00000000  x2:10002618  PA:1000272c
39208522ns          670249 1c008d7e 00a00b33 add              x22, x0, x10        x22=1c008cd4 x10:1c008cd4
39208940ns          670270 1c008d80 00b00d33 add              x26, x0, x11        x26=00000002 x11:00000002
39208960ns          670271 1c008d82 00d00c33 add              x24, x0, x13        x24=1000276c x13:1000276c
39208979ns          670272 1c008d84 1c000bb7 lui              x23, 0x1c000000     x23=1c000000
39208999ns          670273 1c008d88 02410c93 addi             x25, x2, 36         x25=1000263c  x2:10002618
39209019ns          670274 1c008d8c 00c00433 add              x8, x0, x12          x8=1c00001c x12:1c00001c
39209457ns          670296 1c008d8e 00044503 lbu              x10, 0(x8)          x10=00000045  x8:1c00001c  PA:1c00001c
39209934ns          670320 1c008d92 00140413 addi             x8, x8, 1            x8=1c00001d  x8:1c00001c
39209954ns          670321 1c008d94 00050e63 beq              x10, x0, 28         x10:00000045
39209974ns          670322 1c008d96 02500793 addi             x15, x0, 37         x15=00000025
39209994ns          670323 1c008d9a 04f50863 beq              x10, x15, 80        x10:00000045 x15:00000025
39210014ns          670324 1c008d9e 01a005b3 add              x11, x0, x26        x11=00000002 x26:00000002
39210034ns          670325 1c008da0 000b00e7 jalr             x1, x22, 0           x1=1c008da2 x22:1c008cd4
39210471ns          670347 1c008cd4 000026b7 lui              x13, 0x2000         x13=00002000
39210511ns          670349 1c008cd6 f14027f3 csrrs            x15, x0, 0xf14      x15=00000004
39210531ns          670350 1c008cda f8068693 addi             x13, x13, -128      x13=00001f80 x13:00002000
39210968ns          670372 1c008cde 00379713 slli             x14, x15, 0x3       x14=00000020 x15:00000004
39210988ns          670373 1c008ce2 00279793 slli             x15, x15, 0x2       x15=00000010 x15:00000004
39211008ns          670374 1c008ce4 00d7f7b3 and              x15, x15, x13       x15=00000000 x15:00000010 x13:00001f80
39211028ns          670375 1c008ce6 ee873733 p.bclr           x14, x14, 23, 8     x14=00000020 x14:00000020
39211048ns          670376 1c008cea 1a10f6b7 lui              x13, 0x1a10f000     x13=1a10f000
39211068ns          670377 1c008cee 0ff57513 andi             x10, x10, 255       x10=00000045 x10:00000045
39211088ns          670378 1c008cf2 00d70733 add              x14, x14, x13       x14=1a10f020 x14:00000020 x13:1a10f000
39211107ns          670379 1c008cf4 00a7e723 p.sw             x10, x0(x15)        x10:00000045 x15:00000000  PA:1a10f020
39211644ns          670406 1c008cf8 00000513 addi             x10, x0, 0          x10=00000000
39211664ns          670407 1c008cfa 00008067 jalr             x0, x1, 0            x1:1c008da2
39211724ns          670410 1c008da2 31f52563 p.beqimm         x10, 778            x10:00000000
39211744ns          670411 1c008da6 001d8d93 addi             x27, x27, 1         x27=00000001 x27:00000000
39211764ns          670412 1c008da8 00044503 lbu              x10, 0(x8)          x10=0000006e  x8:1c00001d  PA:1c00001d
39212062ns          670427 1c008dac 00140413 addi             x8, x8, 1            x8=1c00001e  x8:1c00001d
39212082ns          670428 1c008dae fe0514e3 bne              x10, x0, -24        x10:0000006e
39212162ns          670432 1c008d96 02500793 addi             x15, x0, 37         x15=00000025
39212181ns          670433 1c008d9a 04f50863 beq              x10, x15, 80        x10:0000006e x15:00000025
39212201ns          670434 1c008d9e 01a005b3 add              x11, x0, x26        x11=00000002 x26:00000002
39212221ns          670435 1c008da0 000b00e7 jalr             x1, x22, 0           x1=1c008da2 x22:1c008cd4
39212261ns          670437 1c008cd4 000026b7 lui              x13, 0x2000         x13=00002000
39212281ns          670438 1c008cd6 f14027f3 csrrs            x15, x0, 0xf14      x15=00000004
39212301ns          670439 1c008cda f8068693 addi             x13, x13, -128      x13=00001f80 x13:00002000
39212321ns          670440 1c008cde 00379713 slli             x14, x15, 0x3       x14=00000020 x15:00000004
39212341ns          670441 1c008ce2 00279793 slli             x15, x15, 0x2       x15=00000010 x15:00000004
39212360ns          670442 1c008ce4 00d7f7b3 and              x15, x15, x13       x15=00000000 x15:00000010 x13:00001f80
39212380ns          670443 1c008ce6 ee873733 p.bclr           x14, x14, 23, 8     x14=00000020 x14:00000020
39212400ns          670444 1c008cea 1a10f6b7 lui              x13, 0x1a10f000     x13=1a10f000
39212420ns          670445 1c008cee 0ff57513 andi             x10, x10, 255       x10=0000006e x10:0000006e
39212440ns          670446 1c008cf2 00d70733 add              x14, x14, x13       x14=1a10f020 x14:00000020 x13:1a10f000
39212460ns          670447 1c008cf4 00a7e723 p.sw             x10, x0(x15)        x10:0000006e x15:00000000  PA:1a10f020
39213037ns          670476 1c008cf8 00000513 addi             x10, x0, 0          x10=00000000
39213056ns          670477 1c008cfa 00008067 jalr             x0, x1, 0            x1:1c008da2
39213116ns          670480 1c008da2 31f52563 p.beqimm         x10, 778            x10:00000000
39213136ns          670481 1c008da6 001d8d93 addi             x27, x27, 1         x27=00000002 x27:00000001
39213156ns          670482 1c008da8 00044503 lbu              x10, 0(x8)          x10=00000074  x8:1c00001e  PA:1c00001e
39213454ns          670497 1c008dac 00140413 addi             x8, x8, 1            x8=1c00001f  x8:1c00001e
39213474ns          670498 1c008dae fe0514e3 bne              x10, x0, -24        x10:00000074
39213554ns          670502 1c008d96 02500793 addi             x15, x0, 37         x15=00000025
39213574ns          670503 1c008d9a 04f50863 beq              x10, x15, 80        x10:00000074 x15:00000025
39213593ns          670504 1c008d9e 01a005b3 add              x11, x0, x26        x11=00000002 x26:00000002
39213613ns          670505 1c008da0 000b00e7 jalr             x1, x22, 0           x1=1c008da2 x22:1c008cd4
39213653ns          670507 1c008cd4 000026b7 lui              x13, 0x2000         x13=00002000
39213673ns          670508 1c008cd6 f14027f3 csrrs            x15, x0, 0xf14      x15=00000004
39213693ns          670509 1c008cda f8068693 addi             x13, x13, -128      x13=00001f80 x13:00002000
39213713ns          670510 1c008cde 00379713 slli             x14, x15, 0x3       x14=00000020 x15:00000004
39213733ns          670511 1c008ce2 00279793 slli             x15, x15, 0x2       x15=00000010 x15:00000004
39213753ns          670512 1c008ce4 00d7f7b3 and              x15, x15, x13       x15=00000000 x15:00000010 x13:00001f80
39213772ns          670513 1c008ce6 ee873733 p.bclr           x14, x14, 23, 8     x14=00000020 x14:00000020
39213792ns          670514 1c008cea 1a10f6b7 lui              x13, 0x1a10f000     x13=1a10f000
39213812ns          670515 1c008cee 0ff57513 andi             x10, x10, 255       x10=00000074 x10:00000074
39213832ns          670516 1c008cf2 00d70733 add              x14, x14, x13       x14=1a10f020 x14:00000020 x13:1a10f000
39213852ns          670517 1c008cf4 00a7e723 p.sw             x10, x0(x15)        x10:00000074 x15:00000000  PA:1a10f020
39214170ns          670533 1c008cf8 00000513 addi             x10, x0, 0          x10=00000000
39214190ns          670534 1c008cfa 00008067 jalr             x0, x1, 0            x1:1c008da2
39214250ns          670537 1c008da2 31f52563 p.beqimm         x10, 778            x10:00000000
39214270ns          670538 1c008da6 001d8d93 addi             x27, x27, 1         x27=00000003 x27:00000002
39214290ns          670539 1c008da8 00044503 lbu              x10, 0(x8)          x10=00000065  x8:1c00001f  PA:1c00001f
39214588ns          670554 1c008dac 00140413 addi             x8, x8, 1            x8=1c000020  x8:1c00001f
39214608ns          670555 1c008dae fe0514e3 bne              x10, x0, -24        x10:00000065
39214687ns          670559 1c008d96 02500793 addi             x15, x0, 37         x15=00000025
39214707ns          670560 1c008d9a 04f50863 beq              x10, x15, 80        x10:00000065 x15:00000025
39214727ns          670561 1c008d9e 01a005b3 add              x11, x0, x26        x11=00000002 x26:00000002
39214747ns          670562 1c008da0 000b00e7 jalr             x1, x22, 0           x1=1c008da2 x22:1c008cd4
39214787ns          670564 1c008cd4 000026b7 lui              x13, 0x2000         x13=00002000
39214807ns          670565 1c008cd6 f14027f3 csrrs            x15, x0, 0xf14      x15=00000004
39214827ns          670566 1c008cda f8068693 addi             x13, x13, -128      x13=00001f80 x13:00002000
39214846ns          670567 1c008cde 00379713 slli             x14, x15, 0x3       x14=00000020 x15:00000004
39214866ns          670568 1c008ce2 00279793 slli             x15, x15, 0x2       x15=00000010 x15:00000004
39214886ns          670569 1c008ce4 00d7f7b3 and              x15, x15, x13       x15=00000000 x15:00000010 x13:00001f80
39214906ns          670570 1c008ce6 ee873733 p.bclr           x14, x14, 23, 8     x14=00000020 x14:00000020
39214926ns          670571 1c008cea 1a10f6b7 lui              x13, 0x1a10f000     x13=1a10f000
39214946ns          670572 1c008cee 0ff57513 andi             x10, x10, 255       x10=00000065 x10:00000065
39214966ns          670573 1c008cf2 00d70733 add              x14, x14, x13       x14=1a10f020 x14:00000020 x13:1a10f000
39214986ns          670574 1c008cf4 00a7e723 p.sw             x10, x0(x15)        x10:00000065 x15:00000000  PA:1a10f020
39215324ns          670591 1c008cf8 00000513 addi             x10, x0, 0          x10=00000000
39215344ns          670592 1c008cfa 00008067 jalr             x0, x1, 0            x1:1c008da2
39215403ns          670595 1c008da2 31f52563 p.beqimm         x10, 778            x10:00000000
39215423ns          670596 1c008da6 001d8d93 addi             x27, x27, 1         x27=00000004 x27:00000003
39215443ns          670597 1c008da8 00044503 lbu              x10, 0(x8)          x10=00000072  x8:1c000020  PA:1c000020
39215741ns          670612 1c008dac 00140413 addi             x8, x8, 1            x8=1c000021  x8:1c000020
39215761ns          670613 1c008dae fe0514e3 bne              x10, x0, -24        x10:00000072
39215841ns          670617 1c008d96 02500793 addi             x15, x0, 37         x15=00000025
39215861ns          670618 1c008d9a 04f50863 beq              x10, x15, 80        x10:00000072 x15:00000025
39215881ns          670619 1c008d9e 01a005b3 add              x11, x0, x26        x11=00000002 x26:00000002
39215900ns          670620 1c008da0 000b00e7 jalr             x1, x22, 0           x1=1c008da2 x22:1c008cd4
39215940ns          670622 1c008cd4 000026b7 lui              x13, 0x2000         x13=00002000
39215960ns          670623 1c008cd6 f14027f3 csrrs            x15, x0, 0xf14      x15=00000004
39215980ns          670624 1c008cda f8068693 addi             x13, x13, -128      x13=00001f80 x13:00002000
39216000ns          670625 1c008cde 00379713 slli             x14, x15, 0x3       x14=00000020 x15:00000004
39216020ns          670626 1c008ce2 00279793 slli             x15, x15, 0x2       x15=00000010 x15:00000004
39216040ns          670627 1c008ce4 00d7f7b3 and              x15, x15, x13       x15=00000000 x15:00000010 x13:00001f80
39216060ns          670628 1c008ce6 ee873733 p.bclr           x14, x14, 23, 8     x14=00000020 x14:00000020
39216079ns          670629 1c008cea 1a10f6b7 lui              x13, 0x1a10f000     x13=1a10f000
39216099ns          670630 1c008cee 0ff57513 andi             x10, x10, 255       x10=00000072 x10:00000072
39216119ns          670631 1c008cf2 00d70733 add              x14, x14, x13       x14=1a10f020 x14:00000020 x13:1a10f000
39216139ns          670632 1c008cf4 00a7e723 p.sw             x10, x0(x15)        x10:00000072 x15:00000000  PA:1a10f020
39216497ns          670650 1c008cf8 00000513 addi             x10, x0, 0          x10=00000000
39216517ns          670651 1c008cfa 00008067 jalr             x0, x1, 0            x1:1c008da2
39216577ns          670654 1c008da2 31f52563 p.beqimm         x10, 778            x10:00000000
39216597ns          670655 1c008da6 001d8d93 addi             x27, x27, 1         x27=00000005 x27:00000004
39216616ns          670656 1c008da8 00044503 lbu              x10, 0(x8)          x10=00000065  x8:1c000021  PA:1c000021
39216935ns          670672 1c008dac 00140413 addi             x8, x8, 1            x8=1c000022  x8:1c000021
39216955ns          670673 1c008dae fe0514e3 bne              x10, x0, -24        x10:00000065
39217034ns          670677 1c008d96 02500793 addi             x15, x0, 37         x15=00000025
39217054ns          670678 1c008d9a 04f50863 beq              x10, x15, 80        x10:00000065 x15:00000025
39217074ns          670679 1c008d9e 01a005b3 add              x11, x0, x26        x11=00000002 x26:00000002
39217094ns          670680 1c008da0 000b00e7 jalr             x1, x22, 0           x1=1c008da2 x22:1c008cd4
39217134ns          670682 1c008cd4 000026b7 lui              x13, 0x2000         x13=00002000
39217153ns          670683 1c008cd6 f14027f3 csrrs            x15, x0, 0xf14      x15=00000004
39217173ns          670684 1c008cda f8068693 addi             x13, x13, -128      x13=00001f80 x13:00002000
39217193ns          670685 1c008cde 00379713 slli             x14, x15, 0x3       x14=00000020 x15:00000004
39217213ns          670686 1c008ce2 00279793 slli             x15, x15, 0x2       x15=00000010 x15:00000004
39217233ns          670687 1c008ce4 00d7f7b3 and              x15, x15, x13       x15=00000000 x15:00000010 x13:00001f80
39217253ns          670688 1c008ce6 ee873733 p.bclr           x14, x14, 23, 8     x14=00000020 x14:00000020
39217273ns          670689 1c008cea 1a10f6b7 lui              x13, 0x1a10f000     x13=1a10f000
39217293ns          670690 1c008cee 0ff57513 andi             x10, x10, 255       x10=00000065 x10:00000065
39217313ns          670691 1c008cf2 00d70733 add              x14, x14, x13       x14=1a10f020 x14:00000020 x13:1a10f000
39217332ns          670692 1c008cf4 00a7e723 p.sw             x10, x0(x15)        x10:00000065 x15:00000000  PA:1a10f020
39217651ns          670708 1c008cf8 00000513 addi             x10, x0, 0          x10=00000000
39217670ns          670709 1c008cfa 00008067 jalr             x0, x1, 0            x1:1c008da2
39217730ns          670712 1c008da2 31f52563 p.beqimm         x10, 778            x10:00000000
39217750ns          670713 1c008da6 001d8d93 addi             x27, x27, 1         x27=00000006 x27:00000005
39217770ns          670714 1c008da8 00044503 lbu              x10, 0(x8)          x10=00000064  x8:1c000022  PA:1c000022
39218068ns          670729 1c008dac 00140413 addi             x8, x8, 1            x8=1c000023  x8:1c000022
39218088ns          670730 1c008dae fe0514e3 bne              x10, x0, -24        x10:00000064
39218168ns          670734 1c008d96 02500793 addi             x15, x0, 37         x15=00000025
39218188ns          670735 1c008d9a 04f50863 beq              x10, x15, 80        x10:00000064 x15:00000025
39218207ns          670736 1c008d9e 01a005b3 add              x11, x0, x26        x11=00000002 x26:00000002
39218227ns          670737 1c008da0 000b00e7 jalr             x1, x22, 0           x1=1c008da2 x22:1c008cd4
39218267ns          670739 1c008cd4 000026b7 lui              x13, 0x2000         x13=00002000
39218287ns          670740 1c008cd6 f14027f3 csrrs            x15, x0, 0xf14      x15=00000004
39218307ns          670741 1c008cda f8068693 addi             x13, x13, -128      x13=00001f80 x13:00002000
39218327ns          670742 1c008cde 00379713 slli             x14, x15, 0x3       x14=00000020 x15:00000004
39218347ns          670743 1c008ce2 00279793 slli             x15, x15, 0x2       x15=00000010 x15:00000004
39218367ns          670744 1c008ce4 00d7f7b3 and              x15, x15, x13       x15=00000000 x15:00000010 x13:00001f80
39218386ns          670745 1c008ce6 ee873733 p.bclr           x14, x14, 23, 8     x14=00000020 x14:00000020
39218406ns          670746 1c008cea 1a10f6b7 lui              x13, 0x1a10f000     x13=1a10f000
39218426ns          670747 1c008cee 0ff57513 andi             x10, x10, 255       x10=00000064 x10:00000064
39218446ns          670748 1c008cf2 00d70733 add              x14, x14, x13       x14=1a10f020 x14:00000020 x13:1a10f000
39218466ns          670749 1c008cf4 00a7e723 p.sw             x10, x0(x15)        x10:00000064 x15:00000000  PA:1a10f020
39218784ns          670765 1c008cf8 00000513 addi             x10, x0, 0          x10=00000000
39218804ns          670766 1c008cfa 00008067 jalr             x0, x1, 0            x1:1c008da2
39218864ns          670769 1c008da2 31f52563 p.beqimm         x10, 778            x10:00000000
39218884ns          670770 1c008da6 001d8d93 addi             x27, x27, 1         x27=00000007 x27:00000006
39218904ns          670771 1c008da8 00044503 lbu              x10, 0(x8)          x10=00000020  x8:1c000023  PA:1c000023
39219202ns          670786 1c008dac 00140413 addi             x8, x8, 1            x8=1c000024  x8:1c000023
39219222ns          670787 1c008dae fe0514e3 bne              x10, x0, -24        x10:00000020
39219301ns          670791 1c008d96 02500793 addi             x15, x0, 37         x15=00000025
39219321ns          670792 1c008d9a 04f50863 beq              x10, x15, 80        x10:00000020 x15:00000025
39219341ns          670793 1c008d9e 01a005b3 add              x11, x0, x26        x11=00000002 x26:00000002
39219361ns          670794 1c008da0 000b00e7 jalr             x1, x22, 0           x1=1c008da2 x22:1c008cd4
39219401ns          670796 1c008cd4 000026b7 lui              x13, 0x2000         x13=00002000
39219421ns          670797 1c008cd6 f14027f3 csrrs            x15, x0, 0xf14      x15=00000004
39219441ns          670798 1c008cda f8068693 addi             x13, x13, -128      x13=00001f80 x13:00002000
39219460ns          670799 1c008cde 00379713 slli             x14, x15, 0x3       x14=00000020 x15:00000004
39219480ns          670800 1c008ce2 00279793 slli             x15, x15, 0x2       x15=00000010 x15:00000004
39219500ns          670801 1c008ce4 00d7f7b3 and              x15, x15, x13       x15=00000000 x15:00000010 x13:00001f80
39219520ns          670802 1c008ce6 ee873733 p.bclr           x14, x14, 23, 8     x14=00000020 x14:00000020
39219540ns          670803 1c008cea 1a10f6b7 lui              x13, 0x1a10f000     x13=1a10f000
39219560ns          670804 1c008cee 0ff57513 andi             x10, x10, 255       x10=00000020 x10:00000020
39219580ns          670805 1c008cf2 00d70733 add              x14, x14, x13       x14=1a10f020 x14:00000020 x13:1a10f000
39219600ns          670806 1c008cf4 00a7e723 p.sw             x10, x0(x15)        x10:00000020 x15:00000000  PA:1a10f020
39219958ns          670824 1c008cf8 00000513 addi             x10, x0, 0          x10=00000000
39219978ns          670825 1c008cfa 00008067 jalr             x0, x1, 0            x1:1c008da2
39220037ns          670828 1c008da2 31f52563 p.beqimm         x10, 778            x10:00000000
39220057ns          670829 1c008da6 001d8d93 addi             x27, x27, 1         x27=00000008 x27:00000007
39220077ns          670830 1c008da8 00044503 lbu              x10, 0(x8)          x10=00000063  x8:1c000024  PA:1c000024
39220375ns          670845 1c008dac 00140413 addi             x8, x8, 1            x8=1c000025  x8:1c000024
39220395ns          670846 1c008dae fe0514e3 bne              x10, x0, -24        x10:00000063
39220475ns          670850 1c008d96 02500793 addi             x15, x0, 37         x15=00000025
39220495ns          670851 1c008d9a 04f50863 beq              x10, x15, 80        x10:00000063 x15:00000025
39220514ns          670852 1c008d9e 01a005b3 add              x11, x0, x26        x11=00000002 x26:00000002
39220534ns          670853 1c008da0 000b00e7 jalr             x1, x22, 0           x1=1c008da2 x22:1c008cd4
39220574ns          670855 1c008cd4 000026b7 lui              x13, 0x2000         x13=00002000
39220594ns          670856 1c008cd6 f14027f3 csrrs            x15, x0, 0xf14      x15=00000004
39220614ns          670857 1c008cda f8068693 addi             x13, x13, -128      x13=00001f80 x13:00002000
39220634ns          670858 1c008cde 00379713 slli             x14, x15, 0x3       x14=00000020 x15:00000004
39220654ns          670859 1c008ce2 00279793 slli             x15, x15, 0x2       x15=00000010 x15:00000004
39220674ns          670860 1c008ce4 00d7f7b3 and              x15, x15, x13       x15=00000000 x15:00000010 x13:00001f80
39220693ns          670861 1c008ce6 ee873733 p.bclr           x14, x14, 23, 8     x14=00000020 x14:00000020
39220713ns          670862 1c008cea 1a10f6b7 lui              x13, 0x1a10f000     x13=1a10f000
39220733ns          670863 1c008cee 0ff57513 andi             x10, x10, 255       x10=00000063 x10:00000063
39220753ns          670864 1c008cf2 00d70733 add              x14, x14, x13       x14=1a10f020 x14:00000020 x13:1a10f000
39220773ns          670865 1c008cf4 00a7e723 p.sw             x10, x0(x15)        x10:00000063 x15:00000000  PA:1a10f020
39221091ns          670881 1c008cf8 00000513 addi             x10, x0, 0          x10=00000000
39221111ns          670882 1c008cfa 00008067 jalr             x0, x1, 0            x1:1c008da2
39221171ns          670885 1c008da2 31f52563 p.beqimm         x10, 778            x10:00000000
39221191ns          670886 1c008da6 001d8d93 addi             x27, x27, 1         x27=00000009 x27:00000008
39221211ns          670887 1c008da8 00044503 lbu              x10, 0(x8)          x10=0000006c  x8:1c000025  PA:1c000025
39221509ns          670902 1c008dac 00140413 addi             x8, x8, 1            x8=1c000026  x8:1c000025
39221529ns          670903 1c008dae fe0514e3 bne              x10, x0, -24        x10:0000006c
39221608ns          670907 1c008d96 02500793 addi             x15, x0, 37         x15=00000025
39221628ns          670908 1c008d9a 04f50863 beq              x10, x15, 80        x10:0000006c x15:00000025
39221648ns          670909 1c008d9e 01a005b3 add              x11, x0, x26        x11=00000002 x26:00000002
39221668ns          670910 1c008da0 000b00e7 jalr             x1, x22, 0           x1=1c008da2 x22:1c008cd4
39221708ns          670912 1c008cd4 000026b7 lui              x13, 0x2000         x13=00002000
39221728ns          670913 1c008cd6 f14027f3 csrrs            x15, x0, 0xf14      x15=00000004
39221748ns          670914 1c008cda f8068693 addi             x13, x13, -128      x13=00001f80 x13:00002000
39221767ns          670915 1c008cde 00379713 slli             x14, x15, 0x3       x14=00000020 x15:00000004
39221787ns          670916 1c008ce2 00279793 slli             x15, x15, 0x2       x15=00000010 x15:00000004
39221807ns          670917 1c008ce4 00d7f7b3 and              x15, x15, x13       x15=00000000 x15:00000010 x13:00001f80
39221827ns          670918 1c008ce6 ee873733 p.bclr           x14, x14, 23, 8     x14=00000020 x14:00000020
39221847ns          670919 1c008cea 1a10f6b7 lui              x13, 0x1a10f000     x13=1a10f000
39221867ns          670920 1c008cee 0ff57513 andi             x10, x10, 255       x10=0000006c x10:0000006c
39221887ns          670921 1c008cf2 00d70733 add              x14, x14, x13       x14=1a10f020 x14:00000020 x13:1a10f000
39221907ns          670922 1c008cf4 00a7e723 p.sw             x10, x0(x15)        x10:0000006c x15:00000000  PA:1a10f020
39222245ns          670939 1c008cf8 00000513 addi             x10, x0, 0          x10=00000000
39222265ns          670940 1c008cfa 00008067 jalr             x0, x1, 0            x1:1c008da2
39222324ns          670943 1c008da2 31f52563 p.beqimm         x10, 778            x10:00000000
39222344ns          670944 1c008da6 001d8d93 addi             x27, x27, 1         x27=0000000a x27:00000009
39222364ns          670945 1c008da8 00044503 lbu              x10, 0(x8)          x10=00000075  x8:1c000026  PA:1c000026
39222662ns          670960 1c008dac 00140413 addi             x8, x8, 1            x8=1c000027  x8:1c000026
39222682ns          670961 1c008dae fe0514e3 bne              x10, x0, -24        x10:00000075
39222762ns          670965 1c008d96 02500793 addi             x15, x0, 37         x15=00000025
39222782ns          670966 1c008d9a 04f50863 beq              x10, x15, 80        x10:00000075 x15:00000025
39222802ns          670967 1c008d9e 01a005b3 add              x11, x0, x26        x11=00000002 x26:00000002
39222821ns          670968 1c008da0 000b00e7 jalr             x1, x22, 0           x1=1c008da2 x22:1c008cd4
39222861ns          670970 1c008cd4 000026b7 lui              x13, 0x2000         x13=00002000
39222881ns          670971 1c008cd6 f14027f3 csrrs            x15, x0, 0xf14      x15=00000004
39222901ns          670972 1c008cda f8068693 addi             x13, x13, -128      x13=00001f80 x13:00002000
39222921ns          670973 1c008cde 00379713 slli             x14, x15, 0x3       x14=00000020 x15:00000004
39222941ns          670974 1c008ce2 00279793 slli             x15, x15, 0x2       x15=00000010 x15:00000004
39222961ns          670975 1c008ce4 00d7f7b3 and              x15, x15, x13       x15=00000000 x15:00000010 x13:00001f80
39222981ns          670976 1c008ce6 ee873733 p.bclr           x14, x14, 23, 8     x14=00000020 x14:00000020
39223000ns          670977 1c008cea 1a10f6b7 lui              x13, 0x1a10f000     x13=1a10f000
39223020ns          670978 1c008cee 0ff57513 andi             x10, x10, 255       x10=00000075 x10:00000075
39223040ns          670979 1c008cf2 00d70733 add              x14, x14, x13       x14=1a10f020 x14:00000020 x13:1a10f000
39223060ns          670980 1c008cf4 00a7e723 p.sw             x10, x0(x15)        x10:00000075 x15:00000000  PA:1a10f020
39223378ns          670996 1c008cf8 00000513 addi             x10, x0, 0          x10=00000000
39223398ns          670997 1c008cfa 00008067 jalr             x0, x1, 0            x1:1c008da2
39223458ns          671000 1c008da2 31f52563 p.beqimm         x10, 778            x10:00000000
39223478ns          671001 1c008da6 001d8d93 addi             x27, x27, 1         x27=0000000b x27:0000000a
39223498ns          671002 1c008da8 00044503 lbu              x10, 0(x8)          x10=00000073  x8:1c000027  PA:1c000027
39223796ns          671017 1c008dac 00140413 addi             x8, x8, 1            x8=1c000028  x8:1c000027
39223816ns          671018 1c008dae fe0514e3 bne              x10, x0, -24        x10:00000073
39223895ns          671022 1c008d96 02500793 addi             x15, x0, 37         x15=00000025
39223915ns          671023 1c008d9a 04f50863 beq              x10, x15, 80        x10:00000073 x15:00000025
39223935ns          671024 1c008d9e 01a005b3 add              x11, x0, x26        x11=00000002 x26:00000002
39223955ns          671025 1c008da0 000b00e7 jalr             x1, x22, 0           x1=1c008da2 x22:1c008cd4
39223995ns          671027 1c008cd4 000026b7 lui              x13, 0x2000         x13=00002000
39224015ns          671028 1c008cd6 f14027f3 csrrs            x15, x0, 0xf14      x15=00000004
39224035ns          671029 1c008cda f8068693 addi             x13, x13, -128      x13=00001f80 x13:00002000
39224055ns          671030 1c008cde 00379713 slli             x14, x15, 0x3       x14=00000020 x15:00000004
39224074ns          671031 1c008ce2 00279793 slli             x15, x15, 0x2       x15=00000010 x15:00000004
39224094ns          671032 1c008ce4 00d7f7b3 and              x15, x15, x13       x15=00000000 x15:00000010 x13:00001f80
39224114ns          671033 1c008ce6 ee873733 p.bclr           x14, x14, 23, 8     x14=00000020 x14:00000020
39224134ns          671034 1c008cea 1a10f6b7 lui              x13, 0x1a10f000     x13=1a10f000
39224154ns          671035 1c008cee 0ff57513 andi             x10, x10, 255       x10=00000073 x10:00000073
39224174ns          671036 1c008cf2 00d70733 add              x14, x14, x13       x14=1a10f020 x14:00000020 x13:1a10f000
39224194ns          671037 1c008cf4 00a7e723 p.sw             x10, x0(x15)        x10:00000073 x15:00000000  PA:1a10f020
39224532ns          671054 1c008cf8 00000513 addi             x10, x0, 0          x10=00000000
39224552ns          671055 1c008cfa 00008067 jalr             x0, x1, 0            x1:1c008da2
39224611ns          671058 1c008da2 31f52563 p.beqimm         x10, 778            x10:00000000
39224631ns          671059 1c008da6 001d8d93 addi             x27, x27, 1         x27=0000000c x27:0000000b
39224651ns          671060 1c008da8 00044503 lbu              x10, 0(x8)          x10=00000074  x8:1c000028  PA:1c000028
39224950ns          671075 1c008dac 00140413 addi             x8, x8, 1            x8=1c000029  x8:1c000028
39224969ns          671076 1c008dae fe0514e3 bne              x10, x0, -24        x10:00000074
39225049ns          671080 1c008d96 02500793 addi             x15, x0, 37         x15=00000025
39225069ns          671081 1c008d9a 04f50863 beq              x10, x15, 80        x10:00000074 x15:00000025
39225089ns          671082 1c008d9e 01a005b3 add              x11, x0, x26        x11=00000002 x26:00000002
39225109ns          671083 1c008da0 000b00e7 jalr             x1, x22, 0           x1=1c008da2 x22:1c008cd4
39225148ns          671085 1c008cd4 000026b7 lui              x13, 0x2000         x13=00002000
39225168ns          671086 1c008cd6 f14027f3 csrrs            x15, x0, 0xf14      x15=00000004
39225188ns          671087 1c008cda f8068693 addi             x13, x13, -128      x13=00001f80 x13:00002000
39225208ns          671088 1c008cde 00379713 slli             x14, x15, 0x3       x14=00000020 x15:00000004
39225228ns          671089 1c008ce2 00279793 slli             x15, x15, 0x2       x15=00000010 x15:00000004
39225248ns          671090 1c008ce4 00d7f7b3 and              x15, x15, x13       x15=00000000 x15:00000010 x13:00001f80
39225268ns          671091 1c008ce6 ee873733 p.bclr           x14, x14, 23, 8     x14=00000020 x14:00000020
39225288ns          671092 1c008cea 1a10f6b7 lui              x13, 0x1a10f000     x13=1a10f000
39225307ns          671093 1c008cee 0ff57513 andi             x10, x10, 255       x10=00000074 x10:00000074
39225327ns          671094 1c008cf2 00d70733 add              x14, x14, x13       x14=1a10f020 x14:00000020 x13:1a10f000
39225347ns          671095 1c008cf4 00a7e723 p.sw             x10, x0(x15)        x10:00000074 x15:00000000  PA:1a10f020
39225705ns          671113 1c008cf8 00000513 addi             x10, x0, 0          x10=00000000
39225725ns          671114 1c008cfa 00008067 jalr             x0, x1, 0            x1:1c008da2
39225785ns          671117 1c008da2 31f52563 p.beqimm         x10, 778            x10:00000000
39225805ns          671118 1c008da6 001d8d93 addi             x27, x27, 1         x27=0000000d x27:0000000c
39225825ns          671119 1c008da8 00044503 lbu              x10, 0(x8)          x10=00000065  x8:1c000029  PA:1c000029
39226143ns          671135 1c008dac 00140413 addi             x8, x8, 1            x8=1c00002a  x8:1c000029
39226163ns          671136 1c008dae fe0514e3 bne              x10, x0, -24        x10:00000065
39226242ns          671140 1c008d96 02500793 addi             x15, x0, 37         x15=00000025
39226262ns          671141 1c008d9a 04f50863 beq              x10, x15, 80        x10:00000065 x15:00000025
39226282ns          671142 1c008d9e 01a005b3 add              x11, x0, x26        x11=00000002 x26:00000002
39226302ns          671143 1c008da0 000b00e7 jalr             x1, x22, 0           x1=1c008da2 x22:1c008cd4
39226342ns          671145 1c008cd4 000026b7 lui              x13, 0x2000         x13=00002000
39226362ns          671146 1c008cd6 f14027f3 csrrs            x15, x0, 0xf14      x15=00000004
39226381ns          671147 1c008cda f8068693 addi             x13, x13, -128      x13=00001f80 x13:00002000
39226401ns          671148 1c008cde 00379713 slli             x14, x15, 0x3       x14=00000020 x15:00000004
39226421ns          671149 1c008ce2 00279793 slli             x15, x15, 0x2       x15=00000010 x15:00000004
39226441ns          671150 1c008ce4 00d7f7b3 and              x15, x15, x13       x15=00000000 x15:00000010 x13:00001f80
39226461ns          671151 1c008ce6 ee873733 p.bclr           x14, x14, 23, 8     x14=00000020 x14:00000020
39226481ns          671152 1c008cea 1a10f6b7 lui              x13, 0x1a10f000     x13=1a10f000
39226501ns          671153 1c008cee 0ff57513 andi             x10, x10, 255       x10=00000065 x10:00000065
39226521ns          671154 1c008cf2 00d70733 add              x14, x14, x13       x14=1a10f020 x14:00000020 x13:1a10f000
39226541ns          671155 1c008cf4 00a7e723 p.sw             x10, x0(x15)        x10:00000065 x15:00000000  PA:1a10f020
39226879ns          671172 1c008cf8 00000513 addi             x10, x0, 0          x10=00000000
39226899ns          671173 1c008cfa 00008067 jalr             x0, x1, 0            x1:1c008da2
39226958ns          671176 1c008da2 31f52563 p.beqimm         x10, 778            x10:00000000
39226978ns          671177 1c008da6 001d8d93 addi             x27, x27, 1         x27=0000000e x27:0000000d
39226998ns          671178 1c008da8 00044503 lbu              x10, 0(x8)          x10=00000072  x8:1c00002a  PA:1c00002a
39227296ns          671193 1c008dac 00140413 addi             x8, x8, 1            x8=1c00002b  x8:1c00002a
39227316ns          671194 1c008dae fe0514e3 bne              x10, x0, -24        x10:00000072
39227396ns          671198 1c008d96 02500793 addi             x15, x0, 37         x15=00000025
39227416ns          671199 1c008d9a 04f50863 beq              x10, x15, 80        x10:00000072 x15:00000025
39227436ns          671200 1c008d9e 01a005b3 add              x11, x0, x26        x11=00000002 x26:00000002
39227455ns          671201 1c008da0 000b00e7 jalr             x1, x22, 0           x1=1c008da2 x22:1c008cd4
39227495ns          671203 1c008cd4 000026b7 lui              x13, 0x2000         x13=00002000
39227515ns          671204 1c008cd6 f14027f3 csrrs            x15, x0, 0xf14      x15=00000004
39227535ns          671205 1c008cda f8068693 addi             x13, x13, -128      x13=00001f80 x13:00002000
39227555ns          671206 1c008cde 00379713 slli             x14, x15, 0x3       x14=00000020 x15:00000004
39227575ns          671207 1c008ce2 00279793 slli             x15, x15, 0x2       x15=00000010 x15:00000004
39227595ns          671208 1c008ce4 00d7f7b3 and              x15, x15, x13       x15=00000000 x15:00000010 x13:00001f80
39227614ns          671209 1c008ce6 ee873733 p.bclr           x14, x14, 23, 8     x14=00000020 x14:00000020
39227634ns          671210 1c008cea 1a10f6b7 lui              x13, 0x1a10f000     x13=1a10f000
39227654ns          671211 1c008cee 0ff57513 andi             x10, x10, 255       x10=00000072 x10:00000072
39227674ns          671212 1c008cf2 00d70733 add              x14, x14, x13       x14=1a10f020 x14:00000020 x13:1a10f000
39227694ns          671213 1c008cf4 00a7e723 p.sw             x10, x0(x15)        x10:00000072 x15:00000000  PA:1a10f020
39228032ns          671230 1c008cf8 00000513 addi             x10, x0, 0          x10=00000000
39228052ns          671231 1c008cfa 00008067 jalr             x0, x1, 0            x1:1c008da2
39228112ns          671234 1c008da2 31f52563 p.beqimm         x10, 778            x10:00000000
39228132ns          671235 1c008da6 001d8d93 addi             x27, x27, 1         x27=0000000f x27:0000000e
39228151ns          671236 1c008da8 00044503 lbu              x10, 0(x8)          x10=00000020  x8:1c00002b  PA:1c00002b
39228450ns          671251 1c008dac 00140413 addi             x8, x8, 1            x8=1c00002c  x8:1c00002b
39228470ns          671252 1c008dae fe0514e3 bne              x10, x0, -24        x10:00000020
39228549ns          671256 1c008d96 02500793 addi             x15, x0, 37         x15=00000025
39228569ns          671257 1c008d9a 04f50863 beq              x10, x15, 80        x10:00000020 x15:00000025
39228589ns          671258 1c008d9e 01a005b3 add              x11, x0, x26        x11=00000002 x26:00000002
39228609ns          671259 1c008da0 000b00e7 jalr             x1, x22, 0           x1=1c008da2 x22:1c008cd4
39228649ns          671261 1c008cd4 000026b7 lui              x13, 0x2000         x13=00002000
39228669ns          671262 1c008cd6 f14027f3 csrrs            x15, x0, 0xf14      x15=00000004
39228688ns          671263 1c008cda f8068693 addi             x13, x13, -128      x13=00001f80 x13:00002000
39228708ns          671264 1c008cde 00379713 slli             x14, x15, 0x3       x14=00000020 x15:00000004
39228728ns          671265 1c008ce2 00279793 slli             x15, x15, 0x2       x15=00000010 x15:00000004
39228748ns          671266 1c008ce4 00d7f7b3 and              x15, x15, x13       x15=00000000 x15:00000010 x13:00001f80
39228768ns          671267 1c008ce6 ee873733 p.bclr           x14, x14, 23, 8     x14=00000020 x14:00000020
39228788ns          671268 1c008cea 1a10f6b7 lui              x13, 0x1a10f000     x13=1a10f000
39228808ns          671269 1c008cee 0ff57513 andi             x10, x10, 255       x10=00000020 x10:00000020
39228828ns          671270 1c008cf2 00d70733 add              x14, x14, x13       x14=1a10f020 x14:00000020 x13:1a10f000
39228848ns          671271 1c008cf4 00a7e723 p.sw             x10, x0(x15)        x10:00000020 x15:00000000  PA:1a10f020
39229186ns          671288 1c008cf8 00000513 addi             x10, x0, 0          x10=00000000
39229206ns          671289 1c008cfa 00008067 jalr             x0, x1, 0            x1:1c008da2
39229265ns          671292 1c008da2 31f52563 p.beqimm         x10, 778            x10:00000000
39229285ns          671293 1c008da6 001d8d93 addi             x27, x27, 1         x27=00000010 x27:0000000f
39229305ns          671294 1c008da8 00044503 lbu              x10, 0(x8)          x10=0000006f  x8:1c00002c  PA:1c00002c
39229603ns          671309 1c008dac 00140413 addi             x8, x8, 1            x8=1c00002d  x8:1c00002c
39229623ns          671310 1c008dae fe0514e3 bne              x10, x0, -24        x10:0000006f
39229703ns          671314 1c008d96 02500793 addi             x15, x0, 37         x15=00000025
39229723ns          671315 1c008d9a 04f50863 beq              x10, x15, 80        x10:0000006f x15:00000025
39229743ns          671316 1c008d9e 01a005b3 add              x11, x0, x26        x11=00000002 x26:00000002
39229762ns          671317 1c008da0 000b00e7 jalr             x1, x22, 0           x1=1c008da2 x22:1c008cd4
39229802ns          671319 1c008cd4 000026b7 lui              x13, 0x2000         x13=00002000
39229822ns          671320 1c008cd6 f14027f3 csrrs            x15, x0, 0xf14      x15=00000004
39229842ns          671321 1c008cda f8068693 addi             x13, x13, -128      x13=00001f80 x13:00002000
39229862ns          671322 1c008cde 00379713 slli             x14, x15, 0x3       x14=00000020 x15:00000004
39229882ns          671323 1c008ce2 00279793 slli             x15, x15, 0x2       x15=00000010 x15:00000004
39229902ns          671324 1c008ce4 00d7f7b3 and              x15, x15, x13       x15=00000000 x15:00000010 x13:00001f80
39229922ns          671325 1c008ce6 ee873733 p.bclr           x14, x14, 23, 8     x14=00000020 x14:00000020
39229941ns          671326 1c008cea 1a10f6b7 lui              x13, 0x1a10f000     x13=1a10f000
39229961ns          671327 1c008cee 0ff57513 andi             x10, x10, 255       x10=0000006f x10:0000006f
39229981ns          671328 1c008cf2 00d70733 add              x14, x14, x13       x14=1a10f020 x14:00000020 x13:1a10f000
39230001ns          671329 1c008cf4 00a7e723 p.sw             x10, x0(x15)        x10:0000006f x15:00000000  PA:1a10f020
39230339ns          671346 1c008cf8 00000513 addi             x10, x0, 0          x10=00000000
39230359ns          671347 1c008cfa 00008067 jalr             x0, x1, 0            x1:1c008da2
39230419ns          671350 1c008da2 31f52563 p.beqimm         x10, 778            x10:00000000
39230439ns          671351 1c008da6 001d8d93 addi             x27, x27, 1         x27=00000011 x27:00000010
39230458ns          671352 1c008da8 00044503 lbu              x10, 0(x8)          x10=0000006e  x8:1c00002d  PA:1c00002d
39230757ns          671367 1c008dac 00140413 addi             x8, x8, 1            x8=1c00002e  x8:1c00002d
39230777ns          671368 1c008dae fe0514e3 bne              x10, x0, -24        x10:0000006e
39230856ns          671372 1c008d96 02500793 addi             x15, x0, 37         x15=00000025
39230876ns          671373 1c008d9a 04f50863 beq              x10, x15, 80        x10:0000006e x15:00000025
39230896ns          671374 1c008d9e 01a005b3 add              x11, x0, x26        x11=00000002 x26:00000002
39230916ns          671375 1c008da0 000b00e7 jalr             x1, x22, 0           x1=1c008da2 x22:1c008cd4
39230956ns          671377 1c008cd4 000026b7 lui              x13, 0x2000         x13=00002000
39230976ns          671378 1c008cd6 f14027f3 csrrs            x15, x0, 0xf14      x15=00000004
39230995ns          671379 1c008cda f8068693 addi             x13, x13, -128      x13=00001f80 x13:00002000
39231015ns          671380 1c008cde 00379713 slli             x14, x15, 0x3       x14=00000020 x15:00000004
39231035ns          671381 1c008ce2 00279793 slli             x15, x15, 0x2       x15=00000010 x15:00000004
39231055ns          671382 1c008ce4 00d7f7b3 and              x15, x15, x13       x15=00000000 x15:00000010 x13:00001f80
39231075ns          671383 1c008ce6 ee873733 p.bclr           x14, x14, 23, 8     x14=00000020 x14:00000020
39231095ns          671384 1c008cea 1a10f6b7 lui              x13, 0x1a10f000     x13=1a10f000
39231115ns          671385 1c008cee 0ff57513 andi             x10, x10, 255       x10=0000006e x10:0000006e
39231135ns          671386 1c008cf2 00d70733 add              x14, x14, x13       x14=1a10f020 x14:00000020 x13:1a10f000
39231155ns          671387 1c008cf4 00a7e723 p.sw             x10, x0(x15)        x10:0000006e x15:00000000  PA:1a10f020
39231493ns          671404 1c008cf8 00000513 addi             x10, x0, 0          x10=00000000
39231513ns          671405 1c008cfa 00008067 jalr             x0, x1, 0            x1:1c008da2
39231572ns          671408 1c008da2 31f52563 p.beqimm         x10, 778            x10:00000000
39231592ns          671409 1c008da6 001d8d93 addi             x27, x27, 1         x27=00000012 x27:00000011
39231612ns          671410 1c008da8 00044503 lbu              x10, 0(x8)          x10=00000020  x8:1c00002e  PA:1c00002e
39231910ns          671425 1c008dac 00140413 addi             x8, x8, 1            x8=1c00002f  x8:1c00002e
39231930ns          671426 1c008dae fe0514e3 bne              x10, x0, -24        x10:00000020
39232010ns          671430 1c008d96 02500793 addi             x15, x0, 37         x15=00000025
39232030ns          671431 1c008d9a 04f50863 beq              x10, x15, 80        x10:00000020 x15:00000025
39232050ns          671432 1c008d9e 01a005b3 add              x11, x0, x26        x11=00000002 x26:00000002
39232069ns          671433 1c008da0 000b00e7 jalr             x1, x22, 0           x1=1c008da2 x22:1c008cd4
39232109ns          671435 1c008cd4 000026b7 lui              x13, 0x2000         x13=00002000
39232129ns          671436 1c008cd6 f14027f3 csrrs            x15, x0, 0xf14      x15=00000004
39232149ns          671437 1c008cda f8068693 addi             x13, x13, -128      x13=00001f80 x13:00002000
39232169ns          671438 1c008cde 00379713 slli             x14, x15, 0x3       x14=00000020 x15:00000004
39232189ns          671439 1c008ce2 00279793 slli             x15, x15, 0x2       x15=00000010 x15:00000004
39232209ns          671440 1c008ce4 00d7f7b3 and              x15, x15, x13       x15=00000000 x15:00000010 x13:00001f80
39232229ns          671441 1c008ce6 ee873733 p.bclr           x14, x14, 23, 8     x14=00000020 x14:00000020
39232248ns          671442 1c008cea 1a10f6b7 lui              x13, 0x1a10f000     x13=1a10f000
39232268ns          671443 1c008cee 0ff57513 andi             x10, x10, 255       x10=00000020 x10:00000020
39232288ns          671444 1c008cf2 00d70733 add              x14, x14, x13       x14=1a10f020 x14:00000020 x13:1a10f000
39232308ns          671445 1c008cf4 00a7e723 p.sw             x10, x0(x15)        x10:00000020 x15:00000000  PA:1a10f020
39232626ns          671461 1c008cf8 00000513 addi             x10, x0, 0          x10=00000000
39232646ns          671462 1c008cfa 00008067 jalr             x0, x1, 0            x1:1c008da2
39232706ns          671465 1c008da2 31f52563 p.beqimm         x10, 778            x10:00000000
39232726ns          671466 1c008da6 001d8d93 addi             x27, x27, 1         x27=00000013 x27:00000012
39232746ns          671467 1c008da8 00044503 lbu              x10, 0(x8)          x10=00000063  x8:1c00002f  PA:1c00002f
39233044ns          671482 1c008dac 00140413 addi             x8, x8, 1            x8=1c000030  x8:1c00002f
39233064ns          671483 1c008dae fe0514e3 bne              x10, x0, -24        x10:00000063
39233143ns          671487 1c008d96 02500793 addi             x15, x0, 37         x15=00000025
39233163ns          671488 1c008d9a 04f50863 beq              x10, x15, 80        x10:00000063 x15:00000025
39233183ns          671489 1c008d9e 01a005b3 add              x11, x0, x26        x11=00000002 x26:00000002
39233203ns          671490 1c008da0 000b00e7 jalr             x1, x22, 0           x1=1c008da2 x22:1c008cd4
39233243ns          671492 1c008cd4 000026b7 lui              x13, 0x2000         x13=00002000
39233263ns          671493 1c008cd6 f14027f3 csrrs            x15, x0, 0xf14      x15=00000004
39233283ns          671494 1c008cda f8068693 addi             x13, x13, -128      x13=00001f80 x13:00002000
39233302ns          671495 1c008cde 00379713 slli             x14, x15, 0x3       x14=00000020 x15:00000004
39233322ns          671496 1c008ce2 00279793 slli             x15, x15, 0x2       x15=00000010 x15:00000004
39233342ns          671497 1c008ce4 00d7f7b3 and              x15, x15, x13       x15=00000000 x15:00000010 x13:00001f80
39233362ns          671498 1c008ce6 ee873733 p.bclr           x14, x14, 23, 8     x14=00000020 x14:00000020
39233382ns          671499 1c008cea 1a10f6b7 lui              x13, 0x1a10f000     x13=1a10f000
39233402ns          671500 1c008cee 0ff57513 andi             x10, x10, 255       x10=00000063 x10:00000063
39233422ns          671501 1c008cf2 00d70733 add              x14, x14, x13       x14=1a10f020 x14:00000020 x13:1a10f000
39233442ns          671502 1c008cf4 00a7e723 p.sw             x10, x0(x15)        x10:00000063 x15:00000000  PA:1a10f020
39233780ns          671519 1c008cf8 00000513 addi             x10, x0, 0          x10=00000000
39233800ns          671520 1c008cfa 00008067 jalr             x0, x1, 0            x1:1c008da2
39233859ns          671523 1c008da2 31f52563 p.beqimm         x10, 778            x10:00000000
39233879ns          671524 1c008da6 001d8d93 addi             x27, x27, 1         x27=00000014 x27:00000013
39233899ns          671525 1c008da8 00044503 lbu              x10, 0(x8)          x10=0000006c  x8:1c000030  PA:1c000030
39234197ns          671540 1c008dac 00140413 addi             x8, x8, 1            x8=1c000031  x8:1c000030
39234217ns          671541 1c008dae fe0514e3 bne              x10, x0, -24        x10:0000006c
39234297ns          671545 1c008d96 02500793 addi             x15, x0, 37         x15=00000025
39234317ns          671546 1c008d9a 04f50863 beq              x10, x15, 80        x10:0000006c x15:00000025
39234337ns          671547 1c008d9e 01a005b3 add              x11, x0, x26        x11=00000002 x26:00000002
39234357ns          671548 1c008da0 000b00e7 jalr             x1, x22, 0           x1=1c008da2 x22:1c008cd4
39234396ns          671550 1c008cd4 000026b7 lui              x13, 0x2000         x13=00002000
39234416ns          671551 1c008cd6 f14027f3 csrrs            x15, x0, 0xf14      x15=00000004
39234436ns          671552 1c008cda f8068693 addi             x13, x13, -128      x13=00001f80 x13:00002000
39234456ns          671553 1c008cde 00379713 slli             x14, x15, 0x3       x14=00000020 x15:00000004
39234476ns          671554 1c008ce2 00279793 slli             x15, x15, 0x2       x15=00000010 x15:00000004
39234496ns          671555 1c008ce4 00d7f7b3 and              x15, x15, x13       x15=00000000 x15:00000010 x13:00001f80
39234516ns          671556 1c008ce6 ee873733 p.bclr           x14, x14, 23, 8     x14=00000020 x14:00000020
39234536ns          671557 1c008cea 1a10f6b7 lui              x13, 0x1a10f000     x13=1a10f000
39234555ns          671558 1c008cee 0ff57513 andi             x10, x10, 255       x10=0000006c x10:0000006c
39234575ns          671559 1c008cf2 00d70733 add              x14, x14, x13       x14=1a10f020 x14:00000020 x13:1a10f000
39234595ns          671560 1c008cf4 00a7e723 p.sw             x10, x0(x15)        x10:0000006c x15:00000000  PA:1a10f020
39234953ns          671578 1c008cf8 00000513 addi             x10, x0, 0          x10=00000000
39234973ns          671579 1c008cfa 00008067 jalr             x0, x1, 0            x1:1c008da2
39235033ns          671582 1c008da2 31f52563 p.beqimm         x10, 778            x10:00000000
39235053ns          671583 1c008da6 001d8d93 addi             x27, x27, 1         x27=00000015 x27:00000014
39235072ns          671584 1c008da8 00044503 lbu              x10, 0(x8)          x10=00000075  x8:1c000031  PA:1c000031
39235391ns          671600 1c008dac 00140413 addi             x8, x8, 1            x8=1c000032  x8:1c000031
39235411ns          671601 1c008dae fe0514e3 bne              x10, x0, -24        x10:00000075
39235490ns          671605 1c008d96 02500793 addi             x15, x0, 37         x15=00000025
39235510ns          671606 1c008d9a 04f50863 beq              x10, x15, 80        x10:00000075 x15:00000025
39235530ns          671607 1c008d9e 01a005b3 add              x11, x0, x26        x11=00000002 x26:00000002
39235550ns          671608 1c008da0 000b00e7 jalr             x1, x22, 0           x1=1c008da2 x22:1c008cd4
39235590ns          671610 1c008cd4 000026b7 lui              x13, 0x2000         x13=00002000
39235609ns          671611 1c008cd6 f14027f3 csrrs            x15, x0, 0xf14      x15=00000004
39235629ns          671612 1c008cda f8068693 addi             x13, x13, -128      x13=00001f80 x13:00002000
39235649ns          671613 1c008cde 00379713 slli             x14, x15, 0x3       x14=00000020 x15:00000004
39235669ns          671614 1c008ce2 00279793 slli             x15, x15, 0x2       x15=00000010 x15:00000004
39235689ns          671615 1c008ce4 00d7f7b3 and              x15, x15, x13       x15=00000000 x15:00000010 x13:00001f80
39235709ns          671616 1c008ce6 ee873733 p.bclr           x14, x14, 23, 8     x14=00000020 x14:00000020
39235729ns          671617 1c008cea 1a10f6b7 lui              x13, 0x1a10f000     x13=1a10f000
39235749ns          671618 1c008cee 0ff57513 andi             x10, x10, 255       x10=00000075 x10:00000075
39235769ns          671619 1c008cf2 00d70733 add              x14, x14, x13       x14=1a10f020 x14:00000020 x13:1a10f000
39235788ns          671620 1c008cf4 00a7e723 p.sw             x10, x0(x15)        x10:00000075 x15:00000000  PA:1a10f020
39236127ns          671637 1c008cf8 00000513 addi             x10, x0, 0          x10=00000000
39236146ns          671638 1c008cfa 00008067 jalr             x0, x1, 0            x1:1c008da2
39236206ns          671641 1c008da2 31f52563 p.beqimm         x10, 778            x10:00000000
39236226ns          671642 1c008da6 001d8d93 addi             x27, x27, 1         x27=00000016 x27:00000015
39236246ns          671643 1c008da8 00044503 lbu              x10, 0(x8)          x10=00000073  x8:1c000032  PA:1c000032
39236544ns          671658 1c008dac 00140413 addi             x8, x8, 1            x8=1c000033  x8:1c000032
39236564ns          671659 1c008dae fe0514e3 bne              x10, x0, -24        x10:00000073
39236644ns          671663 1c008d96 02500793 addi             x15, x0, 37         x15=00000025
39236664ns          671664 1c008d9a 04f50863 beq              x10, x15, 80        x10:00000073 x15:00000025
39236683ns          671665 1c008d9e 01a005b3 add              x11, x0, x26        x11=00000002 x26:00000002
39236703ns          671666 1c008da0 000b00e7 jalr             x1, x22, 0           x1=1c008da2 x22:1c008cd4
39236743ns          671668 1c008cd4 000026b7 lui              x13, 0x2000         x13=00002000
39236763ns          671669 1c008cd6 f14027f3 csrrs            x15, x0, 0xf14      x15=00000004
39236783ns          671670 1c008cda f8068693 addi             x13, x13, -128      x13=00001f80 x13:00002000
39236803ns          671671 1c008cde 00379713 slli             x14, x15, 0x3       x14=00000020 x15:00000004
39236823ns          671672 1c008ce2 00279793 slli             x15, x15, 0x2       x15=00000010 x15:00000004
39236843ns          671673 1c008ce4 00d7f7b3 and              x15, x15, x13       x15=00000000 x15:00000010 x13:00001f80
39236862ns          671674 1c008ce6 ee873733 p.bclr           x14, x14, 23, 8     x14=00000020 x14:00000020
39236882ns          671675 1c008cea 1a10f6b7 lui              x13, 0x1a10f000     x13=1a10f000
39236902ns          671676 1c008cee 0ff57513 andi             x10, x10, 255       x10=00000073 x10:00000073
39236922ns          671677 1c008cf2 00d70733 add              x14, x14, x13       x14=1a10f020 x14:00000020 x13:1a10f000
39236942ns          671678 1c008cf4 00a7e723 p.sw             x10, x0(x15)        x10:00000073 x15:00000000  PA:1a10f020
39237260ns          671694 1c008cf8 00000513 addi             x10, x0, 0          x10=00000000
39237280ns          671695 1c008cfa 00008067 jalr             x0, x1, 0            x1:1c008da2
39237340ns          671698 1c008da2 31f52563 p.beqimm         x10, 778            x10:00000000
39237360ns          671699 1c008da6 001d8d93 addi             x27, x27, 1         x27=00000017 x27:00000016
39237380ns          671700 1c008da8 00044503 lbu              x10, 0(x8)          x10=00000074  x8:1c000033  PA:1c000033
39237678ns          671715 1c008dac 00140413 addi             x8, x8, 1            x8=1c000034  x8:1c000033
39237698ns          671716 1c008dae fe0514e3 bne              x10, x0, -24        x10:00000074
39237777ns          671720 1c008d96 02500793 addi             x15, x0, 37         x15=00000025
39237797ns          671721 1c008d9a 04f50863 beq              x10, x15, 80        x10:00000074 x15:00000025
39237817ns          671722 1c008d9e 01a005b3 add              x11, x0, x26        x11=00000002 x26:00000002
39237837ns          671723 1c008da0 000b00e7 jalr             x1, x22, 0           x1=1c008da2 x22:1c008cd4
39237877ns          671725 1c008cd4 000026b7 lui              x13, 0x2000         x13=00002000
39237897ns          671726 1c008cd6 f14027f3 csrrs            x15, x0, 0xf14      x15=00000004
39237916ns          671727 1c008cda f8068693 addi             x13, x13, -128      x13=00001f80 x13:00002000
39237936ns          671728 1c008cde 00379713 slli             x14, x15, 0x3       x14=00000020 x15:00000004
39237956ns          671729 1c008ce2 00279793 slli             x15, x15, 0x2       x15=00000010 x15:00000004
39237976ns          671730 1c008ce4 00d7f7b3 and              x15, x15, x13       x15=00000000 x15:00000010 x13:00001f80
39237996ns          671731 1c008ce6 ee873733 p.bclr           x14, x14, 23, 8     x14=00000020 x14:00000020
39238016ns          671732 1c008cea 1a10f6b7 lui              x13, 0x1a10f000     x13=1a10f000
39238036ns          671733 1c008cee 0ff57513 andi             x10, x10, 255       x10=00000074 x10:00000074
39238056ns          671734 1c008cf2 00d70733 add              x14, x14, x13       x14=1a10f020 x14:00000020 x13:1a10f000
39238076ns          671735 1c008cf4 00a7e723 p.sw             x10, x0(x15)        x10:00000074 x15:00000000  PA:1a10f020
39238414ns          671752 1c008cf8 00000513 addi             x10, x0, 0          x10=00000000
39238434ns          671753 1c008cfa 00008067 jalr             x0, x1, 0            x1:1c008da2
39238493ns          671756 1c008da2 31f52563 p.beqimm         x10, 778            x10:00000000
39238513ns          671757 1c008da6 001d8d93 addi             x27, x27, 1         x27=00000018 x27:00000017
39238533ns          671758 1c008da8 00044503 lbu              x10, 0(x8)          x10=00000065  x8:1c000034  PA:1c000034
39238831ns          671773 1c008dac 00140413 addi             x8, x8, 1            x8=1c000035  x8:1c000034
39238851ns          671774 1c008dae fe0514e3 bne              x10, x0, -24        x10:00000065
39238931ns          671778 1c008d96 02500793 addi             x15, x0, 37         x15=00000025
39238951ns          671779 1c008d9a 04f50863 beq              x10, x15, 80        x10:00000065 x15:00000025
39238971ns          671780 1c008d9e 01a005b3 add              x11, x0, x26        x11=00000002 x26:00000002
39238990ns          671781 1c008da0 000b00e7 jalr             x1, x22, 0           x1=1c008da2 x22:1c008cd4
39239030ns          671783 1c008cd4 000026b7 lui              x13, 0x2000         x13=00002000
39239050ns          671784 1c008cd6 f14027f3 csrrs            x15, x0, 0xf14      x15=00000004
39239070ns          671785 1c008cda f8068693 addi             x13, x13, -128      x13=00001f80 x13:00002000
39239090ns          671786 1c008cde 00379713 slli             x14, x15, 0x3       x14=00000020 x15:00000004
39239110ns          671787 1c008ce2 00279793 slli             x15, x15, 0x2       x15=00000010 x15:00000004
39239130ns          671788 1c008ce4 00d7f7b3 and              x15, x15, x13       x15=00000000 x15:00000010 x13:00001f80
39239150ns          671789 1c008ce6 ee873733 p.bclr           x14, x14, 23, 8     x14=00000020 x14:00000020
39239169ns          671790 1c008cea 1a10f6b7 lui              x13, 0x1a10f000     x13=1a10f000
39239189ns          671791 1c008cee 0ff57513 andi             x10, x10, 255       x10=00000065 x10:00000065
39239209ns          671792 1c008cf2 00d70733 add              x14, x14, x13       x14=1a10f020 x14:00000020 x13:1a10f000
39239229ns          671793 1c008cf4 00a7e723 p.sw             x10, x0(x15)        x10:00000065 x15:00000000  PA:1a10f020
39239567ns          671810 1c008cf8 00000513 addi             x10, x0, 0          x10=00000000
39239587ns          671811 1c008cfa 00008067 jalr             x0, x1, 0            x1:1c008da2
39239647ns          671814 1c008da2 31f52563 p.beqimm         x10, 778            x10:00000000
39239667ns          671815 1c008da6 001d8d93 addi             x27, x27, 1         x27=00000019 x27:00000018
39239687ns          671816 1c008da8 00044503 lbu              x10, 0(x8)          x10=00000072  x8:1c000035  PA:1c000035
39239985ns          671831 1c008dac 00140413 addi             x8, x8, 1            x8=1c000036  x8:1c000035
39240005ns          671832 1c008dae fe0514e3 bne              x10, x0, -24        x10:00000072
39240084ns          671836 1c008d96 02500793 addi             x15, x0, 37         x15=00000025
39240104ns          671837 1c008d9a 04f50863 beq              x10, x15, 80        x10:00000072 x15:00000025
39240124ns          671838 1c008d9e 01a005b3 add              x11, x0, x26        x11=00000002 x26:00000002
39240144ns          671839 1c008da0 000b00e7 jalr             x1, x22, 0           x1=1c008da2 x22:1c008cd4
39240184ns          671841 1c008cd4 000026b7 lui              x13, 0x2000         x13=00002000
39240204ns          671842 1c008cd6 f14027f3 csrrs            x15, x0, 0xf14      x15=00000004
39240223ns          671843 1c008cda f8068693 addi             x13, x13, -128      x13=00001f80 x13:00002000
39240243ns          671844 1c008cde 00379713 slli             x14, x15, 0x3       x14=00000020 x15:00000004
39240263ns          671845 1c008ce2 00279793 slli             x15, x15, 0x2       x15=00000010 x15:00000004
39240283ns          671846 1c008ce4 00d7f7b3 and              x15, x15, x13       x15=00000000 x15:00000010 x13:00001f80
39240303ns          671847 1c008ce6 ee873733 p.bclr           x14, x14, 23, 8     x14=00000020 x14:00000020
39240323ns          671848 1c008cea 1a10f6b7 lui              x13, 0x1a10f000     x13=1a10f000
39240343ns          671849 1c008cee 0ff57513 andi             x10, x10, 255       x10=00000072 x10:00000072
39240363ns          671850 1c008cf2 00d70733 add              x14, x14, x13       x14=1a10f020 x14:00000020 x13:1a10f000
39240383ns          671851 1c008cf4 00a7e723 p.sw             x10, x0(x15)        x10:00000072 x15:00000000  PA:1a10f020
39240741ns          671869 1c008cf8 00000513 addi             x10, x0, 0          x10=00000000
39240760ns          671870 1c008cfa 00008067 jalr             x0, x1, 0            x1:1c008da2
39240820ns          671873 1c008da2 31f52563 p.beqimm         x10, 778            x10:00000000
39240840ns          671874 1c008da6 001d8d93 addi             x27, x27, 1         x27=0000001a x27:00000019
39240860ns          671875 1c008da8 00044503 lbu              x10, 0(x8)          x10=00000020  x8:1c000036  PA:1c000036
39241158ns          671890 1c008dac 00140413 addi             x8, x8, 1            x8=1c000037  x8:1c000036
39241178ns          671891 1c008dae fe0514e3 bne              x10, x0, -24        x10:00000020
39241258ns          671895 1c008d96 02500793 addi             x15, x0, 37         x15=00000025
39241278ns          671896 1c008d9a 04f50863 beq              x10, x15, 80        x10:00000020 x15:00000025
39241297ns          671897 1c008d9e 01a005b3 add              x11, x0, x26        x11=00000002 x26:00000002
39241317ns          671898 1c008da0 000b00e7 jalr             x1, x22, 0           x1=1c008da2 x22:1c008cd4
39241357ns          671900 1c008cd4 000026b7 lui              x13, 0x2000         x13=00002000
39241377ns          671901 1c008cd6 f14027f3 csrrs            x15, x0, 0xf14      x15=00000004
39241397ns          671902 1c008cda f8068693 addi             x13, x13, -128      x13=00001f80 x13:00002000
39241417ns          671903 1c008cde 00379713 slli             x14, x15, 0x3       x14=00000020 x15:00000004
39241437ns          671904 1c008ce2 00279793 slli             x15, x15, 0x2       x15=00000010 x15:00000004
39241457ns          671905 1c008ce4 00d7f7b3 and              x15, x15, x13       x15=00000000 x15:00000010 x13:00001f80
39241476ns          671906 1c008ce6 ee873733 p.bclr           x14, x14, 23, 8     x14=00000020 x14:00000020
39241496ns          671907 1c008cea 1a10f6b7 lui              x13, 0x1a10f000     x13=1a10f000
39241516ns          671908 1c008cee 0ff57513 andi             x10, x10, 255       x10=00000020 x10:00000020
39241536ns          671909 1c008cf2 00d70733 add              x14, x14, x13       x14=1a10f020 x14:00000020 x13:1a10f000
39241556ns          671910 1c008cf4 00a7e723 p.sw             x10, x0(x15)        x10:00000020 x15:00000000  PA:1a10f020
39241874ns          671926 1c008cf8 00000513 addi             x10, x0, 0          x10=00000000
39241894ns          671927 1c008cfa 00008067 jalr             x0, x1, 0            x1:1c008da2
39241954ns          671930 1c008da2 31f52563 p.beqimm         x10, 778            x10:00000000
39241974ns          671931 1c008da6 001d8d93 addi             x27, x27, 1         x27=0000001b x27:0000001a
39241994ns          671932 1c008da8 00044503 lbu              x10, 0(x8)          x10=00000025  x8:1c000037  PA:1c000037
39242292ns          671947 1c008dac 00140413 addi             x8, x8, 1            x8=1c000038  x8:1c000037
39242312ns          671948 1c008dae fe0514e3 bne              x10, x0, -24        x10:00000025
39242391ns          671952 1c008d96 02500793 addi             x15, x0, 37         x15=00000025
39242411ns          671953 1c008d9a 04f50863 beq              x10, x15, 80        x10:00000025 x15:00000025
39242729ns          671969 1c008dea 00044483 lbu              x9, 0(x8)            x9=00000064  x8:1c000038  PA:1c000038
39243246ns          671995 1c008dee 02000693 addi             x13, x0, 32         x13=00000020
39243266ns          671996 1c008df2 00140a93 addi             x21, x8, 1          x21=1c000039  x8:1c000038
39243286ns          671997 1c008df6 009005b3 add              x11, x0, x9         x11=00000064  x9:00000064
39243306ns          671998 1c008df8 0a4b8513 addi             x10, x23, 164       x10=1c0000a4 x23:1c000000
39243326ns          671999 1c008dfc 00d12823 sw               x13, 16(x2)         x13:00000020  x2:10002618  PA:10002628
39243346ns          672000 1c008dfe 00012c23 sw               x0, 24(x2)           x2:10002618  PA:10002630
39243704ns          672018 1c008e00 00012a23 sw               x0, 20(x2)           x2:10002618  PA:1000262c
39243724ns          672019 1c008e02 00012e23 sw               x0, 28(x2)           x2:10002618  PA:10002634
39243744ns          672020 1c008e04 00012623 sw               x0, 12(x2)           x2:10002618  PA:10002624
39243764ns          672021 1c008e06 02300913 addi             x18, x0, 35         x18=00000023
39243783ns          672022 1c008e0a 02d00a13 addi             x20, x0, 45         x20=0000002d
39243803ns          672023 1c008e0e 015009b3 add              x19, x0, x21        x19=1c000039 x21:1c000039
39244221ns          672044 1c008e10 e45ff0ef jal              x1, -444             x1=1c008e12
39244678ns          672067 1c008c54 00054783 lbu              x15, 0(x10)         x15=0000002d x10:1c0000a4  PA:1c0000a4
39245176ns          672092 1c008c58 0ff5f593 andi             x11, x11, 255       x11=00000064 x11:00000064
39245195ns          672093 1c008c5c 00b78c63 beq              x15, x11, 24        x15:0000002d x11:00000064
39245215ns          672094 1c008c60 00078b63 beq              x15, x0, 22         x15:0000002d
39245235ns          672095 1c008c62 00150793 addi             x15, x10, 1         x15=1c0000a5 x10:1c0000a4
39245255ns          672096 1c008c66 0040006f jal              x0, 4              
39245792ns          672123 1c008c6a 00f00533 add              x10, x0, x15        x10=1c0000a5 x15:1c0000a5
39245812ns          672124 1c008c6c 0017c70b p.lbu            x14, 1(x15!)        x14=0000002b x15=1c0000a6 x15:1c0000a5  PA:1c0000a5
39246409ns          672154 1c008c70 feb71ce3 bne              x14, x11, -8        x14:0000002b x11:00000064
39246468ns          672157 1c008c68 00070763 beq              x14, x0, 14         x14:0000002b
39246488ns          672158 1c008c6a 00f00533 add              x10, x0, x15        x10=1c0000a6 x15:1c0000a6
39246508ns          672159 1c008c6c 0017c70b p.lbu            x14, 1(x15!)        x14=00000020 x15=1c0000a7 x15:1c0000a6  PA:1c0000a6
39246826ns          672175 1c008c70 feb71ce3 bne              x14, x11, -8        x14:00000020 x11:00000064
39246886ns          672178 1c008c68 00070763 beq              x14, x0, 14         x14:00000020
39246906ns          672179 1c008c6a 00f00533 add              x10, x0, x15        x10=1c0000a7 x15:1c0000a7
39246926ns          672180 1c008c6c 0017c70b p.lbu            x14, 1(x15!)        x14=00000023 x15=1c0000a8 x15:1c0000a7  PA:1c0000a7
39247284ns          672198 1c008c70 feb71ce3 bne              x14, x11, -8        x14:00000023 x11:00000064
39247343ns          672201 1c008c68 00070763 beq              x14, x0, 14         x14:00000023
39247363ns          672202 1c008c6a 00f00533 add              x10, x0, x15        x10=1c0000a8 x15:1c0000a8
39247383ns          672203 1c008c6c 0017c70b p.lbu            x14, 1(x15!)        x14=00000030 x15=1c0000a9 x15:1c0000a8  PA:1c0000a8
39247701ns          672219 1c008c70 feb71ce3 bne              x14, x11, -8        x14:00000030 x11:00000064
39247761ns          672222 1c008c68 00070763 beq              x14, x0, 14         x14:00000030
39247781ns          672223 1c008c6a 00f00533 add              x10, x0, x15        x10=1c0000a9 x15:1c0000a9
39247801ns          672224 1c008c6c 0017c70b p.lbu            x14, 1(x15!)        x14=00000000 x15=1c0000aa x15:1c0000a9  PA:1c0000a9
39248258ns          672247 1c008c70 feb71ce3 bne              x14, x11, -8        x14:00000000 x11:00000064
39248318ns          672250 1c008c68 00070763 beq              x14, x0, 14         x14:00000000
39248397ns          672254 1c008c76 0015b593 sltiu            x11, x11, 1         x11=00000000 x11:00000064
39248417ns          672255 1c008c7a 40b005b3 sub              x11, x0, x11        x11=00000000 x11:00000000
39248437ns          672256 1c008c7e 00b57533 and              x10, x10, x11       x10=00000000 x10:1c0000a9 x11:00000000
39248457ns          672257 1c008c80 00008067 jalr             x0, x1, 0            x1:1c008e12
39248497ns          672259 1c008e12 02050a63 beq              x10, x0, 52         x10:00000000
39248636ns          672266 1c008e46 02a00613 addi             x12, x0, 42         x12=0000002a
39248656ns          672267 1c008e4a 2ac48663 beq              x9, x12, 684         x9:00000064 x12:0000002a
39248815ns          672275 1c008e4e fd048613 addi             x12, x9, -48        x12=00000034  x9:00000064
39248835ns          672276 1c008e52 00900593 addi             x11, x0, 9          x11=00000009
39248855ns          672277 1c008e54 00000913 addi             x18, x0, 0          x18=00000000
39248875ns          672278 1c008e56 28c5f063 bgeu             x11, x12, 640       x11:00000009 x12:00000034
39248895ns          672279 1c008e5a 02e00693 addi             x13, x0, 46         x13=0000002e
39248915ns          672280 1c008e5e fff00a13 addi             x20, x0, -1         x20=ffffffff
39249332ns          672301 1c008e60 2ed48363 beq              x9, x13, 742         x9:00000064 x13:0000002e
39249372ns          672303 1c008e64 1c0007b7 lui              x15, 0x1c000000     x15=1c000000
39249392ns          672304 1c008e68 009005b3 add              x11, x0, x9         x11=00000064  x9:00000064
39249412ns          672305 1c008e6a 0ac78513 addi             x10, x15, 172       x10=1c0000ac x15:1c000000
39249432ns          672306 1c008e6e de7ff0ef jal              x1, -538             x1=1c008e70
39249889ns          672329 1c008c54 00054783 lbu              x15, 0(x10)         x15=00000068 x10:1c0000ac  PA:1c0000ac
39250227ns          672346 1c008c58 0ff5f593 andi             x11, x11, 255       x11=00000064 x11:00000064
39250247ns          672347 1c008c5c 00b78c63 beq              x15, x11, 24        x15:00000068 x11:00000064
39250267ns          672348 1c008c60 00078b63 beq              x15, x0, 22         x15:00000068
39250287ns          672349 1c008c62 00150793 addi             x15, x10, 1         x15=1c0000ad x10:1c0000ac
39250307ns          672350 1c008c66 0040006f jal              x0, 4              
39250346ns          672352 1c008c6a 00f00533 add              x10, x0, x15        x10=1c0000ad x15:1c0000ad
39250366ns          672353 1c008c6c 0017c70b p.lbu            x14, 1(x15!)        x14=0000006c x15=1c0000ae x15:1c0000ad  PA:1c0000ad
39250685ns          672369 1c008c70 feb71ce3 bne              x14, x11, -8        x14:0000006c x11:00000064
39250744ns          672372 1c008c68 00070763 beq              x14, x0, 14         x14:0000006c
39250764ns          672373 1c008c6a 00f00533 add              x10, x0, x15        x10=1c0000ae x15:1c0000ae
39250784ns          672374 1c008c6c 0017c70b p.lbu            x14, 1(x15!)        x14=0000004c x15=1c0000af x15:1c0000ae  PA:1c0000ae
39251102ns          672390 1c008c70 feb71ce3 bne              x14, x11, -8        x14:0000004c x11:00000064
39251162ns          672393 1c008c68 00070763 beq              x14, x0, 14         x14:0000004c
39251182ns          672394 1c008c6a 00f00533 add              x10, x0, x15        x10=1c0000af x15:1c0000af
39251202ns          672395 1c008c6c 0017c70b p.lbu            x14, 1(x15!)        x14=0000007a x15=1c0000b0 x15:1c0000af  PA:1c0000af
39251520ns          672411 1c008c70 feb71ce3 bne              x14, x11, -8        x14:0000007a x11:00000064
39251580ns          672414 1c008c68 00070763 beq              x14, x0, 14         x14:0000007a
39251599ns          672415 1c008c6a 00f00533 add              x10, x0, x15        x10=1c0000b0 x15:1c0000b0
39251619ns          672416 1c008c6c 0017c70b p.lbu            x14, 1(x15!)        x14=00000000 x15=1c0000b1 x15:1c0000b0  PA:1c0000b0
39251938ns          672432 1c008c70 feb71ce3 bne              x14, x11, -8        x14:00000000 x11:00000064
39251997ns          672435 1c008c68 00070763 beq              x14, x0, 14         x14:00000000
39252077ns          672439 1c008c76 0015b593 sltiu            x11, x11, 1         x11=00000000 x11:00000064
39252097ns          672440 1c008c7a 40b005b3 sub              x11, x0, x11        x11=00000000 x11:00000000
39252117ns          672441 1c008c7e 00b57533 and              x10, x10, x11       x10=00000000 x10:1c0000b0 x11:00000000
39252136ns          672442 1c008c80 00008067 jalr             x0, x1, 0            x1:1c008e70
39252176ns          672444 1c008e70 01300433 add              x8, x0, x19          x8=1c000039 x19:1c000039
39252196ns          672445 1c008e72 00050563 beq              x10, x0, 10         x10:00000000
39252256ns          672448 1c008e7c 06700693 addi             x13, x0, 103        x13=00000067
39252673ns          672469 1c008e80 2896d963 bge              x13, x9, 658        x13:00000067  x9:00000064
39253190ns          672495 1c009112 06500693 addi             x13, x0, 101        x13=00000065
39253210ns          672496 1c009116 12d4d563 bge              x9, x13, 298         x9:00000064 x13:00000065
39253230ns          672497 1c00911a 04700693 addi             x13, x0, 71         x13=00000047
39253668ns          672519 1c00911e dc96cbe3 blt              x13, x9, -554       x13:00000047  x9:00000064
39254165ns          672544 1c008ef4 06300693 addi             x13, x0, 99         x13=00000063
39254205ns          672546 1c008ef8 0ad488e3 beq              x9, x13, 2224        x9:00000064 x13:00000063
39254225ns          672547 1c008efc 0096c9e3 blt              x13, x9, 2066       x13:00000063  x9:00000064
39255696ns          672621 1c00970e 000c2583 lw               x11, 0(x24)         x11=00000000 x24:1000276c  PA:1000276c
39255716ns          672622 1c009712 004c0c13 addi             x24, x24, 4         x24=10002770 x24:1000276c
39255736ns          672623 1c009714 3405cc63 blt              x11, x0, 856        x11:00000000
39255756ns          672624 1c009718 01412603 lw               x12, 20(x2)         x12=00000000  x2:10002618  PA:1000262c
39255776ns          672625 1c00971a 00b006b3 add              x13, x0, x11        x13=00000000 x11:00000000
39255796ns          672626 1c00971c 2e061863 bne              x12, x0, 752        x12:00000000
39256213ns          672647 1c009720 01812703 lw               x14, 24(x2)         x14=00000000  x2:10002618  PA:10002630
39256233ns          672648 1c009722 019007b3 add              x15, x0, x25        x15=1000263c x25:1000263c
39256253ns          672649 1c009724 00070763 beq              x14, x0, 14         x14:00000000
39256750ns          672674 1c009732 00f00733 add              x14, x0, x15        x14=1000263c x15:1000263c
39256790ns          672676 1c009734 00a00513 addi             x10, x0, 10         x10=0000000a
39256810ns          672677 1c009736 02a6f633 remu             x12, x13, x10       x12=00000000 x13:00000000 x10:0000000a
39257427ns          672708 1c00973a 02a6d6b3 divu             x13, x13, x10       x13=00000000 x13:00000000 x10:0000000a
39258043ns          672739 1c00973e 03060613 addi             x12, x12, 48        x12=00000030 x12:00000000
39258063ns          672740 1c009742 00c700ab p.sb             x12, 1(x14!)        x14=1000263d x12:00000030 x14:1000263c  PA:1000263c
39258083ns          672741 1c009746 fe0698e3 bne              x13, x0, -16        x13:00000000
39258103ns          672742 1c009748 40f706b3 sub              x13, x14, x15       x13=00000001 x14:1000263d x15:1000263c
39258123ns          672743 1c00974c 0146dc63 bge              x13, x20, 24        x13:00000001 x20:ffffffff
39258998ns          672787 1c009764 00e006b3 add              x13, x0, x14        x13=1000263d x14:1000263d
39259038ns          672789 1c009766 fe068fab p.sb             x0, -1(x13!)        x13=1000263c x13:1000263d  PA:1000263d
39259057ns          672790 1c00976a 00d7fc63 bgeu             x15, x13, 24        x15:1000263c x13:1000263c
39259952ns          672835 1c009782 01412783 lw               x15, 20(x2)         x15=00000000  x2:10002618  PA:1000262c
39259992ns          672837 1c009784 01812603 lw               x12, 24(x2)         x12=00000000  x2:10002618  PA:10002630
39260012ns          672838 1c009786 419704b3 sub              x9, x14, x25         x9=00000001 x14:1000263d x25:1000263c
39260032ns          672839 1c00978a 00c7e7b3 or               x15, x15, x12       x15=00000000 x15:00000000 x12:00000000
39260052ns          672840 1c00978c 00f12623 sw               x15, 12(x2)         x15:00000000  x2:10002618  PA:10002624
39260072ns          672841 1c00978e 00079363 bne              x15, x0, 6          x15:00000000
39260469ns          672861 1c009790 01f5d593 srli             x11, x11, 0x1f      x11=00000000 x11:00000000
39260489ns          672862 1c009792 00b12623 sw               x11, 12(x2)         x11:00000000  x2:10002618  PA:10002624
39260509ns          672863 1c009794 e3fa28e3 p.beqimm         x20, -464           x20:ffffffff
39260987ns          672887 1c0095c4 0c800793 addi             x15, x0, 200        x15=000000c8
39261026ns          672889 1c0095c8 9e97d0e3 bge              x15, x9, -1568      x15:000000c8  x9:00000001
39261961ns          672936 1c008fa8 0f24d163 bge              x9, x18, 226         x9:00000001 x18:00000000
39262478ns          672962 1c00908a d00482e3 beq              x9, x0, -764         x9:00000001
39262498ns          672963 1c00908e 01900933 add              x18, x0, x25        x18=1000263c x25:1000263c
39262916ns          672984 1c009090 419d8db3 sub              x27, x27, x25       x27=efffd9df x27:0000001b x25:1000263c
39262955ns          672986 1c009094 00a0006f jal              x0, 10             
39263453ns          673011 1c00909e 0019450b p.lbu            x10, 1(x18!)        x10=00000030 x18=1000263d x18:1000263c  PA:1000263c
39263473ns          673012 1c0090a2 01a005b3 add              x11, x0, x26        x11=00000002 x26:00000002
39263492ns          673013 1c0090a4 000b00e7 jalr             x1, x22, 0           x1=1c0090a6 x22:1c008cd4
39263572ns          673017 1c008cd4 000026b7 lui              x13, 0x2000         x13=00002000
39263612ns          673019 1c008cd6 f14027f3 csrrs            x15, x0, 0xf14      x15=00000004
39263632ns          673020 1c008cda f8068693 addi             x13, x13, -128      x13=00001f80 x13:00002000
39263691ns          673023 1c008cde 00379713 slli             x14, x15, 0x3       x14=00000020 x15:00000004
39263711ns          673024 1c008ce2 00279793 slli             x15, x15, 0x2       x15=00000010 x15:00000004
39263731ns          673025 1c008ce4 00d7f7b3 and              x15, x15, x13       x15=00000000 x15:00000010 x13:00001f80
39263751ns          673026 1c008ce6 ee873733 p.bclr           x14, x14, 23, 8     x14=00000020 x14:00000020
39263771ns          673027 1c008cea 1a10f6b7 lui              x13, 0x1a10f000     x13=1a10f000
39263831ns          673030 1c008cee 0ff57513 andi             x10, x10, 255       x10=00000030 x10:00000030
39263850ns          673031 1c008cf2 00d70733 add              x14, x14, x13       x14=1a10f020 x14:00000020 x13:1a10f000
39263870ns          673032 1c008cf4 00a7e723 p.sw             x10, x0(x15)        x10:00000030 x15:00000000  PA:1a10f020
39264407ns          673059 1c008cf8 00000513 addi             x10, x0, 0          x10=00000000
39264427ns          673060 1c008cfa 00008067 jalr             x0, x1, 0            x1:1c0090a6
39264467ns          673062 1c0090a6 fff48493 addi             x9, x9, -1           x9=00000000  x9:00000001
39264487ns          673063 1c0090a8 fff537e3 p.bneimm         x10, -18            x10:00000000
39264805ns          673079 1c009096 012d8733 add              x14, x27, x18       x14=0000001c x27:efffd9df x18:1000263d
39264825ns          673080 1c00909a 5a048b63 beq              x9, x0, 1462         x9:00000000
39265302ns          673104 1c009650 00e00db3 add              x27, x0, x14        x27=0000001c x14:0000001c
39265342ns          673106 1c009652 f3cff06f jal              x0, -2244          
39265501ns          673114 1c008d8e 00044503 lbu              x10, 0(x8)          x10=00000020  x8:1c000039  PA:1c000039
39265919ns          673135 1c008d92 00140413 addi             x8, x8, 1            x8=1c00003a  x8:1c000039
39265939ns          673136 1c008d94 00050e63 beq              x10, x0, 28         x10:00000020
39265959ns          673137 1c008d96 02500793 addi             x15, x0, 37         x15=00000025
39265978ns          673138 1c008d9a 04f50863 beq              x10, x15, 80        x10:00000020 x15:00000025
39265998ns          673139 1c008d9e 01a005b3 add              x11, x0, x26        x11=00000002 x26:00000002
39266018ns          673140 1c008da0 000b00e7 jalr             x1, x22, 0           x1=1c008da2 x22:1c008cd4
39266098ns          673144 1c008cd4 000026b7 lui              x13, 0x2000         x13=00002000
39266138ns          673146 1c008cd6 f14027f3 csrrs            x15, x0, 0xf14      x15=00000004
39266157ns          673147 1c008cda f8068693 addi             x13, x13, -128      x13=00001f80 x13:00002000
39266177ns          673148 1c008cde 00379713 slli             x14, x15, 0x3       x14=00000020 x15:00000004
39266197ns          673149 1c008ce2 00279793 slli             x15, x15, 0x2       x15=00000010 x15:00000004
39266217ns          673150 1c008ce4 00d7f7b3 and              x15, x15, x13       x15=00000000 x15:00000010 x13:00001f80
39266237ns          673151 1c008ce6 ee873733 p.bclr           x14, x14, 23, 8     x14=00000020 x14:00000020
39266257ns          673152 1c008cea 1a10f6b7 lui              x13, 0x1a10f000     x13=1a10f000
39266277ns          673153 1c008cee 0ff57513 andi             x10, x10, 255       x10=00000020 x10:00000020
39266297ns          673154 1c008cf2 00d70733 add              x14, x14, x13       x14=1a10f020 x14:00000020 x13:1a10f000
39266317ns          673155 1c008cf4 00a7e723 p.sw             x10, x0(x15)        x10:00000020 x15:00000000  PA:1a10f020
39266754ns          673177 1c008cf8 00000513 addi             x10, x0, 0          x10=00000000
39266774ns          673178 1c008cfa 00008067 jalr             x0, x1, 0            x1:1c008da2
39266834ns          673181 1c008da2 31f52563 p.beqimm         x10, 778            x10:00000000
39266854ns          673182 1c008da6 001d8d93 addi             x27, x27, 1         x27=0000001d x27:0000001c
39266873ns          673183 1c008da8 00044503 lbu              x10, 0(x8)          x10=00000063  x8:1c00003a  PA:1c00003a
39267172ns          673198 1c008dac 00140413 addi             x8, x8, 1            x8=1c00003b  x8:1c00003a
39267192ns          673199 1c008dae fe0514e3 bne              x10, x0, -24        x10:00000063
39267271ns          673203 1c008d96 02500793 addi             x15, x0, 37         x15=00000025
39267291ns          673204 1c008d9a 04f50863 beq              x10, x15, 80        x10:00000063 x15:00000025
39267311ns          673205 1c008d9e 01a005b3 add              x11, x0, x26        x11=00000002 x26:00000002
39267331ns          673206 1c008da0 000b00e7 jalr             x1, x22, 0           x1=1c008da2 x22:1c008cd4
39267371ns          673208 1c008cd4 000026b7 lui              x13, 0x2000         x13=00002000
39267390ns          673209 1c008cd6 f14027f3 csrrs            x15, x0, 0xf14      x15=00000004
39267410ns          673210 1c008cda f8068693 addi             x13, x13, -128      x13=00001f80 x13:00002000
39267430ns          673211 1c008cde 00379713 slli             x14, x15, 0x3       x14=00000020 x15:00000004
39267450ns          673212 1c008ce2 00279793 slli             x15, x15, 0x2       x15=00000010 x15:00000004
39267470ns          673213 1c008ce4 00d7f7b3 and              x15, x15, x13       x15=00000000 x15:00000010 x13:00001f80
39267490ns          673214 1c008ce6 ee873733 p.bclr           x14, x14, 23, 8     x14=00000020 x14:00000020
39267510ns          673215 1c008cea 1a10f6b7 lui              x13, 0x1a10f000     x13=1a10f000
39267530ns          673216 1c008cee 0ff57513 andi             x10, x10, 255       x10=00000063 x10:00000063
39267550ns          673217 1c008cf2 00d70733 add              x14, x14, x13       x14=1a10f020 x14:00000020 x13:1a10f000
39267569ns          673218 1c008cf4 00a7e723 p.sw             x10, x0(x15)        x10:00000063 x15:00000000  PA:1a10f020
39267908ns          673235 1c008cf8 00000513 addi             x10, x0, 0          x10=00000000
39267927ns          673236 1c008cfa 00008067 jalr             x0, x1, 0            x1:1c008da2
39267987ns          673239 1c008da2 31f52563 p.beqimm         x10, 778            x10:00000000
39268007ns          673240 1c008da6 001d8d93 addi             x27, x27, 1         x27=0000001e x27:0000001d
39268027ns          673241 1c008da8 00044503 lbu              x10, 0(x8)          x10=0000006f  x8:1c00003b  PA:1c00003b
39268325ns          673256 1c008dac 00140413 addi             x8, x8, 1            x8=1c00003c  x8:1c00003b
39268345ns          673257 1c008dae fe0514e3 bne              x10, x0, -24        x10:0000006f
39268425ns          673261 1c008d96 02500793 addi             x15, x0, 37         x15=00000025
39268445ns          673262 1c008d9a 04f50863 beq              x10, x15, 80        x10:0000006f x15:00000025
39268464ns          673263 1c008d9e 01a005b3 add              x11, x0, x26        x11=00000002 x26:00000002
39268484ns          673264 1c008da0 000b00e7 jalr             x1, x22, 0           x1=1c008da2 x22:1c008cd4
39268524ns          673266 1c008cd4 000026b7 lui              x13, 0x2000         x13=00002000
39268544ns          673267 1c008cd6 f14027f3 csrrs            x15, x0, 0xf14      x15=00000004
39268564ns          673268 1c008cda f8068693 addi             x13, x13, -128      x13=00001f80 x13:00002000
39268584ns          673269 1c008cde 00379713 slli             x14, x15, 0x3       x14=00000020 x15:00000004
39268604ns          673270 1c008ce2 00279793 slli             x15, x15, 0x2       x15=00000010 x15:00000004
39268624ns          673271 1c008ce4 00d7f7b3 and              x15, x15, x13       x15=00000000 x15:00000010 x13:00001f80
39268643ns          673272 1c008ce6 ee873733 p.bclr           x14, x14, 23, 8     x14=00000020 x14:00000020
39268663ns          673273 1c008cea 1a10f6b7 lui              x13, 0x1a10f000     x13=1a10f000
39268683ns          673274 1c008cee 0ff57513 andi             x10, x10, 255       x10=0000006f x10:0000006f
39268703ns          673275 1c008cf2 00d70733 add              x14, x14, x13       x14=1a10f020 x14:00000020 x13:1a10f000
39268723ns          673276 1c008cf4 00a7e723 p.sw             x10, x0(x15)        x10:0000006f x15:00000000  PA:1a10f020
39269041ns          673292 1c008cf8 00000513 addi             x10, x0, 0          x10=00000000
39269061ns          673293 1c008cfa 00008067 jalr             x0, x1, 0            x1:1c008da2
39269121ns          673296 1c008da2 31f52563 p.beqimm         x10, 778            x10:00000000
39269141ns          673297 1c008da6 001d8d93 addi             x27, x27, 1         x27=0000001f x27:0000001e
39269161ns          673298 1c008da8 00044503 lbu              x10, 0(x8)          x10=00000072  x8:1c00003c  PA:1c00003c
39269459ns          673313 1c008dac 00140413 addi             x8, x8, 1            x8=1c00003d  x8:1c00003c
39269479ns          673314 1c008dae fe0514e3 bne              x10, x0, -24        x10:00000072
39269558ns          673318 1c008d96 02500793 addi             x15, x0, 37         x15=00000025
39269578ns          673319 1c008d9a 04f50863 beq              x10, x15, 80        x10:00000072 x15:00000025
39269598ns          673320 1c008d9e 01a005b3 add              x11, x0, x26        x11=00000002 x26:00000002
39269618ns          673321 1c008da0 000b00e7 jalr             x1, x22, 0           x1=1c008da2 x22:1c008cd4
39269658ns          673323 1c008cd4 000026b7 lui              x13, 0x2000         x13=00002000
39269678ns          673324 1c008cd6 f14027f3 csrrs            x15, x0, 0xf14      x15=00000004
39269698ns          673325 1c008cda f8068693 addi             x13, x13, -128      x13=00001f80 x13:00002000
39269717ns          673326 1c008cde 00379713 slli             x14, x15, 0x3       x14=00000020 x15:00000004
39269737ns          673327 1c008ce2 00279793 slli             x15, x15, 0x2       x15=00000010 x15:00000004
39269757ns          673328 1c008ce4 00d7f7b3 and              x15, x15, x13       x15=00000000 x15:00000010 x13:00001f80
39269777ns          673329 1c008ce6 ee873733 p.bclr           x14, x14, 23, 8     x14=00000020 x14:00000020
39269797ns          673330 1c008cea 1a10f6b7 lui              x13, 0x1a10f000     x13=1a10f000
39269817ns          673331 1c008cee 0ff57513 andi             x10, x10, 255       x10=00000072 x10:00000072
39269837ns          673332 1c008cf2 00d70733 add              x14, x14, x13       x14=1a10f020 x14:00000020 x13:1a10f000
39269857ns          673333 1c008cf4 00a7e723 p.sw             x10, x0(x15)        x10:00000072 x15:00000000  PA:1a10f020
39270175ns          673349 1c008cf8 00000513 addi             x10, x0, 0          x10=00000000
39270195ns          673350 1c008cfa 00008067 jalr             x0, x1, 0            x1:1c008da2
39270254ns          673353 1c008da2 31f52563 p.beqimm         x10, 778            x10:00000000
39270274ns          673354 1c008da6 001d8d93 addi             x27, x27, 1         x27=00000020 x27:0000001f
39270294ns          673355 1c008da8 00044503 lbu              x10, 0(x8)          x10=00000065  x8:1c00003d  PA:1c00003d
39270592ns          673370 1c008dac 00140413 addi             x8, x8, 1            x8=1c00003e  x8:1c00003d
39270612ns          673371 1c008dae fe0514e3 bne              x10, x0, -24        x10:00000065
39270692ns          673375 1c008d96 02500793 addi             x15, x0, 37         x15=00000025
39270712ns          673376 1c008d9a 04f50863 beq              x10, x15, 80        x10:00000065 x15:00000025
39270732ns          673377 1c008d9e 01a005b3 add              x11, x0, x26        x11=00000002 x26:00000002
39270752ns          673378 1c008da0 000b00e7 jalr             x1, x22, 0           x1=1c008da2 x22:1c008cd4
39270791ns          673380 1c008cd4 000026b7 lui              x13, 0x2000         x13=00002000
39270811ns          673381 1c008cd6 f14027f3 csrrs            x15, x0, 0xf14      x15=00000004
39270831ns          673382 1c008cda f8068693 addi             x13, x13, -128      x13=00001f80 x13:00002000
39270851ns          673383 1c008cde 00379713 slli             x14, x15, 0x3       x14=00000020 x15:00000004
39270871ns          673384 1c008ce2 00279793 slli             x15, x15, 0x2       x15=00000010 x15:00000004
39270891ns          673385 1c008ce4 00d7f7b3 and              x15, x15, x13       x15=00000000 x15:00000010 x13:00001f80
39270911ns          673386 1c008ce6 ee873733 p.bclr           x14, x14, 23, 8     x14=00000020 x14:00000020
39270931ns          673387 1c008cea 1a10f6b7 lui              x13, 0x1a10f000     x13=1a10f000
39270950ns          673388 1c008cee 0ff57513 andi             x10, x10, 255       x10=00000065 x10:00000065
39270970ns          673389 1c008cf2 00d70733 add              x14, x14, x13       x14=1a10f020 x14:00000020 x13:1a10f000
39270990ns          673390 1c008cf4 00a7e723 p.sw             x10, x0(x15)        x10:00000065 x15:00000000  PA:1a10f020
39271328ns          673407 1c008cf8 00000513 addi             x10, x0, 0          x10=00000000
39271348ns          673408 1c008cfa 00008067 jalr             x0, x1, 0            x1:1c008da2
39271408ns          673411 1c008da2 31f52563 p.beqimm         x10, 778            x10:00000000
39271428ns          673412 1c008da6 001d8d93 addi             x27, x27, 1         x27=00000021 x27:00000020
39271448ns          673413 1c008da8 00044503 lbu              x10, 0(x8)          x10=00000020  x8:1c00003e  PA:1c00003e
39271746ns          673428 1c008dac 00140413 addi             x8, x8, 1            x8=1c00003f  x8:1c00003e
39271766ns          673429 1c008dae fe0514e3 bne              x10, x0, -24        x10:00000020
39271845ns          673433 1c008d96 02500793 addi             x15, x0, 37         x15=00000025
39271865ns          673434 1c008d9a 04f50863 beq              x10, x15, 80        x10:00000020 x15:00000025
39271885ns          673435 1c008d9e 01a005b3 add              x11, x0, x26        x11=00000002 x26:00000002
39271905ns          673436 1c008da0 000b00e7 jalr             x1, x22, 0           x1=1c008da2 x22:1c008cd4
39271945ns          673438 1c008cd4 000026b7 lui              x13, 0x2000         x13=00002000
39271965ns          673439 1c008cd6 f14027f3 csrrs            x15, x0, 0xf14      x15=00000004
39271985ns          673440 1c008cda f8068693 addi             x13, x13, -128      x13=00001f80 x13:00002000
39272005ns          673441 1c008cde 00379713 slli             x14, x15, 0x3       x14=00000020 x15:00000004
39272024ns          673442 1c008ce2 00279793 slli             x15, x15, 0x2       x15=00000010 x15:00000004
39272044ns          673443 1c008ce4 00d7f7b3 and              x15, x15, x13       x15=00000000 x15:00000010 x13:00001f80
39272064ns          673444 1c008ce6 ee873733 p.bclr           x14, x14, 23, 8     x14=00000020 x14:00000020
39272084ns          673445 1c008cea 1a10f6b7 lui              x13, 0x1a10f000     x13=1a10f000
39272104ns          673446 1c008cee 0ff57513 andi             x10, x10, 255       x10=00000020 x10:00000020
39272124ns          673447 1c008cf2 00d70733 add              x14, x14, x13       x14=1a10f020 x14:00000020 x13:1a10f000
39272144ns          673448 1c008cf4 00a7e723 p.sw             x10, x0(x15)        x10:00000020 x15:00000000  PA:1a10f020
39272502ns          673466 1c008cf8 00000513 addi             x10, x0, 0          x10=00000000
39272522ns          673467 1c008cfa 00008067 jalr             x0, x1, 0            x1:1c008da2
39272581ns          673470 1c008da2 31f52563 p.beqimm         x10, 778            x10:00000000
39272601ns          673471 1c008da6 001d8d93 addi             x27, x27, 1         x27=00000022 x27:00000021
39272621ns          673472 1c008da8 00044503 lbu              x10, 0(x8)          x10=00000025  x8:1c00003f  PA:1c00003f
39272919ns          673487 1c008dac 00140413 addi             x8, x8, 1            x8=1c000040  x8:1c00003f
39272939ns          673488 1c008dae fe0514e3 bne              x10, x0, -24        x10:00000025
39273019ns          673492 1c008d96 02500793 addi             x15, x0, 37         x15=00000025
39273039ns          673493 1c008d9a 04f50863 beq              x10, x15, 80        x10:00000025 x15:00000025
39273118ns          673497 1c008dea 00044483 lbu              x9, 0(x8)            x9=00000064  x8:1c000040  PA:1c000040
39273436ns          673513 1c008dee 02000693 addi             x13, x0, 32         x13=00000020
39273456ns          673514 1c008df2 00140a93 addi             x21, x8, 1          x21=1c000041  x8:1c000040
39273476ns          673515 1c008df6 009005b3 add              x11, x0, x9         x11=00000064  x9:00000064
39273496ns          673516 1c008df8 0a4b8513 addi             x10, x23, 164       x10=1c0000a4 x23:1c000000
39273516ns          673517 1c008dfc 00d12823 sw               x13, 16(x2)         x13:00000020  x2:10002618  PA:10002628
39273536ns          673518 1c008dfe 00012c23 sw               x0, 24(x2)           x2:10002618  PA:10002630
39273556ns          673519 1c008e00 00012a23 sw               x0, 20(x2)           x2:10002618  PA:1000262c
39273576ns          673520 1c008e02 00012e23 sw               x0, 28(x2)           x2:10002618  PA:10002634
39273596ns          673521 1c008e04 00012623 sw               x0, 12(x2)           x2:10002618  PA:10002624
39273615ns          673522 1c008e06 02300913 addi             x18, x0, 35         x18=00000023
39273635ns          673523 1c008e0a 02d00a13 addi             x20, x0, 45         x20=0000002d
39273655ns          673524 1c008e0e 015009b3 add              x19, x0, x21        x19=1c000041 x21:1c000041
39273675ns          673525 1c008e10 e45ff0ef jal              x1, -444             x1=1c008e12
39273755ns          673529 1c008c54 00054783 lbu              x15, 0(x10)         x15=0000002d x10:1c0000a4  PA:1c0000a4
39274073ns          673545 1c008c58 0ff5f593 andi             x11, x11, 255       x11=00000064 x11:00000064
39274093ns          673546 1c008c5c 00b78c63 beq              x15, x11, 24        x15:0000002d x11:00000064
39274113ns          673547 1c008c60 00078b63 beq              x15, x0, 22         x15:0000002d
39274133ns          673548 1c008c62 00150793 addi             x15, x10, 1         x15=1c0000a5 x10:1c0000a4
39274152ns          673549 1c008c66 0040006f jal              x0, 4              
39274192ns          673551 1c008c6a 00f00533 add              x10, x0, x15        x10=1c0000a5 x15:1c0000a5
39274212ns          673552 1c008c6c 0017c70b p.lbu            x14, 1(x15!)        x14=0000002b x15=1c0000a6 x15:1c0000a5  PA:1c0000a5
39274530ns          673568 1c008c70 feb71ce3 bne              x14, x11, -8        x14:0000002b x11:00000064
39274590ns          673571 1c008c68 00070763 beq              x14, x0, 14         x14:0000002b
39274610ns          673572 1c008c6a 00f00533 add              x10, x0, x15        x10=1c0000a6 x15:1c0000a6
39274630ns          673573 1c008c6c 0017c70b p.lbu            x14, 1(x15!)        x14=00000020 x15=1c0000a7 x15:1c0000a6  PA:1c0000a6
39274948ns          673589 1c008c70 feb71ce3 bne              x14, x11, -8        x14:00000020 x11:00000064
39275008ns          673592 1c008c68 00070763 beq              x14, x0, 14         x14:00000020
39275027ns          673593 1c008c6a 00f00533 add              x10, x0, x15        x10=1c0000a7 x15:1c0000a7
39275047ns          673594 1c008c6c 0017c70b p.lbu            x14, 1(x15!)        x14=00000023 x15=1c0000a8 x15:1c0000a7  PA:1c0000a7
39275366ns          673610 1c008c70 feb71ce3 bne              x14, x11, -8        x14:00000023 x11:00000064
39275425ns          673613 1c008c68 00070763 beq              x14, x0, 14         x14:00000023
39275445ns          673614 1c008c6a 00f00533 add              x10, x0, x15        x10=1c0000a8 x15:1c0000a8
39275465ns          673615 1c008c6c 0017c70b p.lbu            x14, 1(x15!)        x14=00000030 x15=1c0000a9 x15:1c0000a8  PA:1c0000a8
39275823ns          673633 1c008c70 feb71ce3 bne              x14, x11, -8        x14:00000030 x11:00000064
39275883ns          673636 1c008c68 00070763 beq              x14, x0, 14         x14:00000030
39275903ns          673637 1c008c6a 00f00533 add              x10, x0, x15        x10=1c0000a9 x15:1c0000a9
39275922ns          673638 1c008c6c 0017c70b p.lbu            x14, 1(x15!)        x14=00000000 x15=1c0000aa x15:1c0000a9  PA:1c0000a9
39276241ns          673654 1c008c70 feb71ce3 bne              x14, x11, -8        x14:00000000 x11:00000064
39276300ns          673657 1c008c68 00070763 beq              x14, x0, 14         x14:00000000
39276380ns          673661 1c008c76 0015b593 sltiu            x11, x11, 1         x11=00000000 x11:00000064
39276400ns          673662 1c008c7a 40b005b3 sub              x11, x0, x11        x11=00000000 x11:00000000
39276420ns          673663 1c008c7e 00b57533 and              x10, x10, x11       x10=00000000 x10:1c0000a9 x11:00000000
39276440ns          673664 1c008c80 00008067 jalr             x0, x1, 0            x1:1c008e12
39276479ns          673666 1c008e12 02050a63 beq              x10, x0, 52         x10:00000000
39276559ns          673670 1c008e46 02a00613 addi             x12, x0, 42         x12=0000002a
39276579ns          673671 1c008e4a 2ac48663 beq              x9, x12, 684         x9:00000064 x12:0000002a
39276599ns          673672 1c008e4e fd048613 addi             x12, x9, -48        x12=00000034  x9:00000064
39276619ns          673673 1c008e52 00900593 addi             x11, x0, 9          x11=00000009
39276638ns          673674 1c008e54 00000913 addi             x18, x0, 0          x18=00000000
39276658ns          673675 1c008e56 28c5f063 bgeu             x11, x12, 640       x11:00000009 x12:00000034
39276678ns          673676 1c008e5a 02e00693 addi             x13, x0, 46         x13=0000002e
39276698ns          673677 1c008e5e fff00a13 addi             x20, x0, -1         x20=ffffffff
39276718ns          673678 1c008e60 2ed48363 beq              x9, x13, 742         x9:00000064 x13:0000002e
39276738ns          673679 1c008e64 1c0007b7 lui              x15, 0x1c000000     x15=1c000000
39276758ns          673680 1c008e68 009005b3 add              x11, x0, x9         x11=00000064  x9:00000064
39276778ns          673681 1c008e6a 0ac78513 addi             x10, x15, 172       x10=1c0000ac x15:1c000000
39276798ns          673682 1c008e6e de7ff0ef jal              x1, -538             x1=1c008e70
39276837ns          673684 1c008c54 00054783 lbu              x15, 0(x10)         x15=00000068 x10:1c0000ac  PA:1c0000ac
39277136ns          673699 1c008c58 0ff5f593 andi             x11, x11, 255       x11=00000064 x11:00000064
39277156ns          673700 1c008c5c 00b78c63 beq              x15, x11, 24        x15:00000068 x11:00000064
39277175ns          673701 1c008c60 00078b63 beq              x15, x0, 22         x15:00000068
39277195ns          673702 1c008c62 00150793 addi             x15, x10, 1         x15=1c0000ad x10:1c0000ac
39277215ns          673703 1c008c66 0040006f jal              x0, 4              
39277255ns          673705 1c008c6a 00f00533 add              x10, x0, x15        x10=1c0000ad x15:1c0000ad
39277275ns          673706 1c008c6c 0017c70b p.lbu            x14, 1(x15!)        x14=0000006c x15=1c0000ae x15:1c0000ad  PA:1c0000ad
39277593ns          673722 1c008c70 feb71ce3 bne              x14, x11, -8        x14:0000006c x11:00000064
39277653ns          673725 1c008c68 00070763 beq              x14, x0, 14         x14:0000006c
39277673ns          673726 1c008c6a 00f00533 add              x10, x0, x15        x10=1c0000ae x15:1c0000ae
39277692ns          673727 1c008c6c 0017c70b p.lbu            x14, 1(x15!)        x14=0000004c x15=1c0000af x15:1c0000ae  PA:1c0000ae
39278130ns          673749 1c008c70 feb71ce3 bne              x14, x11, -8        x14:0000004c x11:00000064
39278190ns          673752 1c008c68 00070763 beq              x14, x0, 14         x14:0000004c
39278210ns          673753 1c008c6a 00f00533 add              x10, x0, x15        x10=1c0000af x15:1c0000af
39278229ns          673754 1c008c6c 0017c70b p.lbu            x14, 1(x15!)        x14=0000007a x15=1c0000b0 x15:1c0000af  PA:1c0000af
39278548ns          673770 1c008c70 feb71ce3 bne              x14, x11, -8        x14:0000007a x11:00000064
39278607ns          673773 1c008c68 00070763 beq              x14, x0, 14         x14:0000007a
39278627ns          673774 1c008c6a 00f00533 add              x10, x0, x15        x10=1c0000b0 x15:1c0000b0
39278647ns          673775 1c008c6c 0017c70b p.lbu            x14, 1(x15!)        x14=00000000 x15=1c0000b1 x15:1c0000b0  PA:1c0000b0
39278985ns          673792 1c008c70 feb71ce3 bne              x14, x11, -8        x14:00000000 x11:00000064
39279045ns          673795 1c008c68 00070763 beq              x14, x0, 14         x14:00000000
39279124ns          673799 1c008c76 0015b593 sltiu            x11, x11, 1         x11=00000000 x11:00000064
39279144ns          673800 1c008c7a 40b005b3 sub              x11, x0, x11        x11=00000000 x11:00000000
39279164ns          673801 1c008c7e 00b57533 and              x10, x10, x11       x10=00000000 x10:1c0000b0 x11:00000000
39279184ns          673802 1c008c80 00008067 jalr             x0, x1, 0            x1:1c008e70
39279264ns          673806 1c008e70 01300433 add              x8, x0, x19          x8=1c000041 x19:1c000041
39279284ns          673807 1c008e72 00050563 beq              x10, x0, 10         x10:00000000
39279343ns          673810 1c008e7c 06700693 addi             x13, x0, 103        x13=00000067
39279403ns          673813 1c008e80 2896d963 bge              x13, x9, 658        x13:00000067  x9:00000064
39279542ns          673820 1c009112 06500693 addi             x13, x0, 101        x13=00000065
39279562ns          673821 1c009116 12d4d563 bge              x9, x13, 298         x9:00000064 x13:00000065
39279582ns          673822 1c00911a 04700693 addi             x13, x0, 71         x13=00000047
39279642ns          673825 1c00911e dc96cbe3 blt              x13, x9, -554       x13:00000047  x9:00000064
39279741ns          673830 1c008ef4 06300693 addi             x13, x0, 99         x13=00000063
39279781ns          673832 1c008ef8 0ad488e3 beq              x9, x13, 2224        x9:00000064 x13:00000063
39279801ns          673833 1c008efc 0096c9e3 blt              x13, x9, 2066       x13:00000063  x9:00000064
39279940ns          673840 1c00970e 000c2583 lw               x11, 0(x24)         x11=00000004 x24:10002770  PA:10002770
39279960ns          673841 1c009712 004c0c13 addi             x24, x24, 4         x24=10002774 x24:10002770
39279980ns          673842 1c009714 3405cc63 blt              x11, x0, 856        x11:00000004
39279999ns          673843 1c009718 01412603 lw               x12, 20(x2)         x12=00000000  x2:10002618  PA:1000262c
39280019ns          673844 1c00971a 00b006b3 add              x13, x0, x11        x13=00000004 x11:00000004
39280039ns          673845 1c00971c 2e061863 bne              x12, x0, 752        x12:00000000
39280059ns          673846 1c009720 01812703 lw               x14, 24(x2)         x14=00000000  x2:10002618  PA:10002630
39280079ns          673847 1c009722 019007b3 add              x15, x0, x25        x15=1000263c x25:1000263c
39280099ns          673848 1c009724 00070763 beq              x14, x0, 14         x14:00000000
39280198ns          673853 1c009732 00f00733 add              x14, x0, x15        x14=1000263c x15:1000263c
39280238ns          673855 1c009734 00a00513 addi             x10, x0, 10         x10=0000000a
39280258ns          673856 1c009736 02a6f633 remu             x12, x13, x10       x12=00000004 x13:00000004 x10:0000000a
39280875ns          673887 1c00973a 02a6d6b3 divu             x13, x13, x10       x13=00000000 x13:00000004 x10:0000000a
39281491ns          673918 1c00973e 03060613 addi             x12, x12, 48        x12=00000034 x12:00000004
39281511ns          673919 1c009742 00c700ab p.sb             x12, 1(x14!)        x14=1000263d x12:00000034 x14:1000263c  PA:1000263c
39281531ns          673920 1c009746 fe0698e3 bne              x13, x0, -16        x13:00000000
39281551ns          673921 1c009748 40f706b3 sub              x13, x14, x15       x13=00000001 x14:1000263d x15:1000263c
39281571ns          673922 1c00974c 0146dc63 bge              x13, x20, 24        x13:00000001 x20:ffffffff
39281650ns          673926 1c009764 00e006b3 add              x13, x0, x14        x13=1000263d x14:1000263d
39281670ns          673927 1c009766 fe068fab p.sb             x0, -1(x13!)        x13=1000263c x13:1000263d  PA:1000263d
39281690ns          673928 1c00976a 00d7fc63 bgeu             x15, x13, 24        x15:1000263c x13:1000263c
39281829ns          673935 1c009782 01412783 lw               x15, 20(x2)         x15=00000000  x2:10002618  PA:1000262c
39281869ns          673937 1c009784 01812603 lw               x12, 24(x2)         x12=00000000  x2:10002618  PA:10002630
39281889ns          673938 1c009786 419704b3 sub              x9, x14, x25         x9=00000001 x14:1000263d x25:1000263c
39281909ns          673939 1c00978a 00c7e7b3 or               x15, x15, x12       x15=00000000 x15:00000000 x12:00000000
39281929ns          673940 1c00978c 00f12623 sw               x15, 12(x2)         x15:00000000  x2:10002618  PA:10002624
39281949ns          673941 1c00978e 00079363 bne              x15, x0, 6          x15:00000000
39281968ns          673942 1c009790 01f5d593 srli             x11, x11, 0x1f      x11=00000000 x11:00000004
39281988ns          673943 1c009792 00b12623 sw               x11, 12(x2)         x11:00000000  x2:10002618  PA:10002624
39282008ns          673944 1c009794 e3fa28e3 p.beqimm         x20, -464           x20:ffffffff
39282068ns          673947 1c0095c4 0c800793 addi             x15, x0, 200        x15=000000c8
39282088ns          673948 1c0095c8 9e97d0e3 bge              x15, x9, -1568      x15:000000c8  x9:00000001
39282207ns          673954 1c008fa8 0f24d163 bge              x9, x18, 226         x9:00000001 x18:00000000
39282545ns          673971 1c00908a d00482e3 beq              x9, x0, -764         x9:00000001
39282565ns          673972 1c00908e 01900933 add              x18, x0, x25        x18=1000263c x25:1000263c
39282605ns          673974 1c009090 419d8db3 sub              x27, x27, x25       x27=efffd9e6 x27:00000022 x25:1000263c
39282645ns          673976 1c009094 00a0006f jal              x0, 10             
39282744ns          673981 1c00909e 0019450b p.lbu            x10, 1(x18!)        x10=00000034 x18=1000263d x18:1000263c  PA:1000263c
39282764ns          673982 1c0090a2 01a005b3 add              x11, x0, x26        x11=00000002 x26:00000002
39282784ns          673983 1c0090a4 000b00e7 jalr             x1, x22, 0           x1=1c0090a6 x22:1c008cd4
39282824ns          673985 1c008cd4 000026b7 lui              x13, 0x2000         x13=00002000
39282843ns          673986 1c008cd6 f14027f3 csrrs            x15, x0, 0xf14      x15=00000004
39282863ns          673987 1c008cda f8068693 addi             x13, x13, -128      x13=00001f80 x13:00002000
39282923ns          673990 1c008cde 00379713 slli             x14, x15, 0x3       x14=00000020 x15:00000004
39282943ns          673991 1c008ce2 00279793 slli             x15, x15, 0x2       x15=00000010 x15:00000004
39282963ns          673992 1c008ce4 00d7f7b3 and              x15, x15, x13       x15=00000000 x15:00000010 x13:00001f80
39282983ns          673993 1c008ce6 ee873733 p.bclr           x14, x14, 23, 8     x14=00000020 x14:00000020
39283003ns          673994 1c008cea 1a10f6b7 lui              x13, 0x1a10f000     x13=1a10f000
39283062ns          673997 1c008cee 0ff57513 andi             x10, x10, 255       x10=00000034 x10:00000034
39283082ns          673998 1c008cf2 00d70733 add              x14, x14, x13       x14=1a10f020 x14:00000020 x13:1a10f000
39283102ns          673999 1c008cf4 00a7e723 p.sw             x10, x0(x15)        x10:00000034 x15:00000000  PA:1a10f020
39283500ns          674019 1c008cf8 00000513 addi             x10, x0, 0          x10=00000000
39283520ns          674020 1c008cfa 00008067 jalr             x0, x1, 0            x1:1c0090a6
39283559ns          674022 1c0090a6 fff48493 addi             x9, x9, -1           x9=00000000  x9:00000001
39283579ns          674023 1c0090a8 fff537e3 p.bneimm         x10, -18            x10:00000000
39283719ns          674030 1c009096 012d8733 add              x14, x27, x18       x14=00000023 x27:efffd9e6 x18:1000263d
39283738ns          674031 1c00909a 5a048b63 beq              x9, x0, 1462         x9:00000000
39283838ns          674036 1c009650 00e00db3 add              x27, x0, x14        x27=00000023 x14:00000023
39283878ns          674038 1c009652 f3cff06f jal              x0, -2244          
39283997ns          674044 1c008d8e 00044503 lbu              x10, 0(x8)          x10=0000000a  x8:1c000041  PA:1c000041
39284315ns          674060 1c008d92 00140413 addi             x8, x8, 1            x8=1c000042  x8:1c000041
39284335ns          674061 1c008d94 00050e63 beq              x10, x0, 28         x10:0000000a
39284355ns          674062 1c008d96 02500793 addi             x15, x0, 37         x15=00000025
39284375ns          674063 1c008d9a 04f50863 beq              x10, x15, 80        x10:0000000a x15:00000025
39284395ns          674064 1c008d9e 01a005b3 add              x11, x0, x26        x11=00000002 x26:00000002
39284415ns          674065 1c008da0 000b00e7 jalr             x1, x22, 0           x1=1c008da2 x22:1c008cd4
39284454ns          674067 1c008cd4 000026b7 lui              x13, 0x2000         x13=00002000
39284474ns          674068 1c008cd6 f14027f3 csrrs            x15, x0, 0xf14      x15=00000004
39284494ns          674069 1c008cda f8068693 addi             x13, x13, -128      x13=00001f80 x13:00002000
39284514ns          674070 1c008cde 00379713 slli             x14, x15, 0x3       x14=00000020 x15:00000004
39284534ns          674071 1c008ce2 00279793 slli             x15, x15, 0x2       x15=00000010 x15:00000004
39284554ns          674072 1c008ce4 00d7f7b3 and              x15, x15, x13       x15=00000000 x15:00000010 x13:00001f80
39284574ns          674073 1c008ce6 ee873733 p.bclr           x14, x14, 23, 8     x14=00000020 x14:00000020
39284594ns          674074 1c008cea 1a10f6b7 lui              x13, 0x1a10f000     x13=1a10f000
39284614ns          674075 1c008cee 0ff57513 andi             x10, x10, 255       x10=0000000a x10:0000000a
39284633ns          674076 1c008cf2 00d70733 add              x14, x14, x13       x14=1a10f020 x14:00000020 x13:1a10f000
39284653ns          674077 1c008cf4 00a7e723 p.sw             x10, x0(x15)        x10:0000000a x15:00000000  PA:1a10f020
39284971ns          674093 1c008cf8 00000513 addi             x10, x0, 0          x10=00000000
39284991ns          674094 1c008cfa 00008067 jalr             x0, x1, 0            x1:1c008da2
39285051ns          674097 1c008da2 31f52563 p.beqimm         x10, 778            x10:00000000
39285071ns          674098 1c008da6 001d8d93 addi             x27, x27, 1         x27=00000024 x27:00000023
39285091ns          674099 1c008da8 00044503 lbu              x10, 0(x8)          x10=00000000  x8:1c000042  PA:1c000042
39285389ns          674114 1c008dac 00140413 addi             x8, x8, 1            x8=1c000043  x8:1c000042
39285409ns          674115 1c008dae fe0514e3 bne              x10, x0, -24        x10:00000000
39285429ns          674116 1c008db0 01b00433 add              x8, x0, x27          x8=00000024 x27:00000024
39285449ns          674117 1c008db2 00800533 add              x10, x0, x8         x10=00000024  x8:00000024
39285469ns          674118 1c008db4 12c12083 lw               x1, 300(x2)          x1=1c008d40  x2:10002618  PA:10002744
39285489ns          674119 1c008db8 12812403 lw               x8, 296(x2)          x8=00000004  x2:10002618  PA:10002740
39285508ns          674120 1c008dbc 12412483 lw               x9, 292(x2)          x9=00000000  x2:10002618  PA:1000273c
39285886ns          674139 1c008dc0 12012903 lw               x18, 288(x2)        x18=00000000  x2:10002618  PA:10002738
39285926ns          674141 1c008dc4 11c12983 lw               x19, 284(x2)        x19=00000000  x2:10002618  PA:10002734
39285946ns          674142 1c008dc8 11812a03 lw               x20, 280(x2)        x20=00000000  x2:10002618  PA:10002730
39285966ns          674143 1c008dcc 11412a83 lw               x21, 276(x2)        x21=00000000  x2:10002618  PA:1000272c
39286403ns          674165 1c008dd0 11012b03 lw               x22, 272(x2)        x22=00000000  x2:10002618  PA:10002728
39286443ns          674167 1c008dd4 10c12b83 lw               x23, 268(x2)        x23=00000000  x2:10002618  PA:10002724
39286463ns          674168 1c008dd8 10812c03 lw               x24, 264(x2)        x24=00000000  x2:10002618  PA:10002720
39286483ns          674169 1c008ddc 10412c83 lw               x25, 260(x2)        x25=00000000  x2:10002618  PA:1000271c
39286543ns          674172 1c008de0 10012d03 lw               x26, 256(x2)        x26=00000000  x2:10002618  PA:10002718
39286582ns          674174 1c008de4 0fc12d83 lw               x27, 252(x2)        x27=00000000  x2:10002618  PA:10002714
39286602ns          674175 1c008de6 13010113 addi             x2, x2, 304          x2=10002748  x2:10002618
39286622ns          674176 1c008de8 00008067 jalr             x0, x1, 0            x1:1c008d40
39286702ns          674180 1c008d40 01c12083 lw               x1, 28(x2)           x1=1c0081fe  x2:10002748  PA:10002764
39286722ns          674181 1c008d42 04010113 addi             x2, x2, 64           x2=10002788  x2:10002748
39286761ns          674183 1c008d44 00008067 jalr             x0, x1, 0            x1:1c0081fe
39286841ns          674187 1c0081fe 00000513 addi             x10, x0, 0          x10=00000000
39286921ns          674191 1c008200 55e000ef jal              x1, 1374             x1=1c008202
39287875ns          674239 1c00875e 002047b7 lui              x15, 0x204000       x15=00204000
39287915ns          674241 1c008762 02078793 addi             x15, x15, 32        x15=00204020 x15:00204000
39287935ns          674242 1c008766 00f50533 add              x10, x10, x15       x10=00204020 x10:00000000 x15:00204020
39287955ns          674243 1c008768 00751513 slli             x10, x10, 0x7       x10=10201000 x10:00204020
39287975ns          674244 1c00876a 00008067 jalr             x0, x1, 0            x1:1c008202
39288392ns          674265 1c008202 32041763 bne              x8, x0, 814          x8:00000004
39289029ns          674297 1c008530 fc143ee3 p.bneimm         x8, -36              x8:00000004
39289506ns          674321 1c00850c 299010ef jal              x1, 6808             x1=1c008510
39289943ns          674343 1c009fa4 f14027f3 csrrs            x15, x0, 0xf14      x15=00000004
39289983ns          674345 1c009fa8 01f00713 addi             x14, x0, 31         x14=0000001f
39290003ns          674346 1c009faa ca5797b3 p.extractu       x15, x15, 5, 5      x15=00000000 x15:00000004
39290500ns          674371 1c009fae 00e78863 beq              x15, x14, 16        x15:00000000 x14:0000001f
39290540ns          674373 1c009fb2 002047b7 lui              x15, 0x204000       x15=00204000
39290560ns          674374 1c009fb6 20078793 addi             x15, x15, 512       x15=00204200 x15:00204000
39290580ns          674375 1c009fba 01c7e703 p.elw            x14, 28(x15)        x14=00010000 x15:00204200  PA:0020421c
40256476ns          722859 1c009fbe 00008067 jalr             x0, x1, 0            x1:1c008510
40256616ns          722866 1c008510 06c12083 lw               x1, 108(x2)          x1=1c009e76  x2:10002788  PA:100027f4
40256636ns          722867 1c008512 06812403 lw               x8, 104(x2)          x8=00000000  x2:10002788  PA:100027f0
40256656ns          722868 1c008514 06412483 lw               x9, 100(x2)          x9=00000000  x2:10002788  PA:100027ec
40256676ns          722869 1c008516 06012903 lw               x18, 96(x2)         x18=00000000  x2:10002788  PA:100027e8
40256696ns          722870 1c008518 05c12983 lw               x19, 92(x2)         x19=00000000  x2:10002788  PA:100027e4
40256717ns          722871 1c00851a 05812a03 lw               x20, 88(x2)         x20=00000000  x2:10002788  PA:100027e0
40256737ns          722872 1c00851c 05412a83 lw               x21, 84(x2)         x21=00000000  x2:10002788  PA:100027dc
40256757ns          722873 1c00851e 05012b03 lw               x22, 80(x2)         x22=00000000  x2:10002788  PA:100027d8
40257098ns          722890 1c008520 04c12b83 lw               x23, 76(x2)         x23=00000000  x2:10002788  PA:100027d4
40257118ns          722891 1c008522 04812c03 lw               x24, 72(x2)         x24=00000000  x2:10002788  PA:100027d0
40257138ns          722892 1c008524 04412c83 lw               x25, 68(x2)         x25=00000000  x2:10002788  PA:100027cc
40257158ns          722893 1c008526 04012d03 lw               x26, 64(x2)         x26=00000000  x2:10002788  PA:100027c8
40257178ns          722894 1c008528 03c12d83 lw               x27, 60(x2)         x27=00000000  x2:10002788  PA:100027c4
40257198ns          722895 1c00852a 00100513 addi             x10, x0, 1          x10=00000001
40257218ns          722896 1c00852c 07010113 addi             x2, x2, 112          x2=100027f8  x2:10002788
40257238ns          722897 1c00852e 00008067 jalr             x0, x1, 0            x1:1c009e76
40257780ns          722924 1c009e76 01f00713 addi             x14, x0, 31         x14=0000001f
40257820ns          722926 1c009e78 f14027f3 csrrs            x15, x0, 0xf14      x15=00000004
40257840ns          722927 1c009e7c ca5797b3 p.extractu       x15, x15, 5, 5      x15=00000000 x15:00000004
40257900ns          722930 1c009e80 00e78863 beq              x15, x14, 16        x15:00000000 x14:0000001f
40257940ns          722932 1c009e84 002047b7 lui              x15, 0x204000       x15=00204000
40257961ns          722933 1c009e88 20078793 addi             x15, x15, 512       x15=00204200 x15:00204000
40257981ns          722934 1c009e8c 01c7e703 p.elw            x14, 28(x15)        x14=00010000 x15:00204200  PA:0020421c
40258161ns          722943 1c009e90 f14027f3 csrrs            x15, x0, 0xf14      x15=00000004
40258201ns          722945 1c009e94 f457b7b3 p.bclr           x15, x15, 26, 5     x15=00000004 x15:00000004
40258221ns          722946 1c009e98 00079963 bne              x15, x0, 18         x15:00000004
40258703ns          722970 1c009eaa 002047b7 lui              x15, 0x204000       x15=00204000
40258723ns          722971 1c009eae fff00713 addi             x14, x0, -1         x14=ffffffff
40259245ns          722997 1c009eb0 00e7a223 sw               x14, 4(x15)         x14:ffffffff x15:00204000  PA:00204004
