                Time          Cycles PC       Instr    Mnemonic
39191717ns          669404 1c008080 000000b7 lui              x1, 0x0              x1=00000000
39191756ns          669406 1c008084 00000137 lui              x2, 0x0              x2=00000000
39191776ns          669407 1c008088 000001b7 lui              x3, 0x0              x3=00000000
39191796ns          669408 1c00808c 00000237 lui              x4, 0x0              x4=00000000
39192234ns          669430 1c008090 000002b7 lui              x5, 0x0              x5=00000000
39192274ns          669432 1c008094 00000337 lui              x6, 0x0              x6=00000000
39192293ns          669433 1c008098 000003b7 lui              x7, 0x0              x7=00000000
39192313ns          669434 1c00809c 00000437 lui              x8, 0x0              x8=00000000
39192751ns          669456 1c0080a0 000004b7 lui              x9, 0x0              x9=00000000
39192791ns          669458 1c0080a4 00000537 lui              x10, 0x0            x10=00000000
39192810ns          669459 1c0080a8 000005b7 lui              x11, 0x0            x11=00000000
39192830ns          669460 1c0080ac 00000637 lui              x12, 0x0            x12=00000000
39193288ns          669483 1c0080b0 000006b7 lui              x13, 0x0            x13=00000000
39193328ns          669485 1c0080b4 00000737 lui              x14, 0x0            x14=00000000
39193347ns          669486 1c0080b8 000007b7 lui              x15, 0x0            x15=00000000
39193367ns          669487 1c0080bc 00000837 lui              x16, 0x0            x16=00000000
39193805ns          669509 1c0080c0 000008b7 lui              x17, 0x0            x17=00000000
39193845ns          669511 1c0080c4 00000937 lui              x18, 0x0            x18=00000000
39193865ns          669512 1c0080c8 000009b7 lui              x19, 0x0            x19=00000000
39193884ns          669513 1c0080cc 00000a37 lui              x20, 0x0            x20=00000000
39194322ns          669535 1c0080d0 00000ab7 lui              x21, 0x0            x21=00000000
39194362ns          669537 1c0080d4 00000b37 lui              x22, 0x0            x22=00000000
39194382ns          669538 1c0080d8 00000bb7 lui              x23, 0x0            x23=00000000
39194402ns          669539 1c0080dc 00000c37 lui              x24, 0x0            x24=00000000
39194839ns          669561 1c0080e0 00000cb7 lui              x25, 0x0            x25=00000000
39194879ns          669563 1c0080e4 00000d37 lui              x26, 0x0            x26=00000000
39194899ns          669564 1c0080e8 00000db7 lui              x27, 0x0            x27=00000000
39194919ns          669565 1c0080ec 00000e37 lui              x28, 0x0            x28=00000000
39195356ns          669587 1c0080f0 00000eb7 lui              x29, 0x0            x29=00000000
39195396ns          669589 1c0080f4 00000f37 lui              x30, 0x0            x30=00000000
39195416ns          669590 1c0080f8 00000fb7 lui              x31, 0x0            x31=00000000
39195436ns          669591 1c0080fc 0700006f jal              x0, 112            
39196331ns          669636 1c00816c f1402573 csrrs            x10, x0, 0xf14      x10=00000007
39196788ns          669659 1c008170 01f57593 andi             x11, x10, 31        x11=00000007 x10:00000007
39196828ns          669661 1c008174 00555513 srli             x10, x10, 0x5       x10=00000000 x10:00000007
39196848ns          669662 1c008176 01f00613 addi             x12, x0, 31         x12=0000001f
39196868ns          669663 1c008178 00c50463 beq              x10, x12, 8         x10:00000000 x12:0000001f
39196888ns          669664 1c00817c f95ff06f jal              x0, -108           
39197782ns          669709 1c008110 f3ff8117 auipc            x2, 0xf3ff8000       x2=10000110
39197822ns          669711 1c008114 ef410113 addi             x2, x2, -268         x2=10000004  x2:10000110
39197842ns          669712 1c008118 00012103 lw               x2, 0(x2)            x2=10000008  x2:10000004  PA:10000004
39197862ns          669713 1c00811c 000011b7 lui              x3, 0x1000           x3=00001000
39198300ns          669735 1c008120 80018193 addi             x3, x3, -2048        x3=00000800  x3:00001000
39198339ns          669737 1c008124 00158593 addi             x11, x11, 1         x11=00000008 x11:00000007
39198359ns          669738 1c008128 02b180b3 mul              x1, x3, x11          x1=00004000  x3:00000800 x11:00000008
39198379ns          669739 1c00812c 00110133 add              x2, x2, x1           x2=10004008  x2:10000008  x1:00004000
39198817ns          669761 1c008130 50d0106f jal              x0, 7436           
39199393ns          669790 1c009e3c ff010113 addi             x2, x2, -16          x2=10003ff8  x2:10004008
39199413ns          669791 1c009e3e 00112623 sw               x1, 12(x2)           x1:00004000  x2:10003ff8  PA:10004004
39199851ns          669813 1c009e40 002047b7 lui              x15, 0x204000       x15=00204000
39199891ns          669815 1c009e44 00070737 lui              x14, 0x70000        x14=00070000
39199911ns          669816 1c009e48 00e7a423 sw               x14, 8(x15)         x14:00070000 x15:00204000  PA:00204008
39199930ns          669817 1c009e4a 0ff00713 addi             x14, x0, 255        x14=000000ff
39200368ns          669839 1c009e4e 20078793 addi             x15, x15, 512       x15=00204200 x15:00204000
39200408ns          669841 1c009e52 00e7a023 sw               x14, 0(x15)         x14:000000ff x15:00204200  PA:00204200
39200527ns          669847 1c009e56 00e7a623 sw               x14, 12(x15)        x14:000000ff x15:00204200  PA:0020420c
39200547ns          669848 1c009e5a 01f00693 addi             x13, x0, 31         x13=0000001f
39200567ns          669849 1c009e5c f1402773 csrrs            x14, x0, 0xf14      x14=00000007
39200885ns          669865 1c009e60 ca571733 p.extractu       x14, x14, 5, 5      x14=00000000 x14:00000007
39200925ns          669867 1c009e64 00d70463 beq              x14, x13, 8         x14:00000000 x13:0000001f
39200945ns          669868 1c009e68 01c7e703 p.elw            x14, 28(x15)        x14=00010000 x15:00204200  PA:0020421c
39201064ns          669874 1c009e6c 1c0017b7 lui              x15, 0x1c001000     x15=1c001000
39201422ns          669892 1c009e70 93c7a783 lw               x15, -1732(x15)     x15=1c0081c6 x15:1c001000  PA:1c00093c
39202019ns          669922 1c009e74 000780e7 jalr             x1, x15, 0           x1=1c009e76 x15:1c0081c6
39202416ns          669942 1c0081c6 f9010113 addi             x2, x2, -112         x2=10003f88  x2:10003ff8
39202456ns          669944 1c0081c8 06812423 sw               x8, 104(x2)          x8:00000000  x2:10003f88  PA:10003ff0
39202476ns          669945 1c0081ca f14027f3 csrrs            x15, x0, 0xf14      x15=00000007
39202914ns          669967 1c0081ce 1c000537 lui              x10, 0x1c000000     x10=1c000000
39202953ns          669969 1c0081d2 f457b433 p.bclr           x8, x15, 26, 5       x8=00000007 x15:00000007
39202973ns          669970 1c0081d6 4057d793 srai             x15, x15, 0x405     x15=00000000 x15:00000007
39202993ns          669971 1c0081d8 00800633 add              x12, x0, x8         x12=00000007  x8:00000007
39203013ns          669972 1c0081da f267b5b3 p.bclr           x11, x15, 25, 6     x11=00000000 x15:00000000
39203431ns          669993 1c0081de 01c50513 addi             x10, x10, 28        x10=1c00001c x10:1c000000
39203451ns          669994 1c0081e2 06112623 sw               x1, 108(x2)          x1:1c009e76  x2:10003f88  PA:10003ff4
39203470ns          669995 1c0081e4 06912223 sw               x9, 100(x2)          x9:00000000  x2:10003f88  PA:10003fec
39203490ns          669996 1c0081e6 07212023 sw               x18, 96(x2)         x18:00000000  x2:10003f88  PA:10003fe8
39203510ns          669997 1c0081e8 05312e23 sw               x19, 92(x2)         x19:00000000  x2:10003f88  PA:10003fe4
39203530ns          669998 1c0081ea 05412c23 sw               x20, 88(x2)         x20:00000000  x2:10003f88  PA:10003fe0
39203550ns          669999 1c0081ec 05512a23 sw               x21, 84(x2)         x21:00000000  x2:10003f88  PA:10003fdc
39203570ns          670000 1c0081ee 05612823 sw               x22, 80(x2)         x22:00000000  x2:10003f88  PA:10003fd8
39203968ns          670020 1c0081f0 05712623 sw               x23, 76(x2)         x23:00000000  x2:10003f88  PA:10003fd4
39203988ns          670021 1c0081f2 05812423 sw               x24, 72(x2)         x24:00000000  x2:10003f88  PA:10003fd0
39204007ns          670022 1c0081f4 05912223 sw               x25, 68(x2)         x25:00000000  x2:10003f88  PA:10003fcc
39204027ns          670023 1c0081f6 05a12023 sw               x26, 64(x2)         x26:00000000  x2:10003f88  PA:10003fc8
39204047ns          670024 1c0081f8 03b12e23 sw               x27, 60(x2)         x27:00000000  x2:10003f88  PA:10003fc4
39204067ns          670025 1c0081fa 31f000ef jal              x1, 2846             x1=1c0081fe
39204942ns          670069 1c008d18 fc010113 addi             x2, x2, -64          x2=10003f48  x2:10003f88
39204982ns          670071 1c008d1a 02410313 addi             x6, x2, 36           x6=10003f6c  x2:10003f48
39205002ns          670072 1c008d1e 02c12423 sw               x12, 40(x2)         x12:00000007  x2:10003f48  PA:10003f70
39205419ns          670093 1c008d20 00a00633 add              x12, x0, x10        x12=1c00001c x10:1c00001c
39205459ns          670095 1c008d22 1c009537 lui              x10, 0x1c009000     x10=1c009000
39205479ns          670096 1c008d26 02b12223 sw               x11, 36(x2)         x11:00000000  x2:10003f48  PA:10003f6c
39205499ns          670097 1c008d28 02d12623 sw               x13, 44(x2)         x13:0000001f  x2:10003f48  PA:10003f74
39205519ns          670098 1c008d2a 00200593 addi             x11, x0, 2          x11=00000002
39205539ns          670099 1c008d2c 006006b3 add              x13, x0, x6         x13=10003f6c  x6:10003f6c
39205937ns          670119 1c008d2e cd450513 addi             x10, x10, -812      x10=1c008cd4 x10:1c009000
39205956ns          670120 1c008d32 00112e23 sw               x1, 28(x2)           x1:1c0081fe  x2:10003f48  PA:10003f64
39205976ns          670121 1c008d34 02e12823 sw               x14, 48(x2)         x14:00010000  x2:10003f48  PA:10003f78
39205996ns          670122 1c008d36 02f12a23 sw               x15, 52(x2)         x15:00000000  x2:10003f48  PA:10003f7c
39206016ns          670123 1c008d38 03012c23 sw               x16, 56(x2)         x16:00000000  x2:10003f48  PA:10003f80
39206036ns          670124 1c008d3a 03112e23 sw               x17, 60(x2)         x17:00000000  x2:10003f48  PA:10003f84
39206056ns          670125 1c008d3c 00612623 sw               x6, 12(x2)           x6:10003f6c  x2:10003f48  PA:10003f54
39206076ns          670126 1c008d3e fbfff0ef jal              x1, -66              x1=1c008d40
39206911ns          670168 1c008cfc 04a0006f jal              x0, 74             
39206951ns          670170 1c008d46 ed010113 addi             x2, x2, -304         x2=10003e18  x2:10003f48
39206971ns          670171 1c008d48 12812423 sw               x8, 296(x2)          x8:00000007  x2:10003e18  PA:10003f40
39206991ns          670172 1c008d4c 00000413 addi             x8, x0, 0            x8=00000000
39207428ns          670194 1c008d4e 11612823 sw               x22, 272(x2)        x22:00000000  x2:10003e18  PA:10003f28
39207468ns          670196 1c008d52 11712623 sw               x23, 268(x2)        x23:00000000  x2:10003e18  PA:10003f24
39207488ns          670197 1c008d56 11812423 sw               x24, 264(x2)        x24:00000000  x2:10003e18  PA:10003f20
39207508ns          670198 1c008d5a 11912223 sw               x25, 260(x2)        x25:00000000  x2:10003e18  PA:10003f1c
39207965ns          670221 1c008d5e 11a12023 sw               x26, 256(x2)        x26:00000000  x2:10003e18  PA:10003f18
39207985ns          670222 1c008d62 0fb12e23 sw               x27, 252(x2)        x27:00000000  x2:10003e18  PA:10003f14
39208005ns          670223 1c008d64 12112623 sw               x1, 300(x2)          x1:1c008d40  x2:10003e18  PA:10003f44
39208025ns          670224 1c008d68 00800db3 add              x27, x0, x8         x27=00000000  x8:00000000
39208045ns          670225 1c008d6a 12912223 sw               x9, 292(x2)          x9:00000000  x2:10003e18  PA:10003f3c
39208482ns          670247 1c008d6e 13212023 sw               x18, 288(x2)        x18:00000000  x2:10003e18  PA:10003f38
39208522ns          670249 1c008d72 11312e23 sw               x19, 284(x2)        x19:00000000  x2:10003e18  PA:10003f34
39208542ns          670250 1c008d76 11412c23 sw               x20, 280(x2)        x20:00000000  x2:10003e18  PA:10003f30
39208562ns          670251 1c008d7a 11512a23 sw               x21, 276(x2)        x21:00000000  x2:10003e18  PA:10003f2c
39208582ns          670252 1c008d7e 00a00b33 add              x22, x0, x10        x22=1c008cd4 x10:1c008cd4
39208999ns          670273 1c008d80 00b00d33 add              x26, x0, x11        x26=00000002 x11:00000002
39209019ns          670274 1c008d82 00d00c33 add              x24, x0, x13        x24=10003f6c x13:10003f6c
39209039ns          670275 1c008d84 1c000bb7 lui              x23, 0x1c000000     x23=1c000000
39209059ns          670276 1c008d88 02410c93 addi             x25, x2, 36         x25=10003e3c  x2:10003e18
39209079ns          670277 1c008d8c 00c00433 add              x8, x0, x12          x8=1c00001c x12:1c00001c
39209516ns          670299 1c008d8e 00044503 lbu              x10, 0(x8)          x10=00000045  x8:1c00001c  PA:1c00001c
39210073ns          670327 1c008d92 00140413 addi             x8, x8, 1            x8=1c00001d  x8:1c00001c
39210093ns          670328 1c008d94 00050e63 beq              x10, x0, 28         x10:00000045
39210113ns          670329 1c008d96 02500793 addi             x15, x0, 37         x15=00000025
39210133ns          670330 1c008d9a 04f50863 beq              x10, x15, 80        x10:00000045 x15:00000025
39210153ns          670331 1c008d9e 01a005b3 add              x11, x0, x26        x11=00000002 x26:00000002
39210173ns          670332 1c008da0 000b00e7 jalr             x1, x22, 0           x1=1c008da2 x22:1c008cd4
39210531ns          670350 1c008cd4 000026b7 lui              x13, 0x2000         x13=00002000
39210570ns          670352 1c008cd6 f14027f3 csrrs            x15, x0, 0xf14      x15=00000007
39210590ns          670353 1c008cda f8068693 addi             x13, x13, -128      x13=00001f80 x13:00002000
39211028ns          670375 1c008cde 00379713 slli             x14, x15, 0x3       x14=00000038 x15:00000007
39211048ns          670376 1c008ce2 00279793 slli             x15, x15, 0x2       x15=0000001c x15:00000007
39211068ns          670377 1c008ce4 00d7f7b3 and              x15, x15, x13       x15=00000000 x15:0000001c x13:00001f80
39211088ns          670378 1c008ce6 ee873733 p.bclr           x14, x14, 23, 8     x14=00000038 x14:00000038
39211107ns          670379 1c008cea 1a10f6b7 lui              x13, 0x1a10f000     x13=1a10f000
39211127ns          670380 1c008cee 0ff57513 andi             x10, x10, 255       x10=00000045 x10:00000045
39211147ns          670381 1c008cf2 00d70733 add              x14, x14, x13       x14=1a10f038 x14:00000038 x13:1a10f000
39211167ns          670382 1c008cf4 00a7e723 p.sw             x10, x0(x15)        x10:00000045 x15:00000000  PA:1a10f038
39211883ns          670418 1c008cf8 00000513 addi             x10, x0, 0          x10=00000000
39211903ns          670419 1c008cfa 00008067 jalr             x0, x1, 0            x1:1c008da2
39211963ns          670422 1c008da2 31f52563 p.beqimm         x10, 778            x10:00000000
39211983ns          670423 1c008da6 001d8d93 addi             x27, x27, 1         x27=00000001 x27:00000000
39212002ns          670424 1c008da8 00044503 lbu              x10, 0(x8)          x10=0000006e  x8:1c00001d  PA:1c00001d
39212301ns          670439 1c008dac 00140413 addi             x8, x8, 1            x8=1c00001e  x8:1c00001d
39212321ns          670440 1c008dae fe0514e3 bne              x10, x0, -24        x10:0000006e
39212400ns          670444 1c008d96 02500793 addi             x15, x0, 37         x15=00000025
39212420ns          670445 1c008d9a 04f50863 beq              x10, x15, 80        x10:0000006e x15:00000025
39212440ns          670446 1c008d9e 01a005b3 add              x11, x0, x26        x11=00000002 x26:00000002
39212460ns          670447 1c008da0 000b00e7 jalr             x1, x22, 0           x1=1c008da2 x22:1c008cd4
39212500ns          670449 1c008cd4 000026b7 lui              x13, 0x2000         x13=00002000
39212520ns          670450 1c008cd6 f14027f3 csrrs            x15, x0, 0xf14      x15=00000007
39212539ns          670451 1c008cda f8068693 addi             x13, x13, -128      x13=00001f80 x13:00002000
39212559ns          670452 1c008cde 00379713 slli             x14, x15, 0x3       x14=00000038 x15:00000007
39212579ns          670453 1c008ce2 00279793 slli             x15, x15, 0x2       x15=0000001c x15:00000007
39212599ns          670454 1c008ce4 00d7f7b3 and              x15, x15, x13       x15=00000000 x15:0000001c x13:00001f80
39212619ns          670455 1c008ce6 ee873733 p.bclr           x14, x14, 23, 8     x14=00000038 x14:00000038
39212639ns          670456 1c008cea 1a10f6b7 lui              x13, 0x1a10f000     x13=1a10f000
39212659ns          670457 1c008cee 0ff57513 andi             x10, x10, 255       x10=0000006e x10:0000006e
39212679ns          670458 1c008cf2 00d70733 add              x14, x14, x13       x14=1a10f038 x14:00000038 x13:1a10f000
39212698ns          670459 1c008cf4 00a7e723 p.sw             x10, x0(x15)        x10:0000006e x15:00000000  PA:1a10f038
39213275ns          670488 1c008cf8 00000513 addi             x10, x0, 0          x10=00000000
39213295ns          670489 1c008cfa 00008067 jalr             x0, x1, 0            x1:1c008da2
39213355ns          670492 1c008da2 31f52563 p.beqimm         x10, 778            x10:00000000
39213375ns          670493 1c008da6 001d8d93 addi             x27, x27, 1         x27=00000002 x27:00000001
39213395ns          670494 1c008da8 00044503 lbu              x10, 0(x8)          x10=00000074  x8:1c00001e  PA:1c00001e
39213693ns          670509 1c008dac 00140413 addi             x8, x8, 1            x8=1c00001f  x8:1c00001e
39213713ns          670510 1c008dae fe0514e3 bne              x10, x0, -24        x10:00000074
39213792ns          670514 1c008d96 02500793 addi             x15, x0, 37         x15=00000025
39213812ns          670515 1c008d9a 04f50863 beq              x10, x15, 80        x10:00000074 x15:00000025
39213832ns          670516 1c008d9e 01a005b3 add              x11, x0, x26        x11=00000002 x26:00000002
39213852ns          670517 1c008da0 000b00e7 jalr             x1, x22, 0           x1=1c008da2 x22:1c008cd4
39213892ns          670519 1c008cd4 000026b7 lui              x13, 0x2000         x13=00002000
39213912ns          670520 1c008cd6 f14027f3 csrrs            x15, x0, 0xf14      x15=00000007
39213932ns          670521 1c008cda f8068693 addi             x13, x13, -128      x13=00001f80 x13:00002000
39213951ns          670522 1c008cde 00379713 slli             x14, x15, 0x3       x14=00000038 x15:00000007
39213971ns          670523 1c008ce2 00279793 slli             x15, x15, 0x2       x15=0000001c x15:00000007
39213991ns          670524 1c008ce4 00d7f7b3 and              x15, x15, x13       x15=00000000 x15:0000001c x13:00001f80
39214011ns          670525 1c008ce6 ee873733 p.bclr           x14, x14, 23, 8     x14=00000038 x14:00000038
39214031ns          670526 1c008cea 1a10f6b7 lui              x13, 0x1a10f000     x13=1a10f000
39214051ns          670527 1c008cee 0ff57513 andi             x10, x10, 255       x10=00000074 x10:00000074
39214071ns          670528 1c008cf2 00d70733 add              x14, x14, x13       x14=1a10f038 x14:00000038 x13:1a10f000
39214091ns          670529 1c008cf4 00a7e723 p.sw             x10, x0(x15)        x10:00000074 x15:00000000  PA:1a10f038
39214449ns          670547 1c008cf8 00000513 addi             x10, x0, 0          x10=00000000
39214469ns          670548 1c008cfa 00008067 jalr             x0, x1, 0            x1:1c008da2
39214528ns          670551 1c008da2 31f52563 p.beqimm         x10, 778            x10:00000000
39214548ns          670552 1c008da6 001d8d93 addi             x27, x27, 1         x27=00000003 x27:00000002
39214568ns          670553 1c008da8 00044503 lbu              x10, 0(x8)          x10=00000065  x8:1c00001f  PA:1c00001f
39214866ns          670568 1c008dac 00140413 addi             x8, x8, 1            x8=1c000020  x8:1c00001f
39214886ns          670569 1c008dae fe0514e3 bne              x10, x0, -24        x10:00000065
39214966ns          670573 1c008d96 02500793 addi             x15, x0, 37         x15=00000025
39214986ns          670574 1c008d9a 04f50863 beq              x10, x15, 80        x10:00000065 x15:00000025
39215006ns          670575 1c008d9e 01a005b3 add              x11, x0, x26        x11=00000002 x26:00000002
39215025ns          670576 1c008da0 000b00e7 jalr             x1, x22, 0           x1=1c008da2 x22:1c008cd4
39215065ns          670578 1c008cd4 000026b7 lui              x13, 0x2000         x13=00002000
39215085ns          670579 1c008cd6 f14027f3 csrrs            x15, x0, 0xf14      x15=00000007
39215105ns          670580 1c008cda f8068693 addi             x13, x13, -128      x13=00001f80 x13:00002000
39215125ns          670581 1c008cde 00379713 slli             x14, x15, 0x3       x14=00000038 x15:00000007
39215145ns          670582 1c008ce2 00279793 slli             x15, x15, 0x2       x15=0000001c x15:00000007
39215165ns          670583 1c008ce4 00d7f7b3 and              x15, x15, x13       x15=00000000 x15:0000001c x13:00001f80
39215184ns          670584 1c008ce6 ee873733 p.bclr           x14, x14, 23, 8     x14=00000038 x14:00000038
39215204ns          670585 1c008cea 1a10f6b7 lui              x13, 0x1a10f000     x13=1a10f000
39215224ns          670586 1c008cee 0ff57513 andi             x10, x10, 255       x10=00000065 x10:00000065
39215244ns          670587 1c008cf2 00d70733 add              x14, x14, x13       x14=1a10f038 x14:00000038 x13:1a10f000
39215264ns          670588 1c008cf4 00a7e723 p.sw             x10, x0(x15)        x10:00000065 x15:00000000  PA:1a10f038
39215622ns          670606 1c008cf8 00000513 addi             x10, x0, 0          x10=00000000
39215642ns          670607 1c008cfa 00008067 jalr             x0, x1, 0            x1:1c008da2
39215702ns          670610 1c008da2 31f52563 p.beqimm         x10, 778            x10:00000000
39215721ns          670611 1c008da6 001d8d93 addi             x27, x27, 1         x27=00000004 x27:00000003
39215741ns          670612 1c008da8 00044503 lbu              x10, 0(x8)          x10=00000072  x8:1c000020  PA:1c000020
39216040ns          670627 1c008dac 00140413 addi             x8, x8, 1            x8=1c000021  x8:1c000020
39216060ns          670628 1c008dae fe0514e3 bne              x10, x0, -24        x10:00000072
39216139ns          670632 1c008d96 02500793 addi             x15, x0, 37         x15=00000025
39216159ns          670633 1c008d9a 04f50863 beq              x10, x15, 80        x10:00000072 x15:00000025
39216179ns          670634 1c008d9e 01a005b3 add              x11, x0, x26        x11=00000002 x26:00000002
39216199ns          670635 1c008da0 000b00e7 jalr             x1, x22, 0           x1=1c008da2 x22:1c008cd4
39216239ns          670637 1c008cd4 000026b7 lui              x13, 0x2000         x13=00002000
39216258ns          670638 1c008cd6 f14027f3 csrrs            x15, x0, 0xf14      x15=00000007
39216278ns          670639 1c008cda f8068693 addi             x13, x13, -128      x13=00001f80 x13:00002000
39216298ns          670640 1c008cde 00379713 slli             x14, x15, 0x3       x14=00000038 x15:00000007
39216318ns          670641 1c008ce2 00279793 slli             x15, x15, 0x2       x15=0000001c x15:00000007
39216338ns          670642 1c008ce4 00d7f7b3 and              x15, x15, x13       x15=00000000 x15:0000001c x13:00001f80
39216358ns          670643 1c008ce6 ee873733 p.bclr           x14, x14, 23, 8     x14=00000038 x14:00000038
39216378ns          670644 1c008cea 1a10f6b7 lui              x13, 0x1a10f000     x13=1a10f000
39216398ns          670645 1c008cee 0ff57513 andi             x10, x10, 255       x10=00000072 x10:00000072
39216418ns          670646 1c008cf2 00d70733 add              x14, x14, x13       x14=1a10f038 x14:00000038 x13:1a10f000
39216437ns          670647 1c008cf4 00a7e723 p.sw             x10, x0(x15)        x10:00000072 x15:00000000  PA:1a10f038
39216776ns          670664 1c008cf8 00000513 addi             x10, x0, 0          x10=00000000
39216795ns          670665 1c008cfa 00008067 jalr             x0, x1, 0            x1:1c008da2
39216855ns          670668 1c008da2 31f52563 p.beqimm         x10, 778            x10:00000000
39216875ns          670669 1c008da6 001d8d93 addi             x27, x27, 1         x27=00000005 x27:00000004
39216895ns          670670 1c008da8 00044503 lbu              x10, 0(x8)          x10=00000065  x8:1c000021  PA:1c000021
39217193ns          670685 1c008dac 00140413 addi             x8, x8, 1            x8=1c000022  x8:1c000021
39217213ns          670686 1c008dae fe0514e3 bne              x10, x0, -24        x10:00000065
39217293ns          670690 1c008d96 02500793 addi             x15, x0, 37         x15=00000025
39217313ns          670691 1c008d9a 04f50863 beq              x10, x15, 80        x10:00000065 x15:00000025
39217332ns          670692 1c008d9e 01a005b3 add              x11, x0, x26        x11=00000002 x26:00000002
39217352ns          670693 1c008da0 000b00e7 jalr             x1, x22, 0           x1=1c008da2 x22:1c008cd4
39217392ns          670695 1c008cd4 000026b7 lui              x13, 0x2000         x13=00002000
39217412ns          670696 1c008cd6 f14027f3 csrrs            x15, x0, 0xf14      x15=00000007
39217432ns          670697 1c008cda f8068693 addi             x13, x13, -128      x13=00001f80 x13:00002000
39217452ns          670698 1c008cde 00379713 slli             x14, x15, 0x3       x14=00000038 x15:00000007
39217472ns          670699 1c008ce2 00279793 slli             x15, x15, 0x2       x15=0000001c x15:00000007
39217492ns          670700 1c008ce4 00d7f7b3 and              x15, x15, x13       x15=00000000 x15:0000001c x13:00001f80
39217511ns          670701 1c008ce6 ee873733 p.bclr           x14, x14, 23, 8     x14=00000038 x14:00000038
39217531ns          670702 1c008cea 1a10f6b7 lui              x13, 0x1a10f000     x13=1a10f000
39217551ns          670703 1c008cee 0ff57513 andi             x10, x10, 255       x10=00000065 x10:00000065
39217571ns          670704 1c008cf2 00d70733 add              x14, x14, x13       x14=1a10f038 x14:00000038 x13:1a10f000
39217591ns          670705 1c008cf4 00a7e723 p.sw             x10, x0(x15)        x10:00000065 x15:00000000  PA:1a10f038
39217929ns          670722 1c008cf8 00000513 addi             x10, x0, 0          x10=00000000
39217949ns          670723 1c008cfa 00008067 jalr             x0, x1, 0            x1:1c008da2
39218009ns          670726 1c008da2 31f52563 p.beqimm         x10, 778            x10:00000000
39218028ns          670727 1c008da6 001d8d93 addi             x27, x27, 1         x27=00000006 x27:00000005
39218048ns          670728 1c008da8 00044503 lbu              x10, 0(x8)          x10=00000064  x8:1c000022  PA:1c000022
39218347ns          670743 1c008dac 00140413 addi             x8, x8, 1            x8=1c000023  x8:1c000022
39218367ns          670744 1c008dae fe0514e3 bne              x10, x0, -24        x10:00000064
39218446ns          670748 1c008d96 02500793 addi             x15, x0, 37         x15=00000025
39218466ns          670749 1c008d9a 04f50863 beq              x10, x15, 80        x10:00000064 x15:00000025
39218486ns          670750 1c008d9e 01a005b3 add              x11, x0, x26        x11=00000002 x26:00000002
39218506ns          670751 1c008da0 000b00e7 jalr             x1, x22, 0           x1=1c008da2 x22:1c008cd4
39218546ns          670753 1c008cd4 000026b7 lui              x13, 0x2000         x13=00002000
39218565ns          670754 1c008cd6 f14027f3 csrrs            x15, x0, 0xf14      x15=00000007
39218585ns          670755 1c008cda f8068693 addi             x13, x13, -128      x13=00001f80 x13:00002000
39218605ns          670756 1c008cde 00379713 slli             x14, x15, 0x3       x14=00000038 x15:00000007
39218625ns          670757 1c008ce2 00279793 slli             x15, x15, 0x2       x15=0000001c x15:00000007
39218645ns          670758 1c008ce4 00d7f7b3 and              x15, x15, x13       x15=00000000 x15:0000001c x13:00001f80
39218665ns          670759 1c008ce6 ee873733 p.bclr           x14, x14, 23, 8     x14=00000038 x14:00000038
39218685ns          670760 1c008cea 1a10f6b7 lui              x13, 0x1a10f000     x13=1a10f000
39218705ns          670761 1c008cee 0ff57513 andi             x10, x10, 255       x10=00000064 x10:00000064
39218725ns          670762 1c008cf2 00d70733 add              x14, x14, x13       x14=1a10f038 x14:00000038 x13:1a10f000
39218744ns          670763 1c008cf4 00a7e723 p.sw             x10, x0(x15)        x10:00000064 x15:00000000  PA:1a10f038
39219102ns          670781 1c008cf8 00000513 addi             x10, x0, 0          x10=00000000
39219122ns          670782 1c008cfa 00008067 jalr             x0, x1, 0            x1:1c008da2
39219182ns          670785 1c008da2 31f52563 p.beqimm         x10, 778            x10:00000000
39219202ns          670786 1c008da6 001d8d93 addi             x27, x27, 1         x27=00000007 x27:00000006
39219222ns          670787 1c008da8 00044503 lbu              x10, 0(x8)          x10=00000020  x8:1c000023  PA:1c000023
39219540ns          670803 1c008dac 00140413 addi             x8, x8, 1            x8=1c000024  x8:1c000023
39219560ns          670804 1c008dae fe0514e3 bne              x10, x0, -24        x10:00000020
39219639ns          670808 1c008d96 02500793 addi             x15, x0, 37         x15=00000025
39219659ns          670809 1c008d9a 04f50863 beq              x10, x15, 80        x10:00000020 x15:00000025
39219679ns          670810 1c008d9e 01a005b3 add              x11, x0, x26        x11=00000002 x26:00000002
39219699ns          670811 1c008da0 000b00e7 jalr             x1, x22, 0           x1=1c008da2 x22:1c008cd4
39219739ns          670813 1c008cd4 000026b7 lui              x13, 0x2000         x13=00002000
39219759ns          670814 1c008cd6 f14027f3 csrrs            x15, x0, 0xf14      x15=00000007
39219779ns          670815 1c008cda f8068693 addi             x13, x13, -128      x13=00001f80 x13:00002000
39219799ns          670816 1c008cde 00379713 slli             x14, x15, 0x3       x14=00000038 x15:00000007
39219818ns          670817 1c008ce2 00279793 slli             x15, x15, 0x2       x15=0000001c x15:00000007
39219838ns          670818 1c008ce4 00d7f7b3 and              x15, x15, x13       x15=00000000 x15:0000001c x13:00001f80
39219858ns          670819 1c008ce6 ee873733 p.bclr           x14, x14, 23, 8     x14=00000038 x14:00000038
39219878ns          670820 1c008cea 1a10f6b7 lui              x13, 0x1a10f000     x13=1a10f000
39219898ns          670821 1c008cee 0ff57513 andi             x10, x10, 255       x10=00000020 x10:00000020
39219918ns          670822 1c008cf2 00d70733 add              x14, x14, x13       x14=1a10f038 x14:00000038 x13:1a10f000
39219938ns          670823 1c008cf4 00a7e723 p.sw             x10, x0(x15)        x10:00000020 x15:00000000  PA:1a10f038
39220256ns          670839 1c008cf8 00000513 addi             x10, x0, 0          x10=00000000
39220276ns          670840 1c008cfa 00008067 jalr             x0, x1, 0            x1:1c008da2
39220335ns          670843 1c008da2 31f52563 p.beqimm         x10, 778            x10:00000000
39220355ns          670844 1c008da6 001d8d93 addi             x27, x27, 1         x27=00000008 x27:00000007
39220375ns          670845 1c008da8 00044503 lbu              x10, 0(x8)          x10=00000063  x8:1c000024  PA:1c000024
39220674ns          670860 1c008dac 00140413 addi             x8, x8, 1            x8=1c000025  x8:1c000024
39220693ns          670861 1c008dae fe0514e3 bne              x10, x0, -24        x10:00000063
39220773ns          670865 1c008d96 02500793 addi             x15, x0, 37         x15=00000025
39220793ns          670866 1c008d9a 04f50863 beq              x10, x15, 80        x10:00000063 x15:00000025
39220813ns          670867 1c008d9e 01a005b3 add              x11, x0, x26        x11=00000002 x26:00000002
39220833ns          670868 1c008da0 000b00e7 jalr             x1, x22, 0           x1=1c008da2 x22:1c008cd4
39220872ns          670870 1c008cd4 000026b7 lui              x13, 0x2000         x13=00002000
39220892ns          670871 1c008cd6 f14027f3 csrrs            x15, x0, 0xf14      x15=00000007
39220912ns          670872 1c008cda f8068693 addi             x13, x13, -128      x13=00001f80 x13:00002000
39220932ns          670873 1c008cde 00379713 slli             x14, x15, 0x3       x14=00000038 x15:00000007
39220952ns          670874 1c008ce2 00279793 slli             x15, x15, 0x2       x15=0000001c x15:00000007
39220972ns          670875 1c008ce4 00d7f7b3 and              x15, x15, x13       x15=00000000 x15:0000001c x13:00001f80
39220992ns          670876 1c008ce6 ee873733 p.bclr           x14, x14, 23, 8     x14=00000038 x14:00000038
39221012ns          670877 1c008cea 1a10f6b7 lui              x13, 0x1a10f000     x13=1a10f000
39221032ns          670878 1c008cee 0ff57513 andi             x10, x10, 255       x10=00000063 x10:00000063
39221051ns          670879 1c008cf2 00d70733 add              x14, x14, x13       x14=1a10f038 x14:00000038 x13:1a10f000
39221071ns          670880 1c008cf4 00a7e723 p.sw             x10, x0(x15)        x10:00000063 x15:00000000  PA:1a10f038
39221390ns          670896 1c008cf8 00000513 addi             x10, x0, 0          x10=00000000
39221409ns          670897 1c008cfa 00008067 jalr             x0, x1, 0            x1:1c008da2
39221469ns          670900 1c008da2 31f52563 p.beqimm         x10, 778            x10:00000000
39221489ns          670901 1c008da6 001d8d93 addi             x27, x27, 1         x27=00000009 x27:00000008
39221509ns          670902 1c008da8 00044503 lbu              x10, 0(x8)          x10=0000006c  x8:1c000025  PA:1c000025
39221807ns          670917 1c008dac 00140413 addi             x8, x8, 1            x8=1c000026  x8:1c000025
39221827ns          670918 1c008dae fe0514e3 bne              x10, x0, -24        x10:0000006c
39221907ns          670922 1c008d96 02500793 addi             x15, x0, 37         x15=00000025
39221927ns          670923 1c008d9a 04f50863 beq              x10, x15, 80        x10:0000006c x15:00000025
39221946ns          670924 1c008d9e 01a005b3 add              x11, x0, x26        x11=00000002 x26:00000002
39221966ns          670925 1c008da0 000b00e7 jalr             x1, x22, 0           x1=1c008da2 x22:1c008cd4
39222006ns          670927 1c008cd4 000026b7 lui              x13, 0x2000         x13=00002000
39222026ns          670928 1c008cd6 f14027f3 csrrs            x15, x0, 0xf14      x15=00000007
39222046ns          670929 1c008cda f8068693 addi             x13, x13, -128      x13=00001f80 x13:00002000
39222066ns          670930 1c008cde 00379713 slli             x14, x15, 0x3       x14=00000038 x15:00000007
39222086ns          670931 1c008ce2 00279793 slli             x15, x15, 0x2       x15=0000001c x15:00000007
39222106ns          670932 1c008ce4 00d7f7b3 and              x15, x15, x13       x15=00000000 x15:0000001c x13:00001f80
39222125ns          670933 1c008ce6 ee873733 p.bclr           x14, x14, 23, 8     x14=00000038 x14:00000038
39222145ns          670934 1c008cea 1a10f6b7 lui              x13, 0x1a10f000     x13=1a10f000
39222165ns          670935 1c008cee 0ff57513 andi             x10, x10, 255       x10=0000006c x10:0000006c
39222185ns          670936 1c008cf2 00d70733 add              x14, x14, x13       x14=1a10f038 x14:00000038 x13:1a10f000
39222205ns          670937 1c008cf4 00a7e723 p.sw             x10, x0(x15)        x10:0000006c x15:00000000  PA:1a10f038
39222523ns          670953 1c008cf8 00000513 addi             x10, x0, 0          x10=00000000
39222543ns          670954 1c008cfa 00008067 jalr             x0, x1, 0            x1:1c008da2
39222603ns          670957 1c008da2 31f52563 p.beqimm         x10, 778            x10:00000000
39222623ns          670958 1c008da6 001d8d93 addi             x27, x27, 1         x27=0000000a x27:00000009
39222642ns          670959 1c008da8 00044503 lbu              x10, 0(x8)          x10=00000075  x8:1c000026  PA:1c000026
39222941ns          670974 1c008dac 00140413 addi             x8, x8, 1            x8=1c000027  x8:1c000026
39222961ns          670975 1c008dae fe0514e3 bne              x10, x0, -24        x10:00000075
39223040ns          670979 1c008d96 02500793 addi             x15, x0, 37         x15=00000025
39223060ns          670980 1c008d9a 04f50863 beq              x10, x15, 80        x10:00000075 x15:00000025
39223080ns          670981 1c008d9e 01a005b3 add              x11, x0, x26        x11=00000002 x26:00000002
39223100ns          670982 1c008da0 000b00e7 jalr             x1, x22, 0           x1=1c008da2 x22:1c008cd4
39223140ns          670984 1c008cd4 000026b7 lui              x13, 0x2000         x13=00002000
39223160ns          670985 1c008cd6 f14027f3 csrrs            x15, x0, 0xf14      x15=00000007
39223179ns          670986 1c008cda f8068693 addi             x13, x13, -128      x13=00001f80 x13:00002000
39223199ns          670987 1c008cde 00379713 slli             x14, x15, 0x3       x14=00000038 x15:00000007
39223219ns          670988 1c008ce2 00279793 slli             x15, x15, 0x2       x15=0000001c x15:00000007
39223239ns          670989 1c008ce4 00d7f7b3 and              x15, x15, x13       x15=00000000 x15:0000001c x13:00001f80
39223259ns          670990 1c008ce6 ee873733 p.bclr           x14, x14, 23, 8     x14=00000038 x14:00000038
39223279ns          670991 1c008cea 1a10f6b7 lui              x13, 0x1a10f000     x13=1a10f000
39223299ns          670992 1c008cee 0ff57513 andi             x10, x10, 255       x10=00000075 x10:00000075
39223319ns          670993 1c008cf2 00d70733 add              x14, x14, x13       x14=1a10f038 x14:00000038 x13:1a10f000
39223339ns          670994 1c008cf4 00a7e723 p.sw             x10, x0(x15)        x10:00000075 x15:00000000  PA:1a10f038
39223677ns          671011 1c008cf8 00000513 addi             x10, x0, 0          x10=00000000
39223697ns          671012 1c008cfa 00008067 jalr             x0, x1, 0            x1:1c008da2
39223756ns          671015 1c008da2 31f52563 p.beqimm         x10, 778            x10:00000000
39223776ns          671016 1c008da6 001d8d93 addi             x27, x27, 1         x27=0000000b x27:0000000a
39223796ns          671017 1c008da8 00044503 lbu              x10, 0(x8)          x10=00000073  x8:1c000027  PA:1c000027
39224094ns          671032 1c008dac 00140413 addi             x8, x8, 1            x8=1c000028  x8:1c000027
39224114ns          671033 1c008dae fe0514e3 bne              x10, x0, -24        x10:00000073
39224194ns          671037 1c008d96 02500793 addi             x15, x0, 37         x15=00000025
39224214ns          671038 1c008d9a 04f50863 beq              x10, x15, 80        x10:00000073 x15:00000025
39224234ns          671039 1c008d9e 01a005b3 add              x11, x0, x26        x11=00000002 x26:00000002
39224253ns          671040 1c008da0 000b00e7 jalr             x1, x22, 0           x1=1c008da2 x22:1c008cd4
39224293ns          671042 1c008cd4 000026b7 lui              x13, 0x2000         x13=00002000
39224313ns          671043 1c008cd6 f14027f3 csrrs            x15, x0, 0xf14      x15=00000007
39224333ns          671044 1c008cda f8068693 addi             x13, x13, -128      x13=00001f80 x13:00002000
39224353ns          671045 1c008cde 00379713 slli             x14, x15, 0x3       x14=00000038 x15:00000007
39224373ns          671046 1c008ce2 00279793 slli             x15, x15, 0x2       x15=0000001c x15:00000007
39224393ns          671047 1c008ce4 00d7f7b3 and              x15, x15, x13       x15=00000000 x15:0000001c x13:00001f80
39224413ns          671048 1c008ce6 ee873733 p.bclr           x14, x14, 23, 8     x14=00000038 x14:00000038
39224432ns          671049 1c008cea 1a10f6b7 lui              x13, 0x1a10f000     x13=1a10f000
39224452ns          671050 1c008cee 0ff57513 andi             x10, x10, 255       x10=00000073 x10:00000073
39224472ns          671051 1c008cf2 00d70733 add              x14, x14, x13       x14=1a10f038 x14:00000038 x13:1a10f000
39224492ns          671052 1c008cf4 00a7e723 p.sw             x10, x0(x15)        x10:00000073 x15:00000000  PA:1a10f038
39224850ns          671070 1c008cf8 00000513 addi             x10, x0, 0          x10=00000000
39224870ns          671071 1c008cfa 00008067 jalr             x0, x1, 0            x1:1c008da2
39224930ns          671074 1c008da2 31f52563 p.beqimm         x10, 778            x10:00000000
39224950ns          671075 1c008da6 001d8d93 addi             x27, x27, 1         x27=0000000c x27:0000000b
39224969ns          671076 1c008da8 00044503 lbu              x10, 0(x8)          x10=00000074  x8:1c000028  PA:1c000028
39225268ns          671091 1c008dac 00140413 addi             x8, x8, 1            x8=1c000029  x8:1c000028
39225288ns          671092 1c008dae fe0514e3 bne              x10, x0, -24        x10:00000074
39225367ns          671096 1c008d96 02500793 addi             x15, x0, 37         x15=00000025
39225387ns          671097 1c008d9a 04f50863 beq              x10, x15, 80        x10:00000074 x15:00000025
39225407ns          671098 1c008d9e 01a005b3 add              x11, x0, x26        x11=00000002 x26:00000002
39225427ns          671099 1c008da0 000b00e7 jalr             x1, x22, 0           x1=1c008da2 x22:1c008cd4
39225467ns          671101 1c008cd4 000026b7 lui              x13, 0x2000         x13=00002000
39225486ns          671102 1c008cd6 f14027f3 csrrs            x15, x0, 0xf14      x15=00000007
39225506ns          671103 1c008cda f8068693 addi             x13, x13, -128      x13=00001f80 x13:00002000
39225526ns          671104 1c008cde 00379713 slli             x14, x15, 0x3       x14=00000038 x15:00000007
39225546ns          671105 1c008ce2 00279793 slli             x15, x15, 0x2       x15=0000001c x15:00000007
39225566ns          671106 1c008ce4 00d7f7b3 and              x15, x15, x13       x15=00000000 x15:0000001c x13:00001f80
39225586ns          671107 1c008ce6 ee873733 p.bclr           x14, x14, 23, 8     x14=00000038 x14:00000038
39225606ns          671108 1c008cea 1a10f6b7 lui              x13, 0x1a10f000     x13=1a10f000
39225626ns          671109 1c008cee 0ff57513 andi             x10, x10, 255       x10=00000074 x10:00000074
39225646ns          671110 1c008cf2 00d70733 add              x14, x14, x13       x14=1a10f038 x14:00000038 x13:1a10f000
39225665ns          671111 1c008cf4 00a7e723 p.sw             x10, x0(x15)        x10:00000074 x15:00000000  PA:1a10f038
39225984ns          671127 1c008cf8 00000513 addi             x10, x0, 0          x10=00000000
39226004ns          671128 1c008cfa 00008067 jalr             x0, x1, 0            x1:1c008da2
39226063ns          671131 1c008da2 31f52563 p.beqimm         x10, 778            x10:00000000
39226083ns          671132 1c008da6 001d8d93 addi             x27, x27, 1         x27=0000000d x27:0000000c
39226103ns          671133 1c008da8 00044503 lbu              x10, 0(x8)          x10=00000065  x8:1c000029  PA:1c000029
39226401ns          671148 1c008dac 00140413 addi             x8, x8, 1            x8=1c00002a  x8:1c000029
39226421ns          671149 1c008dae fe0514e3 bne              x10, x0, -24        x10:00000065
39226501ns          671153 1c008d96 02500793 addi             x15, x0, 37         x15=00000025
39226521ns          671154 1c008d9a 04f50863 beq              x10, x15, 80        x10:00000065 x15:00000025
39226541ns          671155 1c008d9e 01a005b3 add              x11, x0, x26        x11=00000002 x26:00000002
39226560ns          671156 1c008da0 000b00e7 jalr             x1, x22, 0           x1=1c008da2 x22:1c008cd4
39226600ns          671158 1c008cd4 000026b7 lui              x13, 0x2000         x13=00002000
39226620ns          671159 1c008cd6 f14027f3 csrrs            x15, x0, 0xf14      x15=00000007
39226640ns          671160 1c008cda f8068693 addi             x13, x13, -128      x13=00001f80 x13:00002000
39226660ns          671161 1c008cde 00379713 slli             x14, x15, 0x3       x14=00000038 x15:00000007
39226680ns          671162 1c008ce2 00279793 slli             x15, x15, 0x2       x15=0000001c x15:00000007
39226700ns          671163 1c008ce4 00d7f7b3 and              x15, x15, x13       x15=00000000 x15:0000001c x13:00001f80
39226720ns          671164 1c008ce6 ee873733 p.bclr           x14, x14, 23, 8     x14=00000038 x14:00000038
39226739ns          671165 1c008cea 1a10f6b7 lui              x13, 0x1a10f000     x13=1a10f000
39226759ns          671166 1c008cee 0ff57513 andi             x10, x10, 255       x10=00000065 x10:00000065
39226779ns          671167 1c008cf2 00d70733 add              x14, x14, x13       x14=1a10f038 x14:00000038 x13:1a10f000
39226799ns          671168 1c008cf4 00a7e723 p.sw             x10, x0(x15)        x10:00000065 x15:00000000  PA:1a10f038
39227137ns          671185 1c008cf8 00000513 addi             x10, x0, 0          x10=00000000
39227157ns          671186 1c008cfa 00008067 jalr             x0, x1, 0            x1:1c008da2
39227217ns          671189 1c008da2 31f52563 p.beqimm         x10, 778            x10:00000000
39227237ns          671190 1c008da6 001d8d93 addi             x27, x27, 1         x27=0000000e x27:0000000d
39227257ns          671191 1c008da8 00044503 lbu              x10, 0(x8)          x10=00000072  x8:1c00002a  PA:1c00002a
39227555ns          671206 1c008dac 00140413 addi             x8, x8, 1            x8=1c00002b  x8:1c00002a
39227575ns          671207 1c008dae fe0514e3 bne              x10, x0, -24        x10:00000072
39227654ns          671211 1c008d96 02500793 addi             x15, x0, 37         x15=00000025
39227674ns          671212 1c008d9a 04f50863 beq              x10, x15, 80        x10:00000072 x15:00000025
39227694ns          671213 1c008d9e 01a005b3 add              x11, x0, x26        x11=00000002 x26:00000002
39227714ns          671214 1c008da0 000b00e7 jalr             x1, x22, 0           x1=1c008da2 x22:1c008cd4
39227754ns          671216 1c008cd4 000026b7 lui              x13, 0x2000         x13=00002000
39227774ns          671217 1c008cd6 f14027f3 csrrs            x15, x0, 0xf14      x15=00000007
39227793ns          671218 1c008cda f8068693 addi             x13, x13, -128      x13=00001f80 x13:00002000
39227813ns          671219 1c008cde 00379713 slli             x14, x15, 0x3       x14=00000038 x15:00000007
39227833ns          671220 1c008ce2 00279793 slli             x15, x15, 0x2       x15=0000001c x15:00000007
39227853ns          671221 1c008ce4 00d7f7b3 and              x15, x15, x13       x15=00000000 x15:0000001c x13:00001f80
39227873ns          671222 1c008ce6 ee873733 p.bclr           x14, x14, 23, 8     x14=00000038 x14:00000038
39227893ns          671223 1c008cea 1a10f6b7 lui              x13, 0x1a10f000     x13=1a10f000
39227913ns          671224 1c008cee 0ff57513 andi             x10, x10, 255       x10=00000072 x10:00000072
39227933ns          671225 1c008cf2 00d70733 add              x14, x14, x13       x14=1a10f038 x14:00000038 x13:1a10f000
39227953ns          671226 1c008cf4 00a7e723 p.sw             x10, x0(x15)        x10:00000072 x15:00000000  PA:1a10f038
39228291ns          671243 1c008cf8 00000513 addi             x10, x0, 0          x10=00000000
39228311ns          671244 1c008cfa 00008067 jalr             x0, x1, 0            x1:1c008da2
39228370ns          671247 1c008da2 31f52563 p.beqimm         x10, 778            x10:00000000
39228390ns          671248 1c008da6 001d8d93 addi             x27, x27, 1         x27=0000000f x27:0000000e
39228410ns          671249 1c008da8 00044503 lbu              x10, 0(x8)          x10=00000020  x8:1c00002b  PA:1c00002b
39228728ns          671265 1c008dac 00140413 addi             x8, x8, 1            x8=1c00002c  x8:1c00002b
39228748ns          671266 1c008dae fe0514e3 bne              x10, x0, -24        x10:00000020
39228828ns          671270 1c008d96 02500793 addi             x15, x0, 37         x15=00000025
39228848ns          671271 1c008d9a 04f50863 beq              x10, x15, 80        x10:00000020 x15:00000025
39228867ns          671272 1c008d9e 01a005b3 add              x11, x0, x26        x11=00000002 x26:00000002
39228887ns          671273 1c008da0 000b00e7 jalr             x1, x22, 0           x1=1c008da2 x22:1c008cd4
39228927ns          671275 1c008cd4 000026b7 lui              x13, 0x2000         x13=00002000
39228947ns          671276 1c008cd6 f14027f3 csrrs            x15, x0, 0xf14      x15=00000007
39228967ns          671277 1c008cda f8068693 addi             x13, x13, -128      x13=00001f80 x13:00002000
39228987ns          671278 1c008cde 00379713 slli             x14, x15, 0x3       x14=00000038 x15:00000007
39229007ns          671279 1c008ce2 00279793 slli             x15, x15, 0x2       x15=0000001c x15:00000007
39229027ns          671280 1c008ce4 00d7f7b3 and              x15, x15, x13       x15=00000000 x15:0000001c x13:00001f80
39229046ns          671281 1c008ce6 ee873733 p.bclr           x14, x14, 23, 8     x14=00000038 x14:00000038
39229066ns          671282 1c008cea 1a10f6b7 lui              x13, 0x1a10f000     x13=1a10f000
39229086ns          671283 1c008cee 0ff57513 andi             x10, x10, 255       x10=00000020 x10:00000020
39229106ns          671284 1c008cf2 00d70733 add              x14, x14, x13       x14=1a10f038 x14:00000038 x13:1a10f000
39229126ns          671285 1c008cf4 00a7e723 p.sw             x10, x0(x15)        x10:00000020 x15:00000000  PA:1a10f038
39229464ns          671302 1c008cf8 00000513 addi             x10, x0, 0          x10=00000000
39229484ns          671303 1c008cfa 00008067 jalr             x0, x1, 0            x1:1c008da2
39229544ns          671306 1c008da2 31f52563 p.beqimm         x10, 778            x10:00000000
39229564ns          671307 1c008da6 001d8d93 addi             x27, x27, 1         x27=00000010 x27:0000000f
39229583ns          671308 1c008da8 00044503 lbu              x10, 0(x8)          x10=0000006f  x8:1c00002c  PA:1c00002c
39229882ns          671323 1c008dac 00140413 addi             x8, x8, 1            x8=1c00002d  x8:1c00002c
39229902ns          671324 1c008dae fe0514e3 bne              x10, x0, -24        x10:0000006f
39229981ns          671328 1c008d96 02500793 addi             x15, x0, 37         x15=00000025
39230001ns          671329 1c008d9a 04f50863 beq              x10, x15, 80        x10:0000006f x15:00000025
39230021ns          671330 1c008d9e 01a005b3 add              x11, x0, x26        x11=00000002 x26:00000002
39230041ns          671331 1c008da0 000b00e7 jalr             x1, x22, 0           x1=1c008da2 x22:1c008cd4
39230081ns          671333 1c008cd4 000026b7 lui              x13, 0x2000         x13=00002000
39230100ns          671334 1c008cd6 f14027f3 csrrs            x15, x0, 0xf14      x15=00000007
39230120ns          671335 1c008cda f8068693 addi             x13, x13, -128      x13=00001f80 x13:00002000
39230140ns          671336 1c008cde 00379713 slli             x14, x15, 0x3       x14=00000038 x15:00000007
39230160ns          671337 1c008ce2 00279793 slli             x15, x15, 0x2       x15=0000001c x15:00000007
39230180ns          671338 1c008ce4 00d7f7b3 and              x15, x15, x13       x15=00000000 x15:0000001c x13:00001f80
39230200ns          671339 1c008ce6 ee873733 p.bclr           x14, x14, 23, 8     x14=00000038 x14:00000038
39230220ns          671340 1c008cea 1a10f6b7 lui              x13, 0x1a10f000     x13=1a10f000
39230240ns          671341 1c008cee 0ff57513 andi             x10, x10, 255       x10=0000006f x10:0000006f
39230260ns          671342 1c008cf2 00d70733 add              x14, x14, x13       x14=1a10f038 x14:00000038 x13:1a10f000
39230279ns          671343 1c008cf4 00a7e723 p.sw             x10, x0(x15)        x10:0000006f x15:00000000  PA:1a10f038
39230618ns          671360 1c008cf8 00000513 addi             x10, x0, 0          x10=00000000
39230637ns          671361 1c008cfa 00008067 jalr             x0, x1, 0            x1:1c008da2
39230697ns          671364 1c008da2 31f52563 p.beqimm         x10, 778            x10:00000000
39230717ns          671365 1c008da6 001d8d93 addi             x27, x27, 1         x27=00000011 x27:00000010
39230737ns          671366 1c008da8 00044503 lbu              x10, 0(x8)          x10=0000006e  x8:1c00002d  PA:1c00002d
39231035ns          671381 1c008dac 00140413 addi             x8, x8, 1            x8=1c00002e  x8:1c00002d
39231055ns          671382 1c008dae fe0514e3 bne              x10, x0, -24        x10:0000006e
39231135ns          671386 1c008d96 02500793 addi             x15, x0, 37         x15=00000025
39231155ns          671387 1c008d9a 04f50863 beq              x10, x15, 80        x10:0000006e x15:00000025
39231174ns          671388 1c008d9e 01a005b3 add              x11, x0, x26        x11=00000002 x26:00000002
39231194ns          671389 1c008da0 000b00e7 jalr             x1, x22, 0           x1=1c008da2 x22:1c008cd4
39231234ns          671391 1c008cd4 000026b7 lui              x13, 0x2000         x13=00002000
39231254ns          671392 1c008cd6 f14027f3 csrrs            x15, x0, 0xf14      x15=00000007
39231274ns          671393 1c008cda f8068693 addi             x13, x13, -128      x13=00001f80 x13:00002000
39231294ns          671394 1c008cde 00379713 slli             x14, x15, 0x3       x14=00000038 x15:00000007
39231314ns          671395 1c008ce2 00279793 slli             x15, x15, 0x2       x15=0000001c x15:00000007
39231334ns          671396 1c008ce4 00d7f7b3 and              x15, x15, x13       x15=00000000 x15:0000001c x13:00001f80
39231353ns          671397 1c008ce6 ee873733 p.bclr           x14, x14, 23, 8     x14=00000038 x14:00000038
39231373ns          671398 1c008cea 1a10f6b7 lui              x13, 0x1a10f000     x13=1a10f000
39231393ns          671399 1c008cee 0ff57513 andi             x10, x10, 255       x10=0000006e x10:0000006e
39231413ns          671400 1c008cf2 00d70733 add              x14, x14, x13       x14=1a10f038 x14:00000038 x13:1a10f000
39231433ns          671401 1c008cf4 00a7e723 p.sw             x10, x0(x15)        x10:0000006e x15:00000000  PA:1a10f038
39231771ns          671418 1c008cf8 00000513 addi             x10, x0, 0          x10=00000000
39231791ns          671419 1c008cfa 00008067 jalr             x0, x1, 0            x1:1c008da2
39231851ns          671422 1c008da2 31f52563 p.beqimm         x10, 778            x10:00000000
39231871ns          671423 1c008da6 001d8d93 addi             x27, x27, 1         x27=00000012 x27:00000011
39231890ns          671424 1c008da8 00044503 lbu              x10, 0(x8)          x10=00000020  x8:1c00002e  PA:1c00002e
39232189ns          671439 1c008dac 00140413 addi             x8, x8, 1            x8=1c00002f  x8:1c00002e
39232209ns          671440 1c008dae fe0514e3 bne              x10, x0, -24        x10:00000020
39232288ns          671444 1c008d96 02500793 addi             x15, x0, 37         x15=00000025
39232308ns          671445 1c008d9a 04f50863 beq              x10, x15, 80        x10:00000020 x15:00000025
39232328ns          671446 1c008d9e 01a005b3 add              x11, x0, x26        x11=00000002 x26:00000002
39232348ns          671447 1c008da0 000b00e7 jalr             x1, x22, 0           x1=1c008da2 x22:1c008cd4
39232388ns          671449 1c008cd4 000026b7 lui              x13, 0x2000         x13=00002000
39232408ns          671450 1c008cd6 f14027f3 csrrs            x15, x0, 0xf14      x15=00000007
39232427ns          671451 1c008cda f8068693 addi             x13, x13, -128      x13=00001f80 x13:00002000
39232447ns          671452 1c008cde 00379713 slli             x14, x15, 0x3       x14=00000038 x15:00000007
39232467ns          671453 1c008ce2 00279793 slli             x15, x15, 0x2       x15=0000001c x15:00000007
39232487ns          671454 1c008ce4 00d7f7b3 and              x15, x15, x13       x15=00000000 x15:0000001c x13:00001f80
39232507ns          671455 1c008ce6 ee873733 p.bclr           x14, x14, 23, 8     x14=00000038 x14:00000038
39232527ns          671456 1c008cea 1a10f6b7 lui              x13, 0x1a10f000     x13=1a10f000
39232547ns          671457 1c008cee 0ff57513 andi             x10, x10, 255       x10=00000020 x10:00000020
39232567ns          671458 1c008cf2 00d70733 add              x14, x14, x13       x14=1a10f038 x14:00000038 x13:1a10f000
39232586ns          671459 1c008cf4 00a7e723 p.sw             x10, x0(x15)        x10:00000020 x15:00000000  PA:1a10f038
39232925ns          671476 1c008cf8 00000513 addi             x10, x0, 0          x10=00000000
39232944ns          671477 1c008cfa 00008067 jalr             x0, x1, 0            x1:1c008da2
39233004ns          671480 1c008da2 31f52563 p.beqimm         x10, 778            x10:00000000
39233024ns          671481 1c008da6 001d8d93 addi             x27, x27, 1         x27=00000013 x27:00000012
39233044ns          671482 1c008da8 00044503 lbu              x10, 0(x8)          x10=00000063  x8:1c00002f  PA:1c00002f
39233342ns          671497 1c008dac 00140413 addi             x8, x8, 1            x8=1c000030  x8:1c00002f
39233362ns          671498 1c008dae fe0514e3 bne              x10, x0, -24        x10:00000063
39233442ns          671502 1c008d96 02500793 addi             x15, x0, 37         x15=00000025
39233462ns          671503 1c008d9a 04f50863 beq              x10, x15, 80        x10:00000063 x15:00000025
39233481ns          671504 1c008d9e 01a005b3 add              x11, x0, x26        x11=00000002 x26:00000002
39233501ns          671505 1c008da0 000b00e7 jalr             x1, x22, 0           x1=1c008da2 x22:1c008cd4
39233541ns          671507 1c008cd4 000026b7 lui              x13, 0x2000         x13=00002000
39233561ns          671508 1c008cd6 f14027f3 csrrs            x15, x0, 0xf14      x15=00000007
39233581ns          671509 1c008cda f8068693 addi             x13, x13, -128      x13=00001f80 x13:00002000
39233601ns          671510 1c008cde 00379713 slli             x14, x15, 0x3       x14=00000038 x15:00000007
39233621ns          671511 1c008ce2 00279793 slli             x15, x15, 0x2       x15=0000001c x15:00000007
39233641ns          671512 1c008ce4 00d7f7b3 and              x15, x15, x13       x15=00000000 x15:0000001c x13:00001f80
39233660ns          671513 1c008ce6 ee873733 p.bclr           x14, x14, 23, 8     x14=00000038 x14:00000038
39233680ns          671514 1c008cea 1a10f6b7 lui              x13, 0x1a10f000     x13=1a10f000
39233700ns          671515 1c008cee 0ff57513 andi             x10, x10, 255       x10=00000063 x10:00000063
39233720ns          671516 1c008cf2 00d70733 add              x14, x14, x13       x14=1a10f038 x14:00000038 x13:1a10f000
39233740ns          671517 1c008cf4 00a7e723 p.sw             x10, x0(x15)        x10:00000063 x15:00000000  PA:1a10f038
39234098ns          671535 1c008cf8 00000513 addi             x10, x0, 0          x10=00000000
39234118ns          671536 1c008cfa 00008067 jalr             x0, x1, 0            x1:1c008da2
39234178ns          671539 1c008da2 31f52563 p.beqimm         x10, 778            x10:00000000
39234197ns          671540 1c008da6 001d8d93 addi             x27, x27, 1         x27=00000014 x27:00000013
39234217ns          671541 1c008da8 00044503 lbu              x10, 0(x8)          x10=0000006c  x8:1c000030  PA:1c000030
39234516ns          671556 1c008dac 00140413 addi             x8, x8, 1            x8=1c000031  x8:1c000030
39234536ns          671557 1c008dae fe0514e3 bne              x10, x0, -24        x10:0000006c
39234615ns          671561 1c008d96 02500793 addi             x15, x0, 37         x15=00000025
39234635ns          671562 1c008d9a 04f50863 beq              x10, x15, 80        x10:0000006c x15:00000025
39234655ns          671563 1c008d9e 01a005b3 add              x11, x0, x26        x11=00000002 x26:00000002
39234675ns          671564 1c008da0 000b00e7 jalr             x1, x22, 0           x1=1c008da2 x22:1c008cd4
39234715ns          671566 1c008cd4 000026b7 lui              x13, 0x2000         x13=00002000
39234734ns          671567 1c008cd6 f14027f3 csrrs            x15, x0, 0xf14      x15=00000007
39234754ns          671568 1c008cda f8068693 addi             x13, x13, -128      x13=00001f80 x13:00002000
39234774ns          671569 1c008cde 00379713 slli             x14, x15, 0x3       x14=00000038 x15:00000007
39234794ns          671570 1c008ce2 00279793 slli             x15, x15, 0x2       x15=0000001c x15:00000007
39234814ns          671571 1c008ce4 00d7f7b3 and              x15, x15, x13       x15=00000000 x15:0000001c x13:00001f80
39234834ns          671572 1c008ce6 ee873733 p.bclr           x14, x14, 23, 8     x14=00000038 x14:00000038
39234854ns          671573 1c008cea 1a10f6b7 lui              x13, 0x1a10f000     x13=1a10f000
39234874ns          671574 1c008cee 0ff57513 andi             x10, x10, 255       x10=0000006c x10:0000006c
39234894ns          671575 1c008cf2 00d70733 add              x14, x14, x13       x14=1a10f038 x14:00000038 x13:1a10f000
39234913ns          671576 1c008cf4 00a7e723 p.sw             x10, x0(x15)        x10:0000006c x15:00000000  PA:1a10f038
39235232ns          671592 1c008cf8 00000513 addi             x10, x0, 0          x10=00000000
39235251ns          671593 1c008cfa 00008067 jalr             x0, x1, 0            x1:1c008da2
39235311ns          671596 1c008da2 31f52563 p.beqimm         x10, 778            x10:00000000
39235331ns          671597 1c008da6 001d8d93 addi             x27, x27, 1         x27=00000015 x27:00000014
39235351ns          671598 1c008da8 00044503 lbu              x10, 0(x8)          x10=00000075  x8:1c000031  PA:1c000031
39235649ns          671613 1c008dac 00140413 addi             x8, x8, 1            x8=1c000032  x8:1c000031
39235669ns          671614 1c008dae fe0514e3 bne              x10, x0, -24        x10:00000075
39235749ns          671618 1c008d96 02500793 addi             x15, x0, 37         x15=00000025
39235769ns          671619 1c008d9a 04f50863 beq              x10, x15, 80        x10:00000075 x15:00000025
39235788ns          671620 1c008d9e 01a005b3 add              x11, x0, x26        x11=00000002 x26:00000002
39235808ns          671621 1c008da0 000b00e7 jalr             x1, x22, 0           x1=1c008da2 x22:1c008cd4
39235848ns          671623 1c008cd4 000026b7 lui              x13, 0x2000         x13=00002000
39235868ns          671624 1c008cd6 f14027f3 csrrs            x15, x0, 0xf14      x15=00000007
39235888ns          671625 1c008cda f8068693 addi             x13, x13, -128      x13=00001f80 x13:00002000
39235908ns          671626 1c008cde 00379713 slli             x14, x15, 0x3       x14=00000038 x15:00000007
39235928ns          671627 1c008ce2 00279793 slli             x15, x15, 0x2       x15=0000001c x15:00000007
39235948ns          671628 1c008ce4 00d7f7b3 and              x15, x15, x13       x15=00000000 x15:0000001c x13:00001f80
39235967ns          671629 1c008ce6 ee873733 p.bclr           x14, x14, 23, 8     x14=00000038 x14:00000038
39235987ns          671630 1c008cea 1a10f6b7 lui              x13, 0x1a10f000     x13=1a10f000
39236007ns          671631 1c008cee 0ff57513 andi             x10, x10, 255       x10=00000075 x10:00000075
39236027ns          671632 1c008cf2 00d70733 add              x14, x14, x13       x14=1a10f038 x14:00000038 x13:1a10f000
39236047ns          671633 1c008cf4 00a7e723 p.sw             x10, x0(x15)        x10:00000075 x15:00000000  PA:1a10f038
39236405ns          671651 1c008cf8 00000513 addi             x10, x0, 0          x10=00000000
39236425ns          671652 1c008cfa 00008067 jalr             x0, x1, 0            x1:1c008da2
39236485ns          671655 1c008da2 31f52563 p.beqimm         x10, 778            x10:00000000
39236504ns          671656 1c008da6 001d8d93 addi             x27, x27, 1         x27=00000016 x27:00000015
39236524ns          671657 1c008da8 00044503 lbu              x10, 0(x8)          x10=00000073  x8:1c000032  PA:1c000032
39236823ns          671672 1c008dac 00140413 addi             x8, x8, 1            x8=1c000033  x8:1c000032
39236843ns          671673 1c008dae fe0514e3 bne              x10, x0, -24        x10:00000073
39236922ns          671677 1c008d96 02500793 addi             x15, x0, 37         x15=00000025
39236942ns          671678 1c008d9a 04f50863 beq              x10, x15, 80        x10:00000073 x15:00000025
39236962ns          671679 1c008d9e 01a005b3 add              x11, x0, x26        x11=00000002 x26:00000002
39236982ns          671680 1c008da0 000b00e7 jalr             x1, x22, 0           x1=1c008da2 x22:1c008cd4
39237022ns          671682 1c008cd4 000026b7 lui              x13, 0x2000         x13=00002000
39237041ns          671683 1c008cd6 f14027f3 csrrs            x15, x0, 0xf14      x15=00000007
39237061ns          671684 1c008cda f8068693 addi             x13, x13, -128      x13=00001f80 x13:00002000
39237081ns          671685 1c008cde 00379713 slli             x14, x15, 0x3       x14=00000038 x15:00000007
39237101ns          671686 1c008ce2 00279793 slli             x15, x15, 0x2       x15=0000001c x15:00000007
39237121ns          671687 1c008ce4 00d7f7b3 and              x15, x15, x13       x15=00000000 x15:0000001c x13:00001f80
39237141ns          671688 1c008ce6 ee873733 p.bclr           x14, x14, 23, 8     x14=00000038 x14:00000038
39237161ns          671689 1c008cea 1a10f6b7 lui              x13, 0x1a10f000     x13=1a10f000
39237181ns          671690 1c008cee 0ff57513 andi             x10, x10, 255       x10=00000073 x10:00000073
39237201ns          671691 1c008cf2 00d70733 add              x14, x14, x13       x14=1a10f038 x14:00000038 x13:1a10f000
39237220ns          671692 1c008cf4 00a7e723 p.sw             x10, x0(x15)        x10:00000073 x15:00000000  PA:1a10f038
39237558ns          671709 1c008cf8 00000513 addi             x10, x0, 0          x10=00000000
39237578ns          671710 1c008cfa 00008067 jalr             x0, x1, 0            x1:1c008da2
39237638ns          671713 1c008da2 31f52563 p.beqimm         x10, 778            x10:00000000
39237658ns          671714 1c008da6 001d8d93 addi             x27, x27, 1         x27=00000017 x27:00000016
39237678ns          671715 1c008da8 00044503 lbu              x10, 0(x8)          x10=00000074  x8:1c000033  PA:1c000033
39237996ns          671731 1c008dac 00140413 addi             x8, x8, 1            x8=1c000034  x8:1c000033
39238016ns          671732 1c008dae fe0514e3 bne              x10, x0, -24        x10:00000074
39238095ns          671736 1c008d96 02500793 addi             x15, x0, 37         x15=00000025
39238115ns          671737 1c008d9a 04f50863 beq              x10, x15, 80        x10:00000074 x15:00000025
39238135ns          671738 1c008d9e 01a005b3 add              x11, x0, x26        x11=00000002 x26:00000002
39238155ns          671739 1c008da0 000b00e7 jalr             x1, x22, 0           x1=1c008da2 x22:1c008cd4
39238195ns          671741 1c008cd4 000026b7 lui              x13, 0x2000         x13=00002000
39238215ns          671742 1c008cd6 f14027f3 csrrs            x15, x0, 0xf14      x15=00000007
39238235ns          671743 1c008cda f8068693 addi             x13, x13, -128      x13=00001f80 x13:00002000
39238255ns          671744 1c008cde 00379713 slli             x14, x15, 0x3       x14=00000038 x15:00000007
39238274ns          671745 1c008ce2 00279793 slli             x15, x15, 0x2       x15=0000001c x15:00000007
39238294ns          671746 1c008ce4 00d7f7b3 and              x15, x15, x13       x15=00000000 x15:0000001c x13:00001f80
39238314ns          671747 1c008ce6 ee873733 p.bclr           x14, x14, 23, 8     x14=00000038 x14:00000038
39238334ns          671748 1c008cea 1a10f6b7 lui              x13, 0x1a10f000     x13=1a10f000
39238354ns          671749 1c008cee 0ff57513 andi             x10, x10, 255       x10=00000074 x10:00000074
39238374ns          671750 1c008cf2 00d70733 add              x14, x14, x13       x14=1a10f038 x14:00000038 x13:1a10f000
39238394ns          671751 1c008cf4 00a7e723 p.sw             x10, x0(x15)        x10:00000074 x15:00000000  PA:1a10f038
39238712ns          671767 1c008cf8 00000513 addi             x10, x0, 0          x10=00000000
39238732ns          671768 1c008cfa 00008067 jalr             x0, x1, 0            x1:1c008da2
39238792ns          671771 1c008da2 31f52563 p.beqimm         x10, 778            x10:00000000
39238811ns          671772 1c008da6 001d8d93 addi             x27, x27, 1         x27=00000018 x27:00000017
39238831ns          671773 1c008da8 00044503 lbu              x10, 0(x8)          x10=00000065  x8:1c000034  PA:1c000034
39239130ns          671788 1c008dac 00140413 addi             x8, x8, 1            x8=1c000035  x8:1c000034
39239150ns          671789 1c008dae fe0514e3 bne              x10, x0, -24        x10:00000065
39239229ns          671793 1c008d96 02500793 addi             x15, x0, 37         x15=00000025
39239249ns          671794 1c008d9a 04f50863 beq              x10, x15, 80        x10:00000065 x15:00000025
39239269ns          671795 1c008d9e 01a005b3 add              x11, x0, x26        x11=00000002 x26:00000002
39239289ns          671796 1c008da0 000b00e7 jalr             x1, x22, 0           x1=1c008da2 x22:1c008cd4
39239329ns          671798 1c008cd4 000026b7 lui              x13, 0x2000         x13=00002000
39239348ns          671799 1c008cd6 f14027f3 csrrs            x15, x0, 0xf14      x15=00000007
39239368ns          671800 1c008cda f8068693 addi             x13, x13, -128      x13=00001f80 x13:00002000
39239388ns          671801 1c008cde 00379713 slli             x14, x15, 0x3       x14=00000038 x15:00000007
39239408ns          671802 1c008ce2 00279793 slli             x15, x15, 0x2       x15=0000001c x15:00000007
39239428ns          671803 1c008ce4 00d7f7b3 and              x15, x15, x13       x15=00000000 x15:0000001c x13:00001f80
39239448ns          671804 1c008ce6 ee873733 p.bclr           x14, x14, 23, 8     x14=00000038 x14:00000038
39239468ns          671805 1c008cea 1a10f6b7 lui              x13, 0x1a10f000     x13=1a10f000
39239488ns          671806 1c008cee 0ff57513 andi             x10, x10, 255       x10=00000065 x10:00000065
39239508ns          671807 1c008cf2 00d70733 add              x14, x14, x13       x14=1a10f038 x14:00000038 x13:1a10f000
39239527ns          671808 1c008cf4 00a7e723 p.sw             x10, x0(x15)        x10:00000065 x15:00000000  PA:1a10f038
39239866ns          671825 1c008cf8 00000513 addi             x10, x0, 0          x10=00000000
39239885ns          671826 1c008cfa 00008067 jalr             x0, x1, 0            x1:1c008da2
39239945ns          671829 1c008da2 31f52563 p.beqimm         x10, 778            x10:00000000
39239965ns          671830 1c008da6 001d8d93 addi             x27, x27, 1         x27=00000019 x27:00000018
39239985ns          671831 1c008da8 00044503 lbu              x10, 0(x8)          x10=00000072  x8:1c000035  PA:1c000035
39240283ns          671846 1c008dac 00140413 addi             x8, x8, 1            x8=1c000036  x8:1c000035
39240303ns          671847 1c008dae fe0514e3 bne              x10, x0, -24        x10:00000072
39240383ns          671851 1c008d96 02500793 addi             x15, x0, 37         x15=00000025
39240402ns          671852 1c008d9a 04f50863 beq              x10, x15, 80        x10:00000072 x15:00000025
39240422ns          671853 1c008d9e 01a005b3 add              x11, x0, x26        x11=00000002 x26:00000002
39240442ns          671854 1c008da0 000b00e7 jalr             x1, x22, 0           x1=1c008da2 x22:1c008cd4
39240482ns          671856 1c008cd4 000026b7 lui              x13, 0x2000         x13=00002000
39240502ns          671857 1c008cd6 f14027f3 csrrs            x15, x0, 0xf14      x15=00000007
39240522ns          671858 1c008cda f8068693 addi             x13, x13, -128      x13=00001f80 x13:00002000
39240542ns          671859 1c008cde 00379713 slli             x14, x15, 0x3       x14=00000038 x15:00000007
39240562ns          671860 1c008ce2 00279793 slli             x15, x15, 0x2       x15=0000001c x15:00000007
39240581ns          671861 1c008ce4 00d7f7b3 and              x15, x15, x13       x15=00000000 x15:0000001c x13:00001f80
39240601ns          671862 1c008ce6 ee873733 p.bclr           x14, x14, 23, 8     x14=00000038 x14:00000038
39240621ns          671863 1c008cea 1a10f6b7 lui              x13, 0x1a10f000     x13=1a10f000
39240641ns          671864 1c008cee 0ff57513 andi             x10, x10, 255       x10=00000072 x10:00000072
39240661ns          671865 1c008cf2 00d70733 add              x14, x14, x13       x14=1a10f038 x14:00000038 x13:1a10f000
39240681ns          671866 1c008cf4 00a7e723 p.sw             x10, x0(x15)        x10:00000072 x15:00000000  PA:1a10f038
39241019ns          671883 1c008cf8 00000513 addi             x10, x0, 0          x10=00000000
39241039ns          671884 1c008cfa 00008067 jalr             x0, x1, 0            x1:1c008da2
39241099ns          671887 1c008da2 31f52563 p.beqimm         x10, 778            x10:00000000
39241118ns          671888 1c008da6 001d8d93 addi             x27, x27, 1         x27=0000001a x27:00000019
39241138ns          671889 1c008da8 00044503 lbu              x10, 0(x8)          x10=00000020  x8:1c000036  PA:1c000036
39241437ns          671904 1c008dac 00140413 addi             x8, x8, 1            x8=1c000037  x8:1c000036
39241457ns          671905 1c008dae fe0514e3 bne              x10, x0, -24        x10:00000020
39241536ns          671909 1c008d96 02500793 addi             x15, x0, 37         x15=00000025
39241556ns          671910 1c008d9a 04f50863 beq              x10, x15, 80        x10:00000020 x15:00000025
39241576ns          671911 1c008d9e 01a005b3 add              x11, x0, x26        x11=00000002 x26:00000002
39241596ns          671912 1c008da0 000b00e7 jalr             x1, x22, 0           x1=1c008da2 x22:1c008cd4
39241636ns          671914 1c008cd4 000026b7 lui              x13, 0x2000         x13=00002000
39241655ns          671915 1c008cd6 f14027f3 csrrs            x15, x0, 0xf14      x15=00000007
39241675ns          671916 1c008cda f8068693 addi             x13, x13, -128      x13=00001f80 x13:00002000
39241695ns          671917 1c008cde 00379713 slli             x14, x15, 0x3       x14=00000038 x15:00000007
39241715ns          671918 1c008ce2 00279793 slli             x15, x15, 0x2       x15=0000001c x15:00000007
39241735ns          671919 1c008ce4 00d7f7b3 and              x15, x15, x13       x15=00000000 x15:0000001c x13:00001f80
39241755ns          671920 1c008ce6 ee873733 p.bclr           x14, x14, 23, 8     x14=00000038 x14:00000038
39241775ns          671921 1c008cea 1a10f6b7 lui              x13, 0x1a10f000     x13=1a10f000
39241795ns          671922 1c008cee 0ff57513 andi             x10, x10, 255       x10=00000020 x10:00000020
39241815ns          671923 1c008cf2 00d70733 add              x14, x14, x13       x14=1a10f038 x14:00000038 x13:1a10f000
39241834ns          671924 1c008cf4 00a7e723 p.sw             x10, x0(x15)        x10:00000020 x15:00000000  PA:1a10f038
39242173ns          671941 1c008cf8 00000513 addi             x10, x0, 0          x10=00000000
39242192ns          671942 1c008cfa 00008067 jalr             x0, x1, 0            x1:1c008da2
39242252ns          671945 1c008da2 31f52563 p.beqimm         x10, 778            x10:00000000
39242272ns          671946 1c008da6 001d8d93 addi             x27, x27, 1         x27=0000001b x27:0000001a
39242292ns          671947 1c008da8 00044503 lbu              x10, 0(x8)          x10=00000025  x8:1c000037  PA:1c000037
39242590ns          671962 1c008dac 00140413 addi             x8, x8, 1            x8=1c000038  x8:1c000037
39242610ns          671963 1c008dae fe0514e3 bne              x10, x0, -24        x10:00000025
39242690ns          671967 1c008d96 02500793 addi             x15, x0, 37         x15=00000025
39242709ns          671968 1c008d9a 04f50863 beq              x10, x15, 80        x10:00000025 x15:00000025
39242849ns          671975 1c008dea 00044483 lbu              x9, 0(x8)            x9=00000064  x8:1c000038  PA:1c000038
39243406ns          672003 1c008dee 02000693 addi             x13, x0, 32         x13=00000020
39243425ns          672004 1c008df2 00140a93 addi             x21, x8, 1          x21=1c000039  x8:1c000038
39243445ns          672005 1c008df6 009005b3 add              x11, x0, x9         x11=00000064  x9:00000064
39243465ns          672006 1c008df8 0a4b8513 addi             x10, x23, 164       x10=1c0000a4 x23:1c000000
39243485ns          672007 1c008dfc 00d12823 sw               x13, 16(x2)         x13:00000020  x2:10003e18  PA:10003e28
39243505ns          672008 1c008dfe 00012c23 sw               x0, 24(x2)           x2:10003e18  PA:10003e30
39243764ns          672021 1c008e00 00012a23 sw               x0, 20(x2)           x2:10003e18  PA:10003e2c
39243783ns          672022 1c008e02 00012e23 sw               x0, 28(x2)           x2:10003e18  PA:10003e34
39243803ns          672023 1c008e04 00012623 sw               x0, 12(x2)           x2:10003e18  PA:10003e24
39243823ns          672024 1c008e06 02300913 addi             x18, x0, 35         x18=00000023
39243843ns          672025 1c008e0a 02d00a13 addi             x20, x0, 45         x20=0000002d
39243863ns          672026 1c008e0e 015009b3 add              x19, x0, x21        x19=1c000039 x21:1c000039
39244281ns          672047 1c008e10 e45ff0ef jal              x1, -444             x1=1c008e12
39244738ns          672070 1c008c54 00054783 lbu              x15, 0(x10)         x15=0000002d x10:1c0000a4  PA:1c0000a4
39245335ns          672100 1c008c58 0ff5f593 andi             x11, x11, 255       x11=00000064 x11:00000064
39245355ns          672101 1c008c5c 00b78c63 beq              x15, x11, 24        x15:0000002d x11:00000064
39245374ns          672102 1c008c60 00078b63 beq              x15, x0, 22         x15:0000002d
39245394ns          672103 1c008c62 00150793 addi             x15, x10, 1         x15=1c0000a5 x10:1c0000a4
39245414ns          672104 1c008c66 0040006f jal              x0, 4              
39245852ns          672126 1c008c6a 00f00533 add              x10, x0, x15        x10=1c0000a5 x15:1c0000a5
39245872ns          672127 1c008c6c 0017c70b p.lbu            x14, 1(x15!)        x14=0000002b x15=1c0000a6 x15:1c0000a5  PA:1c0000a5
39246508ns          672159 1c008c70 feb71ce3 bne              x14, x11, -8        x14:0000002b x11:00000064
39246568ns          672162 1c008c68 00070763 beq              x14, x0, 14         x14:0000002b
39246588ns          672163 1c008c6a 00f00533 add              x10, x0, x15        x10=1c0000a6 x15:1c0000a6
39246608ns          672164 1c008c6c 0017c70b p.lbu            x14, 1(x15!)        x14=00000020 x15=1c0000a7 x15:1c0000a6  PA:1c0000a6
39246926ns          672180 1c008c70 feb71ce3 bne              x14, x11, -8        x14:00000020 x11:00000064
39246985ns          672183 1c008c68 00070763 beq              x14, x0, 14         x14:00000020
39247005ns          672184 1c008c6a 00f00533 add              x10, x0, x15        x10=1c0000a7 x15:1c0000a7
39247025ns          672185 1c008c6c 0017c70b p.lbu            x14, 1(x15!)        x14=00000023 x15=1c0000a8 x15:1c0000a7  PA:1c0000a7
39247383ns          672203 1c008c70 feb71ce3 bne              x14, x11, -8        x14:00000023 x11:00000064
39247443ns          672206 1c008c68 00070763 beq              x14, x0, 14         x14:00000023
39247463ns          672207 1c008c6a 00f00533 add              x10, x0, x15        x10=1c0000a8 x15:1c0000a8
39247483ns          672208 1c008c6c 0017c70b p.lbu            x14, 1(x15!)        x14=00000030 x15=1c0000a9 x15:1c0000a8  PA:1c0000a8
39247801ns          672224 1c008c70 feb71ce3 bne              x14, x11, -8        x14:00000030 x11:00000064
39247860ns          672227 1c008c68 00070763 beq              x14, x0, 14         x14:00000030
39247880ns          672228 1c008c6a 00f00533 add              x10, x0, x15        x10=1c0000a9 x15:1c0000a9
39247900ns          672229 1c008c6c 0017c70b p.lbu            x14, 1(x15!)        x14=00000000 x15=1c0000aa x15:1c0000a9  PA:1c0000a9
39248358ns          672252 1c008c70 feb71ce3 bne              x14, x11, -8        x14:00000000 x11:00000064
39248417ns          672255 1c008c68 00070763 beq              x14, x0, 14         x14:00000000
39248497ns          672259 1c008c76 0015b593 sltiu            x11, x11, 1         x11=00000000 x11:00000064
39248517ns          672260 1c008c7a 40b005b3 sub              x11, x0, x11        x11=00000000 x11:00000000
39248537ns          672261 1c008c7e 00b57533 and              x10, x10, x11       x10=00000000 x10:1c0000a9 x11:00000000
39248557ns          672262 1c008c80 00008067 jalr             x0, x1, 0            x1:1c008e12
39248596ns          672264 1c008e12 02050a63 beq              x10, x0, 52         x10:00000000
39248736ns          672271 1c008e46 02a00613 addi             x12, x0, 42         x12=0000002a
39248755ns          672272 1c008e4a 2ac48663 beq              x9, x12, 684         x9:00000064 x12:0000002a
39248875ns          672278 1c008e4e fd048613 addi             x12, x9, -48        x12=00000034  x9:00000064
39248895ns          672279 1c008e52 00900593 addi             x11, x0, 9          x11=00000009
39248915ns          672280 1c008e54 00000913 addi             x18, x0, 0          x18=00000000
39248934ns          672281 1c008e56 28c5f063 bgeu             x11, x12, 640       x11:00000009 x12:00000034
39248954ns          672282 1c008e5a 02e00693 addi             x13, x0, 46         x13=0000002e
39248974ns          672283 1c008e5e fff00a13 addi             x20, x0, -1         x20=ffffffff
39249392ns          672304 1c008e60 2ed48363 beq              x9, x13, 742         x9:00000064 x13:0000002e
39249432ns          672306 1c008e64 1c0007b7 lui              x15, 0x1c000000     x15=1c000000
39249452ns          672307 1c008e68 009005b3 add              x11, x0, x9         x11=00000064  x9:00000064
39249471ns          672308 1c008e6a 0ac78513 addi             x10, x15, 172       x10=1c0000ac x15:1c000000
39249491ns          672309 1c008e6e de7ff0ef jal              x1, -538             x1=1c008e70
39249949ns          672332 1c008c54 00054783 lbu              x15, 0(x10)         x15=00000068 x10:1c0000ac  PA:1c0000ac
39250386ns          672354 1c008c58 0ff5f593 andi             x11, x11, 255       x11=00000064 x11:00000064
39250406ns          672355 1c008c5c 00b78c63 beq              x15, x11, 24        x15:00000068 x11:00000064
39250426ns          672356 1c008c60 00078b63 beq              x15, x0, 22         x15:00000068
39250446ns          672357 1c008c62 00150793 addi             x15, x10, 1         x15=1c0000ad x10:1c0000ac
39250466ns          672358 1c008c66 0040006f jal              x0, 4              
39250506ns          672360 1c008c6a 00f00533 add              x10, x0, x15        x10=1c0000ad x15:1c0000ad
39250525ns          672361 1c008c6c 0017c70b p.lbu            x14, 1(x15!)        x14=0000006c x15=1c0000ae x15:1c0000ad  PA:1c0000ad
39250844ns          672377 1c008c70 feb71ce3 bne              x14, x11, -8        x14:0000006c x11:00000064
39250903ns          672380 1c008c68 00070763 beq              x14, x0, 14         x14:0000006c
39250923ns          672381 1c008c6a 00f00533 add              x10, x0, x15        x10=1c0000ae x15:1c0000ae
39250943ns          672382 1c008c6c 0017c70b p.lbu            x14, 1(x15!)        x14=0000004c x15=1c0000af x15:1c0000ae  PA:1c0000ae
39251281ns          672399 1c008c70 feb71ce3 bne              x14, x11, -8        x14:0000004c x11:00000064
39251341ns          672402 1c008c68 00070763 beq              x14, x0, 14         x14:0000004c
39251361ns          672403 1c008c6a 00f00533 add              x10, x0, x15        x10=1c0000af x15:1c0000af
39251381ns          672404 1c008c6c 0017c70b p.lbu            x14, 1(x15!)        x14=0000007a x15=1c0000b0 x15:1c0000af  PA:1c0000af
39251699ns          672420 1c008c70 feb71ce3 bne              x14, x11, -8        x14:0000007a x11:00000064
39251759ns          672423 1c008c68 00070763 beq              x14, x0, 14         x14:0000007a
39251778ns          672424 1c008c6a 00f00533 add              x10, x0, x15        x10=1c0000b0 x15:1c0000b0
39251798ns          672425 1c008c6c 0017c70b p.lbu            x14, 1(x15!)        x14=00000000 x15=1c0000b1 x15:1c0000b0  PA:1c0000b0
39252117ns          672441 1c008c70 feb71ce3 bne              x14, x11, -8        x14:00000000 x11:00000064
39252176ns          672444 1c008c68 00070763 beq              x14, x0, 14         x14:00000000
39252256ns          672448 1c008c76 0015b593 sltiu            x11, x11, 1         x11=00000000 x11:00000064
39252276ns          672449 1c008c7a 40b005b3 sub              x11, x0, x11        x11=00000000 x11:00000000
39252296ns          672450 1c008c7e 00b57533 and              x10, x10, x11       x10=00000000 x10:1c0000b0 x11:00000000
39252315ns          672451 1c008c80 00008067 jalr             x0, x1, 0            x1:1c008e70
39252355ns          672453 1c008e70 01300433 add              x8, x0, x19          x8=1c000039 x19:1c000039
39252375ns          672454 1c008e72 00050563 beq              x10, x0, 10         x10:00000000
39252435ns          672457 1c008e7c 06700693 addi             x13, x0, 103        x13=00000067
39252733ns          672472 1c008e80 2896d963 bge              x13, x9, 658        x13:00000067  x9:00000064
39253250ns          672498 1c009112 06500693 addi             x13, x0, 101        x13=00000065
39253270ns          672499 1c009116 12d4d563 bge              x9, x13, 298         x9:00000064 x13:00000065
39253290ns          672500 1c00911a 04700693 addi             x13, x0, 71         x13=00000047
39253727ns          672522 1c00911e dc96cbe3 blt              x13, x9, -554       x13:00000047  x9:00000064
39254225ns          672547 1c008ef4 06300693 addi             x13, x0, 99         x13=00000063
39254264ns          672549 1c008ef8 0ad488e3 beq              x9, x13, 2224        x9:00000064 x13:00000063
39254284ns          672550 1c008efc 0096c9e3 blt              x13, x9, 2066       x13:00000063  x9:00000064
39255756ns          672624 1c00970e 000c2583 lw               x11, 0(x24)         x11=00000000 x24:10003f6c  PA:10003f6c
39255776ns          672625 1c009712 004c0c13 addi             x24, x24, 4         x24=10003f70 x24:10003f6c
39255796ns          672626 1c009714 3405cc63 blt              x11, x0, 856        x11:00000000
39255816ns          672627 1c009718 01412603 lw               x12, 20(x2)         x12=00000000  x2:10003e18  PA:10003e2c
39255836ns          672628 1c00971a 00b006b3 add              x13, x0, x11        x13=00000000 x11:00000000
39255855ns          672629 1c00971c 2e061863 bne              x12, x0, 752        x12:00000000
39256273ns          672650 1c009720 01812703 lw               x14, 24(x2)         x14=00000000  x2:10003e18  PA:10003e30
39256293ns          672651 1c009722 019007b3 add              x15, x0, x25        x15=10003e3c x25:10003e3c
39256313ns          672652 1c009724 00070763 beq              x14, x0, 14         x14:00000000
39256810ns          672677 1c009732 00f00733 add              x14, x0, x15        x14=10003e3c x15:10003e3c
39256850ns          672679 1c009734 00a00513 addi             x10, x0, 10         x10=0000000a
39256870ns          672680 1c009736 02a6f633 remu             x12, x13, x10       x12=00000000 x13:00000000 x10:0000000a
39257486ns          672711 1c00973a 02a6d6b3 divu             x13, x13, x10       x13=00000000 x13:00000000 x10:0000000a
39258103ns          672742 1c00973e 03060613 addi             x12, x12, 48        x12=00000030 x12:00000000
39258123ns          672743 1c009742 00c700ab p.sb             x12, 1(x14!)        x14=10003e3d x12:00000030 x14:10003e3c  PA:10003e3c
39258143ns          672744 1c009746 fe0698e3 bne              x13, x0, -16        x13:00000000
39258162ns          672745 1c009748 40f706b3 sub              x13, x14, x15       x13=00000001 x14:10003e3d x15:10003e3c
39258182ns          672746 1c00974c 0146dc63 bge              x13, x20, 24        x13:00000001 x20:ffffffff
39259057ns          672790 1c009764 00e006b3 add              x13, x0, x14        x13=10003e3d x14:10003e3d
39259097ns          672792 1c009766 fe068fab p.sb             x0, -1(x13!)        x13=10003e3c x13:10003e3d  PA:10003e3d
39259117ns          672793 1c00976a 00d7fc63 bgeu             x15, x13, 24        x15:10003e3c x13:10003e3c
39260012ns          672838 1c009782 01412783 lw               x15, 20(x2)         x15=00000000  x2:10003e18  PA:10003e2c
39260052ns          672840 1c009784 01812603 lw               x12, 24(x2)         x12=00000000  x2:10003e18  PA:10003e30
39260072ns          672841 1c009786 419704b3 sub              x9, x14, x25         x9=00000001 x14:10003e3d x25:10003e3c
39260092ns          672842 1c00978a 00c7e7b3 or               x15, x15, x12       x15=00000000 x15:00000000 x12:00000000
39260111ns          672843 1c00978c 00f12623 sw               x15, 12(x2)         x15:00000000  x2:10003e18  PA:10003e24
39260131ns          672844 1c00978e 00079363 bne              x15, x0, 6          x15:00000000
39260529ns          672864 1c009790 01f5d593 srli             x11, x11, 0x1f      x11=00000000 x11:00000000
39260549ns          672865 1c009792 00b12623 sw               x11, 12(x2)         x11:00000000  x2:10003e18  PA:10003e24
39260569ns          672866 1c009794 e3fa28e3 p.beqimm         x20, -464           x20:ffffffff
39261046ns          672890 1c0095c4 0c800793 addi             x15, x0, 200        x15=000000c8
39261086ns          672892 1c0095c8 9e97d0e3 bge              x15, x9, -1568      x15:000000c8  x9:00000001
39262021ns          672939 1c008fa8 0f24d163 bge              x9, x18, 226         x9:00000001 x18:00000000
39262538ns          672965 1c00908a d00482e3 beq              x9, x0, -764         x9:00000001
39262558ns          672966 1c00908e 01900933 add              x18, x0, x25        x18=10003e3c x25:10003e3c
39262975ns          672987 1c009090 419d8db3 sub              x27, x27, x25       x27=efffc1df x27:0000001b x25:10003e3c
39263015ns          672989 1c009094 00a0006f jal              x0, 10             
39263512ns          673014 1c00909e 0019450b p.lbu            x10, 1(x18!)        x10=00000030 x18=10003e3d x18:10003e3c  PA:10003e3c
39263532ns          673015 1c0090a2 01a005b3 add              x11, x0, x26        x11=00000002 x26:00000002
39263552ns          673016 1c0090a4 000b00e7 jalr             x1, x22, 0           x1=1c0090a6 x22:1c008cd4
39263632ns          673020 1c008cd4 000026b7 lui              x13, 0x2000         x13=00002000
39263671ns          673022 1c008cd6 f14027f3 csrrs            x15, x0, 0xf14      x15=00000007
39263691ns          673023 1c008cda f8068693 addi             x13, x13, -128      x13=00001f80 x13:00002000
39263751ns          673026 1c008cde 00379713 slli             x14, x15, 0x3       x14=00000038 x15:00000007
39263771ns          673027 1c008ce2 00279793 slli             x15, x15, 0x2       x15=0000001c x15:00000007
39263791ns          673028 1c008ce4 00d7f7b3 and              x15, x15, x13       x15=00000000 x15:0000001c x13:00001f80
39263811ns          673029 1c008ce6 ee873733 p.bclr           x14, x14, 23, 8     x14=00000038 x14:00000038
39263831ns          673030 1c008cea 1a10f6b7 lui              x13, 0x1a10f000     x13=1a10f000
39263890ns          673033 1c008cee 0ff57513 andi             x10, x10, 255       x10=00000030 x10:00000030
39263910ns          673034 1c008cf2 00d70733 add              x14, x14, x13       x14=1a10f038 x14:00000038 x13:1a10f000
39263930ns          673035 1c008cf4 00a7e723 p.sw             x10, x0(x15)        x10:00000030 x15:00000000  PA:1a10f038
39264646ns          673071 1c008cf8 00000513 addi             x10, x0, 0          x10=00000000
39264666ns          673072 1c008cfa 00008067 jalr             x0, x1, 0            x1:1c0090a6
39264706ns          673074 1c0090a6 fff48493 addi             x9, x9, -1           x9=00000000  x9:00000001
39264726ns          673075 1c0090a8 fff537e3 p.bneimm         x10, -18            x10:00000000
39264865ns          673082 1c009096 012d8733 add              x14, x27, x18       x14=0000001c x27:efffc1df x18:10003e3d
39264885ns          673083 1c00909a 5a048b63 beq              x9, x0, 1462         x9:00000000
39265362ns          673107 1c009650 00e00db3 add              x27, x0, x14        x27=0000001c x14:0000001c
39265402ns          673109 1c009652 f3cff06f jal              x0, -2244          
39265561ns          673117 1c008d8e 00044503 lbu              x10, 0(x8)          x10=00000020  x8:1c000039  PA:1c000039
39266058ns          673142 1c008d92 00140413 addi             x8, x8, 1            x8=1c00003a  x8:1c000039
39266078ns          673143 1c008d94 00050e63 beq              x10, x0, 28         x10:00000020
39266098ns          673144 1c008d96 02500793 addi             x15, x0, 37         x15=00000025
39266118ns          673145 1c008d9a 04f50863 beq              x10, x15, 80        x10:00000020 x15:00000025
39266138ns          673146 1c008d9e 01a005b3 add              x11, x0, x26        x11=00000002 x26:00000002
39266157ns          673147 1c008da0 000b00e7 jalr             x1, x22, 0           x1=1c008da2 x22:1c008cd4
39266237ns          673151 1c008cd4 000026b7 lui              x13, 0x2000         x13=00002000
39266277ns          673153 1c008cd6 f14027f3 csrrs            x15, x0, 0xf14      x15=00000007
39266297ns          673154 1c008cda f8068693 addi             x13, x13, -128      x13=00001f80 x13:00002000
39266317ns          673155 1c008cde 00379713 slli             x14, x15, 0x3       x14=00000038 x15:00000007
39266336ns          673156 1c008ce2 00279793 slli             x15, x15, 0x2       x15=0000001c x15:00000007
39266356ns          673157 1c008ce4 00d7f7b3 and              x15, x15, x13       x15=00000000 x15:0000001c x13:00001f80
39266376ns          673158 1c008ce6 ee873733 p.bclr           x14, x14, 23, 8     x14=00000038 x14:00000038
39266396ns          673159 1c008cea 1a10f6b7 lui              x13, 0x1a10f000     x13=1a10f000
39266416ns          673160 1c008cee 0ff57513 andi             x10, x10, 255       x10=00000020 x10:00000020
39266436ns          673161 1c008cf2 00d70733 add              x14, x14, x13       x14=1a10f038 x14:00000038 x13:1a10f000
39266456ns          673162 1c008cf4 00a7e723 p.sw             x10, x0(x15)        x10:00000020 x15:00000000  PA:1a10f038
39266993ns          673189 1c008cf8 00000513 addi             x10, x0, 0          x10=00000000
39267013ns          673190 1c008cfa 00008067 jalr             x0, x1, 0            x1:1c008da2
39267072ns          673193 1c008da2 31f52563 p.beqimm         x10, 778            x10:00000000
39267092ns          673194 1c008da6 001d8d93 addi             x27, x27, 1         x27=0000001d x27:0000001c
39267112ns          673195 1c008da8 00044503 lbu              x10, 0(x8)          x10=00000063  x8:1c00003a  PA:1c00003a
39267410ns          673210 1c008dac 00140413 addi             x8, x8, 1            x8=1c00003b  x8:1c00003a
39267430ns          673211 1c008dae fe0514e3 bne              x10, x0, -24        x10:00000063
39267510ns          673215 1c008d96 02500793 addi             x15, x0, 37         x15=00000025
39267530ns          673216 1c008d9a 04f50863 beq              x10, x15, 80        x10:00000063 x15:00000025
39267550ns          673217 1c008d9e 01a005b3 add              x11, x0, x26        x11=00000002 x26:00000002
39267569ns          673218 1c008da0 000b00e7 jalr             x1, x22, 0           x1=1c008da2 x22:1c008cd4
39267609ns          673220 1c008cd4 000026b7 lui              x13, 0x2000         x13=00002000
39267629ns          673221 1c008cd6 f14027f3 csrrs            x15, x0, 0xf14      x15=00000007
39267649ns          673222 1c008cda f8068693 addi             x13, x13, -128      x13=00001f80 x13:00002000
39267669ns          673223 1c008cde 00379713 slli             x14, x15, 0x3       x14=00000038 x15:00000007
39267689ns          673224 1c008ce2 00279793 slli             x15, x15, 0x2       x15=0000001c x15:00000007
39267709ns          673225 1c008ce4 00d7f7b3 and              x15, x15, x13       x15=00000000 x15:0000001c x13:00001f80
39267729ns          673226 1c008ce6 ee873733 p.bclr           x14, x14, 23, 8     x14=00000038 x14:00000038
39267748ns          673227 1c008cea 1a10f6b7 lui              x13, 0x1a10f000     x13=1a10f000
39267768ns          673228 1c008cee 0ff57513 andi             x10, x10, 255       x10=00000063 x10:00000063
39267788ns          673229 1c008cf2 00d70733 add              x14, x14, x13       x14=1a10f038 x14:00000038 x13:1a10f000
39267808ns          673230 1c008cf4 00a7e723 p.sw             x10, x0(x15)        x10:00000063 x15:00000000  PA:1a10f038
39268166ns          673248 1c008cf8 00000513 addi             x10, x0, 0          x10=00000000
39268186ns          673249 1c008cfa 00008067 jalr             x0, x1, 0            x1:1c008da2
39268246ns          673252 1c008da2 31f52563 p.beqimm         x10, 778            x10:00000000
39268266ns          673253 1c008da6 001d8d93 addi             x27, x27, 1         x27=0000001e x27:0000001d
39268285ns          673254 1c008da8 00044503 lbu              x10, 0(x8)          x10=0000006f  x8:1c00003b  PA:1c00003b
39268584ns          673269 1c008dac 00140413 addi             x8, x8, 1            x8=1c00003c  x8:1c00003b
39268604ns          673270 1c008dae fe0514e3 bne              x10, x0, -24        x10:0000006f
39268683ns          673274 1c008d96 02500793 addi             x15, x0, 37         x15=00000025
39268703ns          673275 1c008d9a 04f50863 beq              x10, x15, 80        x10:0000006f x15:00000025
39268723ns          673276 1c008d9e 01a005b3 add              x11, x0, x26        x11=00000002 x26:00000002
39268743ns          673277 1c008da0 000b00e7 jalr             x1, x22, 0           x1=1c008da2 x22:1c008cd4
39268783ns          673279 1c008cd4 000026b7 lui              x13, 0x2000         x13=00002000
39268803ns          673280 1c008cd6 f14027f3 csrrs            x15, x0, 0xf14      x15=00000007
39268822ns          673281 1c008cda f8068693 addi             x13, x13, -128      x13=00001f80 x13:00002000
39268842ns          673282 1c008cde 00379713 slli             x14, x15, 0x3       x14=00000038 x15:00000007
39268862ns          673283 1c008ce2 00279793 slli             x15, x15, 0x2       x15=0000001c x15:00000007
39268882ns          673284 1c008ce4 00d7f7b3 and              x15, x15, x13       x15=00000000 x15:0000001c x13:00001f80
39268902ns          673285 1c008ce6 ee873733 p.bclr           x14, x14, 23, 8     x14=00000038 x14:00000038
39268922ns          673286 1c008cea 1a10f6b7 lui              x13, 0x1a10f000     x13=1a10f000
39268942ns          673287 1c008cee 0ff57513 andi             x10, x10, 255       x10=0000006f x10:0000006f
39268962ns          673288 1c008cf2 00d70733 add              x14, x14, x13       x14=1a10f038 x14:00000038 x13:1a10f000
39268982ns          673289 1c008cf4 00a7e723 p.sw             x10, x0(x15)        x10:0000006f x15:00000000  PA:1a10f038
39269320ns          673306 1c008cf8 00000513 addi             x10, x0, 0          x10=00000000
39269340ns          673307 1c008cfa 00008067 jalr             x0, x1, 0            x1:1c008da2
39269399ns          673310 1c008da2 31f52563 p.beqimm         x10, 778            x10:00000000
39269419ns          673311 1c008da6 001d8d93 addi             x27, x27, 1         x27=0000001f x27:0000001e
39269439ns          673312 1c008da8 00044503 lbu              x10, 0(x8)          x10=00000072  x8:1c00003c  PA:1c00003c
39269757ns          673328 1c008dac 00140413 addi             x8, x8, 1            x8=1c00003d  x8:1c00003c
39269777ns          673329 1c008dae fe0514e3 bne              x10, x0, -24        x10:00000072
39269857ns          673333 1c008d96 02500793 addi             x15, x0, 37         x15=00000025
39269876ns          673334 1c008d9a 04f50863 beq              x10, x15, 80        x10:00000072 x15:00000025
39269896ns          673335 1c008d9e 01a005b3 add              x11, x0, x26        x11=00000002 x26:00000002
39269916ns          673336 1c008da0 000b00e7 jalr             x1, x22, 0           x1=1c008da2 x22:1c008cd4
39269956ns          673338 1c008cd4 000026b7 lui              x13, 0x2000         x13=00002000
39269976ns          673339 1c008cd6 f14027f3 csrrs            x15, x0, 0xf14      x15=00000007
39269996ns          673340 1c008cda f8068693 addi             x13, x13, -128      x13=00001f80 x13:00002000
39270016ns          673341 1c008cde 00379713 slli             x14, x15, 0x3       x14=00000038 x15:00000007
39270036ns          673342 1c008ce2 00279793 slli             x15, x15, 0x2       x15=0000001c x15:00000007
39270055ns          673343 1c008ce4 00d7f7b3 and              x15, x15, x13       x15=00000000 x15:0000001c x13:00001f80
39270075ns          673344 1c008ce6 ee873733 p.bclr           x14, x14, 23, 8     x14=00000038 x14:00000038
39270095ns          673345 1c008cea 1a10f6b7 lui              x13, 0x1a10f000     x13=1a10f000
39270115ns          673346 1c008cee 0ff57513 andi             x10, x10, 255       x10=00000072 x10:00000072
39270135ns          673347 1c008cf2 00d70733 add              x14, x14, x13       x14=1a10f038 x14:00000038 x13:1a10f000
39270155ns          673348 1c008cf4 00a7e723 p.sw             x10, x0(x15)        x10:00000072 x15:00000000  PA:1a10f038
39270473ns          673364 1c008cf8 00000513 addi             x10, x0, 0          x10=00000000
39270493ns          673365 1c008cfa 00008067 jalr             x0, x1, 0            x1:1c008da2
39270553ns          673368 1c008da2 31f52563 p.beqimm         x10, 778            x10:00000000
39270573ns          673369 1c008da6 001d8d93 addi             x27, x27, 1         x27=00000020 x27:0000001f
39270592ns          673370 1c008da8 00044503 lbu              x10, 0(x8)          x10=00000065  x8:1c00003d  PA:1c00003d
39270891ns          673385 1c008dac 00140413 addi             x8, x8, 1            x8=1c00003e  x8:1c00003d
39270911ns          673386 1c008dae fe0514e3 bne              x10, x0, -24        x10:00000065
39270990ns          673390 1c008d96 02500793 addi             x15, x0, 37         x15=00000025
39271010ns          673391 1c008d9a 04f50863 beq              x10, x15, 80        x10:00000065 x15:00000025
39271030ns          673392 1c008d9e 01a005b3 add              x11, x0, x26        x11=00000002 x26:00000002
39271050ns          673393 1c008da0 000b00e7 jalr             x1, x22, 0           x1=1c008da2 x22:1c008cd4
39271090ns          673395 1c008cd4 000026b7 lui              x13, 0x2000         x13=00002000
39271110ns          673396 1c008cd6 f14027f3 csrrs            x15, x0, 0xf14      x15=00000007
39271129ns          673397 1c008cda f8068693 addi             x13, x13, -128      x13=00001f80 x13:00002000
39271149ns          673398 1c008cde 00379713 slli             x14, x15, 0x3       x14=00000038 x15:00000007
39271169ns          673399 1c008ce2 00279793 slli             x15, x15, 0x2       x15=0000001c x15:00000007
39271189ns          673400 1c008ce4 00d7f7b3 and              x15, x15, x13       x15=00000000 x15:0000001c x13:00001f80
39271209ns          673401 1c008ce6 ee873733 p.bclr           x14, x14, 23, 8     x14=00000038 x14:00000038
39271229ns          673402 1c008cea 1a10f6b7 lui              x13, 0x1a10f000     x13=1a10f000
39271249ns          673403 1c008cee 0ff57513 andi             x10, x10, 255       x10=00000065 x10:00000065
39271269ns          673404 1c008cf2 00d70733 add              x14, x14, x13       x14=1a10f038 x14:00000038 x13:1a10f000
39271289ns          673405 1c008cf4 00a7e723 p.sw             x10, x0(x15)        x10:00000065 x15:00000000  PA:1a10f038
39271627ns          673422 1c008cf8 00000513 addi             x10, x0, 0          x10=00000000
39271647ns          673423 1c008cfa 00008067 jalr             x0, x1, 0            x1:1c008da2
39271706ns          673426 1c008da2 31f52563 p.beqimm         x10, 778            x10:00000000
39271726ns          673427 1c008da6 001d8d93 addi             x27, x27, 1         x27=00000021 x27:00000020
39271746ns          673428 1c008da8 00044503 lbu              x10, 0(x8)          x10=00000020  x8:1c00003e  PA:1c00003e
39272044ns          673443 1c008dac 00140413 addi             x8, x8, 1            x8=1c00003f  x8:1c00003e
39272064ns          673444 1c008dae fe0514e3 bne              x10, x0, -24        x10:00000020
39272144ns          673448 1c008d96 02500793 addi             x15, x0, 37         x15=00000025
39272164ns          673449 1c008d9a 04f50863 beq              x10, x15, 80        x10:00000020 x15:00000025
39272184ns          673450 1c008d9e 01a005b3 add              x11, x0, x26        x11=00000002 x26:00000002
39272203ns          673451 1c008da0 000b00e7 jalr             x1, x22, 0           x1=1c008da2 x22:1c008cd4
39272243ns          673453 1c008cd4 000026b7 lui              x13, 0x2000         x13=00002000
39272263ns          673454 1c008cd6 f14027f3 csrrs            x15, x0, 0xf14      x15=00000007
39272283ns          673455 1c008cda f8068693 addi             x13, x13, -128      x13=00001f80 x13:00002000
39272303ns          673456 1c008cde 00379713 slli             x14, x15, 0x3       x14=00000038 x15:00000007
39272323ns          673457 1c008ce2 00279793 slli             x15, x15, 0x2       x15=0000001c x15:00000007
39272343ns          673458 1c008ce4 00d7f7b3 and              x15, x15, x13       x15=00000000 x15:0000001c x13:00001f80
39272362ns          673459 1c008ce6 ee873733 p.bclr           x14, x14, 23, 8     x14=00000038 x14:00000038
39272382ns          673460 1c008cea 1a10f6b7 lui              x13, 0x1a10f000     x13=1a10f000
39272402ns          673461 1c008cee 0ff57513 andi             x10, x10, 255       x10=00000020 x10:00000020
39272422ns          673462 1c008cf2 00d70733 add              x14, x14, x13       x14=1a10f038 x14:00000038 x13:1a10f000
39272442ns          673463 1c008cf4 00a7e723 p.sw             x10, x0(x15)        x10:00000020 x15:00000000  PA:1a10f038
39272780ns          673480 1c008cf8 00000513 addi             x10, x0, 0          x10=00000000
39272800ns          673481 1c008cfa 00008067 jalr             x0, x1, 0            x1:1c008da2
39272860ns          673484 1c008da2 31f52563 p.beqimm         x10, 778            x10:00000000
39272880ns          673485 1c008da6 001d8d93 addi             x27, x27, 1         x27=00000022 x27:00000021
39272899ns          673486 1c008da8 00044503 lbu              x10, 0(x8)          x10=00000025  x8:1c00003f  PA:1c00003f
39273198ns          673501 1c008dac 00140413 addi             x8, x8, 1            x8=1c000040  x8:1c00003f
39273218ns          673502 1c008dae fe0514e3 bne              x10, x0, -24        x10:00000025
39273297ns          673506 1c008d96 02500793 addi             x15, x0, 37         x15=00000025
39273317ns          673507 1c008d9a 04f50863 beq              x10, x15, 80        x10:00000025 x15:00000025
39273397ns          673511 1c008dea 00044483 lbu              x9, 0(x8)            x9=00000064  x8:1c000040  PA:1c000040
39273735ns          673528 1c008dee 02000693 addi             x13, x0, 32         x13=00000020
39273755ns          673529 1c008df2 00140a93 addi             x21, x8, 1          x21=1c000041  x8:1c000040
39273775ns          673530 1c008df6 009005b3 add              x11, x0, x9         x11=00000064  x9:00000064
39273794ns          673531 1c008df8 0a4b8513 addi             x10, x23, 164       x10=1c0000a4 x23:1c000000
39273814ns          673532 1c008dfc 00d12823 sw               x13, 16(x2)         x13:00000020  x2:10003e18  PA:10003e28
39273834ns          673533 1c008dfe 00012c23 sw               x0, 24(x2)           x2:10003e18  PA:10003e30
39273854ns          673534 1c008e00 00012a23 sw               x0, 20(x2)           x2:10003e18  PA:10003e2c
39273874ns          673535 1c008e02 00012e23 sw               x0, 28(x2)           x2:10003e18  PA:10003e34
39273894ns          673536 1c008e04 00012623 sw               x0, 12(x2)           x2:10003e18  PA:10003e24
39273914ns          673537 1c008e06 02300913 addi             x18, x0, 35         x18=00000023
39273934ns          673538 1c008e0a 02d00a13 addi             x20, x0, 45         x20=0000002d
39273954ns          673539 1c008e0e 015009b3 add              x19, x0, x21        x19=1c000041 x21:1c000041
39273973ns          673540 1c008e10 e45ff0ef jal              x1, -444             x1=1c008e12
39274053ns          673544 1c008c54 00054783 lbu              x15, 0(x10)         x15=0000002d x10:1c0000a4  PA:1c0000a4
39274431ns          673563 1c008c58 0ff5f593 andi             x11, x11, 255       x11=00000064 x11:00000064
39274451ns          673564 1c008c5c 00b78c63 beq              x15, x11, 24        x15:0000002d x11:00000064
39274471ns          673565 1c008c60 00078b63 beq              x15, x0, 22         x15:0000002d
39274491ns          673566 1c008c62 00150793 addi             x15, x10, 1         x15=1c0000a5 x10:1c0000a4
39274510ns          673567 1c008c66 0040006f jal              x0, 4              
39274550ns          673569 1c008c6a 00f00533 add              x10, x0, x15        x10=1c0000a5 x15:1c0000a5
39274570ns          673570 1c008c6c 0017c70b p.lbu            x14, 1(x15!)        x14=0000002b x15=1c0000a6 x15:1c0000a5  PA:1c0000a5
39274908ns          673587 1c008c70 feb71ce3 bne              x14, x11, -8        x14:0000002b x11:00000064
39274968ns          673590 1c008c68 00070763 beq              x14, x0, 14         x14:0000002b
39274988ns          673591 1c008c6a 00f00533 add              x10, x0, x15        x10=1c0000a6 x15:1c0000a6
39275008ns          673592 1c008c6c 0017c70b p.lbu            x14, 1(x15!)        x14=00000020 x15=1c0000a7 x15:1c0000a6  PA:1c0000a6
39275326ns          673608 1c008c70 feb71ce3 bne              x14, x11, -8        x14:00000020 x11:00000064
39275385ns          673611 1c008c68 00070763 beq              x14, x0, 14         x14:00000020
39275405ns          673612 1c008c6a 00f00533 add              x10, x0, x15        x10=1c0000a7 x15:1c0000a7
39275425ns          673613 1c008c6c 0017c70b p.lbu            x14, 1(x15!)        x14=00000023 x15=1c0000a8 x15:1c0000a7  PA:1c0000a7
39275763ns          673630 1c008c70 feb71ce3 bne              x14, x11, -8        x14:00000023 x11:00000064
39275823ns          673633 1c008c68 00070763 beq              x14, x0, 14         x14:00000023
39275843ns          673634 1c008c6a 00f00533 add              x10, x0, x15        x10=1c0000a8 x15:1c0000a8
39275863ns          673635 1c008c6c 0017c70b p.lbu            x14, 1(x15!)        x14=00000030 x15=1c0000a9 x15:1c0000a8  PA:1c0000a8
39276181ns          673651 1c008c70 feb71ce3 bne              x14, x11, -8        x14:00000030 x11:00000064
39276241ns          673654 1c008c68 00070763 beq              x14, x0, 14         x14:00000030
39276261ns          673655 1c008c6a 00f00533 add              x10, x0, x15        x10=1c0000a9 x15:1c0000a9
39276280ns          673656 1c008c6c 0017c70b p.lbu            x14, 1(x15!)        x14=00000000 x15=1c0000aa x15:1c0000a9  PA:1c0000a9
39276599ns          673672 1c008c70 feb71ce3 bne              x14, x11, -8        x14:00000000 x11:00000064
39276658ns          673675 1c008c68 00070763 beq              x14, x0, 14         x14:00000000
39276738ns          673679 1c008c76 0015b593 sltiu            x11, x11, 1         x11=00000000 x11:00000064
39276758ns          673680 1c008c7a 40b005b3 sub              x11, x0, x11        x11=00000000 x11:00000000
39276778ns          673681 1c008c7e 00b57533 and              x10, x10, x11       x10=00000000 x10:1c0000a9 x11:00000000
39276798ns          673682 1c008c80 00008067 jalr             x0, x1, 0            x1:1c008e12
39276837ns          673684 1c008e12 02050a63 beq              x10, x0, 52         x10:00000000
39276917ns          673688 1c008e46 02a00613 addi             x12, x0, 42         x12=0000002a
39276937ns          673689 1c008e4a 2ac48663 beq              x9, x12, 684         x9:00000064 x12:0000002a
39276957ns          673690 1c008e4e fd048613 addi             x12, x9, -48        x12=00000034  x9:00000064
39276977ns          673691 1c008e52 00900593 addi             x11, x0, 9          x11=00000009
39276996ns          673692 1c008e54 00000913 addi             x18, x0, 0          x18=00000000
39277016ns          673693 1c008e56 28c5f063 bgeu             x11, x12, 640       x11:00000009 x12:00000034
39277036ns          673694 1c008e5a 02e00693 addi             x13, x0, 46         x13=0000002e
39277056ns          673695 1c008e5e fff00a13 addi             x20, x0, -1         x20=ffffffff
39277076ns          673696 1c008e60 2ed48363 beq              x9, x13, 742         x9:00000064 x13:0000002e
39277096ns          673697 1c008e64 1c0007b7 lui              x15, 0x1c000000     x15=1c000000
39277116ns          673698 1c008e68 009005b3 add              x11, x0, x9         x11=00000064  x9:00000064
39277136ns          673699 1c008e6a 0ac78513 addi             x10, x15, 172       x10=1c0000ac x15:1c000000
39277156ns          673700 1c008e6e de7ff0ef jal              x1, -538             x1=1c008e70
39277195ns          673702 1c008c54 00054783 lbu              x15, 0(x10)         x15=00000068 x10:1c0000ac  PA:1c0000ac
39277494ns          673717 1c008c58 0ff5f593 andi             x11, x11, 255       x11=00000064 x11:00000064
39277513ns          673718 1c008c5c 00b78c63 beq              x15, x11, 24        x15:00000068 x11:00000064
39277533ns          673719 1c008c60 00078b63 beq              x15, x0, 22         x15:00000068
39277553ns          673720 1c008c62 00150793 addi             x15, x10, 1         x15=1c0000ad x10:1c0000ac
39277573ns          673721 1c008c66 0040006f jal              x0, 4              
39277613ns          673723 1c008c6a 00f00533 add              x10, x0, x15        x10=1c0000ad x15:1c0000ad
39277633ns          673724 1c008c6c 0017c70b p.lbu            x14, 1(x15!)        x14=0000006c x15=1c0000ae x15:1c0000ad  PA:1c0000ad
39278070ns          673746 1c008c70 feb71ce3 bne              x14, x11, -8        x14:0000006c x11:00000064
39278130ns          673749 1c008c68 00070763 beq              x14, x0, 14         x14:0000006c
39278150ns          673750 1c008c6a 00f00533 add              x10, x0, x15        x10=1c0000ae x15:1c0000ae
39278170ns          673751 1c008c6c 0017c70b p.lbu            x14, 1(x15!)        x14=0000004c x15=1c0000af x15:1c0000ae  PA:1c0000ae
39278488ns          673767 1c008c70 feb71ce3 bne              x14, x11, -8        x14:0000004c x11:00000064
39278548ns          673770 1c008c68 00070763 beq              x14, x0, 14         x14:0000004c
39278568ns          673771 1c008c6a 00f00533 add              x10, x0, x15        x10=1c0000af x15:1c0000af
39278587ns          673772 1c008c6c 0017c70b p.lbu            x14, 1(x15!)        x14=0000007a x15=1c0000b0 x15:1c0000af  PA:1c0000af
39278906ns          673788 1c008c70 feb71ce3 bne              x14, x11, -8        x14:0000007a x11:00000064
39278965ns          673791 1c008c68 00070763 beq              x14, x0, 14         x14:0000007a
39278985ns          673792 1c008c6a 00f00533 add              x10, x0, x15        x10=1c0000b0 x15:1c0000b0
39279005ns          673793 1c008c6c 0017c70b p.lbu            x14, 1(x15!)        x14=00000000 x15=1c0000b1 x15:1c0000b0  PA:1c0000b0
39279323ns          673809 1c008c70 feb71ce3 bne              x14, x11, -8        x14:00000000 x11:00000064
39279383ns          673812 1c008c68 00070763 beq              x14, x0, 14         x14:00000000
39279463ns          673816 1c008c76 0015b593 sltiu            x11, x11, 1         x11=00000000 x11:00000064
39279482ns          673817 1c008c7a 40b005b3 sub              x11, x0, x11        x11=00000000 x11:00000000
39279502ns          673818 1c008c7e 00b57533 and              x10, x10, x11       x10=00000000 x10:1c0000b0 x11:00000000
39279522ns          673819 1c008c80 00008067 jalr             x0, x1, 0            x1:1c008e70
39279602ns          673823 1c008e70 01300433 add              x8, x0, x19          x8=1c000041 x19:1c000041
39279622ns          673824 1c008e72 00050563 beq              x10, x0, 10         x10:00000000
39279681ns          673827 1c008e7c 06700693 addi             x13, x0, 103        x13=00000067
39279741ns          673830 1c008e80 2896d963 bge              x13, x9, 658        x13:00000067  x9:00000064
39279880ns          673837 1c009112 06500693 addi             x13, x0, 101        x13=00000065
39279900ns          673838 1c009116 12d4d563 bge              x9, x13, 298         x9:00000064 x13:00000065
39279920ns          673839 1c00911a 04700693 addi             x13, x0, 71         x13=00000047
39279980ns          673842 1c00911e dc96cbe3 blt              x13, x9, -554       x13:00000047  x9:00000064
39280079ns          673847 1c008ef4 06300693 addi             x13, x0, 99         x13=00000063
39280119ns          673849 1c008ef8 0ad488e3 beq              x9, x13, 2224        x9:00000064 x13:00000063
39280139ns          673850 1c008efc 0096c9e3 blt              x13, x9, 2066       x13:00000063  x9:00000064
39280278ns          673857 1c00970e 000c2583 lw               x11, 0(x24)         x11=00000007 x24:10003f70  PA:10003f70
39280298ns          673858 1c009712 004c0c13 addi             x24, x24, 4         x24=10003f74 x24:10003f70
39280318ns          673859 1c009714 3405cc63 blt              x11, x0, 856        x11:00000007
39280338ns          673860 1c009718 01412603 lw               x12, 20(x2)         x12=00000000  x2:10003e18  PA:10003e2c
39280357ns          673861 1c00971a 00b006b3 add              x13, x0, x11        x13=00000007 x11:00000007
39280377ns          673862 1c00971c 2e061863 bne              x12, x0, 752        x12:00000000
39280397ns          673863 1c009720 01812703 lw               x14, 24(x2)         x14=00000000  x2:10003e18  PA:10003e30
39280417ns          673864 1c009722 019007b3 add              x15, x0, x25        x15=10003e3c x25:10003e3c
39280437ns          673865 1c009724 00070763 beq              x14, x0, 14         x14:00000000
39280536ns          673870 1c009732 00f00733 add              x14, x0, x15        x14=10003e3c x15:10003e3c
39280576ns          673872 1c009734 00a00513 addi             x10, x0, 10         x10=0000000a
39280596ns          673873 1c009736 02a6f633 remu             x12, x13, x10       x12=00000007 x13:00000007 x10:0000000a
39281213ns          673904 1c00973a 02a6d6b3 divu             x13, x13, x10       x13=00000000 x13:00000007 x10:0000000a
39281829ns          673935 1c00973e 03060613 addi             x12, x12, 48        x12=00000037 x12:00000007
39281849ns          673936 1c009742 00c700ab p.sb             x12, 1(x14!)        x14=10003e3d x12:00000037 x14:10003e3c  PA:10003e3c
39281869ns          673937 1c009746 fe0698e3 bne              x13, x0, -16        x13:00000000
39281889ns          673938 1c009748 40f706b3 sub              x13, x14, x15       x13=00000001 x14:10003e3d x15:10003e3c
39281909ns          673939 1c00974c 0146dc63 bge              x13, x20, 24        x13:00000001 x20:ffffffff
39281988ns          673943 1c009764 00e006b3 add              x13, x0, x14        x13=10003e3d x14:10003e3d
39282008ns          673944 1c009766 fe068fab p.sb             x0, -1(x13!)        x13=10003e3c x13:10003e3d  PA:10003e3d
39282028ns          673945 1c00976a 00d7fc63 bgeu             x15, x13, 24        x15:10003e3c x13:10003e3c
39282167ns          673952 1c009782 01412783 lw               x15, 20(x2)         x15=00000000  x2:10003e18  PA:10003e2c
39282207ns          673954 1c009784 01812603 lw               x12, 24(x2)         x12=00000000  x2:10003e18  PA:10003e30
39282227ns          673955 1c009786 419704b3 sub              x9, x14, x25         x9=00000001 x14:10003e3d x25:10003e3c
39282247ns          673956 1c00978a 00c7e7b3 or               x15, x15, x12       x15=00000000 x15:00000000 x12:00000000
39282267ns          673957 1c00978c 00f12623 sw               x15, 12(x2)         x15:00000000  x2:10003e18  PA:10003e24
39282287ns          673958 1c00978e 00079363 bne              x15, x0, 6          x15:00000000
39282306ns          673959 1c009790 01f5d593 srli             x11, x11, 0x1f      x11=00000000 x11:00000007
39282326ns          673960 1c009792 00b12623 sw               x11, 12(x2)         x11:00000000  x2:10003e18  PA:10003e24
39282346ns          673961 1c009794 e3fa28e3 p.beqimm         x20, -464           x20:ffffffff
39282406ns          673964 1c0095c4 0c800793 addi             x15, x0, 200        x15=000000c8
39282426ns          673965 1c0095c8 9e97d0e3 bge              x15, x9, -1568      x15:000000c8  x9:00000001
39282545ns          673971 1c008fa8 0f24d163 bge              x9, x18, 226         x9:00000001 x18:00000000
39282744ns          673981 1c00908a d00482e3 beq              x9, x0, -764         x9:00000001
39282764ns          673982 1c00908e 01900933 add              x18, x0, x25        x18=10003e3c x25:10003e3c
39282804ns          673984 1c009090 419d8db3 sub              x27, x27, x25       x27=efffc1e6 x27:00000022 x25:10003e3c
39282843ns          673986 1c009094 00a0006f jal              x0, 10             
39282943ns          673991 1c00909e 0019450b p.lbu            x10, 1(x18!)        x10=00000037 x18=10003e3d x18:10003e3c  PA:10003e3c
39282963ns          673992 1c0090a2 01a005b3 add              x11, x0, x26        x11=00000002 x26:00000002
39282983ns          673993 1c0090a4 000b00e7 jalr             x1, x22, 0           x1=1c0090a6 x22:1c008cd4
39283022ns          673995 1c008cd4 000026b7 lui              x13, 0x2000         x13=00002000
39283042ns          673996 1c008cd6 f14027f3 csrrs            x15, x0, 0xf14      x15=00000007
39283062ns          673997 1c008cda f8068693 addi             x13, x13, -128      x13=00001f80 x13:00002000
39283122ns          674000 1c008cde 00379713 slli             x14, x15, 0x3       x14=00000038 x15:00000007
39283142ns          674001 1c008ce2 00279793 slli             x15, x15, 0x2       x15=0000001c x15:00000007
39283162ns          674002 1c008ce4 00d7f7b3 and              x15, x15, x13       x15=00000000 x15:0000001c x13:00001f80
39283182ns          674003 1c008ce6 ee873733 p.bclr           x14, x14, 23, 8     x14=00000038 x14:00000038
39283201ns          674004 1c008cea 1a10f6b7 lui              x13, 0x1a10f000     x13=1a10f000
39283261ns          674007 1c008cee 0ff57513 andi             x10, x10, 255       x10=00000037 x10:00000037
39283281ns          674008 1c008cf2 00d70733 add              x14, x14, x13       x14=1a10f038 x14:00000038 x13:1a10f000
39283301ns          674009 1c008cf4 00a7e723 p.sw             x10, x0(x15)        x10:00000037 x15:00000000  PA:1a10f038
39283898ns          674039 1c008cf8 00000513 addi             x10, x0, 0          x10=00000000
39283917ns          674040 1c008cfa 00008067 jalr             x0, x1, 0            x1:1c0090a6
39283957ns          674042 1c0090a6 fff48493 addi             x9, x9, -1           x9=00000000  x9:00000001
39283977ns          674043 1c0090a8 fff537e3 p.bneimm         x10, -18            x10:00000000
39284116ns          674050 1c009096 012d8733 add              x14, x27, x18       x14=00000023 x27:efffc1e6 x18:10003e3d
39284136ns          674051 1c00909a 5a048b63 beq              x9, x0, 1462         x9:00000000
39284236ns          674056 1c009650 00e00db3 add              x27, x0, x14        x27=00000023 x14:00000023
39284275ns          674058 1c009652 f3cff06f jal              x0, -2244          
39284395ns          674064 1c008d8e 00044503 lbu              x10, 0(x8)          x10=0000000a  x8:1c000041  PA:1c000041
39284693ns          674079 1c008d92 00140413 addi             x8, x8, 1            x8=1c000042  x8:1c000041
39284713ns          674080 1c008d94 00050e63 beq              x10, x0, 28         x10:0000000a
39284733ns          674081 1c008d96 02500793 addi             x15, x0, 37         x15=00000025
39284753ns          674082 1c008d9a 04f50863 beq              x10, x15, 80        x10:0000000a x15:00000025
39284773ns          674083 1c008d9e 01a005b3 add              x11, x0, x26        x11=00000002 x26:00000002
39284792ns          674084 1c008da0 000b00e7 jalr             x1, x22, 0           x1=1c008da2 x22:1c008cd4
39284832ns          674086 1c008cd4 000026b7 lui              x13, 0x2000         x13=00002000
39284852ns          674087 1c008cd6 f14027f3 csrrs            x15, x0, 0xf14      x15=00000007
39284872ns          674088 1c008cda f8068693 addi             x13, x13, -128      x13=00001f80 x13:00002000
39284892ns          674089 1c008cde 00379713 slli             x14, x15, 0x3       x14=00000038 x15:00000007
39284912ns          674090 1c008ce2 00279793 slli             x15, x15, 0x2       x15=0000001c x15:00000007
39284932ns          674091 1c008ce4 00d7f7b3 and              x15, x15, x13       x15=00000000 x15:0000001c x13:00001f80
39284952ns          674092 1c008ce6 ee873733 p.bclr           x14, x14, 23, 8     x14=00000038 x14:00000038
39284971ns          674093 1c008cea 1a10f6b7 lui              x13, 0x1a10f000     x13=1a10f000
39284991ns          674094 1c008cee 0ff57513 andi             x10, x10, 255       x10=0000000a x10:0000000a
39285011ns          674095 1c008cf2 00d70733 add              x14, x14, x13       x14=1a10f038 x14:00000038 x13:1a10f000
39285031ns          674096 1c008cf4 00a7e723 p.sw             x10, x0(x15)        x10:0000000a x15:00000000  PA:1a10f038
39285369ns          674113 1c008cf8 00000513 addi             x10, x0, 0          x10=00000000
39285389ns          674114 1c008cfa 00008067 jalr             x0, x1, 0            x1:1c008da2
39285449ns          674117 1c008da2 31f52563 p.beqimm         x10, 778            x10:00000000
39285469ns          674118 1c008da6 001d8d93 addi             x27, x27, 1         x27=00000024 x27:00000023
39285489ns          674119 1c008da8 00044503 lbu              x10, 0(x8)          x10=00000000  x8:1c000042  PA:1c000042
39285866ns          674138 1c008dac 00140413 addi             x8, x8, 1            x8=1c000043  x8:1c000042
39285886ns          674139 1c008dae fe0514e3 bne              x10, x0, -24        x10:00000000
39285906ns          674140 1c008db0 01b00433 add              x8, x0, x27          x8=00000024 x27:00000024
39285926ns          674141 1c008db2 00800533 add              x10, x0, x8         x10=00000024  x8:00000024
39285946ns          674142 1c008db4 12c12083 lw               x1, 300(x2)          x1=1c008d40  x2:10003e18  PA:10003f44
39285966ns          674143 1c008db8 12812403 lw               x8, 296(x2)          x8=00000007  x2:10003e18  PA:10003f40
39285986ns          674144 1c008dbc 12412483 lw               x9, 292(x2)          x9=00000000  x2:10003e18  PA:10003f3c
39286026ns          674146 1c008dc0 12012903 lw               x18, 288(x2)        x18=00000000  x2:10003e18  PA:10003f38
39286065ns          674148 1c008dc4 11c12983 lw               x19, 284(x2)        x19=00000000  x2:10003e18  PA:10003f34
39286085ns          674149 1c008dc8 11812a03 lw               x20, 280(x2)        x20=00000000  x2:10003e18  PA:10003f30
39286105ns          674150 1c008dcc 11412a83 lw               x21, 276(x2)        x21=00000000  x2:10003e18  PA:10003f2c
39286463ns          674168 1c008dd0 11012b03 lw               x22, 272(x2)        x22=00000000  x2:10003e18  PA:10003f28
39286503ns          674170 1c008dd4 10c12b83 lw               x23, 268(x2)        x23=00000000  x2:10003e18  PA:10003f24
39286523ns          674171 1c008dd8 10812c03 lw               x24, 264(x2)        x24=00000000  x2:10003e18  PA:10003f20
39286543ns          674172 1c008ddc 10412c83 lw               x25, 260(x2)        x25=00000000  x2:10003e18  PA:10003f1c
39286602ns          674175 1c008de0 10012d03 lw               x26, 256(x2)        x26=00000000  x2:10003e18  PA:10003f18
39286642ns          674177 1c008de4 0fc12d83 lw               x27, 252(x2)        x27=00000000  x2:10003e18  PA:10003f14
39286662ns          674178 1c008de6 13010113 addi             x2, x2, 304          x2=10003f48  x2:10003e18
39286682ns          674179 1c008de8 00008067 jalr             x0, x1, 0            x1:1c008d40
39286761ns          674183 1c008d40 01c12083 lw               x1, 28(x2)           x1=1c0081fe  x2:10003f48  PA:10003f64
39286781ns          674184 1c008d42 04010113 addi             x2, x2, 64           x2=10003f88  x2:10003f48
39286821ns          674186 1c008d44 00008067 jalr             x0, x1, 0            x1:1c0081fe
39286901ns          674190 1c0081fe 00000513 addi             x10, x0, 0          x10=00000000
39286980ns          674194 1c008200 55e000ef jal              x1, 1374             x1=1c008202
39287855ns          674238 1c00875e 002047b7 lui              x15, 0x204000       x15=00204000
39287895ns          674240 1c008762 02078793 addi             x15, x15, 32        x15=00204020 x15:00204000
39287915ns          674241 1c008766 00f50533 add              x10, x10, x15       x10=00204020 x10:00000000 x15:00204020
39287935ns          674242 1c008768 00751513 slli             x10, x10, 0x7       x10=10201000 x10:00204020
39287955ns          674243 1c00876a 00008067 jalr             x0, x1, 0            x1:1c008202
39288452ns          674268 1c008202 32041763 bne              x8, x0, 814          x8:00000007
39289049ns          674298 1c008530 fc143ee3 p.bneimm         x8, -36              x8:00000007
39289486ns          674320 1c00850c 299010ef jal              x1, 6808             x1=1c008510
39289963ns          674344 1c009fa4 f14027f3 csrrs            x15, x0, 0xf14      x15=00000007
39290003ns          674346 1c009fa8 01f00713 addi             x14, x0, 31         x14=0000001f
39290023ns          674347 1c009faa ca5797b3 p.extractu       x15, x15, 5, 5      x15=00000000 x15:00000007
39290480ns          674370 1c009fae 00e78863 beq              x15, x14, 16        x15:00000000 x14:0000001f
39290520ns          674372 1c009fb2 002047b7 lui              x15, 0x204000       x15=00204000
39290540ns          674373 1c009fb6 20078793 addi             x15, x15, 512       x15=00204200 x15:00204000
39290560ns          674374 1c009fba 01c7e703 p.elw            x14, 28(x15)        x14=00010000 x15:00204200  PA:0020421c
40256476ns          722859 1c009fbe 00008067 jalr             x0, x1, 0            x1:1c008510
40256676ns          722869 1c008510 06c12083 lw               x1, 108(x2)          x1=1c009e76  x2:10003f88  PA:10003ff4
40256696ns          722870 1c008512 06812403 lw               x8, 104(x2)          x8=00000000  x2:10003f88  PA:10003ff0
40256717ns          722871 1c008514 06412483 lw               x9, 100(x2)          x9=00000000  x2:10003f88  PA:10003fec
40256737ns          722872 1c008516 06012903 lw               x18, 96(x2)         x18=00000000  x2:10003f88  PA:10003fe8
40256757ns          722873 1c008518 05c12983 lw               x19, 92(x2)         x19=00000000  x2:10003f88  PA:10003fe4
40256777ns          722874 1c00851a 05812a03 lw               x20, 88(x2)         x20=00000000  x2:10003f88  PA:10003fe0
40256797ns          722875 1c00851c 05412a83 lw               x21, 84(x2)         x21=00000000  x2:10003f88  PA:10003fdc
40256817ns          722876 1c00851e 05012b03 lw               x22, 80(x2)         x22=00000000  x2:10003f88  PA:10003fd8
40257158ns          722893 1c008520 04c12b83 lw               x23, 76(x2)         x23=00000000  x2:10003f88  PA:10003fd4
40257178ns          722894 1c008522 04812c03 lw               x24, 72(x2)         x24=00000000  x2:10003f88  PA:10003fd0
40257198ns          722895 1c008524 04412c83 lw               x25, 68(x2)         x25=00000000  x2:10003f88  PA:10003fcc
40257218ns          722896 1c008526 04012d03 lw               x26, 64(x2)         x26=00000000  x2:10003f88  PA:10003fc8
40257238ns          722897 1c008528 03c12d83 lw               x27, 60(x2)         x27=00000000  x2:10003f88  PA:10003fc4
40257258ns          722898 1c00852a 00100513 addi             x10, x0, 1          x10=00000001
40257278ns          722899 1c00852c 07010113 addi             x2, x2, 112          x2=10003ff8  x2:10003f88
40257298ns          722900 1c00852e 00008067 jalr             x0, x1, 0            x1:1c009e76
40257760ns          722923 1c009e76 01f00713 addi             x14, x0, 31         x14=0000001f
40257800ns          722925 1c009e78 f14027f3 csrrs            x15, x0, 0xf14      x15=00000007
40257820ns          722926 1c009e7c ca5797b3 p.extractu       x15, x15, 5, 5      x15=00000000 x15:00000007
40257880ns          722929 1c009e80 00e78863 beq              x15, x14, 16        x15:00000000 x14:0000001f
40257920ns          722931 1c009e84 002047b7 lui              x15, 0x204000       x15=00204000
40257940ns          722932 1c009e88 20078793 addi             x15, x15, 512       x15=00204200 x15:00204000
40257961ns          722933 1c009e8c 01c7e703 p.elw            x14, 28(x15)        x14=00010000 x15:00204200  PA:0020421c
40258221ns          722946 1c009e90 f14027f3 csrrs            x15, x0, 0xf14      x15=00000007
40258261ns          722948 1c009e94 f457b7b3 p.bclr           x15, x15, 26, 5     x15=00000007 x15:00000007
40258282ns          722949 1c009e98 00079963 bne              x15, x0, 18         x15:00000007
40258763ns          722973 1c009eaa 002047b7 lui              x15, 0x204000       x15=00204000
40258783ns          722974 1c009eae fff00713 addi             x14, x0, -1         x14=ffffffff
40259144ns          722992 1c009eb0 00e7a223 sw               x14, 4(x15)         x14:ffffffff x15:00204000  PA:00204004
