                Time          Cycles PC       Instr    Mnemonic
39191677ns          669402 1c008080 000000b7 lui              x1, 0x0              x1=00000000
39191717ns          669404 1c008084 00000137 lui              x2, 0x0              x2=00000000
39191737ns          669405 1c008088 000001b7 lui              x3, 0x0              x3=00000000
39191756ns          669406 1c00808c 00000237 lui              x4, 0x0              x4=00000000
39192194ns          669428 1c008090 000002b7 lui              x5, 0x0              x5=00000000
39192234ns          669430 1c008094 00000337 lui              x6, 0x0              x6=00000000
39192254ns          669431 1c008098 000003b7 lui              x7, 0x0              x7=00000000
39192274ns          669432 1c00809c 00000437 lui              x8, 0x0              x8=00000000
39192711ns          669454 1c0080a0 000004b7 lui              x9, 0x0              x9=00000000
39192751ns          669456 1c0080a4 00000537 lui              x10, 0x0            x10=00000000
39192771ns          669457 1c0080a8 000005b7 lui              x11, 0x0            x11=00000000
39192791ns          669458 1c0080ac 00000637 lui              x12, 0x0            x12=00000000
39193248ns          669481 1c0080b0 000006b7 lui              x13, 0x0            x13=00000000
39193288ns          669483 1c0080b4 00000737 lui              x14, 0x0            x14=00000000
39193308ns          669484 1c0080b8 000007b7 lui              x15, 0x0            x15=00000000
39193328ns          669485 1c0080bc 00000837 lui              x16, 0x0            x16=00000000
39193765ns          669507 1c0080c0 000008b7 lui              x17, 0x0            x17=00000000
39193805ns          669509 1c0080c4 00000937 lui              x18, 0x0            x18=00000000
39193825ns          669510 1c0080c8 000009b7 lui              x19, 0x0            x19=00000000
39193845ns          669511 1c0080cc 00000a37 lui              x20, 0x0            x20=00000000
39194282ns          669533 1c0080d0 00000ab7 lui              x21, 0x0            x21=00000000
39194322ns          669535 1c0080d4 00000b37 lui              x22, 0x0            x22=00000000
39194342ns          669536 1c0080d8 00000bb7 lui              x23, 0x0            x23=00000000
39194362ns          669537 1c0080dc 00000c37 lui              x24, 0x0            x24=00000000
39194799ns          669559 1c0080e0 00000cb7 lui              x25, 0x0            x25=00000000
39194839ns          669561 1c0080e4 00000d37 lui              x26, 0x0            x26=00000000
39194859ns          669562 1c0080e8 00000db7 lui              x27, 0x0            x27=00000000
39194879ns          669563 1c0080ec 00000e37 lui              x28, 0x0            x28=00000000
39195316ns          669585 1c0080f0 00000eb7 lui              x29, 0x0            x29=00000000
39195356ns          669587 1c0080f4 00000f37 lui              x30, 0x0            x30=00000000
39195376ns          669588 1c0080f8 00000fb7 lui              x31, 0x0            x31=00000000
39195396ns          669589 1c0080fc 0700006f jal              x0, 112            
39196291ns          669634 1c00816c f1402573 csrrs            x10, x0, 0xf14      x10=00000005
39196748ns          669657 1c008170 01f57593 andi             x11, x10, 31        x11=00000005 x10:00000005
39196788ns          669659 1c008174 00555513 srli             x10, x10, 0x5       x10=00000000 x10:00000005
39196808ns          669660 1c008176 01f00613 addi             x12, x0, 31         x12=0000001f
39196828ns          669661 1c008178 00c50463 beq              x10, x12, 8         x10:00000000 x12:0000001f
39196848ns          669662 1c00817c f95ff06f jal              x0, -108           
39197743ns          669707 1c008110 f3ff8117 auipc            x2, 0xf3ff8000       x2=10000110
39197782ns          669709 1c008114 ef410113 addi             x2, x2, -268         x2=10000004  x2:10000110
39197802ns          669710 1c008118 00012103 lw               x2, 0(x2)            x2=10000008  x2:10000004  PA:10000004
39197822ns          669711 1c00811c 000011b7 lui              x3, 0x1000           x3=00001000
39198260ns          669733 1c008120 80018193 addi             x3, x3, -2048        x3=00000800  x3:00001000
39198300ns          669735 1c008124 00158593 addi             x11, x11, 1         x11=00000006 x11:00000005
39198319ns          669736 1c008128 02b180b3 mul              x1, x3, x11          x1=00003000  x3:00000800 x11:00000006
39198339ns          669737 1c00812c 00110133 add              x2, x2, x1           x2=10003008  x2:10000008  x1:00003000
39198777ns          669759 1c008130 50d0106f jal              x0, 7436           
39199354ns          669788 1c009e3c ff010113 addi             x2, x2, -16          x2=10002ff8  x2:10003008
39199374ns          669789 1c009e3e 00112623 sw               x1, 12(x2)           x1:00003000  x2:10002ff8  PA:10003004
39199811ns          669811 1c009e40 002047b7 lui              x15, 0x204000       x15=00204000
39199851ns          669813 1c009e44 00070737 lui              x14, 0x70000        x14=00070000
39199871ns          669814 1c009e48 00e7a423 sw               x14, 8(x15)         x14:00070000 x15:00204000  PA:00204008
39199891ns          669815 1c009e4a 0ff00713 addi             x14, x0, 255        x14=000000ff
39200328ns          669837 1c009e4e 20078793 addi             x15, x15, 512       x15=00204200 x15:00204000
39200368ns          669839 1c009e52 00e7a023 sw               x14, 0(x15)         x14:000000ff x15:00204200  PA:00204200
39200447ns          669843 1c009e56 00e7a623 sw               x14, 12(x15)        x14:000000ff x15:00204200  PA:0020420c
39200467ns          669844 1c009e5a 01f00693 addi             x13, x0, 31         x13=0000001f
39200487ns          669845 1c009e5c f1402773 csrrs            x14, x0, 0xf14      x14=00000005
39200845ns          669863 1c009e60 ca571733 p.extractu       x14, x14, 5, 5      x14=00000000 x14:00000005
39200885ns          669865 1c009e64 00d70463 beq              x14, x13, 8         x14:00000000 x13:0000001f
39200905ns          669866 1c009e68 01c7e703 p.elw            x14, 28(x15)        x14=00010000 x15:00204200  PA:0020421c
39201064ns          669874 1c009e6c 1c0017b7 lui              x15, 0x1c001000     x15=1c001000
39201382ns          669890 1c009e70 93c7a783 lw               x15, -1732(x15)     x15=1c0081c6 x15:1c001000  PA:1c00093c
39201919ns          669917 1c009e74 000780e7 jalr             x1, x15, 0           x1=1c009e76 x15:1c0081c6
39202377ns          669940 1c0081c6 f9010113 addi             x2, x2, -112         x2=10002f88  x2:10002ff8
39202416ns          669942 1c0081c8 06812423 sw               x8, 104(x2)          x8:00000000  x2:10002f88  PA:10002ff0
39202436ns          669943 1c0081ca f14027f3 csrrs            x15, x0, 0xf14      x15=00000005
39202874ns          669965 1c0081ce 1c000537 lui              x10, 0x1c000000     x10=1c000000
39202914ns          669967 1c0081d2 f457b433 p.bclr           x8, x15, 26, 5       x8=00000005 x15:00000005
39202933ns          669968 1c0081d6 4057d793 srai             x15, x15, 0x405     x15=00000000 x15:00000005
39202953ns          669969 1c0081d8 00800633 add              x12, x0, x8         x12=00000005  x8:00000005
39202973ns          669970 1c0081da f267b5b3 p.bclr           x11, x15, 25, 6     x11=00000000 x15:00000000
39203391ns          669991 1c0081de 01c50513 addi             x10, x10, 28        x10=1c00001c x10:1c000000
39203411ns          669992 1c0081e2 06112623 sw               x1, 108(x2)          x1:1c009e76  x2:10002f88  PA:10002ff4
39203431ns          669993 1c0081e4 06912223 sw               x9, 100(x2)          x9:00000000  x2:10002f88  PA:10002fec
39203451ns          669994 1c0081e6 07212023 sw               x18, 96(x2)         x18:00000000  x2:10002f88  PA:10002fe8
39203470ns          669995 1c0081e8 05312e23 sw               x19, 92(x2)         x19:00000000  x2:10002f88  PA:10002fe4
39203490ns          669996 1c0081ea 05412c23 sw               x20, 88(x2)         x20:00000000  x2:10002f88  PA:10002fe0
39203510ns          669997 1c0081ec 05512a23 sw               x21, 84(x2)         x21:00000000  x2:10002f88  PA:10002fdc
39203530ns          669998 1c0081ee 05612823 sw               x22, 80(x2)         x22:00000000  x2:10002f88  PA:10002fd8
39203928ns          670018 1c0081f0 05712623 sw               x23, 76(x2)         x23:00000000  x2:10002f88  PA:10002fd4
39203948ns          670019 1c0081f2 05812423 sw               x24, 72(x2)         x24:00000000  x2:10002f88  PA:10002fd0
39203968ns          670020 1c0081f4 05912223 sw               x25, 68(x2)         x25:00000000  x2:10002f88  PA:10002fcc
39203988ns          670021 1c0081f6 05a12023 sw               x26, 64(x2)         x26:00000000  x2:10002f88  PA:10002fc8
39204007ns          670022 1c0081f8 03b12e23 sw               x27, 60(x2)         x27:00000000  x2:10002f88  PA:10002fc4
39204027ns          670023 1c0081fa 31f000ef jal              x1, 2846             x1=1c0081fe
39204902ns          670067 1c008d18 fc010113 addi             x2, x2, -64          x2=10002f48  x2:10002f88
39204942ns          670069 1c008d1a 02410313 addi             x6, x2, 36           x6=10002f6c  x2:10002f48
39204962ns          670070 1c008d1e 02c12423 sw               x12, 40(x2)         x12:00000005  x2:10002f48  PA:10002f70
39205380ns          670091 1c008d20 00a00633 add              x12, x0, x10        x12=1c00001c x10:1c00001c
39205419ns          670093 1c008d22 1c009537 lui              x10, 0x1c009000     x10=1c009000
39205439ns          670094 1c008d26 02b12223 sw               x11, 36(x2)         x11:00000000  x2:10002f48  PA:10002f6c
39205459ns          670095 1c008d28 02d12623 sw               x13, 44(x2)         x13:0000001f  x2:10002f48  PA:10002f74
39205479ns          670096 1c008d2a 00200593 addi             x11, x0, 2          x11=00000002
39205499ns          670097 1c008d2c 006006b3 add              x13, x0, x6         x13=10002f6c  x6:10002f6c
39205897ns          670117 1c008d2e cd450513 addi             x10, x10, -812      x10=1c008cd4 x10:1c009000
39205917ns          670118 1c008d32 00112e23 sw               x1, 28(x2)           x1:1c0081fe  x2:10002f48  PA:10002f64
39205937ns          670119 1c008d34 02e12823 sw               x14, 48(x2)         x14:00010000  x2:10002f48  PA:10002f78
39205956ns          670120 1c008d36 02f12a23 sw               x15, 52(x2)         x15:00000000  x2:10002f48  PA:10002f7c
39205976ns          670121 1c008d38 03012c23 sw               x16, 56(x2)         x16:00000000  x2:10002f48  PA:10002f80
39205996ns          670122 1c008d3a 03112e23 sw               x17, 60(x2)         x17:00000000  x2:10002f48  PA:10002f84
39206016ns          670123 1c008d3c 00612623 sw               x6, 12(x2)           x6:10002f6c  x2:10002f48  PA:10002f54
39206036ns          670124 1c008d3e fbfff0ef jal              x1, -66              x1=1c008d40
39206871ns          670166 1c008cfc 04a0006f jal              x0, 74             
39206911ns          670168 1c008d46 ed010113 addi             x2, x2, -304         x2=10002e18  x2:10002f48
39206931ns          670169 1c008d48 12812423 sw               x8, 296(x2)          x8:00000005  x2:10002e18  PA:10002f40
39206951ns          670170 1c008d4c 00000413 addi             x8, x0, 0            x8=00000000
39207388ns          670192 1c008d4e 11612823 sw               x22, 272(x2)        x22:00000000  x2:10002e18  PA:10002f28
39207428ns          670194 1c008d52 11712623 sw               x23, 268(x2)        x23:00000000  x2:10002e18  PA:10002f24
39207448ns          670195 1c008d56 11812423 sw               x24, 264(x2)        x24:00000000  x2:10002e18  PA:10002f20
39207468ns          670196 1c008d5a 11912223 sw               x25, 260(x2)        x25:00000000  x2:10002e18  PA:10002f1c
39207925ns          670219 1c008d5e 11a12023 sw               x26, 256(x2)        x26:00000000  x2:10002e18  PA:10002f18
39207945ns          670220 1c008d62 0fb12e23 sw               x27, 252(x2)        x27:00000000  x2:10002e18  PA:10002f14
39207965ns          670221 1c008d64 12112623 sw               x1, 300(x2)          x1:1c008d40  x2:10002e18  PA:10002f44
39207985ns          670222 1c008d68 00800db3 add              x27, x0, x8         x27=00000000  x8:00000000
39208005ns          670223 1c008d6a 12912223 sw               x9, 292(x2)          x9:00000000  x2:10002e18  PA:10002f3c
39208442ns          670245 1c008d6e 13212023 sw               x18, 288(x2)        x18:00000000  x2:10002e18  PA:10002f38
39208482ns          670247 1c008d72 11312e23 sw               x19, 284(x2)        x19:00000000  x2:10002e18  PA:10002f34
39208502ns          670248 1c008d76 11412c23 sw               x20, 280(x2)        x20:00000000  x2:10002e18  PA:10002f30
39208522ns          670249 1c008d7a 11512a23 sw               x21, 276(x2)        x21:00000000  x2:10002e18  PA:10002f2c
39208542ns          670250 1c008d7e 00a00b33 add              x22, x0, x10        x22=1c008cd4 x10:1c008cd4
39208960ns          670271 1c008d80 00b00d33 add              x26, x0, x11        x26=00000002 x11:00000002
39208979ns          670272 1c008d82 00d00c33 add              x24, x0, x13        x24=10002f6c x13:10002f6c
39208999ns          670273 1c008d84 1c000bb7 lui              x23, 0x1c000000     x23=1c000000
39209019ns          670274 1c008d88 02410c93 addi             x25, x2, 36         x25=10002e3c  x2:10002e18
39209039ns          670275 1c008d8c 00c00433 add              x8, x0, x12          x8=1c00001c x12:1c00001c
39209477ns          670297 1c008d8e 00044503 lbu              x10, 0(x8)          x10=00000045  x8:1c00001c  PA:1c00001c
39209974ns          670322 1c008d92 00140413 addi             x8, x8, 1            x8=1c00001d  x8:1c00001c
39209994ns          670323 1c008d94 00050e63 beq              x10, x0, 28         x10:00000045
39210014ns          670324 1c008d96 02500793 addi             x15, x0, 37         x15=00000025
39210034ns          670325 1c008d9a 04f50863 beq              x10, x15, 80        x10:00000045 x15:00000025
39210053ns          670326 1c008d9e 01a005b3 add              x11, x0, x26        x11=00000002 x26:00000002
39210073ns          670327 1c008da0 000b00e7 jalr             x1, x22, 0           x1=1c008da2 x22:1c008cd4
39210491ns          670348 1c008cd4 000026b7 lui              x13, 0x2000         x13=00002000
39210531ns          670350 1c008cd6 f14027f3 csrrs            x15, x0, 0xf14      x15=00000005
39210551ns          670351 1c008cda f8068693 addi             x13, x13, -128      x13=00001f80 x13:00002000
39210988ns          670373 1c008cde 00379713 slli             x14, x15, 0x3       x14=00000028 x15:00000005
39211008ns          670374 1c008ce2 00279793 slli             x15, x15, 0x2       x15=00000014 x15:00000005
39211028ns          670375 1c008ce4 00d7f7b3 and              x15, x15, x13       x15=00000000 x15:00000014 x13:00001f80
39211048ns          670376 1c008ce6 ee873733 p.bclr           x14, x14, 23, 8     x14=00000028 x14:00000028
39211068ns          670377 1c008cea 1a10f6b7 lui              x13, 0x1a10f000     x13=1a10f000
39211088ns          670378 1c008cee 0ff57513 andi             x10, x10, 255       x10=00000045 x10:00000045
39211107ns          670379 1c008cf2 00d70733 add              x14, x14, x13       x14=1a10f028 x14:00000028 x13:1a10f000
39211127ns          670380 1c008cf4 00a7e723 p.sw             x10, x0(x15)        x10:00000045 x15:00000000  PA:1a10f028
39211724ns          670410 1c008cf8 00000513 addi             x10, x0, 0          x10=00000000
39211744ns          670411 1c008cfa 00008067 jalr             x0, x1, 0            x1:1c008da2
39211804ns          670414 1c008da2 31f52563 p.beqimm         x10, 778            x10:00000000
39211823ns          670415 1c008da6 001d8d93 addi             x27, x27, 1         x27=00000001 x27:00000000
39211843ns          670416 1c008da8 00044503 lbu              x10, 0(x8)          x10=0000006e  x8:1c00001d  PA:1c00001d
39212142ns          670431 1c008dac 00140413 addi             x8, x8, 1            x8=1c00001e  x8:1c00001d
39212162ns          670432 1c008dae fe0514e3 bne              x10, x0, -24        x10:0000006e
39212241ns          670436 1c008d96 02500793 addi             x15, x0, 37         x15=00000025
39212261ns          670437 1c008d9a 04f50863 beq              x10, x15, 80        x10:0000006e x15:00000025
39212281ns          670438 1c008d9e 01a005b3 add              x11, x0, x26        x11=00000002 x26:00000002
39212301ns          670439 1c008da0 000b00e7 jalr             x1, x22, 0           x1=1c008da2 x22:1c008cd4
39212341ns          670441 1c008cd4 000026b7 lui              x13, 0x2000         x13=00002000
39212360ns          670442 1c008cd6 f14027f3 csrrs            x15, x0, 0xf14      x15=00000005
39212380ns          670443 1c008cda f8068693 addi             x13, x13, -128      x13=00001f80 x13:00002000
39212400ns          670444 1c008cde 00379713 slli             x14, x15, 0x3       x14=00000028 x15:00000005
39212420ns          670445 1c008ce2 00279793 slli             x15, x15, 0x2       x15=00000014 x15:00000005
39212440ns          670446 1c008ce4 00d7f7b3 and              x15, x15, x13       x15=00000000 x15:00000014 x13:00001f80
39212460ns          670447 1c008ce6 ee873733 p.bclr           x14, x14, 23, 8     x14=00000028 x14:00000028
39212480ns          670448 1c008cea 1a10f6b7 lui              x13, 0x1a10f000     x13=1a10f000
39212500ns          670449 1c008cee 0ff57513 andi             x10, x10, 255       x10=0000006e x10:0000006e
39212520ns          670450 1c008cf2 00d70733 add              x14, x14, x13       x14=1a10f028 x14:00000028 x13:1a10f000
39212539ns          670451 1c008cf4 00a7e723 p.sw             x10, x0(x15)        x10:0000006e x15:00000000  PA:1a10f028
39213136ns          670481 1c008cf8 00000513 addi             x10, x0, 0          x10=00000000
39213156ns          670482 1c008cfa 00008067 jalr             x0, x1, 0            x1:1c008da2
39213216ns          670485 1c008da2 31f52563 p.beqimm         x10, 778            x10:00000000
39213235ns          670486 1c008da6 001d8d93 addi             x27, x27, 1         x27=00000002 x27:00000001
39213255ns          670487 1c008da8 00044503 lbu              x10, 0(x8)          x10=00000074  x8:1c00001e  PA:1c00001e
39213554ns          670502 1c008dac 00140413 addi             x8, x8, 1            x8=1c00001f  x8:1c00001e
39213574ns          670503 1c008dae fe0514e3 bne              x10, x0, -24        x10:00000074
39213653ns          670507 1c008d96 02500793 addi             x15, x0, 37         x15=00000025
39213673ns          670508 1c008d9a 04f50863 beq              x10, x15, 80        x10:00000074 x15:00000025
39213693ns          670509 1c008d9e 01a005b3 add              x11, x0, x26        x11=00000002 x26:00000002
39213713ns          670510 1c008da0 000b00e7 jalr             x1, x22, 0           x1=1c008da2 x22:1c008cd4
39213753ns          670512 1c008cd4 000026b7 lui              x13, 0x2000         x13=00002000
39213772ns          670513 1c008cd6 f14027f3 csrrs            x15, x0, 0xf14      x15=00000005
39213792ns          670514 1c008cda f8068693 addi             x13, x13, -128      x13=00001f80 x13:00002000
39213812ns          670515 1c008cde 00379713 slli             x14, x15, 0x3       x14=00000028 x15:00000005
39213832ns          670516 1c008ce2 00279793 slli             x15, x15, 0x2       x15=00000014 x15:00000005
39213852ns          670517 1c008ce4 00d7f7b3 and              x15, x15, x13       x15=00000000 x15:00000014 x13:00001f80
39213872ns          670518 1c008ce6 ee873733 p.bclr           x14, x14, 23, 8     x14=00000028 x14:00000028
39213892ns          670519 1c008cea 1a10f6b7 lui              x13, 0x1a10f000     x13=1a10f000
39213912ns          670520 1c008cee 0ff57513 andi             x10, x10, 255       x10=00000074 x10:00000074
39213932ns          670521 1c008cf2 00d70733 add              x14, x14, x13       x14=1a10f028 x14:00000028 x13:1a10f000
39213951ns          670522 1c008cf4 00a7e723 p.sw             x10, x0(x15)        x10:00000074 x15:00000000  PA:1a10f028
39214309ns          670540 1c008cf8 00000513 addi             x10, x0, 0          x10=00000000
39214329ns          670541 1c008cfa 00008067 jalr             x0, x1, 0            x1:1c008da2
39214389ns          670544 1c008da2 31f52563 p.beqimm         x10, 778            x10:00000000
39214409ns          670545 1c008da6 001d8d93 addi             x27, x27, 1         x27=00000003 x27:00000002
39214429ns          670546 1c008da8 00044503 lbu              x10, 0(x8)          x10=00000065  x8:1c00001f  PA:1c00001f
39214727ns          670561 1c008dac 00140413 addi             x8, x8, 1            x8=1c000020  x8:1c00001f
39214747ns          670562 1c008dae fe0514e3 bne              x10, x0, -24        x10:00000065
39214827ns          670566 1c008d96 02500793 addi             x15, x0, 37         x15=00000025
39214846ns          670567 1c008d9a 04f50863 beq              x10, x15, 80        x10:00000065 x15:00000025
39214866ns          670568 1c008d9e 01a005b3 add              x11, x0, x26        x11=00000002 x26:00000002
39214886ns          670569 1c008da0 000b00e7 jalr             x1, x22, 0           x1=1c008da2 x22:1c008cd4
39214926ns          670571 1c008cd4 000026b7 lui              x13, 0x2000         x13=00002000
39214946ns          670572 1c008cd6 f14027f3 csrrs            x15, x0, 0xf14      x15=00000005
39214966ns          670573 1c008cda f8068693 addi             x13, x13, -128      x13=00001f80 x13:00002000
39214986ns          670574 1c008cde 00379713 slli             x14, x15, 0x3       x14=00000028 x15:00000005
39215006ns          670575 1c008ce2 00279793 slli             x15, x15, 0x2       x15=00000014 x15:00000005
39215025ns          670576 1c008ce4 00d7f7b3 and              x15, x15, x13       x15=00000000 x15:00000014 x13:00001f80
39215045ns          670577 1c008ce6 ee873733 p.bclr           x14, x14, 23, 8     x14=00000028 x14:00000028
39215065ns          670578 1c008cea 1a10f6b7 lui              x13, 0x1a10f000     x13=1a10f000
39215085ns          670579 1c008cee 0ff57513 andi             x10, x10, 255       x10=00000065 x10:00000065
39215105ns          670580 1c008cf2 00d70733 add              x14, x14, x13       x14=1a10f028 x14:00000028 x13:1a10f000
39215125ns          670581 1c008cf4 00a7e723 p.sw             x10, x0(x15)        x10:00000065 x15:00000000  PA:1a10f028
39215443ns          670597 1c008cf8 00000513 addi             x10, x0, 0          x10=00000000
39215463ns          670598 1c008cfa 00008067 jalr             x0, x1, 0            x1:1c008da2
39215523ns          670601 1c008da2 31f52563 p.beqimm         x10, 778            x10:00000000
39215542ns          670602 1c008da6 001d8d93 addi             x27, x27, 1         x27=00000004 x27:00000003
39215562ns          670603 1c008da8 00044503 lbu              x10, 0(x8)          x10=00000072  x8:1c000020  PA:1c000020
39215861ns          670618 1c008dac 00140413 addi             x8, x8, 1            x8=1c000021  x8:1c000020
39215881ns          670619 1c008dae fe0514e3 bne              x10, x0, -24        x10:00000072
39215960ns          670623 1c008d96 02500793 addi             x15, x0, 37         x15=00000025
39215980ns          670624 1c008d9a 04f50863 beq              x10, x15, 80        x10:00000072 x15:00000025
39216000ns          670625 1c008d9e 01a005b3 add              x11, x0, x26        x11=00000002 x26:00000002
39216020ns          670626 1c008da0 000b00e7 jalr             x1, x22, 0           x1=1c008da2 x22:1c008cd4
39216060ns          670628 1c008cd4 000026b7 lui              x13, 0x2000         x13=00002000
39216079ns          670629 1c008cd6 f14027f3 csrrs            x15, x0, 0xf14      x15=00000005
39216099ns          670630 1c008cda f8068693 addi             x13, x13, -128      x13=00001f80 x13:00002000
39216119ns          670631 1c008cde 00379713 slli             x14, x15, 0x3       x14=00000028 x15:00000005
39216139ns          670632 1c008ce2 00279793 slli             x15, x15, 0x2       x15=00000014 x15:00000005
39216159ns          670633 1c008ce4 00d7f7b3 and              x15, x15, x13       x15=00000000 x15:00000014 x13:00001f80
39216179ns          670634 1c008ce6 ee873733 p.bclr           x14, x14, 23, 8     x14=00000028 x14:00000028
39216199ns          670635 1c008cea 1a10f6b7 lui              x13, 0x1a10f000     x13=1a10f000
39216219ns          670636 1c008cee 0ff57513 andi             x10, x10, 255       x10=00000072 x10:00000072
39216239ns          670637 1c008cf2 00d70733 add              x14, x14, x13       x14=1a10f028 x14:00000028 x13:1a10f000
39216258ns          670638 1c008cf4 00a7e723 p.sw             x10, x0(x15)        x10:00000072 x15:00000000  PA:1a10f028
39216577ns          670654 1c008cf8 00000513 addi             x10, x0, 0          x10=00000000
39216597ns          670655 1c008cfa 00008067 jalr             x0, x1, 0            x1:1c008da2
39216656ns          670658 1c008da2 31f52563 p.beqimm         x10, 778            x10:00000000
39216676ns          670659 1c008da6 001d8d93 addi             x27, x27, 1         x27=00000005 x27:00000004
39216696ns          670660 1c008da8 00044503 lbu              x10, 0(x8)          x10=00000065  x8:1c000021  PA:1c000021
39216994ns          670675 1c008dac 00140413 addi             x8, x8, 1            x8=1c000022  x8:1c000021
39217014ns          670676 1c008dae fe0514e3 bne              x10, x0, -24        x10:00000065
39217094ns          670680 1c008d96 02500793 addi             x15, x0, 37         x15=00000025
39217114ns          670681 1c008d9a 04f50863 beq              x10, x15, 80        x10:00000065 x15:00000025
39217134ns          670682 1c008d9e 01a005b3 add              x11, x0, x26        x11=00000002 x26:00000002
39217153ns          670683 1c008da0 000b00e7 jalr             x1, x22, 0           x1=1c008da2 x22:1c008cd4
39217193ns          670685 1c008cd4 000026b7 lui              x13, 0x2000         x13=00002000
39217213ns          670686 1c008cd6 f14027f3 csrrs            x15, x0, 0xf14      x15=00000005
39217233ns          670687 1c008cda f8068693 addi             x13, x13, -128      x13=00001f80 x13:00002000
39217253ns          670688 1c008cde 00379713 slli             x14, x15, 0x3       x14=00000028 x15:00000005
39217273ns          670689 1c008ce2 00279793 slli             x15, x15, 0x2       x15=00000014 x15:00000005
39217293ns          670690 1c008ce4 00d7f7b3 and              x15, x15, x13       x15=00000000 x15:00000014 x13:00001f80
39217313ns          670691 1c008ce6 ee873733 p.bclr           x14, x14, 23, 8     x14=00000028 x14:00000028
39217332ns          670692 1c008cea 1a10f6b7 lui              x13, 0x1a10f000     x13=1a10f000
39217352ns          670693 1c008cee 0ff57513 andi             x10, x10, 255       x10=00000065 x10:00000065
39217372ns          670694 1c008cf2 00d70733 add              x14, x14, x13       x14=1a10f028 x14:00000028 x13:1a10f000
39217392ns          670695 1c008cf4 00a7e723 p.sw             x10, x0(x15)        x10:00000065 x15:00000000  PA:1a10f028
39217750ns          670713 1c008cf8 00000513 addi             x10, x0, 0          x10=00000000
39217770ns          670714 1c008cfa 00008067 jalr             x0, x1, 0            x1:1c008da2
39217830ns          670717 1c008da2 31f52563 p.beqimm         x10, 778            x10:00000000
39217849ns          670718 1c008da6 001d8d93 addi             x27, x27, 1         x27=00000006 x27:00000005
39217869ns          670719 1c008da8 00044503 lbu              x10, 0(x8)          x10=00000064  x8:1c000022  PA:1c000022
39218188ns          670735 1c008dac 00140413 addi             x8, x8, 1            x8=1c000023  x8:1c000022
39218207ns          670736 1c008dae fe0514e3 bne              x10, x0, -24        x10:00000064
39218287ns          670740 1c008d96 02500793 addi             x15, x0, 37         x15=00000025
39218307ns          670741 1c008d9a 04f50863 beq              x10, x15, 80        x10:00000064 x15:00000025
39218327ns          670742 1c008d9e 01a005b3 add              x11, x0, x26        x11=00000002 x26:00000002
39218347ns          670743 1c008da0 000b00e7 jalr             x1, x22, 0           x1=1c008da2 x22:1c008cd4
39218386ns          670745 1c008cd4 000026b7 lui              x13, 0x2000         x13=00002000
39218406ns          670746 1c008cd6 f14027f3 csrrs            x15, x0, 0xf14      x15=00000005
39218426ns          670747 1c008cda f8068693 addi             x13, x13, -128      x13=00001f80 x13:00002000
39218446ns          670748 1c008cde 00379713 slli             x14, x15, 0x3       x14=00000028 x15:00000005
39218466ns          670749 1c008ce2 00279793 slli             x15, x15, 0x2       x15=00000014 x15:00000005
39218486ns          670750 1c008ce4 00d7f7b3 and              x15, x15, x13       x15=00000000 x15:00000014 x13:00001f80
39218506ns          670751 1c008ce6 ee873733 p.bclr           x14, x14, 23, 8     x14=00000028 x14:00000028
39218526ns          670752 1c008cea 1a10f6b7 lui              x13, 0x1a10f000     x13=1a10f000
39218546ns          670753 1c008cee 0ff57513 andi             x10, x10, 255       x10=00000064 x10:00000064
39218565ns          670754 1c008cf2 00d70733 add              x14, x14, x13       x14=1a10f028 x14:00000028 x13:1a10f000
39218585ns          670755 1c008cf4 00a7e723 p.sw             x10, x0(x15)        x10:00000064 x15:00000000  PA:1a10f028
39218904ns          670771 1c008cf8 00000513 addi             x10, x0, 0          x10=00000000
39218923ns          670772 1c008cfa 00008067 jalr             x0, x1, 0            x1:1c008da2
39218983ns          670775 1c008da2 31f52563 p.beqimm         x10, 778            x10:00000000
39219003ns          670776 1c008da6 001d8d93 addi             x27, x27, 1         x27=00000007 x27:00000006
39219023ns          670777 1c008da8 00044503 lbu              x10, 0(x8)          x10=00000020  x8:1c000023  PA:1c000023
39219321ns          670792 1c008dac 00140413 addi             x8, x8, 1            x8=1c000024  x8:1c000023
39219341ns          670793 1c008dae fe0514e3 bne              x10, x0, -24        x10:00000020
39219421ns          670797 1c008d96 02500793 addi             x15, x0, 37         x15=00000025
39219441ns          670798 1c008d9a 04f50863 beq              x10, x15, 80        x10:00000020 x15:00000025
39219460ns          670799 1c008d9e 01a005b3 add              x11, x0, x26        x11=00000002 x26:00000002
39219480ns          670800 1c008da0 000b00e7 jalr             x1, x22, 0           x1=1c008da2 x22:1c008cd4
39219520ns          670802 1c008cd4 000026b7 lui              x13, 0x2000         x13=00002000
39219540ns          670803 1c008cd6 f14027f3 csrrs            x15, x0, 0xf14      x15=00000005
39219560ns          670804 1c008cda f8068693 addi             x13, x13, -128      x13=00001f80 x13:00002000
39219580ns          670805 1c008cde 00379713 slli             x14, x15, 0x3       x14=00000028 x15:00000005
39219600ns          670806 1c008ce2 00279793 slli             x15, x15, 0x2       x15=00000014 x15:00000005
39219620ns          670807 1c008ce4 00d7f7b3 and              x15, x15, x13       x15=00000000 x15:00000014 x13:00001f80
39219639ns          670808 1c008ce6 ee873733 p.bclr           x14, x14, 23, 8     x14=00000028 x14:00000028
39219659ns          670809 1c008cea 1a10f6b7 lui              x13, 0x1a10f000     x13=1a10f000
39219679ns          670810 1c008cee 0ff57513 andi             x10, x10, 255       x10=00000020 x10:00000020
39219699ns          670811 1c008cf2 00d70733 add              x14, x14, x13       x14=1a10f028 x14:00000028 x13:1a10f000
39219719ns          670812 1c008cf4 00a7e723 p.sw             x10, x0(x15)        x10:00000020 x15:00000000  PA:1a10f028
39220057ns          670829 1c008cf8 00000513 addi             x10, x0, 0          x10=00000000
39220077ns          670830 1c008cfa 00008067 jalr             x0, x1, 0            x1:1c008da2
39220137ns          670833 1c008da2 31f52563 p.beqimm         x10, 778            x10:00000000
39220156ns          670834 1c008da6 001d8d93 addi             x27, x27, 1         x27=00000008 x27:00000007
39220176ns          670835 1c008da8 00044503 lbu              x10, 0(x8)          x10=00000063  x8:1c000024  PA:1c000024
39220475ns          670850 1c008dac 00140413 addi             x8, x8, 1            x8=1c000025  x8:1c000024
39220495ns          670851 1c008dae fe0514e3 bne              x10, x0, -24        x10:00000063
39220574ns          670855 1c008d96 02500793 addi             x15, x0, 37         x15=00000025
39220594ns          670856 1c008d9a 04f50863 beq              x10, x15, 80        x10:00000063 x15:00000025
39220614ns          670857 1c008d9e 01a005b3 add              x11, x0, x26        x11=00000002 x26:00000002
39220634ns          670858 1c008da0 000b00e7 jalr             x1, x22, 0           x1=1c008da2 x22:1c008cd4
39220674ns          670860 1c008cd4 000026b7 lui              x13, 0x2000         x13=00002000
39220693ns          670861 1c008cd6 f14027f3 csrrs            x15, x0, 0xf14      x15=00000005
39220713ns          670862 1c008cda f8068693 addi             x13, x13, -128      x13=00001f80 x13:00002000
39220733ns          670863 1c008cde 00379713 slli             x14, x15, 0x3       x14=00000028 x15:00000005
39220753ns          670864 1c008ce2 00279793 slli             x15, x15, 0x2       x15=00000014 x15:00000005
39220773ns          670865 1c008ce4 00d7f7b3 and              x15, x15, x13       x15=00000000 x15:00000014 x13:00001f80
39220793ns          670866 1c008ce6 ee873733 p.bclr           x14, x14, 23, 8     x14=00000028 x14:00000028
39220813ns          670867 1c008cea 1a10f6b7 lui              x13, 0x1a10f000     x13=1a10f000
39220833ns          670868 1c008cee 0ff57513 andi             x10, x10, 255       x10=00000063 x10:00000063
39220853ns          670869 1c008cf2 00d70733 add              x14, x14, x13       x14=1a10f028 x14:00000028 x13:1a10f000
39220872ns          670870 1c008cf4 00a7e723 p.sw             x10, x0(x15)        x10:00000063 x15:00000000  PA:1a10f028
39221211ns          670887 1c008cf8 00000513 addi             x10, x0, 0          x10=00000000
39221230ns          670888 1c008cfa 00008067 jalr             x0, x1, 0            x1:1c008da2
39221290ns          670891 1c008da2 31f52563 p.beqimm         x10, 778            x10:00000000
39221310ns          670892 1c008da6 001d8d93 addi             x27, x27, 1         x27=00000009 x27:00000008
39221330ns          670893 1c008da8 00044503 lbu              x10, 0(x8)          x10=0000006c  x8:1c000025  PA:1c000025
39221648ns          670909 1c008dac 00140413 addi             x8, x8, 1            x8=1c000026  x8:1c000025
39221668ns          670910 1c008dae fe0514e3 bne              x10, x0, -24        x10:0000006c
39221748ns          670914 1c008d96 02500793 addi             x15, x0, 37         x15=00000025
39221767ns          670915 1c008d9a 04f50863 beq              x10, x15, 80        x10:0000006c x15:00000025
39221787ns          670916 1c008d9e 01a005b3 add              x11, x0, x26        x11=00000002 x26:00000002
39221807ns          670917 1c008da0 000b00e7 jalr             x1, x22, 0           x1=1c008da2 x22:1c008cd4
39221847ns          670919 1c008cd4 000026b7 lui              x13, 0x2000         x13=00002000
39221867ns          670920 1c008cd6 f14027f3 csrrs            x15, x0, 0xf14      x15=00000005
39221887ns          670921 1c008cda f8068693 addi             x13, x13, -128      x13=00001f80 x13:00002000
39221907ns          670922 1c008cde 00379713 slli             x14, x15, 0x3       x14=00000028 x15:00000005
39221927ns          670923 1c008ce2 00279793 slli             x15, x15, 0x2       x15=00000014 x15:00000005
39221946ns          670924 1c008ce4 00d7f7b3 and              x15, x15, x13       x15=00000000 x15:00000014 x13:00001f80
39221966ns          670925 1c008ce6 ee873733 p.bclr           x14, x14, 23, 8     x14=00000028 x14:00000028
39221986ns          670926 1c008cea 1a10f6b7 lui              x13, 0x1a10f000     x13=1a10f000
39222006ns          670927 1c008cee 0ff57513 andi             x10, x10, 255       x10=0000006c x10:0000006c
39222026ns          670928 1c008cf2 00d70733 add              x14, x14, x13       x14=1a10f028 x14:00000028 x13:1a10f000
39222046ns          670929 1c008cf4 00a7e723 p.sw             x10, x0(x15)        x10:0000006c x15:00000000  PA:1a10f028
39222364ns          670945 1c008cf8 00000513 addi             x10, x0, 0          x10=00000000
39222384ns          670946 1c008cfa 00008067 jalr             x0, x1, 0            x1:1c008da2
39222444ns          670949 1c008da2 31f52563 p.beqimm         x10, 778            x10:00000000
39222464ns          670950 1c008da6 001d8d93 addi             x27, x27, 1         x27=0000000a x27:00000009
39222483ns          670951 1c008da8 00044503 lbu              x10, 0(x8)          x10=00000075  x8:1c000026  PA:1c000026
39222782ns          670966 1c008dac 00140413 addi             x8, x8, 1            x8=1c000027  x8:1c000026
39222802ns          670967 1c008dae fe0514e3 bne              x10, x0, -24        x10:00000075
39222881ns          670971 1c008d96 02500793 addi             x15, x0, 37         x15=00000025
39222901ns          670972 1c008d9a 04f50863 beq              x10, x15, 80        x10:00000075 x15:00000025
39222921ns          670973 1c008d9e 01a005b3 add              x11, x0, x26        x11=00000002 x26:00000002
39222941ns          670974 1c008da0 000b00e7 jalr             x1, x22, 0           x1=1c008da2 x22:1c008cd4
39222981ns          670976 1c008cd4 000026b7 lui              x13, 0x2000         x13=00002000
39223000ns          670977 1c008cd6 f14027f3 csrrs            x15, x0, 0xf14      x15=00000005
39223020ns          670978 1c008cda f8068693 addi             x13, x13, -128      x13=00001f80 x13:00002000
39223040ns          670979 1c008cde 00379713 slli             x14, x15, 0x3       x14=00000028 x15:00000005
39223060ns          670980 1c008ce2 00279793 slli             x15, x15, 0x2       x15=00000014 x15:00000005
39223080ns          670981 1c008ce4 00d7f7b3 and              x15, x15, x13       x15=00000000 x15:00000014 x13:00001f80
39223100ns          670982 1c008ce6 ee873733 p.bclr           x14, x14, 23, 8     x14=00000028 x14:00000028
39223120ns          670983 1c008cea 1a10f6b7 lui              x13, 0x1a10f000     x13=1a10f000
39223140ns          670984 1c008cee 0ff57513 andi             x10, x10, 255       x10=00000075 x10:00000075
39223160ns          670985 1c008cf2 00d70733 add              x14, x14, x13       x14=1a10f028 x14:00000028 x13:1a10f000
39223179ns          670986 1c008cf4 00a7e723 p.sw             x10, x0(x15)        x10:00000075 x15:00000000  PA:1a10f028
39223518ns          671003 1c008cf8 00000513 addi             x10, x0, 0          x10=00000000
39223537ns          671004 1c008cfa 00008067 jalr             x0, x1, 0            x1:1c008da2
39223597ns          671007 1c008da2 31f52563 p.beqimm         x10, 778            x10:00000000
39223617ns          671008 1c008da6 001d8d93 addi             x27, x27, 1         x27=0000000b x27:0000000a
39223637ns          671009 1c008da8 00044503 lbu              x10, 0(x8)          x10=00000073  x8:1c000027  PA:1c000027
39223935ns          671024 1c008dac 00140413 addi             x8, x8, 1            x8=1c000028  x8:1c000027
39223955ns          671025 1c008dae fe0514e3 bne              x10, x0, -24        x10:00000073
39224035ns          671029 1c008d96 02500793 addi             x15, x0, 37         x15=00000025
39224055ns          671030 1c008d9a 04f50863 beq              x10, x15, 80        x10:00000073 x15:00000025
39224074ns          671031 1c008d9e 01a005b3 add              x11, x0, x26        x11=00000002 x26:00000002
39224094ns          671032 1c008da0 000b00e7 jalr             x1, x22, 0           x1=1c008da2 x22:1c008cd4
39224134ns          671034 1c008cd4 000026b7 lui              x13, 0x2000         x13=00002000
39224154ns          671035 1c008cd6 f14027f3 csrrs            x15, x0, 0xf14      x15=00000005
39224174ns          671036 1c008cda f8068693 addi             x13, x13, -128      x13=00001f80 x13:00002000
39224194ns          671037 1c008cde 00379713 slli             x14, x15, 0x3       x14=00000028 x15:00000005
39224214ns          671038 1c008ce2 00279793 slli             x15, x15, 0x2       x15=00000014 x15:00000005
39224234ns          671039 1c008ce4 00d7f7b3 and              x15, x15, x13       x15=00000000 x15:00000014 x13:00001f80
39224253ns          671040 1c008ce6 ee873733 p.bclr           x14, x14, 23, 8     x14=00000028 x14:00000028
39224273ns          671041 1c008cea 1a10f6b7 lui              x13, 0x1a10f000     x13=1a10f000
39224293ns          671042 1c008cee 0ff57513 andi             x10, x10, 255       x10=00000073 x10:00000073
39224313ns          671043 1c008cf2 00d70733 add              x14, x14, x13       x14=1a10f028 x14:00000028 x13:1a10f000
39224333ns          671044 1c008cf4 00a7e723 p.sw             x10, x0(x15)        x10:00000073 x15:00000000  PA:1a10f028
39224671ns          671061 1c008cf8 00000513 addi             x10, x0, 0          x10=00000000
39224691ns          671062 1c008cfa 00008067 jalr             x0, x1, 0            x1:1c008da2
39224751ns          671065 1c008da2 31f52563 p.beqimm         x10, 778            x10:00000000
39224771ns          671066 1c008da6 001d8d93 addi             x27, x27, 1         x27=0000000c x27:0000000b
39224790ns          671067 1c008da8 00044503 lbu              x10, 0(x8)          x10=00000074  x8:1c000028  PA:1c000028
39225089ns          671082 1c008dac 00140413 addi             x8, x8, 1            x8=1c000029  x8:1c000028
39225109ns          671083 1c008dae fe0514e3 bne              x10, x0, -24        x10:00000074
39225188ns          671087 1c008d96 02500793 addi             x15, x0, 37         x15=00000025
39225208ns          671088 1c008d9a 04f50863 beq              x10, x15, 80        x10:00000074 x15:00000025
39225228ns          671089 1c008d9e 01a005b3 add              x11, x0, x26        x11=00000002 x26:00000002
39225248ns          671090 1c008da0 000b00e7 jalr             x1, x22, 0           x1=1c008da2 x22:1c008cd4
39225288ns          671092 1c008cd4 000026b7 lui              x13, 0x2000         x13=00002000
39225307ns          671093 1c008cd6 f14027f3 csrrs            x15, x0, 0xf14      x15=00000005
39225327ns          671094 1c008cda f8068693 addi             x13, x13, -128      x13=00001f80 x13:00002000
39225347ns          671095 1c008cde 00379713 slli             x14, x15, 0x3       x14=00000028 x15:00000005
39225367ns          671096 1c008ce2 00279793 slli             x15, x15, 0x2       x15=00000014 x15:00000005
39225387ns          671097 1c008ce4 00d7f7b3 and              x15, x15, x13       x15=00000000 x15:00000014 x13:00001f80
39225407ns          671098 1c008ce6 ee873733 p.bclr           x14, x14, 23, 8     x14=00000028 x14:00000028
39225427ns          671099 1c008cea 1a10f6b7 lui              x13, 0x1a10f000     x13=1a10f000
39225447ns          671100 1c008cee 0ff57513 andi             x10, x10, 255       x10=00000074 x10:00000074
39225467ns          671101 1c008cf2 00d70733 add              x14, x14, x13       x14=1a10f028 x14:00000028 x13:1a10f000
39225486ns          671102 1c008cf4 00a7e723 p.sw             x10, x0(x15)        x10:00000074 x15:00000000  PA:1a10f028
39225825ns          671119 1c008cf8 00000513 addi             x10, x0, 0          x10=00000000
39225844ns          671120 1c008cfa 00008067 jalr             x0, x1, 0            x1:1c008da2
39225904ns          671123 1c008da2 31f52563 p.beqimm         x10, 778            x10:00000000
39225924ns          671124 1c008da6 001d8d93 addi             x27, x27, 1         x27=0000000d x27:0000000c
39225944ns          671125 1c008da8 00044503 lbu              x10, 0(x8)          x10=00000065  x8:1c000029  PA:1c000029
39226242ns          671140 1c008dac 00140413 addi             x8, x8, 1            x8=1c00002a  x8:1c000029
39226262ns          671141 1c008dae fe0514e3 bne              x10, x0, -24        x10:00000065
39226342ns          671145 1c008d96 02500793 addi             x15, x0, 37         x15=00000025
39226362ns          671146 1c008d9a 04f50863 beq              x10, x15, 80        x10:00000065 x15:00000025
39226381ns          671147 1c008d9e 01a005b3 add              x11, x0, x26        x11=00000002 x26:00000002
39226401ns          671148 1c008da0 000b00e7 jalr             x1, x22, 0           x1=1c008da2 x22:1c008cd4
39226441ns          671150 1c008cd4 000026b7 lui              x13, 0x2000         x13=00002000
39226461ns          671151 1c008cd6 f14027f3 csrrs            x15, x0, 0xf14      x15=00000005
39226481ns          671152 1c008cda f8068693 addi             x13, x13, -128      x13=00001f80 x13:00002000
39226501ns          671153 1c008cde 00379713 slli             x14, x15, 0x3       x14=00000028 x15:00000005
39226521ns          671154 1c008ce2 00279793 slli             x15, x15, 0x2       x15=00000014 x15:00000005
39226541ns          671155 1c008ce4 00d7f7b3 and              x15, x15, x13       x15=00000000 x15:00000014 x13:00001f80
39226560ns          671156 1c008ce6 ee873733 p.bclr           x14, x14, 23, 8     x14=00000028 x14:00000028
39226580ns          671157 1c008cea 1a10f6b7 lui              x13, 0x1a10f000     x13=1a10f000
39226600ns          671158 1c008cee 0ff57513 andi             x10, x10, 255       x10=00000065 x10:00000065
39226620ns          671159 1c008cf2 00d70733 add              x14, x14, x13       x14=1a10f028 x14:00000028 x13:1a10f000
39226640ns          671160 1c008cf4 00a7e723 p.sw             x10, x0(x15)        x10:00000065 x15:00000000  PA:1a10f028
39226978ns          671177 1c008cf8 00000513 addi             x10, x0, 0          x10=00000000
39226998ns          671178 1c008cfa 00008067 jalr             x0, x1, 0            x1:1c008da2
39227058ns          671181 1c008da2 31f52563 p.beqimm         x10, 778            x10:00000000
39227078ns          671182 1c008da6 001d8d93 addi             x27, x27, 1         x27=0000000e x27:0000000d
39227097ns          671183 1c008da8 00044503 lbu              x10, 0(x8)          x10=00000072  x8:1c00002a  PA:1c00002a
39227416ns          671199 1c008dac 00140413 addi             x8, x8, 1            x8=1c00002b  x8:1c00002a
39227436ns          671200 1c008dae fe0514e3 bne              x10, x0, -24        x10:00000072
39227515ns          671204 1c008d96 02500793 addi             x15, x0, 37         x15=00000025
39227535ns          671205 1c008d9a 04f50863 beq              x10, x15, 80        x10:00000072 x15:00000025
39227555ns          671206 1c008d9e 01a005b3 add              x11, x0, x26        x11=00000002 x26:00000002
39227575ns          671207 1c008da0 000b00e7 jalr             x1, x22, 0           x1=1c008da2 x22:1c008cd4
39227614ns          671209 1c008cd4 000026b7 lui              x13, 0x2000         x13=00002000
39227634ns          671210 1c008cd6 f14027f3 csrrs            x15, x0, 0xf14      x15=00000005
39227654ns          671211 1c008cda f8068693 addi             x13, x13, -128      x13=00001f80 x13:00002000
39227674ns          671212 1c008cde 00379713 slli             x14, x15, 0x3       x14=00000028 x15:00000005
39227694ns          671213 1c008ce2 00279793 slli             x15, x15, 0x2       x15=00000014 x15:00000005
39227714ns          671214 1c008ce4 00d7f7b3 and              x15, x15, x13       x15=00000000 x15:00000014 x13:00001f80
39227734ns          671215 1c008ce6 ee873733 p.bclr           x14, x14, 23, 8     x14=00000028 x14:00000028
39227754ns          671216 1c008cea 1a10f6b7 lui              x13, 0x1a10f000     x13=1a10f000
39227774ns          671217 1c008cee 0ff57513 andi             x10, x10, 255       x10=00000072 x10:00000072
39227793ns          671218 1c008cf2 00d70733 add              x14, x14, x13       x14=1a10f028 x14:00000028 x13:1a10f000
39227813ns          671219 1c008cf4 00a7e723 p.sw             x10, x0(x15)        x10:00000072 x15:00000000  PA:1a10f028
39228132ns          671235 1c008cf8 00000513 addi             x10, x0, 0          x10=00000000
39228151ns          671236 1c008cfa 00008067 jalr             x0, x1, 0            x1:1c008da2
39228211ns          671239 1c008da2 31f52563 p.beqimm         x10, 778            x10:00000000
39228231ns          671240 1c008da6 001d8d93 addi             x27, x27, 1         x27=0000000f x27:0000000e
39228251ns          671241 1c008da8 00044503 lbu              x10, 0(x8)          x10=00000020  x8:1c00002b  PA:1c00002b
39228549ns          671256 1c008dac 00140413 addi             x8, x8, 1            x8=1c00002c  x8:1c00002b
39228569ns          671257 1c008dae fe0514e3 bne              x10, x0, -24        x10:00000020
39228649ns          671261 1c008d96 02500793 addi             x15, x0, 37         x15=00000025
39228669ns          671262 1c008d9a 04f50863 beq              x10, x15, 80        x10:00000020 x15:00000025
39228688ns          671263 1c008d9e 01a005b3 add              x11, x0, x26        x11=00000002 x26:00000002
39228708ns          671264 1c008da0 000b00e7 jalr             x1, x22, 0           x1=1c008da2 x22:1c008cd4
39228748ns          671266 1c008cd4 000026b7 lui              x13, 0x2000         x13=00002000
39228768ns          671267 1c008cd6 f14027f3 csrrs            x15, x0, 0xf14      x15=00000005
39228788ns          671268 1c008cda f8068693 addi             x13, x13, -128      x13=00001f80 x13:00002000
39228808ns          671269 1c008cde 00379713 slli             x14, x15, 0x3       x14=00000028 x15:00000005
39228828ns          671270 1c008ce2 00279793 slli             x15, x15, 0x2       x15=00000014 x15:00000005
39228848ns          671271 1c008ce4 00d7f7b3 and              x15, x15, x13       x15=00000000 x15:00000014 x13:00001f80
39228867ns          671272 1c008ce6 ee873733 p.bclr           x14, x14, 23, 8     x14=00000028 x14:00000028
39228887ns          671273 1c008cea 1a10f6b7 lui              x13, 0x1a10f000     x13=1a10f000
39228907ns          671274 1c008cee 0ff57513 andi             x10, x10, 255       x10=00000020 x10:00000020
39228927ns          671275 1c008cf2 00d70733 add              x14, x14, x13       x14=1a10f028 x14:00000028 x13:1a10f000
39228947ns          671276 1c008cf4 00a7e723 p.sw             x10, x0(x15)        x10:00000020 x15:00000000  PA:1a10f028
39229285ns          671293 1c008cf8 00000513 addi             x10, x0, 0          x10=00000000
39229305ns          671294 1c008cfa 00008067 jalr             x0, x1, 0            x1:1c008da2
39229365ns          671297 1c008da2 31f52563 p.beqimm         x10, 778            x10:00000000
39229385ns          671298 1c008da6 001d8d93 addi             x27, x27, 1         x27=00000010 x27:0000000f
39229404ns          671299 1c008da8 00044503 lbu              x10, 0(x8)          x10=0000006f  x8:1c00002c  PA:1c00002c
39229703ns          671314 1c008dac 00140413 addi             x8, x8, 1            x8=1c00002d  x8:1c00002c
39229723ns          671315 1c008dae fe0514e3 bne              x10, x0, -24        x10:0000006f
39229802ns          671319 1c008d96 02500793 addi             x15, x0, 37         x15=00000025
39229822ns          671320 1c008d9a 04f50863 beq              x10, x15, 80        x10:0000006f x15:00000025
39229842ns          671321 1c008d9e 01a005b3 add              x11, x0, x26        x11=00000002 x26:00000002
39229862ns          671322 1c008da0 000b00e7 jalr             x1, x22, 0           x1=1c008da2 x22:1c008cd4
39229902ns          671324 1c008cd4 000026b7 lui              x13, 0x2000         x13=00002000
39229922ns          671325 1c008cd6 f14027f3 csrrs            x15, x0, 0xf14      x15=00000005
39229941ns          671326 1c008cda f8068693 addi             x13, x13, -128      x13=00001f80 x13:00002000
39229961ns          671327 1c008cde 00379713 slli             x14, x15, 0x3       x14=00000028 x15:00000005
39229981ns          671328 1c008ce2 00279793 slli             x15, x15, 0x2       x15=00000014 x15:00000005
39230001ns          671329 1c008ce4 00d7f7b3 and              x15, x15, x13       x15=00000000 x15:00000014 x13:00001f80
39230021ns          671330 1c008ce6 ee873733 p.bclr           x14, x14, 23, 8     x14=00000028 x14:00000028
39230041ns          671331 1c008cea 1a10f6b7 lui              x13, 0x1a10f000     x13=1a10f000
39230061ns          671332 1c008cee 0ff57513 andi             x10, x10, 255       x10=0000006f x10:0000006f
39230081ns          671333 1c008cf2 00d70733 add              x14, x14, x13       x14=1a10f028 x14:00000028 x13:1a10f000
39230100ns          671334 1c008cf4 00a7e723 p.sw             x10, x0(x15)        x10:0000006f x15:00000000  PA:1a10f028
39230439ns          671351 1c008cf8 00000513 addi             x10, x0, 0          x10=00000000
39230458ns          671352 1c008cfa 00008067 jalr             x0, x1, 0            x1:1c008da2
39230518ns          671355 1c008da2 31f52563 p.beqimm         x10, 778            x10:00000000
39230538ns          671356 1c008da6 001d8d93 addi             x27, x27, 1         x27=00000011 x27:00000010
39230558ns          671357 1c008da8 00044503 lbu              x10, 0(x8)          x10=0000006e  x8:1c00002d  PA:1c00002d
39230856ns          671372 1c008dac 00140413 addi             x8, x8, 1            x8=1c00002e  x8:1c00002d
39230876ns          671373 1c008dae fe0514e3 bne              x10, x0, -24        x10:0000006e
39230956ns          671377 1c008d96 02500793 addi             x15, x0, 37         x15=00000025
39230976ns          671378 1c008d9a 04f50863 beq              x10, x15, 80        x10:0000006e x15:00000025
39230995ns          671379 1c008d9e 01a005b3 add              x11, x0, x26        x11=00000002 x26:00000002
39231015ns          671380 1c008da0 000b00e7 jalr             x1, x22, 0           x1=1c008da2 x22:1c008cd4
39231055ns          671382 1c008cd4 000026b7 lui              x13, 0x2000         x13=00002000
39231075ns          671383 1c008cd6 f14027f3 csrrs            x15, x0, 0xf14      x15=00000005
39231095ns          671384 1c008cda f8068693 addi             x13, x13, -128      x13=00001f80 x13:00002000
39231115ns          671385 1c008cde 00379713 slli             x14, x15, 0x3       x14=00000028 x15:00000005
39231135ns          671386 1c008ce2 00279793 slli             x15, x15, 0x2       x15=00000014 x15:00000005
39231155ns          671387 1c008ce4 00d7f7b3 and              x15, x15, x13       x15=00000000 x15:00000014 x13:00001f80
39231174ns          671388 1c008ce6 ee873733 p.bclr           x14, x14, 23, 8     x14=00000028 x14:00000028
39231194ns          671389 1c008cea 1a10f6b7 lui              x13, 0x1a10f000     x13=1a10f000
39231214ns          671390 1c008cee 0ff57513 andi             x10, x10, 255       x10=0000006e x10:0000006e
39231234ns          671391 1c008cf2 00d70733 add              x14, x14, x13       x14=1a10f028 x14:00000028 x13:1a10f000
39231254ns          671392 1c008cf4 00a7e723 p.sw             x10, x0(x15)        x10:0000006e x15:00000000  PA:1a10f028
39231572ns          671408 1c008cf8 00000513 addi             x10, x0, 0          x10=00000000
39231592ns          671409 1c008cfa 00008067 jalr             x0, x1, 0            x1:1c008da2
39231652ns          671412 1c008da2 31f52563 p.beqimm         x10, 778            x10:00000000
39231672ns          671413 1c008da6 001d8d93 addi             x27, x27, 1         x27=00000012 x27:00000011
39231692ns          671414 1c008da8 00044503 lbu              x10, 0(x8)          x10=00000020  x8:1c00002e  PA:1c00002e
39231990ns          671429 1c008dac 00140413 addi             x8, x8, 1            x8=1c00002f  x8:1c00002e
39232010ns          671430 1c008dae fe0514e3 bne              x10, x0, -24        x10:00000020
39232089ns          671434 1c008d96 02500793 addi             x15, x0, 37         x15=00000025
39232109ns          671435 1c008d9a 04f50863 beq              x10, x15, 80        x10:00000020 x15:00000025
39232129ns          671436 1c008d9e 01a005b3 add              x11, x0, x26        x11=00000002 x26:00000002
39232149ns          671437 1c008da0 000b00e7 jalr             x1, x22, 0           x1=1c008da2 x22:1c008cd4
39232189ns          671439 1c008cd4 000026b7 lui              x13, 0x2000         x13=00002000
39232209ns          671440 1c008cd6 f14027f3 csrrs            x15, x0, 0xf14      x15=00000005
39232229ns          671441 1c008cda f8068693 addi             x13, x13, -128      x13=00001f80 x13:00002000
39232248ns          671442 1c008cde 00379713 slli             x14, x15, 0x3       x14=00000028 x15:00000005
39232268ns          671443 1c008ce2 00279793 slli             x15, x15, 0x2       x15=00000014 x15:00000005
39232288ns          671444 1c008ce4 00d7f7b3 and              x15, x15, x13       x15=00000000 x15:00000014 x13:00001f80
39232308ns          671445 1c008ce6 ee873733 p.bclr           x14, x14, 23, 8     x14=00000028 x14:00000028
39232328ns          671446 1c008cea 1a10f6b7 lui              x13, 0x1a10f000     x13=1a10f000
39232348ns          671447 1c008cee 0ff57513 andi             x10, x10, 255       x10=00000020 x10:00000020
39232368ns          671448 1c008cf2 00d70733 add              x14, x14, x13       x14=1a10f028 x14:00000028 x13:1a10f000
39232388ns          671449 1c008cf4 00a7e723 p.sw             x10, x0(x15)        x10:00000020 x15:00000000  PA:1a10f028
39232726ns          671466 1c008cf8 00000513 addi             x10, x0, 0          x10=00000000
39232746ns          671467 1c008cfa 00008067 jalr             x0, x1, 0            x1:1c008da2
39232805ns          671470 1c008da2 31f52563 p.beqimm         x10, 778            x10:00000000
39232825ns          671471 1c008da6 001d8d93 addi             x27, x27, 1         x27=00000013 x27:00000012
39232845ns          671472 1c008da8 00044503 lbu              x10, 0(x8)          x10=00000063  x8:1c00002f  PA:1c00002f
39233143ns          671487 1c008dac 00140413 addi             x8, x8, 1            x8=1c000030  x8:1c00002f
39233163ns          671488 1c008dae fe0514e3 bne              x10, x0, -24        x10:00000063
39233243ns          671492 1c008d96 02500793 addi             x15, x0, 37         x15=00000025
39233263ns          671493 1c008d9a 04f50863 beq              x10, x15, 80        x10:00000063 x15:00000025
39233283ns          671494 1c008d9e 01a005b3 add              x11, x0, x26        x11=00000002 x26:00000002
39233302ns          671495 1c008da0 000b00e7 jalr             x1, x22, 0           x1=1c008da2 x22:1c008cd4
39233342ns          671497 1c008cd4 000026b7 lui              x13, 0x2000         x13=00002000
39233362ns          671498 1c008cd6 f14027f3 csrrs            x15, x0, 0xf14      x15=00000005
39233382ns          671499 1c008cda f8068693 addi             x13, x13, -128      x13=00001f80 x13:00002000
39233402ns          671500 1c008cde 00379713 slli             x14, x15, 0x3       x14=00000028 x15:00000005
39233422ns          671501 1c008ce2 00279793 slli             x15, x15, 0x2       x15=00000014 x15:00000005
39233442ns          671502 1c008ce4 00d7f7b3 and              x15, x15, x13       x15=00000000 x15:00000014 x13:00001f80
39233462ns          671503 1c008ce6 ee873733 p.bclr           x14, x14, 23, 8     x14=00000028 x14:00000028
39233481ns          671504 1c008cea 1a10f6b7 lui              x13, 0x1a10f000     x13=1a10f000
39233501ns          671505 1c008cee 0ff57513 andi             x10, x10, 255       x10=00000063 x10:00000063
39233521ns          671506 1c008cf2 00d70733 add              x14, x14, x13       x14=1a10f028 x14:00000028 x13:1a10f000
39233541ns          671507 1c008cf4 00a7e723 p.sw             x10, x0(x15)        x10:00000063 x15:00000000  PA:1a10f028
39233859ns          671523 1c008cf8 00000513 addi             x10, x0, 0          x10=00000000
39233879ns          671524 1c008cfa 00008067 jalr             x0, x1, 0            x1:1c008da2
39233939ns          671527 1c008da2 31f52563 p.beqimm         x10, 778            x10:00000000
39233959ns          671528 1c008da6 001d8d93 addi             x27, x27, 1         x27=00000014 x27:00000013
39233979ns          671529 1c008da8 00044503 lbu              x10, 0(x8)          x10=0000006c  x8:1c000030  PA:1c000030
39234277ns          671544 1c008dac 00140413 addi             x8, x8, 1            x8=1c000031  x8:1c000030
39234297ns          671545 1c008dae fe0514e3 bne              x10, x0, -24        x10:0000006c
39234376ns          671549 1c008d96 02500793 addi             x15, x0, 37         x15=00000025
39234396ns          671550 1c008d9a 04f50863 beq              x10, x15, 80        x10:0000006c x15:00000025
39234416ns          671551 1c008d9e 01a005b3 add              x11, x0, x26        x11=00000002 x26:00000002
39234436ns          671552 1c008da0 000b00e7 jalr             x1, x22, 0           x1=1c008da2 x22:1c008cd4
39234476ns          671554 1c008cd4 000026b7 lui              x13, 0x2000         x13=00002000
39234496ns          671555 1c008cd6 f14027f3 csrrs            x15, x0, 0xf14      x15=00000005
39234516ns          671556 1c008cda f8068693 addi             x13, x13, -128      x13=00001f80 x13:00002000
39234536ns          671557 1c008cde 00379713 slli             x14, x15, 0x3       x14=00000028 x15:00000005
39234555ns          671558 1c008ce2 00279793 slli             x15, x15, 0x2       x15=00000014 x15:00000005
39234575ns          671559 1c008ce4 00d7f7b3 and              x15, x15, x13       x15=00000000 x15:00000014 x13:00001f80
39234595ns          671560 1c008ce6 ee873733 p.bclr           x14, x14, 23, 8     x14=00000028 x14:00000028
39234615ns          671561 1c008cea 1a10f6b7 lui              x13, 0x1a10f000     x13=1a10f000
39234635ns          671562 1c008cee 0ff57513 andi             x10, x10, 255       x10=0000006c x10:0000006c
39234655ns          671563 1c008cf2 00d70733 add              x14, x14, x13       x14=1a10f028 x14:00000028 x13:1a10f000
39234675ns          671564 1c008cf4 00a7e723 p.sw             x10, x0(x15)        x10:0000006c x15:00000000  PA:1a10f028
39235033ns          671582 1c008cf8 00000513 addi             x10, x0, 0          x10=00000000
39235053ns          671583 1c008cfa 00008067 jalr             x0, x1, 0            x1:1c008da2
39235112ns          671586 1c008da2 31f52563 p.beqimm         x10, 778            x10:00000000
39235132ns          671587 1c008da6 001d8d93 addi             x27, x27, 1         x27=00000015 x27:00000014
39235152ns          671588 1c008da8 00044503 lbu              x10, 0(x8)          x10=00000075  x8:1c000031  PA:1c000031
39235450ns          671603 1c008dac 00140413 addi             x8, x8, 1            x8=1c000032  x8:1c000031
39235470ns          671604 1c008dae fe0514e3 bne              x10, x0, -24        x10:00000075
39235550ns          671608 1c008d96 02500793 addi             x15, x0, 37         x15=00000025
39235570ns          671609 1c008d9a 04f50863 beq              x10, x15, 80        x10:00000075 x15:00000025
39235590ns          671610 1c008d9e 01a005b3 add              x11, x0, x26        x11=00000002 x26:00000002
39235609ns          671611 1c008da0 000b00e7 jalr             x1, x22, 0           x1=1c008da2 x22:1c008cd4
39235649ns          671613 1c008cd4 000026b7 lui              x13, 0x2000         x13=00002000
39235669ns          671614 1c008cd6 f14027f3 csrrs            x15, x0, 0xf14      x15=00000005
39235689ns          671615 1c008cda f8068693 addi             x13, x13, -128      x13=00001f80 x13:00002000
39235709ns          671616 1c008cde 00379713 slli             x14, x15, 0x3       x14=00000028 x15:00000005
39235729ns          671617 1c008ce2 00279793 slli             x15, x15, 0x2       x15=00000014 x15:00000005
39235749ns          671618 1c008ce4 00d7f7b3 and              x15, x15, x13       x15=00000000 x15:00000014 x13:00001f80
39235769ns          671619 1c008ce6 ee873733 p.bclr           x14, x14, 23, 8     x14=00000028 x14:00000028
39235788ns          671620 1c008cea 1a10f6b7 lui              x13, 0x1a10f000     x13=1a10f000
39235808ns          671621 1c008cee 0ff57513 andi             x10, x10, 255       x10=00000075 x10:00000075
39235828ns          671622 1c008cf2 00d70733 add              x14, x14, x13       x14=1a10f028 x14:00000028 x13:1a10f000
39235848ns          671623 1c008cf4 00a7e723 p.sw             x10, x0(x15)        x10:00000075 x15:00000000  PA:1a10f028
39236206ns          671641 1c008cf8 00000513 addi             x10, x0, 0          x10=00000000
39236226ns          671642 1c008cfa 00008067 jalr             x0, x1, 0            x1:1c008da2
39236286ns          671645 1c008da2 31f52563 p.beqimm         x10, 778            x10:00000000
39236306ns          671646 1c008da6 001d8d93 addi             x27, x27, 1         x27=00000016 x27:00000015
39236325ns          671647 1c008da8 00044503 lbu              x10, 0(x8)          x10=00000073  x8:1c000032  PA:1c000032
39236624ns          671662 1c008dac 00140413 addi             x8, x8, 1            x8=1c000033  x8:1c000032
39236644ns          671663 1c008dae fe0514e3 bne              x10, x0, -24        x10:00000073
39236723ns          671667 1c008d96 02500793 addi             x15, x0, 37         x15=00000025
39236743ns          671668 1c008d9a 04f50863 beq              x10, x15, 80        x10:00000073 x15:00000025
39236763ns          671669 1c008d9e 01a005b3 add              x11, x0, x26        x11=00000002 x26:00000002
39236783ns          671670 1c008da0 000b00e7 jalr             x1, x22, 0           x1=1c008da2 x22:1c008cd4
39236823ns          671672 1c008cd4 000026b7 lui              x13, 0x2000         x13=00002000
39236843ns          671673 1c008cd6 f14027f3 csrrs            x15, x0, 0xf14      x15=00000005
39236862ns          671674 1c008cda f8068693 addi             x13, x13, -128      x13=00001f80 x13:00002000
39236882ns          671675 1c008cde 00379713 slli             x14, x15, 0x3       x14=00000028 x15:00000005
39236902ns          671676 1c008ce2 00279793 slli             x15, x15, 0x2       x15=00000014 x15:00000005
39236922ns          671677 1c008ce4 00d7f7b3 and              x15, x15, x13       x15=00000000 x15:00000014 x13:00001f80
39236942ns          671678 1c008ce6 ee873733 p.bclr           x14, x14, 23, 8     x14=00000028 x14:00000028
39236962ns          671679 1c008cea 1a10f6b7 lui              x13, 0x1a10f000     x13=1a10f000
39236982ns          671680 1c008cee 0ff57513 andi             x10, x10, 255       x10=00000073 x10:00000073
39237002ns          671681 1c008cf2 00d70733 add              x14, x14, x13       x14=1a10f028 x14:00000028 x13:1a10f000
39237022ns          671682 1c008cf4 00a7e723 p.sw             x10, x0(x15)        x10:00000073 x15:00000000  PA:1a10f028
39237360ns          671699 1c008cf8 00000513 addi             x10, x0, 0          x10=00000000
39237380ns          671700 1c008cfa 00008067 jalr             x0, x1, 0            x1:1c008da2
39237439ns          671703 1c008da2 31f52563 p.beqimm         x10, 778            x10:00000000
39237459ns          671704 1c008da6 001d8d93 addi             x27, x27, 1         x27=00000017 x27:00000016
39237479ns          671705 1c008da8 00044503 lbu              x10, 0(x8)          x10=00000074  x8:1c000033  PA:1c000033
39237777ns          671720 1c008dac 00140413 addi             x8, x8, 1            x8=1c000034  x8:1c000033
39237797ns          671721 1c008dae fe0514e3 bne              x10, x0, -24        x10:00000074
39237877ns          671725 1c008d96 02500793 addi             x15, x0, 37         x15=00000025
39237897ns          671726 1c008d9a 04f50863 beq              x10, x15, 80        x10:00000074 x15:00000025
39237916ns          671727 1c008d9e 01a005b3 add              x11, x0, x26        x11=00000002 x26:00000002
39237936ns          671728 1c008da0 000b00e7 jalr             x1, x22, 0           x1=1c008da2 x22:1c008cd4
39237976ns          671730 1c008cd4 000026b7 lui              x13, 0x2000         x13=00002000
39237996ns          671731 1c008cd6 f14027f3 csrrs            x15, x0, 0xf14      x15=00000005
39238016ns          671732 1c008cda f8068693 addi             x13, x13, -128      x13=00001f80 x13:00002000
39238036ns          671733 1c008cde 00379713 slli             x14, x15, 0x3       x14=00000028 x15:00000005
39238056ns          671734 1c008ce2 00279793 slli             x15, x15, 0x2       x15=00000014 x15:00000005
39238076ns          671735 1c008ce4 00d7f7b3 and              x15, x15, x13       x15=00000000 x15:00000014 x13:00001f80
39238095ns          671736 1c008ce6 ee873733 p.bclr           x14, x14, 23, 8     x14=00000028 x14:00000028
39238115ns          671737 1c008cea 1a10f6b7 lui              x13, 0x1a10f000     x13=1a10f000
39238135ns          671738 1c008cee 0ff57513 andi             x10, x10, 255       x10=00000074 x10:00000074
39238155ns          671739 1c008cf2 00d70733 add              x14, x14, x13       x14=1a10f028 x14:00000028 x13:1a10f000
39238175ns          671740 1c008cf4 00a7e723 p.sw             x10, x0(x15)        x10:00000074 x15:00000000  PA:1a10f028
39238513ns          671757 1c008cf8 00000513 addi             x10, x0, 0          x10=00000000
39238533ns          671758 1c008cfa 00008067 jalr             x0, x1, 0            x1:1c008da2
39238593ns          671761 1c008da2 31f52563 p.beqimm         x10, 778            x10:00000000
39238613ns          671762 1c008da6 001d8d93 addi             x27, x27, 1         x27=00000018 x27:00000017
39238632ns          671763 1c008da8 00044503 lbu              x10, 0(x8)          x10=00000065  x8:1c000034  PA:1c000034
39238931ns          671778 1c008dac 00140413 addi             x8, x8, 1            x8=1c000035  x8:1c000034
39238951ns          671779 1c008dae fe0514e3 bne              x10, x0, -24        x10:00000065
39239030ns          671783 1c008d96 02500793 addi             x15, x0, 37         x15=00000025
39239050ns          671784 1c008d9a 04f50863 beq              x10, x15, 80        x10:00000065 x15:00000025
39239070ns          671785 1c008d9e 01a005b3 add              x11, x0, x26        x11=00000002 x26:00000002
39239090ns          671786 1c008da0 000b00e7 jalr             x1, x22, 0           x1=1c008da2 x22:1c008cd4
39239130ns          671788 1c008cd4 000026b7 lui              x13, 0x2000         x13=00002000
39239150ns          671789 1c008cd6 f14027f3 csrrs            x15, x0, 0xf14      x15=00000005
39239169ns          671790 1c008cda f8068693 addi             x13, x13, -128      x13=00001f80 x13:00002000
39239189ns          671791 1c008cde 00379713 slli             x14, x15, 0x3       x14=00000028 x15:00000005
39239209ns          671792 1c008ce2 00279793 slli             x15, x15, 0x2       x15=00000014 x15:00000005
39239229ns          671793 1c008ce4 00d7f7b3 and              x15, x15, x13       x15=00000000 x15:00000014 x13:00001f80
39239249ns          671794 1c008ce6 ee873733 p.bclr           x14, x14, 23, 8     x14=00000028 x14:00000028
39239269ns          671795 1c008cea 1a10f6b7 lui              x13, 0x1a10f000     x13=1a10f000
39239289ns          671796 1c008cee 0ff57513 andi             x10, x10, 255       x10=00000065 x10:00000065
39239309ns          671797 1c008cf2 00d70733 add              x14, x14, x13       x14=1a10f028 x14:00000028 x13:1a10f000
39239329ns          671798 1c008cf4 00a7e723 p.sw             x10, x0(x15)        x10:00000065 x15:00000000  PA:1a10f028
39239667ns          671815 1c008cf8 00000513 addi             x10, x0, 0          x10=00000000
39239687ns          671816 1c008cfa 00008067 jalr             x0, x1, 0            x1:1c008da2
39239746ns          671819 1c008da2 31f52563 p.beqimm         x10, 778            x10:00000000
39239766ns          671820 1c008da6 001d8d93 addi             x27, x27, 1         x27=00000019 x27:00000018
39239786ns          671821 1c008da8 00044503 lbu              x10, 0(x8)          x10=00000072  x8:1c000035  PA:1c000035
39240084ns          671836 1c008dac 00140413 addi             x8, x8, 1            x8=1c000036  x8:1c000035
39240104ns          671837 1c008dae fe0514e3 bne              x10, x0, -24        x10:00000072
39240184ns          671841 1c008d96 02500793 addi             x15, x0, 37         x15=00000025
39240204ns          671842 1c008d9a 04f50863 beq              x10, x15, 80        x10:00000072 x15:00000025
39240223ns          671843 1c008d9e 01a005b3 add              x11, x0, x26        x11=00000002 x26:00000002
39240243ns          671844 1c008da0 000b00e7 jalr             x1, x22, 0           x1=1c008da2 x22:1c008cd4
39240283ns          671846 1c008cd4 000026b7 lui              x13, 0x2000         x13=00002000
39240303ns          671847 1c008cd6 f14027f3 csrrs            x15, x0, 0xf14      x15=00000005
39240323ns          671848 1c008cda f8068693 addi             x13, x13, -128      x13=00001f80 x13:00002000
39240343ns          671849 1c008cde 00379713 slli             x14, x15, 0x3       x14=00000028 x15:00000005
39240363ns          671850 1c008ce2 00279793 slli             x15, x15, 0x2       x15=00000014 x15:00000005
39240383ns          671851 1c008ce4 00d7f7b3 and              x15, x15, x13       x15=00000000 x15:00000014 x13:00001f80
39240402ns          671852 1c008ce6 ee873733 p.bclr           x14, x14, 23, 8     x14=00000028 x14:00000028
39240422ns          671853 1c008cea 1a10f6b7 lui              x13, 0x1a10f000     x13=1a10f000
39240442ns          671854 1c008cee 0ff57513 andi             x10, x10, 255       x10=00000072 x10:00000072
39240462ns          671855 1c008cf2 00d70733 add              x14, x14, x13       x14=1a10f028 x14:00000028 x13:1a10f000
39240482ns          671856 1c008cf4 00a7e723 p.sw             x10, x0(x15)        x10:00000072 x15:00000000  PA:1a10f028
39240820ns          671873 1c008cf8 00000513 addi             x10, x0, 0          x10=00000000
39240840ns          671874 1c008cfa 00008067 jalr             x0, x1, 0            x1:1c008da2
39240900ns          671877 1c008da2 31f52563 p.beqimm         x10, 778            x10:00000000
39240920ns          671878 1c008da6 001d8d93 addi             x27, x27, 1         x27=0000001a x27:00000019
39240939ns          671879 1c008da8 00044503 lbu              x10, 0(x8)          x10=00000020  x8:1c000036  PA:1c000036
39241238ns          671894 1c008dac 00140413 addi             x8, x8, 1            x8=1c000037  x8:1c000036
39241258ns          671895 1c008dae fe0514e3 bne              x10, x0, -24        x10:00000020
39241337ns          671899 1c008d96 02500793 addi             x15, x0, 37         x15=00000025
39241357ns          671900 1c008d9a 04f50863 beq              x10, x15, 80        x10:00000020 x15:00000025
39241377ns          671901 1c008d9e 01a005b3 add              x11, x0, x26        x11=00000002 x26:00000002
39241397ns          671902 1c008da0 000b00e7 jalr             x1, x22, 0           x1=1c008da2 x22:1c008cd4
39241437ns          671904 1c008cd4 000026b7 lui              x13, 0x2000         x13=00002000
39241457ns          671905 1c008cd6 f14027f3 csrrs            x15, x0, 0xf14      x15=00000005
39241476ns          671906 1c008cda f8068693 addi             x13, x13, -128      x13=00001f80 x13:00002000
39241496ns          671907 1c008cde 00379713 slli             x14, x15, 0x3       x14=00000028 x15:00000005
39241516ns          671908 1c008ce2 00279793 slli             x15, x15, 0x2       x15=00000014 x15:00000005
39241536ns          671909 1c008ce4 00d7f7b3 and              x15, x15, x13       x15=00000000 x15:00000014 x13:00001f80
39241556ns          671910 1c008ce6 ee873733 p.bclr           x14, x14, 23, 8     x14=00000028 x14:00000028
39241576ns          671911 1c008cea 1a10f6b7 lui              x13, 0x1a10f000     x13=1a10f000
39241596ns          671912 1c008cee 0ff57513 andi             x10, x10, 255       x10=00000020 x10:00000020
39241616ns          671913 1c008cf2 00d70733 add              x14, x14, x13       x14=1a10f028 x14:00000028 x13:1a10f000
39241636ns          671914 1c008cf4 00a7e723 p.sw             x10, x0(x15)        x10:00000020 x15:00000000  PA:1a10f028
39241994ns          671932 1c008cf8 00000513 addi             x10, x0, 0          x10=00000000
39242013ns          671933 1c008cfa 00008067 jalr             x0, x1, 0            x1:1c008da2
39242073ns          671936 1c008da2 31f52563 p.beqimm         x10, 778            x10:00000000
39242093ns          671937 1c008da6 001d8d93 addi             x27, x27, 1         x27=0000001b x27:0000001a
39242113ns          671938 1c008da8 00044503 lbu              x10, 0(x8)          x10=00000025  x8:1c000037  PA:1c000037
39242411ns          671953 1c008dac 00140413 addi             x8, x8, 1            x8=1c000038  x8:1c000037
39242431ns          671954 1c008dae fe0514e3 bne              x10, x0, -24        x10:00000025
39242511ns          671958 1c008d96 02500793 addi             x15, x0, 37         x15=00000025
39242530ns          671959 1c008d9a 04f50863 beq              x10, x15, 80        x10:00000025 x15:00000025
39242749ns          671970 1c008dea 00044483 lbu              x9, 0(x8)            x9=00000064  x8:1c000038  PA:1c000038
39243306ns          671998 1c008dee 02000693 addi             x13, x0, 32         x13=00000020
39243326ns          671999 1c008df2 00140a93 addi             x21, x8, 1          x21=1c000039  x8:1c000038
39243346ns          672000 1c008df6 009005b3 add              x11, x0, x9         x11=00000064  x9:00000064
39243366ns          672001 1c008df8 0a4b8513 addi             x10, x23, 164       x10=1c0000a4 x23:1c000000
39243386ns          672002 1c008dfc 00d12823 sw               x13, 16(x2)         x13:00000020  x2:10002e18  PA:10002e28
39243406ns          672003 1c008dfe 00012c23 sw               x0, 24(x2)           x2:10002e18  PA:10002e30
39243724ns          672019 1c008e00 00012a23 sw               x0, 20(x2)           x2:10002e18  PA:10002e2c
39243744ns          672020 1c008e02 00012e23 sw               x0, 28(x2)           x2:10002e18  PA:10002e34
39243764ns          672021 1c008e04 00012623 sw               x0, 12(x2)           x2:10002e18  PA:10002e24
39243783ns          672022 1c008e06 02300913 addi             x18, x0, 35         x18=00000023
39243803ns          672023 1c008e0a 02d00a13 addi             x20, x0, 45         x20=0000002d
39243823ns          672024 1c008e0e 015009b3 add              x19, x0, x21        x19=1c000039 x21:1c000039
39244241ns          672045 1c008e10 e45ff0ef jal              x1, -444             x1=1c008e12
39244698ns          672068 1c008c54 00054783 lbu              x15, 0(x10)         x15=0000002d x10:1c0000a4  PA:1c0000a4
39245235ns          672095 1c008c58 0ff5f593 andi             x11, x11, 255       x11=00000064 x11:00000064
39245255ns          672096 1c008c5c 00b78c63 beq              x15, x11, 24        x15:0000002d x11:00000064
39245275ns          672097 1c008c60 00078b63 beq              x15, x0, 22         x15:0000002d
39245295ns          672098 1c008c62 00150793 addi             x15, x10, 1         x15=1c0000a5 x10:1c0000a4
39245315ns          672099 1c008c66 0040006f jal              x0, 4              
39245812ns          672124 1c008c6a 00f00533 add              x10, x0, x15        x10=1c0000a5 x15:1c0000a5
39245832ns          672125 1c008c6c 0017c70b p.lbu            x14, 1(x15!)        x14=0000002b x15=1c0000a6 x15:1c0000a5  PA:1c0000a5
39246448ns          672156 1c008c70 feb71ce3 bne              x14, x11, -8        x14:0000002b x11:00000064
39246508ns          672159 1c008c68 00070763 beq              x14, x0, 14         x14:0000002b
39246528ns          672160 1c008c6a 00f00533 add              x10, x0, x15        x10=1c0000a6 x15:1c0000a6
39246548ns          672161 1c008c6c 0017c70b p.lbu            x14, 1(x15!)        x14=00000020 x15=1c0000a7 x15:1c0000a6  PA:1c0000a6
39246866ns          672177 1c008c70 feb71ce3 bne              x14, x11, -8        x14:00000020 x11:00000064
39246926ns          672180 1c008c68 00070763 beq              x14, x0, 14         x14:00000020
39246946ns          672181 1c008c6a 00f00533 add              x10, x0, x15        x10=1c0000a7 x15:1c0000a7
39246966ns          672182 1c008c6c 0017c70b p.lbu            x14, 1(x15!)        x14=00000023 x15=1c0000a8 x15:1c0000a7  PA:1c0000a7
39247343ns          672201 1c008c70 feb71ce3 bne              x14, x11, -8        x14:00000023 x11:00000064
39247403ns          672204 1c008c68 00070763 beq              x14, x0, 14         x14:00000023
39247423ns          672205 1c008c6a 00f00533 add              x10, x0, x15        x10=1c0000a8 x15:1c0000a8
39247443ns          672206 1c008c6c 0017c70b p.lbu            x14, 1(x15!)        x14=00000030 x15=1c0000a9 x15:1c0000a8  PA:1c0000a8
39247761ns          672222 1c008c70 feb71ce3 bne              x14, x11, -8        x14:00000030 x11:00000064
39247821ns          672225 1c008c68 00070763 beq              x14, x0, 14         x14:00000030
39247841ns          672226 1c008c6a 00f00533 add              x10, x0, x15        x10=1c0000a9 x15:1c0000a9
39247860ns          672227 1c008c6c 0017c70b p.lbu            x14, 1(x15!)        x14=00000000 x15=1c0000aa x15:1c0000a9  PA:1c0000a9
39248298ns          672249 1c008c70 feb71ce3 bne              x14, x11, -8        x14:00000000 x11:00000064
39248358ns          672252 1c008c68 00070763 beq              x14, x0, 14         x14:00000000
39248437ns          672256 1c008c76 0015b593 sltiu            x11, x11, 1         x11=00000000 x11:00000064
39248457ns          672257 1c008c7a 40b005b3 sub              x11, x0, x11        x11=00000000 x11:00000000
39248477ns          672258 1c008c7e 00b57533 and              x10, x10, x11       x10=00000000 x10:1c0000a9 x11:00000000
39248497ns          672259 1c008c80 00008067 jalr             x0, x1, 0            x1:1c008e12
39248537ns          672261 1c008e12 02050a63 beq              x10, x0, 52         x10:00000000
39248676ns          672268 1c008e46 02a00613 addi             x12, x0, 42         x12=0000002a
39248696ns          672269 1c008e4a 2ac48663 beq              x9, x12, 684         x9:00000064 x12:0000002a
39248835ns          672276 1c008e4e fd048613 addi             x12, x9, -48        x12=00000034  x9:00000064
39248855ns          672277 1c008e52 00900593 addi             x11, x0, 9          x11=00000009
39248875ns          672278 1c008e54 00000913 addi             x18, x0, 0          x18=00000000
39248895ns          672279 1c008e56 28c5f063 bgeu             x11, x12, 640       x11:00000009 x12:00000034
39248915ns          672280 1c008e5a 02e00693 addi             x13, x0, 46         x13=0000002e
39248934ns          672281 1c008e5e fff00a13 addi             x20, x0, -1         x20=ffffffff
39249352ns          672302 1c008e60 2ed48363 beq              x9, x13, 742         x9:00000064 x13:0000002e
39249392ns          672304 1c008e64 1c0007b7 lui              x15, 0x1c000000     x15=1c000000
39249412ns          672305 1c008e68 009005b3 add              x11, x0, x9         x11=00000064  x9:00000064
39249432ns          672306 1c008e6a 0ac78513 addi             x10, x15, 172       x10=1c0000ac x15:1c000000
39249452ns          672307 1c008e6e de7ff0ef jal              x1, -538             x1=1c008e70
39249909ns          672330 1c008c54 00054783 lbu              x15, 0(x10)         x15=00000068 x10:1c0000ac  PA:1c0000ac
39250287ns          672349 1c008c58 0ff5f593 andi             x11, x11, 255       x11=00000064 x11:00000064
39250307ns          672350 1c008c5c 00b78c63 beq              x15, x11, 24        x15:00000068 x11:00000064
39250327ns          672351 1c008c60 00078b63 beq              x15, x0, 22         x15:00000068
39250346ns          672352 1c008c62 00150793 addi             x15, x10, 1         x15=1c0000ad x10:1c0000ac
39250366ns          672353 1c008c66 0040006f jal              x0, 4              
39250406ns          672355 1c008c6a 00f00533 add              x10, x0, x15        x10=1c0000ad x15:1c0000ad
39250426ns          672356 1c008c6c 0017c70b p.lbu            x14, 1(x15!)        x14=0000006c x15=1c0000ae x15:1c0000ad  PA:1c0000ad
39250744ns          672372 1c008c70 feb71ce3 bne              x14, x11, -8        x14:0000006c x11:00000064
39250804ns          672375 1c008c68 00070763 beq              x14, x0, 14         x14:0000006c
39250824ns          672376 1c008c6a 00f00533 add              x10, x0, x15        x10=1c0000ae x15:1c0000ae
39250844ns          672377 1c008c6c 0017c70b p.lbu            x14, 1(x15!)        x14=0000004c x15=1c0000af x15:1c0000ae  PA:1c0000ae
39251162ns          672393 1c008c70 feb71ce3 bne              x14, x11, -8        x14:0000004c x11:00000064
39251222ns          672396 1c008c68 00070763 beq              x14, x0, 14         x14:0000004c
39251241ns          672397 1c008c6a 00f00533 add              x10, x0, x15        x10=1c0000af x15:1c0000af
39251261ns          672398 1c008c6c 0017c70b p.lbu            x14, 1(x15!)        x14=0000007a x15=1c0000b0 x15:1c0000af  PA:1c0000af
39251580ns          672414 1c008c70 feb71ce3 bne              x14, x11, -8        x14:0000007a x11:00000064
39251639ns          672417 1c008c68 00070763 beq              x14, x0, 14         x14:0000007a
39251659ns          672418 1c008c6a 00f00533 add              x10, x0, x15        x10=1c0000b0 x15:1c0000b0
39251679ns          672419 1c008c6c 0017c70b p.lbu            x14, 1(x15!)        x14=00000000 x15=1c0000b1 x15:1c0000b0  PA:1c0000b0
39251997ns          672435 1c008c70 feb71ce3 bne              x14, x11, -8        x14:00000000 x11:00000064
39252057ns          672438 1c008c68 00070763 beq              x14, x0, 14         x14:00000000
39252136ns          672442 1c008c76 0015b593 sltiu            x11, x11, 1         x11=00000000 x11:00000064
39252156ns          672443 1c008c7a 40b005b3 sub              x11, x0, x11        x11=00000000 x11:00000000
39252176ns          672444 1c008c7e 00b57533 and              x10, x10, x11       x10=00000000 x10:1c0000b0 x11:00000000
39252196ns          672445 1c008c80 00008067 jalr             x0, x1, 0            x1:1c008e70
39252236ns          672447 1c008e70 01300433 add              x8, x0, x19          x8=1c000039 x19:1c000039
39252256ns          672448 1c008e72 00050563 beq              x10, x0, 10         x10:00000000
39252315ns          672451 1c008e7c 06700693 addi             x13, x0, 103        x13=00000067
39252693ns          672470 1c008e80 2896d963 bge              x13, x9, 658        x13:00000067  x9:00000064
39253210ns          672496 1c009112 06500693 addi             x13, x0, 101        x13=00000065
39253230ns          672497 1c009116 12d4d563 bge              x9, x13, 298         x9:00000064 x13:00000065
39253250ns          672498 1c00911a 04700693 addi             x13, x0, 71         x13=00000047
39253688ns          672520 1c00911e dc96cbe3 blt              x13, x9, -554       x13:00000047  x9:00000064
39254185ns          672545 1c008ef4 06300693 addi             x13, x0, 99         x13=00000063
39254225ns          672547 1c008ef8 0ad488e3 beq              x9, x13, 2224        x9:00000064 x13:00000063
39254245ns          672548 1c008efc 0096c9e3 blt              x13, x9, 2066       x13:00000063  x9:00000064
39255716ns          672622 1c00970e 000c2583 lw               x11, 0(x24)         x11=00000000 x24:10002f6c  PA:10002f6c
39255736ns          672623 1c009712 004c0c13 addi             x24, x24, 4         x24=10002f70 x24:10002f6c
39255756ns          672624 1c009714 3405cc63 blt              x11, x0, 856        x11:00000000
39255776ns          672625 1c009718 01412603 lw               x12, 20(x2)         x12=00000000  x2:10002e18  PA:10002e2c
39255796ns          672626 1c00971a 00b006b3 add              x13, x0, x11        x13=00000000 x11:00000000
39255816ns          672627 1c00971c 2e061863 bne              x12, x0, 752        x12:00000000
39256233ns          672648 1c009720 01812703 lw               x14, 24(x2)         x14=00000000  x2:10002e18  PA:10002e30
39256253ns          672649 1c009722 019007b3 add              x15, x0, x25        x15=10002e3c x25:10002e3c
39256273ns          672650 1c009724 00070763 beq              x14, x0, 14         x14:00000000
39256770ns          672675 1c009732 00f00733 add              x14, x0, x15        x14=10002e3c x15:10002e3c
39256810ns          672677 1c009734 00a00513 addi             x10, x0, 10         x10=0000000a
39256830ns          672678 1c009736 02a6f633 remu             x12, x13, x10       x12=00000000 x13:00000000 x10:0000000a
39257446ns          672709 1c00973a 02a6d6b3 divu             x13, x13, x10       x13=00000000 x13:00000000 x10:0000000a
39258063ns          672740 1c00973e 03060613 addi             x12, x12, 48        x12=00000030 x12:00000000
39258083ns          672741 1c009742 00c700ab p.sb             x12, 1(x14!)        x14=10002e3d x12:00000030 x14:10002e3c  PA:10002e3c
39258103ns          672742 1c009746 fe0698e3 bne              x13, x0, -16        x13:00000000
39258123ns          672743 1c009748 40f706b3 sub              x13, x14, x15       x13=00000001 x14:10002e3d x15:10002e3c
39258143ns          672744 1c00974c 0146dc63 bge              x13, x20, 24        x13:00000001 x20:ffffffff
39259018ns          672788 1c009764 00e006b3 add              x13, x0, x14        x13=10002e3d x14:10002e3d
39259057ns          672790 1c009766 fe068fab p.sb             x0, -1(x13!)        x13=10002e3c x13:10002e3d  PA:10002e3d
39259077ns          672791 1c00976a 00d7fc63 bgeu             x15, x13, 24        x15:10002e3c x13:10002e3c
39259972ns          672836 1c009782 01412783 lw               x15, 20(x2)         x15=00000000  x2:10002e18  PA:10002e2c
39260012ns          672838 1c009784 01812603 lw               x12, 24(x2)         x12=00000000  x2:10002e18  PA:10002e30
39260032ns          672839 1c009786 419704b3 sub              x9, x14, x25         x9=00000001 x14:10002e3d x25:10002e3c
39260052ns          672840 1c00978a 00c7e7b3 or               x15, x15, x12       x15=00000000 x15:00000000 x12:00000000
39260072ns          672841 1c00978c 00f12623 sw               x15, 12(x2)         x15:00000000  x2:10002e18  PA:10002e24
39260092ns          672842 1c00978e 00079363 bne              x15, x0, 6          x15:00000000
39260489ns          672862 1c009790 01f5d593 srli             x11, x11, 0x1f      x11=00000000 x11:00000000
39260509ns          672863 1c009792 00b12623 sw               x11, 12(x2)         x11:00000000  x2:10002e18  PA:10002e24
39260529ns          672864 1c009794 e3fa28e3 p.beqimm         x20, -464           x20:ffffffff
39261006ns          672888 1c0095c4 0c800793 addi             x15, x0, 200        x15=000000c8
39261046ns          672890 1c0095c8 9e97d0e3 bge              x15, x9, -1568      x15:000000c8  x9:00000001
39261981ns          672937 1c008fa8 0f24d163 bge              x9, x18, 226         x9:00000001 x18:00000000
39262498ns          672963 1c00908a d00482e3 beq              x9, x0, -764         x9:00000001
39262518ns          672964 1c00908e 01900933 add              x18, x0, x25        x18=10002e3c x25:10002e3c
39262936ns          672985 1c009090 419d8db3 sub              x27, x27, x25       x27=efffd1df x27:0000001b x25:10002e3c
39262975ns          672987 1c009094 00a0006f jal              x0, 10             
39263473ns          673012 1c00909e 0019450b p.lbu            x10, 1(x18!)        x10=00000030 x18=10002e3d x18:10002e3c  PA:10002e3c
39263492ns          673013 1c0090a2 01a005b3 add              x11, x0, x26        x11=00000002 x26:00000002
39263512ns          673014 1c0090a4 000b00e7 jalr             x1, x22, 0           x1=1c0090a6 x22:1c008cd4
39263592ns          673018 1c008cd4 000026b7 lui              x13, 0x2000         x13=00002000
39263632ns          673020 1c008cd6 f14027f3 csrrs            x15, x0, 0xf14      x15=00000005
39263652ns          673021 1c008cda f8068693 addi             x13, x13, -128      x13=00001f80 x13:00002000
39263711ns          673024 1c008cde 00379713 slli             x14, x15, 0x3       x14=00000028 x15:00000005
39263731ns          673025 1c008ce2 00279793 slli             x15, x15, 0x2       x15=00000014 x15:00000005
39263751ns          673026 1c008ce4 00d7f7b3 and              x15, x15, x13       x15=00000000 x15:00000014 x13:00001f80
39263771ns          673027 1c008ce6 ee873733 p.bclr           x14, x14, 23, 8     x14=00000028 x14:00000028
39263791ns          673028 1c008cea 1a10f6b7 lui              x13, 0x1a10f000     x13=1a10f000
39263850ns          673031 1c008cee 0ff57513 andi             x10, x10, 255       x10=00000030 x10:00000030
39263870ns          673032 1c008cf2 00d70733 add              x14, x14, x13       x14=1a10f028 x14:00000028 x13:1a10f000
39263890ns          673033 1c008cf4 00a7e723 p.sw             x10, x0(x15)        x10:00000030 x15:00000000  PA:1a10f028
39264487ns          673063 1c008cf8 00000513 addi             x10, x0, 0          x10=00000000
39264507ns          673064 1c008cfa 00008067 jalr             x0, x1, 0            x1:1c0090a6
39264547ns          673066 1c0090a6 fff48493 addi             x9, x9, -1           x9=00000000  x9:00000001
39264566ns          673067 1c0090a8 fff537e3 p.bneimm         x10, -18            x10:00000000
39264825ns          673080 1c009096 012d8733 add              x14, x27, x18       x14=0000001c x27:efffd1df x18:10002e3d
39264845ns          673081 1c00909a 5a048b63 beq              x9, x0, 1462         x9:00000000
39265322ns          673105 1c009650 00e00db3 add              x27, x0, x14        x27=0000001c x14:0000001c
39265362ns          673107 1c009652 f3cff06f jal              x0, -2244          
39265521ns          673115 1c008d8e 00044503 lbu              x10, 0(x8)          x10=00000020  x8:1c000039  PA:1c000039
39265959ns          673137 1c008d92 00140413 addi             x8, x8, 1            x8=1c00003a  x8:1c000039
39265978ns          673138 1c008d94 00050e63 beq              x10, x0, 28         x10:00000020
39265998ns          673139 1c008d96 02500793 addi             x15, x0, 37         x15=00000025
39266018ns          673140 1c008d9a 04f50863 beq              x10, x15, 80        x10:00000020 x15:00000025
39266038ns          673141 1c008d9e 01a005b3 add              x11, x0, x26        x11=00000002 x26:00000002
39266058ns          673142 1c008da0 000b00e7 jalr             x1, x22, 0           x1=1c008da2 x22:1c008cd4
39266138ns          673146 1c008cd4 000026b7 lui              x13, 0x2000         x13=00002000
39266177ns          673148 1c008cd6 f14027f3 csrrs            x15, x0, 0xf14      x15=00000005
39266197ns          673149 1c008cda f8068693 addi             x13, x13, -128      x13=00001f80 x13:00002000
39266217ns          673150 1c008cde 00379713 slli             x14, x15, 0x3       x14=00000028 x15:00000005
39266237ns          673151 1c008ce2 00279793 slli             x15, x15, 0x2       x15=00000014 x15:00000005
39266257ns          673152 1c008ce4 00d7f7b3 and              x15, x15, x13       x15=00000000 x15:00000014 x13:00001f80
39266277ns          673153 1c008ce6 ee873733 p.bclr           x14, x14, 23, 8     x14=00000028 x14:00000028
39266297ns          673154 1c008cea 1a10f6b7 lui              x13, 0x1a10f000     x13=1a10f000
39266317ns          673155 1c008cee 0ff57513 andi             x10, x10, 255       x10=00000020 x10:00000020
39266336ns          673156 1c008cf2 00d70733 add              x14, x14, x13       x14=1a10f028 x14:00000028 x13:1a10f000
39266356ns          673157 1c008cf4 00a7e723 p.sw             x10, x0(x15)        x10:00000020 x15:00000000  PA:1a10f028
39266834ns          673181 1c008cf8 00000513 addi             x10, x0, 0          x10=00000000
39266854ns          673182 1c008cfa 00008067 jalr             x0, x1, 0            x1:1c008da2
39266913ns          673185 1c008da2 31f52563 p.beqimm         x10, 778            x10:00000000
39266933ns          673186 1c008da6 001d8d93 addi             x27, x27, 1         x27=0000001d x27:0000001c
39266953ns          673187 1c008da8 00044503 lbu              x10, 0(x8)          x10=00000063  x8:1c00003a  PA:1c00003a
39267251ns          673202 1c008dac 00140413 addi             x8, x8, 1            x8=1c00003b  x8:1c00003a
39267271ns          673203 1c008dae fe0514e3 bne              x10, x0, -24        x10:00000063
39267351ns          673207 1c008d96 02500793 addi             x15, x0, 37         x15=00000025
39267371ns          673208 1c008d9a 04f50863 beq              x10, x15, 80        x10:00000063 x15:00000025
39267390ns          673209 1c008d9e 01a005b3 add              x11, x0, x26        x11=00000002 x26:00000002
39267410ns          673210 1c008da0 000b00e7 jalr             x1, x22, 0           x1=1c008da2 x22:1c008cd4
39267450ns          673212 1c008cd4 000026b7 lui              x13, 0x2000         x13=00002000
39267470ns          673213 1c008cd6 f14027f3 csrrs            x15, x0, 0xf14      x15=00000005
39267490ns          673214 1c008cda f8068693 addi             x13, x13, -128      x13=00001f80 x13:00002000
39267510ns          673215 1c008cde 00379713 slli             x14, x15, 0x3       x14=00000028 x15:00000005
39267530ns          673216 1c008ce2 00279793 slli             x15, x15, 0x2       x15=00000014 x15:00000005
39267550ns          673217 1c008ce4 00d7f7b3 and              x15, x15, x13       x15=00000000 x15:00000014 x13:00001f80
39267569ns          673218 1c008ce6 ee873733 p.bclr           x14, x14, 23, 8     x14=00000028 x14:00000028
39267589ns          673219 1c008cea 1a10f6b7 lui              x13, 0x1a10f000     x13=1a10f000
39267609ns          673220 1c008cee 0ff57513 andi             x10, x10, 255       x10=00000063 x10:00000063
39267629ns          673221 1c008cf2 00d70733 add              x14, x14, x13       x14=1a10f028 x14:00000028 x13:1a10f000
39267649ns          673222 1c008cf4 00a7e723 p.sw             x10, x0(x15)        x10:00000063 x15:00000000  PA:1a10f028
39268007ns          673240 1c008cf8 00000513 addi             x10, x0, 0          x10=00000000
39268027ns          673241 1c008cfa 00008067 jalr             x0, x1, 0            x1:1c008da2
39268087ns          673244 1c008da2 31f52563 p.beqimm         x10, 778            x10:00000000
39268106ns          673245 1c008da6 001d8d93 addi             x27, x27, 1         x27=0000001e x27:0000001d
39268126ns          673246 1c008da8 00044503 lbu              x10, 0(x8)          x10=0000006f  x8:1c00003b  PA:1c00003b
39268445ns          673262 1c008dac 00140413 addi             x8, x8, 1            x8=1c00003c  x8:1c00003b
39268464ns          673263 1c008dae fe0514e3 bne              x10, x0, -24        x10:0000006f
39268544ns          673267 1c008d96 02500793 addi             x15, x0, 37         x15=00000025
39268564ns          673268 1c008d9a 04f50863 beq              x10, x15, 80        x10:0000006f x15:00000025
39268584ns          673269 1c008d9e 01a005b3 add              x11, x0, x26        x11=00000002 x26:00000002
39268604ns          673270 1c008da0 000b00e7 jalr             x1, x22, 0           x1=1c008da2 x22:1c008cd4
39268643ns          673272 1c008cd4 000026b7 lui              x13, 0x2000         x13=00002000
39268663ns          673273 1c008cd6 f14027f3 csrrs            x15, x0, 0xf14      x15=00000005
39268683ns          673274 1c008cda f8068693 addi             x13, x13, -128      x13=00001f80 x13:00002000
39268703ns          673275 1c008cde 00379713 slli             x14, x15, 0x3       x14=00000028 x15:00000005
39268723ns          673276 1c008ce2 00279793 slli             x15, x15, 0x2       x15=00000014 x15:00000005
39268743ns          673277 1c008ce4 00d7f7b3 and              x15, x15, x13       x15=00000000 x15:00000014 x13:00001f80
39268763ns          673278 1c008ce6 ee873733 p.bclr           x14, x14, 23, 8     x14=00000028 x14:00000028
39268783ns          673279 1c008cea 1a10f6b7 lui              x13, 0x1a10f000     x13=1a10f000
39268803ns          673280 1c008cee 0ff57513 andi             x10, x10, 255       x10=0000006f x10:0000006f
39268822ns          673281 1c008cf2 00d70733 add              x14, x14, x13       x14=1a10f028 x14:00000028 x13:1a10f000
39268842ns          673282 1c008cf4 00a7e723 p.sw             x10, x0(x15)        x10:0000006f x15:00000000  PA:1a10f028
39269161ns          673298 1c008cf8 00000513 addi             x10, x0, 0          x10=00000000
39269180ns          673299 1c008cfa 00008067 jalr             x0, x1, 0            x1:1c008da2
39269240ns          673302 1c008da2 31f52563 p.beqimm         x10, 778            x10:00000000
39269260ns          673303 1c008da6 001d8d93 addi             x27, x27, 1         x27=0000001f x27:0000001e
39269280ns          673304 1c008da8 00044503 lbu              x10, 0(x8)          x10=00000072  x8:1c00003c  PA:1c00003c
39269578ns          673319 1c008dac 00140413 addi             x8, x8, 1            x8=1c00003d  x8:1c00003c
39269598ns          673320 1c008dae fe0514e3 bne              x10, x0, -24        x10:00000072
39269678ns          673324 1c008d96 02500793 addi             x15, x0, 37         x15=00000025
39269698ns          673325 1c008d9a 04f50863 beq              x10, x15, 80        x10:00000072 x15:00000025
39269717ns          673326 1c008d9e 01a005b3 add              x11, x0, x26        x11=00000002 x26:00000002
39269737ns          673327 1c008da0 000b00e7 jalr             x1, x22, 0           x1=1c008da2 x22:1c008cd4
39269777ns          673329 1c008cd4 000026b7 lui              x13, 0x2000         x13=00002000
39269797ns          673330 1c008cd6 f14027f3 csrrs            x15, x0, 0xf14      x15=00000005
39269817ns          673331 1c008cda f8068693 addi             x13, x13, -128      x13=00001f80 x13:00002000
39269837ns          673332 1c008cde 00379713 slli             x14, x15, 0x3       x14=00000028 x15:00000005
39269857ns          673333 1c008ce2 00279793 slli             x15, x15, 0x2       x15=00000014 x15:00000005
39269876ns          673334 1c008ce4 00d7f7b3 and              x15, x15, x13       x15=00000000 x15:00000014 x13:00001f80
39269896ns          673335 1c008ce6 ee873733 p.bclr           x14, x14, 23, 8     x14=00000028 x14:00000028
39269916ns          673336 1c008cea 1a10f6b7 lui              x13, 0x1a10f000     x13=1a10f000
39269936ns          673337 1c008cee 0ff57513 andi             x10, x10, 255       x10=00000072 x10:00000072
39269956ns          673338 1c008cf2 00d70733 add              x14, x14, x13       x14=1a10f028 x14:00000028 x13:1a10f000
39269976ns          673339 1c008cf4 00a7e723 p.sw             x10, x0(x15)        x10:00000072 x15:00000000  PA:1a10f028
39270294ns          673355 1c008cf8 00000513 addi             x10, x0, 0          x10=00000000
39270314ns          673356 1c008cfa 00008067 jalr             x0, x1, 0            x1:1c008da2
39270374ns          673359 1c008da2 31f52563 p.beqimm         x10, 778            x10:00000000
39270394ns          673360 1c008da6 001d8d93 addi             x27, x27, 1         x27=00000020 x27:0000001f
39270413ns          673361 1c008da8 00044503 lbu              x10, 0(x8)          x10=00000065  x8:1c00003d  PA:1c00003d
39270712ns          673376 1c008dac 00140413 addi             x8, x8, 1            x8=1c00003e  x8:1c00003d
39270732ns          673377 1c008dae fe0514e3 bne              x10, x0, -24        x10:00000065
39270811ns          673381 1c008d96 02500793 addi             x15, x0, 37         x15=00000025
39270831ns          673382 1c008d9a 04f50863 beq              x10, x15, 80        x10:00000065 x15:00000025
39270851ns          673383 1c008d9e 01a005b3 add              x11, x0, x26        x11=00000002 x26:00000002
39270871ns          673384 1c008da0 000b00e7 jalr             x1, x22, 0           x1=1c008da2 x22:1c008cd4
39270911ns          673386 1c008cd4 000026b7 lui              x13, 0x2000         x13=00002000
39270931ns          673387 1c008cd6 f14027f3 csrrs            x15, x0, 0xf14      x15=00000005
39270950ns          673388 1c008cda f8068693 addi             x13, x13, -128      x13=00001f80 x13:00002000
39270970ns          673389 1c008cde 00379713 slli             x14, x15, 0x3       x14=00000028 x15:00000005
39270990ns          673390 1c008ce2 00279793 slli             x15, x15, 0x2       x15=00000014 x15:00000005
39271010ns          673391 1c008ce4 00d7f7b3 and              x15, x15, x13       x15=00000000 x15:00000014 x13:00001f80
39271030ns          673392 1c008ce6 ee873733 p.bclr           x14, x14, 23, 8     x14=00000028 x14:00000028
39271050ns          673393 1c008cea 1a10f6b7 lui              x13, 0x1a10f000     x13=1a10f000
39271070ns          673394 1c008cee 0ff57513 andi             x10, x10, 255       x10=00000065 x10:00000065
39271090ns          673395 1c008cf2 00d70733 add              x14, x14, x13       x14=1a10f028 x14:00000028 x13:1a10f000
39271110ns          673396 1c008cf4 00a7e723 p.sw             x10, x0(x15)        x10:00000065 x15:00000000  PA:1a10f028
39271428ns          673412 1c008cf8 00000513 addi             x10, x0, 0          x10=00000000
39271448ns          673413 1c008cfa 00008067 jalr             x0, x1, 0            x1:1c008da2
39271507ns          673416 1c008da2 31f52563 p.beqimm         x10, 778            x10:00000000
39271527ns          673417 1c008da6 001d8d93 addi             x27, x27, 1         x27=00000021 x27:00000020
39271547ns          673418 1c008da8 00044503 lbu              x10, 0(x8)          x10=00000020  x8:1c00003e  PA:1c00003e
39271845ns          673433 1c008dac 00140413 addi             x8, x8, 1            x8=1c00003f  x8:1c00003e
39271865ns          673434 1c008dae fe0514e3 bne              x10, x0, -24        x10:00000020
39271945ns          673438 1c008d96 02500793 addi             x15, x0, 37         x15=00000025
39271965ns          673439 1c008d9a 04f50863 beq              x10, x15, 80        x10:00000020 x15:00000025
39271985ns          673440 1c008d9e 01a005b3 add              x11, x0, x26        x11=00000002 x26:00000002
39272005ns          673441 1c008da0 000b00e7 jalr             x1, x22, 0           x1=1c008da2 x22:1c008cd4
39272044ns          673443 1c008cd4 000026b7 lui              x13, 0x2000         x13=00002000
39272064ns          673444 1c008cd6 f14027f3 csrrs            x15, x0, 0xf14      x15=00000005
39272084ns          673445 1c008cda f8068693 addi             x13, x13, -128      x13=00001f80 x13:00002000
39272104ns          673446 1c008cde 00379713 slli             x14, x15, 0x3       x14=00000028 x15:00000005
39272124ns          673447 1c008ce2 00279793 slli             x15, x15, 0x2       x15=00000014 x15:00000005
39272144ns          673448 1c008ce4 00d7f7b3 and              x15, x15, x13       x15=00000000 x15:00000014 x13:00001f80
39272164ns          673449 1c008ce6 ee873733 p.bclr           x14, x14, 23, 8     x14=00000028 x14:00000028
39272184ns          673450 1c008cea 1a10f6b7 lui              x13, 0x1a10f000     x13=1a10f000
39272203ns          673451 1c008cee 0ff57513 andi             x10, x10, 255       x10=00000020 x10:00000020
39272223ns          673452 1c008cf2 00d70733 add              x14, x14, x13       x14=1a10f028 x14:00000028 x13:1a10f000
39272243ns          673453 1c008cf4 00a7e723 p.sw             x10, x0(x15)        x10:00000020 x15:00000000  PA:1a10f028
39272581ns          673470 1c008cf8 00000513 addi             x10, x0, 0          x10=00000000
39272601ns          673471 1c008cfa 00008067 jalr             x0, x1, 0            x1:1c008da2
39272661ns          673474 1c008da2 31f52563 p.beqimm         x10, 778            x10:00000000
39272681ns          673475 1c008da6 001d8d93 addi             x27, x27, 1         x27=00000022 x27:00000021
39272701ns          673476 1c008da8 00044503 lbu              x10, 0(x8)          x10=00000025  x8:1c00003f  PA:1c00003f
39272999ns          673491 1c008dac 00140413 addi             x8, x8, 1            x8=1c000040  x8:1c00003f
39273019ns          673492 1c008dae fe0514e3 bne              x10, x0, -24        x10:00000025
39273098ns          673496 1c008d96 02500793 addi             x15, x0, 37         x15=00000025
39273118ns          673497 1c008d9a 04f50863 beq              x10, x15, 80        x10:00000025 x15:00000025
39273198ns          673501 1c008dea 00044483 lbu              x9, 0(x8)            x9=00000064  x8:1c000040  PA:1c000040
39273516ns          673517 1c008dee 02000693 addi             x13, x0, 32         x13=00000020
39273536ns          673518 1c008df2 00140a93 addi             x21, x8, 1          x21=1c000041  x8:1c000040
39273556ns          673519 1c008df6 009005b3 add              x11, x0, x9         x11=00000064  x9:00000064
39273576ns          673520 1c008df8 0a4b8513 addi             x10, x23, 164       x10=1c0000a4 x23:1c000000
39273596ns          673521 1c008dfc 00d12823 sw               x13, 16(x2)         x13:00000020  x2:10002e18  PA:10002e28
39273615ns          673522 1c008dfe 00012c23 sw               x0, 24(x2)           x2:10002e18  PA:10002e30
39273635ns          673523 1c008e00 00012a23 sw               x0, 20(x2)           x2:10002e18  PA:10002e2c
39273655ns          673524 1c008e02 00012e23 sw               x0, 28(x2)           x2:10002e18  PA:10002e34
39273675ns          673525 1c008e04 00012623 sw               x0, 12(x2)           x2:10002e18  PA:10002e24
39273695ns          673526 1c008e06 02300913 addi             x18, x0, 35         x18=00000023
39273715ns          673527 1c008e0a 02d00a13 addi             x20, x0, 45         x20=0000002d
39273735ns          673528 1c008e0e 015009b3 add              x19, x0, x21        x19=1c000041 x21:1c000041
39273755ns          673529 1c008e10 e45ff0ef jal              x1, -444             x1=1c008e12
39273834ns          673533 1c008c54 00054783 lbu              x15, 0(x10)         x15=0000002d x10:1c0000a4  PA:1c0000a4
39274152ns          673549 1c008c58 0ff5f593 andi             x11, x11, 255       x11=00000064 x11:00000064
39274172ns          673550 1c008c5c 00b78c63 beq              x15, x11, 24        x15:0000002d x11:00000064
39274192ns          673551 1c008c60 00078b63 beq              x15, x0, 22         x15:0000002d
39274212ns          673552 1c008c62 00150793 addi             x15, x10, 1         x15=1c0000a5 x10:1c0000a4
39274232ns          673553 1c008c66 0040006f jal              x0, 4              
39274272ns          673555 1c008c6a 00f00533 add              x10, x0, x15        x10=1c0000a5 x15:1c0000a5
39274292ns          673556 1c008c6c 0017c70b p.lbu            x14, 1(x15!)        x14=0000002b x15=1c0000a6 x15:1c0000a5  PA:1c0000a5
39274610ns          673572 1c008c70 feb71ce3 bne              x14, x11, -8        x14:0000002b x11:00000064
39274670ns          673575 1c008c68 00070763 beq              x14, x0, 14         x14:0000002b
39274689ns          673576 1c008c6a 00f00533 add              x10, x0, x15        x10=1c0000a6 x15:1c0000a6
39274709ns          673577 1c008c6c 0017c70b p.lbu            x14, 1(x15!)        x14=00000020 x15=1c0000a7 x15:1c0000a6  PA:1c0000a6
39275047ns          673594 1c008c70 feb71ce3 bne              x14, x11, -8        x14:00000020 x11:00000064
39275107ns          673597 1c008c68 00070763 beq              x14, x0, 14         x14:00000020
39275127ns          673598 1c008c6a 00f00533 add              x10, x0, x15        x10=1c0000a7 x15:1c0000a7
39275147ns          673599 1c008c6c 0017c70b p.lbu            x14, 1(x15!)        x14=00000023 x15=1c0000a8 x15:1c0000a7  PA:1c0000a7
39275465ns          673615 1c008c70 feb71ce3 bne              x14, x11, -8        x14:00000023 x11:00000064
39275525ns          673618 1c008c68 00070763 beq              x14, x0, 14         x14:00000023
39275545ns          673619 1c008c6a 00f00533 add              x10, x0, x15        x10=1c0000a8 x15:1c0000a8
39275564ns          673620 1c008c6c 0017c70b p.lbu            x14, 1(x15!)        x14=00000030 x15=1c0000a9 x15:1c0000a8  PA:1c0000a8
39275883ns          673636 1c008c70 feb71ce3 bne              x14, x11, -8        x14:00000030 x11:00000064
39275942ns          673639 1c008c68 00070763 beq              x14, x0, 14         x14:00000030
39275962ns          673640 1c008c6a 00f00533 add              x10, x0, x15        x10=1c0000a9 x15:1c0000a9
39275982ns          673641 1c008c6c 0017c70b p.lbu            x14, 1(x15!)        x14=00000000 x15=1c0000aa x15:1c0000a9  PA:1c0000a9
39276320ns          673658 1c008c70 feb71ce3 bne              x14, x11, -8        x14:00000000 x11:00000064
39276380ns          673661 1c008c68 00070763 beq              x14, x0, 14         x14:00000000
39276459ns          673665 1c008c76 0015b593 sltiu            x11, x11, 1         x11=00000000 x11:00000064
39276479ns          673666 1c008c7a 40b005b3 sub              x11, x0, x11        x11=00000000 x11:00000000
39276499ns          673667 1c008c7e 00b57533 and              x10, x10, x11       x10=00000000 x10:1c0000a9 x11:00000000
39276519ns          673668 1c008c80 00008067 jalr             x0, x1, 0            x1:1c008e12
39276559ns          673670 1c008e12 02050a63 beq              x10, x0, 52         x10:00000000
39276638ns          673674 1c008e46 02a00613 addi             x12, x0, 42         x12=0000002a
39276658ns          673675 1c008e4a 2ac48663 beq              x9, x12, 684         x9:00000064 x12:0000002a
39276678ns          673676 1c008e4e fd048613 addi             x12, x9, -48        x12=00000034  x9:00000064
39276698ns          673677 1c008e52 00900593 addi             x11, x0, 9          x11=00000009
39276718ns          673678 1c008e54 00000913 addi             x18, x0, 0          x18=00000000
39276738ns          673679 1c008e56 28c5f063 bgeu             x11, x12, 640       x11:00000009 x12:00000034
39276758ns          673680 1c008e5a 02e00693 addi             x13, x0, 46         x13=0000002e
39276778ns          673681 1c008e5e fff00a13 addi             x20, x0, -1         x20=ffffffff
39276798ns          673682 1c008e60 2ed48363 beq              x9, x13, 742         x9:00000064 x13:0000002e
39276817ns          673683 1c008e64 1c0007b7 lui              x15, 0x1c000000     x15=1c000000
39276837ns          673684 1c008e68 009005b3 add              x11, x0, x9         x11=00000064  x9:00000064
39276857ns          673685 1c008e6a 0ac78513 addi             x10, x15, 172       x10=1c0000ac x15:1c000000
39276877ns          673686 1c008e6e de7ff0ef jal              x1, -538             x1=1c008e70
39276917ns          673688 1c008c54 00054783 lbu              x15, 0(x10)         x15=00000068 x10:1c0000ac  PA:1c0000ac
39277215ns          673703 1c008c58 0ff5f593 andi             x11, x11, 255       x11=00000064 x11:00000064
39277235ns          673704 1c008c5c 00b78c63 beq              x15, x11, 24        x15:00000068 x11:00000064
39277255ns          673705 1c008c60 00078b63 beq              x15, x0, 22         x15:00000068
39277275ns          673706 1c008c62 00150793 addi             x15, x10, 1         x15=1c0000ad x10:1c0000ac
39277295ns          673707 1c008c66 0040006f jal              x0, 4              
39277334ns          673709 1c008c6a 00f00533 add              x10, x0, x15        x10=1c0000ad x15:1c0000ad
39277354ns          673710 1c008c6c 0017c70b p.lbu            x14, 1(x15!)        x14=0000006c x15=1c0000ae x15:1c0000ad  PA:1c0000ad
39277692ns          673727 1c008c70 feb71ce3 bne              x14, x11, -8        x14:0000006c x11:00000064
39277752ns          673730 1c008c68 00070763 beq              x14, x0, 14         x14:0000006c
39277772ns          673731 1c008c6a 00f00533 add              x10, x0, x15        x10=1c0000ae x15:1c0000ae
39277792ns          673732 1c008c6c 0017c70b p.lbu            x14, 1(x15!)        x14=0000004c x15=1c0000af x15:1c0000ae  PA:1c0000ae
39278170ns          673751 1c008c70 feb71ce3 bne              x14, x11, -8        x14:0000004c x11:00000064
39278229ns          673754 1c008c68 00070763 beq              x14, x0, 14         x14:0000004c
39278249ns          673755 1c008c6a 00f00533 add              x10, x0, x15        x10=1c0000af x15:1c0000af
39278269ns          673756 1c008c6c 0017c70b p.lbu            x14, 1(x15!)        x14=0000007a x15=1c0000b0 x15:1c0000af  PA:1c0000af
39278587ns          673772 1c008c70 feb71ce3 bne              x14, x11, -8        x14:0000007a x11:00000064
39278647ns          673775 1c008c68 00070763 beq              x14, x0, 14         x14:0000007a
39278667ns          673776 1c008c6a 00f00533 add              x10, x0, x15        x10=1c0000b0 x15:1c0000b0
39278687ns          673777 1c008c6c 0017c70b p.lbu            x14, 1(x15!)        x14=00000000 x15=1c0000b1 x15:1c0000b0  PA:1c0000b0
39279025ns          673794 1c008c70 feb71ce3 bne              x14, x11, -8        x14:00000000 x11:00000064
39279085ns          673797 1c008c68 00070763 beq              x14, x0, 14         x14:00000000
39279164ns          673801 1c008c76 0015b593 sltiu            x11, x11, 1         x11=00000000 x11:00000064
39279184ns          673802 1c008c7a 40b005b3 sub              x11, x0, x11        x11=00000000 x11:00000000
39279204ns          673803 1c008c7e 00b57533 and              x10, x10, x11       x10=00000000 x10:1c0000b0 x11:00000000
39279224ns          673804 1c008c80 00008067 jalr             x0, x1, 0            x1:1c008e70
39279303ns          673808 1c008e70 01300433 add              x8, x0, x19          x8=1c000041 x19:1c000041
39279323ns          673809 1c008e72 00050563 beq              x10, x0, 10         x10:00000000
39279383ns          673812 1c008e7c 06700693 addi             x13, x0, 103        x13=00000067
39279443ns          673815 1c008e80 2896d963 bge              x13, x9, 658        x13:00000067  x9:00000064
39279582ns          673822 1c009112 06500693 addi             x13, x0, 101        x13=00000065
39279602ns          673823 1c009116 12d4d563 bge              x9, x13, 298         x9:00000064 x13:00000065
39279622ns          673824 1c00911a 04700693 addi             x13, x0, 71         x13=00000047
39279681ns          673827 1c00911e dc96cbe3 blt              x13, x9, -554       x13:00000047  x9:00000064
39279781ns          673832 1c008ef4 06300693 addi             x13, x0, 99         x13=00000063
39279820ns          673834 1c008ef8 0ad488e3 beq              x9, x13, 2224        x9:00000064 x13:00000063
39279840ns          673835 1c008efc 0096c9e3 blt              x13, x9, 2066       x13:00000063  x9:00000064
39279980ns          673842 1c00970e 000c2583 lw               x11, 0(x24)         x11=00000005 x24:10002f70  PA:10002f70
39279999ns          673843 1c009712 004c0c13 addi             x24, x24, 4         x24=10002f74 x24:10002f70
39280019ns          673844 1c009714 3405cc63 blt              x11, x0, 856        x11:00000005
39280039ns          673845 1c009718 01412603 lw               x12, 20(x2)         x12=00000000  x2:10002e18  PA:10002e2c
39280059ns          673846 1c00971a 00b006b3 add              x13, x0, x11        x13=00000005 x11:00000005
39280079ns          673847 1c00971c 2e061863 bne              x12, x0, 752        x12:00000000
39280099ns          673848 1c009720 01812703 lw               x14, 24(x2)         x14=00000000  x2:10002e18  PA:10002e30
39280119ns          673849 1c009722 019007b3 add              x15, x0, x25        x15=10002e3c x25:10002e3c
39280139ns          673850 1c009724 00070763 beq              x14, x0, 14         x14:00000000
39280238ns          673855 1c009732 00f00733 add              x14, x0, x15        x14=10002e3c x15:10002e3c
39280278ns          673857 1c009734 00a00513 addi             x10, x0, 10         x10=0000000a
39280298ns          673858 1c009736 02a6f633 remu             x12, x13, x10       x12=00000005 x13:00000005 x10:0000000a
39280914ns          673889 1c00973a 02a6d6b3 divu             x13, x13, x10       x13=00000000 x13:00000005 x10:0000000a
39281531ns          673920 1c00973e 03060613 addi             x12, x12, 48        x12=00000035 x12:00000005
39281551ns          673921 1c009742 00c700ab p.sb             x12, 1(x14!)        x14=10002e3d x12:00000035 x14:10002e3c  PA:10002e3c
39281571ns          673922 1c009746 fe0698e3 bne              x13, x0, -16        x13:00000000
39281591ns          673923 1c009748 40f706b3 sub              x13, x14, x15       x13=00000001 x14:10002e3d x15:10002e3c
39281610ns          673924 1c00974c 0146dc63 bge              x13, x20, 24        x13:00000001 x20:ffffffff
39281690ns          673928 1c009764 00e006b3 add              x13, x0, x14        x13=10002e3d x14:10002e3d
39281710ns          673929 1c009766 fe068fab p.sb             x0, -1(x13!)        x13=10002e3c x13:10002e3d  PA:10002e3d
39281730ns          673930 1c00976a 00d7fc63 bgeu             x15, x13, 24        x15:10002e3c x13:10002e3c
39281869ns          673937 1c009782 01412783 lw               x15, 20(x2)         x15=00000000  x2:10002e18  PA:10002e2c
39281909ns          673939 1c009784 01812603 lw               x12, 24(x2)         x12=00000000  x2:10002e18  PA:10002e30
39281929ns          673940 1c009786 419704b3 sub              x9, x14, x25         x9=00000001 x14:10002e3d x25:10002e3c
39281949ns          673941 1c00978a 00c7e7b3 or               x15, x15, x12       x15=00000000 x15:00000000 x12:00000000
39281968ns          673942 1c00978c 00f12623 sw               x15, 12(x2)         x15:00000000  x2:10002e18  PA:10002e24
39281988ns          673943 1c00978e 00079363 bne              x15, x0, 6          x15:00000000
39282008ns          673944 1c009790 01f5d593 srli             x11, x11, 0x1f      x11=00000000 x11:00000005
39282028ns          673945 1c009792 00b12623 sw               x11, 12(x2)         x11:00000000  x2:10002e18  PA:10002e24
39282048ns          673946 1c009794 e3fa28e3 p.beqimm         x20, -464           x20:ffffffff
39282108ns          673949 1c0095c4 0c800793 addi             x15, x0, 200        x15=000000c8
39282128ns          673950 1c0095c8 9e97d0e3 bge              x15, x9, -1568      x15:000000c8  x9:00000001
39282247ns          673956 1c008fa8 0f24d163 bge              x9, x18, 226         x9:00000001 x18:00000000
39282565ns          673972 1c00908a d00482e3 beq              x9, x0, -764         x9:00000001
39282585ns          673973 1c00908e 01900933 add              x18, x0, x25        x18=10002e3c x25:10002e3c
39282625ns          673975 1c009090 419d8db3 sub              x27, x27, x25       x27=efffd1e6 x27:00000022 x25:10002e3c
39282664ns          673977 1c009094 00a0006f jal              x0, 10             
39282764ns          673982 1c00909e 0019450b p.lbu            x10, 1(x18!)        x10=00000035 x18=10002e3d x18:10002e3c  PA:10002e3c
39282784ns          673983 1c0090a2 01a005b3 add              x11, x0, x26        x11=00000002 x26:00000002
39282804ns          673984 1c0090a4 000b00e7 jalr             x1, x22, 0           x1=1c0090a6 x22:1c008cd4
39282843ns          673986 1c008cd4 000026b7 lui              x13, 0x2000         x13=00002000
39282863ns          673987 1c008cd6 f14027f3 csrrs            x15, x0, 0xf14      x15=00000005
39282883ns          673988 1c008cda f8068693 addi             x13, x13, -128      x13=00001f80 x13:00002000
39282943ns          673991 1c008cde 00379713 slli             x14, x15, 0x3       x14=00000028 x15:00000005
39282963ns          673992 1c008ce2 00279793 slli             x15, x15, 0x2       x15=00000014 x15:00000005
39282983ns          673993 1c008ce4 00d7f7b3 and              x15, x15, x13       x15=00000000 x15:00000014 x13:00001f80
39283003ns          673994 1c008ce6 ee873733 p.bclr           x14, x14, 23, 8     x14=00000028 x14:00000028
39283022ns          673995 1c008cea 1a10f6b7 lui              x13, 0x1a10f000     x13=1a10f000
39283082ns          673998 1c008cee 0ff57513 andi             x10, x10, 255       x10=00000035 x10:00000035
39283102ns          673999 1c008cf2 00d70733 add              x14, x14, x13       x14=1a10f028 x14:00000028 x13:1a10f000
39283122ns          674000 1c008cf4 00a7e723 p.sw             x10, x0(x15)        x10:00000035 x15:00000000  PA:1a10f028
39283579ns          674023 1c008cf8 00000513 addi             x10, x0, 0          x10=00000000
39283599ns          674024 1c008cfa 00008067 jalr             x0, x1, 0            x1:1c0090a6
39283639ns          674026 1c0090a6 fff48493 addi             x9, x9, -1           x9=00000000  x9:00000001
39283659ns          674027 1c0090a8 fff537e3 p.bneimm         x10, -18            x10:00000000
39283798ns          674034 1c009096 012d8733 add              x14, x27, x18       x14=00000023 x27:efffd1e6 x18:10002e3d
39283818ns          674035 1c00909a 5a048b63 beq              x9, x0, 1462         x9:00000000
39283917ns          674040 1c009650 00e00db3 add              x27, x0, x14        x27=00000023 x14:00000023
39283957ns          674042 1c009652 f3cff06f jal              x0, -2244          
39284077ns          674048 1c008d8e 00044503 lbu              x10, 0(x8)          x10=0000000a  x8:1c000041  PA:1c000041
39284375ns          674063 1c008d92 00140413 addi             x8, x8, 1            x8=1c000042  x8:1c000041
39284395ns          674064 1c008d94 00050e63 beq              x10, x0, 28         x10:0000000a
39284415ns          674065 1c008d96 02500793 addi             x15, x0, 37         x15=00000025
39284435ns          674066 1c008d9a 04f50863 beq              x10, x15, 80        x10:0000000a x15:00000025
39284454ns          674067 1c008d9e 01a005b3 add              x11, x0, x26        x11=00000002 x26:00000002
39284474ns          674068 1c008da0 000b00e7 jalr             x1, x22, 0           x1=1c008da2 x22:1c008cd4
39284514ns          674070 1c008cd4 000026b7 lui              x13, 0x2000         x13=00002000
39284534ns          674071 1c008cd6 f14027f3 csrrs            x15, x0, 0xf14      x15=00000005
39284554ns          674072 1c008cda f8068693 addi             x13, x13, -128      x13=00001f80 x13:00002000
39284574ns          674073 1c008cde 00379713 slli             x14, x15, 0x3       x14=00000028 x15:00000005
39284594ns          674074 1c008ce2 00279793 slli             x15, x15, 0x2       x15=00000014 x15:00000005
39284614ns          674075 1c008ce4 00d7f7b3 and              x15, x15, x13       x15=00000000 x15:00000014 x13:00001f80
39284633ns          674076 1c008ce6 ee873733 p.bclr           x14, x14, 23, 8     x14=00000028 x14:00000028
39284653ns          674077 1c008cea 1a10f6b7 lui              x13, 0x1a10f000     x13=1a10f000
39284673ns          674078 1c008cee 0ff57513 andi             x10, x10, 255       x10=0000000a x10:0000000a
39284693ns          674079 1c008cf2 00d70733 add              x14, x14, x13       x14=1a10f028 x14:00000028 x13:1a10f000
39284713ns          674080 1c008cf4 00a7e723 p.sw             x10, x0(x15)        x10:0000000a x15:00000000  PA:1a10f028
39285051ns          674097 1c008cf8 00000513 addi             x10, x0, 0          x10=00000000
39285071ns          674098 1c008cfa 00008067 jalr             x0, x1, 0            x1:1c008da2
39285131ns          674101 1c008da2 31f52563 p.beqimm         x10, 778            x10:00000000
39285150ns          674102 1c008da6 001d8d93 addi             x27, x27, 1         x27=00000024 x27:00000023
39285170ns          674103 1c008da8 00044503 lbu              x10, 0(x8)          x10=00000000  x8:1c000042  PA:1c000042
39285469ns          674118 1c008dac 00140413 addi             x8, x8, 1            x8=1c000043  x8:1c000042
39285489ns          674119 1c008dae fe0514e3 bne              x10, x0, -24        x10:00000000
39285508ns          674120 1c008db0 01b00433 add              x8, x0, x27          x8=00000024 x27:00000024
39285528ns          674121 1c008db2 00800533 add              x10, x0, x8         x10=00000024  x8:00000024
39285548ns          674122 1c008db4 12c12083 lw               x1, 300(x2)          x1=1c008d40  x2:10002e18  PA:10002f44
39285568ns          674123 1c008db8 12812403 lw               x8, 296(x2)          x8=00000005  x2:10002e18  PA:10002f40
39285588ns          674124 1c008dbc 12412483 lw               x9, 292(x2)          x9=00000000  x2:10002e18  PA:10002f3c
39285866ns          674138 1c008dc0 12012903 lw               x18, 288(x2)        x18=00000000  x2:10002e18  PA:10002f38
39285906ns          674140 1c008dc4 11c12983 lw               x19, 284(x2)        x19=00000000  x2:10002e18  PA:10002f34
39285926ns          674141 1c008dc8 11812a03 lw               x20, 280(x2)        x20=00000000  x2:10002e18  PA:10002f30
39285946ns          674142 1c008dcc 11412a83 lw               x21, 276(x2)        x21=00000000  x2:10002e18  PA:10002f2c
39286423ns          674166 1c008dd0 11012b03 lw               x22, 272(x2)        x22=00000000  x2:10002e18  PA:10002f28
39286463ns          674168 1c008dd4 10c12b83 lw               x23, 268(x2)        x23=00000000  x2:10002e18  PA:10002f24
39286483ns          674169 1c008dd8 10812c03 lw               x24, 264(x2)        x24=00000000  x2:10002e18  PA:10002f20
39286503ns          674170 1c008ddc 10412c83 lw               x25, 260(x2)        x25=00000000  x2:10002e18  PA:10002f1c
39286563ns          674173 1c008de0 10012d03 lw               x26, 256(x2)        x26=00000000  x2:10002e18  PA:10002f18
39286602ns          674175 1c008de4 0fc12d83 lw               x27, 252(x2)        x27=00000000  x2:10002e18  PA:10002f14
39286622ns          674176 1c008de6 13010113 addi             x2, x2, 304          x2=10002f48  x2:10002e18
39286642ns          674177 1c008de8 00008067 jalr             x0, x1, 0            x1:1c008d40
39286722ns          674181 1c008d40 01c12083 lw               x1, 28(x2)           x1=1c0081fe  x2:10002f48  PA:10002f64
39286742ns          674182 1c008d42 04010113 addi             x2, x2, 64           x2=10002f88  x2:10002f48
39286781ns          674184 1c008d44 00008067 jalr             x0, x1, 0            x1:1c0081fe
39286861ns          674188 1c0081fe 00000513 addi             x10, x0, 0          x10=00000000
39286940ns          674192 1c008200 55e000ef jal              x1, 1374             x1=1c008202
39287895ns          674240 1c00875e 002047b7 lui              x15, 0x204000       x15=00204000
39287935ns          674242 1c008762 02078793 addi             x15, x15, 32        x15=00204020 x15:00204000
39287955ns          674243 1c008766 00f50533 add              x10, x10, x15       x10=00204020 x10:00000000 x15:00204020
39287975ns          674244 1c008768 00751513 slli             x10, x10, 0x7       x10=10201000 x10:00204020
39287994ns          674245 1c00876a 00008067 jalr             x0, x1, 0            x1:1c008202
39288412ns          674266 1c008202 32041763 bne              x8, x0, 814          x8:00000005
39288949ns          674293 1c008530 fc143ee3 p.bneimm         x8, -36              x8:00000005
39289426ns          674317 1c00850c 299010ef jal              x1, 6808             x1=1c008510
39289904ns          674341 1c009fa4 f14027f3 csrrs            x15, x0, 0xf14      x15=00000005
39289943ns          674343 1c009fa8 01f00713 addi             x14, x0, 31         x14=0000001f
39289963ns          674344 1c009faa ca5797b3 p.extractu       x15, x15, 5, 5      x15=00000000 x15:00000005
39290401ns          674366 1c009fae 00e78863 beq              x15, x14, 16        x15:00000000 x14:0000001f
39290441ns          674368 1c009fb2 002047b7 lui              x15, 0x204000       x15=00204000
39290461ns          674369 1c009fb6 20078793 addi             x15, x15, 512       x15=00204200 x15:00204000
39290480ns          674370 1c009fba 01c7e703 p.elw            x14, 28(x15)        x14=00010000 x15:00204200  PA:0020421c
40256476ns          722859 1c009fbe 00008067 jalr             x0, x1, 0            x1:1c008510
40256636ns          722867 1c008510 06c12083 lw               x1, 108(x2)          x1=1c009e76  x2:10002f88  PA:10002ff4
40256656ns          722868 1c008512 06812403 lw               x8, 104(x2)          x8=00000000  x2:10002f88  PA:10002ff0
40256676ns          722869 1c008514 06412483 lw               x9, 100(x2)          x9=00000000  x2:10002f88  PA:10002fec
40256696ns          722870 1c008516 06012903 lw               x18, 96(x2)         x18=00000000  x2:10002f88  PA:10002fe8
40256717ns          722871 1c008518 05c12983 lw               x19, 92(x2)         x19=00000000  x2:10002f88  PA:10002fe4
40256737ns          722872 1c00851a 05812a03 lw               x20, 88(x2)         x20=00000000  x2:10002f88  PA:10002fe0
40256757ns          722873 1c00851c 05412a83 lw               x21, 84(x2)         x21=00000000  x2:10002f88  PA:10002fdc
40256777ns          722874 1c00851e 05012b03 lw               x22, 80(x2)         x22=00000000  x2:10002f88  PA:10002fd8
40257118ns          722891 1c008520 04c12b83 lw               x23, 76(x2)         x23=00000000  x2:10002f88  PA:10002fd4
40257138ns          722892 1c008522 04812c03 lw               x24, 72(x2)         x24=00000000  x2:10002f88  PA:10002fd0
40257158ns          722893 1c008524 04412c83 lw               x25, 68(x2)         x25=00000000  x2:10002f88  PA:10002fcc
40257178ns          722894 1c008526 04012d03 lw               x26, 64(x2)         x26=00000000  x2:10002f88  PA:10002fc8
40257198ns          722895 1c008528 03c12d83 lw               x27, 60(x2)         x27=00000000  x2:10002f88  PA:10002fc4
40257218ns          722896 1c00852a 00100513 addi             x10, x0, 1          x10=00000001
40257238ns          722897 1c00852c 07010113 addi             x2, x2, 112          x2=10002ff8  x2:10002f88
40257258ns          722898 1c00852e 00008067 jalr             x0, x1, 0            x1:1c009e76
40257720ns          722921 1c009e76 01f00713 addi             x14, x0, 31         x14=0000001f
40257760ns          722923 1c009e78 f14027f3 csrrs            x15, x0, 0xf14      x15=00000005
40257780ns          722924 1c009e7c ca5797b3 p.extractu       x15, x15, 5, 5      x15=00000000 x15:00000005
40257840ns          722927 1c009e80 00e78863 beq              x15, x14, 16        x15:00000000 x14:0000001f
40257880ns          722929 1c009e84 002047b7 lui              x15, 0x204000       x15=00204000
40257900ns          722930 1c009e88 20078793 addi             x15, x15, 512       x15=00204200 x15:00204000
40257920ns          722931 1c009e8c 01c7e703 p.elw            x14, 28(x15)        x14=00010000 x15:00204200  PA:0020421c
40258181ns          722944 1c009e90 f14027f3 csrrs            x15, x0, 0xf14      x15=00000005
40258221ns          722946 1c009e94 f457b7b3 p.bclr           x15, x15, 26, 5     x15=00000005 x15:00000005
40258241ns          722947 1c009e98 00079963 bne              x15, x0, 18         x15:00000005
40258723ns          722971 1c009eaa 002047b7 lui              x15, 0x204000       x15=00204000
40258743ns          722972 1c009eae fff00713 addi             x14, x0, -1         x14=ffffffff
40259225ns          722996 1c009eb0 00e7a223 sw               x14, 4(x15)         x14:ffffffff x15:00204000  PA:00204004
