                Time          Cycles PC       Instr    Mnemonic
13435332ns          216201 1c008080 000000b7 lui              x1, 0x0              x1=00000000
13435371ns          216203 1c008084 00000137 lui              x2, 0x0              x2=00000000
13435391ns          216204 1c008088 000001b7 lui              x3, 0x0              x3=00000000
13435411ns          216205 1c00808c 00000237 lui              x4, 0x0              x4=00000000
13435849ns          216227 1c008090 000002b7 lui              x5, 0x0              x5=00000000
13435888ns          216229 1c008094 00000337 lui              x6, 0x0              x6=00000000
13435908ns          216230 1c008098 000003b7 lui              x7, 0x0              x7=00000000
13435928ns          216231 1c00809c 00000437 lui              x8, 0x0              x8=00000000
13436366ns          216253 1c0080a0 000004b7 lui              x9, 0x0              x9=00000000
13436405ns          216255 1c0080a4 00000537 lui              x10, 0x0            x10=00000000
13436425ns          216256 1c0080a8 000005b7 lui              x11, 0x0            x11=00000000
13436445ns          216257 1c0080ac 00000637 lui              x12, 0x0            x12=00000000
13436903ns          216280 1c0080b0 000006b7 lui              x13, 0x0            x13=00000000
13436942ns          216282 1c0080b4 00000737 lui              x14, 0x0            x14=00000000
13436962ns          216283 1c0080b8 000007b7 lui              x15, 0x0            x15=00000000
13436982ns          216284 1c0080bc 00000837 lui              x16, 0x0            x16=00000000
13437420ns          216306 1c0080c0 000008b7 lui              x17, 0x0            x17=00000000
13437460ns          216308 1c0080c4 00000937 lui              x18, 0x0            x18=00000000
13437479ns          216309 1c0080c8 000009b7 lui              x19, 0x0            x19=00000000
13437499ns          216310 1c0080cc 00000a37 lui              x20, 0x0            x20=00000000
13437937ns          216332 1c0080d0 00000ab7 lui              x21, 0x0            x21=00000000
13437977ns          216334 1c0080d4 00000b37 lui              x22, 0x0            x22=00000000
13437997ns          216335 1c0080d8 00000bb7 lui              x23, 0x0            x23=00000000
13438016ns          216336 1c0080dc 00000c37 lui              x24, 0x0            x24=00000000
13438454ns          216358 1c0080e0 00000cb7 lui              x25, 0x0            x25=00000000
13438494ns          216360 1c0080e4 00000d37 lui              x26, 0x0            x26=00000000
13438514ns          216361 1c0080e8 00000db7 lui              x27, 0x0            x27=00000000
13438534ns          216362 1c0080ec 00000e37 lui              x28, 0x0            x28=00000000
13438971ns          216384 1c0080f0 00000eb7 lui              x29, 0x0            x29=00000000
13439011ns          216386 1c0080f4 00000f37 lui              x30, 0x0            x30=00000000
13439031ns          216387 1c0080f8 00000fb7 lui              x31, 0x0            x31=00000000
13439051ns          216388 1c0080fc 0700006f jal              x0, 112            
13439965ns          216434 1c00816c f1402573 csrrs            x10, x0, 0xf14      x10=00000003
13440423ns          216457 1c008170 01f57593 andi             x11, x10, 31        x11=00000003 x10:00000003
13440463ns          216459 1c008174 00555513 srli             x10, x10, 0x5       x10=00000000 x10:00000003
13440483ns          216460 1c008176 01f00613 addi             x12, x0, 31         x12=0000001f
13440502ns          216461 1c008178 00c50463 beq              x10, x12, 8         x10:00000000 x12:0000001f
13440522ns          216462 1c00817c f95ff06f jal              x0, -108           
13441417ns          216507 1c008110 f3ff8117 auipc            x2, 0xf3ff8000       x2=10000110
13441457ns          216509 1c008114 ef410113 addi             x2, x2, -268         x2=10000004  x2:10000110
13441477ns          216510 1c008118 00012103 lw               x2, 0(x2)            x2=10000008  x2:10000004  PA:10000004
13441497ns          216511 1c00811c 000011b7 lui              x3, 0x1000           x3=00001000
13441934ns          216533 1c008120 80018193 addi             x3, x3, -2048        x3=00000800  x3:00001000
13441974ns          216535 1c008124 00158593 addi             x11, x11, 1         x11=00000004 x11:00000003
13441994ns          216536 1c008128 02b180b3 mul              x1, x3, x11          x1=00002000  x3:00000800 x11:00000004
13442014ns          216537 1c00812c 00110133 add              x2, x2, x1           x2=10002008  x2:10000008  x1:00002000
13442451ns          216559 1c008130 3f30106f jal              x0, 7154           
13442909ns          216582 1c009d22 ff010113 addi             x2, x2, -16          x2=10001ff8  x2:10002008
13442949ns          216584 1c009d24 00112623 sw               x1, 12(x2)           x1:00002000  x2:10001ff8  PA:10002004
13442969ns          216585 1c009d26 002047b7 lui              x15, 0x204000       x15=00204000
13442988ns          216586 1c009d2a 00070737 lui              x14, 0x70000        x14=00070000
13443008ns          216587 1c009d2e 00e7a423 sw               x14, 8(x15)         x14:00070000 x15:00204000  PA:00204008
13443446ns          216609 1c009d30 0ff00713 addi             x14, x0, 255        x14=000000ff
13443486ns          216611 1c009d34 20078793 addi             x15, x15, 512       x15=00204200 x15:00204000
13443506ns          216612 1c009d38 00e7a023 sw               x14, 0(x15)         x14:000000ff x15:00204200  PA:00204200
13443545ns          216614 1c009d3c 00e7a623 sw               x14, 12(x15)        x14:000000ff x15:00204200  PA:0020420c
13443963ns          216635 1c009d40 01f00693 addi             x13, x0, 31         x13=0000001f
13444003ns          216637 1c009d42 f1402773 csrrs            x14, x0, 0xf14      x14=00000003
13444023ns          216638 1c009d46 ca571733 p.extractu       x14, x14, 5, 5      x14=00000000 x14:00000003
13444042ns          216639 1c009d4a 00d70463 beq              x14, x13, 8         x14:00000000 x13:0000001f
13444480ns          216661 1c009d4e 01c7e703 p.elw            x14, 28(x15)        x14=00010000 x15:00204200  PA:0020421c
13444679ns          216671 1c009d52 1c0017b7 lui              x15, 0x1c001000     x15=1c001000
13444699ns          216672 1c009d56 e347a783 lw               x15, -460(x15)      x15=1c0081c6 x15:1c001000  PA:1c000e34
13445236ns          216699 1c009d5a 000780e7 jalr             x1, x15, 0           x1=1c009d5c x15:1c0081c6
13445773ns          216726 1c0081c6 1c0007b7 lui              x15, 0x1c000000     x15=1c000000
13445793ns          216727 1c0081ca ad010113 addi             x2, x2, -1328        x2=10001ac8  x2:10001ff8
13446250ns          216750 1c0081ce 01c78793 addi             x15, x15, 28        x15=1c00001c x15:1c000000
13446290ns          216752 1c0081d2 52112623 sw               x1, 1324(x2)         x1:1c009d5c  x2:10001ac8  PA:10001ff4
13446310ns          216753 1c0081d6 52812423 sw               x8, 1320(x2)         x8:00000000  x2:10001ac8  PA:10001ff0
13446330ns          216754 1c0081da 52912223 sw               x9, 1316(x2)         x9:00000000  x2:10001ac8  PA:10001fec
13446767ns          216776 1c0081de 53212023 sw               x18, 1312(x2)       x18:00000000  x2:10001ac8  PA:10001fe8
13446807ns          216778 1c0081e2 51312e23 sw               x19, 1308(x2)       x19:00000000  x2:10001ac8  PA:10001fe4
13446827ns          216779 1c0081e6 51412c23 sw               x20, 1304(x2)       x20:00000000  x2:10001ac8  PA:10001fe0
13446847ns          216780 1c0081ea 51512a23 sw               x21, 1300(x2)       x21:00000000  x2:10001ac8  PA:10001fdc
13447284ns          216802 1c0081ee 51612823 sw               x22, 1296(x2)       x22:00000000  x2:10001ac8  PA:10001fd8
13447304ns          216803 1c0081f2 01010713 addi             x14, x2, 16         x14=10001ad8  x2:10001ac8
13447324ns          216804 1c0081f4 28078613 addi             x12, x15, 640       x12=1c00029c x15:1c00001c
13447344ns          216805 1c0081f8 0287d0fb lp.setupi        0x1, 0x28, 0xf     
13447364ns          216806 1c0081fc 0007a883 lw               x17, 0(x15)         x17=0e590eac x15:1c00001c  PA:1c00001c
13447801ns          216828 1c008200 0047a803 lw               x16, 4(x15)         x16=009e0386 x15:1c00001c  PA:1c000020
13448259ns          216851 1c008204 0087a503 lw               x10, 8(x15)         x10=0eb50814 x15:1c00001c  PA:1c000024
13448577ns          216867 1c008206 00c7a583 lw               x11, 12(x15)        x11=02f60cd6 x15:1c00001c  PA:1c000028
13448895ns          216883 1c008208 01172023 sw               x17, 0(x14)         x17:0e590eac x14:10001ad8  PA:10001ad8
13448915ns          216884 1c00820c 01072223 sw               x16, 4(x14)         x16:009e0386 x14:10001ad8  PA:10001adc
13448935ns          216885 1c008210 00a72423 sw               x10, 8(x14)         x10:0eb50814 x14:10001ad8  PA:10001ae0
13448955ns          216886 1c008212 00b72623 sw               x11, 12(x14)        x11:02f60cd6 x14:10001ad8  PA:10001ae4
13448975ns          216887 1c008214 01078793 addi             x15, x15, 16        x15=1c00002c x15:1c00001c
13448995ns          216888 1c008216 01070713 addi             x14, x14, 16        x14=10001ae8 x14:10001ad8
13449392ns          216908 1c0081fc 0007a883 lw               x17, 0(x15)         x17=0b450a59 x15:1c00002c  PA:1c00002c
13449750ns          216926 1c008200 0047a803 lw               x16, 4(x15)         x16=060c097a x15:1c00002c  PA:1c000030
13450168ns          216947 1c008204 0087a503 lw               x10, 8(x15)         x10=08700afa x15:1c00002c  PA:1c000034
13450566ns          216967 1c008206 00c7a583 lw               x11, 12(x15)        x11=02ba0d87 x15:1c00002c  PA:1c000038
13450964ns          216987 1c008208 01172023 sw               x17, 0(x14)         x17:0b450a59 x14:10001ae8  PA:10001ae8
13450983ns          216988 1c00820c 01072223 sw               x16, 4(x14)         x16:060c097a x14:10001ae8  PA:10001aec
13451003ns          216989 1c008210 00a72423 sw               x10, 8(x14)         x10:08700afa x14:10001ae8  PA:10001af0
13451023ns          216990 1c008212 00b72623 sw               x11, 12(x14)        x11:02ba0d87 x14:10001ae8  PA:10001af4
13451043ns          216991 1c008214 01078793 addi             x15, x15, 16        x15=1c00003c x15:1c00002c
13451063ns          216992 1c008216 01070713 addi             x14, x14, 16        x14=10001af8 x14:10001ae8
13451083ns          216993 1c0081fc 0007a883 lw               x17, 0(x15)         x17=0ccb0ef9 x15:1c00003c  PA:1c00003c
13451381ns          217008 1c008200 0047a803 lw               x16, 4(x15)         x16=0c44086a x15:1c00003c  PA:1c000040
13451679ns          217023 1c008204 0087a503 lw               x10, 8(x15)         x10=01f000cb x15:1c00003c  PA:1c000044
13451978ns          217038 1c008206 00c7a583 lw               x11, 12(x15)        x11=00770ef7 x15:1c00003c  PA:1c000048
13452276ns          217053 1c008208 01172023 sw               x17, 0(x14)         x17:0ccb0ef9 x14:10001af8  PA:10001af8
13452296ns          217054 1c00820c 01072223 sw               x16, 4(x14)         x16:0c44086a x14:10001af8  PA:10001afc
13452316ns          217055 1c008210 00a72423 sw               x10, 8(x14)         x10:01f000cb x14:10001af8  PA:10001b00
13452336ns          217056 1c008212 00b72623 sw               x11, 12(x14)        x11:00770ef7 x14:10001af8  PA:10001b04
13452356ns          217057 1c008214 01078793 addi             x15, x15, 16        x15=1c00004c x15:1c00003c
13452376ns          217058 1c008216 01070713 addi             x14, x14, 16        x14=10001b08 x14:10001af8
13452395ns          217059 1c0081fc 0007a883 lw               x17, 0(x15)         x17=0a270eb9 x15:1c00004c  PA:1c00004c
13452714ns          217075 1c008200 0047a803 lw               x16, 4(x15)         x16=00370d49 x15:1c00004c  PA:1c000050
13453111ns          217095 1c008204 0087a503 lw               x10, 8(x15)         x10=0af30b46 x15:1c00004c  PA:1c000054
13453509ns          217115 1c008206 00c7a583 lw               x11, 12(x15)        x11=049001e8 x15:1c00004c  PA:1c000058
13453927ns          217136 1c008208 01172023 sw               x17, 0(x14)         x17:0a270eb9 x14:10001b08  PA:10001b08
13453947ns          217137 1c00820c 01072223 sw               x16, 4(x14)         x16:00370d49 x14:10001b08  PA:10001b0c
13453967ns          217138 1c008210 00a72423 sw               x10, 8(x14)         x10:0af30b46 x14:10001b08  PA:10001b10
13453986ns          217139 1c008212 00b72623 sw               x11, 12(x14)        x11:049001e8 x14:10001b08  PA:10001b14
13454006ns          217140 1c008214 01078793 addi             x15, x15, 16        x15=1c00005c x15:1c00004c
13454026ns          217141 1c008216 01070713 addi             x14, x14, 16        x14=10001b18 x14:10001b08
13454046ns          217142 1c0081fc 0007a883 lw               x17, 0(x15)         x17=08d200d0 x15:1c00005c  PA:1c00005c
13454344ns          217157 1c008200 0047a803 lw               x16, 4(x15)         x16=0f0d0354 x15:1c00005c  PA:1c000060
13454643ns          217172 1c008204 0087a503 lw               x10, 8(x15)         x10=087a0ca7 x15:1c00005c  PA:1c000064
13454941ns          217187 1c008206 00c7a583 lw               x11, 12(x15)        x11=0f4f002c x15:1c00005c  PA:1c000068
13455259ns          217203 1c008208 01172023 sw               x17, 0(x14)         x17:08d200d0 x14:10001b18  PA:10001b18
13455279ns          217204 1c00820c 01072223 sw               x16, 4(x14)         x16:0f0d0354 x14:10001b18  PA:10001b1c
13455299ns          217205 1c008210 00a72423 sw               x10, 8(x14)         x10:087a0ca7 x14:10001b18  PA:10001b20
13455319ns          217206 1c008212 00b72623 sw               x11, 12(x14)        x11:0f4f002c x14:10001b18  PA:10001b24
13455339ns          217207 1c008214 01078793 addi             x15, x15, 16        x15=1c00006c x15:1c00005c
13455359ns          217208 1c008216 01070713 addi             x14, x14, 16        x14=10001b28 x14:10001b18
13455379ns          217209 1c0081fc 0007a883 lw               x17, 0(x15)         x17=02620649 x15:1c00006c  PA:1c00006c
13455677ns          217224 1c008200 0047a803 lw               x16, 4(x15)         x16=0c740657 x15:1c00006c  PA:1c000070
13456055ns          217243 1c008204 0087a503 lw               x10, 8(x15)         x10=02d10a02 x15:1c00006c  PA:1c000074
13456453ns          217263 1c008206 00c7a583 lw               x11, 12(x15)        x11=01740b50 x15:1c00006c  PA:1c000078
13456870ns          217284 1c008208 01172023 sw               x17, 0(x14)         x17:02620649 x14:10001b28  PA:10001b28
13456890ns          217285 1c00820c 01072223 sw               x16, 4(x14)         x16:0c740657 x14:10001b28  PA:10001b2c
13456910ns          217286 1c008210 00a72423 sw               x10, 8(x14)         x10:02d10a02 x14:10001b28  PA:10001b30
13456930ns          217287 1c008212 00b72623 sw               x11, 12(x14)        x11:01740b50 x14:10001b28  PA:10001b34
13456950ns          217288 1c008214 01078793 addi             x15, x15, 16        x15=1c00007c x15:1c00006c
13456970ns          217289 1c008216 01070713 addi             x14, x14, 16        x14=10001b38 x14:10001b28
13456990ns          217290 1c0081fc 0007a883 lw               x17, 0(x15)         x17=0c0c0778 x15:1c00007c  PA:1c00007c
13457288ns          217305 1c008200 0047a803 lw               x16, 4(x15)         x16=0ef400c1 x15:1c00007c  PA:1c000080
13457586ns          217320 1c008204 0087a503 lw               x10, 8(x15)         x10=04780790 x15:1c00007c  PA:1c000084
13457904ns          217336 1c008206 00c7a583 lw               x11, 12(x15)        x11=0b29036f x15:1c00007c  PA:1c000088
13458203ns          217351 1c008208 01172023 sw               x17, 0(x14)         x17:0c0c0778 x14:10001b38  PA:10001b38
13458223ns          217352 1c00820c 01072223 sw               x16, 4(x14)         x16:0ef400c1 x14:10001b38  PA:10001b3c
13458243ns          217353 1c008210 00a72423 sw               x10, 8(x14)         x10:04780790 x14:10001b38  PA:10001b40
13458262ns          217354 1c008212 00b72623 sw               x11, 12(x14)        x11:0b29036f x14:10001b38  PA:10001b44
13458282ns          217355 1c008214 01078793 addi             x15, x15, 16        x15=1c00008c x15:1c00007c
13458302ns          217356 1c008216 01070713 addi             x14, x14, 16        x14=10001b48 x14:10001b38
13458322ns          217357 1c0081fc 0007a883 lw               x17, 0(x15)         x17=05ce0329 x15:1c00008c  PA:1c00008c
13458620ns          217372 1c008200 0047a803 lw               x16, 4(x15)         x16=07bc0b75 x15:1c00008c  PA:1c000090
13458919ns          217387 1c008204 0087a503 lw               x10, 8(x15)         x10=0a9f079e x15:1c00008c  PA:1c000094
13459316ns          217407 1c008206 00c7a583 lw               x11, 12(x15)        x11=018e0819 x15:1c00008c  PA:1c000098
13459714ns          217427 1c008208 01172023 sw               x17, 0(x14)         x17:05ce0329 x14:10001b48  PA:10001b48
13459734ns          217428 1c00820c 01072223 sw               x16, 4(x14)         x16:07bc0b75 x14:10001b48  PA:10001b4c
13459754ns          217429 1c008210 00a72423 sw               x10, 8(x14)         x10:0a9f079e x14:10001b48  PA:10001b50
13459774ns          217430 1c008212 00b72623 sw               x11, 12(x14)        x11:018e0819 x14:10001b48  PA:10001b54
13459794ns          217431 1c008214 01078793 addi             x15, x15, 16        x15=1c00009c x15:1c00008c
13459814ns          217432 1c008216 01070713 addi             x14, x14, 16        x14=10001b58 x14:10001b48
13459834ns          217433 1c0081fc 0007a883 lw               x17, 0(x15)         x17=0cbf0b8d x15:1c00009c  PA:1c00009c
13460132ns          217448 1c008200 0047a803 lw               x16, 4(x15)         x16=0b0005ee x15:1c00009c  PA:1c0000a0
13460490ns          217466 1c008204 0087a503 lw               x10, 8(x15)         x10=094a0b4e x15:1c00009c  PA:1c0000a4
13460888ns          217486 1c008206 00c7a583 lw               x11, 12(x15)        x11=03d006b2 x15:1c00009c  PA:1c0000a8
13461285ns          217506 1c008208 01172023 sw               x17, 0(x14)         x17:0cbf0b8d x14:10001b58  PA:10001b58
13461305ns          217507 1c00820c 01072223 sw               x16, 4(x14)         x16:0b0005ee x14:10001b58  PA:10001b5c
13461325ns          217508 1c008210 00a72423 sw               x10, 8(x14)         x10:094a0b4e x14:10001b58  PA:10001b60
13461345ns          217509 1c008212 00b72623 sw               x11, 12(x14)        x11:03d006b2 x14:10001b58  PA:10001b64
13461365ns          217510 1c008214 01078793 addi             x15, x15, 16        x15=1c0000ac x15:1c00009c
13461385ns          217511 1c008216 01070713 addi             x14, x14, 16        x14=10001b68 x14:10001b58
13461405ns          217512 1c0081fc 0007a883 lw               x17, 0(x15)         x17=0f0f0fd0 x15:1c0000ac  PA:1c0000ac
13461703ns          217527 1c008200 0047a803 lw               x16, 4(x15)         x16=0a8801c9 x15:1c0000ac  PA:1c0000b0
13462001ns          217542 1c008204 0087a503 lw               x10, 8(x15)         x10=06140441 x15:1c0000ac  PA:1c0000b4
13462300ns          217557 1c008206 00c7a583 lw               x11, 12(x15)        x11=0c62004b x15:1c0000ac  PA:1c0000b8
13462598ns          217572 1c008208 01172023 sw               x17, 0(x14)         x17:0f0f0fd0 x14:10001b68  PA:10001b68
13462618ns          217573 1c00820c 01072223 sw               x16, 4(x14)         x16:0a8801c9 x14:10001b68  PA:10001b6c
13462638ns          217574 1c008210 00a72423 sw               x10, 8(x14)         x10:06140441 x14:10001b68  PA:10001b70
13462658ns          217575 1c008212 00b72623 sw               x11, 12(x14)        x11:0c62004b x14:10001b68  PA:10001b74
13462678ns          217576 1c008214 01078793 addi             x15, x15, 16        x15=1c0000bc x15:1c0000ac
13462697ns          217577 1c008216 01070713 addi             x14, x14, 16        x14=10001b78 x14:10001b68
13462717ns          217578 1c0081fc 0007a883 lw               x17, 0(x15)         x17=0d5d0649 x15:1c0000bc  PA:1c0000bc
13463036ns          217594 1c008200 0047a803 lw               x16, 4(x15)         x16=01f50d4f x15:1c0000bc  PA:1c0000c0
13463413ns          217613 1c008204 0087a503 lw               x10, 8(x15)         x10=0f020523 x15:1c0000bc  PA:1c0000c4
13463811ns          217633 1c008206 00c7a583 lw               x11, 12(x15)        x11=03c608aa x15:1c0000bc  PA:1c0000c8
13464209ns          217653 1c008208 01172023 sw               x17, 0(x14)         x17:0d5d0649 x14:10001b78  PA:10001b78
13464229ns          217654 1c00820c 01072223 sw               x16, 4(x14)         x16:01f50d4f x14:10001b78  PA:10001b7c
13464249ns          217655 1c008210 00a72423 sw               x10, 8(x14)         x10:0f020523 x14:10001b78  PA:10001b80
13464269ns          217656 1c008212 00b72623 sw               x11, 12(x14)        x11:03c608aa x14:10001b78  PA:10001b84
13464288ns          217657 1c008214 01078793 addi             x15, x15, 16        x15=1c0000cc x15:1c0000bc
13464308ns          217658 1c008216 01070713 addi             x14, x14, 16        x14=10001b88 x14:10001b78
13464328ns          217659 1c0081fc 0007a883 lw               x17, 0(x15)         x17=004909b8 x15:1c0000cc  PA:1c0000cc
13464627ns          217674 1c008200 0047a803 lw               x16, 4(x15)         x16=01430185 x15:1c0000cc  PA:1c0000d0
13464925ns          217689 1c008204 0087a503 lw               x10, 8(x15)         x10=0253007a x15:1c0000cc  PA:1c0000d4
13465223ns          217704 1c008206 00c7a583 lw               x11, 12(x15)        x11=07d70eb3 x15:1c0000cc  PA:1c0000d8
13465522ns          217719 1c008208 01172023 sw               x17, 0(x14)         x17:004909b8 x14:10001b88  PA:10001b88
13465541ns          217720 1c00820c 01072223 sw               x16, 4(x14)         x16:01430185 x14:10001b88  PA:10001b8c
13465561ns          217721 1c008210 00a72423 sw               x10, 8(x14)         x10:0253007a x14:10001b88  PA:10001b90
13465581ns          217722 1c008212 00b72623 sw               x11, 12(x14)        x11:07d70eb3 x14:10001b88  PA:10001b94
13465601ns          217723 1c008214 01078793 addi             x15, x15, 16        x15=1c0000dc x15:1c0000cc
13465621ns          217724 1c008216 01070713 addi             x14, x14, 16        x14=10001b98 x14:10001b88
13465641ns          217725 1c0081fc 0007a883 lw               x17, 0(x15)         x17=0c4b0938 x15:1c0000dc  PA:1c0000dc
13466039ns          217745 1c008200 0047a803 lw               x16, 4(x15)         x16=0fff047a x15:1c0000dc  PA:1c0000e0
13466377ns          217762 1c008204 0087a503 lw               x10, 8(x15)         x10=02de0f03 x15:1c0000dc  PA:1c0000e4
13466774ns          217782 1c008206 00c7a583 lw               x11, 12(x15)        x11=04dc0393 x15:1c0000dc  PA:1c0000e8
13467192ns          217803 1c008208 01172023 sw               x17, 0(x14)         x17:0c4b0938 x14:10001b98  PA:10001b98
13467212ns          217804 1c00820c 01072223 sw               x16, 4(x14)         x16:0fff047a x14:10001b98  PA:10001b9c
13467232ns          217805 1c008210 00a72423 sw               x10, 8(x14)         x10:02de0f03 x14:10001b98  PA:10001ba0
13467252ns          217806 1c008212 00b72623 sw               x11, 12(x14)        x11:04dc0393 x14:10001b98  PA:10001ba4
13467272ns          217807 1c008214 01078793 addi             x15, x15, 16        x15=1c0000ec x15:1c0000dc
13467292ns          217808 1c008216 01070713 addi             x14, x14, 16        x14=10001ba8 x14:10001b98
13467311ns          217809 1c0081fc 0007a883 lw               x17, 0(x15)         x17=0e1807a5 x15:1c0000ec  PA:1c0000ec
13467610ns          217824 1c008200 0047a803 lw               x16, 4(x15)         x16=090e009d x15:1c0000ec  PA:1c0000f0
13467988ns          217843 1c008204 0087a503 lw               x10, 8(x15)         x10=0c9c0004 x15:1c0000ec  PA:1c0000f4
13468405ns          217864 1c008206 00c7a583 lw               x11, 12(x15)        x11=068d0927 x15:1c0000ec  PA:1c0000f8
13468803ns          217884 1c008208 01172023 sw               x17, 0(x14)         x17:0e1807a5 x14:10001ba8  PA:10001ba8
13468823ns          217885 1c00820c 01072223 sw               x16, 4(x14)         x16:090e009d x14:10001ba8  PA:10001bac
13468843ns          217886 1c008210 00a72423 sw               x10, 8(x14)         x10:0c9c0004 x14:10001ba8  PA:10001bb0
13468863ns          217887 1c008212 00b72623 sw               x11, 12(x14)        x11:068d0927 x14:10001ba8  PA:10001bb4
13468883ns          217888 1c008214 01078793 addi             x15, x15, 16        x15=1c0000fc x15:1c0000ec
13468902ns          217889 1c008216 01070713 addi             x14, x14, 16        x14=10001bb8 x14:10001ba8
13468922ns          217890 1c0081fc 0007a883 lw               x17, 0(x15)         x17=005c05f9 x15:1c0000fc  PA:1c0000fc
13469221ns          217905 1c008200 0047a803 lw               x16, 4(x15)         x16=0fa7077f x15:1c0000fc  PA:1c000100
13469519ns          217920 1c008204 0087a503 lw               x10, 8(x15)         x10=00e205e8 x15:1c0000fc  PA:1c000104
13469837ns          217936 1c008206 00c7a583 lw               x11, 12(x15)        x11=00b1007e x15:1c0000fc  PA:1c000108
13470136ns          217951 1c008208 01172023 sw               x17, 0(x14)         x17:005c05f9 x14:10001bb8  PA:10001bb8
13470155ns          217952 1c00820c 01072223 sw               x16, 4(x14)         x16:0fa7077f x14:10001bb8  PA:10001bbc
13470175ns          217953 1c008210 00a72423 sw               x10, 8(x14)         x10:00e205e8 x14:10001bb8  PA:10001bc0
13470195ns          217954 1c008212 00b72623 sw               x11, 12(x14)        x11:00b1007e x14:10001bb8  PA:10001bc4
13470215ns          217955 1c008214 01078793 addi             x15, x15, 16        x15=1c00010c x15:1c0000fc
13470235ns          217956 1c008216 01070713 addi             x14, x14, 16        x14=10001bc8 x14:10001bb8
13470255ns          217957 1c0081fc 0007a883 lw               x17, 0(x15)         x17=042c0bb9 x15:1c00010c  PA:1c00010c
13470553ns          217972 1c008200 0047a803 lw               x16, 4(x15)         x16=0365082e x15:1c00010c  PA:1c000110
13470852ns          217987 1c008204 0087a503 lw               x10, 8(x15)         x10=01ea0ee3 x15:1c00010c  PA:1c000114
13471170ns          218003 1c008206 00c7a583 lw               x11, 12(x15)        x11=0ed10e70 x15:1c00010c  PA:1c000118
13471548ns          218022 1c008208 01172023 sw               x17, 0(x14)         x17:042c0bb9 x14:10001bc8  PA:10001bc8
13471567ns          218023 1c00820c 01072223 sw               x16, 4(x14)         x16:0365082e x14:10001bc8  PA:10001bcc
13471587ns          218024 1c008210 00a72423 sw               x10, 8(x14)         x10:01ea0ee3 x14:10001bc8  PA:10001bd0
13471607ns          218025 1c008212 00b72623 sw               x11, 12(x14)        x11:0ed10e70 x14:10001bc8  PA:10001bd4
13471627ns          218026 1c008214 01078793 addi             x15, x15, 16        x15=1c00011c x15:1c00010c
13471647ns          218027 1c008216 01070713 addi             x14, x14, 16        x14=10001bd8 x14:10001bc8
13471667ns          218028 1c0081fc 0007a883 lw               x17, 0(x15)         x17=0958082a x15:1c00011c  PA:1c00011c
13471965ns          218043 1c008200 0047a803 lw               x16, 4(x15)         x16=0d870007 x15:1c00011c  PA:1c000120
13472264ns          218058 1c008204 0087a503 lw               x10, 8(x15)         x10=0aab0fee x15:1c00011c  PA:1c000124
13472562ns          218073 1c008206 00c7a583 lw               x11, 12(x15)        x11=060e0a24 x15:1c00011c  PA:1c000128
13472860ns          218088 1c008208 01172023 sw               x17, 0(x14)         x17:0958082a x14:10001bd8  PA:10001bd8
13472880ns          218089 1c00820c 01072223 sw               x16, 4(x14)         x16:0d870007 x14:10001bd8  PA:10001bdc
13472900ns          218090 1c008210 00a72423 sw               x10, 8(x14)         x10:0aab0fee x14:10001bd8  PA:10001be0
13472920ns          218091 1c008212 00b72623 sw               x11, 12(x14)        x11:060e0a24 x14:10001bd8  PA:10001be4
13472940ns          218092 1c008214 01078793 addi             x15, x15, 16        x15=1c00012c x15:1c00011c
13472960ns          218093 1c008216 01070713 addi             x14, x14, 16        x14=10001be8 x14:10001bd8
13472980ns          218094 1c0081fc 0007a883 lw               x17, 0(x15)         x17=07370a46 x15:1c00012c  PA:1c00012c
13473278ns          218109 1c008200 0047a803 lw               x16, 4(x15)         x16=089e0b7f x15:1c00012c  PA:1c000130
13473576ns          218124 1c008204 0087a503 lw               x10, 8(x15)         x10=032f0eb2 x15:1c00012c  PA:1c000134
13473894ns          218140 1c008206 00c7a583 lw               x11, 12(x15)        x11=012a0bf8 x15:1c00012c  PA:1c000138
13474193ns          218155 1c008208 01172023 sw               x17, 0(x14)         x17:07370a46 x14:10001be8  PA:10001be8
13474213ns          218156 1c00820c 01072223 sw               x16, 4(x14)         x16:089e0b7f x14:10001be8  PA:10001bec
13474232ns          218157 1c008210 00a72423 sw               x10, 8(x14)         x10:032f0eb2 x14:10001be8  PA:10001bf0
13474252ns          218158 1c008212 00b72623 sw               x11, 12(x14)        x11:012a0bf8 x14:10001be8  PA:10001bf4
13474272ns          218159 1c008214 01078793 addi             x15, x15, 16        x15=1c00013c x15:1c00012c
13474292ns          218160 1c008216 01070713 addi             x14, x14, 16        x14=10001bf8 x14:10001be8
13474312ns          218161 1c0081fc 0007a883 lw               x17, 0(x15)         x17=0ab40457 x15:1c00013c  PA:1c00013c
13474610ns          218176 1c008200 0047a803 lw               x16, 4(x15)         x16=09690854 x15:1c00013c  PA:1c000140
13474909ns          218191 1c008204 0087a503 lw               x10, 8(x15)         x10=02f70223 x15:1c00013c  PA:1c000144
13475227ns          218207 1c008206 00c7a583 lw               x11, 12(x15)        x11=074103fb x15:1c00013c  PA:1c000148
13475525ns          218222 1c008208 01172023 sw               x17, 0(x14)         x17:0ab40457 x14:10001bf8  PA:10001bf8
13475545ns          218223 1c00820c 01072223 sw               x16, 4(x14)         x16:09690854 x14:10001bf8  PA:10001bfc
13475565ns          218224 1c008210 00a72423 sw               x10, 8(x14)         x10:02f70223 x14:10001bf8  PA:10001c00
13475585ns          218225 1c008212 00b72623 sw               x11, 12(x14)        x11:074103fb x14:10001bf8  PA:10001c04
13475605ns          218226 1c008214 01078793 addi             x15, x15, 16        x15=1c00014c x15:1c00013c
13475625ns          218227 1c008216 01070713 addi             x14, x14, 16        x14=10001c08 x14:10001bf8
13475645ns          218228 1c0081fc 0007a883 lw               x17, 0(x15)         x17=08140ff9 x15:1c00014c  PA:1c00014c
13475943ns          218243 1c008200 0047a803 lw               x16, 4(x15)         x16=00310b98 x15:1c00014c  PA:1c000150
13476241ns          218258 1c008204 0087a503 lw               x10, 8(x15)         x10=05000b2b x15:1c00014c  PA:1c000154
13476559ns          218274 1c008206 00c7a583 lw               x11, 12(x15)        x11=01cc042b x15:1c00014c  PA:1c000158
13476858ns          218289 1c008208 01172023 sw               x17, 0(x14)         x17:08140ff9 x14:10001c08  PA:10001c08
13476878ns          218290 1c00820c 01072223 sw               x16, 4(x14)         x16:00310b98 x14:10001c08  PA:10001c0c
13476897ns          218291 1c008210 00a72423 sw               x10, 8(x14)         x10:05000b2b x14:10001c08  PA:10001c10
13476917ns          218292 1c008212 00b72623 sw               x11, 12(x14)        x11:01cc042b x14:10001c08  PA:10001c14
13476937ns          218293 1c008214 01078793 addi             x15, x15, 16        x15=1c00015c x15:1c00014c
13476957ns          218294 1c008216 01070713 addi             x14, x14, 16        x14=10001c18 x14:10001c08
13476977ns          218295 1c0081fc 0007a883 lw               x17, 0(x15)         x17=07110ae2 x15:1c00015c  PA:1c00015c
13477275ns          218310 1c008200 0047a803 lw               x16, 4(x15)         x16=059c084f x15:1c00015c  PA:1c000160
13477673ns          218330 1c008204 0087a503 lw               x10, 8(x15)         x10=03ad0f69 x15:1c00015c  PA:1c000164
13478071ns          218350 1c008206 00c7a583 lw               x11, 12(x15)        x11=09bd0399 x15:1c00015c  PA:1c000168
13478469ns          218370 1c008208 01172023 sw               x17, 0(x14)         x17:07110ae2 x14:10001c18  PA:10001c18
13478488ns          218371 1c00820c 01072223 sw               x16, 4(x14)         x16:059c084f x14:10001c18  PA:10001c1c
13478508ns          218372 1c008210 00a72423 sw               x10, 8(x14)         x10:03ad0f69 x14:10001c18  PA:10001c20
13478528ns          218373 1c008212 00b72623 sw               x11, 12(x14)        x11:09bd0399 x14:10001c18  PA:10001c24
13478548ns          218374 1c008214 01078793 addi             x15, x15, 16        x15=1c00016c x15:1c00015c
13478568ns          218375 1c008216 01070713 addi             x14, x14, 16        x14=10001c28 x14:10001c18
13478588ns          218376 1c0081fc 0007a883 lw               x17, 0(x15)         x17=064d0eb9 x15:1c00016c  PA:1c00016c
13478886ns          218391 1c008200 0047a803 lw               x16, 4(x15)         x16=05b60fc4 x15:1c00016c  PA:1c000170
13479185ns          218406 1c008204 0087a503 lw               x10, 8(x15)         x10=0aa40834 x15:1c00016c  PA:1c000174
13479483ns          218421 1c008206 00c7a583 lw               x11, 12(x15)        x11=021e0fcc x15:1c00016c  PA:1c000178
13479781ns          218436 1c008208 01172023 sw               x17, 0(x14)         x17:064d0eb9 x14:10001c28  PA:10001c28
13479801ns          218437 1c00820c 01072223 sw               x16, 4(x14)         x16:05b60fc4 x14:10001c28  PA:10001c2c
13479821ns          218438 1c008210 00a72423 sw               x10, 8(x14)         x10:0aa40834 x14:10001c28  PA:10001c30
13479841ns          218439 1c008212 00b72623 sw               x11, 12(x14)        x11:021e0fcc x14:10001c28  PA:10001c34
13479861ns          218440 1c008214 01078793 addi             x15, x15, 16        x15=1c00017c x15:1c00016c
13479881ns          218441 1c008216 01070713 addi             x14, x14, 16        x14=10001c38 x14:10001c28
13479901ns          218442 1c0081fc 0007a883 lw               x17, 0(x15)         x17=074f0a77 x15:1c00017c  PA:1c00017c
13480199ns          218457 1c008200 0047a803 lw               x16, 4(x15)         x16=0a3203d7 x15:1c00017c  PA:1c000180
13480517ns          218473 1c008204 0087a503 lw               x10, 8(x15)         x10=0c8a0c36 x15:1c00017c  PA:1c000184
13480815ns          218488 1c008206 00c7a583 lw               x11, 12(x15)        x11=01b2008a x15:1c00017c  PA:1c000188
13481114ns          218503 1c008208 01172023 sw               x17, 0(x14)         x17:074f0a77 x14:10001c38  PA:10001c38
13481134ns          218504 1c00820c 01072223 sw               x16, 4(x14)         x16:0a3203d7 x14:10001c38  PA:10001c3c
13481153ns          218505 1c008210 00a72423 sw               x10, 8(x14)         x10:0c8a0c36 x14:10001c38  PA:10001c40
13481173ns          218506 1c008212 00b72623 sw               x11, 12(x14)        x11:01b2008a x14:10001c38  PA:10001c44
13481193ns          218507 1c008214 01078793 addi             x15, x15, 16        x15=1c00018c x15:1c00017c
13481213ns          218508 1c008216 01070713 addi             x14, x14, 16        x14=10001c48 x14:10001c38
13481233ns          218509 1c0081fc 0007a883 lw               x17, 0(x15)         x17=071b083b x15:1c00018c  PA:1c00018c
13481531ns          218524 1c008200 0047a803 lw               x16, 4(x15)         x16=05a406b3 x15:1c00018c  PA:1c000190
13481929ns          218544 1c008204 0087a503 lw               x10, 8(x15)         x10=08140669 x15:1c00018c  PA:1c000194
13482327ns          218564 1c008206 00c7a583 lw               x11, 12(x15)        x11=00560888 x15:1c00018c  PA:1c000198
13482725ns          218584 1c008208 01172023 sw               x17, 0(x14)         x17:071b083b x14:10001c48  PA:10001c48
13482745ns          218585 1c00820c 01072223 sw               x16, 4(x14)         x16:05a406b3 x14:10001c48  PA:10001c4c
13482764ns          218586 1c008210 00a72423 sw               x10, 8(x14)         x10:08140669 x14:10001c48  PA:10001c50
13482784ns          218587 1c008212 00b72623 sw               x11, 12(x14)        x11:00560888 x14:10001c48  PA:10001c54
13482804ns          218588 1c008214 01078793 addi             x15, x15, 16        x15=1c00019c x15:1c00018c
13482824ns          218589 1c008216 01070713 addi             x14, x14, 16        x14=10001c58 x14:10001c48
13482844ns          218590 1c0081fc 0007a883 lw               x17, 0(x15)         x17=02440471 x15:1c00019c  PA:1c00019c
13483142ns          218605 1c008200 0047a803 lw               x16, 4(x15)         x16=038d0bcc x15:1c00019c  PA:1c0001a0
13483441ns          218620 1c008204 0087a503 lw               x10, 8(x15)         x10=088f0530 x15:1c00019c  PA:1c0001a4
13483739ns          218635 1c008206 00c7a583 lw               x11, 12(x15)        x11=0cc60773 x15:1c00019c  PA:1c0001a8
13484037ns          218650 1c008208 01172023 sw               x17, 0(x14)         x17:02440471 x14:10001c58  PA:10001c58
13484057ns          218651 1c00820c 01072223 sw               x16, 4(x14)         x16:038d0bcc x14:10001c58  PA:10001c5c
13484077ns          218652 1c008210 00a72423 sw               x10, 8(x14)         x10:088f0530 x14:10001c58  PA:10001c60
13484097ns          218653 1c008212 00b72623 sw               x11, 12(x14)        x11:0cc60773 x14:10001c58  PA:10001c64
13484117ns          218654 1c008214 01078793 addi             x15, x15, 16        x15=1c0001ac x15:1c00019c
13484137ns          218655 1c008216 01070713 addi             x14, x14, 16        x14=10001c68 x14:10001c58
13484157ns          218656 1c0081fc 0007a883 lw               x17, 0(x15)         x17=08ef078f x15:1c0001ac  PA:1c0001ac
13484455ns          218671 1c008200 0047a803 lw               x16, 4(x15)         x16=05b60f41 x15:1c0001ac  PA:1c0001b0
13484753ns          218686 1c008204 0087a503 lw               x10, 8(x15)         x10=0df701be x15:1c0001ac  PA:1c0001b4
13485131ns          218705 1c008206 00c7a583 lw               x11, 12(x15)        x11=02e00468 x15:1c0001ac  PA:1c0001b8
13485549ns          218726 1c008208 01172023 sw               x17, 0(x14)         x17:08ef078f x14:10001c68  PA:10001c68
13485569ns          218727 1c00820c 01072223 sw               x16, 4(x14)         x16:05b60f41 x14:10001c68  PA:10001c6c
13485589ns          218728 1c008210 00a72423 sw               x10, 8(x14)         x10:0df701be x14:10001c68  PA:10001c70
13485608ns          218729 1c008212 00b72623 sw               x11, 12(x14)        x11:02e00468 x14:10001c68  PA:10001c74
13485628ns          218730 1c008214 01078793 addi             x15, x15, 16        x15=1c0001bc x15:1c0001ac
13485648ns          218731 1c008216 01070713 addi             x14, x14, 16        x14=10001c78 x14:10001c68
13485668ns          218732 1c0081fc 0007a883 lw               x17, 0(x15)         x17=00a00039 x15:1c0001bc  PA:1c0001bc
13485966ns          218747 1c008200 0047a803 lw               x16, 4(x15)         x16=0b8a045e x15:1c0001bc  PA:1c0001c0
13486265ns          218762 1c008204 0087a503 lw               x10, 8(x15)         x10=04e705ed x15:1c0001bc  PA:1c0001c4
13486682ns          218783 1c008206 00c7a583 lw               x11, 12(x15)        x11=0d790820 x15:1c0001bc  PA:1c0001c8
13487100ns          218804 1c008208 01172023 sw               x17, 0(x14)         x17:00a00039 x14:10001c78  PA:10001c78
13487120ns          218805 1c00820c 01072223 sw               x16, 4(x14)         x16:0b8a045e x14:10001c78  PA:10001c7c
13487140ns          218806 1c008210 00a72423 sw               x10, 8(x14)         x10:04e705ed x14:10001c78  PA:10001c80
13487160ns          218807 1c008212 00b72623 sw               x11, 12(x14)        x11:0d790820 x14:10001c78  PA:10001c84
13487180ns          218808 1c008214 01078793 addi             x15, x15, 16        x15=1c0001cc x15:1c0001bc
13487199ns          218809 1c008216 01070713 addi             x14, x14, 16        x14=10001c88 x14:10001c78
13487219ns          218810 1c0081fc 0007a883 lw               x17, 0(x15)         x17=009f0cf4 x15:1c0001cc  PA:1c0001cc
13487518ns          218825 1c008200 0047a803 lw               x16, 4(x15)         x16=08180752 x15:1c0001cc  PA:1c0001d0
13487816ns          218840 1c008204 0087a503 lw               x10, 8(x15)         x10=02c50035 x15:1c0001cc  PA:1c0001d4
13488114ns          218855 1c008206 00c7a583 lw               x11, 12(x15)        x11=0b5c0d17 x15:1c0001cc  PA:1c0001d8
13488413ns          218870 1c008208 01172023 sw               x17, 0(x14)         x17:009f0cf4 x14:10001c88  PA:10001c88
13488432ns          218871 1c00820c 01072223 sw               x16, 4(x14)         x16:08180752 x14:10001c88  PA:10001c8c
13488452ns          218872 1c008210 00a72423 sw               x10, 8(x14)         x10:02c50035 x14:10001c88  PA:10001c90
13488472ns          218873 1c008212 00b72623 sw               x11, 12(x14)        x11:0b5c0d17 x14:10001c88  PA:10001c94
13488492ns          218874 1c008214 01078793 addi             x15, x15, 16        x15=1c0001dc x15:1c0001cc
13488512ns          218875 1c008216 01070713 addi             x14, x14, 16        x14=10001c98 x14:10001c88
13488532ns          218876 1c0081fc 0007a883 lw               x17, 0(x15)         x17=09c90594 x15:1c0001dc  PA:1c0001dc
13488870ns          218893 1c008200 0047a803 lw               x16, 4(x15)         x16=0bff0adc x15:1c0001dc  PA:1c0001e0
13489168ns          218908 1c008204 0087a503 lw               x10, 8(x15)         x10=06ae08de x15:1c0001dc  PA:1c0001e4
13489546ns          218927 1c008206 00c7a583 lw               x11, 12(x15)        x11=0c390dc8 x15:1c0001dc  PA:1c0001e8
13489944ns          218947 1c008208 01172023 sw               x17, 0(x14)         x17:09c90594 x14:10001c98  PA:10001c98
13489964ns          218948 1c00820c 01072223 sw               x16, 4(x14)         x16:0bff0adc x14:10001c98  PA:10001c9c
13489984ns          218949 1c008210 00a72423 sw               x10, 8(x14)         x10:06ae08de x14:10001c98  PA:10001ca0
13490004ns          218950 1c008212 00b72623 sw               x11, 12(x14)        x11:0c390dc8 x14:10001c98  PA:10001ca4
13490024ns          218951 1c008214 01078793 addi             x15, x15, 16        x15=1c0001ec x15:1c0001dc
13490043ns          218952 1c008216 01070713 addi             x14, x14, 16        x14=10001ca8 x14:10001c98
13490063ns          218953 1c0081fc 0007a883 lw               x17, 0(x15)         x17=037c0c68 x15:1c0001ec  PA:1c0001ec
13490362ns          218968 1c008200 0047a803 lw               x16, 4(x15)         x16=05d9007a x15:1c0001ec  PA:1c0001f0
13490700ns          218985 1c008204 0087a503 lw               x10, 8(x15)         x10=04e90ce5 x15:1c0001ec  PA:1c0001f4
13491117ns          219006 1c008206 00c7a583 lw               x11, 12(x15)        x11=0b5e0cdf x15:1c0001ec  PA:1c0001f8
13491515ns          219026 1c008208 01172023 sw               x17, 0(x14)         x17:037c0c68 x14:10001ca8  PA:10001ca8
13491535ns          219027 1c00820c 01072223 sw               x16, 4(x14)         x16:05d9007a x14:10001ca8  PA:10001cac
13491555ns          219028 1c008210 00a72423 sw               x10, 8(x14)         x10:04e90ce5 x14:10001ca8  PA:10001cb0
13491575ns          219029 1c008212 00b72623 sw               x11, 12(x14)        x11:0b5e0cdf x14:10001ca8  PA:10001cb4
13491595ns          219030 1c008214 01078793 addi             x15, x15, 16        x15=1c0001fc x15:1c0001ec
13491615ns          219031 1c008216 01070713 addi             x14, x14, 16        x14=10001cb8 x14:10001ca8
13491634ns          219032 1c0081fc 0007a883 lw               x17, 0(x15)         x17=09200b92 x15:1c0001fc  PA:1c0001fc
13491933ns          219047 1c008200 0047a803 lw               x16, 4(x15)         x16=070e005e x15:1c0001fc  PA:1c000200
13492251ns          219063 1c008204 0087a503 lw               x10, 8(x15)         x10=010400cf x15:1c0001fc  PA:1c000204
13492549ns          219078 1c008206 00c7a583 lw               x11, 12(x15)        x11=093f08ba x15:1c0001fc  PA:1c000208
13492848ns          219093 1c008208 01172023 sw               x17, 0(x14)         x17:09200b92 x14:10001cb8  PA:10001cb8
13492868ns          219094 1c00820c 01072223 sw               x16, 4(x14)         x16:070e005e x14:10001cb8  PA:10001cbc
13492887ns          219095 1c008210 00a72423 sw               x10, 8(x14)         x10:010400cf x14:10001cb8  PA:10001cc0
13492907ns          219096 1c008212 00b72623 sw               x11, 12(x14)        x11:093f08ba x14:10001cb8  PA:10001cc4
13492927ns          219097 1c008214 01078793 addi             x15, x15, 16        x15=1c00020c x15:1c0001fc
13492947ns          219098 1c008216 01070713 addi             x14, x14, 16        x14=10001cc8 x14:10001cb8
13492967ns          219099 1c0081fc 0007a883 lw               x17, 0(x15)         x17=038f0dc5 x15:1c00020c  PA:1c00020c
13493265ns          219114 1c008200 0047a803 lw               x16, 4(x15)         x16=0a890b91 x15:1c00020c  PA:1c000210
13493583ns          219130 1c008204 0087a503 lw               x10, 8(x15)         x10=0c010305 x15:1c00020c  PA:1c000214
13493882ns          219145 1c008206 00c7a583 lw               x11, 12(x15)        x11=0cb20a9e x15:1c00020c  PA:1c000218
13494180ns          219160 1c008208 01172023 sw               x17, 0(x14)         x17:038f0dc5 x14:10001cc8  PA:10001cc8
13494200ns          219161 1c00820c 01072223 sw               x16, 4(x14)         x16:0a890b91 x14:10001cc8  PA:10001ccc
13494220ns          219162 1c008210 00a72423 sw               x10, 8(x14)         x10:0c010305 x14:10001cc8  PA:10001cd0
13494240ns          219163 1c008212 00b72623 sw               x11, 12(x14)        x11:0cb20a9e x14:10001cc8  PA:10001cd4
13494260ns          219164 1c008214 01078793 addi             x15, x15, 16        x15=1c00021c x15:1c00020c
13494280ns          219165 1c008216 01070713 addi             x14, x14, 16        x14=10001cd8 x14:10001cc8
13494299ns          219166 1c0081fc 0007a883 lw               x17, 0(x15)         x17=08a00cb6 x15:1c00021c  PA:1c00021c
13494598ns          219181 1c008200 0047a803 lw               x16, 4(x15)         x16=0db9007d x15:1c00021c  PA:1c000220
13494916ns          219197 1c008204 0087a503 lw               x10, 8(x15)         x10=07210b10 x15:1c00021c  PA:1c000224
13495214ns          219212 1c008206 00c7a583 lw               x11, 12(x15)        x11=08f50916 x15:1c00021c  PA:1c000228
13495513ns          219227 1c008208 01172023 sw               x17, 0(x14)         x17:08a00cb6 x14:10001cd8  PA:10001cd8
13495533ns          219228 1c00820c 01072223 sw               x16, 4(x14)         x16:0db9007d x14:10001cd8  PA:10001cdc
13495552ns          219229 1c008210 00a72423 sw               x10, 8(x14)         x10:07210b10 x14:10001cd8  PA:10001ce0
13495572ns          219230 1c008212 00b72623 sw               x11, 12(x14)        x11:08f50916 x14:10001cd8  PA:10001ce4
13495592ns          219231 1c008214 01078793 addi             x15, x15, 16        x15=1c00022c x15:1c00021c
13495612ns          219232 1c008216 01070713 addi             x14, x14, 16        x14=10001ce8 x14:10001cd8
13495632ns          219233 1c0081fc 0007a883 lw               x17, 0(x15)         x17=05d30497 x15:1c00022c  PA:1c00022c
13495930ns          219248 1c008200 0047a803 lw               x16, 4(x15)         x16=06090280 x15:1c00022c  PA:1c000230
13496248ns          219264 1c008204 0087a503 lw               x10, 8(x15)         x10=08d10233 x15:1c00022c  PA:1c000234
13496547ns          219279 1c008206 00c7a583 lw               x11, 12(x15)        x11=02700135 x15:1c00022c  PA:1c000238
13496845ns          219294 1c008208 01172023 sw               x17, 0(x14)         x17:05d30497 x14:10001ce8  PA:10001ce8
13496865ns          219295 1c00820c 01072223 sw               x16, 4(x14)         x16:06090280 x14:10001ce8  PA:10001cec
13496885ns          219296 1c008210 00a72423 sw               x10, 8(x14)         x10:08d10233 x14:10001ce8  PA:10001cf0
13496905ns          219297 1c008212 00b72623 sw               x11, 12(x14)        x11:02700135 x14:10001ce8  PA:10001cf4
13496925ns          219298 1c008214 01078793 addi             x15, x15, 16        x15=1c00023c x15:1c00022c
13496945ns          219299 1c008216 01070713 addi             x14, x14, 16        x14=10001cf8 x14:10001ce8
13496964ns          219300 1c0081fc 0007a883 lw               x17, 0(x15)         x17=0c1c0267 x15:1c00023c  PA:1c00023c
13497263ns          219315 1c008200 0047a803 lw               x16, 4(x15)         x16=08730016 x15:1c00023c  PA:1c000240
13497581ns          219331 1c008204 0087a503 lw               x10, 8(x15)         x10=022b060e x15:1c00023c  PA:1c000244
13497879ns          219346 1c008206 00c7a583 lw               x11, 12(x15)        x11=058e0ae8 x15:1c00023c  PA:1c000248
13498178ns          219361 1c008208 01172023 sw               x17, 0(x14)         x17:0c1c0267 x14:10001cf8  PA:10001cf8
13498198ns          219362 1c00820c 01072223 sw               x16, 4(x14)         x16:08730016 x14:10001cf8  PA:10001cfc
13498217ns          219363 1c008210 00a72423 sw               x10, 8(x14)         x10:022b060e x14:10001cf8  PA:10001d00
13498237ns          219364 1c008212 00b72623 sw               x11, 12(x14)        x11:058e0ae8 x14:10001cf8  PA:10001d04
13498257ns          219365 1c008214 01078793 addi             x15, x15, 16        x15=1c00024c x15:1c00023c
13498277ns          219366 1c008216 01070713 addi             x14, x14, 16        x14=10001d08 x14:10001cf8
13498297ns          219367 1c0081fc 0007a883 lw               x17, 0(x15)         x17=03c705a2 x15:1c00024c  PA:1c00024c
13498595ns          219382 1c008200 0047a803 lw               x16, 4(x15)         x16=08550400 x15:1c00024c  PA:1c000250
13498894ns          219397 1c008204 0087a503 lw               x10, 8(x15)         x10=09c902a8 x15:1c00024c  PA:1c000254
13499192ns          219412 1c008206 00c7a583 lw               x11, 12(x15)        x11=0cc307ce x15:1c00024c  PA:1c000258
13499490ns          219427 1c008208 01172023 sw               x17, 0(x14)         x17:03c705a2 x14:10001d08  PA:10001d08
13499510ns          219428 1c00820c 01072223 sw               x16, 4(x14)         x16:08550400 x14:10001d08  PA:10001d0c
13499530ns          219429 1c008210 00a72423 sw               x10, 8(x14)         x10:09c902a8 x14:10001d08  PA:10001d10
13499550ns          219430 1c008212 00b72623 sw               x11, 12(x14)        x11:0cc307ce x14:10001d08  PA:10001d14
13499570ns          219431 1c008214 01078793 addi             x15, x15, 16        x15=1c00025c x15:1c00024c
13499590ns          219432 1c008216 01070713 addi             x14, x14, 16        x14=10001d18 x14:10001d08
13499610ns          219433 1c0081fc 0007a883 lw               x17, 0(x15)         x17=07b9098f x15:1c00025c  PA:1c00025c
13500007ns          219453 1c008200 0047a803 lw               x16, 4(x15)         x16=022b042e x15:1c00025c  PA:1c000260
13500306ns          219468 1c008204 0087a503 lw               x10, 8(x15)         x10=0b740bf3 x15:1c00025c  PA:1c000264
13500604ns          219483 1c008206 00c7a583 lw               x11, 12(x15)        x11=00c80a35 x15:1c00025c  PA:1c000268
13500902ns          219498 1c008208 01172023 sw               x17, 0(x14)         x17:07b9098f x14:10001d18  PA:10001d18
13500922ns          219499 1c00820c 01072223 sw               x16, 4(x14)         x16:022b042e x14:10001d18  PA:10001d1c
13500942ns          219500 1c008210 00a72423 sw               x10, 8(x14)         x10:0b740bf3 x14:10001d18  PA:10001d20
13500962ns          219501 1c008212 00b72623 sw               x11, 12(x14)        x11:00c80a35 x14:10001d18  PA:10001d24
13500982ns          219502 1c008214 01078793 addi             x15, x15, 16        x15=1c00026c x15:1c00025c
13501002ns          219503 1c008216 01070713 addi             x14, x14, 16        x14=10001d28 x14:10001d18
13501022ns          219504 1c0081fc 0007a883 lw               x17, 0(x15)         x17=00ba0d4d x15:1c00026c  PA:1c00026c
13501320ns          219519 1c008200 0047a803 lw               x16, 4(x15)         x16=0bbe0953 x15:1c00026c  PA:1c000270
13501658ns          219536 1c008204 0087a503 lw               x10, 8(x15)         x10=09d102c0 x15:1c00026c  PA:1c000274
13502056ns          219556 1c008206 00c7a583 lw               x11, 12(x15)        x11=0ffe04e7 x15:1c00026c  PA:1c000278
13502454ns          219576 1c008208 01172023 sw               x17, 0(x14)         x17:00ba0d4d x14:10001d28  PA:10001d28
13502473ns          219577 1c00820c 01072223 sw               x16, 4(x14)         x16:0bbe0953 x14:10001d28  PA:10001d2c
13502493ns          219578 1c008210 00a72423 sw               x10, 8(x14)         x10:09d102c0 x14:10001d28  PA:10001d30
13502513ns          219579 1c008212 00b72623 sw               x11, 12(x14)        x11:0ffe04e7 x14:10001d28  PA:10001d34
13502533ns          219580 1c008214 01078793 addi             x15, x15, 16        x15=1c00027c x15:1c00026c
13502553ns          219581 1c008216 01070713 addi             x14, x14, 16        x14=10001d38 x14:10001d28
13502573ns          219582 1c0081fc 0007a883 lw               x17, 0(x15)         x17=02860168 x15:1c00027c  PA:1c00027c
13502891ns          219598 1c008200 0047a803 lw               x16, 4(x15)         x16=0b1a065d x15:1c00027c  PA:1c000280
13503189ns          219613 1c008204 0087a503 lw               x10, 8(x15)         x10=0c5b0643 x15:1c00027c  PA:1c000284
13503488ns          219628 1c008206 00c7a583 lw               x11, 12(x15)        x11=037f050d x15:1c00027c  PA:1c000288
13503786ns          219643 1c008208 01172023 sw               x17, 0(x14)         x17:02860168 x14:10001d38  PA:10001d38
13503806ns          219644 1c00820c 01072223 sw               x16, 4(x14)         x16:0b1a065d x14:10001d38  PA:10001d3c
13503826ns          219645 1c008210 00a72423 sw               x10, 8(x14)         x10:0c5b0643 x14:10001d38  PA:10001d40
13503846ns          219646 1c008212 00b72623 sw               x11, 12(x14)        x11:037f050d x14:10001d38  PA:10001d44
13503866ns          219647 1c008214 01078793 addi             x15, x15, 16        x15=1c00028c x15:1c00027c
13503885ns          219648 1c008216 01070713 addi             x14, x14, 16        x14=10001d48 x14:10001d38
13503905ns          219649 1c0081fc 0007a883 lw               x17, 0(x15)         x17=04870893 x15:1c00028c  PA:1c00028c
13504323ns          219670 1c008200 0047a803 lw               x16, 4(x15)         x16=059a0311 x15:1c00028c  PA:1c000290
13504621ns          219685 1c008204 0087a503 lw               x10, 8(x15)         x10=04670e0f x15:1c00028c  PA:1c000294
13504920ns          219700 1c008206 00c7a583 lw               x11, 12(x15)        x11=0896004b x15:1c00028c  PA:1c000298
13505218ns          219715 1c008208 01172023 sw               x17, 0(x14)         x17:04870893 x14:10001d48  PA:10001d48
13505238ns          219716 1c00820c 01072223 sw               x16, 4(x14)         x16:059a0311 x14:10001d48  PA:10001d4c
13505258ns          219717 1c008210 00a72423 sw               x10, 8(x14)         x10:04670e0f x14:10001d48  PA:10001d50
13505278ns          219718 1c008212 00b72623 sw               x11, 12(x14)        x11:0896004b x14:10001d48  PA:10001d54
13505298ns          219719 1c008214 01078793 addi             x15, x15, 16        x15=1c00029c x15:1c00028c
13505317ns          219720 1c008216 01070713 addi             x14, x14, 16        x14=10001d58 x14:10001d48
13505337ns          219721 1c008218 00c007b3 add              x15, x0, x12        x15=1c00029c x12:1c00029c
13505357ns          219722 1c00821a 29010713 addi             x14, x2, 656        x14=10001d58  x2:10001ac8
13505377ns          219723 1c00821c 0286d0fb lp.setupi        0x1, 0x28, 0xd     
13505397ns          219724 1c008220 0007a803 lw               x16, 0(x15)         x16=0fa30c6d x15:1c00029c  PA:1c00029c
13505755ns          219742 1c008224 0047a503 lw               x10, 4(x15)         x10=0c8d0e97 x15:1c00029c  PA:1c0002a0
13506053ns          219757 1c008226 0087a583 lw               x11, 8(x15)         x11=0ffb00de x15:1c00029c  PA:1c0002a4
13506391ns          219774 1c008228 00c7a603 lw               x12, 12(x15)        x12=00a300a0 x15:1c00029c  PA:1c0002a8
13506809ns          219795 1c00822a 01072023 sw               x16, 0(x14)         x16:0fa30c6d x14:10001d58  PA:10001d58
13506829ns          219796 1c00822e 00a72223 sw               x10, 4(x14)         x10:0c8d0e97 x14:10001d58  PA:10001d5c
13506849ns          219797 1c008230 00b72423 sw               x11, 8(x14)         x11:0ffb00de x14:10001d58  PA:10001d60
13506869ns          219798 1c008232 00c72623 sw               x12, 12(x14)        x12:00a300a0 x14:10001d58  PA:10001d64
13506889ns          219799 1c008234 01078793 addi             x15, x15, 16        x15=1c0002ac x15:1c00029c
13506908ns          219800 1c008236 01070713 addi             x14, x14, 16        x14=10001d68 x14:10001d58
13507107ns          219810 1c008220 0007a803 lw               x16, 0(x15)         x16=0f6a01cf x15:1c0002ac  PA:1c0002ac
13507525ns          219831 1c008224 0047a503 lw               x10, 4(x15)         x10=021400d5 x15:1c0002ac  PA:1c0002b0
13507923ns          219851 1c008226 0087a583 lw               x11, 8(x15)         x11=0fb30e58 x15:1c0002ac  PA:1c0002b4
13508340ns          219872 1c008228 00c7a603 lw               x12, 12(x15)        x12=0059012a x15:1c0002ac  PA:1c0002b8
13508738ns          219892 1c00822a 01072023 sw               x16, 0(x14)         x16:0f6a01cf x14:10001d68  PA:10001d68
13508758ns          219893 1c00822e 00a72223 sw               x10, 4(x14)         x10:021400d5 x14:10001d68  PA:10001d6c
13508778ns          219894 1c008230 00b72423 sw               x11, 8(x14)         x11:0fb30e58 x14:10001d68  PA:10001d70
13508798ns          219895 1c008232 00c72623 sw               x12, 12(x14)        x12:0059012a x14:10001d68  PA:10001d74
13508818ns          219896 1c008234 01078793 addi             x15, x15, 16        x15=1c0002bc x15:1c0002ac
13508838ns          219897 1c008236 01070713 addi             x14, x14, 16        x14=10001d78 x14:10001d68
13508857ns          219898 1c008220 0007a803 lw               x16, 0(x15)         x16=0ea90e09 x15:1c0002bc  PA:1c0002bc
13509156ns          219913 1c008224 0047a503 lw               x10, 4(x15)         x10=0e4b0067 x15:1c0002bc  PA:1c0002c0
13509454ns          219928 1c008226 0087a583 lw               x11, 8(x15)         x11=00a80f22 x15:1c0002bc  PA:1c0002c4
13509752ns          219943 1c008228 00c7a603 lw               x12, 12(x15)        x12=0ddc0146 x15:1c0002bc  PA:1c0002c8
13510051ns          219958 1c00822a 01072023 sw               x16, 0(x14)         x16:0ea90e09 x14:10001d78  PA:10001d78
13510071ns          219959 1c00822e 00a72223 sw               x10, 4(x14)         x10:0e4b0067 x14:10001d78  PA:10001d7c
13510091ns          219960 1c008230 00b72423 sw               x11, 8(x14)         x11:00a80f22 x14:10001d78  PA:10001d80
13510110ns          219961 1c008232 00c72623 sw               x12, 12(x14)        x12:0ddc0146 x14:10001d78  PA:10001d84
13510130ns          219962 1c008234 01078793 addi             x15, x15, 16        x15=1c0002cc x15:1c0002bc
13510150ns          219963 1c008236 01070713 addi             x14, x14, 16        x14=10001d88 x14:10001d78
13510170ns          219964 1c008220 0007a803 lw               x16, 0(x15)         x16=00580004 x15:1c0002cc  PA:1c0002cc
13510468ns          219979 1c008224 0047a503 lw               x10, 4(x15)         x10=0ef001ca x15:1c0002cc  PA:1c0002d0
13510806ns          219996 1c008226 0087a583 lw               x11, 8(x15)         x11=01b30e9d x15:1c0002cc  PA:1c0002d4
13511204ns          220016 1c008228 00c7a603 lw               x12, 12(x15)        x12=00570fb3 x15:1c0002cc  PA:1c0002d8
13511602ns          220036 1c00822a 01072023 sw               x16, 0(x14)         x16:00580004 x14:10001d88  PA:10001d88
13511622ns          220037 1c00822e 00a72223 sw               x10, 4(x14)         x10:0ef001ca x14:10001d88  PA:10001d8c
13511642ns          220038 1c008230 00b72423 sw               x11, 8(x14)         x11:01b30e9d x14:10001d88  PA:10001d90
13511662ns          220039 1c008232 00c72623 sw               x12, 12(x14)        x12:00570fb3 x14:10001d88  PA:10001d94
13511682ns          220040 1c008234 01078793 addi             x15, x15, 16        x15=1c0002dc x15:1c0002cc
13511701ns          220041 1c008236 01070713 addi             x14, x14, 16        x14=10001d98 x14:10001d88
13511721ns          220042 1c008220 0007a803 lw               x16, 0(x15)         x16=0e57005c x15:1c0002dc  PA:1c0002dc
13512040ns          220058 1c008224 0047a503 lw               x10, 4(x15)         x10=0f470f14 x15:1c0002dc  PA:1c0002e0
13512338ns          220073 1c008226 0087a583 lw               x11, 8(x15)         x11=0e380166 x15:1c0002dc  PA:1c0002e4
13512636ns          220088 1c008228 00c7a603 lw               x12, 12(x15)        x12=01c202b6 x15:1c0002dc  PA:1c0002e8
13512935ns          220103 1c00822a 01072023 sw               x16, 0(x14)         x16:0e57005c x14:10001d98  PA:10001d98
13512954ns          220104 1c00822e 00a72223 sw               x10, 4(x14)         x10:0f470f14 x14:10001d98  PA:10001d9c
13512974ns          220105 1c008230 00b72423 sw               x11, 8(x14)         x11:0e380166 x14:10001d98  PA:10001da0
13512994ns          220106 1c008232 00c72623 sw               x12, 12(x14)        x12:01c202b6 x14:10001d98  PA:10001da4
13513014ns          220107 1c008234 01078793 addi             x15, x15, 16        x15=1c0002ec x15:1c0002dc
13513034ns          220108 1c008236 01070713 addi             x14, x14, 16        x14=10001da8 x14:10001d98
13513054ns          220109 1c008220 0007a803 lw               x16, 0(x15)         x16=0eba0d5c x15:1c0002ec  PA:1c0002ec
13513372ns          220125 1c008224 0047a503 lw               x10, 4(x15)         x10=0e380eae x15:1c0002ec  PA:1c0002f0
13513670ns          220140 1c008226 0087a583 lw               x11, 8(x15)         x11=0e8d0157 x15:1c0002ec  PA:1c0002f4
13513969ns          220155 1c008228 00c7a603 lw               x12, 12(x15)        x12=0fb70fdf x15:1c0002ec  PA:1c0002f8
13514267ns          220170 1c00822a 01072023 sw               x16, 0(x14)         x16:0eba0d5c x14:10001da8  PA:10001da8
13514287ns          220171 1c00822e 00a72223 sw               x10, 4(x14)         x10:0e380eae x14:10001da8  PA:10001dac
13514307ns          220172 1c008230 00b72423 sw               x11, 8(x14)         x11:0e8d0157 x14:10001da8  PA:10001db0
13514327ns          220173 1c008232 00c72623 sw               x12, 12(x14)        x12:0fb70fdf x14:10001da8  PA:10001db4
13514347ns          220174 1c008234 01078793 addi             x15, x15, 16        x15=1c0002fc x15:1c0002ec
13514366ns          220175 1c008236 01070713 addi             x14, x14, 16        x14=10001db8 x14:10001da8
13514386ns          220176 1c008220 0007a803 lw               x16, 0(x15)         x16=00890230 x15:1c0002fc  PA:1c0002fc
13514705ns          220192 1c008224 0047a503 lw               x10, 4(x15)         x10=0fb10442 x15:1c0002fc  PA:1c000300
13515003ns          220207 1c008226 0087a583 lw               x11, 8(x15)         x11=004300ad x15:1c0002fc  PA:1c000304
13515301ns          220222 1c008228 00c7a603 lw               x12, 12(x15)        x12=006d0e2f x15:1c0002fc  PA:1c000308
13515600ns          220237 1c00822a 01072023 sw               x16, 0(x14)         x16:00890230 x14:10001db8  PA:10001db8
13515619ns          220238 1c00822e 00a72223 sw               x10, 4(x14)         x10:0fb10442 x14:10001db8  PA:10001dbc
13515639ns          220239 1c008230 00b72423 sw               x11, 8(x14)         x11:004300ad x14:10001db8  PA:10001dc0
13515659ns          220240 1c008232 00c72623 sw               x12, 12(x14)        x12:006d0e2f x14:10001db8  PA:10001dc4
13515679ns          220241 1c008234 01078793 addi             x15, x15, 16        x15=1c00030c x15:1c0002fc
13515699ns          220242 1c008236 01070713 addi             x14, x14, 16        x14=10001dc8 x14:10001db8
13515719ns          220243 1c008220 0007a803 lw               x16, 0(x15)         x16=0d1a0fe2 x15:1c00030c  PA:1c00030c
13516037ns          220259 1c008224 0047a503 lw               x10, 4(x15)         x10=007803a6 x15:1c00030c  PA:1c000310
13516375ns          220276 1c008226 0087a583 lw               x11, 8(x15)         x11=0d840e7f x15:1c00030c  PA:1c000314
13516773ns          220296 1c008228 00c7a603 lw               x12, 12(x15)        x12=0008001d x15:1c00030c  PA:1c000318
13517171ns          220316 1c00822a 01072023 sw               x16, 0(x14)         x16:0d1a0fe2 x14:10001dc8  PA:10001dc8
13517191ns          220317 1c00822e 00a72223 sw               x10, 4(x14)         x10:007803a6 x14:10001dc8  PA:10001dcc
13517210ns          220318 1c008230 00b72423 sw               x11, 8(x14)         x11:0d840e7f x14:10001dc8  PA:10001dd0
13517230ns          220319 1c008232 00c72623 sw               x12, 12(x14)        x12:0008001d x14:10001dc8  PA:10001dd4
13517250ns          220320 1c008234 01078793 addi             x15, x15, 16        x15=1c00031c x15:1c00030c
13517270ns          220321 1c008236 01070713 addi             x14, x14, 16        x14=10001dd8 x14:10001dc8
13517290ns          220322 1c008220 0007a803 lw               x16, 0(x15)         x16=0e1c0133 x15:1c00031c  PA:1c00031c
13517588ns          220337 1c008224 0047a503 lw               x10, 4(x15)         x10=00ae0d87 x15:1c00031c  PA:1c000320
13517887ns          220352 1c008226 0087a583 lw               x11, 8(x15)         x11=0f770e25 x15:1c00031c  PA:1c000324
13518185ns          220367 1c008228 00c7a603 lw               x12, 12(x15)        x12=0fa500cf x15:1c00031c  PA:1c000328
13518483ns          220382 1c00822a 01072023 sw               x16, 0(x14)         x16:0e1c0133 x14:10001dd8  PA:10001dd8
13518503ns          220383 1c00822e 00a72223 sw               x10, 4(x14)         x10:00ae0d87 x14:10001dd8  PA:10001ddc
13518523ns          220384 1c008230 00b72423 sw               x11, 8(x14)         x11:0f770e25 x14:10001dd8  PA:10001de0
13518543ns          220385 1c008232 00c72623 sw               x12, 12(x14)        x12:0fa500cf x14:10001dd8  PA:10001de4
13518563ns          220386 1c008234 01078793 addi             x15, x15, 16        x15=1c00032c x15:1c00031c
13518583ns          220387 1c008236 01070713 addi             x14, x14, 16        x14=10001de8 x14:10001dd8
13518603ns          220388 1c008220 0007a803 lw               x16, 0(x15)         x16=0f470e5d x15:1c00032c  PA:1c00032c
13518901ns          220403 1c008224 0047a503 lw               x10, 4(x15)         x10=02610d5f x15:1c00032c  PA:1c000330
13519239ns          220420 1c008226 0087a583 lw               x11, 8(x15)         x11=0e4601f7 x15:1c00032c  PA:1c000334
13519537ns          220435 1c008228 00c7a603 lw               x12, 12(x15)        x12=0ee8002b x15:1c00032c  PA:1c000338
13519836ns          220450 1c00822a 01072023 sw               x16, 0(x14)         x16:0f470e5d x14:10001de8  PA:10001de8
13519856ns          220451 1c00822e 00a72223 sw               x10, 4(x14)         x10:02610d5f x14:10001de8  PA:10001dec
13519875ns          220452 1c008230 00b72423 sw               x11, 8(x14)         x11:0e4601f7 x14:10001de8  PA:10001df0
13519895ns          220453 1c008232 00c72623 sw               x12, 12(x14)        x12:0ee8002b x14:10001de8  PA:10001df4
13519915ns          220454 1c008234 01078793 addi             x15, x15, 16        x15=1c00033c x15:1c00032c
13519935ns          220455 1c008236 01070713 addi             x14, x14, 16        x14=10001df8 x14:10001de8
13519955ns          220456 1c008220 0007a803 lw               x16, 0(x15)         x16=01b90f79 x15:1c00033c  PA:1c00033c
13520253ns          220471 1c008224 0047a503 lw               x10, 4(x15)         x10=0e0501ed x15:1c00033c  PA:1c000340
13520611ns          220489 1c008226 0087a583 lw               x11, 8(x15)         x11=0e9b0e3f x15:1c00033c  PA:1c000344
13520910ns          220504 1c008228 00c7a603 lw               x12, 12(x15)        x12=00790059 x15:1c00033c  PA:1c000348
13521228ns          220520 1c00822a 01072023 sw               x16, 0(x14)         x16:01b90f79 x14:10001df8  PA:10001df8
13521248ns          220521 1c00822e 00a72223 sw               x10, 4(x14)         x10:0e0501ed x14:10001df8  PA:10001dfc
13521268ns          220522 1c008230 00b72423 sw               x11, 8(x14)         x11:0e9b0e3f x14:10001df8  PA:10001e00
13521287ns          220523 1c008232 00c72623 sw               x12, 12(x14)        x12:00790059 x14:10001df8  PA:10001e04
13521307ns          220524 1c008234 01078793 addi             x15, x15, 16        x15=1c00034c x15:1c00033c
13521327ns          220525 1c008236 01070713 addi             x14, x14, 16        x14=10001e08 x14:10001df8
13521347ns          220526 1c008220 0007a803 lw               x16, 0(x15)         x16=00610103 x15:1c00034c  PA:1c00034c
13521645ns          220541 1c008224 0047a503 lw               x10, 4(x15)         x10=0db9014b x15:1c00034c  PA:1c000350
13521964ns          220557 1c008226 0087a583 lw               x11, 8(x15)         x11=00b40186 x15:1c00034c  PA:1c000354
13522342ns          220576 1c008228 00c7a603 lw               x12, 12(x15)        x12=0fba0272 x15:1c00034c  PA:1c000358
13522759ns          220597 1c00822a 01072023 sw               x16, 0(x14)         x16:00610103 x14:10001e08  PA:10001e08
13522779ns          220598 1c00822e 00a72223 sw               x10, 4(x14)         x10:0db9014b x14:10001e08  PA:10001e0c
13522799ns          220599 1c008230 00b72423 sw               x11, 8(x14)         x11:00b40186 x14:10001e08  PA:10001e10
13522819ns          220600 1c008232 00c72623 sw               x12, 12(x14)        x12:0fba0272 x14:10001e08  PA:10001e14
13522839ns          220601 1c008234 01078793 addi             x15, x15, 16        x15=1c00035c x15:1c00034c
13522859ns          220602 1c008236 01070713 addi             x14, x14, 16        x14=10001e18 x14:10001e08
13522879ns          220603 1c008220 0007a803 lw               x16, 0(x15)         x16=0fc90035 x15:1c00035c  PA:1c00035c
13523177ns          220618 1c008224 0047a503 lw               x10, 4(x15)         x10=0ead0fc3 x15:1c00035c  PA:1c000360
13523475ns          220633 1c008226 0087a583 lw               x11, 8(x15)         x11=0e520def x15:1c00035c  PA:1c000364
13523773ns          220648 1c008228 00c7a603 lw               x12, 12(x15)        x12=00680287 x15:1c00035c  PA:1c000368
13524072ns          220663 1c00822a 01072023 sw               x16, 0(x14)         x16:0fc90035 x14:10001e18  PA:10001e18
13524092ns          220664 1c00822e 00a72223 sw               x10, 4(x14)         x10:0ead0fc3 x14:10001e18  PA:10001e1c
13524112ns          220665 1c008230 00b72423 sw               x11, 8(x14)         x11:0e520def x14:10001e18  PA:10001e20
13524131ns          220666 1c008232 00c72623 sw               x12, 12(x14)        x12:00680287 x14:10001e18  PA:10001e24
13524151ns          220667 1c008234 01078793 addi             x15, x15, 16        x15=1c00036c x15:1c00035c
13524171ns          220668 1c008236 01070713 addi             x14, x14, 16        x14=10001e28 x14:10001e18
13524191ns          220669 1c008220 0007a803 lw               x16, 0(x15)         x16=0f650edb x15:1c00036c  PA:1c00036c
13524489ns          220684 1c008224 0047a503 lw               x10, 4(x15)         x10=00670f19 x15:1c00036c  PA:1c000370
13524788ns          220699 1c008226 0087a583 lw               x11, 8(x15)         x11=0d9f0e75 x15:1c00036c  PA:1c000374
13525086ns          220714 1c008228 00c7a603 lw               x12, 12(x15)        x12=01ad0c5f x15:1c00036c  PA:1c000378
13525384ns          220729 1c00822a 01072023 sw               x16, 0(x14)         x16:0f650edb x14:10001e28  PA:10001e28
13525404ns          220730 1c00822e 00a72223 sw               x10, 4(x14)         x10:00670f19 x14:10001e28  PA:10001e2c
13525424ns          220731 1c008230 00b72423 sw               x11, 8(x14)         x11:0d9f0e75 x14:10001e28  PA:10001e30
13525444ns          220732 1c008232 00c72623 sw               x12, 12(x14)        x12:01ad0c5f x14:10001e28  PA:10001e34
13525464ns          220733 1c008234 01078793 addi             x15, x15, 16        x15=1c00037c x15:1c00036c
13525484ns          220734 1c008236 01070713 addi             x14, x14, 16        x14=10001e38 x14:10001e28
13525504ns          220735 1c008220 0007a803 lw               x16, 0(x15)         x16=013b00a2 x15:1c00037c  PA:1c00037c
13525802ns          220750 1c008224 0047a503 lw               x10, 4(x15)         x10=009900fc x15:1c00037c  PA:1c000380
13526160ns          220768 1c008226 0087a583 lw               x11, 8(x15)         x11=001f000e x15:1c00037c  PA:1c000384
13526538ns          220787 1c008228 00c7a603 lw               x12, 12(x15)        x12=004f0f2c x15:1c00037c  PA:1c000388
13526936ns          220807 1c00822a 01072023 sw               x16, 0(x14)         x16:013b00a2 x14:10001e38  PA:10001e38
13526956ns          220808 1c00822e 00a72223 sw               x10, 4(x14)         x10:009900fc x14:10001e38  PA:10001e3c
13526975ns          220809 1c008230 00b72423 sw               x11, 8(x14)         x11:001f000e x14:10001e38  PA:10001e40
13526995ns          220810 1c008232 00c72623 sw               x12, 12(x14)        x12:004f0f2c x14:10001e38  PA:10001e44
13527015ns          220811 1c008234 01078793 addi             x15, x15, 16        x15=1c00038c x15:1c00037c
13527035ns          220812 1c008236 01070713 addi             x14, x14, 16        x14=10001e48 x14:10001e38
13527055ns          220813 1c008220 0007a803 lw               x16, 0(x15)         x16=0c9b0228 x15:1c00038c  PA:1c00038c
13527353ns          220828 1c008224 0047a503 lw               x10, 4(x15)         x10=00af0026 x15:1c00038c  PA:1c000390
13527652ns          220843 1c008226 0087a583 lw               x11, 8(x15)         x11=0f5c0012 x15:1c00038c  PA:1c000394
13527970ns          220859 1c008228 00c7a603 lw               x12, 12(x15)        x12=017002c0 x15:1c00038c  PA:1c000398
13528268ns          220874 1c00822a 01072023 sw               x16, 0(x14)         x16:0c9b0228 x14:10001e48  PA:10001e48
13528288ns          220875 1c00822e 00a72223 sw               x10, 4(x14)         x10:00af0026 x14:10001e48  PA:10001e4c
13528308ns          220876 1c008230 00b72423 sw               x11, 8(x14)         x11:0f5c0012 x14:10001e48  PA:10001e50
13528328ns          220877 1c008232 00c72623 sw               x12, 12(x14)        x12:017002c0 x14:10001e48  PA:10001e54
13528348ns          220878 1c008234 01078793 addi             x15, x15, 16        x15=1c00039c x15:1c00038c
13528368ns          220879 1c008236 01070713 addi             x14, x14, 16        x14=10001e58 x14:10001e48
13528387ns          220880 1c008220 0007a803 lw               x16, 0(x15)         x16=0f770c56 x15:1c00039c  PA:1c00039c
13528686ns          220895 1c008224 0047a503 lw               x10, 4(x15)         x10=00210fee x15:1c00039c  PA:1c0003a0
13528984ns          220910 1c008226 0087a583 lw               x11, 8(x15)         x11=0fa90c57 x15:1c00039c  PA:1c0003a4
13529302ns          220926 1c008228 00c7a603 lw               x12, 12(x15)        x12=0103009d x15:1c00039c  PA:1c0003a8
13529680ns          220945 1c00822a 01072023 sw               x16, 0(x14)         x16:0f770c56 x14:10001e58  PA:10001e58
13529700ns          220946 1c00822e 00a72223 sw               x10, 4(x14)         x10:00210fee x14:10001e58  PA:10001e5c
13529720ns          220947 1c008230 00b72423 sw               x11, 8(x14)         x11:0fa90c57 x14:10001e58  PA:10001e60
13529740ns          220948 1c008232 00c72623 sw               x12, 12(x14)        x12:0103009d x14:10001e58  PA:10001e64
13529760ns          220949 1c008234 01078793 addi             x15, x15, 16        x15=1c0003ac x15:1c00039c
13529780ns          220950 1c008236 01070713 addi             x14, x14, 16        x14=10001e68 x14:10001e58
13529800ns          220951 1c008220 0007a803 lw               x16, 0(x15)         x16=0dde0019 x15:1c0003ac  PA:1c0003ac
13530098ns          220966 1c008224 0047a503 lw               x10, 4(x15)         x10=0e5a0d3f x15:1c0003ac  PA:1c0003b0
13530396ns          220981 1c008226 0087a583 lw               x11, 8(x15)         x11=0e2e011a x15:1c0003ac  PA:1c0003b4
13530694ns          220996 1c008228 00c7a603 lw               x12, 12(x15)        x12=0ea80080 x15:1c0003ac  PA:1c0003b8
13530993ns          221011 1c00822a 01072023 sw               x16, 0(x14)         x16:0dde0019 x14:10001e68  PA:10001e68
13531013ns          221012 1c00822e 00a72223 sw               x10, 4(x14)         x10:0e5a0d3f x14:10001e68  PA:10001e6c
13531033ns          221013 1c008230 00b72423 sw               x11, 8(x14)         x11:0e2e011a x14:10001e68  PA:10001e70
13531052ns          221014 1c008232 00c72623 sw               x12, 12(x14)        x12:0ea80080 x14:10001e68  PA:10001e74
13531072ns          221015 1c008234 01078793 addi             x15, x15, 16        x15=1c0003bc x15:1c0003ac
13531092ns          221016 1c008236 01070713 addi             x14, x14, 16        x14=10001e78 x14:10001e68
13531112ns          221017 1c008220 0007a803 lw               x16, 0(x15)         x16=0fab0fb5 x15:1c0003bc  PA:1c0003bc
13531410ns          221032 1c008224 0047a503 lw               x10, 4(x15)         x10=0f0300b1 x15:1c0003bc  PA:1c0003c0
13531709ns          221047 1c008226 0087a583 lw               x11, 8(x15)         x11=0fe10ef1 x15:1c0003bc  PA:1c0003c4
13532027ns          221063 1c008228 00c7a603 lw               x12, 12(x15)        x12=0ad302cf x15:1c0003bc  PA:1c0003c8
13532325ns          221078 1c00822a 01072023 sw               x16, 0(x14)         x16:0fab0fb5 x14:10001e78  PA:10001e78
13532345ns          221079 1c00822e 00a72223 sw               x10, 4(x14)         x10:0f0300b1 x14:10001e78  PA:10001e7c
13532365ns          221080 1c008230 00b72423 sw               x11, 8(x14)         x11:0fe10ef1 x14:10001e78  PA:10001e80
13532385ns          221081 1c008232 00c72623 sw               x12, 12(x14)        x12:0ad302cf x14:10001e78  PA:10001e84
13532405ns          221082 1c008234 01078793 addi             x15, x15, 16        x15=1c0003cc x15:1c0003bc
13532425ns          221083 1c008236 01070713 addi             x14, x14, 16        x14=10001e88 x14:10001e78
13532445ns          221084 1c008220 0007a803 lw               x16, 0(x15)         x16=0eae0fe5 x15:1c0003cc  PA:1c0003cc
13532743ns          221099 1c008224 0047a503 lw               x10, 4(x15)         x10=003c00af x15:1c0003cc  PA:1c0003d0
13533041ns          221114 1c008226 0087a583 lw               x11, 8(x15)         x11=029700f5 x15:1c0003cc  PA:1c0003d4
13533359ns          221130 1c008228 00c7a603 lw               x12, 12(x15)        x12=0fcf00a5 x15:1c0003cc  PA:1c0003d8
13533658ns          221145 1c00822a 01072023 sw               x16, 0(x14)         x16:0eae0fe5 x14:10001e88  PA:10001e88
13533678ns          221146 1c00822e 00a72223 sw               x10, 4(x14)         x10:003c00af x14:10001e88  PA:10001e8c
13533698ns          221147 1c008230 00b72423 sw               x11, 8(x14)         x11:029700f5 x14:10001e88  PA:10001e90
13533717ns          221148 1c008232 00c72623 sw               x12, 12(x14)        x12:0fcf00a5 x14:10001e88  PA:10001e94
13533737ns          221149 1c008234 01078793 addi             x15, x15, 16        x15=1c0003dc x15:1c0003cc
13533757ns          221150 1c008236 01070713 addi             x14, x14, 16        x14=10001e98 x14:10001e88
13533777ns          221151 1c008220 0007a803 lw               x16, 0(x15)         x16=025a0d94 x15:1c0003dc  PA:1c0003dc
13534075ns          221166 1c008224 0047a503 lw               x10, 4(x15)         x10=00900eb8 x15:1c0003dc  PA:1c0003e0
13534374ns          221181 1c008226 0087a583 lw               x11, 8(x15)         x11=034c022e x15:1c0003dc  PA:1c0003e4
13534672ns          221196 1c008228 00c7a603 lw               x12, 12(x15)        x12=00760e50 x15:1c0003dc  PA:1c0003e8
13534970ns          221211 1c00822a 01072023 sw               x16, 0(x14)         x16:025a0d94 x14:10001e98  PA:10001e98
13534990ns          221212 1c00822e 00a72223 sw               x10, 4(x14)         x10:00900eb8 x14:10001e98  PA:10001e9c
13535010ns          221213 1c008230 00b72423 sw               x11, 8(x14)         x11:034c022e x14:10001e98  PA:10001ea0
13535030ns          221214 1c008232 00c72623 sw               x12, 12(x14)        x12:00760e50 x14:10001e98  PA:10001ea4
13535050ns          221215 1c008234 01078793 addi             x15, x15, 16        x15=1c0003ec x15:1c0003dc
13535070ns          221216 1c008236 01070713 addi             x14, x14, 16        x14=10001ea8 x14:10001e98
13535090ns          221217 1c008220 0007a803 lw               x16, 0(x15)         x16=00400ee6 x15:1c0003ec  PA:1c0003ec
13535388ns          221232 1c008224 0047a503 lw               x10, 4(x15)         x10=0e240266 x15:1c0003ec  PA:1c0003f0
13535686ns          221247 1c008226 0087a583 lw               x11, 8(x15)         x11=00970ea3 x15:1c0003ec  PA:1c0003f4
13535985ns          221262 1c008228 00c7a603 lw               x12, 12(x15)        x12=01670e25 x15:1c0003ec  PA:1c0003f8
13536283ns          221277 1c00822a 01072023 sw               x16, 0(x14)         x16:00400ee6 x14:10001ea8  PA:10001ea8
13536303ns          221278 1c00822e 00a72223 sw               x10, 4(x14)         x10:0e240266 x14:10001ea8  PA:10001eac
13536323ns          221279 1c008230 00b72423 sw               x11, 8(x14)         x11:00970ea3 x14:10001ea8  PA:10001eb0
13536343ns          221280 1c008232 00c72623 sw               x12, 12(x14)        x12:01670e25 x14:10001ea8  PA:10001eb4
13536363ns          221281 1c008234 01078793 addi             x15, x15, 16        x15=1c0003fc x15:1c0003ec
13536382ns          221282 1c008236 01070713 addi             x14, x14, 16        x14=10001eb8 x14:10001ea8
13536402ns          221283 1c008220 0007a803 lw               x16, 0(x15)         x16=009b0f1c x15:1c0003fc  PA:1c0003fc
13536701ns          221298 1c008224 0047a503 lw               x10, 4(x15)         x10=00250e36 x15:1c0003fc  PA:1c000400
13536999ns          221313 1c008226 0087a583 lw               x11, 8(x15)         x11=010a0dbb x15:1c0003fc  PA:1c000404
13537417ns          221334 1c008228 00c7a603 lw               x12, 12(x15)        x12=05680e49 x15:1c0003fc  PA:1c000408
13537814ns          221354 1c00822a 01072023 sw               x16, 0(x14)         x16:009b0f1c x14:10001eb8  PA:10001eb8
13537834ns          221355 1c00822e 00a72223 sw               x10, 4(x14)         x10:00250e36 x14:10001eb8  PA:10001ebc
13537854ns          221356 1c008230 00b72423 sw               x11, 8(x14)         x11:010a0dbb x14:10001eb8  PA:10001ec0
13537874ns          221357 1c008232 00c72623 sw               x12, 12(x14)        x12:05680e49 x14:10001eb8  PA:10001ec4
13537894ns          221358 1c008234 01078793 addi             x15, x15, 16        x15=1c00040c x15:1c0003fc
13537914ns          221359 1c008236 01070713 addi             x14, x14, 16        x14=10001ec8 x14:10001eb8
13537934ns          221360 1c008220 0007a803 lw               x16, 0(x15)         x16=0fb60efa x15:1c00040c  PA:1c00040c
13538232ns          221375 1c008224 0047a503 lw               x10, 4(x15)         x10=02e402b2 x15:1c00040c  PA:1c000410
13538530ns          221390 1c008226 0087a583 lw               x11, 8(x15)         x11=0f6e0fcb x15:1c00040c  PA:1c000414
13538829ns          221405 1c008228 00c7a603 lw               x12, 12(x15)        x12=0e120fa7 x15:1c00040c  PA:1c000418
13539127ns          221420 1c00822a 01072023 sw               x16, 0(x14)         x16:0fb60efa x14:10001ec8  PA:10001ec8
13539147ns          221421 1c00822e 00a72223 sw               x10, 4(x14)         x10:02e402b2 x14:10001ec8  PA:10001ecc
13539167ns          221422 1c008230 00b72423 sw               x11, 8(x14)         x11:0f6e0fcb x14:10001ec8  PA:10001ed0
13539187ns          221423 1c008232 00c72623 sw               x12, 12(x14)        x12:0e120fa7 x14:10001ec8  PA:10001ed4
13539207ns          221424 1c008234 01078793 addi             x15, x15, 16        x15=1c00041c x15:1c00040c
13539226ns          221425 1c008236 01070713 addi             x14, x14, 16        x14=10001ed8 x14:10001ec8
13539246ns          221426 1c008220 0007a803 lw               x16, 0(x15)         x16=0f520339 x15:1c00041c  PA:1c00041c
13539624ns          221445 1c008224 0047a503 lw               x10, 4(x15)         x10=0d1a0181 x15:1c00041c  PA:1c000420
13539982ns          221463 1c008226 0087a583 lw               x11, 8(x15)         x11=02af01d5 x15:1c00041c  PA:1c000424
13540380ns          221483 1c008228 00c7a603 lw               x12, 12(x15)        x12=0e7b0f6f x15:1c00041c  PA:1c000428
13540778ns          221503 1c00822a 01072023 sw               x16, 0(x14)         x16:0f520339 x14:10001ed8  PA:10001ed8
13540798ns          221504 1c00822e 00a72223 sw               x10, 4(x14)         x10:0d1a0181 x14:10001ed8  PA:10001edc
13540817ns          221505 1c008230 00b72423 sw               x11, 8(x14)         x11:02af01d5 x14:10001ed8  PA:10001ee0
13540837ns          221506 1c008232 00c72623 sw               x12, 12(x14)        x12:0e7b0f6f x14:10001ed8  PA:10001ee4
13540857ns          221507 1c008234 01078793 addi             x15, x15, 16        x15=1c00042c x15:1c00041c
13540877ns          221508 1c008236 01070713 addi             x14, x14, 16        x14=10001ee8 x14:10001ed8
13540897ns          221509 1c008220 0007a803 lw               x16, 0(x15)         x16=011e0da0 x15:1c00042c  PA:1c00042c
13541195ns          221524 1c008224 0047a503 lw               x10, 4(x15)         x10=005a003e x15:1c00042c  PA:1c000430
13541553ns          221542 1c008226 0087a583 lw               x11, 8(x15)         x11=01490021 x15:1c00042c  PA:1c000434
13541951ns          221562 1c008228 00c7a603 lw               x12, 12(x15)        x12=01e90071 x15:1c00042c  PA:1c000438
13542369ns          221583 1c00822a 01072023 sw               x16, 0(x14)         x16:011e0da0 x14:10001ee8  PA:10001ee8
13542389ns          221584 1c00822e 00a72223 sw               x10, 4(x14)         x10:005a003e x14:10001ee8  PA:10001eec
13542409ns          221585 1c008230 00b72423 sw               x11, 8(x14)         x11:01490021 x14:10001ee8  PA:10001ef0
13542428ns          221586 1c008232 00c72623 sw               x12, 12(x14)        x12:01e90071 x14:10001ee8  PA:10001ef4
13542448ns          221587 1c008234 01078793 addi             x15, x15, 16        x15=1c00043c x15:1c00042c
13542468ns          221588 1c008236 01070713 addi             x14, x14, 16        x14=10001ef8 x14:10001ee8
13542488ns          221589 1c008220 0007a803 lw               x16, 0(x15)         x16=0eab0085 x15:1c00043c  PA:1c00043c
13542806ns          221605 1c008224 0047a503 lw               x10, 4(x15)         x10=038f004d x15:1c00043c  PA:1c000440
13543164ns          221623 1c008226 0087a583 lw               x11, 8(x15)         x11=0c630e3a x15:1c00043c  PA:1c000444
13543562ns          221643 1c008228 00c7a603 lw               x12, 12(x15)        x12=02010f88 x15:1c00043c  PA:1c000448
13543980ns          221664 1c00822a 01072023 sw               x16, 0(x14)         x16:0eab0085 x14:10001ef8  PA:10001ef8
13544000ns          221665 1c00822e 00a72223 sw               x10, 4(x14)         x10:038f004d x14:10001ef8  PA:10001efc
13544019ns          221666 1c008230 00b72423 sw               x11, 8(x14)         x11:0c630e3a x14:10001ef8  PA:10001f00
13544039ns          221667 1c008232 00c72623 sw               x12, 12(x14)        x12:02010f88 x14:10001ef8  PA:10001f04
13544059ns          221668 1c008234 01078793 addi             x15, x15, 16        x15=1c00044c x15:1c00043c
13544079ns          221669 1c008236 01070713 addi             x14, x14, 16        x14=10001f08 x14:10001ef8
13544099ns          221670 1c008220 0007a803 lw               x16, 0(x15)         x16=001a0157 x15:1c00044c  PA:1c00044c
13544397ns          221685 1c008224 0047a503 lw               x10, 4(x15)         x10=0e780001 x15:1c00044c  PA:1c000450
13544696ns          221700 1c008226 0087a583 lw               x11, 8(x15)         x11=014c0074 x15:1c00044c  PA:1c000454
13545014ns          221716 1c008228 00c7a603 lw               x12, 12(x15)        x12=00220fd4 x15:1c00044c  PA:1c000458
13545372ns          221734 1c00822a 01072023 sw               x16, 0(x14)         x16:001a0157 x14:10001f08  PA:10001f08
13545392ns          221735 1c00822e 00a72223 sw               x10, 4(x14)         x10:0e780001 x14:10001f08  PA:10001f0c
13545412ns          221736 1c008230 00b72423 sw               x11, 8(x14)         x11:014c0074 x14:10001f08  PA:10001f10
13545432ns          221737 1c008232 00c72623 sw               x12, 12(x14)        x12:00220fd4 x14:10001f08  PA:10001f14
13545451ns          221738 1c008234 01078793 addi             x15, x15, 16        x15=1c00045c x15:1c00044c
13545471ns          221739 1c008236 01070713 addi             x14, x14, 16        x14=10001f18 x14:10001f08
13545491ns          221740 1c008220 0007a803 lw               x16, 0(x15)         x16=00480db6 x15:1c00045c  PA:1c00045c
13545789ns          221755 1c008224 0047a503 lw               x10, 4(x15)         x10=01ee0038 x15:1c00045c  PA:1c000460
13546088ns          221770 1c008226 0087a583 lw               x11, 8(x15)         x11=0e2002cf x15:1c00045c  PA:1c000464
13546406ns          221786 1c008228 00c7a603 lw               x12, 12(x15)        x12=0e4c003f x15:1c00045c  PA:1c000468
13546704ns          221801 1c00822a 01072023 sw               x16, 0(x14)         x16:00480db6 x14:10001f18  PA:10001f18
13546724ns          221802 1c00822e 00a72223 sw               x10, 4(x14)         x10:01ee0038 x14:10001f18  PA:10001f1c
13546744ns          221803 1c008230 00b72423 sw               x11, 8(x14)         x11:0e2002cf x14:10001f18  PA:10001f20
13546764ns          221804 1c008232 00c72623 sw               x12, 12(x14)        x12:0e4c003f x14:10001f18  PA:10001f24
13546784ns          221805 1c008234 01078793 addi             x15, x15, 16        x15=1c00046c x15:1c00045c
13546804ns          221806 1c008236 01070713 addi             x14, x14, 16        x14=10001f28 x14:10001f18
13546824ns          221807 1c008220 0007a803 lw               x16, 0(x15)         x16=0ec20ffe x15:1c00046c  PA:1c00046c
13547122ns          221822 1c008224 0047a503 lw               x10, 4(x15)         x10=0fd202be x15:1c00046c  PA:1c000470
13547460ns          221839 1c008226 0087a583 lw               x11, 8(x15)         x11=0fa500b5 x15:1c00046c  PA:1c000474
13547878ns          221860 1c008228 00c7a603 lw               x12, 12(x15)        x12=0ceb0125 x15:1c00046c  PA:1c000478
13548275ns          221880 1c00822a 01072023 sw               x16, 0(x14)         x16:0ec20ffe x14:10001f28  PA:10001f28
13548295ns          221881 1c00822e 00a72223 sw               x10, 4(x14)         x10:0fd202be x14:10001f28  PA:10001f2c
13548315ns          221882 1c008230 00b72423 sw               x11, 8(x14)         x11:0fa500b5 x14:10001f28  PA:10001f30
13548335ns          221883 1c008232 00c72623 sw               x12, 12(x14)        x12:0ceb0125 x14:10001f28  PA:10001f34
13548355ns          221884 1c008234 01078793 addi             x15, x15, 16        x15=1c00047c x15:1c00046c
13548375ns          221885 1c008236 01070713 addi             x14, x14, 16        x14=10001f38 x14:10001f28
13548395ns          221886 1c008220 0007a803 lw               x16, 0(x15)         x16=0e260d8d x15:1c00047c  PA:1c00047c
13548693ns          221901 1c008224 0047a503 lw               x10, 4(x15)         x10=004601bd x15:1c00047c  PA:1c000480
13549011ns          221917 1c008226 0087a583 lw               x11, 8(x15)         x11=0ee30024 x15:1c00047c  PA:1c000484
13549349ns          221934 1c008228 00c7a603 lw               x12, 12(x15)        x12=01070d3c x15:1c00047c  PA:1c000488
13549747ns          221954 1c00822a 01072023 sw               x16, 0(x14)         x16:0e260d8d x14:10001f38  PA:10001f38
13549767ns          221955 1c00822e 00a72223 sw               x10, 4(x14)         x10:004601bd x14:10001f38  PA:10001f3c
13549787ns          221956 1c008230 00b72423 sw               x11, 8(x14)         x11:0ee30024 x14:10001f38  PA:10001f40
13549807ns          221957 1c008232 00c72623 sw               x12, 12(x14)        x12:01070d3c x14:10001f38  PA:10001f44
13549827ns          221958 1c008234 01078793 addi             x15, x15, 16        x15=1c00048c x15:1c00047c
13549847ns          221959 1c008236 01070713 addi             x14, x14, 16        x14=10001f48 x14:10001f38
13549867ns          221960 1c008220 0007a803 lw               x16, 0(x15)         x16=001f01bd x15:1c00048c  PA:1c00048c
13550165ns          221975 1c008224 0047a503 lw               x10, 4(x15)         x10=0dd10ef5 x15:1c00048c  PA:1c000490
13550463ns          221990 1c008226 0087a583 lw               x11, 8(x15)         x11=0cc00f4e x15:1c00048c  PA:1c000494
13550761ns          222005 1c008228 00c7a603 lw               x12, 12(x15)        x12=00160ee4 x15:1c00048c  PA:1c000498
13551060ns          222020 1c00822a 01072023 sw               x16, 0(x14)         x16:001f01bd x14:10001f48  PA:10001f48
13551080ns          222021 1c00822e 00a72223 sw               x10, 4(x14)         x10:0dd10ef5 x14:10001f48  PA:10001f4c
13551100ns          222022 1c008230 00b72423 sw               x11, 8(x14)         x11:0cc00f4e x14:10001f48  PA:10001f50
13551119ns          222023 1c008232 00c72623 sw               x12, 12(x14)        x12:00160ee4 x14:10001f48  PA:10001f54
13551139ns          222024 1c008234 01078793 addi             x15, x15, 16        x15=1c00049c x15:1c00048c
13551159ns          222025 1c008236 01070713 addi             x14, x14, 16        x14=10001f58 x14:10001f48
13551179ns          222026 1c008220 0007a803 lw               x16, 0(x15)         x16=0fb00f79 x15:1c00049c  PA:1c00049c
13551477ns          222041 1c008224 0047a503 lw               x10, 4(x15)         x10=0fe80029 x15:1c00049c  PA:1c0004a0
13551855ns          222060 1c008226 0087a583 lw               x11, 8(x15)         x11=0eba018c x15:1c00049c  PA:1c0004a4
13552253ns          222080 1c008228 00c7a603 lw               x12, 12(x15)        x12=00e60f76 x15:1c00049c  PA:1c0004a8
13552651ns          222100 1c00822a 01072023 sw               x16, 0(x14)         x16:0fb00f79 x14:10001f58  PA:10001f58
13552671ns          222101 1c00822e 00a72223 sw               x10, 4(x14)         x10:0fe80029 x14:10001f58  PA:10001f5c
13552691ns          222102 1c008230 00b72423 sw               x11, 8(x14)         x11:0eba018c x14:10001f58  PA:10001f60
13552711ns          222103 1c008232 00c72623 sw               x12, 12(x14)        x12:00e60f76 x14:10001f58  PA:10001f64
13552730ns          222104 1c008234 01078793 addi             x15, x15, 16        x15=1c0004ac x15:1c00049c
13552750ns          222105 1c008236 01070713 addi             x14, x14, 16        x14=10001f68 x14:10001f58
13552770ns          222106 1c008220 0007a803 lw               x16, 0(x15)         x16=003e0fc4 x15:1c0004ac  PA:1c0004ac
13553068ns          222121 1c008224 0047a503 lw               x10, 4(x15)         x10=0e3e01d6 x15:1c0004ac  PA:1c0004b0
13553387ns          222137 1c008226 0087a583 lw               x11, 8(x15)         x11=0e400b1c x15:1c0004ac  PA:1c0004b4
13553685ns          222152 1c008228 00c7a603 lw               x12, 12(x15)        x12=0caa0f56 x15:1c0004ac  PA:1c0004b8
13553983ns          222167 1c00822a 01072023 sw               x16, 0(x14)         x16:003e0fc4 x14:10001f68  PA:10001f68
13554003ns          222168 1c00822e 00a72223 sw               x10, 4(x14)         x10:0e3e01d6 x14:10001f68  PA:10001f6c
13554023ns          222169 1c008230 00b72423 sw               x11, 8(x14)         x11:0e400b1c x14:10001f68  PA:10001f70
13554043ns          222170 1c008232 00c72623 sw               x12, 12(x14)        x12:0caa0f56 x14:10001f68  PA:10001f74
13554063ns          222171 1c008234 01078793 addi             x15, x15, 16        x15=1c0004bc x15:1c0004ac
13554083ns          222172 1c008236 01070713 addi             x14, x14, 16        x14=10001f78 x14:10001f68
13554103ns          222173 1c008220 0007a803 lw               x16, 0(x15)         x16=0ddd02f0 x15:1c0004bc  PA:1c0004bc
13554441ns          222190 1c008224 0047a503 lw               x10, 4(x15)         x10=0117013e x15:1c0004bc  PA:1c0004c0
13554739ns          222205 1c008226 0087a583 lw               x11, 8(x15)         x11=00510db9 x15:1c0004bc  PA:1c0004c4
13555037ns          222220 1c008228 00c7a603 lw               x12, 12(x15)        x12=00a9021b x15:1c0004bc  PA:1c0004c8
13555415ns          222239 1c00822a 01072023 sw               x16, 0(x14)         x16:0ddd02f0 x14:10001f78  PA:10001f78
13555435ns          222240 1c00822e 00a72223 sw               x10, 4(x14)         x10:0117013e x14:10001f78  PA:10001f7c
13555455ns          222241 1c008230 00b72423 sw               x11, 8(x14)         x11:00510db9 x14:10001f78  PA:10001f80
13555475ns          222242 1c008232 00c72623 sw               x12, 12(x14)        x12:00a9021b x14:10001f78  PA:10001f84
13555495ns          222243 1c008234 01078793 addi             x15, x15, 16        x15=1c0004cc x15:1c0004bc
13555515ns          222244 1c008236 01070713 addi             x14, x14, 16        x14=10001f88 x14:10001f78
13555535ns          222245 1c008220 0007a803 lw               x16, 0(x15)         x16=0f550239 x15:1c0004cc  PA:1c0004cc
13555912ns          222264 1c008224 0047a503 lw               x10, 4(x15)         x10=0de50f0f x15:1c0004cc  PA:1c0004d0
13556211ns          222279 1c008226 0087a583 lw               x11, 8(x15)         x11=01b80e8a x15:1c0004cc  PA:1c0004d4
13556509ns          222294 1c008228 00c7a603 lw               x12, 12(x15)        x12=0d360e8e x15:1c0004cc  PA:1c0004d8
13556807ns          222309 1c00822a 01072023 sw               x16, 0(x14)         x16:0f550239 x14:10001f88  PA:10001f88
13556827ns          222310 1c00822e 00a72223 sw               x10, 4(x14)         x10:0de50f0f x14:10001f88  PA:10001f8c
13556847ns          222311 1c008230 00b72423 sw               x11, 8(x14)         x11:01b80e8a x14:10001f88  PA:10001f90
13556867ns          222312 1c008232 00c72623 sw               x12, 12(x14)        x12:0d360e8e x14:10001f88  PA:10001f94
13556887ns          222313 1c008234 01078793 addi             x15, x15, 16        x15=1c0004dc x15:1c0004cc
13556907ns          222314 1c008236 01070713 addi             x14, x14, 16        x14=10001f98 x14:10001f88
13556927ns          222315 1c008220 0007a803 lw               x16, 0(x15)         x16=0f8b0e44 x15:1c0004dc  PA:1c0004dc
13557265ns          222332 1c008224 0047a503 lw               x10, 4(x15)         x10=0fe10f1e x15:1c0004dc  PA:1c0004e0
13557563ns          222347 1c008226 0087a583 lw               x11, 8(x15)         x11=02990ea9 x15:1c0004dc  PA:1c0004e4
13557862ns          222362 1c008228 00c7a603 lw               x12, 12(x15)        x12=02310f61 x15:1c0004dc  PA:1c0004e8
13558160ns          222377 1c00822a 01072023 sw               x16, 0(x14)         x16:0f8b0e44 x14:10001f98  PA:10001f98
13558180ns          222378 1c00822e 00a72223 sw               x10, 4(x14)         x10:0fe10f1e x14:10001f98  PA:10001f9c
13558200ns          222379 1c008230 00b72423 sw               x11, 8(x14)         x11:02990ea9 x14:10001f98  PA:10001fa0
13558219ns          222380 1c008232 00c72623 sw               x12, 12(x14)        x12:02310f61 x14:10001f98  PA:10001fa4
13558239ns          222381 1c008234 01078793 addi             x15, x15, 16        x15=1c0004ec x15:1c0004dc
13558259ns          222382 1c008236 01070713 addi             x14, x14, 16        x14=10001fa8 x14:10001f98
13558279ns          222383 1c008220 0007a803 lw               x16, 0(x15)         x16=02340247 x15:1c0004ec  PA:1c0004ec
13558577ns          222398 1c008224 0047a503 lw               x10, 4(x15)         x10=013e0d31 x15:1c0004ec  PA:1c0004f0
13558876ns          222413 1c008226 0087a583 lw               x11, 8(x15)         x11=0f830e0f x15:1c0004ec  PA:1c0004f4
13559274ns          222433 1c008228 00c7a603 lw               x12, 12(x15)        x12=00890099 x15:1c0004ec  PA:1c0004f8
13559691ns          222454 1c00822a 01072023 sw               x16, 0(x14)         x16:02340247 x14:10001fa8  PA:10001fa8
13559711ns          222455 1c00822e 00a72223 sw               x10, 4(x14)         x10:013e0d31 x14:10001fa8  PA:10001fac
13559731ns          222456 1c008230 00b72423 sw               x11, 8(x14)         x11:0f830e0f x14:10001fa8  PA:10001fb0
13559751ns          222457 1c008232 00c72623 sw               x12, 12(x14)        x12:00890099 x14:10001fa8  PA:10001fb4
13559771ns          222458 1c008234 01078793 addi             x15, x15, 16        x15=1c0004fc x15:1c0004ec
13559791ns          222459 1c008236 01070713 addi             x14, x14, 16        x14=10001fb8 x14:10001fa8
13559811ns          222460 1c008220 0007a803 lw               x16, 0(x15)         x16=009201a1 x15:1c0004fc  PA:1c0004fc
13560188ns          222479 1c008224 0047a503 lw               x10, 4(x15)         x10=01600df1 x15:1c0004fc  PA:1c000500
13560487ns          222494 1c008226 0087a583 lw               x11, 8(x15)         x11=00470f49 x15:1c0004fc  PA:1c000504
13560785ns          222509 1c008228 00c7a603 lw               x12, 12(x15)        x12=014b0e21 x15:1c0004fc  PA:1c000508
13561083ns          222524 1c00822a 01072023 sw               x16, 0(x14)         x16:009201a1 x14:10001fb8  PA:10001fb8
13561103ns          222525 1c00822e 00a72223 sw               x10, 4(x14)         x10:01600df1 x14:10001fb8  PA:10001fbc
13561123ns          222526 1c008230 00b72423 sw               x11, 8(x14)         x11:00470f49 x14:10001fb8  PA:10001fc0
13561143ns          222527 1c008232 00c72623 sw               x12, 12(x14)        x12:014b0e21 x14:10001fb8  PA:10001fc4
13561163ns          222528 1c008234 01078793 addi             x15, x15, 16        x15=1c00050c x15:1c0004fc
13561183ns          222529 1c008236 01070713 addi             x14, x14, 16        x14=10001fc8 x14:10001fb8
13561203ns          222530 1c008220 0007a803 lw               x16, 0(x15)         x16=0c1d0000 x15:1c00050c  PA:1c00050c
13561561ns          222548 1c008224 0047a503 lw               x10, 4(x15)         x10=01550032 x15:1c00050c  PA:1c000510
13561879ns          222564 1c008226 0087a583 lw               x11, 8(x15)         x11=01f50246 x15:1c00050c  PA:1c000514
13562297ns          222585 1c008228 00c7a603 lw               x12, 12(x15)        x12=0f9701f2 x15:1c00050c  PA:1c000518
13562694ns          222605 1c00822a 01072023 sw               x16, 0(x14)         x16:0c1d0000 x14:10001fc8  PA:10001fc8
13562714ns          222606 1c00822e 00a72223 sw               x10, 4(x14)         x10:01550032 x14:10001fc8  PA:10001fcc
13562734ns          222607 1c008230 00b72423 sw               x11, 8(x14)         x11:01f50246 x14:10001fc8  PA:10001fd0
13562754ns          222608 1c008232 00c72623 sw               x12, 12(x14)        x12:0f9701f2 x14:10001fc8  PA:10001fd4
13562774ns          222609 1c008234 01078793 addi             x15, x15, 16        x15=1c00051c x15:1c00050c
13562794ns          222610 1c008236 01070713 addi             x14, x14, 16        x14=10001fd8 x14:10001fc8
13562814ns          222611 1c008238 f14025f3 csrrs            x11, x0, 0xf14      x11=00000003
13562834ns          222612 1c00823c 1c000537 lui              x10, 0x1c000000     x10=1c000000
13562853ns          222613 1c008240 f455b433 p.bclr           x8, x11, 26, 5       x8=00000003 x11:00000003
13562873ns          222614 1c008244 4055d593 srai             x11, x11, 0x405     x11=00000000 x11:00000003
13562893ns          222615 1c008246 00800633 add              x12, x0, x8         x12=00000003  x8:00000003
13562913ns          222616 1c008248 f265b5b3 p.bclr           x11, x11, 25, 6     x11=00000000 x11:00000000
13562933ns          222617 1c00824c 51c50513 addi             x10, x10, 1308      x10=1c00051c x10:1c000000
13563112ns          222626 1c008250 1b1000ef jal              x1, 2480             x1=1c008254
13563569ns          222649 1c008c00 fc010113 addi             x2, x2, -64          x2=10001a88  x2:10001ac8
13563609ns          222651 1c008c02 02410313 addi             x6, x2, 36           x6=10001aac  x2:10001a88
13563629ns          222652 1c008c06 02c12423 sw               x12, 40(x2)         x12:00000003  x2:10001a88  PA:10001ab0
13563649ns          222653 1c008c08 00a00633 add              x12, x0, x10        x12=1c00051c x10:1c00051c
13563669ns          222654 1c008c0a 1c009537 lui              x10, 0x1c009000     x10=1c009000
13563689ns          222655 1c008c0e 02b12223 sw               x11, 36(x2)         x11:00000000  x2:10001a88  PA:10001aac
13564086ns          222675 1c008c10 02d12623 sw               x13, 44(x2)         x13:0000001f  x2:10001a88  PA:10001ab4
13564106ns          222676 1c008c12 00200593 addi             x11, x0, 2          x11=00000002
13564126ns          222677 1c008c14 006006b3 add              x13, x0, x6         x13=10001aac  x6:10001aac
13564146ns          222678 1c008c16 b9450513 addi             x10, x10, -1132     x10=1c008b94 x10:1c009000
13564166ns          222679 1c008c1a 00112e23 sw               x1, 28(x2)           x1:1c008254  x2:10001a88  PA:10001aa4
13564186ns          222680 1c008c1c 02e12823 sw               x14, 48(x2)         x14:10001fd8  x2:10001a88  PA:10001ab8
13564206ns          222681 1c008c1e 02f12a23 sw               x15, 52(x2)         x15:1c00051c  x2:10001a88  PA:10001abc
13564604ns          222701 1c008c20 03012c23 sw               x16, 56(x2)         x16:0c1d0000  x2:10001a88  PA:10001ac0
13564623ns          222702 1c008c22 03112e23 sw               x17, 60(x2)         x17:04870893  x2:10001a88  PA:10001ac4
13564643ns          222703 1c008c24 00612623 sw               x6, 12(x2)           x6:10001aac  x2:10001a88  PA:10001a94
13564663ns          222704 1c008c26 fbfff0ef jal              x1, -66              x1=1c008c28
13565141ns          222728 1c008be4 04a0006f jal              x0, 74             
13565180ns          222730 1c008c2e ed010113 addi             x2, x2, -304         x2=10001958  x2:10001a88
13565618ns          222752 1c008c30 12812423 sw               x8, 296(x2)          x8:00000003  x2:10001958  PA:10001a80
13565658ns          222754 1c008c34 00000413 addi             x8, x0, 0            x8=00000000
13565677ns          222755 1c008c36 11612823 sw               x22, 272(x2)        x22:00000000  x2:10001958  PA:10001a68
13565697ns          222756 1c008c3a 11712623 sw               x23, 268(x2)        x23:00000000  x2:10001958  PA:10001a64
13566135ns          222778 1c008c3e 11812423 sw               x24, 264(x2)        x24:00000000  x2:10001958  PA:10001a60
13566175ns          222780 1c008c42 11912223 sw               x25, 260(x2)        x25:00000000  x2:10001958  PA:10001a5c
13566195ns          222781 1c008c46 11a12023 sw               x26, 256(x2)        x26:00000000  x2:10001958  PA:10001a58
13566214ns          222782 1c008c4a 0fb12e23 sw               x27, 252(x2)        x27:00000000  x2:10001958  PA:10001a54
13566234ns          222783 1c008c4c 12112623 sw               x1, 300(x2)          x1:1c008c28  x2:10001958  PA:10001a84
13566652ns          222804 1c008c50 00800db3 add              x27, x0, x8         x27=00000000  x8:00000000
13566692ns          222806 1c008c52 12912223 sw               x9, 292(x2)          x9:00000000  x2:10001958  PA:10001a7c
13566712ns          222807 1c008c56 13212023 sw               x18, 288(x2)        x18:00000000  x2:10001958  PA:10001a78
13566732ns          222808 1c008c5a 11312e23 sw               x19, 284(x2)        x19:00000000  x2:10001958  PA:10001a74
13567169ns          222830 1c008c5e 11412c23 sw               x20, 280(x2)        x20:00000000  x2:10001958  PA:10001a70
13567209ns          222832 1c008c62 11512a23 sw               x21, 276(x2)        x21:00000000  x2:10001958  PA:10001a6c
13567229ns          222833 1c008c66 00a00b33 add              x22, x0, x10        x22=1c008b94 x10:1c008b94
13567249ns          222834 1c008c68 00b00d33 add              x26, x0, x11        x26=00000002 x11:00000002
13567269ns          222835 1c008c6a 00d00c33 add              x24, x0, x13        x24=10001aac x13:10001aac
13567288ns          222836 1c008c6c 1c000bb7 lui              x23, 0x1c000000     x23=1c000000
13567706ns          222857 1c008c70 02410c93 addi             x25, x2, 36         x25=1000197c  x2:10001958
13567746ns          222859 1c008c74 00c00433 add              x8, x0, x12          x8=1c00051c x12:1c00051c
13567766ns          222860 1c008c76 00044503 lbu              x10, 0(x8)          x10=00000045  x8:1c00051c  PA:1c00051c
13568163ns          222880 1c008c7a 00140413 addi             x8, x8, 1            x8=1c00051d  x8:1c00051c
13568183ns          222881 1c008c7c 00050e63 beq              x10, x0, 28         x10:00000045
13568223ns          222883 1c008c7e 02500793 addi             x15, x0, 37         x15=00000025
13568263ns          222885 1c008c82 04f50863 beq              x10, x15, 80        x10:00000045 x15:00000025
13568283ns          222886 1c008c86 01a005b3 add              x11, x0, x26        x11=00000002 x26:00000002
13568303ns          222887 1c008c88 000b00e7 jalr             x1, x22, 0           x1=1c008c8a x22:1c008b94
13569317ns          222938 1c008b94 000026b7 lui              x13, 0x2000         x13=00002000
13569357ns          222940 1c008b96 f14027f3 csrrs            x15, x0, 0xf14      x15=00000003
13569377ns          222941 1c008b9a f8068693 addi             x13, x13, -128      x13=00001f80 x13:00002000
13569814ns          222963 1c008b9e 00379713 slli             x14, x15, 0x3       x14=00000018 x15:00000003
13569834ns          222964 1c008ba2 00279793 slli             x15, x15, 0x2       x15=0000000c x15:00000003
13569854ns          222965 1c008ba4 00d7f7b3 and              x15, x15, x13       x15=00000000 x15:0000000c x13:00001f80
13569874ns          222966 1c008ba6 ee873733 p.bclr           x14, x14, 23, 8     x14=00000018 x14:00000018
13569894ns          222967 1c008baa 1a10f6b7 lui              x13, 0x1a10f000     x13=1a10f000
13570351ns          222990 1c008bae 0ff57513 andi             x10, x10, 255       x10=00000045 x10:00000045
13570371ns          222991 1c008bb2 00d70733 add              x14, x14, x13       x14=1a10f018 x14:00000018 x13:1a10f000
13570391ns          222992 1c008bb4 00a7e723 p.sw             x10, x0(x15)        x10:00000045 x15:00000000  PA:1a10f018
13570848ns          223015 1c008bb8 00000513 addi             x10, x0, 0          x10=00000000
13570868ns          223016 1c008bba 00008067 jalr             x0, x1, 0            x1:1c008c8a
13570928ns          223019 1c008c8a 31f52563 p.beqimm         x10, 778            x10:00000000
13570948ns          223020 1c008c8e 001d8d93 addi             x27, x27, 1         x27=00000001 x27:00000000
13570968ns          223021 1c008c90 00044503 lbu              x10, 0(x8)          x10=0000006e  x8:1c00051d  PA:1c00051d
13571405ns          223043 1c008c94 00140413 addi             x8, x8, 1            x8=1c00051e  x8:1c00051d
13571425ns          223044 1c008c96 fe0514e3 bne              x10, x0, -24        x10:0000006e
13571525ns          223049 1c008c7e 02500793 addi             x15, x0, 37         x15=00000025
13571544ns          223050 1c008c82 04f50863 beq              x10, x15, 80        x10:0000006e x15:00000025
13571564ns          223051 1c008c86 01a005b3 add              x11, x0, x26        x11=00000002 x26:00000002
13571584ns          223052 1c008c88 000b00e7 jalr             x1, x22, 0           x1=1c008c8a x22:1c008b94
13571624ns          223054 1c008b94 000026b7 lui              x13, 0x2000         x13=00002000
13571644ns          223055 1c008b96 f14027f3 csrrs            x15, x0, 0xf14      x15=00000003
13571664ns          223056 1c008b9a f8068693 addi             x13, x13, -128      x13=00001f80 x13:00002000
13571723ns          223059 1c008b9e 00379713 slli             x14, x15, 0x3       x14=00000018 x15:00000003
13571743ns          223060 1c008ba2 00279793 slli             x15, x15, 0x2       x15=0000000c x15:00000003
13571763ns          223061 1c008ba4 00d7f7b3 and              x15, x15, x13       x15=00000000 x15:0000000c x13:00001f80
13571783ns          223062 1c008ba6 ee873733 p.bclr           x14, x14, 23, 8     x14=00000018 x14:00000018
13571803ns          223063 1c008baa 1a10f6b7 lui              x13, 0x1a10f000     x13=1a10f000
13571823ns          223064 1c008bae 0ff57513 andi             x10, x10, 255       x10=0000006e x10:0000006e
13571843ns          223065 1c008bb2 00d70733 add              x14, x14, x13       x14=1a10f018 x14:00000018 x13:1a10f000
13571863ns          223066 1c008bb4 00a7e723 p.sw             x10, x0(x15)        x10:0000006e x15:00000000  PA:1a10f018
13572320ns          223089 1c008bb8 00000513 addi             x10, x0, 0          x10=00000000
13572340ns          223090 1c008bba 00008067 jalr             x0, x1, 0            x1:1c008c8a
13572400ns          223093 1c008c8a 31f52563 p.beqimm         x10, 778            x10:00000000
13572420ns          223094 1c008c8e 001d8d93 addi             x27, x27, 1         x27=00000002 x27:00000001
13572439ns          223095 1c008c90 00044503 lbu              x10, 0(x8)          x10=00000074  x8:1c00051e  PA:1c00051e
13572758ns          223111 1c008c94 00140413 addi             x8, x8, 1            x8=1c00051f  x8:1c00051e
13572778ns          223112 1c008c96 fe0514e3 bne              x10, x0, -24        x10:00000074
13572857ns          223116 1c008c7e 02500793 addi             x15, x0, 37         x15=00000025
13572877ns          223117 1c008c82 04f50863 beq              x10, x15, 80        x10:00000074 x15:00000025
13572897ns          223118 1c008c86 01a005b3 add              x11, x0, x26        x11=00000002 x26:00000002
13572917ns          223119 1c008c88 000b00e7 jalr             x1, x22, 0           x1=1c008c8a x22:1c008b94
13572956ns          223121 1c008b94 000026b7 lui              x13, 0x2000         x13=00002000
13572976ns          223122 1c008b96 f14027f3 csrrs            x15, x0, 0xf14      x15=00000003
13572996ns          223123 1c008b9a f8068693 addi             x13, x13, -128      x13=00001f80 x13:00002000
13573016ns          223124 1c008b9e 00379713 slli             x14, x15, 0x3       x14=00000018 x15:00000003
13573036ns          223125 1c008ba2 00279793 slli             x15, x15, 0x2       x15=0000000c x15:00000003
13573056ns          223126 1c008ba4 00d7f7b3 and              x15, x15, x13       x15=00000000 x15:0000000c x13:00001f80
13573076ns          223127 1c008ba6 ee873733 p.bclr           x14, x14, 23, 8     x14=00000018 x14:00000018
13573096ns          223128 1c008baa 1a10f6b7 lui              x13, 0x1a10f000     x13=1a10f000
13573116ns          223129 1c008bae 0ff57513 andi             x10, x10, 255       x10=00000074 x10:00000074
13573135ns          223130 1c008bb2 00d70733 add              x14, x14, x13       x14=1a10f018 x14:00000018 x13:1a10f000
13573155ns          223131 1c008bb4 00a7e723 p.sw             x10, x0(x15)        x10:00000074 x15:00000000  PA:1a10f018
13573474ns          223147 1c008bb8 00000513 addi             x10, x0, 0          x10=00000000
13573493ns          223148 1c008bba 00008067 jalr             x0, x1, 0            x1:1c008c8a
13573553ns          223151 1c008c8a 31f52563 p.beqimm         x10, 778            x10:00000000
13573573ns          223152 1c008c8e 001d8d93 addi             x27, x27, 1         x27=00000003 x27:00000002
13573593ns          223153 1c008c90 00044503 lbu              x10, 0(x8)          x10=00000065  x8:1c00051f  PA:1c00051f
13573891ns          223168 1c008c94 00140413 addi             x8, x8, 1            x8=1c000520  x8:1c00051f
13573911ns          223169 1c008c96 fe0514e3 bne              x10, x0, -24        x10:00000065
13573991ns          223173 1c008c7e 02500793 addi             x15, x0, 37         x15=00000025
13574011ns          223174 1c008c82 04f50863 beq              x10, x15, 80        x10:00000065 x15:00000025
13574030ns          223175 1c008c86 01a005b3 add              x11, x0, x26        x11=00000002 x26:00000002
13574050ns          223176 1c008c88 000b00e7 jalr             x1, x22, 0           x1=1c008c8a x22:1c008b94
13574090ns          223178 1c008b94 000026b7 lui              x13, 0x2000         x13=00002000
13574110ns          223179 1c008b96 f14027f3 csrrs            x15, x0, 0xf14      x15=00000003
13574130ns          223180 1c008b9a f8068693 addi             x13, x13, -128      x13=00001f80 x13:00002000
13574150ns          223181 1c008b9e 00379713 slli             x14, x15, 0x3       x14=00000018 x15:00000003
13574170ns          223182 1c008ba2 00279793 slli             x15, x15, 0x2       x15=0000000c x15:00000003
13574190ns          223183 1c008ba4 00d7f7b3 and              x15, x15, x13       x15=00000000 x15:0000000c x13:00001f80
13574209ns          223184 1c008ba6 ee873733 p.bclr           x14, x14, 23, 8     x14=00000018 x14:00000018
13574229ns          223185 1c008baa 1a10f6b7 lui              x13, 0x1a10f000     x13=1a10f000
13574249ns          223186 1c008bae 0ff57513 andi             x10, x10, 255       x10=00000065 x10:00000065
13574269ns          223187 1c008bb2 00d70733 add              x14, x14, x13       x14=1a10f018 x14:00000018 x13:1a10f000
13574289ns          223188 1c008bb4 00a7e723 p.sw             x10, x0(x15)        x10:00000065 x15:00000000  PA:1a10f018
13574607ns          223204 1c008bb8 00000513 addi             x10, x0, 0          x10=00000000
13574627ns          223205 1c008bba 00008067 jalr             x0, x1, 0            x1:1c008c8a
13574687ns          223208 1c008c8a 31f52563 p.beqimm         x10, 778            x10:00000000
13574707ns          223209 1c008c8e 001d8d93 addi             x27, x27, 1         x27=00000004 x27:00000003
13574727ns          223210 1c008c90 00044503 lbu              x10, 0(x8)          x10=00000072  x8:1c000520  PA:1c000520
13575025ns          223225 1c008c94 00140413 addi             x8, x8, 1            x8=1c000521  x8:1c000520
13575045ns          223226 1c008c96 fe0514e3 bne              x10, x0, -24        x10:00000072
13575124ns          223230 1c008c7e 02500793 addi             x15, x0, 37         x15=00000025
13575144ns          223231 1c008c82 04f50863 beq              x10, x15, 80        x10:00000072 x15:00000025
13575164ns          223232 1c008c86 01a005b3 add              x11, x0, x26        x11=00000002 x26:00000002
13575184ns          223233 1c008c88 000b00e7 jalr             x1, x22, 0           x1=1c008c8a x22:1c008b94
13575224ns          223235 1c008b94 000026b7 lui              x13, 0x2000         x13=00002000
13575244ns          223236 1c008b96 f14027f3 csrrs            x15, x0, 0xf14      x15=00000003
13575264ns          223237 1c008b9a f8068693 addi             x13, x13, -128      x13=00001f80 x13:00002000
13575283ns          223238 1c008b9e 00379713 slli             x14, x15, 0x3       x14=00000018 x15:00000003
13575303ns          223239 1c008ba2 00279793 slli             x15, x15, 0x2       x15=0000000c x15:00000003
13575323ns          223240 1c008ba4 00d7f7b3 and              x15, x15, x13       x15=00000000 x15:0000000c x13:00001f80
13575343ns          223241 1c008ba6 ee873733 p.bclr           x14, x14, 23, 8     x14=00000018 x14:00000018
13575363ns          223242 1c008baa 1a10f6b7 lui              x13, 0x1a10f000     x13=1a10f000
13575383ns          223243 1c008bae 0ff57513 andi             x10, x10, 255       x10=00000072 x10:00000072
13575403ns          223244 1c008bb2 00d70733 add              x14, x14, x13       x14=1a10f018 x14:00000018 x13:1a10f000
13575423ns          223245 1c008bb4 00a7e723 p.sw             x10, x0(x15)        x10:00000072 x15:00000000  PA:1a10f018
13575741ns          223261 1c008bb8 00000513 addi             x10, x0, 0          x10=00000000
13575761ns          223262 1c008bba 00008067 jalr             x0, x1, 0            x1:1c008c8a
13575820ns          223265 1c008c8a 31f52563 p.beqimm         x10, 778            x10:00000000
13575840ns          223266 1c008c8e 001d8d93 addi             x27, x27, 1         x27=00000005 x27:00000004
13575860ns          223267 1c008c90 00044503 lbu              x10, 0(x8)          x10=00000065  x8:1c000521  PA:1c000521
13576158ns          223282 1c008c94 00140413 addi             x8, x8, 1            x8=1c000522  x8:1c000521
13576178ns          223283 1c008c96 fe0514e3 bne              x10, x0, -24        x10:00000065
13576258ns          223287 1c008c7e 02500793 addi             x15, x0, 37         x15=00000025
13576278ns          223288 1c008c82 04f50863 beq              x10, x15, 80        x10:00000065 x15:00000025
13576298ns          223289 1c008c86 01a005b3 add              x11, x0, x26        x11=00000002 x26:00000002
13576318ns          223290 1c008c88 000b00e7 jalr             x1, x22, 0           x1=1c008c8a x22:1c008b94
13576357ns          223292 1c008b94 000026b7 lui              x13, 0x2000         x13=00002000
13576377ns          223293 1c008b96 f14027f3 csrrs            x15, x0, 0xf14      x15=00000003
13576397ns          223294 1c008b9a f8068693 addi             x13, x13, -128      x13=00001f80 x13:00002000
13576417ns          223295 1c008b9e 00379713 slli             x14, x15, 0x3       x14=00000018 x15:00000003
13576437ns          223296 1c008ba2 00279793 slli             x15, x15, 0x2       x15=0000000c x15:00000003
13576457ns          223297 1c008ba4 00d7f7b3 and              x15, x15, x13       x15=00000000 x15:0000000c x13:00001f80
13576477ns          223298 1c008ba6 ee873733 p.bclr           x14, x14, 23, 8     x14=00000018 x14:00000018
13576497ns          223299 1c008baa 1a10f6b7 lui              x13, 0x1a10f000     x13=1a10f000
13576516ns          223300 1c008bae 0ff57513 andi             x10, x10, 255       x10=00000065 x10:00000065
13576536ns          223301 1c008bb2 00d70733 add              x14, x14, x13       x14=1a10f018 x14:00000018 x13:1a10f000
13576556ns          223302 1c008bb4 00a7e723 p.sw             x10, x0(x15)        x10:00000065 x15:00000000  PA:1a10f018
13576914ns          223320 1c008bb8 00000513 addi             x10, x0, 0          x10=00000000
13576934ns          223321 1c008bba 00008067 jalr             x0, x1, 0            x1:1c008c8a
13576994ns          223324 1c008c8a 31f52563 p.beqimm         x10, 778            x10:00000000
13577014ns          223325 1c008c8e 001d8d93 addi             x27, x27, 1         x27=00000006 x27:00000005
13577034ns          223326 1c008c90 00044503 lbu              x10, 0(x8)          x10=00000064  x8:1c000522  PA:1c000522
13577332ns          223341 1c008c94 00140413 addi             x8, x8, 1            x8=1c000523  x8:1c000522
13577352ns          223342 1c008c96 fe0514e3 bne              x10, x0, -24        x10:00000064
13577431ns          223346 1c008c7e 02500793 addi             x15, x0, 37         x15=00000025
13577451ns          223347 1c008c82 04f50863 beq              x10, x15, 80        x10:00000064 x15:00000025
13577471ns          223348 1c008c86 01a005b3 add              x11, x0, x26        x11=00000002 x26:00000002
13577491ns          223349 1c008c88 000b00e7 jalr             x1, x22, 0           x1=1c008c8a x22:1c008b94
13577531ns          223351 1c008b94 000026b7 lui              x13, 0x2000         x13=00002000
13577551ns          223352 1c008b96 f14027f3 csrrs            x15, x0, 0xf14      x15=00000003
13577571ns          223353 1c008b9a f8068693 addi             x13, x13, -128      x13=00001f80 x13:00002000
13577590ns          223354 1c008b9e 00379713 slli             x14, x15, 0x3       x14=00000018 x15:00000003
13577610ns          223355 1c008ba2 00279793 slli             x15, x15, 0x2       x15=0000000c x15:00000003
13577630ns          223356 1c008ba4 00d7f7b3 and              x15, x15, x13       x15=00000000 x15:0000000c x13:00001f80
13577650ns          223357 1c008ba6 ee873733 p.bclr           x14, x14, 23, 8     x14=00000018 x14:00000018
13577670ns          223358 1c008baa 1a10f6b7 lui              x13, 0x1a10f000     x13=1a10f000
13577690ns          223359 1c008bae 0ff57513 andi             x10, x10, 255       x10=00000064 x10:00000064
13577710ns          223360 1c008bb2 00d70733 add              x14, x14, x13       x14=1a10f018 x14:00000018 x13:1a10f000
13577730ns          223361 1c008bb4 00a7e723 p.sw             x10, x0(x15)        x10:00000064 x15:00000000  PA:1a10f018
13578068ns          223378 1c008bb8 00000513 addi             x10, x0, 0          x10=00000000
13578088ns          223379 1c008bba 00008067 jalr             x0, x1, 0            x1:1c008c8a
13578147ns          223382 1c008c8a 31f52563 p.beqimm         x10, 778            x10:00000000
13578167ns          223383 1c008c8e 001d8d93 addi             x27, x27, 1         x27=00000007 x27:00000006
13578187ns          223384 1c008c90 00044503 lbu              x10, 0(x8)          x10=00000020  x8:1c000523  PA:1c000523
13578485ns          223399 1c008c94 00140413 addi             x8, x8, 1            x8=1c000524  x8:1c000523
13578505ns          223400 1c008c96 fe0514e3 bne              x10, x0, -24        x10:00000020
13578585ns          223404 1c008c7e 02500793 addi             x15, x0, 37         x15=00000025
13578605ns          223405 1c008c82 04f50863 beq              x10, x15, 80        x10:00000020 x15:00000025
13578625ns          223406 1c008c86 01a005b3 add              x11, x0, x26        x11=00000002 x26:00000002
13578644ns          223407 1c008c88 000b00e7 jalr             x1, x22, 0           x1=1c008c8a x22:1c008b94
13578684ns          223409 1c008b94 000026b7 lui              x13, 0x2000         x13=00002000
13578704ns          223410 1c008b96 f14027f3 csrrs            x15, x0, 0xf14      x15=00000003
13578724ns          223411 1c008b9a f8068693 addi             x13, x13, -128      x13=00001f80 x13:00002000
13578744ns          223412 1c008b9e 00379713 slli             x14, x15, 0x3       x14=00000018 x15:00000003
13578764ns          223413 1c008ba2 00279793 slli             x15, x15, 0x2       x15=0000000c x15:00000003
13578784ns          223414 1c008ba4 00d7f7b3 and              x15, x15, x13       x15=00000000 x15:0000000c x13:00001f80
13578804ns          223415 1c008ba6 ee873733 p.bclr           x14, x14, 23, 8     x14=00000018 x14:00000018
13578823ns          223416 1c008baa 1a10f6b7 lui              x13, 0x1a10f000     x13=1a10f000
13578843ns          223417 1c008bae 0ff57513 andi             x10, x10, 255       x10=00000020 x10:00000020
13578863ns          223418 1c008bb2 00d70733 add              x14, x14, x13       x14=1a10f018 x14:00000018 x13:1a10f000
13578883ns          223419 1c008bb4 00a7e723 p.sw             x10, x0(x15)        x10:00000020 x15:00000000  PA:1a10f018
13579201ns          223435 1c008bb8 00000513 addi             x10, x0, 0          x10=00000000
13579221ns          223436 1c008bba 00008067 jalr             x0, x1, 0            x1:1c008c8a
13579281ns          223439 1c008c8a 31f52563 p.beqimm         x10, 778            x10:00000000
13579301ns          223440 1c008c8e 001d8d93 addi             x27, x27, 1         x27=00000008 x27:00000007
13579321ns          223441 1c008c90 00044503 lbu              x10, 0(x8)          x10=00000063  x8:1c000524  PA:1c000524
13579619ns          223456 1c008c94 00140413 addi             x8, x8, 1            x8=1c000525  x8:1c000524
13579639ns          223457 1c008c96 fe0514e3 bne              x10, x0, -24        x10:00000063
13579718ns          223461 1c008c7e 02500793 addi             x15, x0, 37         x15=00000025
13579738ns          223462 1c008c82 04f50863 beq              x10, x15, 80        x10:00000063 x15:00000025
13579758ns          223463 1c008c86 01a005b3 add              x11, x0, x26        x11=00000002 x26:00000002
13579778ns          223464 1c008c88 000b00e7 jalr             x1, x22, 0           x1=1c008c8a x22:1c008b94
13579818ns          223466 1c008b94 000026b7 lui              x13, 0x2000         x13=00002000
13579838ns          223467 1c008b96 f14027f3 csrrs            x15, x0, 0xf14      x15=00000003
13579858ns          223468 1c008b9a f8068693 addi             x13, x13, -128      x13=00001f80 x13:00002000
13579878ns          223469 1c008b9e 00379713 slli             x14, x15, 0x3       x14=00000018 x15:00000003
13579897ns          223470 1c008ba2 00279793 slli             x15, x15, 0x2       x15=0000000c x15:00000003
13579917ns          223471 1c008ba4 00d7f7b3 and              x15, x15, x13       x15=00000000 x15:0000000c x13:00001f80
13579937ns          223472 1c008ba6 ee873733 p.bclr           x14, x14, 23, 8     x14=00000018 x14:00000018
13579957ns          223473 1c008baa 1a10f6b7 lui              x13, 0x1a10f000     x13=1a10f000
13579977ns          223474 1c008bae 0ff57513 andi             x10, x10, 255       x10=00000063 x10:00000063
13579997ns          223475 1c008bb2 00d70733 add              x14, x14, x13       x14=1a10f018 x14:00000018 x13:1a10f000
13580017ns          223476 1c008bb4 00a7e723 p.sw             x10, x0(x15)        x10:00000063 x15:00000000  PA:1a10f018
13580355ns          223493 1c008bb8 00000513 addi             x10, x0, 0          x10=00000000
13580375ns          223494 1c008bba 00008067 jalr             x0, x1, 0            x1:1c008c8a
13580434ns          223497 1c008c8a 31f52563 p.beqimm         x10, 778            x10:00000000
13580454ns          223498 1c008c8e 001d8d93 addi             x27, x27, 1         x27=00000009 x27:00000008
13580474ns          223499 1c008c90 00044503 lbu              x10, 0(x8)          x10=0000006c  x8:1c000525  PA:1c000525
13580772ns          223514 1c008c94 00140413 addi             x8, x8, 1            x8=1c000526  x8:1c000525
13580792ns          223515 1c008c96 fe0514e3 bne              x10, x0, -24        x10:0000006c
13580872ns          223519 1c008c7e 02500793 addi             x15, x0, 37         x15=00000025
13580892ns          223520 1c008c82 04f50863 beq              x10, x15, 80        x10:0000006c x15:00000025
13580912ns          223521 1c008c86 01a005b3 add              x11, x0, x26        x11=00000002 x26:00000002
13580932ns          223522 1c008c88 000b00e7 jalr             x1, x22, 0           x1=1c008c8a x22:1c008b94
13580971ns          223524 1c008b94 000026b7 lui              x13, 0x2000         x13=00002000
13580991ns          223525 1c008b96 f14027f3 csrrs            x15, x0, 0xf14      x15=00000003
13581011ns          223526 1c008b9a f8068693 addi             x13, x13, -128      x13=00001f80 x13:00002000
13581031ns          223527 1c008b9e 00379713 slli             x14, x15, 0x3       x14=00000018 x15:00000003
13581051ns          223528 1c008ba2 00279793 slli             x15, x15, 0x2       x15=0000000c x15:00000003
13581071ns          223529 1c008ba4 00d7f7b3 and              x15, x15, x13       x15=00000000 x15:0000000c x13:00001f80
13581091ns          223530 1c008ba6 ee873733 p.bclr           x14, x14, 23, 8     x14=00000018 x14:00000018
13581111ns          223531 1c008baa 1a10f6b7 lui              x13, 0x1a10f000     x13=1a10f000
13581130ns          223532 1c008bae 0ff57513 andi             x10, x10, 255       x10=0000006c x10:0000006c
13581150ns          223533 1c008bb2 00d70733 add              x14, x14, x13       x14=1a10f018 x14:00000018 x13:1a10f000
13581170ns          223534 1c008bb4 00a7e723 p.sw             x10, x0(x15)        x10:0000006c x15:00000000  PA:1a10f018
13581528ns          223552 1c008bb8 00000513 addi             x10, x0, 0          x10=00000000
13581548ns          223553 1c008bba 00008067 jalr             x0, x1, 0            x1:1c008c8a
13581608ns          223556 1c008c8a 31f52563 p.beqimm         x10, 778            x10:00000000
13581628ns          223557 1c008c8e 001d8d93 addi             x27, x27, 1         x27=0000000a x27:00000009
13581648ns          223558 1c008c90 00044503 lbu              x10, 0(x8)          x10=00000075  x8:1c000526  PA:1c000526
13581946ns          223573 1c008c94 00140413 addi             x8, x8, 1            x8=1c000527  x8:1c000526
13581966ns          223574 1c008c96 fe0514e3 bne              x10, x0, -24        x10:00000075
13582045ns          223578 1c008c7e 02500793 addi             x15, x0, 37         x15=00000025
13582065ns          223579 1c008c82 04f50863 beq              x10, x15, 80        x10:00000075 x15:00000025
13582085ns          223580 1c008c86 01a005b3 add              x11, x0, x26        x11=00000002 x26:00000002
13582105ns          223581 1c008c88 000b00e7 jalr             x1, x22, 0           x1=1c008c8a x22:1c008b94
13582145ns          223583 1c008b94 000026b7 lui              x13, 0x2000         x13=00002000
13582165ns          223584 1c008b96 f14027f3 csrrs            x15, x0, 0xf14      x15=00000003
13582185ns          223585 1c008b9a f8068693 addi             x13, x13, -128      x13=00001f80 x13:00002000
13582204ns          223586 1c008b9e 00379713 slli             x14, x15, 0x3       x14=00000018 x15:00000003
13582224ns          223587 1c008ba2 00279793 slli             x15, x15, 0x2       x15=0000000c x15:00000003
13582244ns          223588 1c008ba4 00d7f7b3 and              x15, x15, x13       x15=00000000 x15:0000000c x13:00001f80
13582264ns          223589 1c008ba6 ee873733 p.bclr           x14, x14, 23, 8     x14=00000018 x14:00000018
13582284ns          223590 1c008baa 1a10f6b7 lui              x13, 0x1a10f000     x13=1a10f000
13582304ns          223591 1c008bae 0ff57513 andi             x10, x10, 255       x10=00000075 x10:00000075
13582324ns          223592 1c008bb2 00d70733 add              x14, x14, x13       x14=1a10f018 x14:00000018 x13:1a10f000
13582344ns          223593 1c008bb4 00a7e723 p.sw             x10, x0(x15)        x10:00000075 x15:00000000  PA:1a10f018
13582702ns          223611 1c008bb8 00000513 addi             x10, x0, 0          x10=00000000
13582722ns          223612 1c008bba 00008067 jalr             x0, x1, 0            x1:1c008c8a
13582781ns          223615 1c008c8a 31f52563 p.beqimm         x10, 778            x10:00000000
13582801ns          223616 1c008c8e 001d8d93 addi             x27, x27, 1         x27=0000000b x27:0000000a
13582821ns          223617 1c008c90 00044503 lbu              x10, 0(x8)          x10=00000073  x8:1c000527  PA:1c000527
13583119ns          223632 1c008c94 00140413 addi             x8, x8, 1            x8=1c000528  x8:1c000527
13583139ns          223633 1c008c96 fe0514e3 bne              x10, x0, -24        x10:00000073
13583219ns          223637 1c008c7e 02500793 addi             x15, x0, 37         x15=00000025
13583239ns          223638 1c008c82 04f50863 beq              x10, x15, 80        x10:00000073 x15:00000025
13583258ns          223639 1c008c86 01a005b3 add              x11, x0, x26        x11=00000002 x26:00000002
13583278ns          223640 1c008c88 000b00e7 jalr             x1, x22, 0           x1=1c008c8a x22:1c008b94
13583318ns          223642 1c008b94 000026b7 lui              x13, 0x2000         x13=00002000
13583338ns          223643 1c008b96 f14027f3 csrrs            x15, x0, 0xf14      x15=00000003
13583358ns          223644 1c008b9a f8068693 addi             x13, x13, -128      x13=00001f80 x13:00002000
13583378ns          223645 1c008b9e 00379713 slli             x14, x15, 0x3       x14=00000018 x15:00000003
13583398ns          223646 1c008ba2 00279793 slli             x15, x15, 0x2       x15=0000000c x15:00000003
13583418ns          223647 1c008ba4 00d7f7b3 and              x15, x15, x13       x15=00000000 x15:0000000c x13:00001f80
13583437ns          223648 1c008ba6 ee873733 p.bclr           x14, x14, 23, 8     x14=00000018 x14:00000018
13583457ns          223649 1c008baa 1a10f6b7 lui              x13, 0x1a10f000     x13=1a10f000
13583477ns          223650 1c008bae 0ff57513 andi             x10, x10, 255       x10=00000073 x10:00000073
13583497ns          223651 1c008bb2 00d70733 add              x14, x14, x13       x14=1a10f018 x14:00000018 x13:1a10f000
13583517ns          223652 1c008bb4 00a7e723 p.sw             x10, x0(x15)        x10:00000073 x15:00000000  PA:1a10f018
13583855ns          223669 1c008bb8 00000513 addi             x10, x0, 0          x10=00000000
13583875ns          223670 1c008bba 00008067 jalr             x0, x1, 0            x1:1c008c8a
13583935ns          223673 1c008c8a 31f52563 p.beqimm         x10, 778            x10:00000000
13583955ns          223674 1c008c8e 001d8d93 addi             x27, x27, 1         x27=0000000c x27:0000000b
13583974ns          223675 1c008c90 00044503 lbu              x10, 0(x8)          x10=00000074  x8:1c000528  PA:1c000528
13584273ns          223690 1c008c94 00140413 addi             x8, x8, 1            x8=1c000529  x8:1c000528
13584293ns          223691 1c008c96 fe0514e3 bne              x10, x0, -24        x10:00000074
13584372ns          223695 1c008c7e 02500793 addi             x15, x0, 37         x15=00000025
13584392ns          223696 1c008c82 04f50863 beq              x10, x15, 80        x10:00000074 x15:00000025
13584412ns          223697 1c008c86 01a005b3 add              x11, x0, x26        x11=00000002 x26:00000002
13584432ns          223698 1c008c88 000b00e7 jalr             x1, x22, 0           x1=1c008c8a x22:1c008b94
13584472ns          223700 1c008b94 000026b7 lui              x13, 0x2000         x13=00002000
13584492ns          223701 1c008b96 f14027f3 csrrs            x15, x0, 0xf14      x15=00000003
13584511ns          223702 1c008b9a f8068693 addi             x13, x13, -128      x13=00001f80 x13:00002000
13584531ns          223703 1c008b9e 00379713 slli             x14, x15, 0x3       x14=00000018 x15:00000003
13584551ns          223704 1c008ba2 00279793 slli             x15, x15, 0x2       x15=0000000c x15:00000003
13584571ns          223705 1c008ba4 00d7f7b3 and              x15, x15, x13       x15=00000000 x15:0000000c x13:00001f80
13584591ns          223706 1c008ba6 ee873733 p.bclr           x14, x14, 23, 8     x14=00000018 x14:00000018
13584611ns          223707 1c008baa 1a10f6b7 lui              x13, 0x1a10f000     x13=1a10f000
13584631ns          223708 1c008bae 0ff57513 andi             x10, x10, 255       x10=00000074 x10:00000074
13584651ns          223709 1c008bb2 00d70733 add              x14, x14, x13       x14=1a10f018 x14:00000018 x13:1a10f000
13584671ns          223710 1c008bb4 00a7e723 p.sw             x10, x0(x15)        x10:00000074 x15:00000000  PA:1a10f018
13585009ns          223727 1c008bb8 00000513 addi             x10, x0, 0          x10=00000000
13585029ns          223728 1c008bba 00008067 jalr             x0, x1, 0            x1:1c008c8a
13585088ns          223731 1c008c8a 31f52563 p.beqimm         x10, 778            x10:00000000
13585108ns          223732 1c008c8e 001d8d93 addi             x27, x27, 1         x27=0000000d x27:0000000c
13585128ns          223733 1c008c90 00044503 lbu              x10, 0(x8)          x10=00000065  x8:1c000529  PA:1c000529
13585426ns          223748 1c008c94 00140413 addi             x8, x8, 1            x8=1c00052a  x8:1c000529
13585446ns          223749 1c008c96 fe0514e3 bne              x10, x0, -24        x10:00000065
13585526ns          223753 1c008c7e 02500793 addi             x15, x0, 37         x15=00000025
13585546ns          223754 1c008c82 04f50863 beq              x10, x15, 80        x10:00000065 x15:00000025
13585565ns          223755 1c008c86 01a005b3 add              x11, x0, x26        x11=00000002 x26:00000002
13585585ns          223756 1c008c88 000b00e7 jalr             x1, x22, 0           x1=1c008c8a x22:1c008b94
13585625ns          223758 1c008b94 000026b7 lui              x13, 0x2000         x13=00002000
13585645ns          223759 1c008b96 f14027f3 csrrs            x15, x0, 0xf14      x15=00000003
13585665ns          223760 1c008b9a f8068693 addi             x13, x13, -128      x13=00001f80 x13:00002000
13585685ns          223761 1c008b9e 00379713 slli             x14, x15, 0x3       x14=00000018 x15:00000003
13585705ns          223762 1c008ba2 00279793 slli             x15, x15, 0x2       x15=0000000c x15:00000003
13585725ns          223763 1c008ba4 00d7f7b3 and              x15, x15, x13       x15=00000000 x15:0000000c x13:00001f80
13585744ns          223764 1c008ba6 ee873733 p.bclr           x14, x14, 23, 8     x14=00000018 x14:00000018
13585764ns          223765 1c008baa 1a10f6b7 lui              x13, 0x1a10f000     x13=1a10f000
13585784ns          223766 1c008bae 0ff57513 andi             x10, x10, 255       x10=00000065 x10:00000065
13585804ns          223767 1c008bb2 00d70733 add              x14, x14, x13       x14=1a10f018 x14:00000018 x13:1a10f000
13585824ns          223768 1c008bb4 00a7e723 p.sw             x10, x0(x15)        x10:00000065 x15:00000000  PA:1a10f018
13586142ns          223784 1c008bb8 00000513 addi             x10, x0, 0          x10=00000000
13586162ns          223785 1c008bba 00008067 jalr             x0, x1, 0            x1:1c008c8a
13586222ns          223788 1c008c8a 31f52563 p.beqimm         x10, 778            x10:00000000
13586242ns          223789 1c008c8e 001d8d93 addi             x27, x27, 1         x27=0000000e x27:0000000d
13586262ns          223790 1c008c90 00044503 lbu              x10, 0(x8)          x10=00000072  x8:1c00052a  PA:1c00052a
13586560ns          223805 1c008c94 00140413 addi             x8, x8, 1            x8=1c00052b  x8:1c00052a
13586580ns          223806 1c008c96 fe0514e3 bne              x10, x0, -24        x10:00000072
13586659ns          223810 1c008c7e 02500793 addi             x15, x0, 37         x15=00000025
13586679ns          223811 1c008c82 04f50863 beq              x10, x15, 80        x10:00000072 x15:00000025
13586699ns          223812 1c008c86 01a005b3 add              x11, x0, x26        x11=00000002 x26:00000002
13586719ns          223813 1c008c88 000b00e7 jalr             x1, x22, 0           x1=1c008c8a x22:1c008b94
13586759ns          223815 1c008b94 000026b7 lui              x13, 0x2000         x13=00002000
13586779ns          223816 1c008b96 f14027f3 csrrs            x15, x0, 0xf14      x15=00000003
13586799ns          223817 1c008b9a f8068693 addi             x13, x13, -128      x13=00001f80 x13:00002000
13586818ns          223818 1c008b9e 00379713 slli             x14, x15, 0x3       x14=00000018 x15:00000003
13586838ns          223819 1c008ba2 00279793 slli             x15, x15, 0x2       x15=0000000c x15:00000003
13586858ns          223820 1c008ba4 00d7f7b3 and              x15, x15, x13       x15=00000000 x15:0000000c x13:00001f80
13586878ns          223821 1c008ba6 ee873733 p.bclr           x14, x14, 23, 8     x14=00000018 x14:00000018
13586898ns          223822 1c008baa 1a10f6b7 lui              x13, 0x1a10f000     x13=1a10f000
13586918ns          223823 1c008bae 0ff57513 andi             x10, x10, 255       x10=00000072 x10:00000072
13586938ns          223824 1c008bb2 00d70733 add              x14, x14, x13       x14=1a10f018 x14:00000018 x13:1a10f000
13586958ns          223825 1c008bb4 00a7e723 p.sw             x10, x0(x15)        x10:00000072 x15:00000000  PA:1a10f018
13587296ns          223842 1c008bb8 00000513 addi             x10, x0, 0          x10=00000000
13587316ns          223843 1c008bba 00008067 jalr             x0, x1, 0            x1:1c008c8a
13587375ns          223846 1c008c8a 31f52563 p.beqimm         x10, 778            x10:00000000
13587395ns          223847 1c008c8e 001d8d93 addi             x27, x27, 1         x27=0000000f x27:0000000e
13587415ns          223848 1c008c90 00044503 lbu              x10, 0(x8)          x10=00000020  x8:1c00052b  PA:1c00052b
13587713ns          223863 1c008c94 00140413 addi             x8, x8, 1            x8=1c00052c  x8:1c00052b
13587733ns          223864 1c008c96 fe0514e3 bne              x10, x0, -24        x10:00000020
13587813ns          223868 1c008c7e 02500793 addi             x15, x0, 37         x15=00000025
13587833ns          223869 1c008c82 04f50863 beq              x10, x15, 80        x10:00000020 x15:00000025
13587853ns          223870 1c008c86 01a005b3 add              x11, x0, x26        x11=00000002 x26:00000002
13587872ns          223871 1c008c88 000b00e7 jalr             x1, x22, 0           x1=1c008c8a x22:1c008b94
13587912ns          223873 1c008b94 000026b7 lui              x13, 0x2000         x13=00002000
13587932ns          223874 1c008b96 f14027f3 csrrs            x15, x0, 0xf14      x15=00000003
13587952ns          223875 1c008b9a f8068693 addi             x13, x13, -128      x13=00001f80 x13:00002000
13587972ns          223876 1c008b9e 00379713 slli             x14, x15, 0x3       x14=00000018 x15:00000003
13587992ns          223877 1c008ba2 00279793 slli             x15, x15, 0x2       x15=0000000c x15:00000003
13588012ns          223878 1c008ba4 00d7f7b3 and              x15, x15, x13       x15=00000000 x15:0000000c x13:00001f80
13588032ns          223879 1c008ba6 ee873733 p.bclr           x14, x14, 23, 8     x14=00000018 x14:00000018
13588051ns          223880 1c008baa 1a10f6b7 lui              x13, 0x1a10f000     x13=1a10f000
13588071ns          223881 1c008bae 0ff57513 andi             x10, x10, 255       x10=00000020 x10:00000020
13588091ns          223882 1c008bb2 00d70733 add              x14, x14, x13       x14=1a10f018 x14:00000018 x13:1a10f000
13588111ns          223883 1c008bb4 00a7e723 p.sw             x10, x0(x15)        x10:00000020 x15:00000000  PA:1a10f018
13588429ns          223899 1c008bb8 00000513 addi             x10, x0, 0          x10=00000000
13588449ns          223900 1c008bba 00008067 jalr             x0, x1, 0            x1:1c008c8a
13588509ns          223903 1c008c8a 31f52563 p.beqimm         x10, 778            x10:00000000
13588529ns          223904 1c008c8e 001d8d93 addi             x27, x27, 1         x27=00000010 x27:0000000f
13588549ns          223905 1c008c90 00044503 lbu              x10, 0(x8)          x10=0000006f  x8:1c00052c  PA:1c00052c
13588847ns          223920 1c008c94 00140413 addi             x8, x8, 1            x8=1c00052d  x8:1c00052c
13588867ns          223921 1c008c96 fe0514e3 bne              x10, x0, -24        x10:0000006f
13588946ns          223925 1c008c7e 02500793 addi             x15, x0, 37         x15=00000025
13588966ns          223926 1c008c82 04f50863 beq              x10, x15, 80        x10:0000006f x15:00000025
13588986ns          223927 1c008c86 01a005b3 add              x11, x0, x26        x11=00000002 x26:00000002
13589006ns          223928 1c008c88 000b00e7 jalr             x1, x22, 0           x1=1c008c8a x22:1c008b94
13589046ns          223930 1c008b94 000026b7 lui              x13, 0x2000         x13=00002000
13589066ns          223931 1c008b96 f14027f3 csrrs            x15, x0, 0xf14      x15=00000003
13589086ns          223932 1c008b9a f8068693 addi             x13, x13, -128      x13=00001f80 x13:00002000
13589106ns          223933 1c008b9e 00379713 slli             x14, x15, 0x3       x14=00000018 x15:00000003
13589125ns          223934 1c008ba2 00279793 slli             x15, x15, 0x2       x15=0000000c x15:00000003
13589145ns          223935 1c008ba4 00d7f7b3 and              x15, x15, x13       x15=00000000 x15:0000000c x13:00001f80
13589165ns          223936 1c008ba6 ee873733 p.bclr           x14, x14, 23, 8     x14=00000018 x14:00000018
13589185ns          223937 1c008baa 1a10f6b7 lui              x13, 0x1a10f000     x13=1a10f000
13589205ns          223938 1c008bae 0ff57513 andi             x10, x10, 255       x10=0000006f x10:0000006f
13589225ns          223939 1c008bb2 00d70733 add              x14, x14, x13       x14=1a10f018 x14:00000018 x13:1a10f000
13589245ns          223940 1c008bb4 00a7e723 p.sw             x10, x0(x15)        x10:0000006f x15:00000000  PA:1a10f018
13589583ns          223957 1c008bb8 00000513 addi             x10, x0, 0          x10=00000000
13589603ns          223958 1c008bba 00008067 jalr             x0, x1, 0            x1:1c008c8a
13589662ns          223961 1c008c8a 31f52563 p.beqimm         x10, 778            x10:00000000
13589682ns          223962 1c008c8e 001d8d93 addi             x27, x27, 1         x27=00000011 x27:00000010
13589702ns          223963 1c008c90 00044503 lbu              x10, 0(x8)          x10=0000006e  x8:1c00052d  PA:1c00052d
13590020ns          223979 1c008c94 00140413 addi             x8, x8, 1            x8=1c00052e  x8:1c00052d
13590040ns          223980 1c008c96 fe0514e3 bne              x10, x0, -24        x10:0000006e
13590120ns          223984 1c008c7e 02500793 addi             x15, x0, 37         x15=00000025
13590140ns          223985 1c008c82 04f50863 beq              x10, x15, 80        x10:0000006e x15:00000025
13590160ns          223986 1c008c86 01a005b3 add              x11, x0, x26        x11=00000002 x26:00000002
13590180ns          223987 1c008c88 000b00e7 jalr             x1, x22, 0           x1=1c008c8a x22:1c008b94
13590219ns          223989 1c008b94 000026b7 lui              x13, 0x2000         x13=00002000
13590239ns          223990 1c008b96 f14027f3 csrrs            x15, x0, 0xf14      x15=00000003
13590259ns          223991 1c008b9a f8068693 addi             x13, x13, -128      x13=00001f80 x13:00002000
13590279ns          223992 1c008b9e 00379713 slli             x14, x15, 0x3       x14=00000018 x15:00000003
13590299ns          223993 1c008ba2 00279793 slli             x15, x15, 0x2       x15=0000000c x15:00000003
13590319ns          223994 1c008ba4 00d7f7b3 and              x15, x15, x13       x15=00000000 x15:0000000c x13:00001f80
13590339ns          223995 1c008ba6 ee873733 p.bclr           x14, x14, 23, 8     x14=00000018 x14:00000018
13590358ns          223996 1c008baa 1a10f6b7 lui              x13, 0x1a10f000     x13=1a10f000
13590378ns          223997 1c008bae 0ff57513 andi             x10, x10, 255       x10=0000006e x10:0000006e
13590398ns          223998 1c008bb2 00d70733 add              x14, x14, x13       x14=1a10f018 x14:00000018 x13:1a10f000
13590418ns          223999 1c008bb4 00a7e723 p.sw             x10, x0(x15)        x10:0000006e x15:00000000  PA:1a10f018
13590756ns          224016 1c008bb8 00000513 addi             x10, x0, 0          x10=00000000
13590776ns          224017 1c008bba 00008067 jalr             x0, x1, 0            x1:1c008c8a
13590836ns          224020 1c008c8a 31f52563 p.beqimm         x10, 778            x10:00000000
13590856ns          224021 1c008c8e 001d8d93 addi             x27, x27, 1         x27=00000012 x27:00000011
13590876ns          224022 1c008c90 00044503 lbu              x10, 0(x8)          x10=00000020  x8:1c00052e  PA:1c00052e
13591174ns          224037 1c008c94 00140413 addi             x8, x8, 1            x8=1c00052f  x8:1c00052e
13591194ns          224038 1c008c96 fe0514e3 bne              x10, x0, -24        x10:00000020
13591273ns          224042 1c008c7e 02500793 addi             x15, x0, 37         x15=00000025
13591293ns          224043 1c008c82 04f50863 beq              x10, x15, 80        x10:00000020 x15:00000025
13591313ns          224044 1c008c86 01a005b3 add              x11, x0, x26        x11=00000002 x26:00000002
13591333ns          224045 1c008c88 000b00e7 jalr             x1, x22, 0           x1=1c008c8a x22:1c008b94
13591373ns          224047 1c008b94 000026b7 lui              x13, 0x2000         x13=00002000
13591393ns          224048 1c008b96 f14027f3 csrrs            x15, x0, 0xf14      x15=00000003
13591413ns          224049 1c008b9a f8068693 addi             x13, x13, -128      x13=00001f80 x13:00002000
13591432ns          224050 1c008b9e 00379713 slli             x14, x15, 0x3       x14=00000018 x15:00000003
13591452ns          224051 1c008ba2 00279793 slli             x15, x15, 0x2       x15=0000000c x15:00000003
13591472ns          224052 1c008ba4 00d7f7b3 and              x15, x15, x13       x15=00000000 x15:0000000c x13:00001f80
13591492ns          224053 1c008ba6 ee873733 p.bclr           x14, x14, 23, 8     x14=00000018 x14:00000018
13591512ns          224054 1c008baa 1a10f6b7 lui              x13, 0x1a10f000     x13=1a10f000
13591532ns          224055 1c008bae 0ff57513 andi             x10, x10, 255       x10=00000020 x10:00000020
13591552ns          224056 1c008bb2 00d70733 add              x14, x14, x13       x14=1a10f018 x14:00000018 x13:1a10f000
13591572ns          224057 1c008bb4 00a7e723 p.sw             x10, x0(x15)        x10:00000020 x15:00000000  PA:1a10f018
13591930ns          224075 1c008bb8 00000513 addi             x10, x0, 0          x10=00000000
13591950ns          224076 1c008bba 00008067 jalr             x0, x1, 0            x1:1c008c8a
13592009ns          224079 1c008c8a 31f52563 p.beqimm         x10, 778            x10:00000000
13592029ns          224080 1c008c8e 001d8d93 addi             x27, x27, 1         x27=00000013 x27:00000012
13592049ns          224081 1c008c90 00044503 lbu              x10, 0(x8)          x10=00000063  x8:1c00052f  PA:1c00052f
13592347ns          224096 1c008c94 00140413 addi             x8, x8, 1            x8=1c000530  x8:1c00052f
13592367ns          224097 1c008c96 fe0514e3 bne              x10, x0, -24        x10:00000063
13592447ns          224101 1c008c7e 02500793 addi             x15, x0, 37         x15=00000025
13592467ns          224102 1c008c82 04f50863 beq              x10, x15, 80        x10:00000063 x15:00000025
13592487ns          224103 1c008c86 01a005b3 add              x11, x0, x26        x11=00000002 x26:00000002
13592506ns          224104 1c008c88 000b00e7 jalr             x1, x22, 0           x1=1c008c8a x22:1c008b94
13592546ns          224106 1c008b94 000026b7 lui              x13, 0x2000         x13=00002000
13592566ns          224107 1c008b96 f14027f3 csrrs            x15, x0, 0xf14      x15=00000003
13592586ns          224108 1c008b9a f8068693 addi             x13, x13, -128      x13=00001f80 x13:00002000
13592606ns          224109 1c008b9e 00379713 slli             x14, x15, 0x3       x14=00000018 x15:00000003
13592626ns          224110 1c008ba2 00279793 slli             x15, x15, 0x2       x15=0000000c x15:00000003
13592646ns          224111 1c008ba4 00d7f7b3 and              x15, x15, x13       x15=00000000 x15:0000000c x13:00001f80
13592666ns          224112 1c008ba6 ee873733 p.bclr           x14, x14, 23, 8     x14=00000018 x14:00000018
13592685ns          224113 1c008baa 1a10f6b7 lui              x13, 0x1a10f000     x13=1a10f000
13592705ns          224114 1c008bae 0ff57513 andi             x10, x10, 255       x10=00000063 x10:00000063
13592725ns          224115 1c008bb2 00d70733 add              x14, x14, x13       x14=1a10f018 x14:00000018 x13:1a10f000
13592745ns          224116 1c008bb4 00a7e723 p.sw             x10, x0(x15)        x10:00000063 x15:00000000  PA:1a10f018
13593083ns          224133 1c008bb8 00000513 addi             x10, x0, 0          x10=00000000
13593103ns          224134 1c008bba 00008067 jalr             x0, x1, 0            x1:1c008c8a
13593163ns          224137 1c008c8a 31f52563 p.beqimm         x10, 778            x10:00000000
13593183ns          224138 1c008c8e 001d8d93 addi             x27, x27, 1         x27=00000014 x27:00000013
13593202ns          224139 1c008c90 00044503 lbu              x10, 0(x8)          x10=0000006c  x8:1c000530  PA:1c000530
13593501ns          224154 1c008c94 00140413 addi             x8, x8, 1            x8=1c000531  x8:1c000530
13593521ns          224155 1c008c96 fe0514e3 bne              x10, x0, -24        x10:0000006c
13593600ns          224159 1c008c7e 02500793 addi             x15, x0, 37         x15=00000025
13593620ns          224160 1c008c82 04f50863 beq              x10, x15, 80        x10:0000006c x15:00000025
13593640ns          224161 1c008c86 01a005b3 add              x11, x0, x26        x11=00000002 x26:00000002
13593660ns          224162 1c008c88 000b00e7 jalr             x1, x22, 0           x1=1c008c8a x22:1c008b94
13593700ns          224164 1c008b94 000026b7 lui              x13, 0x2000         x13=00002000
13593720ns          224165 1c008b96 f14027f3 csrrs            x15, x0, 0xf14      x15=00000003
13593739ns          224166 1c008b9a f8068693 addi             x13, x13, -128      x13=00001f80 x13:00002000
13593759ns          224167 1c008b9e 00379713 slli             x14, x15, 0x3       x14=00000018 x15:00000003
13593779ns          224168 1c008ba2 00279793 slli             x15, x15, 0x2       x15=0000000c x15:00000003
13593799ns          224169 1c008ba4 00d7f7b3 and              x15, x15, x13       x15=00000000 x15:0000000c x13:00001f80
13593819ns          224170 1c008ba6 ee873733 p.bclr           x14, x14, 23, 8     x14=00000018 x14:00000018
13593839ns          224171 1c008baa 1a10f6b7 lui              x13, 0x1a10f000     x13=1a10f000
13593859ns          224172 1c008bae 0ff57513 andi             x10, x10, 255       x10=0000006c x10:0000006c
13593879ns          224173 1c008bb2 00d70733 add              x14, x14, x13       x14=1a10f018 x14:00000018 x13:1a10f000
13593899ns          224174 1c008bb4 00a7e723 p.sw             x10, x0(x15)        x10:0000006c x15:00000000  PA:1a10f018
13594237ns          224191 1c008bb8 00000513 addi             x10, x0, 0          x10=00000000
13594257ns          224192 1c008bba 00008067 jalr             x0, x1, 0            x1:1c008c8a
13594316ns          224195 1c008c8a 31f52563 p.beqimm         x10, 778            x10:00000000
13594336ns          224196 1c008c8e 001d8d93 addi             x27, x27, 1         x27=00000015 x27:00000014
13594356ns          224197 1c008c90 00044503 lbu              x10, 0(x8)          x10=00000075  x8:1c000531  PA:1c000531
13594654ns          224212 1c008c94 00140413 addi             x8, x8, 1            x8=1c000532  x8:1c000531
13594674ns          224213 1c008c96 fe0514e3 bne              x10, x0, -24        x10:00000075
13594754ns          224217 1c008c7e 02500793 addi             x15, x0, 37         x15=00000025
13594774ns          224218 1c008c82 04f50863 beq              x10, x15, 80        x10:00000075 x15:00000025
13594794ns          224219 1c008c86 01a005b3 add              x11, x0, x26        x11=00000002 x26:00000002
13594813ns          224220 1c008c88 000b00e7 jalr             x1, x22, 0           x1=1c008c8a x22:1c008b94
13594853ns          224222 1c008b94 000026b7 lui              x13, 0x2000         x13=00002000
13594873ns          224223 1c008b96 f14027f3 csrrs            x15, x0, 0xf14      x15=00000003
13594893ns          224224 1c008b9a f8068693 addi             x13, x13, -128      x13=00001f80 x13:00002000
13594913ns          224225 1c008b9e 00379713 slli             x14, x15, 0x3       x14=00000018 x15:00000003
13594933ns          224226 1c008ba2 00279793 slli             x15, x15, 0x2       x15=0000000c x15:00000003
13594953ns          224227 1c008ba4 00d7f7b3 and              x15, x15, x13       x15=00000000 x15:0000000c x13:00001f80
13594973ns          224228 1c008ba6 ee873733 p.bclr           x14, x14, 23, 8     x14=00000018 x14:00000018
13594992ns          224229 1c008baa 1a10f6b7 lui              x13, 0x1a10f000     x13=1a10f000
13595012ns          224230 1c008bae 0ff57513 andi             x10, x10, 255       x10=00000075 x10:00000075
13595032ns          224231 1c008bb2 00d70733 add              x14, x14, x13       x14=1a10f018 x14:00000018 x13:1a10f000
13595052ns          224232 1c008bb4 00a7e723 p.sw             x10, x0(x15)        x10:00000075 x15:00000000  PA:1a10f018
13595390ns          224249 1c008bb8 00000513 addi             x10, x0, 0          x10=00000000
13595410ns          224250 1c008bba 00008067 jalr             x0, x1, 0            x1:1c008c8a
13595470ns          224253 1c008c8a 31f52563 p.beqimm         x10, 778            x10:00000000
13595490ns          224254 1c008c8e 001d8d93 addi             x27, x27, 1         x27=00000016 x27:00000015
13595509ns          224255 1c008c90 00044503 lbu              x10, 0(x8)          x10=00000073  x8:1c000532  PA:1c000532
13595808ns          224270 1c008c94 00140413 addi             x8, x8, 1            x8=1c000533  x8:1c000532
13595828ns          224271 1c008c96 fe0514e3 bne              x10, x0, -24        x10:00000073
13595907ns          224275 1c008c7e 02500793 addi             x15, x0, 37         x15=00000025
13595927ns          224276 1c008c82 04f50863 beq              x10, x15, 80        x10:00000073 x15:00000025
13595947ns          224277 1c008c86 01a005b3 add              x11, x0, x26        x11=00000002 x26:00000002
13595967ns          224278 1c008c88 000b00e7 jalr             x1, x22, 0           x1=1c008c8a x22:1c008b94
13596007ns          224280 1c008b94 000026b7 lui              x13, 0x2000         x13=00002000
13596027ns          224281 1c008b96 f14027f3 csrrs            x15, x0, 0xf14      x15=00000003
13596046ns          224282 1c008b9a f8068693 addi             x13, x13, -128      x13=00001f80 x13:00002000
13596066ns          224283 1c008b9e 00379713 slli             x14, x15, 0x3       x14=00000018 x15:00000003
13596086ns          224284 1c008ba2 00279793 slli             x15, x15, 0x2       x15=0000000c x15:00000003
13596106ns          224285 1c008ba4 00d7f7b3 and              x15, x15, x13       x15=00000000 x15:0000000c x13:00001f80
13596126ns          224286 1c008ba6 ee873733 p.bclr           x14, x14, 23, 8     x14=00000018 x14:00000018
13596146ns          224287 1c008baa 1a10f6b7 lui              x13, 0x1a10f000     x13=1a10f000
13596166ns          224288 1c008bae 0ff57513 andi             x10, x10, 255       x10=00000073 x10:00000073
13596186ns          224289 1c008bb2 00d70733 add              x14, x14, x13       x14=1a10f018 x14:00000018 x13:1a10f000
13596206ns          224290 1c008bb4 00a7e723 p.sw             x10, x0(x15)        x10:00000073 x15:00000000  PA:1a10f018
13596544ns          224307 1c008bb8 00000513 addi             x10, x0, 0          x10=00000000
13596564ns          224308 1c008bba 00008067 jalr             x0, x1, 0            x1:1c008c8a
13596623ns          224311 1c008c8a 31f52563 p.beqimm         x10, 778            x10:00000000
13596643ns          224312 1c008c8e 001d8d93 addi             x27, x27, 1         x27=00000017 x27:00000016
13596663ns          224313 1c008c90 00044503 lbu              x10, 0(x8)          x10=00000074  x8:1c000533  PA:1c000533
13596961ns          224328 1c008c94 00140413 addi             x8, x8, 1            x8=1c000534  x8:1c000533
13596981ns          224329 1c008c96 fe0514e3 bne              x10, x0, -24        x10:00000074
13597061ns          224333 1c008c7e 02500793 addi             x15, x0, 37         x15=00000025
13597081ns          224334 1c008c82 04f50863 beq              x10, x15, 80        x10:00000074 x15:00000025
13597101ns          224335 1c008c86 01a005b3 add              x11, x0, x26        x11=00000002 x26:00000002
13597120ns          224336 1c008c88 000b00e7 jalr             x1, x22, 0           x1=1c008c8a x22:1c008b94
13597160ns          224338 1c008b94 000026b7 lui              x13, 0x2000         x13=00002000
13597180ns          224339 1c008b96 f14027f3 csrrs            x15, x0, 0xf14      x15=00000003
13597200ns          224340 1c008b9a f8068693 addi             x13, x13, -128      x13=00001f80 x13:00002000
13597220ns          224341 1c008b9e 00379713 slli             x14, x15, 0x3       x14=00000018 x15:00000003
13597240ns          224342 1c008ba2 00279793 slli             x15, x15, 0x2       x15=0000000c x15:00000003
13597260ns          224343 1c008ba4 00d7f7b3 and              x15, x15, x13       x15=00000000 x15:0000000c x13:00001f80
13597280ns          224344 1c008ba6 ee873733 p.bclr           x14, x14, 23, 8     x14=00000018 x14:00000018
13597299ns          224345 1c008baa 1a10f6b7 lui              x13, 0x1a10f000     x13=1a10f000
13597319ns          224346 1c008bae 0ff57513 andi             x10, x10, 255       x10=00000074 x10:00000074
13597339ns          224347 1c008bb2 00d70733 add              x14, x14, x13       x14=1a10f018 x14:00000018 x13:1a10f000
13597359ns          224348 1c008bb4 00a7e723 p.sw             x10, x0(x15)        x10:00000074 x15:00000000  PA:1a10f018
13597677ns          224364 1c008bb8 00000513 addi             x10, x0, 0          x10=00000000
13597697ns          224365 1c008bba 00008067 jalr             x0, x1, 0            x1:1c008c8a
13597757ns          224368 1c008c8a 31f52563 p.beqimm         x10, 778            x10:00000000
13597777ns          224369 1c008c8e 001d8d93 addi             x27, x27, 1         x27=00000018 x27:00000017
13597797ns          224370 1c008c90 00044503 lbu              x10, 0(x8)          x10=00000065  x8:1c000534  PA:1c000534
13598095ns          224385 1c008c94 00140413 addi             x8, x8, 1            x8=1c000535  x8:1c000534
13598115ns          224386 1c008c96 fe0514e3 bne              x10, x0, -24        x10:00000065
13598194ns          224390 1c008c7e 02500793 addi             x15, x0, 37         x15=00000025
13598214ns          224391 1c008c82 04f50863 beq              x10, x15, 80        x10:00000065 x15:00000025
13598234ns          224392 1c008c86 01a005b3 add              x11, x0, x26        x11=00000002 x26:00000002
13598254ns          224393 1c008c88 000b00e7 jalr             x1, x22, 0           x1=1c008c8a x22:1c008b94
13598294ns          224395 1c008b94 000026b7 lui              x13, 0x2000         x13=00002000
13598314ns          224396 1c008b96 f14027f3 csrrs            x15, x0, 0xf14      x15=00000003
13598334ns          224397 1c008b9a f8068693 addi             x13, x13, -128      x13=00001f80 x13:00002000
13598353ns          224398 1c008b9e 00379713 slli             x14, x15, 0x3       x14=00000018 x15:00000003
13598373ns          224399 1c008ba2 00279793 slli             x15, x15, 0x2       x15=0000000c x15:00000003
13598393ns          224400 1c008ba4 00d7f7b3 and              x15, x15, x13       x15=00000000 x15:0000000c x13:00001f80
13598413ns          224401 1c008ba6 ee873733 p.bclr           x14, x14, 23, 8     x14=00000018 x14:00000018
13598433ns          224402 1c008baa 1a10f6b7 lui              x13, 0x1a10f000     x13=1a10f000
13598453ns          224403 1c008bae 0ff57513 andi             x10, x10, 255       x10=00000065 x10:00000065
13598473ns          224404 1c008bb2 00d70733 add              x14, x14, x13       x14=1a10f018 x14:00000018 x13:1a10f000
13598493ns          224405 1c008bb4 00a7e723 p.sw             x10, x0(x15)        x10:00000065 x15:00000000  PA:1a10f018
13598831ns          224422 1c008bb8 00000513 addi             x10, x0, 0          x10=00000000
13598851ns          224423 1c008bba 00008067 jalr             x0, x1, 0            x1:1c008c8a
13598910ns          224426 1c008c8a 31f52563 p.beqimm         x10, 778            x10:00000000
13598930ns          224427 1c008c8e 001d8d93 addi             x27, x27, 1         x27=00000019 x27:00000018
13598950ns          224428 1c008c90 00044503 lbu              x10, 0(x8)          x10=00000072  x8:1c000535  PA:1c000535
13599268ns          224444 1c008c94 00140413 addi             x8, x8, 1            x8=1c000536  x8:1c000535
13599288ns          224445 1c008c96 fe0514e3 bne              x10, x0, -24        x10:00000072
13599368ns          224449 1c008c7e 02500793 addi             x15, x0, 37         x15=00000025
13599388ns          224450 1c008c82 04f50863 beq              x10, x15, 80        x10:00000072 x15:00000025
13599408ns          224451 1c008c86 01a005b3 add              x11, x0, x26        x11=00000002 x26:00000002
13599427ns          224452 1c008c88 000b00e7 jalr             x1, x22, 0           x1=1c008c8a x22:1c008b94
13599467ns          224454 1c008b94 000026b7 lui              x13, 0x2000         x13=00002000
13599487ns          224455 1c008b96 f14027f3 csrrs            x15, x0, 0xf14      x15=00000003
13599507ns          224456 1c008b9a f8068693 addi             x13, x13, -128      x13=00001f80 x13:00002000
13599527ns          224457 1c008b9e 00379713 slli             x14, x15, 0x3       x14=00000018 x15:00000003
13599547ns          224458 1c008ba2 00279793 slli             x15, x15, 0x2       x15=0000000c x15:00000003
13599567ns          224459 1c008ba4 00d7f7b3 and              x15, x15, x13       x15=00000000 x15:0000000c x13:00001f80
13599587ns          224460 1c008ba6 ee873733 p.bclr           x14, x14, 23, 8     x14=00000018 x14:00000018
13599606ns          224461 1c008baa 1a10f6b7 lui              x13, 0x1a10f000     x13=1a10f000
13599626ns          224462 1c008bae 0ff57513 andi             x10, x10, 255       x10=00000072 x10:00000072
13599646ns          224463 1c008bb2 00d70733 add              x14, x14, x13       x14=1a10f018 x14:00000018 x13:1a10f000
13599666ns          224464 1c008bb4 00a7e723 p.sw             x10, x0(x15)        x10:00000072 x15:00000000  PA:1a10f018
13600004ns          224481 1c008bb8 00000513 addi             x10, x0, 0          x10=00000000
13600024ns          224482 1c008bba 00008067 jalr             x0, x1, 0            x1:1c008c8a
13600084ns          224485 1c008c8a 31f52563 p.beqimm         x10, 778            x10:00000000
13600104ns          224486 1c008c8e 001d8d93 addi             x27, x27, 1         x27=0000001a x27:00000019
13600124ns          224487 1c008c90 00044503 lbu              x10, 0(x8)          x10=00000020  x8:1c000536  PA:1c000536
13600422ns          224502 1c008c94 00140413 addi             x8, x8, 1            x8=1c000537  x8:1c000536
13600442ns          224503 1c008c96 fe0514e3 bne              x10, x0, -24        x10:00000020
13600521ns          224507 1c008c7e 02500793 addi             x15, x0, 37         x15=00000025
13600541ns          224508 1c008c82 04f50863 beq              x10, x15, 80        x10:00000020 x15:00000025
13600561ns          224509 1c008c86 01a005b3 add              x11, x0, x26        x11=00000002 x26:00000002
13600581ns          224510 1c008c88 000b00e7 jalr             x1, x22, 0           x1=1c008c8a x22:1c008b94
13600621ns          224512 1c008b94 000026b7 lui              x13, 0x2000         x13=00002000
13600641ns          224513 1c008b96 f14027f3 csrrs            x15, x0, 0xf14      x15=00000003
13600660ns          224514 1c008b9a f8068693 addi             x13, x13, -128      x13=00001f80 x13:00002000
13600680ns          224515 1c008b9e 00379713 slli             x14, x15, 0x3       x14=00000018 x15:00000003
13600700ns          224516 1c008ba2 00279793 slli             x15, x15, 0x2       x15=0000000c x15:00000003
13600720ns          224517 1c008ba4 00d7f7b3 and              x15, x15, x13       x15=00000000 x15:0000000c x13:00001f80
13600740ns          224518 1c008ba6 ee873733 p.bclr           x14, x14, 23, 8     x14=00000018 x14:00000018
13600760ns          224519 1c008baa 1a10f6b7 lui              x13, 0x1a10f000     x13=1a10f000
13600780ns          224520 1c008bae 0ff57513 andi             x10, x10, 255       x10=00000020 x10:00000020
13600800ns          224521 1c008bb2 00d70733 add              x14, x14, x13       x14=1a10f018 x14:00000018 x13:1a10f000
13600820ns          224522 1c008bb4 00a7e723 p.sw             x10, x0(x15)        x10:00000020 x15:00000000  PA:1a10f018
13601178ns          224540 1c008bb8 00000513 addi             x10, x0, 0          x10=00000000
13601197ns          224541 1c008bba 00008067 jalr             x0, x1, 0            x1:1c008c8a
13601257ns          224544 1c008c8a 31f52563 p.beqimm         x10, 778            x10:00000000
13601277ns          224545 1c008c8e 001d8d93 addi             x27, x27, 1         x27=0000001b x27:0000001a
13601297ns          224546 1c008c90 00044503 lbu              x10, 0(x8)          x10=00000025  x8:1c000537  PA:1c000537
13601595ns          224561 1c008c94 00140413 addi             x8, x8, 1            x8=1c000538  x8:1c000537
13601615ns          224562 1c008c96 fe0514e3 bne              x10, x0, -24        x10:00000025
13601695ns          224566 1c008c7e 02500793 addi             x15, x0, 37         x15=00000025
13601715ns          224567 1c008c82 04f50863 beq              x10, x15, 80        x10:00000025 x15:00000025
13602033ns          224583 1c008cd2 00044483 lbu              x9, 0(x8)            x9=00000064  x8:1c000538  PA:1c000538
13602450ns          224604 1c008cd6 02000693 addi             x13, x0, 32         x13=00000020
13602470ns          224605 1c008cda 00140a93 addi             x21, x8, 1          x21=1c000539  x8:1c000538
13602490ns          224606 1c008cde 009005b3 add              x11, x0, x9         x11=00000064  x9:00000064
13602530ns          224608 1c008ce0 5f0b8513 addi             x10, x23, 1520      x10=1c0005f0 x23:1c000000
13602570ns          224610 1c008ce4 00d12823 sw               x13, 16(x2)         x13:00000020  x2:10001958  PA:10001968
13602590ns          224611 1c008ce6 00012c23 sw               x0, 24(x2)           x2:10001958  PA:10001970
13602610ns          224612 1c008ce8 00012a23 sw               x0, 20(x2)           x2:10001958  PA:1000196c
13602629ns          224613 1c008cea 00012e23 sw               x0, 28(x2)           x2:10001958  PA:10001974
13602649ns          224614 1c008cec 00012623 sw               x0, 12(x2)           x2:10001958  PA:10001964
13603047ns          224634 1c008cee 02300913 addi             x18, x0, 35         x18=00000023
13603087ns          224636 1c008cf2 02d00a13 addi             x20, x0, 45         x20=0000002d
13603107ns          224637 1c008cf6 015009b3 add              x19, x0, x21        x19=1c000539 x21:1c000539
13603127ns          224638 1c008cf8 e1dff0ef jal              x1, -484             x1=1c008cfa
13604022ns          224683 1c008b14 00054783 lbu              x15, 0(x10)         x15=0000002d x10:1c0005f0  PA:1c0005f0
13604479ns          224706 1c008b18 0ff5f593 andi             x11, x11, 255       x11=00000064 x11:00000064
13604499ns          224707 1c008b1c 00b78c63 beq              x15, x11, 24        x15:0000002d x11:00000064
13604519ns          224708 1c008b20 00078b63 beq              x15, x0, 22         x15:0000002d
13604559ns          224710 1c008b22 00150793 addi             x15, x10, 1         x15=1c0005f1 x10:1c0005f0
13604578ns          224711 1c008b26 0040006f jal              x0, 4              
13604618ns          224713 1c008b2a 00f00533 add              x10, x0, x15        x10=1c0005f1 x15:1c0005f1
13604638ns          224714 1c008b2c 0017c70b p.lbu            x14, 1(x15!)        x14=0000002b x15=1c0005f2 x15:1c0005f1  PA:1c0005f1
13605135ns          224739 1c008b30 feb71ce3 bne              x14, x11, -8        x14:0000002b x11:00000064
13605195ns          224742 1c008b28 00070763 beq              x14, x0, 14         x14:0000002b
13605215ns          224743 1c008b2a 00f00533 add              x10, x0, x15        x10=1c0005f2 x15:1c0005f2
13605235ns          224744 1c008b2c 0017c70b p.lbu            x14, 1(x15!)        x14=00000020 x15=1c0005f3 x15:1c0005f2  PA:1c0005f2
13605652ns          224765 1c008b30 feb71ce3 bne              x14, x11, -8        x14:00000020 x11:00000064
13605752ns          224770 1c008b28 00070763 beq              x14, x0, 14         x14:00000020
13605772ns          224771 1c008b2a 00f00533 add              x10, x0, x15        x10=1c0005f3 x15:1c0005f3
13605792ns          224772 1c008b2c 0017c70b p.lbu            x14, 1(x15!)        x14=00000023 x15=1c0005f4 x15:1c0005f3  PA:1c0005f3
13606110ns          224788 1c008b30 feb71ce3 bne              x14, x11, -8        x14:00000023 x11:00000064
13606169ns          224791 1c008b28 00070763 beq              x14, x0, 14         x14:00000023
13606189ns          224792 1c008b2a 00f00533 add              x10, x0, x15        x10=1c0005f4 x15:1c0005f4
13606209ns          224793 1c008b2c 0017c70b p.lbu            x14, 1(x15!)        x14=00000030 x15=1c0005f5 x15:1c0005f4  PA:1c0005f4
13606527ns          224809 1c008b30 feb71ce3 bne              x14, x11, -8        x14:00000030 x11:00000064
13606587ns          224812 1c008b28 00070763 beq              x14, x0, 14         x14:00000030
13606607ns          224813 1c008b2a 00f00533 add              x10, x0, x15        x10=1c0005f5 x15:1c0005f5
13606627ns          224814 1c008b2c 0017c70b p.lbu            x14, 1(x15!)        x14=00000000 x15=1c0005f6 x15:1c0005f5  PA:1c0005f5
13606945ns          224830 1c008b30 feb71ce3 bne              x14, x11, -8        x14:00000000 x11:00000064
13607005ns          224833 1c008b28 00070763 beq              x14, x0, 14         x14:00000000
13607084ns          224837 1c008b36 0015b593 sltiu            x11, x11, 1         x11=00000000 x11:00000064
13607104ns          224838 1c008b3a 40b005b3 sub              x11, x0, x11        x11=00000000 x11:00000000
13607124ns          224839 1c008b3e 00b57533 and              x10, x10, x11       x10=00000000 x10:1c0005f5 x11:00000000
13607144ns          224840 1c008b40 00008067 jalr             x0, x1, 0            x1:1c008cfa
13607184ns          224842 1c008cfa 02050a63 beq              x10, x0, 52         x10:00000000
13608118ns          224889 1c008d2e 02a00613 addi             x12, x0, 42         x12=0000002a
13608158ns          224891 1c008d32 2ac48663 beq              x9, x12, 684         x9:00000064 x12:0000002a
13608178ns          224892 1c008d36 fd048613 addi             x12, x9, -48        x12=00000034  x9:00000064
13608198ns          224893 1c008d3a 00900593 addi             x11, x0, 9          x11=00000009
13608218ns          224894 1c008d3c 00000913 addi             x18, x0, 0          x18=00000000
13608655ns          224916 1c008d3e 28c5f063 bgeu             x11, x12, 640       x11:00000009 x12:00000034
13608695ns          224918 1c008d42 02e00693 addi             x13, x0, 46         x13=0000002e
13608715ns          224919 1c008d46 fff00a13 addi             x20, x0, -1         x20=ffffffff
13608735ns          224920 1c008d48 2ed48363 beq              x9, x13, 742         x9:00000064 x13:0000002e
13608755ns          224921 1c008d4c 1c0007b7 lui              x15, 0x1c000000     x15=1c000000
13609173ns          224942 1c008d50 009005b3 add              x11, x0, x9         x11=00000064  x9:00000064
13609212ns          224944 1c008d52 5f878513 addi             x10, x15, 1528      x10=1c0005f8 x15:1c000000
13609232ns          224945 1c008d56 dbfff0ef jal              x1, -578             x1=1c008d58
13609272ns          224947 1c008b14 00054783 lbu              x15, 0(x10)         x15=00000068 x10:1c0005f8  PA:1c0005f8
13609570ns          224962 1c008b18 0ff5f593 andi             x11, x11, 255       x11=00000064 x11:00000064
13609590ns          224963 1c008b1c 00b78c63 beq              x15, x11, 24        x15:00000068 x11:00000064
13609610ns          224964 1c008b20 00078b63 beq              x15, x0, 22         x15:00000068
13609630ns          224965 1c008b22 00150793 addi             x15, x10, 1         x15=1c0005f9 x10:1c0005f8
13609650ns          224966 1c008b26 0040006f jal              x0, 4              
13609690ns          224968 1c008b2a 00f00533 add              x10, x0, x15        x10=1c0005f9 x15:1c0005f9
13609710ns          224969 1c008b2c 0017c70b p.lbu            x14, 1(x15!)        x14=0000006c x15=1c0005fa x15:1c0005f9  PA:1c0005f9
13610028ns          224985 1c008b30 feb71ce3 bne              x14, x11, -8        x14:0000006c x11:00000064
13610087ns          224988 1c008b28 00070763 beq              x14, x0, 14         x14:0000006c
13610107ns          224989 1c008b2a 00f00533 add              x10, x0, x15        x10=1c0005fa x15:1c0005fa
13610127ns          224990 1c008b2c 0017c70b p.lbu            x14, 1(x15!)        x14=0000004c x15=1c0005fb x15:1c0005fa  PA:1c0005fa
13610445ns          225006 1c008b30 feb71ce3 bne              x14, x11, -8        x14:0000004c x11:00000064
13610505ns          225009 1c008b28 00070763 beq              x14, x0, 14         x14:0000004c
13610525ns          225010 1c008b2a 00f00533 add              x10, x0, x15        x10=1c0005fb x15:1c0005fb
13610545ns          225011 1c008b2c 0017c70b p.lbu            x14, 1(x15!)        x14=0000007a x15=1c0005fc x15:1c0005fb  PA:1c0005fb
13610863ns          225027 1c008b30 feb71ce3 bne              x14, x11, -8        x14:0000007a x11:00000064
13610923ns          225030 1c008b28 00070763 beq              x14, x0, 14         x14:0000007a
13610943ns          225031 1c008b2a 00f00533 add              x10, x0, x15        x10=1c0005fc x15:1c0005fc
13610962ns          225032 1c008b2c 0017c70b p.lbu            x14, 1(x15!)        x14=00000000 x15=1c0005fd x15:1c0005fc  PA:1c0005fc
13611301ns          225049 1c008b30 feb71ce3 bne              x14, x11, -8        x14:00000000 x11:00000064
13611360ns          225052 1c008b28 00070763 beq              x14, x0, 14         x14:00000000
13611440ns          225056 1c008b36 0015b593 sltiu            x11, x11, 1         x11=00000000 x11:00000064
13611460ns          225057 1c008b3a 40b005b3 sub              x11, x0, x11        x11=00000000 x11:00000000
13611480ns          225058 1c008b3e 00b57533 and              x10, x10, x11       x10=00000000 x10:1c0005fc x11:00000000
13611499ns          225059 1c008b40 00008067 jalr             x0, x1, 0            x1:1c008d58
13611539ns          225061 1c008d58 01300433 add              x8, x0, x19          x8=1c000539 x19:1c000539
13611559ns          225062 1c008d5a 00050563 beq              x10, x0, 10         x10:00000000
13612017ns          225085 1c008d64 06700693 addi             x13, x0, 103        x13=00000067
13612036ns          225086 1c008d68 2896d963 bge              x13, x9, 658        x13:00000067  x9:00000064
13613130ns          225141 1c008ffa 06500693 addi             x13, x0, 101        x13=00000065
13613568ns          225163 1c008ffe 12d4d563 bge              x9, x13, 298         x9:00000064 x13:00000065
13613608ns          225165 1c009002 04700693 addi             x13, x0, 71         x13=00000047
13613627ns          225166 1c009006 dc96cbe3 blt              x13, x9, -554       x13:00000047  x9:00000064
13614542ns          225212 1c008ddc 06300693 addi             x13, x0, 99         x13=00000063
13615000ns          225235 1c008de0 0ad488e3 beq              x9, x13, 2224        x9:00000064 x13:00000063
13615040ns          225237 1c008de4 0096c9e3 blt              x13, x9, 2066       x13:00000063  x9:00000064
13615557ns          225263 1c0095f6 000c2583 lw               x11, 0(x24)         x11=00000000 x24:10001aac  PA:10001aac
13615576ns          225264 1c0095fa 004c0c13 addi             x24, x24, 4         x24=10001ab0 x24:10001aac
13615596ns          225265 1c0095fc 3405cc63 blt              x11, x0, 856        x11:00000000
13616014ns          225286 1c009600 01412603 lw               x12, 20(x2)         x12=00000000  x2:10001958  PA:1000196c
13616034ns          225287 1c009602 00b006b3 add              x13, x0, x11        x13=00000000 x11:00000000
13616054ns          225288 1c009604 2e061863 bne              x12, x0, 752        x12:00000000
13616074ns          225289 1c009608 01812703 lw               x14, 24(x2)         x14=00000000  x2:10001958  PA:10001970
13616094ns          225290 1c00960a 019007b3 add              x15, x0, x25        x15=1000197c x25:1000197c
13616113ns          225291 1c00960c 00070763 beq              x14, x0, 14         x14:00000000
13616591ns          225315 1c00961a 00f00733 add              x14, x0, x15        x14=1000197c x15:1000197c
13616611ns          225316 1c00961c 00a00513 addi             x10, x0, 10         x10=0000000a
13617048ns          225338 1c00961e 02a6f633 remu             x12, x13, x10       x12=00000000 x13:00000000 x10:0000000a
13617685ns          225370 1c009622 02a6d6b3 divu             x13, x13, x10       x13=00000000 x13:00000000 x10:0000000a
13618301ns          225401 1c009626 03060613 addi             x12, x12, 48        x12=00000030 x12:00000000
13618321ns          225402 1c00962a 00c700ab p.sb             x12, 1(x14!)        x14=1000197d x12:00000030 x14:1000197c  PA:1000197c
13618341ns          225403 1c00962e fe0698e3 bne              x13, x0, -16        x13:00000000
13618361ns          225404 1c009630 40f706b3 sub              x13, x14, x15       x13=00000001 x14:1000197d x15:1000197c
13618381ns          225405 1c009634 0146dc63 bge              x13, x20, 24        x13:00000001 x20:ffffffff
13618878ns          225430 1c00964c 00e006b3 add              x13, x0, x14        x13=1000197d x14:1000197d
13619335ns          225453 1c00964e fe068fab p.sb             x0, -1(x13!)        x13=1000197c x13:1000197d  PA:1000197d
13619375ns          225455 1c009652 00d7fc63 bgeu             x15, x13, 24        x15:1000197c x13:1000197c
13619852ns          225479 1c00966a 01412783 lw               x15, 20(x2)         x15=00000000  x2:10001958  PA:1000196c
13619892ns          225481 1c00966c 01812603 lw               x12, 24(x2)         x12=00000000  x2:10001958  PA:10001970
13620330ns          225503 1c00966e 419704b3 sub              x9, x14, x25         x9=00000001 x14:1000197d x25:1000197c
13620350ns          225504 1c009672 00c7e7b3 or               x15, x15, x12       x15=00000000 x15:00000000 x12:00000000
13620369ns          225505 1c009674 00f12623 sw               x15, 12(x2)         x15:00000000  x2:10001958  PA:10001964
13620389ns          225506 1c009676 00079363 bne              x15, x0, 6          x15:00000000
13620409ns          225507 1c009678 01f5d593 srli             x11, x11, 0x1f      x11=00000000 x11:00000000
13620429ns          225508 1c00967a 00b12623 sw               x11, 12(x2)         x11:00000000  x2:10001958  PA:10001964
13620529ns          225513 1c00967c e3fa28e3 p.beqimm         x20, -464           x20:ffffffff
13621304ns          225552 1c0094ac 0c800793 addi             x15, x0, 200        x15=000000c8
13621782ns          225576 1c0094b0 9e97d0e3 bge              x15, x9, -1568      x15:000000c8  x9:00000001
13622259ns          225600 1c008e90 0f24d163 bge              x9, x18, 226         x9:00000001 x18:00000000
13622776ns          225626 1c008f72 d00482e3 beq              x9, x0, -764         x9:00000001
13622796ns          225627 1c008f76 01900933 add              x18, x0, x25        x18=1000197c x25:1000197c
13622816ns          225628 1c008f78 419d8db3 sub              x27, x27, x25       x27=efffe69f x27:0000001b x25:1000197c
13622836ns          225629 1c008f7c 00a0006f jal              x0, 10             
13623333ns          225654 1c008f86 0019450b p.lbu            x10, 1(x18!)        x10=00000030 x18=1000197d x18:1000197c  PA:1000197c
13623353ns          225655 1c008f8a 01a005b3 add              x11, x0, x26        x11=00000002 x26:00000002
13623373ns          225656 1c008f8c 000b00e7 jalr             x1, x22, 0           x1=1c008f8e x22:1c008b94
13623830ns          225679 1c008b94 000026b7 lui              x13, 0x2000         x13=00002000
13623850ns          225680 1c008b96 f14027f3 csrrs            x15, x0, 0xf14      x15=00000003
13623870ns          225681 1c008b9a f8068693 addi             x13, x13, -128      x13=00001f80 x13:00002000
13623890ns          225682 1c008b9e 00379713 slli             x14, x15, 0x3       x14=00000018 x15:00000003
13623910ns          225683 1c008ba2 00279793 slli             x15, x15, 0x2       x15=0000000c x15:00000003
13623929ns          225684 1c008ba4 00d7f7b3 and              x15, x15, x13       x15=00000000 x15:0000000c x13:00001f80
13623949ns          225685 1c008ba6 ee873733 p.bclr           x14, x14, 23, 8     x14=00000018 x14:00000018
13623969ns          225686 1c008baa 1a10f6b7 lui              x13, 0x1a10f000     x13=1a10f000
13624009ns          225688 1c008bae 0ff57513 andi             x10, x10, 255       x10=00000030 x10:00000030
13624029ns          225689 1c008bb2 00d70733 add              x14, x14, x13       x14=1a10f018 x14:00000018 x13:1a10f000
13624049ns          225690 1c008bb4 00a7e723 p.sw             x10, x0(x15)        x10:00000030 x15:00000000  PA:1a10f018
13624526ns          225714 1c008bb8 00000513 addi             x10, x0, 0          x10=00000000
13624546ns          225715 1c008bba 00008067 jalr             x0, x1, 0            x1:1c008f8e
13624586ns          225717 1c008f8e fff48493 addi             x9, x9, -1           x9=00000000  x9:00000001
13624606ns          225718 1c008f90 fff537e3 p.bneimm         x10, -18            x10:00000000
13624685ns          225722 1c008f7e 012d8733 add              x14, x27, x18       x14=0000001c x27:efffe69f x18:1000197d
13624705ns          225723 1c008f82 5a048b63 beq              x9, x0, 1462         x9:00000000
13625043ns          225740 1c009538 00e00db3 add              x27, x0, x14        x27=0000001c x14:0000001c
13625083ns          225742 1c00953a f3cff06f jal              x0, -2244          
13625640ns          225770 1c008c76 00044503 lbu              x10, 0(x8)          x10=00000020  x8:1c000539  PA:1c000539
13625938ns          225785 1c008c7a 00140413 addi             x8, x8, 1            x8=1c00053a  x8:1c000539
13625958ns          225786 1c008c7c 00050e63 beq              x10, x0, 28         x10:00000020
13625978ns          225787 1c008c7e 02500793 addi             x15, x0, 37         x15=00000025
13625998ns          225788 1c008c82 04f50863 beq              x10, x15, 80        x10:00000020 x15:00000025
13626018ns          225789 1c008c86 01a005b3 add              x11, x0, x26        x11=00000002 x26:00000002
13626038ns          225790 1c008c88 000b00e7 jalr             x1, x22, 0           x1=1c008c8a x22:1c008b94
13626137ns          225795 1c008b94 000026b7 lui              x13, 0x2000         x13=00002000
13626157ns          225796 1c008b96 f14027f3 csrrs            x15, x0, 0xf14      x15=00000003
13626177ns          225797 1c008b9a f8068693 addi             x13, x13, -128      x13=00001f80 x13:00002000
13626197ns          225798 1c008b9e 00379713 slli             x14, x15, 0x3       x14=00000018 x15:00000003
13626217ns          225799 1c008ba2 00279793 slli             x15, x15, 0x2       x15=0000000c x15:00000003
13626236ns          225800 1c008ba4 00d7f7b3 and              x15, x15, x13       x15=00000000 x15:0000000c x13:00001f80
13626256ns          225801 1c008ba6 ee873733 p.bclr           x14, x14, 23, 8     x14=00000018 x14:00000018
13626276ns          225802 1c008baa 1a10f6b7 lui              x13, 0x1a10f000     x13=1a10f000
13626296ns          225803 1c008bae 0ff57513 andi             x10, x10, 255       x10=00000020 x10:00000020
13626316ns          225804 1c008bb2 00d70733 add              x14, x14, x13       x14=1a10f018 x14:00000018 x13:1a10f000
13626336ns          225805 1c008bb4 00a7e723 p.sw             x10, x0(x15)        x10:00000020 x15:00000000  PA:1a10f018
13626793ns          225828 1c008bb8 00000513 addi             x10, x0, 0          x10=00000000
13626813ns          225829 1c008bba 00008067 jalr             x0, x1, 0            x1:1c008c8a
13626873ns          225832 1c008c8a 31f52563 p.beqimm         x10, 778            x10:00000000
13626893ns          225833 1c008c8e 001d8d93 addi             x27, x27, 1         x27=0000001d x27:0000001c
13626913ns          225834 1c008c90 00044503 lbu              x10, 0(x8)          x10=00000063  x8:1c00053a  PA:1c00053a
13627211ns          225849 1c008c94 00140413 addi             x8, x8, 1            x8=1c00053b  x8:1c00053a
13627231ns          225850 1c008c96 fe0514e3 bne              x10, x0, -24        x10:00000063
13627310ns          225854 1c008c7e 02500793 addi             x15, x0, 37         x15=00000025
13627330ns          225855 1c008c82 04f50863 beq              x10, x15, 80        x10:00000063 x15:00000025
13627350ns          225856 1c008c86 01a005b3 add              x11, x0, x26        x11=00000002 x26:00000002
13627370ns          225857 1c008c88 000b00e7 jalr             x1, x22, 0           x1=1c008c8a x22:1c008b94
13627410ns          225859 1c008b94 000026b7 lui              x13, 0x2000         x13=00002000
13627430ns          225860 1c008b96 f14027f3 csrrs            x15, x0, 0xf14      x15=00000003
13627450ns          225861 1c008b9a f8068693 addi             x13, x13, -128      x13=00001f80 x13:00002000
13627509ns          225864 1c008b9e 00379713 slli             x14, x15, 0x3       x14=00000018 x15:00000003
13627529ns          225865 1c008ba2 00279793 slli             x15, x15, 0x2       x15=0000000c x15:00000003
13627549ns          225866 1c008ba4 00d7f7b3 and              x15, x15, x13       x15=00000000 x15:0000000c x13:00001f80
13627569ns          225867 1c008ba6 ee873733 p.bclr           x14, x14, 23, 8     x14=00000018 x14:00000018
13627589ns          225868 1c008baa 1a10f6b7 lui              x13, 0x1a10f000     x13=1a10f000
13627609ns          225869 1c008bae 0ff57513 andi             x10, x10, 255       x10=00000063 x10:00000063
13627629ns          225870 1c008bb2 00d70733 add              x14, x14, x13       x14=1a10f018 x14:00000018 x13:1a10f000
13627648ns          225871 1c008bb4 00a7e723 p.sw             x10, x0(x15)        x10:00000063 x15:00000000  PA:1a10f018
13628006ns          225889 1c008bb8 00000513 addi             x10, x0, 0          x10=00000000
13628026ns          225890 1c008bba 00008067 jalr             x0, x1, 0            x1:1c008c8a
13628086ns          225893 1c008c8a 31f52563 p.beqimm         x10, 778            x10:00000000
13628106ns          225894 1c008c8e 001d8d93 addi             x27, x27, 1         x27=0000001e x27:0000001d
13628126ns          225895 1c008c90 00044503 lbu              x10, 0(x8)          x10=0000006f  x8:1c00053b  PA:1c00053b
13628424ns          225910 1c008c94 00140413 addi             x8, x8, 1            x8=1c00053c  x8:1c00053b
13628444ns          225911 1c008c96 fe0514e3 bne              x10, x0, -24        x10:0000006f
13628524ns          225915 1c008c7e 02500793 addi             x15, x0, 37         x15=00000025
13628543ns          225916 1c008c82 04f50863 beq              x10, x15, 80        x10:0000006f x15:00000025
13628563ns          225917 1c008c86 01a005b3 add              x11, x0, x26        x11=00000002 x26:00000002
13628583ns          225918 1c008c88 000b00e7 jalr             x1, x22, 0           x1=1c008c8a x22:1c008b94
13628623ns          225920 1c008b94 000026b7 lui              x13, 0x2000         x13=00002000
13628643ns          225921 1c008b96 f14027f3 csrrs            x15, x0, 0xf14      x15=00000003
13628663ns          225922 1c008b9a f8068693 addi             x13, x13, -128      x13=00001f80 x13:00002000
13628683ns          225923 1c008b9e 00379713 slli             x14, x15, 0x3       x14=00000018 x15:00000003
13628703ns          225924 1c008ba2 00279793 slli             x15, x15, 0x2       x15=0000000c x15:00000003
13628722ns          225925 1c008ba4 00d7f7b3 and              x15, x15, x13       x15=00000000 x15:0000000c x13:00001f80
13628742ns          225926 1c008ba6 ee873733 p.bclr           x14, x14, 23, 8     x14=00000018 x14:00000018
13628762ns          225927 1c008baa 1a10f6b7 lui              x13, 0x1a10f000     x13=1a10f000
13628782ns          225928 1c008bae 0ff57513 andi             x10, x10, 255       x10=0000006f x10:0000006f
13628802ns          225929 1c008bb2 00d70733 add              x14, x14, x13       x14=1a10f018 x14:00000018 x13:1a10f000
13628822ns          225930 1c008bb4 00a7e723 p.sw             x10, x0(x15)        x10:0000006f x15:00000000  PA:1a10f018
13629160ns          225947 1c008bb8 00000513 addi             x10, x0, 0          x10=00000000
13629180ns          225948 1c008bba 00008067 jalr             x0, x1, 0            x1:1c008c8a
13629240ns          225951 1c008c8a 31f52563 p.beqimm         x10, 778            x10:00000000
13629259ns          225952 1c008c8e 001d8d93 addi             x27, x27, 1         x27=0000001f x27:0000001e
13629279ns          225953 1c008c90 00044503 lbu              x10, 0(x8)          x10=00000072  x8:1c00053c  PA:1c00053c
13629598ns          225969 1c008c94 00140413 addi             x8, x8, 1            x8=1c00053d  x8:1c00053c
13629617ns          225970 1c008c96 fe0514e3 bne              x10, x0, -24        x10:00000072
13629697ns          225974 1c008c7e 02500793 addi             x15, x0, 37         x15=00000025
13629717ns          225975 1c008c82 04f50863 beq              x10, x15, 80        x10:00000072 x15:00000025
13629737ns          225976 1c008c86 01a005b3 add              x11, x0, x26        x11=00000002 x26:00000002
13629757ns          225977 1c008c88 000b00e7 jalr             x1, x22, 0           x1=1c008c8a x22:1c008b94
13629796ns          225979 1c008b94 000026b7 lui              x13, 0x2000         x13=00002000
13629816ns          225980 1c008b96 f14027f3 csrrs            x15, x0, 0xf14      x15=00000003
13629836ns          225981 1c008b9a f8068693 addi             x13, x13, -128      x13=00001f80 x13:00002000
13629856ns          225982 1c008b9e 00379713 slli             x14, x15, 0x3       x14=00000018 x15:00000003
13629876ns          225983 1c008ba2 00279793 slli             x15, x15, 0x2       x15=0000000c x15:00000003
13629896ns          225984 1c008ba4 00d7f7b3 and              x15, x15, x13       x15=00000000 x15:0000000c x13:00001f80
13629916ns          225985 1c008ba6 ee873733 p.bclr           x14, x14, 23, 8     x14=00000018 x14:00000018
13629936ns          225986 1c008baa 1a10f6b7 lui              x13, 0x1a10f000     x13=1a10f000
13629956ns          225987 1c008bae 0ff57513 andi             x10, x10, 255       x10=00000072 x10:00000072
13629975ns          225988 1c008bb2 00d70733 add              x14, x14, x13       x14=1a10f018 x14:00000018 x13:1a10f000
13629995ns          225989 1c008bb4 00a7e723 p.sw             x10, x0(x15)        x10:00000072 x15:00000000  PA:1a10f018
13630313ns          226005 1c008bb8 00000513 addi             x10, x0, 0          x10=00000000
13630333ns          226006 1c008bba 00008067 jalr             x0, x1, 0            x1:1c008c8a
13630393ns          226009 1c008c8a 31f52563 p.beqimm         x10, 778            x10:00000000
13630413ns          226010 1c008c8e 001d8d93 addi             x27, x27, 1         x27=00000020 x27:0000001f
13630433ns          226011 1c008c90 00044503 lbu              x10, 0(x8)          x10=00000065  x8:1c00053d  PA:1c00053d
13630731ns          226026 1c008c94 00140413 addi             x8, x8, 1            x8=1c00053e  x8:1c00053d
13630751ns          226027 1c008c96 fe0514e3 bne              x10, x0, -24        x10:00000065
13630831ns          226031 1c008c7e 02500793 addi             x15, x0, 37         x15=00000025
13630850ns          226032 1c008c82 04f50863 beq              x10, x15, 80        x10:00000065 x15:00000025
13630870ns          226033 1c008c86 01a005b3 add              x11, x0, x26        x11=00000002 x26:00000002
13630890ns          226034 1c008c88 000b00e7 jalr             x1, x22, 0           x1=1c008c8a x22:1c008b94
13630930ns          226036 1c008b94 000026b7 lui              x13, 0x2000         x13=00002000
13630950ns          226037 1c008b96 f14027f3 csrrs            x15, x0, 0xf14      x15=00000003
13630970ns          226038 1c008b9a f8068693 addi             x13, x13, -128      x13=00001f80 x13:00002000
13630990ns          226039 1c008b9e 00379713 slli             x14, x15, 0x3       x14=00000018 x15:00000003
13631010ns          226040 1c008ba2 00279793 slli             x15, x15, 0x2       x15=0000000c x15:00000003
13631029ns          226041 1c008ba4 00d7f7b3 and              x15, x15, x13       x15=00000000 x15:0000000c x13:00001f80
13631049ns          226042 1c008ba6 ee873733 p.bclr           x14, x14, 23, 8     x14=00000018 x14:00000018
13631069ns          226043 1c008baa 1a10f6b7 lui              x13, 0x1a10f000     x13=1a10f000
13631089ns          226044 1c008bae 0ff57513 andi             x10, x10, 255       x10=00000065 x10:00000065
13631109ns          226045 1c008bb2 00d70733 add              x14, x14, x13       x14=1a10f018 x14:00000018 x13:1a10f000
13631129ns          226046 1c008bb4 00a7e723 p.sw             x10, x0(x15)        x10:00000065 x15:00000000  PA:1a10f018
13631447ns          226062 1c008bb8 00000513 addi             x10, x0, 0          x10=00000000
13631467ns          226063 1c008bba 00008067 jalr             x0, x1, 0            x1:1c008c8a
13631527ns          226066 1c008c8a 31f52563 p.beqimm         x10, 778            x10:00000000
13631547ns          226067 1c008c8e 001d8d93 addi             x27, x27, 1         x27=00000021 x27:00000020
13631566ns          226068 1c008c90 00044503 lbu              x10, 0(x8)          x10=00000020  x8:1c00053e  PA:1c00053e
13631865ns          226083 1c008c94 00140413 addi             x8, x8, 1            x8=1c00053f  x8:1c00053e
13631885ns          226084 1c008c96 fe0514e3 bne              x10, x0, -24        x10:00000020
13631964ns          226088 1c008c7e 02500793 addi             x15, x0, 37         x15=00000025
13631984ns          226089 1c008c82 04f50863 beq              x10, x15, 80        x10:00000020 x15:00000025
13632004ns          226090 1c008c86 01a005b3 add              x11, x0, x26        x11=00000002 x26:00000002
13632024ns          226091 1c008c88 000b00e7 jalr             x1, x22, 0           x1=1c008c8a x22:1c008b94
13632064ns          226093 1c008b94 000026b7 lui              x13, 0x2000         x13=00002000
13632084ns          226094 1c008b96 f14027f3 csrrs            x15, x0, 0xf14      x15=00000003
13632103ns          226095 1c008b9a f8068693 addi             x13, x13, -128      x13=00001f80 x13:00002000
13632123ns          226096 1c008b9e 00379713 slli             x14, x15, 0x3       x14=00000018 x15:00000003
13632143ns          226097 1c008ba2 00279793 slli             x15, x15, 0x2       x15=0000000c x15:00000003
13632163ns          226098 1c008ba4 00d7f7b3 and              x15, x15, x13       x15=00000000 x15:0000000c x13:00001f80
13632183ns          226099 1c008ba6 ee873733 p.bclr           x14, x14, 23, 8     x14=00000018 x14:00000018
13632203ns          226100 1c008baa 1a10f6b7 lui              x13, 0x1a10f000     x13=1a10f000
13632223ns          226101 1c008bae 0ff57513 andi             x10, x10, 255       x10=00000020 x10:00000020
13632243ns          226102 1c008bb2 00d70733 add              x14, x14, x13       x14=1a10f018 x14:00000018 x13:1a10f000
13632263ns          226103 1c008bb4 00a7e723 p.sw             x10, x0(x15)        x10:00000020 x15:00000000  PA:1a10f018
13632581ns          226119 1c008bb8 00000513 addi             x10, x0, 0          x10=00000000
13632601ns          226120 1c008bba 00008067 jalr             x0, x1, 0            x1:1c008c8a
13632660ns          226123 1c008c8a 31f52563 p.beqimm         x10, 778            x10:00000000
13632680ns          226124 1c008c8e 001d8d93 addi             x27, x27, 1         x27=00000022 x27:00000021
13632700ns          226125 1c008c90 00044503 lbu              x10, 0(x8)          x10=00000025  x8:1c00053f  PA:1c00053f
13632998ns          226140 1c008c94 00140413 addi             x8, x8, 1            x8=1c000540  x8:1c00053f
13633018ns          226141 1c008c96 fe0514e3 bne              x10, x0, -24        x10:00000025
13633098ns          226145 1c008c7e 02500793 addi             x15, x0, 37         x15=00000025
13633118ns          226146 1c008c82 04f50863 beq              x10, x15, 80        x10:00000025 x15:00000025
13633257ns          226153 1c008cd2 00044483 lbu              x9, 0(x8)            x9=00000064  x8:1c000540  PA:1c000540
13633575ns          226169 1c008cd6 02000693 addi             x13, x0, 32         x13=00000020
13633595ns          226170 1c008cda 00140a93 addi             x21, x8, 1          x21=1c000541  x8:1c000540
13633615ns          226171 1c008cde 009005b3 add              x11, x0, x9         x11=00000064  x9:00000064
13633635ns          226172 1c008ce0 5f0b8513 addi             x10, x23, 1520      x10=1c0005f0 x23:1c000000
13633655ns          226173 1c008ce4 00d12823 sw               x13, 16(x2)         x13:00000020  x2:10001958  PA:10001968
13633675ns          226174 1c008ce6 00012c23 sw               x0, 24(x2)           x2:10001958  PA:10001970
13633694ns          226175 1c008ce8 00012a23 sw               x0, 20(x2)           x2:10001958  PA:1000196c
13633714ns          226176 1c008cea 00012e23 sw               x0, 28(x2)           x2:10001958  PA:10001974
13633734ns          226177 1c008cec 00012623 sw               x0, 12(x2)           x2:10001958  PA:10001964
13633754ns          226178 1c008cee 02300913 addi             x18, x0, 35         x18=00000023
13633774ns          226179 1c008cf2 02d00a13 addi             x20, x0, 45         x20=0000002d
13633794ns          226180 1c008cf6 015009b3 add              x19, x0, x21        x19=1c000541 x21:1c000541
13633814ns          226181 1c008cf8 e1dff0ef jal              x1, -484             x1=1c008cfa
13633953ns          226188 1c008b14 00054783 lbu              x15, 0(x10)         x15=0000002d x10:1c0005f0  PA:1c0005f0
13634271ns          226204 1c008b18 0ff5f593 andi             x11, x11, 255       x11=00000064 x11:00000064
13634291ns          226205 1c008b1c 00b78c63 beq              x15, x11, 24        x15:0000002d x11:00000064
13634311ns          226206 1c008b20 00078b63 beq              x15, x0, 22         x15:0000002d
13634331ns          226207 1c008b22 00150793 addi             x15, x10, 1         x15=1c0005f1 x10:1c0005f0
13634351ns          226208 1c008b26 0040006f jal              x0, 4              
13634450ns          226213 1c008b2a 00f00533 add              x10, x0, x15        x10=1c0005f1 x15:1c0005f1
13634470ns          226214 1c008b2c 0017c70b p.lbu            x14, 1(x15!)        x14=0000002b x15=1c0005f2 x15:1c0005f1  PA:1c0005f1
13634788ns          226230 1c008b30 feb71ce3 bne              x14, x11, -8        x14:0000002b x11:00000064
13634848ns          226233 1c008b28 00070763 beq              x14, x0, 14         x14:0000002b
13634868ns          226234 1c008b2a 00f00533 add              x10, x0, x15        x10=1c0005f2 x15:1c0005f2
13634888ns          226235 1c008b2c 0017c70b p.lbu            x14, 1(x15!)        x14=00000020 x15=1c0005f3 x15:1c0005f2  PA:1c0005f2
13635206ns          226251 1c008b30 feb71ce3 bne              x14, x11, -8        x14:00000020 x11:00000064
13635266ns          226254 1c008b28 00070763 beq              x14, x0, 14         x14:00000020
13635285ns          226255 1c008b2a 00f00533 add              x10, x0, x15        x10=1c0005f3 x15:1c0005f3
13635305ns          226256 1c008b2c 0017c70b p.lbu            x14, 1(x15!)        x14=00000023 x15=1c0005f4 x15:1c0005f3  PA:1c0005f3
13635624ns          226272 1c008b30 feb71ce3 bne              x14, x11, -8        x14:00000023 x11:00000064
13635683ns          226275 1c008b28 00070763 beq              x14, x0, 14         x14:00000023
13635703ns          226276 1c008b2a 00f00533 add              x10, x0, x15        x10=1c0005f4 x15:1c0005f4
13635723ns          226277 1c008b2c 0017c70b p.lbu            x14, 1(x15!)        x14=00000030 x15=1c0005f5 x15:1c0005f4  PA:1c0005f4
13636041ns          226293 1c008b30 feb71ce3 bne              x14, x11, -8        x14:00000030 x11:00000064
13636101ns          226296 1c008b28 00070763 beq              x14, x0, 14         x14:00000030
13636121ns          226297 1c008b2a 00f00533 add              x10, x0, x15        x10=1c0005f5 x15:1c0005f5
13636141ns          226298 1c008b2c 0017c70b p.lbu            x14, 1(x15!)        x14=00000000 x15=1c0005f6 x15:1c0005f5  PA:1c0005f5
13636459ns          226314 1c008b30 feb71ce3 bne              x14, x11, -8        x14:00000000 x11:00000064
13636519ns          226317 1c008b28 00070763 beq              x14, x0, 14         x14:00000000
13636598ns          226321 1c008b36 0015b593 sltiu            x11, x11, 1         x11=00000000 x11:00000064
13636618ns          226322 1c008b3a 40b005b3 sub              x11, x0, x11        x11=00000000 x11:00000000
13636638ns          226323 1c008b3e 00b57533 and              x10, x10, x11       x10=00000000 x10:1c0005f5 x11:00000000
13636658ns          226324 1c008b40 00008067 jalr             x0, x1, 0            x1:1c008cfa
13636698ns          226326 1c008cfa 02050a63 beq              x10, x0, 52         x10:00000000
13636817ns          226332 1c008d2e 02a00613 addi             x12, x0, 42         x12=0000002a
13636857ns          226334 1c008d32 2ac48663 beq              x9, x12, 684         x9:00000064 x12:0000002a
13636877ns          226335 1c008d36 fd048613 addi             x12, x9, -48        x12=00000034  x9:00000064
13636896ns          226336 1c008d3a 00900593 addi             x11, x0, 9          x11=00000009
13636916ns          226337 1c008d3c 00000913 addi             x18, x0, 0          x18=00000000
13636956ns          226339 1c008d3e 28c5f063 bgeu             x11, x12, 640       x11:00000009 x12:00000034
13636996ns          226341 1c008d42 02e00693 addi             x13, x0, 46         x13=0000002e
13637016ns          226342 1c008d46 fff00a13 addi             x20, x0, -1         x20=ffffffff
13637036ns          226343 1c008d48 2ed48363 beq              x9, x13, 742         x9:00000064 x13:0000002e
13637056ns          226344 1c008d4c 1c0007b7 lui              x15, 0x1c000000     x15=1c000000
13637075ns          226345 1c008d50 009005b3 add              x11, x0, x9         x11=00000064  x9:00000064
13637095ns          226346 1c008d52 5f878513 addi             x10, x15, 1528      x10=1c0005f8 x15:1c000000
13637115ns          226347 1c008d56 dbfff0ef jal              x1, -578             x1=1c008d58
13637215ns          226352 1c008b14 00054783 lbu              x15, 0(x10)         x15=00000068 x10:1c0005f8  PA:1c0005f8
13637533ns          226368 1c008b18 0ff5f593 andi             x11, x11, 255       x11=00000064 x11:00000064
13637553ns          226369 1c008b1c 00b78c63 beq              x15, x11, 24        x15:00000068 x11:00000064
13637573ns          226370 1c008b20 00078b63 beq              x15, x0, 22         x15:00000068
13637592ns          226371 1c008b22 00150793 addi             x15, x10, 1         x15=1c0005f9 x10:1c0005f8
13637612ns          226372 1c008b26 0040006f jal              x0, 4              
13637652ns          226374 1c008b2a 00f00533 add              x10, x0, x15        x10=1c0005f9 x15:1c0005f9
13637672ns          226375 1c008b2c 0017c70b p.lbu            x14, 1(x15!)        x14=0000006c x15=1c0005fa x15:1c0005f9  PA:1c0005f9
13637990ns          226391 1c008b30 feb71ce3 bne              x14, x11, -8        x14:0000006c x11:00000064
13638050ns          226394 1c008b28 00070763 beq              x14, x0, 14         x14:0000006c
13638070ns          226395 1c008b2a 00f00533 add              x10, x0, x15        x10=1c0005fa x15:1c0005fa
13638090ns          226396 1c008b2c 0017c70b p.lbu            x14, 1(x15!)        x14=0000004c x15=1c0005fb x15:1c0005fa  PA:1c0005fa
13638408ns          226412 1c008b30 feb71ce3 bne              x14, x11, -8        x14:0000004c x11:00000064
13638468ns          226415 1c008b28 00070763 beq              x14, x0, 14         x14:0000004c
13638487ns          226416 1c008b2a 00f00533 add              x10, x0, x15        x10=1c0005fb x15:1c0005fb
13638507ns          226417 1c008b2c 0017c70b p.lbu            x14, 1(x15!)        x14=0000007a x15=1c0005fc x15:1c0005fb  PA:1c0005fb
13638845ns          226434 1c008b30 feb71ce3 bne              x14, x11, -8        x14:0000007a x11:00000064
13638905ns          226437 1c008b28 00070763 beq              x14, x0, 14         x14:0000007a
13638925ns          226438 1c008b2a 00f00533 add              x10, x0, x15        x10=1c0005fc x15:1c0005fc
13638945ns          226439 1c008b2c 0017c70b p.lbu            x14, 1(x15!)        x14=00000000 x15=1c0005fd x15:1c0005fc  PA:1c0005fc
13639343ns          226459 1c008b30 feb71ce3 bne              x14, x11, -8        x14:00000000 x11:00000064
13639402ns          226462 1c008b28 00070763 beq              x14, x0, 14         x14:00000000
13639482ns          226466 1c008b36 0015b593 sltiu            x11, x11, 1         x11=00000000 x11:00000064
13639502ns          226467 1c008b3a 40b005b3 sub              x11, x0, x11        x11=00000000 x11:00000000
13639522ns          226468 1c008b3e 00b57533 and              x10, x10, x11       x10=00000000 x10:1c0005fc x11:00000000
13639542ns          226469 1c008b40 00008067 jalr             x0, x1, 0            x1:1c008d58
13639581ns          226471 1c008d58 01300433 add              x8, x0, x19          x8=1c000541 x19:1c000541
13639601ns          226472 1c008d5a 00050563 beq              x10, x0, 10         x10:00000000
13639661ns          226475 1c008d64 06700693 addi             x13, x0, 103        x13=00000067
13639681ns          226476 1c008d68 2896d963 bge              x13, x9, 658        x13:00000067  x9:00000064
13639760ns          226480 1c008ffa 06500693 addi             x13, x0, 101        x13=00000065
13639780ns          226481 1c008ffe 12d4d563 bge              x9, x13, 298         x9:00000064 x13:00000065
13639800ns          226482 1c009002 04700693 addi             x13, x0, 71         x13=00000047
13639820ns          226483 1c009006 dc96cbe3 blt              x13, x9, -554       x13:00000047  x9:00000064
13639939ns          226489 1c008ddc 06300693 addi             x13, x0, 99         x13=00000063
13639959ns          226490 1c008de0 0ad488e3 beq              x9, x13, 2224        x9:00000064 x13:00000063
13639979ns          226491 1c008de4 0096c9e3 blt              x13, x9, 2066       x13:00000063  x9:00000064
13640118ns          226498 1c0095f6 000c2583 lw               x11, 0(x24)         x11=00000003 x24:10001ab0  PA:10001ab0
13640138ns          226499 1c0095fa 004c0c13 addi             x24, x24, 4         x24=10001ab4 x24:10001ab0
13640158ns          226500 1c0095fc 3405cc63 blt              x11, x0, 856        x11:00000003
13640198ns          226502 1c009600 01412603 lw               x12, 20(x2)         x12=00000000  x2:10001958  PA:1000196c
13640218ns          226503 1c009602 00b006b3 add              x13, x0, x11        x13=00000003 x11:00000003
13640238ns          226504 1c009604 2e061863 bne              x12, x0, 752        x12:00000000
13640257ns          226505 1c009608 01812703 lw               x14, 24(x2)         x14=00000000  x2:10001958  PA:10001970
13640277ns          226506 1c00960a 019007b3 add              x15, x0, x25        x15=1000197c x25:1000197c
13640297ns          226507 1c00960c 00070763 beq              x14, x0, 14         x14:00000000
13640377ns          226511 1c00961a 00f00733 add              x14, x0, x15        x14=1000197c x15:1000197c
13640397ns          226512 1c00961c 00a00513 addi             x10, x0, 10         x10=0000000a
13640456ns          226515 1c00961e 02a6f633 remu             x12, x13, x10       x12=00000003 x13:00000003 x10:0000000a
13641093ns          226547 1c009622 02a6d6b3 divu             x13, x13, x10       x13=00000000 x13:00000003 x10:0000000a
13641709ns          226578 1c009626 03060613 addi             x12, x12, 48        x12=00000033 x12:00000003
13641729ns          226579 1c00962a 00c700ab p.sb             x12, 1(x14!)        x14=1000197d x12:00000033 x14:1000197c  PA:1000197c
13641749ns          226580 1c00962e fe0698e3 bne              x13, x0, -16        x13:00000000
13641769ns          226581 1c009630 40f706b3 sub              x13, x14, x15       x13=00000001 x14:1000197d x15:1000197c
13641789ns          226582 1c009634 0146dc63 bge              x13, x20, 24        x13:00000001 x20:ffffffff
13641849ns          226585 1c00964c 00e006b3 add              x13, x0, x14        x13=1000197d x14:1000197d
13641908ns          226588 1c00964e fe068fab p.sb             x0, -1(x13!)        x13=1000197c x13:1000197d  PA:1000197d
13641948ns          226590 1c009652 00d7fc63 bgeu             x15, x13, 24        x15:1000197c x13:1000197c
13642008ns          226593 1c00966a 01412783 lw               x15, 20(x2)         x15=00000000  x2:10001958  PA:1000196c
13642028ns          226594 1c00966c 01812603 lw               x12, 24(x2)         x12=00000000  x2:10001958  PA:10001970
13642047ns          226595 1c00966e 419704b3 sub              x9, x14, x25         x9=00000001 x14:1000197d x25:1000197c
13642067ns          226596 1c009672 00c7e7b3 or               x15, x15, x12       x15=00000000 x15:00000000 x12:00000000
13642087ns          226597 1c009674 00f12623 sw               x15, 12(x2)         x15:00000000  x2:10001958  PA:10001964
13642107ns          226598 1c009676 00079363 bne              x15, x0, 6          x15:00000000
13642127ns          226599 1c009678 01f5d593 srli             x11, x11, 0x1f      x11=00000000 x11:00000003
13642147ns          226600 1c00967a 00b12623 sw               x11, 12(x2)         x11:00000000  x2:10001958  PA:10001964
13642167ns          226601 1c00967c e3fa28e3 p.beqimm         x20, -464           x20:ffffffff
13642266ns          226606 1c0094ac 0c800793 addi             x15, x0, 200        x15=000000c8
13642306ns          226608 1c0094b0 9e97d0e3 bge              x15, x9, -1568      x15:000000c8  x9:00000001
13642366ns          226611 1c008e90 0f24d163 bge              x9, x18, 226         x9:00000001 x18:00000000
13642505ns          226618 1c008f72 d00482e3 beq              x9, x0, -764         x9:00000001
13642525ns          226619 1c008f76 01900933 add              x18, x0, x25        x18=1000197c x25:1000197c
13642545ns          226620 1c008f78 419d8db3 sub              x27, x27, x25       x27=efffe6a6 x27:00000022 x25:1000197c
13642564ns          226621 1c008f7c 00a0006f jal              x0, 10             
13642624ns          226624 1c008f86 0019450b p.lbu            x10, 1(x18!)        x10=00000033 x18=1000197d x18:1000197c  PA:1000197c
13642644ns          226625 1c008f8a 01a005b3 add              x11, x0, x26        x11=00000002 x26:00000002
13642664ns          226626 1c008f8c 000b00e7 jalr             x1, x22, 0           x1=1c008f8e x22:1c008b94
13642743ns          226630 1c008b94 000026b7 lui              x13, 0x2000         x13=00002000
13642783ns          226632 1c008b96 f14027f3 csrrs            x15, x0, 0xf14      x15=00000003
13642803ns          226633 1c008b9a f8068693 addi             x13, x13, -128      x13=00001f80 x13:00002000
13642863ns          226636 1c008b9e 00379713 slli             x14, x15, 0x3       x14=00000018 x15:00000003
13642883ns          226637 1c008ba2 00279793 slli             x15, x15, 0x2       x15=0000000c x15:00000003
13642903ns          226638 1c008ba4 00d7f7b3 and              x15, x15, x13       x15=00000000 x15:0000000c x13:00001f80
13642922ns          226639 1c008ba6 ee873733 p.bclr           x14, x14, 23, 8     x14=00000018 x14:00000018
13642942ns          226640 1c008baa 1a10f6b7 lui              x13, 0x1a10f000     x13=1a10f000
13643002ns          226643 1c008bae 0ff57513 andi             x10, x10, 255       x10=00000033 x10:00000033
13643022ns          226644 1c008bb2 00d70733 add              x14, x14, x13       x14=1a10f018 x14:00000018 x13:1a10f000
13643042ns          226645 1c008bb4 00a7e723 p.sw             x10, x0(x15)        x10:00000033 x15:00000000  PA:1a10f018
13643360ns          226661 1c008bb8 00000513 addi             x10, x0, 0          x10=00000000
13643380ns          226662 1c008bba 00008067 jalr             x0, x1, 0            x1:1c008f8e
13643420ns          226664 1c008f8e fff48493 addi             x9, x9, -1           x9=00000000  x9:00000001
13643440ns          226665 1c008f90 fff537e3 p.bneimm         x10, -18            x10:00000000
13643519ns          226669 1c008f7e 012d8733 add              x14, x27, x18       x14=00000023 x27:efffe6a6 x18:1000197d
13643539ns          226670 1c008f82 5a048b63 beq              x9, x0, 1462         x9:00000000
13643638ns          226675 1c009538 00e00db3 add              x27, x0, x14        x27=00000023 x14:00000023
13643678ns          226677 1c00953a f3cff06f jal              x0, -2244          
13643857ns          226686 1c008c76 00044503 lbu              x10, 0(x8)          x10=0000000a  x8:1c000541  PA:1c000541
13644175ns          226702 1c008c7a 00140413 addi             x8, x8, 1            x8=1c000542  x8:1c000541
13644195ns          226703 1c008c7c 00050e63 beq              x10, x0, 28         x10:0000000a
13644215ns          226704 1c008c7e 02500793 addi             x15, x0, 37         x15=00000025
13644235ns          226705 1c008c82 04f50863 beq              x10, x15, 80        x10:0000000a x15:00000025
13644255ns          226706 1c008c86 01a005b3 add              x11, x0, x26        x11=00000002 x26:00000002
13644275ns          226707 1c008c88 000b00e7 jalr             x1, x22, 0           x1=1c008c8a x22:1c008b94
13644414ns          226714 1c008b94 000026b7 lui              x13, 0x2000         x13=00002000
13644454ns          226716 1c008b96 f14027f3 csrrs            x15, x0, 0xf14      x15=00000003
13644474ns          226717 1c008b9a f8068693 addi             x13, x13, -128      x13=00001f80 x13:00002000
13644494ns          226718 1c008b9e 00379713 slli             x14, x15, 0x3       x14=00000018 x15:00000003
13644514ns          226719 1c008ba2 00279793 slli             x15, x15, 0x2       x15=0000000c x15:00000003
13644533ns          226720 1c008ba4 00d7f7b3 and              x15, x15, x13       x15=00000000 x15:0000000c x13:00001f80
13644553ns          226721 1c008ba6 ee873733 p.bclr           x14, x14, 23, 8     x14=00000018 x14:00000018
13644573ns          226722 1c008baa 1a10f6b7 lui              x13, 0x1a10f000     x13=1a10f000
13644593ns          226723 1c008bae 0ff57513 andi             x10, x10, 255       x10=0000000a x10:0000000a
13644613ns          226724 1c008bb2 00d70733 add              x14, x14, x13       x14=1a10f018 x14:00000018 x13:1a10f000
13644633ns          226725 1c008bb4 00a7e723 p.sw             x10, x0(x15)        x10:0000000a x15:00000000  PA:1a10f018
13644951ns          226741 1c008bb8 00000513 addi             x10, x0, 0          x10=00000000
13644971ns          226742 1c008bba 00008067 jalr             x0, x1, 0            x1:1c008c8a
13645031ns          226745 1c008c8a 31f52563 p.beqimm         x10, 778            x10:00000000
13645050ns          226746 1c008c8e 001d8d93 addi             x27, x27, 1         x27=00000024 x27:00000023
13645070ns          226747 1c008c90 00044503 lbu              x10, 0(x8)          x10=00000000  x8:1c000542  PA:1c000542
13645389ns          226763 1c008c94 00140413 addi             x8, x8, 1            x8=1c000543  x8:1c000542
13645408ns          226764 1c008c96 fe0514e3 bne              x10, x0, -24        x10:00000000
13645428ns          226765 1c008c98 01b00433 add              x8, x0, x27          x8=00000024 x27:00000024
13645448ns          226766 1c008c9a 00800533 add              x10, x0, x8         x10=00000024  x8:00000024
13645468ns          226767 1c008c9c 12c12083 lw               x1, 300(x2)          x1=1c008c28  x2:10001958  PA:10001a84
13645488ns          226768 1c008ca0 12812403 lw               x8, 296(x2)          x8=00000003  x2:10001958  PA:10001a80
13645508ns          226769 1c008ca4 12412483 lw               x9, 292(x2)          x9=00000000  x2:10001958  PA:10001a7c
13645528ns          226770 1c008ca8 12012903 lw               x18, 288(x2)        x18=00000000  x2:10001958  PA:10001a78
13645548ns          226771 1c008cac 11c12983 lw               x19, 284(x2)        x19=00000000  x2:10001958  PA:10001a74
13645806ns          226784 1c008cb0 11812a03 lw               x20, 280(x2)        x20=00000000  x2:10001958  PA:10001a70
13645846ns          226786 1c008cb4 11412a83 lw               x21, 276(x2)        x21=00000000  x2:10001958  PA:10001a6c
13645866ns          226787 1c008cb8 11012b03 lw               x22, 272(x2)        x22=00000000  x2:10001958  PA:10001a68
13645886ns          226788 1c008cbc 10c12b83 lw               x23, 268(x2)        x23=00000000  x2:10001958  PA:10001a64
13646323ns          226810 1c008cc0 10812c03 lw               x24, 264(x2)        x24=00000000  x2:10001958  PA:10001a60
13646363ns          226812 1c008cc4 10412c83 lw               x25, 260(x2)        x25=00000000  x2:10001958  PA:10001a5c
13646383ns          226813 1c008cc8 10012d03 lw               x26, 256(x2)        x26=00000000  x2:10001958  PA:10001a58
13646403ns          226814 1c008ccc 0fc12d83 lw               x27, 252(x2)        x27=00000000  x2:10001958  PA:10001a54
13646423ns          226815 1c008cce 13010113 addi             x2, x2, 304          x2=10001a88  x2:10001958
13646443ns          226816 1c008cd0 00008067 jalr             x0, x1, 0            x1:1c008c28
13646522ns          226820 1c008c28 01c12083 lw               x1, 28(x2)           x1=1c008254  x2:10001a88  PA:10001aa4
13646542ns          226821 1c008c2a 04010113 addi             x2, x2, 64           x2=10001ac8  x2:10001a88
13646582ns          226823 1c008c2c 00008067 jalr             x0, x1, 0            x1:1c008254
13647079ns          226848 1c008254 437010ef jal              x1, 7222             x1=1c008258
13647576ns          226873 1c009e8a f14027f3 csrrs            x15, x0, 0xf14      x15=00000003
13647596ns          226874 1c009e8e 01f00713 addi             x14, x0, 31         x14=0000001f
13648014ns          226895 1c009e90 ca5797b3 p.extractu       x15, x15, 5, 5      x15=00000000 x15:00000003
13648054ns          226897 1c009e94 00e78863 beq              x15, x14, 16        x15:00000000 x14:0000001f
13648073ns          226898 1c009e98 002047b7 lui              x15, 0x204000       x15=00204000
13648093ns          226899 1c009e9c 20078793 addi             x15, x15, 512       x15=00204200 x15:00204000
13648531ns          226921 1c009ea0 01c7e703 p.elw            x14, 28(x15)        x14=00010000 x15:00204200  PA:0020421c
13648730ns          226931 1c009ea4 00008067 jalr             x0, x1, 0            x1:1c008258
13649088ns          226949 1c008258 02040763 beq              x8, x0, 46           x8:00000003
13649108ns          226950 1c00825a 431010ef jal              x1, 7216             x1=1c00825e
13649625ns          226976 1c009e8a f14027f3 csrrs            x15, x0, 0xf14      x15=00000003
13649645ns          226977 1c009e8e 01f00713 addi             x14, x0, 31         x14=0000001f
13649665ns          226978 1c009e90 ca5797b3 p.extractu       x15, x15, 5, 5      x15=00000000 x15:00000003
13649684ns          226979 1c009e94 00e78863 beq              x15, x14, 16        x15:00000000 x14:0000001f
13649704ns          226980 1c009e98 002047b7 lui              x15, 0x204000       x15=00204000
13649724ns          226981 1c009e9c 20078793 addi             x15, x15, 512       x15=00204200 x15:00204000
13649744ns          226982 1c009ea0 01c7e703 p.elw            x14, 28(x15)        x14=00010000 x15:00204200  PA:0020421c
15310255ns          310035 1c009ea4 00008067 jalr             x0, x1, 0            x1:1c00825e
15310315ns          310038 1c00825e 52c12083 lw               x1, 1324(x2)         x1=1c009d5c  x2:10001ac8  PA:10001ff4
15310395ns          310042 1c008262 52812403 lw               x8, 1320(x2)         x8=00000000  x2:10001ac8  PA:10001ff0
15310415ns          310043 1c008266 52412483 lw               x9, 1316(x2)         x9=00000000  x2:10001ac8  PA:10001fec
15310435ns          310044 1c00826a 52012903 lw               x18, 1312(x2)       x18=00000000  x2:10001ac8  PA:10001fe8
15310856ns          310065 1c00826e 51c12983 lw               x19, 1308(x2)       x19=00000000  x2:10001ac8  PA:10001fe4
15310897ns          310067 1c008272 51812a03 lw               x20, 1304(x2)       x20=00000000  x2:10001ac8  PA:10001fe0
15310917ns          310068 1c008276 51412a83 lw               x21, 1300(x2)       x21=00000000  x2:10001ac8  PA:10001fdc
15310937ns          310069 1c00827a 51012b03 lw               x22, 1296(x2)       x22=00000000  x2:10001ac8  PA:10001fd8
15310957ns          310070 1c00827e 00100513 addi             x10, x0, 1          x10=00000001
15310997ns          310072 1c008280 53010113 addi             x2, x2, 1328         x2=10001ff8  x2:10001ac8
15311037ns          310074 1c008284 00008067 jalr             x0, x1, 0            x1:1c009d5c
15311117ns          310078 1c009d5c 01f00713 addi             x14, x0, 31         x14=0000001f
15311579ns          310101 1c009d5e f14027f3 csrrs            x15, x0, 0xf14      x15=00000003
15311619ns          310103 1c009d62 ca5797b3 p.extractu       x15, x15, 5, 5      x15=00000000 x15:00000003
15311639ns          310104 1c009d66 00e78863 beq              x15, x14, 16        x15:00000000 x14:0000001f
15311659ns          310105 1c009d6a 002047b7 lui              x15, 0x204000       x15=00204000
15312100ns          310127 1c009d6e 20078793 addi             x15, x15, 512       x15=00204200 x15:00204000
15312141ns          310129 1c009d72 01c7e703 p.elw            x14, 28(x15)        x14=00010000 x15:00204200  PA:0020421c
15312401ns          310142 1c009d76 f14027f3 csrrs            x15, x0, 0xf14      x15=00000003
15312421ns          310143 1c009d7a f457b7b3 p.bclr           x15, x15, 26, 5     x15=00000003 x15:00000003
15312442ns          310144 1c009d7e 00079963 bne              x15, x0, 18         x15:00000003
15313084ns          310176 1c009d90 002047b7 lui              x15, 0x204000       x15=00204000
15313124ns          310178 1c009d94 fff00713 addi             x14, x0, -1         x14=ffffffff
15313144ns          310179 1c009d96 00e7a223 sw               x14, 4(x15)         x14:ffffffff x15:00204000  PA:00204004
