                Time          Cycles PC       Instr    Mnemonic
13435351ns          216202 1c008080 000000b7 lui              x1, 0x0              x1=00000000
13435391ns          216204 1c008084 00000137 lui              x2, 0x0              x2=00000000
13435411ns          216205 1c008088 000001b7 lui              x3, 0x0              x3=00000000
13435431ns          216206 1c00808c 00000237 lui              x4, 0x0              x4=00000000
13435869ns          216228 1c008090 000002b7 lui              x5, 0x0              x5=00000000
13435908ns          216230 1c008094 00000337 lui              x6, 0x0              x6=00000000
13435928ns          216231 1c008098 000003b7 lui              x7, 0x0              x7=00000000
13435948ns          216232 1c00809c 00000437 lui              x8, 0x0              x8=00000000
13436386ns          216254 1c0080a0 000004b7 lui              x9, 0x0              x9=00000000
13436425ns          216256 1c0080a4 00000537 lui              x10, 0x0            x10=00000000
13436445ns          216257 1c0080a8 000005b7 lui              x11, 0x0            x11=00000000
13436465ns          216258 1c0080ac 00000637 lui              x12, 0x0            x12=00000000
13436923ns          216281 1c0080b0 000006b7 lui              x13, 0x0            x13=00000000
13436962ns          216283 1c0080b4 00000737 lui              x14, 0x0            x14=00000000
13436982ns          216284 1c0080b8 000007b7 lui              x15, 0x0            x15=00000000
13437002ns          216285 1c0080bc 00000837 lui              x16, 0x0            x16=00000000
13437440ns          216307 1c0080c0 000008b7 lui              x17, 0x0            x17=00000000
13437479ns          216309 1c0080c4 00000937 lui              x18, 0x0            x18=00000000
13437499ns          216310 1c0080c8 000009b7 lui              x19, 0x0            x19=00000000
13437519ns          216311 1c0080cc 00000a37 lui              x20, 0x0            x20=00000000
13437957ns          216333 1c0080d0 00000ab7 lui              x21, 0x0            x21=00000000
13437997ns          216335 1c0080d4 00000b37 lui              x22, 0x0            x22=00000000
13438016ns          216336 1c0080d8 00000bb7 lui              x23, 0x0            x23=00000000
13438036ns          216337 1c0080dc 00000c37 lui              x24, 0x0            x24=00000000
13438474ns          216359 1c0080e0 00000cb7 lui              x25, 0x0            x25=00000000
13438514ns          216361 1c0080e4 00000d37 lui              x26, 0x0            x26=00000000
13438534ns          216362 1c0080e8 00000db7 lui              x27, 0x0            x27=00000000
13438553ns          216363 1c0080ec 00000e37 lui              x28, 0x0            x28=00000000
13438991ns          216385 1c0080f0 00000eb7 lui              x29, 0x0            x29=00000000
13439031ns          216387 1c0080f4 00000f37 lui              x30, 0x0            x30=00000000
13439051ns          216388 1c0080f8 00000fb7 lui              x31, 0x0            x31=00000000
13439070ns          216389 1c0080fc 0700006f jal              x0, 112            
13439985ns          216435 1c00816c f1402573 csrrs            x10, x0, 0xf14      x10=00000004
13440443ns          216458 1c008170 01f57593 andi             x11, x10, 31        x11=00000004 x10:00000004
13440483ns          216460 1c008174 00555513 srli             x10, x10, 0x5       x10=00000000 x10:00000004
13440502ns          216461 1c008176 01f00613 addi             x12, x0, 31         x12=0000001f
13440522ns          216462 1c008178 00c50463 beq              x10, x12, 8         x10:00000000 x12:0000001f
13440542ns          216463 1c00817c f95ff06f jal              x0, -108           
13441437ns          216508 1c008110 f3ff8117 auipc            x2, 0xf3ff8000       x2=10000110
13441477ns          216510 1c008114 ef410113 addi             x2, x2, -268         x2=10000004  x2:10000110
13441497ns          216511 1c008118 00012103 lw               x2, 0(x2)            x2=10000008  x2:10000004  PA:10000004
13441517ns          216512 1c00811c 000011b7 lui              x3, 0x1000           x3=00001000
13441954ns          216534 1c008120 80018193 addi             x3, x3, -2048        x3=00000800  x3:00001000
13441994ns          216536 1c008124 00158593 addi             x11, x11, 1         x11=00000005 x11:00000004
13442014ns          216537 1c008128 02b180b3 mul              x1, x3, x11          x1=00002800  x3:00000800 x11:00000005
13442034ns          216538 1c00812c 00110133 add              x2, x2, x1           x2=10002808  x2:10000008  x1:00002800
13442471ns          216560 1c008130 3f30106f jal              x0, 7154           
13442929ns          216583 1c009d22 ff010113 addi             x2, x2, -16          x2=100027f8  x2:10002808
13442969ns          216585 1c009d24 00112623 sw               x1, 12(x2)           x1:00002800  x2:100027f8  PA:10002804
13442988ns          216586 1c009d26 002047b7 lui              x15, 0x204000       x15=00204000
13443008ns          216587 1c009d2a 00070737 lui              x14, 0x70000        x14=00070000
13443028ns          216588 1c009d2e 00e7a423 sw               x14, 8(x15)         x14:00070000 x15:00204000  PA:00204008
13443466ns          216610 1c009d30 0ff00713 addi             x14, x0, 255        x14=000000ff
13443506ns          216612 1c009d34 20078793 addi             x15, x15, 512       x15=00204200 x15:00204000
13443525ns          216613 1c009d38 00e7a023 sw               x14, 0(x15)         x14:000000ff x15:00204200  PA:00204200
13443585ns          216616 1c009d3c 00e7a623 sw               x14, 12(x15)        x14:000000ff x15:00204200  PA:0020420c
13443983ns          216636 1c009d40 01f00693 addi             x13, x0, 31         x13=0000001f
13444023ns          216638 1c009d42 f1402773 csrrs            x14, x0, 0xf14      x14=00000004
13444042ns          216639 1c009d46 ca571733 p.extractu       x14, x14, 5, 5      x14=00000000 x14:00000004
13444062ns          216640 1c009d4a 00d70463 beq              x14, x13, 8         x14:00000000 x13:0000001f
13444500ns          216662 1c009d4e 01c7e703 p.elw            x14, 28(x15)        x14=00010000 x15:00204200  PA:0020421c
13444679ns          216671 1c009d52 1c0017b7 lui              x15, 0x1c001000     x15=1c001000
13444699ns          216672 1c009d56 e347a783 lw               x15, -460(x15)      x15=1c0081c6 x15:1c001000  PA:1c000e34
13445256ns          216700 1c009d5a 000780e7 jalr             x1, x15, 0           x1=1c009d5c x15:1c0081c6
13445793ns          216727 1c0081c6 1c0007b7 lui              x15, 0x1c000000     x15=1c000000
13445813ns          216728 1c0081ca ad010113 addi             x2, x2, -1328        x2=100022c8  x2:100027f8
13446270ns          216751 1c0081ce 01c78793 addi             x15, x15, 28        x15=1c00001c x15:1c000000
13446310ns          216753 1c0081d2 52112623 sw               x1, 1324(x2)         x1:1c009d5c  x2:100022c8  PA:100027f4
13446330ns          216754 1c0081d6 52812423 sw               x8, 1320(x2)         x8:00000000  x2:100022c8  PA:100027f0
13446349ns          216755 1c0081da 52912223 sw               x9, 1316(x2)         x9:00000000  x2:100022c8  PA:100027ec
13446787ns          216777 1c0081de 53212023 sw               x18, 1312(x2)       x18:00000000  x2:100022c8  PA:100027e8
13446827ns          216779 1c0081e2 51312e23 sw               x19, 1308(x2)       x19:00000000  x2:100022c8  PA:100027e4
13446847ns          216780 1c0081e6 51412c23 sw               x20, 1304(x2)       x20:00000000  x2:100022c8  PA:100027e0
13446867ns          216781 1c0081ea 51512a23 sw               x21, 1300(x2)       x21:00000000  x2:100022c8  PA:100027dc
13447304ns          216803 1c0081ee 51612823 sw               x22, 1296(x2)       x22:00000000  x2:100022c8  PA:100027d8
13447324ns          216804 1c0081f2 01010713 addi             x14, x2, 16         x14=100022d8  x2:100022c8
13447344ns          216805 1c0081f4 28078613 addi             x12, x15, 640       x12=1c00029c x15:1c00001c
13447364ns          216806 1c0081f8 0287d0fb lp.setupi        0x1, 0x28, 0xf     
13447384ns          216807 1c0081fc 0007a883 lw               x17, 0(x15)         x17=0e590eac x15:1c00001c  PA:1c00001c
13447821ns          216829 1c008200 0047a803 lw               x16, 4(x15)         x16=009e0386 x15:1c00001c  PA:1c000020
13448279ns          216852 1c008204 0087a503 lw               x10, 8(x15)         x10=0eb50814 x15:1c00001c  PA:1c000024
13448597ns          216868 1c008206 00c7a583 lw               x11, 12(x15)        x11=02f60cd6 x15:1c00001c  PA:1c000028
13448935ns          216885 1c008208 01172023 sw               x17, 0(x14)         x17:0e590eac x14:100022d8  PA:100022d8
13448955ns          216886 1c00820c 01072223 sw               x16, 4(x14)         x16:009e0386 x14:100022d8  PA:100022dc
13448975ns          216887 1c008210 00a72423 sw               x10, 8(x14)         x10:0eb50814 x14:100022d8  PA:100022e0
13448995ns          216888 1c008212 00b72623 sw               x11, 12(x14)        x11:02f60cd6 x14:100022d8  PA:100022e4
13449014ns          216889 1c008214 01078793 addi             x15, x15, 16        x15=1c00002c x15:1c00001c
13449034ns          216890 1c008216 01070713 addi             x14, x14, 16        x14=100022e8 x14:100022d8
13449412ns          216909 1c0081fc 0007a883 lw               x17, 0(x15)         x17=0b450a59 x15:1c00002c  PA:1c00002c
13449810ns          216929 1c008200 0047a803 lw               x16, 4(x15)         x16=060c097a x15:1c00002c  PA:1c000030
13450228ns          216950 1c008204 0087a503 lw               x10, 8(x15)         x10=08700afa x15:1c00002c  PA:1c000034
13450625ns          216970 1c008206 00c7a583 lw               x11, 12(x15)        x11=02ba0d87 x15:1c00002c  PA:1c000038
13451023ns          216990 1c008208 01172023 sw               x17, 0(x14)         x17:0b450a59 x14:100022e8  PA:100022e8
13451043ns          216991 1c00820c 01072223 sw               x16, 4(x14)         x16:060c097a x14:100022e8  PA:100022ec
13451063ns          216992 1c008210 00a72423 sw               x10, 8(x14)         x10:08700afa x14:100022e8  PA:100022f0
13451083ns          216993 1c008212 00b72623 sw               x11, 12(x14)        x11:02ba0d87 x14:100022e8  PA:100022f4
13451103ns          216994 1c008214 01078793 addi             x15, x15, 16        x15=1c00003c x15:1c00002c
13451123ns          216995 1c008216 01070713 addi             x14, x14, 16        x14=100022f8 x14:100022e8
13451142ns          216996 1c0081fc 0007a883 lw               x17, 0(x15)         x17=0ccb0ef9 x15:1c00003c  PA:1c00003c
13451441ns          217011 1c008200 0047a803 lw               x16, 4(x15)         x16=0c44086a x15:1c00003c  PA:1c000040
13451739ns          217026 1c008204 0087a503 lw               x10, 8(x15)         x10=01f000cb x15:1c00003c  PA:1c000044
13452037ns          217041 1c008206 00c7a583 lw               x11, 12(x15)        x11=00770ef7 x15:1c00003c  PA:1c000048
13452336ns          217056 1c008208 01172023 sw               x17, 0(x14)         x17:0ccb0ef9 x14:100022f8  PA:100022f8
13452356ns          217057 1c00820c 01072223 sw               x16, 4(x14)         x16:0c44086a x14:100022f8  PA:100022fc
13452376ns          217058 1c008210 00a72423 sw               x10, 8(x14)         x10:01f000cb x14:100022f8  PA:10002300
13452395ns          217059 1c008212 00b72623 sw               x11, 12(x14)        x11:00770ef7 x14:100022f8  PA:10002304
13452415ns          217060 1c008214 01078793 addi             x15, x15, 16        x15=1c00004c x15:1c00003c
13452435ns          217061 1c008216 01070713 addi             x14, x14, 16        x14=10002308 x14:100022f8
13452455ns          217062 1c0081fc 0007a883 lw               x17, 0(x15)         x17=0a270eb9 x15:1c00004c  PA:1c00004c
13452773ns          217078 1c008200 0047a803 lw               x16, 4(x15)         x16=00370d49 x15:1c00004c  PA:1c000050
13453171ns          217098 1c008204 0087a503 lw               x10, 8(x15)         x10=0af30b46 x15:1c00004c  PA:1c000054
13453569ns          217118 1c008206 00c7a583 lw               x11, 12(x15)        x11=049001e8 x15:1c00004c  PA:1c000058
13453986ns          217139 1c008208 01172023 sw               x17, 0(x14)         x17:0a270eb9 x14:10002308  PA:10002308
13454006ns          217140 1c00820c 01072223 sw               x16, 4(x14)         x16:00370d49 x14:10002308  PA:1000230c
13454026ns          217141 1c008210 00a72423 sw               x10, 8(x14)         x10:0af30b46 x14:10002308  PA:10002310
13454046ns          217142 1c008212 00b72623 sw               x11, 12(x14)        x11:049001e8 x14:10002308  PA:10002314
13454066ns          217143 1c008214 01078793 addi             x15, x15, 16        x15=1c00005c x15:1c00004c
13454086ns          217144 1c008216 01070713 addi             x14, x14, 16        x14=10002318 x14:10002308
13454106ns          217145 1c0081fc 0007a883 lw               x17, 0(x15)         x17=08d200d0 x15:1c00005c  PA:1c00005c
13454404ns          217160 1c008200 0047a803 lw               x16, 4(x15)         x16=0f0d0354 x15:1c00005c  PA:1c000060
13454702ns          217175 1c008204 0087a503 lw               x10, 8(x15)         x10=087a0ca7 x15:1c00005c  PA:1c000064
13455001ns          217190 1c008206 00c7a583 lw               x11, 12(x15)        x11=0f4f002c x15:1c00005c  PA:1c000068
13455299ns          217205 1c008208 01172023 sw               x17, 0(x14)         x17:08d200d0 x14:10002318  PA:10002318
13455319ns          217206 1c00820c 01072223 sw               x16, 4(x14)         x16:0f0d0354 x14:10002318  PA:1000231c
13455339ns          217207 1c008210 00a72423 sw               x10, 8(x14)         x10:087a0ca7 x14:10002318  PA:10002320
13455359ns          217208 1c008212 00b72623 sw               x11, 12(x14)        x11:0f4f002c x14:10002318  PA:10002324
13455379ns          217209 1c008214 01078793 addi             x15, x15, 16        x15=1c00006c x15:1c00005c
13455399ns          217210 1c008216 01070713 addi             x14, x14, 16        x14=10002328 x14:10002318
13455418ns          217211 1c0081fc 0007a883 lw               x17, 0(x15)         x17=02620649 x15:1c00006c  PA:1c00006c
13455717ns          217226 1c008200 0047a803 lw               x16, 4(x15)         x16=0c740657 x15:1c00006c  PA:1c000070
13456114ns          217246 1c008204 0087a503 lw               x10, 8(x15)         x10=02d10a02 x15:1c00006c  PA:1c000074
13456532ns          217267 1c008206 00c7a583 lw               x11, 12(x15)        x11=01740b50 x15:1c00006c  PA:1c000078
13456930ns          217287 1c008208 01172023 sw               x17, 0(x14)         x17:02620649 x14:10002328  PA:10002328
13456950ns          217288 1c00820c 01072223 sw               x16, 4(x14)         x16:0c740657 x14:10002328  PA:1000232c
13456970ns          217289 1c008210 00a72423 sw               x10, 8(x14)         x10:02d10a02 x14:10002328  PA:10002330
13456990ns          217290 1c008212 00b72623 sw               x11, 12(x14)        x11:01740b50 x14:10002328  PA:10002334
13457009ns          217291 1c008214 01078793 addi             x15, x15, 16        x15=1c00007c x15:1c00006c
13457029ns          217292 1c008216 01070713 addi             x14, x14, 16        x14=10002338 x14:10002328
13457049ns          217293 1c0081fc 0007a883 lw               x17, 0(x15)         x17=0c0c0778 x15:1c00007c  PA:1c00007c
13457348ns          217308 1c008200 0047a803 lw               x16, 4(x15)         x16=0ef400c1 x15:1c00007c  PA:1c000080
13457646ns          217323 1c008204 0087a503 lw               x10, 8(x15)         x10=04780790 x15:1c00007c  PA:1c000084
13457944ns          217338 1c008206 00c7a583 lw               x11, 12(x15)        x11=0b29036f x15:1c00007c  PA:1c000088
13458243ns          217353 1c008208 01172023 sw               x17, 0(x14)         x17:0c0c0778 x14:10002338  PA:10002338
13458262ns          217354 1c00820c 01072223 sw               x16, 4(x14)         x16:0ef400c1 x14:10002338  PA:1000233c
13458282ns          217355 1c008210 00a72423 sw               x10, 8(x14)         x10:04780790 x14:10002338  PA:10002340
13458302ns          217356 1c008212 00b72623 sw               x11, 12(x14)        x11:0b29036f x14:10002338  PA:10002344
13458322ns          217357 1c008214 01078793 addi             x15, x15, 16        x15=1c00008c x15:1c00007c
13458342ns          217358 1c008216 01070713 addi             x14, x14, 16        x14=10002348 x14:10002338
13458362ns          217359 1c0081fc 0007a883 lw               x17, 0(x15)         x17=05ce0329 x15:1c00008c  PA:1c00008c
13458660ns          217374 1c008200 0047a803 lw               x16, 4(x15)         x16=07bc0b75 x15:1c00008c  PA:1c000090
13458998ns          217391 1c008204 0087a503 lw               x10, 8(x15)         x10=0a9f079e x15:1c00008c  PA:1c000094
13459416ns          217412 1c008206 00c7a583 lw               x11, 12(x15)        x11=018e0819 x15:1c00008c  PA:1c000098
13459814ns          217432 1c008208 01172023 sw               x17, 0(x14)         x17:05ce0329 x14:10002348  PA:10002348
13459834ns          217433 1c00820c 01072223 sw               x16, 4(x14)         x16:07bc0b75 x14:10002348  PA:1000234c
13459853ns          217434 1c008210 00a72423 sw               x10, 8(x14)         x10:0a9f079e x14:10002348  PA:10002350
13459873ns          217435 1c008212 00b72623 sw               x11, 12(x14)        x11:018e0819 x14:10002348  PA:10002354
13459893ns          217436 1c008214 01078793 addi             x15, x15, 16        x15=1c00009c x15:1c00008c
13459913ns          217437 1c008216 01070713 addi             x14, x14, 16        x14=10002358 x14:10002348
13459933ns          217438 1c0081fc 0007a883 lw               x17, 0(x15)         x17=0cbf0b8d x15:1c00009c  PA:1c00009c
13460231ns          217453 1c008200 0047a803 lw               x16, 4(x15)         x16=0b0005ee x15:1c00009c  PA:1c0000a0
13460589ns          217471 1c008204 0087a503 lw               x10, 8(x15)         x10=094a0b4e x15:1c00009c  PA:1c0000a4
13460987ns          217491 1c008206 00c7a583 lw               x11, 12(x15)        x11=03d006b2 x15:1c00009c  PA:1c0000a8
13461385ns          217511 1c008208 01172023 sw               x17, 0(x14)         x17:0cbf0b8d x14:10002358  PA:10002358
13461405ns          217512 1c00820c 01072223 sw               x16, 4(x14)         x16:0b0005ee x14:10002358  PA:1000235c
13461425ns          217513 1c008210 00a72423 sw               x10, 8(x14)         x10:094a0b4e x14:10002358  PA:10002360
13461444ns          217514 1c008212 00b72623 sw               x11, 12(x14)        x11:03d006b2 x14:10002358  PA:10002364
13461464ns          217515 1c008214 01078793 addi             x15, x15, 16        x15=1c0000ac x15:1c00009c
13461484ns          217516 1c008216 01070713 addi             x14, x14, 16        x14=10002368 x14:10002358
13461504ns          217517 1c0081fc 0007a883 lw               x17, 0(x15)         x17=0f0f0fd0 x15:1c0000ac  PA:1c0000ac
13461822ns          217533 1c008200 0047a803 lw               x16, 4(x15)         x16=0a8801c9 x15:1c0000ac  PA:1c0000b0
13462121ns          217548 1c008204 0087a503 lw               x10, 8(x15)         x10=06140441 x15:1c0000ac  PA:1c0000b4
13462419ns          217563 1c008206 00c7a583 lw               x11, 12(x15)        x11=0c62004b x15:1c0000ac  PA:1c0000b8
13462717ns          217578 1c008208 01172023 sw               x17, 0(x14)         x17:0f0f0fd0 x14:10002368  PA:10002368
13462737ns          217579 1c00820c 01072223 sw               x16, 4(x14)         x16:0a8801c9 x14:10002368  PA:1000236c
13462757ns          217580 1c008210 00a72423 sw               x10, 8(x14)         x10:06140441 x14:10002368  PA:10002370
13462777ns          217581 1c008212 00b72623 sw               x11, 12(x14)        x11:0c62004b x14:10002368  PA:10002374
13462797ns          217582 1c008214 01078793 addi             x15, x15, 16        x15=1c0000bc x15:1c0000ac
13462817ns          217583 1c008216 01070713 addi             x14, x14, 16        x14=10002378 x14:10002368
13462837ns          217584 1c0081fc 0007a883 lw               x17, 0(x15)         x17=0d5d0649 x15:1c0000bc  PA:1c0000bc
13463155ns          217600 1c008200 0047a803 lw               x16, 4(x15)         x16=01f50d4f x15:1c0000bc  PA:1c0000c0
13463513ns          217618 1c008204 0087a503 lw               x10, 8(x15)         x10=0f020523 x15:1c0000bc  PA:1c0000c4
13463911ns          217638 1c008206 00c7a583 lw               x11, 12(x15)        x11=03c608aa x15:1c0000bc  PA:1c0000c8
13464308ns          217658 1c008208 01172023 sw               x17, 0(x14)         x17:0d5d0649 x14:10002378  PA:10002378
13464328ns          217659 1c00820c 01072223 sw               x16, 4(x14)         x16:01f50d4f x14:10002378  PA:1000237c
13464348ns          217660 1c008210 00a72423 sw               x10, 8(x14)         x10:0f020523 x14:10002378  PA:10002380
13464368ns          217661 1c008212 00b72623 sw               x11, 12(x14)        x11:03c608aa x14:10002378  PA:10002384
13464388ns          217662 1c008214 01078793 addi             x15, x15, 16        x15=1c0000cc x15:1c0000bc
13464408ns          217663 1c008216 01070713 addi             x14, x14, 16        x14=10002388 x14:10002378
13464428ns          217664 1c0081fc 0007a883 lw               x17, 0(x15)         x17=004909b8 x15:1c0000cc  PA:1c0000cc
13464726ns          217679 1c008200 0047a803 lw               x16, 4(x15)         x16=01430185 x15:1c0000cc  PA:1c0000d0
13465024ns          217694 1c008204 0087a503 lw               x10, 8(x15)         x10=0253007a x15:1c0000cc  PA:1c0000d4
13465323ns          217709 1c008206 00c7a583 lw               x11, 12(x15)        x11=07d70eb3 x15:1c0000cc  PA:1c0000d8
13465621ns          217724 1c008208 01172023 sw               x17, 0(x14)         x17:004909b8 x14:10002388  PA:10002388
13465641ns          217725 1c00820c 01072223 sw               x16, 4(x14)         x16:01430185 x14:10002388  PA:1000238c
13465661ns          217726 1c008210 00a72423 sw               x10, 8(x14)         x10:0253007a x14:10002388  PA:10002390
13465681ns          217727 1c008212 00b72623 sw               x11, 12(x14)        x11:07d70eb3 x14:10002388  PA:10002394
13465701ns          217728 1c008214 01078793 addi             x15, x15, 16        x15=1c0000dc x15:1c0000cc
13465720ns          217729 1c008216 01070713 addi             x14, x14, 16        x14=10002398 x14:10002388
13465740ns          217730 1c0081fc 0007a883 lw               x17, 0(x15)         x17=0c4b0938 x15:1c0000dc  PA:1c0000dc
13466078ns          217747 1c008200 0047a803 lw               x16, 4(x15)         x16=0fff047a x15:1c0000dc  PA:1c0000e0
13466476ns          217767 1c008204 0087a503 lw               x10, 8(x15)         x10=02de0f03 x15:1c0000dc  PA:1c0000e4
13466874ns          217787 1c008206 00c7a583 lw               x11, 12(x15)        x11=04dc0393 x15:1c0000dc  PA:1c0000e8
13467292ns          217808 1c008208 01172023 sw               x17, 0(x14)         x17:0c4b0938 x14:10002398  PA:10002398
13467311ns          217809 1c00820c 01072223 sw               x16, 4(x14)         x16:0fff047a x14:10002398  PA:1000239c
13467331ns          217810 1c008210 00a72423 sw               x10, 8(x14)         x10:02de0f03 x14:10002398  PA:100023a0
13467351ns          217811 1c008212 00b72623 sw               x11, 12(x14)        x11:04dc0393 x14:10002398  PA:100023a4
13467371ns          217812 1c008214 01078793 addi             x15, x15, 16        x15=1c0000ec x15:1c0000dc
13467391ns          217813 1c008216 01070713 addi             x14, x14, 16        x14=100023a8 x14:10002398
13467411ns          217814 1c0081fc 0007a883 lw               x17, 0(x15)         x17=0e1807a5 x15:1c0000ec  PA:1c0000ec
13467749ns          217831 1c008200 0047a803 lw               x16, 4(x15)         x16=090e009d x15:1c0000ec  PA:1c0000f0
13468147ns          217851 1c008204 0087a503 lw               x10, 8(x15)         x10=0c9c0004 x15:1c0000ec  PA:1c0000f4
13468564ns          217872 1c008206 00c7a583 lw               x11, 12(x15)        x11=068d0927 x15:1c0000ec  PA:1c0000f8
13468902ns          217889 1c008208 01172023 sw               x17, 0(x14)         x17:0e1807a5 x14:100023a8  PA:100023a8
13468922ns          217890 1c00820c 01072223 sw               x16, 4(x14)         x16:090e009d x14:100023a8  PA:100023ac
13468942ns          217891 1c008210 00a72423 sw               x10, 8(x14)         x10:0c9c0004 x14:100023a8  PA:100023b0
13468962ns          217892 1c008212 00b72623 sw               x11, 12(x14)        x11:068d0927 x14:100023a8  PA:100023b4
13468982ns          217893 1c008214 01078793 addi             x15, x15, 16        x15=1c0000fc x15:1c0000ec
13469002ns          217894 1c008216 01070713 addi             x14, x14, 16        x14=100023b8 x14:100023a8
13469022ns          217895 1c0081fc 0007a883 lw               x17, 0(x15)         x17=005c05f9 x15:1c0000fc  PA:1c0000fc
13469320ns          217910 1c008200 0047a803 lw               x16, 4(x15)         x16=0fa7077f x15:1c0000fc  PA:1c000100
13469618ns          217925 1c008204 0087a503 lw               x10, 8(x15)         x10=00e205e8 x15:1c0000fc  PA:1c000104
13469917ns          217940 1c008206 00c7a583 lw               x11, 12(x15)        x11=00b1007e x15:1c0000fc  PA:1c000108
13470215ns          217955 1c008208 01172023 sw               x17, 0(x14)         x17:005c05f9 x14:100023b8  PA:100023b8
13470235ns          217956 1c00820c 01072223 sw               x16, 4(x14)         x16:0fa7077f x14:100023b8  PA:100023bc
13470255ns          217957 1c008210 00a72423 sw               x10, 8(x14)         x10:00e205e8 x14:100023b8  PA:100023c0
13470275ns          217958 1c008212 00b72623 sw               x11, 12(x14)        x11:00b1007e x14:100023b8  PA:100023c4
13470295ns          217959 1c008214 01078793 addi             x15, x15, 16        x15=1c00010c x15:1c0000fc
13470315ns          217960 1c008216 01070713 addi             x14, x14, 16        x14=100023c8 x14:100023b8
13470334ns          217961 1c0081fc 0007a883 lw               x17, 0(x15)         x17=042c0bb9 x15:1c00010c  PA:1c00010c
13470633ns          217976 1c008200 0047a803 lw               x16, 4(x15)         x16=0365082e x15:1c00010c  PA:1c000110
13470931ns          217991 1c008204 0087a503 lw               x10, 8(x15)         x10=01ea0ee3 x15:1c00010c  PA:1c000114
13471309ns          218010 1c008206 00c7a583 lw               x11, 12(x15)        x11=0ed10e70 x15:1c00010c  PA:1c000118
13471647ns          218027 1c008208 01172023 sw               x17, 0(x14)         x17:042c0bb9 x14:100023c8  PA:100023c8
13471667ns          218028 1c00820c 01072223 sw               x16, 4(x14)         x16:0365082e x14:100023c8  PA:100023cc
13471687ns          218029 1c008210 00a72423 sw               x10, 8(x14)         x10:01ea0ee3 x14:100023c8  PA:100023d0
13471707ns          218030 1c008212 00b72623 sw               x11, 12(x14)        x11:0ed10e70 x14:100023c8  PA:100023d4
13471727ns          218031 1c008214 01078793 addi             x15, x15, 16        x15=1c00011c x15:1c00010c
13471746ns          218032 1c008216 01070713 addi             x14, x14, 16        x14=100023d8 x14:100023c8
13471766ns          218033 1c0081fc 0007a883 lw               x17, 0(x15)         x17=0958082a x15:1c00011c  PA:1c00011c
13472065ns          218048 1c008200 0047a803 lw               x16, 4(x15)         x16=0d870007 x15:1c00011c  PA:1c000120
13472383ns          218064 1c008204 0087a503 lw               x10, 8(x15)         x10=0aab0fee x15:1c00011c  PA:1c000124
13472681ns          218079 1c008206 00c7a583 lw               x11, 12(x15)        x11=060e0a24 x15:1c00011c  PA:1c000128
13472980ns          218094 1c008208 01172023 sw               x17, 0(x14)         x17:0958082a x14:100023d8  PA:100023d8
13472999ns          218095 1c00820c 01072223 sw               x16, 4(x14)         x16:0d870007 x14:100023d8  PA:100023dc
13473019ns          218096 1c008210 00a72423 sw               x10, 8(x14)         x10:0aab0fee x14:100023d8  PA:100023e0
13473039ns          218097 1c008212 00b72623 sw               x11, 12(x14)        x11:060e0a24 x14:100023d8  PA:100023e4
13473059ns          218098 1c008214 01078793 addi             x15, x15, 16        x15=1c00012c x15:1c00011c
13473079ns          218099 1c008216 01070713 addi             x14, x14, 16        x14=100023e8 x14:100023d8
13473099ns          218100 1c0081fc 0007a883 lw               x17, 0(x15)         x17=07370a46 x15:1c00012c  PA:1c00012c
13473397ns          218115 1c008200 0047a803 lw               x16, 4(x15)         x16=089e0b7f x15:1c00012c  PA:1c000130
13473715ns          218131 1c008204 0087a503 lw               x10, 8(x15)         x10=032f0eb2 x15:1c00012c  PA:1c000134
13474014ns          218146 1c008206 00c7a583 lw               x11, 12(x15)        x11=012a0bf8 x15:1c00012c  PA:1c000138
13474312ns          218161 1c008208 01172023 sw               x17, 0(x14)         x17:07370a46 x14:100023e8  PA:100023e8
13474332ns          218162 1c00820c 01072223 sw               x16, 4(x14)         x16:089e0b7f x14:100023e8  PA:100023ec
13474352ns          218163 1c008210 00a72423 sw               x10, 8(x14)         x10:032f0eb2 x14:100023e8  PA:100023f0
13474372ns          218164 1c008212 00b72623 sw               x11, 12(x14)        x11:012a0bf8 x14:100023e8  PA:100023f4
13474392ns          218165 1c008214 01078793 addi             x15, x15, 16        x15=1c00013c x15:1c00012c
13474411ns          218166 1c008216 01070713 addi             x14, x14, 16        x14=100023f8 x14:100023e8
13474431ns          218167 1c0081fc 0007a883 lw               x17, 0(x15)         x17=0ab40457 x15:1c00013c  PA:1c00013c
13474730ns          218182 1c008200 0047a803 lw               x16, 4(x15)         x16=09690854 x15:1c00013c  PA:1c000140
13475048ns          218198 1c008204 0087a503 lw               x10, 8(x15)         x10=02f70223 x15:1c00013c  PA:1c000144
13475346ns          218213 1c008206 00c7a583 lw               x11, 12(x15)        x11=074103fb x15:1c00013c  PA:1c000148
13475645ns          218228 1c008208 01172023 sw               x17, 0(x14)         x17:0ab40457 x14:100023f8  PA:100023f8
13475664ns          218229 1c00820c 01072223 sw               x16, 4(x14)         x16:09690854 x14:100023f8  PA:100023fc
13475684ns          218230 1c008210 00a72423 sw               x10, 8(x14)         x10:02f70223 x14:100023f8  PA:10002400
13475704ns          218231 1c008212 00b72623 sw               x11, 12(x14)        x11:074103fb x14:100023f8  PA:10002404
13475724ns          218232 1c008214 01078793 addi             x15, x15, 16        x15=1c00014c x15:1c00013c
13475744ns          218233 1c008216 01070713 addi             x14, x14, 16        x14=10002408 x14:100023f8
13475764ns          218234 1c0081fc 0007a883 lw               x17, 0(x15)         x17=08140ff9 x15:1c00014c  PA:1c00014c
13476062ns          218249 1c008200 0047a803 lw               x16, 4(x15)         x16=00310b98 x15:1c00014c  PA:1c000150
13476380ns          218265 1c008204 0087a503 lw               x10, 8(x15)         x10=05000b2b x15:1c00014c  PA:1c000154
13476679ns          218280 1c008206 00c7a583 lw               x11, 12(x15)        x11=01cc042b x15:1c00014c  PA:1c000158
13476977ns          218295 1c008208 01172023 sw               x17, 0(x14)         x17:08140ff9 x14:10002408  PA:10002408
13476997ns          218296 1c00820c 01072223 sw               x16, 4(x14)         x16:00310b98 x14:10002408  PA:1000240c
13477017ns          218297 1c008210 00a72423 sw               x10, 8(x14)         x10:05000b2b x14:10002408  PA:10002410
13477037ns          218298 1c008212 00b72623 sw               x11, 12(x14)        x11:01cc042b x14:10002408  PA:10002414
13477057ns          218299 1c008214 01078793 addi             x15, x15, 16        x15=1c00015c x15:1c00014c
13477076ns          218300 1c008216 01070713 addi             x14, x14, 16        x14=10002418 x14:10002408
13477096ns          218301 1c0081fc 0007a883 lw               x17, 0(x15)         x17=07110ae2 x15:1c00015c  PA:1c00015c
13477415ns          218317 1c008200 0047a803 lw               x16, 4(x15)         x16=059c084f x15:1c00015c  PA:1c000160
13477832ns          218338 1c008204 0087a503 lw               x10, 8(x15)         x10=03ad0f69 x15:1c00015c  PA:1c000164
13478230ns          218358 1c008206 00c7a583 lw               x11, 12(x15)        x11=09bd0399 x15:1c00015c  PA:1c000168
13478568ns          218375 1c008208 01172023 sw               x17, 0(x14)         x17:07110ae2 x14:10002418  PA:10002418
13478588ns          218376 1c00820c 01072223 sw               x16, 4(x14)         x16:059c084f x14:10002418  PA:1000241c
13478608ns          218377 1c008210 00a72423 sw               x10, 8(x14)         x10:03ad0f69 x14:10002418  PA:10002420
13478628ns          218378 1c008212 00b72623 sw               x11, 12(x14)        x11:09bd0399 x14:10002418  PA:10002424
13478648ns          218379 1c008214 01078793 addi             x15, x15, 16        x15=1c00016c x15:1c00015c
13478667ns          218380 1c008216 01070713 addi             x14, x14, 16        x14=10002428 x14:10002418
13478687ns          218381 1c0081fc 0007a883 lw               x17, 0(x15)         x17=064d0eb9 x15:1c00016c  PA:1c00016c
13479006ns          218397 1c008200 0047a803 lw               x16, 4(x15)         x16=05b60fc4 x15:1c00016c  PA:1c000170
13479304ns          218412 1c008204 0087a503 lw               x10, 8(x15)         x10=0aa40834 x15:1c00016c  PA:1c000174
13479602ns          218427 1c008206 00c7a583 lw               x11, 12(x15)        x11=021e0fcc x15:1c00016c  PA:1c000178
13479901ns          218442 1c008208 01172023 sw               x17, 0(x14)         x17:064d0eb9 x14:10002428  PA:10002428
13479920ns          218443 1c00820c 01072223 sw               x16, 4(x14)         x16:05b60fc4 x14:10002428  PA:1000242c
13479940ns          218444 1c008210 00a72423 sw               x10, 8(x14)         x10:0aa40834 x14:10002428  PA:10002430
13479960ns          218445 1c008212 00b72623 sw               x11, 12(x14)        x11:021e0fcc x14:10002428  PA:10002434
13479980ns          218446 1c008214 01078793 addi             x15, x15, 16        x15=1c00017c x15:1c00016c
13480000ns          218447 1c008216 01070713 addi             x14, x14, 16        x14=10002438 x14:10002428
13480020ns          218448 1c0081fc 0007a883 lw               x17, 0(x15)         x17=074f0a77 x15:1c00017c  PA:1c00017c
13480338ns          218464 1c008200 0047a803 lw               x16, 4(x15)         x16=0a3203d7 x15:1c00017c  PA:1c000180
13480636ns          218479 1c008204 0087a503 lw               x10, 8(x15)         x10=0c8a0c36 x15:1c00017c  PA:1c000184
13480935ns          218494 1c008206 00c7a583 lw               x11, 12(x15)        x11=01b2008a x15:1c00017c  PA:1c000188
13481233ns          218509 1c008208 01172023 sw               x17, 0(x14)         x17:074f0a77 x14:10002438  PA:10002438
13481253ns          218510 1c00820c 01072223 sw               x16, 4(x14)         x16:0a3203d7 x14:10002438  PA:1000243c
13481273ns          218511 1c008210 00a72423 sw               x10, 8(x14)         x10:0c8a0c36 x14:10002438  PA:10002440
13481293ns          218512 1c008212 00b72623 sw               x11, 12(x14)        x11:01b2008a x14:10002438  PA:10002444
13481313ns          218513 1c008214 01078793 addi             x15, x15, 16        x15=1c00018c x15:1c00017c
13481332ns          218514 1c008216 01070713 addi             x14, x14, 16        x14=10002448 x14:10002438
13481352ns          218515 1c0081fc 0007a883 lw               x17, 0(x15)         x17=071b083b x15:1c00018c  PA:1c00018c
13481690ns          218532 1c008200 0047a803 lw               x16, 4(x15)         x16=05a406b3 x15:1c00018c  PA:1c000190
13482088ns          218552 1c008204 0087a503 lw               x10, 8(x15)         x10=08140669 x15:1c00018c  PA:1c000194
13482486ns          218572 1c008206 00c7a583 lw               x11, 12(x15)        x11=00560888 x15:1c00018c  PA:1c000198
13482824ns          218589 1c008208 01172023 sw               x17, 0(x14)         x17:071b083b x14:10002448  PA:10002448
13482844ns          218590 1c00820c 01072223 sw               x16, 4(x14)         x16:05a406b3 x14:10002448  PA:1000244c
13482864ns          218591 1c008210 00a72423 sw               x10, 8(x14)         x10:08140669 x14:10002448  PA:10002450
13482884ns          218592 1c008212 00b72623 sw               x11, 12(x14)        x11:00560888 x14:10002448  PA:10002454
13482904ns          218593 1c008214 01078793 addi             x15, x15, 16        x15=1c00019c x15:1c00018c
13482924ns          218594 1c008216 01070713 addi             x14, x14, 16        x14=10002458 x14:10002448
13482943ns          218595 1c0081fc 0007a883 lw               x17, 0(x15)         x17=02440471 x15:1c00019c  PA:1c00019c
13483262ns          218611 1c008200 0047a803 lw               x16, 4(x15)         x16=038d0bcc x15:1c00019c  PA:1c0001a0
13483560ns          218626 1c008204 0087a503 lw               x10, 8(x15)         x10=088f0530 x15:1c00019c  PA:1c0001a4
13483858ns          218641 1c008206 00c7a583 lw               x11, 12(x15)        x11=0cc60773 x15:1c00019c  PA:1c0001a8
13484157ns          218656 1c008208 01172023 sw               x17, 0(x14)         x17:02440471 x14:10002458  PA:10002458
13484176ns          218657 1c00820c 01072223 sw               x16, 4(x14)         x16:038d0bcc x14:10002458  PA:1000245c
13484196ns          218658 1c008210 00a72423 sw               x10, 8(x14)         x10:088f0530 x14:10002458  PA:10002460
13484216ns          218659 1c008212 00b72623 sw               x11, 12(x14)        x11:0cc60773 x14:10002458  PA:10002464
13484236ns          218660 1c008214 01078793 addi             x15, x15, 16        x15=1c0001ac x15:1c00019c
13484256ns          218661 1c008216 01070713 addi             x14, x14, 16        x14=10002468 x14:10002458
13484276ns          218662 1c0081fc 0007a883 lw               x17, 0(x15)         x17=08ef078f x15:1c0001ac  PA:1c0001ac
13484614ns          218679 1c008200 0047a803 lw               x16, 4(x15)         x16=05b60f41 x15:1c0001ac  PA:1c0001b0
13484932ns          218695 1c008204 0087a503 lw               x10, 8(x15)         x10=0df701be x15:1c0001ac  PA:1c0001b4
13485330ns          218715 1c008206 00c7a583 lw               x11, 12(x15)        x11=02e00468 x15:1c0001ac  PA:1c0001b8
13485688ns          218733 1c008208 01172023 sw               x17, 0(x14)         x17:08ef078f x14:10002468  PA:10002468
13485708ns          218734 1c00820c 01072223 sw               x16, 4(x14)         x16:05b60f41 x14:10002468  PA:1000246c
13485728ns          218735 1c008210 00a72423 sw               x10, 8(x14)         x10:0df701be x14:10002468  PA:10002470
13485748ns          218736 1c008212 00b72623 sw               x11, 12(x14)        x11:02e00468 x14:10002468  PA:10002474
13485768ns          218737 1c008214 01078793 addi             x15, x15, 16        x15=1c0001bc x15:1c0001ac
13485787ns          218738 1c008216 01070713 addi             x14, x14, 16        x14=10002478 x14:10002468
13485807ns          218739 1c0081fc 0007a883 lw               x17, 0(x15)         x17=00a00039 x15:1c0001bc  PA:1c0001bc
13486106ns          218754 1c008200 0047a803 lw               x16, 4(x15)         x16=0b8a045e x15:1c0001bc  PA:1c0001c0
13486483ns          218773 1c008204 0087a503 lw               x10, 8(x15)         x10=04e705ed x15:1c0001bc  PA:1c0001c4
13486901ns          218794 1c008206 00c7a583 lw               x11, 12(x15)        x11=0d790820 x15:1c0001bc  PA:1c0001c8
13487259ns          218812 1c008208 01172023 sw               x17, 0(x14)         x17:00a00039 x14:10002478  PA:10002478
13487279ns          218813 1c00820c 01072223 sw               x16, 4(x14)         x16:0b8a045e x14:10002478  PA:1000247c
13487299ns          218814 1c008210 00a72423 sw               x10, 8(x14)         x10:04e705ed x14:10002478  PA:10002480
13487319ns          218815 1c008212 00b72623 sw               x11, 12(x14)        x11:0d790820 x14:10002478  PA:10002484
13487339ns          218816 1c008214 01078793 addi             x15, x15, 16        x15=1c0001cc x15:1c0001bc
13487359ns          218817 1c008216 01070713 addi             x14, x14, 16        x14=10002488 x14:10002478
13487378ns          218818 1c0081fc 0007a883 lw               x17, 0(x15)         x17=009f0cf4 x15:1c0001cc  PA:1c0001cc
13487677ns          218833 1c008200 0047a803 lw               x16, 4(x15)         x16=08180752 x15:1c0001cc  PA:1c0001d0
13487975ns          218848 1c008204 0087a503 lw               x10, 8(x15)         x10=02c50035 x15:1c0001cc  PA:1c0001d4
13488293ns          218864 1c008206 00c7a583 lw               x11, 12(x15)        x11=0b5c0d17 x15:1c0001cc  PA:1c0001d8
13488592ns          218879 1c008208 01172023 sw               x17, 0(x14)         x17:009f0cf4 x14:10002488  PA:10002488
13488611ns          218880 1c00820c 01072223 sw               x16, 4(x14)         x16:08180752 x14:10002488  PA:1000248c
13488631ns          218881 1c008210 00a72423 sw               x10, 8(x14)         x10:02c50035 x14:10002488  PA:10002490
13488651ns          218882 1c008212 00b72623 sw               x11, 12(x14)        x11:0b5c0d17 x14:10002488  PA:10002494
13488671ns          218883 1c008214 01078793 addi             x15, x15, 16        x15=1c0001dc x15:1c0001cc
13488691ns          218884 1c008216 01070713 addi             x14, x14, 16        x14=10002498 x14:10002488
13488711ns          218885 1c0081fc 0007a883 lw               x17, 0(x15)         x17=09c90594 x15:1c0001dc  PA:1c0001dc
13489009ns          218900 1c008200 0047a803 lw               x16, 4(x15)         x16=0bff0adc x15:1c0001dc  PA:1c0001e0
13489327ns          218916 1c008204 0087a503 lw               x10, 8(x15)         x10=06ae08de x15:1c0001dc  PA:1c0001e4
13489745ns          218937 1c008206 00c7a583 lw               x11, 12(x15)        x11=0c390dc8 x15:1c0001dc  PA:1c0001e8
13490143ns          218957 1c008208 01172023 sw               x17, 0(x14)         x17:09c90594 x14:10002498  PA:10002498
13490163ns          218958 1c00820c 01072223 sw               x16, 4(x14)         x16:0bff0adc x14:10002498  PA:1000249c
13490183ns          218959 1c008210 00a72423 sw               x10, 8(x14)         x10:06ae08de x14:10002498  PA:100024a0
13490203ns          218960 1c008212 00b72623 sw               x11, 12(x14)        x11:0c390dc8 x14:10002498  PA:100024a4
13490222ns          218961 1c008214 01078793 addi             x15, x15, 16        x15=1c0001ec x15:1c0001dc
13490242ns          218962 1c008216 01070713 addi             x14, x14, 16        x14=100024a8 x14:10002498
13490262ns          218963 1c0081fc 0007a883 lw               x17, 0(x15)         x17=037c0c68 x15:1c0001ec  PA:1c0001ec
13490600ns          218980 1c008200 0047a803 lw               x16, 4(x15)         x16=05d9007a x15:1c0001ec  PA:1c0001f0
13491018ns          219001 1c008204 0087a503 lw               x10, 8(x15)         x10=04e90ce5 x15:1c0001ec  PA:1c0001f4
13491416ns          219021 1c008206 00c7a583 lw               x11, 12(x15)        x11=0b5e0cdf x15:1c0001ec  PA:1c0001f8
13491714ns          219036 1c008208 01172023 sw               x17, 0(x14)         x17:037c0c68 x14:100024a8  PA:100024a8
13491734ns          219037 1c00820c 01072223 sw               x16, 4(x14)         x16:05d9007a x14:100024a8  PA:100024ac
13491754ns          219038 1c008210 00a72423 sw               x10, 8(x14)         x10:04e90ce5 x14:100024a8  PA:100024b0
13491774ns          219039 1c008212 00b72623 sw               x11, 12(x14)        x11:0b5e0cdf x14:100024a8  PA:100024b4
13491794ns          219040 1c008214 01078793 addi             x15, x15, 16        x15=1c0001fc x15:1c0001ec
13491813ns          219041 1c008216 01070713 addi             x14, x14, 16        x14=100024b8 x14:100024a8
13491833ns          219042 1c0081fc 0007a883 lw               x17, 0(x15)         x17=09200b92 x15:1c0001fc  PA:1c0001fc
13492152ns          219058 1c008200 0047a803 lw               x16, 4(x15)         x16=070e005e x15:1c0001fc  PA:1c000200
13492450ns          219073 1c008204 0087a503 lw               x10, 8(x15)         x10=010400cf x15:1c0001fc  PA:1c000204
13492748ns          219088 1c008206 00c7a583 lw               x11, 12(x15)        x11=093f08ba x15:1c0001fc  PA:1c000208
13493047ns          219103 1c008208 01172023 sw               x17, 0(x14)         x17:09200b92 x14:100024b8  PA:100024b8
13493066ns          219104 1c00820c 01072223 sw               x16, 4(x14)         x16:070e005e x14:100024b8  PA:100024bc
13493086ns          219105 1c008210 00a72423 sw               x10, 8(x14)         x10:010400cf x14:100024b8  PA:100024c0
13493106ns          219106 1c008212 00b72623 sw               x11, 12(x14)        x11:093f08ba x14:100024b8  PA:100024c4
13493126ns          219107 1c008214 01078793 addi             x15, x15, 16        x15=1c00020c x15:1c0001fc
13493146ns          219108 1c008216 01070713 addi             x14, x14, 16        x14=100024c8 x14:100024b8
13493166ns          219109 1c0081fc 0007a883 lw               x17, 0(x15)         x17=038f0dc5 x15:1c00020c  PA:1c00020c
13493484ns          219125 1c008200 0047a803 lw               x16, 4(x15)         x16=0a890b91 x15:1c00020c  PA:1c000210
13493802ns          219141 1c008204 0087a503 lw               x10, 8(x15)         x10=0c010305 x15:1c00020c  PA:1c000214
13494101ns          219156 1c008206 00c7a583 lw               x11, 12(x15)        x11=0cb20a9e x15:1c00020c  PA:1c000218
13494399ns          219171 1c008208 01172023 sw               x17, 0(x14)         x17:038f0dc5 x14:100024c8  PA:100024c8
13494419ns          219172 1c00820c 01072223 sw               x16, 4(x14)         x16:0a890b91 x14:100024c8  PA:100024cc
13494439ns          219173 1c008210 00a72423 sw               x10, 8(x14)         x10:0c010305 x14:100024c8  PA:100024d0
13494459ns          219174 1c008212 00b72623 sw               x11, 12(x14)        x11:0cb20a9e x14:100024c8  PA:100024d4
13494478ns          219175 1c008214 01078793 addi             x15, x15, 16        x15=1c00021c x15:1c00020c
13494498ns          219176 1c008216 01070713 addi             x14, x14, 16        x14=100024d8 x14:100024c8
13494518ns          219177 1c0081fc 0007a883 lw               x17, 0(x15)         x17=08a00cb6 x15:1c00021c  PA:1c00021c
13494836ns          219193 1c008200 0047a803 lw               x16, 4(x15)         x16=0db9007d x15:1c00021c  PA:1c000220
13495135ns          219208 1c008204 0087a503 lw               x10, 8(x15)         x10=07210b10 x15:1c00021c  PA:1c000224
13495433ns          219223 1c008206 00c7a583 lw               x11, 12(x15)        x11=08f50916 x15:1c00021c  PA:1c000228
13495731ns          219238 1c008208 01172023 sw               x17, 0(x14)         x17:08a00cb6 x14:100024d8  PA:100024d8
13495751ns          219239 1c00820c 01072223 sw               x16, 4(x14)         x16:0db9007d x14:100024d8  PA:100024dc
13495771ns          219240 1c008210 00a72423 sw               x10, 8(x14)         x10:07210b10 x14:100024d8  PA:100024e0
13495791ns          219241 1c008212 00b72623 sw               x11, 12(x14)        x11:08f50916 x14:100024d8  PA:100024e4
13495811ns          219242 1c008214 01078793 addi             x15, x15, 16        x15=1c00022c x15:1c00021c
13495831ns          219243 1c008216 01070713 addi             x14, x14, 16        x14=100024e8 x14:100024d8
13495851ns          219244 1c0081fc 0007a883 lw               x17, 0(x15)         x17=05d30497 x15:1c00022c  PA:1c00022c
13496169ns          219260 1c008200 0047a803 lw               x16, 4(x15)         x16=06090280 x15:1c00022c  PA:1c000230
13496467ns          219275 1c008204 0087a503 lw               x10, 8(x15)         x10=08d10233 x15:1c00022c  PA:1c000234
13496766ns          219290 1c008206 00c7a583 lw               x11, 12(x15)        x11=02700135 x15:1c00022c  PA:1c000238
13497064ns          219305 1c008208 01172023 sw               x17, 0(x14)         x17:05d30497 x14:100024e8  PA:100024e8
13497084ns          219306 1c00820c 01072223 sw               x16, 4(x14)         x16:06090280 x14:100024e8  PA:100024ec
13497104ns          219307 1c008210 00a72423 sw               x10, 8(x14)         x10:08d10233 x14:100024e8  PA:100024f0
13497124ns          219308 1c008212 00b72623 sw               x11, 12(x14)        x11:02700135 x14:100024e8  PA:100024f4
13497143ns          219309 1c008214 01078793 addi             x15, x15, 16        x15=1c00023c x15:1c00022c
13497163ns          219310 1c008216 01070713 addi             x14, x14, 16        x14=100024f8 x14:100024e8
13497183ns          219311 1c0081fc 0007a883 lw               x17, 0(x15)         x17=0c1c0267 x15:1c00023c  PA:1c00023c
13497501ns          219327 1c008200 0047a803 lw               x16, 4(x15)         x16=08730016 x15:1c00023c  PA:1c000240
13497800ns          219342 1c008204 0087a503 lw               x10, 8(x15)         x10=022b060e x15:1c00023c  PA:1c000244
13498098ns          219357 1c008206 00c7a583 lw               x11, 12(x15)        x11=058e0ae8 x15:1c00023c  PA:1c000248
13498396ns          219372 1c008208 01172023 sw               x17, 0(x14)         x17:0c1c0267 x14:100024f8  PA:100024f8
13498416ns          219373 1c00820c 01072223 sw               x16, 4(x14)         x16:08730016 x14:100024f8  PA:100024fc
13498436ns          219374 1c008210 00a72423 sw               x10, 8(x14)         x10:022b060e x14:100024f8  PA:10002500
13498456ns          219375 1c008212 00b72623 sw               x11, 12(x14)        x11:058e0ae8 x14:100024f8  PA:10002504
13498476ns          219376 1c008214 01078793 addi             x15, x15, 16        x15=1c00024c x15:1c00023c
13498496ns          219377 1c008216 01070713 addi             x14, x14, 16        x14=10002508 x14:100024f8
13498516ns          219378 1c0081fc 0007a883 lw               x17, 0(x15)         x17=03c705a2 x15:1c00024c  PA:1c00024c
13498834ns          219394 1c008200 0047a803 lw               x16, 4(x15)         x16=08550400 x15:1c00024c  PA:1c000250
13499132ns          219409 1c008204 0087a503 lw               x10, 8(x15)         x10=09c902a8 x15:1c00024c  PA:1c000254
13499431ns          219424 1c008206 00c7a583 lw               x11, 12(x15)        x11=0cc307ce x15:1c00024c  PA:1c000258
13499769ns          219441 1c008208 01172023 sw               x17, 0(x14)         x17:03c705a2 x14:10002508  PA:10002508
13499789ns          219442 1c00820c 01072223 sw               x16, 4(x14)         x16:08550400 x14:10002508  PA:1000250c
13499808ns          219443 1c008210 00a72423 sw               x10, 8(x14)         x10:09c902a8 x14:10002508  PA:10002510
13499828ns          219444 1c008212 00b72623 sw               x11, 12(x14)        x11:0cc307ce x14:10002508  PA:10002514
13499848ns          219445 1c008214 01078793 addi             x15, x15, 16        x15=1c00025c x15:1c00024c
13499868ns          219446 1c008216 01070713 addi             x14, x14, 16        x14=10002518 x14:10002508
13499888ns          219447 1c0081fc 0007a883 lw               x17, 0(x15)         x17=07b9098f x15:1c00025c  PA:1c00025c
13500206ns          219463 1c008200 0047a803 lw               x16, 4(x15)         x16=022b042e x15:1c00025c  PA:1c000260
13500505ns          219478 1c008204 0087a503 lw               x10, 8(x15)         x10=0b740bf3 x15:1c00025c  PA:1c000264
13500803ns          219493 1c008206 00c7a583 lw               x11, 12(x15)        x11=00c80a35 x15:1c00025c  PA:1c000268
13501101ns          219508 1c008208 01172023 sw               x17, 0(x14)         x17:07b9098f x14:10002518  PA:10002518
13501121ns          219509 1c00820c 01072223 sw               x16, 4(x14)         x16:022b042e x14:10002518  PA:1000251c
13501141ns          219510 1c008210 00a72423 sw               x10, 8(x14)         x10:0b740bf3 x14:10002518  PA:10002520
13501161ns          219511 1c008212 00b72623 sw               x11, 12(x14)        x11:00c80a35 x14:10002518  PA:10002524
13501181ns          219512 1c008214 01078793 addi             x15, x15, 16        x15=1c00026c x15:1c00025c
13501201ns          219513 1c008216 01070713 addi             x14, x14, 16        x14=10002528 x14:10002518
13501220ns          219514 1c0081fc 0007a883 lw               x17, 0(x15)         x17=00ba0d4d x15:1c00026c  PA:1c00026c
13501559ns          219531 1c008200 0047a803 lw               x16, 4(x15)         x16=0bbe0953 x15:1c00026c  PA:1c000270
13501956ns          219551 1c008204 0087a503 lw               x10, 8(x15)         x10=09d102c0 x15:1c00026c  PA:1c000274
13502354ns          219571 1c008206 00c7a583 lw               x11, 12(x15)        x11=0ffe04e7 x15:1c00026c  PA:1c000278
13502652ns          219586 1c008208 01172023 sw               x17, 0(x14)         x17:00ba0d4d x14:10002528  PA:10002528
13502672ns          219587 1c00820c 01072223 sw               x16, 4(x14)         x16:0bbe0953 x14:10002528  PA:1000252c
13502692ns          219588 1c008210 00a72423 sw               x10, 8(x14)         x10:09d102c0 x14:10002528  PA:10002530
13502712ns          219589 1c008212 00b72623 sw               x11, 12(x14)        x11:0ffe04e7 x14:10002528  PA:10002534
13502732ns          219590 1c008214 01078793 addi             x15, x15, 16        x15=1c00027c x15:1c00026c
13502752ns          219591 1c008216 01070713 addi             x14, x14, 16        x14=10002538 x14:10002528
13502772ns          219592 1c0081fc 0007a883 lw               x17, 0(x15)         x17=02860168 x15:1c00027c  PA:1c00027c
13503090ns          219608 1c008200 0047a803 lw               x16, 4(x15)         x16=0b1a065d x15:1c00027c  PA:1c000280
13503388ns          219623 1c008204 0087a503 lw               x10, 8(x15)         x10=0c5b0643 x15:1c00027c  PA:1c000284
13503687ns          219638 1c008206 00c7a583 lw               x11, 12(x15)        x11=037f050d x15:1c00027c  PA:1c000288
13504005ns          219654 1c008208 01172023 sw               x17, 0(x14)         x17:02860168 x14:10002538  PA:10002538
13504025ns          219655 1c00820c 01072223 sw               x16, 4(x14)         x16:0b1a065d x14:10002538  PA:1000253c
13504045ns          219656 1c008210 00a72423 sw               x10, 8(x14)         x10:0c5b0643 x14:10002538  PA:10002540
13504064ns          219657 1c008212 00b72623 sw               x11, 12(x14)        x11:037f050d x14:10002538  PA:10002544
13504084ns          219658 1c008214 01078793 addi             x15, x15, 16        x15=1c00028c x15:1c00027c
13504104ns          219659 1c008216 01070713 addi             x14, x14, 16        x14=10002548 x14:10002538
13504124ns          219660 1c0081fc 0007a883 lw               x17, 0(x15)         x17=04870893 x15:1c00028c  PA:1c00028c
13504442ns          219676 1c008200 0047a803 lw               x16, 4(x15)         x16=059a0311 x15:1c00028c  PA:1c000290
13504741ns          219691 1c008204 0087a503 lw               x10, 8(x15)         x10=04670e0f x15:1c00028c  PA:1c000294
13505039ns          219706 1c008206 00c7a583 lw               x11, 12(x15)        x11=0896004b x15:1c00028c  PA:1c000298
13505357ns          219722 1c008208 01172023 sw               x17, 0(x14)         x17:04870893 x14:10002548  PA:10002548
13505377ns          219723 1c00820c 01072223 sw               x16, 4(x14)         x16:059a0311 x14:10002548  PA:1000254c
13505397ns          219724 1c008210 00a72423 sw               x10, 8(x14)         x10:04670e0f x14:10002548  PA:10002550
13505417ns          219725 1c008212 00b72623 sw               x11, 12(x14)        x11:0896004b x14:10002548  PA:10002554
13505437ns          219726 1c008214 01078793 addi             x15, x15, 16        x15=1c00029c x15:1c00028c
13505457ns          219727 1c008216 01070713 addi             x14, x14, 16        x14=10002558 x14:10002548
13505477ns          219728 1c008218 00c007b3 add              x15, x0, x12        x15=1c00029c x12:1c00029c
13505496ns          219729 1c00821a 29010713 addi             x14, x2, 656        x14=10002558  x2:100022c8
13505516ns          219730 1c00821c 0286d0fb lp.setupi        0x1, 0x28, 0xd     
13505536ns          219731 1c008220 0007a803 lw               x16, 0(x15)         x16=0fa30c6d x15:1c00029c  PA:1c00029c
13505854ns          219747 1c008224 0047a503 lw               x10, 4(x15)         x10=0c8d0e97 x15:1c00029c  PA:1c0002a0
13506153ns          219762 1c008226 0087a583 lw               x11, 8(x15)         x11=0ffb00de x15:1c00029c  PA:1c0002a4
13506531ns          219781 1c008228 00c7a603 lw               x12, 12(x15)        x12=00a300a0 x15:1c00029c  PA:1c0002a8
13506968ns          219803 1c00822a 01072023 sw               x16, 0(x14)         x16:0fa30c6d x14:10002558  PA:10002558
13506988ns          219804 1c00822e 00a72223 sw               x10, 4(x14)         x10:0c8d0e97 x14:10002558  PA:1000255c
13507008ns          219805 1c008230 00b72423 sw               x11, 8(x14)         x11:0ffb00de x14:10002558  PA:10002560
13507028ns          219806 1c008232 00c72623 sw               x12, 12(x14)        x12:00a300a0 x14:10002558  PA:10002564
13507048ns          219807 1c008234 01078793 addi             x15, x15, 16        x15=1c0002ac x15:1c00029c
13507068ns          219808 1c008236 01070713 addi             x14, x14, 16        x14=10002568 x14:10002558
13507087ns          219809 1c008220 0007a803 lw               x16, 0(x15)         x16=0f6a01cf x15:1c0002ac  PA:1c0002ac
13507624ns          219836 1c008224 0047a503 lw               x10, 4(x15)         x10=021400d5 x15:1c0002ac  PA:1c0002b0
13507963ns          219853 1c008226 0087a583 lw               x11, 8(x15)         x11=0fb30e58 x15:1c0002ac  PA:1c0002b4
13508380ns          219874 1c008228 00c7a603 lw               x12, 12(x15)        x12=0059012a x15:1c0002ac  PA:1c0002b8
13508778ns          219894 1c00822a 01072023 sw               x16, 0(x14)         x16:0f6a01cf x14:10002568  PA:10002568
13508798ns          219895 1c00822e 00a72223 sw               x10, 4(x14)         x10:021400d5 x14:10002568  PA:1000256c
13508818ns          219896 1c008230 00b72423 sw               x11, 8(x14)         x11:0fb30e58 x14:10002568  PA:10002570
13508838ns          219897 1c008232 00c72623 sw               x12, 12(x14)        x12:0059012a x14:10002568  PA:10002574
13508857ns          219898 1c008234 01078793 addi             x15, x15, 16        x15=1c0002bc x15:1c0002ac
13508877ns          219899 1c008236 01070713 addi             x14, x14, 16        x14=10002578 x14:10002568
13508897ns          219900 1c008220 0007a803 lw               x16, 0(x15)         x16=0ea90e09 x15:1c0002bc  PA:1c0002bc
13509196ns          219915 1c008224 0047a503 lw               x10, 4(x15)         x10=0e4b0067 x15:1c0002bc  PA:1c0002c0
13509494ns          219930 1c008226 0087a583 lw               x11, 8(x15)         x11=00a80f22 x15:1c0002bc  PA:1c0002c4
13509792ns          219945 1c008228 00c7a603 lw               x12, 12(x15)        x12=0ddc0146 x15:1c0002bc  PA:1c0002c8
13510091ns          219960 1c00822a 01072023 sw               x16, 0(x14)         x16:0ea90e09 x14:10002578  PA:10002578
13510110ns          219961 1c00822e 00a72223 sw               x10, 4(x14)         x10:0e4b0067 x14:10002578  PA:1000257c
13510130ns          219962 1c008230 00b72423 sw               x11, 8(x14)         x11:00a80f22 x14:10002578  PA:10002580
13510150ns          219963 1c008232 00c72623 sw               x12, 12(x14)        x12:0ddc0146 x14:10002578  PA:10002584
13510170ns          219964 1c008234 01078793 addi             x15, x15, 16        x15=1c0002cc x15:1c0002bc
13510190ns          219965 1c008236 01070713 addi             x14, x14, 16        x14=10002588 x14:10002578
13510210ns          219966 1c008220 0007a803 lw               x16, 0(x15)         x16=00580004 x15:1c0002cc  PA:1c0002cc
13510548ns          219983 1c008224 0047a503 lw               x10, 4(x15)         x10=0ef001ca x15:1c0002cc  PA:1c0002d0
13510906ns          220001 1c008226 0087a583 lw               x11, 8(x15)         x11=01b30e9d x15:1c0002cc  PA:1c0002d4
13511304ns          220021 1c008228 00c7a603 lw               x12, 12(x15)        x12=00570fb3 x15:1c0002cc  PA:1c0002d8
13511701ns          220041 1c00822a 01072023 sw               x16, 0(x14)         x16:00580004 x14:10002588  PA:10002588
13511721ns          220042 1c00822e 00a72223 sw               x10, 4(x14)         x10:0ef001ca x14:10002588  PA:1000258c
13511741ns          220043 1c008230 00b72423 sw               x11, 8(x14)         x11:01b30e9d x14:10002588  PA:10002590
13511761ns          220044 1c008232 00c72623 sw               x12, 12(x14)        x12:00570fb3 x14:10002588  PA:10002594
13511781ns          220045 1c008234 01078793 addi             x15, x15, 16        x15=1c0002dc x15:1c0002cc
13511801ns          220046 1c008236 01070713 addi             x14, x14, 16        x14=10002598 x14:10002588
13511821ns          220047 1c008220 0007a803 lw               x16, 0(x15)         x16=0e57005c x15:1c0002dc  PA:1c0002dc
13512119ns          220062 1c008224 0047a503 lw               x10, 4(x15)         x10=0f470f14 x15:1c0002dc  PA:1c0002e0
13512417ns          220077 1c008226 0087a583 lw               x11, 8(x15)         x11=0e380166 x15:1c0002dc  PA:1c0002e4
13512716ns          220092 1c008228 00c7a603 lw               x12, 12(x15)        x12=01c202b6 x15:1c0002dc  PA:1c0002e8
13513014ns          220107 1c00822a 01072023 sw               x16, 0(x14)         x16:0e57005c x14:10002598  PA:10002598
13513034ns          220108 1c00822e 00a72223 sw               x10, 4(x14)         x10:0f470f14 x14:10002598  PA:1000259c
13513054ns          220109 1c008230 00b72423 sw               x11, 8(x14)         x11:0e380166 x14:10002598  PA:100025a0
13513074ns          220110 1c008232 00c72623 sw               x12, 12(x14)        x12:01c202b6 x14:10002598  PA:100025a4
13513094ns          220111 1c008234 01078793 addi             x15, x15, 16        x15=1c0002ec x15:1c0002dc
13513114ns          220112 1c008236 01070713 addi             x14, x14, 16        x14=100025a8 x14:10002598
13513133ns          220113 1c008220 0007a803 lw               x16, 0(x15)         x16=0eba0d5c x15:1c0002ec  PA:1c0002ec
13513452ns          220129 1c008224 0047a503 lw               x10, 4(x15)         x10=0e380eae x15:1c0002ec  PA:1c0002f0
13513750ns          220144 1c008226 0087a583 lw               x11, 8(x15)         x11=0e8d0157 x15:1c0002ec  PA:1c0002f4
13514048ns          220159 1c008228 00c7a603 lw               x12, 12(x15)        x12=0fb70fdf x15:1c0002ec  PA:1c0002f8
13514347ns          220174 1c00822a 01072023 sw               x16, 0(x14)         x16:0eba0d5c x14:100025a8  PA:100025a8
13514366ns          220175 1c00822e 00a72223 sw               x10, 4(x14)         x10:0e380eae x14:100025a8  PA:100025ac
13514386ns          220176 1c008230 00b72423 sw               x11, 8(x14)         x11:0e8d0157 x14:100025a8  PA:100025b0
13514406ns          220177 1c008232 00c72623 sw               x12, 12(x14)        x12:0fb70fdf x14:100025a8  PA:100025b4
13514426ns          220178 1c008234 01078793 addi             x15, x15, 16        x15=1c0002fc x15:1c0002ec
13514446ns          220179 1c008236 01070713 addi             x14, x14, 16        x14=100025b8 x14:100025a8
13514466ns          220180 1c008220 0007a803 lw               x16, 0(x15)         x16=00890230 x15:1c0002fc  PA:1c0002fc
13514764ns          220195 1c008224 0047a503 lw               x10, 4(x15)         x10=0fb10442 x15:1c0002fc  PA:1c000300
13515082ns          220211 1c008226 0087a583 lw               x11, 8(x15)         x11=004300ad x15:1c0002fc  PA:1c000304
13515381ns          220226 1c008228 00c7a603 lw               x12, 12(x15)        x12=006d0e2f x15:1c0002fc  PA:1c000308
13515679ns          220241 1c00822a 01072023 sw               x16, 0(x14)         x16:00890230 x14:100025b8  PA:100025b8
13515699ns          220242 1c00822e 00a72223 sw               x10, 4(x14)         x10:0fb10442 x14:100025b8  PA:100025bc
13515719ns          220243 1c008230 00b72423 sw               x11, 8(x14)         x11:004300ad x14:100025b8  PA:100025c0
13515739ns          220244 1c008232 00c72623 sw               x12, 12(x14)        x12:006d0e2f x14:100025b8  PA:100025c4
13515759ns          220245 1c008234 01078793 addi             x15, x15, 16        x15=1c00030c x15:1c0002fc
13515778ns          220246 1c008236 01070713 addi             x14, x14, 16        x14=100025c8 x14:100025b8
13515798ns          220247 1c008220 0007a803 lw               x16, 0(x15)         x16=0d1a0fe2 x15:1c00030c  PA:1c00030c
13516117ns          220263 1c008224 0047a503 lw               x10, 4(x15)         x10=007803a6 x15:1c00030c  PA:1c000310
13516475ns          220281 1c008226 0087a583 lw               x11, 8(x15)         x11=0d840e7f x15:1c00030c  PA:1c000314
13516872ns          220301 1c008228 00c7a603 lw               x12, 12(x15)        x12=0008001d x15:1c00030c  PA:1c000318
13517290ns          220322 1c00822a 01072023 sw               x16, 0(x14)         x16:0d1a0fe2 x14:100025c8  PA:100025c8
13517310ns          220323 1c00822e 00a72223 sw               x10, 4(x14)         x10:007803a6 x14:100025c8  PA:100025cc
13517330ns          220324 1c008230 00b72423 sw               x11, 8(x14)         x11:0d840e7f x14:100025c8  PA:100025d0
13517350ns          220325 1c008232 00c72623 sw               x12, 12(x14)        x12:0008001d x14:100025c8  PA:100025d4
13517370ns          220326 1c008234 01078793 addi             x15, x15, 16        x15=1c00031c x15:1c00030c
13517389ns          220327 1c008236 01070713 addi             x14, x14, 16        x14=100025d8 x14:100025c8
13517409ns          220328 1c008220 0007a803 lw               x16, 0(x15)         x16=0e1c0133 x15:1c00031c  PA:1c00031c
13517708ns          220343 1c008224 0047a503 lw               x10, 4(x15)         x10=00ae0d87 x15:1c00031c  PA:1c000320
13518006ns          220358 1c008226 0087a583 lw               x11, 8(x15)         x11=0f770e25 x15:1c00031c  PA:1c000324
13518304ns          220373 1c008228 00c7a603 lw               x12, 12(x15)        x12=0fa500cf x15:1c00031c  PA:1c000328
13518622ns          220389 1c00822a 01072023 sw               x16, 0(x14)         x16:0e1c0133 x14:100025d8  PA:100025d8
13518642ns          220390 1c00822e 00a72223 sw               x10, 4(x14)         x10:00ae0d87 x14:100025d8  PA:100025dc
13518662ns          220391 1c008230 00b72423 sw               x11, 8(x14)         x11:0f770e25 x14:100025d8  PA:100025e0
13518682ns          220392 1c008232 00c72623 sw               x12, 12(x14)        x12:0fa500cf x14:100025d8  PA:100025e4
13518702ns          220393 1c008234 01078793 addi             x15, x15, 16        x15=1c00032c x15:1c00031c
13518722ns          220394 1c008236 01070713 addi             x14, x14, 16        x14=100025e8 x14:100025d8
13518742ns          220395 1c008220 0007a803 lw               x16, 0(x15)         x16=0f470e5d x15:1c00032c  PA:1c00032c
13519040ns          220410 1c008224 0047a503 lw               x10, 4(x15)         x10=02610d5f x15:1c00032c  PA:1c000330
13519338ns          220425 1c008226 0087a583 lw               x11, 8(x15)         x11=0e4601f7 x15:1c00032c  PA:1c000334
13519637ns          220440 1c008228 00c7a603 lw               x12, 12(x15)        x12=0ee8002b x15:1c00032c  PA:1c000338
13519955ns          220456 1c00822a 01072023 sw               x16, 0(x14)         x16:0f470e5d x14:100025e8  PA:100025e8
13519975ns          220457 1c00822e 00a72223 sw               x10, 4(x14)         x10:02610d5f x14:100025e8  PA:100025ec
13519995ns          220458 1c008230 00b72423 sw               x11, 8(x14)         x11:0e4601f7 x14:100025e8  PA:100025f0
13520015ns          220459 1c008232 00c72623 sw               x12, 12(x14)        x12:0ee8002b x14:100025e8  PA:100025f4
13520035ns          220460 1c008234 01078793 addi             x15, x15, 16        x15=1c00033c x15:1c00032c
13520054ns          220461 1c008236 01070713 addi             x14, x14, 16        x14=100025f8 x14:100025e8
13520074ns          220462 1c008220 0007a803 lw               x16, 0(x15)         x16=01b90f79 x15:1c00033c  PA:1c00033c
13520373ns          220477 1c008224 0047a503 lw               x10, 4(x15)         x10=0e0501ed x15:1c00033c  PA:1c000340
13520671ns          220492 1c008226 0087a583 lw               x11, 8(x15)         x11=0e9b0e3f x15:1c00033c  PA:1c000344
13520969ns          220507 1c008228 00c7a603 lw               x12, 12(x15)        x12=00790059 x15:1c00033c  PA:1c000348
13521287ns          220523 1c00822a 01072023 sw               x16, 0(x14)         x16:01b90f79 x14:100025f8  PA:100025f8
13521307ns          220524 1c00822e 00a72223 sw               x10, 4(x14)         x10:0e0501ed x14:100025f8  PA:100025fc
13521327ns          220525 1c008230 00b72423 sw               x11, 8(x14)         x11:0e9b0e3f x14:100025f8  PA:10002600
13521347ns          220526 1c008232 00c72623 sw               x12, 12(x14)        x12:00790059 x14:100025f8  PA:10002604
13521367ns          220527 1c008234 01078793 addi             x15, x15, 16        x15=1c00034c x15:1c00033c
13521387ns          220528 1c008236 01070713 addi             x14, x14, 16        x14=10002608 x14:100025f8
13521407ns          220529 1c008220 0007a803 lw               x16, 0(x15)         x16=00610103 x15:1c00034c  PA:1c00034c
13521725ns          220545 1c008224 0047a503 lw               x10, 4(x15)         x10=0db9014b x15:1c00034c  PA:1c000350
13522043ns          220561 1c008226 0087a583 lw               x11, 8(x15)         x11=00b40186 x15:1c00034c  PA:1c000354
13522441ns          220581 1c008228 00c7a603 lw               x12, 12(x15)        x12=0fba0272 x15:1c00034c  PA:1c000358
13522859ns          220602 1c00822a 01072023 sw               x16, 0(x14)         x16:00610103 x14:10002608  PA:10002608
13522879ns          220603 1c00822e 00a72223 sw               x10, 4(x14)         x10:0db9014b x14:10002608  PA:1000260c
13522898ns          220604 1c008230 00b72423 sw               x11, 8(x14)         x11:00b40186 x14:10002608  PA:10002610
13522918ns          220605 1c008232 00c72623 sw               x12, 12(x14)        x12:0fba0272 x14:10002608  PA:10002614
13522938ns          220606 1c008234 01078793 addi             x15, x15, 16        x15=1c00035c x15:1c00034c
13522958ns          220607 1c008236 01070713 addi             x14, x14, 16        x14=10002618 x14:10002608
13522978ns          220608 1c008220 0007a803 lw               x16, 0(x15)         x16=0fc90035 x15:1c00035c  PA:1c00035c
13523276ns          220623 1c008224 0047a503 lw               x10, 4(x15)         x10=0ead0fc3 x15:1c00035c  PA:1c000360
13523575ns          220638 1c008226 0087a583 lw               x11, 8(x15)         x11=0e520def x15:1c00035c  PA:1c000364
13523893ns          220654 1c008228 00c7a603 lw               x12, 12(x15)        x12=00680287 x15:1c00035c  PA:1c000368
13524191ns          220669 1c00822a 01072023 sw               x16, 0(x14)         x16:0fc90035 x14:10002618  PA:10002618
13524211ns          220670 1c00822e 00a72223 sw               x10, 4(x14)         x10:0ead0fc3 x14:10002618  PA:1000261c
13524231ns          220671 1c008230 00b72423 sw               x11, 8(x14)         x11:0e520def x14:10002618  PA:10002620
13524251ns          220672 1c008232 00c72623 sw               x12, 12(x14)        x12:00680287 x14:10002618  PA:10002624
13524271ns          220673 1c008234 01078793 addi             x15, x15, 16        x15=1c00036c x15:1c00035c
13524291ns          220674 1c008236 01070713 addi             x14, x14, 16        x14=10002628 x14:10002618
13524310ns          220675 1c008220 0007a803 lw               x16, 0(x15)         x16=0f650edb x15:1c00036c  PA:1c00036c
13524609ns          220690 1c008224 0047a503 lw               x10, 4(x15)         x10=00670f19 x15:1c00036c  PA:1c000370
13524907ns          220705 1c008226 0087a583 lw               x11, 8(x15)         x11=0d9f0e75 x15:1c00036c  PA:1c000374
13525225ns          220721 1c008228 00c7a603 lw               x12, 12(x15)        x12=01ad0c5f x15:1c00036c  PA:1c000378
13525524ns          220736 1c00822a 01072023 sw               x16, 0(x14)         x16:0f650edb x14:10002628  PA:10002628
13525544ns          220737 1c00822e 00a72223 sw               x10, 4(x14)         x10:00670f19 x14:10002628  PA:1000262c
13525563ns          220738 1c008230 00b72423 sw               x11, 8(x14)         x11:0d9f0e75 x14:10002628  PA:10002630
13525583ns          220739 1c008232 00c72623 sw               x12, 12(x14)        x12:01ad0c5f x14:10002628  PA:10002634
13525603ns          220740 1c008234 01078793 addi             x15, x15, 16        x15=1c00037c x15:1c00036c
13525623ns          220741 1c008236 01070713 addi             x14, x14, 16        x14=10002638 x14:10002628
13525643ns          220742 1c008220 0007a803 lw               x16, 0(x15)         x16=013b00a2 x15:1c00037c  PA:1c00037c
13525941ns          220757 1c008224 0047a503 lw               x10, 4(x15)         x10=009900fc x15:1c00037c  PA:1c000380
13526240ns          220772 1c008226 0087a583 lw               x11, 8(x15)         x11=001f000e x15:1c00037c  PA:1c000384
13526637ns          220792 1c008228 00c7a603 lw               x12, 12(x15)        x12=004f0f2c x15:1c00037c  PA:1c000388
13527035ns          220812 1c00822a 01072023 sw               x16, 0(x14)         x16:013b00a2 x14:10002638  PA:10002638
13527055ns          220813 1c00822e 00a72223 sw               x10, 4(x14)         x10:009900fc x14:10002638  PA:1000263c
13527075ns          220814 1c008230 00b72423 sw               x11, 8(x14)         x11:001f000e x14:10002638  PA:10002640
13527095ns          220815 1c008232 00c72623 sw               x12, 12(x14)        x12:004f0f2c x14:10002638  PA:10002644
13527115ns          220816 1c008234 01078793 addi             x15, x15, 16        x15=1c00038c x15:1c00037c
13527135ns          220817 1c008236 01070713 addi             x14, x14, 16        x14=10002648 x14:10002638
13527154ns          220818 1c008220 0007a803 lw               x16, 0(x15)         x16=0c9b0228 x15:1c00038c  PA:1c00038c
13527453ns          220833 1c008224 0047a503 lw               x10, 4(x15)         x10=00af0026 x15:1c00038c  PA:1c000390
13527751ns          220848 1c008226 0087a583 lw               x11, 8(x15)         x11=0f5c0012 x15:1c00038c  PA:1c000394
13528049ns          220863 1c008228 00c7a603 lw               x12, 12(x15)        x12=017002c0 x15:1c00038c  PA:1c000398
13528348ns          220878 1c00822a 01072023 sw               x16, 0(x14)         x16:0c9b0228 x14:10002648  PA:10002648
13528368ns          220879 1c00822e 00a72223 sw               x10, 4(x14)         x10:00af0026 x14:10002648  PA:1000264c
13528387ns          220880 1c008230 00b72423 sw               x11, 8(x14)         x11:0f5c0012 x14:10002648  PA:10002650
13528407ns          220881 1c008232 00c72623 sw               x12, 12(x14)        x12:017002c0 x14:10002648  PA:10002654
13528427ns          220882 1c008234 01078793 addi             x15, x15, 16        x15=1c00039c x15:1c00038c
13528447ns          220883 1c008236 01070713 addi             x14, x14, 16        x14=10002658 x14:10002648
13528467ns          220884 1c008220 0007a803 lw               x16, 0(x15)         x16=0f770c56 x15:1c00039c  PA:1c00039c
13528765ns          220899 1c008224 0047a503 lw               x10, 4(x15)         x10=00210fee x15:1c00039c  PA:1c0003a0
13529064ns          220914 1c008226 0087a583 lw               x11, 8(x15)         x11=0fa90c57 x15:1c00039c  PA:1c0003a4
13529442ns          220933 1c008228 00c7a603 lw               x12, 12(x15)        x12=0103009d x15:1c00039c  PA:1c0003a8
13529780ns          220950 1c00822a 01072023 sw               x16, 0(x14)         x16:0f770c56 x14:10002658  PA:10002658
13529800ns          220951 1c00822e 00a72223 sw               x10, 4(x14)         x10:00210fee x14:10002658  PA:1000265c
13529819ns          220952 1c008230 00b72423 sw               x11, 8(x14)         x11:0fa90c57 x14:10002658  PA:10002660
13529839ns          220953 1c008232 00c72623 sw               x12, 12(x14)        x12:0103009d x14:10002658  PA:10002664
13529859ns          220954 1c008234 01078793 addi             x15, x15, 16        x15=1c0003ac x15:1c00039c
13529879ns          220955 1c008236 01070713 addi             x14, x14, 16        x14=10002668 x14:10002658
13529899ns          220956 1c008220 0007a803 lw               x16, 0(x15)         x16=0dde0019 x15:1c0003ac  PA:1c0003ac
13530197ns          220971 1c008224 0047a503 lw               x10, 4(x15)         x10=0e5a0d3f x15:1c0003ac  PA:1c0003b0
13530516ns          220987 1c008226 0087a583 lw               x11, 8(x15)         x11=0e2e011a x15:1c0003ac  PA:1c0003b4
13530814ns          221002 1c008228 00c7a603 lw               x12, 12(x15)        x12=0ea80080 x15:1c0003ac  PA:1c0003b8
13531112ns          221017 1c00822a 01072023 sw               x16, 0(x14)         x16:0dde0019 x14:10002668  PA:10002668
13531132ns          221018 1c00822e 00a72223 sw               x10, 4(x14)         x10:0e5a0d3f x14:10002668  PA:1000266c
13531152ns          221019 1c008230 00b72423 sw               x11, 8(x14)         x11:0e2e011a x14:10002668  PA:10002670
13531172ns          221020 1c008232 00c72623 sw               x12, 12(x14)        x12:0ea80080 x14:10002668  PA:10002674
13531192ns          221021 1c008234 01078793 addi             x15, x15, 16        x15=1c0003bc x15:1c0003ac
13531212ns          221022 1c008236 01070713 addi             x14, x14, 16        x14=10002678 x14:10002668
13531231ns          221023 1c008220 0007a803 lw               x16, 0(x15)         x16=0fab0fb5 x15:1c0003bc  PA:1c0003bc
13531530ns          221038 1c008224 0047a503 lw               x10, 4(x15)         x10=0f0300b1 x15:1c0003bc  PA:1c0003c0
13531848ns          221054 1c008226 0087a583 lw               x11, 8(x15)         x11=0fe10ef1 x15:1c0003bc  PA:1c0003c4
13532146ns          221069 1c008228 00c7a603 lw               x12, 12(x15)        x12=0ad302cf x15:1c0003bc  PA:1c0003c8
13532445ns          221084 1c00822a 01072023 sw               x16, 0(x14)         x16:0fab0fb5 x14:10002678  PA:10002678
13532465ns          221085 1c00822e 00a72223 sw               x10, 4(x14)         x10:0f0300b1 x14:10002678  PA:1000267c
13532484ns          221086 1c008230 00b72423 sw               x11, 8(x14)         x11:0fe10ef1 x14:10002678  PA:10002680
13532504ns          221087 1c008232 00c72623 sw               x12, 12(x14)        x12:0ad302cf x14:10002678  PA:10002684
13532524ns          221088 1c008234 01078793 addi             x15, x15, 16        x15=1c0003cc x15:1c0003bc
13532544ns          221089 1c008236 01070713 addi             x14, x14, 16        x14=10002688 x14:10002678
13532564ns          221090 1c008220 0007a803 lw               x16, 0(x15)         x16=0eae0fe5 x15:1c0003cc  PA:1c0003cc
13532862ns          221105 1c008224 0047a503 lw               x10, 4(x15)         x10=003c00af x15:1c0003cc  PA:1c0003d0
13533180ns          221121 1c008226 0087a583 lw               x11, 8(x15)         x11=029700f5 x15:1c0003cc  PA:1c0003d4
13533479ns          221136 1c008228 00c7a603 lw               x12, 12(x15)        x12=0fcf00a5 x15:1c0003cc  PA:1c0003d8
13533777ns          221151 1c00822a 01072023 sw               x16, 0(x14)         x16:0eae0fe5 x14:10002688  PA:10002688
13533797ns          221152 1c00822e 00a72223 sw               x10, 4(x14)         x10:003c00af x14:10002688  PA:1000268c
13533817ns          221153 1c008230 00b72423 sw               x11, 8(x14)         x11:029700f5 x14:10002688  PA:10002690
13533837ns          221154 1c008232 00c72623 sw               x12, 12(x14)        x12:0fcf00a5 x14:10002688  PA:10002694
13533857ns          221155 1c008234 01078793 addi             x15, x15, 16        x15=1c0003dc x15:1c0003cc
13533877ns          221156 1c008236 01070713 addi             x14, x14, 16        x14=10002698 x14:10002688
13533896ns          221157 1c008220 0007a803 lw               x16, 0(x15)         x16=025a0d94 x15:1c0003dc  PA:1c0003dc
13534215ns          221173 1c008224 0047a503 lw               x10, 4(x15)         x10=00900eb8 x15:1c0003dc  PA:1c0003e0
13534533ns          221189 1c008226 0087a583 lw               x11, 8(x15)         x11=034c022e x15:1c0003dc  PA:1c0003e4
13534831ns          221204 1c008228 00c7a603 lw               x12, 12(x15)        x12=00760e50 x15:1c0003dc  PA:1c0003e8
13535130ns          221219 1c00822a 01072023 sw               x16, 0(x14)         x16:025a0d94 x14:10002698  PA:10002698
13535149ns          221220 1c00822e 00a72223 sw               x10, 4(x14)         x10:00900eb8 x14:10002698  PA:1000269c
13535169ns          221221 1c008230 00b72423 sw               x11, 8(x14)         x11:034c022e x14:10002698  PA:100026a0
13535189ns          221222 1c008232 00c72623 sw               x12, 12(x14)        x12:00760e50 x14:10002698  PA:100026a4
13535209ns          221223 1c008234 01078793 addi             x15, x15, 16        x15=1c0003ec x15:1c0003dc
13535229ns          221224 1c008236 01070713 addi             x14, x14, 16        x14=100026a8 x14:10002698
13535249ns          221225 1c008220 0007a803 lw               x16, 0(x15)         x16=00400ee6 x15:1c0003ec  PA:1c0003ec
13535547ns          221240 1c008224 0047a503 lw               x10, 4(x15)         x10=0e240266 x15:1c0003ec  PA:1c0003f0
13535865ns          221256 1c008226 0087a583 lw               x11, 8(x15)         x11=00970ea3 x15:1c0003ec  PA:1c0003f4
13536164ns          221271 1c008228 00c7a603 lw               x12, 12(x15)        x12=01670e25 x15:1c0003ec  PA:1c0003f8
13536462ns          221286 1c00822a 01072023 sw               x16, 0(x14)         x16:00400ee6 x14:100026a8  PA:100026a8
13536482ns          221287 1c00822e 00a72223 sw               x10, 4(x14)         x10:0e240266 x14:100026a8  PA:100026ac
13536502ns          221288 1c008230 00b72423 sw               x11, 8(x14)         x11:00970ea3 x14:100026a8  PA:100026b0
13536522ns          221289 1c008232 00c72623 sw               x12, 12(x14)        x12:01670e25 x14:100026a8  PA:100026b4
13536542ns          221290 1c008234 01078793 addi             x15, x15, 16        x15=1c0003fc x15:1c0003ec
13536561ns          221291 1c008236 01070713 addi             x14, x14, 16        x14=100026b8 x14:100026a8
13536581ns          221292 1c008220 0007a803 lw               x16, 0(x15)         x16=009b0f1c x15:1c0003fc  PA:1c0003fc
13536880ns          221307 1c008224 0047a503 lw               x10, 4(x15)         x10=00250e36 x15:1c0003fc  PA:1c000400
13537218ns          221324 1c008226 0087a583 lw               x11, 8(x15)         x11=010a0dbb x15:1c0003fc  PA:1c000404
13537616ns          221344 1c008228 00c7a603 lw               x12, 12(x15)        x12=05680e49 x15:1c0003fc  PA:1c000408
13537954ns          221361 1c00822a 01072023 sw               x16, 0(x14)         x16:009b0f1c x14:100026b8  PA:100026b8
13537974ns          221362 1c00822e 00a72223 sw               x10, 4(x14)         x10:00250e36 x14:100026b8  PA:100026bc
13537993ns          221363 1c008230 00b72423 sw               x11, 8(x14)         x11:010a0dbb x14:100026b8  PA:100026c0
13538013ns          221364 1c008232 00c72623 sw               x12, 12(x14)        x12:05680e49 x14:100026b8  PA:100026c4
13538033ns          221365 1c008234 01078793 addi             x15, x15, 16        x15=1c00040c x15:1c0003fc
13538053ns          221366 1c008236 01070713 addi             x14, x14, 16        x14=100026c8 x14:100026b8
13538073ns          221367 1c008220 0007a803 lw               x16, 0(x15)         x16=0fb60efa x15:1c00040c  PA:1c00040c
13538391ns          221383 1c008224 0047a503 lw               x10, 4(x15)         x10=02e402b2 x15:1c00040c  PA:1c000410
13538689ns          221398 1c008226 0087a583 lw               x11, 8(x15)         x11=0f6e0fcb x15:1c00040c  PA:1c000414
13538988ns          221413 1c008228 00c7a603 lw               x12, 12(x15)        x12=0e120fa7 x15:1c00040c  PA:1c000418
13539286ns          221428 1c00822a 01072023 sw               x16, 0(x14)         x16:0fb60efa x14:100026c8  PA:100026c8
13539306ns          221429 1c00822e 00a72223 sw               x10, 4(x14)         x10:02e402b2 x14:100026c8  PA:100026cc
13539326ns          221430 1c008230 00b72423 sw               x11, 8(x14)         x11:0f6e0fcb x14:100026c8  PA:100026d0
13539346ns          221431 1c008232 00c72623 sw               x12, 12(x14)        x12:0e120fa7 x14:100026c8  PA:100026d4
13539366ns          221432 1c008234 01078793 addi             x15, x15, 16        x15=1c00041c x15:1c00040c
13539386ns          221433 1c008236 01070713 addi             x14, x14, 16        x14=100026d8 x14:100026c8
13539405ns          221434 1c008220 0007a803 lw               x16, 0(x15)         x16=0f520339 x15:1c00041c  PA:1c00041c
13539783ns          221453 1c008224 0047a503 lw               x10, 4(x15)         x10=0d1a0181 x15:1c00041c  PA:1c000420
13540141ns          221471 1c008226 0087a583 lw               x11, 8(x15)         x11=02af01d5 x15:1c00041c  PA:1c000424
13540539ns          221491 1c008228 00c7a603 lw               x12, 12(x15)        x12=0e7b0f6f x15:1c00041c  PA:1c000428
13540877ns          221508 1c00822a 01072023 sw               x16, 0(x14)         x16:0f520339 x14:100026d8  PA:100026d8
13540897ns          221509 1c00822e 00a72223 sw               x10, 4(x14)         x10:0d1a0181 x14:100026d8  PA:100026dc
13540917ns          221510 1c008230 00b72423 sw               x11, 8(x14)         x11:02af01d5 x14:100026d8  PA:100026e0
13540937ns          221511 1c008232 00c72623 sw               x12, 12(x14)        x12:0e7b0f6f x14:100026d8  PA:100026e4
13540957ns          221512 1c008234 01078793 addi             x15, x15, 16        x15=1c00042c x15:1c00041c
13540977ns          221513 1c008236 01070713 addi             x14, x14, 16        x14=100026e8 x14:100026d8
13540996ns          221514 1c008220 0007a803 lw               x16, 0(x15)         x16=011e0da0 x15:1c00042c  PA:1c00042c
13541354ns          221532 1c008224 0047a503 lw               x10, 4(x15)         x10=005a003e x15:1c00042c  PA:1c000430
13541693ns          221549 1c008226 0087a583 lw               x11, 8(x15)         x11=01490021 x15:1c00042c  PA:1c000434
13542090ns          221569 1c008228 00c7a603 lw               x12, 12(x15)        x12=01e90071 x15:1c00042c  PA:1c000438
13542468ns          221588 1c00822a 01072023 sw               x16, 0(x14)         x16:011e0da0 x14:100026e8  PA:100026e8
13542488ns          221589 1c00822e 00a72223 sw               x10, 4(x14)         x10:005a003e x14:100026e8  PA:100026ec
13542508ns          221590 1c008230 00b72423 sw               x11, 8(x14)         x11:01490021 x14:100026e8  PA:100026f0
13542528ns          221591 1c008232 00c72623 sw               x12, 12(x14)        x12:01e90071 x14:100026e8  PA:100026f4
13542548ns          221592 1c008234 01078793 addi             x15, x15, 16        x15=1c00043c x15:1c00042c
13542568ns          221593 1c008236 01070713 addi             x14, x14, 16        x14=100026f8 x14:100026e8
13542588ns          221594 1c008220 0007a803 lw               x16, 0(x15)         x16=0eab0085 x15:1c00043c  PA:1c00043c
13542965ns          221613 1c008224 0047a503 lw               x10, 4(x15)         x10=038f004d x15:1c00043c  PA:1c000440
13543303ns          221630 1c008226 0087a583 lw               x11, 8(x15)         x11=0c630e3a x15:1c00043c  PA:1c000444
13543721ns          221651 1c008228 00c7a603 lw               x12, 12(x15)        x12=02010f88 x15:1c00043c  PA:1c000448
13544079ns          221669 1c00822a 01072023 sw               x16, 0(x14)         x16:0eab0085 x14:100026f8  PA:100026f8
13544099ns          221670 1c00822e 00a72223 sw               x10, 4(x14)         x10:038f004d x14:100026f8  PA:100026fc
13544119ns          221671 1c008230 00b72423 sw               x11, 8(x14)         x11:0c630e3a x14:100026f8  PA:10002700
13544139ns          221672 1c008232 00c72623 sw               x12, 12(x14)        x12:02010f88 x14:100026f8  PA:10002704
13544159ns          221673 1c008234 01078793 addi             x15, x15, 16        x15=1c00044c x15:1c00043c
13544179ns          221674 1c008236 01070713 addi             x14, x14, 16        x14=10002708 x14:100026f8
13544198ns          221675 1c008220 0007a803 lw               x16, 0(x15)         x16=001a0157 x15:1c00044c  PA:1c00044c
13544497ns          221690 1c008224 0047a503 lw               x10, 4(x15)         x10=0e780001 x15:1c00044c  PA:1c000450
13544795ns          221705 1c008226 0087a583 lw               x11, 8(x15)         x11=014c0074 x15:1c00044c  PA:1c000454
13545133ns          221722 1c008228 00c7a603 lw               x12, 12(x15)        x12=00220fd4 x15:1c00044c  PA:1c000458
13545471ns          221739 1c00822a 01072023 sw               x16, 0(x14)         x16:001a0157 x14:10002708  PA:10002708
13545491ns          221740 1c00822e 00a72223 sw               x10, 4(x14)         x10:0e780001 x14:10002708  PA:1000270c
13545511ns          221741 1c008230 00b72423 sw               x11, 8(x14)         x11:014c0074 x14:10002708  PA:10002710
13545531ns          221742 1c008232 00c72623 sw               x12, 12(x14)        x12:00220fd4 x14:10002708  PA:10002714
13545551ns          221743 1c008234 01078793 addi             x15, x15, 16        x15=1c00045c x15:1c00044c
13545571ns          221744 1c008236 01070713 addi             x14, x14, 16        x14=10002718 x14:10002708
13545591ns          221745 1c008220 0007a803 lw               x16, 0(x15)         x16=00480db6 x15:1c00045c  PA:1c00045c
13545889ns          221760 1c008224 0047a503 lw               x10, 4(x15)         x10=01ee0038 x15:1c00045c  PA:1c000460
13546187ns          221775 1c008226 0087a583 lw               x11, 8(x15)         x11=0e2002cf x15:1c00045c  PA:1c000464
13546486ns          221790 1c008228 00c7a603 lw               x12, 12(x15)        x12=0e4c003f x15:1c00045c  PA:1c000468
13546784ns          221805 1c00822a 01072023 sw               x16, 0(x14)         x16:00480db6 x14:10002718  PA:10002718
13546804ns          221806 1c00822e 00a72223 sw               x10, 4(x14)         x10:01ee0038 x14:10002718  PA:1000271c
13546824ns          221807 1c008230 00b72423 sw               x11, 8(x14)         x11:0e2002cf x14:10002718  PA:10002720
13546844ns          221808 1c008232 00c72623 sw               x12, 12(x14)        x12:0e4c003f x14:10002718  PA:10002724
13546863ns          221809 1c008234 01078793 addi             x15, x15, 16        x15=1c00046c x15:1c00045c
13546883ns          221810 1c008236 01070713 addi             x14, x14, 16        x14=10002728 x14:10002718
13546903ns          221811 1c008220 0007a803 lw               x16, 0(x15)         x16=0ec20ffe x15:1c00046c  PA:1c00046c
13547261ns          221829 1c008224 0047a503 lw               x10, 4(x15)         x10=0fd202be x15:1c00046c  PA:1c000470
13547599ns          221846 1c008226 0087a583 lw               x11, 8(x15)         x11=0fa500b5 x15:1c00046c  PA:1c000474
13548017ns          221867 1c008228 00c7a603 lw               x12, 12(x15)        x12=0ceb0125 x15:1c00046c  PA:1c000478
13548375ns          221885 1c00822a 01072023 sw               x16, 0(x14)         x16:0ec20ffe x14:10002728  PA:10002728
13548395ns          221886 1c00822e 00a72223 sw               x10, 4(x14)         x10:0fd202be x14:10002728  PA:1000272c
13548415ns          221887 1c008230 00b72423 sw               x11, 8(x14)         x11:0fa500b5 x14:10002728  PA:10002730
13548435ns          221888 1c008232 00c72623 sw               x12, 12(x14)        x12:0ceb0125 x14:10002728  PA:10002734
13548454ns          221889 1c008234 01078793 addi             x15, x15, 16        x15=1c00047c x15:1c00046c
13548474ns          221890 1c008236 01070713 addi             x14, x14, 16        x14=10002738 x14:10002728
13548494ns          221891 1c008220 0007a803 lw               x16, 0(x15)         x16=0e260d8d x15:1c00047c  PA:1c00047c
13548793ns          221906 1c008224 0047a503 lw               x10, 4(x15)         x10=004601bd x15:1c00047c  PA:1c000480
13549111ns          221922 1c008226 0087a583 lw               x11, 8(x15)         x11=0ee30024 x15:1c00047c  PA:1c000484
13549509ns          221942 1c008228 00c7a603 lw               x12, 12(x15)        x12=01070d3c x15:1c00047c  PA:1c000488
13549847ns          221959 1c00822a 01072023 sw               x16, 0(x14)         x16:0e260d8d x14:10002738  PA:10002738
13549867ns          221960 1c00822e 00a72223 sw               x10, 4(x14)         x10:004601bd x14:10002738  PA:1000273c
13549886ns          221961 1c008230 00b72423 sw               x11, 8(x14)         x11:0ee30024 x14:10002738  PA:10002740
13549906ns          221962 1c008232 00c72623 sw               x12, 12(x14)        x12:01070d3c x14:10002738  PA:10002744
13549926ns          221963 1c008234 01078793 addi             x15, x15, 16        x15=1c00048c x15:1c00047c
13549946ns          221964 1c008236 01070713 addi             x14, x14, 16        x14=10002748 x14:10002738
13549966ns          221965 1c008220 0007a803 lw               x16, 0(x15)         x16=001f01bd x15:1c00048c  PA:1c00048c
13550284ns          221981 1c008224 0047a503 lw               x10, 4(x15)         x10=0dd10ef5 x15:1c00048c  PA:1c000490
13550582ns          221996 1c008226 0087a583 lw               x11, 8(x15)         x11=0cc00f4e x15:1c00048c  PA:1c000494
13550881ns          222011 1c008228 00c7a603 lw               x12, 12(x15)        x12=00160ee4 x15:1c00048c  PA:1c000498
13551179ns          222026 1c00822a 01072023 sw               x16, 0(x14)         x16:001f01bd x14:10002748  PA:10002748
13551199ns          222027 1c00822e 00a72223 sw               x10, 4(x14)         x10:0dd10ef5 x14:10002748  PA:1000274c
13551219ns          222028 1c008230 00b72423 sw               x11, 8(x14)         x11:0cc00f4e x14:10002748  PA:10002750
13551239ns          222029 1c008232 00c72623 sw               x12, 12(x14)        x12:00160ee4 x14:10002748  PA:10002754
13551259ns          222030 1c008234 01078793 addi             x15, x15, 16        x15=1c00049c x15:1c00048c
13551279ns          222031 1c008236 01070713 addi             x14, x14, 16        x14=10002758 x14:10002748
13551298ns          222032 1c008220 0007a803 lw               x16, 0(x15)         x16=0fb00f79 x15:1c00049c  PA:1c00049c
13551656ns          222050 1c008224 0047a503 lw               x10, 4(x15)         x10=0fe80029 x15:1c00049c  PA:1c0004a0
13551995ns          222067 1c008226 0087a583 lw               x11, 8(x15)         x11=0eba018c x15:1c00049c  PA:1c0004a4
13552392ns          222087 1c008228 00c7a603 lw               x12, 12(x15)        x12=00e60f76 x15:1c00049c  PA:1c0004a8
13552750ns          222105 1c00822a 01072023 sw               x16, 0(x14)         x16:0fb00f79 x14:10002758  PA:10002758
13552770ns          222106 1c00822e 00a72223 sw               x10, 4(x14)         x10:0fe80029 x14:10002758  PA:1000275c
13552790ns          222107 1c008230 00b72423 sw               x11, 8(x14)         x11:0eba018c x14:10002758  PA:10002760
13552810ns          222108 1c008232 00c72623 sw               x12, 12(x14)        x12:00e60f76 x14:10002758  PA:10002764
13552830ns          222109 1c008234 01078793 addi             x15, x15, 16        x15=1c0004ac x15:1c00049c
13552850ns          222110 1c008236 01070713 addi             x14, x14, 16        x14=10002768 x14:10002758
13552870ns          222111 1c008220 0007a803 lw               x16, 0(x15)         x16=003e0fc4 x15:1c0004ac  PA:1c0004ac
13553188ns          222127 1c008224 0047a503 lw               x10, 4(x15)         x10=0e3e01d6 x15:1c0004ac  PA:1c0004b0
13553486ns          222142 1c008226 0087a583 lw               x11, 8(x15)         x11=0e400b1c x15:1c0004ac  PA:1c0004b4
13553784ns          222157 1c008228 00c7a603 lw               x12, 12(x15)        x12=0caa0f56 x15:1c0004ac  PA:1c0004b8
13554083ns          222172 1c00822a 01072023 sw               x16, 0(x14)         x16:003e0fc4 x14:10002768  PA:10002768
13554103ns          222173 1c00822e 00a72223 sw               x10, 4(x14)         x10:0e3e01d6 x14:10002768  PA:1000276c
13554123ns          222174 1c008230 00b72423 sw               x11, 8(x14)         x11:0e400b1c x14:10002768  PA:10002770
13554142ns          222175 1c008232 00c72623 sw               x12, 12(x14)        x12:0caa0f56 x14:10002768  PA:10002774
13554162ns          222176 1c008234 01078793 addi             x15, x15, 16        x15=1c0004bc x15:1c0004ac
13554182ns          222177 1c008236 01070713 addi             x14, x14, 16        x14=10002778 x14:10002768
13554202ns          222178 1c008220 0007a803 lw               x16, 0(x15)         x16=0ddd02f0 x15:1c0004bc  PA:1c0004bc
13554540ns          222195 1c008224 0047a503 lw               x10, 4(x15)         x10=0117013e x15:1c0004bc  PA:1c0004c0
13554858ns          222211 1c008226 0087a583 lw               x11, 8(x15)         x11=00510db9 x15:1c0004bc  PA:1c0004c4
13555216ns          222229 1c008228 00c7a603 lw               x12, 12(x15)        x12=00a9021b x15:1c0004bc  PA:1c0004c8
13555594ns          222248 1c00822a 01072023 sw               x16, 0(x14)         x16:0ddd02f0 x14:10002778  PA:10002778
13555614ns          222249 1c00822e 00a72223 sw               x10, 4(x14)         x10:0117013e x14:10002778  PA:1000277c
13555634ns          222250 1c008230 00b72423 sw               x11, 8(x14)         x11:00510db9 x14:10002778  PA:10002780
13555654ns          222251 1c008232 00c72623 sw               x12, 12(x14)        x12:00a9021b x14:10002778  PA:10002784
13555674ns          222252 1c008234 01078793 addi             x15, x15, 16        x15=1c0004cc x15:1c0004bc
13555694ns          222253 1c008236 01070713 addi             x14, x14, 16        x14=10002788 x14:10002778
13555714ns          222254 1c008220 0007a803 lw               x16, 0(x15)         x16=0f550239 x15:1c0004cc  PA:1c0004cc
13556032ns          222270 1c008224 0047a503 lw               x10, 4(x15)         x10=0de50f0f x15:1c0004cc  PA:1c0004d0
13556330ns          222285 1c008226 0087a583 lw               x11, 8(x15)         x11=01b80e8a x15:1c0004cc  PA:1c0004d4
13556628ns          222300 1c008228 00c7a603 lw               x12, 12(x15)        x12=0d360e8e x15:1c0004cc  PA:1c0004d8
13556947ns          222316 1c00822a 01072023 sw               x16, 0(x14)         x16:0f550239 x14:10002788  PA:10002788
13556967ns          222317 1c00822e 00a72223 sw               x10, 4(x14)         x10:0de50f0f x14:10002788  PA:1000278c
13556986ns          222318 1c008230 00b72423 sw               x11, 8(x14)         x11:01b80e8a x14:10002788  PA:10002790
13557006ns          222319 1c008232 00c72623 sw               x12, 12(x14)        x12:0d360e8e x14:10002788  PA:10002794
13557026ns          222320 1c008234 01078793 addi             x15, x15, 16        x15=1c0004dc x15:1c0004cc
13557046ns          222321 1c008236 01070713 addi             x14, x14, 16        x14=10002798 x14:10002788
13557066ns          222322 1c008220 0007a803 lw               x16, 0(x15)         x16=0f8b0e44 x15:1c0004dc  PA:1c0004dc
13557384ns          222338 1c008224 0047a503 lw               x10, 4(x15)         x10=0fe10f1e x15:1c0004dc  PA:1c0004e0
13557683ns          222353 1c008226 0087a583 lw               x11, 8(x15)         x11=02990ea9 x15:1c0004dc  PA:1c0004e4
13557981ns          222368 1c008228 00c7a603 lw               x12, 12(x15)        x12=02310f61 x15:1c0004dc  PA:1c0004e8
13558299ns          222384 1c00822a 01072023 sw               x16, 0(x14)         x16:0f8b0e44 x14:10002798  PA:10002798
13558319ns          222385 1c00822e 00a72223 sw               x10, 4(x14)         x10:0fe10f1e x14:10002798  PA:1000279c
13558339ns          222386 1c008230 00b72423 sw               x11, 8(x14)         x11:02990ea9 x14:10002798  PA:100027a0
13558359ns          222387 1c008232 00c72623 sw               x12, 12(x14)        x12:02310f61 x14:10002798  PA:100027a4
13558379ns          222388 1c008234 01078793 addi             x15, x15, 16        x15=1c0004ec x15:1c0004dc
13558398ns          222389 1c008236 01070713 addi             x14, x14, 16        x14=100027a8 x14:10002798
13558418ns          222390 1c008220 0007a803 lw               x16, 0(x15)         x16=02340247 x15:1c0004ec  PA:1c0004ec
13558737ns          222406 1c008224 0047a503 lw               x10, 4(x15)         x10=013e0d31 x15:1c0004ec  PA:1c0004f0
13559134ns          222426 1c008226 0087a583 lw               x11, 8(x15)         x11=0f830e0f x15:1c0004ec  PA:1c0004f4
13559552ns          222447 1c008228 00c7a603 lw               x12, 12(x15)        x12=00890099 x15:1c0004ec  PA:1c0004f8
13559950ns          222467 1c00822a 01072023 sw               x16, 0(x14)         x16:02340247 x14:100027a8  PA:100027a8
13559970ns          222468 1c00822e 00a72223 sw               x10, 4(x14)         x10:013e0d31 x14:100027a8  PA:100027ac
13559990ns          222469 1c008230 00b72423 sw               x11, 8(x14)         x11:0f830e0f x14:100027a8  PA:100027b0
13560009ns          222470 1c008232 00c72623 sw               x12, 12(x14)        x12:00890099 x14:100027a8  PA:100027b4
13560029ns          222471 1c008234 01078793 addi             x15, x15, 16        x15=1c0004fc x15:1c0004ec
13560049ns          222472 1c008236 01070713 addi             x14, x14, 16        x14=100027b8 x14:100027a8
13560069ns          222473 1c008220 0007a803 lw               x16, 0(x15)         x16=009201a1 x15:1c0004fc  PA:1c0004fc
13560367ns          222488 1c008224 0047a503 lw               x10, 4(x15)         x10=01600df1 x15:1c0004fc  PA:1c000500
13560666ns          222503 1c008226 0087a583 lw               x11, 8(x15)         x11=00470f49 x15:1c0004fc  PA:1c000504
13560984ns          222519 1c008228 00c7a603 lw               x12, 12(x15)        x12=014b0e21 x15:1c0004fc  PA:1c000508
13561282ns          222534 1c00822a 01072023 sw               x16, 0(x14)         x16:009201a1 x14:100027b8  PA:100027b8
13561302ns          222535 1c00822e 00a72223 sw               x10, 4(x14)         x10:01600df1 x14:100027b8  PA:100027bc
13561322ns          222536 1c008230 00b72423 sw               x11, 8(x14)         x11:00470f49 x14:100027b8  PA:100027c0
13561342ns          222537 1c008232 00c72623 sw               x12, 12(x14)        x12:014b0e21 x14:100027b8  PA:100027c4
13561362ns          222538 1c008234 01078793 addi             x15, x15, 16        x15=1c00050c x15:1c0004fc
13561382ns          222539 1c008236 01070713 addi             x14, x14, 16        x14=100027c8 x14:100027b8
13561402ns          222540 1c008220 0007a803 lw               x16, 0(x15)         x16=0c1d0000 x15:1c00050c  PA:1c00050c
13561720ns          222556 1c008224 0047a503 lw               x10, 4(x15)         x10=01550032 x15:1c00050c  PA:1c000510
13562197ns          222580 1c008226 0087a583 lw               x11, 8(x15)         x11=01f50246 x15:1c00050c  PA:1c000514
13562595ns          222600 1c008228 00c7a603 lw               x12, 12(x15)        x12=0f9701f2 x15:1c00050c  PA:1c000518
13563012ns          222621 1c00822a 01072023 sw               x16, 0(x14)         x16:0c1d0000 x14:100027c8  PA:100027c8
13563032ns          222622 1c00822e 00a72223 sw               x10, 4(x14)         x10:01550032 x14:100027c8  PA:100027cc
13563052ns          222623 1c008230 00b72423 sw               x11, 8(x14)         x11:01f50246 x14:100027c8  PA:100027d0
13563072ns          222624 1c008232 00c72623 sw               x12, 12(x14)        x12:0f9701f2 x14:100027c8  PA:100027d4
13563092ns          222625 1c008234 01078793 addi             x15, x15, 16        x15=1c00051c x15:1c00050c
13563112ns          222626 1c008236 01070713 addi             x14, x14, 16        x14=100027d8 x14:100027c8
13563132ns          222627 1c008238 f14025f3 csrrs            x11, x0, 0xf14      x11=00000004
13563152ns          222628 1c00823c 1c000537 lui              x10, 0x1c000000     x10=1c000000
13563172ns          222629 1c008240 f455b433 p.bclr           x8, x11, 26, 5       x8=00000004 x11:00000004
13563211ns          222631 1c008244 4055d593 srai             x11, x11, 0x405     x11=00000000 x11:00000004
13563231ns          222632 1c008246 00800633 add              x12, x0, x8         x12=00000004  x8:00000004
13563251ns          222633 1c008248 f265b5b3 p.bclr           x11, x11, 25, 6     x11=00000000 x11:00000000
13563271ns          222634 1c00824c 51c50513 addi             x10, x10, 1308      x10=1c00051c x10:1c000000
13563311ns          222636 1c008250 1b1000ef jal              x1, 2480             x1=1c008254
13563589ns          222650 1c008c00 fc010113 addi             x2, x2, -64          x2=10002288  x2:100022c8
13563629ns          222652 1c008c02 02410313 addi             x6, x2, 36           x6=100022ac  x2:10002288
13563649ns          222653 1c008c06 02c12423 sw               x12, 40(x2)         x12:00000004  x2:10002288  PA:100022b0
13563669ns          222654 1c008c08 00a00633 add              x12, x0, x10        x12=1c00051c x10:1c00051c
13563689ns          222655 1c008c0a 1c009537 lui              x10, 0x1c009000     x10=1c009000
13563709ns          222656 1c008c0e 02b12223 sw               x11, 36(x2)         x11:00000000  x2:10002288  PA:100022ac
13564106ns          222676 1c008c10 02d12623 sw               x13, 44(x2)         x13:0000001f  x2:10002288  PA:100022b4
13564126ns          222677 1c008c12 00200593 addi             x11, x0, 2          x11=00000002
13564146ns          222678 1c008c14 006006b3 add              x13, x0, x6         x13=100022ac  x6:100022ac
13564166ns          222679 1c008c16 b9450513 addi             x10, x10, -1132     x10=1c008b94 x10:1c009000
13564186ns          222680 1c008c1a 00112e23 sw               x1, 28(x2)           x1:1c008254  x2:10002288  PA:100022a4
13564206ns          222681 1c008c1c 02e12823 sw               x14, 48(x2)         x14:100027d8  x2:10002288  PA:100022b8
13564226ns          222682 1c008c1e 02f12a23 sw               x15, 52(x2)         x15:1c00051c  x2:10002288  PA:100022bc
13564623ns          222702 1c008c20 03012c23 sw               x16, 56(x2)         x16:0c1d0000  x2:10002288  PA:100022c0
13564643ns          222703 1c008c22 03112e23 sw               x17, 60(x2)         x17:04870893  x2:10002288  PA:100022c4
13564663ns          222704 1c008c24 00612623 sw               x6, 12(x2)           x6:100022ac  x2:10002288  PA:10002294
13564683ns          222705 1c008c26 fbfff0ef jal              x1, -66              x1=1c008c28
13565160ns          222729 1c008be4 04a0006f jal              x0, 74             
13565200ns          222731 1c008c2e ed010113 addi             x2, x2, -304         x2=10002158  x2:10002288
13565638ns          222753 1c008c30 12812423 sw               x8, 296(x2)          x8:00000004  x2:10002158  PA:10002280
13565677ns          222755 1c008c34 00000413 addi             x8, x0, 0            x8=00000000
13565697ns          222756 1c008c36 11612823 sw               x22, 272(x2)        x22:00000000  x2:10002158  PA:10002268
13565717ns          222757 1c008c3a 11712623 sw               x23, 268(x2)        x23:00000000  x2:10002158  PA:10002264
13566155ns          222779 1c008c3e 11812423 sw               x24, 264(x2)        x24:00000000  x2:10002158  PA:10002260
13566195ns          222781 1c008c42 11912223 sw               x25, 260(x2)        x25:00000000  x2:10002158  PA:1000225c
13566214ns          222782 1c008c46 11a12023 sw               x26, 256(x2)        x26:00000000  x2:10002158  PA:10002258
13566234ns          222783 1c008c4a 0fb12e23 sw               x27, 252(x2)        x27:00000000  x2:10002158  PA:10002254
13566254ns          222784 1c008c4c 12112623 sw               x1, 300(x2)          x1:1c008c28  x2:10002158  PA:10002284
13566672ns          222805 1c008c50 00800db3 add              x27, x0, x8         x27=00000000  x8:00000000
13566712ns          222807 1c008c52 12912223 sw               x9, 292(x2)          x9:00000000  x2:10002158  PA:1000227c
13566732ns          222808 1c008c56 13212023 sw               x18, 288(x2)        x18:00000000  x2:10002158  PA:10002278
13566751ns          222809 1c008c5a 11312e23 sw               x19, 284(x2)        x19:00000000  x2:10002158  PA:10002274
13567189ns          222831 1c008c5e 11412c23 sw               x20, 280(x2)        x20:00000000  x2:10002158  PA:10002270
13567229ns          222833 1c008c62 11512a23 sw               x21, 276(x2)        x21:00000000  x2:10002158  PA:1000226c
13567249ns          222834 1c008c66 00a00b33 add              x22, x0, x10        x22=1c008b94 x10:1c008b94
13567269ns          222835 1c008c68 00b00d33 add              x26, x0, x11        x26=00000002 x11:00000002
13567288ns          222836 1c008c6a 00d00c33 add              x24, x0, x13        x24=100022ac x13:100022ac
13567308ns          222837 1c008c6c 1c000bb7 lui              x23, 0x1c000000     x23=1c000000
13567726ns          222858 1c008c70 02410c93 addi             x25, x2, 36         x25=1000217c  x2:10002158
13567766ns          222860 1c008c74 00c00433 add              x8, x0, x12          x8=1c00051c x12:1c00051c
13567786ns          222861 1c008c76 00044503 lbu              x10, 0(x8)          x10=00000045  x8:1c00051c  PA:1c00051c
13568183ns          222881 1c008c7a 00140413 addi             x8, x8, 1            x8=1c00051d  x8:1c00051c
13568203ns          222882 1c008c7c 00050e63 beq              x10, x0, 28         x10:00000045
13568243ns          222884 1c008c7e 02500793 addi             x15, x0, 37         x15=00000025
13568283ns          222886 1c008c82 04f50863 beq              x10, x15, 80        x10:00000045 x15:00000025
13568303ns          222887 1c008c86 01a005b3 add              x11, x0, x26        x11=00000002 x26:00000002
13568323ns          222888 1c008c88 000b00e7 jalr             x1, x22, 0           x1=1c008c8a x22:1c008b94
13569337ns          222939 1c008b94 000026b7 lui              x13, 0x2000         x13=00002000
13569377ns          222941 1c008b96 f14027f3 csrrs            x15, x0, 0xf14      x15=00000004
13569397ns          222942 1c008b9a f8068693 addi             x13, x13, -128      x13=00001f80 x13:00002000
13569834ns          222964 1c008b9e 00379713 slli             x14, x15, 0x3       x14=00000020 x15:00000004
13569854ns          222965 1c008ba2 00279793 slli             x15, x15, 0x2       x15=00000010 x15:00000004
13569874ns          222966 1c008ba4 00d7f7b3 and              x15, x15, x13       x15=00000000 x15:00000010 x13:00001f80
13569894ns          222967 1c008ba6 ee873733 p.bclr           x14, x14, 23, 8     x14=00000020 x14:00000020
13569914ns          222968 1c008baa 1a10f6b7 lui              x13, 0x1a10f000     x13=1a10f000
13570371ns          222991 1c008bae 0ff57513 andi             x10, x10, 255       x10=00000045 x10:00000045
13570391ns          222992 1c008bb2 00d70733 add              x14, x14, x13       x14=1a10f020 x14:00000020 x13:1a10f000
13570411ns          222993 1c008bb4 00a7e723 p.sw             x10, x0(x15)        x10:00000045 x15:00000000  PA:1a10f020
13570928ns          223019 1c008bb8 00000513 addi             x10, x0, 0          x10=00000000
13570948ns          223020 1c008bba 00008067 jalr             x0, x1, 0            x1:1c008c8a
13571007ns          223023 1c008c8a 31f52563 p.beqimm         x10, 778            x10:00000000
13571027ns          223024 1c008c8e 001d8d93 addi             x27, x27, 1         x27=00000001 x27:00000000
13571047ns          223025 1c008c90 00044503 lbu              x10, 0(x8)          x10=0000006e  x8:1c00051d  PA:1c00051d
13571425ns          223044 1c008c94 00140413 addi             x8, x8, 1            x8=1c00051e  x8:1c00051d
13571445ns          223045 1c008c96 fe0514e3 bne              x10, x0, -24        x10:0000006e
13571544ns          223050 1c008c7e 02500793 addi             x15, x0, 37         x15=00000025
13571564ns          223051 1c008c82 04f50863 beq              x10, x15, 80        x10:0000006e x15:00000025
13571584ns          223052 1c008c86 01a005b3 add              x11, x0, x26        x11=00000002 x26:00000002
13571604ns          223053 1c008c88 000b00e7 jalr             x1, x22, 0           x1=1c008c8a x22:1c008b94
13571644ns          223055 1c008b94 000026b7 lui              x13, 0x2000         x13=00002000
13571664ns          223056 1c008b96 f14027f3 csrrs            x15, x0, 0xf14      x15=00000004
13571684ns          223057 1c008b9a f8068693 addi             x13, x13, -128      x13=00001f80 x13:00002000
13571743ns          223060 1c008b9e 00379713 slli             x14, x15, 0x3       x14=00000020 x15:00000004
13571763ns          223061 1c008ba2 00279793 slli             x15, x15, 0x2       x15=00000010 x15:00000004
13571783ns          223062 1c008ba4 00d7f7b3 and              x15, x15, x13       x15=00000000 x15:00000010 x13:00001f80
13571803ns          223063 1c008ba6 ee873733 p.bclr           x14, x14, 23, 8     x14=00000020 x14:00000020
13571823ns          223064 1c008baa 1a10f6b7 lui              x13, 0x1a10f000     x13=1a10f000
13571843ns          223065 1c008bae 0ff57513 andi             x10, x10, 255       x10=0000006e x10:0000006e
13571863ns          223066 1c008bb2 00d70733 add              x14, x14, x13       x14=1a10f020 x14:00000020 x13:1a10f000
13571883ns          223067 1c008bb4 00a7e723 p.sw             x10, x0(x15)        x10:0000006e x15:00000000  PA:1a10f020
13572400ns          223093 1c008bb8 00000513 addi             x10, x0, 0          x10=00000000
13572420ns          223094 1c008bba 00008067 jalr             x0, x1, 0            x1:1c008c8a
13572479ns          223097 1c008c8a 31f52563 p.beqimm         x10, 778            x10:00000000
13572499ns          223098 1c008c8e 001d8d93 addi             x27, x27, 1         x27=00000002 x27:00000001
13572519ns          223099 1c008c90 00044503 lbu              x10, 0(x8)          x10=00000074  x8:1c00051e  PA:1c00051e
13572837ns          223115 1c008c94 00140413 addi             x8, x8, 1            x8=1c00051f  x8:1c00051e
13572857ns          223116 1c008c96 fe0514e3 bne              x10, x0, -24        x10:00000074
13572937ns          223120 1c008c7e 02500793 addi             x15, x0, 37         x15=00000025
13572956ns          223121 1c008c82 04f50863 beq              x10, x15, 80        x10:00000074 x15:00000025
13572976ns          223122 1c008c86 01a005b3 add              x11, x0, x26        x11=00000002 x26:00000002
13572996ns          223123 1c008c88 000b00e7 jalr             x1, x22, 0           x1=1c008c8a x22:1c008b94
13573036ns          223125 1c008b94 000026b7 lui              x13, 0x2000         x13=00002000
13573056ns          223126 1c008b96 f14027f3 csrrs            x15, x0, 0xf14      x15=00000004
13573076ns          223127 1c008b9a f8068693 addi             x13, x13, -128      x13=00001f80 x13:00002000
13573096ns          223128 1c008b9e 00379713 slli             x14, x15, 0x3       x14=00000020 x15:00000004
13573116ns          223129 1c008ba2 00279793 slli             x15, x15, 0x2       x15=00000010 x15:00000004
13573135ns          223130 1c008ba4 00d7f7b3 and              x15, x15, x13       x15=00000000 x15:00000010 x13:00001f80
13573155ns          223131 1c008ba6 ee873733 p.bclr           x14, x14, 23, 8     x14=00000020 x14:00000020
13573175ns          223132 1c008baa 1a10f6b7 lui              x13, 0x1a10f000     x13=1a10f000
13573195ns          223133 1c008bae 0ff57513 andi             x10, x10, 255       x10=00000074 x10:00000074
13573215ns          223134 1c008bb2 00d70733 add              x14, x14, x13       x14=1a10f020 x14:00000020 x13:1a10f000
13573235ns          223135 1c008bb4 00a7e723 p.sw             x10, x0(x15)        x10:00000074 x15:00000000  PA:1a10f020
13573553ns          223151 1c008bb8 00000513 addi             x10, x0, 0          x10=00000000
13573573ns          223152 1c008bba 00008067 jalr             x0, x1, 0            x1:1c008c8a
13573633ns          223155 1c008c8a 31f52563 p.beqimm         x10, 778            x10:00000000
13573653ns          223156 1c008c8e 001d8d93 addi             x27, x27, 1         x27=00000003 x27:00000002
13573672ns          223157 1c008c90 00044503 lbu              x10, 0(x8)          x10=00000065  x8:1c00051f  PA:1c00051f
13573971ns          223172 1c008c94 00140413 addi             x8, x8, 1            x8=1c000520  x8:1c00051f
13573991ns          223173 1c008c96 fe0514e3 bne              x10, x0, -24        x10:00000065
13574070ns          223177 1c008c7e 02500793 addi             x15, x0, 37         x15=00000025
13574090ns          223178 1c008c82 04f50863 beq              x10, x15, 80        x10:00000065 x15:00000025
13574110ns          223179 1c008c86 01a005b3 add              x11, x0, x26        x11=00000002 x26:00000002
13574130ns          223180 1c008c88 000b00e7 jalr             x1, x22, 0           x1=1c008c8a x22:1c008b94
13574170ns          223182 1c008b94 000026b7 lui              x13, 0x2000         x13=00002000
13574190ns          223183 1c008b96 f14027f3 csrrs            x15, x0, 0xf14      x15=00000004
13574209ns          223184 1c008b9a f8068693 addi             x13, x13, -128      x13=00001f80 x13:00002000
13574229ns          223185 1c008b9e 00379713 slli             x14, x15, 0x3       x14=00000020 x15:00000004
13574249ns          223186 1c008ba2 00279793 slli             x15, x15, 0x2       x15=00000010 x15:00000004
13574269ns          223187 1c008ba4 00d7f7b3 and              x15, x15, x13       x15=00000000 x15:00000010 x13:00001f80
13574289ns          223188 1c008ba6 ee873733 p.bclr           x14, x14, 23, 8     x14=00000020 x14:00000020
13574309ns          223189 1c008baa 1a10f6b7 lui              x13, 0x1a10f000     x13=1a10f000
13574329ns          223190 1c008bae 0ff57513 andi             x10, x10, 255       x10=00000065 x10:00000065
13574349ns          223191 1c008bb2 00d70733 add              x14, x14, x13       x14=1a10f020 x14:00000020 x13:1a10f000
13574369ns          223192 1c008bb4 00a7e723 p.sw             x10, x0(x15)        x10:00000065 x15:00000000  PA:1a10f020
13574687ns          223208 1c008bb8 00000513 addi             x10, x0, 0          x10=00000000
13574707ns          223209 1c008bba 00008067 jalr             x0, x1, 0            x1:1c008c8a
13574766ns          223212 1c008c8a 31f52563 p.beqimm         x10, 778            x10:00000000
13574786ns          223213 1c008c8e 001d8d93 addi             x27, x27, 1         x27=00000004 x27:00000003
13574806ns          223214 1c008c90 00044503 lbu              x10, 0(x8)          x10=00000072  x8:1c000520  PA:1c000520
13575104ns          223229 1c008c94 00140413 addi             x8, x8, 1            x8=1c000521  x8:1c000520
13575124ns          223230 1c008c96 fe0514e3 bne              x10, x0, -24        x10:00000072
13575204ns          223234 1c008c7e 02500793 addi             x15, x0, 37         x15=00000025
13575224ns          223235 1c008c82 04f50863 beq              x10, x15, 80        x10:00000072 x15:00000025
13575244ns          223236 1c008c86 01a005b3 add              x11, x0, x26        x11=00000002 x26:00000002
13575264ns          223237 1c008c88 000b00e7 jalr             x1, x22, 0           x1=1c008c8a x22:1c008b94
13575303ns          223239 1c008b94 000026b7 lui              x13, 0x2000         x13=00002000
13575323ns          223240 1c008b96 f14027f3 csrrs            x15, x0, 0xf14      x15=00000004
13575343ns          223241 1c008b9a f8068693 addi             x13, x13, -128      x13=00001f80 x13:00002000
13575363ns          223242 1c008b9e 00379713 slli             x14, x15, 0x3       x14=00000020 x15:00000004
13575383ns          223243 1c008ba2 00279793 slli             x15, x15, 0x2       x15=00000010 x15:00000004
13575403ns          223244 1c008ba4 00d7f7b3 and              x15, x15, x13       x15=00000000 x15:00000010 x13:00001f80
13575423ns          223245 1c008ba6 ee873733 p.bclr           x14, x14, 23, 8     x14=00000020 x14:00000020
13575442ns          223246 1c008baa 1a10f6b7 lui              x13, 0x1a10f000     x13=1a10f000
13575462ns          223247 1c008bae 0ff57513 andi             x10, x10, 255       x10=00000072 x10:00000072
13575482ns          223248 1c008bb2 00d70733 add              x14, x14, x13       x14=1a10f020 x14:00000020 x13:1a10f000
13575502ns          223249 1c008bb4 00a7e723 p.sw             x10, x0(x15)        x10:00000072 x15:00000000  PA:1a10f020
13575820ns          223265 1c008bb8 00000513 addi             x10, x0, 0          x10=00000000
13575840ns          223266 1c008bba 00008067 jalr             x0, x1, 0            x1:1c008c8a
13575900ns          223269 1c008c8a 31f52563 p.beqimm         x10, 778            x10:00000000
13575920ns          223270 1c008c8e 001d8d93 addi             x27, x27, 1         x27=00000005 x27:00000004
13575940ns          223271 1c008c90 00044503 lbu              x10, 0(x8)          x10=00000065  x8:1c000521  PA:1c000521
13576238ns          223286 1c008c94 00140413 addi             x8, x8, 1            x8=1c000522  x8:1c000521
13576258ns          223287 1c008c96 fe0514e3 bne              x10, x0, -24        x10:00000065
13576337ns          223291 1c008c7e 02500793 addi             x15, x0, 37         x15=00000025
13576357ns          223292 1c008c82 04f50863 beq              x10, x15, 80        x10:00000065 x15:00000025
13576377ns          223293 1c008c86 01a005b3 add              x11, x0, x26        x11=00000002 x26:00000002
13576397ns          223294 1c008c88 000b00e7 jalr             x1, x22, 0           x1=1c008c8a x22:1c008b94
13576437ns          223296 1c008b94 000026b7 lui              x13, 0x2000         x13=00002000
13576457ns          223297 1c008b96 f14027f3 csrrs            x15, x0, 0xf14      x15=00000004
13576477ns          223298 1c008b9a f8068693 addi             x13, x13, -128      x13=00001f80 x13:00002000
13576497ns          223299 1c008b9e 00379713 slli             x14, x15, 0x3       x14=00000020 x15:00000004
13576516ns          223300 1c008ba2 00279793 slli             x15, x15, 0x2       x15=00000010 x15:00000004
13576536ns          223301 1c008ba4 00d7f7b3 and              x15, x15, x13       x15=00000000 x15:00000010 x13:00001f80
13576556ns          223302 1c008ba6 ee873733 p.bclr           x14, x14, 23, 8     x14=00000020 x14:00000020
13576576ns          223303 1c008baa 1a10f6b7 lui              x13, 0x1a10f000     x13=1a10f000
13576596ns          223304 1c008bae 0ff57513 andi             x10, x10, 255       x10=00000065 x10:00000065
13576616ns          223305 1c008bb2 00d70733 add              x14, x14, x13       x14=1a10f020 x14:00000020 x13:1a10f000
13576636ns          223306 1c008bb4 00a7e723 p.sw             x10, x0(x15)        x10:00000065 x15:00000000  PA:1a10f020
13576994ns          223324 1c008bb8 00000513 addi             x10, x0, 0          x10=00000000
13577014ns          223325 1c008bba 00008067 jalr             x0, x1, 0            x1:1c008c8a
13577073ns          223328 1c008c8a 31f52563 p.beqimm         x10, 778            x10:00000000
13577093ns          223329 1c008c8e 001d8d93 addi             x27, x27, 1         x27=00000006 x27:00000005
13577113ns          223330 1c008c90 00044503 lbu              x10, 0(x8)          x10=00000064  x8:1c000522  PA:1c000522
13577411ns          223345 1c008c94 00140413 addi             x8, x8, 1            x8=1c000523  x8:1c000522
13577431ns          223346 1c008c96 fe0514e3 bne              x10, x0, -24        x10:00000064
13577511ns          223350 1c008c7e 02500793 addi             x15, x0, 37         x15=00000025
13577531ns          223351 1c008c82 04f50863 beq              x10, x15, 80        x10:00000064 x15:00000025
13577551ns          223352 1c008c86 01a005b3 add              x11, x0, x26        x11=00000002 x26:00000002
13577571ns          223353 1c008c88 000b00e7 jalr             x1, x22, 0           x1=1c008c8a x22:1c008b94
13577610ns          223355 1c008b94 000026b7 lui              x13, 0x2000         x13=00002000
13577630ns          223356 1c008b96 f14027f3 csrrs            x15, x0, 0xf14      x15=00000004
13577650ns          223357 1c008b9a f8068693 addi             x13, x13, -128      x13=00001f80 x13:00002000
13577670ns          223358 1c008b9e 00379713 slli             x14, x15, 0x3       x14=00000020 x15:00000004
13577690ns          223359 1c008ba2 00279793 slli             x15, x15, 0x2       x15=00000010 x15:00000004
13577710ns          223360 1c008ba4 00d7f7b3 and              x15, x15, x13       x15=00000000 x15:00000010 x13:00001f80
13577730ns          223361 1c008ba6 ee873733 p.bclr           x14, x14, 23, 8     x14=00000020 x14:00000020
13577750ns          223362 1c008baa 1a10f6b7 lui              x13, 0x1a10f000     x13=1a10f000
13577769ns          223363 1c008bae 0ff57513 andi             x10, x10, 255       x10=00000064 x10:00000064
13577789ns          223364 1c008bb2 00d70733 add              x14, x14, x13       x14=1a10f020 x14:00000020 x13:1a10f000
13577809ns          223365 1c008bb4 00a7e723 p.sw             x10, x0(x15)        x10:00000064 x15:00000000  PA:1a10f020
13578147ns          223382 1c008bb8 00000513 addi             x10, x0, 0          x10=00000000
13578167ns          223383 1c008bba 00008067 jalr             x0, x1, 0            x1:1c008c8a
13578227ns          223386 1c008c8a 31f52563 p.beqimm         x10, 778            x10:00000000
13578247ns          223387 1c008c8e 001d8d93 addi             x27, x27, 1         x27=00000007 x27:00000006
13578267ns          223388 1c008c90 00044503 lbu              x10, 0(x8)          x10=00000020  x8:1c000523  PA:1c000523
13578565ns          223403 1c008c94 00140413 addi             x8, x8, 1            x8=1c000524  x8:1c000523
13578585ns          223404 1c008c96 fe0514e3 bne              x10, x0, -24        x10:00000020
13578664ns          223408 1c008c7e 02500793 addi             x15, x0, 37         x15=00000025
13578684ns          223409 1c008c82 04f50863 beq              x10, x15, 80        x10:00000020 x15:00000025
13578704ns          223410 1c008c86 01a005b3 add              x11, x0, x26        x11=00000002 x26:00000002
13578724ns          223411 1c008c88 000b00e7 jalr             x1, x22, 0           x1=1c008c8a x22:1c008b94
13578764ns          223413 1c008b94 000026b7 lui              x13, 0x2000         x13=00002000
13578784ns          223414 1c008b96 f14027f3 csrrs            x15, x0, 0xf14      x15=00000004
13578804ns          223415 1c008b9a f8068693 addi             x13, x13, -128      x13=00001f80 x13:00002000
13578823ns          223416 1c008b9e 00379713 slli             x14, x15, 0x3       x14=00000020 x15:00000004
13578843ns          223417 1c008ba2 00279793 slli             x15, x15, 0x2       x15=00000010 x15:00000004
13578863ns          223418 1c008ba4 00d7f7b3 and              x15, x15, x13       x15=00000000 x15:00000010 x13:00001f80
13578883ns          223419 1c008ba6 ee873733 p.bclr           x14, x14, 23, 8     x14=00000020 x14:00000020
13578903ns          223420 1c008baa 1a10f6b7 lui              x13, 0x1a10f000     x13=1a10f000
13578923ns          223421 1c008bae 0ff57513 andi             x10, x10, 255       x10=00000020 x10:00000020
13578943ns          223422 1c008bb2 00d70733 add              x14, x14, x13       x14=1a10f020 x14:00000020 x13:1a10f000
13578963ns          223423 1c008bb4 00a7e723 p.sw             x10, x0(x15)        x10:00000020 x15:00000000  PA:1a10f020
13579281ns          223439 1c008bb8 00000513 addi             x10, x0, 0          x10=00000000
13579301ns          223440 1c008bba 00008067 jalr             x0, x1, 0            x1:1c008c8a
13579360ns          223443 1c008c8a 31f52563 p.beqimm         x10, 778            x10:00000000
13579380ns          223444 1c008c8e 001d8d93 addi             x27, x27, 1         x27=00000008 x27:00000007
13579400ns          223445 1c008c90 00044503 lbu              x10, 0(x8)          x10=00000063  x8:1c000524  PA:1c000524
13579699ns          223460 1c008c94 00140413 addi             x8, x8, 1            x8=1c000525  x8:1c000524
13579718ns          223461 1c008c96 fe0514e3 bne              x10, x0, -24        x10:00000063
13579798ns          223465 1c008c7e 02500793 addi             x15, x0, 37         x15=00000025
13579818ns          223466 1c008c82 04f50863 beq              x10, x15, 80        x10:00000063 x15:00000025
13579838ns          223467 1c008c86 01a005b3 add              x11, x0, x26        x11=00000002 x26:00000002
13579858ns          223468 1c008c88 000b00e7 jalr             x1, x22, 0           x1=1c008c8a x22:1c008b94
13579897ns          223470 1c008b94 000026b7 lui              x13, 0x2000         x13=00002000
13579917ns          223471 1c008b96 f14027f3 csrrs            x15, x0, 0xf14      x15=00000004
13579937ns          223472 1c008b9a f8068693 addi             x13, x13, -128      x13=00001f80 x13:00002000
13579957ns          223473 1c008b9e 00379713 slli             x14, x15, 0x3       x14=00000020 x15:00000004
13579977ns          223474 1c008ba2 00279793 slli             x15, x15, 0x2       x15=00000010 x15:00000004
13579997ns          223475 1c008ba4 00d7f7b3 and              x15, x15, x13       x15=00000000 x15:00000010 x13:00001f80
13580017ns          223476 1c008ba6 ee873733 p.bclr           x14, x14, 23, 8     x14=00000020 x14:00000020
13580037ns          223477 1c008baa 1a10f6b7 lui              x13, 0x1a10f000     x13=1a10f000
13580057ns          223478 1c008bae 0ff57513 andi             x10, x10, 255       x10=00000063 x10:00000063
13580076ns          223479 1c008bb2 00d70733 add              x14, x14, x13       x14=1a10f020 x14:00000020 x13:1a10f000
13580096ns          223480 1c008bb4 00a7e723 p.sw             x10, x0(x15)        x10:00000063 x15:00000000  PA:1a10f020
13580434ns          223497 1c008bb8 00000513 addi             x10, x0, 0          x10=00000000
13580454ns          223498 1c008bba 00008067 jalr             x0, x1, 0            x1:1c008c8a
13580514ns          223501 1c008c8a 31f52563 p.beqimm         x10, 778            x10:00000000
13580534ns          223502 1c008c8e 001d8d93 addi             x27, x27, 1         x27=00000009 x27:00000008
13580554ns          223503 1c008c90 00044503 lbu              x10, 0(x8)          x10=0000006c  x8:1c000525  PA:1c000525
13580852ns          223518 1c008c94 00140413 addi             x8, x8, 1            x8=1c000526  x8:1c000525
13580872ns          223519 1c008c96 fe0514e3 bne              x10, x0, -24        x10:0000006c
13580951ns          223523 1c008c7e 02500793 addi             x15, x0, 37         x15=00000025
13580971ns          223524 1c008c82 04f50863 beq              x10, x15, 80        x10:0000006c x15:00000025
13580991ns          223525 1c008c86 01a005b3 add              x11, x0, x26        x11=00000002 x26:00000002
13581011ns          223526 1c008c88 000b00e7 jalr             x1, x22, 0           x1=1c008c8a x22:1c008b94
13581051ns          223528 1c008b94 000026b7 lui              x13, 0x2000         x13=00002000
13581071ns          223529 1c008b96 f14027f3 csrrs            x15, x0, 0xf14      x15=00000004
13581091ns          223530 1c008b9a f8068693 addi             x13, x13, -128      x13=00001f80 x13:00002000
13581111ns          223531 1c008b9e 00379713 slli             x14, x15, 0x3       x14=00000020 x15:00000004
13581130ns          223532 1c008ba2 00279793 slli             x15, x15, 0x2       x15=00000010 x15:00000004
13581150ns          223533 1c008ba4 00d7f7b3 and              x15, x15, x13       x15=00000000 x15:00000010 x13:00001f80
13581170ns          223534 1c008ba6 ee873733 p.bclr           x14, x14, 23, 8     x14=00000020 x14:00000020
13581190ns          223535 1c008baa 1a10f6b7 lui              x13, 0x1a10f000     x13=1a10f000
13581210ns          223536 1c008bae 0ff57513 andi             x10, x10, 255       x10=0000006c x10:0000006c
13581230ns          223537 1c008bb2 00d70733 add              x14, x14, x13       x14=1a10f020 x14:00000020 x13:1a10f000
13581250ns          223538 1c008bb4 00a7e723 p.sw             x10, x0(x15)        x10:0000006c x15:00000000  PA:1a10f020
13581608ns          223556 1c008bb8 00000513 addi             x10, x0, 0          x10=00000000
13581628ns          223557 1c008bba 00008067 jalr             x0, x1, 0            x1:1c008c8a
13581687ns          223560 1c008c8a 31f52563 p.beqimm         x10, 778            x10:00000000
13581707ns          223561 1c008c8e 001d8d93 addi             x27, x27, 1         x27=0000000a x27:00000009
13581727ns          223562 1c008c90 00044503 lbu              x10, 0(x8)          x10=00000075  x8:1c000526  PA:1c000526
13582045ns          223578 1c008c94 00140413 addi             x8, x8, 1            x8=1c000527  x8:1c000526
13582065ns          223579 1c008c96 fe0514e3 bne              x10, x0, -24        x10:00000075
13582145ns          223583 1c008c7e 02500793 addi             x15, x0, 37         x15=00000025
13582165ns          223584 1c008c82 04f50863 beq              x10, x15, 80        x10:00000075 x15:00000025
13582185ns          223585 1c008c86 01a005b3 add              x11, x0, x26        x11=00000002 x26:00000002
13582204ns          223586 1c008c88 000b00e7 jalr             x1, x22, 0           x1=1c008c8a x22:1c008b94
13582244ns          223588 1c008b94 000026b7 lui              x13, 0x2000         x13=00002000
13582264ns          223589 1c008b96 f14027f3 csrrs            x15, x0, 0xf14      x15=00000004
13582284ns          223590 1c008b9a f8068693 addi             x13, x13, -128      x13=00001f80 x13:00002000
13582304ns          223591 1c008b9e 00379713 slli             x14, x15, 0x3       x14=00000020 x15:00000004
13582324ns          223592 1c008ba2 00279793 slli             x15, x15, 0x2       x15=00000010 x15:00000004
13582344ns          223593 1c008ba4 00d7f7b3 and              x15, x15, x13       x15=00000000 x15:00000010 x13:00001f80
13582364ns          223594 1c008ba6 ee873733 p.bclr           x14, x14, 23, 8     x14=00000020 x14:00000020
13582383ns          223595 1c008baa 1a10f6b7 lui              x13, 0x1a10f000     x13=1a10f000
13582403ns          223596 1c008bae 0ff57513 andi             x10, x10, 255       x10=00000075 x10:00000075
13582423ns          223597 1c008bb2 00d70733 add              x14, x14, x13       x14=1a10f020 x14:00000020 x13:1a10f000
13582443ns          223598 1c008bb4 00a7e723 p.sw             x10, x0(x15)        x10:00000075 x15:00000000  PA:1a10f020
13582781ns          223615 1c008bb8 00000513 addi             x10, x0, 0          x10=00000000
13582801ns          223616 1c008bba 00008067 jalr             x0, x1, 0            x1:1c008c8a
13582861ns          223619 1c008c8a 31f52563 p.beqimm         x10, 778            x10:00000000
13582881ns          223620 1c008c8e 001d8d93 addi             x27, x27, 1         x27=0000000b x27:0000000a
13582900ns          223621 1c008c90 00044503 lbu              x10, 0(x8)          x10=00000073  x8:1c000527  PA:1c000527
13583199ns          223636 1c008c94 00140413 addi             x8, x8, 1            x8=1c000528  x8:1c000527
13583219ns          223637 1c008c96 fe0514e3 bne              x10, x0, -24        x10:00000073
13583298ns          223641 1c008c7e 02500793 addi             x15, x0, 37         x15=00000025
13583318ns          223642 1c008c82 04f50863 beq              x10, x15, 80        x10:00000073 x15:00000025
13583338ns          223643 1c008c86 01a005b3 add              x11, x0, x26        x11=00000002 x26:00000002
13583358ns          223644 1c008c88 000b00e7 jalr             x1, x22, 0           x1=1c008c8a x22:1c008b94
13583398ns          223646 1c008b94 000026b7 lui              x13, 0x2000         x13=00002000
13583418ns          223647 1c008b96 f14027f3 csrrs            x15, x0, 0xf14      x15=00000004
13583437ns          223648 1c008b9a f8068693 addi             x13, x13, -128      x13=00001f80 x13:00002000
13583457ns          223649 1c008b9e 00379713 slli             x14, x15, 0x3       x14=00000020 x15:00000004
13583477ns          223650 1c008ba2 00279793 slli             x15, x15, 0x2       x15=00000010 x15:00000004
13583497ns          223651 1c008ba4 00d7f7b3 and              x15, x15, x13       x15=00000000 x15:00000010 x13:00001f80
13583517ns          223652 1c008ba6 ee873733 p.bclr           x14, x14, 23, 8     x14=00000020 x14:00000020
13583537ns          223653 1c008baa 1a10f6b7 lui              x13, 0x1a10f000     x13=1a10f000
13583557ns          223654 1c008bae 0ff57513 andi             x10, x10, 255       x10=00000073 x10:00000073
13583577ns          223655 1c008bb2 00d70733 add              x14, x14, x13       x14=1a10f020 x14:00000020 x13:1a10f000
13583597ns          223656 1c008bb4 00a7e723 p.sw             x10, x0(x15)        x10:00000073 x15:00000000  PA:1a10f020
13583935ns          223673 1c008bb8 00000513 addi             x10, x0, 0          x10=00000000
13583955ns          223674 1c008bba 00008067 jalr             x0, x1, 0            x1:1c008c8a
13584014ns          223677 1c008c8a 31f52563 p.beqimm         x10, 778            x10:00000000
13584034ns          223678 1c008c8e 001d8d93 addi             x27, x27, 1         x27=0000000c x27:0000000b
13584054ns          223679 1c008c90 00044503 lbu              x10, 0(x8)          x10=00000074  x8:1c000528  PA:1c000528
13584352ns          223694 1c008c94 00140413 addi             x8, x8, 1            x8=1c000529  x8:1c000528
13584372ns          223695 1c008c96 fe0514e3 bne              x10, x0, -24        x10:00000074
13584452ns          223699 1c008c7e 02500793 addi             x15, x0, 37         x15=00000025
13584472ns          223700 1c008c82 04f50863 beq              x10, x15, 80        x10:00000074 x15:00000025
13584492ns          223701 1c008c86 01a005b3 add              x11, x0, x26        x11=00000002 x26:00000002
13584511ns          223702 1c008c88 000b00e7 jalr             x1, x22, 0           x1=1c008c8a x22:1c008b94
13584551ns          223704 1c008b94 000026b7 lui              x13, 0x2000         x13=00002000
13584571ns          223705 1c008b96 f14027f3 csrrs            x15, x0, 0xf14      x15=00000004
13584591ns          223706 1c008b9a f8068693 addi             x13, x13, -128      x13=00001f80 x13:00002000
13584611ns          223707 1c008b9e 00379713 slli             x14, x15, 0x3       x14=00000020 x15:00000004
13584631ns          223708 1c008ba2 00279793 slli             x15, x15, 0x2       x15=00000010 x15:00000004
13584651ns          223709 1c008ba4 00d7f7b3 and              x15, x15, x13       x15=00000000 x15:00000010 x13:00001f80
13584671ns          223710 1c008ba6 ee873733 p.bclr           x14, x14, 23, 8     x14=00000020 x14:00000020
13584690ns          223711 1c008baa 1a10f6b7 lui              x13, 0x1a10f000     x13=1a10f000
13584710ns          223712 1c008bae 0ff57513 andi             x10, x10, 255       x10=00000074 x10:00000074
13584730ns          223713 1c008bb2 00d70733 add              x14, x14, x13       x14=1a10f020 x14:00000020 x13:1a10f000
13584750ns          223714 1c008bb4 00a7e723 p.sw             x10, x0(x15)        x10:00000074 x15:00000000  PA:1a10f020
13585088ns          223731 1c008bb8 00000513 addi             x10, x0, 0          x10=00000000
13585108ns          223732 1c008bba 00008067 jalr             x0, x1, 0            x1:1c008c8a
13585168ns          223735 1c008c8a 31f52563 p.beqimm         x10, 778            x10:00000000
13585188ns          223736 1c008c8e 001d8d93 addi             x27, x27, 1         x27=0000000d x27:0000000c
13585208ns          223737 1c008c90 00044503 lbu              x10, 0(x8)          x10=00000065  x8:1c000529  PA:1c000529
13585506ns          223752 1c008c94 00140413 addi             x8, x8, 1            x8=1c00052a  x8:1c000529
13585526ns          223753 1c008c96 fe0514e3 bne              x10, x0, -24        x10:00000065
13585605ns          223757 1c008c7e 02500793 addi             x15, x0, 37         x15=00000025
13585625ns          223758 1c008c82 04f50863 beq              x10, x15, 80        x10:00000065 x15:00000025
13585645ns          223759 1c008c86 01a005b3 add              x11, x0, x26        x11=00000002 x26:00000002
13585665ns          223760 1c008c88 000b00e7 jalr             x1, x22, 0           x1=1c008c8a x22:1c008b94
13585705ns          223762 1c008b94 000026b7 lui              x13, 0x2000         x13=00002000
13585725ns          223763 1c008b96 f14027f3 csrrs            x15, x0, 0xf14      x15=00000004
13585744ns          223764 1c008b9a f8068693 addi             x13, x13, -128      x13=00001f80 x13:00002000
13585764ns          223765 1c008b9e 00379713 slli             x14, x15, 0x3       x14=00000020 x15:00000004
13585784ns          223766 1c008ba2 00279793 slli             x15, x15, 0x2       x15=00000010 x15:00000004
13585804ns          223767 1c008ba4 00d7f7b3 and              x15, x15, x13       x15=00000000 x15:00000010 x13:00001f80
13585824ns          223768 1c008ba6 ee873733 p.bclr           x14, x14, 23, 8     x14=00000020 x14:00000020
13585844ns          223769 1c008baa 1a10f6b7 lui              x13, 0x1a10f000     x13=1a10f000
13585864ns          223770 1c008bae 0ff57513 andi             x10, x10, 255       x10=00000065 x10:00000065
13585884ns          223771 1c008bb2 00d70733 add              x14, x14, x13       x14=1a10f020 x14:00000020 x13:1a10f000
13585904ns          223772 1c008bb4 00a7e723 p.sw             x10, x0(x15)        x10:00000065 x15:00000000  PA:1a10f020
13586222ns          223788 1c008bb8 00000513 addi             x10, x0, 0          x10=00000000
13586242ns          223789 1c008bba 00008067 jalr             x0, x1, 0            x1:1c008c8a
13586301ns          223792 1c008c8a 31f52563 p.beqimm         x10, 778            x10:00000000
13586321ns          223793 1c008c8e 001d8d93 addi             x27, x27, 1         x27=0000000e x27:0000000d
13586341ns          223794 1c008c90 00044503 lbu              x10, 0(x8)          x10=00000072  x8:1c00052a  PA:1c00052a
13586639ns          223809 1c008c94 00140413 addi             x8, x8, 1            x8=1c00052b  x8:1c00052a
13586659ns          223810 1c008c96 fe0514e3 bne              x10, x0, -24        x10:00000072
13586739ns          223814 1c008c7e 02500793 addi             x15, x0, 37         x15=00000025
13586759ns          223815 1c008c82 04f50863 beq              x10, x15, 80        x10:00000072 x15:00000025
13586779ns          223816 1c008c86 01a005b3 add              x11, x0, x26        x11=00000002 x26:00000002
13586799ns          223817 1c008c88 000b00e7 jalr             x1, x22, 0           x1=1c008c8a x22:1c008b94
13586838ns          223819 1c008b94 000026b7 lui              x13, 0x2000         x13=00002000
13586858ns          223820 1c008b96 f14027f3 csrrs            x15, x0, 0xf14      x15=00000004
13586878ns          223821 1c008b9a f8068693 addi             x13, x13, -128      x13=00001f80 x13:00002000
13586898ns          223822 1c008b9e 00379713 slli             x14, x15, 0x3       x14=00000020 x15:00000004
13586918ns          223823 1c008ba2 00279793 slli             x15, x15, 0x2       x15=00000010 x15:00000004
13586938ns          223824 1c008ba4 00d7f7b3 and              x15, x15, x13       x15=00000000 x15:00000010 x13:00001f80
13586958ns          223825 1c008ba6 ee873733 p.bclr           x14, x14, 23, 8     x14=00000020 x14:00000020
13586978ns          223826 1c008baa 1a10f6b7 lui              x13, 0x1a10f000     x13=1a10f000
13586997ns          223827 1c008bae 0ff57513 andi             x10, x10, 255       x10=00000072 x10:00000072
13587017ns          223828 1c008bb2 00d70733 add              x14, x14, x13       x14=1a10f020 x14:00000020 x13:1a10f000
13587037ns          223829 1c008bb4 00a7e723 p.sw             x10, x0(x15)        x10:00000072 x15:00000000  PA:1a10f020
13587375ns          223846 1c008bb8 00000513 addi             x10, x0, 0          x10=00000000
13587395ns          223847 1c008bba 00008067 jalr             x0, x1, 0            x1:1c008c8a
13587455ns          223850 1c008c8a 31f52563 p.beqimm         x10, 778            x10:00000000
13587475ns          223851 1c008c8e 001d8d93 addi             x27, x27, 1         x27=0000000f x27:0000000e
13587495ns          223852 1c008c90 00044503 lbu              x10, 0(x8)          x10=00000020  x8:1c00052b  PA:1c00052b
13587793ns          223867 1c008c94 00140413 addi             x8, x8, 1            x8=1c00052c  x8:1c00052b
13587813ns          223868 1c008c96 fe0514e3 bne              x10, x0, -24        x10:00000020
13587892ns          223872 1c008c7e 02500793 addi             x15, x0, 37         x15=00000025
13587912ns          223873 1c008c82 04f50863 beq              x10, x15, 80        x10:00000020 x15:00000025
13587932ns          223874 1c008c86 01a005b3 add              x11, x0, x26        x11=00000002 x26:00000002
13587952ns          223875 1c008c88 000b00e7 jalr             x1, x22, 0           x1=1c008c8a x22:1c008b94
13587992ns          223877 1c008b94 000026b7 lui              x13, 0x2000         x13=00002000
13588012ns          223878 1c008b96 f14027f3 csrrs            x15, x0, 0xf14      x15=00000004
13588032ns          223879 1c008b9a f8068693 addi             x13, x13, -128      x13=00001f80 x13:00002000
13588051ns          223880 1c008b9e 00379713 slli             x14, x15, 0x3       x14=00000020 x15:00000004
13588071ns          223881 1c008ba2 00279793 slli             x15, x15, 0x2       x15=00000010 x15:00000004
13588091ns          223882 1c008ba4 00d7f7b3 and              x15, x15, x13       x15=00000000 x15:00000010 x13:00001f80
13588111ns          223883 1c008ba6 ee873733 p.bclr           x14, x14, 23, 8     x14=00000020 x14:00000020
13588131ns          223884 1c008baa 1a10f6b7 lui              x13, 0x1a10f000     x13=1a10f000
13588151ns          223885 1c008bae 0ff57513 andi             x10, x10, 255       x10=00000020 x10:00000020
13588171ns          223886 1c008bb2 00d70733 add              x14, x14, x13       x14=1a10f020 x14:00000020 x13:1a10f000
13588191ns          223887 1c008bb4 00a7e723 p.sw             x10, x0(x15)        x10:00000020 x15:00000000  PA:1a10f020
13588509ns          223903 1c008bb8 00000513 addi             x10, x0, 0          x10=00000000
13588529ns          223904 1c008bba 00008067 jalr             x0, x1, 0            x1:1c008c8a
13588588ns          223907 1c008c8a 31f52563 p.beqimm         x10, 778            x10:00000000
13588608ns          223908 1c008c8e 001d8d93 addi             x27, x27, 1         x27=00000010 x27:0000000f
13588628ns          223909 1c008c90 00044503 lbu              x10, 0(x8)          x10=0000006f  x8:1c00052c  PA:1c00052c
13588927ns          223924 1c008c94 00140413 addi             x8, x8, 1            x8=1c00052d  x8:1c00052c
13588946ns          223925 1c008c96 fe0514e3 bne              x10, x0, -24        x10:0000006f
13589026ns          223929 1c008c7e 02500793 addi             x15, x0, 37         x15=00000025
13589046ns          223930 1c008c82 04f50863 beq              x10, x15, 80        x10:0000006f x15:00000025
13589066ns          223931 1c008c86 01a005b3 add              x11, x0, x26        x11=00000002 x26:00000002
13589086ns          223932 1c008c88 000b00e7 jalr             x1, x22, 0           x1=1c008c8a x22:1c008b94
13589125ns          223934 1c008b94 000026b7 lui              x13, 0x2000         x13=00002000
13589145ns          223935 1c008b96 f14027f3 csrrs            x15, x0, 0xf14      x15=00000004
13589165ns          223936 1c008b9a f8068693 addi             x13, x13, -128      x13=00001f80 x13:00002000
13589185ns          223937 1c008b9e 00379713 slli             x14, x15, 0x3       x14=00000020 x15:00000004
13589205ns          223938 1c008ba2 00279793 slli             x15, x15, 0x2       x15=00000010 x15:00000004
13589225ns          223939 1c008ba4 00d7f7b3 and              x15, x15, x13       x15=00000000 x15:00000010 x13:00001f80
13589245ns          223940 1c008ba6 ee873733 p.bclr           x14, x14, 23, 8     x14=00000020 x14:00000020
13589265ns          223941 1c008baa 1a10f6b7 lui              x13, 0x1a10f000     x13=1a10f000
13589285ns          223942 1c008bae 0ff57513 andi             x10, x10, 255       x10=0000006f x10:0000006f
13589304ns          223943 1c008bb2 00d70733 add              x14, x14, x13       x14=1a10f020 x14:00000020 x13:1a10f000
13589324ns          223944 1c008bb4 00a7e723 p.sw             x10, x0(x15)        x10:0000006f x15:00000000  PA:1a10f020
13589662ns          223961 1c008bb8 00000513 addi             x10, x0, 0          x10=00000000
13589682ns          223962 1c008bba 00008067 jalr             x0, x1, 0            x1:1c008c8a
13589742ns          223965 1c008c8a 31f52563 p.beqimm         x10, 778            x10:00000000
13589762ns          223966 1c008c8e 001d8d93 addi             x27, x27, 1         x27=00000011 x27:00000010
13589782ns          223967 1c008c90 00044503 lbu              x10, 0(x8)          x10=0000006e  x8:1c00052d  PA:1c00052d
13590080ns          223982 1c008c94 00140413 addi             x8, x8, 1            x8=1c00052e  x8:1c00052d
13590100ns          223983 1c008c96 fe0514e3 bne              x10, x0, -24        x10:0000006e
13590180ns          223987 1c008c7e 02500793 addi             x15, x0, 37         x15=00000025
13590199ns          223988 1c008c82 04f50863 beq              x10, x15, 80        x10:0000006e x15:00000025
13590219ns          223989 1c008c86 01a005b3 add              x11, x0, x26        x11=00000002 x26:00000002
13590239ns          223990 1c008c88 000b00e7 jalr             x1, x22, 0           x1=1c008c8a x22:1c008b94
13590279ns          223992 1c008b94 000026b7 lui              x13, 0x2000         x13=00002000
13590299ns          223993 1c008b96 f14027f3 csrrs            x15, x0, 0xf14      x15=00000004
13590319ns          223994 1c008b9a f8068693 addi             x13, x13, -128      x13=00001f80 x13:00002000
13590339ns          223995 1c008b9e 00379713 slli             x14, x15, 0x3       x14=00000020 x15:00000004
13590358ns          223996 1c008ba2 00279793 slli             x15, x15, 0x2       x15=00000010 x15:00000004
13590378ns          223997 1c008ba4 00d7f7b3 and              x15, x15, x13       x15=00000000 x15:00000010 x13:00001f80
13590398ns          223998 1c008ba6 ee873733 p.bclr           x14, x14, 23, 8     x14=00000020 x14:00000020
13590418ns          223999 1c008baa 1a10f6b7 lui              x13, 0x1a10f000     x13=1a10f000
13590438ns          224000 1c008bae 0ff57513 andi             x10, x10, 255       x10=0000006e x10:0000006e
13590458ns          224001 1c008bb2 00d70733 add              x14, x14, x13       x14=1a10f020 x14:00000020 x13:1a10f000
13590478ns          224002 1c008bb4 00a7e723 p.sw             x10, x0(x15)        x10:0000006e x15:00000000  PA:1a10f020
13590836ns          224020 1c008bb8 00000513 addi             x10, x0, 0          x10=00000000
13590856ns          224021 1c008bba 00008067 jalr             x0, x1, 0            x1:1c008c8a
13590915ns          224024 1c008c8a 31f52563 p.beqimm         x10, 778            x10:00000000
13590935ns          224025 1c008c8e 001d8d93 addi             x27, x27, 1         x27=00000012 x27:00000011
13590955ns          224026 1c008c90 00044503 lbu              x10, 0(x8)          x10=00000020  x8:1c00052e  PA:1c00052e
13591273ns          224042 1c008c94 00140413 addi             x8, x8, 1            x8=1c00052f  x8:1c00052e
13591293ns          224043 1c008c96 fe0514e3 bne              x10, x0, -24        x10:00000020
13591373ns          224047 1c008c7e 02500793 addi             x15, x0, 37         x15=00000025
13591393ns          224048 1c008c82 04f50863 beq              x10, x15, 80        x10:00000020 x15:00000025
13591413ns          224049 1c008c86 01a005b3 add              x11, x0, x26        x11=00000002 x26:00000002
13591432ns          224050 1c008c88 000b00e7 jalr             x1, x22, 0           x1=1c008c8a x22:1c008b94
13591472ns          224052 1c008b94 000026b7 lui              x13, 0x2000         x13=00002000
13591492ns          224053 1c008b96 f14027f3 csrrs            x15, x0, 0xf14      x15=00000004
13591512ns          224054 1c008b9a f8068693 addi             x13, x13, -128      x13=00001f80 x13:00002000
13591532ns          224055 1c008b9e 00379713 slli             x14, x15, 0x3       x14=00000020 x15:00000004
13591552ns          224056 1c008ba2 00279793 slli             x15, x15, 0x2       x15=00000010 x15:00000004
13591572ns          224057 1c008ba4 00d7f7b3 and              x15, x15, x13       x15=00000000 x15:00000010 x13:00001f80
13591592ns          224058 1c008ba6 ee873733 p.bclr           x14, x14, 23, 8     x14=00000020 x14:00000020
13591611ns          224059 1c008baa 1a10f6b7 lui              x13, 0x1a10f000     x13=1a10f000
13591631ns          224060 1c008bae 0ff57513 andi             x10, x10, 255       x10=00000020 x10:00000020
13591651ns          224061 1c008bb2 00d70733 add              x14, x14, x13       x14=1a10f020 x14:00000020 x13:1a10f000
13591671ns          224062 1c008bb4 00a7e723 p.sw             x10, x0(x15)        x10:00000020 x15:00000000  PA:1a10f020
13592009ns          224079 1c008bb8 00000513 addi             x10, x0, 0          x10=00000000
13592029ns          224080 1c008bba 00008067 jalr             x0, x1, 0            x1:1c008c8a
13592089ns          224083 1c008c8a 31f52563 p.beqimm         x10, 778            x10:00000000
13592109ns          224084 1c008c8e 001d8d93 addi             x27, x27, 1         x27=00000013 x27:00000012
13592129ns          224085 1c008c90 00044503 lbu              x10, 0(x8)          x10=00000063  x8:1c00052f  PA:1c00052f
13592427ns          224100 1c008c94 00140413 addi             x8, x8, 1            x8=1c000530  x8:1c00052f
13592447ns          224101 1c008c96 fe0514e3 bne              x10, x0, -24        x10:00000063
13592526ns          224105 1c008c7e 02500793 addi             x15, x0, 37         x15=00000025
13592546ns          224106 1c008c82 04f50863 beq              x10, x15, 80        x10:00000063 x15:00000025
13592566ns          224107 1c008c86 01a005b3 add              x11, x0, x26        x11=00000002 x26:00000002
13592586ns          224108 1c008c88 000b00e7 jalr             x1, x22, 0           x1=1c008c8a x22:1c008b94
13592626ns          224110 1c008b94 000026b7 lui              x13, 0x2000         x13=00002000
13592646ns          224111 1c008b96 f14027f3 csrrs            x15, x0, 0xf14      x15=00000004
13592666ns          224112 1c008b9a f8068693 addi             x13, x13, -128      x13=00001f80 x13:00002000
13592685ns          224113 1c008b9e 00379713 slli             x14, x15, 0x3       x14=00000020 x15:00000004
13592705ns          224114 1c008ba2 00279793 slli             x15, x15, 0x2       x15=00000010 x15:00000004
13592725ns          224115 1c008ba4 00d7f7b3 and              x15, x15, x13       x15=00000000 x15:00000010 x13:00001f80
13592745ns          224116 1c008ba6 ee873733 p.bclr           x14, x14, 23, 8     x14=00000020 x14:00000020
13592765ns          224117 1c008baa 1a10f6b7 lui              x13, 0x1a10f000     x13=1a10f000
13592785ns          224118 1c008bae 0ff57513 andi             x10, x10, 255       x10=00000063 x10:00000063
13592805ns          224119 1c008bb2 00d70733 add              x14, x14, x13       x14=1a10f020 x14:00000020 x13:1a10f000
13592825ns          224120 1c008bb4 00a7e723 p.sw             x10, x0(x15)        x10:00000063 x15:00000000  PA:1a10f020
13593163ns          224137 1c008bb8 00000513 addi             x10, x0, 0          x10=00000000
13593183ns          224138 1c008bba 00008067 jalr             x0, x1, 0            x1:1c008c8a
13593242ns          224141 1c008c8a 31f52563 p.beqimm         x10, 778            x10:00000000
13593262ns          224142 1c008c8e 001d8d93 addi             x27, x27, 1         x27=00000014 x27:00000013
13593282ns          224143 1c008c90 00044503 lbu              x10, 0(x8)          x10=0000006c  x8:1c000530  PA:1c000530
13593580ns          224158 1c008c94 00140413 addi             x8, x8, 1            x8=1c000531  x8:1c000530
13593600ns          224159 1c008c96 fe0514e3 bne              x10, x0, -24        x10:0000006c
13593680ns          224163 1c008c7e 02500793 addi             x15, x0, 37         x15=00000025
13593700ns          224164 1c008c82 04f50863 beq              x10, x15, 80        x10:0000006c x15:00000025
13593720ns          224165 1c008c86 01a005b3 add              x11, x0, x26        x11=00000002 x26:00000002
13593739ns          224166 1c008c88 000b00e7 jalr             x1, x22, 0           x1=1c008c8a x22:1c008b94
13593779ns          224168 1c008b94 000026b7 lui              x13, 0x2000         x13=00002000
13593799ns          224169 1c008b96 f14027f3 csrrs            x15, x0, 0xf14      x15=00000004
13593819ns          224170 1c008b9a f8068693 addi             x13, x13, -128      x13=00001f80 x13:00002000
13593839ns          224171 1c008b9e 00379713 slli             x14, x15, 0x3       x14=00000020 x15:00000004
13593859ns          224172 1c008ba2 00279793 slli             x15, x15, 0x2       x15=00000010 x15:00000004
13593879ns          224173 1c008ba4 00d7f7b3 and              x15, x15, x13       x15=00000000 x15:00000010 x13:00001f80
13593899ns          224174 1c008ba6 ee873733 p.bclr           x14, x14, 23, 8     x14=00000020 x14:00000020
13593918ns          224175 1c008baa 1a10f6b7 lui              x13, 0x1a10f000     x13=1a10f000
13593938ns          224176 1c008bae 0ff57513 andi             x10, x10, 255       x10=0000006c x10:0000006c
13593958ns          224177 1c008bb2 00d70733 add              x14, x14, x13       x14=1a10f020 x14:00000020 x13:1a10f000
13593978ns          224178 1c008bb4 00a7e723 p.sw             x10, x0(x15)        x10:0000006c x15:00000000  PA:1a10f020
13594316ns          224195 1c008bb8 00000513 addi             x10, x0, 0          x10=00000000
13594336ns          224196 1c008bba 00008067 jalr             x0, x1, 0            x1:1c008c8a
13594396ns          224199 1c008c8a 31f52563 p.beqimm         x10, 778            x10:00000000
13594416ns          224200 1c008c8e 001d8d93 addi             x27, x27, 1         x27=00000015 x27:00000014
13594436ns          224201 1c008c90 00044503 lbu              x10, 0(x8)          x10=00000075  x8:1c000531  PA:1c000531
13594734ns          224216 1c008c94 00140413 addi             x8, x8, 1            x8=1c000532  x8:1c000531
13594754ns          224217 1c008c96 fe0514e3 bne              x10, x0, -24        x10:00000075
13594833ns          224221 1c008c7e 02500793 addi             x15, x0, 37         x15=00000025
13594853ns          224222 1c008c82 04f50863 beq              x10, x15, 80        x10:00000075 x15:00000025
13594873ns          224223 1c008c86 01a005b3 add              x11, x0, x26        x11=00000002 x26:00000002
13594893ns          224224 1c008c88 000b00e7 jalr             x1, x22, 0           x1=1c008c8a x22:1c008b94
13594933ns          224226 1c008b94 000026b7 lui              x13, 0x2000         x13=00002000
13594953ns          224227 1c008b96 f14027f3 csrrs            x15, x0, 0xf14      x15=00000004
13594973ns          224228 1c008b9a f8068693 addi             x13, x13, -128      x13=00001f80 x13:00002000
13594992ns          224229 1c008b9e 00379713 slli             x14, x15, 0x3       x14=00000020 x15:00000004
13595012ns          224230 1c008ba2 00279793 slli             x15, x15, 0x2       x15=00000010 x15:00000004
13595032ns          224231 1c008ba4 00d7f7b3 and              x15, x15, x13       x15=00000000 x15:00000010 x13:00001f80
13595052ns          224232 1c008ba6 ee873733 p.bclr           x14, x14, 23, 8     x14=00000020 x14:00000020
13595072ns          224233 1c008baa 1a10f6b7 lui              x13, 0x1a10f000     x13=1a10f000
13595092ns          224234 1c008bae 0ff57513 andi             x10, x10, 255       x10=00000075 x10:00000075
13595112ns          224235 1c008bb2 00d70733 add              x14, x14, x13       x14=1a10f020 x14:00000020 x13:1a10f000
13595132ns          224236 1c008bb4 00a7e723 p.sw             x10, x0(x15)        x10:00000075 x15:00000000  PA:1a10f020
13595470ns          224253 1c008bb8 00000513 addi             x10, x0, 0          x10=00000000
13595490ns          224254 1c008bba 00008067 jalr             x0, x1, 0            x1:1c008c8a
13595549ns          224257 1c008c8a 31f52563 p.beqimm         x10, 778            x10:00000000
13595569ns          224258 1c008c8e 001d8d93 addi             x27, x27, 1         x27=00000016 x27:00000015
13595589ns          224259 1c008c90 00044503 lbu              x10, 0(x8)          x10=00000073  x8:1c000532  PA:1c000532
13595887ns          224274 1c008c94 00140413 addi             x8, x8, 1            x8=1c000533  x8:1c000532
13595907ns          224275 1c008c96 fe0514e3 bne              x10, x0, -24        x10:00000073
13595987ns          224279 1c008c7e 02500793 addi             x15, x0, 37         x15=00000025
13596007ns          224280 1c008c82 04f50863 beq              x10, x15, 80        x10:00000073 x15:00000025
13596027ns          224281 1c008c86 01a005b3 add              x11, x0, x26        x11=00000002 x26:00000002
13596046ns          224282 1c008c88 000b00e7 jalr             x1, x22, 0           x1=1c008c8a x22:1c008b94
13596086ns          224284 1c008b94 000026b7 lui              x13, 0x2000         x13=00002000
13596106ns          224285 1c008b96 f14027f3 csrrs            x15, x0, 0xf14      x15=00000004
13596126ns          224286 1c008b9a f8068693 addi             x13, x13, -128      x13=00001f80 x13:00002000
13596146ns          224287 1c008b9e 00379713 slli             x14, x15, 0x3       x14=00000020 x15:00000004
13596166ns          224288 1c008ba2 00279793 slli             x15, x15, 0x2       x15=00000010 x15:00000004
13596186ns          224289 1c008ba4 00d7f7b3 and              x15, x15, x13       x15=00000000 x15:00000010 x13:00001f80
13596206ns          224290 1c008ba6 ee873733 p.bclr           x14, x14, 23, 8     x14=00000020 x14:00000020
13596225ns          224291 1c008baa 1a10f6b7 lui              x13, 0x1a10f000     x13=1a10f000
13596245ns          224292 1c008bae 0ff57513 andi             x10, x10, 255       x10=00000073 x10:00000073
13596265ns          224293 1c008bb2 00d70733 add              x14, x14, x13       x14=1a10f020 x14:00000020 x13:1a10f000
13596285ns          224294 1c008bb4 00a7e723 p.sw             x10, x0(x15)        x10:00000073 x15:00000000  PA:1a10f020
13596623ns          224311 1c008bb8 00000513 addi             x10, x0, 0          x10=00000000
13596643ns          224312 1c008bba 00008067 jalr             x0, x1, 0            x1:1c008c8a
13596703ns          224315 1c008c8a 31f52563 p.beqimm         x10, 778            x10:00000000
13596723ns          224316 1c008c8e 001d8d93 addi             x27, x27, 1         x27=00000017 x27:00000016
13596743ns          224317 1c008c90 00044503 lbu              x10, 0(x8)          x10=00000074  x8:1c000533  PA:1c000533
13597041ns          224332 1c008c94 00140413 addi             x8, x8, 1            x8=1c000534  x8:1c000533
13597061ns          224333 1c008c96 fe0514e3 bne              x10, x0, -24        x10:00000074
13597140ns          224337 1c008c7e 02500793 addi             x15, x0, 37         x15=00000025
13597160ns          224338 1c008c82 04f50863 beq              x10, x15, 80        x10:00000074 x15:00000025
13597180ns          224339 1c008c86 01a005b3 add              x11, x0, x26        x11=00000002 x26:00000002
13597200ns          224340 1c008c88 000b00e7 jalr             x1, x22, 0           x1=1c008c8a x22:1c008b94
13597240ns          224342 1c008b94 000026b7 lui              x13, 0x2000         x13=00002000
13597260ns          224343 1c008b96 f14027f3 csrrs            x15, x0, 0xf14      x15=00000004
13597280ns          224344 1c008b9a f8068693 addi             x13, x13, -128      x13=00001f80 x13:00002000
13597299ns          224345 1c008b9e 00379713 slli             x14, x15, 0x3       x14=00000020 x15:00000004
13597319ns          224346 1c008ba2 00279793 slli             x15, x15, 0x2       x15=00000010 x15:00000004
13597339ns          224347 1c008ba4 00d7f7b3 and              x15, x15, x13       x15=00000000 x15:00000010 x13:00001f80
13597359ns          224348 1c008ba6 ee873733 p.bclr           x14, x14, 23, 8     x14=00000020 x14:00000020
13597379ns          224349 1c008baa 1a10f6b7 lui              x13, 0x1a10f000     x13=1a10f000
13597399ns          224350 1c008bae 0ff57513 andi             x10, x10, 255       x10=00000074 x10:00000074
13597419ns          224351 1c008bb2 00d70733 add              x14, x14, x13       x14=1a10f020 x14:00000020 x13:1a10f000
13597439ns          224352 1c008bb4 00a7e723 p.sw             x10, x0(x15)        x10:00000074 x15:00000000  PA:1a10f020
13597757ns          224368 1c008bb8 00000513 addi             x10, x0, 0          x10=00000000
13597777ns          224369 1c008bba 00008067 jalr             x0, x1, 0            x1:1c008c8a
13597836ns          224372 1c008c8a 31f52563 p.beqimm         x10, 778            x10:00000000
13597856ns          224373 1c008c8e 001d8d93 addi             x27, x27, 1         x27=00000018 x27:00000017
13597876ns          224374 1c008c90 00044503 lbu              x10, 0(x8)          x10=00000065  x8:1c000534  PA:1c000534
13598174ns          224389 1c008c94 00140413 addi             x8, x8, 1            x8=1c000535  x8:1c000534
13598194ns          224390 1c008c96 fe0514e3 bne              x10, x0, -24        x10:00000065
13598274ns          224394 1c008c7e 02500793 addi             x15, x0, 37         x15=00000025
13598294ns          224395 1c008c82 04f50863 beq              x10, x15, 80        x10:00000065 x15:00000025
13598314ns          224396 1c008c86 01a005b3 add              x11, x0, x26        x11=00000002 x26:00000002
13598334ns          224397 1c008c88 000b00e7 jalr             x1, x22, 0           x1=1c008c8a x22:1c008b94
13598373ns          224399 1c008b94 000026b7 lui              x13, 0x2000         x13=00002000
13598393ns          224400 1c008b96 f14027f3 csrrs            x15, x0, 0xf14      x15=00000004
13598413ns          224401 1c008b9a f8068693 addi             x13, x13, -128      x13=00001f80 x13:00002000
13598433ns          224402 1c008b9e 00379713 slli             x14, x15, 0x3       x14=00000020 x15:00000004
13598453ns          224403 1c008ba2 00279793 slli             x15, x15, 0x2       x15=00000010 x15:00000004
13598473ns          224404 1c008ba4 00d7f7b3 and              x15, x15, x13       x15=00000000 x15:00000010 x13:00001f80
13598493ns          224405 1c008ba6 ee873733 p.bclr           x14, x14, 23, 8     x14=00000020 x14:00000020
13598513ns          224406 1c008baa 1a10f6b7 lui              x13, 0x1a10f000     x13=1a10f000
13598532ns          224407 1c008bae 0ff57513 andi             x10, x10, 255       x10=00000065 x10:00000065
13598552ns          224408 1c008bb2 00d70733 add              x14, x14, x13       x14=1a10f020 x14:00000020 x13:1a10f000
13598572ns          224409 1c008bb4 00a7e723 p.sw             x10, x0(x15)        x10:00000065 x15:00000000  PA:1a10f020
13598910ns          224426 1c008bb8 00000513 addi             x10, x0, 0          x10=00000000
13598930ns          224427 1c008bba 00008067 jalr             x0, x1, 0            x1:1c008c8a
13598990ns          224430 1c008c8a 31f52563 p.beqimm         x10, 778            x10:00000000
13599010ns          224431 1c008c8e 001d8d93 addi             x27, x27, 1         x27=00000019 x27:00000018
13599030ns          224432 1c008c90 00044503 lbu              x10, 0(x8)          x10=00000072  x8:1c000535  PA:1c000535
13599328ns          224447 1c008c94 00140413 addi             x8, x8, 1            x8=1c000536  x8:1c000535
13599348ns          224448 1c008c96 fe0514e3 bne              x10, x0, -24        x10:00000072
13599427ns          224452 1c008c7e 02500793 addi             x15, x0, 37         x15=00000025
13599447ns          224453 1c008c82 04f50863 beq              x10, x15, 80        x10:00000072 x15:00000025
13599467ns          224454 1c008c86 01a005b3 add              x11, x0, x26        x11=00000002 x26:00000002
13599487ns          224455 1c008c88 000b00e7 jalr             x1, x22, 0           x1=1c008c8a x22:1c008b94
13599527ns          224457 1c008b94 000026b7 lui              x13, 0x2000         x13=00002000
13599547ns          224458 1c008b96 f14027f3 csrrs            x15, x0, 0xf14      x15=00000004
13599567ns          224459 1c008b9a f8068693 addi             x13, x13, -128      x13=00001f80 x13:00002000
13599587ns          224460 1c008b9e 00379713 slli             x14, x15, 0x3       x14=00000020 x15:00000004
13599606ns          224461 1c008ba2 00279793 slli             x15, x15, 0x2       x15=00000010 x15:00000004
13599626ns          224462 1c008ba4 00d7f7b3 and              x15, x15, x13       x15=00000000 x15:00000010 x13:00001f80
13599646ns          224463 1c008ba6 ee873733 p.bclr           x14, x14, 23, 8     x14=00000020 x14:00000020
13599666ns          224464 1c008baa 1a10f6b7 lui              x13, 0x1a10f000     x13=1a10f000
13599686ns          224465 1c008bae 0ff57513 andi             x10, x10, 255       x10=00000072 x10:00000072
13599706ns          224466 1c008bb2 00d70733 add              x14, x14, x13       x14=1a10f020 x14:00000020 x13:1a10f000
13599726ns          224467 1c008bb4 00a7e723 p.sw             x10, x0(x15)        x10:00000072 x15:00000000  PA:1a10f020
13600084ns          224485 1c008bb8 00000513 addi             x10, x0, 0          x10=00000000
13600104ns          224486 1c008bba 00008067 jalr             x0, x1, 0            x1:1c008c8a
13600163ns          224489 1c008c8a 31f52563 p.beqimm         x10, 778            x10:00000000
13600183ns          224490 1c008c8e 001d8d93 addi             x27, x27, 1         x27=0000001a x27:00000019
13600203ns          224491 1c008c90 00044503 lbu              x10, 0(x8)          x10=00000020  x8:1c000536  PA:1c000536
13600521ns          224507 1c008c94 00140413 addi             x8, x8, 1            x8=1c000537  x8:1c000536
13600541ns          224508 1c008c96 fe0514e3 bne              x10, x0, -24        x10:00000020
13600621ns          224512 1c008c7e 02500793 addi             x15, x0, 37         x15=00000025
13600641ns          224513 1c008c82 04f50863 beq              x10, x15, 80        x10:00000020 x15:00000025
13600660ns          224514 1c008c86 01a005b3 add              x11, x0, x26        x11=00000002 x26:00000002
13600680ns          224515 1c008c88 000b00e7 jalr             x1, x22, 0           x1=1c008c8a x22:1c008b94
13600720ns          224517 1c008b94 000026b7 lui              x13, 0x2000         x13=00002000
13600740ns          224518 1c008b96 f14027f3 csrrs            x15, x0, 0xf14      x15=00000004
13600760ns          224519 1c008b9a f8068693 addi             x13, x13, -128      x13=00001f80 x13:00002000
13600780ns          224520 1c008b9e 00379713 slli             x14, x15, 0x3       x14=00000020 x15:00000004
13600800ns          224521 1c008ba2 00279793 slli             x15, x15, 0x2       x15=00000010 x15:00000004
13600820ns          224522 1c008ba4 00d7f7b3 and              x15, x15, x13       x15=00000000 x15:00000010 x13:00001f80
13600839ns          224523 1c008ba6 ee873733 p.bclr           x14, x14, 23, 8     x14=00000020 x14:00000020
13600859ns          224524 1c008baa 1a10f6b7 lui              x13, 0x1a10f000     x13=1a10f000
13600879ns          224525 1c008bae 0ff57513 andi             x10, x10, 255       x10=00000020 x10:00000020
13600899ns          224526 1c008bb2 00d70733 add              x14, x14, x13       x14=1a10f020 x14:00000020 x13:1a10f000
13600919ns          224527 1c008bb4 00a7e723 p.sw             x10, x0(x15)        x10:00000020 x15:00000000  PA:1a10f020
13601257ns          224544 1c008bb8 00000513 addi             x10, x0, 0          x10=00000000
13601277ns          224545 1c008bba 00008067 jalr             x0, x1, 0            x1:1c008c8a
13601337ns          224548 1c008c8a 31f52563 p.beqimm         x10, 778            x10:00000000
13601357ns          224549 1c008c8e 001d8d93 addi             x27, x27, 1         x27=0000001b x27:0000001a
13601376ns          224550 1c008c90 00044503 lbu              x10, 0(x8)          x10=00000025  x8:1c000537  PA:1c000537
13601675ns          224565 1c008c94 00140413 addi             x8, x8, 1            x8=1c000538  x8:1c000537
13601695ns          224566 1c008c96 fe0514e3 bne              x10, x0, -24        x10:00000025
13601774ns          224570 1c008c7e 02500793 addi             x15, x0, 37         x15=00000025
13601794ns          224571 1c008c82 04f50863 beq              x10, x15, 80        x10:00000025 x15:00000025
13602053ns          224584 1c008cd2 00044483 lbu              x9, 0(x8)            x9=00000064  x8:1c000538  PA:1c000538
13602470ns          224605 1c008cd6 02000693 addi             x13, x0, 32         x13=00000020
13602490ns          224606 1c008cda 00140a93 addi             x21, x8, 1          x21=1c000539  x8:1c000538
13602510ns          224607 1c008cde 009005b3 add              x11, x0, x9         x11=00000064  x9:00000064
13602550ns          224609 1c008ce0 5f0b8513 addi             x10, x23, 1520      x10=1c0005f0 x23:1c000000
13602590ns          224611 1c008ce4 00d12823 sw               x13, 16(x2)         x13:00000020  x2:10002158  PA:10002168
13602610ns          224612 1c008ce6 00012c23 sw               x0, 24(x2)           x2:10002158  PA:10002170
13602629ns          224613 1c008ce8 00012a23 sw               x0, 20(x2)           x2:10002158  PA:1000216c
13602649ns          224614 1c008cea 00012e23 sw               x0, 28(x2)           x2:10002158  PA:10002174
13602669ns          224615 1c008cec 00012623 sw               x0, 12(x2)           x2:10002158  PA:10002164
13603067ns          224635 1c008cee 02300913 addi             x18, x0, 35         x18=00000023
13603107ns          224637 1c008cf2 02d00a13 addi             x20, x0, 45         x20=0000002d
13603127ns          224638 1c008cf6 015009b3 add              x19, x0, x21        x19=1c000539 x21:1c000539
13603146ns          224639 1c008cf8 e1dff0ef jal              x1, -484             x1=1c008cfa
13604041ns          224684 1c008b14 00054783 lbu              x15, 0(x10)         x15=0000002d x10:1c0005f0  PA:1c0005f0
13604499ns          224707 1c008b18 0ff5f593 andi             x11, x11, 255       x11=00000064 x11:00000064
13604519ns          224708 1c008b1c 00b78c63 beq              x15, x11, 24        x15:0000002d x11:00000064
13604539ns          224709 1c008b20 00078b63 beq              x15, x0, 22         x15:0000002d
13604578ns          224711 1c008b22 00150793 addi             x15, x10, 1         x15=1c0005f1 x10:1c0005f0
13604598ns          224712 1c008b26 0040006f jal              x0, 4              
13604638ns          224714 1c008b2a 00f00533 add              x10, x0, x15        x10=1c0005f1 x15:1c0005f1
13604658ns          224715 1c008b2c 0017c70b p.lbu            x14, 1(x15!)        x14=0000002b x15=1c0005f2 x15:1c0005f1  PA:1c0005f1
13605195ns          224742 1c008b30 feb71ce3 bne              x14, x11, -8        x14:0000002b x11:00000064
13605772ns          224771 1c008b28 00070763 beq              x14, x0, 14         x14:0000002b
13605792ns          224772 1c008b2a 00f00533 add              x10, x0, x15        x10=1c0005f2 x15:1c0005f2
13605811ns          224773 1c008b2c 0017c70b p.lbu            x14, 1(x15!)        x14=00000020 x15=1c0005f3 x15:1c0005f2  PA:1c0005f2
13606130ns          224789 1c008b30 feb71ce3 bne              x14, x11, -8        x14:00000020 x11:00000064
13606189ns          224792 1c008b28 00070763 beq              x14, x0, 14         x14:00000020
13606209ns          224793 1c008b2a 00f00533 add              x10, x0, x15        x10=1c0005f3 x15:1c0005f3
13606229ns          224794 1c008b2c 0017c70b p.lbu            x14, 1(x15!)        x14=00000023 x15=1c0005f4 x15:1c0005f3  PA:1c0005f3
13606547ns          224810 1c008b30 feb71ce3 bne              x14, x11, -8        x14:00000023 x11:00000064
13606607ns          224813 1c008b28 00070763 beq              x14, x0, 14         x14:00000023
13606627ns          224814 1c008b2a 00f00533 add              x10, x0, x15        x10=1c0005f4 x15:1c0005f4
13606647ns          224815 1c008b2c 0017c70b p.lbu            x14, 1(x15!)        x14=00000030 x15=1c0005f5 x15:1c0005f4  PA:1c0005f4
13606965ns          224831 1c008b30 feb71ce3 bne              x14, x11, -8        x14:00000030 x11:00000064
13607025ns          224834 1c008b28 00070763 beq              x14, x0, 14         x14:00000030
13607045ns          224835 1c008b2a 00f00533 add              x10, x0, x15        x10=1c0005f5 x15:1c0005f5
13607064ns          224836 1c008b2c 0017c70b p.lbu            x14, 1(x15!)        x14=00000000 x15=1c0005f6 x15:1c0005f5  PA:1c0005f5
13607383ns          224852 1c008b30 feb71ce3 bne              x14, x11, -8        x14:00000000 x11:00000064
13607442ns          224855 1c008b28 00070763 beq              x14, x0, 14         x14:00000000
13607522ns          224859 1c008b36 0015b593 sltiu            x11, x11, 1         x11=00000000 x11:00000064
13607542ns          224860 1c008b3a 40b005b3 sub              x11, x0, x11        x11=00000000 x11:00000000
13607562ns          224861 1c008b3e 00b57533 and              x10, x10, x11       x10=00000000 x10:1c0005f5 x11:00000000
13607582ns          224862 1c008b40 00008067 jalr             x0, x1, 0            x1:1c008cfa
13607621ns          224864 1c008cfa 02050a63 beq              x10, x0, 52         x10:00000000
13608138ns          224890 1c008d2e 02a00613 addi             x12, x0, 42         x12=0000002a
13608178ns          224892 1c008d32 2ac48663 beq              x9, x12, 684         x9:00000064 x12:0000002a
13608198ns          224893 1c008d36 fd048613 addi             x12, x9, -48        x12=00000034  x9:00000064
13608218ns          224894 1c008d3a 00900593 addi             x11, x0, 9          x11=00000009
13608238ns          224895 1c008d3c 00000913 addi             x18, x0, 0          x18=00000000
13608675ns          224917 1c008d3e 28c5f063 bgeu             x11, x12, 640       x11:00000009 x12:00000034
13608715ns          224919 1c008d42 02e00693 addi             x13, x0, 46         x13=0000002e
13608735ns          224920 1c008d46 fff00a13 addi             x20, x0, -1         x20=ffffffff
13608755ns          224921 1c008d48 2ed48363 beq              x9, x13, 742         x9:00000064 x13:0000002e
13608775ns          224922 1c008d4c 1c0007b7 lui              x15, 0x1c000000     x15=1c000000
13609192ns          224943 1c008d50 009005b3 add              x11, x0, x9         x11=00000064  x9:00000064
13609232ns          224945 1c008d52 5f878513 addi             x10, x15, 1528      x10=1c0005f8 x15:1c000000
13609252ns          224946 1c008d56 dbfff0ef jal              x1, -578             x1=1c008d58
13609292ns          224948 1c008b14 00054783 lbu              x15, 0(x10)         x15=00000068 x10:1c0005f8  PA:1c0005f8
13609590ns          224963 1c008b18 0ff5f593 andi             x11, x11, 255       x11=00000064 x11:00000064
13609610ns          224964 1c008b1c 00b78c63 beq              x15, x11, 24        x15:00000068 x11:00000064
13609630ns          224965 1c008b20 00078b63 beq              x15, x0, 22         x15:00000068
13609650ns          224966 1c008b22 00150793 addi             x15, x10, 1         x15=1c0005f9 x10:1c0005f8
13609670ns          224967 1c008b26 0040006f jal              x0, 4              
13609710ns          224969 1c008b2a 00f00533 add              x10, x0, x15        x10=1c0005f9 x15:1c0005f9
13609729ns          224970 1c008b2c 0017c70b p.lbu            x14, 1(x15!)        x14=0000006c x15=1c0005fa x15:1c0005f9  PA:1c0005f9
13610048ns          224986 1c008b30 feb71ce3 bne              x14, x11, -8        x14:0000006c x11:00000064
13610107ns          224989 1c008b28 00070763 beq              x14, x0, 14         x14:0000006c
13610127ns          224990 1c008b2a 00f00533 add              x10, x0, x15        x10=1c0005fa x15:1c0005fa
13610147ns          224991 1c008b2c 0017c70b p.lbu            x14, 1(x15!)        x14=0000004c x15=1c0005fb x15:1c0005fa  PA:1c0005fa
13610465ns          225007 1c008b30 feb71ce3 bne              x14, x11, -8        x14:0000004c x11:00000064
13610525ns          225010 1c008b28 00070763 beq              x14, x0, 14         x14:0000004c
13610545ns          225011 1c008b2a 00f00533 add              x10, x0, x15        x10=1c0005fb x15:1c0005fb
13610565ns          225012 1c008b2c 0017c70b p.lbu            x14, 1(x15!)        x14=0000007a x15=1c0005fc x15:1c0005fb  PA:1c0005fb
13610883ns          225028 1c008b30 feb71ce3 bne              x14, x11, -8        x14:0000007a x11:00000064
13610943ns          225031 1c008b28 00070763 beq              x14, x0, 14         x14:0000007a
13610962ns          225032 1c008b2a 00f00533 add              x10, x0, x15        x10=1c0005fc x15:1c0005fc
13610982ns          225033 1c008b2c 0017c70b p.lbu            x14, 1(x15!)        x14=00000000 x15=1c0005fd x15:1c0005fc  PA:1c0005fc
13611340ns          225051 1c008b30 feb71ce3 bne              x14, x11, -8        x14:00000000 x11:00000064
13611400ns          225054 1c008b28 00070763 beq              x14, x0, 14         x14:00000000
13611480ns          225058 1c008b36 0015b593 sltiu            x11, x11, 1         x11=00000000 x11:00000064
13611499ns          225059 1c008b3a 40b005b3 sub              x11, x0, x11        x11=00000000 x11:00000000
13611519ns          225060 1c008b3e 00b57533 and              x10, x10, x11       x10=00000000 x10:1c0005fc x11:00000000
13611539ns          225061 1c008b40 00008067 jalr             x0, x1, 0            x1:1c008d58
13611579ns          225063 1c008d58 01300433 add              x8, x0, x19          x8=1c000539 x19:1c000539
13611599ns          225064 1c008d5a 00050563 beq              x10, x0, 10         x10:00000000
13612036ns          225086 1c008d64 06700693 addi             x13, x0, 103        x13=00000067
13612056ns          225087 1c008d68 2896d963 bge              x13, x9, 658        x13:00000067  x9:00000064
13613150ns          225142 1c008ffa 06500693 addi             x13, x0, 101        x13=00000065
13613588ns          225164 1c008ffe 12d4d563 bge              x9, x13, 298         x9:00000064 x13:00000065
13613627ns          225166 1c009002 04700693 addi             x13, x0, 71         x13=00000047
13613647ns          225167 1c009006 dc96cbe3 blt              x13, x9, -554       x13:00000047  x9:00000064
13614562ns          225213 1c008ddc 06300693 addi             x13, x0, 99         x13=00000063
13615020ns          225236 1c008de0 0ad488e3 beq              x9, x13, 2224        x9:00000064 x13:00000063
13615059ns          225238 1c008de4 0096c9e3 blt              x13, x9, 2066       x13:00000063  x9:00000064
13615576ns          225264 1c0095f6 000c2583 lw               x11, 0(x24)         x11=00000000 x24:100022ac  PA:100022ac
13615596ns          225265 1c0095fa 004c0c13 addi             x24, x24, 4         x24=100022b0 x24:100022ac
13615616ns          225266 1c0095fc 3405cc63 blt              x11, x0, 856        x11:00000000
13616034ns          225287 1c009600 01412603 lw               x12, 20(x2)         x12=00000000  x2:10002158  PA:1000216c
13616054ns          225288 1c009602 00b006b3 add              x13, x0, x11        x13=00000000 x11:00000000
13616074ns          225289 1c009604 2e061863 bne              x12, x0, 752        x12:00000000
13616094ns          225290 1c009608 01812703 lw               x14, 24(x2)         x14=00000000  x2:10002158  PA:10002170
13616113ns          225291 1c00960a 019007b3 add              x15, x0, x25        x15=1000217c x25:1000217c
13616133ns          225292 1c00960c 00070763 beq              x14, x0, 14         x14:00000000
13616611ns          225316 1c00961a 00f00733 add              x14, x0, x15        x14=1000217c x15:1000217c
13616631ns          225317 1c00961c 00a00513 addi             x10, x0, 10         x10=0000000a
13617068ns          225339 1c00961e 02a6f633 remu             x12, x13, x10       x12=00000000 x13:00000000 x10:0000000a
13617704ns          225371 1c009622 02a6d6b3 divu             x13, x13, x10       x13=00000000 x13:00000000 x10:0000000a
13618321ns          225402 1c009626 03060613 addi             x12, x12, 48        x12=00000030 x12:00000000
13618341ns          225403 1c00962a 00c700ab p.sb             x12, 1(x14!)        x14=1000217d x12:00000030 x14:1000217c  PA:1000217c
13618361ns          225404 1c00962e fe0698e3 bne              x13, x0, -16        x13:00000000
13618381ns          225405 1c009630 40f706b3 sub              x13, x14, x15       x13=00000001 x14:1000217d x15:1000217c
13618401ns          225406 1c009634 0146dc63 bge              x13, x20, 24        x13:00000001 x20:ffffffff
13618898ns          225431 1c00964c 00e006b3 add              x13, x0, x14        x13=1000217d x14:1000217d
13619355ns          225454 1c00964e fe068fab p.sb             x0, -1(x13!)        x13=1000217c x13:1000217d  PA:1000217d
13619395ns          225456 1c009652 00d7fc63 bgeu             x15, x13, 24        x15:1000217c x13:1000217c
13619872ns          225480 1c00966a 01412783 lw               x15, 20(x2)         x15=00000000  x2:10002158  PA:1000216c
13619912ns          225482 1c00966c 01812603 lw               x12, 24(x2)         x12=00000000  x2:10002158  PA:10002170
13620350ns          225504 1c00966e 419704b3 sub              x9, x14, x25         x9=00000001 x14:1000217d x25:1000217c
13620369ns          225505 1c009672 00c7e7b3 or               x15, x15, x12       x15=00000000 x15:00000000 x12:00000000
13620389ns          225506 1c009674 00f12623 sw               x15, 12(x2)         x15:00000000  x2:10002158  PA:10002164
13620429ns          225508 1c009676 00079363 bne              x15, x0, 6          x15:00000000
13620449ns          225509 1c009678 01f5d593 srli             x11, x11, 0x1f      x11=00000000 x11:00000000
13620469ns          225510 1c00967a 00b12623 sw               x11, 12(x2)         x11:00000000  x2:10002158  PA:10002164
13620548ns          225514 1c00967c e3fa28e3 p.beqimm         x20, -464           x20:ffffffff
13621324ns          225553 1c0094ac 0c800793 addi             x15, x0, 200        x15=000000c8
13621801ns          225577 1c0094b0 9e97d0e3 bge              x15, x9, -1568      x15:000000c8  x9:00000001
13622279ns          225601 1c008e90 0f24d163 bge              x9, x18, 226         x9:00000001 x18:00000000
13622796ns          225627 1c008f72 d00482e3 beq              x9, x0, -764         x9:00000001
13622816ns          225628 1c008f76 01900933 add              x18, x0, x25        x18=1000217c x25:1000217c
13622836ns          225629 1c008f78 419d8db3 sub              x27, x27, x25       x27=efffde9f x27:0000001b x25:1000217c
13622855ns          225630 1c008f7c 00a0006f jal              x0, 10             
13623353ns          225655 1c008f86 0019450b p.lbu            x10, 1(x18!)        x10=00000030 x18=1000217d x18:1000217c  PA:1000217c
13623373ns          225656 1c008f8a 01a005b3 add              x11, x0, x26        x11=00000002 x26:00000002
13623392ns          225657 1c008f8c 000b00e7 jalr             x1, x22, 0           x1=1c008f8e x22:1c008b94
13623850ns          225680 1c008b94 000026b7 lui              x13, 0x2000         x13=00002000
13623870ns          225681 1c008b96 f14027f3 csrrs            x15, x0, 0xf14      x15=00000004
13623890ns          225682 1c008b9a f8068693 addi             x13, x13, -128      x13=00001f80 x13:00002000
13623910ns          225683 1c008b9e 00379713 slli             x14, x15, 0x3       x14=00000020 x15:00000004
13623929ns          225684 1c008ba2 00279793 slli             x15, x15, 0x2       x15=00000010 x15:00000004
13623949ns          225685 1c008ba4 00d7f7b3 and              x15, x15, x13       x15=00000000 x15:00000010 x13:00001f80
13623969ns          225686 1c008ba6 ee873733 p.bclr           x14, x14, 23, 8     x14=00000020 x14:00000020
13623989ns          225687 1c008baa 1a10f6b7 lui              x13, 0x1a10f000     x13=1a10f000
13624029ns          225689 1c008bae 0ff57513 andi             x10, x10, 255       x10=00000030 x10:00000030
13624049ns          225690 1c008bb2 00d70733 add              x14, x14, x13       x14=1a10f020 x14:00000020 x13:1a10f000
13624069ns          225691 1c008bb4 00a7e723 p.sw             x10, x0(x15)        x10:00000030 x15:00000000  PA:1a10f020
13624606ns          225718 1c008bb8 00000513 addi             x10, x0, 0          x10=00000000
13624626ns          225719 1c008bba 00008067 jalr             x0, x1, 0            x1:1c008f8e
13624665ns          225721 1c008f8e fff48493 addi             x9, x9, -1           x9=00000000  x9:00000001
13624685ns          225722 1c008f90 fff537e3 p.bneimm         x10, -18            x10:00000000
13624765ns          225726 1c008f7e 012d8733 add              x14, x27, x18       x14=0000001c x27:efffde9f x18:1000217d
13624785ns          225727 1c008f82 5a048b63 beq              x9, x0, 1462         x9:00000000
13625063ns          225741 1c009538 00e00db3 add              x27, x0, x14        x27=0000001c x14:0000001c
13625103ns          225743 1c00953a f3cff06f jal              x0, -2244          
13625660ns          225771 1c008c76 00044503 lbu              x10, 0(x8)          x10=00000020  x8:1c000539  PA:1c000539
13625958ns          225786 1c008c7a 00140413 addi             x8, x8, 1            x8=1c00053a  x8:1c000539
13625978ns          225787 1c008c7c 00050e63 beq              x10, x0, 28         x10:00000020
13625998ns          225788 1c008c7e 02500793 addi             x15, x0, 37         x15=00000025
13626018ns          225789 1c008c82 04f50863 beq              x10, x15, 80        x10:00000020 x15:00000025
13626038ns          225790 1c008c86 01a005b3 add              x11, x0, x26        x11=00000002 x26:00000002
13626057ns          225791 1c008c88 000b00e7 jalr             x1, x22, 0           x1=1c008c8a x22:1c008b94
13626157ns          225796 1c008b94 000026b7 lui              x13, 0x2000         x13=00002000
13626177ns          225797 1c008b96 f14027f3 csrrs            x15, x0, 0xf14      x15=00000004
13626197ns          225798 1c008b9a f8068693 addi             x13, x13, -128      x13=00001f80 x13:00002000
13626217ns          225799 1c008b9e 00379713 slli             x14, x15, 0x3       x14=00000020 x15:00000004
13626236ns          225800 1c008ba2 00279793 slli             x15, x15, 0x2       x15=00000010 x15:00000004
13626256ns          225801 1c008ba4 00d7f7b3 and              x15, x15, x13       x15=00000000 x15:00000010 x13:00001f80
13626276ns          225802 1c008ba6 ee873733 p.bclr           x14, x14, 23, 8     x14=00000020 x14:00000020
13626296ns          225803 1c008baa 1a10f6b7 lui              x13, 0x1a10f000     x13=1a10f000
13626316ns          225804 1c008bae 0ff57513 andi             x10, x10, 255       x10=00000020 x10:00000020
13626336ns          225805 1c008bb2 00d70733 add              x14, x14, x13       x14=1a10f020 x14:00000020 x13:1a10f000
13626356ns          225806 1c008bb4 00a7e723 p.sw             x10, x0(x15)        x10:00000020 x15:00000000  PA:1a10f020
13626893ns          225833 1c008bb8 00000513 addi             x10, x0, 0          x10=00000000
13626913ns          225834 1c008bba 00008067 jalr             x0, x1, 0            x1:1c008c8a
13626972ns          225837 1c008c8a 31f52563 p.beqimm         x10, 778            x10:00000000
13626992ns          225838 1c008c8e 001d8d93 addi             x27, x27, 1         x27=0000001d x27:0000001c
13627012ns          225839 1c008c90 00044503 lbu              x10, 0(x8)          x10=00000063  x8:1c00053a  PA:1c00053a
13627310ns          225854 1c008c94 00140413 addi             x8, x8, 1            x8=1c00053b  x8:1c00053a
13627330ns          225855 1c008c96 fe0514e3 bne              x10, x0, -24        x10:00000063
13627410ns          225859 1c008c7e 02500793 addi             x15, x0, 37         x15=00000025
13627430ns          225860 1c008c82 04f50863 beq              x10, x15, 80        x10:00000063 x15:00000025
13627450ns          225861 1c008c86 01a005b3 add              x11, x0, x26        x11=00000002 x26:00000002
13627470ns          225862 1c008c88 000b00e7 jalr             x1, x22, 0           x1=1c008c8a x22:1c008b94
13627509ns          225864 1c008b94 000026b7 lui              x13, 0x2000         x13=00002000
13627529ns          225865 1c008b96 f14027f3 csrrs            x15, x0, 0xf14      x15=00000004
13627549ns          225866 1c008b9a f8068693 addi             x13, x13, -128      x13=00001f80 x13:00002000
13627609ns          225869 1c008b9e 00379713 slli             x14, x15, 0x3       x14=00000020 x15:00000004
13627629ns          225870 1c008ba2 00279793 slli             x15, x15, 0x2       x15=00000010 x15:00000004
13627648ns          225871 1c008ba4 00d7f7b3 and              x15, x15, x13       x15=00000000 x15:00000010 x13:00001f80
13627668ns          225872 1c008ba6 ee873733 p.bclr           x14, x14, 23, 8     x14=00000020 x14:00000020
13627688ns          225873 1c008baa 1a10f6b7 lui              x13, 0x1a10f000     x13=1a10f000
13627708ns          225874 1c008bae 0ff57513 andi             x10, x10, 255       x10=00000063 x10:00000063
13627728ns          225875 1c008bb2 00d70733 add              x14, x14, x13       x14=1a10f020 x14:00000020 x13:1a10f000
13627748ns          225876 1c008bb4 00a7e723 p.sw             x10, x0(x15)        x10:00000063 x15:00000000  PA:1a10f020
13628086ns          225893 1c008bb8 00000513 addi             x10, x0, 0          x10=00000000
13628106ns          225894 1c008bba 00008067 jalr             x0, x1, 0            x1:1c008c8a
13628166ns          225897 1c008c8a 31f52563 p.beqimm         x10, 778            x10:00000000
13628185ns          225898 1c008c8e 001d8d93 addi             x27, x27, 1         x27=0000001e x27:0000001d
13628205ns          225899 1c008c90 00044503 lbu              x10, 0(x8)          x10=0000006f  x8:1c00053b  PA:1c00053b
13628504ns          225914 1c008c94 00140413 addi             x8, x8, 1            x8=1c00053c  x8:1c00053b
13628524ns          225915 1c008c96 fe0514e3 bne              x10, x0, -24        x10:0000006f
13628603ns          225919 1c008c7e 02500793 addi             x15, x0, 37         x15=00000025
13628623ns          225920 1c008c82 04f50863 beq              x10, x15, 80        x10:0000006f x15:00000025
13628643ns          225921 1c008c86 01a005b3 add              x11, x0, x26        x11=00000002 x26:00000002
13628663ns          225922 1c008c88 000b00e7 jalr             x1, x22, 0           x1=1c008c8a x22:1c008b94
13628703ns          225924 1c008b94 000026b7 lui              x13, 0x2000         x13=00002000
13628722ns          225925 1c008b96 f14027f3 csrrs            x15, x0, 0xf14      x15=00000004
13628742ns          225926 1c008b9a f8068693 addi             x13, x13, -128      x13=00001f80 x13:00002000
13628762ns          225927 1c008b9e 00379713 slli             x14, x15, 0x3       x14=00000020 x15:00000004
13628782ns          225928 1c008ba2 00279793 slli             x15, x15, 0x2       x15=00000010 x15:00000004
13628802ns          225929 1c008ba4 00d7f7b3 and              x15, x15, x13       x15=00000000 x15:00000010 x13:00001f80
13628822ns          225930 1c008ba6 ee873733 p.bclr           x14, x14, 23, 8     x14=00000020 x14:00000020
13628842ns          225931 1c008baa 1a10f6b7 lui              x13, 0x1a10f000     x13=1a10f000
13628862ns          225932 1c008bae 0ff57513 andi             x10, x10, 255       x10=0000006f x10:0000006f
13628882ns          225933 1c008bb2 00d70733 add              x14, x14, x13       x14=1a10f020 x14:00000020 x13:1a10f000
13628901ns          225934 1c008bb4 00a7e723 p.sw             x10, x0(x15)        x10:0000006f x15:00000000  PA:1a10f020
13629240ns          225951 1c008bb8 00000513 addi             x10, x0, 0          x10=00000000
13629259ns          225952 1c008bba 00008067 jalr             x0, x1, 0            x1:1c008c8a
13629319ns          225955 1c008c8a 31f52563 p.beqimm         x10, 778            x10:00000000
13629339ns          225956 1c008c8e 001d8d93 addi             x27, x27, 1         x27=0000001f x27:0000001e
13629359ns          225957 1c008c90 00044503 lbu              x10, 0(x8)          x10=00000072  x8:1c00053c  PA:1c00053c
13629657ns          225972 1c008c94 00140413 addi             x8, x8, 1            x8=1c00053d  x8:1c00053c
13629677ns          225973 1c008c96 fe0514e3 bne              x10, x0, -24        x10:00000072
13629757ns          225977 1c008c7e 02500793 addi             x15, x0, 37         x15=00000025
13629777ns          225978 1c008c82 04f50863 beq              x10, x15, 80        x10:00000072 x15:00000025
13629796ns          225979 1c008c86 01a005b3 add              x11, x0, x26        x11=00000002 x26:00000002
13629816ns          225980 1c008c88 000b00e7 jalr             x1, x22, 0           x1=1c008c8a x22:1c008b94
13629856ns          225982 1c008b94 000026b7 lui              x13, 0x2000         x13=00002000
13629876ns          225983 1c008b96 f14027f3 csrrs            x15, x0, 0xf14      x15=00000004
13629896ns          225984 1c008b9a f8068693 addi             x13, x13, -128      x13=00001f80 x13:00002000
13629916ns          225985 1c008b9e 00379713 slli             x14, x15, 0x3       x14=00000020 x15:00000004
13629936ns          225986 1c008ba2 00279793 slli             x15, x15, 0x2       x15=00000010 x15:00000004
13629956ns          225987 1c008ba4 00d7f7b3 and              x15, x15, x13       x15=00000000 x15:00000010 x13:00001f80
13629975ns          225988 1c008ba6 ee873733 p.bclr           x14, x14, 23, 8     x14=00000020 x14:00000020
13629995ns          225989 1c008baa 1a10f6b7 lui              x13, 0x1a10f000     x13=1a10f000
13630015ns          225990 1c008bae 0ff57513 andi             x10, x10, 255       x10=00000072 x10:00000072
13630035ns          225991 1c008bb2 00d70733 add              x14, x14, x13       x14=1a10f020 x14:00000020 x13:1a10f000
13630055ns          225992 1c008bb4 00a7e723 p.sw             x10, x0(x15)        x10:00000072 x15:00000000  PA:1a10f020
13630393ns          226009 1c008bb8 00000513 addi             x10, x0, 0          x10=00000000
13630413ns          226010 1c008bba 00008067 jalr             x0, x1, 0            x1:1c008c8a
13630473ns          226013 1c008c8a 31f52563 p.beqimm         x10, 778            x10:00000000
13630492ns          226014 1c008c8e 001d8d93 addi             x27, x27, 1         x27=00000020 x27:0000001f
13630512ns          226015 1c008c90 00044503 lbu              x10, 0(x8)          x10=00000065  x8:1c00053d  PA:1c00053d
13630811ns          226030 1c008c94 00140413 addi             x8, x8, 1            x8=1c00053e  x8:1c00053d
13630831ns          226031 1c008c96 fe0514e3 bne              x10, x0, -24        x10:00000065
13630910ns          226035 1c008c7e 02500793 addi             x15, x0, 37         x15=00000025
13630930ns          226036 1c008c82 04f50863 beq              x10, x15, 80        x10:00000065 x15:00000025
13630950ns          226037 1c008c86 01a005b3 add              x11, x0, x26        x11=00000002 x26:00000002
13630970ns          226038 1c008c88 000b00e7 jalr             x1, x22, 0           x1=1c008c8a x22:1c008b94
13631010ns          226040 1c008b94 000026b7 lui              x13, 0x2000         x13=00002000
13631029ns          226041 1c008b96 f14027f3 csrrs            x15, x0, 0xf14      x15=00000004
13631049ns          226042 1c008b9a f8068693 addi             x13, x13, -128      x13=00001f80 x13:00002000
13631069ns          226043 1c008b9e 00379713 slli             x14, x15, 0x3       x14=00000020 x15:00000004
13631089ns          226044 1c008ba2 00279793 slli             x15, x15, 0x2       x15=00000010 x15:00000004
13631109ns          226045 1c008ba4 00d7f7b3 and              x15, x15, x13       x15=00000000 x15:00000010 x13:00001f80
13631129ns          226046 1c008ba6 ee873733 p.bclr           x14, x14, 23, 8     x14=00000020 x14:00000020
13631149ns          226047 1c008baa 1a10f6b7 lui              x13, 0x1a10f000     x13=1a10f000
13631169ns          226048 1c008bae 0ff57513 andi             x10, x10, 255       x10=00000065 x10:00000065
13631189ns          226049 1c008bb2 00d70733 add              x14, x14, x13       x14=1a10f020 x14:00000020 x13:1a10f000
13631208ns          226050 1c008bb4 00a7e723 p.sw             x10, x0(x15)        x10:00000065 x15:00000000  PA:1a10f020
13631527ns          226066 1c008bb8 00000513 addi             x10, x0, 0          x10=00000000
13631547ns          226067 1c008bba 00008067 jalr             x0, x1, 0            x1:1c008c8a
13631606ns          226070 1c008c8a 31f52563 p.beqimm         x10, 778            x10:00000000
13631626ns          226071 1c008c8e 001d8d93 addi             x27, x27, 1         x27=00000021 x27:00000020
13631646ns          226072 1c008c90 00044503 lbu              x10, 0(x8)          x10=00000020  x8:1c00053e  PA:1c00053e
13631944ns          226087 1c008c94 00140413 addi             x8, x8, 1            x8=1c00053f  x8:1c00053e
13631964ns          226088 1c008c96 fe0514e3 bne              x10, x0, -24        x10:00000020
13632044ns          226092 1c008c7e 02500793 addi             x15, x0, 37         x15=00000025
13632064ns          226093 1c008c82 04f50863 beq              x10, x15, 80        x10:00000020 x15:00000025
13632084ns          226094 1c008c86 01a005b3 add              x11, x0, x26        x11=00000002 x26:00000002
13632103ns          226095 1c008c88 000b00e7 jalr             x1, x22, 0           x1=1c008c8a x22:1c008b94
13632143ns          226097 1c008b94 000026b7 lui              x13, 0x2000         x13=00002000
13632163ns          226098 1c008b96 f14027f3 csrrs            x15, x0, 0xf14      x15=00000004
13632183ns          226099 1c008b9a f8068693 addi             x13, x13, -128      x13=00001f80 x13:00002000
13632203ns          226100 1c008b9e 00379713 slli             x14, x15, 0x3       x14=00000020 x15:00000004
13632223ns          226101 1c008ba2 00279793 slli             x15, x15, 0x2       x15=00000010 x15:00000004
13632243ns          226102 1c008ba4 00d7f7b3 and              x15, x15, x13       x15=00000000 x15:00000010 x13:00001f80
13632263ns          226103 1c008ba6 ee873733 p.bclr           x14, x14, 23, 8     x14=00000020 x14:00000020
13632282ns          226104 1c008baa 1a10f6b7 lui              x13, 0x1a10f000     x13=1a10f000
13632302ns          226105 1c008bae 0ff57513 andi             x10, x10, 255       x10=00000020 x10:00000020
13632322ns          226106 1c008bb2 00d70733 add              x14, x14, x13       x14=1a10f020 x14:00000020 x13:1a10f000
13632342ns          226107 1c008bb4 00a7e723 p.sw             x10, x0(x15)        x10:00000020 x15:00000000  PA:1a10f020
13632660ns          226123 1c008bb8 00000513 addi             x10, x0, 0          x10=00000000
13632680ns          226124 1c008bba 00008067 jalr             x0, x1, 0            x1:1c008c8a
13632740ns          226127 1c008c8a 31f52563 p.beqimm         x10, 778            x10:00000000
13632760ns          226128 1c008c8e 001d8d93 addi             x27, x27, 1         x27=00000022 x27:00000021
13632780ns          226129 1c008c90 00044503 lbu              x10, 0(x8)          x10=00000025  x8:1c00053f  PA:1c00053f
13633078ns          226144 1c008c94 00140413 addi             x8, x8, 1            x8=1c000540  x8:1c00053f
13633098ns          226145 1c008c96 fe0514e3 bne              x10, x0, -24        x10:00000025
13633177ns          226149 1c008c7e 02500793 addi             x15, x0, 37         x15=00000025
13633197ns          226150 1c008c82 04f50863 beq              x10, x15, 80        x10:00000025 x15:00000025
13633336ns          226157 1c008cd2 00044483 lbu              x9, 0(x8)            x9=00000064  x8:1c000540  PA:1c000540
13633635ns          226172 1c008cd6 02000693 addi             x13, x0, 32         x13=00000020
13633655ns          226173 1c008cda 00140a93 addi             x21, x8, 1          x21=1c000541  x8:1c000540
13633675ns          226174 1c008cde 009005b3 add              x11, x0, x9         x11=00000064  x9:00000064
13633694ns          226175 1c008ce0 5f0b8513 addi             x10, x23, 1520      x10=1c0005f0 x23:1c000000
13633714ns          226176 1c008ce4 00d12823 sw               x13, 16(x2)         x13:00000020  x2:10002158  PA:10002168
13633734ns          226177 1c008ce6 00012c23 sw               x0, 24(x2)           x2:10002158  PA:10002170
13633754ns          226178 1c008ce8 00012a23 sw               x0, 20(x2)           x2:10002158  PA:1000216c
13633774ns          226179 1c008cea 00012e23 sw               x0, 28(x2)           x2:10002158  PA:10002174
13633794ns          226180 1c008cec 00012623 sw               x0, 12(x2)           x2:10002158  PA:10002164
13633814ns          226181 1c008cee 02300913 addi             x18, x0, 35         x18=00000023
13633834ns          226182 1c008cf2 02d00a13 addi             x20, x0, 45         x20=0000002d
13633854ns          226183 1c008cf6 015009b3 add              x19, x0, x21        x19=1c000541 x21:1c000541
13633873ns          226184 1c008cf8 e1dff0ef jal              x1, -484             x1=1c008cfa
13634013ns          226191 1c008b14 00054783 lbu              x15, 0(x10)         x15=0000002d x10:1c0005f0  PA:1c0005f0
13634331ns          226207 1c008b18 0ff5f593 andi             x11, x11, 255       x11=00000064 x11:00000064
13634351ns          226208 1c008b1c 00b78c63 beq              x15, x11, 24        x15:0000002d x11:00000064
13634371ns          226209 1c008b20 00078b63 beq              x15, x0, 22         x15:0000002d
13634391ns          226210 1c008b22 00150793 addi             x15, x10, 1         x15=1c0005f1 x10:1c0005f0
13634410ns          226211 1c008b26 0040006f jal              x0, 4              
13634510ns          226216 1c008b2a 00f00533 add              x10, x0, x15        x10=1c0005f1 x15:1c0005f1
13634530ns          226217 1c008b2c 0017c70b p.lbu            x14, 1(x15!)        x14=0000002b x15=1c0005f2 x15:1c0005f1  PA:1c0005f1
13634868ns          226234 1c008b30 feb71ce3 bne              x14, x11, -8        x14:0000002b x11:00000064
13634928ns          226237 1c008b28 00070763 beq              x14, x0, 14         x14:0000002b
13634947ns          226238 1c008b2a 00f00533 add              x10, x0, x15        x10=1c0005f2 x15:1c0005f2
13634967ns          226239 1c008b2c 0017c70b p.lbu            x14, 1(x15!)        x14=00000020 x15=1c0005f3 x15:1c0005f2  PA:1c0005f2
13635285ns          226255 1c008b30 feb71ce3 bne              x14, x11, -8        x14:00000020 x11:00000064
13635345ns          226258 1c008b28 00070763 beq              x14, x0, 14         x14:00000020
13635365ns          226259 1c008b2a 00f00533 add              x10, x0, x15        x10=1c0005f3 x15:1c0005f3
13635385ns          226260 1c008b2c 0017c70b p.lbu            x14, 1(x15!)        x14=00000023 x15=1c0005f4 x15:1c0005f3  PA:1c0005f3
13635703ns          226276 1c008b30 feb71ce3 bne              x14, x11, -8        x14:00000023 x11:00000064
13635763ns          226279 1c008b28 00070763 beq              x14, x0, 14         x14:00000023
13635783ns          226280 1c008b2a 00f00533 add              x10, x0, x15        x10=1c0005f4 x15:1c0005f4
13635803ns          226281 1c008b2c 0017c70b p.lbu            x14, 1(x15!)        x14=00000030 x15=1c0005f5 x15:1c0005f4  PA:1c0005f4
13636121ns          226297 1c008b30 feb71ce3 bne              x14, x11, -8        x14:00000030 x11:00000064
13636180ns          226300 1c008b28 00070763 beq              x14, x0, 14         x14:00000030
13636200ns          226301 1c008b2a 00f00533 add              x10, x0, x15        x10=1c0005f5 x15:1c0005f5
13636220ns          226302 1c008b2c 0017c70b p.lbu            x14, 1(x15!)        x14=00000000 x15=1c0005f6 x15:1c0005f5  PA:1c0005f5
13636538ns          226318 1c008b30 feb71ce3 bne              x14, x11, -8        x14:00000000 x11:00000064
13636598ns          226321 1c008b28 00070763 beq              x14, x0, 14         x14:00000000
13636678ns          226325 1c008b36 0015b593 sltiu            x11, x11, 1         x11=00000000 x11:00000064
13636698ns          226326 1c008b3a 40b005b3 sub              x11, x0, x11        x11=00000000 x11:00000000
13636717ns          226327 1c008b3e 00b57533 and              x10, x10, x11       x10=00000000 x10:1c0005f5 x11:00000000
13636737ns          226328 1c008b40 00008067 jalr             x0, x1, 0            x1:1c008cfa
13636777ns          226330 1c008cfa 02050a63 beq              x10, x0, 52         x10:00000000
13636896ns          226336 1c008d2e 02a00613 addi             x12, x0, 42         x12=0000002a
13636936ns          226338 1c008d32 2ac48663 beq              x9, x12, 684         x9:00000064 x12:0000002a
13636956ns          226339 1c008d36 fd048613 addi             x12, x9, -48        x12=00000034  x9:00000064
13636976ns          226340 1c008d3a 00900593 addi             x11, x0, 9          x11=00000009
13636996ns          226341 1c008d3c 00000913 addi             x18, x0, 0          x18=00000000
13637036ns          226343 1c008d3e 28c5f063 bgeu             x11, x12, 640       x11:00000009 x12:00000034
13637075ns          226345 1c008d42 02e00693 addi             x13, x0, 46         x13=0000002e
13637095ns          226346 1c008d46 fff00a13 addi             x20, x0, -1         x20=ffffffff
13637115ns          226347 1c008d48 2ed48363 beq              x9, x13, 742         x9:00000064 x13:0000002e
13637135ns          226348 1c008d4c 1c0007b7 lui              x15, 0x1c000000     x15=1c000000
13637155ns          226349 1c008d50 009005b3 add              x11, x0, x9         x11=00000064  x9:00000064
13637175ns          226350 1c008d52 5f878513 addi             x10, x15, 1528      x10=1c0005f8 x15:1c000000
13637195ns          226351 1c008d56 dbfff0ef jal              x1, -578             x1=1c008d58
13637294ns          226356 1c008b14 00054783 lbu              x15, 0(x10)         x15=00000068 x10:1c0005f8  PA:1c0005f8
13637592ns          226371 1c008b18 0ff5f593 andi             x11, x11, 255       x11=00000064 x11:00000064
13637612ns          226372 1c008b1c 00b78c63 beq              x15, x11, 24        x15:00000068 x11:00000064
13637632ns          226373 1c008b20 00078b63 beq              x15, x0, 22         x15:00000068
13637652ns          226374 1c008b22 00150793 addi             x15, x10, 1         x15=1c0005f9 x10:1c0005f8
13637672ns          226375 1c008b26 0040006f jal              x0, 4              
13637712ns          226377 1c008b2a 00f00533 add              x10, x0, x15        x10=1c0005f9 x15:1c0005f9
13637732ns          226378 1c008b2c 0017c70b p.lbu            x14, 1(x15!)        x14=0000006c x15=1c0005fa x15:1c0005f9  PA:1c0005f9
13638050ns          226394 1c008b30 feb71ce3 bne              x14, x11, -8        x14:0000006c x11:00000064
13638110ns          226397 1c008b28 00070763 beq              x14, x0, 14         x14:0000006c
13638129ns          226398 1c008b2a 00f00533 add              x10, x0, x15        x10=1c0005fa x15:1c0005fa
13638149ns          226399 1c008b2c 0017c70b p.lbu            x14, 1(x15!)        x14=0000004c x15=1c0005fb x15:1c0005fa  PA:1c0005fa
13638468ns          226415 1c008b30 feb71ce3 bne              x14, x11, -8        x14:0000004c x11:00000064
13638527ns          226418 1c008b28 00070763 beq              x14, x0, 14         x14:0000004c
13638547ns          226419 1c008b2a 00f00533 add              x10, x0, x15        x10=1c0005fb x15:1c0005fb
13638567ns          226420 1c008b2c 0017c70b p.lbu            x14, 1(x15!)        x14=0000007a x15=1c0005fc x15:1c0005fb  PA:1c0005fb
13638905ns          226437 1c008b30 feb71ce3 bne              x14, x11, -8        x14:0000007a x11:00000064
13638965ns          226440 1c008b28 00070763 beq              x14, x0, 14         x14:0000007a
13638985ns          226441 1c008b2a 00f00533 add              x10, x0, x15        x10=1c0005fc x15:1c0005fc
13639005ns          226442 1c008b2c 0017c70b p.lbu            x14, 1(x15!)        x14=00000000 x15=1c0005fd x15:1c0005fc  PA:1c0005fc
13639382ns          226461 1c008b30 feb71ce3 bne              x14, x11, -8        x14:00000000 x11:00000064
13639442ns          226464 1c008b28 00070763 beq              x14, x0, 14         x14:00000000
13639522ns          226468 1c008b36 0015b593 sltiu            x11, x11, 1         x11=00000000 x11:00000064
13639542ns          226469 1c008b3a 40b005b3 sub              x11, x0, x11        x11=00000000 x11:00000000
13639561ns          226470 1c008b3e 00b57533 and              x10, x10, x11       x10=00000000 x10:1c0005fc x11:00000000
13639581ns          226471 1c008b40 00008067 jalr             x0, x1, 0            x1:1c008d58
13639621ns          226473 1c008d58 01300433 add              x8, x0, x19          x8=1c000541 x19:1c000541
13639641ns          226474 1c008d5a 00050563 beq              x10, x0, 10         x10:00000000
13639701ns          226477 1c008d64 06700693 addi             x13, x0, 103        x13=00000067
13639721ns          226478 1c008d68 2896d963 bge              x13, x9, 658        x13:00000067  x9:00000064
13639800ns          226482 1c008ffa 06500693 addi             x13, x0, 101        x13=00000065
13639820ns          226483 1c008ffe 12d4d563 bge              x9, x13, 298         x9:00000064 x13:00000065
13639840ns          226484 1c009002 04700693 addi             x13, x0, 71         x13=00000047
13639860ns          226485 1c009006 dc96cbe3 blt              x13, x9, -554       x13:00000047  x9:00000064
13639979ns          226491 1c008ddc 06300693 addi             x13, x0, 99         x13=00000063
13639999ns          226492 1c008de0 0ad488e3 beq              x9, x13, 2224        x9:00000064 x13:00000063
13640019ns          226493 1c008de4 0096c9e3 blt              x13, x9, 2066       x13:00000063  x9:00000064
13640158ns          226500 1c0095f6 000c2583 lw               x11, 0(x24)         x11=00000004 x24:100022b0  PA:100022b0
13640198ns          226502 1c0095fa 004c0c13 addi             x24, x24, 4         x24=100022b4 x24:100022b0
13640218ns          226503 1c0095fc 3405cc63 blt              x11, x0, 856        x11:00000004
13640238ns          226504 1c009600 01412603 lw               x12, 20(x2)         x12=00000000  x2:10002158  PA:1000216c
13640257ns          226505 1c009602 00b006b3 add              x13, x0, x11        x13=00000004 x11:00000004
13640277ns          226506 1c009604 2e061863 bne              x12, x0, 752        x12:00000000
13640297ns          226507 1c009608 01812703 lw               x14, 24(x2)         x14=00000000  x2:10002158  PA:10002170
13640317ns          226508 1c00960a 019007b3 add              x15, x0, x25        x15=1000217c x25:1000217c
13640337ns          226509 1c00960c 00070763 beq              x14, x0, 14         x14:00000000
13640417ns          226513 1c00961a 00f00733 add              x14, x0, x15        x14=1000217c x15:1000217c
13640436ns          226514 1c00961c 00a00513 addi             x10, x0, 10         x10=0000000a
13640496ns          226517 1c00961e 02a6f633 remu             x12, x13, x10       x12=00000004 x13:00000004 x10:0000000a
13641133ns          226549 1c009622 02a6d6b3 divu             x13, x13, x10       x13=00000000 x13:00000004 x10:0000000a
13641749ns          226580 1c009626 03060613 addi             x12, x12, 48        x12=00000034 x12:00000004
13641769ns          226581 1c00962a 00c700ab p.sb             x12, 1(x14!)        x14=1000217d x12:00000034 x14:1000217c  PA:1000217c
13641789ns          226582 1c00962e fe0698e3 bne              x13, x0, -16        x13:00000000
13641809ns          226583 1c009630 40f706b3 sub              x13, x14, x15       x13=00000001 x14:1000217d x15:1000217c
13641829ns          226584 1c009634 0146dc63 bge              x13, x20, 24        x13:00000001 x20:ffffffff
13641888ns          226587 1c00964c 00e006b3 add              x13, x0, x14        x13=1000217d x14:1000217d
13641948ns          226590 1c00964e fe068fab p.sb             x0, -1(x13!)        x13=1000217c x13:1000217d  PA:1000217d
13641988ns          226592 1c009652 00d7fc63 bgeu             x15, x13, 24        x15:1000217c x13:1000217c
13642047ns          226595 1c00966a 01412783 lw               x15, 20(x2)         x15=00000000  x2:10002158  PA:1000216c
13642067ns          226596 1c00966c 01812603 lw               x12, 24(x2)         x12=00000000  x2:10002158  PA:10002170
13642087ns          226597 1c00966e 419704b3 sub              x9, x14, x25         x9=00000001 x14:1000217d x25:1000217c
13642107ns          226598 1c009672 00c7e7b3 or               x15, x15, x12       x15=00000000 x15:00000000 x12:00000000
13642127ns          226599 1c009674 00f12623 sw               x15, 12(x2)         x15:00000000  x2:10002158  PA:10002164
13642147ns          226600 1c009676 00079363 bne              x15, x0, 6          x15:00000000
13642167ns          226601 1c009678 01f5d593 srli             x11, x11, 0x1f      x11=00000000 x11:00000004
13642187ns          226602 1c00967a 00b12623 sw               x11, 12(x2)         x11:00000000  x2:10002158  PA:10002164
13642207ns          226603 1c00967c e3fa28e3 p.beqimm         x20, -464           x20:ffffffff
13642306ns          226608 1c0094ac 0c800793 addi             x15, x0, 200        x15=000000c8
13642346ns          226610 1c0094b0 9e97d0e3 bge              x15, x9, -1568      x15:000000c8  x9:00000001
13642405ns          226613 1c008e90 0f24d163 bge              x9, x18, 226         x9:00000001 x18:00000000
13642545ns          226620 1c008f72 d00482e3 beq              x9, x0, -764         x9:00000001
13642564ns          226621 1c008f76 01900933 add              x18, x0, x25        x18=1000217c x25:1000217c
13642584ns          226622 1c008f78 419d8db3 sub              x27, x27, x25       x27=efffdea6 x27:00000022 x25:1000217c
13642604ns          226623 1c008f7c 00a0006f jal              x0, 10             
13642664ns          226626 1c008f86 0019450b p.lbu            x10, 1(x18!)        x10=00000034 x18=1000217d x18:1000217c  PA:1000217c
13642684ns          226627 1c008f8a 01a005b3 add              x11, x0, x26        x11=00000002 x26:00000002
13642704ns          226628 1c008f8c 000b00e7 jalr             x1, x22, 0           x1=1c008f8e x22:1c008b94
13642783ns          226632 1c008b94 000026b7 lui              x13, 0x2000         x13=00002000
13642823ns          226634 1c008b96 f14027f3 csrrs            x15, x0, 0xf14      x15=00000004
13642843ns          226635 1c008b9a f8068693 addi             x13, x13, -128      x13=00001f80 x13:00002000
13642903ns          226638 1c008b9e 00379713 slli             x14, x15, 0x3       x14=00000020 x15:00000004
13642922ns          226639 1c008ba2 00279793 slli             x15, x15, 0x2       x15=00000010 x15:00000004
13642942ns          226640 1c008ba4 00d7f7b3 and              x15, x15, x13       x15=00000000 x15:00000010 x13:00001f80
13642962ns          226641 1c008ba6 ee873733 p.bclr           x14, x14, 23, 8     x14=00000020 x14:00000020
13642982ns          226642 1c008baa 1a10f6b7 lui              x13, 0x1a10f000     x13=1a10f000
13643042ns          226645 1c008bae 0ff57513 andi             x10, x10, 255       x10=00000034 x10:00000034
13643062ns          226646 1c008bb2 00d70733 add              x14, x14, x13       x14=1a10f020 x14:00000020 x13:1a10f000
13643082ns          226647 1c008bb4 00a7e723 p.sw             x10, x0(x15)        x10:00000034 x15:00000000  PA:1a10f020
13643440ns          226665 1c008bb8 00000513 addi             x10, x0, 0          x10=00000000
13643459ns          226666 1c008bba 00008067 jalr             x0, x1, 0            x1:1c008f8e
13643499ns          226668 1c008f8e fff48493 addi             x9, x9, -1           x9=00000000  x9:00000001
13643519ns          226669 1c008f90 fff537e3 p.bneimm         x10, -18            x10:00000000
13643599ns          226673 1c008f7e 012d8733 add              x14, x27, x18       x14=00000023 x27:efffdea6 x18:1000217d
13643619ns          226674 1c008f82 5a048b63 beq              x9, x0, 1462         x9:00000000
13643718ns          226679 1c009538 00e00db3 add              x27, x0, x14        x27=00000023 x14:00000023
13643758ns          226681 1c00953a f3cff06f jal              x0, -2244          
13643937ns          226690 1c008c76 00044503 lbu              x10, 0(x8)          x10=0000000a  x8:1c000541  PA:1c000541
13644235ns          226705 1c008c7a 00140413 addi             x8, x8, 1            x8=1c000542  x8:1c000541
13644255ns          226706 1c008c7c 00050e63 beq              x10, x0, 28         x10:0000000a
13644275ns          226707 1c008c7e 02500793 addi             x15, x0, 37         x15=00000025
13644295ns          226708 1c008c82 04f50863 beq              x10, x15, 80        x10:0000000a x15:00000025
13644315ns          226709 1c008c86 01a005b3 add              x11, x0, x26        x11=00000002 x26:00000002
13644335ns          226710 1c008c88 000b00e7 jalr             x1, x22, 0           x1=1c008c8a x22:1c008b94
13644494ns          226718 1c008b94 000026b7 lui              x13, 0x2000         x13=00002000
13644533ns          226720 1c008b96 f14027f3 csrrs            x15, x0, 0xf14      x15=00000004
13644553ns          226721 1c008b9a f8068693 addi             x13, x13, -128      x13=00001f80 x13:00002000
13644573ns          226722 1c008b9e 00379713 slli             x14, x15, 0x3       x14=00000020 x15:00000004
13644593ns          226723 1c008ba2 00279793 slli             x15, x15, 0x2       x15=00000010 x15:00000004
13644613ns          226724 1c008ba4 00d7f7b3 and              x15, x15, x13       x15=00000000 x15:00000010 x13:00001f80
13644633ns          226725 1c008ba6 ee873733 p.bclr           x14, x14, 23, 8     x14=00000020 x14:00000020
13644653ns          226726 1c008baa 1a10f6b7 lui              x13, 0x1a10f000     x13=1a10f000
13644673ns          226727 1c008bae 0ff57513 andi             x10, x10, 255       x10=0000000a x10:0000000a
13644693ns          226728 1c008bb2 00d70733 add              x14, x14, x13       x14=1a10f020 x14:00000020 x13:1a10f000
13644712ns          226729 1c008bb4 00a7e723 p.sw             x10, x0(x15)        x10:0000000a x15:00000000  PA:1a10f020
13645031ns          226745 1c008bb8 00000513 addi             x10, x0, 0          x10=00000000
13645050ns          226746 1c008bba 00008067 jalr             x0, x1, 0            x1:1c008c8a
13645110ns          226749 1c008c8a 31f52563 p.beqimm         x10, 778            x10:00000000
13645130ns          226750 1c008c8e 001d8d93 addi             x27, x27, 1         x27=00000024 x27:00000023
13645150ns          226751 1c008c90 00044503 lbu              x10, 0(x8)          x10=00000000  x8:1c000542  PA:1c000542
13645468ns          226767 1c008c94 00140413 addi             x8, x8, 1            x8=1c000543  x8:1c000542
13645488ns          226768 1c008c96 fe0514e3 bne              x10, x0, -24        x10:00000000
13645508ns          226769 1c008c98 01b00433 add              x8, x0, x27          x8=00000024 x27:00000024
13645528ns          226770 1c008c9a 00800533 add              x10, x0, x8         x10=00000024  x8:00000024
13645548ns          226771 1c008c9c 12c12083 lw               x1, 300(x2)          x1=1c008c28  x2:10002158  PA:10002284
13645568ns          226772 1c008ca0 12812403 lw               x8, 296(x2)          x8=00000004  x2:10002158  PA:10002280
13645587ns          226773 1c008ca4 12412483 lw               x9, 292(x2)          x9=00000000  x2:10002158  PA:1000227c
13645607ns          226774 1c008ca8 12012903 lw               x18, 288(x2)        x18=00000000  x2:10002158  PA:10002278
13645627ns          226775 1c008cac 11c12983 lw               x19, 284(x2)        x19=00000000  x2:10002158  PA:10002274
13645826ns          226785 1c008cb0 11812a03 lw               x20, 280(x2)        x20=00000000  x2:10002158  PA:10002270
13645866ns          226787 1c008cb4 11412a83 lw               x21, 276(x2)        x21=00000000  x2:10002158  PA:1000226c
13645886ns          226788 1c008cb8 11012b03 lw               x22, 272(x2)        x22=00000000  x2:10002158  PA:10002268
13645906ns          226789 1c008cbc 10c12b83 lw               x23, 268(x2)        x23=00000000  x2:10002158  PA:10002264
13646343ns          226811 1c008cc0 10812c03 lw               x24, 264(x2)        x24=00000000  x2:10002158  PA:10002260
13646383ns          226813 1c008cc4 10412c83 lw               x25, 260(x2)        x25=00000000  x2:10002158  PA:1000225c
13646403ns          226814 1c008cc8 10012d03 lw               x26, 256(x2)        x26=00000000  x2:10002158  PA:10002258
13646423ns          226815 1c008ccc 0fc12d83 lw               x27, 252(x2)        x27=00000000  x2:10002158  PA:10002254
13646443ns          226816 1c008cce 13010113 addi             x2, x2, 304          x2=10002288  x2:10002158
13646463ns          226817 1c008cd0 00008067 jalr             x0, x1, 0            x1:1c008c28
13646542ns          226821 1c008c28 01c12083 lw               x1, 28(x2)           x1=1c008254  x2:10002288  PA:100022a4
13646562ns          226822 1c008c2a 04010113 addi             x2, x2, 64           x2=100022c8  x2:10002288
13646602ns          226824 1c008c2c 00008067 jalr             x0, x1, 0            x1:1c008254
13647099ns          226849 1c008254 437010ef jal              x1, 7222             x1=1c008258
13647596ns          226874 1c009e8a f14027f3 csrrs            x15, x0, 0xf14      x15=00000004
13647616ns          226875 1c009e8e 01f00713 addi             x14, x0, 31         x14=0000001f
13648034ns          226896 1c009e90 ca5797b3 p.extractu       x15, x15, 5, 5      x15=00000000 x15:00000004
13648073ns          226898 1c009e94 00e78863 beq              x15, x14, 16        x15:00000000 x14:0000001f
13648093ns          226899 1c009e98 002047b7 lui              x15, 0x204000       x15=00204000
13648113ns          226900 1c009e9c 20078793 addi             x15, x15, 512       x15=00204200 x15:00204000
13648551ns          226922 1c009ea0 01c7e703 p.elw            x14, 28(x15)        x14=00010000 x15:00204200  PA:0020421c
13648730ns          226931 1c009ea4 00008067 jalr             x0, x1, 0            x1:1c008258
13649108ns          226950 1c008258 02040763 beq              x8, x0, 46           x8:00000004
13649128ns          226951 1c00825a 431010ef jal              x1, 7216             x1=1c00825e
13649645ns          226977 1c009e8a f14027f3 csrrs            x15, x0, 0xf14      x15=00000004
13649665ns          226978 1c009e8e 01f00713 addi             x14, x0, 31         x14=0000001f
13649684ns          226979 1c009e90 ca5797b3 p.extractu       x15, x15, 5, 5      x15=00000000 x15:00000004
13649704ns          226980 1c009e94 00e78863 beq              x15, x14, 16        x15:00000000 x14:0000001f
13649724ns          226981 1c009e98 002047b7 lui              x15, 0x204000       x15=00204000
13649744ns          226982 1c009e9c 20078793 addi             x15, x15, 512       x15=00204200 x15:00204000
13649764ns          226983 1c009ea0 01c7e703 p.elw            x14, 28(x15)        x14=00010000 x15:00204200  PA:0020421c
15310255ns          310035 1c009ea4 00008067 jalr             x0, x1, 0            x1:1c00825e
15310315ns          310038 1c00825e 52c12083 lw               x1, 1324(x2)         x1=1c009d5c  x2:100022c8  PA:100027f4
15310415ns          310043 1c008262 52812403 lw               x8, 1320(x2)         x8=00000000  x2:100022c8  PA:100027f0
15310435ns          310044 1c008266 52412483 lw               x9, 1316(x2)         x9=00000000  x2:100022c8  PA:100027ec
15310455ns          310045 1c00826a 52012903 lw               x18, 1312(x2)       x18=00000000  x2:100022c8  PA:100027e8
15310897ns          310067 1c00826e 51c12983 lw               x19, 1308(x2)       x19=00000000  x2:100022c8  PA:100027e4
15310937ns          310069 1c008272 51812a03 lw               x20, 1304(x2)       x20=00000000  x2:100022c8  PA:100027e0
15310957ns          310070 1c008276 51412a83 lw               x21, 1300(x2)       x21=00000000  x2:100022c8  PA:100027dc
15310977ns          310071 1c00827a 51012b03 lw               x22, 1296(x2)       x22=00000000  x2:100022c8  PA:100027d8
15310997ns          310072 1c00827e 00100513 addi             x10, x0, 1          x10=00000001
15311037ns          310074 1c008280 53010113 addi             x2, x2, 1328         x2=100027f8  x2:100022c8
15311077ns          310076 1c008284 00008067 jalr             x0, x1, 0            x1:1c009d5c
15311157ns          310080 1c009d5c 01f00713 addi             x14, x0, 31         x14=0000001f
15311719ns          310108 1c009d5e f14027f3 csrrs            x15, x0, 0xf14      x15=00000004
15311759ns          310110 1c009d62 ca5797b3 p.extractu       x15, x15, 5, 5      x15=00000000 x15:00000004
15311779ns          310111 1c009d66 00e78863 beq              x15, x14, 16        x15:00000000 x14:0000001f
15311800ns          310112 1c009d6a 002047b7 lui              x15, 0x204000       x15=00204000
15312141ns          310129 1c009d6e 20078793 addi             x15, x15, 512       x15=00204200 x15:00204000
15312181ns          310131 1c009d72 01c7e703 p.elw            x14, 28(x15)        x14=00010000 x15:00204200  PA:0020421c
15312401ns          310142 1c009d76 f14027f3 csrrs            x15, x0, 0xf14      x15=00000004
15312421ns          310143 1c009d7a f457b7b3 p.bclr           x15, x15, 26, 5     x15=00000004 x15:00000004
15312442ns          310144 1c009d7e 00079963 bne              x15, x0, 18         x15:00000004
15313124ns          310178 1c009d90 002047b7 lui              x15, 0x204000       x15=00204000
15313164ns          310180 1c009d94 fff00713 addi             x14, x0, -1         x14=ffffffff
15313184ns          310181 1c009d96 00e7a223 sw               x14, 4(x15)         x14:ffffffff x15:00204000  PA:00204004
