                Time          Cycles PC       Instr    Mnemonic
13435371ns          216203 1c008080 000000b7 lui              x1, 0x0              x1=00000000
13435411ns          216205 1c008084 00000137 lui              x2, 0x0              x2=00000000
13435431ns          216206 1c008088 000001b7 lui              x3, 0x0              x3=00000000
13435451ns          216207 1c00808c 00000237 lui              x4, 0x0              x4=00000000
13435888ns          216229 1c008090 000002b7 lui              x5, 0x0              x5=00000000
13435928ns          216231 1c008094 00000337 lui              x6, 0x0              x6=00000000
13435948ns          216232 1c008098 000003b7 lui              x7, 0x0              x7=00000000
13435968ns          216233 1c00809c 00000437 lui              x8, 0x0              x8=00000000
13436405ns          216255 1c0080a0 000004b7 lui              x9, 0x0              x9=00000000
13436445ns          216257 1c0080a4 00000537 lui              x10, 0x0            x10=00000000
13436465ns          216258 1c0080a8 000005b7 lui              x11, 0x0            x11=00000000
13436485ns          216259 1c0080ac 00000637 lui              x12, 0x0            x12=00000000
13436942ns          216282 1c0080b0 000006b7 lui              x13, 0x0            x13=00000000
13436982ns          216284 1c0080b4 00000737 lui              x14, 0x0            x14=00000000
13437002ns          216285 1c0080b8 000007b7 lui              x15, 0x0            x15=00000000
13437022ns          216286 1c0080bc 00000837 lui              x16, 0x0            x16=00000000
13437460ns          216308 1c0080c0 000008b7 lui              x17, 0x0            x17=00000000
13437499ns          216310 1c0080c4 00000937 lui              x18, 0x0            x18=00000000
13437519ns          216311 1c0080c8 000009b7 lui              x19, 0x0            x19=00000000
13437539ns          216312 1c0080cc 00000a37 lui              x20, 0x0            x20=00000000
13437977ns          216334 1c0080d0 00000ab7 lui              x21, 0x0            x21=00000000
13438016ns          216336 1c0080d4 00000b37 lui              x22, 0x0            x22=00000000
13438036ns          216337 1c0080d8 00000bb7 lui              x23, 0x0            x23=00000000
13438056ns          216338 1c0080dc 00000c37 lui              x24, 0x0            x24=00000000
13438494ns          216360 1c0080e0 00000cb7 lui              x25, 0x0            x25=00000000
13438534ns          216362 1c0080e4 00000d37 lui              x26, 0x0            x26=00000000
13438553ns          216363 1c0080e8 00000db7 lui              x27, 0x0            x27=00000000
13438573ns          216364 1c0080ec 00000e37 lui              x28, 0x0            x28=00000000
13439011ns          216386 1c0080f0 00000eb7 lui              x29, 0x0            x29=00000000
13439051ns          216388 1c0080f4 00000f37 lui              x30, 0x0            x30=00000000
13439070ns          216389 1c0080f8 00000fb7 lui              x31, 0x0            x31=00000000
13439090ns          216390 1c0080fc 0700006f jal              x0, 112            
13440005ns          216436 1c00816c f1402573 csrrs            x10, x0, 0xf14      x10=00000005
13440463ns          216459 1c008170 01f57593 andi             x11, x10, 31        x11=00000005 x10:00000005
13440502ns          216461 1c008174 00555513 srli             x10, x10, 0x5       x10=00000000 x10:00000005
13440522ns          216462 1c008176 01f00613 addi             x12, x0, 31         x12=0000001f
13440542ns          216463 1c008178 00c50463 beq              x10, x12, 8         x10:00000000 x12:0000001f
13440562ns          216464 1c00817c f95ff06f jal              x0, -108           
13441457ns          216509 1c008110 f3ff8117 auipc            x2, 0xf3ff8000       x2=10000110
13441497ns          216511 1c008114 ef410113 addi             x2, x2, -268         x2=10000004  x2:10000110
13441517ns          216512 1c008118 00012103 lw               x2, 0(x2)            x2=10000008  x2:10000004  PA:10000004
13441537ns          216513 1c00811c 000011b7 lui              x3, 0x1000           x3=00001000
13441974ns          216535 1c008120 80018193 addi             x3, x3, -2048        x3=00000800  x3:00001000
13442014ns          216537 1c008124 00158593 addi             x11, x11, 1         x11=00000006 x11:00000005
13442034ns          216538 1c008128 02b180b3 mul              x1, x3, x11          x1=00003000  x3:00000800 x11:00000006
13442054ns          216539 1c00812c 00110133 add              x2, x2, x1           x2=10003008  x2:10000008  x1:00003000
13442491ns          216561 1c008130 3f30106f jal              x0, 7154           
13442949ns          216584 1c009d22 ff010113 addi             x2, x2, -16          x2=10002ff8  x2:10003008
13442988ns          216586 1c009d24 00112623 sw               x1, 12(x2)           x1:00003000  x2:10002ff8  PA:10003004
13443008ns          216587 1c009d26 002047b7 lui              x15, 0x204000       x15=00204000
13443028ns          216588 1c009d2a 00070737 lui              x14, 0x70000        x14=00070000
13443048ns          216589 1c009d2e 00e7a423 sw               x14, 8(x15)         x14:00070000 x15:00204000  PA:00204008
13443486ns          216611 1c009d30 0ff00713 addi             x14, x0, 255        x14=000000ff
13443525ns          216613 1c009d34 20078793 addi             x15, x15, 512       x15=00204200 x15:00204000
13443545ns          216614 1c009d38 00e7a023 sw               x14, 0(x15)         x14:000000ff x15:00204200  PA:00204200
13443625ns          216618 1c009d3c 00e7a623 sw               x14, 12(x15)        x14:000000ff x15:00204200  PA:0020420c
13444003ns          216637 1c009d40 01f00693 addi             x13, x0, 31         x13=0000001f
13444042ns          216639 1c009d42 f1402773 csrrs            x14, x0, 0xf14      x14=00000005
13444062ns          216640 1c009d46 ca571733 p.extractu       x14, x14, 5, 5      x14=00000000 x14:00000005
13444082ns          216641 1c009d4a 00d70463 beq              x14, x13, 8         x14:00000000 x13:0000001f
13444520ns          216663 1c009d4e 01c7e703 p.elw            x14, 28(x15)        x14=00010000 x15:00204200  PA:0020421c
13444679ns          216671 1c009d52 1c0017b7 lui              x15, 0x1c001000     x15=1c001000
13444699ns          216672 1c009d56 e347a783 lw               x15, -460(x15)      x15=1c0081c6 x15:1c001000  PA:1c000e34
13445276ns          216701 1c009d5a 000780e7 jalr             x1, x15, 0           x1=1c009d5c x15:1c0081c6
13445813ns          216728 1c0081c6 1c0007b7 lui              x15, 0x1c000000     x15=1c000000
13445832ns          216729 1c0081ca ad010113 addi             x2, x2, -1328        x2=10002ac8  x2:10002ff8
13446290ns          216752 1c0081ce 01c78793 addi             x15, x15, 28        x15=1c00001c x15:1c000000
13446330ns          216754 1c0081d2 52112623 sw               x1, 1324(x2)         x1:1c009d5c  x2:10002ac8  PA:10002ff4
13446349ns          216755 1c0081d6 52812423 sw               x8, 1320(x2)         x8:00000000  x2:10002ac8  PA:10002ff0
13446369ns          216756 1c0081da 52912223 sw               x9, 1316(x2)         x9:00000000  x2:10002ac8  PA:10002fec
13446807ns          216778 1c0081de 53212023 sw               x18, 1312(x2)       x18:00000000  x2:10002ac8  PA:10002fe8
13446847ns          216780 1c0081e2 51312e23 sw               x19, 1308(x2)       x19:00000000  x2:10002ac8  PA:10002fe4
13446867ns          216781 1c0081e6 51412c23 sw               x20, 1304(x2)       x20:00000000  x2:10002ac8  PA:10002fe0
13446886ns          216782 1c0081ea 51512a23 sw               x21, 1300(x2)       x21:00000000  x2:10002ac8  PA:10002fdc
13447324ns          216804 1c0081ee 51612823 sw               x22, 1296(x2)       x22:00000000  x2:10002ac8  PA:10002fd8
13447344ns          216805 1c0081f2 01010713 addi             x14, x2, 16         x14=10002ad8  x2:10002ac8
13447364ns          216806 1c0081f4 28078613 addi             x12, x15, 640       x12=1c00029c x15:1c00001c
13447384ns          216807 1c0081f8 0287d0fb lp.setupi        0x1, 0x28, 0xf     
13447404ns          216808 1c0081fc 0007a883 lw               x17, 0(x15)         x17=0e590eac x15:1c00001c  PA:1c00001c
13447841ns          216830 1c008200 0047a803 lw               x16, 4(x15)         x16=009e0386 x15:1c00001c  PA:1c000020
13448299ns          216853 1c008204 0087a503 lw               x10, 8(x15)         x10=0eb50814 x15:1c00001c  PA:1c000024
13448617ns          216869 1c008206 00c7a583 lw               x11, 12(x15)        x11=02f60cd6 x15:1c00001c  PA:1c000028
13448995ns          216888 1c008208 01172023 sw               x17, 0(x14)         x17:0e590eac x14:10002ad8  PA:10002ad8
13449014ns          216889 1c00820c 01072223 sw               x16, 4(x14)         x16:009e0386 x14:10002ad8  PA:10002adc
13449034ns          216890 1c008210 00a72423 sw               x10, 8(x14)         x10:0eb50814 x14:10002ad8  PA:10002ae0
13449054ns          216891 1c008212 00b72623 sw               x11, 12(x14)        x11:02f60cd6 x14:10002ad8  PA:10002ae4
13449074ns          216892 1c008214 01078793 addi             x15, x15, 16        x15=1c00002c x15:1c00001c
13449094ns          216893 1c008216 01070713 addi             x14, x14, 16        x14=10002ae8 x14:10002ad8
13449432ns          216910 1c0081fc 0007a883 lw               x17, 0(x15)         x17=0b450a59 x15:1c00002c  PA:1c00002c
13449850ns          216931 1c008200 0047a803 lw               x16, 4(x15)         x16=060c097a x15:1c00002c  PA:1c000030
13450267ns          216952 1c008204 0087a503 lw               x10, 8(x15)         x10=08700afa x15:1c00002c  PA:1c000034
13450665ns          216972 1c008206 00c7a583 lw               x11, 12(x15)        x11=02ba0d87 x15:1c00002c  PA:1c000038
13451063ns          216992 1c008208 01172023 sw               x17, 0(x14)         x17:0b450a59 x14:10002ae8  PA:10002ae8
13451083ns          216993 1c00820c 01072223 sw               x16, 4(x14)         x16:060c097a x14:10002ae8  PA:10002aec
13451103ns          216994 1c008210 00a72423 sw               x10, 8(x14)         x10:08700afa x14:10002ae8  PA:10002af0
13451123ns          216995 1c008212 00b72623 sw               x11, 12(x14)        x11:02ba0d87 x14:10002ae8  PA:10002af4
13451142ns          216996 1c008214 01078793 addi             x15, x15, 16        x15=1c00003c x15:1c00002c
13451162ns          216997 1c008216 01070713 addi             x14, x14, 16        x14=10002af8 x14:10002ae8
13451182ns          216998 1c0081fc 0007a883 lw               x17, 0(x15)         x17=0ccb0ef9 x15:1c00003c  PA:1c00003c
13451481ns          217013 1c008200 0047a803 lw               x16, 4(x15)         x16=0c44086a x15:1c00003c  PA:1c000040
13451779ns          217028 1c008204 0087a503 lw               x10, 8(x15)         x10=01f000cb x15:1c00003c  PA:1c000044
13452077ns          217043 1c008206 00c7a583 lw               x11, 12(x15)        x11=00770ef7 x15:1c00003c  PA:1c000048
13452376ns          217058 1c008208 01172023 sw               x17, 0(x14)         x17:0ccb0ef9 x14:10002af8  PA:10002af8
13452395ns          217059 1c00820c 01072223 sw               x16, 4(x14)         x16:0c44086a x14:10002af8  PA:10002afc
13452415ns          217060 1c008210 00a72423 sw               x10, 8(x14)         x10:01f000cb x14:10002af8  PA:10002b00
13452435ns          217061 1c008212 00b72623 sw               x11, 12(x14)        x11:00770ef7 x14:10002af8  PA:10002b04
13452455ns          217062 1c008214 01078793 addi             x15, x15, 16        x15=1c00004c x15:1c00003c
13452475ns          217063 1c008216 01070713 addi             x14, x14, 16        x14=10002b08 x14:10002af8
13452495ns          217064 1c0081fc 0007a883 lw               x17, 0(x15)         x17=0a270eb9 x15:1c00004c  PA:1c00004c
13452813ns          217080 1c008200 0047a803 lw               x16, 4(x15)         x16=00370d49 x15:1c00004c  PA:1c000050
13453211ns          217100 1c008204 0087a503 lw               x10, 8(x15)         x10=0af30b46 x15:1c00004c  PA:1c000054
13453609ns          217120 1c008206 00c7a583 lw               x11, 12(x15)        x11=049001e8 x15:1c00004c  PA:1c000058
13454026ns          217141 1c008208 01172023 sw               x17, 0(x14)         x17:0a270eb9 x14:10002b08  PA:10002b08
13454046ns          217142 1c00820c 01072223 sw               x16, 4(x14)         x16:00370d49 x14:10002b08  PA:10002b0c
13454066ns          217143 1c008210 00a72423 sw               x10, 8(x14)         x10:0af30b46 x14:10002b08  PA:10002b10
13454086ns          217144 1c008212 00b72623 sw               x11, 12(x14)        x11:049001e8 x14:10002b08  PA:10002b14
13454106ns          217145 1c008214 01078793 addi             x15, x15, 16        x15=1c00005c x15:1c00004c
13454126ns          217146 1c008216 01070713 addi             x14, x14, 16        x14=10002b18 x14:10002b08
13454146ns          217147 1c0081fc 0007a883 lw               x17, 0(x15)         x17=08d200d0 x15:1c00005c  PA:1c00005c
13454444ns          217162 1c008200 0047a803 lw               x16, 4(x15)         x16=0f0d0354 x15:1c00005c  PA:1c000060
13454742ns          217177 1c008204 0087a503 lw               x10, 8(x15)         x10=087a0ca7 x15:1c00005c  PA:1c000064
13455041ns          217192 1c008206 00c7a583 lw               x11, 12(x15)        x11=0f4f002c x15:1c00005c  PA:1c000068
13455339ns          217207 1c008208 01172023 sw               x17, 0(x14)         x17:08d200d0 x14:10002b18  PA:10002b18
13455359ns          217208 1c00820c 01072223 sw               x16, 4(x14)         x16:0f0d0354 x14:10002b18  PA:10002b1c
13455379ns          217209 1c008210 00a72423 sw               x10, 8(x14)         x10:087a0ca7 x14:10002b18  PA:10002b20
13455399ns          217210 1c008212 00b72623 sw               x11, 12(x14)        x11:0f4f002c x14:10002b18  PA:10002b24
13455418ns          217211 1c008214 01078793 addi             x15, x15, 16        x15=1c00006c x15:1c00005c
13455438ns          217212 1c008216 01070713 addi             x14, x14, 16        x14=10002b28 x14:10002b18
13455458ns          217213 1c0081fc 0007a883 lw               x17, 0(x15)         x17=02620649 x15:1c00006c  PA:1c00006c
13455757ns          217228 1c008200 0047a803 lw               x16, 4(x15)         x16=0c740657 x15:1c00006c  PA:1c000070
13456154ns          217248 1c008204 0087a503 lw               x10, 8(x15)         x10=02d10a02 x15:1c00006c  PA:1c000074
13456572ns          217269 1c008206 00c7a583 lw               x11, 12(x15)        x11=01740b50 x15:1c00006c  PA:1c000078
13456970ns          217289 1c008208 01172023 sw               x17, 0(x14)         x17:02620649 x14:10002b28  PA:10002b28
13456990ns          217290 1c00820c 01072223 sw               x16, 4(x14)         x16:0c740657 x14:10002b28  PA:10002b2c
13457009ns          217291 1c008210 00a72423 sw               x10, 8(x14)         x10:02d10a02 x14:10002b28  PA:10002b30
13457029ns          217292 1c008212 00b72623 sw               x11, 12(x14)        x11:01740b50 x14:10002b28  PA:10002b34
13457049ns          217293 1c008214 01078793 addi             x15, x15, 16        x15=1c00007c x15:1c00006c
13457069ns          217294 1c008216 01070713 addi             x14, x14, 16        x14=10002b38 x14:10002b28
13457089ns          217295 1c0081fc 0007a883 lw               x17, 0(x15)         x17=0c0c0778 x15:1c00007c  PA:1c00007c
13457387ns          217310 1c008200 0047a803 lw               x16, 4(x15)         x16=0ef400c1 x15:1c00007c  PA:1c000080
13457686ns          217325 1c008204 0087a503 lw               x10, 8(x15)         x10=04780790 x15:1c00007c  PA:1c000084
13457984ns          217340 1c008206 00c7a583 lw               x11, 12(x15)        x11=0b29036f x15:1c00007c  PA:1c000088
13458282ns          217355 1c008208 01172023 sw               x17, 0(x14)         x17:0c0c0778 x14:10002b38  PA:10002b38
13458302ns          217356 1c00820c 01072223 sw               x16, 4(x14)         x16:0ef400c1 x14:10002b38  PA:10002b3c
13458322ns          217357 1c008210 00a72423 sw               x10, 8(x14)         x10:04780790 x14:10002b38  PA:10002b40
13458342ns          217358 1c008212 00b72623 sw               x11, 12(x14)        x11:0b29036f x14:10002b38  PA:10002b44
13458362ns          217359 1c008214 01078793 addi             x15, x15, 16        x15=1c00008c x15:1c00007c
13458382ns          217360 1c008216 01070713 addi             x14, x14, 16        x14=10002b48 x14:10002b38
13458402ns          217361 1c0081fc 0007a883 lw               x17, 0(x15)         x17=05ce0329 x15:1c00008c  PA:1c00008c
13458700ns          217376 1c008200 0047a803 lw               x16, 4(x15)         x16=07bc0b75 x15:1c00008c  PA:1c000090
13459098ns          217396 1c008204 0087a503 lw               x10, 8(x15)         x10=0a9f079e x15:1c00008c  PA:1c000094
13459515ns          217417 1c008206 00c7a583 lw               x11, 12(x15)        x11=018e0819 x15:1c00008c  PA:1c000098
13459873ns          217435 1c008208 01172023 sw               x17, 0(x14)         x17:05ce0329 x14:10002b48  PA:10002b48
13459893ns          217436 1c00820c 01072223 sw               x16, 4(x14)         x16:07bc0b75 x14:10002b48  PA:10002b4c
13459913ns          217437 1c008210 00a72423 sw               x10, 8(x14)         x10:0a9f079e x14:10002b48  PA:10002b50
13459933ns          217438 1c008212 00b72623 sw               x11, 12(x14)        x11:018e0819 x14:10002b48  PA:10002b54
13459953ns          217439 1c008214 01078793 addi             x15, x15, 16        x15=1c00009c x15:1c00008c
13459973ns          217440 1c008216 01070713 addi             x14, x14, 16        x14=10002b58 x14:10002b48
13459993ns          217441 1c0081fc 0007a883 lw               x17, 0(x15)         x17=0cbf0b8d x15:1c00009c  PA:1c00009c
13460291ns          217456 1c008200 0047a803 lw               x16, 4(x15)         x16=0b0005ee x15:1c00009c  PA:1c0000a0
13460689ns          217476 1c008204 0087a503 lw               x10, 8(x15)         x10=094a0b4e x15:1c00009c  PA:1c0000a4
13461086ns          217496 1c008206 00c7a583 lw               x11, 12(x15)        x11=03d006b2 x15:1c00009c  PA:1c0000a8
13461425ns          217513 1c008208 01172023 sw               x17, 0(x14)         x17:0cbf0b8d x14:10002b58  PA:10002b58
13461444ns          217514 1c00820c 01072223 sw               x16, 4(x14)         x16:0b0005ee x14:10002b58  PA:10002b5c
13461464ns          217515 1c008210 00a72423 sw               x10, 8(x14)         x10:094a0b4e x14:10002b58  PA:10002b60
13461484ns          217516 1c008212 00b72623 sw               x11, 12(x14)        x11:03d006b2 x14:10002b58  PA:10002b64
13461504ns          217517 1c008214 01078793 addi             x15, x15, 16        x15=1c0000ac x15:1c00009c
13461524ns          217518 1c008216 01070713 addi             x14, x14, 16        x14=10002b68 x14:10002b58
13461544ns          217519 1c0081fc 0007a883 lw               x17, 0(x15)         x17=0f0f0fd0 x15:1c0000ac  PA:1c0000ac
13461862ns          217535 1c008200 0047a803 lw               x16, 4(x15)         x16=0a8801c9 x15:1c0000ac  PA:1c0000b0
13462160ns          217550 1c008204 0087a503 lw               x10, 8(x15)         x10=06140441 x15:1c0000ac  PA:1c0000b4
13462459ns          217565 1c008206 00c7a583 lw               x11, 12(x15)        x11=0c62004b x15:1c0000ac  PA:1c0000b8
13462757ns          217580 1c008208 01172023 sw               x17, 0(x14)         x17:0f0f0fd0 x14:10002b68  PA:10002b68
13462777ns          217581 1c00820c 01072223 sw               x16, 4(x14)         x16:0a8801c9 x14:10002b68  PA:10002b6c
13462797ns          217582 1c008210 00a72423 sw               x10, 8(x14)         x10:06140441 x14:10002b68  PA:10002b70
13462817ns          217583 1c008212 00b72623 sw               x11, 12(x14)        x11:0c62004b x14:10002b68  PA:10002b74
13462837ns          217584 1c008214 01078793 addi             x15, x15, 16        x15=1c0000bc x15:1c0000ac
13462857ns          217585 1c008216 01070713 addi             x14, x14, 16        x14=10002b78 x14:10002b68
13462876ns          217586 1c0081fc 0007a883 lw               x17, 0(x15)         x17=0d5d0649 x15:1c0000bc  PA:1c0000bc
13463215ns          217603 1c008200 0047a803 lw               x16, 4(x15)         x16=01f50d4f x15:1c0000bc  PA:1c0000c0
13463612ns          217623 1c008204 0087a503 lw               x10, 8(x15)         x10=0f020523 x15:1c0000bc  PA:1c0000c4
13464010ns          217643 1c008206 00c7a583 lw               x11, 12(x15)        x11=03c608aa x15:1c0000bc  PA:1c0000c8
13464348ns          217660 1c008208 01172023 sw               x17, 0(x14)         x17:0d5d0649 x14:10002b78  PA:10002b78
13464368ns          217661 1c00820c 01072223 sw               x16, 4(x14)         x16:01f50d4f x14:10002b78  PA:10002b7c
13464388ns          217662 1c008210 00a72423 sw               x10, 8(x14)         x10:0f020523 x14:10002b78  PA:10002b80
13464408ns          217663 1c008212 00b72623 sw               x11, 12(x14)        x11:03c608aa x14:10002b78  PA:10002b84
13464428ns          217664 1c008214 01078793 addi             x15, x15, 16        x15=1c0000cc x15:1c0000bc
13464448ns          217665 1c008216 01070713 addi             x14, x14, 16        x14=10002b88 x14:10002b78
13464467ns          217666 1c0081fc 0007a883 lw               x17, 0(x15)         x17=004909b8 x15:1c0000cc  PA:1c0000cc
13464766ns          217681 1c008200 0047a803 lw               x16, 4(x15)         x16=01430185 x15:1c0000cc  PA:1c0000d0
13465064ns          217696 1c008204 0087a503 lw               x10, 8(x15)         x10=0253007a x15:1c0000cc  PA:1c0000d4
13465362ns          217711 1c008206 00c7a583 lw               x11, 12(x15)        x11=07d70eb3 x15:1c0000cc  PA:1c0000d8
13465661ns          217726 1c008208 01172023 sw               x17, 0(x14)         x17:004909b8 x14:10002b88  PA:10002b88
13465681ns          217727 1c00820c 01072223 sw               x16, 4(x14)         x16:01430185 x14:10002b88  PA:10002b8c
13465701ns          217728 1c008210 00a72423 sw               x10, 8(x14)         x10:0253007a x14:10002b88  PA:10002b90
13465720ns          217729 1c008212 00b72623 sw               x11, 12(x14)        x11:07d70eb3 x14:10002b88  PA:10002b94
13465740ns          217730 1c008214 01078793 addi             x15, x15, 16        x15=1c0000dc x15:1c0000cc
13465760ns          217731 1c008216 01070713 addi             x14, x14, 16        x14=10002b98 x14:10002b88
13465780ns          217732 1c0081fc 0007a883 lw               x17, 0(x15)         x17=0c4b0938 x15:1c0000dc  PA:1c0000dc
13466138ns          217750 1c008200 0047a803 lw               x16, 4(x15)         x16=0fff047a x15:1c0000dc  PA:1c0000e0
13466536ns          217770 1c008204 0087a503 lw               x10, 8(x15)         x10=02de0f03 x15:1c0000dc  PA:1c0000e4
13466934ns          217790 1c008206 00c7a583 lw               x11, 12(x15)        x11=04dc0393 x15:1c0000dc  PA:1c0000e8
13467351ns          217811 1c008208 01172023 sw               x17, 0(x14)         x17:0c4b0938 x14:10002b98  PA:10002b98
13467371ns          217812 1c00820c 01072223 sw               x16, 4(x14)         x16:0fff047a x14:10002b98  PA:10002b9c
13467391ns          217813 1c008210 00a72423 sw               x10, 8(x14)         x10:02de0f03 x14:10002b98  PA:10002ba0
13467411ns          217814 1c008212 00b72623 sw               x11, 12(x14)        x11:04dc0393 x14:10002b98  PA:10002ba4
13467431ns          217815 1c008214 01078793 addi             x15, x15, 16        x15=1c0000ec x15:1c0000dc
13467451ns          217816 1c008216 01070713 addi             x14, x14, 16        x14=10002ba8 x14:10002b98
13467471ns          217817 1c0081fc 0007a883 lw               x17, 0(x15)         x17=0e1807a5 x15:1c0000ec  PA:1c0000ec
13467789ns          217833 1c008200 0047a803 lw               x16, 4(x15)         x16=090e009d x15:1c0000ec  PA:1c0000f0
13468187ns          217853 1c008204 0087a503 lw               x10, 8(x15)         x10=0c9c0004 x15:1c0000ec  PA:1c0000f4
13468604ns          217874 1c008206 00c7a583 lw               x11, 12(x15)        x11=068d0927 x15:1c0000ec  PA:1c0000f8
13468962ns          217892 1c008208 01172023 sw               x17, 0(x14)         x17:0e1807a5 x14:10002ba8  PA:10002ba8
13468982ns          217893 1c00820c 01072223 sw               x16, 4(x14)         x16:090e009d x14:10002ba8  PA:10002bac
13469002ns          217894 1c008210 00a72423 sw               x10, 8(x14)         x10:0c9c0004 x14:10002ba8  PA:10002bb0
13469022ns          217895 1c008212 00b72623 sw               x11, 12(x14)        x11:068d0927 x14:10002ba8  PA:10002bb4
13469042ns          217896 1c008214 01078793 addi             x15, x15, 16        x15=1c0000fc x15:1c0000ec
13469062ns          217897 1c008216 01070713 addi             x14, x14, 16        x14=10002bb8 x14:10002ba8
13469081ns          217898 1c0081fc 0007a883 lw               x17, 0(x15)         x17=005c05f9 x15:1c0000fc  PA:1c0000fc
13469380ns          217913 1c008200 0047a803 lw               x16, 4(x15)         x16=0fa7077f x15:1c0000fc  PA:1c000100
13469698ns          217929 1c008204 0087a503 lw               x10, 8(x15)         x10=00e205e8 x15:1c0000fc  PA:1c000104
13469996ns          217944 1c008206 00c7a583 lw               x11, 12(x15)        x11=00b1007e x15:1c0000fc  PA:1c000108
13470295ns          217959 1c008208 01172023 sw               x17, 0(x14)         x17:005c05f9 x14:10002bb8  PA:10002bb8
13470315ns          217960 1c00820c 01072223 sw               x16, 4(x14)         x16:0fa7077f x14:10002bb8  PA:10002bbc
13470334ns          217961 1c008210 00a72423 sw               x10, 8(x14)         x10:00e205e8 x14:10002bb8  PA:10002bc0
13470354ns          217962 1c008212 00b72623 sw               x11, 12(x14)        x11:00b1007e x14:10002bb8  PA:10002bc4
13470374ns          217963 1c008214 01078793 addi             x15, x15, 16        x15=1c00010c x15:1c0000fc
13470394ns          217964 1c008216 01070713 addi             x14, x14, 16        x14=10002bc8 x14:10002bb8
13470414ns          217965 1c0081fc 0007a883 lw               x17, 0(x15)         x17=042c0bb9 x15:1c00010c  PA:1c00010c
13470712ns          217980 1c008200 0047a803 lw               x16, 4(x15)         x16=0365082e x15:1c00010c  PA:1c000110
13471030ns          217996 1c008204 0087a503 lw               x10, 8(x15)         x10=01ea0ee3 x15:1c00010c  PA:1c000114
13471349ns          218012 1c008206 00c7a583 lw               x11, 12(x15)        x11=0ed10e70 x15:1c00010c  PA:1c000118
13471707ns          218030 1c008208 01172023 sw               x17, 0(x14)         x17:042c0bb9 x14:10002bc8  PA:10002bc8
13471727ns          218031 1c00820c 01072223 sw               x16, 4(x14)         x16:0365082e x14:10002bc8  PA:10002bcc
13471746ns          218032 1c008210 00a72423 sw               x10, 8(x14)         x10:01ea0ee3 x14:10002bc8  PA:10002bd0
13471766ns          218033 1c008212 00b72623 sw               x11, 12(x14)        x11:0ed10e70 x14:10002bc8  PA:10002bd4
13471786ns          218034 1c008214 01078793 addi             x15, x15, 16        x15=1c00011c x15:1c00010c
13471806ns          218035 1c008216 01070713 addi             x14, x14, 16        x14=10002bd8 x14:10002bc8
13471826ns          218036 1c0081fc 0007a883 lw               x17, 0(x15)         x17=0958082a x15:1c00011c  PA:1c00011c
13472124ns          218051 1c008200 0047a803 lw               x16, 4(x15)         x16=0d870007 x15:1c00011c  PA:1c000120
13472443ns          218067 1c008204 0087a503 lw               x10, 8(x15)         x10=0aab0fee x15:1c00011c  PA:1c000124
13472741ns          218082 1c008206 00c7a583 lw               x11, 12(x15)        x11=060e0a24 x15:1c00011c  PA:1c000128
13473039ns          218097 1c008208 01172023 sw               x17, 0(x14)         x17:0958082a x14:10002bd8  PA:10002bd8
13473059ns          218098 1c00820c 01072223 sw               x16, 4(x14)         x16:0d870007 x14:10002bd8  PA:10002bdc
13473079ns          218099 1c008210 00a72423 sw               x10, 8(x14)         x10:0aab0fee x14:10002bd8  PA:10002be0
13473099ns          218100 1c008212 00b72623 sw               x11, 12(x14)        x11:060e0a24 x14:10002bd8  PA:10002be4
13473119ns          218101 1c008214 01078793 addi             x15, x15, 16        x15=1c00012c x15:1c00011c
13473139ns          218102 1c008216 01070713 addi             x14, x14, 16        x14=10002be8 x14:10002bd8
13473159ns          218103 1c0081fc 0007a883 lw               x17, 0(x15)         x17=07370a46 x15:1c00012c  PA:1c00012c
13473457ns          218118 1c008200 0047a803 lw               x16, 4(x15)         x16=089e0b7f x15:1c00012c  PA:1c000130
13473775ns          218134 1c008204 0087a503 lw               x10, 8(x15)         x10=032f0eb2 x15:1c00012c  PA:1c000134
13474073ns          218149 1c008206 00c7a583 lw               x11, 12(x15)        x11=012a0bf8 x15:1c00012c  PA:1c000138
13474372ns          218164 1c008208 01172023 sw               x17, 0(x14)         x17:07370a46 x14:10002be8  PA:10002be8
13474392ns          218165 1c00820c 01072223 sw               x16, 4(x14)         x16:089e0b7f x14:10002be8  PA:10002bec
13474411ns          218166 1c008210 00a72423 sw               x10, 8(x14)         x10:032f0eb2 x14:10002be8  PA:10002bf0
13474431ns          218167 1c008212 00b72623 sw               x11, 12(x14)        x11:012a0bf8 x14:10002be8  PA:10002bf4
13474451ns          218168 1c008214 01078793 addi             x15, x15, 16        x15=1c00013c x15:1c00012c
13474471ns          218169 1c008216 01070713 addi             x14, x14, 16        x14=10002bf8 x14:10002be8
13474491ns          218170 1c0081fc 0007a883 lw               x17, 0(x15)         x17=0ab40457 x15:1c00013c  PA:1c00013c
13474789ns          218185 1c008200 0047a803 lw               x16, 4(x15)         x16=09690854 x15:1c00013c  PA:1c000140
13475108ns          218201 1c008204 0087a503 lw               x10, 8(x15)         x10=02f70223 x15:1c00013c  PA:1c000144
13475406ns          218216 1c008206 00c7a583 lw               x11, 12(x15)        x11=074103fb x15:1c00013c  PA:1c000148
13475704ns          218231 1c008208 01172023 sw               x17, 0(x14)         x17:0ab40457 x14:10002bf8  PA:10002bf8
13475724ns          218232 1c00820c 01072223 sw               x16, 4(x14)         x16:09690854 x14:10002bf8  PA:10002bfc
13475744ns          218233 1c008210 00a72423 sw               x10, 8(x14)         x10:02f70223 x14:10002bf8  PA:10002c00
13475764ns          218234 1c008212 00b72623 sw               x11, 12(x14)        x11:074103fb x14:10002bf8  PA:10002c04
13475784ns          218235 1c008214 01078793 addi             x15, x15, 16        x15=1c00014c x15:1c00013c
13475804ns          218236 1c008216 01070713 addi             x14, x14, 16        x14=10002c08 x14:10002bf8
13475824ns          218237 1c0081fc 0007a883 lw               x17, 0(x15)         x17=08140ff9 x15:1c00014c  PA:1c00014c
13476122ns          218252 1c008200 0047a803 lw               x16, 4(x15)         x16=00310b98 x15:1c00014c  PA:1c000150
13476420ns          218267 1c008204 0087a503 lw               x10, 8(x15)         x10=05000b2b x15:1c00014c  PA:1c000154
13476718ns          218282 1c008206 00c7a583 lw               x11, 12(x15)        x11=01cc042b x15:1c00014c  PA:1c000158
13477017ns          218297 1c008208 01172023 sw               x17, 0(x14)         x17:08140ff9 x14:10002c08  PA:10002c08
13477037ns          218298 1c00820c 01072223 sw               x16, 4(x14)         x16:00310b98 x14:10002c08  PA:10002c0c
13477057ns          218299 1c008210 00a72423 sw               x10, 8(x14)         x10:05000b2b x14:10002c08  PA:10002c10
13477076ns          218300 1c008212 00b72623 sw               x11, 12(x14)        x11:01cc042b x14:10002c08  PA:10002c14
13477096ns          218301 1c008214 01078793 addi             x15, x15, 16        x15=1c00015c x15:1c00014c
13477116ns          218302 1c008216 01070713 addi             x14, x14, 16        x14=10002c18 x14:10002c08
13477136ns          218303 1c0081fc 0007a883 lw               x17, 0(x15)         x17=07110ae2 x15:1c00015c  PA:1c00015c
13477454ns          218319 1c008200 0047a803 lw               x16, 4(x15)         x16=059c084f x15:1c00015c  PA:1c000160
13477872ns          218340 1c008204 0087a503 lw               x10, 8(x15)         x10=03ad0f69 x15:1c00015c  PA:1c000164
13478270ns          218360 1c008206 00c7a583 lw               x11, 12(x15)        x11=09bd0399 x15:1c00015c  PA:1c000168
13478628ns          218378 1c008208 01172023 sw               x17, 0(x14)         x17:07110ae2 x14:10002c18  PA:10002c18
13478648ns          218379 1c00820c 01072223 sw               x16, 4(x14)         x16:059c084f x14:10002c18  PA:10002c1c
13478667ns          218380 1c008210 00a72423 sw               x10, 8(x14)         x10:03ad0f69 x14:10002c18  PA:10002c20
13478687ns          218381 1c008212 00b72623 sw               x11, 12(x14)        x11:09bd0399 x14:10002c18  PA:10002c24
13478707ns          218382 1c008214 01078793 addi             x15, x15, 16        x15=1c00016c x15:1c00015c
13478727ns          218383 1c008216 01070713 addi             x14, x14, 16        x14=10002c28 x14:10002c18
13478747ns          218384 1c0081fc 0007a883 lw               x17, 0(x15)         x17=064d0eb9 x15:1c00016c  PA:1c00016c
13479065ns          218400 1c008200 0047a803 lw               x16, 4(x15)         x16=05b60fc4 x15:1c00016c  PA:1c000170
13479364ns          218415 1c008204 0087a503 lw               x10, 8(x15)         x10=0aa40834 x15:1c00016c  PA:1c000174
13479662ns          218430 1c008206 00c7a583 lw               x11, 12(x15)        x11=021e0fcc x15:1c00016c  PA:1c000178
13479960ns          218445 1c008208 01172023 sw               x17, 0(x14)         x17:064d0eb9 x14:10002c28  PA:10002c28
13479980ns          218446 1c00820c 01072223 sw               x16, 4(x14)         x16:05b60fc4 x14:10002c28  PA:10002c2c
13480000ns          218447 1c008210 00a72423 sw               x10, 8(x14)         x10:0aa40834 x14:10002c28  PA:10002c30
13480020ns          218448 1c008212 00b72623 sw               x11, 12(x14)        x11:021e0fcc x14:10002c28  PA:10002c34
13480040ns          218449 1c008214 01078793 addi             x15, x15, 16        x15=1c00017c x15:1c00016c
13480060ns          218450 1c008216 01070713 addi             x14, x14, 16        x14=10002c38 x14:10002c28
13480080ns          218451 1c0081fc 0007a883 lw               x17, 0(x15)         x17=074f0a77 x15:1c00017c  PA:1c00017c
13480378ns          218466 1c008200 0047a803 lw               x16, 4(x15)         x16=0a3203d7 x15:1c00017c  PA:1c000180
13480676ns          218481 1c008204 0087a503 lw               x10, 8(x15)         x10=0c8a0c36 x15:1c00017c  PA:1c000184
13480974ns          218496 1c008206 00c7a583 lw               x11, 12(x15)        x11=01b2008a x15:1c00017c  PA:1c000188
13481273ns          218511 1c008208 01172023 sw               x17, 0(x14)         x17:074f0a77 x14:10002c38  PA:10002c38
13481293ns          218512 1c00820c 01072223 sw               x16, 4(x14)         x16:0a3203d7 x14:10002c38  PA:10002c3c
13481313ns          218513 1c008210 00a72423 sw               x10, 8(x14)         x10:0c8a0c36 x14:10002c38  PA:10002c40
13481332ns          218514 1c008212 00b72623 sw               x11, 12(x14)        x11:01b2008a x14:10002c38  PA:10002c44
13481352ns          218515 1c008214 01078793 addi             x15, x15, 16        x15=1c00018c x15:1c00017c
13481372ns          218516 1c008216 01070713 addi             x14, x14, 16        x14=10002c48 x14:10002c38
13481392ns          218517 1c0081fc 0007a883 lw               x17, 0(x15)         x17=071b083b x15:1c00018c  PA:1c00018c
13481730ns          218534 1c008200 0047a803 lw               x16, 4(x15)         x16=05a406b3 x15:1c00018c  PA:1c000190
13482128ns          218554 1c008204 0087a503 lw               x10, 8(x15)         x10=08140669 x15:1c00018c  PA:1c000194
13482526ns          218574 1c008206 00c7a583 lw               x11, 12(x15)        x11=00560888 x15:1c00018c  PA:1c000198
13482904ns          218593 1c008208 01172023 sw               x17, 0(x14)         x17:071b083b x14:10002c48  PA:10002c48
13482924ns          218594 1c00820c 01072223 sw               x16, 4(x14)         x16:05a406b3 x14:10002c48  PA:10002c4c
13482943ns          218595 1c008210 00a72423 sw               x10, 8(x14)         x10:08140669 x14:10002c48  PA:10002c50
13482963ns          218596 1c008212 00b72623 sw               x11, 12(x14)        x11:00560888 x14:10002c48  PA:10002c54
13482983ns          218597 1c008214 01078793 addi             x15, x15, 16        x15=1c00019c x15:1c00018c
13483003ns          218598 1c008216 01070713 addi             x14, x14, 16        x14=10002c58 x14:10002c48
13483023ns          218599 1c0081fc 0007a883 lw               x17, 0(x15)         x17=02440471 x15:1c00019c  PA:1c00019c
13483321ns          218614 1c008200 0047a803 lw               x16, 4(x15)         x16=038d0bcc x15:1c00019c  PA:1c0001a0
13483620ns          218629 1c008204 0087a503 lw               x10, 8(x15)         x10=088f0530 x15:1c00019c  PA:1c0001a4
13483918ns          218644 1c008206 00c7a583 lw               x11, 12(x15)        x11=0cc60773 x15:1c00019c  PA:1c0001a8
13484236ns          218660 1c008208 01172023 sw               x17, 0(x14)         x17:02440471 x14:10002c58  PA:10002c58
13484256ns          218661 1c00820c 01072223 sw               x16, 4(x14)         x16:038d0bcc x14:10002c58  PA:10002c5c
13484276ns          218662 1c008210 00a72423 sw               x10, 8(x14)         x10:088f0530 x14:10002c58  PA:10002c60
13484296ns          218663 1c008212 00b72623 sw               x11, 12(x14)        x11:0cc60773 x14:10002c58  PA:10002c64
13484316ns          218664 1c008214 01078793 addi             x15, x15, 16        x15=1c0001ac x15:1c00019c
13484336ns          218665 1c008216 01070713 addi             x14, x14, 16        x14=10002c68 x14:10002c58
13484355ns          218666 1c0081fc 0007a883 lw               x17, 0(x15)         x17=08ef078f x15:1c0001ac  PA:1c0001ac
13484654ns          218681 1c008200 0047a803 lw               x16, 4(x15)         x16=05b60f41 x15:1c0001ac  PA:1c0001b0
13484972ns          218697 1c008204 0087a503 lw               x10, 8(x15)         x10=0df701be x15:1c0001ac  PA:1c0001b4
13485370ns          218717 1c008206 00c7a583 lw               x11, 12(x15)        x11=02e00468 x15:1c0001ac  PA:1c0001b8
13485748ns          218736 1c008208 01172023 sw               x17, 0(x14)         x17:08ef078f x14:10002c68  PA:10002c68
13485768ns          218737 1c00820c 01072223 sw               x16, 4(x14)         x16:05b60f41 x14:10002c68  PA:10002c6c
13485787ns          218738 1c008210 00a72423 sw               x10, 8(x14)         x10:0df701be x14:10002c68  PA:10002c70
13485807ns          218739 1c008212 00b72623 sw               x11, 12(x14)        x11:02e00468 x14:10002c68  PA:10002c74
13485827ns          218740 1c008214 01078793 addi             x15, x15, 16        x15=1c0001bc x15:1c0001ac
13485847ns          218741 1c008216 01070713 addi             x14, x14, 16        x14=10002c78 x14:10002c68
13485867ns          218742 1c0081fc 0007a883 lw               x17, 0(x15)         x17=00a00039 x15:1c0001bc  PA:1c0001bc
13486165ns          218757 1c008200 0047a803 lw               x16, 4(x15)         x16=0b8a045e x15:1c0001bc  PA:1c0001c0
13486583ns          218778 1c008204 0087a503 lw               x10, 8(x15)         x10=04e705ed x15:1c0001bc  PA:1c0001c4
13487001ns          218799 1c008206 00c7a583 lw               x11, 12(x15)        x11=0d790820 x15:1c0001bc  PA:1c0001c8
13487359ns          218817 1c008208 01172023 sw               x17, 0(x14)         x17:00a00039 x14:10002c78  PA:10002c78
13487378ns          218818 1c00820c 01072223 sw               x16, 4(x14)         x16:0b8a045e x14:10002c78  PA:10002c7c
13487398ns          218819 1c008210 00a72423 sw               x10, 8(x14)         x10:04e705ed x14:10002c78  PA:10002c80
13487418ns          218820 1c008212 00b72623 sw               x11, 12(x14)        x11:0d790820 x14:10002c78  PA:10002c84
13487438ns          218821 1c008214 01078793 addi             x15, x15, 16        x15=1c0001cc x15:1c0001bc
13487458ns          218822 1c008216 01070713 addi             x14, x14, 16        x14=10002c88 x14:10002c78
13487478ns          218823 1c0081fc 0007a883 lw               x17, 0(x15)         x17=009f0cf4 x15:1c0001cc  PA:1c0001cc
13487796ns          218839 1c008200 0047a803 lw               x16, 4(x15)         x16=08180752 x15:1c0001cc  PA:1c0001d0
13488094ns          218854 1c008204 0087a503 lw               x10, 8(x15)         x10=02c50035 x15:1c0001cc  PA:1c0001d4
13488393ns          218869 1c008206 00c7a583 lw               x11, 12(x15)        x11=0b5c0d17 x15:1c0001cc  PA:1c0001d8
13488691ns          218884 1c008208 01172023 sw               x17, 0(x14)         x17:009f0cf4 x14:10002c88  PA:10002c88
13488711ns          218885 1c00820c 01072223 sw               x16, 4(x14)         x16:08180752 x14:10002c88  PA:10002c8c
13488731ns          218886 1c008210 00a72423 sw               x10, 8(x14)         x10:02c50035 x14:10002c88  PA:10002c90
13488751ns          218887 1c008212 00b72623 sw               x11, 12(x14)        x11:0b5c0d17 x14:10002c88  PA:10002c94
13488771ns          218888 1c008214 01078793 addi             x15, x15, 16        x15=1c0001dc x15:1c0001cc
13488790ns          218889 1c008216 01070713 addi             x14, x14, 16        x14=10002c98 x14:10002c88
13488810ns          218890 1c0081fc 0007a883 lw               x17, 0(x15)         x17=09c90594 x15:1c0001dc  PA:1c0001dc
13489109ns          218905 1c008200 0047a803 lw               x16, 4(x15)         x16=0bff0adc x15:1c0001dc  PA:1c0001e0
13489506ns          218925 1c008204 0087a503 lw               x10, 8(x15)         x10=06ae08de x15:1c0001dc  PA:1c0001e4
13489904ns          218945 1c008206 00c7a583 lw               x11, 12(x15)        x11=0c390dc8 x15:1c0001dc  PA:1c0001e8
13490203ns          218960 1c008208 01172023 sw               x17, 0(x14)         x17:09c90594 x14:10002c98  PA:10002c98
13490222ns          218961 1c00820c 01072223 sw               x16, 4(x14)         x16:0bff0adc x14:10002c98  PA:10002c9c
13490242ns          218962 1c008210 00a72423 sw               x10, 8(x14)         x10:06ae08de x14:10002c98  PA:10002ca0
13490262ns          218963 1c008212 00b72623 sw               x11, 12(x14)        x11:0c390dc8 x14:10002c98  PA:10002ca4
13490282ns          218964 1c008214 01078793 addi             x15, x15, 16        x15=1c0001ec x15:1c0001dc
13490302ns          218965 1c008216 01070713 addi             x14, x14, 16        x14=10002ca8 x14:10002c98
13490322ns          218966 1c0081fc 0007a883 lw               x17, 0(x15)         x17=037c0c68 x15:1c0001ec  PA:1c0001ec
13490640ns          218982 1c008200 0047a803 lw               x16, 4(x15)         x16=05d9007a x15:1c0001ec  PA:1c0001f0
13491058ns          219003 1c008204 0087a503 lw               x10, 8(x15)         x10=04e90ce5 x15:1c0001ec  PA:1c0001f4
13491455ns          219023 1c008206 00c7a583 lw               x11, 12(x15)        x11=0b5e0cdf x15:1c0001ec  PA:1c0001f8
13491754ns          219038 1c008208 01172023 sw               x17, 0(x14)         x17:037c0c68 x14:10002ca8  PA:10002ca8
13491774ns          219039 1c00820c 01072223 sw               x16, 4(x14)         x16:05d9007a x14:10002ca8  PA:10002cac
13491794ns          219040 1c008210 00a72423 sw               x10, 8(x14)         x10:04e90ce5 x14:10002ca8  PA:10002cb0
13491813ns          219041 1c008212 00b72623 sw               x11, 12(x14)        x11:0b5e0cdf x14:10002ca8  PA:10002cb4
13491833ns          219042 1c008214 01078793 addi             x15, x15, 16        x15=1c0001fc x15:1c0001ec
13491853ns          219043 1c008216 01070713 addi             x14, x14, 16        x14=10002cb8 x14:10002ca8
13491873ns          219044 1c0081fc 0007a883 lw               x17, 0(x15)         x17=09200b92 x15:1c0001fc  PA:1c0001fc
13492191ns          219060 1c008200 0047a803 lw               x16, 4(x15)         x16=070e005e x15:1c0001fc  PA:1c000200
13492490ns          219075 1c008204 0087a503 lw               x10, 8(x15)         x10=010400cf x15:1c0001fc  PA:1c000204
13492788ns          219090 1c008206 00c7a583 lw               x11, 12(x15)        x11=093f08ba x15:1c0001fc  PA:1c000208
13493126ns          219107 1c008208 01172023 sw               x17, 0(x14)         x17:09200b92 x14:10002cb8  PA:10002cb8
13493146ns          219108 1c00820c 01072223 sw               x16, 4(x14)         x16:070e005e x14:10002cb8  PA:10002cbc
13493166ns          219109 1c008210 00a72423 sw               x10, 8(x14)         x10:010400cf x14:10002cb8  PA:10002cc0
13493186ns          219110 1c008212 00b72623 sw               x11, 12(x14)        x11:093f08ba x14:10002cb8  PA:10002cc4
13493206ns          219111 1c008214 01078793 addi             x15, x15, 16        x15=1c00020c x15:1c0001fc
13493226ns          219112 1c008216 01070713 addi             x14, x14, 16        x14=10002cc8 x14:10002cb8
13493245ns          219113 1c0081fc 0007a883 lw               x17, 0(x15)         x17=038f0dc5 x15:1c00020c  PA:1c00020c
13493564ns          219129 1c008200 0047a803 lw               x16, 4(x15)         x16=0a890b91 x15:1c00020c  PA:1c000210
13493862ns          219144 1c008204 0087a503 lw               x10, 8(x15)         x10=0c010305 x15:1c00020c  PA:1c000214
13494160ns          219159 1c008206 00c7a583 lw               x11, 12(x15)        x11=0cb20a9e x15:1c00020c  PA:1c000218
13494459ns          219174 1c008208 01172023 sw               x17, 0(x14)         x17:038f0dc5 x14:10002cc8  PA:10002cc8
13494478ns          219175 1c00820c 01072223 sw               x16, 4(x14)         x16:0a890b91 x14:10002cc8  PA:10002ccc
13494498ns          219176 1c008210 00a72423 sw               x10, 8(x14)         x10:0c010305 x14:10002cc8  PA:10002cd0
13494518ns          219177 1c008212 00b72623 sw               x11, 12(x14)        x11:0cb20a9e x14:10002cc8  PA:10002cd4
13494538ns          219178 1c008214 01078793 addi             x15, x15, 16        x15=1c00021c x15:1c00020c
13494558ns          219179 1c008216 01070713 addi             x14, x14, 16        x14=10002cd8 x14:10002cc8
13494578ns          219180 1c0081fc 0007a883 lw               x17, 0(x15)         x17=08a00cb6 x15:1c00021c  PA:1c00021c
13494896ns          219196 1c008200 0047a803 lw               x16, 4(x15)         x16=0db9007d x15:1c00021c  PA:1c000220
13495194ns          219211 1c008204 0087a503 lw               x10, 8(x15)         x10=07210b10 x15:1c00021c  PA:1c000224
13495493ns          219226 1c008206 00c7a583 lw               x11, 12(x15)        x11=08f50916 x15:1c00021c  PA:1c000228
13495791ns          219241 1c008208 01172023 sw               x17, 0(x14)         x17:08a00cb6 x14:10002cd8  PA:10002cd8
13495811ns          219242 1c00820c 01072223 sw               x16, 4(x14)         x16:0db9007d x14:10002cd8  PA:10002cdc
13495831ns          219243 1c008210 00a72423 sw               x10, 8(x14)         x10:07210b10 x14:10002cd8  PA:10002ce0
13495851ns          219244 1c008212 00b72623 sw               x11, 12(x14)        x11:08f50916 x14:10002cd8  PA:10002ce4
13495871ns          219245 1c008214 01078793 addi             x15, x15, 16        x15=1c00022c x15:1c00021c
13495890ns          219246 1c008216 01070713 addi             x14, x14, 16        x14=10002ce8 x14:10002cd8
13495910ns          219247 1c0081fc 0007a883 lw               x17, 0(x15)         x17=05d30497 x15:1c00022c  PA:1c00022c
13496229ns          219263 1c008200 0047a803 lw               x16, 4(x15)         x16=06090280 x15:1c00022c  PA:1c000230
13496527ns          219278 1c008204 0087a503 lw               x10, 8(x15)         x10=08d10233 x15:1c00022c  PA:1c000234
13496825ns          219293 1c008206 00c7a583 lw               x11, 12(x15)        x11=02700135 x15:1c00022c  PA:1c000238
13497124ns          219308 1c008208 01172023 sw               x17, 0(x14)         x17:05d30497 x14:10002ce8  PA:10002ce8
13497143ns          219309 1c00820c 01072223 sw               x16, 4(x14)         x16:06090280 x14:10002ce8  PA:10002cec
13497163ns          219310 1c008210 00a72423 sw               x10, 8(x14)         x10:08d10233 x14:10002ce8  PA:10002cf0
13497183ns          219311 1c008212 00b72623 sw               x11, 12(x14)        x11:02700135 x14:10002ce8  PA:10002cf4
13497203ns          219312 1c008214 01078793 addi             x15, x15, 16        x15=1c00023c x15:1c00022c
13497223ns          219313 1c008216 01070713 addi             x14, x14, 16        x14=10002cf8 x14:10002ce8
13497243ns          219314 1c0081fc 0007a883 lw               x17, 0(x15)         x17=0c1c0267 x15:1c00023c  PA:1c00023c
13497561ns          219330 1c008200 0047a803 lw               x16, 4(x15)         x16=08730016 x15:1c00023c  PA:1c000240
13497859ns          219345 1c008204 0087a503 lw               x10, 8(x15)         x10=022b060e x15:1c00023c  PA:1c000244
13498158ns          219360 1c008206 00c7a583 lw               x11, 12(x15)        x11=058e0ae8 x15:1c00023c  PA:1c000248
13498456ns          219375 1c008208 01172023 sw               x17, 0(x14)         x17:0c1c0267 x14:10002cf8  PA:10002cf8
13498476ns          219376 1c00820c 01072223 sw               x16, 4(x14)         x16:08730016 x14:10002cf8  PA:10002cfc
13498496ns          219377 1c008210 00a72423 sw               x10, 8(x14)         x10:022b060e x14:10002cf8  PA:10002d00
13498516ns          219378 1c008212 00b72623 sw               x11, 12(x14)        x11:058e0ae8 x14:10002cf8  PA:10002d04
13498536ns          219379 1c008214 01078793 addi             x15, x15, 16        x15=1c00024c x15:1c00023c
13498555ns          219380 1c008216 01070713 addi             x14, x14, 16        x14=10002d08 x14:10002cf8
13498575ns          219381 1c0081fc 0007a883 lw               x17, 0(x15)         x17=03c705a2 x15:1c00024c  PA:1c00024c
13498874ns          219396 1c008200 0047a803 lw               x16, 4(x15)         x16=08550400 x15:1c00024c  PA:1c000250
13499172ns          219411 1c008204 0087a503 lw               x10, 8(x15)         x10=09c902a8 x15:1c00024c  PA:1c000254
13499470ns          219426 1c008206 00c7a583 lw               x11, 12(x15)        x11=0cc307ce x15:1c00024c  PA:1c000258
13499808ns          219443 1c008208 01172023 sw               x17, 0(x14)         x17:03c705a2 x14:10002d08  PA:10002d08
13499828ns          219444 1c00820c 01072223 sw               x16, 4(x14)         x16:08550400 x14:10002d08  PA:10002d0c
13499848ns          219445 1c008210 00a72423 sw               x10, 8(x14)         x10:09c902a8 x14:10002d08  PA:10002d10
13499868ns          219446 1c008212 00b72623 sw               x11, 12(x14)        x11:0cc307ce x14:10002d08  PA:10002d14
13499888ns          219447 1c008214 01078793 addi             x15, x15, 16        x15=1c00025c x15:1c00024c
13499908ns          219448 1c008216 01070713 addi             x14, x14, 16        x14=10002d18 x14:10002d08
13499928ns          219449 1c0081fc 0007a883 lw               x17, 0(x15)         x17=07b9098f x15:1c00025c  PA:1c00025c
13500226ns          219464 1c008200 0047a803 lw               x16, 4(x15)         x16=022b042e x15:1c00025c  PA:1c000260
13500524ns          219479 1c008204 0087a503 lw               x10, 8(x15)         x10=0b740bf3 x15:1c00025c  PA:1c000264
13500823ns          219494 1c008206 00c7a583 lw               x11, 12(x15)        x11=00c80a35 x15:1c00025c  PA:1c000268
13501121ns          219509 1c008208 01172023 sw               x17, 0(x14)         x17:07b9098f x14:10002d18  PA:10002d18
13501141ns          219510 1c00820c 01072223 sw               x16, 4(x14)         x16:022b042e x14:10002d18  PA:10002d1c
13501161ns          219511 1c008210 00a72423 sw               x10, 8(x14)         x10:0b740bf3 x14:10002d18  PA:10002d20
13501181ns          219512 1c008212 00b72623 sw               x11, 12(x14)        x11:00c80a35 x14:10002d18  PA:10002d24
13501201ns          219513 1c008214 01078793 addi             x15, x15, 16        x15=1c00026c x15:1c00025c
13501220ns          219514 1c008216 01070713 addi             x14, x14, 16        x14=10002d28 x14:10002d18
13501240ns          219515 1c0081fc 0007a883 lw               x17, 0(x15)         x17=00ba0d4d x15:1c00026c  PA:1c00026c
13501598ns          219533 1c008200 0047a803 lw               x16, 4(x15)         x16=0bbe0953 x15:1c00026c  PA:1c000270
13501996ns          219553 1c008204 0087a503 lw               x10, 8(x15)         x10=09d102c0 x15:1c00026c  PA:1c000274
13502394ns          219573 1c008206 00c7a583 lw               x11, 12(x15)        x11=0ffe04e7 x15:1c00026c  PA:1c000278
13502692ns          219588 1c008208 01172023 sw               x17, 0(x14)         x17:00ba0d4d x14:10002d28  PA:10002d28
13502712ns          219589 1c00820c 01072223 sw               x16, 4(x14)         x16:0bbe0953 x14:10002d28  PA:10002d2c
13502732ns          219590 1c008210 00a72423 sw               x10, 8(x14)         x10:09d102c0 x14:10002d28  PA:10002d30
13502752ns          219591 1c008212 00b72623 sw               x11, 12(x14)        x11:0ffe04e7 x14:10002d28  PA:10002d34
13502772ns          219592 1c008214 01078793 addi             x15, x15, 16        x15=1c00027c x15:1c00026c
13502792ns          219593 1c008216 01070713 addi             x14, x14, 16        x14=10002d38 x14:10002d28
13502812ns          219594 1c0081fc 0007a883 lw               x17, 0(x15)         x17=02860168 x15:1c00027c  PA:1c00027c
13503130ns          219610 1c008200 0047a803 lw               x16, 4(x15)         x16=0b1a065d x15:1c00027c  PA:1c000280
13503428ns          219625 1c008204 0087a503 lw               x10, 8(x15)         x10=0c5b0643 x15:1c00027c  PA:1c000284
13503726ns          219640 1c008206 00c7a583 lw               x11, 12(x15)        x11=037f050d x15:1c00027c  PA:1c000288
13504084ns          219658 1c008208 01172023 sw               x17, 0(x14)         x17:02860168 x14:10002d38  PA:10002d38
13504104ns          219659 1c00820c 01072223 sw               x16, 4(x14)         x16:0b1a065d x14:10002d38  PA:10002d3c
13504124ns          219660 1c008210 00a72423 sw               x10, 8(x14)         x10:0c5b0643 x14:10002d38  PA:10002d40
13504144ns          219661 1c008212 00b72623 sw               x11, 12(x14)        x11:037f050d x14:10002d38  PA:10002d44
13504164ns          219662 1c008214 01078793 addi             x15, x15, 16        x15=1c00028c x15:1c00027c
13504184ns          219663 1c008216 01070713 addi             x14, x14, 16        x14=10002d48 x14:10002d38
13504204ns          219664 1c0081fc 0007a883 lw               x17, 0(x15)         x17=04870893 x15:1c00028c  PA:1c00028c
13504502ns          219679 1c008200 0047a803 lw               x16, 4(x15)         x16=059a0311 x15:1c00028c  PA:1c000290
13504800ns          219694 1c008204 0087a503 lw               x10, 8(x15)         x10=04670e0f x15:1c00028c  PA:1c000294
13505099ns          219709 1c008206 00c7a583 lw               x11, 12(x15)        x11=0896004b x15:1c00028c  PA:1c000298
13505417ns          219725 1c008208 01172023 sw               x17, 0(x14)         x17:04870893 x14:10002d48  PA:10002d48
13505437ns          219726 1c00820c 01072223 sw               x16, 4(x14)         x16:059a0311 x14:10002d48  PA:10002d4c
13505457ns          219727 1c008210 00a72423 sw               x10, 8(x14)         x10:04670e0f x14:10002d48  PA:10002d50
13505477ns          219728 1c008212 00b72623 sw               x11, 12(x14)        x11:0896004b x14:10002d48  PA:10002d54
13505496ns          219729 1c008214 01078793 addi             x15, x15, 16        x15=1c00029c x15:1c00028c
13505516ns          219730 1c008216 01070713 addi             x14, x14, 16        x14=10002d58 x14:10002d48
13505536ns          219731 1c008218 00c007b3 add              x15, x0, x12        x15=1c00029c x12:1c00029c
13505556ns          219732 1c00821a 29010713 addi             x14, x2, 656        x14=10002d58  x2:10002ac8
13505576ns          219733 1c00821c 0286d0fb lp.setupi        0x1, 0x28, 0xd     
13505596ns          219734 1c008220 0007a803 lw               x16, 0(x15)         x16=0fa30c6d x15:1c00029c  PA:1c00029c
13505894ns          219749 1c008224 0047a503 lw               x10, 4(x15)         x10=0c8d0e97 x15:1c00029c  PA:1c0002a0
13506232ns          219766 1c008226 0087a583 lw               x11, 8(x15)         x11=0ffb00de x15:1c00029c  PA:1c0002a4
13506630ns          219786 1c008228 00c7a603 lw               x12, 12(x15)        x12=00a300a0 x15:1c00029c  PA:1c0002a8
13507068ns          219808 1c00822a 01072023 sw               x16, 0(x14)         x16:0fa30c6d x14:10002d58  PA:10002d58
13507087ns          219809 1c00822e 00a72223 sw               x10, 4(x14)         x10:0c8d0e97 x14:10002d58  PA:10002d5c
13507107ns          219810 1c008230 00b72423 sw               x11, 8(x14)         x11:0ffb00de x14:10002d58  PA:10002d60
13507127ns          219811 1c008232 00c72623 sw               x12, 12(x14)        x12:00a300a0 x14:10002d58  PA:10002d64
13507147ns          219812 1c008234 01078793 addi             x15, x15, 16        x15=1c0002ac x15:1c00029c
13507167ns          219813 1c008236 01070713 addi             x14, x14, 16        x14=10002d68 x14:10002d58
13507187ns          219814 1c008220 0007a803 lw               x16, 0(x15)         x16=0f6a01cf x15:1c0002ac  PA:1c0002ac
13507664ns          219838 1c008224 0047a503 lw               x10, 4(x15)         x10=021400d5 x15:1c0002ac  PA:1c0002b0
13508042ns          219857 1c008226 0087a583 lw               x11, 8(x15)         x11=0fb30e58 x15:1c0002ac  PA:1c0002b4
13508440ns          219877 1c008228 00c7a603 lw               x12, 12(x15)        x12=0059012a x15:1c0002ac  PA:1c0002b8
13508838ns          219897 1c00822a 01072023 sw               x16, 0(x14)         x16:0f6a01cf x14:10002d68  PA:10002d68
13508857ns          219898 1c00822e 00a72223 sw               x10, 4(x14)         x10:021400d5 x14:10002d68  PA:10002d6c
13508877ns          219899 1c008230 00b72423 sw               x11, 8(x14)         x11:0fb30e58 x14:10002d68  PA:10002d70
13508897ns          219900 1c008232 00c72623 sw               x12, 12(x14)        x12:0059012a x14:10002d68  PA:10002d74
13508917ns          219901 1c008234 01078793 addi             x15, x15, 16        x15=1c0002bc x15:1c0002ac
13508937ns          219902 1c008236 01070713 addi             x14, x14, 16        x14=10002d78 x14:10002d68
13508957ns          219903 1c008220 0007a803 lw               x16, 0(x15)         x16=0ea90e09 x15:1c0002bc  PA:1c0002bc
13509255ns          219918 1c008224 0047a503 lw               x10, 4(x15)         x10=0e4b0067 x15:1c0002bc  PA:1c0002c0
13509554ns          219933 1c008226 0087a583 lw               x11, 8(x15)         x11=00a80f22 x15:1c0002bc  PA:1c0002c4
13509852ns          219948 1c008228 00c7a603 lw               x12, 12(x15)        x12=0ddc0146 x15:1c0002bc  PA:1c0002c8
13510150ns          219963 1c00822a 01072023 sw               x16, 0(x14)         x16:0ea90e09 x14:10002d78  PA:10002d78
13510170ns          219964 1c00822e 00a72223 sw               x10, 4(x14)         x10:0e4b0067 x14:10002d78  PA:10002d7c
13510190ns          219965 1c008230 00b72423 sw               x11, 8(x14)         x11:00a80f22 x14:10002d78  PA:10002d80
13510210ns          219966 1c008232 00c72623 sw               x12, 12(x14)        x12:0ddc0146 x14:10002d78  PA:10002d84
13510230ns          219967 1c008234 01078793 addi             x15, x15, 16        x15=1c0002cc x15:1c0002bc
13510250ns          219968 1c008236 01070713 addi             x14, x14, 16        x14=10002d88 x14:10002d78
13510270ns          219969 1c008220 0007a803 lw               x16, 0(x15)         x16=00580004 x15:1c0002cc  PA:1c0002cc
13510588ns          219985 1c008224 0047a503 lw               x10, 4(x15)         x10=0ef001ca x15:1c0002cc  PA:1c0002d0
13510966ns          220004 1c008226 0087a583 lw               x11, 8(x15)         x11=01b30e9d x15:1c0002cc  PA:1c0002d4
13511363ns          220024 1c008228 00c7a603 lw               x12, 12(x15)        x12=00570fb3 x15:1c0002cc  PA:1c0002d8
13511761ns          220044 1c00822a 01072023 sw               x16, 0(x14)         x16:00580004 x14:10002d88  PA:10002d88
13511781ns          220045 1c00822e 00a72223 sw               x10, 4(x14)         x10:0ef001ca x14:10002d88  PA:10002d8c
13511801ns          220046 1c008230 00b72423 sw               x11, 8(x14)         x11:01b30e9d x14:10002d88  PA:10002d90
13511821ns          220047 1c008232 00c72623 sw               x12, 12(x14)        x12:00570fb3 x14:10002d88  PA:10002d94
13511841ns          220048 1c008234 01078793 addi             x15, x15, 16        x15=1c0002dc x15:1c0002cc
13511861ns          220049 1c008236 01070713 addi             x14, x14, 16        x14=10002d98 x14:10002d88
13511880ns          220050 1c008220 0007a803 lw               x16, 0(x15)         x16=0e57005c x15:1c0002dc  PA:1c0002dc
13512179ns          220065 1c008224 0047a503 lw               x10, 4(x15)         x10=0f470f14 x15:1c0002dc  PA:1c0002e0
13512477ns          220080 1c008226 0087a583 lw               x11, 8(x15)         x11=0e380166 x15:1c0002dc  PA:1c0002e4
13512775ns          220095 1c008228 00c7a603 lw               x12, 12(x15)        x12=01c202b6 x15:1c0002dc  PA:1c0002e8
13513074ns          220110 1c00822a 01072023 sw               x16, 0(x14)         x16:0e57005c x14:10002d98  PA:10002d98
13513094ns          220111 1c00822e 00a72223 sw               x10, 4(x14)         x10:0f470f14 x14:10002d98  PA:10002d9c
13513114ns          220112 1c008230 00b72423 sw               x11, 8(x14)         x11:0e380166 x14:10002d98  PA:10002da0
13513133ns          220113 1c008232 00c72623 sw               x12, 12(x14)        x12:01c202b6 x14:10002d98  PA:10002da4
13513153ns          220114 1c008234 01078793 addi             x15, x15, 16        x15=1c0002ec x15:1c0002dc
13513173ns          220115 1c008236 01070713 addi             x14, x14, 16        x14=10002da8 x14:10002d98
13513193ns          220116 1c008220 0007a803 lw               x16, 0(x15)         x16=0eba0d5c x15:1c0002ec  PA:1c0002ec
13513491ns          220131 1c008224 0047a503 lw               x10, 4(x15)         x10=0e380eae x15:1c0002ec  PA:1c0002f0
13513790ns          220146 1c008226 0087a583 lw               x11, 8(x15)         x11=0e8d0157 x15:1c0002ec  PA:1c0002f4
13514088ns          220161 1c008228 00c7a603 lw               x12, 12(x15)        x12=0fb70fdf x15:1c0002ec  PA:1c0002f8
13514386ns          220176 1c00822a 01072023 sw               x16, 0(x14)         x16:0eba0d5c x14:10002da8  PA:10002da8
13514406ns          220177 1c00822e 00a72223 sw               x10, 4(x14)         x10:0e380eae x14:10002da8  PA:10002dac
13514426ns          220178 1c008230 00b72423 sw               x11, 8(x14)         x11:0e8d0157 x14:10002da8  PA:10002db0
13514446ns          220179 1c008232 00c72623 sw               x12, 12(x14)        x12:0fb70fdf x14:10002da8  PA:10002db4
13514466ns          220180 1c008234 01078793 addi             x15, x15, 16        x15=1c0002fc x15:1c0002ec
13514486ns          220181 1c008236 01070713 addi             x14, x14, 16        x14=10002db8 x14:10002da8
13514506ns          220182 1c008220 0007a803 lw               x16, 0(x15)         x16=00890230 x15:1c0002fc  PA:1c0002fc
13514804ns          220197 1c008224 0047a503 lw               x10, 4(x15)         x10=0fb10442 x15:1c0002fc  PA:1c000300
13515102ns          220212 1c008226 0087a583 lw               x11, 8(x15)         x11=004300ad x15:1c0002fc  PA:1c000304
13515401ns          220227 1c008228 00c7a603 lw               x12, 12(x15)        x12=006d0e2f x15:1c0002fc  PA:1c000308
13515699ns          220242 1c00822a 01072023 sw               x16, 0(x14)         x16:00890230 x14:10002db8  PA:10002db8
13515719ns          220243 1c00822e 00a72223 sw               x10, 4(x14)         x10:0fb10442 x14:10002db8  PA:10002dbc
13515739ns          220244 1c008230 00b72423 sw               x11, 8(x14)         x11:004300ad x14:10002db8  PA:10002dc0
13515759ns          220245 1c008232 00c72623 sw               x12, 12(x14)        x12:006d0e2f x14:10002db8  PA:10002dc4
13515778ns          220246 1c008234 01078793 addi             x15, x15, 16        x15=1c00030c x15:1c0002fc
13515798ns          220247 1c008236 01070713 addi             x14, x14, 16        x14=10002dc8 x14:10002db8
13515818ns          220248 1c008220 0007a803 lw               x16, 0(x15)         x16=0d1a0fe2 x15:1c00030c  PA:1c00030c
13516176ns          220266 1c008224 0047a503 lw               x10, 4(x15)         x10=007803a6 x15:1c00030c  PA:1c000310
13516514ns          220283 1c008226 0087a583 lw               x11, 8(x15)         x11=0d840e7f x15:1c00030c  PA:1c000314
13516912ns          220303 1c008228 00c7a603 lw               x12, 12(x15)        x12=0008001d x15:1c00030c  PA:1c000318
13517330ns          220324 1c00822a 01072023 sw               x16, 0(x14)         x16:0d1a0fe2 x14:10002dc8  PA:10002dc8
13517350ns          220325 1c00822e 00a72223 sw               x10, 4(x14)         x10:007803a6 x14:10002dc8  PA:10002dcc
13517370ns          220326 1c008230 00b72423 sw               x11, 8(x14)         x11:0d840e7f x14:10002dc8  PA:10002dd0
13517389ns          220327 1c008232 00c72623 sw               x12, 12(x14)        x12:0008001d x14:10002dc8  PA:10002dd4
13517409ns          220328 1c008234 01078793 addi             x15, x15, 16        x15=1c00031c x15:1c00030c
13517429ns          220329 1c008236 01070713 addi             x14, x14, 16        x14=10002dd8 x14:10002dc8
13517449ns          220330 1c008220 0007a803 lw               x16, 0(x15)         x16=0e1c0133 x15:1c00031c  PA:1c00031c
13517747ns          220345 1c008224 0047a503 lw               x10, 4(x15)         x10=00ae0d87 x15:1c00031c  PA:1c000320
13518046ns          220360 1c008226 0087a583 lw               x11, 8(x15)         x11=0f770e25 x15:1c00031c  PA:1c000324
13518344ns          220375 1c008228 00c7a603 lw               x12, 12(x15)        x12=0fa500cf x15:1c00031c  PA:1c000328
13518662ns          220391 1c00822a 01072023 sw               x16, 0(x14)         x16:0e1c0133 x14:10002dd8  PA:10002dd8
13518682ns          220392 1c00822e 00a72223 sw               x10, 4(x14)         x10:00ae0d87 x14:10002dd8  PA:10002ddc
13518702ns          220393 1c008230 00b72423 sw               x11, 8(x14)         x11:0f770e25 x14:10002dd8  PA:10002de0
13518722ns          220394 1c008232 00c72623 sw               x12, 12(x14)        x12:0fa500cf x14:10002dd8  PA:10002de4
13518742ns          220395 1c008234 01078793 addi             x15, x15, 16        x15=1c00032c x15:1c00031c
13518762ns          220396 1c008236 01070713 addi             x14, x14, 16        x14=10002de8 x14:10002dd8
13518782ns          220397 1c008220 0007a803 lw               x16, 0(x15)         x16=0f470e5d x15:1c00032c  PA:1c00032c
13519100ns          220413 1c008224 0047a503 lw               x10, 4(x15)         x10=02610d5f x15:1c00032c  PA:1c000330
13519398ns          220428 1c008226 0087a583 lw               x11, 8(x15)         x11=0e4601f7 x15:1c00032c  PA:1c000334
13519696ns          220443 1c008228 00c7a603 lw               x12, 12(x15)        x12=0ee8002b x15:1c00032c  PA:1c000338
13520015ns          220459 1c00822a 01072023 sw               x16, 0(x14)         x16:0f470e5d x14:10002de8  PA:10002de8
13520035ns          220460 1c00822e 00a72223 sw               x10, 4(x14)         x10:02610d5f x14:10002de8  PA:10002dec
13520054ns          220461 1c008230 00b72423 sw               x11, 8(x14)         x11:0e4601f7 x14:10002de8  PA:10002df0
13520074ns          220462 1c008232 00c72623 sw               x12, 12(x14)        x12:0ee8002b x14:10002de8  PA:10002df4
13520094ns          220463 1c008234 01078793 addi             x15, x15, 16        x15=1c00033c x15:1c00032c
13520114ns          220464 1c008236 01070713 addi             x14, x14, 16        x14=10002df8 x14:10002de8
13520134ns          220465 1c008220 0007a803 lw               x16, 0(x15)         x16=01b90f79 x15:1c00033c  PA:1c00033c
13520452ns          220481 1c008224 0047a503 lw               x10, 4(x15)         x10=0e0501ed x15:1c00033c  PA:1c000340
13520750ns          220496 1c008226 0087a583 lw               x11, 8(x15)         x11=0e9b0e3f x15:1c00033c  PA:1c000344
13521049ns          220511 1c008228 00c7a603 lw               x12, 12(x15)        x12=00790059 x15:1c00033c  PA:1c000348
13521347ns          220526 1c00822a 01072023 sw               x16, 0(x14)         x16:01b90f79 x14:10002df8  PA:10002df8
13521367ns          220527 1c00822e 00a72223 sw               x10, 4(x14)         x10:0e0501ed x14:10002df8  PA:10002dfc
13521387ns          220528 1c008230 00b72423 sw               x11, 8(x14)         x11:0e9b0e3f x14:10002df8  PA:10002e00
13521407ns          220529 1c008232 00c72623 sw               x12, 12(x14)        x12:00790059 x14:10002df8  PA:10002e04
13521427ns          220530 1c008234 01078793 addi             x15, x15, 16        x15=1c00034c x15:1c00033c
13521447ns          220531 1c008236 01070713 addi             x14, x14, 16        x14=10002e08 x14:10002df8
13521466ns          220532 1c008220 0007a803 lw               x16, 0(x15)         x16=00610103 x15:1c00034c  PA:1c00034c
13521824ns          220550 1c008224 0047a503 lw               x10, 4(x15)         x10=0db9014b x15:1c00034c  PA:1c000350
13522182ns          220568 1c008226 0087a583 lw               x11, 8(x15)         x11=00b40186 x15:1c00034c  PA:1c000354
13522600ns          220589 1c008228 00c7a603 lw               x12, 12(x15)        x12=0fba0272 x15:1c00034c  PA:1c000358
13522958ns          220607 1c00822a 01072023 sw               x16, 0(x14)         x16:00610103 x14:10002e08  PA:10002e08
13522978ns          220608 1c00822e 00a72223 sw               x10, 4(x14)         x10:0db9014b x14:10002e08  PA:10002e0c
13522998ns          220609 1c008230 00b72423 sw               x11, 8(x14)         x11:00b40186 x14:10002e08  PA:10002e10
13523018ns          220610 1c008232 00c72623 sw               x12, 12(x14)        x12:0fba0272 x14:10002e08  PA:10002e14
13523038ns          220611 1c008234 01078793 addi             x15, x15, 16        x15=1c00035c x15:1c00034c
13523058ns          220612 1c008236 01070713 addi             x14, x14, 16        x14=10002e18 x14:10002e08
13523077ns          220613 1c008220 0007a803 lw               x16, 0(x15)         x16=0fc90035 x15:1c00035c  PA:1c00035c
13523396ns          220629 1c008224 0047a503 lw               x10, 4(x15)         x10=0ead0fc3 x15:1c00035c  PA:1c000360
13523694ns          220644 1c008226 0087a583 lw               x11, 8(x15)         x11=0e520def x15:1c00035c  PA:1c000364
13523992ns          220659 1c008228 00c7a603 lw               x12, 12(x15)        x12=00680287 x15:1c00035c  PA:1c000368
13524291ns          220674 1c00822a 01072023 sw               x16, 0(x14)         x16:0fc90035 x14:10002e18  PA:10002e18
13524310ns          220675 1c00822e 00a72223 sw               x10, 4(x14)         x10:0ead0fc3 x14:10002e18  PA:10002e1c
13524330ns          220676 1c008230 00b72423 sw               x11, 8(x14)         x11:0e520def x14:10002e18  PA:10002e20
13524350ns          220677 1c008232 00c72623 sw               x12, 12(x14)        x12:00680287 x14:10002e18  PA:10002e24
13524370ns          220678 1c008234 01078793 addi             x15, x15, 16        x15=1c00036c x15:1c00035c
13524390ns          220679 1c008236 01070713 addi             x14, x14, 16        x14=10002e28 x14:10002e18
13524410ns          220680 1c008220 0007a803 lw               x16, 0(x15)         x16=0f650edb x15:1c00036c  PA:1c00036c
13524708ns          220695 1c008224 0047a503 lw               x10, 4(x15)         x10=00670f19 x15:1c00036c  PA:1c000370
13525007ns          220710 1c008226 0087a583 lw               x11, 8(x15)         x11=0d9f0e75 x15:1c00036c  PA:1c000374
13525325ns          220726 1c008228 00c7a603 lw               x12, 12(x15)        x12=01ad0c5f x15:1c00036c  PA:1c000378
13525623ns          220741 1c00822a 01072023 sw               x16, 0(x14)         x16:0f650edb x14:10002e28  PA:10002e28
13525643ns          220742 1c00822e 00a72223 sw               x10, 4(x14)         x10:00670f19 x14:10002e28  PA:10002e2c
13525663ns          220743 1c008230 00b72423 sw               x11, 8(x14)         x11:0d9f0e75 x14:10002e28  PA:10002e30
13525683ns          220744 1c008232 00c72623 sw               x12, 12(x14)        x12:01ad0c5f x14:10002e28  PA:10002e34
13525703ns          220745 1c008234 01078793 addi             x15, x15, 16        x15=1c00037c x15:1c00036c
13525722ns          220746 1c008236 01070713 addi             x14, x14, 16        x14=10002e38 x14:10002e28
13525742ns          220747 1c008220 0007a803 lw               x16, 0(x15)         x16=013b00a2 x15:1c00037c  PA:1c00037c
13526061ns          220763 1c008224 0047a503 lw               x10, 4(x15)         x10=009900fc x15:1c00037c  PA:1c000380
13526419ns          220781 1c008226 0087a583 lw               x11, 8(x15)         x11=001f000e x15:1c00037c  PA:1c000384
13526836ns          220802 1c008228 00c7a603 lw               x12, 12(x15)        x12=004f0f2c x15:1c00037c  PA:1c000388
13527194ns          220820 1c00822a 01072023 sw               x16, 0(x14)         x16:013b00a2 x14:10002e38  PA:10002e38
13527214ns          220821 1c00822e 00a72223 sw               x10, 4(x14)         x10:009900fc x14:10002e38  PA:10002e3c
13527234ns          220822 1c008230 00b72423 sw               x11, 8(x14)         x11:001f000e x14:10002e38  PA:10002e40
13527254ns          220823 1c008232 00c72623 sw               x12, 12(x14)        x12:004f0f2c x14:10002e38  PA:10002e44
13527274ns          220824 1c008234 01078793 addi             x15, x15, 16        x15=1c00038c x15:1c00037c
13527294ns          220825 1c008236 01070713 addi             x14, x14, 16        x14=10002e48 x14:10002e38
13527314ns          220826 1c008220 0007a803 lw               x16, 0(x15)         x16=0c9b0228 x15:1c00038c  PA:1c00038c
13527632ns          220842 1c008224 0047a503 lw               x10, 4(x15)         x10=00af0026 x15:1c00038c  PA:1c000390
13527950ns          220858 1c008226 0087a583 lw               x11, 8(x15)         x11=0f5c0012 x15:1c00038c  PA:1c000394
13528248ns          220873 1c008228 00c7a603 lw               x12, 12(x15)        x12=017002c0 x15:1c00038c  PA:1c000398
13528547ns          220888 1c00822a 01072023 sw               x16, 0(x14)         x16:0c9b0228 x14:10002e48  PA:10002e48
13528566ns          220889 1c00822e 00a72223 sw               x10, 4(x14)         x10:00af0026 x14:10002e48  PA:10002e4c
13528586ns          220890 1c008230 00b72423 sw               x11, 8(x14)         x11:0f5c0012 x14:10002e48  PA:10002e50
13528606ns          220891 1c008232 00c72623 sw               x12, 12(x14)        x12:017002c0 x14:10002e48  PA:10002e54
13528626ns          220892 1c008234 01078793 addi             x15, x15, 16        x15=1c00039c x15:1c00038c
13528646ns          220893 1c008236 01070713 addi             x14, x14, 16        x14=10002e58 x14:10002e48
13528666ns          220894 1c008220 0007a803 lw               x16, 0(x15)         x16=0f770c56 x15:1c00039c  PA:1c00039c
13528964ns          220909 1c008224 0047a503 lw               x10, 4(x15)         x10=00210fee x15:1c00039c  PA:1c0003a0
13529282ns          220925 1c008226 0087a583 lw               x11, 8(x15)         x11=0fa90c57 x15:1c00039c  PA:1c0003a4
13529640ns          220943 1c008228 00c7a603 lw               x12, 12(x15)        x12=0103009d x15:1c00039c  PA:1c0003a8
13529939ns          220958 1c00822a 01072023 sw               x16, 0(x14)         x16:0f770c56 x14:10002e58  PA:10002e58
13529959ns          220959 1c00822e 00a72223 sw               x10, 4(x14)         x10:00210fee x14:10002e58  PA:10002e5c
13529979ns          220960 1c008230 00b72423 sw               x11, 8(x14)         x11:0fa90c57 x14:10002e58  PA:10002e60
13529998ns          220961 1c008232 00c72623 sw               x12, 12(x14)        x12:0103009d x14:10002e58  PA:10002e64
13530018ns          220962 1c008234 01078793 addi             x15, x15, 16        x15=1c0003ac x15:1c00039c
13530038ns          220963 1c008236 01070713 addi             x14, x14, 16        x14=10002e68 x14:10002e58
13530058ns          220964 1c008220 0007a803 lw               x16, 0(x15)         x16=0dde0019 x15:1c0003ac  PA:1c0003ac
13530356ns          220979 1c008224 0047a503 lw               x10, 4(x15)         x10=0e5a0d3f x15:1c0003ac  PA:1c0003b0
13530655ns          220994 1c008226 0087a583 lw               x11, 8(x15)         x11=0e2e011a x15:1c0003ac  PA:1c0003b4
13530953ns          221009 1c008228 00c7a603 lw               x12, 12(x15)        x12=0ea80080 x15:1c0003ac  PA:1c0003b8
13531251ns          221024 1c00822a 01072023 sw               x16, 0(x14)         x16:0dde0019 x14:10002e68  PA:10002e68
13531271ns          221025 1c00822e 00a72223 sw               x10, 4(x14)         x10:0e5a0d3f x14:10002e68  PA:10002e6c
13531291ns          221026 1c008230 00b72423 sw               x11, 8(x14)         x11:0e2e011a x14:10002e68  PA:10002e70
13531311ns          221027 1c008232 00c72623 sw               x12, 12(x14)        x12:0ea80080 x14:10002e68  PA:10002e74
13531331ns          221028 1c008234 01078793 addi             x15, x15, 16        x15=1c0003bc x15:1c0003ac
13531351ns          221029 1c008236 01070713 addi             x14, x14, 16        x14=10002e78 x14:10002e68
13531371ns          221030 1c008220 0007a803 lw               x16, 0(x15)         x16=0fab0fb5 x15:1c0003bc  PA:1c0003bc
13531669ns          221045 1c008224 0047a503 lw               x10, 4(x15)         x10=0f0300b1 x15:1c0003bc  PA:1c0003c0
13531987ns          221061 1c008226 0087a583 lw               x11, 8(x15)         x11=0fe10ef1 x15:1c0003bc  PA:1c0003c4
13532286ns          221076 1c008228 00c7a603 lw               x12, 12(x15)        x12=0ad302cf x15:1c0003bc  PA:1c0003c8
13532584ns          221091 1c00822a 01072023 sw               x16, 0(x14)         x16:0fab0fb5 x14:10002e78  PA:10002e78
13532604ns          221092 1c00822e 00a72223 sw               x10, 4(x14)         x10:0f0300b1 x14:10002e78  PA:10002e7c
13532624ns          221093 1c008230 00b72423 sw               x11, 8(x14)         x11:0fe10ef1 x14:10002e78  PA:10002e80
13532644ns          221094 1c008232 00c72623 sw               x12, 12(x14)        x12:0ad302cf x14:10002e78  PA:10002e84
13532663ns          221095 1c008234 01078793 addi             x15, x15, 16        x15=1c0003cc x15:1c0003bc
13532683ns          221096 1c008236 01070713 addi             x14, x14, 16        x14=10002e88 x14:10002e78
13532703ns          221097 1c008220 0007a803 lw               x16, 0(x15)         x16=0eae0fe5 x15:1c0003cc  PA:1c0003cc
13533002ns          221112 1c008224 0047a503 lw               x10, 4(x15)         x10=003c00af x15:1c0003cc  PA:1c0003d0
13533320ns          221128 1c008226 0087a583 lw               x11, 8(x15)         x11=029700f5 x15:1c0003cc  PA:1c0003d4
13533618ns          221143 1c008228 00c7a603 lw               x12, 12(x15)        x12=0fcf00a5 x15:1c0003cc  PA:1c0003d8
13533916ns          221158 1c00822a 01072023 sw               x16, 0(x14)         x16:0eae0fe5 x14:10002e88  PA:10002e88
13533936ns          221159 1c00822e 00a72223 sw               x10, 4(x14)         x10:003c00af x14:10002e88  PA:10002e8c
13533956ns          221160 1c008230 00b72423 sw               x11, 8(x14)         x11:029700f5 x14:10002e88  PA:10002e90
13533976ns          221161 1c008232 00c72623 sw               x12, 12(x14)        x12:0fcf00a5 x14:10002e88  PA:10002e94
13533996ns          221162 1c008234 01078793 addi             x15, x15, 16        x15=1c0003dc x15:1c0003cc
13534016ns          221163 1c008236 01070713 addi             x14, x14, 16        x14=10002e98 x14:10002e88
13534036ns          221164 1c008220 0007a803 lw               x16, 0(x15)         x16=025a0d94 x15:1c0003dc  PA:1c0003dc
13534334ns          221179 1c008224 0047a503 lw               x10, 4(x15)         x10=00900eb8 x15:1c0003dc  PA:1c0003e0
13534632ns          221194 1c008226 0087a583 lw               x11, 8(x15)         x11=034c022e x15:1c0003dc  PA:1c0003e4
13534931ns          221209 1c008228 00c7a603 lw               x12, 12(x15)        x12=00760e50 x15:1c0003dc  PA:1c0003e8
13535249ns          221225 1c00822a 01072023 sw               x16, 0(x14)         x16:025a0d94 x14:10002e98  PA:10002e98
13535269ns          221226 1c00822e 00a72223 sw               x10, 4(x14)         x10:00900eb8 x14:10002e98  PA:10002e9c
13535289ns          221227 1c008230 00b72423 sw               x11, 8(x14)         x11:034c022e x14:10002e98  PA:10002ea0
13535309ns          221228 1c008232 00c72623 sw               x12, 12(x14)        x12:00760e50 x14:10002e98  PA:10002ea4
13535328ns          221229 1c008234 01078793 addi             x15, x15, 16        x15=1c0003ec x15:1c0003dc
13535348ns          221230 1c008236 01070713 addi             x14, x14, 16        x14=10002ea8 x14:10002e98
13535368ns          221231 1c008220 0007a803 lw               x16, 0(x15)         x16=00400ee6 x15:1c0003ec  PA:1c0003ec
13535666ns          221246 1c008224 0047a503 lw               x10, 4(x15)         x10=0e240266 x15:1c0003ec  PA:1c0003f0
13535965ns          221261 1c008226 0087a583 lw               x11, 8(x15)         x11=00970ea3 x15:1c0003ec  PA:1c0003f4
13536263ns          221276 1c008228 00c7a603 lw               x12, 12(x15)        x12=01670e25 x15:1c0003ec  PA:1c0003f8
13536581ns          221292 1c00822a 01072023 sw               x16, 0(x14)         x16:00400ee6 x14:10002ea8  PA:10002ea8
13536601ns          221293 1c00822e 00a72223 sw               x10, 4(x14)         x10:0e240266 x14:10002ea8  PA:10002eac
13536621ns          221294 1c008230 00b72423 sw               x11, 8(x14)         x11:00970ea3 x14:10002ea8  PA:10002eb0
13536641ns          221295 1c008232 00c72623 sw               x12, 12(x14)        x12:01670e25 x14:10002ea8  PA:10002eb4
13536661ns          221296 1c008234 01078793 addi             x15, x15, 16        x15=1c0003fc x15:1c0003ec
13536681ns          221297 1c008236 01070713 addi             x14, x14, 16        x14=10002eb8 x14:10002ea8
13536701ns          221298 1c008220 0007a803 lw               x16, 0(x15)         x16=009b0f1c x15:1c0003fc  PA:1c0003fc
13537019ns          221314 1c008224 0047a503 lw               x10, 4(x15)         x10=00250e36 x15:1c0003fc  PA:1c000400
13537456ns          221336 1c008226 0087a583 lw               x11, 8(x15)         x11=010a0dbb x15:1c0003fc  PA:1c000404
13537854ns          221356 1c008228 00c7a603 lw               x12, 12(x15)        x12=05680e49 x15:1c0003fc  PA:1c000408
13538152ns          221371 1c00822a 01072023 sw               x16, 0(x14)         x16:009b0f1c x14:10002eb8  PA:10002eb8
13538172ns          221372 1c00822e 00a72223 sw               x10, 4(x14)         x10:00250e36 x14:10002eb8  PA:10002ebc
13538192ns          221373 1c008230 00b72423 sw               x11, 8(x14)         x11:010a0dbb x14:10002eb8  PA:10002ec0
13538212ns          221374 1c008232 00c72623 sw               x12, 12(x14)        x12:05680e49 x14:10002eb8  PA:10002ec4
13538232ns          221375 1c008234 01078793 addi             x15, x15, 16        x15=1c00040c x15:1c0003fc
13538252ns          221376 1c008236 01070713 addi             x14, x14, 16        x14=10002ec8 x14:10002eb8
13538272ns          221377 1c008220 0007a803 lw               x16, 0(x15)         x16=0fb60efa x15:1c00040c  PA:1c00040c
13538570ns          221392 1c008224 0047a503 lw               x10, 4(x15)         x10=02e402b2 x15:1c00040c  PA:1c000410
13538868ns          221407 1c008226 0087a583 lw               x11, 8(x15)         x11=0f6e0fcb x15:1c00040c  PA:1c000414
13539167ns          221422 1c008228 00c7a603 lw               x12, 12(x15)        x12=0e120fa7 x15:1c00040c  PA:1c000418
13539485ns          221438 1c00822a 01072023 sw               x16, 0(x14)         x16:0fb60efa x14:10002ec8  PA:10002ec8
13539505ns          221439 1c00822e 00a72223 sw               x10, 4(x14)         x10:02e402b2 x14:10002ec8  PA:10002ecc
13539525ns          221440 1c008230 00b72423 sw               x11, 8(x14)         x11:0f6e0fcb x14:10002ec8  PA:10002ed0
13539545ns          221441 1c008232 00c72623 sw               x12, 12(x14)        x12:0e120fa7 x14:10002ec8  PA:10002ed4
13539565ns          221442 1c008234 01078793 addi             x15, x15, 16        x15=1c00041c x15:1c00040c
13539584ns          221443 1c008236 01070713 addi             x14, x14, 16        x14=10002ed8 x14:10002ec8
13539604ns          221444 1c008220 0007a803 lw               x16, 0(x15)         x16=0f520339 x15:1c00041c  PA:1c00041c
13539942ns          221461 1c008224 0047a503 lw               x10, 4(x15)         x10=0d1a0181 x15:1c00041c  PA:1c000420
13540340ns          221481 1c008226 0087a583 lw               x11, 8(x15)         x11=02af01d5 x15:1c00041c  PA:1c000424
13540738ns          221501 1c008228 00c7a603 lw               x12, 12(x15)        x12=0e7b0f6f x15:1c00041c  PA:1c000428
13541056ns          221517 1c00822a 01072023 sw               x16, 0(x14)         x16:0f520339 x14:10002ed8  PA:10002ed8
13541076ns          221518 1c00822e 00a72223 sw               x10, 4(x14)         x10:0d1a0181 x14:10002ed8  PA:10002edc
13541096ns          221519 1c008230 00b72423 sw               x11, 8(x14)         x11:02af01d5 x14:10002ed8  PA:10002ee0
13541116ns          221520 1c008232 00c72623 sw               x12, 12(x14)        x12:0e7b0f6f x14:10002ed8  PA:10002ee4
13541136ns          221521 1c008234 01078793 addi             x15, x15, 16        x15=1c00042c x15:1c00041c
13541156ns          221522 1c008236 01070713 addi             x14, x14, 16        x14=10002ee8 x14:10002ed8
13541175ns          221523 1c008220 0007a803 lw               x16, 0(x15)         x16=011e0da0 x15:1c00042c  PA:1c00042c
13541494ns          221539 1c008224 0047a503 lw               x10, 4(x15)         x10=005a003e x15:1c00042c  PA:1c000430
13541891ns          221559 1c008226 0087a583 lw               x11, 8(x15)         x11=01490021 x15:1c00042c  PA:1c000434
13542289ns          221579 1c008228 00c7a603 lw               x12, 12(x15)        x12=01e90071 x15:1c00042c  PA:1c000438
13542607ns          221595 1c00822a 01072023 sw               x16, 0(x14)         x16:011e0da0 x14:10002ee8  PA:10002ee8
13542627ns          221596 1c00822e 00a72223 sw               x10, 4(x14)         x10:005a003e x14:10002ee8  PA:10002eec
13542647ns          221597 1c008230 00b72423 sw               x11, 8(x14)         x11:01490021 x14:10002ee8  PA:10002ef0
13542667ns          221598 1c008232 00c72623 sw               x12, 12(x14)        x12:01e90071 x14:10002ee8  PA:10002ef4
13542687ns          221599 1c008234 01078793 addi             x15, x15, 16        x15=1c00043c x15:1c00042c
13542707ns          221600 1c008236 01070713 addi             x14, x14, 16        x14=10002ef8 x14:10002ee8
13542727ns          221601 1c008220 0007a803 lw               x16, 0(x15)         x16=0eab0085 x15:1c00043c  PA:1c00043c
13543105ns          221620 1c008224 0047a503 lw               x10, 4(x15)         x10=038f004d x15:1c00043c  PA:1c000440
13543502ns          221640 1c008226 0087a583 lw               x11, 8(x15)         x11=0c630e3a x15:1c00043c  PA:1c000444
13543920ns          221661 1c008228 00c7a603 lw               x12, 12(x15)        x12=02010f88 x15:1c00043c  PA:1c000448
13544218ns          221676 1c00822a 01072023 sw               x16, 0(x14)         x16:0eab0085 x14:10002ef8  PA:10002ef8
13544238ns          221677 1c00822e 00a72223 sw               x10, 4(x14)         x10:038f004d x14:10002ef8  PA:10002efc
13544258ns          221678 1c008230 00b72423 sw               x11, 8(x14)         x11:0c630e3a x14:10002ef8  PA:10002f00
13544278ns          221679 1c008232 00c72623 sw               x12, 12(x14)        x12:02010f88 x14:10002ef8  PA:10002f04
13544298ns          221680 1c008234 01078793 addi             x15, x15, 16        x15=1c00044c x15:1c00043c
13544318ns          221681 1c008236 01070713 addi             x14, x14, 16        x14=10002f08 x14:10002ef8
13544338ns          221682 1c008220 0007a803 lw               x16, 0(x15)         x16=001a0157 x15:1c00044c  PA:1c00044c
13544636ns          221697 1c008224 0047a503 lw               x10, 4(x15)         x10=0e780001 x15:1c00044c  PA:1c000450
13544934ns          221712 1c008226 0087a583 lw               x11, 8(x15)         x11=014c0074 x15:1c00044c  PA:1c000454
13545332ns          221732 1c008228 00c7a603 lw               x12, 12(x15)        x12=00220fd4 x15:1c00044c  PA:1c000458
13545630ns          221747 1c00822a 01072023 sw               x16, 0(x14)         x16:001a0157 x14:10002f08  PA:10002f08
13545650ns          221748 1c00822e 00a72223 sw               x10, 4(x14)         x10:0e780001 x14:10002f08  PA:10002f0c
13545670ns          221749 1c008230 00b72423 sw               x11, 8(x14)         x11:014c0074 x14:10002f08  PA:10002f10
13545690ns          221750 1c008232 00c72623 sw               x12, 12(x14)        x12:00220fd4 x14:10002f08  PA:10002f14
13545710ns          221751 1c008234 01078793 addi             x15, x15, 16        x15=1c00045c x15:1c00044c
13545730ns          221752 1c008236 01070713 addi             x14, x14, 16        x14=10002f18 x14:10002f08
13545750ns          221753 1c008220 0007a803 lw               x16, 0(x15)         x16=00480db6 x15:1c00045c  PA:1c00045c
13546048ns          221768 1c008224 0047a503 lw               x10, 4(x15)         x10=01ee0038 x15:1c00045c  PA:1c000460
13546366ns          221784 1c008226 0087a583 lw               x11, 8(x15)         x11=0e2002cf x15:1c00045c  PA:1c000464
13546665ns          221799 1c008228 00c7a603 lw               x12, 12(x15)        x12=0e4c003f x15:1c00045c  PA:1c000468
13546963ns          221814 1c00822a 01072023 sw               x16, 0(x14)         x16:00480db6 x14:10002f18  PA:10002f18
13546983ns          221815 1c00822e 00a72223 sw               x10, 4(x14)         x10:01ee0038 x14:10002f18  PA:10002f1c
13547003ns          221816 1c008230 00b72423 sw               x11, 8(x14)         x11:0e2002cf x14:10002f18  PA:10002f20
13547023ns          221817 1c008232 00c72623 sw               x12, 12(x14)        x12:0e4c003f x14:10002f18  PA:10002f24
13547042ns          221818 1c008234 01078793 addi             x15, x15, 16        x15=1c00046c x15:1c00045c
13547062ns          221819 1c008236 01070713 addi             x14, x14, 16        x14=10002f28 x14:10002f18
13547082ns          221820 1c008220 0007a803 lw               x16, 0(x15)         x16=0ec20ffe x15:1c00046c  PA:1c00046c
13547400ns          221836 1c008224 0047a503 lw               x10, 4(x15)         x10=0fd202be x15:1c00046c  PA:1c000470
13547818ns          221857 1c008226 0087a583 lw               x11, 8(x15)         x11=0fa500b5 x15:1c00046c  PA:1c000474
13548216ns          221877 1c008228 00c7a603 lw               x12, 12(x15)        x12=0ceb0125 x15:1c00046c  PA:1c000478
13548514ns          221892 1c00822a 01072023 sw               x16, 0(x14)         x16:0ec20ffe x14:10002f28  PA:10002f28
13548534ns          221893 1c00822e 00a72223 sw               x10, 4(x14)         x10:0fd202be x14:10002f28  PA:10002f2c
13548554ns          221894 1c008230 00b72423 sw               x11, 8(x14)         x11:0fa500b5 x14:10002f28  PA:10002f30
13548574ns          221895 1c008232 00c72623 sw               x12, 12(x14)        x12:0ceb0125 x14:10002f28  PA:10002f34
13548594ns          221896 1c008234 01078793 addi             x15, x15, 16        x15=1c00047c x15:1c00046c
13548614ns          221897 1c008236 01070713 addi             x14, x14, 16        x14=10002f38 x14:10002f28
13548633ns          221898 1c008220 0007a803 lw               x16, 0(x15)         x16=0e260d8d x15:1c00047c  PA:1c00047c
13548952ns          221914 1c008224 0047a503 lw               x10, 4(x15)         x10=004601bd x15:1c00047c  PA:1c000480
13549310ns          221932 1c008226 0087a583 lw               x11, 8(x15)         x11=0ee30024 x15:1c00047c  PA:1c000484
13549707ns          221952 1c008228 00c7a603 lw               x12, 12(x15)        x12=01070d3c x15:1c00047c  PA:1c000488
13550006ns          221967 1c00822a 01072023 sw               x16, 0(x14)         x16:0e260d8d x14:10002f38  PA:10002f38
13550026ns          221968 1c00822e 00a72223 sw               x10, 4(x14)         x10:004601bd x14:10002f38  PA:10002f3c
13550046ns          221969 1c008230 00b72423 sw               x11, 8(x14)         x11:0ee30024 x14:10002f38  PA:10002f40
13550065ns          221970 1c008232 00c72623 sw               x12, 12(x14)        x12:01070d3c x14:10002f38  PA:10002f44
13550085ns          221971 1c008234 01078793 addi             x15, x15, 16        x15=1c00048c x15:1c00047c
13550105ns          221972 1c008236 01070713 addi             x14, x14, 16        x14=10002f48 x14:10002f38
13550125ns          221973 1c008220 0007a803 lw               x16, 0(x15)         x16=001f01bd x15:1c00048c  PA:1c00048c
13550423ns          221988 1c008224 0047a503 lw               x10, 4(x15)         x10=0dd10ef5 x15:1c00048c  PA:1c000490
13550722ns          222003 1c008226 0087a583 lw               x11, 8(x15)         x11=0cc00f4e x15:1c00048c  PA:1c000494
13551020ns          222018 1c008228 00c7a603 lw               x12, 12(x15)        x12=00160ee4 x15:1c00048c  PA:1c000498
13551318ns          222033 1c00822a 01072023 sw               x16, 0(x14)         x16:001f01bd x14:10002f48  PA:10002f48
13551338ns          222034 1c00822e 00a72223 sw               x10, 4(x14)         x10:0dd10ef5 x14:10002f48  PA:10002f4c
13551358ns          222035 1c008230 00b72423 sw               x11, 8(x14)         x11:0cc00f4e x14:10002f48  PA:10002f50
13551378ns          222036 1c008232 00c72623 sw               x12, 12(x14)        x12:00160ee4 x14:10002f48  PA:10002f54
13551398ns          222037 1c008234 01078793 addi             x15, x15, 16        x15=1c00049c x15:1c00048c
13551418ns          222038 1c008236 01070713 addi             x14, x14, 16        x14=10002f58 x14:10002f48
13551438ns          222039 1c008220 0007a803 lw               x16, 0(x15)         x16=0fb00f79 x15:1c00049c  PA:1c00049c
13551796ns          222057 1c008224 0047a503 lw               x10, 4(x15)         x10=0fe80029 x15:1c00049c  PA:1c0004a0
13552193ns          222077 1c008226 0087a583 lw               x11, 8(x15)         x11=0eba018c x15:1c00049c  PA:1c0004a4
13552591ns          222097 1c008228 00c7a603 lw               x12, 12(x15)        x12=00e60f76 x15:1c00049c  PA:1c0004a8
13552890ns          222112 1c00822a 01072023 sw               x16, 0(x14)         x16:0fb00f79 x14:10002f58  PA:10002f58
13552909ns          222113 1c00822e 00a72223 sw               x10, 4(x14)         x10:0fe80029 x14:10002f58  PA:10002f5c
13552929ns          222114 1c008230 00b72423 sw               x11, 8(x14)         x11:0eba018c x14:10002f58  PA:10002f60
13552949ns          222115 1c008232 00c72623 sw               x12, 12(x14)        x12:00e60f76 x14:10002f58  PA:10002f64
13552969ns          222116 1c008234 01078793 addi             x15, x15, 16        x15=1c0004ac x15:1c00049c
13552989ns          222117 1c008236 01070713 addi             x14, x14, 16        x14=10002f68 x14:10002f58
13553009ns          222118 1c008220 0007a803 lw               x16, 0(x15)         x16=003e0fc4 x15:1c0004ac  PA:1c0004ac
13553307ns          222133 1c008224 0047a503 lw               x10, 4(x15)         x10=0e3e01d6 x15:1c0004ac  PA:1c0004b0
13553605ns          222148 1c008226 0087a583 lw               x11, 8(x15)         x11=0e400b1c x15:1c0004ac  PA:1c0004b4
13553904ns          222163 1c008228 00c7a603 lw               x12, 12(x15)        x12=0caa0f56 x15:1c0004ac  PA:1c0004b8
13554202ns          222178 1c00822a 01072023 sw               x16, 0(x14)         x16:003e0fc4 x14:10002f68  PA:10002f68
13554222ns          222179 1c00822e 00a72223 sw               x10, 4(x14)         x10:0e3e01d6 x14:10002f68  PA:10002f6c
13554242ns          222180 1c008230 00b72423 sw               x11, 8(x14)         x11:0e400b1c x14:10002f68  PA:10002f70
13554262ns          222181 1c008232 00c72623 sw               x12, 12(x14)        x12:0caa0f56 x14:10002f68  PA:10002f74
13554282ns          222182 1c008234 01078793 addi             x15, x15, 16        x15=1c0004bc x15:1c0004ac
13554302ns          222183 1c008236 01070713 addi             x14, x14, 16        x14=10002f78 x14:10002f68
13554321ns          222184 1c008220 0007a803 lw               x16, 0(x15)         x16=0ddd02f0 x15:1c0004bc  PA:1c0004bc
13554679ns          222202 1c008224 0047a503 lw               x10, 4(x15)         x10=0117013e x15:1c0004bc  PA:1c0004c0
13554998ns          222218 1c008226 0087a583 lw               x11, 8(x15)         x11=00510db9 x15:1c0004bc  PA:1c0004c4
13555376ns          222237 1c008228 00c7a603 lw               x12, 12(x15)        x12=00a9021b x15:1c0004bc  PA:1c0004c8
13555674ns          222252 1c00822a 01072023 sw               x16, 0(x14)         x16:0ddd02f0 x14:10002f78  PA:10002f78
13555694ns          222253 1c00822e 00a72223 sw               x10, 4(x14)         x10:0117013e x14:10002f78  PA:10002f7c
13555714ns          222254 1c008230 00b72423 sw               x11, 8(x14)         x11:00510db9 x14:10002f78  PA:10002f80
13555733ns          222255 1c008232 00c72623 sw               x12, 12(x14)        x12:00a9021b x14:10002f78  PA:10002f84
13555753ns          222256 1c008234 01078793 addi             x15, x15, 16        x15=1c0004cc x15:1c0004bc
13555773ns          222257 1c008236 01070713 addi             x14, x14, 16        x14=10002f88 x14:10002f78
13555793ns          222258 1c008220 0007a803 lw               x16, 0(x15)         x16=0f550239 x15:1c0004cc  PA:1c0004cc
13556111ns          222274 1c008224 0047a503 lw               x10, 4(x15)         x10=0de50f0f x15:1c0004cc  PA:1c0004d0
13556410ns          222289 1c008226 0087a583 lw               x11, 8(x15)         x11=01b80e8a x15:1c0004cc  PA:1c0004d4
13556708ns          222304 1c008228 00c7a603 lw               x12, 12(x15)        x12=0d360e8e x15:1c0004cc  PA:1c0004d8
13557026ns          222320 1c00822a 01072023 sw               x16, 0(x14)         x16:0f550239 x14:10002f88  PA:10002f88
13557046ns          222321 1c00822e 00a72223 sw               x10, 4(x14)         x10:0de50f0f x14:10002f88  PA:10002f8c
13557066ns          222322 1c008230 00b72423 sw               x11, 8(x14)         x11:01b80e8a x14:10002f88  PA:10002f90
13557086ns          222323 1c008232 00c72623 sw               x12, 12(x14)        x12:0d360e8e x14:10002f88  PA:10002f94
13557106ns          222324 1c008234 01078793 addi             x15, x15, 16        x15=1c0004dc x15:1c0004cc
13557126ns          222325 1c008236 01070713 addi             x14, x14, 16        x14=10002f98 x14:10002f88
13557146ns          222326 1c008220 0007a803 lw               x16, 0(x15)         x16=0f8b0e44 x15:1c0004dc  PA:1c0004dc
13557444ns          222341 1c008224 0047a503 lw               x10, 4(x15)         x10=0fe10f1e x15:1c0004dc  PA:1c0004e0
13557742ns          222356 1c008226 0087a583 lw               x11, 8(x15)         x11=02990ea9 x15:1c0004dc  PA:1c0004e4
13558040ns          222371 1c008228 00c7a603 lw               x12, 12(x15)        x12=02310f61 x15:1c0004dc  PA:1c0004e8
13558339ns          222386 1c00822a 01072023 sw               x16, 0(x14)         x16:0f8b0e44 x14:10002f98  PA:10002f98
13558359ns          222387 1c00822e 00a72223 sw               x10, 4(x14)         x10:0fe10f1e x14:10002f98  PA:10002f9c
13558379ns          222388 1c008230 00b72423 sw               x11, 8(x14)         x11:02990ea9 x14:10002f98  PA:10002fa0
13558398ns          222389 1c008232 00c72623 sw               x12, 12(x14)        x12:02310f61 x14:10002f98  PA:10002fa4
13558418ns          222390 1c008234 01078793 addi             x15, x15, 16        x15=1c0004ec x15:1c0004dc
13558438ns          222391 1c008236 01070713 addi             x14, x14, 16        x14=10002fa8 x14:10002f98
13558458ns          222392 1c008220 0007a803 lw               x16, 0(x15)         x16=02340247 x15:1c0004ec  PA:1c0004ec
13558836ns          222411 1c008224 0047a503 lw               x10, 4(x15)         x10=013e0d31 x15:1c0004ec  PA:1c0004f0
13559234ns          222431 1c008226 0087a583 lw               x11, 8(x15)         x11=0f830e0f x15:1c0004ec  PA:1c0004f4
13559651ns          222452 1c008228 00c7a603 lw               x12, 12(x15)        x12=00890099 x15:1c0004ec  PA:1c0004f8
13559990ns          222469 1c00822a 01072023 sw               x16, 0(x14)         x16:02340247 x14:10002fa8  PA:10002fa8
13560009ns          222470 1c00822e 00a72223 sw               x10, 4(x14)         x10:013e0d31 x14:10002fa8  PA:10002fac
13560029ns          222471 1c008230 00b72423 sw               x11, 8(x14)         x11:0f830e0f x14:10002fa8  PA:10002fb0
13560049ns          222472 1c008232 00c72623 sw               x12, 12(x14)        x12:00890099 x14:10002fa8  PA:10002fb4
13560069ns          222473 1c008234 01078793 addi             x15, x15, 16        x15=1c0004fc x15:1c0004ec
13560089ns          222474 1c008236 01070713 addi             x14, x14, 16        x14=10002fb8 x14:10002fa8
13560109ns          222475 1c008220 0007a803 lw               x16, 0(x15)         x16=009201a1 x15:1c0004fc  PA:1c0004fc
13560407ns          222490 1c008224 0047a503 lw               x10, 4(x15)         x10=01600df1 x15:1c0004fc  PA:1c000500
13560705ns          222505 1c008226 0087a583 lw               x11, 8(x15)         x11=00470f49 x15:1c0004fc  PA:1c000504
13561004ns          222520 1c008228 00c7a603 lw               x12, 12(x15)        x12=014b0e21 x15:1c0004fc  PA:1c000508
13561322ns          222536 1c00822a 01072023 sw               x16, 0(x14)         x16:009201a1 x14:10002fb8  PA:10002fb8
13561342ns          222537 1c00822e 00a72223 sw               x10, 4(x14)         x10:01600df1 x14:10002fb8  PA:10002fbc
13561362ns          222538 1c008230 00b72423 sw               x11, 8(x14)         x11:00470f49 x14:10002fb8  PA:10002fc0
13561382ns          222539 1c008232 00c72623 sw               x12, 12(x14)        x12:014b0e21 x14:10002fb8  PA:10002fc4
13561402ns          222540 1c008234 01078793 addi             x15, x15, 16        x15=1c00050c x15:1c0004fc
13561421ns          222541 1c008236 01070713 addi             x14, x14, 16        x14=10002fc8 x14:10002fb8
13561441ns          222542 1c008220 0007a803 lw               x16, 0(x15)         x16=0c1d0000 x15:1c00050c  PA:1c00050c
13561740ns          222557 1c008224 0047a503 lw               x10, 4(x15)         x10=01550032 x15:1c00050c  PA:1c000510
13562237ns          222582 1c008226 0087a583 lw               x11, 8(x15)         x11=01f50246 x15:1c00050c  PA:1c000514
13562635ns          222602 1c008228 00c7a603 lw               x12, 12(x15)        x12=0f9701f2 x15:1c00050c  PA:1c000518
13563032ns          222622 1c00822a 01072023 sw               x16, 0(x14)         x16:0c1d0000 x14:10002fc8  PA:10002fc8
13563052ns          222623 1c00822e 00a72223 sw               x10, 4(x14)         x10:01550032 x14:10002fc8  PA:10002fcc
13563072ns          222624 1c008230 00b72423 sw               x11, 8(x14)         x11:01f50246 x14:10002fc8  PA:10002fd0
13563092ns          222625 1c008232 00c72623 sw               x12, 12(x14)        x12:0f9701f2 x14:10002fc8  PA:10002fd4
13563112ns          222626 1c008234 01078793 addi             x15, x15, 16        x15=1c00051c x15:1c00050c
13563132ns          222627 1c008236 01070713 addi             x14, x14, 16        x14=10002fd8 x14:10002fc8
13563152ns          222628 1c008238 f14025f3 csrrs            x11, x0, 0xf14      x11=00000005
13563172ns          222629 1c00823c 1c000537 lui              x10, 0x1c000000     x10=1c000000
13563191ns          222630 1c008240 f455b433 p.bclr           x8, x11, 26, 5       x8=00000005 x11:00000005
13563231ns          222632 1c008244 4055d593 srai             x11, x11, 0x405     x11=00000000 x11:00000005
13563251ns          222633 1c008246 00800633 add              x12, x0, x8         x12=00000005  x8:00000005
13563271ns          222634 1c008248 f265b5b3 p.bclr           x11, x11, 25, 6     x11=00000000 x11:00000000
13563291ns          222635 1c00824c 51c50513 addi             x10, x10, 1308      x10=1c00051c x10:1c000000
13563331ns          222637 1c008250 1b1000ef jal              x1, 2480             x1=1c008254
13563609ns          222651 1c008c00 fc010113 addi             x2, x2, -64          x2=10002a88  x2:10002ac8
13563649ns          222653 1c008c02 02410313 addi             x6, x2, 36           x6=10002aac  x2:10002a88
13563669ns          222654 1c008c06 02c12423 sw               x12, 40(x2)         x12:00000005  x2:10002a88  PA:10002ab0
13563689ns          222655 1c008c08 00a00633 add              x12, x0, x10        x12=1c00051c x10:1c00051c
13563709ns          222656 1c008c0a 1c009537 lui              x10, 0x1c009000     x10=1c009000
13563728ns          222657 1c008c0e 02b12223 sw               x11, 36(x2)         x11:00000000  x2:10002a88  PA:10002aac
13564126ns          222677 1c008c10 02d12623 sw               x13, 44(x2)         x13:0000001f  x2:10002a88  PA:10002ab4
13564146ns          222678 1c008c12 00200593 addi             x11, x0, 2          x11=00000002
13564166ns          222679 1c008c14 006006b3 add              x13, x0, x6         x13=10002aac  x6:10002aac
13564186ns          222680 1c008c16 b9450513 addi             x10, x10, -1132     x10=1c008b94 x10:1c009000
13564206ns          222681 1c008c1a 00112e23 sw               x1, 28(x2)           x1:1c008254  x2:10002a88  PA:10002aa4
13564226ns          222682 1c008c1c 02e12823 sw               x14, 48(x2)         x14:10002fd8  x2:10002a88  PA:10002ab8
13564246ns          222683 1c008c1e 02f12a23 sw               x15, 52(x2)         x15:1c00051c  x2:10002a88  PA:10002abc
13564643ns          222703 1c008c20 03012c23 sw               x16, 56(x2)         x16:0c1d0000  x2:10002a88  PA:10002ac0
13564663ns          222704 1c008c22 03112e23 sw               x17, 60(x2)         x17:04870893  x2:10002a88  PA:10002ac4
13564683ns          222705 1c008c24 00612623 sw               x6, 12(x2)           x6:10002aac  x2:10002a88  PA:10002a94
13564703ns          222706 1c008c26 fbfff0ef jal              x1, -66              x1=1c008c28
13565180ns          222730 1c008be4 04a0006f jal              x0, 74             
13565220ns          222732 1c008c2e ed010113 addi             x2, x2, -304         x2=10002958  x2:10002a88
13565658ns          222754 1c008c30 12812423 sw               x8, 296(x2)          x8:00000005  x2:10002958  PA:10002a80
13565697ns          222756 1c008c34 00000413 addi             x8, x0, 0            x8=00000000
13565717ns          222757 1c008c36 11612823 sw               x22, 272(x2)        x22:00000000  x2:10002958  PA:10002a68
13565737ns          222758 1c008c3a 11712623 sw               x23, 268(x2)        x23:00000000  x2:10002958  PA:10002a64
13566175ns          222780 1c008c3e 11812423 sw               x24, 264(x2)        x24:00000000  x2:10002958  PA:10002a60
13566214ns          222782 1c008c42 11912223 sw               x25, 260(x2)        x25:00000000  x2:10002958  PA:10002a5c
13566234ns          222783 1c008c46 11a12023 sw               x26, 256(x2)        x26:00000000  x2:10002958  PA:10002a58
13566254ns          222784 1c008c4a 0fb12e23 sw               x27, 252(x2)        x27:00000000  x2:10002958  PA:10002a54
13566274ns          222785 1c008c4c 12112623 sw               x1, 300(x2)          x1:1c008c28  x2:10002958  PA:10002a84
13566692ns          222806 1c008c50 00800db3 add              x27, x0, x8         x27=00000000  x8:00000000
13566732ns          222808 1c008c52 12912223 sw               x9, 292(x2)          x9:00000000  x2:10002958  PA:10002a7c
13566751ns          222809 1c008c56 13212023 sw               x18, 288(x2)        x18:00000000  x2:10002958  PA:10002a78
13566771ns          222810 1c008c5a 11312e23 sw               x19, 284(x2)        x19:00000000  x2:10002958  PA:10002a74
13567209ns          222832 1c008c5e 11412c23 sw               x20, 280(x2)        x20:00000000  x2:10002958  PA:10002a70
13567249ns          222834 1c008c62 11512a23 sw               x21, 276(x2)        x21:00000000  x2:10002958  PA:10002a6c
13567269ns          222835 1c008c66 00a00b33 add              x22, x0, x10        x22=1c008b94 x10:1c008b94
13567288ns          222836 1c008c68 00b00d33 add              x26, x0, x11        x26=00000002 x11:00000002
13567308ns          222837 1c008c6a 00d00c33 add              x24, x0, x13        x24=10002aac x13:10002aac
13567328ns          222838 1c008c6c 1c000bb7 lui              x23, 0x1c000000     x23=1c000000
13567746ns          222859 1c008c70 02410c93 addi             x25, x2, 36         x25=1000297c  x2:10002958
13567786ns          222861 1c008c74 00c00433 add              x8, x0, x12          x8=1c00051c x12:1c00051c
13567806ns          222862 1c008c76 00044503 lbu              x10, 0(x8)          x10=00000045  x8:1c00051c  PA:1c00051c
13568203ns          222882 1c008c7a 00140413 addi             x8, x8, 1            x8=1c00051d  x8:1c00051c
13568223ns          222883 1c008c7c 00050e63 beq              x10, x0, 28         x10:00000045
13568263ns          222885 1c008c7e 02500793 addi             x15, x0, 37         x15=00000025
13568303ns          222887 1c008c82 04f50863 beq              x10, x15, 80        x10:00000045 x15:00000025
13568323ns          222888 1c008c86 01a005b3 add              x11, x0, x26        x11=00000002 x26:00000002
13568342ns          222889 1c008c88 000b00e7 jalr             x1, x22, 0           x1=1c008c8a x22:1c008b94
13569357ns          222940 1c008b94 000026b7 lui              x13, 0x2000         x13=00002000
13569397ns          222942 1c008b96 f14027f3 csrrs            x15, x0, 0xf14      x15=00000005
13569416ns          222943 1c008b9a f8068693 addi             x13, x13, -128      x13=00001f80 x13:00002000
13569854ns          222965 1c008b9e 00379713 slli             x14, x15, 0x3       x14=00000028 x15:00000005
13569874ns          222966 1c008ba2 00279793 slli             x15, x15, 0x2       x15=00000014 x15:00000005
13569894ns          222967 1c008ba4 00d7f7b3 and              x15, x15, x13       x15=00000000 x15:00000014 x13:00001f80
13569914ns          222968 1c008ba6 ee873733 p.bclr           x14, x14, 23, 8     x14=00000028 x14:00000028
13569934ns          222969 1c008baa 1a10f6b7 lui              x13, 0x1a10f000     x13=1a10f000
13570391ns          222992 1c008bae 0ff57513 andi             x10, x10, 255       x10=00000045 x10:00000045
13570411ns          222993 1c008bb2 00d70733 add              x14, x14, x13       x14=1a10f028 x14:00000028 x13:1a10f000
13570431ns          222994 1c008bb4 00a7e723 p.sw             x10, x0(x15)        x10:00000045 x15:00000000  PA:1a10f028
13571007ns          223023 1c008bb8 00000513 addi             x10, x0, 0          x10=00000000
13571027ns          223024 1c008bba 00008067 jalr             x0, x1, 0            x1:1c008c8a
13571087ns          223027 1c008c8a 31f52563 p.beqimm         x10, 778            x10:00000000
13571107ns          223028 1c008c8e 001d8d93 addi             x27, x27, 1         x27=00000001 x27:00000000
13571127ns          223029 1c008c90 00044503 lbu              x10, 0(x8)          x10=0000006e  x8:1c00051d  PA:1c00051d
13571445ns          223045 1c008c94 00140413 addi             x8, x8, 1            x8=1c00051e  x8:1c00051d
13571465ns          223046 1c008c96 fe0514e3 bne              x10, x0, -24        x10:0000006e
13571564ns          223051 1c008c7e 02500793 addi             x15, x0, 37         x15=00000025
13571584ns          223052 1c008c82 04f50863 beq              x10, x15, 80        x10:0000006e x15:00000025
13571604ns          223053 1c008c86 01a005b3 add              x11, x0, x26        x11=00000002 x26:00000002
13571624ns          223054 1c008c88 000b00e7 jalr             x1, x22, 0           x1=1c008c8a x22:1c008b94
13571664ns          223056 1c008b94 000026b7 lui              x13, 0x2000         x13=00002000
13571684ns          223057 1c008b96 f14027f3 csrrs            x15, x0, 0xf14      x15=00000005
13571704ns          223058 1c008b9a f8068693 addi             x13, x13, -128      x13=00001f80 x13:00002000
13571763ns          223061 1c008b9e 00379713 slli             x14, x15, 0x3       x14=00000028 x15:00000005
13571783ns          223062 1c008ba2 00279793 slli             x15, x15, 0x2       x15=00000014 x15:00000005
13571803ns          223063 1c008ba4 00d7f7b3 and              x15, x15, x13       x15=00000000 x15:00000014 x13:00001f80
13571823ns          223064 1c008ba6 ee873733 p.bclr           x14, x14, 23, 8     x14=00000028 x14:00000028
13571843ns          223065 1c008baa 1a10f6b7 lui              x13, 0x1a10f000     x13=1a10f000
13571863ns          223066 1c008bae 0ff57513 andi             x10, x10, 255       x10=0000006e x10:0000006e
13571883ns          223067 1c008bb2 00d70733 add              x14, x14, x13       x14=1a10f028 x14:00000028 x13:1a10f000
13571902ns          223068 1c008bb4 00a7e723 p.sw             x10, x0(x15)        x10:0000006e x15:00000000  PA:1a10f028
13572479ns          223097 1c008bb8 00000513 addi             x10, x0, 0          x10=00000000
13572499ns          223098 1c008bba 00008067 jalr             x0, x1, 0            x1:1c008c8a
13572559ns          223101 1c008c8a 31f52563 p.beqimm         x10, 778            x10:00000000
13572579ns          223102 1c008c8e 001d8d93 addi             x27, x27, 1         x27=00000002 x27:00000001
13572599ns          223103 1c008c90 00044503 lbu              x10, 0(x8)          x10=00000074  x8:1c00051e  PA:1c00051e
13572897ns          223118 1c008c94 00140413 addi             x8, x8, 1            x8=1c00051f  x8:1c00051e
13572917ns          223119 1c008c96 fe0514e3 bne              x10, x0, -24        x10:00000074
13572996ns          223123 1c008c7e 02500793 addi             x15, x0, 37         x15=00000025
13573016ns          223124 1c008c82 04f50863 beq              x10, x15, 80        x10:00000074 x15:00000025
13573036ns          223125 1c008c86 01a005b3 add              x11, x0, x26        x11=00000002 x26:00000002
13573056ns          223126 1c008c88 000b00e7 jalr             x1, x22, 0           x1=1c008c8a x22:1c008b94
13573096ns          223128 1c008b94 000026b7 lui              x13, 0x2000         x13=00002000
13573116ns          223129 1c008b96 f14027f3 csrrs            x15, x0, 0xf14      x15=00000005
13573135ns          223130 1c008b9a f8068693 addi             x13, x13, -128      x13=00001f80 x13:00002000
13573155ns          223131 1c008b9e 00379713 slli             x14, x15, 0x3       x14=00000028 x15:00000005
13573175ns          223132 1c008ba2 00279793 slli             x15, x15, 0x2       x15=00000014 x15:00000005
13573195ns          223133 1c008ba4 00d7f7b3 and              x15, x15, x13       x15=00000000 x15:00000014 x13:00001f80
13573215ns          223134 1c008ba6 ee873733 p.bclr           x14, x14, 23, 8     x14=00000028 x14:00000028
13573235ns          223135 1c008baa 1a10f6b7 lui              x13, 0x1a10f000     x13=1a10f000
13573255ns          223136 1c008bae 0ff57513 andi             x10, x10, 255       x10=00000074 x10:00000074
13573275ns          223137 1c008bb2 00d70733 add              x14, x14, x13       x14=1a10f028 x14:00000028 x13:1a10f000
13573295ns          223138 1c008bb4 00a7e723 p.sw             x10, x0(x15)        x10:00000074 x15:00000000  PA:1a10f028
13573653ns          223156 1c008bb8 00000513 addi             x10, x0, 0          x10=00000000
13573672ns          223157 1c008bba 00008067 jalr             x0, x1, 0            x1:1c008c8a
13573732ns          223160 1c008c8a 31f52563 p.beqimm         x10, 778            x10:00000000
13573752ns          223161 1c008c8e 001d8d93 addi             x27, x27, 1         x27=00000003 x27:00000002
13573772ns          223162 1c008c90 00044503 lbu              x10, 0(x8)          x10=00000065  x8:1c00051f  PA:1c00051f
13574090ns          223178 1c008c94 00140413 addi             x8, x8, 1            x8=1c000520  x8:1c00051f
13574110ns          223179 1c008c96 fe0514e3 bne              x10, x0, -24        x10:00000065
13574190ns          223183 1c008c7e 02500793 addi             x15, x0, 37         x15=00000025
13574209ns          223184 1c008c82 04f50863 beq              x10, x15, 80        x10:00000065 x15:00000025
13574229ns          223185 1c008c86 01a005b3 add              x11, x0, x26        x11=00000002 x26:00000002
13574249ns          223186 1c008c88 000b00e7 jalr             x1, x22, 0           x1=1c008c8a x22:1c008b94
13574289ns          223188 1c008b94 000026b7 lui              x13, 0x2000         x13=00002000
13574309ns          223189 1c008b96 f14027f3 csrrs            x15, x0, 0xf14      x15=00000005
13574329ns          223190 1c008b9a f8068693 addi             x13, x13, -128      x13=00001f80 x13:00002000
13574349ns          223191 1c008b9e 00379713 slli             x14, x15, 0x3       x14=00000028 x15:00000005
13574369ns          223192 1c008ba2 00279793 slli             x15, x15, 0x2       x15=00000014 x15:00000005
13574388ns          223193 1c008ba4 00d7f7b3 and              x15, x15, x13       x15=00000000 x15:00000014 x13:00001f80
13574408ns          223194 1c008ba6 ee873733 p.bclr           x14, x14, 23, 8     x14=00000028 x14:00000028
13574428ns          223195 1c008baa 1a10f6b7 lui              x13, 0x1a10f000     x13=1a10f000
13574448ns          223196 1c008bae 0ff57513 andi             x10, x10, 255       x10=00000065 x10:00000065
13574468ns          223197 1c008bb2 00d70733 add              x14, x14, x13       x14=1a10f028 x14:00000028 x13:1a10f000
13574488ns          223198 1c008bb4 00a7e723 p.sw             x10, x0(x15)        x10:00000065 x15:00000000  PA:1a10f028
13574806ns          223214 1c008bb8 00000513 addi             x10, x0, 0          x10=00000000
13574826ns          223215 1c008bba 00008067 jalr             x0, x1, 0            x1:1c008c8a
13574886ns          223218 1c008c8a 31f52563 p.beqimm         x10, 778            x10:00000000
13574906ns          223219 1c008c8e 001d8d93 addi             x27, x27, 1         x27=00000004 x27:00000003
13574925ns          223220 1c008c90 00044503 lbu              x10, 0(x8)          x10=00000072  x8:1c000520  PA:1c000520
13575224ns          223235 1c008c94 00140413 addi             x8, x8, 1            x8=1c000521  x8:1c000520
13575244ns          223236 1c008c96 fe0514e3 bne              x10, x0, -24        x10:00000072
13575323ns          223240 1c008c7e 02500793 addi             x15, x0, 37         x15=00000025
13575343ns          223241 1c008c82 04f50863 beq              x10, x15, 80        x10:00000072 x15:00000025
13575363ns          223242 1c008c86 01a005b3 add              x11, x0, x26        x11=00000002 x26:00000002
13575383ns          223243 1c008c88 000b00e7 jalr             x1, x22, 0           x1=1c008c8a x22:1c008b94
13575423ns          223245 1c008b94 000026b7 lui              x13, 0x2000         x13=00002000
13575442ns          223246 1c008b96 f14027f3 csrrs            x15, x0, 0xf14      x15=00000005
13575462ns          223247 1c008b9a f8068693 addi             x13, x13, -128      x13=00001f80 x13:00002000
13575482ns          223248 1c008b9e 00379713 slli             x14, x15, 0x3       x14=00000028 x15:00000005
13575502ns          223249 1c008ba2 00279793 slli             x15, x15, 0x2       x15=00000014 x15:00000005
13575522ns          223250 1c008ba4 00d7f7b3 and              x15, x15, x13       x15=00000000 x15:00000014 x13:00001f80
13575542ns          223251 1c008ba6 ee873733 p.bclr           x14, x14, 23, 8     x14=00000028 x14:00000028
13575562ns          223252 1c008baa 1a10f6b7 lui              x13, 0x1a10f000     x13=1a10f000
13575582ns          223253 1c008bae 0ff57513 andi             x10, x10, 255       x10=00000072 x10:00000072
13575602ns          223254 1c008bb2 00d70733 add              x14, x14, x13       x14=1a10f028 x14:00000028 x13:1a10f000
13575621ns          223255 1c008bb4 00a7e723 p.sw             x10, x0(x15)        x10:00000072 x15:00000000  PA:1a10f028
13575960ns          223272 1c008bb8 00000513 addi             x10, x0, 0          x10=00000000
13575979ns          223273 1c008bba 00008067 jalr             x0, x1, 0            x1:1c008c8a
13576039ns          223276 1c008c8a 31f52563 p.beqimm         x10, 778            x10:00000000
13576059ns          223277 1c008c8e 001d8d93 addi             x27, x27, 1         x27=00000005 x27:00000004
13576079ns          223278 1c008c90 00044503 lbu              x10, 0(x8)          x10=00000065  x8:1c000521  PA:1c000521
13576377ns          223293 1c008c94 00140413 addi             x8, x8, 1            x8=1c000522  x8:1c000521
13576397ns          223294 1c008c96 fe0514e3 bne              x10, x0, -24        x10:00000065
13576477ns          223298 1c008c7e 02500793 addi             x15, x0, 37         x15=00000025
13576497ns          223299 1c008c82 04f50863 beq              x10, x15, 80        x10:00000065 x15:00000025
13576516ns          223300 1c008c86 01a005b3 add              x11, x0, x26        x11=00000002 x26:00000002
13576536ns          223301 1c008c88 000b00e7 jalr             x1, x22, 0           x1=1c008c8a x22:1c008b94
13576576ns          223303 1c008b94 000026b7 lui              x13, 0x2000         x13=00002000
13576596ns          223304 1c008b96 f14027f3 csrrs            x15, x0, 0xf14      x15=00000005
13576616ns          223305 1c008b9a f8068693 addi             x13, x13, -128      x13=00001f80 x13:00002000
13576636ns          223306 1c008b9e 00379713 slli             x14, x15, 0x3       x14=00000028 x15:00000005
13576656ns          223307 1c008ba2 00279793 slli             x15, x15, 0x2       x15=00000014 x15:00000005
13576676ns          223308 1c008ba4 00d7f7b3 and              x15, x15, x13       x15=00000000 x15:00000014 x13:00001f80
13576695ns          223309 1c008ba6 ee873733 p.bclr           x14, x14, 23, 8     x14=00000028 x14:00000028
13576715ns          223310 1c008baa 1a10f6b7 lui              x13, 0x1a10f000     x13=1a10f000
13576735ns          223311 1c008bae 0ff57513 andi             x10, x10, 255       x10=00000065 x10:00000065
13576755ns          223312 1c008bb2 00d70733 add              x14, x14, x13       x14=1a10f028 x14:00000028 x13:1a10f000
13576775ns          223313 1c008bb4 00a7e723 p.sw             x10, x0(x15)        x10:00000065 x15:00000000  PA:1a10f028
13577113ns          223330 1c008bb8 00000513 addi             x10, x0, 0          x10=00000000
13577133ns          223331 1c008bba 00008067 jalr             x0, x1, 0            x1:1c008c8a
13577193ns          223334 1c008c8a 31f52563 p.beqimm         x10, 778            x10:00000000
13577213ns          223335 1c008c8e 001d8d93 addi             x27, x27, 1         x27=00000006 x27:00000005
13577232ns          223336 1c008c90 00044503 lbu              x10, 0(x8)          x10=00000064  x8:1c000522  PA:1c000522
13577551ns          223352 1c008c94 00140413 addi             x8, x8, 1            x8=1c000523  x8:1c000522
13577571ns          223353 1c008c96 fe0514e3 bne              x10, x0, -24        x10:00000064
13577650ns          223357 1c008c7e 02500793 addi             x15, x0, 37         x15=00000025
13577670ns          223358 1c008c82 04f50863 beq              x10, x15, 80        x10:00000064 x15:00000025
13577690ns          223359 1c008c86 01a005b3 add              x11, x0, x26        x11=00000002 x26:00000002
13577710ns          223360 1c008c88 000b00e7 jalr             x1, x22, 0           x1=1c008c8a x22:1c008b94
13577750ns          223362 1c008b94 000026b7 lui              x13, 0x2000         x13=00002000
13577769ns          223363 1c008b96 f14027f3 csrrs            x15, x0, 0xf14      x15=00000005
13577789ns          223364 1c008b9a f8068693 addi             x13, x13, -128      x13=00001f80 x13:00002000
13577809ns          223365 1c008b9e 00379713 slli             x14, x15, 0x3       x14=00000028 x15:00000005
13577829ns          223366 1c008ba2 00279793 slli             x15, x15, 0x2       x15=00000014 x15:00000005
13577849ns          223367 1c008ba4 00d7f7b3 and              x15, x15, x13       x15=00000000 x15:00000014 x13:00001f80
13577869ns          223368 1c008ba6 ee873733 p.bclr           x14, x14, 23, 8     x14=00000028 x14:00000028
13577889ns          223369 1c008baa 1a10f6b7 lui              x13, 0x1a10f000     x13=1a10f000
13577909ns          223370 1c008bae 0ff57513 andi             x10, x10, 255       x10=00000064 x10:00000064
13577928ns          223371 1c008bb2 00d70733 add              x14, x14, x13       x14=1a10f028 x14:00000028 x13:1a10f000
13577948ns          223372 1c008bb4 00a7e723 p.sw             x10, x0(x15)        x10:00000064 x15:00000000  PA:1a10f028
13578267ns          223388 1c008bb8 00000513 addi             x10, x0, 0          x10=00000000
13578286ns          223389 1c008bba 00008067 jalr             x0, x1, 0            x1:1c008c8a
13578346ns          223392 1c008c8a 31f52563 p.beqimm         x10, 778            x10:00000000
13578366ns          223393 1c008c8e 001d8d93 addi             x27, x27, 1         x27=00000007 x27:00000006
13578386ns          223394 1c008c90 00044503 lbu              x10, 0(x8)          x10=00000020  x8:1c000523  PA:1c000523
13578684ns          223409 1c008c94 00140413 addi             x8, x8, 1            x8=1c000524  x8:1c000523
13578704ns          223410 1c008c96 fe0514e3 bne              x10, x0, -24        x10:00000020
13578784ns          223414 1c008c7e 02500793 addi             x15, x0, 37         x15=00000025
13578804ns          223415 1c008c82 04f50863 beq              x10, x15, 80        x10:00000020 x15:00000025
13578823ns          223416 1c008c86 01a005b3 add              x11, x0, x26        x11=00000002 x26:00000002
13578843ns          223417 1c008c88 000b00e7 jalr             x1, x22, 0           x1=1c008c8a x22:1c008b94
13578883ns          223419 1c008b94 000026b7 lui              x13, 0x2000         x13=00002000
13578903ns          223420 1c008b96 f14027f3 csrrs            x15, x0, 0xf14      x15=00000005
13578923ns          223421 1c008b9a f8068693 addi             x13, x13, -128      x13=00001f80 x13:00002000
13578943ns          223422 1c008b9e 00379713 slli             x14, x15, 0x3       x14=00000028 x15:00000005
13578963ns          223423 1c008ba2 00279793 slli             x15, x15, 0x2       x15=00000014 x15:00000005
13578983ns          223424 1c008ba4 00d7f7b3 and              x15, x15, x13       x15=00000000 x15:00000014 x13:00001f80
13579002ns          223425 1c008ba6 ee873733 p.bclr           x14, x14, 23, 8     x14=00000028 x14:00000028
13579022ns          223426 1c008baa 1a10f6b7 lui              x13, 0x1a10f000     x13=1a10f000
13579042ns          223427 1c008bae 0ff57513 andi             x10, x10, 255       x10=00000020 x10:00000020
13579062ns          223428 1c008bb2 00d70733 add              x14, x14, x13       x14=1a10f028 x14:00000028 x13:1a10f000
13579082ns          223429 1c008bb4 00a7e723 p.sw             x10, x0(x15)        x10:00000020 x15:00000000  PA:1a10f028
13579420ns          223446 1c008bb8 00000513 addi             x10, x0, 0          x10=00000000
13579440ns          223447 1c008bba 00008067 jalr             x0, x1, 0            x1:1c008c8a
13579500ns          223450 1c008c8a 31f52563 p.beqimm         x10, 778            x10:00000000
13579520ns          223451 1c008c8e 001d8d93 addi             x27, x27, 1         x27=00000008 x27:00000007
13579539ns          223452 1c008c90 00044503 lbu              x10, 0(x8)          x10=00000063  x8:1c000524  PA:1c000524
13579838ns          223467 1c008c94 00140413 addi             x8, x8, 1            x8=1c000525  x8:1c000524
13579858ns          223468 1c008c96 fe0514e3 bne              x10, x0, -24        x10:00000063
13579937ns          223472 1c008c7e 02500793 addi             x15, x0, 37         x15=00000025
13579957ns          223473 1c008c82 04f50863 beq              x10, x15, 80        x10:00000063 x15:00000025
13579977ns          223474 1c008c86 01a005b3 add              x11, x0, x26        x11=00000002 x26:00000002
13579997ns          223475 1c008c88 000b00e7 jalr             x1, x22, 0           x1=1c008c8a x22:1c008b94
13580037ns          223477 1c008b94 000026b7 lui              x13, 0x2000         x13=00002000
13580057ns          223478 1c008b96 f14027f3 csrrs            x15, x0, 0xf14      x15=00000005
13580076ns          223479 1c008b9a f8068693 addi             x13, x13, -128      x13=00001f80 x13:00002000
13580096ns          223480 1c008b9e 00379713 slli             x14, x15, 0x3       x14=00000028 x15:00000005
13580116ns          223481 1c008ba2 00279793 slli             x15, x15, 0x2       x15=00000014 x15:00000005
13580136ns          223482 1c008ba4 00d7f7b3 and              x15, x15, x13       x15=00000000 x15:00000014 x13:00001f80
13580156ns          223483 1c008ba6 ee873733 p.bclr           x14, x14, 23, 8     x14=00000028 x14:00000028
13580176ns          223484 1c008baa 1a10f6b7 lui              x13, 0x1a10f000     x13=1a10f000
13580196ns          223485 1c008bae 0ff57513 andi             x10, x10, 255       x10=00000063 x10:00000063
13580216ns          223486 1c008bb2 00d70733 add              x14, x14, x13       x14=1a10f028 x14:00000028 x13:1a10f000
13580236ns          223487 1c008bb4 00a7e723 p.sw             x10, x0(x15)        x10:00000063 x15:00000000  PA:1a10f028
13580574ns          223504 1c008bb8 00000513 addi             x10, x0, 0          x10=00000000
13580593ns          223505 1c008bba 00008067 jalr             x0, x1, 0            x1:1c008c8a
13580653ns          223508 1c008c8a 31f52563 p.beqimm         x10, 778            x10:00000000
13580673ns          223509 1c008c8e 001d8d93 addi             x27, x27, 1         x27=00000009 x27:00000008
13580693ns          223510 1c008c90 00044503 lbu              x10, 0(x8)          x10=0000006c  x8:1c000525  PA:1c000525
13580991ns          223525 1c008c94 00140413 addi             x8, x8, 1            x8=1c000526  x8:1c000525
13581011ns          223526 1c008c96 fe0514e3 bne              x10, x0, -24        x10:0000006c
13581091ns          223530 1c008c7e 02500793 addi             x15, x0, 37         x15=00000025
13581111ns          223531 1c008c82 04f50863 beq              x10, x15, 80        x10:0000006c x15:00000025
13581130ns          223532 1c008c86 01a005b3 add              x11, x0, x26        x11=00000002 x26:00000002
13581150ns          223533 1c008c88 000b00e7 jalr             x1, x22, 0           x1=1c008c8a x22:1c008b94
13581190ns          223535 1c008b94 000026b7 lui              x13, 0x2000         x13=00002000
13581210ns          223536 1c008b96 f14027f3 csrrs            x15, x0, 0xf14      x15=00000005
13581230ns          223537 1c008b9a f8068693 addi             x13, x13, -128      x13=00001f80 x13:00002000
13581250ns          223538 1c008b9e 00379713 slli             x14, x15, 0x3       x14=00000028 x15:00000005
13581270ns          223539 1c008ba2 00279793 slli             x15, x15, 0x2       x15=00000014 x15:00000005
13581290ns          223540 1c008ba4 00d7f7b3 and              x15, x15, x13       x15=00000000 x15:00000014 x13:00001f80
13581309ns          223541 1c008ba6 ee873733 p.bclr           x14, x14, 23, 8     x14=00000028 x14:00000028
13581329ns          223542 1c008baa 1a10f6b7 lui              x13, 0x1a10f000     x13=1a10f000
13581349ns          223543 1c008bae 0ff57513 andi             x10, x10, 255       x10=0000006c x10:0000006c
13581369ns          223544 1c008bb2 00d70733 add              x14, x14, x13       x14=1a10f028 x14:00000028 x13:1a10f000
13581389ns          223545 1c008bb4 00a7e723 p.sw             x10, x0(x15)        x10:0000006c x15:00000000  PA:1a10f028
13581727ns          223562 1c008bb8 00000513 addi             x10, x0, 0          x10=00000000
13581747ns          223563 1c008bba 00008067 jalr             x0, x1, 0            x1:1c008c8a
13581807ns          223566 1c008c8a 31f52563 p.beqimm         x10, 778            x10:00000000
13581827ns          223567 1c008c8e 001d8d93 addi             x27, x27, 1         x27=0000000a x27:00000009
13581846ns          223568 1c008c90 00044503 lbu              x10, 0(x8)          x10=00000075  x8:1c000526  PA:1c000526
13582145ns          223583 1c008c94 00140413 addi             x8, x8, 1            x8=1c000527  x8:1c000526
13582165ns          223584 1c008c96 fe0514e3 bne              x10, x0, -24        x10:00000075
13582244ns          223588 1c008c7e 02500793 addi             x15, x0, 37         x15=00000025
13582264ns          223589 1c008c82 04f50863 beq              x10, x15, 80        x10:00000075 x15:00000025
13582284ns          223590 1c008c86 01a005b3 add              x11, x0, x26        x11=00000002 x26:00000002
13582304ns          223591 1c008c88 000b00e7 jalr             x1, x22, 0           x1=1c008c8a x22:1c008b94
13582344ns          223593 1c008b94 000026b7 lui              x13, 0x2000         x13=00002000
13582364ns          223594 1c008b96 f14027f3 csrrs            x15, x0, 0xf14      x15=00000005
13582383ns          223595 1c008b9a f8068693 addi             x13, x13, -128      x13=00001f80 x13:00002000
13582403ns          223596 1c008b9e 00379713 slli             x14, x15, 0x3       x14=00000028 x15:00000005
13582423ns          223597 1c008ba2 00279793 slli             x15, x15, 0x2       x15=00000014 x15:00000005
13582443ns          223598 1c008ba4 00d7f7b3 and              x15, x15, x13       x15=00000000 x15:00000014 x13:00001f80
13582463ns          223599 1c008ba6 ee873733 p.bclr           x14, x14, 23, 8     x14=00000028 x14:00000028
13582483ns          223600 1c008baa 1a10f6b7 lui              x13, 0x1a10f000     x13=1a10f000
13582503ns          223601 1c008bae 0ff57513 andi             x10, x10, 255       x10=00000075 x10:00000075
13582523ns          223602 1c008bb2 00d70733 add              x14, x14, x13       x14=1a10f028 x14:00000028 x13:1a10f000
13582543ns          223603 1c008bb4 00a7e723 p.sw             x10, x0(x15)        x10:00000075 x15:00000000  PA:1a10f028
13582881ns          223620 1c008bb8 00000513 addi             x10, x0, 0          x10=00000000
13582900ns          223621 1c008bba 00008067 jalr             x0, x1, 0            x1:1c008c8a
13582960ns          223624 1c008c8a 31f52563 p.beqimm         x10, 778            x10:00000000
13582980ns          223625 1c008c8e 001d8d93 addi             x27, x27, 1         x27=0000000b x27:0000000a
13583000ns          223626 1c008c90 00044503 lbu              x10, 0(x8)          x10=00000073  x8:1c000527  PA:1c000527
13583318ns          223642 1c008c94 00140413 addi             x8, x8, 1            x8=1c000528  x8:1c000527
13583338ns          223643 1c008c96 fe0514e3 bne              x10, x0, -24        x10:00000073
13583418ns          223647 1c008c7e 02500793 addi             x15, x0, 37         x15=00000025
13583437ns          223648 1c008c82 04f50863 beq              x10, x15, 80        x10:00000073 x15:00000025
13583457ns          223649 1c008c86 01a005b3 add              x11, x0, x26        x11=00000002 x26:00000002
13583477ns          223650 1c008c88 000b00e7 jalr             x1, x22, 0           x1=1c008c8a x22:1c008b94
13583517ns          223652 1c008b94 000026b7 lui              x13, 0x2000         x13=00002000
13583537ns          223653 1c008b96 f14027f3 csrrs            x15, x0, 0xf14      x15=00000005
13583557ns          223654 1c008b9a f8068693 addi             x13, x13, -128      x13=00001f80 x13:00002000
13583577ns          223655 1c008b9e 00379713 slli             x14, x15, 0x3       x14=00000028 x15:00000005
13583597ns          223656 1c008ba2 00279793 slli             x15, x15, 0x2       x15=00000014 x15:00000005
13583616ns          223657 1c008ba4 00d7f7b3 and              x15, x15, x13       x15=00000000 x15:00000014 x13:00001f80
13583636ns          223658 1c008ba6 ee873733 p.bclr           x14, x14, 23, 8     x14=00000028 x14:00000028
13583656ns          223659 1c008baa 1a10f6b7 lui              x13, 0x1a10f000     x13=1a10f000
13583676ns          223660 1c008bae 0ff57513 andi             x10, x10, 255       x10=00000073 x10:00000073
13583696ns          223661 1c008bb2 00d70733 add              x14, x14, x13       x14=1a10f028 x14:00000028 x13:1a10f000
13583716ns          223662 1c008bb4 00a7e723 p.sw             x10, x0(x15)        x10:00000073 x15:00000000  PA:1a10f028
13584034ns          223678 1c008bb8 00000513 addi             x10, x0, 0          x10=00000000
13584054ns          223679 1c008bba 00008067 jalr             x0, x1, 0            x1:1c008c8a
13584114ns          223682 1c008c8a 31f52563 p.beqimm         x10, 778            x10:00000000
13584134ns          223683 1c008c8e 001d8d93 addi             x27, x27, 1         x27=0000000c x27:0000000b
13584153ns          223684 1c008c90 00044503 lbu              x10, 0(x8)          x10=00000074  x8:1c000528  PA:1c000528
13584452ns          223699 1c008c94 00140413 addi             x8, x8, 1            x8=1c000529  x8:1c000528
13584472ns          223700 1c008c96 fe0514e3 bne              x10, x0, -24        x10:00000074
13584551ns          223704 1c008c7e 02500793 addi             x15, x0, 37         x15=00000025
13584571ns          223705 1c008c82 04f50863 beq              x10, x15, 80        x10:00000074 x15:00000025
13584591ns          223706 1c008c86 01a005b3 add              x11, x0, x26        x11=00000002 x26:00000002
13584611ns          223707 1c008c88 000b00e7 jalr             x1, x22, 0           x1=1c008c8a x22:1c008b94
13584651ns          223709 1c008b94 000026b7 lui              x13, 0x2000         x13=00002000
13584671ns          223710 1c008b96 f14027f3 csrrs            x15, x0, 0xf14      x15=00000005
13584690ns          223711 1c008b9a f8068693 addi             x13, x13, -128      x13=00001f80 x13:00002000
13584710ns          223712 1c008b9e 00379713 slli             x14, x15, 0x3       x14=00000028 x15:00000005
13584730ns          223713 1c008ba2 00279793 slli             x15, x15, 0x2       x15=00000014 x15:00000005
13584750ns          223714 1c008ba4 00d7f7b3 and              x15, x15, x13       x15=00000000 x15:00000014 x13:00001f80
13584770ns          223715 1c008ba6 ee873733 p.bclr           x14, x14, 23, 8     x14=00000028 x14:00000028
13584790ns          223716 1c008baa 1a10f6b7 lui              x13, 0x1a10f000     x13=1a10f000
13584810ns          223717 1c008bae 0ff57513 andi             x10, x10, 255       x10=00000074 x10:00000074
13584830ns          223718 1c008bb2 00d70733 add              x14, x14, x13       x14=1a10f028 x14:00000028 x13:1a10f000
13584850ns          223719 1c008bb4 00a7e723 p.sw             x10, x0(x15)        x10:00000074 x15:00000000  PA:1a10f028
13585188ns          223736 1c008bb8 00000513 addi             x10, x0, 0          x10=00000000
13585208ns          223737 1c008bba 00008067 jalr             x0, x1, 0            x1:1c008c8a
13585267ns          223740 1c008c8a 31f52563 p.beqimm         x10, 778            x10:00000000
13585287ns          223741 1c008c8e 001d8d93 addi             x27, x27, 1         x27=0000000d x27:0000000c
13585307ns          223742 1c008c90 00044503 lbu              x10, 0(x8)          x10=00000065  x8:1c000529  PA:1c000529
13585605ns          223757 1c008c94 00140413 addi             x8, x8, 1            x8=1c00052a  x8:1c000529
13585625ns          223758 1c008c96 fe0514e3 bne              x10, x0, -24        x10:00000065
13585705ns          223762 1c008c7e 02500793 addi             x15, x0, 37         x15=00000025
13585725ns          223763 1c008c82 04f50863 beq              x10, x15, 80        x10:00000065 x15:00000025
13585744ns          223764 1c008c86 01a005b3 add              x11, x0, x26        x11=00000002 x26:00000002
13585764ns          223765 1c008c88 000b00e7 jalr             x1, x22, 0           x1=1c008c8a x22:1c008b94
13585804ns          223767 1c008b94 000026b7 lui              x13, 0x2000         x13=00002000
13585824ns          223768 1c008b96 f14027f3 csrrs            x15, x0, 0xf14      x15=00000005
13585844ns          223769 1c008b9a f8068693 addi             x13, x13, -128      x13=00001f80 x13:00002000
13585864ns          223770 1c008b9e 00379713 slli             x14, x15, 0x3       x14=00000028 x15:00000005
13585884ns          223771 1c008ba2 00279793 slli             x15, x15, 0x2       x15=00000014 x15:00000005
13585904ns          223772 1c008ba4 00d7f7b3 and              x15, x15, x13       x15=00000000 x15:00000014 x13:00001f80
13585923ns          223773 1c008ba6 ee873733 p.bclr           x14, x14, 23, 8     x14=00000028 x14:00000028
13585943ns          223774 1c008baa 1a10f6b7 lui              x13, 0x1a10f000     x13=1a10f000
13585963ns          223775 1c008bae 0ff57513 andi             x10, x10, 255       x10=00000065 x10:00000065
13585983ns          223776 1c008bb2 00d70733 add              x14, x14, x13       x14=1a10f028 x14:00000028 x13:1a10f000
13586003ns          223777 1c008bb4 00a7e723 p.sw             x10, x0(x15)        x10:00000065 x15:00000000  PA:1a10f028
13586341ns          223794 1c008bb8 00000513 addi             x10, x0, 0          x10=00000000
13586361ns          223795 1c008bba 00008067 jalr             x0, x1, 0            x1:1c008c8a
13586421ns          223798 1c008c8a 31f52563 p.beqimm         x10, 778            x10:00000000
13586441ns          223799 1c008c8e 001d8d93 addi             x27, x27, 1         x27=0000000e x27:0000000d
13586460ns          223800 1c008c90 00044503 lbu              x10, 0(x8)          x10=00000072  x8:1c00052a  PA:1c00052a
13586779ns          223816 1c008c94 00140413 addi             x8, x8, 1            x8=1c00052b  x8:1c00052a
13586799ns          223817 1c008c96 fe0514e3 bne              x10, x0, -24        x10:00000072
13586878ns          223821 1c008c7e 02500793 addi             x15, x0, 37         x15=00000025
13586898ns          223822 1c008c82 04f50863 beq              x10, x15, 80        x10:00000072 x15:00000025
13586918ns          223823 1c008c86 01a005b3 add              x11, x0, x26        x11=00000002 x26:00000002
13586938ns          223824 1c008c88 000b00e7 jalr             x1, x22, 0           x1=1c008c8a x22:1c008b94
13586978ns          223826 1c008b94 000026b7 lui              x13, 0x2000         x13=00002000
13586997ns          223827 1c008b96 f14027f3 csrrs            x15, x0, 0xf14      x15=00000005
13587017ns          223828 1c008b9a f8068693 addi             x13, x13, -128      x13=00001f80 x13:00002000
13587037ns          223829 1c008b9e 00379713 slli             x14, x15, 0x3       x14=00000028 x15:00000005
13587057ns          223830 1c008ba2 00279793 slli             x15, x15, 0x2       x15=00000014 x15:00000005
13587077ns          223831 1c008ba4 00d7f7b3 and              x15, x15, x13       x15=00000000 x15:00000014 x13:00001f80
13587097ns          223832 1c008ba6 ee873733 p.bclr           x14, x14, 23, 8     x14=00000028 x14:00000028
13587117ns          223833 1c008baa 1a10f6b7 lui              x13, 0x1a10f000     x13=1a10f000
13587137ns          223834 1c008bae 0ff57513 andi             x10, x10, 255       x10=00000072 x10:00000072
13587157ns          223835 1c008bb2 00d70733 add              x14, x14, x13       x14=1a10f028 x14:00000028 x13:1a10f000
13587176ns          223836 1c008bb4 00a7e723 p.sw             x10, x0(x15)        x10:00000072 x15:00000000  PA:1a10f028
13587495ns          223852 1c008bb8 00000513 addi             x10, x0, 0          x10=00000000
13587515ns          223853 1c008bba 00008067 jalr             x0, x1, 0            x1:1c008c8a
13587574ns          223856 1c008c8a 31f52563 p.beqimm         x10, 778            x10:00000000
13587594ns          223857 1c008c8e 001d8d93 addi             x27, x27, 1         x27=0000000f x27:0000000e
13587614ns          223858 1c008c90 00044503 lbu              x10, 0(x8)          x10=00000020  x8:1c00052b  PA:1c00052b
13587912ns          223873 1c008c94 00140413 addi             x8, x8, 1            x8=1c00052c  x8:1c00052b
13587932ns          223874 1c008c96 fe0514e3 bne              x10, x0, -24        x10:00000020
13588012ns          223878 1c008c7e 02500793 addi             x15, x0, 37         x15=00000025
13588032ns          223879 1c008c82 04f50863 beq              x10, x15, 80        x10:00000020 x15:00000025
13588051ns          223880 1c008c86 01a005b3 add              x11, x0, x26        x11=00000002 x26:00000002
13588071ns          223881 1c008c88 000b00e7 jalr             x1, x22, 0           x1=1c008c8a x22:1c008b94
13588111ns          223883 1c008b94 000026b7 lui              x13, 0x2000         x13=00002000
13588131ns          223884 1c008b96 f14027f3 csrrs            x15, x0, 0xf14      x15=00000005
13588151ns          223885 1c008b9a f8068693 addi             x13, x13, -128      x13=00001f80 x13:00002000
13588171ns          223886 1c008b9e 00379713 slli             x14, x15, 0x3       x14=00000028 x15:00000005
13588191ns          223887 1c008ba2 00279793 slli             x15, x15, 0x2       x15=00000014 x15:00000005
13588211ns          223888 1c008ba4 00d7f7b3 and              x15, x15, x13       x15=00000000 x15:00000014 x13:00001f80
13588230ns          223889 1c008ba6 ee873733 p.bclr           x14, x14, 23, 8     x14=00000028 x14:00000028
13588250ns          223890 1c008baa 1a10f6b7 lui              x13, 0x1a10f000     x13=1a10f000
13588270ns          223891 1c008bae 0ff57513 andi             x10, x10, 255       x10=00000020 x10:00000020
13588290ns          223892 1c008bb2 00d70733 add              x14, x14, x13       x14=1a10f028 x14:00000028 x13:1a10f000
13588310ns          223893 1c008bb4 00a7e723 p.sw             x10, x0(x15)        x10:00000020 x15:00000000  PA:1a10f028
13588648ns          223910 1c008bb8 00000513 addi             x10, x0, 0          x10=00000000
13588668ns          223911 1c008bba 00008067 jalr             x0, x1, 0            x1:1c008c8a
13588728ns          223914 1c008c8a 31f52563 p.beqimm         x10, 778            x10:00000000
13588748ns          223915 1c008c8e 001d8d93 addi             x27, x27, 1         x27=00000010 x27:0000000f
13588767ns          223916 1c008c90 00044503 lbu              x10, 0(x8)          x10=0000006f  x8:1c00052c  PA:1c00052c
13589066ns          223931 1c008c94 00140413 addi             x8, x8, 1            x8=1c00052d  x8:1c00052c
13589086ns          223932 1c008c96 fe0514e3 bne              x10, x0, -24        x10:0000006f
13589165ns          223936 1c008c7e 02500793 addi             x15, x0, 37         x15=00000025
13589185ns          223937 1c008c82 04f50863 beq              x10, x15, 80        x10:0000006f x15:00000025
13589205ns          223938 1c008c86 01a005b3 add              x11, x0, x26        x11=00000002 x26:00000002
13589225ns          223939 1c008c88 000b00e7 jalr             x1, x22, 0           x1=1c008c8a x22:1c008b94
13589265ns          223941 1c008b94 000026b7 lui              x13, 0x2000         x13=00002000
13589285ns          223942 1c008b96 f14027f3 csrrs            x15, x0, 0xf14      x15=00000005
13589304ns          223943 1c008b9a f8068693 addi             x13, x13, -128      x13=00001f80 x13:00002000
13589324ns          223944 1c008b9e 00379713 slli             x14, x15, 0x3       x14=00000028 x15:00000005
13589344ns          223945 1c008ba2 00279793 slli             x15, x15, 0x2       x15=00000014 x15:00000005
13589364ns          223946 1c008ba4 00d7f7b3 and              x15, x15, x13       x15=00000000 x15:00000014 x13:00001f80
13589384ns          223947 1c008ba6 ee873733 p.bclr           x14, x14, 23, 8     x14=00000028 x14:00000028
13589404ns          223948 1c008baa 1a10f6b7 lui              x13, 0x1a10f000     x13=1a10f000
13589424ns          223949 1c008bae 0ff57513 andi             x10, x10, 255       x10=0000006f x10:0000006f
13589444ns          223950 1c008bb2 00d70733 add              x14, x14, x13       x14=1a10f028 x14:00000028 x13:1a10f000
13589464ns          223951 1c008bb4 00a7e723 p.sw             x10, x0(x15)        x10:0000006f x15:00000000  PA:1a10f028
13589802ns          223968 1c008bb8 00000513 addi             x10, x0, 0          x10=00000000
13589822ns          223969 1c008bba 00008067 jalr             x0, x1, 0            x1:1c008c8a
13589881ns          223972 1c008c8a 31f52563 p.beqimm         x10, 778            x10:00000000
13589901ns          223973 1c008c8e 001d8d93 addi             x27, x27, 1         x27=00000011 x27:00000010
13589921ns          223974 1c008c90 00044503 lbu              x10, 0(x8)          x10=0000006e  x8:1c00052d  PA:1c00052d
13590219ns          223989 1c008c94 00140413 addi             x8, x8, 1            x8=1c00052e  x8:1c00052d
13590239ns          223990 1c008c96 fe0514e3 bne              x10, x0, -24        x10:0000006e
13590319ns          223994 1c008c7e 02500793 addi             x15, x0, 37         x15=00000025
13590339ns          223995 1c008c82 04f50863 beq              x10, x15, 80        x10:0000006e x15:00000025
13590358ns          223996 1c008c86 01a005b3 add              x11, x0, x26        x11=00000002 x26:00000002
13590378ns          223997 1c008c88 000b00e7 jalr             x1, x22, 0           x1=1c008c8a x22:1c008b94
13590418ns          223999 1c008b94 000026b7 lui              x13, 0x2000         x13=00002000
13590438ns          224000 1c008b96 f14027f3 csrrs            x15, x0, 0xf14      x15=00000005
13590458ns          224001 1c008b9a f8068693 addi             x13, x13, -128      x13=00001f80 x13:00002000
13590478ns          224002 1c008b9e 00379713 slli             x14, x15, 0x3       x14=00000028 x15:00000005
13590498ns          224003 1c008ba2 00279793 slli             x15, x15, 0x2       x15=00000014 x15:00000005
13590518ns          224004 1c008ba4 00d7f7b3 and              x15, x15, x13       x15=00000000 x15:00000014 x13:00001f80
13590537ns          224005 1c008ba6 ee873733 p.bclr           x14, x14, 23, 8     x14=00000028 x14:00000028
13590557ns          224006 1c008baa 1a10f6b7 lui              x13, 0x1a10f000     x13=1a10f000
13590577ns          224007 1c008bae 0ff57513 andi             x10, x10, 255       x10=0000006e x10:0000006e
13590597ns          224008 1c008bb2 00d70733 add              x14, x14, x13       x14=1a10f028 x14:00000028 x13:1a10f000
13590617ns          224009 1c008bb4 00a7e723 p.sw             x10, x0(x15)        x10:0000006e x15:00000000  PA:1a10f028
13590955ns          224026 1c008bb8 00000513 addi             x10, x0, 0          x10=00000000
13590975ns          224027 1c008bba 00008067 jalr             x0, x1, 0            x1:1c008c8a
13591035ns          224030 1c008c8a 31f52563 p.beqimm         x10, 778            x10:00000000
13591055ns          224031 1c008c8e 001d8d93 addi             x27, x27, 1         x27=00000012 x27:00000011
13591074ns          224032 1c008c90 00044503 lbu              x10, 0(x8)          x10=00000020  x8:1c00052e  PA:1c00052e
13591373ns          224047 1c008c94 00140413 addi             x8, x8, 1            x8=1c00052f  x8:1c00052e
13591393ns          224048 1c008c96 fe0514e3 bne              x10, x0, -24        x10:00000020
13591472ns          224052 1c008c7e 02500793 addi             x15, x0, 37         x15=00000025
13591492ns          224053 1c008c82 04f50863 beq              x10, x15, 80        x10:00000020 x15:00000025
13591512ns          224054 1c008c86 01a005b3 add              x11, x0, x26        x11=00000002 x26:00000002
13591532ns          224055 1c008c88 000b00e7 jalr             x1, x22, 0           x1=1c008c8a x22:1c008b94
13591572ns          224057 1c008b94 000026b7 lui              x13, 0x2000         x13=00002000
13591592ns          224058 1c008b96 f14027f3 csrrs            x15, x0, 0xf14      x15=00000005
13591611ns          224059 1c008b9a f8068693 addi             x13, x13, -128      x13=00001f80 x13:00002000
13591631ns          224060 1c008b9e 00379713 slli             x14, x15, 0x3       x14=00000028 x15:00000005
13591651ns          224061 1c008ba2 00279793 slli             x15, x15, 0x2       x15=00000014 x15:00000005
13591671ns          224062 1c008ba4 00d7f7b3 and              x15, x15, x13       x15=00000000 x15:00000014 x13:00001f80
13591691ns          224063 1c008ba6 ee873733 p.bclr           x14, x14, 23, 8     x14=00000028 x14:00000028
13591711ns          224064 1c008baa 1a10f6b7 lui              x13, 0x1a10f000     x13=1a10f000
13591731ns          224065 1c008bae 0ff57513 andi             x10, x10, 255       x10=00000020 x10:00000020
13591751ns          224066 1c008bb2 00d70733 add              x14, x14, x13       x14=1a10f028 x14:00000028 x13:1a10f000
13591771ns          224067 1c008bb4 00a7e723 p.sw             x10, x0(x15)        x10:00000020 x15:00000000  PA:1a10f028
13592109ns          224084 1c008bb8 00000513 addi             x10, x0, 0          x10=00000000
13592129ns          224085 1c008bba 00008067 jalr             x0, x1, 0            x1:1c008c8a
13592188ns          224088 1c008c8a 31f52563 p.beqimm         x10, 778            x10:00000000
13592208ns          224089 1c008c8e 001d8d93 addi             x27, x27, 1         x27=00000013 x27:00000012
13592228ns          224090 1c008c90 00044503 lbu              x10, 0(x8)          x10=00000063  x8:1c00052f  PA:1c00052f
13592546ns          224106 1c008c94 00140413 addi             x8, x8, 1            x8=1c000530  x8:1c00052f
13592566ns          224107 1c008c96 fe0514e3 bne              x10, x0, -24        x10:00000063
13592646ns          224111 1c008c7e 02500793 addi             x15, x0, 37         x15=00000025
13592666ns          224112 1c008c82 04f50863 beq              x10, x15, 80        x10:00000063 x15:00000025
13592685ns          224113 1c008c86 01a005b3 add              x11, x0, x26        x11=00000002 x26:00000002
13592705ns          224114 1c008c88 000b00e7 jalr             x1, x22, 0           x1=1c008c8a x22:1c008b94
13592745ns          224116 1c008b94 000026b7 lui              x13, 0x2000         x13=00002000
13592765ns          224117 1c008b96 f14027f3 csrrs            x15, x0, 0xf14      x15=00000005
13592785ns          224118 1c008b9a f8068693 addi             x13, x13, -128      x13=00001f80 x13:00002000
13592805ns          224119 1c008b9e 00379713 slli             x14, x15, 0x3       x14=00000028 x15:00000005
13592825ns          224120 1c008ba2 00279793 slli             x15, x15, 0x2       x15=00000014 x15:00000005
13592844ns          224121 1c008ba4 00d7f7b3 and              x15, x15, x13       x15=00000000 x15:00000014 x13:00001f80
13592864ns          224122 1c008ba6 ee873733 p.bclr           x14, x14, 23, 8     x14=00000028 x14:00000028
13592884ns          224123 1c008baa 1a10f6b7 lui              x13, 0x1a10f000     x13=1a10f000
13592904ns          224124 1c008bae 0ff57513 andi             x10, x10, 255       x10=00000063 x10:00000063
13592924ns          224125 1c008bb2 00d70733 add              x14, x14, x13       x14=1a10f028 x14:00000028 x13:1a10f000
13592944ns          224126 1c008bb4 00a7e723 p.sw             x10, x0(x15)        x10:00000063 x15:00000000  PA:1a10f028
13593262ns          224142 1c008bb8 00000513 addi             x10, x0, 0          x10=00000000
13593282ns          224143 1c008bba 00008067 jalr             x0, x1, 0            x1:1c008c8a
13593342ns          224146 1c008c8a 31f52563 p.beqimm         x10, 778            x10:00000000
13593362ns          224147 1c008c8e 001d8d93 addi             x27, x27, 1         x27=00000014 x27:00000013
13593381ns          224148 1c008c90 00044503 lbu              x10, 0(x8)          x10=0000006c  x8:1c000530  PA:1c000530
13593680ns          224163 1c008c94 00140413 addi             x8, x8, 1            x8=1c000531  x8:1c000530
13593700ns          224164 1c008c96 fe0514e3 bne              x10, x0, -24        x10:0000006c
13593779ns          224168 1c008c7e 02500793 addi             x15, x0, 37         x15=00000025
13593799ns          224169 1c008c82 04f50863 beq              x10, x15, 80        x10:0000006c x15:00000025
13593819ns          224170 1c008c86 01a005b3 add              x11, x0, x26        x11=00000002 x26:00000002
13593839ns          224171 1c008c88 000b00e7 jalr             x1, x22, 0           x1=1c008c8a x22:1c008b94
13593879ns          224173 1c008b94 000026b7 lui              x13, 0x2000         x13=00002000
13593899ns          224174 1c008b96 f14027f3 csrrs            x15, x0, 0xf14      x15=00000005
13593918ns          224175 1c008b9a f8068693 addi             x13, x13, -128      x13=00001f80 x13:00002000
13593938ns          224176 1c008b9e 00379713 slli             x14, x15, 0x3       x14=00000028 x15:00000005
13593958ns          224177 1c008ba2 00279793 slli             x15, x15, 0x2       x15=00000014 x15:00000005
13593978ns          224178 1c008ba4 00d7f7b3 and              x15, x15, x13       x15=00000000 x15:00000014 x13:00001f80
13593998ns          224179 1c008ba6 ee873733 p.bclr           x14, x14, 23, 8     x14=00000028 x14:00000028
13594018ns          224180 1c008baa 1a10f6b7 lui              x13, 0x1a10f000     x13=1a10f000
13594038ns          224181 1c008bae 0ff57513 andi             x10, x10, 255       x10=0000006c x10:0000006c
13594058ns          224182 1c008bb2 00d70733 add              x14, x14, x13       x14=1a10f028 x14:00000028 x13:1a10f000
13594078ns          224183 1c008bb4 00a7e723 p.sw             x10, x0(x15)        x10:0000006c x15:00000000  PA:1a10f028
13594416ns          224200 1c008bb8 00000513 addi             x10, x0, 0          x10=00000000
13594436ns          224201 1c008bba 00008067 jalr             x0, x1, 0            x1:1c008c8a
13594495ns          224204 1c008c8a 31f52563 p.beqimm         x10, 778            x10:00000000
13594515ns          224205 1c008c8e 001d8d93 addi             x27, x27, 1         x27=00000015 x27:00000014
13594535ns          224206 1c008c90 00044503 lbu              x10, 0(x8)          x10=00000075  x8:1c000531  PA:1c000531
13594833ns          224221 1c008c94 00140413 addi             x8, x8, 1            x8=1c000532  x8:1c000531
13594853ns          224222 1c008c96 fe0514e3 bne              x10, x0, -24        x10:00000075
13594933ns          224226 1c008c7e 02500793 addi             x15, x0, 37         x15=00000025
13594953ns          224227 1c008c82 04f50863 beq              x10, x15, 80        x10:00000075 x15:00000025
13594973ns          224228 1c008c86 01a005b3 add              x11, x0, x26        x11=00000002 x26:00000002
13594992ns          224229 1c008c88 000b00e7 jalr             x1, x22, 0           x1=1c008c8a x22:1c008b94
13595032ns          224231 1c008b94 000026b7 lui              x13, 0x2000         x13=00002000
13595052ns          224232 1c008b96 f14027f3 csrrs            x15, x0, 0xf14      x15=00000005
13595072ns          224233 1c008b9a f8068693 addi             x13, x13, -128      x13=00001f80 x13:00002000
13595092ns          224234 1c008b9e 00379713 slli             x14, x15, 0x3       x14=00000028 x15:00000005
13595112ns          224235 1c008ba2 00279793 slli             x15, x15, 0x2       x15=00000014 x15:00000005
13595132ns          224236 1c008ba4 00d7f7b3 and              x15, x15, x13       x15=00000000 x15:00000014 x13:00001f80
13595152ns          224237 1c008ba6 ee873733 p.bclr           x14, x14, 23, 8     x14=00000028 x14:00000028
13595171ns          224238 1c008baa 1a10f6b7 lui              x13, 0x1a10f000     x13=1a10f000
13595191ns          224239 1c008bae 0ff57513 andi             x10, x10, 255       x10=00000075 x10:00000075
13595211ns          224240 1c008bb2 00d70733 add              x14, x14, x13       x14=1a10f028 x14:00000028 x13:1a10f000
13595231ns          224241 1c008bb4 00a7e723 p.sw             x10, x0(x15)        x10:00000075 x15:00000000  PA:1a10f028
13595569ns          224258 1c008bb8 00000513 addi             x10, x0, 0          x10=00000000
13595589ns          224259 1c008bba 00008067 jalr             x0, x1, 0            x1:1c008c8a
13595649ns          224262 1c008c8a 31f52563 p.beqimm         x10, 778            x10:00000000
13595669ns          224263 1c008c8e 001d8d93 addi             x27, x27, 1         x27=00000016 x27:00000015
13595688ns          224264 1c008c90 00044503 lbu              x10, 0(x8)          x10=00000073  x8:1c000532  PA:1c000532
13595987ns          224279 1c008c94 00140413 addi             x8, x8, 1            x8=1c000533  x8:1c000532
13596007ns          224280 1c008c96 fe0514e3 bne              x10, x0, -24        x10:00000073
13596086ns          224284 1c008c7e 02500793 addi             x15, x0, 37         x15=00000025
13596106ns          224285 1c008c82 04f50863 beq              x10, x15, 80        x10:00000073 x15:00000025
13596126ns          224286 1c008c86 01a005b3 add              x11, x0, x26        x11=00000002 x26:00000002
13596146ns          224287 1c008c88 000b00e7 jalr             x1, x22, 0           x1=1c008c8a x22:1c008b94
13596186ns          224289 1c008b94 000026b7 lui              x13, 0x2000         x13=00002000
13596206ns          224290 1c008b96 f14027f3 csrrs            x15, x0, 0xf14      x15=00000005
13596225ns          224291 1c008b9a f8068693 addi             x13, x13, -128      x13=00001f80 x13:00002000
13596245ns          224292 1c008b9e 00379713 slli             x14, x15, 0x3       x14=00000028 x15:00000005
13596265ns          224293 1c008ba2 00279793 slli             x15, x15, 0x2       x15=00000014 x15:00000005
13596285ns          224294 1c008ba4 00d7f7b3 and              x15, x15, x13       x15=00000000 x15:00000014 x13:00001f80
13596305ns          224295 1c008ba6 ee873733 p.bclr           x14, x14, 23, 8     x14=00000028 x14:00000028
13596325ns          224296 1c008baa 1a10f6b7 lui              x13, 0x1a10f000     x13=1a10f000
13596345ns          224297 1c008bae 0ff57513 andi             x10, x10, 255       x10=00000073 x10:00000073
13596365ns          224298 1c008bb2 00d70733 add              x14, x14, x13       x14=1a10f028 x14:00000028 x13:1a10f000
13596385ns          224299 1c008bb4 00a7e723 p.sw             x10, x0(x15)        x10:00000073 x15:00000000  PA:1a10f028
13596703ns          224315 1c008bb8 00000513 addi             x10, x0, 0          x10=00000000
13596723ns          224316 1c008bba 00008067 jalr             x0, x1, 0            x1:1c008c8a
13596782ns          224319 1c008c8a 31f52563 p.beqimm         x10, 778            x10:00000000
13596802ns          224320 1c008c8e 001d8d93 addi             x27, x27, 1         x27=00000017 x27:00000016
13596822ns          224321 1c008c90 00044503 lbu              x10, 0(x8)          x10=00000074  x8:1c000533  PA:1c000533
13597120ns          224336 1c008c94 00140413 addi             x8, x8, 1            x8=1c000534  x8:1c000533
13597140ns          224337 1c008c96 fe0514e3 bne              x10, x0, -24        x10:00000074
13597220ns          224341 1c008c7e 02500793 addi             x15, x0, 37         x15=00000025
13597240ns          224342 1c008c82 04f50863 beq              x10, x15, 80        x10:00000074 x15:00000025
13597260ns          224343 1c008c86 01a005b3 add              x11, x0, x26        x11=00000002 x26:00000002
13597280ns          224344 1c008c88 000b00e7 jalr             x1, x22, 0           x1=1c008c8a x22:1c008b94
13597319ns          224346 1c008b94 000026b7 lui              x13, 0x2000         x13=00002000
13597339ns          224347 1c008b96 f14027f3 csrrs            x15, x0, 0xf14      x15=00000005
13597359ns          224348 1c008b9a f8068693 addi             x13, x13, -128      x13=00001f80 x13:00002000
13597379ns          224349 1c008b9e 00379713 slli             x14, x15, 0x3       x14=00000028 x15:00000005
13597399ns          224350 1c008ba2 00279793 slli             x15, x15, 0x2       x15=00000014 x15:00000005
13597419ns          224351 1c008ba4 00d7f7b3 and              x15, x15, x13       x15=00000000 x15:00000014 x13:00001f80
13597439ns          224352 1c008ba6 ee873733 p.bclr           x14, x14, 23, 8     x14=00000028 x14:00000028
13597459ns          224353 1c008baa 1a10f6b7 lui              x13, 0x1a10f000     x13=1a10f000
13597478ns          224354 1c008bae 0ff57513 andi             x10, x10, 255       x10=00000074 x10:00000074
13597498ns          224355 1c008bb2 00d70733 add              x14, x14, x13       x14=1a10f028 x14:00000028 x13:1a10f000
13597518ns          224356 1c008bb4 00a7e723 p.sw             x10, x0(x15)        x10:00000074 x15:00000000  PA:1a10f028
13597856ns          224373 1c008bb8 00000513 addi             x10, x0, 0          x10=00000000
13597876ns          224374 1c008bba 00008067 jalr             x0, x1, 0            x1:1c008c8a
13597936ns          224377 1c008c8a 31f52563 p.beqimm         x10, 778            x10:00000000
13597956ns          224378 1c008c8e 001d8d93 addi             x27, x27, 1         x27=00000018 x27:00000017
13597976ns          224379 1c008c90 00044503 lbu              x10, 0(x8)          x10=00000065  x8:1c000534  PA:1c000534
13598274ns          224394 1c008c94 00140413 addi             x8, x8, 1            x8=1c000535  x8:1c000534
13598294ns          224395 1c008c96 fe0514e3 bne              x10, x0, -24        x10:00000065
13598373ns          224399 1c008c7e 02500793 addi             x15, x0, 37         x15=00000025
13598393ns          224400 1c008c82 04f50863 beq              x10, x15, 80        x10:00000065 x15:00000025
13598413ns          224401 1c008c86 01a005b3 add              x11, x0, x26        x11=00000002 x26:00000002
13598433ns          224402 1c008c88 000b00e7 jalr             x1, x22, 0           x1=1c008c8a x22:1c008b94
13598473ns          224404 1c008b94 000026b7 lui              x13, 0x2000         x13=00002000
13598493ns          224405 1c008b96 f14027f3 csrrs            x15, x0, 0xf14      x15=00000005
13598513ns          224406 1c008b9a f8068693 addi             x13, x13, -128      x13=00001f80 x13:00002000
13598532ns          224407 1c008b9e 00379713 slli             x14, x15, 0x3       x14=00000028 x15:00000005
13598552ns          224408 1c008ba2 00279793 slli             x15, x15, 0x2       x15=00000014 x15:00000005
13598572ns          224409 1c008ba4 00d7f7b3 and              x15, x15, x13       x15=00000000 x15:00000014 x13:00001f80
13598592ns          224410 1c008ba6 ee873733 p.bclr           x14, x14, 23, 8     x14=00000028 x14:00000028
13598612ns          224411 1c008baa 1a10f6b7 lui              x13, 0x1a10f000     x13=1a10f000
13598632ns          224412 1c008bae 0ff57513 andi             x10, x10, 255       x10=00000065 x10:00000065
13598652ns          224413 1c008bb2 00d70733 add              x14, x14, x13       x14=1a10f028 x14:00000028 x13:1a10f000
13598672ns          224414 1c008bb4 00a7e723 p.sw             x10, x0(x15)        x10:00000065 x15:00000000  PA:1a10f028
13598990ns          224430 1c008bb8 00000513 addi             x10, x0, 0          x10=00000000
13599010ns          224431 1c008bba 00008067 jalr             x0, x1, 0            x1:1c008c8a
13599069ns          224434 1c008c8a 31f52563 p.beqimm         x10, 778            x10:00000000
13599089ns          224435 1c008c8e 001d8d93 addi             x27, x27, 1         x27=00000019 x27:00000018
13599109ns          224436 1c008c90 00044503 lbu              x10, 0(x8)          x10=00000072  x8:1c000535  PA:1c000535
13599408ns          224451 1c008c94 00140413 addi             x8, x8, 1            x8=1c000536  x8:1c000535
13599427ns          224452 1c008c96 fe0514e3 bne              x10, x0, -24        x10:00000072
13599507ns          224456 1c008c7e 02500793 addi             x15, x0, 37         x15=00000025
13599527ns          224457 1c008c82 04f50863 beq              x10, x15, 80        x10:00000072 x15:00000025
13599547ns          224458 1c008c86 01a005b3 add              x11, x0, x26        x11=00000002 x26:00000002
13599567ns          224459 1c008c88 000b00e7 jalr             x1, x22, 0           x1=1c008c8a x22:1c008b94
13599606ns          224461 1c008b94 000026b7 lui              x13, 0x2000         x13=00002000
13599626ns          224462 1c008b96 f14027f3 csrrs            x15, x0, 0xf14      x15=00000005
13599646ns          224463 1c008b9a f8068693 addi             x13, x13, -128      x13=00001f80 x13:00002000
13599666ns          224464 1c008b9e 00379713 slli             x14, x15, 0x3       x14=00000028 x15:00000005
13599686ns          224465 1c008ba2 00279793 slli             x15, x15, 0x2       x15=00000014 x15:00000005
13599706ns          224466 1c008ba4 00d7f7b3 and              x15, x15, x13       x15=00000000 x15:00000014 x13:00001f80
13599726ns          224467 1c008ba6 ee873733 p.bclr           x14, x14, 23, 8     x14=00000028 x14:00000028
13599746ns          224468 1c008baa 1a10f6b7 lui              x13, 0x1a10f000     x13=1a10f000
13599766ns          224469 1c008bae 0ff57513 andi             x10, x10, 255       x10=00000072 x10:00000072
13599785ns          224470 1c008bb2 00d70733 add              x14, x14, x13       x14=1a10f028 x14:00000028 x13:1a10f000
13599805ns          224471 1c008bb4 00a7e723 p.sw             x10, x0(x15)        x10:00000072 x15:00000000  PA:1a10f028
13600163ns          224489 1c008bb8 00000513 addi             x10, x0, 0          x10=00000000
13600183ns          224490 1c008bba 00008067 jalr             x0, x1, 0            x1:1c008c8a
13600243ns          224493 1c008c8a 31f52563 p.beqimm         x10, 778            x10:00000000
13600263ns          224494 1c008c8e 001d8d93 addi             x27, x27, 1         x27=0000001a x27:00000019
13600283ns          224495 1c008c90 00044503 lbu              x10, 0(x8)          x10=00000020  x8:1c000536  PA:1c000536
13600601ns          224511 1c008c94 00140413 addi             x8, x8, 1            x8=1c000537  x8:1c000536
13600621ns          224512 1c008c96 fe0514e3 bne              x10, x0, -24        x10:00000020
13600700ns          224516 1c008c7e 02500793 addi             x15, x0, 37         x15=00000025
13600720ns          224517 1c008c82 04f50863 beq              x10, x15, 80        x10:00000020 x15:00000025
13600740ns          224518 1c008c86 01a005b3 add              x11, x0, x26        x11=00000002 x26:00000002
13600760ns          224519 1c008c88 000b00e7 jalr             x1, x22, 0           x1=1c008c8a x22:1c008b94
13600800ns          224521 1c008b94 000026b7 lui              x13, 0x2000         x13=00002000
13600820ns          224522 1c008b96 f14027f3 csrrs            x15, x0, 0xf14      x15=00000005
13600839ns          224523 1c008b9a f8068693 addi             x13, x13, -128      x13=00001f80 x13:00002000
13600859ns          224524 1c008b9e 00379713 slli             x14, x15, 0x3       x14=00000028 x15:00000005
13600879ns          224525 1c008ba2 00279793 slli             x15, x15, 0x2       x15=00000014 x15:00000005
13600899ns          224526 1c008ba4 00d7f7b3 and              x15, x15, x13       x15=00000000 x15:00000014 x13:00001f80
13600919ns          224527 1c008ba6 ee873733 p.bclr           x14, x14, 23, 8     x14=00000028 x14:00000028
13600939ns          224528 1c008baa 1a10f6b7 lui              x13, 0x1a10f000     x13=1a10f000
13600959ns          224529 1c008bae 0ff57513 andi             x10, x10, 255       x10=00000020 x10:00000020
13600979ns          224530 1c008bb2 00d70733 add              x14, x14, x13       x14=1a10f028 x14:00000028 x13:1a10f000
13600999ns          224531 1c008bb4 00a7e723 p.sw             x10, x0(x15)        x10:00000020 x15:00000000  PA:1a10f028
13601337ns          224548 1c008bb8 00000513 addi             x10, x0, 0          x10=00000000
13601357ns          224549 1c008bba 00008067 jalr             x0, x1, 0            x1:1c008c8a
13601416ns          224552 1c008c8a 31f52563 p.beqimm         x10, 778            x10:00000000
13601436ns          224553 1c008c8e 001d8d93 addi             x27, x27, 1         x27=0000001b x27:0000001a
13601456ns          224554 1c008c90 00044503 lbu              x10, 0(x8)          x10=00000025  x8:1c000537  PA:1c000537
13601894ns          224576 1c008c94 00140413 addi             x8, x8, 1            x8=1c000538  x8:1c000537
13601913ns          224577 1c008c96 fe0514e3 bne              x10, x0, -24        x10:00000025
13601993ns          224581 1c008c7e 02500793 addi             x15, x0, 37         x15=00000025
13602013ns          224582 1c008c82 04f50863 beq              x10, x15, 80        x10:00000025 x15:00000025
13602152ns          224589 1c008cd2 00044483 lbu              x9, 0(x8)            x9=00000064  x8:1c000538  PA:1c000538
13602490ns          224606 1c008cd6 02000693 addi             x13, x0, 32         x13=00000020
13602510ns          224607 1c008cda 00140a93 addi             x21, x8, 1          x21=1c000539  x8:1c000538
13602530ns          224608 1c008cde 009005b3 add              x11, x0, x9         x11=00000064  x9:00000064
13602570ns          224610 1c008ce0 5f0b8513 addi             x10, x23, 1520      x10=1c0005f0 x23:1c000000
13602610ns          224612 1c008ce4 00d12823 sw               x13, 16(x2)         x13:00000020  x2:10002958  PA:10002968
13602629ns          224613 1c008ce6 00012c23 sw               x0, 24(x2)           x2:10002958  PA:10002970
13602649ns          224614 1c008ce8 00012a23 sw               x0, 20(x2)           x2:10002958  PA:1000296c
13602669ns          224615 1c008cea 00012e23 sw               x0, 28(x2)           x2:10002958  PA:10002974
13602689ns          224616 1c008cec 00012623 sw               x0, 12(x2)           x2:10002958  PA:10002964
13603087ns          224636 1c008cee 02300913 addi             x18, x0, 35         x18=00000023
13603127ns          224638 1c008cf2 02d00a13 addi             x20, x0, 45         x20=0000002d
13603146ns          224639 1c008cf6 015009b3 add              x19, x0, x21        x19=1c000539 x21:1c000539
13603166ns          224640 1c008cf8 e1dff0ef jal              x1, -484             x1=1c008cfa
13604061ns          224685 1c008b14 00054783 lbu              x15, 0(x10)         x15=0000002d x10:1c0005f0  PA:1c0005f0
13604519ns          224708 1c008b18 0ff5f593 andi             x11, x11, 255       x11=00000064 x11:00000064
13604539ns          224709 1c008b1c 00b78c63 beq              x15, x11, 24        x15:0000002d x11:00000064
13604559ns          224710 1c008b20 00078b63 beq              x15, x0, 22         x15:0000002d
13604598ns          224712 1c008b22 00150793 addi             x15, x10, 1         x15=1c0005f1 x10:1c0005f0
13604618ns          224713 1c008b26 0040006f jal              x0, 4              
13604658ns          224715 1c008b2a 00f00533 add              x10, x0, x15        x10=1c0005f1 x15:1c0005f1
13604678ns          224716 1c008b2c 0017c70b p.lbu            x14, 1(x15!)        x14=0000002b x15=1c0005f2 x15:1c0005f1  PA:1c0005f1
13605235ns          224744 1c008b30 feb71ce3 bne              x14, x11, -8        x14:0000002b x11:00000064
13605294ns          224747 1c008b28 00070763 beq              x14, x0, 14         x14:0000002b
13605314ns          224748 1c008b2a 00f00533 add              x10, x0, x15        x10=1c0005f2 x15:1c0005f2
13605334ns          224749 1c008b2c 0017c70b p.lbu            x14, 1(x15!)        x14=00000020 x15=1c0005f3 x15:1c0005f2  PA:1c0005f2
13605672ns          224766 1c008b30 feb71ce3 bne              x14, x11, -8        x14:00000020 x11:00000064
13605792ns          224772 1c008b28 00070763 beq              x14, x0, 14         x14:00000020
13605811ns          224773 1c008b2a 00f00533 add              x10, x0, x15        x10=1c0005f3 x15:1c0005f3
13605831ns          224774 1c008b2c 0017c70b p.lbu            x14, 1(x15!)        x14=00000023 x15=1c0005f4 x15:1c0005f3  PA:1c0005f3
13606150ns          224790 1c008b30 feb71ce3 bne              x14, x11, -8        x14:00000023 x11:00000064
13606209ns          224793 1c008b28 00070763 beq              x14, x0, 14         x14:00000023
13606229ns          224794 1c008b2a 00f00533 add              x10, x0, x15        x10=1c0005f4 x15:1c0005f4
13606249ns          224795 1c008b2c 0017c70b p.lbu            x14, 1(x15!)        x14=00000030 x15=1c0005f5 x15:1c0005f4  PA:1c0005f4
13606567ns          224811 1c008b30 feb71ce3 bne              x14, x11, -8        x14:00000030 x11:00000064
13606627ns          224814 1c008b28 00070763 beq              x14, x0, 14         x14:00000030
13606647ns          224815 1c008b2a 00f00533 add              x10, x0, x15        x10=1c0005f5 x15:1c0005f5
13606667ns          224816 1c008b2c 0017c70b p.lbu            x14, 1(x15!)        x14=00000000 x15=1c0005f6 x15:1c0005f5  PA:1c0005f5
13606985ns          224832 1c008b30 feb71ce3 bne              x14, x11, -8        x14:00000000 x11:00000064
13607045ns          224835 1c008b28 00070763 beq              x14, x0, 14         x14:00000000
13607124ns          224839 1c008b36 0015b593 sltiu            x11, x11, 1         x11=00000000 x11:00000064
13607144ns          224840 1c008b3a 40b005b3 sub              x11, x0, x11        x11=00000000 x11:00000000
13607164ns          224841 1c008b3e 00b57533 and              x10, x10, x11       x10=00000000 x10:1c0005f5 x11:00000000
13607184ns          224842 1c008b40 00008067 jalr             x0, x1, 0            x1:1c008cfa
13607224ns          224844 1c008cfa 02050a63 beq              x10, x0, 52         x10:00000000
13608158ns          224891 1c008d2e 02a00613 addi             x12, x0, 42         x12=0000002a
13608198ns          224893 1c008d32 2ac48663 beq              x9, x12, 684         x9:00000064 x12:0000002a
13608218ns          224894 1c008d36 fd048613 addi             x12, x9, -48        x12=00000034  x9:00000064
13608238ns          224895 1c008d3a 00900593 addi             x11, x0, 9          x11=00000009
13608258ns          224896 1c008d3c 00000913 addi             x18, x0, 0          x18=00000000
13608695ns          224918 1c008d3e 28c5f063 bgeu             x11, x12, 640       x11:00000009 x12:00000034
13608735ns          224920 1c008d42 02e00693 addi             x13, x0, 46         x13=0000002e
13608755ns          224921 1c008d46 fff00a13 addi             x20, x0, -1         x20=ffffffff
13608775ns          224922 1c008d48 2ed48363 beq              x9, x13, 742         x9:00000064 x13:0000002e
13608795ns          224923 1c008d4c 1c0007b7 lui              x15, 0x1c000000     x15=1c000000
13609212ns          224944 1c008d50 009005b3 add              x11, x0, x9         x11=00000064  x9:00000064
13609252ns          224946 1c008d52 5f878513 addi             x10, x15, 1528      x10=1c0005f8 x15:1c000000
13609272ns          224947 1c008d56 dbfff0ef jal              x1, -578             x1=1c008d58
13609312ns          224949 1c008b14 00054783 lbu              x15, 0(x10)         x15=00000068 x10:1c0005f8  PA:1c0005f8
13609610ns          224964 1c008b18 0ff5f593 andi             x11, x11, 255       x11=00000064 x11:00000064
13609630ns          224965 1c008b1c 00b78c63 beq              x15, x11, 24        x15:00000068 x11:00000064
13609650ns          224966 1c008b20 00078b63 beq              x15, x0, 22         x15:00000068
13609670ns          224967 1c008b22 00150793 addi             x15, x10, 1         x15=1c0005f9 x10:1c0005f8
13609690ns          224968 1c008b26 0040006f jal              x0, 4              
13609729ns          224970 1c008b2a 00f00533 add              x10, x0, x15        x10=1c0005f9 x15:1c0005f9
13609749ns          224971 1c008b2c 0017c70b p.lbu            x14, 1(x15!)        x14=0000006c x15=1c0005fa x15:1c0005f9  PA:1c0005f9
13610068ns          224987 1c008b30 feb71ce3 bne              x14, x11, -8        x14:0000006c x11:00000064
13610127ns          224990 1c008b28 00070763 beq              x14, x0, 14         x14:0000006c
13610147ns          224991 1c008b2a 00f00533 add              x10, x0, x15        x10=1c0005fa x15:1c0005fa
13610167ns          224992 1c008b2c 0017c70b p.lbu            x14, 1(x15!)        x14=0000004c x15=1c0005fb x15:1c0005fa  PA:1c0005fa
13610485ns          225008 1c008b30 feb71ce3 bne              x14, x11, -8        x14:0000004c x11:00000064
13610545ns          225011 1c008b28 00070763 beq              x14, x0, 14         x14:0000004c
13610565ns          225012 1c008b2a 00f00533 add              x10, x0, x15        x10=1c0005fb x15:1c0005fb
13610585ns          225013 1c008b2c 0017c70b p.lbu            x14, 1(x15!)        x14=0000007a x15=1c0005fc x15:1c0005fb  PA:1c0005fb
13610903ns          225029 1c008b30 feb71ce3 bne              x14, x11, -8        x14:0000007a x11:00000064
13610962ns          225032 1c008b28 00070763 beq              x14, x0, 14         x14:0000007a
13610982ns          225033 1c008b2a 00f00533 add              x10, x0, x15        x10=1c0005fc x15:1c0005fc
13611002ns          225034 1c008b2c 0017c70b p.lbu            x14, 1(x15!)        x14=00000000 x15=1c0005fd x15:1c0005fc  PA:1c0005fc
13611400ns          225054 1c008b30 feb71ce3 bne              x14, x11, -8        x14:00000000 x11:00000064
13611460ns          225057 1c008b28 00070763 beq              x14, x0, 14         x14:00000000
13611539ns          225061 1c008b36 0015b593 sltiu            x11, x11, 1         x11=00000000 x11:00000064
13611559ns          225062 1c008b3a 40b005b3 sub              x11, x0, x11        x11=00000000 x11:00000000
13611579ns          225063 1c008b3e 00b57533 and              x10, x10, x11       x10=00000000 x10:1c0005fc x11:00000000
13611599ns          225064 1c008b40 00008067 jalr             x0, x1, 0            x1:1c008d58
13611639ns          225066 1c008d58 01300433 add              x8, x0, x19          x8=1c000539 x19:1c000539
13611659ns          225067 1c008d5a 00050563 beq              x10, x0, 10         x10:00000000
13612056ns          225087 1c008d64 06700693 addi             x13, x0, 103        x13=00000067
13612076ns          225088 1c008d68 2896d963 bge              x13, x9, 658        x13:00000067  x9:00000064
13613170ns          225143 1c008ffa 06500693 addi             x13, x0, 101        x13=00000065
13613608ns          225165 1c008ffe 12d4d563 bge              x9, x13, 298         x9:00000064 x13:00000065
13613647ns          225167 1c009002 04700693 addi             x13, x0, 71         x13=00000047
13613667ns          225168 1c009006 dc96cbe3 blt              x13, x9, -554       x13:00000047  x9:00000064
13614582ns          225214 1c008ddc 06300693 addi             x13, x0, 99         x13=00000063
13615040ns          225237 1c008de0 0ad488e3 beq              x9, x13, 2224        x9:00000064 x13:00000063
13615079ns          225239 1c008de4 0096c9e3 blt              x13, x9, 2066       x13:00000063  x9:00000064
13615596ns          225265 1c0095f6 000c2583 lw               x11, 0(x24)         x11=00000000 x24:10002aac  PA:10002aac
13615616ns          225266 1c0095fa 004c0c13 addi             x24, x24, 4         x24=10002ab0 x24:10002aac
13615636ns          225267 1c0095fc 3405cc63 blt              x11, x0, 856        x11:00000000
13616054ns          225288 1c009600 01412603 lw               x12, 20(x2)         x12=00000000  x2:10002958  PA:1000296c
13616074ns          225289 1c009602 00b006b3 add              x13, x0, x11        x13=00000000 x11:00000000
13616094ns          225290 1c009604 2e061863 bne              x12, x0, 752        x12:00000000
13616113ns          225291 1c009608 01812703 lw               x14, 24(x2)         x14=00000000  x2:10002958  PA:10002970
13616133ns          225292 1c00960a 019007b3 add              x15, x0, x25        x15=1000297c x25:1000297c
13616153ns          225293 1c00960c 00070763 beq              x14, x0, 14         x14:00000000
13616631ns          225317 1c00961a 00f00733 add              x14, x0, x15        x14=1000297c x15:1000297c
13616650ns          225318 1c00961c 00a00513 addi             x10, x0, 10         x10=0000000a
13617088ns          225340 1c00961e 02a6f633 remu             x12, x13, x10       x12=00000000 x13:00000000 x10:0000000a
13617724ns          225372 1c009622 02a6d6b3 divu             x13, x13, x10       x13=00000000 x13:00000000 x10:0000000a
13618341ns          225403 1c009626 03060613 addi             x12, x12, 48        x12=00000030 x12:00000000
13618361ns          225404 1c00962a 00c700ab p.sb             x12, 1(x14!)        x14=1000297d x12:00000030 x14:1000297c  PA:1000297c
13618381ns          225405 1c00962e fe0698e3 bne              x13, x0, -16        x13:00000000
13618401ns          225406 1c009630 40f706b3 sub              x13, x14, x15       x13=00000001 x14:1000297d x15:1000297c
13618420ns          225407 1c009634 0146dc63 bge              x13, x20, 24        x13:00000001 x20:ffffffff
13618918ns          225432 1c00964c 00e006b3 add              x13, x0, x14        x13=1000297d x14:1000297d
13619375ns          225455 1c00964e fe068fab p.sb             x0, -1(x13!)        x13=1000297c x13:1000297d  PA:1000297d
13619415ns          225457 1c009652 00d7fc63 bgeu             x15, x13, 24        x15:1000297c x13:1000297c
13619892ns          225481 1c00966a 01412783 lw               x15, 20(x2)         x15=00000000  x2:10002958  PA:1000296c
13619932ns          225483 1c00966c 01812603 lw               x12, 24(x2)         x12=00000000  x2:10002958  PA:10002970
13620369ns          225505 1c00966e 419704b3 sub              x9, x14, x25         x9=00000001 x14:1000297d x25:1000297c
13620389ns          225506 1c009672 00c7e7b3 or               x15, x15, x12       x15=00000000 x15:00000000 x12:00000000
13620409ns          225507 1c009674 00f12623 sw               x15, 12(x2)         x15:00000000  x2:10002958  PA:10002964
13620449ns          225509 1c009676 00079363 bne              x15, x0, 6          x15:00000000
13620469ns          225510 1c009678 01f5d593 srli             x11, x11, 0x1f      x11=00000000 x11:00000000
13620489ns          225511 1c00967a 00b12623 sw               x11, 12(x2)         x11:00000000  x2:10002958  PA:10002964
13620568ns          225515 1c00967c e3fa28e3 p.beqimm         x20, -464           x20:ffffffff
13621344ns          225554 1c0094ac 0c800793 addi             x15, x0, 200        x15=000000c8
13621821ns          225578 1c0094b0 9e97d0e3 bge              x15, x9, -1568      x15:000000c8  x9:00000001
13622299ns          225602 1c008e90 0f24d163 bge              x9, x18, 226         x9:00000001 x18:00000000
13622816ns          225628 1c008f72 d00482e3 beq              x9, x0, -764         x9:00000001
13622836ns          225629 1c008f76 01900933 add              x18, x0, x25        x18=1000297c x25:1000297c
13622855ns          225630 1c008f78 419d8db3 sub              x27, x27, x25       x27=efffd69f x27:0000001b x25:1000297c
13622875ns          225631 1c008f7c 00a0006f jal              x0, 10             
13623373ns          225656 1c008f86 0019450b p.lbu            x10, 1(x18!)        x10=00000030 x18=1000297d x18:1000297c  PA:1000297c
13623392ns          225657 1c008f8a 01a005b3 add              x11, x0, x26        x11=00000002 x26:00000002
13623412ns          225658 1c008f8c 000b00e7 jalr             x1, x22, 0           x1=1c008f8e x22:1c008b94
13623870ns          225681 1c008b94 000026b7 lui              x13, 0x2000         x13=00002000
13623890ns          225682 1c008b96 f14027f3 csrrs            x15, x0, 0xf14      x15=00000005
13623910ns          225683 1c008b9a f8068693 addi             x13, x13, -128      x13=00001f80 x13:00002000
13623929ns          225684 1c008b9e 00379713 slli             x14, x15, 0x3       x14=00000028 x15:00000005
13623949ns          225685 1c008ba2 00279793 slli             x15, x15, 0x2       x15=00000014 x15:00000005
13623969ns          225686 1c008ba4 00d7f7b3 and              x15, x15, x13       x15=00000000 x15:00000014 x13:00001f80
13623989ns          225687 1c008ba6 ee873733 p.bclr           x14, x14, 23, 8     x14=00000028 x14:00000028
13624009ns          225688 1c008baa 1a10f6b7 lui              x13, 0x1a10f000     x13=1a10f000
13624049ns          225690 1c008bae 0ff57513 andi             x10, x10, 255       x10=00000030 x10:00000030
13624069ns          225691 1c008bb2 00d70733 add              x14, x14, x13       x14=1a10f028 x14:00000028 x13:1a10f000
13624089ns          225692 1c008bb4 00a7e723 p.sw             x10, x0(x15)        x10:00000030 x15:00000000  PA:1a10f028
13624685ns          225722 1c008bb8 00000513 addi             x10, x0, 0          x10=00000000
13624705ns          225723 1c008bba 00008067 jalr             x0, x1, 0            x1:1c008f8e
13624745ns          225725 1c008f8e fff48493 addi             x9, x9, -1           x9=00000000  x9:00000001
13624765ns          225726 1c008f90 fff537e3 p.bneimm         x10, -18            x10:00000000
13624844ns          225730 1c008f7e 012d8733 add              x14, x27, x18       x14=0000001c x27:efffd69f x18:1000297d
13624864ns          225731 1c008f82 5a048b63 beq              x9, x0, 1462         x9:00000000
13625083ns          225742 1c009538 00e00db3 add              x27, x0, x14        x27=0000001c x14:0000001c
13625123ns          225744 1c00953a f3cff06f jal              x0, -2244          
13625680ns          225772 1c008c76 00044503 lbu              x10, 0(x8)          x10=00000020  x8:1c000539  PA:1c000539
13625978ns          225787 1c008c7a 00140413 addi             x8, x8, 1            x8=1c00053a  x8:1c000539
13625998ns          225788 1c008c7c 00050e63 beq              x10, x0, 28         x10:00000020
13626018ns          225789 1c008c7e 02500793 addi             x15, x0, 37         x15=00000025
13626038ns          225790 1c008c82 04f50863 beq              x10, x15, 80        x10:00000020 x15:00000025
13626057ns          225791 1c008c86 01a005b3 add              x11, x0, x26        x11=00000002 x26:00000002
13626077ns          225792 1c008c88 000b00e7 jalr             x1, x22, 0           x1=1c008c8a x22:1c008b94
13626177ns          225797 1c008b94 000026b7 lui              x13, 0x2000         x13=00002000
13626197ns          225798 1c008b96 f14027f3 csrrs            x15, x0, 0xf14      x15=00000005
13626217ns          225799 1c008b9a f8068693 addi             x13, x13, -128      x13=00001f80 x13:00002000
13626236ns          225800 1c008b9e 00379713 slli             x14, x15, 0x3       x14=00000028 x15:00000005
13626256ns          225801 1c008ba2 00279793 slli             x15, x15, 0x2       x15=00000014 x15:00000005
13626276ns          225802 1c008ba4 00d7f7b3 and              x15, x15, x13       x15=00000000 x15:00000014 x13:00001f80
13626296ns          225803 1c008ba6 ee873733 p.bclr           x14, x14, 23, 8     x14=00000028 x14:00000028
13626316ns          225804 1c008baa 1a10f6b7 lui              x13, 0x1a10f000     x13=1a10f000
13626336ns          225805 1c008bae 0ff57513 andi             x10, x10, 255       x10=00000020 x10:00000020
13626356ns          225806 1c008bb2 00d70733 add              x14, x14, x13       x14=1a10f028 x14:00000028 x13:1a10f000
13626376ns          225807 1c008bb4 00a7e723 p.sw             x10, x0(x15)        x10:00000020 x15:00000000  PA:1a10f028
13626972ns          225837 1c008bb8 00000513 addi             x10, x0, 0          x10=00000000
13626992ns          225838 1c008bba 00008067 jalr             x0, x1, 0            x1:1c008c8a
13627052ns          225841 1c008c8a 31f52563 p.beqimm         x10, 778            x10:00000000
13627072ns          225842 1c008c8e 001d8d93 addi             x27, x27, 1         x27=0000001d x27:0000001c
13627092ns          225843 1c008c90 00044503 lbu              x10, 0(x8)          x10=00000063  x8:1c00053a  PA:1c00053a
13627390ns          225858 1c008c94 00140413 addi             x8, x8, 1            x8=1c00053b  x8:1c00053a
13627410ns          225859 1c008c96 fe0514e3 bne              x10, x0, -24        x10:00000063
13627489ns          225863 1c008c7e 02500793 addi             x15, x0, 37         x15=00000025
13627509ns          225864 1c008c82 04f50863 beq              x10, x15, 80        x10:00000063 x15:00000025
13627529ns          225865 1c008c86 01a005b3 add              x11, x0, x26        x11=00000002 x26:00000002
13627549ns          225866 1c008c88 000b00e7 jalr             x1, x22, 0           x1=1c008c8a x22:1c008b94
13627589ns          225868 1c008b94 000026b7 lui              x13, 0x2000         x13=00002000
13627609ns          225869 1c008b96 f14027f3 csrrs            x15, x0, 0xf14      x15=00000005
13627629ns          225870 1c008b9a f8068693 addi             x13, x13, -128      x13=00001f80 x13:00002000
13627688ns          225873 1c008b9e 00379713 slli             x14, x15, 0x3       x14=00000028 x15:00000005
13627708ns          225874 1c008ba2 00279793 slli             x15, x15, 0x2       x15=00000014 x15:00000005
13627728ns          225875 1c008ba4 00d7f7b3 and              x15, x15, x13       x15=00000000 x15:00000014 x13:00001f80
13627748ns          225876 1c008ba6 ee873733 p.bclr           x14, x14, 23, 8     x14=00000028 x14:00000028
13627768ns          225877 1c008baa 1a10f6b7 lui              x13, 0x1a10f000     x13=1a10f000
13627788ns          225878 1c008bae 0ff57513 andi             x10, x10, 255       x10=00000063 x10:00000063
13627808ns          225879 1c008bb2 00d70733 add              x14, x14, x13       x14=1a10f028 x14:00000028 x13:1a10f000
13627827ns          225880 1c008bb4 00a7e723 p.sw             x10, x0(x15)        x10:00000063 x15:00000000  PA:1a10f028
13628166ns          225897 1c008bb8 00000513 addi             x10, x0, 0          x10=00000000
13628185ns          225898 1c008bba 00008067 jalr             x0, x1, 0            x1:1c008c8a
13628245ns          225901 1c008c8a 31f52563 p.beqimm         x10, 778            x10:00000000
13628265ns          225902 1c008c8e 001d8d93 addi             x27, x27, 1         x27=0000001e x27:0000001d
13628285ns          225903 1c008c90 00044503 lbu              x10, 0(x8)          x10=0000006f  x8:1c00053b  PA:1c00053b
13628583ns          225918 1c008c94 00140413 addi             x8, x8, 1            x8=1c00053c  x8:1c00053b
13628603ns          225919 1c008c96 fe0514e3 bne              x10, x0, -24        x10:0000006f
13628683ns          225923 1c008c7e 02500793 addi             x15, x0, 37         x15=00000025
13628703ns          225924 1c008c82 04f50863 beq              x10, x15, 80        x10:0000006f x15:00000025
13628722ns          225925 1c008c86 01a005b3 add              x11, x0, x26        x11=00000002 x26:00000002
13628742ns          225926 1c008c88 000b00e7 jalr             x1, x22, 0           x1=1c008c8a x22:1c008b94
13628782ns          225928 1c008b94 000026b7 lui              x13, 0x2000         x13=00002000
13628802ns          225929 1c008b96 f14027f3 csrrs            x15, x0, 0xf14      x15=00000005
13628822ns          225930 1c008b9a f8068693 addi             x13, x13, -128      x13=00001f80 x13:00002000
13628842ns          225931 1c008b9e 00379713 slli             x14, x15, 0x3       x14=00000028 x15:00000005
13628862ns          225932 1c008ba2 00279793 slli             x15, x15, 0x2       x15=00000014 x15:00000005
13628882ns          225933 1c008ba4 00d7f7b3 and              x15, x15, x13       x15=00000000 x15:00000014 x13:00001f80
13628901ns          225934 1c008ba6 ee873733 p.bclr           x14, x14, 23, 8     x14=00000028 x14:00000028
13628921ns          225935 1c008baa 1a10f6b7 lui              x13, 0x1a10f000     x13=1a10f000
13628941ns          225936 1c008bae 0ff57513 andi             x10, x10, 255       x10=0000006f x10:0000006f
13628961ns          225937 1c008bb2 00d70733 add              x14, x14, x13       x14=1a10f028 x14:00000028 x13:1a10f000
13628981ns          225938 1c008bb4 00a7e723 p.sw             x10, x0(x15)        x10:0000006f x15:00000000  PA:1a10f028
13629339ns          225956 1c008bb8 00000513 addi             x10, x0, 0          x10=00000000
13629359ns          225957 1c008bba 00008067 jalr             x0, x1, 0            x1:1c008c8a
13629419ns          225960 1c008c8a 31f52563 p.beqimm         x10, 778            x10:00000000
13629438ns          225961 1c008c8e 001d8d93 addi             x27, x27, 1         x27=0000001f x27:0000001e
13629458ns          225962 1c008c90 00044503 lbu              x10, 0(x8)          x10=00000072  x8:1c00053c  PA:1c00053c
13629757ns          225977 1c008c94 00140413 addi             x8, x8, 1            x8=1c00053d  x8:1c00053c
13629777ns          225978 1c008c96 fe0514e3 bne              x10, x0, -24        x10:00000072
13629856ns          225982 1c008c7e 02500793 addi             x15, x0, 37         x15=00000025
13629876ns          225983 1c008c82 04f50863 beq              x10, x15, 80        x10:00000072 x15:00000025
13629896ns          225984 1c008c86 01a005b3 add              x11, x0, x26        x11=00000002 x26:00000002
13629916ns          225985 1c008c88 000b00e7 jalr             x1, x22, 0           x1=1c008c8a x22:1c008b94
13629956ns          225987 1c008b94 000026b7 lui              x13, 0x2000         x13=00002000
13629975ns          225988 1c008b96 f14027f3 csrrs            x15, x0, 0xf14      x15=00000005
13629995ns          225989 1c008b9a f8068693 addi             x13, x13, -128      x13=00001f80 x13:00002000
13630015ns          225990 1c008b9e 00379713 slli             x14, x15, 0x3       x14=00000028 x15:00000005
13630035ns          225991 1c008ba2 00279793 slli             x15, x15, 0x2       x15=00000014 x15:00000005
13630055ns          225992 1c008ba4 00d7f7b3 and              x15, x15, x13       x15=00000000 x15:00000014 x13:00001f80
13630075ns          225993 1c008ba6 ee873733 p.bclr           x14, x14, 23, 8     x14=00000028 x14:00000028
13630095ns          225994 1c008baa 1a10f6b7 lui              x13, 0x1a10f000     x13=1a10f000
13630115ns          225995 1c008bae 0ff57513 andi             x10, x10, 255       x10=00000072 x10:00000072
13630134ns          225996 1c008bb2 00d70733 add              x14, x14, x13       x14=1a10f028 x14:00000028 x13:1a10f000
13630154ns          225997 1c008bb4 00a7e723 p.sw             x10, x0(x15)        x10:00000072 x15:00000000  PA:1a10f028
13630473ns          226013 1c008bb8 00000513 addi             x10, x0, 0          x10=00000000
13630492ns          226014 1c008bba 00008067 jalr             x0, x1, 0            x1:1c008c8a
13630552ns          226017 1c008c8a 31f52563 p.beqimm         x10, 778            x10:00000000
13630572ns          226018 1c008c8e 001d8d93 addi             x27, x27, 1         x27=00000020 x27:0000001f
13630592ns          226019 1c008c90 00044503 lbu              x10, 0(x8)          x10=00000065  x8:1c00053d  PA:1c00053d
13630910ns          226035 1c008c94 00140413 addi             x8, x8, 1            x8=1c00053e  x8:1c00053d
13630930ns          226036 1c008c96 fe0514e3 bne              x10, x0, -24        x10:00000065
13631010ns          226040 1c008c7e 02500793 addi             x15, x0, 37         x15=00000025
13631029ns          226041 1c008c82 04f50863 beq              x10, x15, 80        x10:00000065 x15:00000025
13631049ns          226042 1c008c86 01a005b3 add              x11, x0, x26        x11=00000002 x26:00000002
13631069ns          226043 1c008c88 000b00e7 jalr             x1, x22, 0           x1=1c008c8a x22:1c008b94
13631109ns          226045 1c008b94 000026b7 lui              x13, 0x2000         x13=00002000
13631129ns          226046 1c008b96 f14027f3 csrrs            x15, x0, 0xf14      x15=00000005
13631149ns          226047 1c008b9a f8068693 addi             x13, x13, -128      x13=00001f80 x13:00002000
13631169ns          226048 1c008b9e 00379713 slli             x14, x15, 0x3       x14=00000028 x15:00000005
13631189ns          226049 1c008ba2 00279793 slli             x15, x15, 0x2       x15=00000014 x15:00000005
13631208ns          226050 1c008ba4 00d7f7b3 and              x15, x15, x13       x15=00000000 x15:00000014 x13:00001f80
13631228ns          226051 1c008ba6 ee873733 p.bclr           x14, x14, 23, 8     x14=00000028 x14:00000028
13631248ns          226052 1c008baa 1a10f6b7 lui              x13, 0x1a10f000     x13=1a10f000
13631268ns          226053 1c008bae 0ff57513 andi             x10, x10, 255       x10=00000065 x10:00000065
13631288ns          226054 1c008bb2 00d70733 add              x14, x14, x13       x14=1a10f028 x14:00000028 x13:1a10f000
13631308ns          226055 1c008bb4 00a7e723 p.sw             x10, x0(x15)        x10:00000065 x15:00000000  PA:1a10f028
13631646ns          226072 1c008bb8 00000513 addi             x10, x0, 0          x10=00000000
13631666ns          226073 1c008bba 00008067 jalr             x0, x1, 0            x1:1c008c8a
13631726ns          226076 1c008c8a 31f52563 p.beqimm         x10, 778            x10:00000000
13631745ns          226077 1c008c8e 001d8d93 addi             x27, x27, 1         x27=00000021 x27:00000020
13631765ns          226078 1c008c90 00044503 lbu              x10, 0(x8)          x10=00000020  x8:1c00053e  PA:1c00053e
13632064ns          226093 1c008c94 00140413 addi             x8, x8, 1            x8=1c00053f  x8:1c00053e
13632084ns          226094 1c008c96 fe0514e3 bne              x10, x0, -24        x10:00000020
13632163ns          226098 1c008c7e 02500793 addi             x15, x0, 37         x15=00000025
13632183ns          226099 1c008c82 04f50863 beq              x10, x15, 80        x10:00000020 x15:00000025
13632203ns          226100 1c008c86 01a005b3 add              x11, x0, x26        x11=00000002 x26:00000002
13632223ns          226101 1c008c88 000b00e7 jalr             x1, x22, 0           x1=1c008c8a x22:1c008b94
13632263ns          226103 1c008b94 000026b7 lui              x13, 0x2000         x13=00002000
13632282ns          226104 1c008b96 f14027f3 csrrs            x15, x0, 0xf14      x15=00000005
13632302ns          226105 1c008b9a f8068693 addi             x13, x13, -128      x13=00001f80 x13:00002000
13632322ns          226106 1c008b9e 00379713 slli             x14, x15, 0x3       x14=00000028 x15:00000005
13632342ns          226107 1c008ba2 00279793 slli             x15, x15, 0x2       x15=00000014 x15:00000005
13632362ns          226108 1c008ba4 00d7f7b3 and              x15, x15, x13       x15=00000000 x15:00000014 x13:00001f80
13632382ns          226109 1c008ba6 ee873733 p.bclr           x14, x14, 23, 8     x14=00000028 x14:00000028
13632402ns          226110 1c008baa 1a10f6b7 lui              x13, 0x1a10f000     x13=1a10f000
13632422ns          226111 1c008bae 0ff57513 andi             x10, x10, 255       x10=00000020 x10:00000020
13632442ns          226112 1c008bb2 00d70733 add              x14, x14, x13       x14=1a10f028 x14:00000028 x13:1a10f000
13632461ns          226113 1c008bb4 00a7e723 p.sw             x10, x0(x15)        x10:00000020 x15:00000000  PA:1a10f028
13632799ns          226130 1c008bb8 00000513 addi             x10, x0, 0          x10=00000000
13632819ns          226131 1c008bba 00008067 jalr             x0, x1, 0            x1:1c008c8a
13632879ns          226134 1c008c8a 31f52563 p.beqimm         x10, 778            x10:00000000
13632899ns          226135 1c008c8e 001d8d93 addi             x27, x27, 1         x27=00000022 x27:00000021
13632919ns          226136 1c008c90 00044503 lbu              x10, 0(x8)          x10=00000025  x8:1c00053f  PA:1c00053f
13633217ns          226151 1c008c94 00140413 addi             x8, x8, 1            x8=1c000540  x8:1c00053f
13633237ns          226152 1c008c96 fe0514e3 bne              x10, x0, -24        x10:00000025
13633317ns          226156 1c008c7e 02500793 addi             x15, x0, 37         x15=00000025
13633336ns          226157 1c008c82 04f50863 beq              x10, x15, 80        x10:00000025 x15:00000025
13633476ns          226164 1c008cd2 00044483 lbu              x9, 0(x8)            x9=00000064  x8:1c000540  PA:1c000540
13633774ns          226179 1c008cd6 02000693 addi             x13, x0, 32         x13=00000020
13633794ns          226180 1c008cda 00140a93 addi             x21, x8, 1          x21=1c000541  x8:1c000540
13633814ns          226181 1c008cde 009005b3 add              x11, x0, x9         x11=00000064  x9:00000064
13633834ns          226182 1c008ce0 5f0b8513 addi             x10, x23, 1520      x10=1c0005f0 x23:1c000000
13633854ns          226183 1c008ce4 00d12823 sw               x13, 16(x2)         x13:00000020  x2:10002958  PA:10002968
13633873ns          226184 1c008ce6 00012c23 sw               x0, 24(x2)           x2:10002958  PA:10002970
13633893ns          226185 1c008ce8 00012a23 sw               x0, 20(x2)           x2:10002958  PA:1000296c
13633913ns          226186 1c008cea 00012e23 sw               x0, 28(x2)           x2:10002958  PA:10002974
13633933ns          226187 1c008cec 00012623 sw               x0, 12(x2)           x2:10002958  PA:10002964
13633953ns          226188 1c008cee 02300913 addi             x18, x0, 35         x18=00000023
13633973ns          226189 1c008cf2 02d00a13 addi             x20, x0, 45         x20=0000002d
13633993ns          226190 1c008cf6 015009b3 add              x19, x0, x21        x19=1c000541 x21:1c000541
13634013ns          226191 1c008cf8 e1dff0ef jal              x1, -484             x1=1c008cfa
13634152ns          226198 1c008b14 00054783 lbu              x15, 0(x10)         x15=0000002d x10:1c0005f0  PA:1c0005f0
13634470ns          226214 1c008b18 0ff5f593 andi             x11, x11, 255       x11=00000064 x11:00000064
13634490ns          226215 1c008b1c 00b78c63 beq              x15, x11, 24        x15:0000002d x11:00000064
13634510ns          226216 1c008b20 00078b63 beq              x15, x0, 22         x15:0000002d
13634530ns          226217 1c008b22 00150793 addi             x15, x10, 1         x15=1c0005f1 x10:1c0005f0
13634550ns          226218 1c008b26 0040006f jal              x0, 4              
13634649ns          226223 1c008b2a 00f00533 add              x10, x0, x15        x10=1c0005f1 x15:1c0005f1
13634669ns          226224 1c008b2c 0017c70b p.lbu            x14, 1(x15!)        x14=0000002b x15=1c0005f2 x15:1c0005f1  PA:1c0005f1
13634987ns          226240 1c008b30 feb71ce3 bne              x14, x11, -8        x14:0000002b x11:00000064
13635047ns          226243 1c008b28 00070763 beq              x14, x0, 14         x14:0000002b
13635067ns          226244 1c008b2a 00f00533 add              x10, x0, x15        x10=1c0005f2 x15:1c0005f2
13635087ns          226245 1c008b2c 0017c70b p.lbu            x14, 1(x15!)        x14=00000020 x15=1c0005f3 x15:1c0005f2  PA:1c0005f2
13635405ns          226261 1c008b30 feb71ce3 bne              x14, x11, -8        x14:00000020 x11:00000064
13635464ns          226264 1c008b28 00070763 beq              x14, x0, 14         x14:00000020
13635484ns          226265 1c008b2a 00f00533 add              x10, x0, x15        x10=1c0005f3 x15:1c0005f3
13635504ns          226266 1c008b2c 0017c70b p.lbu            x14, 1(x15!)        x14=00000023 x15=1c0005f4 x15:1c0005f3  PA:1c0005f3
13635822ns          226282 1c008b30 feb71ce3 bne              x14, x11, -8        x14:00000023 x11:00000064
13635882ns          226285 1c008b28 00070763 beq              x14, x0, 14         x14:00000023
13635902ns          226286 1c008b2a 00f00533 add              x10, x0, x15        x10=1c0005f4 x15:1c0005f4
13635922ns          226287 1c008b2c 0017c70b p.lbu            x14, 1(x15!)        x14=00000030 x15=1c0005f5 x15:1c0005f4  PA:1c0005f4
13636260ns          226304 1c008b30 feb71ce3 bne              x14, x11, -8        x14:00000030 x11:00000064
13636320ns          226307 1c008b28 00070763 beq              x14, x0, 14         x14:00000030
13636340ns          226308 1c008b2a 00f00533 add              x10, x0, x15        x10=1c0005f5 x15:1c0005f5
13636359ns          226309 1c008b2c 0017c70b p.lbu            x14, 1(x15!)        x14=00000000 x15=1c0005f6 x15:1c0005f5  PA:1c0005f5
13636678ns          226325 1c008b30 feb71ce3 bne              x14, x11, -8        x14:00000000 x11:00000064
13636737ns          226328 1c008b28 00070763 beq              x14, x0, 14         x14:00000000
13636817ns          226332 1c008b36 0015b593 sltiu            x11, x11, 1         x11=00000000 x11:00000064
13636837ns          226333 1c008b3a 40b005b3 sub              x11, x0, x11        x11=00000000 x11:00000000
13636857ns          226334 1c008b3e 00b57533 and              x10, x10, x11       x10=00000000 x10:1c0005f5 x11:00000000
13636877ns          226335 1c008b40 00008067 jalr             x0, x1, 0            x1:1c008cfa
13636916ns          226337 1c008cfa 02050a63 beq              x10, x0, 52         x10:00000000
13637036ns          226343 1c008d2e 02a00613 addi             x12, x0, 42         x12=0000002a
13637075ns          226345 1c008d32 2ac48663 beq              x9, x12, 684         x9:00000064 x12:0000002a
13637095ns          226346 1c008d36 fd048613 addi             x12, x9, -48        x12=00000034  x9:00000064
13637115ns          226347 1c008d3a 00900593 addi             x11, x0, 9          x11=00000009
13637135ns          226348 1c008d3c 00000913 addi             x18, x0, 0          x18=00000000
13637175ns          226350 1c008d3e 28c5f063 bgeu             x11, x12, 640       x11:00000009 x12:00000034
13637215ns          226352 1c008d42 02e00693 addi             x13, x0, 46         x13=0000002e
13637235ns          226353 1c008d46 fff00a13 addi             x20, x0, -1         x20=ffffffff
13637254ns          226354 1c008d48 2ed48363 beq              x9, x13, 742         x9:00000064 x13:0000002e
13637274ns          226355 1c008d4c 1c0007b7 lui              x15, 0x1c000000     x15=1c000000
13637294ns          226356 1c008d50 009005b3 add              x11, x0, x9         x11=00000064  x9:00000064
13637314ns          226357 1c008d52 5f878513 addi             x10, x15, 1528      x10=1c0005f8 x15:1c000000
13637334ns          226358 1c008d56 dbfff0ef jal              x1, -578             x1=1c008d58
13637433ns          226363 1c008b14 00054783 lbu              x15, 0(x10)         x15=00000068 x10:1c0005f8  PA:1c0005f8
13637732ns          226378 1c008b18 0ff5f593 andi             x11, x11, 255       x11=00000064 x11:00000064
13637752ns          226379 1c008b1c 00b78c63 beq              x15, x11, 24        x15:00000068 x11:00000064
13637771ns          226380 1c008b20 00078b63 beq              x15, x0, 22         x15:00000068
13637791ns          226381 1c008b22 00150793 addi             x15, x10, 1         x15=1c0005f9 x10:1c0005f8
13637811ns          226382 1c008b26 0040006f jal              x0, 4              
13637851ns          226384 1c008b2a 00f00533 add              x10, x0, x15        x10=1c0005f9 x15:1c0005f9
13637871ns          226385 1c008b2c 0017c70b p.lbu            x14, 1(x15!)        x14=0000006c x15=1c0005fa x15:1c0005f9  PA:1c0005f9
13638189ns          226401 1c008b30 feb71ce3 bne              x14, x11, -8        x14:0000006c x11:00000064
13638249ns          226404 1c008b28 00070763 beq              x14, x0, 14         x14:0000006c
13638269ns          226405 1c008b2a 00f00533 add              x10, x0, x15        x10=1c0005fa x15:1c0005fa
13638289ns          226406 1c008b2c 0017c70b p.lbu            x14, 1(x15!)        x14=0000004c x15=1c0005fb x15:1c0005fa  PA:1c0005fa
13638607ns          226422 1c008b30 feb71ce3 bne              x14, x11, -8        x14:0000004c x11:00000064
13638666ns          226425 1c008b28 00070763 beq              x14, x0, 14         x14:0000004c
13638686ns          226426 1c008b2a 00f00533 add              x10, x0, x15        x10=1c0005fb x15:1c0005fb
13638706ns          226427 1c008b2c 0017c70b p.lbu            x14, 1(x15!)        x14=0000007a x15=1c0005fc x15:1c0005fb  PA:1c0005fb
13639044ns          226444 1c008b30 feb71ce3 bne              x14, x11, -8        x14:0000007a x11:00000064
13639104ns          226447 1c008b28 00070763 beq              x14, x0, 14         x14:0000007a
13639124ns          226448 1c008b2a 00f00533 add              x10, x0, x15        x10=1c0005fc x15:1c0005fc
13639144ns          226449 1c008b2c 0017c70b p.lbu            x14, 1(x15!)        x14=00000000 x15=1c0005fd x15:1c0005fc  PA:1c0005fc
13639462ns          226465 1c008b30 feb71ce3 bne              x14, x11, -8        x14:00000000 x11:00000064
13639522ns          226468 1c008b28 00070763 beq              x14, x0, 14         x14:00000000
13639601ns          226472 1c008b36 0015b593 sltiu            x11, x11, 1         x11=00000000 x11:00000064
13639621ns          226473 1c008b3a 40b005b3 sub              x11, x0, x11        x11=00000000 x11:00000000
13639641ns          226474 1c008b3e 00b57533 and              x10, x10, x11       x10=00000000 x10:1c0005fc x11:00000000
13639661ns          226475 1c008b40 00008067 jalr             x0, x1, 0            x1:1c008d58
13639701ns          226477 1c008d58 01300433 add              x8, x0, x19          x8=1c000541 x19:1c000541
13639721ns          226478 1c008d5a 00050563 beq              x10, x0, 10         x10:00000000
13639780ns          226481 1c008d64 06700693 addi             x13, x0, 103        x13=00000067
13639800ns          226482 1c008d68 2896d963 bge              x13, x9, 658        x13:00000067  x9:00000064
13639880ns          226486 1c008ffa 06500693 addi             x13, x0, 101        x13=00000065
13639900ns          226487 1c008ffe 12d4d563 bge              x9, x13, 298         x9:00000064 x13:00000065
13639919ns          226488 1c009002 04700693 addi             x13, x0, 71         x13=00000047
13639939ns          226489 1c009006 dc96cbe3 blt              x13, x9, -554       x13:00000047  x9:00000064
13640059ns          226495 1c008ddc 06300693 addi             x13, x0, 99         x13=00000063
13640078ns          226496 1c008de0 0ad488e3 beq              x9, x13, 2224        x9:00000064 x13:00000063
13640098ns          226497 1c008de4 0096c9e3 blt              x13, x9, 2066       x13:00000063  x9:00000064
13640238ns          226504 1c0095f6 000c2583 lw               x11, 0(x24)         x11=00000005 x24:10002ab0  PA:10002ab0
13640257ns          226505 1c0095fa 004c0c13 addi             x24, x24, 4         x24=10002ab4 x24:10002ab0
13640277ns          226506 1c0095fc 3405cc63 blt              x11, x0, 856        x11:00000005
13640317ns          226508 1c009600 01412603 lw               x12, 20(x2)         x12=00000000  x2:10002958  PA:1000296c
13640337ns          226509 1c009602 00b006b3 add              x13, x0, x11        x13=00000005 x11:00000005
13640357ns          226510 1c009604 2e061863 bne              x12, x0, 752        x12:00000000
13640377ns          226511 1c009608 01812703 lw               x14, 24(x2)         x14=00000000  x2:10002958  PA:10002970
13640397ns          226512 1c00960a 019007b3 add              x15, x0, x25        x15=1000297c x25:1000297c
13640417ns          226513 1c00960c 00070763 beq              x14, x0, 14         x14:00000000
13640496ns          226517 1c00961a 00f00733 add              x14, x0, x15        x14=1000297c x15:1000297c
13640516ns          226518 1c00961c 00a00513 addi             x10, x0, 10         x10=0000000a
13640576ns          226521 1c00961e 02a6f633 remu             x12, x13, x10       x12=00000005 x13:00000005 x10:0000000a
13641212ns          226553 1c009622 02a6d6b3 divu             x13, x13, x10       x13=00000000 x13:00000005 x10:0000000a
13641829ns          226584 1c009626 03060613 addi             x12, x12, 48        x12=00000035 x12:00000005
13641849ns          226585 1c00962a 00c700ab p.sb             x12, 1(x14!)        x14=1000297d x12:00000035 x14:1000297c  PA:1000297c
13641868ns          226586 1c00962e fe0698e3 bne              x13, x0, -16        x13:00000000
13641888ns          226587 1c009630 40f706b3 sub              x13, x14, x15       x13=00000001 x14:1000297d x15:1000297c
13641908ns          226588 1c009634 0146dc63 bge              x13, x20, 24        x13:00000001 x20:ffffffff
13641968ns          226591 1c00964c 00e006b3 add              x13, x0, x14        x13=1000297d x14:1000297d
13642028ns          226594 1c00964e fe068fab p.sb             x0, -1(x13!)        x13=1000297c x13:1000297d  PA:1000297d
13642067ns          226596 1c009652 00d7fc63 bgeu             x15, x13, 24        x15:1000297c x13:1000297c
13642127ns          226599 1c00966a 01412783 lw               x15, 20(x2)         x15=00000000  x2:10002958  PA:1000296c
13642147ns          226600 1c00966c 01812603 lw               x12, 24(x2)         x12=00000000  x2:10002958  PA:10002970
13642167ns          226601 1c00966e 419704b3 sub              x9, x14, x25         x9=00000001 x14:1000297d x25:1000297c
13642187ns          226602 1c009672 00c7e7b3 or               x15, x15, x12       x15=00000000 x15:00000000 x12:00000000
13642207ns          226603 1c009674 00f12623 sw               x15, 12(x2)         x15:00000000  x2:10002958  PA:10002964
13642226ns          226604 1c009676 00079363 bne              x15, x0, 6          x15:00000000
13642246ns          226605 1c009678 01f5d593 srli             x11, x11, 0x1f      x11=00000000 x11:00000005
13642266ns          226606 1c00967a 00b12623 sw               x11, 12(x2)         x11:00000000  x2:10002958  PA:10002964
13642286ns          226607 1c00967c e3fa28e3 p.beqimm         x20, -464           x20:ffffffff
13642386ns          226612 1c0094ac 0c800793 addi             x15, x0, 200        x15=000000c8
13642425ns          226614 1c0094b0 9e97d0e3 bge              x15, x9, -1568      x15:000000c8  x9:00000001
13642485ns          226617 1c008e90 0f24d163 bge              x9, x18, 226         x9:00000001 x18:00000000
13642624ns          226624 1c008f72 d00482e3 beq              x9, x0, -764         x9:00000001
13642644ns          226625 1c008f76 01900933 add              x18, x0, x25        x18=1000297c x25:1000297c
13642664ns          226626 1c008f78 419d8db3 sub              x27, x27, x25       x27=efffd6a6 x27:00000022 x25:1000297c
13642684ns          226627 1c008f7c 00a0006f jal              x0, 10             
13642743ns          226630 1c008f86 0019450b p.lbu            x10, 1(x18!)        x10=00000035 x18=1000297d x18:1000297c  PA:1000297c
13642763ns          226631 1c008f8a 01a005b3 add              x11, x0, x26        x11=00000002 x26:00000002
13642783ns          226632 1c008f8c 000b00e7 jalr             x1, x22, 0           x1=1c008f8e x22:1c008b94
13642863ns          226636 1c008b94 000026b7 lui              x13, 0x2000         x13=00002000
13642903ns          226638 1c008b96 f14027f3 csrrs            x15, x0, 0xf14      x15=00000005
13642922ns          226639 1c008b9a f8068693 addi             x13, x13, -128      x13=00001f80 x13:00002000
13642982ns          226642 1c008b9e 00379713 slli             x14, x15, 0x3       x14=00000028 x15:00000005
13643002ns          226643 1c008ba2 00279793 slli             x15, x15, 0x2       x15=00000014 x15:00000005
13643022ns          226644 1c008ba4 00d7f7b3 and              x15, x15, x13       x15=00000000 x15:00000014 x13:00001f80
13643042ns          226645 1c008ba6 ee873733 p.bclr           x14, x14, 23, 8     x14=00000028 x14:00000028
13643062ns          226646 1c008baa 1a10f6b7 lui              x13, 0x1a10f000     x13=1a10f000
13643121ns          226649 1c008bae 0ff57513 andi             x10, x10, 255       x10=00000035 x10:00000035
13643141ns          226650 1c008bb2 00d70733 add              x14, x14, x13       x14=1a10f028 x14:00000028 x13:1a10f000
13643161ns          226651 1c008bb4 00a7e723 p.sw             x10, x0(x15)        x10:00000035 x15:00000000  PA:1a10f028
13643519ns          226669 1c008bb8 00000513 addi             x10, x0, 0          x10=00000000
13643539ns          226670 1c008bba 00008067 jalr             x0, x1, 0            x1:1c008f8e
13643579ns          226672 1c008f8e fff48493 addi             x9, x9, -1           x9=00000000  x9:00000001
13643599ns          226673 1c008f90 fff537e3 p.bneimm         x10, -18            x10:00000000
13643678ns          226677 1c008f7e 012d8733 add              x14, x27, x18       x14=00000023 x27:efffd6a6 x18:1000297d
13643698ns          226678 1c008f82 5a048b63 beq              x9, x0, 1462         x9:00000000
13643798ns          226683 1c009538 00e00db3 add              x27, x0, x14        x27=00000023 x14:00000023
13643837ns          226685 1c00953a f3cff06f jal              x0, -2244          
13644016ns          226694 1c008c76 00044503 lbu              x10, 0(x8)          x10=0000000a  x8:1c000541  PA:1c000541
13644315ns          226709 1c008c7a 00140413 addi             x8, x8, 1            x8=1c000542  x8:1c000541
13644335ns          226710 1c008c7c 00050e63 beq              x10, x0, 28         x10:0000000a
13644354ns          226711 1c008c7e 02500793 addi             x15, x0, 37         x15=00000025
13644374ns          226712 1c008c82 04f50863 beq              x10, x15, 80        x10:0000000a x15:00000025
13644394ns          226713 1c008c86 01a005b3 add              x11, x0, x26        x11=00000002 x26:00000002
13644414ns          226714 1c008c88 000b00e7 jalr             x1, x22, 0           x1=1c008c8a x22:1c008b94
13644553ns          226721 1c008b94 000026b7 lui              x13, 0x2000         x13=00002000
13644593ns          226723 1c008b96 f14027f3 csrrs            x15, x0, 0xf14      x15=00000005
13644613ns          226724 1c008b9a f8068693 addi             x13, x13, -128      x13=00001f80 x13:00002000
13644633ns          226725 1c008b9e 00379713 slli             x14, x15, 0x3       x14=00000028 x15:00000005
13644653ns          226726 1c008ba2 00279793 slli             x15, x15, 0x2       x15=00000014 x15:00000005
13644673ns          226727 1c008ba4 00d7f7b3 and              x15, x15, x13       x15=00000000 x15:00000014 x13:00001f80
13644693ns          226728 1c008ba6 ee873733 p.bclr           x14, x14, 23, 8     x14=00000028 x14:00000028
13644712ns          226729 1c008baa 1a10f6b7 lui              x13, 0x1a10f000     x13=1a10f000
13644732ns          226730 1c008bae 0ff57513 andi             x10, x10, 255       x10=0000000a x10:0000000a
13644752ns          226731 1c008bb2 00d70733 add              x14, x14, x13       x14=1a10f028 x14:00000028 x13:1a10f000
13644772ns          226732 1c008bb4 00a7e723 p.sw             x10, x0(x15)        x10:0000000a x15:00000000  PA:1a10f028
13645130ns          226750 1c008bb8 00000513 addi             x10, x0, 0          x10=00000000
13645150ns          226751 1c008bba 00008067 jalr             x0, x1, 0            x1:1c008c8a
13645210ns          226754 1c008c8a 31f52563 p.beqimm         x10, 778            x10:00000000
13645229ns          226755 1c008c8e 001d8d93 addi             x27, x27, 1         x27=00000024 x27:00000023
13645249ns          226756 1c008c90 00044503 lbu              x10, 0(x8)          x10=00000000  x8:1c000542  PA:1c000542
13645548ns          226771 1c008c94 00140413 addi             x8, x8, 1            x8=1c000543  x8:1c000542
13645568ns          226772 1c008c96 fe0514e3 bne              x10, x0, -24        x10:00000000
13645587ns          226773 1c008c98 01b00433 add              x8, x0, x27          x8=00000024 x27:00000024
13645607ns          226774 1c008c9a 00800533 add              x10, x0, x8         x10=00000024  x8:00000024
13645627ns          226775 1c008c9c 12c12083 lw               x1, 300(x2)          x1=1c008c28  x2:10002958  PA:10002a84
13645647ns          226776 1c008ca0 12812403 lw               x8, 296(x2)          x8=00000005  x2:10002958  PA:10002a80
13645667ns          226777 1c008ca4 12412483 lw               x9, 292(x2)          x9=00000000  x2:10002958  PA:10002a7c
13645687ns          226778 1c008ca8 12012903 lw               x18, 288(x2)        x18=00000000  x2:10002958  PA:10002a78
13645707ns          226779 1c008cac 11c12983 lw               x19, 284(x2)        x19=00000000  x2:10002958  PA:10002a74
13645846ns          226786 1c008cb0 11812a03 lw               x20, 280(x2)        x20=00000000  x2:10002958  PA:10002a70
13645886ns          226788 1c008cb4 11412a83 lw               x21, 276(x2)        x21=00000000  x2:10002958  PA:10002a6c
13645906ns          226789 1c008cb8 11012b03 lw               x22, 272(x2)        x22=00000000  x2:10002958  PA:10002a68
13645926ns          226790 1c008cbc 10c12b83 lw               x23, 268(x2)        x23=00000000  x2:10002958  PA:10002a64
13646363ns          226812 1c008cc0 10812c03 lw               x24, 264(x2)        x24=00000000  x2:10002958  PA:10002a60
13646403ns          226814 1c008cc4 10412c83 lw               x25, 260(x2)        x25=00000000  x2:10002958  PA:10002a5c
13646423ns          226815 1c008cc8 10012d03 lw               x26, 256(x2)        x26=00000000  x2:10002958  PA:10002a58
13646443ns          226816 1c008ccc 0fc12d83 lw               x27, 252(x2)        x27=00000000  x2:10002958  PA:10002a54
13646463ns          226817 1c008cce 13010113 addi             x2, x2, 304          x2=10002a88  x2:10002958
13646482ns          226818 1c008cd0 00008067 jalr             x0, x1, 0            x1:1c008c28
13646562ns          226822 1c008c28 01c12083 lw               x1, 28(x2)           x1=1c008254  x2:10002a88  PA:10002aa4
13646582ns          226823 1c008c2a 04010113 addi             x2, x2, 64           x2=10002ac8  x2:10002a88
13646622ns          226825 1c008c2c 00008067 jalr             x0, x1, 0            x1:1c008254
13647119ns          226850 1c008254 437010ef jal              x1, 7222             x1=1c008258
13647616ns          226875 1c009e8a f14027f3 csrrs            x15, x0, 0xf14      x15=00000005
13647636ns          226876 1c009e8e 01f00713 addi             x14, x0, 31         x14=0000001f
13648054ns          226897 1c009e90 ca5797b3 p.extractu       x15, x15, 5, 5      x15=00000000 x15:00000005
13648093ns          226899 1c009e94 00e78863 beq              x15, x14, 16        x15:00000000 x14:0000001f
13648113ns          226900 1c009e98 002047b7 lui              x15, 0x204000       x15=00204000
13648133ns          226901 1c009e9c 20078793 addi             x15, x15, 512       x15=00204200 x15:00204000
13648571ns          226923 1c009ea0 01c7e703 p.elw            x14, 28(x15)        x14=00010000 x15:00204200  PA:0020421c
13648730ns          226931 1c009ea4 00008067 jalr             x0, x1, 0            x1:1c008258
13649128ns          226951 1c008258 02040763 beq              x8, x0, 46           x8:00000005
13649147ns          226952 1c00825a 431010ef jal              x1, 7216             x1=1c00825e
13649665ns          226978 1c009e8a f14027f3 csrrs            x15, x0, 0xf14      x15=00000005
13649684ns          226979 1c009e8e 01f00713 addi             x14, x0, 31         x14=0000001f
13649704ns          226980 1c009e90 ca5797b3 p.extractu       x15, x15, 5, 5      x15=00000000 x15:00000005
13649724ns          226981 1c009e94 00e78863 beq              x15, x14, 16        x15:00000000 x14:0000001f
13649744ns          226982 1c009e98 002047b7 lui              x15, 0x204000       x15=00204000
13649764ns          226983 1c009e9c 20078793 addi             x15, x15, 512       x15=00204200 x15:00204000
13649784ns          226984 1c009ea0 01c7e703 p.elw            x14, 28(x15)        x14=00010000 x15:00204200  PA:0020421c
15310255ns          310035 1c009ea4 00008067 jalr             x0, x1, 0            x1:1c00825e
15310315ns          310038 1c00825e 52c12083 lw               x1, 1324(x2)         x1=1c009d5c  x2:10002ac8  PA:10002ff4
15310435ns          310044 1c008262 52812403 lw               x8, 1320(x2)         x8=00000000  x2:10002ac8  PA:10002ff0
15310455ns          310045 1c008266 52412483 lw               x9, 1316(x2)         x9=00000000  x2:10002ac8  PA:10002fec
15310475ns          310046 1c00826a 52012903 lw               x18, 1312(x2)       x18=00000000  x2:10002ac8  PA:10002fe8
15310917ns          310068 1c00826e 51c12983 lw               x19, 1308(x2)       x19=00000000  x2:10002ac8  PA:10002fe4
15310957ns          310070 1c008272 51812a03 lw               x20, 1304(x2)       x20=00000000  x2:10002ac8  PA:10002fe0
15310977ns          310071 1c008276 51412a83 lw               x21, 1300(x2)       x21=00000000  x2:10002ac8  PA:10002fdc
15310997ns          310072 1c00827a 51012b03 lw               x22, 1296(x2)       x22=00000000  x2:10002ac8  PA:10002fd8
15311017ns          310073 1c00827e 00100513 addi             x10, x0, 1          x10=00000001
15311057ns          310075 1c008280 53010113 addi             x2, x2, 1328         x2=10002ff8  x2:10002ac8
15311097ns          310077 1c008284 00008067 jalr             x0, x1, 0            x1:1c009d5c
15311178ns          310081 1c009d5c 01f00713 addi             x14, x0, 31         x14=0000001f
15311699ns          310107 1c009d5e f14027f3 csrrs            x15, x0, 0xf14      x15=00000005
15311739ns          310109 1c009d62 ca5797b3 p.extractu       x15, x15, 5, 5      x15=00000000 x15:00000005
15311759ns          310110 1c009d66 00e78863 beq              x15, x14, 16        x15:00000000 x14:0000001f
15311779ns          310111 1c009d6a 002047b7 lui              x15, 0x204000       x15=00204000
15312161ns          310130 1c009d6e 20078793 addi             x15, x15, 512       x15=00204200 x15:00204000
15312201ns          310132 1c009d72 01c7e703 p.elw            x14, 28(x15)        x14=00010000 x15:00204200  PA:0020421c
15312401ns          310142 1c009d76 f14027f3 csrrs            x15, x0, 0xf14      x15=00000005
15312421ns          310143 1c009d7a f457b7b3 p.bclr           x15, x15, 26, 5     x15=00000005 x15:00000005
15312442ns          310144 1c009d7e 00079963 bne              x15, x0, 18         x15:00000005
15313144ns          310179 1c009d90 002047b7 lui              x15, 0x204000       x15=00204000
15313184ns          310181 1c009d94 fff00713 addi             x14, x0, -1         x14=ffffffff
15313204ns          310182 1c009d96 00e7a223 sw               x14, 4(x15)         x14:ffffffff x15:00204000  PA:00204004
