                Time          Cycles PC       Instr    Mnemonic
13435272ns          216198 1c008080 000000b7 lui              x1, 0x0              x1=00000000
13435312ns          216200 1c008084 00000137 lui              x2, 0x0              x2=00000000
13435332ns          216201 1c008088 000001b7 lui              x3, 0x0              x3=00000000
13435351ns          216202 1c00808c 00000237 lui              x4, 0x0              x4=00000000
13435789ns          216224 1c008090 000002b7 lui              x5, 0x0              x5=00000000
13435829ns          216226 1c008094 00000337 lui              x6, 0x0              x6=00000000
13435849ns          216227 1c008098 000003b7 lui              x7, 0x0              x7=00000000
13435869ns          216228 1c00809c 00000437 lui              x8, 0x0              x8=00000000
13436306ns          216250 1c0080a0 000004b7 lui              x9, 0x0              x9=00000000
13436346ns          216252 1c0080a4 00000537 lui              x10, 0x0            x10=00000000
13436366ns          216253 1c0080a8 000005b7 lui              x11, 0x0            x11=00000000
13436386ns          216254 1c0080ac 00000637 lui              x12, 0x0            x12=00000000
13436843ns          216277 1c0080b0 000006b7 lui              x13, 0x0            x13=00000000
13436883ns          216279 1c0080b4 00000737 lui              x14, 0x0            x14=00000000
13436903ns          216280 1c0080b8 000007b7 lui              x15, 0x0            x15=00000000
13436923ns          216281 1c0080bc 00000837 lui              x16, 0x0            x16=00000000
13437360ns          216303 1c0080c0 000008b7 lui              x17, 0x0            x17=00000000
13437400ns          216305 1c0080c4 00000937 lui              x18, 0x0            x18=00000000
13437420ns          216306 1c0080c8 000009b7 lui              x19, 0x0            x19=00000000
13437440ns          216307 1c0080cc 00000a37 lui              x20, 0x0            x20=00000000
13437877ns          216329 1c0080d0 00000ab7 lui              x21, 0x0            x21=00000000
13437917ns          216331 1c0080d4 00000b37 lui              x22, 0x0            x22=00000000
13437937ns          216332 1c0080d8 00000bb7 lui              x23, 0x0            x23=00000000
13437957ns          216333 1c0080dc 00000c37 lui              x24, 0x0            x24=00000000
13438394ns          216355 1c0080e0 00000cb7 lui              x25, 0x0            x25=00000000
13438434ns          216357 1c0080e4 00000d37 lui              x26, 0x0            x26=00000000
13438454ns          216358 1c0080e8 00000db7 lui              x27, 0x0            x27=00000000
13438474ns          216359 1c0080ec 00000e37 lui              x28, 0x0            x28=00000000
13438911ns          216381 1c0080f0 00000eb7 lui              x29, 0x0            x29=00000000
13438951ns          216383 1c0080f4 00000f37 lui              x30, 0x0            x30=00000000
13438971ns          216384 1c0080f8 00000fb7 lui              x31, 0x0            x31=00000000
13438991ns          216385 1c0080fc 0700006f jal              x0, 112            
13439906ns          216431 1c00816c f1402573 csrrs            x10, x0, 0xf14      x10=00000001
13440363ns          216454 1c008170 01f57593 andi             x11, x10, 31        x11=00000001 x10:00000001
13440403ns          216456 1c008174 00555513 srli             x10, x10, 0x5       x10=00000000 x10:00000001
13440423ns          216457 1c008176 01f00613 addi             x12, x0, 31         x12=0000001f
13440443ns          216458 1c008178 00c50463 beq              x10, x12, 8         x10:00000000 x12:0000001f
13440463ns          216459 1c00817c f95ff06f jal              x0, -108           
13441358ns          216504 1c008110 f3ff8117 auipc            x2, 0xf3ff8000       x2=10000110
13441397ns          216506 1c008114 ef410113 addi             x2, x2, -268         x2=10000004  x2:10000110
13441417ns          216507 1c008118 00012103 lw               x2, 0(x2)            x2=10000008  x2:10000004  PA:10000004
13441437ns          216508 1c00811c 000011b7 lui              x3, 0x1000           x3=00001000
13441875ns          216530 1c008120 80018193 addi             x3, x3, -2048        x3=00000800  x3:00001000
13441914ns          216532 1c008124 00158593 addi             x11, x11, 1         x11=00000002 x11:00000001
13441934ns          216533 1c008128 02b180b3 mul              x1, x3, x11          x1=00001000  x3:00000800 x11:00000002
13441954ns          216534 1c00812c 00110133 add              x2, x2, x1           x2=10001008  x2:10000008  x1:00001000
13442392ns          216556 1c008130 3f30106f jal              x0, 7154           
13442849ns          216579 1c009d22 ff010113 addi             x2, x2, -16          x2=10000ff8  x2:10001008
13442889ns          216581 1c009d24 00112623 sw               x1, 12(x2)           x1:00001000  x2:10000ff8  PA:10001004
13442909ns          216582 1c009d26 002047b7 lui              x15, 0x204000       x15=00204000
13442929ns          216583 1c009d2a 00070737 lui              x14, 0x70000        x14=00070000
13442949ns          216584 1c009d2e 00e7a423 sw               x14, 8(x15)         x14:00070000 x15:00204000  PA:00204008
13443386ns          216606 1c009d30 0ff00713 addi             x14, x0, 255        x14=000000ff
13443426ns          216608 1c009d34 20078793 addi             x15, x15, 512       x15=00204200 x15:00204000
13443446ns          216609 1c009d38 00e7a023 sw               x14, 0(x15)         x14:000000ff x15:00204200  PA:00204200
13443466ns          216610 1c009d3c 00e7a623 sw               x14, 12(x15)        x14:000000ff x15:00204200  PA:0020420c
13443903ns          216632 1c009d40 01f00693 addi             x13, x0, 31         x13=0000001f
13443943ns          216634 1c009d42 f1402773 csrrs            x14, x0, 0xf14      x14=00000001
13443963ns          216635 1c009d46 ca571733 p.extractu       x14, x14, 5, 5      x14=00000000 x14:00000001
13443983ns          216636 1c009d4a 00d70463 beq              x14, x13, 8         x14:00000000 x13:0000001f
13444420ns          216658 1c009d4e 01c7e703 p.elw            x14, 28(x15)        x14=00010000 x15:00204200  PA:0020421c
13444679ns          216671 1c009d52 1c0017b7 lui              x15, 0x1c001000     x15=1c001000
13444699ns          216672 1c009d56 e347a783 lw               x15, -460(x15)      x15=1c0081c6 x15:1c001000  PA:1c000e34
13445057ns          216690 1c009d5a 000780e7 jalr             x1, x15, 0           x1=1c009d5c x15:1c0081c6
13445713ns          216723 1c0081c6 1c0007b7 lui              x15, 0x1c000000     x15=1c000000
13445733ns          216724 1c0081ca ad010113 addi             x2, x2, -1328        x2=10000ac8  x2:10000ff8
13446190ns          216747 1c0081ce 01c78793 addi             x15, x15, 28        x15=1c00001c x15:1c000000
13446230ns          216749 1c0081d2 52112623 sw               x1, 1324(x2)         x1:1c009d5c  x2:10000ac8  PA:10000ff4
13446250ns          216750 1c0081d6 52812423 sw               x8, 1320(x2)         x8:00000000  x2:10000ac8  PA:10000ff0
13446270ns          216751 1c0081da 52912223 sw               x9, 1316(x2)         x9:00000000  x2:10000ac8  PA:10000fec
13446707ns          216773 1c0081de 53212023 sw               x18, 1312(x2)       x18:00000000  x2:10000ac8  PA:10000fe8
13446747ns          216775 1c0081e2 51312e23 sw               x19, 1308(x2)       x19:00000000  x2:10000ac8  PA:10000fe4
13446767ns          216776 1c0081e6 51412c23 sw               x20, 1304(x2)       x20:00000000  x2:10000ac8  PA:10000fe0
13446787ns          216777 1c0081ea 51512a23 sw               x21, 1300(x2)       x21:00000000  x2:10000ac8  PA:10000fdc
13447225ns          216799 1c0081ee 51612823 sw               x22, 1296(x2)       x22:00000000  x2:10000ac8  PA:10000fd8
13447244ns          216800 1c0081f2 01010713 addi             x14, x2, 16         x14=10000ad8  x2:10000ac8
13447264ns          216801 1c0081f4 28078613 addi             x12, x15, 640       x12=1c00029c x15:1c00001c
13447284ns          216802 1c0081f8 0287d0fb lp.setupi        0x1, 0x28, 0xf     
13447304ns          216803 1c0081fc 0007a883 lw               x17, 0(x15)         x17=0e590eac x15:1c00001c  PA:1c00001c
13447742ns          216825 1c008200 0047a803 lw               x16, 4(x15)         x16=009e0386 x15:1c00001c  PA:1c000020
13448060ns          216841 1c008204 0087a503 lw               x10, 8(x15)         x10=0eb50814 x15:1c00001c  PA:1c000024
13448398ns          216858 1c008206 00c7a583 lw               x11, 12(x15)        x11=02f60cd6 x15:1c00001c  PA:1c000028
13448736ns          216875 1c008208 01172023 sw               x17, 0(x14)         x17:0e590eac x14:10000ad8  PA:10000ad8
13448756ns          216876 1c00820c 01072223 sw               x16, 4(x14)         x16:009e0386 x14:10000ad8  PA:10000adc
13448776ns          216877 1c008210 00a72423 sw               x10, 8(x14)         x10:0eb50814 x14:10000ad8  PA:10000ae0
13448796ns          216878 1c008212 00b72623 sw               x11, 12(x14)        x11:02f60cd6 x14:10000ad8  PA:10000ae4
13448816ns          216879 1c008214 01078793 addi             x15, x15, 16        x15=1c00002c x15:1c00001c
13448835ns          216880 1c008216 01070713 addi             x14, x14, 16        x14=10000ae8 x14:10000ad8
13449333ns          216905 1c0081fc 0007a883 lw               x17, 0(x15)         x17=0b450a59 x15:1c00002c  PA:1c00002c
13449651ns          216921 1c008200 0047a803 lw               x16, 4(x15)         x16=060c097a x15:1c00002c  PA:1c000030
13450069ns          216942 1c008204 0087a503 lw               x10, 8(x15)         x10=08700afa x15:1c00002c  PA:1c000034
13450466ns          216962 1c008206 00c7a583 lw               x11, 12(x15)        x11=02ba0d87 x15:1c00002c  PA:1c000038
13450864ns          216982 1c008208 01172023 sw               x17, 0(x14)         x17:0b450a59 x14:10000ae8  PA:10000ae8
13450884ns          216983 1c00820c 01072223 sw               x16, 4(x14)         x16:060c097a x14:10000ae8  PA:10000aec
13450904ns          216984 1c008210 00a72423 sw               x10, 8(x14)         x10:08700afa x14:10000ae8  PA:10000af0
13450924ns          216985 1c008212 00b72623 sw               x11, 12(x14)        x11:02ba0d87 x14:10000ae8  PA:10000af4
13450944ns          216986 1c008214 01078793 addi             x15, x15, 16        x15=1c00003c x15:1c00002c
13450964ns          216987 1c008216 01070713 addi             x14, x14, 16        x14=10000af8 x14:10000ae8
13450983ns          216988 1c0081fc 0007a883 lw               x17, 0(x15)         x17=0ccb0ef9 x15:1c00003c  PA:1c00003c
13451302ns          217004 1c008200 0047a803 lw               x16, 4(x15)         x16=0c44086a x15:1c00003c  PA:1c000040
13451600ns          217019 1c008204 0087a503 lw               x10, 8(x15)         x10=01f000cb x15:1c00003c  PA:1c000044
13451898ns          217034 1c008206 00c7a583 lw               x11, 12(x15)        x11=00770ef7 x15:1c00003c  PA:1c000048
13452197ns          217049 1c008208 01172023 sw               x17, 0(x14)         x17:0ccb0ef9 x14:10000af8  PA:10000af8
13452216ns          217050 1c00820c 01072223 sw               x16, 4(x14)         x16:0c44086a x14:10000af8  PA:10000afc
13452236ns          217051 1c008210 00a72423 sw               x10, 8(x14)         x10:01f000cb x14:10000af8  PA:10000b00
13452256ns          217052 1c008212 00b72623 sw               x11, 12(x14)        x11:00770ef7 x14:10000af8  PA:10000b04
13452276ns          217053 1c008214 01078793 addi             x15, x15, 16        x15=1c00004c x15:1c00003c
13452296ns          217054 1c008216 01070713 addi             x14, x14, 16        x14=10000b08 x14:10000af8
13452316ns          217055 1c0081fc 0007a883 lw               x17, 0(x15)         x17=0a270eb9 x15:1c00004c  PA:1c00004c
13452634ns          217071 1c008200 0047a803 lw               x16, 4(x15)         x16=00370d49 x15:1c00004c  PA:1c000050
13453012ns          217090 1c008204 0087a503 lw               x10, 8(x15)         x10=0af30b46 x15:1c00004c  PA:1c000054
13453410ns          217110 1c008206 00c7a583 lw               x11, 12(x15)        x11=049001e8 x15:1c00004c  PA:1c000058
13453807ns          217130 1c008208 01172023 sw               x17, 0(x14)         x17:0a270eb9 x14:10000b08  PA:10000b08
13453827ns          217131 1c00820c 01072223 sw               x16, 4(x14)         x16:00370d49 x14:10000b08  PA:10000b0c
13453847ns          217132 1c008210 00a72423 sw               x10, 8(x14)         x10:0af30b46 x14:10000b08  PA:10000b10
13453867ns          217133 1c008212 00b72623 sw               x11, 12(x14)        x11:049001e8 x14:10000b08  PA:10000b14
13453887ns          217134 1c008214 01078793 addi             x15, x15, 16        x15=1c00005c x15:1c00004c
13453907ns          217135 1c008216 01070713 addi             x14, x14, 16        x14=10000b18 x14:10000b08
13453927ns          217136 1c0081fc 0007a883 lw               x17, 0(x15)         x17=08d200d0 x15:1c00005c  PA:1c00005c
13454225ns          217151 1c008200 0047a803 lw               x16, 4(x15)         x16=0f0d0354 x15:1c00005c  PA:1c000060
13454523ns          217166 1c008204 0087a503 lw               x10, 8(x15)         x10=087a0ca7 x15:1c00005c  PA:1c000064
13454822ns          217181 1c008206 00c7a583 lw               x11, 12(x15)        x11=0f4f002c x15:1c00005c  PA:1c000068
13455120ns          217196 1c008208 01172023 sw               x17, 0(x14)         x17:08d200d0 x14:10000b18  PA:10000b18
13455140ns          217197 1c00820c 01072223 sw               x16, 4(x14)         x16:0f0d0354 x14:10000b18  PA:10000b1c
13455160ns          217198 1c008210 00a72423 sw               x10, 8(x14)         x10:087a0ca7 x14:10000b18  PA:10000b20
13455180ns          217199 1c008212 00b72623 sw               x11, 12(x14)        x11:0f4f002c x14:10000b18  PA:10000b24
13455200ns          217200 1c008214 01078793 addi             x15, x15, 16        x15=1c00006c x15:1c00005c
13455220ns          217201 1c008216 01070713 addi             x14, x14, 16        x14=10000b28 x14:10000b18
13455239ns          217202 1c0081fc 0007a883 lw               x17, 0(x15)         x17=02620649 x15:1c00006c  PA:1c00006c
13455538ns          217217 1c008200 0047a803 lw               x16, 4(x15)         x16=0c740657 x15:1c00006c  PA:1c000070
13455916ns          217236 1c008204 0087a503 lw               x10, 8(x15)         x10=02d10a02 x15:1c00006c  PA:1c000074
13456313ns          217256 1c008206 00c7a583 lw               x11, 12(x15)        x11=01740b50 x15:1c00006c  PA:1c000078
13456731ns          217277 1c008208 01172023 sw               x17, 0(x14)         x17:02620649 x14:10000b28  PA:10000b28
13456751ns          217278 1c00820c 01072223 sw               x16, 4(x14)         x16:0c740657 x14:10000b28  PA:10000b2c
13456771ns          217279 1c008210 00a72423 sw               x10, 8(x14)         x10:02d10a02 x14:10000b28  PA:10000b30
13456791ns          217280 1c008212 00b72623 sw               x11, 12(x14)        x11:01740b50 x14:10000b28  PA:10000b34
13456811ns          217281 1c008214 01078793 addi             x15, x15, 16        x15=1c00007c x15:1c00006c
13456830ns          217282 1c008216 01070713 addi             x14, x14, 16        x14=10000b38 x14:10000b28
13456850ns          217283 1c0081fc 0007a883 lw               x17, 0(x15)         x17=0c0c0778 x15:1c00007c  PA:1c00007c
13457169ns          217299 1c008200 0047a803 lw               x16, 4(x15)         x16=0ef400c1 x15:1c00007c  PA:1c000080
13457467ns          217314 1c008204 0087a503 lw               x10, 8(x15)         x10=04780790 x15:1c00007c  PA:1c000084
13457765ns          217329 1c008206 00c7a583 lw               x11, 12(x15)        x11=0b29036f x15:1c00007c  PA:1c000088
13458064ns          217344 1c008208 01172023 sw               x17, 0(x14)         x17:0c0c0778 x14:10000b38  PA:10000b38
13458083ns          217345 1c00820c 01072223 sw               x16, 4(x14)         x16:0ef400c1 x14:10000b38  PA:10000b3c
13458103ns          217346 1c008210 00a72423 sw               x10, 8(x14)         x10:04780790 x14:10000b38  PA:10000b40
13458123ns          217347 1c008212 00b72623 sw               x11, 12(x14)        x11:0b29036f x14:10000b38  PA:10000b44
13458143ns          217348 1c008214 01078793 addi             x15, x15, 16        x15=1c00008c x15:1c00007c
13458163ns          217349 1c008216 01070713 addi             x14, x14, 16        x14=10000b48 x14:10000b38
13458183ns          217350 1c0081fc 0007a883 lw               x17, 0(x15)         x17=05ce0329 x15:1c00008c  PA:1c00008c
13458481ns          217365 1c008200 0047a803 lw               x16, 4(x15)         x16=07bc0b75 x15:1c00008c  PA:1c000090
13458779ns          217380 1c008204 0087a503 lw               x10, 8(x15)         x10=0a9f079e x15:1c00008c  PA:1c000094
13459217ns          217402 1c008206 00c7a583 lw               x11, 12(x15)        x11=018e0819 x15:1c00008c  PA:1c000098
13459615ns          217422 1c008208 01172023 sw               x17, 0(x14)         x17:05ce0329 x14:10000b48  PA:10000b48
13459635ns          217423 1c00820c 01072223 sw               x16, 4(x14)         x16:07bc0b75 x14:10000b48  PA:10000b4c
13459655ns          217424 1c008210 00a72423 sw               x10, 8(x14)         x10:0a9f079e x14:10000b48  PA:10000b50
13459674ns          217425 1c008212 00b72623 sw               x11, 12(x14)        x11:018e0819 x14:10000b48  PA:10000b54
13459694ns          217426 1c008214 01078793 addi             x15, x15, 16        x15=1c00009c x15:1c00008c
13459714ns          217427 1c008216 01070713 addi             x14, x14, 16        x14=10000b58 x14:10000b48
13459734ns          217428 1c0081fc 0007a883 lw               x17, 0(x15)         x17=0cbf0b8d x15:1c00009c  PA:1c00009c
13460032ns          217443 1c008200 0047a803 lw               x16, 4(x15)         x16=0b0005ee x15:1c00009c  PA:1c0000a0
13460371ns          217460 1c008204 0087a503 lw               x10, 8(x15)         x10=094a0b4e x15:1c00009c  PA:1c0000a4
13460788ns          217481 1c008206 00c7a583 lw               x11, 12(x15)        x11=03d006b2 x15:1c00009c  PA:1c0000a8
13461186ns          217501 1c008208 01172023 sw               x17, 0(x14)         x17:0cbf0b8d x14:10000b58  PA:10000b58
13461206ns          217502 1c00820c 01072223 sw               x16, 4(x14)         x16:0b0005ee x14:10000b58  PA:10000b5c
13461226ns          217503 1c008210 00a72423 sw               x10, 8(x14)         x10:094a0b4e x14:10000b58  PA:10000b60
13461246ns          217504 1c008212 00b72623 sw               x11, 12(x14)        x11:03d006b2 x14:10000b58  PA:10000b64
13461265ns          217505 1c008214 01078793 addi             x15, x15, 16        x15=1c0000ac x15:1c00009c
13461285ns          217506 1c008216 01070713 addi             x14, x14, 16        x14=10000b68 x14:10000b58
13461305ns          217507 1c0081fc 0007a883 lw               x17, 0(x15)         x17=0f0f0fd0 x15:1c0000ac  PA:1c0000ac
13461604ns          217522 1c008200 0047a803 lw               x16, 4(x15)         x16=0a8801c9 x15:1c0000ac  PA:1c0000b0
13461922ns          217538 1c008204 0087a503 lw               x10, 8(x15)         x10=06140441 x15:1c0000ac  PA:1c0000b4
13462220ns          217553 1c008206 00c7a583 lw               x11, 12(x15)        x11=0c62004b x15:1c0000ac  PA:1c0000b8
13462518ns          217568 1c008208 01172023 sw               x17, 0(x14)         x17:0f0f0fd0 x14:10000b68  PA:10000b68
13462538ns          217569 1c00820c 01072223 sw               x16, 4(x14)         x16:0a8801c9 x14:10000b68  PA:10000b6c
13462558ns          217570 1c008210 00a72423 sw               x10, 8(x14)         x10:06140441 x14:10000b68  PA:10000b70
13462578ns          217571 1c008212 00b72623 sw               x11, 12(x14)        x11:0c62004b x14:10000b68  PA:10000b74
13462598ns          217572 1c008214 01078793 addi             x15, x15, 16        x15=1c0000bc x15:1c0000ac
13462618ns          217573 1c008216 01070713 addi             x14, x14, 16        x14=10000b78 x14:10000b68
13462638ns          217574 1c0081fc 0007a883 lw               x17, 0(x15)         x17=0d5d0649 x15:1c0000bc  PA:1c0000bc
13462936ns          217589 1c008200 0047a803 lw               x16, 4(x15)         x16=01f50d4f x15:1c0000bc  PA:1c0000c0
13463314ns          217608 1c008204 0087a503 lw               x10, 8(x15)         x10=0f020523 x15:1c0000bc  PA:1c0000c4
13463712ns          217628 1c008206 00c7a583 lw               x11, 12(x15)        x11=03c608aa x15:1c0000bc  PA:1c0000c8
13464109ns          217648 1c008208 01172023 sw               x17, 0(x14)         x17:0d5d0649 x14:10000b78  PA:10000b78
13464129ns          217649 1c00820c 01072223 sw               x16, 4(x14)         x16:01f50d4f x14:10000b78  PA:10000b7c
13464149ns          217650 1c008210 00a72423 sw               x10, 8(x14)         x10:0f020523 x14:10000b78  PA:10000b80
13464169ns          217651 1c008212 00b72623 sw               x11, 12(x14)        x11:03c608aa x14:10000b78  PA:10000b84
13464189ns          217652 1c008214 01078793 addi             x15, x15, 16        x15=1c0000cc x15:1c0000bc
13464209ns          217653 1c008216 01070713 addi             x14, x14, 16        x14=10000b88 x14:10000b78
13464229ns          217654 1c0081fc 0007a883 lw               x17, 0(x15)         x17=004909b8 x15:1c0000cc  PA:1c0000cc
13464527ns          217669 1c008200 0047a803 lw               x16, 4(x15)         x16=01430185 x15:1c0000cc  PA:1c0000d0
13464825ns          217684 1c008204 0087a503 lw               x10, 8(x15)         x10=0253007a x15:1c0000cc  PA:1c0000d4
13465124ns          217699 1c008206 00c7a583 lw               x11, 12(x15)        x11=07d70eb3 x15:1c0000cc  PA:1c0000d8
13465422ns          217714 1c008208 01172023 sw               x17, 0(x14)         x17:004909b8 x14:10000b88  PA:10000b88
13465442ns          217715 1c00820c 01072223 sw               x16, 4(x14)         x16:01430185 x14:10000b88  PA:10000b8c
13465462ns          217716 1c008210 00a72423 sw               x10, 8(x14)         x10:0253007a x14:10000b88  PA:10000b90
13465482ns          217717 1c008212 00b72623 sw               x11, 12(x14)        x11:07d70eb3 x14:10000b88  PA:10000b94
13465502ns          217718 1c008214 01078793 addi             x15, x15, 16        x15=1c0000dc x15:1c0000cc
13465522ns          217719 1c008216 01070713 addi             x14, x14, 16        x14=10000b98 x14:10000b88
13465541ns          217720 1c0081fc 0007a883 lw               x17, 0(x15)         x17=0c4b0938 x15:1c0000dc  PA:1c0000dc
13465880ns          217737 1c008200 0047a803 lw               x16, 4(x15)         x16=0fff047a x15:1c0000dc  PA:1c0000e0
13466237ns          217755 1c008204 0087a503 lw               x10, 8(x15)         x10=02de0f03 x15:1c0000dc  PA:1c0000e4
13466635ns          217775 1c008206 00c7a583 lw               x11, 12(x15)        x11=04dc0393 x15:1c0000dc  PA:1c0000e8
13467053ns          217796 1c008208 01172023 sw               x17, 0(x14)         x17:0c4b0938 x14:10000b98  PA:10000b98
13467073ns          217797 1c00820c 01072223 sw               x16, 4(x14)         x16:0fff047a x14:10000b98  PA:10000b9c
13467093ns          217798 1c008210 00a72423 sw               x10, 8(x14)         x10:02de0f03 x14:10000b98  PA:10000ba0
13467113ns          217799 1c008212 00b72623 sw               x11, 12(x14)        x11:04dc0393 x14:10000b98  PA:10000ba4
13467132ns          217800 1c008214 01078793 addi             x15, x15, 16        x15=1c0000ec x15:1c0000dc
13467152ns          217801 1c008216 01070713 addi             x14, x14, 16        x14=10000ba8 x14:10000b98
13467172ns          217802 1c0081fc 0007a883 lw               x17, 0(x15)         x17=0e1807a5 x15:1c0000ec  PA:1c0000ec
13467471ns          217817 1c008200 0047a803 lw               x16, 4(x15)         x16=090e009d x15:1c0000ec  PA:1c0000f0
13467848ns          217836 1c008204 0087a503 lw               x10, 8(x15)         x10=0c9c0004 x15:1c0000ec  PA:1c0000f4
13468246ns          217856 1c008206 00c7a583 lw               x11, 12(x15)        x11=068d0927 x15:1c0000ec  PA:1c0000f8
13468664ns          217877 1c008208 01172023 sw               x17, 0(x14)         x17:0e1807a5 x14:10000ba8  PA:10000ba8
13468684ns          217878 1c00820c 01072223 sw               x16, 4(x14)         x16:090e009d x14:10000ba8  PA:10000bac
13468704ns          217879 1c008210 00a72423 sw               x10, 8(x14)         x10:0c9c0004 x14:10000ba8  PA:10000bb0
13468723ns          217880 1c008212 00b72623 sw               x11, 12(x14)        x11:068d0927 x14:10000ba8  PA:10000bb4
13468743ns          217881 1c008214 01078793 addi             x15, x15, 16        x15=1c0000fc x15:1c0000ec
13468763ns          217882 1c008216 01070713 addi             x14, x14, 16        x14=10000bb8 x14:10000ba8
13468783ns          217883 1c0081fc 0007a883 lw               x17, 0(x15)         x17=005c05f9 x15:1c0000fc  PA:1c0000fc
13469101ns          217899 1c008200 0047a803 lw               x16, 4(x15)         x16=0fa7077f x15:1c0000fc  PA:1c000100
13469400ns          217914 1c008204 0087a503 lw               x10, 8(x15)         x10=00e205e8 x15:1c0000fc  PA:1c000104
13469718ns          217930 1c008206 00c7a583 lw               x11, 12(x15)        x11=00b1007e x15:1c0000fc  PA:1c000108
13470016ns          217945 1c008208 01172023 sw               x17, 0(x14)         x17:005c05f9 x14:10000bb8  PA:10000bb8
13470036ns          217946 1c00820c 01072223 sw               x16, 4(x14)         x16:0fa7077f x14:10000bb8  PA:10000bbc
13470056ns          217947 1c008210 00a72423 sw               x10, 8(x14)         x10:00e205e8 x14:10000bb8  PA:10000bc0
13470076ns          217948 1c008212 00b72623 sw               x11, 12(x14)        x11:00b1007e x14:10000bb8  PA:10000bc4
13470096ns          217949 1c008214 01078793 addi             x15, x15, 16        x15=1c00010c x15:1c0000fc
13470116ns          217950 1c008216 01070713 addi             x14, x14, 16        x14=10000bc8 x14:10000bb8
13470136ns          217951 1c0081fc 0007a883 lw               x17, 0(x15)         x17=042c0bb9 x15:1c00010c  PA:1c00010c
13470434ns          217966 1c008200 0047a803 lw               x16, 4(x15)         x16=0365082e x15:1c00010c  PA:1c000110
13470732ns          217981 1c008204 0087a503 lw               x10, 8(x15)         x10=01ea0ee3 x15:1c00010c  PA:1c000114
13471050ns          217997 1c008206 00c7a583 lw               x11, 12(x15)        x11=0ed10e70 x15:1c00010c  PA:1c000118
13471408ns          218015 1c008208 01172023 sw               x17, 0(x14)         x17:042c0bb9 x14:10000bc8  PA:10000bc8
13471428ns          218016 1c00820c 01072223 sw               x16, 4(x14)         x16:0365082e x14:10000bc8  PA:10000bcc
13471448ns          218017 1c008210 00a72423 sw               x10, 8(x14)         x10:01ea0ee3 x14:10000bc8  PA:10000bd0
13471468ns          218018 1c008212 00b72623 sw               x11, 12(x14)        x11:0ed10e70 x14:10000bc8  PA:10000bd4
13471488ns          218019 1c008214 01078793 addi             x15, x15, 16        x15=1c00011c x15:1c00010c
13471508ns          218020 1c008216 01070713 addi             x14, x14, 16        x14=10000bd8 x14:10000bc8
13471528ns          218021 1c0081fc 0007a883 lw               x17, 0(x15)         x17=0958082a x15:1c00011c  PA:1c00011c
13471826ns          218036 1c008200 0047a803 lw               x16, 4(x15)         x16=0d870007 x15:1c00011c  PA:1c000120
13472144ns          218052 1c008204 0087a503 lw               x10, 8(x15)         x10=0aab0fee x15:1c00011c  PA:1c000124
13472462ns          218068 1c008206 00c7a583 lw               x11, 12(x15)        x11=060e0a24 x15:1c00011c  PA:1c000128
13472761ns          218083 1c008208 01172023 sw               x17, 0(x14)         x17:0958082a x14:10000bd8  PA:10000bd8
13472781ns          218084 1c00820c 01072223 sw               x16, 4(x14)         x16:0d870007 x14:10000bd8  PA:10000bdc
13472801ns          218085 1c008210 00a72423 sw               x10, 8(x14)         x10:0aab0fee x14:10000bd8  PA:10000be0
13472820ns          218086 1c008212 00b72623 sw               x11, 12(x14)        x11:060e0a24 x14:10000bd8  PA:10000be4
13472840ns          218087 1c008214 01078793 addi             x15, x15, 16        x15=1c00012c x15:1c00011c
13472860ns          218088 1c008216 01070713 addi             x14, x14, 16        x14=10000be8 x14:10000bd8
13472880ns          218089 1c0081fc 0007a883 lw               x17, 0(x15)         x17=07370a46 x15:1c00012c  PA:1c00012c
13473178ns          218104 1c008200 0047a803 lw               x16, 4(x15)         x16=089e0b7f x15:1c00012c  PA:1c000130
13473477ns          218119 1c008204 0087a503 lw               x10, 8(x15)         x10=032f0eb2 x15:1c00012c  PA:1c000134
13473795ns          218135 1c008206 00c7a583 lw               x11, 12(x15)        x11=012a0bf8 x15:1c00012c  PA:1c000138
13474093ns          218150 1c008208 01172023 sw               x17, 0(x14)         x17:07370a46 x14:10000be8  PA:10000be8
13474113ns          218151 1c00820c 01072223 sw               x16, 4(x14)         x16:089e0b7f x14:10000be8  PA:10000bec
13474133ns          218152 1c008210 00a72423 sw               x10, 8(x14)         x10:032f0eb2 x14:10000be8  PA:10000bf0
13474153ns          218153 1c008212 00b72623 sw               x11, 12(x14)        x11:012a0bf8 x14:10000be8  PA:10000bf4
13474173ns          218154 1c008214 01078793 addi             x15, x15, 16        x15=1c00013c x15:1c00012c
13474193ns          218155 1c008216 01070713 addi             x14, x14, 16        x14=10000bf8 x14:10000be8
13474213ns          218156 1c0081fc 0007a883 lw               x17, 0(x15)         x17=0ab40457 x15:1c00013c  PA:1c00013c
13474511ns          218171 1c008200 0047a803 lw               x16, 4(x15)         x16=09690854 x15:1c00013c  PA:1c000140
13474809ns          218186 1c008204 0087a503 lw               x10, 8(x15)         x10=02f70223 x15:1c00013c  PA:1c000144
13475127ns          218202 1c008206 00c7a583 lw               x11, 12(x15)        x11=074103fb x15:1c00013c  PA:1c000148
13475426ns          218217 1c008208 01172023 sw               x17, 0(x14)         x17:0ab40457 x14:10000bf8  PA:10000bf8
13475446ns          218218 1c00820c 01072223 sw               x16, 4(x14)         x16:09690854 x14:10000bf8  PA:10000bfc
13475466ns          218219 1c008210 00a72423 sw               x10, 8(x14)         x10:02f70223 x14:10000bf8  PA:10000c00
13475485ns          218220 1c008212 00b72623 sw               x11, 12(x14)        x11:074103fb x14:10000bf8  PA:10000c04
13475505ns          218221 1c008214 01078793 addi             x15, x15, 16        x15=1c00014c x15:1c00013c
13475525ns          218222 1c008216 01070713 addi             x14, x14, 16        x14=10000c08 x14:10000bf8
13475545ns          218223 1c0081fc 0007a883 lw               x17, 0(x15)         x17=08140ff9 x15:1c00014c  PA:1c00014c
13475843ns          218238 1c008200 0047a803 lw               x16, 4(x15)         x16=00310b98 x15:1c00014c  PA:1c000150
13476142ns          218253 1c008204 0087a503 lw               x10, 8(x15)         x10=05000b2b x15:1c00014c  PA:1c000154
13476440ns          218268 1c008206 00c7a583 lw               x11, 12(x15)        x11=01cc042b x15:1c00014c  PA:1c000158
13476738ns          218283 1c008208 01172023 sw               x17, 0(x14)         x17:08140ff9 x14:10000c08  PA:10000c08
13476758ns          218284 1c00820c 01072223 sw               x16, 4(x14)         x16:00310b98 x14:10000c08  PA:10000c0c
13476778ns          218285 1c008210 00a72423 sw               x10, 8(x14)         x10:05000b2b x14:10000c08  PA:10000c10
13476798ns          218286 1c008212 00b72623 sw               x11, 12(x14)        x11:01cc042b x14:10000c08  PA:10000c14
13476818ns          218287 1c008214 01078793 addi             x15, x15, 16        x15=1c00015c x15:1c00014c
13476838ns          218288 1c008216 01070713 addi             x14, x14, 16        x14=10000c18 x14:10000c08
13476858ns          218289 1c0081fc 0007a883 lw               x17, 0(x15)         x17=07110ae2 x15:1c00015c  PA:1c00015c
13477156ns          218304 1c008200 0047a803 lw               x16, 4(x15)         x16=059c084f x15:1c00015c  PA:1c000160
13477514ns          218322 1c008204 0087a503 lw               x10, 8(x15)         x10=03ad0f69 x15:1c00015c  PA:1c000164
13477932ns          218343 1c008206 00c7a583 lw               x11, 12(x15)        x11=09bd0399 x15:1c00015c  PA:1c000168
13478329ns          218363 1c008208 01172023 sw               x17, 0(x14)         x17:07110ae2 x14:10000c18  PA:10000c18
13478349ns          218364 1c00820c 01072223 sw               x16, 4(x14)         x16:059c084f x14:10000c18  PA:10000c1c
13478369ns          218365 1c008210 00a72423 sw               x10, 8(x14)         x10:03ad0f69 x14:10000c18  PA:10000c20
13478389ns          218366 1c008212 00b72623 sw               x11, 12(x14)        x11:09bd0399 x14:10000c18  PA:10000c24
13478409ns          218367 1c008214 01078793 addi             x15, x15, 16        x15=1c00016c x15:1c00015c
13478429ns          218368 1c008216 01070713 addi             x14, x14, 16        x14=10000c28 x14:10000c18
13478449ns          218369 1c0081fc 0007a883 lw               x17, 0(x15)         x17=064d0eb9 x15:1c00016c  PA:1c00016c
13478747ns          218384 1c008200 0047a803 lw               x16, 4(x15)         x16=05b60fc4 x15:1c00016c  PA:1c000170
13479085ns          218401 1c008204 0087a503 lw               x10, 8(x15)         x10=0aa40834 x15:1c00016c  PA:1c000174
13479383ns          218416 1c008206 00c7a583 lw               x11, 12(x15)        x11=021e0fcc x15:1c00016c  PA:1c000178
13479682ns          218431 1c008208 01172023 sw               x17, 0(x14)         x17:064d0eb9 x14:10000c28  PA:10000c28
13479702ns          218432 1c00820c 01072223 sw               x16, 4(x14)         x16:05b60fc4 x14:10000c28  PA:10000c2c
13479722ns          218433 1c008210 00a72423 sw               x10, 8(x14)         x10:0aa40834 x14:10000c28  PA:10000c30
13479741ns          218434 1c008212 00b72623 sw               x11, 12(x14)        x11:021e0fcc x14:10000c28  PA:10000c34
13479761ns          218435 1c008214 01078793 addi             x15, x15, 16        x15=1c00017c x15:1c00016c
13479781ns          218436 1c008216 01070713 addi             x14, x14, 16        x14=10000c38 x14:10000c28
13479801ns          218437 1c0081fc 0007a883 lw               x17, 0(x15)         x17=074f0a77 x15:1c00017c  PA:1c00017c
13480099ns          218452 1c008200 0047a803 lw               x16, 4(x15)         x16=0a3203d7 x15:1c00017c  PA:1c000180
13480398ns          218467 1c008204 0087a503 lw               x10, 8(x15)         x10=0c8a0c36 x15:1c00017c  PA:1c000184
13480696ns          218482 1c008206 00c7a583 lw               x11, 12(x15)        x11=01b2008a x15:1c00017c  PA:1c000188
13480994ns          218497 1c008208 01172023 sw               x17, 0(x14)         x17:074f0a77 x14:10000c38  PA:10000c38
13481014ns          218498 1c00820c 01072223 sw               x16, 4(x14)         x16:0a3203d7 x14:10000c38  PA:10000c3c
13481034ns          218499 1c008210 00a72423 sw               x10, 8(x14)         x10:0c8a0c36 x14:10000c38  PA:10000c40
13481054ns          218500 1c008212 00b72623 sw               x11, 12(x14)        x11:01b2008a x14:10000c38  PA:10000c44
13481074ns          218501 1c008214 01078793 addi             x15, x15, 16        x15=1c00018c x15:1c00017c
13481094ns          218502 1c008216 01070713 addi             x14, x14, 16        x14=10000c48 x14:10000c38
13481114ns          218503 1c0081fc 0007a883 lw               x17, 0(x15)         x17=071b083b x15:1c00018c  PA:1c00018c
13481412ns          218518 1c008200 0047a803 lw               x16, 4(x15)         x16=05a406b3 x15:1c00018c  PA:1c000190
13481790ns          218537 1c008204 0087a503 lw               x10, 8(x15)         x10=08140669 x15:1c00018c  PA:1c000194
13482188ns          218557 1c008206 00c7a583 lw               x11, 12(x15)        x11=00560888 x15:1c00018c  PA:1c000198
13482585ns          218577 1c008208 01172023 sw               x17, 0(x14)         x17:071b083b x14:10000c48  PA:10000c48
13482605ns          218578 1c00820c 01072223 sw               x16, 4(x14)         x16:05a406b3 x14:10000c48  PA:10000c4c
13482625ns          218579 1c008210 00a72423 sw               x10, 8(x14)         x10:08140669 x14:10000c48  PA:10000c50
13482645ns          218580 1c008212 00b72623 sw               x11, 12(x14)        x11:00560888 x14:10000c48  PA:10000c54
13482665ns          218581 1c008214 01078793 addi             x15, x15, 16        x15=1c00019c x15:1c00018c
13482685ns          218582 1c008216 01070713 addi             x14, x14, 16        x14=10000c58 x14:10000c48
13482705ns          218583 1c0081fc 0007a883 lw               x17, 0(x15)         x17=02440471 x15:1c00019c  PA:1c00019c
13483023ns          218599 1c008200 0047a803 lw               x16, 4(x15)         x16=038d0bcc x15:1c00019c  PA:1c0001a0
13483341ns          218615 1c008204 0087a503 lw               x10, 8(x15)         x10=088f0530 x15:1c00019c  PA:1c0001a4
13483639ns          218630 1c008206 00c7a583 lw               x11, 12(x15)        x11=0cc60773 x15:1c00019c  PA:1c0001a8
13483938ns          218645 1c008208 01172023 sw               x17, 0(x14)         x17:02440471 x14:10000c58  PA:10000c58
13483958ns          218646 1c00820c 01072223 sw               x16, 4(x14)         x16:038d0bcc x14:10000c58  PA:10000c5c
13483978ns          218647 1c008210 00a72423 sw               x10, 8(x14)         x10:088f0530 x14:10000c58  PA:10000c60
13483997ns          218648 1c008212 00b72623 sw               x11, 12(x14)        x11:0cc60773 x14:10000c58  PA:10000c64
13484017ns          218649 1c008214 01078793 addi             x15, x15, 16        x15=1c0001ac x15:1c00019c
13484037ns          218650 1c008216 01070713 addi             x14, x14, 16        x14=10000c68 x14:10000c58
13484057ns          218651 1c0081fc 0007a883 lw               x17, 0(x15)         x17=08ef078f x15:1c0001ac  PA:1c0001ac
13484355ns          218666 1c008200 0047a803 lw               x16, 4(x15)         x16=05b60f41 x15:1c0001ac  PA:1c0001b0
13484674ns          218682 1c008204 0087a503 lw               x10, 8(x15)         x10=0df701be x15:1c0001ac  PA:1c0001b4
13485032ns          218700 1c008206 00c7a583 lw               x11, 12(x15)        x11=02e00468 x15:1c0001ac  PA:1c0001b8
13485429ns          218720 1c008208 01172023 sw               x17, 0(x14)         x17:08ef078f x14:10000c68  PA:10000c68
13485449ns          218721 1c00820c 01072223 sw               x16, 4(x14)         x16:05b60f41 x14:10000c68  PA:10000c6c
13485469ns          218722 1c008210 00a72423 sw               x10, 8(x14)         x10:0df701be x14:10000c68  PA:10000c70
13485489ns          218723 1c008212 00b72623 sw               x11, 12(x14)        x11:02e00468 x14:10000c68  PA:10000c74
13485509ns          218724 1c008214 01078793 addi             x15, x15, 16        x15=1c0001bc x15:1c0001ac
13485529ns          218725 1c008216 01070713 addi             x14, x14, 16        x14=10000c78 x14:10000c68
13485549ns          218726 1c0081fc 0007a883 lw               x17, 0(x15)         x17=00a00039 x15:1c0001bc  PA:1c0001bc
13485847ns          218741 1c008200 0047a803 lw               x16, 4(x15)         x16=0b8a045e x15:1c0001bc  PA:1c0001c0
13486145ns          218756 1c008204 0087a503 lw               x10, 8(x15)         x10=04e705ed x15:1c0001bc  PA:1c0001c4
13486543ns          218776 1c008206 00c7a583 lw               x11, 12(x15)        x11=0d790820 x15:1c0001bc  PA:1c0001c8
13486961ns          218797 1c008208 01172023 sw               x17, 0(x14)         x17:00a00039 x14:10000c78  PA:10000c78
13486981ns          218798 1c00820c 01072223 sw               x16, 4(x14)         x16:0b8a045e x14:10000c78  PA:10000c7c
13487001ns          218799 1c008210 00a72423 sw               x10, 8(x14)         x10:04e705ed x14:10000c78  PA:10000c80
13487020ns          218800 1c008212 00b72623 sw               x11, 12(x14)        x11:0d790820 x14:10000c78  PA:10000c84
13487040ns          218801 1c008214 01078793 addi             x15, x15, 16        x15=1c0001cc x15:1c0001bc
13487060ns          218802 1c008216 01070713 addi             x14, x14, 16        x14=10000c88 x14:10000c78
13487080ns          218803 1c0081fc 0007a883 lw               x17, 0(x15)         x17=009f0cf4 x15:1c0001cc  PA:1c0001cc
13487398ns          218819 1c008200 0047a803 lw               x16, 4(x15)         x16=08180752 x15:1c0001cc  PA:1c0001d0
13487697ns          218834 1c008204 0087a503 lw               x10, 8(x15)         x10=02c50035 x15:1c0001cc  PA:1c0001d4
13487995ns          218849 1c008206 00c7a583 lw               x11, 12(x15)        x11=0b5c0d17 x15:1c0001cc  PA:1c0001d8
13488313ns          218865 1c008208 01172023 sw               x17, 0(x14)         x17:009f0cf4 x14:10000c88  PA:10000c88
13488333ns          218866 1c00820c 01072223 sw               x16, 4(x14)         x16:08180752 x14:10000c88  PA:10000c8c
13488353ns          218867 1c008210 00a72423 sw               x10, 8(x14)         x10:02c50035 x14:10000c88  PA:10000c90
13488373ns          218868 1c008212 00b72623 sw               x11, 12(x14)        x11:0b5c0d17 x14:10000c88  PA:10000c94
13488393ns          218869 1c008214 01078793 addi             x15, x15, 16        x15=1c0001dc x15:1c0001cc
13488413ns          218870 1c008216 01070713 addi             x14, x14, 16        x14=10000c98 x14:10000c88
13488432ns          218871 1c0081fc 0007a883 lw               x17, 0(x15)         x17=09c90594 x15:1c0001dc  PA:1c0001dc
13488731ns          218886 1c008200 0047a803 lw               x16, 4(x15)         x16=0bff0adc x15:1c0001dc  PA:1c0001e0
13489029ns          218901 1c008204 0087a503 lw               x10, 8(x15)         x10=06ae08de x15:1c0001dc  PA:1c0001e4
13489387ns          218919 1c008206 00c7a583 lw               x11, 12(x15)        x11=0c390dc8 x15:1c0001dc  PA:1c0001e8
13489805ns          218940 1c008208 01172023 sw               x17, 0(x14)         x17:09c90594 x14:10000c98  PA:10000c98
13489825ns          218941 1c00820c 01072223 sw               x16, 4(x14)         x16:0bff0adc x14:10000c98  PA:10000c9c
13489845ns          218942 1c008210 00a72423 sw               x10, 8(x14)         x10:06ae08de x14:10000c98  PA:10000ca0
13489864ns          218943 1c008212 00b72623 sw               x11, 12(x14)        x11:0c390dc8 x14:10000c98  PA:10000ca4
13489884ns          218944 1c008214 01078793 addi             x15, x15, 16        x15=1c0001ec x15:1c0001dc
13489904ns          218945 1c008216 01070713 addi             x14, x14, 16        x14=10000ca8 x14:10000c98
13489924ns          218946 1c0081fc 0007a883 lw               x17, 0(x15)         x17=037c0c68 x15:1c0001ec  PA:1c0001ec
13490222ns          218961 1c008200 0047a803 lw               x16, 4(x15)         x16=05d9007a x15:1c0001ec  PA:1c0001f0
13490521ns          218976 1c008204 0087a503 lw               x10, 8(x15)         x10=04e90ce5 x15:1c0001ec  PA:1c0001f4
13490918ns          218996 1c008206 00c7a583 lw               x11, 12(x15)        x11=0b5e0cdf x15:1c0001ec  PA:1c0001f8
13491316ns          219016 1c008208 01172023 sw               x17, 0(x14)         x17:037c0c68 x14:10000ca8  PA:10000ca8
13491336ns          219017 1c00820c 01072223 sw               x16, 4(x14)         x16:05d9007a x14:10000ca8  PA:10000cac
13491356ns          219018 1c008210 00a72423 sw               x10, 8(x14)         x10:04e90ce5 x14:10000ca8  PA:10000cb0
13491376ns          219019 1c008212 00b72623 sw               x11, 12(x14)        x11:0b5e0cdf x14:10000ca8  PA:10000cb4
13491396ns          219020 1c008214 01078793 addi             x15, x15, 16        x15=1c0001fc x15:1c0001ec
13491416ns          219021 1c008216 01070713 addi             x14, x14, 16        x14=10000cb8 x14:10000ca8
13491436ns          219022 1c0081fc 0007a883 lw               x17, 0(x15)         x17=09200b92 x15:1c0001fc  PA:1c0001fc
13491734ns          219037 1c008200 0047a803 lw               x16, 4(x15)         x16=070e005e x15:1c0001fc  PA:1c000200
13492032ns          219052 1c008204 0087a503 lw               x10, 8(x15)         x10=010400cf x15:1c0001fc  PA:1c000204
13492350ns          219068 1c008206 00c7a583 lw               x11, 12(x15)        x11=093f08ba x15:1c0001fc  PA:1c000208
13492649ns          219083 1c008208 01172023 sw               x17, 0(x14)         x17:09200b92 x14:10000cb8  PA:10000cb8
13492669ns          219084 1c00820c 01072223 sw               x16, 4(x14)         x16:070e005e x14:10000cb8  PA:10000cbc
13492689ns          219085 1c008210 00a72423 sw               x10, 8(x14)         x10:010400cf x14:10000cb8  PA:10000cc0
13492708ns          219086 1c008212 00b72623 sw               x11, 12(x14)        x11:093f08ba x14:10000cb8  PA:10000cc4
13492728ns          219087 1c008214 01078793 addi             x15, x15, 16        x15=1c00020c x15:1c0001fc
13492748ns          219088 1c008216 01070713 addi             x14, x14, 16        x14=10000cc8 x14:10000cb8
13492768ns          219089 1c0081fc 0007a883 lw               x17, 0(x15)         x17=038f0dc5 x15:1c00020c  PA:1c00020c
13493066ns          219104 1c008200 0047a803 lw               x16, 4(x15)         x16=0a890b91 x15:1c00020c  PA:1c000210
13493365ns          219119 1c008204 0087a503 lw               x10, 8(x15)         x10=0c010305 x15:1c00020c  PA:1c000214
13493703ns          219136 1c008206 00c7a583 lw               x11, 12(x15)        x11=0cb20a9e x15:1c00020c  PA:1c000218
13494001ns          219151 1c008208 01172023 sw               x17, 0(x14)         x17:038f0dc5 x14:10000cc8  PA:10000cc8
13494021ns          219152 1c00820c 01072223 sw               x16, 4(x14)         x16:0a890b91 x14:10000cc8  PA:10000ccc
13494041ns          219153 1c008210 00a72423 sw               x10, 8(x14)         x10:0c010305 x14:10000cc8  PA:10000cd0
13494061ns          219154 1c008212 00b72623 sw               x11, 12(x14)        x11:0cb20a9e x14:10000cc8  PA:10000cd4
13494081ns          219155 1c008214 01078793 addi             x15, x15, 16        x15=1c00021c x15:1c00020c
13494101ns          219156 1c008216 01070713 addi             x14, x14, 16        x14=10000cd8 x14:10000cc8
13494120ns          219157 1c0081fc 0007a883 lw               x17, 0(x15)         x17=08a00cb6 x15:1c00021c  PA:1c00021c
13494419ns          219172 1c008200 0047a803 lw               x16, 4(x15)         x16=0db9007d x15:1c00021c  PA:1c000220
13494717ns          219187 1c008204 0087a503 lw               x10, 8(x15)         x10=07210b10 x15:1c00021c  PA:1c000224
13495035ns          219203 1c008206 00c7a583 lw               x11, 12(x15)        x11=08f50916 x15:1c00021c  PA:1c000228
13495334ns          219218 1c008208 01172023 sw               x17, 0(x14)         x17:08a00cb6 x14:10000cd8  PA:10000cd8
13495354ns          219219 1c00820c 01072223 sw               x16, 4(x14)         x16:0db9007d x14:10000cd8  PA:10000cdc
13495373ns          219220 1c008210 00a72423 sw               x10, 8(x14)         x10:07210b10 x14:10000cd8  PA:10000ce0
13495393ns          219221 1c008212 00b72623 sw               x11, 12(x14)        x11:08f50916 x14:10000cd8  PA:10000ce4
13495413ns          219222 1c008214 01078793 addi             x15, x15, 16        x15=1c00022c x15:1c00021c
13495433ns          219223 1c008216 01070713 addi             x14, x14, 16        x14=10000ce8 x14:10000cd8
13495453ns          219224 1c0081fc 0007a883 lw               x17, 0(x15)         x17=05d30497 x15:1c00022c  PA:1c00022c
13495751ns          219239 1c008200 0047a803 lw               x16, 4(x15)         x16=06090280 x15:1c00022c  PA:1c000230
13496050ns          219254 1c008204 0087a503 lw               x10, 8(x15)         x10=08d10233 x15:1c00022c  PA:1c000234
13496368ns          219270 1c008206 00c7a583 lw               x11, 12(x15)        x11=02700135 x15:1c00022c  PA:1c000238
13496666ns          219285 1c008208 01172023 sw               x17, 0(x14)         x17:05d30497 x14:10000ce8  PA:10000ce8
13496686ns          219286 1c00820c 01072223 sw               x16, 4(x14)         x16:06090280 x14:10000ce8  PA:10000cec
13496706ns          219287 1c008210 00a72423 sw               x10, 8(x14)         x10:08d10233 x14:10000ce8  PA:10000cf0
13496726ns          219288 1c008212 00b72623 sw               x11, 12(x14)        x11:02700135 x14:10000ce8  PA:10000cf4
13496746ns          219289 1c008214 01078793 addi             x15, x15, 16        x15=1c00023c x15:1c00022c
13496766ns          219290 1c008216 01070713 addi             x14, x14, 16        x14=10000cf8 x14:10000ce8
13496785ns          219291 1c0081fc 0007a883 lw               x17, 0(x15)         x17=0c1c0267 x15:1c00023c  PA:1c00023c
13497084ns          219306 1c008200 0047a803 lw               x16, 4(x15)         x16=08730016 x15:1c00023c  PA:1c000240
13497382ns          219321 1c008204 0087a503 lw               x10, 8(x15)         x10=022b060e x15:1c00023c  PA:1c000244
13497700ns          219337 1c008206 00c7a583 lw               x11, 12(x15)        x11=058e0ae8 x15:1c00023c  PA:1c000248
13497999ns          219352 1c008208 01172023 sw               x17, 0(x14)         x17:0c1c0267 x14:10000cf8  PA:10000cf8
13498019ns          219353 1c00820c 01072223 sw               x16, 4(x14)         x16:08730016 x14:10000cf8  PA:10000cfc
13498038ns          219354 1c008210 00a72423 sw               x10, 8(x14)         x10:022b060e x14:10000cf8  PA:10000d00
13498058ns          219355 1c008212 00b72623 sw               x11, 12(x14)        x11:058e0ae8 x14:10000cf8  PA:10000d04
13498078ns          219356 1c008214 01078793 addi             x15, x15, 16        x15=1c00024c x15:1c00023c
13498098ns          219357 1c008216 01070713 addi             x14, x14, 16        x14=10000d08 x14:10000cf8
13498118ns          219358 1c0081fc 0007a883 lw               x17, 0(x15)         x17=03c705a2 x15:1c00024c  PA:1c00024c
13498416ns          219373 1c008200 0047a803 lw               x16, 4(x15)         x16=08550400 x15:1c00024c  PA:1c000250
13498715ns          219388 1c008204 0087a503 lw               x10, 8(x15)         x10=09c902a8 x15:1c00024c  PA:1c000254
13499013ns          219403 1c008206 00c7a583 lw               x11, 12(x15)        x11=0cc307ce x15:1c00024c  PA:1c000258
13499311ns          219418 1c008208 01172023 sw               x17, 0(x14)         x17:03c705a2 x14:10000d08  PA:10000d08
13499331ns          219419 1c00820c 01072223 sw               x16, 4(x14)         x16:08550400 x14:10000d08  PA:10000d0c
13499351ns          219420 1c008210 00a72423 sw               x10, 8(x14)         x10:09c902a8 x14:10000d08  PA:10000d10
13499371ns          219421 1c008212 00b72623 sw               x11, 12(x14)        x11:0cc307ce x14:10000d08  PA:10000d14
13499391ns          219422 1c008214 01078793 addi             x15, x15, 16        x15=1c00025c x15:1c00024c
13499411ns          219423 1c008216 01070713 addi             x14, x14, 16        x14=10000d18 x14:10000d08
13499431ns          219424 1c0081fc 0007a883 lw               x17, 0(x15)         x17=07b9098f x15:1c00025c  PA:1c00025c
13499729ns          219439 1c008200 0047a803 lw               x16, 4(x15)         x16=022b042e x15:1c00025c  PA:1c000260
13500127ns          219459 1c008204 0087a503 lw               x10, 8(x15)         x10=0b740bf3 x15:1c00025c  PA:1c000264
13500425ns          219474 1c008206 00c7a583 lw               x11, 12(x15)        x11=00c80a35 x15:1c00025c  PA:1c000268
13500723ns          219489 1c008208 01172023 sw               x17, 0(x14)         x17:07b9098f x14:10000d18  PA:10000d18
13500743ns          219490 1c00820c 01072223 sw               x16, 4(x14)         x16:022b042e x14:10000d18  PA:10000d1c
13500763ns          219491 1c008210 00a72423 sw               x10, 8(x14)         x10:0b740bf3 x14:10000d18  PA:10000d20
13500783ns          219492 1c008212 00b72623 sw               x11, 12(x14)        x11:00c80a35 x14:10000d18  PA:10000d24
13500803ns          219493 1c008214 01078793 addi             x15, x15, 16        x15=1c00026c x15:1c00025c
13500823ns          219494 1c008216 01070713 addi             x14, x14, 16        x14=10000d28 x14:10000d18
13500843ns          219495 1c0081fc 0007a883 lw               x17, 0(x15)         x17=00ba0d4d x15:1c00026c  PA:1c00026c
13501141ns          219510 1c008200 0047a803 lw               x16, 4(x15)         x16=0bbe0953 x15:1c00026c  PA:1c000270
13501459ns          219526 1c008204 0087a503 lw               x10, 8(x15)         x10=09d102c0 x15:1c00026c  PA:1c000274
13501797ns          219543 1c008206 00c7a583 lw               x11, 12(x15)        x11=0ffe04e7 x15:1c00026c  PA:1c000278
13502195ns          219563 1c008208 01172023 sw               x17, 0(x14)         x17:00ba0d4d x14:10000d28  PA:10000d28
13502215ns          219564 1c00820c 01072223 sw               x16, 4(x14)         x16:0bbe0953 x14:10000d28  PA:10000d2c
13502235ns          219565 1c008210 00a72423 sw               x10, 8(x14)         x10:09d102c0 x14:10000d28  PA:10000d30
13502255ns          219566 1c008212 00b72623 sw               x11, 12(x14)        x11:0ffe04e7 x14:10000d28  PA:10000d34
13502275ns          219567 1c008214 01078793 addi             x15, x15, 16        x15=1c00027c x15:1c00026c
13502294ns          219568 1c008216 01070713 addi             x14, x14, 16        x14=10000d38 x14:10000d28
13502314ns          219569 1c0081fc 0007a883 lw               x17, 0(x15)         x17=02860168 x15:1c00027c  PA:1c00027c
13502613ns          219584 1c008200 0047a803 lw               x16, 4(x15)         x16=0b1a065d x15:1c00027c  PA:1c000280
13502931ns          219600 1c008204 0087a503 lw               x10, 8(x15)         x10=0c5b0643 x15:1c00027c  PA:1c000284
13503229ns          219615 1c008206 00c7a583 lw               x11, 12(x15)        x11=037f050d x15:1c00027c  PA:1c000288
13503527ns          219630 1c008208 01172023 sw               x17, 0(x14)         x17:02860168 x14:10000d38  PA:10000d38
13503547ns          219631 1c00820c 01072223 sw               x16, 4(x14)         x16:0b1a065d x14:10000d38  PA:10000d3c
13503567ns          219632 1c008210 00a72423 sw               x10, 8(x14)         x10:0c5b0643 x14:10000d38  PA:10000d40
13503587ns          219633 1c008212 00b72623 sw               x11, 12(x14)        x11:037f050d x14:10000d38  PA:10000d44
13503607ns          219634 1c008214 01078793 addi             x15, x15, 16        x15=1c00028c x15:1c00027c
13503627ns          219635 1c008216 01070713 addi             x14, x14, 16        x14=10000d48 x14:10000d38
13503647ns          219636 1c0081fc 0007a883 lw               x17, 0(x15)         x17=04870893 x15:1c00028c  PA:1c00028c
13503965ns          219652 1c008200 0047a803 lw               x16, 4(x15)         x16=059a0311 x15:1c00028c  PA:1c000290
13504383ns          219673 1c008204 0087a503 lw               x10, 8(x15)         x10=04670e0f x15:1c00028c  PA:1c000294
13504681ns          219688 1c008206 00c7a583 lw               x11, 12(x15)        x11=0896004b x15:1c00028c  PA:1c000298
13504979ns          219703 1c008208 01172023 sw               x17, 0(x14)         x17:04870893 x14:10000d48  PA:10000d48
13504999ns          219704 1c00820c 01072223 sw               x16, 4(x14)         x16:059a0311 x14:10000d48  PA:10000d4c
13505019ns          219705 1c008210 00a72423 sw               x10, 8(x14)         x10:04670e0f x14:10000d48  PA:10000d50
13505039ns          219706 1c008212 00b72623 sw               x11, 12(x14)        x11:0896004b x14:10000d48  PA:10000d54
13505059ns          219707 1c008214 01078793 addi             x15, x15, 16        x15=1c00029c x15:1c00028c
13505079ns          219708 1c008216 01070713 addi             x14, x14, 16        x14=10000d58 x14:10000d48
13505099ns          219709 1c008218 00c007b3 add              x15, x0, x12        x15=1c00029c x12:1c00029c
13505119ns          219710 1c00821a 29010713 addi             x14, x2, 656        x14=10000d58  x2:10000ac8
13505138ns          219711 1c00821c 0286d0fb lp.setupi        0x1, 0x28, 0xd     
13505158ns          219712 1c008220 0007a803 lw               x16, 0(x15)         x16=0fa30c6d x15:1c00029c  PA:1c00029c
13505496ns          219729 1c008224 0047a503 lw               x10, 4(x15)         x10=0c8d0e97 x15:1c00029c  PA:1c0002a0
13505795ns          219744 1c008226 0087a583 lw               x11, 8(x15)         x11=0ffb00de x15:1c00029c  PA:1c0002a4
13506093ns          219759 1c008228 00c7a603 lw               x12, 12(x15)        x12=00a300a0 x15:1c00029c  PA:1c0002a8
13506431ns          219776 1c00822a 01072023 sw               x16, 0(x14)         x16:0fa30c6d x14:10000d58  PA:10000d58
13506451ns          219777 1c00822e 00a72223 sw               x10, 4(x14)         x10:0c8d0e97 x14:10000d58  PA:10000d5c
13506471ns          219778 1c008230 00b72423 sw               x11, 8(x14)         x11:0ffb00de x14:10000d58  PA:10000d60
13506491ns          219779 1c008232 00c72623 sw               x12, 12(x14)        x12:00a300a0 x14:10000d58  PA:10000d64
13506511ns          219780 1c008234 01078793 addi             x15, x15, 16        x15=1c0002ac x15:1c00029c
13506531ns          219781 1c008236 01070713 addi             x14, x14, 16        x14=10000d68 x14:10000d58
13507008ns          219805 1c008220 0007a803 lw               x16, 0(x15)         x16=0f6a01cf x15:1c0002ac  PA:1c0002ac
13507326ns          219821 1c008224 0047a503 lw               x10, 4(x15)         x10=021400d5 x15:1c0002ac  PA:1c0002b0
13507724ns          219841 1c008226 0087a583 lw               x11, 8(x15)         x11=0fb30e58 x15:1c0002ac  PA:1c0002b4
13508142ns          219862 1c008228 00c7a603 lw               x12, 12(x15)        x12=0059012a x15:1c0002ac  PA:1c0002b8
13508539ns          219882 1c00822a 01072023 sw               x16, 0(x14)         x16:0f6a01cf x14:10000d68  PA:10000d68
13508559ns          219883 1c00822e 00a72223 sw               x10, 4(x14)         x10:021400d5 x14:10000d68  PA:10000d6c
13508579ns          219884 1c008230 00b72423 sw               x11, 8(x14)         x11:0fb30e58 x14:10000d68  PA:10000d70
13508599ns          219885 1c008232 00c72623 sw               x12, 12(x14)        x12:0059012a x14:10000d68  PA:10000d74
13508619ns          219886 1c008234 01078793 addi             x15, x15, 16        x15=1c0002bc x15:1c0002ac
13508639ns          219887 1c008236 01070713 addi             x14, x14, 16        x14=10000d78 x14:10000d68
13508659ns          219888 1c008220 0007a803 lw               x16, 0(x15)         x16=0ea90e09 x15:1c0002bc  PA:1c0002bc
13508957ns          219903 1c008224 0047a503 lw               x10, 4(x15)         x10=0e4b0067 x15:1c0002bc  PA:1c0002c0
13509275ns          219919 1c008226 0087a583 lw               x11, 8(x15)         x11=00a80f22 x15:1c0002bc  PA:1c0002c4
13509573ns          219934 1c008228 00c7a603 lw               x12, 12(x15)        x12=0ddc0146 x15:1c0002bc  PA:1c0002c8
13509872ns          219949 1c00822a 01072023 sw               x16, 0(x14)         x16:0ea90e09 x14:10000d78  PA:10000d78
13509892ns          219950 1c00822e 00a72223 sw               x10, 4(x14)         x10:0e4b0067 x14:10000d78  PA:10000d7c
13509912ns          219951 1c008230 00b72423 sw               x11, 8(x14)         x11:00a80f22 x14:10000d78  PA:10000d80
13509931ns          219952 1c008232 00c72623 sw               x12, 12(x14)        x12:0ddc0146 x14:10000d78  PA:10000d84
13509951ns          219953 1c008234 01078793 addi             x15, x15, 16        x15=1c0002cc x15:1c0002bc
13509971ns          219954 1c008236 01070713 addi             x14, x14, 16        x14=10000d88 x14:10000d78
13509991ns          219955 1c008220 0007a803 lw               x16, 0(x15)         x16=00580004 x15:1c0002cc  PA:1c0002cc
13510289ns          219970 1c008224 0047a503 lw               x10, 4(x15)         x10=0ef001ca x15:1c0002cc  PA:1c0002d0
13510667ns          219989 1c008226 0087a583 lw               x11, 8(x15)         x11=01b30e9d x15:1c0002cc  PA:1c0002d4
13511065ns          220009 1c008228 00c7a603 lw               x12, 12(x15)        x12=00570fb3 x15:1c0002cc  PA:1c0002d8
13511463ns          220029 1c00822a 01072023 sw               x16, 0(x14)         x16:00580004 x14:10000d88  PA:10000d88
13511483ns          220030 1c00822e 00a72223 sw               x10, 4(x14)         x10:0ef001ca x14:10000d88  PA:10000d8c
13511503ns          220031 1c008230 00b72423 sw               x11, 8(x14)         x11:01b30e9d x14:10000d88  PA:10000d90
13511522ns          220032 1c008232 00c72623 sw               x12, 12(x14)        x12:00570fb3 x14:10000d88  PA:10000d94
13511542ns          220033 1c008234 01078793 addi             x15, x15, 16        x15=1c0002dc x15:1c0002cc
13511562ns          220034 1c008236 01070713 addi             x14, x14, 16        x14=10000d98 x14:10000d88
13511582ns          220035 1c008220 0007a803 lw               x16, 0(x15)         x16=0e57005c x15:1c0002dc  PA:1c0002dc
13511880ns          220050 1c008224 0047a503 lw               x10, 4(x15)         x10=0f470f14 x15:1c0002dc  PA:1c0002e0
13512199ns          220066 1c008226 0087a583 lw               x11, 8(x15)         x11=0e380166 x15:1c0002dc  PA:1c0002e4
13512497ns          220081 1c008228 00c7a603 lw               x12, 12(x15)        x12=01c202b6 x15:1c0002dc  PA:1c0002e8
13512795ns          220096 1c00822a 01072023 sw               x16, 0(x14)         x16:0e57005c x14:10000d98  PA:10000d98
13512815ns          220097 1c00822e 00a72223 sw               x10, 4(x14)         x10:0f470f14 x14:10000d98  PA:10000d9c
13512835ns          220098 1c008230 00b72423 sw               x11, 8(x14)         x11:0e380166 x14:10000d98  PA:10000da0
13512855ns          220099 1c008232 00c72623 sw               x12, 12(x14)        x12:01c202b6 x14:10000d98  PA:10000da4
13512875ns          220100 1c008234 01078793 addi             x15, x15, 16        x15=1c0002ec x15:1c0002dc
13512895ns          220101 1c008236 01070713 addi             x14, x14, 16        x14=10000da8 x14:10000d98
13512915ns          220102 1c008220 0007a803 lw               x16, 0(x15)         x16=0eba0d5c x15:1c0002ec  PA:1c0002ec
13513213ns          220117 1c008224 0047a503 lw               x10, 4(x15)         x10=0e380eae x15:1c0002ec  PA:1c0002f0
13513531ns          220133 1c008226 0087a583 lw               x11, 8(x15)         x11=0e8d0157 x15:1c0002ec  PA:1c0002f4
13513829ns          220148 1c008228 00c7a603 lw               x12, 12(x15)        x12=0fb70fdf x15:1c0002ec  PA:1c0002f8
13514128ns          220163 1c00822a 01072023 sw               x16, 0(x14)         x16:0eba0d5c x14:10000da8  PA:10000da8
13514148ns          220164 1c00822e 00a72223 sw               x10, 4(x14)         x10:0e380eae x14:10000da8  PA:10000dac
13514168ns          220165 1c008230 00b72423 sw               x11, 8(x14)         x11:0e8d0157 x14:10000da8  PA:10000db0
13514187ns          220166 1c008232 00c72623 sw               x12, 12(x14)        x12:0fb70fdf x14:10000da8  PA:10000db4
13514207ns          220167 1c008234 01078793 addi             x15, x15, 16        x15=1c0002fc x15:1c0002ec
13514227ns          220168 1c008236 01070713 addi             x14, x14, 16        x14=10000db8 x14:10000da8
13514247ns          220169 1c008220 0007a803 lw               x16, 0(x15)         x16=00890230 x15:1c0002fc  PA:1c0002fc
13514545ns          220184 1c008224 0047a503 lw               x10, 4(x15)         x10=0fb10442 x15:1c0002fc  PA:1c000300
13514844ns          220199 1c008226 0087a583 lw               x11, 8(x15)         x11=004300ad x15:1c0002fc  PA:1c000304
13515142ns          220214 1c008228 00c7a603 lw               x12, 12(x15)        x12=006d0e2f x15:1c0002fc  PA:1c000308
13515440ns          220229 1c00822a 01072023 sw               x16, 0(x14)         x16:00890230 x14:10000db8  PA:10000db8
13515460ns          220230 1c00822e 00a72223 sw               x10, 4(x14)         x10:0fb10442 x14:10000db8  PA:10000dbc
13515480ns          220231 1c008230 00b72423 sw               x11, 8(x14)         x11:004300ad x14:10000db8  PA:10000dc0
13515500ns          220232 1c008232 00c72623 sw               x12, 12(x14)        x12:006d0e2f x14:10000db8  PA:10000dc4
13515520ns          220233 1c008234 01078793 addi             x15, x15, 16        x15=1c00030c x15:1c0002fc
13515540ns          220234 1c008236 01070713 addi             x14, x14, 16        x14=10000dc8 x14:10000db8
13515560ns          220235 1c008220 0007a803 lw               x16, 0(x15)         x16=0d1a0fe2 x15:1c00030c  PA:1c00030c
13515858ns          220250 1c008224 0047a503 lw               x10, 4(x15)         x10=007803a6 x15:1c00030c  PA:1c000310
13516216ns          220268 1c008226 0087a583 lw               x11, 8(x15)         x11=0d840e7f x15:1c00030c  PA:1c000314
13516614ns          220288 1c008228 00c7a603 lw               x12, 12(x15)        x12=0008001d x15:1c00030c  PA:1c000318
13517012ns          220308 1c00822a 01072023 sw               x16, 0(x14)         x16:0d1a0fe2 x14:10000dc8  PA:10000dc8
13517031ns          220309 1c00822e 00a72223 sw               x10, 4(x14)         x10:007803a6 x14:10000dc8  PA:10000dcc
13517051ns          220310 1c008230 00b72423 sw               x11, 8(x14)         x11:0d840e7f x14:10000dc8  PA:10000dd0
13517071ns          220311 1c008232 00c72623 sw               x12, 12(x14)        x12:0008001d x14:10000dc8  PA:10000dd4
13517091ns          220312 1c008234 01078793 addi             x15, x15, 16        x15=1c00031c x15:1c00030c
13517111ns          220313 1c008236 01070713 addi             x14, x14, 16        x14=10000dd8 x14:10000dc8
13517131ns          220314 1c008220 0007a803 lw               x16, 0(x15)         x16=0e1c0133 x15:1c00031c  PA:1c00031c
13517429ns          220329 1c008224 0047a503 lw               x10, 4(x15)         x10=00ae0d87 x15:1c00031c  PA:1c000320
13517728ns          220344 1c008226 0087a583 lw               x11, 8(x15)         x11=0f770e25 x15:1c00031c  PA:1c000324
13518026ns          220359 1c008228 00c7a603 lw               x12, 12(x15)        x12=0fa500cf x15:1c00031c  PA:1c000328
13518324ns          220374 1c00822a 01072023 sw               x16, 0(x14)         x16:0e1c0133 x14:10000dd8  PA:10000dd8
13518344ns          220375 1c00822e 00a72223 sw               x10, 4(x14)         x10:00ae0d87 x14:10000dd8  PA:10000ddc
13518364ns          220376 1c008230 00b72423 sw               x11, 8(x14)         x11:0f770e25 x14:10000dd8  PA:10000de0
13518384ns          220377 1c008232 00c72623 sw               x12, 12(x14)        x12:0fa500cf x14:10000dd8  PA:10000de4
13518404ns          220378 1c008234 01078793 addi             x15, x15, 16        x15=1c00032c x15:1c00031c
13518424ns          220379 1c008236 01070713 addi             x14, x14, 16        x14=10000de8 x14:10000dd8
13518443ns          220380 1c008220 0007a803 lw               x16, 0(x15)         x16=0f470e5d x15:1c00032c  PA:1c00032c
13518742ns          220395 1c008224 0047a503 lw               x10, 4(x15)         x10=02610d5f x15:1c00032c  PA:1c000330
13519060ns          220411 1c008226 0087a583 lw               x11, 8(x15)         x11=0e4601f7 x15:1c00032c  PA:1c000334
13519358ns          220426 1c008228 00c7a603 lw               x12, 12(x15)        x12=0ee8002b x15:1c00032c  PA:1c000338
13519657ns          220441 1c00822a 01072023 sw               x16, 0(x14)         x16:0f470e5d x14:10000de8  PA:10000de8
13519677ns          220442 1c00822e 00a72223 sw               x10, 4(x14)         x10:02610d5f x14:10000de8  PA:10000dec
13519696ns          220443 1c008230 00b72423 sw               x11, 8(x14)         x11:0e4601f7 x14:10000de8  PA:10000df0
13519716ns          220444 1c008232 00c72623 sw               x12, 12(x14)        x12:0ee8002b x14:10000de8  PA:10000df4
13519736ns          220445 1c008234 01078793 addi             x15, x15, 16        x15=1c00033c x15:1c00032c
13519756ns          220446 1c008236 01070713 addi             x14, x14, 16        x14=10000df8 x14:10000de8
13519776ns          220447 1c008220 0007a803 lw               x16, 0(x15)         x16=01b90f79 x15:1c00033c  PA:1c00033c
13520074ns          220462 1c008224 0047a503 lw               x10, 4(x15)         x10=0e0501ed x15:1c00033c  PA:1c000340
13520412ns          220479 1c008226 0087a583 lw               x11, 8(x15)         x11=0e9b0e3f x15:1c00033c  PA:1c000344
13520711ns          220494 1c008228 00c7a603 lw               x12, 12(x15)        x12=00790059 x15:1c00033c  PA:1c000348
13521009ns          220509 1c00822a 01072023 sw               x16, 0(x14)         x16:01b90f79 x14:10000df8  PA:10000df8
13521029ns          220510 1c00822e 00a72223 sw               x10, 4(x14)         x10:0e0501ed x14:10000df8  PA:10000dfc
13521049ns          220511 1c008230 00b72423 sw               x11, 8(x14)         x11:0e9b0e3f x14:10000df8  PA:10000e00
13521069ns          220512 1c008232 00c72623 sw               x12, 12(x14)        x12:00790059 x14:10000df8  PA:10000e04
13521089ns          220513 1c008234 01078793 addi             x15, x15, 16        x15=1c00034c x15:1c00033c
13521108ns          220514 1c008236 01070713 addi             x14, x14, 16        x14=10000e08 x14:10000df8
13521128ns          220515 1c008220 0007a803 lw               x16, 0(x15)         x16=00610103 x15:1c00034c  PA:1c00034c
13521427ns          220530 1c008224 0047a503 lw               x10, 4(x15)         x10=0db9014b x15:1c00034c  PA:1c000350
13521765ns          220547 1c008226 0087a583 lw               x11, 8(x15)         x11=00b40186 x15:1c00034c  PA:1c000354
13522083ns          220563 1c008228 00c7a603 lw               x12, 12(x15)        x12=0fba0272 x15:1c00034c  PA:1c000358
13522481ns          220583 1c00822a 01072023 sw               x16, 0(x14)         x16:00610103 x14:10000e08  PA:10000e08
13522501ns          220584 1c00822e 00a72223 sw               x10, 4(x14)         x10:0db9014b x14:10000e08  PA:10000e0c
13522521ns          220585 1c008230 00b72423 sw               x11, 8(x14)         x11:00b40186 x14:10000e08  PA:10000e10
13522540ns          220586 1c008232 00c72623 sw               x12, 12(x14)        x12:0fba0272 x14:10000e08  PA:10000e14
13522560ns          220587 1c008234 01078793 addi             x15, x15, 16        x15=1c00035c x15:1c00034c
13522580ns          220588 1c008236 01070713 addi             x14, x14, 16        x14=10000e18 x14:10000e08
13522600ns          220589 1c008220 0007a803 lw               x16, 0(x15)         x16=0fc90035 x15:1c00035c  PA:1c00035c
13522998ns          220609 1c008224 0047a503 lw               x10, 4(x15)         x10=0ead0fc3 x15:1c00035c  PA:1c000360
13523296ns          220624 1c008226 0087a583 lw               x11, 8(x15)         x11=0e520def x15:1c00035c  PA:1c000364
13523594ns          220639 1c008228 00c7a603 lw               x12, 12(x15)        x12=00680287 x15:1c00035c  PA:1c000368
13523913ns          220655 1c00822a 01072023 sw               x16, 0(x14)         x16:0fc90035 x14:10000e18  PA:10000e18
13523933ns          220656 1c00822e 00a72223 sw               x10, 4(x14)         x10:0ead0fc3 x14:10000e18  PA:10000e1c
13523952ns          220657 1c008230 00b72423 sw               x11, 8(x14)         x11:0e520def x14:10000e18  PA:10000e20
13523972ns          220658 1c008232 00c72623 sw               x12, 12(x14)        x12:00680287 x14:10000e18  PA:10000e24
13523992ns          220659 1c008234 01078793 addi             x15, x15, 16        x15=1c00036c x15:1c00035c
13524012ns          220660 1c008236 01070713 addi             x14, x14, 16        x14=10000e28 x14:10000e18
13524032ns          220661 1c008220 0007a803 lw               x16, 0(x15)         x16=0f650edb x15:1c00036c  PA:1c00036c
13524330ns          220676 1c008224 0047a503 lw               x10, 4(x15)         x10=00670f19 x15:1c00036c  PA:1c000370
13524629ns          220691 1c008226 0087a583 lw               x11, 8(x15)         x11=0d9f0e75 x15:1c00036c  PA:1c000374
13524927ns          220706 1c008228 00c7a603 lw               x12, 12(x15)        x12=01ad0c5f x15:1c00036c  PA:1c000378
13525245ns          220722 1c00822a 01072023 sw               x16, 0(x14)         x16:0f650edb x14:10000e28  PA:10000e28
13525265ns          220723 1c00822e 00a72223 sw               x10, 4(x14)         x10:00670f19 x14:10000e28  PA:10000e2c
13525285ns          220724 1c008230 00b72423 sw               x11, 8(x14)         x11:0d9f0e75 x14:10000e28  PA:10000e30
13525305ns          220725 1c008232 00c72623 sw               x12, 12(x14)        x12:01ad0c5f x14:10000e28  PA:10000e34
13525325ns          220726 1c008234 01078793 addi             x15, x15, 16        x15=1c00037c x15:1c00036c
13525345ns          220727 1c008236 01070713 addi             x14, x14, 16        x14=10000e38 x14:10000e28
13525365ns          220728 1c008220 0007a803 lw               x16, 0(x15)         x16=013b00a2 x15:1c00037c  PA:1c00037c
13525663ns          220743 1c008224 0047a503 lw               x10, 4(x15)         x10=009900fc x15:1c00037c  PA:1c000380
13525961ns          220758 1c008226 0087a583 lw               x11, 8(x15)         x11=001f000e x15:1c00037c  PA:1c000384
13526279ns          220774 1c008228 00c7a603 lw               x12, 12(x15)        x12=004f0f2c x15:1c00037c  PA:1c000388
13526697ns          220795 1c00822a 01072023 sw               x16, 0(x14)         x16:013b00a2 x14:10000e38  PA:10000e38
13526717ns          220796 1c00822e 00a72223 sw               x10, 4(x14)         x10:009900fc x14:10000e38  PA:10000e3c
13526737ns          220797 1c008230 00b72423 sw               x11, 8(x14)         x11:001f000e x14:10000e38  PA:10000e40
13526757ns          220798 1c008232 00c72623 sw               x12, 12(x14)        x12:004f0f2c x14:10000e38  PA:10000e44
13526777ns          220799 1c008234 01078793 addi             x15, x15, 16        x15=1c00038c x15:1c00037c
13526796ns          220800 1c008236 01070713 addi             x14, x14, 16        x14=10000e48 x14:10000e38
13526816ns          220801 1c008220 0007a803 lw               x16, 0(x15)         x16=0c9b0228 x15:1c00038c  PA:1c00038c
13527135ns          220817 1c008224 0047a503 lw               x10, 4(x15)         x10=00af0026 x15:1c00038c  PA:1c000390
13527433ns          220832 1c008226 0087a583 lw               x11, 8(x15)         x11=0f5c0012 x15:1c00038c  PA:1c000394
13527731ns          220847 1c008228 00c7a603 lw               x12, 12(x15)        x12=017002c0 x15:1c00038c  PA:1c000398
13528030ns          220862 1c00822a 01072023 sw               x16, 0(x14)         x16:0c9b0228 x14:10000e48  PA:10000e48
13528049ns          220863 1c00822e 00a72223 sw               x10, 4(x14)         x10:00af0026 x14:10000e48  PA:10000e4c
13528069ns          220864 1c008230 00b72423 sw               x11, 8(x14)         x11:0f5c0012 x14:10000e48  PA:10000e50
13528089ns          220865 1c008232 00c72623 sw               x12, 12(x14)        x12:017002c0 x14:10000e48  PA:10000e54
13528109ns          220866 1c008234 01078793 addi             x15, x15, 16        x15=1c00039c x15:1c00038c
13528129ns          220867 1c008236 01070713 addi             x14, x14, 16        x14=10000e58 x14:10000e48
13528149ns          220868 1c008220 0007a803 lw               x16, 0(x15)         x16=0f770c56 x15:1c00039c  PA:1c00039c
13528447ns          220883 1c008224 0047a503 lw               x10, 4(x15)         x10=00210fee x15:1c00039c  PA:1c0003a0
13528745ns          220898 1c008226 0087a583 lw               x11, 8(x15)         x11=0fa90c57 x15:1c00039c  PA:1c0003a4
13529044ns          220913 1c008228 00c7a603 lw               x12, 12(x15)        x12=0103009d x15:1c00039c  PA:1c0003a8
13529382ns          220930 1c00822a 01072023 sw               x16, 0(x14)         x16:0f770c56 x14:10000e58  PA:10000e58
13529402ns          220931 1c00822e 00a72223 sw               x10, 4(x14)         x10:00210fee x14:10000e58  PA:10000e5c
13529422ns          220932 1c008230 00b72423 sw               x11, 8(x14)         x11:0fa90c57 x14:10000e58  PA:10000e60
13529442ns          220933 1c008232 00c72623 sw               x12, 12(x14)        x12:0103009d x14:10000e58  PA:10000e64
13529461ns          220934 1c008234 01078793 addi             x15, x15, 16        x15=1c0003ac x15:1c00039c
13529481ns          220935 1c008236 01070713 addi             x14, x14, 16        x14=10000e68 x14:10000e58
13529501ns          220936 1c008220 0007a803 lw               x16, 0(x15)         x16=0dde0019 x15:1c0003ac  PA:1c0003ac
13529879ns          220955 1c008224 0047a503 lw               x10, 4(x15)         x10=0e5a0d3f x15:1c0003ac  PA:1c0003b0
13530177ns          220970 1c008226 0087a583 lw               x11, 8(x15)         x11=0e2e011a x15:1c0003ac  PA:1c0003b4
13530496ns          220986 1c008228 00c7a603 lw               x12, 12(x15)        x12=0ea80080 x15:1c0003ac  PA:1c0003b8
13530794ns          221001 1c00822a 01072023 sw               x16, 0(x14)         x16:0dde0019 x14:10000e68  PA:10000e68
13530814ns          221002 1c00822e 00a72223 sw               x10, 4(x14)         x10:0e5a0d3f x14:10000e68  PA:10000e6c
13530834ns          221003 1c008230 00b72423 sw               x11, 8(x14)         x11:0e2e011a x14:10000e68  PA:10000e70
13530854ns          221004 1c008232 00c72623 sw               x12, 12(x14)        x12:0ea80080 x14:10000e68  PA:10000e74
13530873ns          221005 1c008234 01078793 addi             x15, x15, 16        x15=1c0003bc x15:1c0003ac
13530893ns          221006 1c008236 01070713 addi             x14, x14, 16        x14=10000e78 x14:10000e68
13530913ns          221007 1c008220 0007a803 lw               x16, 0(x15)         x16=0fab0fb5 x15:1c0003bc  PA:1c0003bc
13531212ns          221022 1c008224 0047a503 lw               x10, 4(x15)         x10=0f0300b1 x15:1c0003bc  PA:1c0003c0
13531510ns          221037 1c008226 0087a583 lw               x11, 8(x15)         x11=0fe10ef1 x15:1c0003bc  PA:1c0003c4
13531828ns          221053 1c008228 00c7a603 lw               x12, 12(x15)        x12=0ad302cf x15:1c0003bc  PA:1c0003c8
13532126ns          221068 1c00822a 01072023 sw               x16, 0(x14)         x16:0fab0fb5 x14:10000e78  PA:10000e78
13532146ns          221069 1c00822e 00a72223 sw               x10, 4(x14)         x10:0f0300b1 x14:10000e78  PA:10000e7c
13532166ns          221070 1c008230 00b72423 sw               x11, 8(x14)         x11:0fe10ef1 x14:10000e78  PA:10000e80
13532186ns          221071 1c008232 00c72623 sw               x12, 12(x14)        x12:0ad302cf x14:10000e78  PA:10000e84
13532206ns          221072 1c008234 01078793 addi             x15, x15, 16        x15=1c0003cc x15:1c0003bc
13532226ns          221073 1c008236 01070713 addi             x14, x14, 16        x14=10000e88 x14:10000e78
13532246ns          221074 1c008220 0007a803 lw               x16, 0(x15)         x16=0eae0fe5 x15:1c0003cc  PA:1c0003cc
13532544ns          221089 1c008224 0047a503 lw               x10, 4(x15)         x10=003c00af x15:1c0003cc  PA:1c0003d0
13532842ns          221104 1c008226 0087a583 lw               x11, 8(x15)         x11=029700f5 x15:1c0003cc  PA:1c0003d4
13533161ns          221120 1c008228 00c7a603 lw               x12, 12(x15)        x12=0fcf00a5 x15:1c0003cc  PA:1c0003d8
13533459ns          221135 1c00822a 01072023 sw               x16, 0(x14)         x16:0eae0fe5 x14:10000e88  PA:10000e88
13533479ns          221136 1c00822e 00a72223 sw               x10, 4(x14)         x10:003c00af x14:10000e88  PA:10000e8c
13533499ns          221137 1c008230 00b72423 sw               x11, 8(x14)         x11:029700f5 x14:10000e88  PA:10000e90
13533519ns          221138 1c008232 00c72623 sw               x12, 12(x14)        x12:0fcf00a5 x14:10000e88  PA:10000e94
13533538ns          221139 1c008234 01078793 addi             x15, x15, 16        x15=1c0003dc x15:1c0003cc
13533558ns          221140 1c008236 01070713 addi             x14, x14, 16        x14=10000e98 x14:10000e88
13533578ns          221141 1c008220 0007a803 lw               x16, 0(x15)         x16=025a0d94 x15:1c0003dc  PA:1c0003dc
13533877ns          221156 1c008224 0047a503 lw               x10, 4(x15)         x10=00900eb8 x15:1c0003dc  PA:1c0003e0
13534175ns          221171 1c008226 0087a583 lw               x11, 8(x15)         x11=034c022e x15:1c0003dc  PA:1c0003e4
13534493ns          221187 1c008228 00c7a603 lw               x12, 12(x15)        x12=00760e50 x15:1c0003dc  PA:1c0003e8
13534791ns          221202 1c00822a 01072023 sw               x16, 0(x14)         x16:025a0d94 x14:10000e98  PA:10000e98
13534811ns          221203 1c00822e 00a72223 sw               x10, 4(x14)         x10:00900eb8 x14:10000e98  PA:10000e9c
13534831ns          221204 1c008230 00b72423 sw               x11, 8(x14)         x11:034c022e x14:10000e98  PA:10000ea0
13534851ns          221205 1c008232 00c72623 sw               x12, 12(x14)        x12:00760e50 x14:10000e98  PA:10000ea4
13534871ns          221206 1c008234 01078793 addi             x15, x15, 16        x15=1c0003ec x15:1c0003dc
13534891ns          221207 1c008236 01070713 addi             x14, x14, 16        x14=10000ea8 x14:10000e98
13534911ns          221208 1c008220 0007a803 lw               x16, 0(x15)         x16=00400ee6 x15:1c0003ec  PA:1c0003ec
13535209ns          221223 1c008224 0047a503 lw               x10, 4(x15)         x10=0e240266 x15:1c0003ec  PA:1c0003f0
13535507ns          221238 1c008226 0087a583 lw               x11, 8(x15)         x11=00970ea3 x15:1c0003ec  PA:1c0003f4
13535826ns          221254 1c008228 00c7a603 lw               x12, 12(x15)        x12=01670e25 x15:1c0003ec  PA:1c0003f8
13536124ns          221269 1c00822a 01072023 sw               x16, 0(x14)         x16:00400ee6 x14:10000ea8  PA:10000ea8
13536144ns          221270 1c00822e 00a72223 sw               x10, 4(x14)         x10:0e240266 x14:10000ea8  PA:10000eac
13536164ns          221271 1c008230 00b72423 sw               x11, 8(x14)         x11:00970ea3 x14:10000ea8  PA:10000eb0
13536184ns          221272 1c008232 00c72623 sw               x12, 12(x14)        x12:01670e25 x14:10000ea8  PA:10000eb4
13536203ns          221273 1c008234 01078793 addi             x15, x15, 16        x15=1c0003fc x15:1c0003ec
13536223ns          221274 1c008236 01070713 addi             x14, x14, 16        x14=10000eb8 x14:10000ea8
13536243ns          221275 1c008220 0007a803 lw               x16, 0(x15)         x16=009b0f1c x15:1c0003fc  PA:1c0003fc
13536542ns          221290 1c008224 0047a503 lw               x10, 4(x15)         x10=00250e36 x15:1c0003fc  PA:1c000400
13536840ns          221305 1c008226 0087a583 lw               x11, 8(x15)         x11=010a0dbb x15:1c0003fc  PA:1c000404
13537178ns          221322 1c008228 00c7a603 lw               x12, 12(x15)        x12=05680e49 x15:1c0003fc  PA:1c000408
13537556ns          221341 1c00822a 01072023 sw               x16, 0(x14)         x16:009b0f1c x14:10000eb8  PA:10000eb8
13537576ns          221342 1c00822e 00a72223 sw               x10, 4(x14)         x10:00250e36 x14:10000eb8  PA:10000ebc
13537596ns          221343 1c008230 00b72423 sw               x11, 8(x14)         x11:010a0dbb x14:10000eb8  PA:10000ec0
13537616ns          221344 1c008232 00c72623 sw               x12, 12(x14)        x12:05680e49 x14:10000eb8  PA:10000ec4
13537635ns          221345 1c008234 01078793 addi             x15, x15, 16        x15=1c00040c x15:1c0003fc
13537655ns          221346 1c008236 01070713 addi             x14, x14, 16        x14=10000ec8 x14:10000eb8
13537675ns          221347 1c008220 0007a803 lw               x16, 0(x15)         x16=0fb60efa x15:1c00040c  PA:1c00040c
13538053ns          221366 1c008224 0047a503 lw               x10, 4(x15)         x10=02e402b2 x15:1c00040c  PA:1c000410
13538351ns          221381 1c008226 0087a583 lw               x11, 8(x15)         x11=0f6e0fcb x15:1c00040c  PA:1c000414
13538650ns          221396 1c008228 00c7a603 lw               x12, 12(x15)        x12=0e120fa7 x15:1c00040c  PA:1c000418
13538948ns          221411 1c00822a 01072023 sw               x16, 0(x14)         x16:0fb60efa x14:10000ec8  PA:10000ec8
13538968ns          221412 1c00822e 00a72223 sw               x10, 4(x14)         x10:02e402b2 x14:10000ec8  PA:10000ecc
13538988ns          221413 1c008230 00b72423 sw               x11, 8(x14)         x11:0f6e0fcb x14:10000ec8  PA:10000ed0
13539008ns          221414 1c008232 00c72623 sw               x12, 12(x14)        x12:0e120fa7 x14:10000ec8  PA:10000ed4
13539028ns          221415 1c008234 01078793 addi             x15, x15, 16        x15=1c00041c x15:1c00040c
13539047ns          221416 1c008236 01070713 addi             x14, x14, 16        x14=10000ed8 x14:10000ec8
13539067ns          221417 1c008220 0007a803 lw               x16, 0(x15)         x16=0f520339 x15:1c00041c  PA:1c00041c
13539366ns          221432 1c008224 0047a503 lw               x10, 4(x15)         x10=0d1a0181 x15:1c00041c  PA:1c000420
13539744ns          221451 1c008226 0087a583 lw               x11, 8(x15)         x11=02af01d5 x15:1c00041c  PA:1c000424
13540082ns          221468 1c008228 00c7a603 lw               x12, 12(x15)        x12=0e7b0f6f x15:1c00041c  PA:1c000428
13540479ns          221488 1c00822a 01072023 sw               x16, 0(x14)         x16:0f520339 x14:10000ed8  PA:10000ed8
13540499ns          221489 1c00822e 00a72223 sw               x10, 4(x14)         x10:0d1a0181 x14:10000ed8  PA:10000edc
13540519ns          221490 1c008230 00b72423 sw               x11, 8(x14)         x11:02af01d5 x14:10000ed8  PA:10000ee0
13540539ns          221491 1c008232 00c72623 sw               x12, 12(x14)        x12:0e7b0f6f x14:10000ed8  PA:10000ee4
13540559ns          221492 1c008234 01078793 addi             x15, x15, 16        x15=1c00042c x15:1c00041c
13540579ns          221493 1c008236 01070713 addi             x14, x14, 16        x14=10000ee8 x14:10000ed8
13540599ns          221494 1c008220 0007a803 lw               x16, 0(x15)         x16=011e0da0 x15:1c00042c  PA:1c00042c
13540977ns          221513 1c008224 0047a503 lw               x10, 4(x15)         x10=005a003e x15:1c00042c  PA:1c000430
13541295ns          221529 1c008226 0087a583 lw               x11, 8(x15)         x11=01490021 x15:1c00042c  PA:1c000434
13541653ns          221547 1c008228 00c7a603 lw               x12, 12(x15)        x12=01e90071 x15:1c00042c  PA:1c000438
13542051ns          221567 1c00822a 01072023 sw               x16, 0(x14)         x16:011e0da0 x14:10000ee8  PA:10000ee8
13542070ns          221568 1c00822e 00a72223 sw               x10, 4(x14)         x10:005a003e x14:10000ee8  PA:10000eec
13542090ns          221569 1c008230 00b72423 sw               x11, 8(x14)         x11:01490021 x14:10000ee8  PA:10000ef0
13542110ns          221570 1c008232 00c72623 sw               x12, 12(x14)        x12:01e90071 x14:10000ee8  PA:10000ef4
13542130ns          221571 1c008234 01078793 addi             x15, x15, 16        x15=1c00043c x15:1c00042c
13542150ns          221572 1c008236 01070713 addi             x14, x14, 16        x14=10000ef8 x14:10000ee8
13542170ns          221573 1c008220 0007a803 lw               x16, 0(x15)         x16=0eab0085 x15:1c00043c  PA:1c00043c
13542568ns          221593 1c008224 0047a503 lw               x10, 4(x15)         x10=038f004d x15:1c00043c  PA:1c000440
13542906ns          221610 1c008226 0087a583 lw               x11, 8(x15)         x11=0c630e3a x15:1c00043c  PA:1c000444
13543264ns          221628 1c008228 00c7a603 lw               x12, 12(x15)        x12=02010f88 x15:1c00043c  PA:1c000448
13543681ns          221649 1c00822a 01072023 sw               x16, 0(x14)         x16:0eab0085 x14:10000ef8  PA:10000ef8
13543701ns          221650 1c00822e 00a72223 sw               x10, 4(x14)         x10:038f004d x14:10000ef8  PA:10000efc
13543721ns          221651 1c008230 00b72423 sw               x11, 8(x14)         x11:0c630e3a x14:10000ef8  PA:10000f00
13543741ns          221652 1c008232 00c72623 sw               x12, 12(x14)        x12:02010f88 x14:10000ef8  PA:10000f04
13543761ns          221653 1c008234 01078793 addi             x15, x15, 16        x15=1c00044c x15:1c00043c
13543781ns          221654 1c008236 01070713 addi             x14, x14, 16        x14=10000f08 x14:10000ef8
13543801ns          221655 1c008220 0007a803 lw               x16, 0(x15)         x16=001a0157 x15:1c00044c  PA:1c00044c
13544179ns          221674 1c008224 0047a503 lw               x10, 4(x15)         x10=0e780001 x15:1c00044c  PA:1c000450
13544477ns          221689 1c008226 0087a583 lw               x11, 8(x15)         x11=014c0074 x15:1c00044c  PA:1c000454
13544775ns          221704 1c008228 00c7a603 lw               x12, 12(x15)        x12=00220fd4 x15:1c00044c  PA:1c000458
13545093ns          221720 1c00822a 01072023 sw               x16, 0(x14)         x16:001a0157 x14:10000f08  PA:10000f08
13545113ns          221721 1c00822e 00a72223 sw               x10, 4(x14)         x10:0e780001 x14:10000f08  PA:10000f0c
13545133ns          221722 1c008230 00b72423 sw               x11, 8(x14)         x11:014c0074 x14:10000f08  PA:10000f10
13545153ns          221723 1c008232 00c72623 sw               x12, 12(x14)        x12:00220fd4 x14:10000f08  PA:10000f14
13545173ns          221724 1c008234 01078793 addi             x15, x15, 16        x15=1c00045c x15:1c00044c
13545193ns          221725 1c008236 01070713 addi             x14, x14, 16        x14=10000f18 x14:10000f08
13545213ns          221726 1c008220 0007a803 lw               x16, 0(x15)         x16=00480db6 x15:1c00045c  PA:1c00045c
13545571ns          221744 1c008224 0047a503 lw               x10, 4(x15)         x10=01ee0038 x15:1c00045c  PA:1c000460
13545869ns          221759 1c008226 0087a583 lw               x11, 8(x15)         x11=0e2002cf x15:1c00045c  PA:1c000464
13546167ns          221774 1c008228 00c7a603 lw               x12, 12(x15)        x12=0e4c003f x15:1c00045c  PA:1c000468
13546466ns          221789 1c00822a 01072023 sw               x16, 0(x14)         x16:00480db6 x14:10000f18  PA:10000f18
13546486ns          221790 1c00822e 00a72223 sw               x10, 4(x14)         x10:01ee0038 x14:10000f18  PA:10000f1c
13546505ns          221791 1c008230 00b72423 sw               x11, 8(x14)         x11:0e2002cf x14:10000f18  PA:10000f20
13546525ns          221792 1c008232 00c72623 sw               x12, 12(x14)        x12:0e4c003f x14:10000f18  PA:10000f24
13546545ns          221793 1c008234 01078793 addi             x15, x15, 16        x15=1c00046c x15:1c00045c
13546565ns          221794 1c008236 01070713 addi             x14, x14, 16        x14=10000f28 x14:10000f18
13546585ns          221795 1c008220 0007a803 lw               x16, 0(x15)         x16=0ec20ffe x15:1c00046c  PA:1c00046c
13546883ns          221810 1c008224 0047a503 lw               x10, 4(x15)         x10=0fd202be x15:1c00046c  PA:1c000470
13547202ns          221826 1c008226 0087a583 lw               x11, 8(x15)         x11=0fa500b5 x15:1c00046c  PA:1c000474
13547560ns          221844 1c008228 00c7a603 lw               x12, 12(x15)        x12=0ceb0125 x15:1c00046c  PA:1c000478
13547977ns          221865 1c00822a 01072023 sw               x16, 0(x14)         x16:0ec20ffe x14:10000f28  PA:10000f28
13547997ns          221866 1c00822e 00a72223 sw               x10, 4(x14)         x10:0fd202be x14:10000f28  PA:10000f2c
13548017ns          221867 1c008230 00b72423 sw               x11, 8(x14)         x11:0fa500b5 x14:10000f28  PA:10000f30
13548037ns          221868 1c008232 00c72623 sw               x12, 12(x14)        x12:0ceb0125 x14:10000f28  PA:10000f34
13548057ns          221869 1c008234 01078793 addi             x15, x15, 16        x15=1c00047c x15:1c00046c
13548077ns          221870 1c008236 01070713 addi             x14, x14, 16        x14=10000f38 x14:10000f28
13548096ns          221871 1c008220 0007a803 lw               x16, 0(x15)         x16=0e260d8d x15:1c00047c  PA:1c00047c
13548474ns          221890 1c008224 0047a503 lw               x10, 4(x15)         x10=004601bd x15:1c00047c  PA:1c000480
13548773ns          221905 1c008226 0087a583 lw               x11, 8(x15)         x11=0ee30024 x15:1c00047c  PA:1c000484
13549071ns          221920 1c008228 00c7a603 lw               x12, 12(x15)        x12=01070d3c x15:1c00047c  PA:1c000488
13549449ns          221939 1c00822a 01072023 sw               x16, 0(x14)         x16:0e260d8d x14:10000f38  PA:10000f38
13549469ns          221940 1c00822e 00a72223 sw               x10, 4(x14)         x10:004601bd x14:10000f38  PA:10000f3c
13549489ns          221941 1c008230 00b72423 sw               x11, 8(x14)         x11:0ee30024 x14:10000f38  PA:10000f40
13549509ns          221942 1c008232 00c72623 sw               x12, 12(x14)        x12:01070d3c x14:10000f38  PA:10000f44
13549528ns          221943 1c008234 01078793 addi             x15, x15, 16        x15=1c00048c x15:1c00047c
13549548ns          221944 1c008236 01070713 addi             x14, x14, 16        x14=10000f48 x14:10000f38
13549568ns          221945 1c008220 0007a803 lw               x16, 0(x15)         x16=001f01bd x15:1c00048c  PA:1c00048c
13549946ns          221964 1c008224 0047a503 lw               x10, 4(x15)         x10=0dd10ef5 x15:1c00048c  PA:1c000490
13550244ns          221979 1c008226 0087a583 lw               x11, 8(x15)         x11=0cc00f4e x15:1c00048c  PA:1c000494
13550543ns          221994 1c008228 00c7a603 lw               x12, 12(x15)        x12=00160ee4 x15:1c00048c  PA:1c000498
13550841ns          222009 1c00822a 01072023 sw               x16, 0(x14)         x16:001f01bd x14:10000f48  PA:10000f48
13550861ns          222010 1c00822e 00a72223 sw               x10, 4(x14)         x10:0dd10ef5 x14:10000f48  PA:10000f4c
13550881ns          222011 1c008230 00b72423 sw               x11, 8(x14)         x11:0cc00f4e x14:10000f48  PA:10000f50
13550901ns          222012 1c008232 00c72623 sw               x12, 12(x14)        x12:00160ee4 x14:10000f48  PA:10000f54
13550921ns          222013 1c008234 01078793 addi             x15, x15, 16        x15=1c00049c x15:1c00048c
13550940ns          222014 1c008236 01070713 addi             x14, x14, 16        x14=10000f58 x14:10000f48
13550960ns          222015 1c008220 0007a803 lw               x16, 0(x15)         x16=0fb00f79 x15:1c00049c  PA:1c00049c
13551259ns          222030 1c008224 0047a503 lw               x10, 4(x15)         x10=0fe80029 x15:1c00049c  PA:1c0004a0
13551597ns          222047 1c008226 0087a583 lw               x11, 8(x15)         x11=0eba018c x15:1c00049c  PA:1c0004a4
13551955ns          222065 1c008228 00c7a603 lw               x12, 12(x15)        x12=00e60f76 x15:1c00049c  PA:1c0004a8
13552353ns          222085 1c00822a 01072023 sw               x16, 0(x14)         x16:0fb00f79 x14:10000f58  PA:10000f58
13552372ns          222086 1c00822e 00a72223 sw               x10, 4(x14)         x10:0fe80029 x14:10000f58  PA:10000f5c
13552392ns          222087 1c008230 00b72423 sw               x11, 8(x14)         x11:0eba018c x14:10000f58  PA:10000f60
13552412ns          222088 1c008232 00c72623 sw               x12, 12(x14)        x12:00e60f76 x14:10000f58  PA:10000f64
13552432ns          222089 1c008234 01078793 addi             x15, x15, 16        x15=1c0004ac x15:1c00049c
13552452ns          222090 1c008236 01070713 addi             x14, x14, 16        x14=10000f68 x14:10000f58
13552472ns          222091 1c008220 0007a803 lw               x16, 0(x15)         x16=003e0fc4 x15:1c0004ac  PA:1c0004ac
13552850ns          222110 1c008224 0047a503 lw               x10, 4(x15)         x10=0e3e01d6 x15:1c0004ac  PA:1c0004b0
13553148ns          222125 1c008226 0087a583 lw               x11, 8(x15)         x11=0e400b1c x15:1c0004ac  PA:1c0004b4
13553446ns          222140 1c008228 00c7a603 lw               x12, 12(x15)        x12=0caa0f56 x15:1c0004ac  PA:1c0004b8
13553745ns          222155 1c00822a 01072023 sw               x16, 0(x14)         x16:003e0fc4 x14:10000f68  PA:10000f68
13553765ns          222156 1c00822e 00a72223 sw               x10, 4(x14)         x10:0e3e01d6 x14:10000f68  PA:10000f6c
13553784ns          222157 1c008230 00b72423 sw               x11, 8(x14)         x11:0e400b1c x14:10000f68  PA:10000f70
13553804ns          222158 1c008232 00c72623 sw               x12, 12(x14)        x12:0caa0f56 x14:10000f68  PA:10000f74
13553824ns          222159 1c008234 01078793 addi             x15, x15, 16        x15=1c0004bc x15:1c0004ac
13553844ns          222160 1c008236 01070713 addi             x14, x14, 16        x14=10000f78 x14:10000f68
13553864ns          222161 1c008220 0007a803 lw               x16, 0(x15)         x16=0ddd02f0 x15:1c0004bc  PA:1c0004bc
13554162ns          222176 1c008224 0047a503 lw               x10, 4(x15)         x10=0117013e x15:1c0004bc  PA:1c0004c0
13554481ns          222192 1c008226 0087a583 lw               x11, 8(x15)         x11=00510db9 x15:1c0004bc  PA:1c0004c4
13554779ns          222207 1c008228 00c7a603 lw               x12, 12(x15)        x12=00a9021b x15:1c0004bc  PA:1c0004c8
13555117ns          222224 1c00822a 01072023 sw               x16, 0(x14)         x16:0ddd02f0 x14:10000f78  PA:10000f78
13555137ns          222225 1c00822e 00a72223 sw               x10, 4(x14)         x10:0117013e x14:10000f78  PA:10000f7c
13555157ns          222226 1c008230 00b72423 sw               x11, 8(x14)         x11:00510db9 x14:10000f78  PA:10000f80
13555177ns          222227 1c008232 00c72623 sw               x12, 12(x14)        x12:00a9021b x14:10000f78  PA:10000f84
13555197ns          222228 1c008234 01078793 addi             x15, x15, 16        x15=1c0004cc x15:1c0004bc
13555216ns          222229 1c008236 01070713 addi             x14, x14, 16        x14=10000f88 x14:10000f78
13555236ns          222230 1c008220 0007a803 lw               x16, 0(x15)         x16=0f550239 x15:1c0004cc  PA:1c0004cc
13555634ns          222250 1c008224 0047a503 lw               x10, 4(x15)         x10=0de50f0f x15:1c0004cc  PA:1c0004d0
13555952ns          222266 1c008226 0087a583 lw               x11, 8(x15)         x11=01b80e8a x15:1c0004cc  PA:1c0004d4
13556251ns          222281 1c008228 00c7a603 lw               x12, 12(x15)        x12=0d360e8e x15:1c0004cc  PA:1c0004d8
13556549ns          222296 1c00822a 01072023 sw               x16, 0(x14)         x16:0f550239 x14:10000f88  PA:10000f88
13556569ns          222297 1c00822e 00a72223 sw               x10, 4(x14)         x10:0de50f0f x14:10000f88  PA:10000f8c
13556589ns          222298 1c008230 00b72423 sw               x11, 8(x14)         x11:01b80e8a x14:10000f88  PA:10000f90
13556609ns          222299 1c008232 00c72623 sw               x12, 12(x14)        x12:0d360e8e x14:10000f88  PA:10000f94
13556628ns          222300 1c008234 01078793 addi             x15, x15, 16        x15=1c0004dc x15:1c0004cc
13556648ns          222301 1c008236 01070713 addi             x14, x14, 16        x14=10000f98 x14:10000f88
13556668ns          222302 1c008220 0007a803 lw               x16, 0(x15)         x16=0f8b0e44 x15:1c0004dc  PA:1c0004dc
13556986ns          222318 1c008224 0047a503 lw               x10, 4(x15)         x10=0fe10f1e x15:1c0004dc  PA:1c0004e0
13557325ns          222335 1c008226 0087a583 lw               x11, 8(x15)         x11=02990ea9 x15:1c0004dc  PA:1c0004e4
13557623ns          222350 1c008228 00c7a603 lw               x12, 12(x15)        x12=02310f61 x15:1c0004dc  PA:1c0004e8
13557921ns          222365 1c00822a 01072023 sw               x16, 0(x14)         x16:0f8b0e44 x14:10000f98  PA:10000f98
13557941ns          222366 1c00822e 00a72223 sw               x10, 4(x14)         x10:0fe10f1e x14:10000f98  PA:10000f9c
13557961ns          222367 1c008230 00b72423 sw               x11, 8(x14)         x11:02990ea9 x14:10000f98  PA:10000fa0
13557981ns          222368 1c008232 00c72623 sw               x12, 12(x14)        x12:02310f61 x14:10000f98  PA:10000fa4
13558001ns          222369 1c008234 01078793 addi             x15, x15, 16        x15=1c0004ec x15:1c0004dc
13558021ns          222370 1c008236 01070713 addi             x14, x14, 16        x14=10000fa8 x14:10000f98
13558040ns          222371 1c008220 0007a803 lw               x16, 0(x15)         x16=02340247 x15:1c0004ec  PA:1c0004ec
13558359ns          222387 1c008224 0047a503 lw               x10, 4(x15)         x10=013e0d31 x15:1c0004ec  PA:1c0004f0
13558657ns          222402 1c008226 0087a583 lw               x11, 8(x15)         x11=0f830e0f x15:1c0004ec  PA:1c0004f4
13558975ns          222418 1c008228 00c7a603 lw               x12, 12(x15)        x12=00890099 x15:1c0004ec  PA:1c0004f8
13559373ns          222438 1c00822a 01072023 sw               x16, 0(x14)         x16:02340247 x14:10000fa8  PA:10000fa8
13559393ns          222439 1c00822e 00a72223 sw               x10, 4(x14)         x10:013e0d31 x14:10000fa8  PA:10000fac
13559413ns          222440 1c008230 00b72423 sw               x11, 8(x14)         x11:0f830e0f x14:10000fa8  PA:10000fb0
13559433ns          222441 1c008232 00c72623 sw               x12, 12(x14)        x12:00890099 x14:10000fa8  PA:10000fb4
13559453ns          222442 1c008234 01078793 addi             x15, x15, 16        x15=1c0004fc x15:1c0004ec
13559472ns          222443 1c008236 01070713 addi             x14, x14, 16        x14=10000fb8 x14:10000fa8
13559492ns          222444 1c008220 0007a803 lw               x16, 0(x15)         x16=009201a1 x15:1c0004fc  PA:1c0004fc
13559850ns          222462 1c008224 0047a503 lw               x10, 4(x15)         x10=01600df1 x15:1c0004fc  PA:1c000500
13560248ns          222482 1c008226 0087a583 lw               x11, 8(x15)         x11=00470f49 x15:1c0004fc  PA:1c000504
13560546ns          222497 1c008228 00c7a603 lw               x12, 12(x15)        x12=014b0e21 x15:1c0004fc  PA:1c000508
13560865ns          222513 1c00822a 01072023 sw               x16, 0(x14)         x16:009201a1 x14:10000fb8  PA:10000fb8
13560884ns          222514 1c00822e 00a72223 sw               x10, 4(x14)         x10:01600df1 x14:10000fb8  PA:10000fbc
13560904ns          222515 1c008230 00b72423 sw               x11, 8(x14)         x11:00470f49 x14:10000fb8  PA:10000fc0
13560924ns          222516 1c008232 00c72623 sw               x12, 12(x14)        x12:014b0e21 x14:10000fb8  PA:10000fc4
13560944ns          222517 1c008234 01078793 addi             x15, x15, 16        x15=1c00050c x15:1c0004fc
13560964ns          222518 1c008236 01070713 addi             x14, x14, 16        x14=10000fc8 x14:10000fb8
13560984ns          222519 1c008220 0007a803 lw               x16, 0(x15)         x16=0c1d0000 x15:1c00050c  PA:1c00050c
13561302ns          222535 1c008224 0047a503 lw               x10, 4(x15)         x10=01550032 x15:1c00050c  PA:1c000510
13561600ns          222550 1c008226 0087a583 lw               x11, 8(x15)         x11=01f50246 x15:1c00050c  PA:1c000514
13561978ns          222569 1c008228 00c7a603 lw               x12, 12(x15)        x12=0f9701f2 x15:1c00050c  PA:1c000518
13562396ns          222590 1c00822a 01072023 sw               x16, 0(x14)         x16:0c1d0000 x14:10000fc8  PA:10000fc8
13562416ns          222591 1c00822e 00a72223 sw               x10, 4(x14)         x10:01550032 x14:10000fc8  PA:10000fcc
13562436ns          222592 1c008230 00b72423 sw               x11, 8(x14)         x11:01f50246 x14:10000fc8  PA:10000fd0
13562456ns          222593 1c008232 00c72623 sw               x12, 12(x14)        x12:0f9701f2 x14:10000fc8  PA:10000fd4
13562476ns          222594 1c008234 01078793 addi             x15, x15, 16        x15=1c00051c x15:1c00050c
13562495ns          222595 1c008236 01070713 addi             x14, x14, 16        x14=10000fd8 x14:10000fc8
13562515ns          222596 1c008238 f14025f3 csrrs            x11, x0, 0xf14      x11=00000001
13562535ns          222597 1c00823c 1c000537 lui              x10, 0x1c000000     x10=1c000000
13562555ns          222598 1c008240 f455b433 p.bclr           x8, x11, 26, 5       x8=00000001 x11:00000001
13562575ns          222599 1c008244 4055d593 srai             x11, x11, 0x405     x11=00000000 x11:00000001
13562595ns          222600 1c008246 00800633 add              x12, x0, x8         x12=00000001  x8:00000001
13562615ns          222601 1c008248 f265b5b3 p.bclr           x11, x11, 25, 6     x11=00000000 x11:00000000
13562635ns          222602 1c00824c 51c50513 addi             x10, x10, 1308      x10=1c00051c x10:1c000000
13563012ns          222621 1c008250 1b1000ef jal              x1, 2480             x1=1c008254
13563470ns          222644 1c008c00 fc010113 addi             x2, x2, -64          x2=10000a88  x2:10000ac8
13563510ns          222646 1c008c02 02410313 addi             x6, x2, 36           x6=10000aac  x2:10000a88
13563530ns          222647 1c008c06 02c12423 sw               x12, 40(x2)         x12:00000001  x2:10000a88  PA:10000ab0
13563549ns          222648 1c008c08 00a00633 add              x12, x0, x10        x12=1c00051c x10:1c00051c
13563569ns          222649 1c008c0a 1c009537 lui              x10, 0x1c009000     x10=1c009000
13563589ns          222650 1c008c0e 02b12223 sw               x11, 36(x2)         x11:00000000  x2:10000a88  PA:10000aac
13563987ns          222670 1c008c10 02d12623 sw               x13, 44(x2)         x13:0000001f  x2:10000a88  PA:10000ab4
13564007ns          222671 1c008c12 00200593 addi             x11, x0, 2          x11=00000002
13564027ns          222672 1c008c14 006006b3 add              x13, x0, x6         x13=10000aac  x6:10000aac
13564047ns          222673 1c008c16 b9450513 addi             x10, x10, -1132     x10=1c008b94 x10:1c009000
13564067ns          222674 1c008c1a 00112e23 sw               x1, 28(x2)           x1:1c008254  x2:10000a88  PA:10000aa4
13564086ns          222675 1c008c1c 02e12823 sw               x14, 48(x2)         x14:10000fd8  x2:10000a88  PA:10000ab8
13564106ns          222676 1c008c1e 02f12a23 sw               x15, 52(x2)         x15:1c00051c  x2:10000a88  PA:10000abc
13564504ns          222696 1c008c20 03012c23 sw               x16, 56(x2)         x16:0c1d0000  x2:10000a88  PA:10000ac0
13564524ns          222697 1c008c22 03112e23 sw               x17, 60(x2)         x17:04870893  x2:10000a88  PA:10000ac4
13564544ns          222698 1c008c24 00612623 sw               x6, 12(x2)           x6:10000aac  x2:10000a88  PA:10000a94
13564564ns          222699 1c008c26 fbfff0ef jal              x1, -66              x1=1c008c28
13565041ns          222723 1c008be4 04a0006f jal              x0, 74             
13565081ns          222725 1c008c2e ed010113 addi             x2, x2, -304         x2=10000958  x2:10000a88
13565518ns          222747 1c008c30 12812423 sw               x8, 296(x2)          x8:00000001  x2:10000958  PA:10000a80
13565558ns          222749 1c008c34 00000413 addi             x8, x0, 0            x8=00000000
13565578ns          222750 1c008c36 11612823 sw               x22, 272(x2)        x22:00000000  x2:10000958  PA:10000a68
13565598ns          222751 1c008c3a 11712623 sw               x23, 268(x2)        x23:00000000  x2:10000958  PA:10000a64
13566035ns          222773 1c008c3e 11812423 sw               x24, 264(x2)        x24:00000000  x2:10000958  PA:10000a60
13566075ns          222775 1c008c42 11912223 sw               x25, 260(x2)        x25:00000000  x2:10000958  PA:10000a5c
13566095ns          222776 1c008c46 11a12023 sw               x26, 256(x2)        x26:00000000  x2:10000958  PA:10000a58
13566115ns          222777 1c008c4a 0fb12e23 sw               x27, 252(x2)        x27:00000000  x2:10000958  PA:10000a54
13566135ns          222778 1c008c4c 12112623 sw               x1, 300(x2)          x1:1c008c28  x2:10000958  PA:10000a84
13566553ns          222799 1c008c50 00800db3 add              x27, x0, x8         x27=00000000  x8:00000000
13566592ns          222801 1c008c52 12912223 sw               x9, 292(x2)          x9:00000000  x2:10000958  PA:10000a7c
13566612ns          222802 1c008c56 13212023 sw               x18, 288(x2)        x18:00000000  x2:10000958  PA:10000a78
13566632ns          222803 1c008c5a 11312e23 sw               x19, 284(x2)        x19:00000000  x2:10000958  PA:10000a74
13567070ns          222825 1c008c5e 11412c23 sw               x20, 280(x2)        x20:00000000  x2:10000958  PA:10000a70
13567109ns          222827 1c008c62 11512a23 sw               x21, 276(x2)        x21:00000000  x2:10000958  PA:10000a6c
13567129ns          222828 1c008c66 00a00b33 add              x22, x0, x10        x22=1c008b94 x10:1c008b94
13567149ns          222829 1c008c68 00b00d33 add              x26, x0, x11        x26=00000002 x11:00000002
13567169ns          222830 1c008c6a 00d00c33 add              x24, x0, x13        x24=10000aac x13:10000aac
13567189ns          222831 1c008c6c 1c000bb7 lui              x23, 0x1c000000     x23=1c000000
13567607ns          222852 1c008c70 02410c93 addi             x25, x2, 36         x25=1000097c  x2:10000958
13567646ns          222854 1c008c74 00c00433 add              x8, x0, x12          x8=1c00051c x12:1c00051c
13567666ns          222855 1c008c76 00044503 lbu              x10, 0(x8)          x10=00000045  x8:1c00051c  PA:1c00051c
13567965ns          222870 1c008c7a 00140413 addi             x8, x8, 1            x8=1c00051d  x8:1c00051c
13567984ns          222871 1c008c7c 00050e63 beq              x10, x0, 28         x10:00000045
13568124ns          222878 1c008c7e 02500793 addi             x15, x0, 37         x15=00000025
13568163ns          222880 1c008c82 04f50863 beq              x10, x15, 80        x10:00000045 x15:00000025
13568183ns          222881 1c008c86 01a005b3 add              x11, x0, x26        x11=00000002 x26:00000002
13568203ns          222882 1c008c88 000b00e7 jalr             x1, x22, 0           x1=1c008c8a x22:1c008b94
13569257ns          222935 1c008b94 000026b7 lui              x13, 0x2000         x13=00002000
13569297ns          222937 1c008b96 f14027f3 csrrs            x15, x0, 0xf14      x15=00000001
13569317ns          222938 1c008b9a f8068693 addi             x13, x13, -128      x13=00001f80 x13:00002000
13569755ns          222960 1c008b9e 00379713 slli             x14, x15, 0x3       x14=00000008 x15:00000001
13569774ns          222961 1c008ba2 00279793 slli             x15, x15, 0x2       x15=00000004 x15:00000001
13569794ns          222962 1c008ba4 00d7f7b3 and              x15, x15, x13       x15=00000000 x15:00000004 x13:00001f80
13569814ns          222963 1c008ba6 ee873733 p.bclr           x14, x14, 23, 8     x14=00000008 x14:00000008
13569834ns          222964 1c008baa 1a10f6b7 lui              x13, 0x1a10f000     x13=1a10f000
13570292ns          222987 1c008bae 0ff57513 andi             x10, x10, 255       x10=00000045 x10:00000045
13570311ns          222988 1c008bb2 00d70733 add              x14, x14, x13       x14=1a10f008 x14:00000008 x13:1a10f000
13570331ns          222989 1c008bb4 00a7e723 p.sw             x10, x0(x15)        x10:00000045 x15:00000000  PA:1a10f008
13570689ns          223007 1c008bb8 00000513 addi             x10, x0, 0          x10=00000000
13570709ns          223008 1c008bba 00008067 jalr             x0, x1, 0            x1:1c008c8a
13570868ns          223016 1c008c8a 31f52563 p.beqimm         x10, 778            x10:00000000
13570888ns          223017 1c008c8e 001d8d93 addi             x27, x27, 1         x27=00000001 x27:00000000
13570908ns          223018 1c008c90 00044503 lbu              x10, 0(x8)          x10=0000006e  x8:1c00051d  PA:1c00051d
13571206ns          223033 1c008c94 00140413 addi             x8, x8, 1            x8=1c00051e  x8:1c00051d
13571226ns          223034 1c008c96 fe0514e3 bne              x10, x0, -24        x10:0000006e
13571465ns          223046 1c008c7e 02500793 addi             x15, x0, 37         x15=00000025
13571485ns          223047 1c008c82 04f50863 beq              x10, x15, 80        x10:0000006e x15:00000025
13571505ns          223048 1c008c86 01a005b3 add              x11, x0, x26        x11=00000002 x26:00000002
13571525ns          223049 1c008c88 000b00e7 jalr             x1, x22, 0           x1=1c008c8a x22:1c008b94
13571564ns          223051 1c008b94 000026b7 lui              x13, 0x2000         x13=00002000
13571584ns          223052 1c008b96 f14027f3 csrrs            x15, x0, 0xf14      x15=00000001
13571604ns          223053 1c008b9a f8068693 addi             x13, x13, -128      x13=00001f80 x13:00002000
13571664ns          223056 1c008b9e 00379713 slli             x14, x15, 0x3       x14=00000008 x15:00000001
13571684ns          223057 1c008ba2 00279793 slli             x15, x15, 0x2       x15=00000004 x15:00000001
13571704ns          223058 1c008ba4 00d7f7b3 and              x15, x15, x13       x15=00000000 x15:00000004 x13:00001f80
13571723ns          223059 1c008ba6 ee873733 p.bclr           x14, x14, 23, 8     x14=00000008 x14:00000008
13571743ns          223060 1c008baa 1a10f6b7 lui              x13, 0x1a10f000     x13=1a10f000
13571763ns          223061 1c008bae 0ff57513 andi             x10, x10, 255       x10=0000006e x10:0000006e
13571783ns          223062 1c008bb2 00d70733 add              x14, x14, x13       x14=1a10f008 x14:00000008 x13:1a10f000
13571803ns          223063 1c008bb4 00a7e723 p.sw             x10, x0(x15)        x10:0000006e x15:00000000  PA:1a10f008
13572161ns          223081 1c008bb8 00000513 addi             x10, x0, 0          x10=00000000
13572181ns          223082 1c008bba 00008067 jalr             x0, x1, 0            x1:1c008c8a
13572241ns          223085 1c008c8a 31f52563 p.beqimm         x10, 778            x10:00000000
13572260ns          223086 1c008c8e 001d8d93 addi             x27, x27, 1         x27=00000002 x27:00000001
13572280ns          223087 1c008c90 00044503 lbu              x10, 0(x8)          x10=00000074  x8:1c00051e  PA:1c00051e
13572579ns          223102 1c008c94 00140413 addi             x8, x8, 1            x8=1c00051f  x8:1c00051e
13572599ns          223103 1c008c96 fe0514e3 bne              x10, x0, -24        x10:00000074
13572678ns          223107 1c008c7e 02500793 addi             x15, x0, 37         x15=00000025
13572698ns          223108 1c008c82 04f50863 beq              x10, x15, 80        x10:00000074 x15:00000025
13572718ns          223109 1c008c86 01a005b3 add              x11, x0, x26        x11=00000002 x26:00000002
13572738ns          223110 1c008c88 000b00e7 jalr             x1, x22, 0           x1=1c008c8a x22:1c008b94
13572778ns          223112 1c008b94 000026b7 lui              x13, 0x2000         x13=00002000
13572797ns          223113 1c008b96 f14027f3 csrrs            x15, x0, 0xf14      x15=00000001
13572817ns          223114 1c008b9a f8068693 addi             x13, x13, -128      x13=00001f80 x13:00002000
13572837ns          223115 1c008b9e 00379713 slli             x14, x15, 0x3       x14=00000008 x15:00000001
13572857ns          223116 1c008ba2 00279793 slli             x15, x15, 0x2       x15=00000004 x15:00000001
13572877ns          223117 1c008ba4 00d7f7b3 and              x15, x15, x13       x15=00000000 x15:00000004 x13:00001f80
13572897ns          223118 1c008ba6 ee873733 p.bclr           x14, x14, 23, 8     x14=00000008 x14:00000008
13572917ns          223119 1c008baa 1a10f6b7 lui              x13, 0x1a10f000     x13=1a10f000
13572937ns          223120 1c008bae 0ff57513 andi             x10, x10, 255       x10=00000074 x10:00000074
13572956ns          223121 1c008bb2 00d70733 add              x14, x14, x13       x14=1a10f008 x14:00000008 x13:1a10f000
13572976ns          223122 1c008bb4 00a7e723 p.sw             x10, x0(x15)        x10:00000074 x15:00000000  PA:1a10f008
13573295ns          223138 1c008bb8 00000513 addi             x10, x0, 0          x10=00000000
13573314ns          223139 1c008bba 00008067 jalr             x0, x1, 0            x1:1c008c8a
13573374ns          223142 1c008c8a 31f52563 p.beqimm         x10, 778            x10:00000000
13573394ns          223143 1c008c8e 001d8d93 addi             x27, x27, 1         x27=00000003 x27:00000002
13573414ns          223144 1c008c90 00044503 lbu              x10, 0(x8)          x10=00000065  x8:1c00051f  PA:1c00051f
13573712ns          223159 1c008c94 00140413 addi             x8, x8, 1            x8=1c000520  x8:1c00051f
13573732ns          223160 1c008c96 fe0514e3 bne              x10, x0, -24        x10:00000065
13573812ns          223164 1c008c7e 02500793 addi             x15, x0, 37         x15=00000025
13573832ns          223165 1c008c82 04f50863 beq              x10, x15, 80        x10:00000065 x15:00000025
13573851ns          223166 1c008c86 01a005b3 add              x11, x0, x26        x11=00000002 x26:00000002
13573871ns          223167 1c008c88 000b00e7 jalr             x1, x22, 0           x1=1c008c8a x22:1c008b94
13573911ns          223169 1c008b94 000026b7 lui              x13, 0x2000         x13=00002000
13573931ns          223170 1c008b96 f14027f3 csrrs            x15, x0, 0xf14      x15=00000001
13573951ns          223171 1c008b9a f8068693 addi             x13, x13, -128      x13=00001f80 x13:00002000
13573971ns          223172 1c008b9e 00379713 slli             x14, x15, 0x3       x14=00000008 x15:00000001
13573991ns          223173 1c008ba2 00279793 slli             x15, x15, 0x2       x15=00000004 x15:00000001
13574011ns          223174 1c008ba4 00d7f7b3 and              x15, x15, x13       x15=00000000 x15:00000004 x13:00001f80
13574030ns          223175 1c008ba6 ee873733 p.bclr           x14, x14, 23, 8     x14=00000008 x14:00000008
13574050ns          223176 1c008baa 1a10f6b7 lui              x13, 0x1a10f000     x13=1a10f000
13574070ns          223177 1c008bae 0ff57513 andi             x10, x10, 255       x10=00000065 x10:00000065
13574090ns          223178 1c008bb2 00d70733 add              x14, x14, x13       x14=1a10f008 x14:00000008 x13:1a10f000
13574110ns          223179 1c008bb4 00a7e723 p.sw             x10, x0(x15)        x10:00000065 x15:00000000  PA:1a10f008
13574428ns          223195 1c008bb8 00000513 addi             x10, x0, 0          x10=00000000
13574448ns          223196 1c008bba 00008067 jalr             x0, x1, 0            x1:1c008c8a
13574508ns          223199 1c008c8a 31f52563 p.beqimm         x10, 778            x10:00000000
13574528ns          223200 1c008c8e 001d8d93 addi             x27, x27, 1         x27=00000004 x27:00000003
13574548ns          223201 1c008c90 00044503 lbu              x10, 0(x8)          x10=00000072  x8:1c000520  PA:1c000520
13574846ns          223216 1c008c94 00140413 addi             x8, x8, 1            x8=1c000521  x8:1c000520
13574866ns          223217 1c008c96 fe0514e3 bne              x10, x0, -24        x10:00000072
13574945ns          223221 1c008c7e 02500793 addi             x15, x0, 37         x15=00000025
13574965ns          223222 1c008c82 04f50863 beq              x10, x15, 80        x10:00000072 x15:00000025
13574985ns          223223 1c008c86 01a005b3 add              x11, x0, x26        x11=00000002 x26:00000002
13575005ns          223224 1c008c88 000b00e7 jalr             x1, x22, 0           x1=1c008c8a x22:1c008b94
13575045ns          223226 1c008b94 000026b7 lui              x13, 0x2000         x13=00002000
13575065ns          223227 1c008b96 f14027f3 csrrs            x15, x0, 0xf14      x15=00000001
13575085ns          223228 1c008b9a f8068693 addi             x13, x13, -128      x13=00001f80 x13:00002000
13575104ns          223229 1c008b9e 00379713 slli             x14, x15, 0x3       x14=00000008 x15:00000001
13575124ns          223230 1c008ba2 00279793 slli             x15, x15, 0x2       x15=00000004 x15:00000001
13575144ns          223231 1c008ba4 00d7f7b3 and              x15, x15, x13       x15=00000000 x15:00000004 x13:00001f80
13575164ns          223232 1c008ba6 ee873733 p.bclr           x14, x14, 23, 8     x14=00000008 x14:00000008
13575184ns          223233 1c008baa 1a10f6b7 lui              x13, 0x1a10f000     x13=1a10f000
13575204ns          223234 1c008bae 0ff57513 andi             x10, x10, 255       x10=00000072 x10:00000072
13575224ns          223235 1c008bb2 00d70733 add              x14, x14, x13       x14=1a10f008 x14:00000008 x13:1a10f000
13575244ns          223236 1c008bb4 00a7e723 p.sw             x10, x0(x15)        x10:00000072 x15:00000000  PA:1a10f008
13575582ns          223253 1c008bb8 00000513 addi             x10, x0, 0          x10=00000000
13575602ns          223254 1c008bba 00008067 jalr             x0, x1, 0            x1:1c008c8a
13575661ns          223257 1c008c8a 31f52563 p.beqimm         x10, 778            x10:00000000
13575681ns          223258 1c008c8e 001d8d93 addi             x27, x27, 1         x27=00000005 x27:00000004
13575701ns          223259 1c008c90 00044503 lbu              x10, 0(x8)          x10=00000065  x8:1c000521  PA:1c000521
13575999ns          223274 1c008c94 00140413 addi             x8, x8, 1            x8=1c000522  x8:1c000521
13576019ns          223275 1c008c96 fe0514e3 bne              x10, x0, -24        x10:00000065
13576099ns          223279 1c008c7e 02500793 addi             x15, x0, 37         x15=00000025
13576119ns          223280 1c008c82 04f50863 beq              x10, x15, 80        x10:00000065 x15:00000025
13576139ns          223281 1c008c86 01a005b3 add              x11, x0, x26        x11=00000002 x26:00000002
13576158ns          223282 1c008c88 000b00e7 jalr             x1, x22, 0           x1=1c008c8a x22:1c008b94
13576198ns          223284 1c008b94 000026b7 lui              x13, 0x2000         x13=00002000
13576218ns          223285 1c008b96 f14027f3 csrrs            x15, x0, 0xf14      x15=00000001
13576238ns          223286 1c008b9a f8068693 addi             x13, x13, -128      x13=00001f80 x13:00002000
13576258ns          223287 1c008b9e 00379713 slli             x14, x15, 0x3       x14=00000008 x15:00000001
13576278ns          223288 1c008ba2 00279793 slli             x15, x15, 0x2       x15=00000004 x15:00000001
13576298ns          223289 1c008ba4 00d7f7b3 and              x15, x15, x13       x15=00000000 x15:00000004 x13:00001f80
13576318ns          223290 1c008ba6 ee873733 p.bclr           x14, x14, 23, 8     x14=00000008 x14:00000008
13576337ns          223291 1c008baa 1a10f6b7 lui              x13, 0x1a10f000     x13=1a10f000
13576357ns          223292 1c008bae 0ff57513 andi             x10, x10, 255       x10=00000065 x10:00000065
13576377ns          223293 1c008bb2 00d70733 add              x14, x14, x13       x14=1a10f008 x14:00000008 x13:1a10f000
13576397ns          223294 1c008bb4 00a7e723 p.sw             x10, x0(x15)        x10:00000065 x15:00000000  PA:1a10f008
13576755ns          223312 1c008bb8 00000513 addi             x10, x0, 0          x10=00000000
13576775ns          223313 1c008bba 00008067 jalr             x0, x1, 0            x1:1c008c8a
13576835ns          223316 1c008c8a 31f52563 p.beqimm         x10, 778            x10:00000000
13576855ns          223317 1c008c8e 001d8d93 addi             x27, x27, 1         x27=00000006 x27:00000005
13576874ns          223318 1c008c90 00044503 lbu              x10, 0(x8)          x10=00000064  x8:1c000522  PA:1c000522
13577173ns          223333 1c008c94 00140413 addi             x8, x8, 1            x8=1c000523  x8:1c000522
13577193ns          223334 1c008c96 fe0514e3 bne              x10, x0, -24        x10:00000064
13577272ns          223338 1c008c7e 02500793 addi             x15, x0, 37         x15=00000025
13577292ns          223339 1c008c82 04f50863 beq              x10, x15, 80        x10:00000064 x15:00000025
13577312ns          223340 1c008c86 01a005b3 add              x11, x0, x26        x11=00000002 x26:00000002
13577332ns          223341 1c008c88 000b00e7 jalr             x1, x22, 0           x1=1c008c8a x22:1c008b94
13577372ns          223343 1c008b94 000026b7 lui              x13, 0x2000         x13=00002000
13577392ns          223344 1c008b96 f14027f3 csrrs            x15, x0, 0xf14      x15=00000001
13577411ns          223345 1c008b9a f8068693 addi             x13, x13, -128      x13=00001f80 x13:00002000
13577431ns          223346 1c008b9e 00379713 slli             x14, x15, 0x3       x14=00000008 x15:00000001
13577451ns          223347 1c008ba2 00279793 slli             x15, x15, 0x2       x15=00000004 x15:00000001
13577471ns          223348 1c008ba4 00d7f7b3 and              x15, x15, x13       x15=00000000 x15:00000004 x13:00001f80
13577491ns          223349 1c008ba6 ee873733 p.bclr           x14, x14, 23, 8     x14=00000008 x14:00000008
13577511ns          223350 1c008baa 1a10f6b7 lui              x13, 0x1a10f000     x13=1a10f000
13577531ns          223351 1c008bae 0ff57513 andi             x10, x10, 255       x10=00000064 x10:00000064
13577551ns          223352 1c008bb2 00d70733 add              x14, x14, x13       x14=1a10f008 x14:00000008 x13:1a10f000
13577571ns          223353 1c008bb4 00a7e723 p.sw             x10, x0(x15)        x10:00000064 x15:00000000  PA:1a10f008
13577889ns          223369 1c008bb8 00000513 addi             x10, x0, 0          x10=00000000
13577909ns          223370 1c008bba 00008067 jalr             x0, x1, 0            x1:1c008c8a
13577968ns          223373 1c008c8a 31f52563 p.beqimm         x10, 778            x10:00000000
13577988ns          223374 1c008c8e 001d8d93 addi             x27, x27, 1         x27=00000007 x27:00000006
13578008ns          223375 1c008c90 00044503 lbu              x10, 0(x8)          x10=00000020  x8:1c000523  PA:1c000523
13578326ns          223391 1c008c94 00140413 addi             x8, x8, 1            x8=1c000524  x8:1c000523
13578346ns          223392 1c008c96 fe0514e3 bne              x10, x0, -24        x10:00000020
13578426ns          223396 1c008c7e 02500793 addi             x15, x0, 37         x15=00000025
13578446ns          223397 1c008c82 04f50863 beq              x10, x15, 80        x10:00000020 x15:00000025
13578465ns          223398 1c008c86 01a005b3 add              x11, x0, x26        x11=00000002 x26:00000002
13578485ns          223399 1c008c88 000b00e7 jalr             x1, x22, 0           x1=1c008c8a x22:1c008b94
13578525ns          223401 1c008b94 000026b7 lui              x13, 0x2000         x13=00002000
13578545ns          223402 1c008b96 f14027f3 csrrs            x15, x0, 0xf14      x15=00000001
13578565ns          223403 1c008b9a f8068693 addi             x13, x13, -128      x13=00001f80 x13:00002000
13578585ns          223404 1c008b9e 00379713 slli             x14, x15, 0x3       x14=00000008 x15:00000001
13578605ns          223405 1c008ba2 00279793 slli             x15, x15, 0x2       x15=00000004 x15:00000001
13578625ns          223406 1c008ba4 00d7f7b3 and              x15, x15, x13       x15=00000000 x15:00000004 x13:00001f80
13578644ns          223407 1c008ba6 ee873733 p.bclr           x14, x14, 23, 8     x14=00000008 x14:00000008
13578664ns          223408 1c008baa 1a10f6b7 lui              x13, 0x1a10f000     x13=1a10f000
13578684ns          223409 1c008bae 0ff57513 andi             x10, x10, 255       x10=00000020 x10:00000020
13578704ns          223410 1c008bb2 00d70733 add              x14, x14, x13       x14=1a10f008 x14:00000008 x13:1a10f000
13578724ns          223411 1c008bb4 00a7e723 p.sw             x10, x0(x15)        x10:00000020 x15:00000000  PA:1a10f008
13579042ns          223427 1c008bb8 00000513 addi             x10, x0, 0          x10=00000000
13579062ns          223428 1c008bba 00008067 jalr             x0, x1, 0            x1:1c008c8a
13579122ns          223431 1c008c8a 31f52563 p.beqimm         x10, 778            x10:00000000
13579142ns          223432 1c008c8e 001d8d93 addi             x27, x27, 1         x27=00000008 x27:00000007
13579162ns          223433 1c008c90 00044503 lbu              x10, 0(x8)          x10=00000063  x8:1c000524  PA:1c000524
13579480ns          223449 1c008c94 00140413 addi             x8, x8, 1            x8=1c000525  x8:1c000524
13579500ns          223450 1c008c96 fe0514e3 bne              x10, x0, -24        x10:00000063
13579579ns          223454 1c008c7e 02500793 addi             x15, x0, 37         x15=00000025
13579599ns          223455 1c008c82 04f50863 beq              x10, x15, 80        x10:00000063 x15:00000025
13579619ns          223456 1c008c86 01a005b3 add              x11, x0, x26        x11=00000002 x26:00000002
13579639ns          223457 1c008c88 000b00e7 jalr             x1, x22, 0           x1=1c008c8a x22:1c008b94
13579679ns          223459 1c008b94 000026b7 lui              x13, 0x2000         x13=00002000
13579699ns          223460 1c008b96 f14027f3 csrrs            x15, x0, 0xf14      x15=00000001
13579718ns          223461 1c008b9a f8068693 addi             x13, x13, -128      x13=00001f80 x13:00002000
13579738ns          223462 1c008b9e 00379713 slli             x14, x15, 0x3       x14=00000008 x15:00000001
13579758ns          223463 1c008ba2 00279793 slli             x15, x15, 0x2       x15=00000004 x15:00000001
13579778ns          223464 1c008ba4 00d7f7b3 and              x15, x15, x13       x15=00000000 x15:00000004 x13:00001f80
13579798ns          223465 1c008ba6 ee873733 p.bclr           x14, x14, 23, 8     x14=00000008 x14:00000008
13579818ns          223466 1c008baa 1a10f6b7 lui              x13, 0x1a10f000     x13=1a10f000
13579838ns          223467 1c008bae 0ff57513 andi             x10, x10, 255       x10=00000063 x10:00000063
13579858ns          223468 1c008bb2 00d70733 add              x14, x14, x13       x14=1a10f008 x14:00000008 x13:1a10f000
13579878ns          223469 1c008bb4 00a7e723 p.sw             x10, x0(x15)        x10:00000063 x15:00000000  PA:1a10f008
13580196ns          223485 1c008bb8 00000513 addi             x10, x0, 0          x10=00000000
13580216ns          223486 1c008bba 00008067 jalr             x0, x1, 0            x1:1c008c8a
13580275ns          223489 1c008c8a 31f52563 p.beqimm         x10, 778            x10:00000000
13580295ns          223490 1c008c8e 001d8d93 addi             x27, x27, 1         x27=00000009 x27:00000008
13580315ns          223491 1c008c90 00044503 lbu              x10, 0(x8)          x10=0000006c  x8:1c000525  PA:1c000525
13580613ns          223506 1c008c94 00140413 addi             x8, x8, 1            x8=1c000526  x8:1c000525
13580633ns          223507 1c008c96 fe0514e3 bne              x10, x0, -24        x10:0000006c
13580713ns          223511 1c008c7e 02500793 addi             x15, x0, 37         x15=00000025
13580733ns          223512 1c008c82 04f50863 beq              x10, x15, 80        x10:0000006c x15:00000025
13580753ns          223513 1c008c86 01a005b3 add              x11, x0, x26        x11=00000002 x26:00000002
13580772ns          223514 1c008c88 000b00e7 jalr             x1, x22, 0           x1=1c008c8a x22:1c008b94
13580812ns          223516 1c008b94 000026b7 lui              x13, 0x2000         x13=00002000
13580832ns          223517 1c008b96 f14027f3 csrrs            x15, x0, 0xf14      x15=00000001
13580852ns          223518 1c008b9a f8068693 addi             x13, x13, -128      x13=00001f80 x13:00002000
13580872ns          223519 1c008b9e 00379713 slli             x14, x15, 0x3       x14=00000008 x15:00000001
13580892ns          223520 1c008ba2 00279793 slli             x15, x15, 0x2       x15=00000004 x15:00000001
13580912ns          223521 1c008ba4 00d7f7b3 and              x15, x15, x13       x15=00000000 x15:00000004 x13:00001f80
13580932ns          223522 1c008ba6 ee873733 p.bclr           x14, x14, 23, 8     x14=00000008 x14:00000008
13580951ns          223523 1c008baa 1a10f6b7 lui              x13, 0x1a10f000     x13=1a10f000
13580971ns          223524 1c008bae 0ff57513 andi             x10, x10, 255       x10=0000006c x10:0000006c
13580991ns          223525 1c008bb2 00d70733 add              x14, x14, x13       x14=1a10f008 x14:00000008 x13:1a10f000
13581011ns          223526 1c008bb4 00a7e723 p.sw             x10, x0(x15)        x10:0000006c x15:00000000  PA:1a10f008
13581349ns          223543 1c008bb8 00000513 addi             x10, x0, 0          x10=00000000
13581369ns          223544 1c008bba 00008067 jalr             x0, x1, 0            x1:1c008c8a
13581429ns          223547 1c008c8a 31f52563 p.beqimm         x10, 778            x10:00000000
13581449ns          223548 1c008c8e 001d8d93 addi             x27, x27, 1         x27=0000000a x27:00000009
13581469ns          223549 1c008c90 00044503 lbu              x10, 0(x8)          x10=00000075  x8:1c000526  PA:1c000526
13581767ns          223564 1c008c94 00140413 addi             x8, x8, 1            x8=1c000527  x8:1c000526
13581787ns          223565 1c008c96 fe0514e3 bne              x10, x0, -24        x10:00000075
13581866ns          223569 1c008c7e 02500793 addi             x15, x0, 37         x15=00000025
13581886ns          223570 1c008c82 04f50863 beq              x10, x15, 80        x10:00000075 x15:00000025
13581906ns          223571 1c008c86 01a005b3 add              x11, x0, x26        x11=00000002 x26:00000002
13581926ns          223572 1c008c88 000b00e7 jalr             x1, x22, 0           x1=1c008c8a x22:1c008b94
13581966ns          223574 1c008b94 000026b7 lui              x13, 0x2000         x13=00002000
13581986ns          223575 1c008b96 f14027f3 csrrs            x15, x0, 0xf14      x15=00000001
13582006ns          223576 1c008b9a f8068693 addi             x13, x13, -128      x13=00001f80 x13:00002000
13582025ns          223577 1c008b9e 00379713 slli             x14, x15, 0x3       x14=00000008 x15:00000001
13582045ns          223578 1c008ba2 00279793 slli             x15, x15, 0x2       x15=00000004 x15:00000001
13582065ns          223579 1c008ba4 00d7f7b3 and              x15, x15, x13       x15=00000000 x15:00000004 x13:00001f80
13582085ns          223580 1c008ba6 ee873733 p.bclr           x14, x14, 23, 8     x14=00000008 x14:00000008
13582105ns          223581 1c008baa 1a10f6b7 lui              x13, 0x1a10f000     x13=1a10f000
13582125ns          223582 1c008bae 0ff57513 andi             x10, x10, 255       x10=00000075 x10:00000075
13582145ns          223583 1c008bb2 00d70733 add              x14, x14, x13       x14=1a10f008 x14:00000008 x13:1a10f000
13582165ns          223584 1c008bb4 00a7e723 p.sw             x10, x0(x15)        x10:00000075 x15:00000000  PA:1a10f008
13582503ns          223601 1c008bb8 00000513 addi             x10, x0, 0          x10=00000000
13582523ns          223602 1c008bba 00008067 jalr             x0, x1, 0            x1:1c008c8a
13582582ns          223605 1c008c8a 31f52563 p.beqimm         x10, 778            x10:00000000
13582602ns          223606 1c008c8e 001d8d93 addi             x27, x27, 1         x27=0000000b x27:0000000a
13582622ns          223607 1c008c90 00044503 lbu              x10, 0(x8)          x10=00000073  x8:1c000527  PA:1c000527
13582920ns          223622 1c008c94 00140413 addi             x8, x8, 1            x8=1c000528  x8:1c000527
13582940ns          223623 1c008c96 fe0514e3 bne              x10, x0, -24        x10:00000073
13583020ns          223627 1c008c7e 02500793 addi             x15, x0, 37         x15=00000025
13583040ns          223628 1c008c82 04f50863 beq              x10, x15, 80        x10:00000073 x15:00000025
13583060ns          223629 1c008c86 01a005b3 add              x11, x0, x26        x11=00000002 x26:00000002
13583079ns          223630 1c008c88 000b00e7 jalr             x1, x22, 0           x1=1c008c8a x22:1c008b94
13583119ns          223632 1c008b94 000026b7 lui              x13, 0x2000         x13=00002000
13583139ns          223633 1c008b96 f14027f3 csrrs            x15, x0, 0xf14      x15=00000001
13583159ns          223634 1c008b9a f8068693 addi             x13, x13, -128      x13=00001f80 x13:00002000
13583179ns          223635 1c008b9e 00379713 slli             x14, x15, 0x3       x14=00000008 x15:00000001
13583199ns          223636 1c008ba2 00279793 slli             x15, x15, 0x2       x15=00000004 x15:00000001
13583219ns          223637 1c008ba4 00d7f7b3 and              x15, x15, x13       x15=00000000 x15:00000004 x13:00001f80
13583239ns          223638 1c008ba6 ee873733 p.bclr           x14, x14, 23, 8     x14=00000008 x14:00000008
13583258ns          223639 1c008baa 1a10f6b7 lui              x13, 0x1a10f000     x13=1a10f000
13583278ns          223640 1c008bae 0ff57513 andi             x10, x10, 255       x10=00000073 x10:00000073
13583298ns          223641 1c008bb2 00d70733 add              x14, x14, x13       x14=1a10f008 x14:00000008 x13:1a10f000
13583318ns          223642 1c008bb4 00a7e723 p.sw             x10, x0(x15)        x10:00000073 x15:00000000  PA:1a10f008
13583656ns          223659 1c008bb8 00000513 addi             x10, x0, 0          x10=00000000
13583676ns          223660 1c008bba 00008067 jalr             x0, x1, 0            x1:1c008c8a
13583736ns          223663 1c008c8a 31f52563 p.beqimm         x10, 778            x10:00000000
13583756ns          223664 1c008c8e 001d8d93 addi             x27, x27, 1         x27=0000000c x27:0000000b
13583776ns          223665 1c008c90 00044503 lbu              x10, 0(x8)          x10=00000074  x8:1c000528  PA:1c000528
13584074ns          223680 1c008c94 00140413 addi             x8, x8, 1            x8=1c000529  x8:1c000528
13584094ns          223681 1c008c96 fe0514e3 bne              x10, x0, -24        x10:00000074
13584173ns          223685 1c008c7e 02500793 addi             x15, x0, 37         x15=00000025
13584193ns          223686 1c008c82 04f50863 beq              x10, x15, 80        x10:00000074 x15:00000025
13584213ns          223687 1c008c86 01a005b3 add              x11, x0, x26        x11=00000002 x26:00000002
13584233ns          223688 1c008c88 000b00e7 jalr             x1, x22, 0           x1=1c008c8a x22:1c008b94
13584273ns          223690 1c008b94 000026b7 lui              x13, 0x2000         x13=00002000
13584293ns          223691 1c008b96 f14027f3 csrrs            x15, x0, 0xf14      x15=00000001
13584313ns          223692 1c008b9a f8068693 addi             x13, x13, -128      x13=00001f80 x13:00002000
13584332ns          223693 1c008b9e 00379713 slli             x14, x15, 0x3       x14=00000008 x15:00000001
13584352ns          223694 1c008ba2 00279793 slli             x15, x15, 0x2       x15=00000004 x15:00000001
13584372ns          223695 1c008ba4 00d7f7b3 and              x15, x15, x13       x15=00000000 x15:00000004 x13:00001f80
13584392ns          223696 1c008ba6 ee873733 p.bclr           x14, x14, 23, 8     x14=00000008 x14:00000008
13584412ns          223697 1c008baa 1a10f6b7 lui              x13, 0x1a10f000     x13=1a10f000
13584432ns          223698 1c008bae 0ff57513 andi             x10, x10, 255       x10=00000074 x10:00000074
13584452ns          223699 1c008bb2 00d70733 add              x14, x14, x13       x14=1a10f008 x14:00000008 x13:1a10f000
13584472ns          223700 1c008bb4 00a7e723 p.sw             x10, x0(x15)        x10:00000074 x15:00000000  PA:1a10f008
13584810ns          223717 1c008bb8 00000513 addi             x10, x0, 0          x10=00000000
13584830ns          223718 1c008bba 00008067 jalr             x0, x1, 0            x1:1c008c8a
13584889ns          223721 1c008c8a 31f52563 p.beqimm         x10, 778            x10:00000000
13584909ns          223722 1c008c8e 001d8d93 addi             x27, x27, 1         x27=0000000d x27:0000000c
13584929ns          223723 1c008c90 00044503 lbu              x10, 0(x8)          x10=00000065  x8:1c000529  PA:1c000529
13585227ns          223738 1c008c94 00140413 addi             x8, x8, 1            x8=1c00052a  x8:1c000529
13585247ns          223739 1c008c96 fe0514e3 bne              x10, x0, -24        x10:00000065
13585327ns          223743 1c008c7e 02500793 addi             x15, x0, 37         x15=00000025
13585347ns          223744 1c008c82 04f50863 beq              x10, x15, 80        x10:00000065 x15:00000025
13585367ns          223745 1c008c86 01a005b3 add              x11, x0, x26        x11=00000002 x26:00000002
13585386ns          223746 1c008c88 000b00e7 jalr             x1, x22, 0           x1=1c008c8a x22:1c008b94
13585426ns          223748 1c008b94 000026b7 lui              x13, 0x2000         x13=00002000
13585446ns          223749 1c008b96 f14027f3 csrrs            x15, x0, 0xf14      x15=00000001
13585466ns          223750 1c008b9a f8068693 addi             x13, x13, -128      x13=00001f80 x13:00002000
13585486ns          223751 1c008b9e 00379713 slli             x14, x15, 0x3       x14=00000008 x15:00000001
13585506ns          223752 1c008ba2 00279793 slli             x15, x15, 0x2       x15=00000004 x15:00000001
13585526ns          223753 1c008ba4 00d7f7b3 and              x15, x15, x13       x15=00000000 x15:00000004 x13:00001f80
13585546ns          223754 1c008ba6 ee873733 p.bclr           x14, x14, 23, 8     x14=00000008 x14:00000008
13585565ns          223755 1c008baa 1a10f6b7 lui              x13, 0x1a10f000     x13=1a10f000
13585585ns          223756 1c008bae 0ff57513 andi             x10, x10, 255       x10=00000065 x10:00000065
13585605ns          223757 1c008bb2 00d70733 add              x14, x14, x13       x14=1a10f008 x14:00000008 x13:1a10f000
13585625ns          223758 1c008bb4 00a7e723 p.sw             x10, x0(x15)        x10:00000065 x15:00000000  PA:1a10f008
13585983ns          223776 1c008bb8 00000513 addi             x10, x0, 0          x10=00000000
13586003ns          223777 1c008bba 00008067 jalr             x0, x1, 0            x1:1c008c8a
13586063ns          223780 1c008c8a 31f52563 p.beqimm         x10, 778            x10:00000000
13586083ns          223781 1c008c8e 001d8d93 addi             x27, x27, 1         x27=0000000e x27:0000000d
13586102ns          223782 1c008c90 00044503 lbu              x10, 0(x8)          x10=00000072  x8:1c00052a  PA:1c00052a
13586401ns          223797 1c008c94 00140413 addi             x8, x8, 1            x8=1c00052b  x8:1c00052a
13586421ns          223798 1c008c96 fe0514e3 bne              x10, x0, -24        x10:00000072
13586500ns          223802 1c008c7e 02500793 addi             x15, x0, 37         x15=00000025
13586520ns          223803 1c008c82 04f50863 beq              x10, x15, 80        x10:00000072 x15:00000025
13586540ns          223804 1c008c86 01a005b3 add              x11, x0, x26        x11=00000002 x26:00000002
13586560ns          223805 1c008c88 000b00e7 jalr             x1, x22, 0           x1=1c008c8a x22:1c008b94
13586600ns          223807 1c008b94 000026b7 lui              x13, 0x2000         x13=00002000
13586620ns          223808 1c008b96 f14027f3 csrrs            x15, x0, 0xf14      x15=00000001
13586639ns          223809 1c008b9a f8068693 addi             x13, x13, -128      x13=00001f80 x13:00002000
13586659ns          223810 1c008b9e 00379713 slli             x14, x15, 0x3       x14=00000008 x15:00000001
13586679ns          223811 1c008ba2 00279793 slli             x15, x15, 0x2       x15=00000004 x15:00000001
13586699ns          223812 1c008ba4 00d7f7b3 and              x15, x15, x13       x15=00000000 x15:00000004 x13:00001f80
13586719ns          223813 1c008ba6 ee873733 p.bclr           x14, x14, 23, 8     x14=00000008 x14:00000008
13586739ns          223814 1c008baa 1a10f6b7 lui              x13, 0x1a10f000     x13=1a10f000
13586759ns          223815 1c008bae 0ff57513 andi             x10, x10, 255       x10=00000072 x10:00000072
13586779ns          223816 1c008bb2 00d70733 add              x14, x14, x13       x14=1a10f008 x14:00000008 x13:1a10f000
13586799ns          223817 1c008bb4 00a7e723 p.sw             x10, x0(x15)        x10:00000072 x15:00000000  PA:1a10f008
13587117ns          223833 1c008bb8 00000513 addi             x10, x0, 0          x10=00000000
13587137ns          223834 1c008bba 00008067 jalr             x0, x1, 0            x1:1c008c8a
13587196ns          223837 1c008c8a 31f52563 p.beqimm         x10, 778            x10:00000000
13587216ns          223838 1c008c8e 001d8d93 addi             x27, x27, 1         x27=0000000f x27:0000000e
13587236ns          223839 1c008c90 00044503 lbu              x10, 0(x8)          x10=00000020  x8:1c00052b  PA:1c00052b
13587554ns          223855 1c008c94 00140413 addi             x8, x8, 1            x8=1c00052c  x8:1c00052b
13587574ns          223856 1c008c96 fe0514e3 bne              x10, x0, -24        x10:00000020
13587654ns          223860 1c008c7e 02500793 addi             x15, x0, 37         x15=00000025
13587674ns          223861 1c008c82 04f50863 beq              x10, x15, 80        x10:00000020 x15:00000025
13587694ns          223862 1c008c86 01a005b3 add              x11, x0, x26        x11=00000002 x26:00000002
13587713ns          223863 1c008c88 000b00e7 jalr             x1, x22, 0           x1=1c008c8a x22:1c008b94
13587753ns          223865 1c008b94 000026b7 lui              x13, 0x2000         x13=00002000
13587773ns          223866 1c008b96 f14027f3 csrrs            x15, x0, 0xf14      x15=00000001
13587793ns          223867 1c008b9a f8068693 addi             x13, x13, -128      x13=00001f80 x13:00002000
13587813ns          223868 1c008b9e 00379713 slli             x14, x15, 0x3       x14=00000008 x15:00000001
13587833ns          223869 1c008ba2 00279793 slli             x15, x15, 0x2       x15=00000004 x15:00000001
13587853ns          223870 1c008ba4 00d7f7b3 and              x15, x15, x13       x15=00000000 x15:00000004 x13:00001f80
13587872ns          223871 1c008ba6 ee873733 p.bclr           x14, x14, 23, 8     x14=00000008 x14:00000008
13587892ns          223872 1c008baa 1a10f6b7 lui              x13, 0x1a10f000     x13=1a10f000
13587912ns          223873 1c008bae 0ff57513 andi             x10, x10, 255       x10=00000020 x10:00000020
13587932ns          223874 1c008bb2 00d70733 add              x14, x14, x13       x14=1a10f008 x14:00000008 x13:1a10f000
13587952ns          223875 1c008bb4 00a7e723 p.sw             x10, x0(x15)        x10:00000020 x15:00000000  PA:1a10f008
13588270ns          223891 1c008bb8 00000513 addi             x10, x0, 0          x10=00000000
13588290ns          223892 1c008bba 00008067 jalr             x0, x1, 0            x1:1c008c8a
13588350ns          223895 1c008c8a 31f52563 p.beqimm         x10, 778            x10:00000000
13588370ns          223896 1c008c8e 001d8d93 addi             x27, x27, 1         x27=00000010 x27:0000000f
13588390ns          223897 1c008c90 00044503 lbu              x10, 0(x8)          x10=0000006f  x8:1c00052c  PA:1c00052c
13588708ns          223913 1c008c94 00140413 addi             x8, x8, 1            x8=1c00052d  x8:1c00052c
13588728ns          223914 1c008c96 fe0514e3 bne              x10, x0, -24        x10:0000006f
13588807ns          223918 1c008c7e 02500793 addi             x15, x0, 37         x15=00000025
13588827ns          223919 1c008c82 04f50863 beq              x10, x15, 80        x10:0000006f x15:00000025
13588847ns          223920 1c008c86 01a005b3 add              x11, x0, x26        x11=00000002 x26:00000002
13588867ns          223921 1c008c88 000b00e7 jalr             x1, x22, 0           x1=1c008c8a x22:1c008b94
13588907ns          223923 1c008b94 000026b7 lui              x13, 0x2000         x13=00002000
13588927ns          223924 1c008b96 f14027f3 csrrs            x15, x0, 0xf14      x15=00000001
13588946ns          223925 1c008b9a f8068693 addi             x13, x13, -128      x13=00001f80 x13:00002000
13588966ns          223926 1c008b9e 00379713 slli             x14, x15, 0x3       x14=00000008 x15:00000001
13588986ns          223927 1c008ba2 00279793 slli             x15, x15, 0x2       x15=00000004 x15:00000001
13589006ns          223928 1c008ba4 00d7f7b3 and              x15, x15, x13       x15=00000000 x15:00000004 x13:00001f80
13589026ns          223929 1c008ba6 ee873733 p.bclr           x14, x14, 23, 8     x14=00000008 x14:00000008
13589046ns          223930 1c008baa 1a10f6b7 lui              x13, 0x1a10f000     x13=1a10f000
13589066ns          223931 1c008bae 0ff57513 andi             x10, x10, 255       x10=0000006f x10:0000006f
13589086ns          223932 1c008bb2 00d70733 add              x14, x14, x13       x14=1a10f008 x14:00000008 x13:1a10f000
13589106ns          223933 1c008bb4 00a7e723 p.sw             x10, x0(x15)        x10:0000006f x15:00000000  PA:1a10f008
13589424ns          223949 1c008bb8 00000513 addi             x10, x0, 0          x10=00000000
13589444ns          223950 1c008bba 00008067 jalr             x0, x1, 0            x1:1c008c8a
13589503ns          223953 1c008c8a 31f52563 p.beqimm         x10, 778            x10:00000000
13589523ns          223954 1c008c8e 001d8d93 addi             x27, x27, 1         x27=00000011 x27:00000010
13589543ns          223955 1c008c90 00044503 lbu              x10, 0(x8)          x10=0000006e  x8:1c00052d  PA:1c00052d
13589841ns          223970 1c008c94 00140413 addi             x8, x8, 1            x8=1c00052e  x8:1c00052d
13589861ns          223971 1c008c96 fe0514e3 bne              x10, x0, -24        x10:0000006e
13589941ns          223975 1c008c7e 02500793 addi             x15, x0, 37         x15=00000025
13589961ns          223976 1c008c82 04f50863 beq              x10, x15, 80        x10:0000006e x15:00000025
13589981ns          223977 1c008c86 01a005b3 add              x11, x0, x26        x11=00000002 x26:00000002
13590001ns          223978 1c008c88 000b00e7 jalr             x1, x22, 0           x1=1c008c8a x22:1c008b94
13590040ns          223980 1c008b94 000026b7 lui              x13, 0x2000         x13=00002000
13590060ns          223981 1c008b96 f14027f3 csrrs            x15, x0, 0xf14      x15=00000001
13590080ns          223982 1c008b9a f8068693 addi             x13, x13, -128      x13=00001f80 x13:00002000
13590100ns          223983 1c008b9e 00379713 slli             x14, x15, 0x3       x14=00000008 x15:00000001
13590120ns          223984 1c008ba2 00279793 slli             x15, x15, 0x2       x15=00000004 x15:00000001
13590140ns          223985 1c008ba4 00d7f7b3 and              x15, x15, x13       x15=00000000 x15:00000004 x13:00001f80
13590160ns          223986 1c008ba6 ee873733 p.bclr           x14, x14, 23, 8     x14=00000008 x14:00000008
13590180ns          223987 1c008baa 1a10f6b7 lui              x13, 0x1a10f000     x13=1a10f000
13590199ns          223988 1c008bae 0ff57513 andi             x10, x10, 255       x10=0000006e x10:0000006e
13590219ns          223989 1c008bb2 00d70733 add              x14, x14, x13       x14=1a10f008 x14:00000008 x13:1a10f000
13590239ns          223990 1c008bb4 00a7e723 p.sw             x10, x0(x15)        x10:0000006e x15:00000000  PA:1a10f008
13590577ns          224007 1c008bb8 00000513 addi             x10, x0, 0          x10=00000000
13590597ns          224008 1c008bba 00008067 jalr             x0, x1, 0            x1:1c008c8a
13590657ns          224011 1c008c8a 31f52563 p.beqimm         x10, 778            x10:00000000
13590677ns          224012 1c008c8e 001d8d93 addi             x27, x27, 1         x27=00000012 x27:00000011
13590697ns          224013 1c008c90 00044503 lbu              x10, 0(x8)          x10=00000020  x8:1c00052e  PA:1c00052e
13590995ns          224028 1c008c94 00140413 addi             x8, x8, 1            x8=1c00052f  x8:1c00052e
13591015ns          224029 1c008c96 fe0514e3 bne              x10, x0, -24        x10:00000020
13591094ns          224033 1c008c7e 02500793 addi             x15, x0, 37         x15=00000025
13591114ns          224034 1c008c82 04f50863 beq              x10, x15, 80        x10:00000020 x15:00000025
13591134ns          224035 1c008c86 01a005b3 add              x11, x0, x26        x11=00000002 x26:00000002
13591154ns          224036 1c008c88 000b00e7 jalr             x1, x22, 0           x1=1c008c8a x22:1c008b94
13591194ns          224038 1c008b94 000026b7 lui              x13, 0x2000         x13=00002000
13591214ns          224039 1c008b96 f14027f3 csrrs            x15, x0, 0xf14      x15=00000001
13591234ns          224040 1c008b9a f8068693 addi             x13, x13, -128      x13=00001f80 x13:00002000
13591253ns          224041 1c008b9e 00379713 slli             x14, x15, 0x3       x14=00000008 x15:00000001
13591273ns          224042 1c008ba2 00279793 slli             x15, x15, 0x2       x15=00000004 x15:00000001
13591293ns          224043 1c008ba4 00d7f7b3 and              x15, x15, x13       x15=00000000 x15:00000004 x13:00001f80
13591313ns          224044 1c008ba6 ee873733 p.bclr           x14, x14, 23, 8     x14=00000008 x14:00000008
13591333ns          224045 1c008baa 1a10f6b7 lui              x13, 0x1a10f000     x13=1a10f000
13591353ns          224046 1c008bae 0ff57513 andi             x10, x10, 255       x10=00000020 x10:00000020
13591373ns          224047 1c008bb2 00d70733 add              x14, x14, x13       x14=1a10f008 x14:00000008 x13:1a10f000
13591393ns          224048 1c008bb4 00a7e723 p.sw             x10, x0(x15)        x10:00000020 x15:00000000  PA:1a10f008
13591731ns          224065 1c008bb8 00000513 addi             x10, x0, 0          x10=00000000
13591751ns          224066 1c008bba 00008067 jalr             x0, x1, 0            x1:1c008c8a
13591810ns          224069 1c008c8a 31f52563 p.beqimm         x10, 778            x10:00000000
13591830ns          224070 1c008c8e 001d8d93 addi             x27, x27, 1         x27=00000013 x27:00000012
13591850ns          224071 1c008c90 00044503 lbu              x10, 0(x8)          x10=00000063  x8:1c00052f  PA:1c00052f
13592148ns          224086 1c008c94 00140413 addi             x8, x8, 1            x8=1c000530  x8:1c00052f
13592168ns          224087 1c008c96 fe0514e3 bne              x10, x0, -24        x10:00000063
13592248ns          224091 1c008c7e 02500793 addi             x15, x0, 37         x15=00000025
13592268ns          224092 1c008c82 04f50863 beq              x10, x15, 80        x10:00000063 x15:00000025
13592288ns          224093 1c008c86 01a005b3 add              x11, x0, x26        x11=00000002 x26:00000002
13592308ns          224094 1c008c88 000b00e7 jalr             x1, x22, 0           x1=1c008c8a x22:1c008b94
13592347ns          224096 1c008b94 000026b7 lui              x13, 0x2000         x13=00002000
13592367ns          224097 1c008b96 f14027f3 csrrs            x15, x0, 0xf14      x15=00000001
13592387ns          224098 1c008b9a f8068693 addi             x13, x13, -128      x13=00001f80 x13:00002000
13592407ns          224099 1c008b9e 00379713 slli             x14, x15, 0x3       x14=00000008 x15:00000001
13592427ns          224100 1c008ba2 00279793 slli             x15, x15, 0x2       x15=00000004 x15:00000001
13592447ns          224101 1c008ba4 00d7f7b3 and              x15, x15, x13       x15=00000000 x15:00000004 x13:00001f80
13592467ns          224102 1c008ba6 ee873733 p.bclr           x14, x14, 23, 8     x14=00000008 x14:00000008
13592487ns          224103 1c008baa 1a10f6b7 lui              x13, 0x1a10f000     x13=1a10f000
13592506ns          224104 1c008bae 0ff57513 andi             x10, x10, 255       x10=00000063 x10:00000063
13592526ns          224105 1c008bb2 00d70733 add              x14, x14, x13       x14=1a10f008 x14:00000008 x13:1a10f000
13592546ns          224106 1c008bb4 00a7e723 p.sw             x10, x0(x15)        x10:00000063 x15:00000000  PA:1a10f008
13592884ns          224123 1c008bb8 00000513 addi             x10, x0, 0          x10=00000000
13592904ns          224124 1c008bba 00008067 jalr             x0, x1, 0            x1:1c008c8a
13592964ns          224127 1c008c8a 31f52563 p.beqimm         x10, 778            x10:00000000
13592984ns          224128 1c008c8e 001d8d93 addi             x27, x27, 1         x27=00000014 x27:00000013
13593004ns          224129 1c008c90 00044503 lbu              x10, 0(x8)          x10=0000006c  x8:1c000530  PA:1c000530
13593302ns          224144 1c008c94 00140413 addi             x8, x8, 1            x8=1c000531  x8:1c000530
13593322ns          224145 1c008c96 fe0514e3 bne              x10, x0, -24        x10:0000006c
13593401ns          224149 1c008c7e 02500793 addi             x15, x0, 37         x15=00000025
13593421ns          224150 1c008c82 04f50863 beq              x10, x15, 80        x10:0000006c x15:00000025
13593441ns          224151 1c008c86 01a005b3 add              x11, x0, x26        x11=00000002 x26:00000002
13593461ns          224152 1c008c88 000b00e7 jalr             x1, x22, 0           x1=1c008c8a x22:1c008b94
13593501ns          224154 1c008b94 000026b7 lui              x13, 0x2000         x13=00002000
13593521ns          224155 1c008b96 f14027f3 csrrs            x15, x0, 0xf14      x15=00000001
13593541ns          224156 1c008b9a f8068693 addi             x13, x13, -128      x13=00001f80 x13:00002000
13593560ns          224157 1c008b9e 00379713 slli             x14, x15, 0x3       x14=00000008 x15:00000001
13593580ns          224158 1c008ba2 00279793 slli             x15, x15, 0x2       x15=00000004 x15:00000001
13593600ns          224159 1c008ba4 00d7f7b3 and              x15, x15, x13       x15=00000000 x15:00000004 x13:00001f80
13593620ns          224160 1c008ba6 ee873733 p.bclr           x14, x14, 23, 8     x14=00000008 x14:00000008
13593640ns          224161 1c008baa 1a10f6b7 lui              x13, 0x1a10f000     x13=1a10f000
13593660ns          224162 1c008bae 0ff57513 andi             x10, x10, 255       x10=0000006c x10:0000006c
13593680ns          224163 1c008bb2 00d70733 add              x14, x14, x13       x14=1a10f008 x14:00000008 x13:1a10f000
13593700ns          224164 1c008bb4 00a7e723 p.sw             x10, x0(x15)        x10:0000006c x15:00000000  PA:1a10f008
13594038ns          224181 1c008bb8 00000513 addi             x10, x0, 0          x10=00000000
13594058ns          224182 1c008bba 00008067 jalr             x0, x1, 0            x1:1c008c8a
13594117ns          224185 1c008c8a 31f52563 p.beqimm         x10, 778            x10:00000000
13594137ns          224186 1c008c8e 001d8d93 addi             x27, x27, 1         x27=00000015 x27:00000014
13594157ns          224187 1c008c90 00044503 lbu              x10, 0(x8)          x10=00000075  x8:1c000531  PA:1c000531
13594455ns          224202 1c008c94 00140413 addi             x8, x8, 1            x8=1c000532  x8:1c000531
13594475ns          224203 1c008c96 fe0514e3 bne              x10, x0, -24        x10:00000075
13594555ns          224207 1c008c7e 02500793 addi             x15, x0, 37         x15=00000025
13594575ns          224208 1c008c82 04f50863 beq              x10, x15, 80        x10:00000075 x15:00000025
13594595ns          224209 1c008c86 01a005b3 add              x11, x0, x26        x11=00000002 x26:00000002
13594615ns          224210 1c008c88 000b00e7 jalr             x1, x22, 0           x1=1c008c8a x22:1c008b94
13594654ns          224212 1c008b94 000026b7 lui              x13, 0x2000         x13=00002000
13594674ns          224213 1c008b96 f14027f3 csrrs            x15, x0, 0xf14      x15=00000001
13594694ns          224214 1c008b9a f8068693 addi             x13, x13, -128      x13=00001f80 x13:00002000
13594714ns          224215 1c008b9e 00379713 slli             x14, x15, 0x3       x14=00000008 x15:00000001
13594734ns          224216 1c008ba2 00279793 slli             x15, x15, 0x2       x15=00000004 x15:00000001
13594754ns          224217 1c008ba4 00d7f7b3 and              x15, x15, x13       x15=00000000 x15:00000004 x13:00001f80
13594774ns          224218 1c008ba6 ee873733 p.bclr           x14, x14, 23, 8     x14=00000008 x14:00000008
13594794ns          224219 1c008baa 1a10f6b7 lui              x13, 0x1a10f000     x13=1a10f000
13594813ns          224220 1c008bae 0ff57513 andi             x10, x10, 255       x10=00000075 x10:00000075
13594833ns          224221 1c008bb2 00d70733 add              x14, x14, x13       x14=1a10f008 x14:00000008 x13:1a10f000
13594853ns          224222 1c008bb4 00a7e723 p.sw             x10, x0(x15)        x10:00000075 x15:00000000  PA:1a10f008
13595211ns          224240 1c008bb8 00000513 addi             x10, x0, 0          x10=00000000
13595231ns          224241 1c008bba 00008067 jalr             x0, x1, 0            x1:1c008c8a
13595291ns          224244 1c008c8a 31f52563 p.beqimm         x10, 778            x10:00000000
13595311ns          224245 1c008c8e 001d8d93 addi             x27, x27, 1         x27=00000016 x27:00000015
13595330ns          224246 1c008c90 00044503 lbu              x10, 0(x8)          x10=00000073  x8:1c000532  PA:1c000532
13595629ns          224261 1c008c94 00140413 addi             x8, x8, 1            x8=1c000533  x8:1c000532
13595649ns          224262 1c008c96 fe0514e3 bne              x10, x0, -24        x10:00000073
13595728ns          224266 1c008c7e 02500793 addi             x15, x0, 37         x15=00000025
13595748ns          224267 1c008c82 04f50863 beq              x10, x15, 80        x10:00000073 x15:00000025
13595768ns          224268 1c008c86 01a005b3 add              x11, x0, x26        x11=00000002 x26:00000002
13595788ns          224269 1c008c88 000b00e7 jalr             x1, x22, 0           x1=1c008c8a x22:1c008b94
13595828ns          224271 1c008b94 000026b7 lui              x13, 0x2000         x13=00002000
13595848ns          224272 1c008b96 f14027f3 csrrs            x15, x0, 0xf14      x15=00000001
13595867ns          224273 1c008b9a f8068693 addi             x13, x13, -128      x13=00001f80 x13:00002000
13595887ns          224274 1c008b9e 00379713 slli             x14, x15, 0x3       x14=00000008 x15:00000001
13595907ns          224275 1c008ba2 00279793 slli             x15, x15, 0x2       x15=00000004 x15:00000001
13595927ns          224276 1c008ba4 00d7f7b3 and              x15, x15, x13       x15=00000000 x15:00000004 x13:00001f80
13595947ns          224277 1c008ba6 ee873733 p.bclr           x14, x14, 23, 8     x14=00000008 x14:00000008
13595967ns          224278 1c008baa 1a10f6b7 lui              x13, 0x1a10f000     x13=1a10f000
13595987ns          224279 1c008bae 0ff57513 andi             x10, x10, 255       x10=00000073 x10:00000073
13596007ns          224280 1c008bb2 00d70733 add              x14, x14, x13       x14=1a10f008 x14:00000008 x13:1a10f000
13596027ns          224281 1c008bb4 00a7e723 p.sw             x10, x0(x15)        x10:00000073 x15:00000000  PA:1a10f008
13596345ns          224297 1c008bb8 00000513 addi             x10, x0, 0          x10=00000000
13596365ns          224298 1c008bba 00008067 jalr             x0, x1, 0            x1:1c008c8a
13596424ns          224301 1c008c8a 31f52563 p.beqimm         x10, 778            x10:00000000
13596444ns          224302 1c008c8e 001d8d93 addi             x27, x27, 1         x27=00000017 x27:00000016
13596464ns          224303 1c008c90 00044503 lbu              x10, 0(x8)          x10=00000074  x8:1c000533  PA:1c000533
13596762ns          224318 1c008c94 00140413 addi             x8, x8, 1            x8=1c000534  x8:1c000533
13596782ns          224319 1c008c96 fe0514e3 bne              x10, x0, -24        x10:00000074
13596862ns          224323 1c008c7e 02500793 addi             x15, x0, 37         x15=00000025
13596882ns          224324 1c008c82 04f50863 beq              x10, x15, 80        x10:00000074 x15:00000025
13596902ns          224325 1c008c86 01a005b3 add              x11, x0, x26        x11=00000002 x26:00000002
13596922ns          224326 1c008c88 000b00e7 jalr             x1, x22, 0           x1=1c008c8a x22:1c008b94
13596961ns          224328 1c008b94 000026b7 lui              x13, 0x2000         x13=00002000
13596981ns          224329 1c008b96 f14027f3 csrrs            x15, x0, 0xf14      x15=00000001
13597001ns          224330 1c008b9a f8068693 addi             x13, x13, -128      x13=00001f80 x13:00002000
13597021ns          224331 1c008b9e 00379713 slli             x14, x15, 0x3       x14=00000008 x15:00000001
13597041ns          224332 1c008ba2 00279793 slli             x15, x15, 0x2       x15=00000004 x15:00000001
13597061ns          224333 1c008ba4 00d7f7b3 and              x15, x15, x13       x15=00000000 x15:00000004 x13:00001f80
13597081ns          224334 1c008ba6 ee873733 p.bclr           x14, x14, 23, 8     x14=00000008 x14:00000008
13597101ns          224335 1c008baa 1a10f6b7 lui              x13, 0x1a10f000     x13=1a10f000
13597120ns          224336 1c008bae 0ff57513 andi             x10, x10, 255       x10=00000074 x10:00000074
13597140ns          224337 1c008bb2 00d70733 add              x14, x14, x13       x14=1a10f008 x14:00000008 x13:1a10f000
13597160ns          224338 1c008bb4 00a7e723 p.sw             x10, x0(x15)        x10:00000074 x15:00000000  PA:1a10f008
13597518ns          224356 1c008bb8 00000513 addi             x10, x0, 0          x10=00000000
13597538ns          224357 1c008bba 00008067 jalr             x0, x1, 0            x1:1c008c8a
13597598ns          224360 1c008c8a 31f52563 p.beqimm         x10, 778            x10:00000000
13597618ns          224361 1c008c8e 001d8d93 addi             x27, x27, 1         x27=00000018 x27:00000017
13597638ns          224362 1c008c90 00044503 lbu              x10, 0(x8)          x10=00000065  x8:1c000534  PA:1c000534
13597956ns          224378 1c008c94 00140413 addi             x8, x8, 1            x8=1c000535  x8:1c000534
13597976ns          224379 1c008c96 fe0514e3 bne              x10, x0, -24        x10:00000065
13598055ns          224383 1c008c7e 02500793 addi             x15, x0, 37         x15=00000025
13598075ns          224384 1c008c82 04f50863 beq              x10, x15, 80        x10:00000065 x15:00000025
13598095ns          224385 1c008c86 01a005b3 add              x11, x0, x26        x11=00000002 x26:00000002
13598115ns          224386 1c008c88 000b00e7 jalr             x1, x22, 0           x1=1c008c8a x22:1c008b94
13598155ns          224388 1c008b94 000026b7 lui              x13, 0x2000         x13=00002000
13598174ns          224389 1c008b96 f14027f3 csrrs            x15, x0, 0xf14      x15=00000001
13598194ns          224390 1c008b9a f8068693 addi             x13, x13, -128      x13=00001f80 x13:00002000
13598214ns          224391 1c008b9e 00379713 slli             x14, x15, 0x3       x14=00000008 x15:00000001
13598234ns          224392 1c008ba2 00279793 slli             x15, x15, 0x2       x15=00000004 x15:00000001
13598254ns          224393 1c008ba4 00d7f7b3 and              x15, x15, x13       x15=00000000 x15:00000004 x13:00001f80
13598274ns          224394 1c008ba6 ee873733 p.bclr           x14, x14, 23, 8     x14=00000008 x14:00000008
13598294ns          224395 1c008baa 1a10f6b7 lui              x13, 0x1a10f000     x13=1a10f000
13598314ns          224396 1c008bae 0ff57513 andi             x10, x10, 255       x10=00000065 x10:00000065
13598334ns          224397 1c008bb2 00d70733 add              x14, x14, x13       x14=1a10f008 x14:00000008 x13:1a10f000
13598353ns          224398 1c008bb4 00a7e723 p.sw             x10, x0(x15)        x10:00000065 x15:00000000  PA:1a10f008
13598672ns          224414 1c008bb8 00000513 addi             x10, x0, 0          x10=00000000
13598692ns          224415 1c008bba 00008067 jalr             x0, x1, 0            x1:1c008c8a
13598751ns          224418 1c008c8a 31f52563 p.beqimm         x10, 778            x10:00000000
13598771ns          224419 1c008c8e 001d8d93 addi             x27, x27, 1         x27=00000019 x27:00000018
13598791ns          224420 1c008c90 00044503 lbu              x10, 0(x8)          x10=00000072  x8:1c000535  PA:1c000535
13599089ns          224435 1c008c94 00140413 addi             x8, x8, 1            x8=1c000536  x8:1c000535
13599109ns          224436 1c008c96 fe0514e3 bne              x10, x0, -24        x10:00000072
13599189ns          224440 1c008c7e 02500793 addi             x15, x0, 37         x15=00000025
13599209ns          224441 1c008c82 04f50863 beq              x10, x15, 80        x10:00000072 x15:00000025
13599229ns          224442 1c008c86 01a005b3 add              x11, x0, x26        x11=00000002 x26:00000002
13599248ns          224443 1c008c88 000b00e7 jalr             x1, x22, 0           x1=1c008c8a x22:1c008b94
13599288ns          224445 1c008b94 000026b7 lui              x13, 0x2000         x13=00002000
13599308ns          224446 1c008b96 f14027f3 csrrs            x15, x0, 0xf14      x15=00000001
13599328ns          224447 1c008b9a f8068693 addi             x13, x13, -128      x13=00001f80 x13:00002000
13599348ns          224448 1c008b9e 00379713 slli             x14, x15, 0x3       x14=00000008 x15:00000001
13599368ns          224449 1c008ba2 00279793 slli             x15, x15, 0x2       x15=00000004 x15:00000001
13599388ns          224450 1c008ba4 00d7f7b3 and              x15, x15, x13       x15=00000000 x15:00000004 x13:00001f80
13599408ns          224451 1c008ba6 ee873733 p.bclr           x14, x14, 23, 8     x14=00000008 x14:00000008
13599427ns          224452 1c008baa 1a10f6b7 lui              x13, 0x1a10f000     x13=1a10f000
13599447ns          224453 1c008bae 0ff57513 andi             x10, x10, 255       x10=00000072 x10:00000072
13599467ns          224454 1c008bb2 00d70733 add              x14, x14, x13       x14=1a10f008 x14:00000008 x13:1a10f000
13599487ns          224455 1c008bb4 00a7e723 p.sw             x10, x0(x15)        x10:00000072 x15:00000000  PA:1a10f008
13599805ns          224471 1c008bb8 00000513 addi             x10, x0, 0          x10=00000000
13599825ns          224472 1c008bba 00008067 jalr             x0, x1, 0            x1:1c008c8a
13599885ns          224475 1c008c8a 31f52563 p.beqimm         x10, 778            x10:00000000
13599905ns          224476 1c008c8e 001d8d93 addi             x27, x27, 1         x27=0000001a x27:00000019
13599925ns          224477 1c008c90 00044503 lbu              x10, 0(x8)          x10=00000020  x8:1c000536  PA:1c000536
13600223ns          224492 1c008c94 00140413 addi             x8, x8, 1            x8=1c000537  x8:1c000536
13600243ns          224493 1c008c96 fe0514e3 bne              x10, x0, -24        x10:00000020
13600322ns          224497 1c008c7e 02500793 addi             x15, x0, 37         x15=00000025
13600342ns          224498 1c008c82 04f50863 beq              x10, x15, 80        x10:00000020 x15:00000025
13600362ns          224499 1c008c86 01a005b3 add              x11, x0, x26        x11=00000002 x26:00000002
13600382ns          224500 1c008c88 000b00e7 jalr             x1, x22, 0           x1=1c008c8a x22:1c008b94
13600422ns          224502 1c008b94 000026b7 lui              x13, 0x2000         x13=00002000
13600442ns          224503 1c008b96 f14027f3 csrrs            x15, x0, 0xf14      x15=00000001
13600462ns          224504 1c008b9a f8068693 addi             x13, x13, -128      x13=00001f80 x13:00002000
13600481ns          224505 1c008b9e 00379713 slli             x14, x15, 0x3       x14=00000008 x15:00000001
13600501ns          224506 1c008ba2 00279793 slli             x15, x15, 0x2       x15=00000004 x15:00000001
13600521ns          224507 1c008ba4 00d7f7b3 and              x15, x15, x13       x15=00000000 x15:00000004 x13:00001f80
13600541ns          224508 1c008ba6 ee873733 p.bclr           x14, x14, 23, 8     x14=00000008 x14:00000008
13600561ns          224509 1c008baa 1a10f6b7 lui              x13, 0x1a10f000     x13=1a10f000
13600581ns          224510 1c008bae 0ff57513 andi             x10, x10, 255       x10=00000020 x10:00000020
13600601ns          224511 1c008bb2 00d70733 add              x14, x14, x13       x14=1a10f008 x14:00000008 x13:1a10f000
13600621ns          224512 1c008bb4 00a7e723 p.sw             x10, x0(x15)        x10:00000020 x15:00000000  PA:1a10f008
13600939ns          224528 1c008bb8 00000513 addi             x10, x0, 0          x10=00000000
13600959ns          224529 1c008bba 00008067 jalr             x0, x1, 0            x1:1c008c8a
13601018ns          224532 1c008c8a 31f52563 p.beqimm         x10, 778            x10:00000000
13601038ns          224533 1c008c8e 001d8d93 addi             x27, x27, 1         x27=0000001b x27:0000001a
13601058ns          224534 1c008c90 00044503 lbu              x10, 0(x8)          x10=00000025  x8:1c000537  PA:1c000537
13601357ns          224549 1c008c94 00140413 addi             x8, x8, 1            x8=1c000538  x8:1c000537
13601376ns          224550 1c008c96 fe0514e3 bne              x10, x0, -24        x10:00000025
13601456ns          224554 1c008c7e 02500793 addi             x15, x0, 37         x15=00000025
13601476ns          224555 1c008c82 04f50863 beq              x10, x15, 80        x10:00000025 x15:00000025
13601973ns          224580 1c008cd2 00044483 lbu              x9, 0(x8)            x9=00000064  x8:1c000538  PA:1c000538
13602271ns          224595 1c008cd6 02000693 addi             x13, x0, 32         x13=00000020
13602291ns          224596 1c008cda 00140a93 addi             x21, x8, 1          x21=1c000539  x8:1c000538
13602311ns          224597 1c008cde 009005b3 add              x11, x0, x9         x11=00000064  x9:00000064
13602470ns          224605 1c008ce0 5f0b8513 addi             x10, x23, 1520      x10=1c0005f0 x23:1c000000
13602510ns          224607 1c008ce4 00d12823 sw               x13, 16(x2)         x13:00000020  x2:10000958  PA:10000968
13602530ns          224608 1c008ce6 00012c23 sw               x0, 24(x2)           x2:10000958  PA:10000970
13602550ns          224609 1c008ce8 00012a23 sw               x0, 20(x2)           x2:10000958  PA:1000096c
13602570ns          224610 1c008cea 00012e23 sw               x0, 28(x2)           x2:10000958  PA:10000974
13602590ns          224611 1c008cec 00012623 sw               x0, 12(x2)           x2:10000958  PA:10000964
13602987ns          224631 1c008cee 02300913 addi             x18, x0, 35         x18=00000023
13603027ns          224633 1c008cf2 02d00a13 addi             x20, x0, 45         x20=0000002d
13603047ns          224634 1c008cf6 015009b3 add              x19, x0, x21        x19=1c000539 x21:1c000539
13603067ns          224635 1c008cf8 e1dff0ef jal              x1, -484             x1=1c008cfa
13603962ns          224680 1c008b14 00054783 lbu              x15, 0(x10)         x15=0000002d x10:1c0005f0  PA:1c0005f0
13604280ns          224696 1c008b18 0ff5f593 andi             x11, x11, 255       x11=00000064 x11:00000064
13604300ns          224697 1c008b1c 00b78c63 beq              x15, x11, 24        x15:0000002d x11:00000064
13604459ns          224705 1c008b20 00078b63 beq              x15, x0, 22         x15:0000002d
13604499ns          224707 1c008b22 00150793 addi             x15, x10, 1         x15=1c0005f1 x10:1c0005f0
13604519ns          224708 1c008b26 0040006f jal              x0, 4              
13604559ns          224710 1c008b2a 00f00533 add              x10, x0, x15        x10=1c0005f1 x15:1c0005f1
13604578ns          224711 1c008b2c 0017c70b p.lbu            x14, 1(x15!)        x14=0000002b x15=1c0005f2 x15:1c0005f1  PA:1c0005f1
13605056ns          224735 1c008b30 feb71ce3 bne              x14, x11, -8        x14:0000002b x11:00000064
13605115ns          224738 1c008b28 00070763 beq              x14, x0, 14         x14:0000002b
13605135ns          224739 1c008b2a 00f00533 add              x10, x0, x15        x10=1c0005f2 x15:1c0005f2
13605155ns          224740 1c008b2c 0017c70b p.lbu            x14, 1(x15!)        x14=00000020 x15=1c0005f3 x15:1c0005f2  PA:1c0005f2
13605473ns          224756 1c008b30 feb71ce3 bne              x14, x11, -8        x14:00000020 x11:00000064
13605692ns          224767 1c008b28 00070763 beq              x14, x0, 14         x14:00000020
13605712ns          224768 1c008b2a 00f00533 add              x10, x0, x15        x10=1c0005f3 x15:1c0005f3
13605732ns          224769 1c008b2c 0017c70b p.lbu            x14, 1(x15!)        x14=00000023 x15=1c0005f4 x15:1c0005f3  PA:1c0005f3
13606050ns          224785 1c008b30 feb71ce3 bne              x14, x11, -8        x14:00000023 x11:00000064
13606110ns          224788 1c008b28 00070763 beq              x14, x0, 14         x14:00000023
13606130ns          224789 1c008b2a 00f00533 add              x10, x0, x15        x10=1c0005f4 x15:1c0005f4
13606150ns          224790 1c008b2c 0017c70b p.lbu            x14, 1(x15!)        x14=00000030 x15=1c0005f5 x15:1c0005f4  PA:1c0005f4
13606468ns          224806 1c008b30 feb71ce3 bne              x14, x11, -8        x14:00000030 x11:00000064
13606527ns          224809 1c008b28 00070763 beq              x14, x0, 14         x14:00000030
13606547ns          224810 1c008b2a 00f00533 add              x10, x0, x15        x10=1c0005f5 x15:1c0005f5
13606567ns          224811 1c008b2c 0017c70b p.lbu            x14, 1(x15!)        x14=00000000 x15=1c0005f6 x15:1c0005f5  PA:1c0005f5
13606885ns          224827 1c008b30 feb71ce3 bne              x14, x11, -8        x14:00000000 x11:00000064
13606945ns          224830 1c008b28 00070763 beq              x14, x0, 14         x14:00000000
13607025ns          224834 1c008b36 0015b593 sltiu            x11, x11, 1         x11=00000000 x11:00000064
13607045ns          224835 1c008b3a 40b005b3 sub              x11, x0, x11        x11=00000000 x11:00000000
13607064ns          224836 1c008b3e 00b57533 and              x10, x10, x11       x10=00000000 x10:1c0005f5 x11:00000000
13607084ns          224837 1c008b40 00008067 jalr             x0, x1, 0            x1:1c008cfa
13607124ns          224839 1c008cfa 02050a63 beq              x10, x0, 52         x10:00000000
13608059ns          224886 1c008d2e 02a00613 addi             x12, x0, 42         x12=0000002a
13608099ns          224888 1c008d32 2ac48663 beq              x9, x12, 684         x9:00000064 x12:0000002a
13608118ns          224889 1c008d36 fd048613 addi             x12, x9, -48        x12=00000034  x9:00000064
13608138ns          224890 1c008d3a 00900593 addi             x11, x0, 9          x11=00000009
13608158ns          224891 1c008d3c 00000913 addi             x18, x0, 0          x18=00000000
13608596ns          224913 1c008d3e 28c5f063 bgeu             x11, x12, 640       x11:00000009 x12:00000034
13608636ns          224915 1c008d42 02e00693 addi             x13, x0, 46         x13=0000002e
13608655ns          224916 1c008d46 fff00a13 addi             x20, x0, -1         x20=ffffffff
13608675ns          224917 1c008d48 2ed48363 beq              x9, x13, 742         x9:00000064 x13:0000002e
13608695ns          224918 1c008d4c 1c0007b7 lui              x15, 0x1c000000     x15=1c000000
13609113ns          224939 1c008d50 009005b3 add              x11, x0, x9         x11=00000064  x9:00000064
13609153ns          224941 1c008d52 5f878513 addi             x10, x15, 1528      x10=1c0005f8 x15:1c000000
13609173ns          224942 1c008d56 dbfff0ef jal              x1, -578             x1=1c008d58
13609212ns          224944 1c008b14 00054783 lbu              x15, 0(x10)         x15=00000068 x10:1c0005f8  PA:1c0005f8
13609511ns          224959 1c008b18 0ff5f593 andi             x11, x11, 255       x11=00000064 x11:00000064
13609531ns          224960 1c008b1c 00b78c63 beq              x15, x11, 24        x15:00000068 x11:00000064
13609550ns          224961 1c008b20 00078b63 beq              x15, x0, 22         x15:00000068
13609570ns          224962 1c008b22 00150793 addi             x15, x10, 1         x15=1c0005f9 x10:1c0005f8
13609590ns          224963 1c008b26 0040006f jal              x0, 4              
13609630ns          224965 1c008b2a 00f00533 add              x10, x0, x15        x10=1c0005f9 x15:1c0005f9
13609650ns          224966 1c008b2c 0017c70b p.lbu            x14, 1(x15!)        x14=0000006c x15=1c0005fa x15:1c0005f9  PA:1c0005f9
13609968ns          224982 1c008b30 feb71ce3 bne              x14, x11, -8        x14:0000006c x11:00000064
13610028ns          224985 1c008b28 00070763 beq              x14, x0, 14         x14:0000006c
13610048ns          224986 1c008b2a 00f00533 add              x10, x0, x15        x10=1c0005fa x15:1c0005fa
13610068ns          224987 1c008b2c 0017c70b p.lbu            x14, 1(x15!)        x14=0000004c x15=1c0005fb x15:1c0005fa  PA:1c0005fa
13610386ns          225003 1c008b30 feb71ce3 bne              x14, x11, -8        x14:0000004c x11:00000064
13610445ns          225006 1c008b28 00070763 beq              x14, x0, 14         x14:0000004c
13610465ns          225007 1c008b2a 00f00533 add              x10, x0, x15        x10=1c0005fb x15:1c0005fb
13610485ns          225008 1c008b2c 0017c70b p.lbu            x14, 1(x15!)        x14=0000007a x15=1c0005fc x15:1c0005fb  PA:1c0005fb
13610803ns          225024 1c008b30 feb71ce3 bne              x14, x11, -8        x14:0000007a x11:00000064
13610863ns          225027 1c008b28 00070763 beq              x14, x0, 14         x14:0000007a
13610883ns          225028 1c008b2a 00f00533 add              x10, x0, x15        x10=1c0005fc x15:1c0005fc
13610903ns          225029 1c008b2c 0017c70b p.lbu            x14, 1(x15!)        x14=00000000 x15=1c0005fd x15:1c0005fc  PA:1c0005fc
13611221ns          225045 1c008b30 feb71ce3 bne              x14, x11, -8        x14:00000000 x11:00000064
13611281ns          225048 1c008b28 00070763 beq              x14, x0, 14         x14:00000000
13611360ns          225052 1c008b36 0015b593 sltiu            x11, x11, 1         x11=00000000 x11:00000064
13611380ns          225053 1c008b3a 40b005b3 sub              x11, x0, x11        x11=00000000 x11:00000000
13611400ns          225054 1c008b3e 00b57533 and              x10, x10, x11       x10=00000000 x10:1c0005fc x11:00000000
13611420ns          225055 1c008b40 00008067 jalr             x0, x1, 0            x1:1c008d58
13611460ns          225057 1c008d58 01300433 add              x8, x0, x19          x8=1c000539 x19:1c000539
13611480ns          225058 1c008d5a 00050563 beq              x10, x0, 10         x10:00000000
13611957ns          225082 1c008d64 06700693 addi             x13, x0, 103        x13=00000067
13611977ns          225083 1c008d68 2896d963 bge              x13, x9, 658        x13:00000067  x9:00000064
13613071ns          225138 1c008ffa 06500693 addi             x13, x0, 101        x13=00000065
13613508ns          225160 1c008ffe 12d4d563 bge              x9, x13, 298         x9:00000064 x13:00000065
13613548ns          225162 1c009002 04700693 addi             x13, x0, 71         x13=00000047
13613568ns          225163 1c009006 dc96cbe3 blt              x13, x9, -554       x13:00000047  x9:00000064
13614483ns          225209 1c008ddc 06300693 addi             x13, x0, 99         x13=00000063
13614940ns          225232 1c008de0 0ad488e3 beq              x9, x13, 2224        x9:00000064 x13:00000063
13614980ns          225234 1c008de4 0096c9e3 blt              x13, x9, 2066       x13:00000063  x9:00000064
13615497ns          225260 1c0095f6 000c2583 lw               x11, 0(x24)         x11=00000000 x24:10000aac  PA:10000aac
13615517ns          225261 1c0095fa 004c0c13 addi             x24, x24, 4         x24=10000ab0 x24:10000aac
13615537ns          225262 1c0095fc 3405cc63 blt              x11, x0, 856        x11:00000000
13615954ns          225283 1c009600 01412603 lw               x12, 20(x2)         x12=00000000  x2:10000958  PA:1000096c
13615974ns          225284 1c009602 00b006b3 add              x13, x0, x11        x13=00000000 x11:00000000
13615994ns          225285 1c009604 2e061863 bne              x12, x0, 752        x12:00000000
13616014ns          225286 1c009608 01812703 lw               x14, 24(x2)         x14=00000000  x2:10000958  PA:10000970
13616034ns          225287 1c00960a 019007b3 add              x15, x0, x25        x15=1000097c x25:1000097c
13616054ns          225288 1c00960c 00070763 beq              x14, x0, 14         x14:00000000
13616531ns          225312 1c00961a 00f00733 add              x14, x0, x15        x14=1000097c x15:1000097c
13616551ns          225313 1c00961c 00a00513 addi             x10, x0, 10         x10=0000000a
13616989ns          225335 1c00961e 02a6f633 remu             x12, x13, x10       x12=00000000 x13:00000000 x10:0000000a
13617625ns          225367 1c009622 02a6d6b3 divu             x13, x13, x10       x13=00000000 x13:00000000 x10:0000000a
13618241ns          225398 1c009626 03060613 addi             x12, x12, 48        x12=00000030 x12:00000000
13618261ns          225399 1c00962a 00c700ab p.sb             x12, 1(x14!)        x14=1000097d x12:00000030 x14:1000097c  PA:1000097c
13618281ns          225400 1c00962e fe0698e3 bne              x13, x0, -16        x13:00000000
13618301ns          225401 1c009630 40f706b3 sub              x13, x14, x15       x13=00000001 x14:1000097d x15:1000097c
13618321ns          225402 1c009634 0146dc63 bge              x13, x20, 24        x13:00000001 x20:ffffffff
13618818ns          225427 1c00964c 00e006b3 add              x13, x0, x14        x13=1000097d x14:1000097d
13619276ns          225450 1c00964e fe068fab p.sb             x0, -1(x13!)        x13=1000097c x13:1000097d  PA:1000097d
13619315ns          225452 1c009652 00d7fc63 bgeu             x15, x13, 24        x15:1000097c x13:1000097c
13619793ns          225476 1c00966a 01412783 lw               x15, 20(x2)         x15=00000000  x2:10000958  PA:1000096c
13619833ns          225478 1c00966c 01812603 lw               x12, 24(x2)         x12=00000000  x2:10000958  PA:10000970
13620270ns          225500 1c00966e 419704b3 sub              x9, x14, x25         x9=00000001 x14:1000097d x25:1000097c
13620290ns          225501 1c009672 00c7e7b3 or               x15, x15, x12       x15=00000000 x15:00000000 x12:00000000
13620310ns          225502 1c009674 00f12623 sw               x15, 12(x2)         x15:00000000  x2:10000958  PA:10000964
13620330ns          225503 1c009676 00079363 bne              x15, x0, 6          x15:00000000
13620350ns          225504 1c009678 01f5d593 srli             x11, x11, 0x1f      x11=00000000 x11:00000000
13620369ns          225505 1c00967a 00b12623 sw               x11, 12(x2)         x11:00000000  x2:10000958  PA:10000964
13620409ns          225507 1c00967c e3fa28e3 p.beqimm         x20, -464           x20:ffffffff
13621245ns          225549 1c0094ac 0c800793 addi             x15, x0, 200        x15=000000c8
13621722ns          225573 1c0094b0 9e97d0e3 bge              x15, x9, -1568      x15:000000c8  x9:00000001
13622199ns          225597 1c008e90 0f24d163 bge              x9, x18, 226         x9:00000001 x18:00000000
13622716ns          225623 1c008f72 d00482e3 beq              x9, x0, -764         x9:00000001
13622736ns          225624 1c008f76 01900933 add              x18, x0, x25        x18=1000097c x25:1000097c
13622756ns          225625 1c008f78 419d8db3 sub              x27, x27, x25       x27=effff69f x27:0000001b x25:1000097c
13622776ns          225626 1c008f7c 00a0006f jal              x0, 10             
13623273ns          225651 1c008f86 0019450b p.lbu            x10, 1(x18!)        x10=00000030 x18=1000097d x18:1000097c  PA:1000097c
13623293ns          225652 1c008f8a 01a005b3 add              x11, x0, x26        x11=00000002 x26:00000002
13623313ns          225653 1c008f8c 000b00e7 jalr             x1, x22, 0           x1=1c008f8e x22:1c008b94
13623770ns          225676 1c008b94 000026b7 lui              x13, 0x2000         x13=00002000
13623790ns          225677 1c008b96 f14027f3 csrrs            x15, x0, 0xf14      x15=00000001
13623810ns          225678 1c008b9a f8068693 addi             x13, x13, -128      x13=00001f80 x13:00002000
13623830ns          225679 1c008b9e 00379713 slli             x14, x15, 0x3       x14=00000008 x15:00000001
13623850ns          225680 1c008ba2 00279793 slli             x15, x15, 0x2       x15=00000004 x15:00000001
13623870ns          225681 1c008ba4 00d7f7b3 and              x15, x15, x13       x15=00000000 x15:00000004 x13:00001f80
13623890ns          225682 1c008ba6 ee873733 p.bclr           x14, x14, 23, 8     x14=00000008 x14:00000008
13623910ns          225683 1c008baa 1a10f6b7 lui              x13, 0x1a10f000     x13=1a10f000
13623949ns          225685 1c008bae 0ff57513 andi             x10, x10, 255       x10=00000030 x10:00000030
13623969ns          225686 1c008bb2 00d70733 add              x14, x14, x13       x14=1a10f008 x14:00000008 x13:1a10f000
13623989ns          225687 1c008bb4 00a7e723 p.sw             x10, x0(x15)        x10:00000030 x15:00000000  PA:1a10f008
13624367ns          225706 1c008bb8 00000513 addi             x10, x0, 0          x10=00000000
13624387ns          225707 1c008bba 00008067 jalr             x0, x1, 0            x1:1c008f8e
13624427ns          225709 1c008f8e fff48493 addi             x9, x9, -1           x9=00000000  x9:00000001
13624447ns          225710 1c008f90 fff537e3 p.bneimm         x10, -18            x10:00000000
13624526ns          225714 1c008f7e 012d8733 add              x14, x27, x18       x14=0000001c x27:effff69f x18:1000097d
13624546ns          225715 1c008f82 5a048b63 beq              x9, x0, 1462         x9:00000000
13624984ns          225737 1c009538 00e00db3 add              x27, x0, x14        x27=0000001c x14:0000001c
13625023ns          225739 1c00953a f3cff06f jal              x0, -2244          
13625580ns          225767 1c008c76 00044503 lbu              x10, 0(x8)          x10=00000020  x8:1c000539  PA:1c000539
13625878ns          225782 1c008c7a 00140413 addi             x8, x8, 1            x8=1c00053a  x8:1c000539
13625898ns          225783 1c008c7c 00050e63 beq              x10, x0, 28         x10:00000020
13625918ns          225784 1c008c7e 02500793 addi             x15, x0, 37         x15=00000025
13625938ns          225785 1c008c82 04f50863 beq              x10, x15, 80        x10:00000020 x15:00000025
13625958ns          225786 1c008c86 01a005b3 add              x11, x0, x26        x11=00000002 x26:00000002
13625978ns          225787 1c008c88 000b00e7 jalr             x1, x22, 0           x1=1c008c8a x22:1c008b94
13626077ns          225792 1c008b94 000026b7 lui              x13, 0x2000         x13=00002000
13626097ns          225793 1c008b96 f14027f3 csrrs            x15, x0, 0xf14      x15=00000001
13626117ns          225794 1c008b9a f8068693 addi             x13, x13, -128      x13=00001f80 x13:00002000
13626137ns          225795 1c008b9e 00379713 slli             x14, x15, 0x3       x14=00000008 x15:00000001
13626157ns          225796 1c008ba2 00279793 slli             x15, x15, 0x2       x15=00000004 x15:00000001
13626177ns          225797 1c008ba4 00d7f7b3 and              x15, x15, x13       x15=00000000 x15:00000004 x13:00001f80
13626197ns          225798 1c008ba6 ee873733 p.bclr           x14, x14, 23, 8     x14=00000008 x14:00000008
13626217ns          225799 1c008baa 1a10f6b7 lui              x13, 0x1a10f000     x13=1a10f000
13626236ns          225800 1c008bae 0ff57513 andi             x10, x10, 255       x10=00000020 x10:00000020
13626256ns          225801 1c008bb2 00d70733 add              x14, x14, x13       x14=1a10f008 x14:00000008 x13:1a10f000
13626276ns          225802 1c008bb4 00a7e723 p.sw             x10, x0(x15)        x10:00000020 x15:00000000  PA:1a10f008
13626634ns          225820 1c008bb8 00000513 addi             x10, x0, 0          x10=00000000
13626654ns          225821 1c008bba 00008067 jalr             x0, x1, 0            x1:1c008c8a
13626714ns          225824 1c008c8a 31f52563 p.beqimm         x10, 778            x10:00000000
13626734ns          225825 1c008c8e 001d8d93 addi             x27, x27, 1         x27=0000001d x27:0000001c
13626754ns          225826 1c008c90 00044503 lbu              x10, 0(x8)          x10=00000063  x8:1c00053a  PA:1c00053a
13627052ns          225841 1c008c94 00140413 addi             x8, x8, 1            x8=1c00053b  x8:1c00053a
13627072ns          225842 1c008c96 fe0514e3 bne              x10, x0, -24        x10:00000063
13627151ns          225846 1c008c7e 02500793 addi             x15, x0, 37         x15=00000025
13627171ns          225847 1c008c82 04f50863 beq              x10, x15, 80        x10:00000063 x15:00000025
13627191ns          225848 1c008c86 01a005b3 add              x11, x0, x26        x11=00000002 x26:00000002
13627211ns          225849 1c008c88 000b00e7 jalr             x1, x22, 0           x1=1c008c8a x22:1c008b94
13627251ns          225851 1c008b94 000026b7 lui              x13, 0x2000         x13=00002000
13627271ns          225852 1c008b96 f14027f3 csrrs            x15, x0, 0xf14      x15=00000001
13627291ns          225853 1c008b9a f8068693 addi             x13, x13, -128      x13=00001f80 x13:00002000
13627350ns          225856 1c008b9e 00379713 slli             x14, x15, 0x3       x14=00000008 x15:00000001
13627370ns          225857 1c008ba2 00279793 slli             x15, x15, 0x2       x15=00000004 x15:00000001
13627390ns          225858 1c008ba4 00d7f7b3 and              x15, x15, x13       x15=00000000 x15:00000004 x13:00001f80
13627410ns          225859 1c008ba6 ee873733 p.bclr           x14, x14, 23, 8     x14=00000008 x14:00000008
13627430ns          225860 1c008baa 1a10f6b7 lui              x13, 0x1a10f000     x13=1a10f000
13627450ns          225861 1c008bae 0ff57513 andi             x10, x10, 255       x10=00000063 x10:00000063
13627470ns          225862 1c008bb2 00d70733 add              x14, x14, x13       x14=1a10f008 x14:00000008 x13:1a10f000
13627489ns          225863 1c008bb4 00a7e723 p.sw             x10, x0(x15)        x10:00000063 x15:00000000  PA:1a10f008
13627847ns          225881 1c008bb8 00000513 addi             x10, x0, 0          x10=00000000
13627867ns          225882 1c008bba 00008067 jalr             x0, x1, 0            x1:1c008c8a
13627927ns          225885 1c008c8a 31f52563 p.beqimm         x10, 778            x10:00000000
13627947ns          225886 1c008c8e 001d8d93 addi             x27, x27, 1         x27=0000001e x27:0000001d
13627967ns          225887 1c008c90 00044503 lbu              x10, 0(x8)          x10=0000006f  x8:1c00053b  PA:1c00053b
13628285ns          225903 1c008c94 00140413 addi             x8, x8, 1            x8=1c00053c  x8:1c00053b
13628305ns          225904 1c008c96 fe0514e3 bne              x10, x0, -24        x10:0000006f
13628384ns          225908 1c008c7e 02500793 addi             x15, x0, 37         x15=00000025
13628404ns          225909 1c008c82 04f50863 beq              x10, x15, 80        x10:0000006f x15:00000025
13628424ns          225910 1c008c86 01a005b3 add              x11, x0, x26        x11=00000002 x26:00000002
13628444ns          225911 1c008c88 000b00e7 jalr             x1, x22, 0           x1=1c008c8a x22:1c008b94
13628484ns          225913 1c008b94 000026b7 lui              x13, 0x2000         x13=00002000
13628504ns          225914 1c008b96 f14027f3 csrrs            x15, x0, 0xf14      x15=00000001
13628524ns          225915 1c008b9a f8068693 addi             x13, x13, -128      x13=00001f80 x13:00002000
13628543ns          225916 1c008b9e 00379713 slli             x14, x15, 0x3       x14=00000008 x15:00000001
13628563ns          225917 1c008ba2 00279793 slli             x15, x15, 0x2       x15=00000004 x15:00000001
13628583ns          225918 1c008ba4 00d7f7b3 and              x15, x15, x13       x15=00000000 x15:00000004 x13:00001f80
13628603ns          225919 1c008ba6 ee873733 p.bclr           x14, x14, 23, 8     x14=00000008 x14:00000008
13628623ns          225920 1c008baa 1a10f6b7 lui              x13, 0x1a10f000     x13=1a10f000
13628643ns          225921 1c008bae 0ff57513 andi             x10, x10, 255       x10=0000006f x10:0000006f
13628663ns          225922 1c008bb2 00d70733 add              x14, x14, x13       x14=1a10f008 x14:00000008 x13:1a10f000
13628683ns          225923 1c008bb4 00a7e723 p.sw             x10, x0(x15)        x10:0000006f x15:00000000  PA:1a10f008
13629001ns          225939 1c008bb8 00000513 addi             x10, x0, 0          x10=00000000
13629021ns          225940 1c008bba 00008067 jalr             x0, x1, 0            x1:1c008c8a
13629080ns          225943 1c008c8a 31f52563 p.beqimm         x10, 778            x10:00000000
13629100ns          225944 1c008c8e 001d8d93 addi             x27, x27, 1         x27=0000001f x27:0000001e
13629120ns          225945 1c008c90 00044503 lbu              x10, 0(x8)          x10=00000072  x8:1c00053c  PA:1c00053c
13629419ns          225960 1c008c94 00140413 addi             x8, x8, 1            x8=1c00053d  x8:1c00053c
13629438ns          225961 1c008c96 fe0514e3 bne              x10, x0, -24        x10:00000072
13629518ns          225965 1c008c7e 02500793 addi             x15, x0, 37         x15=00000025
13629538ns          225966 1c008c82 04f50863 beq              x10, x15, 80        x10:00000072 x15:00000025
13629558ns          225967 1c008c86 01a005b3 add              x11, x0, x26        x11=00000002 x26:00000002
13629578ns          225968 1c008c88 000b00e7 jalr             x1, x22, 0           x1=1c008c8a x22:1c008b94
13629617ns          225970 1c008b94 000026b7 lui              x13, 0x2000         x13=00002000
13629637ns          225971 1c008b96 f14027f3 csrrs            x15, x0, 0xf14      x15=00000001
13629657ns          225972 1c008b9a f8068693 addi             x13, x13, -128      x13=00001f80 x13:00002000
13629677ns          225973 1c008b9e 00379713 slli             x14, x15, 0x3       x14=00000008 x15:00000001
13629697ns          225974 1c008ba2 00279793 slli             x15, x15, 0x2       x15=00000004 x15:00000001
13629717ns          225975 1c008ba4 00d7f7b3 and              x15, x15, x13       x15=00000000 x15:00000004 x13:00001f80
13629737ns          225976 1c008ba6 ee873733 p.bclr           x14, x14, 23, 8     x14=00000008 x14:00000008
13629757ns          225977 1c008baa 1a10f6b7 lui              x13, 0x1a10f000     x13=1a10f000
13629777ns          225978 1c008bae 0ff57513 andi             x10, x10, 255       x10=00000072 x10:00000072
13629796ns          225979 1c008bb2 00d70733 add              x14, x14, x13       x14=1a10f008 x14:00000008 x13:1a10f000
13629816ns          225980 1c008bb4 00a7e723 p.sw             x10, x0(x15)        x10:00000072 x15:00000000  PA:1a10f008
13630134ns          225996 1c008bb8 00000513 addi             x10, x0, 0          x10=00000000
13630154ns          225997 1c008bba 00008067 jalr             x0, x1, 0            x1:1c008c8a
13630214ns          226000 1c008c8a 31f52563 p.beqimm         x10, 778            x10:00000000
13630234ns          226001 1c008c8e 001d8d93 addi             x27, x27, 1         x27=00000020 x27:0000001f
13630254ns          226002 1c008c90 00044503 lbu              x10, 0(x8)          x10=00000065  x8:1c00053d  PA:1c00053d
13630552ns          226017 1c008c94 00140413 addi             x8, x8, 1            x8=1c00053e  x8:1c00053d
13630572ns          226018 1c008c96 fe0514e3 bne              x10, x0, -24        x10:00000065
13630652ns          226022 1c008c7e 02500793 addi             x15, x0, 37         x15=00000025
13630671ns          226023 1c008c82 04f50863 beq              x10, x15, 80        x10:00000065 x15:00000025
13630691ns          226024 1c008c86 01a005b3 add              x11, x0, x26        x11=00000002 x26:00000002
13630711ns          226025 1c008c88 000b00e7 jalr             x1, x22, 0           x1=1c008c8a x22:1c008b94
13630751ns          226027 1c008b94 000026b7 lui              x13, 0x2000         x13=00002000
13630771ns          226028 1c008b96 f14027f3 csrrs            x15, x0, 0xf14      x15=00000001
13630791ns          226029 1c008b9a f8068693 addi             x13, x13, -128      x13=00001f80 x13:00002000
13630811ns          226030 1c008b9e 00379713 slli             x14, x15, 0x3       x14=00000008 x15:00000001
13630831ns          226031 1c008ba2 00279793 slli             x15, x15, 0x2       x15=00000004 x15:00000001
13630850ns          226032 1c008ba4 00d7f7b3 and              x15, x15, x13       x15=00000000 x15:00000004 x13:00001f80
13630870ns          226033 1c008ba6 ee873733 p.bclr           x14, x14, 23, 8     x14=00000008 x14:00000008
13630890ns          226034 1c008baa 1a10f6b7 lui              x13, 0x1a10f000     x13=1a10f000
13630910ns          226035 1c008bae 0ff57513 andi             x10, x10, 255       x10=00000065 x10:00000065
13630930ns          226036 1c008bb2 00d70733 add              x14, x14, x13       x14=1a10f008 x14:00000008 x13:1a10f000
13630950ns          226037 1c008bb4 00a7e723 p.sw             x10, x0(x15)        x10:00000065 x15:00000000  PA:1a10f008
13631288ns          226054 1c008bb8 00000513 addi             x10, x0, 0          x10=00000000
13631308ns          226055 1c008bba 00008067 jalr             x0, x1, 0            x1:1c008c8a
13631368ns          226058 1c008c8a 31f52563 p.beqimm         x10, 778            x10:00000000
13631387ns          226059 1c008c8e 001d8d93 addi             x27, x27, 1         x27=00000021 x27:00000020
13631407ns          226060 1c008c90 00044503 lbu              x10, 0(x8)          x10=00000020  x8:1c00053e  PA:1c00053e
13631706ns          226075 1c008c94 00140413 addi             x8, x8, 1            x8=1c00053f  x8:1c00053e
13631726ns          226076 1c008c96 fe0514e3 bne              x10, x0, -24        x10:00000020
13631805ns          226080 1c008c7e 02500793 addi             x15, x0, 37         x15=00000025
13631825ns          226081 1c008c82 04f50863 beq              x10, x15, 80        x10:00000020 x15:00000025
13631845ns          226082 1c008c86 01a005b3 add              x11, x0, x26        x11=00000002 x26:00000002
13631865ns          226083 1c008c88 000b00e7 jalr             x1, x22, 0           x1=1c008c8a x22:1c008b94
13631905ns          226085 1c008b94 000026b7 lui              x13, 0x2000         x13=00002000
13631924ns          226086 1c008b96 f14027f3 csrrs            x15, x0, 0xf14      x15=00000001
13631944ns          226087 1c008b9a f8068693 addi             x13, x13, -128      x13=00001f80 x13:00002000
13631964ns          226088 1c008b9e 00379713 slli             x14, x15, 0x3       x14=00000008 x15:00000001
13631984ns          226089 1c008ba2 00279793 slli             x15, x15, 0x2       x15=00000004 x15:00000001
13632004ns          226090 1c008ba4 00d7f7b3 and              x15, x15, x13       x15=00000000 x15:00000004 x13:00001f80
13632024ns          226091 1c008ba6 ee873733 p.bclr           x14, x14, 23, 8     x14=00000008 x14:00000008
13632044ns          226092 1c008baa 1a10f6b7 lui              x13, 0x1a10f000     x13=1a10f000
13632064ns          226093 1c008bae 0ff57513 andi             x10, x10, 255       x10=00000020 x10:00000020
13632084ns          226094 1c008bb2 00d70733 add              x14, x14, x13       x14=1a10f008 x14:00000008 x13:1a10f000
13632103ns          226095 1c008bb4 00a7e723 p.sw             x10, x0(x15)        x10:00000020 x15:00000000  PA:1a10f008
13632422ns          226111 1c008bb8 00000513 addi             x10, x0, 0          x10=00000000
13632442ns          226112 1c008bba 00008067 jalr             x0, x1, 0            x1:1c008c8a
13632501ns          226115 1c008c8a 31f52563 p.beqimm         x10, 778            x10:00000000
13632521ns          226116 1c008c8e 001d8d93 addi             x27, x27, 1         x27=00000022 x27:00000021
13632541ns          226117 1c008c90 00044503 lbu              x10, 0(x8)          x10=00000025  x8:1c00053f  PA:1c00053f
13632839ns          226132 1c008c94 00140413 addi             x8, x8, 1            x8=1c000540  x8:1c00053f
13632859ns          226133 1c008c96 fe0514e3 bne              x10, x0, -24        x10:00000025
13632939ns          226137 1c008c7e 02500793 addi             x15, x0, 37         x15=00000025
13632959ns          226138 1c008c82 04f50863 beq              x10, x15, 80        x10:00000025 x15:00000025
13633098ns          226145 1c008cd2 00044483 lbu              x9, 0(x8)            x9=00000064  x8:1c000540  PA:1c000540
13633396ns          226160 1c008cd6 02000693 addi             x13, x0, 32         x13=00000020
13633416ns          226161 1c008cda 00140a93 addi             x21, x8, 1          x21=1c000541  x8:1c000540
13633436ns          226162 1c008cde 009005b3 add              x11, x0, x9         x11=00000064  x9:00000064
13633456ns          226163 1c008ce0 5f0b8513 addi             x10, x23, 1520      x10=1c0005f0 x23:1c000000
13633476ns          226164 1c008ce4 00d12823 sw               x13, 16(x2)         x13:00000020  x2:10000958  PA:10000968
13633496ns          226165 1c008ce6 00012c23 sw               x0, 24(x2)           x2:10000958  PA:10000970
13633515ns          226166 1c008ce8 00012a23 sw               x0, 20(x2)           x2:10000958  PA:1000096c
13633535ns          226167 1c008cea 00012e23 sw               x0, 28(x2)           x2:10000958  PA:10000974
13633555ns          226168 1c008cec 00012623 sw               x0, 12(x2)           x2:10000958  PA:10000964
13633575ns          226169 1c008cee 02300913 addi             x18, x0, 35         x18=00000023
13633595ns          226170 1c008cf2 02d00a13 addi             x20, x0, 45         x20=0000002d
13633615ns          226171 1c008cf6 015009b3 add              x19, x0, x21        x19=1c000541 x21:1c000541
13633635ns          226172 1c008cf8 e1dff0ef jal              x1, -484             x1=1c008cfa
13633774ns          226179 1c008b14 00054783 lbu              x15, 0(x10)         x15=0000002d x10:1c0005f0  PA:1c0005f0
13634092ns          226195 1c008b18 0ff5f593 andi             x11, x11, 255       x11=00000064 x11:00000064
13634112ns          226196 1c008b1c 00b78c63 beq              x15, x11, 24        x15:0000002d x11:00000064
13634132ns          226197 1c008b20 00078b63 beq              x15, x0, 22         x15:0000002d
13634152ns          226198 1c008b22 00150793 addi             x15, x10, 1         x15=1c0005f1 x10:1c0005f0
13634172ns          226199 1c008b26 0040006f jal              x0, 4              
13634271ns          226204 1c008b2a 00f00533 add              x10, x0, x15        x10=1c0005f1 x15:1c0005f1
13634291ns          226205 1c008b2c 0017c70b p.lbu            x14, 1(x15!)        x14=0000002b x15=1c0005f2 x15:1c0005f1  PA:1c0005f1
13634609ns          226221 1c008b30 feb71ce3 bne              x14, x11, -8        x14:0000002b x11:00000064
13634669ns          226224 1c008b28 00070763 beq              x14, x0, 14         x14:0000002b
13634689ns          226225 1c008b2a 00f00533 add              x10, x0, x15        x10=1c0005f2 x15:1c0005f2
13634709ns          226226 1c008b2c 0017c70b p.lbu            x14, 1(x15!)        x14=00000020 x15=1c0005f3 x15:1c0005f2  PA:1c0005f2
13635027ns          226242 1c008b30 feb71ce3 bne              x14, x11, -8        x14:00000020 x11:00000064
13635087ns          226245 1c008b28 00070763 beq              x14, x0, 14         x14:00000020
13635106ns          226246 1c008b2a 00f00533 add              x10, x0, x15        x10=1c0005f3 x15:1c0005f3
13635126ns          226247 1c008b2c 0017c70b p.lbu            x14, 1(x15!)        x14=00000023 x15=1c0005f4 x15:1c0005f3  PA:1c0005f3
13635445ns          226263 1c008b30 feb71ce3 bne              x14, x11, -8        x14:00000023 x11:00000064
13635504ns          226266 1c008b28 00070763 beq              x14, x0, 14         x14:00000023
13635524ns          226267 1c008b2a 00f00533 add              x10, x0, x15        x10=1c0005f4 x15:1c0005f4
13635544ns          226268 1c008b2c 0017c70b p.lbu            x14, 1(x15!)        x14=00000030 x15=1c0005f5 x15:1c0005f4  PA:1c0005f4
13635862ns          226284 1c008b30 feb71ce3 bne              x14, x11, -8        x14:00000030 x11:00000064
13635922ns          226287 1c008b28 00070763 beq              x14, x0, 14         x14:00000030
13635942ns          226288 1c008b2a 00f00533 add              x10, x0, x15        x10=1c0005f5 x15:1c0005f5
13635962ns          226289 1c008b2c 0017c70b p.lbu            x14, 1(x15!)        x14=00000000 x15=1c0005f6 x15:1c0005f5  PA:1c0005f5
13636300ns          226306 1c008b30 feb71ce3 bne              x14, x11, -8        x14:00000000 x11:00000064
13636359ns          226309 1c008b28 00070763 beq              x14, x0, 14         x14:00000000
13636439ns          226313 1c008b36 0015b593 sltiu            x11, x11, 1         x11=00000000 x11:00000064
13636459ns          226314 1c008b3a 40b005b3 sub              x11, x0, x11        x11=00000000 x11:00000000
13636479ns          226315 1c008b3e 00b57533 and              x10, x10, x11       x10=00000000 x10:1c0005f5 x11:00000000
13636499ns          226316 1c008b40 00008067 jalr             x0, x1, 0            x1:1c008cfa
13636538ns          226318 1c008cfa 02050a63 beq              x10, x0, 52         x10:00000000
13636658ns          226324 1c008d2e 02a00613 addi             x12, x0, 42         x12=0000002a
13636698ns          226326 1c008d32 2ac48663 beq              x9, x12, 684         x9:00000064 x12:0000002a
13636717ns          226327 1c008d36 fd048613 addi             x12, x9, -48        x12=00000034  x9:00000064
13636737ns          226328 1c008d3a 00900593 addi             x11, x0, 9          x11=00000009
13636757ns          226329 1c008d3c 00000913 addi             x18, x0, 0          x18=00000000
13636797ns          226331 1c008d3e 28c5f063 bgeu             x11, x12, 640       x11:00000009 x12:00000034
13636837ns          226333 1c008d42 02e00693 addi             x13, x0, 46         x13=0000002e
13636857ns          226334 1c008d46 fff00a13 addi             x20, x0, -1         x20=ffffffff
13636877ns          226335 1c008d48 2ed48363 beq              x9, x13, 742         x9:00000064 x13:0000002e
13636896ns          226336 1c008d4c 1c0007b7 lui              x15, 0x1c000000     x15=1c000000
13636916ns          226337 1c008d50 009005b3 add              x11, x0, x9         x11=00000064  x9:00000064
13636936ns          226338 1c008d52 5f878513 addi             x10, x15, 1528      x10=1c0005f8 x15:1c000000
13636956ns          226339 1c008d56 dbfff0ef jal              x1, -578             x1=1c008d58
13637056ns          226344 1c008b14 00054783 lbu              x15, 0(x10)         x15=00000068 x10:1c0005f8  PA:1c0005f8
13637354ns          226359 1c008b18 0ff5f593 andi             x11, x11, 255       x11=00000064 x11:00000064
13637374ns          226360 1c008b1c 00b78c63 beq              x15, x11, 24        x15:00000068 x11:00000064
13637394ns          226361 1c008b20 00078b63 beq              x15, x0, 22         x15:00000068
13637414ns          226362 1c008b22 00150793 addi             x15, x10, 1         x15=1c0005f9 x10:1c0005f8
13637433ns          226363 1c008b26 0040006f jal              x0, 4              
13637473ns          226365 1c008b2a 00f00533 add              x10, x0, x15        x10=1c0005f9 x15:1c0005f9
13637493ns          226366 1c008b2c 0017c70b p.lbu            x14, 1(x15!)        x14=0000006c x15=1c0005fa x15:1c0005f9  PA:1c0005f9
13637811ns          226382 1c008b30 feb71ce3 bne              x14, x11, -8        x14:0000006c x11:00000064
13637871ns          226385 1c008b28 00070763 beq              x14, x0, 14         x14:0000006c
13637891ns          226386 1c008b2a 00f00533 add              x10, x0, x15        x10=1c0005fa x15:1c0005fa
13637911ns          226387 1c008b2c 0017c70b p.lbu            x14, 1(x15!)        x14=0000004c x15=1c0005fb x15:1c0005fa  PA:1c0005fa
13638229ns          226403 1c008b30 feb71ce3 bne              x14, x11, -8        x14:0000004c x11:00000064
13638289ns          226406 1c008b28 00070763 beq              x14, x0, 14         x14:0000004c
13638308ns          226407 1c008b2a 00f00533 add              x10, x0, x15        x10=1c0005fb x15:1c0005fb
13638328ns          226408 1c008b2c 0017c70b p.lbu            x14, 1(x15!)        x14=0000007a x15=1c0005fc x15:1c0005fb  PA:1c0005fb
13638647ns          226424 1c008b30 feb71ce3 bne              x14, x11, -8        x14:0000007a x11:00000064
13638706ns          226427 1c008b28 00070763 beq              x14, x0, 14         x14:0000007a
13638726ns          226428 1c008b2a 00f00533 add              x10, x0, x15        x10=1c0005fc x15:1c0005fc
13638746ns          226429 1c008b2c 0017c70b p.lbu            x14, 1(x15!)        x14=00000000 x15=1c0005fd x15:1c0005fc  PA:1c0005fc
13639144ns          226449 1c008b30 feb71ce3 bne              x14, x11, -8        x14:00000000 x11:00000064
13639203ns          226452 1c008b28 00070763 beq              x14, x0, 14         x14:00000000
13639283ns          226456 1c008b36 0015b593 sltiu            x11, x11, 1         x11=00000000 x11:00000064
13639303ns          226457 1c008b3a 40b005b3 sub              x11, x0, x11        x11=00000000 x11:00000000
13639323ns          226458 1c008b3e 00b57533 and              x10, x10, x11       x10=00000000 x10:1c0005fc x11:00000000
13639343ns          226459 1c008b40 00008067 jalr             x0, x1, 0            x1:1c008d58
13639382ns          226461 1c008d58 01300433 add              x8, x0, x19          x8=1c000541 x19:1c000541
13639402ns          226462 1c008d5a 00050563 beq              x10, x0, 10         x10:00000000
13639462ns          226465 1c008d64 06700693 addi             x13, x0, 103        x13=00000067
13639482ns          226466 1c008d68 2896d963 bge              x13, x9, 658        x13:00000067  x9:00000064
13639561ns          226470 1c008ffa 06500693 addi             x13, x0, 101        x13=00000065
13639581ns          226471 1c008ffe 12d4d563 bge              x9, x13, 298         x9:00000064 x13:00000065
13639601ns          226472 1c009002 04700693 addi             x13, x0, 71         x13=00000047
13639621ns          226473 1c009006 dc96cbe3 blt              x13, x9, -554       x13:00000047  x9:00000064
13639740ns          226479 1c008ddc 06300693 addi             x13, x0, 99         x13=00000063
13639760ns          226480 1c008de0 0ad488e3 beq              x9, x13, 2224        x9:00000064 x13:00000063
13639780ns          226481 1c008de4 0096c9e3 blt              x13, x9, 2066       x13:00000063  x9:00000064
13639919ns          226488 1c0095f6 000c2583 lw               x11, 0(x24)         x11=00000001 x24:10000ab0  PA:10000ab0
13639939ns          226489 1c0095fa 004c0c13 addi             x24, x24, 4         x24=10000ab4 x24:10000ab0
13639959ns          226490 1c0095fc 3405cc63 blt              x11, x0, 856        x11:00000001
13639999ns          226492 1c009600 01412603 lw               x12, 20(x2)         x12=00000000  x2:10000958  PA:1000096c
13640019ns          226493 1c009602 00b006b3 add              x13, x0, x11        x13=00000001 x11:00000001
13640039ns          226494 1c009604 2e061863 bne              x12, x0, 752        x12:00000000
13640059ns          226495 1c009608 01812703 lw               x14, 24(x2)         x14=00000000  x2:10000958  PA:10000970
13640078ns          226496 1c00960a 019007b3 add              x15, x0, x25        x15=1000097c x25:1000097c
13640098ns          226497 1c00960c 00070763 beq              x14, x0, 14         x14:00000000
13640178ns          226501 1c00961a 00f00733 add              x14, x0, x15        x14=1000097c x15:1000097c
13640198ns          226502 1c00961c 00a00513 addi             x10, x0, 10         x10=0000000a
13640257ns          226505 1c00961e 02a6f633 remu             x12, x13, x10       x12=00000001 x13:00000001 x10:0000000a
13640894ns          226537 1c009622 02a6d6b3 divu             x13, x13, x10       x13=00000000 x13:00000001 x10:0000000a
13641510ns          226568 1c009626 03060613 addi             x12, x12, 48        x12=00000031 x12:00000001
13641530ns          226569 1c00962a 00c700ab p.sb             x12, 1(x14!)        x14=1000097d x12:00000031 x14:1000097c  PA:1000097c
13641550ns          226570 1c00962e fe0698e3 bne              x13, x0, -16        x13:00000000
13641570ns          226571 1c009630 40f706b3 sub              x13, x14, x15       x13=00000001 x14:1000097d x15:1000097c
13641590ns          226572 1c009634 0146dc63 bge              x13, x20, 24        x13:00000001 x20:ffffffff
13641650ns          226575 1c00964c 00e006b3 add              x13, x0, x14        x13=1000097d x14:1000097d
13641709ns          226578 1c00964e fe068fab p.sb             x0, -1(x13!)        x13=1000097c x13:1000097d  PA:1000097d
13641749ns          226580 1c009652 00d7fc63 bgeu             x15, x13, 24        x15:1000097c x13:1000097c
13641809ns          226583 1c00966a 01412783 lw               x15, 20(x2)         x15=00000000  x2:10000958  PA:1000096c
13641829ns          226584 1c00966c 01812603 lw               x12, 24(x2)         x12=00000000  x2:10000958  PA:10000970
13641849ns          226585 1c00966e 419704b3 sub              x9, x14, x25         x9=00000001 x14:1000097d x25:1000097c
13641868ns          226586 1c009672 00c7e7b3 or               x15, x15, x12       x15=00000000 x15:00000000 x12:00000000
13641888ns          226587 1c009674 00f12623 sw               x15, 12(x2)         x15:00000000  x2:10000958  PA:10000964
13641928ns          226589 1c009676 00079363 bne              x15, x0, 6          x15:00000000
13641948ns          226590 1c009678 01f5d593 srli             x11, x11, 0x1f      x11=00000000 x11:00000001
13641968ns          226591 1c00967a 00b12623 sw               x11, 12(x2)         x11:00000000  x2:10000958  PA:10000964
13641988ns          226592 1c00967c e3fa28e3 p.beqimm         x20, -464           x20:ffffffff
13642087ns          226597 1c0094ac 0c800793 addi             x15, x0, 200        x15=000000c8
13642127ns          226599 1c0094b0 9e97d0e3 bge              x15, x9, -1568      x15:000000c8  x9:00000001
13642187ns          226602 1c008e90 0f24d163 bge              x9, x18, 226         x9:00000001 x18:00000000
13642326ns          226609 1c008f72 d00482e3 beq              x9, x0, -764         x9:00000001
13642346ns          226610 1c008f76 01900933 add              x18, x0, x25        x18=1000097c x25:1000097c
13642366ns          226611 1c008f78 419d8db3 sub              x27, x27, x25       x27=effff6a6 x27:00000022 x25:1000097c
13642386ns          226612 1c008f7c 00a0006f jal              x0, 10             
13642445ns          226615 1c008f86 0019450b p.lbu            x10, 1(x18!)        x10=00000031 x18=1000097d x18:1000097c  PA:1000097c
13642465ns          226616 1c008f8a 01a005b3 add              x11, x0, x26        x11=00000002 x26:00000002
13642485ns          226617 1c008f8c 000b00e7 jalr             x1, x22, 0           x1=1c008f8e x22:1c008b94
13642564ns          226621 1c008b94 000026b7 lui              x13, 0x2000         x13=00002000
13642604ns          226623 1c008b96 f14027f3 csrrs            x15, x0, 0xf14      x15=00000001
13642624ns          226624 1c008b9a f8068693 addi             x13, x13, -128      x13=00001f80 x13:00002000
13642684ns          226627 1c008b9e 00379713 slli             x14, x15, 0x3       x14=00000008 x15:00000001
13642704ns          226628 1c008ba2 00279793 slli             x15, x15, 0x2       x15=00000004 x15:00000001
13642724ns          226629 1c008ba4 00d7f7b3 and              x15, x15, x13       x15=00000000 x15:00000004 x13:00001f80
13642743ns          226630 1c008ba6 ee873733 p.bclr           x14, x14, 23, 8     x14=00000008 x14:00000008
13642763ns          226631 1c008baa 1a10f6b7 lui              x13, 0x1a10f000     x13=1a10f000
13642823ns          226634 1c008bae 0ff57513 andi             x10, x10, 255       x10=00000031 x10:00000031
13642843ns          226635 1c008bb2 00d70733 add              x14, x14, x13       x14=1a10f008 x14:00000008 x13:1a10f000
13642863ns          226636 1c008bb4 00a7e723 p.sw             x10, x0(x15)        x10:00000031 x15:00000000  PA:1a10f008
13643181ns          226652 1c008bb8 00000513 addi             x10, x0, 0          x10=00000000
13643201ns          226653 1c008bba 00008067 jalr             x0, x1, 0            x1:1c008f8e
13643241ns          226655 1c008f8e fff48493 addi             x9, x9, -1           x9=00000000  x9:00000001
13643261ns          226656 1c008f90 fff537e3 p.bneimm         x10, -18            x10:00000000
13643340ns          226660 1c008f7e 012d8733 add              x14, x27, x18       x14=00000023 x27:effff6a6 x18:1000097d
13643360ns          226661 1c008f82 5a048b63 beq              x9, x0, 1462         x9:00000000
13643459ns          226666 1c009538 00e00db3 add              x27, x0, x14        x27=00000023 x14:00000023
13643499ns          226668 1c00953a f3cff06f jal              x0, -2244          
13643678ns          226677 1c008c76 00044503 lbu              x10, 0(x8)          x10=0000000a  x8:1c000541  PA:1c000541
13643977ns          226692 1c008c7a 00140413 addi             x8, x8, 1            x8=1c000542  x8:1c000541
13643996ns          226693 1c008c7c 00050e63 beq              x10, x0, 28         x10:0000000a
13644016ns          226694 1c008c7e 02500793 addi             x15, x0, 37         x15=00000025
13644036ns          226695 1c008c82 04f50863 beq              x10, x15, 80        x10:0000000a x15:00000025
13644056ns          226696 1c008c86 01a005b3 add              x11, x0, x26        x11=00000002 x26:00000002
13644076ns          226697 1c008c88 000b00e7 jalr             x1, x22, 0           x1=1c008c8a x22:1c008b94
13644215ns          226704 1c008b94 000026b7 lui              x13, 0x2000         x13=00002000
13644255ns          226706 1c008b96 f14027f3 csrrs            x15, x0, 0xf14      x15=00000001
13644275ns          226707 1c008b9a f8068693 addi             x13, x13, -128      x13=00001f80 x13:00002000
13644295ns          226708 1c008b9e 00379713 slli             x14, x15, 0x3       x14=00000008 x15:00000001
13644315ns          226709 1c008ba2 00279793 slli             x15, x15, 0x2       x15=00000004 x15:00000001
13644335ns          226710 1c008ba4 00d7f7b3 and              x15, x15, x13       x15=00000000 x15:00000004 x13:00001f80
13644354ns          226711 1c008ba6 ee873733 p.bclr           x14, x14, 23, 8     x14=00000008 x14:00000008
13644374ns          226712 1c008baa 1a10f6b7 lui              x13, 0x1a10f000     x13=1a10f000
13644394ns          226713 1c008bae 0ff57513 andi             x10, x10, 255       x10=0000000a x10:0000000a
13644414ns          226714 1c008bb2 00d70733 add              x14, x14, x13       x14=1a10f008 x14:00000008 x13:1a10f000
13644434ns          226715 1c008bb4 00a7e723 p.sw             x10, x0(x15)        x10:0000000a x15:00000000  PA:1a10f008
13644772ns          226732 1c008bb8 00000513 addi             x10, x0, 0          x10=00000000
13644792ns          226733 1c008bba 00008067 jalr             x0, x1, 0            x1:1c008c8a
13644852ns          226736 1c008c8a 31f52563 p.beqimm         x10, 778            x10:00000000
13644872ns          226737 1c008c8e 001d8d93 addi             x27, x27, 1         x27=00000024 x27:00000023
13644891ns          226738 1c008c90 00044503 lbu              x10, 0(x8)          x10=00000000  x8:1c000542  PA:1c000542
13645190ns          226753 1c008c94 00140413 addi             x8, x8, 1            x8=1c000543  x8:1c000542
13645210ns          226754 1c008c96 fe0514e3 bne              x10, x0, -24        x10:00000000
13645229ns          226755 1c008c98 01b00433 add              x8, x0, x27          x8=00000024 x27:00000024
13645249ns          226756 1c008c9a 00800533 add              x10, x0, x8         x10=00000024  x8:00000024
13645269ns          226757 1c008c9c 12c12083 lw               x1, 300(x2)          x1=1c008c28  x2:10000958  PA:10000a84
13645289ns          226758 1c008ca0 12812403 lw               x8, 296(x2)          x8=00000001  x2:10000958  PA:10000a80
13645309ns          226759 1c008ca4 12412483 lw               x9, 292(x2)          x9=00000000  x2:10000958  PA:10000a7c
13645329ns          226760 1c008ca8 12012903 lw               x18, 288(x2)        x18=00000000  x2:10000958  PA:10000a78
13645349ns          226761 1c008cac 11c12983 lw               x19, 284(x2)        x19=00000000  x2:10000958  PA:10000a74
13645747ns          226781 1c008cb0 11812a03 lw               x20, 280(x2)        x20=00000000  x2:10000958  PA:10000a70
13645786ns          226783 1c008cb4 11412a83 lw               x21, 276(x2)        x21=00000000  x2:10000958  PA:10000a6c
13645806ns          226784 1c008cb8 11012b03 lw               x22, 272(x2)        x22=00000000  x2:10000958  PA:10000a68
13645826ns          226785 1c008cbc 10c12b83 lw               x23, 268(x2)        x23=00000000  x2:10000958  PA:10000a64
13646264ns          226807 1c008cc0 10812c03 lw               x24, 264(x2)        x24=00000000  x2:10000958  PA:10000a60
13646303ns          226809 1c008cc4 10412c83 lw               x25, 260(x2)        x25=00000000  x2:10000958  PA:10000a5c
13646323ns          226810 1c008cc8 10012d03 lw               x26, 256(x2)        x26=00000000  x2:10000958  PA:10000a58
13646343ns          226811 1c008ccc 0fc12d83 lw               x27, 252(x2)        x27=00000000  x2:10000958  PA:10000a54
13646363ns          226812 1c008cce 13010113 addi             x2, x2, 304          x2=10000a88  x2:10000958
13646383ns          226813 1c008cd0 00008067 jalr             x0, x1, 0            x1:1c008c28
13646463ns          226817 1c008c28 01c12083 lw               x1, 28(x2)           x1=1c008254  x2:10000a88  PA:10000aa4
13646482ns          226818 1c008c2a 04010113 addi             x2, x2, 64           x2=10000ac8  x2:10000a88
13646522ns          226820 1c008c2c 00008067 jalr             x0, x1, 0            x1:1c008254
13647019ns          226845 1c008254 437010ef jal              x1, 7222             x1=1c008258
13647517ns          226870 1c009e8a f14027f3 csrrs            x15, x0, 0xf14      x15=00000001
13647536ns          226871 1c009e8e 01f00713 addi             x14, x0, 31         x14=0000001f
13647954ns          226892 1c009e90 ca5797b3 p.extractu       x15, x15, 5, 5      x15=00000000 x15:00000001
13647994ns          226894 1c009e94 00e78863 beq              x15, x14, 16        x15:00000000 x14:0000001f
13648014ns          226895 1c009e98 002047b7 lui              x15, 0x204000       x15=00204000
13648034ns          226896 1c009e9c 20078793 addi             x15, x15, 512       x15=00204200 x15:00204000
13648471ns          226918 1c009ea0 01c7e703 p.elw            x14, 28(x15)        x14=00010000 x15:00204200  PA:0020421c
13648730ns          226931 1c009ea4 00008067 jalr             x0, x1, 0            x1:1c008258
13649028ns          226946 1c008258 02040763 beq              x8, x0, 46           x8:00000001
13649048ns          226947 1c00825a 431010ef jal              x1, 7216             x1=1c00825e
13649565ns          226973 1c009e8a f14027f3 csrrs            x15, x0, 0xf14      x15=00000001
13649585ns          226974 1c009e8e 01f00713 addi             x14, x0, 31         x14=0000001f
13649605ns          226975 1c009e90 ca5797b3 p.extractu       x15, x15, 5, 5      x15=00000000 x15:00000001
13649625ns          226976 1c009e94 00e78863 beq              x15, x14, 16        x15:00000000 x14:0000001f
13649645ns          226977 1c009e98 002047b7 lui              x15, 0x204000       x15=00204000
13649665ns          226978 1c009e9c 20078793 addi             x15, x15, 512       x15=00204200 x15:00204000
13649684ns          226979 1c009ea0 01c7e703 p.elw            x14, 28(x15)        x14=00010000 x15:00204200  PA:0020421c
15310255ns          310035 1c009ea4 00008067 jalr             x0, x1, 0            x1:1c00825e
15310315ns          310038 1c00825e 52c12083 lw               x1, 1324(x2)         x1=1c009d5c  x2:10000ac8  PA:10000ff4
15310335ns          310039 1c008262 52812403 lw               x8, 1320(x2)         x8=00000000  x2:10000ac8  PA:10000ff0
15310355ns          310040 1c008266 52412483 lw               x9, 1316(x2)         x9=00000000  x2:10000ac8  PA:10000fec
15310375ns          310041 1c00826a 52012903 lw               x18, 1312(x2)       x18=00000000  x2:10000ac8  PA:10000fe8
15310997ns          310072 1c00826e 51c12983 lw               x19, 1308(x2)       x19=00000000  x2:10000ac8  PA:10000fe4
15311037ns          310074 1c008272 51812a03 lw               x20, 1304(x2)       x20=00000000  x2:10000ac8  PA:10000fe0
15311057ns          310075 1c008276 51412a83 lw               x21, 1300(x2)       x21=00000000  x2:10000ac8  PA:10000fdc
15311077ns          310076 1c00827a 51012b03 lw               x22, 1296(x2)       x22=00000000  x2:10000ac8  PA:10000fd8
15311097ns          310077 1c00827e 00100513 addi             x10, x0, 1          x10=00000001
15311137ns          310079 1c008280 53010113 addi             x2, x2, 1328         x2=10000ff8  x2:10000ac8
15311178ns          310081 1c008284 00008067 jalr             x0, x1, 0            x1:1c009d5c
15311258ns          310085 1c009d5c 01f00713 addi             x14, x0, 31         x14=0000001f
15311659ns          310105 1c009d5e f14027f3 csrrs            x15, x0, 0xf14      x15=00000001
15311699ns          310107 1c009d62 ca5797b3 p.extractu       x15, x15, 5, 5      x15=00000000 x15:00000001
15311719ns          310108 1c009d66 00e78863 beq              x15, x14, 16        x15:00000000 x14:0000001f
15311739ns          310109 1c009d6a 002047b7 lui              x15, 0x204000       x15=00204000
15312241ns          310134 1c009d6e 20078793 addi             x15, x15, 512       x15=00204200 x15:00204000
15312281ns          310136 1c009d72 01c7e703 p.elw            x14, 28(x15)        x14=00010000 x15:00204200  PA:0020421c
15312401ns          310142 1c009d76 f14027f3 csrrs            x15, x0, 0xf14      x15=00000001
15312421ns          310143 1c009d7a f457b7b3 p.bclr           x15, x15, 26, 5     x15=00000001 x15:00000001
15312442ns          310144 1c009d7e 00079963 bne              x15, x0, 18         x15:00000001
15313224ns          310183 1c009d90 002047b7 lui              x15, 0x204000       x15=00204000
15313264ns          310185 1c009d94 fff00713 addi             x14, x0, -1         x14=ffffffff
15313284ns          310186 1c009d96 00e7a223 sw               x14, 4(x15)         x14:ffffffff x15:00204000  PA:00204004
