                Time          Cycles PC       Instr    Mnemonic
13435411ns          216205 1c008080 000000b7 lui              x1, 0x0              x1=00000000
13435451ns          216207 1c008084 00000137 lui              x2, 0x0              x2=00000000
13435471ns          216208 1c008088 000001b7 lui              x3, 0x0              x3=00000000
13435491ns          216209 1c00808c 00000237 lui              x4, 0x0              x4=00000000
13435928ns          216231 1c008090 000002b7 lui              x5, 0x0              x5=00000000
13435968ns          216233 1c008094 00000337 lui              x6, 0x0              x6=00000000
13435988ns          216234 1c008098 000003b7 lui              x7, 0x0              x7=00000000
13436008ns          216235 1c00809c 00000437 lui              x8, 0x0              x8=00000000
13436445ns          216257 1c0080a0 000004b7 lui              x9, 0x0              x9=00000000
13436485ns          216259 1c0080a4 00000537 lui              x10, 0x0            x10=00000000
13436505ns          216260 1c0080a8 000005b7 lui              x11, 0x0            x11=00000000
13436525ns          216261 1c0080ac 00000637 lui              x12, 0x0            x12=00000000
13436982ns          216284 1c0080b0 000006b7 lui              x13, 0x0            x13=00000000
13437022ns          216286 1c0080b4 00000737 lui              x14, 0x0            x14=00000000
13437042ns          216287 1c0080b8 000007b7 lui              x15, 0x0            x15=00000000
13437062ns          216288 1c0080bc 00000837 lui              x16, 0x0            x16=00000000
13437499ns          216310 1c0080c0 000008b7 lui              x17, 0x0            x17=00000000
13437539ns          216312 1c0080c4 00000937 lui              x18, 0x0            x18=00000000
13437559ns          216313 1c0080c8 000009b7 lui              x19, 0x0            x19=00000000
13437579ns          216314 1c0080cc 00000a37 lui              x20, 0x0            x20=00000000
13438016ns          216336 1c0080d0 00000ab7 lui              x21, 0x0            x21=00000000
13438056ns          216338 1c0080d4 00000b37 lui              x22, 0x0            x22=00000000
13438076ns          216339 1c0080d8 00000bb7 lui              x23, 0x0            x23=00000000
13438096ns          216340 1c0080dc 00000c37 lui              x24, 0x0            x24=00000000
13438534ns          216362 1c0080e0 00000cb7 lui              x25, 0x0            x25=00000000
13438573ns          216364 1c0080e4 00000d37 lui              x26, 0x0            x26=00000000
13438593ns          216365 1c0080e8 00000db7 lui              x27, 0x0            x27=00000000
13438613ns          216366 1c0080ec 00000e37 lui              x28, 0x0            x28=00000000
13439051ns          216388 1c0080f0 00000eb7 lui              x29, 0x0            x29=00000000
13439090ns          216390 1c0080f4 00000f37 lui              x30, 0x0            x30=00000000
13439110ns          216391 1c0080f8 00000fb7 lui              x31, 0x0            x31=00000000
13439130ns          216392 1c0080fc 0700006f jal              x0, 112            
13440045ns          216438 1c00816c f1402573 csrrs            x10, x0, 0xf14      x10=00000007
13440502ns          216461 1c008170 01f57593 andi             x11, x10, 31        x11=00000007 x10:00000007
13440542ns          216463 1c008174 00555513 srli             x10, x10, 0x5       x10=00000000 x10:00000007
13440562ns          216464 1c008176 01f00613 addi             x12, x0, 31         x12=0000001f
13440582ns          216465 1c008178 00c50463 beq              x10, x12, 8         x10:00000000 x12:0000001f
13440602ns          216466 1c00817c f95ff06f jal              x0, -108           
13441497ns          216511 1c008110 f3ff8117 auipc            x2, 0xf3ff8000       x2=10000110
13441537ns          216513 1c008114 ef410113 addi             x2, x2, -268         x2=10000004  x2:10000110
13441556ns          216514 1c008118 00012103 lw               x2, 0(x2)            x2=10000008  x2:10000004  PA:10000004
13441576ns          216515 1c00811c 000011b7 lui              x3, 0x1000           x3=00001000
13442014ns          216537 1c008120 80018193 addi             x3, x3, -2048        x3=00000800  x3:00001000
13442054ns          216539 1c008124 00158593 addi             x11, x11, 1         x11=00000008 x11:00000007
13442074ns          216540 1c008128 02b180b3 mul              x1, x3, x11          x1=00004000  x3:00000800 x11:00000008
13442093ns          216541 1c00812c 00110133 add              x2, x2, x1           x2=10004008  x2:10000008  x1:00004000
13442531ns          216563 1c008130 3f30106f jal              x0, 7154           
13442988ns          216586 1c009d22 ff010113 addi             x2, x2, -16          x2=10003ff8  x2:10004008
13443028ns          216588 1c009d24 00112623 sw               x1, 12(x2)           x1:00004000  x2:10003ff8  PA:10004004
13443048ns          216589 1c009d26 002047b7 lui              x15, 0x204000       x15=00204000
13443068ns          216590 1c009d2a 00070737 lui              x14, 0x70000        x14=00070000
13443088ns          216591 1c009d2e 00e7a423 sw               x14, 8(x15)         x14:00070000 x15:00204000  PA:00204008
13443525ns          216613 1c009d30 0ff00713 addi             x14, x0, 255        x14=000000ff
13443565ns          216615 1c009d34 20078793 addi             x15, x15, 512       x15=00204200 x15:00204000
13443585ns          216616 1c009d38 00e7a023 sw               x14, 0(x15)         x14:000000ff x15:00204200  PA:00204200
13443704ns          216622 1c009d3c 00e7a623 sw               x14, 12(x15)        x14:000000ff x15:00204200  PA:0020420c
13444042ns          216639 1c009d40 01f00693 addi             x13, x0, 31         x13=0000001f
13444082ns          216641 1c009d42 f1402773 csrrs            x14, x0, 0xf14      x14=00000007
13444102ns          216642 1c009d46 ca571733 p.extractu       x14, x14, 5, 5      x14=00000000 x14:00000007
13444122ns          216643 1c009d4a 00d70463 beq              x14, x13, 8         x14:00000000 x13:0000001f
13444560ns          216665 1c009d4e 01c7e703 p.elw            x14, 28(x15)        x14=00010000 x15:00204200  PA:0020421c
13444679ns          216671 1c009d52 1c0017b7 lui              x15, 0x1c001000     x15=1c001000
13444699ns          216672 1c009d56 e347a783 lw               x15, -460(x15)      x15=1c0081c6 x15:1c001000  PA:1c000e34
13445335ns          216704 1c009d5a 000780e7 jalr             x1, x15, 0           x1=1c009d5c x15:1c0081c6
13445852ns          216730 1c0081c6 1c0007b7 lui              x15, 0x1c000000     x15=1c000000
13445872ns          216731 1c0081ca ad010113 addi             x2, x2, -1328        x2=10003ac8  x2:10003ff8
13446330ns          216754 1c0081ce 01c78793 addi             x15, x15, 28        x15=1c00001c x15:1c000000
13446369ns          216756 1c0081d2 52112623 sw               x1, 1324(x2)         x1:1c009d5c  x2:10003ac8  PA:10003ff4
13446389ns          216757 1c0081d6 52812423 sw               x8, 1320(x2)         x8:00000000  x2:10003ac8  PA:10003ff0
13446409ns          216758 1c0081da 52912223 sw               x9, 1316(x2)         x9:00000000  x2:10003ac8  PA:10003fec
13446847ns          216780 1c0081de 53212023 sw               x18, 1312(x2)       x18:00000000  x2:10003ac8  PA:10003fe8
13446886ns          216782 1c0081e2 51312e23 sw               x19, 1308(x2)       x19:00000000  x2:10003ac8  PA:10003fe4
13446906ns          216783 1c0081e6 51412c23 sw               x20, 1304(x2)       x20:00000000  x2:10003ac8  PA:10003fe0
13446926ns          216784 1c0081ea 51512a23 sw               x21, 1300(x2)       x21:00000000  x2:10003ac8  PA:10003fdc
13447364ns          216806 1c0081ee 51612823 sw               x22, 1296(x2)       x22:00000000  x2:10003ac8  PA:10003fd8
13447384ns          216807 1c0081f2 01010713 addi             x14, x2, 16         x14=10003ad8  x2:10003ac8
13447404ns          216808 1c0081f4 28078613 addi             x12, x15, 640       x12=1c00029c x15:1c00001c
13447423ns          216809 1c0081f8 0287d0fb lp.setupi        0x1, 0x28, 0xf     
13447443ns          216810 1c0081fc 0007a883 lw               x17, 0(x15)         x17=0e590eac x15:1c00001c  PA:1c00001c
13447941ns          216835 1c008200 0047a803 lw               x16, 4(x15)         x16=009e0386 x15:1c00001c  PA:1c000020
13448318ns          216854 1c008204 0087a503 lw               x10, 8(x15)         x10=0eb50814 x15:1c00001c  PA:1c000024
13448637ns          216870 1c008206 00c7a583 lw               x11, 12(x15)        x11=02f60cd6 x15:1c00001c  PA:1c000028
13449034ns          216890 1c008208 01172023 sw               x17, 0(x14)         x17:0e590eac x14:10003ad8  PA:10003ad8
13449054ns          216891 1c00820c 01072223 sw               x16, 4(x14)         x16:009e0386 x14:10003ad8  PA:10003adc
13449074ns          216892 1c008210 00a72423 sw               x10, 8(x14)         x10:0eb50814 x14:10003ad8  PA:10003ae0
13449094ns          216893 1c008212 00b72623 sw               x11, 12(x14)        x11:02f60cd6 x14:10003ad8  PA:10003ae4
13449114ns          216894 1c008214 01078793 addi             x15, x15, 16        x15=1c00002c x15:1c00001c
13449134ns          216895 1c008216 01070713 addi             x14, x14, 16        x14=10003ae8 x14:10003ad8
13449472ns          216912 1c0081fc 0007a883 lw               x17, 0(x15)         x17=0b450a59 x15:1c00002c  PA:1c00002c
13449969ns          216937 1c008200 0047a803 lw               x16, 4(x15)         x16=060c097a x15:1c00002c  PA:1c000030
13450367ns          216957 1c008204 0087a503 lw               x10, 8(x15)         x10=08700afa x15:1c00002c  PA:1c000034
13450765ns          216977 1c008206 00c7a583 lw               x11, 12(x15)        x11=02ba0d87 x15:1c00002c  PA:1c000038
13451162ns          216997 1c008208 01172023 sw               x17, 0(x14)         x17:0b450a59 x14:10003ae8  PA:10003ae8
13451182ns          216998 1c00820c 01072223 sw               x16, 4(x14)         x16:060c097a x14:10003ae8  PA:10003aec
13451202ns          216999 1c008210 00a72423 sw               x10, 8(x14)         x10:08700afa x14:10003ae8  PA:10003af0
13451222ns          217000 1c008212 00b72623 sw               x11, 12(x14)        x11:02ba0d87 x14:10003ae8  PA:10003af4
13451242ns          217001 1c008214 01078793 addi             x15, x15, 16        x15=1c00003c x15:1c00002c
13451262ns          217002 1c008216 01070713 addi             x14, x14, 16        x14=10003af8 x14:10003ae8
13451282ns          217003 1c0081fc 0007a883 lw               x17, 0(x15)         x17=0ccb0ef9 x15:1c00003c  PA:1c00003c
13451580ns          217018 1c008200 0047a803 lw               x16, 4(x15)         x16=0c44086a x15:1c00003c  PA:1c000040
13451878ns          217033 1c008204 0087a503 lw               x10, 8(x15)         x10=01f000cb x15:1c00003c  PA:1c000044
13452177ns          217048 1c008206 00c7a583 lw               x11, 12(x15)        x11=00770ef7 x15:1c00003c  PA:1c000048
13452475ns          217063 1c008208 01172023 sw               x17, 0(x14)         x17:0ccb0ef9 x14:10003af8  PA:10003af8
13452495ns          217064 1c00820c 01072223 sw               x16, 4(x14)         x16:0c44086a x14:10003af8  PA:10003afc
13452515ns          217065 1c008210 00a72423 sw               x10, 8(x14)         x10:01f000cb x14:10003af8  PA:10003b00
13452535ns          217066 1c008212 00b72623 sw               x11, 12(x14)        x11:00770ef7 x14:10003af8  PA:10003b04
13452555ns          217067 1c008214 01078793 addi             x15, x15, 16        x15=1c00004c x15:1c00003c
13452574ns          217068 1c008216 01070713 addi             x14, x14, 16        x14=10003b08 x14:10003af8
13452594ns          217069 1c0081fc 0007a883 lw               x17, 0(x15)         x17=0a270eb9 x15:1c00004c  PA:1c00004c
13452913ns          217085 1c008200 0047a803 lw               x16, 4(x15)         x16=00370d49 x15:1c00004c  PA:1c000050
13453310ns          217105 1c008204 0087a503 lw               x10, 8(x15)         x10=0af30b46 x15:1c00004c  PA:1c000054
13453708ns          217125 1c008206 00c7a583 lw               x11, 12(x15)        x11=049001e8 x15:1c00004c  PA:1c000058
13454126ns          217146 1c008208 01172023 sw               x17, 0(x14)         x17:0a270eb9 x14:10003b08  PA:10003b08
13454146ns          217147 1c00820c 01072223 sw               x16, 4(x14)         x16:00370d49 x14:10003b08  PA:10003b0c
13454165ns          217148 1c008210 00a72423 sw               x10, 8(x14)         x10:0af30b46 x14:10003b08  PA:10003b10
13454185ns          217149 1c008212 00b72623 sw               x11, 12(x14)        x11:049001e8 x14:10003b08  PA:10003b14
13454205ns          217150 1c008214 01078793 addi             x15, x15, 16        x15=1c00005c x15:1c00004c
13454225ns          217151 1c008216 01070713 addi             x14, x14, 16        x14=10003b18 x14:10003b08
13454245ns          217152 1c0081fc 0007a883 lw               x17, 0(x15)         x17=08d200d0 x15:1c00005c  PA:1c00005c
13454543ns          217167 1c008200 0047a803 lw               x16, 4(x15)         x16=0f0d0354 x15:1c00005c  PA:1c000060
13454842ns          217182 1c008204 0087a503 lw               x10, 8(x15)         x10=087a0ca7 x15:1c00005c  PA:1c000064
13455160ns          217198 1c008206 00c7a583 lw               x11, 12(x15)        x11=0f4f002c x15:1c00005c  PA:1c000068
13455458ns          217213 1c008208 01172023 sw               x17, 0(x14)         x17:08d200d0 x14:10003b18  PA:10003b18
13455478ns          217214 1c00820c 01072223 sw               x16, 4(x14)         x16:0f0d0354 x14:10003b18  PA:10003b1c
13455498ns          217215 1c008210 00a72423 sw               x10, 8(x14)         x10:087a0ca7 x14:10003b18  PA:10003b20
13455518ns          217216 1c008212 00b72623 sw               x11, 12(x14)        x11:0f4f002c x14:10003b18  PA:10003b24
13455538ns          217217 1c008214 01078793 addi             x15, x15, 16        x15=1c00006c x15:1c00005c
13455558ns          217218 1c008216 01070713 addi             x14, x14, 16        x14=10003b28 x14:10003b18
13455578ns          217219 1c0081fc 0007a883 lw               x17, 0(x15)         x17=02620649 x15:1c00006c  PA:1c00006c
13455955ns          217238 1c008200 0047a803 lw               x16, 4(x15)         x16=0c740657 x15:1c00006c  PA:1c000070
13456353ns          217258 1c008204 0087a503 lw               x10, 8(x15)         x10=02d10a02 x15:1c00006c  PA:1c000074
13456771ns          217279 1c008206 00c7a583 lw               x11, 12(x15)        x11=01740b50 x15:1c00006c  PA:1c000078
13457129ns          217297 1c008208 01172023 sw               x17, 0(x14)         x17:02620649 x14:10003b28  PA:10003b28
13457149ns          217298 1c00820c 01072223 sw               x16, 4(x14)         x16:0c740657 x14:10003b28  PA:10003b2c
13457169ns          217299 1c008210 00a72423 sw               x10, 8(x14)         x10:02d10a02 x14:10003b28  PA:10003b30
13457188ns          217300 1c008212 00b72623 sw               x11, 12(x14)        x11:01740b50 x14:10003b28  PA:10003b34
13457208ns          217301 1c008214 01078793 addi             x15, x15, 16        x15=1c00007c x15:1c00006c
13457228ns          217302 1c008216 01070713 addi             x14, x14, 16        x14=10003b38 x14:10003b28
13457248ns          217303 1c0081fc 0007a883 lw               x17, 0(x15)         x17=0c0c0778 x15:1c00007c  PA:1c00007c
13457566ns          217319 1c008200 0047a803 lw               x16, 4(x15)         x16=0ef400c1 x15:1c00007c  PA:1c000080
13457885ns          217335 1c008204 0087a503 lw               x10, 8(x15)         x10=04780790 x15:1c00007c  PA:1c000084
13458183ns          217350 1c008206 00c7a583 lw               x11, 12(x15)        x11=0b29036f x15:1c00007c  PA:1c000088
13458501ns          217366 1c008208 01172023 sw               x17, 0(x14)         x17:0c0c0778 x14:10003b38  PA:10003b38
13458521ns          217367 1c00820c 01072223 sw               x16, 4(x14)         x16:0ef400c1 x14:10003b38  PA:10003b3c
13458541ns          217368 1c008210 00a72423 sw               x10, 8(x14)         x10:04780790 x14:10003b38  PA:10003b40
13458561ns          217369 1c008212 00b72623 sw               x11, 12(x14)        x11:0b29036f x14:10003b38  PA:10003b44
13458581ns          217370 1c008214 01078793 addi             x15, x15, 16        x15=1c00008c x15:1c00007c
13458600ns          217371 1c008216 01070713 addi             x14, x14, 16        x14=10003b48 x14:10003b38
13458620ns          217372 1c0081fc 0007a883 lw               x17, 0(x15)         x17=05ce0329 x15:1c00008c  PA:1c00008c
13458958ns          217389 1c008200 0047a803 lw               x16, 4(x15)         x16=07bc0b75 x15:1c00008c  PA:1c000090
13459376ns          217410 1c008204 0087a503 lw               x10, 8(x15)         x10=0a9f079e x15:1c00008c  PA:1c000094
13459774ns          217430 1c008206 00c7a583 lw               x11, 12(x15)        x11=018e0819 x15:1c00008c  PA:1c000098
13460072ns          217445 1c008208 01172023 sw               x17, 0(x14)         x17:05ce0329 x14:10003b48  PA:10003b48
13460092ns          217446 1c00820c 01072223 sw               x16, 4(x14)         x16:07bc0b75 x14:10003b48  PA:10003b4c
13460112ns          217447 1c008210 00a72423 sw               x10, 8(x14)         x10:0a9f079e x14:10003b48  PA:10003b50
13460132ns          217448 1c008212 00b72623 sw               x11, 12(x14)        x11:018e0819 x14:10003b48  PA:10003b54
13460152ns          217449 1c008214 01078793 addi             x15, x15, 16        x15=1c00009c x15:1c00008c
13460172ns          217450 1c008216 01070713 addi             x14, x14, 16        x14=10003b58 x14:10003b48
13460192ns          217451 1c0081fc 0007a883 lw               x17, 0(x15)         x17=0cbf0b8d x15:1c00009c  PA:1c00009c
13460530ns          217468 1c008200 0047a803 lw               x16, 4(x15)         x16=0b0005ee x15:1c00009c  PA:1c0000a0
13460927ns          217488 1c008204 0087a503 lw               x10, 8(x15)         x10=094a0b4e x15:1c00009c  PA:1c0000a4
13461325ns          217508 1c008206 00c7a583 lw               x11, 12(x15)        x11=03d006b2 x15:1c00009c  PA:1c0000a8
13461623ns          217523 1c008208 01172023 sw               x17, 0(x14)         x17:0cbf0b8d x14:10003b58  PA:10003b58
13461643ns          217524 1c00820c 01072223 sw               x16, 4(x14)         x16:0b0005ee x14:10003b58  PA:10003b5c
13461663ns          217525 1c008210 00a72423 sw               x10, 8(x14)         x10:094a0b4e x14:10003b58  PA:10003b60
13461683ns          217526 1c008212 00b72623 sw               x11, 12(x14)        x11:03d006b2 x14:10003b58  PA:10003b64
13461703ns          217527 1c008214 01078793 addi             x15, x15, 16        x15=1c0000ac x15:1c00009c
13461723ns          217528 1c008216 01070713 addi             x14, x14, 16        x14=10003b68 x14:10003b58
13461743ns          217529 1c0081fc 0007a883 lw               x17, 0(x15)         x17=0f0f0fd0 x15:1c0000ac  PA:1c0000ac
13462041ns          217544 1c008200 0047a803 lw               x16, 4(x15)         x16=0a8801c9 x15:1c0000ac  PA:1c0000b0
13462339ns          217559 1c008204 0087a503 lw               x10, 8(x15)         x10=06140441 x15:1c0000ac  PA:1c0000b4
13462638ns          217574 1c008206 00c7a583 lw               x11, 12(x15)        x11=0c62004b x15:1c0000ac  PA:1c0000b8
13462996ns          217592 1c008208 01172023 sw               x17, 0(x14)         x17:0f0f0fd0 x14:10003b68  PA:10003b68
13463016ns          217593 1c00820c 01072223 sw               x16, 4(x14)         x16:0a8801c9 x14:10003b68  PA:10003b6c
13463036ns          217594 1c008210 00a72423 sw               x10, 8(x14)         x10:06140441 x14:10003b68  PA:10003b70
13463055ns          217595 1c008212 00b72623 sw               x11, 12(x14)        x11:0c62004b x14:10003b68  PA:10003b74
13463075ns          217596 1c008214 01078793 addi             x15, x15, 16        x15=1c0000bc x15:1c0000ac
13463095ns          217597 1c008216 01070713 addi             x14, x14, 16        x14=10003b78 x14:10003b68
13463115ns          217598 1c0081fc 0007a883 lw               x17, 0(x15)         x17=0d5d0649 x15:1c0000bc  PA:1c0000bc
13463453ns          217615 1c008200 0047a803 lw               x16, 4(x15)         x16=01f50d4f x15:1c0000bc  PA:1c0000c0
13463851ns          217635 1c008204 0087a503 lw               x10, 8(x15)         x10=0f020523 x15:1c0000bc  PA:1c0000c4
13464249ns          217655 1c008206 00c7a583 lw               x11, 12(x15)        x11=03c608aa x15:1c0000bc  PA:1c0000c8
13464547ns          217670 1c008208 01172023 sw               x17, 0(x14)         x17:0d5d0649 x14:10003b78  PA:10003b78
13464567ns          217671 1c00820c 01072223 sw               x16, 4(x14)         x16:01f50d4f x14:10003b78  PA:10003b7c
13464587ns          217672 1c008210 00a72423 sw               x10, 8(x14)         x10:0f020523 x14:10003b78  PA:10003b80
13464607ns          217673 1c008212 00b72623 sw               x11, 12(x14)        x11:03c608aa x14:10003b78  PA:10003b84
13464627ns          217674 1c008214 01078793 addi             x15, x15, 16        x15=1c0000cc x15:1c0000bc
13464646ns          217675 1c008216 01070713 addi             x14, x14, 16        x14=10003b88 x14:10003b78
13464666ns          217676 1c0081fc 0007a883 lw               x17, 0(x15)         x17=004909b8 x15:1c0000cc  PA:1c0000cc
13464965ns          217691 1c008200 0047a803 lw               x16, 4(x15)         x16=01430185 x15:1c0000cc  PA:1c0000d0
13465263ns          217706 1c008204 0087a503 lw               x10, 8(x15)         x10=0253007a x15:1c0000cc  PA:1c0000d4
13465561ns          217721 1c008206 00c7a583 lw               x11, 12(x15)        x11=07d70eb3 x15:1c0000cc  PA:1c0000d8
13465939ns          217740 1c008208 01172023 sw               x17, 0(x14)         x17:004909b8 x14:10003b88  PA:10003b88
13465959ns          217741 1c00820c 01072223 sw               x16, 4(x14)         x16:01430185 x14:10003b88  PA:10003b8c
13465979ns          217742 1c008210 00a72423 sw               x10, 8(x14)         x10:0253007a x14:10003b88  PA:10003b90
13465999ns          217743 1c008212 00b72623 sw               x11, 12(x14)        x11:07d70eb3 x14:10003b88  PA:10003b94
13466019ns          217744 1c008214 01078793 addi             x15, x15, 16        x15=1c0000dc x15:1c0000cc
13466039ns          217745 1c008216 01070713 addi             x14, x14, 16        x14=10003b98 x14:10003b88
13466058ns          217746 1c0081fc 0007a883 lw               x17, 0(x15)         x17=0c4b0938 x15:1c0000dc  PA:1c0000dc
13466436ns          217765 1c008200 0047a803 lw               x16, 4(x15)         x16=0fff047a x15:1c0000dc  PA:1c0000e0
13466834ns          217785 1c008204 0087a503 lw               x10, 8(x15)         x10=02de0f03 x15:1c0000dc  PA:1c0000e4
13467252ns          217806 1c008206 00c7a583 lw               x11, 12(x15)        x11=04dc0393 x15:1c0000dc  PA:1c0000e8
13467550ns          217821 1c008208 01172023 sw               x17, 0(x14)         x17:0c4b0938 x14:10003b98  PA:10003b98
13467570ns          217822 1c00820c 01072223 sw               x16, 4(x14)         x16:0fff047a x14:10003b98  PA:10003b9c
13467590ns          217823 1c008210 00a72423 sw               x10, 8(x14)         x10:02de0f03 x14:10003b98  PA:10003ba0
13467610ns          217824 1c008212 00b72623 sw               x11, 12(x14)        x11:04dc0393 x14:10003b98  PA:10003ba4
13467630ns          217825 1c008214 01078793 addi             x15, x15, 16        x15=1c0000ec x15:1c0000dc
13467650ns          217826 1c008216 01070713 addi             x14, x14, 16        x14=10003ba8 x14:10003b98
13467669ns          217827 1c0081fc 0007a883 lw               x17, 0(x15)         x17=0e1807a5 x15:1c0000ec  PA:1c0000ec
13468047ns          217846 1c008200 0047a803 lw               x16, 4(x15)         x16=090e009d x15:1c0000ec  PA:1c0000f0
13468465ns          217867 1c008204 0087a503 lw               x10, 8(x15)         x10=0c9c0004 x15:1c0000ec  PA:1c0000f4
13468863ns          217887 1c008206 00c7a583 lw               x11, 12(x15)        x11=068d0927 x15:1c0000ec  PA:1c0000f8
13469161ns          217902 1c008208 01172023 sw               x17, 0(x14)         x17:0e1807a5 x14:10003ba8  PA:10003ba8
13469181ns          217903 1c00820c 01072223 sw               x16, 4(x14)         x16:090e009d x14:10003ba8  PA:10003bac
13469201ns          217904 1c008210 00a72423 sw               x10, 8(x14)         x10:0c9c0004 x14:10003ba8  PA:10003bb0
13469221ns          217905 1c008212 00b72623 sw               x11, 12(x14)        x11:068d0927 x14:10003ba8  PA:10003bb4
13469241ns          217906 1c008214 01078793 addi             x15, x15, 16        x15=1c0000fc x15:1c0000ec
13469260ns          217907 1c008216 01070713 addi             x14, x14, 16        x14=10003bb8 x14:10003ba8
13469280ns          217908 1c0081fc 0007a883 lw               x17, 0(x15)         x17=005c05f9 x15:1c0000fc  PA:1c0000fc
13469579ns          217923 1c008200 0047a803 lw               x16, 4(x15)         x16=0fa7077f x15:1c0000fc  PA:1c000100
13469877ns          217938 1c008204 0087a503 lw               x10, 8(x15)         x10=00e205e8 x15:1c0000fc  PA:1c000104
13470175ns          217953 1c008206 00c7a583 lw               x11, 12(x15)        x11=00b1007e x15:1c0000fc  PA:1c000108
13470474ns          217968 1c008208 01172023 sw               x17, 0(x14)         x17:005c05f9 x14:10003bb8  PA:10003bb8
13470494ns          217969 1c00820c 01072223 sw               x16, 4(x14)         x16:0fa7077f x14:10003bb8  PA:10003bbc
13470513ns          217970 1c008210 00a72423 sw               x10, 8(x14)         x10:00e205e8 x14:10003bb8  PA:10003bc0
13470533ns          217971 1c008212 00b72623 sw               x11, 12(x14)        x11:00b1007e x14:10003bb8  PA:10003bc4
13470553ns          217972 1c008214 01078793 addi             x15, x15, 16        x15=1c00010c x15:1c0000fc
13470573ns          217973 1c008216 01070713 addi             x14, x14, 16        x14=10003bc8 x14:10003bb8
13470593ns          217974 1c0081fc 0007a883 lw               x17, 0(x15)         x17=042c0bb9 x15:1c00010c  PA:1c00010c
13470891ns          217989 1c008200 0047a803 lw               x16, 4(x15)         x16=0365082e x15:1c00010c  PA:1c000110
13471209ns          218005 1c008204 0087a503 lw               x10, 8(x15)         x10=01ea0ee3 x15:1c00010c  PA:1c000114
13471607ns          218025 1c008206 00c7a583 lw               x11, 12(x15)        x11=0ed10e70 x15:1c00010c  PA:1c000118
13471906ns          218040 1c008208 01172023 sw               x17, 0(x14)         x17:042c0bb9 x14:10003bc8  PA:10003bc8
13471925ns          218041 1c00820c 01072223 sw               x16, 4(x14)         x16:0365082e x14:10003bc8  PA:10003bcc
13471945ns          218042 1c008210 00a72423 sw               x10, 8(x14)         x10:01ea0ee3 x14:10003bc8  PA:10003bd0
13471965ns          218043 1c008212 00b72623 sw               x11, 12(x14)        x11:0ed10e70 x14:10003bc8  PA:10003bd4
13471985ns          218044 1c008214 01078793 addi             x15, x15, 16        x15=1c00011c x15:1c00010c
13472005ns          218045 1c008216 01070713 addi             x14, x14, 16        x14=10003bd8 x14:10003bc8
13472025ns          218046 1c0081fc 0007a883 lw               x17, 0(x15)         x17=0958082a x15:1c00011c  PA:1c00011c
13472343ns          218062 1c008200 0047a803 lw               x16, 4(x15)         x16=0d870007 x15:1c00011c  PA:1c000120
13472641ns          218077 1c008204 0087a503 lw               x10, 8(x15)         x10=0aab0fee x15:1c00011c  PA:1c000124
13472940ns          218092 1c008206 00c7a583 lw               x11, 12(x15)        x11=060e0a24 x15:1c00011c  PA:1c000128
13473238ns          218107 1c008208 01172023 sw               x17, 0(x14)         x17:0958082a x14:10003bd8  PA:10003bd8
13473258ns          218108 1c00820c 01072223 sw               x16, 4(x14)         x16:0d870007 x14:10003bd8  PA:10003bdc
13473278ns          218109 1c008210 00a72423 sw               x10, 8(x14)         x10:0aab0fee x14:10003bd8  PA:10003be0
13473298ns          218110 1c008212 00b72623 sw               x11, 12(x14)        x11:060e0a24 x14:10003bd8  PA:10003be4
13473318ns          218111 1c008214 01078793 addi             x15, x15, 16        x15=1c00012c x15:1c00011c
13473338ns          218112 1c008216 01070713 addi             x14, x14, 16        x14=10003be8 x14:10003bd8
13473357ns          218113 1c0081fc 0007a883 lw               x17, 0(x15)         x17=07370a46 x15:1c00012c  PA:1c00012c
13473676ns          218129 1c008200 0047a803 lw               x16, 4(x15)         x16=089e0b7f x15:1c00012c  PA:1c000130
13473974ns          218144 1c008204 0087a503 lw               x10, 8(x15)         x10=032f0eb2 x15:1c00012c  PA:1c000134
13474272ns          218159 1c008206 00c7a583 lw               x11, 12(x15)        x11=012a0bf8 x15:1c00012c  PA:1c000138
13474571ns          218174 1c008208 01172023 sw               x17, 0(x14)         x17:07370a46 x14:10003be8  PA:10003be8
13474590ns          218175 1c00820c 01072223 sw               x16, 4(x14)         x16:089e0b7f x14:10003be8  PA:10003bec
13474610ns          218176 1c008210 00a72423 sw               x10, 8(x14)         x10:032f0eb2 x14:10003be8  PA:10003bf0
13474630ns          218177 1c008212 00b72623 sw               x11, 12(x14)        x11:012a0bf8 x14:10003be8  PA:10003bf4
13474650ns          218178 1c008214 01078793 addi             x15, x15, 16        x15=1c00013c x15:1c00012c
13474670ns          218179 1c008216 01070713 addi             x14, x14, 16        x14=10003bf8 x14:10003be8
13474690ns          218180 1c0081fc 0007a883 lw               x17, 0(x15)         x17=0ab40457 x15:1c00013c  PA:1c00013c
13475008ns          218196 1c008200 0047a803 lw               x16, 4(x15)         x16=09690854 x15:1c00013c  PA:1c000140
13475306ns          218211 1c008204 0087a503 lw               x10, 8(x15)         x10=02f70223 x15:1c00013c  PA:1c000144
13475605ns          218226 1c008206 00c7a583 lw               x11, 12(x15)        x11=074103fb x15:1c00013c  PA:1c000148
13475903ns          218241 1c008208 01172023 sw               x17, 0(x14)         x17:0ab40457 x14:10003bf8  PA:10003bf8
13475923ns          218242 1c00820c 01072223 sw               x16, 4(x14)         x16:09690854 x14:10003bf8  PA:10003bfc
13475943ns          218243 1c008210 00a72423 sw               x10, 8(x14)         x10:02f70223 x14:10003bf8  PA:10003c00
13475963ns          218244 1c008212 00b72623 sw               x11, 12(x14)        x11:074103fb x14:10003bf8  PA:10003c04
13475983ns          218245 1c008214 01078793 addi             x15, x15, 16        x15=1c00014c x15:1c00013c
13476002ns          218246 1c008216 01070713 addi             x14, x14, 16        x14=10003c08 x14:10003bf8
13476022ns          218247 1c0081fc 0007a883 lw               x17, 0(x15)         x17=08140ff9 x15:1c00014c  PA:1c00014c
13476341ns          218263 1c008200 0047a803 lw               x16, 4(x15)         x16=00310b98 x15:1c00014c  PA:1c000150
13476639ns          218278 1c008204 0087a503 lw               x10, 8(x15)         x10=05000b2b x15:1c00014c  PA:1c000154
13476937ns          218293 1c008206 00c7a583 lw               x11, 12(x15)        x11=01cc042b x15:1c00014c  PA:1c000158
13477236ns          218308 1c008208 01172023 sw               x17, 0(x14)         x17:08140ff9 x14:10003c08  PA:10003c08
13477255ns          218309 1c00820c 01072223 sw               x16, 4(x14)         x16:00310b98 x14:10003c08  PA:10003c0c
13477275ns          218310 1c008210 00a72423 sw               x10, 8(x14)         x10:05000b2b x14:10003c08  PA:10003c10
13477295ns          218311 1c008212 00b72623 sw               x11, 12(x14)        x11:01cc042b x14:10003c08  PA:10003c14
13477315ns          218312 1c008214 01078793 addi             x15, x15, 16        x15=1c00015c x15:1c00014c
13477335ns          218313 1c008216 01070713 addi             x14, x14, 16        x14=10003c18 x14:10003c08
13477355ns          218314 1c0081fc 0007a883 lw               x17, 0(x15)         x17=07110ae2 x15:1c00015c  PA:1c00015c
13477733ns          218333 1c008200 0047a803 lw               x16, 4(x15)         x16=059c084f x15:1c00015c  PA:1c000160
13478131ns          218353 1c008204 0087a503 lw               x10, 8(x15)         x10=03ad0f69 x15:1c00015c  PA:1c000164
13478528ns          218373 1c008206 00c7a583 lw               x11, 12(x15)        x11=09bd0399 x15:1c00015c  PA:1c000168
13478827ns          218388 1c008208 01172023 sw               x17, 0(x14)         x17:07110ae2 x14:10003c18  PA:10003c18
13478846ns          218389 1c00820c 01072223 sw               x16, 4(x14)         x16:059c084f x14:10003c18  PA:10003c1c
13478866ns          218390 1c008210 00a72423 sw               x10, 8(x14)         x10:03ad0f69 x14:10003c18  PA:10003c20
13478886ns          218391 1c008212 00b72623 sw               x11, 12(x14)        x11:09bd0399 x14:10003c18  PA:10003c24
13478906ns          218392 1c008214 01078793 addi             x15, x15, 16        x15=1c00016c x15:1c00015c
13478926ns          218393 1c008216 01070713 addi             x14, x14, 16        x14=10003c28 x14:10003c18
13478946ns          218394 1c0081fc 0007a883 lw               x17, 0(x15)         x17=064d0eb9 x15:1c00016c  PA:1c00016c
13479244ns          218409 1c008200 0047a803 lw               x16, 4(x15)         x16=05b60fc4 x15:1c00016c  PA:1c000170
13479543ns          218424 1c008204 0087a503 lw               x10, 8(x15)         x10=0aa40834 x15:1c00016c  PA:1c000174
13479841ns          218439 1c008206 00c7a583 lw               x11, 12(x15)        x11=021e0fcc x15:1c00016c  PA:1c000178
13480159ns          218455 1c008208 01172023 sw               x17, 0(x14)         x17:064d0eb9 x14:10003c28  PA:10003c28
13480179ns          218456 1c00820c 01072223 sw               x16, 4(x14)         x16:05b60fc4 x14:10003c28  PA:10003c2c
13480199ns          218457 1c008210 00a72423 sw               x10, 8(x14)         x10:0aa40834 x14:10003c28  PA:10003c30
13480219ns          218458 1c008212 00b72623 sw               x11, 12(x14)        x11:021e0fcc x14:10003c28  PA:10003c34
13480239ns          218459 1c008214 01078793 addi             x15, x15, 16        x15=1c00017c x15:1c00016c
13480259ns          218460 1c008216 01070713 addi             x14, x14, 16        x14=10003c38 x14:10003c28
13480278ns          218461 1c0081fc 0007a883 lw               x17, 0(x15)         x17=074f0a77 x15:1c00017c  PA:1c00017c
13480577ns          218476 1c008200 0047a803 lw               x16, 4(x15)         x16=0a3203d7 x15:1c00017c  PA:1c000180
13480875ns          218491 1c008204 0087a503 lw               x10, 8(x15)         x10=0c8a0c36 x15:1c00017c  PA:1c000184
13481173ns          218506 1c008206 00c7a583 lw               x11, 12(x15)        x11=01b2008a x15:1c00017c  PA:1c000188
13481472ns          218521 1c008208 01172023 sw               x17, 0(x14)         x17:074f0a77 x14:10003c38  PA:10003c38
13481492ns          218522 1c00820c 01072223 sw               x16, 4(x14)         x16:0a3203d7 x14:10003c38  PA:10003c3c
13481511ns          218523 1c008210 00a72423 sw               x10, 8(x14)         x10:0c8a0c36 x14:10003c38  PA:10003c40
13481531ns          218524 1c008212 00b72623 sw               x11, 12(x14)        x11:01b2008a x14:10003c38  PA:10003c44
13481551ns          218525 1c008214 01078793 addi             x15, x15, 16        x15=1c00018c x15:1c00017c
13481571ns          218526 1c008216 01070713 addi             x14, x14, 16        x14=10003c48 x14:10003c38
13481591ns          218527 1c0081fc 0007a883 lw               x17, 0(x15)         x17=071b083b x15:1c00018c  PA:1c00018c
13481989ns          218547 1c008200 0047a803 lw               x16, 4(x15)         x16=05a406b3 x15:1c00018c  PA:1c000190
13482387ns          218567 1c008204 0087a503 lw               x10, 8(x15)         x10=08140669 x15:1c00018c  PA:1c000194
13482784ns          218587 1c008206 00c7a583 lw               x11, 12(x15)        x11=00560888 x15:1c00018c  PA:1c000198
13483103ns          218603 1c008208 01172023 sw               x17, 0(x14)         x17:071b083b x14:10003c48  PA:10003c48
13483122ns          218604 1c00820c 01072223 sw               x16, 4(x14)         x16:05a406b3 x14:10003c48  PA:10003c4c
13483142ns          218605 1c008210 00a72423 sw               x10, 8(x14)         x10:08140669 x14:10003c48  PA:10003c50
13483162ns          218606 1c008212 00b72623 sw               x11, 12(x14)        x11:00560888 x14:10003c48  PA:10003c54
13483182ns          218607 1c008214 01078793 addi             x15, x15, 16        x15=1c00019c x15:1c00018c
13483202ns          218608 1c008216 01070713 addi             x14, x14, 16        x14=10003c58 x14:10003c48
13483222ns          218609 1c0081fc 0007a883 lw               x17, 0(x15)         x17=02440471 x15:1c00019c  PA:1c00019c
13483520ns          218624 1c008200 0047a803 lw               x16, 4(x15)         x16=038d0bcc x15:1c00019c  PA:1c0001a0
13483818ns          218639 1c008204 0087a503 lw               x10, 8(x15)         x10=088f0530 x15:1c00019c  PA:1c0001a4
13484117ns          218654 1c008206 00c7a583 lw               x11, 12(x15)        x11=0cc60773 x15:1c00019c  PA:1c0001a8
13484415ns          218669 1c008208 01172023 sw               x17, 0(x14)         x17:02440471 x14:10003c58  PA:10003c58
13484435ns          218670 1c00820c 01072223 sw               x16, 4(x14)         x16:038d0bcc x14:10003c58  PA:10003c5c
13484455ns          218671 1c008210 00a72423 sw               x10, 8(x14)         x10:088f0530 x14:10003c58  PA:10003c60
13484475ns          218672 1c008212 00b72623 sw               x11, 12(x14)        x11:0cc60773 x14:10003c58  PA:10003c64
13484495ns          218673 1c008214 01078793 addi             x15, x15, 16        x15=1c0001ac x15:1c00019c
13484515ns          218674 1c008216 01070713 addi             x14, x14, 16        x14=10003c68 x14:10003c58
13484534ns          218675 1c0081fc 0007a883 lw               x17, 0(x15)         x17=08ef078f x15:1c0001ac  PA:1c0001ac
13484833ns          218690 1c008200 0047a803 lw               x16, 4(x15)         x16=05b60f41 x15:1c0001ac  PA:1c0001b0
13485231ns          218710 1c008204 0087a503 lw               x10, 8(x15)         x10=0df701be x15:1c0001ac  PA:1c0001b4
13485648ns          218731 1c008206 00c7a583 lw               x11, 12(x15)        x11=02e00468 x15:1c0001ac  PA:1c0001b8
13485946ns          218746 1c008208 01172023 sw               x17, 0(x14)         x17:08ef078f x14:10003c68  PA:10003c68
13485966ns          218747 1c00820c 01072223 sw               x16, 4(x14)         x16:05b60f41 x14:10003c68  PA:10003c6c
13485986ns          218748 1c008210 00a72423 sw               x10, 8(x14)         x10:0df701be x14:10003c68  PA:10003c70
13486006ns          218749 1c008212 00b72623 sw               x11, 12(x14)        x11:02e00468 x14:10003c68  PA:10003c74
13486026ns          218750 1c008214 01078793 addi             x15, x15, 16        x15=1c0001bc x15:1c0001ac
13486046ns          218751 1c008216 01070713 addi             x14, x14, 16        x14=10003c78 x14:10003c68
13486066ns          218752 1c0081fc 0007a883 lw               x17, 0(x15)         x17=00a00039 x15:1c0001bc  PA:1c0001bc
13486384ns          218768 1c008200 0047a803 lw               x16, 4(x15)         x16=0b8a045e x15:1c0001bc  PA:1c0001c0
13486782ns          218788 1c008204 0087a503 lw               x10, 8(x15)         x10=04e705ed x15:1c0001bc  PA:1c0001c4
13487199ns          218809 1c008206 00c7a583 lw               x11, 12(x15)        x11=0d790820 x15:1c0001bc  PA:1c0001c8
13487498ns          218824 1c008208 01172023 sw               x17, 0(x14)         x17:00a00039 x14:10003c78  PA:10003c78
13487518ns          218825 1c00820c 01072223 sw               x16, 4(x14)         x16:0b8a045e x14:10003c78  PA:10003c7c
13487538ns          218826 1c008210 00a72423 sw               x10, 8(x14)         x10:04e705ed x14:10003c78  PA:10003c80
13487557ns          218827 1c008212 00b72623 sw               x11, 12(x14)        x11:0d790820 x14:10003c78  PA:10003c84
13487577ns          218828 1c008214 01078793 addi             x15, x15, 16        x15=1c0001cc x15:1c0001bc
13487597ns          218829 1c008216 01070713 addi             x14, x14, 16        x14=10003c88 x14:10003c78
13487617ns          218830 1c0081fc 0007a883 lw               x17, 0(x15)         x17=009f0cf4 x15:1c0001cc  PA:1c0001cc
13487915ns          218845 1c008200 0047a803 lw               x16, 4(x15)         x16=08180752 x15:1c0001cc  PA:1c0001d0
13488234ns          218861 1c008204 0087a503 lw               x10, 8(x15)         x10=02c50035 x15:1c0001cc  PA:1c0001d4
13488532ns          218876 1c008206 00c7a583 lw               x11, 12(x15)        x11=0b5c0d17 x15:1c0001cc  PA:1c0001d8
13488830ns          218891 1c008208 01172023 sw               x17, 0(x14)         x17:009f0cf4 x14:10003c88  PA:10003c88
13488850ns          218892 1c00820c 01072223 sw               x16, 4(x14)         x16:08180752 x14:10003c88  PA:10003c8c
13488870ns          218893 1c008210 00a72423 sw               x10, 8(x14)         x10:02c50035 x14:10003c88  PA:10003c90
13488890ns          218894 1c008212 00b72623 sw               x11, 12(x14)        x11:0b5c0d17 x14:10003c88  PA:10003c94
13488910ns          218895 1c008214 01078793 addi             x15, x15, 16        x15=1c0001dc x15:1c0001cc
13488930ns          218896 1c008216 01070713 addi             x14, x14, 16        x14=10003c98 x14:10003c88
13488950ns          218897 1c0081fc 0007a883 lw               x17, 0(x15)         x17=09c90594 x15:1c0001dc  PA:1c0001dc
13489288ns          218914 1c008200 0047a803 lw               x16, 4(x15)         x16=0bff0adc x15:1c0001dc  PA:1c0001e0
13489705ns          218935 1c008204 0087a503 lw               x10, 8(x15)         x10=06ae08de x15:1c0001dc  PA:1c0001e4
13490043ns          218952 1c008206 00c7a583 lw               x11, 12(x15)        x11=0c390dc8 x15:1c0001dc  PA:1c0001e8
13490342ns          218967 1c008208 01172023 sw               x17, 0(x14)         x17:09c90594 x14:10003c98  PA:10003c98
13490362ns          218968 1c00820c 01072223 sw               x16, 4(x14)         x16:0bff0adc x14:10003c98  PA:10003c9c
13490382ns          218969 1c008210 00a72423 sw               x10, 8(x14)         x10:06ae08de x14:10003c98  PA:10003ca0
13490401ns          218970 1c008212 00b72623 sw               x11, 12(x14)        x11:0c390dc8 x14:10003c98  PA:10003ca4
13490421ns          218971 1c008214 01078793 addi             x15, x15, 16        x15=1c0001ec x15:1c0001dc
13490441ns          218972 1c008216 01070713 addi             x14, x14, 16        x14=10003ca8 x14:10003c98
13490461ns          218973 1c0081fc 0007a883 lw               x17, 0(x15)         x17=037c0c68 x15:1c0001ec  PA:1c0001ec
13490859ns          218993 1c008200 0047a803 lw               x16, 4(x15)         x16=05d9007a x15:1c0001ec  PA:1c0001f0
13491257ns          219013 1c008204 0087a503 lw               x10, 8(x15)         x10=04e90ce5 x15:1c0001ec  PA:1c0001f4
13491615ns          219031 1c008206 00c7a583 lw               x11, 12(x15)        x11=0b5e0cdf x15:1c0001ec  PA:1c0001f8
13491913ns          219046 1c008208 01172023 sw               x17, 0(x14)         x17:037c0c68 x14:10003ca8  PA:10003ca8
13491933ns          219047 1c00820c 01072223 sw               x16, 4(x14)         x16:05d9007a x14:10003ca8  PA:10003cac
13491953ns          219048 1c008210 00a72423 sw               x10, 8(x14)         x10:04e90ce5 x14:10003ca8  PA:10003cb0
13491973ns          219049 1c008212 00b72623 sw               x11, 12(x14)        x11:0b5e0cdf x14:10003ca8  PA:10003cb4
13491992ns          219050 1c008214 01078793 addi             x15, x15, 16        x15=1c0001fc x15:1c0001ec
13492012ns          219051 1c008216 01070713 addi             x14, x14, 16        x14=10003cb8 x14:10003ca8
13492032ns          219052 1c0081fc 0007a883 lw               x17, 0(x15)         x17=09200b92 x15:1c0001fc  PA:1c0001fc
13492331ns          219067 1c008200 0047a803 lw               x16, 4(x15)         x16=070e005e x15:1c0001fc  PA:1c000200
13492629ns          219082 1c008204 0087a503 lw               x10, 8(x15)         x10=010400cf x15:1c0001fc  PA:1c000204
13492927ns          219097 1c008206 00c7a583 lw               x11, 12(x15)        x11=093f08ba x15:1c0001fc  PA:1c000208
13493226ns          219112 1c008208 01172023 sw               x17, 0(x14)         x17:09200b92 x14:10003cb8  PA:10003cb8
13493245ns          219113 1c00820c 01072223 sw               x16, 4(x14)         x16:070e005e x14:10003cb8  PA:10003cbc
13493265ns          219114 1c008210 00a72423 sw               x10, 8(x14)         x10:010400cf x14:10003cb8  PA:10003cc0
13493285ns          219115 1c008212 00b72623 sw               x11, 12(x14)        x11:093f08ba x14:10003cb8  PA:10003cc4
13493305ns          219116 1c008214 01078793 addi             x15, x15, 16        x15=1c00020c x15:1c0001fc
13493325ns          219117 1c008216 01070713 addi             x14, x14, 16        x14=10003cc8 x14:10003cb8
13493345ns          219118 1c0081fc 0007a883 lw               x17, 0(x15)         x17=038f0dc5 x15:1c00020c  PA:1c00020c
13493663ns          219134 1c008200 0047a803 lw               x16, 4(x15)         x16=0a890b91 x15:1c00020c  PA:1c000210
13493961ns          219149 1c008204 0087a503 lw               x10, 8(x15)         x10=0c010305 x15:1c00020c  PA:1c000214
13494260ns          219164 1c008206 00c7a583 lw               x11, 12(x15)        x11=0cb20a9e x15:1c00020c  PA:1c000218
13494558ns          219179 1c008208 01172023 sw               x17, 0(x14)         x17:038f0dc5 x14:10003cc8  PA:10003cc8
13494578ns          219180 1c00820c 01072223 sw               x16, 4(x14)         x16:0a890b91 x14:10003cc8  PA:10003ccc
13494598ns          219181 1c008210 00a72423 sw               x10, 8(x14)         x10:0c010305 x14:10003cc8  PA:10003cd0
13494618ns          219182 1c008212 00b72623 sw               x11, 12(x14)        x11:0cb20a9e x14:10003cc8  PA:10003cd4
13494638ns          219183 1c008214 01078793 addi             x15, x15, 16        x15=1c00021c x15:1c00020c
13494657ns          219184 1c008216 01070713 addi             x14, x14, 16        x14=10003cd8 x14:10003cc8
13494677ns          219185 1c0081fc 0007a883 lw               x17, 0(x15)         x17=08a00cb6 x15:1c00021c  PA:1c00021c
13494996ns          219201 1c008200 0047a803 lw               x16, 4(x15)         x16=0db9007d x15:1c00021c  PA:1c000220
13495294ns          219216 1c008204 0087a503 lw               x10, 8(x15)         x10=07210b10 x15:1c00021c  PA:1c000224
13495592ns          219231 1c008206 00c7a583 lw               x11, 12(x15)        x11=08f50916 x15:1c00021c  PA:1c000228
13495890ns          219246 1c008208 01172023 sw               x17, 0(x14)         x17:08a00cb6 x14:10003cd8  PA:10003cd8
13495910ns          219247 1c00820c 01072223 sw               x16, 4(x14)         x16:0db9007d x14:10003cd8  PA:10003cdc
13495930ns          219248 1c008210 00a72423 sw               x10, 8(x14)         x10:07210b10 x14:10003cd8  PA:10003ce0
13495950ns          219249 1c008212 00b72623 sw               x11, 12(x14)        x11:08f50916 x14:10003cd8  PA:10003ce4
13495970ns          219250 1c008214 01078793 addi             x15, x15, 16        x15=1c00022c x15:1c00021c
13495990ns          219251 1c008216 01070713 addi             x14, x14, 16        x14=10003ce8 x14:10003cd8
13496010ns          219252 1c0081fc 0007a883 lw               x17, 0(x15)         x17=05d30497 x15:1c00022c  PA:1c00022c
13496328ns          219268 1c008200 0047a803 lw               x16, 4(x15)         x16=06090280 x15:1c00022c  PA:1c000230
13496626ns          219283 1c008204 0087a503 lw               x10, 8(x15)         x10=08d10233 x15:1c00022c  PA:1c000234
13496925ns          219298 1c008206 00c7a583 lw               x11, 12(x15)        x11=02700135 x15:1c00022c  PA:1c000238
13497223ns          219313 1c008208 01172023 sw               x17, 0(x14)         x17:05d30497 x14:10003ce8  PA:10003ce8
13497243ns          219314 1c00820c 01072223 sw               x16, 4(x14)         x16:06090280 x14:10003ce8  PA:10003cec
13497263ns          219315 1c008210 00a72423 sw               x10, 8(x14)         x10:08d10233 x14:10003ce8  PA:10003cf0
13497283ns          219316 1c008212 00b72623 sw               x11, 12(x14)        x11:02700135 x14:10003ce8  PA:10003cf4
13497303ns          219317 1c008214 01078793 addi             x15, x15, 16        x15=1c00023c x15:1c00022c
13497322ns          219318 1c008216 01070713 addi             x14, x14, 16        x14=10003cf8 x14:10003ce8
13497342ns          219319 1c0081fc 0007a883 lw               x17, 0(x15)         x17=0c1c0267 x15:1c00023c  PA:1c00023c
13497661ns          219335 1c008200 0047a803 lw               x16, 4(x15)         x16=08730016 x15:1c00023c  PA:1c000240
13497959ns          219350 1c008204 0087a503 lw               x10, 8(x15)         x10=022b060e x15:1c00023c  PA:1c000244
13498257ns          219365 1c008206 00c7a583 lw               x11, 12(x15)        x11=058e0ae8 x15:1c00023c  PA:1c000248
13498555ns          219380 1c008208 01172023 sw               x17, 0(x14)         x17:0c1c0267 x14:10003cf8  PA:10003cf8
13498575ns          219381 1c00820c 01072223 sw               x16, 4(x14)         x16:08730016 x14:10003cf8  PA:10003cfc
13498595ns          219382 1c008210 00a72423 sw               x10, 8(x14)         x10:022b060e x14:10003cf8  PA:10003d00
13498615ns          219383 1c008212 00b72623 sw               x11, 12(x14)        x11:058e0ae8 x14:10003cf8  PA:10003d04
13498635ns          219384 1c008214 01078793 addi             x15, x15, 16        x15=1c00024c x15:1c00023c
13498655ns          219385 1c008216 01070713 addi             x14, x14, 16        x14=10003d08 x14:10003cf8
13498675ns          219386 1c0081fc 0007a883 lw               x17, 0(x15)         x17=03c705a2 x15:1c00024c  PA:1c00024c
13498973ns          219401 1c008200 0047a803 lw               x16, 4(x15)         x16=08550400 x15:1c00024c  PA:1c000250
13499271ns          219416 1c008204 0087a503 lw               x10, 8(x15)         x10=09c902a8 x15:1c00024c  PA:1c000254
13499570ns          219431 1c008206 00c7a583 lw               x11, 12(x15)        x11=0cc307ce x15:1c00024c  PA:1c000258
13499968ns          219451 1c008208 01172023 sw               x17, 0(x14)         x17:03c705a2 x14:10003d08  PA:10003d08
13499987ns          219452 1c00820c 01072223 sw               x16, 4(x14)         x16:08550400 x14:10003d08  PA:10003d0c
13500007ns          219453 1c008210 00a72423 sw               x10, 8(x14)         x10:09c902a8 x14:10003d08  PA:10003d10
13500027ns          219454 1c008212 00b72623 sw               x11, 12(x14)        x11:0cc307ce x14:10003d08  PA:10003d14
13500047ns          219455 1c008214 01078793 addi             x15, x15, 16        x15=1c00025c x15:1c00024c
13500067ns          219456 1c008216 01070713 addi             x14, x14, 16        x14=10003d18 x14:10003d08
13500087ns          219457 1c0081fc 0007a883 lw               x17, 0(x15)         x17=07b9098f x15:1c00025c  PA:1c00025c
13500385ns          219472 1c008200 0047a803 lw               x16, 4(x15)         x16=022b042e x15:1c00025c  PA:1c000260
13500684ns          219487 1c008204 0087a503 lw               x10, 8(x15)         x10=0b740bf3 x15:1c00025c  PA:1c000264
13500982ns          219502 1c008206 00c7a583 lw               x11, 12(x15)        x11=00c80a35 x15:1c00025c  PA:1c000268
13501280ns          219517 1c008208 01172023 sw               x17, 0(x14)         x17:07b9098f x14:10003d18  PA:10003d18
13501300ns          219518 1c00820c 01072223 sw               x16, 4(x14)         x16:022b042e x14:10003d18  PA:10003d1c
13501320ns          219519 1c008210 00a72423 sw               x10, 8(x14)         x10:0b740bf3 x14:10003d18  PA:10003d20
13501340ns          219520 1c008212 00b72623 sw               x11, 12(x14)        x11:00c80a35 x14:10003d18  PA:10003d24
13501360ns          219521 1c008214 01078793 addi             x15, x15, 16        x15=1c00026c x15:1c00025c
13501380ns          219522 1c008216 01070713 addi             x14, x14, 16        x14=10003d28 x14:10003d18
13501399ns          219523 1c0081fc 0007a883 lw               x17, 0(x15)         x17=00ba0d4d x15:1c00026c  PA:1c00026c
13501757ns          219541 1c008200 0047a803 lw               x16, 4(x15)         x16=0bbe0953 x15:1c00026c  PA:1c000270
13502155ns          219561 1c008204 0087a503 lw               x10, 8(x15)         x10=09d102c0 x15:1c00026c  PA:1c000274
13502553ns          219581 1c008206 00c7a583 lw               x11, 12(x15)        x11=0ffe04e7 x15:1c00026c  PA:1c000278
13502851ns          219596 1c008208 01172023 sw               x17, 0(x14)         x17:00ba0d4d x14:10003d28  PA:10003d28
13502871ns          219597 1c00820c 01072223 sw               x16, 4(x14)         x16:0bbe0953 x14:10003d28  PA:10003d2c
13502891ns          219598 1c008210 00a72423 sw               x10, 8(x14)         x10:09d102c0 x14:10003d28  PA:10003d30
13502911ns          219599 1c008212 00b72623 sw               x11, 12(x14)        x11:0ffe04e7 x14:10003d28  PA:10003d34
13502931ns          219600 1c008214 01078793 addi             x15, x15, 16        x15=1c00027c x15:1c00026c
13502951ns          219601 1c008216 01070713 addi             x14, x14, 16        x14=10003d38 x14:10003d28
13502971ns          219602 1c0081fc 0007a883 lw               x17, 0(x15)         x17=02860168 x15:1c00027c  PA:1c00027c
13503269ns          219617 1c008200 0047a803 lw               x16, 4(x15)         x16=0b1a065d x15:1c00027c  PA:1c000280
13503567ns          219632 1c008204 0087a503 lw               x10, 8(x15)         x10=0c5b0643 x15:1c00027c  PA:1c000284
13503905ns          219649 1c008206 00c7a583 lw               x11, 12(x15)        x11=037f050d x15:1c00027c  PA:1c000288
13504283ns          219668 1c008208 01172023 sw               x17, 0(x14)         x17:02860168 x14:10003d38  PA:10003d38
13504303ns          219669 1c00820c 01072223 sw               x16, 4(x14)         x16:0b1a065d x14:10003d38  PA:10003d3c
13504323ns          219670 1c008210 00a72423 sw               x10, 8(x14)         x10:0c5b0643 x14:10003d38  PA:10003d40
13504343ns          219671 1c008212 00b72623 sw               x11, 12(x14)        x11:037f050d x14:10003d38  PA:10003d44
13504363ns          219672 1c008214 01078793 addi             x15, x15, 16        x15=1c00028c x15:1c00027c
13504383ns          219673 1c008216 01070713 addi             x14, x14, 16        x14=10003d48 x14:10003d38
13504403ns          219674 1c0081fc 0007a883 lw               x17, 0(x15)         x17=04870893 x15:1c00028c  PA:1c00028c
13504701ns          219689 1c008200 0047a803 lw               x16, 4(x15)         x16=059a0311 x15:1c00028c  PA:1c000290
13504999ns          219704 1c008204 0087a503 lw               x10, 8(x15)         x10=04670e0f x15:1c00028c  PA:1c000294
13505298ns          219719 1c008206 00c7a583 lw               x11, 12(x15)        x11=0896004b x15:1c00028c  PA:1c000298
13505735ns          219741 1c008208 01172023 sw               x17, 0(x14)         x17:04870893 x14:10003d48  PA:10003d48
13505755ns          219742 1c00820c 01072223 sw               x16, 4(x14)         x16:059a0311 x14:10003d48  PA:10003d4c
13505775ns          219743 1c008210 00a72423 sw               x10, 8(x14)         x10:04670e0f x14:10003d48  PA:10003d50
13505795ns          219744 1c008212 00b72623 sw               x11, 12(x14)        x11:0896004b x14:10003d48  PA:10003d54
13505815ns          219745 1c008214 01078793 addi             x15, x15, 16        x15=1c00029c x15:1c00028c
13505834ns          219746 1c008216 01070713 addi             x14, x14, 16        x14=10003d58 x14:10003d48
13505854ns          219747 1c008218 00c007b3 add              x15, x0, x12        x15=1c00029c x12:1c00029c
13505874ns          219748 1c00821a 29010713 addi             x14, x2, 656        x14=10003d58  x2:10003ac8
13505894ns          219749 1c00821c 0286d0fb lp.setupi        0x1, 0x28, 0xd     
13505914ns          219750 1c008220 0007a803 lw               x16, 0(x15)         x16=0fa30c6d x15:1c00029c  PA:1c00029c
13506292ns          219769 1c008224 0047a503 lw               x10, 4(x15)         x10=0c8d0e97 x15:1c00029c  PA:1c0002a0
13506710ns          219790 1c008226 0087a583 lw               x11, 8(x15)         x11=0ffb00de x15:1c00029c  PA:1c0002a4
13507127ns          219811 1c008228 00c7a603 lw               x12, 12(x15)        x12=00a300a0 x15:1c00029c  PA:1c0002a8
13507565ns          219833 1c00822a 01072023 sw               x16, 0(x14)         x16:0fa30c6d x14:10003d58  PA:10003d58
13507585ns          219834 1c00822e 00a72223 sw               x10, 4(x14)         x10:0c8d0e97 x14:10003d58  PA:10003d5c
13507605ns          219835 1c008230 00b72423 sw               x11, 8(x14)         x11:0ffb00de x14:10003d58  PA:10003d60
13507624ns          219836 1c008232 00c72623 sw               x12, 12(x14)        x12:00a300a0 x14:10003d58  PA:10003d64
13507644ns          219837 1c008234 01078793 addi             x15, x15, 16        x15=1c0002ac x15:1c00029c
13507664ns          219838 1c008236 01070713 addi             x14, x14, 16        x14=10003d68 x14:10003d58
13507684ns          219839 1c008220 0007a803 lw               x16, 0(x15)         x16=0f6a01cf x15:1c0002ac  PA:1c0002ac
13508082ns          219859 1c008224 0047a503 lw               x10, 4(x15)         x10=021400d5 x15:1c0002ac  PA:1c0002b0
13508480ns          219879 1c008226 0087a583 lw               x11, 8(x15)         x11=0fb30e58 x15:1c0002ac  PA:1c0002b4
13508877ns          219899 1c008228 00c7a603 lw               x12, 12(x15)        x12=0059012a x15:1c0002ac  PA:1c0002b8
13509176ns          219914 1c00822a 01072023 sw               x16, 0(x14)         x16:0f6a01cf x14:10003d68  PA:10003d68
13509196ns          219915 1c00822e 00a72223 sw               x10, 4(x14)         x10:021400d5 x14:10003d68  PA:10003d6c
13509215ns          219916 1c008230 00b72423 sw               x11, 8(x14)         x11:0fb30e58 x14:10003d68  PA:10003d70
13509235ns          219917 1c008232 00c72623 sw               x12, 12(x14)        x12:0059012a x14:10003d68  PA:10003d74
13509255ns          219918 1c008234 01078793 addi             x15, x15, 16        x15=1c0002bc x15:1c0002ac
13509275ns          219919 1c008236 01070713 addi             x14, x14, 16        x14=10003d78 x14:10003d68
13509295ns          219920 1c008220 0007a803 lw               x16, 0(x15)         x16=0ea90e09 x15:1c0002bc  PA:1c0002bc
13509613ns          219936 1c008224 0047a503 lw               x10, 4(x15)         x10=0e4b0067 x15:1c0002bc  PA:1c0002c0
13509912ns          219951 1c008226 0087a583 lw               x11, 8(x15)         x11=00a80f22 x15:1c0002bc  PA:1c0002c4
13510210ns          219966 1c008228 00c7a603 lw               x12, 12(x15)        x12=0ddc0146 x15:1c0002bc  PA:1c0002c8
13510508ns          219981 1c00822a 01072023 sw               x16, 0(x14)         x16:0ea90e09 x14:10003d78  PA:10003d78
13510528ns          219982 1c00822e 00a72223 sw               x10, 4(x14)         x10:0e4b0067 x14:10003d78  PA:10003d7c
13510548ns          219983 1c008230 00b72423 sw               x11, 8(x14)         x11:00a80f22 x14:10003d78  PA:10003d80
13510568ns          219984 1c008232 00c72623 sw               x12, 12(x14)        x12:0ddc0146 x14:10003d78  PA:10003d84
13510588ns          219985 1c008234 01078793 addi             x15, x15, 16        x15=1c0002cc x15:1c0002bc
13510608ns          219986 1c008236 01070713 addi             x14, x14, 16        x14=10003d88 x14:10003d78
13510628ns          219987 1c008220 0007a803 lw               x16, 0(x15)         x16=00580004 x15:1c0002cc  PA:1c0002cc
13511005ns          220006 1c008224 0047a503 lw               x10, 4(x15)         x10=0ef001ca x15:1c0002cc  PA:1c0002d0
13511403ns          220026 1c008226 0087a583 lw               x11, 8(x15)         x11=01b30e9d x15:1c0002cc  PA:1c0002d4
13511801ns          220046 1c008228 00c7a603 lw               x12, 12(x15)        x12=00570fb3 x15:1c0002cc  PA:1c0002d8
13512099ns          220061 1c00822a 01072023 sw               x16, 0(x14)         x16:00580004 x14:10003d88  PA:10003d88
13512119ns          220062 1c00822e 00a72223 sw               x10, 4(x14)         x10:0ef001ca x14:10003d88  PA:10003d8c
13512139ns          220063 1c008230 00b72423 sw               x11, 8(x14)         x11:01b30e9d x14:10003d88  PA:10003d90
13512159ns          220064 1c008232 00c72623 sw               x12, 12(x14)        x12:00570fb3 x14:10003d88  PA:10003d94
13512179ns          220065 1c008234 01078793 addi             x15, x15, 16        x15=1c0002dc x15:1c0002cc
13512199ns          220066 1c008236 01070713 addi             x14, x14, 16        x14=10003d98 x14:10003d88
13512219ns          220067 1c008220 0007a803 lw               x16, 0(x15)         x16=0e57005c x15:1c0002dc  PA:1c0002dc
13512537ns          220083 1c008224 0047a503 lw               x10, 4(x15)         x10=0f470f14 x15:1c0002dc  PA:1c0002e0
13512835ns          220098 1c008226 0087a583 lw               x11, 8(x15)         x11=0e380166 x15:1c0002dc  PA:1c0002e4
13513133ns          220113 1c008228 00c7a603 lw               x12, 12(x15)        x12=01c202b6 x15:1c0002dc  PA:1c0002e8
13513432ns          220128 1c00822a 01072023 sw               x16, 0(x14)         x16:0e57005c x14:10003d98  PA:10003d98
13513452ns          220129 1c00822e 00a72223 sw               x10, 4(x14)         x10:0f470f14 x14:10003d98  PA:10003d9c
13513471ns          220130 1c008230 00b72423 sw               x11, 8(x14)         x11:0e380166 x14:10003d98  PA:10003da0
13513491ns          220131 1c008232 00c72623 sw               x12, 12(x14)        x12:01c202b6 x14:10003d98  PA:10003da4
13513511ns          220132 1c008234 01078793 addi             x15, x15, 16        x15=1c0002ec x15:1c0002dc
13513531ns          220133 1c008236 01070713 addi             x14, x14, 16        x14=10003da8 x14:10003d98
13513551ns          220134 1c008220 0007a803 lw               x16, 0(x15)         x16=0eba0d5c x15:1c0002ec  PA:1c0002ec
13513849ns          220149 1c008224 0047a503 lw               x10, 4(x15)         x10=0e380eae x15:1c0002ec  PA:1c0002f0
13514148ns          220164 1c008226 0087a583 lw               x11, 8(x15)         x11=0e8d0157 x15:1c0002ec  PA:1c0002f4
13514446ns          220179 1c008228 00c7a603 lw               x12, 12(x15)        x12=0fb70fdf x15:1c0002ec  PA:1c0002f8
13514744ns          220194 1c00822a 01072023 sw               x16, 0(x14)         x16:0eba0d5c x14:10003da8  PA:10003da8
13514764ns          220195 1c00822e 00a72223 sw               x10, 4(x14)         x10:0e380eae x14:10003da8  PA:10003dac
13514784ns          220196 1c008230 00b72423 sw               x11, 8(x14)         x11:0e8d0157 x14:10003da8  PA:10003db0
13514804ns          220197 1c008232 00c72623 sw               x12, 12(x14)        x12:0fb70fdf x14:10003da8  PA:10003db4
13514824ns          220198 1c008234 01078793 addi             x15, x15, 16        x15=1c0002fc x15:1c0002ec
13514844ns          220199 1c008236 01070713 addi             x14, x14, 16        x14=10003db8 x14:10003da8
13514864ns          220200 1c008220 0007a803 lw               x16, 0(x15)         x16=00890230 x15:1c0002fc  PA:1c0002fc
13515162ns          220215 1c008224 0047a503 lw               x10, 4(x15)         x10=0fb10442 x15:1c0002fc  PA:1c000300
13515460ns          220230 1c008226 0087a583 lw               x11, 8(x15)         x11=004300ad x15:1c0002fc  PA:1c000304
13515759ns          220245 1c008228 00c7a603 lw               x12, 12(x15)        x12=006d0e2f x15:1c0002fc  PA:1c000308
13516077ns          220261 1c00822a 01072023 sw               x16, 0(x14)         x16:00890230 x14:10003db8  PA:10003db8
13516097ns          220262 1c00822e 00a72223 sw               x10, 4(x14)         x10:0fb10442 x14:10003db8  PA:10003dbc
13516117ns          220263 1c008230 00b72423 sw               x11, 8(x14)         x11:004300ad x14:10003db8  PA:10003dc0
13516136ns          220264 1c008232 00c72623 sw               x12, 12(x14)        x12:006d0e2f x14:10003db8  PA:10003dc4
13516156ns          220265 1c008234 01078793 addi             x15, x15, 16        x15=1c00030c x15:1c0002fc
13516176ns          220266 1c008236 01070713 addi             x14, x14, 16        x14=10003dc8 x14:10003db8
13516196ns          220267 1c008220 0007a803 lw               x16, 0(x15)         x16=0d1a0fe2 x15:1c00030c  PA:1c00030c
13516574ns          220286 1c008224 0047a503 lw               x10, 4(x15)         x10=007803a6 x15:1c00030c  PA:1c000310
13516972ns          220306 1c008226 0087a583 lw               x11, 8(x15)         x11=0d840e7f x15:1c00030c  PA:1c000314
13517389ns          220327 1c008228 00c7a603 lw               x12, 12(x15)        x12=0008001d x15:1c00030c  PA:1c000318
13517688ns          220342 1c00822a 01072023 sw               x16, 0(x14)         x16:0d1a0fe2 x14:10003dc8  PA:10003dc8
13517708ns          220343 1c00822e 00a72223 sw               x10, 4(x14)         x10:007803a6 x14:10003dc8  PA:10003dcc
13517728ns          220344 1c008230 00b72423 sw               x11, 8(x14)         x11:0d840e7f x14:10003dc8  PA:10003dd0
13517747ns          220345 1c008232 00c72623 sw               x12, 12(x14)        x12:0008001d x14:10003dc8  PA:10003dd4
13517767ns          220346 1c008234 01078793 addi             x15, x15, 16        x15=1c00031c x15:1c00030c
13517787ns          220347 1c008236 01070713 addi             x14, x14, 16        x14=10003dd8 x14:10003dc8
13517807ns          220348 1c008220 0007a803 lw               x16, 0(x15)         x16=0e1c0133 x15:1c00031c  PA:1c00031c
13518105ns          220363 1c008224 0047a503 lw               x10, 4(x15)         x10=00ae0d87 x15:1c00031c  PA:1c000320
13518404ns          220378 1c008226 0087a583 lw               x11, 8(x15)         x11=0f770e25 x15:1c00031c  PA:1c000324
13518702ns          220393 1c008228 00c7a603 lw               x12, 12(x15)        x12=0fa500cf x15:1c00031c  PA:1c000328
13519000ns          220408 1c00822a 01072023 sw               x16, 0(x14)         x16:0e1c0133 x14:10003dd8  PA:10003dd8
13519020ns          220409 1c00822e 00a72223 sw               x10, 4(x14)         x10:00ae0d87 x14:10003dd8  PA:10003ddc
13519040ns          220410 1c008230 00b72423 sw               x11, 8(x14)         x11:0f770e25 x14:10003dd8  PA:10003de0
13519060ns          220411 1c008232 00c72623 sw               x12, 12(x14)        x12:0fa500cf x14:10003dd8  PA:10003de4
13519080ns          220412 1c008234 01078793 addi             x15, x15, 16        x15=1c00032c x15:1c00031c
13519100ns          220413 1c008236 01070713 addi             x14, x14, 16        x14=10003de8 x14:10003dd8
13519120ns          220414 1c008220 0007a803 lw               x16, 0(x15)         x16=0f470e5d x15:1c00032c  PA:1c00032c
13519418ns          220429 1c008224 0047a503 lw               x10, 4(x15)         x10=02610d5f x15:1c00032c  PA:1c000330
13519716ns          220444 1c008226 0087a583 lw               x11, 8(x15)         x11=0e4601f7 x15:1c00032c  PA:1c000334
13520035ns          220460 1c008228 00c7a603 lw               x12, 12(x15)        x12=0ee8002b x15:1c00032c  PA:1c000338
13520333ns          220475 1c00822a 01072023 sw               x16, 0(x14)         x16:0f470e5d x14:10003de8  PA:10003de8
13520353ns          220476 1c00822e 00a72223 sw               x10, 4(x14)         x10:02610d5f x14:10003de8  PA:10003dec
13520373ns          220477 1c008230 00b72423 sw               x11, 8(x14)         x11:0e4601f7 x14:10003de8  PA:10003df0
13520393ns          220478 1c008232 00c72623 sw               x12, 12(x14)        x12:0ee8002b x14:10003de8  PA:10003df4
13520412ns          220479 1c008234 01078793 addi             x15, x15, 16        x15=1c00033c x15:1c00032c
13520432ns          220480 1c008236 01070713 addi             x14, x14, 16        x14=10003df8 x14:10003de8
13520452ns          220481 1c008220 0007a803 lw               x16, 0(x15)         x16=01b90f79 x15:1c00033c  PA:1c00033c
13520770ns          220497 1c008224 0047a503 lw               x10, 4(x15)         x10=0e0501ed x15:1c00033c  PA:1c000340
13521069ns          220512 1c008226 0087a583 lw               x11, 8(x15)         x11=0e9b0e3f x15:1c00033c  PA:1c000344
13521367ns          220527 1c008228 00c7a603 lw               x12, 12(x15)        x12=00790059 x15:1c00033c  PA:1c000348
13521665ns          220542 1c00822a 01072023 sw               x16, 0(x14)         x16:01b90f79 x14:10003df8  PA:10003df8
13521685ns          220543 1c00822e 00a72223 sw               x10, 4(x14)         x10:0e0501ed x14:10003df8  PA:10003dfc
13521705ns          220544 1c008230 00b72423 sw               x11, 8(x14)         x11:0e9b0e3f x14:10003df8  PA:10003e00
13521725ns          220545 1c008232 00c72623 sw               x12, 12(x14)        x12:00790059 x14:10003df8  PA:10003e04
13521745ns          220546 1c008234 01078793 addi             x15, x15, 16        x15=1c00034c x15:1c00033c
13521765ns          220547 1c008236 01070713 addi             x14, x14, 16        x14=10003e08 x14:10003df8
13521785ns          220548 1c008220 0007a803 lw               x16, 0(x15)         x16=00610103 x15:1c00034c  PA:1c00034c
13522143ns          220566 1c008224 0047a503 lw               x10, 4(x15)         x10=0db9014b x15:1c00034c  PA:1c000350
13522560ns          220587 1c008226 0087a583 lw               x11, 8(x15)         x11=00b40186 x15:1c00034c  PA:1c000354
13522898ns          220604 1c008228 00c7a603 lw               x12, 12(x15)        x12=0fba0272 x15:1c00034c  PA:1c000358
13523197ns          220619 1c00822a 01072023 sw               x16, 0(x14)         x16:00610103 x14:10003e08  PA:10003e08
13523217ns          220620 1c00822e 00a72223 sw               x10, 4(x14)         x10:0db9014b x14:10003e08  PA:10003e0c
13523236ns          220621 1c008230 00b72423 sw               x11, 8(x14)         x11:00b40186 x14:10003e08  PA:10003e10
13523256ns          220622 1c008232 00c72623 sw               x12, 12(x14)        x12:0fba0272 x14:10003e08  PA:10003e14
13523276ns          220623 1c008234 01078793 addi             x15, x15, 16        x15=1c00035c x15:1c00034c
13523296ns          220624 1c008236 01070713 addi             x14, x14, 16        x14=10003e18 x14:10003e08
13523316ns          220625 1c008220 0007a803 lw               x16, 0(x15)         x16=0fc90035 x15:1c00035c  PA:1c00035c
13523614ns          220640 1c008224 0047a503 lw               x10, 4(x15)         x10=0ead0fc3 x15:1c00035c  PA:1c000360
13523933ns          220656 1c008226 0087a583 lw               x11, 8(x15)         x11=0e520def x15:1c00035c  PA:1c000364
13524231ns          220671 1c008228 00c7a603 lw               x12, 12(x15)        x12=00680287 x15:1c00035c  PA:1c000368
13524529ns          220686 1c00822a 01072023 sw               x16, 0(x14)         x16:0fc90035 x14:10003e18  PA:10003e18
13524549ns          220687 1c00822e 00a72223 sw               x10, 4(x14)         x10:0ead0fc3 x14:10003e18  PA:10003e1c
13524569ns          220688 1c008230 00b72423 sw               x11, 8(x14)         x11:0e520def x14:10003e18  PA:10003e20
13524589ns          220689 1c008232 00c72623 sw               x12, 12(x14)        x12:00680287 x14:10003e18  PA:10003e24
13524609ns          220690 1c008234 01078793 addi             x15, x15, 16        x15=1c00036c x15:1c00035c
13524629ns          220691 1c008236 01070713 addi             x14, x14, 16        x14=10003e28 x14:10003e18
13524649ns          220692 1c008220 0007a803 lw               x16, 0(x15)         x16=0f650edb x15:1c00036c  PA:1c00036c
13524947ns          220707 1c008224 0047a503 lw               x10, 4(x15)         x10=00670f19 x15:1c00036c  PA:1c000370
13525265ns          220723 1c008226 0087a583 lw               x11, 8(x15)         x11=0d9f0e75 x15:1c00036c  PA:1c000374
13525563ns          220738 1c008228 00c7a603 lw               x12, 12(x15)        x12=01ad0c5f x15:1c00036c  PA:1c000378
13525862ns          220753 1c00822a 01072023 sw               x16, 0(x14)         x16:0f650edb x14:10003e28  PA:10003e28
13525882ns          220754 1c00822e 00a72223 sw               x10, 4(x14)         x10:00670f19 x14:10003e28  PA:10003e2c
13525901ns          220755 1c008230 00b72423 sw               x11, 8(x14)         x11:0d9f0e75 x14:10003e28  PA:10003e30
13525921ns          220756 1c008232 00c72623 sw               x12, 12(x14)        x12:01ad0c5f x14:10003e28  PA:10003e34
13525941ns          220757 1c008234 01078793 addi             x15, x15, 16        x15=1c00037c x15:1c00036c
13525961ns          220758 1c008236 01070713 addi             x14, x14, 16        x14=10003e38 x14:10003e28
13525981ns          220759 1c008220 0007a803 lw               x16, 0(x15)         x16=013b00a2 x15:1c00037c  PA:1c00037c
13526319ns          220776 1c008224 0047a503 lw               x10, 4(x15)         x10=009900fc x15:1c00037c  PA:1c000380
13526737ns          220797 1c008226 0087a583 lw               x11, 8(x15)         x11=001f000e x15:1c00037c  PA:1c000384
13527095ns          220815 1c008228 00c7a603 lw               x12, 12(x15)        x12=004f0f2c x15:1c00037c  PA:1c000388
13527393ns          220830 1c00822a 01072023 sw               x16, 0(x14)         x16:013b00a2 x14:10003e38  PA:10003e38
13527413ns          220831 1c00822e 00a72223 sw               x10, 4(x14)         x10:009900fc x14:10003e38  PA:10003e3c
13527433ns          220832 1c008230 00b72423 sw               x11, 8(x14)         x11:001f000e x14:10003e38  PA:10003e40
13527453ns          220833 1c008232 00c72623 sw               x12, 12(x14)        x12:004f0f2c x14:10003e38  PA:10003e44
13527473ns          220834 1c008234 01078793 addi             x15, x15, 16        x15=1c00038c x15:1c00037c
13527493ns          220835 1c008236 01070713 addi             x14, x14, 16        x14=10003e48 x14:10003e38
13527512ns          220836 1c008220 0007a803 lw               x16, 0(x15)         x16=0c9b0228 x15:1c00038c  PA:1c00038c
13527831ns          220852 1c008224 0047a503 lw               x10, 4(x15)         x10=00af0026 x15:1c00038c  PA:1c000390
13528129ns          220867 1c008226 0087a583 lw               x11, 8(x15)         x11=0f5c0012 x15:1c00038c  PA:1c000394
13528427ns          220882 1c008228 00c7a603 lw               x12, 12(x15)        x12=017002c0 x15:1c00038c  PA:1c000398
13528726ns          220897 1c00822a 01072023 sw               x16, 0(x14)         x16:0c9b0228 x14:10003e48  PA:10003e48
13528745ns          220898 1c00822e 00a72223 sw               x10, 4(x14)         x10:00af0026 x14:10003e48  PA:10003e4c
13528765ns          220899 1c008230 00b72423 sw               x11, 8(x14)         x11:0f5c0012 x14:10003e48  PA:10003e50
13528785ns          220900 1c008232 00c72623 sw               x12, 12(x14)        x12:017002c0 x14:10003e48  PA:10003e54
13528805ns          220901 1c008234 01078793 addi             x15, x15, 16        x15=1c00039c x15:1c00038c
13528825ns          220902 1c008236 01070713 addi             x14, x14, 16        x14=10003e58 x14:10003e48
13528845ns          220903 1c008220 0007a803 lw               x16, 0(x15)         x16=0f770c56 x15:1c00039c  PA:1c00039c
13529163ns          220919 1c008224 0047a503 lw               x10, 4(x15)         x10=00210fee x15:1c00039c  PA:1c0003a0
13529481ns          220935 1c008226 0087a583 lw               x11, 8(x15)         x11=0fa90c57 x15:1c00039c  PA:1c0003a4
13529839ns          220953 1c008228 00c7a603 lw               x12, 12(x15)        x12=0103009d x15:1c00039c  PA:1c0003a8
13530138ns          220968 1c00822a 01072023 sw               x16, 0(x14)         x16:0f770c56 x14:10003e58  PA:10003e58
13530158ns          220969 1c00822e 00a72223 sw               x10, 4(x14)         x10:00210fee x14:10003e58  PA:10003e5c
13530177ns          220970 1c008230 00b72423 sw               x11, 8(x14)         x11:0fa90c57 x14:10003e58  PA:10003e60
13530197ns          220971 1c008232 00c72623 sw               x12, 12(x14)        x12:0103009d x14:10003e58  PA:10003e64
13530217ns          220972 1c008234 01078793 addi             x15, x15, 16        x15=1c0003ac x15:1c00039c
13530237ns          220973 1c008236 01070713 addi             x14, x14, 16        x14=10003e68 x14:10003e58
13530257ns          220974 1c008220 0007a803 lw               x16, 0(x15)         x16=0dde0019 x15:1c0003ac  PA:1c0003ac
13530575ns          220990 1c008224 0047a503 lw               x10, 4(x15)         x10=0e5a0d3f x15:1c0003ac  PA:1c0003b0
13530873ns          221005 1c008226 0087a583 lw               x11, 8(x15)         x11=0e2e011a x15:1c0003ac  PA:1c0003b4
13531172ns          221020 1c008228 00c7a603 lw               x12, 12(x15)        x12=0ea80080 x15:1c0003ac  PA:1c0003b8
13531470ns          221035 1c00822a 01072023 sw               x16, 0(x14)         x16:0dde0019 x14:10003e68  PA:10003e68
13531490ns          221036 1c00822e 00a72223 sw               x10, 4(x14)         x10:0e5a0d3f x14:10003e68  PA:10003e6c
13531510ns          221037 1c008230 00b72423 sw               x11, 8(x14)         x11:0e2e011a x14:10003e68  PA:10003e70
13531530ns          221038 1c008232 00c72623 sw               x12, 12(x14)        x12:0ea80080 x14:10003e68  PA:10003e74
13531550ns          221039 1c008234 01078793 addi             x15, x15, 16        x15=1c0003bc x15:1c0003ac
13531570ns          221040 1c008236 01070713 addi             x14, x14, 16        x14=10003e78 x14:10003e68
13531589ns          221041 1c008220 0007a803 lw               x16, 0(x15)         x16=0fab0fb5 x15:1c0003bc  PA:1c0003bc
13531908ns          221057 1c008224 0047a503 lw               x10, 4(x15)         x10=0f0300b1 x15:1c0003bc  PA:1c0003c0
13532206ns          221072 1c008226 0087a583 lw               x11, 8(x15)         x11=0fe10ef1 x15:1c0003bc  PA:1c0003c4
13532504ns          221087 1c008228 00c7a603 lw               x12, 12(x15)        x12=0ad302cf x15:1c0003bc  PA:1c0003c8
13532803ns          221102 1c00822a 01072023 sw               x16, 0(x14)         x16:0fab0fb5 x14:10003e78  PA:10003e78
13532823ns          221103 1c00822e 00a72223 sw               x10, 4(x14)         x10:0f0300b1 x14:10003e78  PA:10003e7c
13532842ns          221104 1c008230 00b72423 sw               x11, 8(x14)         x11:0fe10ef1 x14:10003e78  PA:10003e80
13532862ns          221105 1c008232 00c72623 sw               x12, 12(x14)        x12:0ad302cf x14:10003e78  PA:10003e84
13532882ns          221106 1c008234 01078793 addi             x15, x15, 16        x15=1c0003cc x15:1c0003bc
13532902ns          221107 1c008236 01070713 addi             x14, x14, 16        x14=10003e88 x14:10003e78
13532922ns          221108 1c008220 0007a803 lw               x16, 0(x15)         x16=0eae0fe5 x15:1c0003cc  PA:1c0003cc
13533220ns          221123 1c008224 0047a503 lw               x10, 4(x15)         x10=003c00af x15:1c0003cc  PA:1c0003d0
13533519ns          221138 1c008226 0087a583 lw               x11, 8(x15)         x11=029700f5 x15:1c0003cc  PA:1c0003d4
13533817ns          221153 1c008228 00c7a603 lw               x12, 12(x15)        x12=0fcf00a5 x15:1c0003cc  PA:1c0003d8
13534115ns          221168 1c00822a 01072023 sw               x16, 0(x14)         x16:0eae0fe5 x14:10003e88  PA:10003e88
13534135ns          221169 1c00822e 00a72223 sw               x10, 4(x14)         x10:003c00af x14:10003e88  PA:10003e8c
13534155ns          221170 1c008230 00b72423 sw               x11, 8(x14)         x11:029700f5 x14:10003e88  PA:10003e90
13534175ns          221171 1c008232 00c72623 sw               x12, 12(x14)        x12:0fcf00a5 x14:10003e88  PA:10003e94
13534195ns          221172 1c008234 01078793 addi             x15, x15, 16        x15=1c0003dc x15:1c0003cc
13534215ns          221173 1c008236 01070713 addi             x14, x14, 16        x14=10003e98 x14:10003e88
13534235ns          221174 1c008220 0007a803 lw               x16, 0(x15)         x16=025a0d94 x15:1c0003dc  PA:1c0003dc
13534553ns          221190 1c008224 0047a503 lw               x10, 4(x15)         x10=00900eb8 x15:1c0003dc  PA:1c0003e0
13534851ns          221205 1c008226 0087a583 lw               x11, 8(x15)         x11=034c022e x15:1c0003dc  PA:1c0003e4
13535149ns          221220 1c008228 00c7a603 lw               x12, 12(x15)        x12=00760e50 x15:1c0003dc  PA:1c0003e8
13535448ns          221235 1c00822a 01072023 sw               x16, 0(x14)         x16:025a0d94 x14:10003e98  PA:10003e98
13535468ns          221236 1c00822e 00a72223 sw               x10, 4(x14)         x10:00900eb8 x14:10003e98  PA:10003e9c
13535488ns          221237 1c008230 00b72423 sw               x11, 8(x14)         x11:034c022e x14:10003e98  PA:10003ea0
13535507ns          221238 1c008232 00c72623 sw               x12, 12(x14)        x12:00760e50 x14:10003e98  PA:10003ea4
13535527ns          221239 1c008234 01078793 addi             x15, x15, 16        x15=1c0003ec x15:1c0003dc
13535547ns          221240 1c008236 01070713 addi             x14, x14, 16        x14=10003ea8 x14:10003e98
13535567ns          221241 1c008220 0007a803 lw               x16, 0(x15)         x16=00400ee6 x15:1c0003ec  PA:1c0003ec
13535885ns          221257 1c008224 0047a503 lw               x10, 4(x15)         x10=0e240266 x15:1c0003ec  PA:1c0003f0
13536184ns          221272 1c008226 0087a583 lw               x11, 8(x15)         x11=00970ea3 x15:1c0003ec  PA:1c0003f4
13536482ns          221287 1c008228 00c7a603 lw               x12, 12(x15)        x12=01670e25 x15:1c0003ec  PA:1c0003f8
13536780ns          221302 1c00822a 01072023 sw               x16, 0(x14)         x16:00400ee6 x14:10003ea8  PA:10003ea8
13536800ns          221303 1c00822e 00a72223 sw               x10, 4(x14)         x10:0e240266 x14:10003ea8  PA:10003eac
13536820ns          221304 1c008230 00b72423 sw               x11, 8(x14)         x11:00970ea3 x14:10003ea8  PA:10003eb0
13536840ns          221305 1c008232 00c72623 sw               x12, 12(x14)        x12:01670e25 x14:10003ea8  PA:10003eb4
13536860ns          221306 1c008234 01078793 addi             x15, x15, 16        x15=1c0003fc x15:1c0003ec
13536880ns          221307 1c008236 01070713 addi             x14, x14, 16        x14=10003eb8 x14:10003ea8
13536900ns          221308 1c008220 0007a803 lw               x16, 0(x15)         x16=009b0f1c x15:1c0003fc  PA:1c0003fc
13537258ns          221326 1c008224 0047a503 lw               x10, 4(x15)         x10=00250e36 x15:1c0003fc  PA:1c000400
13537655ns          221346 1c008226 0087a583 lw               x11, 8(x15)         x11=010a0dbb x15:1c0003fc  PA:1c000404
13538013ns          221364 1c008228 00c7a603 lw               x12, 12(x15)        x12=05680e49 x15:1c0003fc  PA:1c000408
13538312ns          221379 1c00822a 01072023 sw               x16, 0(x14)         x16:009b0f1c x14:10003eb8  PA:10003eb8
13538331ns          221380 1c00822e 00a72223 sw               x10, 4(x14)         x10:00250e36 x14:10003eb8  PA:10003ebc
13538351ns          221381 1c008230 00b72423 sw               x11, 8(x14)         x11:010a0dbb x14:10003eb8  PA:10003ec0
13538371ns          221382 1c008232 00c72623 sw               x12, 12(x14)        x12:05680e49 x14:10003eb8  PA:10003ec4
13538391ns          221383 1c008234 01078793 addi             x15, x15, 16        x15=1c00040c x15:1c0003fc
13538411ns          221384 1c008236 01070713 addi             x14, x14, 16        x14=10003ec8 x14:10003eb8
13538431ns          221385 1c008220 0007a803 lw               x16, 0(x15)         x16=0fb60efa x15:1c00040c  PA:1c00040c
13538729ns          221400 1c008224 0047a503 lw               x10, 4(x15)         x10=02e402b2 x15:1c00040c  PA:1c000410
13539028ns          221415 1c008226 0087a583 lw               x11, 8(x15)         x11=0f6e0fcb x15:1c00040c  PA:1c000414
13539326ns          221430 1c008228 00c7a603 lw               x12, 12(x15)        x12=0e120fa7 x15:1c00040c  PA:1c000418
13539664ns          221447 1c00822a 01072023 sw               x16, 0(x14)         x16:0fb60efa x14:10003ec8  PA:10003ec8
13539684ns          221448 1c00822e 00a72223 sw               x10, 4(x14)         x10:02e402b2 x14:10003ec8  PA:10003ecc
13539704ns          221449 1c008230 00b72423 sw               x11, 8(x14)         x11:0f6e0fcb x14:10003ec8  PA:10003ed0
13539724ns          221450 1c008232 00c72623 sw               x12, 12(x14)        x12:0e120fa7 x14:10003ec8  PA:10003ed4
13539744ns          221451 1c008234 01078793 addi             x15, x15, 16        x15=1c00041c x15:1c00040c
13539763ns          221452 1c008236 01070713 addi             x14, x14, 16        x14=10003ed8 x14:10003ec8
13539783ns          221453 1c008220 0007a803 lw               x16, 0(x15)         x16=0f520339 x15:1c00041c  PA:1c00041c
13540181ns          221473 1c008224 0047a503 lw               x10, 4(x15)         x10=0d1a0181 x15:1c00041c  PA:1c000420
13540579ns          221493 1c008226 0087a583 lw               x11, 8(x15)         x11=02af01d5 x15:1c00041c  PA:1c000424
13540937ns          221511 1c008228 00c7a603 lw               x12, 12(x15)        x12=0e7b0f6f x15:1c00041c  PA:1c000428
13541255ns          221527 1c00822a 01072023 sw               x16, 0(x14)         x16:0f520339 x14:10003ed8  PA:10003ed8
13541275ns          221528 1c00822e 00a72223 sw               x10, 4(x14)         x10:0d1a0181 x14:10003ed8  PA:10003edc
13541295ns          221529 1c008230 00b72423 sw               x11, 8(x14)         x11:02af01d5 x14:10003ed8  PA:10003ee0
13541315ns          221530 1c008232 00c72623 sw               x12, 12(x14)        x12:0e7b0f6f x14:10003ed8  PA:10003ee4
13541335ns          221531 1c008234 01078793 addi             x15, x15, 16        x15=1c00042c x15:1c00041c
13541354ns          221532 1c008236 01070713 addi             x14, x14, 16        x14=10003ee8 x14:10003ed8
13541374ns          221533 1c008220 0007a803 lw               x16, 0(x15)         x16=011e0da0 x15:1c00042c  PA:1c00042c
13541752ns          221552 1c008224 0047a503 lw               x10, 4(x15)         x10=005a003e x15:1c00042c  PA:1c000430
13542150ns          221572 1c008226 0087a583 lw               x11, 8(x15)         x11=01490021 x15:1c00042c  PA:1c000434
13542508ns          221590 1c008228 00c7a603 lw               x12, 12(x15)        x12=01e90071 x15:1c00042c  PA:1c000438
13542866ns          221608 1c00822a 01072023 sw               x16, 0(x14)         x16:011e0da0 x14:10003ee8  PA:10003ee8
13542886ns          221609 1c00822e 00a72223 sw               x10, 4(x14)         x10:005a003e x14:10003ee8  PA:10003eec
13542906ns          221610 1c008230 00b72423 sw               x11, 8(x14)         x11:01490021 x14:10003ee8  PA:10003ef0
13542926ns          221611 1c008232 00c72623 sw               x12, 12(x14)        x12:01e90071 x14:10003ee8  PA:10003ef4
13542946ns          221612 1c008234 01078793 addi             x15, x15, 16        x15=1c00043c x15:1c00042c
13542965ns          221613 1c008236 01070713 addi             x14, x14, 16        x14=10003ef8 x14:10003ee8
13542985ns          221614 1c008220 0007a803 lw               x16, 0(x15)         x16=0eab0085 x15:1c00043c  PA:1c00043c
13543363ns          221633 1c008224 0047a503 lw               x10, 4(x15)         x10=038f004d x15:1c00043c  PA:1c000440
13543781ns          221654 1c008226 0087a583 lw               x11, 8(x15)         x11=0c630e3a x15:1c00043c  PA:1c000444
13544119ns          221671 1c008228 00c7a603 lw               x12, 12(x15)        x12=02010f88 x15:1c00043c  PA:1c000448
13544417ns          221686 1c00822a 01072023 sw               x16, 0(x14)         x16:0eab0085 x14:10003ef8  PA:10003ef8
13544437ns          221687 1c00822e 00a72223 sw               x10, 4(x14)         x10:038f004d x14:10003ef8  PA:10003efc
13544457ns          221688 1c008230 00b72423 sw               x11, 8(x14)         x11:0c630e3a x14:10003ef8  PA:10003f00
13544477ns          221689 1c008232 00c72623 sw               x12, 12(x14)        x12:02010f88 x14:10003ef8  PA:10003f04
13544497ns          221690 1c008234 01078793 addi             x15, x15, 16        x15=1c00044c x15:1c00043c
13544517ns          221691 1c008236 01070713 addi             x14, x14, 16        x14=10003f08 x14:10003ef8
13544537ns          221692 1c008220 0007a803 lw               x16, 0(x15)         x16=001a0157 x15:1c00044c  PA:1c00044c
13544835ns          221707 1c008224 0047a503 lw               x10, 4(x15)         x10=0e780001 x15:1c00044c  PA:1c000450
13545173ns          221724 1c008226 0087a583 lw               x11, 8(x15)         x11=014c0074 x15:1c00044c  PA:1c000454
13545531ns          221742 1c008228 00c7a603 lw               x12, 12(x15)        x12=00220fd4 x15:1c00044c  PA:1c000458
13545829ns          221757 1c00822a 01072023 sw               x16, 0(x14)         x16:001a0157 x14:10003f08  PA:10003f08
13545849ns          221758 1c00822e 00a72223 sw               x10, 4(x14)         x10:0e780001 x14:10003f08  PA:10003f0c
13545869ns          221759 1c008230 00b72423 sw               x11, 8(x14)         x11:014c0074 x14:10003f08  PA:10003f10
13545889ns          221760 1c008232 00c72623 sw               x12, 12(x14)        x12:00220fd4 x14:10003f08  PA:10003f14
13545909ns          221761 1c008234 01078793 addi             x15, x15, 16        x15=1c00045c x15:1c00044c
13545929ns          221762 1c008236 01070713 addi             x14, x14, 16        x14=10003f18 x14:10003f08
13545949ns          221763 1c008220 0007a803 lw               x16, 0(x15)         x16=00480db6 x15:1c00045c  PA:1c00045c
13546247ns          221778 1c008224 0047a503 lw               x10, 4(x15)         x10=01ee0038 x15:1c00045c  PA:1c000460
13546545ns          221793 1c008226 0087a583 lw               x11, 8(x15)         x11=0e2002cf x15:1c00045c  PA:1c000464
13546844ns          221808 1c008228 00c7a603 lw               x12, 12(x15)        x12=0e4c003f x15:1c00045c  PA:1c000468
13547162ns          221824 1c00822a 01072023 sw               x16, 0(x14)         x16:00480db6 x14:10003f18  PA:10003f18
13547182ns          221825 1c00822e 00a72223 sw               x10, 4(x14)         x10:01ee0038 x14:10003f18  PA:10003f1c
13547202ns          221826 1c008230 00b72423 sw               x11, 8(x14)         x11:0e2002cf x14:10003f18  PA:10003f20
13547221ns          221827 1c008232 00c72623 sw               x12, 12(x14)        x12:0e4c003f x14:10003f18  PA:10003f24
13547241ns          221828 1c008234 01078793 addi             x15, x15, 16        x15=1c00046c x15:1c00045c
13547261ns          221829 1c008236 01070713 addi             x14, x14, 16        x14=10003f28 x14:10003f18
13547281ns          221830 1c008220 0007a803 lw               x16, 0(x15)         x16=0ec20ffe x15:1c00046c  PA:1c00046c
13547679ns          221850 1c008224 0047a503 lw               x10, 4(x15)         x10=0fd202be x15:1c00046c  PA:1c000470
13548077ns          221870 1c008226 0087a583 lw               x11, 8(x15)         x11=0fa500b5 x15:1c00046c  PA:1c000474
13548415ns          221887 1c008228 00c7a603 lw               x12, 12(x15)        x12=0ceb0125 x15:1c00046c  PA:1c000478
13548713ns          221902 1c00822a 01072023 sw               x16, 0(x14)         x16:0ec20ffe x14:10003f28  PA:10003f28
13548733ns          221903 1c00822e 00a72223 sw               x10, 4(x14)         x10:0fd202be x14:10003f28  PA:10003f2c
13548753ns          221904 1c008230 00b72423 sw               x11, 8(x14)         x11:0fa500b5 x14:10003f28  PA:10003f30
13548773ns          221905 1c008232 00c72623 sw               x12, 12(x14)        x12:0ceb0125 x14:10003f28  PA:10003f34
13548793ns          221906 1c008234 01078793 addi             x15, x15, 16        x15=1c00047c x15:1c00046c
13548812ns          221907 1c008236 01070713 addi             x14, x14, 16        x14=10003f38 x14:10003f28
13548832ns          221908 1c008220 0007a803 lw               x16, 0(x15)         x16=0e260d8d x15:1c00047c  PA:1c00047c
13549151ns          221924 1c008224 0047a503 lw               x10, 4(x15)         x10=004601bd x15:1c00047c  PA:1c000480
13549548ns          221944 1c008226 0087a583 lw               x11, 8(x15)         x11=0ee30024 x15:1c00047c  PA:1c000484
13549906ns          221962 1c008228 00c7a603 lw               x12, 12(x15)        x12=01070d3c x15:1c00047c  PA:1c000488
13550205ns          221977 1c00822a 01072023 sw               x16, 0(x14)         x16:0e260d8d x14:10003f38  PA:10003f38
13550225ns          221978 1c00822e 00a72223 sw               x10, 4(x14)         x10:004601bd x14:10003f38  PA:10003f3c
13550244ns          221979 1c008230 00b72423 sw               x11, 8(x14)         x11:0ee30024 x14:10003f38  PA:10003f40
13550264ns          221980 1c008232 00c72623 sw               x12, 12(x14)        x12:01070d3c x14:10003f38  PA:10003f44
13550284ns          221981 1c008234 01078793 addi             x15, x15, 16        x15=1c00048c x15:1c00047c
13550304ns          221982 1c008236 01070713 addi             x14, x14, 16        x14=10003f48 x14:10003f38
13550324ns          221983 1c008220 0007a803 lw               x16, 0(x15)         x16=001f01bd x15:1c00048c  PA:1c00048c
13550622ns          221998 1c008224 0047a503 lw               x10, 4(x15)         x10=0dd10ef5 x15:1c00048c  PA:1c000490
13550921ns          222013 1c008226 0087a583 lw               x11, 8(x15)         x11=0cc00f4e x15:1c00048c  PA:1c000494
13551219ns          222028 1c008228 00c7a603 lw               x12, 12(x15)        x12=00160ee4 x15:1c00048c  PA:1c000498
13551537ns          222044 1c00822a 01072023 sw               x16, 0(x14)         x16:001f01bd x14:10003f48  PA:10003f48
13551557ns          222045 1c00822e 00a72223 sw               x10, 4(x14)         x10:0dd10ef5 x14:10003f48  PA:10003f4c
13551577ns          222046 1c008230 00b72423 sw               x11, 8(x14)         x11:0cc00f4e x14:10003f48  PA:10003f50
13551597ns          222047 1c008232 00c72623 sw               x12, 12(x14)        x12:00160ee4 x14:10003f48  PA:10003f54
13551617ns          222048 1c008234 01078793 addi             x15, x15, 16        x15=1c00049c x15:1c00048c
13551637ns          222049 1c008236 01070713 addi             x14, x14, 16        x14=10003f58 x14:10003f48
13551656ns          222050 1c008220 0007a803 lw               x16, 0(x15)         x16=0fb00f79 x15:1c00049c  PA:1c00049c
13552054ns          222070 1c008224 0047a503 lw               x10, 4(x15)         x10=0fe80029 x15:1c00049c  PA:1c0004a0
13552452ns          222090 1c008226 0087a583 lw               x11, 8(x15)         x11=0eba018c x15:1c00049c  PA:1c0004a4
13552790ns          222107 1c008228 00c7a603 lw               x12, 12(x15)        x12=00e60f76 x15:1c00049c  PA:1c0004a8
13553088ns          222122 1c00822a 01072023 sw               x16, 0(x14)         x16:0fb00f79 x14:10003f58  PA:10003f58
13553108ns          222123 1c00822e 00a72223 sw               x10, 4(x14)         x10:0fe80029 x14:10003f58  PA:10003f5c
13553128ns          222124 1c008230 00b72423 sw               x11, 8(x14)         x11:0eba018c x14:10003f58  PA:10003f60
13553148ns          222125 1c008232 00c72623 sw               x12, 12(x14)        x12:00e60f76 x14:10003f58  PA:10003f64
13553168ns          222126 1c008234 01078793 addi             x15, x15, 16        x15=1c0004ac x15:1c00049c
13553188ns          222127 1c008236 01070713 addi             x14, x14, 16        x14=10003f68 x14:10003f58
13553208ns          222128 1c008220 0007a803 lw               x16, 0(x15)         x16=003e0fc4 x15:1c0004ac  PA:1c0004ac
13553506ns          222143 1c008224 0047a503 lw               x10, 4(x15)         x10=0e3e01d6 x15:1c0004ac  PA:1c0004b0
13553804ns          222158 1c008226 0087a583 lw               x11, 8(x15)         x11=0e400b1c x15:1c0004ac  PA:1c0004b4
13554103ns          222173 1c008228 00c7a603 lw               x12, 12(x15)        x12=0caa0f56 x15:1c0004ac  PA:1c0004b8
13554401ns          222188 1c00822a 01072023 sw               x16, 0(x14)         x16:003e0fc4 x14:10003f68  PA:10003f68
13554421ns          222189 1c00822e 00a72223 sw               x10, 4(x14)         x10:0e3e01d6 x14:10003f68  PA:10003f6c
13554441ns          222190 1c008230 00b72423 sw               x11, 8(x14)         x11:0e400b1c x14:10003f68  PA:10003f70
13554461ns          222191 1c008232 00c72623 sw               x12, 12(x14)        x12:0caa0f56 x14:10003f68  PA:10003f74
13554481ns          222192 1c008234 01078793 addi             x15, x15, 16        x15=1c0004bc x15:1c0004ac
13554500ns          222193 1c008236 01070713 addi             x14, x14, 16        x14=10003f78 x14:10003f68
13554520ns          222194 1c008220 0007a803 lw               x16, 0(x15)         x16=0ddd02f0 x15:1c0004bc  PA:1c0004bc
13554819ns          222209 1c008224 0047a503 lw               x10, 4(x15)         x10=0117013e x15:1c0004bc  PA:1c0004c0
13555177ns          222227 1c008226 0087a583 lw               x11, 8(x15)         x11=00510db9 x15:1c0004bc  PA:1c0004c4
13555515ns          222244 1c008228 00c7a603 lw               x12, 12(x15)        x12=00a9021b x15:1c0004bc  PA:1c0004c8
13555853ns          222261 1c00822a 01072023 sw               x16, 0(x14)         x16:0ddd02f0 x14:10003f78  PA:10003f78
13555873ns          222262 1c00822e 00a72223 sw               x10, 4(x14)         x10:0117013e x14:10003f78  PA:10003f7c
13555893ns          222263 1c008230 00b72423 sw               x11, 8(x14)         x11:00510db9 x14:10003f78  PA:10003f80
13555912ns          222264 1c008232 00c72623 sw               x12, 12(x14)        x12:00a9021b x14:10003f78  PA:10003f84
13555932ns          222265 1c008234 01078793 addi             x15, x15, 16        x15=1c0004cc x15:1c0004bc
13555952ns          222266 1c008236 01070713 addi             x14, x14, 16        x14=10003f88 x14:10003f78
13555972ns          222267 1c008220 0007a803 lw               x16, 0(x15)         x16=0f550239 x15:1c0004cc  PA:1c0004cc
13556270ns          222282 1c008224 0047a503 lw               x10, 4(x15)         x10=0de50f0f x15:1c0004cc  PA:1c0004d0
13556569ns          222297 1c008226 0087a583 lw               x11, 8(x15)         x11=01b80e8a x15:1c0004cc  PA:1c0004d4
13556887ns          222313 1c008228 00c7a603 lw               x12, 12(x15)        x12=0d360e8e x15:1c0004cc  PA:1c0004d8
13557225ns          222330 1c00822a 01072023 sw               x16, 0(x14)         x16:0f550239 x14:10003f88  PA:10003f88
13557245ns          222331 1c00822e 00a72223 sw               x10, 4(x14)         x10:0de50f0f x14:10003f88  PA:10003f8c
13557265ns          222332 1c008230 00b72423 sw               x11, 8(x14)         x11:01b80e8a x14:10003f88  PA:10003f90
13557285ns          222333 1c008232 00c72623 sw               x12, 12(x14)        x12:0d360e8e x14:10003f88  PA:10003f94
13557305ns          222334 1c008234 01078793 addi             x15, x15, 16        x15=1c0004dc x15:1c0004cc
13557325ns          222335 1c008236 01070713 addi             x14, x14, 16        x14=10003f98 x14:10003f88
13557344ns          222336 1c008220 0007a803 lw               x16, 0(x15)         x16=0f8b0e44 x15:1c0004dc  PA:1c0004dc
13557643ns          222351 1c008224 0047a503 lw               x10, 4(x15)         x10=0fe10f1e x15:1c0004dc  PA:1c0004e0
13557941ns          222366 1c008226 0087a583 lw               x11, 8(x15)         x11=02990ea9 x15:1c0004dc  PA:1c0004e4
13558259ns          222382 1c008228 00c7a603 lw               x12, 12(x15)        x12=02310f61 x15:1c0004dc  PA:1c0004e8
13558558ns          222397 1c00822a 01072023 sw               x16, 0(x14)         x16:0f8b0e44 x14:10003f98  PA:10003f98
13558577ns          222398 1c00822e 00a72223 sw               x10, 4(x14)         x10:0fe10f1e x14:10003f98  PA:10003f9c
13558597ns          222399 1c008230 00b72423 sw               x11, 8(x14)         x11:02990ea9 x14:10003f98  PA:10003fa0
13558617ns          222400 1c008232 00c72623 sw               x12, 12(x14)        x12:02310f61 x14:10003f98  PA:10003fa4
13558637ns          222401 1c008234 01078793 addi             x15, x15, 16        x15=1c0004ec x15:1c0004dc
13558657ns          222402 1c008236 01070713 addi             x14, x14, 16        x14=10003fa8 x14:10003f98
13558677ns          222403 1c008220 0007a803 lw               x16, 0(x15)         x16=02340247 x15:1c0004ec  PA:1c0004ec
13559075ns          222423 1c008224 0047a503 lw               x10, 4(x15)         x10=013e0d31 x15:1c0004ec  PA:1c0004f0
13559472ns          222443 1c008226 0087a583 lw               x11, 8(x15)         x11=0f830e0f x15:1c0004ec  PA:1c0004f4
13559791ns          222459 1c008228 00c7a603 lw               x12, 12(x15)        x12=00890099 x15:1c0004ec  PA:1c0004f8
13560149ns          222477 1c00822a 01072023 sw               x16, 0(x14)         x16:02340247 x14:10003fa8  PA:10003fa8
13560169ns          222478 1c00822e 00a72223 sw               x10, 4(x14)         x10:013e0d31 x14:10003fa8  PA:10003fac
13560188ns          222479 1c008230 00b72423 sw               x11, 8(x14)         x11:0f830e0f x14:10003fa8  PA:10003fb0
13560208ns          222480 1c008232 00c72623 sw               x12, 12(x14)        x12:00890099 x14:10003fa8  PA:10003fb4
13560228ns          222481 1c008234 01078793 addi             x15, x15, 16        x15=1c0004fc x15:1c0004ec
13560248ns          222482 1c008236 01070713 addi             x14, x14, 16        x14=10003fb8 x14:10003fa8
13560268ns          222483 1c008220 0007a803 lw               x16, 0(x15)         x16=009201a1 x15:1c0004fc  PA:1c0004fc
13560566ns          222498 1c008224 0047a503 lw               x10, 4(x15)         x10=01600df1 x15:1c0004fc  PA:1c000500
13560884ns          222514 1c008226 0087a583 lw               x11, 8(x15)         x11=00470f49 x15:1c0004fc  PA:1c000504
13561183ns          222529 1c008228 00c7a603 lw               x12, 12(x15)        x12=014b0e21 x15:1c0004fc  PA:1c000508
13561501ns          222545 1c00822a 01072023 sw               x16, 0(x14)         x16:009201a1 x14:10003fb8  PA:10003fb8
13561521ns          222546 1c00822e 00a72223 sw               x10, 4(x14)         x10:01600df1 x14:10003fb8  PA:10003fbc
13561541ns          222547 1c008230 00b72423 sw               x11, 8(x14)         x11:00470f49 x14:10003fb8  PA:10003fc0
13561561ns          222548 1c008232 00c72623 sw               x12, 12(x14)        x12:014b0e21 x14:10003fb8  PA:10003fc4
13561581ns          222549 1c008234 01078793 addi             x15, x15, 16        x15=1c00050c x15:1c0004fc
13561600ns          222550 1c008236 01070713 addi             x14, x14, 16        x14=10003fc8 x14:10003fb8
13561620ns          222551 1c008220 0007a803 lw               x16, 0(x15)         x16=0c1d0000 x15:1c00050c  PA:1c00050c
13562018ns          222571 1c008224 0047a503 lw               x10, 4(x15)         x10=01550032 x15:1c00050c  PA:1c000510
13562436ns          222592 1c008226 0087a583 lw               x11, 8(x15)         x11=01f50246 x15:1c00050c  PA:1c000514
13562794ns          222610 1c008228 00c7a603 lw               x12, 12(x15)        x12=0f9701f2 x15:1c00050c  PA:1c000518
13563092ns          222625 1c00822a 01072023 sw               x16, 0(x14)         x16:0c1d0000 x14:10003fc8  PA:10003fc8
13563112ns          222626 1c00822e 00a72223 sw               x10, 4(x14)         x10:01550032 x14:10003fc8  PA:10003fcc
13563132ns          222627 1c008230 00b72423 sw               x11, 8(x14)         x11:01f50246 x14:10003fc8  PA:10003fd0
13563152ns          222628 1c008232 00c72623 sw               x12, 12(x14)        x12:0f9701f2 x14:10003fc8  PA:10003fd4
13563172ns          222629 1c008234 01078793 addi             x15, x15, 16        x15=1c00051c x15:1c00050c
13563191ns          222630 1c008236 01070713 addi             x14, x14, 16        x14=10003fd8 x14:10003fc8
13563211ns          222631 1c008238 f14025f3 csrrs            x11, x0, 0xf14      x11=00000007
13563231ns          222632 1c00823c 1c000537 lui              x10, 0x1c000000     x10=1c000000
13563251ns          222633 1c008240 f455b433 p.bclr           x8, x11, 26, 5       x8=00000007 x11:00000007
13563291ns          222635 1c008244 4055d593 srai             x11, x11, 0x405     x11=00000000 x11:00000007
13563311ns          222636 1c008246 00800633 add              x12, x0, x8         x12=00000007  x8:00000007
13563331ns          222637 1c008248 f265b5b3 p.bclr           x11, x11, 25, 6     x11=00000000 x11:00000000
13563351ns          222638 1c00824c 51c50513 addi             x10, x10, 1308      x10=1c00051c x10:1c000000
13563390ns          222640 1c008250 1b1000ef jal              x1, 2480             x1=1c008254
13563649ns          222653 1c008c00 fc010113 addi             x2, x2, -64          x2=10003a88  x2:10003ac8
13563689ns          222655 1c008c02 02410313 addi             x6, x2, 36           x6=10003aac  x2:10003a88
13563709ns          222656 1c008c06 02c12423 sw               x12, 40(x2)         x12:00000007  x2:10003a88  PA:10003ab0
13563728ns          222657 1c008c08 00a00633 add              x12, x0, x10        x12=1c00051c x10:1c00051c
13563748ns          222658 1c008c0a 1c009537 lui              x10, 0x1c009000     x10=1c009000
13563768ns          222659 1c008c0e 02b12223 sw               x11, 36(x2)         x11:00000000  x2:10003a88  PA:10003aac
13564166ns          222679 1c008c10 02d12623 sw               x13, 44(x2)         x13:0000001f  x2:10003a88  PA:10003ab4
13564186ns          222680 1c008c12 00200593 addi             x11, x0, 2          x11=00000002
13564206ns          222681 1c008c14 006006b3 add              x13, x0, x6         x13=10003aac  x6:10003aac
13564226ns          222682 1c008c16 b9450513 addi             x10, x10, -1132     x10=1c008b94 x10:1c009000
13564246ns          222683 1c008c1a 00112e23 sw               x1, 28(x2)           x1:1c008254  x2:10003a88  PA:10003aa4
13564265ns          222684 1c008c1c 02e12823 sw               x14, 48(x2)         x14:10003fd8  x2:10003a88  PA:10003ab8
13564285ns          222685 1c008c1e 02f12a23 sw               x15, 52(x2)         x15:1c00051c  x2:10003a88  PA:10003abc
13564683ns          222705 1c008c20 03012c23 sw               x16, 56(x2)         x16:0c1d0000  x2:10003a88  PA:10003ac0
13564703ns          222706 1c008c22 03112e23 sw               x17, 60(x2)         x17:04870893  x2:10003a88  PA:10003ac4
13564723ns          222707 1c008c24 00612623 sw               x6, 12(x2)           x6:10003aac  x2:10003a88  PA:10003a94
13564743ns          222708 1c008c26 fbfff0ef jal              x1, -66              x1=1c008c28
13565220ns          222732 1c008be4 04a0006f jal              x0, 74             
13565260ns          222734 1c008c2e ed010113 addi             x2, x2, -304         x2=10003958  x2:10003a88
13565697ns          222756 1c008c30 12812423 sw               x8, 296(x2)          x8:00000007  x2:10003958  PA:10003a80
13565737ns          222758 1c008c34 00000413 addi             x8, x0, 0            x8=00000000
13565757ns          222759 1c008c36 11612823 sw               x22, 272(x2)        x22:00000000  x2:10003958  PA:10003a68
13565777ns          222760 1c008c3a 11712623 sw               x23, 268(x2)        x23:00000000  x2:10003958  PA:10003a64
13566214ns          222782 1c008c3e 11812423 sw               x24, 264(x2)        x24:00000000  x2:10003958  PA:10003a60
13566254ns          222784 1c008c42 11912223 sw               x25, 260(x2)        x25:00000000  x2:10003958  PA:10003a5c
13566274ns          222785 1c008c46 11a12023 sw               x26, 256(x2)        x26:00000000  x2:10003958  PA:10003a58
13566294ns          222786 1c008c4a 0fb12e23 sw               x27, 252(x2)        x27:00000000  x2:10003958  PA:10003a54
13566314ns          222787 1c008c4c 12112623 sw               x1, 300(x2)          x1:1c008c28  x2:10003958  PA:10003a84
13566732ns          222808 1c008c50 00800db3 add              x27, x0, x8         x27=00000000  x8:00000000
13566771ns          222810 1c008c52 12912223 sw               x9, 292(x2)          x9:00000000  x2:10003958  PA:10003a7c
13566791ns          222811 1c008c56 13212023 sw               x18, 288(x2)        x18:00000000  x2:10003958  PA:10003a78
13566811ns          222812 1c008c5a 11312e23 sw               x19, 284(x2)        x19:00000000  x2:10003958  PA:10003a74
13567249ns          222834 1c008c5e 11412c23 sw               x20, 280(x2)        x20:00000000  x2:10003958  PA:10003a70
13567288ns          222836 1c008c62 11512a23 sw               x21, 276(x2)        x21:00000000  x2:10003958  PA:10003a6c
13567308ns          222837 1c008c66 00a00b33 add              x22, x0, x10        x22=1c008b94 x10:1c008b94
13567328ns          222838 1c008c68 00b00d33 add              x26, x0, x11        x26=00000002 x11:00000002
13567348ns          222839 1c008c6a 00d00c33 add              x24, x0, x13        x24=10003aac x13:10003aac
13567368ns          222840 1c008c6c 1c000bb7 lui              x23, 0x1c000000     x23=1c000000
13567786ns          222861 1c008c70 02410c93 addi             x25, x2, 36         x25=1000397c  x2:10003958
13567825ns          222863 1c008c74 00c00433 add              x8, x0, x12          x8=1c00051c x12:1c00051c
13567845ns          222864 1c008c76 00044503 lbu              x10, 0(x8)          x10=00000045  x8:1c00051c  PA:1c00051c
13568283ns          222886 1c008c7a 00140413 addi             x8, x8, 1            x8=1c00051d  x8:1c00051c
13568303ns          222887 1c008c7c 00050e63 beq              x10, x0, 28         x10:00000045
13568323ns          222888 1c008c7e 02500793 addi             x15, x0, 37         x15=00000025
13568342ns          222889 1c008c82 04f50863 beq              x10, x15, 80        x10:00000045 x15:00000025
13568362ns          222890 1c008c86 01a005b3 add              x11, x0, x26        x11=00000002 x26:00000002
13568382ns          222891 1c008c88 000b00e7 jalr             x1, x22, 0           x1=1c008c8a x22:1c008b94
13569397ns          222942 1c008b94 000026b7 lui              x13, 0x2000         x13=00002000
13569436ns          222944 1c008b96 f14027f3 csrrs            x15, x0, 0xf14      x15=00000007
13569456ns          222945 1c008b9a f8068693 addi             x13, x13, -128      x13=00001f80 x13:00002000
13569894ns          222967 1c008b9e 00379713 slli             x14, x15, 0x3       x14=00000038 x15:00000007
13569914ns          222968 1c008ba2 00279793 slli             x15, x15, 0x2       x15=0000001c x15:00000007
13569934ns          222969 1c008ba4 00d7f7b3 and              x15, x15, x13       x15=00000000 x15:0000001c x13:00001f80
13569953ns          222970 1c008ba6 ee873733 p.bclr           x14, x14, 23, 8     x14=00000038 x14:00000038
13569973ns          222971 1c008baa 1a10f6b7 lui              x13, 0x1a10f000     x13=1a10f000
13570431ns          222994 1c008bae 0ff57513 andi             x10, x10, 255       x10=00000045 x10:00000045
13570451ns          222995 1c008bb2 00d70733 add              x14, x14, x13       x14=1a10f038 x14:00000038 x13:1a10f000
13570470ns          222996 1c008bb4 00a7e723 p.sw             x10, x0(x15)        x10:00000045 x15:00000000  PA:1a10f038
13571186ns          223032 1c008bb8 00000513 addi             x10, x0, 0          x10=00000000
13571206ns          223033 1c008bba 00008067 jalr             x0, x1, 0            x1:1c008c8a
13571266ns          223036 1c008c8a 31f52563 p.beqimm         x10, 778            x10:00000000
13571286ns          223037 1c008c8e 001d8d93 addi             x27, x27, 1         x27=00000001 x27:00000000
13571306ns          223038 1c008c90 00044503 lbu              x10, 0(x8)          x10=0000006e  x8:1c00051d  PA:1c00051d
13571604ns          223053 1c008c94 00140413 addi             x8, x8, 1            x8=1c00051e  x8:1c00051d
13571624ns          223054 1c008c96 fe0514e3 bne              x10, x0, -24        x10:0000006e
13571704ns          223058 1c008c7e 02500793 addi             x15, x0, 37         x15=00000025
13571723ns          223059 1c008c82 04f50863 beq              x10, x15, 80        x10:0000006e x15:00000025
13571743ns          223060 1c008c86 01a005b3 add              x11, x0, x26        x11=00000002 x26:00000002
13571763ns          223061 1c008c88 000b00e7 jalr             x1, x22, 0           x1=1c008c8a x22:1c008b94
13571803ns          223063 1c008b94 000026b7 lui              x13, 0x2000         x13=00002000
13571823ns          223064 1c008b96 f14027f3 csrrs            x15, x0, 0xf14      x15=00000007
13571843ns          223065 1c008b9a f8068693 addi             x13, x13, -128      x13=00001f80 x13:00002000
13571902ns          223068 1c008b9e 00379713 slli             x14, x15, 0x3       x14=00000038 x15:00000007
13571922ns          223069 1c008ba2 00279793 slli             x15, x15, 0x2       x15=0000001c x15:00000007
13571942ns          223070 1c008ba4 00d7f7b3 and              x15, x15, x13       x15=00000000 x15:0000001c x13:00001f80
13571962ns          223071 1c008ba6 ee873733 p.bclr           x14, x14, 23, 8     x14=00000038 x14:00000038
13571982ns          223072 1c008baa 1a10f6b7 lui              x13, 0x1a10f000     x13=1a10f000
13572002ns          223073 1c008bae 0ff57513 andi             x10, x10, 255       x10=0000006e x10:0000006e
13572022ns          223074 1c008bb2 00d70733 add              x14, x14, x13       x14=1a10f038 x14:00000038 x13:1a10f000
13572042ns          223075 1c008bb4 00a7e723 p.sw             x10, x0(x15)        x10:0000006e x15:00000000  PA:1a10f038
13572638ns          223105 1c008bb8 00000513 addi             x10, x0, 0          x10=00000000
13572658ns          223106 1c008bba 00008067 jalr             x0, x1, 0            x1:1c008c8a
13572718ns          223109 1c008c8a 31f52563 p.beqimm         x10, 778            x10:00000000
13572738ns          223110 1c008c8e 001d8d93 addi             x27, x27, 1         x27=00000002 x27:00000001
13572758ns          223111 1c008c90 00044503 lbu              x10, 0(x8)          x10=00000074  x8:1c00051e  PA:1c00051e
13573056ns          223126 1c008c94 00140413 addi             x8, x8, 1            x8=1c00051f  x8:1c00051e
13573076ns          223127 1c008c96 fe0514e3 bne              x10, x0, -24        x10:00000074
13573155ns          223131 1c008c7e 02500793 addi             x15, x0, 37         x15=00000025
13573175ns          223132 1c008c82 04f50863 beq              x10, x15, 80        x10:00000074 x15:00000025
13573195ns          223133 1c008c86 01a005b3 add              x11, x0, x26        x11=00000002 x26:00000002
13573215ns          223134 1c008c88 000b00e7 jalr             x1, x22, 0           x1=1c008c8a x22:1c008b94
13573255ns          223136 1c008b94 000026b7 lui              x13, 0x2000         x13=00002000
13573275ns          223137 1c008b96 f14027f3 csrrs            x15, x0, 0xf14      x15=00000007
13573295ns          223138 1c008b9a f8068693 addi             x13, x13, -128      x13=00001f80 x13:00002000
13573314ns          223139 1c008b9e 00379713 slli             x14, x15, 0x3       x14=00000038 x15:00000007
13573334ns          223140 1c008ba2 00279793 slli             x15, x15, 0x2       x15=0000001c x15:00000007
13573354ns          223141 1c008ba4 00d7f7b3 and              x15, x15, x13       x15=00000000 x15:0000001c x13:00001f80
13573374ns          223142 1c008ba6 ee873733 p.bclr           x14, x14, 23, 8     x14=00000038 x14:00000038
13573394ns          223143 1c008baa 1a10f6b7 lui              x13, 0x1a10f000     x13=1a10f000
13573414ns          223144 1c008bae 0ff57513 andi             x10, x10, 255       x10=00000074 x10:00000074
13573434ns          223145 1c008bb2 00d70733 add              x14, x14, x13       x14=1a10f038 x14:00000038 x13:1a10f000
13573454ns          223146 1c008bb4 00a7e723 p.sw             x10, x0(x15)        x10:00000074 x15:00000000  PA:1a10f038
13573812ns          223164 1c008bb8 00000513 addi             x10, x0, 0          x10=00000000
13573832ns          223165 1c008bba 00008067 jalr             x0, x1, 0            x1:1c008c8a
13573891ns          223168 1c008c8a 31f52563 p.beqimm         x10, 778            x10:00000000
13573911ns          223169 1c008c8e 001d8d93 addi             x27, x27, 1         x27=00000003 x27:00000002
13573931ns          223170 1c008c90 00044503 lbu              x10, 0(x8)          x10=00000065  x8:1c00051f  PA:1c00051f
13574229ns          223185 1c008c94 00140413 addi             x8, x8, 1            x8=1c000520  x8:1c00051f
13574249ns          223186 1c008c96 fe0514e3 bne              x10, x0, -24        x10:00000065
13574329ns          223190 1c008c7e 02500793 addi             x15, x0, 37         x15=00000025
13574349ns          223191 1c008c82 04f50863 beq              x10, x15, 80        x10:00000065 x15:00000025
13574369ns          223192 1c008c86 01a005b3 add              x11, x0, x26        x11=00000002 x26:00000002
13574388ns          223193 1c008c88 000b00e7 jalr             x1, x22, 0           x1=1c008c8a x22:1c008b94
13574428ns          223195 1c008b94 000026b7 lui              x13, 0x2000         x13=00002000
13574448ns          223196 1c008b96 f14027f3 csrrs            x15, x0, 0xf14      x15=00000007
13574468ns          223197 1c008b9a f8068693 addi             x13, x13, -128      x13=00001f80 x13:00002000
13574488ns          223198 1c008b9e 00379713 slli             x14, x15, 0x3       x14=00000038 x15:00000007
13574508ns          223199 1c008ba2 00279793 slli             x15, x15, 0x2       x15=0000001c x15:00000007
13574528ns          223200 1c008ba4 00d7f7b3 and              x15, x15, x13       x15=00000000 x15:0000001c x13:00001f80
13574548ns          223201 1c008ba6 ee873733 p.bclr           x14, x14, 23, 8     x14=00000038 x14:00000038
13574567ns          223202 1c008baa 1a10f6b7 lui              x13, 0x1a10f000     x13=1a10f000
13574587ns          223203 1c008bae 0ff57513 andi             x10, x10, 255       x10=00000065 x10:00000065
13574607ns          223204 1c008bb2 00d70733 add              x14, x14, x13       x14=1a10f038 x14:00000038 x13:1a10f000
13574627ns          223205 1c008bb4 00a7e723 p.sw             x10, x0(x15)        x10:00000065 x15:00000000  PA:1a10f038
13574965ns          223222 1c008bb8 00000513 addi             x10, x0, 0          x10=00000000
13574985ns          223223 1c008bba 00008067 jalr             x0, x1, 0            x1:1c008c8a
13575045ns          223226 1c008c8a 31f52563 p.beqimm         x10, 778            x10:00000000
13575065ns          223227 1c008c8e 001d8d93 addi             x27, x27, 1         x27=00000004 x27:00000003
13575085ns          223228 1c008c90 00044503 lbu              x10, 0(x8)          x10=00000072  x8:1c000520  PA:1c000520
13575403ns          223244 1c008c94 00140413 addi             x8, x8, 1            x8=1c000521  x8:1c000520
13575423ns          223245 1c008c96 fe0514e3 bne              x10, x0, -24        x10:00000072
13575502ns          223249 1c008c7e 02500793 addi             x15, x0, 37         x15=00000025
13575522ns          223250 1c008c82 04f50863 beq              x10, x15, 80        x10:00000072 x15:00000025
13575542ns          223251 1c008c86 01a005b3 add              x11, x0, x26        x11=00000002 x26:00000002
13575562ns          223252 1c008c88 000b00e7 jalr             x1, x22, 0           x1=1c008c8a x22:1c008b94
13575602ns          223254 1c008b94 000026b7 lui              x13, 0x2000         x13=00002000
13575621ns          223255 1c008b96 f14027f3 csrrs            x15, x0, 0xf14      x15=00000007
13575641ns          223256 1c008b9a f8068693 addi             x13, x13, -128      x13=00001f80 x13:00002000
13575661ns          223257 1c008b9e 00379713 slli             x14, x15, 0x3       x14=00000038 x15:00000007
13575681ns          223258 1c008ba2 00279793 slli             x15, x15, 0x2       x15=0000001c x15:00000007
13575701ns          223259 1c008ba4 00d7f7b3 and              x15, x15, x13       x15=00000000 x15:0000001c x13:00001f80
13575721ns          223260 1c008ba6 ee873733 p.bclr           x14, x14, 23, 8     x14=00000038 x14:00000038
13575741ns          223261 1c008baa 1a10f6b7 lui              x13, 0x1a10f000     x13=1a10f000
13575761ns          223262 1c008bae 0ff57513 andi             x10, x10, 255       x10=00000072 x10:00000072
13575781ns          223263 1c008bb2 00d70733 add              x14, x14, x13       x14=1a10f038 x14:00000038 x13:1a10f000
13575800ns          223264 1c008bb4 00a7e723 p.sw             x10, x0(x15)        x10:00000072 x15:00000000  PA:1a10f038
13576119ns          223280 1c008bb8 00000513 addi             x10, x0, 0          x10=00000000
13576139ns          223281 1c008bba 00008067 jalr             x0, x1, 0            x1:1c008c8a
13576198ns          223284 1c008c8a 31f52563 p.beqimm         x10, 778            x10:00000000
13576218ns          223285 1c008c8e 001d8d93 addi             x27, x27, 1         x27=00000005 x27:00000004
13576238ns          223286 1c008c90 00044503 lbu              x10, 0(x8)          x10=00000065  x8:1c000521  PA:1c000521
13576536ns          223301 1c008c94 00140413 addi             x8, x8, 1            x8=1c000522  x8:1c000521
13576556ns          223302 1c008c96 fe0514e3 bne              x10, x0, -24        x10:00000065
13576636ns          223306 1c008c7e 02500793 addi             x15, x0, 37         x15=00000025
13576656ns          223307 1c008c82 04f50863 beq              x10, x15, 80        x10:00000065 x15:00000025
13576676ns          223308 1c008c86 01a005b3 add              x11, x0, x26        x11=00000002 x26:00000002
13576695ns          223309 1c008c88 000b00e7 jalr             x1, x22, 0           x1=1c008c8a x22:1c008b94
13576735ns          223311 1c008b94 000026b7 lui              x13, 0x2000         x13=00002000
13576755ns          223312 1c008b96 f14027f3 csrrs            x15, x0, 0xf14      x15=00000007
13576775ns          223313 1c008b9a f8068693 addi             x13, x13, -128      x13=00001f80 x13:00002000
13576795ns          223314 1c008b9e 00379713 slli             x14, x15, 0x3       x14=00000038 x15:00000007
13576815ns          223315 1c008ba2 00279793 slli             x15, x15, 0x2       x15=0000001c x15:00000007
13576835ns          223316 1c008ba4 00d7f7b3 and              x15, x15, x13       x15=00000000 x15:0000001c x13:00001f80
13576855ns          223317 1c008ba6 ee873733 p.bclr           x14, x14, 23, 8     x14=00000038 x14:00000038
13576874ns          223318 1c008baa 1a10f6b7 lui              x13, 0x1a10f000     x13=1a10f000
13576894ns          223319 1c008bae 0ff57513 andi             x10, x10, 255       x10=00000065 x10:00000065
13576914ns          223320 1c008bb2 00d70733 add              x14, x14, x13       x14=1a10f038 x14:00000038 x13:1a10f000
13576934ns          223321 1c008bb4 00a7e723 p.sw             x10, x0(x15)        x10:00000065 x15:00000000  PA:1a10f038
13577272ns          223338 1c008bb8 00000513 addi             x10, x0, 0          x10=00000000
13577292ns          223339 1c008bba 00008067 jalr             x0, x1, 0            x1:1c008c8a
13577352ns          223342 1c008c8a 31f52563 p.beqimm         x10, 778            x10:00000000
13577372ns          223343 1c008c8e 001d8d93 addi             x27, x27, 1         x27=00000006 x27:00000005
13577392ns          223344 1c008c90 00044503 lbu              x10, 0(x8)          x10=00000064  x8:1c000522  PA:1c000522
13577690ns          223359 1c008c94 00140413 addi             x8, x8, 1            x8=1c000523  x8:1c000522
13577710ns          223360 1c008c96 fe0514e3 bne              x10, x0, -24        x10:00000064
13577789ns          223364 1c008c7e 02500793 addi             x15, x0, 37         x15=00000025
13577809ns          223365 1c008c82 04f50863 beq              x10, x15, 80        x10:00000064 x15:00000025
13577829ns          223366 1c008c86 01a005b3 add              x11, x0, x26        x11=00000002 x26:00000002
13577849ns          223367 1c008c88 000b00e7 jalr             x1, x22, 0           x1=1c008c8a x22:1c008b94
13577889ns          223369 1c008b94 000026b7 lui              x13, 0x2000         x13=00002000
13577909ns          223370 1c008b96 f14027f3 csrrs            x15, x0, 0xf14      x15=00000007
13577928ns          223371 1c008b9a f8068693 addi             x13, x13, -128      x13=00001f80 x13:00002000
13577948ns          223372 1c008b9e 00379713 slli             x14, x15, 0x3       x14=00000038 x15:00000007
13577968ns          223373 1c008ba2 00279793 slli             x15, x15, 0x2       x15=0000001c x15:00000007
13577988ns          223374 1c008ba4 00d7f7b3 and              x15, x15, x13       x15=00000000 x15:0000001c x13:00001f80
13578008ns          223375 1c008ba6 ee873733 p.bclr           x14, x14, 23, 8     x14=00000038 x14:00000038
13578028ns          223376 1c008baa 1a10f6b7 lui              x13, 0x1a10f000     x13=1a10f000
13578048ns          223377 1c008bae 0ff57513 andi             x10, x10, 255       x10=00000064 x10:00000064
13578068ns          223378 1c008bb2 00d70733 add              x14, x14, x13       x14=1a10f038 x14:00000038 x13:1a10f000
13578088ns          223379 1c008bb4 00a7e723 p.sw             x10, x0(x15)        x10:00000064 x15:00000000  PA:1a10f038
13578426ns          223396 1c008bb8 00000513 addi             x10, x0, 0          x10=00000000
13578446ns          223397 1c008bba 00008067 jalr             x0, x1, 0            x1:1c008c8a
13578505ns          223400 1c008c8a 31f52563 p.beqimm         x10, 778            x10:00000000
13578525ns          223401 1c008c8e 001d8d93 addi             x27, x27, 1         x27=00000007 x27:00000006
13578545ns          223402 1c008c90 00044503 lbu              x10, 0(x8)          x10=00000020  x8:1c000523  PA:1c000523
13578843ns          223417 1c008c94 00140413 addi             x8, x8, 1            x8=1c000524  x8:1c000523
13578863ns          223418 1c008c96 fe0514e3 bne              x10, x0, -24        x10:00000020
13578943ns          223422 1c008c7e 02500793 addi             x15, x0, 37         x15=00000025
13578963ns          223423 1c008c82 04f50863 beq              x10, x15, 80        x10:00000020 x15:00000025
13578983ns          223424 1c008c86 01a005b3 add              x11, x0, x26        x11=00000002 x26:00000002
13579002ns          223425 1c008c88 000b00e7 jalr             x1, x22, 0           x1=1c008c8a x22:1c008b94
13579042ns          223427 1c008b94 000026b7 lui              x13, 0x2000         x13=00002000
13579062ns          223428 1c008b96 f14027f3 csrrs            x15, x0, 0xf14      x15=00000007
13579082ns          223429 1c008b9a f8068693 addi             x13, x13, -128      x13=00001f80 x13:00002000
13579102ns          223430 1c008b9e 00379713 slli             x14, x15, 0x3       x14=00000038 x15:00000007
13579122ns          223431 1c008ba2 00279793 slli             x15, x15, 0x2       x15=0000001c x15:00000007
13579142ns          223432 1c008ba4 00d7f7b3 and              x15, x15, x13       x15=00000000 x15:0000001c x13:00001f80
13579162ns          223433 1c008ba6 ee873733 p.bclr           x14, x14, 23, 8     x14=00000038 x14:00000038
13579181ns          223434 1c008baa 1a10f6b7 lui              x13, 0x1a10f000     x13=1a10f000
13579201ns          223435 1c008bae 0ff57513 andi             x10, x10, 255       x10=00000020 x10:00000020
13579221ns          223436 1c008bb2 00d70733 add              x14, x14, x13       x14=1a10f038 x14:00000038 x13:1a10f000
13579241ns          223437 1c008bb4 00a7e723 p.sw             x10, x0(x15)        x10:00000020 x15:00000000  PA:1a10f038
13579579ns          223454 1c008bb8 00000513 addi             x10, x0, 0          x10=00000000
13579599ns          223455 1c008bba 00008067 jalr             x0, x1, 0            x1:1c008c8a
13579659ns          223458 1c008c8a 31f52563 p.beqimm         x10, 778            x10:00000000
13579679ns          223459 1c008c8e 001d8d93 addi             x27, x27, 1         x27=00000008 x27:00000007
13579699ns          223460 1c008c90 00044503 lbu              x10, 0(x8)          x10=00000063  x8:1c000524  PA:1c000524
13579997ns          223475 1c008c94 00140413 addi             x8, x8, 1            x8=1c000525  x8:1c000524
13580017ns          223476 1c008c96 fe0514e3 bne              x10, x0, -24        x10:00000063
13580096ns          223480 1c008c7e 02500793 addi             x15, x0, 37         x15=00000025
13580116ns          223481 1c008c82 04f50863 beq              x10, x15, 80        x10:00000063 x15:00000025
13580136ns          223482 1c008c86 01a005b3 add              x11, x0, x26        x11=00000002 x26:00000002
13580156ns          223483 1c008c88 000b00e7 jalr             x1, x22, 0           x1=1c008c8a x22:1c008b94
13580196ns          223485 1c008b94 000026b7 lui              x13, 0x2000         x13=00002000
13580216ns          223486 1c008b96 f14027f3 csrrs            x15, x0, 0xf14      x15=00000007
13580236ns          223487 1c008b9a f8068693 addi             x13, x13, -128      x13=00001f80 x13:00002000
13580255ns          223488 1c008b9e 00379713 slli             x14, x15, 0x3       x14=00000038 x15:00000007
13580275ns          223489 1c008ba2 00279793 slli             x15, x15, 0x2       x15=0000001c x15:00000007
13580295ns          223490 1c008ba4 00d7f7b3 and              x15, x15, x13       x15=00000000 x15:0000001c x13:00001f80
13580315ns          223491 1c008ba6 ee873733 p.bclr           x14, x14, 23, 8     x14=00000038 x14:00000038
13580335ns          223492 1c008baa 1a10f6b7 lui              x13, 0x1a10f000     x13=1a10f000
13580355ns          223493 1c008bae 0ff57513 andi             x10, x10, 255       x10=00000063 x10:00000063
13580375ns          223494 1c008bb2 00d70733 add              x14, x14, x13       x14=1a10f038 x14:00000038 x13:1a10f000
13580395ns          223495 1c008bb4 00a7e723 p.sw             x10, x0(x15)        x10:00000063 x15:00000000  PA:1a10f038
13580753ns          223513 1c008bb8 00000513 addi             x10, x0, 0          x10=00000000
13580772ns          223514 1c008bba 00008067 jalr             x0, x1, 0            x1:1c008c8a
13580832ns          223517 1c008c8a 31f52563 p.beqimm         x10, 778            x10:00000000
13580852ns          223518 1c008c8e 001d8d93 addi             x27, x27, 1         x27=00000009 x27:00000008
13580872ns          223519 1c008c90 00044503 lbu              x10, 0(x8)          x10=0000006c  x8:1c000525  PA:1c000525
13581170ns          223534 1c008c94 00140413 addi             x8, x8, 1            x8=1c000526  x8:1c000525
13581190ns          223535 1c008c96 fe0514e3 bne              x10, x0, -24        x10:0000006c
13581270ns          223539 1c008c7e 02500793 addi             x15, x0, 37         x15=00000025
13581290ns          223540 1c008c82 04f50863 beq              x10, x15, 80        x10:0000006c x15:00000025
13581309ns          223541 1c008c86 01a005b3 add              x11, x0, x26        x11=00000002 x26:00000002
13581329ns          223542 1c008c88 000b00e7 jalr             x1, x22, 0           x1=1c008c8a x22:1c008b94
13581369ns          223544 1c008b94 000026b7 lui              x13, 0x2000         x13=00002000
13581389ns          223545 1c008b96 f14027f3 csrrs            x15, x0, 0xf14      x15=00000007
13581409ns          223546 1c008b9a f8068693 addi             x13, x13, -128      x13=00001f80 x13:00002000
13581429ns          223547 1c008b9e 00379713 slli             x14, x15, 0x3       x14=00000038 x15:00000007
13581449ns          223548 1c008ba2 00279793 slli             x15, x15, 0x2       x15=0000001c x15:00000007
13581469ns          223549 1c008ba4 00d7f7b3 and              x15, x15, x13       x15=00000000 x15:0000001c x13:00001f80
13581488ns          223550 1c008ba6 ee873733 p.bclr           x14, x14, 23, 8     x14=00000038 x14:00000038
13581508ns          223551 1c008baa 1a10f6b7 lui              x13, 0x1a10f000     x13=1a10f000
13581528ns          223552 1c008bae 0ff57513 andi             x10, x10, 255       x10=0000006c x10:0000006c
13581548ns          223553 1c008bb2 00d70733 add              x14, x14, x13       x14=1a10f038 x14:00000038 x13:1a10f000
13581568ns          223554 1c008bb4 00a7e723 p.sw             x10, x0(x15)        x10:0000006c x15:00000000  PA:1a10f038
13581886ns          223570 1c008bb8 00000513 addi             x10, x0, 0          x10=00000000
13581906ns          223571 1c008bba 00008067 jalr             x0, x1, 0            x1:1c008c8a
13581966ns          223574 1c008c8a 31f52563 p.beqimm         x10, 778            x10:00000000
13581986ns          223575 1c008c8e 001d8d93 addi             x27, x27, 1         x27=0000000a x27:00000009
13582006ns          223576 1c008c90 00044503 lbu              x10, 0(x8)          x10=00000075  x8:1c000526  PA:1c000526
13582304ns          223591 1c008c94 00140413 addi             x8, x8, 1            x8=1c000527  x8:1c000526
13582324ns          223592 1c008c96 fe0514e3 bne              x10, x0, -24        x10:00000075
13582403ns          223596 1c008c7e 02500793 addi             x15, x0, 37         x15=00000025
13582423ns          223597 1c008c82 04f50863 beq              x10, x15, 80        x10:00000075 x15:00000025
13582443ns          223598 1c008c86 01a005b3 add              x11, x0, x26        x11=00000002 x26:00000002
13582463ns          223599 1c008c88 000b00e7 jalr             x1, x22, 0           x1=1c008c8a x22:1c008b94
13582503ns          223601 1c008b94 000026b7 lui              x13, 0x2000         x13=00002000
13582523ns          223602 1c008b96 f14027f3 csrrs            x15, x0, 0xf14      x15=00000007
13582543ns          223603 1c008b9a f8068693 addi             x13, x13, -128      x13=00001f80 x13:00002000
13582562ns          223604 1c008b9e 00379713 slli             x14, x15, 0x3       x14=00000038 x15:00000007
13582582ns          223605 1c008ba2 00279793 slli             x15, x15, 0x2       x15=0000001c x15:00000007
13582602ns          223606 1c008ba4 00d7f7b3 and              x15, x15, x13       x15=00000000 x15:0000001c x13:00001f80
13582622ns          223607 1c008ba6 ee873733 p.bclr           x14, x14, 23, 8     x14=00000038 x14:00000038
13582642ns          223608 1c008baa 1a10f6b7 lui              x13, 0x1a10f000     x13=1a10f000
13582662ns          223609 1c008bae 0ff57513 andi             x10, x10, 255       x10=00000075 x10:00000075
13582682ns          223610 1c008bb2 00d70733 add              x14, x14, x13       x14=1a10f038 x14:00000038 x13:1a10f000
13582702ns          223611 1c008bb4 00a7e723 p.sw             x10, x0(x15)        x10:00000075 x15:00000000  PA:1a10f038
13583040ns          223628 1c008bb8 00000513 addi             x10, x0, 0          x10=00000000
13583060ns          223629 1c008bba 00008067 jalr             x0, x1, 0            x1:1c008c8a
13583119ns          223632 1c008c8a 31f52563 p.beqimm         x10, 778            x10:00000000
13583139ns          223633 1c008c8e 001d8d93 addi             x27, x27, 1         x27=0000000b x27:0000000a
13583159ns          223634 1c008c90 00044503 lbu              x10, 0(x8)          x10=00000073  x8:1c000527  PA:1c000527
13583457ns          223649 1c008c94 00140413 addi             x8, x8, 1            x8=1c000528  x8:1c000527
13583477ns          223650 1c008c96 fe0514e3 bne              x10, x0, -24        x10:00000073
13583557ns          223654 1c008c7e 02500793 addi             x15, x0, 37         x15=00000025
13583577ns          223655 1c008c82 04f50863 beq              x10, x15, 80        x10:00000073 x15:00000025
13583597ns          223656 1c008c86 01a005b3 add              x11, x0, x26        x11=00000002 x26:00000002
13583616ns          223657 1c008c88 000b00e7 jalr             x1, x22, 0           x1=1c008c8a x22:1c008b94
13583656ns          223659 1c008b94 000026b7 lui              x13, 0x2000         x13=00002000
13583676ns          223660 1c008b96 f14027f3 csrrs            x15, x0, 0xf14      x15=00000007
13583696ns          223661 1c008b9a f8068693 addi             x13, x13, -128      x13=00001f80 x13:00002000
13583716ns          223662 1c008b9e 00379713 slli             x14, x15, 0x3       x14=00000038 x15:00000007
13583736ns          223663 1c008ba2 00279793 slli             x15, x15, 0x2       x15=0000001c x15:00000007
13583756ns          223664 1c008ba4 00d7f7b3 and              x15, x15, x13       x15=00000000 x15:0000001c x13:00001f80
13583776ns          223665 1c008ba6 ee873733 p.bclr           x14, x14, 23, 8     x14=00000038 x14:00000038
13583795ns          223666 1c008baa 1a10f6b7 lui              x13, 0x1a10f000     x13=1a10f000
13583815ns          223667 1c008bae 0ff57513 andi             x10, x10, 255       x10=00000073 x10:00000073
13583835ns          223668 1c008bb2 00d70733 add              x14, x14, x13       x14=1a10f038 x14:00000038 x13:1a10f000
13583855ns          223669 1c008bb4 00a7e723 p.sw             x10, x0(x15)        x10:00000073 x15:00000000  PA:1a10f038
13584193ns          223686 1c008bb8 00000513 addi             x10, x0, 0          x10=00000000
13584213ns          223687 1c008bba 00008067 jalr             x0, x1, 0            x1:1c008c8a
13584273ns          223690 1c008c8a 31f52563 p.beqimm         x10, 778            x10:00000000
13584293ns          223691 1c008c8e 001d8d93 addi             x27, x27, 1         x27=0000000c x27:0000000b
13584313ns          223692 1c008c90 00044503 lbu              x10, 0(x8)          x10=00000074  x8:1c000528  PA:1c000528
13584631ns          223708 1c008c94 00140413 addi             x8, x8, 1            x8=1c000529  x8:1c000528
13584651ns          223709 1c008c96 fe0514e3 bne              x10, x0, -24        x10:00000074
13584730ns          223713 1c008c7e 02500793 addi             x15, x0, 37         x15=00000025
13584750ns          223714 1c008c82 04f50863 beq              x10, x15, 80        x10:00000074 x15:00000025
13584770ns          223715 1c008c86 01a005b3 add              x11, x0, x26        x11=00000002 x26:00000002
13584790ns          223716 1c008c88 000b00e7 jalr             x1, x22, 0           x1=1c008c8a x22:1c008b94
13584830ns          223718 1c008b94 000026b7 lui              x13, 0x2000         x13=00002000
13584850ns          223719 1c008b96 f14027f3 csrrs            x15, x0, 0xf14      x15=00000007
13584869ns          223720 1c008b9a f8068693 addi             x13, x13, -128      x13=00001f80 x13:00002000
13584889ns          223721 1c008b9e 00379713 slli             x14, x15, 0x3       x14=00000038 x15:00000007
13584909ns          223722 1c008ba2 00279793 slli             x15, x15, 0x2       x15=0000001c x15:00000007
13584929ns          223723 1c008ba4 00d7f7b3 and              x15, x15, x13       x15=00000000 x15:0000001c x13:00001f80
13584949ns          223724 1c008ba6 ee873733 p.bclr           x14, x14, 23, 8     x14=00000038 x14:00000038
13584969ns          223725 1c008baa 1a10f6b7 lui              x13, 0x1a10f000     x13=1a10f000
13584989ns          223726 1c008bae 0ff57513 andi             x10, x10, 255       x10=00000074 x10:00000074
13585009ns          223727 1c008bb2 00d70733 add              x14, x14, x13       x14=1a10f038 x14:00000038 x13:1a10f000
13585029ns          223728 1c008bb4 00a7e723 p.sw             x10, x0(x15)        x10:00000074 x15:00000000  PA:1a10f038
13585367ns          223745 1c008bb8 00000513 addi             x10, x0, 0          x10=00000000
13585386ns          223746 1c008bba 00008067 jalr             x0, x1, 0            x1:1c008c8a
13585446ns          223749 1c008c8a 31f52563 p.beqimm         x10, 778            x10:00000000
13585466ns          223750 1c008c8e 001d8d93 addi             x27, x27, 1         x27=0000000d x27:0000000c
13585486ns          223751 1c008c90 00044503 lbu              x10, 0(x8)          x10=00000065  x8:1c000529  PA:1c000529
13585784ns          223766 1c008c94 00140413 addi             x8, x8, 1            x8=1c00052a  x8:1c000529
13585804ns          223767 1c008c96 fe0514e3 bne              x10, x0, -24        x10:00000065
13585884ns          223771 1c008c7e 02500793 addi             x15, x0, 37         x15=00000025
13585904ns          223772 1c008c82 04f50863 beq              x10, x15, 80        x10:00000065 x15:00000025
13585923ns          223773 1c008c86 01a005b3 add              x11, x0, x26        x11=00000002 x26:00000002
13585943ns          223774 1c008c88 000b00e7 jalr             x1, x22, 0           x1=1c008c8a x22:1c008b94
13585983ns          223776 1c008b94 000026b7 lui              x13, 0x2000         x13=00002000
13586003ns          223777 1c008b96 f14027f3 csrrs            x15, x0, 0xf14      x15=00000007
13586023ns          223778 1c008b9a f8068693 addi             x13, x13, -128      x13=00001f80 x13:00002000
13586043ns          223779 1c008b9e 00379713 slli             x14, x15, 0x3       x14=00000038 x15:00000007
13586063ns          223780 1c008ba2 00279793 slli             x15, x15, 0x2       x15=0000001c x15:00000007
13586083ns          223781 1c008ba4 00d7f7b3 and              x15, x15, x13       x15=00000000 x15:0000001c x13:00001f80
13586102ns          223782 1c008ba6 ee873733 p.bclr           x14, x14, 23, 8     x14=00000038 x14:00000038
13586122ns          223783 1c008baa 1a10f6b7 lui              x13, 0x1a10f000     x13=1a10f000
13586142ns          223784 1c008bae 0ff57513 andi             x10, x10, 255       x10=00000065 x10:00000065
13586162ns          223785 1c008bb2 00d70733 add              x14, x14, x13       x14=1a10f038 x14:00000038 x13:1a10f000
13586182ns          223786 1c008bb4 00a7e723 p.sw             x10, x0(x15)        x10:00000065 x15:00000000  PA:1a10f038
13586520ns          223803 1c008bb8 00000513 addi             x10, x0, 0          x10=00000000
13586540ns          223804 1c008bba 00008067 jalr             x0, x1, 0            x1:1c008c8a
13586600ns          223807 1c008c8a 31f52563 p.beqimm         x10, 778            x10:00000000
13586620ns          223808 1c008c8e 001d8d93 addi             x27, x27, 1         x27=0000000e x27:0000000d
13586639ns          223809 1c008c90 00044503 lbu              x10, 0(x8)          x10=00000072  x8:1c00052a  PA:1c00052a
13586938ns          223824 1c008c94 00140413 addi             x8, x8, 1            x8=1c00052b  x8:1c00052a
13586958ns          223825 1c008c96 fe0514e3 bne              x10, x0, -24        x10:00000072
13587037ns          223829 1c008c7e 02500793 addi             x15, x0, 37         x15=00000025
13587057ns          223830 1c008c82 04f50863 beq              x10, x15, 80        x10:00000072 x15:00000025
13587077ns          223831 1c008c86 01a005b3 add              x11, x0, x26        x11=00000002 x26:00000002
13587097ns          223832 1c008c88 000b00e7 jalr             x1, x22, 0           x1=1c008c8a x22:1c008b94
13587137ns          223834 1c008b94 000026b7 lui              x13, 0x2000         x13=00002000
13587157ns          223835 1c008b96 f14027f3 csrrs            x15, x0, 0xf14      x15=00000007
13587176ns          223836 1c008b9a f8068693 addi             x13, x13, -128      x13=00001f80 x13:00002000
13587196ns          223837 1c008b9e 00379713 slli             x14, x15, 0x3       x14=00000038 x15:00000007
13587216ns          223838 1c008ba2 00279793 slli             x15, x15, 0x2       x15=0000001c x15:00000007
13587236ns          223839 1c008ba4 00d7f7b3 and              x15, x15, x13       x15=00000000 x15:0000001c x13:00001f80
13587256ns          223840 1c008ba6 ee873733 p.bclr           x14, x14, 23, 8     x14=00000038 x14:00000038
13587276ns          223841 1c008baa 1a10f6b7 lui              x13, 0x1a10f000     x13=1a10f000
13587296ns          223842 1c008bae 0ff57513 andi             x10, x10, 255       x10=00000072 x10:00000072
13587316ns          223843 1c008bb2 00d70733 add              x14, x14, x13       x14=1a10f038 x14:00000038 x13:1a10f000
13587336ns          223844 1c008bb4 00a7e723 p.sw             x10, x0(x15)        x10:00000072 x15:00000000  PA:1a10f038
13587654ns          223860 1c008bb8 00000513 addi             x10, x0, 0          x10=00000000
13587674ns          223861 1c008bba 00008067 jalr             x0, x1, 0            x1:1c008c8a
13587733ns          223864 1c008c8a 31f52563 p.beqimm         x10, 778            x10:00000000
13587753ns          223865 1c008c8e 001d8d93 addi             x27, x27, 1         x27=0000000f x27:0000000e
13587773ns          223866 1c008c90 00044503 lbu              x10, 0(x8)          x10=00000020  x8:1c00052b  PA:1c00052b
13588071ns          223881 1c008c94 00140413 addi             x8, x8, 1            x8=1c00052c  x8:1c00052b
13588091ns          223882 1c008c96 fe0514e3 bne              x10, x0, -24        x10:00000020
13588171ns          223886 1c008c7e 02500793 addi             x15, x0, 37         x15=00000025
13588191ns          223887 1c008c82 04f50863 beq              x10, x15, 80        x10:00000020 x15:00000025
13588211ns          223888 1c008c86 01a005b3 add              x11, x0, x26        x11=00000002 x26:00000002
13588230ns          223889 1c008c88 000b00e7 jalr             x1, x22, 0           x1=1c008c8a x22:1c008b94
13588270ns          223891 1c008b94 000026b7 lui              x13, 0x2000         x13=00002000
13588290ns          223892 1c008b96 f14027f3 csrrs            x15, x0, 0xf14      x15=00000007
13588310ns          223893 1c008b9a f8068693 addi             x13, x13, -128      x13=00001f80 x13:00002000
13588330ns          223894 1c008b9e 00379713 slli             x14, x15, 0x3       x14=00000038 x15:00000007
13588350ns          223895 1c008ba2 00279793 slli             x15, x15, 0x2       x15=0000001c x15:00000007
13588370ns          223896 1c008ba4 00d7f7b3 and              x15, x15, x13       x15=00000000 x15:0000001c x13:00001f80
13588390ns          223897 1c008ba6 ee873733 p.bclr           x14, x14, 23, 8     x14=00000038 x14:00000038
13588409ns          223898 1c008baa 1a10f6b7 lui              x13, 0x1a10f000     x13=1a10f000
13588429ns          223899 1c008bae 0ff57513 andi             x10, x10, 255       x10=00000020 x10:00000020
13588449ns          223900 1c008bb2 00d70733 add              x14, x14, x13       x14=1a10f038 x14:00000038 x13:1a10f000
13588469ns          223901 1c008bb4 00a7e723 p.sw             x10, x0(x15)        x10:00000020 x15:00000000  PA:1a10f038
13588807ns          223918 1c008bb8 00000513 addi             x10, x0, 0          x10=00000000
13588827ns          223919 1c008bba 00008067 jalr             x0, x1, 0            x1:1c008c8a
13588887ns          223922 1c008c8a 31f52563 p.beqimm         x10, 778            x10:00000000
13588907ns          223923 1c008c8e 001d8d93 addi             x27, x27, 1         x27=00000010 x27:0000000f
13588927ns          223924 1c008c90 00044503 lbu              x10, 0(x8)          x10=0000006f  x8:1c00052c  PA:1c00052c
13589225ns          223939 1c008c94 00140413 addi             x8, x8, 1            x8=1c00052d  x8:1c00052c
13589245ns          223940 1c008c96 fe0514e3 bne              x10, x0, -24        x10:0000006f
13589324ns          223944 1c008c7e 02500793 addi             x15, x0, 37         x15=00000025
13589344ns          223945 1c008c82 04f50863 beq              x10, x15, 80        x10:0000006f x15:00000025
13589364ns          223946 1c008c86 01a005b3 add              x11, x0, x26        x11=00000002 x26:00000002
13589384ns          223947 1c008c88 000b00e7 jalr             x1, x22, 0           x1=1c008c8a x22:1c008b94
13589424ns          223949 1c008b94 000026b7 lui              x13, 0x2000         x13=00002000
13589444ns          223950 1c008b96 f14027f3 csrrs            x15, x0, 0xf14      x15=00000007
13589464ns          223951 1c008b9a f8068693 addi             x13, x13, -128      x13=00001f80 x13:00002000
13589483ns          223952 1c008b9e 00379713 slli             x14, x15, 0x3       x14=00000038 x15:00000007
13589503ns          223953 1c008ba2 00279793 slli             x15, x15, 0x2       x15=0000001c x15:00000007
13589523ns          223954 1c008ba4 00d7f7b3 and              x15, x15, x13       x15=00000000 x15:0000001c x13:00001f80
13589543ns          223955 1c008ba6 ee873733 p.bclr           x14, x14, 23, 8     x14=00000038 x14:00000038
13589563ns          223956 1c008baa 1a10f6b7 lui              x13, 0x1a10f000     x13=1a10f000
13589583ns          223957 1c008bae 0ff57513 andi             x10, x10, 255       x10=0000006f x10:0000006f
13589603ns          223958 1c008bb2 00d70733 add              x14, x14, x13       x14=1a10f038 x14:00000038 x13:1a10f000
13589623ns          223959 1c008bb4 00a7e723 p.sw             x10, x0(x15)        x10:0000006f x15:00000000  PA:1a10f038
13589981ns          223977 1c008bb8 00000513 addi             x10, x0, 0          x10=00000000
13590001ns          223978 1c008bba 00008067 jalr             x0, x1, 0            x1:1c008c8a
13590060ns          223981 1c008c8a 31f52563 p.beqimm         x10, 778            x10:00000000
13590080ns          223982 1c008c8e 001d8d93 addi             x27, x27, 1         x27=00000011 x27:00000010
13590100ns          223983 1c008c90 00044503 lbu              x10, 0(x8)          x10=0000006e  x8:1c00052d  PA:1c00052d
13590398ns          223998 1c008c94 00140413 addi             x8, x8, 1            x8=1c00052e  x8:1c00052d
13590418ns          223999 1c008c96 fe0514e3 bne              x10, x0, -24        x10:0000006e
13590498ns          224003 1c008c7e 02500793 addi             x15, x0, 37         x15=00000025
13590518ns          224004 1c008c82 04f50863 beq              x10, x15, 80        x10:0000006e x15:00000025
13590537ns          224005 1c008c86 01a005b3 add              x11, x0, x26        x11=00000002 x26:00000002
13590557ns          224006 1c008c88 000b00e7 jalr             x1, x22, 0           x1=1c008c8a x22:1c008b94
13590597ns          224008 1c008b94 000026b7 lui              x13, 0x2000         x13=00002000
13590617ns          224009 1c008b96 f14027f3 csrrs            x15, x0, 0xf14      x15=00000007
13590637ns          224010 1c008b9a f8068693 addi             x13, x13, -128      x13=00001f80 x13:00002000
13590657ns          224011 1c008b9e 00379713 slli             x14, x15, 0x3       x14=00000038 x15:00000007
13590677ns          224012 1c008ba2 00279793 slli             x15, x15, 0x2       x15=0000001c x15:00000007
13590697ns          224013 1c008ba4 00d7f7b3 and              x15, x15, x13       x15=00000000 x15:0000001c x13:00001f80
13590716ns          224014 1c008ba6 ee873733 p.bclr           x14, x14, 23, 8     x14=00000038 x14:00000038
13590736ns          224015 1c008baa 1a10f6b7 lui              x13, 0x1a10f000     x13=1a10f000
13590756ns          224016 1c008bae 0ff57513 andi             x10, x10, 255       x10=0000006e x10:0000006e
13590776ns          224017 1c008bb2 00d70733 add              x14, x14, x13       x14=1a10f038 x14:00000038 x13:1a10f000
13590796ns          224018 1c008bb4 00a7e723 p.sw             x10, x0(x15)        x10:0000006e x15:00000000  PA:1a10f038
13591114ns          224034 1c008bb8 00000513 addi             x10, x0, 0          x10=00000000
13591134ns          224035 1c008bba 00008067 jalr             x0, x1, 0            x1:1c008c8a
13591194ns          224038 1c008c8a 31f52563 p.beqimm         x10, 778            x10:00000000
13591214ns          224039 1c008c8e 001d8d93 addi             x27, x27, 1         x27=00000012 x27:00000011
13591234ns          224040 1c008c90 00044503 lbu              x10, 0(x8)          x10=00000020  x8:1c00052e  PA:1c00052e
13591532ns          224055 1c008c94 00140413 addi             x8, x8, 1            x8=1c00052f  x8:1c00052e
13591552ns          224056 1c008c96 fe0514e3 bne              x10, x0, -24        x10:00000020
13591631ns          224060 1c008c7e 02500793 addi             x15, x0, 37         x15=00000025
13591651ns          224061 1c008c82 04f50863 beq              x10, x15, 80        x10:00000020 x15:00000025
13591671ns          224062 1c008c86 01a005b3 add              x11, x0, x26        x11=00000002 x26:00000002
13591691ns          224063 1c008c88 000b00e7 jalr             x1, x22, 0           x1=1c008c8a x22:1c008b94
13591731ns          224065 1c008b94 000026b7 lui              x13, 0x2000         x13=00002000
13591751ns          224066 1c008b96 f14027f3 csrrs            x15, x0, 0xf14      x15=00000007
13591771ns          224067 1c008b9a f8068693 addi             x13, x13, -128      x13=00001f80 x13:00002000
13591790ns          224068 1c008b9e 00379713 slli             x14, x15, 0x3       x14=00000038 x15:00000007
13591810ns          224069 1c008ba2 00279793 slli             x15, x15, 0x2       x15=0000001c x15:00000007
13591830ns          224070 1c008ba4 00d7f7b3 and              x15, x15, x13       x15=00000000 x15:0000001c x13:00001f80
13591850ns          224071 1c008ba6 ee873733 p.bclr           x14, x14, 23, 8     x14=00000038 x14:00000038
13591870ns          224072 1c008baa 1a10f6b7 lui              x13, 0x1a10f000     x13=1a10f000
13591890ns          224073 1c008bae 0ff57513 andi             x10, x10, 255       x10=00000020 x10:00000020
13591910ns          224074 1c008bb2 00d70733 add              x14, x14, x13       x14=1a10f038 x14:00000038 x13:1a10f000
13591930ns          224075 1c008bb4 00a7e723 p.sw             x10, x0(x15)        x10:00000020 x15:00000000  PA:1a10f038
13592268ns          224092 1c008bb8 00000513 addi             x10, x0, 0          x10=00000000
13592288ns          224093 1c008bba 00008067 jalr             x0, x1, 0            x1:1c008c8a
13592347ns          224096 1c008c8a 31f52563 p.beqimm         x10, 778            x10:00000000
13592367ns          224097 1c008c8e 001d8d93 addi             x27, x27, 1         x27=00000013 x27:00000012
13592387ns          224098 1c008c90 00044503 lbu              x10, 0(x8)          x10=00000063  x8:1c00052f  PA:1c00052f
13592685ns          224113 1c008c94 00140413 addi             x8, x8, 1            x8=1c000530  x8:1c00052f
13592705ns          224114 1c008c96 fe0514e3 bne              x10, x0, -24        x10:00000063
13592785ns          224118 1c008c7e 02500793 addi             x15, x0, 37         x15=00000025
13592805ns          224119 1c008c82 04f50863 beq              x10, x15, 80        x10:00000063 x15:00000025
13592825ns          224120 1c008c86 01a005b3 add              x11, x0, x26        x11=00000002 x26:00000002
13592844ns          224121 1c008c88 000b00e7 jalr             x1, x22, 0           x1=1c008c8a x22:1c008b94
13592884ns          224123 1c008b94 000026b7 lui              x13, 0x2000         x13=00002000
13592904ns          224124 1c008b96 f14027f3 csrrs            x15, x0, 0xf14      x15=00000007
13592924ns          224125 1c008b9a f8068693 addi             x13, x13, -128      x13=00001f80 x13:00002000
13592944ns          224126 1c008b9e 00379713 slli             x14, x15, 0x3       x14=00000038 x15:00000007
13592964ns          224127 1c008ba2 00279793 slli             x15, x15, 0x2       x15=0000001c x15:00000007
13592984ns          224128 1c008ba4 00d7f7b3 and              x15, x15, x13       x15=00000000 x15:0000001c x13:00001f80
13593004ns          224129 1c008ba6 ee873733 p.bclr           x14, x14, 23, 8     x14=00000038 x14:00000038
13593023ns          224130 1c008baa 1a10f6b7 lui              x13, 0x1a10f000     x13=1a10f000
13593043ns          224131 1c008bae 0ff57513 andi             x10, x10, 255       x10=00000063 x10:00000063
13593063ns          224132 1c008bb2 00d70733 add              x14, x14, x13       x14=1a10f038 x14:00000038 x13:1a10f000
13593083ns          224133 1c008bb4 00a7e723 p.sw             x10, x0(x15)        x10:00000063 x15:00000000  PA:1a10f038
13593421ns          224150 1c008bb8 00000513 addi             x10, x0, 0          x10=00000000
13593441ns          224151 1c008bba 00008067 jalr             x0, x1, 0            x1:1c008c8a
13593501ns          224154 1c008c8a 31f52563 p.beqimm         x10, 778            x10:00000000
13593521ns          224155 1c008c8e 001d8d93 addi             x27, x27, 1         x27=00000014 x27:00000013
13593541ns          224156 1c008c90 00044503 lbu              x10, 0(x8)          x10=0000006c  x8:1c000530  PA:1c000530
13593839ns          224171 1c008c94 00140413 addi             x8, x8, 1            x8=1c000531  x8:1c000530
13593859ns          224172 1c008c96 fe0514e3 bne              x10, x0, -24        x10:0000006c
13593938ns          224176 1c008c7e 02500793 addi             x15, x0, 37         x15=00000025
13593958ns          224177 1c008c82 04f50863 beq              x10, x15, 80        x10:0000006c x15:00000025
13593978ns          224178 1c008c86 01a005b3 add              x11, x0, x26        x11=00000002 x26:00000002
13593998ns          224179 1c008c88 000b00e7 jalr             x1, x22, 0           x1=1c008c8a x22:1c008b94
13594038ns          224181 1c008b94 000026b7 lui              x13, 0x2000         x13=00002000
13594058ns          224182 1c008b96 f14027f3 csrrs            x15, x0, 0xf14      x15=00000007
13594078ns          224183 1c008b9a f8068693 addi             x13, x13, -128      x13=00001f80 x13:00002000
13594097ns          224184 1c008b9e 00379713 slli             x14, x15, 0x3       x14=00000038 x15:00000007
13594117ns          224185 1c008ba2 00279793 slli             x15, x15, 0x2       x15=0000001c x15:00000007
13594137ns          224186 1c008ba4 00d7f7b3 and              x15, x15, x13       x15=00000000 x15:0000001c x13:00001f80
13594157ns          224187 1c008ba6 ee873733 p.bclr           x14, x14, 23, 8     x14=00000038 x14:00000038
13594177ns          224188 1c008baa 1a10f6b7 lui              x13, 0x1a10f000     x13=1a10f000
13594197ns          224189 1c008bae 0ff57513 andi             x10, x10, 255       x10=0000006c x10:0000006c
13594217ns          224190 1c008bb2 00d70733 add              x14, x14, x13       x14=1a10f038 x14:00000038 x13:1a10f000
13594237ns          224191 1c008bb4 00a7e723 p.sw             x10, x0(x15)        x10:0000006c x15:00000000  PA:1a10f038
13594595ns          224209 1c008bb8 00000513 addi             x10, x0, 0          x10=00000000
13594615ns          224210 1c008bba 00008067 jalr             x0, x1, 0            x1:1c008c8a
13594674ns          224213 1c008c8a 31f52563 p.beqimm         x10, 778            x10:00000000
13594694ns          224214 1c008c8e 001d8d93 addi             x27, x27, 1         x27=00000015 x27:00000014
13594714ns          224215 1c008c90 00044503 lbu              x10, 0(x8)          x10=00000075  x8:1c000531  PA:1c000531
13595012ns          224230 1c008c94 00140413 addi             x8, x8, 1            x8=1c000532  x8:1c000531
13595032ns          224231 1c008c96 fe0514e3 bne              x10, x0, -24        x10:00000075
13595112ns          224235 1c008c7e 02500793 addi             x15, x0, 37         x15=00000025
13595132ns          224236 1c008c82 04f50863 beq              x10, x15, 80        x10:00000075 x15:00000025
13595152ns          224237 1c008c86 01a005b3 add              x11, x0, x26        x11=00000002 x26:00000002
13595171ns          224238 1c008c88 000b00e7 jalr             x1, x22, 0           x1=1c008c8a x22:1c008b94
13595211ns          224240 1c008b94 000026b7 lui              x13, 0x2000         x13=00002000
13595231ns          224241 1c008b96 f14027f3 csrrs            x15, x0, 0xf14      x15=00000007
13595251ns          224242 1c008b9a f8068693 addi             x13, x13, -128      x13=00001f80 x13:00002000
13595271ns          224243 1c008b9e 00379713 slli             x14, x15, 0x3       x14=00000038 x15:00000007
13595291ns          224244 1c008ba2 00279793 slli             x15, x15, 0x2       x15=0000001c x15:00000007
13595311ns          224245 1c008ba4 00d7f7b3 and              x15, x15, x13       x15=00000000 x15:0000001c x13:00001f80
13595330ns          224246 1c008ba6 ee873733 p.bclr           x14, x14, 23, 8     x14=00000038 x14:00000038
13595350ns          224247 1c008baa 1a10f6b7 lui              x13, 0x1a10f000     x13=1a10f000
13595370ns          224248 1c008bae 0ff57513 andi             x10, x10, 255       x10=00000075 x10:00000075
13595390ns          224249 1c008bb2 00d70733 add              x14, x14, x13       x14=1a10f038 x14:00000038 x13:1a10f000
13595410ns          224250 1c008bb4 00a7e723 p.sw             x10, x0(x15)        x10:00000075 x15:00000000  PA:1a10f038
13595748ns          224267 1c008bb8 00000513 addi             x10, x0, 0          x10=00000000
13595768ns          224268 1c008bba 00008067 jalr             x0, x1, 0            x1:1c008c8a
13595828ns          224271 1c008c8a 31f52563 p.beqimm         x10, 778            x10:00000000
13595848ns          224272 1c008c8e 001d8d93 addi             x27, x27, 1         x27=00000016 x27:00000015
13595867ns          224273 1c008c90 00044503 lbu              x10, 0(x8)          x10=00000073  x8:1c000532  PA:1c000532
13596166ns          224288 1c008c94 00140413 addi             x8, x8, 1            x8=1c000533  x8:1c000532
13596186ns          224289 1c008c96 fe0514e3 bne              x10, x0, -24        x10:00000073
13596265ns          224293 1c008c7e 02500793 addi             x15, x0, 37         x15=00000025
13596285ns          224294 1c008c82 04f50863 beq              x10, x15, 80        x10:00000073 x15:00000025
13596305ns          224295 1c008c86 01a005b3 add              x11, x0, x26        x11=00000002 x26:00000002
13596325ns          224296 1c008c88 000b00e7 jalr             x1, x22, 0           x1=1c008c8a x22:1c008b94
13596365ns          224298 1c008b94 000026b7 lui              x13, 0x2000         x13=00002000
13596385ns          224299 1c008b96 f14027f3 csrrs            x15, x0, 0xf14      x15=00000007
13596404ns          224300 1c008b9a f8068693 addi             x13, x13, -128      x13=00001f80 x13:00002000
13596424ns          224301 1c008b9e 00379713 slli             x14, x15, 0x3       x14=00000038 x15:00000007
13596444ns          224302 1c008ba2 00279793 slli             x15, x15, 0x2       x15=0000001c x15:00000007
13596464ns          224303 1c008ba4 00d7f7b3 and              x15, x15, x13       x15=00000000 x15:0000001c x13:00001f80
13596484ns          224304 1c008ba6 ee873733 p.bclr           x14, x14, 23, 8     x14=00000038 x14:00000038
13596504ns          224305 1c008baa 1a10f6b7 lui              x13, 0x1a10f000     x13=1a10f000
13596524ns          224306 1c008bae 0ff57513 andi             x10, x10, 255       x10=00000073 x10:00000073
13596544ns          224307 1c008bb2 00d70733 add              x14, x14, x13       x14=1a10f038 x14:00000038 x13:1a10f000
13596564ns          224308 1c008bb4 00a7e723 p.sw             x10, x0(x15)        x10:00000073 x15:00000000  PA:1a10f038
13596902ns          224325 1c008bb8 00000513 addi             x10, x0, 0          x10=00000000
13596922ns          224326 1c008bba 00008067 jalr             x0, x1, 0            x1:1c008c8a
13596981ns          224329 1c008c8a 31f52563 p.beqimm         x10, 778            x10:00000000
13597001ns          224330 1c008c8e 001d8d93 addi             x27, x27, 1         x27=00000017 x27:00000016
13597021ns          224331 1c008c90 00044503 lbu              x10, 0(x8)          x10=00000074  x8:1c000533  PA:1c000533
13597319ns          224346 1c008c94 00140413 addi             x8, x8, 1            x8=1c000534  x8:1c000533
13597339ns          224347 1c008c96 fe0514e3 bne              x10, x0, -24        x10:00000074
13597419ns          224351 1c008c7e 02500793 addi             x15, x0, 37         x15=00000025
13597439ns          224352 1c008c82 04f50863 beq              x10, x15, 80        x10:00000074 x15:00000025
13597459ns          224353 1c008c86 01a005b3 add              x11, x0, x26        x11=00000002 x26:00000002
13597478ns          224354 1c008c88 000b00e7 jalr             x1, x22, 0           x1=1c008c8a x22:1c008b94
13597518ns          224356 1c008b94 000026b7 lui              x13, 0x2000         x13=00002000
13597538ns          224357 1c008b96 f14027f3 csrrs            x15, x0, 0xf14      x15=00000007
13597558ns          224358 1c008b9a f8068693 addi             x13, x13, -128      x13=00001f80 x13:00002000
13597578ns          224359 1c008b9e 00379713 slli             x14, x15, 0x3       x14=00000038 x15:00000007
13597598ns          224360 1c008ba2 00279793 slli             x15, x15, 0x2       x15=0000001c x15:00000007
13597618ns          224361 1c008ba4 00d7f7b3 and              x15, x15, x13       x15=00000000 x15:0000001c x13:00001f80
13597638ns          224362 1c008ba6 ee873733 p.bclr           x14, x14, 23, 8     x14=00000038 x14:00000038
13597657ns          224363 1c008baa 1a10f6b7 lui              x13, 0x1a10f000     x13=1a10f000
13597677ns          224364 1c008bae 0ff57513 andi             x10, x10, 255       x10=00000074 x10:00000074
13597697ns          224365 1c008bb2 00d70733 add              x14, x14, x13       x14=1a10f038 x14:00000038 x13:1a10f000
13597717ns          224366 1c008bb4 00a7e723 p.sw             x10, x0(x15)        x10:00000074 x15:00000000  PA:1a10f038
13598055ns          224383 1c008bb8 00000513 addi             x10, x0, 0          x10=00000000
13598075ns          224384 1c008bba 00008067 jalr             x0, x1, 0            x1:1c008c8a
13598135ns          224387 1c008c8a 31f52563 p.beqimm         x10, 778            x10:00000000
13598155ns          224388 1c008c8e 001d8d93 addi             x27, x27, 1         x27=00000018 x27:00000017
13598174ns          224389 1c008c90 00044503 lbu              x10, 0(x8)          x10=00000065  x8:1c000534  PA:1c000534
13598473ns          224404 1c008c94 00140413 addi             x8, x8, 1            x8=1c000535  x8:1c000534
13598493ns          224405 1c008c96 fe0514e3 bne              x10, x0, -24        x10:00000065
13598572ns          224409 1c008c7e 02500793 addi             x15, x0, 37         x15=00000025
13598592ns          224410 1c008c82 04f50863 beq              x10, x15, 80        x10:00000065 x15:00000025
13598612ns          224411 1c008c86 01a005b3 add              x11, x0, x26        x11=00000002 x26:00000002
13598632ns          224412 1c008c88 000b00e7 jalr             x1, x22, 0           x1=1c008c8a x22:1c008b94
13598672ns          224414 1c008b94 000026b7 lui              x13, 0x2000         x13=00002000
13598692ns          224415 1c008b96 f14027f3 csrrs            x15, x0, 0xf14      x15=00000007
13598711ns          224416 1c008b9a f8068693 addi             x13, x13, -128      x13=00001f80 x13:00002000
13598731ns          224417 1c008b9e 00379713 slli             x14, x15, 0x3       x14=00000038 x15:00000007
13598751ns          224418 1c008ba2 00279793 slli             x15, x15, 0x2       x15=0000001c x15:00000007
13598771ns          224419 1c008ba4 00d7f7b3 and              x15, x15, x13       x15=00000000 x15:0000001c x13:00001f80
13598791ns          224420 1c008ba6 ee873733 p.bclr           x14, x14, 23, 8     x14=00000038 x14:00000038
13598811ns          224421 1c008baa 1a10f6b7 lui              x13, 0x1a10f000     x13=1a10f000
13598831ns          224422 1c008bae 0ff57513 andi             x10, x10, 255       x10=00000065 x10:00000065
13598851ns          224423 1c008bb2 00d70733 add              x14, x14, x13       x14=1a10f038 x14:00000038 x13:1a10f000
13598871ns          224424 1c008bb4 00a7e723 p.sw             x10, x0(x15)        x10:00000065 x15:00000000  PA:1a10f038
13599229ns          224442 1c008bb8 00000513 addi             x10, x0, 0          x10=00000000
13599248ns          224443 1c008bba 00008067 jalr             x0, x1, 0            x1:1c008c8a
13599308ns          224446 1c008c8a 31f52563 p.beqimm         x10, 778            x10:00000000
13599328ns          224447 1c008c8e 001d8d93 addi             x27, x27, 1         x27=00000019 x27:00000018
13599348ns          224448 1c008c90 00044503 lbu              x10, 0(x8)          x10=00000072  x8:1c000535  PA:1c000535
13599646ns          224463 1c008c94 00140413 addi             x8, x8, 1            x8=1c000536  x8:1c000535
13599666ns          224464 1c008c96 fe0514e3 bne              x10, x0, -24        x10:00000072
13599746ns          224468 1c008c7e 02500793 addi             x15, x0, 37         x15=00000025
13599766ns          224469 1c008c82 04f50863 beq              x10, x15, 80        x10:00000072 x15:00000025
13599785ns          224470 1c008c86 01a005b3 add              x11, x0, x26        x11=00000002 x26:00000002
13599805ns          224471 1c008c88 000b00e7 jalr             x1, x22, 0           x1=1c008c8a x22:1c008b94
13599845ns          224473 1c008b94 000026b7 lui              x13, 0x2000         x13=00002000
13599865ns          224474 1c008b96 f14027f3 csrrs            x15, x0, 0xf14      x15=00000007
13599885ns          224475 1c008b9a f8068693 addi             x13, x13, -128      x13=00001f80 x13:00002000
13599905ns          224476 1c008b9e 00379713 slli             x14, x15, 0x3       x14=00000038 x15:00000007
13599925ns          224477 1c008ba2 00279793 slli             x15, x15, 0x2       x15=0000001c x15:00000007
13599945ns          224478 1c008ba4 00d7f7b3 and              x15, x15, x13       x15=00000000 x15:0000001c x13:00001f80
13599964ns          224479 1c008ba6 ee873733 p.bclr           x14, x14, 23, 8     x14=00000038 x14:00000038
13599984ns          224480 1c008baa 1a10f6b7 lui              x13, 0x1a10f000     x13=1a10f000
13600004ns          224481 1c008bae 0ff57513 andi             x10, x10, 255       x10=00000072 x10:00000072
13600024ns          224482 1c008bb2 00d70733 add              x14, x14, x13       x14=1a10f038 x14:00000038 x13:1a10f000
13600044ns          224483 1c008bb4 00a7e723 p.sw             x10, x0(x15)        x10:00000072 x15:00000000  PA:1a10f038
13600362ns          224499 1c008bb8 00000513 addi             x10, x0, 0          x10=00000000
13600382ns          224500 1c008bba 00008067 jalr             x0, x1, 0            x1:1c008c8a
13600442ns          224503 1c008c8a 31f52563 p.beqimm         x10, 778            x10:00000000
13600462ns          224504 1c008c8e 001d8d93 addi             x27, x27, 1         x27=0000001a x27:00000019
13600481ns          224505 1c008c90 00044503 lbu              x10, 0(x8)          x10=00000020  x8:1c000536  PA:1c000536
13600780ns          224520 1c008c94 00140413 addi             x8, x8, 1            x8=1c000537  x8:1c000536
13600800ns          224521 1c008c96 fe0514e3 bne              x10, x0, -24        x10:00000020
13600879ns          224525 1c008c7e 02500793 addi             x15, x0, 37         x15=00000025
13600899ns          224526 1c008c82 04f50863 beq              x10, x15, 80        x10:00000020 x15:00000025
13600919ns          224527 1c008c86 01a005b3 add              x11, x0, x26        x11=00000002 x26:00000002
13600939ns          224528 1c008c88 000b00e7 jalr             x1, x22, 0           x1=1c008c8a x22:1c008b94
13600979ns          224530 1c008b94 000026b7 lui              x13, 0x2000         x13=00002000
13600999ns          224531 1c008b96 f14027f3 csrrs            x15, x0, 0xf14      x15=00000007
13601018ns          224532 1c008b9a f8068693 addi             x13, x13, -128      x13=00001f80 x13:00002000
13601038ns          224533 1c008b9e 00379713 slli             x14, x15, 0x3       x14=00000038 x15:00000007
13601058ns          224534 1c008ba2 00279793 slli             x15, x15, 0x2       x15=0000001c x15:00000007
13601078ns          224535 1c008ba4 00d7f7b3 and              x15, x15, x13       x15=00000000 x15:0000001c x13:00001f80
13601098ns          224536 1c008ba6 ee873733 p.bclr           x14, x14, 23, 8     x14=00000038 x14:00000038
13601118ns          224537 1c008baa 1a10f6b7 lui              x13, 0x1a10f000     x13=1a10f000
13601138ns          224538 1c008bae 0ff57513 andi             x10, x10, 255       x10=00000020 x10:00000020
13601158ns          224539 1c008bb2 00d70733 add              x14, x14, x13       x14=1a10f038 x14:00000038 x13:1a10f000
13601178ns          224540 1c008bb4 00a7e723 p.sw             x10, x0(x15)        x10:00000020 x15:00000000  PA:1a10f038
13601496ns          224556 1c008bb8 00000513 addi             x10, x0, 0          x10=00000000
13601516ns          224557 1c008bba 00008067 jalr             x0, x1, 0            x1:1c008c8a
13601575ns          224560 1c008c8a 31f52563 p.beqimm         x10, 778            x10:00000000
13601595ns          224561 1c008c8e 001d8d93 addi             x27, x27, 1         x27=0000001b x27:0000001a
13601615ns          224562 1c008c90 00044503 lbu              x10, 0(x8)          x10=00000025  x8:1c000537  PA:1c000537
13601933ns          224578 1c008c94 00140413 addi             x8, x8, 1            x8=1c000538  x8:1c000537
13601953ns          224579 1c008c96 fe0514e3 bne              x10, x0, -24        x10:00000025
13602033ns          224583 1c008c7e 02500793 addi             x15, x0, 37         x15=00000025
13602053ns          224584 1c008c82 04f50863 beq              x10, x15, 80        x10:00000025 x15:00000025
13602192ns          224591 1c008cd2 00044483 lbu              x9, 0(x8)            x9=00000064  x8:1c000538  PA:1c000538
13602550ns          224609 1c008cd6 02000693 addi             x13, x0, 32         x13=00000020
13602570ns          224610 1c008cda 00140a93 addi             x21, x8, 1          x21=1c000539  x8:1c000538
13602590ns          224611 1c008cde 009005b3 add              x11, x0, x9         x11=00000064  x9:00000064
13602610ns          224612 1c008ce0 5f0b8513 addi             x10, x23, 1520      x10=1c0005f0 x23:1c000000
13602649ns          224614 1c008ce4 00d12823 sw               x13, 16(x2)         x13:00000020  x2:10003958  PA:10003968
13602669ns          224615 1c008ce6 00012c23 sw               x0, 24(x2)           x2:10003958  PA:10003970
13602689ns          224616 1c008ce8 00012a23 sw               x0, 20(x2)           x2:10003958  PA:1000396c
13602709ns          224617 1c008cea 00012e23 sw               x0, 28(x2)           x2:10003958  PA:10003974
13602729ns          224618 1c008cec 00012623 sw               x0, 12(x2)           x2:10003958  PA:10003964
13603127ns          224638 1c008cee 02300913 addi             x18, x0, 35         x18=00000023
13603166ns          224640 1c008cf2 02d00a13 addi             x20, x0, 45         x20=0000002d
13603186ns          224641 1c008cf6 015009b3 add              x19, x0, x21        x19=1c000539 x21:1c000539
13603206ns          224642 1c008cf8 e1dff0ef jal              x1, -484             x1=1c008cfa
13604101ns          224687 1c008b14 00054783 lbu              x15, 0(x10)         x15=0000002d x10:1c0005f0  PA:1c0005f0
13604578ns          224711 1c008b18 0ff5f593 andi             x11, x11, 255       x11=00000064 x11:00000064
13604598ns          224712 1c008b1c 00b78c63 beq              x15, x11, 24        x15:0000002d x11:00000064
13604618ns          224713 1c008b20 00078b63 beq              x15, x0, 22         x15:0000002d
13604638ns          224714 1c008b22 00150793 addi             x15, x10, 1         x15=1c0005f1 x10:1c0005f0
13604658ns          224715 1c008b26 0040006f jal              x0, 4              
13604698ns          224717 1c008b2a 00f00533 add              x10, x0, x15        x10=1c0005f1 x15:1c0005f1
13604718ns          224718 1c008b2c 0017c70b p.lbu            x14, 1(x15!)        x14=0000002b x15=1c0005f2 x15:1c0005f1  PA:1c0005f1
13605334ns          224749 1c008b30 feb71ce3 bne              x14, x11, -8        x14:0000002b x11:00000064
13605394ns          224752 1c008b28 00070763 beq              x14, x0, 14         x14:0000002b
13605414ns          224753 1c008b2a 00f00533 add              x10, x0, x15        x10=1c0005f2 x15:1c0005f2
13605434ns          224754 1c008b2c 0017c70b p.lbu            x14, 1(x15!)        x14=00000020 x15=1c0005f3 x15:1c0005f2  PA:1c0005f2
13605772ns          224771 1c008b30 feb71ce3 bne              x14, x11, -8        x14:00000020 x11:00000064
13605831ns          224774 1c008b28 00070763 beq              x14, x0, 14         x14:00000020
13605851ns          224775 1c008b2a 00f00533 add              x10, x0, x15        x10=1c0005f3 x15:1c0005f3
13605871ns          224776 1c008b2c 0017c70b p.lbu            x14, 1(x15!)        x14=00000023 x15=1c0005f4 x15:1c0005f3  PA:1c0005f3
13606209ns          224793 1c008b30 feb71ce3 bne              x14, x11, -8        x14:00000023 x11:00000064
13606269ns          224796 1c008b28 00070763 beq              x14, x0, 14         x14:00000023
13606289ns          224797 1c008b2a 00f00533 add              x10, x0, x15        x10=1c0005f4 x15:1c0005f4
13606309ns          224798 1c008b2c 0017c70b p.lbu            x14, 1(x15!)        x14=00000030 x15=1c0005f5 x15:1c0005f4  PA:1c0005f4
13606627ns          224814 1c008b30 feb71ce3 bne              x14, x11, -8        x14:00000030 x11:00000064
13606687ns          224817 1c008b28 00070763 beq              x14, x0, 14         x14:00000030
13606706ns          224818 1c008b2a 00f00533 add              x10, x0, x15        x10=1c0005f5 x15:1c0005f5
13606726ns          224819 1c008b2c 0017c70b p.lbu            x14, 1(x15!)        x14=00000000 x15=1c0005f6 x15:1c0005f5  PA:1c0005f5
13607045ns          224835 1c008b30 feb71ce3 bne              x14, x11, -8        x14:00000000 x11:00000064
13607104ns          224838 1c008b28 00070763 beq              x14, x0, 14         x14:00000000
13607184ns          224842 1c008b36 0015b593 sltiu            x11, x11, 1         x11=00000000 x11:00000064
13607204ns          224843 1c008b3a 40b005b3 sub              x11, x0, x11        x11=00000000 x11:00000000
13607224ns          224844 1c008b3e 00b57533 and              x10, x10, x11       x10=00000000 x10:1c0005f5 x11:00000000
13607243ns          224845 1c008b40 00008067 jalr             x0, x1, 0            x1:1c008cfa
13607283ns          224847 1c008cfa 02050a63 beq              x10, x0, 52         x10:00000000
13608198ns          224893 1c008d2e 02a00613 addi             x12, x0, 42         x12=0000002a
13608238ns          224895 1c008d32 2ac48663 beq              x9, x12, 684         x9:00000064 x12:0000002a
13608258ns          224896 1c008d36 fd048613 addi             x12, x9, -48        x12=00000034  x9:00000064
13608278ns          224897 1c008d3a 00900593 addi             x11, x0, 9          x11=00000009
13608297ns          224898 1c008d3c 00000913 addi             x18, x0, 0          x18=00000000
13608735ns          224920 1c008d3e 28c5f063 bgeu             x11, x12, 640       x11:00000009 x12:00000034
13608775ns          224922 1c008d42 02e00693 addi             x13, x0, 46         x13=0000002e
13608795ns          224923 1c008d46 fff00a13 addi             x20, x0, -1         x20=ffffffff
13608815ns          224924 1c008d48 2ed48363 beq              x9, x13, 742         x9:00000064 x13:0000002e
13608834ns          224925 1c008d4c 1c0007b7 lui              x15, 0x1c000000     x15=1c000000
13609252ns          224946 1c008d50 009005b3 add              x11, x0, x9         x11=00000064  x9:00000064
13609292ns          224948 1c008d52 5f878513 addi             x10, x15, 1528      x10=1c0005f8 x15:1c000000
13609312ns          224949 1c008d56 dbfff0ef jal              x1, -578             x1=1c008d58
13609352ns          224951 1c008b14 00054783 lbu              x15, 0(x10)         x15=00000068 x10:1c0005f8  PA:1c0005f8
13609670ns          224967 1c008b18 0ff5f593 andi             x11, x11, 255       x11=00000064 x11:00000064
13609690ns          224968 1c008b1c 00b78c63 beq              x15, x11, 24        x15:00000068 x11:00000064
13609710ns          224969 1c008b20 00078b63 beq              x15, x0, 22         x15:00000068
13609729ns          224970 1c008b22 00150793 addi             x15, x10, 1         x15=1c0005f9 x10:1c0005f8
13609749ns          224971 1c008b26 0040006f jal              x0, 4              
13609789ns          224973 1c008b2a 00f00533 add              x10, x0, x15        x10=1c0005f9 x15:1c0005f9
13609809ns          224974 1c008b2c 0017c70b p.lbu            x14, 1(x15!)        x14=0000006c x15=1c0005fa x15:1c0005f9  PA:1c0005f9
13610127ns          224990 1c008b30 feb71ce3 bne              x14, x11, -8        x14:0000006c x11:00000064
13610187ns          224993 1c008b28 00070763 beq              x14, x0, 14         x14:0000006c
13610207ns          224994 1c008b2a 00f00533 add              x10, x0, x15        x10=1c0005fa x15:1c0005fa
13610227ns          224995 1c008b2c 0017c70b p.lbu            x14, 1(x15!)        x14=0000004c x15=1c0005fb x15:1c0005fa  PA:1c0005fa
13610545ns          225011 1c008b30 feb71ce3 bne              x14, x11, -8        x14:0000004c x11:00000064
13610604ns          225014 1c008b28 00070763 beq              x14, x0, 14         x14:0000004c
13610624ns          225015 1c008b2a 00f00533 add              x10, x0, x15        x10=1c0005fb x15:1c0005fb
13610644ns          225016 1c008b2c 0017c70b p.lbu            x14, 1(x15!)        x14=0000007a x15=1c0005fc x15:1c0005fb  PA:1c0005fb
13610962ns          225032 1c008b30 feb71ce3 bne              x14, x11, -8        x14:0000007a x11:00000064
13611022ns          225035 1c008b28 00070763 beq              x14, x0, 14         x14:0000007a
13611042ns          225036 1c008b2a 00f00533 add              x10, x0, x15        x10=1c0005fc x15:1c0005fc
13611062ns          225037 1c008b2c 0017c70b p.lbu            x14, 1(x15!)        x14=00000000 x15=1c0005fd x15:1c0005fc  PA:1c0005fc
13611499ns          225059 1c008b30 feb71ce3 bne              x14, x11, -8        x14:00000000 x11:00000064
13611559ns          225062 1c008b28 00070763 beq              x14, x0, 14         x14:00000000
13611639ns          225066 1c008b36 0015b593 sltiu            x11, x11, 1         x11=00000000 x11:00000064
13611659ns          225067 1c008b3a 40b005b3 sub              x11, x0, x11        x11=00000000 x11:00000000
13611678ns          225068 1c008b3e 00b57533 and              x10, x10, x11       x10=00000000 x10:1c0005fc x11:00000000
13611698ns          225069 1c008b40 00008067 jalr             x0, x1, 0            x1:1c008d58
13611738ns          225071 1c008d58 01300433 add              x8, x0, x19          x8=1c000539 x19:1c000539
13611758ns          225072 1c008d5a 00050563 beq              x10, x0, 10         x10:00000000
13612096ns          225089 1c008d64 06700693 addi             x13, x0, 103        x13=00000067
13612116ns          225090 1c008d68 2896d963 bge              x13, x9, 658        x13:00000067  x9:00000064
13613210ns          225145 1c008ffa 06500693 addi             x13, x0, 101        x13=00000065
13613647ns          225167 1c008ffe 12d4d563 bge              x9, x13, 298         x9:00000064 x13:00000065
13613687ns          225169 1c009002 04700693 addi             x13, x0, 71         x13=00000047
13613707ns          225170 1c009006 dc96cbe3 blt              x13, x9, -554       x13:00000047  x9:00000064
13614622ns          225216 1c008ddc 06300693 addi             x13, x0, 99         x13=00000063
13615079ns          225239 1c008de0 0ad488e3 beq              x9, x13, 2224        x9:00000064 x13:00000063
13615119ns          225241 1c008de4 0096c9e3 blt              x13, x9, 2066       x13:00000063  x9:00000064
13615636ns          225267 1c0095f6 000c2583 lw               x11, 0(x24)         x11=00000000 x24:10003aac  PA:10003aac
13615656ns          225268 1c0095fa 004c0c13 addi             x24, x24, 4         x24=10003ab0 x24:10003aac
13615676ns          225269 1c0095fc 3405cc63 blt              x11, x0, 856        x11:00000000
13616094ns          225290 1c009600 01412603 lw               x12, 20(x2)         x12=00000000  x2:10003958  PA:1000396c
13616113ns          225291 1c009602 00b006b3 add              x13, x0, x11        x13=00000000 x11:00000000
13616133ns          225292 1c009604 2e061863 bne              x12, x0, 752        x12:00000000
13616153ns          225293 1c009608 01812703 lw               x14, 24(x2)         x14=00000000  x2:10003958  PA:10003970
13616173ns          225294 1c00960a 019007b3 add              x15, x0, x25        x15=1000397c x25:1000397c
13616193ns          225295 1c00960c 00070763 beq              x14, x0, 14         x14:00000000
13616670ns          225319 1c00961a 00f00733 add              x14, x0, x15        x14=1000397c x15:1000397c
13616690ns          225320 1c00961c 00a00513 addi             x10, x0, 10         x10=0000000a
13617128ns          225342 1c00961e 02a6f633 remu             x12, x13, x10       x12=00000000 x13:00000000 x10:0000000a
13617764ns          225374 1c009622 02a6d6b3 divu             x13, x13, x10       x13=00000000 x13:00000000 x10:0000000a
13618381ns          225405 1c009626 03060613 addi             x12, x12, 48        x12=00000030 x12:00000000
13618401ns          225406 1c00962a 00c700ab p.sb             x12, 1(x14!)        x14=1000397d x12:00000030 x14:1000397c  PA:1000397c
13618420ns          225407 1c00962e fe0698e3 bne              x13, x0, -16        x13:00000000
13618440ns          225408 1c009630 40f706b3 sub              x13, x14, x15       x13=00000001 x14:1000397d x15:1000397c
13618460ns          225409 1c009634 0146dc63 bge              x13, x20, 24        x13:00000001 x20:ffffffff
13618957ns          225434 1c00964c 00e006b3 add              x13, x0, x14        x13=1000397d x14:1000397d
13619415ns          225457 1c00964e fe068fab p.sb             x0, -1(x13!)        x13=1000397c x13:1000397d  PA:1000397d
13619455ns          225459 1c009652 00d7fc63 bgeu             x15, x13, 24        x15:1000397c x13:1000397c
13619932ns          225483 1c00966a 01412783 lw               x15, 20(x2)         x15=00000000  x2:10003958  PA:1000396c
13619972ns          225485 1c00966c 01812603 lw               x12, 24(x2)         x12=00000000  x2:10003958  PA:10003970
13620409ns          225507 1c00966e 419704b3 sub              x9, x14, x25         x9=00000001 x14:1000397d x25:1000397c
13620429ns          225508 1c009672 00c7e7b3 or               x15, x15, x12       x15=00000000 x15:00000000 x12:00000000
13620449ns          225509 1c009674 00f12623 sw               x15, 12(x2)         x15:00000000  x2:10003958  PA:10003964
13620489ns          225511 1c009676 00079363 bne              x15, x0, 6          x15:00000000
13620509ns          225512 1c009678 01f5d593 srli             x11, x11, 0x1f      x11=00000000 x11:00000000
13620529ns          225513 1c00967a 00b12623 sw               x11, 12(x2)         x11:00000000  x2:10003958  PA:10003964
13620608ns          225517 1c00967c e3fa28e3 p.beqimm         x20, -464           x20:ffffffff
13621384ns          225556 1c0094ac 0c800793 addi             x15, x0, 200        x15=000000c8
13621861ns          225580 1c0094b0 9e97d0e3 bge              x15, x9, -1568      x15:000000c8  x9:00000001
13622338ns          225604 1c008e90 0f24d163 bge              x9, x18, 226         x9:00000001 x18:00000000
13622855ns          225630 1c008f72 d00482e3 beq              x9, x0, -764         x9:00000001
13622875ns          225631 1c008f76 01900933 add              x18, x0, x25        x18=1000397c x25:1000397c
13622895ns          225632 1c008f78 419d8db3 sub              x27, x27, x25       x27=efffc69f x27:0000001b x25:1000397c
13622915ns          225633 1c008f7c 00a0006f jal              x0, 10             
13623412ns          225658 1c008f86 0019450b p.lbu            x10, 1(x18!)        x10=00000030 x18=1000397d x18:1000397c  PA:1000397c
13623432ns          225659 1c008f8a 01a005b3 add              x11, x0, x26        x11=00000002 x26:00000002
13623452ns          225660 1c008f8c 000b00e7 jalr             x1, x22, 0           x1=1c008f8e x22:1c008b94
13623910ns          225683 1c008b94 000026b7 lui              x13, 0x2000         x13=00002000
13623929ns          225684 1c008b96 f14027f3 csrrs            x15, x0, 0xf14      x15=00000007
13623949ns          225685 1c008b9a f8068693 addi             x13, x13, -128      x13=00001f80 x13:00002000
13623969ns          225686 1c008b9e 00379713 slli             x14, x15, 0x3       x14=00000038 x15:00000007
13623989ns          225687 1c008ba2 00279793 slli             x15, x15, 0x2       x15=0000001c x15:00000007
13624009ns          225688 1c008ba4 00d7f7b3 and              x15, x15, x13       x15=00000000 x15:0000001c x13:00001f80
13624029ns          225689 1c008ba6 ee873733 p.bclr           x14, x14, 23, 8     x14=00000038 x14:00000038
13624049ns          225690 1c008baa 1a10f6b7 lui              x13, 0x1a10f000     x13=1a10f000
13624089ns          225692 1c008bae 0ff57513 andi             x10, x10, 255       x10=00000030 x10:00000030
13624108ns          225693 1c008bb2 00d70733 add              x14, x14, x13       x14=1a10f038 x14:00000038 x13:1a10f000
13624128ns          225694 1c008bb4 00a7e723 p.sw             x10, x0(x15)        x10:00000030 x15:00000000  PA:1a10f038
13624844ns          225730 1c008bb8 00000513 addi             x10, x0, 0          x10=00000000
13624864ns          225731 1c008bba 00008067 jalr             x0, x1, 0            x1:1c008f8e
13624904ns          225733 1c008f8e fff48493 addi             x9, x9, -1           x9=00000000  x9:00000001
13624924ns          225734 1c008f90 fff537e3 p.bneimm         x10, -18            x10:00000000
13625003ns          225738 1c008f7e 012d8733 add              x14, x27, x18       x14=0000001c x27:efffc69f x18:1000397d
13625023ns          225739 1c008f82 5a048b63 beq              x9, x0, 1462         x9:00000000
13625123ns          225744 1c009538 00e00db3 add              x27, x0, x14        x27=0000001c x14:0000001c
13625162ns          225746 1c00953a f3cff06f jal              x0, -2244          
13625719ns          225774 1c008c76 00044503 lbu              x10, 0(x8)          x10=00000020  x8:1c000539  PA:1c000539
13626038ns          225790 1c008c7a 00140413 addi             x8, x8, 1            x8=1c00053a  x8:1c000539
13626057ns          225791 1c008c7c 00050e63 beq              x10, x0, 28         x10:00000020
13626077ns          225792 1c008c7e 02500793 addi             x15, x0, 37         x15=00000025
13626097ns          225793 1c008c82 04f50863 beq              x10, x15, 80        x10:00000020 x15:00000025
13626117ns          225794 1c008c86 01a005b3 add              x11, x0, x26        x11=00000002 x26:00000002
13626137ns          225795 1c008c88 000b00e7 jalr             x1, x22, 0           x1=1c008c8a x22:1c008b94
13626236ns          225800 1c008b94 000026b7 lui              x13, 0x2000         x13=00002000
13626256ns          225801 1c008b96 f14027f3 csrrs            x15, x0, 0xf14      x15=00000007
13626276ns          225802 1c008b9a f8068693 addi             x13, x13, -128      x13=00001f80 x13:00002000
13626296ns          225803 1c008b9e 00379713 slli             x14, x15, 0x3       x14=00000038 x15:00000007
13626316ns          225804 1c008ba2 00279793 slli             x15, x15, 0x2       x15=0000001c x15:00000007
13626336ns          225805 1c008ba4 00d7f7b3 and              x15, x15, x13       x15=00000000 x15:0000001c x13:00001f80
13626356ns          225806 1c008ba6 ee873733 p.bclr           x14, x14, 23, 8     x14=00000038 x14:00000038
13626376ns          225807 1c008baa 1a10f6b7 lui              x13, 0x1a10f000     x13=1a10f000
13626396ns          225808 1c008bae 0ff57513 andi             x10, x10, 255       x10=00000020 x10:00000020
13626415ns          225809 1c008bb2 00d70733 add              x14, x14, x13       x14=1a10f038 x14:00000038 x13:1a10f000
13626435ns          225810 1c008bb4 00a7e723 p.sw             x10, x0(x15)        x10:00000020 x15:00000000  PA:1a10f038
13627151ns          225846 1c008bb8 00000513 addi             x10, x0, 0          x10=00000000
13627171ns          225847 1c008bba 00008067 jalr             x0, x1, 0            x1:1c008c8a
13627231ns          225850 1c008c8a 31f52563 p.beqimm         x10, 778            x10:00000000
13627251ns          225851 1c008c8e 001d8d93 addi             x27, x27, 1         x27=0000001d x27:0000001c
13627271ns          225852 1c008c90 00044503 lbu              x10, 0(x8)          x10=00000063  x8:1c00053a  PA:1c00053a
13627569ns          225867 1c008c94 00140413 addi             x8, x8, 1            x8=1c00053b  x8:1c00053a
13627589ns          225868 1c008c96 fe0514e3 bne              x10, x0, -24        x10:00000063
13627668ns          225872 1c008c7e 02500793 addi             x15, x0, 37         x15=00000025
13627688ns          225873 1c008c82 04f50863 beq              x10, x15, 80        x10:00000063 x15:00000025
13627708ns          225874 1c008c86 01a005b3 add              x11, x0, x26        x11=00000002 x26:00000002
13627728ns          225875 1c008c88 000b00e7 jalr             x1, x22, 0           x1=1c008c8a x22:1c008b94
13627768ns          225877 1c008b94 000026b7 lui              x13, 0x2000         x13=00002000
13627788ns          225878 1c008b96 f14027f3 csrrs            x15, x0, 0xf14      x15=00000007
13627808ns          225879 1c008b9a f8068693 addi             x13, x13, -128      x13=00001f80 x13:00002000
13627867ns          225882 1c008b9e 00379713 slli             x14, x15, 0x3       x14=00000038 x15:00000007
13627887ns          225883 1c008ba2 00279793 slli             x15, x15, 0x2       x15=0000001c x15:00000007
13627907ns          225884 1c008ba4 00d7f7b3 and              x15, x15, x13       x15=00000000 x15:0000001c x13:00001f80
13627927ns          225885 1c008ba6 ee873733 p.bclr           x14, x14, 23, 8     x14=00000038 x14:00000038
13627947ns          225886 1c008baa 1a10f6b7 lui              x13, 0x1a10f000     x13=1a10f000
13627967ns          225887 1c008bae 0ff57513 andi             x10, x10, 255       x10=00000063 x10:00000063
13627987ns          225888 1c008bb2 00d70733 add              x14, x14, x13       x14=1a10f038 x14:00000038 x13:1a10f000
13628006ns          225889 1c008bb4 00a7e723 p.sw             x10, x0(x15)        x10:00000063 x15:00000000  PA:1a10f038
13628364ns          225907 1c008bb8 00000513 addi             x10, x0, 0          x10=00000000
13628384ns          225908 1c008bba 00008067 jalr             x0, x1, 0            x1:1c008c8a
13628444ns          225911 1c008c8a 31f52563 p.beqimm         x10, 778            x10:00000000
13628464ns          225912 1c008c8e 001d8d93 addi             x27, x27, 1         x27=0000001e x27:0000001d
13628484ns          225913 1c008c90 00044503 lbu              x10, 0(x8)          x10=0000006f  x8:1c00053b  PA:1c00053b
13628782ns          225928 1c008c94 00140413 addi             x8, x8, 1            x8=1c00053c  x8:1c00053b
13628802ns          225929 1c008c96 fe0514e3 bne              x10, x0, -24        x10:0000006f
13628882ns          225933 1c008c7e 02500793 addi             x15, x0, 37         x15=00000025
13628901ns          225934 1c008c82 04f50863 beq              x10, x15, 80        x10:0000006f x15:00000025
13628921ns          225935 1c008c86 01a005b3 add              x11, x0, x26        x11=00000002 x26:00000002
13628941ns          225936 1c008c88 000b00e7 jalr             x1, x22, 0           x1=1c008c8a x22:1c008b94
13628981ns          225938 1c008b94 000026b7 lui              x13, 0x2000         x13=00002000
13629001ns          225939 1c008b96 f14027f3 csrrs            x15, x0, 0xf14      x15=00000007
13629021ns          225940 1c008b9a f8068693 addi             x13, x13, -128      x13=00001f80 x13:00002000
13629041ns          225941 1c008b9e 00379713 slli             x14, x15, 0x3       x14=00000038 x15:00000007
13629061ns          225942 1c008ba2 00279793 slli             x15, x15, 0x2       x15=0000001c x15:00000007
13629080ns          225943 1c008ba4 00d7f7b3 and              x15, x15, x13       x15=00000000 x15:0000001c x13:00001f80
13629100ns          225944 1c008ba6 ee873733 p.bclr           x14, x14, 23, 8     x14=00000038 x14:00000038
13629120ns          225945 1c008baa 1a10f6b7 lui              x13, 0x1a10f000     x13=1a10f000
13629140ns          225946 1c008bae 0ff57513 andi             x10, x10, 255       x10=0000006f x10:0000006f
13629160ns          225947 1c008bb2 00d70733 add              x14, x14, x13       x14=1a10f038 x14:00000038 x13:1a10f000
13629180ns          225948 1c008bb4 00a7e723 p.sw             x10, x0(x15)        x10:0000006f x15:00000000  PA:1a10f038
13629518ns          225965 1c008bb8 00000513 addi             x10, x0, 0          x10=00000000
13629538ns          225966 1c008bba 00008067 jalr             x0, x1, 0            x1:1c008c8a
13629598ns          225969 1c008c8a 31f52563 p.beqimm         x10, 778            x10:00000000
13629617ns          225970 1c008c8e 001d8d93 addi             x27, x27, 1         x27=0000001f x27:0000001e
13629637ns          225971 1c008c90 00044503 lbu              x10, 0(x8)          x10=00000072  x8:1c00053c  PA:1c00053c
13629936ns          225986 1c008c94 00140413 addi             x8, x8, 1            x8=1c00053d  x8:1c00053c
13629956ns          225987 1c008c96 fe0514e3 bne              x10, x0, -24        x10:00000072
13630035ns          225991 1c008c7e 02500793 addi             x15, x0, 37         x15=00000025
13630055ns          225992 1c008c82 04f50863 beq              x10, x15, 80        x10:00000072 x15:00000025
13630075ns          225993 1c008c86 01a005b3 add              x11, x0, x26        x11=00000002 x26:00000002
13630095ns          225994 1c008c88 000b00e7 jalr             x1, x22, 0           x1=1c008c8a x22:1c008b94
13630134ns          225996 1c008b94 000026b7 lui              x13, 0x2000         x13=00002000
13630154ns          225997 1c008b96 f14027f3 csrrs            x15, x0, 0xf14      x15=00000007
13630174ns          225998 1c008b9a f8068693 addi             x13, x13, -128      x13=00001f80 x13:00002000
13630194ns          225999 1c008b9e 00379713 slli             x14, x15, 0x3       x14=00000038 x15:00000007
13630214ns          226000 1c008ba2 00279793 slli             x15, x15, 0x2       x15=0000001c x15:00000007
13630234ns          226001 1c008ba4 00d7f7b3 and              x15, x15, x13       x15=00000000 x15:0000001c x13:00001f80
13630254ns          226002 1c008ba6 ee873733 p.bclr           x14, x14, 23, 8     x14=00000038 x14:00000038
13630274ns          226003 1c008baa 1a10f6b7 lui              x13, 0x1a10f000     x13=1a10f000
13630294ns          226004 1c008bae 0ff57513 andi             x10, x10, 255       x10=00000072 x10:00000072
13630313ns          226005 1c008bb2 00d70733 add              x14, x14, x13       x14=1a10f038 x14:00000038 x13:1a10f000
13630333ns          226006 1c008bb4 00a7e723 p.sw             x10, x0(x15)        x10:00000072 x15:00000000  PA:1a10f038
13630671ns          226023 1c008bb8 00000513 addi             x10, x0, 0          x10=00000000
13630691ns          226024 1c008bba 00008067 jalr             x0, x1, 0            x1:1c008c8a
13630751ns          226027 1c008c8a 31f52563 p.beqimm         x10, 778            x10:00000000
13630771ns          226028 1c008c8e 001d8d93 addi             x27, x27, 1         x27=00000020 x27:0000001f
13630791ns          226029 1c008c90 00044503 lbu              x10, 0(x8)          x10=00000065  x8:1c00053d  PA:1c00053d
13631089ns          226044 1c008c94 00140413 addi             x8, x8, 1            x8=1c00053e  x8:1c00053d
13631109ns          226045 1c008c96 fe0514e3 bne              x10, x0, -24        x10:00000065
13631189ns          226049 1c008c7e 02500793 addi             x15, x0, 37         x15=00000025
13631208ns          226050 1c008c82 04f50863 beq              x10, x15, 80        x10:00000065 x15:00000025
13631228ns          226051 1c008c86 01a005b3 add              x11, x0, x26        x11=00000002 x26:00000002
13631248ns          226052 1c008c88 000b00e7 jalr             x1, x22, 0           x1=1c008c8a x22:1c008b94
13631288ns          226054 1c008b94 000026b7 lui              x13, 0x2000         x13=00002000
13631308ns          226055 1c008b96 f14027f3 csrrs            x15, x0, 0xf14      x15=00000007
13631328ns          226056 1c008b9a f8068693 addi             x13, x13, -128      x13=00001f80 x13:00002000
13631348ns          226057 1c008b9e 00379713 slli             x14, x15, 0x3       x14=00000038 x15:00000007
13631368ns          226058 1c008ba2 00279793 slli             x15, x15, 0x2       x15=0000001c x15:00000007
13631387ns          226059 1c008ba4 00d7f7b3 and              x15, x15, x13       x15=00000000 x15:0000001c x13:00001f80
13631407ns          226060 1c008ba6 ee873733 p.bclr           x14, x14, 23, 8     x14=00000038 x14:00000038
13631427ns          226061 1c008baa 1a10f6b7 lui              x13, 0x1a10f000     x13=1a10f000
13631447ns          226062 1c008bae 0ff57513 andi             x10, x10, 255       x10=00000065 x10:00000065
13631467ns          226063 1c008bb2 00d70733 add              x14, x14, x13       x14=1a10f038 x14:00000038 x13:1a10f000
13631487ns          226064 1c008bb4 00a7e723 p.sw             x10, x0(x15)        x10:00000065 x15:00000000  PA:1a10f038
13631825ns          226081 1c008bb8 00000513 addi             x10, x0, 0          x10=00000000
13631845ns          226082 1c008bba 00008067 jalr             x0, x1, 0            x1:1c008c8a
13631905ns          226085 1c008c8a 31f52563 p.beqimm         x10, 778            x10:00000000
13631924ns          226086 1c008c8e 001d8d93 addi             x27, x27, 1         x27=00000021 x27:00000020
13631944ns          226087 1c008c90 00044503 lbu              x10, 0(x8)          x10=00000020  x8:1c00053e  PA:1c00053e
13632263ns          226103 1c008c94 00140413 addi             x8, x8, 1            x8=1c00053f  x8:1c00053e
13632282ns          226104 1c008c96 fe0514e3 bne              x10, x0, -24        x10:00000020
13632362ns          226108 1c008c7e 02500793 addi             x15, x0, 37         x15=00000025
13632382ns          226109 1c008c82 04f50863 beq              x10, x15, 80        x10:00000020 x15:00000025
13632402ns          226110 1c008c86 01a005b3 add              x11, x0, x26        x11=00000002 x26:00000002
13632422ns          226111 1c008c88 000b00e7 jalr             x1, x22, 0           x1=1c008c8a x22:1c008b94
13632461ns          226113 1c008b94 000026b7 lui              x13, 0x2000         x13=00002000
13632481ns          226114 1c008b96 f14027f3 csrrs            x15, x0, 0xf14      x15=00000007
13632501ns          226115 1c008b9a f8068693 addi             x13, x13, -128      x13=00001f80 x13:00002000
13632521ns          226116 1c008b9e 00379713 slli             x14, x15, 0x3       x14=00000038 x15:00000007
13632541ns          226117 1c008ba2 00279793 slli             x15, x15, 0x2       x15=0000001c x15:00000007
13632561ns          226118 1c008ba4 00d7f7b3 and              x15, x15, x13       x15=00000000 x15:0000001c x13:00001f80
13632581ns          226119 1c008ba6 ee873733 p.bclr           x14, x14, 23, 8     x14=00000038 x14:00000038
13632601ns          226120 1c008baa 1a10f6b7 lui              x13, 0x1a10f000     x13=1a10f000
13632620ns          226121 1c008bae 0ff57513 andi             x10, x10, 255       x10=00000020 x10:00000020
13632640ns          226122 1c008bb2 00d70733 add              x14, x14, x13       x14=1a10f038 x14:00000038 x13:1a10f000
13632660ns          226123 1c008bb4 00a7e723 p.sw             x10, x0(x15)        x10:00000020 x15:00000000  PA:1a10f038
13632978ns          226139 1c008bb8 00000513 addi             x10, x0, 0          x10=00000000
13632998ns          226140 1c008bba 00008067 jalr             x0, x1, 0            x1:1c008c8a
13633058ns          226143 1c008c8a 31f52563 p.beqimm         x10, 778            x10:00000000
13633078ns          226144 1c008c8e 001d8d93 addi             x27, x27, 1         x27=00000022 x27:00000021
13633098ns          226145 1c008c90 00044503 lbu              x10, 0(x8)          x10=00000025  x8:1c00053f  PA:1c00053f
13633416ns          226161 1c008c94 00140413 addi             x8, x8, 1            x8=1c000540  x8:1c00053f
13633436ns          226162 1c008c96 fe0514e3 bne              x10, x0, -24        x10:00000025
13633515ns          226166 1c008c7e 02500793 addi             x15, x0, 37         x15=00000025
13633535ns          226167 1c008c82 04f50863 beq              x10, x15, 80        x10:00000025 x15:00000025
13633675ns          226174 1c008cd2 00044483 lbu              x9, 0(x8)            x9=00000064  x8:1c000540  PA:1c000540
13633973ns          226189 1c008cd6 02000693 addi             x13, x0, 32         x13=00000020
13633993ns          226190 1c008cda 00140a93 addi             x21, x8, 1          x21=1c000541  x8:1c000540
13634013ns          226191 1c008cde 009005b3 add              x11, x0, x9         x11=00000064  x9:00000064
13634033ns          226192 1c008ce0 5f0b8513 addi             x10, x23, 1520      x10=1c0005f0 x23:1c000000
13634052ns          226193 1c008ce4 00d12823 sw               x13, 16(x2)         x13:00000020  x2:10003958  PA:10003968
13634072ns          226194 1c008ce6 00012c23 sw               x0, 24(x2)           x2:10003958  PA:10003970
13634092ns          226195 1c008ce8 00012a23 sw               x0, 20(x2)           x2:10003958  PA:1000396c
13634112ns          226196 1c008cea 00012e23 sw               x0, 28(x2)           x2:10003958  PA:10003974
13634132ns          226197 1c008cec 00012623 sw               x0, 12(x2)           x2:10003958  PA:10003964
13634152ns          226198 1c008cee 02300913 addi             x18, x0, 35         x18=00000023
13634172ns          226199 1c008cf2 02d00a13 addi             x20, x0, 45         x20=0000002d
13634192ns          226200 1c008cf6 015009b3 add              x19, x0, x21        x19=1c000541 x21:1c000541
13634212ns          226201 1c008cf8 e1dff0ef jal              x1, -484             x1=1c008cfa
13634351ns          226208 1c008b14 00054783 lbu              x15, 0(x10)         x15=0000002d x10:1c0005f0  PA:1c0005f0
13634669ns          226224 1c008b18 0ff5f593 andi             x11, x11, 255       x11=00000064 x11:00000064
13634689ns          226225 1c008b1c 00b78c63 beq              x15, x11, 24        x15:0000002d x11:00000064
13634709ns          226226 1c008b20 00078b63 beq              x15, x0, 22         x15:0000002d
13634729ns          226227 1c008b22 00150793 addi             x15, x10, 1         x15=1c0005f1 x10:1c0005f0
13634749ns          226228 1c008b26 0040006f jal              x0, 4              
13634848ns          226233 1c008b2a 00f00533 add              x10, x0, x15        x10=1c0005f1 x15:1c0005f1
13634868ns          226234 1c008b2c 0017c70b p.lbu            x14, 1(x15!)        x14=0000002b x15=1c0005f2 x15:1c0005f1  PA:1c0005f1
13635186ns          226250 1c008b30 feb71ce3 bne              x14, x11, -8        x14:0000002b x11:00000064
13635246ns          226253 1c008b28 00070763 beq              x14, x0, 14         x14:0000002b
13635266ns          226254 1c008b2a 00f00533 add              x10, x0, x15        x10=1c0005f2 x15:1c0005f2
13635285ns          226255 1c008b2c 0017c70b p.lbu            x14, 1(x15!)        x14=00000020 x15=1c0005f3 x15:1c0005f2  PA:1c0005f2
13635604ns          226271 1c008b30 feb71ce3 bne              x14, x11, -8        x14:00000020 x11:00000064
13635663ns          226274 1c008b28 00070763 beq              x14, x0, 14         x14:00000020
13635683ns          226275 1c008b2a 00f00533 add              x10, x0, x15        x10=1c0005f3 x15:1c0005f3
13635703ns          226276 1c008b2c 0017c70b p.lbu            x14, 1(x15!)        x14=00000023 x15=1c0005f4 x15:1c0005f3  PA:1c0005f3
13636021ns          226292 1c008b30 feb71ce3 bne              x14, x11, -8        x14:00000023 x11:00000064
13636081ns          226295 1c008b28 00070763 beq              x14, x0, 14         x14:00000023
13636101ns          226296 1c008b2a 00f00533 add              x10, x0, x15        x10=1c0005f4 x15:1c0005f4
13636121ns          226297 1c008b2c 0017c70b p.lbu            x14, 1(x15!)        x14=00000030 x15=1c0005f5 x15:1c0005f4  PA:1c0005f4
13636439ns          226313 1c008b30 feb71ce3 bne              x14, x11, -8        x14:00000030 x11:00000064
13636499ns          226316 1c008b28 00070763 beq              x14, x0, 14         x14:00000030
13636519ns          226317 1c008b2a 00f00533 add              x10, x0, x15        x10=1c0005f5 x15:1c0005f5
13636538ns          226318 1c008b2c 0017c70b p.lbu            x14, 1(x15!)        x14=00000000 x15=1c0005f6 x15:1c0005f5  PA:1c0005f5
13636857ns          226334 1c008b30 feb71ce3 bne              x14, x11, -8        x14:00000000 x11:00000064
13636916ns          226337 1c008b28 00070763 beq              x14, x0, 14         x14:00000000
13636996ns          226341 1c008b36 0015b593 sltiu            x11, x11, 1         x11=00000000 x11:00000064
13637016ns          226342 1c008b3a 40b005b3 sub              x11, x0, x11        x11=00000000 x11:00000000
13637036ns          226343 1c008b3e 00b57533 and              x10, x10, x11       x10=00000000 x10:1c0005f5 x11:00000000
13637056ns          226344 1c008b40 00008067 jalr             x0, x1, 0            x1:1c008cfa
13637095ns          226346 1c008cfa 02050a63 beq              x10, x0, 52         x10:00000000
13637215ns          226352 1c008d2e 02a00613 addi             x12, x0, 42         x12=0000002a
13637254ns          226354 1c008d32 2ac48663 beq              x9, x12, 684         x9:00000064 x12:0000002a
13637274ns          226355 1c008d36 fd048613 addi             x12, x9, -48        x12=00000034  x9:00000064
13637294ns          226356 1c008d3a 00900593 addi             x11, x0, 9          x11=00000009
13637314ns          226357 1c008d3c 00000913 addi             x18, x0, 0          x18=00000000
13637354ns          226359 1c008d3e 28c5f063 bgeu             x11, x12, 640       x11:00000009 x12:00000034
13637394ns          226361 1c008d42 02e00693 addi             x13, x0, 46         x13=0000002e
13637414ns          226362 1c008d46 fff00a13 addi             x20, x0, -1         x20=ffffffff
13637433ns          226363 1c008d48 2ed48363 beq              x9, x13, 742         x9:00000064 x13:0000002e
13637453ns          226364 1c008d4c 1c0007b7 lui              x15, 0x1c000000     x15=1c000000
13637473ns          226365 1c008d50 009005b3 add              x11, x0, x9         x11=00000064  x9:00000064
13637493ns          226366 1c008d52 5f878513 addi             x10, x15, 1528      x10=1c0005f8 x15:1c000000
13637513ns          226367 1c008d56 dbfff0ef jal              x1, -578             x1=1c008d58
13637612ns          226372 1c008b14 00054783 lbu              x15, 0(x10)         x15=00000068 x10:1c0005f8  PA:1c0005f8
13637911ns          226387 1c008b18 0ff5f593 andi             x11, x11, 255       x11=00000064 x11:00000064
13637931ns          226388 1c008b1c 00b78c63 beq              x15, x11, 24        x15:00000068 x11:00000064
13637950ns          226389 1c008b20 00078b63 beq              x15, x0, 22         x15:00000068
13637970ns          226390 1c008b22 00150793 addi             x15, x10, 1         x15=1c0005f9 x10:1c0005f8
13637990ns          226391 1c008b26 0040006f jal              x0, 4              
13638030ns          226393 1c008b2a 00f00533 add              x10, x0, x15        x10=1c0005f9 x15:1c0005f9
13638050ns          226394 1c008b2c 0017c70b p.lbu            x14, 1(x15!)        x14=0000006c x15=1c0005fa x15:1c0005f9  PA:1c0005f9
13638368ns          226410 1c008b30 feb71ce3 bne              x14, x11, -8        x14:0000006c x11:00000064
13638428ns          226413 1c008b28 00070763 beq              x14, x0, 14         x14:0000006c
13638448ns          226414 1c008b2a 00f00533 add              x10, x0, x15        x10=1c0005fa x15:1c0005fa
13638468ns          226415 1c008b2c 0017c70b p.lbu            x14, 1(x15!)        x14=0000004c x15=1c0005fb x15:1c0005fa  PA:1c0005fa
13638806ns          226432 1c008b30 feb71ce3 bne              x14, x11, -8        x14:0000004c x11:00000064
13638865ns          226435 1c008b28 00070763 beq              x14, x0, 14         x14:0000004c
13638885ns          226436 1c008b2a 00f00533 add              x10, x0, x15        x10=1c0005fb x15:1c0005fb
13638905ns          226437 1c008b2c 0017c70b p.lbu            x14, 1(x15!)        x14=0000007a x15=1c0005fc x15:1c0005fb  PA:1c0005fb
13639283ns          226456 1c008b30 feb71ce3 bne              x14, x11, -8        x14:0000007a x11:00000064
13639343ns          226459 1c008b28 00070763 beq              x14, x0, 14         x14:0000007a
13639363ns          226460 1c008b2a 00f00533 add              x10, x0, x15        x10=1c0005fc x15:1c0005fc
13639382ns          226461 1c008b2c 0017c70b p.lbu            x14, 1(x15!)        x14=00000000 x15=1c0005fd x15:1c0005fc  PA:1c0005fc
13639701ns          226477 1c008b30 feb71ce3 bne              x14, x11, -8        x14:00000000 x11:00000064
13639760ns          226480 1c008b28 00070763 beq              x14, x0, 14         x14:00000000
13639840ns          226484 1c008b36 0015b593 sltiu            x11, x11, 1         x11=00000000 x11:00000064
13639860ns          226485 1c008b3a 40b005b3 sub              x11, x0, x11        x11=00000000 x11:00000000
13639880ns          226486 1c008b3e 00b57533 and              x10, x10, x11       x10=00000000 x10:1c0005fc x11:00000000
13639900ns          226487 1c008b40 00008067 jalr             x0, x1, 0            x1:1c008d58
13639939ns          226489 1c008d58 01300433 add              x8, x0, x19          x8=1c000541 x19:1c000541
13639959ns          226490 1c008d5a 00050563 beq              x10, x0, 10         x10:00000000
13640019ns          226493 1c008d64 06700693 addi             x13, x0, 103        x13=00000067
13640039ns          226494 1c008d68 2896d963 bge              x13, x9, 658        x13:00000067  x9:00000064
13640118ns          226498 1c008ffa 06500693 addi             x13, x0, 101        x13=00000065
13640138ns          226499 1c008ffe 12d4d563 bge              x9, x13, 298         x9:00000064 x13:00000065
13640158ns          226500 1c009002 04700693 addi             x13, x0, 71         x13=00000047
13640178ns          226501 1c009006 dc96cbe3 blt              x13, x9, -554       x13:00000047  x9:00000064
13640297ns          226507 1c008ddc 06300693 addi             x13, x0, 99         x13=00000063
13640317ns          226508 1c008de0 0ad488e3 beq              x9, x13, 2224        x9:00000064 x13:00000063
13640337ns          226509 1c008de4 0096c9e3 blt              x13, x9, 2066       x13:00000063  x9:00000064
13640476ns          226516 1c0095f6 000c2583 lw               x11, 0(x24)         x11=00000007 x24:10003ab0  PA:10003ab0
13640496ns          226517 1c0095fa 004c0c13 addi             x24, x24, 4         x24=10003ab4 x24:10003ab0
13640516ns          226518 1c0095fc 3405cc63 blt              x11, x0, 856        x11:00000007
13640556ns          226520 1c009600 01412603 lw               x12, 20(x2)         x12=00000000  x2:10003958  PA:1000396c
13640576ns          226521 1c009602 00b006b3 add              x13, x0, x11        x13=00000007 x11:00000007
13640596ns          226522 1c009604 2e061863 bne              x12, x0, 752        x12:00000000
13640615ns          226523 1c009608 01812703 lw               x14, 24(x2)         x14=00000000  x2:10003958  PA:10003970
13640635ns          226524 1c00960a 019007b3 add              x15, x0, x25        x15=1000397c x25:1000397c
13640655ns          226525 1c00960c 00070763 beq              x14, x0, 14         x14:00000000
13640735ns          226529 1c00961a 00f00733 add              x14, x0, x15        x14=1000397c x15:1000397c
13640755ns          226530 1c00961c 00a00513 addi             x10, x0, 10         x10=0000000a
13640814ns          226533 1c00961e 02a6f633 remu             x12, x13, x10       x12=00000007 x13:00000007 x10:0000000a
13641451ns          226565 1c009622 02a6d6b3 divu             x13, x13, x10       x13=00000000 x13:00000007 x10:0000000a
13642067ns          226596 1c009626 03060613 addi             x12, x12, 48        x12=00000037 x12:00000007
13642087ns          226597 1c00962a 00c700ab p.sb             x12, 1(x14!)        x14=1000397d x12:00000037 x14:1000397c  PA:1000397c
13642107ns          226598 1c00962e fe0698e3 bne              x13, x0, -16        x13:00000000
13642127ns          226599 1c009630 40f706b3 sub              x13, x14, x15       x13=00000001 x14:1000397d x15:1000397c
13642147ns          226600 1c009634 0146dc63 bge              x13, x20, 24        x13:00000001 x20:ffffffff
13642207ns          226603 1c00964c 00e006b3 add              x13, x0, x14        x13=1000397d x14:1000397d
13642266ns          226606 1c00964e fe068fab p.sb             x0, -1(x13!)        x13=1000397c x13:1000397d  PA:1000397d
13642306ns          226608 1c009652 00d7fc63 bgeu             x15, x13, 24        x15:1000397c x13:1000397c
13642366ns          226611 1c00966a 01412783 lw               x15, 20(x2)         x15=00000000  x2:10003958  PA:1000396c
13642386ns          226612 1c00966c 01812603 lw               x12, 24(x2)         x12=00000000  x2:10003958  PA:10003970
13642405ns          226613 1c00966e 419704b3 sub              x9, x14, x25         x9=00000001 x14:1000397d x25:1000397c
13642425ns          226614 1c009672 00c7e7b3 or               x15, x15, x12       x15=00000000 x15:00000000 x12:00000000
13642445ns          226615 1c009674 00f12623 sw               x15, 12(x2)         x15:00000000  x2:10003958  PA:10003964
13642465ns          226616 1c009676 00079363 bne              x15, x0, 6          x15:00000000
13642485ns          226617 1c009678 01f5d593 srli             x11, x11, 0x1f      x11=00000000 x11:00000007
13642505ns          226618 1c00967a 00b12623 sw               x11, 12(x2)         x11:00000000  x2:10003958  PA:10003964
13642525ns          226619 1c00967c e3fa28e3 p.beqimm         x20, -464           x20:ffffffff
13642624ns          226624 1c0094ac 0c800793 addi             x15, x0, 200        x15=000000c8
13642664ns          226626 1c0094b0 9e97d0e3 bge              x15, x9, -1568      x15:000000c8  x9:00000001
13642724ns          226629 1c008e90 0f24d163 bge              x9, x18, 226         x9:00000001 x18:00000000
13642863ns          226636 1c008f72 d00482e3 beq              x9, x0, -764         x9:00000001
13642883ns          226637 1c008f76 01900933 add              x18, x0, x25        x18=1000397c x25:1000397c
13642903ns          226638 1c008f78 419d8db3 sub              x27, x27, x25       x27=efffc6a6 x27:00000022 x25:1000397c
13642922ns          226639 1c008f7c 00a0006f jal              x0, 10             
13642982ns          226642 1c008f86 0019450b p.lbu            x10, 1(x18!)        x10=00000037 x18=1000397d x18:1000397c  PA:1000397c
13643002ns          226643 1c008f8a 01a005b3 add              x11, x0, x26        x11=00000002 x26:00000002
13643022ns          226644 1c008f8c 000b00e7 jalr             x1, x22, 0           x1=1c008f8e x22:1c008b94
13643101ns          226648 1c008b94 000026b7 lui              x13, 0x2000         x13=00002000
13643141ns          226650 1c008b96 f14027f3 csrrs            x15, x0, 0xf14      x15=00000007
13643161ns          226651 1c008b9a f8068693 addi             x13, x13, -128      x13=00001f80 x13:00002000
13643221ns          226654 1c008b9e 00379713 slli             x14, x15, 0x3       x14=00000038 x15:00000007
13643241ns          226655 1c008ba2 00279793 slli             x15, x15, 0x2       x15=0000001c x15:00000007
13643261ns          226656 1c008ba4 00d7f7b3 and              x15, x15, x13       x15=00000000 x15:0000001c x13:00001f80
13643280ns          226657 1c008ba6 ee873733 p.bclr           x14, x14, 23, 8     x14=00000038 x14:00000038
13643300ns          226658 1c008baa 1a10f6b7 lui              x13, 0x1a10f000     x13=1a10f000
13643360ns          226661 1c008bae 0ff57513 andi             x10, x10, 255       x10=00000037 x10:00000037
13643380ns          226662 1c008bb2 00d70733 add              x14, x14, x13       x14=1a10f038 x14:00000038 x13:1a10f000
13643400ns          226663 1c008bb4 00a7e723 p.sw             x10, x0(x15)        x10:00000037 x15:00000000  PA:1a10f038
13643718ns          226679 1c008bb8 00000513 addi             x10, x0, 0          x10=00000000
13643738ns          226680 1c008bba 00008067 jalr             x0, x1, 0            x1:1c008f8e
13643778ns          226682 1c008f8e fff48493 addi             x9, x9, -1           x9=00000000  x9:00000001
13643798ns          226683 1c008f90 fff537e3 p.bneimm         x10, -18            x10:00000000
13643877ns          226687 1c008f7e 012d8733 add              x14, x27, x18       x14=00000023 x27:efffc6a6 x18:1000397d
13643897ns          226688 1c008f82 5a048b63 beq              x9, x0, 1462         x9:00000000
13643996ns          226693 1c009538 00e00db3 add              x27, x0, x14        x27=00000023 x14:00000023
13644036ns          226695 1c00953a f3cff06f jal              x0, -2244          
13644215ns          226704 1c008c76 00044503 lbu              x10, 0(x8)          x10=0000000a  x8:1c000541  PA:1c000541
13644514ns          226719 1c008c7a 00140413 addi             x8, x8, 1            x8=1c000542  x8:1c000541
13644533ns          226720 1c008c7c 00050e63 beq              x10, x0, 28         x10:0000000a
13644553ns          226721 1c008c7e 02500793 addi             x15, x0, 37         x15=00000025
13644573ns          226722 1c008c82 04f50863 beq              x10, x15, 80        x10:0000000a x15:00000025
13644593ns          226723 1c008c86 01a005b3 add              x11, x0, x26        x11=00000002 x26:00000002
13644613ns          226724 1c008c88 000b00e7 jalr             x1, x22, 0           x1=1c008c8a x22:1c008b94
13644752ns          226731 1c008b94 000026b7 lui              x13, 0x2000         x13=00002000
13644792ns          226733 1c008b96 f14027f3 csrrs            x15, x0, 0xf14      x15=00000007
13644812ns          226734 1c008b9a f8068693 addi             x13, x13, -128      x13=00001f80 x13:00002000
13644832ns          226735 1c008b9e 00379713 slli             x14, x15, 0x3       x14=00000038 x15:00000007
13644852ns          226736 1c008ba2 00279793 slli             x15, x15, 0x2       x15=0000001c x15:00000007
13644872ns          226737 1c008ba4 00d7f7b3 and              x15, x15, x13       x15=00000000 x15:0000001c x13:00001f80
13644891ns          226738 1c008ba6 ee873733 p.bclr           x14, x14, 23, 8     x14=00000038 x14:00000038
13644911ns          226739 1c008baa 1a10f6b7 lui              x13, 0x1a10f000     x13=1a10f000
13644931ns          226740 1c008bae 0ff57513 andi             x10, x10, 255       x10=0000000a x10:0000000a
13644951ns          226741 1c008bb2 00d70733 add              x14, x14, x13       x14=1a10f038 x14:00000038 x13:1a10f000
13644971ns          226742 1c008bb4 00a7e723 p.sw             x10, x0(x15)        x10:0000000a x15:00000000  PA:1a10f038
13645309ns          226759 1c008bb8 00000513 addi             x10, x0, 0          x10=00000000
13645329ns          226760 1c008bba 00008067 jalr             x0, x1, 0            x1:1c008c8a
13645389ns          226763 1c008c8a 31f52563 p.beqimm         x10, 778            x10:00000000
13645408ns          226764 1c008c8e 001d8d93 addi             x27, x27, 1         x27=00000024 x27:00000023
13645428ns          226765 1c008c90 00044503 lbu              x10, 0(x8)          x10=00000000  x8:1c000542  PA:1c000542
13645727ns          226780 1c008c94 00140413 addi             x8, x8, 1            x8=1c000543  x8:1c000542
13645747ns          226781 1c008c96 fe0514e3 bne              x10, x0, -24        x10:00000000
13645766ns          226782 1c008c98 01b00433 add              x8, x0, x27          x8=00000024 x27:00000024
13645786ns          226783 1c008c9a 00800533 add              x10, x0, x8         x10=00000024  x8:00000024
13645806ns          226784 1c008c9c 12c12083 lw               x1, 300(x2)          x1=1c008c28  x2:10003958  PA:10003a84
13645826ns          226785 1c008ca0 12812403 lw               x8, 296(x2)          x8=00000007  x2:10003958  PA:10003a80
13645846ns          226786 1c008ca4 12412483 lw               x9, 292(x2)          x9=00000000  x2:10003958  PA:10003a7c
13645866ns          226787 1c008ca8 12012903 lw               x18, 288(x2)        x18=00000000  x2:10003958  PA:10003a78
13645886ns          226788 1c008cac 11c12983 lw               x19, 284(x2)        x19=00000000  x2:10003958  PA:10003a74
13645926ns          226790 1c008cb0 11812a03 lw               x20, 280(x2)        x20=00000000  x2:10003958  PA:10003a70
13645965ns          226792 1c008cb4 11412a83 lw               x21, 276(x2)        x21=00000000  x2:10003958  PA:10003a6c
13645985ns          226793 1c008cb8 11012b03 lw               x22, 272(x2)        x22=00000000  x2:10003958  PA:10003a68
13646005ns          226794 1c008cbc 10c12b83 lw               x23, 268(x2)        x23=00000000  x2:10003958  PA:10003a64
13646403ns          226814 1c008cc0 10812c03 lw               x24, 264(x2)        x24=00000000  x2:10003958  PA:10003a60
13646443ns          226816 1c008cc4 10412c83 lw               x25, 260(x2)        x25=00000000  x2:10003958  PA:10003a5c
13646463ns          226817 1c008cc8 10012d03 lw               x26, 256(x2)        x26=00000000  x2:10003958  PA:10003a58
13646482ns          226818 1c008ccc 0fc12d83 lw               x27, 252(x2)        x27=00000000  x2:10003958  PA:10003a54
13646502ns          226819 1c008cce 13010113 addi             x2, x2, 304          x2=10003a88  x2:10003958
13646522ns          226820 1c008cd0 00008067 jalr             x0, x1, 0            x1:1c008c28
13646602ns          226824 1c008c28 01c12083 lw               x1, 28(x2)           x1=1c008254  x2:10003a88  PA:10003aa4
13646622ns          226825 1c008c2a 04010113 addi             x2, x2, 64           x2=10003ac8  x2:10003a88
13646661ns          226827 1c008c2c 00008067 jalr             x0, x1, 0            x1:1c008254
13647159ns          226852 1c008254 437010ef jal              x1, 7222             x1=1c008258
13647656ns          226877 1c009e8a f14027f3 csrrs            x15, x0, 0xf14      x15=00000007
13647676ns          226878 1c009e8e 01f00713 addi             x14, x0, 31         x14=0000001f
13648093ns          226899 1c009e90 ca5797b3 p.extractu       x15, x15, 5, 5      x15=00000000 x15:00000007
13648133ns          226901 1c009e94 00e78863 beq              x15, x14, 16        x15:00000000 x14:0000001f
13648153ns          226902 1c009e98 002047b7 lui              x15, 0x204000       x15=00204000
13648173ns          226903 1c009e9c 20078793 addi             x15, x15, 512       x15=00204200 x15:00204000
13648610ns          226925 1c009ea0 01c7e703 p.elw            x14, 28(x15)        x14=00010000 x15:00204200  PA:0020421c
13648730ns          226931 1c009ea4 00008067 jalr             x0, x1, 0            x1:1c008258
13649167ns          226953 1c008258 02040763 beq              x8, x0, 46           x8:00000007
13649187ns          226954 1c00825a 431010ef jal              x1, 7216             x1=1c00825e
13649704ns          226980 1c009e8a f14027f3 csrrs            x15, x0, 0xf14      x15=00000007
13649724ns          226981 1c009e8e 01f00713 addi             x14, x0, 31         x14=0000001f
13649744ns          226982 1c009e90 ca5797b3 p.extractu       x15, x15, 5, 5      x15=00000000 x15:00000007
13649764ns          226983 1c009e94 00e78863 beq              x15, x14, 16        x15:00000000 x14:0000001f
13649784ns          226984 1c009e98 002047b7 lui              x15, 0x204000       x15=00204000
13649804ns          226985 1c009e9c 20078793 addi             x15, x15, 512       x15=00204200 x15:00204000
13649824ns          226986 1c009ea0 01c7e703 p.elw            x14, 28(x15)        x14=00010000 x15:00204200  PA:0020421c
15310255ns          310035 1c009ea4 00008067 jalr             x0, x1, 0            x1:1c00825e
15310315ns          310038 1c00825e 52c12083 lw               x1, 1324(x2)         x1=1c009d5c  x2:10003ac8  PA:10003ff4
15310475ns          310046 1c008262 52812403 lw               x8, 1320(x2)         x8=00000000  x2:10003ac8  PA:10003ff0
15310495ns          310047 1c008266 52412483 lw               x9, 1316(x2)         x9=00000000  x2:10003ac8  PA:10003fec
15310515ns          310048 1c00826a 52012903 lw               x18, 1312(x2)       x18=00000000  x2:10003ac8  PA:10003fe8
15310957ns          310070 1c00826e 51c12983 lw               x19, 1308(x2)       x19=00000000  x2:10003ac8  PA:10003fe4
15310997ns          310072 1c008272 51812a03 lw               x20, 1304(x2)       x20=00000000  x2:10003ac8  PA:10003fe0
15311017ns          310073 1c008276 51412a83 lw               x21, 1300(x2)       x21=00000000  x2:10003ac8  PA:10003fdc
15311037ns          310074 1c00827a 51012b03 lw               x22, 1296(x2)       x22=00000000  x2:10003ac8  PA:10003fd8
15311057ns          310075 1c00827e 00100513 addi             x10, x0, 1          x10=00000001
15311097ns          310077 1c008280 53010113 addi             x2, x2, 1328         x2=10003ff8  x2:10003ac8
15311137ns          310079 1c008284 00008067 jalr             x0, x1, 0            x1:1c009d5c
15311218ns          310083 1c009d5c 01f00713 addi             x14, x0, 31         x14=0000001f
15311619ns          310103 1c009d5e f14027f3 csrrs            x15, x0, 0xf14      x15=00000007
15311659ns          310105 1c009d62 ca5797b3 p.extractu       x15, x15, 5, 5      x15=00000000 x15:00000007
15311679ns          310106 1c009d66 00e78863 beq              x15, x14, 16        x15:00000000 x14:0000001f
15311699ns          310107 1c009d6a 002047b7 lui              x15, 0x204000       x15=00204000
15312201ns          310132 1c009d6e 20078793 addi             x15, x15, 512       x15=00204200 x15:00204000
15312241ns          310134 1c009d72 01c7e703 p.elw            x14, 28(x15)        x14=00010000 x15:00204200  PA:0020421c
15312401ns          310142 1c009d76 f14027f3 csrrs            x15, x0, 0xf14      x15=00000007
15312421ns          310143 1c009d7a f457b7b3 p.bclr           x15, x15, 26, 5     x15=00000007 x15:00000007
15312442ns          310144 1c009d7e 00079963 bne              x15, x0, 18         x15:00000007
15313184ns          310181 1c009d90 002047b7 lui              x15, 0x204000       x15=00204000
15313224ns          310183 1c009d94 fff00713 addi             x14, x0, -1         x14=ffffffff
15313244ns          310184 1c009d96 00e7a223 sw               x14, 4(x15)         x14:ffffffff x15:00204000  PA:00204004
