                Time          Cycles PC       Instr    Mnemonic
13435391ns          216204 1c008080 000000b7 lui              x1, 0x0              x1=00000000
13435431ns          216206 1c008084 00000137 lui              x2, 0x0              x2=00000000
13435451ns          216207 1c008088 000001b7 lui              x3, 0x0              x3=00000000
13435471ns          216208 1c00808c 00000237 lui              x4, 0x0              x4=00000000
13435908ns          216230 1c008090 000002b7 lui              x5, 0x0              x5=00000000
13435948ns          216232 1c008094 00000337 lui              x6, 0x0              x6=00000000
13435968ns          216233 1c008098 000003b7 lui              x7, 0x0              x7=00000000
13435988ns          216234 1c00809c 00000437 lui              x8, 0x0              x8=00000000
13436425ns          216256 1c0080a0 000004b7 lui              x9, 0x0              x9=00000000
13436465ns          216258 1c0080a4 00000537 lui              x10, 0x0            x10=00000000
13436485ns          216259 1c0080a8 000005b7 lui              x11, 0x0            x11=00000000
13436505ns          216260 1c0080ac 00000637 lui              x12, 0x0            x12=00000000
13436962ns          216283 1c0080b0 000006b7 lui              x13, 0x0            x13=00000000
13437002ns          216285 1c0080b4 00000737 lui              x14, 0x0            x14=00000000
13437022ns          216286 1c0080b8 000007b7 lui              x15, 0x0            x15=00000000
13437042ns          216287 1c0080bc 00000837 lui              x16, 0x0            x16=00000000
13437479ns          216309 1c0080c0 000008b7 lui              x17, 0x0            x17=00000000
13437519ns          216311 1c0080c4 00000937 lui              x18, 0x0            x18=00000000
13437539ns          216312 1c0080c8 000009b7 lui              x19, 0x0            x19=00000000
13437559ns          216313 1c0080cc 00000a37 lui              x20, 0x0            x20=00000000
13437997ns          216335 1c0080d0 00000ab7 lui              x21, 0x0            x21=00000000
13438036ns          216337 1c0080d4 00000b37 lui              x22, 0x0            x22=00000000
13438056ns          216338 1c0080d8 00000bb7 lui              x23, 0x0            x23=00000000
13438076ns          216339 1c0080dc 00000c37 lui              x24, 0x0            x24=00000000
13438514ns          216361 1c0080e0 00000cb7 lui              x25, 0x0            x25=00000000
13438553ns          216363 1c0080e4 00000d37 lui              x26, 0x0            x26=00000000
13438573ns          216364 1c0080e8 00000db7 lui              x27, 0x0            x27=00000000
13438593ns          216365 1c0080ec 00000e37 lui              x28, 0x0            x28=00000000
13439031ns          216387 1c0080f0 00000eb7 lui              x29, 0x0            x29=00000000
13439070ns          216389 1c0080f4 00000f37 lui              x30, 0x0            x30=00000000
13439090ns          216390 1c0080f8 00000fb7 lui              x31, 0x0            x31=00000000
13439110ns          216391 1c0080fc 0700006f jal              x0, 112            
13440025ns          216437 1c00816c f1402573 csrrs            x10, x0, 0xf14      x10=00000006
13440483ns          216460 1c008170 01f57593 andi             x11, x10, 31        x11=00000006 x10:00000006
13440522ns          216462 1c008174 00555513 srli             x10, x10, 0x5       x10=00000000 x10:00000006
13440542ns          216463 1c008176 01f00613 addi             x12, x0, 31         x12=0000001f
13440562ns          216464 1c008178 00c50463 beq              x10, x12, 8         x10:00000000 x12:0000001f
13440582ns          216465 1c00817c f95ff06f jal              x0, -108           
13441477ns          216510 1c008110 f3ff8117 auipc            x2, 0xf3ff8000       x2=10000110
13441517ns          216512 1c008114 ef410113 addi             x2, x2, -268         x2=10000004  x2:10000110
13441537ns          216513 1c008118 00012103 lw               x2, 0(x2)            x2=10000008  x2:10000004  PA:10000004
13441556ns          216514 1c00811c 000011b7 lui              x3, 0x1000           x3=00001000
13441994ns          216536 1c008120 80018193 addi             x3, x3, -2048        x3=00000800  x3:00001000
13442034ns          216538 1c008124 00158593 addi             x11, x11, 1         x11=00000007 x11:00000006
13442054ns          216539 1c008128 02b180b3 mul              x1, x3, x11          x1=00003800  x3:00000800 x11:00000007
13442074ns          216540 1c00812c 00110133 add              x2, x2, x1           x2=10003808  x2:10000008  x1:00003800
13442511ns          216562 1c008130 3f30106f jal              x0, 7154           
13442969ns          216585 1c009d22 ff010113 addi             x2, x2, -16          x2=100037f8  x2:10003808
13443008ns          216587 1c009d24 00112623 sw               x1, 12(x2)           x1:00003800  x2:100037f8  PA:10003804
13443028ns          216588 1c009d26 002047b7 lui              x15, 0x204000       x15=00204000
13443048ns          216589 1c009d2a 00070737 lui              x14, 0x70000        x14=00070000
13443068ns          216590 1c009d2e 00e7a423 sw               x14, 8(x15)         x14:00070000 x15:00204000  PA:00204008
13443506ns          216612 1c009d30 0ff00713 addi             x14, x0, 255        x14=000000ff
13443545ns          216614 1c009d34 20078793 addi             x15, x15, 512       x15=00204200 x15:00204000
13443565ns          216615 1c009d38 00e7a023 sw               x14, 0(x15)         x14:000000ff x15:00204200  PA:00204200
13443665ns          216620 1c009d3c 00e7a623 sw               x14, 12(x15)        x14:000000ff x15:00204200  PA:0020420c
13444023ns          216638 1c009d40 01f00693 addi             x13, x0, 31         x13=0000001f
13444062ns          216640 1c009d42 f1402773 csrrs            x14, x0, 0xf14      x14=00000006
13444082ns          216641 1c009d46 ca571733 p.extractu       x14, x14, 5, 5      x14=00000000 x14:00000006
13444102ns          216642 1c009d4a 00d70463 beq              x14, x13, 8         x14:00000000 x13:0000001f
13444540ns          216664 1c009d4e 01c7e703 p.elw            x14, 28(x15)        x14=00010000 x15:00204200  PA:0020421c
13444679ns          216671 1c009d52 1c0017b7 lui              x15, 0x1c001000     x15=1c001000
13444699ns          216672 1c009d56 e347a783 lw               x15, -460(x15)      x15=1c0081c6 x15:1c001000  PA:1c000e34
13445295ns          216702 1c009d5a 000780e7 jalr             x1, x15, 0           x1=1c009d5c x15:1c0081c6
13445832ns          216729 1c0081c6 1c0007b7 lui              x15, 0x1c000000     x15=1c000000
13445852ns          216730 1c0081ca ad010113 addi             x2, x2, -1328        x2=100032c8  x2:100037f8
13446310ns          216753 1c0081ce 01c78793 addi             x15, x15, 28        x15=1c00001c x15:1c000000
13446349ns          216755 1c0081d2 52112623 sw               x1, 1324(x2)         x1:1c009d5c  x2:100032c8  PA:100037f4
13446369ns          216756 1c0081d6 52812423 sw               x8, 1320(x2)         x8:00000000  x2:100032c8  PA:100037f0
13446389ns          216757 1c0081da 52912223 sw               x9, 1316(x2)         x9:00000000  x2:100032c8  PA:100037ec
13446827ns          216779 1c0081de 53212023 sw               x18, 1312(x2)       x18:00000000  x2:100032c8  PA:100037e8
13446867ns          216781 1c0081e2 51312e23 sw               x19, 1308(x2)       x19:00000000  x2:100032c8  PA:100037e4
13446886ns          216782 1c0081e6 51412c23 sw               x20, 1304(x2)       x20:00000000  x2:100032c8  PA:100037e0
13446906ns          216783 1c0081ea 51512a23 sw               x21, 1300(x2)       x21:00000000  x2:100032c8  PA:100037dc
13447344ns          216805 1c0081ee 51612823 sw               x22, 1296(x2)       x22:00000000  x2:100032c8  PA:100037d8
13447364ns          216806 1c0081f2 01010713 addi             x14, x2, 16         x14=100032d8  x2:100032c8
13447384ns          216807 1c0081f4 28078613 addi             x12, x15, 640       x12=1c00029c x15:1c00001c
13447404ns          216808 1c0081f8 0287d0fb lp.setupi        0x1, 0x28, 0xf     
13447423ns          216809 1c0081fc 0007a883 lw               x17, 0(x15)         x17=0e590eac x15:1c00001c  PA:1c00001c
13447881ns          216832 1c008200 0047a803 lw               x16, 4(x15)         x16=009e0386 x15:1c00001c  PA:1c000020
13448299ns          216853 1c008204 0087a503 lw               x10, 8(x15)         x10=0eb50814 x15:1c00001c  PA:1c000024
13448656ns          216871 1c008206 00c7a583 lw               x11, 12(x15)        x11=02f60cd6 x15:1c00001c  PA:1c000028
13449094ns          216893 1c008208 01172023 sw               x17, 0(x14)         x17:0e590eac x14:100032d8  PA:100032d8
13449114ns          216894 1c00820c 01072223 sw               x16, 4(x14)         x16:009e0386 x14:100032d8  PA:100032dc
13449134ns          216895 1c008210 00a72423 sw               x10, 8(x14)         x10:0eb50814 x14:100032d8  PA:100032e0
13449154ns          216896 1c008212 00b72623 sw               x11, 12(x14)        x11:02f60cd6 x14:100032d8  PA:100032e4
13449174ns          216897 1c008214 01078793 addi             x15, x15, 16        x15=1c00002c x15:1c00001c
13449193ns          216898 1c008216 01070713 addi             x14, x14, 16        x14=100032e8 x14:100032d8
13449452ns          216911 1c0081fc 0007a883 lw               x17, 0(x15)         x17=0b450a59 x15:1c00002c  PA:1c00002c
13449929ns          216935 1c008200 0047a803 lw               x16, 4(x15)         x16=060c097a x15:1c00002c  PA:1c000030
13450327ns          216955 1c008204 0087a503 lw               x10, 8(x15)         x10=08700afa x15:1c00002c  PA:1c000034
13450725ns          216975 1c008206 00c7a583 lw               x11, 12(x15)        x11=02ba0d87 x15:1c00002c  PA:1c000038
13451123ns          216995 1c008208 01172023 sw               x17, 0(x14)         x17:0b450a59 x14:100032e8  PA:100032e8
13451142ns          216996 1c00820c 01072223 sw               x16, 4(x14)         x16:060c097a x14:100032e8  PA:100032ec
13451162ns          216997 1c008210 00a72423 sw               x10, 8(x14)         x10:08700afa x14:100032e8  PA:100032f0
13451182ns          216998 1c008212 00b72623 sw               x11, 12(x14)        x11:02ba0d87 x14:100032e8  PA:100032f4
13451202ns          216999 1c008214 01078793 addi             x15, x15, 16        x15=1c00003c x15:1c00002c
13451222ns          217000 1c008216 01070713 addi             x14, x14, 16        x14=100032f8 x14:100032e8
13451242ns          217001 1c0081fc 0007a883 lw               x17, 0(x15)         x17=0ccb0ef9 x15:1c00003c  PA:1c00003c
13451540ns          217016 1c008200 0047a803 lw               x16, 4(x15)         x16=0c44086a x15:1c00003c  PA:1c000040
13451839ns          217031 1c008204 0087a503 lw               x10, 8(x15)         x10=01f000cb x15:1c00003c  PA:1c000044
13452137ns          217046 1c008206 00c7a583 lw               x11, 12(x15)        x11=00770ef7 x15:1c00003c  PA:1c000048
13452435ns          217061 1c008208 01172023 sw               x17, 0(x14)         x17:0ccb0ef9 x14:100032f8  PA:100032f8
13452455ns          217062 1c00820c 01072223 sw               x16, 4(x14)         x16:0c44086a x14:100032f8  PA:100032fc
13452475ns          217063 1c008210 00a72423 sw               x10, 8(x14)         x10:01f000cb x14:100032f8  PA:10003300
13452495ns          217064 1c008212 00b72623 sw               x11, 12(x14)        x11:00770ef7 x14:100032f8  PA:10003304
13452515ns          217065 1c008214 01078793 addi             x15, x15, 16        x15=1c00004c x15:1c00003c
13452535ns          217066 1c008216 01070713 addi             x14, x14, 16        x14=10003308 x14:100032f8
13452555ns          217067 1c0081fc 0007a883 lw               x17, 0(x15)         x17=0a270eb9 x15:1c00004c  PA:1c00004c
13452873ns          217083 1c008200 0047a803 lw               x16, 4(x15)         x16=00370d49 x15:1c00004c  PA:1c000050
13453271ns          217103 1c008204 0087a503 lw               x10, 8(x15)         x10=0af30b46 x15:1c00004c  PA:1c000054
13453668ns          217123 1c008206 00c7a583 lw               x11, 12(x15)        x11=049001e8 x15:1c00004c  PA:1c000058
13454086ns          217144 1c008208 01172023 sw               x17, 0(x14)         x17:0a270eb9 x14:10003308  PA:10003308
13454106ns          217145 1c00820c 01072223 sw               x16, 4(x14)         x16:00370d49 x14:10003308  PA:1000330c
13454126ns          217146 1c008210 00a72423 sw               x10, 8(x14)         x10:0af30b46 x14:10003308  PA:10003310
13454146ns          217147 1c008212 00b72623 sw               x11, 12(x14)        x11:049001e8 x14:10003308  PA:10003314
13454165ns          217148 1c008214 01078793 addi             x15, x15, 16        x15=1c00005c x15:1c00004c
13454185ns          217149 1c008216 01070713 addi             x14, x14, 16        x14=10003318 x14:10003308
13454205ns          217150 1c0081fc 0007a883 lw               x17, 0(x15)         x17=08d200d0 x15:1c00005c  PA:1c00005c
13454504ns          217165 1c008200 0047a803 lw               x16, 4(x15)         x16=0f0d0354 x15:1c00005c  PA:1c000060
13454802ns          217180 1c008204 0087a503 lw               x10, 8(x15)         x10=087a0ca7 x15:1c00005c  PA:1c000064
13455100ns          217195 1c008206 00c7a583 lw               x11, 12(x15)        x11=0f4f002c x15:1c00005c  PA:1c000068
13455399ns          217210 1c008208 01172023 sw               x17, 0(x14)         x17:08d200d0 x14:10003318  PA:10003318
13455418ns          217211 1c00820c 01072223 sw               x16, 4(x14)         x16:0f0d0354 x14:10003318  PA:1000331c
13455438ns          217212 1c008210 00a72423 sw               x10, 8(x14)         x10:087a0ca7 x14:10003318  PA:10003320
13455458ns          217213 1c008212 00b72623 sw               x11, 12(x14)        x11:0f4f002c x14:10003318  PA:10003324
13455478ns          217214 1c008214 01078793 addi             x15, x15, 16        x15=1c00006c x15:1c00005c
13455498ns          217215 1c008216 01070713 addi             x14, x14, 16        x14=10003328 x14:10003318
13455518ns          217216 1c0081fc 0007a883 lw               x17, 0(x15)         x17=02620649 x15:1c00006c  PA:1c00006c
13455856ns          217233 1c008200 0047a803 lw               x16, 4(x15)         x16=0c740657 x15:1c00006c  PA:1c000070
13456254ns          217253 1c008204 0087a503 lw               x10, 8(x15)         x10=02d10a02 x15:1c00006c  PA:1c000074
13456671ns          217274 1c008206 00c7a583 lw               x11, 12(x15)        x11=01740b50 x15:1c00006c  PA:1c000078
13457029ns          217292 1c008208 01172023 sw               x17, 0(x14)         x17:02620649 x14:10003328  PA:10003328
13457049ns          217293 1c00820c 01072223 sw               x16, 4(x14)         x16:0c740657 x14:10003328  PA:1000332c
13457069ns          217294 1c008210 00a72423 sw               x10, 8(x14)         x10:02d10a02 x14:10003328  PA:10003330
13457089ns          217295 1c008212 00b72623 sw               x11, 12(x14)        x11:01740b50 x14:10003328  PA:10003334
13457109ns          217296 1c008214 01078793 addi             x15, x15, 16        x15=1c00007c x15:1c00006c
13457129ns          217297 1c008216 01070713 addi             x14, x14, 16        x14=10003338 x14:10003328
13457149ns          217298 1c0081fc 0007a883 lw               x17, 0(x15)         x17=0c0c0778 x15:1c00007c  PA:1c00007c
13457447ns          217313 1c008200 0047a803 lw               x16, 4(x15)         x16=0ef400c1 x15:1c00007c  PA:1c000080
13457745ns          217328 1c008204 0087a503 lw               x10, 8(x15)         x10=04780790 x15:1c00007c  PA:1c000084
13458044ns          217343 1c008206 00c7a583 lw               x11, 12(x15)        x11=0b29036f x15:1c00007c  PA:1c000088
13458342ns          217358 1c008208 01172023 sw               x17, 0(x14)         x17:0c0c0778 x14:10003338  PA:10003338
13458362ns          217359 1c00820c 01072223 sw               x16, 4(x14)         x16:0ef400c1 x14:10003338  PA:1000333c
13458382ns          217360 1c008210 00a72423 sw               x10, 8(x14)         x10:04780790 x14:10003338  PA:10003340
13458402ns          217361 1c008212 00b72623 sw               x11, 12(x14)        x11:0b29036f x14:10003338  PA:10003344
13458422ns          217362 1c008214 01078793 addi             x15, x15, 16        x15=1c00008c x15:1c00007c
13458441ns          217363 1c008216 01070713 addi             x14, x14, 16        x14=10003348 x14:10003338
13458461ns          217364 1c0081fc 0007a883 lw               x17, 0(x15)         x17=05ce0329 x15:1c00008c  PA:1c00008c
13458760ns          217379 1c008200 0047a803 lw               x16, 4(x15)         x16=07bc0b75 x15:1c00008c  PA:1c000090
13459177ns          217400 1c008204 0087a503 lw               x10, 8(x15)         x10=0a9f079e x15:1c00008c  PA:1c000094
13459575ns          217420 1c008206 00c7a583 lw               x11, 12(x15)        x11=018e0819 x15:1c00008c  PA:1c000098
13459913ns          217437 1c008208 01172023 sw               x17, 0(x14)         x17:05ce0329 x14:10003348  PA:10003348
13459933ns          217438 1c00820c 01072223 sw               x16, 4(x14)         x16:07bc0b75 x14:10003348  PA:1000334c
13459953ns          217439 1c008210 00a72423 sw               x10, 8(x14)         x10:0a9f079e x14:10003348  PA:10003350
13459973ns          217440 1c008212 00b72623 sw               x11, 12(x14)        x11:018e0819 x14:10003348  PA:10003354
13459993ns          217441 1c008214 01078793 addi             x15, x15, 16        x15=1c00009c x15:1c00008c
13460013ns          217442 1c008216 01070713 addi             x14, x14, 16        x14=10003358 x14:10003348
13460032ns          217443 1c0081fc 0007a883 lw               x17, 0(x15)         x17=0cbf0b8d x15:1c00009c  PA:1c00009c
13460331ns          217458 1c008200 0047a803 lw               x16, 4(x15)         x16=0b0005ee x15:1c00009c  PA:1c0000a0
13460729ns          217478 1c008204 0087a503 lw               x10, 8(x15)         x10=094a0b4e x15:1c00009c  PA:1c0000a4
13461126ns          217498 1c008206 00c7a583 lw               x11, 12(x15)        x11=03d006b2 x15:1c00009c  PA:1c0000a8
13461484ns          217516 1c008208 01172023 sw               x17, 0(x14)         x17:0cbf0b8d x14:10003358  PA:10003358
13461504ns          217517 1c00820c 01072223 sw               x16, 4(x14)         x16:0b0005ee x14:10003358  PA:1000335c
13461524ns          217518 1c008210 00a72423 sw               x10, 8(x14)         x10:094a0b4e x14:10003358  PA:10003360
13461544ns          217519 1c008212 00b72623 sw               x11, 12(x14)        x11:03d006b2 x14:10003358  PA:10003364
13461564ns          217520 1c008214 01078793 addi             x15, x15, 16        x15=1c0000ac x15:1c00009c
13461584ns          217521 1c008216 01070713 addi             x14, x14, 16        x14=10003368 x14:10003358
13461604ns          217522 1c0081fc 0007a883 lw               x17, 0(x15)         x17=0f0f0fd0 x15:1c0000ac  PA:1c0000ac
13461902ns          217537 1c008200 0047a803 lw               x16, 4(x15)         x16=0a8801c9 x15:1c0000ac  PA:1c0000b0
13462200ns          217552 1c008204 0087a503 lw               x10, 8(x15)         x10=06140441 x15:1c0000ac  PA:1c0000b4
13462499ns          217567 1c008206 00c7a583 lw               x11, 12(x15)        x11=0c62004b x15:1c0000ac  PA:1c0000b8
13462797ns          217582 1c008208 01172023 sw               x17, 0(x14)         x17:0f0f0fd0 x14:10003368  PA:10003368
13462817ns          217583 1c00820c 01072223 sw               x16, 4(x14)         x16:0a8801c9 x14:10003368  PA:1000336c
13462837ns          217584 1c008210 00a72423 sw               x10, 8(x14)         x10:06140441 x14:10003368  PA:10003370
13462857ns          217585 1c008212 00b72623 sw               x11, 12(x14)        x11:0c62004b x14:10003368  PA:10003374
13462876ns          217586 1c008214 01078793 addi             x15, x15, 16        x15=1c0000bc x15:1c0000ac
13462896ns          217587 1c008216 01070713 addi             x14, x14, 16        x14=10003378 x14:10003368
13462916ns          217588 1c0081fc 0007a883 lw               x17, 0(x15)         x17=0d5d0649 x15:1c0000bc  PA:1c0000bc
13463254ns          217605 1c008200 0047a803 lw               x16, 4(x15)         x16=01f50d4f x15:1c0000bc  PA:1c0000c0
13463652ns          217625 1c008204 0087a503 lw               x10, 8(x15)         x10=0f020523 x15:1c0000bc  PA:1c0000c4
13464050ns          217645 1c008206 00c7a583 lw               x11, 12(x15)        x11=03c608aa x15:1c0000bc  PA:1c0000c8
13464428ns          217664 1c008208 01172023 sw               x17, 0(x14)         x17:0d5d0649 x14:10003378  PA:10003378
13464448ns          217665 1c00820c 01072223 sw               x16, 4(x14)         x16:01f50d4f x14:10003378  PA:1000337c
13464467ns          217666 1c008210 00a72423 sw               x10, 8(x14)         x10:0f020523 x14:10003378  PA:10003380
13464487ns          217667 1c008212 00b72623 sw               x11, 12(x14)        x11:03c608aa x14:10003378  PA:10003384
13464507ns          217668 1c008214 01078793 addi             x15, x15, 16        x15=1c0000cc x15:1c0000bc
13464527ns          217669 1c008216 01070713 addi             x14, x14, 16        x14=10003388 x14:10003378
13464547ns          217670 1c0081fc 0007a883 lw               x17, 0(x15)         x17=004909b8 x15:1c0000cc  PA:1c0000cc
13464845ns          217685 1c008200 0047a803 lw               x16, 4(x15)         x16=01430185 x15:1c0000cc  PA:1c0000d0
13465144ns          217700 1c008204 0087a503 lw               x10, 8(x15)         x10=0253007a x15:1c0000cc  PA:1c0000d4
13465442ns          217715 1c008206 00c7a583 lw               x11, 12(x15)        x11=07d70eb3 x15:1c0000cc  PA:1c0000d8
13465760ns          217731 1c008208 01172023 sw               x17, 0(x14)         x17:004909b8 x14:10003388  PA:10003388
13465780ns          217732 1c00820c 01072223 sw               x16, 4(x14)         x16:01430185 x14:10003388  PA:1000338c
13465800ns          217733 1c008210 00a72423 sw               x10, 8(x14)         x10:0253007a x14:10003388  PA:10003390
13465820ns          217734 1c008212 00b72623 sw               x11, 12(x14)        x11:07d70eb3 x14:10003388  PA:10003394
13465840ns          217735 1c008214 01078793 addi             x15, x15, 16        x15=1c0000dc x15:1c0000cc
13465860ns          217736 1c008216 01070713 addi             x14, x14, 16        x14=10003398 x14:10003388
13465880ns          217737 1c0081fc 0007a883 lw               x17, 0(x15)         x17=0c4b0938 x15:1c0000dc  PA:1c0000dc
13466277ns          217757 1c008200 0047a803 lw               x16, 4(x15)         x16=0fff047a x15:1c0000dc  PA:1c0000e0
13466675ns          217777 1c008204 0087a503 lw               x10, 8(x15)         x10=02de0f03 x15:1c0000dc  PA:1c0000e4
13467093ns          217798 1c008206 00c7a583 lw               x11, 12(x15)        x11=04dc0393 x15:1c0000dc  PA:1c0000e8
13467391ns          217813 1c008208 01172023 sw               x17, 0(x14)         x17:0c4b0938 x14:10003398  PA:10003398
13467411ns          217814 1c00820c 01072223 sw               x16, 4(x14)         x16:0fff047a x14:10003398  PA:1000339c
13467431ns          217815 1c008210 00a72423 sw               x10, 8(x14)         x10:02de0f03 x14:10003398  PA:100033a0
13467451ns          217816 1c008212 00b72623 sw               x11, 12(x14)        x11:04dc0393 x14:10003398  PA:100033a4
13467471ns          217817 1c008214 01078793 addi             x15, x15, 16        x15=1c0000ec x15:1c0000dc
13467490ns          217818 1c008216 01070713 addi             x14, x14, 16        x14=100033a8 x14:10003398
13467510ns          217819 1c0081fc 0007a883 lw               x17, 0(x15)         x17=0e1807a5 x15:1c0000ec  PA:1c0000ec
13467888ns          217838 1c008200 0047a803 lw               x16, 4(x15)         x16=090e009d x15:1c0000ec  PA:1c0000f0
13468286ns          217858 1c008204 0087a503 lw               x10, 8(x15)         x10=0c9c0004 x15:1c0000ec  PA:1c0000f4
13468704ns          217879 1c008206 00c7a583 lw               x11, 12(x15)        x11=068d0927 x15:1c0000ec  PA:1c0000f8
13469062ns          217897 1c008208 01172023 sw               x17, 0(x14)         x17:0e1807a5 x14:100033a8  PA:100033a8
13469081ns          217898 1c00820c 01072223 sw               x16, 4(x14)         x16:090e009d x14:100033a8  PA:100033ac
13469101ns          217899 1c008210 00a72423 sw               x10, 8(x14)         x10:0c9c0004 x14:100033a8  PA:100033b0
13469121ns          217900 1c008212 00b72623 sw               x11, 12(x14)        x11:068d0927 x14:100033a8  PA:100033b4
13469141ns          217901 1c008214 01078793 addi             x15, x15, 16        x15=1c0000fc x15:1c0000ec
13469161ns          217902 1c008216 01070713 addi             x14, x14, 16        x14=100033b8 x14:100033a8
13469181ns          217903 1c0081fc 0007a883 lw               x17, 0(x15)         x17=005c05f9 x15:1c0000fc  PA:1c0000fc
13469499ns          217919 1c008200 0047a803 lw               x16, 4(x15)         x16=0fa7077f x15:1c0000fc  PA:1c000100
13469817ns          217935 1c008204 0087a503 lw               x10, 8(x15)         x10=00e205e8 x15:1c0000fc  PA:1c000104
13470116ns          217950 1c008206 00c7a583 lw               x11, 12(x15)        x11=00b1007e x15:1c0000fc  PA:1c000108
13470414ns          217965 1c008208 01172023 sw               x17, 0(x14)         x17:005c05f9 x14:100033b8  PA:100033b8
13470434ns          217966 1c00820c 01072223 sw               x16, 4(x14)         x16:0fa7077f x14:100033b8  PA:100033bc
13470454ns          217967 1c008210 00a72423 sw               x10, 8(x14)         x10:00e205e8 x14:100033b8  PA:100033c0
13470474ns          217968 1c008212 00b72623 sw               x11, 12(x14)        x11:00b1007e x14:100033b8  PA:100033c4
13470494ns          217969 1c008214 01078793 addi             x15, x15, 16        x15=1c00010c x15:1c0000fc
13470513ns          217970 1c008216 01070713 addi             x14, x14, 16        x14=100033c8 x14:100033b8
13470533ns          217971 1c0081fc 0007a883 lw               x17, 0(x15)         x17=042c0bb9 x15:1c00010c  PA:1c00010c
13470832ns          217986 1c008200 0047a803 lw               x16, 4(x15)         x16=0365082e x15:1c00010c  PA:1c000110
13471150ns          218002 1c008204 0087a503 lw               x10, 8(x15)         x10=01ea0ee3 x15:1c00010c  PA:1c000114
13471508ns          218020 1c008206 00c7a583 lw               x11, 12(x15)        x11=0ed10e70 x15:1c00010c  PA:1c000118
13471806ns          218035 1c008208 01172023 sw               x17, 0(x14)         x17:042c0bb9 x14:100033c8  PA:100033c8
13471826ns          218036 1c00820c 01072223 sw               x16, 4(x14)         x16:0365082e x14:100033c8  PA:100033cc
13471846ns          218037 1c008210 00a72423 sw               x10, 8(x14)         x10:01ea0ee3 x14:100033c8  PA:100033d0
13471866ns          218038 1c008212 00b72623 sw               x11, 12(x14)        x11:0ed10e70 x14:100033c8  PA:100033d4
13471886ns          218039 1c008214 01078793 addi             x15, x15, 16        x15=1c00011c x15:1c00010c
13471906ns          218040 1c008216 01070713 addi             x14, x14, 16        x14=100033d8 x14:100033c8
13471925ns          218041 1c0081fc 0007a883 lw               x17, 0(x15)         x17=0958082a x15:1c00011c  PA:1c00011c
13472224ns          218056 1c008200 0047a803 lw               x16, 4(x15)         x16=0d870007 x15:1c00011c  PA:1c000120
13472522ns          218071 1c008204 0087a503 lw               x10, 8(x15)         x10=0aab0fee x15:1c00011c  PA:1c000124
13472820ns          218086 1c008206 00c7a583 lw               x11, 12(x15)        x11=060e0a24 x15:1c00011c  PA:1c000128
13473119ns          218101 1c008208 01172023 sw               x17, 0(x14)         x17:0958082a x14:100033d8  PA:100033d8
13473139ns          218102 1c00820c 01072223 sw               x16, 4(x14)         x16:0d870007 x14:100033d8  PA:100033dc
13473159ns          218103 1c008210 00a72423 sw               x10, 8(x14)         x10:0aab0fee x14:100033d8  PA:100033e0
13473178ns          218104 1c008212 00b72623 sw               x11, 12(x14)        x11:060e0a24 x14:100033d8  PA:100033e4
13473198ns          218105 1c008214 01078793 addi             x15, x15, 16        x15=1c00012c x15:1c00011c
13473218ns          218106 1c008216 01070713 addi             x14, x14, 16        x14=100033e8 x14:100033d8
13473238ns          218107 1c0081fc 0007a883 lw               x17, 0(x15)         x17=07370a46 x15:1c00012c  PA:1c00012c
13473536ns          218122 1c008200 0047a803 lw               x16, 4(x15)         x16=089e0b7f x15:1c00012c  PA:1c000130
13473855ns          218138 1c008204 0087a503 lw               x10, 8(x15)         x10=032f0eb2 x15:1c00012c  PA:1c000134
13474153ns          218153 1c008206 00c7a583 lw               x11, 12(x15)        x11=012a0bf8 x15:1c00012c  PA:1c000138
13474451ns          218168 1c008208 01172023 sw               x17, 0(x14)         x17:07370a46 x14:100033e8  PA:100033e8
13474471ns          218169 1c00820c 01072223 sw               x16, 4(x14)         x16:089e0b7f x14:100033e8  PA:100033ec
13474491ns          218170 1c008210 00a72423 sw               x10, 8(x14)         x10:032f0eb2 x14:100033e8  PA:100033f0
13474511ns          218171 1c008212 00b72623 sw               x11, 12(x14)        x11:012a0bf8 x14:100033e8  PA:100033f4
13474531ns          218172 1c008214 01078793 addi             x15, x15, 16        x15=1c00013c x15:1c00012c
13474551ns          218173 1c008216 01070713 addi             x14, x14, 16        x14=100033f8 x14:100033e8
13474571ns          218174 1c0081fc 0007a883 lw               x17, 0(x15)         x17=0ab40457 x15:1c00013c  PA:1c00013c
13474869ns          218189 1c008200 0047a803 lw               x16, 4(x15)         x16=09690854 x15:1c00013c  PA:1c000140
13475187ns          218205 1c008204 0087a503 lw               x10, 8(x15)         x10=02f70223 x15:1c00013c  PA:1c000144
13475485ns          218220 1c008206 00c7a583 lw               x11, 12(x15)        x11=074103fb x15:1c00013c  PA:1c000148
13475784ns          218235 1c008208 01172023 sw               x17, 0(x14)         x17:0ab40457 x14:100033f8  PA:100033f8
13475804ns          218236 1c00820c 01072223 sw               x16, 4(x14)         x16:09690854 x14:100033f8  PA:100033fc
13475824ns          218237 1c008210 00a72423 sw               x10, 8(x14)         x10:02f70223 x14:100033f8  PA:10003400
13475843ns          218238 1c008212 00b72623 sw               x11, 12(x14)        x11:074103fb x14:100033f8  PA:10003404
13475863ns          218239 1c008214 01078793 addi             x15, x15, 16        x15=1c00014c x15:1c00013c
13475883ns          218240 1c008216 01070713 addi             x14, x14, 16        x14=10003408 x14:100033f8
13475903ns          218241 1c0081fc 0007a883 lw               x17, 0(x15)         x17=08140ff9 x15:1c00014c  PA:1c00014c
13476201ns          218256 1c008200 0047a803 lw               x16, 4(x15)         x16=00310b98 x15:1c00014c  PA:1c000150
13476520ns          218272 1c008204 0087a503 lw               x10, 8(x15)         x10=05000b2b x15:1c00014c  PA:1c000154
13476818ns          218287 1c008206 00c7a583 lw               x11, 12(x15)        x11=01cc042b x15:1c00014c  PA:1c000158
13477116ns          218302 1c008208 01172023 sw               x17, 0(x14)         x17:08140ff9 x14:10003408  PA:10003408
13477136ns          218303 1c00820c 01072223 sw               x16, 4(x14)         x16:00310b98 x14:10003408  PA:1000340c
13477156ns          218304 1c008210 00a72423 sw               x10, 8(x14)         x10:05000b2b x14:10003408  PA:10003410
13477176ns          218305 1c008212 00b72623 sw               x11, 12(x14)        x11:01cc042b x14:10003408  PA:10003414
13477196ns          218306 1c008214 01078793 addi             x15, x15, 16        x15=1c00015c x15:1c00014c
13477216ns          218307 1c008216 01070713 addi             x14, x14, 16        x14=10003418 x14:10003408
13477236ns          218308 1c0081fc 0007a883 lw               x17, 0(x15)         x17=07110ae2 x15:1c00015c  PA:1c00015c
13477633ns          218328 1c008200 0047a803 lw               x16, 4(x15)         x16=059c084f x15:1c00015c  PA:1c000160
13478031ns          218348 1c008204 0087a503 lw               x10, 8(x15)         x10=03ad0f69 x15:1c00015c  PA:1c000164
13478429ns          218368 1c008206 00c7a583 lw               x11, 12(x15)        x11=09bd0399 x15:1c00015c  PA:1c000168
13478727ns          218383 1c008208 01172023 sw               x17, 0(x14)         x17:07110ae2 x14:10003418  PA:10003418
13478747ns          218384 1c00820c 01072223 sw               x16, 4(x14)         x16:059c084f x14:10003418  PA:1000341c
13478767ns          218385 1c008210 00a72423 sw               x10, 8(x14)         x10:03ad0f69 x14:10003418  PA:10003420
13478787ns          218386 1c008212 00b72623 sw               x11, 12(x14)        x11:09bd0399 x14:10003418  PA:10003424
13478807ns          218387 1c008214 01078793 addi             x15, x15, 16        x15=1c00016c x15:1c00015c
13478827ns          218388 1c008216 01070713 addi             x14, x14, 16        x14=10003428 x14:10003418
13478846ns          218389 1c0081fc 0007a883 lw               x17, 0(x15)         x17=064d0eb9 x15:1c00016c  PA:1c00016c
13479145ns          218404 1c008200 0047a803 lw               x16, 4(x15)         x16=05b60fc4 x15:1c00016c  PA:1c000170
13479443ns          218419 1c008204 0087a503 lw               x10, 8(x15)         x10=0aa40834 x15:1c00016c  PA:1c000174
13479741ns          218434 1c008206 00c7a583 lw               x11, 12(x15)        x11=021e0fcc x15:1c00016c  PA:1c000178
13480040ns          218449 1c008208 01172023 sw               x17, 0(x14)         x17:064d0eb9 x14:10003428  PA:10003428
13480060ns          218450 1c00820c 01072223 sw               x16, 4(x14)         x16:05b60fc4 x14:10003428  PA:1000342c
13480080ns          218451 1c008210 00a72423 sw               x10, 8(x14)         x10:0aa40834 x14:10003428  PA:10003430
13480099ns          218452 1c008212 00b72623 sw               x11, 12(x14)        x11:021e0fcc x14:10003428  PA:10003434
13480119ns          218453 1c008214 01078793 addi             x15, x15, 16        x15=1c00017c x15:1c00016c
13480139ns          218454 1c008216 01070713 addi             x14, x14, 16        x14=10003438 x14:10003428
13480159ns          218455 1c0081fc 0007a883 lw               x17, 0(x15)         x17=074f0a77 x15:1c00017c  PA:1c00017c
13480477ns          218471 1c008200 0047a803 lw               x16, 4(x15)         x16=0a3203d7 x15:1c00017c  PA:1c000180
13480776ns          218486 1c008204 0087a503 lw               x10, 8(x15)         x10=0c8a0c36 x15:1c00017c  PA:1c000184
13481074ns          218501 1c008206 00c7a583 lw               x11, 12(x15)        x11=01b2008a x15:1c00017c  PA:1c000188
13481372ns          218516 1c008208 01172023 sw               x17, 0(x14)         x17:074f0a77 x14:10003438  PA:10003438
13481392ns          218517 1c00820c 01072223 sw               x16, 4(x14)         x16:0a3203d7 x14:10003438  PA:1000343c
13481412ns          218518 1c008210 00a72423 sw               x10, 8(x14)         x10:0c8a0c36 x14:10003438  PA:10003440
13481432ns          218519 1c008212 00b72623 sw               x11, 12(x14)        x11:01b2008a x14:10003438  PA:10003444
13481452ns          218520 1c008214 01078793 addi             x15, x15, 16        x15=1c00018c x15:1c00017c
13481472ns          218521 1c008216 01070713 addi             x14, x14, 16        x14=10003448 x14:10003438
13481492ns          218522 1c0081fc 0007a883 lw               x17, 0(x15)         x17=071b083b x15:1c00018c  PA:1c00018c
13481889ns          218542 1c008200 0047a803 lw               x16, 4(x15)         x16=05a406b3 x15:1c00018c  PA:1c000190
13482287ns          218562 1c008204 0087a503 lw               x10, 8(x15)         x10=08140669 x15:1c00018c  PA:1c000194
13482685ns          218582 1c008206 00c7a583 lw               x11, 12(x15)        x11=00560888 x15:1c00018c  PA:1c000198
13483003ns          218598 1c008208 01172023 sw               x17, 0(x14)         x17:071b083b x14:10003448  PA:10003448
13483023ns          218599 1c00820c 01072223 sw               x16, 4(x14)         x16:05a406b3 x14:10003448  PA:1000344c
13483043ns          218600 1c008210 00a72423 sw               x10, 8(x14)         x10:08140669 x14:10003448  PA:10003450
13483063ns          218601 1c008212 00b72623 sw               x11, 12(x14)        x11:00560888 x14:10003448  PA:10003454
13483083ns          218602 1c008214 01078793 addi             x15, x15, 16        x15=1c00019c x15:1c00018c
13483103ns          218603 1c008216 01070713 addi             x14, x14, 16        x14=10003458 x14:10003448
13483122ns          218604 1c0081fc 0007a883 lw               x17, 0(x15)         x17=02440471 x15:1c00019c  PA:1c00019c
13483421ns          218619 1c008200 0047a803 lw               x16, 4(x15)         x16=038d0bcc x15:1c00019c  PA:1c0001a0
13483719ns          218634 1c008204 0087a503 lw               x10, 8(x15)         x10=088f0530 x15:1c00019c  PA:1c0001a4
13484017ns          218649 1c008206 00c7a583 lw               x11, 12(x15)        x11=0cc60773 x15:1c00019c  PA:1c0001a8
13484336ns          218665 1c008208 01172023 sw               x17, 0(x14)         x17:02440471 x14:10003458  PA:10003458
13484355ns          218666 1c00820c 01072223 sw               x16, 4(x14)         x16:038d0bcc x14:10003458  PA:1000345c
13484375ns          218667 1c008210 00a72423 sw               x10, 8(x14)         x10:088f0530 x14:10003458  PA:10003460
13484395ns          218668 1c008212 00b72623 sw               x11, 12(x14)        x11:0cc60773 x14:10003458  PA:10003464
13484415ns          218669 1c008214 01078793 addi             x15, x15, 16        x15=1c0001ac x15:1c00019c
13484435ns          218670 1c008216 01070713 addi             x14, x14, 16        x14=10003468 x14:10003458
13484455ns          218671 1c0081fc 0007a883 lw               x17, 0(x15)         x17=08ef078f x15:1c0001ac  PA:1c0001ac
13484773ns          218687 1c008200 0047a803 lw               x16, 4(x15)         x16=05b60f41 x15:1c0001ac  PA:1c0001b0
13485171ns          218707 1c008204 0087a503 lw               x10, 8(x15)         x10=0df701be x15:1c0001ac  PA:1c0001b4
13485589ns          218728 1c008206 00c7a583 lw               x11, 12(x15)        x11=02e00468 x15:1c0001ac  PA:1c0001b8
13485907ns          218744 1c008208 01172023 sw               x17, 0(x14)         x17:08ef078f x14:10003468  PA:10003468
13485927ns          218745 1c00820c 01072223 sw               x16, 4(x14)         x16:05b60f41 x14:10003468  PA:1000346c
13485946ns          218746 1c008210 00a72423 sw               x10, 8(x14)         x10:0df701be x14:10003468  PA:10003470
13485966ns          218747 1c008212 00b72623 sw               x11, 12(x14)        x11:02e00468 x14:10003468  PA:10003474
13485986ns          218748 1c008214 01078793 addi             x15, x15, 16        x15=1c0001bc x15:1c0001ac
13486006ns          218749 1c008216 01070713 addi             x14, x14, 16        x14=10003478 x14:10003468
13486026ns          218750 1c0081fc 0007a883 lw               x17, 0(x15)         x17=00a00039 x15:1c0001bc  PA:1c0001bc
13486344ns          218766 1c008200 0047a803 lw               x16, 4(x15)         x16=0b8a045e x15:1c0001bc  PA:1c0001c0
13486742ns          218786 1c008204 0087a503 lw               x10, 8(x15)         x10=04e705ed x15:1c0001bc  PA:1c0001c4
13487160ns          218807 1c008206 00c7a583 lw               x11, 12(x15)        x11=0d790820 x15:1c0001bc  PA:1c0001c8
13487458ns          218822 1c008208 01172023 sw               x17, 0(x14)         x17:00a00039 x14:10003478  PA:10003478
13487478ns          218823 1c00820c 01072223 sw               x16, 4(x14)         x16:0b8a045e x14:10003478  PA:1000347c
13487498ns          218824 1c008210 00a72423 sw               x10, 8(x14)         x10:04e705ed x14:10003478  PA:10003480
13487518ns          218825 1c008212 00b72623 sw               x11, 12(x14)        x11:0d790820 x14:10003478  PA:10003484
13487538ns          218826 1c008214 01078793 addi             x15, x15, 16        x15=1c0001cc x15:1c0001bc
13487557ns          218827 1c008216 01070713 addi             x14, x14, 16        x14=10003488 x14:10003478
13487577ns          218828 1c0081fc 0007a883 lw               x17, 0(x15)         x17=009f0cf4 x15:1c0001cc  PA:1c0001cc
13487876ns          218843 1c008200 0047a803 lw               x16, 4(x15)         x16=08180752 x15:1c0001cc  PA:1c0001d0
13488194ns          218859 1c008204 0087a503 lw               x10, 8(x15)         x10=02c50035 x15:1c0001cc  PA:1c0001d4
13488492ns          218874 1c008206 00c7a583 lw               x11, 12(x15)        x11=0b5c0d17 x15:1c0001cc  PA:1c0001d8
13488810ns          218890 1c008208 01172023 sw               x17, 0(x14)         x17:009f0cf4 x14:10003488  PA:10003488
13488830ns          218891 1c00820c 01072223 sw               x16, 4(x14)         x16:08180752 x14:10003488  PA:1000348c
13488850ns          218892 1c008210 00a72423 sw               x10, 8(x14)         x10:02c50035 x14:10003488  PA:10003490
13488870ns          218893 1c008212 00b72623 sw               x11, 12(x14)        x11:0b5c0d17 x14:10003488  PA:10003494
13488890ns          218894 1c008214 01078793 addi             x15, x15, 16        x15=1c0001dc x15:1c0001cc
13488910ns          218895 1c008216 01070713 addi             x14, x14, 16        x14=10003498 x14:10003488
13488930ns          218896 1c0081fc 0007a883 lw               x17, 0(x15)         x17=09c90594 x15:1c0001dc  PA:1c0001dc
13489248ns          218912 1c008200 0047a803 lw               x16, 4(x15)         x16=0bff0adc x15:1c0001dc  PA:1c0001e0
13489646ns          218932 1c008204 0087a503 lw               x10, 8(x15)         x10=06ae08de x15:1c0001dc  PA:1c0001e4
13490004ns          218950 1c008206 00c7a583 lw               x11, 12(x15)        x11=0c390dc8 x15:1c0001dc  PA:1c0001e8
13490302ns          218965 1c008208 01172023 sw               x17, 0(x14)         x17:09c90594 x14:10003498  PA:10003498
13490322ns          218966 1c00820c 01072223 sw               x16, 4(x14)         x16:0bff0adc x14:10003498  PA:1000349c
13490342ns          218967 1c008210 00a72423 sw               x10, 8(x14)         x10:06ae08de x14:10003498  PA:100034a0
13490362ns          218968 1c008212 00b72623 sw               x11, 12(x14)        x11:0c390dc8 x14:10003498  PA:100034a4
13490382ns          218969 1c008214 01078793 addi             x15, x15, 16        x15=1c0001ec x15:1c0001dc
13490401ns          218970 1c008216 01070713 addi             x14, x14, 16        x14=100034a8 x14:10003498
13490421ns          218971 1c0081fc 0007a883 lw               x17, 0(x15)         x17=037c0c68 x15:1c0001ec  PA:1c0001ec
13490799ns          218990 1c008200 0047a803 lw               x16, 4(x15)         x16=05d9007a x15:1c0001ec  PA:1c0001f0
13491217ns          219011 1c008204 0087a503 lw               x10, 8(x15)         x10=04e90ce5 x15:1c0001ec  PA:1c0001f4
13491555ns          219028 1c008206 00c7a583 lw               x11, 12(x15)        x11=0b5e0cdf x15:1c0001ec  PA:1c0001f8
13491853ns          219043 1c008208 01172023 sw               x17, 0(x14)         x17:037c0c68 x14:100034a8  PA:100034a8
13491873ns          219044 1c00820c 01072223 sw               x16, 4(x14)         x16:05d9007a x14:100034a8  PA:100034ac
13491893ns          219045 1c008210 00a72423 sw               x10, 8(x14)         x10:04e90ce5 x14:100034a8  PA:100034b0
13491913ns          219046 1c008212 00b72623 sw               x11, 12(x14)        x11:0b5e0cdf x14:100034a8  PA:100034b4
13491933ns          219047 1c008214 01078793 addi             x15, x15, 16        x15=1c0001fc x15:1c0001ec
13491953ns          219048 1c008216 01070713 addi             x14, x14, 16        x14=100034b8 x14:100034a8
13491973ns          219049 1c0081fc 0007a883 lw               x17, 0(x15)         x17=09200b92 x15:1c0001fc  PA:1c0001fc
13492291ns          219065 1c008200 0047a803 lw               x16, 4(x15)         x16=070e005e x15:1c0001fc  PA:1c000200
13492589ns          219080 1c008204 0087a503 lw               x10, 8(x15)         x10=010400cf x15:1c0001fc  PA:1c000204
13492887ns          219095 1c008206 00c7a583 lw               x11, 12(x15)        x11=093f08ba x15:1c0001fc  PA:1c000208
13493186ns          219110 1c008208 01172023 sw               x17, 0(x14)         x17:09200b92 x14:100034b8  PA:100034b8
13493206ns          219111 1c00820c 01072223 sw               x16, 4(x14)         x16:070e005e x14:100034b8  PA:100034bc
13493226ns          219112 1c008210 00a72423 sw               x10, 8(x14)         x10:010400cf x14:100034b8  PA:100034c0
13493245ns          219113 1c008212 00b72623 sw               x11, 12(x14)        x11:093f08ba x14:100034b8  PA:100034c4
13493265ns          219114 1c008214 01078793 addi             x15, x15, 16        x15=1c00020c x15:1c0001fc
13493285ns          219115 1c008216 01070713 addi             x14, x14, 16        x14=100034c8 x14:100034b8
13493305ns          219116 1c0081fc 0007a883 lw               x17, 0(x15)         x17=038f0dc5 x15:1c00020c  PA:1c00020c
13493623ns          219132 1c008200 0047a803 lw               x16, 4(x15)         x16=0a890b91 x15:1c00020c  PA:1c000210
13493922ns          219147 1c008204 0087a503 lw               x10, 8(x15)         x10=0c010305 x15:1c00020c  PA:1c000214
13494220ns          219162 1c008206 00c7a583 lw               x11, 12(x15)        x11=0cb20a9e x15:1c00020c  PA:1c000218
13494518ns          219177 1c008208 01172023 sw               x17, 0(x14)         x17:038f0dc5 x14:100034c8  PA:100034c8
13494538ns          219178 1c00820c 01072223 sw               x16, 4(x14)         x16:0a890b91 x14:100034c8  PA:100034cc
13494558ns          219179 1c008210 00a72423 sw               x10, 8(x14)         x10:0c010305 x14:100034c8  PA:100034d0
13494578ns          219180 1c008212 00b72623 sw               x11, 12(x14)        x11:0cb20a9e x14:100034c8  PA:100034d4
13494598ns          219181 1c008214 01078793 addi             x15, x15, 16        x15=1c00021c x15:1c00020c
13494618ns          219182 1c008216 01070713 addi             x14, x14, 16        x14=100034d8 x14:100034c8
13494638ns          219183 1c0081fc 0007a883 lw               x17, 0(x15)         x17=08a00cb6 x15:1c00021c  PA:1c00021c
13494956ns          219199 1c008200 0047a803 lw               x16, 4(x15)         x16=0db9007d x15:1c00021c  PA:1c000220
13495254ns          219214 1c008204 0087a503 lw               x10, 8(x15)         x10=07210b10 x15:1c00021c  PA:1c000224
13495552ns          219229 1c008206 00c7a583 lw               x11, 12(x15)        x11=08f50916 x15:1c00021c  PA:1c000228
13495851ns          219244 1c008208 01172023 sw               x17, 0(x14)         x17:08a00cb6 x14:100034d8  PA:100034d8
13495871ns          219245 1c00820c 01072223 sw               x16, 4(x14)         x16:0db9007d x14:100034d8  PA:100034dc
13495890ns          219246 1c008210 00a72423 sw               x10, 8(x14)         x10:07210b10 x14:100034d8  PA:100034e0
13495910ns          219247 1c008212 00b72623 sw               x11, 12(x14)        x11:08f50916 x14:100034d8  PA:100034e4
13495930ns          219248 1c008214 01078793 addi             x15, x15, 16        x15=1c00022c x15:1c00021c
13495950ns          219249 1c008216 01070713 addi             x14, x14, 16        x14=100034e8 x14:100034d8
13495970ns          219250 1c0081fc 0007a883 lw               x17, 0(x15)         x17=05d30497 x15:1c00022c  PA:1c00022c
13496288ns          219266 1c008200 0047a803 lw               x16, 4(x15)         x16=06090280 x15:1c00022c  PA:1c000230
13496587ns          219281 1c008204 0087a503 lw               x10, 8(x15)         x10=08d10233 x15:1c00022c  PA:1c000234
13496885ns          219296 1c008206 00c7a583 lw               x11, 12(x15)        x11=02700135 x15:1c00022c  PA:1c000238
13497183ns          219311 1c008208 01172023 sw               x17, 0(x14)         x17:05d30497 x14:100034e8  PA:100034e8
13497203ns          219312 1c00820c 01072223 sw               x16, 4(x14)         x16:06090280 x14:100034e8  PA:100034ec
13497223ns          219313 1c008210 00a72423 sw               x10, 8(x14)         x10:08d10233 x14:100034e8  PA:100034f0
13497243ns          219314 1c008212 00b72623 sw               x11, 12(x14)        x11:02700135 x14:100034e8  PA:100034f4
13497263ns          219315 1c008214 01078793 addi             x15, x15, 16        x15=1c00023c x15:1c00022c
13497283ns          219316 1c008216 01070713 addi             x14, x14, 16        x14=100034f8 x14:100034e8
13497303ns          219317 1c0081fc 0007a883 lw               x17, 0(x15)         x17=0c1c0267 x15:1c00023c  PA:1c00023c
13497621ns          219333 1c008200 0047a803 lw               x16, 4(x15)         x16=08730016 x15:1c00023c  PA:1c000240
13497919ns          219348 1c008204 0087a503 lw               x10, 8(x15)         x10=022b060e x15:1c00023c  PA:1c000244
13498217ns          219363 1c008206 00c7a583 lw               x11, 12(x15)        x11=058e0ae8 x15:1c00023c  PA:1c000248
13498516ns          219378 1c008208 01172023 sw               x17, 0(x14)         x17:0c1c0267 x14:100034f8  PA:100034f8
13498536ns          219379 1c00820c 01072223 sw               x16, 4(x14)         x16:08730016 x14:100034f8  PA:100034fc
13498555ns          219380 1c008210 00a72423 sw               x10, 8(x14)         x10:022b060e x14:100034f8  PA:10003500
13498575ns          219381 1c008212 00b72623 sw               x11, 12(x14)        x11:058e0ae8 x14:100034f8  PA:10003504
13498595ns          219382 1c008214 01078793 addi             x15, x15, 16        x15=1c00024c x15:1c00023c
13498615ns          219383 1c008216 01070713 addi             x14, x14, 16        x14=10003508 x14:100034f8
13498635ns          219384 1c0081fc 0007a883 lw               x17, 0(x15)         x17=03c705a2 x15:1c00024c  PA:1c00024c
13498933ns          219399 1c008200 0047a803 lw               x16, 4(x15)         x16=08550400 x15:1c00024c  PA:1c000250
13499232ns          219414 1c008204 0087a503 lw               x10, 8(x15)         x10=09c902a8 x15:1c00024c  PA:1c000254
13499530ns          219429 1c008206 00c7a583 lw               x11, 12(x15)        x11=0cc307ce x15:1c00024c  PA:1c000258
13499908ns          219448 1c008208 01172023 sw               x17, 0(x14)         x17:03c705a2 x14:10003508  PA:10003508
13499928ns          219449 1c00820c 01072223 sw               x16, 4(x14)         x16:08550400 x14:10003508  PA:1000350c
13499948ns          219450 1c008210 00a72423 sw               x10, 8(x14)         x10:09c902a8 x14:10003508  PA:10003510
13499968ns          219451 1c008212 00b72623 sw               x11, 12(x14)        x11:0cc307ce x14:10003508  PA:10003514
13499987ns          219452 1c008214 01078793 addi             x15, x15, 16        x15=1c00025c x15:1c00024c
13500007ns          219453 1c008216 01070713 addi             x14, x14, 16        x14=10003518 x14:10003508
13500027ns          219454 1c0081fc 0007a883 lw               x17, 0(x15)         x17=07b9098f x15:1c00025c  PA:1c00025c
13500326ns          219469 1c008200 0047a803 lw               x16, 4(x15)         x16=022b042e x15:1c00025c  PA:1c000260
13500624ns          219484 1c008204 0087a503 lw               x10, 8(x15)         x10=0b740bf3 x15:1c00025c  PA:1c000264
13500922ns          219499 1c008206 00c7a583 lw               x11, 12(x15)        x11=00c80a35 x15:1c00025c  PA:1c000268
13501220ns          219514 1c008208 01172023 sw               x17, 0(x14)         x17:07b9098f x14:10003518  PA:10003518
13501240ns          219515 1c00820c 01072223 sw               x16, 4(x14)         x16:022b042e x14:10003518  PA:1000351c
13501260ns          219516 1c008210 00a72423 sw               x10, 8(x14)         x10:0b740bf3 x14:10003518  PA:10003520
13501280ns          219517 1c008212 00b72623 sw               x11, 12(x14)        x11:00c80a35 x14:10003518  PA:10003524
13501300ns          219518 1c008214 01078793 addi             x15, x15, 16        x15=1c00026c x15:1c00025c
13501320ns          219519 1c008216 01070713 addi             x14, x14, 16        x14=10003528 x14:10003518
13501340ns          219520 1c0081fc 0007a883 lw               x17, 0(x15)         x17=00ba0d4d x15:1c00026c  PA:1c00026c
13501698ns          219538 1c008200 0047a803 lw               x16, 4(x15)         x16=0bbe0953 x15:1c00026c  PA:1c000270
13502096ns          219558 1c008204 0087a503 lw               x10, 8(x15)         x10=09d102c0 x15:1c00026c  PA:1c000274
13502493ns          219578 1c008206 00c7a583 lw               x11, 12(x15)        x11=0ffe04e7 x15:1c00026c  PA:1c000278
13502812ns          219594 1c008208 01172023 sw               x17, 0(x14)         x17:00ba0d4d x14:10003528  PA:10003528
13502831ns          219595 1c00820c 01072223 sw               x16, 4(x14)         x16:0bbe0953 x14:10003528  PA:1000352c
13502851ns          219596 1c008210 00a72423 sw               x10, 8(x14)         x10:09d102c0 x14:10003528  PA:10003530
13502871ns          219597 1c008212 00b72623 sw               x11, 12(x14)        x11:0ffe04e7 x14:10003528  PA:10003534
13502891ns          219598 1c008214 01078793 addi             x15, x15, 16        x15=1c00027c x15:1c00026c
13502911ns          219599 1c008216 01070713 addi             x14, x14, 16        x14=10003538 x14:10003528
13502931ns          219600 1c0081fc 0007a883 lw               x17, 0(x15)         x17=02860168 x15:1c00027c  PA:1c00027c
13503249ns          219616 1c008200 0047a803 lw               x16, 4(x15)         x16=0b1a065d x15:1c00027c  PA:1c000280
13503547ns          219631 1c008204 0087a503 lw               x10, 8(x15)         x10=0c5b0643 x15:1c00027c  PA:1c000284
13503866ns          219647 1c008206 00c7a583 lw               x11, 12(x15)        x11=037f050d x15:1c00027c  PA:1c000288
13504224ns          219665 1c008208 01172023 sw               x17, 0(x14)         x17:02860168 x14:10003538  PA:10003538
13504243ns          219666 1c00820c 01072223 sw               x16, 4(x14)         x16:0b1a065d x14:10003538  PA:1000353c
13504263ns          219667 1c008210 00a72423 sw               x10, 8(x14)         x10:0c5b0643 x14:10003538  PA:10003540
13504283ns          219668 1c008212 00b72623 sw               x11, 12(x14)        x11:037f050d x14:10003538  PA:10003544
13504303ns          219669 1c008214 01078793 addi             x15, x15, 16        x15=1c00028c x15:1c00027c
13504323ns          219670 1c008216 01070713 addi             x14, x14, 16        x14=10003548 x14:10003538
13504343ns          219671 1c0081fc 0007a883 lw               x17, 0(x15)         x17=04870893 x15:1c00028c  PA:1c00028c
13504641ns          219686 1c008200 0047a803 lw               x16, 4(x15)         x16=059a0311 x15:1c00028c  PA:1c000290
13504940ns          219701 1c008204 0087a503 lw               x10, 8(x15)         x10=04670e0f x15:1c00028c  PA:1c000294
13505238ns          219716 1c008206 00c7a583 lw               x11, 12(x15)        x11=0896004b x15:1c00028c  PA:1c000298
13505695ns          219739 1c008208 01172023 sw               x17, 0(x14)         x17:04870893 x14:10003548  PA:10003548
13505715ns          219740 1c00820c 01072223 sw               x16, 4(x14)         x16:059a0311 x14:10003548  PA:1000354c
13505735ns          219741 1c008210 00a72423 sw               x10, 8(x14)         x10:04670e0f x14:10003548  PA:10003550
13505755ns          219742 1c008212 00b72623 sw               x11, 12(x14)        x11:0896004b x14:10003548  PA:10003554
13505775ns          219743 1c008214 01078793 addi             x15, x15, 16        x15=1c00029c x15:1c00028c
13505795ns          219744 1c008216 01070713 addi             x14, x14, 16        x14=10003558 x14:10003548
13505815ns          219745 1c008218 00c007b3 add              x15, x0, x12        x15=1c00029c x12:1c00029c
13505834ns          219746 1c00821a 29010713 addi             x14, x2, 656        x14=10003558  x2:100032c8
13505854ns          219747 1c00821c 0286d0fb lp.setupi        0x1, 0x28, 0xd     
13505874ns          219748 1c008220 0007a803 lw               x16, 0(x15)         x16=0fa30c6d x15:1c00029c  PA:1c00029c
13506192ns          219764 1c008224 0047a503 lw               x10, 4(x15)         x10=0c8d0e97 x15:1c00029c  PA:1c0002a0
13506590ns          219784 1c008226 0087a583 lw               x11, 8(x15)         x11=0ffb00de x15:1c00029c  PA:1c0002a4
13507028ns          219806 1c008228 00c7a603 lw               x12, 12(x15)        x12=00a300a0 x15:1c00029c  PA:1c0002a8
13507366ns          219823 1c00822a 01072023 sw               x16, 0(x14)         x16:0fa30c6d x14:10003558  PA:10003558
13507386ns          219824 1c00822e 00a72223 sw               x10, 4(x14)         x10:0c8d0e97 x14:10003558  PA:1000355c
13507406ns          219825 1c008230 00b72423 sw               x11, 8(x14)         x11:0ffb00de x14:10003558  PA:10003560
13507426ns          219826 1c008232 00c72623 sw               x12, 12(x14)        x12:00a300a0 x14:10003558  PA:10003564
13507445ns          219827 1c008234 01078793 addi             x15, x15, 16        x15=1c0002ac x15:1c00029c
13507465ns          219828 1c008236 01070713 addi             x14, x14, 16        x14=10003568 x14:10003558
13507485ns          219829 1c008220 0007a803 lw               x16, 0(x15)         x16=0f6a01cf x15:1c0002ac  PA:1c0002ac
13507863ns          219848 1c008224 0047a503 lw               x10, 4(x15)         x10=021400d5 x15:1c0002ac  PA:1c0002b0
13508281ns          219869 1c008226 0087a583 lw               x11, 8(x15)         x11=0fb30e58 x15:1c0002ac  PA:1c0002b4
13508678ns          219889 1c008228 00c7a603 lw               x12, 12(x15)        x12=0059012a x15:1c0002ac  PA:1c0002b8
13508977ns          219904 1c00822a 01072023 sw               x16, 0(x14)         x16:0f6a01cf x14:10003568  PA:10003568
13508997ns          219905 1c00822e 00a72223 sw               x10, 4(x14)         x10:021400d5 x14:10003568  PA:1000356c
13509017ns          219906 1c008230 00b72423 sw               x11, 8(x14)         x11:0fb30e58 x14:10003568  PA:10003570
13509036ns          219907 1c008232 00c72623 sw               x12, 12(x14)        x12:0059012a x14:10003568  PA:10003574
13509056ns          219908 1c008234 01078793 addi             x15, x15, 16        x15=1c0002bc x15:1c0002ac
13509076ns          219909 1c008236 01070713 addi             x14, x14, 16        x14=10003578 x14:10003568
13509096ns          219910 1c008220 0007a803 lw               x16, 0(x15)         x16=0ea90e09 x15:1c0002bc  PA:1c0002bc
13509414ns          219926 1c008224 0047a503 lw               x10, 4(x15)         x10=0e4b0067 x15:1c0002bc  PA:1c0002c0
13509713ns          219941 1c008226 0087a583 lw               x11, 8(x15)         x11=00a80f22 x15:1c0002bc  PA:1c0002c4
13510011ns          219956 1c008228 00c7a603 lw               x12, 12(x15)        x12=0ddc0146 x15:1c0002bc  PA:1c0002c8
13510349ns          219973 1c00822a 01072023 sw               x16, 0(x14)         x16:0ea90e09 x14:10003578  PA:10003578
13510369ns          219974 1c00822e 00a72223 sw               x10, 4(x14)         x10:0e4b0067 x14:10003578  PA:1000357c
13510389ns          219975 1c008230 00b72423 sw               x11, 8(x14)         x11:00a80f22 x14:10003578  PA:10003580
13510409ns          219976 1c008232 00c72623 sw               x12, 12(x14)        x12:0ddc0146 x14:10003578  PA:10003584
13510429ns          219977 1c008234 01078793 addi             x15, x15, 16        x15=1c0002cc x15:1c0002bc
13510449ns          219978 1c008236 01070713 addi             x14, x14, 16        x14=10003588 x14:10003578
13510468ns          219979 1c008220 0007a803 lw               x16, 0(x15)         x16=00580004 x15:1c0002cc  PA:1c0002cc
13510866ns          219999 1c008224 0047a503 lw               x10, 4(x15)         x10=0ef001ca x15:1c0002cc  PA:1c0002d0
13511264ns          220019 1c008226 0087a583 lw               x11, 8(x15)         x11=01b30e9d x15:1c0002cc  PA:1c0002d4
13511662ns          220039 1c008228 00c7a603 lw               x12, 12(x15)        x12=00570fb3 x15:1c0002cc  PA:1c0002d8
13511980ns          220055 1c00822a 01072023 sw               x16, 0(x14)         x16:00580004 x14:10003588  PA:10003588
13512000ns          220056 1c00822e 00a72223 sw               x10, 4(x14)         x10:0ef001ca x14:10003588  PA:1000358c
13512020ns          220057 1c008230 00b72423 sw               x11, 8(x14)         x11:01b30e9d x14:10003588  PA:10003590
13512040ns          220058 1c008232 00c72623 sw               x12, 12(x14)        x12:00570fb3 x14:10003588  PA:10003594
13512059ns          220059 1c008234 01078793 addi             x15, x15, 16        x15=1c0002dc x15:1c0002cc
13512079ns          220060 1c008236 01070713 addi             x14, x14, 16        x14=10003598 x14:10003588
13512099ns          220061 1c008220 0007a803 lw               x16, 0(x15)         x16=0e57005c x15:1c0002dc  PA:1c0002dc
13512398ns          220076 1c008224 0047a503 lw               x10, 4(x15)         x10=0f470f14 x15:1c0002dc  PA:1c0002e0
13512696ns          220091 1c008226 0087a583 lw               x11, 8(x15)         x11=0e380166 x15:1c0002dc  PA:1c0002e4
13512994ns          220106 1c008228 00c7a603 lw               x12, 12(x15)        x12=01c202b6 x15:1c0002dc  PA:1c0002e8
13513312ns          220122 1c00822a 01072023 sw               x16, 0(x14)         x16:0e57005c x14:10003598  PA:10003598
13513332ns          220123 1c00822e 00a72223 sw               x10, 4(x14)         x10:0f470f14 x14:10003598  PA:1000359c
13513352ns          220124 1c008230 00b72423 sw               x11, 8(x14)         x11:0e380166 x14:10003598  PA:100035a0
13513372ns          220125 1c008232 00c72623 sw               x12, 12(x14)        x12:01c202b6 x14:10003598  PA:100035a4
13513392ns          220126 1c008234 01078793 addi             x15, x15, 16        x15=1c0002ec x15:1c0002dc
13513412ns          220127 1c008236 01070713 addi             x14, x14, 16        x14=100035a8 x14:10003598
13513432ns          220128 1c008220 0007a803 lw               x16, 0(x15)         x16=0eba0d5c x15:1c0002ec  PA:1c0002ec
13513730ns          220143 1c008224 0047a503 lw               x10, 4(x15)         x10=0e380eae x15:1c0002ec  PA:1c0002f0
13514028ns          220158 1c008226 0087a583 lw               x11, 8(x15)         x11=0e8d0157 x15:1c0002ec  PA:1c0002f4
13514327ns          220173 1c008228 00c7a603 lw               x12, 12(x15)        x12=0fb70fdf x15:1c0002ec  PA:1c0002f8
13514645ns          220189 1c00822a 01072023 sw               x16, 0(x14)         x16:0eba0d5c x14:100035a8  PA:100035a8
13514665ns          220190 1c00822e 00a72223 sw               x10, 4(x14)         x10:0e380eae x14:100035a8  PA:100035ac
13514685ns          220191 1c008230 00b72423 sw               x11, 8(x14)         x11:0e8d0157 x14:100035a8  PA:100035b0
13514705ns          220192 1c008232 00c72623 sw               x12, 12(x14)        x12:0fb70fdf x14:100035a8  PA:100035b4
13514724ns          220193 1c008234 01078793 addi             x15, x15, 16        x15=1c0002fc x15:1c0002ec
13514744ns          220194 1c008236 01070713 addi             x14, x14, 16        x14=100035b8 x14:100035a8
13514764ns          220195 1c008220 0007a803 lw               x16, 0(x15)         x16=00890230 x15:1c0002fc  PA:1c0002fc
13515063ns          220210 1c008224 0047a503 lw               x10, 4(x15)         x10=0fb10442 x15:1c0002fc  PA:1c000300
13515361ns          220225 1c008226 0087a583 lw               x11, 8(x15)         x11=004300ad x15:1c0002fc  PA:1c000304
13515659ns          220240 1c008228 00c7a603 lw               x12, 12(x15)        x12=006d0e2f x15:1c0002fc  PA:1c000308
13515977ns          220256 1c00822a 01072023 sw               x16, 0(x14)         x16:00890230 x14:100035b8  PA:100035b8
13515997ns          220257 1c00822e 00a72223 sw               x10, 4(x14)         x10:0fb10442 x14:100035b8  PA:100035bc
13516017ns          220258 1c008230 00b72423 sw               x11, 8(x14)         x11:004300ad x14:100035b8  PA:100035c0
13516037ns          220259 1c008232 00c72623 sw               x12, 12(x14)        x12:006d0e2f x14:100035b8  PA:100035c4
13516057ns          220260 1c008234 01078793 addi             x15, x15, 16        x15=1c00030c x15:1c0002fc
13516077ns          220261 1c008236 01070713 addi             x14, x14, 16        x14=100035c8 x14:100035b8
13516097ns          220262 1c008220 0007a803 lw               x16, 0(x15)         x16=0d1a0fe2 x15:1c00030c  PA:1c00030c
13516415ns          220278 1c008224 0047a503 lw               x10, 4(x15)         x10=007803a6 x15:1c00030c  PA:1c000310
13516813ns          220298 1c008226 0087a583 lw               x11, 8(x15)         x11=0d840e7f x15:1c00030c  PA:1c000314
13517210ns          220318 1c008228 00c7a603 lw               x12, 12(x15)        x12=0008001d x15:1c00030c  PA:1c000318
13517509ns          220333 1c00822a 01072023 sw               x16, 0(x14)         x16:0d1a0fe2 x14:100035c8  PA:100035c8
13517529ns          220334 1c00822e 00a72223 sw               x10, 4(x14)         x10:007803a6 x14:100035c8  PA:100035cc
13517549ns          220335 1c008230 00b72423 sw               x11, 8(x14)         x11:0d840e7f x14:100035c8  PA:100035d0
13517568ns          220336 1c008232 00c72623 sw               x12, 12(x14)        x12:0008001d x14:100035c8  PA:100035d4
13517588ns          220337 1c008234 01078793 addi             x15, x15, 16        x15=1c00031c x15:1c00030c
13517608ns          220338 1c008236 01070713 addi             x14, x14, 16        x14=100035d8 x14:100035c8
13517628ns          220339 1c008220 0007a803 lw               x16, 0(x15)         x16=0e1c0133 x15:1c00031c  PA:1c00031c
13517926ns          220354 1c008224 0047a503 lw               x10, 4(x15)         x10=00ae0d87 x15:1c00031c  PA:1c000320
13518225ns          220369 1c008226 0087a583 lw               x11, 8(x15)         x11=0f770e25 x15:1c00031c  PA:1c000324
13518523ns          220384 1c008228 00c7a603 lw               x12, 12(x15)        x12=0fa500cf x15:1c00031c  PA:1c000328
13518821ns          220399 1c00822a 01072023 sw               x16, 0(x14)         x16:0e1c0133 x14:100035d8  PA:100035d8
13518841ns          220400 1c00822e 00a72223 sw               x10, 4(x14)         x10:00ae0d87 x14:100035d8  PA:100035dc
13518861ns          220401 1c008230 00b72423 sw               x11, 8(x14)         x11:0f770e25 x14:100035d8  PA:100035e0
13518881ns          220402 1c008232 00c72623 sw               x12, 12(x14)        x12:0fa500cf x14:100035d8  PA:100035e4
13518901ns          220403 1c008234 01078793 addi             x15, x15, 16        x15=1c00032c x15:1c00031c
13518921ns          220404 1c008236 01070713 addi             x14, x14, 16        x14=100035e8 x14:100035d8
13518941ns          220405 1c008220 0007a803 lw               x16, 0(x15)         x16=0f470e5d x15:1c00032c  PA:1c00032c
13519299ns          220423 1c008224 0047a503 lw               x10, 4(x15)         x10=02610d5f x15:1c00032c  PA:1c000330
13519597ns          220438 1c008226 0087a583 lw               x11, 8(x15)         x11=0e4601f7 x15:1c00032c  PA:1c000334
13519915ns          220454 1c008228 00c7a603 lw               x12, 12(x15)        x12=0ee8002b x15:1c00032c  PA:1c000338
13520233ns          220470 1c00822a 01072023 sw               x16, 0(x14)         x16:0f470e5d x14:100035e8  PA:100035e8
13520253ns          220471 1c00822e 00a72223 sw               x10, 4(x14)         x10:02610d5f x14:100035e8  PA:100035ec
13520273ns          220472 1c008230 00b72423 sw               x11, 8(x14)         x11:0e4601f7 x14:100035e8  PA:100035f0
13520293ns          220473 1c008232 00c72623 sw               x12, 12(x14)        x12:0ee8002b x14:100035e8  PA:100035f4
13520313ns          220474 1c008234 01078793 addi             x15, x15, 16        x15=1c00033c x15:1c00032c
13520333ns          220475 1c008236 01070713 addi             x14, x14, 16        x14=100035f8 x14:100035e8
13520353ns          220476 1c008220 0007a803 lw               x16, 0(x15)         x16=01b90f79 x15:1c00033c  PA:1c00033c
13520651ns          220491 1c008224 0047a503 lw               x10, 4(x15)         x10=0e0501ed x15:1c00033c  PA:1c000340
13520949ns          220506 1c008226 0087a583 lw               x11, 8(x15)         x11=0e9b0e3f x15:1c00033c  PA:1c000344
13521268ns          220522 1c008228 00c7a603 lw               x12, 12(x15)        x12=00790059 x15:1c00033c  PA:1c000348
13521586ns          220538 1c00822a 01072023 sw               x16, 0(x14)         x16:01b90f79 x14:100035f8  PA:100035f8
13521606ns          220539 1c00822e 00a72223 sw               x10, 4(x14)         x10:0e0501ed x14:100035f8  PA:100035fc
13521626ns          220540 1c008230 00b72423 sw               x11, 8(x14)         x11:0e9b0e3f x14:100035f8  PA:10003600
13521645ns          220541 1c008232 00c72623 sw               x12, 12(x14)        x12:00790059 x14:100035f8  PA:10003604
13521665ns          220542 1c008234 01078793 addi             x15, x15, 16        x15=1c00034c x15:1c00033c
13521685ns          220543 1c008236 01070713 addi             x14, x14, 16        x14=10003608 x14:100035f8
13521705ns          220544 1c008220 0007a803 lw               x16, 0(x15)         x16=00610103 x15:1c00034c  PA:1c00034c
13522003ns          220559 1c008224 0047a503 lw               x10, 4(x15)         x10=0db9014b x15:1c00034c  PA:1c000350
13522381ns          220578 1c008226 0087a583 lw               x11, 8(x15)         x11=00b40186 x15:1c00034c  PA:1c000354
13522799ns          220599 1c008228 00c7a603 lw               x12, 12(x15)        x12=0fba0272 x15:1c00034c  PA:1c000358
13523097ns          220614 1c00822a 01072023 sw               x16, 0(x14)         x16:00610103 x14:10003608  PA:10003608
13523117ns          220615 1c00822e 00a72223 sw               x10, 4(x14)         x10:0db9014b x14:10003608  PA:1000360c
13523137ns          220616 1c008230 00b72423 sw               x11, 8(x14)         x11:00b40186 x14:10003608  PA:10003610
13523157ns          220617 1c008232 00c72623 sw               x12, 12(x14)        x12:0fba0272 x14:10003608  PA:10003614
13523177ns          220618 1c008234 01078793 addi             x15, x15, 16        x15=1c00035c x15:1c00034c
13523197ns          220619 1c008236 01070713 addi             x14, x14, 16        x14=10003618 x14:10003608
13523217ns          220620 1c008220 0007a803 lw               x16, 0(x15)         x16=0fc90035 x15:1c00035c  PA:1c00035c
13523515ns          220635 1c008224 0047a503 lw               x10, 4(x15)         x10=0ead0fc3 x15:1c00035c  PA:1c000360
13523813ns          220650 1c008226 0087a583 lw               x11, 8(x15)         x11=0e520def x15:1c00035c  PA:1c000364
13524112ns          220665 1c008228 00c7a603 lw               x12, 12(x15)        x12=00680287 x15:1c00035c  PA:1c000368
13524410ns          220680 1c00822a 01072023 sw               x16, 0(x14)         x16:0fc90035 x14:10003618  PA:10003618
13524430ns          220681 1c00822e 00a72223 sw               x10, 4(x14)         x10:0ead0fc3 x14:10003618  PA:1000361c
13524450ns          220682 1c008230 00b72423 sw               x11, 8(x14)         x11:0e520def x14:10003618  PA:10003620
13524470ns          220683 1c008232 00c72623 sw               x12, 12(x14)        x12:00680287 x14:10003618  PA:10003624
13524489ns          220684 1c008234 01078793 addi             x15, x15, 16        x15=1c00036c x15:1c00035c
13524509ns          220685 1c008236 01070713 addi             x14, x14, 16        x14=10003628 x14:10003618
13524529ns          220686 1c008220 0007a803 lw               x16, 0(x15)         x16=0f650edb x15:1c00036c  PA:1c00036c
13524828ns          220701 1c008224 0047a503 lw               x10, 4(x15)         x10=00670f19 x15:1c00036c  PA:1c000370
13525126ns          220716 1c008226 0087a583 lw               x11, 8(x15)         x11=0d9f0e75 x15:1c00036c  PA:1c000374
13525424ns          220731 1c008228 00c7a603 lw               x12, 12(x15)        x12=01ad0c5f x15:1c00036c  PA:1c000378
13525742ns          220747 1c00822a 01072023 sw               x16, 0(x14)         x16:0f650edb x14:10003628  PA:10003628
13525762ns          220748 1c00822e 00a72223 sw               x10, 4(x14)         x10:00670f19 x14:10003628  PA:1000362c
13525782ns          220749 1c008230 00b72423 sw               x11, 8(x14)         x11:0d9f0e75 x14:10003628  PA:10003630
13525802ns          220750 1c008232 00c72623 sw               x12, 12(x14)        x12:01ad0c5f x14:10003628  PA:10003634
13525822ns          220751 1c008234 01078793 addi             x15, x15, 16        x15=1c00037c x15:1c00036c
13525842ns          220752 1c008236 01070713 addi             x14, x14, 16        x14=10003638 x14:10003628
13525862ns          220753 1c008220 0007a803 lw               x16, 0(x15)         x16=013b00a2 x15:1c00037c  PA:1c00037c
13526200ns          220770 1c008224 0047a503 lw               x10, 4(x15)         x10=009900fc x15:1c00037c  PA:1c000380
13526598ns          220790 1c008226 0087a583 lw               x11, 8(x15)         x11=001f000e x15:1c00037c  PA:1c000384
13526995ns          220810 1c008228 00c7a603 lw               x12, 12(x15)        x12=004f0f2c x15:1c00037c  PA:1c000388
13527294ns          220825 1c00822a 01072023 sw               x16, 0(x14)         x16:013b00a2 x14:10003638  PA:10003638
13527314ns          220826 1c00822e 00a72223 sw               x10, 4(x14)         x10:009900fc x14:10003638  PA:1000363c
13527333ns          220827 1c008230 00b72423 sw               x11, 8(x14)         x11:001f000e x14:10003638  PA:10003640
13527353ns          220828 1c008232 00c72623 sw               x12, 12(x14)        x12:004f0f2c x14:10003638  PA:10003644
13527373ns          220829 1c008234 01078793 addi             x15, x15, 16        x15=1c00038c x15:1c00037c
13527393ns          220830 1c008236 01070713 addi             x14, x14, 16        x14=10003648 x14:10003638
13527413ns          220831 1c008220 0007a803 lw               x16, 0(x15)         x16=0c9b0228 x15:1c00038c  PA:1c00038c
13527711ns          220846 1c008224 0047a503 lw               x10, 4(x15)         x10=00af0026 x15:1c00038c  PA:1c000390
13528010ns          220861 1c008226 0087a583 lw               x11, 8(x15)         x11=0f5c0012 x15:1c00038c  PA:1c000394
13528308ns          220876 1c008228 00c7a603 lw               x12, 12(x15)        x12=017002c0 x15:1c00038c  PA:1c000398
13528606ns          220891 1c00822a 01072023 sw               x16, 0(x14)         x16:0c9b0228 x14:10003648  PA:10003648
13528626ns          220892 1c00822e 00a72223 sw               x10, 4(x14)         x10:00af0026 x14:10003648  PA:1000364c
13528646ns          220893 1c008230 00b72423 sw               x11, 8(x14)         x11:0f5c0012 x14:10003648  PA:10003650
13528666ns          220894 1c008232 00c72623 sw               x12, 12(x14)        x12:017002c0 x14:10003648  PA:10003654
13528686ns          220895 1c008234 01078793 addi             x15, x15, 16        x15=1c00039c x15:1c00038c
13528706ns          220896 1c008236 01070713 addi             x14, x14, 16        x14=10003658 x14:10003648
13528726ns          220897 1c008220 0007a803 lw               x16, 0(x15)         x16=0f770c56 x15:1c00039c  PA:1c00039c
13529024ns          220912 1c008224 0047a503 lw               x10, 4(x15)         x10=00210fee x15:1c00039c  PA:1c0003a0
13529342ns          220928 1c008226 0087a583 lw               x11, 8(x15)         x11=0fa90c57 x15:1c00039c  PA:1c0003a4
13529740ns          220948 1c008228 00c7a603 lw               x12, 12(x15)        x12=0103009d x15:1c00039c  PA:1c0003a8
13530038ns          220963 1c00822a 01072023 sw               x16, 0(x14)         x16:0f770c56 x14:10003658  PA:10003658
13530058ns          220964 1c00822e 00a72223 sw               x10, 4(x14)         x10:00210fee x14:10003658  PA:1000365c
13530078ns          220965 1c008230 00b72423 sw               x11, 8(x14)         x11:0fa90c57 x14:10003658  PA:10003660
13530098ns          220966 1c008232 00c72623 sw               x12, 12(x14)        x12:0103009d x14:10003658  PA:10003664
13530118ns          220967 1c008234 01078793 addi             x15, x15, 16        x15=1c0003ac x15:1c00039c
13530138ns          220968 1c008236 01070713 addi             x14, x14, 16        x14=10003668 x14:10003658
13530158ns          220969 1c008220 0007a803 lw               x16, 0(x15)         x16=0dde0019 x15:1c0003ac  PA:1c0003ac
13530476ns          220985 1c008224 0047a503 lw               x10, 4(x15)         x10=0e5a0d3f x15:1c0003ac  PA:1c0003b0
13530774ns          221000 1c008226 0087a583 lw               x11, 8(x15)         x11=0e2e011a x15:1c0003ac  PA:1c0003b4
13531072ns          221015 1c008228 00c7a603 lw               x12, 12(x15)        x12=0ea80080 x15:1c0003ac  PA:1c0003b8
13531371ns          221030 1c00822a 01072023 sw               x16, 0(x14)         x16:0dde0019 x14:10003668  PA:10003668
13531391ns          221031 1c00822e 00a72223 sw               x10, 4(x14)         x10:0e5a0d3f x14:10003668  PA:1000366c
13531410ns          221032 1c008230 00b72423 sw               x11, 8(x14)         x11:0e2e011a x14:10003668  PA:10003670
13531430ns          221033 1c008232 00c72623 sw               x12, 12(x14)        x12:0ea80080 x14:10003668  PA:10003674
13531450ns          221034 1c008234 01078793 addi             x15, x15, 16        x15=1c0003bc x15:1c0003ac
13531470ns          221035 1c008236 01070713 addi             x14, x14, 16        x14=10003678 x14:10003668
13531490ns          221036 1c008220 0007a803 lw               x16, 0(x15)         x16=0fab0fb5 x15:1c0003bc  PA:1c0003bc
13531808ns          221052 1c008224 0047a503 lw               x10, 4(x15)         x10=0f0300b1 x15:1c0003bc  PA:1c0003c0
13532107ns          221067 1c008226 0087a583 lw               x11, 8(x15)         x11=0fe10ef1 x15:1c0003bc  PA:1c0003c4
13532405ns          221082 1c008228 00c7a603 lw               x12, 12(x15)        x12=0ad302cf x15:1c0003bc  PA:1c0003c8
13532703ns          221097 1c00822a 01072023 sw               x16, 0(x14)         x16:0fab0fb5 x14:10003678  PA:10003678
13532723ns          221098 1c00822e 00a72223 sw               x10, 4(x14)         x10:0f0300b1 x14:10003678  PA:1000367c
13532743ns          221099 1c008230 00b72423 sw               x11, 8(x14)         x11:0fe10ef1 x14:10003678  PA:10003680
13532763ns          221100 1c008232 00c72623 sw               x12, 12(x14)        x12:0ad302cf x14:10003678  PA:10003684
13532783ns          221101 1c008234 01078793 addi             x15, x15, 16        x15=1c0003cc x15:1c0003bc
13532803ns          221102 1c008236 01070713 addi             x14, x14, 16        x14=10003688 x14:10003678
13532823ns          221103 1c008220 0007a803 lw               x16, 0(x15)         x16=0eae0fe5 x15:1c0003cc  PA:1c0003cc
13533141ns          221119 1c008224 0047a503 lw               x10, 4(x15)         x10=003c00af x15:1c0003cc  PA:1c0003d0
13533439ns          221134 1c008226 0087a583 lw               x11, 8(x15)         x11=029700f5 x15:1c0003cc  PA:1c0003d4
13533737ns          221149 1c008228 00c7a603 lw               x12, 12(x15)        x12=0fcf00a5 x15:1c0003cc  PA:1c0003d8
13534036ns          221164 1c00822a 01072023 sw               x16, 0(x14)         x16:0eae0fe5 x14:10003688  PA:10003688
13534056ns          221165 1c00822e 00a72223 sw               x10, 4(x14)         x10:003c00af x14:10003688  PA:1000368c
13534075ns          221166 1c008230 00b72423 sw               x11, 8(x14)         x11:029700f5 x14:10003688  PA:10003690
13534095ns          221167 1c008232 00c72623 sw               x12, 12(x14)        x12:0fcf00a5 x14:10003688  PA:10003694
13534115ns          221168 1c008234 01078793 addi             x15, x15, 16        x15=1c0003dc x15:1c0003cc
13534135ns          221169 1c008236 01070713 addi             x14, x14, 16        x14=10003698 x14:10003688
13534155ns          221170 1c008220 0007a803 lw               x16, 0(x15)         x16=025a0d94 x15:1c0003dc  PA:1c0003dc
13534473ns          221186 1c008224 0047a503 lw               x10, 4(x15)         x10=00900eb8 x15:1c0003dc  PA:1c0003e0
13534772ns          221201 1c008226 0087a583 lw               x11, 8(x15)         x11=034c022e x15:1c0003dc  PA:1c0003e4
13535070ns          221216 1c008228 00c7a603 lw               x12, 12(x15)        x12=00760e50 x15:1c0003dc  PA:1c0003e8
13535368ns          221231 1c00822a 01072023 sw               x16, 0(x14)         x16:025a0d94 x14:10003698  PA:10003698
13535388ns          221232 1c00822e 00a72223 sw               x10, 4(x14)         x10:00900eb8 x14:10003698  PA:1000369c
13535408ns          221233 1c008230 00b72423 sw               x11, 8(x14)         x11:034c022e x14:10003698  PA:100036a0
13535428ns          221234 1c008232 00c72623 sw               x12, 12(x14)        x12:00760e50 x14:10003698  PA:100036a4
13535448ns          221235 1c008234 01078793 addi             x15, x15, 16        x15=1c0003ec x15:1c0003dc
13535468ns          221236 1c008236 01070713 addi             x14, x14, 16        x14=100036a8 x14:10003698
13535488ns          221237 1c008220 0007a803 lw               x16, 0(x15)         x16=00400ee6 x15:1c0003ec  PA:1c0003ec
13535806ns          221253 1c008224 0047a503 lw               x10, 4(x15)         x10=0e240266 x15:1c0003ec  PA:1c0003f0
13536104ns          221268 1c008226 0087a583 lw               x11, 8(x15)         x11=00970ea3 x15:1c0003ec  PA:1c0003f4
13536402ns          221283 1c008228 00c7a603 lw               x12, 12(x15)        x12=01670e25 x15:1c0003ec  PA:1c0003f8
13536721ns          221299 1c00822a 01072023 sw               x16, 0(x14)         x16:00400ee6 x14:100036a8  PA:100036a8
13536740ns          221300 1c00822e 00a72223 sw               x10, 4(x14)         x10:0e240266 x14:100036a8  PA:100036ac
13536760ns          221301 1c008230 00b72423 sw               x11, 8(x14)         x11:00970ea3 x14:100036a8  PA:100036b0
13536780ns          221302 1c008232 00c72623 sw               x12, 12(x14)        x12:01670e25 x14:100036a8  PA:100036b4
13536800ns          221303 1c008234 01078793 addi             x15, x15, 16        x15=1c0003fc x15:1c0003ec
13536820ns          221304 1c008236 01070713 addi             x14, x14, 16        x14=100036b8 x14:100036a8
13536840ns          221305 1c008220 0007a803 lw               x16, 0(x15)         x16=009b0f1c x15:1c0003fc  PA:1c0003fc
13537158ns          221321 1c008224 0047a503 lw               x10, 4(x15)         x10=00250e36 x15:1c0003fc  PA:1c000400
13537516ns          221339 1c008226 0087a583 lw               x11, 8(x15)         x11=010a0dbb x15:1c0003fc  PA:1c000404
13537914ns          221359 1c008228 00c7a603 lw               x12, 12(x15)        x12=05680e49 x15:1c0003fc  PA:1c000408
13538212ns          221374 1c00822a 01072023 sw               x16, 0(x14)         x16:009b0f1c x14:100036b8  PA:100036b8
13538232ns          221375 1c00822e 00a72223 sw               x10, 4(x14)         x10:00250e36 x14:100036b8  PA:100036bc
13538252ns          221376 1c008230 00b72423 sw               x11, 8(x14)         x11:010a0dbb x14:100036b8  PA:100036c0
13538272ns          221377 1c008232 00c72623 sw               x12, 12(x14)        x12:05680e49 x14:100036b8  PA:100036c4
13538292ns          221378 1c008234 01078793 addi             x15, x15, 16        x15=1c00040c x15:1c0003fc
13538312ns          221379 1c008236 01070713 addi             x14, x14, 16        x14=100036c8 x14:100036b8
13538331ns          221380 1c008220 0007a803 lw               x16, 0(x15)         x16=0fb60efa x15:1c00040c  PA:1c00040c
13538630ns          221395 1c008224 0047a503 lw               x10, 4(x15)         x10=02e402b2 x15:1c00040c  PA:1c000410
13538928ns          221410 1c008226 0087a583 lw               x11, 8(x15)         x11=0f6e0fcb x15:1c00040c  PA:1c000414
13539226ns          221425 1c008228 00c7a603 lw               x12, 12(x15)        x12=0e120fa7 x15:1c00040c  PA:1c000418
13539565ns          221442 1c00822a 01072023 sw               x16, 0(x14)         x16:0fb60efa x14:100036c8  PA:100036c8
13539584ns          221443 1c00822e 00a72223 sw               x10, 4(x14)         x10:02e402b2 x14:100036c8  PA:100036cc
13539604ns          221444 1c008230 00b72423 sw               x11, 8(x14)         x11:0f6e0fcb x14:100036c8  PA:100036d0
13539624ns          221445 1c008232 00c72623 sw               x12, 12(x14)        x12:0e120fa7 x14:100036c8  PA:100036d4
13539644ns          221446 1c008234 01078793 addi             x15, x15, 16        x15=1c00041c x15:1c00040c
13539664ns          221447 1c008236 01070713 addi             x14, x14, 16        x14=100036d8 x14:100036c8
13539684ns          221448 1c008220 0007a803 lw               x16, 0(x15)         x16=0f520339 x15:1c00041c  PA:1c00041c
13540042ns          221466 1c008224 0047a503 lw               x10, 4(x15)         x10=0d1a0181 x15:1c00041c  PA:1c000420
13540440ns          221486 1c008226 0087a583 lw               x11, 8(x15)         x11=02af01d5 x15:1c00041c  PA:1c000424
13540837ns          221506 1c008228 00c7a603 lw               x12, 12(x15)        x12=0e7b0f6f x15:1c00041c  PA:1c000428
13541156ns          221522 1c00822a 01072023 sw               x16, 0(x14)         x16:0f520339 x14:100036d8  PA:100036d8
13541175ns          221523 1c00822e 00a72223 sw               x10, 4(x14)         x10:0d1a0181 x14:100036d8  PA:100036dc
13541195ns          221524 1c008230 00b72423 sw               x11, 8(x14)         x11:02af01d5 x14:100036d8  PA:100036e0
13541215ns          221525 1c008232 00c72623 sw               x12, 12(x14)        x12:0e7b0f6f x14:100036d8  PA:100036e4
13541235ns          221526 1c008234 01078793 addi             x15, x15, 16        x15=1c00042c x15:1c00041c
13541255ns          221527 1c008236 01070713 addi             x14, x14, 16        x14=100036e8 x14:100036d8
13541275ns          221528 1c008220 0007a803 lw               x16, 0(x15)         x16=011e0da0 x15:1c00042c  PA:1c00042c
13541593ns          221544 1c008224 0047a503 lw               x10, 4(x15)         x10=005a003e x15:1c00042c  PA:1c000430
13541991ns          221564 1c008226 0087a583 lw               x11, 8(x15)         x11=01490021 x15:1c00042c  PA:1c000434
13542409ns          221585 1c008228 00c7a603 lw               x12, 12(x15)        x12=01e90071 x15:1c00042c  PA:1c000438
13542767ns          221603 1c00822a 01072023 sw               x16, 0(x14)         x16:011e0da0 x14:100036e8  PA:100036e8
13542786ns          221604 1c00822e 00a72223 sw               x10, 4(x14)         x10:005a003e x14:100036e8  PA:100036ec
13542806ns          221605 1c008230 00b72423 sw               x11, 8(x14)         x11:01490021 x14:100036e8  PA:100036f0
13542826ns          221606 1c008232 00c72623 sw               x12, 12(x14)        x12:01e90071 x14:100036e8  PA:100036f4
13542846ns          221607 1c008234 01078793 addi             x15, x15, 16        x15=1c00043c x15:1c00042c
13542866ns          221608 1c008236 01070713 addi             x14, x14, 16        x14=100036f8 x14:100036e8
13542886ns          221609 1c008220 0007a803 lw               x16, 0(x15)         x16=0eab0085 x15:1c00043c  PA:1c00043c
13543204ns          221625 1c008224 0047a503 lw               x10, 4(x15)         x10=038f004d x15:1c00043c  PA:1c000440
13543602ns          221645 1c008226 0087a583 lw               x11, 8(x15)         x11=0c630e3a x15:1c00043c  PA:1c000444
13544019ns          221666 1c008228 00c7a603 lw               x12, 12(x15)        x12=02010f88 x15:1c00043c  PA:1c000448
13544318ns          221681 1c00822a 01072023 sw               x16, 0(x14)         x16:0eab0085 x14:100036f8  PA:100036f8
13544338ns          221682 1c00822e 00a72223 sw               x10, 4(x14)         x10:038f004d x14:100036f8  PA:100036fc
13544358ns          221683 1c008230 00b72423 sw               x11, 8(x14)         x11:0c630e3a x14:100036f8  PA:10003700
13544377ns          221684 1c008232 00c72623 sw               x12, 12(x14)        x12:02010f88 x14:100036f8  PA:10003704
13544397ns          221685 1c008234 01078793 addi             x15, x15, 16        x15=1c00044c x15:1c00043c
13544417ns          221686 1c008236 01070713 addi             x14, x14, 16        x14=10003708 x14:100036f8
13544437ns          221687 1c008220 0007a803 lw               x16, 0(x15)         x16=001a0157 x15:1c00044c  PA:1c00044c
13544735ns          221702 1c008224 0047a503 lw               x10, 4(x15)         x10=0e780001 x15:1c00044c  PA:1c000450
13545054ns          221718 1c008226 0087a583 lw               x11, 8(x15)         x11=014c0074 x15:1c00044c  PA:1c000454
13545432ns          221737 1c008228 00c7a603 lw               x12, 12(x15)        x12=00220fd4 x15:1c00044c  PA:1c000458
13545730ns          221752 1c00822a 01072023 sw               x16, 0(x14)         x16:001a0157 x14:10003708  PA:10003708
13545750ns          221753 1c00822e 00a72223 sw               x10, 4(x14)         x10:0e780001 x14:10003708  PA:1000370c
13545770ns          221754 1c008230 00b72423 sw               x11, 8(x14)         x11:014c0074 x14:10003708  PA:10003710
13545789ns          221755 1c008232 00c72623 sw               x12, 12(x14)        x12:00220fd4 x14:10003708  PA:10003714
13545809ns          221756 1c008234 01078793 addi             x15, x15, 16        x15=1c00045c x15:1c00044c
13545829ns          221757 1c008236 01070713 addi             x14, x14, 16        x14=10003718 x14:10003708
13545849ns          221758 1c008220 0007a803 lw               x16, 0(x15)         x16=00480db6 x15:1c00045c  PA:1c00045c
13546147ns          221773 1c008224 0047a503 lw               x10, 4(x15)         x10=01ee0038 x15:1c00045c  PA:1c000460
13546446ns          221788 1c008226 0087a583 lw               x11, 8(x15)         x11=0e2002cf x15:1c00045c  PA:1c000464
13546744ns          221803 1c008228 00c7a603 lw               x12, 12(x15)        x12=0e4c003f x15:1c00045c  PA:1c000468
13547062ns          221819 1c00822a 01072023 sw               x16, 0(x14)         x16:00480db6 x14:10003718  PA:10003718
13547082ns          221820 1c00822e 00a72223 sw               x10, 4(x14)         x10:01ee0038 x14:10003718  PA:1000371c
13547102ns          221821 1c008230 00b72423 sw               x11, 8(x14)         x11:0e2002cf x14:10003718  PA:10003720
13547122ns          221822 1c008232 00c72623 sw               x12, 12(x14)        x12:0e4c003f x14:10003718  PA:10003724
13547142ns          221823 1c008234 01078793 addi             x15, x15, 16        x15=1c00046c x15:1c00045c
13547162ns          221824 1c008236 01070713 addi             x14, x14, 16        x14=10003728 x14:10003718
13547182ns          221825 1c008220 0007a803 lw               x16, 0(x15)         x16=0ec20ffe x15:1c00046c  PA:1c00046c
13547500ns          221841 1c008224 0047a503 lw               x10, 4(x15)         x10=0fd202be x15:1c00046c  PA:1c000470
13547918ns          221862 1c008226 0087a583 lw               x11, 8(x15)         x11=0fa500b5 x15:1c00046c  PA:1c000474
13548315ns          221882 1c008228 00c7a603 lw               x12, 12(x15)        x12=0ceb0125 x15:1c00046c  PA:1c000478
13548614ns          221897 1c00822a 01072023 sw               x16, 0(x14)         x16:0ec20ffe x14:10003728  PA:10003728
13548633ns          221898 1c00822e 00a72223 sw               x10, 4(x14)         x10:0fd202be x14:10003728  PA:1000372c
13548653ns          221899 1c008230 00b72423 sw               x11, 8(x14)         x11:0fa500b5 x14:10003728  PA:10003730
13548673ns          221900 1c008232 00c72623 sw               x12, 12(x14)        x12:0ceb0125 x14:10003728  PA:10003734
13548693ns          221901 1c008234 01078793 addi             x15, x15, 16        x15=1c00047c x15:1c00046c
13548713ns          221902 1c008236 01070713 addi             x14, x14, 16        x14=10003738 x14:10003728
13548733ns          221903 1c008220 0007a803 lw               x16, 0(x15)         x16=0e260d8d x15:1c00047c  PA:1c00047c
13549051ns          221919 1c008224 0047a503 lw               x10, 4(x15)         x10=004601bd x15:1c00047c  PA:1c000480
13549409ns          221937 1c008226 0087a583 lw               x11, 8(x15)         x11=0ee30024 x15:1c00047c  PA:1c000484
13549807ns          221957 1c008228 00c7a603 lw               x12, 12(x15)        x12=01070d3c x15:1c00047c  PA:1c000488
13550105ns          221972 1c00822a 01072023 sw               x16, 0(x14)         x16:0e260d8d x14:10003738  PA:10003738
13550125ns          221973 1c00822e 00a72223 sw               x10, 4(x14)         x10:004601bd x14:10003738  PA:1000373c
13550145ns          221974 1c008230 00b72423 sw               x11, 8(x14)         x11:0ee30024 x14:10003738  PA:10003740
13550165ns          221975 1c008232 00c72623 sw               x12, 12(x14)        x12:01070d3c x14:10003738  PA:10003744
13550185ns          221976 1c008234 01078793 addi             x15, x15, 16        x15=1c00048c x15:1c00047c
13550205ns          221977 1c008236 01070713 addi             x14, x14, 16        x14=10003748 x14:10003738
13550225ns          221978 1c008220 0007a803 lw               x16, 0(x15)         x16=001f01bd x15:1c00048c  PA:1c00048c
13550523ns          221993 1c008224 0047a503 lw               x10, 4(x15)         x10=0dd10ef5 x15:1c00048c  PA:1c000490
13550821ns          222008 1c008226 0087a583 lw               x11, 8(x15)         x11=0cc00f4e x15:1c00048c  PA:1c000494
13551119ns          222023 1c008228 00c7a603 lw               x12, 12(x15)        x12=00160ee4 x15:1c00048c  PA:1c000498
13551438ns          222039 1c00822a 01072023 sw               x16, 0(x14)         x16:001f01bd x14:10003748  PA:10003748
13551458ns          222040 1c00822e 00a72223 sw               x10, 4(x14)         x10:0dd10ef5 x14:10003748  PA:1000374c
13551477ns          222041 1c008230 00b72423 sw               x11, 8(x14)         x11:0cc00f4e x14:10003748  PA:10003750
13551497ns          222042 1c008232 00c72623 sw               x12, 12(x14)        x12:00160ee4 x14:10003748  PA:10003754
13551517ns          222043 1c008234 01078793 addi             x15, x15, 16        x15=1c00049c x15:1c00048c
13551537ns          222044 1c008236 01070713 addi             x14, x14, 16        x14=10003758 x14:10003748
13551557ns          222045 1c008220 0007a803 lw               x16, 0(x15)         x16=0fb00f79 x15:1c00049c  PA:1c00049c
13551895ns          222062 1c008224 0047a503 lw               x10, 4(x15)         x10=0fe80029 x15:1c00049c  PA:1c0004a0
13552293ns          222082 1c008226 0087a583 lw               x11, 8(x15)         x11=0eba018c x15:1c00049c  PA:1c0004a4
13552691ns          222102 1c008228 00c7a603 lw               x12, 12(x15)        x12=00e60f76 x15:1c00049c  PA:1c0004a8
13553009ns          222118 1c00822a 01072023 sw               x16, 0(x14)         x16:0fb00f79 x14:10003758  PA:10003758
13553029ns          222119 1c00822e 00a72223 sw               x10, 4(x14)         x10:0fe80029 x14:10003758  PA:1000375c
13553049ns          222120 1c008230 00b72423 sw               x11, 8(x14)         x11:0eba018c x14:10003758  PA:10003760
13553068ns          222121 1c008232 00c72623 sw               x12, 12(x14)        x12:00e60f76 x14:10003758  PA:10003764
13553088ns          222122 1c008234 01078793 addi             x15, x15, 16        x15=1c0004ac x15:1c00049c
13553108ns          222123 1c008236 01070713 addi             x14, x14, 16        x14=10003768 x14:10003758
13553128ns          222124 1c008220 0007a803 lw               x16, 0(x15)         x16=003e0fc4 x15:1c0004ac  PA:1c0004ac
13553426ns          222139 1c008224 0047a503 lw               x10, 4(x15)         x10=0e3e01d6 x15:1c0004ac  PA:1c0004b0
13553725ns          222154 1c008226 0087a583 lw               x11, 8(x15)         x11=0e400b1c x15:1c0004ac  PA:1c0004b4
13554023ns          222169 1c008228 00c7a603 lw               x12, 12(x15)        x12=0caa0f56 x15:1c0004ac  PA:1c0004b8
13554341ns          222185 1c00822a 01072023 sw               x16, 0(x14)         x16:003e0fc4 x14:10003768  PA:10003768
13554361ns          222186 1c00822e 00a72223 sw               x10, 4(x14)         x10:0e3e01d6 x14:10003768  PA:1000376c
13554381ns          222187 1c008230 00b72423 sw               x11, 8(x14)         x11:0e400b1c x14:10003768  PA:10003770
13554401ns          222188 1c008232 00c72623 sw               x12, 12(x14)        x12:0caa0f56 x14:10003768  PA:10003774
13554421ns          222189 1c008234 01078793 addi             x15, x15, 16        x15=1c0004bc x15:1c0004ac
13554441ns          222190 1c008236 01070713 addi             x14, x14, 16        x14=10003778 x14:10003768
13554461ns          222191 1c008220 0007a803 lw               x16, 0(x15)         x16=0ddd02f0 x15:1c0004bc  PA:1c0004bc
13554759ns          222206 1c008224 0047a503 lw               x10, 4(x15)         x10=0117013e x15:1c0004bc  PA:1c0004c0
13555077ns          222222 1c008226 0087a583 lw               x11, 8(x15)         x11=00510db9 x15:1c0004bc  PA:1c0004c4
13555475ns          222242 1c008228 00c7a603 lw               x12, 12(x15)        x12=00a9021b x15:1c0004bc  PA:1c0004c8
13555813ns          222259 1c00822a 01072023 sw               x16, 0(x14)         x16:0ddd02f0 x14:10003778  PA:10003778
13555833ns          222260 1c00822e 00a72223 sw               x10, 4(x14)         x10:0117013e x14:10003778  PA:1000377c
13555853ns          222261 1c008230 00b72423 sw               x11, 8(x14)         x11:00510db9 x14:10003778  PA:10003780
13555873ns          222262 1c008232 00c72623 sw               x12, 12(x14)        x12:00a9021b x14:10003778  PA:10003784
13555893ns          222263 1c008234 01078793 addi             x15, x15, 16        x15=1c0004cc x15:1c0004bc
13555912ns          222264 1c008236 01070713 addi             x14, x14, 16        x14=10003788 x14:10003778
13555932ns          222265 1c008220 0007a803 lw               x16, 0(x15)         x16=0f550239 x15:1c0004cc  PA:1c0004cc
13556231ns          222280 1c008224 0047a503 lw               x10, 4(x15)         x10=0de50f0f x15:1c0004cc  PA:1c0004d0
13556529ns          222295 1c008226 0087a583 lw               x11, 8(x15)         x11=01b80e8a x15:1c0004cc  PA:1c0004d4
13556827ns          222310 1c008228 00c7a603 lw               x12, 12(x15)        x12=0d360e8e x15:1c0004cc  PA:1c0004d8
13557165ns          222327 1c00822a 01072023 sw               x16, 0(x14)         x16:0f550239 x14:10003788  PA:10003788
13557185ns          222328 1c00822e 00a72223 sw               x10, 4(x14)         x10:0de50f0f x14:10003788  PA:1000378c
13557205ns          222329 1c008230 00b72423 sw               x11, 8(x14)         x11:01b80e8a x14:10003788  PA:10003790
13557225ns          222330 1c008232 00c72623 sw               x12, 12(x14)        x12:0d360e8e x14:10003788  PA:10003794
13557245ns          222331 1c008234 01078793 addi             x15, x15, 16        x15=1c0004dc x15:1c0004cc
13557265ns          222332 1c008236 01070713 addi             x14, x14, 16        x14=10003798 x14:10003788
13557285ns          222333 1c008220 0007a803 lw               x16, 0(x15)         x16=0f8b0e44 x15:1c0004dc  PA:1c0004dc
13557583ns          222348 1c008224 0047a503 lw               x10, 4(x15)         x10=0fe10f1e x15:1c0004dc  PA:1c0004e0
13557881ns          222363 1c008226 0087a583 lw               x11, 8(x15)         x11=02990ea9 x15:1c0004dc  PA:1c0004e4
13558200ns          222379 1c008228 00c7a603 lw               x12, 12(x15)        x12=02310f61 x15:1c0004dc  PA:1c0004e8
13558498ns          222394 1c00822a 01072023 sw               x16, 0(x14)         x16:0f8b0e44 x14:10003798  PA:10003798
13558518ns          222395 1c00822e 00a72223 sw               x10, 4(x14)         x10:0fe10f1e x14:10003798  PA:1000379c
13558538ns          222396 1c008230 00b72423 sw               x11, 8(x14)         x11:02990ea9 x14:10003798  PA:100037a0
13558558ns          222397 1c008232 00c72623 sw               x12, 12(x14)        x12:02310f61 x14:10003798  PA:100037a4
13558577ns          222398 1c008234 01078793 addi             x15, x15, 16        x15=1c0004ec x15:1c0004dc
13558597ns          222399 1c008236 01070713 addi             x14, x14, 16        x14=100037a8 x14:10003798
13558617ns          222400 1c008220 0007a803 lw               x16, 0(x15)         x16=02340247 x15:1c0004ec  PA:1c0004ec
13558935ns          222416 1c008224 0047a503 lw               x10, 4(x15)         x10=013e0d31 x15:1c0004ec  PA:1c0004f0
13559333ns          222436 1c008226 0087a583 lw               x11, 8(x15)         x11=0f830e0f x15:1c0004ec  PA:1c0004f4
13559751ns          222457 1c008228 00c7a603 lw               x12, 12(x15)        x12=00890099 x15:1c0004ec  PA:1c0004f8
13560089ns          222474 1c00822a 01072023 sw               x16, 0(x14)         x16:02340247 x14:100037a8  PA:100037a8
13560109ns          222475 1c00822e 00a72223 sw               x10, 4(x14)         x10:013e0d31 x14:100037a8  PA:100037ac
13560129ns          222476 1c008230 00b72423 sw               x11, 8(x14)         x11:0f830e0f x14:100037a8  PA:100037b0
13560149ns          222477 1c008232 00c72623 sw               x12, 12(x14)        x12:00890099 x14:100037a8  PA:100037b4
13560169ns          222478 1c008234 01078793 addi             x15, x15, 16        x15=1c0004fc x15:1c0004ec
13560188ns          222479 1c008236 01070713 addi             x14, x14, 16        x14=100037b8 x14:100037a8
13560208ns          222480 1c008220 0007a803 lw               x16, 0(x15)         x16=009201a1 x15:1c0004fc  PA:1c0004fc
13560507ns          222495 1c008224 0047a503 lw               x10, 4(x15)         x10=01600df1 x15:1c0004fc  PA:1c000500
13560805ns          222510 1c008226 0087a583 lw               x11, 8(x15)         x11=00470f49 x15:1c0004fc  PA:1c000504
13561103ns          222525 1c008228 00c7a603 lw               x12, 12(x15)        x12=014b0e21 x15:1c0004fc  PA:1c000508
13561461ns          222543 1c00822a 01072023 sw               x16, 0(x14)         x16:009201a1 x14:100037b8  PA:100037b8
13561481ns          222544 1c00822e 00a72223 sw               x10, 4(x14)         x10:01600df1 x14:100037b8  PA:100037bc
13561501ns          222545 1c008230 00b72423 sw               x11, 8(x14)         x11:00470f49 x14:100037b8  PA:100037c0
13561521ns          222546 1c008232 00c72623 sw               x12, 12(x14)        x12:014b0e21 x14:100037b8  PA:100037c4
13561541ns          222547 1c008234 01078793 addi             x15, x15, 16        x15=1c00050c x15:1c0004fc
13561561ns          222548 1c008236 01070713 addi             x14, x14, 16        x14=100037c8 x14:100037b8
13561581ns          222549 1c008220 0007a803 lw               x16, 0(x15)         x16=0c1d0000 x15:1c00050c  PA:1c00050c
13561919ns          222566 1c008224 0047a503 lw               x10, 4(x15)         x10=01550032 x15:1c00050c  PA:1c000510
13562336ns          222587 1c008226 0087a583 lw               x11, 8(x15)         x11=01f50246 x15:1c00050c  PA:1c000514
13562734ns          222607 1c008228 00c7a603 lw               x12, 12(x15)        x12=0f9701f2 x15:1c00050c  PA:1c000518
13563052ns          222623 1c00822a 01072023 sw               x16, 0(x14)         x16:0c1d0000 x14:100037c8  PA:100037c8
13563072ns          222624 1c00822e 00a72223 sw               x10, 4(x14)         x10:01550032 x14:100037c8  PA:100037cc
13563092ns          222625 1c008230 00b72423 sw               x11, 8(x14)         x11:01f50246 x14:100037c8  PA:100037d0
13563112ns          222626 1c008232 00c72623 sw               x12, 12(x14)        x12:0f9701f2 x14:100037c8  PA:100037d4
13563132ns          222627 1c008234 01078793 addi             x15, x15, 16        x15=1c00051c x15:1c00050c
13563152ns          222628 1c008236 01070713 addi             x14, x14, 16        x14=100037d8 x14:100037c8
13563172ns          222629 1c008238 f14025f3 csrrs            x11, x0, 0xf14      x11=00000006
13563191ns          222630 1c00823c 1c000537 lui              x10, 0x1c000000     x10=1c000000
13563211ns          222631 1c008240 f455b433 p.bclr           x8, x11, 26, 5       x8=00000006 x11:00000006
13563251ns          222633 1c008244 4055d593 srai             x11, x11, 0x405     x11=00000000 x11:00000006
13563271ns          222634 1c008246 00800633 add              x12, x0, x8         x12=00000006  x8:00000006
13563291ns          222635 1c008248 f265b5b3 p.bclr           x11, x11, 25, 6     x11=00000000 x11:00000000
13563311ns          222636 1c00824c 51c50513 addi             x10, x10, 1308      x10=1c00051c x10:1c000000
13563351ns          222638 1c008250 1b1000ef jal              x1, 2480             x1=1c008254
13563629ns          222652 1c008c00 fc010113 addi             x2, x2, -64          x2=10003288  x2:100032c8
13563669ns          222654 1c008c02 02410313 addi             x6, x2, 36           x6=100032ac  x2:10003288
13563689ns          222655 1c008c06 02c12423 sw               x12, 40(x2)         x12:00000006  x2:10003288  PA:100032b0
13563709ns          222656 1c008c08 00a00633 add              x12, x0, x10        x12=1c00051c x10:1c00051c
13563728ns          222657 1c008c0a 1c009537 lui              x10, 0x1c009000     x10=1c009000
13563748ns          222658 1c008c0e 02b12223 sw               x11, 36(x2)         x11:00000000  x2:10003288  PA:100032ac
13564146ns          222678 1c008c10 02d12623 sw               x13, 44(x2)         x13:0000001f  x2:10003288  PA:100032b4
13564166ns          222679 1c008c12 00200593 addi             x11, x0, 2          x11=00000002
13564186ns          222680 1c008c14 006006b3 add              x13, x0, x6         x13=100032ac  x6:100032ac
13564206ns          222681 1c008c16 b9450513 addi             x10, x10, -1132     x10=1c008b94 x10:1c009000
13564226ns          222682 1c008c1a 00112e23 sw               x1, 28(x2)           x1:1c008254  x2:10003288  PA:100032a4
13564246ns          222683 1c008c1c 02e12823 sw               x14, 48(x2)         x14:100037d8  x2:10003288  PA:100032b8
13564265ns          222684 1c008c1e 02f12a23 sw               x15, 52(x2)         x15:1c00051c  x2:10003288  PA:100032bc
13564663ns          222704 1c008c20 03012c23 sw               x16, 56(x2)         x16:0c1d0000  x2:10003288  PA:100032c0
13564683ns          222705 1c008c22 03112e23 sw               x17, 60(x2)         x17:04870893  x2:10003288  PA:100032c4
13564703ns          222706 1c008c24 00612623 sw               x6, 12(x2)           x6:100032ac  x2:10003288  PA:10003294
13564723ns          222707 1c008c26 fbfff0ef jal              x1, -66              x1=1c008c28
13565200ns          222731 1c008be4 04a0006f jal              x0, 74             
13565240ns          222733 1c008c2e ed010113 addi             x2, x2, -304         x2=10003158  x2:10003288
13565677ns          222755 1c008c30 12812423 sw               x8, 296(x2)          x8:00000006  x2:10003158  PA:10003280
13565717ns          222757 1c008c34 00000413 addi             x8, x0, 0            x8=00000000
13565737ns          222758 1c008c36 11612823 sw               x22, 272(x2)        x22:00000000  x2:10003158  PA:10003268
13565757ns          222759 1c008c3a 11712623 sw               x23, 268(x2)        x23:00000000  x2:10003158  PA:10003264
13566195ns          222781 1c008c3e 11812423 sw               x24, 264(x2)        x24:00000000  x2:10003158  PA:10003260
13566234ns          222783 1c008c42 11912223 sw               x25, 260(x2)        x25:00000000  x2:10003158  PA:1000325c
13566254ns          222784 1c008c46 11a12023 sw               x26, 256(x2)        x26:00000000  x2:10003158  PA:10003258
13566274ns          222785 1c008c4a 0fb12e23 sw               x27, 252(x2)        x27:00000000  x2:10003158  PA:10003254
13566294ns          222786 1c008c4c 12112623 sw               x1, 300(x2)          x1:1c008c28  x2:10003158  PA:10003284
13566712ns          222807 1c008c50 00800db3 add              x27, x0, x8         x27=00000000  x8:00000000
13566751ns          222809 1c008c52 12912223 sw               x9, 292(x2)          x9:00000000  x2:10003158  PA:1000327c
13566771ns          222810 1c008c56 13212023 sw               x18, 288(x2)        x18:00000000  x2:10003158  PA:10003278
13566791ns          222811 1c008c5a 11312e23 sw               x19, 284(x2)        x19:00000000  x2:10003158  PA:10003274
13567229ns          222833 1c008c5e 11412c23 sw               x20, 280(x2)        x20:00000000  x2:10003158  PA:10003270
13567269ns          222835 1c008c62 11512a23 sw               x21, 276(x2)        x21:00000000  x2:10003158  PA:1000326c
13567288ns          222836 1c008c66 00a00b33 add              x22, x0, x10        x22=1c008b94 x10:1c008b94
13567308ns          222837 1c008c68 00b00d33 add              x26, x0, x11        x26=00000002 x11:00000002
13567328ns          222838 1c008c6a 00d00c33 add              x24, x0, x13        x24=100032ac x13:100032ac
13567348ns          222839 1c008c6c 1c000bb7 lui              x23, 0x1c000000     x23=1c000000
13567766ns          222860 1c008c70 02410c93 addi             x25, x2, 36         x25=1000317c  x2:10003158
13567806ns          222862 1c008c74 00c00433 add              x8, x0, x12          x8=1c00051c x12:1c00051c
13567825ns          222863 1c008c76 00044503 lbu              x10, 0(x8)          x10=00000045  x8:1c00051c  PA:1c00051c
13568243ns          222884 1c008c7a 00140413 addi             x8, x8, 1            x8=1c00051d  x8:1c00051c
13568263ns          222885 1c008c7c 00050e63 beq              x10, x0, 28         x10:00000045
13568283ns          222886 1c008c7e 02500793 addi             x15, x0, 37         x15=00000025
13568323ns          222888 1c008c82 04f50863 beq              x10, x15, 80        x10:00000045 x15:00000025
13568342ns          222889 1c008c86 01a005b3 add              x11, x0, x26        x11=00000002 x26:00000002
13568362ns          222890 1c008c88 000b00e7 jalr             x1, x22, 0           x1=1c008c8a x22:1c008b94
13569377ns          222941 1c008b94 000026b7 lui              x13, 0x2000         x13=00002000
13569416ns          222943 1c008b96 f14027f3 csrrs            x15, x0, 0xf14      x15=00000006
13569436ns          222944 1c008b9a f8068693 addi             x13, x13, -128      x13=00001f80 x13:00002000
13569874ns          222966 1c008b9e 00379713 slli             x14, x15, 0x3       x14=00000030 x15:00000006
13569894ns          222967 1c008ba2 00279793 slli             x15, x15, 0x2       x15=00000018 x15:00000006
13569914ns          222968 1c008ba4 00d7f7b3 and              x15, x15, x13       x15=00000000 x15:00000018 x13:00001f80
13569934ns          222969 1c008ba6 ee873733 p.bclr           x14, x14, 23, 8     x14=00000030 x14:00000030
13569953ns          222970 1c008baa 1a10f6b7 lui              x13, 0x1a10f000     x13=1a10f000
13570411ns          222993 1c008bae 0ff57513 andi             x10, x10, 255       x10=00000045 x10:00000045
13570431ns          222994 1c008bb2 00d70733 add              x14, x14, x13       x14=1a10f030 x14:00000030 x13:1a10f000
13570451ns          222995 1c008bb4 00a7e723 p.sw             x10, x0(x15)        x10:00000045 x15:00000000  PA:1a10f030
13571087ns          223027 1c008bb8 00000513 addi             x10, x0, 0          x10=00000000
13571107ns          223028 1c008bba 00008067 jalr             x0, x1, 0            x1:1c008c8a
13571167ns          223031 1c008c8a 31f52563 p.beqimm         x10, 778            x10:00000000
13571186ns          223032 1c008c8e 001d8d93 addi             x27, x27, 1         x27=00000001 x27:00000000
13571206ns          223033 1c008c90 00044503 lbu              x10, 0(x8)          x10=0000006e  x8:1c00051d  PA:1c00051d
13571525ns          223049 1c008c94 00140413 addi             x8, x8, 1            x8=1c00051e  x8:1c00051d
13571544ns          223050 1c008c96 fe0514e3 bne              x10, x0, -24        x10:0000006e
13571624ns          223054 1c008c7e 02500793 addi             x15, x0, 37         x15=00000025
13571644ns          223055 1c008c82 04f50863 beq              x10, x15, 80        x10:0000006e x15:00000025
13571664ns          223056 1c008c86 01a005b3 add              x11, x0, x26        x11=00000002 x26:00000002
13571684ns          223057 1c008c88 000b00e7 jalr             x1, x22, 0           x1=1c008c8a x22:1c008b94
13571723ns          223059 1c008b94 000026b7 lui              x13, 0x2000         x13=00002000
13571743ns          223060 1c008b96 f14027f3 csrrs            x15, x0, 0xf14      x15=00000006
13571763ns          223061 1c008b9a f8068693 addi             x13, x13, -128      x13=00001f80 x13:00002000
13571823ns          223064 1c008b9e 00379713 slli             x14, x15, 0x3       x14=00000030 x15:00000006
13571843ns          223065 1c008ba2 00279793 slli             x15, x15, 0x2       x15=00000018 x15:00000006
13571863ns          223066 1c008ba4 00d7f7b3 and              x15, x15, x13       x15=00000000 x15:00000018 x13:00001f80
13571883ns          223067 1c008ba6 ee873733 p.bclr           x14, x14, 23, 8     x14=00000030 x14:00000030
13571902ns          223068 1c008baa 1a10f6b7 lui              x13, 0x1a10f000     x13=1a10f000
13571922ns          223069 1c008bae 0ff57513 andi             x10, x10, 255       x10=0000006e x10:0000006e
13571942ns          223070 1c008bb2 00d70733 add              x14, x14, x13       x14=1a10f030 x14:00000030 x13:1a10f000
13571962ns          223071 1c008bb4 00a7e723 p.sw             x10, x0(x15)        x10:0000006e x15:00000000  PA:1a10f030
13572559ns          223101 1c008bb8 00000513 addi             x10, x0, 0          x10=00000000
13572579ns          223102 1c008bba 00008067 jalr             x0, x1, 0            x1:1c008c8a
13572638ns          223105 1c008c8a 31f52563 p.beqimm         x10, 778            x10:00000000
13572658ns          223106 1c008c8e 001d8d93 addi             x27, x27, 1         x27=00000002 x27:00000001
13572678ns          223107 1c008c90 00044503 lbu              x10, 0(x8)          x10=00000074  x8:1c00051e  PA:1c00051e
13572976ns          223122 1c008c94 00140413 addi             x8, x8, 1            x8=1c00051f  x8:1c00051e
13572996ns          223123 1c008c96 fe0514e3 bne              x10, x0, -24        x10:00000074
13573076ns          223127 1c008c7e 02500793 addi             x15, x0, 37         x15=00000025
13573096ns          223128 1c008c82 04f50863 beq              x10, x15, 80        x10:00000074 x15:00000025
13573116ns          223129 1c008c86 01a005b3 add              x11, x0, x26        x11=00000002 x26:00000002
13573135ns          223130 1c008c88 000b00e7 jalr             x1, x22, 0           x1=1c008c8a x22:1c008b94
13573175ns          223132 1c008b94 000026b7 lui              x13, 0x2000         x13=00002000
13573195ns          223133 1c008b96 f14027f3 csrrs            x15, x0, 0xf14      x15=00000006
13573215ns          223134 1c008b9a f8068693 addi             x13, x13, -128      x13=00001f80 x13:00002000
13573235ns          223135 1c008b9e 00379713 slli             x14, x15, 0x3       x14=00000030 x15:00000006
13573255ns          223136 1c008ba2 00279793 slli             x15, x15, 0x2       x15=00000018 x15:00000006
13573275ns          223137 1c008ba4 00d7f7b3 and              x15, x15, x13       x15=00000000 x15:00000018 x13:00001f80
13573295ns          223138 1c008ba6 ee873733 p.bclr           x14, x14, 23, 8     x14=00000030 x14:00000030
13573314ns          223139 1c008baa 1a10f6b7 lui              x13, 0x1a10f000     x13=1a10f000
13573334ns          223140 1c008bae 0ff57513 andi             x10, x10, 255       x10=00000074 x10:00000074
13573354ns          223141 1c008bb2 00d70733 add              x14, x14, x13       x14=1a10f030 x14:00000030 x13:1a10f000
13573374ns          223142 1c008bb4 00a7e723 p.sw             x10, x0(x15)        x10:00000074 x15:00000000  PA:1a10f030
13573732ns          223160 1c008bb8 00000513 addi             x10, x0, 0          x10=00000000
13573752ns          223161 1c008bba 00008067 jalr             x0, x1, 0            x1:1c008c8a
13573812ns          223164 1c008c8a 31f52563 p.beqimm         x10, 778            x10:00000000
13573832ns          223165 1c008c8e 001d8d93 addi             x27, x27, 1         x27=00000003 x27:00000002
13573851ns          223166 1c008c90 00044503 lbu              x10, 0(x8)          x10=00000065  x8:1c00051f  PA:1c00051f
13574170ns          223182 1c008c94 00140413 addi             x8, x8, 1            x8=1c000520  x8:1c00051f
13574190ns          223183 1c008c96 fe0514e3 bne              x10, x0, -24        x10:00000065
13574269ns          223187 1c008c7e 02500793 addi             x15, x0, 37         x15=00000025
13574289ns          223188 1c008c82 04f50863 beq              x10, x15, 80        x10:00000065 x15:00000025
13574309ns          223189 1c008c86 01a005b3 add              x11, x0, x26        x11=00000002 x26:00000002
13574329ns          223190 1c008c88 000b00e7 jalr             x1, x22, 0           x1=1c008c8a x22:1c008b94
13574369ns          223192 1c008b94 000026b7 lui              x13, 0x2000         x13=00002000
13574388ns          223193 1c008b96 f14027f3 csrrs            x15, x0, 0xf14      x15=00000006
13574408ns          223194 1c008b9a f8068693 addi             x13, x13, -128      x13=00001f80 x13:00002000
13574428ns          223195 1c008b9e 00379713 slli             x14, x15, 0x3       x14=00000030 x15:00000006
13574448ns          223196 1c008ba2 00279793 slli             x15, x15, 0x2       x15=00000018 x15:00000006
13574468ns          223197 1c008ba4 00d7f7b3 and              x15, x15, x13       x15=00000000 x15:00000018 x13:00001f80
13574488ns          223198 1c008ba6 ee873733 p.bclr           x14, x14, 23, 8     x14=00000030 x14:00000030
13574508ns          223199 1c008baa 1a10f6b7 lui              x13, 0x1a10f000     x13=1a10f000
13574528ns          223200 1c008bae 0ff57513 andi             x10, x10, 255       x10=00000065 x10:00000065
13574548ns          223201 1c008bb2 00d70733 add              x14, x14, x13       x14=1a10f030 x14:00000030 x13:1a10f000
13574567ns          223202 1c008bb4 00a7e723 p.sw             x10, x0(x15)        x10:00000065 x15:00000000  PA:1a10f030
13574886ns          223218 1c008bb8 00000513 addi             x10, x0, 0          x10=00000000
13574906ns          223219 1c008bba 00008067 jalr             x0, x1, 0            x1:1c008c8a
13574965ns          223222 1c008c8a 31f52563 p.beqimm         x10, 778            x10:00000000
13574985ns          223223 1c008c8e 001d8d93 addi             x27, x27, 1         x27=00000004 x27:00000003
13575005ns          223224 1c008c90 00044503 lbu              x10, 0(x8)          x10=00000072  x8:1c000520  PA:1c000520
13575303ns          223239 1c008c94 00140413 addi             x8, x8, 1            x8=1c000521  x8:1c000520
13575323ns          223240 1c008c96 fe0514e3 bne              x10, x0, -24        x10:00000072
13575403ns          223244 1c008c7e 02500793 addi             x15, x0, 37         x15=00000025
13575423ns          223245 1c008c82 04f50863 beq              x10, x15, 80        x10:00000072 x15:00000025
13575442ns          223246 1c008c86 01a005b3 add              x11, x0, x26        x11=00000002 x26:00000002
13575462ns          223247 1c008c88 000b00e7 jalr             x1, x22, 0           x1=1c008c8a x22:1c008b94
13575502ns          223249 1c008b94 000026b7 lui              x13, 0x2000         x13=00002000
13575522ns          223250 1c008b96 f14027f3 csrrs            x15, x0, 0xf14      x15=00000006
13575542ns          223251 1c008b9a f8068693 addi             x13, x13, -128      x13=00001f80 x13:00002000
13575562ns          223252 1c008b9e 00379713 slli             x14, x15, 0x3       x14=00000030 x15:00000006
13575582ns          223253 1c008ba2 00279793 slli             x15, x15, 0x2       x15=00000018 x15:00000006
13575602ns          223254 1c008ba4 00d7f7b3 and              x15, x15, x13       x15=00000000 x15:00000018 x13:00001f80
13575621ns          223255 1c008ba6 ee873733 p.bclr           x14, x14, 23, 8     x14=00000030 x14:00000030
13575641ns          223256 1c008baa 1a10f6b7 lui              x13, 0x1a10f000     x13=1a10f000
13575661ns          223257 1c008bae 0ff57513 andi             x10, x10, 255       x10=00000072 x10:00000072
13575681ns          223258 1c008bb2 00d70733 add              x14, x14, x13       x14=1a10f030 x14:00000030 x13:1a10f000
13575701ns          223259 1c008bb4 00a7e723 p.sw             x10, x0(x15)        x10:00000072 x15:00000000  PA:1a10f030
13576039ns          223276 1c008bb8 00000513 addi             x10, x0, 0          x10=00000000
13576059ns          223277 1c008bba 00008067 jalr             x0, x1, 0            x1:1c008c8a
13576119ns          223280 1c008c8a 31f52563 p.beqimm         x10, 778            x10:00000000
13576139ns          223281 1c008c8e 001d8d93 addi             x27, x27, 1         x27=00000005 x27:00000004
13576158ns          223282 1c008c90 00044503 lbu              x10, 0(x8)          x10=00000065  x8:1c000521  PA:1c000521
13576457ns          223297 1c008c94 00140413 addi             x8, x8, 1            x8=1c000522  x8:1c000521
13576477ns          223298 1c008c96 fe0514e3 bne              x10, x0, -24        x10:00000065
13576556ns          223302 1c008c7e 02500793 addi             x15, x0, 37         x15=00000025
13576576ns          223303 1c008c82 04f50863 beq              x10, x15, 80        x10:00000065 x15:00000025
13576596ns          223304 1c008c86 01a005b3 add              x11, x0, x26        x11=00000002 x26:00000002
13576616ns          223305 1c008c88 000b00e7 jalr             x1, x22, 0           x1=1c008c8a x22:1c008b94
13576656ns          223307 1c008b94 000026b7 lui              x13, 0x2000         x13=00002000
13576676ns          223308 1c008b96 f14027f3 csrrs            x15, x0, 0xf14      x15=00000006
13576695ns          223309 1c008b9a f8068693 addi             x13, x13, -128      x13=00001f80 x13:00002000
13576715ns          223310 1c008b9e 00379713 slli             x14, x15, 0x3       x14=00000030 x15:00000006
13576735ns          223311 1c008ba2 00279793 slli             x15, x15, 0x2       x15=00000018 x15:00000006
13576755ns          223312 1c008ba4 00d7f7b3 and              x15, x15, x13       x15=00000000 x15:00000018 x13:00001f80
13576775ns          223313 1c008ba6 ee873733 p.bclr           x14, x14, 23, 8     x14=00000030 x14:00000030
13576795ns          223314 1c008baa 1a10f6b7 lui              x13, 0x1a10f000     x13=1a10f000
13576815ns          223315 1c008bae 0ff57513 andi             x10, x10, 255       x10=00000065 x10:00000065
13576835ns          223316 1c008bb2 00d70733 add              x14, x14, x13       x14=1a10f030 x14:00000030 x13:1a10f000
13576855ns          223317 1c008bb4 00a7e723 p.sw             x10, x0(x15)        x10:00000065 x15:00000000  PA:1a10f030
13577193ns          223334 1c008bb8 00000513 addi             x10, x0, 0          x10=00000000
13577213ns          223335 1c008bba 00008067 jalr             x0, x1, 0            x1:1c008c8a
13577272ns          223338 1c008c8a 31f52563 p.beqimm         x10, 778            x10:00000000
13577292ns          223339 1c008c8e 001d8d93 addi             x27, x27, 1         x27=00000006 x27:00000005
13577312ns          223340 1c008c90 00044503 lbu              x10, 0(x8)          x10=00000064  x8:1c000522  PA:1c000522
13577610ns          223355 1c008c94 00140413 addi             x8, x8, 1            x8=1c000523  x8:1c000522
13577630ns          223356 1c008c96 fe0514e3 bne              x10, x0, -24        x10:00000064
13577710ns          223360 1c008c7e 02500793 addi             x15, x0, 37         x15=00000025
13577730ns          223361 1c008c82 04f50863 beq              x10, x15, 80        x10:00000064 x15:00000025
13577750ns          223362 1c008c86 01a005b3 add              x11, x0, x26        x11=00000002 x26:00000002
13577769ns          223363 1c008c88 000b00e7 jalr             x1, x22, 0           x1=1c008c8a x22:1c008b94
13577809ns          223365 1c008b94 000026b7 lui              x13, 0x2000         x13=00002000
13577829ns          223366 1c008b96 f14027f3 csrrs            x15, x0, 0xf14      x15=00000006
13577849ns          223367 1c008b9a f8068693 addi             x13, x13, -128      x13=00001f80 x13:00002000
13577869ns          223368 1c008b9e 00379713 slli             x14, x15, 0x3       x14=00000030 x15:00000006
13577889ns          223369 1c008ba2 00279793 slli             x15, x15, 0x2       x15=00000018 x15:00000006
13577909ns          223370 1c008ba4 00d7f7b3 and              x15, x15, x13       x15=00000000 x15:00000018 x13:00001f80
13577928ns          223371 1c008ba6 ee873733 p.bclr           x14, x14, 23, 8     x14=00000030 x14:00000030
13577948ns          223372 1c008baa 1a10f6b7 lui              x13, 0x1a10f000     x13=1a10f000
13577968ns          223373 1c008bae 0ff57513 andi             x10, x10, 255       x10=00000064 x10:00000064
13577988ns          223374 1c008bb2 00d70733 add              x14, x14, x13       x14=1a10f030 x14:00000030 x13:1a10f000
13578008ns          223375 1c008bb4 00a7e723 p.sw             x10, x0(x15)        x10:00000064 x15:00000000  PA:1a10f030
13578346ns          223392 1c008bb8 00000513 addi             x10, x0, 0          x10=00000000
13578366ns          223393 1c008bba 00008067 jalr             x0, x1, 0            x1:1c008c8a
13578426ns          223396 1c008c8a 31f52563 p.beqimm         x10, 778            x10:00000000
13578446ns          223397 1c008c8e 001d8d93 addi             x27, x27, 1         x27=00000007 x27:00000006
13578465ns          223398 1c008c90 00044503 lbu              x10, 0(x8)          x10=00000020  x8:1c000523  PA:1c000523
13578764ns          223413 1c008c94 00140413 addi             x8, x8, 1            x8=1c000524  x8:1c000523
13578784ns          223414 1c008c96 fe0514e3 bne              x10, x0, -24        x10:00000020
13578863ns          223418 1c008c7e 02500793 addi             x15, x0, 37         x15=00000025
13578883ns          223419 1c008c82 04f50863 beq              x10, x15, 80        x10:00000020 x15:00000025
13578903ns          223420 1c008c86 01a005b3 add              x11, x0, x26        x11=00000002 x26:00000002
13578923ns          223421 1c008c88 000b00e7 jalr             x1, x22, 0           x1=1c008c8a x22:1c008b94
13578963ns          223423 1c008b94 000026b7 lui              x13, 0x2000         x13=00002000
13578983ns          223424 1c008b96 f14027f3 csrrs            x15, x0, 0xf14      x15=00000006
13579002ns          223425 1c008b9a f8068693 addi             x13, x13, -128      x13=00001f80 x13:00002000
13579022ns          223426 1c008b9e 00379713 slli             x14, x15, 0x3       x14=00000030 x15:00000006
13579042ns          223427 1c008ba2 00279793 slli             x15, x15, 0x2       x15=00000018 x15:00000006
13579062ns          223428 1c008ba4 00d7f7b3 and              x15, x15, x13       x15=00000000 x15:00000018 x13:00001f80
13579082ns          223429 1c008ba6 ee873733 p.bclr           x14, x14, 23, 8     x14=00000030 x14:00000030
13579102ns          223430 1c008baa 1a10f6b7 lui              x13, 0x1a10f000     x13=1a10f000
13579122ns          223431 1c008bae 0ff57513 andi             x10, x10, 255       x10=00000020 x10:00000020
13579142ns          223432 1c008bb2 00d70733 add              x14, x14, x13       x14=1a10f030 x14:00000030 x13:1a10f000
13579162ns          223433 1c008bb4 00a7e723 p.sw             x10, x0(x15)        x10:00000020 x15:00000000  PA:1a10f030
13579500ns          223450 1c008bb8 00000513 addi             x10, x0, 0          x10=00000000
13579520ns          223451 1c008bba 00008067 jalr             x0, x1, 0            x1:1c008c8a
13579579ns          223454 1c008c8a 31f52563 p.beqimm         x10, 778            x10:00000000
13579599ns          223455 1c008c8e 001d8d93 addi             x27, x27, 1         x27=00000008 x27:00000007
13579619ns          223456 1c008c90 00044503 lbu              x10, 0(x8)          x10=00000063  x8:1c000524  PA:1c000524
13579917ns          223471 1c008c94 00140413 addi             x8, x8, 1            x8=1c000525  x8:1c000524
13579937ns          223472 1c008c96 fe0514e3 bne              x10, x0, -24        x10:00000063
13580017ns          223476 1c008c7e 02500793 addi             x15, x0, 37         x15=00000025
13580037ns          223477 1c008c82 04f50863 beq              x10, x15, 80        x10:00000063 x15:00000025
13580057ns          223478 1c008c86 01a005b3 add              x11, x0, x26        x11=00000002 x26:00000002
13580076ns          223479 1c008c88 000b00e7 jalr             x1, x22, 0           x1=1c008c8a x22:1c008b94
13580116ns          223481 1c008b94 000026b7 lui              x13, 0x2000         x13=00002000
13580136ns          223482 1c008b96 f14027f3 csrrs            x15, x0, 0xf14      x15=00000006
13580156ns          223483 1c008b9a f8068693 addi             x13, x13, -128      x13=00001f80 x13:00002000
13580176ns          223484 1c008b9e 00379713 slli             x14, x15, 0x3       x14=00000030 x15:00000006
13580196ns          223485 1c008ba2 00279793 slli             x15, x15, 0x2       x15=00000018 x15:00000006
13580216ns          223486 1c008ba4 00d7f7b3 and              x15, x15, x13       x15=00000000 x15:00000018 x13:00001f80
13580236ns          223487 1c008ba6 ee873733 p.bclr           x14, x14, 23, 8     x14=00000030 x14:00000030
13580255ns          223488 1c008baa 1a10f6b7 lui              x13, 0x1a10f000     x13=1a10f000
13580275ns          223489 1c008bae 0ff57513 andi             x10, x10, 255       x10=00000063 x10:00000063
13580295ns          223490 1c008bb2 00d70733 add              x14, x14, x13       x14=1a10f030 x14:00000030 x13:1a10f000
13580315ns          223491 1c008bb4 00a7e723 p.sw             x10, x0(x15)        x10:00000063 x15:00000000  PA:1a10f030
13580673ns          223509 1c008bb8 00000513 addi             x10, x0, 0          x10=00000000
13580693ns          223510 1c008bba 00008067 jalr             x0, x1, 0            x1:1c008c8a
13580753ns          223513 1c008c8a 31f52563 p.beqimm         x10, 778            x10:00000000
13580772ns          223514 1c008c8e 001d8d93 addi             x27, x27, 1         x27=00000009 x27:00000008
13580792ns          223515 1c008c90 00044503 lbu              x10, 0(x8)          x10=0000006c  x8:1c000525  PA:1c000525
13581091ns          223530 1c008c94 00140413 addi             x8, x8, 1            x8=1c000526  x8:1c000525
13581111ns          223531 1c008c96 fe0514e3 bne              x10, x0, -24        x10:0000006c
13581190ns          223535 1c008c7e 02500793 addi             x15, x0, 37         x15=00000025
13581210ns          223536 1c008c82 04f50863 beq              x10, x15, 80        x10:0000006c x15:00000025
13581230ns          223537 1c008c86 01a005b3 add              x11, x0, x26        x11=00000002 x26:00000002
13581250ns          223538 1c008c88 000b00e7 jalr             x1, x22, 0           x1=1c008c8a x22:1c008b94
13581290ns          223540 1c008b94 000026b7 lui              x13, 0x2000         x13=00002000
13581309ns          223541 1c008b96 f14027f3 csrrs            x15, x0, 0xf14      x15=00000006
13581329ns          223542 1c008b9a f8068693 addi             x13, x13, -128      x13=00001f80 x13:00002000
13581349ns          223543 1c008b9e 00379713 slli             x14, x15, 0x3       x14=00000030 x15:00000006
13581369ns          223544 1c008ba2 00279793 slli             x15, x15, 0x2       x15=00000018 x15:00000006
13581389ns          223545 1c008ba4 00d7f7b3 and              x15, x15, x13       x15=00000000 x15:00000018 x13:00001f80
13581409ns          223546 1c008ba6 ee873733 p.bclr           x14, x14, 23, 8     x14=00000030 x14:00000030
13581429ns          223547 1c008baa 1a10f6b7 lui              x13, 0x1a10f000     x13=1a10f000
13581449ns          223548 1c008bae 0ff57513 andi             x10, x10, 255       x10=0000006c x10:0000006c
13581469ns          223549 1c008bb2 00d70733 add              x14, x14, x13       x14=1a10f030 x14:00000030 x13:1a10f000
13581488ns          223550 1c008bb4 00a7e723 p.sw             x10, x0(x15)        x10:0000006c x15:00000000  PA:1a10f030
13581807ns          223566 1c008bb8 00000513 addi             x10, x0, 0          x10=00000000
13581827ns          223567 1c008bba 00008067 jalr             x0, x1, 0            x1:1c008c8a
13581886ns          223570 1c008c8a 31f52563 p.beqimm         x10, 778            x10:00000000
13581906ns          223571 1c008c8e 001d8d93 addi             x27, x27, 1         x27=0000000a x27:00000009
13581926ns          223572 1c008c90 00044503 lbu              x10, 0(x8)          x10=00000075  x8:1c000526  PA:1c000526
13582224ns          223587 1c008c94 00140413 addi             x8, x8, 1            x8=1c000527  x8:1c000526
13582244ns          223588 1c008c96 fe0514e3 bne              x10, x0, -24        x10:00000075
13582324ns          223592 1c008c7e 02500793 addi             x15, x0, 37         x15=00000025
13582344ns          223593 1c008c82 04f50863 beq              x10, x15, 80        x10:00000075 x15:00000025
13582364ns          223594 1c008c86 01a005b3 add              x11, x0, x26        x11=00000002 x26:00000002
13582383ns          223595 1c008c88 000b00e7 jalr             x1, x22, 0           x1=1c008c8a x22:1c008b94
13582423ns          223597 1c008b94 000026b7 lui              x13, 0x2000         x13=00002000
13582443ns          223598 1c008b96 f14027f3 csrrs            x15, x0, 0xf14      x15=00000006
13582463ns          223599 1c008b9a f8068693 addi             x13, x13, -128      x13=00001f80 x13:00002000
13582483ns          223600 1c008b9e 00379713 slli             x14, x15, 0x3       x14=00000030 x15:00000006
13582503ns          223601 1c008ba2 00279793 slli             x15, x15, 0x2       x15=00000018 x15:00000006
13582523ns          223602 1c008ba4 00d7f7b3 and              x15, x15, x13       x15=00000000 x15:00000018 x13:00001f80
13582543ns          223603 1c008ba6 ee873733 p.bclr           x14, x14, 23, 8     x14=00000030 x14:00000030
13582562ns          223604 1c008baa 1a10f6b7 lui              x13, 0x1a10f000     x13=1a10f000
13582582ns          223605 1c008bae 0ff57513 andi             x10, x10, 255       x10=00000075 x10:00000075
13582602ns          223606 1c008bb2 00d70733 add              x14, x14, x13       x14=1a10f030 x14:00000030 x13:1a10f000
13582622ns          223607 1c008bb4 00a7e723 p.sw             x10, x0(x15)        x10:00000075 x15:00000000  PA:1a10f030
13582960ns          223624 1c008bb8 00000513 addi             x10, x0, 0          x10=00000000
13582980ns          223625 1c008bba 00008067 jalr             x0, x1, 0            x1:1c008c8a
13583040ns          223628 1c008c8a 31f52563 p.beqimm         x10, 778            x10:00000000
13583060ns          223629 1c008c8e 001d8d93 addi             x27, x27, 1         x27=0000000b x27:0000000a
13583079ns          223630 1c008c90 00044503 lbu              x10, 0(x8)          x10=00000073  x8:1c000527  PA:1c000527
13583398ns          223646 1c008c94 00140413 addi             x8, x8, 1            x8=1c000528  x8:1c000527
13583418ns          223647 1c008c96 fe0514e3 bne              x10, x0, -24        x10:00000073
13583497ns          223651 1c008c7e 02500793 addi             x15, x0, 37         x15=00000025
13583517ns          223652 1c008c82 04f50863 beq              x10, x15, 80        x10:00000073 x15:00000025
13583537ns          223653 1c008c86 01a005b3 add              x11, x0, x26        x11=00000002 x26:00000002
13583557ns          223654 1c008c88 000b00e7 jalr             x1, x22, 0           x1=1c008c8a x22:1c008b94
13583597ns          223656 1c008b94 000026b7 lui              x13, 0x2000         x13=00002000
13583616ns          223657 1c008b96 f14027f3 csrrs            x15, x0, 0xf14      x15=00000006
13583636ns          223658 1c008b9a f8068693 addi             x13, x13, -128      x13=00001f80 x13:00002000
13583656ns          223659 1c008b9e 00379713 slli             x14, x15, 0x3       x14=00000030 x15:00000006
13583676ns          223660 1c008ba2 00279793 slli             x15, x15, 0x2       x15=00000018 x15:00000006
13583696ns          223661 1c008ba4 00d7f7b3 and              x15, x15, x13       x15=00000000 x15:00000018 x13:00001f80
13583716ns          223662 1c008ba6 ee873733 p.bclr           x14, x14, 23, 8     x14=00000030 x14:00000030
13583736ns          223663 1c008baa 1a10f6b7 lui              x13, 0x1a10f000     x13=1a10f000
13583756ns          223664 1c008bae 0ff57513 andi             x10, x10, 255       x10=00000073 x10:00000073
13583776ns          223665 1c008bb2 00d70733 add              x14, x14, x13       x14=1a10f030 x14:00000030 x13:1a10f000
13583795ns          223666 1c008bb4 00a7e723 p.sw             x10, x0(x15)        x10:00000073 x15:00000000  PA:1a10f030
13584114ns          223682 1c008bb8 00000513 addi             x10, x0, 0          x10=00000000
13584134ns          223683 1c008bba 00008067 jalr             x0, x1, 0            x1:1c008c8a
13584193ns          223686 1c008c8a 31f52563 p.beqimm         x10, 778            x10:00000000
13584213ns          223687 1c008c8e 001d8d93 addi             x27, x27, 1         x27=0000000c x27:0000000b
13584233ns          223688 1c008c90 00044503 lbu              x10, 0(x8)          x10=00000074  x8:1c000528  PA:1c000528
13584531ns          223703 1c008c94 00140413 addi             x8, x8, 1            x8=1c000529  x8:1c000528
13584551ns          223704 1c008c96 fe0514e3 bne              x10, x0, -24        x10:00000074
13584631ns          223708 1c008c7e 02500793 addi             x15, x0, 37         x15=00000025
13584651ns          223709 1c008c82 04f50863 beq              x10, x15, 80        x10:00000074 x15:00000025
13584671ns          223710 1c008c86 01a005b3 add              x11, x0, x26        x11=00000002 x26:00000002
13584690ns          223711 1c008c88 000b00e7 jalr             x1, x22, 0           x1=1c008c8a x22:1c008b94
13584730ns          223713 1c008b94 000026b7 lui              x13, 0x2000         x13=00002000
13584750ns          223714 1c008b96 f14027f3 csrrs            x15, x0, 0xf14      x15=00000006
13584770ns          223715 1c008b9a f8068693 addi             x13, x13, -128      x13=00001f80 x13:00002000
13584790ns          223716 1c008b9e 00379713 slli             x14, x15, 0x3       x14=00000030 x15:00000006
13584810ns          223717 1c008ba2 00279793 slli             x15, x15, 0x2       x15=00000018 x15:00000006
13584830ns          223718 1c008ba4 00d7f7b3 and              x15, x15, x13       x15=00000000 x15:00000018 x13:00001f80
13584850ns          223719 1c008ba6 ee873733 p.bclr           x14, x14, 23, 8     x14=00000030 x14:00000030
13584869ns          223720 1c008baa 1a10f6b7 lui              x13, 0x1a10f000     x13=1a10f000
13584889ns          223721 1c008bae 0ff57513 andi             x10, x10, 255       x10=00000074 x10:00000074
13584909ns          223722 1c008bb2 00d70733 add              x14, x14, x13       x14=1a10f030 x14:00000030 x13:1a10f000
13584929ns          223723 1c008bb4 00a7e723 p.sw             x10, x0(x15)        x10:00000074 x15:00000000  PA:1a10f030
13585267ns          223740 1c008bb8 00000513 addi             x10, x0, 0          x10=00000000
13585287ns          223741 1c008bba 00008067 jalr             x0, x1, 0            x1:1c008c8a
13585347ns          223744 1c008c8a 31f52563 p.beqimm         x10, 778            x10:00000000
13585367ns          223745 1c008c8e 001d8d93 addi             x27, x27, 1         x27=0000000d x27:0000000c
13585386ns          223746 1c008c90 00044503 lbu              x10, 0(x8)          x10=00000065  x8:1c000529  PA:1c000529
13585685ns          223761 1c008c94 00140413 addi             x8, x8, 1            x8=1c00052a  x8:1c000529
13585705ns          223762 1c008c96 fe0514e3 bne              x10, x0, -24        x10:00000065
13585784ns          223766 1c008c7e 02500793 addi             x15, x0, 37         x15=00000025
13585804ns          223767 1c008c82 04f50863 beq              x10, x15, 80        x10:00000065 x15:00000025
13585824ns          223768 1c008c86 01a005b3 add              x11, x0, x26        x11=00000002 x26:00000002
13585844ns          223769 1c008c88 000b00e7 jalr             x1, x22, 0           x1=1c008c8a x22:1c008b94
13585884ns          223771 1c008b94 000026b7 lui              x13, 0x2000         x13=00002000
13585904ns          223772 1c008b96 f14027f3 csrrs            x15, x0, 0xf14      x15=00000006
13585923ns          223773 1c008b9a f8068693 addi             x13, x13, -128      x13=00001f80 x13:00002000
13585943ns          223774 1c008b9e 00379713 slli             x14, x15, 0x3       x14=00000030 x15:00000006
13585963ns          223775 1c008ba2 00279793 slli             x15, x15, 0x2       x15=00000018 x15:00000006
13585983ns          223776 1c008ba4 00d7f7b3 and              x15, x15, x13       x15=00000000 x15:00000018 x13:00001f80
13586003ns          223777 1c008ba6 ee873733 p.bclr           x14, x14, 23, 8     x14=00000030 x14:00000030
13586023ns          223778 1c008baa 1a10f6b7 lui              x13, 0x1a10f000     x13=1a10f000
13586043ns          223779 1c008bae 0ff57513 andi             x10, x10, 255       x10=00000065 x10:00000065
13586063ns          223780 1c008bb2 00d70733 add              x14, x14, x13       x14=1a10f030 x14:00000030 x13:1a10f000
13586083ns          223781 1c008bb4 00a7e723 p.sw             x10, x0(x15)        x10:00000065 x15:00000000  PA:1a10f030
13586421ns          223798 1c008bb8 00000513 addi             x10, x0, 0          x10=00000000
13586441ns          223799 1c008bba 00008067 jalr             x0, x1, 0            x1:1c008c8a
13586500ns          223802 1c008c8a 31f52563 p.beqimm         x10, 778            x10:00000000
13586520ns          223803 1c008c8e 001d8d93 addi             x27, x27, 1         x27=0000000e x27:0000000d
13586540ns          223804 1c008c90 00044503 lbu              x10, 0(x8)          x10=00000072  x8:1c00052a  PA:1c00052a
13586838ns          223819 1c008c94 00140413 addi             x8, x8, 1            x8=1c00052b  x8:1c00052a
13586858ns          223820 1c008c96 fe0514e3 bne              x10, x0, -24        x10:00000072
13586938ns          223824 1c008c7e 02500793 addi             x15, x0, 37         x15=00000025
13586958ns          223825 1c008c82 04f50863 beq              x10, x15, 80        x10:00000072 x15:00000025
13586978ns          223826 1c008c86 01a005b3 add              x11, x0, x26        x11=00000002 x26:00000002
13586997ns          223827 1c008c88 000b00e7 jalr             x1, x22, 0           x1=1c008c8a x22:1c008b94
13587037ns          223829 1c008b94 000026b7 lui              x13, 0x2000         x13=00002000
13587057ns          223830 1c008b96 f14027f3 csrrs            x15, x0, 0xf14      x15=00000006
13587077ns          223831 1c008b9a f8068693 addi             x13, x13, -128      x13=00001f80 x13:00002000
13587097ns          223832 1c008b9e 00379713 slli             x14, x15, 0x3       x14=00000030 x15:00000006
13587117ns          223833 1c008ba2 00279793 slli             x15, x15, 0x2       x15=00000018 x15:00000006
13587137ns          223834 1c008ba4 00d7f7b3 and              x15, x15, x13       x15=00000000 x15:00000018 x13:00001f80
13587157ns          223835 1c008ba6 ee873733 p.bclr           x14, x14, 23, 8     x14=00000030 x14:00000030
13587176ns          223836 1c008baa 1a10f6b7 lui              x13, 0x1a10f000     x13=1a10f000
13587196ns          223837 1c008bae 0ff57513 andi             x10, x10, 255       x10=00000072 x10:00000072
13587216ns          223838 1c008bb2 00d70733 add              x14, x14, x13       x14=1a10f030 x14:00000030 x13:1a10f000
13587236ns          223839 1c008bb4 00a7e723 p.sw             x10, x0(x15)        x10:00000072 x15:00000000  PA:1a10f030
13587574ns          223856 1c008bb8 00000513 addi             x10, x0, 0          x10=00000000
13587594ns          223857 1c008bba 00008067 jalr             x0, x1, 0            x1:1c008c8a
13587654ns          223860 1c008c8a 31f52563 p.beqimm         x10, 778            x10:00000000
13587674ns          223861 1c008c8e 001d8d93 addi             x27, x27, 1         x27=0000000f x27:0000000e
13587694ns          223862 1c008c90 00044503 lbu              x10, 0(x8)          x10=00000020  x8:1c00052b  PA:1c00052b
13587992ns          223877 1c008c94 00140413 addi             x8, x8, 1            x8=1c00052c  x8:1c00052b
13588012ns          223878 1c008c96 fe0514e3 bne              x10, x0, -24        x10:00000020
13588091ns          223882 1c008c7e 02500793 addi             x15, x0, 37         x15=00000025
13588111ns          223883 1c008c82 04f50863 beq              x10, x15, 80        x10:00000020 x15:00000025
13588131ns          223884 1c008c86 01a005b3 add              x11, x0, x26        x11=00000002 x26:00000002
13588151ns          223885 1c008c88 000b00e7 jalr             x1, x22, 0           x1=1c008c8a x22:1c008b94
13588191ns          223887 1c008b94 000026b7 lui              x13, 0x2000         x13=00002000
13588211ns          223888 1c008b96 f14027f3 csrrs            x15, x0, 0xf14      x15=00000006
13588230ns          223889 1c008b9a f8068693 addi             x13, x13, -128      x13=00001f80 x13:00002000
13588250ns          223890 1c008b9e 00379713 slli             x14, x15, 0x3       x14=00000030 x15:00000006
13588270ns          223891 1c008ba2 00279793 slli             x15, x15, 0x2       x15=00000018 x15:00000006
13588290ns          223892 1c008ba4 00d7f7b3 and              x15, x15, x13       x15=00000000 x15:00000018 x13:00001f80
13588310ns          223893 1c008ba6 ee873733 p.bclr           x14, x14, 23, 8     x14=00000030 x14:00000030
13588330ns          223894 1c008baa 1a10f6b7 lui              x13, 0x1a10f000     x13=1a10f000
13588350ns          223895 1c008bae 0ff57513 andi             x10, x10, 255       x10=00000020 x10:00000020
13588370ns          223896 1c008bb2 00d70733 add              x14, x14, x13       x14=1a10f030 x14:00000030 x13:1a10f000
13588390ns          223897 1c008bb4 00a7e723 p.sw             x10, x0(x15)        x10:00000020 x15:00000000  PA:1a10f030
13588728ns          223914 1c008bb8 00000513 addi             x10, x0, 0          x10=00000000
13588748ns          223915 1c008bba 00008067 jalr             x0, x1, 0            x1:1c008c8a
13588807ns          223918 1c008c8a 31f52563 p.beqimm         x10, 778            x10:00000000
13588827ns          223919 1c008c8e 001d8d93 addi             x27, x27, 1         x27=00000010 x27:0000000f
13588847ns          223920 1c008c90 00044503 lbu              x10, 0(x8)          x10=0000006f  x8:1c00052c  PA:1c00052c
13589145ns          223935 1c008c94 00140413 addi             x8, x8, 1            x8=1c00052d  x8:1c00052c
13589165ns          223936 1c008c96 fe0514e3 bne              x10, x0, -24        x10:0000006f
13589245ns          223940 1c008c7e 02500793 addi             x15, x0, 37         x15=00000025
13589265ns          223941 1c008c82 04f50863 beq              x10, x15, 80        x10:0000006f x15:00000025
13589285ns          223942 1c008c86 01a005b3 add              x11, x0, x26        x11=00000002 x26:00000002
13589304ns          223943 1c008c88 000b00e7 jalr             x1, x22, 0           x1=1c008c8a x22:1c008b94
13589344ns          223945 1c008b94 000026b7 lui              x13, 0x2000         x13=00002000
13589364ns          223946 1c008b96 f14027f3 csrrs            x15, x0, 0xf14      x15=00000006
13589384ns          223947 1c008b9a f8068693 addi             x13, x13, -128      x13=00001f80 x13:00002000
13589404ns          223948 1c008b9e 00379713 slli             x14, x15, 0x3       x14=00000030 x15:00000006
13589424ns          223949 1c008ba2 00279793 slli             x15, x15, 0x2       x15=00000018 x15:00000006
13589444ns          223950 1c008ba4 00d7f7b3 and              x15, x15, x13       x15=00000000 x15:00000018 x13:00001f80
13589464ns          223951 1c008ba6 ee873733 p.bclr           x14, x14, 23, 8     x14=00000030 x14:00000030
13589483ns          223952 1c008baa 1a10f6b7 lui              x13, 0x1a10f000     x13=1a10f000
13589503ns          223953 1c008bae 0ff57513 andi             x10, x10, 255       x10=0000006f x10:0000006f
13589523ns          223954 1c008bb2 00d70733 add              x14, x14, x13       x14=1a10f030 x14:00000030 x13:1a10f000
13589543ns          223955 1c008bb4 00a7e723 p.sw             x10, x0(x15)        x10:0000006f x15:00000000  PA:1a10f030
13589901ns          223973 1c008bb8 00000513 addi             x10, x0, 0          x10=00000000
13589921ns          223974 1c008bba 00008067 jalr             x0, x1, 0            x1:1c008c8a
13589981ns          223977 1c008c8a 31f52563 p.beqimm         x10, 778            x10:00000000
13590001ns          223978 1c008c8e 001d8d93 addi             x27, x27, 1         x27=00000011 x27:00000010
13590020ns          223979 1c008c90 00044503 lbu              x10, 0(x8)          x10=0000006e  x8:1c00052d  PA:1c00052d
13590319ns          223994 1c008c94 00140413 addi             x8, x8, 1            x8=1c00052e  x8:1c00052d
13590339ns          223995 1c008c96 fe0514e3 bne              x10, x0, -24        x10:0000006e
13590418ns          223999 1c008c7e 02500793 addi             x15, x0, 37         x15=00000025
13590438ns          224000 1c008c82 04f50863 beq              x10, x15, 80        x10:0000006e x15:00000025
13590458ns          224001 1c008c86 01a005b3 add              x11, x0, x26        x11=00000002 x26:00000002
13590478ns          224002 1c008c88 000b00e7 jalr             x1, x22, 0           x1=1c008c8a x22:1c008b94
13590518ns          224004 1c008b94 000026b7 lui              x13, 0x2000         x13=00002000
13590537ns          224005 1c008b96 f14027f3 csrrs            x15, x0, 0xf14      x15=00000006
13590557ns          224006 1c008b9a f8068693 addi             x13, x13, -128      x13=00001f80 x13:00002000
13590577ns          224007 1c008b9e 00379713 slli             x14, x15, 0x3       x14=00000030 x15:00000006
13590597ns          224008 1c008ba2 00279793 slli             x15, x15, 0x2       x15=00000018 x15:00000006
13590617ns          224009 1c008ba4 00d7f7b3 and              x15, x15, x13       x15=00000000 x15:00000018 x13:00001f80
13590637ns          224010 1c008ba6 ee873733 p.bclr           x14, x14, 23, 8     x14=00000030 x14:00000030
13590657ns          224011 1c008baa 1a10f6b7 lui              x13, 0x1a10f000     x13=1a10f000
13590677ns          224012 1c008bae 0ff57513 andi             x10, x10, 255       x10=0000006e x10:0000006e
13590697ns          224013 1c008bb2 00d70733 add              x14, x14, x13       x14=1a10f030 x14:00000030 x13:1a10f000
13590716ns          224014 1c008bb4 00a7e723 p.sw             x10, x0(x15)        x10:0000006e x15:00000000  PA:1a10f030
13591035ns          224030 1c008bb8 00000513 addi             x10, x0, 0          x10=00000000
13591055ns          224031 1c008bba 00008067 jalr             x0, x1, 0            x1:1c008c8a
13591114ns          224034 1c008c8a 31f52563 p.beqimm         x10, 778            x10:00000000
13591134ns          224035 1c008c8e 001d8d93 addi             x27, x27, 1         x27=00000012 x27:00000011
13591154ns          224036 1c008c90 00044503 lbu              x10, 0(x8)          x10=00000020  x8:1c00052e  PA:1c00052e
13591452ns          224051 1c008c94 00140413 addi             x8, x8, 1            x8=1c00052f  x8:1c00052e
13591472ns          224052 1c008c96 fe0514e3 bne              x10, x0, -24        x10:00000020
13591552ns          224056 1c008c7e 02500793 addi             x15, x0, 37         x15=00000025
13591572ns          224057 1c008c82 04f50863 beq              x10, x15, 80        x10:00000020 x15:00000025
13591592ns          224058 1c008c86 01a005b3 add              x11, x0, x26        x11=00000002 x26:00000002
13591611ns          224059 1c008c88 000b00e7 jalr             x1, x22, 0           x1=1c008c8a x22:1c008b94
13591651ns          224061 1c008b94 000026b7 lui              x13, 0x2000         x13=00002000
13591671ns          224062 1c008b96 f14027f3 csrrs            x15, x0, 0xf14      x15=00000006
13591691ns          224063 1c008b9a f8068693 addi             x13, x13, -128      x13=00001f80 x13:00002000
13591711ns          224064 1c008b9e 00379713 slli             x14, x15, 0x3       x14=00000030 x15:00000006
13591731ns          224065 1c008ba2 00279793 slli             x15, x15, 0x2       x15=00000018 x15:00000006
13591751ns          224066 1c008ba4 00d7f7b3 and              x15, x15, x13       x15=00000000 x15:00000018 x13:00001f80
13591771ns          224067 1c008ba6 ee873733 p.bclr           x14, x14, 23, 8     x14=00000030 x14:00000030
13591790ns          224068 1c008baa 1a10f6b7 lui              x13, 0x1a10f000     x13=1a10f000
13591810ns          224069 1c008bae 0ff57513 andi             x10, x10, 255       x10=00000020 x10:00000020
13591830ns          224070 1c008bb2 00d70733 add              x14, x14, x13       x14=1a10f030 x14:00000030 x13:1a10f000
13591850ns          224071 1c008bb4 00a7e723 p.sw             x10, x0(x15)        x10:00000020 x15:00000000  PA:1a10f030
13592188ns          224088 1c008bb8 00000513 addi             x10, x0, 0          x10=00000000
13592208ns          224089 1c008bba 00008067 jalr             x0, x1, 0            x1:1c008c8a
13592268ns          224092 1c008c8a 31f52563 p.beqimm         x10, 778            x10:00000000
13592288ns          224093 1c008c8e 001d8d93 addi             x27, x27, 1         x27=00000013 x27:00000012
13592308ns          224094 1c008c90 00044503 lbu              x10, 0(x8)          x10=00000063  x8:1c00052f  PA:1c00052f
13592626ns          224110 1c008c94 00140413 addi             x8, x8, 1            x8=1c000530  x8:1c00052f
13592646ns          224111 1c008c96 fe0514e3 bne              x10, x0, -24        x10:00000063
13592725ns          224115 1c008c7e 02500793 addi             x15, x0, 37         x15=00000025
13592745ns          224116 1c008c82 04f50863 beq              x10, x15, 80        x10:00000063 x15:00000025
13592765ns          224117 1c008c86 01a005b3 add              x11, x0, x26        x11=00000002 x26:00000002
13592785ns          224118 1c008c88 000b00e7 jalr             x1, x22, 0           x1=1c008c8a x22:1c008b94
13592825ns          224120 1c008b94 000026b7 lui              x13, 0x2000         x13=00002000
13592844ns          224121 1c008b96 f14027f3 csrrs            x15, x0, 0xf14      x15=00000006
13592864ns          224122 1c008b9a f8068693 addi             x13, x13, -128      x13=00001f80 x13:00002000
13592884ns          224123 1c008b9e 00379713 slli             x14, x15, 0x3       x14=00000030 x15:00000006
13592904ns          224124 1c008ba2 00279793 slli             x15, x15, 0x2       x15=00000018 x15:00000006
13592924ns          224125 1c008ba4 00d7f7b3 and              x15, x15, x13       x15=00000000 x15:00000018 x13:00001f80
13592944ns          224126 1c008ba6 ee873733 p.bclr           x14, x14, 23, 8     x14=00000030 x14:00000030
13592964ns          224127 1c008baa 1a10f6b7 lui              x13, 0x1a10f000     x13=1a10f000
13592984ns          224128 1c008bae 0ff57513 andi             x10, x10, 255       x10=00000063 x10:00000063
13593004ns          224129 1c008bb2 00d70733 add              x14, x14, x13       x14=1a10f030 x14:00000030 x13:1a10f000
13593023ns          224130 1c008bb4 00a7e723 p.sw             x10, x0(x15)        x10:00000063 x15:00000000  PA:1a10f030
13593342ns          224146 1c008bb8 00000513 addi             x10, x0, 0          x10=00000000
13593362ns          224147 1c008bba 00008067 jalr             x0, x1, 0            x1:1c008c8a
13593421ns          224150 1c008c8a 31f52563 p.beqimm         x10, 778            x10:00000000
13593441ns          224151 1c008c8e 001d8d93 addi             x27, x27, 1         x27=00000014 x27:00000013
13593461ns          224152 1c008c90 00044503 lbu              x10, 0(x8)          x10=0000006c  x8:1c000530  PA:1c000530
13593759ns          224167 1c008c94 00140413 addi             x8, x8, 1            x8=1c000531  x8:1c000530
13593779ns          224168 1c008c96 fe0514e3 bne              x10, x0, -24        x10:0000006c
13593859ns          224172 1c008c7e 02500793 addi             x15, x0, 37         x15=00000025
13593879ns          224173 1c008c82 04f50863 beq              x10, x15, 80        x10:0000006c x15:00000025
13593899ns          224174 1c008c86 01a005b3 add              x11, x0, x26        x11=00000002 x26:00000002
13593918ns          224175 1c008c88 000b00e7 jalr             x1, x22, 0           x1=1c008c8a x22:1c008b94
13593958ns          224177 1c008b94 000026b7 lui              x13, 0x2000         x13=00002000
13593978ns          224178 1c008b96 f14027f3 csrrs            x15, x0, 0xf14      x15=00000006
13593998ns          224179 1c008b9a f8068693 addi             x13, x13, -128      x13=00001f80 x13:00002000
13594018ns          224180 1c008b9e 00379713 slli             x14, x15, 0x3       x14=00000030 x15:00000006
13594038ns          224181 1c008ba2 00279793 slli             x15, x15, 0x2       x15=00000018 x15:00000006
13594058ns          224182 1c008ba4 00d7f7b3 and              x15, x15, x13       x15=00000000 x15:00000018 x13:00001f80
13594078ns          224183 1c008ba6 ee873733 p.bclr           x14, x14, 23, 8     x14=00000030 x14:00000030
13594097ns          224184 1c008baa 1a10f6b7 lui              x13, 0x1a10f000     x13=1a10f000
13594117ns          224185 1c008bae 0ff57513 andi             x10, x10, 255       x10=0000006c x10:0000006c
13594137ns          224186 1c008bb2 00d70733 add              x14, x14, x13       x14=1a10f030 x14:00000030 x13:1a10f000
13594157ns          224187 1c008bb4 00a7e723 p.sw             x10, x0(x15)        x10:0000006c x15:00000000  PA:1a10f030
13594495ns          224204 1c008bb8 00000513 addi             x10, x0, 0          x10=00000000
13594515ns          224205 1c008bba 00008067 jalr             x0, x1, 0            x1:1c008c8a
13594575ns          224208 1c008c8a 31f52563 p.beqimm         x10, 778            x10:00000000
13594595ns          224209 1c008c8e 001d8d93 addi             x27, x27, 1         x27=00000015 x27:00000014
13594615ns          224210 1c008c90 00044503 lbu              x10, 0(x8)          x10=00000075  x8:1c000531  PA:1c000531
13594913ns          224225 1c008c94 00140413 addi             x8, x8, 1            x8=1c000532  x8:1c000531
13594933ns          224226 1c008c96 fe0514e3 bne              x10, x0, -24        x10:00000075
13595012ns          224230 1c008c7e 02500793 addi             x15, x0, 37         x15=00000025
13595032ns          224231 1c008c82 04f50863 beq              x10, x15, 80        x10:00000075 x15:00000025
13595052ns          224232 1c008c86 01a005b3 add              x11, x0, x26        x11=00000002 x26:00000002
13595072ns          224233 1c008c88 000b00e7 jalr             x1, x22, 0           x1=1c008c8a x22:1c008b94
13595112ns          224235 1c008b94 000026b7 lui              x13, 0x2000         x13=00002000
13595132ns          224236 1c008b96 f14027f3 csrrs            x15, x0, 0xf14      x15=00000006
13595152ns          224237 1c008b9a f8068693 addi             x13, x13, -128      x13=00001f80 x13:00002000
13595171ns          224238 1c008b9e 00379713 slli             x14, x15, 0x3       x14=00000030 x15:00000006
13595191ns          224239 1c008ba2 00279793 slli             x15, x15, 0x2       x15=00000018 x15:00000006
13595211ns          224240 1c008ba4 00d7f7b3 and              x15, x15, x13       x15=00000000 x15:00000018 x13:00001f80
13595231ns          224241 1c008ba6 ee873733 p.bclr           x14, x14, 23, 8     x14=00000030 x14:00000030
13595251ns          224242 1c008baa 1a10f6b7 lui              x13, 0x1a10f000     x13=1a10f000
13595271ns          224243 1c008bae 0ff57513 andi             x10, x10, 255       x10=00000075 x10:00000075
13595291ns          224244 1c008bb2 00d70733 add              x14, x14, x13       x14=1a10f030 x14:00000030 x13:1a10f000
13595311ns          224245 1c008bb4 00a7e723 p.sw             x10, x0(x15)        x10:00000075 x15:00000000  PA:1a10f030
13595649ns          224262 1c008bb8 00000513 addi             x10, x0, 0          x10=00000000
13595669ns          224263 1c008bba 00008067 jalr             x0, x1, 0            x1:1c008c8a
13595728ns          224266 1c008c8a 31f52563 p.beqimm         x10, 778            x10:00000000
13595748ns          224267 1c008c8e 001d8d93 addi             x27, x27, 1         x27=00000016 x27:00000015
13595768ns          224268 1c008c90 00044503 lbu              x10, 0(x8)          x10=00000073  x8:1c000532  PA:1c000532
13596066ns          224283 1c008c94 00140413 addi             x8, x8, 1            x8=1c000533  x8:1c000532
13596086ns          224284 1c008c96 fe0514e3 bne              x10, x0, -24        x10:00000073
13596166ns          224288 1c008c7e 02500793 addi             x15, x0, 37         x15=00000025
13596186ns          224289 1c008c82 04f50863 beq              x10, x15, 80        x10:00000073 x15:00000025
13596206ns          224290 1c008c86 01a005b3 add              x11, x0, x26        x11=00000002 x26:00000002
13596225ns          224291 1c008c88 000b00e7 jalr             x1, x22, 0           x1=1c008c8a x22:1c008b94
13596265ns          224293 1c008b94 000026b7 lui              x13, 0x2000         x13=00002000
13596285ns          224294 1c008b96 f14027f3 csrrs            x15, x0, 0xf14      x15=00000006
13596305ns          224295 1c008b9a f8068693 addi             x13, x13, -128      x13=00001f80 x13:00002000
13596325ns          224296 1c008b9e 00379713 slli             x14, x15, 0x3       x14=00000030 x15:00000006
13596345ns          224297 1c008ba2 00279793 slli             x15, x15, 0x2       x15=00000018 x15:00000006
13596365ns          224298 1c008ba4 00d7f7b3 and              x15, x15, x13       x15=00000000 x15:00000018 x13:00001f80
13596385ns          224299 1c008ba6 ee873733 p.bclr           x14, x14, 23, 8     x14=00000030 x14:00000030
13596404ns          224300 1c008baa 1a10f6b7 lui              x13, 0x1a10f000     x13=1a10f000
13596424ns          224301 1c008bae 0ff57513 andi             x10, x10, 255       x10=00000073 x10:00000073
13596444ns          224302 1c008bb2 00d70733 add              x14, x14, x13       x14=1a10f030 x14:00000030 x13:1a10f000
13596464ns          224303 1c008bb4 00a7e723 p.sw             x10, x0(x15)        x10:00000073 x15:00000000  PA:1a10f030
13596802ns          224320 1c008bb8 00000513 addi             x10, x0, 0          x10=00000000
13596822ns          224321 1c008bba 00008067 jalr             x0, x1, 0            x1:1c008c8a
13596882ns          224324 1c008c8a 31f52563 p.beqimm         x10, 778            x10:00000000
13596902ns          224325 1c008c8e 001d8d93 addi             x27, x27, 1         x27=00000017 x27:00000016
13596922ns          224326 1c008c90 00044503 lbu              x10, 0(x8)          x10=00000074  x8:1c000533  PA:1c000533
13597220ns          224341 1c008c94 00140413 addi             x8, x8, 1            x8=1c000534  x8:1c000533
13597240ns          224342 1c008c96 fe0514e3 bne              x10, x0, -24        x10:00000074
13597319ns          224346 1c008c7e 02500793 addi             x15, x0, 37         x15=00000025
13597339ns          224347 1c008c82 04f50863 beq              x10, x15, 80        x10:00000074 x15:00000025
13597359ns          224348 1c008c86 01a005b3 add              x11, x0, x26        x11=00000002 x26:00000002
13597379ns          224349 1c008c88 000b00e7 jalr             x1, x22, 0           x1=1c008c8a x22:1c008b94
13597419ns          224351 1c008b94 000026b7 lui              x13, 0x2000         x13=00002000
13597439ns          224352 1c008b96 f14027f3 csrrs            x15, x0, 0xf14      x15=00000006
13597459ns          224353 1c008b9a f8068693 addi             x13, x13, -128      x13=00001f80 x13:00002000
13597478ns          224354 1c008b9e 00379713 slli             x14, x15, 0x3       x14=00000030 x15:00000006
13597498ns          224355 1c008ba2 00279793 slli             x15, x15, 0x2       x15=00000018 x15:00000006
13597518ns          224356 1c008ba4 00d7f7b3 and              x15, x15, x13       x15=00000000 x15:00000018 x13:00001f80
13597538ns          224357 1c008ba6 ee873733 p.bclr           x14, x14, 23, 8     x14=00000030 x14:00000030
13597558ns          224358 1c008baa 1a10f6b7 lui              x13, 0x1a10f000     x13=1a10f000
13597578ns          224359 1c008bae 0ff57513 andi             x10, x10, 255       x10=00000074 x10:00000074
13597598ns          224360 1c008bb2 00d70733 add              x14, x14, x13       x14=1a10f030 x14:00000030 x13:1a10f000
13597618ns          224361 1c008bb4 00a7e723 p.sw             x10, x0(x15)        x10:00000074 x15:00000000  PA:1a10f030
13597976ns          224379 1c008bb8 00000513 addi             x10, x0, 0          x10=00000000
13597995ns          224380 1c008bba 00008067 jalr             x0, x1, 0            x1:1c008c8a
13598055ns          224383 1c008c8a 31f52563 p.beqimm         x10, 778            x10:00000000
13598075ns          224384 1c008c8e 001d8d93 addi             x27, x27, 1         x27=00000018 x27:00000017
13598095ns          224385 1c008c90 00044503 lbu              x10, 0(x8)          x10=00000065  x8:1c000534  PA:1c000534
13598393ns          224400 1c008c94 00140413 addi             x8, x8, 1            x8=1c000535  x8:1c000534
13598413ns          224401 1c008c96 fe0514e3 bne              x10, x0, -24        x10:00000065
13598493ns          224405 1c008c7e 02500793 addi             x15, x0, 37         x15=00000025
13598513ns          224406 1c008c82 04f50863 beq              x10, x15, 80        x10:00000065 x15:00000025
13598532ns          224407 1c008c86 01a005b3 add              x11, x0, x26        x11=00000002 x26:00000002
13598552ns          224408 1c008c88 000b00e7 jalr             x1, x22, 0           x1=1c008c8a x22:1c008b94
13598592ns          224410 1c008b94 000026b7 lui              x13, 0x2000         x13=00002000
13598612ns          224411 1c008b96 f14027f3 csrrs            x15, x0, 0xf14      x15=00000006
13598632ns          224412 1c008b9a f8068693 addi             x13, x13, -128      x13=00001f80 x13:00002000
13598652ns          224413 1c008b9e 00379713 slli             x14, x15, 0x3       x14=00000030 x15:00000006
13598672ns          224414 1c008ba2 00279793 slli             x15, x15, 0x2       x15=00000018 x15:00000006
13598692ns          224415 1c008ba4 00d7f7b3 and              x15, x15, x13       x15=00000000 x15:00000018 x13:00001f80
13598711ns          224416 1c008ba6 ee873733 p.bclr           x14, x14, 23, 8     x14=00000030 x14:00000030
13598731ns          224417 1c008baa 1a10f6b7 lui              x13, 0x1a10f000     x13=1a10f000
13598751ns          224418 1c008bae 0ff57513 andi             x10, x10, 255       x10=00000065 x10:00000065
13598771ns          224419 1c008bb2 00d70733 add              x14, x14, x13       x14=1a10f030 x14:00000030 x13:1a10f000
13598791ns          224420 1c008bb4 00a7e723 p.sw             x10, x0(x15)        x10:00000065 x15:00000000  PA:1a10f030
13599149ns          224438 1c008bb8 00000513 addi             x10, x0, 0          x10=00000000
13599169ns          224439 1c008bba 00008067 jalr             x0, x1, 0            x1:1c008c8a
13599229ns          224442 1c008c8a 31f52563 p.beqimm         x10, 778            x10:00000000
13599248ns          224443 1c008c8e 001d8d93 addi             x27, x27, 1         x27=00000019 x27:00000018
13599268ns          224444 1c008c90 00044503 lbu              x10, 0(x8)          x10=00000072  x8:1c000535  PA:1c000535
13599567ns          224459 1c008c94 00140413 addi             x8, x8, 1            x8=1c000536  x8:1c000535
13599587ns          224460 1c008c96 fe0514e3 bne              x10, x0, -24        x10:00000072
13599666ns          224464 1c008c7e 02500793 addi             x15, x0, 37         x15=00000025
13599686ns          224465 1c008c82 04f50863 beq              x10, x15, 80        x10:00000072 x15:00000025
13599706ns          224466 1c008c86 01a005b3 add              x11, x0, x26        x11=00000002 x26:00000002
13599726ns          224467 1c008c88 000b00e7 jalr             x1, x22, 0           x1=1c008c8a x22:1c008b94
13599766ns          224469 1c008b94 000026b7 lui              x13, 0x2000         x13=00002000
13599785ns          224470 1c008b96 f14027f3 csrrs            x15, x0, 0xf14      x15=00000006
13599805ns          224471 1c008b9a f8068693 addi             x13, x13, -128      x13=00001f80 x13:00002000
13599825ns          224472 1c008b9e 00379713 slli             x14, x15, 0x3       x14=00000030 x15:00000006
13599845ns          224473 1c008ba2 00279793 slli             x15, x15, 0x2       x15=00000018 x15:00000006
13599865ns          224474 1c008ba4 00d7f7b3 and              x15, x15, x13       x15=00000000 x15:00000018 x13:00001f80
13599885ns          224475 1c008ba6 ee873733 p.bclr           x14, x14, 23, 8     x14=00000030 x14:00000030
13599905ns          224476 1c008baa 1a10f6b7 lui              x13, 0x1a10f000     x13=1a10f000
13599925ns          224477 1c008bae 0ff57513 andi             x10, x10, 255       x10=00000072 x10:00000072
13599945ns          224478 1c008bb2 00d70733 add              x14, x14, x13       x14=1a10f030 x14:00000030 x13:1a10f000
13599964ns          224479 1c008bb4 00a7e723 p.sw             x10, x0(x15)        x10:00000072 x15:00000000  PA:1a10f030
13600283ns          224495 1c008bb8 00000513 addi             x10, x0, 0          x10=00000000
13600302ns          224496 1c008bba 00008067 jalr             x0, x1, 0            x1:1c008c8a
13600362ns          224499 1c008c8a 31f52563 p.beqimm         x10, 778            x10:00000000
13600382ns          224500 1c008c8e 001d8d93 addi             x27, x27, 1         x27=0000001a x27:00000019
13600402ns          224501 1c008c90 00044503 lbu              x10, 0(x8)          x10=00000020  x8:1c000536  PA:1c000536
13600700ns          224516 1c008c94 00140413 addi             x8, x8, 1            x8=1c000537  x8:1c000536
13600720ns          224517 1c008c96 fe0514e3 bne              x10, x0, -24        x10:00000020
13600800ns          224521 1c008c7e 02500793 addi             x15, x0, 37         x15=00000025
13600820ns          224522 1c008c82 04f50863 beq              x10, x15, 80        x10:00000020 x15:00000025
13600839ns          224523 1c008c86 01a005b3 add              x11, x0, x26        x11=00000002 x26:00000002
13600859ns          224524 1c008c88 000b00e7 jalr             x1, x22, 0           x1=1c008c8a x22:1c008b94
13600899ns          224526 1c008b94 000026b7 lui              x13, 0x2000         x13=00002000
13600919ns          224527 1c008b96 f14027f3 csrrs            x15, x0, 0xf14      x15=00000006
13600939ns          224528 1c008b9a f8068693 addi             x13, x13, -128      x13=00001f80 x13:00002000
13600959ns          224529 1c008b9e 00379713 slli             x14, x15, 0x3       x14=00000030 x15:00000006
13600979ns          224530 1c008ba2 00279793 slli             x15, x15, 0x2       x15=00000018 x15:00000006
13600999ns          224531 1c008ba4 00d7f7b3 and              x15, x15, x13       x15=00000000 x15:00000018 x13:00001f80
13601018ns          224532 1c008ba6 ee873733 p.bclr           x14, x14, 23, 8     x14=00000030 x14:00000030
13601038ns          224533 1c008baa 1a10f6b7 lui              x13, 0x1a10f000     x13=1a10f000
13601058ns          224534 1c008bae 0ff57513 andi             x10, x10, 255       x10=00000020 x10:00000020
13601078ns          224535 1c008bb2 00d70733 add              x14, x14, x13       x14=1a10f030 x14:00000030 x13:1a10f000
13601098ns          224536 1c008bb4 00a7e723 p.sw             x10, x0(x15)        x10:00000020 x15:00000000  PA:1a10f030
13601416ns          224552 1c008bb8 00000513 addi             x10, x0, 0          x10=00000000
13601436ns          224553 1c008bba 00008067 jalr             x0, x1, 0            x1:1c008c8a
13601496ns          224556 1c008c8a 31f52563 p.beqimm         x10, 778            x10:00000000
13601516ns          224557 1c008c8e 001d8d93 addi             x27, x27, 1         x27=0000001b x27:0000001a
13601536ns          224558 1c008c90 00044503 lbu              x10, 0(x8)          x10=00000025  x8:1c000537  PA:1c000537
13601913ns          224577 1c008c94 00140413 addi             x8, x8, 1            x8=1c000538  x8:1c000537
13601933ns          224578 1c008c96 fe0514e3 bne              x10, x0, -24        x10:00000025
13602013ns          224582 1c008c7e 02500793 addi             x15, x0, 37         x15=00000025
13602033ns          224583 1c008c82 04f50863 beq              x10, x15, 80        x10:00000025 x15:00000025
13602172ns          224590 1c008cd2 00044483 lbu              x9, 0(x8)            x9=00000064  x8:1c000538  PA:1c000538
13602510ns          224607 1c008cd6 02000693 addi             x13, x0, 32         x13=00000020
13602530ns          224608 1c008cda 00140a93 addi             x21, x8, 1          x21=1c000539  x8:1c000538
13602550ns          224609 1c008cde 009005b3 add              x11, x0, x9         x11=00000064  x9:00000064
13602590ns          224611 1c008ce0 5f0b8513 addi             x10, x23, 1520      x10=1c0005f0 x23:1c000000
13602629ns          224613 1c008ce4 00d12823 sw               x13, 16(x2)         x13:00000020  x2:10003158  PA:10003168
13602649ns          224614 1c008ce6 00012c23 sw               x0, 24(x2)           x2:10003158  PA:10003170
13602669ns          224615 1c008ce8 00012a23 sw               x0, 20(x2)           x2:10003158  PA:1000316c
13602689ns          224616 1c008cea 00012e23 sw               x0, 28(x2)           x2:10003158  PA:10003174
13602709ns          224617 1c008cec 00012623 sw               x0, 12(x2)           x2:10003158  PA:10003164
13603107ns          224637 1c008cee 02300913 addi             x18, x0, 35         x18=00000023
13603146ns          224639 1c008cf2 02d00a13 addi             x20, x0, 45         x20=0000002d
13603166ns          224640 1c008cf6 015009b3 add              x19, x0, x21        x19=1c000539 x21:1c000539
13603186ns          224641 1c008cf8 e1dff0ef jal              x1, -484             x1=1c008cfa
13604081ns          224686 1c008b14 00054783 lbu              x15, 0(x10)         x15=0000002d x10:1c0005f0  PA:1c0005f0
13604539ns          224709 1c008b18 0ff5f593 andi             x11, x11, 255       x11=00000064 x11:00000064
13604559ns          224710 1c008b1c 00b78c63 beq              x15, x11, 24        x15:0000002d x11:00000064
13604578ns          224711 1c008b20 00078b63 beq              x15, x0, 22         x15:0000002d
13604618ns          224713 1c008b22 00150793 addi             x15, x10, 1         x15=1c0005f1 x10:1c0005f0
13604638ns          224714 1c008b26 0040006f jal              x0, 4              
13604678ns          224716 1c008b2a 00f00533 add              x10, x0, x15        x10=1c0005f1 x15:1c0005f1
13604698ns          224717 1c008b2c 0017c70b p.lbu            x14, 1(x15!)        x14=0000002b x15=1c0005f2 x15:1c0005f1  PA:1c0005f1
13605294ns          224747 1c008b30 feb71ce3 bne              x14, x11, -8        x14:0000002b x11:00000064
13605354ns          224750 1c008b28 00070763 beq              x14, x0, 14         x14:0000002b
13605374ns          224751 1c008b2a 00f00533 add              x10, x0, x15        x10=1c0005f2 x15:1c0005f2
13605394ns          224752 1c008b2c 0017c70b p.lbu            x14, 1(x15!)        x14=00000020 x15=1c0005f3 x15:1c0005f2  PA:1c0005f2
13605712ns          224768 1c008b30 feb71ce3 bne              x14, x11, -8        x14:00000020 x11:00000064
13605811ns          224773 1c008b28 00070763 beq              x14, x0, 14         x14:00000020
13605831ns          224774 1c008b2a 00f00533 add              x10, x0, x15        x10=1c0005f3 x15:1c0005f3
13605851ns          224775 1c008b2c 0017c70b p.lbu            x14, 1(x15!)        x14=00000023 x15=1c0005f4 x15:1c0005f3  PA:1c0005f3
13606169ns          224791 1c008b30 feb71ce3 bne              x14, x11, -8        x14:00000023 x11:00000064
13606229ns          224794 1c008b28 00070763 beq              x14, x0, 14         x14:00000023
13606249ns          224795 1c008b2a 00f00533 add              x10, x0, x15        x10=1c0005f4 x15:1c0005f4
13606269ns          224796 1c008b2c 0017c70b p.lbu            x14, 1(x15!)        x14=00000030 x15=1c0005f5 x15:1c0005f4  PA:1c0005f4
13606587ns          224812 1c008b30 feb71ce3 bne              x14, x11, -8        x14:00000030 x11:00000064
13606647ns          224815 1c008b28 00070763 beq              x14, x0, 14         x14:00000030
13606667ns          224816 1c008b2a 00f00533 add              x10, x0, x15        x10=1c0005f5 x15:1c0005f5
13606687ns          224817 1c008b2c 0017c70b p.lbu            x14, 1(x15!)        x14=00000000 x15=1c0005f6 x15:1c0005f5  PA:1c0005f5
13607005ns          224833 1c008b30 feb71ce3 bne              x14, x11, -8        x14:00000000 x11:00000064
13607064ns          224836 1c008b28 00070763 beq              x14, x0, 14         x14:00000000
13607144ns          224840 1c008b36 0015b593 sltiu            x11, x11, 1         x11=00000000 x11:00000064
13607164ns          224841 1c008b3a 40b005b3 sub              x11, x0, x11        x11=00000000 x11:00000000
13607184ns          224842 1c008b3e 00b57533 and              x10, x10, x11       x10=00000000 x10:1c0005f5 x11:00000000
13607204ns          224843 1c008b40 00008067 jalr             x0, x1, 0            x1:1c008cfa
13607243ns          224845 1c008cfa 02050a63 beq              x10, x0, 52         x10:00000000
13608178ns          224892 1c008d2e 02a00613 addi             x12, x0, 42         x12=0000002a
13608218ns          224894 1c008d32 2ac48663 beq              x9, x12, 684         x9:00000064 x12:0000002a
13608238ns          224895 1c008d36 fd048613 addi             x12, x9, -48        x12=00000034  x9:00000064
13608258ns          224896 1c008d3a 00900593 addi             x11, x0, 9          x11=00000009
13608278ns          224897 1c008d3c 00000913 addi             x18, x0, 0          x18=00000000
13608715ns          224919 1c008d3e 28c5f063 bgeu             x11, x12, 640       x11:00000009 x12:00000034
13608755ns          224921 1c008d42 02e00693 addi             x13, x0, 46         x13=0000002e
13608775ns          224922 1c008d46 fff00a13 addi             x20, x0, -1         x20=ffffffff
13608795ns          224923 1c008d48 2ed48363 beq              x9, x13, 742         x9:00000064 x13:0000002e
13608815ns          224924 1c008d4c 1c0007b7 lui              x15, 0x1c000000     x15=1c000000
13609232ns          224945 1c008d50 009005b3 add              x11, x0, x9         x11=00000064  x9:00000064
13609272ns          224947 1c008d52 5f878513 addi             x10, x15, 1528      x10=1c0005f8 x15:1c000000
13609292ns          224948 1c008d56 dbfff0ef jal              x1, -578             x1=1c008d58
13609332ns          224950 1c008b14 00054783 lbu              x15, 0(x10)         x15=00000068 x10:1c0005f8  PA:1c0005f8
13609630ns          224965 1c008b18 0ff5f593 andi             x11, x11, 255       x11=00000064 x11:00000064
13609650ns          224966 1c008b1c 00b78c63 beq              x15, x11, 24        x15:00000068 x11:00000064
13609670ns          224967 1c008b20 00078b63 beq              x15, x0, 22         x15:00000068
13609690ns          224968 1c008b22 00150793 addi             x15, x10, 1         x15=1c0005f9 x10:1c0005f8
13609710ns          224969 1c008b26 0040006f jal              x0, 4              
13609749ns          224971 1c008b2a 00f00533 add              x10, x0, x15        x10=1c0005f9 x15:1c0005f9
13609769ns          224972 1c008b2c 0017c70b p.lbu            x14, 1(x15!)        x14=0000006c x15=1c0005fa x15:1c0005f9  PA:1c0005f9
13610087ns          224988 1c008b30 feb71ce3 bne              x14, x11, -8        x14:0000006c x11:00000064
13610147ns          224991 1c008b28 00070763 beq              x14, x0, 14         x14:0000006c
13610167ns          224992 1c008b2a 00f00533 add              x10, x0, x15        x10=1c0005fa x15:1c0005fa
13610187ns          224993 1c008b2c 0017c70b p.lbu            x14, 1(x15!)        x14=0000004c x15=1c0005fb x15:1c0005fa  PA:1c0005fa
13610505ns          225009 1c008b30 feb71ce3 bne              x14, x11, -8        x14:0000004c x11:00000064
13610565ns          225012 1c008b28 00070763 beq              x14, x0, 14         x14:0000004c
13610585ns          225013 1c008b2a 00f00533 add              x10, x0, x15        x10=1c0005fb x15:1c0005fb
13610604ns          225014 1c008b2c 0017c70b p.lbu            x14, 1(x15!)        x14=0000007a x15=1c0005fc x15:1c0005fb  PA:1c0005fb
13610923ns          225030 1c008b30 feb71ce3 bne              x14, x11, -8        x14:0000007a x11:00000064
13610982ns          225033 1c008b28 00070763 beq              x14, x0, 14         x14:0000007a
13611002ns          225034 1c008b2a 00f00533 add              x10, x0, x15        x10=1c0005fc x15:1c0005fc
13611022ns          225035 1c008b2c 0017c70b p.lbu            x14, 1(x15!)        x14=00000000 x15=1c0005fd x15:1c0005fc  PA:1c0005fc
13611440ns          225056 1c008b30 feb71ce3 bne              x14, x11, -8        x14:00000000 x11:00000064
13611499ns          225059 1c008b28 00070763 beq              x14, x0, 14         x14:00000000
13611579ns          225063 1c008b36 0015b593 sltiu            x11, x11, 1         x11=00000000 x11:00000064
13611599ns          225064 1c008b3a 40b005b3 sub              x11, x0, x11        x11=00000000 x11:00000000
13611619ns          225065 1c008b3e 00b57533 and              x10, x10, x11       x10=00000000 x10:1c0005fc x11:00000000
13611639ns          225066 1c008b40 00008067 jalr             x0, x1, 0            x1:1c008d58
13611678ns          225068 1c008d58 01300433 add              x8, x0, x19          x8=1c000539 x19:1c000539
13611698ns          225069 1c008d5a 00050563 beq              x10, x0, 10         x10:00000000
13612076ns          225088 1c008d64 06700693 addi             x13, x0, 103        x13=00000067
13612096ns          225089 1c008d68 2896d963 bge              x13, x9, 658        x13:00000067  x9:00000064
13613190ns          225144 1c008ffa 06500693 addi             x13, x0, 101        x13=00000065
13613627ns          225166 1c008ffe 12d4d563 bge              x9, x13, 298         x9:00000064 x13:00000065
13613667ns          225168 1c009002 04700693 addi             x13, x0, 71         x13=00000047
13613687ns          225169 1c009006 dc96cbe3 blt              x13, x9, -554       x13:00000047  x9:00000064
13614602ns          225215 1c008ddc 06300693 addi             x13, x0, 99         x13=00000063
13615059ns          225238 1c008de0 0ad488e3 beq              x9, x13, 2224        x9:00000064 x13:00000063
13615099ns          225240 1c008de4 0096c9e3 blt              x13, x9, 2066       x13:00000063  x9:00000064
13615616ns          225266 1c0095f6 000c2583 lw               x11, 0(x24)         x11=00000000 x24:100032ac  PA:100032ac
13615636ns          225267 1c0095fa 004c0c13 addi             x24, x24, 4         x24=100032b0 x24:100032ac
13615656ns          225268 1c0095fc 3405cc63 blt              x11, x0, 856        x11:00000000
13616074ns          225289 1c009600 01412603 lw               x12, 20(x2)         x12=00000000  x2:10003158  PA:1000316c
13616094ns          225290 1c009602 00b006b3 add              x13, x0, x11        x13=00000000 x11:00000000
13616113ns          225291 1c009604 2e061863 bne              x12, x0, 752        x12:00000000
13616133ns          225292 1c009608 01812703 lw               x14, 24(x2)         x14=00000000  x2:10003158  PA:10003170
13616153ns          225293 1c00960a 019007b3 add              x15, x0, x25        x15=1000317c x25:1000317c
13616173ns          225294 1c00960c 00070763 beq              x14, x0, 14         x14:00000000
13616650ns          225318 1c00961a 00f00733 add              x14, x0, x15        x14=1000317c x15:1000317c
13616670ns          225319 1c00961c 00a00513 addi             x10, x0, 10         x10=0000000a
13617108ns          225341 1c00961e 02a6f633 remu             x12, x13, x10       x12=00000000 x13:00000000 x10:0000000a
13617744ns          225373 1c009622 02a6d6b3 divu             x13, x13, x10       x13=00000000 x13:00000000 x10:0000000a
13618361ns          225404 1c009626 03060613 addi             x12, x12, 48        x12=00000030 x12:00000000
13618381ns          225405 1c00962a 00c700ab p.sb             x12, 1(x14!)        x14=1000317d x12:00000030 x14:1000317c  PA:1000317c
13618401ns          225406 1c00962e fe0698e3 bne              x13, x0, -16        x13:00000000
13618420ns          225407 1c009630 40f706b3 sub              x13, x14, x15       x13=00000001 x14:1000317d x15:1000317c
13618440ns          225408 1c009634 0146dc63 bge              x13, x20, 24        x13:00000001 x20:ffffffff
13618938ns          225433 1c00964c 00e006b3 add              x13, x0, x14        x13=1000317d x14:1000317d
13619395ns          225456 1c00964e fe068fab p.sb             x0, -1(x13!)        x13=1000317c x13:1000317d  PA:1000317d
13619435ns          225458 1c009652 00d7fc63 bgeu             x15, x13, 24        x15:1000317c x13:1000317c
13619912ns          225482 1c00966a 01412783 lw               x15, 20(x2)         x15=00000000  x2:10003158  PA:1000316c
13619952ns          225484 1c00966c 01812603 lw               x12, 24(x2)         x12=00000000  x2:10003158  PA:10003170
13620389ns          225506 1c00966e 419704b3 sub              x9, x14, x25         x9=00000001 x14:1000317d x25:1000317c
13620409ns          225507 1c009672 00c7e7b3 or               x15, x15, x12       x15=00000000 x15:00000000 x12:00000000
13620429ns          225508 1c009674 00f12623 sw               x15, 12(x2)         x15:00000000  x2:10003158  PA:10003164
13620469ns          225510 1c009676 00079363 bne              x15, x0, 6          x15:00000000
13620489ns          225511 1c009678 01f5d593 srli             x11, x11, 0x1f      x11=00000000 x11:00000000
13620509ns          225512 1c00967a 00b12623 sw               x11, 12(x2)         x11:00000000  x2:10003158  PA:10003164
13620588ns          225516 1c00967c e3fa28e3 p.beqimm         x20, -464           x20:ffffffff
13621364ns          225555 1c0094ac 0c800793 addi             x15, x0, 200        x15=000000c8
13621841ns          225579 1c0094b0 9e97d0e3 bge              x15, x9, -1568      x15:000000c8  x9:00000001
13622319ns          225603 1c008e90 0f24d163 bge              x9, x18, 226         x9:00000001 x18:00000000
13622836ns          225629 1c008f72 d00482e3 beq              x9, x0, -764         x9:00000001
13622855ns          225630 1c008f76 01900933 add              x18, x0, x25        x18=1000317c x25:1000317c
13622875ns          225631 1c008f78 419d8db3 sub              x27, x27, x25       x27=efffce9f x27:0000001b x25:1000317c
13622895ns          225632 1c008f7c 00a0006f jal              x0, 10             
13623392ns          225657 1c008f86 0019450b p.lbu            x10, 1(x18!)        x10=00000030 x18=1000317d x18:1000317c  PA:1000317c
13623412ns          225658 1c008f8a 01a005b3 add              x11, x0, x26        x11=00000002 x26:00000002
13623432ns          225659 1c008f8c 000b00e7 jalr             x1, x22, 0           x1=1c008f8e x22:1c008b94
13623890ns          225682 1c008b94 000026b7 lui              x13, 0x2000         x13=00002000
13623910ns          225683 1c008b96 f14027f3 csrrs            x15, x0, 0xf14      x15=00000006
13623929ns          225684 1c008b9a f8068693 addi             x13, x13, -128      x13=00001f80 x13:00002000
13623949ns          225685 1c008b9e 00379713 slli             x14, x15, 0x3       x14=00000030 x15:00000006
13623969ns          225686 1c008ba2 00279793 slli             x15, x15, 0x2       x15=00000018 x15:00000006
13623989ns          225687 1c008ba4 00d7f7b3 and              x15, x15, x13       x15=00000000 x15:00000018 x13:00001f80
13624009ns          225688 1c008ba6 ee873733 p.bclr           x14, x14, 23, 8     x14=00000030 x14:00000030
13624029ns          225689 1c008baa 1a10f6b7 lui              x13, 0x1a10f000     x13=1a10f000
13624069ns          225691 1c008bae 0ff57513 andi             x10, x10, 255       x10=00000030 x10:00000030
13624089ns          225692 1c008bb2 00d70733 add              x14, x14, x13       x14=1a10f030 x14:00000030 x13:1a10f000
13624108ns          225693 1c008bb4 00a7e723 p.sw             x10, x0(x15)        x10:00000030 x15:00000000  PA:1a10f030
13624765ns          225726 1c008bb8 00000513 addi             x10, x0, 0          x10=00000000
13624785ns          225727 1c008bba 00008067 jalr             x0, x1, 0            x1:1c008f8e
13624824ns          225729 1c008f8e fff48493 addi             x9, x9, -1           x9=00000000  x9:00000001
13624844ns          225730 1c008f90 fff537e3 p.bneimm         x10, -18            x10:00000000
13624924ns          225734 1c008f7e 012d8733 add              x14, x27, x18       x14=0000001c x27:efffce9f x18:1000317d
13624944ns          225735 1c008f82 5a048b63 beq              x9, x0, 1462         x9:00000000
13625103ns          225743 1c009538 00e00db3 add              x27, x0, x14        x27=0000001c x14:0000001c
13625143ns          225745 1c00953a f3cff06f jal              x0, -2244          
13625699ns          225773 1c008c76 00044503 lbu              x10, 0(x8)          x10=00000020  x8:1c000539  PA:1c000539
13625998ns          225788 1c008c7a 00140413 addi             x8, x8, 1            x8=1c00053a  x8:1c000539
13626018ns          225789 1c008c7c 00050e63 beq              x10, x0, 28         x10:00000020
13626038ns          225790 1c008c7e 02500793 addi             x15, x0, 37         x15=00000025
13626057ns          225791 1c008c82 04f50863 beq              x10, x15, 80        x10:00000020 x15:00000025
13626077ns          225792 1c008c86 01a005b3 add              x11, x0, x26        x11=00000002 x26:00000002
13626097ns          225793 1c008c88 000b00e7 jalr             x1, x22, 0           x1=1c008c8a x22:1c008b94
13626197ns          225798 1c008b94 000026b7 lui              x13, 0x2000         x13=00002000
13626217ns          225799 1c008b96 f14027f3 csrrs            x15, x0, 0xf14      x15=00000006
13626236ns          225800 1c008b9a f8068693 addi             x13, x13, -128      x13=00001f80 x13:00002000
13626256ns          225801 1c008b9e 00379713 slli             x14, x15, 0x3       x14=00000030 x15:00000006
13626276ns          225802 1c008ba2 00279793 slli             x15, x15, 0x2       x15=00000018 x15:00000006
13626296ns          225803 1c008ba4 00d7f7b3 and              x15, x15, x13       x15=00000000 x15:00000018 x13:00001f80
13626316ns          225804 1c008ba6 ee873733 p.bclr           x14, x14, 23, 8     x14=00000030 x14:00000030
13626336ns          225805 1c008baa 1a10f6b7 lui              x13, 0x1a10f000     x13=1a10f000
13626356ns          225806 1c008bae 0ff57513 andi             x10, x10, 255       x10=00000020 x10:00000020
13626376ns          225807 1c008bb2 00d70733 add              x14, x14, x13       x14=1a10f030 x14:00000030 x13:1a10f000
13626396ns          225808 1c008bb4 00a7e723 p.sw             x10, x0(x15)        x10:00000020 x15:00000000  PA:1a10f030
13627072ns          225842 1c008bb8 00000513 addi             x10, x0, 0          x10=00000000
13627092ns          225843 1c008bba 00008067 jalr             x0, x1, 0            x1:1c008c8a
13627151ns          225846 1c008c8a 31f52563 p.beqimm         x10, 778            x10:00000000
13627171ns          225847 1c008c8e 001d8d93 addi             x27, x27, 1         x27=0000001d x27:0000001c
13627191ns          225848 1c008c90 00044503 lbu              x10, 0(x8)          x10=00000063  x8:1c00053a  PA:1c00053a
13627489ns          225863 1c008c94 00140413 addi             x8, x8, 1            x8=1c00053b  x8:1c00053a
13627509ns          225864 1c008c96 fe0514e3 bne              x10, x0, -24        x10:00000063
13627589ns          225868 1c008c7e 02500793 addi             x15, x0, 37         x15=00000025
13627609ns          225869 1c008c82 04f50863 beq              x10, x15, 80        x10:00000063 x15:00000025
13627629ns          225870 1c008c86 01a005b3 add              x11, x0, x26        x11=00000002 x26:00000002
13627648ns          225871 1c008c88 000b00e7 jalr             x1, x22, 0           x1=1c008c8a x22:1c008b94
13627688ns          225873 1c008b94 000026b7 lui              x13, 0x2000         x13=00002000
13627708ns          225874 1c008b96 f14027f3 csrrs            x15, x0, 0xf14      x15=00000006
13627728ns          225875 1c008b9a f8068693 addi             x13, x13, -128      x13=00001f80 x13:00002000
13627788ns          225878 1c008b9e 00379713 slli             x14, x15, 0x3       x14=00000030 x15:00000006
13627808ns          225879 1c008ba2 00279793 slli             x15, x15, 0x2       x15=00000018 x15:00000006
13627827ns          225880 1c008ba4 00d7f7b3 and              x15, x15, x13       x15=00000000 x15:00000018 x13:00001f80
13627847ns          225881 1c008ba6 ee873733 p.bclr           x14, x14, 23, 8     x14=00000030 x14:00000030
13627867ns          225882 1c008baa 1a10f6b7 lui              x13, 0x1a10f000     x13=1a10f000
13627887ns          225883 1c008bae 0ff57513 andi             x10, x10, 255       x10=00000063 x10:00000063
13627907ns          225884 1c008bb2 00d70733 add              x14, x14, x13       x14=1a10f030 x14:00000030 x13:1a10f000
13627927ns          225885 1c008bb4 00a7e723 p.sw             x10, x0(x15)        x10:00000063 x15:00000000  PA:1a10f030
13628265ns          225902 1c008bb8 00000513 addi             x10, x0, 0          x10=00000000
13628285ns          225903 1c008bba 00008067 jalr             x0, x1, 0            x1:1c008c8a
13628345ns          225906 1c008c8a 31f52563 p.beqimm         x10, 778            x10:00000000
13628364ns          225907 1c008c8e 001d8d93 addi             x27, x27, 1         x27=0000001e x27:0000001d
13628384ns          225908 1c008c90 00044503 lbu              x10, 0(x8)          x10=0000006f  x8:1c00053b  PA:1c00053b
13628683ns          225923 1c008c94 00140413 addi             x8, x8, 1            x8=1c00053c  x8:1c00053b
13628703ns          225924 1c008c96 fe0514e3 bne              x10, x0, -24        x10:0000006f
13628782ns          225928 1c008c7e 02500793 addi             x15, x0, 37         x15=00000025
13628802ns          225929 1c008c82 04f50863 beq              x10, x15, 80        x10:0000006f x15:00000025
13628822ns          225930 1c008c86 01a005b3 add              x11, x0, x26        x11=00000002 x26:00000002
13628842ns          225931 1c008c88 000b00e7 jalr             x1, x22, 0           x1=1c008c8a x22:1c008b94
13628882ns          225933 1c008b94 000026b7 lui              x13, 0x2000         x13=00002000
13628901ns          225934 1c008b96 f14027f3 csrrs            x15, x0, 0xf14      x15=00000006
13628921ns          225935 1c008b9a f8068693 addi             x13, x13, -128      x13=00001f80 x13:00002000
13628941ns          225936 1c008b9e 00379713 slli             x14, x15, 0x3       x14=00000030 x15:00000006
13628961ns          225937 1c008ba2 00279793 slli             x15, x15, 0x2       x15=00000018 x15:00000006
13628981ns          225938 1c008ba4 00d7f7b3 and              x15, x15, x13       x15=00000000 x15:00000018 x13:00001f80
13629001ns          225939 1c008ba6 ee873733 p.bclr           x14, x14, 23, 8     x14=00000030 x14:00000030
13629021ns          225940 1c008baa 1a10f6b7 lui              x13, 0x1a10f000     x13=1a10f000
13629041ns          225941 1c008bae 0ff57513 andi             x10, x10, 255       x10=0000006f x10:0000006f
13629061ns          225942 1c008bb2 00d70733 add              x14, x14, x13       x14=1a10f030 x14:00000030 x13:1a10f000
13629080ns          225943 1c008bb4 00a7e723 p.sw             x10, x0(x15)        x10:0000006f x15:00000000  PA:1a10f030
13629399ns          225959 1c008bb8 00000513 addi             x10, x0, 0          x10=00000000
13629419ns          225960 1c008bba 00008067 jalr             x0, x1, 0            x1:1c008c8a
13629478ns          225963 1c008c8a 31f52563 p.beqimm         x10, 778            x10:00000000
13629498ns          225964 1c008c8e 001d8d93 addi             x27, x27, 1         x27=0000001f x27:0000001e
13629518ns          225965 1c008c90 00044503 lbu              x10, 0(x8)          x10=00000072  x8:1c00053c  PA:1c00053c
13629816ns          225980 1c008c94 00140413 addi             x8, x8, 1            x8=1c00053d  x8:1c00053c
13629836ns          225981 1c008c96 fe0514e3 bne              x10, x0, -24        x10:00000072
13629916ns          225985 1c008c7e 02500793 addi             x15, x0, 37         x15=00000025
13629936ns          225986 1c008c82 04f50863 beq              x10, x15, 80        x10:00000072 x15:00000025
13629956ns          225987 1c008c86 01a005b3 add              x11, x0, x26        x11=00000002 x26:00000002
13629975ns          225988 1c008c88 000b00e7 jalr             x1, x22, 0           x1=1c008c8a x22:1c008b94
13630015ns          225990 1c008b94 000026b7 lui              x13, 0x2000         x13=00002000
13630035ns          225991 1c008b96 f14027f3 csrrs            x15, x0, 0xf14      x15=00000006
13630055ns          225992 1c008b9a f8068693 addi             x13, x13, -128      x13=00001f80 x13:00002000
13630075ns          225993 1c008b9e 00379713 slli             x14, x15, 0x3       x14=00000030 x15:00000006
13630095ns          225994 1c008ba2 00279793 slli             x15, x15, 0x2       x15=00000018 x15:00000006
13630115ns          225995 1c008ba4 00d7f7b3 and              x15, x15, x13       x15=00000000 x15:00000018 x13:00001f80
13630134ns          225996 1c008ba6 ee873733 p.bclr           x14, x14, 23, 8     x14=00000030 x14:00000030
13630154ns          225997 1c008baa 1a10f6b7 lui              x13, 0x1a10f000     x13=1a10f000
13630174ns          225998 1c008bae 0ff57513 andi             x10, x10, 255       x10=00000072 x10:00000072
13630194ns          225999 1c008bb2 00d70733 add              x14, x14, x13       x14=1a10f030 x14:00000030 x13:1a10f000
13630214ns          226000 1c008bb4 00a7e723 p.sw             x10, x0(x15)        x10:00000072 x15:00000000  PA:1a10f030
13630572ns          226018 1c008bb8 00000513 addi             x10, x0, 0          x10=00000000
13630592ns          226019 1c008bba 00008067 jalr             x0, x1, 0            x1:1c008c8a
13630652ns          226022 1c008c8a 31f52563 p.beqimm         x10, 778            x10:00000000
13630671ns          226023 1c008c8e 001d8d93 addi             x27, x27, 1         x27=00000020 x27:0000001f
13630691ns          226024 1c008c90 00044503 lbu              x10, 0(x8)          x10=00000065  x8:1c00053d  PA:1c00053d
13630990ns          226039 1c008c94 00140413 addi             x8, x8, 1            x8=1c00053e  x8:1c00053d
13631010ns          226040 1c008c96 fe0514e3 bne              x10, x0, -24        x10:00000065
13631089ns          226044 1c008c7e 02500793 addi             x15, x0, 37         x15=00000025
13631109ns          226045 1c008c82 04f50863 beq              x10, x15, 80        x10:00000065 x15:00000025
13631129ns          226046 1c008c86 01a005b3 add              x11, x0, x26        x11=00000002 x26:00000002
13631149ns          226047 1c008c88 000b00e7 jalr             x1, x22, 0           x1=1c008c8a x22:1c008b94
13631189ns          226049 1c008b94 000026b7 lui              x13, 0x2000         x13=00002000
13631208ns          226050 1c008b96 f14027f3 csrrs            x15, x0, 0xf14      x15=00000006
13631228ns          226051 1c008b9a f8068693 addi             x13, x13, -128      x13=00001f80 x13:00002000
13631248ns          226052 1c008b9e 00379713 slli             x14, x15, 0x3       x14=00000030 x15:00000006
13631268ns          226053 1c008ba2 00279793 slli             x15, x15, 0x2       x15=00000018 x15:00000006
13631288ns          226054 1c008ba4 00d7f7b3 and              x15, x15, x13       x15=00000000 x15:00000018 x13:00001f80
13631308ns          226055 1c008ba6 ee873733 p.bclr           x14, x14, 23, 8     x14=00000030 x14:00000030
13631328ns          226056 1c008baa 1a10f6b7 lui              x13, 0x1a10f000     x13=1a10f000
13631348ns          226057 1c008bae 0ff57513 andi             x10, x10, 255       x10=00000065 x10:00000065
13631368ns          226058 1c008bb2 00d70733 add              x14, x14, x13       x14=1a10f030 x14:00000030 x13:1a10f000
13631387ns          226059 1c008bb4 00a7e723 p.sw             x10, x0(x15)        x10:00000065 x15:00000000  PA:1a10f030
13631726ns          226076 1c008bb8 00000513 addi             x10, x0, 0          x10=00000000
13631745ns          226077 1c008bba 00008067 jalr             x0, x1, 0            x1:1c008c8a
13631805ns          226080 1c008c8a 31f52563 p.beqimm         x10, 778            x10:00000000
13631825ns          226081 1c008c8e 001d8d93 addi             x27, x27, 1         x27=00000021 x27:00000020
13631845ns          226082 1c008c90 00044503 lbu              x10, 0(x8)          x10=00000020  x8:1c00053e  PA:1c00053e
13632143ns          226097 1c008c94 00140413 addi             x8, x8, 1            x8=1c00053f  x8:1c00053e
13632163ns          226098 1c008c96 fe0514e3 bne              x10, x0, -24        x10:00000020
13632243ns          226102 1c008c7e 02500793 addi             x15, x0, 37         x15=00000025
13632263ns          226103 1c008c82 04f50863 beq              x10, x15, 80        x10:00000020 x15:00000025
13632282ns          226104 1c008c86 01a005b3 add              x11, x0, x26        x11=00000002 x26:00000002
13632302ns          226105 1c008c88 000b00e7 jalr             x1, x22, 0           x1=1c008c8a x22:1c008b94
13632342ns          226107 1c008b94 000026b7 lui              x13, 0x2000         x13=00002000
13632362ns          226108 1c008b96 f14027f3 csrrs            x15, x0, 0xf14      x15=00000006
13632382ns          226109 1c008b9a f8068693 addi             x13, x13, -128      x13=00001f80 x13:00002000
13632402ns          226110 1c008b9e 00379713 slli             x14, x15, 0x3       x14=00000030 x15:00000006
13632422ns          226111 1c008ba2 00279793 slli             x15, x15, 0x2       x15=00000018 x15:00000006
13632442ns          226112 1c008ba4 00d7f7b3 and              x15, x15, x13       x15=00000000 x15:00000018 x13:00001f80
13632461ns          226113 1c008ba6 ee873733 p.bclr           x14, x14, 23, 8     x14=00000030 x14:00000030
13632481ns          226114 1c008baa 1a10f6b7 lui              x13, 0x1a10f000     x13=1a10f000
13632501ns          226115 1c008bae 0ff57513 andi             x10, x10, 255       x10=00000020 x10:00000020
13632521ns          226116 1c008bb2 00d70733 add              x14, x14, x13       x14=1a10f030 x14:00000030 x13:1a10f000
13632541ns          226117 1c008bb4 00a7e723 p.sw             x10, x0(x15)        x10:00000020 x15:00000000  PA:1a10f030
13632879ns          226134 1c008bb8 00000513 addi             x10, x0, 0          x10=00000000
13632899ns          226135 1c008bba 00008067 jalr             x0, x1, 0            x1:1c008c8a
13632959ns          226138 1c008c8a 31f52563 p.beqimm         x10, 778            x10:00000000
13632978ns          226139 1c008c8e 001d8d93 addi             x27, x27, 1         x27=00000022 x27:00000021
13632998ns          226140 1c008c90 00044503 lbu              x10, 0(x8)          x10=00000025  x8:1c00053f  PA:1c00053f
13633297ns          226155 1c008c94 00140413 addi             x8, x8, 1            x8=1c000540  x8:1c00053f
13633317ns          226156 1c008c96 fe0514e3 bne              x10, x0, -24        x10:00000025
13633396ns          226160 1c008c7e 02500793 addi             x15, x0, 37         x15=00000025
13633416ns          226161 1c008c82 04f50863 beq              x10, x15, 80        x10:00000025 x15:00000025
13633555ns          226168 1c008cd2 00044483 lbu              x9, 0(x8)            x9=00000064  x8:1c000540  PA:1c000540
13633854ns          226183 1c008cd6 02000693 addi             x13, x0, 32         x13=00000020
13633873ns          226184 1c008cda 00140a93 addi             x21, x8, 1          x21=1c000541  x8:1c000540
13633893ns          226185 1c008cde 009005b3 add              x11, x0, x9         x11=00000064  x9:00000064
13633913ns          226186 1c008ce0 5f0b8513 addi             x10, x23, 1520      x10=1c0005f0 x23:1c000000
13633933ns          226187 1c008ce4 00d12823 sw               x13, 16(x2)         x13:00000020  x2:10003158  PA:10003168
13633953ns          226188 1c008ce6 00012c23 sw               x0, 24(x2)           x2:10003158  PA:10003170
13633973ns          226189 1c008ce8 00012a23 sw               x0, 20(x2)           x2:10003158  PA:1000316c
13633993ns          226190 1c008cea 00012e23 sw               x0, 28(x2)           x2:10003158  PA:10003174
13634013ns          226191 1c008cec 00012623 sw               x0, 12(x2)           x2:10003158  PA:10003164
13634033ns          226192 1c008cee 02300913 addi             x18, x0, 35         x18=00000023
13634052ns          226193 1c008cf2 02d00a13 addi             x20, x0, 45         x20=0000002d
13634072ns          226194 1c008cf6 015009b3 add              x19, x0, x21        x19=1c000541 x21:1c000541
13634092ns          226195 1c008cf8 e1dff0ef jal              x1, -484             x1=1c008cfa
13634231ns          226202 1c008b14 00054783 lbu              x15, 0(x10)         x15=0000002d x10:1c0005f0  PA:1c0005f0
13634550ns          226218 1c008b18 0ff5f593 andi             x11, x11, 255       x11=00000064 x11:00000064
13634570ns          226219 1c008b1c 00b78c63 beq              x15, x11, 24        x15:0000002d x11:00000064
13634589ns          226220 1c008b20 00078b63 beq              x15, x0, 22         x15:0000002d
13634609ns          226221 1c008b22 00150793 addi             x15, x10, 1         x15=1c0005f1 x10:1c0005f0
13634629ns          226222 1c008b26 0040006f jal              x0, 4              
13634729ns          226227 1c008b2a 00f00533 add              x10, x0, x15        x10=1c0005f1 x15:1c0005f1
13634749ns          226228 1c008b2c 0017c70b p.lbu            x14, 1(x15!)        x14=0000002b x15=1c0005f2 x15:1c0005f1  PA:1c0005f1
13635067ns          226244 1c008b30 feb71ce3 bne              x14, x11, -8        x14:0000002b x11:00000064
13635126ns          226247 1c008b28 00070763 beq              x14, x0, 14         x14:0000002b
13635146ns          226248 1c008b2a 00f00533 add              x10, x0, x15        x10=1c0005f2 x15:1c0005f2
13635166ns          226249 1c008b2c 0017c70b p.lbu            x14, 1(x15!)        x14=00000020 x15=1c0005f3 x15:1c0005f2  PA:1c0005f2
13635484ns          226265 1c008b30 feb71ce3 bne              x14, x11, -8        x14:00000020 x11:00000064
13635544ns          226268 1c008b28 00070763 beq              x14, x0, 14         x14:00000020
13635564ns          226269 1c008b2a 00f00533 add              x10, x0, x15        x10=1c0005f3 x15:1c0005f3
13635584ns          226270 1c008b2c 0017c70b p.lbu            x14, 1(x15!)        x14=00000023 x15=1c0005f4 x15:1c0005f3  PA:1c0005f3
13635902ns          226286 1c008b30 feb71ce3 bne              x14, x11, -8        x14:00000023 x11:00000064
13635962ns          226289 1c008b28 00070763 beq              x14, x0, 14         x14:00000023
13635982ns          226290 1c008b2a 00f00533 add              x10, x0, x15        x10=1c0005f4 x15:1c0005f4
13636001ns          226291 1c008b2c 0017c70b p.lbu            x14, 1(x15!)        x14=00000030 x15=1c0005f5 x15:1c0005f4  PA:1c0005f4
13636340ns          226308 1c008b30 feb71ce3 bne              x14, x11, -8        x14:00000030 x11:00000064
13636399ns          226311 1c008b28 00070763 beq              x14, x0, 14         x14:00000030
13636419ns          226312 1c008b2a 00f00533 add              x10, x0, x15        x10=1c0005f5 x15:1c0005f5
13636439ns          226313 1c008b2c 0017c70b p.lbu            x14, 1(x15!)        x14=00000000 x15=1c0005f6 x15:1c0005f5  PA:1c0005f5
13636757ns          226329 1c008b30 feb71ce3 bne              x14, x11, -8        x14:00000000 x11:00000064
13636817ns          226332 1c008b28 00070763 beq              x14, x0, 14         x14:00000000
13636896ns          226336 1c008b36 0015b593 sltiu            x11, x11, 1         x11=00000000 x11:00000064
13636916ns          226337 1c008b3a 40b005b3 sub              x11, x0, x11        x11=00000000 x11:00000000
13636936ns          226338 1c008b3e 00b57533 and              x10, x10, x11       x10=00000000 x10:1c0005f5 x11:00000000
13636956ns          226339 1c008b40 00008067 jalr             x0, x1, 0            x1:1c008cfa
13636996ns          226341 1c008cfa 02050a63 beq              x10, x0, 52         x10:00000000
13637115ns          226347 1c008d2e 02a00613 addi             x12, x0, 42         x12=0000002a
13637155ns          226349 1c008d32 2ac48663 beq              x9, x12, 684         x9:00000064 x12:0000002a
13637175ns          226350 1c008d36 fd048613 addi             x12, x9, -48        x12=00000034  x9:00000064
13637195ns          226351 1c008d3a 00900593 addi             x11, x0, 9          x11=00000009
13637215ns          226352 1c008d3c 00000913 addi             x18, x0, 0          x18=00000000
13637254ns          226354 1c008d3e 28c5f063 bgeu             x11, x12, 640       x11:00000009 x12:00000034
13637294ns          226356 1c008d42 02e00693 addi             x13, x0, 46         x13=0000002e
13637314ns          226357 1c008d46 fff00a13 addi             x20, x0, -1         x20=ffffffff
13637334ns          226358 1c008d48 2ed48363 beq              x9, x13, 742         x9:00000064 x13:0000002e
13637354ns          226359 1c008d4c 1c0007b7 lui              x15, 0x1c000000     x15=1c000000
13637374ns          226360 1c008d50 009005b3 add              x11, x0, x9         x11=00000064  x9:00000064
13637394ns          226361 1c008d52 5f878513 addi             x10, x15, 1528      x10=1c0005f8 x15:1c000000
13637414ns          226362 1c008d56 dbfff0ef jal              x1, -578             x1=1c008d58
13637513ns          226367 1c008b14 00054783 lbu              x15, 0(x10)         x15=00000068 x10:1c0005f8  PA:1c0005f8
13637811ns          226382 1c008b18 0ff5f593 andi             x11, x11, 255       x11=00000064 x11:00000064
13637831ns          226383 1c008b1c 00b78c63 beq              x15, x11, 24        x15:00000068 x11:00000064
13637851ns          226384 1c008b20 00078b63 beq              x15, x0, 22         x15:00000068
13637871ns          226385 1c008b22 00150793 addi             x15, x10, 1         x15=1c0005f9 x10:1c0005f8
13637891ns          226386 1c008b26 0040006f jal              x0, 4              
13637931ns          226388 1c008b2a 00f00533 add              x10, x0, x15        x10=1c0005f9 x15:1c0005f9
13637950ns          226389 1c008b2c 0017c70b p.lbu            x14, 1(x15!)        x14=0000006c x15=1c0005fa x15:1c0005f9  PA:1c0005f9
13638269ns          226405 1c008b30 feb71ce3 bne              x14, x11, -8        x14:0000006c x11:00000064
13638328ns          226408 1c008b28 00070763 beq              x14, x0, 14         x14:0000006c
13638348ns          226409 1c008b2a 00f00533 add              x10, x0, x15        x10=1c0005fa x15:1c0005fa
13638368ns          226410 1c008b2c 0017c70b p.lbu            x14, 1(x15!)        x14=0000004c x15=1c0005fb x15:1c0005fa  PA:1c0005fa
13638686ns          226426 1c008b30 feb71ce3 bne              x14, x11, -8        x14:0000004c x11:00000064
13638746ns          226429 1c008b28 00070763 beq              x14, x0, 14         x14:0000004c
13638766ns          226430 1c008b2a 00f00533 add              x10, x0, x15        x10=1c0005fb x15:1c0005fb
13638786ns          226431 1c008b2c 0017c70b p.lbu            x14, 1(x15!)        x14=0000007a x15=1c0005fc x15:1c0005fb  PA:1c0005fb
13639184ns          226451 1c008b30 feb71ce3 bne              x14, x11, -8        x14:0000007a x11:00000064
13639243ns          226454 1c008b28 00070763 beq              x14, x0, 14         x14:0000007a
13639263ns          226455 1c008b2a 00f00533 add              x10, x0, x15        x10=1c0005fc x15:1c0005fc
13639283ns          226456 1c008b2c 0017c70b p.lbu            x14, 1(x15!)        x14=00000000 x15=1c0005fd x15:1c0005fc  PA:1c0005fc
13639601ns          226472 1c008b30 feb71ce3 bne              x14, x11, -8        x14:00000000 x11:00000064
13639661ns          226475 1c008b28 00070763 beq              x14, x0, 14         x14:00000000
13639740ns          226479 1c008b36 0015b593 sltiu            x11, x11, 1         x11=00000000 x11:00000064
13639760ns          226480 1c008b3a 40b005b3 sub              x11, x0, x11        x11=00000000 x11:00000000
13639780ns          226481 1c008b3e 00b57533 and              x10, x10, x11       x10=00000000 x10:1c0005fc x11:00000000
13639800ns          226482 1c008b40 00008067 jalr             x0, x1, 0            x1:1c008d58
13639840ns          226484 1c008d58 01300433 add              x8, x0, x19          x8=1c000541 x19:1c000541
13639860ns          226485 1c008d5a 00050563 beq              x10, x0, 10         x10:00000000
13639919ns          226488 1c008d64 06700693 addi             x13, x0, 103        x13=00000067
13639939ns          226489 1c008d68 2896d963 bge              x13, x9, 658        x13:00000067  x9:00000064
13640019ns          226493 1c008ffa 06500693 addi             x13, x0, 101        x13=00000065
13640039ns          226494 1c008ffe 12d4d563 bge              x9, x13, 298         x9:00000064 x13:00000065
13640059ns          226495 1c009002 04700693 addi             x13, x0, 71         x13=00000047
13640078ns          226496 1c009006 dc96cbe3 blt              x13, x9, -554       x13:00000047  x9:00000064
13640198ns          226502 1c008ddc 06300693 addi             x13, x0, 99         x13=00000063
13640218ns          226503 1c008de0 0ad488e3 beq              x9, x13, 2224        x9:00000064 x13:00000063
13640238ns          226504 1c008de4 0096c9e3 blt              x13, x9, 2066       x13:00000063  x9:00000064
13640377ns          226511 1c0095f6 000c2583 lw               x11, 0(x24)         x11=00000006 x24:100032b0  PA:100032b0
13640417ns          226513 1c0095fa 004c0c13 addi             x24, x24, 4         x24=100032b4 x24:100032b0
13640436ns          226514 1c0095fc 3405cc63 blt              x11, x0, 856        x11:00000006
13640456ns          226515 1c009600 01412603 lw               x12, 20(x2)         x12=00000000  x2:10003158  PA:1000316c
13640476ns          226516 1c009602 00b006b3 add              x13, x0, x11        x13=00000006 x11:00000006
13640496ns          226517 1c009604 2e061863 bne              x12, x0, 752        x12:00000000
13640516ns          226518 1c009608 01812703 lw               x14, 24(x2)         x14=00000000  x2:10003158  PA:10003170
13640536ns          226519 1c00960a 019007b3 add              x15, x0, x25        x15=1000317c x25:1000317c
13640556ns          226520 1c00960c 00070763 beq              x14, x0, 14         x14:00000000
13640635ns          226524 1c00961a 00f00733 add              x14, x0, x15        x14=1000317c x15:1000317c
13640655ns          226525 1c00961c 00a00513 addi             x10, x0, 10         x10=0000000a
13640715ns          226528 1c00961e 02a6f633 remu             x12, x13, x10       x12=00000006 x13:00000006 x10:0000000a
13641351ns          226560 1c009622 02a6d6b3 divu             x13, x13, x10       x13=00000000 x13:00000006 x10:0000000a
13641968ns          226591 1c009626 03060613 addi             x12, x12, 48        x12=00000036 x12:00000006
13641988ns          226592 1c00962a 00c700ab p.sb             x12, 1(x14!)        x14=1000317d x12:00000036 x14:1000317c  PA:1000317c
13642008ns          226593 1c00962e fe0698e3 bne              x13, x0, -16        x13:00000000
13642028ns          226594 1c009630 40f706b3 sub              x13, x14, x15       x13=00000001 x14:1000317d x15:1000317c
13642047ns          226595 1c009634 0146dc63 bge              x13, x20, 24        x13:00000001 x20:ffffffff
13642107ns          226598 1c00964c 00e006b3 add              x13, x0, x14        x13=1000317d x14:1000317d
13642167ns          226601 1c00964e fe068fab p.sb             x0, -1(x13!)        x13=1000317c x13:1000317d  PA:1000317d
13642207ns          226603 1c009652 00d7fc63 bgeu             x15, x13, 24        x15:1000317c x13:1000317c
13642266ns          226606 1c00966a 01412783 lw               x15, 20(x2)         x15=00000000  x2:10003158  PA:1000316c
13642286ns          226607 1c00966c 01812603 lw               x12, 24(x2)         x12=00000000  x2:10003158  PA:10003170
13642306ns          226608 1c00966e 419704b3 sub              x9, x14, x25         x9=00000001 x14:1000317d x25:1000317c
13642326ns          226609 1c009672 00c7e7b3 or               x15, x15, x12       x15=00000000 x15:00000000 x12:00000000
13642346ns          226610 1c009674 00f12623 sw               x15, 12(x2)         x15:00000000  x2:10003158  PA:10003164
13642366ns          226611 1c009676 00079363 bne              x15, x0, 6          x15:00000000
13642386ns          226612 1c009678 01f5d593 srli             x11, x11, 0x1f      x11=00000000 x11:00000006
13642405ns          226613 1c00967a 00b12623 sw               x11, 12(x2)         x11:00000000  x2:10003158  PA:10003164
13642425ns          226614 1c00967c e3fa28e3 p.beqimm         x20, -464           x20:ffffffff
13642525ns          226619 1c0094ac 0c800793 addi             x15, x0, 200        x15=000000c8
13642564ns          226621 1c0094b0 9e97d0e3 bge              x15, x9, -1568      x15:000000c8  x9:00000001
13642624ns          226624 1c008e90 0f24d163 bge              x9, x18, 226         x9:00000001 x18:00000000
13642763ns          226631 1c008f72 d00482e3 beq              x9, x0, -764         x9:00000001
13642783ns          226632 1c008f76 01900933 add              x18, x0, x25        x18=1000317c x25:1000317c
13642803ns          226633 1c008f78 419d8db3 sub              x27, x27, x25       x27=efffcea6 x27:00000022 x25:1000317c
13642823ns          226634 1c008f7c 00a0006f jal              x0, 10             
13642883ns          226637 1c008f86 0019450b p.lbu            x10, 1(x18!)        x10=00000036 x18=1000317d x18:1000317c  PA:1000317c
13642903ns          226638 1c008f8a 01a005b3 add              x11, x0, x26        x11=00000002 x26:00000002
13642922ns          226639 1c008f8c 000b00e7 jalr             x1, x22, 0           x1=1c008f8e x22:1c008b94
13643002ns          226643 1c008b94 000026b7 lui              x13, 0x2000         x13=00002000
13643042ns          226645 1c008b96 f14027f3 csrrs            x15, x0, 0xf14      x15=00000006
13643062ns          226646 1c008b9a f8068693 addi             x13, x13, -128      x13=00001f80 x13:00002000
13643121ns          226649 1c008b9e 00379713 slli             x14, x15, 0x3       x14=00000030 x15:00000006
13643141ns          226650 1c008ba2 00279793 slli             x15, x15, 0x2       x15=00000018 x15:00000006
13643161ns          226651 1c008ba4 00d7f7b3 and              x15, x15, x13       x15=00000000 x15:00000018 x13:00001f80
13643181ns          226652 1c008ba6 ee873733 p.bclr           x14, x14, 23, 8     x14=00000030 x14:00000030
13643201ns          226653 1c008baa 1a10f6b7 lui              x13, 0x1a10f000     x13=1a10f000
13643261ns          226656 1c008bae 0ff57513 andi             x10, x10, 255       x10=00000036 x10:00000036
13643280ns          226657 1c008bb2 00d70733 add              x14, x14, x13       x14=1a10f030 x14:00000030 x13:1a10f000
13643300ns          226658 1c008bb4 00a7e723 p.sw             x10, x0(x15)        x10:00000036 x15:00000000  PA:1a10f030
13643619ns          226674 1c008bb8 00000513 addi             x10, x0, 0          x10=00000000
13643638ns          226675 1c008bba 00008067 jalr             x0, x1, 0            x1:1c008f8e
13643678ns          226677 1c008f8e fff48493 addi             x9, x9, -1           x9=00000000  x9:00000001
13643698ns          226678 1c008f90 fff537e3 p.bneimm         x10, -18            x10:00000000
13643778ns          226682 1c008f7e 012d8733 add              x14, x27, x18       x14=00000023 x27:efffcea6 x18:1000317d
13643798ns          226683 1c008f82 5a048b63 beq              x9, x0, 1462         x9:00000000
13643897ns          226688 1c009538 00e00db3 add              x27, x0, x14        x27=00000023 x14:00000023
13643937ns          226690 1c00953a f3cff06f jal              x0, -2244          
13644116ns          226699 1c008c76 00044503 lbu              x10, 0(x8)          x10=0000000a  x8:1c000541  PA:1c000541
13644414ns          226714 1c008c7a 00140413 addi             x8, x8, 1            x8=1c000542  x8:1c000541
13644434ns          226715 1c008c7c 00050e63 beq              x10, x0, 28         x10:0000000a
13644454ns          226716 1c008c7e 02500793 addi             x15, x0, 37         x15=00000025
13644474ns          226717 1c008c82 04f50863 beq              x10, x15, 80        x10:0000000a x15:00000025
13644494ns          226718 1c008c86 01a005b3 add              x11, x0, x26        x11=00000002 x26:00000002
13644514ns          226719 1c008c88 000b00e7 jalr             x1, x22, 0           x1=1c008c8a x22:1c008b94
13644653ns          226726 1c008b94 000026b7 lui              x13, 0x2000         x13=00002000
13644693ns          226728 1c008b96 f14027f3 csrrs            x15, x0, 0xf14      x15=00000006
13644712ns          226729 1c008b9a f8068693 addi             x13, x13, -128      x13=00001f80 x13:00002000
13644732ns          226730 1c008b9e 00379713 slli             x14, x15, 0x3       x14=00000030 x15:00000006
13644752ns          226731 1c008ba2 00279793 slli             x15, x15, 0x2       x15=00000018 x15:00000006
13644772ns          226732 1c008ba4 00d7f7b3 and              x15, x15, x13       x15=00000000 x15:00000018 x13:00001f80
13644792ns          226733 1c008ba6 ee873733 p.bclr           x14, x14, 23, 8     x14=00000030 x14:00000030
13644812ns          226734 1c008baa 1a10f6b7 lui              x13, 0x1a10f000     x13=1a10f000
13644832ns          226735 1c008bae 0ff57513 andi             x10, x10, 255       x10=0000000a x10:0000000a
13644852ns          226736 1c008bb2 00d70733 add              x14, x14, x13       x14=1a10f030 x14:00000030 x13:1a10f000
13644872ns          226737 1c008bb4 00a7e723 p.sw             x10, x0(x15)        x10:0000000a x15:00000000  PA:1a10f030
13645210ns          226754 1c008bb8 00000513 addi             x10, x0, 0          x10=00000000
13645229ns          226755 1c008bba 00008067 jalr             x0, x1, 0            x1:1c008c8a
13645289ns          226758 1c008c8a 31f52563 p.beqimm         x10, 778            x10:00000000
13645309ns          226759 1c008c8e 001d8d93 addi             x27, x27, 1         x27=00000024 x27:00000023
13645329ns          226760 1c008c90 00044503 lbu              x10, 0(x8)          x10=00000000  x8:1c000542  PA:1c000542
13645707ns          226779 1c008c94 00140413 addi             x8, x8, 1            x8=1c000543  x8:1c000542
13645727ns          226780 1c008c96 fe0514e3 bne              x10, x0, -24        x10:00000000
13645747ns          226781 1c008c98 01b00433 add              x8, x0, x27          x8=00000024 x27:00000024
13645766ns          226782 1c008c9a 00800533 add              x10, x0, x8         x10=00000024  x8:00000024
13645786ns          226783 1c008c9c 12c12083 lw               x1, 300(x2)          x1=1c008c28  x2:10003158  PA:10003284
13645806ns          226784 1c008ca0 12812403 lw               x8, 296(x2)          x8=00000006  x2:10003158  PA:10003280
13645826ns          226785 1c008ca4 12412483 lw               x9, 292(x2)          x9=00000000  x2:10003158  PA:1000327c
13645846ns          226786 1c008ca8 12012903 lw               x18, 288(x2)        x18=00000000  x2:10003158  PA:10003278
13645866ns          226787 1c008cac 11c12983 lw               x19, 284(x2)        x19=00000000  x2:10003158  PA:10003274
13645906ns          226789 1c008cb0 11812a03 lw               x20, 280(x2)        x20=00000000  x2:10003158  PA:10003270
13645945ns          226791 1c008cb4 11412a83 lw               x21, 276(x2)        x21=00000000  x2:10003158  PA:1000326c
13645965ns          226792 1c008cb8 11012b03 lw               x22, 272(x2)        x22=00000000  x2:10003158  PA:10003268
13645985ns          226793 1c008cbc 10c12b83 lw               x23, 268(x2)        x23=00000000  x2:10003158  PA:10003264
13646383ns          226813 1c008cc0 10812c03 lw               x24, 264(x2)        x24=00000000  x2:10003158  PA:10003260
13646423ns          226815 1c008cc4 10412c83 lw               x25, 260(x2)        x25=00000000  x2:10003158  PA:1000325c
13646443ns          226816 1c008cc8 10012d03 lw               x26, 256(x2)        x26=00000000  x2:10003158  PA:10003258
13646463ns          226817 1c008ccc 0fc12d83 lw               x27, 252(x2)        x27=00000000  x2:10003158  PA:10003254
13646482ns          226818 1c008cce 13010113 addi             x2, x2, 304          x2=10003288  x2:10003158
13646502ns          226819 1c008cd0 00008067 jalr             x0, x1, 0            x1:1c008c28
13646582ns          226823 1c008c28 01c12083 lw               x1, 28(x2)           x1=1c008254  x2:10003288  PA:100032a4
13646602ns          226824 1c008c2a 04010113 addi             x2, x2, 64           x2=100032c8  x2:10003288
13646642ns          226826 1c008c2c 00008067 jalr             x0, x1, 0            x1:1c008254
13647139ns          226851 1c008254 437010ef jal              x1, 7222             x1=1c008258
13647636ns          226876 1c009e8a f14027f3 csrrs            x15, x0, 0xf14      x15=00000006
13647656ns          226877 1c009e8e 01f00713 addi             x14, x0, 31         x14=0000001f
13648073ns          226898 1c009e90 ca5797b3 p.extractu       x15, x15, 5, 5      x15=00000000 x15:00000006
13648113ns          226900 1c009e94 00e78863 beq              x15, x14, 16        x15:00000000 x14:0000001f
13648133ns          226901 1c009e98 002047b7 lui              x15, 0x204000       x15=00204000
13648153ns          226902 1c009e9c 20078793 addi             x15, x15, 512       x15=00204200 x15:00204000
13648591ns          226924 1c009ea0 01c7e703 p.elw            x14, 28(x15)        x14=00010000 x15:00204200  PA:0020421c
13648730ns          226931 1c009ea4 00008067 jalr             x0, x1, 0            x1:1c008258
13649147ns          226952 1c008258 02040763 beq              x8, x0, 46           x8:00000006
13649167ns          226953 1c00825a 431010ef jal              x1, 7216             x1=1c00825e
13649684ns          226979 1c009e8a f14027f3 csrrs            x15, x0, 0xf14      x15=00000006
13649704ns          226980 1c009e8e 01f00713 addi             x14, x0, 31         x14=0000001f
13649724ns          226981 1c009e90 ca5797b3 p.extractu       x15, x15, 5, 5      x15=00000000 x15:00000006
13649744ns          226982 1c009e94 00e78863 beq              x15, x14, 16        x15:00000000 x14:0000001f
13649764ns          226983 1c009e98 002047b7 lui              x15, 0x204000       x15=00204000
13649784ns          226984 1c009e9c 20078793 addi             x15, x15, 512       x15=00204200 x15:00204000
13649804ns          226985 1c009ea0 01c7e703 p.elw            x14, 28(x15)        x14=00010000 x15:00204200  PA:0020421c
15310255ns          310035 1c009ea4 00008067 jalr             x0, x1, 0            x1:1c00825e
15310315ns          310038 1c00825e 52c12083 lw               x1, 1324(x2)         x1=1c009d5c  x2:100032c8  PA:100037f4
15310455ns          310045 1c008262 52812403 lw               x8, 1320(x2)         x8=00000000  x2:100032c8  PA:100037f0
15310475ns          310046 1c008266 52412483 lw               x9, 1316(x2)         x9=00000000  x2:100032c8  PA:100037ec
15310495ns          310047 1c00826a 52012903 lw               x18, 1312(x2)       x18=00000000  x2:100032c8  PA:100037e8
15310937ns          310069 1c00826e 51c12983 lw               x19, 1308(x2)       x19=00000000  x2:100032c8  PA:100037e4
15310977ns          310071 1c008272 51812a03 lw               x20, 1304(x2)       x20=00000000  x2:100032c8  PA:100037e0
15310997ns          310072 1c008276 51412a83 lw               x21, 1300(x2)       x21=00000000  x2:100032c8  PA:100037dc
15311017ns          310073 1c00827a 51012b03 lw               x22, 1296(x2)       x22=00000000  x2:100032c8  PA:100037d8
15311037ns          310074 1c00827e 00100513 addi             x10, x0, 1          x10=00000001
15311077ns          310076 1c008280 53010113 addi             x2, x2, 1328         x2=100037f8  x2:100032c8
15311117ns          310078 1c008284 00008067 jalr             x0, x1, 0            x1:1c009d5c
15311198ns          310082 1c009d5c 01f00713 addi             x14, x0, 31         x14=0000001f
15311679ns          310106 1c009d5e f14027f3 csrrs            x15, x0, 0xf14      x15=00000006
15311719ns          310108 1c009d62 ca5797b3 p.extractu       x15, x15, 5, 5      x15=00000000 x15:00000006
15311739ns          310109 1c009d66 00e78863 beq              x15, x14, 16        x15:00000000 x14:0000001f
15311759ns          310110 1c009d6a 002047b7 lui              x15, 0x204000       x15=00204000
15312181ns          310131 1c009d6e 20078793 addi             x15, x15, 512       x15=00204200 x15:00204000
15312221ns          310133 1c009d72 01c7e703 p.elw            x14, 28(x15)        x14=00010000 x15:00204200  PA:0020421c
15312401ns          310142 1c009d76 f14027f3 csrrs            x15, x0, 0xf14      x15=00000006
15312421ns          310143 1c009d7a f457b7b3 p.bclr           x15, x15, 26, 5     x15=00000006 x15:00000006
15312442ns          310144 1c009d7e 00079963 bne              x15, x0, 18         x15:00000006
15313164ns          310180 1c009d90 002047b7 lui              x15, 0x204000       x15=00204000
15313204ns          310182 1c009d94 fff00713 addi             x14, x0, -1         x14=ffffffff
15313224ns          310183 1c009d96 00e7a223 sw               x14, 4(x15)         x14:ffffffff x15:00204000  PA:00204004
