                Time          Cycles PC       Instr    Mnemonic
13435312ns          216200 1c008080 000000b7 lui              x1, 0x0              x1=00000000
13435351ns          216202 1c008084 00000137 lui              x2, 0x0              x2=00000000
13435371ns          216203 1c008088 000001b7 lui              x3, 0x0              x3=00000000
13435391ns          216204 1c00808c 00000237 lui              x4, 0x0              x4=00000000
13435829ns          216226 1c008090 000002b7 lui              x5, 0x0              x5=00000000
13435869ns          216228 1c008094 00000337 lui              x6, 0x0              x6=00000000
13435888ns          216229 1c008098 000003b7 lui              x7, 0x0              x7=00000000
13435908ns          216230 1c00809c 00000437 lui              x8, 0x0              x8=00000000
13436346ns          216252 1c0080a0 000004b7 lui              x9, 0x0              x9=00000000
13436386ns          216254 1c0080a4 00000537 lui              x10, 0x0            x10=00000000
13436405ns          216255 1c0080a8 000005b7 lui              x11, 0x0            x11=00000000
13436425ns          216256 1c0080ac 00000637 lui              x12, 0x0            x12=00000000
13436883ns          216279 1c0080b0 000006b7 lui              x13, 0x0            x13=00000000
13436923ns          216281 1c0080b4 00000737 lui              x14, 0x0            x14=00000000
13436942ns          216282 1c0080b8 000007b7 lui              x15, 0x0            x15=00000000
13436962ns          216283 1c0080bc 00000837 lui              x16, 0x0            x16=00000000
13437400ns          216305 1c0080c0 000008b7 lui              x17, 0x0            x17=00000000
13437440ns          216307 1c0080c4 00000937 lui              x18, 0x0            x18=00000000
13437460ns          216308 1c0080c8 000009b7 lui              x19, 0x0            x19=00000000
13437479ns          216309 1c0080cc 00000a37 lui              x20, 0x0            x20=00000000
13437917ns          216331 1c0080d0 00000ab7 lui              x21, 0x0            x21=00000000
13437957ns          216333 1c0080d4 00000b37 lui              x22, 0x0            x22=00000000
13437977ns          216334 1c0080d8 00000bb7 lui              x23, 0x0            x23=00000000
13437997ns          216335 1c0080dc 00000c37 lui              x24, 0x0            x24=00000000
13438434ns          216357 1c0080e0 00000cb7 lui              x25, 0x0            x25=00000000
13438474ns          216359 1c0080e4 00000d37 lui              x26, 0x0            x26=00000000
13438494ns          216360 1c0080e8 00000db7 lui              x27, 0x0            x27=00000000
13438514ns          216361 1c0080ec 00000e37 lui              x28, 0x0            x28=00000000
13438951ns          216383 1c0080f0 00000eb7 lui              x29, 0x0            x29=00000000
13438991ns          216385 1c0080f4 00000f37 lui              x30, 0x0            x30=00000000
13439011ns          216386 1c0080f8 00000fb7 lui              x31, 0x0            x31=00000000
13439031ns          216387 1c0080fc 0700006f jal              x0, 112            
13439946ns          216433 1c00816c f1402573 csrrs            x10, x0, 0xf14      x10=00000002
13440403ns          216456 1c008170 01f57593 andi             x11, x10, 31        x11=00000002 x10:00000002
13440443ns          216458 1c008174 00555513 srli             x10, x10, 0x5       x10=00000000 x10:00000002
13440463ns          216459 1c008176 01f00613 addi             x12, x0, 31         x12=0000001f
13440483ns          216460 1c008178 00c50463 beq              x10, x12, 8         x10:00000000 x12:0000001f
13440502ns          216461 1c00817c f95ff06f jal              x0, -108           
13441397ns          216506 1c008110 f3ff8117 auipc            x2, 0xf3ff8000       x2=10000110
13441437ns          216508 1c008114 ef410113 addi             x2, x2, -268         x2=10000004  x2:10000110
13441457ns          216509 1c008118 00012103 lw               x2, 0(x2)            x2=10000008  x2:10000004  PA:10000004
13441477ns          216510 1c00811c 000011b7 lui              x3, 0x1000           x3=00001000
13441914ns          216532 1c008120 80018193 addi             x3, x3, -2048        x3=00000800  x3:00001000
13441954ns          216534 1c008124 00158593 addi             x11, x11, 1         x11=00000003 x11:00000002
13441974ns          216535 1c008128 02b180b3 mul              x1, x3, x11          x1=00001800  x3:00000800 x11:00000003
13441994ns          216536 1c00812c 00110133 add              x2, x2, x1           x2=10001808  x2:10000008  x1:00001800
13442432ns          216558 1c008130 3f30106f jal              x0, 7154           
13442889ns          216581 1c009d22 ff010113 addi             x2, x2, -16          x2=100017f8  x2:10001808
13442929ns          216583 1c009d24 00112623 sw               x1, 12(x2)           x1:00001800  x2:100017f8  PA:10001804
13442949ns          216584 1c009d26 002047b7 lui              x15, 0x204000       x15=00204000
13442969ns          216585 1c009d2a 00070737 lui              x14, 0x70000        x14=00070000
13442988ns          216586 1c009d2e 00e7a423 sw               x14, 8(x15)         x14:00070000 x15:00204000  PA:00204008
13443426ns          216608 1c009d30 0ff00713 addi             x14, x0, 255        x14=000000ff
13443466ns          216610 1c009d34 20078793 addi             x15, x15, 512       x15=00204200 x15:00204000
13443486ns          216611 1c009d38 00e7a023 sw               x14, 0(x15)         x14:000000ff x15:00204200  PA:00204200
13443506ns          216612 1c009d3c 00e7a623 sw               x14, 12(x15)        x14:000000ff x15:00204200  PA:0020420c
13443943ns          216634 1c009d40 01f00693 addi             x13, x0, 31         x13=0000001f
13443983ns          216636 1c009d42 f1402773 csrrs            x14, x0, 0xf14      x14=00000002
13444003ns          216637 1c009d46 ca571733 p.extractu       x14, x14, 5, 5      x14=00000000 x14:00000002
13444023ns          216638 1c009d4a 00d70463 beq              x14, x13, 8         x14:00000000 x13:0000001f
13444460ns          216660 1c009d4e 01c7e703 p.elw            x14, 28(x15)        x14=00010000 x15:00204200  PA:0020421c
13444679ns          216671 1c009d52 1c0017b7 lui              x15, 0x1c001000     x15=1c001000
13444699ns          216672 1c009d56 e347a783 lw               x15, -460(x15)      x15=1c0081c6 x15:1c001000  PA:1c000e34
13445216ns          216698 1c009d5a 000780e7 jalr             x1, x15, 0           x1=1c009d5c x15:1c0081c6
13445753ns          216725 1c0081c6 1c0007b7 lui              x15, 0x1c000000     x15=1c000000
13445773ns          216726 1c0081ca ad010113 addi             x2, x2, -1328        x2=100012c8  x2:100017f8
13446230ns          216749 1c0081ce 01c78793 addi             x15, x15, 28        x15=1c00001c x15:1c000000
13446270ns          216751 1c0081d2 52112623 sw               x1, 1324(x2)         x1:1c009d5c  x2:100012c8  PA:100017f4
13446290ns          216752 1c0081d6 52812423 sw               x8, 1320(x2)         x8:00000000  x2:100012c8  PA:100017f0
13446310ns          216753 1c0081da 52912223 sw               x9, 1316(x2)         x9:00000000  x2:100012c8  PA:100017ec
13446747ns          216775 1c0081de 53212023 sw               x18, 1312(x2)       x18:00000000  x2:100012c8  PA:100017e8
13446787ns          216777 1c0081e2 51312e23 sw               x19, 1308(x2)       x19:00000000  x2:100012c8  PA:100017e4
13446807ns          216778 1c0081e6 51412c23 sw               x20, 1304(x2)       x20:00000000  x2:100012c8  PA:100017e0
13446827ns          216779 1c0081ea 51512a23 sw               x21, 1300(x2)       x21:00000000  x2:100012c8  PA:100017dc
13447264ns          216801 1c0081ee 51612823 sw               x22, 1296(x2)       x22:00000000  x2:100012c8  PA:100017d8
13447284ns          216802 1c0081f2 01010713 addi             x14, x2, 16         x14=100012d8  x2:100012c8
13447304ns          216803 1c0081f4 28078613 addi             x12, x15, 640       x12=1c00029c x15:1c00001c
13447324ns          216804 1c0081f8 0287d0fb lp.setupi        0x1, 0x28, 0xf     
13447344ns          216805 1c0081fc 0007a883 lw               x17, 0(x15)         x17=0e590eac x15:1c00001c  PA:1c00001c
13447781ns          216827 1c008200 0047a803 lw               x16, 4(x15)         x16=009e0386 x15:1c00001c  PA:1c000020
13448100ns          216843 1c008204 0087a503 lw               x10, 8(x15)         x10=0eb50814 x15:1c00001c  PA:1c000024
13448458ns          216861 1c008206 00c7a583 lw               x11, 12(x15)        x11=02f60cd6 x15:1c00001c  PA:1c000028
13448796ns          216878 1c008208 01172023 sw               x17, 0(x14)         x17:0e590eac x14:100012d8  PA:100012d8
13448816ns          216879 1c00820c 01072223 sw               x16, 4(x14)         x16:009e0386 x14:100012d8  PA:100012dc
13448835ns          216880 1c008210 00a72423 sw               x10, 8(x14)         x10:0eb50814 x14:100012d8  PA:100012e0
13448855ns          216881 1c008212 00b72623 sw               x11, 12(x14)        x11:02f60cd6 x14:100012d8  PA:100012e4
13448875ns          216882 1c008214 01078793 addi             x15, x15, 16        x15=1c00002c x15:1c00001c
13448895ns          216883 1c008216 01070713 addi             x14, x14, 16        x14=100012e8 x14:100012d8
13449372ns          216907 1c0081fc 0007a883 lw               x17, 0(x15)         x17=0b450a59 x15:1c00002c  PA:1c00002c
13449711ns          216924 1c008200 0047a803 lw               x16, 4(x15)         x16=060c097a x15:1c00002c  PA:1c000030
13450128ns          216945 1c008204 0087a503 lw               x10, 8(x15)         x10=08700afa x15:1c00002c  PA:1c000034
13450526ns          216965 1c008206 00c7a583 lw               x11, 12(x15)        x11=02ba0d87 x15:1c00002c  PA:1c000038
13450924ns          216985 1c008208 01172023 sw               x17, 0(x14)         x17:0b450a59 x14:100012e8  PA:100012e8
13450944ns          216986 1c00820c 01072223 sw               x16, 4(x14)         x16:060c097a x14:100012e8  PA:100012ec
13450964ns          216987 1c008210 00a72423 sw               x10, 8(x14)         x10:08700afa x14:100012e8  PA:100012f0
13450983ns          216988 1c008212 00b72623 sw               x11, 12(x14)        x11:02ba0d87 x14:100012e8  PA:100012f4
13451003ns          216989 1c008214 01078793 addi             x15, x15, 16        x15=1c00003c x15:1c00002c
13451023ns          216990 1c008216 01070713 addi             x14, x14, 16        x14=100012f8 x14:100012e8
13451043ns          216991 1c0081fc 0007a883 lw               x17, 0(x15)         x17=0ccb0ef9 x15:1c00003c  PA:1c00003c
13451341ns          217006 1c008200 0047a803 lw               x16, 4(x15)         x16=0c44086a x15:1c00003c  PA:1c000040
13451640ns          217021 1c008204 0087a503 lw               x10, 8(x15)         x10=01f000cb x15:1c00003c  PA:1c000044
13451938ns          217036 1c008206 00c7a583 lw               x11, 12(x15)        x11=00770ef7 x15:1c00003c  PA:1c000048
13452236ns          217051 1c008208 01172023 sw               x17, 0(x14)         x17:0ccb0ef9 x14:100012f8  PA:100012f8
13452256ns          217052 1c00820c 01072223 sw               x16, 4(x14)         x16:0c44086a x14:100012f8  PA:100012fc
13452276ns          217053 1c008210 00a72423 sw               x10, 8(x14)         x10:01f000cb x14:100012f8  PA:10001300
13452296ns          217054 1c008212 00b72623 sw               x11, 12(x14)        x11:00770ef7 x14:100012f8  PA:10001304
13452316ns          217055 1c008214 01078793 addi             x15, x15, 16        x15=1c00004c x15:1c00003c
13452336ns          217056 1c008216 01070713 addi             x14, x14, 16        x14=10001308 x14:100012f8
13452356ns          217057 1c0081fc 0007a883 lw               x17, 0(x15)         x17=0a270eb9 x15:1c00004c  PA:1c00004c
13452674ns          217073 1c008200 0047a803 lw               x16, 4(x15)         x16=00370d49 x15:1c00004c  PA:1c000050
13453072ns          217093 1c008204 0087a503 lw               x10, 8(x15)         x10=0af30b46 x15:1c00004c  PA:1c000054
13453469ns          217113 1c008206 00c7a583 lw               x11, 12(x15)        x11=049001e8 x15:1c00004c  PA:1c000058
13453887ns          217134 1c008208 01172023 sw               x17, 0(x14)         x17:0a270eb9 x14:10001308  PA:10001308
13453907ns          217135 1c00820c 01072223 sw               x16, 4(x14)         x16:00370d49 x14:10001308  PA:1000130c
13453927ns          217136 1c008210 00a72423 sw               x10, 8(x14)         x10:0af30b46 x14:10001308  PA:10001310
13453947ns          217137 1c008212 00b72623 sw               x11, 12(x14)        x11:049001e8 x14:10001308  PA:10001314
13453967ns          217138 1c008214 01078793 addi             x15, x15, 16        x15=1c00005c x15:1c00004c
13453986ns          217139 1c008216 01070713 addi             x14, x14, 16        x14=10001318 x14:10001308
13454006ns          217140 1c0081fc 0007a883 lw               x17, 0(x15)         x17=08d200d0 x15:1c00005c  PA:1c00005c
13454305ns          217155 1c008200 0047a803 lw               x16, 4(x15)         x16=0f0d0354 x15:1c00005c  PA:1c000060
13454603ns          217170 1c008204 0087a503 lw               x10, 8(x15)         x10=087a0ca7 x15:1c00005c  PA:1c000064
13454901ns          217185 1c008206 00c7a583 lw               x11, 12(x15)        x11=0f4f002c x15:1c00005c  PA:1c000068
13455220ns          217201 1c008208 01172023 sw               x17, 0(x14)         x17:08d200d0 x14:10001318  PA:10001318
13455239ns          217202 1c00820c 01072223 sw               x16, 4(x14)         x16:0f0d0354 x14:10001318  PA:1000131c
13455259ns          217203 1c008210 00a72423 sw               x10, 8(x14)         x10:087a0ca7 x14:10001318  PA:10001320
13455279ns          217204 1c008212 00b72623 sw               x11, 12(x14)        x11:0f4f002c x14:10001318  PA:10001324
13455299ns          217205 1c008214 01078793 addi             x15, x15, 16        x15=1c00006c x15:1c00005c
13455319ns          217206 1c008216 01070713 addi             x14, x14, 16        x14=10001328 x14:10001318
13455339ns          217207 1c0081fc 0007a883 lw               x17, 0(x15)         x17=02620649 x15:1c00006c  PA:1c00006c
13455637ns          217222 1c008200 0047a803 lw               x16, 4(x15)         x16=0c740657 x15:1c00006c  PA:1c000070
13456015ns          217241 1c008204 0087a503 lw               x10, 8(x15)         x10=02d10a02 x15:1c00006c  PA:1c000074
13456413ns          217261 1c008206 00c7a583 lw               x11, 12(x15)        x11=01740b50 x15:1c00006c  PA:1c000078
13456830ns          217282 1c008208 01172023 sw               x17, 0(x14)         x17:02620649 x14:10001328  PA:10001328
13456850ns          217283 1c00820c 01072223 sw               x16, 4(x14)         x16:0c740657 x14:10001328  PA:1000132c
13456870ns          217284 1c008210 00a72423 sw               x10, 8(x14)         x10:02d10a02 x14:10001328  PA:10001330
13456890ns          217285 1c008212 00b72623 sw               x11, 12(x14)        x11:01740b50 x14:10001328  PA:10001334
13456910ns          217286 1c008214 01078793 addi             x15, x15, 16        x15=1c00007c x15:1c00006c
13456930ns          217287 1c008216 01070713 addi             x14, x14, 16        x14=10001338 x14:10001328
13456950ns          217288 1c0081fc 0007a883 lw               x17, 0(x15)         x17=0c0c0778 x15:1c00007c  PA:1c00007c
13457248ns          217303 1c008200 0047a803 lw               x16, 4(x15)         x16=0ef400c1 x15:1c00007c  PA:1c000080
13457546ns          217318 1c008204 0087a503 lw               x10, 8(x15)         x10=04780790 x15:1c00007c  PA:1c000084
13457865ns          217334 1c008206 00c7a583 lw               x11, 12(x15)        x11=0b29036f x15:1c00007c  PA:1c000088
13458163ns          217349 1c008208 01172023 sw               x17, 0(x14)         x17:0c0c0778 x14:10001338  PA:10001338
13458183ns          217350 1c00820c 01072223 sw               x16, 4(x14)         x16:0ef400c1 x14:10001338  PA:1000133c
13458203ns          217351 1c008210 00a72423 sw               x10, 8(x14)         x10:04780790 x14:10001338  PA:10001340
13458223ns          217352 1c008212 00b72623 sw               x11, 12(x14)        x11:0b29036f x14:10001338  PA:10001344
13458243ns          217353 1c008214 01078793 addi             x15, x15, 16        x15=1c00008c x15:1c00007c
13458262ns          217354 1c008216 01070713 addi             x14, x14, 16        x14=10001348 x14:10001338
13458282ns          217355 1c0081fc 0007a883 lw               x17, 0(x15)         x17=05ce0329 x15:1c00008c  PA:1c00008c
13458581ns          217370 1c008200 0047a803 lw               x16, 4(x15)         x16=07bc0b75 x15:1c00008c  PA:1c000090
13458879ns          217385 1c008204 0087a503 lw               x10, 8(x15)         x10=0a9f079e x15:1c00008c  PA:1c000094
13459277ns          217405 1c008206 00c7a583 lw               x11, 12(x15)        x11=018e0819 x15:1c00008c  PA:1c000098
13459674ns          217425 1c008208 01172023 sw               x17, 0(x14)         x17:05ce0329 x14:10001348  PA:10001348
13459694ns          217426 1c00820c 01072223 sw               x16, 4(x14)         x16:07bc0b75 x14:10001348  PA:1000134c
13459714ns          217427 1c008210 00a72423 sw               x10, 8(x14)         x10:0a9f079e x14:10001348  PA:10001350
13459734ns          217428 1c008212 00b72623 sw               x11, 12(x14)        x11:018e0819 x14:10001348  PA:10001354
13459754ns          217429 1c008214 01078793 addi             x15, x15, 16        x15=1c00009c x15:1c00008c
13459774ns          217430 1c008216 01070713 addi             x14, x14, 16        x14=10001358 x14:10001348
13459794ns          217431 1c0081fc 0007a883 lw               x17, 0(x15)         x17=0cbf0b8d x15:1c00009c  PA:1c00009c
13460092ns          217446 1c008200 0047a803 lw               x16, 4(x15)         x16=0b0005ee x15:1c00009c  PA:1c0000a0
13460410ns          217462 1c008204 0087a503 lw               x10, 8(x15)         x10=094a0b4e x15:1c00009c  PA:1c0000a4
13460828ns          217483 1c008206 00c7a583 lw               x11, 12(x15)        x11=03d006b2 x15:1c00009c  PA:1c0000a8
13461226ns          217503 1c008208 01172023 sw               x17, 0(x14)         x17:0cbf0b8d x14:10001358  PA:10001358
13461246ns          217504 1c00820c 01072223 sw               x16, 4(x14)         x16:0b0005ee x14:10001358  PA:1000135c
13461265ns          217505 1c008210 00a72423 sw               x10, 8(x14)         x10:094a0b4e x14:10001358  PA:10001360
13461285ns          217506 1c008212 00b72623 sw               x11, 12(x14)        x11:03d006b2 x14:10001358  PA:10001364
13461305ns          217507 1c008214 01078793 addi             x15, x15, 16        x15=1c0000ac x15:1c00009c
13461325ns          217508 1c008216 01070713 addi             x14, x14, 16        x14=10001368 x14:10001358
13461345ns          217509 1c0081fc 0007a883 lw               x17, 0(x15)         x17=0f0f0fd0 x15:1c0000ac  PA:1c0000ac
13461643ns          217524 1c008200 0047a803 lw               x16, 4(x15)         x16=0a8801c9 x15:1c0000ac  PA:1c0000b0
13461942ns          217539 1c008204 0087a503 lw               x10, 8(x15)         x10=06140441 x15:1c0000ac  PA:1c0000b4
13462240ns          217554 1c008206 00c7a583 lw               x11, 12(x15)        x11=0c62004b x15:1c0000ac  PA:1c0000b8
13462538ns          217569 1c008208 01172023 sw               x17, 0(x14)         x17:0f0f0fd0 x14:10001368  PA:10001368
13462558ns          217570 1c00820c 01072223 sw               x16, 4(x14)         x16:0a8801c9 x14:10001368  PA:1000136c
13462578ns          217571 1c008210 00a72423 sw               x10, 8(x14)         x10:06140441 x14:10001368  PA:10001370
13462598ns          217572 1c008212 00b72623 sw               x11, 12(x14)        x11:0c62004b x14:10001368  PA:10001374
13462618ns          217573 1c008214 01078793 addi             x15, x15, 16        x15=1c0000bc x15:1c0000ac
13462638ns          217574 1c008216 01070713 addi             x14, x14, 16        x14=10001378 x14:10001368
13462658ns          217575 1c0081fc 0007a883 lw               x17, 0(x15)         x17=0d5d0649 x15:1c0000bc  PA:1c0000bc
13462956ns          217590 1c008200 0047a803 lw               x16, 4(x15)         x16=01f50d4f x15:1c0000bc  PA:1c0000c0
13463354ns          217610 1c008204 0087a503 lw               x10, 8(x15)         x10=0f020523 x15:1c0000bc  PA:1c0000c4
13463751ns          217630 1c008206 00c7a583 lw               x11, 12(x15)        x11=03c608aa x15:1c0000bc  PA:1c0000c8
13464149ns          217650 1c008208 01172023 sw               x17, 0(x14)         x17:0d5d0649 x14:10001378  PA:10001378
13464169ns          217651 1c00820c 01072223 sw               x16, 4(x14)         x16:01f50d4f x14:10001378  PA:1000137c
13464189ns          217652 1c008210 00a72423 sw               x10, 8(x14)         x10:0f020523 x14:10001378  PA:10001380
13464209ns          217653 1c008212 00b72623 sw               x11, 12(x14)        x11:03c608aa x14:10001378  PA:10001384
13464229ns          217654 1c008214 01078793 addi             x15, x15, 16        x15=1c0000cc x15:1c0000bc
13464249ns          217655 1c008216 01070713 addi             x14, x14, 16        x14=10001388 x14:10001378
13464269ns          217656 1c0081fc 0007a883 lw               x17, 0(x15)         x17=004909b8 x15:1c0000cc  PA:1c0000cc
13464567ns          217671 1c008200 0047a803 lw               x16, 4(x15)         x16=01430185 x15:1c0000cc  PA:1c0000d0
13464865ns          217686 1c008204 0087a503 lw               x10, 8(x15)         x10=0253007a x15:1c0000cc  PA:1c0000d4
13465164ns          217701 1c008206 00c7a583 lw               x11, 12(x15)        x11=07d70eb3 x15:1c0000cc  PA:1c0000d8
13465462ns          217716 1c008208 01172023 sw               x17, 0(x14)         x17:004909b8 x14:10001388  PA:10001388
13465482ns          217717 1c00820c 01072223 sw               x16, 4(x14)         x16:01430185 x14:10001388  PA:1000138c
13465502ns          217718 1c008210 00a72423 sw               x10, 8(x14)         x10:0253007a x14:10001388  PA:10001390
13465522ns          217719 1c008212 00b72623 sw               x11, 12(x14)        x11:07d70eb3 x14:10001388  PA:10001394
13465541ns          217720 1c008214 01078793 addi             x15, x15, 16        x15=1c0000dc x15:1c0000cc
13465561ns          217721 1c008216 01070713 addi             x14, x14, 16        x14=10001398 x14:10001388
13465581ns          217722 1c0081fc 0007a883 lw               x17, 0(x15)         x17=0c4b0938 x15:1c0000dc  PA:1c0000dc
13465979ns          217742 1c008200 0047a803 lw               x16, 4(x15)         x16=0fff047a x15:1c0000dc  PA:1c0000e0
13466337ns          217760 1c008204 0087a503 lw               x10, 8(x15)         x10=02de0f03 x15:1c0000dc  PA:1c0000e4
13466735ns          217780 1c008206 00c7a583 lw               x11, 12(x15)        x11=04dc0393 x15:1c0000dc  PA:1c0000e8
13467152ns          217801 1c008208 01172023 sw               x17, 0(x14)         x17:0c4b0938 x14:10001398  PA:10001398
13467172ns          217802 1c00820c 01072223 sw               x16, 4(x14)         x16:0fff047a x14:10001398  PA:1000139c
13467192ns          217803 1c008210 00a72423 sw               x10, 8(x14)         x10:02de0f03 x14:10001398  PA:100013a0
13467212ns          217804 1c008212 00b72623 sw               x11, 12(x14)        x11:04dc0393 x14:10001398  PA:100013a4
13467232ns          217805 1c008214 01078793 addi             x15, x15, 16        x15=1c0000ec x15:1c0000dc
13467252ns          217806 1c008216 01070713 addi             x14, x14, 16        x14=100013a8 x14:10001398
13467272ns          217807 1c0081fc 0007a883 lw               x17, 0(x15)         x17=0e1807a5 x15:1c0000ec  PA:1c0000ec
13467570ns          217822 1c008200 0047a803 lw               x16, 4(x15)         x16=090e009d x15:1c0000ec  PA:1c0000f0
13467948ns          217841 1c008204 0087a503 lw               x10, 8(x15)         x10=0c9c0004 x15:1c0000ec  PA:1c0000f4
13468346ns          217861 1c008206 00c7a583 lw               x11, 12(x15)        x11=068d0927 x15:1c0000ec  PA:1c0000f8
13468763ns          217882 1c008208 01172023 sw               x17, 0(x14)         x17:0e1807a5 x14:100013a8  PA:100013a8
13468783ns          217883 1c00820c 01072223 sw               x16, 4(x14)         x16:090e009d x14:100013a8  PA:100013ac
13468803ns          217884 1c008210 00a72423 sw               x10, 8(x14)         x10:0c9c0004 x14:100013a8  PA:100013b0
13468823ns          217885 1c008212 00b72623 sw               x11, 12(x14)        x11:068d0927 x14:100013a8  PA:100013b4
13468843ns          217886 1c008214 01078793 addi             x15, x15, 16        x15=1c0000fc x15:1c0000ec
13468863ns          217887 1c008216 01070713 addi             x14, x14, 16        x14=100013b8 x14:100013a8
13468883ns          217888 1c0081fc 0007a883 lw               x17, 0(x15)         x17=005c05f9 x15:1c0000fc  PA:1c0000fc
13469181ns          217903 1c008200 0047a803 lw               x16, 4(x15)         x16=0fa7077f x15:1c0000fc  PA:1c000100
13469479ns          217918 1c008204 0087a503 lw               x10, 8(x15)         x10=00e205e8 x15:1c0000fc  PA:1c000104
13469797ns          217934 1c008206 00c7a583 lw               x11, 12(x15)        x11=00b1007e x15:1c0000fc  PA:1c000108
13470096ns          217949 1c008208 01172023 sw               x17, 0(x14)         x17:005c05f9 x14:100013b8  PA:100013b8
13470116ns          217950 1c00820c 01072223 sw               x16, 4(x14)         x16:0fa7077f x14:100013b8  PA:100013bc
13470136ns          217951 1c008210 00a72423 sw               x10, 8(x14)         x10:00e205e8 x14:100013b8  PA:100013c0
13470155ns          217952 1c008212 00b72623 sw               x11, 12(x14)        x11:00b1007e x14:100013b8  PA:100013c4
13470175ns          217953 1c008214 01078793 addi             x15, x15, 16        x15=1c00010c x15:1c0000fc
13470195ns          217954 1c008216 01070713 addi             x14, x14, 16        x14=100013c8 x14:100013b8
13470215ns          217955 1c0081fc 0007a883 lw               x17, 0(x15)         x17=042c0bb9 x15:1c00010c  PA:1c00010c
13470513ns          217970 1c008200 0047a803 lw               x16, 4(x15)         x16=0365082e x15:1c00010c  PA:1c000110
13470812ns          217985 1c008204 0087a503 lw               x10, 8(x15)         x10=01ea0ee3 x15:1c00010c  PA:1c000114
13471130ns          218001 1c008206 00c7a583 lw               x11, 12(x15)        x11=0ed10e70 x15:1c00010c  PA:1c000118
13471448ns          218017 1c008208 01172023 sw               x17, 0(x14)         x17:042c0bb9 x14:100013c8  PA:100013c8
13471468ns          218018 1c00820c 01072223 sw               x16, 4(x14)         x16:0365082e x14:100013c8  PA:100013cc
13471488ns          218019 1c008210 00a72423 sw               x10, 8(x14)         x10:01ea0ee3 x14:100013c8  PA:100013d0
13471508ns          218020 1c008212 00b72623 sw               x11, 12(x14)        x11:0ed10e70 x14:100013c8  PA:100013d4
13471528ns          218021 1c008214 01078793 addi             x15, x15, 16        x15=1c00011c x15:1c00010c
13471548ns          218022 1c008216 01070713 addi             x14, x14, 16        x14=100013d8 x14:100013c8
13471567ns          218023 1c0081fc 0007a883 lw               x17, 0(x15)         x17=0958082a x15:1c00011c  PA:1c00011c
13471866ns          218038 1c008200 0047a803 lw               x16, 4(x15)         x16=0d870007 x15:1c00011c  PA:1c000120
13472164ns          218053 1c008204 0087a503 lw               x10, 8(x15)         x10=0aab0fee x15:1c00011c  PA:1c000124
13472482ns          218069 1c008206 00c7a583 lw               x11, 12(x15)        x11=060e0a24 x15:1c00011c  PA:1c000128
13472781ns          218084 1c008208 01172023 sw               x17, 0(x14)         x17:0958082a x14:100013d8  PA:100013d8
13472801ns          218085 1c00820c 01072223 sw               x16, 4(x14)         x16:0d870007 x14:100013d8  PA:100013dc
13472820ns          218086 1c008210 00a72423 sw               x10, 8(x14)         x10:0aab0fee x14:100013d8  PA:100013e0
13472840ns          218087 1c008212 00b72623 sw               x11, 12(x14)        x11:060e0a24 x14:100013d8  PA:100013e4
13472860ns          218088 1c008214 01078793 addi             x15, x15, 16        x15=1c00012c x15:1c00011c
13472880ns          218089 1c008216 01070713 addi             x14, x14, 16        x14=100013e8 x14:100013d8
13472900ns          218090 1c0081fc 0007a883 lw               x17, 0(x15)         x17=07370a46 x15:1c00012c  PA:1c00012c
13473198ns          218105 1c008200 0047a803 lw               x16, 4(x15)         x16=089e0b7f x15:1c00012c  PA:1c000130
13473497ns          218120 1c008204 0087a503 lw               x10, 8(x15)         x10=032f0eb2 x15:1c00012c  PA:1c000134
13473815ns          218136 1c008206 00c7a583 lw               x11, 12(x15)        x11=012a0bf8 x15:1c00012c  PA:1c000138
13474113ns          218151 1c008208 01172023 sw               x17, 0(x14)         x17:07370a46 x14:100013e8  PA:100013e8
13474133ns          218152 1c00820c 01072223 sw               x16, 4(x14)         x16:089e0b7f x14:100013e8  PA:100013ec
13474153ns          218153 1c008210 00a72423 sw               x10, 8(x14)         x10:032f0eb2 x14:100013e8  PA:100013f0
13474173ns          218154 1c008212 00b72623 sw               x11, 12(x14)        x11:012a0bf8 x14:100013e8  PA:100013f4
13474193ns          218155 1c008214 01078793 addi             x15, x15, 16        x15=1c00013c x15:1c00012c
13474213ns          218156 1c008216 01070713 addi             x14, x14, 16        x14=100013f8 x14:100013e8
13474232ns          218157 1c0081fc 0007a883 lw               x17, 0(x15)         x17=0ab40457 x15:1c00013c  PA:1c00013c
13474531ns          218172 1c008200 0047a803 lw               x16, 4(x15)         x16=09690854 x15:1c00013c  PA:1c000140
13474829ns          218187 1c008204 0087a503 lw               x10, 8(x15)         x10=02f70223 x15:1c00013c  PA:1c000144
13475147ns          218203 1c008206 00c7a583 lw               x11, 12(x15)        x11=074103fb x15:1c00013c  PA:1c000148
13475446ns          218218 1c008208 01172023 sw               x17, 0(x14)         x17:0ab40457 x14:100013f8  PA:100013f8
13475466ns          218219 1c00820c 01072223 sw               x16, 4(x14)         x16:09690854 x14:100013f8  PA:100013fc
13475485ns          218220 1c008210 00a72423 sw               x10, 8(x14)         x10:02f70223 x14:100013f8  PA:10001400
13475505ns          218221 1c008212 00b72623 sw               x11, 12(x14)        x11:074103fb x14:100013f8  PA:10001404
13475525ns          218222 1c008214 01078793 addi             x15, x15, 16        x15=1c00014c x15:1c00013c
13475545ns          218223 1c008216 01070713 addi             x14, x14, 16        x14=10001408 x14:100013f8
13475565ns          218224 1c0081fc 0007a883 lw               x17, 0(x15)         x17=08140ff9 x15:1c00014c  PA:1c00014c
13475863ns          218239 1c008200 0047a803 lw               x16, 4(x15)         x16=00310b98 x15:1c00014c  PA:1c000150
13476162ns          218254 1c008204 0087a503 lw               x10, 8(x15)         x10=05000b2b x15:1c00014c  PA:1c000154
13476460ns          218269 1c008206 00c7a583 lw               x11, 12(x15)        x11=01cc042b x15:1c00014c  PA:1c000158
13476758ns          218284 1c008208 01172023 sw               x17, 0(x14)         x17:08140ff9 x14:10001408  PA:10001408
13476778ns          218285 1c00820c 01072223 sw               x16, 4(x14)         x16:00310b98 x14:10001408  PA:1000140c
13476798ns          218286 1c008210 00a72423 sw               x10, 8(x14)         x10:05000b2b x14:10001408  PA:10001410
13476818ns          218287 1c008212 00b72623 sw               x11, 12(x14)        x11:01cc042b x14:10001408  PA:10001414
13476838ns          218288 1c008214 01078793 addi             x15, x15, 16        x15=1c00015c x15:1c00014c
13476858ns          218289 1c008216 01070713 addi             x14, x14, 16        x14=10001418 x14:10001408
13476878ns          218290 1c0081fc 0007a883 lw               x17, 0(x15)         x17=07110ae2 x15:1c00015c  PA:1c00015c
13477176ns          218305 1c008200 0047a803 lw               x16, 4(x15)         x16=059c084f x15:1c00015c  PA:1c000160
13477554ns          218324 1c008204 0087a503 lw               x10, 8(x15)         x10=03ad0f69 x15:1c00015c  PA:1c000164
13477971ns          218345 1c008206 00c7a583 lw               x11, 12(x15)        x11=09bd0399 x15:1c00015c  PA:1c000168
13478369ns          218365 1c008208 01172023 sw               x17, 0(x14)         x17:07110ae2 x14:10001418  PA:10001418
13478389ns          218366 1c00820c 01072223 sw               x16, 4(x14)         x16:059c084f x14:10001418  PA:1000141c
13478409ns          218367 1c008210 00a72423 sw               x10, 8(x14)         x10:03ad0f69 x14:10001418  PA:10001420
13478429ns          218368 1c008212 00b72623 sw               x11, 12(x14)        x11:09bd0399 x14:10001418  PA:10001424
13478449ns          218369 1c008214 01078793 addi             x15, x15, 16        x15=1c00016c x15:1c00015c
13478469ns          218370 1c008216 01070713 addi             x14, x14, 16        x14=10001428 x14:10001418
13478488ns          218371 1c0081fc 0007a883 lw               x17, 0(x15)         x17=064d0eb9 x15:1c00016c  PA:1c00016c
13478787ns          218386 1c008200 0047a803 lw               x16, 4(x15)         x16=05b60fc4 x15:1c00016c  PA:1c000170
13479105ns          218402 1c008204 0087a503 lw               x10, 8(x15)         x10=0aa40834 x15:1c00016c  PA:1c000174
13479403ns          218417 1c008206 00c7a583 lw               x11, 12(x15)        x11=021e0fcc x15:1c00016c  PA:1c000178
13479702ns          218432 1c008208 01172023 sw               x17, 0(x14)         x17:064d0eb9 x14:10001428  PA:10001428
13479722ns          218433 1c00820c 01072223 sw               x16, 4(x14)         x16:05b60fc4 x14:10001428  PA:1000142c
13479741ns          218434 1c008210 00a72423 sw               x10, 8(x14)         x10:0aa40834 x14:10001428  PA:10001430
13479761ns          218435 1c008212 00b72623 sw               x11, 12(x14)        x11:021e0fcc x14:10001428  PA:10001434
13479781ns          218436 1c008214 01078793 addi             x15, x15, 16        x15=1c00017c x15:1c00016c
13479801ns          218437 1c008216 01070713 addi             x14, x14, 16        x14=10001438 x14:10001428
13479821ns          218438 1c0081fc 0007a883 lw               x17, 0(x15)         x17=074f0a77 x15:1c00017c  PA:1c00017c
13480119ns          218453 1c008200 0047a803 lw               x16, 4(x15)         x16=0a3203d7 x15:1c00017c  PA:1c000180
13480418ns          218468 1c008204 0087a503 lw               x10, 8(x15)         x10=0c8a0c36 x15:1c00017c  PA:1c000184
13480716ns          218483 1c008206 00c7a583 lw               x11, 12(x15)        x11=01b2008a x15:1c00017c  PA:1c000188
13481014ns          218498 1c008208 01172023 sw               x17, 0(x14)         x17:074f0a77 x14:10001438  PA:10001438
13481034ns          218499 1c00820c 01072223 sw               x16, 4(x14)         x16:0a3203d7 x14:10001438  PA:1000143c
13481054ns          218500 1c008210 00a72423 sw               x10, 8(x14)         x10:0c8a0c36 x14:10001438  PA:10001440
13481074ns          218501 1c008212 00b72623 sw               x11, 12(x14)        x11:01b2008a x14:10001438  PA:10001444
13481094ns          218502 1c008214 01078793 addi             x15, x15, 16        x15=1c00018c x15:1c00017c
13481114ns          218503 1c008216 01070713 addi             x14, x14, 16        x14=10001448 x14:10001438
13481134ns          218504 1c0081fc 0007a883 lw               x17, 0(x15)         x17=071b083b x15:1c00018c  PA:1c00018c
13481432ns          218519 1c008200 0047a803 lw               x16, 4(x15)         x16=05a406b3 x15:1c00018c  PA:1c000190
13481830ns          218539 1c008204 0087a503 lw               x10, 8(x15)         x10=08140669 x15:1c00018c  PA:1c000194
13482227ns          218559 1c008206 00c7a583 lw               x11, 12(x15)        x11=00560888 x15:1c00018c  PA:1c000198
13482625ns          218579 1c008208 01172023 sw               x17, 0(x14)         x17:071b083b x14:10001448  PA:10001448
13482645ns          218580 1c00820c 01072223 sw               x16, 4(x14)         x16:05a406b3 x14:10001448  PA:1000144c
13482665ns          218581 1c008210 00a72423 sw               x10, 8(x14)         x10:08140669 x14:10001448  PA:10001450
13482685ns          218582 1c008212 00b72623 sw               x11, 12(x14)        x11:00560888 x14:10001448  PA:10001454
13482705ns          218583 1c008214 01078793 addi             x15, x15, 16        x15=1c00019c x15:1c00018c
13482725ns          218584 1c008216 01070713 addi             x14, x14, 16        x14=10001458 x14:10001448
13482745ns          218585 1c0081fc 0007a883 lw               x17, 0(x15)         x17=02440471 x15:1c00019c  PA:1c00019c
13483043ns          218600 1c008200 0047a803 lw               x16, 4(x15)         x16=038d0bcc x15:1c00019c  PA:1c0001a0
13483361ns          218616 1c008204 0087a503 lw               x10, 8(x15)         x10=088f0530 x15:1c00019c  PA:1c0001a4
13483659ns          218631 1c008206 00c7a583 lw               x11, 12(x15)        x11=0cc60773 x15:1c00019c  PA:1c0001a8
13483958ns          218646 1c008208 01172023 sw               x17, 0(x14)         x17:02440471 x14:10001458  PA:10001458
13483978ns          218647 1c00820c 01072223 sw               x16, 4(x14)         x16:038d0bcc x14:10001458  PA:1000145c
13483997ns          218648 1c008210 00a72423 sw               x10, 8(x14)         x10:088f0530 x14:10001458  PA:10001460
13484017ns          218649 1c008212 00b72623 sw               x11, 12(x14)        x11:0cc60773 x14:10001458  PA:10001464
13484037ns          218650 1c008214 01078793 addi             x15, x15, 16        x15=1c0001ac x15:1c00019c
13484057ns          218651 1c008216 01070713 addi             x14, x14, 16        x14=10001468 x14:10001458
13484077ns          218652 1c0081fc 0007a883 lw               x17, 0(x15)         x17=08ef078f x15:1c0001ac  PA:1c0001ac
13484375ns          218667 1c008200 0047a803 lw               x16, 4(x15)         x16=05b60f41 x15:1c0001ac  PA:1c0001b0
13484694ns          218683 1c008204 0087a503 lw               x10, 8(x15)         x10=0df701be x15:1c0001ac  PA:1c0001b4
13485071ns          218702 1c008206 00c7a583 lw               x11, 12(x15)        x11=02e00468 x15:1c0001ac  PA:1c0001b8
13485469ns          218722 1c008208 01172023 sw               x17, 0(x14)         x17:08ef078f x14:10001468  PA:10001468
13485489ns          218723 1c00820c 01072223 sw               x16, 4(x14)         x16:05b60f41 x14:10001468  PA:1000146c
13485509ns          218724 1c008210 00a72423 sw               x10, 8(x14)         x10:0df701be x14:10001468  PA:10001470
13485529ns          218725 1c008212 00b72623 sw               x11, 12(x14)        x11:02e00468 x14:10001468  PA:10001474
13485549ns          218726 1c008214 01078793 addi             x15, x15, 16        x15=1c0001bc x15:1c0001ac
13485569ns          218727 1c008216 01070713 addi             x14, x14, 16        x14=10001478 x14:10001468
13485589ns          218728 1c0081fc 0007a883 lw               x17, 0(x15)         x17=00a00039 x15:1c0001bc  PA:1c0001bc
13485887ns          218743 1c008200 0047a803 lw               x16, 4(x15)         x16=0b8a045e x15:1c0001bc  PA:1c0001c0
13486185ns          218758 1c008204 0087a503 lw               x10, 8(x15)         x10=04e705ed x15:1c0001bc  PA:1c0001c4
13486643ns          218781 1c008206 00c7a583 lw               x11, 12(x15)        x11=0d790820 x15:1c0001bc  PA:1c0001c8
13487060ns          218802 1c008208 01172023 sw               x17, 0(x14)         x17:00a00039 x14:10001478  PA:10001478
13487080ns          218803 1c00820c 01072223 sw               x16, 4(x14)         x16:0b8a045e x14:10001478  PA:1000147c
13487100ns          218804 1c008210 00a72423 sw               x10, 8(x14)         x10:04e705ed x14:10001478  PA:10001480
13487120ns          218805 1c008212 00b72623 sw               x11, 12(x14)        x11:0d790820 x14:10001478  PA:10001484
13487140ns          218806 1c008214 01078793 addi             x15, x15, 16        x15=1c0001cc x15:1c0001bc
13487160ns          218807 1c008216 01070713 addi             x14, x14, 16        x14=10001488 x14:10001478
13487180ns          218808 1c0081fc 0007a883 lw               x17, 0(x15)         x17=009f0cf4 x15:1c0001cc  PA:1c0001cc
13487478ns          218823 1c008200 0047a803 lw               x16, 4(x15)         x16=08180752 x15:1c0001cc  PA:1c0001d0
13487776ns          218838 1c008204 0087a503 lw               x10, 8(x15)         x10=02c50035 x15:1c0001cc  PA:1c0001d4
13488075ns          218853 1c008206 00c7a583 lw               x11, 12(x15)        x11=0b5c0d17 x15:1c0001cc  PA:1c0001d8
13488373ns          218868 1c008208 01172023 sw               x17, 0(x14)         x17:009f0cf4 x14:10001488  PA:10001488
13488393ns          218869 1c00820c 01072223 sw               x16, 4(x14)         x16:08180752 x14:10001488  PA:1000148c
13488413ns          218870 1c008210 00a72423 sw               x10, 8(x14)         x10:02c50035 x14:10001488  PA:10001490
13488432ns          218871 1c008212 00b72623 sw               x11, 12(x14)        x11:0b5c0d17 x14:10001488  PA:10001494
13488452ns          218872 1c008214 01078793 addi             x15, x15, 16        x15=1c0001dc x15:1c0001cc
13488472ns          218873 1c008216 01070713 addi             x14, x14, 16        x14=10001498 x14:10001488
13488492ns          218874 1c0081fc 0007a883 lw               x17, 0(x15)         x17=09c90594 x15:1c0001dc  PA:1c0001dc
13488790ns          218889 1c008200 0047a803 lw               x16, 4(x15)         x16=0bff0adc x15:1c0001dc  PA:1c0001e0
13489089ns          218904 1c008204 0087a503 lw               x10, 8(x15)         x10=06ae08de x15:1c0001dc  PA:1c0001e4
13489427ns          218921 1c008206 00c7a583 lw               x11, 12(x15)        x11=0c390dc8 x15:1c0001dc  PA:1c0001e8
13489845ns          218942 1c008208 01172023 sw               x17, 0(x14)         x17:09c90594 x14:10001498  PA:10001498
13489864ns          218943 1c00820c 01072223 sw               x16, 4(x14)         x16:0bff0adc x14:10001498  PA:1000149c
13489884ns          218944 1c008210 00a72423 sw               x10, 8(x14)         x10:06ae08de x14:10001498  PA:100014a0
13489904ns          218945 1c008212 00b72623 sw               x11, 12(x14)        x11:0c390dc8 x14:10001498  PA:100014a4
13489924ns          218946 1c008214 01078793 addi             x15, x15, 16        x15=1c0001ec x15:1c0001dc
13489944ns          218947 1c008216 01070713 addi             x14, x14, 16        x14=100014a8 x14:10001498
13489964ns          218948 1c0081fc 0007a883 lw               x17, 0(x15)         x17=037c0c68 x15:1c0001ec  PA:1c0001ec
13490262ns          218963 1c008200 0047a803 lw               x16, 4(x15)         x16=05d9007a x15:1c0001ec  PA:1c0001f0
13490561ns          218978 1c008204 0087a503 lw               x10, 8(x15)         x10=04e90ce5 x15:1c0001ec  PA:1c0001f4
13490958ns          218998 1c008206 00c7a583 lw               x11, 12(x15)        x11=0b5e0cdf x15:1c0001ec  PA:1c0001f8
13491356ns          219018 1c008208 01172023 sw               x17, 0(x14)         x17:037c0c68 x14:100014a8  PA:100014a8
13491376ns          219019 1c00820c 01072223 sw               x16, 4(x14)         x16:05d9007a x14:100014a8  PA:100014ac
13491396ns          219020 1c008210 00a72423 sw               x10, 8(x14)         x10:04e90ce5 x14:100014a8  PA:100014b0
13491416ns          219021 1c008212 00b72623 sw               x11, 12(x14)        x11:0b5e0cdf x14:100014a8  PA:100014b4
13491436ns          219022 1c008214 01078793 addi             x15, x15, 16        x15=1c0001fc x15:1c0001ec
13491455ns          219023 1c008216 01070713 addi             x14, x14, 16        x14=100014b8 x14:100014a8
13491475ns          219024 1c0081fc 0007a883 lw               x17, 0(x15)         x17=09200b92 x15:1c0001fc  PA:1c0001fc
13491774ns          219039 1c008200 0047a803 lw               x16, 4(x15)         x16=070e005e x15:1c0001fc  PA:1c000200
13492072ns          219054 1c008204 0087a503 lw               x10, 8(x15)         x10=010400cf x15:1c0001fc  PA:1c000204
13492370ns          219069 1c008206 00c7a583 lw               x11, 12(x15)        x11=093f08ba x15:1c0001fc  PA:1c000208
13492669ns          219084 1c008208 01172023 sw               x17, 0(x14)         x17:09200b92 x14:100014b8  PA:100014b8
13492689ns          219085 1c00820c 01072223 sw               x16, 4(x14)         x16:070e005e x14:100014b8  PA:100014bc
13492708ns          219086 1c008210 00a72423 sw               x10, 8(x14)         x10:010400cf x14:100014b8  PA:100014c0
13492728ns          219087 1c008212 00b72623 sw               x11, 12(x14)        x11:093f08ba x14:100014b8  PA:100014c4
13492748ns          219088 1c008214 01078793 addi             x15, x15, 16        x15=1c00020c x15:1c0001fc
13492768ns          219089 1c008216 01070713 addi             x14, x14, 16        x14=100014c8 x14:100014b8
13492788ns          219090 1c0081fc 0007a883 lw               x17, 0(x15)         x17=038f0dc5 x15:1c00020c  PA:1c00020c
13493086ns          219105 1c008200 0047a803 lw               x16, 4(x15)         x16=0a890b91 x15:1c00020c  PA:1c000210
13493385ns          219120 1c008204 0087a503 lw               x10, 8(x15)         x10=0c010305 x15:1c00020c  PA:1c000214
13493762ns          219139 1c008206 00c7a583 lw               x11, 12(x15)        x11=0cb20a9e x15:1c00020c  PA:1c000218
13494061ns          219154 1c008208 01172023 sw               x17, 0(x14)         x17:038f0dc5 x14:100014c8  PA:100014c8
13494081ns          219155 1c00820c 01072223 sw               x16, 4(x14)         x16:0a890b91 x14:100014c8  PA:100014cc
13494101ns          219156 1c008210 00a72423 sw               x10, 8(x14)         x10:0c010305 x14:100014c8  PA:100014d0
13494120ns          219157 1c008212 00b72623 sw               x11, 12(x14)        x11:0cb20a9e x14:100014c8  PA:100014d4
13494140ns          219158 1c008214 01078793 addi             x15, x15, 16        x15=1c00021c x15:1c00020c
13494160ns          219159 1c008216 01070713 addi             x14, x14, 16        x14=100014d8 x14:100014c8
13494180ns          219160 1c0081fc 0007a883 lw               x17, 0(x15)         x17=08a00cb6 x15:1c00021c  PA:1c00021c
13494478ns          219175 1c008200 0047a803 lw               x16, 4(x15)         x16=0db9007d x15:1c00021c  PA:1c000220
13494797ns          219191 1c008204 0087a503 lw               x10, 8(x15)         x10=07210b10 x15:1c00021c  PA:1c000224
13495095ns          219206 1c008206 00c7a583 lw               x11, 12(x15)        x11=08f50916 x15:1c00021c  PA:1c000228
13495393ns          219221 1c008208 01172023 sw               x17, 0(x14)         x17:08a00cb6 x14:100014d8  PA:100014d8
13495413ns          219222 1c00820c 01072223 sw               x16, 4(x14)         x16:0db9007d x14:100014d8  PA:100014dc
13495433ns          219223 1c008210 00a72423 sw               x10, 8(x14)         x10:07210b10 x14:100014d8  PA:100014e0
13495453ns          219224 1c008212 00b72623 sw               x11, 12(x14)        x11:08f50916 x14:100014d8  PA:100014e4
13495473ns          219225 1c008214 01078793 addi             x15, x15, 16        x15=1c00022c x15:1c00021c
13495493ns          219226 1c008216 01070713 addi             x14, x14, 16        x14=100014e8 x14:100014d8
13495513ns          219227 1c0081fc 0007a883 lw               x17, 0(x15)         x17=05d30497 x15:1c00022c  PA:1c00022c
13495811ns          219242 1c008200 0047a803 lw               x16, 4(x15)         x16=06090280 x15:1c00022c  PA:1c000230
13496129ns          219258 1c008204 0087a503 lw               x10, 8(x15)         x10=08d10233 x15:1c00022c  PA:1c000234
13496427ns          219273 1c008206 00c7a583 lw               x11, 12(x15)        x11=02700135 x15:1c00022c  PA:1c000238
13496726ns          219288 1c008208 01172023 sw               x17, 0(x14)         x17:05d30497 x14:100014e8  PA:100014e8
13496746ns          219289 1c00820c 01072223 sw               x16, 4(x14)         x16:06090280 x14:100014e8  PA:100014ec
13496766ns          219290 1c008210 00a72423 sw               x10, 8(x14)         x10:08d10233 x14:100014e8  PA:100014f0
13496785ns          219291 1c008212 00b72623 sw               x11, 12(x14)        x11:02700135 x14:100014e8  PA:100014f4
13496805ns          219292 1c008214 01078793 addi             x15, x15, 16        x15=1c00023c x15:1c00022c
13496825ns          219293 1c008216 01070713 addi             x14, x14, 16        x14=100014f8 x14:100014e8
13496845ns          219294 1c0081fc 0007a883 lw               x17, 0(x15)         x17=0c1c0267 x15:1c00023c  PA:1c00023c
13497143ns          219309 1c008200 0047a803 lw               x16, 4(x15)         x16=08730016 x15:1c00023c  PA:1c000240
13497462ns          219325 1c008204 0087a503 lw               x10, 8(x15)         x10=022b060e x15:1c00023c  PA:1c000244
13497760ns          219340 1c008206 00c7a583 lw               x11, 12(x15)        x11=058e0ae8 x15:1c00023c  PA:1c000248
13498058ns          219355 1c008208 01172023 sw               x17, 0(x14)         x17:0c1c0267 x14:100014f8  PA:100014f8
13498078ns          219356 1c00820c 01072223 sw               x16, 4(x14)         x16:08730016 x14:100014f8  PA:100014fc
13498098ns          219357 1c008210 00a72423 sw               x10, 8(x14)         x10:022b060e x14:100014f8  PA:10001500
13498118ns          219358 1c008212 00b72623 sw               x11, 12(x14)        x11:058e0ae8 x14:100014f8  PA:10001504
13498138ns          219359 1c008214 01078793 addi             x15, x15, 16        x15=1c00024c x15:1c00023c
13498158ns          219360 1c008216 01070713 addi             x14, x14, 16        x14=10001508 x14:100014f8
13498178ns          219361 1c0081fc 0007a883 lw               x17, 0(x15)         x17=03c705a2 x15:1c00024c  PA:1c00024c
13498476ns          219376 1c008200 0047a803 lw               x16, 4(x15)         x16=08550400 x15:1c00024c  PA:1c000250
13498794ns          219392 1c008204 0087a503 lw               x10, 8(x15)         x10=09c902a8 x15:1c00024c  PA:1c000254
13499092ns          219407 1c008206 00c7a583 lw               x11, 12(x15)        x11=0cc307ce x15:1c00024c  PA:1c000258
13499391ns          219422 1c008208 01172023 sw               x17, 0(x14)         x17:03c705a2 x14:10001508  PA:10001508
13499411ns          219423 1c00820c 01072223 sw               x16, 4(x14)         x16:08550400 x14:10001508  PA:1000150c
13499431ns          219424 1c008210 00a72423 sw               x10, 8(x14)         x10:09c902a8 x14:10001508  PA:10001510
13499450ns          219425 1c008212 00b72623 sw               x11, 12(x14)        x11:0cc307ce x14:10001508  PA:10001514
13499470ns          219426 1c008214 01078793 addi             x15, x15, 16        x15=1c00025c x15:1c00024c
13499490ns          219427 1c008216 01070713 addi             x14, x14, 16        x14=10001518 x14:10001508
13499510ns          219428 1c0081fc 0007a883 lw               x17, 0(x15)         x17=07b9098f x15:1c00025c  PA:1c00025c
13499868ns          219446 1c008200 0047a803 lw               x16, 4(x15)         x16=022b042e x15:1c00025c  PA:1c000260
13500186ns          219462 1c008204 0087a503 lw               x10, 8(x15)         x10=0b740bf3 x15:1c00025c  PA:1c000264
13500485ns          219477 1c008206 00c7a583 lw               x11, 12(x15)        x11=00c80a35 x15:1c00025c  PA:1c000268
13500783ns          219492 1c008208 01172023 sw               x17, 0(x14)         x17:07b9098f x14:10001518  PA:10001518
13500803ns          219493 1c00820c 01072223 sw               x16, 4(x14)         x16:022b042e x14:10001518  PA:1000151c
13500823ns          219494 1c008210 00a72423 sw               x10, 8(x14)         x10:0b740bf3 x14:10001518  PA:10001520
13500843ns          219495 1c008212 00b72623 sw               x11, 12(x14)        x11:00c80a35 x14:10001518  PA:10001524
13500862ns          219496 1c008214 01078793 addi             x15, x15, 16        x15=1c00026c x15:1c00025c
13500882ns          219497 1c008216 01070713 addi             x14, x14, 16        x14=10001528 x14:10001518
13500902ns          219498 1c0081fc 0007a883 lw               x17, 0(x15)         x17=00ba0d4d x15:1c00026c  PA:1c00026c
13501201ns          219513 1c008200 0047a803 lw               x16, 4(x15)         x16=0bbe0953 x15:1c00026c  PA:1c000270
13501519ns          219529 1c008204 0087a503 lw               x10, 8(x15)         x10=09d102c0 x15:1c00026c  PA:1c000274
13501897ns          219548 1c008206 00c7a583 lw               x11, 12(x15)        x11=0ffe04e7 x15:1c00026c  PA:1c000278
13502294ns          219568 1c008208 01172023 sw               x17, 0(x14)         x17:00ba0d4d x14:10001528  PA:10001528
13502314ns          219569 1c00820c 01072223 sw               x16, 4(x14)         x16:0bbe0953 x14:10001528  PA:1000152c
13502334ns          219570 1c008210 00a72423 sw               x10, 8(x14)         x10:09d102c0 x14:10001528  PA:10001530
13502354ns          219571 1c008212 00b72623 sw               x11, 12(x14)        x11:0ffe04e7 x14:10001528  PA:10001534
13502374ns          219572 1c008214 01078793 addi             x15, x15, 16        x15=1c00027c x15:1c00026c
13502394ns          219573 1c008216 01070713 addi             x14, x14, 16        x14=10001538 x14:10001528
13502414ns          219574 1c0081fc 0007a883 lw               x17, 0(x15)         x17=02860168 x15:1c00027c  PA:1c00027c
13502732ns          219590 1c008200 0047a803 lw               x16, 4(x15)         x16=0b1a065d x15:1c00027c  PA:1c000280
13503030ns          219605 1c008204 0087a503 lw               x10, 8(x15)         x10=0c5b0643 x15:1c00027c  PA:1c000284
13503348ns          219621 1c008206 00c7a583 lw               x11, 12(x15)        x11=037f050d x15:1c00027c  PA:1c000288
13503647ns          219636 1c008208 01172023 sw               x17, 0(x14)         x17:02860168 x14:10001538  PA:10001538
13503667ns          219637 1c00820c 01072223 sw               x16, 4(x14)         x16:0b1a065d x14:10001538  PA:1000153c
13503687ns          219638 1c008210 00a72423 sw               x10, 8(x14)         x10:0c5b0643 x14:10001538  PA:10001540
13503706ns          219639 1c008212 00b72623 sw               x11, 12(x14)        x11:037f050d x14:10001538  PA:10001544
13503726ns          219640 1c008214 01078793 addi             x15, x15, 16        x15=1c00028c x15:1c00027c
13503746ns          219641 1c008216 01070713 addi             x14, x14, 16        x14=10001548 x14:10001538
13503766ns          219642 1c0081fc 0007a883 lw               x17, 0(x15)         x17=04870893 x15:1c00028c  PA:1c00028c
13504184ns          219663 1c008200 0047a803 lw               x16, 4(x15)         x16=059a0311 x15:1c00028c  PA:1c000290
13504482ns          219678 1c008204 0087a503 lw               x10, 8(x15)         x10=04670e0f x15:1c00028c  PA:1c000294
13504780ns          219693 1c008206 00c7a583 lw               x11, 12(x15)        x11=0896004b x15:1c00028c  PA:1c000298
13505079ns          219708 1c008208 01172023 sw               x17, 0(x14)         x17:04870893 x14:10001548  PA:10001548
13505099ns          219709 1c00820c 01072223 sw               x16, 4(x14)         x16:059a0311 x14:10001548  PA:1000154c
13505119ns          219710 1c008210 00a72423 sw               x10, 8(x14)         x10:04670e0f x14:10001548  PA:10001550
13505138ns          219711 1c008212 00b72623 sw               x11, 12(x14)        x11:0896004b x14:10001548  PA:10001554
13505158ns          219712 1c008214 01078793 addi             x15, x15, 16        x15=1c00029c x15:1c00028c
13505178ns          219713 1c008216 01070713 addi             x14, x14, 16        x14=10001558 x14:10001548
13505198ns          219714 1c008218 00c007b3 add              x15, x0, x12        x15=1c00029c x12:1c00029c
13505218ns          219715 1c00821a 29010713 addi             x14, x2, 656        x14=10001558  x2:100012c8
13505238ns          219716 1c00821c 0286d0fb lp.setupi        0x1, 0x28, 0xd     
13505258ns          219717 1c008220 0007a803 lw               x16, 0(x15)         x16=0fa30c6d x15:1c00029c  PA:1c00029c
13505715ns          219740 1c008224 0047a503 lw               x10, 4(x15)         x10=0c8d0e97 x15:1c00029c  PA:1c0002a0
13506013ns          219755 1c008226 0087a583 lw               x11, 8(x15)         x11=0ffb00de x15:1c00029c  PA:1c0002a4
13506332ns          219771 1c008228 00c7a603 lw               x12, 12(x15)        x12=00a300a0 x15:1c00029c  PA:1c0002a8
13506749ns          219792 1c00822a 01072023 sw               x16, 0(x14)         x16:0fa30c6d x14:10001558  PA:10001558
13506769ns          219793 1c00822e 00a72223 sw               x10, 4(x14)         x10:0c8d0e97 x14:10001558  PA:1000155c
13506789ns          219794 1c008230 00b72423 sw               x11, 8(x14)         x11:0ffb00de x14:10001558  PA:10001560
13506809ns          219795 1c008232 00c72623 sw               x12, 12(x14)        x12:00a300a0 x14:10001558  PA:10001564
13506829ns          219796 1c008234 01078793 addi             x15, x15, 16        x15=1c0002ac x15:1c00029c
13506849ns          219797 1c008236 01070713 addi             x14, x14, 16        x14=10001568 x14:10001558
13507087ns          219809 1c008220 0007a803 lw               x16, 0(x15)         x16=0f6a01cf x15:1c0002ac  PA:1c0002ac
13507465ns          219828 1c008224 0047a503 lw               x10, 4(x15)         x10=021400d5 x15:1c0002ac  PA:1c0002b0
13507823ns          219846 1c008226 0087a583 lw               x11, 8(x15)         x11=0fb30e58 x15:1c0002ac  PA:1c0002b4
13508241ns          219867 1c008228 00c7a603 lw               x12, 12(x15)        x12=0059012a x15:1c0002ac  PA:1c0002b8
13508639ns          219887 1c00822a 01072023 sw               x16, 0(x14)         x16:0f6a01cf x14:10001568  PA:10001568
13508659ns          219888 1c00822e 00a72223 sw               x10, 4(x14)         x10:021400d5 x14:10001568  PA:1000156c
13508678ns          219889 1c008230 00b72423 sw               x11, 8(x14)         x11:0fb30e58 x14:10001568  PA:10001570
13508698ns          219890 1c008232 00c72623 sw               x12, 12(x14)        x12:0059012a x14:10001568  PA:10001574
13508718ns          219891 1c008234 01078793 addi             x15, x15, 16        x15=1c0002bc x15:1c0002ac
13508738ns          219892 1c008236 01070713 addi             x14, x14, 16        x14=10001578 x14:10001568
13508758ns          219893 1c008220 0007a803 lw               x16, 0(x15)         x16=0ea90e09 x15:1c0002bc  PA:1c0002bc
13509056ns          219908 1c008224 0047a503 lw               x10, 4(x15)         x10=0e4b0067 x15:1c0002bc  PA:1c0002c0
13509375ns          219924 1c008226 0087a583 lw               x11, 8(x15)         x11=00a80f22 x15:1c0002bc  PA:1c0002c4
13509673ns          219939 1c008228 00c7a603 lw               x12, 12(x15)        x12=0ddc0146 x15:1c0002bc  PA:1c0002c8
13509971ns          219954 1c00822a 01072023 sw               x16, 0(x14)         x16:0ea90e09 x14:10001578  PA:10001578
13509991ns          219955 1c00822e 00a72223 sw               x10, 4(x14)         x10:0e4b0067 x14:10001578  PA:1000157c
13510011ns          219956 1c008230 00b72423 sw               x11, 8(x14)         x11:00a80f22 x14:10001578  PA:10001580
13510031ns          219957 1c008232 00c72623 sw               x12, 12(x14)        x12:0ddc0146 x14:10001578  PA:10001584
13510051ns          219958 1c008234 01078793 addi             x15, x15, 16        x15=1c0002cc x15:1c0002bc
13510071ns          219959 1c008236 01070713 addi             x14, x14, 16        x14=10001588 x14:10001578
13510091ns          219960 1c008220 0007a803 lw               x16, 0(x15)         x16=00580004 x15:1c0002cc  PA:1c0002cc
13510389ns          219975 1c008224 0047a503 lw               x10, 4(x15)         x10=0ef001ca x15:1c0002cc  PA:1c0002d0
13510767ns          219994 1c008226 0087a583 lw               x11, 8(x15)         x11=01b30e9d x15:1c0002cc  PA:1c0002d4
13511164ns          220014 1c008228 00c7a603 lw               x12, 12(x15)        x12=00570fb3 x15:1c0002cc  PA:1c0002d8
13511562ns          220034 1c00822a 01072023 sw               x16, 0(x14)         x16:00580004 x14:10001588  PA:10001588
13511582ns          220035 1c00822e 00a72223 sw               x10, 4(x14)         x10:0ef001ca x14:10001588  PA:1000158c
13511602ns          220036 1c008230 00b72423 sw               x11, 8(x14)         x11:01b30e9d x14:10001588  PA:10001590
13511622ns          220037 1c008232 00c72623 sw               x12, 12(x14)        x12:00570fb3 x14:10001588  PA:10001594
13511642ns          220038 1c008234 01078793 addi             x15, x15, 16        x15=1c0002dc x15:1c0002cc
13511662ns          220039 1c008236 01070713 addi             x14, x14, 16        x14=10001598 x14:10001588
13511682ns          220040 1c008220 0007a803 lw               x16, 0(x15)         x16=0e57005c x15:1c0002dc  PA:1c0002dc
13512000ns          220056 1c008224 0047a503 lw               x10, 4(x15)         x10=0f470f14 x15:1c0002dc  PA:1c0002e0
13512298ns          220071 1c008226 0087a583 lw               x11, 8(x15)         x11=0e380166 x15:1c0002dc  PA:1c0002e4
13512596ns          220086 1c008228 00c7a603 lw               x12, 12(x15)        x12=01c202b6 x15:1c0002dc  PA:1c0002e8
13512895ns          220101 1c00822a 01072023 sw               x16, 0(x14)         x16:0e57005c x14:10001598  PA:10001598
13512915ns          220102 1c00822e 00a72223 sw               x10, 4(x14)         x10:0f470f14 x14:10001598  PA:1000159c
13512935ns          220103 1c008230 00b72423 sw               x11, 8(x14)         x11:0e380166 x14:10001598  PA:100015a0
13512954ns          220104 1c008232 00c72623 sw               x12, 12(x14)        x12:01c202b6 x14:10001598  PA:100015a4
13512974ns          220105 1c008234 01078793 addi             x15, x15, 16        x15=1c0002ec x15:1c0002dc
13512994ns          220106 1c008236 01070713 addi             x14, x14, 16        x14=100015a8 x14:10001598
13513014ns          220107 1c008220 0007a803 lw               x16, 0(x15)         x16=0eba0d5c x15:1c0002ec  PA:1c0002ec
13513332ns          220123 1c008224 0047a503 lw               x10, 4(x15)         x10=0e380eae x15:1c0002ec  PA:1c0002f0
13513631ns          220138 1c008226 0087a583 lw               x11, 8(x15)         x11=0e8d0157 x15:1c0002ec  PA:1c0002f4
13513929ns          220153 1c008228 00c7a603 lw               x12, 12(x15)        x12=0fb70fdf x15:1c0002ec  PA:1c0002f8
13514227ns          220168 1c00822a 01072023 sw               x16, 0(x14)         x16:0eba0d5c x14:100015a8  PA:100015a8
13514247ns          220169 1c00822e 00a72223 sw               x10, 4(x14)         x10:0e380eae x14:100015a8  PA:100015ac
13514267ns          220170 1c008230 00b72423 sw               x11, 8(x14)         x11:0e8d0157 x14:100015a8  PA:100015b0
13514287ns          220171 1c008232 00c72623 sw               x12, 12(x14)        x12:0fb70fdf x14:100015a8  PA:100015b4
13514307ns          220172 1c008234 01078793 addi             x15, x15, 16        x15=1c0002fc x15:1c0002ec
13514327ns          220173 1c008236 01070713 addi             x14, x14, 16        x14=100015b8 x14:100015a8
13514347ns          220174 1c008220 0007a803 lw               x16, 0(x15)         x16=00890230 x15:1c0002fc  PA:1c0002fc
13514665ns          220190 1c008224 0047a503 lw               x10, 4(x15)         x10=0fb10442 x15:1c0002fc  PA:1c000300
13514963ns          220205 1c008226 0087a583 lw               x11, 8(x15)         x11=004300ad x15:1c0002fc  PA:1c000304
13515261ns          220220 1c008228 00c7a603 lw               x12, 12(x15)        x12=006d0e2f x15:1c0002fc  PA:1c000308
13515560ns          220235 1c00822a 01072023 sw               x16, 0(x14)         x16:00890230 x14:100015b8  PA:100015b8
13515580ns          220236 1c00822e 00a72223 sw               x10, 4(x14)         x10:0fb10442 x14:100015b8  PA:100015bc
13515600ns          220237 1c008230 00b72423 sw               x11, 8(x14)         x11:004300ad x14:100015b8  PA:100015c0
13515619ns          220238 1c008232 00c72623 sw               x12, 12(x14)        x12:006d0e2f x14:100015b8  PA:100015c4
13515639ns          220239 1c008234 01078793 addi             x15, x15, 16        x15=1c00030c x15:1c0002fc
13515659ns          220240 1c008236 01070713 addi             x14, x14, 16        x14=100015c8 x14:100015b8
13515679ns          220241 1c008220 0007a803 lw               x16, 0(x15)         x16=0d1a0fe2 x15:1c00030c  PA:1c00030c
13515997ns          220257 1c008224 0047a503 lw               x10, 4(x15)         x10=007803a6 x15:1c00030c  PA:1c000310
13516315ns          220273 1c008226 0087a583 lw               x11, 8(x15)         x11=0d840e7f x15:1c00030c  PA:1c000314
13516713ns          220293 1c008228 00c7a603 lw               x12, 12(x15)        x12=0008001d x15:1c00030c  PA:1c000318
13517111ns          220313 1c00822a 01072023 sw               x16, 0(x14)         x16:0d1a0fe2 x14:100015c8  PA:100015c8
13517131ns          220314 1c00822e 00a72223 sw               x10, 4(x14)         x10:007803a6 x14:100015c8  PA:100015cc
13517151ns          220315 1c008230 00b72423 sw               x11, 8(x14)         x11:0d840e7f x14:100015c8  PA:100015d0
13517171ns          220316 1c008232 00c72623 sw               x12, 12(x14)        x12:0008001d x14:100015c8  PA:100015d4
13517191ns          220317 1c008234 01078793 addi             x15, x15, 16        x15=1c00031c x15:1c00030c
13517210ns          220318 1c008236 01070713 addi             x14, x14, 16        x14=100015d8 x14:100015c8
13517230ns          220319 1c008220 0007a803 lw               x16, 0(x15)         x16=0e1c0133 x15:1c00031c  PA:1c00031c
13517529ns          220334 1c008224 0047a503 lw               x10, 4(x15)         x10=00ae0d87 x15:1c00031c  PA:1c000320
13517827ns          220349 1c008226 0087a583 lw               x11, 8(x15)         x11=0f770e25 x15:1c00031c  PA:1c000324
13518125ns          220364 1c008228 00c7a603 lw               x12, 12(x15)        x12=0fa500cf x15:1c00031c  PA:1c000328
13518424ns          220379 1c00822a 01072023 sw               x16, 0(x14)         x16:0e1c0133 x14:100015d8  PA:100015d8
13518443ns          220380 1c00822e 00a72223 sw               x10, 4(x14)         x10:00ae0d87 x14:100015d8  PA:100015dc
13518463ns          220381 1c008230 00b72423 sw               x11, 8(x14)         x11:0f770e25 x14:100015d8  PA:100015e0
13518483ns          220382 1c008232 00c72623 sw               x12, 12(x14)        x12:0fa500cf x14:100015d8  PA:100015e4
13518503ns          220383 1c008234 01078793 addi             x15, x15, 16        x15=1c00032c x15:1c00031c
13518523ns          220384 1c008236 01070713 addi             x14, x14, 16        x14=100015e8 x14:100015d8
13518543ns          220385 1c008220 0007a803 lw               x16, 0(x15)         x16=0f470e5d x15:1c00032c  PA:1c00032c
13518841ns          220400 1c008224 0047a503 lw               x10, 4(x15)         x10=02610d5f x15:1c00032c  PA:1c000330
13519199ns          220418 1c008226 0087a583 lw               x11, 8(x15)         x11=0e4601f7 x15:1c00032c  PA:1c000334
13519498ns          220433 1c008228 00c7a603 lw               x12, 12(x15)        x12=0ee8002b x15:1c00032c  PA:1c000338
13519796ns          220448 1c00822a 01072023 sw               x16, 0(x14)         x16:0f470e5d x14:100015e8  PA:100015e8
13519816ns          220449 1c00822e 00a72223 sw               x10, 4(x14)         x10:02610d5f x14:100015e8  PA:100015ec
13519836ns          220450 1c008230 00b72423 sw               x11, 8(x14)         x11:0e4601f7 x14:100015e8  PA:100015f0
13519856ns          220451 1c008232 00c72623 sw               x12, 12(x14)        x12:0ee8002b x14:100015e8  PA:100015f4
13519875ns          220452 1c008234 01078793 addi             x15, x15, 16        x15=1c00033c x15:1c00032c
13519895ns          220453 1c008236 01070713 addi             x14, x14, 16        x14=100015f8 x14:100015e8
13519915ns          220454 1c008220 0007a803 lw               x16, 0(x15)         x16=01b90f79 x15:1c00033c  PA:1c00033c
13520214ns          220469 1c008224 0047a503 lw               x10, 4(x15)         x10=0e0501ed x15:1c00033c  PA:1c000340
13520552ns          220486 1c008226 0087a583 lw               x11, 8(x15)         x11=0e9b0e3f x15:1c00033c  PA:1c000344
13520850ns          220501 1c008228 00c7a603 lw               x12, 12(x15)        x12=00790059 x15:1c00033c  PA:1c000348
13521148ns          220516 1c00822a 01072023 sw               x16, 0(x14)         x16:01b90f79 x14:100015f8  PA:100015f8
13521168ns          220517 1c00822e 00a72223 sw               x10, 4(x14)         x10:0e0501ed x14:100015f8  PA:100015fc
13521188ns          220518 1c008230 00b72423 sw               x11, 8(x14)         x11:0e9b0e3f x14:100015f8  PA:10001600
13521208ns          220519 1c008232 00c72623 sw               x12, 12(x14)        x12:00790059 x14:100015f8  PA:10001604
13521228ns          220520 1c008234 01078793 addi             x15, x15, 16        x15=1c00034c x15:1c00033c
13521248ns          220521 1c008236 01070713 addi             x14, x14, 16        x14=10001608 x14:100015f8
13521268ns          220522 1c008220 0007a803 lw               x16, 0(x15)         x16=00610103 x15:1c00034c  PA:1c00034c
13521566ns          220537 1c008224 0047a503 lw               x10, 4(x15)         x10=0db9014b x15:1c00034c  PA:1c000350
13521924ns          220555 1c008226 0087a583 lw               x11, 8(x15)         x11=00b40186 x15:1c00034c  PA:1c000354
13522282ns          220573 1c008228 00c7a603 lw               x12, 12(x15)        x12=0fba0272 x15:1c00034c  PA:1c000358
13522700ns          220594 1c00822a 01072023 sw               x16, 0(x14)         x16:00610103 x14:10001608  PA:10001608
13522719ns          220595 1c00822e 00a72223 sw               x10, 4(x14)         x10:0db9014b x14:10001608  PA:1000160c
13522739ns          220596 1c008230 00b72423 sw               x11, 8(x14)         x11:00b40186 x14:10001608  PA:10001610
13522759ns          220597 1c008232 00c72623 sw               x12, 12(x14)        x12:0fba0272 x14:10001608  PA:10001614
13522779ns          220598 1c008234 01078793 addi             x15, x15, 16        x15=1c00035c x15:1c00034c
13522799ns          220599 1c008236 01070713 addi             x14, x14, 16        x14=10001618 x14:10001608
13522819ns          220600 1c008220 0007a803 lw               x16, 0(x15)         x16=0fc90035 x15:1c00035c  PA:1c00035c
13523117ns          220615 1c008224 0047a503 lw               x10, 4(x15)         x10=0ead0fc3 x15:1c00035c  PA:1c000360
13523415ns          220630 1c008226 0087a583 lw               x11, 8(x15)         x11=0e520def x15:1c00035c  PA:1c000364
13523714ns          220645 1c008228 00c7a603 lw               x12, 12(x15)        x12=00680287 x15:1c00035c  PA:1c000368
13524012ns          220660 1c00822a 01072023 sw               x16, 0(x14)         x16:0fc90035 x14:10001618  PA:10001618
13524032ns          220661 1c00822e 00a72223 sw               x10, 4(x14)         x10:0ead0fc3 x14:10001618  PA:1000161c
13524052ns          220662 1c008230 00b72423 sw               x11, 8(x14)         x11:0e520def x14:10001618  PA:10001620
13524072ns          220663 1c008232 00c72623 sw               x12, 12(x14)        x12:00680287 x14:10001618  PA:10001624
13524092ns          220664 1c008234 01078793 addi             x15, x15, 16        x15=1c00036c x15:1c00035c
13524112ns          220665 1c008236 01070713 addi             x14, x14, 16        x14=10001628 x14:10001618
13524131ns          220666 1c008220 0007a803 lw               x16, 0(x15)         x16=0f650edb x15:1c00036c  PA:1c00036c
13524430ns          220681 1c008224 0047a503 lw               x10, 4(x15)         x10=00670f19 x15:1c00036c  PA:1c000370
13524728ns          220696 1c008226 0087a583 lw               x11, 8(x15)         x11=0d9f0e75 x15:1c00036c  PA:1c000374
13525026ns          220711 1c008228 00c7a603 lw               x12, 12(x15)        x12=01ad0c5f x15:1c00036c  PA:1c000378
13525345ns          220727 1c00822a 01072023 sw               x16, 0(x14)         x16:0f650edb x14:10001628  PA:10001628
13525365ns          220728 1c00822e 00a72223 sw               x10, 4(x14)         x10:00670f19 x14:10001628  PA:1000162c
13525384ns          220729 1c008230 00b72423 sw               x11, 8(x14)         x11:0d9f0e75 x14:10001628  PA:10001630
13525404ns          220730 1c008232 00c72623 sw               x12, 12(x14)        x12:01ad0c5f x14:10001628  PA:10001634
13525424ns          220731 1c008234 01078793 addi             x15, x15, 16        x15=1c00037c x15:1c00036c
13525444ns          220732 1c008236 01070713 addi             x14, x14, 16        x14=10001638 x14:10001628
13525464ns          220733 1c008220 0007a803 lw               x16, 0(x15)         x16=013b00a2 x15:1c00037c  PA:1c00037c
13525762ns          220748 1c008224 0047a503 lw               x10, 4(x15)         x10=009900fc x15:1c00037c  PA:1c000380
13526100ns          220765 1c008226 0087a583 lw               x11, 8(x15)         x11=001f000e x15:1c00037c  PA:1c000384
13526498ns          220785 1c008228 00c7a603 lw               x12, 12(x15)        x12=004f0f2c x15:1c00037c  PA:1c000388
13526896ns          220805 1c00822a 01072023 sw               x16, 0(x14)         x16:013b00a2 x14:10001638  PA:10001638
13526916ns          220806 1c00822e 00a72223 sw               x10, 4(x14)         x10:009900fc x14:10001638  PA:1000163c
13526936ns          220807 1c008230 00b72423 sw               x11, 8(x14)         x11:001f000e x14:10001638  PA:10001640
13526956ns          220808 1c008232 00c72623 sw               x12, 12(x14)        x12:004f0f2c x14:10001638  PA:10001644
13526975ns          220809 1c008234 01078793 addi             x15, x15, 16        x15=1c00038c x15:1c00037c
13526995ns          220810 1c008236 01070713 addi             x14, x14, 16        x14=10001648 x14:10001638
13527015ns          220811 1c008220 0007a803 lw               x16, 0(x15)         x16=0c9b0228 x15:1c00038c  PA:1c00038c
13527314ns          220826 1c008224 0047a503 lw               x10, 4(x15)         x10=00af0026 x15:1c00038c  PA:1c000390
13527612ns          220841 1c008226 0087a583 lw               x11, 8(x15)         x11=0f5c0012 x15:1c00038c  PA:1c000394
13527930ns          220857 1c008228 00c7a603 lw               x12, 12(x15)        x12=017002c0 x15:1c00038c  PA:1c000398
13528228ns          220872 1c00822a 01072023 sw               x16, 0(x14)         x16:0c9b0228 x14:10001648  PA:10001648
13528248ns          220873 1c00822e 00a72223 sw               x10, 4(x14)         x10:00af0026 x14:10001648  PA:1000164c
13528268ns          220874 1c008230 00b72423 sw               x11, 8(x14)         x11:0f5c0012 x14:10001648  PA:10001650
13528288ns          220875 1c008232 00c72623 sw               x12, 12(x14)        x12:017002c0 x14:10001648  PA:10001654
13528308ns          220876 1c008234 01078793 addi             x15, x15, 16        x15=1c00039c x15:1c00038c
13528328ns          220877 1c008236 01070713 addi             x14, x14, 16        x14=10001658 x14:10001648
13528348ns          220878 1c008220 0007a803 lw               x16, 0(x15)         x16=0f770c56 x15:1c00039c  PA:1c00039c
13528646ns          220893 1c008224 0047a503 lw               x10, 4(x15)         x10=00210fee x15:1c00039c  PA:1c0003a0
13528944ns          220908 1c008226 0087a583 lw               x11, 8(x15)         x11=0fa90c57 x15:1c00039c  PA:1c0003a4
13529263ns          220924 1c008228 00c7a603 lw               x12, 12(x15)        x12=0103009d x15:1c00039c  PA:1c0003a8
13529581ns          220940 1c00822a 01072023 sw               x16, 0(x14)         x16:0f770c56 x14:10001658  PA:10001658
13529601ns          220941 1c00822e 00a72223 sw               x10, 4(x14)         x10:00210fee x14:10001658  PA:1000165c
13529621ns          220942 1c008230 00b72423 sw               x11, 8(x14)         x11:0fa90c57 x14:10001658  PA:10001660
13529640ns          220943 1c008232 00c72623 sw               x12, 12(x14)        x12:0103009d x14:10001658  PA:10001664
13529660ns          220944 1c008234 01078793 addi             x15, x15, 16        x15=1c0003ac x15:1c00039c
13529680ns          220945 1c008236 01070713 addi             x14, x14, 16        x14=10001668 x14:10001658
13529700ns          220946 1c008220 0007a803 lw               x16, 0(x15)         x16=0dde0019 x15:1c0003ac  PA:1c0003ac
13529998ns          220961 1c008224 0047a503 lw               x10, 4(x15)         x10=0e5a0d3f x15:1c0003ac  PA:1c0003b0
13530297ns          220976 1c008226 0087a583 lw               x11, 8(x15)         x11=0e2e011a x15:1c0003ac  PA:1c0003b4
13530615ns          220992 1c008228 00c7a603 lw               x12, 12(x15)        x12=0ea80080 x15:1c0003ac  PA:1c0003b8
13530913ns          221007 1c00822a 01072023 sw               x16, 0(x14)         x16:0dde0019 x14:10001668  PA:10001668
13530933ns          221008 1c00822e 00a72223 sw               x10, 4(x14)         x10:0e5a0d3f x14:10001668  PA:1000166c
13530953ns          221009 1c008230 00b72423 sw               x11, 8(x14)         x11:0e2e011a x14:10001668  PA:10001670
13530973ns          221010 1c008232 00c72623 sw               x12, 12(x14)        x12:0ea80080 x14:10001668  PA:10001674
13530993ns          221011 1c008234 01078793 addi             x15, x15, 16        x15=1c0003bc x15:1c0003ac
13531013ns          221012 1c008236 01070713 addi             x14, x14, 16        x14=10001678 x14:10001668
13531033ns          221013 1c008220 0007a803 lw               x16, 0(x15)         x16=0fab0fb5 x15:1c0003bc  PA:1c0003bc
13531331ns          221028 1c008224 0047a503 lw               x10, 4(x15)         x10=0f0300b1 x15:1c0003bc  PA:1c0003c0
13531629ns          221043 1c008226 0087a583 lw               x11, 8(x15)         x11=0fe10ef1 x15:1c0003bc  PA:1c0003c4
13531947ns          221059 1c008228 00c7a603 lw               x12, 12(x15)        x12=0ad302cf x15:1c0003bc  PA:1c0003c8
13532246ns          221074 1c00822a 01072023 sw               x16, 0(x14)         x16:0fab0fb5 x14:10001678  PA:10001678
13532266ns          221075 1c00822e 00a72223 sw               x10, 4(x14)         x10:0f0300b1 x14:10001678  PA:1000167c
13532286ns          221076 1c008230 00b72423 sw               x11, 8(x14)         x11:0fe10ef1 x14:10001678  PA:10001680
13532305ns          221077 1c008232 00c72623 sw               x12, 12(x14)        x12:0ad302cf x14:10001678  PA:10001684
13532325ns          221078 1c008234 01078793 addi             x15, x15, 16        x15=1c0003cc x15:1c0003bc
13532345ns          221079 1c008236 01070713 addi             x14, x14, 16        x14=10001688 x14:10001678
13532365ns          221080 1c008220 0007a803 lw               x16, 0(x15)         x16=0eae0fe5 x15:1c0003cc  PA:1c0003cc
13532663ns          221095 1c008224 0047a503 lw               x10, 4(x15)         x10=003c00af x15:1c0003cc  PA:1c0003d0
13532962ns          221110 1c008226 0087a583 lw               x11, 8(x15)         x11=029700f5 x15:1c0003cc  PA:1c0003d4
13533260ns          221125 1c008228 00c7a603 lw               x12, 12(x15)        x12=0fcf00a5 x15:1c0003cc  PA:1c0003d8
13533558ns          221140 1c00822a 01072023 sw               x16, 0(x14)         x16:0eae0fe5 x14:10001688  PA:10001688
13533578ns          221141 1c00822e 00a72223 sw               x10, 4(x14)         x10:003c00af x14:10001688  PA:1000168c
13533598ns          221142 1c008230 00b72423 sw               x11, 8(x14)         x11:029700f5 x14:10001688  PA:10001690
13533618ns          221143 1c008232 00c72623 sw               x12, 12(x14)        x12:0fcf00a5 x14:10001688  PA:10001694
13533638ns          221144 1c008234 01078793 addi             x15, x15, 16        x15=1c0003dc x15:1c0003cc
13533658ns          221145 1c008236 01070713 addi             x14, x14, 16        x14=10001698 x14:10001688
13533678ns          221146 1c008220 0007a803 lw               x16, 0(x15)         x16=025a0d94 x15:1c0003dc  PA:1c0003dc
13533976ns          221161 1c008224 0047a503 lw               x10, 4(x15)         x10=00900eb8 x15:1c0003dc  PA:1c0003e0
13534274ns          221176 1c008226 0087a583 lw               x11, 8(x15)         x11=034c022e x15:1c0003dc  PA:1c0003e4
13534593ns          221192 1c008228 00c7a603 lw               x12, 12(x15)        x12=00760e50 x15:1c0003dc  PA:1c0003e8
13534891ns          221207 1c00822a 01072023 sw               x16, 0(x14)         x16:025a0d94 x14:10001698  PA:10001698
13534911ns          221208 1c00822e 00a72223 sw               x10, 4(x14)         x10:00900eb8 x14:10001698  PA:1000169c
13534931ns          221209 1c008230 00b72423 sw               x11, 8(x14)         x11:034c022e x14:10001698  PA:100016a0
13534951ns          221210 1c008232 00c72623 sw               x12, 12(x14)        x12:00760e50 x14:10001698  PA:100016a4
13534970ns          221211 1c008234 01078793 addi             x15, x15, 16        x15=1c0003ec x15:1c0003dc
13534990ns          221212 1c008236 01070713 addi             x14, x14, 16        x14=100016a8 x14:10001698
13535010ns          221213 1c008220 0007a803 lw               x16, 0(x15)         x16=00400ee6 x15:1c0003ec  PA:1c0003ec
13535309ns          221228 1c008224 0047a503 lw               x10, 4(x15)         x10=0e240266 x15:1c0003ec  PA:1c0003f0
13535607ns          221243 1c008226 0087a583 lw               x11, 8(x15)         x11=00970ea3 x15:1c0003ec  PA:1c0003f4
13535925ns          221259 1c008228 00c7a603 lw               x12, 12(x15)        x12=01670e25 x15:1c0003ec  PA:1c0003f8
13536223ns          221274 1c00822a 01072023 sw               x16, 0(x14)         x16:00400ee6 x14:100016a8  PA:100016a8
13536243ns          221275 1c00822e 00a72223 sw               x10, 4(x14)         x10:0e240266 x14:100016a8  PA:100016ac
13536263ns          221276 1c008230 00b72423 sw               x11, 8(x14)         x11:00970ea3 x14:100016a8  PA:100016b0
13536283ns          221277 1c008232 00c72623 sw               x12, 12(x14)        x12:01670e25 x14:100016a8  PA:100016b4
13536303ns          221278 1c008234 01078793 addi             x15, x15, 16        x15=1c0003fc x15:1c0003ec
13536323ns          221279 1c008236 01070713 addi             x14, x14, 16        x14=100016b8 x14:100016a8
13536343ns          221280 1c008220 0007a803 lw               x16, 0(x15)         x16=009b0f1c x15:1c0003fc  PA:1c0003fc
13536641ns          221295 1c008224 0047a503 lw               x10, 4(x15)         x10=00250e36 x15:1c0003fc  PA:1c000400
13536939ns          221310 1c008226 0087a583 lw               x11, 8(x15)         x11=010a0dbb x15:1c0003fc  PA:1c000404
13537357ns          221331 1c008228 00c7a603 lw               x12, 12(x15)        x12=05680e49 x15:1c0003fc  PA:1c000408
13537755ns          221351 1c00822a 01072023 sw               x16, 0(x14)         x16:009b0f1c x14:100016b8  PA:100016b8
13537775ns          221352 1c00822e 00a72223 sw               x10, 4(x14)         x10:00250e36 x14:100016b8  PA:100016bc
13537795ns          221353 1c008230 00b72423 sw               x11, 8(x14)         x11:010a0dbb x14:100016b8  PA:100016c0
13537814ns          221354 1c008232 00c72623 sw               x12, 12(x14)        x12:05680e49 x14:100016b8  PA:100016c4
13537834ns          221355 1c008234 01078793 addi             x15, x15, 16        x15=1c00040c x15:1c0003fc
13537854ns          221356 1c008236 01070713 addi             x14, x14, 16        x14=100016c8 x14:100016b8
13537874ns          221357 1c008220 0007a803 lw               x16, 0(x15)         x16=0fb60efa x15:1c00040c  PA:1c00040c
13538172ns          221372 1c008224 0047a503 lw               x10, 4(x15)         x10=02e402b2 x15:1c00040c  PA:1c000410
13538491ns          221388 1c008226 0087a583 lw               x11, 8(x15)         x11=0f6e0fcb x15:1c00040c  PA:1c000414
13538789ns          221403 1c008228 00c7a603 lw               x12, 12(x15)        x12=0e120fa7 x15:1c00040c  PA:1c000418
13539087ns          221418 1c00822a 01072023 sw               x16, 0(x14)         x16:0fb60efa x14:100016c8  PA:100016c8
13539107ns          221419 1c00822e 00a72223 sw               x10, 4(x14)         x10:02e402b2 x14:100016c8  PA:100016cc
13539127ns          221420 1c008230 00b72423 sw               x11, 8(x14)         x11:0f6e0fcb x14:100016c8  PA:100016d0
13539147ns          221421 1c008232 00c72623 sw               x12, 12(x14)        x12:0e120fa7 x14:100016c8  PA:100016d4
13539167ns          221422 1c008234 01078793 addi             x15, x15, 16        x15=1c00041c x15:1c00040c
13539187ns          221423 1c008236 01070713 addi             x14, x14, 16        x14=100016d8 x14:100016c8
13539207ns          221424 1c008220 0007a803 lw               x16, 0(x15)         x16=0f520339 x15:1c00041c  PA:1c00041c
13539525ns          221440 1c008224 0047a503 lw               x10, 4(x15)         x10=0d1a0181 x15:1c00041c  PA:1c000420
13539883ns          221458 1c008226 0087a583 lw               x11, 8(x15)         x11=02af01d5 x15:1c00041c  PA:1c000424
13540281ns          221478 1c008228 00c7a603 lw               x12, 12(x15)        x12=0e7b0f6f x15:1c00041c  PA:1c000428
13540678ns          221498 1c00822a 01072023 sw               x16, 0(x14)         x16:0f520339 x14:100016d8  PA:100016d8
13540698ns          221499 1c00822e 00a72223 sw               x10, 4(x14)         x10:0d1a0181 x14:100016d8  PA:100016dc
13540718ns          221500 1c008230 00b72423 sw               x11, 8(x14)         x11:02af01d5 x14:100016d8  PA:100016e0
13540738ns          221501 1c008232 00c72623 sw               x12, 12(x14)        x12:0e7b0f6f x14:100016d8  PA:100016e4
13540758ns          221502 1c008234 01078793 addi             x15, x15, 16        x15=1c00042c x15:1c00041c
13540778ns          221503 1c008236 01070713 addi             x14, x14, 16        x14=100016e8 x14:100016d8
13540798ns          221504 1c008220 0007a803 lw               x16, 0(x15)         x16=011e0da0 x15:1c00042c  PA:1c00042c
13541116ns          221520 1c008224 0047a503 lw               x10, 4(x15)         x10=005a003e x15:1c00042c  PA:1c000430
13541454ns          221537 1c008226 0087a583 lw               x11, 8(x15)         x11=01490021 x15:1c00042c  PA:1c000434
13541852ns          221557 1c008228 00c7a603 lw               x12, 12(x15)        x12=01e90071 x15:1c00042c  PA:1c000438
13542249ns          221577 1c00822a 01072023 sw               x16, 0(x14)         x16:011e0da0 x14:100016e8  PA:100016e8
13542269ns          221578 1c00822e 00a72223 sw               x10, 4(x14)         x10:005a003e x14:100016e8  PA:100016ec
13542289ns          221579 1c008230 00b72423 sw               x11, 8(x14)         x11:01490021 x14:100016e8  PA:100016f0
13542309ns          221580 1c008232 00c72623 sw               x12, 12(x14)        x12:01e90071 x14:100016e8  PA:100016f4
13542329ns          221581 1c008234 01078793 addi             x15, x15, 16        x15=1c00043c x15:1c00042c
13542349ns          221582 1c008236 01070713 addi             x14, x14, 16        x14=100016f8 x14:100016e8
13542369ns          221583 1c008220 0007a803 lw               x16, 0(x15)         x16=0eab0085 x15:1c00043c  PA:1c00043c
13542707ns          221600 1c008224 0047a503 lw               x10, 4(x15)         x10=038f004d x15:1c00043c  PA:1c000440
13543065ns          221618 1c008226 0087a583 lw               x11, 8(x15)         x11=0c630e3a x15:1c00043c  PA:1c000444
13543463ns          221638 1c008228 00c7a603 lw               x12, 12(x15)        x12=02010f88 x15:1c00043c  PA:1c000448
13543880ns          221659 1c00822a 01072023 sw               x16, 0(x14)         x16:0eab0085 x14:100016f8  PA:100016f8
13543900ns          221660 1c00822e 00a72223 sw               x10, 4(x14)         x10:038f004d x14:100016f8  PA:100016fc
13543920ns          221661 1c008230 00b72423 sw               x11, 8(x14)         x11:0c630e3a x14:100016f8  PA:10001700
13543940ns          221662 1c008232 00c72623 sw               x12, 12(x14)        x12:02010f88 x14:100016f8  PA:10001704
13543960ns          221663 1c008234 01078793 addi             x15, x15, 16        x15=1c00044c x15:1c00043c
13543980ns          221664 1c008236 01070713 addi             x14, x14, 16        x14=10001708 x14:100016f8
13544000ns          221665 1c008220 0007a803 lw               x16, 0(x15)         x16=001a0157 x15:1c00044c  PA:1c00044c
13544298ns          221680 1c008224 0047a503 lw               x10, 4(x15)         x10=0e780001 x15:1c00044c  PA:1c000450
13544596ns          221695 1c008226 0087a583 lw               x11, 8(x15)         x11=014c0074 x15:1c00044c  PA:1c000454
13544895ns          221710 1c008228 00c7a603 lw               x12, 12(x15)        x12=00220fd4 x15:1c00044c  PA:1c000458
13545272ns          221729 1c00822a 01072023 sw               x16, 0(x14)         x16:001a0157 x14:10001708  PA:10001708
13545292ns          221730 1c00822e 00a72223 sw               x10, 4(x14)         x10:0e780001 x14:10001708  PA:1000170c
13545312ns          221731 1c008230 00b72423 sw               x11, 8(x14)         x11:014c0074 x14:10001708  PA:10001710
13545332ns          221732 1c008232 00c72623 sw               x12, 12(x14)        x12:00220fd4 x14:10001708  PA:10001714
13545352ns          221733 1c008234 01078793 addi             x15, x15, 16        x15=1c00045c x15:1c00044c
13545372ns          221734 1c008236 01070713 addi             x14, x14, 16        x14=10001718 x14:10001708
13545392ns          221735 1c008220 0007a803 lw               x16, 0(x15)         x16=00480db6 x15:1c00045c  PA:1c00045c
13545690ns          221750 1c008224 0047a503 lw               x10, 4(x15)         x10=01ee0038 x15:1c00045c  PA:1c000460
13545988ns          221765 1c008226 0087a583 lw               x11, 8(x15)         x11=0e2002cf x15:1c00045c  PA:1c000464
13546307ns          221781 1c008228 00c7a603 lw               x12, 12(x15)        x12=0e4c003f x15:1c00045c  PA:1c000468
13546605ns          221796 1c00822a 01072023 sw               x16, 0(x14)         x16:00480db6 x14:10001718  PA:10001718
13546625ns          221797 1c00822e 00a72223 sw               x10, 4(x14)         x10:01ee0038 x14:10001718  PA:1000171c
13546645ns          221798 1c008230 00b72423 sw               x11, 8(x14)         x11:0e2002cf x14:10001718  PA:10001720
13546665ns          221799 1c008232 00c72623 sw               x12, 12(x14)        x12:0e4c003f x14:10001718  PA:10001724
13546684ns          221800 1c008234 01078793 addi             x15, x15, 16        x15=1c00046c x15:1c00045c
13546704ns          221801 1c008236 01070713 addi             x14, x14, 16        x14=10001728 x14:10001718
13546724ns          221802 1c008220 0007a803 lw               x16, 0(x15)         x16=0ec20ffe x15:1c00046c  PA:1c00046c
13547023ns          221817 1c008224 0047a503 lw               x10, 4(x15)         x10=0fd202be x15:1c00046c  PA:1c000470
13547361ns          221834 1c008226 0087a583 lw               x11, 8(x15)         x11=0fa500b5 x15:1c00046c  PA:1c000474
13547778ns          221855 1c008228 00c7a603 lw               x12, 12(x15)        x12=0ceb0125 x15:1c00046c  PA:1c000478
13548176ns          221875 1c00822a 01072023 sw               x16, 0(x14)         x16:0ec20ffe x14:10001728  PA:10001728
13548196ns          221876 1c00822e 00a72223 sw               x10, 4(x14)         x10:0fd202be x14:10001728  PA:1000172c
13548216ns          221877 1c008230 00b72423 sw               x11, 8(x14)         x11:0fa500b5 x14:10001728  PA:10001730
13548236ns          221878 1c008232 00c72623 sw               x12, 12(x14)        x12:0ceb0125 x14:10001728  PA:10001734
13548256ns          221879 1c008234 01078793 addi             x15, x15, 16        x15=1c00047c x15:1c00046c
13548275ns          221880 1c008236 01070713 addi             x14, x14, 16        x14=10001738 x14:10001728
13548295ns          221881 1c008220 0007a803 lw               x16, 0(x15)         x16=0e260d8d x15:1c00047c  PA:1c00047c
13548594ns          221896 1c008224 0047a503 lw               x10, 4(x15)         x10=004601bd x15:1c00047c  PA:1c000480
13548892ns          221911 1c008226 0087a583 lw               x11, 8(x15)         x11=0ee30024 x15:1c00047c  PA:1c000484
13549250ns          221929 1c008228 00c7a603 lw               x12, 12(x15)        x12=01070d3c x15:1c00047c  PA:1c000488
13549648ns          221949 1c00822a 01072023 sw               x16, 0(x14)         x16:0e260d8d x14:10001738  PA:10001738
13549668ns          221950 1c00822e 00a72223 sw               x10, 4(x14)         x10:004601bd x14:10001738  PA:1000173c
13549688ns          221951 1c008230 00b72423 sw               x11, 8(x14)         x11:0ee30024 x14:10001738  PA:10001740
13549707ns          221952 1c008232 00c72623 sw               x12, 12(x14)        x12:01070d3c x14:10001738  PA:10001744
13549727ns          221953 1c008234 01078793 addi             x15, x15, 16        x15=1c00048c x15:1c00047c
13549747ns          221954 1c008236 01070713 addi             x14, x14, 16        x14=10001748 x14:10001738
13549767ns          221955 1c008220 0007a803 lw               x16, 0(x15)         x16=001f01bd x15:1c00048c  PA:1c00048c
13550065ns          221970 1c008224 0047a503 lw               x10, 4(x15)         x10=0dd10ef5 x15:1c00048c  PA:1c000490
13550384ns          221986 1c008226 0087a583 lw               x11, 8(x15)         x11=0cc00f4e x15:1c00048c  PA:1c000494
13550682ns          222001 1c008228 00c7a603 lw               x12, 12(x15)        x12=00160ee4 x15:1c00048c  PA:1c000498
13550980ns          222016 1c00822a 01072023 sw               x16, 0(x14)         x16:001f01bd x14:10001748  PA:10001748
13551000ns          222017 1c00822e 00a72223 sw               x10, 4(x14)         x10:0dd10ef5 x14:10001748  PA:1000174c
13551020ns          222018 1c008230 00b72423 sw               x11, 8(x14)         x11:0cc00f4e x14:10001748  PA:10001750
13551040ns          222019 1c008232 00c72623 sw               x12, 12(x14)        x12:00160ee4 x14:10001748  PA:10001754
13551060ns          222020 1c008234 01078793 addi             x15, x15, 16        x15=1c00049c x15:1c00048c
13551080ns          222021 1c008236 01070713 addi             x14, x14, 16        x14=10001758 x14:10001748
13551100ns          222022 1c008220 0007a803 lw               x16, 0(x15)         x16=0fb00f79 x15:1c00049c  PA:1c00049c
13551398ns          222037 1c008224 0047a503 lw               x10, 4(x15)         x10=0fe80029 x15:1c00049c  PA:1c0004a0
13551756ns          222055 1c008226 0087a583 lw               x11, 8(x15)         x11=0eba018c x15:1c00049c  PA:1c0004a4
13552154ns          222075 1c008228 00c7a603 lw               x12, 12(x15)        x12=00e60f76 x15:1c00049c  PA:1c0004a8
13552551ns          222095 1c00822a 01072023 sw               x16, 0(x14)         x16:0fb00f79 x14:10001758  PA:10001758
13552571ns          222096 1c00822e 00a72223 sw               x10, 4(x14)         x10:0fe80029 x14:10001758  PA:1000175c
13552591ns          222097 1c008230 00b72423 sw               x11, 8(x14)         x11:0eba018c x14:10001758  PA:10001760
13552611ns          222098 1c008232 00c72623 sw               x12, 12(x14)        x12:00e60f76 x14:10001758  PA:10001764
13552631ns          222099 1c008234 01078793 addi             x15, x15, 16        x15=1c0004ac x15:1c00049c
13552651ns          222100 1c008236 01070713 addi             x14, x14, 16        x14=10001768 x14:10001758
13552671ns          222101 1c008220 0007a803 lw               x16, 0(x15)         x16=003e0fc4 x15:1c0004ac  PA:1c0004ac
13552989ns          222117 1c008224 0047a503 lw               x10, 4(x15)         x10=0e3e01d6 x15:1c0004ac  PA:1c0004b0
13553287ns          222132 1c008226 0087a583 lw               x11, 8(x15)         x11=0e400b1c x15:1c0004ac  PA:1c0004b4
13553586ns          222147 1c008228 00c7a603 lw               x12, 12(x15)        x12=0caa0f56 x15:1c0004ac  PA:1c0004b8
13553884ns          222162 1c00822a 01072023 sw               x16, 0(x14)         x16:003e0fc4 x14:10001768  PA:10001768
13553904ns          222163 1c00822e 00a72223 sw               x10, 4(x14)         x10:0e3e01d6 x14:10001768  PA:1000176c
13553924ns          222164 1c008230 00b72423 sw               x11, 8(x14)         x11:0e400b1c x14:10001768  PA:10001770
13553944ns          222165 1c008232 00c72623 sw               x12, 12(x14)        x12:0caa0f56 x14:10001768  PA:10001774
13553963ns          222166 1c008234 01078793 addi             x15, x15, 16        x15=1c0004bc x15:1c0004ac
13553983ns          222167 1c008236 01070713 addi             x14, x14, 16        x14=10001778 x14:10001768
13554003ns          222168 1c008220 0007a803 lw               x16, 0(x15)         x16=0ddd02f0 x15:1c0004bc  PA:1c0004bc
13554321ns          222184 1c008224 0047a503 lw               x10, 4(x15)         x10=0117013e x15:1c0004bc  PA:1c0004c0
13554640ns          222200 1c008226 0087a583 lw               x11, 8(x15)         x11=00510db9 x15:1c0004bc  PA:1c0004c4
13554958ns          222216 1c008228 00c7a603 lw               x12, 12(x15)        x12=00a9021b x15:1c0004bc  PA:1c0004c8
13555316ns          222234 1c00822a 01072023 sw               x16, 0(x14)         x16:0ddd02f0 x14:10001778  PA:10001778
13555336ns          222235 1c00822e 00a72223 sw               x10, 4(x14)         x10:0117013e x14:10001778  PA:1000177c
13555356ns          222236 1c008230 00b72423 sw               x11, 8(x14)         x11:00510db9 x14:10001778  PA:10001780
13555376ns          222237 1c008232 00c72623 sw               x12, 12(x14)        x12:00a9021b x14:10001778  PA:10001784
13555395ns          222238 1c008234 01078793 addi             x15, x15, 16        x15=1c0004cc x15:1c0004bc
13555415ns          222239 1c008236 01070713 addi             x14, x14, 16        x14=10001788 x14:10001778
13555435ns          222240 1c008220 0007a803 lw               x16, 0(x15)         x16=0f550239 x15:1c0004cc  PA:1c0004cc
13555753ns          222256 1c008224 0047a503 lw               x10, 4(x15)         x10=0de50f0f x15:1c0004cc  PA:1c0004d0
13556052ns          222271 1c008226 0087a583 lw               x11, 8(x15)         x11=01b80e8a x15:1c0004cc  PA:1c0004d4
13556350ns          222286 1c008228 00c7a603 lw               x12, 12(x15)        x12=0d360e8e x15:1c0004cc  PA:1c0004d8
13556648ns          222301 1c00822a 01072023 sw               x16, 0(x14)         x16:0f550239 x14:10001788  PA:10001788
13556668ns          222302 1c00822e 00a72223 sw               x10, 4(x14)         x10:0de50f0f x14:10001788  PA:1000178c
13556688ns          222303 1c008230 00b72423 sw               x11, 8(x14)         x11:01b80e8a x14:10001788  PA:10001790
13556708ns          222304 1c008232 00c72623 sw               x12, 12(x14)        x12:0d360e8e x14:10001788  PA:10001794
13556728ns          222305 1c008234 01078793 addi             x15, x15, 16        x15=1c0004dc x15:1c0004cc
13556748ns          222306 1c008236 01070713 addi             x14, x14, 16        x14=10001798 x14:10001788
13556768ns          222307 1c008220 0007a803 lw               x16, 0(x15)         x16=0f8b0e44 x15:1c0004dc  PA:1c0004dc
13557126ns          222325 1c008224 0047a503 lw               x10, 4(x15)         x10=0fe10f1e x15:1c0004dc  PA:1c0004e0
13557424ns          222340 1c008226 0087a583 lw               x11, 8(x15)         x11=02990ea9 x15:1c0004dc  PA:1c0004e4
13557722ns          222355 1c008228 00c7a603 lw               x12, 12(x15)        x12=02310f61 x15:1c0004dc  PA:1c0004e8
13558021ns          222370 1c00822a 01072023 sw               x16, 0(x14)         x16:0f8b0e44 x14:10001798  PA:10001798
13558040ns          222371 1c00822e 00a72223 sw               x10, 4(x14)         x10:0fe10f1e x14:10001798  PA:1000179c
13558060ns          222372 1c008230 00b72423 sw               x11, 8(x14)         x11:02990ea9 x14:10001798  PA:100017a0
13558080ns          222373 1c008232 00c72623 sw               x12, 12(x14)        x12:02310f61 x14:10001798  PA:100017a4
13558100ns          222374 1c008234 01078793 addi             x15, x15, 16        x15=1c0004ec x15:1c0004dc
13558120ns          222375 1c008236 01070713 addi             x14, x14, 16        x14=100017a8 x14:10001798
13558140ns          222376 1c008220 0007a803 lw               x16, 0(x15)         x16=02340247 x15:1c0004ec  PA:1c0004ec
13558438ns          222391 1c008224 0047a503 lw               x10, 4(x15)         x10=013e0d31 x15:1c0004ec  PA:1c0004f0
13558776ns          222408 1c008226 0087a583 lw               x11, 8(x15)         x11=0f830e0f x15:1c0004ec  PA:1c0004f4
13559174ns          222428 1c008228 00c7a603 lw               x12, 12(x15)        x12=00890099 x15:1c0004ec  PA:1c0004f8
13559592ns          222449 1c00822a 01072023 sw               x16, 0(x14)         x16:02340247 x14:100017a8  PA:100017a8
13559612ns          222450 1c00822e 00a72223 sw               x10, 4(x14)         x10:013e0d31 x14:100017a8  PA:100017ac
13559632ns          222451 1c008230 00b72423 sw               x11, 8(x14)         x11:0f830e0f x14:100017a8  PA:100017b0
13559651ns          222452 1c008232 00c72623 sw               x12, 12(x14)        x12:00890099 x14:100017a8  PA:100017b4
13559671ns          222453 1c008234 01078793 addi             x15, x15, 16        x15=1c0004fc x15:1c0004ec
13559691ns          222454 1c008236 01070713 addi             x14, x14, 16        x14=100017b8 x14:100017a8
13559711ns          222455 1c008220 0007a803 lw               x16, 0(x15)         x16=009201a1 x15:1c0004fc  PA:1c0004fc
13560049ns          222472 1c008224 0047a503 lw               x10, 4(x15)         x10=01600df1 x15:1c0004fc  PA:1c000500
13560348ns          222487 1c008226 0087a583 lw               x11, 8(x15)         x11=00470f49 x15:1c0004fc  PA:1c000504
13560646ns          222502 1c008228 00c7a603 lw               x12, 12(x15)        x12=014b0e21 x15:1c0004fc  PA:1c000508
13560964ns          222518 1c00822a 01072023 sw               x16, 0(x14)         x16:009201a1 x14:100017b8  PA:100017b8
13560984ns          222519 1c00822e 00a72223 sw               x10, 4(x14)         x10:01600df1 x14:100017b8  PA:100017bc
13561004ns          222520 1c008230 00b72423 sw               x11, 8(x14)         x11:00470f49 x14:100017b8  PA:100017c0
13561024ns          222521 1c008232 00c72623 sw               x12, 12(x14)        x12:014b0e21 x14:100017b8  PA:100017c4
13561044ns          222522 1c008234 01078793 addi             x15, x15, 16        x15=1c00050c x15:1c0004fc
13561063ns          222523 1c008236 01070713 addi             x14, x14, 16        x14=100017c8 x14:100017b8
13561083ns          222524 1c008220 0007a803 lw               x16, 0(x15)         x16=0c1d0000 x15:1c00050c  PA:1c00050c
13561402ns          222540 1c008224 0047a503 lw               x10, 4(x15)         x10=01550032 x15:1c00050c  PA:1c000510
13561700ns          222555 1c008226 0087a583 lw               x11, 8(x15)         x11=01f50246 x15:1c00050c  PA:1c000514
13562118ns          222576 1c008228 00c7a603 lw               x12, 12(x15)        x12=0f9701f2 x15:1c00050c  PA:1c000518
13562535ns          222597 1c00822a 01072023 sw               x16, 0(x14)         x16:0c1d0000 x14:100017c8  PA:100017c8
13562555ns          222598 1c00822e 00a72223 sw               x10, 4(x14)         x10:01550032 x14:100017c8  PA:100017cc
13562575ns          222599 1c008230 00b72423 sw               x11, 8(x14)         x11:01f50246 x14:100017c8  PA:100017d0
13562595ns          222600 1c008232 00c72623 sw               x12, 12(x14)        x12:0f9701f2 x14:100017c8  PA:100017d4
13562615ns          222601 1c008234 01078793 addi             x15, x15, 16        x15=1c00051c x15:1c00050c
13562635ns          222602 1c008236 01070713 addi             x14, x14, 16        x14=100017d8 x14:100017c8
13562655ns          222603 1c008238 f14025f3 csrrs            x11, x0, 0xf14      x11=00000002
13562674ns          222604 1c00823c 1c000537 lui              x10, 0x1c000000     x10=1c000000
13562694ns          222605 1c008240 f455b433 p.bclr           x8, x11, 26, 5       x8=00000002 x11:00000002
13562714ns          222606 1c008244 4055d593 srai             x11, x11, 0x405     x11=00000000 x11:00000002
13562734ns          222607 1c008246 00800633 add              x12, x0, x8         x12=00000002  x8:00000002
13562754ns          222608 1c008248 f265b5b3 p.bclr           x11, x11, 25, 6     x11=00000000 x11:00000000
13562774ns          222609 1c00824c 51c50513 addi             x10, x10, 1308      x10=1c00051c x10:1c000000
13563092ns          222625 1c008250 1b1000ef jal              x1, 2480             x1=1c008254
13563549ns          222648 1c008c00 fc010113 addi             x2, x2, -64          x2=10001288  x2:100012c8
13563589ns          222650 1c008c02 02410313 addi             x6, x2, 36           x6=100012ac  x2:10001288
13563609ns          222651 1c008c06 02c12423 sw               x12, 40(x2)         x12:00000002  x2:10001288  PA:100012b0
13563629ns          222652 1c008c08 00a00633 add              x12, x0, x10        x12=1c00051c x10:1c00051c
13563649ns          222653 1c008c0a 1c009537 lui              x10, 0x1c009000     x10=1c009000
13563669ns          222654 1c008c0e 02b12223 sw               x11, 36(x2)         x11:00000000  x2:10001288  PA:100012ac
13564067ns          222674 1c008c10 02d12623 sw               x13, 44(x2)         x13:0000001f  x2:10001288  PA:100012b4
13564086ns          222675 1c008c12 00200593 addi             x11, x0, 2          x11=00000002
13564106ns          222676 1c008c14 006006b3 add              x13, x0, x6         x13=100012ac  x6:100012ac
13564126ns          222677 1c008c16 b9450513 addi             x10, x10, -1132     x10=1c008b94 x10:1c009000
13564146ns          222678 1c008c1a 00112e23 sw               x1, 28(x2)           x1:1c008254  x2:10001288  PA:100012a4
13564166ns          222679 1c008c1c 02e12823 sw               x14, 48(x2)         x14:100017d8  x2:10001288  PA:100012b8
13564186ns          222680 1c008c1e 02f12a23 sw               x15, 52(x2)         x15:1c00051c  x2:10001288  PA:100012bc
13564584ns          222700 1c008c20 03012c23 sw               x16, 56(x2)         x16:0c1d0000  x2:10001288  PA:100012c0
13564604ns          222701 1c008c22 03112e23 sw               x17, 60(x2)         x17:04870893  x2:10001288  PA:100012c4
13564623ns          222702 1c008c24 00612623 sw               x6, 12(x2)           x6:100012ac  x2:10001288  PA:10001294
13564643ns          222703 1c008c26 fbfff0ef jal              x1, -66              x1=1c008c28
13565121ns          222727 1c008be4 04a0006f jal              x0, 74             
13565160ns          222729 1c008c2e ed010113 addi             x2, x2, -304         x2=10001158  x2:10001288
13565598ns          222751 1c008c30 12812423 sw               x8, 296(x2)          x8:00000002  x2:10001158  PA:10001280
13565638ns          222753 1c008c34 00000413 addi             x8, x0, 0            x8=00000000
13565658ns          222754 1c008c36 11612823 sw               x22, 272(x2)        x22:00000000  x2:10001158  PA:10001268
13565677ns          222755 1c008c3a 11712623 sw               x23, 268(x2)        x23:00000000  x2:10001158  PA:10001264
13566115ns          222777 1c008c3e 11812423 sw               x24, 264(x2)        x24:00000000  x2:10001158  PA:10001260
13566155ns          222779 1c008c42 11912223 sw               x25, 260(x2)        x25:00000000  x2:10001158  PA:1000125c
13566175ns          222780 1c008c46 11a12023 sw               x26, 256(x2)        x26:00000000  x2:10001158  PA:10001258
13566195ns          222781 1c008c4a 0fb12e23 sw               x27, 252(x2)        x27:00000000  x2:10001158  PA:10001254
13566214ns          222782 1c008c4c 12112623 sw               x1, 300(x2)          x1:1c008c28  x2:10001158  PA:10001284
13566632ns          222803 1c008c50 00800db3 add              x27, x0, x8         x27=00000000  x8:00000000
13566672ns          222805 1c008c52 12912223 sw               x9, 292(x2)          x9:00000000  x2:10001158  PA:1000127c
13566692ns          222806 1c008c56 13212023 sw               x18, 288(x2)        x18:00000000  x2:10001158  PA:10001278
13566712ns          222807 1c008c5a 11312e23 sw               x19, 284(x2)        x19:00000000  x2:10001158  PA:10001274
13567149ns          222829 1c008c5e 11412c23 sw               x20, 280(x2)        x20:00000000  x2:10001158  PA:10001270
13567189ns          222831 1c008c62 11512a23 sw               x21, 276(x2)        x21:00000000  x2:10001158  PA:1000126c
13567209ns          222832 1c008c66 00a00b33 add              x22, x0, x10        x22=1c008b94 x10:1c008b94
13567229ns          222833 1c008c68 00b00d33 add              x26, x0, x11        x26=00000002 x11:00000002
13567249ns          222834 1c008c6a 00d00c33 add              x24, x0, x13        x24=100012ac x13:100012ac
13567269ns          222835 1c008c6c 1c000bb7 lui              x23, 0x1c000000     x23=1c000000
13567686ns          222856 1c008c70 02410c93 addi             x25, x2, 36         x25=1000117c  x2:10001158
13567726ns          222858 1c008c74 00c00433 add              x8, x0, x12          x8=1c00051c x12:1c00051c
13567746ns          222859 1c008c76 00044503 lbu              x10, 0(x8)          x10=00000045  x8:1c00051c  PA:1c00051c
13568144ns          222879 1c008c7a 00140413 addi             x8, x8, 1            x8=1c00051d  x8:1c00051c
13568163ns          222880 1c008c7c 00050e63 beq              x10, x0, 28         x10:00000045
13568203ns          222882 1c008c7e 02500793 addi             x15, x0, 37         x15=00000025
13568243ns          222884 1c008c82 04f50863 beq              x10, x15, 80        x10:00000045 x15:00000025
13568263ns          222885 1c008c86 01a005b3 add              x11, x0, x26        x11=00000002 x26:00000002
13568283ns          222886 1c008c88 000b00e7 jalr             x1, x22, 0           x1=1c008c8a x22:1c008b94
13569297ns          222937 1c008b94 000026b7 lui              x13, 0x2000         x13=00002000
13569337ns          222939 1c008b96 f14027f3 csrrs            x15, x0, 0xf14      x15=00000002
13569357ns          222940 1c008b9a f8068693 addi             x13, x13, -128      x13=00001f80 x13:00002000
13569794ns          222962 1c008b9e 00379713 slli             x14, x15, 0x3       x14=00000010 x15:00000002
13569814ns          222963 1c008ba2 00279793 slli             x15, x15, 0x2       x15=00000008 x15:00000002
13569834ns          222964 1c008ba4 00d7f7b3 and              x15, x15, x13       x15=00000000 x15:00000008 x13:00001f80
13569854ns          222965 1c008ba6 ee873733 p.bclr           x14, x14, 23, 8     x14=00000010 x14:00000010
13569874ns          222966 1c008baa 1a10f6b7 lui              x13, 0x1a10f000     x13=1a10f000
13570331ns          222989 1c008bae 0ff57513 andi             x10, x10, 255       x10=00000045 x10:00000045
13570351ns          222990 1c008bb2 00d70733 add              x14, x14, x13       x14=1a10f010 x14:00000010 x13:1a10f000
13570371ns          222991 1c008bb4 00a7e723 p.sw             x10, x0(x15)        x10:00000045 x15:00000000  PA:1a10f010
13570769ns          223011 1c008bb8 00000513 addi             x10, x0, 0          x10=00000000
13570789ns          223012 1c008bba 00008067 jalr             x0, x1, 0            x1:1c008c8a
13570908ns          223018 1c008c8a 31f52563 p.beqimm         x10, 778            x10:00000000
13570928ns          223019 1c008c8e 001d8d93 addi             x27, x27, 1         x27=00000001 x27:00000000
13570948ns          223020 1c008c90 00044503 lbu              x10, 0(x8)          x10=0000006e  x8:1c00051d  PA:1c00051d
13571365ns          223041 1c008c94 00140413 addi             x8, x8, 1            x8=1c00051e  x8:1c00051d
13571385ns          223042 1c008c96 fe0514e3 bne              x10, x0, -24        x10:0000006e
13571505ns          223048 1c008c7e 02500793 addi             x15, x0, 37         x15=00000025
13571525ns          223049 1c008c82 04f50863 beq              x10, x15, 80        x10:0000006e x15:00000025
13571544ns          223050 1c008c86 01a005b3 add              x11, x0, x26        x11=00000002 x26:00000002
13571564ns          223051 1c008c88 000b00e7 jalr             x1, x22, 0           x1=1c008c8a x22:1c008b94
13571604ns          223053 1c008b94 000026b7 lui              x13, 0x2000         x13=00002000
13571624ns          223054 1c008b96 f14027f3 csrrs            x15, x0, 0xf14      x15=00000002
13571644ns          223055 1c008b9a f8068693 addi             x13, x13, -128      x13=00001f80 x13:00002000
13571704ns          223058 1c008b9e 00379713 slli             x14, x15, 0x3       x14=00000010 x15:00000002
13571723ns          223059 1c008ba2 00279793 slli             x15, x15, 0x2       x15=00000008 x15:00000002
13571743ns          223060 1c008ba4 00d7f7b3 and              x15, x15, x13       x15=00000000 x15:00000008 x13:00001f80
13571763ns          223061 1c008ba6 ee873733 p.bclr           x14, x14, 23, 8     x14=00000010 x14:00000010
13571783ns          223062 1c008baa 1a10f6b7 lui              x13, 0x1a10f000     x13=1a10f000
13571803ns          223063 1c008bae 0ff57513 andi             x10, x10, 255       x10=0000006e x10:0000006e
13571823ns          223064 1c008bb2 00d70733 add              x14, x14, x13       x14=1a10f010 x14:00000010 x13:1a10f000
13571843ns          223065 1c008bb4 00a7e723 p.sw             x10, x0(x15)        x10:0000006e x15:00000000  PA:1a10f010
13572241ns          223085 1c008bb8 00000513 addi             x10, x0, 0          x10=00000000
13572260ns          223086 1c008bba 00008067 jalr             x0, x1, 0            x1:1c008c8a
13572320ns          223089 1c008c8a 31f52563 p.beqimm         x10, 778            x10:00000000
13572340ns          223090 1c008c8e 001d8d93 addi             x27, x27, 1         x27=00000002 x27:00000001
13572360ns          223091 1c008c90 00044503 lbu              x10, 0(x8)          x10=00000074  x8:1c00051e  PA:1c00051e
13572658ns          223106 1c008c94 00140413 addi             x8, x8, 1            x8=1c00051f  x8:1c00051e
13572678ns          223107 1c008c96 fe0514e3 bne              x10, x0, -24        x10:00000074
13572758ns          223111 1c008c7e 02500793 addi             x15, x0, 37         x15=00000025
13572778ns          223112 1c008c82 04f50863 beq              x10, x15, 80        x10:00000074 x15:00000025
13572797ns          223113 1c008c86 01a005b3 add              x11, x0, x26        x11=00000002 x26:00000002
13572817ns          223114 1c008c88 000b00e7 jalr             x1, x22, 0           x1=1c008c8a x22:1c008b94
13572857ns          223116 1c008b94 000026b7 lui              x13, 0x2000         x13=00002000
13572877ns          223117 1c008b96 f14027f3 csrrs            x15, x0, 0xf14      x15=00000002
13572897ns          223118 1c008b9a f8068693 addi             x13, x13, -128      x13=00001f80 x13:00002000
13572917ns          223119 1c008b9e 00379713 slli             x14, x15, 0x3       x14=00000010 x15:00000002
13572937ns          223120 1c008ba2 00279793 slli             x15, x15, 0x2       x15=00000008 x15:00000002
13572956ns          223121 1c008ba4 00d7f7b3 and              x15, x15, x13       x15=00000000 x15:00000008 x13:00001f80
13572976ns          223122 1c008ba6 ee873733 p.bclr           x14, x14, 23, 8     x14=00000010 x14:00000010
13572996ns          223123 1c008baa 1a10f6b7 lui              x13, 0x1a10f000     x13=1a10f000
13573016ns          223124 1c008bae 0ff57513 andi             x10, x10, 255       x10=00000074 x10:00000074
13573036ns          223125 1c008bb2 00d70733 add              x14, x14, x13       x14=1a10f010 x14:00000010 x13:1a10f000
13573056ns          223126 1c008bb4 00a7e723 p.sw             x10, x0(x15)        x10:00000074 x15:00000000  PA:1a10f010
13573374ns          223142 1c008bb8 00000513 addi             x10, x0, 0          x10=00000000
13573394ns          223143 1c008bba 00008067 jalr             x0, x1, 0            x1:1c008c8a
13573454ns          223146 1c008c8a 31f52563 p.beqimm         x10, 778            x10:00000000
13573474ns          223147 1c008c8e 001d8d93 addi             x27, x27, 1         x27=00000003 x27:00000002
13573493ns          223148 1c008c90 00044503 lbu              x10, 0(x8)          x10=00000065  x8:1c00051f  PA:1c00051f
13573792ns          223163 1c008c94 00140413 addi             x8, x8, 1            x8=1c000520  x8:1c00051f
13573812ns          223164 1c008c96 fe0514e3 bne              x10, x0, -24        x10:00000065
13573891ns          223168 1c008c7e 02500793 addi             x15, x0, 37         x15=00000025
13573911ns          223169 1c008c82 04f50863 beq              x10, x15, 80        x10:00000065 x15:00000025
13573931ns          223170 1c008c86 01a005b3 add              x11, x0, x26        x11=00000002 x26:00000002
13573951ns          223171 1c008c88 000b00e7 jalr             x1, x22, 0           x1=1c008c8a x22:1c008b94
13573991ns          223173 1c008b94 000026b7 lui              x13, 0x2000         x13=00002000
13574011ns          223174 1c008b96 f14027f3 csrrs            x15, x0, 0xf14      x15=00000002
13574030ns          223175 1c008b9a f8068693 addi             x13, x13, -128      x13=00001f80 x13:00002000
13574050ns          223176 1c008b9e 00379713 slli             x14, x15, 0x3       x14=00000010 x15:00000002
13574070ns          223177 1c008ba2 00279793 slli             x15, x15, 0x2       x15=00000008 x15:00000002
13574090ns          223178 1c008ba4 00d7f7b3 and              x15, x15, x13       x15=00000000 x15:00000008 x13:00001f80
13574110ns          223179 1c008ba6 ee873733 p.bclr           x14, x14, 23, 8     x14=00000010 x14:00000010
13574130ns          223180 1c008baa 1a10f6b7 lui              x13, 0x1a10f000     x13=1a10f000
13574150ns          223181 1c008bae 0ff57513 andi             x10, x10, 255       x10=00000065 x10:00000065
13574170ns          223182 1c008bb2 00d70733 add              x14, x14, x13       x14=1a10f010 x14:00000010 x13:1a10f000
13574190ns          223183 1c008bb4 00a7e723 p.sw             x10, x0(x15)        x10:00000065 x15:00000000  PA:1a10f010
13574508ns          223199 1c008bb8 00000513 addi             x10, x0, 0          x10=00000000
13574528ns          223200 1c008bba 00008067 jalr             x0, x1, 0            x1:1c008c8a
13574587ns          223203 1c008c8a 31f52563 p.beqimm         x10, 778            x10:00000000
13574607ns          223204 1c008c8e 001d8d93 addi             x27, x27, 1         x27=00000004 x27:00000003
13574627ns          223205 1c008c90 00044503 lbu              x10, 0(x8)          x10=00000072  x8:1c000520  PA:1c000520
13574945ns          223221 1c008c94 00140413 addi             x8, x8, 1            x8=1c000521  x8:1c000520
13574965ns          223222 1c008c96 fe0514e3 bne              x10, x0, -24        x10:00000072
13575045ns          223226 1c008c7e 02500793 addi             x15, x0, 37         x15=00000025
13575065ns          223227 1c008c82 04f50863 beq              x10, x15, 80        x10:00000072 x15:00000025
13575085ns          223228 1c008c86 01a005b3 add              x11, x0, x26        x11=00000002 x26:00000002
13575104ns          223229 1c008c88 000b00e7 jalr             x1, x22, 0           x1=1c008c8a x22:1c008b94
13575144ns          223231 1c008b94 000026b7 lui              x13, 0x2000         x13=00002000
13575164ns          223232 1c008b96 f14027f3 csrrs            x15, x0, 0xf14      x15=00000002
13575184ns          223233 1c008b9a f8068693 addi             x13, x13, -128      x13=00001f80 x13:00002000
13575204ns          223234 1c008b9e 00379713 slli             x14, x15, 0x3       x14=00000010 x15:00000002
13575224ns          223235 1c008ba2 00279793 slli             x15, x15, 0x2       x15=00000008 x15:00000002
13575244ns          223236 1c008ba4 00d7f7b3 and              x15, x15, x13       x15=00000000 x15:00000008 x13:00001f80
13575264ns          223237 1c008ba6 ee873733 p.bclr           x14, x14, 23, 8     x14=00000010 x14:00000010
13575283ns          223238 1c008baa 1a10f6b7 lui              x13, 0x1a10f000     x13=1a10f000
13575303ns          223239 1c008bae 0ff57513 andi             x10, x10, 255       x10=00000072 x10:00000072
13575323ns          223240 1c008bb2 00d70733 add              x14, x14, x13       x14=1a10f010 x14:00000010 x13:1a10f000
13575343ns          223241 1c008bb4 00a7e723 p.sw             x10, x0(x15)        x10:00000072 x15:00000000  PA:1a10f010
13575661ns          223257 1c008bb8 00000513 addi             x10, x0, 0          x10=00000000
13575681ns          223258 1c008bba 00008067 jalr             x0, x1, 0            x1:1c008c8a
13575741ns          223261 1c008c8a 31f52563 p.beqimm         x10, 778            x10:00000000
13575761ns          223262 1c008c8e 001d8d93 addi             x27, x27, 1         x27=00000005 x27:00000004
13575781ns          223263 1c008c90 00044503 lbu              x10, 0(x8)          x10=00000065  x8:1c000521  PA:1c000521
13576079ns          223278 1c008c94 00140413 addi             x8, x8, 1            x8=1c000522  x8:1c000521
13576099ns          223279 1c008c96 fe0514e3 bne              x10, x0, -24        x10:00000065
13576178ns          223283 1c008c7e 02500793 addi             x15, x0, 37         x15=00000025
13576198ns          223284 1c008c82 04f50863 beq              x10, x15, 80        x10:00000065 x15:00000025
13576218ns          223285 1c008c86 01a005b3 add              x11, x0, x26        x11=00000002 x26:00000002
13576238ns          223286 1c008c88 000b00e7 jalr             x1, x22, 0           x1=1c008c8a x22:1c008b94
13576278ns          223288 1c008b94 000026b7 lui              x13, 0x2000         x13=00002000
13576298ns          223289 1c008b96 f14027f3 csrrs            x15, x0, 0xf14      x15=00000002
13576318ns          223290 1c008b9a f8068693 addi             x13, x13, -128      x13=00001f80 x13:00002000
13576337ns          223291 1c008b9e 00379713 slli             x14, x15, 0x3       x14=00000010 x15:00000002
13576357ns          223292 1c008ba2 00279793 slli             x15, x15, 0x2       x15=00000008 x15:00000002
13576377ns          223293 1c008ba4 00d7f7b3 and              x15, x15, x13       x15=00000000 x15:00000008 x13:00001f80
13576397ns          223294 1c008ba6 ee873733 p.bclr           x14, x14, 23, 8     x14=00000010 x14:00000010
13576417ns          223295 1c008baa 1a10f6b7 lui              x13, 0x1a10f000     x13=1a10f000
13576437ns          223296 1c008bae 0ff57513 andi             x10, x10, 255       x10=00000065 x10:00000065
13576457ns          223297 1c008bb2 00d70733 add              x14, x14, x13       x14=1a10f010 x14:00000010 x13:1a10f000
13576477ns          223298 1c008bb4 00a7e723 p.sw             x10, x0(x15)        x10:00000065 x15:00000000  PA:1a10f010
13576835ns          223316 1c008bb8 00000513 addi             x10, x0, 0          x10=00000000
13576855ns          223317 1c008bba 00008067 jalr             x0, x1, 0            x1:1c008c8a
13576914ns          223320 1c008c8a 31f52563 p.beqimm         x10, 778            x10:00000000
13576934ns          223321 1c008c8e 001d8d93 addi             x27, x27, 1         x27=00000006 x27:00000005
13576954ns          223322 1c008c90 00044503 lbu              x10, 0(x8)          x10=00000064  x8:1c000522  PA:1c000522
13577252ns          223337 1c008c94 00140413 addi             x8, x8, 1            x8=1c000523  x8:1c000522
13577272ns          223338 1c008c96 fe0514e3 bne              x10, x0, -24        x10:00000064
13577352ns          223342 1c008c7e 02500793 addi             x15, x0, 37         x15=00000025
13577372ns          223343 1c008c82 04f50863 beq              x10, x15, 80        x10:00000064 x15:00000025
13577392ns          223344 1c008c86 01a005b3 add              x11, x0, x26        x11=00000002 x26:00000002
13577411ns          223345 1c008c88 000b00e7 jalr             x1, x22, 0           x1=1c008c8a x22:1c008b94
13577451ns          223347 1c008b94 000026b7 lui              x13, 0x2000         x13=00002000
13577471ns          223348 1c008b96 f14027f3 csrrs            x15, x0, 0xf14      x15=00000002
13577491ns          223349 1c008b9a f8068693 addi             x13, x13, -128      x13=00001f80 x13:00002000
13577511ns          223350 1c008b9e 00379713 slli             x14, x15, 0x3       x14=00000010 x15:00000002
13577531ns          223351 1c008ba2 00279793 slli             x15, x15, 0x2       x15=00000008 x15:00000002
13577551ns          223352 1c008ba4 00d7f7b3 and              x15, x15, x13       x15=00000000 x15:00000008 x13:00001f80
13577571ns          223353 1c008ba6 ee873733 p.bclr           x14, x14, 23, 8     x14=00000010 x14:00000010
13577590ns          223354 1c008baa 1a10f6b7 lui              x13, 0x1a10f000     x13=1a10f000
13577610ns          223355 1c008bae 0ff57513 andi             x10, x10, 255       x10=00000064 x10:00000064
13577630ns          223356 1c008bb2 00d70733 add              x14, x14, x13       x14=1a10f010 x14:00000010 x13:1a10f000
13577650ns          223357 1c008bb4 00a7e723 p.sw             x10, x0(x15)        x10:00000064 x15:00000000  PA:1a10f010
13577968ns          223373 1c008bb8 00000513 addi             x10, x0, 0          x10=00000000
13577988ns          223374 1c008bba 00008067 jalr             x0, x1, 0            x1:1c008c8a
13578048ns          223377 1c008c8a 31f52563 p.beqimm         x10, 778            x10:00000000
13578068ns          223378 1c008c8e 001d8d93 addi             x27, x27, 1         x27=00000007 x27:00000006
13578088ns          223379 1c008c90 00044503 lbu              x10, 0(x8)          x10=00000020  x8:1c000523  PA:1c000523
13578386ns          223394 1c008c94 00140413 addi             x8, x8, 1            x8=1c000524  x8:1c000523
13578406ns          223395 1c008c96 fe0514e3 bne              x10, x0, -24        x10:00000020
13578485ns          223399 1c008c7e 02500793 addi             x15, x0, 37         x15=00000025
13578505ns          223400 1c008c82 04f50863 beq              x10, x15, 80        x10:00000020 x15:00000025
13578525ns          223401 1c008c86 01a005b3 add              x11, x0, x26        x11=00000002 x26:00000002
13578545ns          223402 1c008c88 000b00e7 jalr             x1, x22, 0           x1=1c008c8a x22:1c008b94
13578585ns          223404 1c008b94 000026b7 lui              x13, 0x2000         x13=00002000
13578605ns          223405 1c008b96 f14027f3 csrrs            x15, x0, 0xf14      x15=00000002
13578625ns          223406 1c008b9a f8068693 addi             x13, x13, -128      x13=00001f80 x13:00002000
13578644ns          223407 1c008b9e 00379713 slli             x14, x15, 0x3       x14=00000010 x15:00000002
13578664ns          223408 1c008ba2 00279793 slli             x15, x15, 0x2       x15=00000008 x15:00000002
13578684ns          223409 1c008ba4 00d7f7b3 and              x15, x15, x13       x15=00000000 x15:00000008 x13:00001f80
13578704ns          223410 1c008ba6 ee873733 p.bclr           x14, x14, 23, 8     x14=00000010 x14:00000010
13578724ns          223411 1c008baa 1a10f6b7 lui              x13, 0x1a10f000     x13=1a10f000
13578744ns          223412 1c008bae 0ff57513 andi             x10, x10, 255       x10=00000020 x10:00000020
13578764ns          223413 1c008bb2 00d70733 add              x14, x14, x13       x14=1a10f010 x14:00000010 x13:1a10f000
13578784ns          223414 1c008bb4 00a7e723 p.sw             x10, x0(x15)        x10:00000020 x15:00000000  PA:1a10f010
13579122ns          223431 1c008bb8 00000513 addi             x10, x0, 0          x10=00000000
13579142ns          223432 1c008bba 00008067 jalr             x0, x1, 0            x1:1c008c8a
13579201ns          223435 1c008c8a 31f52563 p.beqimm         x10, 778            x10:00000000
13579221ns          223436 1c008c8e 001d8d93 addi             x27, x27, 1         x27=00000008 x27:00000007
13579241ns          223437 1c008c90 00044503 lbu              x10, 0(x8)          x10=00000063  x8:1c000524  PA:1c000524
13579539ns          223452 1c008c94 00140413 addi             x8, x8, 1            x8=1c000525  x8:1c000524
13579559ns          223453 1c008c96 fe0514e3 bne              x10, x0, -24        x10:00000063
13579639ns          223457 1c008c7e 02500793 addi             x15, x0, 37         x15=00000025
13579659ns          223458 1c008c82 04f50863 beq              x10, x15, 80        x10:00000063 x15:00000025
13579679ns          223459 1c008c86 01a005b3 add              x11, x0, x26        x11=00000002 x26:00000002
13579699ns          223460 1c008c88 000b00e7 jalr             x1, x22, 0           x1=1c008c8a x22:1c008b94
13579738ns          223462 1c008b94 000026b7 lui              x13, 0x2000         x13=00002000
13579758ns          223463 1c008b96 f14027f3 csrrs            x15, x0, 0xf14      x15=00000002
13579778ns          223464 1c008b9a f8068693 addi             x13, x13, -128      x13=00001f80 x13:00002000
13579798ns          223465 1c008b9e 00379713 slli             x14, x15, 0x3       x14=00000010 x15:00000002
13579818ns          223466 1c008ba2 00279793 slli             x15, x15, 0x2       x15=00000008 x15:00000002
13579838ns          223467 1c008ba4 00d7f7b3 and              x15, x15, x13       x15=00000000 x15:00000008 x13:00001f80
13579858ns          223468 1c008ba6 ee873733 p.bclr           x14, x14, 23, 8     x14=00000010 x14:00000010
13579878ns          223469 1c008baa 1a10f6b7 lui              x13, 0x1a10f000     x13=1a10f000
13579897ns          223470 1c008bae 0ff57513 andi             x10, x10, 255       x10=00000063 x10:00000063
13579917ns          223471 1c008bb2 00d70733 add              x14, x14, x13       x14=1a10f010 x14:00000010 x13:1a10f000
13579937ns          223472 1c008bb4 00a7e723 p.sw             x10, x0(x15)        x10:00000063 x15:00000000  PA:1a10f010
13580275ns          223489 1c008bb8 00000513 addi             x10, x0, 0          x10=00000000
13580295ns          223490 1c008bba 00008067 jalr             x0, x1, 0            x1:1c008c8a
13580355ns          223493 1c008c8a 31f52563 p.beqimm         x10, 778            x10:00000000
13580375ns          223494 1c008c8e 001d8d93 addi             x27, x27, 1         x27=00000009 x27:00000008
13580395ns          223495 1c008c90 00044503 lbu              x10, 0(x8)          x10=0000006c  x8:1c000525  PA:1c000525
13580733ns          223512 1c008c94 00140413 addi             x8, x8, 1            x8=1c000526  x8:1c000525
13580753ns          223513 1c008c96 fe0514e3 bne              x10, x0, -24        x10:0000006c
13580832ns          223517 1c008c7e 02500793 addi             x15, x0, 37         x15=00000025
13580852ns          223518 1c008c82 04f50863 beq              x10, x15, 80        x10:0000006c x15:00000025
13580872ns          223519 1c008c86 01a005b3 add              x11, x0, x26        x11=00000002 x26:00000002
13580892ns          223520 1c008c88 000b00e7 jalr             x1, x22, 0           x1=1c008c8a x22:1c008b94
13580932ns          223522 1c008b94 000026b7 lui              x13, 0x2000         x13=00002000
13580951ns          223523 1c008b96 f14027f3 csrrs            x15, x0, 0xf14      x15=00000002
13580971ns          223524 1c008b9a f8068693 addi             x13, x13, -128      x13=00001f80 x13:00002000
13580991ns          223525 1c008b9e 00379713 slli             x14, x15, 0x3       x14=00000010 x15:00000002
13581011ns          223526 1c008ba2 00279793 slli             x15, x15, 0x2       x15=00000008 x15:00000002
13581031ns          223527 1c008ba4 00d7f7b3 and              x15, x15, x13       x15=00000000 x15:00000008 x13:00001f80
13581051ns          223528 1c008ba6 ee873733 p.bclr           x14, x14, 23, 8     x14=00000010 x14:00000010
13581071ns          223529 1c008baa 1a10f6b7 lui              x13, 0x1a10f000     x13=1a10f000
13581091ns          223530 1c008bae 0ff57513 andi             x10, x10, 255       x10=0000006c x10:0000006c
13581111ns          223531 1c008bb2 00d70733 add              x14, x14, x13       x14=1a10f010 x14:00000010 x13:1a10f000
13581130ns          223532 1c008bb4 00a7e723 p.sw             x10, x0(x15)        x10:0000006c x15:00000000  PA:1a10f010
13581449ns          223548 1c008bb8 00000513 addi             x10, x0, 0          x10=00000000
13581469ns          223549 1c008bba 00008067 jalr             x0, x1, 0            x1:1c008c8a
13581528ns          223552 1c008c8a 31f52563 p.beqimm         x10, 778            x10:00000000
13581548ns          223553 1c008c8e 001d8d93 addi             x27, x27, 1         x27=0000000a x27:00000009
13581568ns          223554 1c008c90 00044503 lbu              x10, 0(x8)          x10=00000075  x8:1c000526  PA:1c000526
13581906ns          223571 1c008c94 00140413 addi             x8, x8, 1            x8=1c000527  x8:1c000526
13581926ns          223572 1c008c96 fe0514e3 bne              x10, x0, -24        x10:00000075
13582006ns          223576 1c008c7e 02500793 addi             x15, x0, 37         x15=00000025
13582025ns          223577 1c008c82 04f50863 beq              x10, x15, 80        x10:00000075 x15:00000025
13582045ns          223578 1c008c86 01a005b3 add              x11, x0, x26        x11=00000002 x26:00000002
13582065ns          223579 1c008c88 000b00e7 jalr             x1, x22, 0           x1=1c008c8a x22:1c008b94
13582105ns          223581 1c008b94 000026b7 lui              x13, 0x2000         x13=00002000
13582125ns          223582 1c008b96 f14027f3 csrrs            x15, x0, 0xf14      x15=00000002
13582145ns          223583 1c008b9a f8068693 addi             x13, x13, -128      x13=00001f80 x13:00002000
13582165ns          223584 1c008b9e 00379713 slli             x14, x15, 0x3       x14=00000010 x15:00000002
13582185ns          223585 1c008ba2 00279793 slli             x15, x15, 0x2       x15=00000008 x15:00000002
13582204ns          223586 1c008ba4 00d7f7b3 and              x15, x15, x13       x15=00000000 x15:00000008 x13:00001f80
13582224ns          223587 1c008ba6 ee873733 p.bclr           x14, x14, 23, 8     x14=00000010 x14:00000010
13582244ns          223588 1c008baa 1a10f6b7 lui              x13, 0x1a10f000     x13=1a10f000
13582264ns          223589 1c008bae 0ff57513 andi             x10, x10, 255       x10=00000075 x10:00000075
13582284ns          223590 1c008bb2 00d70733 add              x14, x14, x13       x14=1a10f010 x14:00000010 x13:1a10f000
13582304ns          223591 1c008bb4 00a7e723 p.sw             x10, x0(x15)        x10:00000075 x15:00000000  PA:1a10f010
13582622ns          223607 1c008bb8 00000513 addi             x10, x0, 0          x10=00000000
13582642ns          223608 1c008bba 00008067 jalr             x0, x1, 0            x1:1c008c8a
13582702ns          223611 1c008c8a 31f52563 p.beqimm         x10, 778            x10:00000000
13582722ns          223612 1c008c8e 001d8d93 addi             x27, x27, 1         x27=0000000b x27:0000000a
13582741ns          223613 1c008c90 00044503 lbu              x10, 0(x8)          x10=00000073  x8:1c000527  PA:1c000527
13583060ns          223629 1c008c94 00140413 addi             x8, x8, 1            x8=1c000528  x8:1c000527
13583079ns          223630 1c008c96 fe0514e3 bne              x10, x0, -24        x10:00000073
13583159ns          223634 1c008c7e 02500793 addi             x15, x0, 37         x15=00000025
13583179ns          223635 1c008c82 04f50863 beq              x10, x15, 80        x10:00000073 x15:00000025
13583199ns          223636 1c008c86 01a005b3 add              x11, x0, x26        x11=00000002 x26:00000002
13583219ns          223637 1c008c88 000b00e7 jalr             x1, x22, 0           x1=1c008c8a x22:1c008b94
13583258ns          223639 1c008b94 000026b7 lui              x13, 0x2000         x13=00002000
13583278ns          223640 1c008b96 f14027f3 csrrs            x15, x0, 0xf14      x15=00000002
13583298ns          223641 1c008b9a f8068693 addi             x13, x13, -128      x13=00001f80 x13:00002000
13583318ns          223642 1c008b9e 00379713 slli             x14, x15, 0x3       x14=00000010 x15:00000002
13583338ns          223643 1c008ba2 00279793 slli             x15, x15, 0x2       x15=00000008 x15:00000002
13583358ns          223644 1c008ba4 00d7f7b3 and              x15, x15, x13       x15=00000000 x15:00000008 x13:00001f80
13583378ns          223645 1c008ba6 ee873733 p.bclr           x14, x14, 23, 8     x14=00000010 x14:00000010
13583398ns          223646 1c008baa 1a10f6b7 lui              x13, 0x1a10f000     x13=1a10f000
13583418ns          223647 1c008bae 0ff57513 andi             x10, x10, 255       x10=00000073 x10:00000073
13583437ns          223648 1c008bb2 00d70733 add              x14, x14, x13       x14=1a10f010 x14:00000010 x13:1a10f000
13583457ns          223649 1c008bb4 00a7e723 p.sw             x10, x0(x15)        x10:00000073 x15:00000000  PA:1a10f010
13583776ns          223665 1c008bb8 00000513 addi             x10, x0, 0          x10=00000000
13583795ns          223666 1c008bba 00008067 jalr             x0, x1, 0            x1:1c008c8a
13583855ns          223669 1c008c8a 31f52563 p.beqimm         x10, 778            x10:00000000
13583875ns          223670 1c008c8e 001d8d93 addi             x27, x27, 1         x27=0000000c x27:0000000b
13583895ns          223671 1c008c90 00044503 lbu              x10, 0(x8)          x10=00000074  x8:1c000528  PA:1c000528
13584213ns          223687 1c008c94 00140413 addi             x8, x8, 1            x8=1c000529  x8:1c000528
13584233ns          223688 1c008c96 fe0514e3 bne              x10, x0, -24        x10:00000074
13584313ns          223692 1c008c7e 02500793 addi             x15, x0, 37         x15=00000025
13584332ns          223693 1c008c82 04f50863 beq              x10, x15, 80        x10:00000074 x15:00000025
13584352ns          223694 1c008c86 01a005b3 add              x11, x0, x26        x11=00000002 x26:00000002
13584372ns          223695 1c008c88 000b00e7 jalr             x1, x22, 0           x1=1c008c8a x22:1c008b94
13584412ns          223697 1c008b94 000026b7 lui              x13, 0x2000         x13=00002000
13584432ns          223698 1c008b96 f14027f3 csrrs            x15, x0, 0xf14      x15=00000002
13584452ns          223699 1c008b9a f8068693 addi             x13, x13, -128      x13=00001f80 x13:00002000
13584472ns          223700 1c008b9e 00379713 slli             x14, x15, 0x3       x14=00000010 x15:00000002
13584492ns          223701 1c008ba2 00279793 slli             x15, x15, 0x2       x15=00000008 x15:00000002
13584511ns          223702 1c008ba4 00d7f7b3 and              x15, x15, x13       x15=00000000 x15:00000008 x13:00001f80
13584531ns          223703 1c008ba6 ee873733 p.bclr           x14, x14, 23, 8     x14=00000010 x14:00000010
13584551ns          223704 1c008baa 1a10f6b7 lui              x13, 0x1a10f000     x13=1a10f000
13584571ns          223705 1c008bae 0ff57513 andi             x10, x10, 255       x10=00000074 x10:00000074
13584591ns          223706 1c008bb2 00d70733 add              x14, x14, x13       x14=1a10f010 x14:00000010 x13:1a10f000
13584611ns          223707 1c008bb4 00a7e723 p.sw             x10, x0(x15)        x10:00000074 x15:00000000  PA:1a10f010
13584929ns          223723 1c008bb8 00000513 addi             x10, x0, 0          x10=00000000
13584949ns          223724 1c008bba 00008067 jalr             x0, x1, 0            x1:1c008c8a
13585009ns          223727 1c008c8a 31f52563 p.beqimm         x10, 778            x10:00000000
13585029ns          223728 1c008c8e 001d8d93 addi             x27, x27, 1         x27=0000000d x27:0000000c
13585048ns          223729 1c008c90 00044503 lbu              x10, 0(x8)          x10=00000065  x8:1c000529  PA:1c000529
13585347ns          223744 1c008c94 00140413 addi             x8, x8, 1            x8=1c00052a  x8:1c000529
13585367ns          223745 1c008c96 fe0514e3 bne              x10, x0, -24        x10:00000065
13585446ns          223749 1c008c7e 02500793 addi             x15, x0, 37         x15=00000025
13585466ns          223750 1c008c82 04f50863 beq              x10, x15, 80        x10:00000065 x15:00000025
13585486ns          223751 1c008c86 01a005b3 add              x11, x0, x26        x11=00000002 x26:00000002
13585506ns          223752 1c008c88 000b00e7 jalr             x1, x22, 0           x1=1c008c8a x22:1c008b94
13585546ns          223754 1c008b94 000026b7 lui              x13, 0x2000         x13=00002000
13585565ns          223755 1c008b96 f14027f3 csrrs            x15, x0, 0xf14      x15=00000002
13585585ns          223756 1c008b9a f8068693 addi             x13, x13, -128      x13=00001f80 x13:00002000
13585605ns          223757 1c008b9e 00379713 slli             x14, x15, 0x3       x14=00000010 x15:00000002
13585625ns          223758 1c008ba2 00279793 slli             x15, x15, 0x2       x15=00000008 x15:00000002
13585645ns          223759 1c008ba4 00d7f7b3 and              x15, x15, x13       x15=00000000 x15:00000008 x13:00001f80
13585665ns          223760 1c008ba6 ee873733 p.bclr           x14, x14, 23, 8     x14=00000010 x14:00000010
13585685ns          223761 1c008baa 1a10f6b7 lui              x13, 0x1a10f000     x13=1a10f000
13585705ns          223762 1c008bae 0ff57513 andi             x10, x10, 255       x10=00000065 x10:00000065
13585725ns          223763 1c008bb2 00d70733 add              x14, x14, x13       x14=1a10f010 x14:00000010 x13:1a10f000
13585744ns          223764 1c008bb4 00a7e723 p.sw             x10, x0(x15)        x10:00000065 x15:00000000  PA:1a10f010
13586063ns          223780 1c008bb8 00000513 addi             x10, x0, 0          x10=00000000
13586083ns          223781 1c008bba 00008067 jalr             x0, x1, 0            x1:1c008c8a
13586142ns          223784 1c008c8a 31f52563 p.beqimm         x10, 778            x10:00000000
13586162ns          223785 1c008c8e 001d8d93 addi             x27, x27, 1         x27=0000000e x27:0000000d
13586182ns          223786 1c008c90 00044503 lbu              x10, 0(x8)          x10=00000072  x8:1c00052a  PA:1c00052a
13586480ns          223801 1c008c94 00140413 addi             x8, x8, 1            x8=1c00052b  x8:1c00052a
13586500ns          223802 1c008c96 fe0514e3 bne              x10, x0, -24        x10:00000072
13586580ns          223806 1c008c7e 02500793 addi             x15, x0, 37         x15=00000025
13586600ns          223807 1c008c82 04f50863 beq              x10, x15, 80        x10:00000072 x15:00000025
13586620ns          223808 1c008c86 01a005b3 add              x11, x0, x26        x11=00000002 x26:00000002
13586639ns          223809 1c008c88 000b00e7 jalr             x1, x22, 0           x1=1c008c8a x22:1c008b94
13586679ns          223811 1c008b94 000026b7 lui              x13, 0x2000         x13=00002000
13586699ns          223812 1c008b96 f14027f3 csrrs            x15, x0, 0xf14      x15=00000002
13586719ns          223813 1c008b9a f8068693 addi             x13, x13, -128      x13=00001f80 x13:00002000
13586739ns          223814 1c008b9e 00379713 slli             x14, x15, 0x3       x14=00000010 x15:00000002
13586759ns          223815 1c008ba2 00279793 slli             x15, x15, 0x2       x15=00000008 x15:00000002
13586779ns          223816 1c008ba4 00d7f7b3 and              x15, x15, x13       x15=00000000 x15:00000008 x13:00001f80
13586799ns          223817 1c008ba6 ee873733 p.bclr           x14, x14, 23, 8     x14=00000010 x14:00000010
13586818ns          223818 1c008baa 1a10f6b7 lui              x13, 0x1a10f000     x13=1a10f000
13586838ns          223819 1c008bae 0ff57513 andi             x10, x10, 255       x10=00000072 x10:00000072
13586858ns          223820 1c008bb2 00d70733 add              x14, x14, x13       x14=1a10f010 x14:00000010 x13:1a10f000
13586878ns          223821 1c008bb4 00a7e723 p.sw             x10, x0(x15)        x10:00000072 x15:00000000  PA:1a10f010
13587196ns          223837 1c008bb8 00000513 addi             x10, x0, 0          x10=00000000
13587216ns          223838 1c008bba 00008067 jalr             x0, x1, 0            x1:1c008c8a
13587276ns          223841 1c008c8a 31f52563 p.beqimm         x10, 778            x10:00000000
13587296ns          223842 1c008c8e 001d8d93 addi             x27, x27, 1         x27=0000000f x27:0000000e
13587316ns          223843 1c008c90 00044503 lbu              x10, 0(x8)          x10=00000020  x8:1c00052b  PA:1c00052b
13587614ns          223858 1c008c94 00140413 addi             x8, x8, 1            x8=1c00052c  x8:1c00052b
13587634ns          223859 1c008c96 fe0514e3 bne              x10, x0, -24        x10:00000020
13587713ns          223863 1c008c7e 02500793 addi             x15, x0, 37         x15=00000025
13587733ns          223864 1c008c82 04f50863 beq              x10, x15, 80        x10:00000020 x15:00000025
13587753ns          223865 1c008c86 01a005b3 add              x11, x0, x26        x11=00000002 x26:00000002
13587773ns          223866 1c008c88 000b00e7 jalr             x1, x22, 0           x1=1c008c8a x22:1c008b94
13587813ns          223868 1c008b94 000026b7 lui              x13, 0x2000         x13=00002000
13587833ns          223869 1c008b96 f14027f3 csrrs            x15, x0, 0xf14      x15=00000002
13587853ns          223870 1c008b9a f8068693 addi             x13, x13, -128      x13=00001f80 x13:00002000
13587872ns          223871 1c008b9e 00379713 slli             x14, x15, 0x3       x14=00000010 x15:00000002
13587892ns          223872 1c008ba2 00279793 slli             x15, x15, 0x2       x15=00000008 x15:00000002
13587912ns          223873 1c008ba4 00d7f7b3 and              x15, x15, x13       x15=00000000 x15:00000008 x13:00001f80
13587932ns          223874 1c008ba6 ee873733 p.bclr           x14, x14, 23, 8     x14=00000010 x14:00000010
13587952ns          223875 1c008baa 1a10f6b7 lui              x13, 0x1a10f000     x13=1a10f000
13587972ns          223876 1c008bae 0ff57513 andi             x10, x10, 255       x10=00000020 x10:00000020
13587992ns          223877 1c008bb2 00d70733 add              x14, x14, x13       x14=1a10f010 x14:00000010 x13:1a10f000
13588012ns          223878 1c008bb4 00a7e723 p.sw             x10, x0(x15)        x10:00000020 x15:00000000  PA:1a10f010
13588350ns          223895 1c008bb8 00000513 addi             x10, x0, 0          x10=00000000
13588370ns          223896 1c008bba 00008067 jalr             x0, x1, 0            x1:1c008c8a
13588429ns          223899 1c008c8a 31f52563 p.beqimm         x10, 778            x10:00000000
13588449ns          223900 1c008c8e 001d8d93 addi             x27, x27, 1         x27=00000010 x27:0000000f
13588469ns          223901 1c008c90 00044503 lbu              x10, 0(x8)          x10=0000006f  x8:1c00052c  PA:1c00052c
13588767ns          223916 1c008c94 00140413 addi             x8, x8, 1            x8=1c00052d  x8:1c00052c
13588787ns          223917 1c008c96 fe0514e3 bne              x10, x0, -24        x10:0000006f
13588867ns          223921 1c008c7e 02500793 addi             x15, x0, 37         x15=00000025
13588887ns          223922 1c008c82 04f50863 beq              x10, x15, 80        x10:0000006f x15:00000025
13588907ns          223923 1c008c86 01a005b3 add              x11, x0, x26        x11=00000002 x26:00000002
13588927ns          223924 1c008c88 000b00e7 jalr             x1, x22, 0           x1=1c008c8a x22:1c008b94
13588966ns          223926 1c008b94 000026b7 lui              x13, 0x2000         x13=00002000
13588986ns          223927 1c008b96 f14027f3 csrrs            x15, x0, 0xf14      x15=00000002
13589006ns          223928 1c008b9a f8068693 addi             x13, x13, -128      x13=00001f80 x13:00002000
13589026ns          223929 1c008b9e 00379713 slli             x14, x15, 0x3       x14=00000010 x15:00000002
13589046ns          223930 1c008ba2 00279793 slli             x15, x15, 0x2       x15=00000008 x15:00000002
13589066ns          223931 1c008ba4 00d7f7b3 and              x15, x15, x13       x15=00000000 x15:00000008 x13:00001f80
13589086ns          223932 1c008ba6 ee873733 p.bclr           x14, x14, 23, 8     x14=00000010 x14:00000010
13589106ns          223933 1c008baa 1a10f6b7 lui              x13, 0x1a10f000     x13=1a10f000
13589125ns          223934 1c008bae 0ff57513 andi             x10, x10, 255       x10=0000006f x10:0000006f
13589145ns          223935 1c008bb2 00d70733 add              x14, x14, x13       x14=1a10f010 x14:00000010 x13:1a10f000
13589165ns          223936 1c008bb4 00a7e723 p.sw             x10, x0(x15)        x10:0000006f x15:00000000  PA:1a10f010
13589503ns          223953 1c008bb8 00000513 addi             x10, x0, 0          x10=00000000
13589523ns          223954 1c008bba 00008067 jalr             x0, x1, 0            x1:1c008c8a
13589583ns          223957 1c008c8a 31f52563 p.beqimm         x10, 778            x10:00000000
13589603ns          223958 1c008c8e 001d8d93 addi             x27, x27, 1         x27=00000011 x27:00000010
13589623ns          223959 1c008c90 00044503 lbu              x10, 0(x8)          x10=0000006e  x8:1c00052d  PA:1c00052d
13589961ns          223976 1c008c94 00140413 addi             x8, x8, 1            x8=1c00052e  x8:1c00052d
13589981ns          223977 1c008c96 fe0514e3 bne              x10, x0, -24        x10:0000006e
13590060ns          223981 1c008c7e 02500793 addi             x15, x0, 37         x15=00000025
13590080ns          223982 1c008c82 04f50863 beq              x10, x15, 80        x10:0000006e x15:00000025
13590100ns          223983 1c008c86 01a005b3 add              x11, x0, x26        x11=00000002 x26:00000002
13590120ns          223984 1c008c88 000b00e7 jalr             x1, x22, 0           x1=1c008c8a x22:1c008b94
13590160ns          223986 1c008b94 000026b7 lui              x13, 0x2000         x13=00002000
13590180ns          223987 1c008b96 f14027f3 csrrs            x15, x0, 0xf14      x15=00000002
13590199ns          223988 1c008b9a f8068693 addi             x13, x13, -128      x13=00001f80 x13:00002000
13590219ns          223989 1c008b9e 00379713 slli             x14, x15, 0x3       x14=00000010 x15:00000002
13590239ns          223990 1c008ba2 00279793 slli             x15, x15, 0x2       x15=00000008 x15:00000002
13590259ns          223991 1c008ba4 00d7f7b3 and              x15, x15, x13       x15=00000000 x15:00000008 x13:00001f80
13590279ns          223992 1c008ba6 ee873733 p.bclr           x14, x14, 23, 8     x14=00000010 x14:00000010
13590299ns          223993 1c008baa 1a10f6b7 lui              x13, 0x1a10f000     x13=1a10f000
13590319ns          223994 1c008bae 0ff57513 andi             x10, x10, 255       x10=0000006e x10:0000006e
13590339ns          223995 1c008bb2 00d70733 add              x14, x14, x13       x14=1a10f010 x14:00000010 x13:1a10f000
13590358ns          223996 1c008bb4 00a7e723 p.sw             x10, x0(x15)        x10:0000006e x15:00000000  PA:1a10f010
13590677ns          224012 1c008bb8 00000513 addi             x10, x0, 0          x10=00000000
13590697ns          224013 1c008bba 00008067 jalr             x0, x1, 0            x1:1c008c8a
13590756ns          224016 1c008c8a 31f52563 p.beqimm         x10, 778            x10:00000000
13590776ns          224017 1c008c8e 001d8d93 addi             x27, x27, 1         x27=00000012 x27:00000011
13590796ns          224018 1c008c90 00044503 lbu              x10, 0(x8)          x10=00000020  x8:1c00052e  PA:1c00052e
13591134ns          224035 1c008c94 00140413 addi             x8, x8, 1            x8=1c00052f  x8:1c00052e
13591154ns          224036 1c008c96 fe0514e3 bne              x10, x0, -24        x10:00000020
13591234ns          224040 1c008c7e 02500793 addi             x15, x0, 37         x15=00000025
13591253ns          224041 1c008c82 04f50863 beq              x10, x15, 80        x10:00000020 x15:00000025
13591273ns          224042 1c008c86 01a005b3 add              x11, x0, x26        x11=00000002 x26:00000002
13591293ns          224043 1c008c88 000b00e7 jalr             x1, x22, 0           x1=1c008c8a x22:1c008b94
13591333ns          224045 1c008b94 000026b7 lui              x13, 0x2000         x13=00002000
13591353ns          224046 1c008b96 f14027f3 csrrs            x15, x0, 0xf14      x15=00000002
13591373ns          224047 1c008b9a f8068693 addi             x13, x13, -128      x13=00001f80 x13:00002000
13591393ns          224048 1c008b9e 00379713 slli             x14, x15, 0x3       x14=00000010 x15:00000002
13591413ns          224049 1c008ba2 00279793 slli             x15, x15, 0x2       x15=00000008 x15:00000002
13591432ns          224050 1c008ba4 00d7f7b3 and              x15, x15, x13       x15=00000000 x15:00000008 x13:00001f80
13591452ns          224051 1c008ba6 ee873733 p.bclr           x14, x14, 23, 8     x14=00000010 x14:00000010
13591472ns          224052 1c008baa 1a10f6b7 lui              x13, 0x1a10f000     x13=1a10f000
13591492ns          224053 1c008bae 0ff57513 andi             x10, x10, 255       x10=00000020 x10:00000020
13591512ns          224054 1c008bb2 00d70733 add              x14, x14, x13       x14=1a10f010 x14:00000010 x13:1a10f000
13591532ns          224055 1c008bb4 00a7e723 p.sw             x10, x0(x15)        x10:00000020 x15:00000000  PA:1a10f010
13591850ns          224071 1c008bb8 00000513 addi             x10, x0, 0          x10=00000000
13591870ns          224072 1c008bba 00008067 jalr             x0, x1, 0            x1:1c008c8a
13591930ns          224075 1c008c8a 31f52563 p.beqimm         x10, 778            x10:00000000
13591950ns          224076 1c008c8e 001d8d93 addi             x27, x27, 1         x27=00000013 x27:00000012
13591969ns          224077 1c008c90 00044503 lbu              x10, 0(x8)          x10=00000063  x8:1c00052f  PA:1c00052f
13592288ns          224093 1c008c94 00140413 addi             x8, x8, 1            x8=1c000530  x8:1c00052f
13592308ns          224094 1c008c96 fe0514e3 bne              x10, x0, -24        x10:00000063
13592387ns          224098 1c008c7e 02500793 addi             x15, x0, 37         x15=00000025
13592407ns          224099 1c008c82 04f50863 beq              x10, x15, 80        x10:00000063 x15:00000025
13592427ns          224100 1c008c86 01a005b3 add              x11, x0, x26        x11=00000002 x26:00000002
13592447ns          224101 1c008c88 000b00e7 jalr             x1, x22, 0           x1=1c008c8a x22:1c008b94
13592487ns          224103 1c008b94 000026b7 lui              x13, 0x2000         x13=00002000
13592506ns          224104 1c008b96 f14027f3 csrrs            x15, x0, 0xf14      x15=00000002
13592526ns          224105 1c008b9a f8068693 addi             x13, x13, -128      x13=00001f80 x13:00002000
13592546ns          224106 1c008b9e 00379713 slli             x14, x15, 0x3       x14=00000010 x15:00000002
13592566ns          224107 1c008ba2 00279793 slli             x15, x15, 0x2       x15=00000008 x15:00000002
13592586ns          224108 1c008ba4 00d7f7b3 and              x15, x15, x13       x15=00000000 x15:00000008 x13:00001f80
13592606ns          224109 1c008ba6 ee873733 p.bclr           x14, x14, 23, 8     x14=00000010 x14:00000010
13592626ns          224110 1c008baa 1a10f6b7 lui              x13, 0x1a10f000     x13=1a10f000
13592646ns          224111 1c008bae 0ff57513 andi             x10, x10, 255       x10=00000063 x10:00000063
13592666ns          224112 1c008bb2 00d70733 add              x14, x14, x13       x14=1a10f010 x14:00000010 x13:1a10f000
13592685ns          224113 1c008bb4 00a7e723 p.sw             x10, x0(x15)        x10:00000063 x15:00000000  PA:1a10f010
13593004ns          224129 1c008bb8 00000513 addi             x10, x0, 0          x10=00000000
13593023ns          224130 1c008bba 00008067 jalr             x0, x1, 0            x1:1c008c8a
13593083ns          224133 1c008c8a 31f52563 p.beqimm         x10, 778            x10:00000000
13593103ns          224134 1c008c8e 001d8d93 addi             x27, x27, 1         x27=00000014 x27:00000013
13593123ns          224135 1c008c90 00044503 lbu              x10, 0(x8)          x10=0000006c  x8:1c000530  PA:1c000530
13593441ns          224151 1c008c94 00140413 addi             x8, x8, 1            x8=1c000531  x8:1c000530
13593461ns          224152 1c008c96 fe0514e3 bne              x10, x0, -24        x10:0000006c
13593541ns          224156 1c008c7e 02500793 addi             x15, x0, 37         x15=00000025
13593560ns          224157 1c008c82 04f50863 beq              x10, x15, 80        x10:0000006c x15:00000025
13593580ns          224158 1c008c86 01a005b3 add              x11, x0, x26        x11=00000002 x26:00000002
13593600ns          224159 1c008c88 000b00e7 jalr             x1, x22, 0           x1=1c008c8a x22:1c008b94
13593640ns          224161 1c008b94 000026b7 lui              x13, 0x2000         x13=00002000
13593660ns          224162 1c008b96 f14027f3 csrrs            x15, x0, 0xf14      x15=00000002
13593680ns          224163 1c008b9a f8068693 addi             x13, x13, -128      x13=00001f80 x13:00002000
13593700ns          224164 1c008b9e 00379713 slli             x14, x15, 0x3       x14=00000010 x15:00000002
13593720ns          224165 1c008ba2 00279793 slli             x15, x15, 0x2       x15=00000008 x15:00000002
13593739ns          224166 1c008ba4 00d7f7b3 and              x15, x15, x13       x15=00000000 x15:00000008 x13:00001f80
13593759ns          224167 1c008ba6 ee873733 p.bclr           x14, x14, 23, 8     x14=00000010 x14:00000010
13593779ns          224168 1c008baa 1a10f6b7 lui              x13, 0x1a10f000     x13=1a10f000
13593799ns          224169 1c008bae 0ff57513 andi             x10, x10, 255       x10=0000006c x10:0000006c
13593819ns          224170 1c008bb2 00d70733 add              x14, x14, x13       x14=1a10f010 x14:00000010 x13:1a10f000
13593839ns          224171 1c008bb4 00a7e723 p.sw             x10, x0(x15)        x10:0000006c x15:00000000  PA:1a10f010
13594157ns          224187 1c008bb8 00000513 addi             x10, x0, 0          x10=00000000
13594177ns          224188 1c008bba 00008067 jalr             x0, x1, 0            x1:1c008c8a
13594237ns          224191 1c008c8a 31f52563 p.beqimm         x10, 778            x10:00000000
13594257ns          224192 1c008c8e 001d8d93 addi             x27, x27, 1         x27=00000015 x27:00000014
13594276ns          224193 1c008c90 00044503 lbu              x10, 0(x8)          x10=00000075  x8:1c000531  PA:1c000531
13594575ns          224208 1c008c94 00140413 addi             x8, x8, 1            x8=1c000532  x8:1c000531
13594595ns          224209 1c008c96 fe0514e3 bne              x10, x0, -24        x10:00000075
13594674ns          224213 1c008c7e 02500793 addi             x15, x0, 37         x15=00000025
13594694ns          224214 1c008c82 04f50863 beq              x10, x15, 80        x10:00000075 x15:00000025
13594714ns          224215 1c008c86 01a005b3 add              x11, x0, x26        x11=00000002 x26:00000002
13594734ns          224216 1c008c88 000b00e7 jalr             x1, x22, 0           x1=1c008c8a x22:1c008b94
13594774ns          224218 1c008b94 000026b7 lui              x13, 0x2000         x13=00002000
13594794ns          224219 1c008b96 f14027f3 csrrs            x15, x0, 0xf14      x15=00000002
13594813ns          224220 1c008b9a f8068693 addi             x13, x13, -128      x13=00001f80 x13:00002000
13594833ns          224221 1c008b9e 00379713 slli             x14, x15, 0x3       x14=00000010 x15:00000002
13594853ns          224222 1c008ba2 00279793 slli             x15, x15, 0x2       x15=00000008 x15:00000002
13594873ns          224223 1c008ba4 00d7f7b3 and              x15, x15, x13       x15=00000000 x15:00000008 x13:00001f80
13594893ns          224224 1c008ba6 ee873733 p.bclr           x14, x14, 23, 8     x14=00000010 x14:00000010
13594913ns          224225 1c008baa 1a10f6b7 lui              x13, 0x1a10f000     x13=1a10f000
13594933ns          224226 1c008bae 0ff57513 andi             x10, x10, 255       x10=00000075 x10:00000075
13594953ns          224227 1c008bb2 00d70733 add              x14, x14, x13       x14=1a10f010 x14:00000010 x13:1a10f000
13594973ns          224228 1c008bb4 00a7e723 p.sw             x10, x0(x15)        x10:00000075 x15:00000000  PA:1a10f010
13595311ns          224245 1c008bb8 00000513 addi             x10, x0, 0          x10=00000000
13595330ns          224246 1c008bba 00008067 jalr             x0, x1, 0            x1:1c008c8a
13595390ns          224249 1c008c8a 31f52563 p.beqimm         x10, 778            x10:00000000
13595410ns          224250 1c008c8e 001d8d93 addi             x27, x27, 1         x27=00000016 x27:00000015
13595430ns          224251 1c008c90 00044503 lbu              x10, 0(x8)          x10=00000073  x8:1c000532  PA:1c000532
13595728ns          224266 1c008c94 00140413 addi             x8, x8, 1            x8=1c000533  x8:1c000532
13595748ns          224267 1c008c96 fe0514e3 bne              x10, x0, -24        x10:00000073
13595828ns          224271 1c008c7e 02500793 addi             x15, x0, 37         x15=00000025
13595848ns          224272 1c008c82 04f50863 beq              x10, x15, 80        x10:00000073 x15:00000025
13595867ns          224273 1c008c86 01a005b3 add              x11, x0, x26        x11=00000002 x26:00000002
13595887ns          224274 1c008c88 000b00e7 jalr             x1, x22, 0           x1=1c008c8a x22:1c008b94
13595927ns          224276 1c008b94 000026b7 lui              x13, 0x2000         x13=00002000
13595947ns          224277 1c008b96 f14027f3 csrrs            x15, x0, 0xf14      x15=00000002
13595967ns          224278 1c008b9a f8068693 addi             x13, x13, -128      x13=00001f80 x13:00002000
13595987ns          224279 1c008b9e 00379713 slli             x14, x15, 0x3       x14=00000010 x15:00000002
13596007ns          224280 1c008ba2 00279793 slli             x15, x15, 0x2       x15=00000008 x15:00000002
13596027ns          224281 1c008ba4 00d7f7b3 and              x15, x15, x13       x15=00000000 x15:00000008 x13:00001f80
13596046ns          224282 1c008ba6 ee873733 p.bclr           x14, x14, 23, 8     x14=00000010 x14:00000010
13596066ns          224283 1c008baa 1a10f6b7 lui              x13, 0x1a10f000     x13=1a10f000
13596086ns          224284 1c008bae 0ff57513 andi             x10, x10, 255       x10=00000073 x10:00000073
13596106ns          224285 1c008bb2 00d70733 add              x14, x14, x13       x14=1a10f010 x14:00000010 x13:1a10f000
13596126ns          224286 1c008bb4 00a7e723 p.sw             x10, x0(x15)        x10:00000073 x15:00000000  PA:1a10f010
13596444ns          224302 1c008bb8 00000513 addi             x10, x0, 0          x10=00000000
13596464ns          224303 1c008bba 00008067 jalr             x0, x1, 0            x1:1c008c8a
13596524ns          224306 1c008c8a 31f52563 p.beqimm         x10, 778            x10:00000000
13596544ns          224307 1c008c8e 001d8d93 addi             x27, x27, 1         x27=00000017 x27:00000016
13596564ns          224308 1c008c90 00044503 lbu              x10, 0(x8)          x10=00000074  x8:1c000533  PA:1c000533
13596882ns          224324 1c008c94 00140413 addi             x8, x8, 1            x8=1c000534  x8:1c000533
13596902ns          224325 1c008c96 fe0514e3 bne              x10, x0, -24        x10:00000074
13596981ns          224329 1c008c7e 02500793 addi             x15, x0, 37         x15=00000025
13597001ns          224330 1c008c82 04f50863 beq              x10, x15, 80        x10:00000074 x15:00000025
13597021ns          224331 1c008c86 01a005b3 add              x11, x0, x26        x11=00000002 x26:00000002
13597041ns          224332 1c008c88 000b00e7 jalr             x1, x22, 0           x1=1c008c8a x22:1c008b94
13597081ns          224334 1c008b94 000026b7 lui              x13, 0x2000         x13=00002000
13597101ns          224335 1c008b96 f14027f3 csrrs            x15, x0, 0xf14      x15=00000002
13597120ns          224336 1c008b9a f8068693 addi             x13, x13, -128      x13=00001f80 x13:00002000
13597140ns          224337 1c008b9e 00379713 slli             x14, x15, 0x3       x14=00000010 x15:00000002
13597160ns          224338 1c008ba2 00279793 slli             x15, x15, 0x2       x15=00000008 x15:00000002
13597180ns          224339 1c008ba4 00d7f7b3 and              x15, x15, x13       x15=00000000 x15:00000008 x13:00001f80
13597200ns          224340 1c008ba6 ee873733 p.bclr           x14, x14, 23, 8     x14=00000010 x14:00000010
13597220ns          224341 1c008baa 1a10f6b7 lui              x13, 0x1a10f000     x13=1a10f000
13597240ns          224342 1c008bae 0ff57513 andi             x10, x10, 255       x10=00000074 x10:00000074
13597260ns          224343 1c008bb2 00d70733 add              x14, x14, x13       x14=1a10f010 x14:00000010 x13:1a10f000
13597280ns          224344 1c008bb4 00a7e723 p.sw             x10, x0(x15)        x10:00000074 x15:00000000  PA:1a10f010
13597598ns          224360 1c008bb8 00000513 addi             x10, x0, 0          x10=00000000
13597618ns          224361 1c008bba 00008067 jalr             x0, x1, 0            x1:1c008c8a
13597677ns          224364 1c008c8a 31f52563 p.beqimm         x10, 778            x10:00000000
13597697ns          224365 1c008c8e 001d8d93 addi             x27, x27, 1         x27=00000018 x27:00000017
13597717ns          224366 1c008c90 00044503 lbu              x10, 0(x8)          x10=00000065  x8:1c000534  PA:1c000534
13598015ns          224381 1c008c94 00140413 addi             x8, x8, 1            x8=1c000535  x8:1c000534
13598035ns          224382 1c008c96 fe0514e3 bne              x10, x0, -24        x10:00000065
13598115ns          224386 1c008c7e 02500793 addi             x15, x0, 37         x15=00000025
13598135ns          224387 1c008c82 04f50863 beq              x10, x15, 80        x10:00000065 x15:00000025
13598155ns          224388 1c008c86 01a005b3 add              x11, x0, x26        x11=00000002 x26:00000002
13598174ns          224389 1c008c88 000b00e7 jalr             x1, x22, 0           x1=1c008c8a x22:1c008b94
13598214ns          224391 1c008b94 000026b7 lui              x13, 0x2000         x13=00002000
13598234ns          224392 1c008b96 f14027f3 csrrs            x15, x0, 0xf14      x15=00000002
13598254ns          224393 1c008b9a f8068693 addi             x13, x13, -128      x13=00001f80 x13:00002000
13598274ns          224394 1c008b9e 00379713 slli             x14, x15, 0x3       x14=00000010 x15:00000002
13598294ns          224395 1c008ba2 00279793 slli             x15, x15, 0x2       x15=00000008 x15:00000002
13598314ns          224396 1c008ba4 00d7f7b3 and              x15, x15, x13       x15=00000000 x15:00000008 x13:00001f80
13598334ns          224397 1c008ba6 ee873733 p.bclr           x14, x14, 23, 8     x14=00000010 x14:00000010
13598353ns          224398 1c008baa 1a10f6b7 lui              x13, 0x1a10f000     x13=1a10f000
13598373ns          224399 1c008bae 0ff57513 andi             x10, x10, 255       x10=00000065 x10:00000065
13598393ns          224400 1c008bb2 00d70733 add              x14, x14, x13       x14=1a10f010 x14:00000010 x13:1a10f000
13598413ns          224401 1c008bb4 00a7e723 p.sw             x10, x0(x15)        x10:00000065 x15:00000000  PA:1a10f010
13598751ns          224418 1c008bb8 00000513 addi             x10, x0, 0          x10=00000000
13598771ns          224419 1c008bba 00008067 jalr             x0, x1, 0            x1:1c008c8a
13598831ns          224422 1c008c8a 31f52563 p.beqimm         x10, 778            x10:00000000
13598851ns          224423 1c008c8e 001d8d93 addi             x27, x27, 1         x27=00000019 x27:00000018
13598871ns          224424 1c008c90 00044503 lbu              x10, 0(x8)          x10=00000072  x8:1c000535  PA:1c000535
13599209ns          224441 1c008c94 00140413 addi             x8, x8, 1            x8=1c000536  x8:1c000535
13599229ns          224442 1c008c96 fe0514e3 bne              x10, x0, -24        x10:00000072
13599308ns          224446 1c008c7e 02500793 addi             x15, x0, 37         x15=00000025
13599328ns          224447 1c008c82 04f50863 beq              x10, x15, 80        x10:00000072 x15:00000025
13599348ns          224448 1c008c86 01a005b3 add              x11, x0, x26        x11=00000002 x26:00000002
13599368ns          224449 1c008c88 000b00e7 jalr             x1, x22, 0           x1=1c008c8a x22:1c008b94
13599408ns          224451 1c008b94 000026b7 lui              x13, 0x2000         x13=00002000
13599427ns          224452 1c008b96 f14027f3 csrrs            x15, x0, 0xf14      x15=00000002
13599447ns          224453 1c008b9a f8068693 addi             x13, x13, -128      x13=00001f80 x13:00002000
13599467ns          224454 1c008b9e 00379713 slli             x14, x15, 0x3       x14=00000010 x15:00000002
13599487ns          224455 1c008ba2 00279793 slli             x15, x15, 0x2       x15=00000008 x15:00000002
13599507ns          224456 1c008ba4 00d7f7b3 and              x15, x15, x13       x15=00000000 x15:00000008 x13:00001f80
13599527ns          224457 1c008ba6 ee873733 p.bclr           x14, x14, 23, 8     x14=00000010 x14:00000010
13599547ns          224458 1c008baa 1a10f6b7 lui              x13, 0x1a10f000     x13=1a10f000
13599567ns          224459 1c008bae 0ff57513 andi             x10, x10, 255       x10=00000072 x10:00000072
13599587ns          224460 1c008bb2 00d70733 add              x14, x14, x13       x14=1a10f010 x14:00000010 x13:1a10f000
13599606ns          224461 1c008bb4 00a7e723 p.sw             x10, x0(x15)        x10:00000072 x15:00000000  PA:1a10f010
13599925ns          224477 1c008bb8 00000513 addi             x10, x0, 0          x10=00000000
13599945ns          224478 1c008bba 00008067 jalr             x0, x1, 0            x1:1c008c8a
13600004ns          224481 1c008c8a 31f52563 p.beqimm         x10, 778            x10:00000000
13600024ns          224482 1c008c8e 001d8d93 addi             x27, x27, 1         x27=0000001a x27:00000019
13600044ns          224483 1c008c90 00044503 lbu              x10, 0(x8)          x10=00000020  x8:1c000536  PA:1c000536
13600382ns          224500 1c008c94 00140413 addi             x8, x8, 1            x8=1c000537  x8:1c000536
13600402ns          224501 1c008c96 fe0514e3 bne              x10, x0, -24        x10:00000020
13600481ns          224505 1c008c7e 02500793 addi             x15, x0, 37         x15=00000025
13600501ns          224506 1c008c82 04f50863 beq              x10, x15, 80        x10:00000020 x15:00000025
13600521ns          224507 1c008c86 01a005b3 add              x11, x0, x26        x11=00000002 x26:00000002
13600541ns          224508 1c008c88 000b00e7 jalr             x1, x22, 0           x1=1c008c8a x22:1c008b94
13600581ns          224510 1c008b94 000026b7 lui              x13, 0x2000         x13=00002000
13600601ns          224511 1c008b96 f14027f3 csrrs            x15, x0, 0xf14      x15=00000002
13600621ns          224512 1c008b9a f8068693 addi             x13, x13, -128      x13=00001f80 x13:00002000
13600641ns          224513 1c008b9e 00379713 slli             x14, x15, 0x3       x14=00000010 x15:00000002
13600660ns          224514 1c008ba2 00279793 slli             x15, x15, 0x2       x15=00000008 x15:00000002
13600680ns          224515 1c008ba4 00d7f7b3 and              x15, x15, x13       x15=00000000 x15:00000008 x13:00001f80
13600700ns          224516 1c008ba6 ee873733 p.bclr           x14, x14, 23, 8     x14=00000010 x14:00000010
13600720ns          224517 1c008baa 1a10f6b7 lui              x13, 0x1a10f000     x13=1a10f000
13600740ns          224518 1c008bae 0ff57513 andi             x10, x10, 255       x10=00000020 x10:00000020
13600760ns          224519 1c008bb2 00d70733 add              x14, x14, x13       x14=1a10f010 x14:00000010 x13:1a10f000
13600780ns          224520 1c008bb4 00a7e723 p.sw             x10, x0(x15)        x10:00000020 x15:00000000  PA:1a10f010
13601098ns          224536 1c008bb8 00000513 addi             x10, x0, 0          x10=00000000
13601118ns          224537 1c008bba 00008067 jalr             x0, x1, 0            x1:1c008c8a
13601178ns          224540 1c008c8a 31f52563 p.beqimm         x10, 778            x10:00000000
13601197ns          224541 1c008c8e 001d8d93 addi             x27, x27, 1         x27=0000001b x27:0000001a
13601217ns          224542 1c008c90 00044503 lbu              x10, 0(x8)          x10=00000025  x8:1c000537  PA:1c000537
13601516ns          224557 1c008c94 00140413 addi             x8, x8, 1            x8=1c000538  x8:1c000537
13601536ns          224558 1c008c96 fe0514e3 bne              x10, x0, -24        x10:00000025
13601615ns          224562 1c008c7e 02500793 addi             x15, x0, 37         x15=00000025
13601635ns          224563 1c008c82 04f50863 beq              x10, x15, 80        x10:00000025 x15:00000025
13602013ns          224582 1c008cd2 00044483 lbu              x9, 0(x8)            x9=00000064  x8:1c000538  PA:1c000538
13602431ns          224603 1c008cd6 02000693 addi             x13, x0, 32         x13=00000020
13602450ns          224604 1c008cda 00140a93 addi             x21, x8, 1          x21=1c000539  x8:1c000538
13602470ns          224605 1c008cde 009005b3 add              x11, x0, x9         x11=00000064  x9:00000064
13602510ns          224607 1c008ce0 5f0b8513 addi             x10, x23, 1520      x10=1c0005f0 x23:1c000000
13602550ns          224609 1c008ce4 00d12823 sw               x13, 16(x2)         x13:00000020  x2:10001158  PA:10001168
13602570ns          224610 1c008ce6 00012c23 sw               x0, 24(x2)           x2:10001158  PA:10001170
13602590ns          224611 1c008ce8 00012a23 sw               x0, 20(x2)           x2:10001158  PA:1000116c
13602610ns          224612 1c008cea 00012e23 sw               x0, 28(x2)           x2:10001158  PA:10001174
13602629ns          224613 1c008cec 00012623 sw               x0, 12(x2)           x2:10001158  PA:10001164
13603027ns          224633 1c008cee 02300913 addi             x18, x0, 35         x18=00000023
13603067ns          224635 1c008cf2 02d00a13 addi             x20, x0, 45         x20=0000002d
13603087ns          224636 1c008cf6 015009b3 add              x19, x0, x21        x19=1c000539 x21:1c000539
13603107ns          224637 1c008cf8 e1dff0ef jal              x1, -484             x1=1c008cfa
13604002ns          224682 1c008b14 00054783 lbu              x15, 0(x10)         x15=0000002d x10:1c0005f0  PA:1c0005f0
13604459ns          224705 1c008b18 0ff5f593 andi             x11, x11, 255       x11=00000064 x11:00000064
13604479ns          224706 1c008b1c 00b78c63 beq              x15, x11, 24        x15:0000002d x11:00000064
13604499ns          224707 1c008b20 00078b63 beq              x15, x0, 22         x15:0000002d
13604539ns          224709 1c008b22 00150793 addi             x15, x10, 1         x15=1c0005f1 x10:1c0005f0
13604559ns          224710 1c008b26 0040006f jal              x0, 4              
13604598ns          224712 1c008b2a 00f00533 add              x10, x0, x15        x10=1c0005f1 x15:1c0005f1
13604618ns          224713 1c008b2c 0017c70b p.lbu            x14, 1(x15!)        x14=0000002b x15=1c0005f2 x15:1c0005f1  PA:1c0005f1
13605096ns          224737 1c008b30 feb71ce3 bne              x14, x11, -8        x14:0000002b x11:00000064
13605155ns          224740 1c008b28 00070763 beq              x14, x0, 14         x14:0000002b
13605175ns          224741 1c008b2a 00f00533 add              x10, x0, x15        x10=1c0005f2 x15:1c0005f2
13605195ns          224742 1c008b2c 0017c70b p.lbu            x14, 1(x15!)        x14=00000020 x15=1c0005f3 x15:1c0005f2  PA:1c0005f2
13605632ns          224764 1c008b30 feb71ce3 bne              x14, x11, -8        x14:00000020 x11:00000064
13605732ns          224769 1c008b28 00070763 beq              x14, x0, 14         x14:00000020
13605752ns          224770 1c008b2a 00f00533 add              x10, x0, x15        x10=1c0005f3 x15:1c0005f3
13605772ns          224771 1c008b2c 0017c70b p.lbu            x14, 1(x15!)        x14=00000023 x15=1c0005f4 x15:1c0005f3  PA:1c0005f3
13606090ns          224787 1c008b30 feb71ce3 bne              x14, x11, -8        x14:00000023 x11:00000064
13606150ns          224790 1c008b28 00070763 beq              x14, x0, 14         x14:00000023
13606169ns          224791 1c008b2a 00f00533 add              x10, x0, x15        x10=1c0005f4 x15:1c0005f4
13606189ns          224792 1c008b2c 0017c70b p.lbu            x14, 1(x15!)        x14=00000030 x15=1c0005f5 x15:1c0005f4  PA:1c0005f4
13606508ns          224808 1c008b30 feb71ce3 bne              x14, x11, -8        x14:00000030 x11:00000064
13606567ns          224811 1c008b28 00070763 beq              x14, x0, 14         x14:00000030
13606587ns          224812 1c008b2a 00f00533 add              x10, x0, x15        x10=1c0005f5 x15:1c0005f5
13606607ns          224813 1c008b2c 0017c70b p.lbu            x14, 1(x15!)        x14=00000000 x15=1c0005f6 x15:1c0005f5  PA:1c0005f5
13606925ns          224829 1c008b30 feb71ce3 bne              x14, x11, -8        x14:00000000 x11:00000064
13606985ns          224832 1c008b28 00070763 beq              x14, x0, 14         x14:00000000
13607064ns          224836 1c008b36 0015b593 sltiu            x11, x11, 1         x11=00000000 x11:00000064
13607084ns          224837 1c008b3a 40b005b3 sub              x11, x0, x11        x11=00000000 x11:00000000
13607104ns          224838 1c008b3e 00b57533 and              x10, x10, x11       x10=00000000 x10:1c0005f5 x11:00000000
13607124ns          224839 1c008b40 00008067 jalr             x0, x1, 0            x1:1c008cfa
13607164ns          224841 1c008cfa 02050a63 beq              x10, x0, 52         x10:00000000
13608099ns          224888 1c008d2e 02a00613 addi             x12, x0, 42         x12=0000002a
13608138ns          224890 1c008d32 2ac48663 beq              x9, x12, 684         x9:00000064 x12:0000002a
13608158ns          224891 1c008d36 fd048613 addi             x12, x9, -48        x12=00000034  x9:00000064
13608178ns          224892 1c008d3a 00900593 addi             x11, x0, 9          x11=00000009
13608198ns          224893 1c008d3c 00000913 addi             x18, x0, 0          x18=00000000
13608636ns          224915 1c008d3e 28c5f063 bgeu             x11, x12, 640       x11:00000009 x12:00000034
13608675ns          224917 1c008d42 02e00693 addi             x13, x0, 46         x13=0000002e
13608695ns          224918 1c008d46 fff00a13 addi             x20, x0, -1         x20=ffffffff
13608715ns          224919 1c008d48 2ed48363 beq              x9, x13, 742         x9:00000064 x13:0000002e
13608735ns          224920 1c008d4c 1c0007b7 lui              x15, 0x1c000000     x15=1c000000
13609153ns          224941 1c008d50 009005b3 add              x11, x0, x9         x11=00000064  x9:00000064
13609192ns          224943 1c008d52 5f878513 addi             x10, x15, 1528      x10=1c0005f8 x15:1c000000
13609212ns          224944 1c008d56 dbfff0ef jal              x1, -578             x1=1c008d58
13609252ns          224946 1c008b14 00054783 lbu              x15, 0(x10)         x15=00000068 x10:1c0005f8  PA:1c0005f8
13609550ns          224961 1c008b18 0ff5f593 andi             x11, x11, 255       x11=00000064 x11:00000064
13609570ns          224962 1c008b1c 00b78c63 beq              x15, x11, 24        x15:00000068 x11:00000064
13609590ns          224963 1c008b20 00078b63 beq              x15, x0, 22         x15:00000068
13609610ns          224964 1c008b22 00150793 addi             x15, x10, 1         x15=1c0005f9 x10:1c0005f8
13609630ns          224965 1c008b26 0040006f jal              x0, 4              
13609670ns          224967 1c008b2a 00f00533 add              x10, x0, x15        x10=1c0005f9 x15:1c0005f9
13609690ns          224968 1c008b2c 0017c70b p.lbu            x14, 1(x15!)        x14=0000006c x15=1c0005fa x15:1c0005f9  PA:1c0005f9
13610008ns          224984 1c008b30 feb71ce3 bne              x14, x11, -8        x14:0000006c x11:00000064
13610068ns          224987 1c008b28 00070763 beq              x14, x0, 14         x14:0000006c
13610087ns          224988 1c008b2a 00f00533 add              x10, x0, x15        x10=1c0005fa x15:1c0005fa
13610107ns          224989 1c008b2c 0017c70b p.lbu            x14, 1(x15!)        x14=0000004c x15=1c0005fb x15:1c0005fa  PA:1c0005fa
13610425ns          225005 1c008b30 feb71ce3 bne              x14, x11, -8        x14:0000004c x11:00000064
13610485ns          225008 1c008b28 00070763 beq              x14, x0, 14         x14:0000004c
13610505ns          225009 1c008b2a 00f00533 add              x10, x0, x15        x10=1c0005fb x15:1c0005fb
13610525ns          225010 1c008b2c 0017c70b p.lbu            x14, 1(x15!)        x14=0000007a x15=1c0005fc x15:1c0005fb  PA:1c0005fb
13610843ns          225026 1c008b30 feb71ce3 bne              x14, x11, -8        x14:0000007a x11:00000064
13610903ns          225029 1c008b28 00070763 beq              x14, x0, 14         x14:0000007a
13610923ns          225030 1c008b2a 00f00533 add              x10, x0, x15        x10=1c0005fc x15:1c0005fc
13610943ns          225031 1c008b2c 0017c70b p.lbu            x14, 1(x15!)        x14=00000000 x15=1c0005fd x15:1c0005fc  PA:1c0005fc
13611261ns          225047 1c008b30 feb71ce3 bne              x14, x11, -8        x14:00000000 x11:00000064
13611320ns          225050 1c008b28 00070763 beq              x14, x0, 14         x14:00000000
13611400ns          225054 1c008b36 0015b593 sltiu            x11, x11, 1         x11=00000000 x11:00000064
13611420ns          225055 1c008b3a 40b005b3 sub              x11, x0, x11        x11=00000000 x11:00000000
13611440ns          225056 1c008b3e 00b57533 and              x10, x10, x11       x10=00000000 x10:1c0005fc x11:00000000
13611460ns          225057 1c008b40 00008067 jalr             x0, x1, 0            x1:1c008d58
13611499ns          225059 1c008d58 01300433 add              x8, x0, x19          x8=1c000539 x19:1c000539
13611519ns          225060 1c008d5a 00050563 beq              x10, x0, 10         x10:00000000
13611997ns          225084 1c008d64 06700693 addi             x13, x0, 103        x13=00000067
13612017ns          225085 1c008d68 2896d963 bge              x13, x9, 658        x13:00000067  x9:00000064
13613110ns          225140 1c008ffa 06500693 addi             x13, x0, 101        x13=00000065
13613548ns          225162 1c008ffe 12d4d563 bge              x9, x13, 298         x9:00000064 x13:00000065
13613588ns          225164 1c009002 04700693 addi             x13, x0, 71         x13=00000047
13613608ns          225165 1c009006 dc96cbe3 blt              x13, x9, -554       x13:00000047  x9:00000064
13614522ns          225211 1c008ddc 06300693 addi             x13, x0, 99         x13=00000063
13614980ns          225234 1c008de0 0ad488e3 beq              x9, x13, 2224        x9:00000064 x13:00000063
13615020ns          225236 1c008de4 0096c9e3 blt              x13, x9, 2066       x13:00000063  x9:00000064
13615537ns          225262 1c0095f6 000c2583 lw               x11, 0(x24)         x11=00000000 x24:100012ac  PA:100012ac
13615557ns          225263 1c0095fa 004c0c13 addi             x24, x24, 4         x24=100012b0 x24:100012ac
13615576ns          225264 1c0095fc 3405cc63 blt              x11, x0, 856        x11:00000000
13615994ns          225285 1c009600 01412603 lw               x12, 20(x2)         x12=00000000  x2:10001158  PA:1000116c
13616014ns          225286 1c009602 00b006b3 add              x13, x0, x11        x13=00000000 x11:00000000
13616034ns          225287 1c009604 2e061863 bne              x12, x0, 752        x12:00000000
13616054ns          225288 1c009608 01812703 lw               x14, 24(x2)         x14=00000000  x2:10001158  PA:10001170
13616074ns          225289 1c00960a 019007b3 add              x15, x0, x25        x15=1000117c x25:1000117c
13616094ns          225290 1c00960c 00070763 beq              x14, x0, 14         x14:00000000
13616571ns          225314 1c00961a 00f00733 add              x14, x0, x15        x14=1000117c x15:1000117c
13616591ns          225315 1c00961c 00a00513 addi             x10, x0, 10         x10=0000000a
13617028ns          225337 1c00961e 02a6f633 remu             x12, x13, x10       x12=00000000 x13:00000000 x10:0000000a
13617665ns          225369 1c009622 02a6d6b3 divu             x13, x13, x10       x13=00000000 x13:00000000 x10:0000000a
13618281ns          225400 1c009626 03060613 addi             x12, x12, 48        x12=00000030 x12:00000000
13618301ns          225401 1c00962a 00c700ab p.sb             x12, 1(x14!)        x14=1000117d x12:00000030 x14:1000117c  PA:1000117c
13618321ns          225402 1c00962e fe0698e3 bne              x13, x0, -16        x13:00000000
13618341ns          225403 1c009630 40f706b3 sub              x13, x14, x15       x13=00000001 x14:1000117d x15:1000117c
13618361ns          225404 1c009634 0146dc63 bge              x13, x20, 24        x13:00000001 x20:ffffffff
13618858ns          225429 1c00964c 00e006b3 add              x13, x0, x14        x13=1000117d x14:1000117d
13619315ns          225452 1c00964e fe068fab p.sb             x0, -1(x13!)        x13=1000117c x13:1000117d  PA:1000117d
13619355ns          225454 1c009652 00d7fc63 bgeu             x15, x13, 24        x15:1000117c x13:1000117c
13619833ns          225478 1c00966a 01412783 lw               x15, 20(x2)         x15=00000000  x2:10001158  PA:1000116c
13619872ns          225480 1c00966c 01812603 lw               x12, 24(x2)         x12=00000000  x2:10001158  PA:10001170
13620310ns          225502 1c00966e 419704b3 sub              x9, x14, x25         x9=00000001 x14:1000117d x25:1000117c
13620330ns          225503 1c009672 00c7e7b3 or               x15, x15, x12       x15=00000000 x15:00000000 x12:00000000
13620350ns          225504 1c009674 00f12623 sw               x15, 12(x2)         x15:00000000  x2:10001158  PA:10001164
13620369ns          225505 1c009676 00079363 bne              x15, x0, 6          x15:00000000
13620389ns          225506 1c009678 01f5d593 srli             x11, x11, 0x1f      x11=00000000 x11:00000000
13620409ns          225507 1c00967a 00b12623 sw               x11, 12(x2)         x11:00000000  x2:10001158  PA:10001164
13620509ns          225512 1c00967c e3fa28e3 p.beqimm         x20, -464           x20:ffffffff
13621284ns          225551 1c0094ac 0c800793 addi             x15, x0, 200        x15=000000c8
13621762ns          225575 1c0094b0 9e97d0e3 bge              x15, x9, -1568      x15:000000c8  x9:00000001
13622239ns          225599 1c008e90 0f24d163 bge              x9, x18, 226         x9:00000001 x18:00000000
13622756ns          225625 1c008f72 d00482e3 beq              x9, x0, -764         x9:00000001
13622776ns          225626 1c008f76 01900933 add              x18, x0, x25        x18=1000117c x25:1000117c
13622796ns          225627 1c008f78 419d8db3 sub              x27, x27, x25       x27=efffee9f x27:0000001b x25:1000117c
13622816ns          225628 1c008f7c 00a0006f jal              x0, 10             
13623313ns          225653 1c008f86 0019450b p.lbu            x10, 1(x18!)        x10=00000030 x18=1000117d x18:1000117c  PA:1000117c
13623333ns          225654 1c008f8a 01a005b3 add              x11, x0, x26        x11=00000002 x26:00000002
13623353ns          225655 1c008f8c 000b00e7 jalr             x1, x22, 0           x1=1c008f8e x22:1c008b94
13623810ns          225678 1c008b94 000026b7 lui              x13, 0x2000         x13=00002000
13623830ns          225679 1c008b96 f14027f3 csrrs            x15, x0, 0xf14      x15=00000002
13623850ns          225680 1c008b9a f8068693 addi             x13, x13, -128      x13=00001f80 x13:00002000
13623870ns          225681 1c008b9e 00379713 slli             x14, x15, 0x3       x14=00000010 x15:00000002
13623890ns          225682 1c008ba2 00279793 slli             x15, x15, 0x2       x15=00000008 x15:00000002
13623910ns          225683 1c008ba4 00d7f7b3 and              x15, x15, x13       x15=00000000 x15:00000008 x13:00001f80
13623929ns          225684 1c008ba6 ee873733 p.bclr           x14, x14, 23, 8     x14=00000010 x14:00000010
13623949ns          225685 1c008baa 1a10f6b7 lui              x13, 0x1a10f000     x13=1a10f000
13623989ns          225687 1c008bae 0ff57513 andi             x10, x10, 255       x10=00000030 x10:00000030
13624009ns          225688 1c008bb2 00d70733 add              x14, x14, x13       x14=1a10f010 x14:00000010 x13:1a10f000
13624029ns          225689 1c008bb4 00a7e723 p.sw             x10, x0(x15)        x10:00000030 x15:00000000  PA:1a10f010
13624447ns          225710 1c008bb8 00000513 addi             x10, x0, 0          x10=00000000
13624466ns          225711 1c008bba 00008067 jalr             x0, x1, 0            x1:1c008f8e
13624506ns          225713 1c008f8e fff48493 addi             x9, x9, -1           x9=00000000  x9:00000001
13624526ns          225714 1c008f90 fff537e3 p.bneimm         x10, -18            x10:00000000
13624606ns          225718 1c008f7e 012d8733 add              x14, x27, x18       x14=0000001c x27:efffee9f x18:1000117d
13624626ns          225719 1c008f82 5a048b63 beq              x9, x0, 1462         x9:00000000
13625023ns          225739 1c009538 00e00db3 add              x27, x0, x14        x27=0000001c x14:0000001c
13625063ns          225741 1c00953a f3cff06f jal              x0, -2244          
13625620ns          225769 1c008c76 00044503 lbu              x10, 0(x8)          x10=00000020  x8:1c000539  PA:1c000539
13625918ns          225784 1c008c7a 00140413 addi             x8, x8, 1            x8=1c00053a  x8:1c000539
13625938ns          225785 1c008c7c 00050e63 beq              x10, x0, 28         x10:00000020
13625958ns          225786 1c008c7e 02500793 addi             x15, x0, 37         x15=00000025
13625978ns          225787 1c008c82 04f50863 beq              x10, x15, 80        x10:00000020 x15:00000025
13625998ns          225788 1c008c86 01a005b3 add              x11, x0, x26        x11=00000002 x26:00000002
13626018ns          225789 1c008c88 000b00e7 jalr             x1, x22, 0           x1=1c008c8a x22:1c008b94
13626117ns          225794 1c008b94 000026b7 lui              x13, 0x2000         x13=00002000
13626137ns          225795 1c008b96 f14027f3 csrrs            x15, x0, 0xf14      x15=00000002
13626157ns          225796 1c008b9a f8068693 addi             x13, x13, -128      x13=00001f80 x13:00002000
13626177ns          225797 1c008b9e 00379713 slli             x14, x15, 0x3       x14=00000010 x15:00000002
13626197ns          225798 1c008ba2 00279793 slli             x15, x15, 0x2       x15=00000008 x15:00000002
13626217ns          225799 1c008ba4 00d7f7b3 and              x15, x15, x13       x15=00000000 x15:00000008 x13:00001f80
13626236ns          225800 1c008ba6 ee873733 p.bclr           x14, x14, 23, 8     x14=00000010 x14:00000010
13626256ns          225801 1c008baa 1a10f6b7 lui              x13, 0x1a10f000     x13=1a10f000
13626276ns          225802 1c008bae 0ff57513 andi             x10, x10, 255       x10=00000020 x10:00000020
13626296ns          225803 1c008bb2 00d70733 add              x14, x14, x13       x14=1a10f010 x14:00000010 x13:1a10f000
13626316ns          225804 1c008bb4 00a7e723 p.sw             x10, x0(x15)        x10:00000020 x15:00000000  PA:1a10f010
13626714ns          225824 1c008bb8 00000513 addi             x10, x0, 0          x10=00000000
13626734ns          225825 1c008bba 00008067 jalr             x0, x1, 0            x1:1c008c8a
13626793ns          225828 1c008c8a 31f52563 p.beqimm         x10, 778            x10:00000000
13626813ns          225829 1c008c8e 001d8d93 addi             x27, x27, 1         x27=0000001d x27:0000001c
13626833ns          225830 1c008c90 00044503 lbu              x10, 0(x8)          x10=00000063  x8:1c00053a  PA:1c00053a
13627131ns          225845 1c008c94 00140413 addi             x8, x8, 1            x8=1c00053b  x8:1c00053a
13627151ns          225846 1c008c96 fe0514e3 bne              x10, x0, -24        x10:00000063
13627231ns          225850 1c008c7e 02500793 addi             x15, x0, 37         x15=00000025
13627251ns          225851 1c008c82 04f50863 beq              x10, x15, 80        x10:00000063 x15:00000025
13627271ns          225852 1c008c86 01a005b3 add              x11, x0, x26        x11=00000002 x26:00000002
13627291ns          225853 1c008c88 000b00e7 jalr             x1, x22, 0           x1=1c008c8a x22:1c008b94
13627330ns          225855 1c008b94 000026b7 lui              x13, 0x2000         x13=00002000
13627350ns          225856 1c008b96 f14027f3 csrrs            x15, x0, 0xf14      x15=00000002
13627370ns          225857 1c008b9a f8068693 addi             x13, x13, -128      x13=00001f80 x13:00002000
13627430ns          225860 1c008b9e 00379713 slli             x14, x15, 0x3       x14=00000010 x15:00000002
13627450ns          225861 1c008ba2 00279793 slli             x15, x15, 0x2       x15=00000008 x15:00000002
13627470ns          225862 1c008ba4 00d7f7b3 and              x15, x15, x13       x15=00000000 x15:00000008 x13:00001f80
13627489ns          225863 1c008ba6 ee873733 p.bclr           x14, x14, 23, 8     x14=00000010 x14:00000010
13627509ns          225864 1c008baa 1a10f6b7 lui              x13, 0x1a10f000     x13=1a10f000
13627529ns          225865 1c008bae 0ff57513 andi             x10, x10, 255       x10=00000063 x10:00000063
13627549ns          225866 1c008bb2 00d70733 add              x14, x14, x13       x14=1a10f010 x14:00000010 x13:1a10f000
13627569ns          225867 1c008bb4 00a7e723 p.sw             x10, x0(x15)        x10:00000063 x15:00000000  PA:1a10f010
13627927ns          225885 1c008bb8 00000513 addi             x10, x0, 0          x10=00000000
13627947ns          225886 1c008bba 00008067 jalr             x0, x1, 0            x1:1c008c8a
13628006ns          225889 1c008c8a 31f52563 p.beqimm         x10, 778            x10:00000000
13628026ns          225890 1c008c8e 001d8d93 addi             x27, x27, 1         x27=0000001e x27:0000001d
13628046ns          225891 1c008c90 00044503 lbu              x10, 0(x8)          x10=0000006f  x8:1c00053b  PA:1c00053b
13628345ns          225906 1c008c94 00140413 addi             x8, x8, 1            x8=1c00053c  x8:1c00053b
13628364ns          225907 1c008c96 fe0514e3 bne              x10, x0, -24        x10:0000006f
13628444ns          225911 1c008c7e 02500793 addi             x15, x0, 37         x15=00000025
13628464ns          225912 1c008c82 04f50863 beq              x10, x15, 80        x10:0000006f x15:00000025
13628484ns          225913 1c008c86 01a005b3 add              x11, x0, x26        x11=00000002 x26:00000002
13628504ns          225914 1c008c88 000b00e7 jalr             x1, x22, 0           x1=1c008c8a x22:1c008b94
13628543ns          225916 1c008b94 000026b7 lui              x13, 0x2000         x13=00002000
13628563ns          225917 1c008b96 f14027f3 csrrs            x15, x0, 0xf14      x15=00000002
13628583ns          225918 1c008b9a f8068693 addi             x13, x13, -128      x13=00001f80 x13:00002000
13628603ns          225919 1c008b9e 00379713 slli             x14, x15, 0x3       x14=00000010 x15:00000002
13628623ns          225920 1c008ba2 00279793 slli             x15, x15, 0x2       x15=00000008 x15:00000002
13628643ns          225921 1c008ba4 00d7f7b3 and              x15, x15, x13       x15=00000000 x15:00000008 x13:00001f80
13628663ns          225922 1c008ba6 ee873733 p.bclr           x14, x14, 23, 8     x14=00000010 x14:00000010
13628683ns          225923 1c008baa 1a10f6b7 lui              x13, 0x1a10f000     x13=1a10f000
13628703ns          225924 1c008bae 0ff57513 andi             x10, x10, 255       x10=0000006f x10:0000006f
13628722ns          225925 1c008bb2 00d70733 add              x14, x14, x13       x14=1a10f010 x14:00000010 x13:1a10f000
13628742ns          225926 1c008bb4 00a7e723 p.sw             x10, x0(x15)        x10:0000006f x15:00000000  PA:1a10f010
13629080ns          225943 1c008bb8 00000513 addi             x10, x0, 0          x10=00000000
13629100ns          225944 1c008bba 00008067 jalr             x0, x1, 0            x1:1c008c8a
13629160ns          225947 1c008c8a 31f52563 p.beqimm         x10, 778            x10:00000000
13629180ns          225948 1c008c8e 001d8d93 addi             x27, x27, 1         x27=0000001f x27:0000001e
13629200ns          225949 1c008c90 00044503 lbu              x10, 0(x8)          x10=00000072  x8:1c00053c  PA:1c00053c
13629498ns          225964 1c008c94 00140413 addi             x8, x8, 1            x8=1c00053d  x8:1c00053c
13629518ns          225965 1c008c96 fe0514e3 bne              x10, x0, -24        x10:00000072
13629598ns          225969 1c008c7e 02500793 addi             x15, x0, 37         x15=00000025
13629617ns          225970 1c008c82 04f50863 beq              x10, x15, 80        x10:00000072 x15:00000025
13629637ns          225971 1c008c86 01a005b3 add              x11, x0, x26        x11=00000002 x26:00000002
13629657ns          225972 1c008c88 000b00e7 jalr             x1, x22, 0           x1=1c008c8a x22:1c008b94
13629697ns          225974 1c008b94 000026b7 lui              x13, 0x2000         x13=00002000
13629717ns          225975 1c008b96 f14027f3 csrrs            x15, x0, 0xf14      x15=00000002
13629737ns          225976 1c008b9a f8068693 addi             x13, x13, -128      x13=00001f80 x13:00002000
13629757ns          225977 1c008b9e 00379713 slli             x14, x15, 0x3       x14=00000010 x15:00000002
13629777ns          225978 1c008ba2 00279793 slli             x15, x15, 0x2       x15=00000008 x15:00000002
13629796ns          225979 1c008ba4 00d7f7b3 and              x15, x15, x13       x15=00000000 x15:00000008 x13:00001f80
13629816ns          225980 1c008ba6 ee873733 p.bclr           x14, x14, 23, 8     x14=00000010 x14:00000010
13629836ns          225981 1c008baa 1a10f6b7 lui              x13, 0x1a10f000     x13=1a10f000
13629856ns          225982 1c008bae 0ff57513 andi             x10, x10, 255       x10=00000072 x10:00000072
13629876ns          225983 1c008bb2 00d70733 add              x14, x14, x13       x14=1a10f010 x14:00000010 x13:1a10f000
13629896ns          225984 1c008bb4 00a7e723 p.sw             x10, x0(x15)        x10:00000072 x15:00000000  PA:1a10f010
13630214ns          226000 1c008bb8 00000513 addi             x10, x0, 0          x10=00000000
13630234ns          226001 1c008bba 00008067 jalr             x0, x1, 0            x1:1c008c8a
13630294ns          226004 1c008c8a 31f52563 p.beqimm         x10, 778            x10:00000000
13630313ns          226005 1c008c8e 001d8d93 addi             x27, x27, 1         x27=00000020 x27:0000001f
13630333ns          226006 1c008c90 00044503 lbu              x10, 0(x8)          x10=00000065  x8:1c00053d  PA:1c00053d
13630632ns          226021 1c008c94 00140413 addi             x8, x8, 1            x8=1c00053e  x8:1c00053d
13630652ns          226022 1c008c96 fe0514e3 bne              x10, x0, -24        x10:00000065
13630731ns          226026 1c008c7e 02500793 addi             x15, x0, 37         x15=00000025
13630751ns          226027 1c008c82 04f50863 beq              x10, x15, 80        x10:00000065 x15:00000025
13630771ns          226028 1c008c86 01a005b3 add              x11, x0, x26        x11=00000002 x26:00000002
13630791ns          226029 1c008c88 000b00e7 jalr             x1, x22, 0           x1=1c008c8a x22:1c008b94
13630831ns          226031 1c008b94 000026b7 lui              x13, 0x2000         x13=00002000
13630850ns          226032 1c008b96 f14027f3 csrrs            x15, x0, 0xf14      x15=00000002
13630870ns          226033 1c008b9a f8068693 addi             x13, x13, -128      x13=00001f80 x13:00002000
13630890ns          226034 1c008b9e 00379713 slli             x14, x15, 0x3       x14=00000010 x15:00000002
13630910ns          226035 1c008ba2 00279793 slli             x15, x15, 0x2       x15=00000008 x15:00000002
13630930ns          226036 1c008ba4 00d7f7b3 and              x15, x15, x13       x15=00000000 x15:00000008 x13:00001f80
13630950ns          226037 1c008ba6 ee873733 p.bclr           x14, x14, 23, 8     x14=00000010 x14:00000010
13630970ns          226038 1c008baa 1a10f6b7 lui              x13, 0x1a10f000     x13=1a10f000
13630990ns          226039 1c008bae 0ff57513 andi             x10, x10, 255       x10=00000065 x10:00000065
13631010ns          226040 1c008bb2 00d70733 add              x14, x14, x13       x14=1a10f010 x14:00000010 x13:1a10f000
13631029ns          226041 1c008bb4 00a7e723 p.sw             x10, x0(x15)        x10:00000065 x15:00000000  PA:1a10f010
13631368ns          226058 1c008bb8 00000513 addi             x10, x0, 0          x10=00000000
13631387ns          226059 1c008bba 00008067 jalr             x0, x1, 0            x1:1c008c8a
13631447ns          226062 1c008c8a 31f52563 p.beqimm         x10, 778            x10:00000000
13631467ns          226063 1c008c8e 001d8d93 addi             x27, x27, 1         x27=00000021 x27:00000020
13631487ns          226064 1c008c90 00044503 lbu              x10, 0(x8)          x10=00000020  x8:1c00053e  PA:1c00053e
13631785ns          226079 1c008c94 00140413 addi             x8, x8, 1            x8=1c00053f  x8:1c00053e
13631805ns          226080 1c008c96 fe0514e3 bne              x10, x0, -24        x10:00000020
13631885ns          226084 1c008c7e 02500793 addi             x15, x0, 37         x15=00000025
13631905ns          226085 1c008c82 04f50863 beq              x10, x15, 80        x10:00000020 x15:00000025
13631924ns          226086 1c008c86 01a005b3 add              x11, x0, x26        x11=00000002 x26:00000002
13631944ns          226087 1c008c88 000b00e7 jalr             x1, x22, 0           x1=1c008c8a x22:1c008b94
13631984ns          226089 1c008b94 000026b7 lui              x13, 0x2000         x13=00002000
13632004ns          226090 1c008b96 f14027f3 csrrs            x15, x0, 0xf14      x15=00000002
13632024ns          226091 1c008b9a f8068693 addi             x13, x13, -128      x13=00001f80 x13:00002000
13632044ns          226092 1c008b9e 00379713 slli             x14, x15, 0x3       x14=00000010 x15:00000002
13632064ns          226093 1c008ba2 00279793 slli             x15, x15, 0x2       x15=00000008 x15:00000002
13632084ns          226094 1c008ba4 00d7f7b3 and              x15, x15, x13       x15=00000000 x15:00000008 x13:00001f80
13632103ns          226095 1c008ba6 ee873733 p.bclr           x14, x14, 23, 8     x14=00000010 x14:00000010
13632123ns          226096 1c008baa 1a10f6b7 lui              x13, 0x1a10f000     x13=1a10f000
13632143ns          226097 1c008bae 0ff57513 andi             x10, x10, 255       x10=00000020 x10:00000020
13632163ns          226098 1c008bb2 00d70733 add              x14, x14, x13       x14=1a10f010 x14:00000010 x13:1a10f000
13632183ns          226099 1c008bb4 00a7e723 p.sw             x10, x0(x15)        x10:00000020 x15:00000000  PA:1a10f010
13632501ns          226115 1c008bb8 00000513 addi             x10, x0, 0          x10=00000000
13632521ns          226116 1c008bba 00008067 jalr             x0, x1, 0            x1:1c008c8a
13632581ns          226119 1c008c8a 31f52563 p.beqimm         x10, 778            x10:00000000
13632601ns          226120 1c008c8e 001d8d93 addi             x27, x27, 1         x27=00000022 x27:00000021
13632620ns          226121 1c008c90 00044503 lbu              x10, 0(x8)          x10=00000025  x8:1c00053f  PA:1c00053f
13632919ns          226136 1c008c94 00140413 addi             x8, x8, 1            x8=1c000540  x8:1c00053f
13632939ns          226137 1c008c96 fe0514e3 bne              x10, x0, -24        x10:00000025
13633018ns          226141 1c008c7e 02500793 addi             x15, x0, 37         x15=00000025
13633038ns          226142 1c008c82 04f50863 beq              x10, x15, 80        x10:00000025 x15:00000025
13633177ns          226149 1c008cd2 00044483 lbu              x9, 0(x8)            x9=00000064  x8:1c000540  PA:1c000540
13633496ns          226165 1c008cd6 02000693 addi             x13, x0, 32         x13=00000020
13633515ns          226166 1c008cda 00140a93 addi             x21, x8, 1          x21=1c000541  x8:1c000540
13633535ns          226167 1c008cde 009005b3 add              x11, x0, x9         x11=00000064  x9:00000064
13633555ns          226168 1c008ce0 5f0b8513 addi             x10, x23, 1520      x10=1c0005f0 x23:1c000000
13633575ns          226169 1c008ce4 00d12823 sw               x13, 16(x2)         x13:00000020  x2:10001158  PA:10001168
13633595ns          226170 1c008ce6 00012c23 sw               x0, 24(x2)           x2:10001158  PA:10001170
13633615ns          226171 1c008ce8 00012a23 sw               x0, 20(x2)           x2:10001158  PA:1000116c
13633635ns          226172 1c008cea 00012e23 sw               x0, 28(x2)           x2:10001158  PA:10001174
13633655ns          226173 1c008cec 00012623 sw               x0, 12(x2)           x2:10001158  PA:10001164
13633675ns          226174 1c008cee 02300913 addi             x18, x0, 35         x18=00000023
13633694ns          226175 1c008cf2 02d00a13 addi             x20, x0, 45         x20=0000002d
13633714ns          226176 1c008cf6 015009b3 add              x19, x0, x21        x19=1c000541 x21:1c000541
13633734ns          226177 1c008cf8 e1dff0ef jal              x1, -484             x1=1c008cfa
13633873ns          226184 1c008b14 00054783 lbu              x15, 0(x10)         x15=0000002d x10:1c0005f0  PA:1c0005f0
13634192ns          226200 1c008b18 0ff5f593 andi             x11, x11, 255       x11=00000064 x11:00000064
13634212ns          226201 1c008b1c 00b78c63 beq              x15, x11, 24        x15:0000002d x11:00000064
13634231ns          226202 1c008b20 00078b63 beq              x15, x0, 22         x15:0000002d
13634251ns          226203 1c008b22 00150793 addi             x15, x10, 1         x15=1c0005f1 x10:1c0005f0
13634271ns          226204 1c008b26 0040006f jal              x0, 4              
13634371ns          226209 1c008b2a 00f00533 add              x10, x0, x15        x10=1c0005f1 x15:1c0005f1
13634391ns          226210 1c008b2c 0017c70b p.lbu            x14, 1(x15!)        x14=0000002b x15=1c0005f2 x15:1c0005f1  PA:1c0005f1
13634709ns          226226 1c008b30 feb71ce3 bne              x14, x11, -8        x14:0000002b x11:00000064
13634768ns          226229 1c008b28 00070763 beq              x14, x0, 14         x14:0000002b
13634788ns          226230 1c008b2a 00f00533 add              x10, x0, x15        x10=1c0005f2 x15:1c0005f2
13634808ns          226231 1c008b2c 0017c70b p.lbu            x14, 1(x15!)        x14=00000020 x15=1c0005f3 x15:1c0005f2  PA:1c0005f2
13635126ns          226247 1c008b30 feb71ce3 bne              x14, x11, -8        x14:00000020 x11:00000064
13635186ns          226250 1c008b28 00070763 beq              x14, x0, 14         x14:00000020
13635206ns          226251 1c008b2a 00f00533 add              x10, x0, x15        x10=1c0005f3 x15:1c0005f3
13635226ns          226252 1c008b2c 0017c70b p.lbu            x14, 1(x15!)        x14=00000023 x15=1c0005f4 x15:1c0005f3  PA:1c0005f3
13635544ns          226268 1c008b30 feb71ce3 bne              x14, x11, -8        x14:00000023 x11:00000064
13635604ns          226271 1c008b28 00070763 beq              x14, x0, 14         x14:00000023
13635624ns          226272 1c008b2a 00f00533 add              x10, x0, x15        x10=1c0005f4 x15:1c0005f4
13635643ns          226273 1c008b2c 0017c70b p.lbu            x14, 1(x15!)        x14=00000030 x15=1c0005f5 x15:1c0005f4  PA:1c0005f4
13635962ns          226289 1c008b30 feb71ce3 bne              x14, x11, -8        x14:00000030 x11:00000064
13636021ns          226292 1c008b28 00070763 beq              x14, x0, 14         x14:00000030
13636041ns          226293 1c008b2a 00f00533 add              x10, x0, x15        x10=1c0005f5 x15:1c0005f5
13636061ns          226294 1c008b2c 0017c70b p.lbu            x14, 1(x15!)        x14=00000000 x15=1c0005f6 x15:1c0005f5  PA:1c0005f5
13636379ns          226310 1c008b30 feb71ce3 bne              x14, x11, -8        x14:00000000 x11:00000064
13636439ns          226313 1c008b28 00070763 beq              x14, x0, 14         x14:00000000
13636519ns          226317 1c008b36 0015b593 sltiu            x11, x11, 1         x11=00000000 x11:00000064
13636538ns          226318 1c008b3a 40b005b3 sub              x11, x0, x11        x11=00000000 x11:00000000
13636558ns          226319 1c008b3e 00b57533 and              x10, x10, x11       x10=00000000 x10:1c0005f5 x11:00000000
13636578ns          226320 1c008b40 00008067 jalr             x0, x1, 0            x1:1c008cfa
13636618ns          226322 1c008cfa 02050a63 beq              x10, x0, 52         x10:00000000
13636737ns          226328 1c008d2e 02a00613 addi             x12, x0, 42         x12=0000002a
13636777ns          226330 1c008d32 2ac48663 beq              x9, x12, 684         x9:00000064 x12:0000002a
13636797ns          226331 1c008d36 fd048613 addi             x12, x9, -48        x12=00000034  x9:00000064
13636817ns          226332 1c008d3a 00900593 addi             x11, x0, 9          x11=00000009
13636837ns          226333 1c008d3c 00000913 addi             x18, x0, 0          x18=00000000
13636877ns          226335 1c008d3e 28c5f063 bgeu             x11, x12, 640       x11:00000009 x12:00000034
13636916ns          226337 1c008d42 02e00693 addi             x13, x0, 46         x13=0000002e
13636936ns          226338 1c008d46 fff00a13 addi             x20, x0, -1         x20=ffffffff
13636956ns          226339 1c008d48 2ed48363 beq              x9, x13, 742         x9:00000064 x13:0000002e
13636976ns          226340 1c008d4c 1c0007b7 lui              x15, 0x1c000000     x15=1c000000
13636996ns          226341 1c008d50 009005b3 add              x11, x0, x9         x11=00000064  x9:00000064
13637016ns          226342 1c008d52 5f878513 addi             x10, x15, 1528      x10=1c0005f8 x15:1c000000
13637036ns          226343 1c008d56 dbfff0ef jal              x1, -578             x1=1c008d58
13637135ns          226348 1c008b14 00054783 lbu              x15, 0(x10)         x15=00000068 x10:1c0005f8  PA:1c0005f8
13637453ns          226364 1c008b18 0ff5f593 andi             x11, x11, 255       x11=00000064 x11:00000064
13637473ns          226365 1c008b1c 00b78c63 beq              x15, x11, 24        x15:00000068 x11:00000064
13637493ns          226366 1c008b20 00078b63 beq              x15, x0, 22         x15:00000068
13637513ns          226367 1c008b22 00150793 addi             x15, x10, 1         x15=1c0005f9 x10:1c0005f8
13637533ns          226368 1c008b26 0040006f jal              x0, 4              
13637573ns          226370 1c008b2a 00f00533 add              x10, x0, x15        x10=1c0005f9 x15:1c0005f9
13637592ns          226371 1c008b2c 0017c70b p.lbu            x14, 1(x15!)        x14=0000006c x15=1c0005fa x15:1c0005f9  PA:1c0005f9
13637911ns          226387 1c008b30 feb71ce3 bne              x14, x11, -8        x14:0000006c x11:00000064
13637970ns          226390 1c008b28 00070763 beq              x14, x0, 14         x14:0000006c
13637990ns          226391 1c008b2a 00f00533 add              x10, x0, x15        x10=1c0005fa x15:1c0005fa
13638010ns          226392 1c008b2c 0017c70b p.lbu            x14, 1(x15!)        x14=0000004c x15=1c0005fb x15:1c0005fa  PA:1c0005fa
13638328ns          226408 1c008b30 feb71ce3 bne              x14, x11, -8        x14:0000004c x11:00000064
13638388ns          226411 1c008b28 00070763 beq              x14, x0, 14         x14:0000004c
13638408ns          226412 1c008b2a 00f00533 add              x10, x0, x15        x10=1c0005fb x15:1c0005fb
13638428ns          226413 1c008b2c 0017c70b p.lbu            x14, 1(x15!)        x14=0000007a x15=1c0005fc x15:1c0005fb  PA:1c0005fb
13638746ns          226429 1c008b30 feb71ce3 bne              x14, x11, -8        x14:0000007a x11:00000064
13638806ns          226432 1c008b28 00070763 beq              x14, x0, 14         x14:0000007a
13638826ns          226433 1c008b2a 00f00533 add              x10, x0, x15        x10=1c0005fc x15:1c0005fc
13638845ns          226434 1c008b2c 0017c70b p.lbu            x14, 1(x15!)        x14=00000000 x15=1c0005fd x15:1c0005fc  PA:1c0005fc
13639243ns          226454 1c008b30 feb71ce3 bne              x14, x11, -8        x14:00000000 x11:00000064
13639303ns          226457 1c008b28 00070763 beq              x14, x0, 14         x14:00000000
13639382ns          226461 1c008b36 0015b593 sltiu            x11, x11, 1         x11=00000000 x11:00000064
13639402ns          226462 1c008b3a 40b005b3 sub              x11, x0, x11        x11=00000000 x11:00000000
13639422ns          226463 1c008b3e 00b57533 and              x10, x10, x11       x10=00000000 x10:1c0005fc x11:00000000
13639442ns          226464 1c008b40 00008067 jalr             x0, x1, 0            x1:1c008d58
13639482ns          226466 1c008d58 01300433 add              x8, x0, x19          x8=1c000541 x19:1c000541
13639502ns          226467 1c008d5a 00050563 beq              x10, x0, 10         x10:00000000
13639561ns          226470 1c008d64 06700693 addi             x13, x0, 103        x13=00000067
13639581ns          226471 1c008d68 2896d963 bge              x13, x9, 658        x13:00000067  x9:00000064
13639661ns          226475 1c008ffa 06500693 addi             x13, x0, 101        x13=00000065
13639681ns          226476 1c008ffe 12d4d563 bge              x9, x13, 298         x9:00000064 x13:00000065
13639701ns          226477 1c009002 04700693 addi             x13, x0, 71         x13=00000047
13639721ns          226478 1c009006 dc96cbe3 blt              x13, x9, -554       x13:00000047  x9:00000064
13639840ns          226484 1c008ddc 06300693 addi             x13, x0, 99         x13=00000063
13639860ns          226485 1c008de0 0ad488e3 beq              x9, x13, 2224        x9:00000064 x13:00000063
13639880ns          226486 1c008de4 0096c9e3 blt              x13, x9, 2066       x13:00000063  x9:00000064
13640019ns          226493 1c0095f6 000c2583 lw               x11, 0(x24)         x11=00000002 x24:100012b0  PA:100012b0
13640039ns          226494 1c0095fa 004c0c13 addi             x24, x24, 4         x24=100012b4 x24:100012b0
13640059ns          226495 1c0095fc 3405cc63 blt              x11, x0, 856        x11:00000002
13640098ns          226497 1c009600 01412603 lw               x12, 20(x2)         x12=00000000  x2:10001158  PA:1000116c
13640118ns          226498 1c009602 00b006b3 add              x13, x0, x11        x13=00000002 x11:00000002
13640138ns          226499 1c009604 2e061863 bne              x12, x0, 752        x12:00000000
13640158ns          226500 1c009608 01812703 lw               x14, 24(x2)         x14=00000000  x2:10001158  PA:10001170
13640178ns          226501 1c00960a 019007b3 add              x15, x0, x25        x15=1000117c x25:1000117c
13640198ns          226502 1c00960c 00070763 beq              x14, x0, 14         x14:00000000
13640277ns          226506 1c00961a 00f00733 add              x14, x0, x15        x14=1000117c x15:1000117c
13640297ns          226507 1c00961c 00a00513 addi             x10, x0, 10         x10=0000000a
13640357ns          226510 1c00961e 02a6f633 remu             x12, x13, x10       x12=00000002 x13:00000002 x10:0000000a
13640993ns          226542 1c009622 02a6d6b3 divu             x13, x13, x10       x13=00000000 x13:00000002 x10:0000000a
13641610ns          226573 1c009626 03060613 addi             x12, x12, 48        x12=00000032 x12:00000002
13641630ns          226574 1c00962a 00c700ab p.sb             x12, 1(x14!)        x14=1000117d x12:00000032 x14:1000117c  PA:1000117c
13641650ns          226575 1c00962e fe0698e3 bne              x13, x0, -16        x13:00000000
13641670ns          226576 1c009630 40f706b3 sub              x13, x14, x15       x13=00000001 x14:1000117d x15:1000117c
13641689ns          226577 1c009634 0146dc63 bge              x13, x20, 24        x13:00000001 x20:ffffffff
13641749ns          226580 1c00964c 00e006b3 add              x13, x0, x14        x13=1000117d x14:1000117d
13641809ns          226583 1c00964e fe068fab p.sb             x0, -1(x13!)        x13=1000117c x13:1000117d  PA:1000117d
13641849ns          226585 1c009652 00d7fc63 bgeu             x15, x13, 24        x15:1000117c x13:1000117c
13641908ns          226588 1c00966a 01412783 lw               x15, 20(x2)         x15=00000000  x2:10001158  PA:1000116c
13641928ns          226589 1c00966c 01812603 lw               x12, 24(x2)         x12=00000000  x2:10001158  PA:10001170
13641948ns          226590 1c00966e 419704b3 sub              x9, x14, x25         x9=00000001 x14:1000117d x25:1000117c
13641968ns          226591 1c009672 00c7e7b3 or               x15, x15, x12       x15=00000000 x15:00000000 x12:00000000
13641988ns          226592 1c009674 00f12623 sw               x15, 12(x2)         x15:00000000  x2:10001158  PA:10001164
13642008ns          226593 1c009676 00079363 bne              x15, x0, 6          x15:00000000
13642028ns          226594 1c009678 01f5d593 srli             x11, x11, 0x1f      x11=00000000 x11:00000002
13642047ns          226595 1c00967a 00b12623 sw               x11, 12(x2)         x11:00000000  x2:10001158  PA:10001164
13642067ns          226596 1c00967c e3fa28e3 p.beqimm         x20, -464           x20:ffffffff
13642167ns          226601 1c0094ac 0c800793 addi             x15, x0, 200        x15=000000c8
13642207ns          226603 1c0094b0 9e97d0e3 bge              x15, x9, -1568      x15:000000c8  x9:00000001
13642266ns          226606 1c008e90 0f24d163 bge              x9, x18, 226         x9:00000001 x18:00000000
13642405ns          226613 1c008f72 d00482e3 beq              x9, x0, -764         x9:00000001
13642425ns          226614 1c008f76 01900933 add              x18, x0, x25        x18=1000117c x25:1000117c
13642445ns          226615 1c008f78 419d8db3 sub              x27, x27, x25       x27=efffeea6 x27:00000022 x25:1000117c
13642465ns          226616 1c008f7c 00a0006f jal              x0, 10             
13642525ns          226619 1c008f86 0019450b p.lbu            x10, 1(x18!)        x10=00000032 x18=1000117d x18:1000117c  PA:1000117c
13642545ns          226620 1c008f8a 01a005b3 add              x11, x0, x26        x11=00000002 x26:00000002
13642564ns          226621 1c008f8c 000b00e7 jalr             x1, x22, 0           x1=1c008f8e x22:1c008b94
13642644ns          226625 1c008b94 000026b7 lui              x13, 0x2000         x13=00002000
13642684ns          226627 1c008b96 f14027f3 csrrs            x15, x0, 0xf14      x15=00000002
13642704ns          226628 1c008b9a f8068693 addi             x13, x13, -128      x13=00001f80 x13:00002000
13642763ns          226631 1c008b9e 00379713 slli             x14, x15, 0x3       x14=00000010 x15:00000002
13642783ns          226632 1c008ba2 00279793 slli             x15, x15, 0x2       x15=00000008 x15:00000002
13642803ns          226633 1c008ba4 00d7f7b3 and              x15, x15, x13       x15=00000000 x15:00000008 x13:00001f80
13642823ns          226634 1c008ba6 ee873733 p.bclr           x14, x14, 23, 8     x14=00000010 x14:00000010
13642843ns          226635 1c008baa 1a10f6b7 lui              x13, 0x1a10f000     x13=1a10f000
13642903ns          226638 1c008bae 0ff57513 andi             x10, x10, 255       x10=00000032 x10:00000032
13642922ns          226639 1c008bb2 00d70733 add              x14, x14, x13       x14=1a10f010 x14:00000010 x13:1a10f000
13642942ns          226640 1c008bb4 00a7e723 p.sw             x10, x0(x15)        x10:00000032 x15:00000000  PA:1a10f010
13643261ns          226656 1c008bb8 00000513 addi             x10, x0, 0          x10=00000000
13643280ns          226657 1c008bba 00008067 jalr             x0, x1, 0            x1:1c008f8e
13643320ns          226659 1c008f8e fff48493 addi             x9, x9, -1           x9=00000000  x9:00000001
13643340ns          226660 1c008f90 fff537e3 p.bneimm         x10, -18            x10:00000000
13643420ns          226664 1c008f7e 012d8733 add              x14, x27, x18       x14=00000023 x27:efffeea6 x18:1000117d
13643440ns          226665 1c008f82 5a048b63 beq              x9, x0, 1462         x9:00000000
13643539ns          226670 1c009538 00e00db3 add              x27, x0, x14        x27=00000023 x14:00000023
13643579ns          226672 1c00953a f3cff06f jal              x0, -2244          
13643758ns          226681 1c008c76 00044503 lbu              x10, 0(x8)          x10=0000000a  x8:1c000541  PA:1c000541
13644076ns          226697 1c008c7a 00140413 addi             x8, x8, 1            x8=1c000542  x8:1c000541
13644096ns          226698 1c008c7c 00050e63 beq              x10, x0, 28         x10:0000000a
13644116ns          226699 1c008c7e 02500793 addi             x15, x0, 37         x15=00000025
13644136ns          226700 1c008c82 04f50863 beq              x10, x15, 80        x10:0000000a x15:00000025
13644156ns          226701 1c008c86 01a005b3 add              x11, x0, x26        x11=00000002 x26:00000002
13644175ns          226702 1c008c88 000b00e7 jalr             x1, x22, 0           x1=1c008c8a x22:1c008b94
13644315ns          226709 1c008b94 000026b7 lui              x13, 0x2000         x13=00002000
13644354ns          226711 1c008b96 f14027f3 csrrs            x15, x0, 0xf14      x15=00000002
13644374ns          226712 1c008b9a f8068693 addi             x13, x13, -128      x13=00001f80 x13:00002000
13644394ns          226713 1c008b9e 00379713 slli             x14, x15, 0x3       x14=00000010 x15:00000002
13644414ns          226714 1c008ba2 00279793 slli             x15, x15, 0x2       x15=00000008 x15:00000002
13644434ns          226715 1c008ba4 00d7f7b3 and              x15, x15, x13       x15=00000000 x15:00000008 x13:00001f80
13644454ns          226716 1c008ba6 ee873733 p.bclr           x14, x14, 23, 8     x14=00000010 x14:00000010
13644474ns          226717 1c008baa 1a10f6b7 lui              x13, 0x1a10f000     x13=1a10f000
13644494ns          226718 1c008bae 0ff57513 andi             x10, x10, 255       x10=0000000a x10:0000000a
13644514ns          226719 1c008bb2 00d70733 add              x14, x14, x13       x14=1a10f010 x14:00000010 x13:1a10f000
13644533ns          226720 1c008bb4 00a7e723 p.sw             x10, x0(x15)        x10:0000000a x15:00000000  PA:1a10f010
13644852ns          226736 1c008bb8 00000513 addi             x10, x0, 0          x10=00000000
13644872ns          226737 1c008bba 00008067 jalr             x0, x1, 0            x1:1c008c8a
13644931ns          226740 1c008c8a 31f52563 p.beqimm         x10, 778            x10:00000000
13644951ns          226741 1c008c8e 001d8d93 addi             x27, x27, 1         x27=00000024 x27:00000023
13644971ns          226742 1c008c90 00044503 lbu              x10, 0(x8)          x10=00000000  x8:1c000542  PA:1c000542
13645269ns          226757 1c008c94 00140413 addi             x8, x8, 1            x8=1c000543  x8:1c000542
13645289ns          226758 1c008c96 fe0514e3 bne              x10, x0, -24        x10:00000000
13645309ns          226759 1c008c98 01b00433 add              x8, x0, x27          x8=00000024 x27:00000024
13645329ns          226760 1c008c9a 00800533 add              x10, x0, x8         x10=00000024  x8:00000024
13645349ns          226761 1c008c9c 12c12083 lw               x1, 300(x2)          x1=1c008c28  x2:10001158  PA:10001284
13645369ns          226762 1c008ca0 12812403 lw               x8, 296(x2)          x8=00000002  x2:10001158  PA:10001280
13645389ns          226763 1c008ca4 12412483 lw               x9, 292(x2)          x9=00000000  x2:10001158  PA:1000127c
13645408ns          226764 1c008ca8 12012903 lw               x18, 288(x2)        x18=00000000  x2:10001158  PA:10001278
13645428ns          226765 1c008cac 11c12983 lw               x19, 284(x2)        x19=00000000  x2:10001158  PA:10001274
13645786ns          226783 1c008cb0 11812a03 lw               x20, 280(x2)        x20=00000000  x2:10001158  PA:10001270
13645826ns          226785 1c008cb4 11412a83 lw               x21, 276(x2)        x21=00000000  x2:10001158  PA:1000126c
13645846ns          226786 1c008cb8 11012b03 lw               x22, 272(x2)        x22=00000000  x2:10001158  PA:10001268
13645866ns          226787 1c008cbc 10c12b83 lw               x23, 268(x2)        x23=00000000  x2:10001158  PA:10001264
13646303ns          226809 1c008cc0 10812c03 lw               x24, 264(x2)        x24=00000000  x2:10001158  PA:10001260
13646343ns          226811 1c008cc4 10412c83 lw               x25, 260(x2)        x25=00000000  x2:10001158  PA:1000125c
13646363ns          226812 1c008cc8 10012d03 lw               x26, 256(x2)        x26=00000000  x2:10001158  PA:10001258
13646383ns          226813 1c008ccc 0fc12d83 lw               x27, 252(x2)        x27=00000000  x2:10001158  PA:10001254
13646403ns          226814 1c008cce 13010113 addi             x2, x2, 304          x2=10001288  x2:10001158
13646423ns          226815 1c008cd0 00008067 jalr             x0, x1, 0            x1:1c008c28
13646502ns          226819 1c008c28 01c12083 lw               x1, 28(x2)           x1=1c008254  x2:10001288  PA:100012a4
13646522ns          226820 1c008c2a 04010113 addi             x2, x2, 64           x2=100012c8  x2:10001288
13646562ns          226822 1c008c2c 00008067 jalr             x0, x1, 0            x1:1c008254
13647059ns          226847 1c008254 437010ef jal              x1, 7222             x1=1c008258
13647556ns          226872 1c009e8a f14027f3 csrrs            x15, x0, 0xf14      x15=00000002
13647576ns          226873 1c009e8e 01f00713 addi             x14, x0, 31         x14=0000001f
13647994ns          226894 1c009e90 ca5797b3 p.extractu       x15, x15, 5, 5      x15=00000000 x15:00000002
13648034ns          226896 1c009e94 00e78863 beq              x15, x14, 16        x15:00000000 x14:0000001f
13648054ns          226897 1c009e98 002047b7 lui              x15, 0x204000       x15=00204000
13648073ns          226898 1c009e9c 20078793 addi             x15, x15, 512       x15=00204200 x15:00204000
13648511ns          226920 1c009ea0 01c7e703 p.elw            x14, 28(x15)        x14=00010000 x15:00204200  PA:0020421c
13648730ns          226931 1c009ea4 00008067 jalr             x0, x1, 0            x1:1c008258
13649068ns          226948 1c008258 02040763 beq              x8, x0, 46           x8:00000002
13649088ns          226949 1c00825a 431010ef jal              x1, 7216             x1=1c00825e
13649605ns          226975 1c009e8a f14027f3 csrrs            x15, x0, 0xf14      x15=00000002
13649625ns          226976 1c009e8e 01f00713 addi             x14, x0, 31         x14=0000001f
13649645ns          226977 1c009e90 ca5797b3 p.extractu       x15, x15, 5, 5      x15=00000000 x15:00000002
13649665ns          226978 1c009e94 00e78863 beq              x15, x14, 16        x15:00000000 x14:0000001f
13649684ns          226979 1c009e98 002047b7 lui              x15, 0x204000       x15=00204000
13649704ns          226980 1c009e9c 20078793 addi             x15, x15, 512       x15=00204200 x15:00204000
13649724ns          226981 1c009ea0 01c7e703 p.elw            x14, 28(x15)        x14=00010000 x15:00204200  PA:0020421c
15310255ns          310035 1c009ea4 00008067 jalr             x0, x1, 0            x1:1c00825e
15310315ns          310038 1c00825e 52c12083 lw               x1, 1324(x2)         x1=1c009d5c  x2:100012c8  PA:100017f4
15310375ns          310041 1c008262 52812403 lw               x8, 1320(x2)         x8=00000000  x2:100012c8  PA:100017f0
15310395ns          310042 1c008266 52412483 lw               x9, 1316(x2)         x9=00000000  x2:100012c8  PA:100017ec
15310415ns          310043 1c00826a 52012903 lw               x18, 1312(x2)       x18=00000000  x2:100012c8  PA:100017e8
15310816ns          310063 1c00826e 51c12983 lw               x19, 1308(x2)       x19=00000000  x2:100012c8  PA:100017e4
15310856ns          310065 1c008272 51812a03 lw               x20, 1304(x2)       x20=00000000  x2:100012c8  PA:100017e0
15310877ns          310066 1c008276 51412a83 lw               x21, 1300(x2)       x21=00000000  x2:100012c8  PA:100017dc
15310897ns          310067 1c00827a 51012b03 lw               x22, 1296(x2)       x22=00000000  x2:100012c8  PA:100017d8
15310917ns          310068 1c00827e 00100513 addi             x10, x0, 1          x10=00000001
15310957ns          310070 1c008280 53010113 addi             x2, x2, 1328         x2=100017f8  x2:100012c8
15310997ns          310072 1c008284 00008067 jalr             x0, x1, 0            x1:1c009d5c
15311077ns          310076 1c009d5c 01f00713 addi             x14, x0, 31         x14=0000001f
15311539ns          310099 1c009d5e f14027f3 csrrs            x15, x0, 0xf14      x15=00000002
15311579ns          310101 1c009d62 ca5797b3 p.extractu       x15, x15, 5, 5      x15=00000000 x15:00000002
15311599ns          310102 1c009d66 00e78863 beq              x15, x14, 16        x15:00000000 x14:0000001f
15311619ns          310103 1c009d6a 002047b7 lui              x15, 0x204000       x15=00204000
15312060ns          310125 1c009d6e 20078793 addi             x15, x15, 512       x15=00204200 x15:00204000
15312100ns          310127 1c009d72 01c7e703 p.elw            x14, 28(x15)        x14=00010000 x15:00204200  PA:0020421c
15312401ns          310142 1c009d76 f14027f3 csrrs            x15, x0, 0xf14      x15=00000002
15312421ns          310143 1c009d7a f457b7b3 p.bclr           x15, x15, 26, 5     x15=00000002 x15:00000002
15312442ns          310144 1c009d7e 00079963 bne              x15, x0, 18         x15:00000002
15313043ns          310174 1c009d90 002047b7 lui              x15, 0x204000       x15=00204000
15313084ns          310176 1c009d94 fff00713 addi             x14, x0, -1         x14=ffffffff
15313104ns          310177 1c009d96 00e7a223 sw               x14, 4(x15)         x14:ffffffff x15:00204000  PA:00204004
