                Time          Cycles PC       Instr    Mnemonic
14015450ns          226417 1c008080 000000b7 lui              x1, 0x0              x1=00000000
14015490ns          226419 1c008084 00000137 lui              x2, 0x0              x2=00000000
14015510ns          226420 1c008088 000001b7 lui              x3, 0x0              x3=00000000
14015529ns          226421 1c00808c 00000237 lui              x4, 0x0              x4=00000000
14015967ns          226443 1c008090 000002b7 lui              x5, 0x0              x5=00000000
14016007ns          226445 1c008094 00000337 lui              x6, 0x0              x6=00000000
14016027ns          226446 1c008098 000003b7 lui              x7, 0x0              x7=00000000
14016047ns          226447 1c00809c 00000437 lui              x8, 0x0              x8=00000000
14016484ns          226469 1c0080a0 000004b7 lui              x9, 0x0              x9=00000000
14016524ns          226471 1c0080a4 00000537 lui              x10, 0x0            x10=00000000
14016544ns          226472 1c0080a8 000005b7 lui              x11, 0x0            x11=00000000
14016564ns          226473 1c0080ac 00000637 lui              x12, 0x0            x12=00000000
14017001ns          226495 1c0080b0 000006b7 lui              x13, 0x0            x13=00000000
14017041ns          226497 1c0080b4 00000737 lui              x14, 0x0            x14=00000000
14017061ns          226498 1c0080b8 000007b7 lui              x15, 0x0            x15=00000000
14017081ns          226499 1c0080bc 00000837 lui              x16, 0x0            x16=00000000
14017538ns          226522 1c0080c0 000008b7 lui              x17, 0x0            x17=00000000
14017578ns          226524 1c0080c4 00000937 lui              x18, 0x0            x18=00000000
14017598ns          226525 1c0080c8 000009b7 lui              x19, 0x0            x19=00000000
14017618ns          226526 1c0080cc 00000a37 lui              x20, 0x0            x20=00000000
14018055ns          226548 1c0080d0 00000ab7 lui              x21, 0x0            x21=00000000
14018095ns          226550 1c0080d4 00000b37 lui              x22, 0x0            x22=00000000
14018115ns          226551 1c0080d8 00000bb7 lui              x23, 0x0            x23=00000000
14018135ns          226552 1c0080dc 00000c37 lui              x24, 0x0            x24=00000000
14018572ns          226574 1c0080e0 00000cb7 lui              x25, 0x0            x25=00000000
14018612ns          226576 1c0080e4 00000d37 lui              x26, 0x0            x26=00000000
14018632ns          226577 1c0080e8 00000db7 lui              x27, 0x0            x27=00000000
14018652ns          226578 1c0080ec 00000e37 lui              x28, 0x0            x28=00000000
14019089ns          226600 1c0080f0 00000eb7 lui              x29, 0x0            x29=00000000
14019129ns          226602 1c0080f4 00000f37 lui              x30, 0x0            x30=00000000
14019149ns          226603 1c0080f8 00000fb7 lui              x31, 0x0            x31=00000000
14019169ns          226604 1c0080fc 0700006f jal              x0, 112            
14020084ns          226650 1c00816c f1402573 csrrs            x10, x0, 0xf14      x10=00000007
14020541ns          226673 1c008170 01f57593 andi             x11, x10, 31        x11=00000007 x10:00000007
14020581ns          226675 1c008174 00555513 srli             x10, x10, 0x5       x10=00000000 x10:00000007
14020601ns          226676 1c008176 01f00613 addi             x12, x0, 31         x12=0000001f
14020621ns          226677 1c008178 00c50463 beq              x10, x12, 8         x10:00000000 x12:0000001f
14020641ns          226678 1c00817c f95ff06f jal              x0, -108           
14021536ns          226723 1c008110 f3ff8117 auipc            x2, 0xf3ff8000       x2=10000110
14021575ns          226725 1c008114 ef410113 addi             x2, x2, -268         x2=10000004  x2:10000110
14021595ns          226726 1c008118 00012103 lw               x2, 0(x2)            x2=10000008  x2:10000004  PA:10000004
14021615ns          226727 1c00811c 000011b7 lui              x3, 0x1000           x3=00001000
14022053ns          226749 1c008120 80018193 addi             x3, x3, -2048        x3=00000800  x3:00001000
14022093ns          226751 1c008124 00158593 addi             x11, x11, 1         x11=00000008 x11:00000007
14022112ns          226752 1c008128 02b180b3 mul              x1, x3, x11          x1=00004000  x3:00000800 x11:00000008
14022132ns          226753 1c00812c 00110133 add              x2, x2, x1           x2=10004008  x2:10000008  x1:00004000
14022570ns          226775 1c008130 6f50106f jal              x0, 7924           
14023027ns          226798 1c00a024 ff010113 addi             x2, x2, -16          x2=10003ff8  x2:10004008
14023047ns          226799 1c00a026 00112623 sw               x1, 12(x2)           x1:00004000  x2:10003ff8  PA:10004004
14023067ns          226800 1c00a028 002047b7 lui              x15, 0x204000       x15=00204000
14023087ns          226801 1c00a02c 00070737 lui              x14, 0x70000        x14=00070000
14023524ns          226823 1c00a030 00e7a423 sw               x14, 8(x15)         x14:00070000 x15:00204000  PA:00204008
14023564ns          226825 1c00a032 0ff00713 addi             x14, x0, 255        x14=000000ff
14023584ns          226826 1c00a036 20078793 addi             x15, x15, 512       x15=00204200 x15:00204000
14023604ns          226827 1c00a03a 00e7a023 sw               x14, 0(x15)         x14:000000ff x15:00204200  PA:00204200
14024061ns          226850 1c00a03e 00e7a623 sw               x14, 12(x15)        x14:000000ff x15:00204200  PA:0020420c
14024081ns          226851 1c00a042 01f00693 addi             x13, x0, 31         x13=0000001f
14024101ns          226852 1c00a044 f1402773 csrrs            x14, x0, 0xf14      x14=00000007
14024121ns          226853 1c00a048 ca571733 p.extractu       x14, x14, 5, 5      x14=00000000 x14:00000007
14024141ns          226854 1c00a04c 00d70463 beq              x14, x13, 8         x14:00000000 x13:0000001f
14024579ns          226876 1c00a050 01c7e703 p.elw            x14, 28(x15)        x14=00010000 x15:00204200  PA:0020421c
14024698ns          226882 1c00a054 1c0017b7 lui              x15, 0x1c001000     x15=1c001000
14024718ns          226883 1c00a058 e087a783 lw               x15, -504(x15)      x15=1c0081c6 x15:1c001000  PA:1c000e08
14025354ns          226915 1c00a05c 000780e7 jalr             x1, x15, 0           x1=1c00a05e x15:1c0081c6
14025692ns          226932 1c0081c6 fa010113 addi             x2, x2, -96          x2=10003f98  x2:10003ff8
14025732ns          226934 1c0081c8 04812c23 sw               x8, 88(x2)           x8:00000000  x2:10003f98  PA:10003ff0
14025752ns          226935 1c0081ca 05212823 sw               x18, 80(x2)         x18:00000000  x2:10003f98  PA:10003fe8
14025772ns          226936 1c0081cc f1402473 csrrs            x8, x0, 0xf14        x8=00000007
14026189ns          226957 1c0081d0 1c000537 lui              x10, 0x1c000000     x10=1c000000
14026229ns          226959 1c0081d4 f4543933 p.bclr           x18, x8, 26, 5      x18=00000007  x8:00000007
14026249ns          226960 1c0081d8 40545593 srai             x11, x8, 0x405      x11=00000000  x8:00000007
14026269ns          226961 1c0081dc 01200633 add              x12, x0, x18        x12=00000007 x18:00000007
14026726ns          226984 1c0081de f265b5b3 p.bclr           x11, x11, 25, 6     x11=00000000 x11:00000000
14026766ns          226986 1c0081e2 01c50513 addi             x10, x10, 28        x10=1c00001c x10:1c000000
14026786ns          226987 1c0081e6 04112e23 sw               x1, 92(x2)           x1:1c00a05e  x2:10003f98  PA:10003ff4
14026806ns          226988 1c0081e8 04912a23 sw               x9, 84(x2)           x9:00000000  x2:10003f98  PA:10003fec
14026826ns          226989 1c0081ea 05312623 sw               x19, 76(x2)         x19:00000000  x2:10003f98  PA:10003fe4
14026846ns          226990 1c0081ec 05412423 sw               x20, 72(x2)         x20:00000000  x2:10003f98  PA:10003fe0
14026866ns          226991 1c0081ee 05512223 sw               x21, 68(x2)         x21:00000000  x2:10003f98  PA:10003fdc
14027244ns          227010 1c0081f0 05612023 sw               x22, 64(x2)         x22:00000000  x2:10003f98  PA:10003fd8
14027263ns          227011 1c0081f2 03712e23 sw               x23, 60(x2)         x23:00000000  x2:10003f98  PA:10003fd4
14027283ns          227012 1c0081f4 03812c23 sw               x24, 56(x2)         x24:00000000  x2:10003f98  PA:10003fd0
14027303ns          227013 1c0081f6 03912a23 sw               x25, 52(x2)         x25:00000000  x2:10003f98  PA:10003fcc
14027323ns          227014 1c0081f8 03a12823 sw               x26, 48(x2)         x26:00000000  x2:10003f98  PA:10003fc8
14027343ns          227015 1c0081fa 03b12623 sw               x27, 44(x2)         x27:00000000  x2:10003f98  PA:10003fc4
14027363ns          227016 1c0081fc 1ff000ef jal              x1, 2558             x1=1c008200
14028238ns          227060 1c008bfa fc010113 addi             x2, x2, -64          x2=10003f58  x2:10003f98
14028278ns          227062 1c008bfc 02410313 addi             x6, x2, 36           x6=10003f7c  x2:10003f58
14028715ns          227084 1c008c00 02c12423 sw               x12, 40(x2)         x12:00000007  x2:10003f58  PA:10003f80
14028735ns          227085 1c008c02 00a00633 add              x12, x0, x10        x12=1c00001c x10:1c00001c
14028755ns          227086 1c008c04 1c009537 lui              x10, 0x1c009000     x10=1c009000
14028775ns          227087 1c008c08 02b12223 sw               x11, 36(x2)         x11:00000000  x2:10003f58  PA:10003f7c
14028795ns          227088 1c008c0a 02d12623 sw               x13, 44(x2)         x13:0000001f  x2:10003f58  PA:10003f84
14028815ns          227089 1c008c0c 00200593 addi             x11, x0, 2          x11=00000002
14028835ns          227090 1c008c0e 006006b3 add              x13, x0, x6         x13=10003f7c  x6:10003f7c
14029232ns          227110 1c008c10 bb650513 addi             x10, x10, -1098     x10=1c008bb6 x10:1c009000
14029272ns          227112 1c008c14 00112e23 sw               x1, 28(x2)           x1:1c008200  x2:10003f58  PA:10003f74
14029292ns          227113 1c008c16 02e12823 sw               x14, 48(x2)         x14:00010000  x2:10003f58  PA:10003f88
14029312ns          227114 1c008c18 02f12a23 sw               x15, 52(x2)         x15:1c0081c6  x2:10003f58  PA:10003f8c
14029332ns          227115 1c008c1a 03012c23 sw               x16, 56(x2)         x16:00000000  x2:10003f58  PA:10003f90
14029352ns          227116 1c008c1c 03112e23 sw               x17, 60(x2)         x17:00000000  x2:10003f58  PA:10003f94
14029372ns          227117 1c008c1e 00612623 sw               x6, 12(x2)           x6:10003f7c  x2:10003f58  PA:10003f64
14029749ns          227136 1c008c20 fbfff0ef jal              x1, -66              x1=1c008c22
14030207ns          227159 1c008bde 04a0006f jal              x0, 74             
14030247ns          227161 1c008c28 ec010113 addi             x2, x2, -320         x2=10003e18  x2:10003f58
14030266ns          227162 1c008c2a 13312623 sw               x19, 300(x2)        x19:00000000  x2:10003e18  PA:10003f44
14030724ns          227185 1c008c2e 12112e23 sw               x1, 316(x2)          x1:1c008c22  x2:10003e18  PA:10003f54
14030764ns          227187 1c008c32 12812c23 sw               x8, 312(x2)          x8:00000007  x2:10003e18  PA:10003f50
14030784ns          227188 1c008c36 12912a23 sw               x9, 308(x2)          x9:00000000  x2:10003e18  PA:10003f4c
14030803ns          227189 1c008c3a 13212823 sw               x18, 304(x2)        x18:00000007  x2:10003e18  PA:10003f48
14031241ns          227211 1c008c3e 13412423 sw               x20, 296(x2)        x20:00000000  x2:10003e18  PA:10003f40
14031281ns          227213 1c008c42 13512223 sw               x21, 292(x2)        x21:00000000  x2:10003e18  PA:10003f3c
14031301ns          227214 1c008c46 13612023 sw               x22, 288(x2)        x22:00000000  x2:10003e18  PA:10003f38
14031321ns          227215 1c008c4a 11712e23 sw               x23, 284(x2)        x23:00000000  x2:10003e18  PA:10003f34
14031758ns          227237 1c008c4e 11812c23 sw               x24, 280(x2)        x24:00000000  x2:10003e18  PA:10003f30
14031798ns          227239 1c008c52 11912a23 sw               x25, 276(x2)        x25:00000000  x2:10003e18  PA:10003f2c
14031818ns          227240 1c008c56 11a12823 sw               x26, 272(x2)        x26:00000000  x2:10003e18  PA:10003f28
14031838ns          227241 1c008c5a 11b12623 sw               x27, 268(x2)        x27:00000000  x2:10003e18  PA:10003f24
14031858ns          227242 1c008c5e 00c009b3 add              x19, x0, x12        x19=1c00001c x12:1c00001c
14032275ns          227263 1c008c60 0019c78b p.lbu            x15, 1(x19!)        x15=00000045 x19=1c00001d x19:1c00001c  PA:1c00001c
14032892ns          227294 1c008c64 00d12c23 sw               x13, 24(x2)         x13:10003f7c  x2:10003e18  PA:10003e30
14032912ns          227295 1c008c66 6a0788e3 beq              x15, x0, 3760       x15:00000045
14032931ns          227296 1c008c6a 1c000737 lui              x14, 0x1c000000     x14=1c000000
14032951ns          227297 1c008c6e 0c472703 lw               x14, 196(x14)       x14=20202020 x14:1c000000  PA:1c0000c4
14033389ns          227319 1c008c72 03410d93 addi             x27, x2, 52         x27=10003e4c  x2:10003e18
14033409ns          227320 1c008c76 00a00cb3 add              x25, x0, x10        x25=1c008bb6 x10:1c008bb6
14033429ns          227321 1c008c78 02e12023 sw               x14, 32(x2)         x14:20202020  x2:10003e18  PA:10003e38
14033449ns          227322 1c008c7a 03610713 addi             x14, x2, 54         x14=10003e4e  x2:10003e18
14033468ns          227323 1c008c7e fff74713 xori             x14, x14, -1        x14=efffc1b1 x14:10003e4e
14033488ns          227324 1c008c82 02e12223 sw               x14, 36(x2)         x14:efffc1b1  x2:10003e18  PA:10003e3c
14033508ns          227325 1c008c84 fffdc713 xori             x14, x27, -1        x14=efffc1b3 x27:10003e4c
14033528ns          227326 1c008c88 00b004b3 add              x9, x0, x11          x9=00000002 x11:00000002
14033548ns          227327 1c008c8a 00000413 addi             x8, x0, 0            x8=00000000
14033568ns          227328 1c008c8c 1c000d37 lui              x26, 0x1c000000     x26=1c000000
14033986ns          227349 1c008c90 02e12423 sw               x14, 40(x2)         x14:efffc1b3  x2:10003e18  PA:10003e40
14034005ns          227350 1c008c92 01300a33 add              x20, x0, x19        x20=1c00001d x19:1c00001d
14034025ns          227351 1c008c94 00f00533 add              x10, x0, x15        x10=00000045 x15:00000045
14034045ns          227352 1c008c96 02500793 addi             x15, x0, 37         x15=00000025
14034065ns          227353 1c008c9a 04f50763 beq              x10, x15, 78        x10:00000045 x15:00000025
14034085ns          227354 1c008c9e 009005b3 add              x11, x0, x9         x11=00000002  x9:00000002
14034503ns          227375 1c008ca0 000c80e7 jalr             x1, x25, 0           x1=1c008ca2 x25:1c008bb6
14034960ns          227398 1c008bb6 000026b7 lui              x13, 0x2000         x13=00002000
14035000ns          227400 1c008bb8 f8068693 addi             x13, x13, -128      x13=00001f80 x13:00002000
14035020ns          227401 1c008bbc f14027f3 csrrs            x15, x0, 0xf14      x15=00000007
14035457ns          227423 1c008bc0 00379713 slli             x14, x15, 0x3       x14=00000038 x15:00000007
14035497ns          227425 1c008bc4 00279793 slli             x15, x15, 0x2       x15=0000001c x15:00000007
14035517ns          227426 1c008bc6 00d7f7b3 and              x15, x15, x13       x15=00000000 x15:0000001c x13:00001f80
14035537ns          227427 1c008bc8 ee873733 p.bclr           x14, x14, 23, 8     x14=00000038 x14:00000038
14035557ns          227428 1c008bcc 1a10f6b7 lui              x13, 0x1a10f000     x13=1a10f000
14035577ns          227429 1c008bd0 00d70733 add              x14, x14, x13       x14=1a10f038 x14:00000038 x13:1a10f000
14035596ns          227430 1c008bd2 00e787b3 add              x15, x15, x14       x15=1a10f038 x15:00000000 x14:1a10f038
14035616ns          227431 1c008bd4 0ff57513 andi             x10, x10, 255       x10=00000045 x10:00000045
14035636ns          227432 1c008bd8 00a7a023 sw               x10, 0(x15)         x10:00000045 x15:1a10f038  PA:1a10f038
14036233ns          227462 1c008bda 00000513 addi             x10, x0, 0          x10=00000000
14036253ns          227463 1c008bdc 00008067 jalr             x0, x1, 0            x1:1c008ca2
14036312ns          227466 1c008ca2 4df52863 p.beqimm         x10, 1232           x10:00000000
14036332ns          227467 1c008ca6 00140413 addi             x8, x8, 1            x8=00000001  x8:00000000
14036352ns          227468 1c008ca8 001a450b p.lbu            x10, 1(x20!)        x10=0000006e x20=1c00001e x20:1c00001d  PA:1c00001d
14036750ns          227488 1c008cac fe0515e3 bne              x10, x0, -22        x10:0000006e
14036830ns          227492 1c008c96 02500793 addi             x15, x0, 37         x15=00000025
14036849ns          227493 1c008c9a 04f50763 beq              x10, x15, 78        x10:0000006e x15:00000025
14036869ns          227494 1c008c9e 009005b3 add              x11, x0, x9         x11=00000002  x9:00000002
14036889ns          227495 1c008ca0 000c80e7 jalr             x1, x25, 0           x1=1c008ca2 x25:1c008bb6
14036929ns          227497 1c008bb6 000026b7 lui              x13, 0x2000         x13=00002000
14036949ns          227498 1c008bb8 f8068693 addi             x13, x13, -128      x13=00001f80 x13:00002000
14036969ns          227499 1c008bbc f14027f3 csrrs            x15, x0, 0xf14      x15=00000007
14036989ns          227500 1c008bc0 00379713 slli             x14, x15, 0x3       x14=00000038 x15:00000007
14037009ns          227501 1c008bc4 00279793 slli             x15, x15, 0x2       x15=0000001c x15:00000007
14037028ns          227502 1c008bc6 00d7f7b3 and              x15, x15, x13       x15=00000000 x15:0000001c x13:00001f80
14037048ns          227503 1c008bc8 ee873733 p.bclr           x14, x14, 23, 8     x14=00000038 x14:00000038
14037068ns          227504 1c008bcc 1a10f6b7 lui              x13, 0x1a10f000     x13=1a10f000
14037088ns          227505 1c008bd0 00d70733 add              x14, x14, x13       x14=1a10f038 x14:00000038 x13:1a10f000
14037108ns          227506 1c008bd2 00e787b3 add              x15, x15, x14       x15=1a10f038 x15:00000000 x14:1a10f038
14037128ns          227507 1c008bd4 0ff57513 andi             x10, x10, 255       x10=0000006e x10:0000006e
14037148ns          227508 1c008bd8 00a7a023 sw               x10, 0(x15)         x10:0000006e x15:1a10f038  PA:1a10f038
14037605ns          227531 1c008bda 00000513 addi             x10, x0, 0          x10=00000000
14037625ns          227532 1c008bdc 00008067 jalr             x0, x1, 0            x1:1c008ca2
14037685ns          227535 1c008ca2 4df52863 p.beqimm         x10, 1232           x10:00000000
14037705ns          227536 1c008ca6 00140413 addi             x8, x8, 1            x8=00000002  x8:00000001
14037724ns          227537 1c008ca8 001a450b p.lbu            x10, 1(x20!)        x10=00000074 x20=1c00001f x20:1c00001e  PA:1c00001e
14038043ns          227553 1c008cac fe0515e3 bne              x10, x0, -22        x10:00000074
14038122ns          227557 1c008c96 02500793 addi             x15, x0, 37         x15=00000025
14038142ns          227558 1c008c9a 04f50763 beq              x10, x15, 78        x10:00000074 x15:00000025
14038162ns          227559 1c008c9e 009005b3 add              x11, x0, x9         x11=00000002  x9:00000002
14038182ns          227560 1c008ca0 000c80e7 jalr             x1, x25, 0           x1=1c008ca2 x25:1c008bb6
14038222ns          227562 1c008bb6 000026b7 lui              x13, 0x2000         x13=00002000
14038242ns          227563 1c008bb8 f8068693 addi             x13, x13, -128      x13=00001f80 x13:00002000
14038261ns          227564 1c008bbc f14027f3 csrrs            x15, x0, 0xf14      x15=00000007
14038281ns          227565 1c008bc0 00379713 slli             x14, x15, 0x3       x14=00000038 x15:00000007
14038301ns          227566 1c008bc4 00279793 slli             x15, x15, 0x2       x15=0000001c x15:00000007
14038321ns          227567 1c008bc6 00d7f7b3 and              x15, x15, x13       x15=00000000 x15:0000001c x13:00001f80
14038341ns          227568 1c008bc8 ee873733 p.bclr           x14, x14, 23, 8     x14=00000038 x14:00000038
14038361ns          227569 1c008bcc 1a10f6b7 lui              x13, 0x1a10f000     x13=1a10f000
14038381ns          227570 1c008bd0 00d70733 add              x14, x14, x13       x14=1a10f038 x14:00000038 x13:1a10f000
14038401ns          227571 1c008bd2 00e787b3 add              x15, x15, x14       x15=1a10f038 x15:00000000 x14:1a10f038
14038421ns          227572 1c008bd4 0ff57513 andi             x10, x10, 255       x10=00000074 x10:00000074
14038440ns          227573 1c008bd8 00a7a023 sw               x10, 0(x15)         x10:00000074 x15:1a10f038  PA:1a10f038
14038798ns          227591 1c008bda 00000513 addi             x10, x0, 0          x10=00000000
14038818ns          227592 1c008bdc 00008067 jalr             x0, x1, 0            x1:1c008ca2
14038878ns          227595 1c008ca2 4df52863 p.beqimm         x10, 1232           x10:00000000
14038898ns          227596 1c008ca6 00140413 addi             x8, x8, 1            x8=00000003  x8:00000002
14038918ns          227597 1c008ca8 001a450b p.lbu            x10, 1(x20!)        x10=00000065 x20=1c000020 x20:1c00001f  PA:1c00001f
14039236ns          227613 1c008cac fe0515e3 bne              x10, x0, -22        x10:00000065
14039316ns          227617 1c008c96 02500793 addi             x15, x0, 37         x15=00000025
14039335ns          227618 1c008c9a 04f50763 beq              x10, x15, 78        x10:00000065 x15:00000025
14039355ns          227619 1c008c9e 009005b3 add              x11, x0, x9         x11=00000002  x9:00000002
14039375ns          227620 1c008ca0 000c80e7 jalr             x1, x25, 0           x1=1c008ca2 x25:1c008bb6
14039415ns          227622 1c008bb6 000026b7 lui              x13, 0x2000         x13=00002000
14039435ns          227623 1c008bb8 f8068693 addi             x13, x13, -128      x13=00001f80 x13:00002000
14039455ns          227624 1c008bbc f14027f3 csrrs            x15, x0, 0xf14      x15=00000007
14039475ns          227625 1c008bc0 00379713 slli             x14, x15, 0x3       x14=00000038 x15:00000007
14039495ns          227626 1c008bc4 00279793 slli             x15, x15, 0x2       x15=0000001c x15:00000007
14039514ns          227627 1c008bc6 00d7f7b3 and              x15, x15, x13       x15=00000000 x15:0000001c x13:00001f80
14039534ns          227628 1c008bc8 ee873733 p.bclr           x14, x14, 23, 8     x14=00000038 x14:00000038
14039554ns          227629 1c008bcc 1a10f6b7 lui              x13, 0x1a10f000     x13=1a10f000
14039574ns          227630 1c008bd0 00d70733 add              x14, x14, x13       x14=1a10f038 x14:00000038 x13:1a10f000
14039594ns          227631 1c008bd2 00e787b3 add              x15, x15, x14       x15=1a10f038 x15:00000000 x14:1a10f038
14039614ns          227632 1c008bd4 0ff57513 andi             x10, x10, 255       x10=00000065 x10:00000065
14039634ns          227633 1c008bd8 00a7a023 sw               x10, 0(x15)         x10:00000065 x15:1a10f038  PA:1a10f038
14039992ns          227651 1c008bda 00000513 addi             x10, x0, 0          x10=00000000
14040012ns          227652 1c008bdc 00008067 jalr             x0, x1, 0            x1:1c008ca2
14040071ns          227655 1c008ca2 4df52863 p.beqimm         x10, 1232           x10:00000000
14040091ns          227656 1c008ca6 00140413 addi             x8, x8, 1            x8=00000004  x8:00000003
14040111ns          227657 1c008ca8 001a450b p.lbu            x10, 1(x20!)        x10=00000072 x20=1c000021 x20:1c000020  PA:1c000020
14040429ns          227673 1c008cac fe0515e3 bne              x10, x0, -22        x10:00000072
14040509ns          227677 1c008c96 02500793 addi             x15, x0, 37         x15=00000025
14040529ns          227678 1c008c9a 04f50763 beq              x10, x15, 78        x10:00000072 x15:00000025
14040549ns          227679 1c008c9e 009005b3 add              x11, x0, x9         x11=00000002  x9:00000002
14040568ns          227680 1c008ca0 000c80e7 jalr             x1, x25, 0           x1=1c008ca2 x25:1c008bb6
14040608ns          227682 1c008bb6 000026b7 lui              x13, 0x2000         x13=00002000
14040628ns          227683 1c008bb8 f8068693 addi             x13, x13, -128      x13=00001f80 x13:00002000
14040648ns          227684 1c008bbc f14027f3 csrrs            x15, x0, 0xf14      x15=00000007
14040668ns          227685 1c008bc0 00379713 slli             x14, x15, 0x3       x14=00000038 x15:00000007
14040688ns          227686 1c008bc4 00279793 slli             x15, x15, 0x2       x15=0000001c x15:00000007
14040708ns          227687 1c008bc6 00d7f7b3 and              x15, x15, x13       x15=00000000 x15:0000001c x13:00001f80
14040728ns          227688 1c008bc8 ee873733 p.bclr           x14, x14, 23, 8     x14=00000038 x14:00000038
14040747ns          227689 1c008bcc 1a10f6b7 lui              x13, 0x1a10f000     x13=1a10f000
14040767ns          227690 1c008bd0 00d70733 add              x14, x14, x13       x14=1a10f038 x14:00000038 x13:1a10f000
14040787ns          227691 1c008bd2 00e787b3 add              x15, x15, x14       x15=1a10f038 x15:00000000 x14:1a10f038
14040807ns          227692 1c008bd4 0ff57513 andi             x10, x10, 255       x10=00000072 x10:00000072
14040827ns          227693 1c008bd8 00a7a023 sw               x10, 0(x15)         x10:00000072 x15:1a10f038  PA:1a10f038
14041185ns          227711 1c008bda 00000513 addi             x10, x0, 0          x10=00000000
14041205ns          227712 1c008bdc 00008067 jalr             x0, x1, 0            x1:1c008ca2
14041265ns          227715 1c008ca2 4df52863 p.beqimm         x10, 1232           x10:00000000
14041284ns          227716 1c008ca6 00140413 addi             x8, x8, 1            x8=00000005  x8:00000004
14041304ns          227717 1c008ca8 001a450b p.lbu            x10, 1(x20!)        x10=00000065 x20=1c000022 x20:1c000021  PA:1c000021
14041623ns          227733 1c008cac fe0515e3 bne              x10, x0, -22        x10:00000065
14041702ns          227737 1c008c96 02500793 addi             x15, x0, 37         x15=00000025
14041722ns          227738 1c008c9a 04f50763 beq              x10, x15, 78        x10:00000065 x15:00000025
14041742ns          227739 1c008c9e 009005b3 add              x11, x0, x9         x11=00000002  x9:00000002
14041762ns          227740 1c008ca0 000c80e7 jalr             x1, x25, 0           x1=1c008ca2 x25:1c008bb6
14041802ns          227742 1c008bb6 000026b7 lui              x13, 0x2000         x13=00002000
14041821ns          227743 1c008bb8 f8068693 addi             x13, x13, -128      x13=00001f80 x13:00002000
14041841ns          227744 1c008bbc f14027f3 csrrs            x15, x0, 0xf14      x15=00000007
14041861ns          227745 1c008bc0 00379713 slli             x14, x15, 0x3       x14=00000038 x15:00000007
14041881ns          227746 1c008bc4 00279793 slli             x15, x15, 0x2       x15=0000001c x15:00000007
14041901ns          227747 1c008bc6 00d7f7b3 and              x15, x15, x13       x15=00000000 x15:0000001c x13:00001f80
14041921ns          227748 1c008bc8 ee873733 p.bclr           x14, x14, 23, 8     x14=00000038 x14:00000038
14041941ns          227749 1c008bcc 1a10f6b7 lui              x13, 0x1a10f000     x13=1a10f000
14041961ns          227750 1c008bd0 00d70733 add              x14, x14, x13       x14=1a10f038 x14:00000038 x13:1a10f000
14041981ns          227751 1c008bd2 00e787b3 add              x15, x15, x14       x15=1a10f038 x15:00000000 x14:1a10f038
14042000ns          227752 1c008bd4 0ff57513 andi             x10, x10, 255       x10=00000065 x10:00000065
14042020ns          227753 1c008bd8 00a7a023 sw               x10, 0(x15)         x10:00000065 x15:1a10f038  PA:1a10f038
14042358ns          227770 1c008bda 00000513 addi             x10, x0, 0          x10=00000000
14042378ns          227771 1c008bdc 00008067 jalr             x0, x1, 0            x1:1c008ca2
14042438ns          227774 1c008ca2 4df52863 p.beqimm         x10, 1232           x10:00000000
14042458ns          227775 1c008ca6 00140413 addi             x8, x8, 1            x8=00000006  x8:00000005
14042478ns          227776 1c008ca8 001a450b p.lbu            x10, 1(x20!)        x10=00000064 x20=1c000023 x20:1c000022  PA:1c000022
14042816ns          227793 1c008cac fe0515e3 bne              x10, x0, -22        x10:00000064
14042895ns          227797 1c008c96 02500793 addi             x15, x0, 37         x15=00000025
14042915ns          227798 1c008c9a 04f50763 beq              x10, x15, 78        x10:00000064 x15:00000025
14042935ns          227799 1c008c9e 009005b3 add              x11, x0, x9         x11=00000002  x9:00000002
14042955ns          227800 1c008ca0 000c80e7 jalr             x1, x25, 0           x1=1c008ca2 x25:1c008bb6
14042995ns          227802 1c008bb6 000026b7 lui              x13, 0x2000         x13=00002000
14043015ns          227803 1c008bb8 f8068693 addi             x13, x13, -128      x13=00001f80 x13:00002000
14043035ns          227804 1c008bbc f14027f3 csrrs            x15, x0, 0xf14      x15=00000007
14043054ns          227805 1c008bc0 00379713 slli             x14, x15, 0x3       x14=00000038 x15:00000007
14043074ns          227806 1c008bc4 00279793 slli             x15, x15, 0x2       x15=0000001c x15:00000007
14043094ns          227807 1c008bc6 00d7f7b3 and              x15, x15, x13       x15=00000000 x15:0000001c x13:00001f80
14043114ns          227808 1c008bc8 ee873733 p.bclr           x14, x14, 23, 8     x14=00000038 x14:00000038
14043134ns          227809 1c008bcc 1a10f6b7 lui              x13, 0x1a10f000     x13=1a10f000
14043154ns          227810 1c008bd0 00d70733 add              x14, x14, x13       x14=1a10f038 x14:00000038 x13:1a10f000
14043174ns          227811 1c008bd2 00e787b3 add              x15, x15, x14       x15=1a10f038 x15:00000000 x14:1a10f038
14043194ns          227812 1c008bd4 0ff57513 andi             x10, x10, 255       x10=00000064 x10:00000064
14043214ns          227813 1c008bd8 00a7a023 sw               x10, 0(x15)         x10:00000064 x15:1a10f038  PA:1a10f038
14043552ns          227830 1c008bda 00000513 addi             x10, x0, 0          x10=00000000
14043572ns          227831 1c008bdc 00008067 jalr             x0, x1, 0            x1:1c008ca2
14043631ns          227834 1c008ca2 4df52863 p.beqimm         x10, 1232           x10:00000000
14043651ns          227835 1c008ca6 00140413 addi             x8, x8, 1            x8=00000007  x8:00000006
14043671ns          227836 1c008ca8 001a450b p.lbu            x10, 1(x20!)        x10=00000020 x20=1c000024 x20:1c000023  PA:1c000023
14043989ns          227852 1c008cac fe0515e3 bne              x10, x0, -22        x10:00000020
14044069ns          227856 1c008c96 02500793 addi             x15, x0, 37         x15=00000025
14044089ns          227857 1c008c9a 04f50763 beq              x10, x15, 78        x10:00000020 x15:00000025
14044109ns          227858 1c008c9e 009005b3 add              x11, x0, x9         x11=00000002  x9:00000002
14044128ns          227859 1c008ca0 000c80e7 jalr             x1, x25, 0           x1=1c008ca2 x25:1c008bb6
14044168ns          227861 1c008bb6 000026b7 lui              x13, 0x2000         x13=00002000
14044188ns          227862 1c008bb8 f8068693 addi             x13, x13, -128      x13=00001f80 x13:00002000
14044208ns          227863 1c008bbc f14027f3 csrrs            x15, x0, 0xf14      x15=00000007
14044228ns          227864 1c008bc0 00379713 slli             x14, x15, 0x3       x14=00000038 x15:00000007
14044248ns          227865 1c008bc4 00279793 slli             x15, x15, 0x2       x15=0000001c x15:00000007
14044268ns          227866 1c008bc6 00d7f7b3 and              x15, x15, x13       x15=00000000 x15:0000001c x13:00001f80
14044288ns          227867 1c008bc8 ee873733 p.bclr           x14, x14, 23, 8     x14=00000038 x14:00000038
14044307ns          227868 1c008bcc 1a10f6b7 lui              x13, 0x1a10f000     x13=1a10f000
14044327ns          227869 1c008bd0 00d70733 add              x14, x14, x13       x14=1a10f038 x14:00000038 x13:1a10f000
14044347ns          227870 1c008bd2 00e787b3 add              x15, x15, x14       x15=1a10f038 x15:00000000 x14:1a10f038
14044367ns          227871 1c008bd4 0ff57513 andi             x10, x10, 255       x10=00000020 x10:00000020
14044387ns          227872 1c008bd8 00a7a023 sw               x10, 0(x15)         x10:00000020 x15:1a10f038  PA:1a10f038
14044725ns          227889 1c008bda 00000513 addi             x10, x0, 0          x10=00000000
14044745ns          227890 1c008bdc 00008067 jalr             x0, x1, 0            x1:1c008ca2
14044805ns          227893 1c008ca2 4df52863 p.beqimm         x10, 1232           x10:00000000
14044825ns          227894 1c008ca6 00140413 addi             x8, x8, 1            x8=00000008  x8:00000007
14044844ns          227895 1c008ca8 001a450b p.lbu            x10, 1(x20!)        x10=00000063 x20=1c000025 x20:1c000024  PA:1c000024
14045163ns          227911 1c008cac fe0515e3 bne              x10, x0, -22        x10:00000063
14045242ns          227915 1c008c96 02500793 addi             x15, x0, 37         x15=00000025
14045262ns          227916 1c008c9a 04f50763 beq              x10, x15, 78        x10:00000063 x15:00000025
14045282ns          227917 1c008c9e 009005b3 add              x11, x0, x9         x11=00000002  x9:00000002
14045302ns          227918 1c008ca0 000c80e7 jalr             x1, x25, 0           x1=1c008ca2 x25:1c008bb6
14045342ns          227920 1c008bb6 000026b7 lui              x13, 0x2000         x13=00002000
14045361ns          227921 1c008bb8 f8068693 addi             x13, x13, -128      x13=00001f80 x13:00002000
14045381ns          227922 1c008bbc f14027f3 csrrs            x15, x0, 0xf14      x15=00000007
14045401ns          227923 1c008bc0 00379713 slli             x14, x15, 0x3       x14=00000038 x15:00000007
14045421ns          227924 1c008bc4 00279793 slli             x15, x15, 0x2       x15=0000001c x15:00000007
14045441ns          227925 1c008bc6 00d7f7b3 and              x15, x15, x13       x15=00000000 x15:0000001c x13:00001f80
14045461ns          227926 1c008bc8 ee873733 p.bclr           x14, x14, 23, 8     x14=00000038 x14:00000038
14045481ns          227927 1c008bcc 1a10f6b7 lui              x13, 0x1a10f000     x13=1a10f000
14045501ns          227928 1c008bd0 00d70733 add              x14, x14, x13       x14=1a10f038 x14:00000038 x13:1a10f000
14045521ns          227929 1c008bd2 00e787b3 add              x15, x15, x14       x15=1a10f038 x15:00000000 x14:1a10f038
14045540ns          227930 1c008bd4 0ff57513 andi             x10, x10, 255       x10=00000063 x10:00000063
14045560ns          227931 1c008bd8 00a7a023 sw               x10, 0(x15)         x10:00000063 x15:1a10f038  PA:1a10f038
14045898ns          227948 1c008bda 00000513 addi             x10, x0, 0          x10=00000000
14045918ns          227949 1c008bdc 00008067 jalr             x0, x1, 0            x1:1c008ca2
14045978ns          227952 1c008ca2 4df52863 p.beqimm         x10, 1232           x10:00000000
14045998ns          227953 1c008ca6 00140413 addi             x8, x8, 1            x8=00000009  x8:00000008
14046018ns          227954 1c008ca8 001a450b p.lbu            x10, 1(x20!)        x10=0000006c x20=1c000026 x20:1c000025  PA:1c000025
14046356ns          227971 1c008cac fe0515e3 bne              x10, x0, -22        x10:0000006c
14046435ns          227975 1c008c96 02500793 addi             x15, x0, 37         x15=00000025
14046455ns          227976 1c008c9a 04f50763 beq              x10, x15, 78        x10:0000006c x15:00000025
14046475ns          227977 1c008c9e 009005b3 add              x11, x0, x9         x11=00000002  x9:00000002
14046495ns          227978 1c008ca0 000c80e7 jalr             x1, x25, 0           x1=1c008ca2 x25:1c008bb6
14046535ns          227980 1c008bb6 000026b7 lui              x13, 0x2000         x13=00002000
14046555ns          227981 1c008bb8 f8068693 addi             x13, x13, -128      x13=00001f80 x13:00002000
14046575ns          227982 1c008bbc f14027f3 csrrs            x15, x0, 0xf14      x15=00000007
14046595ns          227983 1c008bc0 00379713 slli             x14, x15, 0x3       x14=00000038 x15:00000007
14046614ns          227984 1c008bc4 00279793 slli             x15, x15, 0x2       x15=0000001c x15:00000007
14046634ns          227985 1c008bc6 00d7f7b3 and              x15, x15, x13       x15=00000000 x15:0000001c x13:00001f80
14046654ns          227986 1c008bc8 ee873733 p.bclr           x14, x14, 23, 8     x14=00000038 x14:00000038
14046674ns          227987 1c008bcc 1a10f6b7 lui              x13, 0x1a10f000     x13=1a10f000
14046694ns          227988 1c008bd0 00d70733 add              x14, x14, x13       x14=1a10f038 x14:00000038 x13:1a10f000
14046714ns          227989 1c008bd2 00e787b3 add              x15, x15, x14       x15=1a10f038 x15:00000000 x14:1a10f038
14046734ns          227990 1c008bd4 0ff57513 andi             x10, x10, 255       x10=0000006c x10:0000006c
14046754ns          227991 1c008bd8 00a7a023 sw               x10, 0(x15)         x10:0000006c x15:1a10f038  PA:1a10f038
14047072ns          228007 1c008bda 00000513 addi             x10, x0, 0          x10=00000000
14047092ns          228008 1c008bdc 00008067 jalr             x0, x1, 0            x1:1c008ca2
14047151ns          228011 1c008ca2 4df52863 p.beqimm         x10, 1232           x10:00000000
14047171ns          228012 1c008ca6 00140413 addi             x8, x8, 1            x8=0000000a  x8:00000009
14047191ns          228013 1c008ca8 001a450b p.lbu            x10, 1(x20!)        x10=00000075 x20=1c000027 x20:1c000026  PA:1c000026
14047509ns          228029 1c008cac fe0515e3 bne              x10, x0, -22        x10:00000075
14047589ns          228033 1c008c96 02500793 addi             x15, x0, 37         x15=00000025
14047609ns          228034 1c008c9a 04f50763 beq              x10, x15, 78        x10:00000075 x15:00000025
14047629ns          228035 1c008c9e 009005b3 add              x11, x0, x9         x11=00000002  x9:00000002
14047649ns          228036 1c008ca0 000c80e7 jalr             x1, x25, 0           x1=1c008ca2 x25:1c008bb6
14047688ns          228038 1c008bb6 000026b7 lui              x13, 0x2000         x13=00002000
14047708ns          228039 1c008bb8 f8068693 addi             x13, x13, -128      x13=00001f80 x13:00002000
14047728ns          228040 1c008bbc f14027f3 csrrs            x15, x0, 0xf14      x15=00000007
14047748ns          228041 1c008bc0 00379713 slli             x14, x15, 0x3       x14=00000038 x15:00000007
14047768ns          228042 1c008bc4 00279793 slli             x15, x15, 0x2       x15=0000001c x15:00000007
14047788ns          228043 1c008bc6 00d7f7b3 and              x15, x15, x13       x15=00000000 x15:0000001c x13:00001f80
14047808ns          228044 1c008bc8 ee873733 p.bclr           x14, x14, 23, 8     x14=00000038 x14:00000038
14047828ns          228045 1c008bcc 1a10f6b7 lui              x13, 0x1a10f000     x13=1a10f000
14047847ns          228046 1c008bd0 00d70733 add              x14, x14, x13       x14=1a10f038 x14:00000038 x13:1a10f000
14047867ns          228047 1c008bd2 00e787b3 add              x15, x15, x14       x15=1a10f038 x15:00000000 x14:1a10f038
14047887ns          228048 1c008bd4 0ff57513 andi             x10, x10, 255       x10=00000075 x10:00000075
14047907ns          228049 1c008bd8 00a7a023 sw               x10, 0(x15)         x10:00000075 x15:1a10f038  PA:1a10f038
14048225ns          228065 1c008bda 00000513 addi             x10, x0, 0          x10=00000000
14048245ns          228066 1c008bdc 00008067 jalr             x0, x1, 0            x1:1c008ca2
14048305ns          228069 1c008ca2 4df52863 p.beqimm         x10, 1232           x10:00000000
14048325ns          228070 1c008ca6 00140413 addi             x8, x8, 1            x8=0000000b  x8:0000000a
14048345ns          228071 1c008ca8 001a450b p.lbu            x10, 1(x20!)        x10=00000073 x20=1c000028 x20:1c000027  PA:1c000027
14048663ns          228087 1c008cac fe0515e3 bne              x10, x0, -22        x10:00000073
14048742ns          228091 1c008c96 02500793 addi             x15, x0, 37         x15=00000025
14048762ns          228092 1c008c9a 04f50763 beq              x10, x15, 78        x10:00000073 x15:00000025
14048782ns          228093 1c008c9e 009005b3 add              x11, x0, x9         x11=00000002  x9:00000002
14048802ns          228094 1c008ca0 000c80e7 jalr             x1, x25, 0           x1=1c008ca2 x25:1c008bb6
14048842ns          228096 1c008bb6 000026b7 lui              x13, 0x2000         x13=00002000
14048862ns          228097 1c008bb8 f8068693 addi             x13, x13, -128      x13=00001f80 x13:00002000
14048882ns          228098 1c008bbc f14027f3 csrrs            x15, x0, 0xf14      x15=00000007
14048902ns          228099 1c008bc0 00379713 slli             x14, x15, 0x3       x14=00000038 x15:00000007
14048921ns          228100 1c008bc4 00279793 slli             x15, x15, 0x2       x15=0000001c x15:00000007
14048941ns          228101 1c008bc6 00d7f7b3 and              x15, x15, x13       x15=00000000 x15:0000001c x13:00001f80
14048961ns          228102 1c008bc8 ee873733 p.bclr           x14, x14, 23, 8     x14=00000038 x14:00000038
14048981ns          228103 1c008bcc 1a10f6b7 lui              x13, 0x1a10f000     x13=1a10f000
14049001ns          228104 1c008bd0 00d70733 add              x14, x14, x13       x14=1a10f038 x14:00000038 x13:1a10f000
14049021ns          228105 1c008bd2 00e787b3 add              x15, x15, x14       x15=1a10f038 x15:00000000 x14:1a10f038
14049041ns          228106 1c008bd4 0ff57513 andi             x10, x10, 255       x10=00000073 x10:00000073
14049061ns          228107 1c008bd8 00a7a023 sw               x10, 0(x15)         x10:00000073 x15:1a10f038  PA:1a10f038
14049399ns          228124 1c008bda 00000513 addi             x10, x0, 0          x10=00000000
14049419ns          228125 1c008bdc 00008067 jalr             x0, x1, 0            x1:1c008ca2
14049478ns          228128 1c008ca2 4df52863 p.beqimm         x10, 1232           x10:00000000
14049498ns          228129 1c008ca6 00140413 addi             x8, x8, 1            x8=0000000c  x8:0000000b
14049518ns          228130 1c008ca8 001a450b p.lbu            x10, 1(x20!)        x10=00000074 x20=1c000029 x20:1c000028  PA:1c000028
14049836ns          228146 1c008cac fe0515e3 bne              x10, x0, -22        x10:00000074
14049916ns          228150 1c008c96 02500793 addi             x15, x0, 37         x15=00000025
14049936ns          228151 1c008c9a 04f50763 beq              x10, x15, 78        x10:00000074 x15:00000025
14049956ns          228152 1c008c9e 009005b3 add              x11, x0, x9         x11=00000002  x9:00000002
14049976ns          228153 1c008ca0 000c80e7 jalr             x1, x25, 0           x1=1c008ca2 x25:1c008bb6
14050015ns          228155 1c008bb6 000026b7 lui              x13, 0x2000         x13=00002000
14050035ns          228156 1c008bb8 f8068693 addi             x13, x13, -128      x13=00001f80 x13:00002000
14050055ns          228157 1c008bbc f14027f3 csrrs            x15, x0, 0xf14      x15=00000007
14050075ns          228158 1c008bc0 00379713 slli             x14, x15, 0x3       x14=00000038 x15:00000007
14050095ns          228159 1c008bc4 00279793 slli             x15, x15, 0x2       x15=0000001c x15:00000007
14050115ns          228160 1c008bc6 00d7f7b3 and              x15, x15, x13       x15=00000000 x15:0000001c x13:00001f80
14050135ns          228161 1c008bc8 ee873733 p.bclr           x14, x14, 23, 8     x14=00000038 x14:00000038
14050154ns          228162 1c008bcc 1a10f6b7 lui              x13, 0x1a10f000     x13=1a10f000
14050174ns          228163 1c008bd0 00d70733 add              x14, x14, x13       x14=1a10f038 x14:00000038 x13:1a10f000
14050194ns          228164 1c008bd2 00e787b3 add              x15, x15, x14       x15=1a10f038 x15:00000000 x14:1a10f038
14050214ns          228165 1c008bd4 0ff57513 andi             x10, x10, 255       x10=00000074 x10:00000074
14050234ns          228166 1c008bd8 00a7a023 sw               x10, 0(x15)         x10:00000074 x15:1a10f038  PA:1a10f038
14050572ns          228183 1c008bda 00000513 addi             x10, x0, 0          x10=00000000
14050592ns          228184 1c008bdc 00008067 jalr             x0, x1, 0            x1:1c008ca2
14050652ns          228187 1c008ca2 4df52863 p.beqimm         x10, 1232           x10:00000000
14050672ns          228188 1c008ca6 00140413 addi             x8, x8, 1            x8=0000000d  x8:0000000c
14050691ns          228189 1c008ca8 001a450b p.lbu            x10, 1(x20!)        x10=00000065 x20=1c00002a x20:1c000029  PA:1c000029
14051010ns          228205 1c008cac fe0515e3 bne              x10, x0, -22        x10:00000065
14051089ns          228209 1c008c96 02500793 addi             x15, x0, 37         x15=00000025
14051109ns          228210 1c008c9a 04f50763 beq              x10, x15, 78        x10:00000065 x15:00000025
14051129ns          228211 1c008c9e 009005b3 add              x11, x0, x9         x11=00000002  x9:00000002
14051149ns          228212 1c008ca0 000c80e7 jalr             x1, x25, 0           x1=1c008ca2 x25:1c008bb6
14051189ns          228214 1c008bb6 000026b7 lui              x13, 0x2000         x13=00002000
14051209ns          228215 1c008bb8 f8068693 addi             x13, x13, -128      x13=00001f80 x13:00002000
14051228ns          228216 1c008bbc f14027f3 csrrs            x15, x0, 0xf14      x15=00000007
14051248ns          228217 1c008bc0 00379713 slli             x14, x15, 0x3       x14=00000038 x15:00000007
14051268ns          228218 1c008bc4 00279793 slli             x15, x15, 0x2       x15=0000001c x15:00000007
14051288ns          228219 1c008bc6 00d7f7b3 and              x15, x15, x13       x15=00000000 x15:0000001c x13:00001f80
14051308ns          228220 1c008bc8 ee873733 p.bclr           x14, x14, 23, 8     x14=00000038 x14:00000038
14051328ns          228221 1c008bcc 1a10f6b7 lui              x13, 0x1a10f000     x13=1a10f000
14051348ns          228222 1c008bd0 00d70733 add              x14, x14, x13       x14=1a10f038 x14:00000038 x13:1a10f000
14051368ns          228223 1c008bd2 00e787b3 add              x15, x15, x14       x15=1a10f038 x15:00000000 x14:1a10f038
14051388ns          228224 1c008bd4 0ff57513 andi             x10, x10, 255       x10=00000065 x10:00000065
14051407ns          228225 1c008bd8 00a7a023 sw               x10, 0(x15)         x10:00000065 x15:1a10f038  PA:1a10f038
14051765ns          228243 1c008bda 00000513 addi             x10, x0, 0          x10=00000000
14051785ns          228244 1c008bdc 00008067 jalr             x0, x1, 0            x1:1c008ca2
14051845ns          228247 1c008ca2 4df52863 p.beqimm         x10, 1232           x10:00000000
14051865ns          228248 1c008ca6 00140413 addi             x8, x8, 1            x8=0000000e  x8:0000000d
14051885ns          228249 1c008ca8 001a450b p.lbu            x10, 1(x20!)        x10=00000072 x20=1c00002b x20:1c00002a  PA:1c00002a
14052203ns          228265 1c008cac fe0515e3 bne              x10, x0, -22        x10:00000072
14052283ns          228269 1c008c96 02500793 addi             x15, x0, 37         x15=00000025
14052302ns          228270 1c008c9a 04f50763 beq              x10, x15, 78        x10:00000072 x15:00000025
14052322ns          228271 1c008c9e 009005b3 add              x11, x0, x9         x11=00000002  x9:00000002
14052342ns          228272 1c008ca0 000c80e7 jalr             x1, x25, 0           x1=1c008ca2 x25:1c008bb6
14052382ns          228274 1c008bb6 000026b7 lui              x13, 0x2000         x13=00002000
14052402ns          228275 1c008bb8 f8068693 addi             x13, x13, -128      x13=00001f80 x13:00002000
14052422ns          228276 1c008bbc f14027f3 csrrs            x15, x0, 0xf14      x15=00000007
14052442ns          228277 1c008bc0 00379713 slli             x14, x15, 0x3       x14=00000038 x15:00000007
14052462ns          228278 1c008bc4 00279793 slli             x15, x15, 0x2       x15=0000001c x15:00000007
14052481ns          228279 1c008bc6 00d7f7b3 and              x15, x15, x13       x15=00000000 x15:0000001c x13:00001f80
14052501ns          228280 1c008bc8 ee873733 p.bclr           x14, x14, 23, 8     x14=00000038 x14:00000038
14052521ns          228281 1c008bcc 1a10f6b7 lui              x13, 0x1a10f000     x13=1a10f000
14052541ns          228282 1c008bd0 00d70733 add              x14, x14, x13       x14=1a10f038 x14:00000038 x13:1a10f000
14052561ns          228283 1c008bd2 00e787b3 add              x15, x15, x14       x15=1a10f038 x15:00000000 x14:1a10f038
14052581ns          228284 1c008bd4 0ff57513 andi             x10, x10, 255       x10=00000072 x10:00000072
14052601ns          228285 1c008bd8 00a7a023 sw               x10, 0(x15)         x10:00000072 x15:1a10f038  PA:1a10f038
14052939ns          228302 1c008bda 00000513 addi             x10, x0, 0          x10=00000000
14052959ns          228303 1c008bdc 00008067 jalr             x0, x1, 0            x1:1c008ca2
14053018ns          228306 1c008ca2 4df52863 p.beqimm         x10, 1232           x10:00000000
14053038ns          228307 1c008ca6 00140413 addi             x8, x8, 1            x8=0000000f  x8:0000000e
14053058ns          228308 1c008ca8 001a450b p.lbu            x10, 1(x20!)        x10=00000020 x20=1c00002c x20:1c00002b  PA:1c00002b
14053376ns          228324 1c008cac fe0515e3 bne              x10, x0, -22        x10:00000020
14053456ns          228328 1c008c96 02500793 addi             x15, x0, 37         x15=00000025
14053476ns          228329 1c008c9a 04f50763 beq              x10, x15, 78        x10:00000020 x15:00000025
14053496ns          228330 1c008c9e 009005b3 add              x11, x0, x9         x11=00000002  x9:00000002
14053516ns          228331 1c008ca0 000c80e7 jalr             x1, x25, 0           x1=1c008ca2 x25:1c008bb6
14053555ns          228333 1c008bb6 000026b7 lui              x13, 0x2000         x13=00002000
14053575ns          228334 1c008bb8 f8068693 addi             x13, x13, -128      x13=00001f80 x13:00002000
14053595ns          228335 1c008bbc f14027f3 csrrs            x15, x0, 0xf14      x15=00000007
14053615ns          228336 1c008bc0 00379713 slli             x14, x15, 0x3       x14=00000038 x15:00000007
14053635ns          228337 1c008bc4 00279793 slli             x15, x15, 0x2       x15=0000001c x15:00000007
14053655ns          228338 1c008bc6 00d7f7b3 and              x15, x15, x13       x15=00000000 x15:0000001c x13:00001f80
14053675ns          228339 1c008bc8 ee873733 p.bclr           x14, x14, 23, 8     x14=00000038 x14:00000038
14053695ns          228340 1c008bcc 1a10f6b7 lui              x13, 0x1a10f000     x13=1a10f000
14053714ns          228341 1c008bd0 00d70733 add              x14, x14, x13       x14=1a10f038 x14:00000038 x13:1a10f000
14053734ns          228342 1c008bd2 00e787b3 add              x15, x15, x14       x15=1a10f038 x15:00000000 x14:1a10f038
14053754ns          228343 1c008bd4 0ff57513 andi             x10, x10, 255       x10=00000020 x10:00000020
14053774ns          228344 1c008bd8 00a7a023 sw               x10, 0(x15)         x10:00000020 x15:1a10f038  PA:1a10f038
14054092ns          228360 1c008bda 00000513 addi             x10, x0, 0          x10=00000000
14054112ns          228361 1c008bdc 00008067 jalr             x0, x1, 0            x1:1c008ca2
14054172ns          228364 1c008ca2 4df52863 p.beqimm         x10, 1232           x10:00000000
14054192ns          228365 1c008ca6 00140413 addi             x8, x8, 1            x8=00000010  x8:0000000f
14054212ns          228366 1c008ca8 001a450b p.lbu            x10, 1(x20!)        x10=0000006f x20=1c00002d x20:1c00002c  PA:1c00002c
14054530ns          228382 1c008cac fe0515e3 bne              x10, x0, -22        x10:0000006f
14054609ns          228386 1c008c96 02500793 addi             x15, x0, 37         x15=00000025
14054629ns          228387 1c008c9a 04f50763 beq              x10, x15, 78        x10:0000006f x15:00000025
14054649ns          228388 1c008c9e 009005b3 add              x11, x0, x9         x11=00000002  x9:00000002
14054669ns          228389 1c008ca0 000c80e7 jalr             x1, x25, 0           x1=1c008ca2 x25:1c008bb6
14054709ns          228391 1c008bb6 000026b7 lui              x13, 0x2000         x13=00002000
14054729ns          228392 1c008bb8 f8068693 addi             x13, x13, -128      x13=00001f80 x13:00002000
14054749ns          228393 1c008bbc f14027f3 csrrs            x15, x0, 0xf14      x15=00000007
14054769ns          228394 1c008bc0 00379713 slli             x14, x15, 0x3       x14=00000038 x15:00000007
14054788ns          228395 1c008bc4 00279793 slli             x15, x15, 0x2       x15=0000001c x15:00000007
14054808ns          228396 1c008bc6 00d7f7b3 and              x15, x15, x13       x15=00000000 x15:0000001c x13:00001f80
14054828ns          228397 1c008bc8 ee873733 p.bclr           x14, x14, 23, 8     x14=00000038 x14:00000038
14054848ns          228398 1c008bcc 1a10f6b7 lui              x13, 0x1a10f000     x13=1a10f000
14054868ns          228399 1c008bd0 00d70733 add              x14, x14, x13       x14=1a10f038 x14:00000038 x13:1a10f000
14054888ns          228400 1c008bd2 00e787b3 add              x15, x15, x14       x15=1a10f038 x15:00000000 x14:1a10f038
14054908ns          228401 1c008bd4 0ff57513 andi             x10, x10, 255       x10=0000006f x10:0000006f
14054928ns          228402 1c008bd8 00a7a023 sw               x10, 0(x15)         x10:0000006f x15:1a10f038  PA:1a10f038
14055305ns          228421 1c008bda 00000513 addi             x10, x0, 0          x10=00000000
14055325ns          228422 1c008bdc 00008067 jalr             x0, x1, 0            x1:1c008ca2
14055385ns          228425 1c008ca2 4df52863 p.beqimm         x10, 1232           x10:00000000
14055405ns          228426 1c008ca6 00140413 addi             x8, x8, 1            x8=00000011  x8:00000010
14055425ns          228427 1c008ca8 001a450b p.lbu            x10, 1(x20!)        x10=0000006e x20=1c00002e x20:1c00002d  PA:1c00002d
14055743ns          228443 1c008cac fe0515e3 bne              x10, x0, -22        x10:0000006e
14055823ns          228447 1c008c96 02500793 addi             x15, x0, 37         x15=00000025
14055842ns          228448 1c008c9a 04f50763 beq              x10, x15, 78        x10:0000006e x15:00000025
14055862ns          228449 1c008c9e 009005b3 add              x11, x0, x9         x11=00000002  x9:00000002
14055882ns          228450 1c008ca0 000c80e7 jalr             x1, x25, 0           x1=1c008ca2 x25:1c008bb6
14055922ns          228452 1c008bb6 000026b7 lui              x13, 0x2000         x13=00002000
14055942ns          228453 1c008bb8 f8068693 addi             x13, x13, -128      x13=00001f80 x13:00002000
14055962ns          228454 1c008bbc f14027f3 csrrs            x15, x0, 0xf14      x15=00000007
14055982ns          228455 1c008bc0 00379713 slli             x14, x15, 0x3       x14=00000038 x15:00000007
14056002ns          228456 1c008bc4 00279793 slli             x15, x15, 0x2       x15=0000001c x15:00000007
14056021ns          228457 1c008bc6 00d7f7b3 and              x15, x15, x13       x15=00000000 x15:0000001c x13:00001f80
14056041ns          228458 1c008bc8 ee873733 p.bclr           x14, x14, 23, 8     x14=00000038 x14:00000038
14056061ns          228459 1c008bcc 1a10f6b7 lui              x13, 0x1a10f000     x13=1a10f000
14056081ns          228460 1c008bd0 00d70733 add              x14, x14, x13       x14=1a10f038 x14:00000038 x13:1a10f000
14056101ns          228461 1c008bd2 00e787b3 add              x15, x15, x14       x15=1a10f038 x15:00000000 x14:1a10f038
14056121ns          228462 1c008bd4 0ff57513 andi             x10, x10, 255       x10=0000006e x10:0000006e
14056141ns          228463 1c008bd8 00a7a023 sw               x10, 0(x15)         x10:0000006e x15:1a10f038  PA:1a10f038
14056479ns          228480 1c008bda 00000513 addi             x10, x0, 0          x10=00000000
14056499ns          228481 1c008bdc 00008067 jalr             x0, x1, 0            x1:1c008ca2
14056558ns          228484 1c008ca2 4df52863 p.beqimm         x10, 1232           x10:00000000
14056578ns          228485 1c008ca6 00140413 addi             x8, x8, 1            x8=00000012  x8:00000011
14056598ns          228486 1c008ca8 001a450b p.lbu            x10, 1(x20!)        x10=00000020 x20=1c00002f x20:1c00002e  PA:1c00002e
14056936ns          228503 1c008cac fe0515e3 bne              x10, x0, -22        x10:00000020
14057016ns          228507 1c008c96 02500793 addi             x15, x0, 37         x15=00000025
14057036ns          228508 1c008c9a 04f50763 beq              x10, x15, 78        x10:00000020 x15:00000025
14057056ns          228509 1c008c9e 009005b3 add              x11, x0, x9         x11=00000002  x9:00000002
14057076ns          228510 1c008ca0 000c80e7 jalr             x1, x25, 0           x1=1c008ca2 x25:1c008bb6
14057115ns          228512 1c008bb6 000026b7 lui              x13, 0x2000         x13=00002000
14057135ns          228513 1c008bb8 f8068693 addi             x13, x13, -128      x13=00001f80 x13:00002000
14057155ns          228514 1c008bbc f14027f3 csrrs            x15, x0, 0xf14      x15=00000007
14057175ns          228515 1c008bc0 00379713 slli             x14, x15, 0x3       x14=00000038 x15:00000007
14057195ns          228516 1c008bc4 00279793 slli             x15, x15, 0x2       x15=0000001c x15:00000007
14057215ns          228517 1c008bc6 00d7f7b3 and              x15, x15, x13       x15=00000000 x15:0000001c x13:00001f80
14057235ns          228518 1c008bc8 ee873733 p.bclr           x14, x14, 23, 8     x14=00000038 x14:00000038
14057255ns          228519 1c008bcc 1a10f6b7 lui              x13, 0x1a10f000     x13=1a10f000
14057274ns          228520 1c008bd0 00d70733 add              x14, x14, x13       x14=1a10f038 x14:00000038 x13:1a10f000
14057294ns          228521 1c008bd2 00e787b3 add              x15, x15, x14       x15=1a10f038 x15:00000000 x14:1a10f038
14057314ns          228522 1c008bd4 0ff57513 andi             x10, x10, 255       x10=00000020 x10:00000020
14057334ns          228523 1c008bd8 00a7a023 sw               x10, 0(x15)         x10:00000020 x15:1a10f038  PA:1a10f038
14057652ns          228539 1c008bda 00000513 addi             x10, x0, 0          x10=00000000
14057672ns          228540 1c008bdc 00008067 jalr             x0, x1, 0            x1:1c008ca2
14057732ns          228543 1c008ca2 4df52863 p.beqimm         x10, 1232           x10:00000000
14057752ns          228544 1c008ca6 00140413 addi             x8, x8, 1            x8=00000013  x8:00000012
14057772ns          228545 1c008ca8 001a450b p.lbu            x10, 1(x20!)        x10=00000063 x20=1c000030 x20:1c00002f  PA:1c00002f
14058090ns          228561 1c008cac fe0515e3 bne              x10, x0, -22        x10:00000063
14058169ns          228565 1c008c96 02500793 addi             x15, x0, 37         x15=00000025
14058189ns          228566 1c008c9a 04f50763 beq              x10, x15, 78        x10:00000063 x15:00000025
14058209ns          228567 1c008c9e 009005b3 add              x11, x0, x9         x11=00000002  x9:00000002
14058229ns          228568 1c008ca0 000c80e7 jalr             x1, x25, 0           x1=1c008ca2 x25:1c008bb6
14058269ns          228570 1c008bb6 000026b7 lui              x13, 0x2000         x13=00002000
14058289ns          228571 1c008bb8 f8068693 addi             x13, x13, -128      x13=00001f80 x13:00002000
14058309ns          228572 1c008bbc f14027f3 csrrs            x15, x0, 0xf14      x15=00000007
14058328ns          228573 1c008bc0 00379713 slli             x14, x15, 0x3       x14=00000038 x15:00000007
14058348ns          228574 1c008bc4 00279793 slli             x15, x15, 0x2       x15=0000001c x15:00000007
14058368ns          228575 1c008bc6 00d7f7b3 and              x15, x15, x13       x15=00000000 x15:0000001c x13:00001f80
14058388ns          228576 1c008bc8 ee873733 p.bclr           x14, x14, 23, 8     x14=00000038 x14:00000038
14058408ns          228577 1c008bcc 1a10f6b7 lui              x13, 0x1a10f000     x13=1a10f000
14058428ns          228578 1c008bd0 00d70733 add              x14, x14, x13       x14=1a10f038 x14:00000038 x13:1a10f000
14058448ns          228579 1c008bd2 00e787b3 add              x15, x15, x14       x15=1a10f038 x15:00000000 x14:1a10f038
14058468ns          228580 1c008bd4 0ff57513 andi             x10, x10, 255       x10=00000063 x10:00000063
14058488ns          228581 1c008bd8 00a7a023 sw               x10, 0(x15)         x10:00000063 x15:1a10f038  PA:1a10f038
14058806ns          228597 1c008bda 00000513 addi             x10, x0, 0          x10=00000000
14058826ns          228598 1c008bdc 00008067 jalr             x0, x1, 0            x1:1c008ca2
14058885ns          228601 1c008ca2 4df52863 p.beqimm         x10, 1232           x10:00000000
14058905ns          228602 1c008ca6 00140413 addi             x8, x8, 1            x8=00000014  x8:00000013
14058925ns          228603 1c008ca8 001a450b p.lbu            x10, 1(x20!)        x10=0000006c x20=1c000031 x20:1c000030  PA:1c000030
14059243ns          228619 1c008cac fe0515e3 bne              x10, x0, -22        x10:0000006c
14059323ns          228623 1c008c96 02500793 addi             x15, x0, 37         x15=00000025
14059343ns          228624 1c008c9a 04f50763 beq              x10, x15, 78        x10:0000006c x15:00000025
14059363ns          228625 1c008c9e 009005b3 add              x11, x0, x9         x11=00000002  x9:00000002
14059383ns          228626 1c008ca0 000c80e7 jalr             x1, x25, 0           x1=1c008ca2 x25:1c008bb6
14059422ns          228628 1c008bb6 000026b7 lui              x13, 0x2000         x13=00002000
14059442ns          228629 1c008bb8 f8068693 addi             x13, x13, -128      x13=00001f80 x13:00002000
14059462ns          228630 1c008bbc f14027f3 csrrs            x15, x0, 0xf14      x15=00000007
14059482ns          228631 1c008bc0 00379713 slli             x14, x15, 0x3       x14=00000038 x15:00000007
14059502ns          228632 1c008bc4 00279793 slli             x15, x15, 0x2       x15=0000001c x15:00000007
14059522ns          228633 1c008bc6 00d7f7b3 and              x15, x15, x13       x15=00000000 x15:0000001c x13:00001f80
14059542ns          228634 1c008bc8 ee873733 p.bclr           x14, x14, 23, 8     x14=00000038 x14:00000038
14059562ns          228635 1c008bcc 1a10f6b7 lui              x13, 0x1a10f000     x13=1a10f000
14059581ns          228636 1c008bd0 00d70733 add              x14, x14, x13       x14=1a10f038 x14:00000038 x13:1a10f000
14059601ns          228637 1c008bd2 00e787b3 add              x15, x15, x14       x15=1a10f038 x15:00000000 x14:1a10f038
14059621ns          228638 1c008bd4 0ff57513 andi             x10, x10, 255       x10=0000006c x10:0000006c
14059641ns          228639 1c008bd8 00a7a023 sw               x10, 0(x15)         x10:0000006c x15:1a10f038  PA:1a10f038
14059959ns          228655 1c008bda 00000513 addi             x10, x0, 0          x10=00000000
14059979ns          228656 1c008bdc 00008067 jalr             x0, x1, 0            x1:1c008ca2
14060039ns          228659 1c008ca2 4df52863 p.beqimm         x10, 1232           x10:00000000
14060059ns          228660 1c008ca6 00140413 addi             x8, x8, 1            x8=00000015  x8:00000014
14060079ns          228661 1c008ca8 001a450b p.lbu            x10, 1(x20!)        x10=00000075 x20=1c000032 x20:1c000031  PA:1c000031
14060397ns          228677 1c008cac fe0515e3 bne              x10, x0, -22        x10:00000075
14060476ns          228681 1c008c96 02500793 addi             x15, x0, 37         x15=00000025
14060496ns          228682 1c008c9a 04f50763 beq              x10, x15, 78        x10:00000075 x15:00000025
14060516ns          228683 1c008c9e 009005b3 add              x11, x0, x9         x11=00000002  x9:00000002
14060536ns          228684 1c008ca0 000c80e7 jalr             x1, x25, 0           x1=1c008ca2 x25:1c008bb6
14060576ns          228686 1c008bb6 000026b7 lui              x13, 0x2000         x13=00002000
14060596ns          228687 1c008bb8 f8068693 addi             x13, x13, -128      x13=00001f80 x13:00002000
14060616ns          228688 1c008bbc f14027f3 csrrs            x15, x0, 0xf14      x15=00000007
14060635ns          228689 1c008bc0 00379713 slli             x14, x15, 0x3       x14=00000038 x15:00000007
14060655ns          228690 1c008bc4 00279793 slli             x15, x15, 0x2       x15=0000001c x15:00000007
14060675ns          228691 1c008bc6 00d7f7b3 and              x15, x15, x13       x15=00000000 x15:0000001c x13:00001f80
14060695ns          228692 1c008bc8 ee873733 p.bclr           x14, x14, 23, 8     x14=00000038 x14:00000038
14060715ns          228693 1c008bcc 1a10f6b7 lui              x13, 0x1a10f000     x13=1a10f000
14060735ns          228694 1c008bd0 00d70733 add              x14, x14, x13       x14=1a10f038 x14:00000038 x13:1a10f000
14060755ns          228695 1c008bd2 00e787b3 add              x15, x15, x14       x15=1a10f038 x15:00000000 x14:1a10f038
14060775ns          228696 1c008bd4 0ff57513 andi             x10, x10, 255       x10=00000075 x10:00000075
14060795ns          228697 1c008bd8 00a7a023 sw               x10, 0(x15)         x10:00000075 x15:1a10f038  PA:1a10f038
14061133ns          228714 1c008bda 00000513 addi             x10, x0, 0          x10=00000000
14061153ns          228715 1c008bdc 00008067 jalr             x0, x1, 0            x1:1c008ca2
14061212ns          228718 1c008ca2 4df52863 p.beqimm         x10, 1232           x10:00000000
14061232ns          228719 1c008ca6 00140413 addi             x8, x8, 1            x8=00000016  x8:00000015
14061252ns          228720 1c008ca8 001a450b p.lbu            x10, 1(x20!)        x10=00000073 x20=1c000033 x20:1c000032  PA:1c000032
14061570ns          228736 1c008cac fe0515e3 bne              x10, x0, -22        x10:00000073
14061650ns          228740 1c008c96 02500793 addi             x15, x0, 37         x15=00000025
14061670ns          228741 1c008c9a 04f50763 beq              x10, x15, 78        x10:00000073 x15:00000025
14061690ns          228742 1c008c9e 009005b3 add              x11, x0, x9         x11=00000002  x9:00000002
14061709ns          228743 1c008ca0 000c80e7 jalr             x1, x25, 0           x1=1c008ca2 x25:1c008bb6
14061749ns          228745 1c008bb6 000026b7 lui              x13, 0x2000         x13=00002000
14061769ns          228746 1c008bb8 f8068693 addi             x13, x13, -128      x13=00001f80 x13:00002000
14061789ns          228747 1c008bbc f14027f3 csrrs            x15, x0, 0xf14      x15=00000007
14061809ns          228748 1c008bc0 00379713 slli             x14, x15, 0x3       x14=00000038 x15:00000007
14061829ns          228749 1c008bc4 00279793 slli             x15, x15, 0x2       x15=0000001c x15:00000007
14061849ns          228750 1c008bc6 00d7f7b3 and              x15, x15, x13       x15=00000000 x15:0000001c x13:00001f80
14061869ns          228751 1c008bc8 ee873733 p.bclr           x14, x14, 23, 8     x14=00000038 x14:00000038
14061888ns          228752 1c008bcc 1a10f6b7 lui              x13, 0x1a10f000     x13=1a10f000
14061908ns          228753 1c008bd0 00d70733 add              x14, x14, x13       x14=1a10f038 x14:00000038 x13:1a10f000
14061928ns          228754 1c008bd2 00e787b3 add              x15, x15, x14       x15=1a10f038 x15:00000000 x14:1a10f038
14061948ns          228755 1c008bd4 0ff57513 andi             x10, x10, 255       x10=00000073 x10:00000073
14061968ns          228756 1c008bd8 00a7a023 sw               x10, 0(x15)         x10:00000073 x15:1a10f038  PA:1a10f038
14062326ns          228774 1c008bda 00000513 addi             x10, x0, 0          x10=00000000
14062346ns          228775 1c008bdc 00008067 jalr             x0, x1, 0            x1:1c008ca2
14062406ns          228778 1c008ca2 4df52863 p.beqimm         x10, 1232           x10:00000000
14062425ns          228779 1c008ca6 00140413 addi             x8, x8, 1            x8=00000017  x8:00000016
14062445ns          228780 1c008ca8 001a450b p.lbu            x10, 1(x20!)        x10=00000074 x20=1c000034 x20:1c000033  PA:1c000033
14062763ns          228796 1c008cac fe0515e3 bne              x10, x0, -22        x10:00000074
14062843ns          228800 1c008c96 02500793 addi             x15, x0, 37         x15=00000025
14062863ns          228801 1c008c9a 04f50763 beq              x10, x15, 78        x10:00000074 x15:00000025
14062883ns          228802 1c008c9e 009005b3 add              x11, x0, x9         x11=00000002  x9:00000002
14062903ns          228803 1c008ca0 000c80e7 jalr             x1, x25, 0           x1=1c008ca2 x25:1c008bb6
14062942ns          228805 1c008bb6 000026b7 lui              x13, 0x2000         x13=00002000
14062962ns          228806 1c008bb8 f8068693 addi             x13, x13, -128      x13=00001f80 x13:00002000
14062982ns          228807 1c008bbc f14027f3 csrrs            x15, x0, 0xf14      x15=00000007
14063002ns          228808 1c008bc0 00379713 slli             x14, x15, 0x3       x14=00000038 x15:00000007
14063022ns          228809 1c008bc4 00279793 slli             x15, x15, 0x2       x15=0000001c x15:00000007
14063042ns          228810 1c008bc6 00d7f7b3 and              x15, x15, x13       x15=00000000 x15:0000001c x13:00001f80
14063062ns          228811 1c008bc8 ee873733 p.bclr           x14, x14, 23, 8     x14=00000038 x14:00000038
14063082ns          228812 1c008bcc 1a10f6b7 lui              x13, 0x1a10f000     x13=1a10f000
14063102ns          228813 1c008bd0 00d70733 add              x14, x14, x13       x14=1a10f038 x14:00000038 x13:1a10f000
14063121ns          228814 1c008bd2 00e787b3 add              x15, x15, x14       x15=1a10f038 x15:00000000 x14:1a10f038
14063141ns          228815 1c008bd4 0ff57513 andi             x10, x10, 255       x10=00000074 x10:00000074
14063161ns          228816 1c008bd8 00a7a023 sw               x10, 0(x15)         x10:00000074 x15:1a10f038  PA:1a10f038
14063519ns          228834 1c008bda 00000513 addi             x10, x0, 0          x10=00000000
14063539ns          228835 1c008bdc 00008067 jalr             x0, x1, 0            x1:1c008ca2
14063599ns          228838 1c008ca2 4df52863 p.beqimm         x10, 1232           x10:00000000
14063619ns          228839 1c008ca6 00140413 addi             x8, x8, 1            x8=00000018  x8:00000017
14063639ns          228840 1c008ca8 001a450b p.lbu            x10, 1(x20!)        x10=00000065 x20=1c000035 x20:1c000034  PA:1c000034
14063977ns          228857 1c008cac fe0515e3 bne              x10, x0, -22        x10:00000065
14064056ns          228861 1c008c96 02500793 addi             x15, x0, 37         x15=00000025
14064076ns          228862 1c008c9a 04f50763 beq              x10, x15, 78        x10:00000065 x15:00000025
14064096ns          228863 1c008c9e 009005b3 add              x11, x0, x9         x11=00000002  x9:00000002
14064116ns          228864 1c008ca0 000c80e7 jalr             x1, x25, 0           x1=1c008ca2 x25:1c008bb6
14064156ns          228866 1c008bb6 000026b7 lui              x13, 0x2000         x13=00002000
14064176ns          228867 1c008bb8 f8068693 addi             x13, x13, -128      x13=00001f80 x13:00002000
14064195ns          228868 1c008bbc f14027f3 csrrs            x15, x0, 0xf14      x15=00000007
14064215ns          228869 1c008bc0 00379713 slli             x14, x15, 0x3       x14=00000038 x15:00000007
14064235ns          228870 1c008bc4 00279793 slli             x15, x15, 0x2       x15=0000001c x15:00000007
14064255ns          228871 1c008bc6 00d7f7b3 and              x15, x15, x13       x15=00000000 x15:0000001c x13:00001f80
14064275ns          228872 1c008bc8 ee873733 p.bclr           x14, x14, 23, 8     x14=00000038 x14:00000038
14064295ns          228873 1c008bcc 1a10f6b7 lui              x13, 0x1a10f000     x13=1a10f000
14064315ns          228874 1c008bd0 00d70733 add              x14, x14, x13       x14=1a10f038 x14:00000038 x13:1a10f000
14064335ns          228875 1c008bd2 00e787b3 add              x15, x15, x14       x15=1a10f038 x15:00000000 x14:1a10f038
14064355ns          228876 1c008bd4 0ff57513 andi             x10, x10, 255       x10=00000065 x10:00000065
14064374ns          228877 1c008bd8 00a7a023 sw               x10, 0(x15)         x10:00000065 x15:1a10f038  PA:1a10f038
14064693ns          228893 1c008bda 00000513 addi             x10, x0, 0          x10=00000000
14064713ns          228894 1c008bdc 00008067 jalr             x0, x1, 0            x1:1c008ca2
14064772ns          228897 1c008ca2 4df52863 p.beqimm         x10, 1232           x10:00000000
14064792ns          228898 1c008ca6 00140413 addi             x8, x8, 1            x8=00000019  x8:00000018
14064812ns          228899 1c008ca8 001a450b p.lbu            x10, 1(x20!)        x10=00000072 x20=1c000036 x20:1c000035  PA:1c000035
14065130ns          228915 1c008cac fe0515e3 bne              x10, x0, -22        x10:00000072
14065210ns          228919 1c008c96 02500793 addi             x15, x0, 37         x15=00000025
14065230ns          228920 1c008c9a 04f50763 beq              x10, x15, 78        x10:00000072 x15:00000025
14065249ns          228921 1c008c9e 009005b3 add              x11, x0, x9         x11=00000002  x9:00000002
14065269ns          228922 1c008ca0 000c80e7 jalr             x1, x25, 0           x1=1c008ca2 x25:1c008bb6
14065309ns          228924 1c008bb6 000026b7 lui              x13, 0x2000         x13=00002000
14065329ns          228925 1c008bb8 f8068693 addi             x13, x13, -128      x13=00001f80 x13:00002000
14065349ns          228926 1c008bbc f14027f3 csrrs            x15, x0, 0xf14      x15=00000007
14065369ns          228927 1c008bc0 00379713 slli             x14, x15, 0x3       x14=00000038 x15:00000007
14065389ns          228928 1c008bc4 00279793 slli             x15, x15, 0x2       x15=0000001c x15:00000007
14065409ns          228929 1c008bc6 00d7f7b3 and              x15, x15, x13       x15=00000000 x15:0000001c x13:00001f80
14065428ns          228930 1c008bc8 ee873733 p.bclr           x14, x14, 23, 8     x14=00000038 x14:00000038
14065448ns          228931 1c008bcc 1a10f6b7 lui              x13, 0x1a10f000     x13=1a10f000
14065468ns          228932 1c008bd0 00d70733 add              x14, x14, x13       x14=1a10f038 x14:00000038 x13:1a10f000
14065488ns          228933 1c008bd2 00e787b3 add              x15, x15, x14       x15=1a10f038 x15:00000000 x14:1a10f038
14065508ns          228934 1c008bd4 0ff57513 andi             x10, x10, 255       x10=00000072 x10:00000072
14065528ns          228935 1c008bd8 00a7a023 sw               x10, 0(x15)         x10:00000072 x15:1a10f038  PA:1a10f038
14065846ns          228951 1c008bda 00000513 addi             x10, x0, 0          x10=00000000
14065866ns          228952 1c008bdc 00008067 jalr             x0, x1, 0            x1:1c008ca2
14065926ns          228955 1c008ca2 4df52863 p.beqimm         x10, 1232           x10:00000000
14065946ns          228956 1c008ca6 00140413 addi             x8, x8, 1            x8=0000001a  x8:00000019
14065965ns          228957 1c008ca8 001a450b p.lbu            x10, 1(x20!)        x10=00000020 x20=1c000037 x20:1c000036  PA:1c000036
14066284ns          228973 1c008cac fe0515e3 bne              x10, x0, -22        x10:00000020
14066363ns          228977 1c008c96 02500793 addi             x15, x0, 37         x15=00000025
14066383ns          228978 1c008c9a 04f50763 beq              x10, x15, 78        x10:00000020 x15:00000025
14066403ns          228979 1c008c9e 009005b3 add              x11, x0, x9         x11=00000002  x9:00000002
14066423ns          228980 1c008ca0 000c80e7 jalr             x1, x25, 0           x1=1c008ca2 x25:1c008bb6
14066463ns          228982 1c008bb6 000026b7 lui              x13, 0x2000         x13=00002000
14066483ns          228983 1c008bb8 f8068693 addi             x13, x13, -128      x13=00001f80 x13:00002000
14066502ns          228984 1c008bbc f14027f3 csrrs            x15, x0, 0xf14      x15=00000007
14066522ns          228985 1c008bc0 00379713 slli             x14, x15, 0x3       x14=00000038 x15:00000007
14066542ns          228986 1c008bc4 00279793 slli             x15, x15, 0x2       x15=0000001c x15:00000007
14066562ns          228987 1c008bc6 00d7f7b3 and              x15, x15, x13       x15=00000000 x15:0000001c x13:00001f80
14066582ns          228988 1c008bc8 ee873733 p.bclr           x14, x14, 23, 8     x14=00000038 x14:00000038
14066602ns          228989 1c008bcc 1a10f6b7 lui              x13, 0x1a10f000     x13=1a10f000
14066622ns          228990 1c008bd0 00d70733 add              x14, x14, x13       x14=1a10f038 x14:00000038 x13:1a10f000
14066642ns          228991 1c008bd2 00e787b3 add              x15, x15, x14       x15=1a10f038 x15:00000000 x14:1a10f038
14066662ns          228992 1c008bd4 0ff57513 andi             x10, x10, 255       x10=00000020 x10:00000020
14066681ns          228993 1c008bd8 00a7a023 sw               x10, 0(x15)         x10:00000020 x15:1a10f038  PA:1a10f038
14067039ns          229011 1c008bda 00000513 addi             x10, x0, 0          x10=00000000
14067059ns          229012 1c008bdc 00008067 jalr             x0, x1, 0            x1:1c008ca2
14067119ns          229015 1c008ca2 4df52863 p.beqimm         x10, 1232           x10:00000000
14067139ns          229016 1c008ca6 00140413 addi             x8, x8, 1            x8=0000001b  x8:0000001a
14067159ns          229017 1c008ca8 001a450b p.lbu            x10, 1(x20!)        x10=00000025 x20=1c000038 x20:1c000037  PA:1c000037
14067556ns          229037 1c008cac fe0515e3 bne              x10, x0, -22        x10:00000025
14067636ns          229041 1c008c96 02500793 addi             x15, x0, 37         x15=00000025
14067656ns          229042 1c008c9a 04f50763 beq              x10, x15, 78        x10:00000025 x15:00000025
14067755ns          229047 1c008ce8 01400c33 add              x24, x0, x20        x24=1c000038 x20:1c000038
14067795ns          229049 1c008cea 000c4a03 lbu              x20, 0(x24)         x20=00000064 x24:1c000038  PA:1c000038
14068233ns          229071 1c008cee 0b4d0513 addi             x10, x26, 180       x10=1c0000b4 x26:1c000000
14068253ns          229072 1c008cf2 00912e23 sw               x9, 28(x2)           x9:00000002  x2:10003e18  PA:10003e34
14068272ns          229073 1c008cf4 014005b3 add              x11, x0, x20        x11=00000064 x20:00000064
14068292ns          229074 1c008cf6 00012823 sw               x0, 16(x2)           x2:10003e18  PA:10003e28
14068312ns          229075 1c008cf8 00012a23 sw               x0, 20(x2)           x2:10003e18  PA:10003e2c
14068332ns          229076 1c008cfa 00012623 sw               x0, 12(x2)           x2:10003e18  PA:10003e24
14068352ns          229077 1c008cfc 001c0493 addi             x9, x24, 1           x9=1c000039 x24:1c000038
14068670ns          229093 1c008d00 e41ff0ef jal              x1, -448             x1=1c008d02
14069148ns          229117 1c008b40 00054703 lbu              x14, 0(x10)         x14=0000002d x10:1c0000b4  PA:1c0000b4
14069704ns          229145 1c008b44 0ff5f593 andi             x11, x11, 255       x11=00000064 x11:00000064
14069724ns          229146 1c008b48 00a007b3 add              x15, x0, x10        x15=1c0000b4 x10:1c0000b4
14069744ns          229147 1c008b4a 00b70863 beq              x14, x11, 16        x14:0000002d x11:00000064
14069764ns          229148 1c008b4e 00070863 beq              x14, x0, 16         x14:0000002d
14069784ns          229149 1c008b50 0017c703 lbu              x14, 1(x15)         x14=0000002b x15:1c0000b4  PA:1c0000b5
14070241ns          229172 1c008b54 00178793 addi             x15, x15, 1         x15=1c0000b5 x15:1c0000b4
14070261ns          229173 1c008b56 feb71ce3 bne              x14, x11, -8        x14:0000002b x11:00000064
14070321ns          229176 1c008b4e 00070863 beq              x14, x0, 16         x14:0000002b
14070341ns          229177 1c008b50 0017c703 lbu              x14, 1(x15)         x14=00000020 x15:1c0000b5  PA:1c0000b6
14070719ns          229196 1c008b54 00178793 addi             x15, x15, 1         x15=1c0000b6 x15:1c0000b5
14070739ns          229197 1c008b56 feb71ce3 bne              x14, x11, -8        x14:00000020 x11:00000064
14070798ns          229200 1c008b4e 00070863 beq              x14, x0, 16         x14:00000020
14070818ns          229201 1c008b50 0017c703 lbu              x14, 1(x15)         x14=00000023 x15:1c0000b6  PA:1c0000b7
14071156ns          229218 1c008b54 00178793 addi             x15, x15, 1         x15=1c0000b7 x15:1c0000b6
14071176ns          229219 1c008b56 feb71ce3 bne              x14, x11, -8        x14:00000023 x11:00000064
14071236ns          229222 1c008b4e 00070863 beq              x14, x0, 16         x14:00000023
14071256ns          229223 1c008b50 0017c703 lbu              x14, 1(x15)         x14=00000030 x15:1c0000b7  PA:1c0000b8
14071554ns          229238 1c008b54 00178793 addi             x15, x15, 1         x15=1c0000b8 x15:1c0000b7
14071574ns          229239 1c008b56 feb71ce3 bne              x14, x11, -8        x14:00000030 x11:00000064
14071634ns          229242 1c008b4e 00070863 beq              x14, x0, 16         x14:00000030
14071653ns          229243 1c008b50 0017c703 lbu              x14, 1(x15)         x14=00000000 x15:1c0000b8  PA:1c0000b9
14071952ns          229258 1c008b54 00178793 addi             x15, x15, 1         x15=1c0000b9 x15:1c0000b8
14071972ns          229259 1c008b56 feb71ce3 bne              x14, x11, -8        x14:00000000 x11:00000064
14072031ns          229262 1c008b4e 00070863 beq              x14, x0, 16         x14:00000000
14072091ns          229265 1c008b5e 00000513 addi             x10, x0, 0          x10=00000000
14072111ns          229266 1c008b60 fe058de3 beq              x11, x0, -6         x11:00000064
14072131ns          229267 1c008b62 00008067 jalr             x0, x1, 0            x1:1c008d02
14072190ns          229270 1c008d02 02000913 addi             x18, x0, 32         x18=00000020
14072210ns          229271 1c008d06 00000993 addi             x19, x0, 0          x19=00000000
14072230ns          229272 1c008d08 02b00a93 addi             x21, x0, 43         x21=0000002b
14072250ns          229273 1c008d0c 02d00b93 addi             x23, x0, 45         x23=0000002d
14072568ns          229289 1c008d10 03000b13 addi             x22, x0, 48         x22=00000030
14072608ns          229291 1c008d14 00900633 add              x12, x0, x9         x12=1c000039  x9:1c000039
14072628ns          229292 1c008d16 02050963 beq              x10, x0, 50         x10:00000000
14073563ns          229339 1c008d48 03312623 sw               x19, 44(x2)         x19:00000000  x2:10003e18  PA:10003e44
14073602ns          229341 1c008d4a 02a00693 addi             x13, x0, 42         x13=0000002a
14073622ns          229342 1c008d4e 014009b3 add              x19, x0, x20        x19=00000064 x20:00000064
14074040ns          229363 1c008d50 01800a33 add              x20, x0, x24        x20=1c000038 x24:1c000038
14074060ns          229364 1c008d52 00900c33 add              x24, x0, x9         x24=1c000039  x9:1c000039
14074080ns          229365 1c008d54 01c12483 lw               x9, 28(x2)           x9=00000002  x2:10003e18  PA:10003e34
14074100ns          229366 1c008d56 42d98063 beq              x19, x13, 1056      x19:00000064 x13:0000002a
14074120ns          229367 1c008d5a fd098693 addi             x13, x19, -48       x13=00000034 x19:00000064
14074139ns          229368 1c008d5e 00900513 addi             x10, x0, 9          x10=00000009
14074557ns          229389 1c008d60 00000a93 addi             x21, x0, 0          x21=00000000
14074597ns          229391 1c008d62 3cd57f63 bgeu             x10, x13, 990       x10:00000009 x13:00000034
14074617ns          229392 1c008d66 02e00793 addi             x15, x0, 46         x15=0000002e
14074637ns          229393 1c008d6a fff00b13 addi             x22, x0, -1         x22=ffffffff
14074657ns          229394 1c008d6c 04f981e3 beq              x19, x15, 2114      x19:00000064 x15:0000002e
14075074ns          229415 1c008d70 1c0007b7 lui              x15, 0x1c000000     x15=1c000000
14075114ns          229417 1c008d74 013005b3 add              x11, x0, x19        x11=00000064 x19:00000064
14075134ns          229418 1c008d76 0bc78513 addi             x10, x15, 188       x10=1c0000bc x15:1c000000
14075154ns          229419 1c008d7a 00c12e23 sw               x12, 28(x2)         x12:1c000039  x2:10003e18  PA:10003e34
14075174ns          229420 1c008d7c dc5ff0ef jal              x1, -572             x1=1c008d7e
14075651ns          229444 1c008b40 00054703 lbu              x14, 0(x10)         x14=00000068 x10:1c0000bc  PA:1c0000bc
14075949ns          229459 1c008b44 0ff5f593 andi             x11, x11, 255       x11=00000064 x11:00000064
14075969ns          229460 1c008b48 00a007b3 add              x15, x0, x10        x15=1c0000bc x10:1c0000bc
14075989ns          229461 1c008b4a 00b70863 beq              x14, x11, 16        x14:00000068 x11:00000064
14076009ns          229462 1c008b4e 00070863 beq              x14, x0, 16         x14:00000068
14076029ns          229463 1c008b50 0017c703 lbu              x14, 1(x15)         x14=0000006c x15:1c0000bc  PA:1c0000bd
14076446ns          229484 1c008b54 00178793 addi             x15, x15, 1         x15=1c0000bd x15:1c0000bc
14076466ns          229485 1c008b56 feb71ce3 bne              x14, x11, -8        x14:0000006c x11:00000064
14076526ns          229488 1c008b4e 00070863 beq              x14, x0, 16         x14:0000006c
14076546ns          229489 1c008b50 0017c703 lbu              x14, 1(x15)         x14=0000004c x15:1c0000bd  PA:1c0000be
14076844ns          229504 1c008b54 00178793 addi             x15, x15, 1         x15=1c0000be x15:1c0000bd
14076864ns          229505 1c008b56 feb71ce3 bne              x14, x11, -8        x14:0000004c x11:00000064
14076924ns          229508 1c008b4e 00070863 beq              x14, x0, 16         x14:0000004c
14076944ns          229509 1c008b50 0017c703 lbu              x14, 1(x15)         x14=0000007a x15:1c0000be  PA:1c0000bf
14077242ns          229524 1c008b54 00178793 addi             x15, x15, 1         x15=1c0000bf x15:1c0000be
14077262ns          229525 1c008b56 feb71ce3 bne              x14, x11, -8        x14:0000007a x11:00000064
14077322ns          229528 1c008b4e 00070863 beq              x14, x0, 16         x14:0000007a
14077341ns          229529 1c008b50 0017c703 lbu              x14, 1(x15)         x14=00000000 x15:1c0000bf  PA:1c0000c0
14077640ns          229544 1c008b54 00178793 addi             x15, x15, 1         x15=1c0000c0 x15:1c0000bf
14077660ns          229545 1c008b56 feb71ce3 bne              x14, x11, -8        x14:00000000 x11:00000064
14077719ns          229548 1c008b4e 00070863 beq              x14, x0, 16         x14:00000000
14077779ns          229551 1c008b5e 00000513 addi             x10, x0, 0          x10=00000000
14077799ns          229552 1c008b60 fe058de3 beq              x11, x0, -6         x11:00000064
14077819ns          229553 1c008b62 00008067 jalr             x0, x1, 0            x1:1c008d7e
14077858ns          229555 1c008d7e 01c12603 lw               x12, 28(x2)         x12=1c000039  x2:10003e18  PA:10003e34
14077898ns          229557 1c008d80 00c00a33 add              x20, x0, x12        x20=1c000039 x12:1c000039
14077918ns          229558 1c008d82 00050563 beq              x10, x0, 10         x10:00000000
14078336ns          229579 1c008d8c 06900793 addi             x15, x0, 105        x15=00000069
14078356ns          229580 1c008d90 1cf98be3 beq              x19, x15, 2518      x19:00000064 x15:00000069
14078376ns          229581 1c008d94 4b37ce63 blt              x15, x19, 1212      x15:00000069 x19:00000064
14078395ns          229582 1c008d98 05800793 addi             x15, x0, 88         x15=00000058
14078415ns          229583 1c008d9c 4cf98863 beq              x19, x15, 1232      x19:00000064 x15:00000058
14078853ns          229605 1c008da0 3f37cd63 blt              x15, x19, 1018      x15:00000058 x19:00000064
14079370ns          229631 1c00919a 06400793 addi             x15, x0, 100        x15=00000064
14079808ns          229653 1c00919e 5cf98463 beq              x19, x15, 1480      x19:00000064 x15:00000064
14080285ns          229677 1c009766 01812b83 lw               x23, 24(x2)         x23=10003f7c  x2:10003e18  PA:10003e30
14080325ns          229679 1c009768 004ba60b p.lw             x12, 4(x23!)        x12=00000000 x23=10003f80 x23:10003f7c  PA:10003f7c
14080364ns          229681 1c00976c 48064963 blt              x12, x0, 1170       x12:00000000
14080782ns          229702 1c009770 01412783 lw               x15, 20(x2)         x15=00000000  x2:10003e18  PA:10003e2c
14080802ns          229703 1c009772 00c00733 add              x14, x0, x12        x14=00000000 x12:00000000
14080822ns          229704 1c009774 56078863 beq              x15, x0, 1392       x15:00000000
14081299ns          229728 1c009ce4 01012783 lw               x15, 16(x2)         x15=00000000  x2:10003e18  PA:10003e28
14081319ns          229729 1c009ce6 01b00533 add              x10, x0, x27        x10=10003e4c x27:10003e4c
14081339ns          229730 1c009ce8 a8078ee3 beq              x15, x0, -1380      x15:00000000
14082274ns          229777 1c009784 00a007b3 add              x15, x0, x10        x15=10003e4c x10:10003e4c
14082294ns          229778 1c009786 00a00593 addi             x11, x0, 10         x11=0000000a
14082313ns          229779 1c009788 00900313 addi             x6, x0, 9            x6=00000009
14082333ns          229780 1c00978a 02b776b3 remu             x13, x14, x11       x13=00000000 x14:00000000 x11:0000000a
14082950ns          229811 1c00978e 00e00833 add              x16, x0, x14        x16=00000000 x14:00000000
14082970ns          229812 1c009790 00f008b3 add              x17, x0, x15        x17=10003e4c x15:10003e4c
14082990ns          229813 1c009792 03068693 addi             x13, x13, 48        x13=00000030 x13:00000000
14083009ns          229814 1c009796 00d780ab p.sb             x13, 1(x15!)        x15=10003e4d x13:00000030 x15:10003e4c  PA:10003e4c
14083029ns          229815 1c00979a 02b75733 divu             x14, x14, x11       x14=00000000 x14:00000000 x11:0000000a
14083666ns          229847 1c00979e ff0366e3 bltu             x6, x16, -20         x6:00000009 x16:00000000
14083686ns          229848 1c0097a2 40a78733 sub              x14, x15, x10       x14=00000001 x15:10003e4d x10:10003e4c
14083706ns          229849 1c0097a6 01675c63 bge              x14, x22, 24        x14:00000001 x22:ffffffff
14084640ns          229896 1c0097be 00078023 sb               x0, 0(x15)          x15:10003e4d  PA:10003e4d
14084680ns          229898 1c0097c2 0b157563 bgeu             x10, x17, 170       x10:10003e4c x17:10003e4c
14085157ns          229922 1c00986c 01412703 lw               x14, 20(x2)         x14=00000000  x2:10003e18  PA:10003e2c
14085177ns          229923 1c00986e 01012683 lw               x13, 16(x2)         x13=00000000  x2:10003e18  PA:10003e28
14085615ns          229945 1c009870 41b787b3 sub              x15, x15, x27       x15=00000001 x15:10003e4d x27:10003e4c
14085655ns          229947 1c009874 00d76733 or               x14, x14, x13       x14=00000000 x14:00000000 x13:00000000
14085674ns          229948 1c009876 02e12623 sw               x14, 44(x2)         x14:00000000  x2:10003e18  PA:10003e44
14085694ns          229949 1c009878 b0071be3 bne              x14, x0, -1258      x14:00000000
14085714ns          229950 1c00987c 01f65713 srli             x14, x12, 0x1f      x14=00000000 x12:00000000
14086609ns          229995 1c009880 02e12623 sw               x14, 44(x2)         x14:00000000  x2:10003e18  PA:10003e44
14086629ns          229996 1c009882 b0dff06f jal              x0, -1268          
14087106ns          230020 1c00938e ebfb2be3 p.beqimm         x22, -330           x22:ffffffff
14087604ns          230045 1c009244 0c800713 addi             x14, x0, 200        x14=000000c8
14087643ns          230047 1c009248 14f75b63 bge              x14, x15, 342       x14:000000c8 x15:00000001
14088578ns          230094 1c00939e 00178613 addi             x12, x15, 1         x12=00000002 x15:00000001
14088618ns          230096 1c0093a2 0557c863 blt              x15, x21, 80        x15:00000001 x21:00000000
14088638ns          230097 1c0093a6 01712c23 sw               x23, 24(x2)         x23:10003f80  x2:10003e18  PA:10003e30
14088658ns          230098 1c0093a8 00f00ab3 add              x21, x0, x15        x21=00000001 x15:00000001
14088678ns          230099 1c0093aa 8e0a8fe3 beq              x21, x0, -1794      x21:00000001
14088697ns          230100 1c0093ae 01b00933 add              x18, x0, x27        x18=10003e4c x27:10003e4c
14089095ns          230120 1c0093b0 41b409b3 sub              x19, x8, x27        x19=efffc1cf  x8:0000001b x27:10003e4c
14089135ns          230122 1c0093b4 01ba8ab3 add              x21, x21, x27       x21=10003e4d x21:00000001 x27:10003e4c
14089155ns          230123 1c0093b6 00a0006f jal              x0, 10             
14089612ns          230146 1c0093c0 0019450b p.lbu            x10, 1(x18!)        x10=00000030 x18=10003e4d x18:10003e4c  PA:10003e4c
14089652ns          230148 1c0093c4 009005b3 add              x11, x0, x9         x11=00000002  x9:00000002
14089672ns          230149 1c0093c6 000c80e7 jalr             x1, x25, 0           x1=1c0093c8 x25:1c008bb6
14089712ns          230151 1c008bb6 000026b7 lui              x13, 0x2000         x13=00002000
14089732ns          230152 1c008bb8 f8068693 addi             x13, x13, -128      x13=00001f80 x13:00002000
14089752ns          230153 1c008bbc f14027f3 csrrs            x15, x0, 0xf14      x15=00000007
14090209ns          230176 1c008bc0 00379713 slli             x14, x15, 0x3       x14=00000038 x15:00000007
14090249ns          230178 1c008bc4 00279793 slli             x15, x15, 0x2       x15=0000001c x15:00000007
14090269ns          230179 1c008bc6 00d7f7b3 and              x15, x15, x13       x15=00000000 x15:0000001c x13:00001f80
14090288ns          230180 1c008bc8 ee873733 p.bclr           x14, x14, 23, 8     x14=00000038 x14:00000038
14090308ns          230181 1c008bcc 1a10f6b7 lui              x13, 0x1a10f000     x13=1a10f000
14090348ns          230183 1c008bd0 00d70733 add              x14, x14, x13       x14=1a10f038 x14:00000038 x13:1a10f000
14090368ns          230184 1c008bd2 00e787b3 add              x15, x15, x14       x15=1a10f038 x15:00000000 x14:1a10f038
14090388ns          230185 1c008bd4 0ff57513 andi             x10, x10, 255       x10=00000030 x10:00000030
14090408ns          230186 1c008bd8 00a7a023 sw               x10, 0(x15)         x10:00000030 x15:1a10f038  PA:1a10f038
14090985ns          230215 1c008bda 00000513 addi             x10, x0, 0          x10=00000000
14091004ns          230216 1c008bdc 00008067 jalr             x0, x1, 0            x1:1c0093c8
14091044ns          230218 1c0093c8 fff538e3 p.bneimm         x10, -16            x10:00000000
14091283ns          230230 1c0093b8 01298433 add              x8, x19, x18         x8=0000001c x19:efffc1cf x18:10003e4d
14091303ns          230231 1c0093bc 8f2a86e3 beq              x21, x18, -1812     x21:10003e4d x18:10003e4d
14091362ns          230234 1c008ca8 001a450b p.lbu            x10, 1(x20!)        x10=00000020 x20=1c00003a x20:1c000039  PA:1c000039
14091681ns          230250 1c008cac fe0515e3 bne              x10, x0, -22        x10:00000020
14091820ns          230257 1c008c96 02500793 addi             x15, x0, 37         x15=00000025
14091840ns          230258 1c008c9a 04f50763 beq              x10, x15, 78        x10:00000020 x15:00000025
14091860ns          230259 1c008c9e 009005b3 add              x11, x0, x9         x11=00000002  x9:00000002
14091880ns          230260 1c008ca0 000c80e7 jalr             x1, x25, 0           x1=1c008ca2 x25:1c008bb6
14091919ns          230262 1c008bb6 000026b7 lui              x13, 0x2000         x13=00002000
14091939ns          230263 1c008bb8 f8068693 addi             x13, x13, -128      x13=00001f80 x13:00002000
14091959ns          230264 1c008bbc f14027f3 csrrs            x15, x0, 0xf14      x15=00000007
14091979ns          230265 1c008bc0 00379713 slli             x14, x15, 0x3       x14=00000038 x15:00000007
14091999ns          230266 1c008bc4 00279793 slli             x15, x15, 0x2       x15=0000001c x15:00000007
14092019ns          230267 1c008bc6 00d7f7b3 and              x15, x15, x13       x15=00000000 x15:0000001c x13:00001f80
14092039ns          230268 1c008bc8 ee873733 p.bclr           x14, x14, 23, 8     x14=00000038 x14:00000038
14092059ns          230269 1c008bcc 1a10f6b7 lui              x13, 0x1a10f000     x13=1a10f000
14092078ns          230270 1c008bd0 00d70733 add              x14, x14, x13       x14=1a10f038 x14:00000038 x13:1a10f000
14092098ns          230271 1c008bd2 00e787b3 add              x15, x15, x14       x15=1a10f038 x15:00000000 x14:1a10f038
14092118ns          230272 1c008bd4 0ff57513 andi             x10, x10, 255       x10=00000020 x10:00000020
14092138ns          230273 1c008bd8 00a7a023 sw               x10, 0(x15)         x10:00000020 x15:1a10f038  PA:1a10f038
14092755ns          230304 1c008bda 00000513 addi             x10, x0, 0          x10=00000000
14092774ns          230305 1c008bdc 00008067 jalr             x0, x1, 0            x1:1c008ca2
14092834ns          230308 1c008ca2 4df52863 p.beqimm         x10, 1232           x10:00000000
14092854ns          230309 1c008ca6 00140413 addi             x8, x8, 1            x8=0000001d  x8:0000001c
14092874ns          230310 1c008ca8 001a450b p.lbu            x10, 1(x20!)        x10=00000063 x20=1c00003b x20:1c00003a  PA:1c00003a
14093192ns          230326 1c008cac fe0515e3 bne              x10, x0, -22        x10:00000063
14093272ns          230330 1c008c96 02500793 addi             x15, x0, 37         x15=00000025
14093292ns          230331 1c008c9a 04f50763 beq              x10, x15, 78        x10:00000063 x15:00000025
14093311ns          230332 1c008c9e 009005b3 add              x11, x0, x9         x11=00000002  x9:00000002
14093331ns          230333 1c008ca0 000c80e7 jalr             x1, x25, 0           x1=1c008ca2 x25:1c008bb6
14093371ns          230335 1c008bb6 000026b7 lui              x13, 0x2000         x13=00002000
14093391ns          230336 1c008bb8 f8068693 addi             x13, x13, -128      x13=00001f80 x13:00002000
14093411ns          230337 1c008bbc f14027f3 csrrs            x15, x0, 0xf14      x15=00000007
14093431ns          230338 1c008bc0 00379713 slli             x14, x15, 0x3       x14=00000038 x15:00000007
14093451ns          230339 1c008bc4 00279793 slli             x15, x15, 0x2       x15=0000001c x15:00000007
14093471ns          230340 1c008bc6 00d7f7b3 and              x15, x15, x13       x15=00000000 x15:0000001c x13:00001f80
14093490ns          230341 1c008bc8 ee873733 p.bclr           x14, x14, 23, 8     x14=00000038 x14:00000038
14093510ns          230342 1c008bcc 1a10f6b7 lui              x13, 0x1a10f000     x13=1a10f000
14093530ns          230343 1c008bd0 00d70733 add              x14, x14, x13       x14=1a10f038 x14:00000038 x13:1a10f000
14093550ns          230344 1c008bd2 00e787b3 add              x15, x15, x14       x15=1a10f038 x15:00000000 x14:1a10f038
14093570ns          230345 1c008bd4 0ff57513 andi             x10, x10, 255       x10=00000063 x10:00000063
14093590ns          230346 1c008bd8 00a7a023 sw               x10, 0(x15)         x10:00000063 x15:1a10f038  PA:1a10f038
14093948ns          230364 1c008bda 00000513 addi             x10, x0, 0          x10=00000000
14093968ns          230365 1c008bdc 00008067 jalr             x0, x1, 0            x1:1c008ca2
14094027ns          230368 1c008ca2 4df52863 p.beqimm         x10, 1232           x10:00000000
14094047ns          230369 1c008ca6 00140413 addi             x8, x8, 1            x8=0000001e  x8:0000001d
14094067ns          230370 1c008ca8 001a450b p.lbu            x10, 1(x20!)        x10=0000006f x20=1c00003c x20:1c00003b  PA:1c00003b
14094385ns          230386 1c008cac fe0515e3 bne              x10, x0, -22        x10:0000006f
14094465ns          230390 1c008c96 02500793 addi             x15, x0, 37         x15=00000025
14094485ns          230391 1c008c9a 04f50763 beq              x10, x15, 78        x10:0000006f x15:00000025
14094505ns          230392 1c008c9e 009005b3 add              x11, x0, x9         x11=00000002  x9:00000002
14094525ns          230393 1c008ca0 000c80e7 jalr             x1, x25, 0           x1=1c008ca2 x25:1c008bb6
14094564ns          230395 1c008bb6 000026b7 lui              x13, 0x2000         x13=00002000
14094584ns          230396 1c008bb8 f8068693 addi             x13, x13, -128      x13=00001f80 x13:00002000
14094604ns          230397 1c008bbc f14027f3 csrrs            x15, x0, 0xf14      x15=00000007
14094624ns          230398 1c008bc0 00379713 slli             x14, x15, 0x3       x14=00000038 x15:00000007
14094644ns          230399 1c008bc4 00279793 slli             x15, x15, 0x2       x15=0000001c x15:00000007
14094664ns          230400 1c008bc6 00d7f7b3 and              x15, x15, x13       x15=00000000 x15:0000001c x13:00001f80
14094684ns          230401 1c008bc8 ee873733 p.bclr           x14, x14, 23, 8     x14=00000038 x14:00000038
14094704ns          230402 1c008bcc 1a10f6b7 lui              x13, 0x1a10f000     x13=1a10f000
14094724ns          230403 1c008bd0 00d70733 add              x14, x14, x13       x14=1a10f038 x14:00000038 x13:1a10f000
14094743ns          230404 1c008bd2 00e787b3 add              x15, x15, x14       x15=1a10f038 x15:00000000 x14:1a10f038
14094763ns          230405 1c008bd4 0ff57513 andi             x10, x10, 255       x10=0000006f x10:0000006f
14094783ns          230406 1c008bd8 00a7a023 sw               x10, 0(x15)         x10:0000006f x15:1a10f038  PA:1a10f038
14095121ns          230423 1c008bda 00000513 addi             x10, x0, 0          x10=00000000
14095141ns          230424 1c008bdc 00008067 jalr             x0, x1, 0            x1:1c008ca2
14095201ns          230427 1c008ca2 4df52863 p.beqimm         x10, 1232           x10:00000000
14095221ns          230428 1c008ca6 00140413 addi             x8, x8, 1            x8=0000001f  x8:0000001e
14095241ns          230429 1c008ca8 001a450b p.lbu            x10, 1(x20!)        x10=00000072 x20=1c00003d x20:1c00003c  PA:1c00003c
14095559ns          230445 1c008cac fe0515e3 bne              x10, x0, -22        x10:00000072
14095638ns          230449 1c008c96 02500793 addi             x15, x0, 37         x15=00000025
14095658ns          230450 1c008c9a 04f50763 beq              x10, x15, 78        x10:00000072 x15:00000025
14095678ns          230451 1c008c9e 009005b3 add              x11, x0, x9         x11=00000002  x9:00000002
14095698ns          230452 1c008ca0 000c80e7 jalr             x1, x25, 0           x1=1c008ca2 x25:1c008bb6
14095738ns          230454 1c008bb6 000026b7 lui              x13, 0x2000         x13=00002000
14095758ns          230455 1c008bb8 f8068693 addi             x13, x13, -128      x13=00001f80 x13:00002000
14095778ns          230456 1c008bbc f14027f3 csrrs            x15, x0, 0xf14      x15=00000007
14095797ns          230457 1c008bc0 00379713 slli             x14, x15, 0x3       x14=00000038 x15:00000007
14095817ns          230458 1c008bc4 00279793 slli             x15, x15, 0x2       x15=0000001c x15:00000007
14095837ns          230459 1c008bc6 00d7f7b3 and              x15, x15, x13       x15=00000000 x15:0000001c x13:00001f80
14095857ns          230460 1c008bc8 ee873733 p.bclr           x14, x14, 23, 8     x14=00000038 x14:00000038
14095877ns          230461 1c008bcc 1a10f6b7 lui              x13, 0x1a10f000     x13=1a10f000
14095897ns          230462 1c008bd0 00d70733 add              x14, x14, x13       x14=1a10f038 x14:00000038 x13:1a10f000
14095917ns          230463 1c008bd2 00e787b3 add              x15, x15, x14       x15=1a10f038 x15:00000000 x14:1a10f038
14095937ns          230464 1c008bd4 0ff57513 andi             x10, x10, 255       x10=00000072 x10:00000072
14095957ns          230465 1c008bd8 00a7a023 sw               x10, 0(x15)         x10:00000072 x15:1a10f038  PA:1a10f038
14096295ns          230482 1c008bda 00000513 addi             x10, x0, 0          x10=00000000
14096315ns          230483 1c008bdc 00008067 jalr             x0, x1, 0            x1:1c008ca2
14096374ns          230486 1c008ca2 4df52863 p.beqimm         x10, 1232           x10:00000000
14096394ns          230487 1c008ca6 00140413 addi             x8, x8, 1            x8=00000020  x8:0000001f
14096414ns          230488 1c008ca8 001a450b p.lbu            x10, 1(x20!)        x10=00000065 x20=1c00003e x20:1c00003d  PA:1c00003d
14096732ns          230504 1c008cac fe0515e3 bne              x10, x0, -22        x10:00000065
14096812ns          230508 1c008c96 02500793 addi             x15, x0, 37         x15=00000025
14096832ns          230509 1c008c9a 04f50763 beq              x10, x15, 78        x10:00000065 x15:00000025
14096852ns          230510 1c008c9e 009005b3 add              x11, x0, x9         x11=00000002  x9:00000002
14096871ns          230511 1c008ca0 000c80e7 jalr             x1, x25, 0           x1=1c008ca2 x25:1c008bb6
14096911ns          230513 1c008bb6 000026b7 lui              x13, 0x2000         x13=00002000
14096931ns          230514 1c008bb8 f8068693 addi             x13, x13, -128      x13=00001f80 x13:00002000
14096951ns          230515 1c008bbc f14027f3 csrrs            x15, x0, 0xf14      x15=00000007
14096971ns          230516 1c008bc0 00379713 slli             x14, x15, 0x3       x14=00000038 x15:00000007
14096991ns          230517 1c008bc4 00279793 slli             x15, x15, 0x2       x15=0000001c x15:00000007
14097011ns          230518 1c008bc6 00d7f7b3 and              x15, x15, x13       x15=00000000 x15:0000001c x13:00001f80
14097031ns          230519 1c008bc8 ee873733 p.bclr           x14, x14, 23, 8     x14=00000038 x14:00000038
14097050ns          230520 1c008bcc 1a10f6b7 lui              x13, 0x1a10f000     x13=1a10f000
14097070ns          230521 1c008bd0 00d70733 add              x14, x14, x13       x14=1a10f038 x14:00000038 x13:1a10f000
14097090ns          230522 1c008bd2 00e787b3 add              x15, x15, x14       x15=1a10f038 x15:00000000 x14:1a10f038
14097110ns          230523 1c008bd4 0ff57513 andi             x10, x10, 255       x10=00000065 x10:00000065
14097130ns          230524 1c008bd8 00a7a023 sw               x10, 0(x15)         x10:00000065 x15:1a10f038  PA:1a10f038
14097468ns          230541 1c008bda 00000513 addi             x10, x0, 0          x10=00000000
14097488ns          230542 1c008bdc 00008067 jalr             x0, x1, 0            x1:1c008ca2
14097548ns          230545 1c008ca2 4df52863 p.beqimm         x10, 1232           x10:00000000
14097567ns          230546 1c008ca6 00140413 addi             x8, x8, 1            x8=00000021  x8:00000020
14097587ns          230547 1c008ca8 001a450b p.lbu            x10, 1(x20!)        x10=00000020 x20=1c00003f x20:1c00003e  PA:1c00003e
14097945ns          230565 1c008cac fe0515e3 bne              x10, x0, -22        x10:00000020
14098025ns          230569 1c008c96 02500793 addi             x15, x0, 37         x15=00000025
14098045ns          230570 1c008c9a 04f50763 beq              x10, x15, 78        x10:00000020 x15:00000025
14098065ns          230571 1c008c9e 009005b3 add              x11, x0, x9         x11=00000002  x9:00000002
14098085ns          230572 1c008ca0 000c80e7 jalr             x1, x25, 0           x1=1c008ca2 x25:1c008bb6
14098124ns          230574 1c008bb6 000026b7 lui              x13, 0x2000         x13=00002000
14098144ns          230575 1c008bb8 f8068693 addi             x13, x13, -128      x13=00001f80 x13:00002000
14098164ns          230576 1c008bbc f14027f3 csrrs            x15, x0, 0xf14      x15=00000007
14098184ns          230577 1c008bc0 00379713 slli             x14, x15, 0x3       x14=00000038 x15:00000007
14098204ns          230578 1c008bc4 00279793 slli             x15, x15, 0x2       x15=0000001c x15:00000007
14098224ns          230579 1c008bc6 00d7f7b3 and              x15, x15, x13       x15=00000000 x15:0000001c x13:00001f80
14098244ns          230580 1c008bc8 ee873733 p.bclr           x14, x14, 23, 8     x14=00000038 x14:00000038
14098264ns          230581 1c008bcc 1a10f6b7 lui              x13, 0x1a10f000     x13=1a10f000
14098283ns          230582 1c008bd0 00d70733 add              x14, x14, x13       x14=1a10f038 x14:00000038 x13:1a10f000
14098303ns          230583 1c008bd2 00e787b3 add              x15, x15, x14       x15=1a10f038 x15:00000000 x14:1a10f038
14098323ns          230584 1c008bd4 0ff57513 andi             x10, x10, 255       x10=00000020 x10:00000020
14098343ns          230585 1c008bd8 00a7a023 sw               x10, 0(x15)         x10:00000020 x15:1a10f038  PA:1a10f038
14098661ns          230601 1c008bda 00000513 addi             x10, x0, 0          x10=00000000
14098681ns          230602 1c008bdc 00008067 jalr             x0, x1, 0            x1:1c008ca2
14098741ns          230605 1c008ca2 4df52863 p.beqimm         x10, 1232           x10:00000000
14098761ns          230606 1c008ca6 00140413 addi             x8, x8, 1            x8=00000022  x8:00000021
14098781ns          230607 1c008ca8 001a450b p.lbu            x10, 1(x20!)        x10=00000025 x20=1c000040 x20:1c00003f  PA:1c00003f
14099099ns          230623 1c008cac fe0515e3 bne              x10, x0, -22        x10:00000025
14099178ns          230627 1c008c96 02500793 addi             x15, x0, 37         x15=00000025
14099198ns          230628 1c008c9a 04f50763 beq              x10, x15, 78        x10:00000025 x15:00000025
14099258ns          230631 1c008ce8 01400c33 add              x24, x0, x20        x24=1c000040 x20:1c000040
14099278ns          230632 1c008cea 000c4a03 lbu              x20, 0(x24)         x20=00000064 x24:1c000040  PA:1c000040
14099596ns          230648 1c008cee 0b4d0513 addi             x10, x26, 180       x10=1c0000b4 x26:1c000000
14099616ns          230649 1c008cf2 00912e23 sw               x9, 28(x2)           x9:00000002  x2:10003e18  PA:10003e34
14099636ns          230650 1c008cf4 014005b3 add              x11, x0, x20        x11=00000064 x20:00000064
14099656ns          230651 1c008cf6 00012823 sw               x0, 16(x2)           x2:10003e18  PA:10003e28
14099676ns          230652 1c008cf8 00012a23 sw               x0, 20(x2)           x2:10003e18  PA:10003e2c
14099696ns          230653 1c008cfa 00012623 sw               x0, 12(x2)           x2:10003e18  PA:10003e24
14099715ns          230654 1c008cfc 001c0493 addi             x9, x24, 1           x9=1c000041 x24:1c000040
14099735ns          230655 1c008d00 e41ff0ef jal              x1, -448             x1=1c008d02
14099815ns          230659 1c008b40 00054703 lbu              x14, 0(x10)         x14=0000002d x10:1c0000b4  PA:1c0000b4
14100133ns          230675 1c008b44 0ff5f593 andi             x11, x11, 255       x11=00000064 x11:00000064
14100153ns          230676 1c008b48 00a007b3 add              x15, x0, x10        x15=1c0000b4 x10:1c0000b4
14100173ns          230677 1c008b4a 00b70863 beq              x14, x11, 16        x14:0000002d x11:00000064
14100193ns          230678 1c008b4e 00070863 beq              x14, x0, 16         x14:0000002d
14100213ns          230679 1c008b50 0017c703 lbu              x14, 1(x15)         x14=0000002b x15:1c0000b4  PA:1c0000b5
14100531ns          230695 1c008b54 00178793 addi             x15, x15, 1         x15=1c0000b5 x15:1c0000b4
14100551ns          230696 1c008b56 feb71ce3 bne              x14, x11, -8        x14:0000002b x11:00000064
14100610ns          230699 1c008b4e 00070863 beq              x14, x0, 16         x14:0000002b
14100630ns          230700 1c008b50 0017c703 lbu              x14, 1(x15)         x14=00000020 x15:1c0000b5  PA:1c0000b6
14100929ns          230715 1c008b54 00178793 addi             x15, x15, 1         x15=1c0000b6 x15:1c0000b5
14100948ns          230716 1c008b56 feb71ce3 bne              x14, x11, -8        x14:00000020 x11:00000064
14101008ns          230719 1c008b4e 00070863 beq              x14, x0, 16         x14:00000020
14101028ns          230720 1c008b50 0017c703 lbu              x14, 1(x15)         x14=00000023 x15:1c0000b6  PA:1c0000b7
14101346ns          230736 1c008b54 00178793 addi             x15, x15, 1         x15=1c0000b7 x15:1c0000b6
14101366ns          230737 1c008b56 feb71ce3 bne              x14, x11, -8        x14:00000023 x11:00000064
14101426ns          230740 1c008b4e 00070863 beq              x14, x0, 16         x14:00000023
14101446ns          230741 1c008b50 0017c703 lbu              x14, 1(x15)         x14=00000030 x15:1c0000b7  PA:1c0000b8
14101764ns          230757 1c008b54 00178793 addi             x15, x15, 1         x15=1c0000b8 x15:1c0000b7
14101784ns          230758 1c008b56 feb71ce3 bne              x14, x11, -8        x14:00000030 x11:00000064
14101843ns          230761 1c008b4e 00070863 beq              x14, x0, 16         x14:00000030
14101863ns          230762 1c008b50 0017c703 lbu              x14, 1(x15)         x14=00000000 x15:1c0000b8  PA:1c0000b9
14102162ns          230777 1c008b54 00178793 addi             x15, x15, 1         x15=1c0000b9 x15:1c0000b8
14102182ns          230778 1c008b56 feb71ce3 bne              x14, x11, -8        x14:00000000 x11:00000064
14102241ns          230781 1c008b4e 00070863 beq              x14, x0, 16         x14:00000000
14102301ns          230784 1c008b5e 00000513 addi             x10, x0, 0          x10=00000000
14102321ns          230785 1c008b60 fe058de3 beq              x11, x0, -6         x11:00000064
14102341ns          230786 1c008b62 00008067 jalr             x0, x1, 0            x1:1c008d02
14102400ns          230789 1c008d02 02000913 addi             x18, x0, 32         x18=00000020
14102420ns          230790 1c008d06 00000993 addi             x19, x0, 0          x19=00000000
14102440ns          230791 1c008d08 02b00a93 addi             x21, x0, 43         x21=0000002b
14102460ns          230792 1c008d0c 02d00b93 addi             x23, x0, 45         x23=0000002d
14102480ns          230793 1c008d10 03000b13 addi             x22, x0, 48         x22=00000030
14102500ns          230794 1c008d14 00900633 add              x12, x0, x9         x12=1c000041  x9:1c000041
14102520ns          230795 1c008d16 02050963 beq              x10, x0, 50         x10:00000000
14102659ns          230802 1c008d48 03312623 sw               x19, 44(x2)         x19:00000000  x2:10003e18  PA:10003e44
14102699ns          230804 1c008d4a 02a00693 addi             x13, x0, 42         x13=0000002a
14102718ns          230805 1c008d4e 014009b3 add              x19, x0, x20        x19=00000064 x20:00000064
14102758ns          230807 1c008d50 01800a33 add              x20, x0, x24        x20=1c000040 x24:1c000040
14102778ns          230808 1c008d52 00900c33 add              x24, x0, x9         x24=1c000041  x9:1c000041
14102798ns          230809 1c008d54 01c12483 lw               x9, 28(x2)           x9=00000002  x2:10003e18  PA:10003e34
14102818ns          230810 1c008d56 42d98063 beq              x19, x13, 1056      x19:00000064 x13:0000002a
14102838ns          230811 1c008d5a fd098693 addi             x13, x19, -48       x13=00000034 x19:00000064
14102858ns          230812 1c008d5e 00900513 addi             x10, x0, 9          x10=00000009
14102897ns          230814 1c008d60 00000a93 addi             x21, x0, 0          x21=00000000
14102937ns          230816 1c008d62 3cd57f63 bgeu             x10, x13, 990       x10:00000009 x13:00000034
14102957ns          230817 1c008d66 02e00793 addi             x15, x0, 46         x15=0000002e
14102977ns          230818 1c008d6a fff00b13 addi             x22, x0, -1         x22=ffffffff
14102997ns          230819 1c008d6c 04f981e3 beq              x19, x15, 2114      x19:00000064 x15:0000002e
14103037ns          230821 1c008d70 1c0007b7 lui              x15, 0x1c000000     x15=1c000000
14103076ns          230823 1c008d74 013005b3 add              x11, x0, x19        x11=00000064 x19:00000064
14103096ns          230824 1c008d76 0bc78513 addi             x10, x15, 188       x10=1c0000bc x15:1c000000
14103116ns          230825 1c008d7a 00c12e23 sw               x12, 28(x2)         x12:1c000041  x2:10003e18  PA:10003e34
14103136ns          230826 1c008d7c dc5ff0ef jal              x1, -572             x1=1c008d7e
14103216ns          230830 1c008b40 00054703 lbu              x14, 0(x10)         x14=00000068 x10:1c0000bc  PA:1c0000bc
14103514ns          230845 1c008b44 0ff5f593 andi             x11, x11, 255       x11=00000064 x11:00000064
14103534ns          230846 1c008b48 00a007b3 add              x15, x0, x10        x15=1c0000bc x10:1c0000bc
14103554ns          230847 1c008b4a 00b70863 beq              x14, x11, 16        x14:00000068 x11:00000064
14103574ns          230848 1c008b4e 00070863 beq              x14, x0, 16         x14:00000068
14103594ns          230849 1c008b50 0017c703 lbu              x14, 1(x15)         x14=0000006c x15:1c0000bc  PA:1c0000bd
14103892ns          230864 1c008b54 00178793 addi             x15, x15, 1         x15=1c0000bd x15:1c0000bc
14103912ns          230865 1c008b56 feb71ce3 bne              x14, x11, -8        x14:0000006c x11:00000064
14103971ns          230868 1c008b4e 00070863 beq              x14, x0, 16         x14:0000006c
14103991ns          230869 1c008b50 0017c703 lbu              x14, 1(x15)         x14=0000004c x15:1c0000bd  PA:1c0000be
14104290ns          230884 1c008b54 00178793 addi             x15, x15, 1         x15=1c0000be x15:1c0000bd
14104310ns          230885 1c008b56 feb71ce3 bne              x14, x11, -8        x14:0000004c x11:00000064
14104369ns          230888 1c008b4e 00070863 beq              x14, x0, 16         x14:0000004c
14104389ns          230889 1c008b50 0017c703 lbu              x14, 1(x15)         x14=0000007a x15:1c0000be  PA:1c0000bf
14104687ns          230904 1c008b54 00178793 addi             x15, x15, 1         x15=1c0000bf x15:1c0000be
14104707ns          230905 1c008b56 feb71ce3 bne              x14, x11, -8        x14:0000007a x11:00000064
14104767ns          230908 1c008b4e 00070863 beq              x14, x0, 16         x14:0000007a
14104787ns          230909 1c008b50 0017c703 lbu              x14, 1(x15)         x14=00000000 x15:1c0000bf  PA:1c0000c0
14105085ns          230924 1c008b54 00178793 addi             x15, x15, 1         x15=1c0000c0 x15:1c0000bf
14105105ns          230925 1c008b56 feb71ce3 bne              x14, x11, -8        x14:00000000 x11:00000064
14105165ns          230928 1c008b4e 00070863 beq              x14, x0, 16         x14:00000000
14105224ns          230931 1c008b5e 00000513 addi             x10, x0, 0          x10=00000000
14105244ns          230932 1c008b60 fe058de3 beq              x11, x0, -6         x11:00000064
14105264ns          230933 1c008b62 00008067 jalr             x0, x1, 0            x1:1c008d7e
14105304ns          230935 1c008d7e 01c12603 lw               x12, 28(x2)         x12=1c000041  x2:10003e18  PA:10003e34
14105344ns          230937 1c008d80 00c00a33 add              x20, x0, x12        x20=1c000041 x12:1c000041
14105364ns          230938 1c008d82 00050563 beq              x10, x0, 10         x10:00000000
14105543ns          230947 1c008d8c 06900793 addi             x15, x0, 105        x15=00000069
14105562ns          230948 1c008d90 1cf98be3 beq              x19, x15, 2518      x19:00000064 x15:00000069
14105582ns          230949 1c008d94 4b37ce63 blt              x15, x19, 1212      x15:00000069 x19:00000064
14105602ns          230950 1c008d98 05800793 addi             x15, x0, 88         x15=00000058
14105622ns          230951 1c008d9c 4cf98863 beq              x19, x15, 1232      x19:00000064 x15:00000058
14105642ns          230952 1c008da0 3f37cd63 blt              x15, x19, 1018      x15:00000058 x19:00000064
14105801ns          230960 1c00919a 06400793 addi             x15, x0, 100        x15=00000064
14105861ns          230963 1c00919e 5cf98463 beq              x19, x15, 1480      x19:00000064 x15:00000064
14105960ns          230968 1c009766 01812b83 lw               x23, 24(x2)         x23=10003f80  x2:10003e18  PA:10003e30
14106000ns          230970 1c009768 004ba60b p.lw             x12, 4(x23!)        x12=00000007 x23=10003f84 x23:10003f80  PA:10003f80
14106040ns          230972 1c00976c 48064963 blt              x12, x0, 1170       x12:00000007
14106060ns          230973 1c009770 01412783 lw               x15, 20(x2)         x15=00000000  x2:10003e18  PA:10003e2c
14106080ns          230974 1c009772 00c00733 add              x14, x0, x12        x14=00000007 x12:00000007
14106099ns          230975 1c009774 56078863 beq              x15, x0, 1392       x15:00000000
14106199ns          230980 1c009ce4 01012783 lw               x15, 16(x2)         x15=00000000  x2:10003e18  PA:10003e28
14106219ns          230981 1c009ce6 01b00533 add              x10, x0, x27        x10=10003e4c x27:10003e4c
14106239ns          230982 1c009ce8 a8078ee3 beq              x15, x0, -1380      x15:00000000
14106358ns          230988 1c009784 00a007b3 add              x15, x0, x10        x15=10003e4c x10:10003e4c
14106378ns          230989 1c009786 00a00593 addi             x11, x0, 10         x11=0000000a
14106398ns          230990 1c009788 00900313 addi             x6, x0, 9            x6=00000009
14106418ns          230991 1c00978a 02b776b3 remu             x13, x14, x11       x13=00000007 x14:00000007 x11:0000000a
14107034ns          231022 1c00978e 00e00833 add              x16, x0, x14        x16=00000007 x14:00000007
14107054ns          231023 1c009790 00f008b3 add              x17, x0, x15        x17=10003e4c x15:10003e4c
14107074ns          231024 1c009792 03068693 addi             x13, x13, 48        x13=00000037 x13:00000007
14107094ns          231025 1c009796 00d780ab p.sb             x13, 1(x15!)        x15=10003e4d x13:00000037 x15:10003e4c  PA:10003e4c
14107114ns          231026 1c00979a 02b75733 divu             x14, x14, x11       x14=00000000 x14:00000007 x11:0000000a
14107730ns          231057 1c00979e ff0366e3 bltu             x6, x16, -20         x6:00000009 x16:00000007
14107750ns          231058 1c0097a2 40a78733 sub              x14, x15, x10       x14=00000001 x15:10003e4d x10:10003e4c
14107770ns          231059 1c0097a6 01675c63 bge              x14, x22, 24        x14:00000001 x22:ffffffff
14107889ns          231065 1c0097be 00078023 sb               x0, 0(x15)          x15:10003e4d  PA:10003e4d
14107929ns          231067 1c0097c2 0b157563 bgeu             x10, x17, 170       x10:10003e4c x17:10003e4c
14107989ns          231070 1c00986c 01412703 lw               x14, 20(x2)         x14=00000000  x2:10003e18  PA:10003e2c
14108009ns          231071 1c00986e 01012683 lw               x13, 16(x2)         x13=00000000  x2:10003e18  PA:10003e28
14108029ns          231072 1c009870 41b787b3 sub              x15, x15, x27       x15=00000001 x15:10003e4d x27:10003e4c
14108048ns          231073 1c009874 00d76733 or               x14, x14, x13       x14=00000000 x14:00000000 x13:00000000
14108068ns          231074 1c009876 02e12623 sw               x14, 44(x2)         x14:00000000  x2:10003e18  PA:10003e44
14108088ns          231075 1c009878 b0071be3 bne              x14, x0, -1258      x14:00000000
14108108ns          231076 1c00987c 01f65713 srli             x14, x12, 0x1f      x14=00000000 x12:00000007
14108128ns          231077 1c009880 02e12623 sw               x14, 44(x2)         x14:00000000  x2:10003e18  PA:10003e44
14108168ns          231079 1c009882 b0dff06f jal              x0, -1268          
14108247ns          231083 1c00938e ebfb2be3 p.beqimm         x22, -330           x22:ffffffff
14108347ns          231088 1c009244 0c800713 addi             x14, x0, 200        x14=000000c8
14108387ns          231090 1c009248 14f75b63 bge              x14, x15, 342       x14:000000c8 x15:00000001
14108566ns          231099 1c00939e 00178613 addi             x12, x15, 1         x12=00000002 x15:00000001
14108605ns          231101 1c0093a2 0557c863 blt              x15, x21, 80        x15:00000001 x21:00000000
14108625ns          231102 1c0093a6 01712c23 sw               x23, 24(x2)         x23:10003f84  x2:10003e18  PA:10003e30
14108645ns          231103 1c0093a8 00f00ab3 add              x21, x0, x15        x21=00000001 x15:00000001
14108665ns          231104 1c0093aa 8e0a8fe3 beq              x21, x0, -1794      x21:00000001
14108685ns          231105 1c0093ae 01b00933 add              x18, x0, x27        x18=10003e4c x27:10003e4c
14108705ns          231106 1c0093b0 41b409b3 sub              x19, x8, x27        x19=efffc1d6  x8:00000022 x27:10003e4c
14108725ns          231107 1c0093b4 01ba8ab3 add              x21, x21, x27       x21=10003e4d x21:00000001 x27:10003e4c
14108745ns          231108 1c0093b6 00a0006f jal              x0, 10             
14108784ns          231110 1c0093c0 0019450b p.lbu            x10, 1(x18!)        x10=00000037 x18=10003e4d x18:10003e4c  PA:10003e4c
14108804ns          231111 1c0093c4 009005b3 add              x11, x0, x9         x11=00000002  x9:00000002
14108824ns          231112 1c0093c6 000c80e7 jalr             x1, x25, 0           x1=1c0093c8 x25:1c008bb6
14108864ns          231114 1c008bb6 000026b7 lui              x13, 0x2000         x13=00002000
14108884ns          231115 1c008bb8 f8068693 addi             x13, x13, -128      x13=00001f80 x13:00002000
14108904ns          231116 1c008bbc f14027f3 csrrs            x15, x0, 0xf14      x15=00000007
14108924ns          231117 1c008bc0 00379713 slli             x14, x15, 0x3       x14=00000038 x15:00000007
14108943ns          231118 1c008bc4 00279793 slli             x15, x15, 0x2       x15=0000001c x15:00000007
14108963ns          231119 1c008bc6 00d7f7b3 and              x15, x15, x13       x15=00000000 x15:0000001c x13:00001f80
14108983ns          231120 1c008bc8 ee873733 p.bclr           x14, x14, 23, 8     x14=00000038 x14:00000038
14109003ns          231121 1c008bcc 1a10f6b7 lui              x13, 0x1a10f000     x13=1a10f000
14109401ns          231141 1c008bd0 00d70733 add              x14, x14, x13       x14=1a10f038 x14:00000038 x13:1a10f000
14109421ns          231142 1c008bd2 00e787b3 add              x15, x15, x14       x15=1a10f038 x15:00000000 x14:1a10f038
14109441ns          231143 1c008bd4 0ff57513 andi             x10, x10, 255       x10=00000037 x10:00000037
14109461ns          231144 1c008bd8 00a7a023 sw               x10, 0(x15)         x10:00000037 x15:1a10f038  PA:1a10f038
14110057ns          231174 1c008bda 00000513 addi             x10, x0, 0          x10=00000000
14110077ns          231175 1c008bdc 00008067 jalr             x0, x1, 0            x1:1c0093c8
14110117ns          231177 1c0093c8 fff538e3 p.bneimm         x10, -16            x10:00000000
14110236ns          231183 1c0093b8 01298433 add              x8, x19, x18         x8=00000023 x19:efffc1d6 x18:10003e4d
14110256ns          231184 1c0093bc 8f2a86e3 beq              x21, x18, -1812     x21:10003e4d x18:10003e4d
14110316ns          231187 1c008ca8 001a450b p.lbu            x10, 1(x20!)        x10=0000000a x20=1c000042 x20:1c000041  PA:1c000041
14110634ns          231203 1c008cac fe0515e3 bne              x10, x0, -22        x10:0000000a
14110713ns          231207 1c008c96 02500793 addi             x15, x0, 37         x15=00000025
14110733ns          231208 1c008c9a 04f50763 beq              x10, x15, 78        x10:0000000a x15:00000025
14110753ns          231209 1c008c9e 009005b3 add              x11, x0, x9         x11=00000002  x9:00000002
14110773ns          231210 1c008ca0 000c80e7 jalr             x1, x25, 0           x1=1c008ca2 x25:1c008bb6
14110813ns          231212 1c008bb6 000026b7 lui              x13, 0x2000         x13=00002000
14110833ns          231213 1c008bb8 f8068693 addi             x13, x13, -128      x13=00001f80 x13:00002000
14110853ns          231214 1c008bbc f14027f3 csrrs            x15, x0, 0xf14      x15=00000007
14110873ns          231215 1c008bc0 00379713 slli             x14, x15, 0x3       x14=00000038 x15:00000007
14110892ns          231216 1c008bc4 00279793 slli             x15, x15, 0x2       x15=0000001c x15:00000007
14110912ns          231217 1c008bc6 00d7f7b3 and              x15, x15, x13       x15=00000000 x15:0000001c x13:00001f80
14110932ns          231218 1c008bc8 ee873733 p.bclr           x14, x14, 23, 8     x14=00000038 x14:00000038
14110952ns          231219 1c008bcc 1a10f6b7 lui              x13, 0x1a10f000     x13=1a10f000
14110972ns          231220 1c008bd0 00d70733 add              x14, x14, x13       x14=1a10f038 x14:00000038 x13:1a10f000
14110992ns          231221 1c008bd2 00e787b3 add              x15, x15, x14       x15=1a10f038 x15:00000000 x14:1a10f038
14111012ns          231222 1c008bd4 0ff57513 andi             x10, x10, 255       x10=0000000a x10:0000000a
14111032ns          231223 1c008bd8 00a7a023 sw               x10, 0(x15)         x10:0000000a x15:1a10f038  PA:1a10f038
14111370ns          231240 1c008bda 00000513 addi             x10, x0, 0          x10=00000000
14111390ns          231241 1c008bdc 00008067 jalr             x0, x1, 0            x1:1c008ca2
14111449ns          231244 1c008ca2 4df52863 p.beqimm         x10, 1232           x10:00000000
14111469ns          231245 1c008ca6 00140413 addi             x8, x8, 1            x8=00000024  x8:00000023
14111489ns          231246 1c008ca8 001a450b p.lbu            x10, 1(x20!)        x10=00000000 x20=1c000043 x20:1c000042  PA:1c000042
14111907ns          231267 1c008cac fe0515e3 bne              x10, x0, -22        x10:00000000
14111927ns          231268 1c008cae 13c12083 lw               x1, 316(x2)          x1=1c008c22  x2:10003e18  PA:10003f54
14111947ns          231269 1c008cb2 00800533 add              x10, x0, x8         x10=00000024  x8:00000024
14111966ns          231270 1c008cb4 13812403 lw               x8, 312(x2)          x8=00000007  x2:10003e18  PA:10003f50
14111986ns          231271 1c008cb8 13412483 lw               x9, 308(x2)          x9=00000000  x2:10003e18  PA:10003f4c
14112006ns          231272 1c008cbc 13012903 lw               x18, 304(x2)        x18=00000007  x2:10003e18  PA:10003f48
14112046ns          231274 1c008cc0 12c12983 lw               x19, 300(x2)        x19=00000000  x2:10003e18  PA:10003f44
14112086ns          231276 1c008cc4 12812a03 lw               x20, 296(x2)        x20=00000000  x2:10003e18  PA:10003f40
14112106ns          231277 1c008cc8 12412a83 lw               x21, 292(x2)        x21=00000000  x2:10003e18  PA:10003f3c
14112126ns          231278 1c008ccc 12012b03 lw               x22, 288(x2)        x22=00000000  x2:10003e18  PA:10003f38
14112563ns          231300 1c008cd0 11c12b83 lw               x23, 284(x2)        x23=00000000  x2:10003e18  PA:10003f34
14112603ns          231302 1c008cd4 11812c03 lw               x24, 280(x2)        x24=00000000  x2:10003e18  PA:10003f30
14112623ns          231303 1c008cd8 11412c83 lw               x25, 276(x2)        x25=00000000  x2:10003e18  PA:10003f2c
14112643ns          231304 1c008cdc 11012d03 lw               x26, 272(x2)        x26=00000000  x2:10003e18  PA:10003f28
14112702ns          231307 1c008ce0 10c12d83 lw               x27, 268(x2)        x27=00000000  x2:10003e18  PA:10003f24
14112742ns          231309 1c008ce4 14010113 addi             x2, x2, 320          x2=10003f58  x2:10003e18
14112762ns          231310 1c008ce6 00008067 jalr             x0, x1, 0            x1:1c008c22
14112841ns          231314 1c008c22 01c12083 lw               x1, 28(x2)           x1=1c008200  x2:10003f58  PA:10003f74
14112881ns          231316 1c008c24 04010113 addi             x2, x2, 64           x2=10003f98  x2:10003f58
14112901ns          231317 1c008c26 00008067 jalr             x0, x1, 0            x1:1c008200
14113438ns          231344 1c008200 78d010ef jal              x1, 8076             x1=1c008204
14113557ns          231350 1c00a18c f14027f3 csrrs            x15, x0, 0xf14      x15=00000007
14113955ns          231370 1c00a190 01f00713 addi             x14, x0, 31         x14=0000001f
14113995ns          231372 1c00a192 ca5797b3 p.extractu       x15, x15, 5, 5      x15=00000000 x15:00000007
14114015ns          231373 1c00a196 00e78863 beq              x15, x14, 16        x15:00000000 x14:0000001f
14114035ns          231374 1c00a19a 002047b7 lui              x15, 0x204000       x15=00204000
14114472ns          231396 1c00a19e 20078793 addi             x15, x15, 512       x15=00204200 x15:00204000
14114512ns          231398 1c00a1a2 01c7e703 p.elw            x14, 28(x15)        x14=00010000 x15:00204200  PA:0020421c
14114671ns          231406 1c00a1a6 00008067 jalr             x0, x1, 0            x1:1c008204
14115029ns          231424 1c008204 5c090363 beq              x18, x0, 1478       x18:00000007
14115049ns          231425 1c008208 01847413 andi             x8, x8, 24           x8=00000000  x8:00000007
14115069ns          231426 1c00820a 783010ef jal              x1, 8066             x1=1c00820e
14115546ns          231450 1c00a18c f14027f3 csrrs            x15, x0, 0xf14      x15=00000007
14115566ns          231451 1c00a190 01f00713 addi             x14, x0, 31         x14=0000001f
14115586ns          231452 1c00a192 ca5797b3 p.extractu       x15, x15, 5, 5      x15=00000000 x15:00000007
14115606ns          231453 1c00a196 00e78863 beq              x15, x14, 16        x15:00000000 x14:0000001f
14115626ns          231454 1c00a19a 002047b7 lui              x15, 0x204000       x15=00204000
14115646ns          231455 1c00a19e 20078793 addi             x15, x15, 512       x15=00204200 x15:00204000
14115666ns          231456 1c00a1a2 01c7e703 p.elw            x14, 28(x15)        x14=00010000 x15:00204200  PA:0020421c
14121692ns          231759 1c00a1a6 00008067 jalr             x0, x1, 0            x1:1c00820e
14121751ns          231762 1c00820e 56041663 bne              x8, x0, 1388         x8:00000000
14121771ns          231763 1c008212 00491493 slli             x9, x18, 0x4         x9=00000070 x18:00000007
14121791ns          231764 1c008216 00748413 addi             x8, x9, 7            x8=00000077  x9:00000070
14121811ns          231765 1c00821a 00591713 slli             x14, x18, 0x5       x14=000000e0 x18:00000007
14122408ns          231795 1c00821e 00141693 slli             x13, x8, 0x1        x13=000000ee  x8:00000077
14122427ns          231796 1c008222 00d12c23 sw               x13, 24(x2)         x13:000000ee  x2:10003f98  PA:10003fb0
14122447ns          231797 1c008224 00e12223 sw               x14, 4(x2)          x14:000000e0  x2:10003f98  PA:10003f9c
14122467ns          231798 1c008226 00170593 addi             x11, x14, 1         x11=000000e1 x14:000000e0
14122487ns          231799 1c00822a 00168293 addi             x5, x13, 1           x5=000000ef x13:000000ee
14122905ns          231820 1c00822e 1c001737 lui              x14, 0x1c001000     x14=1c001000
14122945ns          231822 1c008232 00948693 addi             x13, x9, 9          x13=00000079  x9:00000070
14122964ns          231823 1c008236 8d070713 addi             x14, x14, -1840     x14=1c0008d0 x14:1c001000
14122984ns          231824 1c00823a 00148f93 addi             x31, x9, 1          x31=00000071  x9:00000070
14123442ns          231847 1c00823e 00269e13 slli             x28, x13, 0x2       x28=000001e4 x13:00000079
14123462ns          231848 1c008242 00ee0e33 add              x28, x28, x14       x28=1c000ab4 x28:000001e4 x14:1c0008d0
14123482ns          231849 1c008244 00248a93 addi             x21, x9, 2          x21=00000072  x9:00000070
14123501ns          231850 1c008248 00348f13 addi             x30, x9, 3          x30=00000073  x9:00000070
14123521ns          231851 1c00824c 00548993 addi             x19, x9, 5          x19=00000075  x9:00000070
14123939ns          231872 1c008250 00648793 addi             x15, x9, 6          x15=00000076  x9:00000070
14123979ns          231874 1c008254 002f9313 slli             x6, x31, 0x2         x6=000001c4 x31:00000071
14123999ns          231875 1c008258 002a9813 slli             x16, x21, 0x2       x16=000001c8 x21:00000072
14124019ns          231876 1c00825c 002f1b13 slli             x22, x30, 0x2       x22=000001cc x30:00000073
14124456ns          231898 1c008260 00299093 slli             x1, x19, 0x2         x1=000001d4 x19:00000075
14124496ns          231900 1c008264 00279393 slli             x7, x15, 0x2         x7=000001d8 x15:00000076
14124516ns          231901 1c008268 00e30333 add              x6, x6, x14          x6=1c000a94  x6:000001c4 x14:1c0008d0
14124536ns          231902 1c00826a 00691893 slli             x17, x18, 0x6       x17=000001c0 x18:00000007
14124556ns          231903 1c00826e 01c006b3 add              x13, x0, x28        x13=1c000ab4 x28:1c000ab4
14124993ns          231925 1c008270 002a9a93 slli             x21, x21, 0x2       x21=000001c8 x21:00000072
14125013ns          231926 1c008272 00299993 slli             x19, x19, 0x2       x19=000001d4 x19:00000075
14125033ns          231927 1c008274 00279793 slli             x15, x15, 0x2       x15=000001d8 x15:00000076
14125053ns          231928 1c008276 00eb0b33 add              x22, x22, x14       x22=1c000a9c x22:000001cc x14:1c0008d0
14125073ns          231929 1c008278 00235303 lhu              x6, 2(x6)            x6=00000bff  x6:1c000a94  PA:1c000a96
14125649ns          231958 1c00827c 0006d683 lhu              x13, 0(x13)         x13=0000005e x13:1c000ab4  PA:1c000ab4
14126047ns          231978 1c008280 00ea8ab3 add              x21, x21, x14       x21=1c000a98 x21:000001c8 x14:1c0008d0
14126067ns          231979 1c008282 00e989b3 add              x19, x19, x14       x19=1c000aa4 x19:000001d4 x14:1c0008d0
14126087ns          231980 1c008284 00e787b3 add              x15, x15, x14       x15=1c000aa8 x15:000001d8 x14:1c0008d0
14126107ns          231981 1c008286 00e888b3 add              x17, x17, x14       x17=1c000a90 x17:000001c0 x14:1c0008d0
14126127ns          231982 1c008288 002b5c83 lhu              x25, 2(x22)         x25=00000c39 x22:1c000a9c  PA:1c000a9e
14126425ns          231997 1c00828c 000adc03 lhu              x24, 0(x21)         x24=000008de x21:1c000a98  PA:1c000a98
14126902ns          232021 1c008290 000b5f03 lhu              x30, 0(x22)         x30=00000dc8 x22:1c000a9c  PA:1c000a9c
14127260ns          232039 1c008294 0007da83 lhu              x21, 0(x15)         x21=00000ce5 x15:1c000aa8  PA:1c000aa8
14127638ns          232058 1c008298 0009db03 lhu              x22, 0(x19)         x22=0000007a x19:1c000aa4  PA:1c000aa4
14128036ns          232078 1c00829c 0008d883 lhu              x17, 0(x17)         x17=00000594 x17:1c000a90  PA:1c000a90
14128434ns          232098 1c0082a0 1c0019b7 lui              x19, 0x1c001000     x19=1c001000
14128454ns          232099 1c0082a4 000017b7 lui              x15, 0x1000         x15=00001000
14128473ns          232100 1c0082a6 fff78793 addi             x15, x15, -1        x15=00000fff x15:00001000
14128493ns          232101 1c0082a8 00448a13 addi             x20, x9, 4          x20=00000074  x9:00000070
14128513ns          232102 1c0082ac dd098993 addi             x19, x19, -560      x19=1c000dd0 x19:1c001000
14128533ns          232103 1c0082b0 00159593 slli             x11, x11, 0x1       x11=000001c2 x11:000000e1
14128553ns          232104 1c0082b2 00129293 slli             x5, x5, 0x1          x5=000001de  x5:000000ef
14128573ns          232105 1c0082b4 00241b93 slli             x23, x8, 0x2        x23=000001dc  x8:00000077
14128593ns          232106 1c0082b8 00848613 addi             x12, x9, 8          x12=00000078  x9:00000070
14128613ns          232107 1c0082bc 00e585b3 add              x11, x11, x14       x11=1c000a92 x11:000001c2 x14:1c0008d0
14128633ns          232108 1c0082be 00e080b3 add              x1, x1, x14          x1=1c000aa4  x1:000001d4 x14:1c0008d0
14129030ns          232128 1c0082c0 00e383b3 add              x7, x7, x14          x7=1c000aa8  x7:000001d8 x14:1c0008d0
14129050ns          232129 1c0082c2 00e282b3 add              x5, x5, x14          x5=1c000aae  x5:000001de x14:1c0008d0
14129070ns          232130 1c0082c4 00d12a23 sw               x13, 20(x2)         x13:0000005e  x2:10003f98  PA:10003fac
14129090ns          232131 1c0082c6 002a1513 slli             x10, x20, 0x2       x10=000001d0 x20:00000074
14129110ns          232132 1c0082ca 0067f6b3 and              x13, x15, x6        x13=00000bff x15:00000fff  x6:00000bff
14129130ns          232133 1c0082ce 002a1a13 slli             x20, x20, 0x2       x20=000001d0 x20:00000074
14129528ns          232153 1c0082d0 0009a303 lw               x6, 0(x19)           x6=10004100 x19:1c000dd0  PA:1c000dd0
14130045ns          232179 1c0082d4 0005dd83 lhu              x27, 0(x11)         x27=000009c9 x11:1c000a92  PA:1c000a92
14130422ns          232198 1c0082d8 00ea0a33 add              x20, x20, x14       x20=1c000aa0 x20:000001d0 x14:1c0008d0
14130442ns          232199 1c0082da 0020d583 lhu              x11, 2(x1)          x11=000005d9  x1:1c000aa4  PA:1c000aa6
14130840ns          232219 1c0082de 0117f8b3 and              x17, x15, x17       x17=00000594 x15:00000fff x17:00000594
14130860ns          232220 1c0082e2 0023d083 lhu              x1, 2(x7)            x1=000004e9  x7:1c000aa8  PA:1c000aaa
14131258ns          232240 1c0082e6 00261e93 slli             x29, x12, 0x2       x29=000001e0 x12:00000078
14131278ns          232241 1c0082ea 0002d383 lhu              x7, 0(x5)            x7=00000b5e  x5:1c000aae  PA:1c000aae
14131675ns          232261 1c0082ee 00261613 slli             x12, x12, 0x2       x12=000001e0 x12:00000078
14131695ns          232262 1c0082f0 017702b3 add              x5, x14, x23         x5=1c000aac x14:1c0008d0 x23:000001dc
14131715ns          232263 1c0082f4 01112423 sw               x17, 8(x2)          x17:00000594  x2:10003f98  PA:10003fa0
14131735ns          232264 1c0082f6 01712e23 sw               x23, 28(x2)         x23:000001dc  x2:10003f98  PA:10003fb4
14131755ns          232265 1c0082f8 00e60633 add              x12, x12, x14       x12=1c000ab0 x12:000001e0 x14:1c0008d0
14131775ns          232266 1c0082fa 000a5b83 lhu              x23, 0(x20)         x23=00000c68 x20:1c000aa0  PA:1c000aa0
14132093ns          232282 1c0082fe 0002da03 lhu              x20, 0(x5)          x20=00000cdf  x5:1c000aac  PA:1c000aac
14132570ns          232306 1c008302 01069293 slli             x5, x13, 0x10        x5=0bff0000 x13:00000bff
14132590ns          232307 1c008306 00591693 slli             x13, x18, 0x5       x13=000000e0 x18:00000007
14132610ns          232308 1c00830a 002e5d03 lhu              x26, 2(x28)         x26=0000070e x28:1c000ab4  PA:1c000ab6
14132908ns          232323 1c00830e 002f9f93 slli             x31, x31, 0x2       x31=000001c4 x31:00000071
14132928ns          232324 1c008310 00065e03 lhu              x28, 0(x12)         x28=00000b92 x12:1c000ab0  PA:1c000ab0
14133406ns          232348 1c008314 00d30633 add              x12, x6, x13        x12=100041e0  x6:10004100 x13:000000e0
14133426ns          232349 1c008318 00812303 lw               x6, 8(x2)            x6=00000594  x2:10003f98  PA:10003fa0
14133445ns          232350 1c00831a 00ef8fb3 add              x31, x31, x14       x31=1c000a94 x31:000001c4 x14:1c0008d0
14133465ns          232351 1c00831c 01b7fdb3 and              x27, x15, x27       x27=000009c9 x15:00000fff x27:000009c9
14133485ns          232352 1c008320 00512623 sw               x5, 12(x2)           x5:0bff0000  x2:10003f98  PA:10003fa4
14133505ns          232353 1c008322 000fdf83 lhu              x31, 0(x31)         x31=00000adc x31:1c000a94  PA:1c000a94
14133943ns          232375 1c008326 010d9d93 slli             x27, x27, 0x10      x27=09c90000 x27:000009c9
14133963ns          232376 1c008328 006dedb3 or               x27, x27, x6        x27=09c90594 x27:09c90000  x6:00000594
14133982ns          232377 1c00832c 00e80833 add              x16, x16, x14       x16=1c000a98 x16:000001c8 x14:1c0008d0
14134002ns          232378 1c00832e 00c12303 lw               x6, 12(x2)           x6=0bff0000  x2:10003f98  PA:10003fa4
14134022ns          232379 1c008330 00285803 lhu              x16, 2(x16)         x16=000006ae x16:1c000a98  PA:1c000a9a
14134360ns          232396 1c008334 0017f0b3 and              x1, x15, x1          x1=000004e9 x15:00000fff  x1:000004e9
14134380ns          232397 1c008338 0077f3b3 and              x7, x15, x7          x7=00000b5e x15:00000fff  x7:00000b5e
14134400ns          232398 1c00833c 01c12823 sw               x28, 16(x2)         x28:00000b92  x2:10003f98  PA:10003fa8
14134460ns          232401 1c00833e 0157fab3 and              x21, x15, x21       x21=00000ce5 x15:00000fff x21:00000ce5
14134500ns          232403 1c008342 0147fa33 and              x20, x15, x20       x20=00000cdf x15:00000fff x20:00000cdf
14134519ns          232404 1c008346 01f7ffb3 and              x31, x15, x31       x31=00000adc x15:00000fff x31:00000adc
14134539ns          232405 1c00834a 01009093 slli             x1, x1, 0x10         x1=04e90000  x1:000004e9
14134559ns          232406 1c00834c 01039393 slli             x7, x7, 0x10         x7=0b5e0000  x7:00000b5e
14134977ns          232427 1c00834e 01f36fb3 or               x31, x6, x31        x31=0bff0adc  x6:0bff0000 x31:00000adc
14134997ns          232428 1c008352 00e50533 add              x10, x10, x14       x10=1c000aa0 x10:000001d0 x14:1c0008d0
14135017ns          232429 1c008354 0150e333 or               x6, x1, x21          x6=04e90ce5  x1:04e90000 x21:00000ce5
14135036ns          232430 1c008358 0143eab3 or               x21, x7, x20        x21=0b5e0cdf  x7:0b5e0000 x20:00000cdf
14135056ns          232431 1c00835c 01012a03 lw               x20, 16(x2)         x20=00000b92  x2:10003f98  PA:10003fa8
14135474ns          232452 1c00835e 00255503 lhu              x10, 2(x10)         x10=0000037c x10:1c000aa0  PA:1c000aa2
14135912ns          232474 1c008362 0107f833 and              x16, x15, x16       x16=000006ae x15:00000fff x16:000006ae
14135931ns          232475 1c008366 0187fc33 and              x24, x15, x24       x24=000008de x15:00000fff x24:000008de
14135951ns          232476 1c00836a 00ee8eb3 add              x29, x29, x14       x29=1c000ab0 x29:000001e0 x14:1c0008d0
14135971ns          232477 1c00836c 01081813 slli             x16, x16, 0x10      x16=06ae0000 x16:000006ae
14136349ns          232496 1c00836e 01886833 or               x16, x16, x24       x16=06ae08de x16:06ae0000 x24:000008de
14136369ns          232497 1c008372 01512423 sw               x21, 8(x2)          x21:0b5e0cdf  x2:10003f98  PA:10003fa0
14136389ns          232498 1c008374 0147fc33 and              x24, x15, x20       x24=00000b92 x15:00000fff x20:00000b92
14136409ns          232499 1c008378 002ede83 lhu              x29, 2(x29)         x29=00000920 x29:1c000ab0  PA:1c000ab2
14136807ns          232519 1c00837c 01412a03 lw               x20, 20(x2)         x20=0000005e  x2:10003f98  PA:10003fac
14136886ns          232523 1c00837e 00c48893 addi             x17, x9, 12         x17=0000007c  x9:00000070
14136906ns          232524 1c008382 00f57533 and              x10, x10, x15       x10=0000037c x10:0000037c x15:00000fff
14136926ns          232525 1c008384 00f5f5b3 and              x11, x11, x15       x11=000005d9 x11:000005d9 x15:00000fff
14136946ns          232526 1c008386 0177fbb3 and              x23, x15, x23       x23=00000c68 x15:00000fff x23:00000c68
14136966ns          232527 1c00838a 0167fb33 and              x22, x15, x22       x22=0000007a x15:00000fff x22:0000007a
14136986ns          232528 1c00838e 01112623 sw               x17, 12(x2)         x17:0000007c  x2:10003f98  PA:10003fa4
14137403ns          232549 1c008390 00289a93 slli             x21, x17, 0x2       x21=000001f0 x17:0000007c
14137443ns          232551 1c008394 01051513 slli             x10, x10, 0x10      x10=037c0000 x10:0000037c
14137463ns          232552 1c008396 00d48893 addi             x17, x9, 13         x17=0000007d  x9:00000070
14137483ns          232553 1c00839a 01059593 slli             x11, x11, 0x10      x11=05d90000 x11:000005d9
14137503ns          232554 1c00839c 01756533 or               x10, x10, x23       x10=037c0c68 x10:037c0000 x23:00000c68
14137920ns          232575 1c0083a0 0165e5b3 or               x11, x11, x22       x11=05d9007a x11:05d90000 x22:0000007a
14137960ns          232577 1c0083a4 0147fbb3 and              x23, x15, x20       x23=0000005e x15:00000fff x20:0000005e
14137980ns          232578 1c0083a8 00289a13 slli             x20, x17, 0x2       x20=000001f4 x17:0000007d
14138000ns          232579 1c0083ac 00e48893 addi             x17, x9, 14         x17=0000007e  x9:00000070
14138417ns          232600 1c0083b0 00b62a23 sw               x11, 20(x12)        x11:05d9007a x12:100041e0  PA:100041f4
14138457ns          232602 1c0083b2 0197fcb3 and              x25, x15, x25       x25=00000c39 x15:00000fff x25:00000c39
14138477ns          232603 1c0083b6 00812583 lw               x11, 8(x2)          x11=0b5e0cdf  x2:10003f98  PA:10003fa0
14138497ns          232604 1c0083b8 00289093 slli             x1, x17, 0x2         x1=000001f8 x17:0000007e
14138517ns          232605 1c0083bc 0009a883 lw               x17, 0(x19)         x17=10004100 x19:1c000dd0  PA:1c000dd0
14138974ns          232628 1c0083c0 00a48e13 addi             x28, x9, 10         x28=0000007a  x9:00000070
14139014ns          232630 1c0083c4 00f48293 addi             x5, x9, 15           x5=0000007f  x9:00000070
14139034ns          232631 1c0083c8 00b48393 addi             x7, x9, 11           x7=0000007b  x9:00000070
14139054ns          232632 1c0083cc 010c9c93 slli             x25, x25, 0x10      x25=0c390000 x25:00000c39
14139472ns          232653 1c0083ce 01e7ff33 and              x30, x15, x30       x30=00000dc8 x15:00000fff x30:00000dc8
14139511ns          232655 1c0083d2 01d7feb3 and              x29, x15, x29       x29=00000920 x15:00000fff x29:00000920
14139531ns          232656 1c0083d6 01ecef33 or               x30, x25, x30       x30=0c390dc8 x25:0c390000 x30:00000dc8
14139551ns          232657 1c0083da 01a7fd33 and              x26, x15, x26       x26=0000070e x15:00000fff x26:0000070e
14139969ns          232678 1c0083de 002e1c93 slli             x25, x28, 0x2       x25=000001e8 x28:0000007a
14140008ns          232680 1c0083e2 00239b13 slli             x22, x7, 0x2        x22=000001ec  x7:0000007b
14140028ns          232681 1c0083e6 10068693 addi             x13, x13, 256       x13=000001e0 x13:000000e0
14140048ns          232682 1c0083ea 00229393 slli             x7, x5, 0x2          x7=000001fc  x5:0000007f
14140068ns          232683 1c0083ee 010e9e93 slli             x29, x29, 0x10      x29=09200000 x29:00000920
14140506ns          232705 1c0083f0 011686b3 add              x13, x13, x17       x13=100042e0 x13:000001e0 x17:10004100
14140545ns          232707 1c0083f2 01b62023 sw               x27, 0(x12)         x27:09c90594 x12:100041e0  PA:100041e0
14140565ns          232708 1c0083f6 01f62223 sw               x31, 4(x12)         x31:0bff0adc x12:100041e0  PA:100041e4
14140585ns          232709 1c0083fa 01062423 sw               x16, 8(x12)         x16:06ae08de x12:100041e0  PA:100041e8
14141043ns          232732 1c0083fe 01e62623 sw               x30, 12(x12)        x30:0c390dc8 x12:100041e0  PA:100041ec
14141063ns          232733 1c008402 00a62823 sw               x10, 16(x12)        x10:037c0c68 x12:100041e0  PA:100041f0
14141082ns          232734 1c008404 00662c23 sw               x6, 24(x12)          x6:04e90ce5 x12:100041e0  PA:100041f8
14141102ns          232735 1c008408 00b62e23 sw               x11, 28(x12)        x11:0b5e0cdf x12:100041e0  PA:100041fc
14141122ns          232736 1c00840a 00ec8cb3 add              x25, x25, x14       x25=1c000ab8 x25:000001e8 x14:1c0008d0
14141142ns          232737 1c00840c 00eb0b33 add              x22, x22, x14       x22=1c000abc x22:000001ec x14:1c0008d0
14141162ns          232738 1c00840e 00ea8ab3 add              x21, x21, x14       x21=1c000ac0 x21:000001f0 x14:1c0008d0
14141560ns          232758 1c008410 00ea0a33 add              x20, x20, x14       x20=1c000ac4 x20:000001f4 x14:1c0008d0
14141580ns          232759 1c008412 00e080b3 add              x1, x1, x14          x1=1c000ac8  x1:000001f8 x14:1c0008d0
14141600ns          232760 1c008414 018eeeb3 or               x29, x29, x24       x29=09200b92 x29:09200000 x24:00000b92
14141619ns          232761 1c008418 00e383b3 add              x7, x7, x14          x7=1c000acc  x7:000001fc x14:1c0008d0
14141639ns          232762 1c00841a 010d1d13 slli             x26, x26, 0x10      x26=070e0000 x26:0000070e
14141659ns          232763 1c00841c 002cdf83 lhu              x31, 2(x25)         x31=00000104 x25:1c000ab8  PA:1c000aba
14142236ns          232792 1c008420 002a5f03 lhu              x30, 2(x20)         x30=00000a89 x20:1c000ac4  PA:1c000ac6
14142753ns          232818 1c008424 002b5803 lhu              x16, 2(x22)         x16=0000093f x22:1c000abc  PA:1c000abe
14143151ns          232838 1c008428 002ad503 lhu              x10, 2(x21)         x10=0000038f x21:1c000ac0  PA:1c000ac2
14143549ns          232858 1c00842c 0020d603 lhu              x12, 2(x1)          x12=00000c01  x1:1c000ac8  PA:1c000aca
14144086ns          232885 1c008430 017d6bb3 or               x23, x26, x23       x23=070e005e x26:070e0000 x23:0000005e
14144105ns          232886 1c008434 01d6a023 sw               x29, 0(x13)         x29:09200b92 x13:100042e0  PA:100042e0
14144125ns          232887 1c008438 001008b3 add              x17, x0, x1         x17=1c000ac8  x1:1c000ac8
14144145ns          232888 1c00843a 0023de83 lhu              x29, 2(x7)          x29=00000cb2  x7:1c000acc  PA:1c000ace
14144483ns          232905 1c00843e 00700733 add              x14, x0, x7         x14=1c000acc  x7:1c000acc
14144503ns          232906 1c008440 00075283 lhu              x5, 0(x14)           x5=00000a9e x14:1c000acc  PA:1c000acc
14144841ns          232923 1c008444 000b5083 lhu              x1, 0(x22)           x1=000008ba x22:1c000abc  PA:1c000abc
14145239ns          232943 1c008448 000ad383 lhu              x7, 0(x21)           x7=00000dc5 x21:1c000ac0  PA:1c000ac0
14145657ns          232964 1c00844c 000a5e03 lhu              x28, 0(x20)         x28=00000b91 x20:1c000ac4  PA:1c000ac4
14146015ns          232982 1c008450 0008d303 lhu              x6, 0(x17)           x6=00000305 x17:1c000ac8  PA:1c000ac8
14146412ns          233002 1c008454 0176a223 sw               x23, 4(x13)         x23:070e005e x13:100042e0  PA:100042e4
14146432ns          233003 1c008458 000cdb83 lhu              x23, 0(x25)         x23=000000cf x25:1c000ab8  PA:1c000ab8
14146830ns          233023 1c00845c 01f7f8b3 and              x17, x15, x31       x17=00000104 x15:00000fff x31:00000104
14146850ns          233024 1c008460 01e7f5b3 and              x11, x15, x30       x11=00000a89 x15:00000fff x30:00000a89
14146870ns          233025 1c008464 01d7f733 and              x14, x15, x29       x14=00000cb2 x15:00000fff x29:00000cb2
14146890ns          233026 1c008468 0107f833 and              x16, x15, x16       x16=0000093f x15:00000fff x16:0000093f
14146910ns          233027 1c00846c 00f57533 and              x10, x10, x15       x10=0000038f x10:0000038f x15:00000fff
14146930ns          233028 1c00846e 00f67633 and              x12, x12, x15       x12=00000c01 x12:00000c01 x15:00000fff
14147188ns          233041 1c008470 0017f0b3 and              x1, x15, x1          x1=000008ba x15:00000fff  x1:000008ba
14147228ns          233043 1c008474 0077f3b3 and              x7, x15, x7          x7=00000dc5 x15:00000fff  x7:00000dc5
14147248ns          233044 1c008478 01c7fe33 and              x28, x15, x28       x28=00000b91 x15:00000fff x28:00000b91
14147268ns          233045 1c00847c 0067f333 and              x6, x15, x6          x6=00000305 x15:00000fff  x6:00000305
14147725ns          233068 1c008480 0177fbb3 and              x23, x15, x23       x23=000000cf x15:00000fff x23:000000cf
14147765ns          233070 1c008484 01071713 slli             x14, x14, 0x10      x14=0cb20000 x14:00000cb2
14147785ns          233071 1c008486 0057f7b3 and              x15, x15, x5        x15=00000a9e x15:00000fff  x5:00000a9e
14147805ns          233072 1c00848a 01089893 slli             x17, x17, 0x10      x17=01040000 x17:00000104
14147824ns          233073 1c00848c 01081813 slli             x16, x16, 0x10      x16=093f0000 x16:0000093f
14147844ns          233074 1c00848e 01051513 slli             x10, x10, 0x10      x10=038f0000 x10:0000038f
14148262ns          233095 1c008490 01059593 slli             x11, x11, 0x10      x11=0a890000 x11:00000a89
14148282ns          233096 1c008492 01061613 slli             x12, x12, 0x10      x12=0c010000 x12:00000c01
14148302ns          233097 1c008494 00e7e7b3 or               x15, x15, x14       x15=0cb20a9e x15:00000a9e x14:0cb20000
14148322ns          233098 1c008496 0178e8b3 or               x17, x17, x23       x17=010400cf x17:01040000 x23:000000cf
14148342ns          233099 1c00849a 00186833 or               x16, x16, x1        x16=093f08ba x16:093f0000  x1:000008ba
14148779ns          233121 1c00849e 00756533 or               x10, x10, x7        x10=038f0dc5 x10:038f0000  x7:00000dc5
14148819ns          233123 1c0084a2 01c5e5b3 or               x11, x11, x28       x11=0a890b91 x11:0a890000 x28:00000b91
14148839ns          233124 1c0084a6 00666633 or               x12, x12, x6        x12=0c010305 x12:0c010000  x6:00000305
14148859ns          233125 1c0084aa 00f6ae23 sw               x15, 28(x13)        x15:0cb20a9e x13:100042e0  PA:100042fc
14148879ns          233126 1c0084ac 0116a423 sw               x17, 8(x13)         x17:010400cf x13:100042e0  PA:100042e8
14149276ns          233146 1c0084b0 0106a623 sw               x16, 12(x13)        x16:093f08ba x13:100042e0  PA:100042ec
14149316ns          233148 1c0084b4 00a6a823 sw               x10, 16(x13)        x10:038f0dc5 x13:100042e0  PA:100042f0
14149336ns          233149 1c0084b6 00b6aa23 sw               x11, 20(x13)        x11:0a890b91 x13:100042e0  PA:100042f4
14149356ns          233150 1c0084b8 00c6ac23 sw               x12, 24(x13)        x12:0c010305 x13:100042e0  PA:100042f8
14149376ns          233151 1c0084ba 4d3010ef jal              x1, 7378             x1=1c0084be
14149893ns          233177 1c00a18c f14027f3 csrrs            x15, x0, 0xf14      x15=00000007
14149972ns          233181 1c00a190 01f00713 addi             x14, x0, 31         x14=0000001f
14150012ns          233183 1c00a192 ca5797b3 p.extractu       x15, x15, 5, 5      x15=00000000 x15:00000007
14150032ns          233184 1c00a196 00e78863 beq              x15, x14, 16        x15:00000000 x14:0000001f
14150052ns          233185 1c00a19a 002047b7 lui              x15, 0x204000       x15=00204000
14150112ns          233188 1c00a19e 20078793 addi             x15, x15, 512       x15=00204200 x15:00204000
14150151ns          233190 1c00a1a2 01c7e703 p.elw            x14, 28(x15)        x14=00010000 x15:00204200  PA:0020421c
14150291ns          233197 1c00a1a6 00008067 jalr             x0, x1, 0            x1:1c0084be
14150350ns          233200 1c0084be 002007b7 lui              x15, 0x200000       x15=00200000
14150370ns          233201 1c0084c2 0187a703 lw               x14, 24(x15)        x14=00000000 x15:00200000  PA:00200018
14150589ns          233212 1c0084c4 00204a37 lui              x20, 0x204000       x20=00204000
14150609ns          233213 1c0084c8 020a0a13 addi             x20, x20, 32        x20=00204020 x20:00204000
14150629ns          233214 1c0084cc c0b74733 p.bset           x14, x14, 0, 11     x14=00000800 x14:00000000
14151007ns          233233 1c0084d0 00e7ac23 sw               x14, 24(x15)        x14:00000800 x15:00200000  PA:00200018
14151106ns          233238 1c0084d2 0187a703 lw               x14, 24(x15)        x14=00000800 x15:00200000  PA:00200018
14151245ns          233245 1c0084d4 012a0a33 add              x20, x20, x18       x20=00204027 x20:00204020 x18:00000007
14151265ns          233246 1c0084d6 007a1a13 slli             x20, x20, 0x7       x20=10201380 x20:00204027
14151285ns          233247 1c0084d8 c0874733 p.bset           x14, x14, 0, 8      x14=00000900 x14:00000800
14151305ns          233248 1c0084dc 00e7ac23 sw               x14, 24(x15)        x14:00000900 x15:00200000  PA:00200018
14151404ns          233253 1c0084de 0187a703 lw               x14, 24(x15)        x14=00000900 x15:00200000  PA:00200018
14151583ns          233262 1c0084e0 ce073733 p.bclr           x14, x14, 7, 0      x14=00000900 x14:00000900
14151603ns          233263 1c0084e4 00e7ac23 sw               x14, 24(x15)        x14:00000900 x15:00200000  PA:00200018
14151703ns          233268 1c0084e6 0187a703 lw               x14, 24(x15)        x14=00000900 x15:00200000  PA:00200018
14151882ns          233277 1c0084e8 c0374733 p.bset           x14, x14, 0, 3      x14=00000908 x14:00000900
14151902ns          233278 1c0084ec 00e7ac23 sw               x14, 24(x15)        x14:00000908 x15:00200000  PA:00200018
14152140ns          233290 1c0084ee 000a2a23 sw               x0, 20(x20)         x20:10201380  PA:10201394
14152279ns          233297 1c0084f2 004a2783 lw               x15, 4(x20)         x15=00000000 x20:10201380  PA:10201384
14152399ns          233303 1c0084f6 004a0613 addi             x12, x20, 4         x12=10201384 x20:10201380
14152419ns          233304 1c0084fa 0007dc63 bge              x15, x0, 24         x15:00000000
14153234ns          233345 1c008512 1c000537 lui              x10, 0x1c000000     x10=1c000000
14153254ns          233346 1c008516 04450513 addi             x10, x10, 68        x10=1c000044 x10:1c000000
14153274ns          233347 1c00851a f14025f3 csrrs            x11, x0, 0xf14      x11=00000007
14153711ns          233369 1c00851e f455b5b3 p.bclr           x11, x11, 26, 5     x11=00000007 x11:00000007
14153731ns          233370 1c008522 6d8000ef jal              x1, 1752             x1=1c008524
14153811ns          233374 1c008bfa fc010113 addi             x2, x2, -64          x2=10003f58  x2:10003f98
14153851ns          233376 1c008bfc 02410313 addi             x6, x2, 36           x6=10003f7c  x2:10003f58
14153910ns          233379 1c008c00 02c12423 sw               x12, 40(x2)         x12:10201384  x2:10003f58  PA:10003f80
14153930ns          233380 1c008c02 00a00633 add              x12, x0, x10        x12=1c000044 x10:1c000044
14153950ns          233381 1c008c04 1c009537 lui              x10, 0x1c009000     x10=1c009000
14153970ns          233382 1c008c08 02b12223 sw               x11, 36(x2)         x11:00000007  x2:10003f58  PA:10003f7c
14153990ns          233383 1c008c0a 02d12623 sw               x13, 44(x2)         x13:100042e0  x2:10003f58  PA:10003f84
14154010ns          233384 1c008c0c 00200593 addi             x11, x0, 2          x11=00000002
14154030ns          233385 1c008c0e 006006b3 add              x13, x0, x6         x13=10003f7c  x6:10003f7c
14154049ns          233386 1c008c10 bb650513 addi             x10, x10, -1098     x10=1c008bb6 x10:1c009000
14154089ns          233388 1c008c14 00112e23 sw               x1, 28(x2)           x1:1c008524  x2:10003f58  PA:10003f74
14154109ns          233389 1c008c16 02e12823 sw               x14, 48(x2)         x14:00000908  x2:10003f58  PA:10003f88
14154129ns          233390 1c008c18 02f12a23 sw               x15, 52(x2)         x15:00000000  x2:10003f58  PA:10003f8c
14154149ns          233391 1c008c1a 03012c23 sw               x16, 56(x2)         x16:093f08ba  x2:10003f58  PA:10003f90
14154169ns          233392 1c008c1c 03112e23 sw               x17, 60(x2)         x17:010400cf  x2:10003f58  PA:10003f94
14154189ns          233393 1c008c1e 00612623 sw               x6, 12(x2)           x6:10003f7c  x2:10003f58  PA:10003f64
14154209ns          233394 1c008c20 fbfff0ef jal              x1, -66              x1=1c008c22
14154646ns          233416 1c008bde 04a0006f jal              x0, 74             
14154686ns          233418 1c008c28 ec010113 addi             x2, x2, -320         x2=10003e18  x2:10003f58
14154706ns          233419 1c008c2a 13312623 sw               x19, 300(x2)        x19:1c000dd0  x2:10003e18  PA:10003f44
14154765ns          233422 1c008c2e 12112e23 sw               x1, 316(x2)          x1:1c008c22  x2:10003e18  PA:10003f54
14154805ns          233424 1c008c32 12812c23 sw               x8, 312(x2)          x8:00000077  x2:10003e18  PA:10003f50
14154825ns          233425 1c008c36 12912a23 sw               x9, 308(x2)          x9:00000070  x2:10003e18  PA:10003f4c
14154845ns          233426 1c008c3a 13212823 sw               x18, 304(x2)        x18:00000007  x2:10003e18  PA:10003f48
14154905ns          233429 1c008c3e 13412423 sw               x20, 296(x2)        x20:10201380  x2:10003e18  PA:10003f40
14154944ns          233431 1c008c42 13512223 sw               x21, 292(x2)        x21:1c000ac0  x2:10003e18  PA:10003f3c
14154964ns          233432 1c008c46 13612023 sw               x22, 288(x2)        x22:1c000abc  x2:10003e18  PA:10003f38
14154984ns          233433 1c008c4a 11712e23 sw               x23, 284(x2)        x23:000000cf  x2:10003e18  PA:10003f34
14155044ns          233436 1c008c4e 11812c23 sw               x24, 280(x2)        x24:00000b92  x2:10003e18  PA:10003f30
14155084ns          233438 1c008c52 11912a23 sw               x25, 276(x2)        x25:1c000ab8  x2:10003e18  PA:10003f2c
14155103ns          233439 1c008c56 11a12823 sw               x26, 272(x2)        x26:070e0000  x2:10003e18  PA:10003f28
14155123ns          233440 1c008c5a 11b12623 sw               x27, 268(x2)        x27:09c90594  x2:10003e18  PA:10003f24
14155143ns          233441 1c008c5e 00c009b3 add              x19, x0, x12        x19=1c000044 x12:1c000044
14155541ns          233461 1c008c60 0019c78b p.lbu            x15, 1(x19!)        x15=00000045 x19=1c000045 x19:1c000044  PA:1c000044
14156058ns          233487 1c008c64 00d12c23 sw               x13, 24(x2)         x13:10003f7c  x2:10003e18  PA:10003e30
14156078ns          233488 1c008c66 6a0788e3 beq              x15, x0, 3760       x15:00000045
14156098ns          233489 1c008c6a 1c000737 lui              x14, 0x1c000000     x14=1c000000
14156118ns          233490 1c008c6e 0c472703 lw               x14, 196(x14)       x14=20202020 x14:1c000000  PA:1c0000c4
14156456ns          233507 1c008c72 03410d93 addi             x27, x2, 52         x27=10003e4c  x2:10003e18
14156476ns          233508 1c008c76 00a00cb3 add              x25, x0, x10        x25=1c008bb6 x10:1c008bb6
14156496ns          233509 1c008c78 02e12023 sw               x14, 32(x2)         x14:20202020  x2:10003e18  PA:10003e38
14156516ns          233510 1c008c7a 03610713 addi             x14, x2, 54         x14=10003e4e  x2:10003e18
14156555ns          233512 1c008c7e fff74713 xori             x14, x14, -1        x14=efffc1b1 x14:10003e4e
14156575ns          233513 1c008c82 02e12223 sw               x14, 36(x2)         x14:efffc1b1  x2:10003e18  PA:10003e3c
14156595ns          233514 1c008c84 fffdc713 xori             x14, x27, -1        x14=efffc1b3 x27:10003e4c
14156615ns          233515 1c008c88 00b004b3 add              x9, x0, x11          x9=00000002 x11:00000002
14156635ns          233516 1c008c8a 00000413 addi             x8, x0, 0            x8=00000000
14156655ns          233517 1c008c8c 1c000d37 lui              x26, 0x1c000000     x26=1c000000
14156695ns          233519 1c008c90 02e12423 sw               x14, 40(x2)         x14:efffc1b3  x2:10003e18  PA:10003e40
14156714ns          233520 1c008c92 01300a33 add              x20, x0, x19        x20=1c000045 x19:1c000045
14156734ns          233521 1c008c94 00f00533 add              x10, x0, x15        x10=00000045 x15:00000045
14156754ns          233522 1c008c96 02500793 addi             x15, x0, 37         x15=00000025
14156774ns          233523 1c008c9a 04f50763 beq              x10, x15, 78        x10:00000045 x15:00000025
14156794ns          233524 1c008c9e 009005b3 add              x11, x0, x9         x11=00000002  x9:00000002
14156834ns          233526 1c008ca0 000c80e7 jalr             x1, x25, 0           x1=1c008ca2 x25:1c008bb6
14156913ns          233530 1c008bb6 000026b7 lui              x13, 0x2000         x13=00002000
14156953ns          233532 1c008bb8 f8068693 addi             x13, x13, -128      x13=00001f80 x13:00002000
14156973ns          233533 1c008bbc f14027f3 csrrs            x15, x0, 0xf14      x15=00000007
14157033ns          233536 1c008bc0 00379713 slli             x14, x15, 0x3       x14=00000038 x15:00000007
14157072ns          233538 1c008bc4 00279793 slli             x15, x15, 0x2       x15=0000001c x15:00000007
14157092ns          233539 1c008bc6 00d7f7b3 and              x15, x15, x13       x15=00000000 x15:0000001c x13:00001f80
14157112ns          233540 1c008bc8 ee873733 p.bclr           x14, x14, 23, 8     x14=00000038 x14:00000038
14157132ns          233541 1c008bcc 1a10f6b7 lui              x13, 0x1a10f000     x13=1a10f000
14157172ns          233543 1c008bd0 00d70733 add              x14, x14, x13       x14=1a10f038 x14:00000038 x13:1a10f000
14157192ns          233544 1c008bd2 00e787b3 add              x15, x15, x14       x15=1a10f038 x15:00000000 x14:1a10f038
14157212ns          233545 1c008bd4 0ff57513 andi             x10, x10, 255       x10=00000045 x10:00000045
14157231ns          233546 1c008bd8 00a7a023 sw               x10, 0(x15)         x10:00000045 x15:1a10f038  PA:1a10f038
14157649ns          233567 1c008bda 00000513 addi             x10, x0, 0          x10=00000000
14157669ns          233568 1c008bdc 00008067 jalr             x0, x1, 0            x1:1c008ca2
14157729ns          233571 1c008ca2 4df52863 p.beqimm         x10, 1232           x10:00000000
14157749ns          233572 1c008ca6 00140413 addi             x8, x8, 1            x8=00000001  x8:00000000
14157768ns          233573 1c008ca8 001a450b p.lbu            x10, 1(x20!)        x10=0000006e x20=1c000046 x20:1c000045  PA:1c000045
14158087ns          233589 1c008cac fe0515e3 bne              x10, x0, -22        x10:0000006e
14158166ns          233593 1c008c96 02500793 addi             x15, x0, 37         x15=00000025
14158186ns          233594 1c008c9a 04f50763 beq              x10, x15, 78        x10:0000006e x15:00000025
14158206ns          233595 1c008c9e 009005b3 add              x11, x0, x9         x11=00000002  x9:00000002
14158226ns          233596 1c008ca0 000c80e7 jalr             x1, x25, 0           x1=1c008ca2 x25:1c008bb6
14158266ns          233598 1c008bb6 000026b7 lui              x13, 0x2000         x13=00002000
14158286ns          233599 1c008bb8 f8068693 addi             x13, x13, -128      x13=00001f80 x13:00002000
14158305ns          233600 1c008bbc f14027f3 csrrs            x15, x0, 0xf14      x15=00000007
14158325ns          233601 1c008bc0 00379713 slli             x14, x15, 0x3       x14=00000038 x15:00000007
14158345ns          233602 1c008bc4 00279793 slli             x15, x15, 0x2       x15=0000001c x15:00000007
14158365ns          233603 1c008bc6 00d7f7b3 and              x15, x15, x13       x15=00000000 x15:0000001c x13:00001f80
14158385ns          233604 1c008bc8 ee873733 p.bclr           x14, x14, 23, 8     x14=00000038 x14:00000038
14158405ns          233605 1c008bcc 1a10f6b7 lui              x13, 0x1a10f000     x13=1a10f000
14158425ns          233606 1c008bd0 00d70733 add              x14, x14, x13       x14=1a10f038 x14:00000038 x13:1a10f000
14158445ns          233607 1c008bd2 00e787b3 add              x15, x15, x14       x15=1a10f038 x15:00000000 x14:1a10f038
14158465ns          233608 1c008bd4 0ff57513 andi             x10, x10, 255       x10=0000006e x10:0000006e
14158484ns          233609 1c008bd8 00a7a023 sw               x10, 0(x15)         x10:0000006e x15:1a10f038  PA:1a10f038
14158942ns          233632 1c008bda 00000513 addi             x10, x0, 0          x10=00000000
14158962ns          233633 1c008bdc 00008067 jalr             x0, x1, 0            x1:1c008ca2
14159021ns          233636 1c008ca2 4df52863 p.beqimm         x10, 1232           x10:00000000
14159041ns          233637 1c008ca6 00140413 addi             x8, x8, 1            x8=00000002  x8:00000001
14159061ns          233638 1c008ca8 001a450b p.lbu            x10, 1(x20!)        x10=00000074 x20=1c000047 x20:1c000046  PA:1c000046
14159379ns          233654 1c008cac fe0515e3 bne              x10, x0, -22        x10:00000074
14159459ns          233658 1c008c96 02500793 addi             x15, x0, 37         x15=00000025
14159479ns          233659 1c008c9a 04f50763 beq              x10, x15, 78        x10:00000074 x15:00000025
14159499ns          233660 1c008c9e 009005b3 add              x11, x0, x9         x11=00000002  x9:00000002
14159519ns          233661 1c008ca0 000c80e7 jalr             x1, x25, 0           x1=1c008ca2 x25:1c008bb6
14159558ns          233663 1c008bb6 000026b7 lui              x13, 0x2000         x13=00002000
14159578ns          233664 1c008bb8 f8068693 addi             x13, x13, -128      x13=00001f80 x13:00002000
14159598ns          233665 1c008bbc f14027f3 csrrs            x15, x0, 0xf14      x15=00000007
14159618ns          233666 1c008bc0 00379713 slli             x14, x15, 0x3       x14=00000038 x15:00000007
14159638ns          233667 1c008bc4 00279793 slli             x15, x15, 0x2       x15=0000001c x15:00000007
14159658ns          233668 1c008bc6 00d7f7b3 and              x15, x15, x13       x15=00000000 x15:0000001c x13:00001f80
14159678ns          233669 1c008bc8 ee873733 p.bclr           x14, x14, 23, 8     x14=00000038 x14:00000038
14159698ns          233670 1c008bcc 1a10f6b7 lui              x13, 0x1a10f000     x13=1a10f000
14159717ns          233671 1c008bd0 00d70733 add              x14, x14, x13       x14=1a10f038 x14:00000038 x13:1a10f000
14159737ns          233672 1c008bd2 00e787b3 add              x15, x15, x14       x15=1a10f038 x15:00000000 x14:1a10f038
14159757ns          233673 1c008bd4 0ff57513 andi             x10, x10, 255       x10=00000074 x10:00000074
14159777ns          233674 1c008bd8 00a7a023 sw               x10, 0(x15)         x10:00000074 x15:1a10f038  PA:1a10f038
14160115ns          233691 1c008bda 00000513 addi             x10, x0, 0          x10=00000000
14160135ns          233692 1c008bdc 00008067 jalr             x0, x1, 0            x1:1c008ca2
14160195ns          233695 1c008ca2 4df52863 p.beqimm         x10, 1232           x10:00000000
14160215ns          233696 1c008ca6 00140413 addi             x8, x8, 1            x8=00000003  x8:00000002
14160235ns          233697 1c008ca8 001a450b p.lbu            x10, 1(x20!)        x10=00000065 x20=1c000048 x20:1c000047  PA:1c000047
14160553ns          233713 1c008cac fe0515e3 bne              x10, x0, -22        x10:00000065
14160632ns          233717 1c008c96 02500793 addi             x15, x0, 37         x15=00000025
14160652ns          233718 1c008c9a 04f50763 beq              x10, x15, 78        x10:00000065 x15:00000025
14160672ns          233719 1c008c9e 009005b3 add              x11, x0, x9         x11=00000002  x9:00000002
14160692ns          233720 1c008ca0 000c80e7 jalr             x1, x25, 0           x1=1c008ca2 x25:1c008bb6
14160732ns          233722 1c008bb6 000026b7 lui              x13, 0x2000         x13=00002000
14160752ns          233723 1c008bb8 f8068693 addi             x13, x13, -128      x13=00001f80 x13:00002000
14160772ns          233724 1c008bbc f14027f3 csrrs            x15, x0, 0xf14      x15=00000007
14160791ns          233725 1c008bc0 00379713 slli             x14, x15, 0x3       x14=00000038 x15:00000007
14160811ns          233726 1c008bc4 00279793 slli             x15, x15, 0x2       x15=0000001c x15:00000007
14160831ns          233727 1c008bc6 00d7f7b3 and              x15, x15, x13       x15=00000000 x15:0000001c x13:00001f80
14160851ns          233728 1c008bc8 ee873733 p.bclr           x14, x14, 23, 8     x14=00000038 x14:00000038
14160871ns          233729 1c008bcc 1a10f6b7 lui              x13, 0x1a10f000     x13=1a10f000
14160891ns          233730 1c008bd0 00d70733 add              x14, x14, x13       x14=1a10f038 x14:00000038 x13:1a10f000
14160911ns          233731 1c008bd2 00e787b3 add              x15, x15, x14       x15=1a10f038 x15:00000000 x14:1a10f038
14160931ns          233732 1c008bd4 0ff57513 andi             x10, x10, 255       x10=00000065 x10:00000065
14160951ns          233733 1c008bd8 00a7a023 sw               x10, 0(x15)         x10:00000065 x15:1a10f038  PA:1a10f038
14161289ns          233750 1c008bda 00000513 addi             x10, x0, 0          x10=00000000
14161309ns          233751 1c008bdc 00008067 jalr             x0, x1, 0            x1:1c008ca2
14161368ns          233754 1c008ca2 4df52863 p.beqimm         x10, 1232           x10:00000000
14161388ns          233755 1c008ca6 00140413 addi             x8, x8, 1            x8=00000004  x8:00000003
14161408ns          233756 1c008ca8 001a450b p.lbu            x10, 1(x20!)        x10=00000072 x20=1c000049 x20:1c000048  PA:1c000048
14161726ns          233772 1c008cac fe0515e3 bne              x10, x0, -22        x10:00000072
14161806ns          233776 1c008c96 02500793 addi             x15, x0, 37         x15=00000025
14161826ns          233777 1c008c9a 04f50763 beq              x10, x15, 78        x10:00000072 x15:00000025
14161846ns          233778 1c008c9e 009005b3 add              x11, x0, x9         x11=00000002  x9:00000002
14161865ns          233779 1c008ca0 000c80e7 jalr             x1, x25, 0           x1=1c008ca2 x25:1c008bb6
14161905ns          233781 1c008bb6 000026b7 lui              x13, 0x2000         x13=00002000
14161925ns          233782 1c008bb8 f8068693 addi             x13, x13, -128      x13=00001f80 x13:00002000
14161945ns          233783 1c008bbc f14027f3 csrrs            x15, x0, 0xf14      x15=00000007
14161965ns          233784 1c008bc0 00379713 slli             x14, x15, 0x3       x14=00000038 x15:00000007
14161985ns          233785 1c008bc4 00279793 slli             x15, x15, 0x2       x15=0000001c x15:00000007
14162005ns          233786 1c008bc6 00d7f7b3 and              x15, x15, x13       x15=00000000 x15:0000001c x13:00001f80
14162024ns          233787 1c008bc8 ee873733 p.bclr           x14, x14, 23, 8     x14=00000038 x14:00000038
14162044ns          233788 1c008bcc 1a10f6b7 lui              x13, 0x1a10f000     x13=1a10f000
14162064ns          233789 1c008bd0 00d70733 add              x14, x14, x13       x14=1a10f038 x14:00000038 x13:1a10f000
14162084ns          233790 1c008bd2 00e787b3 add              x15, x15, x14       x15=1a10f038 x15:00000000 x14:1a10f038
14162104ns          233791 1c008bd4 0ff57513 andi             x10, x10, 255       x10=00000072 x10:00000072
14162124ns          233792 1c008bd8 00a7a023 sw               x10, 0(x15)         x10:00000072 x15:1a10f038  PA:1a10f038
14162442ns          233808 1c008bda 00000513 addi             x10, x0, 0          x10=00000000
14162462ns          233809 1c008bdc 00008067 jalr             x0, x1, 0            x1:1c008ca2
14162522ns          233812 1c008ca2 4df52863 p.beqimm         x10, 1232           x10:00000000
14162542ns          233813 1c008ca6 00140413 addi             x8, x8, 1            x8=00000005  x8:00000004
14162561ns          233814 1c008ca8 001a450b p.lbu            x10, 1(x20!)        x10=00000065 x20=1c00004a x20:1c000049  PA:1c000049
14162880ns          233830 1c008cac fe0515e3 bne              x10, x0, -22        x10:00000065
14162959ns          233834 1c008c96 02500793 addi             x15, x0, 37         x15=00000025
14162979ns          233835 1c008c9a 04f50763 beq              x10, x15, 78        x10:00000065 x15:00000025
14162999ns          233836 1c008c9e 009005b3 add              x11, x0, x9         x11=00000002  x9:00000002
14163019ns          233837 1c008ca0 000c80e7 jalr             x1, x25, 0           x1=1c008ca2 x25:1c008bb6
14163059ns          233839 1c008bb6 000026b7 lui              x13, 0x2000         x13=00002000
14163079ns          233840 1c008bb8 f8068693 addi             x13, x13, -128      x13=00001f80 x13:00002000
14163098ns          233841 1c008bbc f14027f3 csrrs            x15, x0, 0xf14      x15=00000007
14163118ns          233842 1c008bc0 00379713 slli             x14, x15, 0x3       x14=00000038 x15:00000007
14163138ns          233843 1c008bc4 00279793 slli             x15, x15, 0x2       x15=0000001c x15:00000007
14163158ns          233844 1c008bc6 00d7f7b3 and              x15, x15, x13       x15=00000000 x15:0000001c x13:00001f80
14163178ns          233845 1c008bc8 ee873733 p.bclr           x14, x14, 23, 8     x14=00000038 x14:00000038
14163198ns          233846 1c008bcc 1a10f6b7 lui              x13, 0x1a10f000     x13=1a10f000
14163218ns          233847 1c008bd0 00d70733 add              x14, x14, x13       x14=1a10f038 x14:00000038 x13:1a10f000
14163238ns          233848 1c008bd2 00e787b3 add              x15, x15, x14       x15=1a10f038 x15:00000000 x14:1a10f038
14163258ns          233849 1c008bd4 0ff57513 andi             x10, x10, 255       x10=00000065 x10:00000065
14163277ns          233850 1c008bd8 00a7a023 sw               x10, 0(x15)         x10:00000065 x15:1a10f038  PA:1a10f038
14163596ns          233866 1c008bda 00000513 addi             x10, x0, 0          x10=00000000
14163616ns          233867 1c008bdc 00008067 jalr             x0, x1, 0            x1:1c008ca2
14163675ns          233870 1c008ca2 4df52863 p.beqimm         x10, 1232           x10:00000000
14163695ns          233871 1c008ca6 00140413 addi             x8, x8, 1            x8=00000006  x8:00000005
14163715ns          233872 1c008ca8 001a450b p.lbu            x10, 1(x20!)        x10=00000064 x20=1c00004b x20:1c00004a  PA:1c00004a
14164033ns          233888 1c008cac fe0515e3 bne              x10, x0, -22        x10:00000064
14164113ns          233892 1c008c96 02500793 addi             x15, x0, 37         x15=00000025
14164133ns          233893 1c008c9a 04f50763 beq              x10, x15, 78        x10:00000064 x15:00000025
14164153ns          233894 1c008c9e 009005b3 add              x11, x0, x9         x11=00000002  x9:00000002
14164172ns          233895 1c008ca0 000c80e7 jalr             x1, x25, 0           x1=1c008ca2 x25:1c008bb6
14164212ns          233897 1c008bb6 000026b7 lui              x13, 0x2000         x13=00002000
14164232ns          233898 1c008bb8 f8068693 addi             x13, x13, -128      x13=00001f80 x13:00002000
14164252ns          233899 1c008bbc f14027f3 csrrs            x15, x0, 0xf14      x15=00000007
14164272ns          233900 1c008bc0 00379713 slli             x14, x15, 0x3       x14=00000038 x15:00000007
14164292ns          233901 1c008bc4 00279793 slli             x15, x15, 0x2       x15=0000001c x15:00000007
14164312ns          233902 1c008bc6 00d7f7b3 and              x15, x15, x13       x15=00000000 x15:0000001c x13:00001f80
14164332ns          233903 1c008bc8 ee873733 p.bclr           x14, x14, 23, 8     x14=00000038 x14:00000038
14164351ns          233904 1c008bcc 1a10f6b7 lui              x13, 0x1a10f000     x13=1a10f000
14164371ns          233905 1c008bd0 00d70733 add              x14, x14, x13       x14=1a10f038 x14:00000038 x13:1a10f000
14164391ns          233906 1c008bd2 00e787b3 add              x15, x15, x14       x15=1a10f038 x15:00000000 x14:1a10f038
14164411ns          233907 1c008bd4 0ff57513 andi             x10, x10, 255       x10=00000064 x10:00000064
14164431ns          233908 1c008bd8 00a7a023 sw               x10, 0(x15)         x10:00000064 x15:1a10f038  PA:1a10f038
14164769ns          233925 1c008bda 00000513 addi             x10, x0, 0          x10=00000000
14164789ns          233926 1c008bdc 00008067 jalr             x0, x1, 0            x1:1c008ca2
14164849ns          233929 1c008ca2 4df52863 p.beqimm         x10, 1232           x10:00000000
14164868ns          233930 1c008ca6 00140413 addi             x8, x8, 1            x8=00000007  x8:00000006
14164888ns          233931 1c008ca8 001a450b p.lbu            x10, 1(x20!)        x10=00000020 x20=1c00004c x20:1c00004b  PA:1c00004b
14165226ns          233948 1c008cac fe0515e3 bne              x10, x0, -22        x10:00000020
14165306ns          233952 1c008c96 02500793 addi             x15, x0, 37         x15=00000025
14165326ns          233953 1c008c9a 04f50763 beq              x10, x15, 78        x10:00000020 x15:00000025
14165346ns          233954 1c008c9e 009005b3 add              x11, x0, x9         x11=00000002  x9:00000002
14165366ns          233955 1c008ca0 000c80e7 jalr             x1, x25, 0           x1=1c008ca2 x25:1c008bb6
14165405ns          233957 1c008bb6 000026b7 lui              x13, 0x2000         x13=00002000
14165425ns          233958 1c008bb8 f8068693 addi             x13, x13, -128      x13=00001f80 x13:00002000
14165445ns          233959 1c008bbc f14027f3 csrrs            x15, x0, 0xf14      x15=00000007
14165465ns          233960 1c008bc0 00379713 slli             x14, x15, 0x3       x14=00000038 x15:00000007
14165485ns          233961 1c008bc4 00279793 slli             x15, x15, 0x2       x15=0000001c x15:00000007
14165505ns          233962 1c008bc6 00d7f7b3 and              x15, x15, x13       x15=00000000 x15:0000001c x13:00001f80
14165525ns          233963 1c008bc8 ee873733 p.bclr           x14, x14, 23, 8     x14=00000038 x14:00000038
14165545ns          233964 1c008bcc 1a10f6b7 lui              x13, 0x1a10f000     x13=1a10f000
14165565ns          233965 1c008bd0 00d70733 add              x14, x14, x13       x14=1a10f038 x14:00000038 x13:1a10f000
14165584ns          233966 1c008bd2 00e787b3 add              x15, x15, x14       x15=1a10f038 x15:00000000 x14:1a10f038
14165604ns          233967 1c008bd4 0ff57513 andi             x10, x10, 255       x10=00000020 x10:00000020
14165624ns          233968 1c008bd8 00a7a023 sw               x10, 0(x15)         x10:00000020 x15:1a10f038  PA:1a10f038
14165942ns          233984 1c008bda 00000513 addi             x10, x0, 0          x10=00000000
14165962ns          233985 1c008bdc 00008067 jalr             x0, x1, 0            x1:1c008ca2
14166022ns          233988 1c008ca2 4df52863 p.beqimm         x10, 1232           x10:00000000
14166042ns          233989 1c008ca6 00140413 addi             x8, x8, 1            x8=00000008  x8:00000007
14166062ns          233990 1c008ca8 001a450b p.lbu            x10, 1(x20!)        x10=00000063 x20=1c00004d x20:1c00004c  PA:1c00004c
14166400ns          234007 1c008cac fe0515e3 bne              x10, x0, -22        x10:00000063
14166479ns          234011 1c008c96 02500793 addi             x15, x0, 37         x15=00000025
14166499ns          234012 1c008c9a 04f50763 beq              x10, x15, 78        x10:00000063 x15:00000025
14166519ns          234013 1c008c9e 009005b3 add              x11, x0, x9         x11=00000002  x9:00000002
14166539ns          234014 1c008ca0 000c80e7 jalr             x1, x25, 0           x1=1c008ca2 x25:1c008bb6
14166579ns          234016 1c008bb6 000026b7 lui              x13, 0x2000         x13=00002000
14166599ns          234017 1c008bb8 f8068693 addi             x13, x13, -128      x13=00001f80 x13:00002000
14166619ns          234018 1c008bbc f14027f3 csrrs            x15, x0, 0xf14      x15=00000007
14166639ns          234019 1c008bc0 00379713 slli             x14, x15, 0x3       x14=00000038 x15:00000007
14166658ns          234020 1c008bc4 00279793 slli             x15, x15, 0x2       x15=0000001c x15:00000007
14166678ns          234021 1c008bc6 00d7f7b3 and              x15, x15, x13       x15=00000000 x15:0000001c x13:00001f80
14166698ns          234022 1c008bc8 ee873733 p.bclr           x14, x14, 23, 8     x14=00000038 x14:00000038
14166718ns          234023 1c008bcc 1a10f6b7 lui              x13, 0x1a10f000     x13=1a10f000
14166738ns          234024 1c008bd0 00d70733 add              x14, x14, x13       x14=1a10f038 x14:00000038 x13:1a10f000
14166758ns          234025 1c008bd2 00e787b3 add              x15, x15, x14       x15=1a10f038 x15:00000000 x14:1a10f038
14166778ns          234026 1c008bd4 0ff57513 andi             x10, x10, 255       x10=00000063 x10:00000063
14166798ns          234027 1c008bd8 00a7a023 sw               x10, 0(x15)         x10:00000063 x15:1a10f038  PA:1a10f038
14167116ns          234043 1c008bda 00000513 addi             x10, x0, 0          x10=00000000
14167136ns          234044 1c008bdc 00008067 jalr             x0, x1, 0            x1:1c008ca2
14167195ns          234047 1c008ca2 4df52863 p.beqimm         x10, 1232           x10:00000000
14167215ns          234048 1c008ca6 00140413 addi             x8, x8, 1            x8=00000009  x8:00000008
14167235ns          234049 1c008ca8 001a450b p.lbu            x10, 1(x20!)        x10=0000006f x20=1c00004e x20:1c00004d  PA:1c00004d
14167553ns          234065 1c008cac fe0515e3 bne              x10, x0, -22        x10:0000006f
14167633ns          234069 1c008c96 02500793 addi             x15, x0, 37         x15=00000025
14167653ns          234070 1c008c9a 04f50763 beq              x10, x15, 78        x10:0000006f x15:00000025
14167673ns          234071 1c008c9e 009005b3 add              x11, x0, x9         x11=00000002  x9:00000002
14167693ns          234072 1c008ca0 000c80e7 jalr             x1, x25, 0           x1=1c008ca2 x25:1c008bb6
14167732ns          234074 1c008bb6 000026b7 lui              x13, 0x2000         x13=00002000
14167752ns          234075 1c008bb8 f8068693 addi             x13, x13, -128      x13=00001f80 x13:00002000
14167772ns          234076 1c008bbc f14027f3 csrrs            x15, x0, 0xf14      x15=00000007
14167792ns          234077 1c008bc0 00379713 slli             x14, x15, 0x3       x14=00000038 x15:00000007
14167812ns          234078 1c008bc4 00279793 slli             x15, x15, 0x2       x15=0000001c x15:00000007
14167832ns          234079 1c008bc6 00d7f7b3 and              x15, x15, x13       x15=00000000 x15:0000001c x13:00001f80
14167852ns          234080 1c008bc8 ee873733 p.bclr           x14, x14, 23, 8     x14=00000038 x14:00000038
14167872ns          234081 1c008bcc 1a10f6b7 lui              x13, 0x1a10f000     x13=1a10f000
14167891ns          234082 1c008bd0 00d70733 add              x14, x14, x13       x14=1a10f038 x14:00000038 x13:1a10f000
14167911ns          234083 1c008bd2 00e787b3 add              x15, x15, x14       x15=1a10f038 x15:00000000 x14:1a10f038
14167931ns          234084 1c008bd4 0ff57513 andi             x10, x10, 255       x10=0000006f x10:0000006f
14167951ns          234085 1c008bd8 00a7a023 sw               x10, 0(x15)         x10:0000006f x15:1a10f038  PA:1a10f038
14168269ns          234101 1c008bda 00000513 addi             x10, x0, 0          x10=00000000
14168289ns          234102 1c008bdc 00008067 jalr             x0, x1, 0            x1:1c008ca2
14168349ns          234105 1c008ca2 4df52863 p.beqimm         x10, 1232           x10:00000000
14168369ns          234106 1c008ca6 00140413 addi             x8, x8, 1            x8=0000000a  x8:00000009
14168389ns          234107 1c008ca8 001a450b p.lbu            x10, 1(x20!)        x10=00000072 x20=1c00004f x20:1c00004e  PA:1c00004e
14168707ns          234123 1c008cac fe0515e3 bne              x10, x0, -22        x10:00000072
14168786ns          234127 1c008c96 02500793 addi             x15, x0, 37         x15=00000025
14168806ns          234128 1c008c9a 04f50763 beq              x10, x15, 78        x10:00000072 x15:00000025
14168826ns          234129 1c008c9e 009005b3 add              x11, x0, x9         x11=00000002  x9:00000002
14168846ns          234130 1c008ca0 000c80e7 jalr             x1, x25, 0           x1=1c008ca2 x25:1c008bb6
14168886ns          234132 1c008bb6 000026b7 lui              x13, 0x2000         x13=00002000
14168906ns          234133 1c008bb8 f8068693 addi             x13, x13, -128      x13=00001f80 x13:00002000
14168926ns          234134 1c008bbc f14027f3 csrrs            x15, x0, 0xf14      x15=00000007
14168946ns          234135 1c008bc0 00379713 slli             x14, x15, 0x3       x14=00000038 x15:00000007
14168965ns          234136 1c008bc4 00279793 slli             x15, x15, 0x2       x15=0000001c x15:00000007
14168985ns          234137 1c008bc6 00d7f7b3 and              x15, x15, x13       x15=00000000 x15:0000001c x13:00001f80
14169005ns          234138 1c008bc8 ee873733 p.bclr           x14, x14, 23, 8     x14=00000038 x14:00000038
14169025ns          234139 1c008bcc 1a10f6b7 lui              x13, 0x1a10f000     x13=1a10f000
14169045ns          234140 1c008bd0 00d70733 add              x14, x14, x13       x14=1a10f038 x14:00000038 x13:1a10f000
14169065ns          234141 1c008bd2 00e787b3 add              x15, x15, x14       x15=1a10f038 x15:00000000 x14:1a10f038
14169085ns          234142 1c008bd4 0ff57513 andi             x10, x10, 255       x10=00000072 x10:00000072
14169105ns          234143 1c008bd8 00a7a023 sw               x10, 0(x15)         x10:00000072 x15:1a10f038  PA:1a10f038
14169423ns          234159 1c008bda 00000513 addi             x10, x0, 0          x10=00000000
14169443ns          234160 1c008bdc 00008067 jalr             x0, x1, 0            x1:1c008ca2
14169502ns          234163 1c008ca2 4df52863 p.beqimm         x10, 1232           x10:00000000
14169522ns          234164 1c008ca6 00140413 addi             x8, x8, 1            x8=0000000b  x8:0000000a
14169542ns          234165 1c008ca8 001a450b p.lbu            x10, 1(x20!)        x10=00000065 x20=1c000050 x20:1c00004f  PA:1c00004f
14169860ns          234181 1c008cac fe0515e3 bne              x10, x0, -22        x10:00000065
14169940ns          234185 1c008c96 02500793 addi             x15, x0, 37         x15=00000025
14169960ns          234186 1c008c9a 04f50763 beq              x10, x15, 78        x10:00000065 x15:00000025
14169980ns          234187 1c008c9e 009005b3 add              x11, x0, x9         x11=00000002  x9:00000002
14170000ns          234188 1c008ca0 000c80e7 jalr             x1, x25, 0           x1=1c008ca2 x25:1c008bb6
14170039ns          234190 1c008bb6 000026b7 lui              x13, 0x2000         x13=00002000
14170059ns          234191 1c008bb8 f8068693 addi             x13, x13, -128      x13=00001f80 x13:00002000
14170079ns          234192 1c008bbc f14027f3 csrrs            x15, x0, 0xf14      x15=00000007
14170099ns          234193 1c008bc0 00379713 slli             x14, x15, 0x3       x14=00000038 x15:00000007
14170119ns          234194 1c008bc4 00279793 slli             x15, x15, 0x2       x15=0000001c x15:00000007
14170139ns          234195 1c008bc6 00d7f7b3 and              x15, x15, x13       x15=00000000 x15:0000001c x13:00001f80
14170159ns          234196 1c008bc8 ee873733 p.bclr           x14, x14, 23, 8     x14=00000038 x14:00000038
14170179ns          234197 1c008bcc 1a10f6b7 lui              x13, 0x1a10f000     x13=1a10f000
14170198ns          234198 1c008bd0 00d70733 add              x14, x14, x13       x14=1a10f038 x14:00000038 x13:1a10f000
14170218ns          234199 1c008bd2 00e787b3 add              x15, x15, x14       x15=1a10f038 x15:00000000 x14:1a10f038
14170238ns          234200 1c008bd4 0ff57513 andi             x10, x10, 255       x10=00000065 x10:00000065
14170258ns          234201 1c008bd8 00a7a023 sw               x10, 0(x15)         x10:00000065 x15:1a10f038  PA:1a10f038
14170576ns          234217 1c008bda 00000513 addi             x10, x0, 0          x10=00000000
14170596ns          234218 1c008bdc 00008067 jalr             x0, x1, 0            x1:1c008ca2
14170656ns          234221 1c008ca2 4df52863 p.beqimm         x10, 1232           x10:00000000
14170676ns          234222 1c008ca6 00140413 addi             x8, x8, 1            x8=0000000c  x8:0000000b
14170696ns          234223 1c008ca8 001a450b p.lbu            x10, 1(x20!)        x10=00000020 x20=1c000051 x20:1c000050  PA:1c000050
14171014ns          234239 1c008cac fe0515e3 bne              x10, x0, -22        x10:00000020
14171093ns          234243 1c008c96 02500793 addi             x15, x0, 37         x15=00000025
14171113ns          234244 1c008c9a 04f50763 beq              x10, x15, 78        x10:00000020 x15:00000025
14171133ns          234245 1c008c9e 009005b3 add              x11, x0, x9         x11=00000002  x9:00000002
14171153ns          234246 1c008ca0 000c80e7 jalr             x1, x25, 0           x1=1c008ca2 x25:1c008bb6
14171193ns          234248 1c008bb6 000026b7 lui              x13, 0x2000         x13=00002000
14171213ns          234249 1c008bb8 f8068693 addi             x13, x13, -128      x13=00001f80 x13:00002000
14171233ns          234250 1c008bbc f14027f3 csrrs            x15, x0, 0xf14      x15=00000007
14171253ns          234251 1c008bc0 00379713 slli             x14, x15, 0x3       x14=00000038 x15:00000007
14171272ns          234252 1c008bc4 00279793 slli             x15, x15, 0x2       x15=0000001c x15:00000007
14171292ns          234253 1c008bc6 00d7f7b3 and              x15, x15, x13       x15=00000000 x15:0000001c x13:00001f80
14171312ns          234254 1c008bc8 ee873733 p.bclr           x14, x14, 23, 8     x14=00000038 x14:00000038
14171332ns          234255 1c008bcc 1a10f6b7 lui              x13, 0x1a10f000     x13=1a10f000
14171352ns          234256 1c008bd0 00d70733 add              x14, x14, x13       x14=1a10f038 x14:00000038 x13:1a10f000
14171372ns          234257 1c008bd2 00e787b3 add              x15, x15, x14       x15=1a10f038 x15:00000000 x14:1a10f038
14171392ns          234258 1c008bd4 0ff57513 andi             x10, x10, 255       x10=00000020 x10:00000020
14171412ns          234259 1c008bd8 00a7a023 sw               x10, 0(x15)         x10:00000020 x15:1a10f038  PA:1a10f038
14171790ns          234278 1c008bda 00000513 addi             x10, x0, 0          x10=00000000
14171809ns          234279 1c008bdc 00008067 jalr             x0, x1, 0            x1:1c008ca2
14171869ns          234282 1c008ca2 4df52863 p.beqimm         x10, 1232           x10:00000000
14171889ns          234283 1c008ca6 00140413 addi             x8, x8, 1            x8=0000000d  x8:0000000c
14171909ns          234284 1c008ca8 001a450b p.lbu            x10, 1(x20!)        x10=00000020 x20=1c000052 x20:1c000051  PA:1c000051
14172227ns          234300 1c008cac fe0515e3 bne              x10, x0, -22        x10:00000020
14172307ns          234304 1c008c96 02500793 addi             x15, x0, 37         x15=00000025
14172326ns          234305 1c008c9a 04f50763 beq              x10, x15, 78        x10:00000020 x15:00000025
14172346ns          234306 1c008c9e 009005b3 add              x11, x0, x9         x11=00000002  x9:00000002
14172366ns          234307 1c008ca0 000c80e7 jalr             x1, x25, 0           x1=1c008ca2 x25:1c008bb6
14172406ns          234309 1c008bb6 000026b7 lui              x13, 0x2000         x13=00002000
14172426ns          234310 1c008bb8 f8068693 addi             x13, x13, -128      x13=00001f80 x13:00002000
14172446ns          234311 1c008bbc f14027f3 csrrs            x15, x0, 0xf14      x15=00000007
14172466ns          234312 1c008bc0 00379713 slli             x14, x15, 0x3       x14=00000038 x15:00000007
14172486ns          234313 1c008bc4 00279793 slli             x15, x15, 0x2       x15=0000001c x15:00000007
14172505ns          234314 1c008bc6 00d7f7b3 and              x15, x15, x13       x15=00000000 x15:0000001c x13:00001f80
14172525ns          234315 1c008bc8 ee873733 p.bclr           x14, x14, 23, 8     x14=00000038 x14:00000038
14172545ns          234316 1c008bcc 1a10f6b7 lui              x13, 0x1a10f000     x13=1a10f000
14172565ns          234317 1c008bd0 00d70733 add              x14, x14, x13       x14=1a10f038 x14:00000038 x13:1a10f000
14172585ns          234318 1c008bd2 00e787b3 add              x15, x15, x14       x15=1a10f038 x15:00000000 x14:1a10f038
14172605ns          234319 1c008bd4 0ff57513 andi             x10, x10, 255       x10=00000020 x10:00000020
14172625ns          234320 1c008bd8 00a7a023 sw               x10, 0(x15)         x10:00000020 x15:1a10f038  PA:1a10f038
14172943ns          234336 1c008bda 00000513 addi             x10, x0, 0          x10=00000000
14172963ns          234337 1c008bdc 00008067 jalr             x0, x1, 0            x1:1c008ca2
14173023ns          234340 1c008ca2 4df52863 p.beqimm         x10, 1232           x10:00000000
14173042ns          234341 1c008ca6 00140413 addi             x8, x8, 1            x8=0000000e  x8:0000000d
14173062ns          234342 1c008ca8 001a450b p.lbu            x10, 1(x20!)        x10=00000025 x20=1c000053 x20:1c000052  PA:1c000052
14173381ns          234358 1c008cac fe0515e3 bne              x10, x0, -22        x10:00000025
14173460ns          234362 1c008c96 02500793 addi             x15, x0, 37         x15=00000025
14173480ns          234363 1c008c9a 04f50763 beq              x10, x15, 78        x10:00000025 x15:00000025
14173579ns          234368 1c008ce8 01400c33 add              x24, x0, x20        x24=1c000053 x20:1c000053
14173619ns          234370 1c008cea 000c4a03 lbu              x20, 0(x24)         x20=00000064 x24:1c000053  PA:1c000053
14173957ns          234387 1c008cee 0b4d0513 addi             x10, x26, 180       x10=1c0000b4 x26:1c000000
14173977ns          234388 1c008cf2 00912e23 sw               x9, 28(x2)           x9:00000002  x2:10003e18  PA:10003e34
14173997ns          234389 1c008cf4 014005b3 add              x11, x0, x20        x11=00000064 x20:00000064
14174017ns          234390 1c008cf6 00012823 sw               x0, 16(x2)           x2:10003e18  PA:10003e28
14174037ns          234391 1c008cf8 00012a23 sw               x0, 20(x2)           x2:10003e18  PA:10003e2c
14174057ns          234392 1c008cfa 00012623 sw               x0, 12(x2)           x2:10003e18  PA:10003e24
14174077ns          234393 1c008cfc 001c0493 addi             x9, x24, 1           x9=1c000054 x24:1c000053
14174097ns          234394 1c008d00 e41ff0ef jal              x1, -448             x1=1c008d02
14174176ns          234398 1c008b40 00054703 lbu              x14, 0(x10)         x14=0000002d x10:1c0000b4  PA:1c0000b4
14174514ns          234415 1c008b44 0ff5f593 andi             x11, x11, 255       x11=00000064 x11:00000064
14174534ns          234416 1c008b48 00a007b3 add              x15, x0, x10        x15=1c0000b4 x10:1c0000b4
14174554ns          234417 1c008b4a 00b70863 beq              x14, x11, 16        x14:0000002d x11:00000064
14174574ns          234418 1c008b4e 00070863 beq              x14, x0, 16         x14:0000002d
14174594ns          234419 1c008b50 0017c703 lbu              x14, 1(x15)         x14=0000002b x15:1c0000b4  PA:1c0000b5
14174892ns          234434 1c008b54 00178793 addi             x15, x15, 1         x15=1c0000b5 x15:1c0000b4
14174912ns          234435 1c008b56 feb71ce3 bne              x14, x11, -8        x14:0000002b x11:00000064
14174972ns          234438 1c008b4e 00070863 beq              x14, x0, 16         x14:0000002b
14174991ns          234439 1c008b50 0017c703 lbu              x14, 1(x15)         x14=00000020 x15:1c0000b5  PA:1c0000b6
14175290ns          234454 1c008b54 00178793 addi             x15, x15, 1         x15=1c0000b6 x15:1c0000b5
14175310ns          234455 1c008b56 feb71ce3 bne              x14, x11, -8        x14:00000020 x11:00000064
14175369ns          234458 1c008b4e 00070863 beq              x14, x0, 16         x14:00000020
14175389ns          234459 1c008b50 0017c703 lbu              x14, 1(x15)         x14=00000023 x15:1c0000b6  PA:1c0000b7
14175688ns          234474 1c008b54 00178793 addi             x15, x15, 1         x15=1c0000b7 x15:1c0000b6
14175707ns          234475 1c008b56 feb71ce3 bne              x14, x11, -8        x14:00000023 x11:00000064
14175767ns          234478 1c008b4e 00070863 beq              x14, x0, 16         x14:00000023
14175787ns          234479 1c008b50 0017c703 lbu              x14, 1(x15)         x14=00000030 x15:1c0000b7  PA:1c0000b8
14176085ns          234494 1c008b54 00178793 addi             x15, x15, 1         x15=1c0000b8 x15:1c0000b7
14176105ns          234495 1c008b56 feb71ce3 bne              x14, x11, -8        x14:00000030 x11:00000064
14176165ns          234498 1c008b4e 00070863 beq              x14, x0, 16         x14:00000030
14176185ns          234499 1c008b50 0017c703 lbu              x14, 1(x15)         x14=00000000 x15:1c0000b8  PA:1c0000b9
14176483ns          234514 1c008b54 00178793 addi             x15, x15, 1         x15=1c0000b9 x15:1c0000b8
14176503ns          234515 1c008b56 feb71ce3 bne              x14, x11, -8        x14:00000000 x11:00000064
14176563ns          234518 1c008b4e 00070863 beq              x14, x0, 16         x14:00000000
14176622ns          234521 1c008b5e 00000513 addi             x10, x0, 0          x10=00000000
14176642ns          234522 1c008b60 fe058de3 beq              x11, x0, -6         x11:00000064
14176662ns          234523 1c008b62 00008067 jalr             x0, x1, 0            x1:1c008d02
14176722ns          234526 1c008d02 02000913 addi             x18, x0, 32         x18=00000020
14176742ns          234527 1c008d06 00000993 addi             x19, x0, 0          x19=00000000
14176762ns          234528 1c008d08 02b00a93 addi             x21, x0, 43         x21=0000002b
14176781ns          234529 1c008d0c 02d00b93 addi             x23, x0, 45         x23=0000002d
14177000ns          234540 1c008d10 03000b13 addi             x22, x0, 48         x22=00000030
14177040ns          234542 1c008d14 00900633 add              x12, x0, x9         x12=1c000054  x9:1c000054
14177060ns          234543 1c008d16 02050963 beq              x10, x0, 50         x10:00000000
14177219ns          234551 1c008d48 03312623 sw               x19, 44(x2)         x19:00000000  x2:10003e18  PA:10003e44
14177259ns          234553 1c008d4a 02a00693 addi             x13, x0, 42         x13=0000002a
14177279ns          234554 1c008d4e 014009b3 add              x19, x0, x20        x19=00000064 x20:00000064
14177318ns          234556 1c008d50 01800a33 add              x20, x0, x24        x20=1c000053 x24:1c000053
14177338ns          234557 1c008d52 00900c33 add              x24, x0, x9         x24=1c000054  x9:1c000054
14177358ns          234558 1c008d54 01c12483 lw               x9, 28(x2)           x9=00000002  x2:10003e18  PA:10003e34
14177378ns          234559 1c008d56 42d98063 beq              x19, x13, 1056      x19:00000064 x13:0000002a
14177398ns          234560 1c008d5a fd098693 addi             x13, x19, -48       x13=00000034 x19:00000064
14177418ns          234561 1c008d5e 00900513 addi             x10, x0, 9          x10=00000009
14177458ns          234563 1c008d60 00000a93 addi             x21, x0, 0          x21=00000000
14177497ns          234565 1c008d62 3cd57f63 bgeu             x10, x13, 990       x10:00000009 x13:00000034
14177517ns          234566 1c008d66 02e00793 addi             x15, x0, 46         x15=0000002e
14177537ns          234567 1c008d6a fff00b13 addi             x22, x0, -1         x22=ffffffff
14177557ns          234568 1c008d6c 04f981e3 beq              x19, x15, 2114      x19:00000064 x15:0000002e
14177597ns          234570 1c008d70 1c0007b7 lui              x15, 0x1c000000     x15=1c000000
14177637ns          234572 1c008d74 013005b3 add              x11, x0, x19        x11=00000064 x19:00000064
14177656ns          234573 1c008d76 0bc78513 addi             x10, x15, 188       x10=1c0000bc x15:1c000000
14177676ns          234574 1c008d7a 00c12e23 sw               x12, 28(x2)         x12:1c000054  x2:10003e18  PA:10003e34
14177696ns          234575 1c008d7c dc5ff0ef jal              x1, -572             x1=1c008d7e
14177816ns          234581 1c008b40 00054703 lbu              x14, 0(x10)         x14=00000068 x10:1c0000bc  PA:1c0000bc
14178134ns          234597 1c008b44 0ff5f593 andi             x11, x11, 255       x11=00000064 x11:00000064
14178154ns          234598 1c008b48 00a007b3 add              x15, x0, x10        x15=1c0000bc x10:1c0000bc
14178174ns          234599 1c008b4a 00b70863 beq              x14, x11, 16        x14:00000068 x11:00000064
14178193ns          234600 1c008b4e 00070863 beq              x14, x0, 16         x14:00000068
14178213ns          234601 1c008b50 0017c703 lbu              x14, 1(x15)         x14=0000006c x15:1c0000bc  PA:1c0000bd
14178551ns          234618 1c008b54 00178793 addi             x15, x15, 1         x15=1c0000bd x15:1c0000bc
14178571ns          234619 1c008b56 feb71ce3 bne              x14, x11, -8        x14:0000006c x11:00000064
14178631ns          234622 1c008b4e 00070863 beq              x14, x0, 16         x14:0000006c
14178651ns          234623 1c008b50 0017c703 lbu              x14, 1(x15)         x14=0000004c x15:1c0000bd  PA:1c0000be
14178949ns          234638 1c008b54 00178793 addi             x15, x15, 1         x15=1c0000be x15:1c0000bd
14178969ns          234639 1c008b56 feb71ce3 bne              x14, x11, -8        x14:0000004c x11:00000064
14179029ns          234642 1c008b4e 00070863 beq              x14, x0, 16         x14:0000004c
14179049ns          234643 1c008b50 0017c703 lbu              x14, 1(x15)         x14=0000007a x15:1c0000be  PA:1c0000bf
14179347ns          234658 1c008b54 00178793 addi             x15, x15, 1         x15=1c0000bf x15:1c0000be
14179367ns          234659 1c008b56 feb71ce3 bne              x14, x11, -8        x14:0000007a x11:00000064
14179426ns          234662 1c008b4e 00070863 beq              x14, x0, 16         x14:0000007a
14179446ns          234663 1c008b50 0017c703 lbu              x14, 1(x15)         x14=00000000 x15:1c0000bf  PA:1c0000c0
14179765ns          234679 1c008b54 00178793 addi             x15, x15, 1         x15=1c0000c0 x15:1c0000bf
14179784ns          234680 1c008b56 feb71ce3 bne              x14, x11, -8        x14:00000000 x11:00000064
14179844ns          234683 1c008b4e 00070863 beq              x14, x0, 16         x14:00000000
14179904ns          234686 1c008b5e 00000513 addi             x10, x0, 0          x10=00000000
14179924ns          234687 1c008b60 fe058de3 beq              x11, x0, -6         x11:00000064
14179944ns          234688 1c008b62 00008067 jalr             x0, x1, 0            x1:1c008d7e
14179983ns          234690 1c008d7e 01c12603 lw               x12, 28(x2)         x12=1c000054  x2:10003e18  PA:10003e34
14180023ns          234692 1c008d80 00c00a33 add              x20, x0, x12        x20=1c000054 x12:1c000054
14180043ns          234693 1c008d82 00050563 beq              x10, x0, 10         x10:00000000
14180162ns          234699 1c008d8c 06900793 addi             x15, x0, 105        x15=00000069
14180182ns          234700 1c008d90 1cf98be3 beq              x19, x15, 2518      x19:00000064 x15:00000069
14180202ns          234701 1c008d94 4b37ce63 blt              x15, x19, 1212      x15:00000069 x19:00000064
14180222ns          234702 1c008d98 05800793 addi             x15, x0, 88         x15=00000058
14180242ns          234703 1c008d9c 4cf98863 beq              x19, x15, 1232      x19:00000064 x15:00000058
14180719ns          234727 1c008da0 3f37cd63 blt              x15, x19, 1018      x15:00000058 x19:00000064
14180858ns          234734 1c00919a 06400793 addi             x15, x0, 100        x15=00000064
14180918ns          234737 1c00919e 5cf98463 beq              x19, x15, 1480      x19:00000064 x15:00000064
14181018ns          234742 1c009766 01812b83 lw               x23, 24(x2)         x23=10003f7c  x2:10003e18  PA:10003e30
14181057ns          234744 1c009768 004ba60b p.lw             x12, 4(x23!)        x12=00000007 x23=10003f80 x23:10003f7c  PA:10003f7c
14181097ns          234746 1c00976c 48064963 blt              x12, x0, 1170       x12:00000007
14181137ns          234748 1c009770 01412783 lw               x15, 20(x2)         x15=00000000  x2:10003e18  PA:10003e2c
14181157ns          234749 1c009772 00c00733 add              x14, x0, x12        x14=00000007 x12:00000007
14181177ns          234750 1c009774 56078863 beq              x15, x0, 1392       x15:00000000
14181276ns          234755 1c009ce4 01012783 lw               x15, 16(x2)         x15=00000000  x2:10003e18  PA:10003e28
14181296ns          234756 1c009ce6 01b00533 add              x10, x0, x27        x10=10003e4c x27:10003e4c
14181316ns          234757 1c009ce8 a8078ee3 beq              x15, x0, -1380      x15:00000000
14181873ns          234785 1c009784 00a007b3 add              x15, x0, x10        x15=10003e4c x10:10003e4c
14181893ns          234786 1c009786 00a00593 addi             x11, x0, 10         x11=0000000a
14181912ns          234787 1c009788 00900313 addi             x6, x0, 9            x6=00000009
14181932ns          234788 1c00978a 02b776b3 remu             x13, x14, x11       x13=00000007 x14:00000007 x11:0000000a
14182549ns          234819 1c00978e 00e00833 add              x16, x0, x14        x16=00000007 x14:00000007
14182569ns          234820 1c009790 00f008b3 add              x17, x0, x15        x17=10003e4c x15:10003e4c
14182589ns          234821 1c009792 03068693 addi             x13, x13, 48        x13=00000037 x13:00000007
14182609ns          234822 1c009796 00d780ab p.sb             x13, 1(x15!)        x15=10003e4d x13:00000037 x15:10003e4c  PA:10003e4c
14182628ns          234823 1c00979a 02b75733 divu             x14, x14, x11       x14=00000000 x14:00000007 x11:0000000a
14183265ns          234855 1c00979e ff0366e3 bltu             x6, x16, -20         x6:00000009 x16:00000007
14183285ns          234856 1c0097a2 40a78733 sub              x14, x15, x10       x14=00000001 x15:10003e4d x10:10003e4c
14183305ns          234857 1c0097a6 01675c63 bge              x14, x22, 24        x14:00000001 x22:ffffffff
14184239ns          234904 1c0097be 00078023 sb               x0, 0(x15)          x15:10003e4d  PA:10003e4d
14184279ns          234906 1c0097c2 0b157563 bgeu             x10, x17, 170       x10:10003e4c x17:10003e4c
14184379ns          234911 1c00986c 01412703 lw               x14, 20(x2)         x14=00000000  x2:10003e18  PA:10003e2c
14184398ns          234912 1c00986e 01012683 lw               x13, 16(x2)         x13=00000000  x2:10003e18  PA:10003e28
14184796ns          234932 1c009870 41b787b3 sub              x15, x15, x27       x15=00000001 x15:10003e4d x27:10003e4c
14184836ns          234934 1c009874 00d76733 or               x14, x14, x13       x14=00000000 x14:00000000 x13:00000000
14184856ns          234935 1c009876 02e12623 sw               x14, 44(x2)         x14:00000000  x2:10003e18  PA:10003e44
14184896ns          234937 1c009878 b0071be3 bne              x14, x0, -1258      x14:00000000
14184916ns          234938 1c00987c 01f65713 srli             x14, x12, 0x1f      x14=00000000 x12:00000007
14185373ns          234961 1c009880 02e12623 sw               x14, 44(x2)         x14:00000000  x2:10003e18  PA:10003e44
14185393ns          234962 1c009882 b0dff06f jal              x0, -1268          
14185572ns          234971 1c00938e ebfb2be3 p.beqimm         x22, -330           x22:ffffffff
14185970ns          234991 1c009244 0c800713 addi             x14, x0, 200        x14=000000c8
14186009ns          234993 1c009248 14f75b63 bge              x14, x15, 342       x14:000000c8 x15:00000001
14186188ns          235002 1c00939e 00178613 addi             x12, x15, 1         x12=00000002 x15:00000001
14186228ns          235004 1c0093a2 0557c863 blt              x15, x21, 80        x15:00000001 x21:00000000
14186248ns          235005 1c0093a6 01712c23 sw               x23, 24(x2)         x23:10003f80  x2:10003e18  PA:10003e30
14186268ns          235006 1c0093a8 00f00ab3 add              x21, x0, x15        x21=00000001 x15:00000001
14186288ns          235007 1c0093aa 8e0a8fe3 beq              x21, x0, -1794      x21:00000001
14186308ns          235008 1c0093ae 01b00933 add              x18, x0, x27        x18=10003e4c x27:10003e4c
14186328ns          235009 1c0093b0 41b409b3 sub              x19, x8, x27        x19=efffc1c2  x8:0000000e x27:10003e4c
14186367ns          235011 1c0093b4 01ba8ab3 add              x21, x21, x27       x21=10003e4d x21:00000001 x27:10003e4c
14186387ns          235012 1c0093b6 00a0006f jal              x0, 10             
14186467ns          235016 1c0093c0 0019450b p.lbu            x10, 1(x18!)        x10=00000037 x18=10003e4d x18:10003e4c  PA:10003e4c
14186507ns          235018 1c0093c4 009005b3 add              x11, x0, x9         x11=00000002  x9:00000002
14186527ns          235019 1c0093c6 000c80e7 jalr             x1, x25, 0           x1=1c0093c8 x25:1c008bb6
14186566ns          235021 1c008bb6 000026b7 lui              x13, 0x2000         x13=00002000
14186586ns          235022 1c008bb8 f8068693 addi             x13, x13, -128      x13=00001f80 x13:00002000
14186606ns          235023 1c008bbc f14027f3 csrrs            x15, x0, 0xf14      x15=00000007
14187044ns          235045 1c008bc0 00379713 slli             x14, x15, 0x3       x14=00000038 x15:00000007
14187083ns          235047 1c008bc4 00279793 slli             x15, x15, 0x2       x15=0000001c x15:00000007
14187103ns          235048 1c008bc6 00d7f7b3 and              x15, x15, x13       x15=00000000 x15:0000001c x13:00001f80
14187123ns          235049 1c008bc8 ee873733 p.bclr           x14, x14, 23, 8     x14=00000038 x14:00000038
14187143ns          235050 1c008bcc 1a10f6b7 lui              x13, 0x1a10f000     x13=1a10f000
14187183ns          235052 1c008bd0 00d70733 add              x14, x14, x13       x14=1a10f038 x14:00000038 x13:1a10f000
14187203ns          235053 1c008bd2 00e787b3 add              x15, x15, x14       x15=1a10f038 x15:00000000 x14:1a10f038
14187223ns          235054 1c008bd4 0ff57513 andi             x10, x10, 255       x10=00000037 x10:00000037
14187242ns          235055 1c008bd8 00a7a023 sw               x10, 0(x15)         x10:00000037 x15:1a10f038  PA:1a10f038
14187839ns          235085 1c008bda 00000513 addi             x10, x0, 0          x10=00000000
14187859ns          235086 1c008bdc 00008067 jalr             x0, x1, 0            x1:1c0093c8
14187899ns          235088 1c0093c8 fff538e3 p.bneimm         x10, -16            x10:00000000
14188098ns          235098 1c0093b8 01298433 add              x8, x19, x18         x8=0000000f x19:efffc1c2 x18:10003e4d
14188118ns          235099 1c0093bc 8f2a86e3 beq              x21, x18, -1812     x21:10003e4d x18:10003e4d
14188217ns          235104 1c008ca8 001a450b p.lbu            x10, 1(x20!)        x10=0000000a x20=1c000055 x20:1c000054  PA:1c000054
14188535ns          235120 1c008cac fe0515e3 bne              x10, x0, -22        x10:0000000a
14188615ns          235124 1c008c96 02500793 addi             x15, x0, 37         x15=00000025
14188635ns          235125 1c008c9a 04f50763 beq              x10, x15, 78        x10:0000000a x15:00000025
14188655ns          235126 1c008c9e 009005b3 add              x11, x0, x9         x11=00000002  x9:00000002
14188674ns          235127 1c008ca0 000c80e7 jalr             x1, x25, 0           x1=1c008ca2 x25:1c008bb6
14188754ns          235131 1c008bb6 000026b7 lui              x13, 0x2000         x13=00002000
14188794ns          235133 1c008bb8 f8068693 addi             x13, x13, -128      x13=00001f80 x13:00002000
14188814ns          235134 1c008bbc f14027f3 csrrs            x15, x0, 0xf14      x15=00000007
14188834ns          235135 1c008bc0 00379713 slli             x14, x15, 0x3       x14=00000038 x15:00000007
14188853ns          235136 1c008bc4 00279793 slli             x15, x15, 0x2       x15=0000001c x15:00000007
14188873ns          235137 1c008bc6 00d7f7b3 and              x15, x15, x13       x15=00000000 x15:0000001c x13:00001f80
14188893ns          235138 1c008bc8 ee873733 p.bclr           x14, x14, 23, 8     x14=00000038 x14:00000038
14188913ns          235139 1c008bcc 1a10f6b7 lui              x13, 0x1a10f000     x13=1a10f000
14188933ns          235140 1c008bd0 00d70733 add              x14, x14, x13       x14=1a10f038 x14:00000038 x13:1a10f000
14188953ns          235141 1c008bd2 00e787b3 add              x15, x15, x14       x15=1a10f038 x15:00000000 x14:1a10f038
14188973ns          235142 1c008bd4 0ff57513 andi             x10, x10, 255       x10=0000000a x10:0000000a
14188993ns          235143 1c008bd8 00a7a023 sw               x10, 0(x15)         x10:0000000a x15:1a10f038  PA:1a10f038
14189510ns          235169 1c008bda 00000513 addi             x10, x0, 0          x10=00000000
14189530ns          235170 1c008bdc 00008067 jalr             x0, x1, 0            x1:1c008ca2
14189589ns          235173 1c008ca2 4df52863 p.beqimm         x10, 1232           x10:00000000
14189609ns          235174 1c008ca6 00140413 addi             x8, x8, 1            x8=00000010  x8:0000000f
14189629ns          235175 1c008ca8 001a450b p.lbu            x10, 1(x20!)        x10=00000000 x20=1c000056 x20:1c000055  PA:1c000055
14189947ns          235191 1c008cac fe0515e3 bne              x10, x0, -22        x10:00000000
14189967ns          235192 1c008cae 13c12083 lw               x1, 316(x2)          x1=1c008c22  x2:10003e18  PA:10003f54
14189987ns          235193 1c008cb2 00800533 add              x10, x0, x8         x10=00000010  x8:00000010
14190007ns          235194 1c008cb4 13812403 lw               x8, 312(x2)          x8=00000077  x2:10003e18  PA:10003f50
14190027ns          235195 1c008cb8 13412483 lw               x9, 308(x2)          x9=00000070  x2:10003e18  PA:10003f4c
14190047ns          235196 1c008cbc 13012903 lw               x18, 304(x2)        x18=00000007  x2:10003e18  PA:10003f48
14190305ns          235209 1c008cc0 12c12983 lw               x19, 300(x2)        x19=1c000dd0  x2:10003e18  PA:10003f44
14190345ns          235211 1c008cc4 12812a03 lw               x20, 296(x2)        x20=10201380  x2:10003e18  PA:10003f40
14190365ns          235212 1c008cc8 12412a83 lw               x21, 292(x2)        x21=1c000ac0  x2:10003e18  PA:10003f3c
14190385ns          235213 1c008ccc 12012b03 lw               x22, 288(x2)        x22=1c000abc  x2:10003e18  PA:10003f38
14190444ns          235216 1c008cd0 11c12b83 lw               x23, 284(x2)        x23=000000cf  x2:10003e18  PA:10003f34
14190484ns          235218 1c008cd4 11812c03 lw               x24, 280(x2)        x24=00000b92  x2:10003e18  PA:10003f30
14190504ns          235219 1c008cd8 11412c83 lw               x25, 276(x2)        x25=1c000ab8  x2:10003e18  PA:10003f2c
14190524ns          235220 1c008cdc 11012d03 lw               x26, 272(x2)        x26=070e0000  x2:10003e18  PA:10003f28
14190584ns          235223 1c008ce0 10c12d83 lw               x27, 268(x2)        x27=09c90594  x2:10003e18  PA:10003f24
14190623ns          235225 1c008ce4 14010113 addi             x2, x2, 320          x2=10003f58  x2:10003e18
14190643ns          235226 1c008ce6 00008067 jalr             x0, x1, 0            x1:1c008c22
14190723ns          235230 1c008c22 01c12083 lw               x1, 28(x2)           x1=1c008524  x2:10003f58  PA:10003f74
14190763ns          235232 1c008c24 04010113 addi             x2, x2, 64           x2=10003f98  x2:10003f58
14190783ns          235233 1c008c26 00008067 jalr             x0, x1, 0            x1:1c008524
14190882ns          235238 1c008524 0009a703 lw               x14, 0(x19)         x14=10004100 x19:1c000dd0  PA:1c000dd0
14191399ns          235264 1c008528 00412683 lw               x13, 4(x2)          x13=000000e0  x2:10003f98  PA:10003f9c
14191419ns          235265 1c00852a 040a0793 addi             x15, x20, 64        x15=102013c0 x20:10201380
14191439ns          235266 1c00852e 00d70733 add              x14, x14, x13       x14=100041e0 x14:10004100 x13:000000e0
14191459ns          235267 1c008530 00e7a023 sw               x14, 0(x15)         x14:100041e0 x15:102013c0  PA:102013c0
14191578ns          235273 1c008534 00200713 addi             x14, x0, 2          x14=00000002
14191598ns          235274 1c008536 00e7a223 sw               x14, 4(x15)         x14:00000002 x15:102013c0  PA:102013c4
14191777ns          235283 1c00853a 00e7a423 sw               x14, 8(x15)         x14:00000002 x15:102013c0  PA:102013c8
14191956ns          235292 1c00853e 10000713 addi             x14, x0, 256        x14=00000100
14191996ns          235294 1c008542 00e7a623 sw               x14, 12(x15)        x14:00000100 x15:102013c0  PA:102013cc
14192095ns          235299 1c008546 000a2023 sw               x0, 0(x20)          x20:10201380  PA:10201380
14192234ns          235306 1c00854a 00001737 lui              x14, 0x1000         x14=00001000
14192254ns          235307 1c00854c 002047b7 lui              x15, 0x204000       x15=00204000
14192493ns          235319 1c008550 00e7a423 sw               x14, 8(x15)         x14:00001000 x15:00204000  PA:00204008
14192533ns          235321 1c008552 03c7e683 p.elw            x13, 60(x15)        x13=00001000 x15:00204000  PA:0020403c
14193189ns          235354 1c008556 00e7a223 sw               x14, 4(x15)         x14:00001000 x15:00204000  PA:00204004
14193209ns          235355 1c008558 00ca0793 addi             x15, x20, 12        x15=1020138c x20:10201380
14193229ns          235356 1c00855c 0007aa03 lw               x20, 0(x15)         x20=00000000 x15:1020138c  PA:1020138c
14193328ns          235361 1c008560 fe0a1ee3 bne              x20, x0, -4         x20:00000000
14193348ns          235362 1c008564 429010ef jal              x1, 7208             x1=1c008568
14193746ns          235382 1c00a18c f14027f3 csrrs            x15, x0, 0xf14      x15=00000007
14193825ns          235386 1c00a190 01f00713 addi             x14, x0, 31         x14=0000001f
14193865ns          235388 1c00a192 ca5797b3 p.extractu       x15, x15, 5, 5      x15=00000000 x15:00000007
14193885ns          235389 1c00a196 00e78863 beq              x15, x14, 16        x15:00000000 x14:0000001f
14193905ns          235390 1c00a19a 002047b7 lui              x15, 0x204000       x15=00204000
14194362ns          235413 1c00a19e 20078793 addi             x15, x15, 512       x15=00204200 x15:00204000
14194402ns          235415 1c00a1a2 01c7e703 p.elw            x14, 28(x15)        x14=00010000 x15:00204200  PA:0020421c
14194561ns          235423 1c00a1a6 00008067 jalr             x0, x1, 0            x1:1c008568
14194601ns          235425 1c008568 002007b7 lui              x15, 0x200000       x15=00200000
14194621ns          235426 1c00856c 0187a703 lw               x14, 24(x15)        x14=00000908 x15:00200000  PA:00200018
14194760ns          235433 1c00856e 00412603 lw               x12, 4(x2)          x12=000000e0  x2:10003f98  PA:10003f9c
14194780ns          235434 1c008570 01c12883 lw               x17, 28(x2)         x17=000001dc  x2:10003f98  PA:10003fb4
14194800ns          235435 1c008572 c0b73733 p.bclr           x14, x14, 0, 11     x14=00000108 x14:00000908
14194820ns          235436 1c008576 00e7ac23 sw               x14, 24(x15)        x14:00000108 x15:00200000  PA:00200018
14194919ns          235441 1c008578 0187a683 lw               x13, 24(x15)        x13=00000108 x15:00200000  PA:00200018
14195078ns          235449 1c00857a 1c001737 lui              x14, 0x1c001000     x14=1c001000
14195098ns          235450 1c00857e 01748493 addi             x9, x9, 23           x9=00000087  x9:00000070
14195357ns          235463 1c008580 c086b6b3 p.bclr           x13, x13, 0, 8      x13=00000008 x13:00000108
14195397ns          235465 1c008584 00d7ac23 sw               x13, 24(x15)        x13:00000008 x15:00200000  PA:00200018
14195476ns          235469 1c008586 0009a683 lw               x13, 0(x19)         x13=10004100 x19:1c000dd0  PA:1c000dd0
14195854ns          235488 1c00858a 000017b7 lui              x15, 0x1000         x15=00001000
14195874ns          235489 1c00858c b5070713 addi             x14, x14, -1200     x14=1c000b50 x14:1c001000
14195894ns          235490 1c008590 00c686b3 add              x13, x13, x12       x13=100041e0 x13:10004100 x12:000000e0
14195914ns          235491 1c008592 01812603 lw               x12, 24(x2)         x12=000000ee  x2:10003f98  PA:10003fb0
14195934ns          235492 1c008594 fff78793 addi             x15, x15, -1        x15=00000fff x15:00001000
14195953ns          235493 1c008596 ff940593 addi             x11, x8, -7         x11=00000070  x8:00000077
14195973ns          235494 1c00859a 00259813 slli             x16, x11, 0x2       x16=000001c0 x11:00000070
14196411ns          235516 1c00859e 0006ae03 lw               x28, 0(x13)         x28=x048xdb6 x13:100041e0  PA:100041e0
14196451ns          235518 1c0085a2 ffa40513 addi             x10, x8, -6         x10=00000071  x8:00000077
14196471ns          235519 1c0085a6 00e80833 add              x16, x16, x14       x16=1c000d10 x16:000001c0 x14:1c000b50
14196490ns          235520 1c0085a8 00251e93 slli             x29, x10, 0x2       x29=000001c4 x10:00000071
14196510ns          235521 1c0085ac 00085383 lhu              x7, 0(x16)           x7=00000db6 x16:1c000d10  PA:1c000d10
14197087ns          235550 1c0085b0 0046af03 lw               x30, 4(x13)         x30=x1eex038 x13:100041e0  PA:100041e4
14197107ns          235551 1c0085b4 ffb40593 addi             x11, x8, -5         x11=00000072  x8:00000077
14197127ns          235552 1c0085b8 00285303 lhu              x6, 2(x16)           x6=00000048 x16:1c000d10  PA:1c000d12
14197445ns          235568 1c0085bc 01d70833 add              x16, x14, x29       x16=1c000d14 x14:1c000b50 x29:000001c4
14197505ns          235571 1c0085c0 010e5f93 srli             x31, x28, 0x10      x31=0000x048 x28:x048xdb6
14197544ns          235573 1c0085c4 00259993 slli             x19, x11, 0x2       x19=000001c8 x11:00000072
14197564ns          235574 1c0085c8 00085283 lhu              x5, 0(x16)           x5=00000038 x16:1c000d14  PA:1c000d14
14198081ns          235600 1c0085cc 00fe7e33 and              x28, x28, x15       x28=00000db6 x28:x048xdb6 x15:00000fff
14198101ns          235601 1c0085d0 0086a083 lw               x1, 8(x13)           x1=xe20x2cf x13:100041e0  PA:100041e8
14198121ns          235602 1c0085d4 ffc40513 addi             x10, x8, -4         x10=00000073  x8:00000077
14198141ns          235603 1c0085d8 013005b3 add              x11, x0, x19        x11=000001c8 x19:000001c8
14198161ns          235604 1c0085da 00285e83 lhu              x29, 2(x16)         x29=000001ee x16:1c000d14  PA:1c000d16
14198658ns          235629 1c0085de 41c383b3 sub              x7, x7, x28          x7=00000000  x7:00000db6 x28:00000db6
14198678ns          235630 1c0085e2 00fff833 and              x16, x31, x15       x16=00000048 x31:0000x048 x15:00000fff
14198698ns          235631 1c0085e6 01370e33 add              x28, x14, x19       x28=1c000d18 x14:1c000b50 x19:000001c8
14198718ns          235632 1c0085ea 00251b13 slli             x22, x10, 0x2       x22=000001cc x10:00000073
14199036ns          235648 1c0085ee 010f5a93 srli             x21, x30, 0x10      x21=0000x1ee x30:x1eex038
14199076ns          235650 1c0085f2 00ff79b3 and              x19, x30, x15       x19=00000038 x30:x1eex038 x15:00000fff
14199096ns          235651 1c0085f6 007033b3 sltu             x7, x0, x7           x7=00000000  x7:00000000
14199116ns          235652 1c0085fa 41030333 sub              x6, x6, x16          x6=00000000  x6:00000048 x16:00000048
14199613ns          235677 1c0085fe 000e5e03 lhu              x28, 0(x28)         x28=000002cf x28:1c000d18  PA:1c000d18
14199951ns          235694 1c008602 00b70833 add              x16, x14, x11       x16=1c000d18 x14:1c000b50 x11:000001c8
14199971ns          235695 1c008606 00c6af03 lw               x30, 12(x13)        x30=xe4cx03f x13:100041e0  PA:100041ec
14199991ns          235696 1c00860a ffd40593 addi             x11, x8, -3         x11=00000074  x8:00000077
14200388ns          235716 1c00860e 00285f83 lhu              x31, 2(x16)         x31=00000e20 x16:1c000d18  PA:1c000d1a
14200886ns          235741 1c008612 007a0a33 add              x20, x20, x7        x20=00000000 x20:00000000  x7:00000000
14200906ns          235742 1c008614 00faf833 and              x16, x21, x15       x16=000001ee x21:0000x1ee x15:00000fff
14200925ns          235743 1c008618 00603333 sltu             x6, x0, x6           x6=00000000  x6:00000000
14200945ns          235744 1c00861c 413282b3 sub              x5, x5, x19          x5=00000000  x5:00000038 x19:00000038
14201025ns          235748 1c008620 016703b3 add              x7, x14, x22         x7=1c000d1c x14:1c000b50 x22:000001cc
14201065ns          235750 1c008624 410e8eb3 sub              x29, x29, x16       x29=00000000 x29:000001ee x16:000001ee
14201085ns          235751 1c008628 0100da93 srli             x21, x1, 0x10       x21=0000xe20  x1:xe20x2cf
14201104ns          235752 1c00862c 00f0f9b3 and              x19, x1, x15        x19=000002cf  x1:xe20x2cf x15:00000fff
14201522ns          235773 1c008630 01670833 add              x16, x14, x22       x16=1c000d1c x14:1c000b50 x22:000001cc
14201562ns          235775 1c008634 006a0a33 add              x20, x20, x6        x20=00000000 x20:00000000  x6:00000000
14201582ns          235776 1c008636 00259b13 slli             x22, x11, 0x2       x22=000001d0 x11:00000074
14201602ns          235777 1c00863a 005032b3 sltu             x5, x0, x5           x5=00000000  x5:00000000
14202059ns          235800 1c00863e 0003d383 lhu              x7, 0(x7)            x7=0000003f  x7:1c000d1c  PA:1c000d1c
14202497ns          235822 1c008642 0106a083 lw               x1, 16(x13)          x1=xec2xffe x13:100041e0  PA:100041f0
14202516ns          235823 1c008646 00285303 lhu              x6, 2(x16)           x6=00000e4c x16:1c000d1c  PA:1c000d1e
14202974ns          235846 1c00864a ffe40513 addi             x10, x8, -2         x10=00000075  x8:00000077
14202994ns          235847 1c00864e 01d03833 sltu             x16, x0, x29        x16=00000000 x29:00000000
14203014ns          235848 1c008652 005a0a33 add              x20, x20, x5        x20=00000000 x20:00000000  x5:00000000
14203034ns          235849 1c008654 00fafeb3 and              x29, x21, x15       x29=00000e20 x21:0000xe20 x15:00000fff
14203053ns          235850 1c008658 413e0e33 sub              x28, x28, x19       x28=00000000 x28:000002cf x19:000002cf
14203073ns          235851 1c00865c 016702b3 add              x5, x14, x22         x5=1c000d20 x14:1c000b50 x22:000001d0
14203392ns          235867 1c008660 010f5a93 srli             x21, x30, 0x10      x21=0000xe4c x30:xe4cx03f
14203431ns          235869 1c008664 00ff79b3 and              x19, x30, x15       x19=0000003f x30:xe4cx03f x15:00000fff
14203451ns          235870 1c008668 010a0a33 add              x20, x20, x16       x20=00000000 x20:00000000 x16:00000000
14203471ns          235871 1c00866a 01c03e33 sltu             x28, x0, x28        x28=00000000 x28:00000000
14203889ns          235892 1c00866e 01670833 add              x16, x14, x22       x16=1c000d20 x14:1c000b50 x22:000001d0
14203929ns          235894 1c008672 41df8fb3 sub              x31, x31, x29       x31=00000000 x31:00000e20 x29:00000e20
14203948ns          235895 1c008676 00251b13 slli             x22, x10, 0x2       x22=000001d4 x10:00000075
14203968ns          235896 1c00867a 0002d283 lhu              x5, 0(x5)            x5=00000ffe  x5:1c000d20  PA:1c000d20
14204465ns          235921 1c00867e 0146af03 lw               x30, 20(x13)        x30=xfd2x2be x13:100041e0  PA:100041f4
14204505ns          235923 1c008682 fff40593 addi             x11, x8, -1         x11=00000076  x8:00000077
14204525ns          235924 1c008686 00285e83 lhu              x29, 2(x16)         x29=00000ec2 x16:1c000d20  PA:1c000d22
14204943ns          235945 1c00868a 01ca0a33 add              x20, x20, x28       x20=00000000 x20:00000000 x28:00000000
14204963ns          235946 1c00868c 01f03fb3 sltu             x31, x0, x31        x31=00000000 x31:00000000
14204983ns          235947 1c008690 00faf833 and              x16, x21, x15       x16=00000e4c x21:0000xe4c x15:00000fff
14205022ns          235949 1c008694 413383b3 sub              x7, x7, x19          x7=00000000  x7:0000003f x19:0000003f
14205042ns          235950 1c008698 01670e33 add              x28, x14, x22       x28=1c000d24 x14:1c000b50 x22:000001d4
14205062ns          235951 1c00869c 41030833 sub              x16, x6, x16        x16=00000000  x6:00000e4c x16:00000e4c
14205539ns          235975 1c0086a0 01fa0a33 add              x20, x20, x31       x20=00000000 x20:00000000 x31:00000000
14205579ns          235977 1c0086a2 007033b3 sltu             x7, x0, x7           x7=00000000  x7:00000000
14205599ns          235978 1c0086a6 0100d993 srli             x19, x1, 0x10       x19=0000xec2  x1:xec2xffe
14205619ns          235979 1c0086aa 01670533 add              x10, x14, x22       x10=1c000d24 x14:1c000b50 x22:000001d4
14206037ns          236000 1c0086ae 00f0f0b3 and              x1, x1, x15          x1=00000ffe  x1:xec2xffe x15:00000fff
14206076ns          236002 1c0086b2 00259a93 slli             x21, x11, 0x2       x21=000001d8 x11:00000076
14206096ns          236003 1c0086b6 000e5e03 lhu              x28, 0(x28)         x28=000002be x28:1c000d24  PA:1c000d24
14206613ns          236029 1c0086ba 0186af83 lw               x31, 24(x13)        x31=xfa5x0b5 x13:100041e0  PA:100041f8
14206633ns          236030 1c0086be 00255303 lhu              x6, 2(x10)           x6=00000fd2 x10:1c000d24  PA:1c000d26
14207051ns          236051 1c0086c2 007a0a33 add              x20, x20, x7        x20=00000000 x20:00000000  x7:00000000
14207071ns          236052 1c0086c4 01003533 sltu             x10, x0, x16        x10=00000000 x16:00000000
14207091ns          236053 1c0086c8 00f9f3b3 and              x7, x19, x15         x7=00000ec2 x19:0000xec2 x15:00000fff
14207111ns          236054 1c0086cc 401282b3 sub              x5, x5, x1           x5=00000000  x5:00000ffe  x1:00000ffe
14207170ns          236057 1c0086d0 01570833 add              x16, x14, x21       x16=1c000d28 x14:1c000b50 x21:000001d8
14207210ns          236059 1c0086d4 00aa0a33 add              x20, x20, x10       x20=00000000 x20:00000000 x10:00000000
14207230ns          236060 1c0086d6 005032b3 sltu             x5, x0, x5           x5=00000000  x5:00000000
14207250ns          236061 1c0086da 407e8eb3 sub              x29, x29, x7        x29=00000000 x29:00000ec2  x7:00000ec2
14207648ns          236081 1c0086de 010f5093 srli             x1, x30, 0x10        x1=0000xfd2 x30:xfd2x2be
14207687ns          236083 1c0086e2 00ff73b3 and              x7, x30, x15         x7=000002be x30:xfd2x2be x15:00000fff
14207707ns          236084 1c0086e6 015705b3 add              x11, x14, x21       x11=1c000d28 x14:1c000b50 x21:000001d8
14207727ns          236085 1c0086ea 00085803 lhu              x16, 0(x16)         x16=000000b5 x16:1c000d28  PA:1c000d28
14208224ns          236110 1c0086ee 00160613 addi             x12, x12, 1         x12=000000ef x12:000000ee
14208244ns          236111 1c0086f0 01c6af03 lw               x30, 28(x13)        x30=xcebx125 x13:100041e0  PA:100041fc
14208264ns          236112 1c0086f4 0025d503 lhu              x10, 2(x11)         x10=00000fa5 x11:1c000d28  PA:1c000d2a
14208662ns          236132 1c0086f8 005a0a33 add              x20, x20, x5        x20=00000000 x20:00000000  x5:00000000
14208682ns          236133 1c0086fa 00e888b3 add              x17, x17, x14       x17=1c000d2c x17:000001dc x14:1c000b50
14208702ns          236134 1c0086fc 01d03eb3 sltu             x29, x0, x29        x29=00000000 x29:00000000
14208761ns          236137 1c008700 00f0f2b3 and              x5, x1, x15          x5=00000fd2  x1:0000xfd2 x15:00000fff
14208801ns          236139 1c008704 407e0e33 sub              x28, x28, x7        x28=00000000 x28:000002be  x7:000002be
14208821ns          236140 1c008708 00161613 slli             x12, x12, 0x1       x12=000001de x12:000000ef
14208841ns          236141 1c00870a 0008d583 lhu              x11, 0(x17)         x11=00000125 x17:1c000d2c  PA:1c000d2c
14209318ns          236165 1c00870e 01da0a33 add              x20, x20, x29       x20=00000000 x20:00000000 x29:00000000
14209338ns          236166 1c008710 405308b3 sub              x17, x6, x5         x17=00000000  x6:00000fd2  x5:00000fd2
14209358ns          236167 1c008714 01c03e33 sltu             x28, x0, x28        x28=00000000 x28:00000000
14209378ns          236168 1c008718 010fd313 srli             x6, x31, 0x10        x6=0000xfa5 x31:xfa5x0b5
14209398ns          236169 1c00871c 00e60633 add              x12, x12, x14       x12=1c000d2e x12:000001de x14:1c000b50
14209815ns          236190 1c00871e 00ffffb3 and              x31, x31, x15       x31=000000b5 x31:xfa5x0b5 x15:00000fff
14209855ns          236192 1c008722 011038b3 sltu             x17, x0, x17        x17=00000000 x17:00000000
14209875ns          236193 1c008726 00065603 lhu              x12, 0(x12)         x12=00000ceb x12:1c000d2e  PA:1c000d2e
14210412ns          236220 1c00872a 01ca0a33 add              x20, x20, x28       x20=00000000 x20:00000000 x28:00000000
14210432ns          236221 1c00872c 00f37333 and              x6, x6, x15          x6=00000fa5  x6:0000xfa5 x15:00000fff
14210452ns          236222 1c008730 41f80833 sub              x16, x16, x31       x16=00000000 x16:000000b5 x31:000000b5
14210472ns          236223 1c008734 011a0a33 add              x20, x20, x17       x20=00000000 x20:00000000 x17:00000000
14210492ns          236224 1c008736 01003833 sltu             x16, x0, x16        x16=00000000 x16:00000000
14210511ns          236225 1c00873a 010f5893 srli             x17, x30, 0x10      x17=0000xceb x30:xcebx125
14210869ns          236243 1c00873e 40650533 sub              x10, x10, x6        x10=00000000 x10:00000fa5  x6:00000fa5
14210909ns          236245 1c008742 00ff7f33 and              x30, x30, x15       x30=00000125 x30:xcebx125 x15:00000fff
14210929ns          236246 1c008746 010a0a33 add              x20, x20, x16       x20=00000000 x20:00000000 x16:00000000
14210949ns          236247 1c008748 00a03533 sltu             x10, x0, x10        x10=00000000 x10:00000000
14210969ns          236248 1c00874c 00f8f833 and              x16, x17, x15       x16=00000ceb x17:0000xceb x15:00000fff
14211406ns          236270 1c008750 41e585b3 sub              x11, x11, x30       x11=00000000 x11:00000125 x30:00000125
14211446ns          236272 1c008754 00aa0a33 add              x20, x20, x10       x20=00000000 x20:00000000 x10:00000000
14211466ns          236273 1c008756 00b035b3 sltu             x11, x0, x11        x11=00000000 x11:00000000
14211486ns          236274 1c00875a 41060633 sub              x12, x12, x16       x12=00000000 x12:00000ceb x16:00000ceb
14211506ns          236275 1c00875e 00ba0a33 add              x20, x20, x11       x20=00000000 x20:00000000 x11:00000000
14211864ns          236293 1c008760 00c03633 sltu             x12, x0, x12        x12=00000000 x12:00000000
14211904ns          236295 1c008764 00840413 addi             x8, x8, 8            x8=0000007f  x8:00000077
14211923ns          236296 1c008766 00ca0a33 add              x20, x20, x12       x20=00000000 x20:00000000 x12:00000000
14211943ns          236297 1c008768 10068693 addi             x13, x13, 256       x13=100042e0 x13:100041e0
14211963ns          236298 1c00876c 04940563 beq              x8, x9, 74           x8:0000007f  x9:00000087
14212361ns          236318 1c008770 00141613 slli             x12, x8, 0x1        x12=000000fe  x8:0000007f
14212401ns          236320 1c008774 00241893 slli             x17, x8, 0x2        x17=000001fc  x8:0000007f
14212421ns          236321 1c008778 e1fff06f jal              x0, -482           
14212540ns          236327 1c008596 ff940593 addi             x11, x8, -7         x11=00000078  x8:0000007f
14212560ns          236328 1c00859a 00259813 slli             x16, x11, 0x2       x16=000001e0 x11:00000078
14212639ns          236332 1c00859e 0006ae03 lw               x28, 0(x13)         x28=xe26xd8d x13:100042e0  PA:100042e0
14212679ns          236334 1c0085a2 ffa40513 addi             x10, x8, -6         x10=00000079  x8:0000007f
14212699ns          236335 1c0085a6 00e80833 add              x16, x16, x14       x16=1c000d30 x16:000001e0 x14:1c000b50
14212719ns          236336 1c0085a8 00251e93 slli             x29, x10, 0x2       x29=000001e4 x10:00000079
14212739ns          236337 1c0085ac 00085383 lhu              x7, 0(x16)           x7=00000d8d x16:1c000d30  PA:1c000d30
14213057ns          236353 1c0085b0 0046af03 lw               x30, 4(x13)         x30=x046x1bd x13:100042e0  PA:100042e4
14213077ns          236354 1c0085b4 ffb40593 addi             x11, x8, -5         x11=0000007a  x8:0000007f
14213097ns          236355 1c0085b8 00285303 lhu              x6, 2(x16)           x6=00000e26 x16:1c000d30  PA:1c000d32
14213395ns          236370 1c0085bc 01d70833 add              x16, x14, x29       x16=1c000d34 x14:1c000b50 x29:000001e4
14213415ns          236371 1c0085c0 010e5f93 srli             x31, x28, 0x10      x31=0000xe26 x28:xe26xd8d
14213435ns          236372 1c0085c4 00259993 slli             x19, x11, 0x2       x19=000001e8 x11:0000007a
14213455ns          236373 1c0085c8 00085283 lhu              x5, 0(x16)           x5=000001bd x16:1c000d34  PA:1c000d34
14213773ns          236389 1c0085cc 00fe7e33 and              x28, x28, x15       x28=00000d8d x28:xe26xd8d x15:00000fff
14213793ns          236390 1c0085d0 0086a083 lw               x1, 8(x13)           x1=xee3x024 x13:100042e0  PA:100042e8
14213813ns          236391 1c0085d4 ffc40513 addi             x10, x8, -4         x10=0000007b  x8:0000007f
14213833ns          236392 1c0085d8 013005b3 add              x11, x0, x19        x11=000001e8 x19:000001e8
14213853ns          236393 1c0085da 00285e83 lhu              x29, 2(x16)         x29=00000046 x16:1c000d34  PA:1c000d36
14214171ns          236409 1c0085de 41c383b3 sub              x7, x7, x28          x7=00000000  x7:00000d8d x28:00000d8d
14214191ns          236410 1c0085e2 00fff833 and              x16, x31, x15       x16=00000e26 x31:0000xe26 x15:00000fff
14214211ns          236411 1c0085e6 01370e33 add              x28, x14, x19       x28=1c000d38 x14:1c000b50 x19:000001e8
14214230ns          236412 1c0085ea 00251b13 slli             x22, x10, 0x2       x22=000001ec x10:0000007b
14214250ns          236413 1c0085ee 010f5a93 srli             x21, x30, 0x10      x21=0000x046 x30:x046x1bd
14214270ns          236414 1c0085f2 00ff79b3 and              x19, x30, x15       x19=000001bd x30:x046x1bd x15:00000fff
14214290ns          236415 1c0085f6 007033b3 sltu             x7, x0, x7           x7=00000000  x7:00000000
14214310ns          236416 1c0085fa 41030333 sub              x6, x6, x16          x6=00000000  x6:00000e26 x16:00000e26
14214330ns          236417 1c0085fe 000e5e03 lhu              x28, 0(x28)         x28=00000024 x28:1c000d38  PA:1c000d38
14214628ns          236432 1c008602 00b70833 add              x16, x14, x11       x16=1c000d38 x14:1c000b50 x11:000001e8
14214648ns          236433 1c008606 00c6af03 lw               x30, 12(x13)        x30=x107xd3c x13:100042e0  PA:100042ec
14214668ns          236434 1c00860a ffd40593 addi             x11, x8, -3         x11=0000007c  x8:0000007f
14214688ns          236435 1c00860e 00285f83 lhu              x31, 2(x16)         x31=00000ee3 x16:1c000d38  PA:1c000d3a
14214986ns          236450 1c008612 007a0a33 add              x20, x20, x7        x20=00000000 x20:00000000  x7:00000000
14215006ns          236451 1c008614 00faf833 and              x16, x21, x15       x16=00000046 x21:0000x046 x15:00000fff
14215026ns          236452 1c008618 00603333 sltu             x6, x0, x6           x6=00000000  x6:00000000
14215046ns          236453 1c00861c 413282b3 sub              x5, x5, x19          x5=00000000  x5:000001bd x19:000001bd
14215066ns          236454 1c008620 016703b3 add              x7, x14, x22         x7=1c000d3c x14:1c000b50 x22:000001ec
14215086ns          236455 1c008624 410e8eb3 sub              x29, x29, x16       x29=00000000 x29:00000046 x16:00000046
14215106ns          236456 1c008628 0100da93 srli             x21, x1, 0x10       x21=0000xee3  x1:xee3x024
14215125ns          236457 1c00862c 00f0f9b3 and              x19, x1, x15        x19=00000024  x1:xee3x024 x15:00000fff
14215165ns          236459 1c008630 01670833 add              x16, x14, x22       x16=1c000d3c x14:1c000b50 x22:000001ec
14215205ns          236461 1c008634 006a0a33 add              x20, x20, x6        x20=00000000 x20:00000000  x6:00000000
14215225ns          236462 1c008636 00259b13 slli             x22, x11, 0x2       x22=000001f0 x11:0000007c
14215245ns          236463 1c00863a 005032b3 sltu             x5, x0, x5           x5=00000000  x5:00000000
14215265ns          236464 1c00863e 0003d383 lhu              x7, 0(x7)            x7=00000d3c  x7:1c000d3c  PA:1c000d3c
14215603ns          236481 1c008642 0106a083 lw               x1, 16(x13)          x1=x01fx1bd x13:100042e0  PA:100042f0
14215623ns          236482 1c008646 00285303 lhu              x6, 2(x16)           x6=00000107 x16:1c000d3c  PA:1c000d3e
14216001ns          236501 1c00864a ffe40513 addi             x10, x8, -2         x10=0000007d  x8:0000007f
14216020ns          236502 1c00864e 01d03833 sltu             x16, x0, x29        x16=00000000 x29:00000000
14216040ns          236503 1c008652 005a0a33 add              x20, x20, x5        x20=00000000 x20:00000000  x5:00000000
14216060ns          236504 1c008654 00fafeb3 and              x29, x21, x15       x29=00000ee3 x21:0000xee3 x15:00000fff
14216080ns          236505 1c008658 413e0e33 sub              x28, x28, x19       x28=00000000 x28:00000024 x19:00000024
14216100ns          236506 1c00865c 016702b3 add              x5, x14, x22         x5=1c000d40 x14:1c000b50 x22:000001f0
14216120ns          236507 1c008660 010f5a93 srli             x21, x30, 0x10      x21=0000x107 x30:x107xd3c
14216140ns          236508 1c008664 00ff79b3 and              x19, x30, x15       x19=00000d3c x30:x107xd3c x15:00000fff
14216160ns          236509 1c008668 010a0a33 add              x20, x20, x16       x20=00000000 x20:00000000 x16:00000000
14216180ns          236510 1c00866a 01c03e33 sltu             x28, x0, x28        x28=00000000 x28:00000000
14216219ns          236512 1c00866e 01670833 add              x16, x14, x22       x16=1c000d40 x14:1c000b50 x22:000001f0
14216259ns          236514 1c008672 41df8fb3 sub              x31, x31, x29       x31=00000000 x31:00000ee3 x29:00000ee3
14216279ns          236515 1c008676 00251b13 slli             x22, x10, 0x2       x22=000001f4 x10:0000007d
14216299ns          236516 1c00867a 0002d283 lhu              x5, 0(x5)            x5=000001bd  x5:1c000d40  PA:1c000d40
14216597ns          236531 1c00867e 0146af03 lw               x30, 20(x13)        x30=xdd1xef5 x13:100042e0  PA:100042f4
14216617ns          236532 1c008682 fff40593 addi             x11, x8, -1         x11=0000007e  x8:0000007f
14216637ns          236533 1c008686 00285e83 lhu              x29, 2(x16)         x29=0000001f x16:1c000d40  PA:1c000d42
14216935ns          236548 1c00868a 01ca0a33 add              x20, x20, x28       x20=00000000 x20:00000000 x28:00000000
14216955ns          236549 1c00868c 01f03fb3 sltu             x31, x0, x31        x31=00000000 x31:00000000
14216975ns          236550 1c008690 00faf833 and              x16, x21, x15       x16=00000107 x21:0000x107 x15:00000fff
14216995ns          236551 1c008694 413383b3 sub              x7, x7, x19          x7=00000000  x7:00000d3c x19:00000d3c
14217015ns          236552 1c008698 01670e33 add              x28, x14, x22       x28=1c000d44 x14:1c000b50 x22:000001f4
14217035ns          236553 1c00869c 41030833 sub              x16, x6, x16        x16=00000000  x6:00000107 x16:00000107
14217074ns          236555 1c0086a0 01fa0a33 add              x20, x20, x31       x20=00000000 x20:00000000 x31:00000000
14217114ns          236557 1c0086a2 007033b3 sltu             x7, x0, x7           x7=00000000  x7:00000000
14217134ns          236558 1c0086a6 0100d993 srli             x19, x1, 0x10       x19=0000x01f  x1:x01fx1bd
14217154ns          236559 1c0086aa 01670533 add              x10, x14, x22       x10=1c000d44 x14:1c000b50 x22:000001f4
14217214ns          236562 1c0086ae 00f0f0b3 and              x1, x1, x15          x1=000001bd  x1:x01fx1bd x15:00000fff
14217253ns          236564 1c0086b2 00259a93 slli             x21, x11, 0x2       x21=000001f8 x11:0000007e
14217273ns          236565 1c0086b6 000e5e03 lhu              x28, 0(x28)         x28=00000ef5 x28:1c000d44  PA:1c000d44
14217572ns          236580 1c0086ba 0186af83 lw               x31, 24(x13)        x31=xcc0xf4e x13:100042e0  PA:100042f8
14217592ns          236581 1c0086be 00255303 lhu              x6, 2(x10)           x6=00000dd1 x10:1c000d44  PA:1c000d46
14217910ns          236597 1c0086c2 007a0a33 add              x20, x20, x7        x20=00000000 x20:00000000  x7:00000000
14217930ns          236598 1c0086c4 01003533 sltu             x10, x0, x16        x10=00000000 x16:00000000
14217950ns          236599 1c0086c8 00f9f3b3 and              x7, x19, x15         x7=0000001f x19:0000x01f x15:00000fff
14217969ns          236600 1c0086cc 401282b3 sub              x5, x5, x1           x5=00000000  x5:000001bd  x1:000001bd
14217989ns          236601 1c0086d0 01570833 add              x16, x14, x21       x16=1c000d48 x14:1c000b50 x21:000001f8
14218009ns          236602 1c0086d4 00aa0a33 add              x20, x20, x10       x20=00000000 x20:00000000 x10:00000000
14218029ns          236603 1c0086d6 005032b3 sltu             x5, x0, x5           x5=00000000  x5:00000000
14218049ns          236604 1c0086da 407e8eb3 sub              x29, x29, x7        x29=00000000 x29:0000001f  x7:0000001f
14218089ns          236606 1c0086de 010f5093 srli             x1, x30, 0x10        x1=0000xdd1 x30:xdd1xef5
14218129ns          236608 1c0086e2 00ff73b3 and              x7, x30, x15         x7=00000ef5 x30:xdd1xef5 x15:00000fff
14218148ns          236609 1c0086e6 015705b3 add              x11, x14, x21       x11=1c000d48 x14:1c000b50 x21:000001f8
14218168ns          236610 1c0086ea 00085803 lhu              x16, 0(x16)         x16=00000f4e x16:1c000d48  PA:1c000d48
14218467ns          236625 1c0086ee 00160613 addi             x12, x12, 1         x12=000000ff x12:000000fe
14218487ns          236626 1c0086f0 01c6af03 lw               x30, 28(x13)        x30=x016xee4 x13:100042e0  PA:100042fc
14218506ns          236627 1c0086f4 0025d503 lhu              x10, 2(x11)         x10=00000cc0 x11:1c000d48  PA:1c000d4a
14218845ns          236644 1c0086f8 005a0a33 add              x20, x20, x5        x20=00000000 x20:00000000  x5:00000000
14218864ns          236645 1c0086fa 00e888b3 add              x17, x17, x14       x17=1c000d4c x17:000001fc x14:1c000b50
14218884ns          236646 1c0086fc 01d03eb3 sltu             x29, x0, x29        x29=00000000 x29:00000000
14218904ns          236647 1c008700 00f0f2b3 and              x5, x1, x15          x5=00000dd1  x1:0000xdd1 x15:00000fff
14218924ns          236648 1c008704 407e0e33 sub              x28, x28, x7        x28=00000000 x28:00000ef5  x7:00000ef5
14218944ns          236649 1c008708 00161613 slli             x12, x12, 0x1       x12=000001fe x12:000000ff
14218964ns          236650 1c00870a 0008d583 lhu              x11, 0(x17)         x11=00000ee4 x17:1c000d4c  PA:1c000d4c
14219262ns          236665 1c00870e 01da0a33 add              x20, x20, x29       x20=00000000 x20:00000000 x29:00000000
14219282ns          236666 1c008710 405308b3 sub              x17, x6, x5         x17=00000000  x6:00000dd1  x5:00000dd1
14219302ns          236667 1c008714 01c03e33 sltu             x28, x0, x28        x28=00000000 x28:00000000
14219322ns          236668 1c008718 010fd313 srli             x6, x31, 0x10        x6=0000xcc0 x31:xcc0xf4e
14219342ns          236669 1c00871c 00e60633 add              x12, x12, x14       x12=1c000d4e x12:000001fe x14:1c000b50
14219381ns          236671 1c00871e 00ffffb3 and              x31, x31, x15       x31=00000f4e x31:xcc0xf4e x15:00000fff
14219421ns          236673 1c008722 011038b3 sltu             x17, x0, x17        x17=00000000 x17:00000000
14219441ns          236674 1c008726 00065603 lhu              x12, 0(x12)         x12=00000016 x12:1c000d4e  PA:1c000d4e
14219739ns          236689 1c00872a 01ca0a33 add              x20, x20, x28       x20=00000000 x20:00000000 x28:00000000
14219759ns          236690 1c00872c 00f37333 and              x6, x6, x15          x6=00000cc0  x6:0000xcc0 x15:00000fff
14219779ns          236691 1c008730 41f80833 sub              x16, x16, x31       x16=00000000 x16:00000f4e x31:00000f4e
14219799ns          236692 1c008734 011a0a33 add              x20, x20, x17       x20=00000000 x20:00000000 x17:00000000
14219819ns          236693 1c008736 01003833 sltu             x16, x0, x16        x16=00000000 x16:00000000
14219839ns          236694 1c00873a 010f5893 srli             x17, x30, 0x10      x17=0000x016 x30:x016xee4
14219879ns          236696 1c00873e 40650533 sub              x10, x10, x6        x10=00000000 x10:00000cc0  x6:00000cc0
14219918ns          236698 1c008742 00ff7f33 and              x30, x30, x15       x30=00000ee4 x30:x016xee4 x15:00000fff
14219938ns          236699 1c008746 010a0a33 add              x20, x20, x16       x20=00000000 x20:00000000 x16:00000000
14219958ns          236700 1c008748 00a03533 sltu             x10, x0, x10        x10=00000000 x10:00000000
14219978ns          236701 1c00874c 00f8f833 and              x16, x17, x15       x16=00000016 x17:0000x016 x15:00000fff
14220018ns          236703 1c008750 41e585b3 sub              x11, x11, x30       x11=00000000 x11:00000ee4 x30:00000ee4
14220058ns          236705 1c008754 00aa0a33 add              x20, x20, x10       x20=00000000 x20:00000000 x10:00000000
14220078ns          236706 1c008756 00b035b3 sltu             x11, x0, x11        x11=00000000 x11:00000000
14220097ns          236707 1c00875a 41060633 sub              x12, x12, x16       x12=00000000 x12:00000016 x16:00000016
14220117ns          236708 1c00875e 00ba0a33 add              x20, x20, x11       x20=00000000 x20:00000000 x11:00000000
14220137ns          236709 1c008760 00c03633 sltu             x12, x0, x12        x12=00000000 x12:00000000
14220157ns          236710 1c008764 00840413 addi             x8, x8, 8            x8=00000087  x8:0000007f
14220177ns          236711 1c008766 00ca0a33 add              x20, x20, x12       x20=00000000 x20:00000000 x12:00000000
14220197ns          236712 1c008768 10068693 addi             x13, x13, 256       x13=100043e0 x13:100042e0
14220217ns          236713 1c00876c 04940563 beq              x8, x9, 74           x8:00000087  x9:00000087
14220794ns          236742 1c0087b6 1c000537 lui              x10, 0x1c000000     x10=1c000000
14220813ns          236743 1c0087ba 014006b3 add              x13, x0, x20        x13=00000000 x20:00000000
14220833ns          236744 1c0087bc 01200633 add              x12, x0, x18        x12=00000007 x18:00000007
14220873ns          236746 1c0087be 00190593 addi             x11, x18, 1         x11=00000008 x18:00000007
14220913ns          236748 1c0087c2 05850513 addi             x10, x10, 88        x10=1c000058 x10:1c000000
14220933ns          236749 1c0087c6 434000ef jal              x1, 1076             x1=1c0087c8
14221012ns          236753 1c008bfa fc010113 addi             x2, x2, -64          x2=10003f58  x2:10003f98
14221052ns          236755 1c008bfc 02410313 addi             x6, x2, 36           x6=10003f7c  x2:10003f58
14221112ns          236758 1c008c00 02c12423 sw               x12, 40(x2)         x12:00000007  x2:10003f58  PA:10003f80
14221132ns          236759 1c008c02 00a00633 add              x12, x0, x10        x12=1c000058 x10:1c000058
14221152ns          236760 1c008c04 1c009537 lui              x10, 0x1c009000     x10=1c009000
14221171ns          236761 1c008c08 02b12223 sw               x11, 36(x2)         x11:00000008  x2:10003f58  PA:10003f7c
14221191ns          236762 1c008c0a 02d12623 sw               x13, 44(x2)         x13:00000000  x2:10003f58  PA:10003f84
14221211ns          236763 1c008c0c 00200593 addi             x11, x0, 2          x11=00000002
14221231ns          236764 1c008c0e 006006b3 add              x13, x0, x6         x13=10003f7c  x6:10003f7c
14221251ns          236765 1c008c10 bb650513 addi             x10, x10, -1098     x10=1c008bb6 x10:1c009000
14221291ns          236767 1c008c14 00112e23 sw               x1, 28(x2)           x1:1c0087c8  x2:10003f58  PA:10003f74
14221311ns          236768 1c008c16 02e12823 sw               x14, 48(x2)         x14:1c000b50  x2:10003f58  PA:10003f88
14221331ns          236769 1c008c18 02f12a23 sw               x15, 52(x2)         x15:00000fff  x2:10003f58  PA:10003f8c
14221350ns          236770 1c008c1a 03012c23 sw               x16, 56(x2)         x16:00000016  x2:10003f58  PA:10003f90
14221370ns          236771 1c008c1c 03112e23 sw               x17, 60(x2)         x17:0000x016  x2:10003f58  PA:10003f94
14221390ns          236772 1c008c1e 00612623 sw               x6, 12(x2)           x6:10003f7c  x2:10003f58  PA:10003f64
14221410ns          236773 1c008c20 fbfff0ef jal              x1, -66              x1=1c008c22
14221490ns          236777 1c008bde 04a0006f jal              x0, 74             
14221529ns          236779 1c008c28 ec010113 addi             x2, x2, -320         x2=10003e18  x2:10003f58
14221549ns          236780 1c008c2a 13312623 sw               x19, 300(x2)        x19:0000x01f  x2:10003e18  PA:10003f44
14221609ns          236783 1c008c2e 12112e23 sw               x1, 316(x2)          x1:1c008c22  x2:10003e18  PA:10003f54
14221649ns          236785 1c008c32 12812c23 sw               x8, 312(x2)          x8:00000087  x2:10003e18  PA:10003f50
14221669ns          236786 1c008c36 12912a23 sw               x9, 308(x2)          x9:00000087  x2:10003e18  PA:10003f4c
14221688ns          236787 1c008c3a 13212823 sw               x18, 304(x2)        x18:00000007  x2:10003e18  PA:10003f48
14221748ns          236790 1c008c3e 13412423 sw               x20, 296(x2)        x20:00000000  x2:10003e18  PA:10003f40
14221788ns          236792 1c008c42 13512223 sw               x21, 292(x2)        x21:000001f8  x2:10003e18  PA:10003f3c
14221808ns          236793 1c008c46 13612023 sw               x22, 288(x2)        x22:000001f4  x2:10003e18  PA:10003f38
14221828ns          236794 1c008c4a 11712e23 sw               x23, 284(x2)        x23:000000cf  x2:10003e18  PA:10003f34
14221887ns          236797 1c008c4e 11812c23 sw               x24, 280(x2)        x24:00000b92  x2:10003e18  PA:10003f30
14221927ns          236799 1c008c52 11912a23 sw               x25, 276(x2)        x25:1c000ab8  x2:10003e18  PA:10003f2c
14221947ns          236800 1c008c56 11a12823 sw               x26, 272(x2)        x26:070e0000  x2:10003e18  PA:10003f28
14221967ns          236801 1c008c5a 11b12623 sw               x27, 268(x2)        x27:09c90594  x2:10003e18  PA:10003f24
14221987ns          236802 1c008c5e 00c009b3 add              x19, x0, x12        x19=1c000058 x12:1c000058
14222027ns          236804 1c008c60 0019c78b p.lbu            x15, 1(x19!)        x15=00000046 x19=1c000059 x19:1c000058  PA:1c000058
14222504ns          236828 1c008c64 00d12c23 sw               x13, 24(x2)         x13:10003f7c  x2:10003e18  PA:10003e30
14222524ns          236829 1c008c66 6a0788e3 beq              x15, x0, 3760       x15:00000046
14222544ns          236830 1c008c6a 1c000737 lui              x14, 0x1c000000     x14=1c000000
14222564ns          236831 1c008c6e 0c472703 lw               x14, 196(x14)       x14=20202020 x14:1c000000  PA:1c0000c4
14222862ns          236846 1c008c72 03410d93 addi             x27, x2, 52         x27=10003e4c  x2:10003e18
14222882ns          236847 1c008c76 00a00cb3 add              x25, x0, x10        x25=1c008bb6 x10:1c008bb6
14222902ns          236848 1c008c78 02e12023 sw               x14, 32(x2)         x14:20202020  x2:10003e18  PA:10003e38
14222922ns          236849 1c008c7a 03610713 addi             x14, x2, 54         x14=10003e4e  x2:10003e18
14222941ns          236850 1c008c7e fff74713 xori             x14, x14, -1        x14=efffc1b1 x14:10003e4e
14222961ns          236851 1c008c82 02e12223 sw               x14, 36(x2)         x14:efffc1b1  x2:10003e18  PA:10003e3c
14222981ns          236852 1c008c84 fffdc713 xori             x14, x27, -1        x14=efffc1b3 x27:10003e4c
14223001ns          236853 1c008c88 00b004b3 add              x9, x0, x11          x9=00000002 x11:00000002
14223021ns          236854 1c008c8a 00000413 addi             x8, x0, 0            x8=00000000
14223041ns          236855 1c008c8c 1c000d37 lui              x26, 0x1c000000     x26=1c000000
14223061ns          236856 1c008c90 02e12423 sw               x14, 40(x2)         x14:efffc1b3  x2:10003e18  PA:10003e40
14223081ns          236857 1c008c92 01300a33 add              x20, x0, x19        x20=1c000059 x19:1c000059
14223101ns          236858 1c008c94 00f00533 add              x10, x0, x15        x10=00000046 x15:00000046
14223120ns          236859 1c008c96 02500793 addi             x15, x0, 37         x15=00000025
14223140ns          236860 1c008c9a 04f50763 beq              x10, x15, 78        x10:00000046 x15:00000025
14223160ns          236861 1c008c9e 009005b3 add              x11, x0, x9         x11=00000002  x9:00000002
14223200ns          236863 1c008ca0 000c80e7 jalr             x1, x25, 0           x1=1c008ca2 x25:1c008bb6
14223538ns          236880 1c008bb6 000026b7 lui              x13, 0x2000         x13=00002000
14223578ns          236882 1c008bb8 f8068693 addi             x13, x13, -128      x13=00001f80 x13:00002000
14223598ns          236883 1c008bbc f14027f3 csrrs            x15, x0, 0xf14      x15=00000007
14223657ns          236886 1c008bc0 00379713 slli             x14, x15, 0x3       x14=00000038 x15:00000007
14223697ns          236888 1c008bc4 00279793 slli             x15, x15, 0x2       x15=0000001c x15:00000007
14223717ns          236889 1c008bc6 00d7f7b3 and              x15, x15, x13       x15=00000000 x15:0000001c x13:00001f80
14223737ns          236890 1c008bc8 ee873733 p.bclr           x14, x14, 23, 8     x14=00000038 x14:00000038
14223757ns          236891 1c008bcc 1a10f6b7 lui              x13, 0x1a10f000     x13=1a10f000
14223777ns          236892 1c008bd0 00d70733 add              x14, x14, x13       x14=1a10f038 x14:00000038 x13:1a10f000
14223797ns          236893 1c008bd2 00e787b3 add              x15, x15, x14       x15=1a10f038 x15:00000000 x14:1a10f038
14223817ns          236894 1c008bd4 0ff57513 andi             x10, x10, 255       x10=00000046 x10:00000046
14223836ns          236895 1c008bd8 00a7a023 sw               x10, 0(x15)         x10:00000046 x15:1a10f038  PA:1a10f038
14224473ns          236927 1c008bda 00000513 addi             x10, x0, 0          x10=00000000
14224493ns          236928 1c008bdc 00008067 jalr             x0, x1, 0            x1:1c008ca2
14224552ns          236931 1c008ca2 4df52863 p.beqimm         x10, 1232           x10:00000000
14224572ns          236932 1c008ca6 00140413 addi             x8, x8, 1            x8=00000001  x8:00000000
14224592ns          236933 1c008ca8 001a450b p.lbu            x10, 1(x20!)        x10=00000046 x20=1c00005a x20:1c000059  PA:1c000059
14224910ns          236949 1c008cac fe0515e3 bne              x10, x0, -22        x10:00000046
14224990ns          236953 1c008c96 02500793 addi             x15, x0, 37         x15=00000025
14225010ns          236954 1c008c9a 04f50763 beq              x10, x15, 78        x10:00000046 x15:00000025
14225030ns          236955 1c008c9e 009005b3 add              x11, x0, x9         x11=00000002  x9:00000002
14225050ns          236956 1c008ca0 000c80e7 jalr             x1, x25, 0           x1=1c008ca2 x25:1c008bb6
14225089ns          236958 1c008bb6 000026b7 lui              x13, 0x2000         x13=00002000
14225109ns          236959 1c008bb8 f8068693 addi             x13, x13, -128      x13=00001f80 x13:00002000
14225129ns          236960 1c008bbc f14027f3 csrrs            x15, x0, 0xf14      x15=00000007
14225149ns          236961 1c008bc0 00379713 slli             x14, x15, 0x3       x14=00000038 x15:00000007
14225169ns          236962 1c008bc4 00279793 slli             x15, x15, 0x2       x15=0000001c x15:00000007
14225189ns          236963 1c008bc6 00d7f7b3 and              x15, x15, x13       x15=00000000 x15:0000001c x13:00001f80
14225209ns          236964 1c008bc8 ee873733 p.bclr           x14, x14, 23, 8     x14=00000038 x14:00000038
14225229ns          236965 1c008bcc 1a10f6b7 lui              x13, 0x1a10f000     x13=1a10f000
14225248ns          236966 1c008bd0 00d70733 add              x14, x14, x13       x14=1a10f038 x14:00000038 x13:1a10f000
14225268ns          236967 1c008bd2 00e787b3 add              x15, x15, x14       x15=1a10f038 x15:00000000 x14:1a10f038
14225288ns          236968 1c008bd4 0ff57513 andi             x10, x10, 255       x10=00000046 x10:00000046
14225308ns          236969 1c008bd8 00a7a023 sw               x10, 0(x15)         x10:00000046 x15:1a10f038  PA:1a10f038
14225646ns          236986 1c008bda 00000513 addi             x10, x0, 0          x10=00000000
14225666ns          236987 1c008bdc 00008067 jalr             x0, x1, 0            x1:1c008ca2
14225726ns          236990 1c008ca2 4df52863 p.beqimm         x10, 1232           x10:00000000
14225746ns          236991 1c008ca6 00140413 addi             x8, x8, 1            x8=00000002  x8:00000001
14225766ns          236992 1c008ca8 001a450b p.lbu            x10, 1(x20!)        x10=00000054 x20=1c00005b x20:1c00005a  PA:1c00005a
14226084ns          237008 1c008cac fe0515e3 bne              x10, x0, -22        x10:00000054
14226163ns          237012 1c008c96 02500793 addi             x15, x0, 37         x15=00000025
14226183ns          237013 1c008c9a 04f50763 beq              x10, x15, 78        x10:00000054 x15:00000025
14226203ns          237014 1c008c9e 009005b3 add              x11, x0, x9         x11=00000002  x9:00000002
14226223ns          237015 1c008ca0 000c80e7 jalr             x1, x25, 0           x1=1c008ca2 x25:1c008bb6
14226263ns          237017 1c008bb6 000026b7 lui              x13, 0x2000         x13=00002000
14226283ns          237018 1c008bb8 f8068693 addi             x13, x13, -128      x13=00001f80 x13:00002000
14226303ns          237019 1c008bbc f14027f3 csrrs            x15, x0, 0xf14      x15=00000007
14226322ns          237020 1c008bc0 00379713 slli             x14, x15, 0x3       x14=00000038 x15:00000007
14226342ns          237021 1c008bc4 00279793 slli             x15, x15, 0x2       x15=0000001c x15:00000007
14226362ns          237022 1c008bc6 00d7f7b3 and              x15, x15, x13       x15=00000000 x15:0000001c x13:00001f80
14226382ns          237023 1c008bc8 ee873733 p.bclr           x14, x14, 23, 8     x14=00000038 x14:00000038
14226402ns          237024 1c008bcc 1a10f6b7 lui              x13, 0x1a10f000     x13=1a10f000
14226422ns          237025 1c008bd0 00d70733 add              x14, x14, x13       x14=1a10f038 x14:00000038 x13:1a10f000
14226442ns          237026 1c008bd2 00e787b3 add              x15, x15, x14       x15=1a10f038 x15:00000000 x14:1a10f038
14226462ns          237027 1c008bd4 0ff57513 andi             x10, x10, 255       x10=00000054 x10:00000054
14226482ns          237028 1c008bd8 00a7a023 sw               x10, 0(x15)         x10:00000054 x15:1a10f038  PA:1a10f038
14226839ns          237046 1c008bda 00000513 addi             x10, x0, 0          x10=00000000
14226859ns          237047 1c008bdc 00008067 jalr             x0, x1, 0            x1:1c008ca2
14226919ns          237050 1c008ca2 4df52863 p.beqimm         x10, 1232           x10:00000000
14226939ns          237051 1c008ca6 00140413 addi             x8, x8, 1            x8=00000003  x8:00000002
14226959ns          237052 1c008ca8 001a450b p.lbu            x10, 1(x20!)        x10=00000025 x20=1c00005c x20:1c00005b  PA:1c00005b
14227297ns          237069 1c008cac fe0515e3 bne              x10, x0, -22        x10:00000025
14227376ns          237073 1c008c96 02500793 addi             x15, x0, 37         x15=00000025
14227396ns          237074 1c008c9a 04f50763 beq              x10, x15, 78        x10:00000025 x15:00000025
14227496ns          237079 1c008ce8 01400c33 add              x24, x0, x20        x24=1c00005c x20:1c00005c
14227536ns          237081 1c008cea 000c4a03 lbu              x20, 0(x24)         x20=00000064 x24:1c00005c  PA:1c00005c
14227854ns          237097 1c008cee 0b4d0513 addi             x10, x26, 180       x10=1c0000b4 x26:1c000000
14227874ns          237098 1c008cf2 00912e23 sw               x9, 28(x2)           x9:00000002  x2:10003e18  PA:10003e34
14227894ns          237099 1c008cf4 014005b3 add              x11, x0, x20        x11=00000064 x20:00000064
14227913ns          237100 1c008cf6 00012823 sw               x0, 16(x2)           x2:10003e18  PA:10003e28
14227933ns          237101 1c008cf8 00012a23 sw               x0, 20(x2)           x2:10003e18  PA:10003e2c
14227953ns          237102 1c008cfa 00012623 sw               x0, 12(x2)           x2:10003e18  PA:10003e24
14227973ns          237103 1c008cfc 001c0493 addi             x9, x24, 1           x9=1c00005d x24:1c00005c
14227993ns          237104 1c008d00 e41ff0ef jal              x1, -448             x1=1c008d02
14228073ns          237108 1c008b40 00054703 lbu              x14, 0(x10)         x14=0000002d x10:1c0000b4  PA:1c0000b4
14228391ns          237124 1c008b44 0ff5f593 andi             x11, x11, 255       x11=00000064 x11:00000064
14228411ns          237125 1c008b48 00a007b3 add              x15, x0, x10        x15=1c0000b4 x10:1c0000b4
14228431ns          237126 1c008b4a 00b70863 beq              x14, x11, 16        x14:0000002d x11:00000064
14228450ns          237127 1c008b4e 00070863 beq              x14, x0, 16         x14:0000002d
14228470ns          237128 1c008b50 0017c703 lbu              x14, 1(x15)         x14=0000002b x15:1c0000b4  PA:1c0000b5
14228789ns          237144 1c008b54 00178793 addi             x15, x15, 1         x15=1c0000b5 x15:1c0000b4
14228808ns          237145 1c008b56 feb71ce3 bne              x14, x11, -8        x14:0000002b x11:00000064
14228868ns          237148 1c008b4e 00070863 beq              x14, x0, 16         x14:0000002b
14228888ns          237149 1c008b50 0017c703 lbu              x14, 1(x15)         x14=00000020 x15:1c0000b5  PA:1c0000b6
14229186ns          237164 1c008b54 00178793 addi             x15, x15, 1         x15=1c0000b6 x15:1c0000b5
14229206ns          237165 1c008b56 feb71ce3 bne              x14, x11, -8        x14:00000020 x11:00000064
14229266ns          237168 1c008b4e 00070863 beq              x14, x0, 16         x14:00000020
14229286ns          237169 1c008b50 0017c703 lbu              x14, 1(x15)         x14=00000023 x15:1c0000b6  PA:1c0000b7
14229584ns          237184 1c008b54 00178793 addi             x15, x15, 1         x15=1c0000b7 x15:1c0000b6
14229604ns          237185 1c008b56 feb71ce3 bne              x14, x11, -8        x14:00000023 x11:00000064
14229664ns          237188 1c008b4e 00070863 beq              x14, x0, 16         x14:00000023
14229683ns          237189 1c008b50 0017c703 lbu              x14, 1(x15)         x14=00000030 x15:1c0000b7  PA:1c0000b8
14230002ns          237205 1c008b54 00178793 addi             x15, x15, 1         x15=1c0000b8 x15:1c0000b7
14230022ns          237206 1c008b56 feb71ce3 bne              x14, x11, -8        x14:00000030 x11:00000064
14230081ns          237209 1c008b4e 00070863 beq              x14, x0, 16         x14:00000030
14230101ns          237210 1c008b50 0017c703 lbu              x14, 1(x15)         x14=00000000 x15:1c0000b8  PA:1c0000b9
14230399ns          237225 1c008b54 00178793 addi             x15, x15, 1         x15=1c0000b9 x15:1c0000b8
14230419ns          237226 1c008b56 feb71ce3 bne              x14, x11, -8        x14:00000000 x11:00000064
14230479ns          237229 1c008b4e 00070863 beq              x14, x0, 16         x14:00000000
14230539ns          237232 1c008b5e 00000513 addi             x10, x0, 0          x10=00000000
14230559ns          237233 1c008b60 fe058de3 beq              x11, x0, -6         x11:00000064
14230578ns          237234 1c008b62 00008067 jalr             x0, x1, 0            x1:1c008d02
14230638ns          237237 1c008d02 02000913 addi             x18, x0, 32         x18=00000020
14230658ns          237238 1c008d06 00000993 addi             x19, x0, 0          x19=00000000
14230678ns          237239 1c008d08 02b00a93 addi             x21, x0, 43         x21=0000002b
14230698ns          237240 1c008d0c 02d00b93 addi             x23, x0, 45         x23=0000002d
14230738ns          237242 1c008d10 03000b13 addi             x22, x0, 48         x22=00000030
14230777ns          237244 1c008d14 00900633 add              x12, x0, x9         x12=1c00005d  x9:1c00005d
14230797ns          237245 1c008d16 02050963 beq              x10, x0, 50         x10:00000000
14230956ns          237253 1c008d48 03312623 sw               x19, 44(x2)         x19:00000000  x2:10003e18  PA:10003e44
14230996ns          237255 1c008d4a 02a00693 addi             x13, x0, 42         x13=0000002a
14231016ns          237256 1c008d4e 014009b3 add              x19, x0, x20        x19=00000064 x20:00000064
14231056ns          237258 1c008d50 01800a33 add              x20, x0, x24        x20=1c00005c x24:1c00005c
14231076ns          237259 1c008d52 00900c33 add              x24, x0, x9         x24=1c00005d  x9:1c00005d
14231096ns          237260 1c008d54 01c12483 lw               x9, 28(x2)           x9=00000002  x2:10003e18  PA:10003e34
14231115ns          237261 1c008d56 42d98063 beq              x19, x13, 1056      x19:00000064 x13:0000002a
14231135ns          237262 1c008d5a fd098693 addi             x13, x19, -48       x13=00000034 x19:00000064
14231155ns          237263 1c008d5e 00900513 addi             x10, x0, 9          x10=00000009
14231195ns          237265 1c008d60 00000a93 addi             x21, x0, 0          x21=00000000
14231235ns          237267 1c008d62 3cd57f63 bgeu             x10, x13, 990       x10:00000009 x13:00000034
14231255ns          237268 1c008d66 02e00793 addi             x15, x0, 46         x15=0000002e
14231275ns          237269 1c008d6a fff00b13 addi             x22, x0, -1         x22=ffffffff
14231294ns          237270 1c008d6c 04f981e3 beq              x19, x15, 2114      x19:00000064 x15:0000002e
14231334ns          237272 1c008d70 1c0007b7 lui              x15, 0x1c000000     x15=1c000000
14231374ns          237274 1c008d74 013005b3 add              x11, x0, x19        x11=00000064 x19:00000064
14231394ns          237275 1c008d76 0bc78513 addi             x10, x15, 188       x10=1c0000bc x15:1c000000
14231414ns          237276 1c008d7a 00c12e23 sw               x12, 28(x2)         x12:1c00005d  x2:10003e18  PA:10003e34
14231434ns          237277 1c008d7c dc5ff0ef jal              x1, -572             x1=1c008d7e
14231513ns          237281 1c008b40 00054703 lbu              x14, 0(x10)         x14=00000068 x10:1c0000bc  PA:1c0000bc
14231871ns          237299 1c008b44 0ff5f593 andi             x11, x11, 255       x11=00000064 x11:00000064
14231891ns          237300 1c008b48 00a007b3 add              x15, x0, x10        x15=1c0000bc x10:1c0000bc
14231911ns          237301 1c008b4a 00b70863 beq              x14, x11, 16        x14:00000068 x11:00000064
14231931ns          237302 1c008b4e 00070863 beq              x14, x0, 16         x14:00000068
14231951ns          237303 1c008b50 0017c703 lbu              x14, 1(x15)         x14=0000006c x15:1c0000bc  PA:1c0000bd
14232249ns          237318 1c008b54 00178793 addi             x15, x15, 1         x15=1c0000bd x15:1c0000bc
14232269ns          237319 1c008b56 feb71ce3 bne              x14, x11, -8        x14:0000006c x11:00000064
14232329ns          237322 1c008b4e 00070863 beq              x14, x0, 16         x14:0000006c
14232348ns          237323 1c008b50 0017c703 lbu              x14, 1(x15)         x14=0000004c x15:1c0000bd  PA:1c0000be
14232687ns          237340 1c008b54 00178793 addi             x15, x15, 1         x15=1c0000be x15:1c0000bd
14232706ns          237341 1c008b56 feb71ce3 bne              x14, x11, -8        x14:0000004c x11:00000064
14232766ns          237344 1c008b4e 00070863 beq              x14, x0, 16         x14:0000004c
14232786ns          237345 1c008b50 0017c703 lbu              x14, 1(x15)         x14=0000007a x15:1c0000be  PA:1c0000bf
14233084ns          237360 1c008b54 00178793 addi             x15, x15, 1         x15=1c0000bf x15:1c0000be
14233104ns          237361 1c008b56 feb71ce3 bne              x14, x11, -8        x14:0000007a x11:00000064
14233164ns          237364 1c008b4e 00070863 beq              x14, x0, 16         x14:0000007a
14233184ns          237365 1c008b50 0017c703 lbu              x14, 1(x15)         x14=00000000 x15:1c0000bf  PA:1c0000c0
14233482ns          237380 1c008b54 00178793 addi             x15, x15, 1         x15=1c0000c0 x15:1c0000bf
14233502ns          237381 1c008b56 feb71ce3 bne              x14, x11, -8        x14:00000000 x11:00000064
14233562ns          237384 1c008b4e 00070863 beq              x14, x0, 16         x14:00000000
14233621ns          237387 1c008b5e 00000513 addi             x10, x0, 0          x10=00000000
14233641ns          237388 1c008b60 fe058de3 beq              x11, x0, -6         x11:00000064
14233661ns          237389 1c008b62 00008067 jalr             x0, x1, 0            x1:1c008d7e
14233701ns          237391 1c008d7e 01c12603 lw               x12, 28(x2)         x12=1c00005d  x2:10003e18  PA:10003e34
14233741ns          237393 1c008d80 00c00a33 add              x20, x0, x12        x20=1c00005d x12:1c00005d
14233761ns          237394 1c008d82 00050563 beq              x10, x0, 10         x10:00000000
14234238ns          237418 1c008d8c 06900793 addi             x15, x0, 105        x15=00000069
14234258ns          237419 1c008d90 1cf98be3 beq              x19, x15, 2518      x19:00000064 x15:00000069
14234278ns          237420 1c008d94 4b37ce63 blt              x15, x19, 1212      x15:00000069 x19:00000064
14234297ns          237421 1c008d98 05800793 addi             x15, x0, 88         x15=00000058
14234317ns          237422 1c008d9c 4cf98863 beq              x19, x15, 1232      x19:00000064 x15:00000058
14234675ns          237440 1c008da0 3f37cd63 blt              x15, x19, 1018      x15:00000058 x19:00000064
14234815ns          237447 1c00919a 06400793 addi             x15, x0, 100        x15=00000064
14234874ns          237450 1c00919e 5cf98463 beq              x19, x15, 1480      x19:00000064 x15:00000064
14234974ns          237455 1c009766 01812b83 lw               x23, 24(x2)         x23=10003f7c  x2:10003e18  PA:10003e30
14235013ns          237457 1c009768 004ba60b p.lw             x12, 4(x23!)        x12=00000008 x23=10003f80 x23:10003f7c  PA:10003f7c
14235053ns          237459 1c00976c 48064963 blt              x12, x0, 1170       x12:00000008
14235093ns          237461 1c009770 01412783 lw               x15, 20(x2)         x15=00000000  x2:10003e18  PA:10003e2c
14235113ns          237462 1c009772 00c00733 add              x14, x0, x12        x14=00000008 x12:00000008
14235133ns          237463 1c009774 56078863 beq              x15, x0, 1392       x15:00000000
14235232ns          237468 1c009ce4 01012783 lw               x15, 16(x2)         x15=00000000  x2:10003e18  PA:10003e28
14235252ns          237469 1c009ce6 01b00533 add              x10, x0, x27        x10=10003e4c x27:10003e4c
14235272ns          237470 1c009ce8 a8078ee3 beq              x15, x0, -1380      x15:00000000
14235431ns          237478 1c009784 00a007b3 add              x15, x0, x10        x15=10003e4c x10:10003e4c
14235451ns          237479 1c009786 00a00593 addi             x11, x0, 10         x11=0000000a
14235471ns          237480 1c009788 00900313 addi             x6, x0, 9            x6=00000009
14235491ns          237481 1c00978a 02b776b3 remu             x13, x14, x11       x13=00000008 x14:00000008 x11:0000000a
14236107ns          237512 1c00978e 00e00833 add              x16, x0, x14        x16=00000008 x14:00000008
14236127ns          237513 1c009790 00f008b3 add              x17, x0, x15        x17=10003e4c x15:10003e4c
14236147ns          237514 1c009792 03068693 addi             x13, x13, 48        x13=00000038 x13:00000008
14236167ns          237515 1c009796 00d780ab p.sb             x13, 1(x15!)        x15=10003e4d x13:00000038 x15:10003e4c  PA:10003e4c
14236187ns          237516 1c00979a 02b75733 divu             x14, x14, x11       x14=00000000 x14:00000008 x11:0000000a
14236823ns          237548 1c00979e ff0366e3 bltu             x6, x16, -20         x6:00000009 x16:00000008
14236843ns          237549 1c0097a2 40a78733 sub              x14, x15, x10       x14=00000001 x15:10003e4d x10:10003e4c
14236863ns          237550 1c0097a6 01675c63 bge              x14, x22, 24        x14:00000001 x22:ffffffff
14237480ns          237581 1c0097be 00078023 sb               x0, 0(x15)          x15:10003e4d  PA:10003e4d
14237519ns          237583 1c0097c2 0b157563 bgeu             x10, x17, 170       x10:10003e4c x17:10003e4c
14237619ns          237588 1c00986c 01412703 lw               x14, 20(x2)         x14=00000000  x2:10003e18  PA:10003e2c
14237639ns          237589 1c00986e 01012683 lw               x13, 16(x2)         x13=00000000  x2:10003e18  PA:10003e28
14237698ns          237592 1c009870 41b787b3 sub              x15, x15, x27       x15=00000001 x15:10003e4d x27:10003e4c
14237738ns          237594 1c009874 00d76733 or               x14, x14, x13       x14=00000000 x14:00000000 x13:00000000
14237758ns          237595 1c009876 02e12623 sw               x14, 44(x2)         x14:00000000  x2:10003e18  PA:10003e44
14237818ns          237598 1c009878 b0071be3 bne              x14, x0, -1258      x14:00000000
14237838ns          237599 1c00987c 01f65713 srli             x14, x12, 0x1f      x14=00000000 x12:00000008
14237857ns          237600 1c009880 02e12623 sw               x14, 44(x2)         x14:00000000  x2:10003e18  PA:10003e44
14237917ns          237603 1c009882 b0dff06f jal              x0, -1268          
14238017ns          237608 1c00938e ebfb2be3 p.beqimm         x22, -330           x22:ffffffff
14238116ns          237613 1c009244 0c800713 addi             x14, x0, 200        x14=000000c8
14238156ns          237615 1c009248 14f75b63 bge              x14, x15, 342       x14:000000c8 x15:00000001
14238335ns          237624 1c00939e 00178613 addi             x12, x15, 1         x12=00000002 x15:00000001
14238375ns          237626 1c0093a2 0557c863 blt              x15, x21, 80        x15:00000001 x21:00000000
14238394ns          237627 1c0093a6 01712c23 sw               x23, 24(x2)         x23:10003f80  x2:10003e18  PA:10003e30
14238414ns          237628 1c0093a8 00f00ab3 add              x21, x0, x15        x21=00000001 x15:00000001
14238434ns          237629 1c0093aa 8e0a8fe3 beq              x21, x0, -1794      x21:00000001
14238454ns          237630 1c0093ae 01b00933 add              x18, x0, x27        x18=10003e4c x27:10003e4c
14238474ns          237631 1c0093b0 41b409b3 sub              x19, x8, x27        x19=efffc1b7  x8:00000003 x27:10003e4c
14238494ns          237632 1c0093b4 01ba8ab3 add              x21, x21, x27       x21=10003e4d x21:00000001 x27:10003e4c
14238514ns          237633 1c0093b6 00a0006f jal              x0, 10             
14238931ns          237654 1c0093c0 0019450b p.lbu            x10, 1(x18!)        x10=00000038 x18=10003e4d x18:10003e4c  PA:10003e4c
14238971ns          237656 1c0093c4 009005b3 add              x11, x0, x9         x11=00000002  x9:00000002
14238991ns          237657 1c0093c6 000c80e7 jalr             x1, x25, 0           x1=1c0093c8 x25:1c008bb6
14239110ns          237663 1c008bb6 000026b7 lui              x13, 0x2000         x13=00002000
14239130ns          237664 1c008bb8 f8068693 addi             x13, x13, -128      x13=00001f80 x13:00002000
14239150ns          237665 1c008bbc f14027f3 csrrs            x15, x0, 0xf14      x15=00000007
14239170ns          237666 1c008bc0 00379713 slli             x14, x15, 0x3       x14=00000038 x15:00000007
14239190ns          237667 1c008bc4 00279793 slli             x15, x15, 0x2       x15=0000001c x15:00000007
14239210ns          237668 1c008bc6 00d7f7b3 and              x15, x15, x13       x15=00000000 x15:0000001c x13:00001f80
14239230ns          237669 1c008bc8 ee873733 p.bclr           x14, x14, 23, 8     x14=00000038 x14:00000038
14239250ns          237670 1c008bcc 1a10f6b7 lui              x13, 0x1a10f000     x13=1a10f000
14239289ns          237672 1c008bd0 00d70733 add              x14, x14, x13       x14=1a10f038 x14:00000038 x13:1a10f000
14239309ns          237673 1c008bd2 00e787b3 add              x15, x15, x14       x15=1a10f038 x15:00000000 x14:1a10f038
14239329ns          237674 1c008bd4 0ff57513 andi             x10, x10, 255       x10=00000038 x10:00000038
14239349ns          237675 1c008bd8 00a7a023 sw               x10, 0(x15)         x10:00000038 x15:1a10f038  PA:1a10f038
14240005ns          237708 1c008bda 00000513 addi             x10, x0, 0          x10=00000000
14240025ns          237709 1c008bdc 00008067 jalr             x0, x1, 0            x1:1c0093c8
14240065ns          237711 1c0093c8 fff538e3 p.bneimm         x10, -16            x10:00000000
14240125ns          237714 1c0093b8 01298433 add              x8, x19, x18         x8=00000004 x19:efffc1b7 x18:10003e4d
14240145ns          237715 1c0093bc 8f2a86e3 beq              x21, x18, -1812     x21:10003e4d x18:10003e4d
14240204ns          237718 1c008ca8 001a450b p.lbu            x10, 1(x20!)        x10=00000020 x20=1c00005e x20:1c00005d  PA:1c00005d
14240542ns          237735 1c008cac fe0515e3 bne              x10, x0, -22        x10:00000020
14240682ns          237742 1c008c96 02500793 addi             x15, x0, 37         x15=00000025
14240701ns          237743 1c008c9a 04f50763 beq              x10, x15, 78        x10:00000020 x15:00000025
14240721ns          237744 1c008c9e 009005b3 add              x11, x0, x9         x11=00000002  x9:00000002
14240741ns          237745 1c008ca0 000c80e7 jalr             x1, x25, 0           x1=1c008ca2 x25:1c008bb6
14240781ns          237747 1c008bb6 000026b7 lui              x13, 0x2000         x13=00002000
14240801ns          237748 1c008bb8 f8068693 addi             x13, x13, -128      x13=00001f80 x13:00002000
14240821ns          237749 1c008bbc f14027f3 csrrs            x15, x0, 0xf14      x15=00000007
14240841ns          237750 1c008bc0 00379713 slli             x14, x15, 0x3       x14=00000038 x15:00000007
14240861ns          237751 1c008bc4 00279793 slli             x15, x15, 0x2       x15=0000001c x15:00000007
14240880ns          237752 1c008bc6 00d7f7b3 and              x15, x15, x13       x15=00000000 x15:0000001c x13:00001f80
14240900ns          237753 1c008bc8 ee873733 p.bclr           x14, x14, 23, 8     x14=00000038 x14:00000038
14240920ns          237754 1c008bcc 1a10f6b7 lui              x13, 0x1a10f000     x13=1a10f000
14240940ns          237755 1c008bd0 00d70733 add              x14, x14, x13       x14=1a10f038 x14:00000038 x13:1a10f000
14240960ns          237756 1c008bd2 00e787b3 add              x15, x15, x14       x15=1a10f038 x15:00000000 x14:1a10f038
14240980ns          237757 1c008bd4 0ff57513 andi             x10, x10, 255       x10=00000020 x10:00000020
14241000ns          237758 1c008bd8 00a7a023 sw               x10, 0(x15)         x10:00000020 x15:1a10f038  PA:1a10f038
14241378ns          237777 1c008bda 00000513 addi             x10, x0, 0          x10=00000000
14241398ns          237778 1c008bdc 00008067 jalr             x0, x1, 0            x1:1c008ca2
14241457ns          237781 1c008ca2 4df52863 p.beqimm         x10, 1232           x10:00000000
14241477ns          237782 1c008ca6 00140413 addi             x8, x8, 1            x8=00000005  x8:00000004
14241497ns          237783 1c008ca8 001a450b p.lbu            x10, 1(x20!)        x10=00000028 x20=1c00005f x20:1c00005e  PA:1c00005e
14241835ns          237800 1c008cac fe0515e3 bne              x10, x0, -22        x10:00000028
14241915ns          237804 1c008c96 02500793 addi             x15, x0, 37         x15=00000025
14241934ns          237805 1c008c9a 04f50763 beq              x10, x15, 78        x10:00000028 x15:00000025
14241954ns          237806 1c008c9e 009005b3 add              x11, x0, x9         x11=00000002  x9:00000002
14241974ns          237807 1c008ca0 000c80e7 jalr             x1, x25, 0           x1=1c008ca2 x25:1c008bb6
14242014ns          237809 1c008bb6 000026b7 lui              x13, 0x2000         x13=00002000
14242034ns          237810 1c008bb8 f8068693 addi             x13, x13, -128      x13=00001f80 x13:00002000
14242054ns          237811 1c008bbc f14027f3 csrrs            x15, x0, 0xf14      x15=00000007
14242074ns          237812 1c008bc0 00379713 slli             x14, x15, 0x3       x14=00000038 x15:00000007
14242094ns          237813 1c008bc4 00279793 slli             x15, x15, 0x2       x15=0000001c x15:00000007
14242113ns          237814 1c008bc6 00d7f7b3 and              x15, x15, x13       x15=00000000 x15:0000001c x13:00001f80
14242133ns          237815 1c008bc8 ee873733 p.bclr           x14, x14, 23, 8     x14=00000038 x14:00000038
14242153ns          237816 1c008bcc 1a10f6b7 lui              x13, 0x1a10f000     x13=1a10f000
14242173ns          237817 1c008bd0 00d70733 add              x14, x14, x13       x14=1a10f038 x14:00000038 x13:1a10f000
14242193ns          237818 1c008bd2 00e787b3 add              x15, x15, x14       x15=1a10f038 x15:00000000 x14:1a10f038
14242213ns          237819 1c008bd4 0ff57513 andi             x10, x10, 255       x10=00000028 x10:00000028
14242233ns          237820 1c008bd8 00a7a023 sw               x10, 0(x15)         x10:00000028 x15:1a10f038  PA:1a10f038
14242551ns          237836 1c008bda 00000513 addi             x10, x0, 0          x10=00000000
14242571ns          237837 1c008bdc 00008067 jalr             x0, x1, 0            x1:1c008ca2
14242631ns          237840 1c008ca2 4df52863 p.beqimm         x10, 1232           x10:00000000
14242650ns          237841 1c008ca6 00140413 addi             x8, x8, 1            x8=00000006  x8:00000005
14242670ns          237842 1c008ca8 001a450b p.lbu            x10, 1(x20!)        x10=00000043 x20=1c000060 x20:1c00005f  PA:1c00005f
14242989ns          237858 1c008cac fe0515e3 bne              x10, x0, -22        x10:00000043
14243068ns          237862 1c008c96 02500793 addi             x15, x0, 37         x15=00000025
14243088ns          237863 1c008c9a 04f50763 beq              x10, x15, 78        x10:00000043 x15:00000025
14243108ns          237864 1c008c9e 009005b3 add              x11, x0, x9         x11=00000002  x9:00000002
14243128ns          237865 1c008ca0 000c80e7 jalr             x1, x25, 0           x1=1c008ca2 x25:1c008bb6
14243168ns          237867 1c008bb6 000026b7 lui              x13, 0x2000         x13=00002000
14243187ns          237868 1c008bb8 f8068693 addi             x13, x13, -128      x13=00001f80 x13:00002000
14243207ns          237869 1c008bbc f14027f3 csrrs            x15, x0, 0xf14      x15=00000007
14243227ns          237870 1c008bc0 00379713 slli             x14, x15, 0x3       x14=00000038 x15:00000007
14243247ns          237871 1c008bc4 00279793 slli             x15, x15, 0x2       x15=0000001c x15:00000007
14243267ns          237872 1c008bc6 00d7f7b3 and              x15, x15, x13       x15=00000000 x15:0000001c x13:00001f80
14243287ns          237873 1c008bc8 ee873733 p.bclr           x14, x14, 23, 8     x14=00000038 x14:00000038
14243307ns          237874 1c008bcc 1a10f6b7 lui              x13, 0x1a10f000     x13=1a10f000
14243327ns          237875 1c008bd0 00d70733 add              x14, x14, x13       x14=1a10f038 x14:00000038 x13:1a10f000
14243347ns          237876 1c008bd2 00e787b3 add              x15, x15, x14       x15=1a10f038 x15:00000000 x14:1a10f038
14243366ns          237877 1c008bd4 0ff57513 andi             x10, x10, 255       x10=00000043 x10:00000043
14243386ns          237878 1c008bd8 00a7a023 sw               x10, 0(x15)         x10:00000043 x15:1a10f038  PA:1a10f038
14243724ns          237895 1c008bda 00000513 addi             x10, x0, 0          x10=00000000
14243744ns          237896 1c008bdc 00008067 jalr             x0, x1, 0            x1:1c008ca2
14243804ns          237899 1c008ca2 4df52863 p.beqimm         x10, 1232           x10:00000000
14243824ns          237900 1c008ca6 00140413 addi             x8, x8, 1            x8=00000007  x8:00000006
14243844ns          237901 1c008ca8 001a450b p.lbu            x10, 1(x20!)        x10=0000006f x20=1c000061 x20:1c000060  PA:1c000060
14244162ns          237917 1c008cac fe0515e3 bne              x10, x0, -22        x10:0000006f
14244241ns          237921 1c008c96 02500793 addi             x15, x0, 37         x15=00000025
14244261ns          237922 1c008c9a 04f50763 beq              x10, x15, 78        x10:0000006f x15:00000025
14244281ns          237923 1c008c9e 009005b3 add              x11, x0, x9         x11=00000002  x9:00000002
14244301ns          237924 1c008ca0 000c80e7 jalr             x1, x25, 0           x1=1c008ca2 x25:1c008bb6
14244341ns          237926 1c008bb6 000026b7 lui              x13, 0x2000         x13=00002000
14244361ns          237927 1c008bb8 f8068693 addi             x13, x13, -128      x13=00001f80 x13:00002000
14244381ns          237928 1c008bbc f14027f3 csrrs            x15, x0, 0xf14      x15=00000007
14244401ns          237929 1c008bc0 00379713 slli             x14, x15, 0x3       x14=00000038 x15:00000007
14244420ns          237930 1c008bc4 00279793 slli             x15, x15, 0x2       x15=0000001c x15:00000007
14244440ns          237931 1c008bc6 00d7f7b3 and              x15, x15, x13       x15=00000000 x15:0000001c x13:00001f80
14244460ns          237932 1c008bc8 ee873733 p.bclr           x14, x14, 23, 8     x14=00000038 x14:00000038
14244480ns          237933 1c008bcc 1a10f6b7 lui              x13, 0x1a10f000     x13=1a10f000
14244500ns          237934 1c008bd0 00d70733 add              x14, x14, x13       x14=1a10f038 x14:00000038 x13:1a10f000
14244520ns          237935 1c008bd2 00e787b3 add              x15, x15, x14       x15=1a10f038 x15:00000000 x14:1a10f038
14244540ns          237936 1c008bd4 0ff57513 andi             x10, x10, 255       x10=0000006f x10:0000006f
14244560ns          237937 1c008bd8 00a7a023 sw               x10, 0(x15)         x10:0000006f x15:1a10f038  PA:1a10f038
14244898ns          237954 1c008bda 00000513 addi             x10, x0, 0          x10=00000000
14244918ns          237955 1c008bdc 00008067 jalr             x0, x1, 0            x1:1c008ca2
14244977ns          237958 1c008ca2 4df52863 p.beqimm         x10, 1232           x10:00000000
14244997ns          237959 1c008ca6 00140413 addi             x8, x8, 1            x8=00000008  x8:00000007
14245017ns          237960 1c008ca8 001a450b p.lbu            x10, 1(x20!)        x10=00000072 x20=1c000062 x20:1c000061  PA:1c000061
14245335ns          237976 1c008cac fe0515e3 bne              x10, x0, -22        x10:00000072
14245415ns          237980 1c008c96 02500793 addi             x15, x0, 37         x15=00000025
14245435ns          237981 1c008c9a 04f50763 beq              x10, x15, 78        x10:00000072 x15:00000025
14245455ns          237982 1c008c9e 009005b3 add              x11, x0, x9         x11=00000002  x9:00000002
14245475ns          237983 1c008ca0 000c80e7 jalr             x1, x25, 0           x1=1c008ca2 x25:1c008bb6
14245514ns          237985 1c008bb6 000026b7 lui              x13, 0x2000         x13=00002000
14245534ns          237986 1c008bb8 f8068693 addi             x13, x13, -128      x13=00001f80 x13:00002000
14245554ns          237987 1c008bbc f14027f3 csrrs            x15, x0, 0xf14      x15=00000007
14245574ns          237988 1c008bc0 00379713 slli             x14, x15, 0x3       x14=00000038 x15:00000007
14245594ns          237989 1c008bc4 00279793 slli             x15, x15, 0x2       x15=0000001c x15:00000007
14245614ns          237990 1c008bc6 00d7f7b3 and              x15, x15, x13       x15=00000000 x15:0000001c x13:00001f80
14245634ns          237991 1c008bc8 ee873733 p.bclr           x14, x14, 23, 8     x14=00000038 x14:00000038
14245654ns          237992 1c008bcc 1a10f6b7 lui              x13, 0x1a10f000     x13=1a10f000
14245673ns          237993 1c008bd0 00d70733 add              x14, x14, x13       x14=1a10f038 x14:00000038 x13:1a10f000
14245693ns          237994 1c008bd2 00e787b3 add              x15, x15, x14       x15=1a10f038 x15:00000000 x14:1a10f038
14245713ns          237995 1c008bd4 0ff57513 andi             x10, x10, 255       x10=00000072 x10:00000072
14245733ns          237996 1c008bd8 00a7a023 sw               x10, 0(x15)         x10:00000072 x15:1a10f038  PA:1a10f038
14246071ns          238013 1c008bda 00000513 addi             x10, x0, 0          x10=00000000
14246091ns          238014 1c008bdc 00008067 jalr             x0, x1, 0            x1:1c008ca2
14246151ns          238017 1c008ca2 4df52863 p.beqimm         x10, 1232           x10:00000000
14246171ns          238018 1c008ca6 00140413 addi             x8, x8, 1            x8=00000009  x8:00000008
14246191ns          238019 1c008ca8 001a450b p.lbu            x10, 1(x20!)        x10=00000065 x20=1c000063 x20:1c000062  PA:1c000062
14246509ns          238035 1c008cac fe0515e3 bne              x10, x0, -22        x10:00000065
14246588ns          238039 1c008c96 02500793 addi             x15, x0, 37         x15=00000025
14246608ns          238040 1c008c9a 04f50763 beq              x10, x15, 78        x10:00000065 x15:00000025
14246628ns          238041 1c008c9e 009005b3 add              x11, x0, x9         x11=00000002  x9:00000002
14246648ns          238042 1c008ca0 000c80e7 jalr             x1, x25, 0           x1=1c008ca2 x25:1c008bb6
14246688ns          238044 1c008bb6 000026b7 lui              x13, 0x2000         x13=00002000
14246708ns          238045 1c008bb8 f8068693 addi             x13, x13, -128      x13=00001f80 x13:00002000
14246727ns          238046 1c008bbc f14027f3 csrrs            x15, x0, 0xf14      x15=00000007
14246747ns          238047 1c008bc0 00379713 slli             x14, x15, 0x3       x14=00000038 x15:00000007
14246767ns          238048 1c008bc4 00279793 slli             x15, x15, 0x2       x15=0000001c x15:00000007
14246787ns          238049 1c008bc6 00d7f7b3 and              x15, x15, x13       x15=00000000 x15:0000001c x13:00001f80
14246807ns          238050 1c008bc8 ee873733 p.bclr           x14, x14, 23, 8     x14=00000038 x14:00000038
14246827ns          238051 1c008bcc 1a10f6b7 lui              x13, 0x1a10f000     x13=1a10f000
14246847ns          238052 1c008bd0 00d70733 add              x14, x14, x13       x14=1a10f038 x14:00000038 x13:1a10f000
14246867ns          238053 1c008bd2 00e787b3 add              x15, x15, x14       x15=1a10f038 x15:00000000 x14:1a10f038
14246887ns          238054 1c008bd4 0ff57513 andi             x10, x10, 255       x10=00000065 x10:00000065
14246906ns          238055 1c008bd8 00a7a023 sw               x10, 0(x15)         x10:00000065 x15:1a10f038  PA:1a10f038
14247264ns          238073 1c008bda 00000513 addi             x10, x0, 0          x10=00000000
14247284ns          238074 1c008bdc 00008067 jalr             x0, x1, 0            x1:1c008ca2
14247344ns          238077 1c008ca2 4df52863 p.beqimm         x10, 1232           x10:00000000
14247364ns          238078 1c008ca6 00140413 addi             x8, x8, 1            x8=0000000a  x8:00000009
14247384ns          238079 1c008ca8 001a450b p.lbu            x10, 1(x20!)        x10=00000020 x20=1c000064 x20:1c000063  PA:1c000063
14247702ns          238095 1c008cac fe0515e3 bne              x10, x0, -22        x10:00000020
14247782ns          238099 1c008c96 02500793 addi             x15, x0, 37         x15=00000025
14247801ns          238100 1c008c9a 04f50763 beq              x10, x15, 78        x10:00000020 x15:00000025
14247821ns          238101 1c008c9e 009005b3 add              x11, x0, x9         x11=00000002  x9:00000002
14247841ns          238102 1c008ca0 000c80e7 jalr             x1, x25, 0           x1=1c008ca2 x25:1c008bb6
14247881ns          238104 1c008bb6 000026b7 lui              x13, 0x2000         x13=00002000
14247901ns          238105 1c008bb8 f8068693 addi             x13, x13, -128      x13=00001f80 x13:00002000
14247921ns          238106 1c008bbc f14027f3 csrrs            x15, x0, 0xf14      x15=00000007
14247941ns          238107 1c008bc0 00379713 slli             x14, x15, 0x3       x14=00000038 x15:00000007
14247961ns          238108 1c008bc4 00279793 slli             x15, x15, 0x2       x15=0000001c x15:00000007
14247980ns          238109 1c008bc6 00d7f7b3 and              x15, x15, x13       x15=00000000 x15:0000001c x13:00001f80
14248000ns          238110 1c008bc8 ee873733 p.bclr           x14, x14, 23, 8     x14=00000038 x14:00000038
14248020ns          238111 1c008bcc 1a10f6b7 lui              x13, 0x1a10f000     x13=1a10f000
14248040ns          238112 1c008bd0 00d70733 add              x14, x14, x13       x14=1a10f038 x14:00000038 x13:1a10f000
14248060ns          238113 1c008bd2 00e787b3 add              x15, x15, x14       x15=1a10f038 x15:00000000 x14:1a10f038
14248080ns          238114 1c008bd4 0ff57513 andi             x10, x10, 255       x10=00000020 x10:00000020
14248100ns          238115 1c008bd8 00a7a023 sw               x10, 0(x15)         x10:00000020 x15:1a10f038  PA:1a10f038
14248438ns          238132 1c008bda 00000513 addi             x10, x0, 0          x10=00000000
14248458ns          238133 1c008bdc 00008067 jalr             x0, x1, 0            x1:1c008ca2
14248517ns          238136 1c008ca2 4df52863 p.beqimm         x10, 1232           x10:00000000
14248537ns          238137 1c008ca6 00140413 addi             x8, x8, 1            x8=0000000b  x8:0000000a
14248557ns          238138 1c008ca8 001a450b p.lbu            x10, 1(x20!)        x10=00000025 x20=1c000065 x20:1c000064  PA:1c000064
14248895ns          238155 1c008cac fe0515e3 bne              x10, x0, -22        x10:00000025
14248975ns          238159 1c008c96 02500793 addi             x15, x0, 37         x15=00000025
14248995ns          238160 1c008c9a 04f50763 beq              x10, x15, 78        x10:00000025 x15:00000025
14249054ns          238163 1c008ce8 01400c33 add              x24, x0, x20        x24=1c000065 x20:1c000065
14249074ns          238164 1c008cea 000c4a03 lbu              x20, 0(x24)         x20=00000064 x24:1c000065  PA:1c000065
14249373ns          238179 1c008cee 0b4d0513 addi             x10, x26, 180       x10=1c0000b4 x26:1c000000
14249392ns          238180 1c008cf2 00912e23 sw               x9, 28(x2)           x9:00000002  x2:10003e18  PA:10003e34
14249412ns          238181 1c008cf4 014005b3 add              x11, x0, x20        x11=00000064 x20:00000064
14249432ns          238182 1c008cf6 00012823 sw               x0, 16(x2)           x2:10003e18  PA:10003e28
14249452ns          238183 1c008cf8 00012a23 sw               x0, 20(x2)           x2:10003e18  PA:10003e2c
14249472ns          238184 1c008cfa 00012623 sw               x0, 12(x2)           x2:10003e18  PA:10003e24
14249492ns          238185 1c008cfc 001c0493 addi             x9, x24, 1           x9=1c000066 x24:1c000065
14249512ns          238186 1c008d00 e41ff0ef jal              x1, -448             x1=1c008d02
14249552ns          238188 1c008b40 00054703 lbu              x14, 0(x10)         x14=0000002d x10:1c0000b4  PA:1c0000b4
14249890ns          238205 1c008b44 0ff5f593 andi             x11, x11, 255       x11=00000064 x11:00000064
14249910ns          238206 1c008b48 00a007b3 add              x15, x0, x10        x15=1c0000b4 x10:1c0000b4
14249929ns          238207 1c008b4a 00b70863 beq              x14, x11, 16        x14:0000002d x11:00000064
14249949ns          238208 1c008b4e 00070863 beq              x14, x0, 16         x14:0000002d
14249969ns          238209 1c008b50 0017c703 lbu              x14, 1(x15)         x14=0000002b x15:1c0000b4  PA:1c0000b5
14250268ns          238224 1c008b54 00178793 addi             x15, x15, 1         x15=1c0000b5 x15:1c0000b4
14250287ns          238225 1c008b56 feb71ce3 bne              x14, x11, -8        x14:0000002b x11:00000064
14250347ns          238228 1c008b4e 00070863 beq              x14, x0, 16         x14:0000002b
14250367ns          238229 1c008b50 0017c703 lbu              x14, 1(x15)         x14=00000020 x15:1c0000b5  PA:1c0000b6
14250665ns          238244 1c008b54 00178793 addi             x15, x15, 1         x15=1c0000b6 x15:1c0000b5
14250685ns          238245 1c008b56 feb71ce3 bne              x14, x11, -8        x14:00000020 x11:00000064
14250745ns          238248 1c008b4e 00070863 beq              x14, x0, 16         x14:00000020
14250765ns          238249 1c008b50 0017c703 lbu              x14, 1(x15)         x14=00000023 x15:1c0000b6  PA:1c0000b7
14251083ns          238265 1c008b54 00178793 addi             x15, x15, 1         x15=1c0000b7 x15:1c0000b6
14251103ns          238266 1c008b56 feb71ce3 bne              x14, x11, -8        x14:00000023 x11:00000064
14251163ns          238269 1c008b4e 00070863 beq              x14, x0, 16         x14:00000023
14251182ns          238270 1c008b50 0017c703 lbu              x14, 1(x15)         x14=00000030 x15:1c0000b7  PA:1c0000b8
14251560ns          238289 1c008b54 00178793 addi             x15, x15, 1         x15=1c0000b8 x15:1c0000b7
14251580ns          238290 1c008b56 feb71ce3 bne              x14, x11, -8        x14:00000030 x11:00000064
14251640ns          238293 1c008b4e 00070863 beq              x14, x0, 16         x14:00000030
14251660ns          238294 1c008b50 0017c703 lbu              x14, 1(x15)         x14=00000000 x15:1c0000b8  PA:1c0000b9
14251958ns          238309 1c008b54 00178793 addi             x15, x15, 1         x15=1c0000b9 x15:1c0000b8
14251978ns          238310 1c008b56 feb71ce3 bne              x14, x11, -8        x14:00000000 x11:00000064
14252038ns          238313 1c008b4e 00070863 beq              x14, x0, 16         x14:00000000
14252097ns          238316 1c008b5e 00000513 addi             x10, x0, 0          x10=00000000
14252117ns          238317 1c008b60 fe058de3 beq              x11, x0, -6         x11:00000064
14252137ns          238318 1c008b62 00008067 jalr             x0, x1, 0            x1:1c008d02
14252197ns          238321 1c008d02 02000913 addi             x18, x0, 32         x18=00000020
14252217ns          238322 1c008d06 00000993 addi             x19, x0, 0          x19=00000000
14252236ns          238323 1c008d08 02b00a93 addi             x21, x0, 43         x21=0000002b
14252256ns          238324 1c008d0c 02d00b93 addi             x23, x0, 45         x23=0000002d
14252296ns          238326 1c008d10 03000b13 addi             x22, x0, 48         x22=00000030
14252336ns          238328 1c008d14 00900633 add              x12, x0, x9         x12=1c000066  x9:1c000066
14252356ns          238329 1c008d16 02050963 beq              x10, x0, 50         x10:00000000
14252515ns          238337 1c008d48 03312623 sw               x19, 44(x2)         x19:00000000  x2:10003e18  PA:10003e44
14252555ns          238339 1c008d4a 02a00693 addi             x13, x0, 42         x13=0000002a
14252575ns          238340 1c008d4e 014009b3 add              x19, x0, x20        x19=00000064 x20:00000064
14252614ns          238342 1c008d50 01800a33 add              x20, x0, x24        x20=1c000065 x24:1c000065
14252634ns          238343 1c008d52 00900c33 add              x24, x0, x9         x24=1c000066  x9:1c000066
14252654ns          238344 1c008d54 01c12483 lw               x9, 28(x2)           x9=00000002  x2:10003e18  PA:10003e34
14252674ns          238345 1c008d56 42d98063 beq              x19, x13, 1056      x19:00000064 x13:0000002a
14252694ns          238346 1c008d5a fd098693 addi             x13, x19, -48       x13=00000034 x19:00000064
14252714ns          238347 1c008d5e 00900513 addi             x10, x0, 9          x10=00000009
14252734ns          238348 1c008d60 00000a93 addi             x21, x0, 0          x21=00000000
14252754ns          238349 1c008d62 3cd57f63 bgeu             x10, x13, 990       x10:00000009 x13:00000034
14252773ns          238350 1c008d66 02e00793 addi             x15, x0, 46         x15=0000002e
14252793ns          238351 1c008d6a fff00b13 addi             x22, x0, -1         x22=ffffffff
14252813ns          238352 1c008d6c 04f981e3 beq              x19, x15, 2114      x19:00000064 x15:0000002e
14252833ns          238353 1c008d70 1c0007b7 lui              x15, 0x1c000000     x15=1c000000
14252853ns          238354 1c008d74 013005b3 add              x11, x0, x19        x11=00000064 x19:00000064
14252873ns          238355 1c008d76 0bc78513 addi             x10, x15, 188       x10=1c0000bc x15:1c000000
14252893ns          238356 1c008d7a 00c12e23 sw               x12, 28(x2)         x12:1c000066  x2:10003e18  PA:10003e34
14252913ns          238357 1c008d7c dc5ff0ef jal              x1, -572             x1=1c008d7e
14252952ns          238359 1c008b40 00054703 lbu              x14, 0(x10)         x14=00000068 x10:1c0000bc  PA:1c0000bc
14253291ns          238376 1c008b44 0ff5f593 andi             x11, x11, 255       x11=00000064 x11:00000064
14253310ns          238377 1c008b48 00a007b3 add              x15, x0, x10        x15=1c0000bc x10:1c0000bc
14253330ns          238378 1c008b4a 00b70863 beq              x14, x11, 16        x14:00000068 x11:00000064
14253350ns          238379 1c008b4e 00070863 beq              x14, x0, 16         x14:00000068
14253370ns          238380 1c008b50 0017c703 lbu              x14, 1(x15)         x14=0000006c x15:1c0000bc  PA:1c0000bd
14253688ns          238396 1c008b54 00178793 addi             x15, x15, 1         x15=1c0000bd x15:1c0000bc
14253708ns          238397 1c008b56 feb71ce3 bne              x14, x11, -8        x14:0000006c x11:00000064
14253768ns          238400 1c008b4e 00070863 beq              x14, x0, 16         x14:0000006c
14253788ns          238401 1c008b50 0017c703 lbu              x14, 1(x15)         x14=0000004c x15:1c0000bd  PA:1c0000be
14254086ns          238416 1c008b54 00178793 addi             x15, x15, 1         x15=1c0000be x15:1c0000bd
14254106ns          238417 1c008b56 feb71ce3 bne              x14, x11, -8        x14:0000004c x11:00000064
14254166ns          238420 1c008b4e 00070863 beq              x14, x0, 16         x14:0000004c
14254185ns          238421 1c008b50 0017c703 lbu              x14, 1(x15)         x14=0000007a x15:1c0000be  PA:1c0000bf
14254484ns          238436 1c008b54 00178793 addi             x15, x15, 1         x15=1c0000bf x15:1c0000be
14254504ns          238437 1c008b56 feb71ce3 bne              x14, x11, -8        x14:0000007a x11:00000064
14254563ns          238440 1c008b4e 00070863 beq              x14, x0, 16         x14:0000007a
14254583ns          238441 1c008b50 0017c703 lbu              x14, 1(x15)         x14=00000000 x15:1c0000bf  PA:1c0000c0
14254882ns          238456 1c008b54 00178793 addi             x15, x15, 1         x15=1c0000c0 x15:1c0000bf
14254901ns          238457 1c008b56 feb71ce3 bne              x14, x11, -8        x14:00000000 x11:00000064
14254961ns          238460 1c008b4e 00070863 beq              x14, x0, 16         x14:00000000
14255021ns          238463 1c008b5e 00000513 addi             x10, x0, 0          x10=00000000
14255041ns          238464 1c008b60 fe058de3 beq              x11, x0, -6         x11:00000064
14255061ns          238465 1c008b62 00008067 jalr             x0, x1, 0            x1:1c008d7e
14255100ns          238467 1c008d7e 01c12603 lw               x12, 28(x2)         x12=1c000066  x2:10003e18  PA:10003e34
14255140ns          238469 1c008d80 00c00a33 add              x20, x0, x12        x20=1c000066 x12:1c000066
14255160ns          238470 1c008d82 00050563 beq              x10, x0, 10         x10:00000000
14255220ns          238473 1c008d8c 06900793 addi             x15, x0, 105        x15=00000069
14255240ns          238474 1c008d90 1cf98be3 beq              x19, x15, 2518      x19:00000064 x15:00000069
14255259ns          238475 1c008d94 4b37ce63 blt              x15, x19, 1212      x15:00000069 x19:00000064
14255279ns          238476 1c008d98 05800793 addi             x15, x0, 88         x15=00000058
14255299ns          238477 1c008d9c 4cf98863 beq              x19, x15, 1232      x19:00000064 x15:00000058
14255359ns          238480 1c008da0 3f37cd63 blt              x15, x19, 1018      x15:00000058 x19:00000064
14255498ns          238487 1c00919a 06400793 addi             x15, x0, 100        x15=00000064
14255558ns          238490 1c00919e 5cf98463 beq              x19, x15, 1480      x19:00000064 x15:00000064
14255657ns          238495 1c009766 01812b83 lw               x23, 24(x2)         x23=10003f80  x2:10003e18  PA:10003e30
14255697ns          238497 1c009768 004ba60b p.lw             x12, 4(x23!)        x12=00000007 x23=10003f84 x23:10003f80  PA:10003f80
14255737ns          238499 1c00976c 48064963 blt              x12, x0, 1170       x12:00000007
14255777ns          238501 1c009770 01412783 lw               x15, 20(x2)         x15=00000000  x2:10003e18  PA:10003e2c
14255796ns          238502 1c009772 00c00733 add              x14, x0, x12        x14=00000007 x12:00000007
14255816ns          238503 1c009774 56078863 beq              x15, x0, 1392       x15:00000000
14255916ns          238508 1c009ce4 01012783 lw               x15, 16(x2)         x15=00000000  x2:10003e18  PA:10003e28
14255936ns          238509 1c009ce6 01b00533 add              x10, x0, x27        x10=10003e4c x27:10003e4c
14255956ns          238510 1c009ce8 a8078ee3 beq              x15, x0, -1380      x15:00000000
14256015ns          238513 1c009784 00a007b3 add              x15, x0, x10        x15=10003e4c x10:10003e4c
14256035ns          238514 1c009786 00a00593 addi             x11, x0, 10         x11=0000000a
14256055ns          238515 1c009788 00900313 addi             x6, x0, 9            x6=00000009
14256075ns          238516 1c00978a 02b776b3 remu             x13, x14, x11       x13=00000007 x14:00000007 x11:0000000a
14256691ns          238547 1c00978e 00e00833 add              x16, x0, x14        x16=00000007 x14:00000007
14256711ns          238548 1c009790 00f008b3 add              x17, x0, x15        x17=10003e4c x15:10003e4c
14256731ns          238549 1c009792 03068693 addi             x13, x13, 48        x13=00000037 x13:00000007
14256751ns          238550 1c009796 00d780ab p.sb             x13, 1(x15!)        x15=10003e4d x13:00000037 x15:10003e4c  PA:10003e4c
14256771ns          238551 1c00979a 02b75733 divu             x14, x14, x11       x14=00000000 x14:00000007 x11:0000000a
14257407ns          238583 1c00979e ff0366e3 bltu             x6, x16, -20         x6:00000009 x16:00000007
14257427ns          238584 1c0097a2 40a78733 sub              x14, x15, x10       x14=00000001 x15:10003e4d x10:10003e4c
14257447ns          238585 1c0097a6 01675c63 bge              x14, x22, 24        x14:00000001 x22:ffffffff
14257626ns          238594 1c0097be 00078023 sb               x0, 0(x15)          x15:10003e4d  PA:10003e4d
14257666ns          238596 1c0097c2 0b157563 bgeu             x10, x17, 170       x10:10003e4c x17:10003e4c
14257726ns          238599 1c00986c 01412703 lw               x14, 20(x2)         x14=00000000  x2:10003e18  PA:10003e2c
14257745ns          238600 1c00986e 01012683 lw               x13, 16(x2)         x13=00000000  x2:10003e18  PA:10003e28
14257785ns          238602 1c009870 41b787b3 sub              x15, x15, x27       x15=00000001 x15:10003e4d x27:10003e4c
14257825ns          238604 1c009874 00d76733 or               x14, x14, x13       x14=00000000 x14:00000000 x13:00000000
14257845ns          238605 1c009876 02e12623 sw               x14, 44(x2)         x14:00000000  x2:10003e18  PA:10003e44
14257865ns          238606 1c009878 b0071be3 bne              x14, x0, -1258      x14:00000000
14257885ns          238607 1c00987c 01f65713 srli             x14, x12, 0x1f      x14=00000000 x12:00000007
14257905ns          238608 1c009880 02e12623 sw               x14, 44(x2)         x14:00000000  x2:10003e18  PA:10003e44
14257924ns          238609 1c009882 b0dff06f jal              x0, -1268          
14258024ns          238614 1c00938e ebfb2be3 p.beqimm         x22, -330           x22:ffffffff
14258123ns          238619 1c009244 0c800713 addi             x14, x0, 200        x14=000000c8
14258163ns          238621 1c009248 14f75b63 bge              x14, x15, 342       x14:000000c8 x15:00000001
14258342ns          238630 1c00939e 00178613 addi             x12, x15, 1         x12=00000002 x15:00000001
14258382ns          238632 1c0093a2 0557c863 blt              x15, x21, 80        x15:00000001 x21:00000000
14258402ns          238633 1c0093a6 01712c23 sw               x23, 24(x2)         x23:10003f84  x2:10003e18  PA:10003e30
14258422ns          238634 1c0093a8 00f00ab3 add              x21, x0, x15        x21=00000001 x15:00000001
14258442ns          238635 1c0093aa 8e0a8fe3 beq              x21, x0, -1794      x21:00000001
14258461ns          238636 1c0093ae 01b00933 add              x18, x0, x27        x18=10003e4c x27:10003e4c
14258481ns          238637 1c0093b0 41b409b3 sub              x19, x8, x27        x19=efffc1bf  x8:0000000b x27:10003e4c
14258521ns          238639 1c0093b4 01ba8ab3 add              x21, x21, x27       x21=10003e4d x21:00000001 x27:10003e4c
14258541ns          238640 1c0093b6 00a0006f jal              x0, 10             
14258581ns          238642 1c0093c0 0019450b p.lbu            x10, 1(x18!)        x10=00000037 x18=10003e4d x18:10003e4c  PA:10003e4c
14258601ns          238643 1c0093c4 009005b3 add              x11, x0, x9         x11=00000002  x9:00000002
14258621ns          238644 1c0093c6 000c80e7 jalr             x1, x25, 0           x1=1c0093c8 x25:1c008bb6
14258660ns          238646 1c008bb6 000026b7 lui              x13, 0x2000         x13=00002000
14258680ns          238647 1c008bb8 f8068693 addi             x13, x13, -128      x13=00001f80 x13:00002000
14258700ns          238648 1c008bbc f14027f3 csrrs            x15, x0, 0xf14      x15=00000007
14258760ns          238651 1c008bc0 00379713 slli             x14, x15, 0x3       x14=00000038 x15:00000007
14258800ns          238653 1c008bc4 00279793 slli             x15, x15, 0x2       x15=0000001c x15:00000007
14258819ns          238654 1c008bc6 00d7f7b3 and              x15, x15, x13       x15=00000000 x15:0000001c x13:00001f80
14258839ns          238655 1c008bc8 ee873733 p.bclr           x14, x14, 23, 8     x14=00000038 x14:00000038
14258859ns          238656 1c008bcc 1a10f6b7 lui              x13, 0x1a10f000     x13=1a10f000
14258879ns          238657 1c008bd0 00d70733 add              x14, x14, x13       x14=1a10f038 x14:00000038 x13:1a10f000
14258899ns          238658 1c008bd2 00e787b3 add              x15, x15, x14       x15=1a10f038 x15:00000000 x14:1a10f038
14258919ns          238659 1c008bd4 0ff57513 andi             x10, x10, 255       x10=00000037 x10:00000037
14258939ns          238660 1c008bd8 00a7a023 sw               x10, 0(x15)         x10:00000037 x15:1a10f038  PA:1a10f038
14259317ns          238679 1c008bda 00000513 addi             x10, x0, 0          x10=00000000
14259336ns          238680 1c008bdc 00008067 jalr             x0, x1, 0            x1:1c0093c8
14259376ns          238682 1c0093c8 fff538e3 p.bneimm         x10, -16            x10:00000000
14259496ns          238688 1c0093b8 01298433 add              x8, x19, x18         x8=0000000c x19:efffc1bf x18:10003e4d
14259515ns          238689 1c0093bc 8f2a86e3 beq              x21, x18, -1812     x21:10003e4d x18:10003e4d
14259615ns          238694 1c008ca8 001a450b p.lbu            x10, 1(x20!)        x10=00000029 x20=1c000067 x20:1c000066  PA:1c000066
14259953ns          238711 1c008cac fe0515e3 bne              x10, x0, -22        x10:00000029
14260033ns          238715 1c008c96 02500793 addi             x15, x0, 37         x15=00000025
14260052ns          238716 1c008c9a 04f50763 beq              x10, x15, 78        x10:00000029 x15:00000025
14260072ns          238717 1c008c9e 009005b3 add              x11, x0, x9         x11=00000002  x9:00000002
14260092ns          238718 1c008ca0 000c80e7 jalr             x1, x25, 0           x1=1c008ca2 x25:1c008bb6
14260132ns          238720 1c008bb6 000026b7 lui              x13, 0x2000         x13=00002000
14260152ns          238721 1c008bb8 f8068693 addi             x13, x13, -128      x13=00001f80 x13:00002000
14260172ns          238722 1c008bbc f14027f3 csrrs            x15, x0, 0xf14      x15=00000007
14260192ns          238723 1c008bc0 00379713 slli             x14, x15, 0x3       x14=00000038 x15:00000007
14260212ns          238724 1c008bc4 00279793 slli             x15, x15, 0x2       x15=0000001c x15:00000007
14260231ns          238725 1c008bc6 00d7f7b3 and              x15, x15, x13       x15=00000000 x15:0000001c x13:00001f80
14260251ns          238726 1c008bc8 ee873733 p.bclr           x14, x14, 23, 8     x14=00000038 x14:00000038
14260271ns          238727 1c008bcc 1a10f6b7 lui              x13, 0x1a10f000     x13=1a10f000
14260291ns          238728 1c008bd0 00d70733 add              x14, x14, x13       x14=1a10f038 x14:00000038 x13:1a10f000
14260311ns          238729 1c008bd2 00e787b3 add              x15, x15, x14       x15=1a10f038 x15:00000000 x14:1a10f038
14260331ns          238730 1c008bd4 0ff57513 andi             x10, x10, 255       x10=00000029 x10:00000029
14260351ns          238731 1c008bd8 00a7a023 sw               x10, 0(x15)         x10:00000029 x15:1a10f038  PA:1a10f038
14260669ns          238747 1c008bda 00000513 addi             x10, x0, 0          x10=00000000
14260689ns          238748 1c008bdc 00008067 jalr             x0, x1, 0            x1:1c008ca2
14260749ns          238751 1c008ca2 4df52863 p.beqimm         x10, 1232           x10:00000000
14260768ns          238752 1c008ca6 00140413 addi             x8, x8, 1            x8=0000000d  x8:0000000c
14260788ns          238753 1c008ca8 001a450b p.lbu            x10, 1(x20!)        x10=00000020 x20=1c000068 x20:1c000067  PA:1c000067
14261107ns          238769 1c008cac fe0515e3 bne              x10, x0, -22        x10:00000020
14261186ns          238773 1c008c96 02500793 addi             x15, x0, 37         x15=00000025
14261206ns          238774 1c008c9a 04f50763 beq              x10, x15, 78        x10:00000020 x15:00000025
14261226ns          238775 1c008c9e 009005b3 add              x11, x0, x9         x11=00000002  x9:00000002
14261246ns          238776 1c008ca0 000c80e7 jalr             x1, x25, 0           x1=1c008ca2 x25:1c008bb6
14261286ns          238778 1c008bb6 000026b7 lui              x13, 0x2000         x13=00002000
14261305ns          238779 1c008bb8 f8068693 addi             x13, x13, -128      x13=00001f80 x13:00002000
14261325ns          238780 1c008bbc f14027f3 csrrs            x15, x0, 0xf14      x15=00000007
14261345ns          238781 1c008bc0 00379713 slli             x14, x15, 0x3       x14=00000038 x15:00000007
14261365ns          238782 1c008bc4 00279793 slli             x15, x15, 0x2       x15=0000001c x15:00000007
14261385ns          238783 1c008bc6 00d7f7b3 and              x15, x15, x13       x15=00000000 x15:0000001c x13:00001f80
14261405ns          238784 1c008bc8 ee873733 p.bclr           x14, x14, 23, 8     x14=00000038 x14:00000038
14261425ns          238785 1c008bcc 1a10f6b7 lui              x13, 0x1a10f000     x13=1a10f000
14261445ns          238786 1c008bd0 00d70733 add              x14, x14, x13       x14=1a10f038 x14:00000038 x13:1a10f000
14261464ns          238787 1c008bd2 00e787b3 add              x15, x15, x14       x15=1a10f038 x15:00000000 x14:1a10f038
14261484ns          238788 1c008bd4 0ff57513 andi             x10, x10, 255       x10=00000020 x10:00000020
14261504ns          238789 1c008bd8 00a7a023 sw               x10, 0(x15)         x10:00000020 x15:1a10f038  PA:1a10f038
14261842ns          238806 1c008bda 00000513 addi             x10, x0, 0          x10=00000000
14261862ns          238807 1c008bdc 00008067 jalr             x0, x1, 0            x1:1c008ca2
14261922ns          238810 1c008ca2 4df52863 p.beqimm         x10, 1232           x10:00000000
14261942ns          238811 1c008ca6 00140413 addi             x8, x8, 1            x8=0000000e  x8:0000000d
14261962ns          238812 1c008ca8 001a450b p.lbu            x10, 1(x20!)        x10=00000045 x20=1c000069 x20:1c000068  PA:1c000068
14262300ns          238829 1c008cac fe0515e3 bne              x10, x0, -22        x10:00000045
14262379ns          238833 1c008c96 02500793 addi             x15, x0, 37         x15=00000025
14262399ns          238834 1c008c9a 04f50763 beq              x10, x15, 78        x10:00000045 x15:00000025
14262419ns          238835 1c008c9e 009005b3 add              x11, x0, x9         x11=00000002  x9:00000002
14262439ns          238836 1c008ca0 000c80e7 jalr             x1, x25, 0           x1=1c008ca2 x25:1c008bb6
14262479ns          238838 1c008bb6 000026b7 lui              x13, 0x2000         x13=00002000
14262499ns          238839 1c008bb8 f8068693 addi             x13, x13, -128      x13=00001f80 x13:00002000
14262519ns          238840 1c008bbc f14027f3 csrrs            x15, x0, 0xf14      x15=00000007
14262538ns          238841 1c008bc0 00379713 slli             x14, x15, 0x3       x14=00000038 x15:00000007
14262558ns          238842 1c008bc4 00279793 slli             x15, x15, 0x2       x15=0000001c x15:00000007
14262578ns          238843 1c008bc6 00d7f7b3 and              x15, x15, x13       x15=00000000 x15:0000001c x13:00001f80
14262598ns          238844 1c008bc8 ee873733 p.bclr           x14, x14, 23, 8     x14=00000038 x14:00000038
14262618ns          238845 1c008bcc 1a10f6b7 lui              x13, 0x1a10f000     x13=1a10f000
14262638ns          238846 1c008bd0 00d70733 add              x14, x14, x13       x14=1a10f038 x14:00000038 x13:1a10f000
14262658ns          238847 1c008bd2 00e787b3 add              x15, x15, x14       x15=1a10f038 x15:00000000 x14:1a10f038
14262678ns          238848 1c008bd4 0ff57513 andi             x10, x10, 255       x10=00000045 x10:00000045
14262698ns          238849 1c008bd8 00a7a023 sw               x10, 0(x15)         x10:00000045 x15:1a10f038  PA:1a10f038
14263036ns          238866 1c008bda 00000513 addi             x10, x0, 0          x10=00000000
14263056ns          238867 1c008bdc 00008067 jalr             x0, x1, 0            x1:1c008ca2
14263115ns          238870 1c008ca2 4df52863 p.beqimm         x10, 1232           x10:00000000
14263135ns          238871 1c008ca6 00140413 addi             x8, x8, 1            x8=0000000f  x8:0000000e
14263155ns          238872 1c008ca8 001a450b p.lbu            x10, 1(x20!)        x10=00000072 x20=1c00006a x20:1c000069  PA:1c000069
14263493ns          238889 1c008cac fe0515e3 bne              x10, x0, -22        x10:00000072
14263573ns          238893 1c008c96 02500793 addi             x15, x0, 37         x15=00000025
14263593ns          238894 1c008c9a 04f50763 beq              x10, x15, 78        x10:00000072 x15:00000025
14263612ns          238895 1c008c9e 009005b3 add              x11, x0, x9         x11=00000002  x9:00000002
14263632ns          238896 1c008ca0 000c80e7 jalr             x1, x25, 0           x1=1c008ca2 x25:1c008bb6
14263672ns          238898 1c008bb6 000026b7 lui              x13, 0x2000         x13=00002000
14263692ns          238899 1c008bb8 f8068693 addi             x13, x13, -128      x13=00001f80 x13:00002000
14263712ns          238900 1c008bbc f14027f3 csrrs            x15, x0, 0xf14      x15=00000007
14263732ns          238901 1c008bc0 00379713 slli             x14, x15, 0x3       x14=00000038 x15:00000007
14263752ns          238902 1c008bc4 00279793 slli             x15, x15, 0x2       x15=0000001c x15:00000007
14263772ns          238903 1c008bc6 00d7f7b3 and              x15, x15, x13       x15=00000000 x15:0000001c x13:00001f80
14263791ns          238904 1c008bc8 ee873733 p.bclr           x14, x14, 23, 8     x14=00000038 x14:00000038
14263811ns          238905 1c008bcc 1a10f6b7 lui              x13, 0x1a10f000     x13=1a10f000
14263831ns          238906 1c008bd0 00d70733 add              x14, x14, x13       x14=1a10f038 x14:00000038 x13:1a10f000
14263851ns          238907 1c008bd2 00e787b3 add              x15, x15, x14       x15=1a10f038 x15:00000000 x14:1a10f038
14263871ns          238908 1c008bd4 0ff57513 andi             x10, x10, 255       x10=00000072 x10:00000072
14263891ns          238909 1c008bd8 00a7a023 sw               x10, 0(x15)         x10:00000072 x15:1a10f038  PA:1a10f038
14264209ns          238925 1c008bda 00000513 addi             x10, x0, 0          x10=00000000
14264229ns          238926 1c008bdc 00008067 jalr             x0, x1, 0            x1:1c008ca2
14264289ns          238929 1c008ca2 4df52863 p.beqimm         x10, 1232           x10:00000000
14264308ns          238930 1c008ca6 00140413 addi             x8, x8, 1            x8=00000010  x8:0000000f
14264328ns          238931 1c008ca8 001a450b p.lbu            x10, 1(x20!)        x10=00000072 x20=1c00006b x20:1c00006a  PA:1c00006a
14264666ns          238948 1c008cac fe0515e3 bne              x10, x0, -22        x10:00000072
14264746ns          238952 1c008c96 02500793 addi             x15, x0, 37         x15=00000025
14264766ns          238953 1c008c9a 04f50763 beq              x10, x15, 78        x10:00000072 x15:00000025
14264786ns          238954 1c008c9e 009005b3 add              x11, x0, x9         x11=00000002  x9:00000002
14264806ns          238955 1c008ca0 000c80e7 jalr             x1, x25, 0           x1=1c008ca2 x25:1c008bb6
14264845ns          238957 1c008bb6 000026b7 lui              x13, 0x2000         x13=00002000
14264865ns          238958 1c008bb8 f8068693 addi             x13, x13, -128      x13=00001f80 x13:00002000
14264885ns          238959 1c008bbc f14027f3 csrrs            x15, x0, 0xf14      x15=00000007
14264905ns          238960 1c008bc0 00379713 slli             x14, x15, 0x3       x14=00000038 x15:00000007
14264925ns          238961 1c008bc4 00279793 slli             x15, x15, 0x2       x15=0000001c x15:00000007
14264945ns          238962 1c008bc6 00d7f7b3 and              x15, x15, x13       x15=00000000 x15:0000001c x13:00001f80
14264965ns          238963 1c008bc8 ee873733 p.bclr           x14, x14, 23, 8     x14=00000038 x14:00000038
14264985ns          238964 1c008bcc 1a10f6b7 lui              x13, 0x1a10f000     x13=1a10f000
14265005ns          238965 1c008bd0 00d70733 add              x14, x14, x13       x14=1a10f038 x14:00000038 x13:1a10f000
14265024ns          238966 1c008bd2 00e787b3 add              x15, x15, x14       x15=1a10f038 x15:00000000 x14:1a10f038
14265044ns          238967 1c008bd4 0ff57513 andi             x10, x10, 255       x10=00000072 x10:00000072
14265064ns          238968 1c008bd8 00a7a023 sw               x10, 0(x15)         x10:00000072 x15:1a10f038  PA:1a10f038
14265382ns          238984 1c008bda 00000513 addi             x10, x0, 0          x10=00000000
14265402ns          238985 1c008bdc 00008067 jalr             x0, x1, 0            x1:1c008ca2
14265462ns          238988 1c008ca2 4df52863 p.beqimm         x10, 1232           x10:00000000
14265482ns          238989 1c008ca6 00140413 addi             x8, x8, 1            x8=00000011  x8:00000010
14265502ns          238990 1c008ca8 001a450b p.lbu            x10, 1(x20!)        x10=0000006f x20=1c00006c x20:1c00006b  PA:1c00006b
14265860ns          239008 1c008cac fe0515e3 bne              x10, x0, -22        x10:0000006f
14265939ns          239012 1c008c96 02500793 addi             x15, x0, 37         x15=00000025
14265959ns          239013 1c008c9a 04f50763 beq              x10, x15, 78        x10:0000006f x15:00000025
14265979ns          239014 1c008c9e 009005b3 add              x11, x0, x9         x11=00000002  x9:00000002
14265999ns          239015 1c008ca0 000c80e7 jalr             x1, x25, 0           x1=1c008ca2 x25:1c008bb6
14266039ns          239017 1c008bb6 000026b7 lui              x13, 0x2000         x13=00002000
14266059ns          239018 1c008bb8 f8068693 addi             x13, x13, -128      x13=00001f80 x13:00002000
14266079ns          239019 1c008bbc f14027f3 csrrs            x15, x0, 0xf14      x15=00000007
14266098ns          239020 1c008bc0 00379713 slli             x14, x15, 0x3       x14=00000038 x15:00000007
14266118ns          239021 1c008bc4 00279793 slli             x15, x15, 0x2       x15=0000001c x15:00000007
14266138ns          239022 1c008bc6 00d7f7b3 and              x15, x15, x13       x15=00000000 x15:0000001c x13:00001f80
14266158ns          239023 1c008bc8 ee873733 p.bclr           x14, x14, 23, 8     x14=00000038 x14:00000038
14266178ns          239024 1c008bcc 1a10f6b7 lui              x13, 0x1a10f000     x13=1a10f000
14266198ns          239025 1c008bd0 00d70733 add              x14, x14, x13       x14=1a10f038 x14:00000038 x13:1a10f000
14266218ns          239026 1c008bd2 00e787b3 add              x15, x15, x14       x15=1a10f038 x15:00000000 x14:1a10f038
14266238ns          239027 1c008bd4 0ff57513 andi             x10, x10, 255       x10=0000006f x10:0000006f
14266258ns          239028 1c008bd8 00a7a023 sw               x10, 0(x15)         x10:0000006f x15:1a10f038  PA:1a10f038
14266576ns          239044 1c008bda 00000513 addi             x10, x0, 0          x10=00000000
14266596ns          239045 1c008bdc 00008067 jalr             x0, x1, 0            x1:1c008ca2
14266655ns          239048 1c008ca2 4df52863 p.beqimm         x10, 1232           x10:00000000
14266675ns          239049 1c008ca6 00140413 addi             x8, x8, 1            x8=00000012  x8:00000011
14266695ns          239050 1c008ca8 001a450b p.lbu            x10, 1(x20!)        x10=00000072 x20=1c00006d x20:1c00006c  PA:1c00006c
14267033ns          239067 1c008cac fe0515e3 bne              x10, x0, -22        x10:00000072
14267113ns          239071 1c008c96 02500793 addi             x15, x0, 37         x15=00000025
14267133ns          239072 1c008c9a 04f50763 beq              x10, x15, 78        x10:00000072 x15:00000025
14267152ns          239073 1c008c9e 009005b3 add              x11, x0, x9         x11=00000002  x9:00000002
14267172ns          239074 1c008ca0 000c80e7 jalr             x1, x25, 0           x1=1c008ca2 x25:1c008bb6
14267212ns          239076 1c008bb6 000026b7 lui              x13, 0x2000         x13=00002000
14267232ns          239077 1c008bb8 f8068693 addi             x13, x13, -128      x13=00001f80 x13:00002000
14267252ns          239078 1c008bbc f14027f3 csrrs            x15, x0, 0xf14      x15=00000007
14267272ns          239079 1c008bc0 00379713 slli             x14, x15, 0x3       x14=00000038 x15:00000007
14267292ns          239080 1c008bc4 00279793 slli             x15, x15, 0x2       x15=0000001c x15:00000007
14267312ns          239081 1c008bc6 00d7f7b3 and              x15, x15, x13       x15=00000000 x15:0000001c x13:00001f80
14267331ns          239082 1c008bc8 ee873733 p.bclr           x14, x14, 23, 8     x14=00000038 x14:00000038
14267351ns          239083 1c008bcc 1a10f6b7 lui              x13, 0x1a10f000     x13=1a10f000
14267371ns          239084 1c008bd0 00d70733 add              x14, x14, x13       x14=1a10f038 x14:00000038 x13:1a10f000
14267391ns          239085 1c008bd2 00e787b3 add              x15, x15, x14       x15=1a10f038 x15:00000000 x14:1a10f038
14267411ns          239086 1c008bd4 0ff57513 andi             x10, x10, 255       x10=00000072 x10:00000072
14267431ns          239087 1c008bd8 00a7a023 sw               x10, 0(x15)         x10:00000072 x15:1a10f038  PA:1a10f038
14267749ns          239103 1c008bda 00000513 addi             x10, x0, 0          x10=00000000
14267769ns          239104 1c008bdc 00008067 jalr             x0, x1, 0            x1:1c008ca2
14267829ns          239107 1c008ca2 4df52863 p.beqimm         x10, 1232           x10:00000000
14267849ns          239108 1c008ca6 00140413 addi             x8, x8, 1            x8=00000013  x8:00000012
14267868ns          239109 1c008ca8 001a450b p.lbu            x10, 1(x20!)        x10=00000073 x20=1c00006e x20:1c00006d  PA:1c00006d
14268226ns          239127 1c008cac fe0515e3 bne              x10, x0, -22        x10:00000073
14268306ns          239131 1c008c96 02500793 addi             x15, x0, 37         x15=00000025
14268326ns          239132 1c008c9a 04f50763 beq              x10, x15, 78        x10:00000073 x15:00000025
14268346ns          239133 1c008c9e 009005b3 add              x11, x0, x9         x11=00000002  x9:00000002
14268366ns          239134 1c008ca0 000c80e7 jalr             x1, x25, 0           x1=1c008ca2 x25:1c008bb6
14268405ns          239136 1c008bb6 000026b7 lui              x13, 0x2000         x13=00002000
14268425ns          239137 1c008bb8 f8068693 addi             x13, x13, -128      x13=00001f80 x13:00002000
14268445ns          239138 1c008bbc f14027f3 csrrs            x15, x0, 0xf14      x15=00000007
14268465ns          239139 1c008bc0 00379713 slli             x14, x15, 0x3       x14=00000038 x15:00000007
14268485ns          239140 1c008bc4 00279793 slli             x15, x15, 0x2       x15=0000001c x15:00000007
14268505ns          239141 1c008bc6 00d7f7b3 and              x15, x15, x13       x15=00000000 x15:0000001c x13:00001f80
14268525ns          239142 1c008bc8 ee873733 p.bclr           x14, x14, 23, 8     x14=00000038 x14:00000038
14268545ns          239143 1c008bcc 1a10f6b7 lui              x13, 0x1a10f000     x13=1a10f000
14268565ns          239144 1c008bd0 00d70733 add              x14, x14, x13       x14=1a10f038 x14:00000038 x13:1a10f000
14268584ns          239145 1c008bd2 00e787b3 add              x15, x15, x14       x15=1a10f038 x15:00000000 x14:1a10f038
14268604ns          239146 1c008bd4 0ff57513 andi             x10, x10, 255       x10=00000073 x10:00000073
14268624ns          239147 1c008bd8 00a7a023 sw               x10, 0(x15)         x10:00000073 x15:1a10f038  PA:1a10f038
14268942ns          239163 1c008bda 00000513 addi             x10, x0, 0          x10=00000000
14268962ns          239164 1c008bdc 00008067 jalr             x0, x1, 0            x1:1c008ca2
14269022ns          239167 1c008ca2 4df52863 p.beqimm         x10, 1232           x10:00000000
14269042ns          239168 1c008ca6 00140413 addi             x8, x8, 1            x8=00000014  x8:00000013
14269062ns          239169 1c008ca8 001a450b p.lbu            x10, 1(x20!)        x10=00000020 x20=1c00006f x20:1c00006e  PA:1c00006e
14269400ns          239186 1c008cac fe0515e3 bne              x10, x0, -22        x10:00000020
14269479ns          239190 1c008c96 02500793 addi             x15, x0, 37         x15=00000025
14269499ns          239191 1c008c9a 04f50763 beq              x10, x15, 78        x10:00000020 x15:00000025
14269519ns          239192 1c008c9e 009005b3 add              x11, x0, x9         x11=00000002  x9:00000002
14269539ns          239193 1c008ca0 000c80e7 jalr             x1, x25, 0           x1=1c008ca2 x25:1c008bb6
14269579ns          239195 1c008bb6 000026b7 lui              x13, 0x2000         x13=00002000
14269599ns          239196 1c008bb8 f8068693 addi             x13, x13, -128      x13=00001f80 x13:00002000
14269619ns          239197 1c008bbc f14027f3 csrrs            x15, x0, 0xf14      x15=00000007
14269638ns          239198 1c008bc0 00379713 slli             x14, x15, 0x3       x14=00000038 x15:00000007
14269658ns          239199 1c008bc4 00279793 slli             x15, x15, 0x2       x15=0000001c x15:00000007
14269678ns          239200 1c008bc6 00d7f7b3 and              x15, x15, x13       x15=00000000 x15:0000001c x13:00001f80
14269698ns          239201 1c008bc8 ee873733 p.bclr           x14, x14, 23, 8     x14=00000038 x14:00000038
14269718ns          239202 1c008bcc 1a10f6b7 lui              x13, 0x1a10f000     x13=1a10f000
14269738ns          239203 1c008bd0 00d70733 add              x14, x14, x13       x14=1a10f038 x14:00000038 x13:1a10f000
14269758ns          239204 1c008bd2 00e787b3 add              x15, x15, x14       x15=1a10f038 x15:00000000 x14:1a10f038
14269778ns          239205 1c008bd4 0ff57513 andi             x10, x10, 255       x10=00000020 x10:00000020
14269798ns          239206 1c008bd8 00a7a023 sw               x10, 0(x15)         x10:00000020 x15:1a10f038  PA:1a10f038
14270116ns          239222 1c008bda 00000513 addi             x10, x0, 0          x10=00000000
14270136ns          239223 1c008bdc 00008067 jalr             x0, x1, 0            x1:1c008ca2
14270195ns          239226 1c008ca2 4df52863 p.beqimm         x10, 1232           x10:00000000
14270215ns          239227 1c008ca6 00140413 addi             x8, x8, 1            x8=00000015  x8:00000014
14270235ns          239228 1c008ca8 001a450b p.lbu            x10, 1(x20!)        x10=0000003d x20=1c000070 x20:1c00006f  PA:1c00006f
14270553ns          239244 1c008cac fe0515e3 bne              x10, x0, -22        x10:0000003d
14270633ns          239248 1c008c96 02500793 addi             x15, x0, 37         x15=00000025
14270653ns          239249 1c008c9a 04f50763 beq              x10, x15, 78        x10:0000003d x15:00000025
14270673ns          239250 1c008c9e 009005b3 add              x11, x0, x9         x11=00000002  x9:00000002
14270693ns          239251 1c008ca0 000c80e7 jalr             x1, x25, 0           x1=1c008ca2 x25:1c008bb6
14270732ns          239253 1c008bb6 000026b7 lui              x13, 0x2000         x13=00002000
14270752ns          239254 1c008bb8 f8068693 addi             x13, x13, -128      x13=00001f80 x13:00002000
14270772ns          239255 1c008bbc f14027f3 csrrs            x15, x0, 0xf14      x15=00000007
14270792ns          239256 1c008bc0 00379713 slli             x14, x15, 0x3       x14=00000038 x15:00000007
14270812ns          239257 1c008bc4 00279793 slli             x15, x15, 0x2       x15=0000001c x15:00000007
14270832ns          239258 1c008bc6 00d7f7b3 and              x15, x15, x13       x15=00000000 x15:0000001c x13:00001f80
14270852ns          239259 1c008bc8 ee873733 p.bclr           x14, x14, 23, 8     x14=00000038 x14:00000038
14270872ns          239260 1c008bcc 1a10f6b7 lui              x13, 0x1a10f000     x13=1a10f000
14270891ns          239261 1c008bd0 00d70733 add              x14, x14, x13       x14=1a10f038 x14:00000038 x13:1a10f000
14270911ns          239262 1c008bd2 00e787b3 add              x15, x15, x14       x15=1a10f038 x15:00000000 x14:1a10f038
14270931ns          239263 1c008bd4 0ff57513 andi             x10, x10, 255       x10=0000003d x10:0000003d
14270951ns          239264 1c008bd8 00a7a023 sw               x10, 0(x15)         x10:0000003d x15:1a10f038  PA:1a10f038
14271269ns          239280 1c008bda 00000513 addi             x10, x0, 0          x10=00000000
14271289ns          239281 1c008bdc 00008067 jalr             x0, x1, 0            x1:1c008ca2
14271349ns          239284 1c008ca2 4df52863 p.beqimm         x10, 1232           x10:00000000
14271369ns          239285 1c008ca6 00140413 addi             x8, x8, 1            x8=00000016  x8:00000015
14271389ns          239286 1c008ca8 001a450b p.lbu            x10, 1(x20!)        x10=00000020 x20=1c000071 x20:1c000070  PA:1c000070
14271707ns          239302 1c008cac fe0515e3 bne              x10, x0, -22        x10:00000020
14271786ns          239306 1c008c96 02500793 addi             x15, x0, 37         x15=00000025
14271806ns          239307 1c008c9a 04f50763 beq              x10, x15, 78        x10:00000020 x15:00000025
14271826ns          239308 1c008c9e 009005b3 add              x11, x0, x9         x11=00000002  x9:00000002
14271846ns          239309 1c008ca0 000c80e7 jalr             x1, x25, 0           x1=1c008ca2 x25:1c008bb6
14271886ns          239311 1c008bb6 000026b7 lui              x13, 0x2000         x13=00002000
14271906ns          239312 1c008bb8 f8068693 addi             x13, x13, -128      x13=00001f80 x13:00002000
14271926ns          239313 1c008bbc f14027f3 csrrs            x15, x0, 0xf14      x15=00000007
14271945ns          239314 1c008bc0 00379713 slli             x14, x15, 0x3       x14=00000038 x15:00000007
14271965ns          239315 1c008bc4 00279793 slli             x15, x15, 0x2       x15=0000001c x15:00000007
14271985ns          239316 1c008bc6 00d7f7b3 and              x15, x15, x13       x15=00000000 x15:0000001c x13:00001f80
14272005ns          239317 1c008bc8 ee873733 p.bclr           x14, x14, 23, 8     x14=00000038 x14:00000038
14272025ns          239318 1c008bcc 1a10f6b7 lui              x13, 0x1a10f000     x13=1a10f000
14272045ns          239319 1c008bd0 00d70733 add              x14, x14, x13       x14=1a10f038 x14:00000038 x13:1a10f000
14272065ns          239320 1c008bd2 00e787b3 add              x15, x15, x14       x15=1a10f038 x15:00000000 x14:1a10f038
14272085ns          239321 1c008bd4 0ff57513 andi             x10, x10, 255       x10=00000020 x10:00000020
14272105ns          239322 1c008bd8 00a7a023 sw               x10, 0(x15)         x10:00000020 x15:1a10f038  PA:1a10f038
14272423ns          239338 1c008bda 00000513 addi             x10, x0, 0          x10=00000000
14272443ns          239339 1c008bdc 00008067 jalr             x0, x1, 0            x1:1c008ca2
14272502ns          239342 1c008ca2 4df52863 p.beqimm         x10, 1232           x10:00000000
14272522ns          239343 1c008ca6 00140413 addi             x8, x8, 1            x8=00000017  x8:00000016
14272542ns          239344 1c008ca8 001a450b p.lbu            x10, 1(x20!)        x10=00000025 x20=1c000072 x20:1c000071  PA:1c000071
14272860ns          239360 1c008cac fe0515e3 bne              x10, x0, -22        x10:00000025
14272940ns          239364 1c008c96 02500793 addi             x15, x0, 37         x15=00000025
14272960ns          239365 1c008c9a 04f50763 beq              x10, x15, 78        x10:00000025 x15:00000025
14273019ns          239368 1c008ce8 01400c33 add              x24, x0, x20        x24=1c000072 x20:1c000072
14273039ns          239369 1c008cea 000c4a03 lbu              x20, 0(x24)         x20=00000064 x24:1c000072  PA:1c000072
14273338ns          239384 1c008cee 0b4d0513 addi             x10, x26, 180       x10=1c0000b4 x26:1c000000
14273358ns          239385 1c008cf2 00912e23 sw               x9, 28(x2)           x9:00000002  x2:10003e18  PA:10003e34
14273377ns          239386 1c008cf4 014005b3 add              x11, x0, x20        x11=00000064 x20:00000064
14273397ns          239387 1c008cf6 00012823 sw               x0, 16(x2)           x2:10003e18  PA:10003e28
14273417ns          239388 1c008cf8 00012a23 sw               x0, 20(x2)           x2:10003e18  PA:10003e2c
14273437ns          239389 1c008cfa 00012623 sw               x0, 12(x2)           x2:10003e18  PA:10003e24
14273457ns          239390 1c008cfc 001c0493 addi             x9, x24, 1           x9=1c000073 x24:1c000072
14273477ns          239391 1c008d00 e41ff0ef jal              x1, -448             x1=1c008d02
14273556ns          239395 1c008b40 00054703 lbu              x14, 0(x10)         x14=0000002d x10:1c0000b4  PA:1c0000b4
14273875ns          239411 1c008b44 0ff5f593 andi             x11, x11, 255       x11=00000064 x11:00000064
14273894ns          239412 1c008b48 00a007b3 add              x15, x0, x10        x15=1c0000b4 x10:1c0000b4
14273914ns          239413 1c008b4a 00b70863 beq              x14, x11, 16        x14:0000002d x11:00000064
14273934ns          239414 1c008b4e 00070863 beq              x14, x0, 16         x14:0000002d
14273954ns          239415 1c008b50 0017c703 lbu              x14, 1(x15)         x14=0000002b x15:1c0000b4  PA:1c0000b5
14274252ns          239430 1c008b54 00178793 addi             x15, x15, 1         x15=1c0000b5 x15:1c0000b4
14274272ns          239431 1c008b56 feb71ce3 bne              x14, x11, -8        x14:0000002b x11:00000064
14274332ns          239434 1c008b4e 00070863 beq              x14, x0, 16         x14:0000002b
14274352ns          239435 1c008b50 0017c703 lbu              x14, 1(x15)         x14=00000020 x15:1c0000b5  PA:1c0000b6
14274650ns          239450 1c008b54 00178793 addi             x15, x15, 1         x15=1c0000b6 x15:1c0000b5
14274670ns          239451 1c008b56 feb71ce3 bne              x14, x11, -8        x14:00000020 x11:00000064
14274730ns          239454 1c008b4e 00070863 beq              x14, x0, 16         x14:00000020
14274750ns          239455 1c008b50 0017c703 lbu              x14, 1(x15)         x14=00000023 x15:1c0000b6  PA:1c0000b7
14275048ns          239470 1c008b54 00178793 addi             x15, x15, 1         x15=1c0000b7 x15:1c0000b6
14275068ns          239471 1c008b56 feb71ce3 bne              x14, x11, -8        x14:00000023 x11:00000064
14275128ns          239474 1c008b4e 00070863 beq              x14, x0, 16         x14:00000023
14275147ns          239475 1c008b50 0017c703 lbu              x14, 1(x15)         x14=00000030 x15:1c0000b7  PA:1c0000b8
14275505ns          239493 1c008b54 00178793 addi             x15, x15, 1         x15=1c0000b8 x15:1c0000b7
14275525ns          239494 1c008b56 feb71ce3 bne              x14, x11, -8        x14:00000030 x11:00000064
14275585ns          239497 1c008b4e 00070863 beq              x14, x0, 16         x14:00000030
14275605ns          239498 1c008b50 0017c703 lbu              x14, 1(x15)         x14=00000000 x15:1c0000b8  PA:1c0000b9
14275903ns          239513 1c008b54 00178793 addi             x15, x15, 1         x15=1c0000b9 x15:1c0000b8
14275923ns          239514 1c008b56 feb71ce3 bne              x14, x11, -8        x14:00000000 x11:00000064
14275983ns          239517 1c008b4e 00070863 beq              x14, x0, 16         x14:00000000
14276042ns          239520 1c008b5e 00000513 addi             x10, x0, 0          x10=00000000
14276062ns          239521 1c008b60 fe058de3 beq              x11, x0, -6         x11:00000064
14276082ns          239522 1c008b62 00008067 jalr             x0, x1, 0            x1:1c008d02
14276142ns          239525 1c008d02 02000913 addi             x18, x0, 32         x18=00000020
14276162ns          239526 1c008d06 00000993 addi             x19, x0, 0          x19=00000000
14276182ns          239527 1c008d08 02b00a93 addi             x21, x0, 43         x21=0000002b
14276202ns          239528 1c008d0c 02d00b93 addi             x23, x0, 45         x23=0000002d
14276241ns          239530 1c008d10 03000b13 addi             x22, x0, 48         x22=00000030
14276281ns          239532 1c008d14 00900633 add              x12, x0, x9         x12=1c000073  x9:1c000073
14276301ns          239533 1c008d16 02050963 beq              x10, x0, 50         x10:00000000
14276460ns          239541 1c008d48 03312623 sw               x19, 44(x2)         x19:00000000  x2:10003e18  PA:10003e44
14276500ns          239543 1c008d4a 02a00693 addi             x13, x0, 42         x13=0000002a
14276520ns          239544 1c008d4e 014009b3 add              x19, x0, x20        x19=00000064 x20:00000064
14276540ns          239545 1c008d50 01800a33 add              x20, x0, x24        x20=1c000072 x24:1c000072
14276559ns          239546 1c008d52 00900c33 add              x24, x0, x9         x24=1c000073  x9:1c000073
14276579ns          239547 1c008d54 01c12483 lw               x9, 28(x2)           x9=00000002  x2:10003e18  PA:10003e34
14276599ns          239548 1c008d56 42d98063 beq              x19, x13, 1056      x19:00000064 x13:0000002a
14276619ns          239549 1c008d5a fd098693 addi             x13, x19, -48       x13=00000034 x19:00000064
14276639ns          239550 1c008d5e 00900513 addi             x10, x0, 9          x10=00000009
14276659ns          239551 1c008d60 00000a93 addi             x21, x0, 0          x21=00000000
14276679ns          239552 1c008d62 3cd57f63 bgeu             x10, x13, 990       x10:00000009 x13:00000034
14276699ns          239553 1c008d66 02e00793 addi             x15, x0, 46         x15=0000002e
14276719ns          239554 1c008d6a fff00b13 addi             x22, x0, -1         x22=ffffffff
14276738ns          239555 1c008d6c 04f981e3 beq              x19, x15, 2114      x19:00000064 x15:0000002e
14276778ns          239557 1c008d70 1c0007b7 lui              x15, 0x1c000000     x15=1c000000
14276818ns          239559 1c008d74 013005b3 add              x11, x0, x19        x11=00000064 x19:00000064
14276838ns          239560 1c008d76 0bc78513 addi             x10, x15, 188       x10=1c0000bc x15:1c000000
14276858ns          239561 1c008d7a 00c12e23 sw               x12, 28(x2)         x12:1c000073  x2:10003e18  PA:10003e34
14276878ns          239562 1c008d7c dc5ff0ef jal              x1, -572             x1=1c008d7e
14276957ns          239566 1c008b40 00054703 lbu              x14, 0(x10)         x14=00000068 x10:1c0000bc  PA:1c0000bc
14277275ns          239582 1c008b44 0ff5f593 andi             x11, x11, 255       x11=00000064 x11:00000064
14277295ns          239583 1c008b48 00a007b3 add              x15, x0, x10        x15=1c0000bc x10:1c0000bc
14277315ns          239584 1c008b4a 00b70863 beq              x14, x11, 16        x14:00000068 x11:00000064
14277335ns          239585 1c008b4e 00070863 beq              x14, x0, 16         x14:00000068
14277355ns          239586 1c008b50 0017c703 lbu              x14, 1(x15)         x14=0000006c x15:1c0000bc  PA:1c0000bd
14277653ns          239601 1c008b54 00178793 addi             x15, x15, 1         x15=1c0000bd x15:1c0000bc
14277673ns          239602 1c008b56 feb71ce3 bne              x14, x11, -8        x14:0000006c x11:00000064
14277733ns          239605 1c008b4e 00070863 beq              x14, x0, 16         x14:0000006c
14277753ns          239606 1c008b50 0017c703 lbu              x14, 1(x15)         x14=0000004c x15:1c0000bd  PA:1c0000be
14278051ns          239621 1c008b54 00178793 addi             x15, x15, 1         x15=1c0000be x15:1c0000bd
14278071ns          239622 1c008b56 feb71ce3 bne              x14, x11, -8        x14:0000004c x11:00000064
14278131ns          239625 1c008b4e 00070863 beq              x14, x0, 16         x14:0000004c
14278151ns          239626 1c008b50 0017c703 lbu              x14, 1(x15)         x14=0000007a x15:1c0000be  PA:1c0000bf
14278449ns          239641 1c008b54 00178793 addi             x15, x15, 1         x15=1c0000bf x15:1c0000be
14278469ns          239642 1c008b56 feb71ce3 bne              x14, x11, -8        x14:0000007a x11:00000064
14278528ns          239645 1c008b4e 00070863 beq              x14, x0, 16         x14:0000007a
14278548ns          239646 1c008b50 0017c703 lbu              x14, 1(x15)         x14=00000000 x15:1c0000bf  PA:1c0000c0
14278866ns          239662 1c008b54 00178793 addi             x15, x15, 1         x15=1c0000c0 x15:1c0000bf
14278886ns          239663 1c008b56 feb71ce3 bne              x14, x11, -8        x14:00000000 x11:00000064
14278946ns          239666 1c008b4e 00070863 beq              x14, x0, 16         x14:00000000
14279006ns          239669 1c008b5e 00000513 addi             x10, x0, 0          x10=00000000
14279026ns          239670 1c008b60 fe058de3 beq              x11, x0, -6         x11:00000064
14279045ns          239671 1c008b62 00008067 jalr             x0, x1, 0            x1:1c008d7e
14279085ns          239673 1c008d7e 01c12603 lw               x12, 28(x2)         x12=1c000073  x2:10003e18  PA:10003e34
14279125ns          239675 1c008d80 00c00a33 add              x20, x0, x12        x20=1c000073 x12:1c000073
14279145ns          239676 1c008d82 00050563 beq              x10, x0, 10         x10:00000000
14279264ns          239682 1c008d8c 06900793 addi             x15, x0, 105        x15=00000069
14279284ns          239683 1c008d90 1cf98be3 beq              x19, x15, 2518      x19:00000064 x15:00000069
14279304ns          239684 1c008d94 4b37ce63 blt              x15, x19, 1212      x15:00000069 x19:00000064
14279324ns          239685 1c008d98 05800793 addi             x15, x0, 88         x15=00000058
14279344ns          239686 1c008d9c 4cf98863 beq              x19, x15, 1232      x19:00000064 x15:00000058
14279364ns          239687 1c008da0 3f37cd63 blt              x15, x19, 1018      x15:00000058 x19:00000064
14279443ns          239691 1c00919a 06400793 addi             x15, x0, 100        x15=00000064
14279503ns          239694 1c00919e 5cf98463 beq              x19, x15, 1480      x19:00000064 x15:00000064
14279602ns          239699 1c009766 01812b83 lw               x23, 24(x2)         x23=10003f84  x2:10003e18  PA:10003e30
14279642ns          239701 1c009768 004ba60b p.lw             x12, 4(x23!)        x12=00000000 x23=10003f88 x23:10003f84  PA:10003f84
14279682ns          239703 1c00976c 48064963 blt              x12, x0, 1170       x12:00000000
14279702ns          239704 1c009770 01412783 lw               x15, 20(x2)         x15=00000000  x2:10003e18  PA:10003e2c
14279722ns          239705 1c009772 00c00733 add              x14, x0, x12        x14=00000000 x12:00000000
14279742ns          239706 1c009774 56078863 beq              x15, x0, 1392       x15:00000000
14279881ns          239713 1c009ce4 01012783 lw               x15, 16(x2)         x15=00000000  x2:10003e18  PA:10003e28
14279901ns          239714 1c009ce6 01b00533 add              x10, x0, x27        x10=10003e4c x27:10003e4c
14279921ns          239715 1c009ce8 a8078ee3 beq              x15, x0, -1380      x15:00000000
14279980ns          239718 1c009784 00a007b3 add              x15, x0, x10        x15=10003e4c x10:10003e4c
14280000ns          239719 1c009786 00a00593 addi             x11, x0, 10         x11=0000000a
14280020ns          239720 1c009788 00900313 addi             x6, x0, 9            x6=00000009
14280040ns          239721 1c00978a 02b776b3 remu             x13, x14, x11       x13=00000000 x14:00000000 x11:0000000a
14280656ns          239752 1c00978e 00e00833 add              x16, x0, x14        x16=00000000 x14:00000000
14280676ns          239753 1c009790 00f008b3 add              x17, x0, x15        x17=10003e4c x15:10003e4c
14280696ns          239754 1c009792 03068693 addi             x13, x13, 48        x13=00000030 x13:00000000
14280716ns          239755 1c009796 00d780ab p.sb             x13, 1(x15!)        x15=10003e4d x13:00000030 x15:10003e4c  PA:10003e4c
14280736ns          239756 1c00979a 02b75733 divu             x14, x14, x11       x14=00000000 x14:00000000 x11:0000000a
14281372ns          239788 1c00979e ff0366e3 bltu             x6, x16, -20         x6:00000009 x16:00000000
14281392ns          239789 1c0097a2 40a78733 sub              x14, x15, x10       x14=00000001 x15:10003e4d x10:10003e4c
14281412ns          239790 1c0097a6 01675c63 bge              x14, x22, 24        x14:00000001 x22:ffffffff
14281492ns          239794 1c0097be 00078023 sb               x0, 0(x15)          x15:10003e4d  PA:10003e4d
14281531ns          239796 1c0097c2 0b157563 bgeu             x10, x17, 170       x10:10003e4c x17:10003e4c
14282029ns          239821 1c00986c 01412703 lw               x14, 20(x2)         x14=00000000  x2:10003e18  PA:10003e2c
14282049ns          239822 1c00986e 01012683 lw               x13, 16(x2)         x13=00000000  x2:10003e18  PA:10003e28
14282088ns          239824 1c009870 41b787b3 sub              x15, x15, x27       x15=00000001 x15:10003e4d x27:10003e4c
14282128ns          239826 1c009874 00d76733 or               x14, x14, x13       x14=00000000 x14:00000000 x13:00000000
14282148ns          239827 1c009876 02e12623 sw               x14, 44(x2)         x14:00000000  x2:10003e18  PA:10003e44
14282168ns          239828 1c009878 b0071be3 bne              x14, x0, -1258      x14:00000000
14282188ns          239829 1c00987c 01f65713 srli             x14, x12, 0x1f      x14=00000000 x12:00000000
14282228ns          239831 1c009880 02e12623 sw               x14, 44(x2)         x14:00000000  x2:10003e18  PA:10003e44
14282247ns          239832 1c009882 b0dff06f jal              x0, -1268          
14282367ns          239838 1c00938e ebfb2be3 p.beqimm         x22, -330           x22:ffffffff
14282426ns          239841 1c009244 0c800713 addi             x14, x0, 200        x14=000000c8
14282446ns          239842 1c009248 14f75b63 bge              x14, x15, 342       x14:000000c8 x15:00000001
14282586ns          239849 1c00939e 00178613 addi             x12, x15, 1         x12=00000002 x15:00000001
14282605ns          239850 1c0093a2 0557c863 blt              x15, x21, 80        x15:00000001 x21:00000000
14282625ns          239851 1c0093a6 01712c23 sw               x23, 24(x2)         x23:10003f88  x2:10003e18  PA:10003e30
14282645ns          239852 1c0093a8 00f00ab3 add              x21, x0, x15        x21=00000001 x15:00000001
14282665ns          239853 1c0093aa 8e0a8fe3 beq              x21, x0, -1794      x21:00000001
14282685ns          239854 1c0093ae 01b00933 add              x18, x0, x27        x18=10003e4c x27:10003e4c
14282705ns          239855 1c0093b0 41b409b3 sub              x19, x8, x27        x19=efffc1cb  x8:00000017 x27:10003e4c
14282725ns          239856 1c0093b4 01ba8ab3 add              x21, x21, x27       x21=10003e4d x21:00000001 x27:10003e4c
14282745ns          239857 1c0093b6 00a0006f jal              x0, 10             
14282824ns          239861 1c0093c0 0019450b p.lbu            x10, 1(x18!)        x10=00000030 x18=10003e4d x18:10003e4c  PA:10003e4c
14282844ns          239862 1c0093c4 009005b3 add              x11, x0, x9         x11=00000002  x9:00000002
14282864ns          239863 1c0093c6 000c80e7 jalr             x1, x25, 0           x1=1c0093c8 x25:1c008bb6
14282904ns          239865 1c008bb6 000026b7 lui              x13, 0x2000         x13=00002000
14282924ns          239866 1c008bb8 f8068693 addi             x13, x13, -128      x13=00001f80 x13:00002000
14282944ns          239867 1c008bbc f14027f3 csrrs            x15, x0, 0xf14      x15=00000007
14283003ns          239870 1c008bc0 00379713 slli             x14, x15, 0x3       x14=00000038 x15:00000007
14283043ns          239872 1c008bc4 00279793 slli             x15, x15, 0x2       x15=0000001c x15:00000007
14283063ns          239873 1c008bc6 00d7f7b3 and              x15, x15, x13       x15=00000000 x15:0000001c x13:00001f80
14283083ns          239874 1c008bc8 ee873733 p.bclr           x14, x14, 23, 8     x14=00000038 x14:00000038
14283103ns          239875 1c008bcc 1a10f6b7 lui              x13, 0x1a10f000     x13=1a10f000
14283142ns          239877 1c008bd0 00d70733 add              x14, x14, x13       x14=1a10f038 x14:00000038 x13:1a10f000
14283162ns          239878 1c008bd2 00e787b3 add              x15, x15, x14       x15=1a10f038 x15:00000000 x14:1a10f038
14283182ns          239879 1c008bd4 0ff57513 andi             x10, x10, 255       x10=00000030 x10:00000030
14283202ns          239880 1c008bd8 00a7a023 sw               x10, 0(x15)         x10:00000030 x15:1a10f038  PA:1a10f038
14283540ns          239897 1c008bda 00000513 addi             x10, x0, 0          x10=00000000
14283560ns          239898 1c008bdc 00008067 jalr             x0, x1, 0            x1:1c0093c8
14283640ns          239902 1c0093c8 fff538e3 p.bneimm         x10, -16            x10:00000000
14283699ns          239905 1c0093b8 01298433 add              x8, x19, x18         x8=00000018 x19:efffc1cb x18:10003e4d
14283719ns          239906 1c0093bc 8f2a86e3 beq              x21, x18, -1812     x21:10003e4d x18:10003e4d
14283819ns          239911 1c008ca8 001a450b p.lbu            x10, 1(x20!)        x10=00000020 x20=1c000074 x20:1c000073  PA:1c000073
14284157ns          239928 1c008cac fe0515e3 bne              x10, x0, -22        x10:00000020
14284296ns          239935 1c008c96 02500793 addi             x15, x0, 37         x15=00000025
14284316ns          239936 1c008c9a 04f50763 beq              x10, x15, 78        x10:00000020 x15:00000025
14284336ns          239937 1c008c9e 009005b3 add              x11, x0, x9         x11=00000002  x9:00000002
14284356ns          239938 1c008ca0 000c80e7 jalr             x1, x25, 0           x1=1c008ca2 x25:1c008bb6
14284395ns          239940 1c008bb6 000026b7 lui              x13, 0x2000         x13=00002000
14284415ns          239941 1c008bb8 f8068693 addi             x13, x13, -128      x13=00001f80 x13:00002000
14284435ns          239942 1c008bbc f14027f3 csrrs            x15, x0, 0xf14      x15=00000007
14284455ns          239943 1c008bc0 00379713 slli             x14, x15, 0x3       x14=00000038 x15:00000007
14284475ns          239944 1c008bc4 00279793 slli             x15, x15, 0x2       x15=0000001c x15:00000007
14284495ns          239945 1c008bc6 00d7f7b3 and              x15, x15, x13       x15=00000000 x15:0000001c x13:00001f80
14284515ns          239946 1c008bc8 ee873733 p.bclr           x14, x14, 23, 8     x14=00000038 x14:00000038
14284535ns          239947 1c008bcc 1a10f6b7 lui              x13, 0x1a10f000     x13=1a10f000
14284554ns          239948 1c008bd0 00d70733 add              x14, x14, x13       x14=1a10f038 x14:00000038 x13:1a10f000
14284574ns          239949 1c008bd2 00e787b3 add              x15, x15, x14       x15=1a10f038 x15:00000000 x14:1a10f038
14284594ns          239950 1c008bd4 0ff57513 andi             x10, x10, 255       x10=00000020 x10:00000020
14284614ns          239951 1c008bd8 00a7a023 sw               x10, 0(x15)         x10:00000020 x15:1a10f038  PA:1a10f038
14284992ns          239970 1c008bda 00000513 addi             x10, x0, 0          x10=00000000
14285012ns          239971 1c008bdc 00008067 jalr             x0, x1, 0            x1:1c008ca2
14285072ns          239974 1c008ca2 4df52863 p.beqimm         x10, 1232           x10:00000000
14285091ns          239975 1c008ca6 00140413 addi             x8, x8, 1            x8=00000019  x8:00000018
14285111ns          239976 1c008ca8 001a450b p.lbu            x10, 1(x20!)        x10=0000002f x20=1c000075 x20:1c000074  PA:1c000074
14285469ns          239994 1c008cac fe0515e3 bne              x10, x0, -22        x10:0000002f
14285549ns          239998 1c008c96 02500793 addi             x15, x0, 37         x15=00000025
14285569ns          239999 1c008c9a 04f50763 beq              x10, x15, 78        x10:0000002f x15:00000025
14285589ns          240000 1c008c9e 009005b3 add              x11, x0, x9         x11=00000002  x9:00000002
14285609ns          240001 1c008ca0 000c80e7 jalr             x1, x25, 0           x1=1c008ca2 x25:1c008bb6
14285648ns          240003 1c008bb6 000026b7 lui              x13, 0x2000         x13=00002000
14285668ns          240004 1c008bb8 f8068693 addi             x13, x13, -128      x13=00001f80 x13:00002000
14285688ns          240005 1c008bbc f14027f3 csrrs            x15, x0, 0xf14      x15=00000007
14285708ns          240006 1c008bc0 00379713 slli             x14, x15, 0x3       x14=00000038 x15:00000007
14285728ns          240007 1c008bc4 00279793 slli             x15, x15, 0x2       x15=0000001c x15:00000007
14285748ns          240008 1c008bc6 00d7f7b3 and              x15, x15, x13       x15=00000000 x15:0000001c x13:00001f80
14285768ns          240009 1c008bc8 ee873733 p.bclr           x14, x14, 23, 8     x14=00000038 x14:00000038
14285788ns          240010 1c008bcc 1a10f6b7 lui              x13, 0x1a10f000     x13=1a10f000
14285807ns          240011 1c008bd0 00d70733 add              x14, x14, x13       x14=1a10f038 x14:00000038 x13:1a10f000
14285827ns          240012 1c008bd2 00e787b3 add              x15, x15, x14       x15=1a10f038 x15:00000000 x14:1a10f038
14285847ns          240013 1c008bd4 0ff57513 andi             x10, x10, 255       x10=0000002f x10:0000002f
14285867ns          240014 1c008bd8 00a7a023 sw               x10, 0(x15)         x10:0000002f x15:1a10f038  PA:1a10f038
14286185ns          240030 1c008bda 00000513 addi             x10, x0, 0          x10=00000000
14286205ns          240031 1c008bdc 00008067 jalr             x0, x1, 0            x1:1c008ca2
14286265ns          240034 1c008ca2 4df52863 p.beqimm         x10, 1232           x10:00000000
14286285ns          240035 1c008ca6 00140413 addi             x8, x8, 1            x8=0000001a  x8:00000019
14286305ns          240036 1c008ca8 001a450b p.lbu            x10, 1(x20!)        x10=00000020 x20=1c000076 x20:1c000075  PA:1c000075
14286663ns          240054 1c008cac fe0515e3 bne              x10, x0, -22        x10:00000020
14286742ns          240058 1c008c96 02500793 addi             x15, x0, 37         x15=00000025
14286762ns          240059 1c008c9a 04f50763 beq              x10, x15, 78        x10:00000020 x15:00000025
14286782ns          240060 1c008c9e 009005b3 add              x11, x0, x9         x11=00000002  x9:00000002
14286802ns          240061 1c008ca0 000c80e7 jalr             x1, x25, 0           x1=1c008ca2 x25:1c008bb6
14286842ns          240063 1c008bb6 000026b7 lui              x13, 0x2000         x13=00002000
14286861ns          240064 1c008bb8 f8068693 addi             x13, x13, -128      x13=00001f80 x13:00002000
14286881ns          240065 1c008bbc f14027f3 csrrs            x15, x0, 0xf14      x15=00000007
14286901ns          240066 1c008bc0 00379713 slli             x14, x15, 0x3       x14=00000038 x15:00000007
14286921ns          240067 1c008bc4 00279793 slli             x15, x15, 0x2       x15=0000001c x15:00000007
14286941ns          240068 1c008bc6 00d7f7b3 and              x15, x15, x13       x15=00000000 x15:0000001c x13:00001f80
14286961ns          240069 1c008bc8 ee873733 p.bclr           x14, x14, 23, 8     x14=00000038 x14:00000038
14286981ns          240070 1c008bcc 1a10f6b7 lui              x13, 0x1a10f000     x13=1a10f000
14287001ns          240071 1c008bd0 00d70733 add              x14, x14, x13       x14=1a10f038 x14:00000038 x13:1a10f000
14287021ns          240072 1c008bd2 00e787b3 add              x15, x15, x14       x15=1a10f038 x15:00000000 x14:1a10f038
14287040ns          240073 1c008bd4 0ff57513 andi             x10, x10, 255       x10=00000020 x10:00000020
14287060ns          240074 1c008bd8 00a7a023 sw               x10, 0(x15)         x10:00000020 x15:1a10f038  PA:1a10f038
14287379ns          240090 1c008bda 00000513 addi             x10, x0, 0          x10=00000000
14287398ns          240091 1c008bdc 00008067 jalr             x0, x1, 0            x1:1c008ca2
14287458ns          240094 1c008ca2 4df52863 p.beqimm         x10, 1232           x10:00000000
14287478ns          240095 1c008ca6 00140413 addi             x8, x8, 1            x8=0000001b  x8:0000001a
14287498ns          240096 1c008ca8 001a450b p.lbu            x10, 1(x20!)        x10=00000031 x20=1c000077 x20:1c000076  PA:1c000076
14287816ns          240112 1c008cac fe0515e3 bne              x10, x0, -22        x10:00000031
14287896ns          240116 1c008c96 02500793 addi             x15, x0, 37         x15=00000025
14287916ns          240117 1c008c9a 04f50763 beq              x10, x15, 78        x10:00000031 x15:00000025
14287935ns          240118 1c008c9e 009005b3 add              x11, x0, x9         x11=00000002  x9:00000002
14287955ns          240119 1c008ca0 000c80e7 jalr             x1, x25, 0           x1=1c008ca2 x25:1c008bb6
14287995ns          240121 1c008bb6 000026b7 lui              x13, 0x2000         x13=00002000
14288015ns          240122 1c008bb8 f8068693 addi             x13, x13, -128      x13=00001f80 x13:00002000
14288035ns          240123 1c008bbc f14027f3 csrrs            x15, x0, 0xf14      x15=00000007
14288055ns          240124 1c008bc0 00379713 slli             x14, x15, 0x3       x14=00000038 x15:00000007
14288075ns          240125 1c008bc4 00279793 slli             x15, x15, 0x2       x15=0000001c x15:00000007
14288095ns          240126 1c008bc6 00d7f7b3 and              x15, x15, x13       x15=00000000 x15:0000001c x13:00001f80
14288114ns          240127 1c008bc8 ee873733 p.bclr           x14, x14, 23, 8     x14=00000038 x14:00000038
14288134ns          240128 1c008bcc 1a10f6b7 lui              x13, 0x1a10f000     x13=1a10f000
14288154ns          240129 1c008bd0 00d70733 add              x14, x14, x13       x14=1a10f038 x14:00000038 x13:1a10f000
14288174ns          240130 1c008bd2 00e787b3 add              x15, x15, x14       x15=1a10f038 x15:00000000 x14:1a10f038
14288194ns          240131 1c008bd4 0ff57513 andi             x10, x10, 255       x10=00000031 x10:00000031
14288214ns          240132 1c008bd8 00a7a023 sw               x10, 0(x15)         x10:00000031 x15:1a10f038  PA:1a10f038
14288532ns          240148 1c008bda 00000513 addi             x10, x0, 0          x10=00000000
14288552ns          240149 1c008bdc 00008067 jalr             x0, x1, 0            x1:1c008ca2
14288612ns          240152 1c008ca2 4df52863 p.beqimm         x10, 1232           x10:00000000
14288632ns          240153 1c008ca6 00140413 addi             x8, x8, 1            x8=0000001c  x8:0000001b
14288651ns          240154 1c008ca8 001a450b p.lbu            x10, 1(x20!)        x10=00000036 x20=1c000078 x20:1c000077  PA:1c000077
14288989ns          240171 1c008cac fe0515e3 bne              x10, x0, -22        x10:00000036
14289069ns          240175 1c008c96 02500793 addi             x15, x0, 37         x15=00000025
14289089ns          240176 1c008c9a 04f50763 beq              x10, x15, 78        x10:00000036 x15:00000025
14289109ns          240177 1c008c9e 009005b3 add              x11, x0, x9         x11=00000002  x9:00000002
14289129ns          240178 1c008ca0 000c80e7 jalr             x1, x25, 0           x1=1c008ca2 x25:1c008bb6
14289168ns          240180 1c008bb6 000026b7 lui              x13, 0x2000         x13=00002000
14289188ns          240181 1c008bb8 f8068693 addi             x13, x13, -128      x13=00001f80 x13:00002000
14289208ns          240182 1c008bbc f14027f3 csrrs            x15, x0, 0xf14      x15=00000007
14289228ns          240183 1c008bc0 00379713 slli             x14, x15, 0x3       x14=00000038 x15:00000007
14289248ns          240184 1c008bc4 00279793 slli             x15, x15, 0x2       x15=0000001c x15:00000007
14289268ns          240185 1c008bc6 00d7f7b3 and              x15, x15, x13       x15=00000000 x15:0000001c x13:00001f80
14289288ns          240186 1c008bc8 ee873733 p.bclr           x14, x14, 23, 8     x14=00000038 x14:00000038
14289308ns          240187 1c008bcc 1a10f6b7 lui              x13, 0x1a10f000     x13=1a10f000
14289328ns          240188 1c008bd0 00d70733 add              x14, x14, x13       x14=1a10f038 x14:00000038 x13:1a10f000
14289347ns          240189 1c008bd2 00e787b3 add              x15, x15, x14       x15=1a10f038 x15:00000000 x14:1a10f038
14289367ns          240190 1c008bd4 0ff57513 andi             x10, x10, 255       x10=00000036 x10:00000036
14289387ns          240191 1c008bd8 00a7a023 sw               x10, 0(x15)         x10:00000036 x15:1a10f038  PA:1a10f038
14289705ns          240207 1c008bda 00000513 addi             x10, x0, 0          x10=00000000
14289725ns          240208 1c008bdc 00008067 jalr             x0, x1, 0            x1:1c008ca2
14289785ns          240211 1c008ca2 4df52863 p.beqimm         x10, 1232           x10:00000000
14289805ns          240212 1c008ca6 00140413 addi             x8, x8, 1            x8=0000001d  x8:0000001c
14289825ns          240213 1c008ca8 001a450b p.lbu            x10, 1(x20!)        x10=0000000a x20=1c000079 x20:1c000078  PA:1c000078
14290143ns          240229 1c008cac fe0515e3 bne              x10, x0, -22        x10:0000000a
14290223ns          240233 1c008c96 02500793 addi             x15, x0, 37         x15=00000025
14290242ns          240234 1c008c9a 04f50763 beq              x10, x15, 78        x10:0000000a x15:00000025
14290262ns          240235 1c008c9e 009005b3 add              x11, x0, x9         x11=00000002  x9:00000002
14290282ns          240236 1c008ca0 000c80e7 jalr             x1, x25, 0           x1=1c008ca2 x25:1c008bb6
14290322ns          240238 1c008bb6 000026b7 lui              x13, 0x2000         x13=00002000
14290342ns          240239 1c008bb8 f8068693 addi             x13, x13, -128      x13=00001f80 x13:00002000
14290362ns          240240 1c008bbc f14027f3 csrrs            x15, x0, 0xf14      x15=00000007
14290382ns          240241 1c008bc0 00379713 slli             x14, x15, 0x3       x14=00000038 x15:00000007
14290402ns          240242 1c008bc4 00279793 slli             x15, x15, 0x2       x15=0000001c x15:00000007
14290421ns          240243 1c008bc6 00d7f7b3 and              x15, x15, x13       x15=00000000 x15:0000001c x13:00001f80
14290441ns          240244 1c008bc8 ee873733 p.bclr           x14, x14, 23, 8     x14=00000038 x14:00000038
14290461ns          240245 1c008bcc 1a10f6b7 lui              x13, 0x1a10f000     x13=1a10f000
14290481ns          240246 1c008bd0 00d70733 add              x14, x14, x13       x14=1a10f038 x14:00000038 x13:1a10f000
14290501ns          240247 1c008bd2 00e787b3 add              x15, x15, x14       x15=1a10f038 x15:00000000 x14:1a10f038
14290521ns          240248 1c008bd4 0ff57513 andi             x10, x10, 255       x10=0000000a x10:0000000a
14290541ns          240249 1c008bd8 00a7a023 sw               x10, 0(x15)         x10:0000000a x15:1a10f038  PA:1a10f038
14290859ns          240265 1c008bda 00000513 addi             x10, x0, 0          x10=00000000
14290879ns          240266 1c008bdc 00008067 jalr             x0, x1, 0            x1:1c008ca2
14290939ns          240269 1c008ca2 4df52863 p.beqimm         x10, 1232           x10:00000000
14290958ns          240270 1c008ca6 00140413 addi             x8, x8, 1            x8=0000001e  x8:0000001d
14290978ns          240271 1c008ca8 001a450b p.lbu            x10, 1(x20!)        x10=00000000 x20=1c00007a x20:1c000079  PA:1c000079
14291316ns          240288 1c008cac fe0515e3 bne              x10, x0, -22        x10:00000000
14291336ns          240289 1c008cae 13c12083 lw               x1, 316(x2)          x1=1c008c22  x2:10003e18  PA:10003f54
14291356ns          240290 1c008cb2 00800533 add              x10, x0, x8         x10=0000001e  x8:0000001e
14291376ns          240291 1c008cb4 13812403 lw               x8, 312(x2)          x8=00000087  x2:10003e18  PA:10003f50
14291396ns          240292 1c008cb8 13412483 lw               x9, 308(x2)          x9=00000087  x2:10003e18  PA:10003f4c
14291416ns          240293 1c008cbc 13012903 lw               x18, 304(x2)        x18=00000007  x2:10003e18  PA:10003f48
14291456ns          240295 1c008cc0 12c12983 lw               x19, 300(x2)        x19=0000x01f  x2:10003e18  PA:10003f44
14291495ns          240297 1c008cc4 12812a03 lw               x20, 296(x2)        x20=00000000  x2:10003e18  PA:10003f40
14291515ns          240298 1c008cc8 12412a83 lw               x21, 292(x2)        x21=000001f8  x2:10003e18  PA:10003f3c
14291535ns          240299 1c008ccc 12012b03 lw               x22, 288(x2)        x22=000001f4  x2:10003e18  PA:10003f38
14291595ns          240302 1c008cd0 11c12b83 lw               x23, 284(x2)        x23=000000cf  x2:10003e18  PA:10003f34
14291635ns          240304 1c008cd4 11812c03 lw               x24, 280(x2)        x24=00000b92  x2:10003e18  PA:10003f30
14291654ns          240305 1c008cd8 11412c83 lw               x25, 276(x2)        x25=1c000ab8  x2:10003e18  PA:10003f2c
14291674ns          240306 1c008cdc 11012d03 lw               x26, 272(x2)        x26=070e0000  x2:10003e18  PA:10003f28
14291734ns          240309 1c008ce0 10c12d83 lw               x27, 268(x2)        x27=09c90594  x2:10003e18  PA:10003f24
14291774ns          240311 1c008ce4 14010113 addi             x2, x2, 320          x2=10003f58  x2:10003e18
14291794ns          240312 1c008ce6 00008067 jalr             x0, x1, 0            x1:1c008c22
14291973ns          240321 1c008c22 01c12083 lw               x1, 28(x2)           x1=1c0087c8  x2:10003f58  PA:10003f74
14292012ns          240323 1c008c24 04010113 addi             x2, x2, 64           x2=10003f98  x2:10003f58
14292032ns          240324 1c008c26 00008067 jalr             x0, x1, 0            x1:1c0087c8
14292112ns          240328 1c0087c8 fcfff06f jal              x0, -50            
14292191ns          240332 1c008796 05c12083 lw               x1, 92(x2)           x1=1c00a05e  x2:10003f98  PA:10003ff4
14292231ns          240334 1c008798 05812403 lw               x8, 88(x2)           x8=00000000  x2:10003f98  PA:10003ff0
14292251ns          240335 1c00879a 05412483 lw               x9, 84(x2)           x9=00000000  x2:10003f98  PA:10003fec
14292271ns          240336 1c00879c 05012903 lw               x18, 80(x2)         x18=00000000  x2:10003f98  PA:10003fe8
14292291ns          240337 1c00879e 04c12983 lw               x19, 76(x2)         x19=00000000  x2:10003f98  PA:10003fe4
14292311ns          240338 1c0087a0 04812a03 lw               x20, 72(x2)         x20=00000000  x2:10003f98  PA:10003fe0
14292331ns          240339 1c0087a2 04412a83 lw               x21, 68(x2)         x21=00000000  x2:10003f98  PA:10003fdc
14292351ns          240340 1c0087a4 04012b03 lw               x22, 64(x2)         x22=00000000  x2:10003f98  PA:10003fd8
14292370ns          240341 1c0087a6 03c12b83 lw               x23, 60(x2)         x23=00000000  x2:10003f98  PA:10003fd4
14292390ns          240342 1c0087a8 03812c03 lw               x24, 56(x2)         x24=00000000  x2:10003f98  PA:10003fd0
14292410ns          240343 1c0087aa 03412c83 lw               x25, 52(x2)         x25=00000000  x2:10003f98  PA:10003fcc
14292430ns          240344 1c0087ac 03012d03 lw               x26, 48(x2)         x26=00000000  x2:10003f98  PA:10003fc8
14292450ns          240345 1c0087ae 02c12d83 lw               x27, 44(x2)         x27=00000000  x2:10003f98  PA:10003fc4
14292470ns          240346 1c0087b0 00100513 addi             x10, x0, 1          x10=00000001
14292490ns          240347 1c0087b2 06010113 addi             x2, x2, 96           x2=10003ff8  x2:10003f98
14292510ns          240348 1c0087b4 00008067 jalr             x0, x1, 0            x1:1c00a05e
14292629ns          240354 1c00a05e 01f00713 addi             x14, x0, 31         x14=0000001f
14292709ns          240358 1c00a060 f14027f3 csrrs            x15, x0, 0xf14      x15=00000007
14292748ns          240360 1c00a064 ca5797b3 p.extractu       x15, x15, 5, 5      x15=00000000 x15:00000007
14292768ns          240361 1c00a068 00e78863 beq              x15, x14, 16        x15:00000000 x14:0000001f
14292788ns          240362 1c00a06c 002047b7 lui              x15, 0x204000       x15=00204000
14293226ns          240384 1c00a070 20078793 addi             x15, x15, 512       x15=00204200 x15:00204000
14293265ns          240386 1c00a074 01c7e703 p.elw            x14, 28(x15)        x14=00010000 x15:00204200  PA:0020421c
14293385ns          240392 1c00a078 f14027f3 csrrs            x15, x0, 0xf14      x15=00000007
14293405ns          240393 1c00a07c f457b7b3 p.bclr           x15, x15, 26, 5     x15=00000007 x15:00000007
14293643ns          240405 1c00a080 00079963 bne              x15, x0, 18         x15:00000007
14294220ns          240434 1c00a092 002047b7 lui              x15, 0x204000       x15=00204000
14294240ns          240435 1c00a096 fff00713 addi             x14, x0, -1         x14=ffffffff
14294260ns          240436 1c00a098 00e7a223 sw               x14, 4(x15)         x14:ffffffff x15:00204000  PA:00204004
