                Time          Cycles PC       Instr    Mnemonic
14015350ns          226412 1c008080 000000b7 lui              x1, 0x0              x1=00000000
14015390ns          226414 1c008084 00000137 lui              x2, 0x0              x2=00000000
14015410ns          226415 1c008088 000001b7 lui              x3, 0x0              x3=00000000
14015430ns          226416 1c00808c 00000237 lui              x4, 0x0              x4=00000000
14015868ns          226438 1c008090 000002b7 lui              x5, 0x0              x5=00000000
14015907ns          226440 1c008094 00000337 lui              x6, 0x0              x6=00000000
14015927ns          226441 1c008098 000003b7 lui              x7, 0x0              x7=00000000
14015947ns          226442 1c00809c 00000437 lui              x8, 0x0              x8=00000000
14016385ns          226464 1c0080a0 000004b7 lui              x9, 0x0              x9=00000000
14016424ns          226466 1c0080a4 00000537 lui              x10, 0x0            x10=00000000
14016444ns          226467 1c0080a8 000005b7 lui              x11, 0x0            x11=00000000
14016464ns          226468 1c0080ac 00000637 lui              x12, 0x0            x12=00000000
14016902ns          226490 1c0080b0 000006b7 lui              x13, 0x0            x13=00000000
14016942ns          226492 1c0080b4 00000737 lui              x14, 0x0            x14=00000000
14016961ns          226493 1c0080b8 000007b7 lui              x15, 0x0            x15=00000000
14016981ns          226494 1c0080bc 00000837 lui              x16, 0x0            x16=00000000
14017439ns          226517 1c0080c0 000008b7 lui              x17, 0x0            x17=00000000
14017479ns          226519 1c0080c4 00000937 lui              x18, 0x0            x18=00000000
14017498ns          226520 1c0080c8 000009b7 lui              x19, 0x0            x19=00000000
14017518ns          226521 1c0080cc 00000a37 lui              x20, 0x0            x20=00000000
14017956ns          226543 1c0080d0 00000ab7 lui              x21, 0x0            x21=00000000
14017996ns          226545 1c0080d4 00000b37 lui              x22, 0x0            x22=00000000
14018015ns          226546 1c0080d8 00000bb7 lui              x23, 0x0            x23=00000000
14018035ns          226547 1c0080dc 00000c37 lui              x24, 0x0            x24=00000000
14018473ns          226569 1c0080e0 00000cb7 lui              x25, 0x0            x25=00000000
14018513ns          226571 1c0080e4 00000d37 lui              x26, 0x0            x26=00000000
14018533ns          226572 1c0080e8 00000db7 lui              x27, 0x0            x27=00000000
14018552ns          226573 1c0080ec 00000e37 lui              x28, 0x0            x28=00000000
14018990ns          226595 1c0080f0 00000eb7 lui              x29, 0x0            x29=00000000
14019030ns          226597 1c0080f4 00000f37 lui              x30, 0x0            x30=00000000
14019050ns          226598 1c0080f8 00000fb7 lui              x31, 0x0            x31=00000000
14019070ns          226599 1c0080fc 0700006f jal              x0, 112            
14019984ns          226645 1c00816c f1402573 csrrs            x10, x0, 0xf14      x10=00000002
14020442ns          226668 1c008170 01f57593 andi             x11, x10, 31        x11=00000002 x10:00000002
14020482ns          226670 1c008174 00555513 srli             x10, x10, 0x5       x10=00000000 x10:00000002
14020501ns          226671 1c008176 01f00613 addi             x12, x0, 31         x12=0000001f
14020521ns          226672 1c008178 00c50463 beq              x10, x12, 8         x10:00000000 x12:0000001f
14020541ns          226673 1c00817c f95ff06f jal              x0, -108           
14021436ns          226718 1c008110 f3ff8117 auipc            x2, 0xf3ff8000       x2=10000110
14021476ns          226720 1c008114 ef410113 addi             x2, x2, -268         x2=10000004  x2:10000110
14021496ns          226721 1c008118 00012103 lw               x2, 0(x2)            x2=10000008  x2:10000004  PA:10000004
14021516ns          226722 1c00811c 000011b7 lui              x3, 0x1000           x3=00001000
14021953ns          226744 1c008120 80018193 addi             x3, x3, -2048        x3=00000800  x3:00001000
14021993ns          226746 1c008124 00158593 addi             x11, x11, 1         x11=00000003 x11:00000002
14022013ns          226747 1c008128 02b180b3 mul              x1, x3, x11          x1=00001800  x3:00000800 x11:00000003
14022033ns          226748 1c00812c 00110133 add              x2, x2, x1           x2=10001808  x2:10000008  x1:00001800
14022470ns          226770 1c008130 6f50106f jal              x0, 7924           
14022928ns          226793 1c00a024 ff010113 addi             x2, x2, -16          x2=100017f8  x2:10001808
14022948ns          226794 1c00a026 00112623 sw               x1, 12(x2)           x1:00001800  x2:100017f8  PA:10001804
14022968ns          226795 1c00a028 002047b7 lui              x15, 0x204000       x15=00204000
14022987ns          226796 1c00a02c 00070737 lui              x14, 0x70000        x14=00070000
14023425ns          226818 1c00a030 00e7a423 sw               x14, 8(x15)         x14:00070000 x15:00204000  PA:00204008
14023465ns          226820 1c00a032 0ff00713 addi             x14, x0, 255        x14=000000ff
14023485ns          226821 1c00a036 20078793 addi             x15, x15, 512       x15=00204200 x15:00204000
14023505ns          226822 1c00a03a 00e7a023 sw               x14, 0(x15)         x14:000000ff x15:00204200  PA:00204200
14023962ns          226845 1c00a03e 00e7a623 sw               x14, 12(x15)        x14:000000ff x15:00204200  PA:0020420c
14023982ns          226846 1c00a042 01f00693 addi             x13, x0, 31         x13=0000001f
14024002ns          226847 1c00a044 f1402773 csrrs            x14, x0, 0xf14      x14=00000002
14024022ns          226848 1c00a048 ca571733 p.extractu       x14, x14, 5, 5      x14=00000000 x14:00000002
14024042ns          226849 1c00a04c 00d70463 beq              x14, x13, 8         x14:00000000 x13:0000001f
14024479ns          226871 1c00a050 01c7e703 p.elw            x14, 28(x15)        x14=00010000 x15:00204200  PA:0020421c
14024698ns          226882 1c00a054 1c0017b7 lui              x15, 0x1c001000     x15=1c001000
14024718ns          226883 1c00a058 e087a783 lw               x15, -504(x15)      x15=1c0081c6 x15:1c001000  PA:1c000e08
14025096ns          226902 1c00a05c 000780e7 jalr             x1, x15, 0           x1=1c00a05e x15:1c0081c6
14025593ns          226927 1c0081c6 fa010113 addi             x2, x2, -96          x2=10001798  x2:100017f8
14025633ns          226929 1c0081c8 04812c23 sw               x8, 88(x2)           x8:00000000  x2:10001798  PA:100017f0
14025652ns          226930 1c0081ca 05212823 sw               x18, 80(x2)         x18:00000000  x2:10001798  PA:100017e8
14025672ns          226931 1c0081cc f1402473 csrrs            x8, x0, 0xf14        x8=00000002
14026090ns          226952 1c0081d0 1c000537 lui              x10, 0x1c000000     x10=1c000000
14026130ns          226954 1c0081d4 f4543933 p.bclr           x18, x8, 26, 5      x18=00000002  x8:00000002
14026150ns          226955 1c0081d8 40545593 srai             x11, x8, 0x405      x11=00000000  x8:00000002
14026170ns          226956 1c0081dc 01200633 add              x12, x0, x18        x12=00000002 x18:00000002
14026627ns          226979 1c0081de f265b5b3 p.bclr           x11, x11, 25, 6     x11=00000000 x11:00000000
14026667ns          226981 1c0081e2 01c50513 addi             x10, x10, 28        x10=1c00001c x10:1c000000
14026687ns          226982 1c0081e6 04112e23 sw               x1, 92(x2)           x1:1c00a05e  x2:10001798  PA:100017f4
14026707ns          226983 1c0081e8 04912a23 sw               x9, 84(x2)           x9:00000000  x2:10001798  PA:100017ec
14026726ns          226984 1c0081ea 05312623 sw               x19, 76(x2)         x19:00000000  x2:10001798  PA:100017e4
14026746ns          226985 1c0081ec 05412423 sw               x20, 72(x2)         x20:00000000  x2:10001798  PA:100017e0
14026766ns          226986 1c0081ee 05512223 sw               x21, 68(x2)         x21:00000000  x2:10001798  PA:100017dc
14027144ns          227005 1c0081f0 05612023 sw               x22, 64(x2)         x22:00000000  x2:10001798  PA:100017d8
14027164ns          227006 1c0081f2 03712e23 sw               x23, 60(x2)         x23:00000000  x2:10001798  PA:100017d4
14027184ns          227007 1c0081f4 03812c23 sw               x24, 56(x2)         x24:00000000  x2:10001798  PA:100017d0
14027204ns          227008 1c0081f6 03912a23 sw               x25, 52(x2)         x25:00000000  x2:10001798  PA:100017cc
14027224ns          227009 1c0081f8 03a12823 sw               x26, 48(x2)         x26:00000000  x2:10001798  PA:100017c8
14027244ns          227010 1c0081fa 03b12623 sw               x27, 44(x2)         x27:00000000  x2:10001798  PA:100017c4
14027263ns          227011 1c0081fc 1ff000ef jal              x1, 2558             x1=1c008200
14028138ns          227055 1c008bfa fc010113 addi             x2, x2, -64          x2=10001758  x2:10001798
14028178ns          227057 1c008bfc 02410313 addi             x6, x2, 36           x6=1000177c  x2:10001758
14028616ns          227079 1c008c00 02c12423 sw               x12, 40(x2)         x12:00000002  x2:10001758  PA:10001780
14028636ns          227080 1c008c02 00a00633 add              x12, x0, x10        x12=1c00001c x10:1c00001c
14028656ns          227081 1c008c04 1c009537 lui              x10, 0x1c009000     x10=1c009000
14028675ns          227082 1c008c08 02b12223 sw               x11, 36(x2)         x11:00000000  x2:10001758  PA:1000177c
14028695ns          227083 1c008c0a 02d12623 sw               x13, 44(x2)         x13:0000001f  x2:10001758  PA:10001784
14028715ns          227084 1c008c0c 00200593 addi             x11, x0, 2          x11=00000002
14028735ns          227085 1c008c0e 006006b3 add              x13, x0, x6         x13=1000177c  x6:1000177c
14029133ns          227105 1c008c10 bb650513 addi             x10, x10, -1098     x10=1c008bb6 x10:1c009000
14029173ns          227107 1c008c14 00112e23 sw               x1, 28(x2)           x1:1c008200  x2:10001758  PA:10001774
14029193ns          227108 1c008c16 02e12823 sw               x14, 48(x2)         x14:00010000  x2:10001758  PA:10001788
14029212ns          227109 1c008c18 02f12a23 sw               x15, 52(x2)         x15:1c0081c6  x2:10001758  PA:1000178c
14029232ns          227110 1c008c1a 03012c23 sw               x16, 56(x2)         x16:00000000  x2:10001758  PA:10001790
14029252ns          227111 1c008c1c 03112e23 sw               x17, 60(x2)         x17:00000000  x2:10001758  PA:10001794
14029272ns          227112 1c008c1e 00612623 sw               x6, 12(x2)           x6:1000177c  x2:10001758  PA:10001764
14029650ns          227131 1c008c20 fbfff0ef jal              x1, -66              x1=1c008c22
14030107ns          227154 1c008bde 04a0006f jal              x0, 74             
14030147ns          227156 1c008c28 ec010113 addi             x2, x2, -320         x2=10001618  x2:10001758
14030167ns          227157 1c008c2a 13312623 sw               x19, 300(x2)        x19:00000000  x2:10001618  PA:10001744
14030624ns          227180 1c008c2e 12112e23 sw               x1, 316(x2)          x1:1c008c22  x2:10001618  PA:10001754
14030664ns          227182 1c008c32 12812c23 sw               x8, 312(x2)          x8:00000002  x2:10001618  PA:10001750
14030684ns          227183 1c008c36 12912a23 sw               x9, 308(x2)          x9:00000000  x2:10001618  PA:1000174c
14030704ns          227184 1c008c3a 13212823 sw               x18, 304(x2)        x18:00000002  x2:10001618  PA:10001748
14031142ns          227206 1c008c3e 13412423 sw               x20, 296(x2)        x20:00000000  x2:10001618  PA:10001740
14031181ns          227208 1c008c42 13512223 sw               x21, 292(x2)        x21:00000000  x2:10001618  PA:1000173c
14031201ns          227209 1c008c46 13612023 sw               x22, 288(x2)        x22:00000000  x2:10001618  PA:10001738
14031221ns          227210 1c008c4a 11712e23 sw               x23, 284(x2)        x23:00000000  x2:10001618  PA:10001734
14031659ns          227232 1c008c4e 11812c23 sw               x24, 280(x2)        x24:00000000  x2:10001618  PA:10001730
14031698ns          227234 1c008c52 11912a23 sw               x25, 276(x2)        x25:00000000  x2:10001618  PA:1000172c
14031718ns          227235 1c008c56 11a12823 sw               x26, 272(x2)        x26:00000000  x2:10001618  PA:10001728
14031738ns          227236 1c008c5a 11b12623 sw               x27, 268(x2)        x27:00000000  x2:10001618  PA:10001724
14031758ns          227237 1c008c5e 00c009b3 add              x19, x0, x12        x19=1c00001c x12:1c00001c
14032176ns          227258 1c008c60 0019c78b p.lbu            x15, 1(x19!)        x15=00000045 x19=1c00001d x19:1c00001c  PA:1c00001c
14032534ns          227276 1c008c64 00d12c23 sw               x13, 24(x2)         x13:1000177c  x2:10001618  PA:10001630
14032554ns          227277 1c008c66 6a0788e3 beq              x15, x0, 3760       x15:00000045
14032574ns          227278 1c008c6a 1c000737 lui              x14, 0x1c000000     x14=1c000000
14032752ns          227287 1c008c6e 0c472703 lw               x14, 196(x14)       x14=20202020 x14:1c000000  PA:1c0000c4
14033091ns          227304 1c008c72 03410d93 addi             x27, x2, 52         x27=1000164c  x2:10001618
14033110ns          227305 1c008c76 00a00cb3 add              x25, x0, x10        x25=1c008bb6 x10:1c008bb6
14033130ns          227306 1c008c78 02e12023 sw               x14, 32(x2)         x14:20202020  x2:10001618  PA:10001638
14033150ns          227307 1c008c7a 03610713 addi             x14, x2, 54         x14=1000164e  x2:10001618
14033409ns          227320 1c008c7e fff74713 xori             x14, x14, -1        x14=efffe9b1 x14:1000164e
14033429ns          227321 1c008c82 02e12223 sw               x14, 36(x2)         x14:efffe9b1  x2:10001618  PA:1000163c
14033449ns          227322 1c008c84 fffdc713 xori             x14, x27, -1        x14=efffe9b3 x27:1000164c
14033468ns          227323 1c008c88 00b004b3 add              x9, x0, x11          x9=00000002 x11:00000002
14033488ns          227324 1c008c8a 00000413 addi             x8, x0, 0            x8=00000000
14033508ns          227325 1c008c8c 1c000d37 lui              x26, 0x1c000000     x26=1c000000
14033926ns          227346 1c008c90 02e12423 sw               x14, 40(x2)         x14:efffe9b3  x2:10001618  PA:10001640
14033946ns          227347 1c008c92 01300a33 add              x20, x0, x19        x20=1c00001d x19:1c00001d
14033966ns          227348 1c008c94 00f00533 add              x10, x0, x15        x10=00000045 x15:00000045
14033986ns          227349 1c008c96 02500793 addi             x15, x0, 37         x15=00000025
14034005ns          227350 1c008c9a 04f50763 beq              x10, x15, 78        x10:00000045 x15:00000025
14034025ns          227351 1c008c9e 009005b3 add              x11, x0, x9         x11=00000002  x9:00000002
14034443ns          227372 1c008ca0 000c80e7 jalr             x1, x25, 0           x1=1c008ca2 x25:1c008bb6
14034900ns          227395 1c008bb6 000026b7 lui              x13, 0x2000         x13=00002000
14034940ns          227397 1c008bb8 f8068693 addi             x13, x13, -128      x13=00001f80 x13:00002000
14034960ns          227398 1c008bbc f14027f3 csrrs            x15, x0, 0xf14      x15=00000002
14035398ns          227420 1c008bc0 00379713 slli             x14, x15, 0x3       x14=00000010 x15:00000002
14035437ns          227422 1c008bc4 00279793 slli             x15, x15, 0x2       x15=00000008 x15:00000002
14035457ns          227423 1c008bc6 00d7f7b3 and              x15, x15, x13       x15=00000000 x15:00000008 x13:00001f80
14035477ns          227424 1c008bc8 ee873733 p.bclr           x14, x14, 23, 8     x14=00000010 x14:00000010
14035497ns          227425 1c008bcc 1a10f6b7 lui              x13, 0x1a10f000     x13=1a10f000
14035517ns          227426 1c008bd0 00d70733 add              x14, x14, x13       x14=1a10f010 x14:00000010 x13:1a10f000
14035537ns          227427 1c008bd2 00e787b3 add              x15, x15, x14       x15=1a10f010 x15:00000000 x14:1a10f010
14035557ns          227428 1c008bd4 0ff57513 andi             x10, x10, 255       x10=00000045 x10:00000045
14035577ns          227429 1c008bd8 00a7a023 sw               x10, 0(x15)         x10:00000045 x15:1a10f010  PA:1a10f010
14035994ns          227450 1c008bda 00000513 addi             x10, x0, 0          x10=00000000
14036014ns          227451 1c008bdc 00008067 jalr             x0, x1, 0            x1:1c008ca2
14036074ns          227454 1c008ca2 4df52863 p.beqimm         x10, 1232           x10:00000000
14036094ns          227455 1c008ca6 00140413 addi             x8, x8, 1            x8=00000001  x8:00000000
14036114ns          227456 1c008ca8 001a450b p.lbu            x10, 1(x20!)        x10=0000006e x20=1c00001e x20:1c00001d  PA:1c00001d
14036591ns          227480 1c008cac fe0515e3 bne              x10, x0, -22        x10:0000006e
14036670ns          227484 1c008c96 02500793 addi             x15, x0, 37         x15=00000025
14036690ns          227485 1c008c9a 04f50763 beq              x10, x15, 78        x10:0000006e x15:00000025
14036710ns          227486 1c008c9e 009005b3 add              x11, x0, x9         x11=00000002  x9:00000002
14036730ns          227487 1c008ca0 000c80e7 jalr             x1, x25, 0           x1=1c008ca2 x25:1c008bb6
14036770ns          227489 1c008bb6 000026b7 lui              x13, 0x2000         x13=00002000
14036790ns          227490 1c008bb8 f8068693 addi             x13, x13, -128      x13=00001f80 x13:00002000
14036810ns          227491 1c008bbc f14027f3 csrrs            x15, x0, 0xf14      x15=00000002
14036830ns          227492 1c008bc0 00379713 slli             x14, x15, 0x3       x14=00000010 x15:00000002
14036849ns          227493 1c008bc4 00279793 slli             x15, x15, 0x2       x15=00000008 x15:00000002
14036869ns          227494 1c008bc6 00d7f7b3 and              x15, x15, x13       x15=00000000 x15:00000008 x13:00001f80
14036889ns          227495 1c008bc8 ee873733 p.bclr           x14, x14, 23, 8     x14=00000010 x14:00000010
14036909ns          227496 1c008bcc 1a10f6b7 lui              x13, 0x1a10f000     x13=1a10f000
14036929ns          227497 1c008bd0 00d70733 add              x14, x14, x13       x14=1a10f010 x14:00000010 x13:1a10f000
14036949ns          227498 1c008bd2 00e787b3 add              x15, x15, x14       x15=1a10f010 x15:00000000 x14:1a10f010
14036969ns          227499 1c008bd4 0ff57513 andi             x10, x10, 255       x10=0000006e x10:0000006e
14036989ns          227500 1c008bd8 00a7a023 sw               x10, 0(x15)         x10:0000006e x15:1a10f010  PA:1a10f010
14037367ns          227519 1c008bda 00000513 addi             x10, x0, 0          x10=00000000
14037386ns          227520 1c008bdc 00008067 jalr             x0, x1, 0            x1:1c008ca2
14037446ns          227523 1c008ca2 4df52863 p.beqimm         x10, 1232           x10:00000000
14037466ns          227524 1c008ca6 00140413 addi             x8, x8, 1            x8=00000002  x8:00000001
14037486ns          227525 1c008ca8 001a450b p.lbu            x10, 1(x20!)        x10=00000074 x20=1c00001f x20:1c00001e  PA:1c00001e
14037804ns          227541 1c008cac fe0515e3 bne              x10, x0, -22        x10:00000074
14037884ns          227545 1c008c96 02500793 addi             x15, x0, 37         x15=00000025
14037903ns          227546 1c008c9a 04f50763 beq              x10, x15, 78        x10:00000074 x15:00000025
14037923ns          227547 1c008c9e 009005b3 add              x11, x0, x9         x11=00000002  x9:00000002
14037943ns          227548 1c008ca0 000c80e7 jalr             x1, x25, 0           x1=1c008ca2 x25:1c008bb6
14037983ns          227550 1c008bb6 000026b7 lui              x13, 0x2000         x13=00002000
14038003ns          227551 1c008bb8 f8068693 addi             x13, x13, -128      x13=00001f80 x13:00002000
14038023ns          227552 1c008bbc f14027f3 csrrs            x15, x0, 0xf14      x15=00000002
14038043ns          227553 1c008bc0 00379713 slli             x14, x15, 0x3       x14=00000010 x15:00000002
14038063ns          227554 1c008bc4 00279793 slli             x15, x15, 0x2       x15=00000008 x15:00000002
14038082ns          227555 1c008bc6 00d7f7b3 and              x15, x15, x13       x15=00000000 x15:00000008 x13:00001f80
14038102ns          227556 1c008bc8 ee873733 p.bclr           x14, x14, 23, 8     x14=00000010 x14:00000010
14038122ns          227557 1c008bcc 1a10f6b7 lui              x13, 0x1a10f000     x13=1a10f000
14038142ns          227558 1c008bd0 00d70733 add              x14, x14, x13       x14=1a10f010 x14:00000010 x13:1a10f000
14038162ns          227559 1c008bd2 00e787b3 add              x15, x15, x14       x15=1a10f010 x15:00000000 x14:1a10f010
14038182ns          227560 1c008bd4 0ff57513 andi             x10, x10, 255       x10=00000074 x10:00000074
14038202ns          227561 1c008bd8 00a7a023 sw               x10, 0(x15)         x10:00000074 x15:1a10f010  PA:1a10f010
14038560ns          227579 1c008bda 00000513 addi             x10, x0, 0          x10=00000000
14038580ns          227580 1c008bdc 00008067 jalr             x0, x1, 0            x1:1c008ca2
14038639ns          227583 1c008ca2 4df52863 p.beqimm         x10, 1232           x10:00000000
14038659ns          227584 1c008ca6 00140413 addi             x8, x8, 1            x8=00000003  x8:00000002
14038679ns          227585 1c008ca8 001a450b p.lbu            x10, 1(x20!)        x10=00000065 x20=1c000020 x20:1c00001f  PA:1c00001f
14038997ns          227601 1c008cac fe0515e3 bne              x10, x0, -22        x10:00000065
14039077ns          227605 1c008c96 02500793 addi             x15, x0, 37         x15=00000025
14039097ns          227606 1c008c9a 04f50763 beq              x10, x15, 78        x10:00000065 x15:00000025
14039117ns          227607 1c008c9e 009005b3 add              x11, x0, x9         x11=00000002  x9:00000002
14039137ns          227608 1c008ca0 000c80e7 jalr             x1, x25, 0           x1=1c008ca2 x25:1c008bb6
14039176ns          227610 1c008bb6 000026b7 lui              x13, 0x2000         x13=00002000
14039196ns          227611 1c008bb8 f8068693 addi             x13, x13, -128      x13=00001f80 x13:00002000
14039216ns          227612 1c008bbc f14027f3 csrrs            x15, x0, 0xf14      x15=00000002
14039236ns          227613 1c008bc0 00379713 slli             x14, x15, 0x3       x14=00000010 x15:00000002
14039256ns          227614 1c008bc4 00279793 slli             x15, x15, 0x2       x15=00000008 x15:00000002
14039276ns          227615 1c008bc6 00d7f7b3 and              x15, x15, x13       x15=00000000 x15:00000008 x13:00001f80
14039296ns          227616 1c008bc8 ee873733 p.bclr           x14, x14, 23, 8     x14=00000010 x14:00000010
14039316ns          227617 1c008bcc 1a10f6b7 lui              x13, 0x1a10f000     x13=1a10f000
14039335ns          227618 1c008bd0 00d70733 add              x14, x14, x13       x14=1a10f010 x14:00000010 x13:1a10f000
14039355ns          227619 1c008bd2 00e787b3 add              x15, x15, x14       x15=1a10f010 x15:00000000 x14:1a10f010
14039375ns          227620 1c008bd4 0ff57513 andi             x10, x10, 255       x10=00000065 x10:00000065
14039395ns          227621 1c008bd8 00a7a023 sw               x10, 0(x15)         x10:00000065 x15:1a10f010  PA:1a10f010
14039753ns          227639 1c008bda 00000513 addi             x10, x0, 0          x10=00000000
14039773ns          227640 1c008bdc 00008067 jalr             x0, x1, 0            x1:1c008ca2
14039833ns          227643 1c008ca2 4df52863 p.beqimm         x10, 1232           x10:00000000
14039853ns          227644 1c008ca6 00140413 addi             x8, x8, 1            x8=00000004  x8:00000003
14039872ns          227645 1c008ca8 001a450b p.lbu            x10, 1(x20!)        x10=00000072 x20=1c000021 x20:1c000020  PA:1c000020
14040191ns          227661 1c008cac fe0515e3 bne              x10, x0, -22        x10:00000072
14040270ns          227665 1c008c96 02500793 addi             x15, x0, 37         x15=00000025
14040290ns          227666 1c008c9a 04f50763 beq              x10, x15, 78        x10:00000072 x15:00000025
14040310ns          227667 1c008c9e 009005b3 add              x11, x0, x9         x11=00000002  x9:00000002
14040330ns          227668 1c008ca0 000c80e7 jalr             x1, x25, 0           x1=1c008ca2 x25:1c008bb6
14040370ns          227670 1c008bb6 000026b7 lui              x13, 0x2000         x13=00002000
14040389ns          227671 1c008bb8 f8068693 addi             x13, x13, -128      x13=00001f80 x13:00002000
14040409ns          227672 1c008bbc f14027f3 csrrs            x15, x0, 0xf14      x15=00000002
14040429ns          227673 1c008bc0 00379713 slli             x14, x15, 0x3       x14=00000010 x15:00000002
14040449ns          227674 1c008bc4 00279793 slli             x15, x15, 0x2       x15=00000008 x15:00000002
14040469ns          227675 1c008bc6 00d7f7b3 and              x15, x15, x13       x15=00000000 x15:00000008 x13:00001f80
14040489ns          227676 1c008bc8 ee873733 p.bclr           x14, x14, 23, 8     x14=00000010 x14:00000010
14040509ns          227677 1c008bcc 1a10f6b7 lui              x13, 0x1a10f000     x13=1a10f000
14040529ns          227678 1c008bd0 00d70733 add              x14, x14, x13       x14=1a10f010 x14:00000010 x13:1a10f000
14040549ns          227679 1c008bd2 00e787b3 add              x15, x15, x14       x15=1a10f010 x15:00000000 x14:1a10f010
14040568ns          227680 1c008bd4 0ff57513 andi             x10, x10, 255       x10=00000072 x10:00000072
14040588ns          227681 1c008bd8 00a7a023 sw               x10, 0(x15)         x10:00000072 x15:1a10f010  PA:1a10f010
14040907ns          227697 1c008bda 00000513 addi             x10, x0, 0          x10=00000000
14040926ns          227698 1c008bdc 00008067 jalr             x0, x1, 0            x1:1c008ca2
14040986ns          227701 1c008ca2 4df52863 p.beqimm         x10, 1232           x10:00000000
14041006ns          227702 1c008ca6 00140413 addi             x8, x8, 1            x8=00000005  x8:00000004
14041026ns          227703 1c008ca8 001a450b p.lbu            x10, 1(x20!)        x10=00000065 x20=1c000022 x20:1c000021  PA:1c000021
14041344ns          227719 1c008cac fe0515e3 bne              x10, x0, -22        x10:00000065
14041424ns          227723 1c008c96 02500793 addi             x15, x0, 37         x15=00000025
14041444ns          227724 1c008c9a 04f50763 beq              x10, x15, 78        x10:00000065 x15:00000025
14041463ns          227725 1c008c9e 009005b3 add              x11, x0, x9         x11=00000002  x9:00000002
14041483ns          227726 1c008ca0 000c80e7 jalr             x1, x25, 0           x1=1c008ca2 x25:1c008bb6
14041523ns          227728 1c008bb6 000026b7 lui              x13, 0x2000         x13=00002000
14041543ns          227729 1c008bb8 f8068693 addi             x13, x13, -128      x13=00001f80 x13:00002000
14041563ns          227730 1c008bbc f14027f3 csrrs            x15, x0, 0xf14      x15=00000002
14041583ns          227731 1c008bc0 00379713 slli             x14, x15, 0x3       x14=00000010 x15:00000002
14041603ns          227732 1c008bc4 00279793 slli             x15, x15, 0x2       x15=00000008 x15:00000002
14041623ns          227733 1c008bc6 00d7f7b3 and              x15, x15, x13       x15=00000000 x15:00000008 x13:00001f80
14041642ns          227734 1c008bc8 ee873733 p.bclr           x14, x14, 23, 8     x14=00000010 x14:00000010
14041662ns          227735 1c008bcc 1a10f6b7 lui              x13, 0x1a10f000     x13=1a10f000
14041682ns          227736 1c008bd0 00d70733 add              x14, x14, x13       x14=1a10f010 x14:00000010 x13:1a10f000
14041702ns          227737 1c008bd2 00e787b3 add              x15, x15, x14       x15=1a10f010 x15:00000000 x14:1a10f010
14041722ns          227738 1c008bd4 0ff57513 andi             x10, x10, 255       x10=00000065 x10:00000065
14041742ns          227739 1c008bd8 00a7a023 sw               x10, 0(x15)         x10:00000065 x15:1a10f010  PA:1a10f010
14042060ns          227755 1c008bda 00000513 addi             x10, x0, 0          x10=00000000
14042080ns          227756 1c008bdc 00008067 jalr             x0, x1, 0            x1:1c008ca2
14042140ns          227759 1c008ca2 4df52863 p.beqimm         x10, 1232           x10:00000000
14042160ns          227760 1c008ca6 00140413 addi             x8, x8, 1            x8=00000006  x8:00000005
14042179ns          227761 1c008ca8 001a450b p.lbu            x10, 1(x20!)        x10=00000064 x20=1c000023 x20:1c000022  PA:1c000022
14042518ns          227778 1c008cac fe0515e3 bne              x10, x0, -22        x10:00000064
14042597ns          227782 1c008c96 02500793 addi             x15, x0, 37         x15=00000025
14042617ns          227783 1c008c9a 04f50763 beq              x10, x15, 78        x10:00000064 x15:00000025
14042637ns          227784 1c008c9e 009005b3 add              x11, x0, x9         x11=00000002  x9:00000002
14042657ns          227785 1c008ca0 000c80e7 jalr             x1, x25, 0           x1=1c008ca2 x25:1c008bb6
14042696ns          227787 1c008bb6 000026b7 lui              x13, 0x2000         x13=00002000
14042716ns          227788 1c008bb8 f8068693 addi             x13, x13, -128      x13=00001f80 x13:00002000
14042736ns          227789 1c008bbc f14027f3 csrrs            x15, x0, 0xf14      x15=00000002
14042756ns          227790 1c008bc0 00379713 slli             x14, x15, 0x3       x14=00000010 x15:00000002
14042776ns          227791 1c008bc4 00279793 slli             x15, x15, 0x2       x15=00000008 x15:00000002
14042796ns          227792 1c008bc6 00d7f7b3 and              x15, x15, x13       x15=00000000 x15:00000008 x13:00001f80
14042816ns          227793 1c008bc8 ee873733 p.bclr           x14, x14, 23, 8     x14=00000010 x14:00000010
14042836ns          227794 1c008bcc 1a10f6b7 lui              x13, 0x1a10f000     x13=1a10f000
14042856ns          227795 1c008bd0 00d70733 add              x14, x14, x13       x14=1a10f010 x14:00000010 x13:1a10f000
14042875ns          227796 1c008bd2 00e787b3 add              x15, x15, x14       x15=1a10f010 x15:00000000 x14:1a10f010
14042895ns          227797 1c008bd4 0ff57513 andi             x10, x10, 255       x10=00000064 x10:00000064
14042915ns          227798 1c008bd8 00a7a023 sw               x10, 0(x15)         x10:00000064 x15:1a10f010  PA:1a10f010
14043273ns          227816 1c008bda 00000513 addi             x10, x0, 0          x10=00000000
14043293ns          227817 1c008bdc 00008067 jalr             x0, x1, 0            x1:1c008ca2
14043353ns          227820 1c008ca2 4df52863 p.beqimm         x10, 1232           x10:00000000
14043373ns          227821 1c008ca6 00140413 addi             x8, x8, 1            x8=00000007  x8:00000006
14043393ns          227822 1c008ca8 001a450b p.lbu            x10, 1(x20!)        x10=00000020 x20=1c000024 x20:1c000023  PA:1c000023
14043731ns          227839 1c008cac fe0515e3 bne              x10, x0, -22        x10:00000020
14043810ns          227843 1c008c96 02500793 addi             x15, x0, 37         x15=00000025
14043830ns          227844 1c008c9a 04f50763 beq              x10, x15, 78        x10:00000020 x15:00000025
14043850ns          227845 1c008c9e 009005b3 add              x11, x0, x9         x11=00000002  x9:00000002
14043870ns          227846 1c008ca0 000c80e7 jalr             x1, x25, 0           x1=1c008ca2 x25:1c008bb6
14043910ns          227848 1c008bb6 000026b7 lui              x13, 0x2000         x13=00002000
14043930ns          227849 1c008bb8 f8068693 addi             x13, x13, -128      x13=00001f80 x13:00002000
14043949ns          227850 1c008bbc f14027f3 csrrs            x15, x0, 0xf14      x15=00000002
14043969ns          227851 1c008bc0 00379713 slli             x14, x15, 0x3       x14=00000010 x15:00000002
14043989ns          227852 1c008bc4 00279793 slli             x15, x15, 0x2       x15=00000008 x15:00000002
14044009ns          227853 1c008bc6 00d7f7b3 and              x15, x15, x13       x15=00000000 x15:00000008 x13:00001f80
14044029ns          227854 1c008bc8 ee873733 p.bclr           x14, x14, 23, 8     x14=00000010 x14:00000010
14044049ns          227855 1c008bcc 1a10f6b7 lui              x13, 0x1a10f000     x13=1a10f000
14044069ns          227856 1c008bd0 00d70733 add              x14, x14, x13       x14=1a10f010 x14:00000010 x13:1a10f000
14044089ns          227857 1c008bd2 00e787b3 add              x15, x15, x14       x15=1a10f010 x15:00000000 x14:1a10f010
14044109ns          227858 1c008bd4 0ff57513 andi             x10, x10, 255       x10=00000020 x10:00000020
14044128ns          227859 1c008bd8 00a7a023 sw               x10, 0(x15)         x10:00000020 x15:1a10f010  PA:1a10f010
14044447ns          227875 1c008bda 00000513 addi             x10, x0, 0          x10=00000000
14044467ns          227876 1c008bdc 00008067 jalr             x0, x1, 0            x1:1c008ca2
14044526ns          227879 1c008ca2 4df52863 p.beqimm         x10, 1232           x10:00000000
14044546ns          227880 1c008ca6 00140413 addi             x8, x8, 1            x8=00000008  x8:00000007
14044566ns          227881 1c008ca8 001a450b p.lbu            x10, 1(x20!)        x10=00000063 x20=1c000025 x20:1c000024  PA:1c000024
14044924ns          227899 1c008cac fe0515e3 bne              x10, x0, -22        x10:00000063
14045004ns          227903 1c008c96 02500793 addi             x15, x0, 37         x15=00000025
14045023ns          227904 1c008c9a 04f50763 beq              x10, x15, 78        x10:00000063 x15:00000025
14045043ns          227905 1c008c9e 009005b3 add              x11, x0, x9         x11=00000002  x9:00000002
14045063ns          227906 1c008ca0 000c80e7 jalr             x1, x25, 0           x1=1c008ca2 x25:1c008bb6
14045103ns          227908 1c008bb6 000026b7 lui              x13, 0x2000         x13=00002000
14045123ns          227909 1c008bb8 f8068693 addi             x13, x13, -128      x13=00001f80 x13:00002000
14045143ns          227910 1c008bbc f14027f3 csrrs            x15, x0, 0xf14      x15=00000002
14045163ns          227911 1c008bc0 00379713 slli             x14, x15, 0x3       x14=00000010 x15:00000002
14045182ns          227912 1c008bc4 00279793 slli             x15, x15, 0x2       x15=00000008 x15:00000002
14045202ns          227913 1c008bc6 00d7f7b3 and              x15, x15, x13       x15=00000000 x15:00000008 x13:00001f80
14045222ns          227914 1c008bc8 ee873733 p.bclr           x14, x14, 23, 8     x14=00000010 x14:00000010
14045242ns          227915 1c008bcc 1a10f6b7 lui              x13, 0x1a10f000     x13=1a10f000
14045262ns          227916 1c008bd0 00d70733 add              x14, x14, x13       x14=1a10f010 x14:00000010 x13:1a10f000
14045282ns          227917 1c008bd2 00e787b3 add              x15, x15, x14       x15=1a10f010 x15:00000000 x14:1a10f010
14045302ns          227918 1c008bd4 0ff57513 andi             x10, x10, 255       x10=00000063 x10:00000063
14045322ns          227919 1c008bd8 00a7a023 sw               x10, 0(x15)         x10:00000063 x15:1a10f010  PA:1a10f010
14045640ns          227935 1c008bda 00000513 addi             x10, x0, 0          x10=00000000
14045660ns          227936 1c008bdc 00008067 jalr             x0, x1, 0            x1:1c008ca2
14045719ns          227939 1c008ca2 4df52863 p.beqimm         x10, 1232           x10:00000000
14045739ns          227940 1c008ca6 00140413 addi             x8, x8, 1            x8=00000009  x8:00000008
14045759ns          227941 1c008ca8 001a450b p.lbu            x10, 1(x20!)        x10=0000006c x20=1c000026 x20:1c000025  PA:1c000025
14046077ns          227957 1c008cac fe0515e3 bne              x10, x0, -22        x10:0000006c
14046157ns          227961 1c008c96 02500793 addi             x15, x0, 37         x15=00000025
14046177ns          227962 1c008c9a 04f50763 beq              x10, x15, 78        x10:0000006c x15:00000025
14046197ns          227963 1c008c9e 009005b3 add              x11, x0, x9         x11=00000002  x9:00000002
14046217ns          227964 1c008ca0 000c80e7 jalr             x1, x25, 0           x1=1c008ca2 x25:1c008bb6
14046256ns          227966 1c008bb6 000026b7 lui              x13, 0x2000         x13=00002000
14046276ns          227967 1c008bb8 f8068693 addi             x13, x13, -128      x13=00001f80 x13:00002000
14046296ns          227968 1c008bbc f14027f3 csrrs            x15, x0, 0xf14      x15=00000002
14046316ns          227969 1c008bc0 00379713 slli             x14, x15, 0x3       x14=00000010 x15:00000002
14046336ns          227970 1c008bc4 00279793 slli             x15, x15, 0x2       x15=00000008 x15:00000002
14046356ns          227971 1c008bc6 00d7f7b3 and              x15, x15, x13       x15=00000000 x15:00000008 x13:00001f80
14046376ns          227972 1c008bc8 ee873733 p.bclr           x14, x14, 23, 8     x14=00000010 x14:00000010
14046396ns          227973 1c008bcc 1a10f6b7 lui              x13, 0x1a10f000     x13=1a10f000
14046416ns          227974 1c008bd0 00d70733 add              x14, x14, x13       x14=1a10f010 x14:00000010 x13:1a10f000
14046435ns          227975 1c008bd2 00e787b3 add              x15, x15, x14       x15=1a10f010 x15:00000000 x14:1a10f010
14046455ns          227976 1c008bd4 0ff57513 andi             x10, x10, 255       x10=0000006c x10:0000006c
14046475ns          227977 1c008bd8 00a7a023 sw               x10, 0(x15)         x10:0000006c x15:1a10f010  PA:1a10f010
14046793ns          227993 1c008bda 00000513 addi             x10, x0, 0          x10=00000000
14046813ns          227994 1c008bdc 00008067 jalr             x0, x1, 0            x1:1c008ca2
14046873ns          227997 1c008ca2 4df52863 p.beqimm         x10, 1232           x10:00000000
14046893ns          227998 1c008ca6 00140413 addi             x8, x8, 1            x8=0000000a  x8:00000009
14046913ns          227999 1c008ca8 001a450b p.lbu            x10, 1(x20!)        x10=00000075 x20=1c000027 x20:1c000026  PA:1c000026
14047251ns          228016 1c008cac fe0515e3 bne              x10, x0, -22        x10:00000075
14047330ns          228020 1c008c96 02500793 addi             x15, x0, 37         x15=00000025
14047350ns          228021 1c008c9a 04f50763 beq              x10, x15, 78        x10:00000075 x15:00000025
14047370ns          228022 1c008c9e 009005b3 add              x11, x0, x9         x11=00000002  x9:00000002
14047390ns          228023 1c008ca0 000c80e7 jalr             x1, x25, 0           x1=1c008ca2 x25:1c008bb6
14047430ns          228025 1c008bb6 000026b7 lui              x13, 0x2000         x13=00002000
14047450ns          228026 1c008bb8 f8068693 addi             x13, x13, -128      x13=00001f80 x13:00002000
14047470ns          228027 1c008bbc f14027f3 csrrs            x15, x0, 0xf14      x15=00000002
14047490ns          228028 1c008bc0 00379713 slli             x14, x15, 0x3       x14=00000010 x15:00000002
14047509ns          228029 1c008bc4 00279793 slli             x15, x15, 0x2       x15=00000008 x15:00000002
14047529ns          228030 1c008bc6 00d7f7b3 and              x15, x15, x13       x15=00000000 x15:00000008 x13:00001f80
14047549ns          228031 1c008bc8 ee873733 p.bclr           x14, x14, 23, 8     x14=00000010 x14:00000010
14047569ns          228032 1c008bcc 1a10f6b7 lui              x13, 0x1a10f000     x13=1a10f000
14047589ns          228033 1c008bd0 00d70733 add              x14, x14, x13       x14=1a10f010 x14:00000010 x13:1a10f000
14047609ns          228034 1c008bd2 00e787b3 add              x15, x15, x14       x15=1a10f010 x15:00000000 x14:1a10f010
14047629ns          228035 1c008bd4 0ff57513 andi             x10, x10, 255       x10=00000075 x10:00000075
14047649ns          228036 1c008bd8 00a7a023 sw               x10, 0(x15)         x10:00000075 x15:1a10f010  PA:1a10f010
14047967ns          228052 1c008bda 00000513 addi             x10, x0, 0          x10=00000000
14047987ns          228053 1c008bdc 00008067 jalr             x0, x1, 0            x1:1c008ca2
14048046ns          228056 1c008ca2 4df52863 p.beqimm         x10, 1232           x10:00000000
14048066ns          228057 1c008ca6 00140413 addi             x8, x8, 1            x8=0000000b  x8:0000000a
14048086ns          228058 1c008ca8 001a450b p.lbu            x10, 1(x20!)        x10=00000073 x20=1c000028 x20:1c000027  PA:1c000027
14048424ns          228075 1c008cac fe0515e3 bne              x10, x0, -22        x10:00000073
14048504ns          228079 1c008c96 02500793 addi             x15, x0, 37         x15=00000025
14048524ns          228080 1c008c9a 04f50763 beq              x10, x15, 78        x10:00000073 x15:00000025
14048544ns          228081 1c008c9e 009005b3 add              x11, x0, x9         x11=00000002  x9:00000002
14048563ns          228082 1c008ca0 000c80e7 jalr             x1, x25, 0           x1=1c008ca2 x25:1c008bb6
14048603ns          228084 1c008bb6 000026b7 lui              x13, 0x2000         x13=00002000
14048623ns          228085 1c008bb8 f8068693 addi             x13, x13, -128      x13=00001f80 x13:00002000
14048643ns          228086 1c008bbc f14027f3 csrrs            x15, x0, 0xf14      x15=00000002
14048663ns          228087 1c008bc0 00379713 slli             x14, x15, 0x3       x14=00000010 x15:00000002
14048683ns          228088 1c008bc4 00279793 slli             x15, x15, 0x2       x15=00000008 x15:00000002
14048703ns          228089 1c008bc6 00d7f7b3 and              x15, x15, x13       x15=00000000 x15:00000008 x13:00001f80
14048723ns          228090 1c008bc8 ee873733 p.bclr           x14, x14, 23, 8     x14=00000010 x14:00000010
14048742ns          228091 1c008bcc 1a10f6b7 lui              x13, 0x1a10f000     x13=1a10f000
14048762ns          228092 1c008bd0 00d70733 add              x14, x14, x13       x14=1a10f010 x14:00000010 x13:1a10f000
14048782ns          228093 1c008bd2 00e787b3 add              x15, x15, x14       x15=1a10f010 x15:00000000 x14:1a10f010
14048802ns          228094 1c008bd4 0ff57513 andi             x10, x10, 255       x10=00000073 x10:00000073
14048822ns          228095 1c008bd8 00a7a023 sw               x10, 0(x15)         x10:00000073 x15:1a10f010  PA:1a10f010
14049140ns          228111 1c008bda 00000513 addi             x10, x0, 0          x10=00000000
14049160ns          228112 1c008bdc 00008067 jalr             x0, x1, 0            x1:1c008ca2
14049220ns          228115 1c008ca2 4df52863 p.beqimm         x10, 1232           x10:00000000
14049240ns          228116 1c008ca6 00140413 addi             x8, x8, 1            x8=0000000c  x8:0000000b
14049260ns          228117 1c008ca8 001a450b p.lbu            x10, 1(x20!)        x10=00000074 x20=1c000029 x20:1c000028  PA:1c000028
14049598ns          228134 1c008cac fe0515e3 bne              x10, x0, -22        x10:00000074
14049677ns          228138 1c008c96 02500793 addi             x15, x0, 37         x15=00000025
14049697ns          228139 1c008c9a 04f50763 beq              x10, x15, 78        x10:00000074 x15:00000025
14049717ns          228140 1c008c9e 009005b3 add              x11, x0, x9         x11=00000002  x9:00000002
14049737ns          228141 1c008ca0 000c80e7 jalr             x1, x25, 0           x1=1c008ca2 x25:1c008bb6
14049777ns          228143 1c008bb6 000026b7 lui              x13, 0x2000         x13=00002000
14049797ns          228144 1c008bb8 f8068693 addi             x13, x13, -128      x13=00001f80 x13:00002000
14049816ns          228145 1c008bbc f14027f3 csrrs            x15, x0, 0xf14      x15=00000002
14049836ns          228146 1c008bc0 00379713 slli             x14, x15, 0x3       x14=00000010 x15:00000002
14049856ns          228147 1c008bc4 00279793 slli             x15, x15, 0x2       x15=00000008 x15:00000002
14049876ns          228148 1c008bc6 00d7f7b3 and              x15, x15, x13       x15=00000000 x15:00000008 x13:00001f80
14049896ns          228149 1c008bc8 ee873733 p.bclr           x14, x14, 23, 8     x14=00000010 x14:00000010
14049916ns          228150 1c008bcc 1a10f6b7 lui              x13, 0x1a10f000     x13=1a10f000
14049936ns          228151 1c008bd0 00d70733 add              x14, x14, x13       x14=1a10f010 x14:00000010 x13:1a10f000
14049956ns          228152 1c008bd2 00e787b3 add              x15, x15, x14       x15=1a10f010 x15:00000000 x14:1a10f010
14049976ns          228153 1c008bd4 0ff57513 andi             x10, x10, 255       x10=00000074 x10:00000074
14049995ns          228154 1c008bd8 00a7a023 sw               x10, 0(x15)         x10:00000074 x15:1a10f010  PA:1a10f010
14050333ns          228171 1c008bda 00000513 addi             x10, x0, 0          x10=00000000
14050353ns          228172 1c008bdc 00008067 jalr             x0, x1, 0            x1:1c008ca2
14050413ns          228175 1c008ca2 4df52863 p.beqimm         x10, 1232           x10:00000000
14050433ns          228176 1c008ca6 00140413 addi             x8, x8, 1            x8=0000000d  x8:0000000c
14050453ns          228177 1c008ca8 001a450b p.lbu            x10, 1(x20!)        x10=00000065 x20=1c00002a x20:1c000029  PA:1c000029
14050791ns          228194 1c008cac fe0515e3 bne              x10, x0, -22        x10:00000065
14050870ns          228198 1c008c96 02500793 addi             x15, x0, 37         x15=00000025
14050890ns          228199 1c008c9a 04f50763 beq              x10, x15, 78        x10:00000065 x15:00000025
14050910ns          228200 1c008c9e 009005b3 add              x11, x0, x9         x11=00000002  x9:00000002
14050930ns          228201 1c008ca0 000c80e7 jalr             x1, x25, 0           x1=1c008ca2 x25:1c008bb6
14050970ns          228203 1c008bb6 000026b7 lui              x13, 0x2000         x13=00002000
14050990ns          228204 1c008bb8 f8068693 addi             x13, x13, -128      x13=00001f80 x13:00002000
14051010ns          228205 1c008bbc f14027f3 csrrs            x15, x0, 0xf14      x15=00000002
14051030ns          228206 1c008bc0 00379713 slli             x14, x15, 0x3       x14=00000010 x15:00000002
14051049ns          228207 1c008bc4 00279793 slli             x15, x15, 0x2       x15=00000008 x15:00000002
14051069ns          228208 1c008bc6 00d7f7b3 and              x15, x15, x13       x15=00000000 x15:00000008 x13:00001f80
14051089ns          228209 1c008bc8 ee873733 p.bclr           x14, x14, 23, 8     x14=00000010 x14:00000010
14051109ns          228210 1c008bcc 1a10f6b7 lui              x13, 0x1a10f000     x13=1a10f000
14051129ns          228211 1c008bd0 00d70733 add              x14, x14, x13       x14=1a10f010 x14:00000010 x13:1a10f000
14051149ns          228212 1c008bd2 00e787b3 add              x15, x15, x14       x15=1a10f010 x15:00000000 x14:1a10f010
14051169ns          228213 1c008bd4 0ff57513 andi             x10, x10, 255       x10=00000065 x10:00000065
14051189ns          228214 1c008bd8 00a7a023 sw               x10, 0(x15)         x10:00000065 x15:1a10f010  PA:1a10f010
14051507ns          228230 1c008bda 00000513 addi             x10, x0, 0          x10=00000000
14051527ns          228231 1c008bdc 00008067 jalr             x0, x1, 0            x1:1c008ca2
14051586ns          228234 1c008ca2 4df52863 p.beqimm         x10, 1232           x10:00000000
14051606ns          228235 1c008ca6 00140413 addi             x8, x8, 1            x8=0000000e  x8:0000000d
14051626ns          228236 1c008ca8 001a450b p.lbu            x10, 1(x20!)        x10=00000072 x20=1c00002b x20:1c00002a  PA:1c00002a
14051964ns          228253 1c008cac fe0515e3 bne              x10, x0, -22        x10:00000072
14052044ns          228257 1c008c96 02500793 addi             x15, x0, 37         x15=00000025
14052064ns          228258 1c008c9a 04f50763 beq              x10, x15, 78        x10:00000072 x15:00000025
14052084ns          228259 1c008c9e 009005b3 add              x11, x0, x9         x11=00000002  x9:00000002
14052104ns          228260 1c008ca0 000c80e7 jalr             x1, x25, 0           x1=1c008ca2 x25:1c008bb6
14052143ns          228262 1c008bb6 000026b7 lui              x13, 0x2000         x13=00002000
14052163ns          228263 1c008bb8 f8068693 addi             x13, x13, -128      x13=00001f80 x13:00002000
14052183ns          228264 1c008bbc f14027f3 csrrs            x15, x0, 0xf14      x15=00000002
14052203ns          228265 1c008bc0 00379713 slli             x14, x15, 0x3       x14=00000010 x15:00000002
14052223ns          228266 1c008bc4 00279793 slli             x15, x15, 0x2       x15=00000008 x15:00000002
14052243ns          228267 1c008bc6 00d7f7b3 and              x15, x15, x13       x15=00000000 x15:00000008 x13:00001f80
14052263ns          228268 1c008bc8 ee873733 p.bclr           x14, x14, 23, 8     x14=00000010 x14:00000010
14052283ns          228269 1c008bcc 1a10f6b7 lui              x13, 0x1a10f000     x13=1a10f000
14052302ns          228270 1c008bd0 00d70733 add              x14, x14, x13       x14=1a10f010 x14:00000010 x13:1a10f000
14052322ns          228271 1c008bd2 00e787b3 add              x15, x15, x14       x15=1a10f010 x15:00000000 x14:1a10f010
14052342ns          228272 1c008bd4 0ff57513 andi             x10, x10, 255       x10=00000072 x10:00000072
14052362ns          228273 1c008bd8 00a7a023 sw               x10, 0(x15)         x10:00000072 x15:1a10f010  PA:1a10f010
14052680ns          228289 1c008bda 00000513 addi             x10, x0, 0          x10=00000000
14052700ns          228290 1c008bdc 00008067 jalr             x0, x1, 0            x1:1c008ca2
14052760ns          228293 1c008ca2 4df52863 p.beqimm         x10, 1232           x10:00000000
14052780ns          228294 1c008ca6 00140413 addi             x8, x8, 1            x8=0000000f  x8:0000000e
14052800ns          228295 1c008ca8 001a450b p.lbu            x10, 1(x20!)        x10=00000020 x20=1c00002c x20:1c00002b  PA:1c00002b
14053138ns          228312 1c008cac fe0515e3 bne              x10, x0, -22        x10:00000020
14053217ns          228316 1c008c96 02500793 addi             x15, x0, 37         x15=00000025
14053237ns          228317 1c008c9a 04f50763 beq              x10, x15, 78        x10:00000020 x15:00000025
14053257ns          228318 1c008c9e 009005b3 add              x11, x0, x9         x11=00000002  x9:00000002
14053277ns          228319 1c008ca0 000c80e7 jalr             x1, x25, 0           x1=1c008ca2 x25:1c008bb6
14053317ns          228321 1c008bb6 000026b7 lui              x13, 0x2000         x13=00002000
14053337ns          228322 1c008bb8 f8068693 addi             x13, x13, -128      x13=00001f80 x13:00002000
14053356ns          228323 1c008bbc f14027f3 csrrs            x15, x0, 0xf14      x15=00000002
14053376ns          228324 1c008bc0 00379713 slli             x14, x15, 0x3       x14=00000010 x15:00000002
14053396ns          228325 1c008bc4 00279793 slli             x15, x15, 0x2       x15=00000008 x15:00000002
14053416ns          228326 1c008bc6 00d7f7b3 and              x15, x15, x13       x15=00000000 x15:00000008 x13:00001f80
14053436ns          228327 1c008bc8 ee873733 p.bclr           x14, x14, 23, 8     x14=00000010 x14:00000010
14053456ns          228328 1c008bcc 1a10f6b7 lui              x13, 0x1a10f000     x13=1a10f000
14053476ns          228329 1c008bd0 00d70733 add              x14, x14, x13       x14=1a10f010 x14:00000010 x13:1a10f000
14053496ns          228330 1c008bd2 00e787b3 add              x15, x15, x14       x15=1a10f010 x15:00000000 x14:1a10f010
14053516ns          228331 1c008bd4 0ff57513 andi             x10, x10, 255       x10=00000020 x10:00000020
14053535ns          228332 1c008bd8 00a7a023 sw               x10, 0(x15)         x10:00000020 x15:1a10f010  PA:1a10f010
14053854ns          228348 1c008bda 00000513 addi             x10, x0, 0          x10=00000000
14053874ns          228349 1c008bdc 00008067 jalr             x0, x1, 0            x1:1c008ca2
14053933ns          228352 1c008ca2 4df52863 p.beqimm         x10, 1232           x10:00000000
14053953ns          228353 1c008ca6 00140413 addi             x8, x8, 1            x8=00000010  x8:0000000f
14053973ns          228354 1c008ca8 001a450b p.lbu            x10, 1(x20!)        x10=0000006f x20=1c00002d x20:1c00002c  PA:1c00002c
14054351ns          228373 1c008cac fe0515e3 bne              x10, x0, -22        x10:0000006f
14054430ns          228377 1c008c96 02500793 addi             x15, x0, 37         x15=00000025
14054450ns          228378 1c008c9a 04f50763 beq              x10, x15, 78        x10:0000006f x15:00000025
14054470ns          228379 1c008c9e 009005b3 add              x11, x0, x9         x11=00000002  x9:00000002
14054490ns          228380 1c008ca0 000c80e7 jalr             x1, x25, 0           x1=1c008ca2 x25:1c008bb6
14054530ns          228382 1c008bb6 000026b7 lui              x13, 0x2000         x13=00002000
14054550ns          228383 1c008bb8 f8068693 addi             x13, x13, -128      x13=00001f80 x13:00002000
14054570ns          228384 1c008bbc f14027f3 csrrs            x15, x0, 0xf14      x15=00000002
14054590ns          228385 1c008bc0 00379713 slli             x14, x15, 0x3       x14=00000010 x15:00000002
14054609ns          228386 1c008bc4 00279793 slli             x15, x15, 0x2       x15=00000008 x15:00000002
14054629ns          228387 1c008bc6 00d7f7b3 and              x15, x15, x13       x15=00000000 x15:00000008 x13:00001f80
14054649ns          228388 1c008bc8 ee873733 p.bclr           x14, x14, 23, 8     x14=00000010 x14:00000010
14054669ns          228389 1c008bcc 1a10f6b7 lui              x13, 0x1a10f000     x13=1a10f000
14054689ns          228390 1c008bd0 00d70733 add              x14, x14, x13       x14=1a10f010 x14:00000010 x13:1a10f000
14054709ns          228391 1c008bd2 00e787b3 add              x15, x15, x14       x15=1a10f010 x15:00000000 x14:1a10f010
14054729ns          228392 1c008bd4 0ff57513 andi             x10, x10, 255       x10=0000006f x10:0000006f
14054749ns          228393 1c008bd8 00a7a023 sw               x10, 0(x15)         x10:0000006f x15:1a10f010  PA:1a10f010
14055067ns          228409 1c008bda 00000513 addi             x10, x0, 0          x10=00000000
14055087ns          228410 1c008bdc 00008067 jalr             x0, x1, 0            x1:1c008ca2
14055146ns          228413 1c008ca2 4df52863 p.beqimm         x10, 1232           x10:00000000
14055166ns          228414 1c008ca6 00140413 addi             x8, x8, 1            x8=00000011  x8:00000010
14055186ns          228415 1c008ca8 001a450b p.lbu            x10, 1(x20!)        x10=0000006e x20=1c00002e x20:1c00002d  PA:1c00002d
14055504ns          228431 1c008cac fe0515e3 bne              x10, x0, -22        x10:0000006e
14055584ns          228435 1c008c96 02500793 addi             x15, x0, 37         x15=00000025
14055604ns          228436 1c008c9a 04f50763 beq              x10, x15, 78        x10:0000006e x15:00000025
14055624ns          228437 1c008c9e 009005b3 add              x11, x0, x9         x11=00000002  x9:00000002
14055644ns          228438 1c008ca0 000c80e7 jalr             x1, x25, 0           x1=1c008ca2 x25:1c008bb6
14055683ns          228440 1c008bb6 000026b7 lui              x13, 0x2000         x13=00002000
14055703ns          228441 1c008bb8 f8068693 addi             x13, x13, -128      x13=00001f80 x13:00002000
14055723ns          228442 1c008bbc f14027f3 csrrs            x15, x0, 0xf14      x15=00000002
14055743ns          228443 1c008bc0 00379713 slli             x14, x15, 0x3       x14=00000010 x15:00000002
14055763ns          228444 1c008bc4 00279793 slli             x15, x15, 0x2       x15=00000008 x15:00000002
14055783ns          228445 1c008bc6 00d7f7b3 and              x15, x15, x13       x15=00000000 x15:00000008 x13:00001f80
14055803ns          228446 1c008bc8 ee873733 p.bclr           x14, x14, 23, 8     x14=00000010 x14:00000010
14055823ns          228447 1c008bcc 1a10f6b7 lui              x13, 0x1a10f000     x13=1a10f000
14055842ns          228448 1c008bd0 00d70733 add              x14, x14, x13       x14=1a10f010 x14:00000010 x13:1a10f000
14055862ns          228449 1c008bd2 00e787b3 add              x15, x15, x14       x15=1a10f010 x15:00000000 x14:1a10f010
14055882ns          228450 1c008bd4 0ff57513 andi             x10, x10, 255       x10=0000006e x10:0000006e
14055902ns          228451 1c008bd8 00a7a023 sw               x10, 0(x15)         x10:0000006e x15:1a10f010  PA:1a10f010
14056220ns          228467 1c008bda 00000513 addi             x10, x0, 0          x10=00000000
14056240ns          228468 1c008bdc 00008067 jalr             x0, x1, 0            x1:1c008ca2
14056300ns          228471 1c008ca2 4df52863 p.beqimm         x10, 1232           x10:00000000
14056320ns          228472 1c008ca6 00140413 addi             x8, x8, 1            x8=00000012  x8:00000011
14056340ns          228473 1c008ca8 001a450b p.lbu            x10, 1(x20!)        x10=00000020 x20=1c00002f x20:1c00002e  PA:1c00002e
14056658ns          228489 1c008cac fe0515e3 bne              x10, x0, -22        x10:00000020
14056737ns          228493 1c008c96 02500793 addi             x15, x0, 37         x15=00000025
14056757ns          228494 1c008c9a 04f50763 beq              x10, x15, 78        x10:00000020 x15:00000025
14056777ns          228495 1c008c9e 009005b3 add              x11, x0, x9         x11=00000002  x9:00000002
14056797ns          228496 1c008ca0 000c80e7 jalr             x1, x25, 0           x1=1c008ca2 x25:1c008bb6
14056837ns          228498 1c008bb6 000026b7 lui              x13, 0x2000         x13=00002000
14056857ns          228499 1c008bb8 f8068693 addi             x13, x13, -128      x13=00001f80 x13:00002000
14056877ns          228500 1c008bbc f14027f3 csrrs            x15, x0, 0xf14      x15=00000002
14056897ns          228501 1c008bc0 00379713 slli             x14, x15, 0x3       x14=00000010 x15:00000002
14056916ns          228502 1c008bc4 00279793 slli             x15, x15, 0x2       x15=00000008 x15:00000002
14056936ns          228503 1c008bc6 00d7f7b3 and              x15, x15, x13       x15=00000000 x15:00000008 x13:00001f80
14056956ns          228504 1c008bc8 ee873733 p.bclr           x14, x14, 23, 8     x14=00000010 x14:00000010
14056976ns          228505 1c008bcc 1a10f6b7 lui              x13, 0x1a10f000     x13=1a10f000
14056996ns          228506 1c008bd0 00d70733 add              x14, x14, x13       x14=1a10f010 x14:00000010 x13:1a10f000
14057016ns          228507 1c008bd2 00e787b3 add              x15, x15, x14       x15=1a10f010 x15:00000000 x14:1a10f010
14057036ns          228508 1c008bd4 0ff57513 andi             x10, x10, 255       x10=00000020 x10:00000020
14057056ns          228509 1c008bd8 00a7a023 sw               x10, 0(x15)         x10:00000020 x15:1a10f010  PA:1a10f010
14057374ns          228525 1c008bda 00000513 addi             x10, x0, 0          x10=00000000
14057394ns          228526 1c008bdc 00008067 jalr             x0, x1, 0            x1:1c008ca2
14057453ns          228529 1c008ca2 4df52863 p.beqimm         x10, 1232           x10:00000000
14057473ns          228530 1c008ca6 00140413 addi             x8, x8, 1            x8=00000013  x8:00000012
14057493ns          228531 1c008ca8 001a450b p.lbu            x10, 1(x20!)        x10=00000063 x20=1c000030 x20:1c00002f  PA:1c00002f
14057831ns          228548 1c008cac fe0515e3 bne              x10, x0, -22        x10:00000063
14057911ns          228552 1c008c96 02500793 addi             x15, x0, 37         x15=00000025
14057931ns          228553 1c008c9a 04f50763 beq              x10, x15, 78        x10:00000063 x15:00000025
14057951ns          228554 1c008c9e 009005b3 add              x11, x0, x9         x11=00000002  x9:00000002
14057970ns          228555 1c008ca0 000c80e7 jalr             x1, x25, 0           x1=1c008ca2 x25:1c008bb6
14058010ns          228557 1c008bb6 000026b7 lui              x13, 0x2000         x13=00002000
14058030ns          228558 1c008bb8 f8068693 addi             x13, x13, -128      x13=00001f80 x13:00002000
14058050ns          228559 1c008bbc f14027f3 csrrs            x15, x0, 0xf14      x15=00000002
14058070ns          228560 1c008bc0 00379713 slli             x14, x15, 0x3       x14=00000010 x15:00000002
14058090ns          228561 1c008bc4 00279793 slli             x15, x15, 0x2       x15=00000008 x15:00000002
14058110ns          228562 1c008bc6 00d7f7b3 and              x15, x15, x13       x15=00000000 x15:00000008 x13:00001f80
14058130ns          228563 1c008bc8 ee873733 p.bclr           x14, x14, 23, 8     x14=00000010 x14:00000010
14058149ns          228564 1c008bcc 1a10f6b7 lui              x13, 0x1a10f000     x13=1a10f000
14058169ns          228565 1c008bd0 00d70733 add              x14, x14, x13       x14=1a10f010 x14:00000010 x13:1a10f000
14058189ns          228566 1c008bd2 00e787b3 add              x15, x15, x14       x15=1a10f010 x15:00000000 x14:1a10f010
14058209ns          228567 1c008bd4 0ff57513 andi             x10, x10, 255       x10=00000063 x10:00000063
14058229ns          228568 1c008bd8 00a7a023 sw               x10, 0(x15)         x10:00000063 x15:1a10f010  PA:1a10f010
14058547ns          228584 1c008bda 00000513 addi             x10, x0, 0          x10=00000000
14058567ns          228585 1c008bdc 00008067 jalr             x0, x1, 0            x1:1c008ca2
14058627ns          228588 1c008ca2 4df52863 p.beqimm         x10, 1232           x10:00000000
14058647ns          228589 1c008ca6 00140413 addi             x8, x8, 1            x8=00000014  x8:00000013
14058667ns          228590 1c008ca8 001a450b p.lbu            x10, 1(x20!)        x10=0000006c x20=1c000031 x20:1c000030  PA:1c000030
14058985ns          228606 1c008cac fe0515e3 bne              x10, x0, -22        x10:0000006c
14059064ns          228610 1c008c96 02500793 addi             x15, x0, 37         x15=00000025
14059084ns          228611 1c008c9a 04f50763 beq              x10, x15, 78        x10:0000006c x15:00000025
14059104ns          228612 1c008c9e 009005b3 add              x11, x0, x9         x11=00000002  x9:00000002
14059124ns          228613 1c008ca0 000c80e7 jalr             x1, x25, 0           x1=1c008ca2 x25:1c008bb6
14059164ns          228615 1c008bb6 000026b7 lui              x13, 0x2000         x13=00002000
14059184ns          228616 1c008bb8 f8068693 addi             x13, x13, -128      x13=00001f80 x13:00002000
14059204ns          228617 1c008bbc f14027f3 csrrs            x15, x0, 0xf14      x15=00000002
14059223ns          228618 1c008bc0 00379713 slli             x14, x15, 0x3       x14=00000010 x15:00000002
14059243ns          228619 1c008bc4 00279793 slli             x15, x15, 0x2       x15=00000008 x15:00000002
14059263ns          228620 1c008bc6 00d7f7b3 and              x15, x15, x13       x15=00000000 x15:00000008 x13:00001f80
14059283ns          228621 1c008bc8 ee873733 p.bclr           x14, x14, 23, 8     x14=00000010 x14:00000010
14059303ns          228622 1c008bcc 1a10f6b7 lui              x13, 0x1a10f000     x13=1a10f000
14059323ns          228623 1c008bd0 00d70733 add              x14, x14, x13       x14=1a10f010 x14:00000010 x13:1a10f000
14059343ns          228624 1c008bd2 00e787b3 add              x15, x15, x14       x15=1a10f010 x15:00000000 x14:1a10f010
14059363ns          228625 1c008bd4 0ff57513 andi             x10, x10, 255       x10=0000006c x10:0000006c
14059383ns          228626 1c008bd8 00a7a023 sw               x10, 0(x15)         x10:0000006c x15:1a10f010  PA:1a10f010
14059701ns          228642 1c008bda 00000513 addi             x10, x0, 0          x10=00000000
14059721ns          228643 1c008bdc 00008067 jalr             x0, x1, 0            x1:1c008ca2
14059780ns          228646 1c008ca2 4df52863 p.beqimm         x10, 1232           x10:00000000
14059800ns          228647 1c008ca6 00140413 addi             x8, x8, 1            x8=00000015  x8:00000014
14059820ns          228648 1c008ca8 001a450b p.lbu            x10, 1(x20!)        x10=00000075 x20=1c000032 x20:1c000031  PA:1c000031
14060158ns          228665 1c008cac fe0515e3 bne              x10, x0, -22        x10:00000075
14060238ns          228669 1c008c96 02500793 addi             x15, x0, 37         x15=00000025
14060258ns          228670 1c008c9a 04f50763 beq              x10, x15, 78        x10:00000075 x15:00000025
14060277ns          228671 1c008c9e 009005b3 add              x11, x0, x9         x11=00000002  x9:00000002
14060297ns          228672 1c008ca0 000c80e7 jalr             x1, x25, 0           x1=1c008ca2 x25:1c008bb6
14060337ns          228674 1c008bb6 000026b7 lui              x13, 0x2000         x13=00002000
14060357ns          228675 1c008bb8 f8068693 addi             x13, x13, -128      x13=00001f80 x13:00002000
14060377ns          228676 1c008bbc f14027f3 csrrs            x15, x0, 0xf14      x15=00000002
14060397ns          228677 1c008bc0 00379713 slli             x14, x15, 0x3       x14=00000010 x15:00000002
14060417ns          228678 1c008bc4 00279793 slli             x15, x15, 0x2       x15=00000008 x15:00000002
14060437ns          228679 1c008bc6 00d7f7b3 and              x15, x15, x13       x15=00000000 x15:00000008 x13:00001f80
14060456ns          228680 1c008bc8 ee873733 p.bclr           x14, x14, 23, 8     x14=00000010 x14:00000010
14060476ns          228681 1c008bcc 1a10f6b7 lui              x13, 0x1a10f000     x13=1a10f000
14060496ns          228682 1c008bd0 00d70733 add              x14, x14, x13       x14=1a10f010 x14:00000010 x13:1a10f000
14060516ns          228683 1c008bd2 00e787b3 add              x15, x15, x14       x15=1a10f010 x15:00000000 x14:1a10f010
14060536ns          228684 1c008bd4 0ff57513 andi             x10, x10, 255       x10=00000075 x10:00000075
14060556ns          228685 1c008bd8 00a7a023 sw               x10, 0(x15)         x10:00000075 x15:1a10f010  PA:1a10f010
14060894ns          228702 1c008bda 00000513 addi             x10, x0, 0          x10=00000000
14060914ns          228703 1c008bdc 00008067 jalr             x0, x1, 0            x1:1c008ca2
14060974ns          228706 1c008ca2 4df52863 p.beqimm         x10, 1232           x10:00000000
14060993ns          228707 1c008ca6 00140413 addi             x8, x8, 1            x8=00000016  x8:00000015
14061013ns          228708 1c008ca8 001a450b p.lbu            x10, 1(x20!)        x10=00000073 x20=1c000033 x20:1c000032  PA:1c000032
14061332ns          228724 1c008cac fe0515e3 bne              x10, x0, -22        x10:00000073
14061411ns          228728 1c008c96 02500793 addi             x15, x0, 37         x15=00000025
14061431ns          228729 1c008c9a 04f50763 beq              x10, x15, 78        x10:00000073 x15:00000025
14061451ns          228730 1c008c9e 009005b3 add              x11, x0, x9         x11=00000002  x9:00000002
14061471ns          228731 1c008ca0 000c80e7 jalr             x1, x25, 0           x1=1c008ca2 x25:1c008bb6
14061511ns          228733 1c008bb6 000026b7 lui              x13, 0x2000         x13=00002000
14061530ns          228734 1c008bb8 f8068693 addi             x13, x13, -128      x13=00001f80 x13:00002000
14061550ns          228735 1c008bbc f14027f3 csrrs            x15, x0, 0xf14      x15=00000002
14061570ns          228736 1c008bc0 00379713 slli             x14, x15, 0x3       x14=00000010 x15:00000002
14061590ns          228737 1c008bc4 00279793 slli             x15, x15, 0x2       x15=00000008 x15:00000002
14061610ns          228738 1c008bc6 00d7f7b3 and              x15, x15, x13       x15=00000000 x15:00000008 x13:00001f80
14061630ns          228739 1c008bc8 ee873733 p.bclr           x14, x14, 23, 8     x14=00000010 x14:00000010
14061650ns          228740 1c008bcc 1a10f6b7 lui              x13, 0x1a10f000     x13=1a10f000
14061670ns          228741 1c008bd0 00d70733 add              x14, x14, x13       x14=1a10f010 x14:00000010 x13:1a10f000
14061690ns          228742 1c008bd2 00e787b3 add              x15, x15, x14       x15=1a10f010 x15:00000000 x14:1a10f010
14061709ns          228743 1c008bd4 0ff57513 andi             x10, x10, 255       x10=00000073 x10:00000073
14061729ns          228744 1c008bd8 00a7a023 sw               x10, 0(x15)         x10:00000073 x15:1a10f010  PA:1a10f010
14062048ns          228760 1c008bda 00000513 addi             x10, x0, 0          x10=00000000
14062067ns          228761 1c008bdc 00008067 jalr             x0, x1, 0            x1:1c008ca2
14062127ns          228764 1c008ca2 4df52863 p.beqimm         x10, 1232           x10:00000000
14062147ns          228765 1c008ca6 00140413 addi             x8, x8, 1            x8=00000017  x8:00000016
14062167ns          228766 1c008ca8 001a450b p.lbu            x10, 1(x20!)        x10=00000074 x20=1c000034 x20:1c000033  PA:1c000033
14062505ns          228783 1c008cac fe0515e3 bne              x10, x0, -22        x10:00000074
14062584ns          228787 1c008c96 02500793 addi             x15, x0, 37         x15=00000025
14062604ns          228788 1c008c9a 04f50763 beq              x10, x15, 78        x10:00000074 x15:00000025
14062624ns          228789 1c008c9e 009005b3 add              x11, x0, x9         x11=00000002  x9:00000002
14062644ns          228790 1c008ca0 000c80e7 jalr             x1, x25, 0           x1=1c008ca2 x25:1c008bb6
14062684ns          228792 1c008bb6 000026b7 lui              x13, 0x2000         x13=00002000
14062704ns          228793 1c008bb8 f8068693 addi             x13, x13, -128      x13=00001f80 x13:00002000
14062724ns          228794 1c008bbc f14027f3 csrrs            x15, x0, 0xf14      x15=00000002
14062744ns          228795 1c008bc0 00379713 slli             x14, x15, 0x3       x14=00000010 x15:00000002
14062763ns          228796 1c008bc4 00279793 slli             x15, x15, 0x2       x15=00000008 x15:00000002
14062783ns          228797 1c008bc6 00d7f7b3 and              x15, x15, x13       x15=00000000 x15:00000008 x13:00001f80
14062803ns          228798 1c008bc8 ee873733 p.bclr           x14, x14, 23, 8     x14=00000010 x14:00000010
14062823ns          228799 1c008bcc 1a10f6b7 lui              x13, 0x1a10f000     x13=1a10f000
14062843ns          228800 1c008bd0 00d70733 add              x14, x14, x13       x14=1a10f010 x14:00000010 x13:1a10f000
14062863ns          228801 1c008bd2 00e787b3 add              x15, x15, x14       x15=1a10f010 x15:00000000 x14:1a10f010
14062883ns          228802 1c008bd4 0ff57513 andi             x10, x10, 255       x10=00000074 x10:00000074
14062903ns          228803 1c008bd8 00a7a023 sw               x10, 0(x15)         x10:00000074 x15:1a10f010  PA:1a10f010
14063221ns          228819 1c008bda 00000513 addi             x10, x0, 0          x10=00000000
14063241ns          228820 1c008bdc 00008067 jalr             x0, x1, 0            x1:1c008ca2
14063300ns          228823 1c008ca2 4df52863 p.beqimm         x10, 1232           x10:00000000
14063320ns          228824 1c008ca6 00140413 addi             x8, x8, 1            x8=00000018  x8:00000017
14063340ns          228825 1c008ca8 001a450b p.lbu            x10, 1(x20!)        x10=00000065 x20=1c000035 x20:1c000034  PA:1c000034
14063678ns          228842 1c008cac fe0515e3 bne              x10, x0, -22        x10:00000065
14063758ns          228846 1c008c96 02500793 addi             x15, x0, 37         x15=00000025
14063778ns          228847 1c008c9a 04f50763 beq              x10, x15, 78        x10:00000065 x15:00000025
14063798ns          228848 1c008c9e 009005b3 add              x11, x0, x9         x11=00000002  x9:00000002
14063818ns          228849 1c008ca0 000c80e7 jalr             x1, x25, 0           x1=1c008ca2 x25:1c008bb6
14063857ns          228851 1c008bb6 000026b7 lui              x13, 0x2000         x13=00002000
14063877ns          228852 1c008bb8 f8068693 addi             x13, x13, -128      x13=00001f80 x13:00002000
14063897ns          228853 1c008bbc f14027f3 csrrs            x15, x0, 0xf14      x15=00000002
14063917ns          228854 1c008bc0 00379713 slli             x14, x15, 0x3       x14=00000010 x15:00000002
14063937ns          228855 1c008bc4 00279793 slli             x15, x15, 0x2       x15=00000008 x15:00000002
14063957ns          228856 1c008bc6 00d7f7b3 and              x15, x15, x13       x15=00000000 x15:00000008 x13:00001f80
14063977ns          228857 1c008bc8 ee873733 p.bclr           x14, x14, 23, 8     x14=00000010 x14:00000010
14063997ns          228858 1c008bcc 1a10f6b7 lui              x13, 0x1a10f000     x13=1a10f000
14064016ns          228859 1c008bd0 00d70733 add              x14, x14, x13       x14=1a10f010 x14:00000010 x13:1a10f000
14064036ns          228860 1c008bd2 00e787b3 add              x15, x15, x14       x15=1a10f010 x15:00000000 x14:1a10f010
14064056ns          228861 1c008bd4 0ff57513 andi             x10, x10, 255       x10=00000065 x10:00000065
14064076ns          228862 1c008bd8 00a7a023 sw               x10, 0(x15)         x10:00000065 x15:1a10f010  PA:1a10f010
14064394ns          228878 1c008bda 00000513 addi             x10, x0, 0          x10=00000000
14064414ns          228879 1c008bdc 00008067 jalr             x0, x1, 0            x1:1c008ca2
14064474ns          228882 1c008ca2 4df52863 p.beqimm         x10, 1232           x10:00000000
14064494ns          228883 1c008ca6 00140413 addi             x8, x8, 1            x8=00000019  x8:00000018
14064514ns          228884 1c008ca8 001a450b p.lbu            x10, 1(x20!)        x10=00000072 x20=1c000036 x20:1c000035  PA:1c000035
14064892ns          228903 1c008cac fe0515e3 bne              x10, x0, -22        x10:00000072
14064971ns          228907 1c008c96 02500793 addi             x15, x0, 37         x15=00000025
14064991ns          228908 1c008c9a 04f50763 beq              x10, x15, 78        x10:00000072 x15:00000025
14065011ns          228909 1c008c9e 009005b3 add              x11, x0, x9         x11=00000002  x9:00000002
14065031ns          228910 1c008ca0 000c80e7 jalr             x1, x25, 0           x1=1c008ca2 x25:1c008bb6
14065070ns          228912 1c008bb6 000026b7 lui              x13, 0x2000         x13=00002000
14065090ns          228913 1c008bb8 f8068693 addi             x13, x13, -128      x13=00001f80 x13:00002000
14065110ns          228914 1c008bbc f14027f3 csrrs            x15, x0, 0xf14      x15=00000002
14065130ns          228915 1c008bc0 00379713 slli             x14, x15, 0x3       x14=00000010 x15:00000002
14065150ns          228916 1c008bc4 00279793 slli             x15, x15, 0x2       x15=00000008 x15:00000002
14065170ns          228917 1c008bc6 00d7f7b3 and              x15, x15, x13       x15=00000000 x15:00000008 x13:00001f80
14065190ns          228918 1c008bc8 ee873733 p.bclr           x14, x14, 23, 8     x14=00000010 x14:00000010
14065210ns          228919 1c008bcc 1a10f6b7 lui              x13, 0x1a10f000     x13=1a10f000
14065230ns          228920 1c008bd0 00d70733 add              x14, x14, x13       x14=1a10f010 x14:00000010 x13:1a10f000
14065249ns          228921 1c008bd2 00e787b3 add              x15, x15, x14       x15=1a10f010 x15:00000000 x14:1a10f010
14065269ns          228922 1c008bd4 0ff57513 andi             x10, x10, 255       x10=00000072 x10:00000072
14065289ns          228923 1c008bd8 00a7a023 sw               x10, 0(x15)         x10:00000072 x15:1a10f010  PA:1a10f010
14065607ns          228939 1c008bda 00000513 addi             x10, x0, 0          x10=00000000
14065627ns          228940 1c008bdc 00008067 jalr             x0, x1, 0            x1:1c008ca2
14065687ns          228943 1c008ca2 4df52863 p.beqimm         x10, 1232           x10:00000000
14065707ns          228944 1c008ca6 00140413 addi             x8, x8, 1            x8=0000001a  x8:00000019
14065727ns          228945 1c008ca8 001a450b p.lbu            x10, 1(x20!)        x10=00000020 x20=1c000037 x20:1c000036  PA:1c000036
14066085ns          228963 1c008cac fe0515e3 bne              x10, x0, -22        x10:00000020
14066164ns          228967 1c008c96 02500793 addi             x15, x0, 37         x15=00000025
14066184ns          228968 1c008c9a 04f50763 beq              x10, x15, 78        x10:00000020 x15:00000025
14066204ns          228969 1c008c9e 009005b3 add              x11, x0, x9         x11=00000002  x9:00000002
14066224ns          228970 1c008ca0 000c80e7 jalr             x1, x25, 0           x1=1c008ca2 x25:1c008bb6
14066264ns          228972 1c008bb6 000026b7 lui              x13, 0x2000         x13=00002000
14066284ns          228973 1c008bb8 f8068693 addi             x13, x13, -128      x13=00001f80 x13:00002000
14066304ns          228974 1c008bbc f14027f3 csrrs            x15, x0, 0xf14      x15=00000002
14066323ns          228975 1c008bc0 00379713 slli             x14, x15, 0x3       x14=00000010 x15:00000002
14066343ns          228976 1c008bc4 00279793 slli             x15, x15, 0x2       x15=00000008 x15:00000002
14066363ns          228977 1c008bc6 00d7f7b3 and              x15, x15, x13       x15=00000000 x15:00000008 x13:00001f80
14066383ns          228978 1c008bc8 ee873733 p.bclr           x14, x14, 23, 8     x14=00000010 x14:00000010
14066403ns          228979 1c008bcc 1a10f6b7 lui              x13, 0x1a10f000     x13=1a10f000
14066423ns          228980 1c008bd0 00d70733 add              x14, x14, x13       x14=1a10f010 x14:00000010 x13:1a10f000
14066443ns          228981 1c008bd2 00e787b3 add              x15, x15, x14       x15=1a10f010 x15:00000000 x14:1a10f010
14066463ns          228982 1c008bd4 0ff57513 andi             x10, x10, 255       x10=00000020 x10:00000020
14066483ns          228983 1c008bd8 00a7a023 sw               x10, 0(x15)         x10:00000020 x15:1a10f010  PA:1a10f010
14066801ns          228999 1c008bda 00000513 addi             x10, x0, 0          x10=00000000
14066821ns          229000 1c008bdc 00008067 jalr             x0, x1, 0            x1:1c008ca2
14066880ns          229003 1c008ca2 4df52863 p.beqimm         x10, 1232           x10:00000000
14066900ns          229004 1c008ca6 00140413 addi             x8, x8, 1            x8=0000001b  x8:0000001a
14066920ns          229005 1c008ca8 001a450b p.lbu            x10, 1(x20!)        x10=00000025 x20=1c000038 x20:1c000037  PA:1c000037
14067238ns          229021 1c008cac fe0515e3 bne              x10, x0, -22        x10:00000025
14067318ns          229025 1c008c96 02500793 addi             x15, x0, 37         x15=00000025
14067338ns          229026 1c008c9a 04f50763 beq              x10, x15, 78        x10:00000025 x15:00000025
14067596ns          229039 1c008ce8 01400c33 add              x24, x0, x20        x24=1c000038 x20:1c000038
14067636ns          229041 1c008cea 000c4a03 lbu              x20, 0(x24)         x20=00000064 x24:1c000038  PA:1c000038
14068093ns          229064 1c008cee 0b4d0513 addi             x10, x26, 180       x10=1c0000b4 x26:1c000000
14068113ns          229065 1c008cf2 00912e23 sw               x9, 28(x2)           x9:00000002  x2:10001618  PA:10001634
14068133ns          229066 1c008cf4 014005b3 add              x11, x0, x20        x11=00000064 x20:00000064
14068153ns          229067 1c008cf6 00012823 sw               x0, 16(x2)           x2:10001618  PA:10001628
14068173ns          229068 1c008cf8 00012a23 sw               x0, 20(x2)           x2:10001618  PA:1000162c
14068193ns          229069 1c008cfa 00012623 sw               x0, 12(x2)           x2:10001618  PA:10001624
14068213ns          229070 1c008cfc 001c0493 addi             x9, x24, 1           x9=1c000039 x24:1c000038
14068611ns          229090 1c008d00 e41ff0ef jal              x1, -448             x1=1c008d02
14069088ns          229114 1c008b40 00054703 lbu              x14, 0(x10)         x14=0000002d x10:1c0000b4  PA:1c0000b4
14069446ns          229132 1c008b44 0ff5f593 andi             x11, x11, 255       x11=00000064 x11:00000064
14069466ns          229133 1c008b48 00a007b3 add              x15, x0, x10        x15=1c0000b4 x10:1c0000b4
14069486ns          229134 1c008b4a 00b70863 beq              x14, x11, 16        x14:0000002d x11:00000064
14069506ns          229135 1c008b4e 00070863 beq              x14, x0, 16         x14:0000002d
14069665ns          229143 1c008b50 0017c703 lbu              x14, 1(x15)         x14=0000002b x15:1c0000b4  PA:1c0000b5
14069983ns          229159 1c008b54 00178793 addi             x15, x15, 1         x15=1c0000b5 x15:1c0000b4
14070003ns          229160 1c008b56 feb71ce3 bne              x14, x11, -8        x14:0000002b x11:00000064
14070261ns          229173 1c008b4e 00070863 beq              x14, x0, 16         x14:0000002b
14070281ns          229174 1c008b50 0017c703 lbu              x14, 1(x15)         x14=00000020 x15:1c0000b5  PA:1c0000b6
14070579ns          229189 1c008b54 00178793 addi             x15, x15, 1         x15=1c0000b6 x15:1c0000b5
14070599ns          229190 1c008b56 feb71ce3 bne              x14, x11, -8        x14:00000020 x11:00000064
14070659ns          229193 1c008b4e 00070863 beq              x14, x0, 16         x14:00000020
14070679ns          229194 1c008b50 0017c703 lbu              x14, 1(x15)         x14=00000023 x15:1c0000b6  PA:1c0000b7
14071017ns          229211 1c008b54 00178793 addi             x15, x15, 1         x15=1c0000b7 x15:1c0000b6
14071037ns          229212 1c008b56 feb71ce3 bne              x14, x11, -8        x14:00000023 x11:00000064
14071097ns          229215 1c008b4e 00070863 beq              x14, x0, 16         x14:00000023
14071116ns          229216 1c008b50 0017c703 lbu              x14, 1(x15)         x14=00000030 x15:1c0000b7  PA:1c0000b8
14071435ns          229232 1c008b54 00178793 addi             x15, x15, 1         x15=1c0000b8 x15:1c0000b7
14071455ns          229233 1c008b56 feb71ce3 bne              x14, x11, -8        x14:00000030 x11:00000064
14071514ns          229236 1c008b4e 00070863 beq              x14, x0, 16         x14:00000030
14071534ns          229237 1c008b50 0017c703 lbu              x14, 1(x15)         x14=00000000 x15:1c0000b8  PA:1c0000b9
14071832ns          229252 1c008b54 00178793 addi             x15, x15, 1         x15=1c0000b9 x15:1c0000b8
14071852ns          229253 1c008b56 feb71ce3 bne              x14, x11, -8        x14:00000000 x11:00000064
14071912ns          229256 1c008b4e 00070863 beq              x14, x0, 16         x14:00000000
14071972ns          229259 1c008b5e 00000513 addi             x10, x0, 0          x10=00000000
14071992ns          229260 1c008b60 fe058de3 beq              x11, x0, -6         x11:00000064
14072011ns          229261 1c008b62 00008067 jalr             x0, x1, 0            x1:1c008d02
14072071ns          229264 1c008d02 02000913 addi             x18, x0, 32         x18=00000020
14072091ns          229265 1c008d06 00000993 addi             x19, x0, 0          x19=00000000
14072111ns          229266 1c008d08 02b00a93 addi             x21, x0, 43         x21=0000002b
14072131ns          229267 1c008d0c 02d00b93 addi             x23, x0, 45         x23=0000002d
14072509ns          229286 1c008d10 03000b13 addi             x22, x0, 48         x22=00000030
14072548ns          229288 1c008d14 00900633 add              x12, x0, x9         x12=1c000039  x9:1c000039
14072568ns          229289 1c008d16 02050963 beq              x10, x0, 50         x10:00000000
14073503ns          229336 1c008d48 03312623 sw               x19, 44(x2)         x19:00000000  x2:10001618  PA:10001644
14073543ns          229338 1c008d4a 02a00693 addi             x13, x0, 42         x13=0000002a
14073563ns          229339 1c008d4e 014009b3 add              x19, x0, x20        x19=00000064 x20:00000064
14073980ns          229360 1c008d50 01800a33 add              x20, x0, x24        x20=1c000038 x24:1c000038
14074000ns          229361 1c008d52 00900c33 add              x24, x0, x9         x24=1c000039  x9:1c000039
14074020ns          229362 1c008d54 01c12483 lw               x9, 28(x2)           x9=00000002  x2:10001618  PA:10001634
14074040ns          229363 1c008d56 42d98063 beq              x19, x13, 1056      x19:00000064 x13:0000002a
14074060ns          229364 1c008d5a fd098693 addi             x13, x19, -48       x13=00000034 x19:00000064
14074080ns          229365 1c008d5e 00900513 addi             x10, x0, 9          x10=00000009
14074497ns          229386 1c008d60 00000a93 addi             x21, x0, 0          x21=00000000
14074537ns          229388 1c008d62 3cd57f63 bgeu             x10, x13, 990       x10:00000009 x13:00000034
14074557ns          229389 1c008d66 02e00793 addi             x15, x0, 46         x15=0000002e
14074577ns          229390 1c008d6a fff00b13 addi             x22, x0, -1         x22=ffffffff
14074597ns          229391 1c008d6c 04f981e3 beq              x19, x15, 2114      x19:00000064 x15:0000002e
14075014ns          229412 1c008d70 1c0007b7 lui              x15, 0x1c000000     x15=1c000000
14075054ns          229414 1c008d74 013005b3 add              x11, x0, x19        x11=00000064 x19:00000064
14075074ns          229415 1c008d76 0bc78513 addi             x10, x15, 188       x10=1c0000bc x15:1c000000
14075094ns          229416 1c008d7a 00c12e23 sw               x12, 28(x2)         x12:1c000039  x2:10001618  PA:10001634
14075114ns          229417 1c008d7c dc5ff0ef jal              x1, -572             x1=1c008d7e
14075591ns          229441 1c008b40 00054703 lbu              x14, 0(x10)         x14=00000068 x10:1c0000bc  PA:1c0000bc
14075890ns          229456 1c008b44 0ff5f593 andi             x11, x11, 255       x11=00000064 x11:00000064
14075909ns          229457 1c008b48 00a007b3 add              x15, x0, x10        x15=1c0000bc x10:1c0000bc
14075929ns          229458 1c008b4a 00b70863 beq              x14, x11, 16        x14:00000068 x11:00000064
14075949ns          229459 1c008b4e 00070863 beq              x14, x0, 16         x14:00000068
14075969ns          229460 1c008b50 0017c703 lbu              x14, 1(x15)         x14=0000006c x15:1c0000bc  PA:1c0000bd
14076307ns          229477 1c008b54 00178793 addi             x15, x15, 1         x15=1c0000bd x15:1c0000bc
14076327ns          229478 1c008b56 feb71ce3 bne              x14, x11, -8        x14:0000006c x11:00000064
14076387ns          229481 1c008b4e 00070863 beq              x14, x0, 16         x14:0000006c
14076407ns          229482 1c008b50 0017c703 lbu              x14, 1(x15)         x14=0000004c x15:1c0000bd  PA:1c0000be
14076725ns          229498 1c008b54 00178793 addi             x15, x15, 1         x15=1c0000be x15:1c0000bd
14076745ns          229499 1c008b56 feb71ce3 bne              x14, x11, -8        x14:0000004c x11:00000064
14076804ns          229502 1c008b4e 00070863 beq              x14, x0, 16         x14:0000004c
14076824ns          229503 1c008b50 0017c703 lbu              x14, 1(x15)         x14=0000007a x15:1c0000be  PA:1c0000bf
14077123ns          229518 1c008b54 00178793 addi             x15, x15, 1         x15=1c0000bf x15:1c0000be
14077143ns          229519 1c008b56 feb71ce3 bne              x14, x11, -8        x14:0000007a x11:00000064
14077202ns          229522 1c008b4e 00070863 beq              x14, x0, 16         x14:0000007a
14077222ns          229523 1c008b50 0017c703 lbu              x14, 1(x15)         x14=00000000 x15:1c0000bf  PA:1c0000c0
14077520ns          229538 1c008b54 00178793 addi             x15, x15, 1         x15=1c0000c0 x15:1c0000bf
14077540ns          229539 1c008b56 feb71ce3 bne              x14, x11, -8        x14:00000000 x11:00000064
14077600ns          229542 1c008b4e 00070863 beq              x14, x0, 16         x14:00000000
14077660ns          229545 1c008b5e 00000513 addi             x10, x0, 0          x10=00000000
14077679ns          229546 1c008b60 fe058de3 beq              x11, x0, -6         x11:00000064
14077699ns          229547 1c008b62 00008067 jalr             x0, x1, 0            x1:1c008d7e
14077739ns          229549 1c008d7e 01c12603 lw               x12, 28(x2)         x12=1c000039  x2:10001618  PA:10001634
14077779ns          229551 1c008d80 00c00a33 add              x20, x0, x12        x20=1c000039 x12:1c000039
14077799ns          229552 1c008d82 00050563 beq              x10, x0, 10         x10:00000000
14078276ns          229576 1c008d8c 06900793 addi             x15, x0, 105        x15=00000069
14078296ns          229577 1c008d90 1cf98be3 beq              x19, x15, 2518      x19:00000064 x15:00000069
14078316ns          229578 1c008d94 4b37ce63 blt              x15, x19, 1212      x15:00000069 x19:00000064
14078336ns          229579 1c008d98 05800793 addi             x15, x0, 88         x15=00000058
14078356ns          229580 1c008d9c 4cf98863 beq              x19, x15, 1232      x19:00000064 x15:00000058
14078793ns          229602 1c008da0 3f37cd63 blt              x15, x19, 1018      x15:00000058 x19:00000064
14079310ns          229628 1c00919a 06400793 addi             x15, x0, 100        x15=00000064
14079748ns          229650 1c00919e 5cf98463 beq              x19, x15, 1480      x19:00000064 x15:00000064
14080225ns          229674 1c009766 01812b83 lw               x23, 24(x2)         x23=1000177c  x2:10001618  PA:10001630
14080265ns          229676 1c009768 004ba60b p.lw             x12, 4(x23!)        x12=00000000 x23=10001780 x23:1000177c  PA:1000177c
14080305ns          229678 1c00976c 48064963 blt              x12, x0, 1170       x12:00000000
14080722ns          229699 1c009770 01412783 lw               x15, 20(x2)         x15=00000000  x2:10001618  PA:1000162c
14080742ns          229700 1c009772 00c00733 add              x14, x0, x12        x14=00000000 x12:00000000
14080762ns          229701 1c009774 56078863 beq              x15, x0, 1392       x15:00000000
14081239ns          229725 1c009ce4 01012783 lw               x15, 16(x2)         x15=00000000  x2:10001618  PA:10001628
14081259ns          229726 1c009ce6 01b00533 add              x10, x0, x27        x10=1000164c x27:1000164c
14081279ns          229727 1c009ce8 a8078ee3 beq              x15, x0, -1380      x15:00000000
14082214ns          229774 1c009784 00a007b3 add              x15, x0, x10        x15=1000164c x10:1000164c
14082234ns          229775 1c009786 00a00593 addi             x11, x0, 10         x11=0000000a
14082254ns          229776 1c009788 00900313 addi             x6, x0, 9            x6=00000009
14082274ns          229777 1c00978a 02b776b3 remu             x13, x14, x11       x13=00000000 x14:00000000 x11:0000000a
14082890ns          229808 1c00978e 00e00833 add              x16, x0, x14        x16=00000000 x14:00000000
14082910ns          229809 1c009790 00f008b3 add              x17, x0, x15        x17=1000164c x15:1000164c
14082930ns          229810 1c009792 03068693 addi             x13, x13, 48        x13=00000030 x13:00000000
14082950ns          229811 1c009796 00d780ab p.sb             x13, 1(x15!)        x15=1000164d x13:00000030 x15:1000164c  PA:1000164c
14082970ns          229812 1c00979a 02b75733 divu             x14, x14, x11       x14=00000000 x14:00000000 x11:0000000a
14083606ns          229844 1c00979e ff0366e3 bltu             x6, x16, -20         x6:00000009 x16:00000000
14083626ns          229845 1c0097a2 40a78733 sub              x14, x15, x10       x14=00000001 x15:1000164d x10:1000164c
14083646ns          229846 1c0097a6 01675c63 bge              x14, x22, 24        x14:00000001 x22:ffffffff
14084581ns          229893 1c0097be 00078023 sb               x0, 0(x15)          x15:1000164d  PA:1000164d
14084620ns          229895 1c0097c2 0b157563 bgeu             x10, x17, 170       x10:1000164c x17:1000164c
14085098ns          229919 1c00986c 01412703 lw               x14, 20(x2)         x14=00000000  x2:10001618  PA:1000162c
14085118ns          229920 1c00986e 01012683 lw               x13, 16(x2)         x13=00000000  x2:10001618  PA:10001628
14085555ns          229942 1c009870 41b787b3 sub              x15, x15, x27       x15=00000001 x15:1000164d x27:1000164c
14085595ns          229944 1c009874 00d76733 or               x14, x14, x13       x14=00000000 x14:00000000 x13:00000000
14085615ns          229945 1c009876 02e12623 sw               x14, 44(x2)         x14:00000000  x2:10001618  PA:10001644
14085635ns          229946 1c009878 b0071be3 bne              x14, x0, -1258      x14:00000000
14085655ns          229947 1c00987c 01f65713 srli             x14, x12, 0x1f      x14=00000000 x12:00000000
14086092ns          229969 1c009880 02e12623 sw               x14, 44(x2)         x14:00000000  x2:10001618  PA:10001644
14086112ns          229970 1c009882 b0dff06f jal              x0, -1268          
14087047ns          230017 1c00938e ebfb2be3 p.beqimm         x22, -330           x22:ffffffff
14087544ns          230042 1c009244 0c800713 addi             x14, x0, 200        x14=000000c8
14087584ns          230044 1c009248 14f75b63 bge              x14, x15, 342       x14:000000c8 x15:00000001
14088518ns          230091 1c00939e 00178613 addi             x12, x15, 1         x12=00000002 x15:00000001
14088558ns          230093 1c0093a2 0557c863 blt              x15, x21, 80        x15:00000001 x21:00000000
14088578ns          230094 1c0093a6 01712c23 sw               x23, 24(x2)         x23:10001780  x2:10001618  PA:10001630
14088598ns          230095 1c0093a8 00f00ab3 add              x21, x0, x15        x21=00000001 x15:00000001
14088618ns          230096 1c0093aa 8e0a8fe3 beq              x21, x0, -1794      x21:00000001
14088638ns          230097 1c0093ae 01b00933 add              x18, x0, x27        x18=1000164c x27:1000164c
14089036ns          230117 1c0093b0 41b409b3 sub              x19, x8, x27        x19=efffe9cf  x8:0000001b x27:1000164c
14089075ns          230119 1c0093b4 01ba8ab3 add              x21, x21, x27       x21=1000164d x21:00000001 x27:1000164c
14089095ns          230120 1c0093b6 00a0006f jal              x0, 10             
14089553ns          230143 1c0093c0 0019450b p.lbu            x10, 1(x18!)        x10=00000030 x18=1000164d x18:1000164c  PA:1000164c
14089592ns          230145 1c0093c4 009005b3 add              x11, x0, x9         x11=00000002  x9:00000002
14089612ns          230146 1c0093c6 000c80e7 jalr             x1, x25, 0           x1=1c0093c8 x25:1c008bb6
14089652ns          230148 1c008bb6 000026b7 lui              x13, 0x2000         x13=00002000
14089672ns          230149 1c008bb8 f8068693 addi             x13, x13, -128      x13=00001f80 x13:00002000
14089692ns          230150 1c008bbc f14027f3 csrrs            x15, x0, 0xf14      x15=00000002
14090149ns          230173 1c008bc0 00379713 slli             x14, x15, 0x3       x14=00000010 x15:00000002
14090189ns          230175 1c008bc4 00279793 slli             x15, x15, 0x2       x15=00000008 x15:00000002
14090209ns          230176 1c008bc6 00d7f7b3 and              x15, x15, x13       x15=00000000 x15:00000008 x13:00001f80
14090229ns          230177 1c008bc8 ee873733 p.bclr           x14, x14, 23, 8     x14=00000010 x14:00000010
14090249ns          230178 1c008bcc 1a10f6b7 lui              x13, 0x1a10f000     x13=1a10f000
14090288ns          230180 1c008bd0 00d70733 add              x14, x14, x13       x14=1a10f010 x14:00000010 x13:1a10f000
14090308ns          230181 1c008bd2 00e787b3 add              x15, x15, x14       x15=1a10f010 x15:00000000 x14:1a10f010
14090328ns          230182 1c008bd4 0ff57513 andi             x10, x10, 255       x10=00000030 x10:00000030
14090348ns          230183 1c008bd8 00a7a023 sw               x10, 0(x15)         x10:00000030 x15:1a10f010  PA:1a10f010
14090746ns          230203 1c008bda 00000513 addi             x10, x0, 0          x10=00000000
14090766ns          230204 1c008bdc 00008067 jalr             x0, x1, 0            x1:1c0093c8
14090806ns          230206 1c0093c8 fff538e3 p.bneimm         x10, -16            x10:00000000
14091223ns          230227 1c0093b8 01298433 add              x8, x19, x18         x8=0000001c x19:efffe9cf x18:1000164d
14091243ns          230228 1c0093bc 8f2a86e3 beq              x21, x18, -1812     x21:1000164d x18:1000164d
14091303ns          230231 1c008ca8 001a450b p.lbu            x10, 1(x20!)        x10=00000020 x20=1c00003a x20:1c000039  PA:1c000039
14091621ns          230247 1c008cac fe0515e3 bne              x10, x0, -22        x10:00000020
14091760ns          230254 1c008c96 02500793 addi             x15, x0, 37         x15=00000025
14091780ns          230255 1c008c9a 04f50763 beq              x10, x15, 78        x10:00000020 x15:00000025
14091800ns          230256 1c008c9e 009005b3 add              x11, x0, x9         x11=00000002  x9:00000002
14091820ns          230257 1c008ca0 000c80e7 jalr             x1, x25, 0           x1=1c008ca2 x25:1c008bb6
14091860ns          230259 1c008bb6 000026b7 lui              x13, 0x2000         x13=00002000
14091880ns          230260 1c008bb8 f8068693 addi             x13, x13, -128      x13=00001f80 x13:00002000
14091899ns          230261 1c008bbc f14027f3 csrrs            x15, x0, 0xf14      x15=00000002
14091919ns          230262 1c008bc0 00379713 slli             x14, x15, 0x3       x14=00000010 x15:00000002
14091939ns          230263 1c008bc4 00279793 slli             x15, x15, 0x2       x15=00000008 x15:00000002
14091959ns          230264 1c008bc6 00d7f7b3 and              x15, x15, x13       x15=00000000 x15:00000008 x13:00001f80
14091979ns          230265 1c008bc8 ee873733 p.bclr           x14, x14, 23, 8     x14=00000010 x14:00000010
14091999ns          230266 1c008bcc 1a10f6b7 lui              x13, 0x1a10f000     x13=1a10f000
14092019ns          230267 1c008bd0 00d70733 add              x14, x14, x13       x14=1a10f010 x14:00000010 x13:1a10f000
14092039ns          230268 1c008bd2 00e787b3 add              x15, x15, x14       x15=1a10f010 x15:00000000 x14:1a10f010
14092059ns          230269 1c008bd4 0ff57513 andi             x10, x10, 255       x10=00000020 x10:00000020
14092078ns          230270 1c008bd8 00a7a023 sw               x10, 0(x15)         x10:00000020 x15:1a10f010  PA:1a10f010
14092476ns          230290 1c008bda 00000513 addi             x10, x0, 0          x10=00000000
14092496ns          230291 1c008bdc 00008067 jalr             x0, x1, 0            x1:1c008ca2
14092556ns          230294 1c008ca2 4df52863 p.beqimm         x10, 1232           x10:00000000
14092576ns          230295 1c008ca6 00140413 addi             x8, x8, 1            x8=0000001d  x8:0000001c
14092595ns          230296 1c008ca8 001a450b p.lbu            x10, 1(x20!)        x10=00000063 x20=1c00003b x20:1c00003a  PA:1c00003a
14092914ns          230312 1c008cac fe0515e3 bne              x10, x0, -22        x10:00000063
14092993ns          230316 1c008c96 02500793 addi             x15, x0, 37         x15=00000025
14093013ns          230317 1c008c9a 04f50763 beq              x10, x15, 78        x10:00000063 x15:00000025
14093033ns          230318 1c008c9e 009005b3 add              x11, x0, x9         x11=00000002  x9:00000002
14093053ns          230319 1c008ca0 000c80e7 jalr             x1, x25, 0           x1=1c008ca2 x25:1c008bb6
14093093ns          230321 1c008bb6 000026b7 lui              x13, 0x2000         x13=00002000
14093113ns          230322 1c008bb8 f8068693 addi             x13, x13, -128      x13=00001f80 x13:00002000
14093132ns          230323 1c008bbc f14027f3 csrrs            x15, x0, 0xf14      x15=00000002
14093152ns          230324 1c008bc0 00379713 slli             x14, x15, 0x3       x14=00000010 x15:00000002
14093172ns          230325 1c008bc4 00279793 slli             x15, x15, 0x2       x15=00000008 x15:00000002
14093192ns          230326 1c008bc6 00d7f7b3 and              x15, x15, x13       x15=00000000 x15:00000008 x13:00001f80
14093212ns          230327 1c008bc8 ee873733 p.bclr           x14, x14, 23, 8     x14=00000010 x14:00000010
14093232ns          230328 1c008bcc 1a10f6b7 lui              x13, 0x1a10f000     x13=1a10f000
14093252ns          230329 1c008bd0 00d70733 add              x14, x14, x13       x14=1a10f010 x14:00000010 x13:1a10f000
14093272ns          230330 1c008bd2 00e787b3 add              x15, x15, x14       x15=1a10f010 x15:00000000 x14:1a10f010
14093292ns          230331 1c008bd4 0ff57513 andi             x10, x10, 255       x10=00000063 x10:00000063
14093311ns          230332 1c008bd8 00a7a023 sw               x10, 0(x15)         x10:00000063 x15:1a10f010  PA:1a10f010
14093630ns          230348 1c008bda 00000513 addi             x10, x0, 0          x10=00000000
14093650ns          230349 1c008bdc 00008067 jalr             x0, x1, 0            x1:1c008ca2
14093709ns          230352 1c008ca2 4df52863 p.beqimm         x10, 1232           x10:00000000
14093729ns          230353 1c008ca6 00140413 addi             x8, x8, 1            x8=0000001e  x8:0000001d
14093749ns          230354 1c008ca8 001a450b p.lbu            x10, 1(x20!)        x10=0000006f x20=1c00003c x20:1c00003b  PA:1c00003b
14094087ns          230371 1c008cac fe0515e3 bne              x10, x0, -22        x10:0000006f
14094167ns          230375 1c008c96 02500793 addi             x15, x0, 37         x15=00000025
14094187ns          230376 1c008c9a 04f50763 beq              x10, x15, 78        x10:0000006f x15:00000025
14094206ns          230377 1c008c9e 009005b3 add              x11, x0, x9         x11=00000002  x9:00000002
14094226ns          230378 1c008ca0 000c80e7 jalr             x1, x25, 0           x1=1c008ca2 x25:1c008bb6
14094266ns          230380 1c008bb6 000026b7 lui              x13, 0x2000         x13=00002000
14094286ns          230381 1c008bb8 f8068693 addi             x13, x13, -128      x13=00001f80 x13:00002000
14094306ns          230382 1c008bbc f14027f3 csrrs            x15, x0, 0xf14      x15=00000002
14094326ns          230383 1c008bc0 00379713 slli             x14, x15, 0x3       x14=00000010 x15:00000002
14094346ns          230384 1c008bc4 00279793 slli             x15, x15, 0x2       x15=00000008 x15:00000002
14094366ns          230385 1c008bc6 00d7f7b3 and              x15, x15, x13       x15=00000000 x15:00000008 x13:00001f80
14094385ns          230386 1c008bc8 ee873733 p.bclr           x14, x14, 23, 8     x14=00000010 x14:00000010
14094405ns          230387 1c008bcc 1a10f6b7 lui              x13, 0x1a10f000     x13=1a10f000
14094425ns          230388 1c008bd0 00d70733 add              x14, x14, x13       x14=1a10f010 x14:00000010 x13:1a10f000
14094445ns          230389 1c008bd2 00e787b3 add              x15, x15, x14       x15=1a10f010 x15:00000000 x14:1a10f010
14094465ns          230390 1c008bd4 0ff57513 andi             x10, x10, 255       x10=0000006f x10:0000006f
14094485ns          230391 1c008bd8 00a7a023 sw               x10, 0(x15)         x10:0000006f x15:1a10f010  PA:1a10f010
14094823ns          230408 1c008bda 00000513 addi             x10, x0, 0          x10=00000000
14094843ns          230409 1c008bdc 00008067 jalr             x0, x1, 0            x1:1c008ca2
14094902ns          230412 1c008ca2 4df52863 p.beqimm         x10, 1232           x10:00000000
14094922ns          230413 1c008ca6 00140413 addi             x8, x8, 1            x8=0000001f  x8:0000001e
14094942ns          230414 1c008ca8 001a450b p.lbu            x10, 1(x20!)        x10=00000072 x20=1c00003d x20:1c00003c  PA:1c00003c
14095280ns          230431 1c008cac fe0515e3 bne              x10, x0, -22        x10:00000072
14095360ns          230435 1c008c96 02500793 addi             x15, x0, 37         x15=00000025
14095380ns          230436 1c008c9a 04f50763 beq              x10, x15, 78        x10:00000072 x15:00000025
14095400ns          230437 1c008c9e 009005b3 add              x11, x0, x9         x11=00000002  x9:00000002
14095420ns          230438 1c008ca0 000c80e7 jalr             x1, x25, 0           x1=1c008ca2 x25:1c008bb6
14095459ns          230440 1c008bb6 000026b7 lui              x13, 0x2000         x13=00002000
14095479ns          230441 1c008bb8 f8068693 addi             x13, x13, -128      x13=00001f80 x13:00002000
14095499ns          230442 1c008bbc f14027f3 csrrs            x15, x0, 0xf14      x15=00000002
14095519ns          230443 1c008bc0 00379713 slli             x14, x15, 0x3       x14=00000010 x15:00000002
14095539ns          230444 1c008bc4 00279793 slli             x15, x15, 0x2       x15=00000008 x15:00000002
14095559ns          230445 1c008bc6 00d7f7b3 and              x15, x15, x13       x15=00000000 x15:00000008 x13:00001f80
14095579ns          230446 1c008bc8 ee873733 p.bclr           x14, x14, 23, 8     x14=00000010 x14:00000010
14095599ns          230447 1c008bcc 1a10f6b7 lui              x13, 0x1a10f000     x13=1a10f000
14095618ns          230448 1c008bd0 00d70733 add              x14, x14, x13       x14=1a10f010 x14:00000010 x13:1a10f000
14095638ns          230449 1c008bd2 00e787b3 add              x15, x15, x14       x15=1a10f010 x15:00000000 x14:1a10f010
14095658ns          230450 1c008bd4 0ff57513 andi             x10, x10, 255       x10=00000072 x10:00000072
14095678ns          230451 1c008bd8 00a7a023 sw               x10, 0(x15)         x10:00000072 x15:1a10f010  PA:1a10f010
14095996ns          230467 1c008bda 00000513 addi             x10, x0, 0          x10=00000000
14096016ns          230468 1c008bdc 00008067 jalr             x0, x1, 0            x1:1c008ca2
14096076ns          230471 1c008ca2 4df52863 p.beqimm         x10, 1232           x10:00000000
14096096ns          230472 1c008ca6 00140413 addi             x8, x8, 1            x8=00000020  x8:0000001f
14096116ns          230473 1c008ca8 001a450b p.lbu            x10, 1(x20!)        x10=00000065 x20=1c00003e x20:1c00003d  PA:1c00003d
14096454ns          230490 1c008cac fe0515e3 bne              x10, x0, -22        x10:00000065
14096533ns          230494 1c008c96 02500793 addi             x15, x0, 37         x15=00000025
14096553ns          230495 1c008c9a 04f50763 beq              x10, x15, 78        x10:00000065 x15:00000025
14096573ns          230496 1c008c9e 009005b3 add              x11, x0, x9         x11=00000002  x9:00000002
14096593ns          230497 1c008ca0 000c80e7 jalr             x1, x25, 0           x1=1c008ca2 x25:1c008bb6
14096633ns          230499 1c008bb6 000026b7 lui              x13, 0x2000         x13=00002000
14096653ns          230500 1c008bb8 f8068693 addi             x13, x13, -128      x13=00001f80 x13:00002000
14096673ns          230501 1c008bbc f14027f3 csrrs            x15, x0, 0xf14      x15=00000002
14096692ns          230502 1c008bc0 00379713 slli             x14, x15, 0x3       x14=00000010 x15:00000002
14096712ns          230503 1c008bc4 00279793 slli             x15, x15, 0x2       x15=00000008 x15:00000002
14096732ns          230504 1c008bc6 00d7f7b3 and              x15, x15, x13       x15=00000000 x15:00000008 x13:00001f80
14096752ns          230505 1c008bc8 ee873733 p.bclr           x14, x14, 23, 8     x14=00000010 x14:00000010
14096772ns          230506 1c008bcc 1a10f6b7 lui              x13, 0x1a10f000     x13=1a10f000
14096792ns          230507 1c008bd0 00d70733 add              x14, x14, x13       x14=1a10f010 x14:00000010 x13:1a10f000
14096812ns          230508 1c008bd2 00e787b3 add              x15, x15, x14       x15=1a10f010 x15:00000000 x14:1a10f010
14096832ns          230509 1c008bd4 0ff57513 andi             x10, x10, 255       x10=00000065 x10:00000065
14096852ns          230510 1c008bd8 00a7a023 sw               x10, 0(x15)         x10:00000065 x15:1a10f010  PA:1a10f010
14097170ns          230526 1c008bda 00000513 addi             x10, x0, 0          x10=00000000
14097190ns          230527 1c008bdc 00008067 jalr             x0, x1, 0            x1:1c008ca2
14097249ns          230530 1c008ca2 4df52863 p.beqimm         x10, 1232           x10:00000000
14097269ns          230531 1c008ca6 00140413 addi             x8, x8, 1            x8=00000021  x8:00000020
14097289ns          230532 1c008ca8 001a450b p.lbu            x10, 1(x20!)        x10=00000020 x20=1c00003f x20:1c00003e  PA:1c00003e
14097627ns          230549 1c008cac fe0515e3 bne              x10, x0, -22        x10:00000020
14097707ns          230553 1c008c96 02500793 addi             x15, x0, 37         x15=00000025
14097727ns          230554 1c008c9a 04f50763 beq              x10, x15, 78        x10:00000020 x15:00000025
14097746ns          230555 1c008c9e 009005b3 add              x11, x0, x9         x11=00000002  x9:00000002
14097766ns          230556 1c008ca0 000c80e7 jalr             x1, x25, 0           x1=1c008ca2 x25:1c008bb6
14097806ns          230558 1c008bb6 000026b7 lui              x13, 0x2000         x13=00002000
14097826ns          230559 1c008bb8 f8068693 addi             x13, x13, -128      x13=00001f80 x13:00002000
14097846ns          230560 1c008bbc f14027f3 csrrs            x15, x0, 0xf14      x15=00000002
14097866ns          230561 1c008bc0 00379713 slli             x14, x15, 0x3       x14=00000010 x15:00000002
14097886ns          230562 1c008bc4 00279793 slli             x15, x15, 0x2       x15=00000008 x15:00000002
14097906ns          230563 1c008bc6 00d7f7b3 and              x15, x15, x13       x15=00000000 x15:00000008 x13:00001f80
14097925ns          230564 1c008bc8 ee873733 p.bclr           x14, x14, 23, 8     x14=00000010 x14:00000010
14097945ns          230565 1c008bcc 1a10f6b7 lui              x13, 0x1a10f000     x13=1a10f000
14097965ns          230566 1c008bd0 00d70733 add              x14, x14, x13       x14=1a10f010 x14:00000010 x13:1a10f000
14097985ns          230567 1c008bd2 00e787b3 add              x15, x15, x14       x15=1a10f010 x15:00000000 x14:1a10f010
14098005ns          230568 1c008bd4 0ff57513 andi             x10, x10, 255       x10=00000020 x10:00000020
14098025ns          230569 1c008bd8 00a7a023 sw               x10, 0(x15)         x10:00000020 x15:1a10f010  PA:1a10f010
14098343ns          230585 1c008bda 00000513 addi             x10, x0, 0          x10=00000000
14098363ns          230586 1c008bdc 00008067 jalr             x0, x1, 0            x1:1c008ca2
14098423ns          230589 1c008ca2 4df52863 p.beqimm         x10, 1232           x10:00000000
14098443ns          230590 1c008ca6 00140413 addi             x8, x8, 1            x8=00000022  x8:00000021
14098462ns          230591 1c008ca8 001a450b p.lbu            x10, 1(x20!)        x10=00000025 x20=1c000040 x20:1c00003f  PA:1c00003f
14098801ns          230608 1c008cac fe0515e3 bne              x10, x0, -22        x10:00000025
14098880ns          230612 1c008c96 02500793 addi             x15, x0, 37         x15=00000025
14098900ns          230613 1c008c9a 04f50763 beq              x10, x15, 78        x10:00000025 x15:00000025
14098960ns          230616 1c008ce8 01400c33 add              x24, x0, x20        x24=1c000040 x20:1c000040
14098980ns          230617 1c008cea 000c4a03 lbu              x20, 0(x24)         x20=00000064 x24:1c000040  PA:1c000040
14099298ns          230633 1c008cee 0b4d0513 addi             x10, x26, 180       x10=1c0000b4 x26:1c000000
14099318ns          230634 1c008cf2 00912e23 sw               x9, 28(x2)           x9:00000002  x2:10001618  PA:10001634
14099338ns          230635 1c008cf4 014005b3 add              x11, x0, x20        x11=00000064 x20:00000064
14099357ns          230636 1c008cf6 00012823 sw               x0, 16(x2)           x2:10001618  PA:10001628
14099377ns          230637 1c008cf8 00012a23 sw               x0, 20(x2)           x2:10001618  PA:1000162c
14099397ns          230638 1c008cfa 00012623 sw               x0, 12(x2)           x2:10001618  PA:10001624
14099417ns          230639 1c008cfc 001c0493 addi             x9, x24, 1           x9=1c000041 x24:1c000040
14099437ns          230640 1c008d00 e41ff0ef jal              x1, -448             x1=1c008d02
14099517ns          230644 1c008b40 00054703 lbu              x14, 0(x10)         x14=0000002d x10:1c0000b4  PA:1c0000b4
14099874ns          230662 1c008b44 0ff5f593 andi             x11, x11, 255       x11=00000064 x11:00000064
14099894ns          230663 1c008b48 00a007b3 add              x15, x0, x10        x15=1c0000b4 x10:1c0000b4
14099914ns          230664 1c008b4a 00b70863 beq              x14, x11, 16        x14:0000002d x11:00000064
14099934ns          230665 1c008b4e 00070863 beq              x14, x0, 16         x14:0000002d
14099954ns          230666 1c008b50 0017c703 lbu              x14, 1(x15)         x14=0000002b x15:1c0000b4  PA:1c0000b5
14100272ns          230682 1c008b54 00178793 addi             x15, x15, 1         x15=1c0000b5 x15:1c0000b4
14100292ns          230683 1c008b56 feb71ce3 bne              x14, x11, -8        x14:0000002b x11:00000064
14100352ns          230686 1c008b4e 00070863 beq              x14, x0, 16         x14:0000002b
14100372ns          230687 1c008b50 0017c703 lbu              x14, 1(x15)         x14=00000020 x15:1c0000b5  PA:1c0000b6
14100670ns          230702 1c008b54 00178793 addi             x15, x15, 1         x15=1c0000b6 x15:1c0000b5
14100690ns          230703 1c008b56 feb71ce3 bne              x14, x11, -8        x14:00000020 x11:00000064
14100750ns          230706 1c008b4e 00070863 beq              x14, x0, 16         x14:00000020
14100769ns          230707 1c008b50 0017c703 lbu              x14, 1(x15)         x14=00000023 x15:1c0000b6  PA:1c0000b7
14101068ns          230722 1c008b54 00178793 addi             x15, x15, 1         x15=1c0000b7 x15:1c0000b6
14101088ns          230723 1c008b56 feb71ce3 bne              x14, x11, -8        x14:00000023 x11:00000064
14101147ns          230726 1c008b4e 00070863 beq              x14, x0, 16         x14:00000023
14101167ns          230727 1c008b50 0017c703 lbu              x14, 1(x15)         x14=00000030 x15:1c0000b7  PA:1c0000b8
14101466ns          230742 1c008b54 00178793 addi             x15, x15, 1         x15=1c0000b8 x15:1c0000b7
14101485ns          230743 1c008b56 feb71ce3 bne              x14, x11, -8        x14:00000030 x11:00000064
14101545ns          230746 1c008b4e 00070863 beq              x14, x0, 16         x14:00000030
14101565ns          230747 1c008b50 0017c703 lbu              x14, 1(x15)         x14=00000000 x15:1c0000b8  PA:1c0000b9
14101883ns          230763 1c008b54 00178793 addi             x15, x15, 1         x15=1c0000b9 x15:1c0000b8
14101903ns          230764 1c008b56 feb71ce3 bne              x14, x11, -8        x14:00000000 x11:00000064
14101963ns          230767 1c008b4e 00070863 beq              x14, x0, 16         x14:00000000
14102022ns          230770 1c008b5e 00000513 addi             x10, x0, 0          x10=00000000
14102042ns          230771 1c008b60 fe058de3 beq              x11, x0, -6         x11:00000064
14102062ns          230772 1c008b62 00008067 jalr             x0, x1, 0            x1:1c008d02
14102122ns          230775 1c008d02 02000913 addi             x18, x0, 32         x18=00000020
14102142ns          230776 1c008d06 00000993 addi             x19, x0, 0          x19=00000000
14102162ns          230777 1c008d08 02b00a93 addi             x21, x0, 43         x21=0000002b
14102182ns          230778 1c008d0c 02d00b93 addi             x23, x0, 45         x23=0000002d
14102201ns          230779 1c008d10 03000b13 addi             x22, x0, 48         x22=00000030
14102221ns          230780 1c008d14 00900633 add              x12, x0, x9         x12=1c000041  x9:1c000041
14102241ns          230781 1c008d16 02050963 beq              x10, x0, 50         x10:00000000
14102380ns          230788 1c008d48 03312623 sw               x19, 44(x2)         x19:00000000  x2:10001618  PA:10001644
14102420ns          230790 1c008d4a 02a00693 addi             x13, x0, 42         x13=0000002a
14102440ns          230791 1c008d4e 014009b3 add              x19, x0, x20        x19=00000064 x20:00000064
14102480ns          230793 1c008d50 01800a33 add              x20, x0, x24        x20=1c000040 x24:1c000040
14102500ns          230794 1c008d52 00900c33 add              x24, x0, x9         x24=1c000041  x9:1c000041
14102520ns          230795 1c008d54 01c12483 lw               x9, 28(x2)           x9=00000002  x2:10001618  PA:10001634
14102539ns          230796 1c008d56 42d98063 beq              x19, x13, 1056      x19:00000064 x13:0000002a
14102559ns          230797 1c008d5a fd098693 addi             x13, x19, -48       x13=00000034 x19:00000064
14102579ns          230798 1c008d5e 00900513 addi             x10, x0, 9          x10=00000009
14102619ns          230800 1c008d60 00000a93 addi             x21, x0, 0          x21=00000000
14102659ns          230802 1c008d62 3cd57f63 bgeu             x10, x13, 990       x10:00000009 x13:00000034
14102679ns          230803 1c008d66 02e00793 addi             x15, x0, 46         x15=0000002e
14102699ns          230804 1c008d6a fff00b13 addi             x22, x0, -1         x22=ffffffff
14102718ns          230805 1c008d6c 04f981e3 beq              x19, x15, 2114      x19:00000064 x15:0000002e
14102758ns          230807 1c008d70 1c0007b7 lui              x15, 0x1c000000     x15=1c000000
14102798ns          230809 1c008d74 013005b3 add              x11, x0, x19        x11=00000064 x19:00000064
14102818ns          230810 1c008d76 0bc78513 addi             x10, x15, 188       x10=1c0000bc x15:1c000000
14102838ns          230811 1c008d7a 00c12e23 sw               x12, 28(x2)         x12:1c000041  x2:10001618  PA:10001634
14102858ns          230812 1c008d7c dc5ff0ef jal              x1, -572             x1=1c008d7e
14102937ns          230816 1c008b40 00054703 lbu              x14, 0(x10)         x14=00000068 x10:1c0000bc  PA:1c0000bc
14103236ns          230831 1c008b44 0ff5f593 andi             x11, x11, 255       x11=00000064 x11:00000064
14103255ns          230832 1c008b48 00a007b3 add              x15, x0, x10        x15=1c0000bc x10:1c0000bc
14103275ns          230833 1c008b4a 00b70863 beq              x14, x11, 16        x14:00000068 x11:00000064
14103295ns          230834 1c008b4e 00070863 beq              x14, x0, 16         x14:00000068
14103315ns          230835 1c008b50 0017c703 lbu              x14, 1(x15)         x14=0000006c x15:1c0000bc  PA:1c0000bd
14103613ns          230850 1c008b54 00178793 addi             x15, x15, 1         x15=1c0000bd x15:1c0000bc
14103633ns          230851 1c008b56 feb71ce3 bne              x14, x11, -8        x14:0000006c x11:00000064
14103693ns          230854 1c008b4e 00070863 beq              x14, x0, 16         x14:0000006c
14103713ns          230855 1c008b50 0017c703 lbu              x14, 1(x15)         x14=0000004c x15:1c0000bd  PA:1c0000be
14104011ns          230870 1c008b54 00178793 addi             x15, x15, 1         x15=1c0000be x15:1c0000bd
14104031ns          230871 1c008b56 feb71ce3 bne              x14, x11, -8        x14:0000004c x11:00000064
14104091ns          230874 1c008b4e 00070863 beq              x14, x0, 16         x14:0000004c
14104111ns          230875 1c008b50 0017c703 lbu              x14, 1(x15)         x14=0000007a x15:1c0000be  PA:1c0000bf
14104429ns          230891 1c008b54 00178793 addi             x15, x15, 1         x15=1c0000bf x15:1c0000be
14104449ns          230892 1c008b56 feb71ce3 bne              x14, x11, -8        x14:0000007a x11:00000064
14104508ns          230895 1c008b4e 00070863 beq              x14, x0, 16         x14:0000007a
14104528ns          230896 1c008b50 0017c703 lbu              x14, 1(x15)         x14=00000000 x15:1c0000bf  PA:1c0000c0
14104866ns          230913 1c008b54 00178793 addi             x15, x15, 1         x15=1c0000c0 x15:1c0000bf
14104886ns          230914 1c008b56 feb71ce3 bne              x14, x11, -8        x14:00000000 x11:00000064
14104946ns          230917 1c008b4e 00070863 beq              x14, x0, 16         x14:00000000
14105006ns          230920 1c008b5e 00000513 addi             x10, x0, 0          x10=00000000
14105025ns          230921 1c008b60 fe058de3 beq              x11, x0, -6         x11:00000064
14105045ns          230922 1c008b62 00008067 jalr             x0, x1, 0            x1:1c008d7e
14105085ns          230924 1c008d7e 01c12603 lw               x12, 28(x2)         x12=1c000041  x2:10001618  PA:10001634
14105125ns          230926 1c008d80 00c00a33 add              x20, x0, x12        x20=1c000041 x12:1c000041
14105145ns          230927 1c008d82 00050563 beq              x10, x0, 10         x10:00000000
14105483ns          230944 1c008d8c 06900793 addi             x15, x0, 105        x15=00000069
14105503ns          230945 1c008d90 1cf98be3 beq              x19, x15, 2518      x19:00000064 x15:00000069
14105523ns          230946 1c008d94 4b37ce63 blt              x15, x19, 1212      x15:00000069 x19:00000064
14105543ns          230947 1c008d98 05800793 addi             x15, x0, 88         x15=00000058
14105562ns          230948 1c008d9c 4cf98863 beq              x19, x15, 1232      x19:00000064 x15:00000058
14105582ns          230949 1c008da0 3f37cd63 blt              x15, x19, 1018      x15:00000058 x19:00000064
14105722ns          230956 1c00919a 06400793 addi             x15, x0, 100        x15=00000064
14105781ns          230959 1c00919e 5cf98463 beq              x19, x15, 1480      x19:00000064 x15:00000064
14105881ns          230964 1c009766 01812b83 lw               x23, 24(x2)         x23=10001780  x2:10001618  PA:10001630
14105920ns          230966 1c009768 004ba60b p.lw             x12, 4(x23!)        x12=00000002 x23=10001784 x23:10001780  PA:10001780
14105960ns          230968 1c00976c 48064963 blt              x12, x0, 1170       x12:00000002
14105980ns          230969 1c009770 01412783 lw               x15, 20(x2)         x15=00000000  x2:10001618  PA:1000162c
14106000ns          230970 1c009772 00c00733 add              x14, x0, x12        x14=00000002 x12:00000002
14106020ns          230971 1c009774 56078863 beq              x15, x0, 1392       x15:00000000
14106119ns          230976 1c009ce4 01012783 lw               x15, 16(x2)         x15=00000000  x2:10001618  PA:10001628
14106139ns          230977 1c009ce6 01b00533 add              x10, x0, x27        x10=1000164c x27:1000164c
14106159ns          230978 1c009ce8 a8078ee3 beq              x15, x0, -1380      x15:00000000
14106278ns          230984 1c009784 00a007b3 add              x15, x0, x10        x15=1000164c x10:1000164c
14106298ns          230985 1c009786 00a00593 addi             x11, x0, 10         x11=0000000a
14106318ns          230986 1c009788 00900313 addi             x6, x0, 9            x6=00000009
14106338ns          230987 1c00978a 02b776b3 remu             x13, x14, x11       x13=00000002 x14:00000002 x11:0000000a
14106955ns          231018 1c00978e 00e00833 add              x16, x0, x14        x16=00000002 x14:00000002
14106975ns          231019 1c009790 00f008b3 add              x17, x0, x15        x17=1000164c x15:1000164c
14106994ns          231020 1c009792 03068693 addi             x13, x13, 48        x13=00000032 x13:00000002
14107014ns          231021 1c009796 00d780ab p.sb             x13, 1(x15!)        x15=1000164d x13:00000032 x15:1000164c  PA:1000164c
14107034ns          231022 1c00979a 02b75733 divu             x14, x14, x11       x14=00000000 x14:00000002 x11:0000000a
14107651ns          231053 1c00979e ff0366e3 bltu             x6, x16, -20         x6:00000009 x16:00000002
14107671ns          231054 1c0097a2 40a78733 sub              x14, x15, x10       x14=00000001 x15:1000164d x10:1000164c
14107690ns          231055 1c0097a6 01675c63 bge              x14, x22, 24        x14:00000001 x22:ffffffff
14107810ns          231061 1c0097be 00078023 sb               x0, 0(x15)          x15:1000164d  PA:1000164d
14107850ns          231063 1c0097c2 0b157563 bgeu             x10, x17, 170       x10:1000164c x17:1000164c
14107909ns          231066 1c00986c 01412703 lw               x14, 20(x2)         x14=00000000  x2:10001618  PA:1000162c
14107929ns          231067 1c00986e 01012683 lw               x13, 16(x2)         x13=00000000  x2:10001618  PA:10001628
14107949ns          231068 1c009870 41b787b3 sub              x15, x15, x27       x15=00000001 x15:1000164d x27:1000164c
14107969ns          231069 1c009874 00d76733 or               x14, x14, x13       x14=00000000 x14:00000000 x13:00000000
14107989ns          231070 1c009876 02e12623 sw               x14, 44(x2)         x14:00000000  x2:10001618  PA:10001644
14108009ns          231071 1c009878 b0071be3 bne              x14, x0, -1258      x14:00000000
14108029ns          231072 1c00987c 01f65713 srli             x14, x12, 0x1f      x14=00000000 x12:00000002
14108048ns          231073 1c009880 02e12623 sw               x14, 44(x2)         x14:00000000  x2:10001618  PA:10001644
14108128ns          231077 1c009882 b0dff06f jal              x0, -1268          
14108168ns          231079 1c00938e ebfb2be3 p.beqimm         x22, -330           x22:ffffffff
14108267ns          231084 1c009244 0c800713 addi             x14, x0, 200        x14=000000c8
14108307ns          231086 1c009248 14f75b63 bge              x14, x15, 342       x14:000000c8 x15:00000001
14108486ns          231095 1c00939e 00178613 addi             x12, x15, 1         x12=00000002 x15:00000001
14108526ns          231097 1c0093a2 0557c863 blt              x15, x21, 80        x15:00000001 x21:00000000
14108546ns          231098 1c0093a6 01712c23 sw               x23, 24(x2)         x23:10001784  x2:10001618  PA:10001630
14108566ns          231099 1c0093a8 00f00ab3 add              x21, x0, x15        x21=00000001 x15:00000001
14108585ns          231100 1c0093aa 8e0a8fe3 beq              x21, x0, -1794      x21:00000001
14108605ns          231101 1c0093ae 01b00933 add              x18, x0, x27        x18=1000164c x27:1000164c
14108625ns          231102 1c0093b0 41b409b3 sub              x19, x8, x27        x19=efffe9d6  x8:00000022 x27:1000164c
14108645ns          231103 1c0093b4 01ba8ab3 add              x21, x21, x27       x21=1000164d x21:00000001 x27:1000164c
14108665ns          231104 1c0093b6 00a0006f jal              x0, 10             
14108705ns          231106 1c0093c0 0019450b p.lbu            x10, 1(x18!)        x10=00000032 x18=1000164d x18:1000164c  PA:1000164c
14108725ns          231107 1c0093c4 009005b3 add              x11, x0, x9         x11=00000002  x9:00000002
14108745ns          231108 1c0093c6 000c80e7 jalr             x1, x25, 0           x1=1c0093c8 x25:1c008bb6
14108784ns          231110 1c008bb6 000026b7 lui              x13, 0x2000         x13=00002000
14108804ns          231111 1c008bb8 f8068693 addi             x13, x13, -128      x13=00001f80 x13:00002000
14108824ns          231112 1c008bbc f14027f3 csrrs            x15, x0, 0xf14      x15=00000002
14108844ns          231113 1c008bc0 00379713 slli             x14, x15, 0x3       x14=00000010 x15:00000002
14108864ns          231114 1c008bc4 00279793 slli             x15, x15, 0x2       x15=00000008 x15:00000002
14108884ns          231115 1c008bc6 00d7f7b3 and              x15, x15, x13       x15=00000000 x15:00000008 x13:00001f80
14108904ns          231116 1c008bc8 ee873733 p.bclr           x14, x14, 23, 8     x14=00000010 x14:00000010
14108924ns          231117 1c008bcc 1a10f6b7 lui              x13, 0x1a10f000     x13=1a10f000
14109341ns          231138 1c008bd0 00d70733 add              x14, x14, x13       x14=1a10f010 x14:00000010 x13:1a10f000
14109361ns          231139 1c008bd2 00e787b3 add              x15, x15, x14       x15=1a10f010 x15:00000000 x14:1a10f010
14109381ns          231140 1c008bd4 0ff57513 andi             x10, x10, 255       x10=00000032 x10:00000032
14109401ns          231141 1c008bd8 00a7a023 sw               x10, 0(x15)         x10:00000032 x15:1a10f010  PA:1a10f010
14109818ns          231162 1c008bda 00000513 addi             x10, x0, 0          x10=00000000
14109838ns          231163 1c008bdc 00008067 jalr             x0, x1, 0            x1:1c0093c8
14109878ns          231165 1c0093c8 fff538e3 p.bneimm         x10, -16            x10:00000000
14109997ns          231171 1c0093b8 01298433 add              x8, x19, x18         x8=00000023 x19:efffe9d6 x18:1000164d
14110017ns          231172 1c0093bc 8f2a86e3 beq              x21, x18, -1812     x21:1000164d x18:1000164d
14110077ns          231175 1c008ca8 001a450b p.lbu            x10, 1(x20!)        x10=0000000a x20=1c000042 x20:1c000041  PA:1c000041
14110395ns          231191 1c008cac fe0515e3 bne              x10, x0, -22        x10:0000000a
14110475ns          231195 1c008c96 02500793 addi             x15, x0, 37         x15=00000025
14110495ns          231196 1c008c9a 04f50763 beq              x10, x15, 78        x10:0000000a x15:00000025
14110515ns          231197 1c008c9e 009005b3 add              x11, x0, x9         x11=00000002  x9:00000002
14110534ns          231198 1c008ca0 000c80e7 jalr             x1, x25, 0           x1=1c008ca2 x25:1c008bb6
14110574ns          231200 1c008bb6 000026b7 lui              x13, 0x2000         x13=00002000
14110594ns          231201 1c008bb8 f8068693 addi             x13, x13, -128      x13=00001f80 x13:00002000
14110614ns          231202 1c008bbc f14027f3 csrrs            x15, x0, 0xf14      x15=00000002
14110634ns          231203 1c008bc0 00379713 slli             x14, x15, 0x3       x14=00000010 x15:00000002
14110654ns          231204 1c008bc4 00279793 slli             x15, x15, 0x2       x15=00000008 x15:00000002
14110674ns          231205 1c008bc6 00d7f7b3 and              x15, x15, x13       x15=00000000 x15:00000008 x13:00001f80
14110694ns          231206 1c008bc8 ee873733 p.bclr           x14, x14, 23, 8     x14=00000010 x14:00000010
14110713ns          231207 1c008bcc 1a10f6b7 lui              x13, 0x1a10f000     x13=1a10f000
14110733ns          231208 1c008bd0 00d70733 add              x14, x14, x13       x14=1a10f010 x14:00000010 x13:1a10f000
14110753ns          231209 1c008bd2 00e787b3 add              x15, x15, x14       x15=1a10f010 x15:00000000 x14:1a10f010
14110773ns          231210 1c008bd4 0ff57513 andi             x10, x10, 255       x10=0000000a x10:0000000a
14110793ns          231211 1c008bd8 00a7a023 sw               x10, 0(x15)         x10:0000000a x15:1a10f010  PA:1a10f010
14111131ns          231228 1c008bda 00000513 addi             x10, x0, 0          x10=00000000
14111151ns          231229 1c008bdc 00008067 jalr             x0, x1, 0            x1:1c008ca2
14111211ns          231232 1c008ca2 4df52863 p.beqimm         x10, 1232           x10:00000000
14111231ns          231233 1c008ca6 00140413 addi             x8, x8, 1            x8=00000024  x8:00000023
14111250ns          231234 1c008ca8 001a450b p.lbu            x10, 1(x20!)        x10=00000000 x20=1c000043 x20:1c000042  PA:1c000042
14111569ns          231250 1c008cac fe0515e3 bne              x10, x0, -22        x10:00000000
14111589ns          231251 1c008cae 13c12083 lw               x1, 316(x2)          x1=1c008c22  x2:10001618  PA:10001754
14111608ns          231252 1c008cb2 00800533 add              x10, x0, x8         x10=00000024  x8:00000024
14111628ns          231253 1c008cb4 13812403 lw               x8, 312(x2)          x8=00000002  x2:10001618  PA:10001750
14111648ns          231254 1c008cb8 13412483 lw               x9, 308(x2)          x9=00000000  x2:10001618  PA:1000174c
14111668ns          231255 1c008cbc 13012903 lw               x18, 304(x2)        x18=00000002  x2:10001618  PA:10001748
14111966ns          231270 1c008cc0 12c12983 lw               x19, 300(x2)        x19=00000000  x2:10001618  PA:10001744
14112006ns          231272 1c008cc4 12812a03 lw               x20, 296(x2)        x20=00000000  x2:10001618  PA:10001740
14112026ns          231273 1c008cc8 12412a83 lw               x21, 292(x2)        x21=00000000  x2:10001618  PA:1000173c
14112046ns          231274 1c008ccc 12012b03 lw               x22, 288(x2)        x22=00000000  x2:10001618  PA:10001738
14112503ns          231297 1c008cd0 11c12b83 lw               x23, 284(x2)        x23=00000000  x2:10001618  PA:10001734
14112543ns          231299 1c008cd4 11812c03 lw               x24, 280(x2)        x24=00000000  x2:10001618  PA:10001730
14112563ns          231300 1c008cd8 11412c83 lw               x25, 276(x2)        x25=00000000  x2:10001618  PA:1000172c
14112583ns          231301 1c008cdc 11012d03 lw               x26, 272(x2)        x26=00000000  x2:10001618  PA:10001728
14112643ns          231304 1c008ce0 10c12d83 lw               x27, 268(x2)        x27=00000000  x2:10001618  PA:10001724
14112682ns          231306 1c008ce4 14010113 addi             x2, x2, 320          x2=10001758  x2:10001618
14112702ns          231307 1c008ce6 00008067 jalr             x0, x1, 0            x1:1c008c22
14112782ns          231311 1c008c22 01c12083 lw               x1, 28(x2)           x1=1c008200  x2:10001758  PA:10001774
14112822ns          231313 1c008c24 04010113 addi             x2, x2, 64           x2=10001798  x2:10001758
14112841ns          231314 1c008c26 00008067 jalr             x0, x1, 0            x1:1c008200
14112921ns          231318 1c008200 78d010ef jal              x1, 8076             x1=1c008204
14113498ns          231347 1c00a18c f14027f3 csrrs            x15, x0, 0xf14      x15=00000002
14113896ns          231367 1c00a190 01f00713 addi             x14, x0, 31         x14=0000001f
14113935ns          231369 1c00a192 ca5797b3 p.extractu       x15, x15, 5, 5      x15=00000000 x15:00000002
14113955ns          231370 1c00a196 00e78863 beq              x15, x14, 16        x15:00000000 x14:0000001f
14113975ns          231371 1c00a19a 002047b7 lui              x15, 0x204000       x15=00204000
14114413ns          231393 1c00a19e 20078793 addi             x15, x15, 512       x15=00204200 x15:00204000
14114452ns          231395 1c00a1a2 01c7e703 p.elw            x14, 28(x15)        x14=00010000 x15:00204200  PA:0020421c
14114671ns          231406 1c00a1a6 00008067 jalr             x0, x1, 0            x1:1c008204
14114969ns          231421 1c008204 5c090363 beq              x18, x0, 1478       x18:00000002
14114989ns          231422 1c008208 01847413 andi             x8, x8, 24           x8=00000000  x8:00000002
14115009ns          231423 1c00820a 783010ef jal              x1, 8066             x1=1c00820e
14115487ns          231447 1c00a18c f14027f3 csrrs            x15, x0, 0xf14      x15=00000002
14115506ns          231448 1c00a190 01f00713 addi             x14, x0, 31         x14=0000001f
14115526ns          231449 1c00a192 ca5797b3 p.extractu       x15, x15, 5, 5      x15=00000000 x15:00000002
14115546ns          231450 1c00a196 00e78863 beq              x15, x14, 16        x15:00000000 x14:0000001f
14115566ns          231451 1c00a19a 002047b7 lui              x15, 0x204000       x15=00204000
14115586ns          231452 1c00a19e 20078793 addi             x15, x15, 512       x15=00204200 x15:00204000
14115606ns          231453 1c00a1a2 01c7e703 p.elw            x14, 28(x15)        x14=00010000 x15:00204200  PA:0020421c
14121692ns          231759 1c00a1a6 00008067 jalr             x0, x1, 0            x1:1c00820e
14121751ns          231762 1c00820e 56041663 bne              x8, x0, 1388         x8:00000000
14121771ns          231763 1c008212 00491493 slli             x9, x18, 0x4         x9=00000020 x18:00000002
14121791ns          231764 1c008216 00748413 addi             x8, x9, 7            x8=00000027  x9:00000020
14121811ns          231765 1c00821a 00591713 slli             x14, x18, 0x5       x14=00000040 x18:00000002
14122288ns          231789 1c00821e 00141693 slli             x13, x8, 0x1        x13=0000004e  x8:00000027
14122308ns          231790 1c008222 00d12c23 sw               x13, 24(x2)         x13:0000004e  x2:10001798  PA:100017b0
14122328ns          231791 1c008224 00e12223 sw               x14, 4(x2)          x14:00000040  x2:10001798  PA:1000179c
14122348ns          231792 1c008226 00170593 addi             x11, x14, 1         x11=00000041 x14:00000040
14122368ns          231793 1c00822a 00168293 addi             x5, x13, 1           x5=0000004f x13:0000004e
14122805ns          231815 1c00822e 1c001737 lui              x14, 0x1c001000     x14=1c001000
14122845ns          231817 1c008232 00948693 addi             x13, x9, 9          x13=00000029  x9:00000020
14122865ns          231818 1c008236 8d070713 addi             x14, x14, -1840     x14=1c0008d0 x14:1c001000
14122885ns          231819 1c00823a 00148f93 addi             x31, x9, 1          x31=00000021  x9:00000020
14123322ns          231841 1c00823e 00269e13 slli             x28, x13, 0x2       x28=000000a4 x13:00000029
14123342ns          231842 1c008242 00ee0e33 add              x28, x28, x14       x28=1c000974 x28:000000a4 x14:1c0008d0
14123362ns          231843 1c008244 00248a93 addi             x21, x9, 2          x21=00000022  x9:00000020
14123382ns          231844 1c008248 00348f13 addi             x30, x9, 3          x30=00000023  x9:00000020
14123402ns          231845 1c00824c 00548993 addi             x19, x9, 5          x19=00000025  x9:00000020
14123840ns          231867 1c008250 00648793 addi             x15, x9, 6          x15=00000026  x9:00000020
14123879ns          231869 1c008254 002f9313 slli             x6, x31, 0x2         x6=00000084 x31:00000021
14123899ns          231870 1c008258 002a9813 slli             x16, x21, 0x2       x16=00000088 x21:00000022
14123919ns          231871 1c00825c 002f1b13 slli             x22, x30, 0x2       x22=0000008c x30:00000023
14124377ns          231894 1c008260 00299093 slli             x1, x19, 0x2         x1=00000094 x19:00000025
14124416ns          231896 1c008264 00279393 slli             x7, x15, 0x2         x7=00000098 x15:00000026
14124436ns          231897 1c008268 00e30333 add              x6, x6, x14          x6=1c000954  x6:00000084 x14:1c0008d0
14124456ns          231898 1c00826a 00691893 slli             x17, x18, 0x6       x17=00000080 x18:00000002
14124476ns          231899 1c00826e 01c006b3 add              x13, x0, x28        x13=1c000974 x28:1c000974
14124894ns          231920 1c008270 002a9a93 slli             x21, x21, 0x2       x21=00000088 x21:00000022
14124913ns          231921 1c008272 00299993 slli             x19, x19, 0x2       x19=00000094 x19:00000025
14124933ns          231922 1c008274 00279793 slli             x15, x15, 0x2       x15=00000098 x15:00000026
14124953ns          231923 1c008276 00eb0b33 add              x22, x22, x14       x22=1c00095c x22:0000008c x14:1c0008d0
14124973ns          231924 1c008278 00235303 lhu              x6, 2(x6)            x6=00000b00  x6:1c000954  PA:1c000956
14125431ns          231947 1c00827c 0006d683 lhu              x13, 0(x13)         x13=00000d4f x13:1c000974  PA:1c000974
14125848ns          231968 1c008280 00ea8ab3 add              x21, x21, x14       x21=1c000958 x21:00000088 x14:1c0008d0
14125868ns          231969 1c008282 00e989b3 add              x19, x19, x14       x19=1c000964 x19:00000094 x14:1c0008d0
14125888ns          231970 1c008284 00e787b3 add              x15, x15, x14       x15=1c000968 x15:00000098 x14:1c0008d0
14125908ns          231971 1c008286 00e888b3 add              x17, x17, x14       x17=1c000950 x17:00000080 x14:1c0008d0
14125928ns          231972 1c008288 002b5c83 lhu              x25, 2(x22)         x25=000003d0 x22:1c00095c  PA:1c00095e
14126345ns          231993 1c00828c 000adc03 lhu              x24, 0(x21)         x24=00000b4e x21:1c000958  PA:1c000958
14126684ns          232010 1c008290 000b5f03 lhu              x30, 0(x22)         x30=000006b2 x22:1c00095c  PA:1c00095c
14127181ns          232035 1c008294 0007da83 lhu              x21, 0(x15)         x21=00000441 x15:1c000968  PA:1c000968
14127479ns          232050 1c008298 0009db03 lhu              x22, 0(x19)         x22=000001c9 x19:1c000964  PA:1c000964
14127837ns          232068 1c00829c 0008d883 lhu              x17, 0(x17)         x17=00000b8d x17:1c000950  PA:1c000950
14128354ns          232094 1c0082a0 1c0019b7 lui              x19, 0x1c001000     x19=1c001000
14128374ns          232095 1c0082a4 000017b7 lui              x15, 0x1000         x15=00001000
14128394ns          232096 1c0082a6 fff78793 addi             x15, x15, -1        x15=00000fff x15:00001000
14128414ns          232097 1c0082a8 00448a13 addi             x20, x9, 4          x20=00000024  x9:00000020
14128434ns          232098 1c0082ac dd098993 addi             x19, x19, -560      x19=1c000dd0 x19:1c001000
14128454ns          232099 1c0082b0 00159593 slli             x11, x11, 0x1       x11=00000082 x11:00000041
14128473ns          232100 1c0082b2 00129293 slli             x5, x5, 0x1          x5=0000009e  x5:0000004f
14128493ns          232101 1c0082b4 00241b93 slli             x23, x8, 0x2        x23=0000009c  x8:00000027
14128513ns          232102 1c0082b8 00848613 addi             x12, x9, 8          x12=00000028  x9:00000020
14128533ns          232103 1c0082bc 00e585b3 add              x11, x11, x14       x11=1c000952 x11:00000082 x14:1c0008d0
14128553ns          232104 1c0082be 00e080b3 add              x1, x1, x14          x1=1c000964  x1:00000094 x14:1c0008d0
14128911ns          232122 1c0082c0 00e383b3 add              x7, x7, x14          x7=1c000968  x7:00000098 x14:1c0008d0
14128931ns          232123 1c0082c2 00e282b3 add              x5, x5, x14          x5=1c00096e  x5:0000009e x14:1c0008d0
14128951ns          232124 1c0082c4 00d12a23 sw               x13, 20(x2)         x13:00000d4f  x2:10001798  PA:100017ac
14128971ns          232125 1c0082c6 002a1513 slli             x10, x20, 0x2       x10=00000090 x20:00000024
14128991ns          232126 1c0082ca 0067f6b3 and              x13, x15, x6        x13=00000b00 x15:00000fff  x6:00000b00
14129010ns          232127 1c0082ce 002a1a13 slli             x20, x20, 0x2       x20=00000090 x20:00000024
14129428ns          232148 1c0082d0 0009a303 lw               x6, 0(x19)           x6=10004100 x19:1c000dd0  PA:1c000dd0
14129746ns          232164 1c0082d4 0005dd83 lhu              x27, 0(x11)         x27=00000cbf x11:1c000952  PA:1c000952
14130224ns          232188 1c0082d8 00ea0a33 add              x20, x20, x14       x20=1c000960 x20:00000090 x14:1c0008d0
14130243ns          232189 1c0082da 0020d583 lhu              x11, 2(x1)          x11=00000a88  x1:1c000964  PA:1c000966
14130621ns          232208 1c0082de 0117f8b3 and              x17, x15, x17       x17=00000b8d x15:00000fff x17:00000b8d
14130641ns          232209 1c0082e2 0023d083 lhu              x1, 2(x7)            x1=00000614  x7:1c000968  PA:1c00096a
14131039ns          232229 1c0082e6 00261e93 slli             x29, x12, 0x2       x29=000000a0 x12:00000028
14131059ns          232230 1c0082ea 0002d383 lhu              x7, 0(x5)            x7=00000c62  x5:1c00096e  PA:1c00096e
14131377ns          232246 1c0082ee 00261613 slli             x12, x12, 0x2       x12=000000a0 x12:00000028
14131397ns          232247 1c0082f0 017702b3 add              x5, x14, x23         x5=1c00096c x14:1c0008d0 x23:0000009c
14131417ns          232248 1c0082f4 01112423 sw               x17, 8(x2)          x17:00000b8d  x2:10001798  PA:100017a0
14131437ns          232249 1c0082f6 01712e23 sw               x23, 28(x2)         x23:0000009c  x2:10001798  PA:100017b4
14131457ns          232250 1c0082f8 00e60633 add              x12, x12, x14       x12=1c000970 x12:000000a0 x14:1c0008d0
14131477ns          232251 1c0082fa 000a5b83 lhu              x23, 0(x20)         x23=00000fd0 x20:1c000960  PA:1c000960
14131974ns          232276 1c0082fe 0002da03 lhu              x20, 0(x5)          x20=0000004b  x5:1c00096c  PA:1c00096c
14132352ns          232295 1c008302 01069293 slli             x5, x13, 0x10        x5=0b000000 x13:00000b00
14132371ns          232296 1c008306 00591693 slli             x13, x18, 0x5       x13=00000040 x18:00000002
14132391ns          232297 1c00830a 002e5d03 lhu              x26, 2(x28)         x26=000001f5 x28:1c000974  PA:1c000976
14132690ns          232312 1c00830e 002f9f93 slli             x31, x31, 0x2       x31=00000084 x31:00000021
14132710ns          232313 1c008310 00065e03 lhu              x28, 0(x12)         x28=00000649 x12:1c000970  PA:1c000970
14133207ns          232338 1c008314 00d30633 add              x12, x6, x13        x12=10004140  x6:10004100 x13:00000040
14133227ns          232339 1c008318 00812303 lw               x6, 8(x2)            x6=00000b8d  x2:10001798  PA:100017a0
14133247ns          232340 1c00831a 00ef8fb3 add              x31, x31, x14       x31=1c000954 x31:00000084 x14:1c0008d0
14133266ns          232341 1c00831c 01b7fdb3 and              x27, x15, x27       x27=00000cbf x15:00000fff x27:00000cbf
14133286ns          232342 1c008320 00512623 sw               x5, 12(x2)           x5:0b000000  x2:10001798  PA:100017a4
14133306ns          232343 1c008322 000fdf83 lhu              x31, 0(x31)         x31=000005ee x31:1c000954  PA:1c000954
14133744ns          232365 1c008326 010d9d93 slli             x27, x27, 0x10      x27=0cbf0000 x27:00000cbf
14133764ns          232366 1c008328 006dedb3 or               x27, x27, x6        x27=0cbf0b8d x27:0cbf0000  x6:00000b8d
14133784ns          232367 1c00832c 00e80833 add              x16, x16, x14       x16=1c000958 x16:00000088 x14:1c0008d0
14133803ns          232368 1c00832e 00c12303 lw               x6, 12(x2)           x6=0b000000  x2:10001798  PA:100017a4
14133823ns          232369 1c008330 00285803 lhu              x16, 2(x16)         x16=0000094a x16:1c000958  PA:1c00095a
14134142ns          232385 1c008334 0017f0b3 and              x1, x15, x1          x1=00000614 x15:00000fff  x1:00000614
14134161ns          232386 1c008338 0077f3b3 and              x7, x15, x7          x7=00000c62 x15:00000fff  x7:00000c62
14134181ns          232387 1c00833c 01c12823 sw               x28, 16(x2)         x28:00000649  x2:10001798  PA:100017a8
14134340ns          232395 1c00833e 0157fab3 and              x21, x15, x21       x21=00000441 x15:00000fff x21:00000441
14134380ns          232397 1c008342 0147fa33 and              x20, x15, x20       x20=0000004b x15:00000fff x20:0000004b
14134400ns          232398 1c008346 01f7ffb3 and              x31, x15, x31       x31=000005ee x15:00000fff x31:000005ee
14134420ns          232399 1c00834a 01009093 slli             x1, x1, 0x10         x1=06140000  x1:00000614
14134440ns          232400 1c00834c 01039393 slli             x7, x7, 0x10         x7=0c620000  x7:00000c62
14134877ns          232422 1c00834e 01f36fb3 or               x31, x6, x31        x31=0b0005ee  x6:0b000000 x31:000005ee
14134897ns          232423 1c008352 00e50533 add              x10, x10, x14       x10=1c000960 x10:00000090 x14:1c0008d0
14134917ns          232424 1c008354 0150e333 or               x6, x1, x21          x6=06140441  x1:06140000 x21:00000441
14134937ns          232425 1c008358 0143eab3 or               x21, x7, x20        x21=0c62004b  x7:0c620000 x20:0000004b
14134957ns          232426 1c00835c 01012a03 lw               x20, 16(x2)         x20=00000649  x2:10001798  PA:100017a8
14135394ns          232448 1c00835e 00255503 lhu              x10, 2(x10)         x10=00000f0f x10:1c000960  PA:1c000962
14135752ns          232466 1c008362 0107f833 and              x16, x15, x16       x16=0000094a x15:00000fff x16:0000094a
14135772ns          232467 1c008366 0187fc33 and              x24, x15, x24       x24=00000b4e x15:00000fff x24:00000b4e
14135792ns          232468 1c00836a 00ee8eb3 add              x29, x29, x14       x29=1c000970 x29:000000a0 x14:1c0008d0
14135812ns          232469 1c00836c 01081813 slli             x16, x16, 0x10      x16=094a0000 x16:0000094a
14136250ns          232491 1c00836e 01886833 or               x16, x16, x24       x16=094a0b4e x16:094a0000 x24:00000b4e
14136270ns          232492 1c008372 01512423 sw               x21, 8(x2)          x21:0c62004b  x2:10001798  PA:100017a0
14136289ns          232493 1c008374 0147fc33 and              x24, x15, x20       x24=00000649 x15:00000fff x20:00000649
14136309ns          232494 1c008378 002ede83 lhu              x29, 2(x29)         x29=00000d5d x29:1c000970  PA:1c000972
14136727ns          232515 1c00837c 01412a03 lw               x20, 20(x2)         x20=00000d4f  x2:10001798  PA:100017ac
14136767ns          232517 1c00837e 00c48893 addi             x17, x9, 12         x17=0000002c  x9:00000020
14136787ns          232518 1c008382 00f57533 and              x10, x10, x15       x10=00000f0f x10:00000f0f x15:00000fff
14136807ns          232519 1c008384 00f5f5b3 and              x11, x11, x15       x11=00000a88 x11:00000a88 x15:00000fff
14136826ns          232520 1c008386 0177fbb3 and              x23, x15, x23       x23=00000fd0 x15:00000fff x23:00000fd0
14136846ns          232521 1c00838a 0167fb33 and              x22, x15, x22       x22=000001c9 x15:00000fff x22:000001c9
14136866ns          232522 1c00838e 01112623 sw               x17, 12(x2)         x17:0000002c  x2:10001798  PA:100017a4
14137284ns          232543 1c008390 00289a93 slli             x21, x17, 0x2       x21=000000b0 x17:0000002c
14137324ns          232545 1c008394 01051513 slli             x10, x10, 0x10      x10=0f0f0000 x10:00000f0f
14137343ns          232546 1c008396 00d48893 addi             x17, x9, 13         x17=0000002d  x9:00000020
14137363ns          232547 1c00839a 01059593 slli             x11, x11, 0x10      x11=0a880000 x11:00000a88
14137383ns          232548 1c00839c 01756533 or               x10, x10, x23       x10=0f0f0fd0 x10:0f0f0000 x23:00000fd0
14137801ns          232569 1c0083a0 0165e5b3 or               x11, x11, x22       x11=0a8801c9 x11:0a880000 x22:000001c9
14137841ns          232571 1c0083a4 0147fbb3 and              x23, x15, x20       x23=00000d4f x15:00000fff x20:00000d4f
14137861ns          232572 1c0083a8 00289a13 slli             x20, x17, 0x2       x20=000000b4 x17:0000002d
14137880ns          232573 1c0083ac 00e48893 addi             x17, x9, 14         x17=0000002e  x9:00000020
14138318ns          232595 1c0083b0 00b62a23 sw               x11, 20(x12)        x11:0a8801c9 x12:10004140  PA:10004154
14138358ns          232597 1c0083b2 0197fcb3 and              x25, x15, x25       x25=000003d0 x15:00000fff x25:000003d0
14138378ns          232598 1c0083b6 00812583 lw               x11, 8(x2)          x11=0c62004b  x2:10001798  PA:100017a0
14138398ns          232599 1c0083b8 00289093 slli             x1, x17, 0x2         x1=000000b8 x17:0000002e
14138417ns          232600 1c0083bc 0009a883 lw               x17, 0(x19)         x17=10004100 x19:1c000dd0  PA:1c000dd0
14138855ns          232622 1c0083c0 00a48e13 addi             x28, x9, 10         x28=0000002a  x9:00000020
14138895ns          232624 1c0083c4 00f48293 addi             x5, x9, 15           x5=0000002f  x9:00000020
14138915ns          232625 1c0083c8 00b48393 addi             x7, x9, 11           x7=0000002b  x9:00000020
14138935ns          232626 1c0083cc 010c9c93 slli             x25, x25, 0x10      x25=03d00000 x25:000003d0
14139372ns          232648 1c0083ce 01e7ff33 and              x30, x15, x30       x30=000006b2 x15:00000fff x30:000006b2
14139412ns          232650 1c0083d2 01d7feb3 and              x29, x15, x29       x29=00000d5d x15:00000fff x29:00000d5d
14139432ns          232651 1c0083d6 01ecef33 or               x30, x25, x30       x30=03d006b2 x25:03d00000 x30:000006b2
14139452ns          232652 1c0083da 01a7fd33 and              x26, x15, x26       x26=000001f5 x15:00000fff x26:000001f5
14139889ns          232674 1c0083de 002e1c93 slli             x25, x28, 0x2       x25=000000a8 x28:0000002a
14139929ns          232676 1c0083e2 00239b13 slli             x22, x7, 0x2        x22=000000ac  x7:0000002b
14139949ns          232677 1c0083e6 10068693 addi             x13, x13, 256       x13=00000140 x13:00000040
14139969ns          232678 1c0083ea 00229393 slli             x7, x5, 0x2          x7=000000bc  x5:0000002f
14139989ns          232679 1c0083ee 010e9e93 slli             x29, x29, 0x10      x29=0d5d0000 x29:00000d5d
14140406ns          232700 1c0083f0 011686b3 add              x13, x13, x17       x13=10004240 x13:00000140 x17:10004100
14140446ns          232702 1c0083f2 01b62023 sw               x27, 0(x12)         x27:0cbf0b8d x12:10004140  PA:10004140
14140466ns          232703 1c0083f6 01f62223 sw               x31, 4(x12)         x31:0b0005ee x12:10004140  PA:10004144
14140486ns          232704 1c0083fa 01062423 sw               x16, 8(x12)         x16:094a0b4e x12:10004140  PA:10004148
14140923ns          232726 1c0083fe 01e62623 sw               x30, 12(x12)        x30:03d006b2 x12:10004140  PA:1000414c
14140943ns          232727 1c008402 00a62823 sw               x10, 16(x12)        x10:0f0f0fd0 x12:10004140  PA:10004150
14140963ns          232728 1c008404 00662c23 sw               x6, 24(x12)          x6:06140441 x12:10004140  PA:10004158
14140983ns          232729 1c008408 00b62e23 sw               x11, 28(x12)        x11:0c62004b x12:10004140  PA:1000415c
14141003ns          232730 1c00840a 00ec8cb3 add              x25, x25, x14       x25=1c000978 x25:000000a8 x14:1c0008d0
14141023ns          232731 1c00840c 00eb0b33 add              x22, x22, x14       x22=1c00097c x22:000000ac x14:1c0008d0
14141043ns          232732 1c00840e 00ea8ab3 add              x21, x21, x14       x21=1c000980 x21:000000b0 x14:1c0008d0
14141440ns          232752 1c008410 00ea0a33 add              x20, x20, x14       x20=1c000984 x20:000000b4 x14:1c0008d0
14141460ns          232753 1c008412 00e080b3 add              x1, x1, x14          x1=1c000988  x1:000000b8 x14:1c0008d0
14141480ns          232754 1c008414 018eeeb3 or               x29, x29, x24       x29=0d5d0649 x29:0d5d0000 x24:00000649
14141500ns          232755 1c008418 00e383b3 add              x7, x7, x14          x7=1c00098c  x7:000000bc x14:1c0008d0
14141520ns          232756 1c00841a 010d1d13 slli             x26, x26, 0x10      x26=01f50000 x26:000001f5
14141540ns          232757 1c00841c 002cdf83 lhu              x31, 2(x25)         x31=00000f02 x25:1c000978  PA:1c00097a
14141997ns          232780 1c008420 002a5f03 lhu              x30, 2(x20)         x30=00000143 x20:1c000984  PA:1c000986
14142375ns          232799 1c008424 002b5803 lhu              x16, 2(x22)         x16=000003c6 x22:1c00097c  PA:1c00097e
14142912ns          232826 1c008428 002ad503 lhu              x10, 2(x21)         x10=00000049 x21:1c000980  PA:1c000982
14143310ns          232846 1c00842c 0020d603 lhu              x12, 2(x1)          x12=00000253  x1:1c000988  PA:1c00098a
14143708ns          232866 1c008430 017d6bb3 or               x23, x26, x23       x23=01f50d4f x26:01f50000 x23:00000d4f
14143728ns          232867 1c008434 01d6a023 sw               x29, 0(x13)         x29:0d5d0649 x13:10004240  PA:10004240
14143747ns          232868 1c008438 001008b3 add              x17, x0, x1         x17=1c000988  x1:1c000988
14143767ns          232869 1c00843a 0023de83 lhu              x29, 2(x7)          x29=000007d7  x7:1c00098c  PA:1c00098e
14144245ns          232893 1c00843e 00700733 add              x14, x0, x7         x14=1c00098c  x7:1c00098c
14144265ns          232894 1c008440 00075283 lhu              x5, 0(x14)           x5=00000eb3 x14:1c00098c  PA:1c00098c
14144742ns          232918 1c008444 000b5083 lhu              x1, 0(x22)           x1=000008aa x22:1c00097c  PA:1c00097c
14145040ns          232933 1c008448 000ad383 lhu              x7, 0(x21)           x7=000009b8 x21:1c000980  PA:1c000980
14145418ns          232952 1c00844c 000a5e03 lhu              x28, 0(x20)         x28=00000185 x20:1c000984  PA:1c000984
14145915ns          232977 1c008450 0008d303 lhu              x6, 0(x17)           x6=0000007a x17:1c000988  PA:1c000988
14146214ns          232992 1c008454 0176a223 sw               x23, 4(x13)         x23:01f50d4f x13:10004240  PA:10004244
14146233ns          232993 1c008458 000cdb83 lhu              x23, 0(x25)         x23=00000523 x25:1c000978  PA:1c000978
14146572ns          233010 1c00845c 01f7f8b3 and              x17, x15, x31       x17=00000f02 x15:00000fff x31:00000f02
14146591ns          233011 1c008460 01e7f5b3 and              x11, x15, x30       x11=00000143 x15:00000fff x30:00000143
14146611ns          233012 1c008464 01d7f733 and              x14, x15, x29       x14=000007d7 x15:00000fff x29:000007d7
14146631ns          233013 1c008468 0107f833 and              x16, x15, x16       x16=000003c6 x15:00000fff x16:000003c6
14146651ns          233014 1c00846c 00f57533 and              x10, x10, x15       x10=00000049 x10:00000049 x15:00000fff
14146671ns          233015 1c00846e 00f67633 and              x12, x12, x15       x12=00000253 x12:00000253 x15:00000fff
14147089ns          233036 1c008470 0017f0b3 and              x1, x15, x1          x1=000008aa x15:00000fff  x1:000008aa
14147128ns          233038 1c008474 0077f3b3 and              x7, x15, x7          x7=000009b8 x15:00000fff  x7:000009b8
14147148ns          233039 1c008478 01c7fe33 and              x28, x15, x28       x28=00000185 x15:00000fff x28:00000185
14147168ns          233040 1c00847c 0067f333 and              x6, x15, x6          x6=0000007a x15:00000fff  x6:0000007a
14147606ns          233062 1c008480 0177fbb3 and              x23, x15, x23       x23=00000523 x15:00000fff x23:00000523
14147645ns          233064 1c008484 01071713 slli             x14, x14, 0x10      x14=07d70000 x14:000007d7
14147665ns          233065 1c008486 0057f7b3 and              x15, x15, x5        x15=00000eb3 x15:00000fff  x5:00000eb3
14147685ns          233066 1c00848a 01089893 slli             x17, x17, 0x10      x17=0f020000 x17:00000f02
14147705ns          233067 1c00848c 01081813 slli             x16, x16, 0x10      x16=03c60000 x16:000003c6
14147725ns          233068 1c00848e 01051513 slli             x10, x10, 0x10      x10=00490000 x10:00000049
14148143ns          233089 1c008490 01059593 slli             x11, x11, 0x10      x11=01430000 x11:00000143
14148163ns          233090 1c008492 01061613 slli             x12, x12, 0x10      x12=02530000 x12:00000253
14148182ns          233091 1c008494 00e7e7b3 or               x15, x15, x14       x15=07d70eb3 x15:00000eb3 x14:07d70000
14148202ns          233092 1c008496 0178e8b3 or               x17, x17, x23       x17=0f020523 x17:0f020000 x23:00000523
14148222ns          233093 1c00849a 00186833 or               x16, x16, x1        x16=03c608aa x16:03c60000  x1:000008aa
14148660ns          233115 1c00849e 00756533 or               x10, x10, x7        x10=004909b8 x10:00490000  x7:000009b8
14148700ns          233117 1c0084a2 01c5e5b3 or               x11, x11, x28       x11=01430185 x11:01430000 x28:00000185
14148719ns          233118 1c0084a6 00666633 or               x12, x12, x6        x12=0253007a x12:02530000  x6:0000007a
14148739ns          233119 1c0084aa 00f6ae23 sw               x15, 28(x13)        x15:07d70eb3 x13:10004240  PA:1000425c
14148759ns          233120 1c0084ac 0116a423 sw               x17, 8(x13)         x17:0f020523 x13:10004240  PA:10004248
14149177ns          233141 1c0084b0 0106a623 sw               x16, 12(x13)        x16:03c608aa x13:10004240  PA:1000424c
14149217ns          233143 1c0084b4 00a6a823 sw               x10, 16(x13)        x10:004909b8 x13:10004240  PA:10004250
14149237ns          233144 1c0084b6 00b6aa23 sw               x11, 20(x13)        x11:01430185 x13:10004240  PA:10004254
14149256ns          233145 1c0084b8 00c6ac23 sw               x12, 24(x13)        x12:0253007a x13:10004240  PA:10004258
14149276ns          233146 1c0084ba 4d3010ef jal              x1, 7378             x1=1c0084be
14149773ns          233171 1c00a18c f14027f3 csrrs            x15, x0, 0xf14      x15=00000002
14149853ns          233175 1c00a190 01f00713 addi             x14, x0, 31         x14=0000001f
14149893ns          233177 1c00a192 ca5797b3 p.extractu       x15, x15, 5, 5      x15=00000000 x15:00000002
14149913ns          233178 1c00a196 00e78863 beq              x15, x14, 16        x15:00000000 x14:0000001f
14149933ns          233179 1c00a19a 002047b7 lui              x15, 0x204000       x15=00204000
14149992ns          233182 1c00a19e 20078793 addi             x15, x15, 512       x15=00204200 x15:00204000
14150032ns          233184 1c00a1a2 01c7e703 p.elw            x14, 28(x15)        x14=00010000 x15:00204200  PA:0020421c
14150291ns          233197 1c00a1a6 00008067 jalr             x0, x1, 0            x1:1c0084be
14150350ns          233200 1c0084be 002007b7 lui              x15, 0x200000       x15=00200000
14150370ns          233201 1c0084c2 0187a703 lw               x14, 24(x15)        x14=00000000 x15:00200000  PA:00200018
14150509ns          233208 1c0084c4 00204a37 lui              x20, 0x204000       x20=00204000
14150529ns          233209 1c0084c8 020a0a13 addi             x20, x20, 32        x20=00204020 x20:00204000
14150549ns          233210 1c0084cc c0b74733 p.bset           x14, x14, 0, 11     x14=00000800 x14:00000000
14150867ns          233226 1c0084d0 00e7ac23 sw               x14, 24(x15)        x14:00000800 x15:00200000  PA:00200018
14150947ns          233230 1c0084d2 0187a703 lw               x14, 24(x15)        x14=00000800 x15:00200000  PA:00200018
14151026ns          233234 1c0084d4 012a0a33 add              x20, x20, x18       x20=00204022 x20:00204020 x18:00000002
14151046ns          233235 1c0084d6 007a1a13 slli             x20, x20, 0x7       x20=10201100 x20:00204022
14151066ns          233236 1c0084d8 c0874733 p.bset           x14, x14, 0, 8      x14=00000900 x14:00000800
14151086ns          233237 1c0084dc 00e7ac23 sw               x14, 24(x15)        x14:00000900 x15:00200000  PA:00200018
14151305ns          233248 1c0084de 0187a703 lw               x14, 24(x15)        x14=00000900 x15:00200000  PA:00200018
14151484ns          233257 1c0084e0 ce073733 p.bclr           x14, x14, 7, 0      x14=00000900 x14:00000900
14151504ns          233258 1c0084e4 00e7ac23 sw               x14, 24(x15)        x14:00000900 x15:00200000  PA:00200018
14151623ns          233264 1c0084e6 0187a703 lw               x14, 24(x15)        x14=00000900 x15:00200000  PA:00200018
14151782ns          233272 1c0084e8 c0374733 p.bset           x14, x14, 0, 3      x14=00000908 x14:00000900
14151802ns          233273 1c0084ec 00e7ac23 sw               x14, 24(x15)        x14:00000908 x15:00200000  PA:00200018
14152001ns          233283 1c0084ee 000a2a23 sw               x0, 20(x20)         x20:10201100  PA:10201114
14152100ns          233288 1c0084f2 004a2783 lw               x15, 4(x20)         x15=00000000 x20:10201100  PA:10201104
14152180ns          233292 1c0084f6 004a0613 addi             x12, x20, 4         x12=10201104 x20:10201100
14152200ns          233293 1c0084fa 0007dc63 bge              x15, x0, 24         x15:00000000
14153075ns          233337 1c008512 1c000537 lui              x10, 0x1c000000     x10=1c000000
14153095ns          233338 1c008516 04450513 addi             x10, x10, 68        x10=1c000044 x10:1c000000
14153115ns          233339 1c00851a f14025f3 csrrs            x11, x0, 0xf14      x11=00000002
14153552ns          233361 1c00851e f455b5b3 p.bclr           x11, x11, 26, 5     x11=00000002 x11:00000002
14153572ns          233362 1c008522 6d8000ef jal              x1, 1752             x1=1c008524
14153652ns          233366 1c008bfa fc010113 addi             x2, x2, -64          x2=10001758  x2:10001798
14153691ns          233368 1c008bfc 02410313 addi             x6, x2, 36           x6=1000177c  x2:10001758
14153751ns          233371 1c008c00 02c12423 sw               x12, 40(x2)         x12:10201104  x2:10001758  PA:10001780
14153771ns          233372 1c008c02 00a00633 add              x12, x0, x10        x12=1c000044 x10:1c000044
14153791ns          233373 1c008c04 1c009537 lui              x10, 0x1c009000     x10=1c009000
14153811ns          233374 1c008c08 02b12223 sw               x11, 36(x2)         x11:00000002  x2:10001758  PA:1000177c
14153831ns          233375 1c008c0a 02d12623 sw               x13, 44(x2)         x13:10004240  x2:10001758  PA:10001784
14153851ns          233376 1c008c0c 00200593 addi             x11, x0, 2          x11=00000002
14153870ns          233377 1c008c0e 006006b3 add              x13, x0, x6         x13=1000177c  x6:1000177c
14153890ns          233378 1c008c10 bb650513 addi             x10, x10, -1098     x10=1c008bb6 x10:1c009000
14153930ns          233380 1c008c14 00112e23 sw               x1, 28(x2)           x1:1c008524  x2:10001758  PA:10001774
14153950ns          233381 1c008c16 02e12823 sw               x14, 48(x2)         x14:00000908  x2:10001758  PA:10001788
14153970ns          233382 1c008c18 02f12a23 sw               x15, 52(x2)         x15:00000000  x2:10001758  PA:1000178c
14153990ns          233383 1c008c1a 03012c23 sw               x16, 56(x2)         x16:03c608aa  x2:10001758  PA:10001790
14154010ns          233384 1c008c1c 03112e23 sw               x17, 60(x2)         x17:0f020523  x2:10001758  PA:10001794
14154030ns          233385 1c008c1e 00612623 sw               x6, 12(x2)           x6:1000177c  x2:10001758  PA:10001764
14154049ns          233386 1c008c20 fbfff0ef jal              x1, -66              x1=1c008c22
14154507ns          233409 1c008bde 04a0006f jal              x0, 74             
14154547ns          233411 1c008c28 ec010113 addi             x2, x2, -320         x2=10001618  x2:10001758
14154566ns          233412 1c008c2a 13312623 sw               x19, 300(x2)        x19:1c000dd0  x2:10001618  PA:10001744
14154626ns          233415 1c008c2e 12112e23 sw               x1, 316(x2)          x1:1c008c22  x2:10001618  PA:10001754
14154666ns          233417 1c008c32 12812c23 sw               x8, 312(x2)          x8:00000027  x2:10001618  PA:10001750
14154686ns          233418 1c008c36 12912a23 sw               x9, 308(x2)          x9:00000020  x2:10001618  PA:1000174c
14154706ns          233419 1c008c3a 13212823 sw               x18, 304(x2)        x18:00000002  x2:10001618  PA:10001748
14154765ns          233422 1c008c3e 13412423 sw               x20, 296(x2)        x20:10201100  x2:10001618  PA:10001740
14154805ns          233424 1c008c42 13512223 sw               x21, 292(x2)        x21:1c000980  x2:10001618  PA:1000173c
14154825ns          233425 1c008c46 13612023 sw               x22, 288(x2)        x22:1c00097c  x2:10001618  PA:10001738
14154845ns          233426 1c008c4a 11712e23 sw               x23, 284(x2)        x23:00000523  x2:10001618  PA:10001734
14154905ns          233429 1c008c4e 11812c23 sw               x24, 280(x2)        x24:00000649  x2:10001618  PA:10001730
14154944ns          233431 1c008c52 11912a23 sw               x25, 276(x2)        x25:1c000978  x2:10001618  PA:1000172c
14154964ns          233432 1c008c56 11a12823 sw               x26, 272(x2)        x26:01f50000  x2:10001618  PA:10001728
14154984ns          233433 1c008c5a 11b12623 sw               x27, 268(x2)        x27:0cbf0b8d  x2:10001618  PA:10001724
14155004ns          233434 1c008c5e 00c009b3 add              x19, x0, x12        x19=1c000044 x12:1c000044
14155422ns          233455 1c008c60 0019c78b p.lbu            x15, 1(x19!)        x15=00000045 x19=1c000045 x19:1c000044  PA:1c000044
14155740ns          233471 1c008c64 00d12c23 sw               x13, 24(x2)         x13:1000177c  x2:10001618  PA:10001630
14155760ns          233472 1c008c66 6a0788e3 beq              x15, x0, 3760       x15:00000045
14155780ns          233473 1c008c6a 1c000737 lui              x14, 0x1c000000     x14=1c000000
14155979ns          233483 1c008c6e 0c472703 lw               x14, 196(x14)       x14=20202020 x14:1c000000  PA:1c0000c4
14156317ns          233500 1c008c72 03410d93 addi             x27, x2, 52         x27=1000164c  x2:10001618
14156337ns          233501 1c008c76 00a00cb3 add              x25, x0, x10        x25=1c008bb6 x10:1c008bb6
14156356ns          233502 1c008c78 02e12023 sw               x14, 32(x2)         x14:20202020  x2:10001618  PA:10001638
14156376ns          233503 1c008c7a 03610713 addi             x14, x2, 54         x14=1000164e  x2:10001618
14156416ns          233505 1c008c7e fff74713 xori             x14, x14, -1        x14=efffe9b1 x14:1000164e
14156436ns          233506 1c008c82 02e12223 sw               x14, 36(x2)         x14:efffe9b1  x2:10001618  PA:1000163c
14156456ns          233507 1c008c84 fffdc713 xori             x14, x27, -1        x14=efffe9b3 x27:1000164c
14156476ns          233508 1c008c88 00b004b3 add              x9, x0, x11          x9=00000002 x11:00000002
14156496ns          233509 1c008c8a 00000413 addi             x8, x0, 0            x8=00000000
14156516ns          233510 1c008c8c 1c000d37 lui              x26, 0x1c000000     x26=1c000000
14156555ns          233512 1c008c90 02e12423 sw               x14, 40(x2)         x14:efffe9b3  x2:10001618  PA:10001640
14156575ns          233513 1c008c92 01300a33 add              x20, x0, x19        x20=1c000045 x19:1c000045
14156595ns          233514 1c008c94 00f00533 add              x10, x0, x15        x10=00000045 x15:00000045
14156615ns          233515 1c008c96 02500793 addi             x15, x0, 37         x15=00000025
14156635ns          233516 1c008c9a 04f50763 beq              x10, x15, 78        x10:00000045 x15:00000025
14156655ns          233517 1c008c9e 009005b3 add              x11, x0, x9         x11=00000002  x9:00000002
14156695ns          233519 1c008ca0 000c80e7 jalr             x1, x25, 0           x1=1c008ca2 x25:1c008bb6
14156774ns          233523 1c008bb6 000026b7 lui              x13, 0x2000         x13=00002000
14156814ns          233525 1c008bb8 f8068693 addi             x13, x13, -128      x13=00001f80 x13:00002000
14156834ns          233526 1c008bbc f14027f3 csrrs            x15, x0, 0xf14      x15=00000002
14156893ns          233529 1c008bc0 00379713 slli             x14, x15, 0x3       x14=00000010 x15:00000002
14156933ns          233531 1c008bc4 00279793 slli             x15, x15, 0x2       x15=00000008 x15:00000002
14156953ns          233532 1c008bc6 00d7f7b3 and              x15, x15, x13       x15=00000000 x15:00000008 x13:00001f80
14156973ns          233533 1c008bc8 ee873733 p.bclr           x14, x14, 23, 8     x14=00000010 x14:00000010
14156993ns          233534 1c008bcc 1a10f6b7 lui              x13, 0x1a10f000     x13=1a10f000
14157033ns          233536 1c008bd0 00d70733 add              x14, x14, x13       x14=1a10f010 x14:00000010 x13:1a10f000
14157052ns          233537 1c008bd2 00e787b3 add              x15, x15, x14       x15=1a10f010 x15:00000000 x14:1a10f010
14157072ns          233538 1c008bd4 0ff57513 andi             x10, x10, 255       x10=00000045 x10:00000045
14157092ns          233539 1c008bd8 00a7a023 sw               x10, 0(x15)         x10:00000045 x15:1a10f010  PA:1a10f010
14157410ns          233555 1c008bda 00000513 addi             x10, x0, 0          x10=00000000
14157430ns          233556 1c008bdc 00008067 jalr             x0, x1, 0            x1:1c008ca2
14157609ns          233565 1c008ca2 4df52863 p.beqimm         x10, 1232           x10:00000000
14157629ns          233566 1c008ca6 00140413 addi             x8, x8, 1            x8=00000001  x8:00000000
14157649ns          233567 1c008ca8 001a450b p.lbu            x10, 1(x20!)        x10=0000006e x20=1c000046 x20:1c000045  PA:1c000045
14157967ns          233583 1c008cac fe0515e3 bne              x10, x0, -22        x10:0000006e
14158047ns          233587 1c008c96 02500793 addi             x15, x0, 37         x15=00000025
14158067ns          233588 1c008c9a 04f50763 beq              x10, x15, 78        x10:0000006e x15:00000025
14158087ns          233589 1c008c9e 009005b3 add              x11, x0, x9         x11=00000002  x9:00000002
14158107ns          233590 1c008ca0 000c80e7 jalr             x1, x25, 0           x1=1c008ca2 x25:1c008bb6
14158146ns          233592 1c008bb6 000026b7 lui              x13, 0x2000         x13=00002000
14158166ns          233593 1c008bb8 f8068693 addi             x13, x13, -128      x13=00001f80 x13:00002000
14158186ns          233594 1c008bbc f14027f3 csrrs            x15, x0, 0xf14      x15=00000002
14158206ns          233595 1c008bc0 00379713 slli             x14, x15, 0x3       x14=00000010 x15:00000002
14158226ns          233596 1c008bc4 00279793 slli             x15, x15, 0x2       x15=00000008 x15:00000002
14158246ns          233597 1c008bc6 00d7f7b3 and              x15, x15, x13       x15=00000000 x15:00000008 x13:00001f80
14158266ns          233598 1c008bc8 ee873733 p.bclr           x14, x14, 23, 8     x14=00000010 x14:00000010
14158286ns          233599 1c008bcc 1a10f6b7 lui              x13, 0x1a10f000     x13=1a10f000
14158305ns          233600 1c008bd0 00d70733 add              x14, x14, x13       x14=1a10f010 x14:00000010 x13:1a10f000
14158325ns          233601 1c008bd2 00e787b3 add              x15, x15, x14       x15=1a10f010 x15:00000000 x14:1a10f010
14158345ns          233602 1c008bd4 0ff57513 andi             x10, x10, 255       x10=0000006e x10:0000006e
14158365ns          233603 1c008bd8 00a7a023 sw               x10, 0(x15)         x10:0000006e x15:1a10f010  PA:1a10f010
14158703ns          233620 1c008bda 00000513 addi             x10, x0, 0          x10=00000000
14158723ns          233621 1c008bdc 00008067 jalr             x0, x1, 0            x1:1c008ca2
14158783ns          233624 1c008ca2 4df52863 p.beqimm         x10, 1232           x10:00000000
14158803ns          233625 1c008ca6 00140413 addi             x8, x8, 1            x8=00000002  x8:00000001
14158823ns          233626 1c008ca8 001a450b p.lbu            x10, 1(x20!)        x10=00000074 x20=1c000047 x20:1c000046  PA:1c000046
14159141ns          233642 1c008cac fe0515e3 bne              x10, x0, -22        x10:00000074
14159220ns          233646 1c008c96 02500793 addi             x15, x0, 37         x15=00000025
14159240ns          233647 1c008c9a 04f50763 beq              x10, x15, 78        x10:00000074 x15:00000025
14159260ns          233648 1c008c9e 009005b3 add              x11, x0, x9         x11=00000002  x9:00000002
14159280ns          233649 1c008ca0 000c80e7 jalr             x1, x25, 0           x1=1c008ca2 x25:1c008bb6
14159320ns          233651 1c008bb6 000026b7 lui              x13, 0x2000         x13=00002000
14159340ns          233652 1c008bb8 f8068693 addi             x13, x13, -128      x13=00001f80 x13:00002000
14159360ns          233653 1c008bbc f14027f3 csrrs            x15, x0, 0xf14      x15=00000002
14159379ns          233654 1c008bc0 00379713 slli             x14, x15, 0x3       x14=00000010 x15:00000002
14159399ns          233655 1c008bc4 00279793 slli             x15, x15, 0x2       x15=00000008 x15:00000002
14159419ns          233656 1c008bc6 00d7f7b3 and              x15, x15, x13       x15=00000000 x15:00000008 x13:00001f80
14159439ns          233657 1c008bc8 ee873733 p.bclr           x14, x14, 23, 8     x14=00000010 x14:00000010
14159459ns          233658 1c008bcc 1a10f6b7 lui              x13, 0x1a10f000     x13=1a10f000
14159479ns          233659 1c008bd0 00d70733 add              x14, x14, x13       x14=1a10f010 x14:00000010 x13:1a10f000
14159499ns          233660 1c008bd2 00e787b3 add              x15, x15, x14       x15=1a10f010 x15:00000000 x14:1a10f010
14159519ns          233661 1c008bd4 0ff57513 andi             x10, x10, 255       x10=00000074 x10:00000074
14159538ns          233662 1c008bd8 00a7a023 sw               x10, 0(x15)         x10:00000074 x15:1a10f010  PA:1a10f010
14159857ns          233678 1c008bda 00000513 addi             x10, x0, 0          x10=00000000
14159877ns          233679 1c008bdc 00008067 jalr             x0, x1, 0            x1:1c008ca2
14159936ns          233682 1c008ca2 4df52863 p.beqimm         x10, 1232           x10:00000000
14159956ns          233683 1c008ca6 00140413 addi             x8, x8, 1            x8=00000003  x8:00000002
14159976ns          233684 1c008ca8 001a450b p.lbu            x10, 1(x20!)        x10=00000065 x20=1c000048 x20:1c000047  PA:1c000047
14160314ns          233701 1c008cac fe0515e3 bne              x10, x0, -22        x10:00000065
14160394ns          233705 1c008c96 02500793 addi             x15, x0, 37         x15=00000025
14160414ns          233706 1c008c9a 04f50763 beq              x10, x15, 78        x10:00000065 x15:00000025
14160433ns          233707 1c008c9e 009005b3 add              x11, x0, x9         x11=00000002  x9:00000002
14160453ns          233708 1c008ca0 000c80e7 jalr             x1, x25, 0           x1=1c008ca2 x25:1c008bb6
14160493ns          233710 1c008bb6 000026b7 lui              x13, 0x2000         x13=00002000
14160513ns          233711 1c008bb8 f8068693 addi             x13, x13, -128      x13=00001f80 x13:00002000
14160533ns          233712 1c008bbc f14027f3 csrrs            x15, x0, 0xf14      x15=00000002
14160553ns          233713 1c008bc0 00379713 slli             x14, x15, 0x3       x14=00000010 x15:00000002
14160573ns          233714 1c008bc4 00279793 slli             x15, x15, 0x2       x15=00000008 x15:00000002
14160593ns          233715 1c008bc6 00d7f7b3 and              x15, x15, x13       x15=00000000 x15:00000008 x13:00001f80
14160612ns          233716 1c008bc8 ee873733 p.bclr           x14, x14, 23, 8     x14=00000010 x14:00000010
14160632ns          233717 1c008bcc 1a10f6b7 lui              x13, 0x1a10f000     x13=1a10f000
14160652ns          233718 1c008bd0 00d70733 add              x14, x14, x13       x14=1a10f010 x14:00000010 x13:1a10f000
14160672ns          233719 1c008bd2 00e787b3 add              x15, x15, x14       x15=1a10f010 x15:00000000 x14:1a10f010
14160692ns          233720 1c008bd4 0ff57513 andi             x10, x10, 255       x10=00000065 x10:00000065
14160712ns          233721 1c008bd8 00a7a023 sw               x10, 0(x15)         x10:00000065 x15:1a10f010  PA:1a10f010
14161030ns          233737 1c008bda 00000513 addi             x10, x0, 0          x10=00000000
14161050ns          233738 1c008bdc 00008067 jalr             x0, x1, 0            x1:1c008ca2
14161110ns          233741 1c008ca2 4df52863 p.beqimm         x10, 1232           x10:00000000
14161130ns          233742 1c008ca6 00140413 addi             x8, x8, 1            x8=00000004  x8:00000003
14161149ns          233743 1c008ca8 001a450b p.lbu            x10, 1(x20!)        x10=00000072 x20=1c000049 x20:1c000048  PA:1c000048
14161468ns          233759 1c008cac fe0515e3 bne              x10, x0, -22        x10:00000072
14161547ns          233763 1c008c96 02500793 addi             x15, x0, 37         x15=00000025
14161567ns          233764 1c008c9a 04f50763 beq              x10, x15, 78        x10:00000072 x15:00000025
14161587ns          233765 1c008c9e 009005b3 add              x11, x0, x9         x11=00000002  x9:00000002
14161607ns          233766 1c008ca0 000c80e7 jalr             x1, x25, 0           x1=1c008ca2 x25:1c008bb6
14161647ns          233768 1c008bb6 000026b7 lui              x13, 0x2000         x13=00002000
14161667ns          233769 1c008bb8 f8068693 addi             x13, x13, -128      x13=00001f80 x13:00002000
14161686ns          233770 1c008bbc f14027f3 csrrs            x15, x0, 0xf14      x15=00000002
14161706ns          233771 1c008bc0 00379713 slli             x14, x15, 0x3       x14=00000010 x15:00000002
14161726ns          233772 1c008bc4 00279793 slli             x15, x15, 0x2       x15=00000008 x15:00000002
14161746ns          233773 1c008bc6 00d7f7b3 and              x15, x15, x13       x15=00000000 x15:00000008 x13:00001f80
14161766ns          233774 1c008bc8 ee873733 p.bclr           x14, x14, 23, 8     x14=00000010 x14:00000010
14161786ns          233775 1c008bcc 1a10f6b7 lui              x13, 0x1a10f000     x13=1a10f000
14161806ns          233776 1c008bd0 00d70733 add              x14, x14, x13       x14=1a10f010 x14:00000010 x13:1a10f000
14161826ns          233777 1c008bd2 00e787b3 add              x15, x15, x14       x15=1a10f010 x15:00000000 x14:1a10f010
14161846ns          233778 1c008bd4 0ff57513 andi             x10, x10, 255       x10=00000072 x10:00000072
14161865ns          233779 1c008bd8 00a7a023 sw               x10, 0(x15)         x10:00000072 x15:1a10f010  PA:1a10f010
14162184ns          233795 1c008bda 00000513 addi             x10, x0, 0          x10=00000000
14162203ns          233796 1c008bdc 00008067 jalr             x0, x1, 0            x1:1c008ca2
14162263ns          233799 1c008ca2 4df52863 p.beqimm         x10, 1232           x10:00000000
14162283ns          233800 1c008ca6 00140413 addi             x8, x8, 1            x8=00000005  x8:00000004
14162303ns          233801 1c008ca8 001a450b p.lbu            x10, 1(x20!)        x10=00000065 x20=1c00004a x20:1c000049  PA:1c000049
14162641ns          233818 1c008cac fe0515e3 bne              x10, x0, -22        x10:00000065
14162721ns          233822 1c008c96 02500793 addi             x15, x0, 37         x15=00000025
14162740ns          233823 1c008c9a 04f50763 beq              x10, x15, 78        x10:00000065 x15:00000025
14162760ns          233824 1c008c9e 009005b3 add              x11, x0, x9         x11=00000002  x9:00000002
14162780ns          233825 1c008ca0 000c80e7 jalr             x1, x25, 0           x1=1c008ca2 x25:1c008bb6
14162820ns          233827 1c008bb6 000026b7 lui              x13, 0x2000         x13=00002000
14162840ns          233828 1c008bb8 f8068693 addi             x13, x13, -128      x13=00001f80 x13:00002000
14162860ns          233829 1c008bbc f14027f3 csrrs            x15, x0, 0xf14      x15=00000002
14162880ns          233830 1c008bc0 00379713 slli             x14, x15, 0x3       x14=00000010 x15:00000002
14162900ns          233831 1c008bc4 00279793 slli             x15, x15, 0x2       x15=00000008 x15:00000002
14162919ns          233832 1c008bc6 00d7f7b3 and              x15, x15, x13       x15=00000000 x15:00000008 x13:00001f80
14162939ns          233833 1c008bc8 ee873733 p.bclr           x14, x14, 23, 8     x14=00000010 x14:00000010
14162959ns          233834 1c008bcc 1a10f6b7 lui              x13, 0x1a10f000     x13=1a10f000
14162979ns          233835 1c008bd0 00d70733 add              x14, x14, x13       x14=1a10f010 x14:00000010 x13:1a10f000
14162999ns          233836 1c008bd2 00e787b3 add              x15, x15, x14       x15=1a10f010 x15:00000000 x14:1a10f010
14163019ns          233837 1c008bd4 0ff57513 andi             x10, x10, 255       x10=00000065 x10:00000065
14163039ns          233838 1c008bd8 00a7a023 sw               x10, 0(x15)         x10:00000065 x15:1a10f010  PA:1a10f010
14163357ns          233854 1c008bda 00000513 addi             x10, x0, 0          x10=00000000
14163377ns          233855 1c008bdc 00008067 jalr             x0, x1, 0            x1:1c008ca2
14163437ns          233858 1c008ca2 4df52863 p.beqimm         x10, 1232           x10:00000000
14163456ns          233859 1c008ca6 00140413 addi             x8, x8, 1            x8=00000006  x8:00000005
14163476ns          233860 1c008ca8 001a450b p.lbu            x10, 1(x20!)        x10=00000064 x20=1c00004b x20:1c00004a  PA:1c00004a
14163814ns          233877 1c008cac fe0515e3 bne              x10, x0, -22        x10:00000064
14163894ns          233881 1c008c96 02500793 addi             x15, x0, 37         x15=00000025
14163914ns          233882 1c008c9a 04f50763 beq              x10, x15, 78        x10:00000064 x15:00000025
14163934ns          233883 1c008c9e 009005b3 add              x11, x0, x9         x11=00000002  x9:00000002
14163954ns          233884 1c008ca0 000c80e7 jalr             x1, x25, 0           x1=1c008ca2 x25:1c008bb6
14163993ns          233886 1c008bb6 000026b7 lui              x13, 0x2000         x13=00002000
14164013ns          233887 1c008bb8 f8068693 addi             x13, x13, -128      x13=00001f80 x13:00002000
14164033ns          233888 1c008bbc f14027f3 csrrs            x15, x0, 0xf14      x15=00000002
14164053ns          233889 1c008bc0 00379713 slli             x14, x15, 0x3       x14=00000010 x15:00000002
14164073ns          233890 1c008bc4 00279793 slli             x15, x15, 0x2       x15=00000008 x15:00000002
14164093ns          233891 1c008bc6 00d7f7b3 and              x15, x15, x13       x15=00000000 x15:00000008 x13:00001f80
14164113ns          233892 1c008bc8 ee873733 p.bclr           x14, x14, 23, 8     x14=00000010 x14:00000010
14164133ns          233893 1c008bcc 1a10f6b7 lui              x13, 0x1a10f000     x13=1a10f000
14164153ns          233894 1c008bd0 00d70733 add              x14, x14, x13       x14=1a10f010 x14:00000010 x13:1a10f000
14164172ns          233895 1c008bd2 00e787b3 add              x15, x15, x14       x15=1a10f010 x15:00000000 x14:1a10f010
14164192ns          233896 1c008bd4 0ff57513 andi             x10, x10, 255       x10=00000064 x10:00000064
14164212ns          233897 1c008bd8 00a7a023 sw               x10, 0(x15)         x10:00000064 x15:1a10f010  PA:1a10f010
14164530ns          233913 1c008bda 00000513 addi             x10, x0, 0          x10=00000000
14164550ns          233914 1c008bdc 00008067 jalr             x0, x1, 0            x1:1c008ca2
14164610ns          233917 1c008ca2 4df52863 p.beqimm         x10, 1232           x10:00000000
14164630ns          233918 1c008ca6 00140413 addi             x8, x8, 1            x8=00000007  x8:00000006
14164650ns          233919 1c008ca8 001a450b p.lbu            x10, 1(x20!)        x10=00000020 x20=1c00004c x20:1c00004b  PA:1c00004b
14164968ns          233935 1c008cac fe0515e3 bne              x10, x0, -22        x10:00000020
14165047ns          233939 1c008c96 02500793 addi             x15, x0, 37         x15=00000025
14165067ns          233940 1c008c9a 04f50763 beq              x10, x15, 78        x10:00000020 x15:00000025
14165087ns          233941 1c008c9e 009005b3 add              x11, x0, x9         x11=00000002  x9:00000002
14165107ns          233942 1c008ca0 000c80e7 jalr             x1, x25, 0           x1=1c008ca2 x25:1c008bb6
14165147ns          233944 1c008bb6 000026b7 lui              x13, 0x2000         x13=00002000
14165167ns          233945 1c008bb8 f8068693 addi             x13, x13, -128      x13=00001f80 x13:00002000
14165187ns          233946 1c008bbc f14027f3 csrrs            x15, x0, 0xf14      x15=00000002
14165207ns          233947 1c008bc0 00379713 slli             x14, x15, 0x3       x14=00000010 x15:00000002
14165226ns          233948 1c008bc4 00279793 slli             x15, x15, 0x2       x15=00000008 x15:00000002
14165246ns          233949 1c008bc6 00d7f7b3 and              x15, x15, x13       x15=00000000 x15:00000008 x13:00001f80
14165266ns          233950 1c008bc8 ee873733 p.bclr           x14, x14, 23, 8     x14=00000010 x14:00000010
14165286ns          233951 1c008bcc 1a10f6b7 lui              x13, 0x1a10f000     x13=1a10f000
14165306ns          233952 1c008bd0 00d70733 add              x14, x14, x13       x14=1a10f010 x14:00000010 x13:1a10f000
14165326ns          233953 1c008bd2 00e787b3 add              x15, x15, x14       x15=1a10f010 x15:00000000 x14:1a10f010
14165346ns          233954 1c008bd4 0ff57513 andi             x10, x10, 255       x10=00000020 x10:00000020
14165366ns          233955 1c008bd8 00a7a023 sw               x10, 0(x15)         x10:00000020 x15:1a10f010  PA:1a10f010
14165684ns          233971 1c008bda 00000513 addi             x10, x0, 0          x10=00000000
14165704ns          233972 1c008bdc 00008067 jalr             x0, x1, 0            x1:1c008ca2
14165763ns          233975 1c008ca2 4df52863 p.beqimm         x10, 1232           x10:00000000
14165783ns          233976 1c008ca6 00140413 addi             x8, x8, 1            x8=00000008  x8:00000007
14165803ns          233977 1c008ca8 001a450b p.lbu            x10, 1(x20!)        x10=00000063 x20=1c00004d x20:1c00004c  PA:1c00004c
14166121ns          233993 1c008cac fe0515e3 bne              x10, x0, -22        x10:00000063
14166201ns          233997 1c008c96 02500793 addi             x15, x0, 37         x15=00000025
14166221ns          233998 1c008c9a 04f50763 beq              x10, x15, 78        x10:00000063 x15:00000025
14166241ns          233999 1c008c9e 009005b3 add              x11, x0, x9         x11=00000002  x9:00000002
14166261ns          234000 1c008ca0 000c80e7 jalr             x1, x25, 0           x1=1c008ca2 x25:1c008bb6
14166300ns          234002 1c008bb6 000026b7 lui              x13, 0x2000         x13=00002000
14166320ns          234003 1c008bb8 f8068693 addi             x13, x13, -128      x13=00001f80 x13:00002000
14166340ns          234004 1c008bbc f14027f3 csrrs            x15, x0, 0xf14      x15=00000002
14166360ns          234005 1c008bc0 00379713 slli             x14, x15, 0x3       x14=00000010 x15:00000002
14166380ns          234006 1c008bc4 00279793 slli             x15, x15, 0x2       x15=00000008 x15:00000002
14166400ns          234007 1c008bc6 00d7f7b3 and              x15, x15, x13       x15=00000000 x15:00000008 x13:00001f80
14166420ns          234008 1c008bc8 ee873733 p.bclr           x14, x14, 23, 8     x14=00000010 x14:00000010
14166440ns          234009 1c008bcc 1a10f6b7 lui              x13, 0x1a10f000     x13=1a10f000
14166460ns          234010 1c008bd0 00d70733 add              x14, x14, x13       x14=1a10f010 x14:00000010 x13:1a10f000
14166479ns          234011 1c008bd2 00e787b3 add              x15, x15, x14       x15=1a10f010 x15:00000000 x14:1a10f010
14166499ns          234012 1c008bd4 0ff57513 andi             x10, x10, 255       x10=00000063 x10:00000063
14166519ns          234013 1c008bd8 00a7a023 sw               x10, 0(x15)         x10:00000063 x15:1a10f010  PA:1a10f010
14166837ns          234029 1c008bda 00000513 addi             x10, x0, 0          x10=00000000
14166857ns          234030 1c008bdc 00008067 jalr             x0, x1, 0            x1:1c008ca2
14166917ns          234033 1c008ca2 4df52863 p.beqimm         x10, 1232           x10:00000000
14166937ns          234034 1c008ca6 00140413 addi             x8, x8, 1            x8=00000009  x8:00000008
14166957ns          234035 1c008ca8 001a450b p.lbu            x10, 1(x20!)        x10=0000006f x20=1c00004e x20:1c00004d  PA:1c00004d
14167275ns          234051 1c008cac fe0515e3 bne              x10, x0, -22        x10:0000006f
14167354ns          234055 1c008c96 02500793 addi             x15, x0, 37         x15=00000025
14167374ns          234056 1c008c9a 04f50763 beq              x10, x15, 78        x10:0000006f x15:00000025
14167394ns          234057 1c008c9e 009005b3 add              x11, x0, x9         x11=00000002  x9:00000002
14167414ns          234058 1c008ca0 000c80e7 jalr             x1, x25, 0           x1=1c008ca2 x25:1c008bb6
14167454ns          234060 1c008bb6 000026b7 lui              x13, 0x2000         x13=00002000
14167474ns          234061 1c008bb8 f8068693 addi             x13, x13, -128      x13=00001f80 x13:00002000
14167494ns          234062 1c008bbc f14027f3 csrrs            x15, x0, 0xf14      x15=00000002
14167514ns          234063 1c008bc0 00379713 slli             x14, x15, 0x3       x14=00000010 x15:00000002
14167533ns          234064 1c008bc4 00279793 slli             x15, x15, 0x2       x15=00000008 x15:00000002
14167553ns          234065 1c008bc6 00d7f7b3 and              x15, x15, x13       x15=00000000 x15:00000008 x13:00001f80
14167573ns          234066 1c008bc8 ee873733 p.bclr           x14, x14, 23, 8     x14=00000010 x14:00000010
14167593ns          234067 1c008bcc 1a10f6b7 lui              x13, 0x1a10f000     x13=1a10f000
14167613ns          234068 1c008bd0 00d70733 add              x14, x14, x13       x14=1a10f010 x14:00000010 x13:1a10f000
14167633ns          234069 1c008bd2 00e787b3 add              x15, x15, x14       x15=1a10f010 x15:00000000 x14:1a10f010
14167653ns          234070 1c008bd4 0ff57513 andi             x10, x10, 255       x10=0000006f x10:0000006f
14167673ns          234071 1c008bd8 00a7a023 sw               x10, 0(x15)         x10:0000006f x15:1a10f010  PA:1a10f010
14167991ns          234087 1c008bda 00000513 addi             x10, x0, 0          x10=00000000
14168011ns          234088 1c008bdc 00008067 jalr             x0, x1, 0            x1:1c008ca2
14168070ns          234091 1c008ca2 4df52863 p.beqimm         x10, 1232           x10:00000000
14168090ns          234092 1c008ca6 00140413 addi             x8, x8, 1            x8=0000000a  x8:00000009
14168110ns          234093 1c008ca8 001a450b p.lbu            x10, 1(x20!)        x10=00000072 x20=1c00004f x20:1c00004e  PA:1c00004e
14168428ns          234109 1c008cac fe0515e3 bne              x10, x0, -22        x10:00000072
14168508ns          234113 1c008c96 02500793 addi             x15, x0, 37         x15=00000025
14168528ns          234114 1c008c9a 04f50763 beq              x10, x15, 78        x10:00000072 x15:00000025
14168548ns          234115 1c008c9e 009005b3 add              x11, x0, x9         x11=00000002  x9:00000002
14168568ns          234116 1c008ca0 000c80e7 jalr             x1, x25, 0           x1=1c008ca2 x25:1c008bb6
14168607ns          234118 1c008bb6 000026b7 lui              x13, 0x2000         x13=00002000
14168627ns          234119 1c008bb8 f8068693 addi             x13, x13, -128      x13=00001f80 x13:00002000
14168647ns          234120 1c008bbc f14027f3 csrrs            x15, x0, 0xf14      x15=00000002
14168667ns          234121 1c008bc0 00379713 slli             x14, x15, 0x3       x14=00000010 x15:00000002
14168687ns          234122 1c008bc4 00279793 slli             x15, x15, 0x2       x15=00000008 x15:00000002
14168707ns          234123 1c008bc6 00d7f7b3 and              x15, x15, x13       x15=00000000 x15:00000008 x13:00001f80
14168727ns          234124 1c008bc8 ee873733 p.bclr           x14, x14, 23, 8     x14=00000010 x14:00000010
14168747ns          234125 1c008bcc 1a10f6b7 lui              x13, 0x1a10f000     x13=1a10f000
14168767ns          234126 1c008bd0 00d70733 add              x14, x14, x13       x14=1a10f010 x14:00000010 x13:1a10f000
14168786ns          234127 1c008bd2 00e787b3 add              x15, x15, x14       x15=1a10f010 x15:00000000 x14:1a10f010
14168806ns          234128 1c008bd4 0ff57513 andi             x10, x10, 255       x10=00000072 x10:00000072
14168826ns          234129 1c008bd8 00a7a023 sw               x10, 0(x15)         x10:00000072 x15:1a10f010  PA:1a10f010
14169164ns          234146 1c008bda 00000513 addi             x10, x0, 0          x10=00000000
14169184ns          234147 1c008bdc 00008067 jalr             x0, x1, 0            x1:1c008ca2
14169244ns          234150 1c008ca2 4df52863 p.beqimm         x10, 1232           x10:00000000
14169264ns          234151 1c008ca6 00140413 addi             x8, x8, 1            x8=0000000b  x8:0000000a
14169284ns          234152 1c008ca8 001a450b p.lbu            x10, 1(x20!)        x10=00000065 x20=1c000050 x20:1c00004f  PA:1c00004f
14169602ns          234168 1c008cac fe0515e3 bne              x10, x0, -22        x10:00000065
14169681ns          234172 1c008c96 02500793 addi             x15, x0, 37         x15=00000025
14169701ns          234173 1c008c9a 04f50763 beq              x10, x15, 78        x10:00000065 x15:00000025
14169721ns          234174 1c008c9e 009005b3 add              x11, x0, x9         x11=00000002  x9:00000002
14169741ns          234175 1c008ca0 000c80e7 jalr             x1, x25, 0           x1=1c008ca2 x25:1c008bb6
14169781ns          234177 1c008bb6 000026b7 lui              x13, 0x2000         x13=00002000
14169801ns          234178 1c008bb8 f8068693 addi             x13, x13, -128      x13=00001f80 x13:00002000
14169821ns          234179 1c008bbc f14027f3 csrrs            x15, x0, 0xf14      x15=00000002
14169840ns          234180 1c008bc0 00379713 slli             x14, x15, 0x3       x14=00000010 x15:00000002
14169860ns          234181 1c008bc4 00279793 slli             x15, x15, 0x2       x15=00000008 x15:00000002
14169880ns          234182 1c008bc6 00d7f7b3 and              x15, x15, x13       x15=00000000 x15:00000008 x13:00001f80
14169900ns          234183 1c008bc8 ee873733 p.bclr           x14, x14, 23, 8     x14=00000010 x14:00000010
14169920ns          234184 1c008bcc 1a10f6b7 lui              x13, 0x1a10f000     x13=1a10f000
14169940ns          234185 1c008bd0 00d70733 add              x14, x14, x13       x14=1a10f010 x14:00000010 x13:1a10f000
14169960ns          234186 1c008bd2 00e787b3 add              x15, x15, x14       x15=1a10f010 x15:00000000 x14:1a10f010
14169980ns          234187 1c008bd4 0ff57513 andi             x10, x10, 255       x10=00000065 x10:00000065
14170000ns          234188 1c008bd8 00a7a023 sw               x10, 0(x15)         x10:00000065 x15:1a10f010  PA:1a10f010
14170318ns          234204 1c008bda 00000513 addi             x10, x0, 0          x10=00000000
14170338ns          234205 1c008bdc 00008067 jalr             x0, x1, 0            x1:1c008ca2
14170397ns          234208 1c008ca2 4df52863 p.beqimm         x10, 1232           x10:00000000
14170417ns          234209 1c008ca6 00140413 addi             x8, x8, 1            x8=0000000c  x8:0000000b
14170437ns          234210 1c008ca8 001a450b p.lbu            x10, 1(x20!)        x10=00000020 x20=1c000051 x20:1c000050  PA:1c000050
14170775ns          234227 1c008cac fe0515e3 bne              x10, x0, -22        x10:00000020
14170855ns          234231 1c008c96 02500793 addi             x15, x0, 37         x15=00000025
14170875ns          234232 1c008c9a 04f50763 beq              x10, x15, 78        x10:00000020 x15:00000025
14170895ns          234233 1c008c9e 009005b3 add              x11, x0, x9         x11=00000002  x9:00000002
14170914ns          234234 1c008ca0 000c80e7 jalr             x1, x25, 0           x1=1c008ca2 x25:1c008bb6
14170954ns          234236 1c008bb6 000026b7 lui              x13, 0x2000         x13=00002000
14170974ns          234237 1c008bb8 f8068693 addi             x13, x13, -128      x13=00001f80 x13:00002000
14170994ns          234238 1c008bbc f14027f3 csrrs            x15, x0, 0xf14      x15=00000002
14171014ns          234239 1c008bc0 00379713 slli             x14, x15, 0x3       x14=00000010 x15:00000002
14171034ns          234240 1c008bc4 00279793 slli             x15, x15, 0x2       x15=00000008 x15:00000002
14171054ns          234241 1c008bc6 00d7f7b3 and              x15, x15, x13       x15=00000000 x15:00000008 x13:00001f80
14171074ns          234242 1c008bc8 ee873733 p.bclr           x14, x14, 23, 8     x14=00000010 x14:00000010
14171093ns          234243 1c008bcc 1a10f6b7 lui              x13, 0x1a10f000     x13=1a10f000
14171113ns          234244 1c008bd0 00d70733 add              x14, x14, x13       x14=1a10f010 x14:00000010 x13:1a10f000
14171133ns          234245 1c008bd2 00e787b3 add              x15, x15, x14       x15=1a10f010 x15:00000000 x14:1a10f010
14171153ns          234246 1c008bd4 0ff57513 andi             x10, x10, 255       x10=00000020 x10:00000020
14171173ns          234247 1c008bd8 00a7a023 sw               x10, 0(x15)         x10:00000020 x15:1a10f010  PA:1a10f010
14171491ns          234263 1c008bda 00000513 addi             x10, x0, 0          x10=00000000
14171511ns          234264 1c008bdc 00008067 jalr             x0, x1, 0            x1:1c008ca2
14171571ns          234267 1c008ca2 4df52863 p.beqimm         x10, 1232           x10:00000000
14171591ns          234268 1c008ca6 00140413 addi             x8, x8, 1            x8=0000000d  x8:0000000c
14171611ns          234269 1c008ca8 001a450b p.lbu            x10, 1(x20!)        x10=00000020 x20=1c000052 x20:1c000051  PA:1c000051
14171929ns          234285 1c008cac fe0515e3 bne              x10, x0, -22        x10:00000020
14172008ns          234289 1c008c96 02500793 addi             x15, x0, 37         x15=00000025
14172028ns          234290 1c008c9a 04f50763 beq              x10, x15, 78        x10:00000020 x15:00000025
14172048ns          234291 1c008c9e 009005b3 add              x11, x0, x9         x11=00000002  x9:00000002
14172068ns          234292 1c008ca0 000c80e7 jalr             x1, x25, 0           x1=1c008ca2 x25:1c008bb6
14172108ns          234294 1c008bb6 000026b7 lui              x13, 0x2000         x13=00002000
14172128ns          234295 1c008bb8 f8068693 addi             x13, x13, -128      x13=00001f80 x13:00002000
14172147ns          234296 1c008bbc f14027f3 csrrs            x15, x0, 0xf14      x15=00000002
14172167ns          234297 1c008bc0 00379713 slli             x14, x15, 0x3       x14=00000010 x15:00000002
14172187ns          234298 1c008bc4 00279793 slli             x15, x15, 0x2       x15=00000008 x15:00000002
14172207ns          234299 1c008bc6 00d7f7b3 and              x15, x15, x13       x15=00000000 x15:00000008 x13:00001f80
14172227ns          234300 1c008bc8 ee873733 p.bclr           x14, x14, 23, 8     x14=00000010 x14:00000010
14172247ns          234301 1c008bcc 1a10f6b7 lui              x13, 0x1a10f000     x13=1a10f000
14172267ns          234302 1c008bd0 00d70733 add              x14, x14, x13       x14=1a10f010 x14:00000010 x13:1a10f000
14172287ns          234303 1c008bd2 00e787b3 add              x15, x15, x14       x15=1a10f010 x15:00000000 x14:1a10f010
14172307ns          234304 1c008bd4 0ff57513 andi             x10, x10, 255       x10=00000020 x10:00000020
14172326ns          234305 1c008bd8 00a7a023 sw               x10, 0(x15)         x10:00000020 x15:1a10f010  PA:1a10f010
14172645ns          234321 1c008bda 00000513 addi             x10, x0, 0          x10=00000000
14172665ns          234322 1c008bdc 00008067 jalr             x0, x1, 0            x1:1c008ca2
14172724ns          234325 1c008ca2 4df52863 p.beqimm         x10, 1232           x10:00000000
14172744ns          234326 1c008ca6 00140413 addi             x8, x8, 1            x8=0000000e  x8:0000000d
14172764ns          234327 1c008ca8 001a450b p.lbu            x10, 1(x20!)        x10=00000025 x20=1c000053 x20:1c000052  PA:1c000052
14173122ns          234345 1c008cac fe0515e3 bne              x10, x0, -22        x10:00000025
14173202ns          234349 1c008c96 02500793 addi             x15, x0, 37         x15=00000025
14173221ns          234350 1c008c9a 04f50763 beq              x10, x15, 78        x10:00000025 x15:00000025
14173321ns          234355 1c008ce8 01400c33 add              x24, x0, x20        x24=1c000053 x20:1c000053
14173361ns          234357 1c008cea 000c4a03 lbu              x20, 0(x24)         x20=00000064 x24:1c000053  PA:1c000053
14173679ns          234373 1c008cee 0b4d0513 addi             x10, x26, 180       x10=1c0000b4 x26:1c000000
14173699ns          234374 1c008cf2 00912e23 sw               x9, 28(x2)           x9:00000002  x2:10001618  PA:10001634
14173719ns          234375 1c008cf4 014005b3 add              x11, x0, x20        x11=00000064 x20:00000064
14173739ns          234376 1c008cf6 00012823 sw               x0, 16(x2)           x2:10001618  PA:10001628
14173758ns          234377 1c008cf8 00012a23 sw               x0, 20(x2)           x2:10001618  PA:1000162c
14173778ns          234378 1c008cfa 00012623 sw               x0, 12(x2)           x2:10001618  PA:10001624
14173798ns          234379 1c008cfc 001c0493 addi             x9, x24, 1           x9=1c000054 x24:1c000053
14173818ns          234380 1c008d00 e41ff0ef jal              x1, -448             x1=1c008d02
14173898ns          234384 1c008b40 00054703 lbu              x14, 0(x10)         x14=0000002d x10:1c0000b4  PA:1c0000b4
14174216ns          234400 1c008b44 0ff5f593 andi             x11, x11, 255       x11=00000064 x11:00000064
14174236ns          234401 1c008b48 00a007b3 add              x15, x0, x10        x15=1c0000b4 x10:1c0000b4
14174256ns          234402 1c008b4a 00b70863 beq              x14, x11, 16        x14:0000002d x11:00000064
14174276ns          234403 1c008b4e 00070863 beq              x14, x0, 16         x14:0000002d
14174295ns          234404 1c008b50 0017c703 lbu              x14, 1(x15)         x14=0000002b x15:1c0000b4  PA:1c0000b5
14174594ns          234419 1c008b54 00178793 addi             x15, x15, 1         x15=1c0000b5 x15:1c0000b4
14174614ns          234420 1c008b56 feb71ce3 bne              x14, x11, -8        x14:0000002b x11:00000064
14174673ns          234423 1c008b4e 00070863 beq              x14, x0, 16         x14:0000002b
14174693ns          234424 1c008b50 0017c703 lbu              x14, 1(x15)         x14=00000020 x15:1c0000b5  PA:1c0000b6
14174991ns          234439 1c008b54 00178793 addi             x15, x15, 1         x15=1c0000b6 x15:1c0000b5
14175011ns          234440 1c008b56 feb71ce3 bne              x14, x11, -8        x14:00000020 x11:00000064
14175071ns          234443 1c008b4e 00070863 beq              x14, x0, 16         x14:00000020
14175091ns          234444 1c008b50 0017c703 lbu              x14, 1(x15)         x14=00000023 x15:1c0000b6  PA:1c0000b7
14175389ns          234459 1c008b54 00178793 addi             x15, x15, 1         x15=1c0000b7 x15:1c0000b6
14175409ns          234460 1c008b56 feb71ce3 bne              x14, x11, -8        x14:00000023 x11:00000064
14175469ns          234463 1c008b4e 00070863 beq              x14, x0, 16         x14:00000023
14175489ns          234464 1c008b50 0017c703 lbu              x14, 1(x15)         x14=00000030 x15:1c0000b7  PA:1c0000b8
14175807ns          234480 1c008b54 00178793 addi             x15, x15, 1         x15=1c0000b8 x15:1c0000b7
14175827ns          234481 1c008b56 feb71ce3 bne              x14, x11, -8        x14:00000030 x11:00000064
14175886ns          234484 1c008b4e 00070863 beq              x14, x0, 16         x14:00000030
14175906ns          234485 1c008b50 0017c703 lbu              x14, 1(x15)         x14=00000000 x15:1c0000b8  PA:1c0000b9
14176205ns          234500 1c008b54 00178793 addi             x15, x15, 1         x15=1c0000b9 x15:1c0000b8
14176225ns          234501 1c008b56 feb71ce3 bne              x14, x11, -8        x14:00000000 x11:00000064
14176284ns          234504 1c008b4e 00070863 beq              x14, x0, 16         x14:00000000
14176344ns          234507 1c008b5e 00000513 addi             x10, x0, 0          x10=00000000
14176364ns          234508 1c008b60 fe058de3 beq              x11, x0, -6         x11:00000064
14176384ns          234509 1c008b62 00008067 jalr             x0, x1, 0            x1:1c008d02
14176443ns          234512 1c008d02 02000913 addi             x18, x0, 32         x18=00000020
14176463ns          234513 1c008d06 00000993 addi             x19, x0, 0          x19=00000000
14176483ns          234514 1c008d08 02b00a93 addi             x21, x0, 43         x21=0000002b
14176503ns          234515 1c008d0c 02d00b93 addi             x23, x0, 45         x23=0000002d
14176921ns          234536 1c008d10 03000b13 addi             x22, x0, 48         x22=00000030
14176960ns          234538 1c008d14 00900633 add              x12, x0, x9         x12=1c000054  x9:1c000054
14176980ns          234539 1c008d16 02050963 beq              x10, x0, 50         x10:00000000
14177139ns          234547 1c008d48 03312623 sw               x19, 44(x2)         x19:00000000  x2:10001618  PA:10001644
14177179ns          234549 1c008d4a 02a00693 addi             x13, x0, 42         x13=0000002a
14177199ns          234550 1c008d4e 014009b3 add              x19, x0, x20        x19=00000064 x20:00000064
14177239ns          234552 1c008d50 01800a33 add              x20, x0, x24        x20=1c000053 x24:1c000053
14177259ns          234553 1c008d52 00900c33 add              x24, x0, x9         x24=1c000054  x9:1c000054
14177279ns          234554 1c008d54 01c12483 lw               x9, 28(x2)           x9=00000002  x2:10001618  PA:10001634
14177298ns          234555 1c008d56 42d98063 beq              x19, x13, 1056      x19:00000064 x13:0000002a
14177318ns          234556 1c008d5a fd098693 addi             x13, x19, -48       x13=00000034 x19:00000064
14177338ns          234557 1c008d5e 00900513 addi             x10, x0, 9          x10=00000009
14177378ns          234559 1c008d60 00000a93 addi             x21, x0, 0          x21=00000000
14177418ns          234561 1c008d62 3cd57f63 bgeu             x10, x13, 990       x10:00000009 x13:00000034
14177438ns          234562 1c008d66 02e00793 addi             x15, x0, 46         x15=0000002e
14177458ns          234563 1c008d6a fff00b13 addi             x22, x0, -1         x22=ffffffff
14177477ns          234564 1c008d6c 04f981e3 beq              x19, x15, 2114      x19:00000064 x15:0000002e
14177517ns          234566 1c008d70 1c0007b7 lui              x15, 0x1c000000     x15=1c000000
14177557ns          234568 1c008d74 013005b3 add              x11, x0, x19        x11=00000064 x19:00000064
14177577ns          234569 1c008d76 0bc78513 addi             x10, x15, 188       x10=1c0000bc x15:1c000000
14177597ns          234570 1c008d7a 00c12e23 sw               x12, 28(x2)         x12:1c000054  x2:10001618  PA:10001634
14177617ns          234571 1c008d7c dc5ff0ef jal              x1, -572             x1=1c008d7e
14177736ns          234577 1c008b40 00054703 lbu              x14, 0(x10)         x14=00000068 x10:1c0000bc  PA:1c0000bc
14178054ns          234593 1c008b44 0ff5f593 andi             x11, x11, 255       x11=00000064 x11:00000064
14178074ns          234594 1c008b48 00a007b3 add              x15, x0, x10        x15=1c0000bc x10:1c0000bc
14178094ns          234595 1c008b4a 00b70863 beq              x14, x11, 16        x14:00000068 x11:00000064
14178114ns          234596 1c008b4e 00070863 beq              x14, x0, 16         x14:00000068
14178134ns          234597 1c008b50 0017c703 lbu              x14, 1(x15)         x14=0000006c x15:1c0000bc  PA:1c0000bd
14178452ns          234613 1c008b54 00178793 addi             x15, x15, 1         x15=1c0000bd x15:1c0000bc
14178472ns          234614 1c008b56 feb71ce3 bne              x14, x11, -8        x14:0000006c x11:00000064
14178532ns          234617 1c008b4e 00070863 beq              x14, x0, 16         x14:0000006c
14178551ns          234618 1c008b50 0017c703 lbu              x14, 1(x15)         x14=0000004c x15:1c0000bd  PA:1c0000be
14178850ns          234633 1c008b54 00178793 addi             x15, x15, 1         x15=1c0000be x15:1c0000bd
14178870ns          234634 1c008b56 feb71ce3 bne              x14, x11, -8        x14:0000004c x11:00000064
14178929ns          234637 1c008b4e 00070863 beq              x14, x0, 16         x14:0000004c
14178949ns          234638 1c008b50 0017c703 lbu              x14, 1(x15)         x14=0000007a x15:1c0000be  PA:1c0000bf
14179248ns          234653 1c008b54 00178793 addi             x15, x15, 1         x15=1c0000bf x15:1c0000be
14179267ns          234654 1c008b56 feb71ce3 bne              x14, x11, -8        x14:0000007a x11:00000064
14179327ns          234657 1c008b4e 00070863 beq              x14, x0, 16         x14:0000007a
14179347ns          234658 1c008b50 0017c703 lbu              x14, 1(x15)         x14=00000000 x15:1c0000bf  PA:1c0000c0
14179645ns          234673 1c008b54 00178793 addi             x15, x15, 1         x15=1c0000c0 x15:1c0000bf
14179665ns          234674 1c008b56 feb71ce3 bne              x14, x11, -8        x14:00000000 x11:00000064
14179725ns          234677 1c008b4e 00070863 beq              x14, x0, 16         x14:00000000
14179784ns          234680 1c008b5e 00000513 addi             x10, x0, 0          x10=00000000
14179804ns          234681 1c008b60 fe058de3 beq              x11, x0, -6         x11:00000064
14179824ns          234682 1c008b62 00008067 jalr             x0, x1, 0            x1:1c008d7e
14179864ns          234684 1c008d7e 01c12603 lw               x12, 28(x2)         x12=1c000054  x2:10001618  PA:10001634
14179904ns          234686 1c008d80 00c00a33 add              x20, x0, x12        x20=1c000054 x12:1c000054
14179924ns          234687 1c008d82 00050563 beq              x10, x0, 10         x10:00000000
14180043ns          234693 1c008d8c 06900793 addi             x15, x0, 105        x15=00000069
14180063ns          234694 1c008d90 1cf98be3 beq              x19, x15, 2518      x19:00000064 x15:00000069
14180083ns          234695 1c008d94 4b37ce63 blt              x15, x19, 1212      x15:00000069 x19:00000064
14180103ns          234696 1c008d98 05800793 addi             x15, x0, 88         x15=00000058
14180123ns          234697 1c008d9c 4cf98863 beq              x19, x15, 1232      x19:00000064 x15:00000058
14180560ns          234719 1c008da0 3f37cd63 blt              x15, x19, 1018      x15:00000058 x19:00000064
14180699ns          234726 1c00919a 06400793 addi             x15, x0, 100        x15=00000064
14180759ns          234729 1c00919e 5cf98463 beq              x19, x15, 1480      x19:00000064 x15:00000064
14180858ns          234734 1c009766 01812b83 lw               x23, 24(x2)         x23=1000177c  x2:10001618  PA:10001630
14180898ns          234736 1c009768 004ba60b p.lw             x12, 4(x23!)        x12=00000002 x23=10001780 x23:1000177c  PA:1000177c
14180938ns          234738 1c00976c 48064963 blt              x12, x0, 1170       x12:00000002
14180978ns          234740 1c009770 01412783 lw               x15, 20(x2)         x15=00000000  x2:10001618  PA:1000162c
14180998ns          234741 1c009772 00c00733 add              x14, x0, x12        x14=00000002 x12:00000002
14181018ns          234742 1c009774 56078863 beq              x15, x0, 1392       x15:00000000
14181117ns          234747 1c009ce4 01012783 lw               x15, 16(x2)         x15=00000000  x2:10001618  PA:10001628
14181137ns          234748 1c009ce6 01b00533 add              x10, x0, x27        x10=1000164c x27:1000164c
14181157ns          234749 1c009ce8 a8078ee3 beq              x15, x0, -1380      x15:00000000
14181694ns          234776 1c009784 00a007b3 add              x15, x0, x10        x15=1000164c x10:1000164c
14181714ns          234777 1c009786 00a00593 addi             x11, x0, 10         x11=0000000a
14181734ns          234778 1c009788 00900313 addi             x6, x0, 9            x6=00000009
14181753ns          234779 1c00978a 02b776b3 remu             x13, x14, x11       x13=00000002 x14:00000002 x11:0000000a
14182370ns          234810 1c00978e 00e00833 add              x16, x0, x14        x16=00000002 x14:00000002
14182390ns          234811 1c009790 00f008b3 add              x17, x0, x15        x17=1000164c x15:1000164c
14182410ns          234812 1c009792 03068693 addi             x13, x13, 48        x13=00000032 x13:00000002
14182430ns          234813 1c009796 00d780ab p.sb             x13, 1(x15!)        x15=1000164d x13:00000032 x15:1000164c  PA:1000164c
14182449ns          234814 1c00979a 02b75733 divu             x14, x14, x11       x14=00000000 x14:00000002 x11:0000000a
14183086ns          234846 1c00979e ff0366e3 bltu             x6, x16, -20         x6:00000009 x16:00000002
14183106ns          234847 1c0097a2 40a78733 sub              x14, x15, x10       x14=00000001 x15:1000164d x10:1000164c
14183126ns          234848 1c0097a6 01675c63 bge              x14, x22, 24        x14:00000001 x22:ffffffff
14184060ns          234895 1c0097be 00078023 sb               x0, 0(x15)          x15:1000164d  PA:1000164d
14184100ns          234897 1c0097c2 0b157563 bgeu             x10, x17, 170       x10:1000164c x17:1000164c
14184200ns          234902 1c00986c 01412703 lw               x14, 20(x2)         x14=00000000  x2:10001618  PA:1000162c
14184220ns          234903 1c00986e 01012683 lw               x13, 16(x2)         x13=00000000  x2:10001618  PA:10001628
14184657ns          234925 1c009870 41b787b3 sub              x15, x15, x27       x15=00000001 x15:1000164d x27:1000164c
14184697ns          234927 1c009874 00d76733 or               x14, x14, x13       x14=00000000 x14:00000000 x13:00000000
14184717ns          234928 1c009876 02e12623 sw               x14, 44(x2)         x14:00000000  x2:10001618  PA:10001644
14184737ns          234929 1c009878 b0071be3 bne              x14, x0, -1258      x14:00000000
14184756ns          234930 1c00987c 01f65713 srli             x14, x12, 0x1f      x14=00000000 x12:00000002
14184796ns          234932 1c009880 02e12623 sw               x14, 44(x2)         x14:00000000  x2:10001618  PA:10001644
14184816ns          234933 1c009882 b0dff06f jal              x0, -1268          
14185353ns          234960 1c00938e ebfb2be3 p.beqimm         x22, -330           x22:ffffffff
14185830ns          234984 1c009244 0c800713 addi             x14, x0, 200        x14=000000c8
14185870ns          234986 1c009248 14f75b63 bge              x14, x15, 342       x14:000000c8 x15:00000001
14186049ns          234995 1c00939e 00178613 addi             x12, x15, 1         x12=00000002 x15:00000001
14186089ns          234997 1c0093a2 0557c863 blt              x15, x21, 80        x15:00000001 x21:00000000
14186109ns          234998 1c0093a6 01712c23 sw               x23, 24(x2)         x23:10001780  x2:10001618  PA:10001630
14186129ns          234999 1c0093a8 00f00ab3 add              x21, x0, x15        x21=00000001 x15:00000001
14186149ns          235000 1c0093aa 8e0a8fe3 beq              x21, x0, -1794      x21:00000001
14186169ns          235001 1c0093ae 01b00933 add              x18, x0, x27        x18=1000164c x27:1000164c
14186188ns          235002 1c0093b0 41b409b3 sub              x19, x8, x27        x19=efffe9c2  x8:0000000e x27:1000164c
14186228ns          235004 1c0093b4 01ba8ab3 add              x21, x21, x27       x21=1000164d x21:00000001 x27:1000164c
14186248ns          235005 1c0093b6 00a0006f jal              x0, 10             
14186328ns          235009 1c0093c0 0019450b p.lbu            x10, 1(x18!)        x10=00000032 x18=1000164d x18:1000164c  PA:1000164c
14186367ns          235011 1c0093c4 009005b3 add              x11, x0, x9         x11=00000002  x9:00000002
14186387ns          235012 1c0093c6 000c80e7 jalr             x1, x25, 0           x1=1c0093c8 x25:1c008bb6
14186427ns          235014 1c008bb6 000026b7 lui              x13, 0x2000         x13=00002000
14186447ns          235015 1c008bb8 f8068693 addi             x13, x13, -128      x13=00001f80 x13:00002000
14186467ns          235016 1c008bbc f14027f3 csrrs            x15, x0, 0xf14      x15=00000002
14186904ns          235038 1c008bc0 00379713 slli             x14, x15, 0x3       x14=00000010 x15:00000002
14186944ns          235040 1c008bc4 00279793 slli             x15, x15, 0x2       x15=00000008 x15:00000002
14186964ns          235041 1c008bc6 00d7f7b3 and              x15, x15, x13       x15=00000000 x15:00000008 x13:00001f80
14186984ns          235042 1c008bc8 ee873733 p.bclr           x14, x14, 23, 8     x14=00000010 x14:00000010
14187004ns          235043 1c008bcc 1a10f6b7 lui              x13, 0x1a10f000     x13=1a10f000
14187044ns          235045 1c008bd0 00d70733 add              x14, x14, x13       x14=1a10f010 x14:00000010 x13:1a10f000
14187063ns          235046 1c008bd2 00e787b3 add              x15, x15, x14       x15=1a10f010 x15:00000000 x14:1a10f010
14187083ns          235047 1c008bd4 0ff57513 andi             x10, x10, 255       x10=00000032 x10:00000032
14187103ns          235048 1c008bd8 00a7a023 sw               x10, 0(x15)         x10:00000032 x15:1a10f010  PA:1a10f010
14187421ns          235064 1c008bda 00000513 addi             x10, x0, 0          x10=00000000
14187441ns          235065 1c008bdc 00008067 jalr             x0, x1, 0            x1:1c0093c8
14187481ns          235067 1c0093c8 fff538e3 p.bneimm         x10, -16            x10:00000000
14187978ns          235092 1c0093b8 01298433 add              x8, x19, x18         x8=0000000f x19:efffe9c2 x18:1000164d
14187998ns          235093 1c0093bc 8f2a86e3 beq              x21, x18, -1812     x21:1000164d x18:1000164d
14188098ns          235098 1c008ca8 001a450b p.lbu            x10, 1(x20!)        x10=0000000a x20=1c000055 x20:1c000054  PA:1c000054
14188416ns          235114 1c008cac fe0515e3 bne              x10, x0, -22        x10:0000000a
14188495ns          235118 1c008c96 02500793 addi             x15, x0, 37         x15=00000025
14188515ns          235119 1c008c9a 04f50763 beq              x10, x15, 78        x10:0000000a x15:00000025
14188535ns          235120 1c008c9e 009005b3 add              x11, x0, x9         x11=00000002  x9:00000002
14188555ns          235121 1c008ca0 000c80e7 jalr             x1, x25, 0           x1=1c008ca2 x25:1c008bb6
14188635ns          235125 1c008bb6 000026b7 lui              x13, 0x2000         x13=00002000
14188674ns          235127 1c008bb8 f8068693 addi             x13, x13, -128      x13=00001f80 x13:00002000
14188694ns          235128 1c008bbc f14027f3 csrrs            x15, x0, 0xf14      x15=00000002
14188714ns          235129 1c008bc0 00379713 slli             x14, x15, 0x3       x14=00000010 x15:00000002
14188734ns          235130 1c008bc4 00279793 slli             x15, x15, 0x2       x15=00000008 x15:00000002
14188754ns          235131 1c008bc6 00d7f7b3 and              x15, x15, x13       x15=00000000 x15:00000008 x13:00001f80
14188774ns          235132 1c008bc8 ee873733 p.bclr           x14, x14, 23, 8     x14=00000010 x14:00000010
14188794ns          235133 1c008bcc 1a10f6b7 lui              x13, 0x1a10f000     x13=1a10f000
14188814ns          235134 1c008bd0 00d70733 add              x14, x14, x13       x14=1a10f010 x14:00000010 x13:1a10f000
14188834ns          235135 1c008bd2 00e787b3 add              x15, x15, x14       x15=1a10f010 x15:00000000 x14:1a10f010
14188853ns          235136 1c008bd4 0ff57513 andi             x10, x10, 255       x10=0000000a x10:0000000a
14188873ns          235137 1c008bd8 00a7a023 sw               x10, 0(x15)         x10:0000000a x15:1a10f010  PA:1a10f010
14189192ns          235153 1c008bda 00000513 addi             x10, x0, 0          x10=00000000
14189211ns          235154 1c008bdc 00008067 jalr             x0, x1, 0            x1:1c008ca2
14189271ns          235157 1c008ca2 4df52863 p.beqimm         x10, 1232           x10:00000000
14189291ns          235158 1c008ca6 00140413 addi             x8, x8, 1            x8=00000010  x8:0000000f
14189311ns          235159 1c008ca8 001a450b p.lbu            x10, 1(x20!)        x10=00000000 x20=1c000056 x20:1c000055  PA:1c000055
14189629ns          235175 1c008cac fe0515e3 bne              x10, x0, -22        x10:00000000
14189649ns          235176 1c008cae 13c12083 lw               x1, 316(x2)          x1=1c008c22  x2:10001618  PA:10001754
14189669ns          235177 1c008cb2 00800533 add              x10, x0, x8         x10=00000010  x8:00000010
14189689ns          235178 1c008cb4 13812403 lw               x8, 312(x2)          x8=00000027  x2:10001618  PA:10001750
14189709ns          235179 1c008cb8 13412483 lw               x9, 308(x2)          x9=00000020  x2:10001618  PA:1000174c
14189728ns          235180 1c008cbc 13012903 lw               x18, 304(x2)        x18=00000002  x2:10001618  PA:10001748
14190166ns          235202 1c008cc0 12c12983 lw               x19, 300(x2)        x19=1c000dd0  x2:10001618  PA:10001744
14190206ns          235204 1c008cc4 12812a03 lw               x20, 296(x2)        x20=10201100  x2:10001618  PA:10001740
14190226ns          235205 1c008cc8 12412a83 lw               x21, 292(x2)        x21=1c000980  x2:10001618  PA:1000173c
14190246ns          235206 1c008ccc 12012b03 lw               x22, 288(x2)        x22=1c00097c  x2:10001618  PA:10001738
14190305ns          235209 1c008cd0 11c12b83 lw               x23, 284(x2)        x23=00000523  x2:10001618  PA:10001734
14190345ns          235211 1c008cd4 11812c03 lw               x24, 280(x2)        x24=00000649  x2:10001618  PA:10001730
14190365ns          235212 1c008cd8 11412c83 lw               x25, 276(x2)        x25=1c000978  x2:10001618  PA:1000172c
14190385ns          235213 1c008cdc 11012d03 lw               x26, 272(x2)        x26=01f50000  x2:10001618  PA:10001728
14190444ns          235216 1c008ce0 10c12d83 lw               x27, 268(x2)        x27=0cbf0b8d  x2:10001618  PA:10001724
14190484ns          235218 1c008ce4 14010113 addi             x2, x2, 320          x2=10001758  x2:10001618
14190504ns          235219 1c008ce6 00008067 jalr             x0, x1, 0            x1:1c008c22
14190584ns          235223 1c008c22 01c12083 lw               x1, 28(x2)           x1=1c008524  x2:10001758  PA:10001774
14190623ns          235225 1c008c24 04010113 addi             x2, x2, 64           x2=10001798  x2:10001758
14190643ns          235226 1c008c26 00008067 jalr             x0, x1, 0            x1:1c008524
14190822ns          235235 1c008524 0009a703 lw               x14, 0(x19)         x14=10004100 x19:1c000dd0  PA:1c000dd0
14191141ns          235251 1c008528 00412683 lw               x13, 4(x2)          x13=00000040  x2:10001798  PA:1000179c
14191160ns          235252 1c00852a 040a0793 addi             x15, x20, 64        x15=10201140 x20:10201100
14191180ns          235253 1c00852e 00d70733 add              x14, x14, x13       x14=10004140 x14:10004100 x13:00000040
14191320ns          235260 1c008530 00e7a023 sw               x14, 0(x15)         x14:10004140 x15:10201140  PA:10201140
14191419ns          235265 1c008534 00200713 addi             x14, x0, 2          x14=00000002
14191439ns          235266 1c008536 00e7a223 sw               x14, 4(x15)         x14:00000002 x15:10201140  PA:10201144
14191538ns          235271 1c00853a 00e7a423 sw               x14, 8(x15)         x14:00000002 x15:10201140  PA:10201148
14191856ns          235287 1c00853e 10000713 addi             x14, x0, 256        x14=00000100
14191896ns          235289 1c008542 00e7a623 sw               x14, 12(x15)        x14:00000100 x15:10201140  PA:1020114c
14191976ns          235293 1c008546 000a2023 sw               x0, 0(x20)          x20:10201100  PA:10201100
14192115ns          235300 1c00854a 00001737 lui              x14, 0x1000         x14=00001000
14192135ns          235301 1c00854c 002047b7 lui              x15, 0x204000       x15=00204000
14192374ns          235313 1c008550 00e7a423 sw               x14, 8(x15)         x14:00001000 x15:00204000  PA:00204008
14192413ns          235315 1c008552 03c7e683 p.elw            x13, 60(x15)        x13=00001000 x15:00204000  PA:0020403c
14193070ns          235348 1c008556 00e7a223 sw               x14, 4(x15)         x14:00001000 x15:00204000  PA:00204004
14193090ns          235349 1c008558 00ca0793 addi             x15, x20, 12        x15=1020110c x20:10201100
14193109ns          235350 1c00855c 0007aa03 lw               x20, 0(x15)         x20=00000000 x15:1020110c  PA:1020110c
14193209ns          235355 1c008560 fe0a1ee3 bne              x20, x0, -4         x20:00000000
14193229ns          235356 1c008564 429010ef jal              x1, 7208             x1=1c008568
14193666ns          235378 1c00a18c f14027f3 csrrs            x15, x0, 0xf14      x15=00000002
14193746ns          235382 1c00a190 01f00713 addi             x14, x0, 31         x14=0000001f
14193786ns          235384 1c00a192 ca5797b3 p.extractu       x15, x15, 5, 5      x15=00000000 x15:00000002
14193806ns          235385 1c00a196 00e78863 beq              x15, x14, 16        x15:00000000 x14:0000001f
14193825ns          235386 1c00a19a 002047b7 lui              x15, 0x204000       x15=00204000
14194263ns          235408 1c00a19e 20078793 addi             x15, x15, 512       x15=00204200 x15:00204000
14194303ns          235410 1c00a1a2 01c7e703 p.elw            x14, 28(x15)        x14=00010000 x15:00204200  PA:0020421c
14194561ns          235423 1c00a1a6 00008067 jalr             x0, x1, 0            x1:1c008568
14194601ns          235425 1c008568 002007b7 lui              x15, 0x200000       x15=00200000
14194621ns          235426 1c00856c 0187a703 lw               x14, 24(x15)        x14=00000908 x15:00200000  PA:00200018
14194820ns          235436 1c00856e 00412603 lw               x12, 4(x2)          x12=00000040  x2:10001798  PA:1000179c
14194840ns          235437 1c008570 01c12883 lw               x17, 28(x2)         x17=0000009c  x2:10001798  PA:100017b4
14194860ns          235438 1c008572 c0b73733 p.bclr           x14, x14, 0, 11     x14=00000108 x14:00000908
14194879ns          235439 1c008576 00e7ac23 sw               x14, 24(x15)        x14:00000108 x15:00200000  PA:00200018
14194979ns          235444 1c008578 0187a683 lw               x13, 24(x15)        x13=00000108 x15:00200000  PA:00200018
14195138ns          235452 1c00857a 1c001737 lui              x14, 0x1c001000     x14=1c001000
14195158ns          235453 1c00857e 01748493 addi             x9, x9, 23           x9=00000037  x9:00000020
14195297ns          235460 1c008580 c086b6b3 p.bclr           x13, x13, 0, 8      x13=00000008 x13:00000108
14195337ns          235462 1c008584 00d7ac23 sw               x13, 24(x15)        x13:00000008 x15:00200000  PA:00200018
14195416ns          235466 1c008586 0009a683 lw               x13, 0(x19)         x13=10004100 x19:1c000dd0  PA:1c000dd0
14195794ns          235485 1c00858a 000017b7 lui              x15, 0x1000         x15=00001000
14195814ns          235486 1c00858c b5070713 addi             x14, x14, -1200     x14=1c000b50 x14:1c001000
14195874ns          235489 1c008590 00c686b3 add              x13, x13, x12       x13=10004140 x13:10004100 x12:00000040
14195894ns          235490 1c008592 01812603 lw               x12, 24(x2)         x12=0000004e  x2:10001798  PA:100017b0
14195973ns          235494 1c008594 fff78793 addi             x15, x15, -1        x15=00000fff x15:00001000
14195993ns          235495 1c008596 ff940593 addi             x11, x8, -7         x11=00000020  x8:00000027
14196013ns          235496 1c00859a 00259813 slli             x16, x11, 0x2       x16=00000080 x11:00000020
14196351ns          235513 1c00859e 0006ae03 lw               x28, 0(x13)         x28=xe1cx133 x13:10004140  PA:10004140
14196391ns          235515 1c0085a2 ffa40513 addi             x10, x8, -6         x10=00000021  x8:00000027
14196411ns          235516 1c0085a6 00e80833 add              x16, x16, x14       x16=1c000bd0 x16:00000080 x14:1c000b50
14196431ns          235517 1c0085a8 00251e93 slli             x29, x10, 0x2       x29=00000084 x10:00000021
14196451ns          235518 1c0085ac 00085383 lhu              x7, 0(x16)           x7=00000133 x16:1c000bd0  PA:1c000bd0
14196928ns          235542 1c0085b0 0046af03 lw               x30, 4(x13)         x30=x0aexd87 x13:10004140  PA:10004144
14196968ns          235544 1c0085b4 ffb40593 addi             x11, x8, -5         x11=00000022  x8:00000027
14196988ns          235545 1c0085b8 00285303 lhu              x6, 2(x16)           x6=00000e1c x16:1c000bd0  PA:1c000bd2
14197385ns          235565 1c0085bc 01d70833 add              x16, x14, x29       x16=1c000bd4 x14:1c000b50 x29:00000084
14197445ns          235568 1c0085c0 010e5f93 srli             x31, x28, 0x10      x31=0000xe1c x28:xe1cx133
14197485ns          235570 1c0085c4 00259993 slli             x19, x11, 0x2       x19=00000088 x11:00000022
14197505ns          235571 1c0085c8 00085283 lhu              x5, 0(x16)           x5=00000d87 x16:1c000bd4  PA:1c000bd4
14197942ns          235593 1c0085cc 00fe7e33 and              x28, x28, x15       x28=00000133 x28:xe1cx133 x15:00000fff
14197982ns          235595 1c0085d0 0086a083 lw               x1, 8(x13)           x1=xf77xe25 x13:10004140  PA:10004148
14198022ns          235597 1c0085d4 ffc40513 addi             x10, x8, -4         x10=00000023  x8:00000027
14198042ns          235598 1c0085d8 013005b3 add              x11, x0, x19        x11=00000088 x19:00000088
14198062ns          235599 1c0085da 00285e83 lhu              x29, 2(x16)         x29=000000ae x16:1c000bd4  PA:1c000bd6
14198559ns          235624 1c0085de 41c383b3 sub              x7, x7, x28          x7=00000000  x7:00000133 x28:00000133
14198599ns          235626 1c0085e2 00fff833 and              x16, x31, x15       x16=00000e1c x31:0000xe1c x15:00000fff
14198618ns          235627 1c0085e6 01370e33 add              x28, x14, x19       x28=1c000bd8 x14:1c000b50 x19:00000088
14198638ns          235628 1c0085ea 00251b13 slli             x22, x10, 0x2       x22=0000008c x10:00000023
14199136ns          235653 1c0085ee 010f5a93 srli             x21, x30, 0x10      x21=0000x0ae x30:x0aexd87
14199175ns          235655 1c0085f2 00ff79b3 and              x19, x30, x15       x19=00000d87 x30:x0aexd87 x15:00000fff
14199195ns          235656 1c0085f6 007033b3 sltu             x7, x0, x7           x7=00000000  x7:00000000
14199215ns          235657 1c0085fa 41030333 sub              x6, x6, x16          x6=00000000  x6:00000e1c x16:00000e1c
14199553ns          235674 1c0085fe 000e5e03 lhu              x28, 0(x28)         x28=00000e25 x28:1c000bd8  PA:1c000bd8
14199891ns          235691 1c008602 00b70833 add              x16, x14, x11       x16=1c000bd8 x14:1c000b50 x11:00000088
14199911ns          235692 1c008606 00c6af03 lw               x30, 12(x13)        x30=xfa5x0cf x13:10004140  PA:1000414c
14199931ns          235693 1c00860a ffd40593 addi             x11, x8, -3         x11=00000024  x8:00000027
14200408ns          235717 1c00860e 00285f83 lhu              x31, 2(x16)         x31=00000f77 x16:1c000bd8  PA:1c000bda
14200945ns          235744 1c008612 007a0a33 add              x20, x20, x7        x20=00000000 x20:00000000  x7:00000000
14200965ns          235745 1c008614 00faf833 and              x16, x21, x15       x16=000000ae x21:0000x0ae x15:00000fff
14200985ns          235746 1c008618 00603333 sltu             x6, x0, x6           x6=00000000  x6:00000000
14201005ns          235747 1c00861c 413282b3 sub              x5, x5, x19          x5=00000000  x5:00000d87 x19:00000d87
14201025ns          235748 1c008620 016703b3 add              x7, x14, x22         x7=1c000bdc x14:1c000b50 x22:0000008c
14201045ns          235749 1c008624 410e8eb3 sub              x29, x29, x16       x29=00000000 x29:000000ae x16:000000ae
14201065ns          235750 1c008628 0100da93 srli             x21, x1, 0x10       x21=0000xf77  x1:xf77xe25
14201085ns          235751 1c00862c 00f0f9b3 and              x19, x1, x15        x19=00000e25  x1:xf77xe25 x15:00000fff
14201542ns          235774 1c008630 01670833 add              x16, x14, x22       x16=1c000bdc x14:1c000b50 x22:0000008c
14201582ns          235776 1c008634 006a0a33 add              x20, x20, x6        x20=00000000 x20:00000000  x6:00000000
14201602ns          235777 1c008636 00259b13 slli             x22, x11, 0x2       x22=00000090 x11:00000024
14201622ns          235778 1c00863a 005032b3 sltu             x5, x0, x5           x5=00000000  x5:00000000
14201999ns          235797 1c00863e 0003d383 lhu              x7, 0(x7)            x7=000000cf  x7:1c000bdc  PA:1c000bdc
14202357ns          235815 1c008642 0106a083 lw               x1, 16(x13)          x1=xf47xe5d x13:10004140  PA:10004150
14202377ns          235816 1c008646 00285303 lhu              x6, 2(x16)           x6=00000fa5 x16:1c000bdc  PA:1c000bde
14202835ns          235839 1c00864a ffe40513 addi             x10, x8, -2         x10=00000025  x8:00000027
14202874ns          235841 1c00864e 01d03833 sltu             x16, x0, x29        x16=00000000 x29:00000000
14202894ns          235842 1c008652 005a0a33 add              x20, x20, x5        x20=00000000 x20:00000000  x5:00000000
14202914ns          235843 1c008654 00fafeb3 and              x29, x21, x15       x29=00000f77 x21:0000xf77 x15:00000fff
14202934ns          235844 1c008658 413e0e33 sub              x28, x28, x19       x28=00000000 x28:00000e25 x19:00000e25
14202954ns          235845 1c00865c 016702b3 add              x5, x14, x22         x5=1c000be0 x14:1c000b50 x22:00000090
14203411ns          235868 1c008660 010f5a93 srli             x21, x30, 0x10      x21=0000xfa5 x30:xfa5x0cf
14203451ns          235870 1c008664 00ff79b3 and              x19, x30, x15       x19=000000cf x30:xfa5x0cf x15:00000fff
14203471ns          235871 1c008668 010a0a33 add              x20, x20, x16       x20=00000000 x20:00000000 x16:00000000
14203491ns          235872 1c00866a 01c03e33 sltu             x28, x0, x28        x28=00000000 x28:00000000
14203988ns          235897 1c00866e 01670833 add              x16, x14, x22       x16=1c000be0 x14:1c000b50 x22:00000090
14204028ns          235899 1c008672 41df8fb3 sub              x31, x31, x29       x31=00000000 x31:00000f77 x29:00000f77
14204048ns          235900 1c008676 00251b13 slli             x22, x10, 0x2       x22=00000094 x10:00000025
14204068ns          235901 1c00867a 0002d283 lhu              x5, 0(x5)            x5=00000e5d  x5:1c000be0  PA:1c000be0
14204545ns          235925 1c00867e 0146af03 lw               x30, 20(x13)        x30=x261xd5f x13:10004140  PA:10004154
14204565ns          235926 1c008682 fff40593 addi             x11, x8, -1         x11=00000026  x8:00000027
14204585ns          235927 1c008686 00285e83 lhu              x29, 2(x16)         x29=00000f47 x16:1c000be0  PA:1c000be2
14205022ns          235949 1c00868a 01ca0a33 add              x20, x20, x28       x20=00000000 x20:00000000 x28:00000000
14205042ns          235950 1c00868c 01f03fb3 sltu             x31, x0, x31        x31=00000000 x31:00000000
14205062ns          235951 1c008690 00faf833 and              x16, x21, x15       x16=00000fa5 x21:0000xfa5 x15:00000fff
14205082ns          235952 1c008694 413383b3 sub              x7, x7, x19          x7=00000000  x7:000000cf x19:000000cf
14205102ns          235953 1c008698 01670e33 add              x28, x14, x22       x28=1c000be4 x14:1c000b50 x22:00000094
14205122ns          235954 1c00869c 41030833 sub              x16, x6, x16        x16=00000000  x6:00000fa5 x16:00000fa5
14205480ns          235972 1c0086a0 01fa0a33 add              x20, x20, x31       x20=00000000 x20:00000000 x31:00000000
14205520ns          235974 1c0086a2 007033b3 sltu             x7, x0, x7           x7=00000000  x7:00000000
14205539ns          235975 1c0086a6 0100d993 srli             x19, x1, 0x10       x19=0000xf47  x1:xf47xe5d
14205559ns          235976 1c0086aa 01670533 add              x10, x14, x22       x10=1c000be4 x14:1c000b50 x22:00000094
14206057ns          236001 1c0086ae 00f0f0b3 and              x1, x1, x15          x1=00000e5d  x1:xf47xe5d x15:00000fff
14206096ns          236003 1c0086b2 00259a93 slli             x21, x11, 0x2       x21=00000098 x11:00000026
14206116ns          236004 1c0086b6 000e5e03 lhu              x28, 0(x28)         x28=00000d5f x28:1c000be4  PA:1c000be4
14206653ns          236031 1c0086ba 0186af83 lw               x31, 24(x13)        x31=xe46x1f7 x13:10004140  PA:10004158
14206673ns          236032 1c0086be 00255303 lhu              x6, 2(x10)           x6=00000261 x10:1c000be4  PA:1c000be6
14207071ns          236052 1c0086c2 007a0a33 add              x20, x20, x7        x20=00000000 x20:00000000  x7:00000000
14207091ns          236053 1c0086c4 01003533 sltu             x10, x0, x16        x10=00000000 x16:00000000
14207111ns          236054 1c0086c8 00f9f3b3 and              x7, x19, x15         x7=00000f47 x19:0000xf47 x15:00000fff
14207130ns          236055 1c0086cc 401282b3 sub              x5, x5, x1           x5=00000000  x5:00000e5d  x1:00000e5d
14207150ns          236056 1c0086d0 01570833 add              x16, x14, x21       x16=1c000be8 x14:1c000b50 x21:00000098
14207170ns          236057 1c0086d4 00aa0a33 add              x20, x20, x10       x20=00000000 x20:00000000 x10:00000000
14207190ns          236058 1c0086d6 005032b3 sltu             x5, x0, x5           x5=00000000  x5:00000000
14207210ns          236059 1c0086da 407e8eb3 sub              x29, x29, x7        x29=00000000 x29:00000f47  x7:00000f47
14207667ns          236082 1c0086de 010f5093 srli             x1, x30, 0x10        x1=0000x261 x30:x261xd5f
14207707ns          236084 1c0086e2 00ff73b3 and              x7, x30, x15         x7=00000d5f x30:x261xd5f x15:00000fff
14207727ns          236085 1c0086e6 015705b3 add              x11, x14, x21       x11=1c000be8 x14:1c000b50 x21:00000098
14207747ns          236086 1c0086ea 00085803 lhu              x16, 0(x16)         x16=000001f7 x16:1c000be8  PA:1c000be8
14208264ns          236112 1c0086ee 00160613 addi             x12, x12, 1         x12=0000004f x12:0000004e
14208284ns          236113 1c0086f0 01c6af03 lw               x30, 28(x13)        x30=xee8x02b x13:10004140  PA:1000415c
14208304ns          236114 1c0086f4 0025d503 lhu              x10, 2(x11)         x10=00000e46 x11:1c000be8  PA:1c000bea
14208682ns          236133 1c0086f8 005a0a33 add              x20, x20, x5        x20=00000000 x20:00000000  x5:00000000
14208702ns          236134 1c0086fa 00e888b3 add              x17, x17, x14       x17=1c000bec x17:0000009c x14:1c000b50
14208722ns          236135 1c0086fc 01d03eb3 sltu             x29, x0, x29        x29=00000000 x29:00000000
14208741ns          236136 1c008700 00f0f2b3 and              x5, x1, x15          x5=00000261  x1:0000x261 x15:00000fff
14208761ns          236137 1c008704 407e0e33 sub              x28, x28, x7        x28=00000000 x28:00000d5f  x7:00000d5f
14208781ns          236138 1c008708 00161613 slli             x12, x12, 0x1       x12=0000009e x12:0000004f
14208801ns          236139 1c00870a 0008d583 lhu              x11, 0(x17)         x11=0000002b x17:1c000bec  PA:1c000bec
14209219ns          236160 1c00870e 01da0a33 add              x20, x20, x29       x20=00000000 x20:00000000 x29:00000000
14209278ns          236163 1c008710 405308b3 sub              x17, x6, x5         x17=00000000  x6:00000261  x5:00000261
14209318ns          236165 1c008714 01c03e33 sltu             x28, x0, x28        x28=00000000 x28:00000000
14209338ns          236166 1c008718 010fd313 srli             x6, x31, 0x10        x6=0000xe46 x31:xe46x1f7
14209358ns          236167 1c00871c 00e60633 add              x12, x12, x14       x12=1c000bee x12:0000009e x14:1c000b50
14209756ns          236187 1c00871e 00ffffb3 and              x31, x31, x15       x31=000001f7 x31:xe46x1f7 x15:00000fff
14209795ns          236189 1c008722 011038b3 sltu             x17, x0, x17        x17=00000000 x17:00000000
14209815ns          236190 1c008726 00065603 lhu              x12, 0(x12)         x12=00000ee8 x12:1c000bee  PA:1c000bee
14210273ns          236213 1c00872a 01ca0a33 add              x20, x20, x28       x20=00000000 x20:00000000 x28:00000000
14210293ns          236214 1c00872c 00f37333 and              x6, x6, x15          x6=00000e46  x6:0000xe46 x15:00000fff
14210352ns          236217 1c008730 41f80833 sub              x16, x16, x31       x16=00000000 x16:000001f7 x31:000001f7
14210392ns          236219 1c008734 011a0a33 add              x20, x20, x17       x20=00000000 x20:00000000 x17:00000000
14210412ns          236220 1c008736 01003833 sltu             x16, x0, x16        x16=00000000 x16:00000000
14210432ns          236221 1c00873a 010f5893 srli             x17, x30, 0x10      x17=0000xee8 x30:xee8x02b
14210810ns          236240 1c00873e 40650533 sub              x10, x10, x6        x10=00000000 x10:00000e46  x6:00000e46
14210850ns          236242 1c008742 00ff7f33 and              x30, x30, x15       x30=0000002b x30:xee8x02b x15:00000fff
14210869ns          236243 1c008746 010a0a33 add              x20, x20, x16       x20=00000000 x20:00000000 x16:00000000
14210889ns          236244 1c008748 00a03533 sltu             x10, x0, x10        x10=00000000 x10:00000000
14210909ns          236245 1c00874c 00f8f833 and              x16, x17, x15       x16=00000ee8 x17:0000xee8 x15:00000fff
14211347ns          236267 1c008750 41e585b3 sub              x11, x11, x30       x11=00000000 x11:0000002b x30:0000002b
14211387ns          236269 1c008754 00aa0a33 add              x20, x20, x10       x20=00000000 x20:00000000 x10:00000000
14211406ns          236270 1c008756 00b035b3 sltu             x11, x0, x11        x11=00000000 x11:00000000
14211426ns          236271 1c00875a 41060633 sub              x12, x12, x16       x12=00000000 x12:00000ee8 x16:00000ee8
14211446ns          236272 1c00875e 00ba0a33 add              x20, x20, x11       x20=00000000 x20:00000000 x11:00000000
14211884ns          236294 1c008760 00c03633 sltu             x12, x0, x12        x12=00000000 x12:00000000
14211923ns          236296 1c008764 00840413 addi             x8, x8, 8            x8=0000002f  x8:00000027
14211943ns          236297 1c008766 00ca0a33 add              x20, x20, x12       x20=00000000 x20:00000000 x12:00000000
14211963ns          236298 1c008768 10068693 addi             x13, x13, 256       x13=10004240 x13:10004140
14211983ns          236299 1c00876c 04940563 beq              x8, x9, 74           x8:0000002f  x9:00000037
14212460ns          236323 1c008770 00141613 slli             x12, x8, 0x1        x12=0000005e  x8:0000002f
14212500ns          236325 1c008774 00241893 slli             x17, x8, 0x2        x17=000000bc  x8:0000002f
14212520ns          236326 1c008778 e1fff06f jal              x0, -482           
14212639ns          236332 1c008596 ff940593 addi             x11, x8, -7         x11=00000028  x8:0000002f
14212659ns          236333 1c00859a 00259813 slli             x16, x11, 0x2       x16=000000a0 x11:00000028
14212719ns          236336 1c00859e 0006ae03 lw               x28, 0(x13)         x28=x1b9xf79 x13:10004240  PA:10004240
14212759ns          236338 1c0085a2 ffa40513 addi             x10, x8, -6         x10=00000029  x8:0000002f
14212779ns          236339 1c0085a6 00e80833 add              x16, x16, x14       x16=1c000bf0 x16:000000a0 x14:1c000b50
14212799ns          236340 1c0085a8 00251e93 slli             x29, x10, 0x2       x29=000000a4 x10:00000029
14212818ns          236341 1c0085ac 00085383 lhu              x7, 0(x16)           x7=00000f79 x16:1c000bf0  PA:1c000bf0
14213157ns          236358 1c0085b0 0046af03 lw               x30, 4(x13)         x30=xe05x1ed x13:10004240  PA:10004244
14213176ns          236359 1c0085b4 ffb40593 addi             x11, x8, -5         x11=0000002a  x8:0000002f
14213196ns          236360 1c0085b8 00285303 lhu              x6, 2(x16)           x6=000001b9 x16:1c000bf0  PA:1c000bf2
14213554ns          236378 1c0085bc 01d70833 add              x16, x14, x29       x16=1c000bf4 x14:1c000b50 x29:000000a4
14213574ns          236379 1c0085c0 010e5f93 srli             x31, x28, 0x10      x31=0000x1b9 x28:x1b9xf79
14213594ns          236380 1c0085c4 00259993 slli             x19, x11, 0x2       x19=000000a8 x11:0000002a
14213614ns          236381 1c0085c8 00085283 lhu              x5, 0(x16)           x5=000001ed x16:1c000bf4  PA:1c000bf4
14213972ns          236399 1c0085cc 00fe7e33 and              x28, x28, x15       x28=00000f79 x28:x1b9xf79 x15:00000fff
14213992ns          236400 1c0085d0 0086a083 lw               x1, 8(x13)           x1=xe9bxe3f x13:10004240  PA:10004248
14214012ns          236401 1c0085d4 ffc40513 addi             x10, x8, -4         x10=0000002b  x8:0000002f
14214032ns          236402 1c0085d8 013005b3 add              x11, x0, x19        x11=000000a8 x19:000000a8
14214052ns          236403 1c0085da 00285e83 lhu              x29, 2(x16)         x29=00000e05 x16:1c000bf4  PA:1c000bf6
14214350ns          236418 1c0085de 41c383b3 sub              x7, x7, x28          x7=00000000  x7:00000f79 x28:00000f79
14214370ns          236419 1c0085e2 00fff833 and              x16, x31, x15       x16=000001b9 x31:0000x1b9 x15:00000fff
14214390ns          236420 1c0085e6 01370e33 add              x28, x14, x19       x28=1c000bf8 x14:1c000b50 x19:000000a8
14214409ns          236421 1c0085ea 00251b13 slli             x22, x10, 0x2       x22=000000ac x10:0000002b
14214429ns          236422 1c0085ee 010f5a93 srli             x21, x30, 0x10      x21=0000xe05 x30:xe05x1ed
14214449ns          236423 1c0085f2 00ff79b3 and              x19, x30, x15       x19=000001ed x30:xe05x1ed x15:00000fff
14214469ns          236424 1c0085f6 007033b3 sltu             x7, x0, x7           x7=00000000  x7:00000000
14214489ns          236425 1c0085fa 41030333 sub              x6, x6, x16          x6=00000000  x6:000001b9 x16:000001b9
14214509ns          236426 1c0085fe 000e5e03 lhu              x28, 0(x28)         x28=00000e3f x28:1c000bf8  PA:1c000bf8
14214807ns          236441 1c008602 00b70833 add              x16, x14, x11       x16=1c000bf8 x14:1c000b50 x11:000000a8
14214827ns          236442 1c008606 00c6af03 lw               x30, 12(x13)        x30=x079x059 x13:10004240  PA:1000424c
14214847ns          236443 1c00860a ffd40593 addi             x11, x8, -3         x11=0000002c  x8:0000002f
14214867ns          236444 1c00860e 00285f83 lhu              x31, 2(x16)         x31=00000e9b x16:1c000bf8  PA:1c000bfa
14215185ns          236460 1c008612 007a0a33 add              x20, x20, x7        x20=00000000 x20:00000000  x7:00000000
14215205ns          236461 1c008614 00faf833 and              x16, x21, x15       x16=00000e05 x21:0000xe05 x15:00000fff
14215225ns          236462 1c008618 00603333 sltu             x6, x0, x6           x6=00000000  x6:00000000
14215245ns          236463 1c00861c 413282b3 sub              x5, x5, x19          x5=00000000  x5:000001ed x19:000001ed
14215265ns          236464 1c008620 016703b3 add              x7, x14, x22         x7=1c000bfc x14:1c000b50 x22:000000ac
14215285ns          236465 1c008624 410e8eb3 sub              x29, x29, x16       x29=00000000 x29:00000e05 x16:00000e05
14215304ns          236466 1c008628 0100da93 srli             x21, x1, 0x10       x21=0000xe9b  x1:xe9bxe3f
14215324ns          236467 1c00862c 00f0f9b3 and              x19, x1, x15        x19=00000e3f  x1:xe9bxe3f x15:00000fff
14215364ns          236469 1c008630 01670833 add              x16, x14, x22       x16=1c000bfc x14:1c000b50 x22:000000ac
14215404ns          236471 1c008634 006a0a33 add              x20, x20, x6        x20=00000000 x20:00000000  x6:00000000
14215424ns          236472 1c008636 00259b13 slli             x22, x11, 0x2       x22=000000b0 x11:0000002c
14215444ns          236473 1c00863a 005032b3 sltu             x5, x0, x5           x5=00000000  x5:00000000
14215464ns          236474 1c00863e 0003d383 lhu              x7, 0(x7)            x7=00000059  x7:1c000bfc  PA:1c000bfc
14215841ns          236493 1c008642 0106a083 lw               x1, 16(x13)          x1=x061x103 x13:10004240  PA:10004250
14215861ns          236494 1c008646 00285303 lhu              x6, 2(x16)           x6=00000079 x16:1c000bfc  PA:1c000bfe
14216239ns          236513 1c00864a ffe40513 addi             x10, x8, -2         x10=0000002d  x8:0000002f
14216259ns          236514 1c00864e 01d03833 sltu             x16, x0, x29        x16=00000000 x29:00000000
14216279ns          236515 1c008652 005a0a33 add              x20, x20, x5        x20=00000000 x20:00000000  x5:00000000
14216299ns          236516 1c008654 00fafeb3 and              x29, x21, x15       x29=00000e9b x21:0000xe9b x15:00000fff
14216319ns          236517 1c008658 413e0e33 sub              x28, x28, x19       x28=00000000 x28:00000e3f x19:00000e3f
14216339ns          236518 1c00865c 016702b3 add              x5, x14, x22         x5=1c000c00 x14:1c000b50 x22:000000b0
14216359ns          236519 1c008660 010f5a93 srli             x21, x30, 0x10      x21=0000x079 x30:x079x059
14216378ns          236520 1c008664 00ff79b3 and              x19, x30, x15       x19=00000059 x30:x079x059 x15:00000fff
14216398ns          236521 1c008668 010a0a33 add              x20, x20, x16       x20=00000000 x20:00000000 x16:00000000
14216418ns          236522 1c00866a 01c03e33 sltu             x28, x0, x28        x28=00000000 x28:00000000
14216458ns          236524 1c00866e 01670833 add              x16, x14, x22       x16=1c000c00 x14:1c000b50 x22:000000b0
14216498ns          236526 1c008672 41df8fb3 sub              x31, x31, x29       x31=00000000 x31:00000e9b x29:00000e9b
14216518ns          236527 1c008676 00251b13 slli             x22, x10, 0x2       x22=000000b4 x10:0000002d
14216538ns          236528 1c00867a 0002d283 lhu              x5, 0(x5)            x5=00000103  x5:1c000c00  PA:1c000c00
14216836ns          236543 1c00867e 0146af03 lw               x30, 20(x13)        x30=xdb9x14b x13:10004240  PA:10004254
14216856ns          236544 1c008682 fff40593 addi             x11, x8, -1         x11=0000002e  x8:0000002f
14216876ns          236545 1c008686 00285e83 lhu              x29, 2(x16)         x29=00000061 x16:1c000c00  PA:1c000c02
14217174ns          236560 1c00868a 01ca0a33 add              x20, x20, x28       x20=00000000 x20:00000000 x28:00000000
14217194ns          236561 1c00868c 01f03fb3 sltu             x31, x0, x31        x31=00000000 x31:00000000
14217214ns          236562 1c008690 00faf833 and              x16, x21, x15       x16=00000079 x21:0000x079 x15:00000fff
14217234ns          236563 1c008694 413383b3 sub              x7, x7, x19          x7=00000000  x7:00000059 x19:00000059
14217253ns          236564 1c008698 01670e33 add              x28, x14, x22       x28=1c000c04 x14:1c000b50 x22:000000b4
14217273ns          236565 1c00869c 41030833 sub              x16, x6, x16        x16=00000000  x6:00000079 x16:00000079
14217313ns          236567 1c0086a0 01fa0a33 add              x20, x20, x31       x20=00000000 x20:00000000 x31:00000000
14217353ns          236569 1c0086a2 007033b3 sltu             x7, x0, x7           x7=00000000  x7:00000000
14217373ns          236570 1c0086a6 0100d993 srli             x19, x1, 0x10       x19=0000x061  x1:x061x103
14217393ns          236571 1c0086aa 01670533 add              x10, x14, x22       x10=1c000c04 x14:1c000b50 x22:000000b4
14217452ns          236574 1c0086ae 00f0f0b3 and              x1, x1, x15          x1=00000103  x1:x061x103 x15:00000fff
14217492ns          236576 1c0086b2 00259a93 slli             x21, x11, 0x2       x21=000000b8 x11:0000002e
14217512ns          236577 1c0086b6 000e5e03 lhu              x28, 0(x28)         x28=0000014b x28:1c000c04  PA:1c000c04
14217810ns          236592 1c0086ba 0186af83 lw               x31, 24(x13)        x31=x0b4x186 x13:10004240  PA:10004258
14217830ns          236593 1c0086be 00255303 lhu              x6, 2(x10)           x6=00000db9 x10:1c000c04  PA:1c000c06
14218148ns          236609 1c0086c2 007a0a33 add              x20, x20, x7        x20=00000000 x20:00000000  x7:00000000
14218168ns          236610 1c0086c4 01003533 sltu             x10, x0, x16        x10=00000000 x16:00000000
14218188ns          236611 1c0086c8 00f9f3b3 and              x7, x19, x15         x7=00000061 x19:0000x061 x15:00000fff
14218208ns          236612 1c0086cc 401282b3 sub              x5, x5, x1           x5=00000000  x5:00000103  x1:00000103
14218228ns          236613 1c0086d0 01570833 add              x16, x14, x21       x16=1c000c08 x14:1c000b50 x21:000000b8
14218248ns          236614 1c0086d4 00aa0a33 add              x20, x20, x10       x20=00000000 x20:00000000 x10:00000000
14218268ns          236615 1c0086d6 005032b3 sltu             x5, x0, x5           x5=00000000  x5:00000000
14218288ns          236616 1c0086da 407e8eb3 sub              x29, x29, x7        x29=00000000 x29:00000061  x7:00000061
14218327ns          236618 1c0086de 010f5093 srli             x1, x30, 0x10        x1=0000xdb9 x30:xdb9x14b
14218367ns          236620 1c0086e2 00ff73b3 and              x7, x30, x15         x7=0000014b x30:xdb9x14b x15:00000fff
14218387ns          236621 1c0086e6 015705b3 add              x11, x14, x21       x11=1c000c08 x14:1c000b50 x21:000000b8
14218407ns          236622 1c0086ea 00085803 lhu              x16, 0(x16)         x16=00000186 x16:1c000c08  PA:1c000c08
14218705ns          236637 1c0086ee 00160613 addi             x12, x12, 1         x12=0000005f x12:0000005e
14218725ns          236638 1c0086f0 01c6af03 lw               x30, 28(x13)        x30=xfbax272 x13:10004240  PA:1000425c
14218745ns          236639 1c0086f4 0025d503 lhu              x10, 2(x11)         x10=000000b4 x11:1c000c08  PA:1c000c0a
14219063ns          236655 1c0086f8 005a0a33 add              x20, x20, x5        x20=00000000 x20:00000000  x5:00000000
14219083ns          236656 1c0086fa 00e888b3 add              x17, x17, x14       x17=1c000c0c x17:000000bc x14:1c000b50
14219103ns          236657 1c0086fc 01d03eb3 sltu             x29, x0, x29        x29=00000000 x29:00000000
14219123ns          236658 1c008700 00f0f2b3 and              x5, x1, x15          x5=00000db9  x1:0000xdb9 x15:00000fff
14219143ns          236659 1c008704 407e0e33 sub              x28, x28, x7        x28=00000000 x28:0000014b  x7:0000014b
14219163ns          236660 1c008708 00161613 slli             x12, x12, 0x1       x12=000000be x12:0000005f
14219183ns          236661 1c00870a 0008d583 lhu              x11, 0(x17)         x11=00000272 x17:1c000c0c  PA:1c000c0c
14219501ns          236677 1c00870e 01da0a33 add              x20, x20, x29       x20=00000000 x20:00000000 x29:00000000
14219521ns          236678 1c008710 405308b3 sub              x17, x6, x5         x17=00000000  x6:00000db9  x5:00000db9
14219541ns          236679 1c008714 01c03e33 sltu             x28, x0, x28        x28=00000000 x28:00000000
14219560ns          236680 1c008718 010fd313 srli             x6, x31, 0x10        x6=0000x0b4 x31:x0b4x186
14219580ns          236681 1c00871c 00e60633 add              x12, x12, x14       x12=1c000c0e x12:000000be x14:1c000b50
14219620ns          236683 1c00871e 00ffffb3 and              x31, x31, x15       x31=00000186 x31:x0b4x186 x15:00000fff
14219660ns          236685 1c008722 011038b3 sltu             x17, x0, x17        x17=00000000 x17:00000000
14219680ns          236686 1c008726 00065603 lhu              x12, 0(x12)         x12=00000fba x12:1c000c0e  PA:1c000c0e
14219978ns          236701 1c00872a 01ca0a33 add              x20, x20, x28       x20=00000000 x20:00000000 x28:00000000
14219998ns          236702 1c00872c 00f37333 and              x6, x6, x15          x6=000000b4  x6:0000x0b4 x15:00000fff
14220018ns          236703 1c008730 41f80833 sub              x16, x16, x31       x16=00000000 x16:00000186 x31:00000186
14220038ns          236704 1c008734 011a0a33 add              x20, x20, x17       x20=00000000 x20:00000000 x17:00000000
14220058ns          236705 1c008736 01003833 sltu             x16, x0, x16        x16=00000000 x16:00000000
14220078ns          236706 1c00873a 010f5893 srli             x17, x30, 0x10      x17=0000xfba x30:xfbax272
14220117ns          236708 1c00873e 40650533 sub              x10, x10, x6        x10=00000000 x10:000000b4  x6:000000b4
14220157ns          236710 1c008742 00ff7f33 and              x30, x30, x15       x30=00000272 x30:xfbax272 x15:00000fff
14220177ns          236711 1c008746 010a0a33 add              x20, x20, x16       x20=00000000 x20:00000000 x16:00000000
14220197ns          236712 1c008748 00a03533 sltu             x10, x0, x10        x10=00000000 x10:00000000
14220217ns          236713 1c00874c 00f8f833 and              x16, x17, x15       x16=00000fba x17:0000xfba x15:00000fff
14220257ns          236715 1c008750 41e585b3 sub              x11, x11, x30       x11=00000000 x11:00000272 x30:00000272
14220296ns          236717 1c008754 00aa0a33 add              x20, x20, x10       x20=00000000 x20:00000000 x10:00000000
14220316ns          236718 1c008756 00b035b3 sltu             x11, x0, x11        x11=00000000 x11:00000000
14220336ns          236719 1c00875a 41060633 sub              x12, x12, x16       x12=00000000 x12:00000fba x16:00000fba
14220356ns          236720 1c00875e 00ba0a33 add              x20, x20, x11       x20=00000000 x20:00000000 x11:00000000
14220376ns          236721 1c008760 00c03633 sltu             x12, x0, x12        x12=00000000 x12:00000000
14220396ns          236722 1c008764 00840413 addi             x8, x8, 8            x8=00000037  x8:0000002f
14220416ns          236723 1c008766 00ca0a33 add              x20, x20, x12       x20=00000000 x20:00000000 x12:00000000
14220436ns          236724 1c008768 10068693 addi             x13, x13, 256       x13=10004340 x13:10004240
14220455ns          236725 1c00876c 04940563 beq              x8, x9, 74           x8:00000037  x9:00000037
14220734ns          236739 1c0087b6 1c000537 lui              x10, 0x1c000000     x10=1c000000
14220754ns          236740 1c0087ba 014006b3 add              x13, x0, x20        x13=00000000 x20:00000000
14220774ns          236741 1c0087bc 01200633 add              x12, x0, x18        x12=00000002 x18:00000002
14220813ns          236743 1c0087be 00190593 addi             x11, x18, 1         x11=00000003 x18:00000002
14220853ns          236745 1c0087c2 05850513 addi             x10, x10, 88        x10=1c000058 x10:1c000000
14220873ns          236746 1c0087c6 434000ef jal              x1, 1076             x1=1c0087c8
14220953ns          236750 1c008bfa fc010113 addi             x2, x2, -64          x2=10001758  x2:10001798
14220992ns          236752 1c008bfc 02410313 addi             x6, x2, 36           x6=1000177c  x2:10001758
14221052ns          236755 1c008c00 02c12423 sw               x12, 40(x2)         x12:00000002  x2:10001758  PA:10001780
14221072ns          236756 1c008c02 00a00633 add              x12, x0, x10        x12=1c000058 x10:1c000058
14221092ns          236757 1c008c04 1c009537 lui              x10, 0x1c009000     x10=1c009000
14221112ns          236758 1c008c08 02b12223 sw               x11, 36(x2)         x11:00000003  x2:10001758  PA:1000177c
14221132ns          236759 1c008c0a 02d12623 sw               x13, 44(x2)         x13:00000000  x2:10001758  PA:10001784
14221152ns          236760 1c008c0c 00200593 addi             x11, x0, 2          x11=00000002
14221171ns          236761 1c008c0e 006006b3 add              x13, x0, x6         x13=1000177c  x6:1000177c
14221191ns          236762 1c008c10 bb650513 addi             x10, x10, -1098     x10=1c008bb6 x10:1c009000
14221231ns          236764 1c008c14 00112e23 sw               x1, 28(x2)           x1:1c0087c8  x2:10001758  PA:10001774
14221251ns          236765 1c008c16 02e12823 sw               x14, 48(x2)         x14:1c000b50  x2:10001758  PA:10001788
14221271ns          236766 1c008c18 02f12a23 sw               x15, 52(x2)         x15:00000fff  x2:10001758  PA:1000178c
14221291ns          236767 1c008c1a 03012c23 sw               x16, 56(x2)         x16:00000fba  x2:10001758  PA:10001790
14221311ns          236768 1c008c1c 03112e23 sw               x17, 60(x2)         x17:0000xfba  x2:10001758  PA:10001794
14221331ns          236769 1c008c1e 00612623 sw               x6, 12(x2)           x6:1000177c  x2:10001758  PA:10001764
14221350ns          236770 1c008c20 fbfff0ef jal              x1, -66              x1=1c008c22
14221430ns          236774 1c008bde 04a0006f jal              x0, 74             
14221470ns          236776 1c008c28 ec010113 addi             x2, x2, -320         x2=10001618  x2:10001758
14221490ns          236777 1c008c2a 13312623 sw               x19, 300(x2)        x19:0000x061  x2:10001618  PA:10001744
14221549ns          236780 1c008c2e 12112e23 sw               x1, 316(x2)          x1:1c008c22  x2:10001618  PA:10001754
14221589ns          236782 1c008c32 12812c23 sw               x8, 312(x2)          x8:00000037  x2:10001618  PA:10001750
14221609ns          236783 1c008c36 12912a23 sw               x9, 308(x2)          x9:00000037  x2:10001618  PA:1000174c
14221629ns          236784 1c008c3a 13212823 sw               x18, 304(x2)        x18:00000002  x2:10001618  PA:10001748
14221688ns          236787 1c008c3e 13412423 sw               x20, 296(x2)        x20:00000000  x2:10001618  PA:10001740
14221728ns          236789 1c008c42 13512223 sw               x21, 292(x2)        x21:000000b8  x2:10001618  PA:1000173c
14221748ns          236790 1c008c46 13612023 sw               x22, 288(x2)        x22:000000b4  x2:10001618  PA:10001738
14221768ns          236791 1c008c4a 11712e23 sw               x23, 284(x2)        x23:00000523  x2:10001618  PA:10001734
14221828ns          236794 1c008c4e 11812c23 sw               x24, 280(x2)        x24:00000649  x2:10001618  PA:10001730
14221867ns          236796 1c008c52 11912a23 sw               x25, 276(x2)        x25:1c000978  x2:10001618  PA:1000172c
14221887ns          236797 1c008c56 11a12823 sw               x26, 272(x2)        x26:01f50000  x2:10001618  PA:10001728
14221907ns          236798 1c008c5a 11b12623 sw               x27, 268(x2)        x27:0cbf0b8d  x2:10001618  PA:10001724
14221927ns          236799 1c008c5e 00c009b3 add              x19, x0, x12        x19=1c000058 x12:1c000058
14221967ns          236801 1c008c60 0019c78b p.lbu            x15, 1(x19!)        x15=00000046 x19=1c000059 x19:1c000058  PA:1c000058
14222345ns          236820 1c008c64 00d12c23 sw               x13, 24(x2)         x13:1000177c  x2:10001618  PA:10001630
14222365ns          236821 1c008c66 6a0788e3 beq              x15, x0, 3760       x15:00000046
14222385ns          236822 1c008c6a 1c000737 lui              x14, 0x1c000000     x14=1c000000
14222404ns          236823 1c008c6e 0c472703 lw               x14, 196(x14)       x14=20202020 x14:1c000000  PA:1c0000c4
14222703ns          236838 1c008c72 03410d93 addi             x27, x2, 52         x27=1000164c  x2:10001618
14222723ns          236839 1c008c76 00a00cb3 add              x25, x0, x10        x25=1c008bb6 x10:1c008bb6
14222743ns          236840 1c008c78 02e12023 sw               x14, 32(x2)         x14:20202020  x2:10001618  PA:10001638
14222762ns          236841 1c008c7a 03610713 addi             x14, x2, 54         x14=1000164e  x2:10001618
14222782ns          236842 1c008c7e fff74713 xori             x14, x14, -1        x14=efffe9b1 x14:1000164e
14222802ns          236843 1c008c82 02e12223 sw               x14, 36(x2)         x14:efffe9b1  x2:10001618  PA:1000163c
14222822ns          236844 1c008c84 fffdc713 xori             x14, x27, -1        x14=efffe9b3 x27:1000164c
14222842ns          236845 1c008c88 00b004b3 add              x9, x0, x11          x9=00000002 x11:00000002
14222862ns          236846 1c008c8a 00000413 addi             x8, x0, 0            x8=00000000
14222882ns          236847 1c008c8c 1c000d37 lui              x26, 0x1c000000     x26=1c000000
14222902ns          236848 1c008c90 02e12423 sw               x14, 40(x2)         x14:efffe9b3  x2:10001618  PA:10001640
14222922ns          236849 1c008c92 01300a33 add              x20, x0, x19        x20=1c000059 x19:1c000059
14222941ns          236850 1c008c94 00f00533 add              x10, x0, x15        x10=00000046 x15:00000046
14222961ns          236851 1c008c96 02500793 addi             x15, x0, 37         x15=00000025
14222981ns          236852 1c008c9a 04f50763 beq              x10, x15, 78        x10:00000046 x15:00000025
14223001ns          236853 1c008c9e 009005b3 add              x11, x0, x9         x11=00000002  x9:00000002
14223041ns          236855 1c008ca0 000c80e7 jalr             x1, x25, 0           x1=1c008ca2 x25:1c008bb6
14223478ns          236877 1c008bb6 000026b7 lui              x13, 0x2000         x13=00002000
14223518ns          236879 1c008bb8 f8068693 addi             x13, x13, -128      x13=00001f80 x13:00002000
14223538ns          236880 1c008bbc f14027f3 csrrs            x15, x0, 0xf14      x15=00000002
14223598ns          236883 1c008bc0 00379713 slli             x14, x15, 0x3       x14=00000010 x15:00000002
14223638ns          236885 1c008bc4 00279793 slli             x15, x15, 0x2       x15=00000008 x15:00000002
14223657ns          236886 1c008bc6 00d7f7b3 and              x15, x15, x13       x15=00000000 x15:00000008 x13:00001f80
14223677ns          236887 1c008bc8 ee873733 p.bclr           x14, x14, 23, 8     x14=00000010 x14:00000010
14223697ns          236888 1c008bcc 1a10f6b7 lui              x13, 0x1a10f000     x13=1a10f000
14223717ns          236889 1c008bd0 00d70733 add              x14, x14, x13       x14=1a10f010 x14:00000010 x13:1a10f000
14223737ns          236890 1c008bd2 00e787b3 add              x15, x15, x14       x15=1a10f010 x15:00000000 x14:1a10f010
14223757ns          236891 1c008bd4 0ff57513 andi             x10, x10, 255       x10=00000046 x10:00000046
14223777ns          236892 1c008bd8 00a7a023 sw               x10, 0(x15)         x10:00000046 x15:1a10f010  PA:1a10f010
14224234ns          236915 1c008bda 00000513 addi             x10, x0, 0          x10=00000000
14224254ns          236916 1c008bdc 00008067 jalr             x0, x1, 0            x1:1c008ca2
14224314ns          236919 1c008ca2 4df52863 p.beqimm         x10, 1232           x10:00000000
14224334ns          236920 1c008ca6 00140413 addi             x8, x8, 1            x8=00000001  x8:00000000
14224353ns          236921 1c008ca8 001a450b p.lbu            x10, 1(x20!)        x10=00000046 x20=1c00005a x20:1c000059  PA:1c000059
14224692ns          236938 1c008cac fe0515e3 bne              x10, x0, -22        x10:00000046
14224771ns          236942 1c008c96 02500793 addi             x15, x0, 37         x15=00000025
14224791ns          236943 1c008c9a 04f50763 beq              x10, x15, 78        x10:00000046 x15:00000025
14224811ns          236944 1c008c9e 009005b3 add              x11, x0, x9         x11=00000002  x9:00000002
14224831ns          236945 1c008ca0 000c80e7 jalr             x1, x25, 0           x1=1c008ca2 x25:1c008bb6
14224871ns          236947 1c008bb6 000026b7 lui              x13, 0x2000         x13=00002000
14224890ns          236948 1c008bb8 f8068693 addi             x13, x13, -128      x13=00001f80 x13:00002000
14224910ns          236949 1c008bbc f14027f3 csrrs            x15, x0, 0xf14      x15=00000002
14224930ns          236950 1c008bc0 00379713 slli             x14, x15, 0x3       x14=00000010 x15:00000002
14224950ns          236951 1c008bc4 00279793 slli             x15, x15, 0x2       x15=00000008 x15:00000002
14224970ns          236952 1c008bc6 00d7f7b3 and              x15, x15, x13       x15=00000000 x15:00000008 x13:00001f80
14224990ns          236953 1c008bc8 ee873733 p.bclr           x14, x14, 23, 8     x14=00000010 x14:00000010
14225010ns          236954 1c008bcc 1a10f6b7 lui              x13, 0x1a10f000     x13=1a10f000
14225030ns          236955 1c008bd0 00d70733 add              x14, x14, x13       x14=1a10f010 x14:00000010 x13:1a10f000
14225050ns          236956 1c008bd2 00e787b3 add              x15, x15, x14       x15=1a10f010 x15:00000000 x14:1a10f010
14225069ns          236957 1c008bd4 0ff57513 andi             x10, x10, 255       x10=00000046 x10:00000046
14225089ns          236958 1c008bd8 00a7a023 sw               x10, 0(x15)         x10:00000046 x15:1a10f010  PA:1a10f010
14225408ns          236974 1c008bda 00000513 addi             x10, x0, 0          x10=00000000
14225427ns          236975 1c008bdc 00008067 jalr             x0, x1, 0            x1:1c008ca2
14225487ns          236978 1c008ca2 4df52863 p.beqimm         x10, 1232           x10:00000000
14225507ns          236979 1c008ca6 00140413 addi             x8, x8, 1            x8=00000002  x8:00000001
14225527ns          236980 1c008ca8 001a450b p.lbu            x10, 1(x20!)        x10=00000054 x20=1c00005b x20:1c00005a  PA:1c00005a
14225845ns          236996 1c008cac fe0515e3 bne              x10, x0, -22        x10:00000054
14225925ns          237000 1c008c96 02500793 addi             x15, x0, 37         x15=00000025
14225945ns          237001 1c008c9a 04f50763 beq              x10, x15, 78        x10:00000054 x15:00000025
14225964ns          237002 1c008c9e 009005b3 add              x11, x0, x9         x11=00000002  x9:00000002
14225984ns          237003 1c008ca0 000c80e7 jalr             x1, x25, 0           x1=1c008ca2 x25:1c008bb6
14226024ns          237005 1c008bb6 000026b7 lui              x13, 0x2000         x13=00002000
14226044ns          237006 1c008bb8 f8068693 addi             x13, x13, -128      x13=00001f80 x13:00002000
14226064ns          237007 1c008bbc f14027f3 csrrs            x15, x0, 0xf14      x15=00000002
14226084ns          237008 1c008bc0 00379713 slli             x14, x15, 0x3       x14=00000010 x15:00000002
14226104ns          237009 1c008bc4 00279793 slli             x15, x15, 0x2       x15=00000008 x15:00000002
14226124ns          237010 1c008bc6 00d7f7b3 and              x15, x15, x13       x15=00000000 x15:00000008 x13:00001f80
14226143ns          237011 1c008bc8 ee873733 p.bclr           x14, x14, 23, 8     x14=00000010 x14:00000010
14226163ns          237012 1c008bcc 1a10f6b7 lui              x13, 0x1a10f000     x13=1a10f000
14226183ns          237013 1c008bd0 00d70733 add              x14, x14, x13       x14=1a10f010 x14:00000010 x13:1a10f000
14226203ns          237014 1c008bd2 00e787b3 add              x15, x15, x14       x15=1a10f010 x15:00000000 x14:1a10f010
14226223ns          237015 1c008bd4 0ff57513 andi             x10, x10, 255       x10=00000054 x10:00000054
14226243ns          237016 1c008bd8 00a7a023 sw               x10, 0(x15)         x10:00000054 x15:1a10f010  PA:1a10f010
14226561ns          237032 1c008bda 00000513 addi             x10, x0, 0          x10=00000000
14226581ns          237033 1c008bdc 00008067 jalr             x0, x1, 0            x1:1c008ca2
14226641ns          237036 1c008ca2 4df52863 p.beqimm         x10, 1232           x10:00000000
14226660ns          237037 1c008ca6 00140413 addi             x8, x8, 1            x8=00000003  x8:00000002
14226680ns          237038 1c008ca8 001a450b p.lbu            x10, 1(x20!)        x10=00000025 x20=1c00005c x20:1c00005b  PA:1c00005b
14226999ns          237054 1c008cac fe0515e3 bne              x10, x0, -22        x10:00000025
14227078ns          237058 1c008c96 02500793 addi             x15, x0, 37         x15=00000025
14227098ns          237059 1c008c9a 04f50763 beq              x10, x15, 78        x10:00000025 x15:00000025
14227197ns          237064 1c008ce8 01400c33 add              x24, x0, x20        x24=1c00005c x20:1c00005c
14227237ns          237066 1c008cea 000c4a03 lbu              x20, 0(x24)         x20=00000064 x24:1c00005c  PA:1c00005c
14227555ns          237082 1c008cee 0b4d0513 addi             x10, x26, 180       x10=1c0000b4 x26:1c000000
14227575ns          237083 1c008cf2 00912e23 sw               x9, 28(x2)           x9:00000002  x2:10001618  PA:10001634
14227595ns          237084 1c008cf4 014005b3 add              x11, x0, x20        x11=00000064 x20:00000064
14227615ns          237085 1c008cf6 00012823 sw               x0, 16(x2)           x2:10001618  PA:10001628
14227635ns          237086 1c008cf8 00012a23 sw               x0, 20(x2)           x2:10001618  PA:1000162c
14227655ns          237087 1c008cfa 00012623 sw               x0, 12(x2)           x2:10001618  PA:10001624
14227675ns          237088 1c008cfc 001c0493 addi             x9, x24, 1           x9=1c00005d x24:1c00005c
14227695ns          237089 1c008d00 e41ff0ef jal              x1, -448             x1=1c008d02
14227774ns          237093 1c008b40 00054703 lbu              x14, 0(x10)         x14=0000002d x10:1c0000b4  PA:1c0000b4
14228092ns          237109 1c008b44 0ff5f593 andi             x11, x11, 255       x11=00000064 x11:00000064
14228112ns          237110 1c008b48 00a007b3 add              x15, x0, x10        x15=1c0000b4 x10:1c0000b4
14228132ns          237111 1c008b4a 00b70863 beq              x14, x11, 16        x14:0000002d x11:00000064
14228152ns          237112 1c008b4e 00070863 beq              x14, x0, 16         x14:0000002d
14228172ns          237113 1c008b50 0017c703 lbu              x14, 1(x15)         x14=0000002b x15:1c0000b4  PA:1c0000b5
14228470ns          237128 1c008b54 00178793 addi             x15, x15, 1         x15=1c0000b5 x15:1c0000b4
14228490ns          237129 1c008b56 feb71ce3 bne              x14, x11, -8        x14:0000002b x11:00000064
14228550ns          237132 1c008b4e 00070863 beq              x14, x0, 16         x14:0000002b
14228570ns          237133 1c008b50 0017c703 lbu              x14, 1(x15)         x14=00000020 x15:1c0000b5  PA:1c0000b6
14228888ns          237149 1c008b54 00178793 addi             x15, x15, 1         x15=1c0000b6 x15:1c0000b5
14228908ns          237150 1c008b56 feb71ce3 bne              x14, x11, -8        x14:00000020 x11:00000064
14228968ns          237153 1c008b4e 00070863 beq              x14, x0, 16         x14:00000020
14228987ns          237154 1c008b50 0017c703 lbu              x14, 1(x15)         x14=00000023 x15:1c0000b6  PA:1c0000b7
14229286ns          237169 1c008b54 00178793 addi             x15, x15, 1         x15=1c0000b7 x15:1c0000b6
14229306ns          237170 1c008b56 feb71ce3 bne              x14, x11, -8        x14:00000023 x11:00000064
14229365ns          237173 1c008b4e 00070863 beq              x14, x0, 16         x14:00000023
14229385ns          237174 1c008b50 0017c703 lbu              x14, 1(x15)         x14=00000030 x15:1c0000b7  PA:1c0000b8
14229683ns          237189 1c008b54 00178793 addi             x15, x15, 1         x15=1c0000b8 x15:1c0000b7
14229703ns          237190 1c008b56 feb71ce3 bne              x14, x11, -8        x14:00000030 x11:00000064
14229763ns          237193 1c008b4e 00070863 beq              x14, x0, 16         x14:00000030
14229783ns          237194 1c008b50 0017c703 lbu              x14, 1(x15)         x14=00000000 x15:1c0000b8  PA:1c0000b9
14230081ns          237209 1c008b54 00178793 addi             x15, x15, 1         x15=1c0000b9 x15:1c0000b8
14230101ns          237210 1c008b56 feb71ce3 bne              x14, x11, -8        x14:00000000 x11:00000064
14230161ns          237213 1c008b4e 00070863 beq              x14, x0, 16         x14:00000000
14230220ns          237216 1c008b5e 00000513 addi             x10, x0, 0          x10=00000000
14230240ns          237217 1c008b60 fe058de3 beq              x11, x0, -6         x11:00000064
14230260ns          237218 1c008b62 00008067 jalr             x0, x1, 0            x1:1c008d02
14230320ns          237221 1c008d02 02000913 addi             x18, x0, 32         x18=00000020
14230340ns          237222 1c008d06 00000993 addi             x19, x0, 0          x19=00000000
14230360ns          237223 1c008d08 02b00a93 addi             x21, x0, 43         x21=0000002b
14230380ns          237224 1c008d0c 02d00b93 addi             x23, x0, 45         x23=0000002d
14230419ns          237226 1c008d10 03000b13 addi             x22, x0, 48         x22=00000030
14230459ns          237228 1c008d14 00900633 add              x12, x0, x9         x12=1c00005d  x9:1c00005d
14230479ns          237229 1c008d16 02050963 beq              x10, x0, 50         x10:00000000
14230638ns          237237 1c008d48 03312623 sw               x19, 44(x2)         x19:00000000  x2:10001618  PA:10001644
14230678ns          237239 1c008d4a 02a00693 addi             x13, x0, 42         x13=0000002a
14230698ns          237240 1c008d4e 014009b3 add              x19, x0, x20        x19=00000064 x20:00000064
14230738ns          237242 1c008d50 01800a33 add              x20, x0, x24        x20=1c00005c x24:1c00005c
14230757ns          237243 1c008d52 00900c33 add              x24, x0, x9         x24=1c00005d  x9:1c00005d
14230777ns          237244 1c008d54 01c12483 lw               x9, 28(x2)           x9=00000002  x2:10001618  PA:10001634
14230797ns          237245 1c008d56 42d98063 beq              x19, x13, 1056      x19:00000064 x13:0000002a
14230817ns          237246 1c008d5a fd098693 addi             x13, x19, -48       x13=00000034 x19:00000064
14230837ns          237247 1c008d5e 00900513 addi             x10, x0, 9          x10=00000009
14231235ns          237267 1c008d60 00000a93 addi             x21, x0, 0          x21=00000000
14231275ns          237269 1c008d62 3cd57f63 bgeu             x10, x13, 990       x10:00000009 x13:00000034
14231294ns          237270 1c008d66 02e00793 addi             x15, x0, 46         x15=0000002e
14231314ns          237271 1c008d6a fff00b13 addi             x22, x0, -1         x22=ffffffff
14231334ns          237272 1c008d6c 04f981e3 beq              x19, x15, 2114      x19:00000064 x15:0000002e
14231374ns          237274 1c008d70 1c0007b7 lui              x15, 0x1c000000     x15=1c000000
14231414ns          237276 1c008d74 013005b3 add              x11, x0, x19        x11=00000064 x19:00000064
14231434ns          237277 1c008d76 0bc78513 addi             x10, x15, 188       x10=1c0000bc x15:1c000000
14231454ns          237278 1c008d7a 00c12e23 sw               x12, 28(x2)         x12:1c00005d  x2:10001618  PA:10001634
14231473ns          237279 1c008d7c dc5ff0ef jal              x1, -572             x1=1c008d7e
14231553ns          237283 1c008b40 00054703 lbu              x14, 0(x10)         x14=00000068 x10:1c0000bc  PA:1c0000bc
14231971ns          237304 1c008b44 0ff5f593 andi             x11, x11, 255       x11=00000064 x11:00000064
14231990ns          237305 1c008b48 00a007b3 add              x15, x0, x10        x15=1c0000bc x10:1c0000bc
14232010ns          237306 1c008b4a 00b70863 beq              x14, x11, 16        x14:00000068 x11:00000064
14232030ns          237307 1c008b4e 00070863 beq              x14, x0, 16         x14:00000068
14232050ns          237308 1c008b50 0017c703 lbu              x14, 1(x15)         x14=0000006c x15:1c0000bc  PA:1c0000bd
14232348ns          237323 1c008b54 00178793 addi             x15, x15, 1         x15=1c0000bd x15:1c0000bc
14232368ns          237324 1c008b56 feb71ce3 bne              x14, x11, -8        x14:0000006c x11:00000064
14232428ns          237327 1c008b4e 00070863 beq              x14, x0, 16         x14:0000006c
14232448ns          237328 1c008b50 0017c703 lbu              x14, 1(x15)         x14=0000004c x15:1c0000bd  PA:1c0000be
14232786ns          237345 1c008b54 00178793 addi             x15, x15, 1         x15=1c0000be x15:1c0000bd
14232806ns          237346 1c008b56 feb71ce3 bne              x14, x11, -8        x14:0000004c x11:00000064
14232866ns          237349 1c008b4e 00070863 beq              x14, x0, 16         x14:0000004c
14232885ns          237350 1c008b50 0017c703 lbu              x14, 1(x15)         x14=0000007a x15:1c0000be  PA:1c0000bf
14233184ns          237365 1c008b54 00178793 addi             x15, x15, 1         x15=1c0000bf x15:1c0000be
14233204ns          237366 1c008b56 feb71ce3 bne              x14, x11, -8        x14:0000007a x11:00000064
14233263ns          237369 1c008b4e 00070863 beq              x14, x0, 16         x14:0000007a
14233283ns          237370 1c008b50 0017c703 lbu              x14, 1(x15)         x14=00000000 x15:1c0000bf  PA:1c0000c0
14233582ns          237385 1c008b54 00178793 addi             x15, x15, 1         x15=1c0000c0 x15:1c0000bf
14233601ns          237386 1c008b56 feb71ce3 bne              x14, x11, -8        x14:00000000 x11:00000064
14233661ns          237389 1c008b4e 00070863 beq              x14, x0, 16         x14:00000000
14233721ns          237392 1c008b5e 00000513 addi             x10, x0, 0          x10=00000000
14233741ns          237393 1c008b60 fe058de3 beq              x11, x0, -6         x11:00000064
14233761ns          237394 1c008b62 00008067 jalr             x0, x1, 0            x1:1c008d7e
14233800ns          237396 1c008d7e 01c12603 lw               x12, 28(x2)         x12=1c00005d  x2:10001618  PA:10001634
14233840ns          237398 1c008d80 00c00a33 add              x20, x0, x12        x20=1c00005d x12:1c00005d
14233860ns          237399 1c008d82 00050563 beq              x10, x0, 10         x10:00000000
14234178ns          237415 1c008d8c 06900793 addi             x15, x0, 105        x15=00000069
14234198ns          237416 1c008d90 1cf98be3 beq              x19, x15, 2518      x19:00000064 x15:00000069
14234218ns          237417 1c008d94 4b37ce63 blt              x15, x19, 1212      x15:00000069 x19:00000064
14234238ns          237418 1c008d98 05800793 addi             x15, x0, 88         x15=00000058
14234258ns          237419 1c008d9c 4cf98863 beq              x19, x15, 1232      x19:00000064 x15:00000058
14234735ns          237443 1c008da0 3f37cd63 blt              x15, x19, 1018      x15:00000058 x19:00000064
14234874ns          237450 1c00919a 06400793 addi             x15, x0, 100        x15=00000064
14234934ns          237453 1c00919e 5cf98463 beq              x19, x15, 1480      x19:00000064 x15:00000064
14235033ns          237458 1c009766 01812b83 lw               x23, 24(x2)         x23=1000177c  x2:10001618  PA:10001630
14235073ns          237460 1c009768 004ba60b p.lw             x12, 4(x23!)        x12=00000003 x23=10001780 x23:1000177c  PA:1000177c
14235113ns          237462 1c00976c 48064963 blt              x12, x0, 1170       x12:00000003
14235153ns          237464 1c009770 01412783 lw               x15, 20(x2)         x15=00000000  x2:10001618  PA:1000162c
14235173ns          237465 1c009772 00c00733 add              x14, x0, x12        x14=00000003 x12:00000003
14235192ns          237466 1c009774 56078863 beq              x15, x0, 1392       x15:00000000
14235292ns          237471 1c009ce4 01012783 lw               x15, 16(x2)         x15=00000000  x2:10001618  PA:10001628
14235312ns          237472 1c009ce6 01b00533 add              x10, x0, x27        x10=1000164c x27:1000164c
14235332ns          237473 1c009ce8 a8078ee3 beq              x15, x0, -1380      x15:00000000
14235491ns          237481 1c009784 00a007b3 add              x15, x0, x10        x15=1000164c x10:1000164c
14235511ns          237482 1c009786 00a00593 addi             x11, x0, 10         x11=0000000a
14235531ns          237483 1c009788 00900313 addi             x6, x0, 9            x6=00000009
14235550ns          237484 1c00978a 02b776b3 remu             x13, x14, x11       x13=00000003 x14:00000003 x11:0000000a
14236167ns          237515 1c00978e 00e00833 add              x16, x0, x14        x16=00000003 x14:00000003
14236187ns          237516 1c009790 00f008b3 add              x17, x0, x15        x17=1000164c x15:1000164c
14236207ns          237517 1c009792 03068693 addi             x13, x13, 48        x13=00000033 x13:00000003
14236227ns          237518 1c009796 00d780ab p.sb             x13, 1(x15!)        x15=1000164d x13:00000033 x15:1000164c  PA:1000164c
14236247ns          237519 1c00979a 02b75733 divu             x14, x14, x11       x14=00000000 x14:00000003 x11:0000000a
14236883ns          237551 1c00979e ff0366e3 bltu             x6, x16, -20         x6:00000009 x16:00000003
14236903ns          237552 1c0097a2 40a78733 sub              x14, x15, x10       x14=00000001 x15:1000164d x10:1000164c
14236923ns          237553 1c0097a6 01675c63 bge              x14, x22, 24        x14:00000001 x22:ffffffff
14237420ns          237578 1c0097be 00078023 sb               x0, 0(x15)          x15:1000164d  PA:1000164d
14237460ns          237580 1c0097c2 0b157563 bgeu             x10, x17, 170       x10:1000164c x17:1000164c
14237559ns          237585 1c00986c 01412703 lw               x14, 20(x2)         x14=00000000  x2:10001618  PA:1000162c
14237579ns          237586 1c00986e 01012683 lw               x13, 16(x2)         x13=00000000  x2:10001618  PA:10001628
14237639ns          237589 1c009870 41b787b3 sub              x15, x15, x27       x15=00000001 x15:1000164d x27:1000164c
14237678ns          237591 1c009874 00d76733 or               x14, x14, x13       x14=00000000 x14:00000000 x13:00000000
14237698ns          237592 1c009876 02e12623 sw               x14, 44(x2)         x14:00000000  x2:10001618  PA:10001644
14237738ns          237594 1c009878 b0071be3 bne              x14, x0, -1258      x14:00000000
14237758ns          237595 1c00987c 01f65713 srli             x14, x12, 0x1f      x14=00000000 x12:00000003
14237778ns          237596 1c009880 02e12623 sw               x14, 44(x2)         x14:00000000  x2:10001618  PA:10001644
14237877ns          237601 1c009882 b0dff06f jal              x0, -1268          
14237957ns          237605 1c00938e ebfb2be3 p.beqimm         x22, -330           x22:ffffffff
14238056ns          237610 1c009244 0c800713 addi             x14, x0, 200        x14=000000c8
14238096ns          237612 1c009248 14f75b63 bge              x14, x15, 342       x14:000000c8 x15:00000001
14238275ns          237621 1c00939e 00178613 addi             x12, x15, 1         x12=00000002 x15:00000001
14238315ns          237623 1c0093a2 0557c863 blt              x15, x21, 80        x15:00000001 x21:00000000
14238335ns          237624 1c0093a6 01712c23 sw               x23, 24(x2)         x23:10001780  x2:10001618  PA:10001630
14238355ns          237625 1c0093a8 00f00ab3 add              x21, x0, x15        x21=00000001 x15:00000001
14238375ns          237626 1c0093aa 8e0a8fe3 beq              x21, x0, -1794      x21:00000001
14238394ns          237627 1c0093ae 01b00933 add              x18, x0, x27        x18=1000164c x27:1000164c
14238414ns          237628 1c0093b0 41b409b3 sub              x19, x8, x27        x19=efffe9b7  x8:00000003 x27:1000164c
14238434ns          237629 1c0093b4 01ba8ab3 add              x21, x21, x27       x21=1000164d x21:00000001 x27:1000164c
14238454ns          237630 1c0093b6 00a0006f jal              x0, 10             
14238872ns          237651 1c0093c0 0019450b p.lbu            x10, 1(x18!)        x10=00000033 x18=1000164d x18:1000164c  PA:1000164c
14238892ns          237652 1c0093c4 009005b3 add              x11, x0, x9         x11=00000002  x9:00000002
14238912ns          237653 1c0093c6 000c80e7 jalr             x1, x25, 0           x1=1c0093c8 x25:1c008bb6
14238951ns          237655 1c008bb6 000026b7 lui              x13, 0x2000         x13=00002000
14238971ns          237656 1c008bb8 f8068693 addi             x13, x13, -128      x13=00001f80 x13:00002000
14238991ns          237657 1c008bbc f14027f3 csrrs            x15, x0, 0xf14      x15=00000002
14239011ns          237658 1c008bc0 00379713 slli             x14, x15, 0x3       x14=00000010 x15:00000002
14239031ns          237659 1c008bc4 00279793 slli             x15, x15, 0x2       x15=00000008 x15:00000002
14239051ns          237660 1c008bc6 00d7f7b3 and              x15, x15, x13       x15=00000000 x15:00000008 x13:00001f80
14239071ns          237661 1c008bc8 ee873733 p.bclr           x14, x14, 23, 8     x14=00000010 x14:00000010
14239090ns          237662 1c008bcc 1a10f6b7 lui              x13, 0x1a10f000     x13=1a10f000
14239130ns          237664 1c008bd0 00d70733 add              x14, x14, x13       x14=1a10f010 x14:00000010 x13:1a10f000
14239150ns          237665 1c008bd2 00e787b3 add              x15, x15, x14       x15=1a10f010 x15:00000000 x14:1a10f010
14239170ns          237666 1c008bd4 0ff57513 andi             x10, x10, 255       x10=00000033 x10:00000033
14239190ns          237667 1c008bd8 00a7a023 sw               x10, 0(x15)         x10:00000033 x15:1a10f010  PA:1a10f010
14239588ns          237687 1c008bda 00000513 addi             x10, x0, 0          x10=00000000
14239608ns          237688 1c008bdc 00008067 jalr             x0, x1, 0            x1:1c0093c8
14239647ns          237690 1c0093c8 fff538e3 p.bneimm         x10, -16            x10:00000000
14239767ns          237696 1c0093b8 01298433 add              x8, x19, x18         x8=00000004 x19:efffe9b7 x18:1000164d
14239787ns          237697 1c0093bc 8f2a86e3 beq              x21, x18, -1812     x21:1000164d x18:1000164d
14239846ns          237700 1c008ca8 001a450b p.lbu            x10, 1(x20!)        x10=00000020 x20=1c00005e x20:1c00005d  PA:1c00005d
14240164ns          237716 1c008cac fe0515e3 bne              x10, x0, -22        x10:00000020
14240304ns          237723 1c008c96 02500793 addi             x15, x0, 37         x15=00000025
14240324ns          237724 1c008c9a 04f50763 beq              x10, x15, 78        x10:00000020 x15:00000025
14240343ns          237725 1c008c9e 009005b3 add              x11, x0, x9         x11=00000002  x9:00000002
14240363ns          237726 1c008ca0 000c80e7 jalr             x1, x25, 0           x1=1c008ca2 x25:1c008bb6
14240403ns          237728 1c008bb6 000026b7 lui              x13, 0x2000         x13=00002000
14240423ns          237729 1c008bb8 f8068693 addi             x13, x13, -128      x13=00001f80 x13:00002000
14240443ns          237730 1c008bbc f14027f3 csrrs            x15, x0, 0xf14      x15=00000002
14240463ns          237731 1c008bc0 00379713 slli             x14, x15, 0x3       x14=00000010 x15:00000002
14240483ns          237732 1c008bc4 00279793 slli             x15, x15, 0x2       x15=00000008 x15:00000002
14240503ns          237733 1c008bc6 00d7f7b3 and              x15, x15, x13       x15=00000000 x15:00000008 x13:00001f80
14240522ns          237734 1c008bc8 ee873733 p.bclr           x14, x14, 23, 8     x14=00000010 x14:00000010
14240542ns          237735 1c008bcc 1a10f6b7 lui              x13, 0x1a10f000     x13=1a10f000
14240562ns          237736 1c008bd0 00d70733 add              x14, x14, x13       x14=1a10f010 x14:00000010 x13:1a10f000
14240582ns          237737 1c008bd2 00e787b3 add              x15, x15, x14       x15=1a10f010 x15:00000000 x14:1a10f010
14240602ns          237738 1c008bd4 0ff57513 andi             x10, x10, 255       x10=00000020 x10:00000020
14240622ns          237739 1c008bd8 00a7a023 sw               x10, 0(x15)         x10:00000020 x15:1a10f010  PA:1a10f010
14240940ns          237755 1c008bda 00000513 addi             x10, x0, 0          x10=00000000
14240960ns          237756 1c008bdc 00008067 jalr             x0, x1, 0            x1:1c008ca2
14241020ns          237759 1c008ca2 4df52863 p.beqimm         x10, 1232           x10:00000000
14241040ns          237760 1c008ca6 00140413 addi             x8, x8, 1            x8=00000005  x8:00000004
14241059ns          237761 1c008ca8 001a450b p.lbu            x10, 1(x20!)        x10=00000028 x20=1c00005f x20:1c00005e  PA:1c00005e
14241378ns          237777 1c008cac fe0515e3 bne              x10, x0, -22        x10:00000028
14241457ns          237781 1c008c96 02500793 addi             x15, x0, 37         x15=00000025
14241477ns          237782 1c008c9a 04f50763 beq              x10, x15, 78        x10:00000028 x15:00000025
14241497ns          237783 1c008c9e 009005b3 add              x11, x0, x9         x11=00000002  x9:00000002
14241517ns          237784 1c008ca0 000c80e7 jalr             x1, x25, 0           x1=1c008ca2 x25:1c008bb6
14241557ns          237786 1c008bb6 000026b7 lui              x13, 0x2000         x13=00002000
14241576ns          237787 1c008bb8 f8068693 addi             x13, x13, -128      x13=00001f80 x13:00002000
14241596ns          237788 1c008bbc f14027f3 csrrs            x15, x0, 0xf14      x15=00000002
14241616ns          237789 1c008bc0 00379713 slli             x14, x15, 0x3       x14=00000010 x15:00000002
14241636ns          237790 1c008bc4 00279793 slli             x15, x15, 0x2       x15=00000008 x15:00000002
14241656ns          237791 1c008bc6 00d7f7b3 and              x15, x15, x13       x15=00000000 x15:00000008 x13:00001f80
14241676ns          237792 1c008bc8 ee873733 p.bclr           x14, x14, 23, 8     x14=00000010 x14:00000010
14241696ns          237793 1c008bcc 1a10f6b7 lui              x13, 0x1a10f000     x13=1a10f000
14241716ns          237794 1c008bd0 00d70733 add              x14, x14, x13       x14=1a10f010 x14:00000010 x13:1a10f000
14241736ns          237795 1c008bd2 00e787b3 add              x15, x15, x14       x15=1a10f010 x15:00000000 x14:1a10f010
14241755ns          237796 1c008bd4 0ff57513 andi             x10, x10, 255       x10=00000028 x10:00000028
14241775ns          237797 1c008bd8 00a7a023 sw               x10, 0(x15)         x10:00000028 x15:1a10f010  PA:1a10f010
14242094ns          237813 1c008bda 00000513 addi             x10, x0, 0          x10=00000000
14242113ns          237814 1c008bdc 00008067 jalr             x0, x1, 0            x1:1c008ca2
14242173ns          237817 1c008ca2 4df52863 p.beqimm         x10, 1232           x10:00000000
14242193ns          237818 1c008ca6 00140413 addi             x8, x8, 1            x8=00000006  x8:00000005
14242213ns          237819 1c008ca8 001a450b p.lbu            x10, 1(x20!)        x10=00000043 x20=1c000060 x20:1c00005f  PA:1c00005f
14242531ns          237835 1c008cac fe0515e3 bne              x10, x0, -22        x10:00000043
14242611ns          237839 1c008c96 02500793 addi             x15, x0, 37         x15=00000025
14242631ns          237840 1c008c9a 04f50763 beq              x10, x15, 78        x10:00000043 x15:00000025
14242650ns          237841 1c008c9e 009005b3 add              x11, x0, x9         x11=00000002  x9:00000002
14242670ns          237842 1c008ca0 000c80e7 jalr             x1, x25, 0           x1=1c008ca2 x25:1c008bb6
14242710ns          237844 1c008bb6 000026b7 lui              x13, 0x2000         x13=00002000
14242730ns          237845 1c008bb8 f8068693 addi             x13, x13, -128      x13=00001f80 x13:00002000
14242750ns          237846 1c008bbc f14027f3 csrrs            x15, x0, 0xf14      x15=00000002
14242770ns          237847 1c008bc0 00379713 slli             x14, x15, 0x3       x14=00000010 x15:00000002
14242790ns          237848 1c008bc4 00279793 slli             x15, x15, 0x2       x15=00000008 x15:00000002
14242810ns          237849 1c008bc6 00d7f7b3 and              x15, x15, x13       x15=00000000 x15:00000008 x13:00001f80
14242829ns          237850 1c008bc8 ee873733 p.bclr           x14, x14, 23, 8     x14=00000010 x14:00000010
14242849ns          237851 1c008bcc 1a10f6b7 lui              x13, 0x1a10f000     x13=1a10f000
14242869ns          237852 1c008bd0 00d70733 add              x14, x14, x13       x14=1a10f010 x14:00000010 x13:1a10f000
14242889ns          237853 1c008bd2 00e787b3 add              x15, x15, x14       x15=1a10f010 x15:00000000 x14:1a10f010
14242909ns          237854 1c008bd4 0ff57513 andi             x10, x10, 255       x10=00000043 x10:00000043
14242929ns          237855 1c008bd8 00a7a023 sw               x10, 0(x15)         x10:00000043 x15:1a10f010  PA:1a10f010
14243267ns          237872 1c008bda 00000513 addi             x10, x0, 0          x10=00000000
14243287ns          237873 1c008bdc 00008067 jalr             x0, x1, 0            x1:1c008ca2
14243347ns          237876 1c008ca2 4df52863 p.beqimm         x10, 1232           x10:00000000
14243366ns          237877 1c008ca6 00140413 addi             x8, x8, 1            x8=00000007  x8:00000006
14243386ns          237878 1c008ca8 001a450b p.lbu            x10, 1(x20!)        x10=0000006f x20=1c000061 x20:1c000060  PA:1c000060
14243705ns          237894 1c008cac fe0515e3 bne              x10, x0, -22        x10:0000006f
14243784ns          237898 1c008c96 02500793 addi             x15, x0, 37         x15=00000025
14243804ns          237899 1c008c9a 04f50763 beq              x10, x15, 78        x10:0000006f x15:00000025
14243824ns          237900 1c008c9e 009005b3 add              x11, x0, x9         x11=00000002  x9:00000002
14243844ns          237901 1c008ca0 000c80e7 jalr             x1, x25, 0           x1=1c008ca2 x25:1c008bb6
14243884ns          237903 1c008bb6 000026b7 lui              x13, 0x2000         x13=00002000
14243903ns          237904 1c008bb8 f8068693 addi             x13, x13, -128      x13=00001f80 x13:00002000
14243923ns          237905 1c008bbc f14027f3 csrrs            x15, x0, 0xf14      x15=00000002
14243943ns          237906 1c008bc0 00379713 slli             x14, x15, 0x3       x14=00000010 x15:00000002
14243963ns          237907 1c008bc4 00279793 slli             x15, x15, 0x2       x15=00000008 x15:00000002
14243983ns          237908 1c008bc6 00d7f7b3 and              x15, x15, x13       x15=00000000 x15:00000008 x13:00001f80
14244003ns          237909 1c008bc8 ee873733 p.bclr           x14, x14, 23, 8     x14=00000010 x14:00000010
14244023ns          237910 1c008bcc 1a10f6b7 lui              x13, 0x1a10f000     x13=1a10f000
14244043ns          237911 1c008bd0 00d70733 add              x14, x14, x13       x14=1a10f010 x14:00000010 x13:1a10f000
14244062ns          237912 1c008bd2 00e787b3 add              x15, x15, x14       x15=1a10f010 x15:00000000 x14:1a10f010
14244082ns          237913 1c008bd4 0ff57513 andi             x10, x10, 255       x10=0000006f x10:0000006f
14244102ns          237914 1c008bd8 00a7a023 sw               x10, 0(x15)         x10:0000006f x15:1a10f010  PA:1a10f010
14244460ns          237932 1c008bda 00000513 addi             x10, x0, 0          x10=00000000
14244480ns          237933 1c008bdc 00008067 jalr             x0, x1, 0            x1:1c008ca2
14244540ns          237936 1c008ca2 4df52863 p.beqimm         x10, 1232           x10:00000000
14244560ns          237937 1c008ca6 00140413 addi             x8, x8, 1            x8=00000008  x8:00000007
14244580ns          237938 1c008ca8 001a450b p.lbu            x10, 1(x20!)        x10=00000072 x20=1c000062 x20:1c000061  PA:1c000061
14244898ns          237954 1c008cac fe0515e3 bne              x10, x0, -22        x10:00000072
14244977ns          237958 1c008c96 02500793 addi             x15, x0, 37         x15=00000025
14244997ns          237959 1c008c9a 04f50763 beq              x10, x15, 78        x10:00000072 x15:00000025
14245017ns          237960 1c008c9e 009005b3 add              x11, x0, x9         x11=00000002  x9:00000002
14245037ns          237961 1c008ca0 000c80e7 jalr             x1, x25, 0           x1=1c008ca2 x25:1c008bb6
14245077ns          237963 1c008bb6 000026b7 lui              x13, 0x2000         x13=00002000
14245097ns          237964 1c008bb8 f8068693 addi             x13, x13, -128      x13=00001f80 x13:00002000
14245117ns          237965 1c008bbc f14027f3 csrrs            x15, x0, 0xf14      x15=00000002
14245136ns          237966 1c008bc0 00379713 slli             x14, x15, 0x3       x14=00000010 x15:00000002
14245156ns          237967 1c008bc4 00279793 slli             x15, x15, 0x2       x15=00000008 x15:00000002
14245176ns          237968 1c008bc6 00d7f7b3 and              x15, x15, x13       x15=00000000 x15:00000008 x13:00001f80
14245196ns          237969 1c008bc8 ee873733 p.bclr           x14, x14, 23, 8     x14=00000010 x14:00000010
14245216ns          237970 1c008bcc 1a10f6b7 lui              x13, 0x1a10f000     x13=1a10f000
14245236ns          237971 1c008bd0 00d70733 add              x14, x14, x13       x14=1a10f010 x14:00000010 x13:1a10f000
14245256ns          237972 1c008bd2 00e787b3 add              x15, x15, x14       x15=1a10f010 x15:00000000 x14:1a10f010
14245276ns          237973 1c008bd4 0ff57513 andi             x10, x10, 255       x10=00000072 x10:00000072
14245296ns          237974 1c008bd8 00a7a023 sw               x10, 0(x15)         x10:00000072 x15:1a10f010  PA:1a10f010
14245614ns          237990 1c008bda 00000513 addi             x10, x0, 0          x10=00000000
14245634ns          237991 1c008bdc 00008067 jalr             x0, x1, 0            x1:1c008ca2
14245693ns          237994 1c008ca2 4df52863 p.beqimm         x10, 1232           x10:00000000
14245713ns          237995 1c008ca6 00140413 addi             x8, x8, 1            x8=00000009  x8:00000008
14245733ns          237996 1c008ca8 001a450b p.lbu            x10, 1(x20!)        x10=00000065 x20=1c000063 x20:1c000062  PA:1c000062
14246051ns          238012 1c008cac fe0515e3 bne              x10, x0, -22        x10:00000065
14246131ns          238016 1c008c96 02500793 addi             x15, x0, 37         x15=00000025
14246151ns          238017 1c008c9a 04f50763 beq              x10, x15, 78        x10:00000065 x15:00000025
14246171ns          238018 1c008c9e 009005b3 add              x11, x0, x9         x11=00000002  x9:00000002
14246191ns          238019 1c008ca0 000c80e7 jalr             x1, x25, 0           x1=1c008ca2 x25:1c008bb6
14246230ns          238021 1c008bb6 000026b7 lui              x13, 0x2000         x13=00002000
14246250ns          238022 1c008bb8 f8068693 addi             x13, x13, -128      x13=00001f80 x13:00002000
14246270ns          238023 1c008bbc f14027f3 csrrs            x15, x0, 0xf14      x15=00000002
14246290ns          238024 1c008bc0 00379713 slli             x14, x15, 0x3       x14=00000010 x15:00000002
14246310ns          238025 1c008bc4 00279793 slli             x15, x15, 0x2       x15=00000008 x15:00000002
14246330ns          238026 1c008bc6 00d7f7b3 and              x15, x15, x13       x15=00000000 x15:00000008 x13:00001f80
14246350ns          238027 1c008bc8 ee873733 p.bclr           x14, x14, 23, 8     x14=00000010 x14:00000010
14246370ns          238028 1c008bcc 1a10f6b7 lui              x13, 0x1a10f000     x13=1a10f000
14246389ns          238029 1c008bd0 00d70733 add              x14, x14, x13       x14=1a10f010 x14:00000010 x13:1a10f000
14246409ns          238030 1c008bd2 00e787b3 add              x15, x15, x14       x15=1a10f010 x15:00000000 x14:1a10f010
14246429ns          238031 1c008bd4 0ff57513 andi             x10, x10, 255       x10=00000065 x10:00000065
14246449ns          238032 1c008bd8 00a7a023 sw               x10, 0(x15)         x10:00000065 x15:1a10f010  PA:1a10f010
14246787ns          238049 1c008bda 00000513 addi             x10, x0, 0          x10=00000000
14246807ns          238050 1c008bdc 00008067 jalr             x0, x1, 0            x1:1c008ca2
14246867ns          238053 1c008ca2 4df52863 p.beqimm         x10, 1232           x10:00000000
14246887ns          238054 1c008ca6 00140413 addi             x8, x8, 1            x8=0000000a  x8:00000009
14246906ns          238055 1c008ca8 001a450b p.lbu            x10, 1(x20!)        x10=00000020 x20=1c000064 x20:1c000063  PA:1c000063
14247225ns          238071 1c008cac fe0515e3 bne              x10, x0, -22        x10:00000020
14247304ns          238075 1c008c96 02500793 addi             x15, x0, 37         x15=00000025
14247324ns          238076 1c008c9a 04f50763 beq              x10, x15, 78        x10:00000020 x15:00000025
14247344ns          238077 1c008c9e 009005b3 add              x11, x0, x9         x11=00000002  x9:00000002
14247364ns          238078 1c008ca0 000c80e7 jalr             x1, x25, 0           x1=1c008ca2 x25:1c008bb6
14247404ns          238080 1c008bb6 000026b7 lui              x13, 0x2000         x13=00002000
14247424ns          238081 1c008bb8 f8068693 addi             x13, x13, -128      x13=00001f80 x13:00002000
14247443ns          238082 1c008bbc f14027f3 csrrs            x15, x0, 0xf14      x15=00000002
14247463ns          238083 1c008bc0 00379713 slli             x14, x15, 0x3       x14=00000010 x15:00000002
14247483ns          238084 1c008bc4 00279793 slli             x15, x15, 0x2       x15=00000008 x15:00000002
14247503ns          238085 1c008bc6 00d7f7b3 and              x15, x15, x13       x15=00000000 x15:00000008 x13:00001f80
14247523ns          238086 1c008bc8 ee873733 p.bclr           x14, x14, 23, 8     x14=00000010 x14:00000010
14247543ns          238087 1c008bcc 1a10f6b7 lui              x13, 0x1a10f000     x13=1a10f000
14247563ns          238088 1c008bd0 00d70733 add              x14, x14, x13       x14=1a10f010 x14:00000010 x13:1a10f000
14247583ns          238089 1c008bd2 00e787b3 add              x15, x15, x14       x15=1a10f010 x15:00000000 x14:1a10f010
14247603ns          238090 1c008bd4 0ff57513 andi             x10, x10, 255       x10=00000020 x10:00000020
14247622ns          238091 1c008bd8 00a7a023 sw               x10, 0(x15)         x10:00000020 x15:1a10f010  PA:1a10f010
14247961ns          238108 1c008bda 00000513 addi             x10, x0, 0          x10=00000000
14247980ns          238109 1c008bdc 00008067 jalr             x0, x1, 0            x1:1c008ca2
14248040ns          238112 1c008ca2 4df52863 p.beqimm         x10, 1232           x10:00000000
14248060ns          238113 1c008ca6 00140413 addi             x8, x8, 1            x8=0000000b  x8:0000000a
14248080ns          238114 1c008ca8 001a450b p.lbu            x10, 1(x20!)        x10=00000025 x20=1c000065 x20:1c000064  PA:1c000064
14248418ns          238131 1c008cac fe0515e3 bne              x10, x0, -22        x10:00000025
14248498ns          238135 1c008c96 02500793 addi             x15, x0, 37         x15=00000025
14248517ns          238136 1c008c9a 04f50763 beq              x10, x15, 78        x10:00000025 x15:00000025
14248617ns          238141 1c008ce8 01400c33 add              x24, x0, x20        x24=1c000065 x20:1c000065
14248657ns          238143 1c008cea 000c4a03 lbu              x20, 0(x24)         x20=00000064 x24:1c000065  PA:1c000065
14248955ns          238158 1c008cee 0b4d0513 addi             x10, x26, 180       x10=1c0000b4 x26:1c000000
14248975ns          238159 1c008cf2 00912e23 sw               x9, 28(x2)           x9:00000002  x2:10001618  PA:10001634
14248995ns          238160 1c008cf4 014005b3 add              x11, x0, x20        x11=00000064 x20:00000064
14249015ns          238161 1c008cf6 00012823 sw               x0, 16(x2)           x2:10001618  PA:10001628
14249034ns          238162 1c008cf8 00012a23 sw               x0, 20(x2)           x2:10001618  PA:1000162c
14249054ns          238163 1c008cfa 00012623 sw               x0, 12(x2)           x2:10001618  PA:10001624
14249074ns          238164 1c008cfc 001c0493 addi             x9, x24, 1           x9=1c000066 x24:1c000065
14249094ns          238165 1c008d00 e41ff0ef jal              x1, -448             x1=1c008d02
14249134ns          238167 1c008b40 00054703 lbu              x14, 0(x10)         x14=0000002d x10:1c0000b4  PA:1c0000b4
14249432ns          238182 1c008b44 0ff5f593 andi             x11, x11, 255       x11=00000064 x11:00000064
14249452ns          238183 1c008b48 00a007b3 add              x15, x0, x10        x15=1c0000b4 x10:1c0000b4
14249472ns          238184 1c008b4a 00b70863 beq              x14, x11, 16        x14:0000002d x11:00000064
14249492ns          238185 1c008b4e 00070863 beq              x14, x0, 16         x14:0000002d
14249512ns          238186 1c008b50 0017c703 lbu              x14, 1(x15)         x14=0000002b x15:1c0000b4  PA:1c0000b5
14249830ns          238202 1c008b54 00178793 addi             x15, x15, 1         x15=1c0000b5 x15:1c0000b4
14249850ns          238203 1c008b56 feb71ce3 bne              x14, x11, -8        x14:0000002b x11:00000064
14249910ns          238206 1c008b4e 00070863 beq              x14, x0, 16         x14:0000002b
14249929ns          238207 1c008b50 0017c703 lbu              x14, 1(x15)         x14=00000020 x15:1c0000b5  PA:1c0000b6
14250228ns          238222 1c008b54 00178793 addi             x15, x15, 1         x15=1c0000b6 x15:1c0000b5
14250248ns          238223 1c008b56 feb71ce3 bne              x14, x11, -8        x14:00000020 x11:00000064
14250307ns          238226 1c008b4e 00070863 beq              x14, x0, 16         x14:00000020
14250327ns          238227 1c008b50 0017c703 lbu              x14, 1(x15)         x14=00000023 x15:1c0000b6  PA:1c0000b7
14250626ns          238242 1c008b54 00178793 addi             x15, x15, 1         x15=1c0000b7 x15:1c0000b6
14250645ns          238243 1c008b56 feb71ce3 bne              x14, x11, -8        x14:00000023 x11:00000064
14250705ns          238246 1c008b4e 00070863 beq              x14, x0, 16         x14:00000023
14250725ns          238247 1c008b50 0017c703 lbu              x14, 1(x15)         x14=00000030 x15:1c0000b7  PA:1c0000b8
14251043ns          238263 1c008b54 00178793 addi             x15, x15, 1         x15=1c0000b8 x15:1c0000b7
14251063ns          238264 1c008b56 feb71ce3 bne              x14, x11, -8        x14:00000030 x11:00000064
14251123ns          238267 1c008b4e 00070863 beq              x14, x0, 16         x14:00000030
14251143ns          238268 1c008b50 0017c703 lbu              x14, 1(x15)         x14=00000000 x15:1c0000b8  PA:1c0000b9
14251461ns          238284 1c008b54 00178793 addi             x15, x15, 1         x15=1c0000b9 x15:1c0000b8
14251481ns          238285 1c008b56 feb71ce3 bne              x14, x11, -8        x14:00000000 x11:00000064
14251540ns          238288 1c008b4e 00070863 beq              x14, x0, 16         x14:00000000
14251600ns          238291 1c008b5e 00000513 addi             x10, x0, 0          x10=00000000
14251620ns          238292 1c008b60 fe058de3 beq              x11, x0, -6         x11:00000064
14251640ns          238293 1c008b62 00008067 jalr             x0, x1, 0            x1:1c008d02
14251699ns          238296 1c008d02 02000913 addi             x18, x0, 32         x18=00000020
14251719ns          238297 1c008d06 00000993 addi             x19, x0, 0          x19=00000000
14251739ns          238298 1c008d08 02b00a93 addi             x21, x0, 43         x21=0000002b
14251759ns          238299 1c008d0c 02d00b93 addi             x23, x0, 45         x23=0000002d
14251799ns          238301 1c008d10 03000b13 addi             x22, x0, 48         x22=00000030
14251839ns          238303 1c008d14 00900633 add              x12, x0, x9         x12=1c000066  x9:1c000066
14251859ns          238304 1c008d16 02050963 beq              x10, x0, 50         x10:00000000
14252018ns          238312 1c008d48 03312623 sw               x19, 44(x2)         x19:00000000  x2:10001618  PA:10001644
14252057ns          238314 1c008d4a 02a00693 addi             x13, x0, 42         x13=0000002a
14252077ns          238315 1c008d4e 014009b3 add              x19, x0, x20        x19=00000064 x20:00000064
14252117ns          238317 1c008d50 01800a33 add              x20, x0, x24        x20=1c000065 x24:1c000065
14252137ns          238318 1c008d52 00900c33 add              x24, x0, x9         x24=1c000066  x9:1c000066
14252157ns          238319 1c008d54 01c12483 lw               x9, 28(x2)           x9=00000002  x2:10001618  PA:10001634
14252197ns          238321 1c008d56 42d98063 beq              x19, x13, 1056      x19:00000064 x13:0000002a
14252217ns          238322 1c008d5a fd098693 addi             x13, x19, -48       x13=00000034 x19:00000064
14252236ns          238323 1c008d5e 00900513 addi             x10, x0, 9          x10=00000009
14252256ns          238324 1c008d60 00000a93 addi             x21, x0, 0          x21=00000000
14252276ns          238325 1c008d62 3cd57f63 bgeu             x10, x13, 990       x10:00000009 x13:00000034
14252296ns          238326 1c008d66 02e00793 addi             x15, x0, 46         x15=0000002e
14252316ns          238327 1c008d6a fff00b13 addi             x22, x0, -1         x22=ffffffff
14252336ns          238328 1c008d6c 04f981e3 beq              x19, x15, 2114      x19:00000064 x15:0000002e
14252356ns          238329 1c008d70 1c0007b7 lui              x15, 0x1c000000     x15=1c000000
14252376ns          238330 1c008d74 013005b3 add              x11, x0, x19        x11=00000064 x19:00000064
14252396ns          238331 1c008d76 0bc78513 addi             x10, x15, 188       x10=1c0000bc x15:1c000000
14252415ns          238332 1c008d7a 00c12e23 sw               x12, 28(x2)         x12:1c000066  x2:10001618  PA:10001634
14252435ns          238333 1c008d7c dc5ff0ef jal              x1, -572             x1=1c008d7e
14252495ns          238336 1c008b40 00054703 lbu              x14, 0(x10)         x14=00000068 x10:1c0000bc  PA:1c0000bc
14252793ns          238351 1c008b44 0ff5f593 andi             x11, x11, 255       x11=00000064 x11:00000064
14252813ns          238352 1c008b48 00a007b3 add              x15, x0, x10        x15=1c0000bc x10:1c0000bc
14252833ns          238353 1c008b4a 00b70863 beq              x14, x11, 16        x14:00000068 x11:00000064
14252853ns          238354 1c008b4e 00070863 beq              x14, x0, 16         x14:00000068
14252873ns          238355 1c008b50 0017c703 lbu              x14, 1(x15)         x14=0000006c x15:1c0000bc  PA:1c0000bd
14253191ns          238371 1c008b54 00178793 addi             x15, x15, 1         x15=1c0000bd x15:1c0000bc
14253211ns          238372 1c008b56 feb71ce3 bne              x14, x11, -8        x14:0000006c x11:00000064
14253271ns          238375 1c008b4e 00070863 beq              x14, x0, 16         x14:0000006c
14253291ns          238376 1c008b50 0017c703 lbu              x14, 1(x15)         x14=0000004c x15:1c0000bd  PA:1c0000be
14253589ns          238391 1c008b54 00178793 addi             x15, x15, 1         x15=1c0000be x15:1c0000bd
14253609ns          238392 1c008b56 feb71ce3 bne              x14, x11, -8        x14:0000004c x11:00000064
14253668ns          238395 1c008b4e 00070863 beq              x14, x0, 16         x14:0000004c
14253688ns          238396 1c008b50 0017c703 lbu              x14, 1(x15)         x14=0000007a x15:1c0000be  PA:1c0000bf
14253987ns          238411 1c008b54 00178793 addi             x15, x15, 1         x15=1c0000bf x15:1c0000be
14254006ns          238412 1c008b56 feb71ce3 bne              x14, x11, -8        x14:0000007a x11:00000064
14254066ns          238415 1c008b4e 00070863 beq              x14, x0, 16         x14:0000007a
14254086ns          238416 1c008b50 0017c703 lbu              x14, 1(x15)         x14=00000000 x15:1c0000bf  PA:1c0000c0
14254384ns          238431 1c008b54 00178793 addi             x15, x15, 1         x15=1c0000c0 x15:1c0000bf
14254404ns          238432 1c008b56 feb71ce3 bne              x14, x11, -8        x14:00000000 x11:00000064
14254464ns          238435 1c008b4e 00070863 beq              x14, x0, 16         x14:00000000
14254524ns          238438 1c008b5e 00000513 addi             x10, x0, 0          x10=00000000
14254543ns          238439 1c008b60 fe058de3 beq              x11, x0, -6         x11:00000064
14254563ns          238440 1c008b62 00008067 jalr             x0, x1, 0            x1:1c008d7e
14254603ns          238442 1c008d7e 01c12603 lw               x12, 28(x2)         x12=1c000066  x2:10001618  PA:10001634
14254643ns          238444 1c008d80 00c00a33 add              x20, x0, x12        x20=1c000066 x12:1c000066
14254663ns          238445 1c008d82 00050563 beq              x10, x0, 10         x10:00000000
14254722ns          238448 1c008d8c 06900793 addi             x15, x0, 105        x15=00000069
14254742ns          238449 1c008d90 1cf98be3 beq              x19, x15, 2518      x19:00000064 x15:00000069
14254762ns          238450 1c008d94 4b37ce63 blt              x15, x19, 1212      x15:00000069 x19:00000064
14254782ns          238451 1c008d98 05800793 addi             x15, x0, 88         x15=00000058
14254802ns          238452 1c008d9c 4cf98863 beq              x19, x15, 1232      x19:00000064 x15:00000058
14254862ns          238455 1c008da0 3f37cd63 blt              x15, x19, 1018      x15:00000058 x19:00000064
14255001ns          238462 1c00919a 06400793 addi             x15, x0, 100        x15=00000064
14255061ns          238465 1c00919e 5cf98463 beq              x19, x15, 1480      x19:00000064 x15:00000064
14255160ns          238470 1c009766 01812b83 lw               x23, 24(x2)         x23=10001780  x2:10001618  PA:10001630
14255200ns          238472 1c009768 004ba60b p.lw             x12, 4(x23!)        x12=00000002 x23=10001784 x23:10001780  PA:10001780
14255240ns          238474 1c00976c 48064963 blt              x12, x0, 1170       x12:00000002
14255279ns          238476 1c009770 01412783 lw               x15, 20(x2)         x15=00000000  x2:10001618  PA:1000162c
14255299ns          238477 1c009772 00c00733 add              x14, x0, x12        x14=00000002 x12:00000002
14255319ns          238478 1c009774 56078863 beq              x15, x0, 1392       x15:00000000
14255438ns          238484 1c009ce4 01012783 lw               x15, 16(x2)         x15=00000000  x2:10001618  PA:10001628
14255458ns          238485 1c009ce6 01b00533 add              x10, x0, x27        x10=1000164c x27:1000164c
14255478ns          238486 1c009ce8 a8078ee3 beq              x15, x0, -1380      x15:00000000
14255538ns          238489 1c009784 00a007b3 add              x15, x0, x10        x15=1000164c x10:1000164c
14255558ns          238490 1c009786 00a00593 addi             x11, x0, 10         x11=0000000a
14255578ns          238491 1c009788 00900313 addi             x6, x0, 9            x6=00000009
14255598ns          238492 1c00978a 02b776b3 remu             x13, x14, x11       x13=00000002 x14:00000002 x11:0000000a
14256214ns          238523 1c00978e 00e00833 add              x16, x0, x14        x16=00000002 x14:00000002
14256234ns          238524 1c009790 00f008b3 add              x17, x0, x15        x17=1000164c x15:1000164c
14256254ns          238525 1c009792 03068693 addi             x13, x13, 48        x13=00000032 x13:00000002
14256274ns          238526 1c009796 00d780ab p.sb             x13, 1(x15!)        x15=1000164d x13:00000032 x15:1000164c  PA:1000164c
14256294ns          238527 1c00979a 02b75733 divu             x14, x14, x11       x14=00000000 x14:00000002 x11:0000000a
14256930ns          238559 1c00979e ff0366e3 bltu             x6, x16, -20         x6:00000009 x16:00000002
14256950ns          238560 1c0097a2 40a78733 sub              x14, x15, x10       x14=00000001 x15:1000164d x10:1000164c
14256970ns          238561 1c0097a6 01675c63 bge              x14, x22, 24        x14:00000001 x22:ffffffff
14257149ns          238570 1c0097be 00078023 sb               x0, 0(x15)          x15:1000164d  PA:1000164d
14257189ns          238572 1c0097c2 0b157563 bgeu             x10, x17, 170       x10:1000164c x17:1000164c
14257248ns          238575 1c00986c 01412703 lw               x14, 20(x2)         x14=00000000  x2:10001618  PA:1000162c
14257268ns          238576 1c00986e 01012683 lw               x13, 16(x2)         x13=00000000  x2:10001618  PA:10001628
14257288ns          238577 1c009870 41b787b3 sub              x15, x15, x27       x15=00000001 x15:1000164d x27:1000164c
14257308ns          238578 1c009874 00d76733 or               x14, x14, x13       x14=00000000 x14:00000000 x13:00000000
14257328ns          238579 1c009876 02e12623 sw               x14, 44(x2)         x14:00000000  x2:10001618  PA:10001644
14257348ns          238580 1c009878 b0071be3 bne              x14, x0, -1258      x14:00000000
14257368ns          238581 1c00987c 01f65713 srli             x14, x12, 0x1f      x14=00000000 x12:00000002
14257387ns          238582 1c009880 02e12623 sw               x14, 44(x2)         x14:00000000  x2:10001618  PA:10001644
14257407ns          238583 1c009882 b0dff06f jal              x0, -1268          
14257507ns          238588 1c00938e ebfb2be3 p.beqimm         x22, -330           x22:ffffffff
14257606ns          238593 1c009244 0c800713 addi             x14, x0, 200        x14=000000c8
14257646ns          238595 1c009248 14f75b63 bge              x14, x15, 342       x14:000000c8 x15:00000001
14257765ns          238601 1c00939e 00178613 addi             x12, x15, 1         x12=00000002 x15:00000001
14257805ns          238603 1c0093a2 0557c863 blt              x15, x21, 80        x15:00000001 x21:00000000
14257825ns          238604 1c0093a6 01712c23 sw               x23, 24(x2)         x23:10001784  x2:10001618  PA:10001630
14257845ns          238605 1c0093a8 00f00ab3 add              x21, x0, x15        x21=00000001 x15:00000001
14257865ns          238606 1c0093aa 8e0a8fe3 beq              x21, x0, -1794      x21:00000001
14257885ns          238607 1c0093ae 01b00933 add              x18, x0, x27        x18=1000164c x27:1000164c
14257905ns          238608 1c0093b0 41b409b3 sub              x19, x8, x27        x19=efffe9bf  x8:0000000b x27:1000164c
14257924ns          238609 1c0093b4 01ba8ab3 add              x21, x21, x27       x21=1000164d x21:00000001 x27:1000164c
14257944ns          238610 1c0093b6 00a0006f jal              x0, 10             
14258024ns          238614 1c0093c0 0019450b p.lbu            x10, 1(x18!)        x10=00000032 x18=1000164d x18:1000164c  PA:1000164c
14258044ns          238615 1c0093c4 009005b3 add              x11, x0, x9         x11=00000002  x9:00000002
14258064ns          238616 1c0093c6 000c80e7 jalr             x1, x25, 0           x1=1c0093c8 x25:1c008bb6
14258143ns          238620 1c008bb6 000026b7 lui              x13, 0x2000         x13=00002000
14258183ns          238622 1c008bb8 f8068693 addi             x13, x13, -128      x13=00001f80 x13:00002000
14258203ns          238623 1c008bbc f14027f3 csrrs            x15, x0, 0xf14      x15=00000002
14258223ns          238624 1c008bc0 00379713 slli             x14, x15, 0x3       x14=00000010 x15:00000002
14258243ns          238625 1c008bc4 00279793 slli             x15, x15, 0x2       x15=00000008 x15:00000002
14258263ns          238626 1c008bc6 00d7f7b3 and              x15, x15, x13       x15=00000000 x15:00000008 x13:00001f80
14258282ns          238627 1c008bc8 ee873733 p.bclr           x14, x14, 23, 8     x14=00000010 x14:00000010
14258302ns          238628 1c008bcc 1a10f6b7 lui              x13, 0x1a10f000     x13=1a10f000
14258322ns          238629 1c008bd0 00d70733 add              x14, x14, x13       x14=1a10f010 x14:00000010 x13:1a10f000
14258342ns          238630 1c008bd2 00e787b3 add              x15, x15, x14       x15=1a10f010 x15:00000000 x14:1a10f010
14258362ns          238631 1c008bd4 0ff57513 andi             x10, x10, 255       x10=00000032 x10:00000032
14258382ns          238632 1c008bd8 00a7a023 sw               x10, 0(x15)         x10:00000032 x15:1a10f010  PA:1a10f010
14258700ns          238648 1c008bda 00000513 addi             x10, x0, 0          x10=00000000
14258720ns          238649 1c008bdc 00008067 jalr             x0, x1, 0            x1:1c0093c8
14258760ns          238651 1c0093c8 fff538e3 p.bneimm         x10, -16            x10:00000000
14258919ns          238659 1c0093b8 01298433 add              x8, x19, x18         x8=0000000c x19:efffe9bf x18:1000164d
14258959ns          238661 1c0093bc 8f2a86e3 beq              x21, x18, -1812     x21:1000164d x18:1000164d
14259018ns          238664 1c008ca8 001a450b p.lbu            x10, 1(x20!)        x10=00000029 x20=1c000067 x20:1c000066  PA:1c000066
14259356ns          238681 1c008cac fe0515e3 bne              x10, x0, -22        x10:00000029
14259436ns          238685 1c008c96 02500793 addi             x15, x0, 37         x15=00000025
14259456ns          238686 1c008c9a 04f50763 beq              x10, x15, 78        x10:00000029 x15:00000025
14259476ns          238687 1c008c9e 009005b3 add              x11, x0, x9         x11=00000002  x9:00000002
14259496ns          238688 1c008ca0 000c80e7 jalr             x1, x25, 0           x1=1c008ca2 x25:1c008bb6
14259535ns          238690 1c008bb6 000026b7 lui              x13, 0x2000         x13=00002000
14259555ns          238691 1c008bb8 f8068693 addi             x13, x13, -128      x13=00001f80 x13:00002000
14259575ns          238692 1c008bbc f14027f3 csrrs            x15, x0, 0xf14      x15=00000002
14259595ns          238693 1c008bc0 00379713 slli             x14, x15, 0x3       x14=00000010 x15:00000002
14259615ns          238694 1c008bc4 00279793 slli             x15, x15, 0x2       x15=00000008 x15:00000002
14259635ns          238695 1c008bc6 00d7f7b3 and              x15, x15, x13       x15=00000000 x15:00000008 x13:00001f80
14259655ns          238696 1c008bc8 ee873733 p.bclr           x14, x14, 23, 8     x14=00000010 x14:00000010
14259675ns          238697 1c008bcc 1a10f6b7 lui              x13, 0x1a10f000     x13=1a10f000
14259694ns          238698 1c008bd0 00d70733 add              x14, x14, x13       x14=1a10f010 x14:00000010 x13:1a10f000
14259714ns          238699 1c008bd2 00e787b3 add              x15, x15, x14       x15=1a10f010 x15:00000000 x14:1a10f010
14259734ns          238700 1c008bd4 0ff57513 andi             x10, x10, 255       x10=00000029 x10:00000029
14259754ns          238701 1c008bd8 00a7a023 sw               x10, 0(x15)         x10:00000029 x15:1a10f010  PA:1a10f010
14260072ns          238717 1c008bda 00000513 addi             x10, x0, 0          x10=00000000
14260092ns          238718 1c008bdc 00008067 jalr             x0, x1, 0            x1:1c008ca2
14260152ns          238721 1c008ca2 4df52863 p.beqimm         x10, 1232           x10:00000000
14260172ns          238722 1c008ca6 00140413 addi             x8, x8, 1            x8=0000000d  x8:0000000c
14260192ns          238723 1c008ca8 001a450b p.lbu            x10, 1(x20!)        x10=00000020 x20=1c000068 x20:1c000067  PA:1c000067
14260510ns          238739 1c008cac fe0515e3 bne              x10, x0, -22        x10:00000020
14260589ns          238743 1c008c96 02500793 addi             x15, x0, 37         x15=00000025
14260609ns          238744 1c008c9a 04f50763 beq              x10, x15, 78        x10:00000020 x15:00000025
14260629ns          238745 1c008c9e 009005b3 add              x11, x0, x9         x11=00000002  x9:00000002
14260649ns          238746 1c008ca0 000c80e7 jalr             x1, x25, 0           x1=1c008ca2 x25:1c008bb6
14260689ns          238748 1c008bb6 000026b7 lui              x13, 0x2000         x13=00002000
14260709ns          238749 1c008bb8 f8068693 addi             x13, x13, -128      x13=00001f80 x13:00002000
14260729ns          238750 1c008bbc f14027f3 csrrs            x15, x0, 0xf14      x15=00000002
14260749ns          238751 1c008bc0 00379713 slli             x14, x15, 0x3       x14=00000010 x15:00000002
14260768ns          238752 1c008bc4 00279793 slli             x15, x15, 0x2       x15=00000008 x15:00000002
14260788ns          238753 1c008bc6 00d7f7b3 and              x15, x15, x13       x15=00000000 x15:00000008 x13:00001f80
14260808ns          238754 1c008bc8 ee873733 p.bclr           x14, x14, 23, 8     x14=00000010 x14:00000010
14260828ns          238755 1c008bcc 1a10f6b7 lui              x13, 0x1a10f000     x13=1a10f000
14260848ns          238756 1c008bd0 00d70733 add              x14, x14, x13       x14=1a10f010 x14:00000010 x13:1a10f000
14260868ns          238757 1c008bd2 00e787b3 add              x15, x15, x14       x15=1a10f010 x15:00000000 x14:1a10f010
14260888ns          238758 1c008bd4 0ff57513 andi             x10, x10, 255       x10=00000020 x10:00000020
14260908ns          238759 1c008bd8 00a7a023 sw               x10, 0(x15)         x10:00000020 x15:1a10f010  PA:1a10f010
14261226ns          238775 1c008bda 00000513 addi             x10, x0, 0          x10=00000000
14261246ns          238776 1c008bdc 00008067 jalr             x0, x1, 0            x1:1c008ca2
14261305ns          238779 1c008ca2 4df52863 p.beqimm         x10, 1232           x10:00000000
14261325ns          238780 1c008ca6 00140413 addi             x8, x8, 1            x8=0000000e  x8:0000000d
14261345ns          238781 1c008ca8 001a450b p.lbu            x10, 1(x20!)        x10=00000045 x20=1c000069 x20:1c000068  PA:1c000068
14261683ns          238798 1c008cac fe0515e3 bne              x10, x0, -22        x10:00000045
14261763ns          238802 1c008c96 02500793 addi             x15, x0, 37         x15=00000025
14261783ns          238803 1c008c9a 04f50763 beq              x10, x15, 78        x10:00000045 x15:00000025
14261803ns          238804 1c008c9e 009005b3 add              x11, x0, x9         x11=00000002  x9:00000002
14261822ns          238805 1c008ca0 000c80e7 jalr             x1, x25, 0           x1=1c008ca2 x25:1c008bb6
14261862ns          238807 1c008bb6 000026b7 lui              x13, 0x2000         x13=00002000
14261882ns          238808 1c008bb8 f8068693 addi             x13, x13, -128      x13=00001f80 x13:00002000
14261902ns          238809 1c008bbc f14027f3 csrrs            x15, x0, 0xf14      x15=00000002
14261922ns          238810 1c008bc0 00379713 slli             x14, x15, 0x3       x14=00000010 x15:00000002
14261942ns          238811 1c008bc4 00279793 slli             x15, x15, 0x2       x15=00000008 x15:00000002
14261962ns          238812 1c008bc6 00d7f7b3 and              x15, x15, x13       x15=00000000 x15:00000008 x13:00001f80
14261982ns          238813 1c008bc8 ee873733 p.bclr           x14, x14, 23, 8     x14=00000010 x14:00000010
14262001ns          238814 1c008bcc 1a10f6b7 lui              x13, 0x1a10f000     x13=1a10f000
14262021ns          238815 1c008bd0 00d70733 add              x14, x14, x13       x14=1a10f010 x14:00000010 x13:1a10f000
14262041ns          238816 1c008bd2 00e787b3 add              x15, x15, x14       x15=1a10f010 x15:00000000 x14:1a10f010
14262061ns          238817 1c008bd4 0ff57513 andi             x10, x10, 255       x10=00000045 x10:00000045
14262081ns          238818 1c008bd8 00a7a023 sw               x10, 0(x15)         x10:00000045 x15:1a10f010  PA:1a10f010
14262399ns          238834 1c008bda 00000513 addi             x10, x0, 0          x10=00000000
14262419ns          238835 1c008bdc 00008067 jalr             x0, x1, 0            x1:1c008ca2
14262479ns          238838 1c008ca2 4df52863 p.beqimm         x10, 1232           x10:00000000
14262499ns          238839 1c008ca6 00140413 addi             x8, x8, 1            x8=0000000f  x8:0000000e
14262519ns          238840 1c008ca8 001a450b p.lbu            x10, 1(x20!)        x10=00000072 x20=1c00006a x20:1c000069  PA:1c000069
14262837ns          238856 1c008cac fe0515e3 bne              x10, x0, -22        x10:00000072
14262916ns          238860 1c008c96 02500793 addi             x15, x0, 37         x15=00000025
14262936ns          238861 1c008c9a 04f50763 beq              x10, x15, 78        x10:00000072 x15:00000025
14262956ns          238862 1c008c9e 009005b3 add              x11, x0, x9         x11=00000002  x9:00000002
14262976ns          238863 1c008ca0 000c80e7 jalr             x1, x25, 0           x1=1c008ca2 x25:1c008bb6
14263016ns          238865 1c008bb6 000026b7 lui              x13, 0x2000         x13=00002000
14263036ns          238866 1c008bb8 f8068693 addi             x13, x13, -128      x13=00001f80 x13:00002000
14263056ns          238867 1c008bbc f14027f3 csrrs            x15, x0, 0xf14      x15=00000002
14263075ns          238868 1c008bc0 00379713 slli             x14, x15, 0x3       x14=00000010 x15:00000002
14263095ns          238869 1c008bc4 00279793 slli             x15, x15, 0x2       x15=00000008 x15:00000002
14263115ns          238870 1c008bc6 00d7f7b3 and              x15, x15, x13       x15=00000000 x15:00000008 x13:00001f80
14263135ns          238871 1c008bc8 ee873733 p.bclr           x14, x14, 23, 8     x14=00000010 x14:00000010
14263155ns          238872 1c008bcc 1a10f6b7 lui              x13, 0x1a10f000     x13=1a10f000
14263175ns          238873 1c008bd0 00d70733 add              x14, x14, x13       x14=1a10f010 x14:00000010 x13:1a10f000
14263195ns          238874 1c008bd2 00e787b3 add              x15, x15, x14       x15=1a10f010 x15:00000000 x14:1a10f010
14263215ns          238875 1c008bd4 0ff57513 andi             x10, x10, 255       x10=00000072 x10:00000072
14263235ns          238876 1c008bd8 00a7a023 sw               x10, 0(x15)         x10:00000072 x15:1a10f010  PA:1a10f010
14263553ns          238892 1c008bda 00000513 addi             x10, x0, 0          x10=00000000
14263573ns          238893 1c008bdc 00008067 jalr             x0, x1, 0            x1:1c008ca2
14263632ns          238896 1c008ca2 4df52863 p.beqimm         x10, 1232           x10:00000000
14263652ns          238897 1c008ca6 00140413 addi             x8, x8, 1            x8=00000010  x8:0000000f
14263672ns          238898 1c008ca8 001a450b p.lbu            x10, 1(x20!)        x10=00000072 x20=1c00006b x20:1c00006a  PA:1c00006a
14263990ns          238914 1c008cac fe0515e3 bne              x10, x0, -22        x10:00000072
14264070ns          238918 1c008c96 02500793 addi             x15, x0, 37         x15=00000025
14264090ns          238919 1c008c9a 04f50763 beq              x10, x15, 78        x10:00000072 x15:00000025
14264110ns          238920 1c008c9e 009005b3 add              x11, x0, x9         x11=00000002  x9:00000002
14264129ns          238921 1c008ca0 000c80e7 jalr             x1, x25, 0           x1=1c008ca2 x25:1c008bb6
14264169ns          238923 1c008bb6 000026b7 lui              x13, 0x2000         x13=00002000
14264189ns          238924 1c008bb8 f8068693 addi             x13, x13, -128      x13=00001f80 x13:00002000
14264209ns          238925 1c008bbc f14027f3 csrrs            x15, x0, 0xf14      x15=00000002
14264229ns          238926 1c008bc0 00379713 slli             x14, x15, 0x3       x14=00000010 x15:00000002
14264249ns          238927 1c008bc4 00279793 slli             x15, x15, 0x2       x15=00000008 x15:00000002
14264269ns          238928 1c008bc6 00d7f7b3 and              x15, x15, x13       x15=00000000 x15:00000008 x13:00001f80
14264289ns          238929 1c008bc8 ee873733 p.bclr           x14, x14, 23, 8     x14=00000010 x14:00000010
14264308ns          238930 1c008bcc 1a10f6b7 lui              x13, 0x1a10f000     x13=1a10f000
14264328ns          238931 1c008bd0 00d70733 add              x14, x14, x13       x14=1a10f010 x14:00000010 x13:1a10f000
14264348ns          238932 1c008bd2 00e787b3 add              x15, x15, x14       x15=1a10f010 x15:00000000 x14:1a10f010
14264368ns          238933 1c008bd4 0ff57513 andi             x10, x10, 255       x10=00000072 x10:00000072
14264388ns          238934 1c008bd8 00a7a023 sw               x10, 0(x15)         x10:00000072 x15:1a10f010  PA:1a10f010
14264726ns          238951 1c008bda 00000513 addi             x10, x0, 0          x10=00000000
14264746ns          238952 1c008bdc 00008067 jalr             x0, x1, 0            x1:1c008ca2
14264806ns          238955 1c008ca2 4df52863 p.beqimm         x10, 1232           x10:00000000
14264826ns          238956 1c008ca6 00140413 addi             x8, x8, 1            x8=00000011  x8:00000010
14264845ns          238957 1c008ca8 001a450b p.lbu            x10, 1(x20!)        x10=0000006f x20=1c00006c x20:1c00006b  PA:1c00006b
14265164ns          238973 1c008cac fe0515e3 bne              x10, x0, -22        x10:0000006f
14265243ns          238977 1c008c96 02500793 addi             x15, x0, 37         x15=00000025
14265263ns          238978 1c008c9a 04f50763 beq              x10, x15, 78        x10:0000006f x15:00000025
14265283ns          238979 1c008c9e 009005b3 add              x11, x0, x9         x11=00000002  x9:00000002
14265303ns          238980 1c008ca0 000c80e7 jalr             x1, x25, 0           x1=1c008ca2 x25:1c008bb6
14265343ns          238982 1c008bb6 000026b7 lui              x13, 0x2000         x13=00002000
14265363ns          238983 1c008bb8 f8068693 addi             x13, x13, -128      x13=00001f80 x13:00002000
14265382ns          238984 1c008bbc f14027f3 csrrs            x15, x0, 0xf14      x15=00000002
14265402ns          238985 1c008bc0 00379713 slli             x14, x15, 0x3       x14=00000010 x15:00000002
14265422ns          238986 1c008bc4 00279793 slli             x15, x15, 0x2       x15=00000008 x15:00000002
14265442ns          238987 1c008bc6 00d7f7b3 and              x15, x15, x13       x15=00000000 x15:00000008 x13:00001f80
14265462ns          238988 1c008bc8 ee873733 p.bclr           x14, x14, 23, 8     x14=00000010 x14:00000010
14265482ns          238989 1c008bcc 1a10f6b7 lui              x13, 0x1a10f000     x13=1a10f000
14265502ns          238990 1c008bd0 00d70733 add              x14, x14, x13       x14=1a10f010 x14:00000010 x13:1a10f000
14265522ns          238991 1c008bd2 00e787b3 add              x15, x15, x14       x15=1a10f010 x15:00000000 x14:1a10f010
14265542ns          238992 1c008bd4 0ff57513 andi             x10, x10, 255       x10=0000006f x10:0000006f
14265561ns          238993 1c008bd8 00a7a023 sw               x10, 0(x15)         x10:0000006f x15:1a10f010  PA:1a10f010
14265900ns          239010 1c008bda 00000513 addi             x10, x0, 0          x10=00000000
14265919ns          239011 1c008bdc 00008067 jalr             x0, x1, 0            x1:1c008ca2
14265979ns          239014 1c008ca2 4df52863 p.beqimm         x10, 1232           x10:00000000
14265999ns          239015 1c008ca6 00140413 addi             x8, x8, 1            x8=00000012  x8:00000011
14266019ns          239016 1c008ca8 001a450b p.lbu            x10, 1(x20!)        x10=00000072 x20=1c00006d x20:1c00006c  PA:1c00006c
14266337ns          239032 1c008cac fe0515e3 bne              x10, x0, -22        x10:00000072
14266417ns          239036 1c008c96 02500793 addi             x15, x0, 37         x15=00000025
14266436ns          239037 1c008c9a 04f50763 beq              x10, x15, 78        x10:00000072 x15:00000025
14266456ns          239038 1c008c9e 009005b3 add              x11, x0, x9         x11=00000002  x9:00000002
14266476ns          239039 1c008ca0 000c80e7 jalr             x1, x25, 0           x1=1c008ca2 x25:1c008bb6
14266516ns          239041 1c008bb6 000026b7 lui              x13, 0x2000         x13=00002000
14266536ns          239042 1c008bb8 f8068693 addi             x13, x13, -128      x13=00001f80 x13:00002000
14266556ns          239043 1c008bbc f14027f3 csrrs            x15, x0, 0xf14      x15=00000002
14266576ns          239044 1c008bc0 00379713 slli             x14, x15, 0x3       x14=00000010 x15:00000002
14266596ns          239045 1c008bc4 00279793 slli             x15, x15, 0x2       x15=00000008 x15:00000002
14266615ns          239046 1c008bc6 00d7f7b3 and              x15, x15, x13       x15=00000000 x15:00000008 x13:00001f80
14266635ns          239047 1c008bc8 ee873733 p.bclr           x14, x14, 23, 8     x14=00000010 x14:00000010
14266655ns          239048 1c008bcc 1a10f6b7 lui              x13, 0x1a10f000     x13=1a10f000
14266675ns          239049 1c008bd0 00d70733 add              x14, x14, x13       x14=1a10f010 x14:00000010 x13:1a10f000
14266695ns          239050 1c008bd2 00e787b3 add              x15, x15, x14       x15=1a10f010 x15:00000000 x14:1a10f010
14266715ns          239051 1c008bd4 0ff57513 andi             x10, x10, 255       x10=00000072 x10:00000072
14266735ns          239052 1c008bd8 00a7a023 sw               x10, 0(x15)         x10:00000072 x15:1a10f010  PA:1a10f010
14267093ns          239070 1c008bda 00000513 addi             x10, x0, 0          x10=00000000
14267113ns          239071 1c008bdc 00008067 jalr             x0, x1, 0            x1:1c008ca2
14267172ns          239074 1c008ca2 4df52863 p.beqimm         x10, 1232           x10:00000000
14267192ns          239075 1c008ca6 00140413 addi             x8, x8, 1            x8=00000013  x8:00000012
14267212ns          239076 1c008ca8 001a450b p.lbu            x10, 1(x20!)        x10=00000073 x20=1c00006e x20:1c00006d  PA:1c00006d
14267550ns          239093 1c008cac fe0515e3 bne              x10, x0, -22        x10:00000073
14267630ns          239097 1c008c96 02500793 addi             x15, x0, 37         x15=00000025
14267650ns          239098 1c008c9a 04f50763 beq              x10, x15, 78        x10:00000073 x15:00000025
14267670ns          239099 1c008c9e 009005b3 add              x11, x0, x9         x11=00000002  x9:00000002
14267689ns          239100 1c008ca0 000c80e7 jalr             x1, x25, 0           x1=1c008ca2 x25:1c008bb6
14267729ns          239102 1c008bb6 000026b7 lui              x13, 0x2000         x13=00002000
14267749ns          239103 1c008bb8 f8068693 addi             x13, x13, -128      x13=00001f80 x13:00002000
14267769ns          239104 1c008bbc f14027f3 csrrs            x15, x0, 0xf14      x15=00000002
14267789ns          239105 1c008bc0 00379713 slli             x14, x15, 0x3       x14=00000010 x15:00000002
14267809ns          239106 1c008bc4 00279793 slli             x15, x15, 0x2       x15=00000008 x15:00000002
14267829ns          239107 1c008bc6 00d7f7b3 and              x15, x15, x13       x15=00000000 x15:00000008 x13:00001f80
14267849ns          239108 1c008bc8 ee873733 p.bclr           x14, x14, 23, 8     x14=00000010 x14:00000010
14267868ns          239109 1c008bcc 1a10f6b7 lui              x13, 0x1a10f000     x13=1a10f000
14267888ns          239110 1c008bd0 00d70733 add              x14, x14, x13       x14=1a10f010 x14:00000010 x13:1a10f000
14267908ns          239111 1c008bd2 00e787b3 add              x15, x15, x14       x15=1a10f010 x15:00000000 x14:1a10f010
14267928ns          239112 1c008bd4 0ff57513 andi             x10, x10, 255       x10=00000073 x10:00000073
14267948ns          239113 1c008bd8 00a7a023 sw               x10, 0(x15)         x10:00000073 x15:1a10f010  PA:1a10f010
14268286ns          239130 1c008bda 00000513 addi             x10, x0, 0          x10=00000000
14268306ns          239131 1c008bdc 00008067 jalr             x0, x1, 0            x1:1c008ca2
14268366ns          239134 1c008ca2 4df52863 p.beqimm         x10, 1232           x10:00000000
14268386ns          239135 1c008ca6 00140413 addi             x8, x8, 1            x8=00000014  x8:00000013
14268405ns          239136 1c008ca8 001a450b p.lbu            x10, 1(x20!)        x10=00000020 x20=1c00006f x20:1c00006e  PA:1c00006e
14268744ns          239153 1c008cac fe0515e3 bne              x10, x0, -22        x10:00000020
14268823ns          239157 1c008c96 02500793 addi             x15, x0, 37         x15=00000025
14268843ns          239158 1c008c9a 04f50763 beq              x10, x15, 78        x10:00000020 x15:00000025
14268863ns          239159 1c008c9e 009005b3 add              x11, x0, x9         x11=00000002  x9:00000002
14268883ns          239160 1c008ca0 000c80e7 jalr             x1, x25, 0           x1=1c008ca2 x25:1c008bb6
14268922ns          239162 1c008bb6 000026b7 lui              x13, 0x2000         x13=00002000
14268942ns          239163 1c008bb8 f8068693 addi             x13, x13, -128      x13=00001f80 x13:00002000
14268962ns          239164 1c008bbc f14027f3 csrrs            x15, x0, 0xf14      x15=00000002
14268982ns          239165 1c008bc0 00379713 slli             x14, x15, 0x3       x14=00000010 x15:00000002
14269002ns          239166 1c008bc4 00279793 slli             x15, x15, 0x2       x15=00000008 x15:00000002
14269022ns          239167 1c008bc6 00d7f7b3 and              x15, x15, x13       x15=00000000 x15:00000008 x13:00001f80
14269042ns          239168 1c008bc8 ee873733 p.bclr           x14, x14, 23, 8     x14=00000010 x14:00000010
14269062ns          239169 1c008bcc 1a10f6b7 lui              x13, 0x1a10f000     x13=1a10f000
14269082ns          239170 1c008bd0 00d70733 add              x14, x14, x13       x14=1a10f010 x14:00000010 x13:1a10f000
14269101ns          239171 1c008bd2 00e787b3 add              x15, x15, x14       x15=1a10f010 x15:00000000 x14:1a10f010
14269121ns          239172 1c008bd4 0ff57513 andi             x10, x10, 255       x10=00000020 x10:00000020
14269141ns          239173 1c008bd8 00a7a023 sw               x10, 0(x15)         x10:00000020 x15:1a10f010  PA:1a10f010
14269459ns          239189 1c008bda 00000513 addi             x10, x0, 0          x10=00000000
14269479ns          239190 1c008bdc 00008067 jalr             x0, x1, 0            x1:1c008ca2
14269539ns          239193 1c008ca2 4df52863 p.beqimm         x10, 1232           x10:00000000
14269559ns          239194 1c008ca6 00140413 addi             x8, x8, 1            x8=00000015  x8:00000014
14269579ns          239195 1c008ca8 001a450b p.lbu            x10, 1(x20!)        x10=0000003d x20=1c000070 x20:1c00006f  PA:1c00006f
14269917ns          239212 1c008cac fe0515e3 bne              x10, x0, -22        x10:0000003d
14269996ns          239216 1c008c96 02500793 addi             x15, x0, 37         x15=00000025
14270016ns          239217 1c008c9a 04f50763 beq              x10, x15, 78        x10:0000003d x15:00000025
14270036ns          239218 1c008c9e 009005b3 add              x11, x0, x9         x11=00000002  x9:00000002
14270056ns          239219 1c008ca0 000c80e7 jalr             x1, x25, 0           x1=1c008ca2 x25:1c008bb6
14270096ns          239221 1c008bb6 000026b7 lui              x13, 0x2000         x13=00002000
14270116ns          239222 1c008bb8 f8068693 addi             x13, x13, -128      x13=00001f80 x13:00002000
14270136ns          239223 1c008bbc f14027f3 csrrs            x15, x0, 0xf14      x15=00000002
14270156ns          239224 1c008bc0 00379713 slli             x14, x15, 0x3       x14=00000010 x15:00000002
14270175ns          239225 1c008bc4 00279793 slli             x15, x15, 0x2       x15=00000008 x15:00000002
14270195ns          239226 1c008bc6 00d7f7b3 and              x15, x15, x13       x15=00000000 x15:00000008 x13:00001f80
14270215ns          239227 1c008bc8 ee873733 p.bclr           x14, x14, 23, 8     x14=00000010 x14:00000010
14270235ns          239228 1c008bcc 1a10f6b7 lui              x13, 0x1a10f000     x13=1a10f000
14270255ns          239229 1c008bd0 00d70733 add              x14, x14, x13       x14=1a10f010 x14:00000010 x13:1a10f000
14270275ns          239230 1c008bd2 00e787b3 add              x15, x15, x14       x15=1a10f010 x15:00000000 x14:1a10f010
14270295ns          239231 1c008bd4 0ff57513 andi             x10, x10, 255       x10=0000003d x10:0000003d
14270315ns          239232 1c008bd8 00a7a023 sw               x10, 0(x15)         x10:0000003d x15:1a10f010  PA:1a10f010
14270653ns          239249 1c008bda 00000513 addi             x10, x0, 0          x10=00000000
14270673ns          239250 1c008bdc 00008067 jalr             x0, x1, 0            x1:1c008ca2
14270732ns          239253 1c008ca2 4df52863 p.beqimm         x10, 1232           x10:00000000
14270752ns          239254 1c008ca6 00140413 addi             x8, x8, 1            x8=00000016  x8:00000015
14270772ns          239255 1c008ca8 001a450b p.lbu            x10, 1(x20!)        x10=00000020 x20=1c000071 x20:1c000070  PA:1c000070
14271090ns          239271 1c008cac fe0515e3 bne              x10, x0, -22        x10:00000020
14271170ns          239275 1c008c96 02500793 addi             x15, x0, 37         x15=00000025
14271190ns          239276 1c008c9a 04f50763 beq              x10, x15, 78        x10:00000020 x15:00000025
14271210ns          239277 1c008c9e 009005b3 add              x11, x0, x9         x11=00000002  x9:00000002
14271230ns          239278 1c008ca0 000c80e7 jalr             x1, x25, 0           x1=1c008ca2 x25:1c008bb6
14271269ns          239280 1c008bb6 000026b7 lui              x13, 0x2000         x13=00002000
14271289ns          239281 1c008bb8 f8068693 addi             x13, x13, -128      x13=00001f80 x13:00002000
14271309ns          239282 1c008bbc f14027f3 csrrs            x15, x0, 0xf14      x15=00000002
14271329ns          239283 1c008bc0 00379713 slli             x14, x15, 0x3       x14=00000010 x15:00000002
14271349ns          239284 1c008bc4 00279793 slli             x15, x15, 0x2       x15=00000008 x15:00000002
14271369ns          239285 1c008bc6 00d7f7b3 and              x15, x15, x13       x15=00000000 x15:00000008 x13:00001f80
14271389ns          239286 1c008bc8 ee873733 p.bclr           x14, x14, 23, 8     x14=00000010 x14:00000010
14271408ns          239287 1c008bcc 1a10f6b7 lui              x13, 0x1a10f000     x13=1a10f000
14271428ns          239288 1c008bd0 00d70733 add              x14, x14, x13       x14=1a10f010 x14:00000010 x13:1a10f000
14271448ns          239289 1c008bd2 00e787b3 add              x15, x15, x14       x15=1a10f010 x15:00000000 x14:1a10f010
14271468ns          239290 1c008bd4 0ff57513 andi             x10, x10, 255       x10=00000020 x10:00000020
14271488ns          239291 1c008bd8 00a7a023 sw               x10, 0(x15)         x10:00000020 x15:1a10f010  PA:1a10f010
14271806ns          239307 1c008bda 00000513 addi             x10, x0, 0          x10=00000000
14271826ns          239308 1c008bdc 00008067 jalr             x0, x1, 0            x1:1c008ca2
14271886ns          239311 1c008ca2 4df52863 p.beqimm         x10, 1232           x10:00000000
14271906ns          239312 1c008ca6 00140413 addi             x8, x8, 1            x8=00000017  x8:00000016
14271926ns          239313 1c008ca8 001a450b p.lbu            x10, 1(x20!)        x10=00000025 x20=1c000072 x20:1c000071  PA:1c000071
14272284ns          239331 1c008cac fe0515e3 bne              x10, x0, -22        x10:00000025
14272363ns          239335 1c008c96 02500793 addi             x15, x0, 37         x15=00000025
14272383ns          239336 1c008c9a 04f50763 beq              x10, x15, 78        x10:00000025 x15:00000025
14272482ns          239341 1c008ce8 01400c33 add              x24, x0, x20        x24=1c000072 x20:1c000072
14272522ns          239343 1c008cea 000c4a03 lbu              x20, 0(x24)         x20=00000064 x24:1c000072  PA:1c000072
14272840ns          239359 1c008cee 0b4d0513 addi             x10, x26, 180       x10=1c0000b4 x26:1c000000
14272860ns          239360 1c008cf2 00912e23 sw               x9, 28(x2)           x9:00000002  x2:10001618  PA:10001634
14272880ns          239361 1c008cf4 014005b3 add              x11, x0, x20        x11=00000064 x20:00000064
14272900ns          239362 1c008cf6 00012823 sw               x0, 16(x2)           x2:10001618  PA:10001628
14272920ns          239363 1c008cf8 00012a23 sw               x0, 20(x2)           x2:10001618  PA:1000162c
14272940ns          239364 1c008cfa 00012623 sw               x0, 12(x2)           x2:10001618  PA:10001624
14272960ns          239365 1c008cfc 001c0493 addi             x9, x24, 1           x9=1c000073 x24:1c000072
14272980ns          239366 1c008d00 e41ff0ef jal              x1, -448             x1=1c008d02
14273059ns          239370 1c008b40 00054703 lbu              x14, 0(x10)         x14=0000002d x10:1c0000b4  PA:1c0000b4
14273397ns          239387 1c008b44 0ff5f593 andi             x11, x11, 255       x11=00000064 x11:00000064
14273417ns          239388 1c008b48 00a007b3 add              x15, x0, x10        x15=1c0000b4 x10:1c0000b4
14273437ns          239389 1c008b4a 00b70863 beq              x14, x11, 16        x14:0000002d x11:00000064
14273457ns          239390 1c008b4e 00070863 beq              x14, x0, 16         x14:0000002d
14273477ns          239391 1c008b50 0017c703 lbu              x14, 1(x15)         x14=0000002b x15:1c0000b4  PA:1c0000b5
14273775ns          239406 1c008b54 00178793 addi             x15, x15, 1         x15=1c0000b5 x15:1c0000b4
14273795ns          239407 1c008b56 feb71ce3 bne              x14, x11, -8        x14:0000002b x11:00000064
14273855ns          239410 1c008b4e 00070863 beq              x14, x0, 16         x14:0000002b
14273875ns          239411 1c008b50 0017c703 lbu              x14, 1(x15)         x14=00000020 x15:1c0000b5  PA:1c0000b6
14274173ns          239426 1c008b54 00178793 addi             x15, x15, 1         x15=1c0000b6 x15:1c0000b5
14274193ns          239427 1c008b56 feb71ce3 bne              x14, x11, -8        x14:00000020 x11:00000064
14274252ns          239430 1c008b4e 00070863 beq              x14, x0, 16         x14:00000020
14274272ns          239431 1c008b50 0017c703 lbu              x14, 1(x15)         x14=00000023 x15:1c0000b6  PA:1c0000b7
14274571ns          239446 1c008b54 00178793 addi             x15, x15, 1         x15=1c0000b7 x15:1c0000b6
14274591ns          239447 1c008b56 feb71ce3 bne              x14, x11, -8        x14:00000023 x11:00000064
14274650ns          239450 1c008b4e 00070863 beq              x14, x0, 16         x14:00000023
14274670ns          239451 1c008b50 0017c703 lbu              x14, 1(x15)         x14=00000030 x15:1c0000b7  PA:1c0000b8
14274968ns          239466 1c008b54 00178793 addi             x15, x15, 1         x15=1c0000b8 x15:1c0000b7
14274988ns          239467 1c008b56 feb71ce3 bne              x14, x11, -8        x14:00000030 x11:00000064
14275048ns          239470 1c008b4e 00070863 beq              x14, x0, 16         x14:00000030
14275068ns          239471 1c008b50 0017c703 lbu              x14, 1(x15)         x14=00000000 x15:1c0000b8  PA:1c0000b9
14275406ns          239488 1c008b54 00178793 addi             x15, x15, 1         x15=1c0000b9 x15:1c0000b8
14275426ns          239489 1c008b56 feb71ce3 bne              x14, x11, -8        x14:00000000 x11:00000064
14275486ns          239492 1c008b4e 00070863 beq              x14, x0, 16         x14:00000000
14275545ns          239495 1c008b5e 00000513 addi             x10, x0, 0          x10=00000000
14275565ns          239496 1c008b60 fe058de3 beq              x11, x0, -6         x11:00000064
14275585ns          239497 1c008b62 00008067 jalr             x0, x1, 0            x1:1c008d02
14275645ns          239500 1c008d02 02000913 addi             x18, x0, 32         x18=00000020
14275665ns          239501 1c008d06 00000993 addi             x19, x0, 0          x19=00000000
14275684ns          239502 1c008d08 02b00a93 addi             x21, x0, 43         x21=0000002b
14275704ns          239503 1c008d0c 02d00b93 addi             x23, x0, 45         x23=0000002d
14275744ns          239505 1c008d10 03000b13 addi             x22, x0, 48         x22=00000030
14275784ns          239507 1c008d14 00900633 add              x12, x0, x9         x12=1c000073  x9:1c000073
14275804ns          239508 1c008d16 02050963 beq              x10, x0, 50         x10:00000000
14275923ns          239514 1c008d48 03312623 sw               x19, 44(x2)         x19:00000000  x2:10001618  PA:10001644
14275943ns          239515 1c008d4a 02a00693 addi             x13, x0, 42         x13=0000002a
14275963ns          239516 1c008d4e 014009b3 add              x19, x0, x20        x19=00000064 x20:00000064
14276003ns          239518 1c008d50 01800a33 add              x20, x0, x24        x20=1c000072 x24:1c000072
14276023ns          239519 1c008d52 00900c33 add              x24, x0, x9         x24=1c000073  x9:1c000073
14276042ns          239520 1c008d54 01c12483 lw               x9, 28(x2)           x9=00000002  x2:10001618  PA:10001634
14276062ns          239521 1c008d56 42d98063 beq              x19, x13, 1056      x19:00000064 x13:0000002a
14276082ns          239522 1c008d5a fd098693 addi             x13, x19, -48       x13=00000034 x19:00000064
14276102ns          239523 1c008d5e 00900513 addi             x10, x0, 9          x10=00000009
14276142ns          239525 1c008d60 00000a93 addi             x21, x0, 0          x21=00000000
14276182ns          239527 1c008d62 3cd57f63 bgeu             x10, x13, 990       x10:00000009 x13:00000034
14276202ns          239528 1c008d66 02e00793 addi             x15, x0, 46         x15=0000002e
14276221ns          239529 1c008d6a fff00b13 addi             x22, x0, -1         x22=ffffffff
14276241ns          239530 1c008d6c 04f981e3 beq              x19, x15, 2114      x19:00000064 x15:0000002e
14276261ns          239531 1c008d70 1c0007b7 lui              x15, 0x1c000000     x15=1c000000
14276281ns          239532 1c008d74 013005b3 add              x11, x0, x19        x11=00000064 x19:00000064
14276301ns          239533 1c008d76 0bc78513 addi             x10, x15, 188       x10=1c0000bc x15:1c000000
14276321ns          239534 1c008d7a 00c12e23 sw               x12, 28(x2)         x12:1c000073  x2:10001618  PA:10001634
14276341ns          239535 1c008d7c dc5ff0ef jal              x1, -572             x1=1c008d7e
14276400ns          239538 1c008b40 00054703 lbu              x14, 0(x10)         x14=00000068 x10:1c0000bc  PA:1c0000bc
14276699ns          239553 1c008b44 0ff5f593 andi             x11, x11, 255       x11=00000064 x11:00000064
14276719ns          239554 1c008b48 00a007b3 add              x15, x0, x10        x15=1c0000bc x10:1c0000bc
14276738ns          239555 1c008b4a 00b70863 beq              x14, x11, 16        x14:00000068 x11:00000064
14276758ns          239556 1c008b4e 00070863 beq              x14, x0, 16         x14:00000068
14276778ns          239557 1c008b50 0017c703 lbu              x14, 1(x15)         x14=0000006c x15:1c0000bc  PA:1c0000bd
14277077ns          239572 1c008b54 00178793 addi             x15, x15, 1         x15=1c0000bd x15:1c0000bc
14277096ns          239573 1c008b56 feb71ce3 bne              x14, x11, -8        x14:0000006c x11:00000064
14277156ns          239576 1c008b4e 00070863 beq              x14, x0, 16         x14:0000006c
14277176ns          239577 1c008b50 0017c703 lbu              x14, 1(x15)         x14=0000004c x15:1c0000bd  PA:1c0000be
14277494ns          239593 1c008b54 00178793 addi             x15, x15, 1         x15=1c0000be x15:1c0000bd
14277514ns          239594 1c008b56 feb71ce3 bne              x14, x11, -8        x14:0000004c x11:00000064
14277574ns          239597 1c008b4e 00070863 beq              x14, x0, 16         x14:0000004c
14277594ns          239598 1c008b50 0017c703 lbu              x14, 1(x15)         x14=0000007a x15:1c0000be  PA:1c0000bf
14277892ns          239613 1c008b54 00178793 addi             x15, x15, 1         x15=1c0000bf x15:1c0000be
14277912ns          239614 1c008b56 feb71ce3 bne              x14, x11, -8        x14:0000007a x11:00000064
14277972ns          239617 1c008b4e 00070863 beq              x14, x0, 16         x14:0000007a
14277991ns          239618 1c008b50 0017c703 lbu              x14, 1(x15)         x14=00000000 x15:1c0000bf  PA:1c0000c0
14278290ns          239633 1c008b54 00178793 addi             x15, x15, 1         x15=1c0000c0 x15:1c0000bf
14278310ns          239634 1c008b56 feb71ce3 bne              x14, x11, -8        x14:00000000 x11:00000064
14278369ns          239637 1c008b4e 00070863 beq              x14, x0, 16         x14:00000000
14278429ns          239640 1c008b5e 00000513 addi             x10, x0, 0          x10=00000000
14278449ns          239641 1c008b60 fe058de3 beq              x11, x0, -6         x11:00000064
14278469ns          239642 1c008b62 00008067 jalr             x0, x1, 0            x1:1c008d7e
14278509ns          239644 1c008d7e 01c12603 lw               x12, 28(x2)         x12=1c000073  x2:10001618  PA:10001634
14278548ns          239646 1c008d80 00c00a33 add              x20, x0, x12        x20=1c000073 x12:1c000073
14278568ns          239647 1c008d82 00050563 beq              x10, x0, 10         x10:00000000
14278628ns          239650 1c008d8c 06900793 addi             x15, x0, 105        x15=00000069
14278648ns          239651 1c008d90 1cf98be3 beq              x19, x15, 2518      x19:00000064 x15:00000069
14278668ns          239652 1c008d94 4b37ce63 blt              x15, x19, 1212      x15:00000069 x19:00000064
14278688ns          239653 1c008d98 05800793 addi             x15, x0, 88         x15=00000058
14278707ns          239654 1c008d9c 4cf98863 beq              x19, x15, 1232      x19:00000064 x15:00000058
14278767ns          239657 1c008da0 3f37cd63 blt              x15, x19, 1018      x15:00000058 x19:00000064
14278847ns          239661 1c00919a 06400793 addi             x15, x0, 100        x15=00000064
14278866ns          239662 1c00919e 5cf98463 beq              x19, x15, 1480      x19:00000064 x15:00000064
14278926ns          239665 1c009766 01812b83 lw               x23, 24(x2)         x23=10001784  x2:10001618  PA:10001630
14278966ns          239667 1c009768 004ba60b p.lw             x12, 4(x23!)        x12=00000000 x23=10001788 x23:10001784  PA:10001784
14279006ns          239669 1c00976c 48064963 blt              x12, x0, 1170       x12:00000000
14279026ns          239670 1c009770 01412783 lw               x15, 20(x2)         x15=00000000  x2:10001618  PA:1000162c
14279045ns          239671 1c009772 00c00733 add              x14, x0, x12        x14=00000000 x12:00000000
14279065ns          239672 1c009774 56078863 beq              x15, x0, 1392       x15:00000000
14279165ns          239677 1c009ce4 01012783 lw               x15, 16(x2)         x15=00000000  x2:10001618  PA:10001628
14279185ns          239678 1c009ce6 01b00533 add              x10, x0, x27        x10=1000164c x27:1000164c
14279205ns          239679 1c009ce8 a8078ee3 beq              x15, x0, -1380      x15:00000000
14279264ns          239682 1c009784 00a007b3 add              x15, x0, x10        x15=1000164c x10:1000164c
14279284ns          239683 1c009786 00a00593 addi             x11, x0, 10         x11=0000000a
14279304ns          239684 1c009788 00900313 addi             x6, x0, 9            x6=00000009
14279324ns          239685 1c00978a 02b776b3 remu             x13, x14, x11       x13=00000000 x14:00000000 x11:0000000a
14279940ns          239716 1c00978e 00e00833 add              x16, x0, x14        x16=00000000 x14:00000000
14279960ns          239717 1c009790 00f008b3 add              x17, x0, x15        x17=1000164c x15:1000164c
14279980ns          239718 1c009792 03068693 addi             x13, x13, 48        x13=00000030 x13:00000000
14280000ns          239719 1c009796 00d780ab p.sb             x13, 1(x15!)        x15=1000164d x13:00000030 x15:1000164c  PA:1000164c
14280020ns          239720 1c00979a 02b75733 divu             x14, x14, x11       x14=00000000 x14:00000000 x11:0000000a
14280656ns          239752 1c00979e ff0366e3 bltu             x6, x16, -20         x6:00000009 x16:00000000
14280676ns          239753 1c0097a2 40a78733 sub              x14, x15, x10       x14=00000001 x15:1000164d x10:1000164c
14280696ns          239754 1c0097a6 01675c63 bge              x14, x22, 24        x14:00000001 x22:ffffffff
14280816ns          239760 1c0097be 00078023 sb               x0, 0(x15)          x15:1000164d  PA:1000164d
14280855ns          239762 1c0097c2 0b157563 bgeu             x10, x17, 170       x10:1000164c x17:1000164c
14280955ns          239767 1c00986c 01412703 lw               x14, 20(x2)         x14=00000000  x2:10001618  PA:1000162c
14280975ns          239768 1c00986e 01012683 lw               x13, 16(x2)         x13=00000000  x2:10001618  PA:10001628
14281034ns          239771 1c009870 41b787b3 sub              x15, x15, x27       x15=00000001 x15:1000164d x27:1000164c
14281074ns          239773 1c009874 00d76733 or               x14, x14, x13       x14=00000000 x14:00000000 x13:00000000
14281094ns          239774 1c009876 02e12623 sw               x14, 44(x2)         x14:00000000  x2:10001618  PA:10001644
14281114ns          239775 1c009878 b0071be3 bne              x14, x0, -1258      x14:00000000
14281134ns          239776 1c00987c 01f65713 srli             x14, x12, 0x1f      x14=00000000 x12:00000000
14281154ns          239777 1c009880 02e12623 sw               x14, 44(x2)         x14:00000000  x2:10001618  PA:10001644
14281174ns          239778 1c009882 b0dff06f jal              x0, -1268          
14281293ns          239784 1c00938e ebfb2be3 p.beqimm         x22, -330           x22:ffffffff
14281352ns          239787 1c009244 0c800713 addi             x14, x0, 200        x14=000000c8
14281372ns          239788 1c009248 14f75b63 bge              x14, x15, 342       x14:000000c8 x15:00000001
14281551ns          239797 1c00939e 00178613 addi             x12, x15, 1         x12=00000002 x15:00000001
14281591ns          239799 1c0093a2 0557c863 blt              x15, x21, 80        x15:00000001 x21:00000000
14281611ns          239800 1c0093a6 01712c23 sw               x23, 24(x2)         x23:10001788  x2:10001618  PA:10001630
14281631ns          239801 1c0093a8 00f00ab3 add              x21, x0, x15        x21=00000001 x15:00000001
14281651ns          239802 1c0093aa 8e0a8fe3 beq              x21, x0, -1794      x21:00000001
14281671ns          239803 1c0093ae 01b00933 add              x18, x0, x27        x18=1000164c x27:1000164c
14281691ns          239804 1c0093b0 41b409b3 sub              x19, x8, x27        x19=efffe9cb  x8:00000017 x27:1000164c
14281710ns          239805 1c0093b4 01ba8ab3 add              x21, x21, x27       x21=1000164d x21:00000001 x27:1000164c
14281730ns          239806 1c0093b6 00a0006f jal              x0, 10             
14281770ns          239808 1c0093c0 0019450b p.lbu            x10, 1(x18!)        x10=00000030 x18=1000164d x18:1000164c  PA:1000164c
14281790ns          239809 1c0093c4 009005b3 add              x11, x0, x9         x11=00000002  x9:00000002
14281810ns          239810 1c0093c6 000c80e7 jalr             x1, x25, 0           x1=1c0093c8 x25:1c008bb6
14281850ns          239812 1c008bb6 000026b7 lui              x13, 0x2000         x13=00002000
14281870ns          239813 1c008bb8 f8068693 addi             x13, x13, -128      x13=00001f80 x13:00002000
14281889ns          239814 1c008bbc f14027f3 csrrs            x15, x0, 0xf14      x15=00000002
14281949ns          239817 1c008bc0 00379713 slli             x14, x15, 0x3       x14=00000010 x15:00000002
14281989ns          239819 1c008bc4 00279793 slli             x15, x15, 0x2       x15=00000008 x15:00000002
14282009ns          239820 1c008bc6 00d7f7b3 and              x15, x15, x13       x15=00000000 x15:00000008 x13:00001f80
14282029ns          239821 1c008bc8 ee873733 p.bclr           x14, x14, 23, 8     x14=00000010 x14:00000010
14282049ns          239822 1c008bcc 1a10f6b7 lui              x13, 0x1a10f000     x13=1a10f000
14282068ns          239823 1c008bd0 00d70733 add              x14, x14, x13       x14=1a10f010 x14:00000010 x13:1a10f000
14282088ns          239824 1c008bd2 00e787b3 add              x15, x15, x14       x15=1a10f010 x15:00000000 x14:1a10f010
14282108ns          239825 1c008bd4 0ff57513 andi             x10, x10, 255       x10=00000030 x10:00000030
14282128ns          239826 1c008bd8 00a7a023 sw               x10, 0(x15)         x10:00000030 x15:1a10f010  PA:1a10f010
14282446ns          239842 1c008bda 00000513 addi             x10, x0, 0          x10=00000000
14282466ns          239843 1c008bdc 00008067 jalr             x0, x1, 0            x1:1c0093c8
14282506ns          239845 1c0093c8 fff538e3 p.bneimm         x10, -16            x10:00000000
14282566ns          239848 1c0093b8 01298433 add              x8, x19, x18         x8=00000018 x19:efffe9cb x18:1000164d
14282586ns          239849 1c0093bc 8f2a86e3 beq              x21, x18, -1812     x21:1000164d x18:1000164d
14282645ns          239852 1c008ca8 001a450b p.lbu            x10, 1(x20!)        x10=00000020 x20=1c000074 x20:1c000073  PA:1c000073
14282963ns          239868 1c008cac fe0515e3 bne              x10, x0, -22        x10:00000020
14283103ns          239875 1c008c96 02500793 addi             x15, x0, 37         x15=00000025
14283123ns          239876 1c008c9a 04f50763 beq              x10, x15, 78        x10:00000020 x15:00000025
14283142ns          239877 1c008c9e 009005b3 add              x11, x0, x9         x11=00000002  x9:00000002
14283162ns          239878 1c008ca0 000c80e7 jalr             x1, x25, 0           x1=1c008ca2 x25:1c008bb6
14283202ns          239880 1c008bb6 000026b7 lui              x13, 0x2000         x13=00002000
14283222ns          239881 1c008bb8 f8068693 addi             x13, x13, -128      x13=00001f80 x13:00002000
14283242ns          239882 1c008bbc f14027f3 csrrs            x15, x0, 0xf14      x15=00000002
14283262ns          239883 1c008bc0 00379713 slli             x14, x15, 0x3       x14=00000010 x15:00000002
14283282ns          239884 1c008bc4 00279793 slli             x15, x15, 0x2       x15=00000008 x15:00000002
14283302ns          239885 1c008bc6 00d7f7b3 and              x15, x15, x13       x15=00000000 x15:00000008 x13:00001f80
14283321ns          239886 1c008bc8 ee873733 p.bclr           x14, x14, 23, 8     x14=00000010 x14:00000010
14283341ns          239887 1c008bcc 1a10f6b7 lui              x13, 0x1a10f000     x13=1a10f000
14283361ns          239888 1c008bd0 00d70733 add              x14, x14, x13       x14=1a10f010 x14:00000010 x13:1a10f000
14283381ns          239889 1c008bd2 00e787b3 add              x15, x15, x14       x15=1a10f010 x15:00000000 x14:1a10f010
14283401ns          239890 1c008bd4 0ff57513 andi             x10, x10, 255       x10=00000020 x10:00000020
14283421ns          239891 1c008bd8 00a7a023 sw               x10, 0(x15)         x10:00000020 x15:1a10f010  PA:1a10f010
14283739ns          239907 1c008bda 00000513 addi             x10, x0, 0          x10=00000000
14283759ns          239908 1c008bdc 00008067 jalr             x0, x1, 0            x1:1c008ca2
14283819ns          239911 1c008ca2 4df52863 p.beqimm         x10, 1232           x10:00000000
14283838ns          239912 1c008ca6 00140413 addi             x8, x8, 1            x8=00000019  x8:00000018
14283858ns          239913 1c008ca8 001a450b p.lbu            x10, 1(x20!)        x10=0000002f x20=1c000075 x20:1c000074  PA:1c000074
14284196ns          239930 1c008cac fe0515e3 bne              x10, x0, -22        x10:0000002f
14284276ns          239934 1c008c96 02500793 addi             x15, x0, 37         x15=00000025
14284296ns          239935 1c008c9a 04f50763 beq              x10, x15, 78        x10:0000002f x15:00000025
14284316ns          239936 1c008c9e 009005b3 add              x11, x0, x9         x11=00000002  x9:00000002
14284336ns          239937 1c008ca0 000c80e7 jalr             x1, x25, 0           x1=1c008ca2 x25:1c008bb6
14284375ns          239939 1c008bb6 000026b7 lui              x13, 0x2000         x13=00002000
14284395ns          239940 1c008bb8 f8068693 addi             x13, x13, -128      x13=00001f80 x13:00002000
14284415ns          239941 1c008bbc f14027f3 csrrs            x15, x0, 0xf14      x15=00000002
14284435ns          239942 1c008bc0 00379713 slli             x14, x15, 0x3       x14=00000010 x15:00000002
14284455ns          239943 1c008bc4 00279793 slli             x15, x15, 0x2       x15=00000008 x15:00000002
14284475ns          239944 1c008bc6 00d7f7b3 and              x15, x15, x13       x15=00000000 x15:00000008 x13:00001f80
14284495ns          239945 1c008bc8 ee873733 p.bclr           x14, x14, 23, 8     x14=00000010 x14:00000010
14284515ns          239946 1c008bcc 1a10f6b7 lui              x13, 0x1a10f000     x13=1a10f000
14284535ns          239947 1c008bd0 00d70733 add              x14, x14, x13       x14=1a10f010 x14:00000010 x13:1a10f000
14284554ns          239948 1c008bd2 00e787b3 add              x15, x15, x14       x15=1a10f010 x15:00000000 x14:1a10f010
14284574ns          239949 1c008bd4 0ff57513 andi             x10, x10, 255       x10=0000002f x10:0000002f
14284594ns          239950 1c008bd8 00a7a023 sw               x10, 0(x15)         x10:0000002f x15:1a10f010  PA:1a10f010
14284912ns          239966 1c008bda 00000513 addi             x10, x0, 0          x10=00000000
14284932ns          239967 1c008bdc 00008067 jalr             x0, x1, 0            x1:1c008ca2
14284992ns          239970 1c008ca2 4df52863 p.beqimm         x10, 1232           x10:00000000
14285012ns          239971 1c008ca6 00140413 addi             x8, x8, 1            x8=0000001a  x8:00000019
14285032ns          239972 1c008ca8 001a450b p.lbu            x10, 1(x20!)        x10=00000020 x20=1c000076 x20:1c000075  PA:1c000075
14285350ns          239988 1c008cac fe0515e3 bne              x10, x0, -22        x10:00000020
14285430ns          239992 1c008c96 02500793 addi             x15, x0, 37         x15=00000025
14285449ns          239993 1c008c9a 04f50763 beq              x10, x15, 78        x10:00000020 x15:00000025
14285469ns          239994 1c008c9e 009005b3 add              x11, x0, x9         x11=00000002  x9:00000002
14285489ns          239995 1c008ca0 000c80e7 jalr             x1, x25, 0           x1=1c008ca2 x25:1c008bb6
14285529ns          239997 1c008bb6 000026b7 lui              x13, 0x2000         x13=00002000
14285549ns          239998 1c008bb8 f8068693 addi             x13, x13, -128      x13=00001f80 x13:00002000
14285569ns          239999 1c008bbc f14027f3 csrrs            x15, x0, 0xf14      x15=00000002
14285589ns          240000 1c008bc0 00379713 slli             x14, x15, 0x3       x14=00000010 x15:00000002
14285609ns          240001 1c008bc4 00279793 slli             x15, x15, 0x2       x15=00000008 x15:00000002
14285628ns          240002 1c008bc6 00d7f7b3 and              x15, x15, x13       x15=00000000 x15:00000008 x13:00001f80
14285648ns          240003 1c008bc8 ee873733 p.bclr           x14, x14, 23, 8     x14=00000010 x14:00000010
14285668ns          240004 1c008bcc 1a10f6b7 lui              x13, 0x1a10f000     x13=1a10f000
14285688ns          240005 1c008bd0 00d70733 add              x14, x14, x13       x14=1a10f010 x14:00000010 x13:1a10f000
14285708ns          240006 1c008bd2 00e787b3 add              x15, x15, x14       x15=1a10f010 x15:00000000 x14:1a10f010
14285728ns          240007 1c008bd4 0ff57513 andi             x10, x10, 255       x10=00000020 x10:00000020
14285748ns          240008 1c008bd8 00a7a023 sw               x10, 0(x15)         x10:00000020 x15:1a10f010  PA:1a10f010
14286066ns          240024 1c008bda 00000513 addi             x10, x0, 0          x10=00000000
14286086ns          240025 1c008bdc 00008067 jalr             x0, x1, 0            x1:1c008ca2
14286146ns          240028 1c008ca2 4df52863 p.beqimm         x10, 1232           x10:00000000
14286165ns          240029 1c008ca6 00140413 addi             x8, x8, 1            x8=0000001b  x8:0000001a
14286185ns          240030 1c008ca8 001a450b p.lbu            x10, 1(x20!)        x10=00000031 x20=1c000077 x20:1c000076  PA:1c000076
14286503ns          240046 1c008cac fe0515e3 bne              x10, x0, -22        x10:00000031
14286583ns          240050 1c008c96 02500793 addi             x15, x0, 37         x15=00000025
14286603ns          240051 1c008c9a 04f50763 beq              x10, x15, 78        x10:00000031 x15:00000025
14286623ns          240052 1c008c9e 009005b3 add              x11, x0, x9         x11=00000002  x9:00000002
14286643ns          240053 1c008ca0 000c80e7 jalr             x1, x25, 0           x1=1c008ca2 x25:1c008bb6
14286682ns          240055 1c008bb6 000026b7 lui              x13, 0x2000         x13=00002000
14286702ns          240056 1c008bb8 f8068693 addi             x13, x13, -128      x13=00001f80 x13:00002000
14286722ns          240057 1c008bbc f14027f3 csrrs            x15, x0, 0xf14      x15=00000002
14286742ns          240058 1c008bc0 00379713 slli             x14, x15, 0x3       x14=00000010 x15:00000002
14286762ns          240059 1c008bc4 00279793 slli             x15, x15, 0x2       x15=00000008 x15:00000002
14286782ns          240060 1c008bc6 00d7f7b3 and              x15, x15, x13       x15=00000000 x15:00000008 x13:00001f80
14286802ns          240061 1c008bc8 ee873733 p.bclr           x14, x14, 23, 8     x14=00000010 x14:00000010
14286822ns          240062 1c008bcc 1a10f6b7 lui              x13, 0x1a10f000     x13=1a10f000
14286842ns          240063 1c008bd0 00d70733 add              x14, x14, x13       x14=1a10f010 x14:00000010 x13:1a10f000
14286861ns          240064 1c008bd2 00e787b3 add              x15, x15, x14       x15=1a10f010 x15:00000000 x14:1a10f010
14286881ns          240065 1c008bd4 0ff57513 andi             x10, x10, 255       x10=00000031 x10:00000031
14286901ns          240066 1c008bd8 00a7a023 sw               x10, 0(x15)         x10:00000031 x15:1a10f010  PA:1a10f010
14287219ns          240082 1c008bda 00000513 addi             x10, x0, 0          x10=00000000
14287239ns          240083 1c008bdc 00008067 jalr             x0, x1, 0            x1:1c008ca2
14287299ns          240086 1c008ca2 4df52863 p.beqimm         x10, 1232           x10:00000000
14287319ns          240087 1c008ca6 00140413 addi             x8, x8, 1            x8=0000001c  x8:0000001b
14287339ns          240088 1c008ca8 001a450b p.lbu            x10, 1(x20!)        x10=00000036 x20=1c000078 x20:1c000077  PA:1c000077
14287657ns          240104 1c008cac fe0515e3 bne              x10, x0, -22        x10:00000036
14287737ns          240108 1c008c96 02500793 addi             x15, x0, 37         x15=00000025
14287756ns          240109 1c008c9a 04f50763 beq              x10, x15, 78        x10:00000036 x15:00000025
14287776ns          240110 1c008c9e 009005b3 add              x11, x0, x9         x11=00000002  x9:00000002
14287796ns          240111 1c008ca0 000c80e7 jalr             x1, x25, 0           x1=1c008ca2 x25:1c008bb6
14287836ns          240113 1c008bb6 000026b7 lui              x13, 0x2000         x13=00002000
14287856ns          240114 1c008bb8 f8068693 addi             x13, x13, -128      x13=00001f80 x13:00002000
14287876ns          240115 1c008bbc f14027f3 csrrs            x15, x0, 0xf14      x15=00000002
14287896ns          240116 1c008bc0 00379713 slli             x14, x15, 0x3       x14=00000010 x15:00000002
14287916ns          240117 1c008bc4 00279793 slli             x15, x15, 0x2       x15=00000008 x15:00000002
14287935ns          240118 1c008bc6 00d7f7b3 and              x15, x15, x13       x15=00000000 x15:00000008 x13:00001f80
14287955ns          240119 1c008bc8 ee873733 p.bclr           x14, x14, 23, 8     x14=00000010 x14:00000010
14287975ns          240120 1c008bcc 1a10f6b7 lui              x13, 0x1a10f000     x13=1a10f000
14287995ns          240121 1c008bd0 00d70733 add              x14, x14, x13       x14=1a10f010 x14:00000010 x13:1a10f000
14288015ns          240122 1c008bd2 00e787b3 add              x15, x15, x14       x15=1a10f010 x15:00000000 x14:1a10f010
14288035ns          240123 1c008bd4 0ff57513 andi             x10, x10, 255       x10=00000036 x10:00000036
14288055ns          240124 1c008bd8 00a7a023 sw               x10, 0(x15)         x10:00000036 x15:1a10f010  PA:1a10f010
14288373ns          240140 1c008bda 00000513 addi             x10, x0, 0          x10=00000000
14288393ns          240141 1c008bdc 00008067 jalr             x0, x1, 0            x1:1c008ca2
14288453ns          240144 1c008ca2 4df52863 p.beqimm         x10, 1232           x10:00000000
14288472ns          240145 1c008ca6 00140413 addi             x8, x8, 1            x8=0000001d  x8:0000001c
14288492ns          240146 1c008ca8 001a450b p.lbu            x10, 1(x20!)        x10=0000000a x20=1c000079 x20:1c000078  PA:1c000078
14288810ns          240162 1c008cac fe0515e3 bne              x10, x0, -22        x10:0000000a
14288890ns          240166 1c008c96 02500793 addi             x15, x0, 37         x15=00000025
14288910ns          240167 1c008c9a 04f50763 beq              x10, x15, 78        x10:0000000a x15:00000025
14288930ns          240168 1c008c9e 009005b3 add              x11, x0, x9         x11=00000002  x9:00000002
14288950ns          240169 1c008ca0 000c80e7 jalr             x1, x25, 0           x1=1c008ca2 x25:1c008bb6
14288989ns          240171 1c008bb6 000026b7 lui              x13, 0x2000         x13=00002000
14289009ns          240172 1c008bb8 f8068693 addi             x13, x13, -128      x13=00001f80 x13:00002000
14289029ns          240173 1c008bbc f14027f3 csrrs            x15, x0, 0xf14      x15=00000002
14289049ns          240174 1c008bc0 00379713 slli             x14, x15, 0x3       x14=00000010 x15:00000002
14289069ns          240175 1c008bc4 00279793 slli             x15, x15, 0x2       x15=00000008 x15:00000002
14289089ns          240176 1c008bc6 00d7f7b3 and              x15, x15, x13       x15=00000000 x15:00000008 x13:00001f80
14289109ns          240177 1c008bc8 ee873733 p.bclr           x14, x14, 23, 8     x14=00000010 x14:00000010
14289129ns          240178 1c008bcc 1a10f6b7 lui              x13, 0x1a10f000     x13=1a10f000
14289149ns          240179 1c008bd0 00d70733 add              x14, x14, x13       x14=1a10f010 x14:00000010 x13:1a10f000
14289168ns          240180 1c008bd2 00e787b3 add              x15, x15, x14       x15=1a10f010 x15:00000000 x14:1a10f010
14289188ns          240181 1c008bd4 0ff57513 andi             x10, x10, 255       x10=0000000a x10:0000000a
14289208ns          240182 1c008bd8 00a7a023 sw               x10, 0(x15)         x10:0000000a x15:1a10f010  PA:1a10f010
14289546ns          240199 1c008bda 00000513 addi             x10, x0, 0          x10=00000000
14289566ns          240200 1c008bdc 00008067 jalr             x0, x1, 0            x1:1c008ca2
14289626ns          240203 1c008ca2 4df52863 p.beqimm         x10, 1232           x10:00000000
14289646ns          240204 1c008ca6 00140413 addi             x8, x8, 1            x8=0000001e  x8:0000001d
14289666ns          240205 1c008ca8 001a450b p.lbu            x10, 1(x20!)        x10=00000000 x20=1c00007a x20:1c000079  PA:1c000079
14289984ns          240221 1c008cac fe0515e3 bne              x10, x0, -22        x10:00000000
14290004ns          240222 1c008cae 13c12083 lw               x1, 316(x2)          x1=1c008c22  x2:10001618  PA:10001754
14290024ns          240223 1c008cb2 00800533 add              x10, x0, x8         x10=0000001e  x8:0000001e
14290044ns          240224 1c008cb4 13812403 lw               x8, 312(x2)          x8=00000037  x2:10001618  PA:10001750
14290063ns          240225 1c008cb8 13412483 lw               x9, 308(x2)          x9=00000037  x2:10001618  PA:1000174c
14290083ns          240226 1c008cbc 13012903 lw               x18, 304(x2)        x18=00000002  x2:10001618  PA:10001748
14290123ns          240228 1c008cc0 12c12983 lw               x19, 300(x2)        x19=0000x061  x2:10001618  PA:10001744
14290163ns          240230 1c008cc4 12812a03 lw               x20, 296(x2)        x20=00000000  x2:10001618  PA:10001740
14290183ns          240231 1c008cc8 12412a83 lw               x21, 292(x2)        x21=000000b8  x2:10001618  PA:1000173c
14290203ns          240232 1c008ccc 12012b03 lw               x22, 288(x2)        x22=000000b4  x2:10001618  PA:10001738
14290262ns          240235 1c008cd0 11c12b83 lw               x23, 284(x2)        x23=00000523  x2:10001618  PA:10001734
14290302ns          240237 1c008cd4 11812c03 lw               x24, 280(x2)        x24=00000649  x2:10001618  PA:10001730
14290322ns          240238 1c008cd8 11412c83 lw               x25, 276(x2)        x25=1c000978  x2:10001618  PA:1000172c
14290342ns          240239 1c008cdc 11012d03 lw               x26, 272(x2)        x26=01f50000  x2:10001618  PA:10001728
14290402ns          240242 1c008ce0 10c12d83 lw               x27, 268(x2)        x27=0cbf0b8d  x2:10001618  PA:10001724
14290441ns          240244 1c008ce4 14010113 addi             x2, x2, 320          x2=10001758  x2:10001618
14290461ns          240245 1c008ce6 00008067 jalr             x0, x1, 0            x1:1c008c22
14290541ns          240249 1c008c22 01c12083 lw               x1, 28(x2)           x1=1c0087c8  x2:10001758  PA:10001774
14290581ns          240251 1c008c24 04010113 addi             x2, x2, 64           x2=10001798  x2:10001758
14290600ns          240252 1c008c26 00008067 jalr             x0, x1, 0            x1:1c0087c8
14290978ns          240271 1c0087c8 fcfff06f jal              x0, -50            
14291376ns          240291 1c008796 05c12083 lw               x1, 92(x2)           x1=1c00a05e  x2:10001798  PA:100017f4
14291416ns          240293 1c008798 05812403 lw               x8, 88(x2)           x8=00000000  x2:10001798  PA:100017f0
14291436ns          240294 1c00879a 05412483 lw               x9, 84(x2)           x9=00000000  x2:10001798  PA:100017ec
14291456ns          240295 1c00879c 05012903 lw               x18, 80(x2)         x18=00000000  x2:10001798  PA:100017e8
14291475ns          240296 1c00879e 04c12983 lw               x19, 76(x2)         x19=00000000  x2:10001798  PA:100017e4
14291913ns          240318 1c0087a0 04812a03 lw               x20, 72(x2)         x20=00000000  x2:10001798  PA:100017e0
14291933ns          240319 1c0087a2 04412a83 lw               x21, 68(x2)         x21=00000000  x2:10001798  PA:100017dc
14291953ns          240320 1c0087a4 04012b03 lw               x22, 64(x2)         x22=00000000  x2:10001798  PA:100017d8
14291973ns          240321 1c0087a6 03c12b83 lw               x23, 60(x2)         x23=00000000  x2:10001798  PA:100017d4
14291993ns          240322 1c0087a8 03812c03 lw               x24, 56(x2)         x24=00000000  x2:10001798  PA:100017d0
14292012ns          240323 1c0087aa 03412c83 lw               x25, 52(x2)         x25=00000000  x2:10001798  PA:100017cc
14292032ns          240324 1c0087ac 03012d03 lw               x26, 48(x2)         x26=00000000  x2:10001798  PA:100017c8
14292052ns          240325 1c0087ae 02c12d83 lw               x27, 44(x2)         x27=00000000  x2:10001798  PA:100017c4
14292072ns          240326 1c0087b0 00100513 addi             x10, x0, 1          x10=00000001
14292092ns          240327 1c0087b2 06010113 addi             x2, x2, 96           x2=100017f8  x2:10001798
14292112ns          240328 1c0087b4 00008067 jalr             x0, x1, 0            x1:1c00a05e
14292569ns          240351 1c00a05e 01f00713 addi             x14, x0, 31         x14=0000001f
14292649ns          240355 1c00a060 f14027f3 csrrs            x15, x0, 0xf14      x15=00000002
14292689ns          240357 1c00a064 ca5797b3 p.extractu       x15, x15, 5, 5      x15=00000000 x15:00000002
14292709ns          240358 1c00a068 00e78863 beq              x15, x14, 16        x15:00000000 x14:0000001f
14292728ns          240359 1c00a06c 002047b7 lui              x15, 0x204000       x15=00204000
14293166ns          240381 1c00a070 20078793 addi             x15, x15, 512       x15=00204200 x15:00204000
14293206ns          240383 1c00a074 01c7e703 p.elw            x14, 28(x15)        x14=00010000 x15:00204200  PA:0020421c
14293385ns          240392 1c00a078 f14027f3 csrrs            x15, x0, 0xf14      x15=00000002
14293405ns          240393 1c00a07c f457b7b3 p.bclr           x15, x15, 26, 5     x15=00000002 x15:00000002
14293743ns          240410 1c00a080 00079963 bne              x15, x0, 18         x15:00000002
14294160ns          240431 1c00a092 002047b7 lui              x15, 0x204000       x15=00204000
14294180ns          240432 1c00a096 fff00713 addi             x14, x0, -1         x14=ffffffff
14294200ns          240433 1c00a098 00e7a223 sw               x14, 4(x15)         x14:ffffffff x15:00204000  PA:00204004
