                Time          Cycles PC       Instr    Mnemonic
14015410ns          226415 1c008080 000000b7 lui              x1, 0x0              x1=00000000
14015450ns          226417 1c008084 00000137 lui              x2, 0x0              x2=00000000
14015470ns          226418 1c008088 000001b7 lui              x3, 0x0              x3=00000000
14015490ns          226419 1c00808c 00000237 lui              x4, 0x0              x4=00000000
14015927ns          226441 1c008090 000002b7 lui              x5, 0x0              x5=00000000
14015967ns          226443 1c008094 00000337 lui              x6, 0x0              x6=00000000
14015987ns          226444 1c008098 000003b7 lui              x7, 0x0              x7=00000000
14016007ns          226445 1c00809c 00000437 lui              x8, 0x0              x8=00000000
14016444ns          226467 1c0080a0 000004b7 lui              x9, 0x0              x9=00000000
14016484ns          226469 1c0080a4 00000537 lui              x10, 0x0            x10=00000000
14016504ns          226470 1c0080a8 000005b7 lui              x11, 0x0            x11=00000000
14016524ns          226471 1c0080ac 00000637 lui              x12, 0x0            x12=00000000
14016961ns          226493 1c0080b0 000006b7 lui              x13, 0x0            x13=00000000
14017001ns          226495 1c0080b4 00000737 lui              x14, 0x0            x14=00000000
14017021ns          226496 1c0080b8 000007b7 lui              x15, 0x0            x15=00000000
14017041ns          226497 1c0080bc 00000837 lui              x16, 0x0            x16=00000000
14017498ns          226520 1c0080c0 000008b7 lui              x17, 0x0            x17=00000000
14017538ns          226522 1c0080c4 00000937 lui              x18, 0x0            x18=00000000
14017558ns          226523 1c0080c8 000009b7 lui              x19, 0x0            x19=00000000
14017578ns          226524 1c0080cc 00000a37 lui              x20, 0x0            x20=00000000
14018015ns          226546 1c0080d0 00000ab7 lui              x21, 0x0            x21=00000000
14018055ns          226548 1c0080d4 00000b37 lui              x22, 0x0            x22=00000000
14018075ns          226549 1c0080d8 00000bb7 lui              x23, 0x0            x23=00000000
14018095ns          226550 1c0080dc 00000c37 lui              x24, 0x0            x24=00000000
14018533ns          226572 1c0080e0 00000cb7 lui              x25, 0x0            x25=00000000
14018572ns          226574 1c0080e4 00000d37 lui              x26, 0x0            x26=00000000
14018592ns          226575 1c0080e8 00000db7 lui              x27, 0x0            x27=00000000
14018612ns          226576 1c0080ec 00000e37 lui              x28, 0x0            x28=00000000
14019050ns          226598 1c0080f0 00000eb7 lui              x29, 0x0            x29=00000000
14019089ns          226600 1c0080f4 00000f37 lui              x30, 0x0            x30=00000000
14019109ns          226601 1c0080f8 00000fb7 lui              x31, 0x0            x31=00000000
14019129ns          226602 1c0080fc 0700006f jal              x0, 112            
14020044ns          226648 1c00816c f1402573 csrrs            x10, x0, 0xf14      x10=00000005
14020501ns          226671 1c008170 01f57593 andi             x11, x10, 31        x11=00000005 x10:00000005
14020541ns          226673 1c008174 00555513 srli             x10, x10, 0x5       x10=00000000 x10:00000005
14020561ns          226674 1c008176 01f00613 addi             x12, x0, 31         x12=0000001f
14020581ns          226675 1c008178 00c50463 beq              x10, x12, 8         x10:00000000 x12:0000001f
14020601ns          226676 1c00817c f95ff06f jal              x0, -108           
14021496ns          226721 1c008110 f3ff8117 auipc            x2, 0xf3ff8000       x2=10000110
14021536ns          226723 1c008114 ef410113 addi             x2, x2, -268         x2=10000004  x2:10000110
14021556ns          226724 1c008118 00012103 lw               x2, 0(x2)            x2=10000008  x2:10000004  PA:10000004
14021575ns          226725 1c00811c 000011b7 lui              x3, 0x1000           x3=00001000
14022013ns          226747 1c008120 80018193 addi             x3, x3, -2048        x3=00000800  x3:00001000
14022053ns          226749 1c008124 00158593 addi             x11, x11, 1         x11=00000006 x11:00000005
14022073ns          226750 1c008128 02b180b3 mul              x1, x3, x11          x1=00003000  x3:00000800 x11:00000006
14022093ns          226751 1c00812c 00110133 add              x2, x2, x1           x2=10003008  x2:10000008  x1:00003000
14022530ns          226773 1c008130 6f50106f jal              x0, 7924           
14022987ns          226796 1c00a024 ff010113 addi             x2, x2, -16          x2=10002ff8  x2:10003008
14023007ns          226797 1c00a026 00112623 sw               x1, 12(x2)           x1:00003000  x2:10002ff8  PA:10003004
14023027ns          226798 1c00a028 002047b7 lui              x15, 0x204000       x15=00204000
14023047ns          226799 1c00a02c 00070737 lui              x14, 0x70000        x14=00070000
14023485ns          226821 1c00a030 00e7a423 sw               x14, 8(x15)         x14:00070000 x15:00204000  PA:00204008
14023524ns          226823 1c00a032 0ff00713 addi             x14, x0, 255        x14=000000ff
14023544ns          226824 1c00a036 20078793 addi             x15, x15, 512       x15=00204200 x15:00204000
14023564ns          226825 1c00a03a 00e7a023 sw               x14, 0(x15)         x14:000000ff x15:00204200  PA:00204200
14024022ns          226848 1c00a03e 00e7a623 sw               x14, 12(x15)        x14:000000ff x15:00204200  PA:0020420c
14024042ns          226849 1c00a042 01f00693 addi             x13, x0, 31         x13=0000001f
14024061ns          226850 1c00a044 f1402773 csrrs            x14, x0, 0xf14      x14=00000005
14024081ns          226851 1c00a048 ca571733 p.extractu       x14, x14, 5, 5      x14=00000000 x14:00000005
14024101ns          226852 1c00a04c 00d70463 beq              x14, x13, 8         x14:00000000 x13:0000001f
14024539ns          226874 1c00a050 01c7e703 p.elw            x14, 28(x15)        x14=00010000 x15:00204200  PA:0020421c
14024698ns          226882 1c00a054 1c0017b7 lui              x15, 0x1c001000     x15=1c001000
14024718ns          226883 1c00a058 e087a783 lw               x15, -504(x15)      x15=1c0081c6 x15:1c001000  PA:1c000e08
14025255ns          226910 1c00a05c 000780e7 jalr             x1, x15, 0           x1=1c00a05e x15:1c0081c6
14025652ns          226930 1c0081c6 fa010113 addi             x2, x2, -96          x2=10002f98  x2:10002ff8
14025692ns          226932 1c0081c8 04812c23 sw               x8, 88(x2)           x8:00000000  x2:10002f98  PA:10002ff0
14025712ns          226933 1c0081ca 05212823 sw               x18, 80(x2)         x18:00000000  x2:10002f98  PA:10002fe8
14025732ns          226934 1c0081cc f1402473 csrrs            x8, x0, 0xf14        x8=00000005
14026150ns          226955 1c0081d0 1c000537 lui              x10, 0x1c000000     x10=1c000000
14026189ns          226957 1c0081d4 f4543933 p.bclr           x18, x8, 26, 5      x18=00000005  x8:00000005
14026209ns          226958 1c0081d8 40545593 srai             x11, x8, 0x405      x11=00000000  x8:00000005
14026229ns          226959 1c0081dc 01200633 add              x12, x0, x18        x12=00000005 x18:00000005
14026687ns          226982 1c0081de f265b5b3 p.bclr           x11, x11, 25, 6     x11=00000000 x11:00000000
14026726ns          226984 1c0081e2 01c50513 addi             x10, x10, 28        x10=1c00001c x10:1c000000
14026746ns          226985 1c0081e6 04112e23 sw               x1, 92(x2)           x1:1c00a05e  x2:10002f98  PA:10002ff4
14026766ns          226986 1c0081e8 04912a23 sw               x9, 84(x2)           x9:00000000  x2:10002f98  PA:10002fec
14026786ns          226987 1c0081ea 05312623 sw               x19, 76(x2)         x19:00000000  x2:10002f98  PA:10002fe4
14026806ns          226988 1c0081ec 05412423 sw               x20, 72(x2)         x20:00000000  x2:10002f98  PA:10002fe0
14026826ns          226989 1c0081ee 05512223 sw               x21, 68(x2)         x21:00000000  x2:10002f98  PA:10002fdc
14027204ns          227008 1c0081f0 05612023 sw               x22, 64(x2)         x22:00000000  x2:10002f98  PA:10002fd8
14027224ns          227009 1c0081f2 03712e23 sw               x23, 60(x2)         x23:00000000  x2:10002f98  PA:10002fd4
14027244ns          227010 1c0081f4 03812c23 sw               x24, 56(x2)         x24:00000000  x2:10002f98  PA:10002fd0
14027263ns          227011 1c0081f6 03912a23 sw               x25, 52(x2)         x25:00000000  x2:10002f98  PA:10002fcc
14027283ns          227012 1c0081f8 03a12823 sw               x26, 48(x2)         x26:00000000  x2:10002f98  PA:10002fc8
14027303ns          227013 1c0081fa 03b12623 sw               x27, 44(x2)         x27:00000000  x2:10002f98  PA:10002fc4
14027323ns          227014 1c0081fc 1ff000ef jal              x1, 2558             x1=1c008200
14028198ns          227058 1c008bfa fc010113 addi             x2, x2, -64          x2=10002f58  x2:10002f98
14028238ns          227060 1c008bfc 02410313 addi             x6, x2, 36           x6=10002f7c  x2:10002f58
14028675ns          227082 1c008c00 02c12423 sw               x12, 40(x2)         x12:00000005  x2:10002f58  PA:10002f80
14028695ns          227083 1c008c02 00a00633 add              x12, x0, x10        x12=1c00001c x10:1c00001c
14028715ns          227084 1c008c04 1c009537 lui              x10, 0x1c009000     x10=1c009000
14028735ns          227085 1c008c08 02b12223 sw               x11, 36(x2)         x11:00000000  x2:10002f58  PA:10002f7c
14028755ns          227086 1c008c0a 02d12623 sw               x13, 44(x2)         x13:0000001f  x2:10002f58  PA:10002f84
14028775ns          227087 1c008c0c 00200593 addi             x11, x0, 2          x11=00000002
14028795ns          227088 1c008c0e 006006b3 add              x13, x0, x6         x13=10002f7c  x6:10002f7c
14029193ns          227108 1c008c10 bb650513 addi             x10, x10, -1098     x10=1c008bb6 x10:1c009000
14029232ns          227110 1c008c14 00112e23 sw               x1, 28(x2)           x1:1c008200  x2:10002f58  PA:10002f74
14029252ns          227111 1c008c16 02e12823 sw               x14, 48(x2)         x14:00010000  x2:10002f58  PA:10002f88
14029272ns          227112 1c008c18 02f12a23 sw               x15, 52(x2)         x15:1c0081c6  x2:10002f58  PA:10002f8c
14029292ns          227113 1c008c1a 03012c23 sw               x16, 56(x2)         x16:00000000  x2:10002f58  PA:10002f90
14029312ns          227114 1c008c1c 03112e23 sw               x17, 60(x2)         x17:00000000  x2:10002f58  PA:10002f94
14029332ns          227115 1c008c1e 00612623 sw               x6, 12(x2)           x6:10002f7c  x2:10002f58  PA:10002f64
14029710ns          227134 1c008c20 fbfff0ef jal              x1, -66              x1=1c008c22
14030167ns          227157 1c008bde 04a0006f jal              x0, 74             
14030207ns          227159 1c008c28 ec010113 addi             x2, x2, -320         x2=10002e18  x2:10002f58
14030227ns          227160 1c008c2a 13312623 sw               x19, 300(x2)        x19:00000000  x2:10002e18  PA:10002f44
14030684ns          227183 1c008c2e 12112e23 sw               x1, 316(x2)          x1:1c008c22  x2:10002e18  PA:10002f54
14030724ns          227185 1c008c32 12812c23 sw               x8, 312(x2)          x8:00000005  x2:10002e18  PA:10002f50
14030744ns          227186 1c008c36 12912a23 sw               x9, 308(x2)          x9:00000000  x2:10002e18  PA:10002f4c
14030764ns          227187 1c008c3a 13212823 sw               x18, 304(x2)        x18:00000005  x2:10002e18  PA:10002f48
14031201ns          227209 1c008c3e 13412423 sw               x20, 296(x2)        x20:00000000  x2:10002e18  PA:10002f40
14031241ns          227211 1c008c42 13512223 sw               x21, 292(x2)        x21:00000000  x2:10002e18  PA:10002f3c
14031261ns          227212 1c008c46 13612023 sw               x22, 288(x2)        x22:00000000  x2:10002e18  PA:10002f38
14031281ns          227213 1c008c4a 11712e23 sw               x23, 284(x2)        x23:00000000  x2:10002e18  PA:10002f34
14031718ns          227235 1c008c4e 11812c23 sw               x24, 280(x2)        x24:00000000  x2:10002e18  PA:10002f30
14031758ns          227237 1c008c52 11912a23 sw               x25, 276(x2)        x25:00000000  x2:10002e18  PA:10002f2c
14031778ns          227238 1c008c56 11a12823 sw               x26, 272(x2)        x26:00000000  x2:10002e18  PA:10002f28
14031798ns          227239 1c008c5a 11b12623 sw               x27, 268(x2)        x27:00000000  x2:10002e18  PA:10002f24
14031818ns          227240 1c008c5e 00c009b3 add              x19, x0, x12        x19=1c00001c x12:1c00001c
14032235ns          227261 1c008c60 0019c78b p.lbu            x15, 1(x19!)        x15=00000045 x19=1c00001d x19:1c00001c  PA:1c00001c
14032792ns          227289 1c008c64 00d12c23 sw               x13, 24(x2)         x13:10002f7c  x2:10002e18  PA:10002e30
14032812ns          227290 1c008c66 6a0788e3 beq              x15, x0, 3760       x15:00000045
14032832ns          227291 1c008c6a 1c000737 lui              x14, 0x1c000000     x14=1c000000
14032852ns          227292 1c008c6e 0c472703 lw               x14, 196(x14)       x14=20202020 x14:1c000000  PA:1c0000c4
14033170ns          227308 1c008c72 03410d93 addi             x27, x2, 52         x27=10002e4c  x2:10002e18
14033190ns          227309 1c008c76 00a00cb3 add              x25, x0, x10        x25=1c008bb6 x10:1c008bb6
14033210ns          227310 1c008c78 02e12023 sw               x14, 32(x2)         x14:20202020  x2:10002e18  PA:10002e38
14033230ns          227311 1c008c7a 03610713 addi             x14, x2, 54         x14=10002e4e  x2:10002e18
14033369ns          227318 1c008c7e fff74713 xori             x14, x14, -1        x14=efffd1b1 x14:10002e4e
14033389ns          227319 1c008c82 02e12223 sw               x14, 36(x2)         x14:efffd1b1  x2:10002e18  PA:10002e3c
14033409ns          227320 1c008c84 fffdc713 xori             x14, x27, -1        x14=efffd1b3 x27:10002e4c
14033429ns          227321 1c008c88 00b004b3 add              x9, x0, x11          x9=00000002 x11:00000002
14033449ns          227322 1c008c8a 00000413 addi             x8, x0, 0            x8=00000000
14033468ns          227323 1c008c8c 1c000d37 lui              x26, 0x1c000000     x26=1c000000
14033886ns          227344 1c008c90 02e12423 sw               x14, 40(x2)         x14:efffd1b3  x2:10002e18  PA:10002e40
14033906ns          227345 1c008c92 01300a33 add              x20, x0, x19        x20=1c00001d x19:1c00001d
14033926ns          227346 1c008c94 00f00533 add              x10, x0, x15        x10=00000045 x15:00000045
14033946ns          227347 1c008c96 02500793 addi             x15, x0, 37         x15=00000025
14033966ns          227348 1c008c9a 04f50763 beq              x10, x15, 78        x10:00000045 x15:00000025
14033986ns          227349 1c008c9e 009005b3 add              x11, x0, x9         x11=00000002  x9:00000002
14034403ns          227370 1c008ca0 000c80e7 jalr             x1, x25, 0           x1=1c008ca2 x25:1c008bb6
14034861ns          227393 1c008bb6 000026b7 lui              x13, 0x2000         x13=00002000
14034900ns          227395 1c008bb8 f8068693 addi             x13, x13, -128      x13=00001f80 x13:00002000
14034920ns          227396 1c008bbc f14027f3 csrrs            x15, x0, 0xf14      x15=00000005
14035358ns          227418 1c008bc0 00379713 slli             x14, x15, 0x3       x14=00000028 x15:00000005
14035398ns          227420 1c008bc4 00279793 slli             x15, x15, 0x2       x15=00000014 x15:00000005
14035417ns          227421 1c008bc6 00d7f7b3 and              x15, x15, x13       x15=00000000 x15:00000014 x13:00001f80
14035437ns          227422 1c008bc8 ee873733 p.bclr           x14, x14, 23, 8     x14=00000028 x14:00000028
14035457ns          227423 1c008bcc 1a10f6b7 lui              x13, 0x1a10f000     x13=1a10f000
14035477ns          227424 1c008bd0 00d70733 add              x14, x14, x13       x14=1a10f028 x14:00000028 x13:1a10f000
14035497ns          227425 1c008bd2 00e787b3 add              x15, x15, x14       x15=1a10f028 x15:00000000 x14:1a10f028
14035517ns          227426 1c008bd4 0ff57513 andi             x10, x10, 255       x10=00000045 x10:00000045
14035537ns          227427 1c008bd8 00a7a023 sw               x10, 0(x15)         x10:00000045 x15:1a10f028  PA:1a10f028
14035915ns          227446 1c008bda 00000513 addi             x10, x0, 0          x10=00000000
14035935ns          227447 1c008bdc 00008067 jalr             x0, x1, 0            x1:1c008ca2
14036034ns          227452 1c008ca2 4df52863 p.beqimm         x10, 1232           x10:00000000
14036054ns          227453 1c008ca6 00140413 addi             x8, x8, 1            x8=00000001  x8:00000000
14036074ns          227454 1c008ca8 001a450b p.lbu            x10, 1(x20!)        x10=0000006e x20=1c00001e x20:1c00001d  PA:1c00001d
14036551ns          227478 1c008cac fe0515e3 bne              x10, x0, -22        x10:0000006e
14036631ns          227482 1c008c96 02500793 addi             x15, x0, 37         x15=00000025
14036651ns          227483 1c008c9a 04f50763 beq              x10, x15, 78        x10:0000006e x15:00000025
14036670ns          227484 1c008c9e 009005b3 add              x11, x0, x9         x11=00000002  x9:00000002
14036690ns          227485 1c008ca0 000c80e7 jalr             x1, x25, 0           x1=1c008ca2 x25:1c008bb6
14036730ns          227487 1c008bb6 000026b7 lui              x13, 0x2000         x13=00002000
14036750ns          227488 1c008bb8 f8068693 addi             x13, x13, -128      x13=00001f80 x13:00002000
14036770ns          227489 1c008bbc f14027f3 csrrs            x15, x0, 0xf14      x15=00000005
14036790ns          227490 1c008bc0 00379713 slli             x14, x15, 0x3       x14=00000028 x15:00000005
14036810ns          227491 1c008bc4 00279793 slli             x15, x15, 0x2       x15=00000014 x15:00000005
14036830ns          227492 1c008bc6 00d7f7b3 and              x15, x15, x13       x15=00000000 x15:00000014 x13:00001f80
14036849ns          227493 1c008bc8 ee873733 p.bclr           x14, x14, 23, 8     x14=00000028 x14:00000028
14036869ns          227494 1c008bcc 1a10f6b7 lui              x13, 0x1a10f000     x13=1a10f000
14036889ns          227495 1c008bd0 00d70733 add              x14, x14, x13       x14=1a10f028 x14:00000028 x13:1a10f000
14036909ns          227496 1c008bd2 00e787b3 add              x15, x15, x14       x15=1a10f028 x15:00000000 x14:1a10f028
14036929ns          227497 1c008bd4 0ff57513 andi             x10, x10, 255       x10=0000006e x10:0000006e
14036949ns          227498 1c008bd8 00a7a023 sw               x10, 0(x15)         x10:0000006e x15:1a10f028  PA:1a10f028
14037287ns          227515 1c008bda 00000513 addi             x10, x0, 0          x10=00000000
14037307ns          227516 1c008bdc 00008067 jalr             x0, x1, 0            x1:1c008ca2
14037367ns          227519 1c008ca2 4df52863 p.beqimm         x10, 1232           x10:00000000
14037386ns          227520 1c008ca6 00140413 addi             x8, x8, 1            x8=00000002  x8:00000001
14037406ns          227521 1c008ca8 001a450b p.lbu            x10, 1(x20!)        x10=00000074 x20=1c00001f x20:1c00001e  PA:1c00001e
14037724ns          227537 1c008cac fe0515e3 bne              x10, x0, -22        x10:00000074
14037804ns          227541 1c008c96 02500793 addi             x15, x0, 37         x15=00000025
14037824ns          227542 1c008c9a 04f50763 beq              x10, x15, 78        x10:00000074 x15:00000025
14037844ns          227543 1c008c9e 009005b3 add              x11, x0, x9         x11=00000002  x9:00000002
14037864ns          227544 1c008ca0 000c80e7 jalr             x1, x25, 0           x1=1c008ca2 x25:1c008bb6
14037903ns          227546 1c008bb6 000026b7 lui              x13, 0x2000         x13=00002000
14037923ns          227547 1c008bb8 f8068693 addi             x13, x13, -128      x13=00001f80 x13:00002000
14037943ns          227548 1c008bbc f14027f3 csrrs            x15, x0, 0xf14      x15=00000005
14037963ns          227549 1c008bc0 00379713 slli             x14, x15, 0x3       x14=00000028 x15:00000005
14037983ns          227550 1c008bc4 00279793 slli             x15, x15, 0x2       x15=00000014 x15:00000005
14038003ns          227551 1c008bc6 00d7f7b3 and              x15, x15, x13       x15=00000000 x15:00000014 x13:00001f80
14038023ns          227552 1c008bc8 ee873733 p.bclr           x14, x14, 23, 8     x14=00000028 x14:00000028
14038043ns          227553 1c008bcc 1a10f6b7 lui              x13, 0x1a10f000     x13=1a10f000
14038063ns          227554 1c008bd0 00d70733 add              x14, x14, x13       x14=1a10f028 x14:00000028 x13:1a10f000
14038082ns          227555 1c008bd2 00e787b3 add              x15, x15, x14       x15=1a10f028 x15:00000000 x14:1a10f028
14038102ns          227556 1c008bd4 0ff57513 andi             x10, x10, 255       x10=00000074 x10:00000074
14038122ns          227557 1c008bd8 00a7a023 sw               x10, 0(x15)         x10:00000074 x15:1a10f028  PA:1a10f028
14038480ns          227575 1c008bda 00000513 addi             x10, x0, 0          x10=00000000
14038500ns          227576 1c008bdc 00008067 jalr             x0, x1, 0            x1:1c008ca2
14038560ns          227579 1c008ca2 4df52863 p.beqimm         x10, 1232           x10:00000000
14038580ns          227580 1c008ca6 00140413 addi             x8, x8, 1            x8=00000003  x8:00000002
14038600ns          227581 1c008ca8 001a450b p.lbu            x10, 1(x20!)        x10=00000065 x20=1c000020 x20:1c00001f  PA:1c00001f
14038938ns          227598 1c008cac fe0515e3 bne              x10, x0, -22        x10:00000065
14039017ns          227602 1c008c96 02500793 addi             x15, x0, 37         x15=00000025
14039037ns          227603 1c008c9a 04f50763 beq              x10, x15, 78        x10:00000065 x15:00000025
14039057ns          227604 1c008c9e 009005b3 add              x11, x0, x9         x11=00000002  x9:00000002
14039077ns          227605 1c008ca0 000c80e7 jalr             x1, x25, 0           x1=1c008ca2 x25:1c008bb6
14039117ns          227607 1c008bb6 000026b7 lui              x13, 0x2000         x13=00002000
14039137ns          227608 1c008bb8 f8068693 addi             x13, x13, -128      x13=00001f80 x13:00002000
14039156ns          227609 1c008bbc f14027f3 csrrs            x15, x0, 0xf14      x15=00000005
14039176ns          227610 1c008bc0 00379713 slli             x14, x15, 0x3       x14=00000028 x15:00000005
14039196ns          227611 1c008bc4 00279793 slli             x15, x15, 0x2       x15=00000014 x15:00000005
14039216ns          227612 1c008bc6 00d7f7b3 and              x15, x15, x13       x15=00000000 x15:00000014 x13:00001f80
14039236ns          227613 1c008bc8 ee873733 p.bclr           x14, x14, 23, 8     x14=00000028 x14:00000028
14039256ns          227614 1c008bcc 1a10f6b7 lui              x13, 0x1a10f000     x13=1a10f000
14039276ns          227615 1c008bd0 00d70733 add              x14, x14, x13       x14=1a10f028 x14:00000028 x13:1a10f000
14039296ns          227616 1c008bd2 00e787b3 add              x15, x15, x14       x15=1a10f028 x15:00000000 x14:1a10f028
14039316ns          227617 1c008bd4 0ff57513 andi             x10, x10, 255       x10=00000065 x10:00000065
14039335ns          227618 1c008bd8 00a7a023 sw               x10, 0(x15)         x10:00000065 x15:1a10f028  PA:1a10f028
14039654ns          227634 1c008bda 00000513 addi             x10, x0, 0          x10=00000000
14039674ns          227635 1c008bdc 00008067 jalr             x0, x1, 0            x1:1c008ca2
14039733ns          227638 1c008ca2 4df52863 p.beqimm         x10, 1232           x10:00000000
14039753ns          227639 1c008ca6 00140413 addi             x8, x8, 1            x8=00000004  x8:00000003
14039773ns          227640 1c008ca8 001a450b p.lbu            x10, 1(x20!)        x10=00000072 x20=1c000021 x20:1c000020  PA:1c000020
14040091ns          227656 1c008cac fe0515e3 bne              x10, x0, -22        x10:00000072
14040171ns          227660 1c008c96 02500793 addi             x15, x0, 37         x15=00000025
14040191ns          227661 1c008c9a 04f50763 beq              x10, x15, 78        x10:00000072 x15:00000025
14040210ns          227662 1c008c9e 009005b3 add              x11, x0, x9         x11=00000002  x9:00000002
14040230ns          227663 1c008ca0 000c80e7 jalr             x1, x25, 0           x1=1c008ca2 x25:1c008bb6
14040270ns          227665 1c008bb6 000026b7 lui              x13, 0x2000         x13=00002000
14040290ns          227666 1c008bb8 f8068693 addi             x13, x13, -128      x13=00001f80 x13:00002000
14040310ns          227667 1c008bbc f14027f3 csrrs            x15, x0, 0xf14      x15=00000005
14040330ns          227668 1c008bc0 00379713 slli             x14, x15, 0x3       x14=00000028 x15:00000005
14040350ns          227669 1c008bc4 00279793 slli             x15, x15, 0x2       x15=00000014 x15:00000005
14040370ns          227670 1c008bc6 00d7f7b3 and              x15, x15, x13       x15=00000000 x15:00000014 x13:00001f80
14040389ns          227671 1c008bc8 ee873733 p.bclr           x14, x14, 23, 8     x14=00000028 x14:00000028
14040409ns          227672 1c008bcc 1a10f6b7 lui              x13, 0x1a10f000     x13=1a10f000
14040429ns          227673 1c008bd0 00d70733 add              x14, x14, x13       x14=1a10f028 x14:00000028 x13:1a10f000
14040449ns          227674 1c008bd2 00e787b3 add              x15, x15, x14       x15=1a10f028 x15:00000000 x14:1a10f028
14040469ns          227675 1c008bd4 0ff57513 andi             x10, x10, 255       x10=00000072 x10:00000072
14040489ns          227676 1c008bd8 00a7a023 sw               x10, 0(x15)         x10:00000072 x15:1a10f028  PA:1a10f028
14040807ns          227692 1c008bda 00000513 addi             x10, x0, 0          x10=00000000
14040827ns          227693 1c008bdc 00008067 jalr             x0, x1, 0            x1:1c008ca2
14040887ns          227696 1c008ca2 4df52863 p.beqimm         x10, 1232           x10:00000000
14040907ns          227697 1c008ca6 00140413 addi             x8, x8, 1            x8=00000005  x8:00000004
14040926ns          227698 1c008ca8 001a450b p.lbu            x10, 1(x20!)        x10=00000065 x20=1c000022 x20:1c000021  PA:1c000021
14041245ns          227714 1c008cac fe0515e3 bne              x10, x0, -22        x10:00000065
14041324ns          227718 1c008c96 02500793 addi             x15, x0, 37         x15=00000025
14041344ns          227719 1c008c9a 04f50763 beq              x10, x15, 78        x10:00000065 x15:00000025
14041364ns          227720 1c008c9e 009005b3 add              x11, x0, x9         x11=00000002  x9:00000002
14041384ns          227721 1c008ca0 000c80e7 jalr             x1, x25, 0           x1=1c008ca2 x25:1c008bb6
14041424ns          227723 1c008bb6 000026b7 lui              x13, 0x2000         x13=00002000
14041444ns          227724 1c008bb8 f8068693 addi             x13, x13, -128      x13=00001f80 x13:00002000
14041463ns          227725 1c008bbc f14027f3 csrrs            x15, x0, 0xf14      x15=00000005
14041483ns          227726 1c008bc0 00379713 slli             x14, x15, 0x3       x14=00000028 x15:00000005
14041503ns          227727 1c008bc4 00279793 slli             x15, x15, 0x2       x15=00000014 x15:00000005
14041523ns          227728 1c008bc6 00d7f7b3 and              x15, x15, x13       x15=00000000 x15:00000014 x13:00001f80
14041543ns          227729 1c008bc8 ee873733 p.bclr           x14, x14, 23, 8     x14=00000028 x14:00000028
14041563ns          227730 1c008bcc 1a10f6b7 lui              x13, 0x1a10f000     x13=1a10f000
14041583ns          227731 1c008bd0 00d70733 add              x14, x14, x13       x14=1a10f028 x14:00000028 x13:1a10f000
14041603ns          227732 1c008bd2 00e787b3 add              x15, x15, x14       x15=1a10f028 x15:00000000 x14:1a10f028
14041623ns          227733 1c008bd4 0ff57513 andi             x10, x10, 255       x10=00000065 x10:00000065
14041642ns          227734 1c008bd8 00a7a023 sw               x10, 0(x15)         x10:00000065 x15:1a10f028  PA:1a10f028
14041981ns          227751 1c008bda 00000513 addi             x10, x0, 0          x10=00000000
14042000ns          227752 1c008bdc 00008067 jalr             x0, x1, 0            x1:1c008ca2
14042060ns          227755 1c008ca2 4df52863 p.beqimm         x10, 1232           x10:00000000
14042080ns          227756 1c008ca6 00140413 addi             x8, x8, 1            x8=00000006  x8:00000005
14042100ns          227757 1c008ca8 001a450b p.lbu            x10, 1(x20!)        x10=00000064 x20=1c000023 x20:1c000022  PA:1c000022
14042438ns          227774 1c008cac fe0515e3 bne              x10, x0, -22        x10:00000064
14042518ns          227778 1c008c96 02500793 addi             x15, x0, 37         x15=00000025
14042537ns          227779 1c008c9a 04f50763 beq              x10, x15, 78        x10:00000064 x15:00000025
14042557ns          227780 1c008c9e 009005b3 add              x11, x0, x9         x11=00000002  x9:00000002
14042577ns          227781 1c008ca0 000c80e7 jalr             x1, x25, 0           x1=1c008ca2 x25:1c008bb6
14042617ns          227783 1c008bb6 000026b7 lui              x13, 0x2000         x13=00002000
14042637ns          227784 1c008bb8 f8068693 addi             x13, x13, -128      x13=00001f80 x13:00002000
14042657ns          227785 1c008bbc f14027f3 csrrs            x15, x0, 0xf14      x15=00000005
14042677ns          227786 1c008bc0 00379713 slli             x14, x15, 0x3       x14=00000028 x15:00000005
14042696ns          227787 1c008bc4 00279793 slli             x15, x15, 0x2       x15=00000014 x15:00000005
14042716ns          227788 1c008bc6 00d7f7b3 and              x15, x15, x13       x15=00000000 x15:00000014 x13:00001f80
14042736ns          227789 1c008bc8 ee873733 p.bclr           x14, x14, 23, 8     x14=00000028 x14:00000028
14042756ns          227790 1c008bcc 1a10f6b7 lui              x13, 0x1a10f000     x13=1a10f000
14042776ns          227791 1c008bd0 00d70733 add              x14, x14, x13       x14=1a10f028 x14:00000028 x13:1a10f000
14042796ns          227792 1c008bd2 00e787b3 add              x15, x15, x14       x15=1a10f028 x15:00000000 x14:1a10f028
14042816ns          227793 1c008bd4 0ff57513 andi             x10, x10, 255       x10=00000064 x10:00000064
14042836ns          227794 1c008bd8 00a7a023 sw               x10, 0(x15)         x10:00000064 x15:1a10f028  PA:1a10f028
14043194ns          227812 1c008bda 00000513 addi             x10, x0, 0          x10=00000000
14043214ns          227813 1c008bdc 00008067 jalr             x0, x1, 0            x1:1c008ca2
14043273ns          227816 1c008ca2 4df52863 p.beqimm         x10, 1232           x10:00000000
14043293ns          227817 1c008ca6 00140413 addi             x8, x8, 1            x8=00000007  x8:00000006
14043313ns          227818 1c008ca8 001a450b p.lbu            x10, 1(x20!)        x10=00000020 x20=1c000024 x20:1c000023  PA:1c000023
14043631ns          227834 1c008cac fe0515e3 bne              x10, x0, -22        x10:00000020
14043711ns          227838 1c008c96 02500793 addi             x15, x0, 37         x15=00000025
14043731ns          227839 1c008c9a 04f50763 beq              x10, x15, 78        x10:00000020 x15:00000025
14043751ns          227840 1c008c9e 009005b3 add              x11, x0, x9         x11=00000002  x9:00000002
14043770ns          227841 1c008ca0 000c80e7 jalr             x1, x25, 0           x1=1c008ca2 x25:1c008bb6
14043810ns          227843 1c008bb6 000026b7 lui              x13, 0x2000         x13=00002000
14043830ns          227844 1c008bb8 f8068693 addi             x13, x13, -128      x13=00001f80 x13:00002000
14043850ns          227845 1c008bbc f14027f3 csrrs            x15, x0, 0xf14      x15=00000005
14043870ns          227846 1c008bc0 00379713 slli             x14, x15, 0x3       x14=00000028 x15:00000005
14043890ns          227847 1c008bc4 00279793 slli             x15, x15, 0x2       x15=00000014 x15:00000005
14043910ns          227848 1c008bc6 00d7f7b3 and              x15, x15, x13       x15=00000000 x15:00000014 x13:00001f80
14043930ns          227849 1c008bc8 ee873733 p.bclr           x14, x14, 23, 8     x14=00000028 x14:00000028
14043949ns          227850 1c008bcc 1a10f6b7 lui              x13, 0x1a10f000     x13=1a10f000
14043969ns          227851 1c008bd0 00d70733 add              x14, x14, x13       x14=1a10f028 x14:00000028 x13:1a10f000
14043989ns          227852 1c008bd2 00e787b3 add              x15, x15, x14       x15=1a10f028 x15:00000000 x14:1a10f028
14044009ns          227853 1c008bd4 0ff57513 andi             x10, x10, 255       x10=00000020 x10:00000020
14044029ns          227854 1c008bd8 00a7a023 sw               x10, 0(x15)         x10:00000020 x15:1a10f028  PA:1a10f028
14044347ns          227870 1c008bda 00000513 addi             x10, x0, 0          x10=00000000
14044367ns          227871 1c008bdc 00008067 jalr             x0, x1, 0            x1:1c008ca2
14044427ns          227874 1c008ca2 4df52863 p.beqimm         x10, 1232           x10:00000000
14044447ns          227875 1c008ca6 00140413 addi             x8, x8, 1            x8=00000008  x8:00000007
14044467ns          227876 1c008ca8 001a450b p.lbu            x10, 1(x20!)        x10=00000063 x20=1c000025 x20:1c000024  PA:1c000024
14044785ns          227892 1c008cac fe0515e3 bne              x10, x0, -22        x10:00000063
14044864ns          227896 1c008c96 02500793 addi             x15, x0, 37         x15=00000025
14044884ns          227897 1c008c9a 04f50763 beq              x10, x15, 78        x10:00000063 x15:00000025
14044904ns          227898 1c008c9e 009005b3 add              x11, x0, x9         x11=00000002  x9:00000002
14044924ns          227899 1c008ca0 000c80e7 jalr             x1, x25, 0           x1=1c008ca2 x25:1c008bb6
14044964ns          227901 1c008bb6 000026b7 lui              x13, 0x2000         x13=00002000
14044984ns          227902 1c008bb8 f8068693 addi             x13, x13, -128      x13=00001f80 x13:00002000
14045004ns          227903 1c008bbc f14027f3 csrrs            x15, x0, 0xf14      x15=00000005
14045023ns          227904 1c008bc0 00379713 slli             x14, x15, 0x3       x14=00000028 x15:00000005
14045043ns          227905 1c008bc4 00279793 slli             x15, x15, 0x2       x15=00000014 x15:00000005
14045063ns          227906 1c008bc6 00d7f7b3 and              x15, x15, x13       x15=00000000 x15:00000014 x13:00001f80
14045083ns          227907 1c008bc8 ee873733 p.bclr           x14, x14, 23, 8     x14=00000028 x14:00000028
14045103ns          227908 1c008bcc 1a10f6b7 lui              x13, 0x1a10f000     x13=1a10f000
14045123ns          227909 1c008bd0 00d70733 add              x14, x14, x13       x14=1a10f028 x14:00000028 x13:1a10f000
14045143ns          227910 1c008bd2 00e787b3 add              x15, x15, x14       x15=1a10f028 x15:00000000 x14:1a10f028
14045163ns          227911 1c008bd4 0ff57513 andi             x10, x10, 255       x10=00000063 x10:00000063
14045182ns          227912 1c008bd8 00a7a023 sw               x10, 0(x15)         x10:00000063 x15:1a10f028  PA:1a10f028
14045521ns          227929 1c008bda 00000513 addi             x10, x0, 0          x10=00000000
14045540ns          227930 1c008bdc 00008067 jalr             x0, x1, 0            x1:1c008ca2
14045600ns          227933 1c008ca2 4df52863 p.beqimm         x10, 1232           x10:00000000
14045620ns          227934 1c008ca6 00140413 addi             x8, x8, 1            x8=00000009  x8:00000008
14045640ns          227935 1c008ca8 001a450b p.lbu            x10, 1(x20!)        x10=0000006c x20=1c000026 x20:1c000025  PA:1c000025
14045958ns          227951 1c008cac fe0515e3 bne              x10, x0, -22        x10:0000006c
14046038ns          227955 1c008c96 02500793 addi             x15, x0, 37         x15=00000025
14046058ns          227956 1c008c9a 04f50763 beq              x10, x15, 78        x10:0000006c x15:00000025
14046077ns          227957 1c008c9e 009005b3 add              x11, x0, x9         x11=00000002  x9:00000002
14046097ns          227958 1c008ca0 000c80e7 jalr             x1, x25, 0           x1=1c008ca2 x25:1c008bb6
14046137ns          227960 1c008bb6 000026b7 lui              x13, 0x2000         x13=00002000
14046157ns          227961 1c008bb8 f8068693 addi             x13, x13, -128      x13=00001f80 x13:00002000
14046177ns          227962 1c008bbc f14027f3 csrrs            x15, x0, 0xf14      x15=00000005
14046197ns          227963 1c008bc0 00379713 slli             x14, x15, 0x3       x14=00000028 x15:00000005
14046217ns          227964 1c008bc4 00279793 slli             x15, x15, 0x2       x15=00000014 x15:00000005
14046237ns          227965 1c008bc6 00d7f7b3 and              x15, x15, x13       x15=00000000 x15:00000014 x13:00001f80
14046256ns          227966 1c008bc8 ee873733 p.bclr           x14, x14, 23, 8     x14=00000028 x14:00000028
14046276ns          227967 1c008bcc 1a10f6b7 lui              x13, 0x1a10f000     x13=1a10f000
14046296ns          227968 1c008bd0 00d70733 add              x14, x14, x13       x14=1a10f028 x14:00000028 x13:1a10f000
14046316ns          227969 1c008bd2 00e787b3 add              x15, x15, x14       x15=1a10f028 x15:00000000 x14:1a10f028
14046336ns          227970 1c008bd4 0ff57513 andi             x10, x10, 255       x10=0000006c x10:0000006c
14046356ns          227971 1c008bd8 00a7a023 sw               x10, 0(x15)         x10:0000006c x15:1a10f028  PA:1a10f028
14046694ns          227988 1c008bda 00000513 addi             x10, x0, 0          x10=00000000
14046714ns          227989 1c008bdc 00008067 jalr             x0, x1, 0            x1:1c008ca2
14046774ns          227992 1c008ca2 4df52863 p.beqimm         x10, 1232           x10:00000000
14046793ns          227993 1c008ca6 00140413 addi             x8, x8, 1            x8=0000000a  x8:00000009
14046813ns          227994 1c008ca8 001a450b p.lbu            x10, 1(x20!)        x10=00000075 x20=1c000027 x20:1c000026  PA:1c000026
14047132ns          228010 1c008cac fe0515e3 bne              x10, x0, -22        x10:00000075
14047211ns          228014 1c008c96 02500793 addi             x15, x0, 37         x15=00000025
14047231ns          228015 1c008c9a 04f50763 beq              x10, x15, 78        x10:00000075 x15:00000025
14047251ns          228016 1c008c9e 009005b3 add              x11, x0, x9         x11=00000002  x9:00000002
14047271ns          228017 1c008ca0 000c80e7 jalr             x1, x25, 0           x1=1c008ca2 x25:1c008bb6
14047311ns          228019 1c008bb6 000026b7 lui              x13, 0x2000         x13=00002000
14047330ns          228020 1c008bb8 f8068693 addi             x13, x13, -128      x13=00001f80 x13:00002000
14047350ns          228021 1c008bbc f14027f3 csrrs            x15, x0, 0xf14      x15=00000005
14047370ns          228022 1c008bc0 00379713 slli             x14, x15, 0x3       x14=00000028 x15:00000005
14047390ns          228023 1c008bc4 00279793 slli             x15, x15, 0x2       x15=00000014 x15:00000005
14047410ns          228024 1c008bc6 00d7f7b3 and              x15, x15, x13       x15=00000000 x15:00000014 x13:00001f80
14047430ns          228025 1c008bc8 ee873733 p.bclr           x14, x14, 23, 8     x14=00000028 x14:00000028
14047450ns          228026 1c008bcc 1a10f6b7 lui              x13, 0x1a10f000     x13=1a10f000
14047470ns          228027 1c008bd0 00d70733 add              x14, x14, x13       x14=1a10f028 x14:00000028 x13:1a10f000
14047490ns          228028 1c008bd2 00e787b3 add              x15, x15, x14       x15=1a10f028 x15:00000000 x14:1a10f028
14047509ns          228029 1c008bd4 0ff57513 andi             x10, x10, 255       x10=00000075 x10:00000075
14047529ns          228030 1c008bd8 00a7a023 sw               x10, 0(x15)         x10:00000075 x15:1a10f028  PA:1a10f028
14047847ns          228046 1c008bda 00000513 addi             x10, x0, 0          x10=00000000
14047867ns          228047 1c008bdc 00008067 jalr             x0, x1, 0            x1:1c008ca2
14047927ns          228050 1c008ca2 4df52863 p.beqimm         x10, 1232           x10:00000000
14047947ns          228051 1c008ca6 00140413 addi             x8, x8, 1            x8=0000000b  x8:0000000a
14047967ns          228052 1c008ca8 001a450b p.lbu            x10, 1(x20!)        x10=00000073 x20=1c000028 x20:1c000027  PA:1c000027
14048285ns          228068 1c008cac fe0515e3 bne              x10, x0, -22        x10:00000073
14048365ns          228072 1c008c96 02500793 addi             x15, x0, 37         x15=00000025
14048384ns          228073 1c008c9a 04f50763 beq              x10, x15, 78        x10:00000073 x15:00000025
14048404ns          228074 1c008c9e 009005b3 add              x11, x0, x9         x11=00000002  x9:00000002
14048424ns          228075 1c008ca0 000c80e7 jalr             x1, x25, 0           x1=1c008ca2 x25:1c008bb6
14048464ns          228077 1c008bb6 000026b7 lui              x13, 0x2000         x13=00002000
14048484ns          228078 1c008bb8 f8068693 addi             x13, x13, -128      x13=00001f80 x13:00002000
14048504ns          228079 1c008bbc f14027f3 csrrs            x15, x0, 0xf14      x15=00000005
14048524ns          228080 1c008bc0 00379713 slli             x14, x15, 0x3       x14=00000028 x15:00000005
14048544ns          228081 1c008bc4 00279793 slli             x15, x15, 0x2       x15=00000014 x15:00000005
14048563ns          228082 1c008bc6 00d7f7b3 and              x15, x15, x13       x15=00000000 x15:00000014 x13:00001f80
14048583ns          228083 1c008bc8 ee873733 p.bclr           x14, x14, 23, 8     x14=00000028 x14:00000028
14048603ns          228084 1c008bcc 1a10f6b7 lui              x13, 0x1a10f000     x13=1a10f000
14048623ns          228085 1c008bd0 00d70733 add              x14, x14, x13       x14=1a10f028 x14:00000028 x13:1a10f000
14048643ns          228086 1c008bd2 00e787b3 add              x15, x15, x14       x15=1a10f028 x15:00000000 x14:1a10f028
14048663ns          228087 1c008bd4 0ff57513 andi             x10, x10, 255       x10=00000073 x10:00000073
14048683ns          228088 1c008bd8 00a7a023 sw               x10, 0(x15)         x10:00000073 x15:1a10f028  PA:1a10f028
14049021ns          228105 1c008bda 00000513 addi             x10, x0, 0          x10=00000000
14049041ns          228106 1c008bdc 00008067 jalr             x0, x1, 0            x1:1c008ca2
14049100ns          228109 1c008ca2 4df52863 p.beqimm         x10, 1232           x10:00000000
14049120ns          228110 1c008ca6 00140413 addi             x8, x8, 1            x8=0000000c  x8:0000000b
14049140ns          228111 1c008ca8 001a450b p.lbu            x10, 1(x20!)        x10=00000074 x20=1c000029 x20:1c000028  PA:1c000028
14049458ns          228127 1c008cac fe0515e3 bne              x10, x0, -22        x10:00000074
14049538ns          228131 1c008c96 02500793 addi             x15, x0, 37         x15=00000025
14049558ns          228132 1c008c9a 04f50763 beq              x10, x15, 78        x10:00000074 x15:00000025
14049578ns          228133 1c008c9e 009005b3 add              x11, x0, x9         x11=00000002  x9:00000002
14049598ns          228134 1c008ca0 000c80e7 jalr             x1, x25, 0           x1=1c008ca2 x25:1c008bb6
14049637ns          228136 1c008bb6 000026b7 lui              x13, 0x2000         x13=00002000
14049657ns          228137 1c008bb8 f8068693 addi             x13, x13, -128      x13=00001f80 x13:00002000
14049677ns          228138 1c008bbc f14027f3 csrrs            x15, x0, 0xf14      x15=00000005
14049697ns          228139 1c008bc0 00379713 slli             x14, x15, 0x3       x14=00000028 x15:00000005
14049717ns          228140 1c008bc4 00279793 slli             x15, x15, 0x2       x15=00000014 x15:00000005
14049737ns          228141 1c008bc6 00d7f7b3 and              x15, x15, x13       x15=00000000 x15:00000014 x13:00001f80
14049757ns          228142 1c008bc8 ee873733 p.bclr           x14, x14, 23, 8     x14=00000028 x14:00000028
14049777ns          228143 1c008bcc 1a10f6b7 lui              x13, 0x1a10f000     x13=1a10f000
14049797ns          228144 1c008bd0 00d70733 add              x14, x14, x13       x14=1a10f028 x14:00000028 x13:1a10f000
14049816ns          228145 1c008bd2 00e787b3 add              x15, x15, x14       x15=1a10f028 x15:00000000 x14:1a10f028
14049836ns          228146 1c008bd4 0ff57513 andi             x10, x10, 255       x10=00000074 x10:00000074
14049856ns          228147 1c008bd8 00a7a023 sw               x10, 0(x15)         x10:00000074 x15:1a10f028  PA:1a10f028
14050194ns          228164 1c008bda 00000513 addi             x10, x0, 0          x10=00000000
14050214ns          228165 1c008bdc 00008067 jalr             x0, x1, 0            x1:1c008ca2
14050274ns          228168 1c008ca2 4df52863 p.beqimm         x10, 1232           x10:00000000
14050294ns          228169 1c008ca6 00140413 addi             x8, x8, 1            x8=0000000d  x8:0000000c
14050314ns          228170 1c008ca8 001a450b p.lbu            x10, 1(x20!)        x10=00000065 x20=1c00002a x20:1c000029  PA:1c000029
14050632ns          228186 1c008cac fe0515e3 bne              x10, x0, -22        x10:00000065
14050711ns          228190 1c008c96 02500793 addi             x15, x0, 37         x15=00000025
14050731ns          228191 1c008c9a 04f50763 beq              x10, x15, 78        x10:00000065 x15:00000025
14050751ns          228192 1c008c9e 009005b3 add              x11, x0, x9         x11=00000002  x9:00000002
14050771ns          228193 1c008ca0 000c80e7 jalr             x1, x25, 0           x1=1c008ca2 x25:1c008bb6
14050811ns          228195 1c008bb6 000026b7 lui              x13, 0x2000         x13=00002000
14050831ns          228196 1c008bb8 f8068693 addi             x13, x13, -128      x13=00001f80 x13:00002000
14050851ns          228197 1c008bbc f14027f3 csrrs            x15, x0, 0xf14      x15=00000005
14050870ns          228198 1c008bc0 00379713 slli             x14, x15, 0x3       x14=00000028 x15:00000005
14050890ns          228199 1c008bc4 00279793 slli             x15, x15, 0x2       x15=00000014 x15:00000005
14050910ns          228200 1c008bc6 00d7f7b3 and              x15, x15, x13       x15=00000000 x15:00000014 x13:00001f80
14050930ns          228201 1c008bc8 ee873733 p.bclr           x14, x14, 23, 8     x14=00000028 x14:00000028
14050950ns          228202 1c008bcc 1a10f6b7 lui              x13, 0x1a10f000     x13=1a10f000
14050970ns          228203 1c008bd0 00d70733 add              x14, x14, x13       x14=1a10f028 x14:00000028 x13:1a10f000
14050990ns          228204 1c008bd2 00e787b3 add              x15, x15, x14       x15=1a10f028 x15:00000000 x14:1a10f028
14051010ns          228205 1c008bd4 0ff57513 andi             x10, x10, 255       x10=00000065 x10:00000065
14051030ns          228206 1c008bd8 00a7a023 sw               x10, 0(x15)         x10:00000065 x15:1a10f028  PA:1a10f028
14051368ns          228223 1c008bda 00000513 addi             x10, x0, 0          x10=00000000
14051388ns          228224 1c008bdc 00008067 jalr             x0, x1, 0            x1:1c008ca2
14051447ns          228227 1c008ca2 4df52863 p.beqimm         x10, 1232           x10:00000000
14051467ns          228228 1c008ca6 00140413 addi             x8, x8, 1            x8=0000000e  x8:0000000d
14051487ns          228229 1c008ca8 001a450b p.lbu            x10, 1(x20!)        x10=00000072 x20=1c00002b x20:1c00002a  PA:1c00002a
14051805ns          228245 1c008cac fe0515e3 bne              x10, x0, -22        x10:00000072
14051885ns          228249 1c008c96 02500793 addi             x15, x0, 37         x15=00000025
14051905ns          228250 1c008c9a 04f50763 beq              x10, x15, 78        x10:00000072 x15:00000025
14051925ns          228251 1c008c9e 009005b3 add              x11, x0, x9         x11=00000002  x9:00000002
14051944ns          228252 1c008ca0 000c80e7 jalr             x1, x25, 0           x1=1c008ca2 x25:1c008bb6
14051984ns          228254 1c008bb6 000026b7 lui              x13, 0x2000         x13=00002000
14052004ns          228255 1c008bb8 f8068693 addi             x13, x13, -128      x13=00001f80 x13:00002000
14052024ns          228256 1c008bbc f14027f3 csrrs            x15, x0, 0xf14      x15=00000005
14052044ns          228257 1c008bc0 00379713 slli             x14, x15, 0x3       x14=00000028 x15:00000005
14052064ns          228258 1c008bc4 00279793 slli             x15, x15, 0x2       x15=00000014 x15:00000005
14052084ns          228259 1c008bc6 00d7f7b3 and              x15, x15, x13       x15=00000000 x15:00000014 x13:00001f80
14052104ns          228260 1c008bc8 ee873733 p.bclr           x14, x14, 23, 8     x14=00000028 x14:00000028
14052123ns          228261 1c008bcc 1a10f6b7 lui              x13, 0x1a10f000     x13=1a10f000
14052143ns          228262 1c008bd0 00d70733 add              x14, x14, x13       x14=1a10f028 x14:00000028 x13:1a10f000
14052163ns          228263 1c008bd2 00e787b3 add              x15, x15, x14       x15=1a10f028 x15:00000000 x14:1a10f028
14052183ns          228264 1c008bd4 0ff57513 andi             x10, x10, 255       x10=00000072 x10:00000072
14052203ns          228265 1c008bd8 00a7a023 sw               x10, 0(x15)         x10:00000072 x15:1a10f028  PA:1a10f028
14052541ns          228282 1c008bda 00000513 addi             x10, x0, 0          x10=00000000
14052561ns          228283 1c008bdc 00008067 jalr             x0, x1, 0            x1:1c008ca2
14052621ns          228286 1c008ca2 4df52863 p.beqimm         x10, 1232           x10:00000000
14052640ns          228287 1c008ca6 00140413 addi             x8, x8, 1            x8=0000000f  x8:0000000e
14052660ns          228288 1c008ca8 001a450b p.lbu            x10, 1(x20!)        x10=00000020 x20=1c00002c x20:1c00002b  PA:1c00002b
14052998ns          228305 1c008cac fe0515e3 bne              x10, x0, -22        x10:00000020
14053078ns          228309 1c008c96 02500793 addi             x15, x0, 37         x15=00000025
14053098ns          228310 1c008c9a 04f50763 beq              x10, x15, 78        x10:00000020 x15:00000025
14053118ns          228311 1c008c9e 009005b3 add              x11, x0, x9         x11=00000002  x9:00000002
14053138ns          228312 1c008ca0 000c80e7 jalr             x1, x25, 0           x1=1c008ca2 x25:1c008bb6
14053177ns          228314 1c008bb6 000026b7 lui              x13, 0x2000         x13=00002000
14053197ns          228315 1c008bb8 f8068693 addi             x13, x13, -128      x13=00001f80 x13:00002000
14053217ns          228316 1c008bbc f14027f3 csrrs            x15, x0, 0xf14      x15=00000005
14053237ns          228317 1c008bc0 00379713 slli             x14, x15, 0x3       x14=00000028 x15:00000005
14053257ns          228318 1c008bc4 00279793 slli             x15, x15, 0x2       x15=00000014 x15:00000005
14053277ns          228319 1c008bc6 00d7f7b3 and              x15, x15, x13       x15=00000000 x15:00000014 x13:00001f80
14053297ns          228320 1c008bc8 ee873733 p.bclr           x14, x14, 23, 8     x14=00000028 x14:00000028
14053317ns          228321 1c008bcc 1a10f6b7 lui              x13, 0x1a10f000     x13=1a10f000
14053337ns          228322 1c008bd0 00d70733 add              x14, x14, x13       x14=1a10f028 x14:00000028 x13:1a10f000
14053356ns          228323 1c008bd2 00e787b3 add              x15, x15, x14       x15=1a10f028 x15:00000000 x14:1a10f028
14053376ns          228324 1c008bd4 0ff57513 andi             x10, x10, 255       x10=00000020 x10:00000020
14053396ns          228325 1c008bd8 00a7a023 sw               x10, 0(x15)         x10:00000020 x15:1a10f028  PA:1a10f028
14053734ns          228342 1c008bda 00000513 addi             x10, x0, 0          x10=00000000
14053754ns          228343 1c008bdc 00008067 jalr             x0, x1, 0            x1:1c008ca2
14053814ns          228346 1c008ca2 4df52863 p.beqimm         x10, 1232           x10:00000000
14053834ns          228347 1c008ca6 00140413 addi             x8, x8, 1            x8=00000010  x8:0000000f
14053854ns          228348 1c008ca8 001a450b p.lbu            x10, 1(x20!)        x10=0000006f x20=1c00002d x20:1c00002c  PA:1c00002c
14054172ns          228364 1c008cac fe0515e3 bne              x10, x0, -22        x10:0000006f
14054251ns          228368 1c008c96 02500793 addi             x15, x0, 37         x15=00000025
14054271ns          228369 1c008c9a 04f50763 beq              x10, x15, 78        x10:0000006f x15:00000025
14054291ns          228370 1c008c9e 009005b3 add              x11, x0, x9         x11=00000002  x9:00000002
14054311ns          228371 1c008ca0 000c80e7 jalr             x1, x25, 0           x1=1c008ca2 x25:1c008bb6
14054351ns          228373 1c008bb6 000026b7 lui              x13, 0x2000         x13=00002000
14054371ns          228374 1c008bb8 f8068693 addi             x13, x13, -128      x13=00001f80 x13:00002000
14054391ns          228375 1c008bbc f14027f3 csrrs            x15, x0, 0xf14      x15=00000005
14054411ns          228376 1c008bc0 00379713 slli             x14, x15, 0x3       x14=00000028 x15:00000005
14054430ns          228377 1c008bc4 00279793 slli             x15, x15, 0x2       x15=00000014 x15:00000005
14054450ns          228378 1c008bc6 00d7f7b3 and              x15, x15, x13       x15=00000000 x15:00000014 x13:00001f80
14054470ns          228379 1c008bc8 ee873733 p.bclr           x14, x14, 23, 8     x14=00000028 x14:00000028
14054490ns          228380 1c008bcc 1a10f6b7 lui              x13, 0x1a10f000     x13=1a10f000
14054510ns          228381 1c008bd0 00d70733 add              x14, x14, x13       x14=1a10f028 x14:00000028 x13:1a10f000
14054530ns          228382 1c008bd2 00e787b3 add              x15, x15, x14       x15=1a10f028 x15:00000000 x14:1a10f028
14054550ns          228383 1c008bd4 0ff57513 andi             x10, x10, 255       x10=0000006f x10:0000006f
14054570ns          228384 1c008bd8 00a7a023 sw               x10, 0(x15)         x10:0000006f x15:1a10f028  PA:1a10f028
14054928ns          228402 1c008bda 00000513 addi             x10, x0, 0          x10=00000000
14054948ns          228403 1c008bdc 00008067 jalr             x0, x1, 0            x1:1c008ca2
14055007ns          228406 1c008ca2 4df52863 p.beqimm         x10, 1232           x10:00000000
14055027ns          228407 1c008ca6 00140413 addi             x8, x8, 1            x8=00000011  x8:00000010
14055047ns          228408 1c008ca8 001a450b p.lbu            x10, 1(x20!)        x10=0000006e x20=1c00002e x20:1c00002d  PA:1c00002d
14055365ns          228424 1c008cac fe0515e3 bne              x10, x0, -22        x10:0000006e
14055445ns          228428 1c008c96 02500793 addi             x15, x0, 37         x15=00000025
14055465ns          228429 1c008c9a 04f50763 beq              x10, x15, 78        x10:0000006e x15:00000025
14055484ns          228430 1c008c9e 009005b3 add              x11, x0, x9         x11=00000002  x9:00000002
14055504ns          228431 1c008ca0 000c80e7 jalr             x1, x25, 0           x1=1c008ca2 x25:1c008bb6
14055544ns          228433 1c008bb6 000026b7 lui              x13, 0x2000         x13=00002000
14055564ns          228434 1c008bb8 f8068693 addi             x13, x13, -128      x13=00001f80 x13:00002000
14055584ns          228435 1c008bbc f14027f3 csrrs            x15, x0, 0xf14      x15=00000005
14055604ns          228436 1c008bc0 00379713 slli             x14, x15, 0x3       x14=00000028 x15:00000005
14055624ns          228437 1c008bc4 00279793 slli             x15, x15, 0x2       x15=00000014 x15:00000005
14055644ns          228438 1c008bc6 00d7f7b3 and              x15, x15, x13       x15=00000000 x15:00000014 x13:00001f80
14055663ns          228439 1c008bc8 ee873733 p.bclr           x14, x14, 23, 8     x14=00000028 x14:00000028
14055683ns          228440 1c008bcc 1a10f6b7 lui              x13, 0x1a10f000     x13=1a10f000
14055703ns          228441 1c008bd0 00d70733 add              x14, x14, x13       x14=1a10f028 x14:00000028 x13:1a10f000
14055723ns          228442 1c008bd2 00e787b3 add              x15, x15, x14       x15=1a10f028 x15:00000000 x14:1a10f028
14055743ns          228443 1c008bd4 0ff57513 andi             x10, x10, 255       x10=0000006e x10:0000006e
14055763ns          228444 1c008bd8 00a7a023 sw               x10, 0(x15)         x10:0000006e x15:1a10f028  PA:1a10f028
14056081ns          228460 1c008bda 00000513 addi             x10, x0, 0          x10=00000000
14056101ns          228461 1c008bdc 00008067 jalr             x0, x1, 0            x1:1c008ca2
14056161ns          228464 1c008ca2 4df52863 p.beqimm         x10, 1232           x10:00000000
14056181ns          228465 1c008ca6 00140413 addi             x8, x8, 1            x8=00000012  x8:00000011
14056200ns          228466 1c008ca8 001a450b p.lbu            x10, 1(x20!)        x10=00000020 x20=1c00002f x20:1c00002e  PA:1c00002e
14056519ns          228482 1c008cac fe0515e3 bne              x10, x0, -22        x10:00000020
14056598ns          228486 1c008c96 02500793 addi             x15, x0, 37         x15=00000025
14056618ns          228487 1c008c9a 04f50763 beq              x10, x15, 78        x10:00000020 x15:00000025
14056638ns          228488 1c008c9e 009005b3 add              x11, x0, x9         x11=00000002  x9:00000002
14056658ns          228489 1c008ca0 000c80e7 jalr             x1, x25, 0           x1=1c008ca2 x25:1c008bb6
14056698ns          228491 1c008bb6 000026b7 lui              x13, 0x2000         x13=00002000
14056718ns          228492 1c008bb8 f8068693 addi             x13, x13, -128      x13=00001f80 x13:00002000
14056737ns          228493 1c008bbc f14027f3 csrrs            x15, x0, 0xf14      x15=00000005
14056757ns          228494 1c008bc0 00379713 slli             x14, x15, 0x3       x14=00000028 x15:00000005
14056777ns          228495 1c008bc4 00279793 slli             x15, x15, 0x2       x15=00000014 x15:00000005
14056797ns          228496 1c008bc6 00d7f7b3 and              x15, x15, x13       x15=00000000 x15:00000014 x13:00001f80
14056817ns          228497 1c008bc8 ee873733 p.bclr           x14, x14, 23, 8     x14=00000028 x14:00000028
14056837ns          228498 1c008bcc 1a10f6b7 lui              x13, 0x1a10f000     x13=1a10f000
14056857ns          228499 1c008bd0 00d70733 add              x14, x14, x13       x14=1a10f028 x14:00000028 x13:1a10f000
14056877ns          228500 1c008bd2 00e787b3 add              x15, x15, x14       x15=1a10f028 x15:00000000 x14:1a10f028
14056897ns          228501 1c008bd4 0ff57513 andi             x10, x10, 255       x10=00000020 x10:00000020
14056916ns          228502 1c008bd8 00a7a023 sw               x10, 0(x15)         x10:00000020 x15:1a10f028  PA:1a10f028
14057255ns          228519 1c008bda 00000513 addi             x10, x0, 0          x10=00000000
14057274ns          228520 1c008bdc 00008067 jalr             x0, x1, 0            x1:1c008ca2
14057334ns          228523 1c008ca2 4df52863 p.beqimm         x10, 1232           x10:00000000
14057354ns          228524 1c008ca6 00140413 addi             x8, x8, 1            x8=00000013  x8:00000012
14057374ns          228525 1c008ca8 001a450b p.lbu            x10, 1(x20!)        x10=00000063 x20=1c000030 x20:1c00002f  PA:1c00002f
14057692ns          228541 1c008cac fe0515e3 bne              x10, x0, -22        x10:00000063
14057772ns          228545 1c008c96 02500793 addi             x15, x0, 37         x15=00000025
14057791ns          228546 1c008c9a 04f50763 beq              x10, x15, 78        x10:00000063 x15:00000025
14057811ns          228547 1c008c9e 009005b3 add              x11, x0, x9         x11=00000002  x9:00000002
14057831ns          228548 1c008ca0 000c80e7 jalr             x1, x25, 0           x1=1c008ca2 x25:1c008bb6
14057871ns          228550 1c008bb6 000026b7 lui              x13, 0x2000         x13=00002000
14057891ns          228551 1c008bb8 f8068693 addi             x13, x13, -128      x13=00001f80 x13:00002000
14057911ns          228552 1c008bbc f14027f3 csrrs            x15, x0, 0xf14      x15=00000005
14057931ns          228553 1c008bc0 00379713 slli             x14, x15, 0x3       x14=00000028 x15:00000005
14057951ns          228554 1c008bc4 00279793 slli             x15, x15, 0x2       x15=00000014 x15:00000005
14057970ns          228555 1c008bc6 00d7f7b3 and              x15, x15, x13       x15=00000000 x15:00000014 x13:00001f80
14057990ns          228556 1c008bc8 ee873733 p.bclr           x14, x14, 23, 8     x14=00000028 x14:00000028
14058010ns          228557 1c008bcc 1a10f6b7 lui              x13, 0x1a10f000     x13=1a10f000
14058030ns          228558 1c008bd0 00d70733 add              x14, x14, x13       x14=1a10f028 x14:00000028 x13:1a10f000
14058050ns          228559 1c008bd2 00e787b3 add              x15, x15, x14       x15=1a10f028 x15:00000000 x14:1a10f028
14058070ns          228560 1c008bd4 0ff57513 andi             x10, x10, 255       x10=00000063 x10:00000063
14058090ns          228561 1c008bd8 00a7a023 sw               x10, 0(x15)         x10:00000063 x15:1a10f028  PA:1a10f028
14058408ns          228577 1c008bda 00000513 addi             x10, x0, 0          x10=00000000
14058428ns          228578 1c008bdc 00008067 jalr             x0, x1, 0            x1:1c008ca2
14058488ns          228581 1c008ca2 4df52863 p.beqimm         x10, 1232           x10:00000000
14058507ns          228582 1c008ca6 00140413 addi             x8, x8, 1            x8=00000014  x8:00000013
14058527ns          228583 1c008ca8 001a450b p.lbu            x10, 1(x20!)        x10=0000006c x20=1c000031 x20:1c000030  PA:1c000030
14058846ns          228599 1c008cac fe0515e3 bne              x10, x0, -22        x10:0000006c
14058925ns          228603 1c008c96 02500793 addi             x15, x0, 37         x15=00000025
14058945ns          228604 1c008c9a 04f50763 beq              x10, x15, 78        x10:0000006c x15:00000025
14058965ns          228605 1c008c9e 009005b3 add              x11, x0, x9         x11=00000002  x9:00000002
14058985ns          228606 1c008ca0 000c80e7 jalr             x1, x25, 0           x1=1c008ca2 x25:1c008bb6
14059025ns          228608 1c008bb6 000026b7 lui              x13, 0x2000         x13=00002000
14059044ns          228609 1c008bb8 f8068693 addi             x13, x13, -128      x13=00001f80 x13:00002000
14059064ns          228610 1c008bbc f14027f3 csrrs            x15, x0, 0xf14      x15=00000005
14059084ns          228611 1c008bc0 00379713 slli             x14, x15, 0x3       x14=00000028 x15:00000005
14059104ns          228612 1c008bc4 00279793 slli             x15, x15, 0x2       x15=00000014 x15:00000005
14059124ns          228613 1c008bc6 00d7f7b3 and              x15, x15, x13       x15=00000000 x15:00000014 x13:00001f80
14059144ns          228614 1c008bc8 ee873733 p.bclr           x14, x14, 23, 8     x14=00000028 x14:00000028
14059164ns          228615 1c008bcc 1a10f6b7 lui              x13, 0x1a10f000     x13=1a10f000
14059184ns          228616 1c008bd0 00d70733 add              x14, x14, x13       x14=1a10f028 x14:00000028 x13:1a10f000
14059204ns          228617 1c008bd2 00e787b3 add              x15, x15, x14       x15=1a10f028 x15:00000000 x14:1a10f028
14059223ns          228618 1c008bd4 0ff57513 andi             x10, x10, 255       x10=0000006c x10:0000006c
14059243ns          228619 1c008bd8 00a7a023 sw               x10, 0(x15)         x10:0000006c x15:1a10f028  PA:1a10f028
14059581ns          228636 1c008bda 00000513 addi             x10, x0, 0          x10=00000000
14059601ns          228637 1c008bdc 00008067 jalr             x0, x1, 0            x1:1c008ca2
14059661ns          228640 1c008ca2 4df52863 p.beqimm         x10, 1232           x10:00000000
14059681ns          228641 1c008ca6 00140413 addi             x8, x8, 1            x8=00000015  x8:00000014
14059701ns          228642 1c008ca8 001a450b p.lbu            x10, 1(x20!)        x10=00000075 x20=1c000032 x20:1c000031  PA:1c000031
14060019ns          228658 1c008cac fe0515e3 bne              x10, x0, -22        x10:00000075
14060098ns          228662 1c008c96 02500793 addi             x15, x0, 37         x15=00000025
14060118ns          228663 1c008c9a 04f50763 beq              x10, x15, 78        x10:00000075 x15:00000025
14060138ns          228664 1c008c9e 009005b3 add              x11, x0, x9         x11=00000002  x9:00000002
14060158ns          228665 1c008ca0 000c80e7 jalr             x1, x25, 0           x1=1c008ca2 x25:1c008bb6
14060198ns          228667 1c008bb6 000026b7 lui              x13, 0x2000         x13=00002000
14060218ns          228668 1c008bb8 f8068693 addi             x13, x13, -128      x13=00001f80 x13:00002000
14060238ns          228669 1c008bbc f14027f3 csrrs            x15, x0, 0xf14      x15=00000005
14060258ns          228670 1c008bc0 00379713 slli             x14, x15, 0x3       x14=00000028 x15:00000005
14060277ns          228671 1c008bc4 00279793 slli             x15, x15, 0x2       x15=00000014 x15:00000005
14060297ns          228672 1c008bc6 00d7f7b3 and              x15, x15, x13       x15=00000000 x15:00000014 x13:00001f80
14060317ns          228673 1c008bc8 ee873733 p.bclr           x14, x14, 23, 8     x14=00000028 x14:00000028
14060337ns          228674 1c008bcc 1a10f6b7 lui              x13, 0x1a10f000     x13=1a10f000
14060357ns          228675 1c008bd0 00d70733 add              x14, x14, x13       x14=1a10f028 x14:00000028 x13:1a10f000
14060377ns          228676 1c008bd2 00e787b3 add              x15, x15, x14       x15=1a10f028 x15:00000000 x14:1a10f028
14060397ns          228677 1c008bd4 0ff57513 andi             x10, x10, 255       x10=00000075 x10:00000075
14060417ns          228678 1c008bd8 00a7a023 sw               x10, 0(x15)         x10:00000075 x15:1a10f028  PA:1a10f028
14060735ns          228694 1c008bda 00000513 addi             x10, x0, 0          x10=00000000
14060755ns          228695 1c008bdc 00008067 jalr             x0, x1, 0            x1:1c008ca2
14060814ns          228698 1c008ca2 4df52863 p.beqimm         x10, 1232           x10:00000000
14060834ns          228699 1c008ca6 00140413 addi             x8, x8, 1            x8=00000016  x8:00000015
14060854ns          228700 1c008ca8 001a450b p.lbu            x10, 1(x20!)        x10=00000073 x20=1c000033 x20:1c000032  PA:1c000032
14061172ns          228716 1c008cac fe0515e3 bne              x10, x0, -22        x10:00000073
14061252ns          228720 1c008c96 02500793 addi             x15, x0, 37         x15=00000025
14061272ns          228721 1c008c9a 04f50763 beq              x10, x15, 78        x10:00000073 x15:00000025
14061292ns          228722 1c008c9e 009005b3 add              x11, x0, x9         x11=00000002  x9:00000002
14061312ns          228723 1c008ca0 000c80e7 jalr             x1, x25, 0           x1=1c008ca2 x25:1c008bb6
14061351ns          228725 1c008bb6 000026b7 lui              x13, 0x2000         x13=00002000
14061371ns          228726 1c008bb8 f8068693 addi             x13, x13, -128      x13=00001f80 x13:00002000
14061391ns          228727 1c008bbc f14027f3 csrrs            x15, x0, 0xf14      x15=00000005
14061411ns          228728 1c008bc0 00379713 slli             x14, x15, 0x3       x14=00000028 x15:00000005
14061431ns          228729 1c008bc4 00279793 slli             x15, x15, 0x2       x15=00000014 x15:00000005
14061451ns          228730 1c008bc6 00d7f7b3 and              x15, x15, x13       x15=00000000 x15:00000014 x13:00001f80
14061471ns          228731 1c008bc8 ee873733 p.bclr           x14, x14, 23, 8     x14=00000028 x14:00000028
14061491ns          228732 1c008bcc 1a10f6b7 lui              x13, 0x1a10f000     x13=1a10f000
14061511ns          228733 1c008bd0 00d70733 add              x14, x14, x13       x14=1a10f028 x14:00000028 x13:1a10f000
14061530ns          228734 1c008bd2 00e787b3 add              x15, x15, x14       x15=1a10f028 x15:00000000 x14:1a10f028
14061550ns          228735 1c008bd4 0ff57513 andi             x10, x10, 255       x10=00000073 x10:00000073
14061570ns          228736 1c008bd8 00a7a023 sw               x10, 0(x15)         x10:00000073 x15:1a10f028  PA:1a10f028
14061888ns          228752 1c008bda 00000513 addi             x10, x0, 0          x10=00000000
14061908ns          228753 1c008bdc 00008067 jalr             x0, x1, 0            x1:1c008ca2
14061968ns          228756 1c008ca2 4df52863 p.beqimm         x10, 1232           x10:00000000
14061988ns          228757 1c008ca6 00140413 addi             x8, x8, 1            x8=00000017  x8:00000016
14062008ns          228758 1c008ca8 001a450b p.lbu            x10, 1(x20!)        x10=00000074 x20=1c000034 x20:1c000033  PA:1c000033
14062326ns          228774 1c008cac fe0515e3 bne              x10, x0, -22        x10:00000074
14062406ns          228778 1c008c96 02500793 addi             x15, x0, 37         x15=00000025
14062425ns          228779 1c008c9a 04f50763 beq              x10, x15, 78        x10:00000074 x15:00000025
14062445ns          228780 1c008c9e 009005b3 add              x11, x0, x9         x11=00000002  x9:00000002
14062465ns          228781 1c008ca0 000c80e7 jalr             x1, x25, 0           x1=1c008ca2 x25:1c008bb6
14062505ns          228783 1c008bb6 000026b7 lui              x13, 0x2000         x13=00002000
14062525ns          228784 1c008bb8 f8068693 addi             x13, x13, -128      x13=00001f80 x13:00002000
14062545ns          228785 1c008bbc f14027f3 csrrs            x15, x0, 0xf14      x15=00000005
14062565ns          228786 1c008bc0 00379713 slli             x14, x15, 0x3       x14=00000028 x15:00000005
14062584ns          228787 1c008bc4 00279793 slli             x15, x15, 0x2       x15=00000014 x15:00000005
14062604ns          228788 1c008bc6 00d7f7b3 and              x15, x15, x13       x15=00000000 x15:00000014 x13:00001f80
14062624ns          228789 1c008bc8 ee873733 p.bclr           x14, x14, 23, 8     x14=00000028 x14:00000028
14062644ns          228790 1c008bcc 1a10f6b7 lui              x13, 0x1a10f000     x13=1a10f000
14062664ns          228791 1c008bd0 00d70733 add              x14, x14, x13       x14=1a10f028 x14:00000028 x13:1a10f000
14062684ns          228792 1c008bd2 00e787b3 add              x15, x15, x14       x15=1a10f028 x15:00000000 x14:1a10f028
14062704ns          228793 1c008bd4 0ff57513 andi             x10, x10, 255       x10=00000074 x10:00000074
14062724ns          228794 1c008bd8 00a7a023 sw               x10, 0(x15)         x10:00000074 x15:1a10f028  PA:1a10f028
14063062ns          228811 1c008bda 00000513 addi             x10, x0, 0          x10=00000000
14063082ns          228812 1c008bdc 00008067 jalr             x0, x1, 0            x1:1c008ca2
14063141ns          228815 1c008ca2 4df52863 p.beqimm         x10, 1232           x10:00000000
14063161ns          228816 1c008ca6 00140413 addi             x8, x8, 1            x8=00000018  x8:00000017
14063181ns          228817 1c008ca8 001a450b p.lbu            x10, 1(x20!)        x10=00000065 x20=1c000035 x20:1c000034  PA:1c000034
14063519ns          228834 1c008cac fe0515e3 bne              x10, x0, -22        x10:00000065
14063599ns          228838 1c008c96 02500793 addi             x15, x0, 37         x15=00000025
14063619ns          228839 1c008c9a 04f50763 beq              x10, x15, 78        x10:00000065 x15:00000025
14063639ns          228840 1c008c9e 009005b3 add              x11, x0, x9         x11=00000002  x9:00000002
14063658ns          228841 1c008ca0 000c80e7 jalr             x1, x25, 0           x1=1c008ca2 x25:1c008bb6
14063698ns          228843 1c008bb6 000026b7 lui              x13, 0x2000         x13=00002000
14063718ns          228844 1c008bb8 f8068693 addi             x13, x13, -128      x13=00001f80 x13:00002000
14063738ns          228845 1c008bbc f14027f3 csrrs            x15, x0, 0xf14      x15=00000005
14063758ns          228846 1c008bc0 00379713 slli             x14, x15, 0x3       x14=00000028 x15:00000005
14063778ns          228847 1c008bc4 00279793 slli             x15, x15, 0x2       x15=00000014 x15:00000005
14063798ns          228848 1c008bc6 00d7f7b3 and              x15, x15, x13       x15=00000000 x15:00000014 x13:00001f80
14063818ns          228849 1c008bc8 ee873733 p.bclr           x14, x14, 23, 8     x14=00000028 x14:00000028
14063837ns          228850 1c008bcc 1a10f6b7 lui              x13, 0x1a10f000     x13=1a10f000
14063857ns          228851 1c008bd0 00d70733 add              x14, x14, x13       x14=1a10f028 x14:00000028 x13:1a10f000
14063877ns          228852 1c008bd2 00e787b3 add              x15, x15, x14       x15=1a10f028 x15:00000000 x14:1a10f028
14063897ns          228853 1c008bd4 0ff57513 andi             x10, x10, 255       x10=00000065 x10:00000065
14063917ns          228854 1c008bd8 00a7a023 sw               x10, 0(x15)         x10:00000065 x15:1a10f028  PA:1a10f028
14064235ns          228870 1c008bda 00000513 addi             x10, x0, 0          x10=00000000
14064255ns          228871 1c008bdc 00008067 jalr             x0, x1, 0            x1:1c008ca2
14064315ns          228874 1c008ca2 4df52863 p.beqimm         x10, 1232           x10:00000000
14064335ns          228875 1c008ca6 00140413 addi             x8, x8, 1            x8=00000019  x8:00000018
14064355ns          228876 1c008ca8 001a450b p.lbu            x10, 1(x20!)        x10=00000072 x20=1c000036 x20:1c000035  PA:1c000035
14064673ns          228892 1c008cac fe0515e3 bne              x10, x0, -22        x10:00000072
14064752ns          228896 1c008c96 02500793 addi             x15, x0, 37         x15=00000025
14064772ns          228897 1c008c9a 04f50763 beq              x10, x15, 78        x10:00000072 x15:00000025
14064792ns          228898 1c008c9e 009005b3 add              x11, x0, x9         x11=00000002  x9:00000002
14064812ns          228899 1c008ca0 000c80e7 jalr             x1, x25, 0           x1=1c008ca2 x25:1c008bb6
14064852ns          228901 1c008bb6 000026b7 lui              x13, 0x2000         x13=00002000
14064872ns          228902 1c008bb8 f8068693 addi             x13, x13, -128      x13=00001f80 x13:00002000
14064892ns          228903 1c008bbc f14027f3 csrrs            x15, x0, 0xf14      x15=00000005
14064911ns          228904 1c008bc0 00379713 slli             x14, x15, 0x3       x14=00000028 x15:00000005
14064931ns          228905 1c008bc4 00279793 slli             x15, x15, 0x2       x15=00000014 x15:00000005
14064951ns          228906 1c008bc6 00d7f7b3 and              x15, x15, x13       x15=00000000 x15:00000014 x13:00001f80
14064971ns          228907 1c008bc8 ee873733 p.bclr           x14, x14, 23, 8     x14=00000028 x14:00000028
14064991ns          228908 1c008bcc 1a10f6b7 lui              x13, 0x1a10f000     x13=1a10f000
14065011ns          228909 1c008bd0 00d70733 add              x14, x14, x13       x14=1a10f028 x14:00000028 x13:1a10f000
14065031ns          228910 1c008bd2 00e787b3 add              x15, x15, x14       x15=1a10f028 x15:00000000 x14:1a10f028
14065051ns          228911 1c008bd4 0ff57513 andi             x10, x10, 255       x10=00000072 x10:00000072
14065070ns          228912 1c008bd8 00a7a023 sw               x10, 0(x15)         x10:00000072 x15:1a10f028  PA:1a10f028
14065389ns          228928 1c008bda 00000513 addi             x10, x0, 0          x10=00000000
14065409ns          228929 1c008bdc 00008067 jalr             x0, x1, 0            x1:1c008ca2
14065468ns          228932 1c008ca2 4df52863 p.beqimm         x10, 1232           x10:00000000
14065488ns          228933 1c008ca6 00140413 addi             x8, x8, 1            x8=0000001a  x8:00000019
14065508ns          228934 1c008ca8 001a450b p.lbu            x10, 1(x20!)        x10=00000020 x20=1c000037 x20:1c000036  PA:1c000036
14065826ns          228950 1c008cac fe0515e3 bne              x10, x0, -22        x10:00000020
14065906ns          228954 1c008c96 02500793 addi             x15, x0, 37         x15=00000025
14065926ns          228955 1c008c9a 04f50763 beq              x10, x15, 78        x10:00000020 x15:00000025
14065946ns          228956 1c008c9e 009005b3 add              x11, x0, x9         x11=00000002  x9:00000002
14065965ns          228957 1c008ca0 000c80e7 jalr             x1, x25, 0           x1=1c008ca2 x25:1c008bb6
14066005ns          228959 1c008bb6 000026b7 lui              x13, 0x2000         x13=00002000
14066025ns          228960 1c008bb8 f8068693 addi             x13, x13, -128      x13=00001f80 x13:00002000
14066045ns          228961 1c008bbc f14027f3 csrrs            x15, x0, 0xf14      x15=00000005
14066065ns          228962 1c008bc0 00379713 slli             x14, x15, 0x3       x14=00000028 x15:00000005
14066085ns          228963 1c008bc4 00279793 slli             x15, x15, 0x2       x15=00000014 x15:00000005
14066105ns          228964 1c008bc6 00d7f7b3 and              x15, x15, x13       x15=00000000 x15:00000014 x13:00001f80
14066125ns          228965 1c008bc8 ee873733 p.bclr           x14, x14, 23, 8     x14=00000028 x14:00000028
14066144ns          228966 1c008bcc 1a10f6b7 lui              x13, 0x1a10f000     x13=1a10f000
14066164ns          228967 1c008bd0 00d70733 add              x14, x14, x13       x14=1a10f028 x14:00000028 x13:1a10f000
14066184ns          228968 1c008bd2 00e787b3 add              x15, x15, x14       x15=1a10f028 x15:00000000 x14:1a10f028
14066204ns          228969 1c008bd4 0ff57513 andi             x10, x10, 255       x10=00000020 x10:00000020
14066224ns          228970 1c008bd8 00a7a023 sw               x10, 0(x15)         x10:00000020 x15:1a10f028  PA:1a10f028
14066542ns          228986 1c008bda 00000513 addi             x10, x0, 0          x10=00000000
14066562ns          228987 1c008bdc 00008067 jalr             x0, x1, 0            x1:1c008ca2
14066622ns          228990 1c008ca2 4df52863 p.beqimm         x10, 1232           x10:00000000
14066642ns          228991 1c008ca6 00140413 addi             x8, x8, 1            x8=0000001b  x8:0000001a
14066662ns          228992 1c008ca8 001a450b p.lbu            x10, 1(x20!)        x10=00000025 x20=1c000038 x20:1c000037  PA:1c000037
14066980ns          229008 1c008cac fe0515e3 bne              x10, x0, -22        x10:00000025
14067059ns          229012 1c008c96 02500793 addi             x15, x0, 37         x15=00000025
14067079ns          229013 1c008c9a 04f50763 beq              x10, x15, 78        x10:00000025 x15:00000025
14067556ns          229037 1c008ce8 01400c33 add              x24, x0, x20        x24=1c000038 x20:1c000038
14067596ns          229039 1c008cea 000c4a03 lbu              x20, 0(x24)         x20=00000064 x24:1c000038  PA:1c000038
14068054ns          229062 1c008cee 0b4d0513 addi             x10, x26, 180       x10=1c0000b4 x26:1c000000
14068074ns          229063 1c008cf2 00912e23 sw               x9, 28(x2)           x9:00000002  x2:10002e18  PA:10002e34
14068093ns          229064 1c008cf4 014005b3 add              x11, x0, x20        x11=00000064 x20:00000064
14068113ns          229065 1c008cf6 00012823 sw               x0, 16(x2)           x2:10002e18  PA:10002e28
14068133ns          229066 1c008cf8 00012a23 sw               x0, 20(x2)           x2:10002e18  PA:10002e2c
14068153ns          229067 1c008cfa 00012623 sw               x0, 12(x2)           x2:10002e18  PA:10002e24
14068173ns          229068 1c008cfc 001c0493 addi             x9, x24, 1           x9=1c000039 x24:1c000038
14068571ns          229088 1c008d00 e41ff0ef jal              x1, -448             x1=1c008d02
14069048ns          229112 1c008b40 00054703 lbu              x14, 0(x10)         x14=0000002d x10:1c0000b4  PA:1c0000b4
14069386ns          229129 1c008b44 0ff5f593 andi             x11, x11, 255       x11=00000064 x11:00000064
14069406ns          229130 1c008b48 00a007b3 add              x15, x0, x10        x15=1c0000b4 x10:1c0000b4
14069426ns          229131 1c008b4a 00b70863 beq              x14, x11, 16        x14:0000002d x11:00000064
14069446ns          229132 1c008b4e 00070863 beq              x14, x0, 16         x14:0000002d
14069625ns          229141 1c008b50 0017c703 lbu              x14, 1(x15)         x14=0000002b x15:1c0000b4  PA:1c0000b5
14069943ns          229157 1c008b54 00178793 addi             x15, x15, 1         x15=1c0000b5 x15:1c0000b4
14069963ns          229158 1c008b56 feb71ce3 bne              x14, x11, -8        x14:0000002b x11:00000064
14070221ns          229171 1c008b4e 00070863 beq              x14, x0, 16         x14:0000002b
14070241ns          229172 1c008b50 0017c703 lbu              x14, 1(x15)         x14=00000020 x15:1c0000b5  PA:1c0000b6
14070540ns          229187 1c008b54 00178793 addi             x15, x15, 1         x15=1c0000b6 x15:1c0000b5
14070560ns          229188 1c008b56 feb71ce3 bne              x14, x11, -8        x14:00000020 x11:00000064
14070619ns          229191 1c008b4e 00070863 beq              x14, x0, 16         x14:00000020
14070639ns          229192 1c008b50 0017c703 lbu              x14, 1(x15)         x14=00000023 x15:1c0000b6  PA:1c0000b7
14070957ns          229208 1c008b54 00178793 addi             x15, x15, 1         x15=1c0000b7 x15:1c0000b6
14070977ns          229209 1c008b56 feb71ce3 bne              x14, x11, -8        x14:00000023 x11:00000064
14071037ns          229212 1c008b4e 00070863 beq              x14, x0, 16         x14:00000023
14071057ns          229213 1c008b50 0017c703 lbu              x14, 1(x15)         x14=00000030 x15:1c0000b7  PA:1c0000b8
14071355ns          229228 1c008b54 00178793 addi             x15, x15, 1         x15=1c0000b8 x15:1c0000b7
14071375ns          229229 1c008b56 feb71ce3 bne              x14, x11, -8        x14:00000030 x11:00000064
14071435ns          229232 1c008b4e 00070863 beq              x14, x0, 16         x14:00000030
14071455ns          229233 1c008b50 0017c703 lbu              x14, 1(x15)         x14=00000000 x15:1c0000b8  PA:1c0000b9
14071753ns          229248 1c008b54 00178793 addi             x15, x15, 1         x15=1c0000b9 x15:1c0000b8
14071773ns          229249 1c008b56 feb71ce3 bne              x14, x11, -8        x14:00000000 x11:00000064
14071832ns          229252 1c008b4e 00070863 beq              x14, x0, 16         x14:00000000
14071892ns          229255 1c008b5e 00000513 addi             x10, x0, 0          x10=00000000
14071912ns          229256 1c008b60 fe058de3 beq              x11, x0, -6         x11:00000064
14071932ns          229257 1c008b62 00008067 jalr             x0, x1, 0            x1:1c008d02
14071992ns          229260 1c008d02 02000913 addi             x18, x0, 32         x18=00000020
14072011ns          229261 1c008d06 00000993 addi             x19, x0, 0          x19=00000000
14072031ns          229262 1c008d08 02b00a93 addi             x21, x0, 43         x21=0000002b
14072051ns          229263 1c008d0c 02d00b93 addi             x23, x0, 45         x23=0000002d
14072469ns          229284 1c008d10 03000b13 addi             x22, x0, 48         x22=00000030
14072509ns          229286 1c008d14 00900633 add              x12, x0, x9         x12=1c000039  x9:1c000039
14072528ns          229287 1c008d16 02050963 beq              x10, x0, 50         x10:00000000
14073463ns          229334 1c008d48 03312623 sw               x19, 44(x2)         x19:00000000  x2:10002e18  PA:10002e44
14073503ns          229336 1c008d4a 02a00693 addi             x13, x0, 42         x13=0000002a
14073523ns          229337 1c008d4e 014009b3 add              x19, x0, x20        x19=00000064 x20:00000064
14073941ns          229358 1c008d50 01800a33 add              x20, x0, x24        x20=1c000038 x24:1c000038
14073960ns          229359 1c008d52 00900c33 add              x24, x0, x9         x24=1c000039  x9:1c000039
14073980ns          229360 1c008d54 01c12483 lw               x9, 28(x2)           x9=00000002  x2:10002e18  PA:10002e34
14074000ns          229361 1c008d56 42d98063 beq              x19, x13, 1056      x19:00000064 x13:0000002a
14074020ns          229362 1c008d5a fd098693 addi             x13, x19, -48       x13=00000034 x19:00000064
14074040ns          229363 1c008d5e 00900513 addi             x10, x0, 9          x10=00000009
14074458ns          229384 1c008d60 00000a93 addi             x21, x0, 0          x21=00000000
14074497ns          229386 1c008d62 3cd57f63 bgeu             x10, x13, 990       x10:00000009 x13:00000034
14074517ns          229387 1c008d66 02e00793 addi             x15, x0, 46         x15=0000002e
14074537ns          229388 1c008d6a fff00b13 addi             x22, x0, -1         x22=ffffffff
14074557ns          229389 1c008d6c 04f981e3 beq              x19, x15, 2114      x19:00000064 x15:0000002e
14074975ns          229410 1c008d70 1c0007b7 lui              x15, 0x1c000000     x15=1c000000
14075014ns          229412 1c008d74 013005b3 add              x11, x0, x19        x11=00000064 x19:00000064
14075034ns          229413 1c008d76 0bc78513 addi             x10, x15, 188       x10=1c0000bc x15:1c000000
14075054ns          229414 1c008d7a 00c12e23 sw               x12, 28(x2)         x12:1c000039  x2:10002e18  PA:10002e34
14075074ns          229415 1c008d7c dc5ff0ef jal              x1, -572             x1=1c008d7e
14075551ns          229439 1c008b40 00054703 lbu              x14, 0(x10)         x14=00000068 x10:1c0000bc  PA:1c0000bc
14075850ns          229454 1c008b44 0ff5f593 andi             x11, x11, 255       x11=00000064 x11:00000064
14075870ns          229455 1c008b48 00a007b3 add              x15, x0, x10        x15=1c0000bc x10:1c0000bc
14075890ns          229456 1c008b4a 00b70863 beq              x14, x11, 16        x14:00000068 x11:00000064
14075909ns          229457 1c008b4e 00070863 beq              x14, x0, 16         x14:00000068
14075929ns          229458 1c008b50 0017c703 lbu              x14, 1(x15)         x14=0000006c x15:1c0000bc  PA:1c0000bd
14076248ns          229474 1c008b54 00178793 addi             x15, x15, 1         x15=1c0000bd x15:1c0000bc
14076267ns          229475 1c008b56 feb71ce3 bne              x14, x11, -8        x14:0000006c x11:00000064
14076327ns          229478 1c008b4e 00070863 beq              x14, x0, 16         x14:0000006c
14076347ns          229479 1c008b50 0017c703 lbu              x14, 1(x15)         x14=0000004c x15:1c0000bd  PA:1c0000be
14076665ns          229495 1c008b54 00178793 addi             x15, x15, 1         x15=1c0000be x15:1c0000bd
14076685ns          229496 1c008b56 feb71ce3 bne              x14, x11, -8        x14:0000004c x11:00000064
14076745ns          229499 1c008b4e 00070863 beq              x14, x0, 16         x14:0000004c
14076765ns          229500 1c008b50 0017c703 lbu              x14, 1(x15)         x14=0000007a x15:1c0000be  PA:1c0000bf
14077063ns          229515 1c008b54 00178793 addi             x15, x15, 1         x15=1c0000bf x15:1c0000be
14077083ns          229516 1c008b56 feb71ce3 bne              x14, x11, -8        x14:0000007a x11:00000064
14077143ns          229519 1c008b4e 00070863 beq              x14, x0, 16         x14:0000007a
14077162ns          229520 1c008b50 0017c703 lbu              x14, 1(x15)         x14=00000000 x15:1c0000bf  PA:1c0000c0
14077461ns          229535 1c008b54 00178793 addi             x15, x15, 1         x15=1c0000c0 x15:1c0000bf
14077481ns          229536 1c008b56 feb71ce3 bne              x14, x11, -8        x14:00000000 x11:00000064
14077540ns          229539 1c008b4e 00070863 beq              x14, x0, 16         x14:00000000
14077600ns          229542 1c008b5e 00000513 addi             x10, x0, 0          x10=00000000
14077620ns          229543 1c008b60 fe058de3 beq              x11, x0, -6         x11:00000064
14077640ns          229544 1c008b62 00008067 jalr             x0, x1, 0            x1:1c008d7e
14077679ns          229546 1c008d7e 01c12603 lw               x12, 28(x2)         x12=1c000039  x2:10002e18  PA:10002e34
14077719ns          229548 1c008d80 00c00a33 add              x20, x0, x12        x20=1c000039 x12:1c000039
14077739ns          229549 1c008d82 00050563 beq              x10, x0, 10         x10:00000000
14078236ns          229574 1c008d8c 06900793 addi             x15, x0, 105        x15=00000069
14078256ns          229575 1c008d90 1cf98be3 beq              x19, x15, 2518      x19:00000064 x15:00000069
14078276ns          229576 1c008d94 4b37ce63 blt              x15, x19, 1212      x15:00000069 x19:00000064
14078296ns          229577 1c008d98 05800793 addi             x15, x0, 88         x15=00000058
14078316ns          229578 1c008d9c 4cf98863 beq              x19, x15, 1232      x19:00000064 x15:00000058
14078753ns          229600 1c008da0 3f37cd63 blt              x15, x19, 1018      x15:00000058 x19:00000064
14079271ns          229626 1c00919a 06400793 addi             x15, x0, 100        x15=00000064
14079708ns          229648 1c00919e 5cf98463 beq              x19, x15, 1480      x19:00000064 x15:00000064
14080185ns          229672 1c009766 01812b83 lw               x23, 24(x2)         x23=10002f7c  x2:10002e18  PA:10002e30
14080225ns          229674 1c009768 004ba60b p.lw             x12, 4(x23!)        x12=00000000 x23=10002f80 x23:10002f7c  PA:10002f7c
14080265ns          229676 1c00976c 48064963 blt              x12, x0, 1170       x12:00000000
14080683ns          229697 1c009770 01412783 lw               x15, 20(x2)         x15=00000000  x2:10002e18  PA:10002e2c
14080702ns          229698 1c009772 00c00733 add              x14, x0, x12        x14=00000000 x12:00000000
14080722ns          229699 1c009774 56078863 beq              x15, x0, 1392       x15:00000000
14081200ns          229723 1c009ce4 01012783 lw               x15, 16(x2)         x15=00000000  x2:10002e18  PA:10002e28
14081220ns          229724 1c009ce6 01b00533 add              x10, x0, x27        x10=10002e4c x27:10002e4c
14081239ns          229725 1c009ce8 a8078ee3 beq              x15, x0, -1380      x15:00000000
14082174ns          229772 1c009784 00a007b3 add              x15, x0, x10        x15=10002e4c x10:10002e4c
14082194ns          229773 1c009786 00a00593 addi             x11, x0, 10         x11=0000000a
14082214ns          229774 1c009788 00900313 addi             x6, x0, 9            x6=00000009
14082234ns          229775 1c00978a 02b776b3 remu             x13, x14, x11       x13=00000000 x14:00000000 x11:0000000a
14082850ns          229806 1c00978e 00e00833 add              x16, x0, x14        x16=00000000 x14:00000000
14082870ns          229807 1c009790 00f008b3 add              x17, x0, x15        x17=10002e4c x15:10002e4c
14082890ns          229808 1c009792 03068693 addi             x13, x13, 48        x13=00000030 x13:00000000
14082910ns          229809 1c009796 00d780ab p.sb             x13, 1(x15!)        x15=10002e4d x13:00000030 x15:10002e4c  PA:10002e4c
14082930ns          229810 1c00979a 02b75733 divu             x14, x14, x11       x14=00000000 x14:00000000 x11:0000000a
14083566ns          229842 1c00979e ff0366e3 bltu             x6, x16, -20         x6:00000009 x16:00000000
14083586ns          229843 1c0097a2 40a78733 sub              x14, x15, x10       x14=00000001 x15:10002e4d x10:10002e4c
14083606ns          229844 1c0097a6 01675c63 bge              x14, x22, 24        x14:00000001 x22:ffffffff
14084541ns          229891 1c0097be 00078023 sb               x0, 0(x15)          x15:10002e4d  PA:10002e4d
14084581ns          229893 1c0097c2 0b157563 bgeu             x10, x17, 170       x10:10002e4c x17:10002e4c
14085058ns          229917 1c00986c 01412703 lw               x14, 20(x2)         x14=00000000  x2:10002e18  PA:10002e2c
14085078ns          229918 1c00986e 01012683 lw               x13, 16(x2)         x13=00000000  x2:10002e18  PA:10002e28
14085515ns          229940 1c009870 41b787b3 sub              x15, x15, x27       x15=00000001 x15:10002e4d x27:10002e4c
14085555ns          229942 1c009874 00d76733 or               x14, x14, x13       x14=00000000 x14:00000000 x13:00000000
14085575ns          229943 1c009876 02e12623 sw               x14, 44(x2)         x14:00000000  x2:10002e18  PA:10002e44
14085595ns          229944 1c009878 b0071be3 bne              x14, x0, -1258      x14:00000000
14085615ns          229945 1c00987c 01f65713 srli             x14, x12, 0x1f      x14=00000000 x12:00000000
14086052ns          229967 1c009880 02e12623 sw               x14, 44(x2)         x14:00000000  x2:10002e18  PA:10002e44
14086072ns          229968 1c009882 b0dff06f jal              x0, -1268          
14087007ns          230015 1c00938e ebfb2be3 p.beqimm         x22, -330           x22:ffffffff
14087504ns          230040 1c009244 0c800713 addi             x14, x0, 200        x14=000000c8
14087544ns          230042 1c009248 14f75b63 bge              x14, x15, 342       x14:000000c8 x15:00000001
14088479ns          230089 1c00939e 00178613 addi             x12, x15, 1         x12=00000002 x15:00000001
14088518ns          230091 1c0093a2 0557c863 blt              x15, x21, 80        x15:00000001 x21:00000000
14088538ns          230092 1c0093a6 01712c23 sw               x23, 24(x2)         x23:10002f80  x2:10002e18  PA:10002e30
14088558ns          230093 1c0093a8 00f00ab3 add              x21, x0, x15        x21=00000001 x15:00000001
14088578ns          230094 1c0093aa 8e0a8fe3 beq              x21, x0, -1794      x21:00000001
14088598ns          230095 1c0093ae 01b00933 add              x18, x0, x27        x18=10002e4c x27:10002e4c
14088996ns          230115 1c0093b0 41b409b3 sub              x19, x8, x27        x19=efffd1cf  x8:0000001b x27:10002e4c
14089036ns          230117 1c0093b4 01ba8ab3 add              x21, x21, x27       x21=10002e4d x21:00000001 x27:10002e4c
14089055ns          230118 1c0093b6 00a0006f jal              x0, 10             
14089513ns          230141 1c0093c0 0019450b p.lbu            x10, 1(x18!)        x10=00000030 x18=10002e4d x18:10002e4c  PA:10002e4c
14089553ns          230143 1c0093c4 009005b3 add              x11, x0, x9         x11=00000002  x9:00000002
14089573ns          230144 1c0093c6 000c80e7 jalr             x1, x25, 0           x1=1c0093c8 x25:1c008bb6
14089612ns          230146 1c008bb6 000026b7 lui              x13, 0x2000         x13=00002000
14089632ns          230147 1c008bb8 f8068693 addi             x13, x13, -128      x13=00001f80 x13:00002000
14089652ns          230148 1c008bbc f14027f3 csrrs            x15, x0, 0xf14      x15=00000005
14090109ns          230171 1c008bc0 00379713 slli             x14, x15, 0x3       x14=00000028 x15:00000005
14090149ns          230173 1c008bc4 00279793 slli             x15, x15, 0x2       x15=00000014 x15:00000005
14090169ns          230174 1c008bc6 00d7f7b3 and              x15, x15, x13       x15=00000000 x15:00000014 x13:00001f80
14090189ns          230175 1c008bc8 ee873733 p.bclr           x14, x14, 23, 8     x14=00000028 x14:00000028
14090209ns          230176 1c008bcc 1a10f6b7 lui              x13, 0x1a10f000     x13=1a10f000
14090249ns          230178 1c008bd0 00d70733 add              x14, x14, x13       x14=1a10f028 x14:00000028 x13:1a10f000
14090269ns          230179 1c008bd2 00e787b3 add              x15, x15, x14       x15=1a10f028 x15:00000000 x14:1a10f028
14090288ns          230180 1c008bd4 0ff57513 andi             x10, x10, 255       x10=00000030 x10:00000030
14090308ns          230181 1c008bd8 00a7a023 sw               x10, 0(x15)         x10:00000030 x15:1a10f028  PA:1a10f028
14090666ns          230199 1c008bda 00000513 addi             x10, x0, 0          x10=00000000
14090686ns          230200 1c008bdc 00008067 jalr             x0, x1, 0            x1:1c0093c8
14090726ns          230202 1c0093c8 fff538e3 p.bneimm         x10, -16            x10:00000000
14091183ns          230225 1c0093b8 01298433 add              x8, x19, x18         x8=0000001c x19:efffd1cf x18:10002e4d
14091203ns          230226 1c0093bc 8f2a86e3 beq              x21, x18, -1812     x21:10002e4d x18:10002e4d
14091263ns          230229 1c008ca8 001a450b p.lbu            x10, 1(x20!)        x10=00000020 x20=1c00003a x20:1c000039  PA:1c000039
14091581ns          230245 1c008cac fe0515e3 bne              x10, x0, -22        x10:00000020
14091720ns          230252 1c008c96 02500793 addi             x15, x0, 37         x15=00000025
14091740ns          230253 1c008c9a 04f50763 beq              x10, x15, 78        x10:00000020 x15:00000025
14091760ns          230254 1c008c9e 009005b3 add              x11, x0, x9         x11=00000002  x9:00000002
14091780ns          230255 1c008ca0 000c80e7 jalr             x1, x25, 0           x1=1c008ca2 x25:1c008bb6
14091820ns          230257 1c008bb6 000026b7 lui              x13, 0x2000         x13=00002000
14091840ns          230258 1c008bb8 f8068693 addi             x13, x13, -128      x13=00001f80 x13:00002000
14091860ns          230259 1c008bbc f14027f3 csrrs            x15, x0, 0xf14      x15=00000005
14091880ns          230260 1c008bc0 00379713 slli             x14, x15, 0x3       x14=00000028 x15:00000005
14091899ns          230261 1c008bc4 00279793 slli             x15, x15, 0x2       x15=00000014 x15:00000005
14091919ns          230262 1c008bc6 00d7f7b3 and              x15, x15, x13       x15=00000000 x15:00000014 x13:00001f80
14091939ns          230263 1c008bc8 ee873733 p.bclr           x14, x14, 23, 8     x14=00000028 x14:00000028
14091959ns          230264 1c008bcc 1a10f6b7 lui              x13, 0x1a10f000     x13=1a10f000
14091979ns          230265 1c008bd0 00d70733 add              x14, x14, x13       x14=1a10f028 x14:00000028 x13:1a10f000
14091999ns          230266 1c008bd2 00e787b3 add              x15, x15, x14       x15=1a10f028 x15:00000000 x14:1a10f028
14092019ns          230267 1c008bd4 0ff57513 andi             x10, x10, 255       x10=00000020 x10:00000020
14092039ns          230268 1c008bd8 00a7a023 sw               x10, 0(x15)         x10:00000020 x15:1a10f028  PA:1a10f028
14092397ns          230286 1c008bda 00000513 addi             x10, x0, 0          x10=00000000
14092416ns          230287 1c008bdc 00008067 jalr             x0, x1, 0            x1:1c008ca2
14092476ns          230290 1c008ca2 4df52863 p.beqimm         x10, 1232           x10:00000000
14092496ns          230291 1c008ca6 00140413 addi             x8, x8, 1            x8=0000001d  x8:0000001c
14092516ns          230292 1c008ca8 001a450b p.lbu            x10, 1(x20!)        x10=00000063 x20=1c00003b x20:1c00003a  PA:1c00003a
14092834ns          230308 1c008cac fe0515e3 bne              x10, x0, -22        x10:00000063
14092914ns          230312 1c008c96 02500793 addi             x15, x0, 37         x15=00000025
14092934ns          230313 1c008c9a 04f50763 beq              x10, x15, 78        x10:00000063 x15:00000025
14092953ns          230314 1c008c9e 009005b3 add              x11, x0, x9         x11=00000002  x9:00000002
14092973ns          230315 1c008ca0 000c80e7 jalr             x1, x25, 0           x1=1c008ca2 x25:1c008bb6
14093013ns          230317 1c008bb6 000026b7 lui              x13, 0x2000         x13=00002000
14093033ns          230318 1c008bb8 f8068693 addi             x13, x13, -128      x13=00001f80 x13:00002000
14093053ns          230319 1c008bbc f14027f3 csrrs            x15, x0, 0xf14      x15=00000005
14093073ns          230320 1c008bc0 00379713 slli             x14, x15, 0x3       x14=00000028 x15:00000005
14093093ns          230321 1c008bc4 00279793 slli             x15, x15, 0x2       x15=00000014 x15:00000005
14093113ns          230322 1c008bc6 00d7f7b3 and              x15, x15, x13       x15=00000000 x15:00000014 x13:00001f80
14093132ns          230323 1c008bc8 ee873733 p.bclr           x14, x14, 23, 8     x14=00000028 x14:00000028
14093152ns          230324 1c008bcc 1a10f6b7 lui              x13, 0x1a10f000     x13=1a10f000
14093172ns          230325 1c008bd0 00d70733 add              x14, x14, x13       x14=1a10f028 x14:00000028 x13:1a10f000
14093192ns          230326 1c008bd2 00e787b3 add              x15, x15, x14       x15=1a10f028 x15:00000000 x14:1a10f028
14093212ns          230327 1c008bd4 0ff57513 andi             x10, x10, 255       x10=00000063 x10:00000063
14093232ns          230328 1c008bd8 00a7a023 sw               x10, 0(x15)         x10:00000063 x15:1a10f028  PA:1a10f028
14093550ns          230344 1c008bda 00000513 addi             x10, x0, 0          x10=00000000
14093570ns          230345 1c008bdc 00008067 jalr             x0, x1, 0            x1:1c008ca2
14093630ns          230348 1c008ca2 4df52863 p.beqimm         x10, 1232           x10:00000000
14093650ns          230349 1c008ca6 00140413 addi             x8, x8, 1            x8=0000001e  x8:0000001d
14093669ns          230350 1c008ca8 001a450b p.lbu            x10, 1(x20!)        x10=0000006f x20=1c00003c x20:1c00003b  PA:1c00003b
14093988ns          230366 1c008cac fe0515e3 bne              x10, x0, -22        x10:0000006f
14094067ns          230370 1c008c96 02500793 addi             x15, x0, 37         x15=00000025
14094087ns          230371 1c008c9a 04f50763 beq              x10, x15, 78        x10:0000006f x15:00000025
14094107ns          230372 1c008c9e 009005b3 add              x11, x0, x9         x11=00000002  x9:00000002
14094127ns          230373 1c008ca0 000c80e7 jalr             x1, x25, 0           x1=1c008ca2 x25:1c008bb6
14094167ns          230375 1c008bb6 000026b7 lui              x13, 0x2000         x13=00002000
14094187ns          230376 1c008bb8 f8068693 addi             x13, x13, -128      x13=00001f80 x13:00002000
14094206ns          230377 1c008bbc f14027f3 csrrs            x15, x0, 0xf14      x15=00000005
14094226ns          230378 1c008bc0 00379713 slli             x14, x15, 0x3       x14=00000028 x15:00000005
14094246ns          230379 1c008bc4 00279793 slli             x15, x15, 0x2       x15=00000014 x15:00000005
14094266ns          230380 1c008bc6 00d7f7b3 and              x15, x15, x13       x15=00000000 x15:00000014 x13:00001f80
14094286ns          230381 1c008bc8 ee873733 p.bclr           x14, x14, 23, 8     x14=00000028 x14:00000028
14094306ns          230382 1c008bcc 1a10f6b7 lui              x13, 0x1a10f000     x13=1a10f000
14094326ns          230383 1c008bd0 00d70733 add              x14, x14, x13       x14=1a10f028 x14:00000028 x13:1a10f000
14094346ns          230384 1c008bd2 00e787b3 add              x15, x15, x14       x15=1a10f028 x15:00000000 x14:1a10f028
14094366ns          230385 1c008bd4 0ff57513 andi             x10, x10, 255       x10=0000006f x10:0000006f
14094385ns          230386 1c008bd8 00a7a023 sw               x10, 0(x15)         x10:0000006f x15:1a10f028  PA:1a10f028
14094743ns          230404 1c008bda 00000513 addi             x10, x0, 0          x10=00000000
14094763ns          230405 1c008bdc 00008067 jalr             x0, x1, 0            x1:1c008ca2
14094823ns          230408 1c008ca2 4df52863 p.beqimm         x10, 1232           x10:00000000
14094843ns          230409 1c008ca6 00140413 addi             x8, x8, 1            x8=0000001f  x8:0000001e
14094863ns          230410 1c008ca8 001a450b p.lbu            x10, 1(x20!)        x10=00000072 x20=1c00003d x20:1c00003c  PA:1c00003c
14095201ns          230427 1c008cac fe0515e3 bne              x10, x0, -22        x10:00000072
14095280ns          230431 1c008c96 02500793 addi             x15, x0, 37         x15=00000025
14095300ns          230432 1c008c9a 04f50763 beq              x10, x15, 78        x10:00000072 x15:00000025
14095320ns          230433 1c008c9e 009005b3 add              x11, x0, x9         x11=00000002  x9:00000002
14095340ns          230434 1c008ca0 000c80e7 jalr             x1, x25, 0           x1=1c008ca2 x25:1c008bb6
14095380ns          230436 1c008bb6 000026b7 lui              x13, 0x2000         x13=00002000
14095400ns          230437 1c008bb8 f8068693 addi             x13, x13, -128      x13=00001f80 x13:00002000
14095420ns          230438 1c008bbc f14027f3 csrrs            x15, x0, 0xf14      x15=00000005
14095439ns          230439 1c008bc0 00379713 slli             x14, x15, 0x3       x14=00000028 x15:00000005
14095459ns          230440 1c008bc4 00279793 slli             x15, x15, 0x2       x15=00000014 x15:00000005
14095479ns          230441 1c008bc6 00d7f7b3 and              x15, x15, x13       x15=00000000 x15:00000014 x13:00001f80
14095499ns          230442 1c008bc8 ee873733 p.bclr           x14, x14, 23, 8     x14=00000028 x14:00000028
14095519ns          230443 1c008bcc 1a10f6b7 lui              x13, 0x1a10f000     x13=1a10f000
14095539ns          230444 1c008bd0 00d70733 add              x14, x14, x13       x14=1a10f028 x14:00000028 x13:1a10f000
14095559ns          230445 1c008bd2 00e787b3 add              x15, x15, x14       x15=1a10f028 x15:00000000 x14:1a10f028
14095579ns          230446 1c008bd4 0ff57513 andi             x10, x10, 255       x10=00000072 x10:00000072
14095599ns          230447 1c008bd8 00a7a023 sw               x10, 0(x15)         x10:00000072 x15:1a10f028  PA:1a10f028
14095917ns          230463 1c008bda 00000513 addi             x10, x0, 0          x10=00000000
14095937ns          230464 1c008bdc 00008067 jalr             x0, x1, 0            x1:1c008ca2
14095996ns          230467 1c008ca2 4df52863 p.beqimm         x10, 1232           x10:00000000
14096016ns          230468 1c008ca6 00140413 addi             x8, x8, 1            x8=00000020  x8:0000001f
14096036ns          230469 1c008ca8 001a450b p.lbu            x10, 1(x20!)        x10=00000065 x20=1c00003e x20:1c00003d  PA:1c00003d
14096354ns          230485 1c008cac fe0515e3 bne              x10, x0, -22        x10:00000065
14096434ns          230489 1c008c96 02500793 addi             x15, x0, 37         x15=00000025
14096454ns          230490 1c008c9a 04f50763 beq              x10, x15, 78        x10:00000065 x15:00000025
14096474ns          230491 1c008c9e 009005b3 add              x11, x0, x9         x11=00000002  x9:00000002
14096494ns          230492 1c008ca0 000c80e7 jalr             x1, x25, 0           x1=1c008ca2 x25:1c008bb6
14096533ns          230494 1c008bb6 000026b7 lui              x13, 0x2000         x13=00002000
14096553ns          230495 1c008bb8 f8068693 addi             x13, x13, -128      x13=00001f80 x13:00002000
14096573ns          230496 1c008bbc f14027f3 csrrs            x15, x0, 0xf14      x15=00000005
14096593ns          230497 1c008bc0 00379713 slli             x14, x15, 0x3       x14=00000028 x15:00000005
14096613ns          230498 1c008bc4 00279793 slli             x15, x15, 0x2       x15=00000014 x15:00000005
14096633ns          230499 1c008bc6 00d7f7b3 and              x15, x15, x13       x15=00000000 x15:00000014 x13:00001f80
14096653ns          230500 1c008bc8 ee873733 p.bclr           x14, x14, 23, 8     x14=00000028 x14:00000028
14096673ns          230501 1c008bcc 1a10f6b7 lui              x13, 0x1a10f000     x13=1a10f000
14096692ns          230502 1c008bd0 00d70733 add              x14, x14, x13       x14=1a10f028 x14:00000028 x13:1a10f000
14096712ns          230503 1c008bd2 00e787b3 add              x15, x15, x14       x15=1a10f028 x15:00000000 x14:1a10f028
14096732ns          230504 1c008bd4 0ff57513 andi             x10, x10, 255       x10=00000065 x10:00000065
14096752ns          230505 1c008bd8 00a7a023 sw               x10, 0(x15)         x10:00000065 x15:1a10f028  PA:1a10f028
14097090ns          230522 1c008bda 00000513 addi             x10, x0, 0          x10=00000000
14097110ns          230523 1c008bdc 00008067 jalr             x0, x1, 0            x1:1c008ca2
14097170ns          230526 1c008ca2 4df52863 p.beqimm         x10, 1232           x10:00000000
14097190ns          230527 1c008ca6 00140413 addi             x8, x8, 1            x8=00000021  x8:00000020
14097210ns          230528 1c008ca8 001a450b p.lbu            x10, 1(x20!)        x10=00000020 x20=1c00003f x20:1c00003e  PA:1c00003e
14097528ns          230544 1c008cac fe0515e3 bne              x10, x0, -22        x10:00000020
14097607ns          230548 1c008c96 02500793 addi             x15, x0, 37         x15=00000025
14097627ns          230549 1c008c9a 04f50763 beq              x10, x15, 78        x10:00000020 x15:00000025
14097647ns          230550 1c008c9e 009005b3 add              x11, x0, x9         x11=00000002  x9:00000002
14097667ns          230551 1c008ca0 000c80e7 jalr             x1, x25, 0           x1=1c008ca2 x25:1c008bb6
14097707ns          230553 1c008bb6 000026b7 lui              x13, 0x2000         x13=00002000
14097727ns          230554 1c008bb8 f8068693 addi             x13, x13, -128      x13=00001f80 x13:00002000
14097746ns          230555 1c008bbc f14027f3 csrrs            x15, x0, 0xf14      x15=00000005
14097766ns          230556 1c008bc0 00379713 slli             x14, x15, 0x3       x14=00000028 x15:00000005
14097786ns          230557 1c008bc4 00279793 slli             x15, x15, 0x2       x15=00000014 x15:00000005
14097806ns          230558 1c008bc6 00d7f7b3 and              x15, x15, x13       x15=00000000 x15:00000014 x13:00001f80
14097826ns          230559 1c008bc8 ee873733 p.bclr           x14, x14, 23, 8     x14=00000028 x14:00000028
14097846ns          230560 1c008bcc 1a10f6b7 lui              x13, 0x1a10f000     x13=1a10f000
14097866ns          230561 1c008bd0 00d70733 add              x14, x14, x13       x14=1a10f028 x14:00000028 x13:1a10f000
14097886ns          230562 1c008bd2 00e787b3 add              x15, x15, x14       x15=1a10f028 x15:00000000 x14:1a10f028
14097906ns          230563 1c008bd4 0ff57513 andi             x10, x10, 255       x10=00000020 x10:00000020
14097925ns          230564 1c008bd8 00a7a023 sw               x10, 0(x15)         x10:00000020 x15:1a10f028  PA:1a10f028
14098264ns          230581 1c008bda 00000513 addi             x10, x0, 0          x10=00000000
14098283ns          230582 1c008bdc 00008067 jalr             x0, x1, 0            x1:1c008ca2
14098343ns          230585 1c008ca2 4df52863 p.beqimm         x10, 1232           x10:00000000
14098363ns          230586 1c008ca6 00140413 addi             x8, x8, 1            x8=00000022  x8:00000021
14098383ns          230587 1c008ca8 001a450b p.lbu            x10, 1(x20!)        x10=00000025 x20=1c000040 x20:1c00003f  PA:1c00003f
14098701ns          230603 1c008cac fe0515e3 bne              x10, x0, -22        x10:00000025
14098781ns          230607 1c008c96 02500793 addi             x15, x0, 37         x15=00000025
14098801ns          230608 1c008c9a 04f50763 beq              x10, x15, 78        x10:00000025 x15:00000025
14098860ns          230611 1c008ce8 01400c33 add              x24, x0, x20        x24=1c000040 x20:1c000040
14098880ns          230612 1c008cea 000c4a03 lbu              x20, 0(x24)         x20=00000064 x24:1c000040  PA:1c000040
14099218ns          230629 1c008cee 0b4d0513 addi             x10, x26, 180       x10=1c0000b4 x26:1c000000
14099238ns          230630 1c008cf2 00912e23 sw               x9, 28(x2)           x9:00000002  x2:10002e18  PA:10002e34
14099258ns          230631 1c008cf4 014005b3 add              x11, x0, x20        x11=00000064 x20:00000064
14099278ns          230632 1c008cf6 00012823 sw               x0, 16(x2)           x2:10002e18  PA:10002e28
14099298ns          230633 1c008cf8 00012a23 sw               x0, 20(x2)           x2:10002e18  PA:10002e2c
14099318ns          230634 1c008cfa 00012623 sw               x0, 12(x2)           x2:10002e18  PA:10002e24
14099338ns          230635 1c008cfc 001c0493 addi             x9, x24, 1           x9=1c000041 x24:1c000040
14099357ns          230636 1c008d00 e41ff0ef jal              x1, -448             x1=1c008d02
14099437ns          230640 1c008b40 00054703 lbu              x14, 0(x10)         x14=0000002d x10:1c0000b4  PA:1c0000b4
14099775ns          230657 1c008b44 0ff5f593 andi             x11, x11, 255       x11=00000064 x11:00000064
14099795ns          230658 1c008b48 00a007b3 add              x15, x0, x10        x15=1c0000b4 x10:1c0000b4
14099815ns          230659 1c008b4a 00b70863 beq              x14, x11, 16        x14:0000002d x11:00000064
14099835ns          230660 1c008b4e 00070863 beq              x14, x0, 16         x14:0000002d
14099855ns          230661 1c008b50 0017c703 lbu              x14, 1(x15)         x14=0000002b x15:1c0000b4  PA:1c0000b5
14100153ns          230676 1c008b54 00178793 addi             x15, x15, 1         x15=1c0000b5 x15:1c0000b4
14100173ns          230677 1c008b56 feb71ce3 bne              x14, x11, -8        x14:0000002b x11:00000064
14100232ns          230680 1c008b4e 00070863 beq              x14, x0, 16         x14:0000002b
14100252ns          230681 1c008b50 0017c703 lbu              x14, 1(x15)         x14=00000020 x15:1c0000b5  PA:1c0000b6
14100571ns          230697 1c008b54 00178793 addi             x15, x15, 1         x15=1c0000b6 x15:1c0000b5
14100590ns          230698 1c008b56 feb71ce3 bne              x14, x11, -8        x14:00000020 x11:00000064
14100650ns          230701 1c008b4e 00070863 beq              x14, x0, 16         x14:00000020
14100670ns          230702 1c008b50 0017c703 lbu              x14, 1(x15)         x14=00000023 x15:1c0000b6  PA:1c0000b7
14100968ns          230717 1c008b54 00178793 addi             x15, x15, 1         x15=1c0000b7 x15:1c0000b6
14100988ns          230718 1c008b56 feb71ce3 bne              x14, x11, -8        x14:00000023 x11:00000064
14101048ns          230721 1c008b4e 00070863 beq              x14, x0, 16         x14:00000023
14101068ns          230722 1c008b50 0017c703 lbu              x14, 1(x15)         x14=00000030 x15:1c0000b7  PA:1c0000b8
14101386ns          230738 1c008b54 00178793 addi             x15, x15, 1         x15=1c0000b8 x15:1c0000b7
14101406ns          230739 1c008b56 feb71ce3 bne              x14, x11, -8        x14:00000030 x11:00000064
14101466ns          230742 1c008b4e 00070863 beq              x14, x0, 16         x14:00000030
14101485ns          230743 1c008b50 0017c703 lbu              x14, 1(x15)         x14=00000000 x15:1c0000b8  PA:1c0000b9
14101804ns          230759 1c008b54 00178793 addi             x15, x15, 1         x15=1c0000b9 x15:1c0000b8
14101824ns          230760 1c008b56 feb71ce3 bne              x14, x11, -8        x14:00000000 x11:00000064
14101883ns          230763 1c008b4e 00070863 beq              x14, x0, 16         x14:00000000
14101943ns          230766 1c008b5e 00000513 addi             x10, x0, 0          x10=00000000
14101963ns          230767 1c008b60 fe058de3 beq              x11, x0, -6         x11:00000064
14101983ns          230768 1c008b62 00008067 jalr             x0, x1, 0            x1:1c008d02
14102042ns          230771 1c008d02 02000913 addi             x18, x0, 32         x18=00000020
14102062ns          230772 1c008d06 00000993 addi             x19, x0, 0          x19=00000000
14102082ns          230773 1c008d08 02b00a93 addi             x21, x0, 43         x21=0000002b
14102102ns          230774 1c008d0c 02d00b93 addi             x23, x0, 45         x23=0000002d
14102122ns          230775 1c008d10 03000b13 addi             x22, x0, 48         x22=00000030
14102142ns          230776 1c008d14 00900633 add              x12, x0, x9         x12=1c000041  x9:1c000041
14102162ns          230777 1c008d16 02050963 beq              x10, x0, 50         x10:00000000
14102301ns          230784 1c008d48 03312623 sw               x19, 44(x2)         x19:00000000  x2:10002e18  PA:10002e44
14102341ns          230786 1c008d4a 02a00693 addi             x13, x0, 42         x13=0000002a
14102360ns          230787 1c008d4e 014009b3 add              x19, x0, x20        x19=00000064 x20:00000064
14102400ns          230789 1c008d50 01800a33 add              x20, x0, x24        x20=1c000040 x24:1c000040
14102420ns          230790 1c008d52 00900c33 add              x24, x0, x9         x24=1c000041  x9:1c000041
14102440ns          230791 1c008d54 01c12483 lw               x9, 28(x2)           x9=00000002  x2:10002e18  PA:10002e34
14102460ns          230792 1c008d56 42d98063 beq              x19, x13, 1056      x19:00000064 x13:0000002a
14102480ns          230793 1c008d5a fd098693 addi             x13, x19, -48       x13=00000034 x19:00000064
14102500ns          230794 1c008d5e 00900513 addi             x10, x0, 9          x10=00000009
14102539ns          230796 1c008d60 00000a93 addi             x21, x0, 0          x21=00000000
14102579ns          230798 1c008d62 3cd57f63 bgeu             x10, x13, 990       x10:00000009 x13:00000034
14102599ns          230799 1c008d66 02e00793 addi             x15, x0, 46         x15=0000002e
14102619ns          230800 1c008d6a fff00b13 addi             x22, x0, -1         x22=ffffffff
14102639ns          230801 1c008d6c 04f981e3 beq              x19, x15, 2114      x19:00000064 x15:0000002e
14102679ns          230803 1c008d70 1c0007b7 lui              x15, 0x1c000000     x15=1c000000
14102718ns          230805 1c008d74 013005b3 add              x11, x0, x19        x11=00000064 x19:00000064
14102738ns          230806 1c008d76 0bc78513 addi             x10, x15, 188       x10=1c0000bc x15:1c000000
14102758ns          230807 1c008d7a 00c12e23 sw               x12, 28(x2)         x12:1c000041  x2:10002e18  PA:10002e34
14102778ns          230808 1c008d7c dc5ff0ef jal              x1, -572             x1=1c008d7e
14102858ns          230812 1c008b40 00054703 lbu              x14, 0(x10)         x14=00000068 x10:1c0000bc  PA:1c0000bc
14103176ns          230828 1c008b44 0ff5f593 andi             x11, x11, 255       x11=00000064 x11:00000064
14103196ns          230829 1c008b48 00a007b3 add              x15, x0, x10        x15=1c0000bc x10:1c0000bc
14103216ns          230830 1c008b4a 00b70863 beq              x14, x11, 16        x14:00000068 x11:00000064
14103236ns          230831 1c008b4e 00070863 beq              x14, x0, 16         x14:00000068
14103255ns          230832 1c008b50 0017c703 lbu              x14, 1(x15)         x14=0000006c x15:1c0000bc  PA:1c0000bd
14103554ns          230847 1c008b54 00178793 addi             x15, x15, 1         x15=1c0000bd x15:1c0000bc
14103574ns          230848 1c008b56 feb71ce3 bne              x14, x11, -8        x14:0000006c x11:00000064
14103633ns          230851 1c008b4e 00070863 beq              x14, x0, 16         x14:0000006c
14103653ns          230852 1c008b50 0017c703 lbu              x14, 1(x15)         x14=0000004c x15:1c0000bd  PA:1c0000be
14103952ns          230867 1c008b54 00178793 addi             x15, x15, 1         x15=1c0000be x15:1c0000bd
14103971ns          230868 1c008b56 feb71ce3 bne              x14, x11, -8        x14:0000004c x11:00000064
14104031ns          230871 1c008b4e 00070863 beq              x14, x0, 16         x14:0000004c
14104051ns          230872 1c008b50 0017c703 lbu              x14, 1(x15)         x14=0000007a x15:1c0000be  PA:1c0000bf
14104349ns          230887 1c008b54 00178793 addi             x15, x15, 1         x15=1c0000bf x15:1c0000be
14104369ns          230888 1c008b56 feb71ce3 bne              x14, x11, -8        x14:0000007a x11:00000064
14104429ns          230891 1c008b4e 00070863 beq              x14, x0, 16         x14:0000007a
14104449ns          230892 1c008b50 0017c703 lbu              x14, 1(x15)         x14=00000000 x15:1c0000bf  PA:1c0000c0
14104767ns          230908 1c008b54 00178793 addi             x15, x15, 1         x15=1c0000c0 x15:1c0000bf
14104787ns          230909 1c008b56 feb71ce3 bne              x14, x11, -8        x14:00000000 x11:00000064
14104846ns          230912 1c008b4e 00070863 beq              x14, x0, 16         x14:00000000
14104906ns          230915 1c008b5e 00000513 addi             x10, x0, 0          x10=00000000
14104926ns          230916 1c008b60 fe058de3 beq              x11, x0, -6         x11:00000064
14104946ns          230917 1c008b62 00008067 jalr             x0, x1, 0            x1:1c008d7e
14104986ns          230919 1c008d7e 01c12603 lw               x12, 28(x2)         x12=1c000041  x2:10002e18  PA:10002e34
14105025ns          230921 1c008d80 00c00a33 add              x20, x0, x12        x20=1c000041 x12:1c000041
14105045ns          230922 1c008d82 00050563 beq              x10, x0, 10         x10:00000000
14105443ns          230942 1c008d8c 06900793 addi             x15, x0, 105        x15=00000069
14105463ns          230943 1c008d90 1cf98be3 beq              x19, x15, 2518      x19:00000064 x15:00000069
14105483ns          230944 1c008d94 4b37ce63 blt              x15, x19, 1212      x15:00000069 x19:00000064
14105503ns          230945 1c008d98 05800793 addi             x15, x0, 88         x15=00000058
14105523ns          230946 1c008d9c 4cf98863 beq              x19, x15, 1232      x19:00000064 x15:00000058
14105543ns          230947 1c008da0 3f37cd63 blt              x15, x19, 1018      x15:00000058 x19:00000064
14105682ns          230954 1c00919a 06400793 addi             x15, x0, 100        x15=00000064
14105741ns          230957 1c00919e 5cf98463 beq              x19, x15, 1480      x19:00000064 x15:00000064
14105841ns          230962 1c009766 01812b83 lw               x23, 24(x2)         x23=10002f80  x2:10002e18  PA:10002e30
14105881ns          230964 1c009768 004ba60b p.lw             x12, 4(x23!)        x12=00000005 x23=10002f84 x23:10002f80  PA:10002f80
14105920ns          230966 1c00976c 48064963 blt              x12, x0, 1170       x12:00000005
14105940ns          230967 1c009770 01412783 lw               x15, 20(x2)         x15=00000000  x2:10002e18  PA:10002e2c
14105960ns          230968 1c009772 00c00733 add              x14, x0, x12        x14=00000005 x12:00000005
14105980ns          230969 1c009774 56078863 beq              x15, x0, 1392       x15:00000000
14106080ns          230974 1c009ce4 01012783 lw               x15, 16(x2)         x15=00000000  x2:10002e18  PA:10002e28
14106099ns          230975 1c009ce6 01b00533 add              x10, x0, x27        x10=10002e4c x27:10002e4c
14106119ns          230976 1c009ce8 a8078ee3 beq              x15, x0, -1380      x15:00000000
14106239ns          230982 1c009784 00a007b3 add              x15, x0, x10        x15=10002e4c x10:10002e4c
14106259ns          230983 1c009786 00a00593 addi             x11, x0, 10         x11=0000000a
14106278ns          230984 1c009788 00900313 addi             x6, x0, 9            x6=00000009
14106298ns          230985 1c00978a 02b776b3 remu             x13, x14, x11       x13=00000005 x14:00000005 x11:0000000a
14106915ns          231016 1c00978e 00e00833 add              x16, x0, x14        x16=00000005 x14:00000005
14106935ns          231017 1c009790 00f008b3 add              x17, x0, x15        x17=10002e4c x15:10002e4c
14106955ns          231018 1c009792 03068693 addi             x13, x13, 48        x13=00000035 x13:00000005
14106975ns          231019 1c009796 00d780ab p.sb             x13, 1(x15!)        x15=10002e4d x13:00000035 x15:10002e4c  PA:10002e4c
14106994ns          231020 1c00979a 02b75733 divu             x14, x14, x11       x14=00000000 x14:00000005 x11:0000000a
14107611ns          231051 1c00979e ff0366e3 bltu             x6, x16, -20         x6:00000009 x16:00000005
14107631ns          231052 1c0097a2 40a78733 sub              x14, x15, x10       x14=00000001 x15:10002e4d x10:10002e4c
14107651ns          231053 1c0097a6 01675c63 bge              x14, x22, 24        x14:00000001 x22:ffffffff
14107770ns          231059 1c0097be 00078023 sb               x0, 0(x15)          x15:10002e4d  PA:10002e4d
14107810ns          231061 1c0097c2 0b157563 bgeu             x10, x17, 170       x10:10002e4c x17:10002e4c
14107869ns          231064 1c00986c 01412703 lw               x14, 20(x2)         x14=00000000  x2:10002e18  PA:10002e2c
14107889ns          231065 1c00986e 01012683 lw               x13, 16(x2)         x13=00000000  x2:10002e18  PA:10002e28
14107909ns          231066 1c009870 41b787b3 sub              x15, x15, x27       x15=00000001 x15:10002e4d x27:10002e4c
14107929ns          231067 1c009874 00d76733 or               x14, x14, x13       x14=00000000 x14:00000000 x13:00000000
14107949ns          231068 1c009876 02e12623 sw               x14, 44(x2)         x14:00000000  x2:10002e18  PA:10002e44
14107969ns          231069 1c009878 b0071be3 bne              x14, x0, -1258      x14:00000000
14107989ns          231070 1c00987c 01f65713 srli             x14, x12, 0x1f      x14=00000000 x12:00000005
14108009ns          231071 1c009880 02e12623 sw               x14, 44(x2)         x14:00000000  x2:10002e18  PA:10002e44
14108048ns          231073 1c009882 b0dff06f jal              x0, -1268          
14108128ns          231077 1c00938e ebfb2be3 p.beqimm         x22, -330           x22:ffffffff
14108227ns          231082 1c009244 0c800713 addi             x14, x0, 200        x14=000000c8
14108267ns          231084 1c009248 14f75b63 bge              x14, x15, 342       x14:000000c8 x15:00000001
14108446ns          231093 1c00939e 00178613 addi             x12, x15, 1         x12=00000002 x15:00000001
14108486ns          231095 1c0093a2 0557c863 blt              x15, x21, 80        x15:00000001 x21:00000000
14108506ns          231096 1c0093a6 01712c23 sw               x23, 24(x2)         x23:10002f84  x2:10002e18  PA:10002e30
14108526ns          231097 1c0093a8 00f00ab3 add              x21, x0, x15        x21=00000001 x15:00000001
14108546ns          231098 1c0093aa 8e0a8fe3 beq              x21, x0, -1794      x21:00000001
14108566ns          231099 1c0093ae 01b00933 add              x18, x0, x27        x18=10002e4c x27:10002e4c
14108585ns          231100 1c0093b0 41b409b3 sub              x19, x8, x27        x19=efffd1d6  x8:00000022 x27:10002e4c
14108605ns          231101 1c0093b4 01ba8ab3 add              x21, x21, x27       x21=10002e4d x21:00000001 x27:10002e4c
14108625ns          231102 1c0093b6 00a0006f jal              x0, 10             
14108665ns          231104 1c0093c0 0019450b p.lbu            x10, 1(x18!)        x10=00000035 x18=10002e4d x18:10002e4c  PA:10002e4c
14108685ns          231105 1c0093c4 009005b3 add              x11, x0, x9         x11=00000002  x9:00000002
14108705ns          231106 1c0093c6 000c80e7 jalr             x1, x25, 0           x1=1c0093c8 x25:1c008bb6
14108745ns          231108 1c008bb6 000026b7 lui              x13, 0x2000         x13=00002000
14108764ns          231109 1c008bb8 f8068693 addi             x13, x13, -128      x13=00001f80 x13:00002000
14108784ns          231110 1c008bbc f14027f3 csrrs            x15, x0, 0xf14      x15=00000005
14108804ns          231111 1c008bc0 00379713 slli             x14, x15, 0x3       x14=00000028 x15:00000005
14108824ns          231112 1c008bc4 00279793 slli             x15, x15, 0x2       x15=00000014 x15:00000005
14108844ns          231113 1c008bc6 00d7f7b3 and              x15, x15, x13       x15=00000000 x15:00000014 x13:00001f80
14108864ns          231114 1c008bc8 ee873733 p.bclr           x14, x14, 23, 8     x14=00000028 x14:00000028
14108884ns          231115 1c008bcc 1a10f6b7 lui              x13, 0x1a10f000     x13=1a10f000
14109301ns          231136 1c008bd0 00d70733 add              x14, x14, x13       x14=1a10f028 x14:00000028 x13:1a10f000
14109321ns          231137 1c008bd2 00e787b3 add              x15, x15, x14       x15=1a10f028 x15:00000000 x14:1a10f028
14109341ns          231138 1c008bd4 0ff57513 andi             x10, x10, 255       x10=00000035 x10:00000035
14109361ns          231139 1c008bd8 00a7a023 sw               x10, 0(x15)         x10:00000035 x15:1a10f028  PA:1a10f028
14109739ns          231158 1c008bda 00000513 addi             x10, x0, 0          x10=00000000
14109759ns          231159 1c008bdc 00008067 jalr             x0, x1, 0            x1:1c0093c8
14109799ns          231161 1c0093c8 fff538e3 p.bneimm         x10, -16            x10:00000000
14109918ns          231167 1c0093b8 01298433 add              x8, x19, x18         x8=00000023 x19:efffd1d6 x18:10002e4d
14109938ns          231168 1c0093bc 8f2a86e3 beq              x21, x18, -1812     x21:10002e4d x18:10002e4d
14109997ns          231171 1c008ca8 001a450b p.lbu            x10, 1(x20!)        x10=0000000a x20=1c000042 x20:1c000041  PA:1c000041
14110316ns          231187 1c008cac fe0515e3 bne              x10, x0, -22        x10:0000000a
14110395ns          231191 1c008c96 02500793 addi             x15, x0, 37         x15=00000025
14110415ns          231192 1c008c9a 04f50763 beq              x10, x15, 78        x10:0000000a x15:00000025
14110435ns          231193 1c008c9e 009005b3 add              x11, x0, x9         x11=00000002  x9:00000002
14110455ns          231194 1c008ca0 000c80e7 jalr             x1, x25, 0           x1=1c008ca2 x25:1c008bb6
14110495ns          231196 1c008bb6 000026b7 lui              x13, 0x2000         x13=00002000
14110515ns          231197 1c008bb8 f8068693 addi             x13, x13, -128      x13=00001f80 x13:00002000
14110534ns          231198 1c008bbc f14027f3 csrrs            x15, x0, 0xf14      x15=00000005
14110554ns          231199 1c008bc0 00379713 slli             x14, x15, 0x3       x14=00000028 x15:00000005
14110574ns          231200 1c008bc4 00279793 slli             x15, x15, 0x2       x15=00000014 x15:00000005
14110594ns          231201 1c008bc6 00d7f7b3 and              x15, x15, x13       x15=00000000 x15:00000014 x13:00001f80
14110614ns          231202 1c008bc8 ee873733 p.bclr           x14, x14, 23, 8     x14=00000028 x14:00000028
14110634ns          231203 1c008bcc 1a10f6b7 lui              x13, 0x1a10f000     x13=1a10f000
14110654ns          231204 1c008bd0 00d70733 add              x14, x14, x13       x14=1a10f028 x14:00000028 x13:1a10f000
14110674ns          231205 1c008bd2 00e787b3 add              x15, x15, x14       x15=1a10f028 x15:00000000 x14:1a10f028
14110694ns          231206 1c008bd4 0ff57513 andi             x10, x10, 255       x10=0000000a x10:0000000a
14110713ns          231207 1c008bd8 00a7a023 sw               x10, 0(x15)         x10:0000000a x15:1a10f028  PA:1a10f028
14111052ns          231224 1c008bda 00000513 addi             x10, x0, 0          x10=00000000
14111071ns          231225 1c008bdc 00008067 jalr             x0, x1, 0            x1:1c008ca2
14111131ns          231228 1c008ca2 4df52863 p.beqimm         x10, 1232           x10:00000000
14111151ns          231229 1c008ca6 00140413 addi             x8, x8, 1            x8=00000024  x8:00000023
14111171ns          231230 1c008ca8 001a450b p.lbu            x10, 1(x20!)        x10=00000000 x20=1c000043 x20:1c000042  PA:1c000042
14111489ns          231246 1c008cac fe0515e3 bne              x10, x0, -22        x10:00000000
14111509ns          231247 1c008cae 13c12083 lw               x1, 316(x2)          x1=1c008c22  x2:10002e18  PA:10002f54
14111529ns          231248 1c008cb2 00800533 add              x10, x0, x8         x10=00000024  x8:00000024
14111549ns          231249 1c008cb4 13812403 lw               x8, 312(x2)          x8=00000005  x2:10002e18  PA:10002f50
14111569ns          231250 1c008cb8 13412483 lw               x9, 308(x2)          x9=00000000  x2:10002e18  PA:10002f4c
14111589ns          231251 1c008cbc 13012903 lw               x18, 304(x2)        x18=00000005  x2:10002e18  PA:10002f48
14111927ns          231268 1c008cc0 12c12983 lw               x19, 300(x2)        x19=00000000  x2:10002e18  PA:10002f44
14111966ns          231270 1c008cc4 12812a03 lw               x20, 296(x2)        x20=00000000  x2:10002e18  PA:10002f40
14111986ns          231271 1c008cc8 12412a83 lw               x21, 292(x2)        x21=00000000  x2:10002e18  PA:10002f3c
14112006ns          231272 1c008ccc 12012b03 lw               x22, 288(x2)        x22=00000000  x2:10002e18  PA:10002f38
14112464ns          231295 1c008cd0 11c12b83 lw               x23, 284(x2)        x23=00000000  x2:10002e18  PA:10002f34
14112503ns          231297 1c008cd4 11812c03 lw               x24, 280(x2)        x24=00000000  x2:10002e18  PA:10002f30
14112523ns          231298 1c008cd8 11412c83 lw               x25, 276(x2)        x25=00000000  x2:10002e18  PA:10002f2c
14112543ns          231299 1c008cdc 11012d03 lw               x26, 272(x2)        x26=00000000  x2:10002e18  PA:10002f28
14112603ns          231302 1c008ce0 10c12d83 lw               x27, 268(x2)        x27=00000000  x2:10002e18  PA:10002f24
14112643ns          231304 1c008ce4 14010113 addi             x2, x2, 320          x2=10002f58  x2:10002e18
14112662ns          231305 1c008ce6 00008067 jalr             x0, x1, 0            x1:1c008c22
14112742ns          231309 1c008c22 01c12083 lw               x1, 28(x2)           x1=1c008200  x2:10002f58  PA:10002f74
14112782ns          231311 1c008c24 04010113 addi             x2, x2, 64           x2=10002f98  x2:10002f58
14112802ns          231312 1c008c26 00008067 jalr             x0, x1, 0            x1:1c008200
14112881ns          231316 1c008200 78d010ef jal              x1, 8076             x1=1c008204
14113378ns          231341 1c00a18c f14027f3 csrrs            x15, x0, 0xf14      x15=00000005
14113856ns          231365 1c00a190 01f00713 addi             x14, x0, 31         x14=0000001f
14113896ns          231367 1c00a192 ca5797b3 p.extractu       x15, x15, 5, 5      x15=00000000 x15:00000005
14113915ns          231368 1c00a196 00e78863 beq              x15, x14, 16        x15:00000000 x14:0000001f
14113935ns          231369 1c00a19a 002047b7 lui              x15, 0x204000       x15=00204000
14114373ns          231391 1c00a19e 20078793 addi             x15, x15, 512       x15=00204200 x15:00204000
14114413ns          231393 1c00a1a2 01c7e703 p.elw            x14, 28(x15)        x14=00010000 x15:00204200  PA:0020421c
14114671ns          231406 1c00a1a6 00008067 jalr             x0, x1, 0            x1:1c008204
14114930ns          231419 1c008204 5c090363 beq              x18, x0, 1478       x18:00000005
14114950ns          231420 1c008208 01847413 andi             x8, x8, 24           x8=00000000  x8:00000005
14114969ns          231421 1c00820a 783010ef jal              x1, 8066             x1=1c00820e
14115447ns          231445 1c00a18c f14027f3 csrrs            x15, x0, 0xf14      x15=00000005
14115467ns          231446 1c00a190 01f00713 addi             x14, x0, 31         x14=0000001f
14115487ns          231447 1c00a192 ca5797b3 p.extractu       x15, x15, 5, 5      x15=00000000 x15:00000005
14115506ns          231448 1c00a196 00e78863 beq              x15, x14, 16        x15:00000000 x14:0000001f
14115526ns          231449 1c00a19a 002047b7 lui              x15, 0x204000       x15=00204000
14115546ns          231450 1c00a19e 20078793 addi             x15, x15, 512       x15=00204200 x15:00204000
14115566ns          231451 1c00a1a2 01c7e703 p.elw            x14, 28(x15)        x14=00010000 x15:00204200  PA:0020421c
14121692ns          231759 1c00a1a6 00008067 jalr             x0, x1, 0            x1:1c00820e
14121751ns          231762 1c00820e 56041663 bne              x8, x0, 1388         x8:00000000
14121771ns          231763 1c008212 00491493 slli             x9, x18, 0x4         x9=00000050 x18:00000005
14121791ns          231764 1c008216 00748413 addi             x8, x9, 7            x8=00000057  x9:00000050
14121811ns          231765 1c00821a 00591713 slli             x14, x18, 0x5       x14=000000a0 x18:00000005
14122368ns          231793 1c00821e 00141693 slli             x13, x8, 0x1        x13=000000ae  x8:00000057
14122388ns          231794 1c008222 00d12c23 sw               x13, 24(x2)         x13:000000ae  x2:10002f98  PA:10002fb0
14122408ns          231795 1c008224 00e12223 sw               x14, 4(x2)          x14:000000a0  x2:10002f98  PA:10002f9c
14122427ns          231796 1c008226 00170593 addi             x11, x14, 1         x11=000000a1 x14:000000a0
14122447ns          231797 1c00822a 00168293 addi             x5, x13, 1           x5=000000af x13:000000ae
14122865ns          231818 1c00822e 1c001737 lui              x14, 0x1c001000     x14=1c001000
14122905ns          231820 1c008232 00948693 addi             x13, x9, 9          x13=00000059  x9:00000050
14122925ns          231821 1c008236 8d070713 addi             x14, x14, -1840     x14=1c0008d0 x14:1c001000
14122945ns          231822 1c00823a 00148f93 addi             x31, x9, 1          x31=00000051  x9:00000050
14123402ns          231845 1c00823e 00269e13 slli             x28, x13, 0x2       x28=00000164 x13:00000059
14123422ns          231846 1c008242 00ee0e33 add              x28, x28, x14       x28=1c000a34 x28:00000164 x14:1c0008d0
14123442ns          231847 1c008244 00248a93 addi             x21, x9, 2          x21=00000052  x9:00000050
14123462ns          231848 1c008248 00348f13 addi             x30, x9, 3          x30=00000053  x9:00000050
14123482ns          231849 1c00824c 00548993 addi             x19, x9, 5          x19=00000055  x9:00000050
14123899ns          231870 1c008250 00648793 addi             x15, x9, 6          x15=00000056  x9:00000050
14123939ns          231872 1c008254 002f9313 slli             x6, x31, 0x2         x6=00000144 x31:00000051
14123959ns          231873 1c008258 002a9813 slli             x16, x21, 0x2       x16=00000148 x21:00000052
14123979ns          231874 1c00825c 002f1b13 slli             x22, x30, 0x2       x22=0000014c x30:00000053
14124416ns          231896 1c008260 00299093 slli             x1, x19, 0x2         x1=00000154 x19:00000055
14124456ns          231898 1c008264 00279393 slli             x7, x15, 0x2         x7=00000158 x15:00000056
14124476ns          231899 1c008268 00e30333 add              x6, x6, x14          x6=1c000a14  x6:00000144 x14:1c0008d0
14124496ns          231900 1c00826a 00691893 slli             x17, x18, 0x6       x17=00000140 x18:00000005
14124516ns          231901 1c00826e 01c006b3 add              x13, x0, x28        x13=1c000a34 x28:1c000a34
14124953ns          231923 1c008270 002a9a93 slli             x21, x21, 0x2       x21=00000148 x21:00000052
14124973ns          231924 1c008272 00299993 slli             x19, x19, 0x2       x19=00000154 x19:00000055
14124993ns          231925 1c008274 00279793 slli             x15, x15, 0x2       x15=00000158 x15:00000056
14125013ns          231926 1c008276 00eb0b33 add              x22, x22, x14       x22=1c000a1c x22:0000014c x14:1c0008d0
14125033ns          231927 1c008278 00235303 lhu              x6, 2(x6)            x6=0000059c  x6:1c000a14  PA:1c000a16
14125550ns          231953 1c00827c 0006d683 lhu              x13, 0(x13)         x13=000003d7 x13:1c000a34  PA:1c000a34
14125948ns          231973 1c008280 00ea8ab3 add              x21, x21, x14       x21=1c000a18 x21:00000148 x14:1c0008d0
14125968ns          231974 1c008282 00e989b3 add              x19, x19, x14       x19=1c000a24 x19:00000154 x14:1c0008d0
14125987ns          231975 1c008284 00e787b3 add              x15, x15, x14       x15=1c000a28 x15:00000158 x14:1c0008d0
14126007ns          231976 1c008286 00e888b3 add              x17, x17, x14       x17=1c000a10 x17:00000140 x14:1c0008d0
14126027ns          231977 1c008288 002b5c83 lhu              x25, 2(x22)         x25=000009bd x22:1c000a1c  PA:1c000a1e
14126385ns          231995 1c00828c 000adc03 lhu              x24, 0(x21)         x24=00000f69 x21:1c000a18  PA:1c000a18
14126783ns          232015 1c008290 000b5f03 lhu              x30, 0(x22)         x30=00000399 x22:1c000a1c  PA:1c000a1c
14127220ns          232037 1c008294 0007da83 lhu              x21, 0(x15)         x21=00000834 x15:1c000a28  PA:1c000a28
14127539ns          232053 1c008298 0009db03 lhu              x22, 0(x19)         x22=00000fc4 x19:1c000a24  PA:1c000a24
14127936ns          232073 1c00829c 0008d883 lhu              x17, 0(x17)         x17=00000ae2 x17:1c000a10  PA:1c000a10
14128394ns          232096 1c0082a0 1c0019b7 lui              x19, 0x1c001000     x19=1c001000
14128414ns          232097 1c0082a4 000017b7 lui              x15, 0x1000         x15=00001000
14128434ns          232098 1c0082a6 fff78793 addi             x15, x15, -1        x15=00000fff x15:00001000
14128454ns          232099 1c0082a8 00448a13 addi             x20, x9, 4          x20=00000054  x9:00000050
14128473ns          232100 1c0082ac dd098993 addi             x19, x19, -560      x19=1c000dd0 x19:1c001000
14128493ns          232101 1c0082b0 00159593 slli             x11, x11, 0x1       x11=00000142 x11:000000a1
14128513ns          232102 1c0082b2 00129293 slli             x5, x5, 0x1          x5=0000015e  x5:000000af
14128533ns          232103 1c0082b4 00241b93 slli             x23, x8, 0x2        x23=0000015c  x8:00000057
14128553ns          232104 1c0082b8 00848613 addi             x12, x9, 8          x12=00000058  x9:00000050
14128573ns          232105 1c0082bc 00e585b3 add              x11, x11, x14       x11=1c000a12 x11:00000142 x14:1c0008d0
14128593ns          232106 1c0082be 00e080b3 add              x1, x1, x14          x1=1c000a24  x1:00000154 x14:1c0008d0
14128991ns          232126 1c0082c0 00e383b3 add              x7, x7, x14          x7=1c000a28  x7:00000158 x14:1c0008d0
14129010ns          232127 1c0082c2 00e282b3 add              x5, x5, x14          x5=1c000a2e  x5:0000015e x14:1c0008d0
14129030ns          232128 1c0082c4 00d12a23 sw               x13, 20(x2)         x13:000003d7  x2:10002f98  PA:10002fac
14129050ns          232129 1c0082c6 002a1513 slli             x10, x20, 0x2       x10=00000150 x20:00000054
14129070ns          232130 1c0082ca 0067f6b3 and              x13, x15, x6        x13=0000059c x15:00000fff  x6:0000059c
14129090ns          232131 1c0082ce 002a1a13 slli             x20, x20, 0x2       x20=00000150 x20:00000054
14129488ns          232151 1c0082d0 0009a303 lw               x6, 0(x19)           x6=10004100 x19:1c000dd0  PA:1c000dd0
14129945ns          232174 1c0082d4 0005dd83 lhu              x27, 0(x11)         x27=00000711 x11:1c000a12  PA:1c000a12
14130323ns          232193 1c0082d8 00ea0a33 add              x20, x20, x14       x20=1c000a20 x20:00000150 x14:1c0008d0
14130343ns          232194 1c0082da 0020d583 lhu              x11, 2(x1)          x11=000005b6  x1:1c000a24  PA:1c000a26
14130721ns          232213 1c0082de 0117f8b3 and              x17, x15, x17       x17=00000ae2 x15:00000fff x17:00000ae2
14130741ns          232214 1c0082e2 0023d083 lhu              x1, 2(x7)            x1=00000aa4  x7:1c000a28  PA:1c000a2a
14131218ns          232238 1c0082e6 00261e93 slli             x29, x12, 0x2       x29=00000160 x12:00000058
14131238ns          232239 1c0082ea 0002d383 lhu              x7, 0(x5)            x7=0000021e  x5:1c000a2e  PA:1c000a2e
14131576ns          232256 1c0082ee 00261613 slli             x12, x12, 0x2       x12=00000160 x12:00000058
14131596ns          232257 1c0082f0 017702b3 add              x5, x14, x23         x5=1c000a2c x14:1c0008d0 x23:0000015c
14131616ns          232258 1c0082f4 01112423 sw               x17, 8(x2)          x17:00000ae2  x2:10002f98  PA:10002fa0
14131636ns          232259 1c0082f6 01712e23 sw               x23, 28(x2)         x23:0000015c  x2:10002f98  PA:10002fb4
14131656ns          232260 1c0082f8 00e60633 add              x12, x12, x14       x12=1c000a30 x12:00000160 x14:1c0008d0
14131675ns          232261 1c0082fa 000a5b83 lhu              x23, 0(x20)         x23=00000eb9 x20:1c000a20  PA:1c000a20
14132053ns          232280 1c0082fe 0002da03 lhu              x20, 0(x5)          x20=00000fcc  x5:1c000a2c  PA:1c000a2c
14132531ns          232304 1c008302 01069293 slli             x5, x13, 0x10        x5=059c0000 x13:0000059c
14132550ns          232305 1c008306 00591693 slli             x13, x18, 0x5       x13=000000a0 x18:00000005
14132570ns          232306 1c00830a 002e5d03 lhu              x26, 2(x28)         x26=00000a32 x28:1c000a34  PA:1c000a36
14132869ns          232321 1c00830e 002f9f93 slli             x31, x31, 0x2       x31=00000144 x31:00000051
14132889ns          232322 1c008310 00065e03 lhu              x28, 0(x12)         x28=00000a77 x12:1c000a30  PA:1c000a30
14133306ns          232343 1c008314 00d30633 add              x12, x6, x13        x12=100041a0  x6:10004100 x13:000000a0
14133326ns          232344 1c008318 00812303 lw               x6, 8(x2)            x6=00000ae2  x2:10002f98  PA:10002fa0
14133346ns          232345 1c00831a 00ef8fb3 add              x31, x31, x14       x31=1c000a14 x31:00000144 x14:1c0008d0
14133366ns          232346 1c00831c 01b7fdb3 and              x27, x15, x27       x27=00000711 x15:00000fff x27:00000711
14133386ns          232347 1c008320 00512623 sw               x5, 12(x2)           x5:059c0000  x2:10002f98  PA:10002fa4
14133406ns          232348 1c008322 000fdf83 lhu              x31, 0(x31)         x31=0000084f x31:1c000a14  PA:1c000a14
14133843ns          232370 1c008326 010d9d93 slli             x27, x27, 0x10      x27=07110000 x27:00000711
14133863ns          232371 1c008328 006dedb3 or               x27, x27, x6        x27=07110ae2 x27:07110000  x6:00000ae2
14133883ns          232372 1c00832c 00e80833 add              x16, x16, x14       x16=1c000a18 x16:00000148 x14:1c0008d0
14133903ns          232373 1c00832e 00c12303 lw               x6, 12(x2)           x6=059c0000  x2:10002f98  PA:10002fa4
14133923ns          232374 1c008330 00285803 lhu              x16, 2(x16)         x16=000003ad x16:1c000a18  PA:1c000a1a
14134321ns          232394 1c008334 0017f0b3 and              x1, x15, x1          x1=00000aa4 x15:00000fff  x1:00000aa4
14134340ns          232395 1c008338 0077f3b3 and              x7, x15, x7          x7=0000021e x15:00000fff  x7:0000021e
14134360ns          232396 1c00833c 01c12823 sw               x28, 16(x2)         x28:00000a77  x2:10002f98  PA:10002fa8
14134420ns          232399 1c00833e 0157fab3 and              x21, x15, x21       x21=00000834 x15:00000fff x21:00000834
14134460ns          232401 1c008342 0147fa33 and              x20, x15, x20       x20=00000fcc x15:00000fff x20:00000fcc
14134480ns          232402 1c008346 01f7ffb3 and              x31, x15, x31       x31=0000084f x15:00000fff x31:0000084f
14134500ns          232403 1c00834a 01009093 slli             x1, x1, 0x10         x1=0aa40000  x1:00000aa4
14134519ns          232404 1c00834c 01039393 slli             x7, x7, 0x10         x7=021e0000  x7:0000021e
14134937ns          232425 1c00834e 01f36fb3 or               x31, x6, x31        x31=059c084f  x6:059c0000 x31:0000084f
14134957ns          232426 1c008352 00e50533 add              x10, x10, x14       x10=1c000a20 x10:00000150 x14:1c0008d0
14134977ns          232427 1c008354 0150e333 or               x6, x1, x21          x6=0aa40834  x1:0aa40000 x21:00000834
14134997ns          232428 1c008358 0143eab3 or               x21, x7, x20        x21=021e0fcc  x7:021e0000 x20:00000fcc
14135017ns          232429 1c00835c 01012a03 lw               x20, 16(x2)         x20=00000a77  x2:10002f98  PA:10002fa8
14135434ns          232450 1c00835e 00255503 lhu              x10, 2(x10)         x10=0000064d x10:1c000a20  PA:1c000a22
14135812ns          232469 1c008362 0107f833 and              x16, x15, x16       x16=000003ad x15:00000fff x16:000003ad
14135832ns          232470 1c008366 0187fc33 and              x24, x15, x24       x24=00000f69 x15:00000fff x24:00000f69
14135852ns          232471 1c00836a 00ee8eb3 add              x29, x29, x14       x29=1c000a30 x29:00000160 x14:1c0008d0
14135872ns          232472 1c00836c 01081813 slli             x16, x16, 0x10      x16=03ad0000 x16:000003ad
14136309ns          232494 1c00836e 01886833 or               x16, x16, x24       x16=03ad0f69 x16:03ad0000 x24:00000f69
14136329ns          232495 1c008372 01512423 sw               x21, 8(x2)          x21:021e0fcc  x2:10002f98  PA:10002fa0
14136349ns          232496 1c008374 0147fc33 and              x24, x15, x20       x24=00000a77 x15:00000fff x20:00000a77
14136369ns          232497 1c008378 002ede83 lhu              x29, 2(x29)         x29=0000074f x29:1c000a30  PA:1c000a32
14136767ns          232517 1c00837c 01412a03 lw               x20, 20(x2)         x20=000003d7  x2:10002f98  PA:10002fac
14136846ns          232521 1c00837e 00c48893 addi             x17, x9, 12         x17=0000005c  x9:00000050
14136866ns          232522 1c008382 00f57533 and              x10, x10, x15       x10=0000064d x10:0000064d x15:00000fff
14136886ns          232523 1c008384 00f5f5b3 and              x11, x11, x15       x11=000005b6 x11:000005b6 x15:00000fff
14136906ns          232524 1c008386 0177fbb3 and              x23, x15, x23       x23=00000eb9 x15:00000fff x23:00000eb9
14136926ns          232525 1c00838a 0167fb33 and              x22, x15, x22       x22=00000fc4 x15:00000fff x22:00000fc4
14136946ns          232526 1c00838e 01112623 sw               x17, 12(x2)         x17:0000005c  x2:10002f98  PA:10002fa4
14137363ns          232547 1c008390 00289a93 slli             x21, x17, 0x2       x21=00000170 x17:0000005c
14137403ns          232549 1c008394 01051513 slli             x10, x10, 0x10      x10=064d0000 x10:0000064d
14137423ns          232550 1c008396 00d48893 addi             x17, x9, 13         x17=0000005d  x9:00000050
14137443ns          232551 1c00839a 01059593 slli             x11, x11, 0x10      x11=05b60000 x11:000005b6
14137463ns          232552 1c00839c 01756533 or               x10, x10, x23       x10=064d0eb9 x10:064d0000 x23:00000eb9
14137880ns          232573 1c0083a0 0165e5b3 or               x11, x11, x22       x11=05b60fc4 x11:05b60000 x22:00000fc4
14137920ns          232575 1c0083a4 0147fbb3 and              x23, x15, x20       x23=000003d7 x15:00000fff x20:000003d7
14137940ns          232576 1c0083a8 00289a13 slli             x20, x17, 0x2       x20=00000174 x17:0000005d
14137960ns          232577 1c0083ac 00e48893 addi             x17, x9, 14         x17=0000005e  x9:00000050
14138378ns          232598 1c0083b0 00b62a23 sw               x11, 20(x12)        x11:05b60fc4 x12:100041a0  PA:100041b4
14138417ns          232600 1c0083b2 0197fcb3 and              x25, x15, x25       x25=000009bd x15:00000fff x25:000009bd
14138437ns          232601 1c0083b6 00812583 lw               x11, 8(x2)          x11=021e0fcc  x2:10002f98  PA:10002fa0
14138457ns          232602 1c0083b8 00289093 slli             x1, x17, 0x2         x1=00000178 x17:0000005e
14138477ns          232603 1c0083bc 0009a883 lw               x17, 0(x19)         x17=10004100 x19:1c000dd0  PA:1c000dd0
14138935ns          232626 1c0083c0 00a48e13 addi             x28, x9, 10         x28=0000005a  x9:00000050
14138974ns          232628 1c0083c4 00f48293 addi             x5, x9, 15           x5=0000005f  x9:00000050
14138994ns          232629 1c0083c8 00b48393 addi             x7, x9, 11           x7=0000005b  x9:00000050
14139014ns          232630 1c0083cc 010c9c93 slli             x25, x25, 0x10      x25=09bd0000 x25:000009bd
14139432ns          232651 1c0083ce 01e7ff33 and              x30, x15, x30       x30=00000399 x15:00000fff x30:00000399
14139472ns          232653 1c0083d2 01d7feb3 and              x29, x15, x29       x29=0000074f x15:00000fff x29:0000074f
14139491ns          232654 1c0083d6 01ecef33 or               x30, x25, x30       x30=09bd0399 x25:09bd0000 x30:00000399
14139511ns          232655 1c0083da 01a7fd33 and              x26, x15, x26       x26=00000a32 x15:00000fff x26:00000a32
14139929ns          232676 1c0083de 002e1c93 slli             x25, x28, 0x2       x25=00000168 x28:0000005a
14139969ns          232678 1c0083e2 00239b13 slli             x22, x7, 0x2        x22=0000016c  x7:0000005b
14139989ns          232679 1c0083e6 10068693 addi             x13, x13, 256       x13=000001a0 x13:000000a0
14140008ns          232680 1c0083ea 00229393 slli             x7, x5, 0x2          x7=0000017c  x5:0000005f
14140028ns          232681 1c0083ee 010e9e93 slli             x29, x29, 0x10      x29=074f0000 x29:0000074f
14140466ns          232703 1c0083f0 011686b3 add              x13, x13, x17       x13=100042a0 x13:000001a0 x17:10004100
14140506ns          232705 1c0083f2 01b62023 sw               x27, 0(x12)         x27:07110ae2 x12:100041a0  PA:100041a0
14140526ns          232706 1c0083f6 01f62223 sw               x31, 4(x12)         x31:059c084f x12:100041a0  PA:100041a4
14140545ns          232707 1c0083fa 01062423 sw               x16, 8(x12)         x16:03ad0f69 x12:100041a0  PA:100041a8
14141003ns          232730 1c0083fe 01e62623 sw               x30, 12(x12)        x30:09bd0399 x12:100041a0  PA:100041ac
14141023ns          232731 1c008402 00a62823 sw               x10, 16(x12)        x10:064d0eb9 x12:100041a0  PA:100041b0
14141043ns          232732 1c008404 00662c23 sw               x6, 24(x12)          x6:0aa40834 x12:100041a0  PA:100041b8
14141063ns          232733 1c008408 00b62e23 sw               x11, 28(x12)        x11:021e0fcc x12:100041a0  PA:100041bc
14141082ns          232734 1c00840a 00ec8cb3 add              x25, x25, x14       x25=1c000a38 x25:00000168 x14:1c0008d0
14141102ns          232735 1c00840c 00eb0b33 add              x22, x22, x14       x22=1c000a3c x22:0000016c x14:1c0008d0
14141122ns          232736 1c00840e 00ea8ab3 add              x21, x21, x14       x21=1c000a40 x21:00000170 x14:1c0008d0
14141520ns          232756 1c008410 00ea0a33 add              x20, x20, x14       x20=1c000a44 x20:00000174 x14:1c0008d0
14141540ns          232757 1c008412 00e080b3 add              x1, x1, x14          x1=1c000a48  x1:00000178 x14:1c0008d0
14141560ns          232758 1c008414 018eeeb3 or               x29, x29, x24       x29=074f0a77 x29:074f0000 x24:00000a77
14141580ns          232759 1c008418 00e383b3 add              x7, x7, x14          x7=1c000a4c  x7:0000017c x14:1c0008d0
14141600ns          232760 1c00841a 010d1d13 slli             x26, x26, 0x10      x26=0a320000 x26:00000a32
14141619ns          232761 1c00841c 002cdf83 lhu              x31, 2(x25)         x31=00000c8a x25:1c000a38  PA:1c000a3a
14142136ns          232787 1c008420 002a5f03 lhu              x30, 2(x20)         x30=000005a4 x20:1c000a44  PA:1c000a46
14142634ns          232812 1c008424 002b5803 lhu              x16, 2(x22)         x16=000001b2 x22:1c000a3c  PA:1c000a3e
14143051ns          232833 1c008428 002ad503 lhu              x10, 2(x21)         x10=0000071b x21:1c000a40  PA:1c000a42
14143449ns          232853 1c00842c 0020d603 lhu              x12, 2(x1)          x12=00000814  x1:1c000a48  PA:1c000a4a
14143966ns          232879 1c008430 017d6bb3 or               x23, x26, x23       x23=0a3203d7 x26:0a320000 x23:000003d7
14143986ns          232880 1c008434 01d6a023 sw               x29, 0(x13)         x29:074f0a77 x13:100042a0  PA:100042a0
14144006ns          232881 1c008438 001008b3 add              x17, x0, x1         x17=1c000a48  x1:1c000a48
14144026ns          232882 1c00843a 0023de83 lhu              x29, 2(x7)          x29=00000056  x7:1c000a4c  PA:1c000a4e
14144384ns          232900 1c00843e 00700733 add              x14, x0, x7         x14=1c000a4c  x7:1c000a4c
14144404ns          232901 1c008440 00075283 lhu              x5, 0(x14)           x5=00000888 x14:1c000a4c  PA:1c000a4c
14144801ns          232921 1c008444 000b5083 lhu              x1, 0(x22)           x1=0000008a x22:1c000a3c  PA:1c000a3c
14145140ns          232938 1c008448 000ad383 lhu              x7, 0(x21)           x7=0000083b x21:1c000a40  PA:1c000a40
14145557ns          232959 1c00844c 000a5e03 lhu              x28, 0(x20)         x28=000006b3 x20:1c000a44  PA:1c000a44
14145975ns          232980 1c008450 0008d303 lhu              x6, 0(x17)           x6=00000669 x17:1c000a48  PA:1c000a48
14146313ns          232997 1c008454 0176a223 sw               x23, 4(x13)         x23:0a3203d7 x13:100042a0  PA:100042a4
14146333ns          232998 1c008458 000cdb83 lhu              x23, 0(x25)         x23=00000c36 x25:1c000a38  PA:1c000a38
14146731ns          233018 1c00845c 01f7f8b3 and              x17, x15, x31       x17=00000c8a x15:00000fff x31:00000c8a
14146751ns          233019 1c008460 01e7f5b3 and              x11, x15, x30       x11=000005a4 x15:00000fff x30:000005a4
14146770ns          233020 1c008464 01d7f733 and              x14, x15, x29       x14=00000056 x15:00000fff x29:00000056
14146790ns          233021 1c008468 0107f833 and              x16, x15, x16       x16=000001b2 x15:00000fff x16:000001b2
14146810ns          233022 1c00846c 00f57533 and              x10, x10, x15       x10=0000071b x10:0000071b x15:00000fff
14146830ns          233023 1c00846e 00f67633 and              x12, x12, x15       x12=00000814 x12:00000814 x15:00000fff
14147148ns          233039 1c008470 0017f0b3 and              x1, x15, x1          x1=0000008a x15:00000fff  x1:0000008a
14147188ns          233041 1c008474 0077f3b3 and              x7, x15, x7          x7=0000083b x15:00000fff  x7:0000083b
14147208ns          233042 1c008478 01c7fe33 and              x28, x15, x28       x28=000006b3 x15:00000fff x28:000006b3
14147228ns          233043 1c00847c 0067f333 and              x6, x15, x6          x6=00000669 x15:00000fff  x6:00000669
14147685ns          233066 1c008480 0177fbb3 and              x23, x15, x23       x23=00000c36 x15:00000fff x23:00000c36
14147725ns          233068 1c008484 01071713 slli             x14, x14, 0x10      x14=00560000 x14:00000056
14147745ns          233069 1c008486 0057f7b3 and              x15, x15, x5        x15=00000888 x15:00000fff  x5:00000888
14147765ns          233070 1c00848a 01089893 slli             x17, x17, 0x10      x17=0c8a0000 x17:00000c8a
14147785ns          233071 1c00848c 01081813 slli             x16, x16, 0x10      x16=01b20000 x16:000001b2
14147805ns          233072 1c00848e 01051513 slli             x10, x10, 0x10      x10=071b0000 x10:0000071b
14148222ns          233093 1c008490 01059593 slli             x11, x11, 0x10      x11=05a40000 x11:000005a4
14148242ns          233094 1c008492 01061613 slli             x12, x12, 0x10      x12=08140000 x12:00000814
14148262ns          233095 1c008494 00e7e7b3 or               x15, x15, x14       x15=00560888 x15:00000888 x14:00560000
14148282ns          233096 1c008496 0178e8b3 or               x17, x17, x23       x17=0c8a0c36 x17:0c8a0000 x23:00000c36
14148302ns          233097 1c00849a 00186833 or               x16, x16, x1        x16=01b2008a x16:01b20000  x1:0000008a
14148739ns          233119 1c00849e 00756533 or               x10, x10, x7        x10=071b083b x10:071b0000  x7:0000083b
14148779ns          233121 1c0084a2 01c5e5b3 or               x11, x11, x28       x11=05a406b3 x11:05a40000 x28:000006b3
14148799ns          233122 1c0084a6 00666633 or               x12, x12, x6        x12=08140669 x12:08140000  x6:00000669
14148819ns          233123 1c0084aa 00f6ae23 sw               x15, 28(x13)        x15:00560888 x13:100042a0  PA:100042bc
14148839ns          233124 1c0084ac 0116a423 sw               x17, 8(x13)         x17:0c8a0c36 x13:100042a0  PA:100042a8
14149237ns          233144 1c0084b0 0106a623 sw               x16, 12(x13)        x16:01b2008a x13:100042a0  PA:100042ac
14149276ns          233146 1c0084b4 00a6a823 sw               x10, 16(x13)        x10:071b083b x13:100042a0  PA:100042b0
14149296ns          233147 1c0084b6 00b6aa23 sw               x11, 20(x13)        x11:05a406b3 x13:100042a0  PA:100042b4
14149316ns          233148 1c0084b8 00c6ac23 sw               x12, 24(x13)        x12:08140669 x13:100042a0  PA:100042b8
14149336ns          233149 1c0084ba 4d3010ef jal              x1, 7378             x1=1c0084be
14149853ns          233175 1c00a18c f14027f3 csrrs            x15, x0, 0xf14      x15=00000005
14149933ns          233179 1c00a190 01f00713 addi             x14, x0, 31         x14=0000001f
14149972ns          233181 1c00a192 ca5797b3 p.extractu       x15, x15, 5, 5      x15=00000000 x15:00000005
14149992ns          233182 1c00a196 00e78863 beq              x15, x14, 16        x15:00000000 x14:0000001f
14150012ns          233183 1c00a19a 002047b7 lui              x15, 0x204000       x15=00204000
14150072ns          233186 1c00a19e 20078793 addi             x15, x15, 512       x15=00204200 x15:00204000
14150112ns          233188 1c00a1a2 01c7e703 p.elw            x14, 28(x15)        x14=00010000 x15:00204200  PA:0020421c
14150291ns          233197 1c00a1a6 00008067 jalr             x0, x1, 0            x1:1c0084be
14150350ns          233200 1c0084be 002007b7 lui              x15, 0x200000       x15=00200000
14150370ns          233201 1c0084c2 0187a703 lw               x14, 24(x15)        x14=00000000 x15:00200000  PA:00200018
14150549ns          233210 1c0084c4 00204a37 lui              x20, 0x204000       x20=00204000
14150569ns          233211 1c0084c8 020a0a13 addi             x20, x20, 32        x20=00204020 x20:00204000
14150589ns          233212 1c0084cc c0b74733 p.bset           x14, x14, 0, 11     x14=00000800 x14:00000000
14150967ns          233231 1c0084d0 00e7ac23 sw               x14, 24(x15)        x14:00000800 x15:00200000  PA:00200018
14151066ns          233236 1c0084d2 0187a703 lw               x14, 24(x15)        x14=00000800 x15:00200000  PA:00200018
14151205ns          233243 1c0084d4 012a0a33 add              x20, x20, x18       x20=00204025 x20:00204020 x18:00000005
14151225ns          233244 1c0084d6 007a1a13 slli             x20, x20, 0x7       x20=10201280 x20:00204025
14151245ns          233245 1c0084d8 c0874733 p.bset           x14, x14, 0, 8      x14=00000900 x14:00000800
14151265ns          233246 1c0084dc 00e7ac23 sw               x14, 24(x15)        x14:00000900 x15:00200000  PA:00200018
14151365ns          233251 1c0084de 0187a703 lw               x14, 24(x15)        x14=00000900 x15:00200000  PA:00200018
14151544ns          233260 1c0084e0 ce073733 p.bclr           x14, x14, 7, 0      x14=00000900 x14:00000900
14151563ns          233261 1c0084e4 00e7ac23 sw               x14, 24(x15)        x14:00000900 x15:00200000  PA:00200018
14151663ns          233266 1c0084e6 0187a703 lw               x14, 24(x15)        x14=00000900 x15:00200000  PA:00200018
14151842ns          233275 1c0084e8 c0374733 p.bset           x14, x14, 0, 3      x14=00000908 x14:00000900
14151862ns          233276 1c0084ec 00e7ac23 sw               x14, 24(x15)        x14:00000908 x15:00200000  PA:00200018
14152100ns          233288 1c0084ee 000a2a23 sw               x0, 20(x20)         x20:10201280  PA:10201294
14152240ns          233295 1c0084f2 004a2783 lw               x15, 4(x20)         x15=00000000 x20:10201280  PA:10201284
14152359ns          233301 1c0084f6 004a0613 addi             x12, x20, 4         x12=10201284 x20:10201280
14152379ns          233302 1c0084fa 0007dc63 bge              x15, x0, 24         x15:00000000
14153194ns          233343 1c008512 1c000537 lui              x10, 0x1c000000     x10=1c000000
14153214ns          233344 1c008516 04450513 addi             x10, x10, 68        x10=1c000044 x10:1c000000
14153234ns          233345 1c00851a f14025f3 csrrs            x11, x0, 0xf14      x11=00000005
14153672ns          233367 1c00851e f455b5b3 p.bclr           x11, x11, 26, 5     x11=00000005 x11:00000005
14153691ns          233368 1c008522 6d8000ef jal              x1, 1752             x1=1c008524
14153771ns          233372 1c008bfa fc010113 addi             x2, x2, -64          x2=10002f58  x2:10002f98
14153811ns          233374 1c008bfc 02410313 addi             x6, x2, 36           x6=10002f7c  x2:10002f58
14153870ns          233377 1c008c00 02c12423 sw               x12, 40(x2)         x12:10201284  x2:10002f58  PA:10002f80
14153890ns          233378 1c008c02 00a00633 add              x12, x0, x10        x12=1c000044 x10:1c000044
14153910ns          233379 1c008c04 1c009537 lui              x10, 0x1c009000     x10=1c009000
14153930ns          233380 1c008c08 02b12223 sw               x11, 36(x2)         x11:00000005  x2:10002f58  PA:10002f7c
14153950ns          233381 1c008c0a 02d12623 sw               x13, 44(x2)         x13:100042a0  x2:10002f58  PA:10002f84
14153970ns          233382 1c008c0c 00200593 addi             x11, x0, 2          x11=00000002
14153990ns          233383 1c008c0e 006006b3 add              x13, x0, x6         x13=10002f7c  x6:10002f7c
14154010ns          233384 1c008c10 bb650513 addi             x10, x10, -1098     x10=1c008bb6 x10:1c009000
14154049ns          233386 1c008c14 00112e23 sw               x1, 28(x2)           x1:1c008524  x2:10002f58  PA:10002f74
14154069ns          233387 1c008c16 02e12823 sw               x14, 48(x2)         x14:00000908  x2:10002f58  PA:10002f88
14154089ns          233388 1c008c18 02f12a23 sw               x15, 52(x2)         x15:00000000  x2:10002f58  PA:10002f8c
14154109ns          233389 1c008c1a 03012c23 sw               x16, 56(x2)         x16:01b2008a  x2:10002f58  PA:10002f90
14154129ns          233390 1c008c1c 03112e23 sw               x17, 60(x2)         x17:0c8a0c36  x2:10002f58  PA:10002f94
14154149ns          233391 1c008c1e 00612623 sw               x6, 12(x2)           x6:10002f7c  x2:10002f58  PA:10002f64
14154169ns          233392 1c008c20 fbfff0ef jal              x1, -66              x1=1c008c22
14154606ns          233414 1c008bde 04a0006f jal              x0, 74             
14154646ns          233416 1c008c28 ec010113 addi             x2, x2, -320         x2=10002e18  x2:10002f58
14154666ns          233417 1c008c2a 13312623 sw               x19, 300(x2)        x19:1c000dd0  x2:10002e18  PA:10002f44
14154726ns          233420 1c008c2e 12112e23 sw               x1, 316(x2)          x1:1c008c22  x2:10002e18  PA:10002f54
14154765ns          233422 1c008c32 12812c23 sw               x8, 312(x2)          x8:00000057  x2:10002e18  PA:10002f50
14154785ns          233423 1c008c36 12912a23 sw               x9, 308(x2)          x9:00000050  x2:10002e18  PA:10002f4c
14154805ns          233424 1c008c3a 13212823 sw               x18, 304(x2)        x18:00000005  x2:10002e18  PA:10002f48
14154865ns          233427 1c008c3e 13412423 sw               x20, 296(x2)        x20:10201280  x2:10002e18  PA:10002f40
14154905ns          233429 1c008c42 13512223 sw               x21, 292(x2)        x21:1c000a40  x2:10002e18  PA:10002f3c
14154924ns          233430 1c008c46 13612023 sw               x22, 288(x2)        x22:1c000a3c  x2:10002e18  PA:10002f38
14154944ns          233431 1c008c4a 11712e23 sw               x23, 284(x2)        x23:00000c36  x2:10002e18  PA:10002f34
14155004ns          233434 1c008c4e 11812c23 sw               x24, 280(x2)        x24:00000a77  x2:10002e18  PA:10002f30
14155044ns          233436 1c008c52 11912a23 sw               x25, 276(x2)        x25:1c000a38  x2:10002e18  PA:10002f2c
14155064ns          233437 1c008c56 11a12823 sw               x26, 272(x2)        x26:0a320000  x2:10002e18  PA:10002f28
14155084ns          233438 1c008c5a 11b12623 sw               x27, 268(x2)        x27:07110ae2  x2:10002e18  PA:10002f24
14155103ns          233439 1c008c5e 00c009b3 add              x19, x0, x12        x19=1c000044 x12:1c000044
14155501ns          233459 1c008c60 0019c78b p.lbu            x15, 1(x19!)        x15=00000045 x19=1c000045 x19:1c000044  PA:1c000044
14155819ns          233475 1c008c64 00d12c23 sw               x13, 24(x2)         x13:10002f7c  x2:10002e18  PA:10002e30
14155839ns          233476 1c008c66 6a0788e3 beq              x15, x0, 3760       x15:00000045
14155859ns          233477 1c008c6a 1c000737 lui              x14, 0x1c000000     x14=1c000000
14156078ns          233488 1c008c6e 0c472703 lw               x14, 196(x14)       x14=20202020 x14:1c000000  PA:1c0000c4
14156416ns          233505 1c008c72 03410d93 addi             x27, x2, 52         x27=10002e4c  x2:10002e18
14156436ns          233506 1c008c76 00a00cb3 add              x25, x0, x10        x25=1c008bb6 x10:1c008bb6
14156456ns          233507 1c008c78 02e12023 sw               x14, 32(x2)         x14:20202020  x2:10002e18  PA:10002e38
14156476ns          233508 1c008c7a 03610713 addi             x14, x2, 54         x14=10002e4e  x2:10002e18
14156516ns          233510 1c008c7e fff74713 xori             x14, x14, -1        x14=efffd1b1 x14:10002e4e
14156535ns          233511 1c008c82 02e12223 sw               x14, 36(x2)         x14:efffd1b1  x2:10002e18  PA:10002e3c
14156555ns          233512 1c008c84 fffdc713 xori             x14, x27, -1        x14=efffd1b3 x27:10002e4c
14156575ns          233513 1c008c88 00b004b3 add              x9, x0, x11          x9=00000002 x11:00000002
14156595ns          233514 1c008c8a 00000413 addi             x8, x0, 0            x8=00000000
14156615ns          233515 1c008c8c 1c000d37 lui              x26, 0x1c000000     x26=1c000000
14156675ns          233518 1c008c90 02e12423 sw               x14, 40(x2)         x14:efffd1b3  x2:10002e18  PA:10002e40
14156695ns          233519 1c008c92 01300a33 add              x20, x0, x19        x20=1c000045 x19:1c000045
14156714ns          233520 1c008c94 00f00533 add              x10, x0, x15        x10=00000045 x15:00000045
14156734ns          233521 1c008c96 02500793 addi             x15, x0, 37         x15=00000025
14156754ns          233522 1c008c9a 04f50763 beq              x10, x15, 78        x10:00000045 x15:00000025
14156774ns          233523 1c008c9e 009005b3 add              x11, x0, x9         x11=00000002  x9:00000002
14156814ns          233525 1c008ca0 000c80e7 jalr             x1, x25, 0           x1=1c008ca2 x25:1c008bb6
14156893ns          233529 1c008bb6 000026b7 lui              x13, 0x2000         x13=00002000
14156933ns          233531 1c008bb8 f8068693 addi             x13, x13, -128      x13=00001f80 x13:00002000
14156953ns          233532 1c008bbc f14027f3 csrrs            x15, x0, 0xf14      x15=00000005
14157013ns          233535 1c008bc0 00379713 slli             x14, x15, 0x3       x14=00000028 x15:00000005
14157052ns          233537 1c008bc4 00279793 slli             x15, x15, 0x2       x15=00000014 x15:00000005
14157072ns          233538 1c008bc6 00d7f7b3 and              x15, x15, x13       x15=00000000 x15:00000014 x13:00001f80
14157092ns          233539 1c008bc8 ee873733 p.bclr           x14, x14, 23, 8     x14=00000028 x14:00000028
14157112ns          233540 1c008bcc 1a10f6b7 lui              x13, 0x1a10f000     x13=1a10f000
14157152ns          233542 1c008bd0 00d70733 add              x14, x14, x13       x14=1a10f028 x14:00000028 x13:1a10f000
14157172ns          233543 1c008bd2 00e787b3 add              x15, x15, x14       x15=1a10f028 x15:00000000 x14:1a10f028
14157192ns          233544 1c008bd4 0ff57513 andi             x10, x10, 255       x10=00000045 x10:00000045
14157212ns          233545 1c008bd8 00a7a023 sw               x10, 0(x15)         x10:00000045 x15:1a10f028  PA:1a10f028
14157570ns          233563 1c008bda 00000513 addi             x10, x0, 0          x10=00000000
14157589ns          233564 1c008bdc 00008067 jalr             x0, x1, 0            x1:1c008ca2
14157689ns          233569 1c008ca2 4df52863 p.beqimm         x10, 1232           x10:00000000
14157709ns          233570 1c008ca6 00140413 addi             x8, x8, 1            x8=00000001  x8:00000000
14157729ns          233571 1c008ca8 001a450b p.lbu            x10, 1(x20!)        x10=0000006e x20=1c000046 x20:1c000045  PA:1c000045
14158047ns          233587 1c008cac fe0515e3 bne              x10, x0, -22        x10:0000006e
14158126ns          233591 1c008c96 02500793 addi             x15, x0, 37         x15=00000025
14158146ns          233592 1c008c9a 04f50763 beq              x10, x15, 78        x10:0000006e x15:00000025
14158166ns          233593 1c008c9e 009005b3 add              x11, x0, x9         x11=00000002  x9:00000002
14158186ns          233594 1c008ca0 000c80e7 jalr             x1, x25, 0           x1=1c008ca2 x25:1c008bb6
14158226ns          233596 1c008bb6 000026b7 lui              x13, 0x2000         x13=00002000
14158246ns          233597 1c008bb8 f8068693 addi             x13, x13, -128      x13=00001f80 x13:00002000
14158266ns          233598 1c008bbc f14027f3 csrrs            x15, x0, 0xf14      x15=00000005
14158286ns          233599 1c008bc0 00379713 slli             x14, x15, 0x3       x14=00000028 x15:00000005
14158305ns          233600 1c008bc4 00279793 slli             x15, x15, 0x2       x15=00000014 x15:00000005
14158325ns          233601 1c008bc6 00d7f7b3 and              x15, x15, x13       x15=00000000 x15:00000014 x13:00001f80
14158345ns          233602 1c008bc8 ee873733 p.bclr           x14, x14, 23, 8     x14=00000028 x14:00000028
14158365ns          233603 1c008bcc 1a10f6b7 lui              x13, 0x1a10f000     x13=1a10f000
14158385ns          233604 1c008bd0 00d70733 add              x14, x14, x13       x14=1a10f028 x14:00000028 x13:1a10f000
14158405ns          233605 1c008bd2 00e787b3 add              x15, x15, x14       x15=1a10f028 x15:00000000 x14:1a10f028
14158425ns          233606 1c008bd4 0ff57513 andi             x10, x10, 255       x10=0000006e x10:0000006e
14158445ns          233607 1c008bd8 00a7a023 sw               x10, 0(x15)         x10:0000006e x15:1a10f028  PA:1a10f028
14158862ns          233628 1c008bda 00000513 addi             x10, x0, 0          x10=00000000
14158882ns          233629 1c008bdc 00008067 jalr             x0, x1, 0            x1:1c008ca2
14158942ns          233632 1c008ca2 4df52863 p.beqimm         x10, 1232           x10:00000000
14158962ns          233633 1c008ca6 00140413 addi             x8, x8, 1            x8=00000002  x8:00000001
14158982ns          233634 1c008ca8 001a450b p.lbu            x10, 1(x20!)        x10=00000074 x20=1c000047 x20:1c000046  PA:1c000046
14159300ns          233650 1c008cac fe0515e3 bne              x10, x0, -22        x10:00000074
14159379ns          233654 1c008c96 02500793 addi             x15, x0, 37         x15=00000025
14159399ns          233655 1c008c9a 04f50763 beq              x10, x15, 78        x10:00000074 x15:00000025
14159419ns          233656 1c008c9e 009005b3 add              x11, x0, x9         x11=00000002  x9:00000002
14159439ns          233657 1c008ca0 000c80e7 jalr             x1, x25, 0           x1=1c008ca2 x25:1c008bb6
14159479ns          233659 1c008bb6 000026b7 lui              x13, 0x2000         x13=00002000
14159499ns          233660 1c008bb8 f8068693 addi             x13, x13, -128      x13=00001f80 x13:00002000
14159519ns          233661 1c008bbc f14027f3 csrrs            x15, x0, 0xf14      x15=00000005
14159538ns          233662 1c008bc0 00379713 slli             x14, x15, 0x3       x14=00000028 x15:00000005
14159558ns          233663 1c008bc4 00279793 slli             x15, x15, 0x2       x15=00000014 x15:00000005
14159578ns          233664 1c008bc6 00d7f7b3 and              x15, x15, x13       x15=00000000 x15:00000014 x13:00001f80
14159598ns          233665 1c008bc8 ee873733 p.bclr           x14, x14, 23, 8     x14=00000028 x14:00000028
14159618ns          233666 1c008bcc 1a10f6b7 lui              x13, 0x1a10f000     x13=1a10f000
14159638ns          233667 1c008bd0 00d70733 add              x14, x14, x13       x14=1a10f028 x14:00000028 x13:1a10f000
14159658ns          233668 1c008bd2 00e787b3 add              x15, x15, x14       x15=1a10f028 x15:00000000 x14:1a10f028
14159678ns          233669 1c008bd4 0ff57513 andi             x10, x10, 255       x10=00000074 x10:00000074
14159698ns          233670 1c008bd8 00a7a023 sw               x10, 0(x15)         x10:00000074 x15:1a10f028  PA:1a10f028
14160036ns          233687 1c008bda 00000513 addi             x10, x0, 0          x10=00000000
14160056ns          233688 1c008bdc 00008067 jalr             x0, x1, 0            x1:1c008ca2
14160115ns          233691 1c008ca2 4df52863 p.beqimm         x10, 1232           x10:00000000
14160135ns          233692 1c008ca6 00140413 addi             x8, x8, 1            x8=00000003  x8:00000002
14160155ns          233693 1c008ca8 001a450b p.lbu            x10, 1(x20!)        x10=00000065 x20=1c000048 x20:1c000047  PA:1c000047
14160473ns          233709 1c008cac fe0515e3 bne              x10, x0, -22        x10:00000065
14160553ns          233713 1c008c96 02500793 addi             x15, x0, 37         x15=00000025
14160573ns          233714 1c008c9a 04f50763 beq              x10, x15, 78        x10:00000065 x15:00000025
14160593ns          233715 1c008c9e 009005b3 add              x11, x0, x9         x11=00000002  x9:00000002
14160612ns          233716 1c008ca0 000c80e7 jalr             x1, x25, 0           x1=1c008ca2 x25:1c008bb6
14160652ns          233718 1c008bb6 000026b7 lui              x13, 0x2000         x13=00002000
14160672ns          233719 1c008bb8 f8068693 addi             x13, x13, -128      x13=00001f80 x13:00002000
14160692ns          233720 1c008bbc f14027f3 csrrs            x15, x0, 0xf14      x15=00000005
14160712ns          233721 1c008bc0 00379713 slli             x14, x15, 0x3       x14=00000028 x15:00000005
14160732ns          233722 1c008bc4 00279793 slli             x15, x15, 0x2       x15=00000014 x15:00000005
14160752ns          233723 1c008bc6 00d7f7b3 and              x15, x15, x13       x15=00000000 x15:00000014 x13:00001f80
14160772ns          233724 1c008bc8 ee873733 p.bclr           x14, x14, 23, 8     x14=00000028 x14:00000028
14160791ns          233725 1c008bcc 1a10f6b7 lui              x13, 0x1a10f000     x13=1a10f000
14160811ns          233726 1c008bd0 00d70733 add              x14, x14, x13       x14=1a10f028 x14:00000028 x13:1a10f000
14160831ns          233727 1c008bd2 00e787b3 add              x15, x15, x14       x15=1a10f028 x15:00000000 x14:1a10f028
14160851ns          233728 1c008bd4 0ff57513 andi             x10, x10, 255       x10=00000065 x10:00000065
14160871ns          233729 1c008bd8 00a7a023 sw               x10, 0(x15)         x10:00000065 x15:1a10f028  PA:1a10f028
14161209ns          233746 1c008bda 00000513 addi             x10, x0, 0          x10=00000000
14161229ns          233747 1c008bdc 00008067 jalr             x0, x1, 0            x1:1c008ca2
14161289ns          233750 1c008ca2 4df52863 p.beqimm         x10, 1232           x10:00000000
14161309ns          233751 1c008ca6 00140413 addi             x8, x8, 1            x8=00000004  x8:00000003
14161328ns          233752 1c008ca8 001a450b p.lbu            x10, 1(x20!)        x10=00000072 x20=1c000049 x20:1c000048  PA:1c000048
14161647ns          233768 1c008cac fe0515e3 bne              x10, x0, -22        x10:00000072
14161726ns          233772 1c008c96 02500793 addi             x15, x0, 37         x15=00000025
14161746ns          233773 1c008c9a 04f50763 beq              x10, x15, 78        x10:00000072 x15:00000025
14161766ns          233774 1c008c9e 009005b3 add              x11, x0, x9         x11=00000002  x9:00000002
14161786ns          233775 1c008ca0 000c80e7 jalr             x1, x25, 0           x1=1c008ca2 x25:1c008bb6
14161826ns          233777 1c008bb6 000026b7 lui              x13, 0x2000         x13=00002000
14161846ns          233778 1c008bb8 f8068693 addi             x13, x13, -128      x13=00001f80 x13:00002000
14161865ns          233779 1c008bbc f14027f3 csrrs            x15, x0, 0xf14      x15=00000005
14161885ns          233780 1c008bc0 00379713 slli             x14, x15, 0x3       x14=00000028 x15:00000005
14161905ns          233781 1c008bc4 00279793 slli             x15, x15, 0x2       x15=00000014 x15:00000005
14161925ns          233782 1c008bc6 00d7f7b3 and              x15, x15, x13       x15=00000000 x15:00000014 x13:00001f80
14161945ns          233783 1c008bc8 ee873733 p.bclr           x14, x14, 23, 8     x14=00000028 x14:00000028
14161965ns          233784 1c008bcc 1a10f6b7 lui              x13, 0x1a10f000     x13=1a10f000
14161985ns          233785 1c008bd0 00d70733 add              x14, x14, x13       x14=1a10f028 x14:00000028 x13:1a10f000
14162005ns          233786 1c008bd2 00e787b3 add              x15, x15, x14       x15=1a10f028 x15:00000000 x14:1a10f028
14162024ns          233787 1c008bd4 0ff57513 andi             x10, x10, 255       x10=00000072 x10:00000072
14162044ns          233788 1c008bd8 00a7a023 sw               x10, 0(x15)         x10:00000072 x15:1a10f028  PA:1a10f028
14162363ns          233804 1c008bda 00000513 addi             x10, x0, 0          x10=00000000
14162382ns          233805 1c008bdc 00008067 jalr             x0, x1, 0            x1:1c008ca2
14162442ns          233808 1c008ca2 4df52863 p.beqimm         x10, 1232           x10:00000000
14162462ns          233809 1c008ca6 00140413 addi             x8, x8, 1            x8=00000005  x8:00000004
14162482ns          233810 1c008ca8 001a450b p.lbu            x10, 1(x20!)        x10=00000065 x20=1c00004a x20:1c000049  PA:1c000049
14162800ns          233826 1c008cac fe0515e3 bne              x10, x0, -22        x10:00000065
14162880ns          233830 1c008c96 02500793 addi             x15, x0, 37         x15=00000025
14162900ns          233831 1c008c9a 04f50763 beq              x10, x15, 78        x10:00000065 x15:00000025
14162919ns          233832 1c008c9e 009005b3 add              x11, x0, x9         x11=00000002  x9:00000002
14162939ns          233833 1c008ca0 000c80e7 jalr             x1, x25, 0           x1=1c008ca2 x25:1c008bb6
14162979ns          233835 1c008bb6 000026b7 lui              x13, 0x2000         x13=00002000
14162999ns          233836 1c008bb8 f8068693 addi             x13, x13, -128      x13=00001f80 x13:00002000
14163019ns          233837 1c008bbc f14027f3 csrrs            x15, x0, 0xf14      x15=00000005
14163039ns          233838 1c008bc0 00379713 slli             x14, x15, 0x3       x14=00000028 x15:00000005
14163059ns          233839 1c008bc4 00279793 slli             x15, x15, 0x2       x15=00000014 x15:00000005
14163079ns          233840 1c008bc6 00d7f7b3 and              x15, x15, x13       x15=00000000 x15:00000014 x13:00001f80
14163098ns          233841 1c008bc8 ee873733 p.bclr           x14, x14, 23, 8     x14=00000028 x14:00000028
14163118ns          233842 1c008bcc 1a10f6b7 lui              x13, 0x1a10f000     x13=1a10f000
14163138ns          233843 1c008bd0 00d70733 add              x14, x14, x13       x14=1a10f028 x14:00000028 x13:1a10f000
14163158ns          233844 1c008bd2 00e787b3 add              x15, x15, x14       x15=1a10f028 x15:00000000 x14:1a10f028
14163178ns          233845 1c008bd4 0ff57513 andi             x10, x10, 255       x10=00000065 x10:00000065
14163198ns          233846 1c008bd8 00a7a023 sw               x10, 0(x15)         x10:00000065 x15:1a10f028  PA:1a10f028
14163516ns          233862 1c008bda 00000513 addi             x10, x0, 0          x10=00000000
14163536ns          233863 1c008bdc 00008067 jalr             x0, x1, 0            x1:1c008ca2
14163596ns          233866 1c008ca2 4df52863 p.beqimm         x10, 1232           x10:00000000
14163616ns          233867 1c008ca6 00140413 addi             x8, x8, 1            x8=00000006  x8:00000005
14163635ns          233868 1c008ca8 001a450b p.lbu            x10, 1(x20!)        x10=00000064 x20=1c00004b x20:1c00004a  PA:1c00004a
14163974ns          233885 1c008cac fe0515e3 bne              x10, x0, -22        x10:00000064
14164053ns          233889 1c008c96 02500793 addi             x15, x0, 37         x15=00000025
14164073ns          233890 1c008c9a 04f50763 beq              x10, x15, 78        x10:00000064 x15:00000025
14164093ns          233891 1c008c9e 009005b3 add              x11, x0, x9         x11=00000002  x9:00000002
14164113ns          233892 1c008ca0 000c80e7 jalr             x1, x25, 0           x1=1c008ca2 x25:1c008bb6
14164153ns          233894 1c008bb6 000026b7 lui              x13, 0x2000         x13=00002000
14164172ns          233895 1c008bb8 f8068693 addi             x13, x13, -128      x13=00001f80 x13:00002000
14164192ns          233896 1c008bbc f14027f3 csrrs            x15, x0, 0xf14      x15=00000005
14164212ns          233897 1c008bc0 00379713 slli             x14, x15, 0x3       x14=00000028 x15:00000005
14164232ns          233898 1c008bc4 00279793 slli             x15, x15, 0x2       x15=00000014 x15:00000005
14164252ns          233899 1c008bc6 00d7f7b3 and              x15, x15, x13       x15=00000000 x15:00000014 x13:00001f80
14164272ns          233900 1c008bc8 ee873733 p.bclr           x14, x14, 23, 8     x14=00000028 x14:00000028
14164292ns          233901 1c008bcc 1a10f6b7 lui              x13, 0x1a10f000     x13=1a10f000
14164312ns          233902 1c008bd0 00d70733 add              x14, x14, x13       x14=1a10f028 x14:00000028 x13:1a10f000
14164332ns          233903 1c008bd2 00e787b3 add              x15, x15, x14       x15=1a10f028 x15:00000000 x14:1a10f028
14164351ns          233904 1c008bd4 0ff57513 andi             x10, x10, 255       x10=00000064 x10:00000064
14164371ns          233905 1c008bd8 00a7a023 sw               x10, 0(x15)         x10:00000064 x15:1a10f028  PA:1a10f028
14164689ns          233921 1c008bda 00000513 addi             x10, x0, 0          x10=00000000
14164709ns          233922 1c008bdc 00008067 jalr             x0, x1, 0            x1:1c008ca2
14164769ns          233925 1c008ca2 4df52863 p.beqimm         x10, 1232           x10:00000000
14164789ns          233926 1c008ca6 00140413 addi             x8, x8, 1            x8=00000007  x8:00000006
14164809ns          233927 1c008ca8 001a450b p.lbu            x10, 1(x20!)        x10=00000020 x20=1c00004c x20:1c00004b  PA:1c00004b
14165127ns          233943 1c008cac fe0515e3 bne              x10, x0, -22        x10:00000020
14165207ns          233947 1c008c96 02500793 addi             x15, x0, 37         x15=00000025
14165226ns          233948 1c008c9a 04f50763 beq              x10, x15, 78        x10:00000020 x15:00000025
14165246ns          233949 1c008c9e 009005b3 add              x11, x0, x9         x11=00000002  x9:00000002
14165266ns          233950 1c008ca0 000c80e7 jalr             x1, x25, 0           x1=1c008ca2 x25:1c008bb6
14165306ns          233952 1c008bb6 000026b7 lui              x13, 0x2000         x13=00002000
14165326ns          233953 1c008bb8 f8068693 addi             x13, x13, -128      x13=00001f80 x13:00002000
14165346ns          233954 1c008bbc f14027f3 csrrs            x15, x0, 0xf14      x15=00000005
14165366ns          233955 1c008bc0 00379713 slli             x14, x15, 0x3       x14=00000028 x15:00000005
14165386ns          233956 1c008bc4 00279793 slli             x15, x15, 0x2       x15=00000014 x15:00000005
14165405ns          233957 1c008bc6 00d7f7b3 and              x15, x15, x13       x15=00000000 x15:00000014 x13:00001f80
14165425ns          233958 1c008bc8 ee873733 p.bclr           x14, x14, 23, 8     x14=00000028 x14:00000028
14165445ns          233959 1c008bcc 1a10f6b7 lui              x13, 0x1a10f000     x13=1a10f000
14165465ns          233960 1c008bd0 00d70733 add              x14, x14, x13       x14=1a10f028 x14:00000028 x13:1a10f000
14165485ns          233961 1c008bd2 00e787b3 add              x15, x15, x14       x15=1a10f028 x15:00000000 x14:1a10f028
14165505ns          233962 1c008bd4 0ff57513 andi             x10, x10, 255       x10=00000020 x10:00000020
14165525ns          233963 1c008bd8 00a7a023 sw               x10, 0(x15)         x10:00000020 x15:1a10f028  PA:1a10f028
14165843ns          233979 1c008bda 00000513 addi             x10, x0, 0          x10=00000000
14165863ns          233980 1c008bdc 00008067 jalr             x0, x1, 0            x1:1c008ca2
14165923ns          233983 1c008ca2 4df52863 p.beqimm         x10, 1232           x10:00000000
14165942ns          233984 1c008ca6 00140413 addi             x8, x8, 1            x8=00000008  x8:00000007
14165962ns          233985 1c008ca8 001a450b p.lbu            x10, 1(x20!)        x10=00000063 x20=1c00004d x20:1c00004c  PA:1c00004c
14166281ns          234001 1c008cac fe0515e3 bne              x10, x0, -22        x10:00000063
14166360ns          234005 1c008c96 02500793 addi             x15, x0, 37         x15=00000025
14166380ns          234006 1c008c9a 04f50763 beq              x10, x15, 78        x10:00000063 x15:00000025
14166400ns          234007 1c008c9e 009005b3 add              x11, x0, x9         x11=00000002  x9:00000002
14166420ns          234008 1c008ca0 000c80e7 jalr             x1, x25, 0           x1=1c008ca2 x25:1c008bb6
14166460ns          234010 1c008bb6 000026b7 lui              x13, 0x2000         x13=00002000
14166479ns          234011 1c008bb8 f8068693 addi             x13, x13, -128      x13=00001f80 x13:00002000
14166499ns          234012 1c008bbc f14027f3 csrrs            x15, x0, 0xf14      x15=00000005
14166519ns          234013 1c008bc0 00379713 slli             x14, x15, 0x3       x14=00000028 x15:00000005
14166539ns          234014 1c008bc4 00279793 slli             x15, x15, 0x2       x15=00000014 x15:00000005
14166559ns          234015 1c008bc6 00d7f7b3 and              x15, x15, x13       x15=00000000 x15:00000014 x13:00001f80
14166579ns          234016 1c008bc8 ee873733 p.bclr           x14, x14, 23, 8     x14=00000028 x14:00000028
14166599ns          234017 1c008bcc 1a10f6b7 lui              x13, 0x1a10f000     x13=1a10f000
14166619ns          234018 1c008bd0 00d70733 add              x14, x14, x13       x14=1a10f028 x14:00000028 x13:1a10f000
14166639ns          234019 1c008bd2 00e787b3 add              x15, x15, x14       x15=1a10f028 x15:00000000 x14:1a10f028
14166658ns          234020 1c008bd4 0ff57513 andi             x10, x10, 255       x10=00000063 x10:00000063
14166678ns          234021 1c008bd8 00a7a023 sw               x10, 0(x15)         x10:00000063 x15:1a10f028  PA:1a10f028
14166996ns          234037 1c008bda 00000513 addi             x10, x0, 0          x10=00000000
14167016ns          234038 1c008bdc 00008067 jalr             x0, x1, 0            x1:1c008ca2
14167076ns          234041 1c008ca2 4df52863 p.beqimm         x10, 1232           x10:00000000
14167096ns          234042 1c008ca6 00140413 addi             x8, x8, 1            x8=00000009  x8:00000008
14167116ns          234043 1c008ca8 001a450b p.lbu            x10, 1(x20!)        x10=0000006f x20=1c00004e x20:1c00004d  PA:1c00004d
14167454ns          234060 1c008cac fe0515e3 bne              x10, x0, -22        x10:0000006f
14167533ns          234064 1c008c96 02500793 addi             x15, x0, 37         x15=00000025
14167553ns          234065 1c008c9a 04f50763 beq              x10, x15, 78        x10:0000006f x15:00000025
14167573ns          234066 1c008c9e 009005b3 add              x11, x0, x9         x11=00000002  x9:00000002
14167593ns          234067 1c008ca0 000c80e7 jalr             x1, x25, 0           x1=1c008ca2 x25:1c008bb6
14167633ns          234069 1c008bb6 000026b7 lui              x13, 0x2000         x13=00002000
14167653ns          234070 1c008bb8 f8068693 addi             x13, x13, -128      x13=00001f80 x13:00002000
14167673ns          234071 1c008bbc f14027f3 csrrs            x15, x0, 0xf14      x15=00000005
14167693ns          234072 1c008bc0 00379713 slli             x14, x15, 0x3       x14=00000028 x15:00000005
14167712ns          234073 1c008bc4 00279793 slli             x15, x15, 0x2       x15=00000014 x15:00000005
14167732ns          234074 1c008bc6 00d7f7b3 and              x15, x15, x13       x15=00000000 x15:00000014 x13:00001f80
14167752ns          234075 1c008bc8 ee873733 p.bclr           x14, x14, 23, 8     x14=00000028 x14:00000028
14167772ns          234076 1c008bcc 1a10f6b7 lui              x13, 0x1a10f000     x13=1a10f000
14167792ns          234077 1c008bd0 00d70733 add              x14, x14, x13       x14=1a10f028 x14:00000028 x13:1a10f000
14167812ns          234078 1c008bd2 00e787b3 add              x15, x15, x14       x15=1a10f028 x15:00000000 x14:1a10f028
14167832ns          234079 1c008bd4 0ff57513 andi             x10, x10, 255       x10=0000006f x10:0000006f
14167852ns          234080 1c008bd8 00a7a023 sw               x10, 0(x15)         x10:0000006f x15:1a10f028  PA:1a10f028
14168170ns          234096 1c008bda 00000513 addi             x10, x0, 0          x10=00000000
14168190ns          234097 1c008bdc 00008067 jalr             x0, x1, 0            x1:1c008ca2
14168249ns          234100 1c008ca2 4df52863 p.beqimm         x10, 1232           x10:00000000
14168269ns          234101 1c008ca6 00140413 addi             x8, x8, 1            x8=0000000a  x8:00000009
14168289ns          234102 1c008ca8 001a450b p.lbu            x10, 1(x20!)        x10=00000072 x20=1c00004f x20:1c00004e  PA:1c00004e
14168607ns          234118 1c008cac fe0515e3 bne              x10, x0, -22        x10:00000072
14168687ns          234122 1c008c96 02500793 addi             x15, x0, 37         x15=00000025
14168707ns          234123 1c008c9a 04f50763 beq              x10, x15, 78        x10:00000072 x15:00000025
14168727ns          234124 1c008c9e 009005b3 add              x11, x0, x9         x11=00000002  x9:00000002
14168747ns          234125 1c008ca0 000c80e7 jalr             x1, x25, 0           x1=1c008ca2 x25:1c008bb6
14168786ns          234127 1c008bb6 000026b7 lui              x13, 0x2000         x13=00002000
14168806ns          234128 1c008bb8 f8068693 addi             x13, x13, -128      x13=00001f80 x13:00002000
14168826ns          234129 1c008bbc f14027f3 csrrs            x15, x0, 0xf14      x15=00000005
14168846ns          234130 1c008bc0 00379713 slli             x14, x15, 0x3       x14=00000028 x15:00000005
14168866ns          234131 1c008bc4 00279793 slli             x15, x15, 0x2       x15=00000014 x15:00000005
14168886ns          234132 1c008bc6 00d7f7b3 and              x15, x15, x13       x15=00000000 x15:00000014 x13:00001f80
14168906ns          234133 1c008bc8 ee873733 p.bclr           x14, x14, 23, 8     x14=00000028 x14:00000028
14168926ns          234134 1c008bcc 1a10f6b7 lui              x13, 0x1a10f000     x13=1a10f000
14168946ns          234135 1c008bd0 00d70733 add              x14, x14, x13       x14=1a10f028 x14:00000028 x13:1a10f000
14168965ns          234136 1c008bd2 00e787b3 add              x15, x15, x14       x15=1a10f028 x15:00000000 x14:1a10f028
14168985ns          234137 1c008bd4 0ff57513 andi             x10, x10, 255       x10=00000072 x10:00000072
14169005ns          234138 1c008bd8 00a7a023 sw               x10, 0(x15)         x10:00000072 x15:1a10f028  PA:1a10f028
14169323ns          234154 1c008bda 00000513 addi             x10, x0, 0          x10=00000000
14169343ns          234155 1c008bdc 00008067 jalr             x0, x1, 0            x1:1c008ca2
14169403ns          234158 1c008ca2 4df52863 p.beqimm         x10, 1232           x10:00000000
14169423ns          234159 1c008ca6 00140413 addi             x8, x8, 1            x8=0000000b  x8:0000000a
14169443ns          234160 1c008ca8 001a450b p.lbu            x10, 1(x20!)        x10=00000065 x20=1c000050 x20:1c00004f  PA:1c00004f
14169761ns          234176 1c008cac fe0515e3 bne              x10, x0, -22        x10:00000065
14169840ns          234180 1c008c96 02500793 addi             x15, x0, 37         x15=00000025
14169860ns          234181 1c008c9a 04f50763 beq              x10, x15, 78        x10:00000065 x15:00000025
14169880ns          234182 1c008c9e 009005b3 add              x11, x0, x9         x11=00000002  x9:00000002
14169900ns          234183 1c008ca0 000c80e7 jalr             x1, x25, 0           x1=1c008ca2 x25:1c008bb6
14169940ns          234185 1c008bb6 000026b7 lui              x13, 0x2000         x13=00002000
14169960ns          234186 1c008bb8 f8068693 addi             x13, x13, -128      x13=00001f80 x13:00002000
14169980ns          234187 1c008bbc f14027f3 csrrs            x15, x0, 0xf14      x15=00000005
14170000ns          234188 1c008bc0 00379713 slli             x14, x15, 0x3       x14=00000028 x15:00000005
14170019ns          234189 1c008bc4 00279793 slli             x15, x15, 0x2       x15=00000014 x15:00000005
14170039ns          234190 1c008bc6 00d7f7b3 and              x15, x15, x13       x15=00000000 x15:00000014 x13:00001f80
14170059ns          234191 1c008bc8 ee873733 p.bclr           x14, x14, 23, 8     x14=00000028 x14:00000028
14170079ns          234192 1c008bcc 1a10f6b7 lui              x13, 0x1a10f000     x13=1a10f000
14170099ns          234193 1c008bd0 00d70733 add              x14, x14, x13       x14=1a10f028 x14:00000028 x13:1a10f000
14170119ns          234194 1c008bd2 00e787b3 add              x15, x15, x14       x15=1a10f028 x15:00000000 x14:1a10f028
14170139ns          234195 1c008bd4 0ff57513 andi             x10, x10, 255       x10=00000065 x10:00000065
14170159ns          234196 1c008bd8 00a7a023 sw               x10, 0(x15)         x10:00000065 x15:1a10f028  PA:1a10f028
14170497ns          234213 1c008bda 00000513 addi             x10, x0, 0          x10=00000000
14170517ns          234214 1c008bdc 00008067 jalr             x0, x1, 0            x1:1c008ca2
14170576ns          234217 1c008ca2 4df52863 p.beqimm         x10, 1232           x10:00000000
14170596ns          234218 1c008ca6 00140413 addi             x8, x8, 1            x8=0000000c  x8:0000000b
14170616ns          234219 1c008ca8 001a450b p.lbu            x10, 1(x20!)        x10=00000020 x20=1c000051 x20:1c000050  PA:1c000050
14170974ns          234237 1c008cac fe0515e3 bne              x10, x0, -22        x10:00000020
14171054ns          234241 1c008c96 02500793 addi             x15, x0, 37         x15=00000025
14171074ns          234242 1c008c9a 04f50763 beq              x10, x15, 78        x10:00000020 x15:00000025
14171093ns          234243 1c008c9e 009005b3 add              x11, x0, x9         x11=00000002  x9:00000002
14171113ns          234244 1c008ca0 000c80e7 jalr             x1, x25, 0           x1=1c008ca2 x25:1c008bb6
14171153ns          234246 1c008bb6 000026b7 lui              x13, 0x2000         x13=00002000
14171173ns          234247 1c008bb8 f8068693 addi             x13, x13, -128      x13=00001f80 x13:00002000
14171193ns          234248 1c008bbc f14027f3 csrrs            x15, x0, 0xf14      x15=00000005
14171213ns          234249 1c008bc0 00379713 slli             x14, x15, 0x3       x14=00000028 x15:00000005
14171233ns          234250 1c008bc4 00279793 slli             x15, x15, 0x2       x15=00000014 x15:00000005
14171253ns          234251 1c008bc6 00d7f7b3 and              x15, x15, x13       x15=00000000 x15:00000014 x13:00001f80
14171272ns          234252 1c008bc8 ee873733 p.bclr           x14, x14, 23, 8     x14=00000028 x14:00000028
14171292ns          234253 1c008bcc 1a10f6b7 lui              x13, 0x1a10f000     x13=1a10f000
14171312ns          234254 1c008bd0 00d70733 add              x14, x14, x13       x14=1a10f028 x14:00000028 x13:1a10f000
14171332ns          234255 1c008bd2 00e787b3 add              x15, x15, x14       x15=1a10f028 x15:00000000 x14:1a10f028
14171352ns          234256 1c008bd4 0ff57513 andi             x10, x10, 255       x10=00000020 x10:00000020
14171372ns          234257 1c008bd8 00a7a023 sw               x10, 0(x15)         x10:00000020 x15:1a10f028  PA:1a10f028
14171690ns          234273 1c008bda 00000513 addi             x10, x0, 0          x10=00000000
14171710ns          234274 1c008bdc 00008067 jalr             x0, x1, 0            x1:1c008ca2
14171770ns          234277 1c008ca2 4df52863 p.beqimm         x10, 1232           x10:00000000
14171790ns          234278 1c008ca6 00140413 addi             x8, x8, 1            x8=0000000d  x8:0000000c
14171809ns          234279 1c008ca8 001a450b p.lbu            x10, 1(x20!)        x10=00000020 x20=1c000052 x20:1c000051  PA:1c000051
14172128ns          234295 1c008cac fe0515e3 bne              x10, x0, -22        x10:00000020
14172207ns          234299 1c008c96 02500793 addi             x15, x0, 37         x15=00000025
14172227ns          234300 1c008c9a 04f50763 beq              x10, x15, 78        x10:00000020 x15:00000025
14172247ns          234301 1c008c9e 009005b3 add              x11, x0, x9         x11=00000002  x9:00000002
14172267ns          234302 1c008ca0 000c80e7 jalr             x1, x25, 0           x1=1c008ca2 x25:1c008bb6
14172307ns          234304 1c008bb6 000026b7 lui              x13, 0x2000         x13=00002000
14172326ns          234305 1c008bb8 f8068693 addi             x13, x13, -128      x13=00001f80 x13:00002000
14172346ns          234306 1c008bbc f14027f3 csrrs            x15, x0, 0xf14      x15=00000005
14172366ns          234307 1c008bc0 00379713 slli             x14, x15, 0x3       x14=00000028 x15:00000005
14172386ns          234308 1c008bc4 00279793 slli             x15, x15, 0x2       x15=00000014 x15:00000005
14172406ns          234309 1c008bc6 00d7f7b3 and              x15, x15, x13       x15=00000000 x15:00000014 x13:00001f80
14172426ns          234310 1c008bc8 ee873733 p.bclr           x14, x14, 23, 8     x14=00000028 x14:00000028
14172446ns          234311 1c008bcc 1a10f6b7 lui              x13, 0x1a10f000     x13=1a10f000
14172466ns          234312 1c008bd0 00d70733 add              x14, x14, x13       x14=1a10f028 x14:00000028 x13:1a10f000
14172486ns          234313 1c008bd2 00e787b3 add              x15, x15, x14       x15=1a10f028 x15:00000000 x14:1a10f028
14172505ns          234314 1c008bd4 0ff57513 andi             x10, x10, 255       x10=00000020 x10:00000020
14172525ns          234315 1c008bd8 00a7a023 sw               x10, 0(x15)         x10:00000020 x15:1a10f028  PA:1a10f028
14172844ns          234331 1c008bda 00000513 addi             x10, x0, 0          x10=00000000
14172863ns          234332 1c008bdc 00008067 jalr             x0, x1, 0            x1:1c008ca2
14172923ns          234335 1c008ca2 4df52863 p.beqimm         x10, 1232           x10:00000000
14172943ns          234336 1c008ca6 00140413 addi             x8, x8, 1            x8=0000000e  x8:0000000d
14172963ns          234337 1c008ca8 001a450b p.lbu            x10, 1(x20!)        x10=00000025 x20=1c000053 x20:1c000052  PA:1c000052
14173301ns          234354 1c008cac fe0515e3 bne              x10, x0, -22        x10:00000025
14173381ns          234358 1c008c96 02500793 addi             x15, x0, 37         x15=00000025
14173400ns          234359 1c008c9a 04f50763 beq              x10, x15, 78        x10:00000025 x15:00000025
14173500ns          234364 1c008ce8 01400c33 add              x24, x0, x20        x24=1c000053 x20:1c000053
14173540ns          234366 1c008cea 000c4a03 lbu              x20, 0(x24)         x20=00000064 x24:1c000053  PA:1c000053
14173858ns          234382 1c008cee 0b4d0513 addi             x10, x26, 180       x10=1c0000b4 x26:1c000000
14173878ns          234383 1c008cf2 00912e23 sw               x9, 28(x2)           x9:00000002  x2:10002e18  PA:10002e34
14173898ns          234384 1c008cf4 014005b3 add              x11, x0, x20        x11=00000064 x20:00000064
14173918ns          234385 1c008cf6 00012823 sw               x0, 16(x2)           x2:10002e18  PA:10002e28
14173937ns          234386 1c008cf8 00012a23 sw               x0, 20(x2)           x2:10002e18  PA:10002e2c
14173957ns          234387 1c008cfa 00012623 sw               x0, 12(x2)           x2:10002e18  PA:10002e24
14173977ns          234388 1c008cfc 001c0493 addi             x9, x24, 1           x9=1c000054 x24:1c000053
14173997ns          234389 1c008d00 e41ff0ef jal              x1, -448             x1=1c008d02
14174077ns          234393 1c008b40 00054703 lbu              x14, 0(x10)         x14=0000002d x10:1c0000b4  PA:1c0000b4
14174395ns          234409 1c008b44 0ff5f593 andi             x11, x11, 255       x11=00000064 x11:00000064
14174415ns          234410 1c008b48 00a007b3 add              x15, x0, x10        x15=1c0000b4 x10:1c0000b4
14174435ns          234411 1c008b4a 00b70863 beq              x14, x11, 16        x14:0000002d x11:00000064
14174454ns          234412 1c008b4e 00070863 beq              x14, x0, 16         x14:0000002d
14174474ns          234413 1c008b50 0017c703 lbu              x14, 1(x15)         x14=0000002b x15:1c0000b4  PA:1c0000b5
14174793ns          234429 1c008b54 00178793 addi             x15, x15, 1         x15=1c0000b5 x15:1c0000b4
14174812ns          234430 1c008b56 feb71ce3 bne              x14, x11, -8        x14:0000002b x11:00000064
14174872ns          234433 1c008b4e 00070863 beq              x14, x0, 16         x14:0000002b
14174892ns          234434 1c008b50 0017c703 lbu              x14, 1(x15)         x14=00000020 x15:1c0000b5  PA:1c0000b6
14175190ns          234449 1c008b54 00178793 addi             x15, x15, 1         x15=1c0000b6 x15:1c0000b5
14175210ns          234450 1c008b56 feb71ce3 bne              x14, x11, -8        x14:00000020 x11:00000064
14175270ns          234453 1c008b4e 00070863 beq              x14, x0, 16         x14:00000020
14175290ns          234454 1c008b50 0017c703 lbu              x14, 1(x15)         x14=00000023 x15:1c0000b6  PA:1c0000b7
14175588ns          234469 1c008b54 00178793 addi             x15, x15, 1         x15=1c0000b7 x15:1c0000b6
14175608ns          234470 1c008b56 feb71ce3 bne              x14, x11, -8        x14:00000023 x11:00000064
14175668ns          234473 1c008b4e 00070863 beq              x14, x0, 16         x14:00000023
14175688ns          234474 1c008b50 0017c703 lbu              x14, 1(x15)         x14=00000030 x15:1c0000b7  PA:1c0000b8
14175986ns          234489 1c008b54 00178793 addi             x15, x15, 1         x15=1c0000b8 x15:1c0000b7
14176006ns          234490 1c008b56 feb71ce3 bne              x14, x11, -8        x14:00000030 x11:00000064
14176065ns          234493 1c008b4e 00070863 beq              x14, x0, 16         x14:00000030
14176085ns          234494 1c008b50 0017c703 lbu              x14, 1(x15)         x14=00000000 x15:1c0000b8  PA:1c0000b9
14176384ns          234509 1c008b54 00178793 addi             x15, x15, 1         x15=1c0000b9 x15:1c0000b8
14176404ns          234510 1c008b56 feb71ce3 bne              x14, x11, -8        x14:00000000 x11:00000064
14176463ns          234513 1c008b4e 00070863 beq              x14, x0, 16         x14:00000000
14176523ns          234516 1c008b5e 00000513 addi             x10, x0, 0          x10=00000000
14176543ns          234517 1c008b60 fe058de3 beq              x11, x0, -6         x11:00000064
14176563ns          234518 1c008b62 00008067 jalr             x0, x1, 0            x1:1c008d02
14176622ns          234521 1c008d02 02000913 addi             x18, x0, 32         x18=00000020
14176642ns          234522 1c008d06 00000993 addi             x19, x0, 0          x19=00000000
14176662ns          234523 1c008d08 02b00a93 addi             x21, x0, 43         x21=0000002b
14176682ns          234524 1c008d0c 02d00b93 addi             x23, x0, 45         x23=0000002d
14177020ns          234541 1c008d10 03000b13 addi             x22, x0, 48         x22=00000030
14177060ns          234543 1c008d14 00900633 add              x12, x0, x9         x12=1c000054  x9:1c000054
14177080ns          234544 1c008d16 02050963 beq              x10, x0, 50         x10:00000000
14177239ns          234552 1c008d48 03312623 sw               x19, 44(x2)         x19:00000000  x2:10002e18  PA:10002e44
14177279ns          234554 1c008d4a 02a00693 addi             x13, x0, 42         x13=0000002a
14177298ns          234555 1c008d4e 014009b3 add              x19, x0, x20        x19=00000064 x20:00000064
14177338ns          234557 1c008d50 01800a33 add              x20, x0, x24        x20=1c000053 x24:1c000053
14177358ns          234558 1c008d52 00900c33 add              x24, x0, x9         x24=1c000054  x9:1c000054
14177378ns          234559 1c008d54 01c12483 lw               x9, 28(x2)           x9=00000002  x2:10002e18  PA:10002e34
14177398ns          234560 1c008d56 42d98063 beq              x19, x13, 1056      x19:00000064 x13:0000002a
14177418ns          234561 1c008d5a fd098693 addi             x13, x19, -48       x13=00000034 x19:00000064
14177438ns          234562 1c008d5e 00900513 addi             x10, x0, 9          x10=00000009
14177477ns          234564 1c008d60 00000a93 addi             x21, x0, 0          x21=00000000
14177517ns          234566 1c008d62 3cd57f63 bgeu             x10, x13, 990       x10:00000009 x13:00000034
14177537ns          234567 1c008d66 02e00793 addi             x15, x0, 46         x15=0000002e
14177557ns          234568 1c008d6a fff00b13 addi             x22, x0, -1         x22=ffffffff
14177577ns          234569 1c008d6c 04f981e3 beq              x19, x15, 2114      x19:00000064 x15:0000002e
14177617ns          234571 1c008d70 1c0007b7 lui              x15, 0x1c000000     x15=1c000000
14177656ns          234573 1c008d74 013005b3 add              x11, x0, x19        x11=00000064 x19:00000064
14177676ns          234574 1c008d76 0bc78513 addi             x10, x15, 188       x10=1c0000bc x15:1c000000
14177696ns          234575 1c008d7a 00c12e23 sw               x12, 28(x2)         x12:1c000054  x2:10002e18  PA:10002e34
14177716ns          234576 1c008d7c dc5ff0ef jal              x1, -572             x1=1c008d7e
14177835ns          234582 1c008b40 00054703 lbu              x14, 0(x10)         x14=00000068 x10:1c0000bc  PA:1c0000bc
14178154ns          234598 1c008b44 0ff5f593 andi             x11, x11, 255       x11=00000064 x11:00000064
14178174ns          234599 1c008b48 00a007b3 add              x15, x0, x10        x15=1c0000bc x10:1c0000bc
14178193ns          234600 1c008b4a 00b70863 beq              x14, x11, 16        x14:00000068 x11:00000064
14178213ns          234601 1c008b4e 00070863 beq              x14, x0, 16         x14:00000068
14178233ns          234602 1c008b50 0017c703 lbu              x14, 1(x15)         x14=0000006c x15:1c0000bc  PA:1c0000bd
14178591ns          234620 1c008b54 00178793 addi             x15, x15, 1         x15=1c0000bd x15:1c0000bc
14178611ns          234621 1c008b56 feb71ce3 bne              x14, x11, -8        x14:0000006c x11:00000064
14178671ns          234624 1c008b4e 00070863 beq              x14, x0, 16         x14:0000006c
14178691ns          234625 1c008b50 0017c703 lbu              x14, 1(x15)         x14=0000004c x15:1c0000bd  PA:1c0000be
14178989ns          234640 1c008b54 00178793 addi             x15, x15, 1         x15=1c0000be x15:1c0000bd
14179009ns          234641 1c008b56 feb71ce3 bne              x14, x11, -8        x14:0000004c x11:00000064
14179069ns          234644 1c008b4e 00070863 beq              x14, x0, 16         x14:0000004c
14179088ns          234645 1c008b50 0017c703 lbu              x14, 1(x15)         x14=0000007a x15:1c0000be  PA:1c0000bf
14179387ns          234660 1c008b54 00178793 addi             x15, x15, 1         x15=1c0000bf x15:1c0000be
14179407ns          234661 1c008b56 feb71ce3 bne              x14, x11, -8        x14:0000007a x11:00000064
14179466ns          234664 1c008b4e 00070863 beq              x14, x0, 16         x14:0000007a
14179486ns          234665 1c008b50 0017c703 lbu              x14, 1(x15)         x14=00000000 x15:1c0000bf  PA:1c0000c0
14179804ns          234681 1c008b54 00178793 addi             x15, x15, 1         x15=1c0000c0 x15:1c0000bf
14179824ns          234682 1c008b56 feb71ce3 bne              x14, x11, -8        x14:00000000 x11:00000064
14179884ns          234685 1c008b4e 00070863 beq              x14, x0, 16         x14:00000000
14179944ns          234688 1c008b5e 00000513 addi             x10, x0, 0          x10=00000000
14179963ns          234689 1c008b60 fe058de3 beq              x11, x0, -6         x11:00000064
14179983ns          234690 1c008b62 00008067 jalr             x0, x1, 0            x1:1c008d7e
14180023ns          234692 1c008d7e 01c12603 lw               x12, 28(x2)         x12=1c000054  x2:10002e18  PA:10002e34
14180063ns          234694 1c008d80 00c00a33 add              x20, x0, x12        x20=1c000054 x12:1c000054
14180083ns          234695 1c008d82 00050563 beq              x10, x0, 10         x10:00000000
14180202ns          234701 1c008d8c 06900793 addi             x15, x0, 105        x15=00000069
14180222ns          234702 1c008d90 1cf98be3 beq              x19, x15, 2518      x19:00000064 x15:00000069
14180242ns          234703 1c008d94 4b37ce63 blt              x15, x19, 1212      x15:00000069 x19:00000064
14180262ns          234704 1c008d98 05800793 addi             x15, x0, 88         x15=00000058
14180282ns          234705 1c008d9c 4cf98863 beq              x19, x15, 1232      x19:00000064 x15:00000058
14180679ns          234725 1c008da0 3f37cd63 blt              x15, x19, 1018      x15:00000058 x19:00000064
14180819ns          234732 1c00919a 06400793 addi             x15, x0, 100        x15=00000064
14180878ns          234735 1c00919e 5cf98463 beq              x19, x15, 1480      x19:00000064 x15:00000064
14180978ns          234740 1c009766 01812b83 lw               x23, 24(x2)         x23=10002f7c  x2:10002e18  PA:10002e30
14181018ns          234742 1c009768 004ba60b p.lw             x12, 4(x23!)        x12=00000005 x23=10002f80 x23:10002f7c  PA:10002f7c
14181057ns          234744 1c00976c 48064963 blt              x12, x0, 1170       x12:00000005
14181097ns          234746 1c009770 01412783 lw               x15, 20(x2)         x15=00000000  x2:10002e18  PA:10002e2c
14181117ns          234747 1c009772 00c00733 add              x14, x0, x12        x14=00000005 x12:00000005
14181137ns          234748 1c009774 56078863 beq              x15, x0, 1392       x15:00000000
14181236ns          234753 1c009ce4 01012783 lw               x15, 16(x2)         x15=00000000  x2:10002e18  PA:10002e28
14181256ns          234754 1c009ce6 01b00533 add              x10, x0, x27        x10=10002e4c x27:10002e4c
14181276ns          234755 1c009ce8 a8078ee3 beq              x15, x0, -1380      x15:00000000
14181833ns          234783 1c009784 00a007b3 add              x15, x0, x10        x15=10002e4c x10:10002e4c
14181853ns          234784 1c009786 00a00593 addi             x11, x0, 10         x11=0000000a
14181873ns          234785 1c009788 00900313 addi             x6, x0, 9            x6=00000009
14181893ns          234786 1c00978a 02b776b3 remu             x13, x14, x11       x13=00000005 x14:00000005 x11:0000000a
14182509ns          234817 1c00978e 00e00833 add              x16, x0, x14        x16=00000005 x14:00000005
14182529ns          234818 1c009790 00f008b3 add              x17, x0, x15        x17=10002e4c x15:10002e4c
14182549ns          234819 1c009792 03068693 addi             x13, x13, 48        x13=00000035 x13:00000005
14182569ns          234820 1c009796 00d780ab p.sb             x13, 1(x15!)        x15=10002e4d x13:00000035 x15:10002e4c  PA:10002e4c
14182589ns          234821 1c00979a 02b75733 divu             x14, x14, x11       x14=00000000 x14:00000005 x11:0000000a
14183225ns          234853 1c00979e ff0366e3 bltu             x6, x16, -20         x6:00000009 x16:00000005
14183245ns          234854 1c0097a2 40a78733 sub              x14, x15, x10       x14=00000001 x15:10002e4d x10:10002e4c
14183265ns          234855 1c0097a6 01675c63 bge              x14, x22, 24        x14:00000001 x22:ffffffff
14184200ns          234902 1c0097be 00078023 sb               x0, 0(x15)          x15:10002e4d  PA:10002e4d
14184239ns          234904 1c0097c2 0b157563 bgeu             x10, x17, 170       x10:10002e4c x17:10002e4c
14184339ns          234909 1c00986c 01412703 lw               x14, 20(x2)         x14=00000000  x2:10002e18  PA:10002e2c
14184359ns          234910 1c00986e 01012683 lw               x13, 16(x2)         x13=00000000  x2:10002e18  PA:10002e28
14184756ns          234930 1c009870 41b787b3 sub              x15, x15, x27       x15=00000001 x15:10002e4d x27:10002e4c
14184796ns          234932 1c009874 00d76733 or               x14, x14, x13       x14=00000000 x14:00000000 x13:00000000
14184816ns          234933 1c009876 02e12623 sw               x14, 44(x2)         x14:00000000  x2:10002e18  PA:10002e44
14184856ns          234935 1c009878 b0071be3 bne              x14, x0, -1258      x14:00000000
14184876ns          234936 1c00987c 01f65713 srli             x14, x12, 0x1f      x14=00000000 x12:00000005
14184955ns          234940 1c009880 02e12623 sw               x14, 44(x2)         x14:00000000  x2:10002e18  PA:10002e44
14184995ns          234942 1c009882 b0dff06f jal              x0, -1268          
14185552ns          234970 1c00938e ebfb2be3 p.beqimm         x22, -330           x22:ffffffff
14185950ns          234990 1c009244 0c800713 addi             x14, x0, 200        x14=000000c8
14185990ns          234992 1c009248 14f75b63 bge              x14, x15, 342       x14:000000c8 x15:00000001
14186169ns          235001 1c00939e 00178613 addi             x12, x15, 1         x12=00000002 x15:00000001
14186208ns          235003 1c0093a2 0557c863 blt              x15, x21, 80        x15:00000001 x21:00000000
14186228ns          235004 1c0093a6 01712c23 sw               x23, 24(x2)         x23:10002f80  x2:10002e18  PA:10002e30
14186248ns          235005 1c0093a8 00f00ab3 add              x21, x0, x15        x21=00000001 x15:00000001
14186268ns          235006 1c0093aa 8e0a8fe3 beq              x21, x0, -1794      x21:00000001
14186288ns          235007 1c0093ae 01b00933 add              x18, x0, x27        x18=10002e4c x27:10002e4c
14186308ns          235008 1c0093b0 41b409b3 sub              x19, x8, x27        x19=efffd1c2  x8:0000000e x27:10002e4c
14186348ns          235010 1c0093b4 01ba8ab3 add              x21, x21, x27       x21=10002e4d x21:00000001 x27:10002e4c
14186367ns          235011 1c0093b6 00a0006f jal              x0, 10             
14186447ns          235015 1c0093c0 0019450b p.lbu            x10, 1(x18!)        x10=00000035 x18=10002e4d x18:10002e4c  PA:10002e4c
14186487ns          235017 1c0093c4 009005b3 add              x11, x0, x9         x11=00000002  x9:00000002
14186507ns          235018 1c0093c6 000c80e7 jalr             x1, x25, 0           x1=1c0093c8 x25:1c008bb6
14186546ns          235020 1c008bb6 000026b7 lui              x13, 0x2000         x13=00002000
14186566ns          235021 1c008bb8 f8068693 addi             x13, x13, -128      x13=00001f80 x13:00002000
14186586ns          235022 1c008bbc f14027f3 csrrs            x15, x0, 0xf14      x15=00000005
14187024ns          235044 1c008bc0 00379713 slli             x14, x15, 0x3       x14=00000028 x15:00000005
14187063ns          235046 1c008bc4 00279793 slli             x15, x15, 0x2       x15=00000014 x15:00000005
14187083ns          235047 1c008bc6 00d7f7b3 and              x15, x15, x13       x15=00000000 x15:00000014 x13:00001f80
14187103ns          235048 1c008bc8 ee873733 p.bclr           x14, x14, 23, 8     x14=00000028 x14:00000028
14187123ns          235049 1c008bcc 1a10f6b7 lui              x13, 0x1a10f000     x13=1a10f000
14187163ns          235051 1c008bd0 00d70733 add              x14, x14, x13       x14=1a10f028 x14:00000028 x13:1a10f000
14187183ns          235052 1c008bd2 00e787b3 add              x15, x15, x14       x15=1a10f028 x15:00000000 x14:1a10f028
14187203ns          235053 1c008bd4 0ff57513 andi             x10, x10, 255       x10=00000035 x10:00000035
14187223ns          235054 1c008bd8 00a7a023 sw               x10, 0(x15)         x10:00000035 x15:1a10f028  PA:1a10f028
14187760ns          235081 1c008bda 00000513 addi             x10, x0, 0          x10=00000000
14187779ns          235082 1c008bdc 00008067 jalr             x0, x1, 0            x1:1c0093c8
14187819ns          235084 1c0093c8 fff538e3 p.bneimm         x10, -16            x10:00000000
14188118ns          235099 1c0093b8 01298433 add              x8, x19, x18         x8=0000000f x19:efffd1c2 x18:10002e4d
14188137ns          235100 1c0093bc 8f2a86e3 beq              x21, x18, -1812     x21:10002e4d x18:10002e4d
14188237ns          235105 1c008ca8 001a450b p.lbu            x10, 1(x20!)        x10=0000000a x20=1c000055 x20:1c000054  PA:1c000054
14188555ns          235121 1c008cac fe0515e3 bne              x10, x0, -22        x10:0000000a
14188635ns          235125 1c008c96 02500793 addi             x15, x0, 37         x15=00000025
14188655ns          235126 1c008c9a 04f50763 beq              x10, x15, 78        x10:0000000a x15:00000025
14188674ns          235127 1c008c9e 009005b3 add              x11, x0, x9         x11=00000002  x9:00000002
14188694ns          235128 1c008ca0 000c80e7 jalr             x1, x25, 0           x1=1c008ca2 x25:1c008bb6
14188774ns          235132 1c008bb6 000026b7 lui              x13, 0x2000         x13=00002000
14188814ns          235134 1c008bb8 f8068693 addi             x13, x13, -128      x13=00001f80 x13:00002000
14188834ns          235135 1c008bbc f14027f3 csrrs            x15, x0, 0xf14      x15=00000005
14188853ns          235136 1c008bc0 00379713 slli             x14, x15, 0x3       x14=00000028 x15:00000005
14188873ns          235137 1c008bc4 00279793 slli             x15, x15, 0x2       x15=00000014 x15:00000005
14188893ns          235138 1c008bc6 00d7f7b3 and              x15, x15, x13       x15=00000000 x15:00000014 x13:00001f80
14188913ns          235139 1c008bc8 ee873733 p.bclr           x14, x14, 23, 8     x14=00000028 x14:00000028
14188933ns          235140 1c008bcc 1a10f6b7 lui              x13, 0x1a10f000     x13=1a10f000
14188953ns          235141 1c008bd0 00d70733 add              x14, x14, x13       x14=1a10f028 x14:00000028 x13:1a10f000
14188973ns          235142 1c008bd2 00e787b3 add              x15, x15, x14       x15=1a10f028 x15:00000000 x14:1a10f028
14188993ns          235143 1c008bd4 0ff57513 andi             x10, x10, 255       x10=0000000a x10:0000000a
14189013ns          235144 1c008bd8 00a7a023 sw               x10, 0(x15)         x10:0000000a x15:1a10f028  PA:1a10f028
14189589ns          235173 1c008bda 00000513 addi             x10, x0, 0          x10=00000000
14189609ns          235174 1c008bdc 00008067 jalr             x0, x1, 0            x1:1c008ca2
14189669ns          235177 1c008ca2 4df52863 p.beqimm         x10, 1232           x10:00000000
14189689ns          235178 1c008ca6 00140413 addi             x8, x8, 1            x8=00000010  x8:0000000f
14189709ns          235179 1c008ca8 001a450b p.lbu            x10, 1(x20!)        x10=00000000 x20=1c000056 x20:1c000055  PA:1c000055
14190027ns          235195 1c008cac fe0515e3 bne              x10, x0, -22        x10:00000000
14190047ns          235196 1c008cae 13c12083 lw               x1, 316(x2)          x1=1c008c22  x2:10002e18  PA:10002f54
14190067ns          235197 1c008cb2 00800533 add              x10, x0, x8         x10=00000010  x8:00000010
14190086ns          235198 1c008cb4 13812403 lw               x8, 312(x2)          x8=00000057  x2:10002e18  PA:10002f50
14190106ns          235199 1c008cb8 13412483 lw               x9, 308(x2)          x9=00000050  x2:10002e18  PA:10002f4c
14190126ns          235200 1c008cbc 13012903 lw               x18, 304(x2)        x18=00000005  x2:10002e18  PA:10002f48
14190285ns          235208 1c008cc0 12c12983 lw               x19, 300(x2)        x19=1c000dd0  x2:10002e18  PA:10002f44
14190325ns          235210 1c008cc4 12812a03 lw               x20, 296(x2)        x20=10201280  x2:10002e18  PA:10002f40
14190345ns          235211 1c008cc8 12412a83 lw               x21, 292(x2)        x21=1c000a40  x2:10002e18  PA:10002f3c
14190365ns          235212 1c008ccc 12012b03 lw               x22, 288(x2)        x22=1c000a3c  x2:10002e18  PA:10002f38
14190425ns          235215 1c008cd0 11c12b83 lw               x23, 284(x2)        x23=00000c36  x2:10002e18  PA:10002f34
14190464ns          235217 1c008cd4 11812c03 lw               x24, 280(x2)        x24=00000a77  x2:10002e18  PA:10002f30
14190484ns          235218 1c008cd8 11412c83 lw               x25, 276(x2)        x25=1c000a38  x2:10002e18  PA:10002f2c
14190504ns          235219 1c008cdc 11012d03 lw               x26, 272(x2)        x26=0a320000  x2:10002e18  PA:10002f28
14190564ns          235222 1c008ce0 10c12d83 lw               x27, 268(x2)        x27=07110ae2  x2:10002e18  PA:10002f24
14190604ns          235224 1c008ce4 14010113 addi             x2, x2, 320          x2=10002f58  x2:10002e18
14190623ns          235225 1c008ce6 00008067 jalr             x0, x1, 0            x1:1c008c22
14190703ns          235229 1c008c22 01c12083 lw               x1, 28(x2)           x1=1c008524  x2:10002f58  PA:10002f74
14190743ns          235231 1c008c24 04010113 addi             x2, x2, 64           x2=10002f98  x2:10002f58
14190763ns          235232 1c008c26 00008067 jalr             x0, x1, 0            x1:1c008524
14190862ns          235237 1c008524 0009a703 lw               x14, 0(x19)         x14=10004100 x19:1c000dd0  PA:1c000dd0
14191359ns          235262 1c008528 00412683 lw               x13, 4(x2)          x13=000000a0  x2:10002f98  PA:10002f9c
14191379ns          235263 1c00852a 040a0793 addi             x15, x20, 64        x15=102012c0 x20:10201280
14191399ns          235264 1c00852e 00d70733 add              x14, x14, x13       x14=100041a0 x14:10004100 x13:000000a0
14191419ns          235265 1c008530 00e7a023 sw               x14, 0(x15)         x14:100041a0 x15:102012c0  PA:102012c0
14191499ns          235269 1c008534 00200713 addi             x14, x0, 2          x14=00000002
14191518ns          235270 1c008536 00e7a223 sw               x14, 4(x15)         x14:00000002 x15:102012c0  PA:102012c4
14191618ns          235275 1c00853a 00e7a423 sw               x14, 8(x15)         x14:00000002 x15:102012c0  PA:102012c8
14191936ns          235291 1c00853e 10000713 addi             x14, x0, 256        x14=00000100
14191976ns          235293 1c008542 00e7a623 sw               x14, 12(x15)        x14:00000100 x15:102012c0  PA:102012cc
14192075ns          235298 1c008546 000a2023 sw               x0, 0(x20)          x20:10201280  PA:10201280
14192214ns          235305 1c00854a 00001737 lui              x14, 0x1000         x14=00001000
14192234ns          235306 1c00854c 002047b7 lui              x15, 0x204000       x15=00204000
14192473ns          235318 1c008550 00e7a423 sw               x14, 8(x15)         x14:00001000 x15:00204000  PA:00204008
14192513ns          235320 1c008552 03c7e683 p.elw            x13, 60(x15)        x13=00001000 x15:00204000  PA:0020403c
14193169ns          235353 1c008556 00e7a223 sw               x14, 4(x15)         x14:00001000 x15:00204000  PA:00204004
14193189ns          235354 1c008558 00ca0793 addi             x15, x20, 12        x15=1020128c x20:10201280
14193209ns          235355 1c00855c 0007aa03 lw               x20, 0(x15)         x20=00000000 x15:1020128c  PA:1020128c
14193308ns          235360 1c008560 fe0a1ee3 bne              x20, x0, -4         x20:00000000
14193328ns          235361 1c008564 429010ef jal              x1, 7208             x1=1c008568
14193706ns          235380 1c00a18c f14027f3 csrrs            x15, x0, 0xf14      x15=00000005
14193786ns          235384 1c00a190 01f00713 addi             x14, x0, 31         x14=0000001f
14193825ns          235386 1c00a192 ca5797b3 p.extractu       x15, x15, 5, 5      x15=00000000 x15:00000005
14193845ns          235387 1c00a196 00e78863 beq              x15, x14, 16        x15:00000000 x14:0000001f
14193865ns          235388 1c00a19a 002047b7 lui              x15, 0x204000       x15=00204000
14194342ns          235412 1c00a19e 20078793 addi             x15, x15, 512       x15=00204200 x15:00204000
14194382ns          235414 1c00a1a2 01c7e703 p.elw            x14, 28(x15)        x14=00010000 x15:00204200  PA:0020421c
14194561ns          235423 1c00a1a6 00008067 jalr             x0, x1, 0            x1:1c008568
14194601ns          235425 1c008568 002007b7 lui              x15, 0x200000       x15=00200000
14194621ns          235426 1c00856c 0187a703 lw               x14, 24(x15)        x14=00000908 x15:00200000  PA:00200018
14194720ns          235431 1c00856e 00412603 lw               x12, 4(x2)          x12=000000a0  x2:10002f98  PA:10002f9c
14194740ns          235432 1c008570 01c12883 lw               x17, 28(x2)         x17=0000015c  x2:10002f98  PA:10002fb4
14194760ns          235433 1c008572 c0b73733 p.bclr           x14, x14, 0, 11     x14=00000108 x14:00000908
14194780ns          235434 1c008576 00e7ac23 sw               x14, 24(x15)        x14:00000108 x15:00200000  PA:00200018
14194879ns          235439 1c008578 0187a683 lw               x13, 24(x15)        x13=00000108 x15:00200000  PA:00200018
14195039ns          235447 1c00857a 1c001737 lui              x14, 0x1c001000     x14=1c001000
14195058ns          235448 1c00857e 01748493 addi             x9, x9, 23           x9=00000067  x9:00000050
14195257ns          235458 1c008580 c086b6b3 p.bclr           x13, x13, 0, 8      x13=00000008 x13:00000108
14195297ns          235460 1c008584 00d7ac23 sw               x13, 24(x15)        x13:00000008 x15:00200000  PA:00200018
14195377ns          235464 1c008586 0009a683 lw               x13, 0(x19)         x13=10004100 x19:1c000dd0  PA:1c000dd0
14195774ns          235484 1c00858a 000017b7 lui              x15, 0x1000         x15=00001000
14195794ns          235485 1c00858c b5070713 addi             x14, x14, -1200     x14=1c000b50 x14:1c001000
14195814ns          235486 1c008590 00c686b3 add              x13, x13, x12       x13=100041a0 x13:10004100 x12:000000a0
14195834ns          235487 1c008592 01812603 lw               x12, 24(x2)         x12=000000ae  x2:10002f98  PA:10002fb0
14195854ns          235488 1c008594 fff78793 addi             x15, x15, -1        x15=00000fff x15:00001000
14195874ns          235489 1c008596 ff940593 addi             x11, x8, -7         x11=00000050  x8:00000057
14195894ns          235490 1c00859a 00259813 slli             x16, x11, 0x2       x16=00000140 x11:00000050
14196311ns          235511 1c00859e 0006ae03 lw               x28, 0(x13)         x28=x25axd94 x13:100041a0  PA:100041a0
14196351ns          235513 1c0085a2 ffa40513 addi             x10, x8, -6         x10=00000051  x8:00000057
14196371ns          235514 1c0085a6 00e80833 add              x16, x16, x14       x16=1c000c90 x16:00000140 x14:1c000b50
14196391ns          235515 1c0085a8 00251e93 slli             x29, x10, 0x2       x29=00000144 x10:00000051
14196411ns          235516 1c0085ac 00085383 lhu              x7, 0(x16)           x7=00000d94 x16:1c000c90  PA:1c000c90
14196868ns          235539 1c0085b0 0046af03 lw               x30, 4(x13)         x30=x090xeb8 x13:100041a0  PA:100041a4
14196888ns          235540 1c0085b4 ffb40593 addi             x11, x8, -5         x11=00000052  x8:00000057
14196908ns          235541 1c0085b8 00285303 lhu              x6, 2(x16)           x6=0000025a x16:1c000c90  PA:1c000c92
14197365ns          235564 1c0085bc 01d70833 add              x16, x14, x29       x16=1c000c94 x14:1c000b50 x29:00000144
14197405ns          235566 1c0085c0 010e5f93 srli             x31, x28, 0x10      x31=0000x25a x28:x25axd94
14197445ns          235568 1c0085c4 00259993 slli             x19, x11, 0x2       x19=00000148 x11:00000052
14197465ns          235569 1c0085c8 00085283 lhu              x5, 0(x16)           x5=00000eb8 x16:1c000c94  PA:1c000c94
14197883ns          235590 1c0085cc 00fe7e33 and              x28, x28, x15       x28=00000d94 x28:x25axd94 x15:00000fff
14197922ns          235592 1c0085d0 0086a083 lw               x1, 8(x13)           x1=x34cx22e x13:100041a0  PA:100041a8
14197962ns          235594 1c0085d4 ffc40513 addi             x10, x8, -4         x10=00000053  x8:00000057
14197982ns          235595 1c0085d8 013005b3 add              x11, x0, x19        x11=00000148 x19:00000148
14198002ns          235596 1c0085da 00285e83 lhu              x29, 2(x16)         x29=00000090 x16:1c000c94  PA:1c000c96
14198479ns          235620 1c0085de 41c383b3 sub              x7, x7, x28          x7=00000000  x7:00000d94 x28:00000d94
14198519ns          235622 1c0085e2 00fff833 and              x16, x31, x15       x16=0000025a x31:0000x25a x15:00000fff
14198539ns          235623 1c0085e6 01370e33 add              x28, x14, x19       x28=1c000c98 x14:1c000b50 x19:00000148
14198559ns          235624 1c0085ea 00251b13 slli             x22, x10, 0x2       x22=0000014c x10:00000053
14198996ns          235646 1c0085ee 010f5a93 srli             x21, x30, 0x10      x21=0000x090 x30:x090xeb8
14199036ns          235648 1c0085f2 00ff79b3 and              x19, x30, x15       x19=00000eb8 x30:x090xeb8 x15:00000fff
14199056ns          235649 1c0085f6 007033b3 sltu             x7, x0, x7           x7=00000000  x7:00000000
14199076ns          235650 1c0085fa 41030333 sub              x6, x6, x16          x6=00000000  x6:0000025a x16:0000025a
14199513ns          235672 1c0085fe 000e5e03 lhu              x28, 0(x28)         x28=0000022e x28:1c000c98  PA:1c000c98
14199851ns          235689 1c008602 00b70833 add              x16, x14, x11       x16=1c000c98 x14:1c000b50 x11:00000148
14199871ns          235690 1c008606 00c6af03 lw               x30, 12(x13)        x30=x076xe50 x13:100041a0  PA:100041ac
14199891ns          235691 1c00860a ffd40593 addi             x11, x8, -3         x11=00000054  x8:00000057
14200329ns          235713 1c00860e 00285f83 lhu              x31, 2(x16)         x31=0000034c x16:1c000c98  PA:1c000c9a
14200647ns          235729 1c008612 007a0a33 add              x20, x20, x7        x20=00000000 x20:00000000  x7:00000000
14200667ns          235730 1c008614 00faf833 and              x16, x21, x15       x16=00000090 x21:0000x090 x15:00000fff
14200687ns          235731 1c008618 00603333 sltu             x6, x0, x6           x6=00000000  x6:00000000
14200707ns          235732 1c00861c 413282b3 sub              x5, x5, x19          x5=00000000  x5:00000eb8 x19:00000eb8
14200925ns          235743 1c008620 016703b3 add              x7, x14, x22         x7=1c000c9c x14:1c000b50 x22:0000014c
14200965ns          235745 1c008624 410e8eb3 sub              x29, x29, x16       x29=00000000 x29:00000090 x16:00000090
14200985ns          235746 1c008628 0100da93 srli             x21, x1, 0x10       x21=0000x34c  x1:x34cx22e
14201005ns          235747 1c00862c 00f0f9b3 and              x19, x1, x15        x19=0000022e  x1:x34cx22e x15:00000fff
14201443ns          235769 1c008630 01670833 add              x16, x14, x22       x16=1c000c9c x14:1c000b50 x22:0000014c
14201482ns          235771 1c008634 006a0a33 add              x20, x20, x6        x20=00000000 x20:00000000  x6:00000000
14201502ns          235772 1c008636 00259b13 slli             x22, x11, 0x2       x22=00000150 x11:00000054
14201522ns          235773 1c00863a 005032b3 sltu             x5, x0, x5           x5=00000000  x5:00000000
14201960ns          235795 1c00863e 0003d383 lhu              x7, 0(x7)            x7=00000e50  x7:1c000c9c  PA:1c000c9c
14202318ns          235813 1c008642 0106a083 lw               x1, 16(x13)          x1=x040xee6 x13:100041a0  PA:100041b0
14202337ns          235814 1c008646 00285303 lhu              x6, 2(x16)           x6=00000076 x16:1c000c9c  PA:1c000c9e
14202775ns          235836 1c00864a ffe40513 addi             x10, x8, -2         x10=00000055  x8:00000057
14202815ns          235838 1c00864e 01d03833 sltu             x16, x0, x29        x16=00000000 x29:00000000
14202835ns          235839 1c008652 005a0a33 add              x20, x20, x5        x20=00000000 x20:00000000  x5:00000000
14202855ns          235840 1c008654 00fafeb3 and              x29, x21, x15       x29=0000034c x21:0000x34c x15:00000fff
14202874ns          235841 1c008658 413e0e33 sub              x28, x28, x19       x28=00000000 x28:0000022e x19:0000022e
14202894ns          235842 1c00865c 016702b3 add              x5, x14, x22         x5=1c000ca0 x14:1c000b50 x22:00000150
14203332ns          235864 1c008660 010f5a93 srli             x21, x30, 0x10      x21=0000x076 x30:x076xe50
14203372ns          235866 1c008664 00ff79b3 and              x19, x30, x15       x19=00000e50 x30:x076xe50 x15:00000fff
14203392ns          235867 1c008668 010a0a33 add              x20, x20, x16       x20=00000000 x20:00000000 x16:00000000
14203411ns          235868 1c00866a 01c03e33 sltu             x28, x0, x28        x28=00000000 x28:00000000
14203849ns          235890 1c00866e 01670833 add              x16, x14, x22       x16=1c000ca0 x14:1c000b50 x22:00000150
14203889ns          235892 1c008672 41df8fb3 sub              x31, x31, x29       x31=00000000 x31:0000034c x29:0000034c
14203909ns          235893 1c008676 00251b13 slli             x22, x10, 0x2       x22=00000154 x10:00000055
14203929ns          235894 1c00867a 0002d283 lhu              x5, 0(x5)            x5=00000ee6  x5:1c000ca0  PA:1c000ca0
14204386ns          235917 1c00867e 0146af03 lw               x30, 20(x13)        x30=xe24x266 x13:100041a0  PA:100041b4
14204406ns          235918 1c008682 fff40593 addi             x11, x8, -1         x11=00000056  x8:00000057
14204426ns          235919 1c008686 00285e83 lhu              x29, 2(x16)         x29=00000040 x16:1c000ca0  PA:1c000ca2
14204883ns          235942 1c00868a 01ca0a33 add              x20, x20, x28       x20=00000000 x20:00000000 x28:00000000
14204903ns          235943 1c00868c 01f03fb3 sltu             x31, x0, x31        x31=00000000 x31:00000000
14204923ns          235944 1c008690 00faf833 and              x16, x21, x15       x16=00000076 x21:0000x076 x15:00000fff
14204963ns          235946 1c008694 413383b3 sub              x7, x7, x19          x7=00000000  x7:00000e50 x19:00000e50
14204983ns          235947 1c008698 01670e33 add              x28, x14, x22       x28=1c000ca4 x14:1c000b50 x22:00000154
14205002ns          235948 1c00869c 41030833 sub              x16, x6, x16        x16=00000000  x6:00000076 x16:00000076
14205440ns          235970 1c0086a0 01fa0a33 add              x20, x20, x31       x20=00000000 x20:00000000 x31:00000000
14205480ns          235972 1c0086a2 007033b3 sltu             x7, x0, x7           x7=00000000  x7:00000000
14205500ns          235973 1c0086a6 0100d993 srli             x19, x1, 0x10       x19=0000x040  x1:x040xee6
14205520ns          235974 1c0086aa 01670533 add              x10, x14, x22       x10=1c000ca4 x14:1c000b50 x22:00000154
14205957ns          235996 1c0086ae 00f0f0b3 and              x1, x1, x15          x1=00000ee6  x1:x040xee6 x15:00000fff
14205997ns          235998 1c0086b2 00259a93 slli             x21, x11, 0x2       x21=00000158 x11:00000056
14206017ns          235999 1c0086b6 000e5e03 lhu              x28, 0(x28)         x28=00000266 x28:1c000ca4  PA:1c000ca4
14206454ns          236021 1c0086ba 0186af83 lw               x31, 24(x13)        x31=x097xea3 x13:100041a0  PA:100041b8
14206494ns          236023 1c0086be 00255303 lhu              x6, 2(x10)           x6=00000e24 x10:1c000ca4  PA:1c000ca6
14206852ns          236041 1c0086c2 007a0a33 add              x20, x20, x7        x20=00000000 x20:00000000  x7:00000000
14206872ns          236042 1c0086c4 01003533 sltu             x10, x0, x16        x10=00000000 x16:00000000
14206892ns          236043 1c0086c8 00f9f3b3 and              x7, x19, x15         x7=00000040 x19:0000x040 x15:00000fff
14206912ns          236044 1c0086cc 401282b3 sub              x5, x5, x1           x5=00000000  x5:00000ee6  x1:00000ee6
14207051ns          236051 1c0086d0 01570833 add              x16, x14, x21       x16=1c000ca8 x14:1c000b50 x21:00000158
14207091ns          236053 1c0086d4 00aa0a33 add              x20, x20, x10       x20=00000000 x20:00000000 x10:00000000
14207111ns          236054 1c0086d6 005032b3 sltu             x5, x0, x5           x5=00000000  x5:00000000
14207130ns          236055 1c0086da 407e8eb3 sub              x29, x29, x7        x29=00000000 x29:00000040  x7:00000040
14207588ns          236078 1c0086de 010f5093 srli             x1, x30, 0x10        x1=0000xe24 x30:xe24x266
14207628ns          236080 1c0086e2 00ff73b3 and              x7, x30, x15         x7=00000266 x30:xe24x266 x15:00000fff
14207648ns          236081 1c0086e6 015705b3 add              x11, x14, x21       x11=1c000ca8 x14:1c000b50 x21:00000158
14207667ns          236082 1c0086ea 00085803 lhu              x16, 0(x16)         x16=00000ea3 x16:1c000ca8  PA:1c000ca8
14208125ns          236105 1c0086ee 00160613 addi             x12, x12, 1         x12=000000af x12:000000ae
14208145ns          236106 1c0086f0 01c6af03 lw               x30, 28(x13)        x30=x167xe25 x13:100041a0  PA:100041bc
14208165ns          236107 1c0086f4 0025d503 lhu              x10, 2(x11)         x10=00000097 x11:1c000ca8  PA:1c000caa
14208622ns          236130 1c0086f8 005a0a33 add              x20, x20, x5        x20=00000000 x20:00000000  x5:00000000
14208642ns          236131 1c0086fa 00e888b3 add              x17, x17, x14       x17=1c000cac x17:0000015c x14:1c000b50
14208662ns          236132 1c0086fc 01d03eb3 sltu             x29, x0, x29        x29=00000000 x29:00000000
14208682ns          236133 1c008700 00f0f2b3 and              x5, x1, x15          x5=00000e24  x1:0000xe24 x15:00000fff
14208702ns          236134 1c008704 407e0e33 sub              x28, x28, x7        x28=00000000 x28:00000266  x7:00000266
14208722ns          236135 1c008708 00161613 slli             x12, x12, 0x1       x12=0000015e x12:000000af
14208741ns          236136 1c00870a 0008d583 lhu              x11, 0(x17)         x11=00000e25 x17:1c000cac  PA:1c000cac
14209159ns          236157 1c00870e 01da0a33 add              x20, x20, x29       x20=00000000 x20:00000000 x29:00000000
14209199ns          236159 1c008710 405308b3 sub              x17, x6, x5         x17=00000000  x6:00000e24  x5:00000e24
14209239ns          236161 1c008714 01c03e33 sltu             x28, x0, x28        x28=00000000 x28:00000000
14209258ns          236162 1c008718 010fd313 srli             x6, x31, 0x10        x6=0000x097 x31:x097xea3
14209278ns          236163 1c00871c 00e60633 add              x12, x12, x14       x12=1c000cae x12:0000015e x14:1c000b50
14209716ns          236185 1c00871e 00ffffb3 and              x31, x31, x15       x31=00000ea3 x31:x097xea3 x15:00000fff
14209756ns          236187 1c008722 011038b3 sltu             x17, x0, x17        x17=00000000 x17:00000000
14209776ns          236188 1c008726 00065603 lhu              x12, 0(x12)         x12=00000167 x12:1c000cae  PA:1c000cae
14210213ns          236210 1c00872a 01ca0a33 add              x20, x20, x28       x20=00000000 x20:00000000 x28:00000000
14210233ns          236211 1c00872c 00f37333 and              x6, x6, x15          x6=00000097  x6:0000x097 x15:00000fff
14210253ns          236212 1c008730 41f80833 sub              x16, x16, x31       x16=00000000 x16:00000ea3 x31:00000ea3
14210293ns          236214 1c008734 011a0a33 add              x20, x20, x17       x20=00000000 x20:00000000 x17:00000000
14210313ns          236215 1c008736 01003833 sltu             x16, x0, x16        x16=00000000 x16:00000000
14210332ns          236216 1c00873a 010f5893 srli             x17, x30, 0x10      x17=0000x167 x30:x167xe25
14210770ns          236238 1c00873e 40650533 sub              x10, x10, x6        x10=00000000 x10:00000097  x6:00000097
14210810ns          236240 1c008742 00ff7f33 and              x30, x30, x15       x30=00000e25 x30:x167xe25 x15:00000fff
14210830ns          236241 1c008746 010a0a33 add              x20, x20, x16       x20=00000000 x20:00000000 x16:00000000
14210850ns          236242 1c008748 00a03533 sltu             x10, x0, x10        x10=00000000 x10:00000000
14210869ns          236243 1c00874c 00f8f833 and              x16, x17, x15       x16=00000167 x17:0000x167 x15:00000fff
14211287ns          236264 1c008750 41e585b3 sub              x11, x11, x30       x11=00000000 x11:00000e25 x30:00000e25
14211327ns          236266 1c008754 00aa0a33 add              x20, x20, x10       x20=00000000 x20:00000000 x10:00000000
14211347ns          236267 1c008756 00b035b3 sltu             x11, x0, x11        x11=00000000 x11:00000000
14211367ns          236268 1c00875a 41060633 sub              x12, x12, x16       x12=00000000 x12:00000167 x16:00000167
14211387ns          236269 1c00875e 00ba0a33 add              x20, x20, x11       x20=00000000 x20:00000000 x11:00000000
14211804ns          236290 1c008760 00c03633 sltu             x12, x0, x12        x12=00000000 x12:00000000
14211844ns          236292 1c008764 00840413 addi             x8, x8, 8            x8=0000005f  x8:00000057
14211864ns          236293 1c008766 00ca0a33 add              x20, x20, x12       x20=00000000 x20:00000000 x12:00000000
14211884ns          236294 1c008768 10068693 addi             x13, x13, 256       x13=100042a0 x13:100041a0
14211904ns          236295 1c00876c 04940563 beq              x8, x9, 74           x8:0000005f  x9:00000067
14212321ns          236316 1c008770 00141613 slli             x12, x8, 0x1        x12=000000be  x8:0000005f
14212361ns          236318 1c008774 00241893 slli             x17, x8, 0x2        x17=0000017c  x8:0000005f
14212381ns          236319 1c008778 e1fff06f jal              x0, -482           
14212500ns          236325 1c008596 ff940593 addi             x11, x8, -7         x11=00000058  x8:0000005f
14212520ns          236326 1c00859a 00259813 slli             x16, x11, 0x2       x16=00000160 x11:00000058
14212580ns          236329 1c00859e 0006ae03 lw               x28, 0(x13)         x28=x09bxf1c x13:100042a0  PA:100042a0
14212620ns          236331 1c0085a2 ffa40513 addi             x10, x8, -6         x10=00000059  x8:0000005f
14212639ns          236332 1c0085a6 00e80833 add              x16, x16, x14       x16=1c000cb0 x16:00000160 x14:1c000b50
14212659ns          236333 1c0085a8 00251e93 slli             x29, x10, 0x2       x29=00000164 x10:00000059
14212679ns          236334 1c0085ac 00085383 lhu              x7, 0(x16)           x7=00000f1c x16:1c000cb0  PA:1c000cb0
14212997ns          236350 1c0085b0 0046af03 lw               x30, 4(x13)         x30=x025xe36 x13:100042a0  PA:100042a4
14213017ns          236351 1c0085b4 ffb40593 addi             x11, x8, -5         x11=0000005a  x8:0000005f
14213037ns          236352 1c0085b8 00285303 lhu              x6, 2(x16)           x6=0000009b x16:1c000cb0  PA:1c000cb2
14213336ns          236367 1c0085bc 01d70833 add              x16, x14, x29       x16=1c000cb4 x14:1c000b50 x29:00000164
14213355ns          236368 1c0085c0 010e5f93 srli             x31, x28, 0x10      x31=0000x09b x28:x09bxf1c
14213375ns          236369 1c0085c4 00259993 slli             x19, x11, 0x2       x19=00000168 x11:0000005a
14213395ns          236370 1c0085c8 00085283 lhu              x5, 0(x16)           x5=00000e36 x16:1c000cb4  PA:1c000cb4
14213694ns          236385 1c0085cc 00fe7e33 and              x28, x28, x15       x28=00000f1c x28:x09bxf1c x15:00000fff
14213713ns          236386 1c0085d0 0086a083 lw               x1, 8(x13)           x1=x10axdbb x13:100042a0  PA:100042a8
14213733ns          236387 1c0085d4 ffc40513 addi             x10, x8, -4         x10=0000005b  x8:0000005f
14213753ns          236388 1c0085d8 013005b3 add              x11, x0, x19        x11=00000168 x19:00000168
14213773ns          236389 1c0085da 00285e83 lhu              x29, 2(x16)         x29=00000025 x16:1c000cb4  PA:1c000cb6
14214091ns          236405 1c0085de 41c383b3 sub              x7, x7, x28          x7=00000000  x7:00000f1c x28:00000f1c
14214111ns          236406 1c0085e2 00fff833 and              x16, x31, x15       x16=0000009b x31:0000x09b x15:00000fff
14214131ns          236407 1c0085e6 01370e33 add              x28, x14, x19       x28=1c000cb8 x14:1c000b50 x19:00000168
14214151ns          236408 1c0085ea 00251b13 slli             x22, x10, 0x2       x22=0000016c x10:0000005b
14214171ns          236409 1c0085ee 010f5a93 srli             x21, x30, 0x10      x21=0000x025 x30:x025xe36
14214191ns          236410 1c0085f2 00ff79b3 and              x19, x30, x15       x19=00000e36 x30:x025xe36 x15:00000fff
14214211ns          236411 1c0085f6 007033b3 sltu             x7, x0, x7           x7=00000000  x7:00000000
14214230ns          236412 1c0085fa 41030333 sub              x6, x6, x16          x6=00000000  x6:0000009b x16:0000009b
14214250ns          236413 1c0085fe 000e5e03 lhu              x28, 0(x28)         x28=00000dbb x28:1c000cb8  PA:1c000cb8
14214569ns          236429 1c008602 00b70833 add              x16, x14, x11       x16=1c000cb8 x14:1c000b50 x11:00000168
14214588ns          236430 1c008606 00c6af03 lw               x30, 12(x13)        x30=x568xe49 x13:100042a0  PA:100042ac
14214608ns          236431 1c00860a ffd40593 addi             x11, x8, -3         x11=0000005c  x8:0000005f
14214628ns          236432 1c00860e 00285f83 lhu              x31, 2(x16)         x31=0000010a x16:1c000cb8  PA:1c000cba
14214927ns          236447 1c008612 007a0a33 add              x20, x20, x7        x20=00000000 x20:00000000  x7:00000000
14214946ns          236448 1c008614 00faf833 and              x16, x21, x15       x16=00000025 x21:0000x025 x15:00000fff
14214966ns          236449 1c008618 00603333 sltu             x6, x0, x6           x6=00000000  x6:00000000
14214986ns          236450 1c00861c 413282b3 sub              x5, x5, x19          x5=00000000  x5:00000e36 x19:00000e36
14215006ns          236451 1c008620 016703b3 add              x7, x14, x22         x7=1c000cbc x14:1c000b50 x22:0000016c
14215026ns          236452 1c008624 410e8eb3 sub              x29, x29, x16       x29=00000000 x29:00000025 x16:00000025
14215046ns          236453 1c008628 0100da93 srli             x21, x1, 0x10       x21=0000x10a  x1:x10axdbb
14215066ns          236454 1c00862c 00f0f9b3 and              x19, x1, x15        x19=00000dbb  x1:x10axdbb x15:00000fff
14215106ns          236456 1c008630 01670833 add              x16, x14, x22       x16=1c000cbc x14:1c000b50 x22:0000016c
14215145ns          236458 1c008634 006a0a33 add              x20, x20, x6        x20=00000000 x20:00000000  x6:00000000
14215165ns          236459 1c008636 00259b13 slli             x22, x11, 0x2       x22=00000170 x11:0000005c
14215185ns          236460 1c00863a 005032b3 sltu             x5, x0, x5           x5=00000000  x5:00000000
14215205ns          236461 1c00863e 0003d383 lhu              x7, 0(x7)            x7=00000e49  x7:1c000cbc  PA:1c000cbc
14215543ns          236478 1c008642 0106a083 lw               x1, 16(x13)          x1=xfb6xefa x13:100042a0  PA:100042b0
14215563ns          236479 1c008646 00285303 lhu              x6, 2(x16)           x6=00000568 x16:1c000cbc  PA:1c000cbe
14215941ns          236498 1c00864a ffe40513 addi             x10, x8, -2         x10=0000005d  x8:0000005f
14215961ns          236499 1c00864e 01d03833 sltu             x16, x0, x29        x16=00000000 x29:00000000
14215981ns          236500 1c008652 005a0a33 add              x20, x20, x5        x20=00000000 x20:00000000  x5:00000000
14216001ns          236501 1c008654 00fafeb3 and              x29, x21, x15       x29=0000010a x21:0000x10a x15:00000fff
14216020ns          236502 1c008658 413e0e33 sub              x28, x28, x19       x28=00000000 x28:00000dbb x19:00000dbb
14216040ns          236503 1c00865c 016702b3 add              x5, x14, x22         x5=1c000cc0 x14:1c000b50 x22:00000170
14216060ns          236504 1c008660 010f5a93 srli             x21, x30, 0x10      x21=0000x568 x30:x568xe49
14216080ns          236505 1c008664 00ff79b3 and              x19, x30, x15       x19=00000e49 x30:x568xe49 x15:00000fff
14216100ns          236506 1c008668 010a0a33 add              x20, x20, x16       x20=00000000 x20:00000000 x16:00000000
14216120ns          236507 1c00866a 01c03e33 sltu             x28, x0, x28        x28=00000000 x28:00000000
14216160ns          236509 1c00866e 01670833 add              x16, x14, x22       x16=1c000cc0 x14:1c000b50 x22:00000170
14216199ns          236511 1c008672 41df8fb3 sub              x31, x31, x29       x31=00000000 x31:0000010a x29:0000010a
14216219ns          236512 1c008676 00251b13 slli             x22, x10, 0x2       x22=00000174 x10:0000005d
14216239ns          236513 1c00867a 0002d283 lhu              x5, 0(x5)            x5=00000efa  x5:1c000cc0  PA:1c000cc0
14216538ns          236528 1c00867e 0146af03 lw               x30, 20(x13)        x30=x2e4x2b2 x13:100042a0  PA:100042b4
14216557ns          236529 1c008682 fff40593 addi             x11, x8, -1         x11=0000005e  x8:0000005f
14216577ns          236530 1c008686 00285e83 lhu              x29, 2(x16)         x29=00000fb6 x16:1c000cc0  PA:1c000cc2
14216876ns          236545 1c00868a 01ca0a33 add              x20, x20, x28       x20=00000000 x20:00000000 x28:00000000
14216895ns          236546 1c00868c 01f03fb3 sltu             x31, x0, x31        x31=00000000 x31:00000000
14216915ns          236547 1c008690 00faf833 and              x16, x21, x15       x16=00000568 x21:0000x568 x15:00000fff
14216935ns          236548 1c008694 413383b3 sub              x7, x7, x19          x7=00000000  x7:00000e49 x19:00000e49
14216955ns          236549 1c008698 01670e33 add              x28, x14, x22       x28=1c000cc4 x14:1c000b50 x22:00000174
14216975ns          236550 1c00869c 41030833 sub              x16, x6, x16        x16=00000000  x6:00000568 x16:00000568
14217015ns          236552 1c0086a0 01fa0a33 add              x20, x20, x31       x20=00000000 x20:00000000 x31:00000000
14217055ns          236554 1c0086a2 007033b3 sltu             x7, x0, x7           x7=00000000  x7:00000000
14217074ns          236555 1c0086a6 0100d993 srli             x19, x1, 0x10       x19=0000xfb6  x1:xfb6xefa
14217094ns          236556 1c0086aa 01670533 add              x10, x14, x22       x10=1c000cc4 x14:1c000b50 x22:00000174
14217154ns          236559 1c0086ae 00f0f0b3 and              x1, x1, x15          x1=00000efa  x1:xfb6xefa x15:00000fff
14217194ns          236561 1c0086b2 00259a93 slli             x21, x11, 0x2       x21=00000178 x11:0000005e
14217214ns          236562 1c0086b6 000e5e03 lhu              x28, 0(x28)         x28=000002b2 x28:1c000cc4  PA:1c000cc4
14217512ns          236577 1c0086ba 0186af83 lw               x31, 24(x13)        x31=xf6exfcb x13:100042a0  PA:100042b8
14217532ns          236578 1c0086be 00255303 lhu              x6, 2(x10)           x6=000002e4 x10:1c000cc4  PA:1c000cc6
14217870ns          236595 1c0086c2 007a0a33 add              x20, x20, x7        x20=00000000 x20:00000000  x7:00000000
14217890ns          236596 1c0086c4 01003533 sltu             x10, x0, x16        x10=00000000 x16:00000000
14217910ns          236597 1c0086c8 00f9f3b3 and              x7, x19, x15         x7=00000fb6 x19:0000xfb6 x15:00000fff
14217930ns          236598 1c0086cc 401282b3 sub              x5, x5, x1           x5=00000000  x5:00000efa  x1:00000efa
14217950ns          236599 1c0086d0 01570833 add              x16, x14, x21       x16=1c000cc8 x14:1c000b50 x21:00000178
14217969ns          236600 1c0086d4 00aa0a33 add              x20, x20, x10       x20=00000000 x20:00000000 x10:00000000
14217989ns          236601 1c0086d6 005032b3 sltu             x5, x0, x5           x5=00000000  x5:00000000
14218009ns          236602 1c0086da 407e8eb3 sub              x29, x29, x7        x29=00000000 x29:00000fb6  x7:00000fb6
14218049ns          236604 1c0086de 010f5093 srli             x1, x30, 0x10        x1=0000x2e4 x30:x2e4x2b2
14218089ns          236606 1c0086e2 00ff73b3 and              x7, x30, x15         x7=000002b2 x30:x2e4x2b2 x15:00000fff
14218109ns          236607 1c0086e6 015705b3 add              x11, x14, x21       x11=1c000cc8 x14:1c000b50 x21:00000178
14218129ns          236608 1c0086ea 00085803 lhu              x16, 0(x16)         x16=00000fcb x16:1c000cc8  PA:1c000cc8
14218427ns          236623 1c0086ee 00160613 addi             x12, x12, 1         x12=000000bf x12:000000be
14218447ns          236624 1c0086f0 01c6af03 lw               x30, 28(x13)        x30=xe12xfa7 x13:100042a0  PA:100042bc
14218467ns          236625 1c0086f4 0025d503 lhu              x10, 2(x11)         x10=00000f6e x11:1c000cc8  PA:1c000cca
14218785ns          236641 1c0086f8 005a0a33 add              x20, x20, x5        x20=00000000 x20:00000000  x5:00000000
14218805ns          236642 1c0086fa 00e888b3 add              x17, x17, x14       x17=1c000ccc x17:0000017c x14:1c000b50
14218825ns          236643 1c0086fc 01d03eb3 sltu             x29, x0, x29        x29=00000000 x29:00000000
14218845ns          236644 1c008700 00f0f2b3 and              x5, x1, x15          x5=000002e4  x1:0000x2e4 x15:00000fff
14218864ns          236645 1c008704 407e0e33 sub              x28, x28, x7        x28=00000000 x28:000002b2  x7:000002b2
14218884ns          236646 1c008708 00161613 slli             x12, x12, 0x1       x12=0000017e x12:000000bf
14218904ns          236647 1c00870a 0008d583 lhu              x11, 0(x17)         x11=00000fa7 x17:1c000ccc  PA:1c000ccc
14219202ns          236662 1c00870e 01da0a33 add              x20, x20, x29       x20=00000000 x20:00000000 x29:00000000
14219222ns          236663 1c008710 405308b3 sub              x17, x6, x5         x17=00000000  x6:000002e4  x5:000002e4
14219242ns          236664 1c008714 01c03e33 sltu             x28, x0, x28        x28=00000000 x28:00000000
14219262ns          236665 1c008718 010fd313 srli             x6, x31, 0x10        x6=0000xf6e x31:xf6exfcb
14219282ns          236666 1c00871c 00e60633 add              x12, x12, x14       x12=1c000cce x12:0000017e x14:1c000b50
14219322ns          236668 1c00871e 00ffffb3 and              x31, x31, x15       x31=00000fcb x31:xf6exfcb x15:00000fff
14219362ns          236670 1c008722 011038b3 sltu             x17, x0, x17        x17=00000000 x17:00000000
14219381ns          236671 1c008726 00065603 lhu              x12, 0(x12)         x12=00000e12 x12:1c000cce  PA:1c000cce
14219680ns          236686 1c00872a 01ca0a33 add              x20, x20, x28       x20=00000000 x20:00000000 x28:00000000
14219700ns          236687 1c00872c 00f37333 and              x6, x6, x15          x6=00000f6e  x6:0000xf6e x15:00000fff
14219720ns          236688 1c008730 41f80833 sub              x16, x16, x31       x16=00000000 x16:00000fcb x31:00000fcb
14219739ns          236689 1c008734 011a0a33 add              x20, x20, x17       x20=00000000 x20:00000000 x17:00000000
14219759ns          236690 1c008736 01003833 sltu             x16, x0, x16        x16=00000000 x16:00000000
14219779ns          236691 1c00873a 010f5893 srli             x17, x30, 0x10      x17=0000xe12 x30:xe12xfa7
14219819ns          236693 1c00873e 40650533 sub              x10, x10, x6        x10=00000000 x10:00000f6e  x6:00000f6e
14219859ns          236695 1c008742 00ff7f33 and              x30, x30, x15       x30=00000fa7 x30:xe12xfa7 x15:00000fff
14219879ns          236696 1c008746 010a0a33 add              x20, x20, x16       x20=00000000 x20:00000000 x16:00000000
14219899ns          236697 1c008748 00a03533 sltu             x10, x0, x10        x10=00000000 x10:00000000
14219918ns          236698 1c00874c 00f8f833 and              x16, x17, x15       x16=00000e12 x17:0000xe12 x15:00000fff
14219958ns          236700 1c008750 41e585b3 sub              x11, x11, x30       x11=00000000 x11:00000fa7 x30:00000fa7
14219998ns          236702 1c008754 00aa0a33 add              x20, x20, x10       x20=00000000 x20:00000000 x10:00000000
14220018ns          236703 1c008756 00b035b3 sltu             x11, x0, x11        x11=00000000 x11:00000000
14220038ns          236704 1c00875a 41060633 sub              x12, x12, x16       x12=00000000 x12:00000e12 x16:00000e12
14220058ns          236705 1c00875e 00ba0a33 add              x20, x20, x11       x20=00000000 x20:00000000 x11:00000000
14220078ns          236706 1c008760 00c03633 sltu             x12, x0, x12        x12=00000000 x12:00000000
14220097ns          236707 1c008764 00840413 addi             x8, x8, 8            x8=00000067  x8:0000005f
14220117ns          236708 1c008766 00ca0a33 add              x20, x20, x12       x20=00000000 x20:00000000 x12:00000000
14220137ns          236709 1c008768 10068693 addi             x13, x13, 256       x13=100043a0 x13:100042a0
14220157ns          236710 1c00876c 04940563 beq              x8, x9, 74           x8:00000067  x9:00000067
14220774ns          236741 1c0087b6 1c000537 lui              x10, 0x1c000000     x10=1c000000
14220794ns          236742 1c0087ba 014006b3 add              x13, x0, x20        x13=00000000 x20:00000000
14220813ns          236743 1c0087bc 01200633 add              x12, x0, x18        x12=00000005 x18:00000005
14220853ns          236745 1c0087be 00190593 addi             x11, x18, 1         x11=00000006 x18:00000005
14220893ns          236747 1c0087c2 05850513 addi             x10, x10, 88        x10=1c000058 x10:1c000000
14220913ns          236748 1c0087c6 434000ef jal              x1, 1076             x1=1c0087c8
14220992ns          236752 1c008bfa fc010113 addi             x2, x2, -64          x2=10002f58  x2:10002f98
14221032ns          236754 1c008bfc 02410313 addi             x6, x2, 36           x6=10002f7c  x2:10002f58
14221092ns          236757 1c008c00 02c12423 sw               x12, 40(x2)         x12:00000005  x2:10002f58  PA:10002f80
14221112ns          236758 1c008c02 00a00633 add              x12, x0, x10        x12=1c000058 x10:1c000058
14221132ns          236759 1c008c04 1c009537 lui              x10, 0x1c009000     x10=1c009000
14221152ns          236760 1c008c08 02b12223 sw               x11, 36(x2)         x11:00000006  x2:10002f58  PA:10002f7c
14221171ns          236761 1c008c0a 02d12623 sw               x13, 44(x2)         x13:00000000  x2:10002f58  PA:10002f84
14221191ns          236762 1c008c0c 00200593 addi             x11, x0, 2          x11=00000002
14221211ns          236763 1c008c0e 006006b3 add              x13, x0, x6         x13=10002f7c  x6:10002f7c
14221231ns          236764 1c008c10 bb650513 addi             x10, x10, -1098     x10=1c008bb6 x10:1c009000
14221271ns          236766 1c008c14 00112e23 sw               x1, 28(x2)           x1:1c0087c8  x2:10002f58  PA:10002f74
14221291ns          236767 1c008c16 02e12823 sw               x14, 48(x2)         x14:1c000b50  x2:10002f58  PA:10002f88
14221311ns          236768 1c008c18 02f12a23 sw               x15, 52(x2)         x15:00000fff  x2:10002f58  PA:10002f8c
14221331ns          236769 1c008c1a 03012c23 sw               x16, 56(x2)         x16:00000e12  x2:10002f58  PA:10002f90
14221350ns          236770 1c008c1c 03112e23 sw               x17, 60(x2)         x17:0000xe12  x2:10002f58  PA:10002f94
14221370ns          236771 1c008c1e 00612623 sw               x6, 12(x2)           x6:10002f7c  x2:10002f58  PA:10002f64
14221390ns          236772 1c008c20 fbfff0ef jal              x1, -66              x1=1c008c22
14221470ns          236776 1c008bde 04a0006f jal              x0, 74             
14221510ns          236778 1c008c28 ec010113 addi             x2, x2, -320         x2=10002e18  x2:10002f58
14221529ns          236779 1c008c2a 13312623 sw               x19, 300(x2)        x19:0000xfb6  x2:10002e18  PA:10002f44
14221589ns          236782 1c008c2e 12112e23 sw               x1, 316(x2)          x1:1c008c22  x2:10002e18  PA:10002f54
14221629ns          236784 1c008c32 12812c23 sw               x8, 312(x2)          x8:00000067  x2:10002e18  PA:10002f50
14221649ns          236785 1c008c36 12912a23 sw               x9, 308(x2)          x9:00000067  x2:10002e18  PA:10002f4c
14221669ns          236786 1c008c3a 13212823 sw               x18, 304(x2)        x18:00000005  x2:10002e18  PA:10002f48
14221728ns          236789 1c008c3e 13412423 sw               x20, 296(x2)        x20:00000000  x2:10002e18  PA:10002f40
14221768ns          236791 1c008c42 13512223 sw               x21, 292(x2)        x21:00000178  x2:10002e18  PA:10002f3c
14221788ns          236792 1c008c46 13612023 sw               x22, 288(x2)        x22:00000174  x2:10002e18  PA:10002f38
14221808ns          236793 1c008c4a 11712e23 sw               x23, 284(x2)        x23:00000c36  x2:10002e18  PA:10002f34
14221867ns          236796 1c008c4e 11812c23 sw               x24, 280(x2)        x24:00000a77  x2:10002e18  PA:10002f30
14221907ns          236798 1c008c52 11912a23 sw               x25, 276(x2)        x25:1c000a38  x2:10002e18  PA:10002f2c
14221927ns          236799 1c008c56 11a12823 sw               x26, 272(x2)        x26:0a320000  x2:10002e18  PA:10002f28
14221947ns          236800 1c008c5a 11b12623 sw               x27, 268(x2)        x27:07110ae2  x2:10002e18  PA:10002f24
14221967ns          236801 1c008c5e 00c009b3 add              x19, x0, x12        x19=1c000058 x12:1c000058
14222007ns          236803 1c008c60 0019c78b p.lbu            x15, 1(x19!)        x15=00000046 x19=1c000059 x19:1c000058  PA:1c000058
14222444ns          236825 1c008c64 00d12c23 sw               x13, 24(x2)         x13:10002f7c  x2:10002e18  PA:10002e30
14222464ns          236826 1c008c66 6a0788e3 beq              x15, x0, 3760       x15:00000046
14222484ns          236827 1c008c6a 1c000737 lui              x14, 0x1c000000     x14=1c000000
14222504ns          236828 1c008c6e 0c472703 lw               x14, 196(x14)       x14=20202020 x14:1c000000  PA:1c0000c4
14222802ns          236843 1c008c72 03410d93 addi             x27, x2, 52         x27=10002e4c  x2:10002e18
14222822ns          236844 1c008c76 00a00cb3 add              x25, x0, x10        x25=1c008bb6 x10:1c008bb6
14222842ns          236845 1c008c78 02e12023 sw               x14, 32(x2)         x14:20202020  x2:10002e18  PA:10002e38
14222862ns          236846 1c008c7a 03610713 addi             x14, x2, 54         x14=10002e4e  x2:10002e18
14222882ns          236847 1c008c7e fff74713 xori             x14, x14, -1        x14=efffd1b1 x14:10002e4e
14222902ns          236848 1c008c82 02e12223 sw               x14, 36(x2)         x14:efffd1b1  x2:10002e18  PA:10002e3c
14222922ns          236849 1c008c84 fffdc713 xori             x14, x27, -1        x14=efffd1b3 x27:10002e4c
14222941ns          236850 1c008c88 00b004b3 add              x9, x0, x11          x9=00000002 x11:00000002
14222961ns          236851 1c008c8a 00000413 addi             x8, x0, 0            x8=00000000
14222981ns          236852 1c008c8c 1c000d37 lui              x26, 0x1c000000     x26=1c000000
14223001ns          236853 1c008c90 02e12423 sw               x14, 40(x2)         x14:efffd1b3  x2:10002e18  PA:10002e40
14223021ns          236854 1c008c92 01300a33 add              x20, x0, x19        x20=1c000059 x19:1c000059
14223041ns          236855 1c008c94 00f00533 add              x10, x0, x15        x10=00000046 x15:00000046
14223061ns          236856 1c008c96 02500793 addi             x15, x0, 37         x15=00000025
14223081ns          236857 1c008c9a 04f50763 beq              x10, x15, 78        x10:00000046 x15:00000025
14223101ns          236858 1c008c9e 009005b3 add              x11, x0, x9         x11=00000002  x9:00000002
14223140ns          236860 1c008ca0 000c80e7 jalr             x1, x25, 0           x1=1c008ca2 x25:1c008bb6
14223518ns          236879 1c008bb6 000026b7 lui              x13, 0x2000         x13=00002000
14223558ns          236881 1c008bb8 f8068693 addi             x13, x13, -128      x13=00001f80 x13:00002000
14223578ns          236882 1c008bbc f14027f3 csrrs            x15, x0, 0xf14      x15=00000005
14223638ns          236885 1c008bc0 00379713 slli             x14, x15, 0x3       x14=00000028 x15:00000005
14223677ns          236887 1c008bc4 00279793 slli             x15, x15, 0x2       x15=00000014 x15:00000005
14223697ns          236888 1c008bc6 00d7f7b3 and              x15, x15, x13       x15=00000000 x15:00000014 x13:00001f80
14223717ns          236889 1c008bc8 ee873733 p.bclr           x14, x14, 23, 8     x14=00000028 x14:00000028
14223737ns          236890 1c008bcc 1a10f6b7 lui              x13, 0x1a10f000     x13=1a10f000
14223757ns          236891 1c008bd0 00d70733 add              x14, x14, x13       x14=1a10f028 x14:00000028 x13:1a10f000
14223777ns          236892 1c008bd2 00e787b3 add              x15, x15, x14       x15=1a10f028 x15:00000000 x14:1a10f028
14223797ns          236893 1c008bd4 0ff57513 andi             x10, x10, 255       x10=00000046 x10:00000046
14223817ns          236894 1c008bd8 00a7a023 sw               x10, 0(x15)         x10:00000046 x15:1a10f028  PA:1a10f028
14224393ns          236923 1c008bda 00000513 addi             x10, x0, 0          x10=00000000
14224413ns          236924 1c008bdc 00008067 jalr             x0, x1, 0            x1:1c008ca2
14224473ns          236927 1c008ca2 4df52863 p.beqimm         x10, 1232           x10:00000000
14224493ns          236928 1c008ca6 00140413 addi             x8, x8, 1            x8=00000001  x8:00000000
14224513ns          236929 1c008ca8 001a450b p.lbu            x10, 1(x20!)        x10=00000046 x20=1c00005a x20:1c000059  PA:1c000059
14224831ns          236945 1c008cac fe0515e3 bne              x10, x0, -22        x10:00000046
14224910ns          236949 1c008c96 02500793 addi             x15, x0, 37         x15=00000025
14224930ns          236950 1c008c9a 04f50763 beq              x10, x15, 78        x10:00000046 x15:00000025
14224950ns          236951 1c008c9e 009005b3 add              x11, x0, x9         x11=00000002  x9:00000002
14224970ns          236952 1c008ca0 000c80e7 jalr             x1, x25, 0           x1=1c008ca2 x25:1c008bb6
14225010ns          236954 1c008bb6 000026b7 lui              x13, 0x2000         x13=00002000
14225030ns          236955 1c008bb8 f8068693 addi             x13, x13, -128      x13=00001f80 x13:00002000
14225050ns          236956 1c008bbc f14027f3 csrrs            x15, x0, 0xf14      x15=00000005
14225069ns          236957 1c008bc0 00379713 slli             x14, x15, 0x3       x14=00000028 x15:00000005
14225089ns          236958 1c008bc4 00279793 slli             x15, x15, 0x2       x15=00000014 x15:00000005
14225109ns          236959 1c008bc6 00d7f7b3 and              x15, x15, x13       x15=00000000 x15:00000014 x13:00001f80
14225129ns          236960 1c008bc8 ee873733 p.bclr           x14, x14, 23, 8     x14=00000028 x14:00000028
14225149ns          236961 1c008bcc 1a10f6b7 lui              x13, 0x1a10f000     x13=1a10f000
14225169ns          236962 1c008bd0 00d70733 add              x14, x14, x13       x14=1a10f028 x14:00000028 x13:1a10f000
14225189ns          236963 1c008bd2 00e787b3 add              x15, x15, x14       x15=1a10f028 x15:00000000 x14:1a10f028
14225209ns          236964 1c008bd4 0ff57513 andi             x10, x10, 255       x10=00000046 x10:00000046
14225229ns          236965 1c008bd8 00a7a023 sw               x10, 0(x15)         x10:00000046 x15:1a10f028  PA:1a10f028
14225567ns          236982 1c008bda 00000513 addi             x10, x0, 0          x10=00000000
14225587ns          236983 1c008bdc 00008067 jalr             x0, x1, 0            x1:1c008ca2
14225646ns          236986 1c008ca2 4df52863 p.beqimm         x10, 1232           x10:00000000
14225666ns          236987 1c008ca6 00140413 addi             x8, x8, 1            x8=00000002  x8:00000001
14225686ns          236988 1c008ca8 001a450b p.lbu            x10, 1(x20!)        x10=00000054 x20=1c00005b x20:1c00005a  PA:1c00005a
14226024ns          237005 1c008cac fe0515e3 bne              x10, x0, -22        x10:00000054
14226104ns          237009 1c008c96 02500793 addi             x15, x0, 37         x15=00000025
14226124ns          237010 1c008c9a 04f50763 beq              x10, x15, 78        x10:00000054 x15:00000025
14226143ns          237011 1c008c9e 009005b3 add              x11, x0, x9         x11=00000002  x9:00000002
14226163ns          237012 1c008ca0 000c80e7 jalr             x1, x25, 0           x1=1c008ca2 x25:1c008bb6
14226203ns          237014 1c008bb6 000026b7 lui              x13, 0x2000         x13=00002000
14226223ns          237015 1c008bb8 f8068693 addi             x13, x13, -128      x13=00001f80 x13:00002000
14226243ns          237016 1c008bbc f14027f3 csrrs            x15, x0, 0xf14      x15=00000005
14226263ns          237017 1c008bc0 00379713 slli             x14, x15, 0x3       x14=00000028 x15:00000005
14226283ns          237018 1c008bc4 00279793 slli             x15, x15, 0x2       x15=00000014 x15:00000005
14226303ns          237019 1c008bc6 00d7f7b3 and              x15, x15, x13       x15=00000000 x15:00000014 x13:00001f80
14226322ns          237020 1c008bc8 ee873733 p.bclr           x14, x14, 23, 8     x14=00000028 x14:00000028
14226342ns          237021 1c008bcc 1a10f6b7 lui              x13, 0x1a10f000     x13=1a10f000
14226362ns          237022 1c008bd0 00d70733 add              x14, x14, x13       x14=1a10f028 x14:00000028 x13:1a10f000
14226382ns          237023 1c008bd2 00e787b3 add              x15, x15, x14       x15=1a10f028 x15:00000000 x14:1a10f028
14226402ns          237024 1c008bd4 0ff57513 andi             x10, x10, 255       x10=00000054 x10:00000054
14226422ns          237025 1c008bd8 00a7a023 sw               x10, 0(x15)         x10:00000054 x15:1a10f028  PA:1a10f028
14226760ns          237042 1c008bda 00000513 addi             x10, x0, 0          x10=00000000
14226780ns          237043 1c008bdc 00008067 jalr             x0, x1, 0            x1:1c008ca2
14226839ns          237046 1c008ca2 4df52863 p.beqimm         x10, 1232           x10:00000000
14226859ns          237047 1c008ca6 00140413 addi             x8, x8, 1            x8=00000003  x8:00000002
14226879ns          237048 1c008ca8 001a450b p.lbu            x10, 1(x20!)        x10=00000025 x20=1c00005c x20:1c00005b  PA:1c00005b
14227197ns          237064 1c008cac fe0515e3 bne              x10, x0, -22        x10:00000025
14227277ns          237068 1c008c96 02500793 addi             x15, x0, 37         x15=00000025
14227297ns          237069 1c008c9a 04f50763 beq              x10, x15, 78        x10:00000025 x15:00000025
14227396ns          237074 1c008ce8 01400c33 add              x24, x0, x20        x24=1c00005c x20:1c00005c
14227436ns          237076 1c008cea 000c4a03 lbu              x20, 0(x24)         x20=00000064 x24:1c00005c  PA:1c00005c
14227774ns          237093 1c008cee 0b4d0513 addi             x10, x26, 180       x10=1c0000b4 x26:1c000000
14227794ns          237094 1c008cf2 00912e23 sw               x9, 28(x2)           x9:00000002  x2:10002e18  PA:10002e34
14227814ns          237095 1c008cf4 014005b3 add              x11, x0, x20        x11=00000064 x20:00000064
14227834ns          237096 1c008cf6 00012823 sw               x0, 16(x2)           x2:10002e18  PA:10002e28
14227854ns          237097 1c008cf8 00012a23 sw               x0, 20(x2)           x2:10002e18  PA:10002e2c
14227874ns          237098 1c008cfa 00012623 sw               x0, 12(x2)           x2:10002e18  PA:10002e24
14227894ns          237099 1c008cfc 001c0493 addi             x9, x24, 1           x9=1c00005d x24:1c00005c
14227913ns          237100 1c008d00 e41ff0ef jal              x1, -448             x1=1c008d02
14227993ns          237104 1c008b40 00054703 lbu              x14, 0(x10)         x14=0000002d x10:1c0000b4  PA:1c0000b4
14228311ns          237120 1c008b44 0ff5f593 andi             x11, x11, 255       x11=00000064 x11:00000064
14228331ns          237121 1c008b48 00a007b3 add              x15, x0, x10        x15=1c0000b4 x10:1c0000b4
14228351ns          237122 1c008b4a 00b70863 beq              x14, x11, 16        x14:0000002d x11:00000064
14228371ns          237123 1c008b4e 00070863 beq              x14, x0, 16         x14:0000002d
14228391ns          237124 1c008b50 0017c703 lbu              x14, 1(x15)         x14=0000002b x15:1c0000b4  PA:1c0000b5
14228709ns          237140 1c008b54 00178793 addi             x15, x15, 1         x15=1c0000b5 x15:1c0000b4
14228729ns          237141 1c008b56 feb71ce3 bne              x14, x11, -8        x14:0000002b x11:00000064
14228789ns          237144 1c008b4e 00070863 beq              x14, x0, 16         x14:0000002b
14228808ns          237145 1c008b50 0017c703 lbu              x14, 1(x15)         x14=00000020 x15:1c0000b5  PA:1c0000b6
14229107ns          237160 1c008b54 00178793 addi             x15, x15, 1         x15=1c0000b6 x15:1c0000b5
14229127ns          237161 1c008b56 feb71ce3 bne              x14, x11, -8        x14:00000020 x11:00000064
14229186ns          237164 1c008b4e 00070863 beq              x14, x0, 16         x14:00000020
14229206ns          237165 1c008b50 0017c703 lbu              x14, 1(x15)         x14=00000023 x15:1c0000b6  PA:1c0000b7
14229504ns          237180 1c008b54 00178793 addi             x15, x15, 1         x15=1c0000b7 x15:1c0000b6
14229524ns          237181 1c008b56 feb71ce3 bne              x14, x11, -8        x14:00000023 x11:00000064
14229584ns          237184 1c008b4e 00070863 beq              x14, x0, 16         x14:00000023
14229604ns          237185 1c008b50 0017c703 lbu              x14, 1(x15)         x14=00000030 x15:1c0000b7  PA:1c0000b8
14229922ns          237201 1c008b54 00178793 addi             x15, x15, 1         x15=1c0000b8 x15:1c0000b7
14229942ns          237202 1c008b56 feb71ce3 bne              x14, x11, -8        x14:00000030 x11:00000064
14230002ns          237205 1c008b4e 00070863 beq              x14, x0, 16         x14:00000030
14230022ns          237206 1c008b50 0017c703 lbu              x14, 1(x15)         x14=00000000 x15:1c0000b8  PA:1c0000b9
14230320ns          237221 1c008b54 00178793 addi             x15, x15, 1         x15=1c0000b9 x15:1c0000b8
14230340ns          237222 1c008b56 feb71ce3 bne              x14, x11, -8        x14:00000000 x11:00000064
14230399ns          237225 1c008b4e 00070863 beq              x14, x0, 16         x14:00000000
14230459ns          237228 1c008b5e 00000513 addi             x10, x0, 0          x10=00000000
14230479ns          237229 1c008b60 fe058de3 beq              x11, x0, -6         x11:00000064
14230499ns          237230 1c008b62 00008067 jalr             x0, x1, 0            x1:1c008d02
14230559ns          237233 1c008d02 02000913 addi             x18, x0, 32         x18=00000020
14230578ns          237234 1c008d06 00000993 addi             x19, x0, 0          x19=00000000
14230598ns          237235 1c008d08 02b00a93 addi             x21, x0, 43         x21=0000002b
14230618ns          237236 1c008d0c 02d00b93 addi             x23, x0, 45         x23=0000002d
14230658ns          237238 1c008d10 03000b13 addi             x22, x0, 48         x22=00000030
14230698ns          237240 1c008d14 00900633 add              x12, x0, x9         x12=1c00005d  x9:1c00005d
14230718ns          237241 1c008d16 02050963 beq              x10, x0, 50         x10:00000000
14230877ns          237249 1c008d48 03312623 sw               x19, 44(x2)         x19:00000000  x2:10002e18  PA:10002e44
14230917ns          237251 1c008d4a 02a00693 addi             x13, x0, 42         x13=0000002a
14230936ns          237252 1c008d4e 014009b3 add              x19, x0, x20        x19=00000064 x20:00000064
14230976ns          237254 1c008d50 01800a33 add              x20, x0, x24        x20=1c00005c x24:1c00005c
14230996ns          237255 1c008d52 00900c33 add              x24, x0, x9         x24=1c00005d  x9:1c00005d
14231016ns          237256 1c008d54 01c12483 lw               x9, 28(x2)           x9=00000002  x2:10002e18  PA:10002e34
14231036ns          237257 1c008d56 42d98063 beq              x19, x13, 1056      x19:00000064 x13:0000002a
14231056ns          237258 1c008d5a fd098693 addi             x13, x19, -48       x13=00000034 x19:00000064
14231076ns          237259 1c008d5e 00900513 addi             x10, x0, 9          x10=00000009
14231155ns          237263 1c008d60 00000a93 addi             x21, x0, 0          x21=00000000
14231195ns          237265 1c008d62 3cd57f63 bgeu             x10, x13, 990       x10:00000009 x13:00000034
14231215ns          237266 1c008d66 02e00793 addi             x15, x0, 46         x15=0000002e
14231235ns          237267 1c008d6a fff00b13 addi             x22, x0, -1         x22=ffffffff
14231255ns          237268 1c008d6c 04f981e3 beq              x19, x15, 2114      x19:00000064 x15:0000002e
14231294ns          237270 1c008d70 1c0007b7 lui              x15, 0x1c000000     x15=1c000000
14231334ns          237272 1c008d74 013005b3 add              x11, x0, x19        x11=00000064 x19:00000064
14231354ns          237273 1c008d76 0bc78513 addi             x10, x15, 188       x10=1c0000bc x15:1c000000
14231374ns          237274 1c008d7a 00c12e23 sw               x12, 28(x2)         x12:1c00005d  x2:10002e18  PA:10002e34
14231394ns          237275 1c008d7c dc5ff0ef jal              x1, -572             x1=1c008d7e
14231473ns          237279 1c008b40 00054703 lbu              x14, 0(x10)         x14=00000068 x10:1c0000bc  PA:1c0000bc
14231772ns          237294 1c008b44 0ff5f593 andi             x11, x11, 255       x11=00000064 x11:00000064
14231792ns          237295 1c008b48 00a007b3 add              x15, x0, x10        x15=1c0000bc x10:1c0000bc
14231811ns          237296 1c008b4a 00b70863 beq              x14, x11, 16        x14:00000068 x11:00000064
14231831ns          237297 1c008b4e 00070863 beq              x14, x0, 16         x14:00000068
14231851ns          237298 1c008b50 0017c703 lbu              x14, 1(x15)         x14=0000006c x15:1c0000bc  PA:1c0000bd
14232150ns          237313 1c008b54 00178793 addi             x15, x15, 1         x15=1c0000bd x15:1c0000bc
14232169ns          237314 1c008b56 feb71ce3 bne              x14, x11, -8        x14:0000006c x11:00000064
14232229ns          237317 1c008b4e 00070863 beq              x14, x0, 16         x14:0000006c
14232249ns          237318 1c008b50 0017c703 lbu              x14, 1(x15)         x14=0000004c x15:1c0000bd  PA:1c0000be
14232567ns          237334 1c008b54 00178793 addi             x15, x15, 1         x15=1c0000be x15:1c0000bd
14232587ns          237335 1c008b56 feb71ce3 bne              x14, x11, -8        x14:0000004c x11:00000064
14232647ns          237338 1c008b4e 00070863 beq              x14, x0, 16         x14:0000004c
14232667ns          237339 1c008b50 0017c703 lbu              x14, 1(x15)         x14=0000007a x15:1c0000be  PA:1c0000bf
14232965ns          237354 1c008b54 00178793 addi             x15, x15, 1         x15=1c0000bf x15:1c0000be
14232985ns          237355 1c008b56 feb71ce3 bne              x14, x11, -8        x14:0000007a x11:00000064
14233045ns          237358 1c008b4e 00070863 beq              x14, x0, 16         x14:0000007a
14233064ns          237359 1c008b50 0017c703 lbu              x14, 1(x15)         x14=00000000 x15:1c0000bf  PA:1c0000c0
14233363ns          237374 1c008b54 00178793 addi             x15, x15, 1         x15=1c0000c0 x15:1c0000bf
14233383ns          237375 1c008b56 feb71ce3 bne              x14, x11, -8        x14:00000000 x11:00000064
14233442ns          237378 1c008b4e 00070863 beq              x14, x0, 16         x14:00000000
14233502ns          237381 1c008b5e 00000513 addi             x10, x0, 0          x10=00000000
14233522ns          237382 1c008b60 fe058de3 beq              x11, x0, -6         x11:00000064
14233542ns          237383 1c008b62 00008067 jalr             x0, x1, 0            x1:1c008d7e
14233582ns          237385 1c008d7e 01c12603 lw               x12, 28(x2)         x12=1c00005d  x2:10002e18  PA:10002e34
14233621ns          237387 1c008d80 00c00a33 add              x20, x0, x12        x20=1c00005d x12:1c00005d
14233641ns          237388 1c008d82 00050563 beq              x10, x0, 10         x10:00000000
14234118ns          237412 1c008d8c 06900793 addi             x15, x0, 105        x15=00000069
14234138ns          237413 1c008d90 1cf98be3 beq              x19, x15, 2518      x19:00000064 x15:00000069
14234158ns          237414 1c008d94 4b37ce63 blt              x15, x19, 1212      x15:00000069 x19:00000064
14234178ns          237415 1c008d98 05800793 addi             x15, x0, 88         x15=00000058
14234198ns          237416 1c008d9c 4cf98863 beq              x19, x15, 1232      x19:00000064 x15:00000058
14234636ns          237438 1c008da0 3f37cd63 blt              x15, x19, 1018      x15:00000058 x19:00000064
14234775ns          237445 1c00919a 06400793 addi             x15, x0, 100        x15=00000064
14234834ns          237448 1c00919e 5cf98463 beq              x19, x15, 1480      x19:00000064 x15:00000064
14234934ns          237453 1c009766 01812b83 lw               x23, 24(x2)         x23=10002f7c  x2:10002e18  PA:10002e30
14234974ns          237455 1c009768 004ba60b p.lw             x12, 4(x23!)        x12=00000006 x23=10002f80 x23:10002f7c  PA:10002f7c
14235013ns          237457 1c00976c 48064963 blt              x12, x0, 1170       x12:00000006
14235053ns          237459 1c009770 01412783 lw               x15, 20(x2)         x15=00000000  x2:10002e18  PA:10002e2c
14235073ns          237460 1c009772 00c00733 add              x14, x0, x12        x14=00000006 x12:00000006
14235093ns          237461 1c009774 56078863 beq              x15, x0, 1392       x15:00000000
14235192ns          237466 1c009ce4 01012783 lw               x15, 16(x2)         x15=00000000  x2:10002e18  PA:10002e28
14235212ns          237467 1c009ce6 01b00533 add              x10, x0, x27        x10=10002e4c x27:10002e4c
14235232ns          237468 1c009ce8 a8078ee3 beq              x15, x0, -1380      x15:00000000
14235391ns          237476 1c009784 00a007b3 add              x15, x0, x10        x15=10002e4c x10:10002e4c
14235411ns          237477 1c009786 00a00593 addi             x11, x0, 10         x11=0000000a
14235431ns          237478 1c009788 00900313 addi             x6, x0, 9            x6=00000009
14235451ns          237479 1c00978a 02b776b3 remu             x13, x14, x11       x13=00000006 x14:00000006 x11:0000000a
14236068ns          237510 1c00978e 00e00833 add              x16, x0, x14        x16=00000006 x14:00000006
14236087ns          237511 1c009790 00f008b3 add              x17, x0, x15        x17=10002e4c x15:10002e4c
14236107ns          237512 1c009792 03068693 addi             x13, x13, 48        x13=00000036 x13:00000006
14236127ns          237513 1c009796 00d780ab p.sb             x13, 1(x15!)        x15=10002e4d x13:00000036 x15:10002e4c  PA:10002e4c
14236147ns          237514 1c00979a 02b75733 divu             x14, x14, x11       x14=00000000 x14:00000006 x11:0000000a
14236783ns          237546 1c00979e ff0366e3 bltu             x6, x16, -20         x6:00000009 x16:00000006
14236803ns          237547 1c0097a2 40a78733 sub              x14, x15, x10       x14=00000001 x15:10002e4d x10:10002e4c
14236823ns          237548 1c0097a6 01675c63 bge              x14, x22, 24        x14:00000001 x22:ffffffff
14237380ns          237576 1c0097be 00078023 sb               x0, 0(x15)          x15:10002e4d  PA:10002e4d
14237420ns          237578 1c0097c2 0b157563 bgeu             x10, x17, 170       x10:10002e4c x17:10002e4c
14237519ns          237583 1c00986c 01412703 lw               x14, 20(x2)         x14=00000000  x2:10002e18  PA:10002e2c
14237539ns          237584 1c00986e 01012683 lw               x13, 16(x2)         x13=00000000  x2:10002e18  PA:10002e28
14237599ns          237587 1c009870 41b787b3 sub              x15, x15, x27       x15=00000001 x15:10002e4d x27:10002e4c
14237639ns          237589 1c009874 00d76733 or               x14, x14, x13       x14=00000000 x14:00000000 x13:00000000
14237659ns          237590 1c009876 02e12623 sw               x14, 44(x2)         x14:00000000  x2:10002e18  PA:10002e44
14237678ns          237591 1c009878 b0071be3 bne              x14, x0, -1258      x14:00000000
14237698ns          237592 1c00987c 01f65713 srli             x14, x12, 0x1f      x14=00000000 x12:00000006
14237738ns          237594 1c009880 02e12623 sw               x14, 44(x2)         x14:00000000  x2:10002e18  PA:10002e44
14237778ns          237596 1c009882 b0dff06f jal              x0, -1268          
14237897ns          237602 1c00938e ebfb2be3 p.beqimm         x22, -330           x22:ffffffff
14237997ns          237607 1c009244 0c800713 addi             x14, x0, 200        x14=000000c8
14238036ns          237609 1c009248 14f75b63 bge              x14, x15, 342       x14:000000c8 x15:00000001
14238215ns          237618 1c00939e 00178613 addi             x12, x15, 1         x12=00000002 x15:00000001
14238255ns          237620 1c0093a2 0557c863 blt              x15, x21, 80        x15:00000001 x21:00000000
14238275ns          237621 1c0093a6 01712c23 sw               x23, 24(x2)         x23:10002f80  x2:10002e18  PA:10002e30
14238295ns          237622 1c0093a8 00f00ab3 add              x21, x0, x15        x21=00000001 x15:00000001
14238315ns          237623 1c0093aa 8e0a8fe3 beq              x21, x0, -1794      x21:00000001
14238335ns          237624 1c0093ae 01b00933 add              x18, x0, x27        x18=10002e4c x27:10002e4c
14238355ns          237625 1c0093b0 41b409b3 sub              x19, x8, x27        x19=efffd1b7  x8:00000003 x27:10002e4c
14238375ns          237626 1c0093b4 01ba8ab3 add              x21, x21, x27       x21=10002e4d x21:00000001 x27:10002e4c
14238394ns          237627 1c0093b6 00a0006f jal              x0, 10             
14238832ns          237649 1c0093c0 0019450b p.lbu            x10, 1(x18!)        x10=00000036 x18=10002e4d x18:10002e4c  PA:10002e4c
14238852ns          237650 1c0093c4 009005b3 add              x11, x0, x9         x11=00000002  x9:00000002
14238872ns          237651 1c0093c6 000c80e7 jalr             x1, x25, 0           x1=1c0093c8 x25:1c008bb6
14238912ns          237653 1c008bb6 000026b7 lui              x13, 0x2000         x13=00002000
14238931ns          237654 1c008bb8 f8068693 addi             x13, x13, -128      x13=00001f80 x13:00002000
14238951ns          237655 1c008bbc f14027f3 csrrs            x15, x0, 0xf14      x15=00000005
14238971ns          237656 1c008bc0 00379713 slli             x14, x15, 0x3       x14=00000028 x15:00000005
14238991ns          237657 1c008bc4 00279793 slli             x15, x15, 0x2       x15=00000014 x15:00000005
14239011ns          237658 1c008bc6 00d7f7b3 and              x15, x15, x13       x15=00000000 x15:00000014 x13:00001f80
14239031ns          237659 1c008bc8 ee873733 p.bclr           x14, x14, 23, 8     x14=00000028 x14:00000028
14239051ns          237660 1c008bcc 1a10f6b7 lui              x13, 0x1a10f000     x13=1a10f000
14239090ns          237662 1c008bd0 00d70733 add              x14, x14, x13       x14=1a10f028 x14:00000028 x13:1a10f000
14239110ns          237663 1c008bd2 00e787b3 add              x15, x15, x14       x15=1a10f028 x15:00000000 x14:1a10f028
14239130ns          237664 1c008bd4 0ff57513 andi             x10, x10, 255       x10=00000036 x10:00000036
14239150ns          237665 1c008bd8 00a7a023 sw               x10, 0(x15)         x10:00000036 x15:1a10f028  PA:1a10f028
14239508ns          237683 1c008bda 00000513 addi             x10, x0, 0          x10=00000000
14239528ns          237684 1c008bdc 00008067 jalr             x0, x1, 0            x1:1c0093c8
14239568ns          237686 1c0093c8 fff538e3 p.bneimm         x10, -16            x10:00000000
14239687ns          237692 1c0093b8 01298433 add              x8, x19, x18         x8=00000004 x19:efffd1b7 x18:10002e4d
14239707ns          237693 1c0093bc 8f2a86e3 beq              x21, x18, -1812     x21:10002e4d x18:10002e4d
14239767ns          237696 1c008ca8 001a450b p.lbu            x10, 1(x20!)        x10=00000020 x20=1c00005e x20:1c00005d  PA:1c00005d
14240085ns          237712 1c008cac fe0515e3 bne              x10, x0, -22        x10:00000020
14240224ns          237719 1c008c96 02500793 addi             x15, x0, 37         x15=00000025
14240244ns          237720 1c008c9a 04f50763 beq              x10, x15, 78        x10:00000020 x15:00000025
14240264ns          237721 1c008c9e 009005b3 add              x11, x0, x9         x11=00000002  x9:00000002
14240284ns          237722 1c008ca0 000c80e7 jalr             x1, x25, 0           x1=1c008ca2 x25:1c008bb6
14240324ns          237724 1c008bb6 000026b7 lui              x13, 0x2000         x13=00002000
14240343ns          237725 1c008bb8 f8068693 addi             x13, x13, -128      x13=00001f80 x13:00002000
14240363ns          237726 1c008bbc f14027f3 csrrs            x15, x0, 0xf14      x15=00000005
14240383ns          237727 1c008bc0 00379713 slli             x14, x15, 0x3       x14=00000028 x15:00000005
14240403ns          237728 1c008bc4 00279793 slli             x15, x15, 0x2       x15=00000014 x15:00000005
14240423ns          237729 1c008bc6 00d7f7b3 and              x15, x15, x13       x15=00000000 x15:00000014 x13:00001f80
14240443ns          237730 1c008bc8 ee873733 p.bclr           x14, x14, 23, 8     x14=00000028 x14:00000028
14240463ns          237731 1c008bcc 1a10f6b7 lui              x13, 0x1a10f000     x13=1a10f000
14240483ns          237732 1c008bd0 00d70733 add              x14, x14, x13       x14=1a10f028 x14:00000028 x13:1a10f000
14240503ns          237733 1c008bd2 00e787b3 add              x15, x15, x14       x15=1a10f028 x15:00000000 x14:1a10f028
14240522ns          237734 1c008bd4 0ff57513 andi             x10, x10, 255       x10=00000020 x10:00000020
14240542ns          237735 1c008bd8 00a7a023 sw               x10, 0(x15)         x10:00000020 x15:1a10f028  PA:1a10f028
14240861ns          237751 1c008bda 00000513 addi             x10, x0, 0          x10=00000000
14240880ns          237752 1c008bdc 00008067 jalr             x0, x1, 0            x1:1c008ca2
14240940ns          237755 1c008ca2 4df52863 p.beqimm         x10, 1232           x10:00000000
14240960ns          237756 1c008ca6 00140413 addi             x8, x8, 1            x8=00000005  x8:00000004
14240980ns          237757 1c008ca8 001a450b p.lbu            x10, 1(x20!)        x10=00000028 x20=1c00005f x20:1c00005e  PA:1c00005e
14241298ns          237773 1c008cac fe0515e3 bne              x10, x0, -22        x10:00000028
14241378ns          237777 1c008c96 02500793 addi             x15, x0, 37         x15=00000025
14241398ns          237778 1c008c9a 04f50763 beq              x10, x15, 78        x10:00000028 x15:00000025
14241417ns          237779 1c008c9e 009005b3 add              x11, x0, x9         x11=00000002  x9:00000002
14241437ns          237780 1c008ca0 000c80e7 jalr             x1, x25, 0           x1=1c008ca2 x25:1c008bb6
14241477ns          237782 1c008bb6 000026b7 lui              x13, 0x2000         x13=00002000
14241497ns          237783 1c008bb8 f8068693 addi             x13, x13, -128      x13=00001f80 x13:00002000
14241517ns          237784 1c008bbc f14027f3 csrrs            x15, x0, 0xf14      x15=00000005
14241537ns          237785 1c008bc0 00379713 slli             x14, x15, 0x3       x14=00000028 x15:00000005
14241557ns          237786 1c008bc4 00279793 slli             x15, x15, 0x2       x15=00000014 x15:00000005
14241576ns          237787 1c008bc6 00d7f7b3 and              x15, x15, x13       x15=00000000 x15:00000014 x13:00001f80
14241596ns          237788 1c008bc8 ee873733 p.bclr           x14, x14, 23, 8     x14=00000028 x14:00000028
14241616ns          237789 1c008bcc 1a10f6b7 lui              x13, 0x1a10f000     x13=1a10f000
14241636ns          237790 1c008bd0 00d70733 add              x14, x14, x13       x14=1a10f028 x14:00000028 x13:1a10f000
14241656ns          237791 1c008bd2 00e787b3 add              x15, x15, x14       x15=1a10f028 x15:00000000 x14:1a10f028
14241676ns          237792 1c008bd4 0ff57513 andi             x10, x10, 255       x10=00000028 x10:00000028
14241696ns          237793 1c008bd8 00a7a023 sw               x10, 0(x15)         x10:00000028 x15:1a10f028  PA:1a10f028
14242014ns          237809 1c008bda 00000513 addi             x10, x0, 0          x10=00000000
14242034ns          237810 1c008bdc 00008067 jalr             x0, x1, 0            x1:1c008ca2
14242094ns          237813 1c008ca2 4df52863 p.beqimm         x10, 1232           x10:00000000
14242113ns          237814 1c008ca6 00140413 addi             x8, x8, 1            x8=00000006  x8:00000005
14242133ns          237815 1c008ca8 001a450b p.lbu            x10, 1(x20!)        x10=00000043 x20=1c000060 x20:1c00005f  PA:1c00005f
14242452ns          237831 1c008cac fe0515e3 bne              x10, x0, -22        x10:00000043
14242531ns          237835 1c008c96 02500793 addi             x15, x0, 37         x15=00000025
14242551ns          237836 1c008c9a 04f50763 beq              x10, x15, 78        x10:00000043 x15:00000025
14242571ns          237837 1c008c9e 009005b3 add              x11, x0, x9         x11=00000002  x9:00000002
14242591ns          237838 1c008ca0 000c80e7 jalr             x1, x25, 0           x1=1c008ca2 x25:1c008bb6
14242631ns          237840 1c008bb6 000026b7 lui              x13, 0x2000         x13=00002000
14242650ns          237841 1c008bb8 f8068693 addi             x13, x13, -128      x13=00001f80 x13:00002000
14242670ns          237842 1c008bbc f14027f3 csrrs            x15, x0, 0xf14      x15=00000005
14242690ns          237843 1c008bc0 00379713 slli             x14, x15, 0x3       x14=00000028 x15:00000005
14242710ns          237844 1c008bc4 00279793 slli             x15, x15, 0x2       x15=00000014 x15:00000005
14242730ns          237845 1c008bc6 00d7f7b3 and              x15, x15, x13       x15=00000000 x15:00000014 x13:00001f80
14242750ns          237846 1c008bc8 ee873733 p.bclr           x14, x14, 23, 8     x14=00000028 x14:00000028
14242770ns          237847 1c008bcc 1a10f6b7 lui              x13, 0x1a10f000     x13=1a10f000
14242790ns          237848 1c008bd0 00d70733 add              x14, x14, x13       x14=1a10f028 x14:00000028 x13:1a10f000
14242810ns          237849 1c008bd2 00e787b3 add              x15, x15, x14       x15=1a10f028 x15:00000000 x14:1a10f028
14242829ns          237850 1c008bd4 0ff57513 andi             x10, x10, 255       x10=00000043 x10:00000043
14242849ns          237851 1c008bd8 00a7a023 sw               x10, 0(x15)         x10:00000043 x15:1a10f028  PA:1a10f028
14243187ns          237868 1c008bda 00000513 addi             x10, x0, 0          x10=00000000
14243207ns          237869 1c008bdc 00008067 jalr             x0, x1, 0            x1:1c008ca2
14243267ns          237872 1c008ca2 4df52863 p.beqimm         x10, 1232           x10:00000000
14243287ns          237873 1c008ca6 00140413 addi             x8, x8, 1            x8=00000007  x8:00000006
14243307ns          237874 1c008ca8 001a450b p.lbu            x10, 1(x20!)        x10=0000006f x20=1c000061 x20:1c000060  PA:1c000060
14243625ns          237890 1c008cac fe0515e3 bne              x10, x0, -22        x10:0000006f
14243705ns          237894 1c008c96 02500793 addi             x15, x0, 37         x15=00000025
14243724ns          237895 1c008c9a 04f50763 beq              x10, x15, 78        x10:0000006f x15:00000025
14243744ns          237896 1c008c9e 009005b3 add              x11, x0, x9         x11=00000002  x9:00000002
14243764ns          237897 1c008ca0 000c80e7 jalr             x1, x25, 0           x1=1c008ca2 x25:1c008bb6
14243804ns          237899 1c008bb6 000026b7 lui              x13, 0x2000         x13=00002000
14243824ns          237900 1c008bb8 f8068693 addi             x13, x13, -128      x13=00001f80 x13:00002000
14243844ns          237901 1c008bbc f14027f3 csrrs            x15, x0, 0xf14      x15=00000005
14243864ns          237902 1c008bc0 00379713 slli             x14, x15, 0x3       x14=00000028 x15:00000005
14243884ns          237903 1c008bc4 00279793 slli             x15, x15, 0x2       x15=00000014 x15:00000005
14243903ns          237904 1c008bc6 00d7f7b3 and              x15, x15, x13       x15=00000000 x15:00000014 x13:00001f80
14243923ns          237905 1c008bc8 ee873733 p.bclr           x14, x14, 23, 8     x14=00000028 x14:00000028
14243943ns          237906 1c008bcc 1a10f6b7 lui              x13, 0x1a10f000     x13=1a10f000
14243963ns          237907 1c008bd0 00d70733 add              x14, x14, x13       x14=1a10f028 x14:00000028 x13:1a10f000
14243983ns          237908 1c008bd2 00e787b3 add              x15, x15, x14       x15=1a10f028 x15:00000000 x14:1a10f028
14244003ns          237909 1c008bd4 0ff57513 andi             x10, x10, 255       x10=0000006f x10:0000006f
14244023ns          237910 1c008bd8 00a7a023 sw               x10, 0(x15)         x10:0000006f x15:1a10f028  PA:1a10f028
14244361ns          237927 1c008bda 00000513 addi             x10, x0, 0          x10=00000000
14244381ns          237928 1c008bdc 00008067 jalr             x0, x1, 0            x1:1c008ca2
14244440ns          237931 1c008ca2 4df52863 p.beqimm         x10, 1232           x10:00000000
14244460ns          237932 1c008ca6 00140413 addi             x8, x8, 1            x8=00000008  x8:00000007
14244480ns          237933 1c008ca8 001a450b p.lbu            x10, 1(x20!)        x10=00000072 x20=1c000062 x20:1c000061  PA:1c000061
14244798ns          237949 1c008cac fe0515e3 bne              x10, x0, -22        x10:00000072
14244878ns          237953 1c008c96 02500793 addi             x15, x0, 37         x15=00000025
14244898ns          237954 1c008c9a 04f50763 beq              x10, x15, 78        x10:00000072 x15:00000025
14244918ns          237955 1c008c9e 009005b3 add              x11, x0, x9         x11=00000002  x9:00000002
14244938ns          237956 1c008ca0 000c80e7 jalr             x1, x25, 0           x1=1c008ca2 x25:1c008bb6
14244977ns          237958 1c008bb6 000026b7 lui              x13, 0x2000         x13=00002000
14244997ns          237959 1c008bb8 f8068693 addi             x13, x13, -128      x13=00001f80 x13:00002000
14245017ns          237960 1c008bbc f14027f3 csrrs            x15, x0, 0xf14      x15=00000005
14245037ns          237961 1c008bc0 00379713 slli             x14, x15, 0x3       x14=00000028 x15:00000005
14245057ns          237962 1c008bc4 00279793 slli             x15, x15, 0x2       x15=00000014 x15:00000005
14245077ns          237963 1c008bc6 00d7f7b3 and              x15, x15, x13       x15=00000000 x15:00000014 x13:00001f80
14245097ns          237964 1c008bc8 ee873733 p.bclr           x14, x14, 23, 8     x14=00000028 x14:00000028
14245117ns          237965 1c008bcc 1a10f6b7 lui              x13, 0x1a10f000     x13=1a10f000
14245136ns          237966 1c008bd0 00d70733 add              x14, x14, x13       x14=1a10f028 x14:00000028 x13:1a10f000
14245156ns          237967 1c008bd2 00e787b3 add              x15, x15, x14       x15=1a10f028 x15:00000000 x14:1a10f028
14245176ns          237968 1c008bd4 0ff57513 andi             x10, x10, 255       x10=00000072 x10:00000072
14245196ns          237969 1c008bd8 00a7a023 sw               x10, 0(x15)         x10:00000072 x15:1a10f028  PA:1a10f028
14245514ns          237985 1c008bda 00000513 addi             x10, x0, 0          x10=00000000
14245534ns          237986 1c008bdc 00008067 jalr             x0, x1, 0            x1:1c008ca2
14245594ns          237989 1c008ca2 4df52863 p.beqimm         x10, 1232           x10:00000000
14245614ns          237990 1c008ca6 00140413 addi             x8, x8, 1            x8=00000009  x8:00000008
14245634ns          237991 1c008ca8 001a450b p.lbu            x10, 1(x20!)        x10=00000065 x20=1c000063 x20:1c000062  PA:1c000062
14245952ns          238007 1c008cac fe0515e3 bne              x10, x0, -22        x10:00000065
14246031ns          238011 1c008c96 02500793 addi             x15, x0, 37         x15=00000025
14246051ns          238012 1c008c9a 04f50763 beq              x10, x15, 78        x10:00000065 x15:00000025
14246071ns          238013 1c008c9e 009005b3 add              x11, x0, x9         x11=00000002  x9:00000002
14246091ns          238014 1c008ca0 000c80e7 jalr             x1, x25, 0           x1=1c008ca2 x25:1c008bb6
14246131ns          238016 1c008bb6 000026b7 lui              x13, 0x2000         x13=00002000
14246151ns          238017 1c008bb8 f8068693 addi             x13, x13, -128      x13=00001f80 x13:00002000
14246171ns          238018 1c008bbc f14027f3 csrrs            x15, x0, 0xf14      x15=00000005
14246191ns          238019 1c008bc0 00379713 slli             x14, x15, 0x3       x14=00000028 x15:00000005
14246210ns          238020 1c008bc4 00279793 slli             x15, x15, 0x2       x15=00000014 x15:00000005
14246230ns          238021 1c008bc6 00d7f7b3 and              x15, x15, x13       x15=00000000 x15:00000014 x13:00001f80
14246250ns          238022 1c008bc8 ee873733 p.bclr           x14, x14, 23, 8     x14=00000028 x14:00000028
14246270ns          238023 1c008bcc 1a10f6b7 lui              x13, 0x1a10f000     x13=1a10f000
14246290ns          238024 1c008bd0 00d70733 add              x14, x14, x13       x14=1a10f028 x14:00000028 x13:1a10f000
14246310ns          238025 1c008bd2 00e787b3 add              x15, x15, x14       x15=1a10f028 x15:00000000 x14:1a10f028
14246330ns          238026 1c008bd4 0ff57513 andi             x10, x10, 255       x10=00000065 x10:00000065
14246350ns          238027 1c008bd8 00a7a023 sw               x10, 0(x15)         x10:00000065 x15:1a10f028  PA:1a10f028
14246708ns          238045 1c008bda 00000513 addi             x10, x0, 0          x10=00000000
14246727ns          238046 1c008bdc 00008067 jalr             x0, x1, 0            x1:1c008ca2
14246787ns          238049 1c008ca2 4df52863 p.beqimm         x10, 1232           x10:00000000
14246807ns          238050 1c008ca6 00140413 addi             x8, x8, 1            x8=0000000a  x8:00000009
14246827ns          238051 1c008ca8 001a450b p.lbu            x10, 1(x20!)        x10=00000020 x20=1c000064 x20:1c000063  PA:1c000063
14247165ns          238068 1c008cac fe0515e3 bne              x10, x0, -22        x10:00000020
14247245ns          238072 1c008c96 02500793 addi             x15, x0, 37         x15=00000025
14247264ns          238073 1c008c9a 04f50763 beq              x10, x15, 78        x10:00000020 x15:00000025
14247284ns          238074 1c008c9e 009005b3 add              x11, x0, x9         x11=00000002  x9:00000002
14247304ns          238075 1c008ca0 000c80e7 jalr             x1, x25, 0           x1=1c008ca2 x25:1c008bb6
14247344ns          238077 1c008bb6 000026b7 lui              x13, 0x2000         x13=00002000
14247364ns          238078 1c008bb8 f8068693 addi             x13, x13, -128      x13=00001f80 x13:00002000
14247384ns          238079 1c008bbc f14027f3 csrrs            x15, x0, 0xf14      x15=00000005
14247404ns          238080 1c008bc0 00379713 slli             x14, x15, 0x3       x14=00000028 x15:00000005
14247424ns          238081 1c008bc4 00279793 slli             x15, x15, 0x2       x15=00000014 x15:00000005
14247443ns          238082 1c008bc6 00d7f7b3 and              x15, x15, x13       x15=00000000 x15:00000014 x13:00001f80
14247463ns          238083 1c008bc8 ee873733 p.bclr           x14, x14, 23, 8     x14=00000028 x14:00000028
14247483ns          238084 1c008bcc 1a10f6b7 lui              x13, 0x1a10f000     x13=1a10f000
14247503ns          238085 1c008bd0 00d70733 add              x14, x14, x13       x14=1a10f028 x14:00000028 x13:1a10f000
14247523ns          238086 1c008bd2 00e787b3 add              x15, x15, x14       x15=1a10f028 x15:00000000 x14:1a10f028
14247543ns          238087 1c008bd4 0ff57513 andi             x10, x10, 255       x10=00000020 x10:00000020
14247563ns          238088 1c008bd8 00a7a023 sw               x10, 0(x15)         x10:00000020 x15:1a10f028  PA:1a10f028
14247881ns          238104 1c008bda 00000513 addi             x10, x0, 0          x10=00000000
14247901ns          238105 1c008bdc 00008067 jalr             x0, x1, 0            x1:1c008ca2
14247961ns          238108 1c008ca2 4df52863 p.beqimm         x10, 1232           x10:00000000
14247980ns          238109 1c008ca6 00140413 addi             x8, x8, 1            x8=0000000b  x8:0000000a
14248000ns          238110 1c008ca8 001a450b p.lbu            x10, 1(x20!)        x10=00000025 x20=1c000065 x20:1c000064  PA:1c000064
14248319ns          238126 1c008cac fe0515e3 bne              x10, x0, -22        x10:00000025
14248398ns          238130 1c008c96 02500793 addi             x15, x0, 37         x15=00000025
14248418ns          238131 1c008c9a 04f50763 beq              x10, x15, 78        x10:00000025 x15:00000025
14248517ns          238136 1c008ce8 01400c33 add              x24, x0, x20        x24=1c000065 x20:1c000065
14248557ns          238138 1c008cea 000c4a03 lbu              x20, 0(x24)         x20=00000064 x24:1c000065  PA:1c000065
14248856ns          238153 1c008cee 0b4d0513 addi             x10, x26, 180       x10=1c0000b4 x26:1c000000
14248875ns          238154 1c008cf2 00912e23 sw               x9, 28(x2)           x9:00000002  x2:10002e18  PA:10002e34
14248895ns          238155 1c008cf4 014005b3 add              x11, x0, x20        x11=00000064 x20:00000064
14248915ns          238156 1c008cf6 00012823 sw               x0, 16(x2)           x2:10002e18  PA:10002e28
14248935ns          238157 1c008cf8 00012a23 sw               x0, 20(x2)           x2:10002e18  PA:10002e2c
14248955ns          238158 1c008cfa 00012623 sw               x0, 12(x2)           x2:10002e18  PA:10002e24
14248975ns          238159 1c008cfc 001c0493 addi             x9, x24, 1           x9=1c000066 x24:1c000065
14248995ns          238160 1c008d00 e41ff0ef jal              x1, -448             x1=1c008d02
14249034ns          238162 1c008b40 00054703 lbu              x14, 0(x10)         x14=0000002d x10:1c0000b4  PA:1c0000b4
14249333ns          238177 1c008b44 0ff5f593 andi             x11, x11, 255       x11=00000064 x11:00000064
14249353ns          238178 1c008b48 00a007b3 add              x15, x0, x10        x15=1c0000b4 x10:1c0000b4
14249373ns          238179 1c008b4a 00b70863 beq              x14, x11, 16        x14:0000002d x11:00000064
14249392ns          238180 1c008b4e 00070863 beq              x14, x0, 16         x14:0000002d
14249412ns          238181 1c008b50 0017c703 lbu              x14, 1(x15)         x14=0000002b x15:1c0000b4  PA:1c0000b5
14249731ns          238197 1c008b54 00178793 addi             x15, x15, 1         x15=1c0000b5 x15:1c0000b4
14249750ns          238198 1c008b56 feb71ce3 bne              x14, x11, -8        x14:0000002b x11:00000064
14249810ns          238201 1c008b4e 00070863 beq              x14, x0, 16         x14:0000002b
14249830ns          238202 1c008b50 0017c703 lbu              x14, 1(x15)         x14=00000020 x15:1c0000b5  PA:1c0000b6
14250128ns          238217 1c008b54 00178793 addi             x15, x15, 1         x15=1c0000b6 x15:1c0000b5
14250148ns          238218 1c008b56 feb71ce3 bne              x14, x11, -8        x14:00000020 x11:00000064
14250208ns          238221 1c008b4e 00070863 beq              x14, x0, 16         x14:00000020
14250228ns          238222 1c008b50 0017c703 lbu              x14, 1(x15)         x14=00000023 x15:1c0000b6  PA:1c0000b7
14250526ns          238237 1c008b54 00178793 addi             x15, x15, 1         x15=1c0000b7 x15:1c0000b6
14250546ns          238238 1c008b56 feb71ce3 bne              x14, x11, -8        x14:00000023 x11:00000064
14250606ns          238241 1c008b4e 00070863 beq              x14, x0, 16         x14:00000023
14250626ns          238242 1c008b50 0017c703 lbu              x14, 1(x15)         x14=00000030 x15:1c0000b7  PA:1c0000b8
14250924ns          238257 1c008b54 00178793 addi             x15, x15, 1         x15=1c0000b8 x15:1c0000b7
14250944ns          238258 1c008b56 feb71ce3 bne              x14, x11, -8        x14:00000030 x11:00000064
14251003ns          238261 1c008b4e 00070863 beq              x14, x0, 16         x14:00000030
14251023ns          238262 1c008b50 0017c703 lbu              x14, 1(x15)         x14=00000000 x15:1c0000b8  PA:1c0000b9
14251322ns          238277 1c008b54 00178793 addi             x15, x15, 1         x15=1c0000b9 x15:1c0000b8
14251342ns          238278 1c008b56 feb71ce3 bne              x14, x11, -8        x14:00000000 x11:00000064
14251401ns          238281 1c008b4e 00070863 beq              x14, x0, 16         x14:00000000
14251461ns          238284 1c008b5e 00000513 addi             x10, x0, 0          x10=00000000
14251481ns          238285 1c008b60 fe058de3 beq              x11, x0, -6         x11:00000064
14251501ns          238286 1c008b62 00008067 jalr             x0, x1, 0            x1:1c008d02
14251560ns          238289 1c008d02 02000913 addi             x18, x0, 32         x18=00000020
14251580ns          238290 1c008d06 00000993 addi             x19, x0, 0          x19=00000000
14251600ns          238291 1c008d08 02b00a93 addi             x21, x0, 43         x21=0000002b
14251620ns          238292 1c008d0c 02d00b93 addi             x23, x0, 45         x23=0000002d
14251660ns          238294 1c008d10 03000b13 addi             x22, x0, 48         x22=00000030
14251699ns          238296 1c008d14 00900633 add              x12, x0, x9         x12=1c000066  x9:1c000066
14251719ns          238297 1c008d16 02050963 beq              x10, x0, 50         x10:00000000
14251878ns          238305 1c008d48 03312623 sw               x19, 44(x2)         x19:00000000  x2:10002e18  PA:10002e44
14251918ns          238307 1c008d4a 02a00693 addi             x13, x0, 42         x13=0000002a
14251938ns          238308 1c008d4e 014009b3 add              x19, x0, x20        x19=00000064 x20:00000064
14251978ns          238310 1c008d50 01800a33 add              x20, x0, x24        x20=1c000065 x24:1c000065
14251998ns          238311 1c008d52 00900c33 add              x24, x0, x9         x24=1c000066  x9:1c000066
14252018ns          238312 1c008d54 01c12483 lw               x9, 28(x2)           x9=00000002  x2:10002e18  PA:10002e34
14252038ns          238313 1c008d56 42d98063 beq              x19, x13, 1056      x19:00000064 x13:0000002a
14252057ns          238314 1c008d5a fd098693 addi             x13, x19, -48       x13=00000034 x19:00000064
14252077ns          238315 1c008d5e 00900513 addi             x10, x0, 9          x10=00000009
14252097ns          238316 1c008d60 00000a93 addi             x21, x0, 0          x21=00000000
14252117ns          238317 1c008d62 3cd57f63 bgeu             x10, x13, 990       x10:00000009 x13:00000034
14252137ns          238318 1c008d66 02e00793 addi             x15, x0, 46         x15=0000002e
14252157ns          238319 1c008d6a fff00b13 addi             x22, x0, -1         x22=ffffffff
14252177ns          238320 1c008d6c 04f981e3 beq              x19, x15, 2114      x19:00000064 x15:0000002e
14252197ns          238321 1c008d70 1c0007b7 lui              x15, 0x1c000000     x15=1c000000
14252217ns          238322 1c008d74 013005b3 add              x11, x0, x19        x11=00000064 x19:00000064
14252236ns          238323 1c008d76 0bc78513 addi             x10, x15, 188       x10=1c0000bc x15:1c000000
14252256ns          238324 1c008d7a 00c12e23 sw               x12, 28(x2)         x12:1c000066  x2:10002e18  PA:10002e34
14252276ns          238325 1c008d7c dc5ff0ef jal              x1, -572             x1=1c008d7e
14252316ns          238327 1c008b40 00054703 lbu              x14, 0(x10)         x14=00000068 x10:1c0000bc  PA:1c0000bc
14252614ns          238342 1c008b44 0ff5f593 andi             x11, x11, 255       x11=00000064 x11:00000064
14252634ns          238343 1c008b48 00a007b3 add              x15, x0, x10        x15=1c0000bc x10:1c0000bc
14252654ns          238344 1c008b4a 00b70863 beq              x14, x11, 16        x14:00000068 x11:00000064
14252674ns          238345 1c008b4e 00070863 beq              x14, x0, 16         x14:00000068
14252694ns          238346 1c008b50 0017c703 lbu              x14, 1(x15)         x14=0000006c x15:1c0000bc  PA:1c0000bd
14252992ns          238361 1c008b54 00178793 addi             x15, x15, 1         x15=1c0000bd x15:1c0000bc
14253012ns          238362 1c008b56 feb71ce3 bne              x14, x11, -8        x14:0000006c x11:00000064
14253072ns          238365 1c008b4e 00070863 beq              x14, x0, 16         x14:0000006c
14253092ns          238366 1c008b50 0017c703 lbu              x14, 1(x15)         x14=0000004c x15:1c0000bd  PA:1c0000be
14253489ns          238386 1c008b54 00178793 addi             x15, x15, 1         x15=1c0000be x15:1c0000bd
14253509ns          238387 1c008b56 feb71ce3 bne              x14, x11, -8        x14:0000004c x11:00000064
14253569ns          238390 1c008b4e 00070863 beq              x14, x0, 16         x14:0000004c
14253589ns          238391 1c008b50 0017c703 lbu              x14, 1(x15)         x14=0000007a x15:1c0000be  PA:1c0000bf
14253887ns          238406 1c008b54 00178793 addi             x15, x15, 1         x15=1c0000bf x15:1c0000be
14253907ns          238407 1c008b56 feb71ce3 bne              x14, x11, -8        x14:0000007a x11:00000064
14253967ns          238410 1c008b4e 00070863 beq              x14, x0, 16         x14:0000007a
14253987ns          238411 1c008b50 0017c703 lbu              x14, 1(x15)         x14=00000000 x15:1c0000bf  PA:1c0000c0
14254285ns          238426 1c008b54 00178793 addi             x15, x15, 1         x15=1c0000c0 x15:1c0000bf
14254305ns          238427 1c008b56 feb71ce3 bne              x14, x11, -8        x14:00000000 x11:00000064
14254364ns          238430 1c008b4e 00070863 beq              x14, x0, 16         x14:00000000
14254424ns          238433 1c008b5e 00000513 addi             x10, x0, 0          x10=00000000
14254444ns          238434 1c008b60 fe058de3 beq              x11, x0, -6         x11:00000064
14254464ns          238435 1c008b62 00008067 jalr             x0, x1, 0            x1:1c008d7e
14254504ns          238437 1c008d7e 01c12603 lw               x12, 28(x2)         x12=1c000066  x2:10002e18  PA:10002e34
14254543ns          238439 1c008d80 00c00a33 add              x20, x0, x12        x20=1c000066 x12:1c000066
14254563ns          238440 1c008d82 00050563 beq              x10, x0, 10         x10:00000000
14254623ns          238443 1c008d8c 06900793 addi             x15, x0, 105        x15=00000069
14254643ns          238444 1c008d90 1cf98be3 beq              x19, x15, 2518      x19:00000064 x15:00000069
14254663ns          238445 1c008d94 4b37ce63 blt              x15, x19, 1212      x15:00000069 x19:00000064
14254683ns          238446 1c008d98 05800793 addi             x15, x0, 88         x15=00000058
14254703ns          238447 1c008d9c 4cf98863 beq              x19, x15, 1232      x19:00000064 x15:00000058
14254762ns          238450 1c008da0 3f37cd63 blt              x15, x19, 1018      x15:00000058 x19:00000064
14254901ns          238457 1c00919a 06400793 addi             x15, x0, 100        x15=00000064
14254961ns          238460 1c00919e 5cf98463 beq              x19, x15, 1480      x19:00000064 x15:00000064
14255061ns          238465 1c009766 01812b83 lw               x23, 24(x2)         x23=10002f80  x2:10002e18  PA:10002e30
14255100ns          238467 1c009768 004ba60b p.lw             x12, 4(x23!)        x12=00000005 x23=10002f84 x23:10002f80  PA:10002f80
14255140ns          238469 1c00976c 48064963 blt              x12, x0, 1170       x12:00000005
14255180ns          238471 1c009770 01412783 lw               x15, 20(x2)         x15=00000000  x2:10002e18  PA:10002e2c
14255200ns          238472 1c009772 00c00733 add              x14, x0, x12        x14=00000005 x12:00000005
14255220ns          238473 1c009774 56078863 beq              x15, x0, 1392       x15:00000000
14255319ns          238478 1c009ce4 01012783 lw               x15, 16(x2)         x15=00000000  x2:10002e18  PA:10002e28
14255339ns          238479 1c009ce6 01b00533 add              x10, x0, x27        x10=10002e4c x27:10002e4c
14255359ns          238480 1c009ce8 a8078ee3 beq              x15, x0, -1380      x15:00000000
14255419ns          238483 1c009784 00a007b3 add              x15, x0, x10        x15=10002e4c x10:10002e4c
14255438ns          238484 1c009786 00a00593 addi             x11, x0, 10         x11=0000000a
14255458ns          238485 1c009788 00900313 addi             x6, x0, 9            x6=00000009
14255478ns          238486 1c00978a 02b776b3 remu             x13, x14, x11       x13=00000005 x14:00000005 x11:0000000a
14256095ns          238517 1c00978e 00e00833 add              x16, x0, x14        x16=00000005 x14:00000005
14256115ns          238518 1c009790 00f008b3 add              x17, x0, x15        x17=10002e4c x15:10002e4c
14256135ns          238519 1c009792 03068693 addi             x13, x13, 48        x13=00000035 x13:00000005
14256154ns          238520 1c009796 00d780ab p.sb             x13, 1(x15!)        x15=10002e4d x13:00000035 x15:10002e4c  PA:10002e4c
14256174ns          238521 1c00979a 02b75733 divu             x14, x14, x11       x14=00000000 x14:00000005 x11:0000000a
14256811ns          238553 1c00979e ff0366e3 bltu             x6, x16, -20         x6:00000009 x16:00000005
14256831ns          238554 1c0097a2 40a78733 sub              x14, x15, x10       x14=00000001 x15:10002e4d x10:10002e4c
14256850ns          238555 1c0097a6 01675c63 bge              x14, x22, 24        x14:00000001 x22:ffffffff
14257029ns          238564 1c0097be 00078023 sb               x0, 0(x15)          x15:10002e4d  PA:10002e4d
14257069ns          238566 1c0097c2 0b157563 bgeu             x10, x17, 170       x10:10002e4c x17:10002e4c
14257129ns          238569 1c00986c 01412703 lw               x14, 20(x2)         x14=00000000  x2:10002e18  PA:10002e2c
14257149ns          238570 1c00986e 01012683 lw               x13, 16(x2)         x13=00000000  x2:10002e18  PA:10002e28
14257169ns          238571 1c009870 41b787b3 sub              x15, x15, x27       x15=00000001 x15:10002e4d x27:10002e4c
14257189ns          238572 1c009874 00d76733 or               x14, x14, x13       x14=00000000 x14:00000000 x13:00000000
14257208ns          238573 1c009876 02e12623 sw               x14, 44(x2)         x14:00000000  x2:10002e18  PA:10002e44
14257228ns          238574 1c009878 b0071be3 bne              x14, x0, -1258      x14:00000000
14257248ns          238575 1c00987c 01f65713 srli             x14, x12, 0x1f      x14=00000000 x12:00000005
14257268ns          238576 1c009880 02e12623 sw               x14, 44(x2)         x14:00000000  x2:10002e18  PA:10002e44
14257288ns          238577 1c009882 b0dff06f jal              x0, -1268          
14257387ns          238582 1c00938e ebfb2be3 p.beqimm         x22, -330           x22:ffffffff
14257487ns          238587 1c009244 0c800713 addi             x14, x0, 200        x14=000000c8
14257527ns          238589 1c009248 14f75b63 bge              x14, x15, 342       x14:000000c8 x15:00000001
14257646ns          238595 1c00939e 00178613 addi             x12, x15, 1         x12=00000002 x15:00000001
14257686ns          238597 1c0093a2 0557c863 blt              x15, x21, 80        x15:00000001 x21:00000000
14257706ns          238598 1c0093a6 01712c23 sw               x23, 24(x2)         x23:10002f84  x2:10002e18  PA:10002e30
14257726ns          238599 1c0093a8 00f00ab3 add              x21, x0, x15        x21=00000001 x15:00000001
14257745ns          238600 1c0093aa 8e0a8fe3 beq              x21, x0, -1794      x21:00000001
14257765ns          238601 1c0093ae 01b00933 add              x18, x0, x27        x18=10002e4c x27:10002e4c
14257785ns          238602 1c0093b0 41b409b3 sub              x19, x8, x27        x19=efffd1bf  x8:0000000b x27:10002e4c
14257805ns          238603 1c0093b4 01ba8ab3 add              x21, x21, x27       x21=10002e4d x21:00000001 x27:10002e4c
14257825ns          238604 1c0093b6 00a0006f jal              x0, 10             
14257905ns          238608 1c0093c0 0019450b p.lbu            x10, 1(x18!)        x10=00000035 x18=10002e4d x18:10002e4c  PA:10002e4c
14257924ns          238609 1c0093c4 009005b3 add              x11, x0, x9         x11=00000002  x9:00000002
14257944ns          238610 1c0093c6 000c80e7 jalr             x1, x25, 0           x1=1c0093c8 x25:1c008bb6
14258024ns          238614 1c008bb6 000026b7 lui              x13, 0x2000         x13=00002000
14258064ns          238616 1c008bb8 f8068693 addi             x13, x13, -128      x13=00001f80 x13:00002000
14258084ns          238617 1c008bbc f14027f3 csrrs            x15, x0, 0xf14      x15=00000005
14258103ns          238618 1c008bc0 00379713 slli             x14, x15, 0x3       x14=00000028 x15:00000005
14258123ns          238619 1c008bc4 00279793 slli             x15, x15, 0x2       x15=00000014 x15:00000005
14258143ns          238620 1c008bc6 00d7f7b3 and              x15, x15, x13       x15=00000000 x15:00000014 x13:00001f80
14258163ns          238621 1c008bc8 ee873733 p.bclr           x14, x14, 23, 8     x14=00000028 x14:00000028
14258183ns          238622 1c008bcc 1a10f6b7 lui              x13, 0x1a10f000     x13=1a10f000
14258203ns          238623 1c008bd0 00d70733 add              x14, x14, x13       x14=1a10f028 x14:00000028 x13:1a10f000
14258223ns          238624 1c008bd2 00e787b3 add              x15, x15, x14       x15=1a10f028 x15:00000000 x14:1a10f028
14258243ns          238625 1c008bd4 0ff57513 andi             x10, x10, 255       x10=00000035 x10:00000035
14258263ns          238626 1c008bd8 00a7a023 sw               x10, 0(x15)         x10:00000035 x15:1a10f028  PA:1a10f028
14258581ns          238642 1c008bda 00000513 addi             x10, x0, 0          x10=00000000
14258601ns          238643 1c008bdc 00008067 jalr             x0, x1, 0            x1:1c0093c8
14258640ns          238645 1c0093c8 fff538e3 p.bneimm         x10, -16            x10:00000000
14258800ns          238653 1c0093b8 01298433 add              x8, x19, x18         x8=0000000c x19:efffd1bf x18:10002e4d
14258839ns          238655 1c0093bc 8f2a86e3 beq              x21, x18, -1812     x21:10002e4d x18:10002e4d
14258899ns          238658 1c008ca8 001a450b p.lbu            x10, 1(x20!)        x10=00000029 x20=1c000067 x20:1c000066  PA:1c000066
14259217ns          238674 1c008cac fe0515e3 bne              x10, x0, -22        x10:00000029
14259297ns          238678 1c008c96 02500793 addi             x15, x0, 37         x15=00000025
14259317ns          238679 1c008c9a 04f50763 beq              x10, x15, 78        x10:00000029 x15:00000025
14259336ns          238680 1c008c9e 009005b3 add              x11, x0, x9         x11=00000002  x9:00000002
14259356ns          238681 1c008ca0 000c80e7 jalr             x1, x25, 0           x1=1c008ca2 x25:1c008bb6
14259396ns          238683 1c008bb6 000026b7 lui              x13, 0x2000         x13=00002000
14259416ns          238684 1c008bb8 f8068693 addi             x13, x13, -128      x13=00001f80 x13:00002000
14259436ns          238685 1c008bbc f14027f3 csrrs            x15, x0, 0xf14      x15=00000005
14259456ns          238686 1c008bc0 00379713 slli             x14, x15, 0x3       x14=00000028 x15:00000005
14259476ns          238687 1c008bc4 00279793 slli             x15, x15, 0x2       x15=00000014 x15:00000005
14259496ns          238688 1c008bc6 00d7f7b3 and              x15, x15, x13       x15=00000000 x15:00000014 x13:00001f80
14259515ns          238689 1c008bc8 ee873733 p.bclr           x14, x14, 23, 8     x14=00000028 x14:00000028
14259535ns          238690 1c008bcc 1a10f6b7 lui              x13, 0x1a10f000     x13=1a10f000
14259555ns          238691 1c008bd0 00d70733 add              x14, x14, x13       x14=1a10f028 x14:00000028 x13:1a10f000
14259575ns          238692 1c008bd2 00e787b3 add              x15, x15, x14       x15=1a10f028 x15:00000000 x14:1a10f028
14259595ns          238693 1c008bd4 0ff57513 andi             x10, x10, 255       x10=00000029 x10:00000029
14259615ns          238694 1c008bd8 00a7a023 sw               x10, 0(x15)         x10:00000029 x15:1a10f028  PA:1a10f028
14259953ns          238711 1c008bda 00000513 addi             x10, x0, 0          x10=00000000
14259973ns          238712 1c008bdc 00008067 jalr             x0, x1, 0            x1:1c008ca2
14260033ns          238715 1c008ca2 4df52863 p.beqimm         x10, 1232           x10:00000000
14260052ns          238716 1c008ca6 00140413 addi             x8, x8, 1            x8=0000000d  x8:0000000c
14260072ns          238717 1c008ca8 001a450b p.lbu            x10, 1(x20!)        x10=00000020 x20=1c000068 x20:1c000067  PA:1c000067
14260410ns          238734 1c008cac fe0515e3 bne              x10, x0, -22        x10:00000020
14260490ns          238738 1c008c96 02500793 addi             x15, x0, 37         x15=00000025
14260510ns          238739 1c008c9a 04f50763 beq              x10, x15, 78        x10:00000020 x15:00000025
14260530ns          238740 1c008c9e 009005b3 add              x11, x0, x9         x11=00000002  x9:00000002
14260550ns          238741 1c008ca0 000c80e7 jalr             x1, x25, 0           x1=1c008ca2 x25:1c008bb6
14260589ns          238743 1c008bb6 000026b7 lui              x13, 0x2000         x13=00002000
14260609ns          238744 1c008bb8 f8068693 addi             x13, x13, -128      x13=00001f80 x13:00002000
14260629ns          238745 1c008bbc f14027f3 csrrs            x15, x0, 0xf14      x15=00000005
14260649ns          238746 1c008bc0 00379713 slli             x14, x15, 0x3       x14=00000028 x15:00000005
14260669ns          238747 1c008bc4 00279793 slli             x15, x15, 0x2       x15=00000014 x15:00000005
14260689ns          238748 1c008bc6 00d7f7b3 and              x15, x15, x13       x15=00000000 x15:00000014 x13:00001f80
14260709ns          238749 1c008bc8 ee873733 p.bclr           x14, x14, 23, 8     x14=00000028 x14:00000028
14260729ns          238750 1c008bcc 1a10f6b7 lui              x13, 0x1a10f000     x13=1a10f000
14260749ns          238751 1c008bd0 00d70733 add              x14, x14, x13       x14=1a10f028 x14:00000028 x13:1a10f000
14260768ns          238752 1c008bd2 00e787b3 add              x15, x15, x14       x15=1a10f028 x15:00000000 x14:1a10f028
14260788ns          238753 1c008bd4 0ff57513 andi             x10, x10, 255       x10=00000020 x10:00000020
14260808ns          238754 1c008bd8 00a7a023 sw               x10, 0(x15)         x10:00000020 x15:1a10f028  PA:1a10f028
14261126ns          238770 1c008bda 00000513 addi             x10, x0, 0          x10=00000000
14261146ns          238771 1c008bdc 00008067 jalr             x0, x1, 0            x1:1c008ca2
14261206ns          238774 1c008ca2 4df52863 p.beqimm         x10, 1232           x10:00000000
14261226ns          238775 1c008ca6 00140413 addi             x8, x8, 1            x8=0000000e  x8:0000000d
14261246ns          238776 1c008ca8 001a450b p.lbu            x10, 1(x20!)        x10=00000045 x20=1c000069 x20:1c000068  PA:1c000068
14261564ns          238792 1c008cac fe0515e3 bne              x10, x0, -22        x10:00000045
14261643ns          238796 1c008c96 02500793 addi             x15, x0, 37         x15=00000025
14261663ns          238797 1c008c9a 04f50763 beq              x10, x15, 78        x10:00000045 x15:00000025
14261683ns          238798 1c008c9e 009005b3 add              x11, x0, x9         x11=00000002  x9:00000002
14261703ns          238799 1c008ca0 000c80e7 jalr             x1, x25, 0           x1=1c008ca2 x25:1c008bb6
14261743ns          238801 1c008bb6 000026b7 lui              x13, 0x2000         x13=00002000
14261763ns          238802 1c008bb8 f8068693 addi             x13, x13, -128      x13=00001f80 x13:00002000
14261783ns          238803 1c008bbc f14027f3 csrrs            x15, x0, 0xf14      x15=00000005
14261803ns          238804 1c008bc0 00379713 slli             x14, x15, 0x3       x14=00000028 x15:00000005
14261822ns          238805 1c008bc4 00279793 slli             x15, x15, 0x2       x15=00000014 x15:00000005
14261842ns          238806 1c008bc6 00d7f7b3 and              x15, x15, x13       x15=00000000 x15:00000014 x13:00001f80
14261862ns          238807 1c008bc8 ee873733 p.bclr           x14, x14, 23, 8     x14=00000028 x14:00000028
14261882ns          238808 1c008bcc 1a10f6b7 lui              x13, 0x1a10f000     x13=1a10f000
14261902ns          238809 1c008bd0 00d70733 add              x14, x14, x13       x14=1a10f028 x14:00000028 x13:1a10f000
14261922ns          238810 1c008bd2 00e787b3 add              x15, x15, x14       x15=1a10f028 x15:00000000 x14:1a10f028
14261942ns          238811 1c008bd4 0ff57513 andi             x10, x10, 255       x10=00000045 x10:00000045
14261962ns          238812 1c008bd8 00a7a023 sw               x10, 0(x15)         x10:00000045 x15:1a10f028  PA:1a10f028
14262300ns          238829 1c008bda 00000513 addi             x10, x0, 0          x10=00000000
14262320ns          238830 1c008bdc 00008067 jalr             x0, x1, 0            x1:1c008ca2
14262379ns          238833 1c008ca2 4df52863 p.beqimm         x10, 1232           x10:00000000
14262399ns          238834 1c008ca6 00140413 addi             x8, x8, 1            x8=0000000f  x8:0000000e
14262419ns          238835 1c008ca8 001a450b p.lbu            x10, 1(x20!)        x10=00000072 x20=1c00006a x20:1c000069  PA:1c000069
14262737ns          238851 1c008cac fe0515e3 bne              x10, x0, -22        x10:00000072
14262817ns          238855 1c008c96 02500793 addi             x15, x0, 37         x15=00000025
14262837ns          238856 1c008c9a 04f50763 beq              x10, x15, 78        x10:00000072 x15:00000025
14262857ns          238857 1c008c9e 009005b3 add              x11, x0, x9         x11=00000002  x9:00000002
14262877ns          238858 1c008ca0 000c80e7 jalr             x1, x25, 0           x1=1c008ca2 x25:1c008bb6
14262916ns          238860 1c008bb6 000026b7 lui              x13, 0x2000         x13=00002000
14262936ns          238861 1c008bb8 f8068693 addi             x13, x13, -128      x13=00001f80 x13:00002000
14262956ns          238862 1c008bbc f14027f3 csrrs            x15, x0, 0xf14      x15=00000005
14262976ns          238863 1c008bc0 00379713 slli             x14, x15, 0x3       x14=00000028 x15:00000005
14262996ns          238864 1c008bc4 00279793 slli             x15, x15, 0x2       x15=00000014 x15:00000005
14263016ns          238865 1c008bc6 00d7f7b3 and              x15, x15, x13       x15=00000000 x15:00000014 x13:00001f80
14263036ns          238866 1c008bc8 ee873733 p.bclr           x14, x14, 23, 8     x14=00000028 x14:00000028
14263056ns          238867 1c008bcc 1a10f6b7 lui              x13, 0x1a10f000     x13=1a10f000
14263075ns          238868 1c008bd0 00d70733 add              x14, x14, x13       x14=1a10f028 x14:00000028 x13:1a10f000
14263095ns          238869 1c008bd2 00e787b3 add              x15, x15, x14       x15=1a10f028 x15:00000000 x14:1a10f028
14263115ns          238870 1c008bd4 0ff57513 andi             x10, x10, 255       x10=00000072 x10:00000072
14263135ns          238871 1c008bd8 00a7a023 sw               x10, 0(x15)         x10:00000072 x15:1a10f028  PA:1a10f028
14263493ns          238889 1c008bda 00000513 addi             x10, x0, 0          x10=00000000
14263513ns          238890 1c008bdc 00008067 jalr             x0, x1, 0            x1:1c008ca2
14263573ns          238893 1c008ca2 4df52863 p.beqimm         x10, 1232           x10:00000000
14263593ns          238894 1c008ca6 00140413 addi             x8, x8, 1            x8=00000010  x8:0000000f
14263612ns          238895 1c008ca8 001a450b p.lbu            x10, 1(x20!)        x10=00000072 x20=1c00006b x20:1c00006a  PA:1c00006a
14263931ns          238911 1c008cac fe0515e3 bne              x10, x0, -22        x10:00000072
14264010ns          238915 1c008c96 02500793 addi             x15, x0, 37         x15=00000025
14264030ns          238916 1c008c9a 04f50763 beq              x10, x15, 78        x10:00000072 x15:00000025
14264050ns          238917 1c008c9e 009005b3 add              x11, x0, x9         x11=00000002  x9:00000002
14264070ns          238918 1c008ca0 000c80e7 jalr             x1, x25, 0           x1=1c008ca2 x25:1c008bb6
14264110ns          238920 1c008bb6 000026b7 lui              x13, 0x2000         x13=00002000
14264129ns          238921 1c008bb8 f8068693 addi             x13, x13, -128      x13=00001f80 x13:00002000
14264149ns          238922 1c008bbc f14027f3 csrrs            x15, x0, 0xf14      x15=00000005
14264169ns          238923 1c008bc0 00379713 slli             x14, x15, 0x3       x14=00000028 x15:00000005
14264189ns          238924 1c008bc4 00279793 slli             x15, x15, 0x2       x15=00000014 x15:00000005
14264209ns          238925 1c008bc6 00d7f7b3 and              x15, x15, x13       x15=00000000 x15:00000014 x13:00001f80
14264229ns          238926 1c008bc8 ee873733 p.bclr           x14, x14, 23, 8     x14=00000028 x14:00000028
14264249ns          238927 1c008bcc 1a10f6b7 lui              x13, 0x1a10f000     x13=1a10f000
14264269ns          238928 1c008bd0 00d70733 add              x14, x14, x13       x14=1a10f028 x14:00000028 x13:1a10f000
14264289ns          238929 1c008bd2 00e787b3 add              x15, x15, x14       x15=1a10f028 x15:00000000 x14:1a10f028
14264308ns          238930 1c008bd4 0ff57513 andi             x10, x10, 255       x10=00000072 x10:00000072
14264328ns          238931 1c008bd8 00a7a023 sw               x10, 0(x15)         x10:00000072 x15:1a10f028  PA:1a10f028
14264666ns          238948 1c008bda 00000513 addi             x10, x0, 0          x10=00000000
14264686ns          238949 1c008bdc 00008067 jalr             x0, x1, 0            x1:1c008ca2
14264746ns          238952 1c008ca2 4df52863 p.beqimm         x10, 1232           x10:00000000
14264766ns          238953 1c008ca6 00140413 addi             x8, x8, 1            x8=00000011  x8:00000010
14264786ns          238954 1c008ca8 001a450b p.lbu            x10, 1(x20!)        x10=0000006f x20=1c00006c x20:1c00006b  PA:1c00006b
14265104ns          238970 1c008cac fe0515e3 bne              x10, x0, -22        x10:0000006f
14265184ns          238974 1c008c96 02500793 addi             x15, x0, 37         x15=00000025
14265203ns          238975 1c008c9a 04f50763 beq              x10, x15, 78        x10:0000006f x15:00000025
14265223ns          238976 1c008c9e 009005b3 add              x11, x0, x9         x11=00000002  x9:00000002
14265243ns          238977 1c008ca0 000c80e7 jalr             x1, x25, 0           x1=1c008ca2 x25:1c008bb6
14265283ns          238979 1c008bb6 000026b7 lui              x13, 0x2000         x13=00002000
14265303ns          238980 1c008bb8 f8068693 addi             x13, x13, -128      x13=00001f80 x13:00002000
14265323ns          238981 1c008bbc f14027f3 csrrs            x15, x0, 0xf14      x15=00000005
14265343ns          238982 1c008bc0 00379713 slli             x14, x15, 0x3       x14=00000028 x15:00000005
14265363ns          238983 1c008bc4 00279793 slli             x15, x15, 0x2       x15=00000014 x15:00000005
14265382ns          238984 1c008bc6 00d7f7b3 and              x15, x15, x13       x15=00000000 x15:00000014 x13:00001f80
14265402ns          238985 1c008bc8 ee873733 p.bclr           x14, x14, 23, 8     x14=00000028 x14:00000028
14265422ns          238986 1c008bcc 1a10f6b7 lui              x13, 0x1a10f000     x13=1a10f000
14265442ns          238987 1c008bd0 00d70733 add              x14, x14, x13       x14=1a10f028 x14:00000028 x13:1a10f000
14265462ns          238988 1c008bd2 00e787b3 add              x15, x15, x14       x15=1a10f028 x15:00000000 x14:1a10f028
14265482ns          238989 1c008bd4 0ff57513 andi             x10, x10, 255       x10=0000006f x10:0000006f
14265502ns          238990 1c008bd8 00a7a023 sw               x10, 0(x15)         x10:0000006f x15:1a10f028  PA:1a10f028
14265820ns          239006 1c008bda 00000513 addi             x10, x0, 0          x10=00000000
14265840ns          239007 1c008bdc 00008067 jalr             x0, x1, 0            x1:1c008ca2
14265900ns          239010 1c008ca2 4df52863 p.beqimm         x10, 1232           x10:00000000
14265919ns          239011 1c008ca6 00140413 addi             x8, x8, 1            x8=00000012  x8:00000011
14265939ns          239012 1c008ca8 001a450b p.lbu            x10, 1(x20!)        x10=00000072 x20=1c00006d x20:1c00006c  PA:1c00006c
14266258ns          239028 1c008cac fe0515e3 bne              x10, x0, -22        x10:00000072
14266337ns          239032 1c008c96 02500793 addi             x15, x0, 37         x15=00000025
14266357ns          239033 1c008c9a 04f50763 beq              x10, x15, 78        x10:00000072 x15:00000025
14266377ns          239034 1c008c9e 009005b3 add              x11, x0, x9         x11=00000002  x9:00000002
14266397ns          239035 1c008ca0 000c80e7 jalr             x1, x25, 0           x1=1c008ca2 x25:1c008bb6
14266436ns          239037 1c008bb6 000026b7 lui              x13, 0x2000         x13=00002000
14266456ns          239038 1c008bb8 f8068693 addi             x13, x13, -128      x13=00001f80 x13:00002000
14266476ns          239039 1c008bbc f14027f3 csrrs            x15, x0, 0xf14      x15=00000005
14266496ns          239040 1c008bc0 00379713 slli             x14, x15, 0x3       x14=00000028 x15:00000005
14266516ns          239041 1c008bc4 00279793 slli             x15, x15, 0x2       x15=00000014 x15:00000005
14266536ns          239042 1c008bc6 00d7f7b3 and              x15, x15, x13       x15=00000000 x15:00000014 x13:00001f80
14266556ns          239043 1c008bc8 ee873733 p.bclr           x14, x14, 23, 8     x14=00000028 x14:00000028
14266576ns          239044 1c008bcc 1a10f6b7 lui              x13, 0x1a10f000     x13=1a10f000
14266596ns          239045 1c008bd0 00d70733 add              x14, x14, x13       x14=1a10f028 x14:00000028 x13:1a10f000
14266615ns          239046 1c008bd2 00e787b3 add              x15, x15, x14       x15=1a10f028 x15:00000000 x14:1a10f028
14266635ns          239047 1c008bd4 0ff57513 andi             x10, x10, 255       x10=00000072 x10:00000072
14266655ns          239048 1c008bd8 00a7a023 sw               x10, 0(x15)         x10:00000072 x15:1a10f028  PA:1a10f028
14267033ns          239067 1c008bda 00000513 addi             x10, x0, 0          x10=00000000
14267053ns          239068 1c008bdc 00008067 jalr             x0, x1, 0            x1:1c008ca2
14267113ns          239071 1c008ca2 4df52863 p.beqimm         x10, 1232           x10:00000000
14267133ns          239072 1c008ca6 00140413 addi             x8, x8, 1            x8=00000013  x8:00000012
14267152ns          239073 1c008ca8 001a450b p.lbu            x10, 1(x20!)        x10=00000073 x20=1c00006e x20:1c00006d  PA:1c00006d
14267471ns          239089 1c008cac fe0515e3 bne              x10, x0, -22        x10:00000073
14267550ns          239093 1c008c96 02500793 addi             x15, x0, 37         x15=00000025
14267570ns          239094 1c008c9a 04f50763 beq              x10, x15, 78        x10:00000073 x15:00000025
14267590ns          239095 1c008c9e 009005b3 add              x11, x0, x9         x11=00000002  x9:00000002
14267610ns          239096 1c008ca0 000c80e7 jalr             x1, x25, 0           x1=1c008ca2 x25:1c008bb6
14267650ns          239098 1c008bb6 000026b7 lui              x13, 0x2000         x13=00002000
14267670ns          239099 1c008bb8 f8068693 addi             x13, x13, -128      x13=00001f80 x13:00002000
14267689ns          239100 1c008bbc f14027f3 csrrs            x15, x0, 0xf14      x15=00000005
14267709ns          239101 1c008bc0 00379713 slli             x14, x15, 0x3       x14=00000028 x15:00000005
14267729ns          239102 1c008bc4 00279793 slli             x15, x15, 0x2       x15=00000014 x15:00000005
14267749ns          239103 1c008bc6 00d7f7b3 and              x15, x15, x13       x15=00000000 x15:00000014 x13:00001f80
14267769ns          239104 1c008bc8 ee873733 p.bclr           x14, x14, 23, 8     x14=00000028 x14:00000028
14267789ns          239105 1c008bcc 1a10f6b7 lui              x13, 0x1a10f000     x13=1a10f000
14267809ns          239106 1c008bd0 00d70733 add              x14, x14, x13       x14=1a10f028 x14:00000028 x13:1a10f000
14267829ns          239107 1c008bd2 00e787b3 add              x15, x15, x14       x15=1a10f028 x15:00000000 x14:1a10f028
14267849ns          239108 1c008bd4 0ff57513 andi             x10, x10, 255       x10=00000073 x10:00000073
14267868ns          239109 1c008bd8 00a7a023 sw               x10, 0(x15)         x10:00000073 x15:1a10f028  PA:1a10f028
14268226ns          239127 1c008bda 00000513 addi             x10, x0, 0          x10=00000000
14268246ns          239128 1c008bdc 00008067 jalr             x0, x1, 0            x1:1c008ca2
14268306ns          239131 1c008ca2 4df52863 p.beqimm         x10, 1232           x10:00000000
14268326ns          239132 1c008ca6 00140413 addi             x8, x8, 1            x8=00000014  x8:00000013
14268346ns          239133 1c008ca8 001a450b p.lbu            x10, 1(x20!)        x10=00000020 x20=1c00006f x20:1c00006e  PA:1c00006e
14268664ns          239149 1c008cac fe0515e3 bne              x10, x0, -22        x10:00000020
14268744ns          239153 1c008c96 02500793 addi             x15, x0, 37         x15=00000025
14268763ns          239154 1c008c9a 04f50763 beq              x10, x15, 78        x10:00000020 x15:00000025
14268783ns          239155 1c008c9e 009005b3 add              x11, x0, x9         x11=00000002  x9:00000002
14268803ns          239156 1c008ca0 000c80e7 jalr             x1, x25, 0           x1=1c008ca2 x25:1c008bb6
14268843ns          239158 1c008bb6 000026b7 lui              x13, 0x2000         x13=00002000
14268863ns          239159 1c008bb8 f8068693 addi             x13, x13, -128      x13=00001f80 x13:00002000
14268883ns          239160 1c008bbc f14027f3 csrrs            x15, x0, 0xf14      x15=00000005
14268903ns          239161 1c008bc0 00379713 slli             x14, x15, 0x3       x14=00000028 x15:00000005
14268922ns          239162 1c008bc4 00279793 slli             x15, x15, 0x2       x15=00000014 x15:00000005
14268942ns          239163 1c008bc6 00d7f7b3 and              x15, x15, x13       x15=00000000 x15:00000014 x13:00001f80
14268962ns          239164 1c008bc8 ee873733 p.bclr           x14, x14, 23, 8     x14=00000028 x14:00000028
14268982ns          239165 1c008bcc 1a10f6b7 lui              x13, 0x1a10f000     x13=1a10f000
14269002ns          239166 1c008bd0 00d70733 add              x14, x14, x13       x14=1a10f028 x14:00000028 x13:1a10f000
14269022ns          239167 1c008bd2 00e787b3 add              x15, x15, x14       x15=1a10f028 x15:00000000 x14:1a10f028
14269042ns          239168 1c008bd4 0ff57513 andi             x10, x10, 255       x10=00000020 x10:00000020
14269062ns          239169 1c008bd8 00a7a023 sw               x10, 0(x15)         x10:00000020 x15:1a10f028  PA:1a10f028
14269400ns          239186 1c008bda 00000513 addi             x10, x0, 0          x10=00000000
14269420ns          239187 1c008bdc 00008067 jalr             x0, x1, 0            x1:1c008ca2
14269479ns          239190 1c008ca2 4df52863 p.beqimm         x10, 1232           x10:00000000
14269499ns          239191 1c008ca6 00140413 addi             x8, x8, 1            x8=00000015  x8:00000014
14269519ns          239192 1c008ca8 001a450b p.lbu            x10, 1(x20!)        x10=0000003d x20=1c000070 x20:1c00006f  PA:1c00006f
14269857ns          239209 1c008cac fe0515e3 bne              x10, x0, -22        x10:0000003d
14269937ns          239213 1c008c96 02500793 addi             x15, x0, 37         x15=00000025
14269957ns          239214 1c008c9a 04f50763 beq              x10, x15, 78        x10:0000003d x15:00000025
14269977ns          239215 1c008c9e 009005b3 add              x11, x0, x9         x11=00000002  x9:00000002
14269996ns          239216 1c008ca0 000c80e7 jalr             x1, x25, 0           x1=1c008ca2 x25:1c008bb6
14270036ns          239218 1c008bb6 000026b7 lui              x13, 0x2000         x13=00002000
14270056ns          239219 1c008bb8 f8068693 addi             x13, x13, -128      x13=00001f80 x13:00002000
14270076ns          239220 1c008bbc f14027f3 csrrs            x15, x0, 0xf14      x15=00000005
14270096ns          239221 1c008bc0 00379713 slli             x14, x15, 0x3       x14=00000028 x15:00000005
14270116ns          239222 1c008bc4 00279793 slli             x15, x15, 0x2       x15=00000014 x15:00000005
14270136ns          239223 1c008bc6 00d7f7b3 and              x15, x15, x13       x15=00000000 x15:00000014 x13:00001f80
14270156ns          239224 1c008bc8 ee873733 p.bclr           x14, x14, 23, 8     x14=00000028 x14:00000028
14270175ns          239225 1c008bcc 1a10f6b7 lui              x13, 0x1a10f000     x13=1a10f000
14270195ns          239226 1c008bd0 00d70733 add              x14, x14, x13       x14=1a10f028 x14:00000028 x13:1a10f000
14270215ns          239227 1c008bd2 00e787b3 add              x15, x15, x14       x15=1a10f028 x15:00000000 x14:1a10f028
14270235ns          239228 1c008bd4 0ff57513 andi             x10, x10, 255       x10=0000003d x10:0000003d
14270255ns          239229 1c008bd8 00a7a023 sw               x10, 0(x15)         x10:0000003d x15:1a10f028  PA:1a10f028
14270573ns          239245 1c008bda 00000513 addi             x10, x0, 0          x10=00000000
14270593ns          239246 1c008bdc 00008067 jalr             x0, x1, 0            x1:1c008ca2
14270653ns          239249 1c008ca2 4df52863 p.beqimm         x10, 1232           x10:00000000
14270673ns          239250 1c008ca6 00140413 addi             x8, x8, 1            x8=00000016  x8:00000015
14270693ns          239251 1c008ca8 001a450b p.lbu            x10, 1(x20!)        x10=00000020 x20=1c000071 x20:1c000070  PA:1c000070
14271011ns          239267 1c008cac fe0515e3 bne              x10, x0, -22        x10:00000020
14271090ns          239271 1c008c96 02500793 addi             x15, x0, 37         x15=00000025
14271110ns          239272 1c008c9a 04f50763 beq              x10, x15, 78        x10:00000020 x15:00000025
14271130ns          239273 1c008c9e 009005b3 add              x11, x0, x9         x11=00000002  x9:00000002
14271150ns          239274 1c008ca0 000c80e7 jalr             x1, x25, 0           x1=1c008ca2 x25:1c008bb6
14271190ns          239276 1c008bb6 000026b7 lui              x13, 0x2000         x13=00002000
14271210ns          239277 1c008bb8 f8068693 addi             x13, x13, -128      x13=00001f80 x13:00002000
14271230ns          239278 1c008bbc f14027f3 csrrs            x15, x0, 0xf14      x15=00000005
14271249ns          239279 1c008bc0 00379713 slli             x14, x15, 0x3       x14=00000028 x15:00000005
14271269ns          239280 1c008bc4 00279793 slli             x15, x15, 0x2       x15=00000014 x15:00000005
14271289ns          239281 1c008bc6 00d7f7b3 and              x15, x15, x13       x15=00000000 x15:00000014 x13:00001f80
14271309ns          239282 1c008bc8 ee873733 p.bclr           x14, x14, 23, 8     x14=00000028 x14:00000028
14271329ns          239283 1c008bcc 1a10f6b7 lui              x13, 0x1a10f000     x13=1a10f000
14271349ns          239284 1c008bd0 00d70733 add              x14, x14, x13       x14=1a10f028 x14:00000028 x13:1a10f000
14271369ns          239285 1c008bd2 00e787b3 add              x15, x15, x14       x15=1a10f028 x15:00000000 x14:1a10f028
14271389ns          239286 1c008bd4 0ff57513 andi             x10, x10, 255       x10=00000020 x10:00000020
14271408ns          239287 1c008bd8 00a7a023 sw               x10, 0(x15)         x10:00000020 x15:1a10f028  PA:1a10f028
14271727ns          239303 1c008bda 00000513 addi             x10, x0, 0          x10=00000000
14271747ns          239304 1c008bdc 00008067 jalr             x0, x1, 0            x1:1c008ca2
14271806ns          239307 1c008ca2 4df52863 p.beqimm         x10, 1232           x10:00000000
14271826ns          239308 1c008ca6 00140413 addi             x8, x8, 1            x8=00000017  x8:00000016
14271846ns          239309 1c008ca8 001a450b p.lbu            x10, 1(x20!)        x10=00000025 x20=1c000072 x20:1c000071  PA:1c000071
14272164ns          239325 1c008cac fe0515e3 bne              x10, x0, -22        x10:00000025
14272244ns          239329 1c008c96 02500793 addi             x15, x0, 37         x15=00000025
14272264ns          239330 1c008c9a 04f50763 beq              x10, x15, 78        x10:00000025 x15:00000025
14272363ns          239335 1c008ce8 01400c33 add              x24, x0, x20        x24=1c000072 x20:1c000072
14272403ns          239337 1c008cea 000c4a03 lbu              x20, 0(x24)         x20=00000064 x24:1c000072  PA:1c000072
14272721ns          239353 1c008cee 0b4d0513 addi             x10, x26, 180       x10=1c0000b4 x26:1c000000
14272741ns          239354 1c008cf2 00912e23 sw               x9, 28(x2)           x9:00000002  x2:10002e18  PA:10002e34
14272761ns          239355 1c008cf4 014005b3 add              x11, x0, x20        x11=00000064 x20:00000064
14272781ns          239356 1c008cf6 00012823 sw               x0, 16(x2)           x2:10002e18  PA:10002e28
14272801ns          239357 1c008cf8 00012a23 sw               x0, 20(x2)           x2:10002e18  PA:10002e2c
14272821ns          239358 1c008cfa 00012623 sw               x0, 12(x2)           x2:10002e18  PA:10002e24
14272840ns          239359 1c008cfc 001c0493 addi             x9, x24, 1           x9=1c000073 x24:1c000072
14272860ns          239360 1c008d00 e41ff0ef jal              x1, -448             x1=1c008d02
14272940ns          239364 1c008b40 00054703 lbu              x14, 0(x10)         x14=0000002d x10:1c0000b4  PA:1c0000b4
14273258ns          239380 1c008b44 0ff5f593 andi             x11, x11, 255       x11=00000064 x11:00000064
14273278ns          239381 1c008b48 00a007b3 add              x15, x0, x10        x15=1c0000b4 x10:1c0000b4
14273298ns          239382 1c008b4a 00b70863 beq              x14, x11, 16        x14:0000002d x11:00000064
14273318ns          239383 1c008b4e 00070863 beq              x14, x0, 16         x14:0000002d
14273338ns          239384 1c008b50 0017c703 lbu              x14, 1(x15)         x14=0000002b x15:1c0000b4  PA:1c0000b5
14273636ns          239399 1c008b54 00178793 addi             x15, x15, 1         x15=1c0000b5 x15:1c0000b4
14273656ns          239400 1c008b56 feb71ce3 bne              x14, x11, -8        x14:0000002b x11:00000064
14273716ns          239403 1c008b4e 00070863 beq              x14, x0, 16         x14:0000002b
14273735ns          239404 1c008b50 0017c703 lbu              x14, 1(x15)         x14=00000020 x15:1c0000b5  PA:1c0000b6
14274034ns          239419 1c008b54 00178793 addi             x15, x15, 1         x15=1c0000b6 x15:1c0000b5
14274054ns          239420 1c008b56 feb71ce3 bne              x14, x11, -8        x14:00000020 x11:00000064
14274113ns          239423 1c008b4e 00070863 beq              x14, x0, 16         x14:00000020
14274133ns          239424 1c008b50 0017c703 lbu              x14, 1(x15)         x14=00000023 x15:1c0000b6  PA:1c0000b7
14274431ns          239439 1c008b54 00178793 addi             x15, x15, 1         x15=1c0000b7 x15:1c0000b6
14274451ns          239440 1c008b56 feb71ce3 bne              x14, x11, -8        x14:00000023 x11:00000064
14274511ns          239443 1c008b4e 00070863 beq              x14, x0, 16         x14:00000023
14274531ns          239444 1c008b50 0017c703 lbu              x14, 1(x15)         x14=00000030 x15:1c0000b7  PA:1c0000b8
14274849ns          239460 1c008b54 00178793 addi             x15, x15, 1         x15=1c0000b8 x15:1c0000b7
14274869ns          239461 1c008b56 feb71ce3 bne              x14, x11, -8        x14:00000030 x11:00000064
14274929ns          239464 1c008b4e 00070863 beq              x14, x0, 16         x14:00000030
14274949ns          239465 1c008b50 0017c703 lbu              x14, 1(x15)         x14=00000000 x15:1c0000b8  PA:1c0000b9
14275267ns          239481 1c008b54 00178793 addi             x15, x15, 1         x15=1c0000b9 x15:1c0000b8
14275287ns          239482 1c008b56 feb71ce3 bne              x14, x11, -8        x14:00000000 x11:00000064
14275346ns          239485 1c008b4e 00070863 beq              x14, x0, 16         x14:00000000
14275406ns          239488 1c008b5e 00000513 addi             x10, x0, 0          x10=00000000
14275426ns          239489 1c008b60 fe058de3 beq              x11, x0, -6         x11:00000064
14275446ns          239490 1c008b62 00008067 jalr             x0, x1, 0            x1:1c008d02
14275505ns          239493 1c008d02 02000913 addi             x18, x0, 32         x18=00000020
14275525ns          239494 1c008d06 00000993 addi             x19, x0, 0          x19=00000000
14275545ns          239495 1c008d08 02b00a93 addi             x21, x0, 43         x21=0000002b
14275565ns          239496 1c008d0c 02d00b93 addi             x23, x0, 45         x23=0000002d
14275605ns          239498 1c008d10 03000b13 addi             x22, x0, 48         x22=00000030
14275645ns          239500 1c008d14 00900633 add              x12, x0, x9         x12=1c000073  x9:1c000073
14275665ns          239501 1c008d16 02050963 beq              x10, x0, 50         x10:00000000
14275784ns          239507 1c008d48 03312623 sw               x19, 44(x2)         x19:00000000  x2:10002e18  PA:10002e44
14275804ns          239508 1c008d4a 02a00693 addi             x13, x0, 42         x13=0000002a
14275824ns          239509 1c008d4e 014009b3 add              x19, x0, x20        x19=00000064 x20:00000064
14275863ns          239511 1c008d50 01800a33 add              x20, x0, x24        x20=1c000072 x24:1c000072
14275883ns          239512 1c008d52 00900c33 add              x24, x0, x9         x24=1c000073  x9:1c000073
14275903ns          239513 1c008d54 01c12483 lw               x9, 28(x2)           x9=00000002  x2:10002e18  PA:10002e34
14275923ns          239514 1c008d56 42d98063 beq              x19, x13, 1056      x19:00000064 x13:0000002a
14275943ns          239515 1c008d5a fd098693 addi             x13, x19, -48       x13=00000034 x19:00000064
14275963ns          239516 1c008d5e 00900513 addi             x10, x0, 9          x10=00000009
14276003ns          239518 1c008d60 00000a93 addi             x21, x0, 0          x21=00000000
14276042ns          239520 1c008d62 3cd57f63 bgeu             x10, x13, 990       x10:00000009 x13:00000034
14276062ns          239521 1c008d66 02e00793 addi             x15, x0, 46         x15=0000002e
14276082ns          239522 1c008d6a fff00b13 addi             x22, x0, -1         x22=ffffffff
14276102ns          239523 1c008d6c 04f981e3 beq              x19, x15, 2114      x19:00000064 x15:0000002e
14276122ns          239524 1c008d70 1c0007b7 lui              x15, 0x1c000000     x15=1c000000
14276142ns          239525 1c008d74 013005b3 add              x11, x0, x19        x11=00000064 x19:00000064
14276162ns          239526 1c008d76 0bc78513 addi             x10, x15, 188       x10=1c0000bc x15:1c000000
14276182ns          239527 1c008d7a 00c12e23 sw               x12, 28(x2)         x12:1c000073  x2:10002e18  PA:10002e34
14276202ns          239528 1c008d7c dc5ff0ef jal              x1, -572             x1=1c008d7e
14276261ns          239531 1c008b40 00054703 lbu              x14, 0(x10)         x14=00000068 x10:1c0000bc  PA:1c0000bc
14276579ns          239547 1c008b44 0ff5f593 andi             x11, x11, 255       x11=00000064 x11:00000064
14276599ns          239548 1c008b48 00a007b3 add              x15, x0, x10        x15=1c0000bc x10:1c0000bc
14276619ns          239549 1c008b4a 00b70863 beq              x14, x11, 16        x14:00000068 x11:00000064
14276639ns          239550 1c008b4e 00070863 beq              x14, x0, 16         x14:00000068
14276659ns          239551 1c008b50 0017c703 lbu              x14, 1(x15)         x14=0000006c x15:1c0000bc  PA:1c0000bd
14276957ns          239566 1c008b54 00178793 addi             x15, x15, 1         x15=1c0000bd x15:1c0000bc
14276977ns          239567 1c008b56 feb71ce3 bne              x14, x11, -8        x14:0000006c x11:00000064
14277037ns          239570 1c008b4e 00070863 beq              x14, x0, 16         x14:0000006c
14277057ns          239571 1c008b50 0017c703 lbu              x14, 1(x15)         x14=0000004c x15:1c0000bd  PA:1c0000be
14277355ns          239586 1c008b54 00178793 addi             x15, x15, 1         x15=1c0000be x15:1c0000bd
14277375ns          239587 1c008b56 feb71ce3 bne              x14, x11, -8        x14:0000004c x11:00000064
14277435ns          239590 1c008b4e 00070863 beq              x14, x0, 16         x14:0000004c
14277454ns          239591 1c008b50 0017c703 lbu              x14, 1(x15)         x14=0000007a x15:1c0000be  PA:1c0000bf
14277753ns          239606 1c008b54 00178793 addi             x15, x15, 1         x15=1c0000bf x15:1c0000be
14277773ns          239607 1c008b56 feb71ce3 bne              x14, x11, -8        x14:0000007a x11:00000064
14277832ns          239610 1c008b4e 00070863 beq              x14, x0, 16         x14:0000007a
14277852ns          239611 1c008b50 0017c703 lbu              x14, 1(x15)         x14=00000000 x15:1c0000bf  PA:1c0000c0
14278151ns          239626 1c008b54 00178793 addi             x15, x15, 1         x15=1c0000c0 x15:1c0000bf
14278170ns          239627 1c008b56 feb71ce3 bne              x14, x11, -8        x14:00000000 x11:00000064
14278230ns          239630 1c008b4e 00070863 beq              x14, x0, 16         x14:00000000
14278290ns          239633 1c008b5e 00000513 addi             x10, x0, 0          x10=00000000
14278310ns          239634 1c008b60 fe058de3 beq              x11, x0, -6         x11:00000064
14278330ns          239635 1c008b62 00008067 jalr             x0, x1, 0            x1:1c008d7e
14278369ns          239637 1c008d7e 01c12603 lw               x12, 28(x2)         x12=1c000073  x2:10002e18  PA:10002e34
14278409ns          239639 1c008d80 00c00a33 add              x20, x0, x12        x20=1c000073 x12:1c000073
14278429ns          239640 1c008d82 00050563 beq              x10, x0, 10         x10:00000000
14278489ns          239643 1c008d8c 06900793 addi             x15, x0, 105        x15=00000069
14278509ns          239644 1c008d90 1cf98be3 beq              x19, x15, 2518      x19:00000064 x15:00000069
14278528ns          239645 1c008d94 4b37ce63 blt              x15, x19, 1212      x15:00000069 x19:00000064
14278548ns          239646 1c008d98 05800793 addi             x15, x0, 88         x15=00000058
14278568ns          239647 1c008d9c 4cf98863 beq              x19, x15, 1232      x19:00000064 x15:00000058
14278628ns          239650 1c008da0 3f37cd63 blt              x15, x19, 1018      x15:00000058 x19:00000064
14278707ns          239654 1c00919a 06400793 addi             x15, x0, 100        x15=00000064
14278727ns          239655 1c00919e 5cf98463 beq              x19, x15, 1480      x19:00000064 x15:00000064
14278787ns          239658 1c009766 01812b83 lw               x23, 24(x2)         x23=10002f84  x2:10002e18  PA:10002e30
14278827ns          239660 1c009768 004ba60b p.lw             x12, 4(x23!)        x12=00000000 x23=10002f88 x23:10002f84  PA:10002f84
14278866ns          239662 1c00976c 48064963 blt              x12, x0, 1170       x12:00000000
14278886ns          239663 1c009770 01412783 lw               x15, 20(x2)         x15=00000000  x2:10002e18  PA:10002e2c
14278906ns          239664 1c009772 00c00733 add              x14, x0, x12        x14=00000000 x12:00000000
14278926ns          239665 1c009774 56078863 beq              x15, x0, 1392       x15:00000000
14279026ns          239670 1c009ce4 01012783 lw               x15, 16(x2)         x15=00000000  x2:10002e18  PA:10002e28
14279045ns          239671 1c009ce6 01b00533 add              x10, x0, x27        x10=10002e4c x27:10002e4c
14279065ns          239672 1c009ce8 a8078ee3 beq              x15, x0, -1380      x15:00000000
14279125ns          239675 1c009784 00a007b3 add              x15, x0, x10        x15=10002e4c x10:10002e4c
14279145ns          239676 1c009786 00a00593 addi             x11, x0, 10         x11=0000000a
14279165ns          239677 1c009788 00900313 addi             x6, x0, 9            x6=00000009
14279185ns          239678 1c00978a 02b776b3 remu             x13, x14, x11       x13=00000000 x14:00000000 x11:0000000a
14279801ns          239709 1c00978e 00e00833 add              x16, x0, x14        x16=00000000 x14:00000000
14279821ns          239710 1c009790 00f008b3 add              x17, x0, x15        x17=10002e4c x15:10002e4c
14279841ns          239711 1c009792 03068693 addi             x13, x13, 48        x13=00000030 x13:00000000
14279861ns          239712 1c009796 00d780ab p.sb             x13, 1(x15!)        x15=10002e4d x13:00000030 x15:10002e4c  PA:10002e4c
14279881ns          239713 1c00979a 02b75733 divu             x14, x14, x11       x14=00000000 x14:00000000 x11:0000000a
14280517ns          239745 1c00979e ff0366e3 bltu             x6, x16, -20         x6:00000009 x16:00000000
14280537ns          239746 1c0097a2 40a78733 sub              x14, x15, x10       x14=00000001 x15:10002e4d x10:10002e4c
14280557ns          239747 1c0097a6 01675c63 bge              x14, x22, 24        x14:00000001 x22:ffffffff
14280676ns          239753 1c0097be 00078023 sb               x0, 0(x15)          x15:10002e4d  PA:10002e4d
14280716ns          239755 1c0097c2 0b157563 bgeu             x10, x17, 170       x10:10002e4c x17:10002e4c
14280816ns          239760 1c00986c 01412703 lw               x14, 20(x2)         x14=00000000  x2:10002e18  PA:10002e2c
14280835ns          239761 1c00986e 01012683 lw               x13, 16(x2)         x13=00000000  x2:10002e18  PA:10002e28
14280895ns          239764 1c009870 41b787b3 sub              x15, x15, x27       x15=00000001 x15:10002e4d x27:10002e4c
14280935ns          239766 1c009874 00d76733 or               x14, x14, x13       x14=00000000 x14:00000000 x13:00000000
14280955ns          239767 1c009876 02e12623 sw               x14, 44(x2)         x14:00000000  x2:10002e18  PA:10002e44
14280975ns          239768 1c009878 b0071be3 bne              x14, x0, -1258      x14:00000000
14280995ns          239769 1c00987c 01f65713 srli             x14, x12, 0x1f      x14=00000000 x12:00000000
14281014ns          239770 1c009880 02e12623 sw               x14, 44(x2)         x14:00000000  x2:10002e18  PA:10002e44
14281034ns          239771 1c009882 b0dff06f jal              x0, -1268          
14281154ns          239777 1c00938e ebfb2be3 p.beqimm         x22, -330           x22:ffffffff
14281213ns          239780 1c009244 0c800713 addi             x14, x0, 200        x14=000000c8
14281233ns          239781 1c009248 14f75b63 bge              x14, x15, 342       x14:000000c8 x15:00000001
14281412ns          239790 1c00939e 00178613 addi             x12, x15, 1         x12=00000002 x15:00000001
14281452ns          239792 1c0093a2 0557c863 blt              x15, x21, 80        x15:00000001 x21:00000000
14281472ns          239793 1c0093a6 01712c23 sw               x23, 24(x2)         x23:10002f88  x2:10002e18  PA:10002e30
14281492ns          239794 1c0093a8 00f00ab3 add              x21, x0, x15        x21=00000001 x15:00000001
14281512ns          239795 1c0093aa 8e0a8fe3 beq              x21, x0, -1794      x21:00000001
14281531ns          239796 1c0093ae 01b00933 add              x18, x0, x27        x18=10002e4c x27:10002e4c
14281551ns          239797 1c0093b0 41b409b3 sub              x19, x8, x27        x19=efffd1cb  x8:00000017 x27:10002e4c
14281571ns          239798 1c0093b4 01ba8ab3 add              x21, x21, x27       x21=10002e4d x21:00000001 x27:10002e4c
14281591ns          239799 1c0093b6 00a0006f jal              x0, 10             
14281631ns          239801 1c0093c0 0019450b p.lbu            x10, 1(x18!)        x10=00000030 x18=10002e4d x18:10002e4c  PA:10002e4c
14281651ns          239802 1c0093c4 009005b3 add              x11, x0, x9         x11=00000002  x9:00000002
14281671ns          239803 1c0093c6 000c80e7 jalr             x1, x25, 0           x1=1c0093c8 x25:1c008bb6
14281710ns          239805 1c008bb6 000026b7 lui              x13, 0x2000         x13=00002000
14281730ns          239806 1c008bb8 f8068693 addi             x13, x13, -128      x13=00001f80 x13:00002000
14281750ns          239807 1c008bbc f14027f3 csrrs            x15, x0, 0xf14      x15=00000005
14281810ns          239810 1c008bc0 00379713 slli             x14, x15, 0x3       x14=00000028 x15:00000005
14281850ns          239812 1c008bc4 00279793 slli             x15, x15, 0x2       x15=00000014 x15:00000005
14281870ns          239813 1c008bc6 00d7f7b3 and              x15, x15, x13       x15=00000000 x15:00000014 x13:00001f80
14281889ns          239814 1c008bc8 ee873733 p.bclr           x14, x14, 23, 8     x14=00000028 x14:00000028
14281909ns          239815 1c008bcc 1a10f6b7 lui              x13, 0x1a10f000     x13=1a10f000
14281929ns          239816 1c008bd0 00d70733 add              x14, x14, x13       x14=1a10f028 x14:00000028 x13:1a10f000
14281949ns          239817 1c008bd2 00e787b3 add              x15, x15, x14       x15=1a10f028 x15:00000000 x14:1a10f028
14281969ns          239818 1c008bd4 0ff57513 andi             x10, x10, 255       x10=00000030 x10:00000030
14281989ns          239819 1c008bd8 00a7a023 sw               x10, 0(x15)         x10:00000030 x15:1a10f028  PA:1a10f028
14282307ns          239835 1c008bda 00000513 addi             x10, x0, 0          x10=00000000
14282327ns          239836 1c008bdc 00008067 jalr             x0, x1, 0            x1:1c0093c8
14282367ns          239838 1c0093c8 fff538e3 p.bneimm         x10, -16            x10:00000000
14282426ns          239841 1c0093b8 01298433 add              x8, x19, x18         x8=00000018 x19:efffd1cb x18:10002e4d
14282446ns          239842 1c0093bc 8f2a86e3 beq              x21, x18, -1812     x21:10002e4d x18:10002e4d
14282506ns          239845 1c008ca8 001a450b p.lbu            x10, 1(x20!)        x10=00000020 x20=1c000074 x20:1c000073  PA:1c000073
14282844ns          239862 1c008cac fe0515e3 bne              x10, x0, -22        x10:00000020
14282983ns          239869 1c008c96 02500793 addi             x15, x0, 37         x15=00000025
14283003ns          239870 1c008c9a 04f50763 beq              x10, x15, 78        x10:00000020 x15:00000025
14283023ns          239871 1c008c9e 009005b3 add              x11, x0, x9         x11=00000002  x9:00000002
14283043ns          239872 1c008ca0 000c80e7 jalr             x1, x25, 0           x1=1c008ca2 x25:1c008bb6
14283083ns          239874 1c008bb6 000026b7 lui              x13, 0x2000         x13=00002000
14283103ns          239875 1c008bb8 f8068693 addi             x13, x13, -128      x13=00001f80 x13:00002000
14283123ns          239876 1c008bbc f14027f3 csrrs            x15, x0, 0xf14      x15=00000005
14283142ns          239877 1c008bc0 00379713 slli             x14, x15, 0x3       x14=00000028 x15:00000005
14283162ns          239878 1c008bc4 00279793 slli             x15, x15, 0x2       x15=00000014 x15:00000005
14283182ns          239879 1c008bc6 00d7f7b3 and              x15, x15, x13       x15=00000000 x15:00000014 x13:00001f80
14283202ns          239880 1c008bc8 ee873733 p.bclr           x14, x14, 23, 8     x14=00000028 x14:00000028
14283222ns          239881 1c008bcc 1a10f6b7 lui              x13, 0x1a10f000     x13=1a10f000
14283242ns          239882 1c008bd0 00d70733 add              x14, x14, x13       x14=1a10f028 x14:00000028 x13:1a10f000
14283262ns          239883 1c008bd2 00e787b3 add              x15, x15, x14       x15=1a10f028 x15:00000000 x14:1a10f028
14283282ns          239884 1c008bd4 0ff57513 andi             x10, x10, 255       x10=00000020 x10:00000020
14283302ns          239885 1c008bd8 00a7a023 sw               x10, 0(x15)         x10:00000020 x15:1a10f028  PA:1a10f028
14283640ns          239902 1c008bda 00000513 addi             x10, x0, 0          x10=00000000
14283660ns          239903 1c008bdc 00008067 jalr             x0, x1, 0            x1:1c008ca2
14283719ns          239906 1c008ca2 4df52863 p.beqimm         x10, 1232           x10:00000000
14283739ns          239907 1c008ca6 00140413 addi             x8, x8, 1            x8=00000019  x8:00000018
14283759ns          239908 1c008ca8 001a450b p.lbu            x10, 1(x20!)        x10=0000002f x20=1c000075 x20:1c000074  PA:1c000074
14284097ns          239925 1c008cac fe0515e3 bne              x10, x0, -22        x10:0000002f
14284177ns          239929 1c008c96 02500793 addi             x15, x0, 37         x15=00000025
14284196ns          239930 1c008c9a 04f50763 beq              x10, x15, 78        x10:0000002f x15:00000025
14284216ns          239931 1c008c9e 009005b3 add              x11, x0, x9         x11=00000002  x9:00000002
14284236ns          239932 1c008ca0 000c80e7 jalr             x1, x25, 0           x1=1c008ca2 x25:1c008bb6
14284276ns          239934 1c008bb6 000026b7 lui              x13, 0x2000         x13=00002000
14284296ns          239935 1c008bb8 f8068693 addi             x13, x13, -128      x13=00001f80 x13:00002000
14284316ns          239936 1c008bbc f14027f3 csrrs            x15, x0, 0xf14      x15=00000005
14284336ns          239937 1c008bc0 00379713 slli             x14, x15, 0x3       x14=00000028 x15:00000005
14284356ns          239938 1c008bc4 00279793 slli             x15, x15, 0x2       x15=00000014 x15:00000005
14284375ns          239939 1c008bc6 00d7f7b3 and              x15, x15, x13       x15=00000000 x15:00000014 x13:00001f80
14284395ns          239940 1c008bc8 ee873733 p.bclr           x14, x14, 23, 8     x14=00000028 x14:00000028
14284415ns          239941 1c008bcc 1a10f6b7 lui              x13, 0x1a10f000     x13=1a10f000
14284435ns          239942 1c008bd0 00d70733 add              x14, x14, x13       x14=1a10f028 x14:00000028 x13:1a10f000
14284455ns          239943 1c008bd2 00e787b3 add              x15, x15, x14       x15=1a10f028 x15:00000000 x14:1a10f028
14284475ns          239944 1c008bd4 0ff57513 andi             x10, x10, 255       x10=0000002f x10:0000002f
14284495ns          239945 1c008bd8 00a7a023 sw               x10, 0(x15)         x10:0000002f x15:1a10f028  PA:1a10f028
14284813ns          239961 1c008bda 00000513 addi             x10, x0, 0          x10=00000000
14284833ns          239962 1c008bdc 00008067 jalr             x0, x1, 0            x1:1c008ca2
14284893ns          239965 1c008ca2 4df52863 p.beqimm         x10, 1232           x10:00000000
14284912ns          239966 1c008ca6 00140413 addi             x8, x8, 1            x8=0000001a  x8:00000019
14284932ns          239967 1c008ca8 001a450b p.lbu            x10, 1(x20!)        x10=00000020 x20=1c000076 x20:1c000075  PA:1c000075
14285251ns          239983 1c008cac fe0515e3 bne              x10, x0, -22        x10:00000020
14285330ns          239987 1c008c96 02500793 addi             x15, x0, 37         x15=00000025
14285350ns          239988 1c008c9a 04f50763 beq              x10, x15, 78        x10:00000020 x15:00000025
14285370ns          239989 1c008c9e 009005b3 add              x11, x0, x9         x11=00000002  x9:00000002
14285390ns          239990 1c008ca0 000c80e7 jalr             x1, x25, 0           x1=1c008ca2 x25:1c008bb6
14285430ns          239992 1c008bb6 000026b7 lui              x13, 0x2000         x13=00002000
14285449ns          239993 1c008bb8 f8068693 addi             x13, x13, -128      x13=00001f80 x13:00002000
14285469ns          239994 1c008bbc f14027f3 csrrs            x15, x0, 0xf14      x15=00000005
14285489ns          239995 1c008bc0 00379713 slli             x14, x15, 0x3       x14=00000028 x15:00000005
14285509ns          239996 1c008bc4 00279793 slli             x15, x15, 0x2       x15=00000014 x15:00000005
14285529ns          239997 1c008bc6 00d7f7b3 and              x15, x15, x13       x15=00000000 x15:00000014 x13:00001f80
14285549ns          239998 1c008bc8 ee873733 p.bclr           x14, x14, 23, 8     x14=00000028 x14:00000028
14285569ns          239999 1c008bcc 1a10f6b7 lui              x13, 0x1a10f000     x13=1a10f000
14285589ns          240000 1c008bd0 00d70733 add              x14, x14, x13       x14=1a10f028 x14:00000028 x13:1a10f000
14285609ns          240001 1c008bd2 00e787b3 add              x15, x15, x14       x15=1a10f028 x15:00000000 x14:1a10f028
14285628ns          240002 1c008bd4 0ff57513 andi             x10, x10, 255       x10=00000020 x10:00000020
14285648ns          240003 1c008bd8 00a7a023 sw               x10, 0(x15)         x10:00000020 x15:1a10f028  PA:1a10f028
14285967ns          240019 1c008bda 00000513 addi             x10, x0, 0          x10=00000000
14285986ns          240020 1c008bdc 00008067 jalr             x0, x1, 0            x1:1c008ca2
14286046ns          240023 1c008ca2 4df52863 p.beqimm         x10, 1232           x10:00000000
14286066ns          240024 1c008ca6 00140413 addi             x8, x8, 1            x8=0000001b  x8:0000001a
14286086ns          240025 1c008ca8 001a450b p.lbu            x10, 1(x20!)        x10=00000031 x20=1c000077 x20:1c000076  PA:1c000076
14286404ns          240041 1c008cac fe0515e3 bne              x10, x0, -22        x10:00000031
14286484ns          240045 1c008c96 02500793 addi             x15, x0, 37         x15=00000025
14286503ns          240046 1c008c9a 04f50763 beq              x10, x15, 78        x10:00000031 x15:00000025
14286523ns          240047 1c008c9e 009005b3 add              x11, x0, x9         x11=00000002  x9:00000002
14286543ns          240048 1c008ca0 000c80e7 jalr             x1, x25, 0           x1=1c008ca2 x25:1c008bb6
14286583ns          240050 1c008bb6 000026b7 lui              x13, 0x2000         x13=00002000
14286603ns          240051 1c008bb8 f8068693 addi             x13, x13, -128      x13=00001f80 x13:00002000
14286623ns          240052 1c008bbc f14027f3 csrrs            x15, x0, 0xf14      x15=00000005
14286643ns          240053 1c008bc0 00379713 slli             x14, x15, 0x3       x14=00000028 x15:00000005
14286663ns          240054 1c008bc4 00279793 slli             x15, x15, 0x2       x15=00000014 x15:00000005
14286682ns          240055 1c008bc6 00d7f7b3 and              x15, x15, x13       x15=00000000 x15:00000014 x13:00001f80
14286702ns          240056 1c008bc8 ee873733 p.bclr           x14, x14, 23, 8     x14=00000028 x14:00000028
14286722ns          240057 1c008bcc 1a10f6b7 lui              x13, 0x1a10f000     x13=1a10f000
14286742ns          240058 1c008bd0 00d70733 add              x14, x14, x13       x14=1a10f028 x14:00000028 x13:1a10f000
14286762ns          240059 1c008bd2 00e787b3 add              x15, x15, x14       x15=1a10f028 x15:00000000 x14:1a10f028
14286782ns          240060 1c008bd4 0ff57513 andi             x10, x10, 255       x10=00000031 x10:00000031
14286802ns          240061 1c008bd8 00a7a023 sw               x10, 0(x15)         x10:00000031 x15:1a10f028  PA:1a10f028
14287120ns          240077 1c008bda 00000513 addi             x10, x0, 0          x10=00000000
14287140ns          240078 1c008bdc 00008067 jalr             x0, x1, 0            x1:1c008ca2
14287200ns          240081 1c008ca2 4df52863 p.beqimm         x10, 1232           x10:00000000
14287219ns          240082 1c008ca6 00140413 addi             x8, x8, 1            x8=0000001c  x8:0000001b
14287239ns          240083 1c008ca8 001a450b p.lbu            x10, 1(x20!)        x10=00000036 x20=1c000078 x20:1c000077  PA:1c000077
14287577ns          240100 1c008cac fe0515e3 bne              x10, x0, -22        x10:00000036
14287657ns          240104 1c008c96 02500793 addi             x15, x0, 37         x15=00000025
14287677ns          240105 1c008c9a 04f50763 beq              x10, x15, 78        x10:00000036 x15:00000025
14287697ns          240106 1c008c9e 009005b3 add              x11, x0, x9         x11=00000002  x9:00000002
14287717ns          240107 1c008ca0 000c80e7 jalr             x1, x25, 0           x1=1c008ca2 x25:1c008bb6
14287756ns          240109 1c008bb6 000026b7 lui              x13, 0x2000         x13=00002000
14287776ns          240110 1c008bb8 f8068693 addi             x13, x13, -128      x13=00001f80 x13:00002000
14287796ns          240111 1c008bbc f14027f3 csrrs            x15, x0, 0xf14      x15=00000005
14287816ns          240112 1c008bc0 00379713 slli             x14, x15, 0x3       x14=00000028 x15:00000005
14287836ns          240113 1c008bc4 00279793 slli             x15, x15, 0x2       x15=00000014 x15:00000005
14287856ns          240114 1c008bc6 00d7f7b3 and              x15, x15, x13       x15=00000000 x15:00000014 x13:00001f80
14287876ns          240115 1c008bc8 ee873733 p.bclr           x14, x14, 23, 8     x14=00000028 x14:00000028
14287896ns          240116 1c008bcc 1a10f6b7 lui              x13, 0x1a10f000     x13=1a10f000
14287916ns          240117 1c008bd0 00d70733 add              x14, x14, x13       x14=1a10f028 x14:00000028 x13:1a10f000
14287935ns          240118 1c008bd2 00e787b3 add              x15, x15, x14       x15=1a10f028 x15:00000000 x14:1a10f028
14287955ns          240119 1c008bd4 0ff57513 andi             x10, x10, 255       x10=00000036 x10:00000036
14287975ns          240120 1c008bd8 00a7a023 sw               x10, 0(x15)         x10:00000036 x15:1a10f028  PA:1a10f028
14288293ns          240136 1c008bda 00000513 addi             x10, x0, 0          x10=00000000
14288313ns          240137 1c008bdc 00008067 jalr             x0, x1, 0            x1:1c008ca2
14288373ns          240140 1c008ca2 4df52863 p.beqimm         x10, 1232           x10:00000000
14288393ns          240141 1c008ca6 00140413 addi             x8, x8, 1            x8=0000001d  x8:0000001c
14288413ns          240142 1c008ca8 001a450b p.lbu            x10, 1(x20!)        x10=0000000a x20=1c000079 x20:1c000078  PA:1c000078
14288731ns          240158 1c008cac fe0515e3 bne              x10, x0, -22        x10:0000000a
14288810ns          240162 1c008c96 02500793 addi             x15, x0, 37         x15=00000025
14288830ns          240163 1c008c9a 04f50763 beq              x10, x15, 78        x10:0000000a x15:00000025
14288850ns          240164 1c008c9e 009005b3 add              x11, x0, x9         x11=00000002  x9:00000002
14288870ns          240165 1c008ca0 000c80e7 jalr             x1, x25, 0           x1=1c008ca2 x25:1c008bb6
14288910ns          240167 1c008bb6 000026b7 lui              x13, 0x2000         x13=00002000
14288930ns          240168 1c008bb8 f8068693 addi             x13, x13, -128      x13=00001f80 x13:00002000
14288950ns          240169 1c008bbc f14027f3 csrrs            x15, x0, 0xf14      x15=00000005
14288970ns          240170 1c008bc0 00379713 slli             x14, x15, 0x3       x14=00000028 x15:00000005
14288989ns          240171 1c008bc4 00279793 slli             x15, x15, 0x2       x15=00000014 x15:00000005
14289009ns          240172 1c008bc6 00d7f7b3 and              x15, x15, x13       x15=00000000 x15:00000014 x13:00001f80
14289029ns          240173 1c008bc8 ee873733 p.bclr           x14, x14, 23, 8     x14=00000028 x14:00000028
14289049ns          240174 1c008bcc 1a10f6b7 lui              x13, 0x1a10f000     x13=1a10f000
14289069ns          240175 1c008bd0 00d70733 add              x14, x14, x13       x14=1a10f028 x14:00000028 x13:1a10f000
14289089ns          240176 1c008bd2 00e787b3 add              x15, x15, x14       x15=1a10f028 x15:00000000 x14:1a10f028
14289109ns          240177 1c008bd4 0ff57513 andi             x10, x10, 255       x10=0000000a x10:0000000a
14289129ns          240178 1c008bd8 00a7a023 sw               x10, 0(x15)         x10:0000000a x15:1a10f028  PA:1a10f028
14289467ns          240195 1c008bda 00000513 addi             x10, x0, 0          x10=00000000
14289487ns          240196 1c008bdc 00008067 jalr             x0, x1, 0            x1:1c008ca2
14289546ns          240199 1c008ca2 4df52863 p.beqimm         x10, 1232           x10:00000000
14289566ns          240200 1c008ca6 00140413 addi             x8, x8, 1            x8=0000001e  x8:0000001d
14289586ns          240201 1c008ca8 001a450b p.lbu            x10, 1(x20!)        x10=00000000 x20=1c00007a x20:1c000079  PA:1c000079
14289904ns          240217 1c008cac fe0515e3 bne              x10, x0, -22        x10:00000000
14289924ns          240218 1c008cae 13c12083 lw               x1, 316(x2)          x1=1c008c22  x2:10002e18  PA:10002f54
14289944ns          240219 1c008cb2 00800533 add              x10, x0, x8         x10=0000001e  x8:0000001e
14289964ns          240220 1c008cb4 13812403 lw               x8, 312(x2)          x8=00000067  x2:10002e18  PA:10002f50
14289984ns          240221 1c008cb8 13412483 lw               x9, 308(x2)          x9=00000067  x2:10002e18  PA:10002f4c
14290004ns          240222 1c008cbc 13012903 lw               x18, 304(x2)        x18=00000005  x2:10002e18  PA:10002f48
14290044ns          240224 1c008cc0 12c12983 lw               x19, 300(x2)        x19=0000xfb6  x2:10002e18  PA:10002f44
14290083ns          240226 1c008cc4 12812a03 lw               x20, 296(x2)        x20=00000000  x2:10002e18  PA:10002f40
14290103ns          240227 1c008cc8 12412a83 lw               x21, 292(x2)        x21=00000178  x2:10002e18  PA:10002f3c
14290123ns          240228 1c008ccc 12012b03 lw               x22, 288(x2)        x22=00000174  x2:10002e18  PA:10002f38
14290183ns          240231 1c008cd0 11c12b83 lw               x23, 284(x2)        x23=00000c36  x2:10002e18  PA:10002f34
14290223ns          240233 1c008cd4 11812c03 lw               x24, 280(x2)        x24=00000a77  x2:10002e18  PA:10002f30
14290242ns          240234 1c008cd8 11412c83 lw               x25, 276(x2)        x25=1c000a38  x2:10002e18  PA:10002f2c
14290262ns          240235 1c008cdc 11012d03 lw               x26, 272(x2)        x26=0a320000  x2:10002e18  PA:10002f28
14290322ns          240238 1c008ce0 10c12d83 lw               x27, 268(x2)        x27=07110ae2  x2:10002e18  PA:10002f24
14290362ns          240240 1c008ce4 14010113 addi             x2, x2, 320          x2=10002f58  x2:10002e18
14290382ns          240241 1c008ce6 00008067 jalr             x0, x1, 0            x1:1c008c22
14290461ns          240245 1c008c22 01c12083 lw               x1, 28(x2)           x1=1c0087c8  x2:10002f58  PA:10002f74
14290501ns          240247 1c008c24 04010113 addi             x2, x2, 64           x2=10002f98  x2:10002f58
14290521ns          240248 1c008c26 00008067 jalr             x0, x1, 0            x1:1c0087c8
14290879ns          240266 1c0087c8 fcfff06f jal              x0, -50            
14291336ns          240289 1c008796 05c12083 lw               x1, 92(x2)           x1=1c00a05e  x2:10002f98  PA:10002ff4
14291376ns          240291 1c008798 05812403 lw               x8, 88(x2)           x8=00000000  x2:10002f98  PA:10002ff0
14291396ns          240292 1c00879a 05412483 lw               x9, 84(x2)           x9=00000000  x2:10002f98  PA:10002fec
14291416ns          240293 1c00879c 05012903 lw               x18, 80(x2)         x18=00000000  x2:10002f98  PA:10002fe8
14291436ns          240294 1c00879e 04c12983 lw               x19, 76(x2)         x19=00000000  x2:10002f98  PA:10002fe4
14291833ns          240314 1c0087a0 04812a03 lw               x20, 72(x2)         x20=00000000  x2:10002f98  PA:10002fe0
14291853ns          240315 1c0087a2 04412a83 lw               x21, 68(x2)         x21=00000000  x2:10002f98  PA:10002fdc
14291873ns          240316 1c0087a4 04012b03 lw               x22, 64(x2)         x22=00000000  x2:10002f98  PA:10002fd8
14291893ns          240317 1c0087a6 03c12b83 lw               x23, 60(x2)         x23=00000000  x2:10002f98  PA:10002fd4
14291913ns          240318 1c0087a8 03812c03 lw               x24, 56(x2)         x24=00000000  x2:10002f98  PA:10002fd0
14291933ns          240319 1c0087aa 03412c83 lw               x25, 52(x2)         x25=00000000  x2:10002f98  PA:10002fcc
14291953ns          240320 1c0087ac 03012d03 lw               x26, 48(x2)         x26=00000000  x2:10002f98  PA:10002fc8
14291973ns          240321 1c0087ae 02c12d83 lw               x27, 44(x2)         x27=00000000  x2:10002f98  PA:10002fc4
14291993ns          240322 1c0087b0 00100513 addi             x10, x0, 1          x10=00000001
14292012ns          240323 1c0087b2 06010113 addi             x2, x2, 96           x2=10002ff8  x2:10002f98
14292032ns          240324 1c0087b4 00008067 jalr             x0, x1, 0            x1:1c00a05e
14292490ns          240347 1c00a05e 01f00713 addi             x14, x0, 31         x14=0000001f
14292569ns          240351 1c00a060 f14027f3 csrrs            x15, x0, 0xf14      x15=00000005
14292609ns          240353 1c00a064 ca5797b3 p.extractu       x15, x15, 5, 5      x15=00000000 x15:00000005
14292629ns          240354 1c00a068 00e78863 beq              x15, x14, 16        x15:00000000 x14:0000001f
14292649ns          240355 1c00a06c 002047b7 lui              x15, 0x204000       x15=00204000
14293086ns          240377 1c00a070 20078793 addi             x15, x15, 512       x15=00204200 x15:00204000
14293126ns          240379 1c00a074 01c7e703 p.elw            x14, 28(x15)        x14=00010000 x15:00204200  PA:0020421c
14293385ns          240392 1c00a078 f14027f3 csrrs            x15, x0, 0xf14      x15=00000005
14293405ns          240393 1c00a07c f457b7b3 p.bclr           x15, x15, 26, 5     x15=00000005 x15:00000005
14293604ns          240403 1c00a080 00079963 bne              x15, x0, 18         x15:00000005
14294121ns          240429 1c00a092 002047b7 lui              x15, 0x204000       x15=00204000
14294140ns          240430 1c00a096 fff00713 addi             x14, x0, -1         x14=ffffffff
14294160ns          240431 1c00a098 00e7a223 sw               x14, 4(x15)         x14:ffffffff x15:00204000  PA:00204004
