                Time          Cycles PC       Instr    Mnemonic
14015390ns          226414 1c008080 000000b7 lui              x1, 0x0              x1=00000000
14015430ns          226416 1c008084 00000137 lui              x2, 0x0              x2=00000000
14015450ns          226417 1c008088 000001b7 lui              x3, 0x0              x3=00000000
14015470ns          226418 1c00808c 00000237 lui              x4, 0x0              x4=00000000
14015907ns          226440 1c008090 000002b7 lui              x5, 0x0              x5=00000000
14015947ns          226442 1c008094 00000337 lui              x6, 0x0              x6=00000000
14015967ns          226443 1c008098 000003b7 lui              x7, 0x0              x7=00000000
14015987ns          226444 1c00809c 00000437 lui              x8, 0x0              x8=00000000
14016424ns          226466 1c0080a0 000004b7 lui              x9, 0x0              x9=00000000
14016464ns          226468 1c0080a4 00000537 lui              x10, 0x0            x10=00000000
14016484ns          226469 1c0080a8 000005b7 lui              x11, 0x0            x11=00000000
14016504ns          226470 1c0080ac 00000637 lui              x12, 0x0            x12=00000000
14016942ns          226492 1c0080b0 000006b7 lui              x13, 0x0            x13=00000000
14016981ns          226494 1c0080b4 00000737 lui              x14, 0x0            x14=00000000
14017001ns          226495 1c0080b8 000007b7 lui              x15, 0x0            x15=00000000
14017021ns          226496 1c0080bc 00000837 lui              x16, 0x0            x16=00000000
14017479ns          226519 1c0080c0 000008b7 lui              x17, 0x0            x17=00000000
14017518ns          226521 1c0080c4 00000937 lui              x18, 0x0            x18=00000000
14017538ns          226522 1c0080c8 000009b7 lui              x19, 0x0            x19=00000000
14017558ns          226523 1c0080cc 00000a37 lui              x20, 0x0            x20=00000000
14017996ns          226545 1c0080d0 00000ab7 lui              x21, 0x0            x21=00000000
14018035ns          226547 1c0080d4 00000b37 lui              x22, 0x0            x22=00000000
14018055ns          226548 1c0080d8 00000bb7 lui              x23, 0x0            x23=00000000
14018075ns          226549 1c0080dc 00000c37 lui              x24, 0x0            x24=00000000
14018513ns          226571 1c0080e0 00000cb7 lui              x25, 0x0            x25=00000000
14018552ns          226573 1c0080e4 00000d37 lui              x26, 0x0            x26=00000000
14018572ns          226574 1c0080e8 00000db7 lui              x27, 0x0            x27=00000000
14018592ns          226575 1c0080ec 00000e37 lui              x28, 0x0            x28=00000000
14019030ns          226597 1c0080f0 00000eb7 lui              x29, 0x0            x29=00000000
14019070ns          226599 1c0080f4 00000f37 lui              x30, 0x0            x30=00000000
14019089ns          226600 1c0080f8 00000fb7 lui              x31, 0x0            x31=00000000
14019109ns          226601 1c0080fc 0700006f jal              x0, 112            
14020024ns          226647 1c00816c f1402573 csrrs            x10, x0, 0xf14      x10=00000004
14020482ns          226670 1c008170 01f57593 andi             x11, x10, 31        x11=00000004 x10:00000004
14020521ns          226672 1c008174 00555513 srli             x10, x10, 0x5       x10=00000000 x10:00000004
14020541ns          226673 1c008176 01f00613 addi             x12, x0, 31         x12=0000001f
14020561ns          226674 1c008178 00c50463 beq              x10, x12, 8         x10:00000000 x12:0000001f
14020581ns          226675 1c00817c f95ff06f jal              x0, -108           
14021476ns          226720 1c008110 f3ff8117 auipc            x2, 0xf3ff8000       x2=10000110
14021516ns          226722 1c008114 ef410113 addi             x2, x2, -268         x2=10000004  x2:10000110
14021536ns          226723 1c008118 00012103 lw               x2, 0(x2)            x2=10000008  x2:10000004  PA:10000004
14021556ns          226724 1c00811c 000011b7 lui              x3, 0x1000           x3=00001000
14021993ns          226746 1c008120 80018193 addi             x3, x3, -2048        x3=00000800  x3:00001000
14022033ns          226748 1c008124 00158593 addi             x11, x11, 1         x11=00000005 x11:00000004
14022053ns          226749 1c008128 02b180b3 mul              x1, x3, x11          x1=00002800  x3:00000800 x11:00000005
14022073ns          226750 1c00812c 00110133 add              x2, x2, x1           x2=10002808  x2:10000008  x1:00002800
14022510ns          226772 1c008130 6f50106f jal              x0, 7924           
14022968ns          226795 1c00a024 ff010113 addi             x2, x2, -16          x2=100027f8  x2:10002808
14022987ns          226796 1c00a026 00112623 sw               x1, 12(x2)           x1:00002800  x2:100027f8  PA:10002804
14023007ns          226797 1c00a028 002047b7 lui              x15, 0x204000       x15=00204000
14023027ns          226798 1c00a02c 00070737 lui              x14, 0x70000        x14=00070000
14023465ns          226820 1c00a030 00e7a423 sw               x14, 8(x15)         x14:00070000 x15:00204000  PA:00204008
14023505ns          226822 1c00a032 0ff00713 addi             x14, x0, 255        x14=000000ff
14023524ns          226823 1c00a036 20078793 addi             x15, x15, 512       x15=00204200 x15:00204000
14023544ns          226824 1c00a03a 00e7a023 sw               x14, 0(x15)         x14:000000ff x15:00204200  PA:00204200
14024002ns          226847 1c00a03e 00e7a623 sw               x14, 12(x15)        x14:000000ff x15:00204200  PA:0020420c
14024022ns          226848 1c00a042 01f00693 addi             x13, x0, 31         x13=0000001f
14024042ns          226849 1c00a044 f1402773 csrrs            x14, x0, 0xf14      x14=00000004
14024061ns          226850 1c00a048 ca571733 p.extractu       x14, x14, 5, 5      x14=00000000 x14:00000004
14024081ns          226851 1c00a04c 00d70463 beq              x14, x13, 8         x14:00000000 x13:0000001f
14024519ns          226873 1c00a050 01c7e703 p.elw            x14, 28(x15)        x14=00010000 x15:00204200  PA:0020421c
14024698ns          226882 1c00a054 1c0017b7 lui              x15, 0x1c001000     x15=1c001000
14024718ns          226883 1c00a058 e087a783 lw               x15, -504(x15)      x15=1c0081c6 x15:1c001000  PA:1c000e08
14025195ns          226907 1c00a05c 000780e7 jalr             x1, x15, 0           x1=1c00a05e x15:1c0081c6
14025633ns          226929 1c0081c6 fa010113 addi             x2, x2, -96          x2=10002798  x2:100027f8
14025672ns          226931 1c0081c8 04812c23 sw               x8, 88(x2)           x8:00000000  x2:10002798  PA:100027f0
14025692ns          226932 1c0081ca 05212823 sw               x18, 80(x2)         x18:00000000  x2:10002798  PA:100027e8
14025712ns          226933 1c0081cc f1402473 csrrs            x8, x0, 0xf14        x8=00000004
14026130ns          226954 1c0081d0 1c000537 lui              x10, 0x1c000000     x10=1c000000
14026170ns          226956 1c0081d4 f4543933 p.bclr           x18, x8, 26, 5      x18=00000004  x8:00000004
14026189ns          226957 1c0081d8 40545593 srai             x11, x8, 0x405      x11=00000000  x8:00000004
14026209ns          226958 1c0081dc 01200633 add              x12, x0, x18        x12=00000004 x18:00000004
14026667ns          226981 1c0081de f265b5b3 p.bclr           x11, x11, 25, 6     x11=00000000 x11:00000000
14026707ns          226983 1c0081e2 01c50513 addi             x10, x10, 28        x10=1c00001c x10:1c000000
14026726ns          226984 1c0081e6 04112e23 sw               x1, 92(x2)           x1:1c00a05e  x2:10002798  PA:100027f4
14026746ns          226985 1c0081e8 04912a23 sw               x9, 84(x2)           x9:00000000  x2:10002798  PA:100027ec
14026766ns          226986 1c0081ea 05312623 sw               x19, 76(x2)         x19:00000000  x2:10002798  PA:100027e4
14026786ns          226987 1c0081ec 05412423 sw               x20, 72(x2)         x20:00000000  x2:10002798  PA:100027e0
14026806ns          226988 1c0081ee 05512223 sw               x21, 68(x2)         x21:00000000  x2:10002798  PA:100027dc
14027184ns          227007 1c0081f0 05612023 sw               x22, 64(x2)         x22:00000000  x2:10002798  PA:100027d8
14027204ns          227008 1c0081f2 03712e23 sw               x23, 60(x2)         x23:00000000  x2:10002798  PA:100027d4
14027224ns          227009 1c0081f4 03812c23 sw               x24, 56(x2)         x24:00000000  x2:10002798  PA:100027d0
14027244ns          227010 1c0081f6 03912a23 sw               x25, 52(x2)         x25:00000000  x2:10002798  PA:100027cc
14027263ns          227011 1c0081f8 03a12823 sw               x26, 48(x2)         x26:00000000  x2:10002798  PA:100027c8
14027283ns          227012 1c0081fa 03b12623 sw               x27, 44(x2)         x27:00000000  x2:10002798  PA:100027c4
14027303ns          227013 1c0081fc 1ff000ef jal              x1, 2558             x1=1c008200
14028178ns          227057 1c008bfa fc010113 addi             x2, x2, -64          x2=10002758  x2:10002798
14028218ns          227059 1c008bfc 02410313 addi             x6, x2, 36           x6=1000277c  x2:10002758
14028656ns          227081 1c008c00 02c12423 sw               x12, 40(x2)         x12:00000004  x2:10002758  PA:10002780
14028675ns          227082 1c008c02 00a00633 add              x12, x0, x10        x12=1c00001c x10:1c00001c
14028695ns          227083 1c008c04 1c009537 lui              x10, 0x1c009000     x10=1c009000
14028715ns          227084 1c008c08 02b12223 sw               x11, 36(x2)         x11:00000000  x2:10002758  PA:1000277c
14028735ns          227085 1c008c0a 02d12623 sw               x13, 44(x2)         x13:0000001f  x2:10002758  PA:10002784
14028755ns          227086 1c008c0c 00200593 addi             x11, x0, 2          x11=00000002
14028775ns          227087 1c008c0e 006006b3 add              x13, x0, x6         x13=1000277c  x6:1000277c
14029173ns          227107 1c008c10 bb650513 addi             x10, x10, -1098     x10=1c008bb6 x10:1c009000
14029212ns          227109 1c008c14 00112e23 sw               x1, 28(x2)           x1:1c008200  x2:10002758  PA:10002774
14029232ns          227110 1c008c16 02e12823 sw               x14, 48(x2)         x14:00010000  x2:10002758  PA:10002788
14029252ns          227111 1c008c18 02f12a23 sw               x15, 52(x2)         x15:1c0081c6  x2:10002758  PA:1000278c
14029272ns          227112 1c008c1a 03012c23 sw               x16, 56(x2)         x16:00000000  x2:10002758  PA:10002790
14029292ns          227113 1c008c1c 03112e23 sw               x17, 60(x2)         x17:00000000  x2:10002758  PA:10002794
14029312ns          227114 1c008c1e 00612623 sw               x6, 12(x2)           x6:1000277c  x2:10002758  PA:10002764
14029690ns          227133 1c008c20 fbfff0ef jal              x1, -66              x1=1c008c22
14030147ns          227156 1c008bde 04a0006f jal              x0, 74             
14030187ns          227158 1c008c28 ec010113 addi             x2, x2, -320         x2=10002618  x2:10002758
14030207ns          227159 1c008c2a 13312623 sw               x19, 300(x2)        x19:00000000  x2:10002618  PA:10002744
14030664ns          227182 1c008c2e 12112e23 sw               x1, 316(x2)          x1:1c008c22  x2:10002618  PA:10002754
14030704ns          227184 1c008c32 12812c23 sw               x8, 312(x2)          x8:00000004  x2:10002618  PA:10002750
14030724ns          227185 1c008c36 12912a23 sw               x9, 308(x2)          x9:00000000  x2:10002618  PA:1000274c
14030744ns          227186 1c008c3a 13212823 sw               x18, 304(x2)        x18:00000004  x2:10002618  PA:10002748
14031181ns          227208 1c008c3e 13412423 sw               x20, 296(x2)        x20:00000000  x2:10002618  PA:10002740
14031221ns          227210 1c008c42 13512223 sw               x21, 292(x2)        x21:00000000  x2:10002618  PA:1000273c
14031241ns          227211 1c008c46 13612023 sw               x22, 288(x2)        x22:00000000  x2:10002618  PA:10002738
14031261ns          227212 1c008c4a 11712e23 sw               x23, 284(x2)        x23:00000000  x2:10002618  PA:10002734
14031698ns          227234 1c008c4e 11812c23 sw               x24, 280(x2)        x24:00000000  x2:10002618  PA:10002730
14031738ns          227236 1c008c52 11912a23 sw               x25, 276(x2)        x25:00000000  x2:10002618  PA:1000272c
14031758ns          227237 1c008c56 11a12823 sw               x26, 272(x2)        x26:00000000  x2:10002618  PA:10002728
14031778ns          227238 1c008c5a 11b12623 sw               x27, 268(x2)        x27:00000000  x2:10002618  PA:10002724
14031798ns          227239 1c008c5e 00c009b3 add              x19, x0, x12        x19=1c00001c x12:1c00001c
14032216ns          227260 1c008c60 0019c78b p.lbu            x15, 1(x19!)        x15=00000045 x19=1c00001d x19:1c00001c  PA:1c00001c
14032752ns          227287 1c008c64 00d12c23 sw               x13, 24(x2)         x13:1000277c  x2:10002618  PA:10002630
14032772ns          227288 1c008c66 6a0788e3 beq              x15, x0, 3760       x15:00000045
14032792ns          227289 1c008c6a 1c000737 lui              x14, 0x1c000000     x14=1c000000
14032812ns          227290 1c008c6e 0c472703 lw               x14, 196(x14)       x14=20202020 x14:1c000000  PA:1c0000c4
14033130ns          227306 1c008c72 03410d93 addi             x27, x2, 52         x27=1000264c  x2:10002618
14033150ns          227307 1c008c76 00a00cb3 add              x25, x0, x10        x25=1c008bb6 x10:1c008bb6
14033170ns          227308 1c008c78 02e12023 sw               x14, 32(x2)         x14:20202020  x2:10002618  PA:10002638
14033210ns          227310 1c008c7a 03610713 addi             x14, x2, 54         x14=1000264e  x2:10002618
14033329ns          227316 1c008c7e fff74713 xori             x14, x14, -1        x14=efffd9b1 x14:1000264e
14033349ns          227317 1c008c82 02e12223 sw               x14, 36(x2)         x14:efffd9b1  x2:10002618  PA:1000263c
14033369ns          227318 1c008c84 fffdc713 xori             x14, x27, -1        x14=efffd9b3 x27:1000264c
14033389ns          227319 1c008c88 00b004b3 add              x9, x0, x11          x9=00000002 x11:00000002
14033409ns          227320 1c008c8a 00000413 addi             x8, x0, 0            x8=00000000
14033429ns          227321 1c008c8c 1c000d37 lui              x26, 0x1c000000     x26=1c000000
14033846ns          227342 1c008c90 02e12423 sw               x14, 40(x2)         x14:efffd9b3  x2:10002618  PA:10002640
14033866ns          227343 1c008c92 01300a33 add              x20, x0, x19        x20=1c00001d x19:1c00001d
14033886ns          227344 1c008c94 00f00533 add              x10, x0, x15        x10=00000045 x15:00000045
14033906ns          227345 1c008c96 02500793 addi             x15, x0, 37         x15=00000025
14033926ns          227346 1c008c9a 04f50763 beq              x10, x15, 78        x10:00000045 x15:00000025
14033946ns          227347 1c008c9e 009005b3 add              x11, x0, x9         x11=00000002  x9:00000002
14034363ns          227368 1c008ca0 000c80e7 jalr             x1, x25, 0           x1=1c008ca2 x25:1c008bb6
14034821ns          227391 1c008bb6 000026b7 lui              x13, 0x2000         x13=00002000
14034861ns          227393 1c008bb8 f8068693 addi             x13, x13, -128      x13=00001f80 x13:00002000
14034881ns          227394 1c008bbc f14027f3 csrrs            x15, x0, 0xf14      x15=00000004
14035318ns          227416 1c008bc0 00379713 slli             x14, x15, 0x3       x14=00000020 x15:00000004
14035358ns          227418 1c008bc4 00279793 slli             x15, x15, 0x2       x15=00000010 x15:00000004
14035378ns          227419 1c008bc6 00d7f7b3 and              x15, x15, x13       x15=00000000 x15:00000010 x13:00001f80
14035398ns          227420 1c008bc8 ee873733 p.bclr           x14, x14, 23, 8     x14=00000020 x14:00000020
14035417ns          227421 1c008bcc 1a10f6b7 lui              x13, 0x1a10f000     x13=1a10f000
14035437ns          227422 1c008bd0 00d70733 add              x14, x14, x13       x14=1a10f020 x14:00000020 x13:1a10f000
14035457ns          227423 1c008bd2 00e787b3 add              x15, x15, x14       x15=1a10f020 x15:00000000 x14:1a10f020
14035477ns          227424 1c008bd4 0ff57513 andi             x10, x10, 255       x10=00000045 x10:00000045
14035497ns          227425 1c008bd8 00a7a023 sw               x10, 0(x15)         x10:00000045 x15:1a10f020  PA:1a10f020
14035835ns          227442 1c008bda 00000513 addi             x10, x0, 0          x10=00000000
14035855ns          227443 1c008bdc 00008067 jalr             x0, x1, 0            x1:1c008ca2
14035994ns          227450 1c008ca2 4df52863 p.beqimm         x10, 1232           x10:00000000
14036014ns          227451 1c008ca6 00140413 addi             x8, x8, 1            x8=00000001  x8:00000000
14036034ns          227452 1c008ca8 001a450b p.lbu            x10, 1(x20!)        x10=0000006e x20=1c00001e x20:1c00001d  PA:1c00001d
14036491ns          227475 1c008cac fe0515e3 bne              x10, x0, -22        x10:0000006e
14036571ns          227479 1c008c96 02500793 addi             x15, x0, 37         x15=00000025
14036591ns          227480 1c008c9a 04f50763 beq              x10, x15, 78        x10:0000006e x15:00000025
14036611ns          227481 1c008c9e 009005b3 add              x11, x0, x9         x11=00000002  x9:00000002
14036631ns          227482 1c008ca0 000c80e7 jalr             x1, x25, 0           x1=1c008ca2 x25:1c008bb6
14036670ns          227484 1c008bb6 000026b7 lui              x13, 0x2000         x13=00002000
14036690ns          227485 1c008bb8 f8068693 addi             x13, x13, -128      x13=00001f80 x13:00002000
14036710ns          227486 1c008bbc f14027f3 csrrs            x15, x0, 0xf14      x15=00000004
14036730ns          227487 1c008bc0 00379713 slli             x14, x15, 0x3       x14=00000020 x15:00000004
14036750ns          227488 1c008bc4 00279793 slli             x15, x15, 0x2       x15=00000010 x15:00000004
14036770ns          227489 1c008bc6 00d7f7b3 and              x15, x15, x13       x15=00000000 x15:00000010 x13:00001f80
14036790ns          227490 1c008bc8 ee873733 p.bclr           x14, x14, 23, 8     x14=00000020 x14:00000020
14036810ns          227491 1c008bcc 1a10f6b7 lui              x13, 0x1a10f000     x13=1a10f000
14036830ns          227492 1c008bd0 00d70733 add              x14, x14, x13       x14=1a10f020 x14:00000020 x13:1a10f000
14036849ns          227493 1c008bd2 00e787b3 add              x15, x15, x14       x15=1a10f020 x15:00000000 x14:1a10f020
14036869ns          227494 1c008bd4 0ff57513 andi             x10, x10, 255       x10=0000006e x10:0000006e
14036889ns          227495 1c008bd8 00a7a023 sw               x10, 0(x15)         x10:0000006e x15:1a10f020  PA:1a10f020
14037207ns          227511 1c008bda 00000513 addi             x10, x0, 0          x10=00000000
14037227ns          227512 1c008bdc 00008067 jalr             x0, x1, 0            x1:1c008ca2
14037287ns          227515 1c008ca2 4df52863 p.beqimm         x10, 1232           x10:00000000
14037307ns          227516 1c008ca6 00140413 addi             x8, x8, 1            x8=00000002  x8:00000001
14037327ns          227517 1c008ca8 001a450b p.lbu            x10, 1(x20!)        x10=00000074 x20=1c00001f x20:1c00001e  PA:1c00001e
14037665ns          227534 1c008cac fe0515e3 bne              x10, x0, -22        x10:00000074
14037744ns          227538 1c008c96 02500793 addi             x15, x0, 37         x15=00000025
14037764ns          227539 1c008c9a 04f50763 beq              x10, x15, 78        x10:00000074 x15:00000025
14037784ns          227540 1c008c9e 009005b3 add              x11, x0, x9         x11=00000002  x9:00000002
14037804ns          227541 1c008ca0 000c80e7 jalr             x1, x25, 0           x1=1c008ca2 x25:1c008bb6
14037844ns          227543 1c008bb6 000026b7 lui              x13, 0x2000         x13=00002000
14037864ns          227544 1c008bb8 f8068693 addi             x13, x13, -128      x13=00001f80 x13:00002000
14037884ns          227545 1c008bbc f14027f3 csrrs            x15, x0, 0xf14      x15=00000004
14037903ns          227546 1c008bc0 00379713 slli             x14, x15, 0x3       x14=00000020 x15:00000004
14037923ns          227547 1c008bc4 00279793 slli             x15, x15, 0x2       x15=00000010 x15:00000004
14037943ns          227548 1c008bc6 00d7f7b3 and              x15, x15, x13       x15=00000000 x15:00000010 x13:00001f80
14037963ns          227549 1c008bc8 ee873733 p.bclr           x14, x14, 23, 8     x14=00000020 x14:00000020
14037983ns          227550 1c008bcc 1a10f6b7 lui              x13, 0x1a10f000     x13=1a10f000
14038003ns          227551 1c008bd0 00d70733 add              x14, x14, x13       x14=1a10f020 x14:00000020 x13:1a10f000
14038023ns          227552 1c008bd2 00e787b3 add              x15, x15, x14       x15=1a10f020 x15:00000000 x14:1a10f020
14038043ns          227553 1c008bd4 0ff57513 andi             x10, x10, 255       x10=00000074 x10:00000074
14038063ns          227554 1c008bd8 00a7a023 sw               x10, 0(x15)         x10:00000074 x15:1a10f020  PA:1a10f020
14038401ns          227571 1c008bda 00000513 addi             x10, x0, 0          x10=00000000
14038421ns          227572 1c008bdc 00008067 jalr             x0, x1, 0            x1:1c008ca2
14038480ns          227575 1c008ca2 4df52863 p.beqimm         x10, 1232           x10:00000000
14038500ns          227576 1c008ca6 00140413 addi             x8, x8, 1            x8=00000003  x8:00000002
14038520ns          227577 1c008ca8 001a450b p.lbu            x10, 1(x20!)        x10=00000065 x20=1c000020 x20:1c00001f  PA:1c00001f
14038838ns          227593 1c008cac fe0515e3 bne              x10, x0, -22        x10:00000065
14038918ns          227597 1c008c96 02500793 addi             x15, x0, 37         x15=00000025
14038938ns          227598 1c008c9a 04f50763 beq              x10, x15, 78        x10:00000065 x15:00000025
14038958ns          227599 1c008c9e 009005b3 add              x11, x0, x9         x11=00000002  x9:00000002
14038977ns          227600 1c008ca0 000c80e7 jalr             x1, x25, 0           x1=1c008ca2 x25:1c008bb6
14039017ns          227602 1c008bb6 000026b7 lui              x13, 0x2000         x13=00002000
14039037ns          227603 1c008bb8 f8068693 addi             x13, x13, -128      x13=00001f80 x13:00002000
14039057ns          227604 1c008bbc f14027f3 csrrs            x15, x0, 0xf14      x15=00000004
14039077ns          227605 1c008bc0 00379713 slli             x14, x15, 0x3       x14=00000020 x15:00000004
14039097ns          227606 1c008bc4 00279793 slli             x15, x15, 0x2       x15=00000010 x15:00000004
14039117ns          227607 1c008bc6 00d7f7b3 and              x15, x15, x13       x15=00000000 x15:00000010 x13:00001f80
14039137ns          227608 1c008bc8 ee873733 p.bclr           x14, x14, 23, 8     x14=00000020 x14:00000020
14039156ns          227609 1c008bcc 1a10f6b7 lui              x13, 0x1a10f000     x13=1a10f000
14039176ns          227610 1c008bd0 00d70733 add              x14, x14, x13       x14=1a10f020 x14:00000020 x13:1a10f000
14039196ns          227611 1c008bd2 00e787b3 add              x15, x15, x14       x15=1a10f020 x15:00000000 x14:1a10f020
14039216ns          227612 1c008bd4 0ff57513 andi             x10, x10, 255       x10=00000065 x10:00000065
14039236ns          227613 1c008bd8 00a7a023 sw               x10, 0(x15)         x10:00000065 x15:1a10f020  PA:1a10f020
14039554ns          227629 1c008bda 00000513 addi             x10, x0, 0          x10=00000000
14039574ns          227630 1c008bdc 00008067 jalr             x0, x1, 0            x1:1c008ca2
14039634ns          227633 1c008ca2 4df52863 p.beqimm         x10, 1232           x10:00000000
14039654ns          227634 1c008ca6 00140413 addi             x8, x8, 1            x8=00000004  x8:00000003
14039674ns          227635 1c008ca8 001a450b p.lbu            x10, 1(x20!)        x10=00000072 x20=1c000021 x20:1c000020  PA:1c000020
14039992ns          227651 1c008cac fe0515e3 bne              x10, x0, -22        x10:00000072
14040071ns          227655 1c008c96 02500793 addi             x15, x0, 37         x15=00000025
14040091ns          227656 1c008c9a 04f50763 beq              x10, x15, 78        x10:00000072 x15:00000025
14040111ns          227657 1c008c9e 009005b3 add              x11, x0, x9         x11=00000002  x9:00000002
14040131ns          227658 1c008ca0 000c80e7 jalr             x1, x25, 0           x1=1c008ca2 x25:1c008bb6
14040171ns          227660 1c008bb6 000026b7 lui              x13, 0x2000         x13=00002000
14040191ns          227661 1c008bb8 f8068693 addi             x13, x13, -128      x13=00001f80 x13:00002000
14040210ns          227662 1c008bbc f14027f3 csrrs            x15, x0, 0xf14      x15=00000004
14040230ns          227663 1c008bc0 00379713 slli             x14, x15, 0x3       x14=00000020 x15:00000004
14040250ns          227664 1c008bc4 00279793 slli             x15, x15, 0x2       x15=00000010 x15:00000004
14040270ns          227665 1c008bc6 00d7f7b3 and              x15, x15, x13       x15=00000000 x15:00000010 x13:00001f80
14040290ns          227666 1c008bc8 ee873733 p.bclr           x14, x14, 23, 8     x14=00000020 x14:00000020
14040310ns          227667 1c008bcc 1a10f6b7 lui              x13, 0x1a10f000     x13=1a10f000
14040330ns          227668 1c008bd0 00d70733 add              x14, x14, x13       x14=1a10f020 x14:00000020 x13:1a10f000
14040350ns          227669 1c008bd2 00e787b3 add              x15, x15, x14       x15=1a10f020 x15:00000000 x14:1a10f020
14040370ns          227670 1c008bd4 0ff57513 andi             x10, x10, 255       x10=00000072 x10:00000072
14040389ns          227671 1c008bd8 00a7a023 sw               x10, 0(x15)         x10:00000072 x15:1a10f020  PA:1a10f020
14040708ns          227687 1c008bda 00000513 addi             x10, x0, 0          x10=00000000
14040728ns          227688 1c008bdc 00008067 jalr             x0, x1, 0            x1:1c008ca2
14040787ns          227691 1c008ca2 4df52863 p.beqimm         x10, 1232           x10:00000000
14040807ns          227692 1c008ca6 00140413 addi             x8, x8, 1            x8=00000005  x8:00000004
14040827ns          227693 1c008ca8 001a450b p.lbu            x10, 1(x20!)        x10=00000065 x20=1c000022 x20:1c000021  PA:1c000021
14041185ns          227711 1c008cac fe0515e3 bne              x10, x0, -22        x10:00000065
14041265ns          227715 1c008c96 02500793 addi             x15, x0, 37         x15=00000025
14041284ns          227716 1c008c9a 04f50763 beq              x10, x15, 78        x10:00000065 x15:00000025
14041304ns          227717 1c008c9e 009005b3 add              x11, x0, x9         x11=00000002  x9:00000002
14041324ns          227718 1c008ca0 000c80e7 jalr             x1, x25, 0           x1=1c008ca2 x25:1c008bb6
14041364ns          227720 1c008bb6 000026b7 lui              x13, 0x2000         x13=00002000
14041384ns          227721 1c008bb8 f8068693 addi             x13, x13, -128      x13=00001f80 x13:00002000
14041404ns          227722 1c008bbc f14027f3 csrrs            x15, x0, 0xf14      x15=00000004
14041424ns          227723 1c008bc0 00379713 slli             x14, x15, 0x3       x14=00000020 x15:00000004
14041444ns          227724 1c008bc4 00279793 slli             x15, x15, 0x2       x15=00000010 x15:00000004
14041463ns          227725 1c008bc6 00d7f7b3 and              x15, x15, x13       x15=00000000 x15:00000010 x13:00001f80
14041483ns          227726 1c008bc8 ee873733 p.bclr           x14, x14, 23, 8     x14=00000020 x14:00000020
14041503ns          227727 1c008bcc 1a10f6b7 lui              x13, 0x1a10f000     x13=1a10f000
14041523ns          227728 1c008bd0 00d70733 add              x14, x14, x13       x14=1a10f020 x14:00000020 x13:1a10f000
14041543ns          227729 1c008bd2 00e787b3 add              x15, x15, x14       x15=1a10f020 x15:00000000 x14:1a10f020
14041563ns          227730 1c008bd4 0ff57513 andi             x10, x10, 255       x10=00000065 x10:00000065
14041583ns          227731 1c008bd8 00a7a023 sw               x10, 0(x15)         x10:00000065 x15:1a10f020  PA:1a10f020
14041901ns          227747 1c008bda 00000513 addi             x10, x0, 0          x10=00000000
14041921ns          227748 1c008bdc 00008067 jalr             x0, x1, 0            x1:1c008ca2
14041981ns          227751 1c008ca2 4df52863 p.beqimm         x10, 1232           x10:00000000
14042000ns          227752 1c008ca6 00140413 addi             x8, x8, 1            x8=00000006  x8:00000005
14042020ns          227753 1c008ca8 001a450b p.lbu            x10, 1(x20!)        x10=00000064 x20=1c000023 x20:1c000022  PA:1c000022
14042398ns          227772 1c008cac fe0515e3 bne              x10, x0, -22        x10:00000064
14042478ns          227776 1c008c96 02500793 addi             x15, x0, 37         x15=00000025
14042498ns          227777 1c008c9a 04f50763 beq              x10, x15, 78        x10:00000064 x15:00000025
14042518ns          227778 1c008c9e 009005b3 add              x11, x0, x9         x11=00000002  x9:00000002
14042537ns          227779 1c008ca0 000c80e7 jalr             x1, x25, 0           x1=1c008ca2 x25:1c008bb6
14042577ns          227781 1c008bb6 000026b7 lui              x13, 0x2000         x13=00002000
14042597ns          227782 1c008bb8 f8068693 addi             x13, x13, -128      x13=00001f80 x13:00002000
14042617ns          227783 1c008bbc f14027f3 csrrs            x15, x0, 0xf14      x15=00000004
14042637ns          227784 1c008bc0 00379713 slli             x14, x15, 0x3       x14=00000020 x15:00000004
14042657ns          227785 1c008bc4 00279793 slli             x15, x15, 0x2       x15=00000010 x15:00000004
14042677ns          227786 1c008bc6 00d7f7b3 and              x15, x15, x13       x15=00000000 x15:00000010 x13:00001f80
14042696ns          227787 1c008bc8 ee873733 p.bclr           x14, x14, 23, 8     x14=00000020 x14:00000020
14042716ns          227788 1c008bcc 1a10f6b7 lui              x13, 0x1a10f000     x13=1a10f000
14042736ns          227789 1c008bd0 00d70733 add              x14, x14, x13       x14=1a10f020 x14:00000020 x13:1a10f000
14042756ns          227790 1c008bd2 00e787b3 add              x15, x15, x14       x15=1a10f020 x15:00000000 x14:1a10f020
14042776ns          227791 1c008bd4 0ff57513 andi             x10, x10, 255       x10=00000064 x10:00000064
14042796ns          227792 1c008bd8 00a7a023 sw               x10, 0(x15)         x10:00000064 x15:1a10f020  PA:1a10f020
14043114ns          227808 1c008bda 00000513 addi             x10, x0, 0          x10=00000000
14043134ns          227809 1c008bdc 00008067 jalr             x0, x1, 0            x1:1c008ca2
14043194ns          227812 1c008ca2 4df52863 p.beqimm         x10, 1232           x10:00000000
14043214ns          227813 1c008ca6 00140413 addi             x8, x8, 1            x8=00000007  x8:00000006
14043233ns          227814 1c008ca8 001a450b p.lbu            x10, 1(x20!)        x10=00000020 x20=1c000024 x20:1c000023  PA:1c000023
14043552ns          227830 1c008cac fe0515e3 bne              x10, x0, -22        x10:00000020
14043631ns          227834 1c008c96 02500793 addi             x15, x0, 37         x15=00000025
14043651ns          227835 1c008c9a 04f50763 beq              x10, x15, 78        x10:00000020 x15:00000025
14043671ns          227836 1c008c9e 009005b3 add              x11, x0, x9         x11=00000002  x9:00000002
14043691ns          227837 1c008ca0 000c80e7 jalr             x1, x25, 0           x1=1c008ca2 x25:1c008bb6
14043731ns          227839 1c008bb6 000026b7 lui              x13, 0x2000         x13=00002000
14043751ns          227840 1c008bb8 f8068693 addi             x13, x13, -128      x13=00001f80 x13:00002000
14043770ns          227841 1c008bbc f14027f3 csrrs            x15, x0, 0xf14      x15=00000004
14043790ns          227842 1c008bc0 00379713 slli             x14, x15, 0x3       x14=00000020 x15:00000004
14043810ns          227843 1c008bc4 00279793 slli             x15, x15, 0x2       x15=00000010 x15:00000004
14043830ns          227844 1c008bc6 00d7f7b3 and              x15, x15, x13       x15=00000000 x15:00000010 x13:00001f80
14043850ns          227845 1c008bc8 ee873733 p.bclr           x14, x14, 23, 8     x14=00000020 x14:00000020
14043870ns          227846 1c008bcc 1a10f6b7 lui              x13, 0x1a10f000     x13=1a10f000
14043890ns          227847 1c008bd0 00d70733 add              x14, x14, x13       x14=1a10f020 x14:00000020 x13:1a10f000
14043910ns          227848 1c008bd2 00e787b3 add              x15, x15, x14       x15=1a10f020 x15:00000000 x14:1a10f020
14043930ns          227849 1c008bd4 0ff57513 andi             x10, x10, 255       x10=00000020 x10:00000020
14043949ns          227850 1c008bd8 00a7a023 sw               x10, 0(x15)         x10:00000020 x15:1a10f020  PA:1a10f020
14044268ns          227866 1c008bda 00000513 addi             x10, x0, 0          x10=00000000
14044288ns          227867 1c008bdc 00008067 jalr             x0, x1, 0            x1:1c008ca2
14044347ns          227870 1c008ca2 4df52863 p.beqimm         x10, 1232           x10:00000000
14044367ns          227871 1c008ca6 00140413 addi             x8, x8, 1            x8=00000008  x8:00000007
14044387ns          227872 1c008ca8 001a450b p.lbu            x10, 1(x20!)        x10=00000063 x20=1c000025 x20:1c000024  PA:1c000024
14044725ns          227889 1c008cac fe0515e3 bne              x10, x0, -22        x10:00000063
14044805ns          227893 1c008c96 02500793 addi             x15, x0, 37         x15=00000025
14044825ns          227894 1c008c9a 04f50763 beq              x10, x15, 78        x10:00000063 x15:00000025
14044844ns          227895 1c008c9e 009005b3 add              x11, x0, x9         x11=00000002  x9:00000002
14044864ns          227896 1c008ca0 000c80e7 jalr             x1, x25, 0           x1=1c008ca2 x25:1c008bb6
14044904ns          227898 1c008bb6 000026b7 lui              x13, 0x2000         x13=00002000
14044924ns          227899 1c008bb8 f8068693 addi             x13, x13, -128      x13=00001f80 x13:00002000
14044944ns          227900 1c008bbc f14027f3 csrrs            x15, x0, 0xf14      x15=00000004
14044964ns          227901 1c008bc0 00379713 slli             x14, x15, 0x3       x14=00000020 x15:00000004
14044984ns          227902 1c008bc4 00279793 slli             x15, x15, 0x2       x15=00000010 x15:00000004
14045004ns          227903 1c008bc6 00d7f7b3 and              x15, x15, x13       x15=00000000 x15:00000010 x13:00001f80
14045023ns          227904 1c008bc8 ee873733 p.bclr           x14, x14, 23, 8     x14=00000020 x14:00000020
14045043ns          227905 1c008bcc 1a10f6b7 lui              x13, 0x1a10f000     x13=1a10f000
14045063ns          227906 1c008bd0 00d70733 add              x14, x14, x13       x14=1a10f020 x14:00000020 x13:1a10f000
14045083ns          227907 1c008bd2 00e787b3 add              x15, x15, x14       x15=1a10f020 x15:00000000 x14:1a10f020
14045103ns          227908 1c008bd4 0ff57513 andi             x10, x10, 255       x10=00000063 x10:00000063
14045123ns          227909 1c008bd8 00a7a023 sw               x10, 0(x15)         x10:00000063 x15:1a10f020  PA:1a10f020
14045441ns          227925 1c008bda 00000513 addi             x10, x0, 0          x10=00000000
14045461ns          227926 1c008bdc 00008067 jalr             x0, x1, 0            x1:1c008ca2
14045521ns          227929 1c008ca2 4df52863 p.beqimm         x10, 1232           x10:00000000
14045540ns          227930 1c008ca6 00140413 addi             x8, x8, 1            x8=00000009  x8:00000008
14045560ns          227931 1c008ca8 001a450b p.lbu            x10, 1(x20!)        x10=0000006c x20=1c000026 x20:1c000025  PA:1c000025
14045898ns          227948 1c008cac fe0515e3 bne              x10, x0, -22        x10:0000006c
14045978ns          227952 1c008c96 02500793 addi             x15, x0, 37         x15=00000025
14045998ns          227953 1c008c9a 04f50763 beq              x10, x15, 78        x10:0000006c x15:00000025
14046018ns          227954 1c008c9e 009005b3 add              x11, x0, x9         x11=00000002  x9:00000002
14046038ns          227955 1c008ca0 000c80e7 jalr             x1, x25, 0           x1=1c008ca2 x25:1c008bb6
14046077ns          227957 1c008bb6 000026b7 lui              x13, 0x2000         x13=00002000
14046097ns          227958 1c008bb8 f8068693 addi             x13, x13, -128      x13=00001f80 x13:00002000
14046117ns          227959 1c008bbc f14027f3 csrrs            x15, x0, 0xf14      x15=00000004
14046137ns          227960 1c008bc0 00379713 slli             x14, x15, 0x3       x14=00000020 x15:00000004
14046157ns          227961 1c008bc4 00279793 slli             x15, x15, 0x2       x15=00000010 x15:00000004
14046177ns          227962 1c008bc6 00d7f7b3 and              x15, x15, x13       x15=00000000 x15:00000010 x13:00001f80
14046197ns          227963 1c008bc8 ee873733 p.bclr           x14, x14, 23, 8     x14=00000020 x14:00000020
14046217ns          227964 1c008bcc 1a10f6b7 lui              x13, 0x1a10f000     x13=1a10f000
14046237ns          227965 1c008bd0 00d70733 add              x14, x14, x13       x14=1a10f020 x14:00000020 x13:1a10f000
14046256ns          227966 1c008bd2 00e787b3 add              x15, x15, x14       x15=1a10f020 x15:00000000 x14:1a10f020
14046276ns          227967 1c008bd4 0ff57513 andi             x10, x10, 255       x10=0000006c x10:0000006c
14046296ns          227968 1c008bd8 00a7a023 sw               x10, 0(x15)         x10:0000006c x15:1a10f020  PA:1a10f020
14046614ns          227984 1c008bda 00000513 addi             x10, x0, 0          x10=00000000
14046634ns          227985 1c008bdc 00008067 jalr             x0, x1, 0            x1:1c008ca2
14046694ns          227988 1c008ca2 4df52863 p.beqimm         x10, 1232           x10:00000000
14046714ns          227989 1c008ca6 00140413 addi             x8, x8, 1            x8=0000000a  x8:00000009
14046734ns          227990 1c008ca8 001a450b p.lbu            x10, 1(x20!)        x10=00000075 x20=1c000027 x20:1c000026  PA:1c000026
14047052ns          228006 1c008cac fe0515e3 bne              x10, x0, -22        x10:00000075
14047132ns          228010 1c008c96 02500793 addi             x15, x0, 37         x15=00000025
14047151ns          228011 1c008c9a 04f50763 beq              x10, x15, 78        x10:00000075 x15:00000025
14047171ns          228012 1c008c9e 009005b3 add              x11, x0, x9         x11=00000002  x9:00000002
14047191ns          228013 1c008ca0 000c80e7 jalr             x1, x25, 0           x1=1c008ca2 x25:1c008bb6
14047231ns          228015 1c008bb6 000026b7 lui              x13, 0x2000         x13=00002000
14047251ns          228016 1c008bb8 f8068693 addi             x13, x13, -128      x13=00001f80 x13:00002000
14047271ns          228017 1c008bbc f14027f3 csrrs            x15, x0, 0xf14      x15=00000004
14047291ns          228018 1c008bc0 00379713 slli             x14, x15, 0x3       x14=00000020 x15:00000004
14047311ns          228019 1c008bc4 00279793 slli             x15, x15, 0x2       x15=00000010 x15:00000004
14047330ns          228020 1c008bc6 00d7f7b3 and              x15, x15, x13       x15=00000000 x15:00000010 x13:00001f80
14047350ns          228021 1c008bc8 ee873733 p.bclr           x14, x14, 23, 8     x14=00000020 x14:00000020
14047370ns          228022 1c008bcc 1a10f6b7 lui              x13, 0x1a10f000     x13=1a10f000
14047390ns          228023 1c008bd0 00d70733 add              x14, x14, x13       x14=1a10f020 x14:00000020 x13:1a10f000
14047410ns          228024 1c008bd2 00e787b3 add              x15, x15, x14       x15=1a10f020 x15:00000000 x14:1a10f020
14047430ns          228025 1c008bd4 0ff57513 andi             x10, x10, 255       x10=00000075 x10:00000075
14047450ns          228026 1c008bd8 00a7a023 sw               x10, 0(x15)         x10:00000075 x15:1a10f020  PA:1a10f020
14047768ns          228042 1c008bda 00000513 addi             x10, x0, 0          x10=00000000
14047788ns          228043 1c008bdc 00008067 jalr             x0, x1, 0            x1:1c008ca2
14047847ns          228046 1c008ca2 4df52863 p.beqimm         x10, 1232           x10:00000000
14047867ns          228047 1c008ca6 00140413 addi             x8, x8, 1            x8=0000000b  x8:0000000a
14047887ns          228048 1c008ca8 001a450b p.lbu            x10, 1(x20!)        x10=00000073 x20=1c000028 x20:1c000027  PA:1c000027
14048205ns          228064 1c008cac fe0515e3 bne              x10, x0, -22        x10:00000073
14048285ns          228068 1c008c96 02500793 addi             x15, x0, 37         x15=00000025
14048305ns          228069 1c008c9a 04f50763 beq              x10, x15, 78        x10:00000073 x15:00000025
14048325ns          228070 1c008c9e 009005b3 add              x11, x0, x9         x11=00000002  x9:00000002
14048345ns          228071 1c008ca0 000c80e7 jalr             x1, x25, 0           x1=1c008ca2 x25:1c008bb6
14048384ns          228073 1c008bb6 000026b7 lui              x13, 0x2000         x13=00002000
14048404ns          228074 1c008bb8 f8068693 addi             x13, x13, -128      x13=00001f80 x13:00002000
14048424ns          228075 1c008bbc f14027f3 csrrs            x15, x0, 0xf14      x15=00000004
14048444ns          228076 1c008bc0 00379713 slli             x14, x15, 0x3       x14=00000020 x15:00000004
14048464ns          228077 1c008bc4 00279793 slli             x15, x15, 0x2       x15=00000010 x15:00000004
14048484ns          228078 1c008bc6 00d7f7b3 and              x15, x15, x13       x15=00000000 x15:00000010 x13:00001f80
14048504ns          228079 1c008bc8 ee873733 p.bclr           x14, x14, 23, 8     x14=00000020 x14:00000020
14048524ns          228080 1c008bcc 1a10f6b7 lui              x13, 0x1a10f000     x13=1a10f000
14048544ns          228081 1c008bd0 00d70733 add              x14, x14, x13       x14=1a10f020 x14:00000020 x13:1a10f000
14048563ns          228082 1c008bd2 00e787b3 add              x15, x15, x14       x15=1a10f020 x15:00000000 x14:1a10f020
14048583ns          228083 1c008bd4 0ff57513 andi             x10, x10, 255       x10=00000073 x10:00000073
14048603ns          228084 1c008bd8 00a7a023 sw               x10, 0(x15)         x10:00000073 x15:1a10f020  PA:1a10f020
14048941ns          228101 1c008bda 00000513 addi             x10, x0, 0          x10=00000000
14048961ns          228102 1c008bdc 00008067 jalr             x0, x1, 0            x1:1c008ca2
14049021ns          228105 1c008ca2 4df52863 p.beqimm         x10, 1232           x10:00000000
14049041ns          228106 1c008ca6 00140413 addi             x8, x8, 1            x8=0000000c  x8:0000000b
14049061ns          228107 1c008ca8 001a450b p.lbu            x10, 1(x20!)        x10=00000074 x20=1c000029 x20:1c000028  PA:1c000028
14049399ns          228124 1c008cac fe0515e3 bne              x10, x0, -22        x10:00000074
14049478ns          228128 1c008c96 02500793 addi             x15, x0, 37         x15=00000025
14049498ns          228129 1c008c9a 04f50763 beq              x10, x15, 78        x10:00000074 x15:00000025
14049518ns          228130 1c008c9e 009005b3 add              x11, x0, x9         x11=00000002  x9:00000002
14049538ns          228131 1c008ca0 000c80e7 jalr             x1, x25, 0           x1=1c008ca2 x25:1c008bb6
14049578ns          228133 1c008bb6 000026b7 lui              x13, 0x2000         x13=00002000
14049598ns          228134 1c008bb8 f8068693 addi             x13, x13, -128      x13=00001f80 x13:00002000
14049618ns          228135 1c008bbc f14027f3 csrrs            x15, x0, 0xf14      x15=00000004
14049637ns          228136 1c008bc0 00379713 slli             x14, x15, 0x3       x14=00000020 x15:00000004
14049657ns          228137 1c008bc4 00279793 slli             x15, x15, 0x2       x15=00000010 x15:00000004
14049677ns          228138 1c008bc6 00d7f7b3 and              x15, x15, x13       x15=00000000 x15:00000010 x13:00001f80
14049697ns          228139 1c008bc8 ee873733 p.bclr           x14, x14, 23, 8     x14=00000020 x14:00000020
14049717ns          228140 1c008bcc 1a10f6b7 lui              x13, 0x1a10f000     x13=1a10f000
14049737ns          228141 1c008bd0 00d70733 add              x14, x14, x13       x14=1a10f020 x14:00000020 x13:1a10f000
14049757ns          228142 1c008bd2 00e787b3 add              x15, x15, x14       x15=1a10f020 x15:00000000 x14:1a10f020
14049777ns          228143 1c008bd4 0ff57513 andi             x10, x10, 255       x10=00000074 x10:00000074
14049797ns          228144 1c008bd8 00a7a023 sw               x10, 0(x15)         x10:00000074 x15:1a10f020  PA:1a10f020
14050115ns          228160 1c008bda 00000513 addi             x10, x0, 0          x10=00000000
14050135ns          228161 1c008bdc 00008067 jalr             x0, x1, 0            x1:1c008ca2
14050194ns          228164 1c008ca2 4df52863 p.beqimm         x10, 1232           x10:00000000
14050214ns          228165 1c008ca6 00140413 addi             x8, x8, 1            x8=0000000d  x8:0000000c
14050234ns          228166 1c008ca8 001a450b p.lbu            x10, 1(x20!)        x10=00000065 x20=1c00002a x20:1c000029  PA:1c000029
14050572ns          228183 1c008cac fe0515e3 bne              x10, x0, -22        x10:00000065
14050652ns          228187 1c008c96 02500793 addi             x15, x0, 37         x15=00000025
14050672ns          228188 1c008c9a 04f50763 beq              x10, x15, 78        x10:00000065 x15:00000025
14050691ns          228189 1c008c9e 009005b3 add              x11, x0, x9         x11=00000002  x9:00000002
14050711ns          228190 1c008ca0 000c80e7 jalr             x1, x25, 0           x1=1c008ca2 x25:1c008bb6
14050751ns          228192 1c008bb6 000026b7 lui              x13, 0x2000         x13=00002000
14050771ns          228193 1c008bb8 f8068693 addi             x13, x13, -128      x13=00001f80 x13:00002000
14050791ns          228194 1c008bbc f14027f3 csrrs            x15, x0, 0xf14      x15=00000004
14050811ns          228195 1c008bc0 00379713 slli             x14, x15, 0x3       x14=00000020 x15:00000004
14050831ns          228196 1c008bc4 00279793 slli             x15, x15, 0x2       x15=00000010 x15:00000004
14050851ns          228197 1c008bc6 00d7f7b3 and              x15, x15, x13       x15=00000000 x15:00000010 x13:00001f80
14050870ns          228198 1c008bc8 ee873733 p.bclr           x14, x14, 23, 8     x14=00000020 x14:00000020
14050890ns          228199 1c008bcc 1a10f6b7 lui              x13, 0x1a10f000     x13=1a10f000
14050910ns          228200 1c008bd0 00d70733 add              x14, x14, x13       x14=1a10f020 x14:00000020 x13:1a10f000
14050930ns          228201 1c008bd2 00e787b3 add              x15, x15, x14       x15=1a10f020 x15:00000000 x14:1a10f020
14050950ns          228202 1c008bd4 0ff57513 andi             x10, x10, 255       x10=00000065 x10:00000065
14050970ns          228203 1c008bd8 00a7a023 sw               x10, 0(x15)         x10:00000065 x15:1a10f020  PA:1a10f020
14051288ns          228219 1c008bda 00000513 addi             x10, x0, 0          x10=00000000
14051308ns          228220 1c008bdc 00008067 jalr             x0, x1, 0            x1:1c008ca2
14051368ns          228223 1c008ca2 4df52863 p.beqimm         x10, 1232           x10:00000000
14051388ns          228224 1c008ca6 00140413 addi             x8, x8, 1            x8=0000000e  x8:0000000d
14051407ns          228225 1c008ca8 001a450b p.lbu            x10, 1(x20!)        x10=00000072 x20=1c00002b x20:1c00002a  PA:1c00002a
14051746ns          228242 1c008cac fe0515e3 bne              x10, x0, -22        x10:00000072
14051825ns          228246 1c008c96 02500793 addi             x15, x0, 37         x15=00000025
14051845ns          228247 1c008c9a 04f50763 beq              x10, x15, 78        x10:00000072 x15:00000025
14051865ns          228248 1c008c9e 009005b3 add              x11, x0, x9         x11=00000002  x9:00000002
14051885ns          228249 1c008ca0 000c80e7 jalr             x1, x25, 0           x1=1c008ca2 x25:1c008bb6
14051925ns          228251 1c008bb6 000026b7 lui              x13, 0x2000         x13=00002000
14051944ns          228252 1c008bb8 f8068693 addi             x13, x13, -128      x13=00001f80 x13:00002000
14051964ns          228253 1c008bbc f14027f3 csrrs            x15, x0, 0xf14      x15=00000004
14051984ns          228254 1c008bc0 00379713 slli             x14, x15, 0x3       x14=00000020 x15:00000004
14052004ns          228255 1c008bc4 00279793 slli             x15, x15, 0x2       x15=00000010 x15:00000004
14052024ns          228256 1c008bc6 00d7f7b3 and              x15, x15, x13       x15=00000000 x15:00000010 x13:00001f80
14052044ns          228257 1c008bc8 ee873733 p.bclr           x14, x14, 23, 8     x14=00000020 x14:00000020
14052064ns          228258 1c008bcc 1a10f6b7 lui              x13, 0x1a10f000     x13=1a10f000
14052084ns          228259 1c008bd0 00d70733 add              x14, x14, x13       x14=1a10f020 x14:00000020 x13:1a10f000
14052104ns          228260 1c008bd2 00e787b3 add              x15, x15, x14       x15=1a10f020 x15:00000000 x14:1a10f020
14052123ns          228261 1c008bd4 0ff57513 andi             x10, x10, 255       x10=00000072 x10:00000072
14052143ns          228262 1c008bd8 00a7a023 sw               x10, 0(x15)         x10:00000072 x15:1a10f020  PA:1a10f020
14052462ns          228278 1c008bda 00000513 addi             x10, x0, 0          x10=00000000
14052481ns          228279 1c008bdc 00008067 jalr             x0, x1, 0            x1:1c008ca2
14052541ns          228282 1c008ca2 4df52863 p.beqimm         x10, 1232           x10:00000000
14052561ns          228283 1c008ca6 00140413 addi             x8, x8, 1            x8=0000000f  x8:0000000e
14052581ns          228284 1c008ca8 001a450b p.lbu            x10, 1(x20!)        x10=00000020 x20=1c00002c x20:1c00002b  PA:1c00002b
14052939ns          228302 1c008cac fe0515e3 bne              x10, x0, -22        x10:00000020
14053018ns          228306 1c008c96 02500793 addi             x15, x0, 37         x15=00000025
14053038ns          228307 1c008c9a 04f50763 beq              x10, x15, 78        x10:00000020 x15:00000025
14053058ns          228308 1c008c9e 009005b3 add              x11, x0, x9         x11=00000002  x9:00000002
14053078ns          228309 1c008ca0 000c80e7 jalr             x1, x25, 0           x1=1c008ca2 x25:1c008bb6
14053118ns          228311 1c008bb6 000026b7 lui              x13, 0x2000         x13=00002000
14053138ns          228312 1c008bb8 f8068693 addi             x13, x13, -128      x13=00001f80 x13:00002000
14053158ns          228313 1c008bbc f14027f3 csrrs            x15, x0, 0xf14      x15=00000004
14053177ns          228314 1c008bc0 00379713 slli             x14, x15, 0x3       x14=00000020 x15:00000004
14053197ns          228315 1c008bc4 00279793 slli             x15, x15, 0x2       x15=00000010 x15:00000004
14053217ns          228316 1c008bc6 00d7f7b3 and              x15, x15, x13       x15=00000000 x15:00000010 x13:00001f80
14053237ns          228317 1c008bc8 ee873733 p.bclr           x14, x14, 23, 8     x14=00000020 x14:00000020
14053257ns          228318 1c008bcc 1a10f6b7 lui              x13, 0x1a10f000     x13=1a10f000
14053277ns          228319 1c008bd0 00d70733 add              x14, x14, x13       x14=1a10f020 x14:00000020 x13:1a10f000
14053297ns          228320 1c008bd2 00e787b3 add              x15, x15, x14       x15=1a10f020 x15:00000000 x14:1a10f020
14053317ns          228321 1c008bd4 0ff57513 andi             x10, x10, 255       x10=00000020 x10:00000020
14053337ns          228322 1c008bd8 00a7a023 sw               x10, 0(x15)         x10:00000020 x15:1a10f020  PA:1a10f020
14053655ns          228338 1c008bda 00000513 addi             x10, x0, 0          x10=00000000
14053675ns          228339 1c008bdc 00008067 jalr             x0, x1, 0            x1:1c008ca2
14053734ns          228342 1c008ca2 4df52863 p.beqimm         x10, 1232           x10:00000000
14053754ns          228343 1c008ca6 00140413 addi             x8, x8, 1            x8=00000010  x8:0000000f
14053774ns          228344 1c008ca8 001a450b p.lbu            x10, 1(x20!)        x10=0000006f x20=1c00002d x20:1c00002c  PA:1c00002c
14054132ns          228362 1c008cac fe0515e3 bne              x10, x0, -22        x10:0000006f
14054212ns          228366 1c008c96 02500793 addi             x15, x0, 37         x15=00000025
14054232ns          228367 1c008c9a 04f50763 beq              x10, x15, 78        x10:0000006f x15:00000025
14054251ns          228368 1c008c9e 009005b3 add              x11, x0, x9         x11=00000002  x9:00000002
14054271ns          228369 1c008ca0 000c80e7 jalr             x1, x25, 0           x1=1c008ca2 x25:1c008bb6
14054311ns          228371 1c008bb6 000026b7 lui              x13, 0x2000         x13=00002000
14054331ns          228372 1c008bb8 f8068693 addi             x13, x13, -128      x13=00001f80 x13:00002000
14054351ns          228373 1c008bbc f14027f3 csrrs            x15, x0, 0xf14      x15=00000004
14054371ns          228374 1c008bc0 00379713 slli             x14, x15, 0x3       x14=00000020 x15:00000004
14054391ns          228375 1c008bc4 00279793 slli             x15, x15, 0x2       x15=00000010 x15:00000004
14054411ns          228376 1c008bc6 00d7f7b3 and              x15, x15, x13       x15=00000000 x15:00000010 x13:00001f80
14054430ns          228377 1c008bc8 ee873733 p.bclr           x14, x14, 23, 8     x14=00000020 x14:00000020
14054450ns          228378 1c008bcc 1a10f6b7 lui              x13, 0x1a10f000     x13=1a10f000
14054470ns          228379 1c008bd0 00d70733 add              x14, x14, x13       x14=1a10f020 x14:00000020 x13:1a10f000
14054490ns          228380 1c008bd2 00e787b3 add              x15, x15, x14       x15=1a10f020 x15:00000000 x14:1a10f020
14054510ns          228381 1c008bd4 0ff57513 andi             x10, x10, 255       x10=0000006f x10:0000006f
14054530ns          228382 1c008bd8 00a7a023 sw               x10, 0(x15)         x10:0000006f x15:1a10f020  PA:1a10f020
14054848ns          228398 1c008bda 00000513 addi             x10, x0, 0          x10=00000000
14054868ns          228399 1c008bdc 00008067 jalr             x0, x1, 0            x1:1c008ca2
14054928ns          228402 1c008ca2 4df52863 p.beqimm         x10, 1232           x10:00000000
14054948ns          228403 1c008ca6 00140413 addi             x8, x8, 1            x8=00000011  x8:00000010
14054967ns          228404 1c008ca8 001a450b p.lbu            x10, 1(x20!)        x10=0000006e x20=1c00002e x20:1c00002d  PA:1c00002d
14055286ns          228420 1c008cac fe0515e3 bne              x10, x0, -22        x10:0000006e
14055365ns          228424 1c008c96 02500793 addi             x15, x0, 37         x15=00000025
14055385ns          228425 1c008c9a 04f50763 beq              x10, x15, 78        x10:0000006e x15:00000025
14055405ns          228426 1c008c9e 009005b3 add              x11, x0, x9         x11=00000002  x9:00000002
14055425ns          228427 1c008ca0 000c80e7 jalr             x1, x25, 0           x1=1c008ca2 x25:1c008bb6
14055465ns          228429 1c008bb6 000026b7 lui              x13, 0x2000         x13=00002000
14055484ns          228430 1c008bb8 f8068693 addi             x13, x13, -128      x13=00001f80 x13:00002000
14055504ns          228431 1c008bbc f14027f3 csrrs            x15, x0, 0xf14      x15=00000004
14055524ns          228432 1c008bc0 00379713 slli             x14, x15, 0x3       x14=00000020 x15:00000004
14055544ns          228433 1c008bc4 00279793 slli             x15, x15, 0x2       x15=00000010 x15:00000004
14055564ns          228434 1c008bc6 00d7f7b3 and              x15, x15, x13       x15=00000000 x15:00000010 x13:00001f80
14055584ns          228435 1c008bc8 ee873733 p.bclr           x14, x14, 23, 8     x14=00000020 x14:00000020
14055604ns          228436 1c008bcc 1a10f6b7 lui              x13, 0x1a10f000     x13=1a10f000
14055624ns          228437 1c008bd0 00d70733 add              x14, x14, x13       x14=1a10f020 x14:00000020 x13:1a10f000
14055644ns          228438 1c008bd2 00e787b3 add              x15, x15, x14       x15=1a10f020 x15:00000000 x14:1a10f020
14055663ns          228439 1c008bd4 0ff57513 andi             x10, x10, 255       x10=0000006e x10:0000006e
14055683ns          228440 1c008bd8 00a7a023 sw               x10, 0(x15)         x10:0000006e x15:1a10f020  PA:1a10f020
14056002ns          228456 1c008bda 00000513 addi             x10, x0, 0          x10=00000000
14056021ns          228457 1c008bdc 00008067 jalr             x0, x1, 0            x1:1c008ca2
14056081ns          228460 1c008ca2 4df52863 p.beqimm         x10, 1232           x10:00000000
14056101ns          228461 1c008ca6 00140413 addi             x8, x8, 1            x8=00000012  x8:00000011
14056121ns          228462 1c008ca8 001a450b p.lbu            x10, 1(x20!)        x10=00000020 x20=1c00002f x20:1c00002e  PA:1c00002e
14056459ns          228479 1c008cac fe0515e3 bne              x10, x0, -22        x10:00000020
14056539ns          228483 1c008c96 02500793 addi             x15, x0, 37         x15=00000025
14056558ns          228484 1c008c9a 04f50763 beq              x10, x15, 78        x10:00000020 x15:00000025
14056578ns          228485 1c008c9e 009005b3 add              x11, x0, x9         x11=00000002  x9:00000002
14056598ns          228486 1c008ca0 000c80e7 jalr             x1, x25, 0           x1=1c008ca2 x25:1c008bb6
14056638ns          228488 1c008bb6 000026b7 lui              x13, 0x2000         x13=00002000
14056658ns          228489 1c008bb8 f8068693 addi             x13, x13, -128      x13=00001f80 x13:00002000
14056678ns          228490 1c008bbc f14027f3 csrrs            x15, x0, 0xf14      x15=00000004
14056698ns          228491 1c008bc0 00379713 slli             x14, x15, 0x3       x14=00000020 x15:00000004
14056718ns          228492 1c008bc4 00279793 slli             x15, x15, 0x2       x15=00000010 x15:00000004
14056737ns          228493 1c008bc6 00d7f7b3 and              x15, x15, x13       x15=00000000 x15:00000010 x13:00001f80
14056757ns          228494 1c008bc8 ee873733 p.bclr           x14, x14, 23, 8     x14=00000020 x14:00000020
14056777ns          228495 1c008bcc 1a10f6b7 lui              x13, 0x1a10f000     x13=1a10f000
14056797ns          228496 1c008bd0 00d70733 add              x14, x14, x13       x14=1a10f020 x14:00000020 x13:1a10f000
14056817ns          228497 1c008bd2 00e787b3 add              x15, x15, x14       x15=1a10f020 x15:00000000 x14:1a10f020
14056837ns          228498 1c008bd4 0ff57513 andi             x10, x10, 255       x10=00000020 x10:00000020
14056857ns          228499 1c008bd8 00a7a023 sw               x10, 0(x15)         x10:00000020 x15:1a10f020  PA:1a10f020
14057175ns          228515 1c008bda 00000513 addi             x10, x0, 0          x10=00000000
14057195ns          228516 1c008bdc 00008067 jalr             x0, x1, 0            x1:1c008ca2
14057255ns          228519 1c008ca2 4df52863 p.beqimm         x10, 1232           x10:00000000
14057274ns          228520 1c008ca6 00140413 addi             x8, x8, 1            x8=00000013  x8:00000012
14057294ns          228521 1c008ca8 001a450b p.lbu            x10, 1(x20!)        x10=00000063 x20=1c000030 x20:1c00002f  PA:1c00002f
14057612ns          228537 1c008cac fe0515e3 bne              x10, x0, -22        x10:00000063
14057692ns          228541 1c008c96 02500793 addi             x15, x0, 37         x15=00000025
14057712ns          228542 1c008c9a 04f50763 beq              x10, x15, 78        x10:00000063 x15:00000025
14057732ns          228543 1c008c9e 009005b3 add              x11, x0, x9         x11=00000002  x9:00000002
14057752ns          228544 1c008ca0 000c80e7 jalr             x1, x25, 0           x1=1c008ca2 x25:1c008bb6
14057791ns          228546 1c008bb6 000026b7 lui              x13, 0x2000         x13=00002000
14057811ns          228547 1c008bb8 f8068693 addi             x13, x13, -128      x13=00001f80 x13:00002000
14057831ns          228548 1c008bbc f14027f3 csrrs            x15, x0, 0xf14      x15=00000004
14057851ns          228549 1c008bc0 00379713 slli             x14, x15, 0x3       x14=00000020 x15:00000004
14057871ns          228550 1c008bc4 00279793 slli             x15, x15, 0x2       x15=00000010 x15:00000004
14057891ns          228551 1c008bc6 00d7f7b3 and              x15, x15, x13       x15=00000000 x15:00000010 x13:00001f80
14057911ns          228552 1c008bc8 ee873733 p.bclr           x14, x14, 23, 8     x14=00000020 x14:00000020
14057931ns          228553 1c008bcc 1a10f6b7 lui              x13, 0x1a10f000     x13=1a10f000
14057951ns          228554 1c008bd0 00d70733 add              x14, x14, x13       x14=1a10f020 x14:00000020 x13:1a10f000
14057970ns          228555 1c008bd2 00e787b3 add              x15, x15, x14       x15=1a10f020 x15:00000000 x14:1a10f020
14057990ns          228556 1c008bd4 0ff57513 andi             x10, x10, 255       x10=00000063 x10:00000063
14058010ns          228557 1c008bd8 00a7a023 sw               x10, 0(x15)         x10:00000063 x15:1a10f020  PA:1a10f020
14058328ns          228573 1c008bda 00000513 addi             x10, x0, 0          x10=00000000
14058348ns          228574 1c008bdc 00008067 jalr             x0, x1, 0            x1:1c008ca2
14058408ns          228577 1c008ca2 4df52863 p.beqimm         x10, 1232           x10:00000000
14058428ns          228578 1c008ca6 00140413 addi             x8, x8, 1            x8=00000014  x8:00000013
14058448ns          228579 1c008ca8 001a450b p.lbu            x10, 1(x20!)        x10=0000006c x20=1c000031 x20:1c000030  PA:1c000030
14058766ns          228595 1c008cac fe0515e3 bne              x10, x0, -22        x10:0000006c
14058846ns          228599 1c008c96 02500793 addi             x15, x0, 37         x15=00000025
14058865ns          228600 1c008c9a 04f50763 beq              x10, x15, 78        x10:0000006c x15:00000025
14058885ns          228601 1c008c9e 009005b3 add              x11, x0, x9         x11=00000002  x9:00000002
14058905ns          228602 1c008ca0 000c80e7 jalr             x1, x25, 0           x1=1c008ca2 x25:1c008bb6
14058945ns          228604 1c008bb6 000026b7 lui              x13, 0x2000         x13=00002000
14058965ns          228605 1c008bb8 f8068693 addi             x13, x13, -128      x13=00001f80 x13:00002000
14058985ns          228606 1c008bbc f14027f3 csrrs            x15, x0, 0xf14      x15=00000004
14059005ns          228607 1c008bc0 00379713 slli             x14, x15, 0x3       x14=00000020 x15:00000004
14059025ns          228608 1c008bc4 00279793 slli             x15, x15, 0x2       x15=00000010 x15:00000004
14059044ns          228609 1c008bc6 00d7f7b3 and              x15, x15, x13       x15=00000000 x15:00000010 x13:00001f80
14059064ns          228610 1c008bc8 ee873733 p.bclr           x14, x14, 23, 8     x14=00000020 x14:00000020
14059084ns          228611 1c008bcc 1a10f6b7 lui              x13, 0x1a10f000     x13=1a10f000
14059104ns          228612 1c008bd0 00d70733 add              x14, x14, x13       x14=1a10f020 x14:00000020 x13:1a10f000
14059124ns          228613 1c008bd2 00e787b3 add              x15, x15, x14       x15=1a10f020 x15:00000000 x14:1a10f020
14059144ns          228614 1c008bd4 0ff57513 andi             x10, x10, 255       x10=0000006c x10:0000006c
14059164ns          228615 1c008bd8 00a7a023 sw               x10, 0(x15)         x10:0000006c x15:1a10f020  PA:1a10f020
14059502ns          228632 1c008bda 00000513 addi             x10, x0, 0          x10=00000000
14059522ns          228633 1c008bdc 00008067 jalr             x0, x1, 0            x1:1c008ca2
14059581ns          228636 1c008ca2 4df52863 p.beqimm         x10, 1232           x10:00000000
14059601ns          228637 1c008ca6 00140413 addi             x8, x8, 1            x8=00000015  x8:00000014
14059621ns          228638 1c008ca8 001a450b p.lbu            x10, 1(x20!)        x10=00000075 x20=1c000032 x20:1c000031  PA:1c000031
14059939ns          228654 1c008cac fe0515e3 bne              x10, x0, -22        x10:00000075
14060019ns          228658 1c008c96 02500793 addi             x15, x0, 37         x15=00000025
14060039ns          228659 1c008c9a 04f50763 beq              x10, x15, 78        x10:00000075 x15:00000025
14060059ns          228660 1c008c9e 009005b3 add              x11, x0, x9         x11=00000002  x9:00000002
14060079ns          228661 1c008ca0 000c80e7 jalr             x1, x25, 0           x1=1c008ca2 x25:1c008bb6
14060118ns          228663 1c008bb6 000026b7 lui              x13, 0x2000         x13=00002000
14060138ns          228664 1c008bb8 f8068693 addi             x13, x13, -128      x13=00001f80 x13:00002000
14060158ns          228665 1c008bbc f14027f3 csrrs            x15, x0, 0xf14      x15=00000004
14060178ns          228666 1c008bc0 00379713 slli             x14, x15, 0x3       x14=00000020 x15:00000004
14060198ns          228667 1c008bc4 00279793 slli             x15, x15, 0x2       x15=00000010 x15:00000004
14060218ns          228668 1c008bc6 00d7f7b3 and              x15, x15, x13       x15=00000000 x15:00000010 x13:00001f80
14060238ns          228669 1c008bc8 ee873733 p.bclr           x14, x14, 23, 8     x14=00000020 x14:00000020
14060258ns          228670 1c008bcc 1a10f6b7 lui              x13, 0x1a10f000     x13=1a10f000
14060277ns          228671 1c008bd0 00d70733 add              x14, x14, x13       x14=1a10f020 x14:00000020 x13:1a10f000
14060297ns          228672 1c008bd2 00e787b3 add              x15, x15, x14       x15=1a10f020 x15:00000000 x14:1a10f020
14060317ns          228673 1c008bd4 0ff57513 andi             x10, x10, 255       x10=00000075 x10:00000075
14060337ns          228674 1c008bd8 00a7a023 sw               x10, 0(x15)         x10:00000075 x15:1a10f020  PA:1a10f020
14060655ns          228690 1c008bda 00000513 addi             x10, x0, 0          x10=00000000
14060675ns          228691 1c008bdc 00008067 jalr             x0, x1, 0            x1:1c008ca2
14060735ns          228694 1c008ca2 4df52863 p.beqimm         x10, 1232           x10:00000000
14060755ns          228695 1c008ca6 00140413 addi             x8, x8, 1            x8=00000016  x8:00000015
14060775ns          228696 1c008ca8 001a450b p.lbu            x10, 1(x20!)        x10=00000073 x20=1c000033 x20:1c000032  PA:1c000032
14061093ns          228712 1c008cac fe0515e3 bne              x10, x0, -22        x10:00000073
14061172ns          228716 1c008c96 02500793 addi             x15, x0, 37         x15=00000025
14061192ns          228717 1c008c9a 04f50763 beq              x10, x15, 78        x10:00000073 x15:00000025
14061212ns          228718 1c008c9e 009005b3 add              x11, x0, x9         x11=00000002  x9:00000002
14061232ns          228719 1c008ca0 000c80e7 jalr             x1, x25, 0           x1=1c008ca2 x25:1c008bb6
14061272ns          228721 1c008bb6 000026b7 lui              x13, 0x2000         x13=00002000
14061292ns          228722 1c008bb8 f8068693 addi             x13, x13, -128      x13=00001f80 x13:00002000
14061312ns          228723 1c008bbc f14027f3 csrrs            x15, x0, 0xf14      x15=00000004
14061332ns          228724 1c008bc0 00379713 slli             x14, x15, 0x3       x14=00000020 x15:00000004
14061351ns          228725 1c008bc4 00279793 slli             x15, x15, 0x2       x15=00000010 x15:00000004
14061371ns          228726 1c008bc6 00d7f7b3 and              x15, x15, x13       x15=00000000 x15:00000010 x13:00001f80
14061391ns          228727 1c008bc8 ee873733 p.bclr           x14, x14, 23, 8     x14=00000020 x14:00000020
14061411ns          228728 1c008bcc 1a10f6b7 lui              x13, 0x1a10f000     x13=1a10f000
14061431ns          228729 1c008bd0 00d70733 add              x14, x14, x13       x14=1a10f020 x14:00000020 x13:1a10f000
14061451ns          228730 1c008bd2 00e787b3 add              x15, x15, x14       x15=1a10f020 x15:00000000 x14:1a10f020
14061471ns          228731 1c008bd4 0ff57513 andi             x10, x10, 255       x10=00000073 x10:00000073
14061491ns          228732 1c008bd8 00a7a023 sw               x10, 0(x15)         x10:00000073 x15:1a10f020  PA:1a10f020
14061809ns          228748 1c008bda 00000513 addi             x10, x0, 0          x10=00000000
14061829ns          228749 1c008bdc 00008067 jalr             x0, x1, 0            x1:1c008ca2
14061888ns          228752 1c008ca2 4df52863 p.beqimm         x10, 1232           x10:00000000
14061908ns          228753 1c008ca6 00140413 addi             x8, x8, 1            x8=00000017  x8:00000016
14061928ns          228754 1c008ca8 001a450b p.lbu            x10, 1(x20!)        x10=00000074 x20=1c000034 x20:1c000033  PA:1c000033
14062266ns          228771 1c008cac fe0515e3 bne              x10, x0, -22        x10:00000074
14062346ns          228775 1c008c96 02500793 addi             x15, x0, 37         x15=00000025
14062366ns          228776 1c008c9a 04f50763 beq              x10, x15, 78        x10:00000074 x15:00000025
14062386ns          228777 1c008c9e 009005b3 add              x11, x0, x9         x11=00000002  x9:00000002
14062406ns          228778 1c008ca0 000c80e7 jalr             x1, x25, 0           x1=1c008ca2 x25:1c008bb6
14062445ns          228780 1c008bb6 000026b7 lui              x13, 0x2000         x13=00002000
14062465ns          228781 1c008bb8 f8068693 addi             x13, x13, -128      x13=00001f80 x13:00002000
14062485ns          228782 1c008bbc f14027f3 csrrs            x15, x0, 0xf14      x15=00000004
14062505ns          228783 1c008bc0 00379713 slli             x14, x15, 0x3       x14=00000020 x15:00000004
14062525ns          228784 1c008bc4 00279793 slli             x15, x15, 0x2       x15=00000010 x15:00000004
14062545ns          228785 1c008bc6 00d7f7b3 and              x15, x15, x13       x15=00000000 x15:00000010 x13:00001f80
14062565ns          228786 1c008bc8 ee873733 p.bclr           x14, x14, 23, 8     x14=00000020 x14:00000020
14062584ns          228787 1c008bcc 1a10f6b7 lui              x13, 0x1a10f000     x13=1a10f000
14062604ns          228788 1c008bd0 00d70733 add              x14, x14, x13       x14=1a10f020 x14:00000020 x13:1a10f000
14062624ns          228789 1c008bd2 00e787b3 add              x15, x15, x14       x15=1a10f020 x15:00000000 x14:1a10f020
14062644ns          228790 1c008bd4 0ff57513 andi             x10, x10, 255       x10=00000074 x10:00000074
14062664ns          228791 1c008bd8 00a7a023 sw               x10, 0(x15)         x10:00000074 x15:1a10f020  PA:1a10f020
14062982ns          228807 1c008bda 00000513 addi             x10, x0, 0          x10=00000000
14063002ns          228808 1c008bdc 00008067 jalr             x0, x1, 0            x1:1c008ca2
14063062ns          228811 1c008ca2 4df52863 p.beqimm         x10, 1232           x10:00000000
14063082ns          228812 1c008ca6 00140413 addi             x8, x8, 1            x8=00000018  x8:00000017
14063102ns          228813 1c008ca8 001a450b p.lbu            x10, 1(x20!)        x10=00000065 x20=1c000035 x20:1c000034  PA:1c000034
14063420ns          228829 1c008cac fe0515e3 bne              x10, x0, -22        x10:00000065
14063499ns          228833 1c008c96 02500793 addi             x15, x0, 37         x15=00000025
14063519ns          228834 1c008c9a 04f50763 beq              x10, x15, 78        x10:00000065 x15:00000025
14063539ns          228835 1c008c9e 009005b3 add              x11, x0, x9         x11=00000002  x9:00000002
14063559ns          228836 1c008ca0 000c80e7 jalr             x1, x25, 0           x1=1c008ca2 x25:1c008bb6
14063599ns          228838 1c008bb6 000026b7 lui              x13, 0x2000         x13=00002000
14063619ns          228839 1c008bb8 f8068693 addi             x13, x13, -128      x13=00001f80 x13:00002000
14063639ns          228840 1c008bbc f14027f3 csrrs            x15, x0, 0xf14      x15=00000004
14063658ns          228841 1c008bc0 00379713 slli             x14, x15, 0x3       x14=00000020 x15:00000004
14063678ns          228842 1c008bc4 00279793 slli             x15, x15, 0x2       x15=00000010 x15:00000004
14063698ns          228843 1c008bc6 00d7f7b3 and              x15, x15, x13       x15=00000000 x15:00000010 x13:00001f80
14063718ns          228844 1c008bc8 ee873733 p.bclr           x14, x14, 23, 8     x14=00000020 x14:00000020
14063738ns          228845 1c008bcc 1a10f6b7 lui              x13, 0x1a10f000     x13=1a10f000
14063758ns          228846 1c008bd0 00d70733 add              x14, x14, x13       x14=1a10f020 x14:00000020 x13:1a10f000
14063778ns          228847 1c008bd2 00e787b3 add              x15, x15, x14       x15=1a10f020 x15:00000000 x14:1a10f020
14063798ns          228848 1c008bd4 0ff57513 andi             x10, x10, 255       x10=00000065 x10:00000065
14063818ns          228849 1c008bd8 00a7a023 sw               x10, 0(x15)         x10:00000065 x15:1a10f020  PA:1a10f020
14064136ns          228865 1c008bda 00000513 addi             x10, x0, 0          x10=00000000
14064156ns          228866 1c008bdc 00008067 jalr             x0, x1, 0            x1:1c008ca2
14064215ns          228869 1c008ca2 4df52863 p.beqimm         x10, 1232           x10:00000000
14064235ns          228870 1c008ca6 00140413 addi             x8, x8, 1            x8=00000019  x8:00000018
14064255ns          228871 1c008ca8 001a450b p.lbu            x10, 1(x20!)        x10=00000072 x20=1c000036 x20:1c000035  PA:1c000035
14064573ns          228887 1c008cac fe0515e3 bne              x10, x0, -22        x10:00000072
14064653ns          228891 1c008c96 02500793 addi             x15, x0, 37         x15=00000025
14064673ns          228892 1c008c9a 04f50763 beq              x10, x15, 78        x10:00000072 x15:00000025
14064693ns          228893 1c008c9e 009005b3 add              x11, x0, x9         x11=00000002  x9:00000002
14064713ns          228894 1c008ca0 000c80e7 jalr             x1, x25, 0           x1=1c008ca2 x25:1c008bb6
14064752ns          228896 1c008bb6 000026b7 lui              x13, 0x2000         x13=00002000
14064772ns          228897 1c008bb8 f8068693 addi             x13, x13, -128      x13=00001f80 x13:00002000
14064792ns          228898 1c008bbc f14027f3 csrrs            x15, x0, 0xf14      x15=00000004
14064812ns          228899 1c008bc0 00379713 slli             x14, x15, 0x3       x14=00000020 x15:00000004
14064832ns          228900 1c008bc4 00279793 slli             x15, x15, 0x2       x15=00000010 x15:00000004
14064852ns          228901 1c008bc6 00d7f7b3 and              x15, x15, x13       x15=00000000 x15:00000010 x13:00001f80
14064872ns          228902 1c008bc8 ee873733 p.bclr           x14, x14, 23, 8     x14=00000020 x14:00000020
14064892ns          228903 1c008bcc 1a10f6b7 lui              x13, 0x1a10f000     x13=1a10f000
14064911ns          228904 1c008bd0 00d70733 add              x14, x14, x13       x14=1a10f020 x14:00000020 x13:1a10f000
14064931ns          228905 1c008bd2 00e787b3 add              x15, x15, x14       x15=1a10f020 x15:00000000 x14:1a10f020
14064951ns          228906 1c008bd4 0ff57513 andi             x10, x10, 255       x10=00000072 x10:00000072
14064971ns          228907 1c008bd8 00a7a023 sw               x10, 0(x15)         x10:00000072 x15:1a10f020  PA:1a10f020
14065289ns          228923 1c008bda 00000513 addi             x10, x0, 0          x10=00000000
14065309ns          228924 1c008bdc 00008067 jalr             x0, x1, 0            x1:1c008ca2
14065369ns          228927 1c008ca2 4df52863 p.beqimm         x10, 1232           x10:00000000
14065389ns          228928 1c008ca6 00140413 addi             x8, x8, 1            x8=0000001a  x8:00000019
14065409ns          228929 1c008ca8 001a450b p.lbu            x10, 1(x20!)        x10=00000020 x20=1c000037 x20:1c000036  PA:1c000036
14065747ns          228946 1c008cac fe0515e3 bne              x10, x0, -22        x10:00000020
14065826ns          228950 1c008c96 02500793 addi             x15, x0, 37         x15=00000025
14065846ns          228951 1c008c9a 04f50763 beq              x10, x15, 78        x10:00000020 x15:00000025
14065866ns          228952 1c008c9e 009005b3 add              x11, x0, x9         x11=00000002  x9:00000002
14065886ns          228953 1c008ca0 000c80e7 jalr             x1, x25, 0           x1=1c008ca2 x25:1c008bb6
14065926ns          228955 1c008bb6 000026b7 lui              x13, 0x2000         x13=00002000
14065946ns          228956 1c008bb8 f8068693 addi             x13, x13, -128      x13=00001f80 x13:00002000
14065965ns          228957 1c008bbc f14027f3 csrrs            x15, x0, 0xf14      x15=00000004
14065985ns          228958 1c008bc0 00379713 slli             x14, x15, 0x3       x14=00000020 x15:00000004
14066005ns          228959 1c008bc4 00279793 slli             x15, x15, 0x2       x15=00000010 x15:00000004
14066025ns          228960 1c008bc6 00d7f7b3 and              x15, x15, x13       x15=00000000 x15:00000010 x13:00001f80
14066045ns          228961 1c008bc8 ee873733 p.bclr           x14, x14, 23, 8     x14=00000020 x14:00000020
14066065ns          228962 1c008bcc 1a10f6b7 lui              x13, 0x1a10f000     x13=1a10f000
14066085ns          228963 1c008bd0 00d70733 add              x14, x14, x13       x14=1a10f020 x14:00000020 x13:1a10f000
14066105ns          228964 1c008bd2 00e787b3 add              x15, x15, x14       x15=1a10f020 x15:00000000 x14:1a10f020
14066125ns          228965 1c008bd4 0ff57513 andi             x10, x10, 255       x10=00000020 x10:00000020
14066144ns          228966 1c008bd8 00a7a023 sw               x10, 0(x15)         x10:00000020 x15:1a10f020  PA:1a10f020
14066483ns          228983 1c008bda 00000513 addi             x10, x0, 0          x10=00000000
14066502ns          228984 1c008bdc 00008067 jalr             x0, x1, 0            x1:1c008ca2
14066562ns          228987 1c008ca2 4df52863 p.beqimm         x10, 1232           x10:00000000
14066582ns          228988 1c008ca6 00140413 addi             x8, x8, 1            x8=0000001b  x8:0000001a
14066602ns          228989 1c008ca8 001a450b p.lbu            x10, 1(x20!)        x10=00000025 x20=1c000038 x20:1c000037  PA:1c000037
14066920ns          229005 1c008cac fe0515e3 bne              x10, x0, -22        x10:00000025
14067000ns          229009 1c008c96 02500793 addi             x15, x0, 37         x15=00000025
14067020ns          229010 1c008c9a 04f50763 beq              x10, x15, 78        x10:00000025 x15:00000025
14067517ns          229035 1c008ce8 01400c33 add              x24, x0, x20        x24=1c000038 x20:1c000038
14067556ns          229037 1c008cea 000c4a03 lbu              x20, 0(x24)         x20=00000064 x24:1c000038  PA:1c000038
14068014ns          229060 1c008cee 0b4d0513 addi             x10, x26, 180       x10=1c0000b4 x26:1c000000
14068034ns          229061 1c008cf2 00912e23 sw               x9, 28(x2)           x9:00000002  x2:10002618  PA:10002634
14068054ns          229062 1c008cf4 014005b3 add              x11, x0, x20        x11=00000064 x20:00000064
14068074ns          229063 1c008cf6 00012823 sw               x0, 16(x2)           x2:10002618  PA:10002628
14068093ns          229064 1c008cf8 00012a23 sw               x0, 20(x2)           x2:10002618  PA:1000262c
14068113ns          229065 1c008cfa 00012623 sw               x0, 12(x2)           x2:10002618  PA:10002624
14068133ns          229066 1c008cfc 001c0493 addi             x9, x24, 1           x9=1c000039 x24:1c000038
14068531ns          229086 1c008d00 e41ff0ef jal              x1, -448             x1=1c008d02
14069008ns          229110 1c008b40 00054703 lbu              x14, 0(x10)         x14=0000002d x10:1c0000b4  PA:1c0000b4
14069346ns          229127 1c008b44 0ff5f593 andi             x11, x11, 255       x11=00000064 x11:00000064
14069366ns          229128 1c008b48 00a007b3 add              x15, x0, x10        x15=1c0000b4 x10:1c0000b4
14069386ns          229129 1c008b4a 00b70863 beq              x14, x11, 16        x14:0000002d x11:00000064
14069406ns          229130 1c008b4e 00070863 beq              x14, x0, 16         x14:0000002d
14069585ns          229139 1c008b50 0017c703 lbu              x14, 1(x15)         x14=0000002b x15:1c0000b4  PA:1c0000b5
14069903ns          229155 1c008b54 00178793 addi             x15, x15, 1         x15=1c0000b5 x15:1c0000b4
14069923ns          229156 1c008b56 feb71ce3 bne              x14, x11, -8        x14:0000002b x11:00000064
14070182ns          229169 1c008b4e 00070863 beq              x14, x0, 16         x14:0000002b
14070202ns          229170 1c008b50 0017c703 lbu              x14, 1(x15)         x14=00000020 x15:1c0000b5  PA:1c0000b6
14070500ns          229185 1c008b54 00178793 addi             x15, x15, 1         x15=1c0000b6 x15:1c0000b5
14070520ns          229186 1c008b56 feb71ce3 bne              x14, x11, -8        x14:00000020 x11:00000064
14070579ns          229189 1c008b4e 00070863 beq              x14, x0, 16         x14:00000020
14070599ns          229190 1c008b50 0017c703 lbu              x14, 1(x15)         x14=00000023 x15:1c0000b6  PA:1c0000b7
14070918ns          229206 1c008b54 00178793 addi             x15, x15, 1         x15=1c0000b7 x15:1c0000b6
14070937ns          229207 1c008b56 feb71ce3 bne              x14, x11, -8        x14:00000023 x11:00000064
14070997ns          229210 1c008b4e 00070863 beq              x14, x0, 16         x14:00000023
14071017ns          229211 1c008b50 0017c703 lbu              x14, 1(x15)         x14=00000030 x15:1c0000b7  PA:1c0000b8
14071315ns          229226 1c008b54 00178793 addi             x15, x15, 1         x15=1c0000b8 x15:1c0000b7
14071335ns          229227 1c008b56 feb71ce3 bne              x14, x11, -8        x14:00000030 x11:00000064
14071395ns          229230 1c008b4e 00070863 beq              x14, x0, 16         x14:00000030
14071415ns          229231 1c008b50 0017c703 lbu              x14, 1(x15)         x14=00000000 x15:1c0000b8  PA:1c0000b9
14071713ns          229246 1c008b54 00178793 addi             x15, x15, 1         x15=1c0000b9 x15:1c0000b8
14071733ns          229247 1c008b56 feb71ce3 bne              x14, x11, -8        x14:00000000 x11:00000064
14071793ns          229250 1c008b4e 00070863 beq              x14, x0, 16         x14:00000000
14071852ns          229253 1c008b5e 00000513 addi             x10, x0, 0          x10=00000000
14071872ns          229254 1c008b60 fe058de3 beq              x11, x0, -6         x11:00000064
14071892ns          229255 1c008b62 00008067 jalr             x0, x1, 0            x1:1c008d02
14071952ns          229258 1c008d02 02000913 addi             x18, x0, 32         x18=00000020
14071972ns          229259 1c008d06 00000993 addi             x19, x0, 0          x19=00000000
14071992ns          229260 1c008d08 02b00a93 addi             x21, x0, 43         x21=0000002b
14072011ns          229261 1c008d0c 02d00b93 addi             x23, x0, 45         x23=0000002d
14072429ns          229282 1c008d10 03000b13 addi             x22, x0, 48         x22=00000030
14072469ns          229284 1c008d14 00900633 add              x12, x0, x9         x12=1c000039  x9:1c000039
14072489ns          229285 1c008d16 02050963 beq              x10, x0, 50         x10:00000000
14073423ns          229332 1c008d48 03312623 sw               x19, 44(x2)         x19:00000000  x2:10002618  PA:10002644
14073463ns          229334 1c008d4a 02a00693 addi             x13, x0, 42         x13=0000002a
14073483ns          229335 1c008d4e 014009b3 add              x19, x0, x20        x19=00000064 x20:00000064
14073901ns          229356 1c008d50 01800a33 add              x20, x0, x24        x20=1c000038 x24:1c000038
14073921ns          229357 1c008d52 00900c33 add              x24, x0, x9         x24=1c000039  x9:1c000039
14073941ns          229358 1c008d54 01c12483 lw               x9, 28(x2)           x9=00000002  x2:10002618  PA:10002634
14073960ns          229359 1c008d56 42d98063 beq              x19, x13, 1056      x19:00000064 x13:0000002a
14073980ns          229360 1c008d5a fd098693 addi             x13, x19, -48       x13=00000034 x19:00000064
14074000ns          229361 1c008d5e 00900513 addi             x10, x0, 9          x10=00000009
14074418ns          229382 1c008d60 00000a93 addi             x21, x0, 0          x21=00000000
14074458ns          229384 1c008d62 3cd57f63 bgeu             x10, x13, 990       x10:00000009 x13:00000034
14074478ns          229385 1c008d66 02e00793 addi             x15, x0, 46         x15=0000002e
14074497ns          229386 1c008d6a fff00b13 addi             x22, x0, -1         x22=ffffffff
14074517ns          229387 1c008d6c 04f981e3 beq              x19, x15, 2114      x19:00000064 x15:0000002e
14074935ns          229408 1c008d70 1c0007b7 lui              x15, 0x1c000000     x15=1c000000
14074975ns          229410 1c008d74 013005b3 add              x11, x0, x19        x11=00000064 x19:00000064
14074995ns          229411 1c008d76 0bc78513 addi             x10, x15, 188       x10=1c0000bc x15:1c000000
14075014ns          229412 1c008d7a 00c12e23 sw               x12, 28(x2)         x12:1c000039  x2:10002618  PA:10002634
14075034ns          229413 1c008d7c dc5ff0ef jal              x1, -572             x1=1c008d7e
14075512ns          229437 1c008b40 00054703 lbu              x14, 0(x10)         x14=00000068 x10:1c0000bc  PA:1c0000bc
14075810ns          229452 1c008b44 0ff5f593 andi             x11, x11, 255       x11=00000064 x11:00000064
14075830ns          229453 1c008b48 00a007b3 add              x15, x0, x10        x15=1c0000bc x10:1c0000bc
14075850ns          229454 1c008b4a 00b70863 beq              x14, x11, 16        x14:00000068 x11:00000064
14075870ns          229455 1c008b4e 00070863 beq              x14, x0, 16         x14:00000068
14075890ns          229456 1c008b50 0017c703 lbu              x14, 1(x15)         x14=0000006c x15:1c0000bc  PA:1c0000bd
14076208ns          229472 1c008b54 00178793 addi             x15, x15, 1         x15=1c0000bd x15:1c0000bc
14076228ns          229473 1c008b56 feb71ce3 bne              x14, x11, -8        x14:0000006c x11:00000064
14076287ns          229476 1c008b4e 00070863 beq              x14, x0, 16         x14:0000006c
14076307ns          229477 1c008b50 0017c703 lbu              x14, 1(x15)         x14=0000004c x15:1c0000bd  PA:1c0000be
14076606ns          229492 1c008b54 00178793 addi             x15, x15, 1         x15=1c0000be x15:1c0000bd
14076625ns          229493 1c008b56 feb71ce3 bne              x14, x11, -8        x14:0000004c x11:00000064
14076685ns          229496 1c008b4e 00070863 beq              x14, x0, 16         x14:0000004c
14076705ns          229497 1c008b50 0017c703 lbu              x14, 1(x15)         x14=0000007a x15:1c0000be  PA:1c0000bf
14077003ns          229512 1c008b54 00178793 addi             x15, x15, 1         x15=1c0000bf x15:1c0000be
14077023ns          229513 1c008b56 feb71ce3 bne              x14, x11, -8        x14:0000007a x11:00000064
14077083ns          229516 1c008b4e 00070863 beq              x14, x0, 16         x14:0000007a
14077103ns          229517 1c008b50 0017c703 lbu              x14, 1(x15)         x14=00000000 x15:1c0000bf  PA:1c0000c0
14077401ns          229532 1c008b54 00178793 addi             x15, x15, 1         x15=1c0000c0 x15:1c0000bf
14077421ns          229533 1c008b56 feb71ce3 bne              x14, x11, -8        x14:00000000 x11:00000064
14077481ns          229536 1c008b4e 00070863 beq              x14, x0, 16         x14:00000000
14077540ns          229539 1c008b5e 00000513 addi             x10, x0, 0          x10=00000000
14077560ns          229540 1c008b60 fe058de3 beq              x11, x0, -6         x11:00000064
14077580ns          229541 1c008b62 00008067 jalr             x0, x1, 0            x1:1c008d7e
14077620ns          229543 1c008d7e 01c12603 lw               x12, 28(x2)         x12=1c000039  x2:10002618  PA:10002634
14077660ns          229545 1c008d80 00c00a33 add              x20, x0, x12        x20=1c000039 x12:1c000039
14077679ns          229546 1c008d82 00050563 beq              x10, x0, 10         x10:00000000
14078197ns          229572 1c008d8c 06900793 addi             x15, x0, 105        x15=00000069
14078216ns          229573 1c008d90 1cf98be3 beq              x19, x15, 2518      x19:00000064 x15:00000069
14078236ns          229574 1c008d94 4b37ce63 blt              x15, x19, 1212      x15:00000069 x19:00000064
14078256ns          229575 1c008d98 05800793 addi             x15, x0, 88         x15=00000058
14078276ns          229576 1c008d9c 4cf98863 beq              x19, x15, 1232      x19:00000064 x15:00000058
14078714ns          229598 1c008da0 3f37cd63 blt              x15, x19, 1018      x15:00000058 x19:00000064
14079231ns          229624 1c00919a 06400793 addi             x15, x0, 100        x15=00000064
14079668ns          229646 1c00919e 5cf98463 beq              x19, x15, 1480      x19:00000064 x15:00000064
14080146ns          229670 1c009766 01812b83 lw               x23, 24(x2)         x23=1000277c  x2:10002618  PA:10002630
14080185ns          229672 1c009768 004ba60b p.lw             x12, 4(x23!)        x12=00000000 x23=10002780 x23:1000277c  PA:1000277c
14080225ns          229674 1c00976c 48064963 blt              x12, x0, 1170       x12:00000000
14080643ns          229695 1c009770 01412783 lw               x15, 20(x2)         x15=00000000  x2:10002618  PA:1000262c
14080663ns          229696 1c009772 00c00733 add              x14, x0, x12        x14=00000000 x12:00000000
14080683ns          229697 1c009774 56078863 beq              x15, x0, 1392       x15:00000000
14081160ns          229721 1c009ce4 01012783 lw               x15, 16(x2)         x15=00000000  x2:10002618  PA:10002628
14081180ns          229722 1c009ce6 01b00533 add              x10, x0, x27        x10=1000264c x27:1000264c
14081200ns          229723 1c009ce8 a8078ee3 beq              x15, x0, -1380      x15:00000000
14082134ns          229770 1c009784 00a007b3 add              x15, x0, x10        x15=1000264c x10:1000264c
14082154ns          229771 1c009786 00a00593 addi             x11, x0, 10         x11=0000000a
14082174ns          229772 1c009788 00900313 addi             x6, x0, 9            x6=00000009
14082194ns          229773 1c00978a 02b776b3 remu             x13, x14, x11       x13=00000000 x14:00000000 x11:0000000a
14082811ns          229804 1c00978e 00e00833 add              x16, x0, x14        x16=00000000 x14:00000000
14082830ns          229805 1c009790 00f008b3 add              x17, x0, x15        x17=1000264c x15:1000264c
14082850ns          229806 1c009792 03068693 addi             x13, x13, 48        x13=00000030 x13:00000000
14082870ns          229807 1c009796 00d780ab p.sb             x13, 1(x15!)        x15=1000264d x13:00000030 x15:1000264c  PA:1000264c
14082890ns          229808 1c00979a 02b75733 divu             x14, x14, x11       x14=00000000 x14:00000000 x11:0000000a
14083527ns          229840 1c00979e ff0366e3 bltu             x6, x16, -20         x6:00000009 x16:00000000
14083546ns          229841 1c0097a2 40a78733 sub              x14, x15, x10       x14=00000001 x15:1000264d x10:1000264c
14083566ns          229842 1c0097a6 01675c63 bge              x14, x22, 24        x14:00000001 x22:ffffffff
14084501ns          229889 1c0097be 00078023 sb               x0, 0(x15)          x15:1000264d  PA:1000264d
14084541ns          229891 1c0097c2 0b157563 bgeu             x10, x17, 170       x10:1000264c x17:1000264c
14085018ns          229915 1c00986c 01412703 lw               x14, 20(x2)         x14=00000000  x2:10002618  PA:1000262c
14085038ns          229916 1c00986e 01012683 lw               x13, 16(x2)         x13=00000000  x2:10002618  PA:10002628
14085476ns          229938 1c009870 41b787b3 sub              x15, x15, x27       x15=00000001 x15:1000264d x27:1000264c
14085515ns          229940 1c009874 00d76733 or               x14, x14, x13       x14=00000000 x14:00000000 x13:00000000
14085535ns          229941 1c009876 02e12623 sw               x14, 44(x2)         x14:00000000  x2:10002618  PA:10002644
14085555ns          229942 1c009878 b0071be3 bne              x14, x0, -1258      x14:00000000
14085575ns          229943 1c00987c 01f65713 srli             x14, x12, 0x1f      x14=00000000 x12:00000000
14086013ns          229965 1c009880 02e12623 sw               x14, 44(x2)         x14:00000000  x2:10002618  PA:10002644
14086032ns          229966 1c009882 b0dff06f jal              x0, -1268          
14086967ns          230013 1c00938e ebfb2be3 p.beqimm         x22, -330           x22:ffffffff
14087464ns          230038 1c009244 0c800713 addi             x14, x0, 200        x14=000000c8
14087504ns          230040 1c009248 14f75b63 bge              x14, x15, 342       x14:000000c8 x15:00000001
14088439ns          230087 1c00939e 00178613 addi             x12, x15, 1         x12=00000002 x15:00000001
14088479ns          230089 1c0093a2 0557c863 blt              x15, x21, 80        x15:00000001 x21:00000000
14088499ns          230090 1c0093a6 01712c23 sw               x23, 24(x2)         x23:10002780  x2:10002618  PA:10002630
14088518ns          230091 1c0093a8 00f00ab3 add              x21, x0, x15        x21=00000001 x15:00000001
14088538ns          230092 1c0093aa 8e0a8fe3 beq              x21, x0, -1794      x21:00000001
14088558ns          230093 1c0093ae 01b00933 add              x18, x0, x27        x18=1000264c x27:1000264c
14088956ns          230113 1c0093b0 41b409b3 sub              x19, x8, x27        x19=efffd9cf  x8:0000001b x27:1000264c
14088996ns          230115 1c0093b4 01ba8ab3 add              x21, x21, x27       x21=1000264d x21:00000001 x27:1000264c
14089016ns          230116 1c0093b6 00a0006f jal              x0, 10             
14089473ns          230139 1c0093c0 0019450b p.lbu            x10, 1(x18!)        x10=00000030 x18=1000264d x18:1000264c  PA:1000264c
14089513ns          230141 1c0093c4 009005b3 add              x11, x0, x9         x11=00000002  x9:00000002
14089533ns          230142 1c0093c6 000c80e7 jalr             x1, x25, 0           x1=1c0093c8 x25:1c008bb6
14089573ns          230144 1c008bb6 000026b7 lui              x13, 0x2000         x13=00002000
14089592ns          230145 1c008bb8 f8068693 addi             x13, x13, -128      x13=00001f80 x13:00002000
14089612ns          230146 1c008bbc f14027f3 csrrs            x15, x0, 0xf14      x15=00000004
14090070ns          230169 1c008bc0 00379713 slli             x14, x15, 0x3       x14=00000020 x15:00000004
14090109ns          230171 1c008bc4 00279793 slli             x15, x15, 0x2       x15=00000010 x15:00000004
14090129ns          230172 1c008bc6 00d7f7b3 and              x15, x15, x13       x15=00000000 x15:00000010 x13:00001f80
14090149ns          230173 1c008bc8 ee873733 p.bclr           x14, x14, 23, 8     x14=00000020 x14:00000020
14090169ns          230174 1c008bcc 1a10f6b7 lui              x13, 0x1a10f000     x13=1a10f000
14090209ns          230176 1c008bd0 00d70733 add              x14, x14, x13       x14=1a10f020 x14:00000020 x13:1a10f000
14090229ns          230177 1c008bd2 00e787b3 add              x15, x15, x14       x15=1a10f020 x15:00000000 x14:1a10f020
14090249ns          230178 1c008bd4 0ff57513 andi             x10, x10, 255       x10=00000030 x10:00000030
14090269ns          230179 1c008bd8 00a7a023 sw               x10, 0(x15)         x10:00000030 x15:1a10f020  PA:1a10f020
14090587ns          230195 1c008bda 00000513 addi             x10, x0, 0          x10=00000000
14090607ns          230196 1c008bdc 00008067 jalr             x0, x1, 0            x1:1c0093c8
14090646ns          230198 1c0093c8 fff538e3 p.bneimm         x10, -16            x10:00000000
14091144ns          230223 1c0093b8 01298433 add              x8, x19, x18         x8=0000001c x19:efffd9cf x18:1000264d
14091164ns          230224 1c0093bc 8f2a86e3 beq              x21, x18, -1812     x21:1000264d x18:1000264d
14091223ns          230227 1c008ca8 001a450b p.lbu            x10, 1(x20!)        x10=00000020 x20=1c00003a x20:1c000039  PA:1c000039
14091541ns          230243 1c008cac fe0515e3 bne              x10, x0, -22        x10:00000020
14091681ns          230250 1c008c96 02500793 addi             x15, x0, 37         x15=00000025
14091701ns          230251 1c008c9a 04f50763 beq              x10, x15, 78        x10:00000020 x15:00000025
14091720ns          230252 1c008c9e 009005b3 add              x11, x0, x9         x11=00000002  x9:00000002
14091740ns          230253 1c008ca0 000c80e7 jalr             x1, x25, 0           x1=1c008ca2 x25:1c008bb6
14091780ns          230255 1c008bb6 000026b7 lui              x13, 0x2000         x13=00002000
14091800ns          230256 1c008bb8 f8068693 addi             x13, x13, -128      x13=00001f80 x13:00002000
14091820ns          230257 1c008bbc f14027f3 csrrs            x15, x0, 0xf14      x15=00000004
14091840ns          230258 1c008bc0 00379713 slli             x14, x15, 0x3       x14=00000020 x15:00000004
14091860ns          230259 1c008bc4 00279793 slli             x15, x15, 0x2       x15=00000010 x15:00000004
14091880ns          230260 1c008bc6 00d7f7b3 and              x15, x15, x13       x15=00000000 x15:00000010 x13:00001f80
14091899ns          230261 1c008bc8 ee873733 p.bclr           x14, x14, 23, 8     x14=00000020 x14:00000020
14091919ns          230262 1c008bcc 1a10f6b7 lui              x13, 0x1a10f000     x13=1a10f000
14091939ns          230263 1c008bd0 00d70733 add              x14, x14, x13       x14=1a10f020 x14:00000020 x13:1a10f000
14091959ns          230264 1c008bd2 00e787b3 add              x15, x15, x14       x15=1a10f020 x15:00000000 x14:1a10f020
14091979ns          230265 1c008bd4 0ff57513 andi             x10, x10, 255       x10=00000020 x10:00000020
14091999ns          230266 1c008bd8 00a7a023 sw               x10, 0(x15)         x10:00000020 x15:1a10f020  PA:1a10f020
14092317ns          230282 1c008bda 00000513 addi             x10, x0, 0          x10=00000000
14092337ns          230283 1c008bdc 00008067 jalr             x0, x1, 0            x1:1c008ca2
14092397ns          230286 1c008ca2 4df52863 p.beqimm         x10, 1232           x10:00000000
14092416ns          230287 1c008ca6 00140413 addi             x8, x8, 1            x8=0000001d  x8:0000001c
14092436ns          230288 1c008ca8 001a450b p.lbu            x10, 1(x20!)        x10=00000063 x20=1c00003b x20:1c00003a  PA:1c00003a
14092755ns          230304 1c008cac fe0515e3 bne              x10, x0, -22        x10:00000063
14092834ns          230308 1c008c96 02500793 addi             x15, x0, 37         x15=00000025
14092854ns          230309 1c008c9a 04f50763 beq              x10, x15, 78        x10:00000063 x15:00000025
14092874ns          230310 1c008c9e 009005b3 add              x11, x0, x9         x11=00000002  x9:00000002
14092894ns          230311 1c008ca0 000c80e7 jalr             x1, x25, 0           x1=1c008ca2 x25:1c008bb6
14092934ns          230313 1c008bb6 000026b7 lui              x13, 0x2000         x13=00002000
14092953ns          230314 1c008bb8 f8068693 addi             x13, x13, -128      x13=00001f80 x13:00002000
14092973ns          230315 1c008bbc f14027f3 csrrs            x15, x0, 0xf14      x15=00000004
14092993ns          230316 1c008bc0 00379713 slli             x14, x15, 0x3       x14=00000020 x15:00000004
14093013ns          230317 1c008bc4 00279793 slli             x15, x15, 0x2       x15=00000010 x15:00000004
14093033ns          230318 1c008bc6 00d7f7b3 and              x15, x15, x13       x15=00000000 x15:00000010 x13:00001f80
14093053ns          230319 1c008bc8 ee873733 p.bclr           x14, x14, 23, 8     x14=00000020 x14:00000020
14093073ns          230320 1c008bcc 1a10f6b7 lui              x13, 0x1a10f000     x13=1a10f000
14093093ns          230321 1c008bd0 00d70733 add              x14, x14, x13       x14=1a10f020 x14:00000020 x13:1a10f000
14093113ns          230322 1c008bd2 00e787b3 add              x15, x15, x14       x15=1a10f020 x15:00000000 x14:1a10f020
14093132ns          230323 1c008bd4 0ff57513 andi             x10, x10, 255       x10=00000063 x10:00000063
14093152ns          230324 1c008bd8 00a7a023 sw               x10, 0(x15)         x10:00000063 x15:1a10f020  PA:1a10f020
14093471ns          230340 1c008bda 00000513 addi             x10, x0, 0          x10=00000000
14093490ns          230341 1c008bdc 00008067 jalr             x0, x1, 0            x1:1c008ca2
14093550ns          230344 1c008ca2 4df52863 p.beqimm         x10, 1232           x10:00000000
14093570ns          230345 1c008ca6 00140413 addi             x8, x8, 1            x8=0000001e  x8:0000001d
14093590ns          230346 1c008ca8 001a450b p.lbu            x10, 1(x20!)        x10=0000006f x20=1c00003c x20:1c00003b  PA:1c00003b
14093948ns          230364 1c008cac fe0515e3 bne              x10, x0, -22        x10:0000006f
14094027ns          230368 1c008c96 02500793 addi             x15, x0, 37         x15=00000025
14094047ns          230369 1c008c9a 04f50763 beq              x10, x15, 78        x10:0000006f x15:00000025
14094067ns          230370 1c008c9e 009005b3 add              x11, x0, x9         x11=00000002  x9:00000002
14094087ns          230371 1c008ca0 000c80e7 jalr             x1, x25, 0           x1=1c008ca2 x25:1c008bb6
14094127ns          230373 1c008bb6 000026b7 lui              x13, 0x2000         x13=00002000
14094147ns          230374 1c008bb8 f8068693 addi             x13, x13, -128      x13=00001f80 x13:00002000
14094167ns          230375 1c008bbc f14027f3 csrrs            x15, x0, 0xf14      x15=00000004
14094187ns          230376 1c008bc0 00379713 slli             x14, x15, 0x3       x14=00000020 x15:00000004
14094206ns          230377 1c008bc4 00279793 slli             x15, x15, 0x2       x15=00000010 x15:00000004
14094226ns          230378 1c008bc6 00d7f7b3 and              x15, x15, x13       x15=00000000 x15:00000010 x13:00001f80
14094246ns          230379 1c008bc8 ee873733 p.bclr           x14, x14, 23, 8     x14=00000020 x14:00000020
14094266ns          230380 1c008bcc 1a10f6b7 lui              x13, 0x1a10f000     x13=1a10f000
14094286ns          230381 1c008bd0 00d70733 add              x14, x14, x13       x14=1a10f020 x14:00000020 x13:1a10f000
14094306ns          230382 1c008bd2 00e787b3 add              x15, x15, x14       x15=1a10f020 x15:00000000 x14:1a10f020
14094326ns          230383 1c008bd4 0ff57513 andi             x10, x10, 255       x10=0000006f x10:0000006f
14094346ns          230384 1c008bd8 00a7a023 sw               x10, 0(x15)         x10:0000006f x15:1a10f020  PA:1a10f020
14094664ns          230400 1c008bda 00000513 addi             x10, x0, 0          x10=00000000
14094684ns          230401 1c008bdc 00008067 jalr             x0, x1, 0            x1:1c008ca2
14094743ns          230404 1c008ca2 4df52863 p.beqimm         x10, 1232           x10:00000000
14094763ns          230405 1c008ca6 00140413 addi             x8, x8, 1            x8=0000001f  x8:0000001e
14094783ns          230406 1c008ca8 001a450b p.lbu            x10, 1(x20!)        x10=00000072 x20=1c00003d x20:1c00003c  PA:1c00003c
14095121ns          230423 1c008cac fe0515e3 bne              x10, x0, -22        x10:00000072
14095201ns          230427 1c008c96 02500793 addi             x15, x0, 37         x15=00000025
14095221ns          230428 1c008c9a 04f50763 beq              x10, x15, 78        x10:00000072 x15:00000025
14095241ns          230429 1c008c9e 009005b3 add              x11, x0, x9         x11=00000002  x9:00000002
14095260ns          230430 1c008ca0 000c80e7 jalr             x1, x25, 0           x1=1c008ca2 x25:1c008bb6
14095300ns          230432 1c008bb6 000026b7 lui              x13, 0x2000         x13=00002000
14095320ns          230433 1c008bb8 f8068693 addi             x13, x13, -128      x13=00001f80 x13:00002000
14095340ns          230434 1c008bbc f14027f3 csrrs            x15, x0, 0xf14      x15=00000004
14095360ns          230435 1c008bc0 00379713 slli             x14, x15, 0x3       x14=00000020 x15:00000004
14095380ns          230436 1c008bc4 00279793 slli             x15, x15, 0x2       x15=00000010 x15:00000004
14095400ns          230437 1c008bc6 00d7f7b3 and              x15, x15, x13       x15=00000000 x15:00000010 x13:00001f80
14095420ns          230438 1c008bc8 ee873733 p.bclr           x14, x14, 23, 8     x14=00000020 x14:00000020
14095439ns          230439 1c008bcc 1a10f6b7 lui              x13, 0x1a10f000     x13=1a10f000
14095459ns          230440 1c008bd0 00d70733 add              x14, x14, x13       x14=1a10f020 x14:00000020 x13:1a10f000
14095479ns          230441 1c008bd2 00e787b3 add              x15, x15, x14       x15=1a10f020 x15:00000000 x14:1a10f020
14095499ns          230442 1c008bd4 0ff57513 andi             x10, x10, 255       x10=00000072 x10:00000072
14095519ns          230443 1c008bd8 00a7a023 sw               x10, 0(x15)         x10:00000072 x15:1a10f020  PA:1a10f020
14095837ns          230459 1c008bda 00000513 addi             x10, x0, 0          x10=00000000
14095857ns          230460 1c008bdc 00008067 jalr             x0, x1, 0            x1:1c008ca2
14095917ns          230463 1c008ca2 4df52863 p.beqimm         x10, 1232           x10:00000000
14095937ns          230464 1c008ca6 00140413 addi             x8, x8, 1            x8=00000020  x8:0000001f
14095957ns          230465 1c008ca8 001a450b p.lbu            x10, 1(x20!)        x10=00000065 x20=1c00003e x20:1c00003d  PA:1c00003d
14096295ns          230482 1c008cac fe0515e3 bne              x10, x0, -22        x10:00000065
14096374ns          230486 1c008c96 02500793 addi             x15, x0, 37         x15=00000025
14096394ns          230487 1c008c9a 04f50763 beq              x10, x15, 78        x10:00000065 x15:00000025
14096414ns          230488 1c008c9e 009005b3 add              x11, x0, x9         x11=00000002  x9:00000002
14096434ns          230489 1c008ca0 000c80e7 jalr             x1, x25, 0           x1=1c008ca2 x25:1c008bb6
14096474ns          230491 1c008bb6 000026b7 lui              x13, 0x2000         x13=00002000
14096494ns          230492 1c008bb8 f8068693 addi             x13, x13, -128      x13=00001f80 x13:00002000
14096513ns          230493 1c008bbc f14027f3 csrrs            x15, x0, 0xf14      x15=00000004
14096533ns          230494 1c008bc0 00379713 slli             x14, x15, 0x3       x14=00000020 x15:00000004
14096553ns          230495 1c008bc4 00279793 slli             x15, x15, 0x2       x15=00000010 x15:00000004
14096573ns          230496 1c008bc6 00d7f7b3 and              x15, x15, x13       x15=00000000 x15:00000010 x13:00001f80
14096593ns          230497 1c008bc8 ee873733 p.bclr           x14, x14, 23, 8     x14=00000020 x14:00000020
14096613ns          230498 1c008bcc 1a10f6b7 lui              x13, 0x1a10f000     x13=1a10f000
14096633ns          230499 1c008bd0 00d70733 add              x14, x14, x13       x14=1a10f020 x14:00000020 x13:1a10f000
14096653ns          230500 1c008bd2 00e787b3 add              x15, x15, x14       x15=1a10f020 x15:00000000 x14:1a10f020
14096673ns          230501 1c008bd4 0ff57513 andi             x10, x10, 255       x10=00000065 x10:00000065
14096692ns          230502 1c008bd8 00a7a023 sw               x10, 0(x15)         x10:00000065 x15:1a10f020  PA:1a10f020
14097011ns          230518 1c008bda 00000513 addi             x10, x0, 0          x10=00000000
14097031ns          230519 1c008bdc 00008067 jalr             x0, x1, 0            x1:1c008ca2
14097090ns          230522 1c008ca2 4df52863 p.beqimm         x10, 1232           x10:00000000
14097110ns          230523 1c008ca6 00140413 addi             x8, x8, 1            x8=00000021  x8:00000020
14097130ns          230524 1c008ca8 001a450b p.lbu            x10, 1(x20!)        x10=00000020 x20=1c00003f x20:1c00003e  PA:1c00003e
14097468ns          230541 1c008cac fe0515e3 bne              x10, x0, -22        x10:00000020
14097548ns          230545 1c008c96 02500793 addi             x15, x0, 37         x15=00000025
14097567ns          230546 1c008c9a 04f50763 beq              x10, x15, 78        x10:00000020 x15:00000025
14097587ns          230547 1c008c9e 009005b3 add              x11, x0, x9         x11=00000002  x9:00000002
14097607ns          230548 1c008ca0 000c80e7 jalr             x1, x25, 0           x1=1c008ca2 x25:1c008bb6
14097647ns          230550 1c008bb6 000026b7 lui              x13, 0x2000         x13=00002000
14097667ns          230551 1c008bb8 f8068693 addi             x13, x13, -128      x13=00001f80 x13:00002000
14097687ns          230552 1c008bbc f14027f3 csrrs            x15, x0, 0xf14      x15=00000004
14097707ns          230553 1c008bc0 00379713 slli             x14, x15, 0x3       x14=00000020 x15:00000004
14097727ns          230554 1c008bc4 00279793 slli             x15, x15, 0x2       x15=00000010 x15:00000004
14097746ns          230555 1c008bc6 00d7f7b3 and              x15, x15, x13       x15=00000000 x15:00000010 x13:00001f80
14097766ns          230556 1c008bc8 ee873733 p.bclr           x14, x14, 23, 8     x14=00000020 x14:00000020
14097786ns          230557 1c008bcc 1a10f6b7 lui              x13, 0x1a10f000     x13=1a10f000
14097806ns          230558 1c008bd0 00d70733 add              x14, x14, x13       x14=1a10f020 x14:00000020 x13:1a10f000
14097826ns          230559 1c008bd2 00e787b3 add              x15, x15, x14       x15=1a10f020 x15:00000000 x14:1a10f020
14097846ns          230560 1c008bd4 0ff57513 andi             x10, x10, 255       x10=00000020 x10:00000020
14097866ns          230561 1c008bd8 00a7a023 sw               x10, 0(x15)         x10:00000020 x15:1a10f020  PA:1a10f020
14098184ns          230577 1c008bda 00000513 addi             x10, x0, 0          x10=00000000
14098204ns          230578 1c008bdc 00008067 jalr             x0, x1, 0            x1:1c008ca2
14098264ns          230581 1c008ca2 4df52863 p.beqimm         x10, 1232           x10:00000000
14098283ns          230582 1c008ca6 00140413 addi             x8, x8, 1            x8=00000022  x8:00000021
14098303ns          230583 1c008ca8 001a450b p.lbu            x10, 1(x20!)        x10=00000025 x20=1c000040 x20:1c00003f  PA:1c00003f
14098641ns          230600 1c008cac fe0515e3 bne              x10, x0, -22        x10:00000025
14098721ns          230604 1c008c96 02500793 addi             x15, x0, 37         x15=00000025
14098741ns          230605 1c008c9a 04f50763 beq              x10, x15, 78        x10:00000025 x15:00000025
14098801ns          230608 1c008ce8 01400c33 add              x24, x0, x20        x24=1c000040 x20:1c000040
14098820ns          230609 1c008cea 000c4a03 lbu              x20, 0(x24)         x20=00000064 x24:1c000040  PA:1c000040
14099159ns          230626 1c008cee 0b4d0513 addi             x10, x26, 180       x10=1c0000b4 x26:1c000000
14099178ns          230627 1c008cf2 00912e23 sw               x9, 28(x2)           x9:00000002  x2:10002618  PA:10002634
14099198ns          230628 1c008cf4 014005b3 add              x11, x0, x20        x11=00000064 x20:00000064
14099218ns          230629 1c008cf6 00012823 sw               x0, 16(x2)           x2:10002618  PA:10002628
14099238ns          230630 1c008cf8 00012a23 sw               x0, 20(x2)           x2:10002618  PA:1000262c
14099258ns          230631 1c008cfa 00012623 sw               x0, 12(x2)           x2:10002618  PA:10002624
14099278ns          230632 1c008cfc 001c0493 addi             x9, x24, 1           x9=1c000041 x24:1c000040
14099298ns          230633 1c008d00 e41ff0ef jal              x1, -448             x1=1c008d02
14099377ns          230637 1c008b40 00054703 lbu              x14, 0(x10)         x14=0000002d x10:1c0000b4  PA:1c0000b4
14099696ns          230653 1c008b44 0ff5f593 andi             x11, x11, 255       x11=00000064 x11:00000064
14099715ns          230654 1c008b48 00a007b3 add              x15, x0, x10        x15=1c0000b4 x10:1c0000b4
14099735ns          230655 1c008b4a 00b70863 beq              x14, x11, 16        x14:0000002d x11:00000064
14099755ns          230656 1c008b4e 00070863 beq              x14, x0, 16         x14:0000002d
14099775ns          230657 1c008b50 0017c703 lbu              x14, 1(x15)         x14=0000002b x15:1c0000b4  PA:1c0000b5
14100073ns          230672 1c008b54 00178793 addi             x15, x15, 1         x15=1c0000b5 x15:1c0000b4
14100093ns          230673 1c008b56 feb71ce3 bne              x14, x11, -8        x14:0000002b x11:00000064
14100153ns          230676 1c008b4e 00070863 beq              x14, x0, 16         x14:0000002b
14100173ns          230677 1c008b50 0017c703 lbu              x14, 1(x15)         x14=00000020 x15:1c0000b5  PA:1c0000b6
14100491ns          230693 1c008b54 00178793 addi             x15, x15, 1         x15=1c0000b6 x15:1c0000b5
14100511ns          230694 1c008b56 feb71ce3 bne              x14, x11, -8        x14:00000020 x11:00000064
14100571ns          230697 1c008b4e 00070863 beq              x14, x0, 16         x14:00000020
14100590ns          230698 1c008b50 0017c703 lbu              x14, 1(x15)         x14=00000023 x15:1c0000b6  PA:1c0000b7
14100889ns          230713 1c008b54 00178793 addi             x15, x15, 1         x15=1c0000b7 x15:1c0000b6
14100909ns          230714 1c008b56 feb71ce3 bne              x14, x11, -8        x14:00000023 x11:00000064
14100968ns          230717 1c008b4e 00070863 beq              x14, x0, 16         x14:00000023
14100988ns          230718 1c008b50 0017c703 lbu              x14, 1(x15)         x14=00000030 x15:1c0000b7  PA:1c0000b8
14101287ns          230733 1c008b54 00178793 addi             x15, x15, 1         x15=1c0000b8 x15:1c0000b7
14101306ns          230734 1c008b56 feb71ce3 bne              x14, x11, -8        x14:00000030 x11:00000064
14101366ns          230737 1c008b4e 00070863 beq              x14, x0, 16         x14:00000030
14101386ns          230738 1c008b50 0017c703 lbu              x14, 1(x15)         x14=00000000 x15:1c0000b8  PA:1c0000b9
14101684ns          230753 1c008b54 00178793 addi             x15, x15, 1         x15=1c0000b9 x15:1c0000b8
14101704ns          230754 1c008b56 feb71ce3 bne              x14, x11, -8        x14:00000000 x11:00000064
14101764ns          230757 1c008b4e 00070863 beq              x14, x0, 16         x14:00000000
14101824ns          230760 1c008b5e 00000513 addi             x10, x0, 0          x10=00000000
14101843ns          230761 1c008b60 fe058de3 beq              x11, x0, -6         x11:00000064
14101863ns          230762 1c008b62 00008067 jalr             x0, x1, 0            x1:1c008d02
14101923ns          230765 1c008d02 02000913 addi             x18, x0, 32         x18=00000020
14101943ns          230766 1c008d06 00000993 addi             x19, x0, 0          x19=00000000
14101963ns          230767 1c008d08 02b00a93 addi             x21, x0, 43         x21=0000002b
14101983ns          230768 1c008d0c 02d00b93 addi             x23, x0, 45         x23=0000002d
14102003ns          230769 1c008d10 03000b13 addi             x22, x0, 48         x22=00000030
14102022ns          230770 1c008d14 00900633 add              x12, x0, x9         x12=1c000041  x9:1c000041
14102042ns          230771 1c008d16 02050963 beq              x10, x0, 50         x10:00000000
14102182ns          230778 1c008d48 03312623 sw               x19, 44(x2)         x19:00000000  x2:10002618  PA:10002644
14102221ns          230780 1c008d4a 02a00693 addi             x13, x0, 42         x13=0000002a
14102241ns          230781 1c008d4e 014009b3 add              x19, x0, x20        x19=00000064 x20:00000064
14102281ns          230783 1c008d50 01800a33 add              x20, x0, x24        x20=1c000040 x24:1c000040
14102301ns          230784 1c008d52 00900c33 add              x24, x0, x9         x24=1c000041  x9:1c000041
14102321ns          230785 1c008d54 01c12483 lw               x9, 28(x2)           x9=00000002  x2:10002618  PA:10002634
14102341ns          230786 1c008d56 42d98063 beq              x19, x13, 1056      x19:00000064 x13:0000002a
14102360ns          230787 1c008d5a fd098693 addi             x13, x19, -48       x13=00000034 x19:00000064
14102380ns          230788 1c008d5e 00900513 addi             x10, x0, 9          x10=00000009
14102420ns          230790 1c008d60 00000a93 addi             x21, x0, 0          x21=00000000
14102460ns          230792 1c008d62 3cd57f63 bgeu             x10, x13, 990       x10:00000009 x13:00000034
14102480ns          230793 1c008d66 02e00793 addi             x15, x0, 46         x15=0000002e
14102500ns          230794 1c008d6a fff00b13 addi             x22, x0, -1         x22=ffffffff
14102520ns          230795 1c008d6c 04f981e3 beq              x19, x15, 2114      x19:00000064 x15:0000002e
14102559ns          230797 1c008d70 1c0007b7 lui              x15, 0x1c000000     x15=1c000000
14102599ns          230799 1c008d74 013005b3 add              x11, x0, x19        x11=00000064 x19:00000064
14102619ns          230800 1c008d76 0bc78513 addi             x10, x15, 188       x10=1c0000bc x15:1c000000
14102639ns          230801 1c008d7a 00c12e23 sw               x12, 28(x2)         x12:1c000041  x2:10002618  PA:10002634
14102679ns          230803 1c008d7c dc5ff0ef jal              x1, -572             x1=1c008d7e
14102738ns          230806 1c008b40 00054703 lbu              x14, 0(x10)         x14=00000068 x10:1c0000bc  PA:1c0000bc
14103037ns          230821 1c008b44 0ff5f593 andi             x11, x11, 255       x11=00000064 x11:00000064
14103057ns          230822 1c008b48 00a007b3 add              x15, x0, x10        x15=1c0000bc x10:1c0000bc
14103076ns          230823 1c008b4a 00b70863 beq              x14, x11, 16        x14:00000068 x11:00000064
14103096ns          230824 1c008b4e 00070863 beq              x14, x0, 16         x14:00000068
14103116ns          230825 1c008b50 0017c703 lbu              x14, 1(x15)         x14=0000006c x15:1c0000bc  PA:1c0000bd
14103415ns          230840 1c008b54 00178793 addi             x15, x15, 1         x15=1c0000bd x15:1c0000bc
14103434ns          230841 1c008b56 feb71ce3 bne              x14, x11, -8        x14:0000006c x11:00000064
14103494ns          230844 1c008b4e 00070863 beq              x14, x0, 16         x14:0000006c
14103514ns          230845 1c008b50 0017c703 lbu              x14, 1(x15)         x14=0000004c x15:1c0000bd  PA:1c0000be
14103812ns          230860 1c008b54 00178793 addi             x15, x15, 1         x15=1c0000be x15:1c0000bd
14103832ns          230861 1c008b56 feb71ce3 bne              x14, x11, -8        x14:0000004c x11:00000064
14103892ns          230864 1c008b4e 00070863 beq              x14, x0, 16         x14:0000004c
14103912ns          230865 1c008b50 0017c703 lbu              x14, 1(x15)         x14=0000007a x15:1c0000be  PA:1c0000bf
14104210ns          230880 1c008b54 00178793 addi             x15, x15, 1         x15=1c0000bf x15:1c0000be
14104230ns          230881 1c008b56 feb71ce3 bne              x14, x11, -8        x14:0000007a x11:00000064
14104290ns          230884 1c008b4e 00070863 beq              x14, x0, 16         x14:0000007a
14104310ns          230885 1c008b50 0017c703 lbu              x14, 1(x15)         x14=00000000 x15:1c0000bf  PA:1c0000c0
14104608ns          230900 1c008b54 00178793 addi             x15, x15, 1         x15=1c0000c0 x15:1c0000bf
14104628ns          230901 1c008b56 feb71ce3 bne              x14, x11, -8        x14:00000000 x11:00000064
14104687ns          230904 1c008b4e 00070863 beq              x14, x0, 16         x14:00000000
14104747ns          230907 1c008b5e 00000513 addi             x10, x0, 0          x10=00000000
14104767ns          230908 1c008b60 fe058de3 beq              x11, x0, -6         x11:00000064
14104787ns          230909 1c008b62 00008067 jalr             x0, x1, 0            x1:1c008d7e
14104827ns          230911 1c008d7e 01c12603 lw               x12, 28(x2)         x12=1c000041  x2:10002618  PA:10002634
14104866ns          230913 1c008d80 00c00a33 add              x20, x0, x12        x20=1c000041 x12:1c000041
14104886ns          230914 1c008d82 00050563 beq              x10, x0, 10         x10:00000000
14105403ns          230940 1c008d8c 06900793 addi             x15, x0, 105        x15=00000069
14105423ns          230941 1c008d90 1cf98be3 beq              x19, x15, 2518      x19:00000064 x15:00000069
14105443ns          230942 1c008d94 4b37ce63 blt              x15, x19, 1212      x15:00000069 x19:00000064
14105463ns          230943 1c008d98 05800793 addi             x15, x0, 88         x15=00000058
14105483ns          230944 1c008d9c 4cf98863 beq              x19, x15, 1232      x19:00000064 x15:00000058
14105503ns          230945 1c008da0 3f37cd63 blt              x15, x19, 1018      x15:00000058 x19:00000064
14105642ns          230952 1c00919a 06400793 addi             x15, x0, 100        x15=00000064
14105702ns          230955 1c00919e 5cf98463 beq              x19, x15, 1480      x19:00000064 x15:00000064
14105801ns          230960 1c009766 01812b83 lw               x23, 24(x2)         x23=10002780  x2:10002618  PA:10002630
14105841ns          230962 1c009768 004ba60b p.lw             x12, 4(x23!)        x12=00000004 x23=10002784 x23:10002780  PA:10002780
14105881ns          230964 1c00976c 48064963 blt              x12, x0, 1170       x12:00000004
14105901ns          230965 1c009770 01412783 lw               x15, 20(x2)         x15=00000000  x2:10002618  PA:1000262c
14105920ns          230966 1c009772 00c00733 add              x14, x0, x12        x14=00000004 x12:00000004
14105940ns          230967 1c009774 56078863 beq              x15, x0, 1392       x15:00000000
14106040ns          230972 1c009ce4 01012783 lw               x15, 16(x2)         x15=00000000  x2:10002618  PA:10002628
14106060ns          230973 1c009ce6 01b00533 add              x10, x0, x27        x10=1000264c x27:1000264c
14106080ns          230974 1c009ce8 a8078ee3 beq              x15, x0, -1380      x15:00000000
14106199ns          230980 1c009784 00a007b3 add              x15, x0, x10        x15=1000264c x10:1000264c
14106219ns          230981 1c009786 00a00593 addi             x11, x0, 10         x11=0000000a
14106239ns          230982 1c009788 00900313 addi             x6, x0, 9            x6=00000009
14106259ns          230983 1c00978a 02b776b3 remu             x13, x14, x11       x13=00000004 x14:00000004 x11:0000000a
14106875ns          231014 1c00978e 00e00833 add              x16, x0, x14        x16=00000004 x14:00000004
14106895ns          231015 1c009790 00f008b3 add              x17, x0, x15        x17=1000264c x15:1000264c
14106915ns          231016 1c009792 03068693 addi             x13, x13, 48        x13=00000034 x13:00000004
14106935ns          231017 1c009796 00d780ab p.sb             x13, 1(x15!)        x15=1000264d x13:00000034 x15:1000264c  PA:1000264c
14106955ns          231018 1c00979a 02b75733 divu             x14, x14, x11       x14=00000000 x14:00000004 x11:0000000a
14107571ns          231049 1c00979e ff0366e3 bltu             x6, x16, -20         x6:00000009 x16:00000004
14107591ns          231050 1c0097a2 40a78733 sub              x14, x15, x10       x14=00000001 x15:1000264d x10:1000264c
14107611ns          231051 1c0097a6 01675c63 bge              x14, x22, 24        x14:00000001 x22:ffffffff
14107730ns          231057 1c0097be 00078023 sb               x0, 0(x15)          x15:1000264d  PA:1000264d
14107770ns          231059 1c0097c2 0b157563 bgeu             x10, x17, 170       x10:1000264c x17:1000264c
14107830ns          231062 1c00986c 01412703 lw               x14, 20(x2)         x14=00000000  x2:10002618  PA:1000262c
14107850ns          231063 1c00986e 01012683 lw               x13, 16(x2)         x13=00000000  x2:10002618  PA:10002628
14107869ns          231064 1c009870 41b787b3 sub              x15, x15, x27       x15=00000001 x15:1000264d x27:1000264c
14107889ns          231065 1c009874 00d76733 or               x14, x14, x13       x14=00000000 x14:00000000 x13:00000000
14107909ns          231066 1c009876 02e12623 sw               x14, 44(x2)         x14:00000000  x2:10002618  PA:10002644
14107929ns          231067 1c009878 b0071be3 bne              x14, x0, -1258      x14:00000000
14107949ns          231068 1c00987c 01f65713 srli             x14, x12, 0x1f      x14=00000000 x12:00000004
14107969ns          231069 1c009880 02e12623 sw               x14, 44(x2)         x14:00000000  x2:10002618  PA:10002644
14107989ns          231070 1c009882 b0dff06f jal              x0, -1268          
14108088ns          231075 1c00938e ebfb2be3 p.beqimm         x22, -330           x22:ffffffff
14108188ns          231080 1c009244 0c800713 addi             x14, x0, 200        x14=000000c8
14108227ns          231082 1c009248 14f75b63 bge              x14, x15, 342       x14:000000c8 x15:00000001
14108406ns          231091 1c00939e 00178613 addi             x12, x15, 1         x12=00000002 x15:00000001
14108446ns          231093 1c0093a2 0557c863 blt              x15, x21, 80        x15:00000001 x21:00000000
14108466ns          231094 1c0093a6 01712c23 sw               x23, 24(x2)         x23:10002784  x2:10002618  PA:10002630
14108486ns          231095 1c0093a8 00f00ab3 add              x21, x0, x15        x21=00000001 x15:00000001
14108506ns          231096 1c0093aa 8e0a8fe3 beq              x21, x0, -1794      x21:00000001
14108526ns          231097 1c0093ae 01b00933 add              x18, x0, x27        x18=1000264c x27:1000264c
14108546ns          231098 1c0093b0 41b409b3 sub              x19, x8, x27        x19=efffd9d6  x8:00000022 x27:1000264c
14108566ns          231099 1c0093b4 01ba8ab3 add              x21, x21, x27       x21=1000264d x21:00000001 x27:1000264c
14108585ns          231100 1c0093b6 00a0006f jal              x0, 10             
14108625ns          231102 1c0093c0 0019450b p.lbu            x10, 1(x18!)        x10=00000034 x18=1000264d x18:1000264c  PA:1000264c
14108645ns          231103 1c0093c4 009005b3 add              x11, x0, x9         x11=00000002  x9:00000002
14108665ns          231104 1c0093c6 000c80e7 jalr             x1, x25, 0           x1=1c0093c8 x25:1c008bb6
14108705ns          231106 1c008bb6 000026b7 lui              x13, 0x2000         x13=00002000
14108725ns          231107 1c008bb8 f8068693 addi             x13, x13, -128      x13=00001f80 x13:00002000
14108745ns          231108 1c008bbc f14027f3 csrrs            x15, x0, 0xf14      x15=00000004
14108764ns          231109 1c008bc0 00379713 slli             x14, x15, 0x3       x14=00000020 x15:00000004
14108784ns          231110 1c008bc4 00279793 slli             x15, x15, 0x2       x15=00000010 x15:00000004
14108804ns          231111 1c008bc6 00d7f7b3 and              x15, x15, x13       x15=00000000 x15:00000010 x13:00001f80
14108824ns          231112 1c008bc8 ee873733 p.bclr           x14, x14, 23, 8     x14=00000020 x14:00000020
14108844ns          231113 1c008bcc 1a10f6b7 lui              x13, 0x1a10f000     x13=1a10f000
14109262ns          231134 1c008bd0 00d70733 add              x14, x14, x13       x14=1a10f020 x14:00000020 x13:1a10f000
14109282ns          231135 1c008bd2 00e787b3 add              x15, x15, x14       x15=1a10f020 x15:00000000 x14:1a10f020
14109301ns          231136 1c008bd4 0ff57513 andi             x10, x10, 255       x10=00000034 x10:00000034
14109321ns          231137 1c008bd8 00a7a023 sw               x10, 0(x15)         x10:00000034 x15:1a10f020  PA:1a10f020
14109640ns          231153 1c008bda 00000513 addi             x10, x0, 0          x10=00000000
14109659ns          231154 1c008bdc 00008067 jalr             x0, x1, 0            x1:1c0093c8
14109699ns          231156 1c0093c8 fff538e3 p.bneimm         x10, -16            x10:00000000
14109818ns          231162 1c0093b8 01298433 add              x8, x19, x18         x8=00000023 x19:efffd9d6 x18:1000264d
14109838ns          231163 1c0093bc 8f2a86e3 beq              x21, x18, -1812     x21:1000264d x18:1000264d
14109898ns          231166 1c008ca8 001a450b p.lbu            x10, 1(x20!)        x10=0000000a x20=1c000042 x20:1c000041  PA:1c000041
14110216ns          231182 1c008cac fe0515e3 bne              x10, x0, -22        x10:0000000a
14110296ns          231186 1c008c96 02500793 addi             x15, x0, 37         x15=00000025
14110316ns          231187 1c008c9a 04f50763 beq              x10, x15, 78        x10:0000000a x15:00000025
14110336ns          231188 1c008c9e 009005b3 add              x11, x0, x9         x11=00000002  x9:00000002
14110355ns          231189 1c008ca0 000c80e7 jalr             x1, x25, 0           x1=1c008ca2 x25:1c008bb6
14110395ns          231191 1c008bb6 000026b7 lui              x13, 0x2000         x13=00002000
14110415ns          231192 1c008bb8 f8068693 addi             x13, x13, -128      x13=00001f80 x13:00002000
14110435ns          231193 1c008bbc f14027f3 csrrs            x15, x0, 0xf14      x15=00000004
14110455ns          231194 1c008bc0 00379713 slli             x14, x15, 0x3       x14=00000020 x15:00000004
14110475ns          231195 1c008bc4 00279793 slli             x15, x15, 0x2       x15=00000010 x15:00000004
14110495ns          231196 1c008bc6 00d7f7b3 and              x15, x15, x13       x15=00000000 x15:00000010 x13:00001f80
14110515ns          231197 1c008bc8 ee873733 p.bclr           x14, x14, 23, 8     x14=00000020 x14:00000020
14110534ns          231198 1c008bcc 1a10f6b7 lui              x13, 0x1a10f000     x13=1a10f000
14110554ns          231199 1c008bd0 00d70733 add              x14, x14, x13       x14=1a10f020 x14:00000020 x13:1a10f000
14110574ns          231200 1c008bd2 00e787b3 add              x15, x15, x14       x15=1a10f020 x15:00000000 x14:1a10f020
14110594ns          231201 1c008bd4 0ff57513 andi             x10, x10, 255       x10=0000000a x10:0000000a
14110614ns          231202 1c008bd8 00a7a023 sw               x10, 0(x15)         x10:0000000a x15:1a10f020  PA:1a10f020
14110932ns          231218 1c008bda 00000513 addi             x10, x0, 0          x10=00000000
14110952ns          231219 1c008bdc 00008067 jalr             x0, x1, 0            x1:1c008ca2
14111012ns          231222 1c008ca2 4df52863 p.beqimm         x10, 1232           x10:00000000
14111032ns          231223 1c008ca6 00140413 addi             x8, x8, 1            x8=00000024  x8:00000023
14111052ns          231224 1c008ca8 001a450b p.lbu            x10, 1(x20!)        x10=00000000 x20=1c000043 x20:1c000042  PA:1c000042
14111370ns          231240 1c008cac fe0515e3 bne              x10, x0, -22        x10:00000000
14111390ns          231241 1c008cae 13c12083 lw               x1, 316(x2)          x1=1c008c22  x2:10002618  PA:10002754
14111410ns          231242 1c008cb2 00800533 add              x10, x0, x8         x10=00000024  x8:00000024
14111429ns          231243 1c008cb4 13812403 lw               x8, 312(x2)          x8=00000004  x2:10002618  PA:10002750
14111449ns          231244 1c008cb8 13412483 lw               x9, 308(x2)          x9=00000000  x2:10002618  PA:1000274c
14111469ns          231245 1c008cbc 13012903 lw               x18, 304(x2)        x18=00000004  x2:10002618  PA:10002748
14111887ns          231266 1c008cc0 12c12983 lw               x19, 300(x2)        x19=00000000  x2:10002618  PA:10002744
14111927ns          231268 1c008cc4 12812a03 lw               x20, 296(x2)        x20=00000000  x2:10002618  PA:10002740
14111947ns          231269 1c008cc8 12412a83 lw               x21, 292(x2)        x21=00000000  x2:10002618  PA:1000273c
14111966ns          231270 1c008ccc 12012b03 lw               x22, 288(x2)        x22=00000000  x2:10002618  PA:10002738
14112424ns          231293 1c008cd0 11c12b83 lw               x23, 284(x2)        x23=00000000  x2:10002618  PA:10002734
14112464ns          231295 1c008cd4 11812c03 lw               x24, 280(x2)        x24=00000000  x2:10002618  PA:10002730
14112483ns          231296 1c008cd8 11412c83 lw               x25, 276(x2)        x25=00000000  x2:10002618  PA:1000272c
14112503ns          231297 1c008cdc 11012d03 lw               x26, 272(x2)        x26=00000000  x2:10002618  PA:10002728
14112563ns          231300 1c008ce0 10c12d83 lw               x27, 268(x2)        x27=00000000  x2:10002618  PA:10002724
14112603ns          231302 1c008ce4 14010113 addi             x2, x2, 320          x2=10002758  x2:10002618
14112623ns          231303 1c008ce6 00008067 jalr             x0, x1, 0            x1:1c008c22
14112702ns          231307 1c008c22 01c12083 lw               x1, 28(x2)           x1=1c008200  x2:10002758  PA:10002774
14112742ns          231309 1c008c24 04010113 addi             x2, x2, 64           x2=10002798  x2:10002758
14112762ns          231310 1c008c26 00008067 jalr             x0, x1, 0            x1:1c008200
14112841ns          231314 1c008200 78d010ef jal              x1, 8076             x1=1c008204
14113339ns          231339 1c00a18c f14027f3 csrrs            x15, x0, 0xf14      x15=00000004
14113816ns          231363 1c00a190 01f00713 addi             x14, x0, 31         x14=0000001f
14113856ns          231365 1c00a192 ca5797b3 p.extractu       x15, x15, 5, 5      x15=00000000 x15:00000004
14113876ns          231366 1c00a196 00e78863 beq              x15, x14, 16        x15:00000000 x14:0000001f
14113896ns          231367 1c00a19a 002047b7 lui              x15, 0x204000       x15=00204000
14114333ns          231389 1c00a19e 20078793 addi             x15, x15, 512       x15=00204200 x15:00204000
14114373ns          231391 1c00a1a2 01c7e703 p.elw            x14, 28(x15)        x14=00010000 x15:00204200  PA:0020421c
14114671ns          231406 1c00a1a6 00008067 jalr             x0, x1, 0            x1:1c008204
14114890ns          231417 1c008204 5c090363 beq              x18, x0, 1478       x18:00000004
14114910ns          231418 1c008208 01847413 andi             x8, x8, 24           x8=00000000  x8:00000004
14114930ns          231419 1c00820a 783010ef jal              x1, 8066             x1=1c00820e
14115407ns          231443 1c00a18c f14027f3 csrrs            x15, x0, 0xf14      x15=00000004
14115427ns          231444 1c00a190 01f00713 addi             x14, x0, 31         x14=0000001f
14115447ns          231445 1c00a192 ca5797b3 p.extractu       x15, x15, 5, 5      x15=00000000 x15:00000004
14115467ns          231446 1c00a196 00e78863 beq              x15, x14, 16        x15:00000000 x14:0000001f
14115487ns          231447 1c00a19a 002047b7 lui              x15, 0x204000       x15=00204000
14115506ns          231448 1c00a19e 20078793 addi             x15, x15, 512       x15=00204200 x15:00204000
14115526ns          231449 1c00a1a2 01c7e703 p.elw            x14, 28(x15)        x14=00010000 x15:00204200  PA:0020421c
14121692ns          231759 1c00a1a6 00008067 jalr             x0, x1, 0            x1:1c00820e
14121751ns          231762 1c00820e 56041663 bne              x8, x0, 1388         x8:00000000
14121771ns          231763 1c008212 00491493 slli             x9, x18, 0x4         x9=00000040 x18:00000004
14121791ns          231764 1c008216 00748413 addi             x8, x9, 7            x8=00000047  x9:00000040
14121811ns          231765 1c00821a 00591713 slli             x14, x18, 0x5       x14=00000080 x18:00000004
14122348ns          231792 1c00821e 00141693 slli             x13, x8, 0x1        x13=0000008e  x8:00000047
14122368ns          231793 1c008222 00d12c23 sw               x13, 24(x2)         x13:0000008e  x2:10002798  PA:100027b0
14122388ns          231794 1c008224 00e12223 sw               x14, 4(x2)          x14:00000080  x2:10002798  PA:1000279c
14122408ns          231795 1c008226 00170593 addi             x11, x14, 1         x11=00000081 x14:00000080
14122427ns          231796 1c00822a 00168293 addi             x5, x13, 1           x5=0000008f x13:0000008e
14122845ns          231817 1c00822e 1c001737 lui              x14, 0x1c001000     x14=1c001000
14122885ns          231819 1c008232 00948693 addi             x13, x9, 9          x13=00000049  x9:00000040
14122905ns          231820 1c008236 8d070713 addi             x14, x14, -1840     x14=1c0008d0 x14:1c001000
14122925ns          231821 1c00823a 00148f93 addi             x31, x9, 1          x31=00000041  x9:00000040
14123382ns          231844 1c00823e 00269e13 slli             x28, x13, 0x2       x28=00000124 x13:00000049
14123402ns          231845 1c008242 00ee0e33 add              x28, x28, x14       x28=1c0009f4 x28:00000124 x14:1c0008d0
14123422ns          231846 1c008244 00248a93 addi             x21, x9, 2          x21=00000042  x9:00000040
14123442ns          231847 1c008248 00348f13 addi             x30, x9, 3          x30=00000043  x9:00000040
14123462ns          231848 1c00824c 00548993 addi             x19, x9, 5          x19=00000045  x9:00000040
14123879ns          231869 1c008250 00648793 addi             x15, x9, 6          x15=00000046  x9:00000040
14123919ns          231871 1c008254 002f9313 slli             x6, x31, 0x2         x6=00000104 x31:00000041
14123939ns          231872 1c008258 002a9813 slli             x16, x21, 0x2       x16=00000108 x21:00000042
14123959ns          231873 1c00825c 002f1b13 slli             x22, x30, 0x2       x22=0000010c x30:00000043
14124516ns          231901 1c008260 00299093 slli             x1, x19, 0x2         x1=00000114 x19:00000045
14124556ns          231903 1c008264 00279393 slli             x7, x15, 0x2         x7=00000118 x15:00000046
14124575ns          231904 1c008268 00e30333 add              x6, x6, x14          x6=1c0009d4  x6:00000104 x14:1c0008d0
14124595ns          231905 1c00826a 00691893 slli             x17, x18, 0x6       x17=00000100 x18:00000004
14124615ns          231906 1c00826e 01c006b3 add              x13, x0, x28        x13=1c0009f4 x28:1c0009f4
14124933ns          231922 1c008270 002a9a93 slli             x21, x21, 0x2       x21=00000108 x21:00000042
14124953ns          231923 1c008272 00299993 slli             x19, x19, 0x2       x19=00000114 x19:00000045
14124973ns          231924 1c008274 00279793 slli             x15, x15, 0x2       x15=00000118 x15:00000046
14124993ns          231925 1c008276 00eb0b33 add              x22, x22, x14       x22=1c0009dc x22:0000010c x14:1c0008d0
14125013ns          231926 1c008278 00235303 lhu              x6, 2(x6)            x6=00000d87  x6:1c0009d4  PA:1c0009d6
14125470ns          231949 1c00827c 0006d683 lhu              x13, 0(x13)         x13=00000854 x13:1c0009f4  PA:1c0009f4
14125888ns          231970 1c008280 00ea8ab3 add              x21, x21, x14       x21=1c0009d8 x21:00000108 x14:1c0008d0
14125908ns          231971 1c008282 00e989b3 add              x19, x19, x14       x19=1c0009e4 x19:00000114 x14:1c0008d0
14125928ns          231972 1c008284 00e787b3 add              x15, x15, x14       x15=1c0009e8 x15:00000118 x14:1c0008d0
14125948ns          231973 1c008286 00e888b3 add              x17, x17, x14       x17=1c0009d0 x17:00000100 x14:1c0008d0
14125968ns          231974 1c008288 002b5c83 lhu              x25, 2(x22)         x25=0000060e x22:1c0009dc  PA:1c0009de
14126365ns          231994 1c00828c 000adc03 lhu              x24, 0(x21)         x24=00000fee x21:1c0009d8  PA:1c0009d8
14126723ns          232012 1c008290 000b5f03 lhu              x30, 0(x22)         x30=00000a24 x22:1c0009dc  PA:1c0009dc
14127201ns          232036 1c008294 0007da83 lhu              x21, 0(x15)         x21=00000eb2 x15:1c0009e8  PA:1c0009e8
14127499ns          232051 1c008298 0009db03 lhu              x22, 0(x19)         x22=00000b7f x19:1c0009e4  PA:1c0009e4
14127877ns          232070 1c00829c 0008d883 lhu              x17, 0(x17)         x17=0000082a x17:1c0009d0  PA:1c0009d0
14128374ns          232095 1c0082a0 1c0019b7 lui              x19, 0x1c001000     x19=1c001000
14128394ns          232096 1c0082a4 000017b7 lui              x15, 0x1000         x15=00001000
14128414ns          232097 1c0082a6 fff78793 addi             x15, x15, -1        x15=00000fff x15:00001000
14128434ns          232098 1c0082a8 00448a13 addi             x20, x9, 4          x20=00000044  x9:00000040
14128454ns          232099 1c0082ac dd098993 addi             x19, x19, -560      x19=1c000dd0 x19:1c001000
14128473ns          232100 1c0082b0 00159593 slli             x11, x11, 0x1       x11=00000102 x11:00000081
14128493ns          232101 1c0082b2 00129293 slli             x5, x5, 0x1          x5=0000011e  x5:0000008f
14128513ns          232102 1c0082b4 00241b93 slli             x23, x8, 0x2        x23=0000011c  x8:00000047
14128533ns          232103 1c0082b8 00848613 addi             x12, x9, 8          x12=00000048  x9:00000040
14128553ns          232104 1c0082bc 00e585b3 add              x11, x11, x14       x11=1c0009d2 x11:00000102 x14:1c0008d0
14128573ns          232105 1c0082be 00e080b3 add              x1, x1, x14          x1=1c0009e4  x1:00000114 x14:1c0008d0
14128971ns          232125 1c0082c0 00e383b3 add              x7, x7, x14          x7=1c0009e8  x7:00000118 x14:1c0008d0
14128991ns          232126 1c0082c2 00e282b3 add              x5, x5, x14          x5=1c0009ee  x5:0000011e x14:1c0008d0
14129010ns          232127 1c0082c4 00d12a23 sw               x13, 20(x2)         x13:00000854  x2:10002798  PA:100027ac
14129030ns          232128 1c0082c6 002a1513 slli             x10, x20, 0x2       x10=00000110 x20:00000044
14129050ns          232129 1c0082ca 0067f6b3 and              x13, x15, x6        x13=00000d87 x15:00000fff  x6:00000d87
14129070ns          232130 1c0082ce 002a1a13 slli             x20, x20, 0x2       x20=00000110 x20:00000044
14129468ns          232150 1c0082d0 0009a303 lw               x6, 0(x19)           x6=10004100 x19:1c000dd0  PA:1c000dd0
14129786ns          232166 1c0082d4 0005dd83 lhu              x27, 0(x11)         x27=00000958 x11:1c0009d2  PA:1c0009d2
14130283ns          232191 1c0082d8 00ea0a33 add              x20, x20, x14       x20=1c0009e0 x20:00000110 x14:1c0008d0
14130303ns          232192 1c0082da 0020d583 lhu              x11, 2(x1)          x11=0000089e  x1:1c0009e4  PA:1c0009e6
14130681ns          232211 1c0082de 0117f8b3 and              x17, x15, x17       x17=0000082a x15:00000fff x17:0000082a
14130701ns          232212 1c0082e2 0023d083 lhu              x1, 2(x7)            x1=0000032f  x7:1c0009e8  PA:1c0009ea
14131198ns          232237 1c0082e6 00261e93 slli             x29, x12, 0x2       x29=00000120 x12:00000048
14131218ns          232238 1c0082ea 0002d383 lhu              x7, 0(x5)            x7=0000012a  x5:1c0009ee  PA:1c0009ee
14131536ns          232254 1c0082ee 00261613 slli             x12, x12, 0x2       x12=00000120 x12:00000048
14131556ns          232255 1c0082f0 017702b3 add              x5, x14, x23         x5=1c0009ec x14:1c0008d0 x23:0000011c
14131576ns          232256 1c0082f4 01112423 sw               x17, 8(x2)          x17:0000082a  x2:10002798  PA:100027a0
14131596ns          232257 1c0082f6 01712e23 sw               x23, 28(x2)         x23:0000011c  x2:10002798  PA:100027b4
14131616ns          232258 1c0082f8 00e60633 add              x12, x12, x14       x12=1c0009f0 x12:00000120 x14:1c0008d0
14131636ns          232259 1c0082fa 000a5b83 lhu              x23, 0(x20)         x23=00000a46 x20:1c0009e0  PA:1c0009e0
14132033ns          232279 1c0082fe 0002da03 lhu              x20, 0(x5)          x20=00000bf8  x5:1c0009ec  PA:1c0009ec
14132511ns          232303 1c008302 01069293 slli             x5, x13, 0x10        x5=0d870000 x13:00000d87
14132531ns          232304 1c008306 00591693 slli             x13, x18, 0x5       x13=00000080 x18:00000004
14132550ns          232305 1c00830a 002e5d03 lhu              x26, 2(x28)         x26=00000969 x28:1c0009f4  PA:1c0009f6
14132849ns          232320 1c00830e 002f9f93 slli             x31, x31, 0x2       x31=00000104 x31:00000041
14132869ns          232321 1c008310 00065e03 lhu              x28, 0(x12)         x28=00000457 x12:1c0009f0  PA:1c0009f0
14133266ns          232341 1c008314 00d30633 add              x12, x6, x13        x12=10004180  x6:10004100 x13:00000080
14133286ns          232342 1c008318 00812303 lw               x6, 8(x2)            x6=0000082a  x2:10002798  PA:100027a0
14133306ns          232343 1c00831a 00ef8fb3 add              x31, x31, x14       x31=1c0009d4 x31:00000104 x14:1c0008d0
14133326ns          232344 1c00831c 01b7fdb3 and              x27, x15, x27       x27=00000958 x15:00000fff x27:00000958
14133346ns          232345 1c008320 00512623 sw               x5, 12(x2)           x5:0d870000  x2:10002798  PA:100027a4
14133366ns          232346 1c008322 000fdf83 lhu              x31, 0(x31)         x31=00000007 x31:1c0009d4  PA:1c0009d4
14133803ns          232368 1c008326 010d9d93 slli             x27, x27, 0x10      x27=09580000 x27:00000958
14133823ns          232369 1c008328 006dedb3 or               x27, x27, x6        x27=0958082a x27:09580000  x6:0000082a
14133843ns          232370 1c00832c 00e80833 add              x16, x16, x14       x16=1c0009d8 x16:00000108 x14:1c0008d0
14133863ns          232371 1c00832e 00c12303 lw               x6, 12(x2)           x6=0d870000  x2:10002798  PA:100027a4
14133883ns          232372 1c008330 00285803 lhu              x16, 2(x16)         x16=00000aab x16:1c0009d8  PA:1c0009da
14134301ns          232393 1c008334 0017f0b3 and              x1, x15, x1          x1=0000032f x15:00000fff  x1:0000032f
14134321ns          232394 1c008338 0077f3b3 and              x7, x15, x7          x7=0000012a x15:00000fff  x7:0000012a
14134340ns          232395 1c00833c 01c12823 sw               x28, 16(x2)         x28:00000457  x2:10002798  PA:100027a8
14134400ns          232398 1c00833e 0157fab3 and              x21, x15, x21       x21=00000eb2 x15:00000fff x21:00000eb2
14134440ns          232400 1c008342 0147fa33 and              x20, x15, x20       x20=00000bf8 x15:00000fff x20:00000bf8
14134460ns          232401 1c008346 01f7ffb3 and              x31, x15, x31       x31=00000007 x15:00000fff x31:00000007
14134480ns          232402 1c00834a 01009093 slli             x1, x1, 0x10         x1=032f0000  x1:0000032f
14134500ns          232403 1c00834c 01039393 slli             x7, x7, 0x10         x7=012a0000  x7:0000012a
14134917ns          232424 1c00834e 01f36fb3 or               x31, x6, x31        x31=0d870007  x6:0d870000 x31:00000007
14134937ns          232425 1c008352 00e50533 add              x10, x10, x14       x10=1c0009e0 x10:00000110 x14:1c0008d0
14134957ns          232426 1c008354 0150e333 or               x6, x1, x21          x6=032f0eb2  x1:032f0000 x21:00000eb2
14134977ns          232427 1c008358 0143eab3 or               x21, x7, x20        x21=012a0bf8  x7:012a0000 x20:00000bf8
14134997ns          232428 1c00835c 01012a03 lw               x20, 16(x2)         x20=00000457  x2:10002798  PA:100027a8
14135534ns          232455 1c00835e 00255503 lhu              x10, 2(x10)         x10=00000737 x10:1c0009e0  PA:1c0009e2
14136051ns          232481 1c008362 0107f833 and              x16, x15, x16       x16=00000aab x15:00000fff x16:00000aab
14136071ns          232482 1c008366 0187fc33 and              x24, x15, x24       x24=00000fee x15:00000fff x24:00000fee
14136091ns          232483 1c00836a 00ee8eb3 add              x29, x29, x14       x29=1c0009f0 x29:00000120 x14:1c0008d0
14136110ns          232484 1c00836c 01081813 slli             x16, x16, 0x10      x16=0aab0000 x16:00000aab
14136289ns          232493 1c00836e 01886833 or               x16, x16, x24       x16=0aab0fee x16:0aab0000 x24:00000fee
14136309ns          232494 1c008372 01512423 sw               x21, 8(x2)          x21:012a0bf8  x2:10002798  PA:100027a0
14136329ns          232495 1c008374 0147fc33 and              x24, x15, x20       x24=00000457 x15:00000fff x20:00000457
14136349ns          232496 1c008378 002ede83 lhu              x29, 2(x29)         x29=00000ab4 x29:1c0009f0  PA:1c0009f2
14136747ns          232516 1c00837c 01412a03 lw               x20, 20(x2)         x20=00000854  x2:10002798  PA:100027ac
14136826ns          232520 1c00837e 00c48893 addi             x17, x9, 12         x17=0000004c  x9:00000040
14136846ns          232521 1c008382 00f57533 and              x10, x10, x15       x10=00000737 x10:00000737 x15:00000fff
14136866ns          232522 1c008384 00f5f5b3 and              x11, x11, x15       x11=0000089e x11:0000089e x15:00000fff
14136886ns          232523 1c008386 0177fbb3 and              x23, x15, x23       x23=00000a46 x15:00000fff x23:00000a46
14136906ns          232524 1c00838a 0167fb33 and              x22, x15, x22       x22=00000b7f x15:00000fff x22:00000b7f
14136926ns          232525 1c00838e 01112623 sw               x17, 12(x2)         x17:0000004c  x2:10002798  PA:100027a4
14137343ns          232546 1c008390 00289a93 slli             x21, x17, 0x2       x21=00000130 x17:0000004c
14137383ns          232548 1c008394 01051513 slli             x10, x10, 0x10      x10=07370000 x10:00000737
14137403ns          232549 1c008396 00d48893 addi             x17, x9, 13         x17=0000004d  x9:00000040
14137423ns          232550 1c00839a 01059593 slli             x11, x11, 0x10      x11=089e0000 x11:0000089e
14137443ns          232551 1c00839c 01756533 or               x10, x10, x23       x10=07370a46 x10:07370000 x23:00000a46
14137861ns          232572 1c0083a0 0165e5b3 or               x11, x11, x22       x11=089e0b7f x11:089e0000 x22:00000b7f
14137900ns          232574 1c0083a4 0147fbb3 and              x23, x15, x20       x23=00000854 x15:00000fff x20:00000854
14137920ns          232575 1c0083a8 00289a13 slli             x20, x17, 0x2       x20=00000134 x17:0000004d
14137940ns          232576 1c0083ac 00e48893 addi             x17, x9, 14         x17=0000004e  x9:00000040
14138358ns          232597 1c0083b0 00b62a23 sw               x11, 20(x12)        x11:089e0b7f x12:10004180  PA:10004194
14138398ns          232599 1c0083b2 0197fcb3 and              x25, x15, x25       x25=0000060e x15:00000fff x25:0000060e
14138417ns          232600 1c0083b6 00812583 lw               x11, 8(x2)          x11=012a0bf8  x2:10002798  PA:100027a0
14138437ns          232601 1c0083b8 00289093 slli             x1, x17, 0x2         x1=00000138 x17:0000004e
14138457ns          232602 1c0083bc 0009a883 lw               x17, 0(x19)         x17=10004100 x19:1c000dd0  PA:1c000dd0
14138915ns          232625 1c0083c0 00a48e13 addi             x28, x9, 10         x28=0000004a  x9:00000040
14138954ns          232627 1c0083c4 00f48293 addi             x5, x9, 15           x5=0000004f  x9:00000040
14138974ns          232628 1c0083c8 00b48393 addi             x7, x9, 11           x7=0000004b  x9:00000040
14138994ns          232629 1c0083cc 010c9c93 slli             x25, x25, 0x10      x25=060e0000 x25:0000060e
14139412ns          232650 1c0083ce 01e7ff33 and              x30, x15, x30       x30=00000a24 x15:00000fff x30:00000a24
14139452ns          232652 1c0083d2 01d7feb3 and              x29, x15, x29       x29=00000ab4 x15:00000fff x29:00000ab4
14139472ns          232653 1c0083d6 01ecef33 or               x30, x25, x30       x30=060e0a24 x25:060e0000 x30:00000a24
14139491ns          232654 1c0083da 01a7fd33 and              x26, x15, x26       x26=00000969 x15:00000fff x26:00000969
14140028ns          232681 1c0083de 002e1c93 slli             x25, x28, 0x2       x25=00000128 x28:0000004a
14140068ns          232683 1c0083e2 00239b13 slli             x22, x7, 0x2        x22=0000012c  x7:0000004b
14140088ns          232684 1c0083e6 10068693 addi             x13, x13, 256       x13=00000180 x13:00000080
14140108ns          232685 1c0083ea 00229393 slli             x7, x5, 0x2          x7=0000013c  x5:0000004f
14140128ns          232686 1c0083ee 010e9e93 slli             x29, x29, 0x10      x29=0ab40000 x29:00000ab4
14140446ns          232702 1c0083f0 011686b3 add              x13, x13, x17       x13=10004280 x13:00000180 x17:10004100
14140486ns          232704 1c0083f2 01b62023 sw               x27, 0(x12)         x27:0958082a x12:10004180  PA:10004180
14140506ns          232705 1c0083f6 01f62223 sw               x31, 4(x12)         x31:0d870007 x12:10004180  PA:10004184
14140526ns          232706 1c0083fa 01062423 sw               x16, 8(x12)         x16:0aab0fee x12:10004180  PA:10004188
14140983ns          232729 1c0083fe 01e62623 sw               x30, 12(x12)        x30:060e0a24 x12:10004180  PA:1000418c
14141003ns          232730 1c008402 00a62823 sw               x10, 16(x12)        x10:07370a46 x12:10004180  PA:10004190
14141023ns          232731 1c008404 00662c23 sw               x6, 24(x12)          x6:032f0eb2 x12:10004180  PA:10004198
14141043ns          232732 1c008408 00b62e23 sw               x11, 28(x12)        x11:012a0bf8 x12:10004180  PA:1000419c
14141063ns          232733 1c00840a 00ec8cb3 add              x25, x25, x14       x25=1c0009f8 x25:00000128 x14:1c0008d0
14141082ns          232734 1c00840c 00eb0b33 add              x22, x22, x14       x22=1c0009fc x22:0000012c x14:1c0008d0
14141102ns          232735 1c00840e 00ea8ab3 add              x21, x21, x14       x21=1c000a00 x21:00000130 x14:1c0008d0
14141500ns          232755 1c008410 00ea0a33 add              x20, x20, x14       x20=1c000a04 x20:00000134 x14:1c0008d0
14141520ns          232756 1c008412 00e080b3 add              x1, x1, x14          x1=1c000a08  x1:00000138 x14:1c0008d0
14141540ns          232757 1c008414 018eeeb3 or               x29, x29, x24       x29=0ab40457 x29:0ab40000 x24:00000457
14141560ns          232758 1c008418 00e383b3 add              x7, x7, x14          x7=1c000a0c  x7:0000013c x14:1c0008d0
14141580ns          232759 1c00841a 010d1d13 slli             x26, x26, 0x10      x26=09690000 x26:00000969
14141600ns          232760 1c00841c 002cdf83 lhu              x31, 2(x25)         x31=000002f7 x25:1c0009f8  PA:1c0009fa
14142097ns          232785 1c008420 002a5f03 lhu              x30, 2(x20)         x30=00000031 x20:1c000a04  PA:1c000a06
14142594ns          232810 1c008424 002b5803 lhu              x16, 2(x22)         x16=00000741 x22:1c0009fc  PA:1c0009fe
14143012ns          232831 1c008428 002ad503 lhu              x10, 2(x21)         x10=00000814 x21:1c000a00  PA:1c000a02
14143409ns          232851 1c00842c 0020d603 lhu              x12, 2(x1)          x12=00000500  x1:1c000a08  PA:1c000a0a
14143926ns          232877 1c008430 017d6bb3 or               x23, x26, x23       x23=09690854 x26:09690000 x23:00000854
14143946ns          232878 1c008434 01d6a023 sw               x29, 0(x13)         x29:0ab40457 x13:10004280  PA:10004280
14143966ns          232879 1c008438 001008b3 add              x17, x0, x1         x17=1c000a08  x1:1c000a08
14143986ns          232880 1c00843a 0023de83 lhu              x29, 2(x7)          x29=000001cc  x7:1c000a0c  PA:1c000a0e
14144344ns          232898 1c00843e 00700733 add              x14, x0, x7         x14=1c000a0c  x7:1c000a0c
14144364ns          232899 1c008440 00075283 lhu              x5, 0(x14)           x5=0000042b x14:1c000a0c  PA:1c000a0c
14144782ns          232920 1c008444 000b5083 lhu              x1, 0(x22)           x1=000003fb x22:1c0009fc  PA:1c0009fc
14145100ns          232936 1c008448 000ad383 lhu              x7, 0(x21)           x7=00000ff9 x21:1c000a00  PA:1c000a00
14145517ns          232957 1c00844c 000a5e03 lhu              x28, 0(x20)         x28=00000b98 x20:1c000a04  PA:1c000a04
14145955ns          232979 1c008450 0008d303 lhu              x6, 0(x17)           x6=00000b2b x17:1c000a08  PA:1c000a08
14146273ns          232995 1c008454 0176a223 sw               x23, 4(x13)         x23:09690854 x13:10004280  PA:10004284
14146293ns          232996 1c008458 000cdb83 lhu              x23, 0(x25)         x23=00000223 x25:1c0009f8  PA:1c0009f8
14146691ns          233016 1c00845c 01f7f8b3 and              x17, x15, x31       x17=000002f7 x15:00000fff x31:000002f7
14146711ns          233017 1c008460 01e7f5b3 and              x11, x15, x30       x11=00000031 x15:00000fff x30:00000031
14146731ns          233018 1c008464 01d7f733 and              x14, x15, x29       x14=000001cc x15:00000fff x29:000001cc
14146751ns          233019 1c008468 0107f833 and              x16, x15, x16       x16=00000741 x15:00000fff x16:00000741
14146770ns          233020 1c00846c 00f57533 and              x10, x10, x15       x10=00000814 x10:00000814 x15:00000fff
14146790ns          233021 1c00846e 00f67633 and              x12, x12, x15       x12=00000500 x12:00000500 x15:00000fff
14147128ns          233038 1c008470 0017f0b3 and              x1, x15, x1          x1=000003fb x15:00000fff  x1:000003fb
14147168ns          233040 1c008474 0077f3b3 and              x7, x15, x7          x7=00000ff9 x15:00000fff  x7:00000ff9
14147188ns          233041 1c008478 01c7fe33 and              x28, x15, x28       x28=00000b98 x15:00000fff x28:00000b98
14147208ns          233042 1c00847c 0067f333 and              x6, x15, x6          x6=00000b2b x15:00000fff  x6:00000b2b
14147665ns          233065 1c008480 0177fbb3 and              x23, x15, x23       x23=00000223 x15:00000fff x23:00000223
14147705ns          233067 1c008484 01071713 slli             x14, x14, 0x10      x14=01cc0000 x14:000001cc
14147725ns          233068 1c008486 0057f7b3 and              x15, x15, x5        x15=0000042b x15:00000fff  x5:0000042b
14147745ns          233069 1c00848a 01089893 slli             x17, x17, 0x10      x17=02f70000 x17:000002f7
14147765ns          233070 1c00848c 01081813 slli             x16, x16, 0x10      x16=07410000 x16:00000741
14147785ns          233071 1c00848e 01051513 slli             x10, x10, 0x10      x10=08140000 x10:00000814
14148202ns          233092 1c008490 01059593 slli             x11, x11, 0x10      x11=00310000 x11:00000031
14148222ns          233093 1c008492 01061613 slli             x12, x12, 0x10      x12=05000000 x12:00000500
14148242ns          233094 1c008494 00e7e7b3 or               x15, x15, x14       x15=01cc042b x15:0000042b x14:01cc0000
14148262ns          233095 1c008496 0178e8b3 or               x17, x17, x23       x17=02f70223 x17:02f70000 x23:00000223
14148282ns          233096 1c00849a 00186833 or               x16, x16, x1        x16=074103fb x16:07410000  x1:000003fb
14148719ns          233118 1c00849e 00756533 or               x10, x10, x7        x10=08140ff9 x10:08140000  x7:00000ff9
14148759ns          233120 1c0084a2 01c5e5b3 or               x11, x11, x28       x11=00310b98 x11:00310000 x28:00000b98
14148779ns          233121 1c0084a6 00666633 or               x12, x12, x6        x12=05000b2b x12:05000000  x6:00000b2b
14148799ns          233122 1c0084aa 00f6ae23 sw               x15, 28(x13)        x15:01cc042b x13:10004280  PA:1000429c
14148819ns          233123 1c0084ac 0116a423 sw               x17, 8(x13)         x17:02f70223 x13:10004280  PA:10004288
14149217ns          233143 1c0084b0 0106a623 sw               x16, 12(x13)        x16:074103fb x13:10004280  PA:1000428c
14149256ns          233145 1c0084b4 00a6a823 sw               x10, 16(x13)        x10:08140ff9 x13:10004280  PA:10004290
14149276ns          233146 1c0084b6 00b6aa23 sw               x11, 20(x13)        x11:00310b98 x13:10004280  PA:10004294
14149296ns          233147 1c0084b8 00c6ac23 sw               x12, 24(x13)        x12:05000b2b x13:10004280  PA:10004298
14149316ns          233148 1c0084ba 4d3010ef jal              x1, 7378             x1=1c0084be
14149833ns          233174 1c00a18c f14027f3 csrrs            x15, x0, 0xf14      x15=00000004
14149913ns          233178 1c00a190 01f00713 addi             x14, x0, 31         x14=0000001f
14149952ns          233180 1c00a192 ca5797b3 p.extractu       x15, x15, 5, 5      x15=00000000 x15:00000004
14149972ns          233181 1c00a196 00e78863 beq              x15, x14, 16        x15:00000000 x14:0000001f
14149992ns          233182 1c00a19a 002047b7 lui              x15, 0x204000       x15=00204000
14150052ns          233185 1c00a19e 20078793 addi             x15, x15, 512       x15=00204200 x15:00204000
14150092ns          233187 1c00a1a2 01c7e703 p.elw            x14, 28(x15)        x14=00010000 x15:00204200  PA:0020421c
14150291ns          233197 1c00a1a6 00008067 jalr             x0, x1, 0            x1:1c0084be
14150350ns          233200 1c0084be 002007b7 lui              x15, 0x200000       x15=00200000
14150370ns          233201 1c0084c2 0187a703 lw               x14, 24(x15)        x14=00000000 x15:00200000  PA:00200018
14150529ns          233209 1c0084c4 00204a37 lui              x20, 0x204000       x20=00204000
14150549ns          233210 1c0084c8 020a0a13 addi             x20, x20, 32        x20=00204020 x20:00204000
14150569ns          233211 1c0084cc c0b74733 p.bset           x14, x14, 0, 11     x14=00000800 x14:00000000
14150947ns          233230 1c0084d0 00e7ac23 sw               x14, 24(x15)        x14:00000800 x15:00200000  PA:00200018
14151046ns          233235 1c0084d2 0187a703 lw               x14, 24(x15)        x14=00000800 x15:00200000  PA:00200018
14151186ns          233242 1c0084d4 012a0a33 add              x20, x20, x18       x20=00204024 x20:00204020 x18:00000004
14151205ns          233243 1c0084d6 007a1a13 slli             x20, x20, 0x7       x20=10201200 x20:00204024
14151225ns          233244 1c0084d8 c0874733 p.bset           x14, x14, 0, 8      x14=00000900 x14:00000800
14151245ns          233245 1c0084dc 00e7ac23 sw               x14, 24(x15)        x14:00000900 x15:00200000  PA:00200018
14151345ns          233250 1c0084de 0187a703 lw               x14, 24(x15)        x14=00000900 x15:00200000  PA:00200018
14151563ns          233261 1c0084e0 ce073733 p.bclr           x14, x14, 7, 0      x14=00000900 x14:00000900
14151603ns          233263 1c0084e4 00e7ac23 sw               x14, 24(x15)        x14:00000900 x15:00200000  PA:00200018
14151802ns          233273 1c0084e6 0187a703 lw               x14, 24(x15)        x14=00000908 x15:00200000  PA:00200018
14151981ns          233282 1c0084e8 c0374733 p.bset           x14, x14, 0, 3      x14=00000908 x14:00000908
14152001ns          233283 1c0084ec 00e7ac23 sw               x14, 24(x15)        x14:00000908 x15:00200000  PA:00200018
14152100ns          233288 1c0084ee 000a2a23 sw               x0, 20(x20)         x20:10201200  PA:10201214
14152200ns          233293 1c0084f2 004a2783 lw               x15, 4(x20)         x15=00000000 x20:10201200  PA:10201204
14152339ns          233300 1c0084f6 004a0613 addi             x12, x20, 4         x12=10201204 x20:10201200
14152359ns          233301 1c0084fa 0007dc63 bge              x15, x0, 24         x15:00000000
14153174ns          233342 1c008512 1c000537 lui              x10, 0x1c000000     x10=1c000000
14153194ns          233343 1c008516 04450513 addi             x10, x10, 68        x10=1c000044 x10:1c000000
14153214ns          233344 1c00851a f14025f3 csrrs            x11, x0, 0xf14      x11=00000004
14153652ns          233366 1c00851e f455b5b3 p.bclr           x11, x11, 26, 5     x11=00000004 x11:00000004
14153672ns          233367 1c008522 6d8000ef jal              x1, 1752             x1=1c008524
14153751ns          233371 1c008bfa fc010113 addi             x2, x2, -64          x2=10002758  x2:10002798
14153791ns          233373 1c008bfc 02410313 addi             x6, x2, 36           x6=1000277c  x2:10002758
14153851ns          233376 1c008c00 02c12423 sw               x12, 40(x2)         x12:10201204  x2:10002758  PA:10002780
14153870ns          233377 1c008c02 00a00633 add              x12, x0, x10        x12=1c000044 x10:1c000044
14153890ns          233378 1c008c04 1c009537 lui              x10, 0x1c009000     x10=1c009000
14153910ns          233379 1c008c08 02b12223 sw               x11, 36(x2)         x11:00000004  x2:10002758  PA:1000277c
14153930ns          233380 1c008c0a 02d12623 sw               x13, 44(x2)         x13:10004280  x2:10002758  PA:10002784
14153950ns          233381 1c008c0c 00200593 addi             x11, x0, 2          x11=00000002
14153970ns          233382 1c008c0e 006006b3 add              x13, x0, x6         x13=1000277c  x6:1000277c
14153990ns          233383 1c008c10 bb650513 addi             x10, x10, -1098     x10=1c008bb6 x10:1c009000
14154030ns          233385 1c008c14 00112e23 sw               x1, 28(x2)           x1:1c008524  x2:10002758  PA:10002774
14154049ns          233386 1c008c16 02e12823 sw               x14, 48(x2)         x14:00000908  x2:10002758  PA:10002788
14154069ns          233387 1c008c18 02f12a23 sw               x15, 52(x2)         x15:00000000  x2:10002758  PA:1000278c
14154089ns          233388 1c008c1a 03012c23 sw               x16, 56(x2)         x16:074103fb  x2:10002758  PA:10002790
14154109ns          233389 1c008c1c 03112e23 sw               x17, 60(x2)         x17:02f70223  x2:10002758  PA:10002794
14154129ns          233390 1c008c1e 00612623 sw               x6, 12(x2)           x6:1000277c  x2:10002758  PA:10002764
14154149ns          233391 1c008c20 fbfff0ef jal              x1, -66              x1=1c008c22
14154586ns          233413 1c008bde 04a0006f jal              x0, 74             
14154626ns          233415 1c008c28 ec010113 addi             x2, x2, -320         x2=10002618  x2:10002758
14154646ns          233416 1c008c2a 13312623 sw               x19, 300(x2)        x19:1c000dd0  x2:10002618  PA:10002744
14154706ns          233419 1c008c2e 12112e23 sw               x1, 316(x2)          x1:1c008c22  x2:10002618  PA:10002754
14154745ns          233421 1c008c32 12812c23 sw               x8, 312(x2)          x8:00000047  x2:10002618  PA:10002750
14154765ns          233422 1c008c36 12912a23 sw               x9, 308(x2)          x9:00000040  x2:10002618  PA:1000274c
14154785ns          233423 1c008c3a 13212823 sw               x18, 304(x2)        x18:00000004  x2:10002618  PA:10002748
14154845ns          233426 1c008c3e 13412423 sw               x20, 296(x2)        x20:10201200  x2:10002618  PA:10002740
14154885ns          233428 1c008c42 13512223 sw               x21, 292(x2)        x21:1c000a00  x2:10002618  PA:1000273c
14154905ns          233429 1c008c46 13612023 sw               x22, 288(x2)        x22:1c0009fc  x2:10002618  PA:10002738
14154924ns          233430 1c008c4a 11712e23 sw               x23, 284(x2)        x23:00000223  x2:10002618  PA:10002734
14154984ns          233433 1c008c4e 11812c23 sw               x24, 280(x2)        x24:00000457  x2:10002618  PA:10002730
14155024ns          233435 1c008c52 11912a23 sw               x25, 276(x2)        x25:1c0009f8  x2:10002618  PA:1000272c
14155044ns          233436 1c008c56 11a12823 sw               x26, 272(x2)        x26:09690000  x2:10002618  PA:10002728
14155064ns          233437 1c008c5a 11b12623 sw               x27, 268(x2)        x27:0958082a  x2:10002618  PA:10002724
14155084ns          233438 1c008c5e 00c009b3 add              x19, x0, x12        x19=1c000044 x12:1c000044
14155601ns          233464 1c008c60 0019c78b p.lbu            x15, 1(x19!)        x15=00000045 x19=1c000045 x19:1c000044  PA:1c000044
14156197ns          233494 1c008c64 00d12c23 sw               x13, 24(x2)         x13:1000277c  x2:10002618  PA:10002630
14156217ns          233495 1c008c66 6a0788e3 beq              x15, x0, 3760       x15:00000045
14156237ns          233496 1c008c6a 1c000737 lui              x14, 0x1c000000     x14=1c000000
14156257ns          233497 1c008c6e 0c472703 lw               x14, 196(x14)       x14=20202020 x14:1c000000  PA:1c0000c4
14156555ns          233512 1c008c72 03410d93 addi             x27, x2, 52         x27=1000264c  x2:10002618
14156575ns          233513 1c008c76 00a00cb3 add              x25, x0, x10        x25=1c008bb6 x10:1c008bb6
14156595ns          233514 1c008c78 02e12023 sw               x14, 32(x2)         x14:20202020  x2:10002618  PA:10002638
14156615ns          233515 1c008c7a 03610713 addi             x14, x2, 54         x14=1000264e  x2:10002618
14156635ns          233516 1c008c7e fff74713 xori             x14, x14, -1        x14=efffd9b1 x14:1000264e
14156655ns          233517 1c008c82 02e12223 sw               x14, 36(x2)         x14:efffd9b1  x2:10002618  PA:1000263c
14156675ns          233518 1c008c84 fffdc713 xori             x14, x27, -1        x14=efffd9b3 x27:1000264c
14156695ns          233519 1c008c88 00b004b3 add              x9, x0, x11          x9=00000002 x11:00000002
14156714ns          233520 1c008c8a 00000413 addi             x8, x0, 0            x8=00000000
14156734ns          233521 1c008c8c 1c000d37 lui              x26, 0x1c000000     x26=1c000000
14156754ns          233522 1c008c90 02e12423 sw               x14, 40(x2)         x14:efffd9b3  x2:10002618  PA:10002640
14156794ns          233524 1c008c92 01300a33 add              x20, x0, x19        x20=1c000045 x19:1c000045
14156814ns          233525 1c008c94 00f00533 add              x10, x0, x15        x10=00000045 x15:00000045
14156834ns          233526 1c008c96 02500793 addi             x15, x0, 37         x15=00000025
14156854ns          233527 1c008c9a 04f50763 beq              x10, x15, 78        x10:00000045 x15:00000025
14156874ns          233528 1c008c9e 009005b3 add              x11, x0, x9         x11=00000002  x9:00000002
14156893ns          233529 1c008ca0 000c80e7 jalr             x1, x25, 0           x1=1c008ca2 x25:1c008bb6
14156993ns          233534 1c008bb6 000026b7 lui              x13, 0x2000         x13=00002000
14157033ns          233536 1c008bb8 f8068693 addi             x13, x13, -128      x13=00001f80 x13:00002000
14157052ns          233537 1c008bbc f14027f3 csrrs            x15, x0, 0xf14      x15=00000004
14157112ns          233540 1c008bc0 00379713 slli             x14, x15, 0x3       x14=00000020 x15:00000004
14157152ns          233542 1c008bc4 00279793 slli             x15, x15, 0x2       x15=00000010 x15:00000004
14157172ns          233543 1c008bc6 00d7f7b3 and              x15, x15, x13       x15=00000000 x15:00000010 x13:00001f80
14157192ns          233544 1c008bc8 ee873733 p.bclr           x14, x14, 23, 8     x14=00000020 x14:00000020
14157212ns          233545 1c008bcc 1a10f6b7 lui              x13, 0x1a10f000     x13=1a10f000
14157251ns          233547 1c008bd0 00d70733 add              x14, x14, x13       x14=1a10f020 x14:00000020 x13:1a10f000
14157271ns          233548 1c008bd2 00e787b3 add              x15, x15, x14       x15=1a10f020 x15:00000000 x14:1a10f020
14157291ns          233549 1c008bd4 0ff57513 andi             x10, x10, 255       x10=00000045 x10:00000045
14157311ns          233550 1c008bd8 00a7a023 sw               x10, 0(x15)         x10:00000045 x15:1a10f020  PA:1a10f020
14157967ns          233583 1c008bda 00000513 addi             x10, x0, 0          x10=00000000
14157987ns          233584 1c008bdc 00008067 jalr             x0, x1, 0            x1:1c008ca2
14158047ns          233587 1c008ca2 4df52863 p.beqimm         x10, 1232           x10:00000000
14158067ns          233588 1c008ca6 00140413 addi             x8, x8, 1            x8=00000001  x8:00000000
14158087ns          233589 1c008ca8 001a450b p.lbu            x10, 1(x20!)        x10=0000006e x20=1c000046 x20:1c000045  PA:1c000045
14158405ns          233605 1c008cac fe0515e3 bne              x10, x0, -22        x10:0000006e
14158484ns          233609 1c008c96 02500793 addi             x15, x0, 37         x15=00000025
14158504ns          233610 1c008c9a 04f50763 beq              x10, x15, 78        x10:0000006e x15:00000025
14158524ns          233611 1c008c9e 009005b3 add              x11, x0, x9         x11=00000002  x9:00000002
14158544ns          233612 1c008ca0 000c80e7 jalr             x1, x25, 0           x1=1c008ca2 x25:1c008bb6
14158584ns          233614 1c008bb6 000026b7 lui              x13, 0x2000         x13=00002000
14158604ns          233615 1c008bb8 f8068693 addi             x13, x13, -128      x13=00001f80 x13:00002000
14158624ns          233616 1c008bbc f14027f3 csrrs            x15, x0, 0xf14      x15=00000004
14158644ns          233617 1c008bc0 00379713 slli             x14, x15, 0x3       x14=00000020 x15:00000004
14158663ns          233618 1c008bc4 00279793 slli             x15, x15, 0x2       x15=00000010 x15:00000004
14158683ns          233619 1c008bc6 00d7f7b3 and              x15, x15, x13       x15=00000000 x15:00000010 x13:00001f80
14158703ns          233620 1c008bc8 ee873733 p.bclr           x14, x14, 23, 8     x14=00000020 x14:00000020
14158723ns          233621 1c008bcc 1a10f6b7 lui              x13, 0x1a10f000     x13=1a10f000
14158743ns          233622 1c008bd0 00d70733 add              x14, x14, x13       x14=1a10f020 x14:00000020 x13:1a10f000
14158763ns          233623 1c008bd2 00e787b3 add              x15, x15, x14       x15=1a10f020 x15:00000000 x14:1a10f020
14158783ns          233624 1c008bd4 0ff57513 andi             x10, x10, 255       x10=0000006e x10:0000006e
14158803ns          233625 1c008bd8 00a7a023 sw               x10, 0(x15)         x10:0000006e x15:1a10f020  PA:1a10f020
14159260ns          233648 1c008bda 00000513 addi             x10, x0, 0          x10=00000000
14159280ns          233649 1c008bdc 00008067 jalr             x0, x1, 0            x1:1c008ca2
14159340ns          233652 1c008ca2 4df52863 p.beqimm         x10, 1232           x10:00000000
14159360ns          233653 1c008ca6 00140413 addi             x8, x8, 1            x8=00000002  x8:00000001
14159379ns          233654 1c008ca8 001a450b p.lbu            x10, 1(x20!)        x10=00000074 x20=1c000047 x20:1c000046  PA:1c000046
14159698ns          233670 1c008cac fe0515e3 bne              x10, x0, -22        x10:00000074
14159777ns          233674 1c008c96 02500793 addi             x15, x0, 37         x15=00000025
14159797ns          233675 1c008c9a 04f50763 beq              x10, x15, 78        x10:00000074 x15:00000025
14159817ns          233676 1c008c9e 009005b3 add              x11, x0, x9         x11=00000002  x9:00000002
14159837ns          233677 1c008ca0 000c80e7 jalr             x1, x25, 0           x1=1c008ca2 x25:1c008bb6
14159877ns          233679 1c008bb6 000026b7 lui              x13, 0x2000         x13=00002000
14159896ns          233680 1c008bb8 f8068693 addi             x13, x13, -128      x13=00001f80 x13:00002000
14159916ns          233681 1c008bbc f14027f3 csrrs            x15, x0, 0xf14      x15=00000004
14159936ns          233682 1c008bc0 00379713 slli             x14, x15, 0x3       x14=00000020 x15:00000004
14159956ns          233683 1c008bc4 00279793 slli             x15, x15, 0x2       x15=00000010 x15:00000004
14159976ns          233684 1c008bc6 00d7f7b3 and              x15, x15, x13       x15=00000000 x15:00000010 x13:00001f80
14159996ns          233685 1c008bc8 ee873733 p.bclr           x14, x14, 23, 8     x14=00000020 x14:00000020
14160016ns          233686 1c008bcc 1a10f6b7 lui              x13, 0x1a10f000     x13=1a10f000
14160036ns          233687 1c008bd0 00d70733 add              x14, x14, x13       x14=1a10f020 x14:00000020 x13:1a10f000
14160056ns          233688 1c008bd2 00e787b3 add              x15, x15, x14       x15=1a10f020 x15:00000000 x14:1a10f020
14160075ns          233689 1c008bd4 0ff57513 andi             x10, x10, 255       x10=00000074 x10:00000074
14160095ns          233690 1c008bd8 00a7a023 sw               x10, 0(x15)         x10:00000074 x15:1a10f020  PA:1a10f020
14160433ns          233707 1c008bda 00000513 addi             x10, x0, 0          x10=00000000
14160453ns          233708 1c008bdc 00008067 jalr             x0, x1, 0            x1:1c008ca2
14160513ns          233711 1c008ca2 4df52863 p.beqimm         x10, 1232           x10:00000000
14160533ns          233712 1c008ca6 00140413 addi             x8, x8, 1            x8=00000003  x8:00000002
14160553ns          233713 1c008ca8 001a450b p.lbu            x10, 1(x20!)        x10=00000065 x20=1c000048 x20:1c000047  PA:1c000047
14160871ns          233729 1c008cac fe0515e3 bne              x10, x0, -22        x10:00000065
14160951ns          233733 1c008c96 02500793 addi             x15, x0, 37         x15=00000025
14160970ns          233734 1c008c9a 04f50763 beq              x10, x15, 78        x10:00000065 x15:00000025
14160990ns          233735 1c008c9e 009005b3 add              x11, x0, x9         x11=00000002  x9:00000002
14161010ns          233736 1c008ca0 000c80e7 jalr             x1, x25, 0           x1=1c008ca2 x25:1c008bb6
14161050ns          233738 1c008bb6 000026b7 lui              x13, 0x2000         x13=00002000
14161070ns          233739 1c008bb8 f8068693 addi             x13, x13, -128      x13=00001f80 x13:00002000
14161090ns          233740 1c008bbc f14027f3 csrrs            x15, x0, 0xf14      x15=00000004
14161110ns          233741 1c008bc0 00379713 slli             x14, x15, 0x3       x14=00000020 x15:00000004
14161130ns          233742 1c008bc4 00279793 slli             x15, x15, 0x2       x15=00000010 x15:00000004
14161149ns          233743 1c008bc6 00d7f7b3 and              x15, x15, x13       x15=00000000 x15:00000010 x13:00001f80
14161169ns          233744 1c008bc8 ee873733 p.bclr           x14, x14, 23, 8     x14=00000020 x14:00000020
14161189ns          233745 1c008bcc 1a10f6b7 lui              x13, 0x1a10f000     x13=1a10f000
14161209ns          233746 1c008bd0 00d70733 add              x14, x14, x13       x14=1a10f020 x14:00000020 x13:1a10f000
14161229ns          233747 1c008bd2 00e787b3 add              x15, x15, x14       x15=1a10f020 x15:00000000 x14:1a10f020
14161249ns          233748 1c008bd4 0ff57513 andi             x10, x10, 255       x10=00000065 x10:00000065
14161269ns          233749 1c008bd8 00a7a023 sw               x10, 0(x15)         x10:00000065 x15:1a10f020  PA:1a10f020
14161607ns          233766 1c008bda 00000513 addi             x10, x0, 0          x10=00000000
14161627ns          233767 1c008bdc 00008067 jalr             x0, x1, 0            x1:1c008ca2
14161686ns          233770 1c008ca2 4df52863 p.beqimm         x10, 1232           x10:00000000
14161706ns          233771 1c008ca6 00140413 addi             x8, x8, 1            x8=00000004  x8:00000003
14161726ns          233772 1c008ca8 001a450b p.lbu            x10, 1(x20!)        x10=00000072 x20=1c000049 x20:1c000048  PA:1c000048
14162044ns          233788 1c008cac fe0515e3 bne              x10, x0, -22        x10:00000072
14162124ns          233792 1c008c96 02500793 addi             x15, x0, 37         x15=00000025
14162144ns          233793 1c008c9a 04f50763 beq              x10, x15, 78        x10:00000072 x15:00000025
14162164ns          233794 1c008c9e 009005b3 add              x11, x0, x9         x11=00000002  x9:00000002
14162184ns          233795 1c008ca0 000c80e7 jalr             x1, x25, 0           x1=1c008ca2 x25:1c008bb6
14162223ns          233797 1c008bb6 000026b7 lui              x13, 0x2000         x13=00002000
14162243ns          233798 1c008bb8 f8068693 addi             x13, x13, -128      x13=00001f80 x13:00002000
14162263ns          233799 1c008bbc f14027f3 csrrs            x15, x0, 0xf14      x15=00000004
14162283ns          233800 1c008bc0 00379713 slli             x14, x15, 0x3       x14=00000020 x15:00000004
14162303ns          233801 1c008bc4 00279793 slli             x15, x15, 0x2       x15=00000010 x15:00000004
14162323ns          233802 1c008bc6 00d7f7b3 and              x15, x15, x13       x15=00000000 x15:00000010 x13:00001f80
14162343ns          233803 1c008bc8 ee873733 p.bclr           x14, x14, 23, 8     x14=00000020 x14:00000020
14162363ns          233804 1c008bcc 1a10f6b7 lui              x13, 0x1a10f000     x13=1a10f000
14162382ns          233805 1c008bd0 00d70733 add              x14, x14, x13       x14=1a10f020 x14:00000020 x13:1a10f000
14162402ns          233806 1c008bd2 00e787b3 add              x15, x15, x14       x15=1a10f020 x15:00000000 x14:1a10f020
14162422ns          233807 1c008bd4 0ff57513 andi             x10, x10, 255       x10=00000072 x10:00000072
14162442ns          233808 1c008bd8 00a7a023 sw               x10, 0(x15)         x10:00000072 x15:1a10f020  PA:1a10f020
14162820ns          233827 1c008bda 00000513 addi             x10, x0, 0          x10=00000000
14162840ns          233828 1c008bdc 00008067 jalr             x0, x1, 0            x1:1c008ca2
14162900ns          233831 1c008ca2 4df52863 p.beqimm         x10, 1232           x10:00000000
14162919ns          233832 1c008ca6 00140413 addi             x8, x8, 1            x8=00000005  x8:00000004
14162939ns          233833 1c008ca8 001a450b p.lbu            x10, 1(x20!)        x10=00000065 x20=1c00004a x20:1c000049  PA:1c000049
14163258ns          233849 1c008cac fe0515e3 bne              x10, x0, -22        x10:00000065
14163337ns          233853 1c008c96 02500793 addi             x15, x0, 37         x15=00000025
14163357ns          233854 1c008c9a 04f50763 beq              x10, x15, 78        x10:00000065 x15:00000025
14163377ns          233855 1c008c9e 009005b3 add              x11, x0, x9         x11=00000002  x9:00000002
14163397ns          233856 1c008ca0 000c80e7 jalr             x1, x25, 0           x1=1c008ca2 x25:1c008bb6
14163437ns          233858 1c008bb6 000026b7 lui              x13, 0x2000         x13=00002000
14163456ns          233859 1c008bb8 f8068693 addi             x13, x13, -128      x13=00001f80 x13:00002000
14163476ns          233860 1c008bbc f14027f3 csrrs            x15, x0, 0xf14      x15=00000004
14163496ns          233861 1c008bc0 00379713 slli             x14, x15, 0x3       x14=00000020 x15:00000004
14163516ns          233862 1c008bc4 00279793 slli             x15, x15, 0x2       x15=00000010 x15:00000004
14163536ns          233863 1c008bc6 00d7f7b3 and              x15, x15, x13       x15=00000000 x15:00000010 x13:00001f80
14163556ns          233864 1c008bc8 ee873733 p.bclr           x14, x14, 23, 8     x14=00000020 x14:00000020
14163576ns          233865 1c008bcc 1a10f6b7 lui              x13, 0x1a10f000     x13=1a10f000
14163596ns          233866 1c008bd0 00d70733 add              x14, x14, x13       x14=1a10f020 x14:00000020 x13:1a10f000
14163616ns          233867 1c008bd2 00e787b3 add              x15, x15, x14       x15=1a10f020 x15:00000000 x14:1a10f020
14163635ns          233868 1c008bd4 0ff57513 andi             x10, x10, 255       x10=00000065 x10:00000065
14163655ns          233869 1c008bd8 00a7a023 sw               x10, 0(x15)         x10:00000065 x15:1a10f020  PA:1a10f020
14164033ns          233888 1c008bda 00000513 addi             x10, x0, 0          x10=00000000
14164053ns          233889 1c008bdc 00008067 jalr             x0, x1, 0            x1:1c008ca2
14164113ns          233892 1c008ca2 4df52863 p.beqimm         x10, 1232           x10:00000000
14164133ns          233893 1c008ca6 00140413 addi             x8, x8, 1            x8=00000006  x8:00000005
14164153ns          233894 1c008ca8 001a450b p.lbu            x10, 1(x20!)        x10=00000064 x20=1c00004b x20:1c00004a  PA:1c00004a
14164471ns          233910 1c008cac fe0515e3 bne              x10, x0, -22        x10:00000064
14164550ns          233914 1c008c96 02500793 addi             x15, x0, 37         x15=00000025
14164570ns          233915 1c008c9a 04f50763 beq              x10, x15, 78        x10:00000064 x15:00000025
14164590ns          233916 1c008c9e 009005b3 add              x11, x0, x9         x11=00000002  x9:00000002
14164610ns          233917 1c008ca0 000c80e7 jalr             x1, x25, 0           x1=1c008ca2 x25:1c008bb6
14164650ns          233919 1c008bb6 000026b7 lui              x13, 0x2000         x13=00002000
14164670ns          233920 1c008bb8 f8068693 addi             x13, x13, -128      x13=00001f80 x13:00002000
14164689ns          233921 1c008bbc f14027f3 csrrs            x15, x0, 0xf14      x15=00000004
14164709ns          233922 1c008bc0 00379713 slli             x14, x15, 0x3       x14=00000020 x15:00000004
14164729ns          233923 1c008bc4 00279793 slli             x15, x15, 0x2       x15=00000010 x15:00000004
14164749ns          233924 1c008bc6 00d7f7b3 and              x15, x15, x13       x15=00000000 x15:00000010 x13:00001f80
14164769ns          233925 1c008bc8 ee873733 p.bclr           x14, x14, 23, 8     x14=00000020 x14:00000020
14164789ns          233926 1c008bcc 1a10f6b7 lui              x13, 0x1a10f000     x13=1a10f000
14164809ns          233927 1c008bd0 00d70733 add              x14, x14, x13       x14=1a10f020 x14:00000020 x13:1a10f000
14164829ns          233928 1c008bd2 00e787b3 add              x15, x15, x14       x15=1a10f020 x15:00000000 x14:1a10f020
14164849ns          233929 1c008bd4 0ff57513 andi             x10, x10, 255       x10=00000064 x10:00000064
14164868ns          233930 1c008bd8 00a7a023 sw               x10, 0(x15)         x10:00000064 x15:1a10f020  PA:1a10f020
14165226ns          233948 1c008bda 00000513 addi             x10, x0, 0          x10=00000000
14165246ns          233949 1c008bdc 00008067 jalr             x0, x1, 0            x1:1c008ca2
14165306ns          233952 1c008ca2 4df52863 p.beqimm         x10, 1232           x10:00000000
14165326ns          233953 1c008ca6 00140413 addi             x8, x8, 1            x8=00000007  x8:00000006
14165346ns          233954 1c008ca8 001a450b p.lbu            x10, 1(x20!)        x10=00000020 x20=1c00004c x20:1c00004b  PA:1c00004b
14165664ns          233970 1c008cac fe0515e3 bne              x10, x0, -22        x10:00000020
14165744ns          233974 1c008c96 02500793 addi             x15, x0, 37         x15=00000025
14165763ns          233975 1c008c9a 04f50763 beq              x10, x15, 78        x10:00000020 x15:00000025
14165783ns          233976 1c008c9e 009005b3 add              x11, x0, x9         x11=00000002  x9:00000002
14165803ns          233977 1c008ca0 000c80e7 jalr             x1, x25, 0           x1=1c008ca2 x25:1c008bb6
14165843ns          233979 1c008bb6 000026b7 lui              x13, 0x2000         x13=00002000
14165863ns          233980 1c008bb8 f8068693 addi             x13, x13, -128      x13=00001f80 x13:00002000
14165883ns          233981 1c008bbc f14027f3 csrrs            x15, x0, 0xf14      x15=00000004
14165903ns          233982 1c008bc0 00379713 slli             x14, x15, 0x3       x14=00000020 x15:00000004
14165923ns          233983 1c008bc4 00279793 slli             x15, x15, 0x2       x15=00000010 x15:00000004
14165942ns          233984 1c008bc6 00d7f7b3 and              x15, x15, x13       x15=00000000 x15:00000010 x13:00001f80
14165962ns          233985 1c008bc8 ee873733 p.bclr           x14, x14, 23, 8     x14=00000020 x14:00000020
14165982ns          233986 1c008bcc 1a10f6b7 lui              x13, 0x1a10f000     x13=1a10f000
14166002ns          233987 1c008bd0 00d70733 add              x14, x14, x13       x14=1a10f020 x14:00000020 x13:1a10f000
14166022ns          233988 1c008bd2 00e787b3 add              x15, x15, x14       x15=1a10f020 x15:00000000 x14:1a10f020
14166042ns          233989 1c008bd4 0ff57513 andi             x10, x10, 255       x10=00000020 x10:00000020
14166062ns          233990 1c008bd8 00a7a023 sw               x10, 0(x15)         x10:00000020 x15:1a10f020  PA:1a10f020
14166400ns          234007 1c008bda 00000513 addi             x10, x0, 0          x10=00000000
14166420ns          234008 1c008bdc 00008067 jalr             x0, x1, 0            x1:1c008ca2
14166479ns          234011 1c008ca2 4df52863 p.beqimm         x10, 1232           x10:00000000
14166499ns          234012 1c008ca6 00140413 addi             x8, x8, 1            x8=00000008  x8:00000007
14166519ns          234013 1c008ca8 001a450b p.lbu            x10, 1(x20!)        x10=00000063 x20=1c00004d x20:1c00004c  PA:1c00004c
14166877ns          234031 1c008cac fe0515e3 bne              x10, x0, -22        x10:00000063
14166957ns          234035 1c008c96 02500793 addi             x15, x0, 37         x15=00000025
14166977ns          234036 1c008c9a 04f50763 beq              x10, x15, 78        x10:00000063 x15:00000025
14166996ns          234037 1c008c9e 009005b3 add              x11, x0, x9         x11=00000002  x9:00000002
14167016ns          234038 1c008ca0 000c80e7 jalr             x1, x25, 0           x1=1c008ca2 x25:1c008bb6
14167056ns          234040 1c008bb6 000026b7 lui              x13, 0x2000         x13=00002000
14167076ns          234041 1c008bb8 f8068693 addi             x13, x13, -128      x13=00001f80 x13:00002000
14167096ns          234042 1c008bbc f14027f3 csrrs            x15, x0, 0xf14      x15=00000004
14167116ns          234043 1c008bc0 00379713 slli             x14, x15, 0x3       x14=00000020 x15:00000004
14167136ns          234044 1c008bc4 00279793 slli             x15, x15, 0x2       x15=00000010 x15:00000004
14167156ns          234045 1c008bc6 00d7f7b3 and              x15, x15, x13       x15=00000000 x15:00000010 x13:00001f80
14167175ns          234046 1c008bc8 ee873733 p.bclr           x14, x14, 23, 8     x14=00000020 x14:00000020
14167195ns          234047 1c008bcc 1a10f6b7 lui              x13, 0x1a10f000     x13=1a10f000
14167215ns          234048 1c008bd0 00d70733 add              x14, x14, x13       x14=1a10f020 x14:00000020 x13:1a10f000
14167235ns          234049 1c008bd2 00e787b3 add              x15, x15, x14       x15=1a10f020 x15:00000000 x14:1a10f020
14167255ns          234050 1c008bd4 0ff57513 andi             x10, x10, 255       x10=00000063 x10:00000063
14167275ns          234051 1c008bd8 00a7a023 sw               x10, 0(x15)         x10:00000063 x15:1a10f020  PA:1a10f020
14167593ns          234067 1c008bda 00000513 addi             x10, x0, 0          x10=00000000
14167613ns          234068 1c008bdc 00008067 jalr             x0, x1, 0            x1:1c008ca2
14167673ns          234071 1c008ca2 4df52863 p.beqimm         x10, 1232           x10:00000000
14167693ns          234072 1c008ca6 00140413 addi             x8, x8, 1            x8=00000009  x8:00000008
14167712ns          234073 1c008ca8 001a450b p.lbu            x10, 1(x20!)        x10=0000006f x20=1c00004e x20:1c00004d  PA:1c00004d
14168031ns          234089 1c008cac fe0515e3 bne              x10, x0, -22        x10:0000006f
14168110ns          234093 1c008c96 02500793 addi             x15, x0, 37         x15=00000025
14168130ns          234094 1c008c9a 04f50763 beq              x10, x15, 78        x10:0000006f x15:00000025
14168150ns          234095 1c008c9e 009005b3 add              x11, x0, x9         x11=00000002  x9:00000002
14168170ns          234096 1c008ca0 000c80e7 jalr             x1, x25, 0           x1=1c008ca2 x25:1c008bb6
14168210ns          234098 1c008bb6 000026b7 lui              x13, 0x2000         x13=00002000
14168230ns          234099 1c008bb8 f8068693 addi             x13, x13, -128      x13=00001f80 x13:00002000
14168249ns          234100 1c008bbc f14027f3 csrrs            x15, x0, 0xf14      x15=00000004
14168269ns          234101 1c008bc0 00379713 slli             x14, x15, 0x3       x14=00000020 x15:00000004
14168289ns          234102 1c008bc4 00279793 slli             x15, x15, 0x2       x15=00000010 x15:00000004
14168309ns          234103 1c008bc6 00d7f7b3 and              x15, x15, x13       x15=00000000 x15:00000010 x13:00001f80
14168329ns          234104 1c008bc8 ee873733 p.bclr           x14, x14, 23, 8     x14=00000020 x14:00000020
14168349ns          234105 1c008bcc 1a10f6b7 lui              x13, 0x1a10f000     x13=1a10f000
14168369ns          234106 1c008bd0 00d70733 add              x14, x14, x13       x14=1a10f020 x14:00000020 x13:1a10f000
14168389ns          234107 1c008bd2 00e787b3 add              x15, x15, x14       x15=1a10f020 x15:00000000 x14:1a10f020
14168409ns          234108 1c008bd4 0ff57513 andi             x10, x10, 255       x10=0000006f x10:0000006f
14168428ns          234109 1c008bd8 00a7a023 sw               x10, 0(x15)         x10:0000006f x15:1a10f020  PA:1a10f020
14168747ns          234125 1c008bda 00000513 addi             x10, x0, 0          x10=00000000
14168767ns          234126 1c008bdc 00008067 jalr             x0, x1, 0            x1:1c008ca2
14168826ns          234129 1c008ca2 4df52863 p.beqimm         x10, 1232           x10:00000000
14168846ns          234130 1c008ca6 00140413 addi             x8, x8, 1            x8=0000000a  x8:00000009
14168866ns          234131 1c008ca8 001a450b p.lbu            x10, 1(x20!)        x10=00000072 x20=1c00004f x20:1c00004e  PA:1c00004e
14169204ns          234148 1c008cac fe0515e3 bne              x10, x0, -22        x10:00000072
14169284ns          234152 1c008c96 02500793 addi             x15, x0, 37         x15=00000025
14169304ns          234153 1c008c9a 04f50763 beq              x10, x15, 78        x10:00000072 x15:00000025
14169323ns          234154 1c008c9e 009005b3 add              x11, x0, x9         x11=00000002  x9:00000002
14169343ns          234155 1c008ca0 000c80e7 jalr             x1, x25, 0           x1=1c008ca2 x25:1c008bb6
14169383ns          234157 1c008bb6 000026b7 lui              x13, 0x2000         x13=00002000
14169403ns          234158 1c008bb8 f8068693 addi             x13, x13, -128      x13=00001f80 x13:00002000
14169423ns          234159 1c008bbc f14027f3 csrrs            x15, x0, 0xf14      x15=00000004
14169443ns          234160 1c008bc0 00379713 slli             x14, x15, 0x3       x14=00000020 x15:00000004
14169463ns          234161 1c008bc4 00279793 slli             x15, x15, 0x2       x15=00000010 x15:00000004
14169482ns          234162 1c008bc6 00d7f7b3 and              x15, x15, x13       x15=00000000 x15:00000010 x13:00001f80
14169502ns          234163 1c008bc8 ee873733 p.bclr           x14, x14, 23, 8     x14=00000020 x14:00000020
14169522ns          234164 1c008bcc 1a10f6b7 lui              x13, 0x1a10f000     x13=1a10f000
14169542ns          234165 1c008bd0 00d70733 add              x14, x14, x13       x14=1a10f020 x14:00000020 x13:1a10f000
14169562ns          234166 1c008bd2 00e787b3 add              x15, x15, x14       x15=1a10f020 x15:00000000 x14:1a10f020
14169582ns          234167 1c008bd4 0ff57513 andi             x10, x10, 255       x10=00000072 x10:00000072
14169602ns          234168 1c008bd8 00a7a023 sw               x10, 0(x15)         x10:00000072 x15:1a10f020  PA:1a10f020
14169940ns          234185 1c008bda 00000513 addi             x10, x0, 0          x10=00000000
14169960ns          234186 1c008bdc 00008067 jalr             x0, x1, 0            x1:1c008ca2
14170019ns          234189 1c008ca2 4df52863 p.beqimm         x10, 1232           x10:00000000
14170039ns          234190 1c008ca6 00140413 addi             x8, x8, 1            x8=0000000b  x8:0000000a
14170059ns          234191 1c008ca8 001a450b p.lbu            x10, 1(x20!)        x10=00000065 x20=1c000050 x20:1c00004f  PA:1c00004f
14170377ns          234207 1c008cac fe0515e3 bne              x10, x0, -22        x10:00000065
14170457ns          234211 1c008c96 02500793 addi             x15, x0, 37         x15=00000025
14170477ns          234212 1c008c9a 04f50763 beq              x10, x15, 78        x10:00000065 x15:00000025
14170497ns          234213 1c008c9e 009005b3 add              x11, x0, x9         x11=00000002  x9:00000002
14170517ns          234214 1c008ca0 000c80e7 jalr             x1, x25, 0           x1=1c008ca2 x25:1c008bb6
14170556ns          234216 1c008bb6 000026b7 lui              x13, 0x2000         x13=00002000
14170576ns          234217 1c008bb8 f8068693 addi             x13, x13, -128      x13=00001f80 x13:00002000
14170596ns          234218 1c008bbc f14027f3 csrrs            x15, x0, 0xf14      x15=00000004
14170616ns          234219 1c008bc0 00379713 slli             x14, x15, 0x3       x14=00000020 x15:00000004
14170636ns          234220 1c008bc4 00279793 slli             x15, x15, 0x2       x15=00000010 x15:00000004
14170656ns          234221 1c008bc6 00d7f7b3 and              x15, x15, x13       x15=00000000 x15:00000010 x13:00001f80
14170676ns          234222 1c008bc8 ee873733 p.bclr           x14, x14, 23, 8     x14=00000020 x14:00000020
14170696ns          234223 1c008bcc 1a10f6b7 lui              x13, 0x1a10f000     x13=1a10f000
14170716ns          234224 1c008bd0 00d70733 add              x14, x14, x13       x14=1a10f020 x14:00000020 x13:1a10f000
14170735ns          234225 1c008bd2 00e787b3 add              x15, x15, x14       x15=1a10f020 x15:00000000 x14:1a10f020
14170755ns          234226 1c008bd4 0ff57513 andi             x10, x10, 255       x10=00000065 x10:00000065
14170775ns          234227 1c008bd8 00a7a023 sw               x10, 0(x15)         x10:00000065 x15:1a10f020  PA:1a10f020
14171113ns          234244 1c008bda 00000513 addi             x10, x0, 0          x10=00000000
14171133ns          234245 1c008bdc 00008067 jalr             x0, x1, 0            x1:1c008ca2
14171193ns          234248 1c008ca2 4df52863 p.beqimm         x10, 1232           x10:00000000
14171213ns          234249 1c008ca6 00140413 addi             x8, x8, 1            x8=0000000c  x8:0000000b
14171233ns          234250 1c008ca8 001a450b p.lbu            x10, 1(x20!)        x10=00000020 x20=1c000051 x20:1c000050  PA:1c000050
14171571ns          234267 1c008cac fe0515e3 bne              x10, x0, -22        x10:00000020
14171650ns          234271 1c008c96 02500793 addi             x15, x0, 37         x15=00000025
14171670ns          234272 1c008c9a 04f50763 beq              x10, x15, 78        x10:00000020 x15:00000025
14171690ns          234273 1c008c9e 009005b3 add              x11, x0, x9         x11=00000002  x9:00000002
14171710ns          234274 1c008ca0 000c80e7 jalr             x1, x25, 0           x1=1c008ca2 x25:1c008bb6
14171750ns          234276 1c008bb6 000026b7 lui              x13, 0x2000         x13=00002000
14171770ns          234277 1c008bb8 f8068693 addi             x13, x13, -128      x13=00001f80 x13:00002000
14171790ns          234278 1c008bbc f14027f3 csrrs            x15, x0, 0xf14      x15=00000004
14171809ns          234279 1c008bc0 00379713 slli             x14, x15, 0x3       x14=00000020 x15:00000004
14171829ns          234280 1c008bc4 00279793 slli             x15, x15, 0x2       x15=00000010 x15:00000004
14171849ns          234281 1c008bc6 00d7f7b3 and              x15, x15, x13       x15=00000000 x15:00000010 x13:00001f80
14171869ns          234282 1c008bc8 ee873733 p.bclr           x14, x14, 23, 8     x14=00000020 x14:00000020
14171889ns          234283 1c008bcc 1a10f6b7 lui              x13, 0x1a10f000     x13=1a10f000
14171909ns          234284 1c008bd0 00d70733 add              x14, x14, x13       x14=1a10f020 x14:00000020 x13:1a10f000
14171929ns          234285 1c008bd2 00e787b3 add              x15, x15, x14       x15=1a10f020 x15:00000000 x14:1a10f020
14171949ns          234286 1c008bd4 0ff57513 andi             x10, x10, 255       x10=00000020 x10:00000020
14171968ns          234287 1c008bd8 00a7a023 sw               x10, 0(x15)         x10:00000020 x15:1a10f020  PA:1a10f020
14172307ns          234304 1c008bda 00000513 addi             x10, x0, 0          x10=00000000
14172326ns          234305 1c008bdc 00008067 jalr             x0, x1, 0            x1:1c008ca2
14172386ns          234308 1c008ca2 4df52863 p.beqimm         x10, 1232           x10:00000000
14172406ns          234309 1c008ca6 00140413 addi             x8, x8, 1            x8=0000000d  x8:0000000c
14172426ns          234310 1c008ca8 001a450b p.lbu            x10, 1(x20!)        x10=00000020 x20=1c000052 x20:1c000051  PA:1c000051
14172744ns          234326 1c008cac fe0515e3 bne              x10, x0, -22        x10:00000020
14172824ns          234330 1c008c96 02500793 addi             x15, x0, 37         x15=00000025
14172844ns          234331 1c008c9a 04f50763 beq              x10, x15, 78        x10:00000020 x15:00000025
14172863ns          234332 1c008c9e 009005b3 add              x11, x0, x9         x11=00000002  x9:00000002
14172883ns          234333 1c008ca0 000c80e7 jalr             x1, x25, 0           x1=1c008ca2 x25:1c008bb6
14172923ns          234335 1c008bb6 000026b7 lui              x13, 0x2000         x13=00002000
14172943ns          234336 1c008bb8 f8068693 addi             x13, x13, -128      x13=00001f80 x13:00002000
14172963ns          234337 1c008bbc f14027f3 csrrs            x15, x0, 0xf14      x15=00000004
14172983ns          234338 1c008bc0 00379713 slli             x14, x15, 0x3       x14=00000020 x15:00000004
14173003ns          234339 1c008bc4 00279793 slli             x15, x15, 0x2       x15=00000010 x15:00000004
14173023ns          234340 1c008bc6 00d7f7b3 and              x15, x15, x13       x15=00000000 x15:00000010 x13:00001f80
14173042ns          234341 1c008bc8 ee873733 p.bclr           x14, x14, 23, 8     x14=00000020 x14:00000020
14173062ns          234342 1c008bcc 1a10f6b7 lui              x13, 0x1a10f000     x13=1a10f000
14173082ns          234343 1c008bd0 00d70733 add              x14, x14, x13       x14=1a10f020 x14:00000020 x13:1a10f000
14173102ns          234344 1c008bd2 00e787b3 add              x15, x15, x14       x15=1a10f020 x15:00000000 x14:1a10f020
14173122ns          234345 1c008bd4 0ff57513 andi             x10, x10, 255       x10=00000020 x10:00000020
14173142ns          234346 1c008bd8 00a7a023 sw               x10, 0(x15)         x10:00000020 x15:1a10f020  PA:1a10f020
14173480ns          234363 1c008bda 00000513 addi             x10, x0, 0          x10=00000000
14173500ns          234364 1c008bdc 00008067 jalr             x0, x1, 0            x1:1c008ca2
14173560ns          234367 1c008ca2 4df52863 p.beqimm         x10, 1232           x10:00000000
14173579ns          234368 1c008ca6 00140413 addi             x8, x8, 1            x8=0000000e  x8:0000000d
14173599ns          234369 1c008ca8 001a450b p.lbu            x10, 1(x20!)        x10=00000025 x20=1c000053 x20:1c000052  PA:1c000052
14173918ns          234385 1c008cac fe0515e3 bne              x10, x0, -22        x10:00000025
14173997ns          234389 1c008c96 02500793 addi             x15, x0, 37         x15=00000025
14174017ns          234390 1c008c9a 04f50763 beq              x10, x15, 78        x10:00000025 x15:00000025
14174116ns          234395 1c008ce8 01400c33 add              x24, x0, x20        x24=1c000053 x20:1c000053
14174156ns          234397 1c008cea 000c4a03 lbu              x20, 0(x24)         x20=00000064 x24:1c000053  PA:1c000053
14174494ns          234414 1c008cee 0b4d0513 addi             x10, x26, 180       x10=1c0000b4 x26:1c000000
14174514ns          234415 1c008cf2 00912e23 sw               x9, 28(x2)           x9:00000002  x2:10002618  PA:10002634
14174534ns          234416 1c008cf4 014005b3 add              x11, x0, x20        x11=00000064 x20:00000064
14174554ns          234417 1c008cf6 00012823 sw               x0, 16(x2)           x2:10002618  PA:10002628
14174574ns          234418 1c008cf8 00012a23 sw               x0, 20(x2)           x2:10002618  PA:1000262c
14174594ns          234419 1c008cfa 00012623 sw               x0, 12(x2)           x2:10002618  PA:10002624
14174614ns          234420 1c008cfc 001c0493 addi             x9, x24, 1           x9=1c000054 x24:1c000053
14174633ns          234421 1c008d00 e41ff0ef jal              x1, -448             x1=1c008d02
14174713ns          234425 1c008b40 00054703 lbu              x14, 0(x10)         x14=0000002d x10:1c0000b4  PA:1c0000b4
14175031ns          234441 1c008b44 0ff5f593 andi             x11, x11, 255       x11=00000064 x11:00000064
14175051ns          234442 1c008b48 00a007b3 add              x15, x0, x10        x15=1c0000b4 x10:1c0000b4
14175071ns          234443 1c008b4a 00b70863 beq              x14, x11, 16        x14:0000002d x11:00000064
14175091ns          234444 1c008b4e 00070863 beq              x14, x0, 16         x14:0000002d
14175111ns          234445 1c008b50 0017c703 lbu              x14, 1(x15)         x14=0000002b x15:1c0000b4  PA:1c0000b5
14175409ns          234460 1c008b54 00178793 addi             x15, x15, 1         x15=1c0000b5 x15:1c0000b4
14175429ns          234461 1c008b56 feb71ce3 bne              x14, x11, -8        x14:0000002b x11:00000064
14175489ns          234464 1c008b4e 00070863 beq              x14, x0, 16         x14:0000002b
14175509ns          234465 1c008b50 0017c703 lbu              x14, 1(x15)         x14=00000020 x15:1c0000b5  PA:1c0000b6
14175827ns          234481 1c008b54 00178793 addi             x15, x15, 1         x15=1c0000b6 x15:1c0000b5
14175847ns          234482 1c008b56 feb71ce3 bne              x14, x11, -8        x14:00000020 x11:00000064
14175906ns          234485 1c008b4e 00070863 beq              x14, x0, 16         x14:00000020
14175926ns          234486 1c008b50 0017c703 lbu              x14, 1(x15)         x14=00000023 x15:1c0000b6  PA:1c0000b7
14176225ns          234501 1c008b54 00178793 addi             x15, x15, 1         x15=1c0000b7 x15:1c0000b6
14176244ns          234502 1c008b56 feb71ce3 bne              x14, x11, -8        x14:00000023 x11:00000064
14176304ns          234505 1c008b4e 00070863 beq              x14, x0, 16         x14:00000023
14176324ns          234506 1c008b50 0017c703 lbu              x14, 1(x15)         x14=00000030 x15:1c0000b7  PA:1c0000b8
14176622ns          234521 1c008b54 00178793 addi             x15, x15, 1         x15=1c0000b8 x15:1c0000b7
14176642ns          234522 1c008b56 feb71ce3 bne              x14, x11, -8        x14:00000030 x11:00000064
14176702ns          234525 1c008b4e 00070863 beq              x14, x0, 16         x14:00000030
14176722ns          234526 1c008b50 0017c703 lbu              x14, 1(x15)         x14=00000000 x15:1c0000b8  PA:1c0000b9
14177020ns          234541 1c008b54 00178793 addi             x15, x15, 1         x15=1c0000b9 x15:1c0000b8
14177040ns          234542 1c008b56 feb71ce3 bne              x14, x11, -8        x14:00000000 x11:00000064
14177100ns          234545 1c008b4e 00070863 beq              x14, x0, 16         x14:00000000
14177159ns          234548 1c008b5e 00000513 addi             x10, x0, 0          x10=00000000
14177179ns          234549 1c008b60 fe058de3 beq              x11, x0, -6         x11:00000064
14177199ns          234550 1c008b62 00008067 jalr             x0, x1, 0            x1:1c008d02
14177259ns          234553 1c008d02 02000913 addi             x18, x0, 32         x18=00000020
14177279ns          234554 1c008d06 00000993 addi             x19, x0, 0          x19=00000000
14177298ns          234555 1c008d08 02b00a93 addi             x21, x0, 43         x21=0000002b
14177318ns          234556 1c008d0c 02d00b93 addi             x23, x0, 45         x23=0000002d
14177358ns          234558 1c008d10 03000b13 addi             x22, x0, 48         x22=00000030
14177398ns          234560 1c008d14 00900633 add              x12, x0, x9         x12=1c000054  x9:1c000054
14177418ns          234561 1c008d16 02050963 beq              x10, x0, 50         x10:00000000
14177577ns          234569 1c008d48 03312623 sw               x19, 44(x2)         x19:00000000  x2:10002618  PA:10002644
14177617ns          234571 1c008d4a 02a00693 addi             x13, x0, 42         x13=0000002a
14177637ns          234572 1c008d4e 014009b3 add              x19, x0, x20        x19=00000064 x20:00000064
14177676ns          234574 1c008d50 01800a33 add              x20, x0, x24        x20=1c000053 x24:1c000053
14177696ns          234575 1c008d52 00900c33 add              x24, x0, x9         x24=1c000054  x9:1c000054
14177716ns          234576 1c008d54 01c12483 lw               x9, 28(x2)           x9=00000002  x2:10002618  PA:10002634
14177736ns          234577 1c008d56 42d98063 beq              x19, x13, 1056      x19:00000064 x13:0000002a
14177756ns          234578 1c008d5a fd098693 addi             x13, x19, -48       x13=00000034 x19:00000064
14177776ns          234579 1c008d5e 00900513 addi             x10, x0, 9          x10=00000009
14177816ns          234581 1c008d60 00000a93 addi             x21, x0, 0          x21=00000000
14177855ns          234583 1c008d62 3cd57f63 bgeu             x10, x13, 990       x10:00000009 x13:00000034
14177875ns          234584 1c008d66 02e00793 addi             x15, x0, 46         x15=0000002e
14177895ns          234585 1c008d6a fff00b13 addi             x22, x0, -1         x22=ffffffff
14177915ns          234586 1c008d6c 04f981e3 beq              x19, x15, 2114      x19:00000064 x15:0000002e
14177955ns          234588 1c008d70 1c0007b7 lui              x15, 0x1c000000     x15=1c000000
14177995ns          234590 1c008d74 013005b3 add              x11, x0, x19        x11=00000064 x19:00000064
14178014ns          234591 1c008d76 0bc78513 addi             x10, x15, 188       x10=1c0000bc x15:1c000000
14178034ns          234592 1c008d7a 00c12e23 sw               x12, 28(x2)         x12:1c000054  x2:10002618  PA:10002634
14178054ns          234593 1c008d7c dc5ff0ef jal              x1, -572             x1=1c008d7e
14178174ns          234599 1c008b40 00054703 lbu              x14, 0(x10)         x14=00000068 x10:1c0000bc  PA:1c0000bc
14178532ns          234617 1c008b44 0ff5f593 andi             x11, x11, 255       x11=00000064 x11:00000064
14178551ns          234618 1c008b48 00a007b3 add              x15, x0, x10        x15=1c0000bc x10:1c0000bc
14178571ns          234619 1c008b4a 00b70863 beq              x14, x11, 16        x14:00000068 x11:00000064
14178591ns          234620 1c008b4e 00070863 beq              x14, x0, 16         x14:00000068
14178611ns          234621 1c008b50 0017c703 lbu              x14, 1(x15)         x14=0000006c x15:1c0000bc  PA:1c0000bd
14178909ns          234636 1c008b54 00178793 addi             x15, x15, 1         x15=1c0000bd x15:1c0000bc
14178929ns          234637 1c008b56 feb71ce3 bne              x14, x11, -8        x14:0000006c x11:00000064
14178989ns          234640 1c008b4e 00070863 beq              x14, x0, 16         x14:0000006c
14179009ns          234641 1c008b50 0017c703 lbu              x14, 1(x15)         x14=0000004c x15:1c0000bd  PA:1c0000be
14179307ns          234656 1c008b54 00178793 addi             x15, x15, 1         x15=1c0000be x15:1c0000bd
14179327ns          234657 1c008b56 feb71ce3 bne              x14, x11, -8        x14:0000004c x11:00000064
14179387ns          234660 1c008b4e 00070863 beq              x14, x0, 16         x14:0000004c
14179407ns          234661 1c008b50 0017c703 lbu              x14, 1(x15)         x14=0000007a x15:1c0000be  PA:1c0000bf
14179725ns          234677 1c008b54 00178793 addi             x15, x15, 1         x15=1c0000bf x15:1c0000be
14179745ns          234678 1c008b56 feb71ce3 bne              x14, x11, -8        x14:0000007a x11:00000064
14179804ns          234681 1c008b4e 00070863 beq              x14, x0, 16         x14:0000007a
14179824ns          234682 1c008b50 0017c703 lbu              x14, 1(x15)         x14=00000000 x15:1c0000bf  PA:1c0000c0
14180123ns          234697 1c008b54 00178793 addi             x15, x15, 1         x15=1c0000c0 x15:1c0000bf
14180142ns          234698 1c008b56 feb71ce3 bne              x14, x11, -8        x14:00000000 x11:00000064
14180202ns          234701 1c008b4e 00070863 beq              x14, x0, 16         x14:00000000
14180262ns          234704 1c008b5e 00000513 addi             x10, x0, 0          x10=00000000
14180282ns          234705 1c008b60 fe058de3 beq              x11, x0, -6         x11:00000064
14180302ns          234706 1c008b62 00008067 jalr             x0, x1, 0            x1:1c008d7e
14180341ns          234708 1c008d7e 01c12603 lw               x12, 28(x2)         x12=1c000054  x2:10002618  PA:10002634
14180381ns          234710 1c008d80 00c00a33 add              x20, x0, x12        x20=1c000054 x12:1c000054
14180401ns          234711 1c008d82 00050563 beq              x10, x0, 10         x10:00000000
14180520ns          234717 1c008d8c 06900793 addi             x15, x0, 105        x15=00000069
14180540ns          234718 1c008d90 1cf98be3 beq              x19, x15, 2518      x19:00000064 x15:00000069
14180560ns          234719 1c008d94 4b37ce63 blt              x15, x19, 1212      x15:00000069 x19:00000064
14180580ns          234720 1c008d98 05800793 addi             x15, x0, 88         x15=00000058
14180600ns          234721 1c008d9c 4cf98863 beq              x19, x15, 1232      x19:00000064 x15:00000058
14180660ns          234724 1c008da0 3f37cd63 blt              x15, x19, 1018      x15:00000058 x19:00000064
14180799ns          234731 1c00919a 06400793 addi             x15, x0, 100        x15=00000064
14180858ns          234734 1c00919e 5cf98463 beq              x19, x15, 1480      x19:00000064 x15:00000064
14180958ns          234739 1c009766 01812b83 lw               x23, 24(x2)         x23=1000277c  x2:10002618  PA:10002630
14180998ns          234741 1c009768 004ba60b p.lw             x12, 4(x23!)        x12=00000004 x23=10002780 x23:1000277c  PA:1000277c
14181037ns          234743 1c00976c 48064963 blt              x12, x0, 1170       x12:00000004
14181077ns          234745 1c009770 01412783 lw               x15, 20(x2)         x15=00000000  x2:10002618  PA:1000262c
14181097ns          234746 1c009772 00c00733 add              x14, x0, x12        x14=00000004 x12:00000004
14181117ns          234747 1c009774 56078863 beq              x15, x0, 1392       x15:00000000
14181216ns          234752 1c009ce4 01012783 lw               x15, 16(x2)         x15=00000000  x2:10002618  PA:10002628
14181236ns          234753 1c009ce6 01b00533 add              x10, x0, x27        x10=1000264c x27:1000264c
14181256ns          234754 1c009ce8 a8078ee3 beq              x15, x0, -1380      x15:00000000
14181813ns          234782 1c009784 00a007b3 add              x15, x0, x10        x15=1000264c x10:1000264c
14181833ns          234783 1c009786 00a00593 addi             x11, x0, 10         x11=0000000a
14181853ns          234784 1c009788 00900313 addi             x6, x0, 9            x6=00000009
14181873ns          234785 1c00978a 02b776b3 remu             x13, x14, x11       x13=00000004 x14:00000004 x11:0000000a
14182489ns          234816 1c00978e 00e00833 add              x16, x0, x14        x16=00000004 x14:00000004
14182509ns          234817 1c009790 00f008b3 add              x17, x0, x15        x17=1000264c x15:1000264c
14182529ns          234818 1c009792 03068693 addi             x13, x13, 48        x13=00000034 x13:00000004
14182549ns          234819 1c009796 00d780ab p.sb             x13, 1(x15!)        x15=1000264d x13:00000034 x15:1000264c  PA:1000264c
14182569ns          234820 1c00979a 02b75733 divu             x14, x14, x11       x14=00000000 x14:00000004 x11:0000000a
14183205ns          234852 1c00979e ff0366e3 bltu             x6, x16, -20         x6:00000009 x16:00000004
14183225ns          234853 1c0097a2 40a78733 sub              x14, x15, x10       x14=00000001 x15:1000264d x10:1000264c
14183245ns          234854 1c0097a6 01675c63 bge              x14, x22, 24        x14:00000001 x22:ffffffff
14184180ns          234901 1c0097be 00078023 sb               x0, 0(x15)          x15:1000264d  PA:1000264d
14184220ns          234903 1c0097c2 0b157563 bgeu             x10, x17, 170       x10:1000264c x17:1000264c
14184319ns          234908 1c00986c 01412703 lw               x14, 20(x2)         x14=00000000  x2:10002618  PA:1000262c
14184339ns          234909 1c00986e 01012683 lw               x13, 16(x2)         x13=00000000  x2:10002618  PA:10002628
14184737ns          234929 1c009870 41b787b3 sub              x15, x15, x27       x15=00000001 x15:1000264d x27:1000264c
14184776ns          234931 1c009874 00d76733 or               x14, x14, x13       x14=00000000 x14:00000000 x13:00000000
14184796ns          234932 1c009876 02e12623 sw               x14, 44(x2)         x14:00000000  x2:10002618  PA:10002644
14184836ns          234934 1c009878 b0071be3 bne              x14, x0, -1258      x14:00000000
14184856ns          234935 1c00987c 01f65713 srli             x14, x12, 0x1f      x14=00000000 x12:00000004
14184876ns          234936 1c009880 02e12623 sw               x14, 44(x2)         x14:00000000  x2:10002618  PA:10002644
14184975ns          234941 1c009882 b0dff06f jal              x0, -1268          
14185393ns          234962 1c00938e ebfb2be3 p.beqimm         x22, -330           x22:ffffffff
14185870ns          234986 1c009244 0c800713 addi             x14, x0, 200        x14=000000c8
14185910ns          234988 1c009248 14f75b63 bge              x14, x15, 342       x14:000000c8 x15:00000001
14186089ns          234997 1c00939e 00178613 addi             x12, x15, 1         x12=00000002 x15:00000001
14186129ns          234999 1c0093a2 0557c863 blt              x15, x21, 80        x15:00000001 x21:00000000
14186149ns          235000 1c0093a6 01712c23 sw               x23, 24(x2)         x23:10002780  x2:10002618  PA:10002630
14186169ns          235001 1c0093a8 00f00ab3 add              x21, x0, x15        x21=00000001 x15:00000001
14186188ns          235002 1c0093aa 8e0a8fe3 beq              x21, x0, -1794      x21:00000001
14186208ns          235003 1c0093ae 01b00933 add              x18, x0, x27        x18=1000264c x27:1000264c
14186228ns          235004 1c0093b0 41b409b3 sub              x19, x8, x27        x19=efffd9c2  x8:0000000e x27:1000264c
14186268ns          235006 1c0093b4 01ba8ab3 add              x21, x21, x27       x21=1000264d x21:00000001 x27:1000264c
14186288ns          235007 1c0093b6 00a0006f jal              x0, 10             
14186367ns          235011 1c0093c0 0019450b p.lbu            x10, 1(x18!)        x10=00000034 x18=1000264d x18:1000264c  PA:1000264c
14186407ns          235013 1c0093c4 009005b3 add              x11, x0, x9         x11=00000002  x9:00000002
14186427ns          235014 1c0093c6 000c80e7 jalr             x1, x25, 0           x1=1c0093c8 x25:1c008bb6
14186467ns          235016 1c008bb6 000026b7 lui              x13, 0x2000         x13=00002000
14186487ns          235017 1c008bb8 f8068693 addi             x13, x13, -128      x13=00001f80 x13:00002000
14186507ns          235018 1c008bbc f14027f3 csrrs            x15, x0, 0xf14      x15=00000004
14186944ns          235040 1c008bc0 00379713 slli             x14, x15, 0x3       x14=00000020 x15:00000004
14186984ns          235042 1c008bc4 00279793 slli             x15, x15, 0x2       x15=00000010 x15:00000004
14187004ns          235043 1c008bc6 00d7f7b3 and              x15, x15, x13       x15=00000000 x15:00000010 x13:00001f80
14187024ns          235044 1c008bc8 ee873733 p.bclr           x14, x14, 23, 8     x14=00000020 x14:00000020
14187044ns          235045 1c008bcc 1a10f6b7 lui              x13, 0x1a10f000     x13=1a10f000
14187083ns          235047 1c008bd0 00d70733 add              x14, x14, x13       x14=1a10f020 x14:00000020 x13:1a10f000
14187103ns          235048 1c008bd2 00e787b3 add              x15, x15, x14       x15=1a10f020 x15:00000000 x14:1a10f020
14187123ns          235049 1c008bd4 0ff57513 andi             x10, x10, 255       x10=00000034 x10:00000034
14187143ns          235050 1c008bd8 00a7a023 sw               x10, 0(x15)         x10:00000034 x15:1a10f020  PA:1a10f020
14187501ns          235068 1c008bda 00000513 addi             x10, x0, 0          x10=00000000
14187521ns          235069 1c008bdc 00008067 jalr             x0, x1, 0            x1:1c0093c8
14187561ns          235071 1c0093c8 fff538e3 p.bneimm         x10, -16            x10:00000000
14188018ns          235094 1c0093b8 01298433 add              x8, x19, x18         x8=0000000f x19:efffd9c2 x18:1000264d
14188038ns          235095 1c0093bc 8f2a86e3 beq              x21, x18, -1812     x21:1000264d x18:1000264d
14188137ns          235100 1c008ca8 001a450b p.lbu            x10, 1(x20!)        x10=0000000a x20=1c000055 x20:1c000054  PA:1c000054
14188456ns          235116 1c008cac fe0515e3 bne              x10, x0, -22        x10:0000000a
14188535ns          235120 1c008c96 02500793 addi             x15, x0, 37         x15=00000025
14188555ns          235121 1c008c9a 04f50763 beq              x10, x15, 78        x10:0000000a x15:00000025
14188575ns          235122 1c008c9e 009005b3 add              x11, x0, x9         x11=00000002  x9:00000002
14188595ns          235123 1c008ca0 000c80e7 jalr             x1, x25, 0           x1=1c008ca2 x25:1c008bb6
14188674ns          235127 1c008bb6 000026b7 lui              x13, 0x2000         x13=00002000
14188714ns          235129 1c008bb8 f8068693 addi             x13, x13, -128      x13=00001f80 x13:00002000
14188734ns          235130 1c008bbc f14027f3 csrrs            x15, x0, 0xf14      x15=00000004
14188754ns          235131 1c008bc0 00379713 slli             x14, x15, 0x3       x14=00000020 x15:00000004
14188774ns          235132 1c008bc4 00279793 slli             x15, x15, 0x2       x15=00000010 x15:00000004
14188794ns          235133 1c008bc6 00d7f7b3 and              x15, x15, x13       x15=00000000 x15:00000010 x13:00001f80
14188814ns          235134 1c008bc8 ee873733 p.bclr           x14, x14, 23, 8     x14=00000020 x14:00000020
14188834ns          235135 1c008bcc 1a10f6b7 lui              x13, 0x1a10f000     x13=1a10f000
14188853ns          235136 1c008bd0 00d70733 add              x14, x14, x13       x14=1a10f020 x14:00000020 x13:1a10f000
14188873ns          235137 1c008bd2 00e787b3 add              x15, x15, x14       x15=1a10f020 x15:00000000 x14:1a10f020
14188893ns          235138 1c008bd4 0ff57513 andi             x10, x10, 255       x10=0000000a x10:0000000a
14188913ns          235139 1c008bd8 00a7a023 sw               x10, 0(x15)         x10:0000000a x15:1a10f020  PA:1a10f020
14189271ns          235157 1c008bda 00000513 addi             x10, x0, 0          x10=00000000
14189291ns          235158 1c008bdc 00008067 jalr             x0, x1, 0            x1:1c008ca2
14189351ns          235161 1c008ca2 4df52863 p.beqimm         x10, 1232           x10:00000000
14189370ns          235162 1c008ca6 00140413 addi             x8, x8, 1            x8=00000010  x8:0000000f
14189390ns          235163 1c008ca8 001a450b p.lbu            x10, 1(x20!)        x10=00000000 x20=1c000056 x20:1c000055  PA:1c000055
14189709ns          235179 1c008cac fe0515e3 bne              x10, x0, -22        x10:00000000
14189728ns          235180 1c008cae 13c12083 lw               x1, 316(x2)          x1=1c008c22  x2:10002618  PA:10002754
14189748ns          235181 1c008cb2 00800533 add              x10, x0, x8         x10=00000010  x8:00000010
14189768ns          235182 1c008cb4 13812403 lw               x8, 312(x2)          x8=00000047  x2:10002618  PA:10002750
14189788ns          235183 1c008cb8 13412483 lw               x9, 308(x2)          x9=00000040  x2:10002618  PA:1000274c
14189808ns          235184 1c008cbc 13012903 lw               x18, 304(x2)        x18=00000004  x2:10002618  PA:10002748
14190206ns          235204 1c008cc0 12c12983 lw               x19, 300(x2)        x19=1c000dd0  x2:10002618  PA:10002744
14190246ns          235206 1c008cc4 12812a03 lw               x20, 296(x2)        x20=10201200  x2:10002618  PA:10002740
14190265ns          235207 1c008cc8 12412a83 lw               x21, 292(x2)        x21=1c000a00  x2:10002618  PA:1000273c
14190285ns          235208 1c008ccc 12012b03 lw               x22, 288(x2)        x22=1c0009fc  x2:10002618  PA:10002738
14190345ns          235211 1c008cd0 11c12b83 lw               x23, 284(x2)        x23=00000223  x2:10002618  PA:10002734
14190385ns          235213 1c008cd4 11812c03 lw               x24, 280(x2)        x24=00000457  x2:10002618  PA:10002730
14190405ns          235214 1c008cd8 11412c83 lw               x25, 276(x2)        x25=1c0009f8  x2:10002618  PA:1000272c
14190425ns          235215 1c008cdc 11012d03 lw               x26, 272(x2)        x26=09690000  x2:10002618  PA:10002728
14190484ns          235218 1c008ce0 10c12d83 lw               x27, 268(x2)        x27=0958082a  x2:10002618  PA:10002724
14190524ns          235220 1c008ce4 14010113 addi             x2, x2, 320          x2=10002758  x2:10002618
14190544ns          235221 1c008ce6 00008067 jalr             x0, x1, 0            x1:1c008c22
14190623ns          235225 1c008c22 01c12083 lw               x1, 28(x2)           x1=1c008524  x2:10002758  PA:10002774
14190663ns          235227 1c008c24 04010113 addi             x2, x2, 64           x2=10002798  x2:10002758
14190683ns          235228 1c008c26 00008067 jalr             x0, x1, 0            x1:1c008524
14190763ns          235232 1c008524 0009a703 lw               x14, 0(x19)         x14=10004100 x19:1c000dd0  PA:1c000dd0
14191081ns          235248 1c008528 00412683 lw               x13, 4(x2)          x13=00000080  x2:10002798  PA:1000279c
14191101ns          235249 1c00852a 040a0793 addi             x15, x20, 64        x15=10201240 x20:10201200
14191121ns          235250 1c00852e 00d70733 add              x14, x14, x13       x14=10004180 x14:10004100 x13:00000080
14191280ns          235258 1c008530 00e7a023 sw               x14, 0(x15)         x14:10004180 x15:10201240  PA:10201240
14191379ns          235263 1c008534 00200713 addi             x14, x0, 2          x14=00000002
14191399ns          235264 1c008536 00e7a223 sw               x14, 4(x15)         x14:00000002 x15:10201240  PA:10201244
14191479ns          235268 1c00853a 00e7a423 sw               x14, 8(x15)         x14:00000002 x15:10201240  PA:10201248
14191817ns          235285 1c00853e 10000713 addi             x14, x0, 256        x14=00000100
14191856ns          235287 1c008542 00e7a623 sw               x14, 12(x15)        x14:00000100 x15:10201240  PA:1020124c
14191936ns          235291 1c008546 000a2023 sw               x0, 0(x20)          x20:10201200  PA:10201200
14192055ns          235297 1c00854a 00001737 lui              x14, 0x1000         x14=00001000
14192075ns          235298 1c00854c 002047b7 lui              x15, 0x204000       x15=00204000
14192334ns          235311 1c008550 00e7a423 sw               x14, 8(x15)         x14:00001000 x15:00204000  PA:00204008
14192374ns          235313 1c008552 03c7e683 p.elw            x13, 60(x15)        x13=00001000 x15:00204000  PA:0020403c
14193010ns          235345 1c008556 00e7a223 sw               x14, 4(x15)         x14:00001000 x15:00204000  PA:00204004
14193030ns          235346 1c008558 00ca0793 addi             x15, x20, 12        x15=1020120c x20:10201200
14193050ns          235347 1c00855c 0007aa03 lw               x20, 0(x15)         x20=00000000 x15:1020120c  PA:1020120c
14193149ns          235352 1c008560 fe0a1ee3 bne              x20, x0, -4         x20:00000000
14193169ns          235353 1c008564 429010ef jal              x1, 7208             x1=1c008568
14193627ns          235376 1c00a18c f14027f3 csrrs            x15, x0, 0xf14      x15=00000004
14193706ns          235380 1c00a190 01f00713 addi             x14, x0, 31         x14=0000001f
14193746ns          235382 1c00a192 ca5797b3 p.extractu       x15, x15, 5, 5      x15=00000000 x15:00000004
14193766ns          235383 1c00a196 00e78863 beq              x15, x14, 16        x15:00000000 x14:0000001f
14193786ns          235384 1c00a19a 002047b7 lui              x15, 0x204000       x15=00204000
14194223ns          235406 1c00a19e 20078793 addi             x15, x15, 512       x15=00204200 x15:00204000
14194263ns          235408 1c00a1a2 01c7e703 p.elw            x14, 28(x15)        x14=00010000 x15:00204200  PA:0020421c
14194561ns          235423 1c00a1a6 00008067 jalr             x0, x1, 0            x1:1c008568
14194601ns          235425 1c008568 002007b7 lui              x15, 0x200000       x15=00200000
14194621ns          235426 1c00856c 0187a703 lw               x14, 24(x15)        x14=00000908 x15:00200000  PA:00200018
14194700ns          235430 1c00856e 00412603 lw               x12, 4(x2)          x12=00000080  x2:10002798  PA:1000279c
14194720ns          235431 1c008570 01c12883 lw               x17, 28(x2)         x17=0000011c  x2:10002798  PA:100027b4
14194740ns          235432 1c008572 c0b73733 p.bclr           x14, x14, 0, 11     x14=00000108 x14:00000908
14194760ns          235433 1c008576 00e7ac23 sw               x14, 24(x15)        x14:00000108 x15:00200000  PA:00200018
14194860ns          235438 1c008578 0187a683 lw               x13, 24(x15)        x13=00000108 x15:00200000  PA:00200018
14195019ns          235446 1c00857a 1c001737 lui              x14, 0x1c001000     x14=1c001000
14195039ns          235447 1c00857e 01748493 addi             x9, x9, 23           x9=00000057  x9:00000040
14195218ns          235456 1c008580 c086b6b3 p.bclr           x13, x13, 0, 8      x13=00000008 x13:00000108
14195257ns          235458 1c008584 00d7ac23 sw               x13, 24(x15)        x13:00000008 x15:00200000  PA:00200018
14195337ns          235462 1c008586 0009a683 lw               x13, 0(x19)         x13=10004100 x19:1c000dd0  PA:1c000dd0
14195755ns          235483 1c00858a 000017b7 lui              x15, 0x1000         x15=00001000
14195774ns          235484 1c00858c b5070713 addi             x14, x14, -1200     x14=1c000b50 x14:1c001000
14195794ns          235485 1c008590 00c686b3 add              x13, x13, x12       x13=10004180 x13:10004100 x12:00000080
14195814ns          235486 1c008592 01812603 lw               x12, 24(x2)         x12=0000008e  x2:10002798  PA:100027b0
14195834ns          235487 1c008594 fff78793 addi             x15, x15, -1        x15=00000fff x15:00001000
14195854ns          235488 1c008596 ff940593 addi             x11, x8, -7         x11=00000040  x8:00000047
14195874ns          235489 1c00859a 00259813 slli             x16, x11, 0x2       x16=00000100 x11:00000040
14196272ns          235509 1c00859e 0006ae03 lw               x28, 0(x13)         x28=xf77xc56 x13:10004180  PA:10004180
14196311ns          235511 1c0085a2 ffa40513 addi             x10, x8, -6         x10=00000041  x8:00000047
14196331ns          235512 1c0085a6 00e80833 add              x16, x16, x14       x16=1c000c50 x16:00000100 x14:1c000b50
14196351ns          235513 1c0085a8 00251e93 slli             x29, x10, 0x2       x29=00000104 x10:00000041
14196371ns          235514 1c0085ac 00085383 lhu              x7, 0(x16)           x7=00000c56 x16:1c000c50  PA:1c000c50
14196809ns          235536 1c0085b0 0046af03 lw               x30, 4(x13)         x30=x021xfee x13:10004180  PA:10004184
14196828ns          235537 1c0085b4 ffb40593 addi             x11, x8, -5         x11=00000042  x8:00000047
14196848ns          235538 1c0085b8 00285303 lhu              x6, 2(x16)           x6=00000f77 x16:1c000c50  PA:1c000c52
14197206ns          235556 1c0085bc 01d70833 add              x16, x14, x29       x16=1c000c54 x14:1c000b50 x29:00000104
14197365ns          235564 1c0085c0 010e5f93 srli             x31, x28, 0x10      x31=0000xf77 x28:xf77xc56
14197405ns          235566 1c0085c4 00259993 slli             x19, x11, 0x2       x19=00000108 x11:00000042
14197425ns          235567 1c0085c8 00085283 lhu              x5, 0(x16)           x5=00000fee x16:1c000c54  PA:1c000c54
14197723ns          235582 1c0085cc 00fe7e33 and              x28, x28, x15       x28=00000c56 x28:xf77xc56 x15:00000fff
14197883ns          235590 1c0085d0 0086a083 lw               x1, 8(x13)           x1=xfa9xc57 x13:10004180  PA:10004188
14197922ns          235592 1c0085d4 ffc40513 addi             x10, x8, -4         x10=00000043  x8:00000047
14197942ns          235593 1c0085d8 013005b3 add              x11, x0, x19        x11=00000108 x19:00000108
14197962ns          235594 1c0085da 00285e83 lhu              x29, 2(x16)         x29=00000021 x16:1c000c54  PA:1c000c56
14198439ns          235618 1c0085de 41c383b3 sub              x7, x7, x28          x7=00000000  x7:00000c56 x28:00000c56
14198479ns          235620 1c0085e2 00fff833 and              x16, x31, x15       x16=00000f77 x31:0000xf77 x15:00000fff
14198499ns          235621 1c0085e6 01370e33 add              x28, x14, x19       x28=1c000c58 x14:1c000b50 x19:00000108
14198519ns          235622 1c0085ea 00251b13 slli             x22, x10, 0x2       x22=0000010c x10:00000043
14198957ns          235644 1c0085ee 010f5a93 srli             x21, x30, 0x10      x21=0000x021 x30:x021xfee
14198996ns          235646 1c0085f2 00ff79b3 and              x19, x30, x15       x19=00000fee x30:x021xfee x15:00000fff
14199016ns          235647 1c0085f6 007033b3 sltu             x7, x0, x7           x7=00000000  x7:00000000
14199036ns          235648 1c0085fa 41030333 sub              x6, x6, x16          x6=00000000  x6:00000f77 x16:00000f77
14199474ns          235670 1c0085fe 000e5e03 lhu              x28, 0(x28)         x28=00000c57 x28:1c000c58  PA:1c000c58
14199812ns          235687 1c008602 00b70833 add              x16, x14, x11       x16=1c000c58 x14:1c000b50 x11:00000108
14199832ns          235688 1c008606 00c6af03 lw               x30, 12(x13)        x30=x103x09d x13:10004180  PA:1000418c
14199851ns          235689 1c00860a ffd40593 addi             x11, x8, -3         x11=00000044  x8:00000047
14200289ns          235711 1c00860e 00285f83 lhu              x31, 2(x16)         x31=00000fa9 x16:1c000c58  PA:1c000c5a
14200607ns          235727 1c008612 007a0a33 add              x20, x20, x7        x20=00000000 x20:00000000  x7:00000000
14200627ns          235728 1c008614 00faf833 and              x16, x21, x15       x16=00000021 x21:0000x021 x15:00000fff
14200647ns          235729 1c008618 00603333 sltu             x6, x0, x6           x6=00000000  x6:00000000
14200667ns          235730 1c00861c 413282b3 sub              x5, x5, x19          x5=00000000  x5:00000fee x19:00000fee
14200886ns          235741 1c008620 016703b3 add              x7, x14, x22         x7=1c000c5c x14:1c000b50 x22:0000010c
14200925ns          235743 1c008624 410e8eb3 sub              x29, x29, x16       x29=00000000 x29:00000021 x16:00000021
14200945ns          235744 1c008628 0100da93 srli             x21, x1, 0x10       x21=0000xfa9  x1:xfa9xc57
14200965ns          235745 1c00862c 00f0f9b3 and              x19, x1, x15        x19=00000c57  x1:xfa9xc57 x15:00000fff
14201403ns          235767 1c008630 01670833 add              x16, x14, x22       x16=1c000c5c x14:1c000b50 x22:0000010c
14201443ns          235769 1c008634 006a0a33 add              x20, x20, x6        x20=00000000 x20:00000000  x6:00000000
14201462ns          235770 1c008636 00259b13 slli             x22, x11, 0x2       x22=00000110 x11:00000044
14201482ns          235771 1c00863a 005032b3 sltu             x5, x0, x5           x5=00000000  x5:00000000
14201920ns          235793 1c00863e 0003d383 lhu              x7, 0(x7)            x7=0000009d  x7:1c000c5c  PA:1c000c5c
14202278ns          235811 1c008642 0106a083 lw               x1, 16(x13)          x1=xddex019 x13:10004180  PA:10004190
14202298ns          235812 1c008646 00285303 lhu              x6, 2(x16)           x6=00000103 x16:1c000c5c  PA:1c000c5e
14202616ns          235828 1c00864a ffe40513 addi             x10, x8, -2         x10=00000045  x8:00000047
14202775ns          235836 1c00864e 01d03833 sltu             x16, x0, x29        x16=00000000 x29:00000000
14202795ns          235837 1c008652 005a0a33 add              x20, x20, x5        x20=00000000 x20:00000000  x5:00000000
14202815ns          235838 1c008654 00fafeb3 and              x29, x21, x15       x29=00000fa9 x21:0000xfa9 x15:00000fff
14202835ns          235839 1c008658 413e0e33 sub              x28, x28, x19       x28=00000000 x28:00000c57 x19:00000c57
14202855ns          235840 1c00865c 016702b3 add              x5, x14, x22         x5=1c000c60 x14:1c000b50 x22:00000110
14203292ns          235862 1c008660 010f5a93 srli             x21, x30, 0x10      x21=0000x103 x30:x103x09d
14203332ns          235864 1c008664 00ff79b3 and              x19, x30, x15       x19=0000009d x30:x103x09d x15:00000fff
14203352ns          235865 1c008668 010a0a33 add              x20, x20, x16       x20=00000000 x20:00000000 x16:00000000
14203372ns          235866 1c00866a 01c03e33 sltu             x28, x0, x28        x28=00000000 x28:00000000
14203809ns          235888 1c00866e 01670833 add              x16, x14, x22       x16=1c000c60 x14:1c000b50 x22:00000110
14203849ns          235890 1c008672 41df8fb3 sub              x31, x31, x29       x31=00000000 x31:00000fa9 x29:00000fa9
14203869ns          235891 1c008676 00251b13 slli             x22, x10, 0x2       x22=00000114 x10:00000045
14203889ns          235892 1c00867a 0002d283 lhu              x5, 0(x5)            x5=00000019  x5:1c000c60  PA:1c000c60
14204366ns          235916 1c00867e 0146af03 lw               x30, 20(x13)        x30=xe5axd3f x13:10004180  PA:10004194
14204386ns          235917 1c008682 fff40593 addi             x11, x8, -1         x11=00000046  x8:00000047
14204406ns          235918 1c008686 00285e83 lhu              x29, 2(x16)         x29=00000dde x16:1c000c60  PA:1c000c62
14204704ns          235933 1c00868a 01ca0a33 add              x20, x20, x28       x20=00000000 x20:00000000 x28:00000000
14204724ns          235934 1c00868c 01f03fb3 sltu             x31, x0, x31        x31=00000000 x31:00000000
14204883ns          235942 1c008690 00faf833 and              x16, x21, x15       x16=00000103 x21:0000x103 x15:00000fff
14204923ns          235944 1c008694 413383b3 sub              x7, x7, x19          x7=00000000  x7:0000009d x19:0000009d
14204943ns          235945 1c008698 01670e33 add              x28, x14, x22       x28=1c000c64 x14:1c000b50 x22:00000114
14204963ns          235946 1c00869c 41030833 sub              x16, x6, x16        x16=00000000  x6:00000103 x16:00000103
14205400ns          235968 1c0086a0 01fa0a33 add              x20, x20, x31       x20=00000000 x20:00000000 x31:00000000
14205440ns          235970 1c0086a2 007033b3 sltu             x7, x0, x7           x7=00000000  x7:00000000
14205460ns          235971 1c0086a6 0100d993 srli             x19, x1, 0x10       x19=0000xdde  x1:xddex019
14205480ns          235972 1c0086aa 01670533 add              x10, x14, x22       x10=1c000c64 x14:1c000b50 x22:00000114
14205917ns          235994 1c0086ae 00f0f0b3 and              x1, x1, x15          x1=00000019  x1:xddex019 x15:00000fff
14205957ns          235996 1c0086b2 00259a93 slli             x21, x11, 0x2       x21=00000118 x11:00000046
14205977ns          235997 1c0086b6 000e5e03 lhu              x28, 0(x28)         x28=00000d3f x28:1c000c64  PA:1c000c64
14206295ns          236013 1c0086ba 0186af83 lw               x31, 24(x13)        x31=xe2ex11a x13:10004180  PA:10004198
14206454ns          236021 1c0086be 00255303 lhu              x6, 2(x10)           x6=00000e5a x10:1c000c64  PA:1c000c66
14206812ns          236039 1c0086c2 007a0a33 add              x20, x20, x7        x20=00000000 x20:00000000  x7:00000000
14206832ns          236040 1c0086c4 01003533 sltu             x10, x0, x16        x10=00000000 x16:00000000
14206852ns          236041 1c0086c8 00f9f3b3 and              x7, x19, x15         x7=00000dde x19:0000xdde x15:00000fff
14206872ns          236042 1c0086cc 401282b3 sub              x5, x5, x1           x5=00000000  x5:00000019  x1:00000019
14207011ns          236049 1c0086d0 01570833 add              x16, x14, x21       x16=1c000c68 x14:1c000b50 x21:00000118
14207051ns          236051 1c0086d4 00aa0a33 add              x20, x20, x10       x20=00000000 x20:00000000 x10:00000000
14207071ns          236052 1c0086d6 005032b3 sltu             x5, x0, x5           x5=00000000  x5:00000000
14207091ns          236053 1c0086da 407e8eb3 sub              x29, x29, x7        x29=00000000 x29:00000dde  x7:00000dde
14207548ns          236076 1c0086de 010f5093 srli             x1, x30, 0x10        x1=0000xe5a x30:xe5axd3f
14207588ns          236078 1c0086e2 00ff73b3 and              x7, x30, x15         x7=00000d3f x30:xe5axd3f x15:00000fff
14207608ns          236079 1c0086e6 015705b3 add              x11, x14, x21       x11=1c000c68 x14:1c000b50 x21:00000118
14207628ns          236080 1c0086ea 00085803 lhu              x16, 0(x16)         x16=0000011a x16:1c000c68  PA:1c000c68
14208065ns          236102 1c0086ee 00160613 addi             x12, x12, 1         x12=0000008f x12:0000008e
14208085ns          236103 1c0086f0 01c6af03 lw               x30, 28(x13)        x30=xea8x080 x13:10004180  PA:1000419c
14208105ns          236104 1c0086f4 0025d503 lhu              x10, 2(x11)         x10=00000e2e x11:1c000c68  PA:1c000c6a
14208463ns          236122 1c0086f8 005a0a33 add              x20, x20, x5        x20=00000000 x20:00000000  x5:00000000
14208483ns          236123 1c0086fa 00e888b3 add              x17, x17, x14       x17=1c000c6c x17:0000011c x14:1c000b50
14208503ns          236124 1c0086fc 01d03eb3 sltu             x29, x0, x29        x29=00000000 x29:00000000
14208622ns          236130 1c008700 00f0f2b3 and              x5, x1, x15          x5=00000e5a  x1:0000xe5a x15:00000fff
14208662ns          236132 1c008704 407e0e33 sub              x28, x28, x7        x28=00000000 x28:00000d3f  x7:00000d3f
14208682ns          236133 1c008708 00161613 slli             x12, x12, 0x1       x12=0000011e x12:0000008f
14208702ns          236134 1c00870a 0008d583 lhu              x11, 0(x17)         x11=00000080 x17:1c000c6c  PA:1c000c6c
14209000ns          236149 1c00870e 01da0a33 add              x20, x20, x29       x20=00000000 x20:00000000 x29:00000000
14209159ns          236157 1c008710 405308b3 sub              x17, x6, x5         x17=00000000  x6:00000e5a  x5:00000e5a
14209199ns          236159 1c008714 01c03e33 sltu             x28, x0, x28        x28=00000000 x28:00000000
14209219ns          236160 1c008718 010fd313 srli             x6, x31, 0x10        x6=0000xe2e x31:xe2ex11a
14209239ns          236161 1c00871c 00e60633 add              x12, x12, x14       x12=1c000c6e x12:0000011e x14:1c000b50
14209676ns          236183 1c00871e 00ffffb3 and              x31, x31, x15       x31=0000011a x31:xe2ex11a x15:00000fff
14209716ns          236185 1c008722 011038b3 sltu             x17, x0, x17        x17=00000000 x17:00000000
14209736ns          236186 1c008726 00065603 lhu              x12, 0(x12)         x12=00000ea8 x12:1c000c6e  PA:1c000c6e
14210034ns          236201 1c00872a 01ca0a33 add              x20, x20, x28       x20=00000000 x20:00000000 x28:00000000
14210054ns          236202 1c00872c 00f37333 and              x6, x6, x15          x6=00000e2e  x6:0000xe2e x15:00000fff
14210213ns          236210 1c008730 41f80833 sub              x16, x16, x31       x16=00000000 x16:0000011a x31:0000011a
14210253ns          236212 1c008734 011a0a33 add              x20, x20, x17       x20=00000000 x20:00000000 x17:00000000
14210273ns          236213 1c008736 01003833 sltu             x16, x0, x16        x16=00000000 x16:00000000
14210293ns          236214 1c00873a 010f5893 srli             x17, x30, 0x10      x17=0000xea8 x30:xea8x080
14210730ns          236236 1c00873e 40650533 sub              x10, x10, x6        x10=00000000 x10:00000e2e  x6:00000e2e
14210770ns          236238 1c008742 00ff7f33 and              x30, x30, x15       x30=00000080 x30:xea8x080 x15:00000fff
14210790ns          236239 1c008746 010a0a33 add              x20, x20, x16       x20=00000000 x20:00000000 x16:00000000
14210810ns          236240 1c008748 00a03533 sltu             x10, x0, x10        x10=00000000 x10:00000000
14210830ns          236241 1c00874c 00f8f833 and              x16, x17, x15       x16=00000ea8 x17:0000xea8 x15:00000fff
14211247ns          236262 1c008750 41e585b3 sub              x11, x11, x30       x11=00000000 x11:00000080 x30:00000080
14211287ns          236264 1c008754 00aa0a33 add              x20, x20, x10       x20=00000000 x20:00000000 x10:00000000
14211307ns          236265 1c008756 00b035b3 sltu             x11, x0, x11        x11=00000000 x11:00000000
14211327ns          236266 1c00875a 41060633 sub              x12, x12, x16       x12=00000000 x12:00000ea8 x16:00000ea8
14211347ns          236267 1c00875e 00ba0a33 add              x20, x20, x11       x20=00000000 x20:00000000 x11:00000000
14211764ns          236288 1c008760 00c03633 sltu             x12, x0, x12        x12=00000000 x12:00000000
14211804ns          236290 1c008764 00840413 addi             x8, x8, 8            x8=0000004f  x8:00000047
14211824ns          236291 1c008766 00ca0a33 add              x20, x20, x12       x20=00000000 x20:00000000 x12:00000000
14211844ns          236292 1c008768 10068693 addi             x13, x13, 256       x13=10004280 x13:10004180
14211864ns          236293 1c00876c 04940563 beq              x8, x9, 74           x8:0000004f  x9:00000057
14212281ns          236314 1c008770 00141613 slli             x12, x8, 0x1        x12=0000009e  x8:0000004f
14212321ns          236316 1c008774 00241893 slli             x17, x8, 0x2        x17=0000013c  x8:0000004f
14212341ns          236317 1c008778 e1fff06f jal              x0, -482           
14212460ns          236323 1c008596 ff940593 addi             x11, x8, -7         x11=00000048  x8:0000004f
14212480ns          236324 1c00859a 00259813 slli             x16, x11, 0x2       x16=00000120 x11:00000048
14212540ns          236327 1c00859e 0006ae03 lw               x28, 0(x13)         x28=xfabxfb5 x13:10004280  PA:10004280
14212580ns          236329 1c0085a2 ffa40513 addi             x10, x8, -6         x10=00000049  x8:0000004f
14212600ns          236330 1c0085a6 00e80833 add              x16, x16, x14       x16=1c000c70 x16:00000120 x14:1c000b50
14212620ns          236331 1c0085a8 00251e93 slli             x29, x10, 0x2       x29=00000124 x10:00000049
14212639ns          236332 1c0085ac 00085383 lhu              x7, 0(x16)           x7=00000fb5 x16:1c000c70  PA:1c000c70
14212958ns          236348 1c0085b0 0046af03 lw               x30, 4(x13)         x30=xf03x0b1 x13:10004280  PA:10004284
14212978ns          236349 1c0085b4 ffb40593 addi             x11, x8, -5         x11=0000004a  x8:0000004f
14212997ns          236350 1c0085b8 00285303 lhu              x6, 2(x16)           x6=00000fab x16:1c000c70  PA:1c000c72
14213296ns          236365 1c0085bc 01d70833 add              x16, x14, x29       x16=1c000c74 x14:1c000b50 x29:00000124
14213316ns          236366 1c0085c0 010e5f93 srli             x31, x28, 0x10      x31=0000xfab x28:xfabxfb5
14213336ns          236367 1c0085c4 00259993 slli             x19, x11, 0x2       x19=00000128 x11:0000004a
14213355ns          236368 1c0085c8 00085283 lhu              x5, 0(x16)           x5=000000b1 x16:1c000c74  PA:1c000c74
14213654ns          236383 1c0085cc 00fe7e33 and              x28, x28, x15       x28=00000fb5 x28:xfabxfb5 x15:00000fff
14213674ns          236384 1c0085d0 0086a083 lw               x1, 8(x13)           x1=xfe1xef1 x13:10004280  PA:10004288
14213694ns          236385 1c0085d4 ffc40513 addi             x10, x8, -4         x10=0000004b  x8:0000004f
14213713ns          236386 1c0085d8 013005b3 add              x11, x0, x19        x11=00000128 x19:00000128
14213733ns          236387 1c0085da 00285e83 lhu              x29, 2(x16)         x29=00000f03 x16:1c000c74  PA:1c000c76
14214052ns          236403 1c0085de 41c383b3 sub              x7, x7, x28          x7=00000000  x7:00000fb5 x28:00000fb5
14214071ns          236404 1c0085e2 00fff833 and              x16, x31, x15       x16=00000fab x31:0000xfab x15:00000fff
14214091ns          236405 1c0085e6 01370e33 add              x28, x14, x19       x28=1c000c78 x14:1c000b50 x19:00000128
14214111ns          236406 1c0085ea 00251b13 slli             x22, x10, 0x2       x22=0000012c x10:0000004b
14214131ns          236407 1c0085ee 010f5a93 srli             x21, x30, 0x10      x21=0000xf03 x30:xf03x0b1
14214151ns          236408 1c0085f2 00ff79b3 and              x19, x30, x15       x19=000000b1 x30:xf03x0b1 x15:00000fff
14214171ns          236409 1c0085f6 007033b3 sltu             x7, x0, x7           x7=00000000  x7:00000000
14214191ns          236410 1c0085fa 41030333 sub              x6, x6, x16          x6=00000000  x6:00000fab x16:00000fab
14214211ns          236411 1c0085fe 000e5e03 lhu              x28, 0(x28)         x28=00000ef1 x28:1c000c78  PA:1c000c78
14214529ns          236427 1c008602 00b70833 add              x16, x14, x11       x16=1c000c78 x14:1c000b50 x11:00000128
14214549ns          236428 1c008606 00c6af03 lw               x30, 12(x13)        x30=xad3x2cf x13:10004280  PA:1000428c
14214569ns          236429 1c00860a ffd40593 addi             x11, x8, -3         x11=0000004c  x8:0000004f
14214588ns          236430 1c00860e 00285f83 lhu              x31, 2(x16)         x31=00000fe1 x16:1c000c78  PA:1c000c7a
14214887ns          236445 1c008612 007a0a33 add              x20, x20, x7        x20=00000000 x20:00000000  x7:00000000
14214907ns          236446 1c008614 00faf833 and              x16, x21, x15       x16=00000f03 x21:0000xf03 x15:00000fff
14214927ns          236447 1c008618 00603333 sltu             x6, x0, x6           x6=00000000  x6:00000000
14214946ns          236448 1c00861c 413282b3 sub              x5, x5, x19          x5=00000000  x5:000000b1 x19:000000b1
14214966ns          236449 1c008620 016703b3 add              x7, x14, x22         x7=1c000c7c x14:1c000b50 x22:0000012c
14214986ns          236450 1c008624 410e8eb3 sub              x29, x29, x16       x29=00000000 x29:00000f03 x16:00000f03
14215006ns          236451 1c008628 0100da93 srli             x21, x1, 0x10       x21=0000xfe1  x1:xfe1xef1
14215026ns          236452 1c00862c 00f0f9b3 and              x19, x1, x15        x19=00000ef1  x1:xfe1xef1 x15:00000fff
14215066ns          236454 1c008630 01670833 add              x16, x14, x22       x16=1c000c7c x14:1c000b50 x22:0000012c
14215106ns          236456 1c008634 006a0a33 add              x20, x20, x6        x20=00000000 x20:00000000  x6:00000000
14215125ns          236457 1c008636 00259b13 slli             x22, x11, 0x2       x22=00000130 x11:0000004c
14215145ns          236458 1c00863a 005032b3 sltu             x5, x0, x5           x5=00000000  x5:00000000
14215165ns          236459 1c00863e 0003d383 lhu              x7, 0(x7)            x7=000002cf  x7:1c000c7c  PA:1c000c7c
14215503ns          236476 1c008642 0106a083 lw               x1, 16(x13)          x1=xeaexfe5 x13:10004280  PA:10004290
14215523ns          236477 1c008646 00285303 lhu              x6, 2(x16)           x6=00000ad3 x16:1c000c7c  PA:1c000c7e
14215901ns          236496 1c00864a ffe40513 addi             x10, x8, -2         x10=0000004d  x8:0000004f
14215921ns          236497 1c00864e 01d03833 sltu             x16, x0, x29        x16=00000000 x29:00000000
14215941ns          236498 1c008652 005a0a33 add              x20, x20, x5        x20=00000000 x20:00000000  x5:00000000
14215961ns          236499 1c008654 00fafeb3 and              x29, x21, x15       x29=00000fe1 x21:0000xfe1 x15:00000fff
14215981ns          236500 1c008658 413e0e33 sub              x28, x28, x19       x28=00000000 x28:00000ef1 x19:00000ef1
14216001ns          236501 1c00865c 016702b3 add              x5, x14, x22         x5=1c000c80 x14:1c000b50 x22:00000130
14216020ns          236502 1c008660 010f5a93 srli             x21, x30, 0x10      x21=0000xad3 x30:xad3x2cf
14216040ns          236503 1c008664 00ff79b3 and              x19, x30, x15       x19=000002cf x30:xad3x2cf x15:00000fff
14216060ns          236504 1c008668 010a0a33 add              x20, x20, x16       x20=00000000 x20:00000000 x16:00000000
14216080ns          236505 1c00866a 01c03e33 sltu             x28, x0, x28        x28=00000000 x28:00000000
14216120ns          236507 1c00866e 01670833 add              x16, x14, x22       x16=1c000c80 x14:1c000b50 x22:00000130
14216160ns          236509 1c008672 41df8fb3 sub              x31, x31, x29       x31=00000000 x31:00000fe1 x29:00000fe1
14216180ns          236510 1c008676 00251b13 slli             x22, x10, 0x2       x22=00000134 x10:0000004d
14216199ns          236511 1c00867a 0002d283 lhu              x5, 0(x5)            x5=00000fe5  x5:1c000c80  PA:1c000c80
14216498ns          236526 1c00867e 0146af03 lw               x30, 20(x13)        x30=x03cx0af x13:10004280  PA:10004294
14216518ns          236527 1c008682 fff40593 addi             x11, x8, -1         x11=0000004e  x8:0000004f
14216538ns          236528 1c008686 00285e83 lhu              x29, 2(x16)         x29=00000eae x16:1c000c80  PA:1c000c82
14216856ns          236544 1c00868a 01ca0a33 add              x20, x20, x28       x20=00000000 x20:00000000 x28:00000000
14216876ns          236545 1c00868c 01f03fb3 sltu             x31, x0, x31        x31=00000000 x31:00000000
14216895ns          236546 1c008690 00faf833 and              x16, x21, x15       x16=00000ad3 x21:0000xad3 x15:00000fff
14216915ns          236547 1c008694 413383b3 sub              x7, x7, x19          x7=00000000  x7:000002cf x19:000002cf
14216935ns          236548 1c008698 01670e33 add              x28, x14, x22       x28=1c000c84 x14:1c000b50 x22:00000134
14216955ns          236549 1c00869c 41030833 sub              x16, x6, x16        x16=00000000  x6:00000ad3 x16:00000ad3
14216995ns          236551 1c0086a0 01fa0a33 add              x20, x20, x31       x20=00000000 x20:00000000 x31:00000000
14217035ns          236553 1c0086a2 007033b3 sltu             x7, x0, x7           x7=00000000  x7:00000000
14217055ns          236554 1c0086a6 0100d993 srli             x19, x1, 0x10       x19=0000xeae  x1:xeaexfe5
14217074ns          236555 1c0086aa 01670533 add              x10, x14, x22       x10=1c000c84 x14:1c000b50 x22:00000134
14217134ns          236558 1c0086ae 00f0f0b3 and              x1, x1, x15          x1=00000fe5  x1:xeaexfe5 x15:00000fff
14217174ns          236560 1c0086b2 00259a93 slli             x21, x11, 0x2       x21=00000138 x11:0000004e
14217194ns          236561 1c0086b6 000e5e03 lhu              x28, 0(x28)         x28=000000af x28:1c000c84  PA:1c000c84
14217492ns          236576 1c0086ba 0186af83 lw               x31, 24(x13)        x31=x297x0f5 x13:10004280  PA:10004298
14217512ns          236577 1c0086be 00255303 lhu              x6, 2(x10)           x6=0000003c x10:1c000c84  PA:1c000c86
14217830ns          236593 1c0086c2 007a0a33 add              x20, x20, x7        x20=00000000 x20:00000000  x7:00000000
14217850ns          236594 1c0086c4 01003533 sltu             x10, x0, x16        x10=00000000 x16:00000000
14217870ns          236595 1c0086c8 00f9f3b3 and              x7, x19, x15         x7=00000eae x19:0000xeae x15:00000fff
14217890ns          236596 1c0086cc 401282b3 sub              x5, x5, x1           x5=00000000  x5:00000fe5  x1:00000fe5
14217910ns          236597 1c0086d0 01570833 add              x16, x14, x21       x16=1c000c88 x14:1c000b50 x21:00000138
14217930ns          236598 1c0086d4 00aa0a33 add              x20, x20, x10       x20=00000000 x20:00000000 x10:00000000
14217950ns          236599 1c0086d6 005032b3 sltu             x5, x0, x5           x5=00000000  x5:00000000
14217969ns          236600 1c0086da 407e8eb3 sub              x29, x29, x7        x29=00000000 x29:00000eae  x7:00000eae
14218009ns          236602 1c0086de 010f5093 srli             x1, x30, 0x10        x1=0000x03c x30:x03cx0af
14218049ns          236604 1c0086e2 00ff73b3 and              x7, x30, x15         x7=000000af x30:x03cx0af x15:00000fff
14218069ns          236605 1c0086e6 015705b3 add              x11, x14, x21       x11=1c000c88 x14:1c000b50 x21:00000138
14218089ns          236606 1c0086ea 00085803 lhu              x16, 0(x16)         x16=000000f5 x16:1c000c88  PA:1c000c88
14218387ns          236621 1c0086ee 00160613 addi             x12, x12, 1         x12=0000009f x12:0000009e
14218407ns          236622 1c0086f0 01c6af03 lw               x30, 28(x13)        x30=xfcfx0a5 x13:10004280  PA:1000429c
14218427ns          236623 1c0086f4 0025d503 lhu              x10, 2(x11)         x10=00000297 x11:1c000c88  PA:1c000c8a
14218745ns          236639 1c0086f8 005a0a33 add              x20, x20, x5        x20=00000000 x20:00000000  x5:00000000
14218765ns          236640 1c0086fa 00e888b3 add              x17, x17, x14       x17=1c000c8c x17:0000013c x14:1c000b50
14218785ns          236641 1c0086fc 01d03eb3 sltu             x29, x0, x29        x29=00000000 x29:00000000
14218805ns          236642 1c008700 00f0f2b3 and              x5, x1, x15          x5=0000003c  x1:0000x03c x15:00000fff
14218825ns          236643 1c008704 407e0e33 sub              x28, x28, x7        x28=00000000 x28:000000af  x7:000000af
14218845ns          236644 1c008708 00161613 slli             x12, x12, 0x1       x12=0000013e x12:0000009f
14218864ns          236645 1c00870a 0008d583 lhu              x11, 0(x17)         x11=000000a5 x17:1c000c8c  PA:1c000c8c
14219163ns          236660 1c00870e 01da0a33 add              x20, x20, x29       x20=00000000 x20:00000000 x29:00000000
14219183ns          236661 1c008710 405308b3 sub              x17, x6, x5         x17=00000000  x6:0000003c  x5:0000003c
14219202ns          236662 1c008714 01c03e33 sltu             x28, x0, x28        x28=00000000 x28:00000000
14219222ns          236663 1c008718 010fd313 srli             x6, x31, 0x10        x6=0000x297 x31:x297x0f5
14219242ns          236664 1c00871c 00e60633 add              x12, x12, x14       x12=1c000c8e x12:0000013e x14:1c000b50
14219282ns          236666 1c00871e 00ffffb3 and              x31, x31, x15       x31=000000f5 x31:x297x0f5 x15:00000fff
14219322ns          236668 1c008722 011038b3 sltu             x17, x0, x17        x17=00000000 x17:00000000
14219342ns          236669 1c008726 00065603 lhu              x12, 0(x12)         x12=00000fcf x12:1c000c8e  PA:1c000c8e
14219640ns          236684 1c00872a 01ca0a33 add              x20, x20, x28       x20=00000000 x20:00000000 x28:00000000
14219660ns          236685 1c00872c 00f37333 and              x6, x6, x15          x6=00000297  x6:0000x297 x15:00000fff
14219680ns          236686 1c008730 41f80833 sub              x16, x16, x31       x16=00000000 x16:000000f5 x31:000000f5
14219700ns          236687 1c008734 011a0a33 add              x20, x20, x17       x20=00000000 x20:00000000 x17:00000000
14219720ns          236688 1c008736 01003833 sltu             x16, x0, x16        x16=00000000 x16:00000000
14219739ns          236689 1c00873a 010f5893 srli             x17, x30, 0x10      x17=0000xfcf x30:xfcfx0a5
14219779ns          236691 1c00873e 40650533 sub              x10, x10, x6        x10=00000000 x10:00000297  x6:00000297
14219819ns          236693 1c008742 00ff7f33 and              x30, x30, x15       x30=000000a5 x30:xfcfx0a5 x15:00000fff
14219839ns          236694 1c008746 010a0a33 add              x20, x20, x16       x20=00000000 x20:00000000 x16:00000000
14219859ns          236695 1c008748 00a03533 sltu             x10, x0, x10        x10=00000000 x10:00000000
14219879ns          236696 1c00874c 00f8f833 and              x16, x17, x15       x16=00000fcf x17:0000xfcf x15:00000fff
14219918ns          236698 1c008750 41e585b3 sub              x11, x11, x30       x11=00000000 x11:000000a5 x30:000000a5
14219958ns          236700 1c008754 00aa0a33 add              x20, x20, x10       x20=00000000 x20:00000000 x10:00000000
14219978ns          236701 1c008756 00b035b3 sltu             x11, x0, x11        x11=00000000 x11:00000000
14219998ns          236702 1c00875a 41060633 sub              x12, x12, x16       x12=00000000 x12:00000fcf x16:00000fcf
14220018ns          236703 1c00875e 00ba0a33 add              x20, x20, x11       x20=00000000 x20:00000000 x11:00000000
14220038ns          236704 1c008760 00c03633 sltu             x12, x0, x12        x12=00000000 x12:00000000
14220058ns          236705 1c008764 00840413 addi             x8, x8, 8            x8=00000057  x8:0000004f
14220078ns          236706 1c008766 00ca0a33 add              x20, x20, x12       x20=00000000 x20:00000000 x12:00000000
14220097ns          236707 1c008768 10068693 addi             x13, x13, 256       x13=10004380 x13:10004280
14220117ns          236708 1c00876c 04940563 beq              x8, x9, 74           x8:00000057  x9:00000057
14220634ns          236734 1c0087b6 1c000537 lui              x10, 0x1c000000     x10=1c000000
14220654ns          236735 1c0087ba 014006b3 add              x13, x0, x20        x13=00000000 x20:00000000
14220674ns          236736 1c0087bc 01200633 add              x12, x0, x18        x12=00000004 x18:00000004
14220714ns          236738 1c0087be 00190593 addi             x11, x18, 1         x11=00000005 x18:00000004
14220754ns          236740 1c0087c2 05850513 addi             x10, x10, 88        x10=1c000058 x10:1c000000
14220774ns          236741 1c0087c6 434000ef jal              x1, 1076             x1=1c0087c8
14220853ns          236745 1c008bfa fc010113 addi             x2, x2, -64          x2=10002758  x2:10002798
14220893ns          236747 1c008bfc 02410313 addi             x6, x2, 36           x6=1000277c  x2:10002758
14220953ns          236750 1c008c00 02c12423 sw               x12, 40(x2)         x12:00000004  x2:10002758  PA:10002780
14220973ns          236751 1c008c02 00a00633 add              x12, x0, x10        x12=1c000058 x10:1c000058
14220992ns          236752 1c008c04 1c009537 lui              x10, 0x1c009000     x10=1c009000
14221012ns          236753 1c008c08 02b12223 sw               x11, 36(x2)         x11:00000005  x2:10002758  PA:1000277c
14221032ns          236754 1c008c0a 02d12623 sw               x13, 44(x2)         x13:00000000  x2:10002758  PA:10002784
14221052ns          236755 1c008c0c 00200593 addi             x11, x0, 2          x11=00000002
14221072ns          236756 1c008c0e 006006b3 add              x13, x0, x6         x13=1000277c  x6:1000277c
14221092ns          236757 1c008c10 bb650513 addi             x10, x10, -1098     x10=1c008bb6 x10:1c009000
14221132ns          236759 1c008c14 00112e23 sw               x1, 28(x2)           x1:1c0087c8  x2:10002758  PA:10002774
14221152ns          236760 1c008c16 02e12823 sw               x14, 48(x2)         x14:1c000b50  x2:10002758  PA:10002788
14221171ns          236761 1c008c18 02f12a23 sw               x15, 52(x2)         x15:00000fff  x2:10002758  PA:1000278c
14221191ns          236762 1c008c1a 03012c23 sw               x16, 56(x2)         x16:00000fcf  x2:10002758  PA:10002790
14221211ns          236763 1c008c1c 03112e23 sw               x17, 60(x2)         x17:0000xfcf  x2:10002758  PA:10002794
14221231ns          236764 1c008c1e 00612623 sw               x6, 12(x2)           x6:1000277c  x2:10002758  PA:10002764
14221251ns          236765 1c008c20 fbfff0ef jal              x1, -66              x1=1c008c22
14221331ns          236769 1c008bde 04a0006f jal              x0, 74             
14221370ns          236771 1c008c28 ec010113 addi             x2, x2, -320         x2=10002618  x2:10002758
14221390ns          236772 1c008c2a 13312623 sw               x19, 300(x2)        x19:0000xeae  x2:10002618  PA:10002744
14221450ns          236775 1c008c2e 12112e23 sw               x1, 316(x2)          x1:1c008c22  x2:10002618  PA:10002754
14221490ns          236777 1c008c32 12812c23 sw               x8, 312(x2)          x8:00000057  x2:10002618  PA:10002750
14221510ns          236778 1c008c36 12912a23 sw               x9, 308(x2)          x9:00000057  x2:10002618  PA:1000274c
14221529ns          236779 1c008c3a 13212823 sw               x18, 304(x2)        x18:00000004  x2:10002618  PA:10002748
14221589ns          236782 1c008c3e 13412423 sw               x20, 296(x2)        x20:00000000  x2:10002618  PA:10002740
14221629ns          236784 1c008c42 13512223 sw               x21, 292(x2)        x21:00000138  x2:10002618  PA:1000273c
14221649ns          236785 1c008c46 13612023 sw               x22, 288(x2)        x22:00000134  x2:10002618  PA:10002738
14221669ns          236786 1c008c4a 11712e23 sw               x23, 284(x2)        x23:00000223  x2:10002618  PA:10002734
14221728ns          236789 1c008c4e 11812c23 sw               x24, 280(x2)        x24:00000457  x2:10002618  PA:10002730
14221768ns          236791 1c008c52 11912a23 sw               x25, 276(x2)        x25:1c0009f8  x2:10002618  PA:1000272c
14221788ns          236792 1c008c56 11a12823 sw               x26, 272(x2)        x26:09690000  x2:10002618  PA:10002728
14221808ns          236793 1c008c5a 11b12623 sw               x27, 268(x2)        x27:0958082a  x2:10002618  PA:10002724
14221828ns          236794 1c008c5e 00c009b3 add              x19, x0, x12        x19=1c000058 x12:1c000058
14221867ns          236796 1c008c60 0019c78b p.lbu            x15, 1(x19!)        x15=00000046 x19=1c000059 x19:1c000058  PA:1c000058
14222206ns          236813 1c008c64 00d12c23 sw               x13, 24(x2)         x13:1000277c  x2:10002618  PA:10002630
14222225ns          236814 1c008c66 6a0788e3 beq              x15, x0, 3760       x15:00000046
14222245ns          236815 1c008c6a 1c000737 lui              x14, 0x1c000000     x14=1c000000
14222265ns          236816 1c008c6e 0c472703 lw               x14, 196(x14)       x14=20202020 x14:1c000000  PA:1c0000c4
14222564ns          236831 1c008c72 03410d93 addi             x27, x2, 52         x27=1000264c  x2:10002618
14222583ns          236832 1c008c76 00a00cb3 add              x25, x0, x10        x25=1c008bb6 x10:1c008bb6
14222603ns          236833 1c008c78 02e12023 sw               x14, 32(x2)         x14:20202020  x2:10002618  PA:10002638
14222623ns          236834 1c008c7a 03610713 addi             x14, x2, 54         x14=1000264e  x2:10002618
14222643ns          236835 1c008c7e fff74713 xori             x14, x14, -1        x14=efffd9b1 x14:1000264e
14222663ns          236836 1c008c82 02e12223 sw               x14, 36(x2)         x14:efffd9b1  x2:10002618  PA:1000263c
14222683ns          236837 1c008c84 fffdc713 xori             x14, x27, -1        x14=efffd9b3 x27:1000264c
14222703ns          236838 1c008c88 00b004b3 add              x9, x0, x11          x9=00000002 x11:00000002
14222723ns          236839 1c008c8a 00000413 addi             x8, x0, 0            x8=00000000
14222743ns          236840 1c008c8c 1c000d37 lui              x26, 0x1c000000     x26=1c000000
14222762ns          236841 1c008c90 02e12423 sw               x14, 40(x2)         x14:efffd9b3  x2:10002618  PA:10002640
14222782ns          236842 1c008c92 01300a33 add              x20, x0, x19        x20=1c000059 x19:1c000059
14222802ns          236843 1c008c94 00f00533 add              x10, x0, x15        x10=00000046 x15:00000046
14222822ns          236844 1c008c96 02500793 addi             x15, x0, 37         x15=00000025
14222842ns          236845 1c008c9a 04f50763 beq              x10, x15, 78        x10:00000046 x15:00000025
14222862ns          236846 1c008c9e 009005b3 add              x11, x0, x9         x11=00000002  x9:00000002
14222902ns          236848 1c008ca0 000c80e7 jalr             x1, x25, 0           x1=1c008ca2 x25:1c008bb6
14223379ns          236872 1c008bb6 000026b7 lui              x13, 0x2000         x13=00002000
14223419ns          236874 1c008bb8 f8068693 addi             x13, x13, -128      x13=00001f80 x13:00002000
14223439ns          236875 1c008bbc f14027f3 csrrs            x15, x0, 0xf14      x15=00000004
14223498ns          236878 1c008bc0 00379713 slli             x14, x15, 0x3       x14=00000020 x15:00000004
14223538ns          236880 1c008bc4 00279793 slli             x15, x15, 0x2       x15=00000010 x15:00000004
14223558ns          236881 1c008bc6 00d7f7b3 and              x15, x15, x13       x15=00000000 x15:00000010 x13:00001f80
14223578ns          236882 1c008bc8 ee873733 p.bclr           x14, x14, 23, 8     x14=00000020 x14:00000020
14223598ns          236883 1c008bcc 1a10f6b7 lui              x13, 0x1a10f000     x13=1a10f000
14223618ns          236884 1c008bd0 00d70733 add              x14, x14, x13       x14=1a10f020 x14:00000020 x13:1a10f000
14223638ns          236885 1c008bd2 00e787b3 add              x15, x15, x14       x15=1a10f020 x15:00000000 x14:1a10f020
14223657ns          236886 1c008bd4 0ff57513 andi             x10, x10, 255       x10=00000046 x10:00000046
14223677ns          236887 1c008bd8 00a7a023 sw               x10, 0(x15)         x10:00000046 x15:1a10f020  PA:1a10f020
14223996ns          236903 1c008bda 00000513 addi             x10, x0, 0          x10=00000000
14224015ns          236904 1c008bdc 00008067 jalr             x0, x1, 0            x1:1c008ca2
14224075ns          236907 1c008ca2 4df52863 p.beqimm         x10, 1232           x10:00000000
14224095ns          236908 1c008ca6 00140413 addi             x8, x8, 1            x8=00000001  x8:00000000
14224115ns          236909 1c008ca8 001a450b p.lbu            x10, 1(x20!)        x10=00000046 x20=1c00005a x20:1c000059  PA:1c000059
14224453ns          236926 1c008cac fe0515e3 bne              x10, x0, -22        x10:00000046
14224532ns          236930 1c008c96 02500793 addi             x15, x0, 37         x15=00000025
14224552ns          236931 1c008c9a 04f50763 beq              x10, x15, 78        x10:00000046 x15:00000025
14224572ns          236932 1c008c9e 009005b3 add              x11, x0, x9         x11=00000002  x9:00000002
14224592ns          236933 1c008ca0 000c80e7 jalr             x1, x25, 0           x1=1c008ca2 x25:1c008bb6
14224632ns          236935 1c008bb6 000026b7 lui              x13, 0x2000         x13=00002000
14224652ns          236936 1c008bb8 f8068693 addi             x13, x13, -128      x13=00001f80 x13:00002000
14224672ns          236937 1c008bbc f14027f3 csrrs            x15, x0, 0xf14      x15=00000004
14224692ns          236938 1c008bc0 00379713 slli             x14, x15, 0x3       x14=00000020 x15:00000004
14224711ns          236939 1c008bc4 00279793 slli             x15, x15, 0x2       x15=00000010 x15:00000004
14224731ns          236940 1c008bc6 00d7f7b3 and              x15, x15, x13       x15=00000000 x15:00000010 x13:00001f80
14224751ns          236941 1c008bc8 ee873733 p.bclr           x14, x14, 23, 8     x14=00000020 x14:00000020
14224771ns          236942 1c008bcc 1a10f6b7 lui              x13, 0x1a10f000     x13=1a10f000
14224791ns          236943 1c008bd0 00d70733 add              x14, x14, x13       x14=1a10f020 x14:00000020 x13:1a10f000
14224811ns          236944 1c008bd2 00e787b3 add              x15, x15, x14       x15=1a10f020 x15:00000000 x14:1a10f020
14224831ns          236945 1c008bd4 0ff57513 andi             x10, x10, 255       x10=00000046 x10:00000046
14224851ns          236946 1c008bd8 00a7a023 sw               x10, 0(x15)         x10:00000046 x15:1a10f020  PA:1a10f020
14225169ns          236962 1c008bda 00000513 addi             x10, x0, 0          x10=00000000
14225189ns          236963 1c008bdc 00008067 jalr             x0, x1, 0            x1:1c008ca2
14225248ns          236966 1c008ca2 4df52863 p.beqimm         x10, 1232           x10:00000000
14225268ns          236967 1c008ca6 00140413 addi             x8, x8, 1            x8=00000002  x8:00000001
14225288ns          236968 1c008ca8 001a450b p.lbu            x10, 1(x20!)        x10=00000054 x20=1c00005b x20:1c00005a  PA:1c00005a
14225606ns          236984 1c008cac fe0515e3 bne              x10, x0, -22        x10:00000054
14225686ns          236988 1c008c96 02500793 addi             x15, x0, 37         x15=00000025
14225706ns          236989 1c008c9a 04f50763 beq              x10, x15, 78        x10:00000054 x15:00000025
14225726ns          236990 1c008c9e 009005b3 add              x11, x0, x9         x11=00000002  x9:00000002
14225746ns          236991 1c008ca0 000c80e7 jalr             x1, x25, 0           x1=1c008ca2 x25:1c008bb6
14225785ns          236993 1c008bb6 000026b7 lui              x13, 0x2000         x13=00002000
14225805ns          236994 1c008bb8 f8068693 addi             x13, x13, -128      x13=00001f80 x13:00002000
14225825ns          236995 1c008bbc f14027f3 csrrs            x15, x0, 0xf14      x15=00000004
14225845ns          236996 1c008bc0 00379713 slli             x14, x15, 0x3       x14=00000020 x15:00000004
14225865ns          236997 1c008bc4 00279793 slli             x15, x15, 0x2       x15=00000010 x15:00000004
14225885ns          236998 1c008bc6 00d7f7b3 and              x15, x15, x13       x15=00000000 x15:00000010 x13:00001f80
14225905ns          236999 1c008bc8 ee873733 p.bclr           x14, x14, 23, 8     x14=00000020 x14:00000020
14225925ns          237000 1c008bcc 1a10f6b7 lui              x13, 0x1a10f000     x13=1a10f000
14225945ns          237001 1c008bd0 00d70733 add              x14, x14, x13       x14=1a10f020 x14:00000020 x13:1a10f000
14225964ns          237002 1c008bd2 00e787b3 add              x15, x15, x14       x15=1a10f020 x15:00000000 x14:1a10f020
14225984ns          237003 1c008bd4 0ff57513 andi             x10, x10, 255       x10=00000054 x10:00000054
14226004ns          237004 1c008bd8 00a7a023 sw               x10, 0(x15)         x10:00000054 x15:1a10f020  PA:1a10f020
14226322ns          237020 1c008bda 00000513 addi             x10, x0, 0          x10=00000000
14226342ns          237021 1c008bdc 00008067 jalr             x0, x1, 0            x1:1c008ca2
14226402ns          237024 1c008ca2 4df52863 p.beqimm         x10, 1232           x10:00000000
14226422ns          237025 1c008ca6 00140413 addi             x8, x8, 1            x8=00000003  x8:00000002
14226442ns          237026 1c008ca8 001a450b p.lbu            x10, 1(x20!)        x10=00000025 x20=1c00005c x20:1c00005b  PA:1c00005b
14226760ns          237042 1c008cac fe0515e3 bne              x10, x0, -22        x10:00000025
14226839ns          237046 1c008c96 02500793 addi             x15, x0, 37         x15=00000025
14226859ns          237047 1c008c9a 04f50763 beq              x10, x15, 78        x10:00000025 x15:00000025
14226959ns          237052 1c008ce8 01400c33 add              x24, x0, x20        x24=1c00005c x20:1c00005c
14226999ns          237054 1c008cea 000c4a03 lbu              x20, 0(x24)         x20=00000064 x24:1c00005c  PA:1c00005c
14227357ns          237072 1c008cee 0b4d0513 addi             x10, x26, 180       x10=1c0000b4 x26:1c000000
14227376ns          237073 1c008cf2 00912e23 sw               x9, 28(x2)           x9:00000002  x2:10002618  PA:10002634
14227396ns          237074 1c008cf4 014005b3 add              x11, x0, x20        x11=00000064 x20:00000064
14227416ns          237075 1c008cf6 00012823 sw               x0, 16(x2)           x2:10002618  PA:10002628
14227436ns          237076 1c008cf8 00012a23 sw               x0, 20(x2)           x2:10002618  PA:1000262c
14227456ns          237077 1c008cfa 00012623 sw               x0, 12(x2)           x2:10002618  PA:10002624
14227476ns          237078 1c008cfc 001c0493 addi             x9, x24, 1           x9=1c00005d x24:1c00005c
14227496ns          237079 1c008d00 e41ff0ef jal              x1, -448             x1=1c008d02
14227575ns          237083 1c008b40 00054703 lbu              x14, 0(x10)         x14=0000002d x10:1c0000b4  PA:1c0000b4
14227894ns          237099 1c008b44 0ff5f593 andi             x11, x11, 255       x11=00000064 x11:00000064
14227913ns          237100 1c008b48 00a007b3 add              x15, x0, x10        x15=1c0000b4 x10:1c0000b4
14227933ns          237101 1c008b4a 00b70863 beq              x14, x11, 16        x14:0000002d x11:00000064
14227953ns          237102 1c008b4e 00070863 beq              x14, x0, 16         x14:0000002d
14227973ns          237103 1c008b50 0017c703 lbu              x14, 1(x15)         x14=0000002b x15:1c0000b4  PA:1c0000b5
14228271ns          237118 1c008b54 00178793 addi             x15, x15, 1         x15=1c0000b5 x15:1c0000b4
14228291ns          237119 1c008b56 feb71ce3 bne              x14, x11, -8        x14:0000002b x11:00000064
14228351ns          237122 1c008b4e 00070863 beq              x14, x0, 16         x14:0000002b
14228371ns          237123 1c008b50 0017c703 lbu              x14, 1(x15)         x14=00000020 x15:1c0000b5  PA:1c0000b6
14228689ns          237139 1c008b54 00178793 addi             x15, x15, 1         x15=1c0000b6 x15:1c0000b5
14228709ns          237140 1c008b56 feb71ce3 bne              x14, x11, -8        x14:00000020 x11:00000064
14228769ns          237143 1c008b4e 00070863 beq              x14, x0, 16         x14:00000020
14228789ns          237144 1c008b50 0017c703 lbu              x14, 1(x15)         x14=00000023 x15:1c0000b6  PA:1c0000b7
14229087ns          237159 1c008b54 00178793 addi             x15, x15, 1         x15=1c0000b7 x15:1c0000b6
14229107ns          237160 1c008b56 feb71ce3 bne              x14, x11, -8        x14:00000023 x11:00000064
14229166ns          237163 1c008b4e 00070863 beq              x14, x0, 16         x14:00000023
14229186ns          237164 1c008b50 0017c703 lbu              x14, 1(x15)         x14=00000030 x15:1c0000b7  PA:1c0000b8
14229485ns          237179 1c008b54 00178793 addi             x15, x15, 1         x15=1c0000b8 x15:1c0000b7
14229504ns          237180 1c008b56 feb71ce3 bne              x14, x11, -8        x14:00000030 x11:00000064
14229564ns          237183 1c008b4e 00070863 beq              x14, x0, 16         x14:00000030
14229584ns          237184 1c008b50 0017c703 lbu              x14, 1(x15)         x14=00000000 x15:1c0000b8  PA:1c0000b9
14229902ns          237200 1c008b54 00178793 addi             x15, x15, 1         x15=1c0000b9 x15:1c0000b8
14229922ns          237201 1c008b56 feb71ce3 bne              x14, x11, -8        x14:00000000 x11:00000064
14229982ns          237204 1c008b4e 00070863 beq              x14, x0, 16         x14:00000000
14230041ns          237207 1c008b5e 00000513 addi             x10, x0, 0          x10=00000000
14230061ns          237208 1c008b60 fe058de3 beq              x11, x0, -6         x11:00000064
14230081ns          237209 1c008b62 00008067 jalr             x0, x1, 0            x1:1c008d02
14230141ns          237212 1c008d02 02000913 addi             x18, x0, 32         x18=00000020
14230161ns          237213 1c008d06 00000993 addi             x19, x0, 0          x19=00000000
14230181ns          237214 1c008d08 02b00a93 addi             x21, x0, 43         x21=0000002b
14230201ns          237215 1c008d0c 02d00b93 addi             x23, x0, 45         x23=0000002d
14230240ns          237217 1c008d10 03000b13 addi             x22, x0, 48         x22=00000030
14230280ns          237219 1c008d14 00900633 add              x12, x0, x9         x12=1c00005d  x9:1c00005d
14230300ns          237220 1c008d16 02050963 beq              x10, x0, 50         x10:00000000
14230459ns          237228 1c008d48 03312623 sw               x19, 44(x2)         x19:00000000  x2:10002618  PA:10002644
14230499ns          237230 1c008d4a 02a00693 addi             x13, x0, 42         x13=0000002a
14230519ns          237231 1c008d4e 014009b3 add              x19, x0, x20        x19=00000064 x20:00000064
14230559ns          237233 1c008d50 01800a33 add              x20, x0, x24        x20=1c00005c x24:1c00005c
14230578ns          237234 1c008d52 00900c33 add              x24, x0, x9         x24=1c00005d  x9:1c00005d
14230598ns          237235 1c008d54 01c12483 lw               x9, 28(x2)           x9=00000002  x2:10002618  PA:10002634
14230618ns          237236 1c008d56 42d98063 beq              x19, x13, 1056      x19:00000064 x13:0000002a
14230638ns          237237 1c008d5a fd098693 addi             x13, x19, -48       x13=00000034 x19:00000064
14230658ns          237238 1c008d5e 00900513 addi             x10, x0, 9          x10=00000009
14231076ns          237259 1c008d60 00000a93 addi             x21, x0, 0          x21=00000000
14231115ns          237261 1c008d62 3cd57f63 bgeu             x10, x13, 990       x10:00000009 x13:00000034
14231135ns          237262 1c008d66 02e00793 addi             x15, x0, 46         x15=0000002e
14231155ns          237263 1c008d6a fff00b13 addi             x22, x0, -1         x22=ffffffff
14231175ns          237264 1c008d6c 04f981e3 beq              x19, x15, 2114      x19:00000064 x15:0000002e
14231215ns          237266 1c008d70 1c0007b7 lui              x15, 0x1c000000     x15=1c000000
14231255ns          237268 1c008d74 013005b3 add              x11, x0, x19        x11=00000064 x19:00000064
14231275ns          237269 1c008d76 0bc78513 addi             x10, x15, 188       x10=1c0000bc x15:1c000000
14231294ns          237270 1c008d7a 00c12e23 sw               x12, 28(x2)         x12:1c00005d  x2:10002618  PA:10002634
14231314ns          237271 1c008d7c dc5ff0ef jal              x1, -572             x1=1c008d7e
14231394ns          237275 1c008b40 00054703 lbu              x14, 0(x10)         x14=00000068 x10:1c0000bc  PA:1c0000bc
14231712ns          237291 1c008b44 0ff5f593 andi             x11, x11, 255       x11=00000064 x11:00000064
14231732ns          237292 1c008b48 00a007b3 add              x15, x0, x10        x15=1c0000bc x10:1c0000bc
14231752ns          237293 1c008b4a 00b70863 beq              x14, x11, 16        x14:00000068 x11:00000064
14231772ns          237294 1c008b4e 00070863 beq              x14, x0, 16         x14:00000068
14231792ns          237295 1c008b50 0017c703 lbu              x14, 1(x15)         x14=0000006c x15:1c0000bc  PA:1c0000bd
14232090ns          237310 1c008b54 00178793 addi             x15, x15, 1         x15=1c0000bd x15:1c0000bc
14232110ns          237311 1c008b56 feb71ce3 bne              x14, x11, -8        x14:0000006c x11:00000064
14232169ns          237314 1c008b4e 00070863 beq              x14, x0, 16         x14:0000006c
14232189ns          237315 1c008b50 0017c703 lbu              x14, 1(x15)         x14=0000004c x15:1c0000bd  PA:1c0000be
14232488ns          237330 1c008b54 00178793 addi             x15, x15, 1         x15=1c0000be x15:1c0000bd
14232508ns          237331 1c008b56 feb71ce3 bne              x14, x11, -8        x14:0000004c x11:00000064
14232567ns          237334 1c008b4e 00070863 beq              x14, x0, 16         x14:0000004c
14232587ns          237335 1c008b50 0017c703 lbu              x14, 1(x15)         x14=0000007a x15:1c0000be  PA:1c0000bf
14232885ns          237350 1c008b54 00178793 addi             x15, x15, 1         x15=1c0000bf x15:1c0000be
14232905ns          237351 1c008b56 feb71ce3 bne              x14, x11, -8        x14:0000007a x11:00000064
14232965ns          237354 1c008b4e 00070863 beq              x14, x0, 16         x14:0000007a
14232985ns          237355 1c008b50 0017c703 lbu              x14, 1(x15)         x14=00000000 x15:1c0000bf  PA:1c0000c0
14233283ns          237370 1c008b54 00178793 addi             x15, x15, 1         x15=1c0000c0 x15:1c0000bf
14233303ns          237371 1c008b56 feb71ce3 bne              x14, x11, -8        x14:00000000 x11:00000064
14233363ns          237374 1c008b4e 00070863 beq              x14, x0, 16         x14:00000000
14233422ns          237377 1c008b5e 00000513 addi             x10, x0, 0          x10=00000000
14233442ns          237378 1c008b60 fe058de3 beq              x11, x0, -6         x11:00000064
14233462ns          237379 1c008b62 00008067 jalr             x0, x1, 0            x1:1c008d7e
14233502ns          237381 1c008d7e 01c12603 lw               x12, 28(x2)         x12=1c00005d  x2:10002618  PA:10002634
14233542ns          237383 1c008d80 00c00a33 add              x20, x0, x12        x20=1c00005d x12:1c00005d
14233562ns          237384 1c008d82 00050563 beq              x10, x0, 10         x10:00000000
14234079ns          237410 1c008d8c 06900793 addi             x15, x0, 105        x15=00000069
14234099ns          237411 1c008d90 1cf98be3 beq              x19, x15, 2518      x19:00000064 x15:00000069
14234118ns          237412 1c008d94 4b37ce63 blt              x15, x19, 1212      x15:00000069 x19:00000064
14234138ns          237413 1c008d98 05800793 addi             x15, x0, 88         x15=00000058
14234158ns          237414 1c008d9c 4cf98863 beq              x19, x15, 1232      x19:00000064 x15:00000058
14234596ns          237436 1c008da0 3f37cd63 blt              x15, x19, 1018      x15:00000058 x19:00000064
14234735ns          237443 1c00919a 06400793 addi             x15, x0, 100        x15=00000064
14234795ns          237446 1c00919e 5cf98463 beq              x19, x15, 1480      x19:00000064 x15:00000064
14234894ns          237451 1c009766 01812b83 lw               x23, 24(x2)         x23=1000277c  x2:10002618  PA:10002630
14234934ns          237453 1c009768 004ba60b p.lw             x12, 4(x23!)        x12=00000005 x23=10002780 x23:1000277c  PA:1000277c
14234974ns          237455 1c00976c 48064963 blt              x12, x0, 1170       x12:00000005
14235013ns          237457 1c009770 01412783 lw               x15, 20(x2)         x15=00000000  x2:10002618  PA:1000262c
14235033ns          237458 1c009772 00c00733 add              x14, x0, x12        x14=00000005 x12:00000005
14235053ns          237459 1c009774 56078863 beq              x15, x0, 1392       x15:00000000
14235153ns          237464 1c009ce4 01012783 lw               x15, 16(x2)         x15=00000000  x2:10002618  PA:10002628
14235173ns          237465 1c009ce6 01b00533 add              x10, x0, x27        x10=1000264c x27:1000264c
14235192ns          237466 1c009ce8 a8078ee3 beq              x15, x0, -1380      x15:00000000
14235352ns          237474 1c009784 00a007b3 add              x15, x0, x10        x15=1000264c x10:1000264c
14235371ns          237475 1c009786 00a00593 addi             x11, x0, 10         x11=0000000a
14235391ns          237476 1c009788 00900313 addi             x6, x0, 9            x6=00000009
14235411ns          237477 1c00978a 02b776b3 remu             x13, x14, x11       x13=00000005 x14:00000005 x11:0000000a
14236028ns          237508 1c00978e 00e00833 add              x16, x0, x14        x16=00000005 x14:00000005
14236048ns          237509 1c009790 00f008b3 add              x17, x0, x15        x17=1000264c x15:1000264c
14236068ns          237510 1c009792 03068693 addi             x13, x13, 48        x13=00000035 x13:00000005
14236087ns          237511 1c009796 00d780ab p.sb             x13, 1(x15!)        x15=1000264d x13:00000035 x15:1000264c  PA:1000264c
14236107ns          237512 1c00979a 02b75733 divu             x14, x14, x11       x14=00000000 x14:00000005 x11:0000000a
14236744ns          237544 1c00979e ff0366e3 bltu             x6, x16, -20         x6:00000009 x16:00000005
14236764ns          237545 1c0097a2 40a78733 sub              x14, x15, x10       x14=00000001 x15:1000264d x10:1000264c
14236783ns          237546 1c0097a6 01675c63 bge              x14, x22, 24        x14:00000001 x22:ffffffff
14237340ns          237574 1c0097be 00078023 sb               x0, 0(x15)          x15:1000264d  PA:1000264d
14237380ns          237576 1c0097c2 0b157563 bgeu             x10, x17, 170       x10:1000264c x17:1000264c
14237480ns          237581 1c00986c 01412703 lw               x14, 20(x2)         x14=00000000  x2:10002618  PA:1000262c
14237499ns          237582 1c00986e 01012683 lw               x13, 16(x2)         x13=00000000  x2:10002618  PA:10002628
14237559ns          237585 1c009870 41b787b3 sub              x15, x15, x27       x15=00000001 x15:1000264d x27:1000264c
14237599ns          237587 1c009874 00d76733 or               x14, x14, x13       x14=00000000 x14:00000000 x13:00000000
14237619ns          237588 1c009876 02e12623 sw               x14, 44(x2)         x14:00000000  x2:10002618  PA:10002644
14237639ns          237589 1c009878 b0071be3 bne              x14, x0, -1258      x14:00000000
14237659ns          237590 1c00987c 01f65713 srli             x14, x12, 0x1f      x14=00000000 x12:00000005
14237698ns          237592 1c009880 02e12623 sw               x14, 44(x2)         x14:00000000  x2:10002618  PA:10002644
14237718ns          237593 1c009882 b0dff06f jal              x0, -1268          
14237838ns          237599 1c00938e ebfb2be3 p.beqimm         x22, -330           x22:ffffffff
14237937ns          237604 1c009244 0c800713 addi             x14, x0, 200        x14=000000c8
14237977ns          237606 1c009248 14f75b63 bge              x14, x15, 342       x14:000000c8 x15:00000001
14238156ns          237615 1c00939e 00178613 addi             x12, x15, 1         x12=00000002 x15:00000001
14238196ns          237617 1c0093a2 0557c863 blt              x15, x21, 80        x15:00000001 x21:00000000
14238215ns          237618 1c0093a6 01712c23 sw               x23, 24(x2)         x23:10002780  x2:10002618  PA:10002630
14238235ns          237619 1c0093a8 00f00ab3 add              x21, x0, x15        x21=00000001 x15:00000001
14238255ns          237620 1c0093aa 8e0a8fe3 beq              x21, x0, -1794      x21:00000001
14238275ns          237621 1c0093ae 01b00933 add              x18, x0, x27        x18=1000264c x27:1000264c
14238295ns          237622 1c0093b0 41b409b3 sub              x19, x8, x27        x19=efffd9b7  x8:00000003 x27:1000264c
14238315ns          237623 1c0093b4 01ba8ab3 add              x21, x21, x27       x21=1000264d x21:00000001 x27:1000264c
14238335ns          237624 1c0093b6 00a0006f jal              x0, 10             
14238792ns          237647 1c0093c0 0019450b p.lbu            x10, 1(x18!)        x10=00000035 x18=1000264d x18:1000264c  PA:1000264c
14238812ns          237648 1c0093c4 009005b3 add              x11, x0, x9         x11=00000002  x9:00000002
14238832ns          237649 1c0093c6 000c80e7 jalr             x1, x25, 0           x1=1c0093c8 x25:1c008bb6
14238872ns          237651 1c008bb6 000026b7 lui              x13, 0x2000         x13=00002000
14238892ns          237652 1c008bb8 f8068693 addi             x13, x13, -128      x13=00001f80 x13:00002000
14238912ns          237653 1c008bbc f14027f3 csrrs            x15, x0, 0xf14      x15=00000004
14238931ns          237654 1c008bc0 00379713 slli             x14, x15, 0x3       x14=00000020 x15:00000004
14238951ns          237655 1c008bc4 00279793 slli             x15, x15, 0x2       x15=00000010 x15:00000004
14238971ns          237656 1c008bc6 00d7f7b3 and              x15, x15, x13       x15=00000000 x15:00000010 x13:00001f80
14238991ns          237657 1c008bc8 ee873733 p.bclr           x14, x14, 23, 8     x14=00000020 x14:00000020
14239011ns          237658 1c008bcc 1a10f6b7 lui              x13, 0x1a10f000     x13=1a10f000
14239051ns          237660 1c008bd0 00d70733 add              x14, x14, x13       x14=1a10f020 x14:00000020 x13:1a10f000
14239071ns          237661 1c008bd2 00e787b3 add              x15, x15, x14       x15=1a10f020 x15:00000000 x14:1a10f020
14239090ns          237662 1c008bd4 0ff57513 andi             x10, x10, 255       x10=00000035 x10:00000035
14239110ns          237663 1c008bd8 00a7a023 sw               x10, 0(x15)         x10:00000035 x15:1a10f020  PA:1a10f020
14239429ns          237679 1c008bda 00000513 addi             x10, x0, 0          x10=00000000
14239448ns          237680 1c008bdc 00008067 jalr             x0, x1, 0            x1:1c0093c8
14239488ns          237682 1c0093c8 fff538e3 p.bneimm         x10, -16            x10:00000000
14239608ns          237688 1c0093b8 01298433 add              x8, x19, x18         x8=00000004 x19:efffd9b7 x18:1000264d
14239627ns          237689 1c0093bc 8f2a86e3 beq              x21, x18, -1812     x21:1000264d x18:1000264d
14239687ns          237692 1c008ca8 001a450b p.lbu            x10, 1(x20!)        x10=00000020 x20=1c00005e x20:1c00005d  PA:1c00005d
14240005ns          237708 1c008cac fe0515e3 bne              x10, x0, -22        x10:00000020
14240145ns          237715 1c008c96 02500793 addi             x15, x0, 37         x15=00000025
14240164ns          237716 1c008c9a 04f50763 beq              x10, x15, 78        x10:00000020 x15:00000025
14240184ns          237717 1c008c9e 009005b3 add              x11, x0, x9         x11=00000002  x9:00000002
14240204ns          237718 1c008ca0 000c80e7 jalr             x1, x25, 0           x1=1c008ca2 x25:1c008bb6
14240244ns          237720 1c008bb6 000026b7 lui              x13, 0x2000         x13=00002000
14240264ns          237721 1c008bb8 f8068693 addi             x13, x13, -128      x13=00001f80 x13:00002000
14240284ns          237722 1c008bbc f14027f3 csrrs            x15, x0, 0xf14      x15=00000004
14240304ns          237723 1c008bc0 00379713 slli             x14, x15, 0x3       x14=00000020 x15:00000004
14240324ns          237724 1c008bc4 00279793 slli             x15, x15, 0x2       x15=00000010 x15:00000004
14240343ns          237725 1c008bc6 00d7f7b3 and              x15, x15, x13       x15=00000000 x15:00000010 x13:00001f80
14240363ns          237726 1c008bc8 ee873733 p.bclr           x14, x14, 23, 8     x14=00000020 x14:00000020
14240383ns          237727 1c008bcc 1a10f6b7 lui              x13, 0x1a10f000     x13=1a10f000
14240403ns          237728 1c008bd0 00d70733 add              x14, x14, x13       x14=1a10f020 x14:00000020 x13:1a10f000
14240423ns          237729 1c008bd2 00e787b3 add              x15, x15, x14       x15=1a10f020 x15:00000000 x14:1a10f020
14240443ns          237730 1c008bd4 0ff57513 andi             x10, x10, 255       x10=00000020 x10:00000020
14240463ns          237731 1c008bd8 00a7a023 sw               x10, 0(x15)         x10:00000020 x15:1a10f020  PA:1a10f020
14240781ns          237747 1c008bda 00000513 addi             x10, x0, 0          x10=00000000
14240801ns          237748 1c008bdc 00008067 jalr             x0, x1, 0            x1:1c008ca2
14240861ns          237751 1c008ca2 4df52863 p.beqimm         x10, 1232           x10:00000000
14240880ns          237752 1c008ca6 00140413 addi             x8, x8, 1            x8=00000005  x8:00000004
14240900ns          237753 1c008ca8 001a450b p.lbu            x10, 1(x20!)        x10=00000028 x20=1c00005f x20:1c00005e  PA:1c00005e
14241219ns          237769 1c008cac fe0515e3 bne              x10, x0, -22        x10:00000028
14241298ns          237773 1c008c96 02500793 addi             x15, x0, 37         x15=00000025
14241318ns          237774 1c008c9a 04f50763 beq              x10, x15, 78        x10:00000028 x15:00000025
14241338ns          237775 1c008c9e 009005b3 add              x11, x0, x9         x11=00000002  x9:00000002
14241358ns          237776 1c008ca0 000c80e7 jalr             x1, x25, 0           x1=1c008ca2 x25:1c008bb6
14241398ns          237778 1c008bb6 000026b7 lui              x13, 0x2000         x13=00002000
14241417ns          237779 1c008bb8 f8068693 addi             x13, x13, -128      x13=00001f80 x13:00002000
14241437ns          237780 1c008bbc f14027f3 csrrs            x15, x0, 0xf14      x15=00000004
14241457ns          237781 1c008bc0 00379713 slli             x14, x15, 0x3       x14=00000020 x15:00000004
14241477ns          237782 1c008bc4 00279793 slli             x15, x15, 0x2       x15=00000010 x15:00000004
14241497ns          237783 1c008bc6 00d7f7b3 and              x15, x15, x13       x15=00000000 x15:00000010 x13:00001f80
14241517ns          237784 1c008bc8 ee873733 p.bclr           x14, x14, 23, 8     x14=00000020 x14:00000020
14241537ns          237785 1c008bcc 1a10f6b7 lui              x13, 0x1a10f000     x13=1a10f000
14241557ns          237786 1c008bd0 00d70733 add              x14, x14, x13       x14=1a10f020 x14:00000020 x13:1a10f000
14241576ns          237787 1c008bd2 00e787b3 add              x15, x15, x14       x15=1a10f020 x15:00000000 x14:1a10f020
14241596ns          237788 1c008bd4 0ff57513 andi             x10, x10, 255       x10=00000028 x10:00000028
14241616ns          237789 1c008bd8 00a7a023 sw               x10, 0(x15)         x10:00000028 x15:1a10f020  PA:1a10f020
14241934ns          237805 1c008bda 00000513 addi             x10, x0, 0          x10=00000000
14241954ns          237806 1c008bdc 00008067 jalr             x0, x1, 0            x1:1c008ca2
14242014ns          237809 1c008ca2 4df52863 p.beqimm         x10, 1232           x10:00000000
14242034ns          237810 1c008ca6 00140413 addi             x8, x8, 1            x8=00000006  x8:00000005
14242054ns          237811 1c008ca8 001a450b p.lbu            x10, 1(x20!)        x10=00000043 x20=1c000060 x20:1c00005f  PA:1c00005f
14242372ns          237827 1c008cac fe0515e3 bne              x10, x0, -22        x10:00000043
14242452ns          237831 1c008c96 02500793 addi             x15, x0, 37         x15=00000025
14242471ns          237832 1c008c9a 04f50763 beq              x10, x15, 78        x10:00000043 x15:00000025
14242491ns          237833 1c008c9e 009005b3 add              x11, x0, x9         x11=00000002  x9:00000002
14242511ns          237834 1c008ca0 000c80e7 jalr             x1, x25, 0           x1=1c008ca2 x25:1c008bb6
14242551ns          237836 1c008bb6 000026b7 lui              x13, 0x2000         x13=00002000
14242571ns          237837 1c008bb8 f8068693 addi             x13, x13, -128      x13=00001f80 x13:00002000
14242591ns          237838 1c008bbc f14027f3 csrrs            x15, x0, 0xf14      x15=00000004
14242611ns          237839 1c008bc0 00379713 slli             x14, x15, 0x3       x14=00000020 x15:00000004
14242631ns          237840 1c008bc4 00279793 slli             x15, x15, 0x2       x15=00000010 x15:00000004
14242650ns          237841 1c008bc6 00d7f7b3 and              x15, x15, x13       x15=00000000 x15:00000010 x13:00001f80
14242670ns          237842 1c008bc8 ee873733 p.bclr           x14, x14, 23, 8     x14=00000020 x14:00000020
14242690ns          237843 1c008bcc 1a10f6b7 lui              x13, 0x1a10f000     x13=1a10f000
14242710ns          237844 1c008bd0 00d70733 add              x14, x14, x13       x14=1a10f020 x14:00000020 x13:1a10f000
14242730ns          237845 1c008bd2 00e787b3 add              x15, x15, x14       x15=1a10f020 x15:00000000 x14:1a10f020
14242750ns          237846 1c008bd4 0ff57513 andi             x10, x10, 255       x10=00000043 x10:00000043
14242770ns          237847 1c008bd8 00a7a023 sw               x10, 0(x15)         x10:00000043 x15:1a10f020  PA:1a10f020
14243108ns          237864 1c008bda 00000513 addi             x10, x0, 0          x10=00000000
14243128ns          237865 1c008bdc 00008067 jalr             x0, x1, 0            x1:1c008ca2
14243187ns          237868 1c008ca2 4df52863 p.beqimm         x10, 1232           x10:00000000
14243207ns          237869 1c008ca6 00140413 addi             x8, x8, 1            x8=00000007  x8:00000006
14243227ns          237870 1c008ca8 001a450b p.lbu            x10, 1(x20!)        x10=0000006f x20=1c000061 x20:1c000060  PA:1c000060
14243565ns          237887 1c008cac fe0515e3 bne              x10, x0, -22        x10:0000006f
14243645ns          237891 1c008c96 02500793 addi             x15, x0, 37         x15=00000025
14243665ns          237892 1c008c9a 04f50763 beq              x10, x15, 78        x10:0000006f x15:00000025
14243685ns          237893 1c008c9e 009005b3 add              x11, x0, x9         x11=00000002  x9:00000002
14243705ns          237894 1c008ca0 000c80e7 jalr             x1, x25, 0           x1=1c008ca2 x25:1c008bb6
14243744ns          237896 1c008bb6 000026b7 lui              x13, 0x2000         x13=00002000
14243764ns          237897 1c008bb8 f8068693 addi             x13, x13, -128      x13=00001f80 x13:00002000
14243784ns          237898 1c008bbc f14027f3 csrrs            x15, x0, 0xf14      x15=00000004
14243804ns          237899 1c008bc0 00379713 slli             x14, x15, 0x3       x14=00000020 x15:00000004
14243824ns          237900 1c008bc4 00279793 slli             x15, x15, 0x2       x15=00000010 x15:00000004
14243844ns          237901 1c008bc6 00d7f7b3 and              x15, x15, x13       x15=00000000 x15:00000010 x13:00001f80
14243864ns          237902 1c008bc8 ee873733 p.bclr           x14, x14, 23, 8     x14=00000020 x14:00000020
14243884ns          237903 1c008bcc 1a10f6b7 lui              x13, 0x1a10f000     x13=1a10f000
14243903ns          237904 1c008bd0 00d70733 add              x14, x14, x13       x14=1a10f020 x14:00000020 x13:1a10f000
14243923ns          237905 1c008bd2 00e787b3 add              x15, x15, x14       x15=1a10f020 x15:00000000 x14:1a10f020
14243943ns          237906 1c008bd4 0ff57513 andi             x10, x10, 255       x10=0000006f x10:0000006f
14243963ns          237907 1c008bd8 00a7a023 sw               x10, 0(x15)         x10:0000006f x15:1a10f020  PA:1a10f020
14244281ns          237923 1c008bda 00000513 addi             x10, x0, 0          x10=00000000
14244301ns          237924 1c008bdc 00008067 jalr             x0, x1, 0            x1:1c008ca2
14244361ns          237927 1c008ca2 4df52863 p.beqimm         x10, 1232           x10:00000000
14244381ns          237928 1c008ca6 00140413 addi             x8, x8, 1            x8=00000008  x8:00000007
14244401ns          237929 1c008ca8 001a450b p.lbu            x10, 1(x20!)        x10=00000072 x20=1c000062 x20:1c000061  PA:1c000061
14244719ns          237945 1c008cac fe0515e3 bne              x10, x0, -22        x10:00000072
14244798ns          237949 1c008c96 02500793 addi             x15, x0, 37         x15=00000025
14244818ns          237950 1c008c9a 04f50763 beq              x10, x15, 78        x10:00000072 x15:00000025
14244838ns          237951 1c008c9e 009005b3 add              x11, x0, x9         x11=00000002  x9:00000002
14244858ns          237952 1c008ca0 000c80e7 jalr             x1, x25, 0           x1=1c008ca2 x25:1c008bb6
14244898ns          237954 1c008bb6 000026b7 lui              x13, 0x2000         x13=00002000
14244918ns          237955 1c008bb8 f8068693 addi             x13, x13, -128      x13=00001f80 x13:00002000
14244938ns          237956 1c008bbc f14027f3 csrrs            x15, x0, 0xf14      x15=00000004
14244957ns          237957 1c008bc0 00379713 slli             x14, x15, 0x3       x14=00000020 x15:00000004
14244977ns          237958 1c008bc4 00279793 slli             x15, x15, 0x2       x15=00000010 x15:00000004
14244997ns          237959 1c008bc6 00d7f7b3 and              x15, x15, x13       x15=00000000 x15:00000010 x13:00001f80
14245017ns          237960 1c008bc8 ee873733 p.bclr           x14, x14, 23, 8     x14=00000020 x14:00000020
14245037ns          237961 1c008bcc 1a10f6b7 lui              x13, 0x1a10f000     x13=1a10f000
14245057ns          237962 1c008bd0 00d70733 add              x14, x14, x13       x14=1a10f020 x14:00000020 x13:1a10f000
14245077ns          237963 1c008bd2 00e787b3 add              x15, x15, x14       x15=1a10f020 x15:00000000 x14:1a10f020
14245097ns          237964 1c008bd4 0ff57513 andi             x10, x10, 255       x10=00000072 x10:00000072
14245117ns          237965 1c008bd8 00a7a023 sw               x10, 0(x15)         x10:00000072 x15:1a10f020  PA:1a10f020
14245435ns          237981 1c008bda 00000513 addi             x10, x0, 0          x10=00000000
14245455ns          237982 1c008bdc 00008067 jalr             x0, x1, 0            x1:1c008ca2
14245514ns          237985 1c008ca2 4df52863 p.beqimm         x10, 1232           x10:00000000
14245534ns          237986 1c008ca6 00140413 addi             x8, x8, 1            x8=00000009  x8:00000008
14245554ns          237987 1c008ca8 001a450b p.lbu            x10, 1(x20!)        x10=00000065 x20=1c000063 x20:1c000062  PA:1c000062
14245912ns          238005 1c008cac fe0515e3 bne              x10, x0, -22        x10:00000065
14245992ns          238009 1c008c96 02500793 addi             x15, x0, 37         x15=00000025
14246012ns          238010 1c008c9a 04f50763 beq              x10, x15, 78        x10:00000065 x15:00000025
14246031ns          238011 1c008c9e 009005b3 add              x11, x0, x9         x11=00000002  x9:00000002
14246051ns          238012 1c008ca0 000c80e7 jalr             x1, x25, 0           x1=1c008ca2 x25:1c008bb6
14246091ns          238014 1c008bb6 000026b7 lui              x13, 0x2000         x13=00002000
14246111ns          238015 1c008bb8 f8068693 addi             x13, x13, -128      x13=00001f80 x13:00002000
14246131ns          238016 1c008bbc f14027f3 csrrs            x15, x0, 0xf14      x15=00000004
14246151ns          238017 1c008bc0 00379713 slli             x14, x15, 0x3       x14=00000020 x15:00000004
14246171ns          238018 1c008bc4 00279793 slli             x15, x15, 0x2       x15=00000010 x15:00000004
14246191ns          238019 1c008bc6 00d7f7b3 and              x15, x15, x13       x15=00000000 x15:00000010 x13:00001f80
14246210ns          238020 1c008bc8 ee873733 p.bclr           x14, x14, 23, 8     x14=00000020 x14:00000020
14246230ns          238021 1c008bcc 1a10f6b7 lui              x13, 0x1a10f000     x13=1a10f000
14246250ns          238022 1c008bd0 00d70733 add              x14, x14, x13       x14=1a10f020 x14:00000020 x13:1a10f000
14246270ns          238023 1c008bd2 00e787b3 add              x15, x15, x14       x15=1a10f020 x15:00000000 x14:1a10f020
14246290ns          238024 1c008bd4 0ff57513 andi             x10, x10, 255       x10=00000065 x10:00000065
14246310ns          238025 1c008bd8 00a7a023 sw               x10, 0(x15)         x10:00000065 x15:1a10f020  PA:1a10f020
14246628ns          238041 1c008bda 00000513 addi             x10, x0, 0          x10=00000000
14246648ns          238042 1c008bdc 00008067 jalr             x0, x1, 0            x1:1c008ca2
14246708ns          238045 1c008ca2 4df52863 p.beqimm         x10, 1232           x10:00000000
14246727ns          238046 1c008ca6 00140413 addi             x8, x8, 1            x8=0000000a  x8:00000009
14246747ns          238047 1c008ca8 001a450b p.lbu            x10, 1(x20!)        x10=00000020 x20=1c000064 x20:1c000063  PA:1c000063
14247066ns          238063 1c008cac fe0515e3 bne              x10, x0, -22        x10:00000020
14247145ns          238067 1c008c96 02500793 addi             x15, x0, 37         x15=00000025
14247165ns          238068 1c008c9a 04f50763 beq              x10, x15, 78        x10:00000020 x15:00000025
14247185ns          238069 1c008c9e 009005b3 add              x11, x0, x9         x11=00000002  x9:00000002
14247205ns          238070 1c008ca0 000c80e7 jalr             x1, x25, 0           x1=1c008ca2 x25:1c008bb6
14247245ns          238072 1c008bb6 000026b7 lui              x13, 0x2000         x13=00002000
14247264ns          238073 1c008bb8 f8068693 addi             x13, x13, -128      x13=00001f80 x13:00002000
14247284ns          238074 1c008bbc f14027f3 csrrs            x15, x0, 0xf14      x15=00000004
14247304ns          238075 1c008bc0 00379713 slli             x14, x15, 0x3       x14=00000020 x15:00000004
14247324ns          238076 1c008bc4 00279793 slli             x15, x15, 0x2       x15=00000010 x15:00000004
14247344ns          238077 1c008bc6 00d7f7b3 and              x15, x15, x13       x15=00000000 x15:00000010 x13:00001f80
14247364ns          238078 1c008bc8 ee873733 p.bclr           x14, x14, 23, 8     x14=00000020 x14:00000020
14247384ns          238079 1c008bcc 1a10f6b7 lui              x13, 0x1a10f000     x13=1a10f000
14247404ns          238080 1c008bd0 00d70733 add              x14, x14, x13       x14=1a10f020 x14:00000020 x13:1a10f000
14247424ns          238081 1c008bd2 00e787b3 add              x15, x15, x14       x15=1a10f020 x15:00000000 x14:1a10f020
14247443ns          238082 1c008bd4 0ff57513 andi             x10, x10, 255       x10=00000020 x10:00000020
14247463ns          238083 1c008bd8 00a7a023 sw               x10, 0(x15)         x10:00000020 x15:1a10f020  PA:1a10f020
14247782ns          238099 1c008bda 00000513 addi             x10, x0, 0          x10=00000000
14247801ns          238100 1c008bdc 00008067 jalr             x0, x1, 0            x1:1c008ca2
14247861ns          238103 1c008ca2 4df52863 p.beqimm         x10, 1232           x10:00000000
14247881ns          238104 1c008ca6 00140413 addi             x8, x8, 1            x8=0000000b  x8:0000000a
14247901ns          238105 1c008ca8 001a450b p.lbu            x10, 1(x20!)        x10=00000025 x20=1c000065 x20:1c000064  PA:1c000064
14248219ns          238121 1c008cac fe0515e3 bne              x10, x0, -22        x10:00000025
14248299ns          238125 1c008c96 02500793 addi             x15, x0, 37         x15=00000025
14248319ns          238126 1c008c9a 04f50763 beq              x10, x15, 78        x10:00000025 x15:00000025
14248418ns          238131 1c008ce8 01400c33 add              x24, x0, x20        x24=1c000065 x20:1c000065
14248458ns          238133 1c008cea 000c4a03 lbu              x20, 0(x24)         x20=00000064 x24:1c000065  PA:1c000065
14248756ns          238148 1c008cee 0b4d0513 addi             x10, x26, 180       x10=1c0000b4 x26:1c000000
14248776ns          238149 1c008cf2 00912e23 sw               x9, 28(x2)           x9:00000002  x2:10002618  PA:10002634
14248796ns          238150 1c008cf4 014005b3 add              x11, x0, x20        x11=00000064 x20:00000064
14248816ns          238151 1c008cf6 00012823 sw               x0, 16(x2)           x2:10002618  PA:10002628
14248836ns          238152 1c008cf8 00012a23 sw               x0, 20(x2)           x2:10002618  PA:1000262c
14248856ns          238153 1c008cfa 00012623 sw               x0, 12(x2)           x2:10002618  PA:10002624
14248875ns          238154 1c008cfc 001c0493 addi             x9, x24, 1           x9=1c000066 x24:1c000065
14248895ns          238155 1c008d00 e41ff0ef jal              x1, -448             x1=1c008d02
14248935ns          238157 1c008b40 00054703 lbu              x14, 0(x10)         x14=0000002d x10:1c0000b4  PA:1c0000b4
14249233ns          238172 1c008b44 0ff5f593 andi             x11, x11, 255       x11=00000064 x11:00000064
14249253ns          238173 1c008b48 00a007b3 add              x15, x0, x10        x15=1c0000b4 x10:1c0000b4
14249273ns          238174 1c008b4a 00b70863 beq              x14, x11, 16        x14:0000002d x11:00000064
14249293ns          238175 1c008b4e 00070863 beq              x14, x0, 16         x14:0000002d
14249313ns          238176 1c008b50 0017c703 lbu              x14, 1(x15)         x14=0000002b x15:1c0000b4  PA:1c0000b5
14249611ns          238191 1c008b54 00178793 addi             x15, x15, 1         x15=1c0000b5 x15:1c0000b4
14249631ns          238192 1c008b56 feb71ce3 bne              x14, x11, -8        x14:0000002b x11:00000064
14249691ns          238195 1c008b4e 00070863 beq              x14, x0, 16         x14:0000002b
14249711ns          238196 1c008b50 0017c703 lbu              x14, 1(x15)         x14=00000020 x15:1c0000b5  PA:1c0000b6
14250029ns          238212 1c008b54 00178793 addi             x15, x15, 1         x15=1c0000b6 x15:1c0000b5
14250049ns          238213 1c008b56 feb71ce3 bne              x14, x11, -8        x14:00000020 x11:00000064
14250108ns          238216 1c008b4e 00070863 beq              x14, x0, 16         x14:00000020
14250128ns          238217 1c008b50 0017c703 lbu              x14, 1(x15)         x14=00000023 x15:1c0000b6  PA:1c0000b7
14250427ns          238232 1c008b54 00178793 addi             x15, x15, 1         x15=1c0000b7 x15:1c0000b6
14250447ns          238233 1c008b56 feb71ce3 bne              x14, x11, -8        x14:00000023 x11:00000064
14250506ns          238236 1c008b4e 00070863 beq              x14, x0, 16         x14:00000023
14250526ns          238237 1c008b50 0017c703 lbu              x14, 1(x15)         x14=00000030 x15:1c0000b7  PA:1c0000b8
14250824ns          238252 1c008b54 00178793 addi             x15, x15, 1         x15=1c0000b8 x15:1c0000b7
14250844ns          238253 1c008b56 feb71ce3 bne              x14, x11, -8        x14:00000030 x11:00000064
14250904ns          238256 1c008b4e 00070863 beq              x14, x0, 16         x14:00000030
14250924ns          238257 1c008b50 0017c703 lbu              x14, 1(x15)         x14=00000000 x15:1c0000b8  PA:1c0000b9
14251222ns          238272 1c008b54 00178793 addi             x15, x15, 1         x15=1c0000b9 x15:1c0000b8
14251242ns          238273 1c008b56 feb71ce3 bne              x14, x11, -8        x14:00000000 x11:00000064
14251302ns          238276 1c008b4e 00070863 beq              x14, x0, 16         x14:00000000
14251361ns          238279 1c008b5e 00000513 addi             x10, x0, 0          x10=00000000
14251381ns          238280 1c008b60 fe058de3 beq              x11, x0, -6         x11:00000064
14251401ns          238281 1c008b62 00008067 jalr             x0, x1, 0            x1:1c008d02
14251461ns          238284 1c008d02 02000913 addi             x18, x0, 32         x18=00000020
14251481ns          238285 1c008d06 00000993 addi             x19, x0, 0          x19=00000000
14251501ns          238286 1c008d08 02b00a93 addi             x21, x0, 43         x21=0000002b
14251520ns          238287 1c008d0c 02d00b93 addi             x23, x0, 45         x23=0000002d
14251560ns          238289 1c008d10 03000b13 addi             x22, x0, 48         x22=00000030
14251600ns          238291 1c008d14 00900633 add              x12, x0, x9         x12=1c000066  x9:1c000066
14251620ns          238292 1c008d16 02050963 beq              x10, x0, 50         x10:00000000
14251779ns          238300 1c008d48 03312623 sw               x19, 44(x2)         x19:00000000  x2:10002618  PA:10002644
14251819ns          238302 1c008d4a 02a00693 addi             x13, x0, 42         x13=0000002a
14251839ns          238303 1c008d4e 014009b3 add              x19, x0, x20        x19=00000064 x20:00000064
14251878ns          238305 1c008d50 01800a33 add              x20, x0, x24        x20=1c000065 x24:1c000065
14251898ns          238306 1c008d52 00900c33 add              x24, x0, x9         x24=1c000066  x9:1c000066
14251918ns          238307 1c008d54 01c12483 lw               x9, 28(x2)           x9=00000002  x2:10002618  PA:10002634
14251938ns          238308 1c008d56 42d98063 beq              x19, x13, 1056      x19:00000064 x13:0000002a
14251958ns          238309 1c008d5a fd098693 addi             x13, x19, -48       x13=00000034 x19:00000064
14251978ns          238310 1c008d5e 00900513 addi             x10, x0, 9          x10=00000009
14251998ns          238311 1c008d60 00000a93 addi             x21, x0, 0          x21=00000000
14252018ns          238312 1c008d62 3cd57f63 bgeu             x10, x13, 990       x10:00000009 x13:00000034
14252038ns          238313 1c008d66 02e00793 addi             x15, x0, 46         x15=0000002e
14252057ns          238314 1c008d6a fff00b13 addi             x22, x0, -1         x22=ffffffff
14252077ns          238315 1c008d6c 04f981e3 beq              x19, x15, 2114      x19:00000064 x15:0000002e
14252097ns          238316 1c008d70 1c0007b7 lui              x15, 0x1c000000     x15=1c000000
14252117ns          238317 1c008d74 013005b3 add              x11, x0, x19        x11=00000064 x19:00000064
14252137ns          238318 1c008d76 0bc78513 addi             x10, x15, 188       x10=1c0000bc x15:1c000000
14252157ns          238319 1c008d7a 00c12e23 sw               x12, 28(x2)         x12:1c000066  x2:10002618  PA:10002634
14252177ns          238320 1c008d7c dc5ff0ef jal              x1, -572             x1=1c008d7e
14252217ns          238322 1c008b40 00054703 lbu              x14, 0(x10)         x14=00000068 x10:1c0000bc  PA:1c0000bc
14252515ns          238337 1c008b44 0ff5f593 andi             x11, x11, 255       x11=00000064 x11:00000064
14252535ns          238338 1c008b48 00a007b3 add              x15, x0, x10        x15=1c0000bc x10:1c0000bc
14252555ns          238339 1c008b4a 00b70863 beq              x14, x11, 16        x14:00000068 x11:00000064
14252575ns          238340 1c008b4e 00070863 beq              x14, x0, 16         x14:00000068
14252594ns          238341 1c008b50 0017c703 lbu              x14, 1(x15)         x14=0000006c x15:1c0000bc  PA:1c0000bd
14252913ns          238357 1c008b54 00178793 addi             x15, x15, 1         x15=1c0000bd x15:1c0000bc
14252933ns          238358 1c008b56 feb71ce3 bne              x14, x11, -8        x14:0000006c x11:00000064
14252992ns          238361 1c008b4e 00070863 beq              x14, x0, 16         x14:0000006c
14253012ns          238362 1c008b50 0017c703 lbu              x14, 1(x15)         x14=0000004c x15:1c0000bd  PA:1c0000be
14253390ns          238381 1c008b54 00178793 addi             x15, x15, 1         x15=1c0000be x15:1c0000bd
14253410ns          238382 1c008b56 feb71ce3 bne              x14, x11, -8        x14:0000004c x11:00000064
14253470ns          238385 1c008b4e 00070863 beq              x14, x0, 16         x14:0000004c
14253489ns          238386 1c008b50 0017c703 lbu              x14, 1(x15)         x14=0000007a x15:1c0000be  PA:1c0000bf
14253808ns          238402 1c008b54 00178793 addi             x15, x15, 1         x15=1c0000bf x15:1c0000be
14253828ns          238403 1c008b56 feb71ce3 bne              x14, x11, -8        x14:0000007a x11:00000064
14253887ns          238406 1c008b4e 00070863 beq              x14, x0, 16         x14:0000007a
14253907ns          238407 1c008b50 0017c703 lbu              x14, 1(x15)         x14=00000000 x15:1c0000bf  PA:1c0000c0
14254205ns          238422 1c008b54 00178793 addi             x15, x15, 1         x15=1c0000c0 x15:1c0000bf
14254225ns          238423 1c008b56 feb71ce3 bne              x14, x11, -8        x14:00000000 x11:00000064
14254285ns          238426 1c008b4e 00070863 beq              x14, x0, 16         x14:00000000
14254345ns          238429 1c008b5e 00000513 addi             x10, x0, 0          x10=00000000
14254364ns          238430 1c008b60 fe058de3 beq              x11, x0, -6         x11:00000064
14254384ns          238431 1c008b62 00008067 jalr             x0, x1, 0            x1:1c008d7e
14254424ns          238433 1c008d7e 01c12603 lw               x12, 28(x2)         x12=1c000066  x2:10002618  PA:10002634
14254464ns          238435 1c008d80 00c00a33 add              x20, x0, x12        x20=1c000066 x12:1c000066
14254484ns          238436 1c008d82 00050563 beq              x10, x0, 10         x10:00000000
14254543ns          238439 1c008d8c 06900793 addi             x15, x0, 105        x15=00000069
14254563ns          238440 1c008d90 1cf98be3 beq              x19, x15, 2518      x19:00000064 x15:00000069
14254583ns          238441 1c008d94 4b37ce63 blt              x15, x19, 1212      x15:00000069 x19:00000064
14254603ns          238442 1c008d98 05800793 addi             x15, x0, 88         x15=00000058
14254623ns          238443 1c008d9c 4cf98863 beq              x19, x15, 1232      x19:00000064 x15:00000058
14254683ns          238446 1c008da0 3f37cd63 blt              x15, x19, 1018      x15:00000058 x19:00000064
14254822ns          238453 1c00919a 06400793 addi             x15, x0, 100        x15=00000064
14254882ns          238456 1c00919e 5cf98463 beq              x19, x15, 1480      x19:00000064 x15:00000064
14254981ns          238461 1c009766 01812b83 lw               x23, 24(x2)         x23=10002780  x2:10002618  PA:10002630
14255021ns          238463 1c009768 004ba60b p.lw             x12, 4(x23!)        x12=00000004 x23=10002784 x23:10002780  PA:10002780
14255061ns          238465 1c00976c 48064963 blt              x12, x0, 1170       x12:00000004
14255100ns          238467 1c009770 01412783 lw               x15, 20(x2)         x15=00000000  x2:10002618  PA:1000262c
14255120ns          238468 1c009772 00c00733 add              x14, x0, x12        x14=00000004 x12:00000004
14255140ns          238469 1c009774 56078863 beq              x15, x0, 1392       x15:00000000
14255240ns          238474 1c009ce4 01012783 lw               x15, 16(x2)         x15=00000000  x2:10002618  PA:10002628
14255259ns          238475 1c009ce6 01b00533 add              x10, x0, x27        x10=1000264c x27:1000264c
14255279ns          238476 1c009ce8 a8078ee3 beq              x15, x0, -1380      x15:00000000
14255339ns          238479 1c009784 00a007b3 add              x15, x0, x10        x15=1000264c x10:1000264c
14255359ns          238480 1c009786 00a00593 addi             x11, x0, 10         x11=0000000a
14255379ns          238481 1c009788 00900313 addi             x6, x0, 9            x6=00000009
14255399ns          238482 1c00978a 02b776b3 remu             x13, x14, x11       x13=00000004 x14:00000004 x11:0000000a
14256015ns          238513 1c00978e 00e00833 add              x16, x0, x14        x16=00000004 x14:00000004
14256035ns          238514 1c009790 00f008b3 add              x17, x0, x15        x17=1000264c x15:1000264c
14256055ns          238515 1c009792 03068693 addi             x13, x13, 48        x13=00000034 x13:00000004
14256075ns          238516 1c009796 00d780ab p.sb             x13, 1(x15!)        x15=1000264d x13:00000034 x15:1000264c  PA:1000264c
14256095ns          238517 1c00979a 02b75733 divu             x14, x14, x11       x14=00000000 x14:00000004 x11:0000000a
14256731ns          238549 1c00979e ff0366e3 bltu             x6, x16, -20         x6:00000009 x16:00000004
14256751ns          238550 1c0097a2 40a78733 sub              x14, x15, x10       x14=00000001 x15:1000264d x10:1000264c
14256771ns          238551 1c0097a6 01675c63 bge              x14, x22, 24        x14:00000001 x22:ffffffff
14256950ns          238560 1c0097be 00078023 sb               x0, 0(x15)          x15:1000264d  PA:1000264d
14256990ns          238562 1c0097c2 0b157563 bgeu             x10, x17, 170       x10:1000264c x17:1000264c
14257049ns          238565 1c00986c 01412703 lw               x14, 20(x2)         x14=00000000  x2:10002618  PA:1000262c
14257069ns          238566 1c00986e 01012683 lw               x13, 16(x2)         x13=00000000  x2:10002618  PA:10002628
14257089ns          238567 1c009870 41b787b3 sub              x15, x15, x27       x15=00000001 x15:1000264d x27:1000264c
14257109ns          238568 1c009874 00d76733 or               x14, x14, x13       x14=00000000 x14:00000000 x13:00000000
14257129ns          238569 1c009876 02e12623 sw               x14, 44(x2)         x14:00000000  x2:10002618  PA:10002644
14257149ns          238570 1c009878 b0071be3 bne              x14, x0, -1258      x14:00000000
14257169ns          238571 1c00987c 01f65713 srli             x14, x12, 0x1f      x14=00000000 x12:00000004
14257189ns          238572 1c009880 02e12623 sw               x14, 44(x2)         x14:00000000  x2:10002618  PA:10002644
14257208ns          238573 1c009882 b0dff06f jal              x0, -1268          
14257308ns          238578 1c00938e ebfb2be3 p.beqimm         x22, -330           x22:ffffffff
14257407ns          238583 1c009244 0c800713 addi             x14, x0, 200        x14=000000c8
14257447ns          238585 1c009248 14f75b63 bge              x14, x15, 342       x14:000000c8 x15:00000001
14257566ns          238591 1c00939e 00178613 addi             x12, x15, 1         x12=00000002 x15:00000001
14257606ns          238593 1c0093a2 0557c863 blt              x15, x21, 80        x15:00000001 x21:00000000
14257626ns          238594 1c0093a6 01712c23 sw               x23, 24(x2)         x23:10002784  x2:10002618  PA:10002630
14257646ns          238595 1c0093a8 00f00ab3 add              x21, x0, x15        x21=00000001 x15:00000001
14257666ns          238596 1c0093aa 8e0a8fe3 beq              x21, x0, -1794      x21:00000001
14257686ns          238597 1c0093ae 01b00933 add              x18, x0, x27        x18=1000264c x27:1000264c
14257706ns          238598 1c0093b0 41b409b3 sub              x19, x8, x27        x19=efffd9bf  x8:0000000b x27:1000264c
14257726ns          238599 1c0093b4 01ba8ab3 add              x21, x21, x27       x21=1000264d x21:00000001 x27:1000264c
14257745ns          238600 1c0093b6 00a0006f jal              x0, 10             
14257825ns          238604 1c0093c0 0019450b p.lbu            x10, 1(x18!)        x10=00000034 x18=1000264d x18:1000264c  PA:1000264c
14257845ns          238605 1c0093c4 009005b3 add              x11, x0, x9         x11=00000002  x9:00000002
14257865ns          238606 1c0093c6 000c80e7 jalr             x1, x25, 0           x1=1c0093c8 x25:1c008bb6
14257944ns          238610 1c008bb6 000026b7 lui              x13, 0x2000         x13=00002000
14257984ns          238612 1c008bb8 f8068693 addi             x13, x13, -128      x13=00001f80 x13:00002000
14258004ns          238613 1c008bbc f14027f3 csrrs            x15, x0, 0xf14      x15=00000004
14258024ns          238614 1c008bc0 00379713 slli             x14, x15, 0x3       x14=00000020 x15:00000004
14258044ns          238615 1c008bc4 00279793 slli             x15, x15, 0x2       x15=00000010 x15:00000004
14258064ns          238616 1c008bc6 00d7f7b3 and              x15, x15, x13       x15=00000000 x15:00000010 x13:00001f80
14258084ns          238617 1c008bc8 ee873733 p.bclr           x14, x14, 23, 8     x14=00000020 x14:00000020
14258103ns          238618 1c008bcc 1a10f6b7 lui              x13, 0x1a10f000     x13=1a10f000
14258123ns          238619 1c008bd0 00d70733 add              x14, x14, x13       x14=1a10f020 x14:00000020 x13:1a10f000
14258143ns          238620 1c008bd2 00e787b3 add              x15, x15, x14       x15=1a10f020 x15:00000000 x14:1a10f020
14258163ns          238621 1c008bd4 0ff57513 andi             x10, x10, 255       x10=00000034 x10:00000034
14258183ns          238622 1c008bd8 00a7a023 sw               x10, 0(x15)         x10:00000034 x15:1a10f020  PA:1a10f020
14258501ns          238638 1c008bda 00000513 addi             x10, x0, 0          x10=00000000
14258521ns          238639 1c008bdc 00008067 jalr             x0, x1, 0            x1:1c0093c8
14258561ns          238641 1c0093c8 fff538e3 p.bneimm         x10, -16            x10:00000000
14258720ns          238649 1c0093b8 01298433 add              x8, x19, x18         x8=0000000c x19:efffd9bf x18:1000264d
14258760ns          238651 1c0093bc 8f2a86e3 beq              x21, x18, -1812     x21:1000264d x18:1000264d
14258819ns          238654 1c008ca8 001a450b p.lbu            x10, 1(x20!)        x10=00000029 x20=1c000067 x20:1c000066  PA:1c000066
14259157ns          238671 1c008cac fe0515e3 bne              x10, x0, -22        x10:00000029
14259237ns          238675 1c008c96 02500793 addi             x15, x0, 37         x15=00000025
14259257ns          238676 1c008c9a 04f50763 beq              x10, x15, 78        x10:00000029 x15:00000025
14259277ns          238677 1c008c9e 009005b3 add              x11, x0, x9         x11=00000002  x9:00000002
14259297ns          238678 1c008ca0 000c80e7 jalr             x1, x25, 0           x1=1c008ca2 x25:1c008bb6
14259336ns          238680 1c008bb6 000026b7 lui              x13, 0x2000         x13=00002000
14259356ns          238681 1c008bb8 f8068693 addi             x13, x13, -128      x13=00001f80 x13:00002000
14259376ns          238682 1c008bbc f14027f3 csrrs            x15, x0, 0xf14      x15=00000004
14259396ns          238683 1c008bc0 00379713 slli             x14, x15, 0x3       x14=00000020 x15:00000004
14259416ns          238684 1c008bc4 00279793 slli             x15, x15, 0x2       x15=00000010 x15:00000004
14259436ns          238685 1c008bc6 00d7f7b3 and              x15, x15, x13       x15=00000000 x15:00000010 x13:00001f80
14259456ns          238686 1c008bc8 ee873733 p.bclr           x14, x14, 23, 8     x14=00000020 x14:00000020
14259476ns          238687 1c008bcc 1a10f6b7 lui              x13, 0x1a10f000     x13=1a10f000
14259496ns          238688 1c008bd0 00d70733 add              x14, x14, x13       x14=1a10f020 x14:00000020 x13:1a10f000
14259515ns          238689 1c008bd2 00e787b3 add              x15, x15, x14       x15=1a10f020 x15:00000000 x14:1a10f020
14259535ns          238690 1c008bd4 0ff57513 andi             x10, x10, 255       x10=00000029 x10:00000029
14259555ns          238691 1c008bd8 00a7a023 sw               x10, 0(x15)         x10:00000029 x15:1a10f020  PA:1a10f020
14259873ns          238707 1c008bda 00000513 addi             x10, x0, 0          x10=00000000
14259893ns          238708 1c008bdc 00008067 jalr             x0, x1, 0            x1:1c008ca2
14259953ns          238711 1c008ca2 4df52863 p.beqimm         x10, 1232           x10:00000000
14259973ns          238712 1c008ca6 00140413 addi             x8, x8, 1            x8=0000000d  x8:0000000c
14259993ns          238713 1c008ca8 001a450b p.lbu            x10, 1(x20!)        x10=00000020 x20=1c000068 x20:1c000067  PA:1c000067
14260331ns          238730 1c008cac fe0515e3 bne              x10, x0, -22        x10:00000020
14260410ns          238734 1c008c96 02500793 addi             x15, x0, 37         x15=00000025
14260430ns          238735 1c008c9a 04f50763 beq              x10, x15, 78        x10:00000020 x15:00000025
14260450ns          238736 1c008c9e 009005b3 add              x11, x0, x9         x11=00000002  x9:00000002
14260470ns          238737 1c008ca0 000c80e7 jalr             x1, x25, 0           x1=1c008ca2 x25:1c008bb6
14260510ns          238739 1c008bb6 000026b7 lui              x13, 0x2000         x13=00002000
14260530ns          238740 1c008bb8 f8068693 addi             x13, x13, -128      x13=00001f80 x13:00002000
14260550ns          238741 1c008bbc f14027f3 csrrs            x15, x0, 0xf14      x15=00000004
14260570ns          238742 1c008bc0 00379713 slli             x14, x15, 0x3       x14=00000020 x15:00000004
14260589ns          238743 1c008bc4 00279793 slli             x15, x15, 0x2       x15=00000010 x15:00000004
14260609ns          238744 1c008bc6 00d7f7b3 and              x15, x15, x13       x15=00000000 x15:00000010 x13:00001f80
14260629ns          238745 1c008bc8 ee873733 p.bclr           x14, x14, 23, 8     x14=00000020 x14:00000020
14260649ns          238746 1c008bcc 1a10f6b7 lui              x13, 0x1a10f000     x13=1a10f000
14260669ns          238747 1c008bd0 00d70733 add              x14, x14, x13       x14=1a10f020 x14:00000020 x13:1a10f000
14260689ns          238748 1c008bd2 00e787b3 add              x15, x15, x14       x15=1a10f020 x15:00000000 x14:1a10f020
14260709ns          238749 1c008bd4 0ff57513 andi             x10, x10, 255       x10=00000020 x10:00000020
14260729ns          238750 1c008bd8 00a7a023 sw               x10, 0(x15)         x10:00000020 x15:1a10f020  PA:1a10f020
14261047ns          238766 1c008bda 00000513 addi             x10, x0, 0          x10=00000000
14261067ns          238767 1c008bdc 00008067 jalr             x0, x1, 0            x1:1c008ca2
14261126ns          238770 1c008ca2 4df52863 p.beqimm         x10, 1232           x10:00000000
14261146ns          238771 1c008ca6 00140413 addi             x8, x8, 1            x8=0000000e  x8:0000000d
14261166ns          238772 1c008ca8 001a450b p.lbu            x10, 1(x20!)        x10=00000045 x20=1c000069 x20:1c000068  PA:1c000068
14261504ns          238789 1c008cac fe0515e3 bne              x10, x0, -22        x10:00000045
14261584ns          238793 1c008c96 02500793 addi             x15, x0, 37         x15=00000025
14261604ns          238794 1c008c9a 04f50763 beq              x10, x15, 78        x10:00000045 x15:00000025
14261624ns          238795 1c008c9e 009005b3 add              x11, x0, x9         x11=00000002  x9:00000002
14261643ns          238796 1c008ca0 000c80e7 jalr             x1, x25, 0           x1=1c008ca2 x25:1c008bb6
14261683ns          238798 1c008bb6 000026b7 lui              x13, 0x2000         x13=00002000
14261703ns          238799 1c008bb8 f8068693 addi             x13, x13, -128      x13=00001f80 x13:00002000
14261723ns          238800 1c008bbc f14027f3 csrrs            x15, x0, 0xf14      x15=00000004
14261743ns          238801 1c008bc0 00379713 slli             x14, x15, 0x3       x14=00000020 x15:00000004
14261763ns          238802 1c008bc4 00279793 slli             x15, x15, 0x2       x15=00000010 x15:00000004
14261783ns          238803 1c008bc6 00d7f7b3 and              x15, x15, x13       x15=00000000 x15:00000010 x13:00001f80
14261803ns          238804 1c008bc8 ee873733 p.bclr           x14, x14, 23, 8     x14=00000020 x14:00000020
14261822ns          238805 1c008bcc 1a10f6b7 lui              x13, 0x1a10f000     x13=1a10f000
14261842ns          238806 1c008bd0 00d70733 add              x14, x14, x13       x14=1a10f020 x14:00000020 x13:1a10f000
14261862ns          238807 1c008bd2 00e787b3 add              x15, x15, x14       x15=1a10f020 x15:00000000 x14:1a10f020
14261882ns          238808 1c008bd4 0ff57513 andi             x10, x10, 255       x10=00000045 x10:00000045
14261902ns          238809 1c008bd8 00a7a023 sw               x10, 0(x15)         x10:00000045 x15:1a10f020  PA:1a10f020
14262220ns          238825 1c008bda 00000513 addi             x10, x0, 0          x10=00000000
14262240ns          238826 1c008bdc 00008067 jalr             x0, x1, 0            x1:1c008ca2
14262300ns          238829 1c008ca2 4df52863 p.beqimm         x10, 1232           x10:00000000
14262320ns          238830 1c008ca6 00140413 addi             x8, x8, 1            x8=0000000f  x8:0000000e
14262340ns          238831 1c008ca8 001a450b p.lbu            x10, 1(x20!)        x10=00000072 x20=1c00006a x20:1c000069  PA:1c000069
14262678ns          238848 1c008cac fe0515e3 bne              x10, x0, -22        x10:00000072
14262757ns          238852 1c008c96 02500793 addi             x15, x0, 37         x15=00000025
14262777ns          238853 1c008c9a 04f50763 beq              x10, x15, 78        x10:00000072 x15:00000025
14262797ns          238854 1c008c9e 009005b3 add              x11, x0, x9         x11=00000002  x9:00000002
14262817ns          238855 1c008ca0 000c80e7 jalr             x1, x25, 0           x1=1c008ca2 x25:1c008bb6
14262857ns          238857 1c008bb6 000026b7 lui              x13, 0x2000         x13=00002000
14262877ns          238858 1c008bb8 f8068693 addi             x13, x13, -128      x13=00001f80 x13:00002000
14262896ns          238859 1c008bbc f14027f3 csrrs            x15, x0, 0xf14      x15=00000004
14262916ns          238860 1c008bc0 00379713 slli             x14, x15, 0x3       x14=00000020 x15:00000004
14262936ns          238861 1c008bc4 00279793 slli             x15, x15, 0x2       x15=00000010 x15:00000004
14262956ns          238862 1c008bc6 00d7f7b3 and              x15, x15, x13       x15=00000000 x15:00000010 x13:00001f80
14262976ns          238863 1c008bc8 ee873733 p.bclr           x14, x14, 23, 8     x14=00000020 x14:00000020
14262996ns          238864 1c008bcc 1a10f6b7 lui              x13, 0x1a10f000     x13=1a10f000
14263016ns          238865 1c008bd0 00d70733 add              x14, x14, x13       x14=1a10f020 x14:00000020 x13:1a10f000
14263036ns          238866 1c008bd2 00e787b3 add              x15, x15, x14       x15=1a10f020 x15:00000000 x14:1a10f020
14263056ns          238867 1c008bd4 0ff57513 andi             x10, x10, 255       x10=00000072 x10:00000072
14263075ns          238868 1c008bd8 00a7a023 sw               x10, 0(x15)         x10:00000072 x15:1a10f020  PA:1a10f020
14263394ns          238884 1c008bda 00000513 addi             x10, x0, 0          x10=00000000
14263414ns          238885 1c008bdc 00008067 jalr             x0, x1, 0            x1:1c008ca2
14263473ns          238888 1c008ca2 4df52863 p.beqimm         x10, 1232           x10:00000000
14263493ns          238889 1c008ca6 00140413 addi             x8, x8, 1            x8=00000010  x8:0000000f
14263513ns          238890 1c008ca8 001a450b p.lbu            x10, 1(x20!)        x10=00000072 x20=1c00006b x20:1c00006a  PA:1c00006a
14263851ns          238907 1c008cac fe0515e3 bne              x10, x0, -22        x10:00000072
14263931ns          238911 1c008c96 02500793 addi             x15, x0, 37         x15=00000025
14263950ns          238912 1c008c9a 04f50763 beq              x10, x15, 78        x10:00000072 x15:00000025
14263970ns          238913 1c008c9e 009005b3 add              x11, x0, x9         x11=00000002  x9:00000002
14263990ns          238914 1c008ca0 000c80e7 jalr             x1, x25, 0           x1=1c008ca2 x25:1c008bb6
14264030ns          238916 1c008bb6 000026b7 lui              x13, 0x2000         x13=00002000
14264050ns          238917 1c008bb8 f8068693 addi             x13, x13, -128      x13=00001f80 x13:00002000
14264070ns          238918 1c008bbc f14027f3 csrrs            x15, x0, 0xf14      x15=00000004
14264090ns          238919 1c008bc0 00379713 slli             x14, x15, 0x3       x14=00000020 x15:00000004
14264110ns          238920 1c008bc4 00279793 slli             x15, x15, 0x2       x15=00000010 x15:00000004
14264129ns          238921 1c008bc6 00d7f7b3 and              x15, x15, x13       x15=00000000 x15:00000010 x13:00001f80
14264149ns          238922 1c008bc8 ee873733 p.bclr           x14, x14, 23, 8     x14=00000020 x14:00000020
14264169ns          238923 1c008bcc 1a10f6b7 lui              x13, 0x1a10f000     x13=1a10f000
14264189ns          238924 1c008bd0 00d70733 add              x14, x14, x13       x14=1a10f020 x14:00000020 x13:1a10f000
14264209ns          238925 1c008bd2 00e787b3 add              x15, x15, x14       x15=1a10f020 x15:00000000 x14:1a10f020
14264229ns          238926 1c008bd4 0ff57513 andi             x10, x10, 255       x10=00000072 x10:00000072
14264249ns          238927 1c008bd8 00a7a023 sw               x10, 0(x15)         x10:00000072 x15:1a10f020  PA:1a10f020
14264567ns          238943 1c008bda 00000513 addi             x10, x0, 0          x10=00000000
14264587ns          238944 1c008bdc 00008067 jalr             x0, x1, 0            x1:1c008ca2
14264647ns          238947 1c008ca2 4df52863 p.beqimm         x10, 1232           x10:00000000
14264666ns          238948 1c008ca6 00140413 addi             x8, x8, 1            x8=00000011  x8:00000010
14264686ns          238949 1c008ca8 001a450b p.lbu            x10, 1(x20!)        x10=0000006f x20=1c00006c x20:1c00006b  PA:1c00006b
14265024ns          238966 1c008cac fe0515e3 bne              x10, x0, -22        x10:0000006f
14265104ns          238970 1c008c96 02500793 addi             x15, x0, 37         x15=00000025
14265124ns          238971 1c008c9a 04f50763 beq              x10, x15, 78        x10:0000006f x15:00000025
14265144ns          238972 1c008c9e 009005b3 add              x11, x0, x9         x11=00000002  x9:00000002
14265164ns          238973 1c008ca0 000c80e7 jalr             x1, x25, 0           x1=1c008ca2 x25:1c008bb6
14265203ns          238975 1c008bb6 000026b7 lui              x13, 0x2000         x13=00002000
14265223ns          238976 1c008bb8 f8068693 addi             x13, x13, -128      x13=00001f80 x13:00002000
14265243ns          238977 1c008bbc f14027f3 csrrs            x15, x0, 0xf14      x15=00000004
14265263ns          238978 1c008bc0 00379713 slli             x14, x15, 0x3       x14=00000020 x15:00000004
14265283ns          238979 1c008bc4 00279793 slli             x15, x15, 0x2       x15=00000010 x15:00000004
14265303ns          238980 1c008bc6 00d7f7b3 and              x15, x15, x13       x15=00000000 x15:00000010 x13:00001f80
14265323ns          238981 1c008bc8 ee873733 p.bclr           x14, x14, 23, 8     x14=00000020 x14:00000020
14265343ns          238982 1c008bcc 1a10f6b7 lui              x13, 0x1a10f000     x13=1a10f000
14265363ns          238983 1c008bd0 00d70733 add              x14, x14, x13       x14=1a10f020 x14:00000020 x13:1a10f000
14265382ns          238984 1c008bd2 00e787b3 add              x15, x15, x14       x15=1a10f020 x15:00000000 x14:1a10f020
14265402ns          238985 1c008bd4 0ff57513 andi             x10, x10, 255       x10=0000006f x10:0000006f
14265422ns          238986 1c008bd8 00a7a023 sw               x10, 0(x15)         x10:0000006f x15:1a10f020  PA:1a10f020
14265740ns          239002 1c008bda 00000513 addi             x10, x0, 0          x10=00000000
14265760ns          239003 1c008bdc 00008067 jalr             x0, x1, 0            x1:1c008ca2
14265820ns          239006 1c008ca2 4df52863 p.beqimm         x10, 1232           x10:00000000
14265840ns          239007 1c008ca6 00140413 addi             x8, x8, 1            x8=00000012  x8:00000011
14265860ns          239008 1c008ca8 001a450b p.lbu            x10, 1(x20!)        x10=00000072 x20=1c00006d x20:1c00006c  PA:1c00006c
14266198ns          239025 1c008cac fe0515e3 bne              x10, x0, -22        x10:00000072
14266277ns          239029 1c008c96 02500793 addi             x15, x0, 37         x15=00000025
14266297ns          239030 1c008c9a 04f50763 beq              x10, x15, 78        x10:00000072 x15:00000025
14266317ns          239031 1c008c9e 009005b3 add              x11, x0, x9         x11=00000002  x9:00000002
14266337ns          239032 1c008ca0 000c80e7 jalr             x1, x25, 0           x1=1c008ca2 x25:1c008bb6
14266377ns          239034 1c008bb6 000026b7 lui              x13, 0x2000         x13=00002000
14266397ns          239035 1c008bb8 f8068693 addi             x13, x13, -128      x13=00001f80 x13:00002000
14266417ns          239036 1c008bbc f14027f3 csrrs            x15, x0, 0xf14      x15=00000004
14266436ns          239037 1c008bc0 00379713 slli             x14, x15, 0x3       x14=00000020 x15:00000004
14266456ns          239038 1c008bc4 00279793 slli             x15, x15, 0x2       x15=00000010 x15:00000004
14266476ns          239039 1c008bc6 00d7f7b3 and              x15, x15, x13       x15=00000000 x15:00000010 x13:00001f80
14266496ns          239040 1c008bc8 ee873733 p.bclr           x14, x14, 23, 8     x14=00000020 x14:00000020
14266516ns          239041 1c008bcc 1a10f6b7 lui              x13, 0x1a10f000     x13=1a10f000
14266536ns          239042 1c008bd0 00d70733 add              x14, x14, x13       x14=1a10f020 x14:00000020 x13:1a10f000
14266556ns          239043 1c008bd2 00e787b3 add              x15, x15, x14       x15=1a10f020 x15:00000000 x14:1a10f020
14266576ns          239044 1c008bd4 0ff57513 andi             x10, x10, 255       x10=00000072 x10:00000072
14266596ns          239045 1c008bd8 00a7a023 sw               x10, 0(x15)         x10:00000072 x15:1a10f020  PA:1a10f020
14266934ns          239062 1c008bda 00000513 addi             x10, x0, 0          x10=00000000
14266954ns          239063 1c008bdc 00008067 jalr             x0, x1, 0            x1:1c008ca2
14267013ns          239066 1c008ca2 4df52863 p.beqimm         x10, 1232           x10:00000000
14267033ns          239067 1c008ca6 00140413 addi             x8, x8, 1            x8=00000013  x8:00000012
14267053ns          239068 1c008ca8 001a450b p.lbu            x10, 1(x20!)        x10=00000073 x20=1c00006e x20:1c00006d  PA:1c00006d
14267391ns          239085 1c008cac fe0515e3 bne              x10, x0, -22        x10:00000073
14267471ns          239089 1c008c96 02500793 addi             x15, x0, 37         x15=00000025
14267491ns          239090 1c008c9a 04f50763 beq              x10, x15, 78        x10:00000073 x15:00000025
14267510ns          239091 1c008c9e 009005b3 add              x11, x0, x9         x11=00000002  x9:00000002
14267530ns          239092 1c008ca0 000c80e7 jalr             x1, x25, 0           x1=1c008ca2 x25:1c008bb6
14267570ns          239094 1c008bb6 000026b7 lui              x13, 0x2000         x13=00002000
14267590ns          239095 1c008bb8 f8068693 addi             x13, x13, -128      x13=00001f80 x13:00002000
14267610ns          239096 1c008bbc f14027f3 csrrs            x15, x0, 0xf14      x15=00000004
14267630ns          239097 1c008bc0 00379713 slli             x14, x15, 0x3       x14=00000020 x15:00000004
14267650ns          239098 1c008bc4 00279793 slli             x15, x15, 0x2       x15=00000010 x15:00000004
14267670ns          239099 1c008bc6 00d7f7b3 and              x15, x15, x13       x15=00000000 x15:00000010 x13:00001f80
14267689ns          239100 1c008bc8 ee873733 p.bclr           x14, x14, 23, 8     x14=00000020 x14:00000020
14267709ns          239101 1c008bcc 1a10f6b7 lui              x13, 0x1a10f000     x13=1a10f000
14267729ns          239102 1c008bd0 00d70733 add              x14, x14, x13       x14=1a10f020 x14:00000020 x13:1a10f000
14267749ns          239103 1c008bd2 00e787b3 add              x15, x15, x14       x15=1a10f020 x15:00000000 x14:1a10f020
14267769ns          239104 1c008bd4 0ff57513 andi             x10, x10, 255       x10=00000073 x10:00000073
14267789ns          239105 1c008bd8 00a7a023 sw               x10, 0(x15)         x10:00000073 x15:1a10f020  PA:1a10f020
14268107ns          239121 1c008bda 00000513 addi             x10, x0, 0          x10=00000000
14268127ns          239122 1c008bdc 00008067 jalr             x0, x1, 0            x1:1c008ca2
14268187ns          239125 1c008ca2 4df52863 p.beqimm         x10, 1232           x10:00000000
14268207ns          239126 1c008ca6 00140413 addi             x8, x8, 1            x8=00000014  x8:00000013
14268226ns          239127 1c008ca8 001a450b p.lbu            x10, 1(x20!)        x10=00000020 x20=1c00006f x20:1c00006e  PA:1c00006e
14268545ns          239143 1c008cac fe0515e3 bne              x10, x0, -22        x10:00000020
14268624ns          239147 1c008c96 02500793 addi             x15, x0, 37         x15=00000025
14268644ns          239148 1c008c9a 04f50763 beq              x10, x15, 78        x10:00000020 x15:00000025
14268664ns          239149 1c008c9e 009005b3 add              x11, x0, x9         x11=00000002  x9:00000002
14268684ns          239150 1c008ca0 000c80e7 jalr             x1, x25, 0           x1=1c008ca2 x25:1c008bb6
14268724ns          239152 1c008bb6 000026b7 lui              x13, 0x2000         x13=00002000
14268744ns          239153 1c008bb8 f8068693 addi             x13, x13, -128      x13=00001f80 x13:00002000
14268763ns          239154 1c008bbc f14027f3 csrrs            x15, x0, 0xf14      x15=00000004
14268783ns          239155 1c008bc0 00379713 slli             x14, x15, 0x3       x14=00000020 x15:00000004
14268803ns          239156 1c008bc4 00279793 slli             x15, x15, 0x2       x15=00000010 x15:00000004
14268823ns          239157 1c008bc6 00d7f7b3 and              x15, x15, x13       x15=00000000 x15:00000010 x13:00001f80
14268843ns          239158 1c008bc8 ee873733 p.bclr           x14, x14, 23, 8     x14=00000020 x14:00000020
14268863ns          239159 1c008bcc 1a10f6b7 lui              x13, 0x1a10f000     x13=1a10f000
14268883ns          239160 1c008bd0 00d70733 add              x14, x14, x13       x14=1a10f020 x14:00000020 x13:1a10f000
14268903ns          239161 1c008bd2 00e787b3 add              x15, x15, x14       x15=1a10f020 x15:00000000 x14:1a10f020
14268922ns          239162 1c008bd4 0ff57513 andi             x10, x10, 255       x10=00000020 x10:00000020
14268942ns          239163 1c008bd8 00a7a023 sw               x10, 0(x15)         x10:00000020 x15:1a10f020  PA:1a10f020
14269261ns          239179 1c008bda 00000513 addi             x10, x0, 0          x10=00000000
14269280ns          239180 1c008bdc 00008067 jalr             x0, x1, 0            x1:1c008ca2
14269340ns          239183 1c008ca2 4df52863 p.beqimm         x10, 1232           x10:00000000
14269360ns          239184 1c008ca6 00140413 addi             x8, x8, 1            x8=00000015  x8:00000014
14269380ns          239185 1c008ca8 001a450b p.lbu            x10, 1(x20!)        x10=0000003d x20=1c000070 x20:1c00006f  PA:1c00006f
14269718ns          239202 1c008cac fe0515e3 bne              x10, x0, -22        x10:0000003d
14269798ns          239206 1c008c96 02500793 addi             x15, x0, 37         x15=00000025
14269817ns          239207 1c008c9a 04f50763 beq              x10, x15, 78        x10:0000003d x15:00000025
14269837ns          239208 1c008c9e 009005b3 add              x11, x0, x9         x11=00000002  x9:00000002
14269857ns          239209 1c008ca0 000c80e7 jalr             x1, x25, 0           x1=1c008ca2 x25:1c008bb6
14269897ns          239211 1c008bb6 000026b7 lui              x13, 0x2000         x13=00002000
14269917ns          239212 1c008bb8 f8068693 addi             x13, x13, -128      x13=00001f80 x13:00002000
14269937ns          239213 1c008bbc f14027f3 csrrs            x15, x0, 0xf14      x15=00000004
14269957ns          239214 1c008bc0 00379713 slli             x14, x15, 0x3       x14=00000020 x15:00000004
14269977ns          239215 1c008bc4 00279793 slli             x15, x15, 0x2       x15=00000010 x15:00000004
14269996ns          239216 1c008bc6 00d7f7b3 and              x15, x15, x13       x15=00000000 x15:00000010 x13:00001f80
14270016ns          239217 1c008bc8 ee873733 p.bclr           x14, x14, 23, 8     x14=00000020 x14:00000020
14270036ns          239218 1c008bcc 1a10f6b7 lui              x13, 0x1a10f000     x13=1a10f000
14270056ns          239219 1c008bd0 00d70733 add              x14, x14, x13       x14=1a10f020 x14:00000020 x13:1a10f000
14270076ns          239220 1c008bd2 00e787b3 add              x15, x15, x14       x15=1a10f020 x15:00000000 x14:1a10f020
14270096ns          239221 1c008bd4 0ff57513 andi             x10, x10, 255       x10=0000003d x10:0000003d
14270116ns          239222 1c008bd8 00a7a023 sw               x10, 0(x15)         x10:0000003d x15:1a10f020  PA:1a10f020
14270434ns          239238 1c008bda 00000513 addi             x10, x0, 0          x10=00000000
14270454ns          239239 1c008bdc 00008067 jalr             x0, x1, 0            x1:1c008ca2
14270514ns          239242 1c008ca2 4df52863 p.beqimm         x10, 1232           x10:00000000
14270533ns          239243 1c008ca6 00140413 addi             x8, x8, 1            x8=00000016  x8:00000015
14270553ns          239244 1c008ca8 001a450b p.lbu            x10, 1(x20!)        x10=00000020 x20=1c000071 x20:1c000070  PA:1c000070
14270911ns          239262 1c008cac fe0515e3 bne              x10, x0, -22        x10:00000020
14270991ns          239266 1c008c96 02500793 addi             x15, x0, 37         x15=00000025
14271011ns          239267 1c008c9a 04f50763 beq              x10, x15, 78        x10:00000020 x15:00000025
14271031ns          239268 1c008c9e 009005b3 add              x11, x0, x9         x11=00000002  x9:00000002
14271051ns          239269 1c008ca0 000c80e7 jalr             x1, x25, 0           x1=1c008ca2 x25:1c008bb6
14271090ns          239271 1c008bb6 000026b7 lui              x13, 0x2000         x13=00002000
14271110ns          239272 1c008bb8 f8068693 addi             x13, x13, -128      x13=00001f80 x13:00002000
14271130ns          239273 1c008bbc f14027f3 csrrs            x15, x0, 0xf14      x15=00000004
14271150ns          239274 1c008bc0 00379713 slli             x14, x15, 0x3       x14=00000020 x15:00000004
14271170ns          239275 1c008bc4 00279793 slli             x15, x15, 0x2       x15=00000010 x15:00000004
14271190ns          239276 1c008bc6 00d7f7b3 and              x15, x15, x13       x15=00000000 x15:00000010 x13:00001f80
14271210ns          239277 1c008bc8 ee873733 p.bclr           x14, x14, 23, 8     x14=00000020 x14:00000020
14271230ns          239278 1c008bcc 1a10f6b7 lui              x13, 0x1a10f000     x13=1a10f000
14271249ns          239279 1c008bd0 00d70733 add              x14, x14, x13       x14=1a10f020 x14:00000020 x13:1a10f000
14271269ns          239280 1c008bd2 00e787b3 add              x15, x15, x14       x15=1a10f020 x15:00000000 x14:1a10f020
14271289ns          239281 1c008bd4 0ff57513 andi             x10, x10, 255       x10=00000020 x10:00000020
14271309ns          239282 1c008bd8 00a7a023 sw               x10, 0(x15)         x10:00000020 x15:1a10f020  PA:1a10f020
14271627ns          239298 1c008bda 00000513 addi             x10, x0, 0          x10=00000000
14271647ns          239299 1c008bdc 00008067 jalr             x0, x1, 0            x1:1c008ca2
14271707ns          239302 1c008ca2 4df52863 p.beqimm         x10, 1232           x10:00000000
14271727ns          239303 1c008ca6 00140413 addi             x8, x8, 1            x8=00000017  x8:00000016
14271747ns          239304 1c008ca8 001a450b p.lbu            x10, 1(x20!)        x10=00000025 x20=1c000072 x20:1c000071  PA:1c000071
14272065ns          239320 1c008cac fe0515e3 bne              x10, x0, -22        x10:00000025
14272144ns          239324 1c008c96 02500793 addi             x15, x0, 37         x15=00000025
14272164ns          239325 1c008c9a 04f50763 beq              x10, x15, 78        x10:00000025 x15:00000025
14272264ns          239330 1c008ce8 01400c33 add              x24, x0, x20        x24=1c000072 x20:1c000072
14272303ns          239332 1c008cea 000c4a03 lbu              x20, 0(x24)         x20=00000064 x24:1c000072  PA:1c000072
14272622ns          239348 1c008cee 0b4d0513 addi             x10, x26, 180       x10=1c0000b4 x26:1c000000
14272642ns          239349 1c008cf2 00912e23 sw               x9, 28(x2)           x9:00000002  x2:10002618  PA:10002634
14272661ns          239350 1c008cf4 014005b3 add              x11, x0, x20        x11=00000064 x20:00000064
14272681ns          239351 1c008cf6 00012823 sw               x0, 16(x2)           x2:10002618  PA:10002628
14272701ns          239352 1c008cf8 00012a23 sw               x0, 20(x2)           x2:10002618  PA:1000262c
14272721ns          239353 1c008cfa 00012623 sw               x0, 12(x2)           x2:10002618  PA:10002624
14272741ns          239354 1c008cfc 001c0493 addi             x9, x24, 1           x9=1c000073 x24:1c000072
14272761ns          239355 1c008d00 e41ff0ef jal              x1, -448             x1=1c008d02
14272840ns          239359 1c008b40 00054703 lbu              x14, 0(x10)         x14=0000002d x10:1c0000b4  PA:1c0000b4
14273159ns          239375 1c008b44 0ff5f593 andi             x11, x11, 255       x11=00000064 x11:00000064
14273179ns          239376 1c008b48 00a007b3 add              x15, x0, x10        x15=1c0000b4 x10:1c0000b4
14273198ns          239377 1c008b4a 00b70863 beq              x14, x11, 16        x14:0000002d x11:00000064
14273218ns          239378 1c008b4e 00070863 beq              x14, x0, 16         x14:0000002d
14273238ns          239379 1c008b50 0017c703 lbu              x14, 1(x15)         x14=0000002b x15:1c0000b4  PA:1c0000b5
14273556ns          239395 1c008b54 00178793 addi             x15, x15, 1         x15=1c0000b5 x15:1c0000b4
14273576ns          239396 1c008b56 feb71ce3 bne              x14, x11, -8        x14:0000002b x11:00000064
14273636ns          239399 1c008b4e 00070863 beq              x14, x0, 16         x14:0000002b
14273656ns          239400 1c008b50 0017c703 lbu              x14, 1(x15)         x14=00000020 x15:1c0000b5  PA:1c0000b6
14273954ns          239415 1c008b54 00178793 addi             x15, x15, 1         x15=1c0000b6 x15:1c0000b5
14273974ns          239416 1c008b56 feb71ce3 bne              x14, x11, -8        x14:00000020 x11:00000064
14274034ns          239419 1c008b4e 00070863 beq              x14, x0, 16         x14:00000020
14274054ns          239420 1c008b50 0017c703 lbu              x14, 1(x15)         x14=00000023 x15:1c0000b6  PA:1c0000b7
14274352ns          239435 1c008b54 00178793 addi             x15, x15, 1         x15=1c0000b7 x15:1c0000b6
14274372ns          239436 1c008b56 feb71ce3 bne              x14, x11, -8        x14:00000023 x11:00000064
14274431ns          239439 1c008b4e 00070863 beq              x14, x0, 16         x14:00000023
14274451ns          239440 1c008b50 0017c703 lbu              x14, 1(x15)         x14=00000030 x15:1c0000b7  PA:1c0000b8
14274750ns          239455 1c008b54 00178793 addi             x15, x15, 1         x15=1c0000b8 x15:1c0000b7
14274770ns          239456 1c008b56 feb71ce3 bne              x14, x11, -8        x14:00000030 x11:00000064
14274829ns          239459 1c008b4e 00070863 beq              x14, x0, 16         x14:00000030
14274849ns          239460 1c008b50 0017c703 lbu              x14, 1(x15)         x14=00000000 x15:1c0000b8  PA:1c0000b9
14275147ns          239475 1c008b54 00178793 addi             x15, x15, 1         x15=1c0000b9 x15:1c0000b8
14275167ns          239476 1c008b56 feb71ce3 bne              x14, x11, -8        x14:00000000 x11:00000064
14275227ns          239479 1c008b4e 00070863 beq              x14, x0, 16         x14:00000000
14275287ns          239482 1c008b5e 00000513 addi             x10, x0, 0          x10=00000000
14275307ns          239483 1c008b60 fe058de3 beq              x11, x0, -6         x11:00000064
14275326ns          239484 1c008b62 00008067 jalr             x0, x1, 0            x1:1c008d02
14275386ns          239487 1c008d02 02000913 addi             x18, x0, 32         x18=00000020
14275406ns          239488 1c008d06 00000993 addi             x19, x0, 0          x19=00000000
14275426ns          239489 1c008d08 02b00a93 addi             x21, x0, 43         x21=0000002b
14275446ns          239490 1c008d0c 02d00b93 addi             x23, x0, 45         x23=0000002d
14275486ns          239492 1c008d10 03000b13 addi             x22, x0, 48         x22=00000030
14275525ns          239494 1c008d14 00900633 add              x12, x0, x9         x12=1c000073  x9:1c000073
14275545ns          239495 1c008d16 02050963 beq              x10, x0, 50         x10:00000000
14275665ns          239501 1c008d48 03312623 sw               x19, 44(x2)         x19:00000000  x2:10002618  PA:10002644
14275684ns          239502 1c008d4a 02a00693 addi             x13, x0, 42         x13=0000002a
14275704ns          239503 1c008d4e 014009b3 add              x19, x0, x20        x19=00000064 x20:00000064
14275744ns          239505 1c008d50 01800a33 add              x20, x0, x24        x20=1c000072 x24:1c000072
14275764ns          239506 1c008d52 00900c33 add              x24, x0, x9         x24=1c000073  x9:1c000073
14275784ns          239507 1c008d54 01c12483 lw               x9, 28(x2)           x9=00000002  x2:10002618  PA:10002634
14275804ns          239508 1c008d56 42d98063 beq              x19, x13, 1056      x19:00000064 x13:0000002a
14275824ns          239509 1c008d5a fd098693 addi             x13, x19, -48       x13=00000034 x19:00000064
14275844ns          239510 1c008d5e 00900513 addi             x10, x0, 9          x10=00000009
14275883ns          239512 1c008d60 00000a93 addi             x21, x0, 0          x21=00000000
14275923ns          239514 1c008d62 3cd57f63 bgeu             x10, x13, 990       x10:00000009 x13:00000034
14275943ns          239515 1c008d66 02e00793 addi             x15, x0, 46         x15=0000002e
14275963ns          239516 1c008d6a fff00b13 addi             x22, x0, -1         x22=ffffffff
14275983ns          239517 1c008d6c 04f981e3 beq              x19, x15, 2114      x19:00000064 x15:0000002e
14276003ns          239518 1c008d70 1c0007b7 lui              x15, 0x1c000000     x15=1c000000
14276023ns          239519 1c008d74 013005b3 add              x11, x0, x19        x11=00000064 x19:00000064
14276042ns          239520 1c008d76 0bc78513 addi             x10, x15, 188       x10=1c0000bc x15:1c000000
14276062ns          239521 1c008d7a 00c12e23 sw               x12, 28(x2)         x12:1c000073  x2:10002618  PA:10002634
14276082ns          239522 1c008d7c dc5ff0ef jal              x1, -572             x1=1c008d7e
14276142ns          239525 1c008b40 00054703 lbu              x14, 0(x10)         x14=00000068 x10:1c0000bc  PA:1c0000bc
14276440ns          239540 1c008b44 0ff5f593 andi             x11, x11, 255       x11=00000064 x11:00000064
14276460ns          239541 1c008b48 00a007b3 add              x15, x0, x10        x15=1c0000bc x10:1c0000bc
14276480ns          239542 1c008b4a 00b70863 beq              x14, x11, 16        x14:00000068 x11:00000064
14276500ns          239543 1c008b4e 00070863 beq              x14, x0, 16         x14:00000068
14276520ns          239544 1c008b50 0017c703 lbu              x14, 1(x15)         x14=0000006c x15:1c0000bc  PA:1c0000bd
14276818ns          239559 1c008b54 00178793 addi             x15, x15, 1         x15=1c0000bd x15:1c0000bc
14276838ns          239560 1c008b56 feb71ce3 bne              x14, x11, -8        x14:0000006c x11:00000064
14276898ns          239563 1c008b4e 00070863 beq              x14, x0, 16         x14:0000006c
14276917ns          239564 1c008b50 0017c703 lbu              x14, 1(x15)         x14=0000004c x15:1c0000bd  PA:1c0000be
14277216ns          239579 1c008b54 00178793 addi             x15, x15, 1         x15=1c0000be x15:1c0000bd
14277236ns          239580 1c008b56 feb71ce3 bne              x14, x11, -8        x14:0000004c x11:00000064
14277295ns          239583 1c008b4e 00070863 beq              x14, x0, 16         x14:0000004c
14277315ns          239584 1c008b50 0017c703 lbu              x14, 1(x15)         x14=0000007a x15:1c0000be  PA:1c0000bf
14277614ns          239599 1c008b54 00178793 addi             x15, x15, 1         x15=1c0000bf x15:1c0000be
14277633ns          239600 1c008b56 feb71ce3 bne              x14, x11, -8        x14:0000007a x11:00000064
14277693ns          239603 1c008b4e 00070863 beq              x14, x0, 16         x14:0000007a
14277713ns          239604 1c008b50 0017c703 lbu              x14, 1(x15)         x14=00000000 x15:1c0000bf  PA:1c0000c0
14278011ns          239619 1c008b54 00178793 addi             x15, x15, 1         x15=1c0000c0 x15:1c0000bf
14278031ns          239620 1c008b56 feb71ce3 bne              x14, x11, -8        x14:00000000 x11:00000064
14278091ns          239623 1c008b4e 00070863 beq              x14, x0, 16         x14:00000000
14278151ns          239626 1c008b5e 00000513 addi             x10, x0, 0          x10=00000000
14278170ns          239627 1c008b60 fe058de3 beq              x11, x0, -6         x11:00000064
14278190ns          239628 1c008b62 00008067 jalr             x0, x1, 0            x1:1c008d7e
14278230ns          239630 1c008d7e 01c12603 lw               x12, 28(x2)         x12=1c000073  x2:10002618  PA:10002634
14278270ns          239632 1c008d80 00c00a33 add              x20, x0, x12        x20=1c000073 x12:1c000073
14278290ns          239633 1c008d82 00050563 beq              x10, x0, 10         x10:00000000
14278349ns          239636 1c008d8c 06900793 addi             x15, x0, 105        x15=00000069
14278369ns          239637 1c008d90 1cf98be3 beq              x19, x15, 2518      x19:00000064 x15:00000069
14278389ns          239638 1c008d94 4b37ce63 blt              x15, x19, 1212      x15:00000069 x19:00000064
14278409ns          239639 1c008d98 05800793 addi             x15, x0, 88         x15=00000058
14278429ns          239640 1c008d9c 4cf98863 beq              x19, x15, 1232      x19:00000064 x15:00000058
14278489ns          239643 1c008da0 3f37cd63 blt              x15, x19, 1018      x15:00000058 x19:00000064
14278568ns          239647 1c00919a 06400793 addi             x15, x0, 100        x15=00000064
14278588ns          239648 1c00919e 5cf98463 beq              x19, x15, 1480      x19:00000064 x15:00000064
14278648ns          239651 1c009766 01812b83 lw               x23, 24(x2)         x23=10002784  x2:10002618  PA:10002630
14278688ns          239653 1c009768 004ba60b p.lw             x12, 4(x23!)        x12=00000000 x23=10002788 x23:10002784  PA:10002784
14278727ns          239655 1c00976c 48064963 blt              x12, x0, 1170       x12:00000000
14278747ns          239656 1c009770 01412783 lw               x15, 20(x2)         x15=00000000  x2:10002618  PA:1000262c
14278767ns          239657 1c009772 00c00733 add              x14, x0, x12        x14=00000000 x12:00000000
14278787ns          239658 1c009774 56078863 beq              x15, x0, 1392       x15:00000000
14278886ns          239663 1c009ce4 01012783 lw               x15, 16(x2)         x15=00000000  x2:10002618  PA:10002628
14278906ns          239664 1c009ce6 01b00533 add              x10, x0, x27        x10=1000264c x27:1000264c
14278926ns          239665 1c009ce8 a8078ee3 beq              x15, x0, -1380      x15:00000000
14278986ns          239668 1c009784 00a007b3 add              x15, x0, x10        x15=1000264c x10:1000264c
14279006ns          239669 1c009786 00a00593 addi             x11, x0, 10         x11=0000000a
14279026ns          239670 1c009788 00900313 addi             x6, x0, 9            x6=00000009
14279045ns          239671 1c00978a 02b776b3 remu             x13, x14, x11       x13=00000000 x14:00000000 x11:0000000a
14279662ns          239702 1c00978e 00e00833 add              x16, x0, x14        x16=00000000 x14:00000000
14279682ns          239703 1c009790 00f008b3 add              x17, x0, x15        x17=1000264c x15:1000264c
14279702ns          239704 1c009792 03068693 addi             x13, x13, 48        x13=00000030 x13:00000000
14279722ns          239705 1c009796 00d780ab p.sb             x13, 1(x15!)        x15=1000264d x13:00000030 x15:1000264c  PA:1000264c
14279742ns          239706 1c00979a 02b75733 divu             x14, x14, x11       x14=00000000 x14:00000000 x11:0000000a
14280378ns          239738 1c00979e ff0366e3 bltu             x6, x16, -20         x6:00000009 x16:00000000
14280398ns          239739 1c0097a2 40a78733 sub              x14, x15, x10       x14=00000001 x15:1000264d x10:1000264c
14280418ns          239740 1c0097a6 01675c63 bge              x14, x22, 24        x14:00000001 x22:ffffffff
14280537ns          239746 1c0097be 00078023 sb               x0, 0(x15)          x15:1000264d  PA:1000264d
14280577ns          239748 1c0097c2 0b157563 bgeu             x10, x17, 170       x10:1000264c x17:1000264c
14280676ns          239753 1c00986c 01412703 lw               x14, 20(x2)         x14=00000000  x2:10002618  PA:1000262c
14280696ns          239754 1c00986e 01012683 lw               x13, 16(x2)         x13=00000000  x2:10002618  PA:10002628
14280756ns          239757 1c009870 41b787b3 sub              x15, x15, x27       x15=00000001 x15:1000264d x27:1000264c
14280796ns          239759 1c009874 00d76733 or               x14, x14, x13       x14=00000000 x14:00000000 x13:00000000
14280816ns          239760 1c009876 02e12623 sw               x14, 44(x2)         x14:00000000  x2:10002618  PA:10002644
14280835ns          239761 1c009878 b0071be3 bne              x14, x0, -1258      x14:00000000
14280855ns          239762 1c00987c 01f65713 srli             x14, x12, 0x1f      x14=00000000 x12:00000000
14280875ns          239763 1c009880 02e12623 sw               x14, 44(x2)         x14:00000000  x2:10002618  PA:10002644
14280895ns          239764 1c009882 b0dff06f jal              x0, -1268          
14281014ns          239770 1c00938e ebfb2be3 p.beqimm         x22, -330           x22:ffffffff
14281074ns          239773 1c009244 0c800713 addi             x14, x0, 200        x14=000000c8
14281094ns          239774 1c009248 14f75b63 bge              x14, x15, 342       x14:000000c8 x15:00000001
14281273ns          239783 1c00939e 00178613 addi             x12, x15, 1         x12=00000002 x15:00000001
14281313ns          239785 1c0093a2 0557c863 blt              x15, x21, 80        x15:00000001 x21:00000000
14281333ns          239786 1c0093a6 01712c23 sw               x23, 24(x2)         x23:10002788  x2:10002618  PA:10002630
14281352ns          239787 1c0093a8 00f00ab3 add              x21, x0, x15        x21=00000001 x15:00000001
14281372ns          239788 1c0093aa 8e0a8fe3 beq              x21, x0, -1794      x21:00000001
14281392ns          239789 1c0093ae 01b00933 add              x18, x0, x27        x18=1000264c x27:1000264c
14281412ns          239790 1c0093b0 41b409b3 sub              x19, x8, x27        x19=efffd9cb  x8:00000017 x27:1000264c
14281432ns          239791 1c0093b4 01ba8ab3 add              x21, x21, x27       x21=1000264d x21:00000001 x27:1000264c
14281452ns          239792 1c0093b6 00a0006f jal              x0, 10             
14281492ns          239794 1c0093c0 0019450b p.lbu            x10, 1(x18!)        x10=00000030 x18=1000264d x18:1000264c  PA:1000264c
14281512ns          239795 1c0093c4 009005b3 add              x11, x0, x9         x11=00000002  x9:00000002
14281531ns          239796 1c0093c6 000c80e7 jalr             x1, x25, 0           x1=1c0093c8 x25:1c008bb6
14281571ns          239798 1c008bb6 000026b7 lui              x13, 0x2000         x13=00002000
14281591ns          239799 1c008bb8 f8068693 addi             x13, x13, -128      x13=00001f80 x13:00002000
14281611ns          239800 1c008bbc f14027f3 csrrs            x15, x0, 0xf14      x15=00000004
14281671ns          239803 1c008bc0 00379713 slli             x14, x15, 0x3       x14=00000020 x15:00000004
14281710ns          239805 1c008bc4 00279793 slli             x15, x15, 0x2       x15=00000010 x15:00000004
14281730ns          239806 1c008bc6 00d7f7b3 and              x15, x15, x13       x15=00000000 x15:00000010 x13:00001f80
14281750ns          239807 1c008bc8 ee873733 p.bclr           x14, x14, 23, 8     x14=00000020 x14:00000020
14281770ns          239808 1c008bcc 1a10f6b7 lui              x13, 0x1a10f000     x13=1a10f000
14281790ns          239809 1c008bd0 00d70733 add              x14, x14, x13       x14=1a10f020 x14:00000020 x13:1a10f000
14281810ns          239810 1c008bd2 00e787b3 add              x15, x15, x14       x15=1a10f020 x15:00000000 x14:1a10f020
14281830ns          239811 1c008bd4 0ff57513 andi             x10, x10, 255       x10=00000030 x10:00000030
14281850ns          239812 1c008bd8 00a7a023 sw               x10, 0(x15)         x10:00000030 x15:1a10f020  PA:1a10f020
14282168ns          239828 1c008bda 00000513 addi             x10, x0, 0          x10=00000000
14282188ns          239829 1c008bdc 00008067 jalr             x0, x1, 0            x1:1c0093c8
14282228ns          239831 1c0093c8 fff538e3 p.bneimm         x10, -16            x10:00000000
14282287ns          239834 1c0093b8 01298433 add              x8, x19, x18         x8=00000018 x19:efffd9cb x18:1000264d
14282307ns          239835 1c0093bc 8f2a86e3 beq              x21, x18, -1812     x21:1000264d x18:1000264d
14282367ns          239838 1c008ca8 001a450b p.lbu            x10, 1(x20!)        x10=00000020 x20=1c000074 x20:1c000073  PA:1c000073
14282685ns          239854 1c008cac fe0515e3 bne              x10, x0, -22        x10:00000020
14282824ns          239861 1c008c96 02500793 addi             x15, x0, 37         x15=00000025
14282844ns          239862 1c008c9a 04f50763 beq              x10, x15, 78        x10:00000020 x15:00000025
14282864ns          239863 1c008c9e 009005b3 add              x11, x0, x9         x11=00000002  x9:00000002
14282884ns          239864 1c008ca0 000c80e7 jalr             x1, x25, 0           x1=1c008ca2 x25:1c008bb6
14282924ns          239866 1c008bb6 000026b7 lui              x13, 0x2000         x13=00002000
14282944ns          239867 1c008bb8 f8068693 addi             x13, x13, -128      x13=00001f80 x13:00002000
14282963ns          239868 1c008bbc f14027f3 csrrs            x15, x0, 0xf14      x15=00000004
14282983ns          239869 1c008bc0 00379713 slli             x14, x15, 0x3       x14=00000020 x15:00000004
14283003ns          239870 1c008bc4 00279793 slli             x15, x15, 0x2       x15=00000010 x15:00000004
14283023ns          239871 1c008bc6 00d7f7b3 and              x15, x15, x13       x15=00000000 x15:00000010 x13:00001f80
14283043ns          239872 1c008bc8 ee873733 p.bclr           x14, x14, 23, 8     x14=00000020 x14:00000020
14283063ns          239873 1c008bcc 1a10f6b7 lui              x13, 0x1a10f000     x13=1a10f000
14283083ns          239874 1c008bd0 00d70733 add              x14, x14, x13       x14=1a10f020 x14:00000020 x13:1a10f000
14283103ns          239875 1c008bd2 00e787b3 add              x15, x15, x14       x15=1a10f020 x15:00000000 x14:1a10f020
14283123ns          239876 1c008bd4 0ff57513 andi             x10, x10, 255       x10=00000020 x10:00000020
14283142ns          239877 1c008bd8 00a7a023 sw               x10, 0(x15)         x10:00000020 x15:1a10f020  PA:1a10f020
14283481ns          239894 1c008bda 00000513 addi             x10, x0, 0          x10=00000000
14283500ns          239895 1c008bdc 00008067 jalr             x0, x1, 0            x1:1c008ca2
14283560ns          239898 1c008ca2 4df52863 p.beqimm         x10, 1232           x10:00000000
14283580ns          239899 1c008ca6 00140413 addi             x8, x8, 1            x8=00000019  x8:00000018
14283600ns          239900 1c008ca8 001a450b p.lbu            x10, 1(x20!)        x10=0000002f x20=1c000075 x20:1c000074  PA:1c000074
14283938ns          239917 1c008cac fe0515e3 bne              x10, x0, -22        x10:0000002f
14284017ns          239921 1c008c96 02500793 addi             x15, x0, 37         x15=00000025
14284037ns          239922 1c008c9a 04f50763 beq              x10, x15, 78        x10:0000002f x15:00000025
14284057ns          239923 1c008c9e 009005b3 add              x11, x0, x9         x11=00000002  x9:00000002
14284077ns          239924 1c008ca0 000c80e7 jalr             x1, x25, 0           x1=1c008ca2 x25:1c008bb6
14284117ns          239926 1c008bb6 000026b7 lui              x13, 0x2000         x13=00002000
14284137ns          239927 1c008bb8 f8068693 addi             x13, x13, -128      x13=00001f80 x13:00002000
14284157ns          239928 1c008bbc f14027f3 csrrs            x15, x0, 0xf14      x15=00000004
14284177ns          239929 1c008bc0 00379713 slli             x14, x15, 0x3       x14=00000020 x15:00000004
14284196ns          239930 1c008bc4 00279793 slli             x15, x15, 0x2       x15=00000010 x15:00000004
14284216ns          239931 1c008bc6 00d7f7b3 and              x15, x15, x13       x15=00000000 x15:00000010 x13:00001f80
14284236ns          239932 1c008bc8 ee873733 p.bclr           x14, x14, 23, 8     x14=00000020 x14:00000020
14284256ns          239933 1c008bcc 1a10f6b7 lui              x13, 0x1a10f000     x13=1a10f000
14284276ns          239934 1c008bd0 00d70733 add              x14, x14, x13       x14=1a10f020 x14:00000020 x13:1a10f000
14284296ns          239935 1c008bd2 00e787b3 add              x15, x15, x14       x15=1a10f020 x15:00000000 x14:1a10f020
14284316ns          239936 1c008bd4 0ff57513 andi             x10, x10, 255       x10=0000002f x10:0000002f
14284336ns          239937 1c008bd8 00a7a023 sw               x10, 0(x15)         x10:0000002f x15:1a10f020  PA:1a10f020
14284654ns          239953 1c008bda 00000513 addi             x10, x0, 0          x10=00000000
14284674ns          239954 1c008bdc 00008067 jalr             x0, x1, 0            x1:1c008ca2
14284733ns          239957 1c008ca2 4df52863 p.beqimm         x10, 1232           x10:00000000
14284753ns          239958 1c008ca6 00140413 addi             x8, x8, 1            x8=0000001a  x8:00000019
14284773ns          239959 1c008ca8 001a450b p.lbu            x10, 1(x20!)        x10=00000020 x20=1c000076 x20:1c000075  PA:1c000075
14285091ns          239975 1c008cac fe0515e3 bne              x10, x0, -22        x10:00000020
14285171ns          239979 1c008c96 02500793 addi             x15, x0, 37         x15=00000025
14285191ns          239980 1c008c9a 04f50763 beq              x10, x15, 78        x10:00000020 x15:00000025
14285211ns          239981 1c008c9e 009005b3 add              x11, x0, x9         x11=00000002  x9:00000002
14285231ns          239982 1c008ca0 000c80e7 jalr             x1, x25, 0           x1=1c008ca2 x25:1c008bb6
14285270ns          239984 1c008bb6 000026b7 lui              x13, 0x2000         x13=00002000
14285290ns          239985 1c008bb8 f8068693 addi             x13, x13, -128      x13=00001f80 x13:00002000
14285310ns          239986 1c008bbc f14027f3 csrrs            x15, x0, 0xf14      x15=00000004
14285330ns          239987 1c008bc0 00379713 slli             x14, x15, 0x3       x14=00000020 x15:00000004
14285350ns          239988 1c008bc4 00279793 slli             x15, x15, 0x2       x15=00000010 x15:00000004
14285370ns          239989 1c008bc6 00d7f7b3 and              x15, x15, x13       x15=00000000 x15:00000010 x13:00001f80
14285390ns          239990 1c008bc8 ee873733 p.bclr           x14, x14, 23, 8     x14=00000020 x14:00000020
14285410ns          239991 1c008bcc 1a10f6b7 lui              x13, 0x1a10f000     x13=1a10f000
14285430ns          239992 1c008bd0 00d70733 add              x14, x14, x13       x14=1a10f020 x14:00000020 x13:1a10f000
14285449ns          239993 1c008bd2 00e787b3 add              x15, x15, x14       x15=1a10f020 x15:00000000 x14:1a10f020
14285469ns          239994 1c008bd4 0ff57513 andi             x10, x10, 255       x10=00000020 x10:00000020
14285489ns          239995 1c008bd8 00a7a023 sw               x10, 0(x15)         x10:00000020 x15:1a10f020  PA:1a10f020
14285807ns          240011 1c008bda 00000513 addi             x10, x0, 0          x10=00000000
14285827ns          240012 1c008bdc 00008067 jalr             x0, x1, 0            x1:1c008ca2
14285887ns          240015 1c008ca2 4df52863 p.beqimm         x10, 1232           x10:00000000
14285907ns          240016 1c008ca6 00140413 addi             x8, x8, 1            x8=0000001b  x8:0000001a
14285927ns          240017 1c008ca8 001a450b p.lbu            x10, 1(x20!)        x10=00000031 x20=1c000077 x20:1c000076  PA:1c000076
14286265ns          240034 1c008cac fe0515e3 bne              x10, x0, -22        x10:00000031
14286344ns          240038 1c008c96 02500793 addi             x15, x0, 37         x15=00000025
14286364ns          240039 1c008c9a 04f50763 beq              x10, x15, 78        x10:00000031 x15:00000025
14286384ns          240040 1c008c9e 009005b3 add              x11, x0, x9         x11=00000002  x9:00000002
14286404ns          240041 1c008ca0 000c80e7 jalr             x1, x25, 0           x1=1c008ca2 x25:1c008bb6
14286444ns          240043 1c008bb6 000026b7 lui              x13, 0x2000         x13=00002000
14286464ns          240044 1c008bb8 f8068693 addi             x13, x13, -128      x13=00001f80 x13:00002000
14286484ns          240045 1c008bbc f14027f3 csrrs            x15, x0, 0xf14      x15=00000004
14286503ns          240046 1c008bc0 00379713 slli             x14, x15, 0x3       x14=00000020 x15:00000004
14286523ns          240047 1c008bc4 00279793 slli             x15, x15, 0x2       x15=00000010 x15:00000004
14286543ns          240048 1c008bc6 00d7f7b3 and              x15, x15, x13       x15=00000000 x15:00000010 x13:00001f80
14286563ns          240049 1c008bc8 ee873733 p.bclr           x14, x14, 23, 8     x14=00000020 x14:00000020
14286583ns          240050 1c008bcc 1a10f6b7 lui              x13, 0x1a10f000     x13=1a10f000
14286603ns          240051 1c008bd0 00d70733 add              x14, x14, x13       x14=1a10f020 x14:00000020 x13:1a10f000
14286623ns          240052 1c008bd2 00e787b3 add              x15, x15, x14       x15=1a10f020 x15:00000000 x14:1a10f020
14286643ns          240053 1c008bd4 0ff57513 andi             x10, x10, 255       x10=00000031 x10:00000031
14286663ns          240054 1c008bd8 00a7a023 sw               x10, 0(x15)         x10:00000031 x15:1a10f020  PA:1a10f020
14286981ns          240070 1c008bda 00000513 addi             x10, x0, 0          x10=00000000
14287001ns          240071 1c008bdc 00008067 jalr             x0, x1, 0            x1:1c008ca2
14287060ns          240074 1c008ca2 4df52863 p.beqimm         x10, 1232           x10:00000000
14287080ns          240075 1c008ca6 00140413 addi             x8, x8, 1            x8=0000001c  x8:0000001b
14287100ns          240076 1c008ca8 001a450b p.lbu            x10, 1(x20!)        x10=00000036 x20=1c000078 x20:1c000077  PA:1c000077
14287418ns          240092 1c008cac fe0515e3 bne              x10, x0, -22        x10:00000036
14287498ns          240096 1c008c96 02500793 addi             x15, x0, 37         x15=00000025
14287518ns          240097 1c008c9a 04f50763 beq              x10, x15, 78        x10:00000036 x15:00000025
14287538ns          240098 1c008c9e 009005b3 add              x11, x0, x9         x11=00000002  x9:00000002
14287558ns          240099 1c008ca0 000c80e7 jalr             x1, x25, 0           x1=1c008ca2 x25:1c008bb6
14287597ns          240101 1c008bb6 000026b7 lui              x13, 0x2000         x13=00002000
14287617ns          240102 1c008bb8 f8068693 addi             x13, x13, -128      x13=00001f80 x13:00002000
14287637ns          240103 1c008bbc f14027f3 csrrs            x15, x0, 0xf14      x15=00000004
14287657ns          240104 1c008bc0 00379713 slli             x14, x15, 0x3       x14=00000020 x15:00000004
14287677ns          240105 1c008bc4 00279793 slli             x15, x15, 0x2       x15=00000010 x15:00000004
14287697ns          240106 1c008bc6 00d7f7b3 and              x15, x15, x13       x15=00000000 x15:00000010 x13:00001f80
14287717ns          240107 1c008bc8 ee873733 p.bclr           x14, x14, 23, 8     x14=00000020 x14:00000020
14287737ns          240108 1c008bcc 1a10f6b7 lui              x13, 0x1a10f000     x13=1a10f000
14287756ns          240109 1c008bd0 00d70733 add              x14, x14, x13       x14=1a10f020 x14:00000020 x13:1a10f000
14287776ns          240110 1c008bd2 00e787b3 add              x15, x15, x14       x15=1a10f020 x15:00000000 x14:1a10f020
14287796ns          240111 1c008bd4 0ff57513 andi             x10, x10, 255       x10=00000036 x10:00000036
14287816ns          240112 1c008bd8 00a7a023 sw               x10, 0(x15)         x10:00000036 x15:1a10f020  PA:1a10f020
14288154ns          240129 1c008bda 00000513 addi             x10, x0, 0          x10=00000000
14288174ns          240130 1c008bdc 00008067 jalr             x0, x1, 0            x1:1c008ca2
14288234ns          240133 1c008ca2 4df52863 p.beqimm         x10, 1232           x10:00000000
14288254ns          240134 1c008ca6 00140413 addi             x8, x8, 1            x8=0000001d  x8:0000001c
14288274ns          240135 1c008ca8 001a450b p.lbu            x10, 1(x20!)        x10=0000000a x20=1c000079 x20:1c000078  PA:1c000078
14288592ns          240151 1c008cac fe0515e3 bne              x10, x0, -22        x10:0000000a
14288671ns          240155 1c008c96 02500793 addi             x15, x0, 37         x15=00000025
14288691ns          240156 1c008c9a 04f50763 beq              x10, x15, 78        x10:0000000a x15:00000025
14288711ns          240157 1c008c9e 009005b3 add              x11, x0, x9         x11=00000002  x9:00000002
14288731ns          240158 1c008ca0 000c80e7 jalr             x1, x25, 0           x1=1c008ca2 x25:1c008bb6
14288771ns          240160 1c008bb6 000026b7 lui              x13, 0x2000         x13=00002000
14288791ns          240161 1c008bb8 f8068693 addi             x13, x13, -128      x13=00001f80 x13:00002000
14288810ns          240162 1c008bbc f14027f3 csrrs            x15, x0, 0xf14      x15=00000004
14288830ns          240163 1c008bc0 00379713 slli             x14, x15, 0x3       x14=00000020 x15:00000004
14288850ns          240164 1c008bc4 00279793 slli             x15, x15, 0x2       x15=00000010 x15:00000004
14288870ns          240165 1c008bc6 00d7f7b3 and              x15, x15, x13       x15=00000000 x15:00000010 x13:00001f80
14288890ns          240166 1c008bc8 ee873733 p.bclr           x14, x14, 23, 8     x14=00000020 x14:00000020
14288910ns          240167 1c008bcc 1a10f6b7 lui              x13, 0x1a10f000     x13=1a10f000
14288930ns          240168 1c008bd0 00d70733 add              x14, x14, x13       x14=1a10f020 x14:00000020 x13:1a10f000
14288950ns          240169 1c008bd2 00e787b3 add              x15, x15, x14       x15=1a10f020 x15:00000000 x14:1a10f020
14288970ns          240170 1c008bd4 0ff57513 andi             x10, x10, 255       x10=0000000a x10:0000000a
14288989ns          240171 1c008bd8 00a7a023 sw               x10, 0(x15)         x10:0000000a x15:1a10f020  PA:1a10f020
14289308ns          240187 1c008bda 00000513 addi             x10, x0, 0          x10=00000000
14289328ns          240188 1c008bdc 00008067 jalr             x0, x1, 0            x1:1c008ca2
14289387ns          240191 1c008ca2 4df52863 p.beqimm         x10, 1232           x10:00000000
14289407ns          240192 1c008ca6 00140413 addi             x8, x8, 1            x8=0000001e  x8:0000001d
14289427ns          240193 1c008ca8 001a450b p.lbu            x10, 1(x20!)        x10=00000000 x20=1c00007a x20:1c000079  PA:1c000079
14289745ns          240209 1c008cac fe0515e3 bne              x10, x0, -22        x10:00000000
14289765ns          240210 1c008cae 13c12083 lw               x1, 316(x2)          x1=1c008c22  x2:10002618  PA:10002754
14289785ns          240211 1c008cb2 00800533 add              x10, x0, x8         x10=0000001e  x8:0000001e
14289805ns          240212 1c008cb4 13812403 lw               x8, 312(x2)          x8=00000057  x2:10002618  PA:10002750
14289825ns          240213 1c008cb8 13412483 lw               x9, 308(x2)          x9=00000057  x2:10002618  PA:1000274c
14289845ns          240214 1c008cbc 13012903 lw               x18, 304(x2)        x18=00000004  x2:10002618  PA:10002748
14289884ns          240216 1c008cc0 12c12983 lw               x19, 300(x2)        x19=0000xeae  x2:10002618  PA:10002744
14289924ns          240218 1c008cc4 12812a03 lw               x20, 296(x2)        x20=00000000  x2:10002618  PA:10002740
14289944ns          240219 1c008cc8 12412a83 lw               x21, 292(x2)        x21=00000138  x2:10002618  PA:1000273c
14289964ns          240220 1c008ccc 12012b03 lw               x22, 288(x2)        x22=00000134  x2:10002618  PA:10002738
14290024ns          240223 1c008cd0 11c12b83 lw               x23, 284(x2)        x23=00000223  x2:10002618  PA:10002734
14290063ns          240225 1c008cd4 11812c03 lw               x24, 280(x2)        x24=00000457  x2:10002618  PA:10002730
14290083ns          240226 1c008cd8 11412c83 lw               x25, 276(x2)        x25=1c0009f8  x2:10002618  PA:1000272c
14290103ns          240227 1c008cdc 11012d03 lw               x26, 272(x2)        x26=09690000  x2:10002618  PA:10002728
14290163ns          240230 1c008ce0 10c12d83 lw               x27, 268(x2)        x27=0958082a  x2:10002618  PA:10002724
14290203ns          240232 1c008ce4 14010113 addi             x2, x2, 320          x2=10002758  x2:10002618
14290223ns          240233 1c008ce6 00008067 jalr             x0, x1, 0            x1:1c008c22
14290302ns          240237 1c008c22 01c12083 lw               x1, 28(x2)           x1=1c0087c8  x2:10002758  PA:10002774
14290342ns          240239 1c008c24 04010113 addi             x2, x2, 64           x2=10002798  x2:10002758
14290362ns          240240 1c008c26 00008067 jalr             x0, x1, 0            x1:1c0087c8
14290839ns          240264 1c0087c8 fcfff06f jal              x0, -50            
14291296ns          240287 1c008796 05c12083 lw               x1, 92(x2)           x1=1c00a05e  x2:10002798  PA:100027f4
14291336ns          240289 1c008798 05812403 lw               x8, 88(x2)           x8=00000000  x2:10002798  PA:100027f0
14291356ns          240290 1c00879a 05412483 lw               x9, 84(x2)           x9=00000000  x2:10002798  PA:100027ec
14291376ns          240291 1c00879c 05012903 lw               x18, 80(x2)         x18=00000000  x2:10002798  PA:100027e8
14291396ns          240292 1c00879e 04c12983 lw               x19, 76(x2)         x19=00000000  x2:10002798  PA:100027e4
14291794ns          240312 1c0087a0 04812a03 lw               x20, 72(x2)         x20=00000000  x2:10002798  PA:100027e0
14291814ns          240313 1c0087a2 04412a83 lw               x21, 68(x2)         x21=00000000  x2:10002798  PA:100027dc
14291833ns          240314 1c0087a4 04012b03 lw               x22, 64(x2)         x22=00000000  x2:10002798  PA:100027d8
14291853ns          240315 1c0087a6 03c12b83 lw               x23, 60(x2)         x23=00000000  x2:10002798  PA:100027d4
14291873ns          240316 1c0087a8 03812c03 lw               x24, 56(x2)         x24=00000000  x2:10002798  PA:100027d0
14291893ns          240317 1c0087aa 03412c83 lw               x25, 52(x2)         x25=00000000  x2:10002798  PA:100027cc
14291913ns          240318 1c0087ac 03012d03 lw               x26, 48(x2)         x26=00000000  x2:10002798  PA:100027c8
14291933ns          240319 1c0087ae 02c12d83 lw               x27, 44(x2)         x27=00000000  x2:10002798  PA:100027c4
14291953ns          240320 1c0087b0 00100513 addi             x10, x0, 1          x10=00000001
14291973ns          240321 1c0087b2 06010113 addi             x2, x2, 96           x2=100027f8  x2:10002798
14291993ns          240322 1c0087b4 00008067 jalr             x0, x1, 0            x1:1c00a05e
14292450ns          240345 1c00a05e 01f00713 addi             x14, x0, 31         x14=0000001f
14292530ns          240349 1c00a060 f14027f3 csrrs            x15, x0, 0xf14      x15=00000004
14292569ns          240351 1c00a064 ca5797b3 p.extractu       x15, x15, 5, 5      x15=00000000 x15:00000004
14292589ns          240352 1c00a068 00e78863 beq              x15, x14, 16        x15:00000000 x14:0000001f
14292609ns          240353 1c00a06c 002047b7 lui              x15, 0x204000       x15=00204000
14293047ns          240375 1c00a070 20078793 addi             x15, x15, 512       x15=00204200 x15:00204000
14293086ns          240377 1c00a074 01c7e703 p.elw            x14, 28(x15)        x14=00010000 x15:00204200  PA:0020421c
14293385ns          240392 1c00a078 f14027f3 csrrs            x15, x0, 0xf14      x15=00000004
14293405ns          240393 1c00a07c f457b7b3 p.bclr           x15, x15, 26, 5     x15=00000004 x15:00000004
14293564ns          240401 1c00a080 00079963 bne              x15, x0, 18         x15:00000004
14294081ns          240427 1c00a092 002047b7 lui              x15, 0x204000       x15=00204000
14294101ns          240428 1c00a096 fff00713 addi             x14, x0, -1         x14=ffffffff
14294121ns          240429 1c00a098 00e7a223 sw               x14, 4(x15)         x14:ffffffff x15:00204000  PA:00204004
