                Time          Cycles PC       Instr    Mnemonic
14015271ns          226408 1c008080 000000b7 lui              x1, 0x0              x1=00000000
14015311ns          226410 1c008084 00000137 lui              x2, 0x0              x2=00000000
14015331ns          226411 1c008088 000001b7 lui              x3, 0x0              x3=00000000
14015350ns          226412 1c00808c 00000237 lui              x4, 0x0              x4=00000000
14015788ns          226434 1c008090 000002b7 lui              x5, 0x0              x5=00000000
14015828ns          226436 1c008094 00000337 lui              x6, 0x0              x6=00000000
14015848ns          226437 1c008098 000003b7 lui              x7, 0x0              x7=00000000
14015868ns          226438 1c00809c 00000437 lui              x8, 0x0              x8=00000000
14016305ns          226460 1c0080a0 000004b7 lui              x9, 0x0              x9=00000000
14016345ns          226462 1c0080a4 00000537 lui              x10, 0x0            x10=00000000
14016365ns          226463 1c0080a8 000005b7 lui              x11, 0x0            x11=00000000
14016385ns          226464 1c0080ac 00000637 lui              x12, 0x0            x12=00000000
14016822ns          226486 1c0080b0 000006b7 lui              x13, 0x0            x13=00000000
14016862ns          226488 1c0080b4 00000737 lui              x14, 0x0            x14=00000000
14016882ns          226489 1c0080b8 000007b7 lui              x15, 0x0            x15=00000000
14016902ns          226490 1c0080bc 00000837 lui              x16, 0x0            x16=00000000
14017359ns          226513 1c0080c0 000008b7 lui              x17, 0x0            x17=00000000
14017399ns          226515 1c0080c4 00000937 lui              x18, 0x0            x18=00000000
14017419ns          226516 1c0080c8 000009b7 lui              x19, 0x0            x19=00000000
14017439ns          226517 1c0080cc 00000a37 lui              x20, 0x0            x20=00000000
14017876ns          226539 1c0080d0 00000ab7 lui              x21, 0x0            x21=00000000
14017916ns          226541 1c0080d4 00000b37 lui              x22, 0x0            x22=00000000
14017936ns          226542 1c0080d8 00000bb7 lui              x23, 0x0            x23=00000000
14017956ns          226543 1c0080dc 00000c37 lui              x24, 0x0            x24=00000000
14018393ns          226565 1c0080e0 00000cb7 lui              x25, 0x0            x25=00000000
14018433ns          226567 1c0080e4 00000d37 lui              x26, 0x0            x26=00000000
14018453ns          226568 1c0080e8 00000db7 lui              x27, 0x0            x27=00000000
14018473ns          226569 1c0080ec 00000e37 lui              x28, 0x0            x28=00000000
14018910ns          226591 1c0080f0 00000eb7 lui              x29, 0x0            x29=00000000
14018950ns          226593 1c0080f4 00000f37 lui              x30, 0x0            x30=00000000
14018970ns          226594 1c0080f8 00000fb7 lui              x31, 0x0            x31=00000000
14018990ns          226595 1c0080fc 0700006f jal              x0, 112            
14019905ns          226641 1c00816c f1402573 csrrs            x10, x0, 0xf14      x10=00000000
14020362ns          226664 1c008170 01f57593 andi             x11, x10, 31        x11=00000000 x10:00000000
14020402ns          226666 1c008174 00555513 srli             x10, x10, 0x5       x10=00000000 x10:00000000
14020422ns          226667 1c008176 01f00613 addi             x12, x0, 31         x12=0000001f
14020442ns          226668 1c008178 00c50463 beq              x10, x12, 8         x10:00000000 x12:0000001f
14020462ns          226669 1c00817c f95ff06f jal              x0, -108           
14021357ns          226714 1c008110 f3ff8117 auipc            x2, 0xf3ff8000       x2=10000110
14021396ns          226716 1c008114 ef410113 addi             x2, x2, -268         x2=10000004  x2:10000110
14021416ns          226717 1c008118 00012103 lw               x2, 0(x2)            x2=10000008  x2:10000004  PA:10000004
14021436ns          226718 1c00811c 000011b7 lui              x3, 0x1000           x3=00001000
14021874ns          226740 1c008120 80018193 addi             x3, x3, -2048        x3=00000800  x3:00001000
14021914ns          226742 1c008124 00158593 addi             x11, x11, 1         x11=00000001 x11:00000000
14021933ns          226743 1c008128 02b180b3 mul              x1, x3, x11          x1=00000800  x3:00000800 x11:00000001
14021953ns          226744 1c00812c 00110133 add              x2, x2, x1           x2=10000808  x2:10000008  x1:00000800
14022391ns          226766 1c008130 6f50106f jal              x0, 7924           
14022848ns          226789 1c00a024 ff010113 addi             x2, x2, -16          x2=100007f8  x2:10000808
14022868ns          226790 1c00a026 00112623 sw               x1, 12(x2)           x1:00000800  x2:100007f8  PA:10000804
14022888ns          226791 1c00a028 002047b7 lui              x15, 0x204000       x15=00204000
14022908ns          226792 1c00a02c 00070737 lui              x14, 0x70000        x14=00070000
14023345ns          226814 1c00a030 00e7a423 sw               x14, 8(x15)         x14:00070000 x15:00204000  PA:00204008
14023385ns          226816 1c00a032 0ff00713 addi             x14, x0, 255        x14=000000ff
14023405ns          226817 1c00a036 20078793 addi             x15, x15, 512       x15=00204200 x15:00204000
14023425ns          226818 1c00a03a 00e7a023 sw               x14, 0(x15)         x14:000000ff x15:00204200  PA:00204200
14023882ns          226841 1c00a03e 00e7a623 sw               x14, 12(x15)        x14:000000ff x15:00204200  PA:0020420c
14023902ns          226842 1c00a042 01f00693 addi             x13, x0, 31         x13=0000001f
14023922ns          226843 1c00a044 f1402773 csrrs            x14, x0, 0xf14      x14=00000000
14023942ns          226844 1c00a048 ca571733 p.extractu       x14, x14, 5, 5      x14=00000000 x14:00000000
14023962ns          226845 1c00a04c 00d70463 beq              x14, x13, 8         x14:00000000 x13:0000001f
14024400ns          226867 1c00a050 01c7e703 p.elw            x14, 28(x15)        x14=00010000 x15:00204200  PA:0020421c
14024698ns          226882 1c00a054 1c0017b7 lui              x15, 0x1c001000     x15=1c001000
14024718ns          226883 1c00a058 e087a783 lw               x15, -504(x15)      x15=1c0081c6 x15:1c001000  PA:1c000e08
14025056ns          226900 1c00a05c 000780e7 jalr             x1, x15, 0           x1=1c00a05e x15:1c0081c6
14025513ns          226923 1c0081c6 fa010113 addi             x2, x2, -96          x2=10000798  x2:100007f8
14025553ns          226925 1c0081c8 04812c23 sw               x8, 88(x2)           x8:00000000  x2:10000798  PA:100007f0
14025573ns          226926 1c0081ca 05212823 sw               x18, 80(x2)         x18:00000000  x2:10000798  PA:100007e8
14025593ns          226927 1c0081cc f1402473 csrrs            x8, x0, 0xf14        x8=00000000
14026010ns          226948 1c0081d0 1c000537 lui              x10, 0x1c000000     x10=1c000000
14026050ns          226950 1c0081d4 f4543933 p.bclr           x18, x8, 26, 5      x18=00000000  x8:00000000
14026070ns          226951 1c0081d8 40545593 srai             x11, x8, 0x405      x11=00000000  x8:00000000
14026090ns          226952 1c0081dc 01200633 add              x12, x0, x18        x12=00000000 x18:00000000
14026547ns          226975 1c0081de f265b5b3 p.bclr           x11, x11, 25, 6     x11=00000000 x11:00000000
14026587ns          226977 1c0081e2 01c50513 addi             x10, x10, 28        x10=1c00001c x10:1c000000
14026607ns          226978 1c0081e6 04112e23 sw               x1, 92(x2)           x1:1c00a05e  x2:10000798  PA:100007f4
14026627ns          226979 1c0081e8 04912a23 sw               x9, 84(x2)           x9:00000000  x2:10000798  PA:100007ec
14026647ns          226980 1c0081ea 05312623 sw               x19, 76(x2)         x19:00000000  x2:10000798  PA:100007e4
14026667ns          226981 1c0081ec 05412423 sw               x20, 72(x2)         x20:00000000  x2:10000798  PA:100007e0
14026687ns          226982 1c0081ee 05512223 sw               x21, 68(x2)         x21:00000000  x2:10000798  PA:100007dc
14027065ns          227001 1c0081f0 05612023 sw               x22, 64(x2)         x22:00000000  x2:10000798  PA:100007d8
14027084ns          227002 1c0081f2 03712e23 sw               x23, 60(x2)         x23:00000000  x2:10000798  PA:100007d4
14027104ns          227003 1c0081f4 03812c23 sw               x24, 56(x2)         x24:00000000  x2:10000798  PA:100007d0
14027124ns          227004 1c0081f6 03912a23 sw               x25, 52(x2)         x25:00000000  x2:10000798  PA:100007cc
14027144ns          227005 1c0081f8 03a12823 sw               x26, 48(x2)         x26:00000000  x2:10000798  PA:100007c8
14027164ns          227006 1c0081fa 03b12623 sw               x27, 44(x2)         x27:00000000  x2:10000798  PA:100007c4
14027184ns          227007 1c0081fc 1ff000ef jal              x1, 2558             x1=1c008200
14028059ns          227051 1c008bfa fc010113 addi             x2, x2, -64          x2=10000758  x2:10000798
14028099ns          227053 1c008bfc 02410313 addi             x6, x2, 36           x6=1000077c  x2:10000758
14028536ns          227075 1c008c00 02c12423 sw               x12, 40(x2)         x12:00000000  x2:10000758  PA:10000780
14028556ns          227076 1c008c02 00a00633 add              x12, x0, x10        x12=1c00001c x10:1c00001c
14028576ns          227077 1c008c04 1c009537 lui              x10, 0x1c009000     x10=1c009000
14028596ns          227078 1c008c08 02b12223 sw               x11, 36(x2)         x11:00000000  x2:10000758  PA:1000077c
14028616ns          227079 1c008c0a 02d12623 sw               x13, 44(x2)         x13:0000001f  x2:10000758  PA:10000784
14028636ns          227080 1c008c0c 00200593 addi             x11, x0, 2          x11=00000002
14028656ns          227081 1c008c0e 006006b3 add              x13, x0, x6         x13=1000077c  x6:1000077c
14029053ns          227101 1c008c10 bb650513 addi             x10, x10, -1098     x10=1c008bb6 x10:1c009000
14029093ns          227103 1c008c14 00112e23 sw               x1, 28(x2)           x1:1c008200  x2:10000758  PA:10000774
14029113ns          227104 1c008c16 02e12823 sw               x14, 48(x2)         x14:00010000  x2:10000758  PA:10000788
14029133ns          227105 1c008c18 02f12a23 sw               x15, 52(x2)         x15:1c0081c6  x2:10000758  PA:1000078c
14029153ns          227106 1c008c1a 03012c23 sw               x16, 56(x2)         x16:00000000  x2:10000758  PA:10000790
14029173ns          227107 1c008c1c 03112e23 sw               x17, 60(x2)         x17:00000000  x2:10000758  PA:10000794
14029193ns          227108 1c008c1e 00612623 sw               x6, 12(x2)           x6:1000077c  x2:10000758  PA:10000764
14029570ns          227127 1c008c20 fbfff0ef jal              x1, -66              x1=1c008c22
14030028ns          227150 1c008bde 04a0006f jal              x0, 74             
14030068ns          227152 1c008c28 ec010113 addi             x2, x2, -320         x2=10000618  x2:10000758
14030088ns          227153 1c008c2a 13312623 sw               x19, 300(x2)        x19:00000000  x2:10000618  PA:10000744
14030545ns          227176 1c008c2e 12112e23 sw               x1, 316(x2)          x1:1c008c22  x2:10000618  PA:10000754
14030585ns          227178 1c008c32 12812c23 sw               x8, 312(x2)          x8:00000000  x2:10000618  PA:10000750
14030605ns          227179 1c008c36 12912a23 sw               x9, 308(x2)          x9:00000000  x2:10000618  PA:1000074c
14030624ns          227180 1c008c3a 13212823 sw               x18, 304(x2)        x18:00000000  x2:10000618  PA:10000748
14031062ns          227202 1c008c3e 13412423 sw               x20, 296(x2)        x20:00000000  x2:10000618  PA:10000740
14031102ns          227204 1c008c42 13512223 sw               x21, 292(x2)        x21:00000000  x2:10000618  PA:1000073c
14031122ns          227205 1c008c46 13612023 sw               x22, 288(x2)        x22:00000000  x2:10000618  PA:10000738
14031142ns          227206 1c008c4a 11712e23 sw               x23, 284(x2)        x23:00000000  x2:10000618  PA:10000734
14031579ns          227228 1c008c4e 11812c23 sw               x24, 280(x2)        x24:00000000  x2:10000618  PA:10000730
14031619ns          227230 1c008c52 11912a23 sw               x25, 276(x2)        x25:00000000  x2:10000618  PA:1000072c
14031639ns          227231 1c008c56 11a12823 sw               x26, 272(x2)        x26:00000000  x2:10000618  PA:10000728
14031659ns          227232 1c008c5a 11b12623 sw               x27, 268(x2)        x27:00000000  x2:10000618  PA:10000724
14031679ns          227233 1c008c5e 00c009b3 add              x19, x0, x12        x19=1c00001c x12:1c00001c
14032096ns          227254 1c008c60 0019c78b p.lbu            x15, 1(x19!)        x15=00000045 x19=1c00001d x19:1c00001c  PA:1c00001c
14032434ns          227271 1c008c64 00d12c23 sw               x13, 24(x2)         x13:1000077c  x2:10000618  PA:10000630
14032454ns          227272 1c008c66 6a0788e3 beq              x15, x0, 3760       x15:00000045
14032474ns          227273 1c008c6a 1c000737 lui              x14, 0x1c000000     x14=1c000000
14032673ns          227283 1c008c6e 0c472703 lw               x14, 196(x14)       x14=20202020 x14:1c000000  PA:1c0000c4
14033011ns          227300 1c008c72 03410d93 addi             x27, x2, 52         x27=1000064c  x2:10000618
14033031ns          227301 1c008c76 00a00cb3 add              x25, x0, x10        x25=1c008bb6 x10:1c008bb6
14033051ns          227302 1c008c78 02e12023 sw               x14, 32(x2)         x14:20202020  x2:10000618  PA:10000638
14033071ns          227303 1c008c7a 03610713 addi             x14, x2, 54         x14=1000064e  x2:10000618
14033488ns          227324 1c008c7e fff74713 xori             x14, x14, -1        x14=effff9b1 x14:1000064e
14033508ns          227325 1c008c82 02e12223 sw               x14, 36(x2)         x14:effff9b1  x2:10000618  PA:1000063c
14033528ns          227326 1c008c84 fffdc713 xori             x14, x27, -1        x14=effff9b3 x27:1000064c
14033548ns          227327 1c008c88 00b004b3 add              x9, x0, x11          x9=00000002 x11:00000002
14033568ns          227328 1c008c8a 00000413 addi             x8, x0, 0            x8=00000000
14033588ns          227329 1c008c8c 1c000d37 lui              x26, 0x1c000000     x26=1c000000
14034005ns          227350 1c008c90 02e12423 sw               x14, 40(x2)         x14:effff9b3  x2:10000618  PA:10000640
14034025ns          227351 1c008c92 01300a33 add              x20, x0, x19        x20=1c00001d x19:1c00001d
14034045ns          227352 1c008c94 00f00533 add              x10, x0, x15        x10=00000045 x15:00000045
14034065ns          227353 1c008c96 02500793 addi             x15, x0, 37         x15=00000025
14034085ns          227354 1c008c9a 04f50763 beq              x10, x15, 78        x10:00000045 x15:00000025
14034105ns          227355 1c008c9e 009005b3 add              x11, x0, x9         x11=00000002  x9:00000002
14034523ns          227376 1c008ca0 000c80e7 jalr             x1, x25, 0           x1=1c008ca2 x25:1c008bb6
14034980ns          227399 1c008bb6 000026b7 lui              x13, 0x2000         x13=00002000
14035020ns          227401 1c008bb8 f8068693 addi             x13, x13, -128      x13=00001f80 x13:00002000
14035040ns          227402 1c008bbc f14027f3 csrrs            x15, x0, 0xf14      x15=00000000
14035477ns          227424 1c008bc0 00379713 slli             x14, x15, 0x3       x14=00000000 x15:00000000
14035517ns          227426 1c008bc4 00279793 slli             x15, x15, 0x2       x15=00000000 x15:00000000
14035537ns          227427 1c008bc6 00d7f7b3 and              x15, x15, x13       x15=00000000 x15:00000000 x13:00001f80
14035557ns          227428 1c008bc8 ee873733 p.bclr           x14, x14, 23, 8     x14=00000000 x14:00000000
14035577ns          227429 1c008bcc 1a10f6b7 lui              x13, 0x1a10f000     x13=1a10f000
14035596ns          227430 1c008bd0 00d70733 add              x14, x14, x13       x14=1a10f000 x14:00000000 x13:1a10f000
14035616ns          227431 1c008bd2 00e787b3 add              x15, x15, x14       x15=1a10f000 x15:00000000 x14:1a10f000
14035636ns          227432 1c008bd4 0ff57513 andi             x10, x10, 255       x10=00000045 x10:00000045
14035656ns          227433 1c008bd8 00a7a023 sw               x10, 0(x15)         x10:00000045 x15:1a10f000  PA:1a10f000
14036312ns          227466 1c008bda 00000513 addi             x10, x0, 0          x10=00000000
14036332ns          227467 1c008bdc 00008067 jalr             x0, x1, 0            x1:1c008ca2
14036392ns          227470 1c008ca2 4df52863 p.beqimm         x10, 1232           x10:00000000
14036412ns          227471 1c008ca6 00140413 addi             x8, x8, 1            x8=00000001  x8:00000000
14036432ns          227472 1c008ca8 001a450b p.lbu            x10, 1(x20!)        x10=0000006e x20=1c00001e x20:1c00001d  PA:1c00001d
14036790ns          227490 1c008cac fe0515e3 bne              x10, x0, -22        x10:0000006e
14036869ns          227494 1c008c96 02500793 addi             x15, x0, 37         x15=00000025
14036889ns          227495 1c008c9a 04f50763 beq              x10, x15, 78        x10:0000006e x15:00000025
14036909ns          227496 1c008c9e 009005b3 add              x11, x0, x9         x11=00000002  x9:00000002
14036929ns          227497 1c008ca0 000c80e7 jalr             x1, x25, 0           x1=1c008ca2 x25:1c008bb6
14036969ns          227499 1c008bb6 000026b7 lui              x13, 0x2000         x13=00002000
14036989ns          227500 1c008bb8 f8068693 addi             x13, x13, -128      x13=00001f80 x13:00002000
14037009ns          227501 1c008bbc f14027f3 csrrs            x15, x0, 0xf14      x15=00000000
14037028ns          227502 1c008bc0 00379713 slli             x14, x15, 0x3       x14=00000000 x15:00000000
14037048ns          227503 1c008bc4 00279793 slli             x15, x15, 0x2       x15=00000000 x15:00000000
14037068ns          227504 1c008bc6 00d7f7b3 and              x15, x15, x13       x15=00000000 x15:00000000 x13:00001f80
14037088ns          227505 1c008bc8 ee873733 p.bclr           x14, x14, 23, 8     x14=00000000 x14:00000000
14037108ns          227506 1c008bcc 1a10f6b7 lui              x13, 0x1a10f000     x13=1a10f000
14037128ns          227507 1c008bd0 00d70733 add              x14, x14, x13       x14=1a10f000 x14:00000000 x13:1a10f000
14037148ns          227508 1c008bd2 00e787b3 add              x15, x15, x14       x15=1a10f000 x15:00000000 x14:1a10f000
14037168ns          227509 1c008bd4 0ff57513 andi             x10, x10, 255       x10=0000006e x10:0000006e
14037188ns          227510 1c008bd8 00a7a023 sw               x10, 0(x15)         x10:0000006e x15:1a10f000  PA:1a10f000
14037685ns          227535 1c008bda 00000513 addi             x10, x0, 0          x10=00000000
14037705ns          227536 1c008bdc 00008067 jalr             x0, x1, 0            x1:1c008ca2
14037764ns          227539 1c008ca2 4df52863 p.beqimm         x10, 1232           x10:00000000
14037784ns          227540 1c008ca6 00140413 addi             x8, x8, 1            x8=00000002  x8:00000001
14037804ns          227541 1c008ca8 001a450b p.lbu            x10, 1(x20!)        x10=00000074 x20=1c00001f x20:1c00001e  PA:1c00001e
14038122ns          227557 1c008cac fe0515e3 bne              x10, x0, -22        x10:00000074
14038202ns          227561 1c008c96 02500793 addi             x15, x0, 37         x15=00000025
14038222ns          227562 1c008c9a 04f50763 beq              x10, x15, 78        x10:00000074 x15:00000025
14038242ns          227563 1c008c9e 009005b3 add              x11, x0, x9         x11=00000002  x9:00000002
14038261ns          227564 1c008ca0 000c80e7 jalr             x1, x25, 0           x1=1c008ca2 x25:1c008bb6
14038301ns          227566 1c008bb6 000026b7 lui              x13, 0x2000         x13=00002000
14038321ns          227567 1c008bb8 f8068693 addi             x13, x13, -128      x13=00001f80 x13:00002000
14038341ns          227568 1c008bbc f14027f3 csrrs            x15, x0, 0xf14      x15=00000000
14038361ns          227569 1c008bc0 00379713 slli             x14, x15, 0x3       x14=00000000 x15:00000000
14038381ns          227570 1c008bc4 00279793 slli             x15, x15, 0x2       x15=00000000 x15:00000000
14038401ns          227571 1c008bc6 00d7f7b3 and              x15, x15, x13       x15=00000000 x15:00000000 x13:00001f80
14038421ns          227572 1c008bc8 ee873733 p.bclr           x14, x14, 23, 8     x14=00000000 x14:00000000
14038440ns          227573 1c008bcc 1a10f6b7 lui              x13, 0x1a10f000     x13=1a10f000
14038460ns          227574 1c008bd0 00d70733 add              x14, x14, x13       x14=1a10f000 x14:00000000 x13:1a10f000
14038480ns          227575 1c008bd2 00e787b3 add              x15, x15, x14       x15=1a10f000 x15:00000000 x14:1a10f000
14038500ns          227576 1c008bd4 0ff57513 andi             x10, x10, 255       x10=00000074 x10:00000074
14038520ns          227577 1c008bd8 00a7a023 sw               x10, 0(x15)         x10:00000074 x15:1a10f000  PA:1a10f000
14038878ns          227595 1c008bda 00000513 addi             x10, x0, 0          x10=00000000
14038898ns          227596 1c008bdc 00008067 jalr             x0, x1, 0            x1:1c008ca2
14038958ns          227599 1c008ca2 4df52863 p.beqimm         x10, 1232           x10:00000000
14038977ns          227600 1c008ca6 00140413 addi             x8, x8, 1            x8=00000003  x8:00000002
14038997ns          227601 1c008ca8 001a450b p.lbu            x10, 1(x20!)        x10=00000065 x20=1c000020 x20:1c00001f  PA:1c00001f
14039316ns          227617 1c008cac fe0515e3 bne              x10, x0, -22        x10:00000065
14039395ns          227621 1c008c96 02500793 addi             x15, x0, 37         x15=00000025
14039415ns          227622 1c008c9a 04f50763 beq              x10, x15, 78        x10:00000065 x15:00000025
14039435ns          227623 1c008c9e 009005b3 add              x11, x0, x9         x11=00000002  x9:00000002
14039455ns          227624 1c008ca0 000c80e7 jalr             x1, x25, 0           x1=1c008ca2 x25:1c008bb6
14039495ns          227626 1c008bb6 000026b7 lui              x13, 0x2000         x13=00002000
14039514ns          227627 1c008bb8 f8068693 addi             x13, x13, -128      x13=00001f80 x13:00002000
14039534ns          227628 1c008bbc f14027f3 csrrs            x15, x0, 0xf14      x15=00000000
14039554ns          227629 1c008bc0 00379713 slli             x14, x15, 0x3       x14=00000000 x15:00000000
14039574ns          227630 1c008bc4 00279793 slli             x15, x15, 0x2       x15=00000000 x15:00000000
14039594ns          227631 1c008bc6 00d7f7b3 and              x15, x15, x13       x15=00000000 x15:00000000 x13:00001f80
14039614ns          227632 1c008bc8 ee873733 p.bclr           x14, x14, 23, 8     x14=00000000 x14:00000000
14039634ns          227633 1c008bcc 1a10f6b7 lui              x13, 0x1a10f000     x13=1a10f000
14039654ns          227634 1c008bd0 00d70733 add              x14, x14, x13       x14=1a10f000 x14:00000000 x13:1a10f000
14039674ns          227635 1c008bd2 00e787b3 add              x15, x15, x14       x15=1a10f000 x15:00000000 x14:1a10f000
14039693ns          227636 1c008bd4 0ff57513 andi             x10, x10, 255       x10=00000065 x10:00000065
14039713ns          227637 1c008bd8 00a7a023 sw               x10, 0(x15)         x10:00000065 x15:1a10f000  PA:1a10f000
14040091ns          227656 1c008bda 00000513 addi             x10, x0, 0          x10=00000000
14040111ns          227657 1c008bdc 00008067 jalr             x0, x1, 0            x1:1c008ca2
14040171ns          227660 1c008ca2 4df52863 p.beqimm         x10, 1232           x10:00000000
14040191ns          227661 1c008ca6 00140413 addi             x8, x8, 1            x8=00000004  x8:00000003
14040210ns          227662 1c008ca8 001a450b p.lbu            x10, 1(x20!)        x10=00000072 x20=1c000021 x20:1c000020  PA:1c000020
14040529ns          227678 1c008cac fe0515e3 bne              x10, x0, -22        x10:00000072
14040608ns          227682 1c008c96 02500793 addi             x15, x0, 37         x15=00000025
14040628ns          227683 1c008c9a 04f50763 beq              x10, x15, 78        x10:00000072 x15:00000025
14040648ns          227684 1c008c9e 009005b3 add              x11, x0, x9         x11=00000002  x9:00000002
14040668ns          227685 1c008ca0 000c80e7 jalr             x1, x25, 0           x1=1c008ca2 x25:1c008bb6
14040708ns          227687 1c008bb6 000026b7 lui              x13, 0x2000         x13=00002000
14040728ns          227688 1c008bb8 f8068693 addi             x13, x13, -128      x13=00001f80 x13:00002000
14040747ns          227689 1c008bbc f14027f3 csrrs            x15, x0, 0xf14      x15=00000000
14040767ns          227690 1c008bc0 00379713 slli             x14, x15, 0x3       x14=00000000 x15:00000000
14040787ns          227691 1c008bc4 00279793 slli             x15, x15, 0x2       x15=00000000 x15:00000000
14040807ns          227692 1c008bc6 00d7f7b3 and              x15, x15, x13       x15=00000000 x15:00000000 x13:00001f80
14040827ns          227693 1c008bc8 ee873733 p.bclr           x14, x14, 23, 8     x14=00000000 x14:00000000
14040847ns          227694 1c008bcc 1a10f6b7 lui              x13, 0x1a10f000     x13=1a10f000
14040867ns          227695 1c008bd0 00d70733 add              x14, x14, x13       x14=1a10f000 x14:00000000 x13:1a10f000
14040887ns          227696 1c008bd2 00e787b3 add              x15, x15, x14       x15=1a10f000 x15:00000000 x14:1a10f000
14040907ns          227697 1c008bd4 0ff57513 andi             x10, x10, 255       x10=00000072 x10:00000072
14040926ns          227698 1c008bd8 00a7a023 sw               x10, 0(x15)         x10:00000072 x15:1a10f000  PA:1a10f000
14041265ns          227715 1c008bda 00000513 addi             x10, x0, 0          x10=00000000
14041284ns          227716 1c008bdc 00008067 jalr             x0, x1, 0            x1:1c008ca2
14041344ns          227719 1c008ca2 4df52863 p.beqimm         x10, 1232           x10:00000000
14041364ns          227720 1c008ca6 00140413 addi             x8, x8, 1            x8=00000005  x8:00000004
14041384ns          227721 1c008ca8 001a450b p.lbu            x10, 1(x20!)        x10=00000065 x20=1c000022 x20:1c000021  PA:1c000021
14041702ns          227737 1c008cac fe0515e3 bne              x10, x0, -22        x10:00000065
14041782ns          227741 1c008c96 02500793 addi             x15, x0, 37         x15=00000025
14041802ns          227742 1c008c9a 04f50763 beq              x10, x15, 78        x10:00000065 x15:00000025
14041821ns          227743 1c008c9e 009005b3 add              x11, x0, x9         x11=00000002  x9:00000002
14041841ns          227744 1c008ca0 000c80e7 jalr             x1, x25, 0           x1=1c008ca2 x25:1c008bb6
14041881ns          227746 1c008bb6 000026b7 lui              x13, 0x2000         x13=00002000
14041901ns          227747 1c008bb8 f8068693 addi             x13, x13, -128      x13=00001f80 x13:00002000
14041921ns          227748 1c008bbc f14027f3 csrrs            x15, x0, 0xf14      x15=00000000
14041941ns          227749 1c008bc0 00379713 slli             x14, x15, 0x3       x14=00000000 x15:00000000
14041961ns          227750 1c008bc4 00279793 slli             x15, x15, 0x2       x15=00000000 x15:00000000
14041981ns          227751 1c008bc6 00d7f7b3 and              x15, x15, x13       x15=00000000 x15:00000000 x13:00001f80
14042000ns          227752 1c008bc8 ee873733 p.bclr           x14, x14, 23, 8     x14=00000000 x14:00000000
14042020ns          227753 1c008bcc 1a10f6b7 lui              x13, 0x1a10f000     x13=1a10f000
14042040ns          227754 1c008bd0 00d70733 add              x14, x14, x13       x14=1a10f000 x14:00000000 x13:1a10f000
14042060ns          227755 1c008bd2 00e787b3 add              x15, x15, x14       x15=1a10f000 x15:00000000 x14:1a10f000
14042080ns          227756 1c008bd4 0ff57513 andi             x10, x10, 255       x10=00000065 x10:00000065
14042100ns          227757 1c008bd8 00a7a023 sw               x10, 0(x15)         x10:00000065 x15:1a10f000  PA:1a10f000
14042438ns          227774 1c008bda 00000513 addi             x10, x0, 0          x10=00000000
14042458ns          227775 1c008bdc 00008067 jalr             x0, x1, 0            x1:1c008ca2
14042518ns          227778 1c008ca2 4df52863 p.beqimm         x10, 1232           x10:00000000
14042537ns          227779 1c008ca6 00140413 addi             x8, x8, 1            x8=00000006  x8:00000005
14042557ns          227780 1c008ca8 001a450b p.lbu            x10, 1(x20!)        x10=00000064 x20=1c000023 x20:1c000022  PA:1c000022
14042875ns          227796 1c008cac fe0515e3 bne              x10, x0, -22        x10:00000064
14042955ns          227800 1c008c96 02500793 addi             x15, x0, 37         x15=00000025
14042975ns          227801 1c008c9a 04f50763 beq              x10, x15, 78        x10:00000064 x15:00000025
14042995ns          227802 1c008c9e 009005b3 add              x11, x0, x9         x11=00000002  x9:00000002
14043015ns          227803 1c008ca0 000c80e7 jalr             x1, x25, 0           x1=1c008ca2 x25:1c008bb6
14043054ns          227805 1c008bb6 000026b7 lui              x13, 0x2000         x13=00002000
14043074ns          227806 1c008bb8 f8068693 addi             x13, x13, -128      x13=00001f80 x13:00002000
14043094ns          227807 1c008bbc f14027f3 csrrs            x15, x0, 0xf14      x15=00000000
14043114ns          227808 1c008bc0 00379713 slli             x14, x15, 0x3       x14=00000000 x15:00000000
14043134ns          227809 1c008bc4 00279793 slli             x15, x15, 0x2       x15=00000000 x15:00000000
14043154ns          227810 1c008bc6 00d7f7b3 and              x15, x15, x13       x15=00000000 x15:00000000 x13:00001f80
14043174ns          227811 1c008bc8 ee873733 p.bclr           x14, x14, 23, 8     x14=00000000 x14:00000000
14043194ns          227812 1c008bcc 1a10f6b7 lui              x13, 0x1a10f000     x13=1a10f000
14043214ns          227813 1c008bd0 00d70733 add              x14, x14, x13       x14=1a10f000 x14:00000000 x13:1a10f000
14043233ns          227814 1c008bd2 00e787b3 add              x15, x15, x14       x15=1a10f000 x15:00000000 x14:1a10f000
14043253ns          227815 1c008bd4 0ff57513 andi             x10, x10, 255       x10=00000064 x10:00000064
14043273ns          227816 1c008bd8 00a7a023 sw               x10, 0(x15)         x10:00000064 x15:1a10f000  PA:1a10f000
14043631ns          227834 1c008bda 00000513 addi             x10, x0, 0          x10=00000000
14043651ns          227835 1c008bdc 00008067 jalr             x0, x1, 0            x1:1c008ca2
14043711ns          227838 1c008ca2 4df52863 p.beqimm         x10, 1232           x10:00000000
14043731ns          227839 1c008ca6 00140413 addi             x8, x8, 1            x8=00000007  x8:00000006
14043751ns          227840 1c008ca8 001a450b p.lbu            x10, 1(x20!)        x10=00000020 x20=1c000024 x20:1c000023  PA:1c000023
14044069ns          227856 1c008cac fe0515e3 bne              x10, x0, -22        x10:00000020
14044148ns          227860 1c008c96 02500793 addi             x15, x0, 37         x15=00000025
14044168ns          227861 1c008c9a 04f50763 beq              x10, x15, 78        x10:00000020 x15:00000025
14044188ns          227862 1c008c9e 009005b3 add              x11, x0, x9         x11=00000002  x9:00000002
14044208ns          227863 1c008ca0 000c80e7 jalr             x1, x25, 0           x1=1c008ca2 x25:1c008bb6
14044248ns          227865 1c008bb6 000026b7 lui              x13, 0x2000         x13=00002000
14044268ns          227866 1c008bb8 f8068693 addi             x13, x13, -128      x13=00001f80 x13:00002000
14044288ns          227867 1c008bbc f14027f3 csrrs            x15, x0, 0xf14      x15=00000000
14044307ns          227868 1c008bc0 00379713 slli             x14, x15, 0x3       x14=00000000 x15:00000000
14044327ns          227869 1c008bc4 00279793 slli             x15, x15, 0x2       x15=00000000 x15:00000000
14044347ns          227870 1c008bc6 00d7f7b3 and              x15, x15, x13       x15=00000000 x15:00000000 x13:00001f80
14044367ns          227871 1c008bc8 ee873733 p.bclr           x14, x14, 23, 8     x14=00000000 x14:00000000
14044387ns          227872 1c008bcc 1a10f6b7 lui              x13, 0x1a10f000     x13=1a10f000
14044407ns          227873 1c008bd0 00d70733 add              x14, x14, x13       x14=1a10f000 x14:00000000 x13:1a10f000
14044427ns          227874 1c008bd2 00e787b3 add              x15, x15, x14       x15=1a10f000 x15:00000000 x14:1a10f000
14044447ns          227875 1c008bd4 0ff57513 andi             x10, x10, 255       x10=00000020 x10:00000020
14044467ns          227876 1c008bd8 00a7a023 sw               x10, 0(x15)         x10:00000020 x15:1a10f000  PA:1a10f000
14044805ns          227893 1c008bda 00000513 addi             x10, x0, 0          x10=00000000
14044825ns          227894 1c008bdc 00008067 jalr             x0, x1, 0            x1:1c008ca2
14044884ns          227897 1c008ca2 4df52863 p.beqimm         x10, 1232           x10:00000000
14044904ns          227898 1c008ca6 00140413 addi             x8, x8, 1            x8=00000008  x8:00000007
14044924ns          227899 1c008ca8 001a450b p.lbu            x10, 1(x20!)        x10=00000063 x20=1c000025 x20:1c000024  PA:1c000024
14045242ns          227915 1c008cac fe0515e3 bne              x10, x0, -22        x10:00000063
14045322ns          227919 1c008c96 02500793 addi             x15, x0, 37         x15=00000025
14045342ns          227920 1c008c9a 04f50763 beq              x10, x15, 78        x10:00000063 x15:00000025
14045361ns          227921 1c008c9e 009005b3 add              x11, x0, x9         x11=00000002  x9:00000002
14045381ns          227922 1c008ca0 000c80e7 jalr             x1, x25, 0           x1=1c008ca2 x25:1c008bb6
14045421ns          227924 1c008bb6 000026b7 lui              x13, 0x2000         x13=00002000
14045441ns          227925 1c008bb8 f8068693 addi             x13, x13, -128      x13=00001f80 x13:00002000
14045461ns          227926 1c008bbc f14027f3 csrrs            x15, x0, 0xf14      x15=00000000
14045481ns          227927 1c008bc0 00379713 slli             x14, x15, 0x3       x14=00000000 x15:00000000
14045501ns          227928 1c008bc4 00279793 slli             x15, x15, 0x2       x15=00000000 x15:00000000
14045521ns          227929 1c008bc6 00d7f7b3 and              x15, x15, x13       x15=00000000 x15:00000000 x13:00001f80
14045540ns          227930 1c008bc8 ee873733 p.bclr           x14, x14, 23, 8     x14=00000000 x14:00000000
14045560ns          227931 1c008bcc 1a10f6b7 lui              x13, 0x1a10f000     x13=1a10f000
14045580ns          227932 1c008bd0 00d70733 add              x14, x14, x13       x14=1a10f000 x14:00000000 x13:1a10f000
14045600ns          227933 1c008bd2 00e787b3 add              x15, x15, x14       x15=1a10f000 x15:00000000 x14:1a10f000
14045620ns          227934 1c008bd4 0ff57513 andi             x10, x10, 255       x10=00000063 x10:00000063
14045640ns          227935 1c008bd8 00a7a023 sw               x10, 0(x15)         x10:00000063 x15:1a10f000  PA:1a10f000
14045978ns          227952 1c008bda 00000513 addi             x10, x0, 0          x10=00000000
14045998ns          227953 1c008bdc 00008067 jalr             x0, x1, 0            x1:1c008ca2
14046058ns          227956 1c008ca2 4df52863 p.beqimm         x10, 1232           x10:00000000
14046077ns          227957 1c008ca6 00140413 addi             x8, x8, 1            x8=00000009  x8:00000008
14046097ns          227958 1c008ca8 001a450b p.lbu            x10, 1(x20!)        x10=0000006c x20=1c000026 x20:1c000025  PA:1c000025
14046435ns          227975 1c008cac fe0515e3 bne              x10, x0, -22        x10:0000006c
14046515ns          227979 1c008c96 02500793 addi             x15, x0, 37         x15=00000025
14046535ns          227980 1c008c9a 04f50763 beq              x10, x15, 78        x10:0000006c x15:00000025
14046555ns          227981 1c008c9e 009005b3 add              x11, x0, x9         x11=00000002  x9:00000002
14046575ns          227982 1c008ca0 000c80e7 jalr             x1, x25, 0           x1=1c008ca2 x25:1c008bb6
14046614ns          227984 1c008bb6 000026b7 lui              x13, 0x2000         x13=00002000
14046634ns          227985 1c008bb8 f8068693 addi             x13, x13, -128      x13=00001f80 x13:00002000
14046654ns          227986 1c008bbc f14027f3 csrrs            x15, x0, 0xf14      x15=00000000
14046674ns          227987 1c008bc0 00379713 slli             x14, x15, 0x3       x14=00000000 x15:00000000
14046694ns          227988 1c008bc4 00279793 slli             x15, x15, 0x2       x15=00000000 x15:00000000
14046714ns          227989 1c008bc6 00d7f7b3 and              x15, x15, x13       x15=00000000 x15:00000000 x13:00001f80
14046734ns          227990 1c008bc8 ee873733 p.bclr           x14, x14, 23, 8     x14=00000000 x14:00000000
14046754ns          227991 1c008bcc 1a10f6b7 lui              x13, 0x1a10f000     x13=1a10f000
14046774ns          227992 1c008bd0 00d70733 add              x14, x14, x13       x14=1a10f000 x14:00000000 x13:1a10f000
14046793ns          227993 1c008bd2 00e787b3 add              x15, x15, x14       x15=1a10f000 x15:00000000 x14:1a10f000
14046813ns          227994 1c008bd4 0ff57513 andi             x10, x10, 255       x10=0000006c x10:0000006c
14046833ns          227995 1c008bd8 00a7a023 sw               x10, 0(x15)         x10:0000006c x15:1a10f000  PA:1a10f000
14047151ns          228011 1c008bda 00000513 addi             x10, x0, 0          x10=00000000
14047171ns          228012 1c008bdc 00008067 jalr             x0, x1, 0            x1:1c008ca2
14047231ns          228015 1c008ca2 4df52863 p.beqimm         x10, 1232           x10:00000000
14047251ns          228016 1c008ca6 00140413 addi             x8, x8, 1            x8=0000000a  x8:00000009
14047271ns          228017 1c008ca8 001a450b p.lbu            x10, 1(x20!)        x10=00000075 x20=1c000027 x20:1c000026  PA:1c000026
14047589ns          228033 1c008cac fe0515e3 bne              x10, x0, -22        x10:00000075
14047668ns          228037 1c008c96 02500793 addi             x15, x0, 37         x15=00000025
14047688ns          228038 1c008c9a 04f50763 beq              x10, x15, 78        x10:00000075 x15:00000025
14047708ns          228039 1c008c9e 009005b3 add              x11, x0, x9         x11=00000002  x9:00000002
14047728ns          228040 1c008ca0 000c80e7 jalr             x1, x25, 0           x1=1c008ca2 x25:1c008bb6
14047768ns          228042 1c008bb6 000026b7 lui              x13, 0x2000         x13=00002000
14047788ns          228043 1c008bb8 f8068693 addi             x13, x13, -128      x13=00001f80 x13:00002000
14047808ns          228044 1c008bbc f14027f3 csrrs            x15, x0, 0xf14      x15=00000000
14047828ns          228045 1c008bc0 00379713 slli             x14, x15, 0x3       x14=00000000 x15:00000000
14047847ns          228046 1c008bc4 00279793 slli             x15, x15, 0x2       x15=00000000 x15:00000000
14047867ns          228047 1c008bc6 00d7f7b3 and              x15, x15, x13       x15=00000000 x15:00000000 x13:00001f80
14047887ns          228048 1c008bc8 ee873733 p.bclr           x14, x14, 23, 8     x14=00000000 x14:00000000
14047907ns          228049 1c008bcc 1a10f6b7 lui              x13, 0x1a10f000     x13=1a10f000
14047927ns          228050 1c008bd0 00d70733 add              x14, x14, x13       x14=1a10f000 x14:00000000 x13:1a10f000
14047947ns          228051 1c008bd2 00e787b3 add              x15, x15, x14       x15=1a10f000 x15:00000000 x14:1a10f000
14047967ns          228052 1c008bd4 0ff57513 andi             x10, x10, 255       x10=00000075 x10:00000075
14047987ns          228053 1c008bd8 00a7a023 sw               x10, 0(x15)         x10:00000075 x15:1a10f000  PA:1a10f000
14048305ns          228069 1c008bda 00000513 addi             x10, x0, 0          x10=00000000
14048325ns          228070 1c008bdc 00008067 jalr             x0, x1, 0            x1:1c008ca2
14048384ns          228073 1c008ca2 4df52863 p.beqimm         x10, 1232           x10:00000000
14048404ns          228074 1c008ca6 00140413 addi             x8, x8, 1            x8=0000000b  x8:0000000a
14048424ns          228075 1c008ca8 001a450b p.lbu            x10, 1(x20!)        x10=00000073 x20=1c000028 x20:1c000027  PA:1c000027
14048742ns          228091 1c008cac fe0515e3 bne              x10, x0, -22        x10:00000073
14048822ns          228095 1c008c96 02500793 addi             x15, x0, 37         x15=00000025
14048842ns          228096 1c008c9a 04f50763 beq              x10, x15, 78        x10:00000073 x15:00000025
14048862ns          228097 1c008c9e 009005b3 add              x11, x0, x9         x11=00000002  x9:00000002
14048882ns          228098 1c008ca0 000c80e7 jalr             x1, x25, 0           x1=1c008ca2 x25:1c008bb6
14048921ns          228100 1c008bb6 000026b7 lui              x13, 0x2000         x13=00002000
14048941ns          228101 1c008bb8 f8068693 addi             x13, x13, -128      x13=00001f80 x13:00002000
14048961ns          228102 1c008bbc f14027f3 csrrs            x15, x0, 0xf14      x15=00000000
14048981ns          228103 1c008bc0 00379713 slli             x14, x15, 0x3       x14=00000000 x15:00000000
14049001ns          228104 1c008bc4 00279793 slli             x15, x15, 0x2       x15=00000000 x15:00000000
14049021ns          228105 1c008bc6 00d7f7b3 and              x15, x15, x13       x15=00000000 x15:00000000 x13:00001f80
14049041ns          228106 1c008bc8 ee873733 p.bclr           x14, x14, 23, 8     x14=00000000 x14:00000000
14049061ns          228107 1c008bcc 1a10f6b7 lui              x13, 0x1a10f000     x13=1a10f000
14049081ns          228108 1c008bd0 00d70733 add              x14, x14, x13       x14=1a10f000 x14:00000000 x13:1a10f000
14049100ns          228109 1c008bd2 00e787b3 add              x15, x15, x14       x15=1a10f000 x15:00000000 x14:1a10f000
14049120ns          228110 1c008bd4 0ff57513 andi             x10, x10, 255       x10=00000073 x10:00000073
14049140ns          228111 1c008bd8 00a7a023 sw               x10, 0(x15)         x10:00000073 x15:1a10f000  PA:1a10f000
14049478ns          228128 1c008bda 00000513 addi             x10, x0, 0          x10=00000000
14049498ns          228129 1c008bdc 00008067 jalr             x0, x1, 0            x1:1c008ca2
14049558ns          228132 1c008ca2 4df52863 p.beqimm         x10, 1232           x10:00000000
14049578ns          228133 1c008ca6 00140413 addi             x8, x8, 1            x8=0000000c  x8:0000000b
14049598ns          228134 1c008ca8 001a450b p.lbu            x10, 1(x20!)        x10=00000074 x20=1c000029 x20:1c000028  PA:1c000028
14049916ns          228150 1c008cac fe0515e3 bne              x10, x0, -22        x10:00000074
14049995ns          228154 1c008c96 02500793 addi             x15, x0, 37         x15=00000025
14050015ns          228155 1c008c9a 04f50763 beq              x10, x15, 78        x10:00000074 x15:00000025
14050035ns          228156 1c008c9e 009005b3 add              x11, x0, x9         x11=00000002  x9:00000002
14050055ns          228157 1c008ca0 000c80e7 jalr             x1, x25, 0           x1=1c008ca2 x25:1c008bb6
14050095ns          228159 1c008bb6 000026b7 lui              x13, 0x2000         x13=00002000
14050115ns          228160 1c008bb8 f8068693 addi             x13, x13, -128      x13=00001f80 x13:00002000
14050135ns          228161 1c008bbc f14027f3 csrrs            x15, x0, 0xf14      x15=00000000
14050154ns          228162 1c008bc0 00379713 slli             x14, x15, 0x3       x14=00000000 x15:00000000
14050174ns          228163 1c008bc4 00279793 slli             x15, x15, 0x2       x15=00000000 x15:00000000
14050194ns          228164 1c008bc6 00d7f7b3 and              x15, x15, x13       x15=00000000 x15:00000000 x13:00001f80
14050214ns          228165 1c008bc8 ee873733 p.bclr           x14, x14, 23, 8     x14=00000000 x14:00000000
14050234ns          228166 1c008bcc 1a10f6b7 lui              x13, 0x1a10f000     x13=1a10f000
14050254ns          228167 1c008bd0 00d70733 add              x14, x14, x13       x14=1a10f000 x14:00000000 x13:1a10f000
14050274ns          228168 1c008bd2 00e787b3 add              x15, x15, x14       x15=1a10f000 x15:00000000 x14:1a10f000
14050294ns          228169 1c008bd4 0ff57513 andi             x10, x10, 255       x10=00000074 x10:00000074
14050314ns          228170 1c008bd8 00a7a023 sw               x10, 0(x15)         x10:00000074 x15:1a10f000  PA:1a10f000
14050652ns          228187 1c008bda 00000513 addi             x10, x0, 0          x10=00000000
14050672ns          228188 1c008bdc 00008067 jalr             x0, x1, 0            x1:1c008ca2
14050731ns          228191 1c008ca2 4df52863 p.beqimm         x10, 1232           x10:00000000
14050751ns          228192 1c008ca6 00140413 addi             x8, x8, 1            x8=0000000d  x8:0000000c
14050771ns          228193 1c008ca8 001a450b p.lbu            x10, 1(x20!)        x10=00000065 x20=1c00002a x20:1c000029  PA:1c000029
14051089ns          228209 1c008cac fe0515e3 bne              x10, x0, -22        x10:00000065
14051169ns          228213 1c008c96 02500793 addi             x15, x0, 37         x15=00000025
14051189ns          228214 1c008c9a 04f50763 beq              x10, x15, 78        x10:00000065 x15:00000025
14051209ns          228215 1c008c9e 009005b3 add              x11, x0, x9         x11=00000002  x9:00000002
14051228ns          228216 1c008ca0 000c80e7 jalr             x1, x25, 0           x1=1c008ca2 x25:1c008bb6
14051268ns          228218 1c008bb6 000026b7 lui              x13, 0x2000         x13=00002000
14051288ns          228219 1c008bb8 f8068693 addi             x13, x13, -128      x13=00001f80 x13:00002000
14051308ns          228220 1c008bbc f14027f3 csrrs            x15, x0, 0xf14      x15=00000000
14051328ns          228221 1c008bc0 00379713 slli             x14, x15, 0x3       x14=00000000 x15:00000000
14051348ns          228222 1c008bc4 00279793 slli             x15, x15, 0x2       x15=00000000 x15:00000000
14051368ns          228223 1c008bc6 00d7f7b3 and              x15, x15, x13       x15=00000000 x15:00000000 x13:00001f80
14051388ns          228224 1c008bc8 ee873733 p.bclr           x14, x14, 23, 8     x14=00000000 x14:00000000
14051407ns          228225 1c008bcc 1a10f6b7 lui              x13, 0x1a10f000     x13=1a10f000
14051427ns          228226 1c008bd0 00d70733 add              x14, x14, x13       x14=1a10f000 x14:00000000 x13:1a10f000
14051447ns          228227 1c008bd2 00e787b3 add              x15, x15, x14       x15=1a10f000 x15:00000000 x14:1a10f000
14051467ns          228228 1c008bd4 0ff57513 andi             x10, x10, 255       x10=00000065 x10:00000065
14051487ns          228229 1c008bd8 00a7a023 sw               x10, 0(x15)         x10:00000065 x15:1a10f000  PA:1a10f000
14051845ns          228247 1c008bda 00000513 addi             x10, x0, 0          x10=00000000
14051865ns          228248 1c008bdc 00008067 jalr             x0, x1, 0            x1:1c008ca2
14051925ns          228251 1c008ca2 4df52863 p.beqimm         x10, 1232           x10:00000000
14051944ns          228252 1c008ca6 00140413 addi             x8, x8, 1            x8=0000000e  x8:0000000d
14051964ns          228253 1c008ca8 001a450b p.lbu            x10, 1(x20!)        x10=00000072 x20=1c00002b x20:1c00002a  PA:1c00002a
14052283ns          228269 1c008cac fe0515e3 bne              x10, x0, -22        x10:00000072
14052362ns          228273 1c008c96 02500793 addi             x15, x0, 37         x15=00000025
14052382ns          228274 1c008c9a 04f50763 beq              x10, x15, 78        x10:00000072 x15:00000025
14052402ns          228275 1c008c9e 009005b3 add              x11, x0, x9         x11=00000002  x9:00000002
14052422ns          228276 1c008ca0 000c80e7 jalr             x1, x25, 0           x1=1c008ca2 x25:1c008bb6
14052462ns          228278 1c008bb6 000026b7 lui              x13, 0x2000         x13=00002000
14052481ns          228279 1c008bb8 f8068693 addi             x13, x13, -128      x13=00001f80 x13:00002000
14052501ns          228280 1c008bbc f14027f3 csrrs            x15, x0, 0xf14      x15=00000000
14052521ns          228281 1c008bc0 00379713 slli             x14, x15, 0x3       x14=00000000 x15:00000000
14052541ns          228282 1c008bc4 00279793 slli             x15, x15, 0x2       x15=00000000 x15:00000000
14052561ns          228283 1c008bc6 00d7f7b3 and              x15, x15, x13       x15=00000000 x15:00000000 x13:00001f80
14052581ns          228284 1c008bc8 ee873733 p.bclr           x14, x14, 23, 8     x14=00000000 x14:00000000
14052601ns          228285 1c008bcc 1a10f6b7 lui              x13, 0x1a10f000     x13=1a10f000
14052621ns          228286 1c008bd0 00d70733 add              x14, x14, x13       x14=1a10f000 x14:00000000 x13:1a10f000
14052640ns          228287 1c008bd2 00e787b3 add              x15, x15, x14       x15=1a10f000 x15:00000000 x14:1a10f000
14052660ns          228288 1c008bd4 0ff57513 andi             x10, x10, 255       x10=00000072 x10:00000072
14052680ns          228289 1c008bd8 00a7a023 sw               x10, 0(x15)         x10:00000072 x15:1a10f000  PA:1a10f000
14053018ns          228306 1c008bda 00000513 addi             x10, x0, 0          x10=00000000
14053038ns          228307 1c008bdc 00008067 jalr             x0, x1, 0            x1:1c008ca2
14053098ns          228310 1c008ca2 4df52863 p.beqimm         x10, 1232           x10:00000000
14053118ns          228311 1c008ca6 00140413 addi             x8, x8, 1            x8=0000000f  x8:0000000e
14053138ns          228312 1c008ca8 001a450b p.lbu            x10, 1(x20!)        x10=00000020 x20=1c00002c x20:1c00002b  PA:1c00002b
14053456ns          228328 1c008cac fe0515e3 bne              x10, x0, -22        x10:00000020
14053535ns          228332 1c008c96 02500793 addi             x15, x0, 37         x15=00000025
14053555ns          228333 1c008c9a 04f50763 beq              x10, x15, 78        x10:00000020 x15:00000025
14053575ns          228334 1c008c9e 009005b3 add              x11, x0, x9         x11=00000002  x9:00000002
14053595ns          228335 1c008ca0 000c80e7 jalr             x1, x25, 0           x1=1c008ca2 x25:1c008bb6
14053635ns          228337 1c008bb6 000026b7 lui              x13, 0x2000         x13=00002000
14053655ns          228338 1c008bb8 f8068693 addi             x13, x13, -128      x13=00001f80 x13:00002000
14053675ns          228339 1c008bbc f14027f3 csrrs            x15, x0, 0xf14      x15=00000000
14053695ns          228340 1c008bc0 00379713 slli             x14, x15, 0x3       x14=00000000 x15:00000000
14053714ns          228341 1c008bc4 00279793 slli             x15, x15, 0x2       x15=00000000 x15:00000000
14053734ns          228342 1c008bc6 00d7f7b3 and              x15, x15, x13       x15=00000000 x15:00000000 x13:00001f80
14053754ns          228343 1c008bc8 ee873733 p.bclr           x14, x14, 23, 8     x14=00000000 x14:00000000
14053774ns          228344 1c008bcc 1a10f6b7 lui              x13, 0x1a10f000     x13=1a10f000
14053794ns          228345 1c008bd0 00d70733 add              x14, x14, x13       x14=1a10f000 x14:00000000 x13:1a10f000
14053814ns          228346 1c008bd2 00e787b3 add              x15, x15, x14       x15=1a10f000 x15:00000000 x14:1a10f000
14053834ns          228347 1c008bd4 0ff57513 andi             x10, x10, 255       x10=00000020 x10:00000020
14053854ns          228348 1c008bd8 00a7a023 sw               x10, 0(x15)         x10:00000020 x15:1a10f000  PA:1a10f000
14054212ns          228366 1c008bda 00000513 addi             x10, x0, 0          x10=00000000
14054232ns          228367 1c008bdc 00008067 jalr             x0, x1, 0            x1:1c008ca2
14054291ns          228370 1c008ca2 4df52863 p.beqimm         x10, 1232           x10:00000000
14054311ns          228371 1c008ca6 00140413 addi             x8, x8, 1            x8=00000010  x8:0000000f
14054331ns          228372 1c008ca8 001a450b p.lbu            x10, 1(x20!)        x10=0000006f x20=1c00002d x20:1c00002c  PA:1c00002c
14054669ns          228389 1c008cac fe0515e3 bne              x10, x0, -22        x10:0000006f
14054749ns          228393 1c008c96 02500793 addi             x15, x0, 37         x15=00000025
14054769ns          228394 1c008c9a 04f50763 beq              x10, x15, 78        x10:0000006f x15:00000025
14054788ns          228395 1c008c9e 009005b3 add              x11, x0, x9         x11=00000002  x9:00000002
14054808ns          228396 1c008ca0 000c80e7 jalr             x1, x25, 0           x1=1c008ca2 x25:1c008bb6
14054848ns          228398 1c008bb6 000026b7 lui              x13, 0x2000         x13=00002000
14054868ns          228399 1c008bb8 f8068693 addi             x13, x13, -128      x13=00001f80 x13:00002000
14054888ns          228400 1c008bbc f14027f3 csrrs            x15, x0, 0xf14      x15=00000000
14054908ns          228401 1c008bc0 00379713 slli             x14, x15, 0x3       x14=00000000 x15:00000000
14054928ns          228402 1c008bc4 00279793 slli             x15, x15, 0x2       x15=00000000 x15:00000000
14054948ns          228403 1c008bc6 00d7f7b3 and              x15, x15, x13       x15=00000000 x15:00000000 x13:00001f80
14054967ns          228404 1c008bc8 ee873733 p.bclr           x14, x14, 23, 8     x14=00000000 x14:00000000
14054987ns          228405 1c008bcc 1a10f6b7 lui              x13, 0x1a10f000     x13=1a10f000
14055007ns          228406 1c008bd0 00d70733 add              x14, x14, x13       x14=1a10f000 x14:00000000 x13:1a10f000
14055027ns          228407 1c008bd2 00e787b3 add              x15, x15, x14       x15=1a10f000 x15:00000000 x14:1a10f000
14055047ns          228408 1c008bd4 0ff57513 andi             x10, x10, 255       x10=0000006f x10:0000006f
14055067ns          228409 1c008bd8 00a7a023 sw               x10, 0(x15)         x10:0000006f x15:1a10f000  PA:1a10f000
14055385ns          228425 1c008bda 00000513 addi             x10, x0, 0          x10=00000000
14055405ns          228426 1c008bdc 00008067 jalr             x0, x1, 0            x1:1c008ca2
14055465ns          228429 1c008ca2 4df52863 p.beqimm         x10, 1232           x10:00000000
14055484ns          228430 1c008ca6 00140413 addi             x8, x8, 1            x8=00000011  x8:00000010
14055504ns          228431 1c008ca8 001a450b p.lbu            x10, 1(x20!)        x10=0000006e x20=1c00002e x20:1c00002d  PA:1c00002d
14055823ns          228447 1c008cac fe0515e3 bne              x10, x0, -22        x10:0000006e
14055902ns          228451 1c008c96 02500793 addi             x15, x0, 37         x15=00000025
14055922ns          228452 1c008c9a 04f50763 beq              x10, x15, 78        x10:0000006e x15:00000025
14055942ns          228453 1c008c9e 009005b3 add              x11, x0, x9         x11=00000002  x9:00000002
14055962ns          228454 1c008ca0 000c80e7 jalr             x1, x25, 0           x1=1c008ca2 x25:1c008bb6
14056002ns          228456 1c008bb6 000026b7 lui              x13, 0x2000         x13=00002000
14056021ns          228457 1c008bb8 f8068693 addi             x13, x13, -128      x13=00001f80 x13:00002000
14056041ns          228458 1c008bbc f14027f3 csrrs            x15, x0, 0xf14      x15=00000000
14056061ns          228459 1c008bc0 00379713 slli             x14, x15, 0x3       x14=00000000 x15:00000000
14056081ns          228460 1c008bc4 00279793 slli             x15, x15, 0x2       x15=00000000 x15:00000000
14056101ns          228461 1c008bc6 00d7f7b3 and              x15, x15, x13       x15=00000000 x15:00000000 x13:00001f80
14056121ns          228462 1c008bc8 ee873733 p.bclr           x14, x14, 23, 8     x14=00000000 x14:00000000
14056141ns          228463 1c008bcc 1a10f6b7 lui              x13, 0x1a10f000     x13=1a10f000
14056161ns          228464 1c008bd0 00d70733 add              x14, x14, x13       x14=1a10f000 x14:00000000 x13:1a10f000
14056181ns          228465 1c008bd2 00e787b3 add              x15, x15, x14       x15=1a10f000 x15:00000000 x14:1a10f000
14056200ns          228466 1c008bd4 0ff57513 andi             x10, x10, 255       x10=0000006e x10:0000006e
14056220ns          228467 1c008bd8 00a7a023 sw               x10, 0(x15)         x10:0000006e x15:1a10f000  PA:1a10f000
14056558ns          228484 1c008bda 00000513 addi             x10, x0, 0          x10=00000000
14056578ns          228485 1c008bdc 00008067 jalr             x0, x1, 0            x1:1c008ca2
14056638ns          228488 1c008ca2 4df52863 p.beqimm         x10, 1232           x10:00000000
14056658ns          228489 1c008ca6 00140413 addi             x8, x8, 1            x8=00000012  x8:00000011
14056678ns          228490 1c008ca8 001a450b p.lbu            x10, 1(x20!)        x10=00000020 x20=1c00002f x20:1c00002e  PA:1c00002e
14056996ns          228506 1c008cac fe0515e3 bne              x10, x0, -22        x10:00000020
14057076ns          228510 1c008c96 02500793 addi             x15, x0, 37         x15=00000025
14057095ns          228511 1c008c9a 04f50763 beq              x10, x15, 78        x10:00000020 x15:00000025
14057115ns          228512 1c008c9e 009005b3 add              x11, x0, x9         x11=00000002  x9:00000002
14057135ns          228513 1c008ca0 000c80e7 jalr             x1, x25, 0           x1=1c008ca2 x25:1c008bb6
14057175ns          228515 1c008bb6 000026b7 lui              x13, 0x2000         x13=00002000
14057195ns          228516 1c008bb8 f8068693 addi             x13, x13, -128      x13=00001f80 x13:00002000
14057215ns          228517 1c008bbc f14027f3 csrrs            x15, x0, 0xf14      x15=00000000
14057235ns          228518 1c008bc0 00379713 slli             x14, x15, 0x3       x14=00000000 x15:00000000
14057255ns          228519 1c008bc4 00279793 slli             x15, x15, 0x2       x15=00000000 x15:00000000
14057274ns          228520 1c008bc6 00d7f7b3 and              x15, x15, x13       x15=00000000 x15:00000000 x13:00001f80
14057294ns          228521 1c008bc8 ee873733 p.bclr           x14, x14, 23, 8     x14=00000000 x14:00000000
14057314ns          228522 1c008bcc 1a10f6b7 lui              x13, 0x1a10f000     x13=1a10f000
14057334ns          228523 1c008bd0 00d70733 add              x14, x14, x13       x14=1a10f000 x14:00000000 x13:1a10f000
14057354ns          228524 1c008bd2 00e787b3 add              x15, x15, x14       x15=1a10f000 x15:00000000 x14:1a10f000
14057374ns          228525 1c008bd4 0ff57513 andi             x10, x10, 255       x10=00000020 x10:00000020
14057394ns          228526 1c008bd8 00a7a023 sw               x10, 0(x15)         x10:00000020 x15:1a10f000  PA:1a10f000
14057732ns          228543 1c008bda 00000513 addi             x10, x0, 0          x10=00000000
14057752ns          228544 1c008bdc 00008067 jalr             x0, x1, 0            x1:1c008ca2
14057811ns          228547 1c008ca2 4df52863 p.beqimm         x10, 1232           x10:00000000
14057831ns          228548 1c008ca6 00140413 addi             x8, x8, 1            x8=00000013  x8:00000012
14057851ns          228549 1c008ca8 001a450b p.lbu            x10, 1(x20!)        x10=00000063 x20=1c000030 x20:1c00002f  PA:1c00002f
14058169ns          228565 1c008cac fe0515e3 bne              x10, x0, -22        x10:00000063
14058249ns          228569 1c008c96 02500793 addi             x15, x0, 37         x15=00000025
14058269ns          228570 1c008c9a 04f50763 beq              x10, x15, 78        x10:00000063 x15:00000025
14058289ns          228571 1c008c9e 009005b3 add              x11, x0, x9         x11=00000002  x9:00000002
14058309ns          228572 1c008ca0 000c80e7 jalr             x1, x25, 0           x1=1c008ca2 x25:1c008bb6
14058348ns          228574 1c008bb6 000026b7 lui              x13, 0x2000         x13=00002000
14058368ns          228575 1c008bb8 f8068693 addi             x13, x13, -128      x13=00001f80 x13:00002000
14058388ns          228576 1c008bbc f14027f3 csrrs            x15, x0, 0xf14      x15=00000000
14058408ns          228577 1c008bc0 00379713 slli             x14, x15, 0x3       x14=00000000 x15:00000000
14058428ns          228578 1c008bc4 00279793 slli             x15, x15, 0x2       x15=00000000 x15:00000000
14058448ns          228579 1c008bc6 00d7f7b3 and              x15, x15, x13       x15=00000000 x15:00000000 x13:00001f80
14058468ns          228580 1c008bc8 ee873733 p.bclr           x14, x14, 23, 8     x14=00000000 x14:00000000
14058488ns          228581 1c008bcc 1a10f6b7 lui              x13, 0x1a10f000     x13=1a10f000
14058507ns          228582 1c008bd0 00d70733 add              x14, x14, x13       x14=1a10f000 x14:00000000 x13:1a10f000
14058527ns          228583 1c008bd2 00e787b3 add              x15, x15, x14       x15=1a10f000 x15:00000000 x14:1a10f000
14058547ns          228584 1c008bd4 0ff57513 andi             x10, x10, 255       x10=00000063 x10:00000063
14058567ns          228585 1c008bd8 00a7a023 sw               x10, 0(x15)         x10:00000063 x15:1a10f000  PA:1a10f000
14058885ns          228601 1c008bda 00000513 addi             x10, x0, 0          x10=00000000
14058905ns          228602 1c008bdc 00008067 jalr             x0, x1, 0            x1:1c008ca2
14058965ns          228605 1c008ca2 4df52863 p.beqimm         x10, 1232           x10:00000000
14058985ns          228606 1c008ca6 00140413 addi             x8, x8, 1            x8=00000014  x8:00000013
14059005ns          228607 1c008ca8 001a450b p.lbu            x10, 1(x20!)        x10=0000006c x20=1c000031 x20:1c000030  PA:1c000030
14059323ns          228623 1c008cac fe0515e3 bne              x10, x0, -22        x10:0000006c
14059402ns          228627 1c008c96 02500793 addi             x15, x0, 37         x15=00000025
14059422ns          228628 1c008c9a 04f50763 beq              x10, x15, 78        x10:0000006c x15:00000025
14059442ns          228629 1c008c9e 009005b3 add              x11, x0, x9         x11=00000002  x9:00000002
14059462ns          228630 1c008ca0 000c80e7 jalr             x1, x25, 0           x1=1c008ca2 x25:1c008bb6
14059502ns          228632 1c008bb6 000026b7 lui              x13, 0x2000         x13=00002000
14059522ns          228633 1c008bb8 f8068693 addi             x13, x13, -128      x13=00001f80 x13:00002000
14059542ns          228634 1c008bbc f14027f3 csrrs            x15, x0, 0xf14      x15=00000000
14059562ns          228635 1c008bc0 00379713 slli             x14, x15, 0x3       x14=00000000 x15:00000000
14059581ns          228636 1c008bc4 00279793 slli             x15, x15, 0x2       x15=00000000 x15:00000000
14059601ns          228637 1c008bc6 00d7f7b3 and              x15, x15, x13       x15=00000000 x15:00000000 x13:00001f80
14059621ns          228638 1c008bc8 ee873733 p.bclr           x14, x14, 23, 8     x14=00000000 x14:00000000
14059641ns          228639 1c008bcc 1a10f6b7 lui              x13, 0x1a10f000     x13=1a10f000
14059661ns          228640 1c008bd0 00d70733 add              x14, x14, x13       x14=1a10f000 x14:00000000 x13:1a10f000
14059681ns          228641 1c008bd2 00e787b3 add              x15, x15, x14       x15=1a10f000 x15:00000000 x14:1a10f000
14059701ns          228642 1c008bd4 0ff57513 andi             x10, x10, 255       x10=0000006c x10:0000006c
14059721ns          228643 1c008bd8 00a7a023 sw               x10, 0(x15)         x10:0000006c x15:1a10f000  PA:1a10f000
14060039ns          228659 1c008bda 00000513 addi             x10, x0, 0          x10=00000000
14060059ns          228660 1c008bdc 00008067 jalr             x0, x1, 0            x1:1c008ca2
14060118ns          228663 1c008ca2 4df52863 p.beqimm         x10, 1232           x10:00000000
14060138ns          228664 1c008ca6 00140413 addi             x8, x8, 1            x8=00000015  x8:00000014
14060158ns          228665 1c008ca8 001a450b p.lbu            x10, 1(x20!)        x10=00000075 x20=1c000032 x20:1c000031  PA:1c000031
14060476ns          228681 1c008cac fe0515e3 bne              x10, x0, -22        x10:00000075
14060556ns          228685 1c008c96 02500793 addi             x15, x0, 37         x15=00000025
14060576ns          228686 1c008c9a 04f50763 beq              x10, x15, 78        x10:00000075 x15:00000025
14060596ns          228687 1c008c9e 009005b3 add              x11, x0, x9         x11=00000002  x9:00000002
14060616ns          228688 1c008ca0 000c80e7 jalr             x1, x25, 0           x1=1c008ca2 x25:1c008bb6
14060655ns          228690 1c008bb6 000026b7 lui              x13, 0x2000         x13=00002000
14060675ns          228691 1c008bb8 f8068693 addi             x13, x13, -128      x13=00001f80 x13:00002000
14060695ns          228692 1c008bbc f14027f3 csrrs            x15, x0, 0xf14      x15=00000000
14060715ns          228693 1c008bc0 00379713 slli             x14, x15, 0x3       x14=00000000 x15:00000000
14060735ns          228694 1c008bc4 00279793 slli             x15, x15, 0x2       x15=00000000 x15:00000000
14060755ns          228695 1c008bc6 00d7f7b3 and              x15, x15, x13       x15=00000000 x15:00000000 x13:00001f80
14060775ns          228696 1c008bc8 ee873733 p.bclr           x14, x14, 23, 8     x14=00000000 x14:00000000
14060795ns          228697 1c008bcc 1a10f6b7 lui              x13, 0x1a10f000     x13=1a10f000
14060814ns          228698 1c008bd0 00d70733 add              x14, x14, x13       x14=1a10f000 x14:00000000 x13:1a10f000
14060834ns          228699 1c008bd2 00e787b3 add              x15, x15, x14       x15=1a10f000 x15:00000000 x14:1a10f000
14060854ns          228700 1c008bd4 0ff57513 andi             x10, x10, 255       x10=00000075 x10:00000075
14060874ns          228701 1c008bd8 00a7a023 sw               x10, 0(x15)         x10:00000075 x15:1a10f000  PA:1a10f000
14061212ns          228718 1c008bda 00000513 addi             x10, x0, 0          x10=00000000
14061232ns          228719 1c008bdc 00008067 jalr             x0, x1, 0            x1:1c008ca2
14061292ns          228722 1c008ca2 4df52863 p.beqimm         x10, 1232           x10:00000000
14061312ns          228723 1c008ca6 00140413 addi             x8, x8, 1            x8=00000016  x8:00000015
14061332ns          228724 1c008ca8 001a450b p.lbu            x10, 1(x20!)        x10=00000073 x20=1c000033 x20:1c000032  PA:1c000032
14061650ns          228740 1c008cac fe0515e3 bne              x10, x0, -22        x10:00000073
14061729ns          228744 1c008c96 02500793 addi             x15, x0, 37         x15=00000025
14061749ns          228745 1c008c9a 04f50763 beq              x10, x15, 78        x10:00000073 x15:00000025
14061769ns          228746 1c008c9e 009005b3 add              x11, x0, x9         x11=00000002  x9:00000002
14061789ns          228747 1c008ca0 000c80e7 jalr             x1, x25, 0           x1=1c008ca2 x25:1c008bb6
14061829ns          228749 1c008bb6 000026b7 lui              x13, 0x2000         x13=00002000
14061849ns          228750 1c008bb8 f8068693 addi             x13, x13, -128      x13=00001f80 x13:00002000
14061869ns          228751 1c008bbc f14027f3 csrrs            x15, x0, 0xf14      x15=00000000
14061888ns          228752 1c008bc0 00379713 slli             x14, x15, 0x3       x14=00000000 x15:00000000
14061908ns          228753 1c008bc4 00279793 slli             x15, x15, 0x2       x15=00000000 x15:00000000
14061928ns          228754 1c008bc6 00d7f7b3 and              x15, x15, x13       x15=00000000 x15:00000000 x13:00001f80
14061948ns          228755 1c008bc8 ee873733 p.bclr           x14, x14, 23, 8     x14=00000000 x14:00000000
14061968ns          228756 1c008bcc 1a10f6b7 lui              x13, 0x1a10f000     x13=1a10f000
14061988ns          228757 1c008bd0 00d70733 add              x14, x14, x13       x14=1a10f000 x14:00000000 x13:1a10f000
14062008ns          228758 1c008bd2 00e787b3 add              x15, x15, x14       x15=1a10f000 x15:00000000 x14:1a10f000
14062028ns          228759 1c008bd4 0ff57513 andi             x10, x10, 255       x10=00000073 x10:00000073
14062048ns          228760 1c008bd8 00a7a023 sw               x10, 0(x15)         x10:00000073 x15:1a10f000  PA:1a10f000
14062386ns          228777 1c008bda 00000513 addi             x10, x0, 0          x10=00000000
14062406ns          228778 1c008bdc 00008067 jalr             x0, x1, 0            x1:1c008ca2
14062465ns          228781 1c008ca2 4df52863 p.beqimm         x10, 1232           x10:00000000
14062485ns          228782 1c008ca6 00140413 addi             x8, x8, 1            x8=00000017  x8:00000016
14062505ns          228783 1c008ca8 001a450b p.lbu            x10, 1(x20!)        x10=00000074 x20=1c000034 x20:1c000033  PA:1c000033
14062823ns          228799 1c008cac fe0515e3 bne              x10, x0, -22        x10:00000074
14062903ns          228803 1c008c96 02500793 addi             x15, x0, 37         x15=00000025
14062923ns          228804 1c008c9a 04f50763 beq              x10, x15, 78        x10:00000074 x15:00000025
14062942ns          228805 1c008c9e 009005b3 add              x11, x0, x9         x11=00000002  x9:00000002
14062962ns          228806 1c008ca0 000c80e7 jalr             x1, x25, 0           x1=1c008ca2 x25:1c008bb6
14063002ns          228808 1c008bb6 000026b7 lui              x13, 0x2000         x13=00002000
14063022ns          228809 1c008bb8 f8068693 addi             x13, x13, -128      x13=00001f80 x13:00002000
14063042ns          228810 1c008bbc f14027f3 csrrs            x15, x0, 0xf14      x15=00000000
14063062ns          228811 1c008bc0 00379713 slli             x14, x15, 0x3       x14=00000000 x15:00000000
14063082ns          228812 1c008bc4 00279793 slli             x15, x15, 0x2       x15=00000000 x15:00000000
14063102ns          228813 1c008bc6 00d7f7b3 and              x15, x15, x13       x15=00000000 x15:00000000 x13:00001f80
14063121ns          228814 1c008bc8 ee873733 p.bclr           x14, x14, 23, 8     x14=00000000 x14:00000000
14063141ns          228815 1c008bcc 1a10f6b7 lui              x13, 0x1a10f000     x13=1a10f000
14063161ns          228816 1c008bd0 00d70733 add              x14, x14, x13       x14=1a10f000 x14:00000000 x13:1a10f000
14063181ns          228817 1c008bd2 00e787b3 add              x15, x15, x14       x15=1a10f000 x15:00000000 x14:1a10f000
14063201ns          228818 1c008bd4 0ff57513 andi             x10, x10, 255       x10=00000074 x10:00000074
14063221ns          228819 1c008bd8 00a7a023 sw               x10, 0(x15)         x10:00000074 x15:1a10f000  PA:1a10f000
14063579ns          228837 1c008bda 00000513 addi             x10, x0, 0          x10=00000000
14063599ns          228838 1c008bdc 00008067 jalr             x0, x1, 0            x1:1c008ca2
14063658ns          228841 1c008ca2 4df52863 p.beqimm         x10, 1232           x10:00000000
14063678ns          228842 1c008ca6 00140413 addi             x8, x8, 1            x8=00000018  x8:00000017
14063698ns          228843 1c008ca8 001a450b p.lbu            x10, 1(x20!)        x10=00000065 x20=1c000035 x20:1c000034  PA:1c000034
14064016ns          228859 1c008cac fe0515e3 bne              x10, x0, -22        x10:00000065
14064096ns          228863 1c008c96 02500793 addi             x15, x0, 37         x15=00000025
14064116ns          228864 1c008c9a 04f50763 beq              x10, x15, 78        x10:00000065 x15:00000025
14064136ns          228865 1c008c9e 009005b3 add              x11, x0, x9         x11=00000002  x9:00000002
14064156ns          228866 1c008ca0 000c80e7 jalr             x1, x25, 0           x1=1c008ca2 x25:1c008bb6
14064195ns          228868 1c008bb6 000026b7 lui              x13, 0x2000         x13=00002000
14064215ns          228869 1c008bb8 f8068693 addi             x13, x13, -128      x13=00001f80 x13:00002000
14064235ns          228870 1c008bbc f14027f3 csrrs            x15, x0, 0xf14      x15=00000000
14064255ns          228871 1c008bc0 00379713 slli             x14, x15, 0x3       x14=00000000 x15:00000000
14064275ns          228872 1c008bc4 00279793 slli             x15, x15, 0x2       x15=00000000 x15:00000000
14064295ns          228873 1c008bc6 00d7f7b3 and              x15, x15, x13       x15=00000000 x15:00000000 x13:00001f80
14064315ns          228874 1c008bc8 ee873733 p.bclr           x14, x14, 23, 8     x14=00000000 x14:00000000
14064335ns          228875 1c008bcc 1a10f6b7 lui              x13, 0x1a10f000     x13=1a10f000
14064355ns          228876 1c008bd0 00d70733 add              x14, x14, x13       x14=1a10f000 x14:00000000 x13:1a10f000
14064374ns          228877 1c008bd2 00e787b3 add              x15, x15, x14       x15=1a10f000 x15:00000000 x14:1a10f000
14064394ns          228878 1c008bd4 0ff57513 andi             x10, x10, 255       x10=00000065 x10:00000065
14064414ns          228879 1c008bd8 00a7a023 sw               x10, 0(x15)         x10:00000065 x15:1a10f000  PA:1a10f000
14064792ns          228898 1c008bda 00000513 addi             x10, x0, 0          x10=00000000
14064812ns          228899 1c008bdc 00008067 jalr             x0, x1, 0            x1:1c008ca2
14064872ns          228902 1c008ca2 4df52863 p.beqimm         x10, 1232           x10:00000000
14064892ns          228903 1c008ca6 00140413 addi             x8, x8, 1            x8=00000019  x8:00000018
14064911ns          228904 1c008ca8 001a450b p.lbu            x10, 1(x20!)        x10=00000072 x20=1c000036 x20:1c000035  PA:1c000035
14065230ns          228920 1c008cac fe0515e3 bne              x10, x0, -22        x10:00000072
14065309ns          228924 1c008c96 02500793 addi             x15, x0, 37         x15=00000025
14065329ns          228925 1c008c9a 04f50763 beq              x10, x15, 78        x10:00000072 x15:00000025
14065349ns          228926 1c008c9e 009005b3 add              x11, x0, x9         x11=00000002  x9:00000002
14065369ns          228927 1c008ca0 000c80e7 jalr             x1, x25, 0           x1=1c008ca2 x25:1c008bb6
14065409ns          228929 1c008bb6 000026b7 lui              x13, 0x2000         x13=00002000
14065428ns          228930 1c008bb8 f8068693 addi             x13, x13, -128      x13=00001f80 x13:00002000
14065448ns          228931 1c008bbc f14027f3 csrrs            x15, x0, 0xf14      x15=00000000
14065468ns          228932 1c008bc0 00379713 slli             x14, x15, 0x3       x14=00000000 x15:00000000
14065488ns          228933 1c008bc4 00279793 slli             x15, x15, 0x2       x15=00000000 x15:00000000
14065508ns          228934 1c008bc6 00d7f7b3 and              x15, x15, x13       x15=00000000 x15:00000000 x13:00001f80
14065528ns          228935 1c008bc8 ee873733 p.bclr           x14, x14, 23, 8     x14=00000000 x14:00000000
14065548ns          228936 1c008bcc 1a10f6b7 lui              x13, 0x1a10f000     x13=1a10f000
14065568ns          228937 1c008bd0 00d70733 add              x14, x14, x13       x14=1a10f000 x14:00000000 x13:1a10f000
14065588ns          228938 1c008bd2 00e787b3 add              x15, x15, x14       x15=1a10f000 x15:00000000 x14:1a10f000
14065607ns          228939 1c008bd4 0ff57513 andi             x10, x10, 255       x10=00000072 x10:00000072
14065627ns          228940 1c008bd8 00a7a023 sw               x10, 0(x15)         x10:00000072 x15:1a10f000  PA:1a10f000
14065946ns          228956 1c008bda 00000513 addi             x10, x0, 0          x10=00000000
14065965ns          228957 1c008bdc 00008067 jalr             x0, x1, 0            x1:1c008ca2
14066025ns          228960 1c008ca2 4df52863 p.beqimm         x10, 1232           x10:00000000
14066045ns          228961 1c008ca6 00140413 addi             x8, x8, 1            x8=0000001a  x8:00000019
14066065ns          228962 1c008ca8 001a450b p.lbu            x10, 1(x20!)        x10=00000020 x20=1c000037 x20:1c000036  PA:1c000036
14066383ns          228978 1c008cac fe0515e3 bne              x10, x0, -22        x10:00000020
14066463ns          228982 1c008c96 02500793 addi             x15, x0, 37         x15=00000025
14066483ns          228983 1c008c9a 04f50763 beq              x10, x15, 78        x10:00000020 x15:00000025
14066502ns          228984 1c008c9e 009005b3 add              x11, x0, x9         x11=00000002  x9:00000002
14066522ns          228985 1c008ca0 000c80e7 jalr             x1, x25, 0           x1=1c008ca2 x25:1c008bb6
14066562ns          228987 1c008bb6 000026b7 lui              x13, 0x2000         x13=00002000
14066582ns          228988 1c008bb8 f8068693 addi             x13, x13, -128      x13=00001f80 x13:00002000
14066602ns          228989 1c008bbc f14027f3 csrrs            x15, x0, 0xf14      x15=00000000
14066622ns          228990 1c008bc0 00379713 slli             x14, x15, 0x3       x14=00000000 x15:00000000
14066642ns          228991 1c008bc4 00279793 slli             x15, x15, 0x2       x15=00000000 x15:00000000
14066662ns          228992 1c008bc6 00d7f7b3 and              x15, x15, x13       x15=00000000 x15:00000000 x13:00001f80
14066681ns          228993 1c008bc8 ee873733 p.bclr           x14, x14, 23, 8     x14=00000000 x14:00000000
14066701ns          228994 1c008bcc 1a10f6b7 lui              x13, 0x1a10f000     x13=1a10f000
14066721ns          228995 1c008bd0 00d70733 add              x14, x14, x13       x14=1a10f000 x14:00000000 x13:1a10f000
14066741ns          228996 1c008bd2 00e787b3 add              x15, x15, x14       x15=1a10f000 x15:00000000 x14:1a10f000
14066761ns          228997 1c008bd4 0ff57513 andi             x10, x10, 255       x10=00000020 x10:00000020
14066781ns          228998 1c008bd8 00a7a023 sw               x10, 0(x15)         x10:00000020 x15:1a10f000  PA:1a10f000
14067119ns          229015 1c008bda 00000513 addi             x10, x0, 0          x10=00000000
14067139ns          229016 1c008bdc 00008067 jalr             x0, x1, 0            x1:1c008ca2
14067199ns          229019 1c008ca2 4df52863 p.beqimm         x10, 1232           x10:00000000
14067218ns          229020 1c008ca6 00140413 addi             x8, x8, 1            x8=0000001b  x8:0000001a
14067238ns          229021 1c008ca8 001a450b p.lbu            x10, 1(x20!)        x10=00000025 x20=1c000038 x20:1c000037  PA:1c000037
14067576ns          229038 1c008cac fe0515e3 bne              x10, x0, -22        x10:00000025
14067656ns          229042 1c008c96 02500793 addi             x15, x0, 37         x15=00000025
14067676ns          229043 1c008c9a 04f50763 beq              x10, x15, 78        x10:00000025 x15:00000025
14067775ns          229048 1c008ce8 01400c33 add              x24, x0, x20        x24=1c000038 x20:1c000038
14067815ns          229050 1c008cea 000c4a03 lbu              x20, 0(x24)         x20=00000064 x24:1c000038  PA:1c000038
14068292ns          229074 1c008cee 0b4d0513 addi             x10, x26, 180       x10=1c0000b4 x26:1c000000
14068312ns          229075 1c008cf2 00912e23 sw               x9, 28(x2)           x9:00000002  x2:10000618  PA:10000634
14068332ns          229076 1c008cf4 014005b3 add              x11, x0, x20        x11=00000064 x20:00000064
14068352ns          229077 1c008cf6 00012823 sw               x0, 16(x2)           x2:10000618  PA:10000628
14068372ns          229078 1c008cf8 00012a23 sw               x0, 20(x2)           x2:10000618  PA:1000062c
14068392ns          229079 1c008cfa 00012623 sw               x0, 12(x2)           x2:10000618  PA:10000624
14068412ns          229080 1c008cfc 001c0493 addi             x9, x24, 1           x9=1c000039 x24:1c000038
14068690ns          229094 1c008d00 e41ff0ef jal              x1, -448             x1=1c008d02
14069167ns          229118 1c008b40 00054703 lbu              x14, 0(x10)         x14=0000002d x10:1c0000b4  PA:1c0000b4
14069764ns          229148 1c008b44 0ff5f593 andi             x11, x11, 255       x11=00000064 x11:00000064
14069784ns          229149 1c008b48 00a007b3 add              x15, x0, x10        x15=1c0000b4 x10:1c0000b4
14069804ns          229150 1c008b4a 00b70863 beq              x14, x11, 16        x14:0000002d x11:00000064
14069824ns          229151 1c008b4e 00070863 beq              x14, x0, 16         x14:0000002d
14069844ns          229152 1c008b50 0017c703 lbu              x14, 1(x15)         x14=0000002b x15:1c0000b4  PA:1c0000b5
14070301ns          229175 1c008b54 00178793 addi             x15, x15, 1         x15=1c0000b5 x15:1c0000b4
14070321ns          229176 1c008b56 feb71ce3 bne              x14, x11, -8        x14:0000002b x11:00000064
14070381ns          229179 1c008b4e 00070863 beq              x14, x0, 16         x14:0000002b
14070400ns          229180 1c008b50 0017c703 lbu              x14, 1(x15)         x14=00000020 x15:1c0000b5  PA:1c0000b6
14070758ns          229198 1c008b54 00178793 addi             x15, x15, 1         x15=1c0000b6 x15:1c0000b5
14070778ns          229199 1c008b56 feb71ce3 bne              x14, x11, -8        x14:00000020 x11:00000064
14070838ns          229202 1c008b4e 00070863 beq              x14, x0, 16         x14:00000020
14070858ns          229203 1c008b50 0017c703 lbu              x14, 1(x15)         x14=00000023 x15:1c0000b6  PA:1c0000b7
14071216ns          229221 1c008b54 00178793 addi             x15, x15, 1         x15=1c0000b7 x15:1c0000b6
14071236ns          229222 1c008b56 feb71ce3 bne              x14, x11, -8        x14:00000023 x11:00000064
14071295ns          229225 1c008b4e 00070863 beq              x14, x0, 16         x14:00000023
14071315ns          229226 1c008b50 0017c703 lbu              x14, 1(x15)         x14=00000030 x15:1c0000b7  PA:1c0000b8
14071614ns          229241 1c008b54 00178793 addi             x15, x15, 1         x15=1c0000b8 x15:1c0000b7
14071634ns          229242 1c008b56 feb71ce3 bne              x14, x11, -8        x14:00000030 x11:00000064
14071693ns          229245 1c008b4e 00070863 beq              x14, x0, 16         x14:00000030
14071713ns          229246 1c008b50 0017c703 lbu              x14, 1(x15)         x14=00000000 x15:1c0000b8  PA:1c0000b9
14072011ns          229261 1c008b54 00178793 addi             x15, x15, 1         x15=1c0000b9 x15:1c0000b8
14072031ns          229262 1c008b56 feb71ce3 bne              x14, x11, -8        x14:00000000 x11:00000064
14072091ns          229265 1c008b4e 00070863 beq              x14, x0, 16         x14:00000000
14072151ns          229268 1c008b5e 00000513 addi             x10, x0, 0          x10=00000000
14072171ns          229269 1c008b60 fe058de3 beq              x11, x0, -6         x11:00000064
14072190ns          229270 1c008b62 00008067 jalr             x0, x1, 0            x1:1c008d02
14072250ns          229273 1c008d02 02000913 addi             x18, x0, 32         x18=00000020
14072270ns          229274 1c008d06 00000993 addi             x19, x0, 0          x19=00000000
14072290ns          229275 1c008d08 02b00a93 addi             x21, x0, 43         x21=0000002b
14072310ns          229276 1c008d0c 02d00b93 addi             x23, x0, 45         x23=0000002d
14072588ns          229290 1c008d10 03000b13 addi             x22, x0, 48         x22=00000030
14072628ns          229292 1c008d14 00900633 add              x12, x0, x9         x12=1c000039  x9:1c000039
14072648ns          229293 1c008d16 02050963 beq              x10, x0, 50         x10:00000000
14073583ns          229340 1c008d48 03312623 sw               x19, 44(x2)         x19:00000000  x2:10000618  PA:10000644
14073622ns          229342 1c008d4a 02a00693 addi             x13, x0, 42         x13=0000002a
14073642ns          229343 1c008d4e 014009b3 add              x19, x0, x20        x19=00000064 x20:00000064
14074060ns          229364 1c008d50 01800a33 add              x20, x0, x24        x20=1c000038 x24:1c000038
14074080ns          229365 1c008d52 00900c33 add              x24, x0, x9         x24=1c000039  x9:1c000039
14074100ns          229366 1c008d54 01c12483 lw               x9, 28(x2)           x9=00000002  x2:10000618  PA:10000634
14074120ns          229367 1c008d56 42d98063 beq              x19, x13, 1056      x19:00000064 x13:0000002a
14074139ns          229368 1c008d5a fd098693 addi             x13, x19, -48       x13=00000034 x19:00000064
14074159ns          229369 1c008d5e 00900513 addi             x10, x0, 9          x10=00000009
14074577ns          229390 1c008d60 00000a93 addi             x21, x0, 0          x21=00000000
14074617ns          229392 1c008d62 3cd57f63 bgeu             x10, x13, 990       x10:00000009 x13:00000034
14074637ns          229393 1c008d66 02e00793 addi             x15, x0, 46         x15=0000002e
14074657ns          229394 1c008d6a fff00b13 addi             x22, x0, -1         x22=ffffffff
14074676ns          229395 1c008d6c 04f981e3 beq              x19, x15, 2114      x19:00000064 x15:0000002e
14075094ns          229416 1c008d70 1c0007b7 lui              x15, 0x1c000000     x15=1c000000
14075134ns          229418 1c008d74 013005b3 add              x11, x0, x19        x11=00000064 x19:00000064
14075154ns          229419 1c008d76 0bc78513 addi             x10, x15, 188       x10=1c0000bc x15:1c000000
14075174ns          229420 1c008d7a 00c12e23 sw               x12, 28(x2)         x12:1c000039  x2:10000618  PA:10000634
14075193ns          229421 1c008d7c dc5ff0ef jal              x1, -572             x1=1c008d7e
14075671ns          229445 1c008b40 00054703 lbu              x14, 0(x10)         x14=00000068 x10:1c0000bc  PA:1c0000bc
14075969ns          229460 1c008b44 0ff5f593 andi             x11, x11, 255       x11=00000064 x11:00000064
14075989ns          229461 1c008b48 00a007b3 add              x15, x0, x10        x15=1c0000bc x10:1c0000bc
14076009ns          229462 1c008b4a 00b70863 beq              x14, x11, 16        x14:00000068 x11:00000064
14076029ns          229463 1c008b4e 00070863 beq              x14, x0, 16         x14:00000068
14076049ns          229464 1c008b50 0017c703 lbu              x14, 1(x15)         x14=0000006c x15:1c0000bc  PA:1c0000bd
14076506ns          229487 1c008b54 00178793 addi             x15, x15, 1         x15=1c0000bd x15:1c0000bc
14076526ns          229488 1c008b56 feb71ce3 bne              x14, x11, -8        x14:0000006c x11:00000064
14076586ns          229491 1c008b4e 00070863 beq              x14, x0, 16         x14:0000006c
14076606ns          229492 1c008b50 0017c703 lbu              x14, 1(x15)         x14=0000004c x15:1c0000bd  PA:1c0000be
14076904ns          229507 1c008b54 00178793 addi             x15, x15, 1         x15=1c0000be x15:1c0000bd
14076924ns          229508 1c008b56 feb71ce3 bne              x14, x11, -8        x14:0000004c x11:00000064
14076983ns          229511 1c008b4e 00070863 beq              x14, x0, 16         x14:0000004c
14077003ns          229512 1c008b50 0017c703 lbu              x14, 1(x15)         x14=0000007a x15:1c0000be  PA:1c0000bf
14077302ns          229527 1c008b54 00178793 addi             x15, x15, 1         x15=1c0000bf x15:1c0000be
14077322ns          229528 1c008b56 feb71ce3 bne              x14, x11, -8        x14:0000007a x11:00000064
14077381ns          229531 1c008b4e 00070863 beq              x14, x0, 16         x14:0000007a
14077401ns          229532 1c008b50 0017c703 lbu              x14, 1(x15)         x14=00000000 x15:1c0000bf  PA:1c0000c0
14077699ns          229547 1c008b54 00178793 addi             x15, x15, 1         x15=1c0000c0 x15:1c0000bf
14077719ns          229548 1c008b56 feb71ce3 bne              x14, x11, -8        x14:00000000 x11:00000064
14077779ns          229551 1c008b4e 00070863 beq              x14, x0, 16         x14:00000000
14077839ns          229554 1c008b5e 00000513 addi             x10, x0, 0          x10=00000000
14077858ns          229555 1c008b60 fe058de3 beq              x11, x0, -6         x11:00000064
14077878ns          229556 1c008b62 00008067 jalr             x0, x1, 0            x1:1c008d7e
14077918ns          229558 1c008d7e 01c12603 lw               x12, 28(x2)         x12=1c000039  x2:10000618  PA:10000634
14077958ns          229560 1c008d80 00c00a33 add              x20, x0, x12        x20=1c000039 x12:1c000039
14077978ns          229561 1c008d82 00050563 beq              x10, x0, 10         x10:00000000
14078356ns          229580 1c008d8c 06900793 addi             x15, x0, 105        x15=00000069
14078376ns          229581 1c008d90 1cf98be3 beq              x19, x15, 2518      x19:00000064 x15:00000069
14078395ns          229582 1c008d94 4b37ce63 blt              x15, x19, 1212      x15:00000069 x19:00000064
14078415ns          229583 1c008d98 05800793 addi             x15, x0, 88         x15=00000058
14078435ns          229584 1c008d9c 4cf98863 beq              x19, x15, 1232      x19:00000064 x15:00000058
14078873ns          229606 1c008da0 3f37cd63 blt              x15, x19, 1018      x15:00000058 x19:00000064
14079390ns          229632 1c00919a 06400793 addi             x15, x0, 100        x15=00000064
14079827ns          229654 1c00919e 5cf98463 beq              x19, x15, 1480      x19:00000064 x15:00000064
14080305ns          229678 1c009766 01812b83 lw               x23, 24(x2)         x23=1000077c  x2:10000618  PA:10000630
14080344ns          229680 1c009768 004ba60b p.lw             x12, 4(x23!)        x12=00000000 x23=10000780 x23:1000077c  PA:1000077c
14080384ns          229682 1c00976c 48064963 blt              x12, x0, 1170       x12:00000000
14080802ns          229703 1c009770 01412783 lw               x15, 20(x2)         x15=00000000  x2:10000618  PA:1000062c
14080822ns          229704 1c009772 00c00733 add              x14, x0, x12        x14=00000000 x12:00000000
14080842ns          229705 1c009774 56078863 beq              x15, x0, 1392       x15:00000000
14081319ns          229729 1c009ce4 01012783 lw               x15, 16(x2)         x15=00000000  x2:10000618  PA:10000628
14081339ns          229730 1c009ce6 01b00533 add              x10, x0, x27        x10=1000064c x27:1000064c
14081359ns          229731 1c009ce8 a8078ee3 beq              x15, x0, -1380      x15:00000000
14082294ns          229778 1c009784 00a007b3 add              x15, x0, x10        x15=1000064c x10:1000064c
14082313ns          229779 1c009786 00a00593 addi             x11, x0, 10         x11=0000000a
14082333ns          229780 1c009788 00900313 addi             x6, x0, 9            x6=00000009
14082353ns          229781 1c00978a 02b776b3 remu             x13, x14, x11       x13=00000000 x14:00000000 x11:0000000a
14082970ns          229812 1c00978e 00e00833 add              x16, x0, x14        x16=00000000 x14:00000000
14082990ns          229813 1c009790 00f008b3 add              x17, x0, x15        x17=1000064c x15:1000064c
14083009ns          229814 1c009792 03068693 addi             x13, x13, 48        x13=00000030 x13:00000000
14083029ns          229815 1c009796 00d780ab p.sb             x13, 1(x15!)        x15=1000064d x13:00000030 x15:1000064c  PA:1000064c
14083049ns          229816 1c00979a 02b75733 divu             x14, x14, x11       x14=00000000 x14:00000000 x11:0000000a
14083686ns          229848 1c00979e ff0366e3 bltu             x6, x16, -20         x6:00000009 x16:00000000
14083706ns          229849 1c0097a2 40a78733 sub              x14, x15, x10       x14=00000001 x15:1000064d x10:1000064c
14083725ns          229850 1c0097a6 01675c63 bge              x14, x22, 24        x14:00000001 x22:ffffffff
14084660ns          229897 1c0097be 00078023 sb               x0, 0(x15)          x15:1000064d  PA:1000064d
14084700ns          229899 1c0097c2 0b157563 bgeu             x10, x17, 170       x10:1000064c x17:1000064c
14085177ns          229923 1c00986c 01412703 lw               x14, 20(x2)         x14=00000000  x2:10000618  PA:1000062c
14085197ns          229924 1c00986e 01012683 lw               x13, 16(x2)         x13=00000000  x2:10000618  PA:10000628
14085635ns          229946 1c009870 41b787b3 sub              x15, x15, x27       x15=00000001 x15:1000064d x27:1000064c
14085674ns          229948 1c009874 00d76733 or               x14, x14, x13       x14=00000000 x14:00000000 x13:00000000
14085694ns          229949 1c009876 02e12623 sw               x14, 44(x2)         x14:00000000  x2:10000618  PA:10000644
14085714ns          229950 1c009878 b0071be3 bne              x14, x0, -1258      x14:00000000
14085734ns          229951 1c00987c 01f65713 srli             x14, x12, 0x1f      x14=00000000 x12:00000000
14086629ns          229996 1c009880 02e12623 sw               x14, 44(x2)         x14:00000000  x2:10000618  PA:10000644
14086649ns          229997 1c009882 b0dff06f jal              x0, -1268          
14087126ns          230021 1c00938e ebfb2be3 p.beqimm         x22, -330           x22:ffffffff
14087623ns          230046 1c009244 0c800713 addi             x14, x0, 200        x14=000000c8
14087663ns          230048 1c009248 14f75b63 bge              x14, x15, 342       x14:000000c8 x15:00000001
14088598ns          230095 1c00939e 00178613 addi             x12, x15, 1         x12=00000002 x15:00000001
14088638ns          230097 1c0093a2 0557c863 blt              x15, x21, 80        x15:00000001 x21:00000000
14088658ns          230098 1c0093a6 01712c23 sw               x23, 24(x2)         x23:10000780  x2:10000618  PA:10000630
14088678ns          230099 1c0093a8 00f00ab3 add              x21, x0, x15        x21=00000001 x15:00000001
14088697ns          230100 1c0093aa 8e0a8fe3 beq              x21, x0, -1794      x21:00000001
14088717ns          230101 1c0093ae 01b00933 add              x18, x0, x27        x18=1000064c x27:1000064c
14089115ns          230121 1c0093b0 41b409b3 sub              x19, x8, x27        x19=effff9cf  x8:0000001b x27:1000064c
14089155ns          230123 1c0093b4 01ba8ab3 add              x21, x21, x27       x21=1000064d x21:00000001 x27:1000064c
14089175ns          230124 1c0093b6 00a0006f jal              x0, 10             
14089632ns          230147 1c0093c0 0019450b p.lbu            x10, 1(x18!)        x10=00000030 x18=1000064d x18:1000064c  PA:1000064c
14089672ns          230149 1c0093c4 009005b3 add              x11, x0, x9         x11=00000002  x9:00000002
14089692ns          230150 1c0093c6 000c80e7 jalr             x1, x25, 0           x1=1c0093c8 x25:1c008bb6
14089732ns          230152 1c008bb6 000026b7 lui              x13, 0x2000         x13=00002000
14089752ns          230153 1c008bb8 f8068693 addi             x13, x13, -128      x13=00001f80 x13:00002000
14089771ns          230154 1c008bbc f14027f3 csrrs            x15, x0, 0xf14      x15=00000000
14090229ns          230177 1c008bc0 00379713 slli             x14, x15, 0x3       x14=00000000 x15:00000000
14090269ns          230179 1c008bc4 00279793 slli             x15, x15, 0x2       x15=00000000 x15:00000000
14090288ns          230180 1c008bc6 00d7f7b3 and              x15, x15, x13       x15=00000000 x15:00000000 x13:00001f80
14090308ns          230181 1c008bc8 ee873733 p.bclr           x14, x14, 23, 8     x14=00000000 x14:00000000
14090328ns          230182 1c008bcc 1a10f6b7 lui              x13, 0x1a10f000     x13=1a10f000
14090368ns          230184 1c008bd0 00d70733 add              x14, x14, x13       x14=1a10f000 x14:00000000 x13:1a10f000
14090388ns          230185 1c008bd2 00e787b3 add              x15, x15, x14       x15=1a10f000 x15:00000000 x14:1a10f000
14090408ns          230186 1c008bd4 0ff57513 andi             x10, x10, 255       x10=00000030 x10:00000030
14090428ns          230187 1c008bd8 00a7a023 sw               x10, 0(x15)         x10:00000030 x15:1a10f000  PA:1a10f000
14091064ns          230219 1c008bda 00000513 addi             x10, x0, 0          x10=00000000
14091084ns          230220 1c008bdc 00008067 jalr             x0, x1, 0            x1:1c0093c8
14091124ns          230222 1c0093c8 fff538e3 p.bneimm         x10, -16            x10:00000000
14091303ns          230231 1c0093b8 01298433 add              x8, x19, x18         x8=0000001c x19:effff9cf x18:1000064d
14091323ns          230232 1c0093bc 8f2a86e3 beq              x21, x18, -1812     x21:1000064d x18:1000064d
14091382ns          230235 1c008ca8 001a450b p.lbu            x10, 1(x20!)        x10=00000020 x20=1c00003a x20:1c000039  PA:1c000039
14091701ns          230251 1c008cac fe0515e3 bne              x10, x0, -22        x10:00000020
14091840ns          230258 1c008c96 02500793 addi             x15, x0, 37         x15=00000025
14091860ns          230259 1c008c9a 04f50763 beq              x10, x15, 78        x10:00000020 x15:00000025
14091880ns          230260 1c008c9e 009005b3 add              x11, x0, x9         x11=00000002  x9:00000002
14091899ns          230261 1c008ca0 000c80e7 jalr             x1, x25, 0           x1=1c008ca2 x25:1c008bb6
14091939ns          230263 1c008bb6 000026b7 lui              x13, 0x2000         x13=00002000
14091959ns          230264 1c008bb8 f8068693 addi             x13, x13, -128      x13=00001f80 x13:00002000
14091979ns          230265 1c008bbc f14027f3 csrrs            x15, x0, 0xf14      x15=00000000
14091999ns          230266 1c008bc0 00379713 slli             x14, x15, 0x3       x14=00000000 x15:00000000
14092019ns          230267 1c008bc4 00279793 slli             x15, x15, 0x2       x15=00000000 x15:00000000
14092039ns          230268 1c008bc6 00d7f7b3 and              x15, x15, x13       x15=00000000 x15:00000000 x13:00001f80
14092059ns          230269 1c008bc8 ee873733 p.bclr           x14, x14, 23, 8     x14=00000000 x14:00000000
14092078ns          230270 1c008bcc 1a10f6b7 lui              x13, 0x1a10f000     x13=1a10f000
14092098ns          230271 1c008bd0 00d70733 add              x14, x14, x13       x14=1a10f000 x14:00000000 x13:1a10f000
14092118ns          230272 1c008bd2 00e787b3 add              x15, x15, x14       x15=1a10f000 x15:00000000 x14:1a10f000
14092138ns          230273 1c008bd4 0ff57513 andi             x10, x10, 255       x10=00000020 x10:00000020
14092158ns          230274 1c008bd8 00a7a023 sw               x10, 0(x15)         x10:00000020 x15:1a10f000  PA:1a10f000
14092834ns          230308 1c008bda 00000513 addi             x10, x0, 0          x10=00000000
14092854ns          230309 1c008bdc 00008067 jalr             x0, x1, 0            x1:1c008ca2
14092914ns          230312 1c008ca2 4df52863 p.beqimm         x10, 1232           x10:00000000
14092934ns          230313 1c008ca6 00140413 addi             x8, x8, 1            x8=0000001d  x8:0000001c
14092953ns          230314 1c008ca8 001a450b p.lbu            x10, 1(x20!)        x10=00000063 x20=1c00003b x20:1c00003a  PA:1c00003a
14093272ns          230330 1c008cac fe0515e3 bne              x10, x0, -22        x10:00000063
14093351ns          230334 1c008c96 02500793 addi             x15, x0, 37         x15=00000025
14093371ns          230335 1c008c9a 04f50763 beq              x10, x15, 78        x10:00000063 x15:00000025
14093391ns          230336 1c008c9e 009005b3 add              x11, x0, x9         x11=00000002  x9:00000002
14093411ns          230337 1c008ca0 000c80e7 jalr             x1, x25, 0           x1=1c008ca2 x25:1c008bb6
14093451ns          230339 1c008bb6 000026b7 lui              x13, 0x2000         x13=00002000
14093471ns          230340 1c008bb8 f8068693 addi             x13, x13, -128      x13=00001f80 x13:00002000
14093490ns          230341 1c008bbc f14027f3 csrrs            x15, x0, 0xf14      x15=00000000
14093510ns          230342 1c008bc0 00379713 slli             x14, x15, 0x3       x14=00000000 x15:00000000
14093530ns          230343 1c008bc4 00279793 slli             x15, x15, 0x2       x15=00000000 x15:00000000
14093550ns          230344 1c008bc6 00d7f7b3 and              x15, x15, x13       x15=00000000 x15:00000000 x13:00001f80
14093570ns          230345 1c008bc8 ee873733 p.bclr           x14, x14, 23, 8     x14=00000000 x14:00000000
14093590ns          230346 1c008bcc 1a10f6b7 lui              x13, 0x1a10f000     x13=1a10f000
14093610ns          230347 1c008bd0 00d70733 add              x14, x14, x13       x14=1a10f000 x14:00000000 x13:1a10f000
14093630ns          230348 1c008bd2 00e787b3 add              x15, x15, x14       x15=1a10f000 x15:00000000 x14:1a10f000
14093650ns          230349 1c008bd4 0ff57513 andi             x10, x10, 255       x10=00000063 x10:00000063
14093669ns          230350 1c008bd8 00a7a023 sw               x10, 0(x15)         x10:00000063 x15:1a10f000  PA:1a10f000
14094008ns          230367 1c008bda 00000513 addi             x10, x0, 0          x10=00000000
14094027ns          230368 1c008bdc 00008067 jalr             x0, x1, 0            x1:1c008ca2
14094087ns          230371 1c008ca2 4df52863 p.beqimm         x10, 1232           x10:00000000
14094107ns          230372 1c008ca6 00140413 addi             x8, x8, 1            x8=0000001e  x8:0000001d
14094127ns          230373 1c008ca8 001a450b p.lbu            x10, 1(x20!)        x10=0000006f x20=1c00003c x20:1c00003b  PA:1c00003b
14094445ns          230389 1c008cac fe0515e3 bne              x10, x0, -22        x10:0000006f
14094525ns          230393 1c008c96 02500793 addi             x15, x0, 37         x15=00000025
14094545ns          230394 1c008c9a 04f50763 beq              x10, x15, 78        x10:0000006f x15:00000025
14094564ns          230395 1c008c9e 009005b3 add              x11, x0, x9         x11=00000002  x9:00000002
14094584ns          230396 1c008ca0 000c80e7 jalr             x1, x25, 0           x1=1c008ca2 x25:1c008bb6
14094624ns          230398 1c008bb6 000026b7 lui              x13, 0x2000         x13=00002000
14094644ns          230399 1c008bb8 f8068693 addi             x13, x13, -128      x13=00001f80 x13:00002000
14094664ns          230400 1c008bbc f14027f3 csrrs            x15, x0, 0xf14      x15=00000000
14094684ns          230401 1c008bc0 00379713 slli             x14, x15, 0x3       x14=00000000 x15:00000000
14094704ns          230402 1c008bc4 00279793 slli             x15, x15, 0x2       x15=00000000 x15:00000000
14094724ns          230403 1c008bc6 00d7f7b3 and              x15, x15, x13       x15=00000000 x15:00000000 x13:00001f80
14094743ns          230404 1c008bc8 ee873733 p.bclr           x14, x14, 23, 8     x14=00000000 x14:00000000
14094763ns          230405 1c008bcc 1a10f6b7 lui              x13, 0x1a10f000     x13=1a10f000
14094783ns          230406 1c008bd0 00d70733 add              x14, x14, x13       x14=1a10f000 x14:00000000 x13:1a10f000
14094803ns          230407 1c008bd2 00e787b3 add              x15, x15, x14       x15=1a10f000 x15:00000000 x14:1a10f000
14094823ns          230408 1c008bd4 0ff57513 andi             x10, x10, 255       x10=0000006f x10:0000006f
14094843ns          230409 1c008bd8 00a7a023 sw               x10, 0(x15)         x10:0000006f x15:1a10f000  PA:1a10f000
14095201ns          230427 1c008bda 00000513 addi             x10, x0, 0          x10=00000000
14095221ns          230428 1c008bdc 00008067 jalr             x0, x1, 0            x1:1c008ca2
14095280ns          230431 1c008ca2 4df52863 p.beqimm         x10, 1232           x10:00000000
14095300ns          230432 1c008ca6 00140413 addi             x8, x8, 1            x8=0000001f  x8:0000001e
14095320ns          230433 1c008ca8 001a450b p.lbu            x10, 1(x20!)        x10=00000072 x20=1c00003d x20:1c00003c  PA:1c00003c
14095638ns          230449 1c008cac fe0515e3 bne              x10, x0, -22        x10:00000072
14095718ns          230453 1c008c96 02500793 addi             x15, x0, 37         x15=00000025
14095738ns          230454 1c008c9a 04f50763 beq              x10, x15, 78        x10:00000072 x15:00000025
14095758ns          230455 1c008c9e 009005b3 add              x11, x0, x9         x11=00000002  x9:00000002
14095778ns          230456 1c008ca0 000c80e7 jalr             x1, x25, 0           x1=1c008ca2 x25:1c008bb6
14095817ns          230458 1c008bb6 000026b7 lui              x13, 0x2000         x13=00002000
14095837ns          230459 1c008bb8 f8068693 addi             x13, x13, -128      x13=00001f80 x13:00002000
14095857ns          230460 1c008bbc f14027f3 csrrs            x15, x0, 0xf14      x15=00000000
14095877ns          230461 1c008bc0 00379713 slli             x14, x15, 0x3       x14=00000000 x15:00000000
14095897ns          230462 1c008bc4 00279793 slli             x15, x15, 0x2       x15=00000000 x15:00000000
14095917ns          230463 1c008bc6 00d7f7b3 and              x15, x15, x13       x15=00000000 x15:00000000 x13:00001f80
14095937ns          230464 1c008bc8 ee873733 p.bclr           x14, x14, 23, 8     x14=00000000 x14:00000000
14095957ns          230465 1c008bcc 1a10f6b7 lui              x13, 0x1a10f000     x13=1a10f000
14095976ns          230466 1c008bd0 00d70733 add              x14, x14, x13       x14=1a10f000 x14:00000000 x13:1a10f000
14095996ns          230467 1c008bd2 00e787b3 add              x15, x15, x14       x15=1a10f000 x15:00000000 x14:1a10f000
14096016ns          230468 1c008bd4 0ff57513 andi             x10, x10, 255       x10=00000072 x10:00000072
14096036ns          230469 1c008bd8 00a7a023 sw               x10, 0(x15)         x10:00000072 x15:1a10f000  PA:1a10f000
14096374ns          230486 1c008bda 00000513 addi             x10, x0, 0          x10=00000000
14096394ns          230487 1c008bdc 00008067 jalr             x0, x1, 0            x1:1c008ca2
14096454ns          230490 1c008ca2 4df52863 p.beqimm         x10, 1232           x10:00000000
14096474ns          230491 1c008ca6 00140413 addi             x8, x8, 1            x8=00000020  x8:0000001f
14096494ns          230492 1c008ca8 001a450b p.lbu            x10, 1(x20!)        x10=00000065 x20=1c00003e x20:1c00003d  PA:1c00003d
14096812ns          230508 1c008cac fe0515e3 bne              x10, x0, -22        x10:00000065
14096891ns          230512 1c008c96 02500793 addi             x15, x0, 37         x15=00000025
14096911ns          230513 1c008c9a 04f50763 beq              x10, x15, 78        x10:00000065 x15:00000025
14096931ns          230514 1c008c9e 009005b3 add              x11, x0, x9         x11=00000002  x9:00000002
14096951ns          230515 1c008ca0 000c80e7 jalr             x1, x25, 0           x1=1c008ca2 x25:1c008bb6
14096991ns          230517 1c008bb6 000026b7 lui              x13, 0x2000         x13=00002000
14097011ns          230518 1c008bb8 f8068693 addi             x13, x13, -128      x13=00001f80 x13:00002000
14097031ns          230519 1c008bbc f14027f3 csrrs            x15, x0, 0xf14      x15=00000000
14097050ns          230520 1c008bc0 00379713 slli             x14, x15, 0x3       x14=00000000 x15:00000000
14097070ns          230521 1c008bc4 00279793 slli             x15, x15, 0x2       x15=00000000 x15:00000000
14097090ns          230522 1c008bc6 00d7f7b3 and              x15, x15, x13       x15=00000000 x15:00000000 x13:00001f80
14097110ns          230523 1c008bc8 ee873733 p.bclr           x14, x14, 23, 8     x14=00000000 x14:00000000
14097130ns          230524 1c008bcc 1a10f6b7 lui              x13, 0x1a10f000     x13=1a10f000
14097150ns          230525 1c008bd0 00d70733 add              x14, x14, x13       x14=1a10f000 x14:00000000 x13:1a10f000
14097170ns          230526 1c008bd2 00e787b3 add              x15, x15, x14       x15=1a10f000 x15:00000000 x14:1a10f000
14097190ns          230527 1c008bd4 0ff57513 andi             x10, x10, 255       x10=00000065 x10:00000065
14097210ns          230528 1c008bd8 00a7a023 sw               x10, 0(x15)         x10:00000065 x15:1a10f000  PA:1a10f000
14097548ns          230545 1c008bda 00000513 addi             x10, x0, 0          x10=00000000
14097567ns          230546 1c008bdc 00008067 jalr             x0, x1, 0            x1:1c008ca2
14097627ns          230549 1c008ca2 4df52863 p.beqimm         x10, 1232           x10:00000000
14097647ns          230550 1c008ca6 00140413 addi             x8, x8, 1            x8=00000021  x8:00000020
14097667ns          230551 1c008ca8 001a450b p.lbu            x10, 1(x20!)        x10=00000020 x20=1c00003f x20:1c00003e  PA:1c00003e
14097985ns          230567 1c008cac fe0515e3 bne              x10, x0, -22        x10:00000020
14098065ns          230571 1c008c96 02500793 addi             x15, x0, 37         x15=00000025
14098085ns          230572 1c008c9a 04f50763 beq              x10, x15, 78        x10:00000020 x15:00000025
14098104ns          230573 1c008c9e 009005b3 add              x11, x0, x9         x11=00000002  x9:00000002
14098124ns          230574 1c008ca0 000c80e7 jalr             x1, x25, 0           x1=1c008ca2 x25:1c008bb6
14098164ns          230576 1c008bb6 000026b7 lui              x13, 0x2000         x13=00002000
14098184ns          230577 1c008bb8 f8068693 addi             x13, x13, -128      x13=00001f80 x13:00002000
14098204ns          230578 1c008bbc f14027f3 csrrs            x15, x0, 0xf14      x15=00000000
14098224ns          230579 1c008bc0 00379713 slli             x14, x15, 0x3       x14=00000000 x15:00000000
14098244ns          230580 1c008bc4 00279793 slli             x15, x15, 0x2       x15=00000000 x15:00000000
14098264ns          230581 1c008bc6 00d7f7b3 and              x15, x15, x13       x15=00000000 x15:00000000 x13:00001f80
14098283ns          230582 1c008bc8 ee873733 p.bclr           x14, x14, 23, 8     x14=00000000 x14:00000000
14098303ns          230583 1c008bcc 1a10f6b7 lui              x13, 0x1a10f000     x13=1a10f000
14098323ns          230584 1c008bd0 00d70733 add              x14, x14, x13       x14=1a10f000 x14:00000000 x13:1a10f000
14098343ns          230585 1c008bd2 00e787b3 add              x15, x15, x14       x15=1a10f000 x15:00000000 x14:1a10f000
14098363ns          230586 1c008bd4 0ff57513 andi             x10, x10, 255       x10=00000020 x10:00000020
14098383ns          230587 1c008bd8 00a7a023 sw               x10, 0(x15)         x10:00000020 x15:1a10f000  PA:1a10f000
14098741ns          230605 1c008bda 00000513 addi             x10, x0, 0          x10=00000000
14098761ns          230606 1c008bdc 00008067 jalr             x0, x1, 0            x1:1c008ca2
14098820ns          230609 1c008ca2 4df52863 p.beqimm         x10, 1232           x10:00000000
14098840ns          230610 1c008ca6 00140413 addi             x8, x8, 1            x8=00000022  x8:00000021
14098860ns          230611 1c008ca8 001a450b p.lbu            x10, 1(x20!)        x10=00000025 x20=1c000040 x20:1c00003f  PA:1c00003f
14099198ns          230628 1c008cac fe0515e3 bne              x10, x0, -22        x10:00000025
14099278ns          230632 1c008c96 02500793 addi             x15, x0, 37         x15=00000025
14099298ns          230633 1c008c9a 04f50763 beq              x10, x15, 78        x10:00000025 x15:00000025
14099357ns          230636 1c008ce8 01400c33 add              x24, x0, x20        x24=1c000040 x20:1c000040
14099377ns          230637 1c008cea 000c4a03 lbu              x20, 0(x24)         x20=00000064 x24:1c000040  PA:1c000040
14099715ns          230654 1c008cee 0b4d0513 addi             x10, x26, 180       x10=1c0000b4 x26:1c000000
14099735ns          230655 1c008cf2 00912e23 sw               x9, 28(x2)           x9:00000002  x2:10000618  PA:10000634
14099755ns          230656 1c008cf4 014005b3 add              x11, x0, x20        x11=00000064 x20:00000064
14099775ns          230657 1c008cf6 00012823 sw               x0, 16(x2)           x2:10000618  PA:10000628
14099795ns          230658 1c008cf8 00012a23 sw               x0, 20(x2)           x2:10000618  PA:1000062c
14099815ns          230659 1c008cfa 00012623 sw               x0, 12(x2)           x2:10000618  PA:10000624
14099835ns          230660 1c008cfc 001c0493 addi             x9, x24, 1           x9=1c000041 x24:1c000040
14099855ns          230661 1c008d00 e41ff0ef jal              x1, -448             x1=1c008d02
14099934ns          230665 1c008b40 00054703 lbu              x14, 0(x10)         x14=0000002d x10:1c0000b4  PA:1c0000b4
14100252ns          230681 1c008b44 0ff5f593 andi             x11, x11, 255       x11=00000064 x11:00000064
14100272ns          230682 1c008b48 00a007b3 add              x15, x0, x10        x15=1c0000b4 x10:1c0000b4
14100292ns          230683 1c008b4a 00b70863 beq              x14, x11, 16        x14:0000002d x11:00000064
14100312ns          230684 1c008b4e 00070863 beq              x14, x0, 16         x14:0000002d
14100332ns          230685 1c008b50 0017c703 lbu              x14, 1(x15)         x14=0000002b x15:1c0000b4  PA:1c0000b5
14100630ns          230700 1c008b54 00178793 addi             x15, x15, 1         x15=1c0000b5 x15:1c0000b4
14100650ns          230701 1c008b56 feb71ce3 bne              x14, x11, -8        x14:0000002b x11:00000064
14100710ns          230704 1c008b4e 00070863 beq              x14, x0, 16         x14:0000002b
14100730ns          230705 1c008b50 0017c703 lbu              x14, 1(x15)         x14=00000020 x15:1c0000b5  PA:1c0000b6
14101028ns          230720 1c008b54 00178793 addi             x15, x15, 1         x15=1c0000b6 x15:1c0000b5
14101048ns          230721 1c008b56 feb71ce3 bne              x14, x11, -8        x14:00000020 x11:00000064
14101108ns          230724 1c008b4e 00070863 beq              x14, x0, 16         x14:00000020
14101127ns          230725 1c008b50 0017c703 lbu              x14, 1(x15)         x14=00000023 x15:1c0000b6  PA:1c0000b7
14101426ns          230740 1c008b54 00178793 addi             x15, x15, 1         x15=1c0000b7 x15:1c0000b6
14101446ns          230741 1c008b56 feb71ce3 bne              x14, x11, -8        x14:00000023 x11:00000064
14101505ns          230744 1c008b4e 00070863 beq              x14, x0, 16         x14:00000023
14101525ns          230745 1c008b50 0017c703 lbu              x14, 1(x15)         x14=00000030 x15:1c0000b7  PA:1c0000b8
14101843ns          230761 1c008b54 00178793 addi             x15, x15, 1         x15=1c0000b8 x15:1c0000b7
14101863ns          230762 1c008b56 feb71ce3 bne              x14, x11, -8        x14:00000030 x11:00000064
14101923ns          230765 1c008b4e 00070863 beq              x14, x0, 16         x14:00000030
14101943ns          230766 1c008b50 0017c703 lbu              x14, 1(x15)         x14=00000000 x15:1c0000b8  PA:1c0000b9
14102241ns          230781 1c008b54 00178793 addi             x15, x15, 1         x15=1c0000b9 x15:1c0000b8
14102261ns          230782 1c008b56 feb71ce3 bne              x14, x11, -8        x14:00000000 x11:00000064
14102321ns          230785 1c008b4e 00070863 beq              x14, x0, 16         x14:00000000
14102380ns          230788 1c008b5e 00000513 addi             x10, x0, 0          x10=00000000
14102400ns          230789 1c008b60 fe058de3 beq              x11, x0, -6         x11:00000064
14102420ns          230790 1c008b62 00008067 jalr             x0, x1, 0            x1:1c008d02
14102480ns          230793 1c008d02 02000913 addi             x18, x0, 32         x18=00000020
14102500ns          230794 1c008d06 00000993 addi             x19, x0, 0          x19=00000000
14102520ns          230795 1c008d08 02b00a93 addi             x21, x0, 43         x21=0000002b
14102539ns          230796 1c008d0c 02d00b93 addi             x23, x0, 45         x23=0000002d
14102559ns          230797 1c008d10 03000b13 addi             x22, x0, 48         x22=00000030
14102579ns          230798 1c008d14 00900633 add              x12, x0, x9         x12=1c000041  x9:1c000041
14102599ns          230799 1c008d16 02050963 beq              x10, x0, 50         x10:00000000
14102738ns          230806 1c008d48 03312623 sw               x19, 44(x2)         x19:00000000  x2:10000618  PA:10000644
14102778ns          230808 1c008d4a 02a00693 addi             x13, x0, 42         x13=0000002a
14102798ns          230809 1c008d4e 014009b3 add              x19, x0, x20        x19=00000064 x20:00000064
14102838ns          230811 1c008d50 01800a33 add              x20, x0, x24        x20=1c000040 x24:1c000040
14102858ns          230812 1c008d52 00900c33 add              x24, x0, x9         x24=1c000041  x9:1c000041
14102878ns          230813 1c008d54 01c12483 lw               x9, 28(x2)           x9=00000002  x2:10000618  PA:10000634
14102917ns          230815 1c008d56 42d98063 beq              x19, x13, 1056      x19:00000064 x13:0000002a
14102937ns          230816 1c008d5a fd098693 addi             x13, x19, -48       x13=00000034 x19:00000064
14102957ns          230817 1c008d5e 00900513 addi             x10, x0, 9          x10=00000009
14102977ns          230818 1c008d60 00000a93 addi             x21, x0, 0          x21=00000000
14103017ns          230820 1c008d62 3cd57f63 bgeu             x10, x13, 990       x10:00000009 x13:00000034
14103037ns          230821 1c008d66 02e00793 addi             x15, x0, 46         x15=0000002e
14103057ns          230822 1c008d6a fff00b13 addi             x22, x0, -1         x22=ffffffff
14103076ns          230823 1c008d6c 04f981e3 beq              x19, x15, 2114      x19:00000064 x15:0000002e
14103116ns          230825 1c008d70 1c0007b7 lui              x15, 0x1c000000     x15=1c000000
14103156ns          230827 1c008d74 013005b3 add              x11, x0, x19        x11=00000064 x19:00000064
14103176ns          230828 1c008d76 0bc78513 addi             x10, x15, 188       x10=1c0000bc x15:1c000000
14103196ns          230829 1c008d7a 00c12e23 sw               x12, 28(x2)         x12:1c000041  x2:10000618  PA:10000634
14103216ns          230830 1c008d7c dc5ff0ef jal              x1, -572             x1=1c008d7e
14103295ns          230834 1c008b40 00054703 lbu              x14, 0(x10)         x14=00000068 x10:1c0000bc  PA:1c0000bc
14103594ns          230849 1c008b44 0ff5f593 andi             x11, x11, 255       x11=00000064 x11:00000064
14103613ns          230850 1c008b48 00a007b3 add              x15, x0, x10        x15=1c0000bc x10:1c0000bc
14103633ns          230851 1c008b4a 00b70863 beq              x14, x11, 16        x14:00000068 x11:00000064
14103653ns          230852 1c008b4e 00070863 beq              x14, x0, 16         x14:00000068
14103673ns          230853 1c008b50 0017c703 lbu              x14, 1(x15)         x14=0000006c x15:1c0000bc  PA:1c0000bd
14103971ns          230868 1c008b54 00178793 addi             x15, x15, 1         x15=1c0000bd x15:1c0000bc
14103991ns          230869 1c008b56 feb71ce3 bne              x14, x11, -8        x14:0000006c x11:00000064
14104051ns          230872 1c008b4e 00070863 beq              x14, x0, 16         x14:0000006c
14104071ns          230873 1c008b50 0017c703 lbu              x14, 1(x15)         x14=0000004c x15:1c0000bd  PA:1c0000be
14104369ns          230888 1c008b54 00178793 addi             x15, x15, 1         x15=1c0000be x15:1c0000bd
14104389ns          230889 1c008b56 feb71ce3 bne              x14, x11, -8        x14:0000004c x11:00000064
14104449ns          230892 1c008b4e 00070863 beq              x14, x0, 16         x14:0000004c
14104469ns          230893 1c008b50 0017c703 lbu              x14, 1(x15)         x14=0000007a x15:1c0000be  PA:1c0000bf
14104807ns          230910 1c008b54 00178793 addi             x15, x15, 1         x15=1c0000bf x15:1c0000be
14104827ns          230911 1c008b56 feb71ce3 bne              x14, x11, -8        x14:0000007a x11:00000064
14104886ns          230914 1c008b4e 00070863 beq              x14, x0, 16         x14:0000007a
14104906ns          230915 1c008b50 0017c703 lbu              x14, 1(x15)         x14=00000000 x15:1c0000bf  PA:1c0000c0
14105204ns          230930 1c008b54 00178793 addi             x15, x15, 1         x15=1c0000c0 x15:1c0000bf
14105224ns          230931 1c008b56 feb71ce3 bne              x14, x11, -8        x14:00000000 x11:00000064
14105284ns          230934 1c008b4e 00070863 beq              x14, x0, 16         x14:00000000
14105344ns          230937 1c008b5e 00000513 addi             x10, x0, 0          x10=00000000
14105364ns          230938 1c008b60 fe058de3 beq              x11, x0, -6         x11:00000064
14105383ns          230939 1c008b62 00008067 jalr             x0, x1, 0            x1:1c008d7e
14105423ns          230941 1c008d7e 01c12603 lw               x12, 28(x2)         x12=1c000041  x2:10000618  PA:10000634
14105463ns          230943 1c008d80 00c00a33 add              x20, x0, x12        x20=1c000041 x12:1c000041
14105483ns          230944 1c008d82 00050563 beq              x10, x0, 10         x10:00000000
14105602ns          230950 1c008d8c 06900793 addi             x15, x0, 105        x15=00000069
14105622ns          230951 1c008d90 1cf98be3 beq              x19, x15, 2518      x19:00000064 x15:00000069
14105642ns          230952 1c008d94 4b37ce63 blt              x15, x19, 1212      x15:00000069 x19:00000064
14105662ns          230953 1c008d98 05800793 addi             x15, x0, 88         x15=00000058
14105682ns          230954 1c008d9c 4cf98863 beq              x19, x15, 1232      x19:00000064 x15:00000058
14105702ns          230955 1c008da0 3f37cd63 blt              x15, x19, 1018      x15:00000058 x19:00000064
14105841ns          230962 1c00919a 06400793 addi             x15, x0, 100        x15=00000064
14105901ns          230965 1c00919e 5cf98463 beq              x19, x15, 1480      x19:00000064 x15:00000064
14106000ns          230970 1c009766 01812b83 lw               x23, 24(x2)         x23=10000780  x2:10000618  PA:10000630
14106040ns          230972 1c009768 004ba60b p.lw             x12, 4(x23!)        x12=00000000 x23=10000784 x23:10000780  PA:10000780
14106080ns          230974 1c00976c 48064963 blt              x12, x0, 1170       x12:00000000
14106099ns          230975 1c009770 01412783 lw               x15, 20(x2)         x15=00000000  x2:10000618  PA:1000062c
14106119ns          230976 1c009772 00c00733 add              x14, x0, x12        x14=00000000 x12:00000000
14106139ns          230977 1c009774 56078863 beq              x15, x0, 1392       x15:00000000
14106239ns          230982 1c009ce4 01012783 lw               x15, 16(x2)         x15=00000000  x2:10000618  PA:10000628
14106259ns          230983 1c009ce6 01b00533 add              x10, x0, x27        x10=1000064c x27:1000064c
14106278ns          230984 1c009ce8 a8078ee3 beq              x15, x0, -1380      x15:00000000
14106398ns          230990 1c009784 00a007b3 add              x15, x0, x10        x15=1000064c x10:1000064c
14106418ns          230991 1c009786 00a00593 addi             x11, x0, 10         x11=0000000a
14106438ns          230992 1c009788 00900313 addi             x6, x0, 9            x6=00000009
14106457ns          230993 1c00978a 02b776b3 remu             x13, x14, x11       x13=00000000 x14:00000000 x11:0000000a
14107074ns          231024 1c00978e 00e00833 add              x16, x0, x14        x16=00000000 x14:00000000
14107094ns          231025 1c009790 00f008b3 add              x17, x0, x15        x17=1000064c x15:1000064c
14107114ns          231026 1c009792 03068693 addi             x13, x13, 48        x13=00000030 x13:00000000
14107134ns          231027 1c009796 00d780ab p.sb             x13, 1(x15!)        x15=1000064d x13:00000030 x15:1000064c  PA:1000064c
14107154ns          231028 1c00979a 02b75733 divu             x14, x14, x11       x14=00000000 x14:00000000 x11:0000000a
14107770ns          231059 1c00979e ff0366e3 bltu             x6, x16, -20         x6:00000009 x16:00000000
14107790ns          231060 1c0097a2 40a78733 sub              x14, x15, x10       x14=00000001 x15:1000064d x10:1000064c
14107810ns          231061 1c0097a6 01675c63 bge              x14, x22, 24        x14:00000001 x22:ffffffff
14107929ns          231067 1c0097be 00078023 sb               x0, 0(x15)          x15:1000064d  PA:1000064d
14107969ns          231069 1c0097c2 0b157563 bgeu             x10, x17, 170       x10:1000064c x17:1000064c
14108029ns          231072 1c00986c 01412703 lw               x14, 20(x2)         x14=00000000  x2:10000618  PA:1000062c
14108048ns          231073 1c00986e 01012683 lw               x13, 16(x2)         x13=00000000  x2:10000618  PA:10000628
14108068ns          231074 1c009870 41b787b3 sub              x15, x15, x27       x15=00000001 x15:1000064d x27:1000064c
14108088ns          231075 1c009874 00d76733 or               x14, x14, x13       x14=00000000 x14:00000000 x13:00000000
14108108ns          231076 1c009876 02e12623 sw               x14, 44(x2)         x14:00000000  x2:10000618  PA:10000644
14108188ns          231080 1c009878 b0071be3 bne              x14, x0, -1258      x14:00000000
14108208ns          231081 1c00987c 01f65713 srli             x14, x12, 0x1f      x14=00000000 x12:00000000
14108227ns          231082 1c009880 02e12623 sw               x14, 44(x2)         x14:00000000  x2:10000618  PA:10000644
14108247ns          231083 1c009882 b0dff06f jal              x0, -1268          
14108347ns          231088 1c00938e ebfb2be3 p.beqimm         x22, -330           x22:ffffffff
14108446ns          231093 1c009244 0c800713 addi             x14, x0, 200        x14=000000c8
14108486ns          231095 1c009248 14f75b63 bge              x14, x15, 342       x14:000000c8 x15:00000001
14108665ns          231104 1c00939e 00178613 addi             x12, x15, 1         x12=00000002 x15:00000001
14108705ns          231106 1c0093a2 0557c863 blt              x15, x21, 80        x15:00000001 x21:00000000
14108725ns          231107 1c0093a6 01712c23 sw               x23, 24(x2)         x23:10000784  x2:10000618  PA:10000630
14108745ns          231108 1c0093a8 00f00ab3 add              x21, x0, x15        x21=00000001 x15:00000001
14108764ns          231109 1c0093aa 8e0a8fe3 beq              x21, x0, -1794      x21:00000001
14108784ns          231110 1c0093ae 01b00933 add              x18, x0, x27        x18=1000064c x27:1000064c
14108804ns          231111 1c0093b0 41b409b3 sub              x19, x8, x27        x19=effff9d6  x8:00000022 x27:1000064c
14108824ns          231112 1c0093b4 01ba8ab3 add              x21, x21, x27       x21=1000064d x21:00000001 x27:1000064c
14108844ns          231113 1c0093b6 00a0006f jal              x0, 10             
14108884ns          231115 1c0093c0 0019450b p.lbu            x10, 1(x18!)        x10=00000030 x18=1000064d x18:1000064c  PA:1000064c
14108904ns          231116 1c0093c4 009005b3 add              x11, x0, x9         x11=00000002  x9:00000002
14108924ns          231117 1c0093c6 000c80e7 jalr             x1, x25, 0           x1=1c0093c8 x25:1c008bb6
14108963ns          231119 1c008bb6 000026b7 lui              x13, 0x2000         x13=00002000
14108983ns          231120 1c008bb8 f8068693 addi             x13, x13, -128      x13=00001f80 x13:00002000
14109003ns          231121 1c008bbc f14027f3 csrrs            x15, x0, 0xf14      x15=00000000
14109023ns          231122 1c008bc0 00379713 slli             x14, x15, 0x3       x14=00000000 x15:00000000
14109043ns          231123 1c008bc4 00279793 slli             x15, x15, 0x2       x15=00000000 x15:00000000
14109063ns          231124 1c008bc6 00d7f7b3 and              x15, x15, x13       x15=00000000 x15:00000000 x13:00001f80
14109083ns          231125 1c008bc8 ee873733 p.bclr           x14, x14, 23, 8     x14=00000000 x14:00000000
14109103ns          231126 1c008bcc 1a10f6b7 lui              x13, 0x1a10f000     x13=1a10f000
14109421ns          231142 1c008bd0 00d70733 add              x14, x14, x13       x14=1a10f000 x14:00000000 x13:1a10f000
14109441ns          231143 1c008bd2 00e787b3 add              x15, x15, x14       x15=1a10f000 x15:00000000 x14:1a10f000
14109461ns          231144 1c008bd4 0ff57513 andi             x10, x10, 255       x10=00000030 x10:00000030
14109480ns          231145 1c008bd8 00a7a023 sw               x10, 0(x15)         x10:00000030 x15:1a10f000  PA:1a10f000
14110137ns          231178 1c008bda 00000513 addi             x10, x0, 0          x10=00000000
14110157ns          231179 1c008bdc 00008067 jalr             x0, x1, 0            x1:1c0093c8
14110196ns          231181 1c0093c8 fff538e3 p.bneimm         x10, -16            x10:00000000
14110316ns          231187 1c0093b8 01298433 add              x8, x19, x18         x8=00000023 x19:effff9d6 x18:1000064d
14110336ns          231188 1c0093bc 8f2a86e3 beq              x21, x18, -1812     x21:1000064d x18:1000064d
14110395ns          231191 1c008ca8 001a450b p.lbu            x10, 1(x20!)        x10=0000000a x20=1c000042 x20:1c000041  PA:1c000041
14110713ns          231207 1c008cac fe0515e3 bne              x10, x0, -22        x10:0000000a
14110793ns          231211 1c008c96 02500793 addi             x15, x0, 37         x15=00000025
14110813ns          231212 1c008c9a 04f50763 beq              x10, x15, 78        x10:0000000a x15:00000025
14110833ns          231213 1c008c9e 009005b3 add              x11, x0, x9         x11=00000002  x9:00000002
14110853ns          231214 1c008ca0 000c80e7 jalr             x1, x25, 0           x1=1c008ca2 x25:1c008bb6
14110892ns          231216 1c008bb6 000026b7 lui              x13, 0x2000         x13=00002000
14110912ns          231217 1c008bb8 f8068693 addi             x13, x13, -128      x13=00001f80 x13:00002000
14110932ns          231218 1c008bbc f14027f3 csrrs            x15, x0, 0xf14      x15=00000000
14110952ns          231219 1c008bc0 00379713 slli             x14, x15, 0x3       x14=00000000 x15:00000000
14110972ns          231220 1c008bc4 00279793 slli             x15, x15, 0x2       x15=00000000 x15:00000000
14110992ns          231221 1c008bc6 00d7f7b3 and              x15, x15, x13       x15=00000000 x15:00000000 x13:00001f80
14111012ns          231222 1c008bc8 ee873733 p.bclr           x14, x14, 23, 8     x14=00000000 x14:00000000
14111032ns          231223 1c008bcc 1a10f6b7 lui              x13, 0x1a10f000     x13=1a10f000
14111052ns          231224 1c008bd0 00d70733 add              x14, x14, x13       x14=1a10f000 x14:00000000 x13:1a10f000
14111071ns          231225 1c008bd2 00e787b3 add              x15, x15, x14       x15=1a10f000 x15:00000000 x14:1a10f000
14111091ns          231226 1c008bd4 0ff57513 andi             x10, x10, 255       x10=0000000a x10:0000000a
14111111ns          231227 1c008bd8 00a7a023 sw               x10, 0(x15)         x10:0000000a x15:1a10f000  PA:1a10f000
14111449ns          231244 1c008bda 00000513 addi             x10, x0, 0          x10=00000000
14111469ns          231245 1c008bdc 00008067 jalr             x0, x1, 0            x1:1c008ca2
14111529ns          231248 1c008ca2 4df52863 p.beqimm         x10, 1232           x10:00000000
14111549ns          231249 1c008ca6 00140413 addi             x8, x8, 1            x8=00000024  x8:00000023
14111569ns          231250 1c008ca8 001a450b p.lbu            x10, 1(x20!)        x10=00000000 x20=1c000043 x20:1c000042  PA:1c000042
14111927ns          231268 1c008cac fe0515e3 bne              x10, x0, -22        x10:00000000
14111947ns          231269 1c008cae 13c12083 lw               x1, 316(x2)          x1=1c008c22  x2:10000618  PA:10000754
14111966ns          231270 1c008cb2 00800533 add              x10, x0, x8         x10=00000024  x8:00000024
14111986ns          231271 1c008cb4 13812403 lw               x8, 312(x2)          x8=00000000  x2:10000618  PA:10000750
14112006ns          231272 1c008cb8 13412483 lw               x9, 308(x2)          x9=00000000  x2:10000618  PA:1000074c
14112026ns          231273 1c008cbc 13012903 lw               x18, 304(x2)        x18=00000000  x2:10000618  PA:10000748
14112066ns          231275 1c008cc0 12c12983 lw               x19, 300(x2)        x19=00000000  x2:10000618  PA:10000744
14112106ns          231277 1c008cc4 12812a03 lw               x20, 296(x2)        x20=00000000  x2:10000618  PA:10000740
14112126ns          231278 1c008cc8 12412a83 lw               x21, 292(x2)        x21=00000000  x2:10000618  PA:1000073c
14112145ns          231279 1c008ccc 12012b03 lw               x22, 288(x2)        x22=00000000  x2:10000618  PA:10000738
14112583ns          231301 1c008cd0 11c12b83 lw               x23, 284(x2)        x23=00000000  x2:10000618  PA:10000734
14112623ns          231303 1c008cd4 11812c03 lw               x24, 280(x2)        x24=00000000  x2:10000618  PA:10000730
14112643ns          231304 1c008cd8 11412c83 lw               x25, 276(x2)        x25=00000000  x2:10000618  PA:1000072c
14112662ns          231305 1c008cdc 11012d03 lw               x26, 272(x2)        x26=00000000  x2:10000618  PA:10000728
14112722ns          231308 1c008ce0 10c12d83 lw               x27, 268(x2)        x27=00000000  x2:10000618  PA:10000724
14112762ns          231310 1c008ce4 14010113 addi             x2, x2, 320          x2=10000758  x2:10000618
14112782ns          231311 1c008ce6 00008067 jalr             x0, x1, 0            x1:1c008c22
14112861ns          231315 1c008c22 01c12083 lw               x1, 28(x2)           x1=1c008200  x2:10000758  PA:10000774
14112901ns          231317 1c008c24 04010113 addi             x2, x2, 64           x2=10000798  x2:10000758
14112921ns          231318 1c008c26 00008067 jalr             x0, x1, 0            x1:1c008200
14113458ns          231345 1c008200 78d010ef jal              x1, 8076             x1=1c008204
14113577ns          231351 1c00a18c f14027f3 csrrs            x15, x0, 0xf14      x15=00000000
14113975ns          231371 1c00a190 01f00713 addi             x14, x0, 31         x14=0000001f
14114015ns          231373 1c00a192 ca5797b3 p.extractu       x15, x15, 5, 5      x15=00000000 x15:00000000
14114035ns          231374 1c00a196 00e78863 beq              x15, x14, 16        x15:00000000 x14:0000001f
14114055ns          231375 1c00a19a 002047b7 lui              x15, 0x204000       x15=00204000
14114492ns          231397 1c00a19e 20078793 addi             x15, x15, 512       x15=00204200 x15:00204000
14114532ns          231399 1c00a1a2 01c7e703 p.elw            x14, 28(x15)        x14=00010000 x15:00204200  PA:0020421c
14114671ns          231406 1c00a1a6 00008067 jalr             x0, x1, 0            x1:1c008204
14115049ns          231425 1c008204 5c090363 beq              x18, x0, 1478       x18:00000000
14115566ns          231451 1c0087ca 30000593 addi             x11, x0, 768        x11=00000300
14115586ns          231452 1c0087ce 00000513 addi             x10, x0, 0          x10=00000000
14116004ns          231473 1c0087d0 001010ef jal              x1, 6144             x1=1c0087d4
14116481ns          231497 1c009fd0 1c0017b7 lui              x15, 0x1c001000     x15=1c001000
14116521ns          231499 1c009fd4 00251513 slli             x10, x10, 0x2       x10=00000000 x10:00000000
14116541ns          231500 1c009fd6 df878793 addi             x15, x15, -520      x15=1c000df8 x15:1c001000
14116561ns          231501 1c009fda 00f50533 add              x10, x10, x15       x10=1c000df8 x10:00000000 x15:1c000df8
14116580ns          231502 1c009fdc f05ff06f jal              x0, -252           
14117455ns          231546 1c009ee0 00052783 lw               x15, 0(x10)         x15=10004008 x10:1c000df8  PA:1c000df8
14117774ns          231562 1c009ee2 00758713 addi             x14, x11, 7         x14=00000307 x11:00000300
14117794ns          231563 1c009ee6 00a00633 add              x12, x0, x10        x12=1c000df8 x10:1c000df8
14117813ns          231564 1c009ee8 c40735b3 p.bclr           x11, x14, 2, 0      x11=00000300 x14:00000307
14117833ns          231565 1c009eec 00000693 addi             x13, x0, 0          x13=00000000
14117853ns          231566 1c009eee 00079563 bne              x15, x0, 10         x15:10004008
14118291ns          231588 1c009ef8 0007a703 lw               x14, 0(x15)         x14=0007bff8 x15:10004008  PA:10004008
14118311ns          231589 1c009efa 0047a503 lw               x10, 4(x15)         x10=00000000 x15:10004008  PA:1000400c
14118331ns          231590 1c009efc feb74be3 blt              x14, x11, -10       x14:0007bff8 x11:00000300
14118748ns          231611 1c009f00 00b70f63 beq              x14, x11, 30        x14:0007bff8 x11:00000300
14118788ns          231613 1c009f04 00b78833 add              x16, x15, x11       x16=10004308 x15:10004008 x11:00000300
14118808ns          231614 1c009f08 40b70733 sub              x14, x14, x11       x14=0007bcf8 x14:0007bff8 x11:00000300
14118828ns          231615 1c009f0a 00e82023 sw               x14, 0(x16)         x14:0007bcf8 x16:10004308  PA:10004308
14119265ns          231637 1c009f0e 00a82223 sw               x10, 4(x16)         x10:00000000 x16:10004308  PA:1000430c
14119285ns          231638 1c009f12 00068a63 beq              x13, x0, 20         x13:00000000
14119802ns          231664 1c009f26 01062023 sw               x16, 0(x12)         x16:10004308 x12:1c000df8  PA:1c000df8
14120120ns          231680 1c009f2a 00f00533 add              x10, x0, x15        x10=10004008 x15:10004008
14120140ns          231681 1c009f2c 00008067 jalr             x0, x1, 0            x1:1c0087d4
14120299ns          231689 1c0087d4 0ff50793 addi             x15, x10, 255       x15=10004107 x10:10004008
14120319ns          231690 1c0087d8 ce07b7b3 p.bclr           x15, x15, 7, 0      x15=10004100 x15:10004107
14120339ns          231691 1c0087dc 1c001737 lui              x14, 0x1c001000     x14=1c001000
14120777ns          231713 1c0087e0 dcf72823 sw               x15, -560(x14)      x15:10004100 x14:1c001000  PA:1c000dd0
14121115ns          231730 1c0087e4 a25ff06f jal              x0, -1500          
14121334ns          231741 1c008208 01847413 andi             x8, x8, 24           x8=00000000  x8:00000000
14121354ns          231742 1c00820a 783010ef jal              x1, 8066             x1=1c00820e
14121453ns          231747 1c00a18c f14027f3 csrrs            x15, x0, 0xf14      x15=00000000
14121473ns          231748 1c00a190 01f00713 addi             x14, x0, 31         x14=0000001f
14121493ns          231749 1c00a192 ca5797b3 p.extractu       x15, x15, 5, 5      x15=00000000 x15:00000000
14121513ns          231750 1c00a196 00e78863 beq              x15, x14, 16        x15:00000000 x14:0000001f
14121533ns          231751 1c00a19a 002047b7 lui              x15, 0x204000       x15=00204000
14121552ns          231752 1c00a19e 20078793 addi             x15, x15, 512       x15=00204200 x15:00204000
14121572ns          231753 1c00a1a2 01c7e703 p.elw            x14, 28(x15)        x14=00010000 x15:00204200  PA:0020421c
14121692ns          231759 1c00a1a6 00008067 jalr             x0, x1, 0            x1:1c00820e
14121751ns          231762 1c00820e 56041663 bne              x8, x0, 1388         x8:00000000
14121771ns          231763 1c008212 00491493 slli             x9, x18, 0x4         x9=00000000 x18:00000000
14121791ns          231764 1c008216 00748413 addi             x8, x9, 7            x8=00000007  x9:00000000
14121811ns          231765 1c00821a 00591713 slli             x14, x18, 0x5       x14=00000000 x18:00000000
14122427ns          231796 1c00821e 00141693 slli             x13, x8, 0x1        x13=0000000e  x8:00000007
14122447ns          231797 1c008222 00d12c23 sw               x13, 24(x2)         x13:0000000e  x2:10000798  PA:100007b0
14122467ns          231798 1c008224 00e12223 sw               x14, 4(x2)          x14:00000000  x2:10000798  PA:1000079c
14122487ns          231799 1c008226 00170593 addi             x11, x14, 1         x11=00000001 x14:00000000
14122507ns          231800 1c00822a 00168293 addi             x5, x13, 1           x5=0000000f x13:0000000e
14122925ns          231821 1c00822e 1c001737 lui              x14, 0x1c001000     x14=1c001000
14122964ns          231823 1c008232 00948693 addi             x13, x9, 9          x13=00000009  x9:00000000
14122984ns          231824 1c008236 8d070713 addi             x14, x14, -1840     x14=1c0008d0 x14:1c001000
14123004ns          231825 1c00823a 00148f93 addi             x31, x9, 1          x31=00000001  x9:00000000
14123462ns          231848 1c00823e 00269e13 slli             x28, x13, 0x2       x28=00000024 x13:00000009
14123482ns          231849 1c008242 00ee0e33 add              x28, x28, x14       x28=1c0008f4 x28:00000024 x14:1c0008d0
14123501ns          231850 1c008244 00248a93 addi             x21, x9, 2          x21=00000002  x9:00000000
14123521ns          231851 1c008248 00348f13 addi             x30, x9, 3          x30=00000003  x9:00000000
14123541ns          231852 1c00824c 00548993 addi             x19, x9, 5          x19=00000005  x9:00000000
14123959ns          231873 1c008250 00648793 addi             x15, x9, 6          x15=00000006  x9:00000000
14123999ns          231875 1c008254 002f9313 slli             x6, x31, 0x2         x6=00000004 x31:00000001
14124019ns          231876 1c008258 002a9813 slli             x16, x21, 0x2       x16=00000008 x21:00000002
14124038ns          231877 1c00825c 002f1b13 slli             x22, x30, 0x2       x22=0000000c x30:00000003
14124476ns          231899 1c008260 00299093 slli             x1, x19, 0x2         x1=00000014 x19:00000005
14124516ns          231901 1c008264 00279393 slli             x7, x15, 0x2         x7=00000018 x15:00000006
14124536ns          231902 1c008268 00e30333 add              x6, x6, x14          x6=1c0008d4  x6:00000004 x14:1c0008d0
14124556ns          231903 1c00826a 00691893 slli             x17, x18, 0x6       x17=00000000 x18:00000000
14124575ns          231904 1c00826e 01c006b3 add              x13, x0, x28        x13=1c0008f4 x28:1c0008f4
14125013ns          231926 1c008270 002a9a93 slli             x21, x21, 0x2       x21=00000008 x21:00000002
14125033ns          231927 1c008272 00299993 slli             x19, x19, 0x2       x19=00000014 x19:00000005
14125053ns          231928 1c008274 00279793 slli             x15, x15, 0x2       x15=00000018 x15:00000006
14125073ns          231929 1c008276 00eb0b33 add              x22, x22, x14       x22=1c0008dc x22:0000000c x14:1c0008d0
14125092ns          231930 1c008278 00235303 lhu              x6, 2(x6)            x6=0000009e  x6:1c0008d4  PA:1c0008d6
14125689ns          231960 1c00827c 0006d683 lhu              x13, 0(x13)         x13=0000086a x13:1c0008f4  PA:1c0008f4
14126087ns          231980 1c008280 00ea8ab3 add              x21, x21, x14       x21=1c0008d8 x21:00000008 x14:1c0008d0
14126107ns          231981 1c008282 00e989b3 add              x19, x19, x14       x19=1c0008e4 x19:00000014 x14:1c0008d0
14126127ns          231982 1c008284 00e787b3 add              x15, x15, x14       x15=1c0008e8 x15:00000018 x14:1c0008d0
14126147ns          231983 1c008286 00e888b3 add              x17, x17, x14       x17=1c0008d0 x17:00000000 x14:1c0008d0
14126166ns          231984 1c008288 002b5c83 lhu              x25, 2(x22)         x25=000002f6 x22:1c0008dc  PA:1c0008de
14126465ns          231999 1c00828c 000adc03 lhu              x24, 0(x21)         x24=00000814 x21:1c0008d8  PA:1c0008d8
14126942ns          232023 1c008290 000b5f03 lhu              x30, 0(x22)         x30=00000cd6 x22:1c0008dc  PA:1c0008dc
14127280ns          232040 1c008294 0007da83 lhu              x21, 0(x15)         x21=00000afa x15:1c0008e8  PA:1c0008e8
14127678ns          232060 1c008298 0009db03 lhu              x22, 0(x19)         x22=0000097a x19:1c0008e4  PA:1c0008e4
14128076ns          232080 1c00829c 0008d883 lhu              x17, 0(x17)         x17=00000eac x17:1c0008d0  PA:1c0008d0
14128454ns          232099 1c0082a0 1c0019b7 lui              x19, 0x1c001000     x19=1c001000
14128473ns          232100 1c0082a4 000017b7 lui              x15, 0x1000         x15=00001000
14128493ns          232101 1c0082a6 fff78793 addi             x15, x15, -1        x15=00000fff x15:00001000
14128513ns          232102 1c0082a8 00448a13 addi             x20, x9, 4          x20=00000004  x9:00000000
14128533ns          232103 1c0082ac dd098993 addi             x19, x19, -560      x19=1c000dd0 x19:1c001000
14128553ns          232104 1c0082b0 00159593 slli             x11, x11, 0x1       x11=00000002 x11:00000001
14128573ns          232105 1c0082b2 00129293 slli             x5, x5, 0x1          x5=0000001e  x5:0000000f
14128593ns          232106 1c0082b4 00241b93 slli             x23, x8, 0x2        x23=0000001c  x8:00000007
14128613ns          232107 1c0082b8 00848613 addi             x12, x9, 8          x12=00000008  x9:00000000
14128633ns          232108 1c0082bc 00e585b3 add              x11, x11, x14       x11=1c0008d2 x11:00000002 x14:1c0008d0
14128652ns          232109 1c0082be 00e080b3 add              x1, x1, x14          x1=1c0008e4  x1:00000014 x14:1c0008d0
14129050ns          232129 1c0082c0 00e383b3 add              x7, x7, x14          x7=1c0008e8  x7:00000018 x14:1c0008d0
14129070ns          232130 1c0082c2 00e282b3 add              x5, x5, x14          x5=1c0008ee  x5:0000001e x14:1c0008d0
14129090ns          232131 1c0082c4 00d12a23 sw               x13, 20(x2)         x13:0000086a  x2:10000798  PA:100007ac
14129110ns          232132 1c0082c6 002a1513 slli             x10, x20, 0x2       x10=00000010 x20:00000004
14129130ns          232133 1c0082ca 0067f6b3 and              x13, x15, x6        x13=0000009e x15:00000fff  x6:0000009e
14129150ns          232134 1c0082ce 002a1a13 slli             x20, x20, 0x2       x20=00000010 x20:00000004
14129547ns          232154 1c0082d0 0009a303 lw               x6, 0(x19)           x6=10004100 x19:1c000dd0  PA:1c000dd0
14130104ns          232182 1c0082d4 0005dd83 lhu              x27, 0(x11)         x27=00000e59 x11:1c0008d2  PA:1c0008d2
14130482ns          232201 1c0082d8 00ea0a33 add              x20, x20, x14       x20=1c0008e0 x20:00000010 x14:1c0008d0
14130502ns          232202 1c0082da 0020d583 lhu              x11, 2(x1)          x11=0000060c  x1:1c0008e4  PA:1c0008e6
14130900ns          232222 1c0082de 0117f8b3 and              x17, x15, x17       x17=00000eac x15:00000fff x17:00000eac
14130920ns          232223 1c0082e2 0023d083 lhu              x1, 2(x7)            x1=00000870  x7:1c0008e8  PA:1c0008ea
14131278ns          232241 1c0082e6 00261e93 slli             x29, x12, 0x2       x29=00000020 x12:00000008
14131298ns          232242 1c0082ea 0002d383 lhu              x7, 0(x5)            x7=000002ba  x5:1c0008ee  PA:1c0008ee
14131735ns          232264 1c0082ee 00261613 slli             x12, x12, 0x2       x12=00000020 x12:00000008
14131755ns          232265 1c0082f0 017702b3 add              x5, x14, x23         x5=1c0008ec x14:1c0008d0 x23:0000001c
14131775ns          232266 1c0082f4 01112423 sw               x17, 8(x2)          x17:00000eac  x2:10000798  PA:100007a0
14131795ns          232267 1c0082f6 01712e23 sw               x23, 28(x2)         x23:0000001c  x2:10000798  PA:100007b4
14131815ns          232268 1c0082f8 00e60633 add              x12, x12, x14       x12=1c0008f0 x12:00000020 x14:1c0008d0
14131835ns          232269 1c0082fa 000a5b83 lhu              x23, 0(x20)         x23=00000a59 x20:1c0008e0  PA:1c0008e0
14132173ns          232286 1c0082fe 0002da03 lhu              x20, 0(x5)          x20=00000d87  x5:1c0008ec  PA:1c0008ec
14132570ns          232306 1c008302 01069293 slli             x5, x13, 0x10        x5=009e0000 x13:0000009e
14132590ns          232307 1c008306 00591693 slli             x13, x18, 0x5       x13=00000000 x18:00000000
14132610ns          232308 1c00830a 002e5d03 lhu              x26, 2(x28)         x26=00000c44 x28:1c0008f4  PA:1c0008f6
14132988ns          232327 1c00830e 002f9f93 slli             x31, x31, 0x2       x31=00000004 x31:00000001
14133008ns          232328 1c008310 00065e03 lhu              x28, 0(x12)         x28=00000ef9 x12:1c0008f0  PA:1c0008f0
14133525ns          232354 1c008314 00d30633 add              x12, x6, x13        x12=10004100  x6:10004100 x13:00000000
14133545ns          232355 1c008318 00812303 lw               x6, 8(x2)            x6=00000eac  x2:10000798  PA:100007a0
14133565ns          232356 1c00831a 00ef8fb3 add              x31, x31, x14       x31=1c0008d4 x31:00000004 x14:1c0008d0
14133585ns          232357 1c00831c 01b7fdb3 and              x27, x15, x27       x27=00000e59 x15:00000fff x27:00000e59
14133605ns          232358 1c008320 00512623 sw               x5, 12(x2)           x5:009e0000  x2:10000798  PA:100007a4
14133624ns          232359 1c008322 000fdf83 lhu              x31, 0(x31)         x31=00000386 x31:1c0008d4  PA:1c0008d4
14134042ns          232380 1c008326 010d9d93 slli             x27, x27, 0x10      x27=0e590000 x27:00000e59
14134062ns          232381 1c008328 006dedb3 or               x27, x27, x6        x27=0e590eac x27:0e590000  x6:00000eac
14134082ns          232382 1c00832c 00e80833 add              x16, x16, x14       x16=1c0008d8 x16:00000008 x14:1c0008d0
14134102ns          232383 1c00832e 00c12303 lw               x6, 12(x2)           x6=009e0000  x2:10000798  PA:100007a4
14134122ns          232384 1c008330 00285803 lhu              x16, 2(x16)         x16=00000eb5 x16:1c0008d8  PA:1c0008da
14134420ns          232399 1c008334 0017f0b3 and              x1, x15, x1          x1=00000870 x15:00000fff  x1:00000870
14134440ns          232400 1c008338 0077f3b3 and              x7, x15, x7          x7=000002ba x15:00000fff  x7:000002ba
14134460ns          232401 1c00833c 01c12823 sw               x28, 16(x2)         x28:00000ef9  x2:10000798  PA:100007a8
14134480ns          232402 1c00833e 0157fab3 and              x21, x15, x21       x21=00000afa x15:00000fff x21:00000afa
14134519ns          232404 1c008342 0147fa33 and              x20, x15, x20       x20=00000d87 x15:00000fff x20:00000d87
14134539ns          232405 1c008346 01f7ffb3 and              x31, x15, x31       x31=00000386 x15:00000fff x31:00000386
14134559ns          232406 1c00834a 01009093 slli             x1, x1, 0x10         x1=08700000  x1:00000870
14134579ns          232407 1c00834c 01039393 slli             x7, x7, 0x10         x7=02ba0000  x7:000002ba
14134997ns          232428 1c00834e 01f36fb3 or               x31, x6, x31        x31=009e0386  x6:009e0000 x31:00000386
14135017ns          232429 1c008352 00e50533 add              x10, x10, x14       x10=1c0008e0 x10:00000010 x14:1c0008d0
14135036ns          232430 1c008354 0150e333 or               x6, x1, x21          x6=08700afa  x1:08700000 x21:00000afa
14135056ns          232431 1c008358 0143eab3 or               x21, x7, x20        x21=02ba0d87  x7:02ba0000 x20:00000d87
14135076ns          232432 1c00835c 01012a03 lw               x20, 16(x2)         x20=00000ef9  x2:10000798  PA:100007a8
14135494ns          232453 1c00835e 00255503 lhu              x10, 2(x10)         x10=00000b45 x10:1c0008e0  PA:1c0008e2
14135951ns          232476 1c008362 0107f833 and              x16, x15, x16       x16=00000eb5 x15:00000fff x16:00000eb5
14135971ns          232477 1c008366 0187fc33 and              x24, x15, x24       x24=00000814 x15:00000fff x24:00000814
14135991ns          232478 1c00836a 00ee8eb3 add              x29, x29, x14       x29=1c0008f0 x29:00000020 x14:1c0008d0
14136011ns          232479 1c00836c 01081813 slli             x16, x16, 0x10      x16=0eb50000 x16:00000eb5
14136369ns          232497 1c00836e 01886833 or               x16, x16, x24       x16=0eb50814 x16:0eb50000 x24:00000814
14136389ns          232498 1c008372 01512423 sw               x21, 8(x2)          x21:02ba0d87  x2:10000798  PA:100007a0
14136409ns          232499 1c008374 0147fc33 and              x24, x15, x20       x24=00000ef9 x15:00000fff x20:00000ef9
14136429ns          232500 1c008378 002ede83 lhu              x29, 2(x29)         x29=00000ccb x29:1c0008f0  PA:1c0008f2
14136826ns          232520 1c00837c 01412a03 lw               x20, 20(x2)         x20=0000086a  x2:10000798  PA:100007ac
14136906ns          232524 1c00837e 00c48893 addi             x17, x9, 12         x17=0000000c  x9:00000000
14136926ns          232525 1c008382 00f57533 and              x10, x10, x15       x10=00000b45 x10:00000b45 x15:00000fff
14136946ns          232526 1c008384 00f5f5b3 and              x11, x11, x15       x11=0000060c x11:0000060c x15:00000fff
14136966ns          232527 1c008386 0177fbb3 and              x23, x15, x23       x23=00000a59 x15:00000fff x23:00000a59
14136986ns          232528 1c00838a 0167fb33 and              x22, x15, x22       x22=0000097a x15:00000fff x22:0000097a
14137005ns          232529 1c00838e 01112623 sw               x17, 12(x2)         x17:0000000c  x2:10000798  PA:100007a4
14137423ns          232550 1c008390 00289a93 slli             x21, x17, 0x2       x21=00000030 x17:0000000c
14137463ns          232552 1c008394 01051513 slli             x10, x10, 0x10      x10=0b450000 x10:00000b45
14137483ns          232553 1c008396 00d48893 addi             x17, x9, 13         x17=0000000d  x9:00000000
14137503ns          232554 1c00839a 01059593 slli             x11, x11, 0x10      x11=060c0000 x11:0000060c
14137522ns          232555 1c00839c 01756533 or               x10, x10, x23       x10=0b450a59 x10:0b450000 x23:00000a59
14137940ns          232576 1c0083a0 0165e5b3 or               x11, x11, x22       x11=060c097a x11:060c0000 x22:0000097a
14137980ns          232578 1c0083a4 0147fbb3 and              x23, x15, x20       x23=0000086a x15:00000fff x20:0000086a
14138000ns          232579 1c0083a8 00289a13 slli             x20, x17, 0x2       x20=00000034 x17:0000000d
14138020ns          232580 1c0083ac 00e48893 addi             x17, x9, 14         x17=0000000e  x9:00000000
14138437ns          232601 1c0083b0 00b62a23 sw               x11, 20(x12)        x11:060c097a x12:10004100  PA:10004114
14138477ns          232603 1c0083b2 0197fcb3 and              x25, x15, x25       x25=000002f6 x15:00000fff x25:000002f6
14138497ns          232604 1c0083b6 00812583 lw               x11, 8(x2)          x11=02ba0d87  x2:10000798  PA:100007a0
14138517ns          232605 1c0083b8 00289093 slli             x1, x17, 0x2         x1=00000038 x17:0000000e
14138537ns          232606 1c0083bc 0009a883 lw               x17, 0(x19)         x17=10004100 x19:1c000dd0  PA:1c000dd0
14138994ns          232629 1c0083c0 00a48e13 addi             x28, x9, 10         x28=0000000a  x9:00000000
14139034ns          232631 1c0083c4 00f48293 addi             x5, x9, 15           x5=0000000f  x9:00000000
14139054ns          232632 1c0083c8 00b48393 addi             x7, x9, 11           x7=0000000b  x9:00000000
14139074ns          232633 1c0083cc 010c9c93 slli             x25, x25, 0x10      x25=02f60000 x25:000002f6
14139491ns          232654 1c0083ce 01e7ff33 and              x30, x15, x30       x30=00000cd6 x15:00000fff x30:00000cd6
14139531ns          232656 1c0083d2 01d7feb3 and              x29, x15, x29       x29=00000ccb x15:00000fff x29:00000ccb
14139551ns          232657 1c0083d6 01ecef33 or               x30, x25, x30       x30=02f60cd6 x25:02f60000 x30:00000cd6
14139571ns          232658 1c0083da 01a7fd33 and              x26, x15, x26       x26=00000c44 x15:00000fff x26:00000c44
14139989ns          232679 1c0083de 002e1c93 slli             x25, x28, 0x2       x25=00000028 x28:0000000a
14140028ns          232681 1c0083e2 00239b13 slli             x22, x7, 0x2        x22=0000002c  x7:0000000b
14140048ns          232682 1c0083e6 10068693 addi             x13, x13, 256       x13=00000100 x13:00000000
14140068ns          232683 1c0083ea 00229393 slli             x7, x5, 0x2          x7=0000003c  x5:0000000f
14140088ns          232684 1c0083ee 010e9e93 slli             x29, x29, 0x10      x29=0ccb0000 x29:00000ccb
14140526ns          232706 1c0083f0 011686b3 add              x13, x13, x17       x13=10004200 x13:00000100 x17:10004100
14140565ns          232708 1c0083f2 01b62023 sw               x27, 0(x12)         x27:0e590eac x12:10004100  PA:10004100
14140585ns          232709 1c0083f6 01f62223 sw               x31, 4(x12)         x31:009e0386 x12:10004100  PA:10004104
14140605ns          232710 1c0083fa 01062423 sw               x16, 8(x12)         x16:0eb50814 x12:10004100  PA:10004108
14141063ns          232733 1c0083fe 01e62623 sw               x30, 12(x12)        x30:02f60cd6 x12:10004100  PA:1000410c
14141082ns          232734 1c008402 00a62823 sw               x10, 16(x12)        x10:0b450a59 x12:10004100  PA:10004110
14141102ns          232735 1c008404 00662c23 sw               x6, 24(x12)          x6:08700afa x12:10004100  PA:10004118
14141122ns          232736 1c008408 00b62e23 sw               x11, 28(x12)        x11:02ba0d87 x12:10004100  PA:1000411c
14141142ns          232737 1c00840a 00ec8cb3 add              x25, x25, x14       x25=1c0008f8 x25:00000028 x14:1c0008d0
14141162ns          232738 1c00840c 00eb0b33 add              x22, x22, x14       x22=1c0008fc x22:0000002c x14:1c0008d0
14141182ns          232739 1c00840e 00ea8ab3 add              x21, x21, x14       x21=1c000900 x21:00000030 x14:1c0008d0
14141580ns          232759 1c008410 00ea0a33 add              x20, x20, x14       x20=1c000904 x20:00000034 x14:1c0008d0
14141600ns          232760 1c008412 00e080b3 add              x1, x1, x14          x1=1c000908  x1:00000038 x14:1c0008d0
14141619ns          232761 1c008414 018eeeb3 or               x29, x29, x24       x29=0ccb0ef9 x29:0ccb0000 x24:00000ef9
14141639ns          232762 1c008418 00e383b3 add              x7, x7, x14          x7=1c00090c  x7:0000003c x14:1c0008d0
14141659ns          232763 1c00841a 010d1d13 slli             x26, x26, 0x10      x26=0c440000 x26:00000c44
14141679ns          232764 1c00841c 002cdf83 lhu              x31, 2(x25)         x31=000001f0 x25:1c0008f8  PA:1c0008fa
14142296ns          232795 1c008420 002a5f03 lhu              x30, 2(x20)         x30=00000037 x20:1c000904  PA:1c000906
14142813ns          232821 1c008424 002b5803 lhu              x16, 2(x22)         x16=00000077 x22:1c0008fc  PA:1c0008fe
14143210ns          232841 1c008428 002ad503 lhu              x10, 2(x21)         x10=00000a27 x21:1c000900  PA:1c000902
14143608ns          232861 1c00842c 0020d603 lhu              x12, 2(x1)          x12=00000af3  x1:1c000908  PA:1c00090a
14144145ns          232888 1c008430 017d6bb3 or               x23, x26, x23       x23=0c44086a x26:0c440000 x23:0000086a
14144165ns          232889 1c008434 01d6a023 sw               x29, 0(x13)         x29:0ccb0ef9 x13:10004200  PA:10004200
14144185ns          232890 1c008438 001008b3 add              x17, x0, x1         x17=1c000908  x1:1c000908
14144205ns          232891 1c00843a 0023de83 lhu              x29, 2(x7)          x29=00000490  x7:1c00090c  PA:1c00090e
14144583ns          232910 1c00843e 00700733 add              x14, x0, x7         x14=1c00090c  x7:1c00090c
14144603ns          232911 1c008440 00075283 lhu              x5, 0(x14)           x5=000001e8 x14:1c00090c  PA:1c00090c
14144921ns          232927 1c008444 000b5083 lhu              x1, 0(x22)           x1=00000ef7 x22:1c0008fc  PA:1c0008fc
14145358ns          232949 1c008448 000ad383 lhu              x7, 0(x21)           x7=00000eb9 x21:1c000900  PA:1c000900
14145756ns          232969 1c00844c 000a5e03 lhu              x28, 0(x20)         x28=00000d49 x20:1c000904  PA:1c000904
14146094ns          232986 1c008450 0008d303 lhu              x6, 0(x17)           x6=00000b46 x17:1c000908  PA:1c000908
14146512ns          233007 1c008454 0176a223 sw               x23, 4(x13)         x23:0c44086a x13:10004200  PA:10004204
14146532ns          233008 1c008458 000cdb83 lhu              x23, 0(x25)         x23=000000cb x25:1c0008f8  PA:1c0008f8
14146890ns          233026 1c00845c 01f7f8b3 and              x17, x15, x31       x17=000001f0 x15:00000fff x31:000001f0
14146910ns          233027 1c008460 01e7f5b3 and              x11, x15, x30       x11=00000037 x15:00000fff x30:00000037
14146930ns          233028 1c008464 01d7f733 and              x14, x15, x29       x14=00000490 x15:00000fff x29:00000490
14146949ns          233029 1c008468 0107f833 and              x16, x15, x16       x16=00000077 x15:00000fff x16:00000077
14146969ns          233030 1c00846c 00f57533 and              x10, x10, x15       x10=00000a27 x10:00000a27 x15:00000fff
14146989ns          233031 1c00846e 00f67633 and              x12, x12, x15       x12=00000af3 x12:00000af3 x15:00000fff
14147208ns          233042 1c008470 0017f0b3 and              x1, x15, x1          x1=00000ef7 x15:00000fff  x1:00000ef7
14147248ns          233044 1c008474 0077f3b3 and              x7, x15, x7          x7=00000eb9 x15:00000fff  x7:00000eb9
14147268ns          233045 1c008478 01c7fe33 and              x28, x15, x28       x28=00000d49 x15:00000fff x28:00000d49
14147287ns          233046 1c00847c 0067f333 and              x6, x15, x6          x6=00000b46 x15:00000fff  x6:00000b46
14147745ns          233069 1c008480 0177fbb3 and              x23, x15, x23       x23=000000cb x15:00000fff x23:000000cb
14147785ns          233071 1c008484 01071713 slli             x14, x14, 0x10      x14=04900000 x14:00000490
14147805ns          233072 1c008486 0057f7b3 and              x15, x15, x5        x15=000001e8 x15:00000fff  x5:000001e8
14147824ns          233073 1c00848a 01089893 slli             x17, x17, 0x10      x17=01f00000 x17:000001f0
14147844ns          233074 1c00848c 01081813 slli             x16, x16, 0x10      x16=00770000 x16:00000077
14147864ns          233075 1c00848e 01051513 slli             x10, x10, 0x10      x10=0a270000 x10:00000a27
14148282ns          233096 1c008490 01059593 slli             x11, x11, 0x10      x11=00370000 x11:00000037
14148302ns          233097 1c008492 01061613 slli             x12, x12, 0x10      x12=0af30000 x12:00000af3
14148322ns          233098 1c008494 00e7e7b3 or               x15, x15, x14       x15=049001e8 x15:000001e8 x14:04900000
14148342ns          233099 1c008496 0178e8b3 or               x17, x17, x23       x17=01f000cb x17:01f00000 x23:000000cb
14148361ns          233100 1c00849a 00186833 or               x16, x16, x1        x16=00770ef7 x16:00770000  x1:00000ef7
14148799ns          233122 1c00849e 00756533 or               x10, x10, x7        x10=0a270eb9 x10:0a270000  x7:00000eb9
14148839ns          233124 1c0084a2 01c5e5b3 or               x11, x11, x28       x11=00370d49 x11:00370000 x28:00000d49
14148859ns          233125 1c0084a6 00666633 or               x12, x12, x6        x12=0af30b46 x12:0af30000  x6:00000b46
14148879ns          233126 1c0084aa 00f6ae23 sw               x15, 28(x13)        x15:049001e8 x13:10004200  PA:1000421c
14148898ns          233127 1c0084ac 0116a423 sw               x17, 8(x13)         x17:01f000cb x13:10004200  PA:10004208
14149296ns          233147 1c0084b0 0106a623 sw               x16, 12(x13)        x16:00770ef7 x13:10004200  PA:1000420c
14149336ns          233149 1c0084b4 00a6a823 sw               x10, 16(x13)        x10:0a270eb9 x13:10004200  PA:10004210
14149356ns          233150 1c0084b6 00b6aa23 sw               x11, 20(x13)        x11:00370d49 x13:10004200  PA:10004214
14149376ns          233151 1c0084b8 00c6ac23 sw               x12, 24(x13)        x12:0af30b46 x13:10004200  PA:10004218
14149396ns          233152 1c0084ba 4d3010ef jal              x1, 7378             x1=1c0084be
14149873ns          233176 1c00a18c f14027f3 csrrs            x15, x0, 0xf14      x15=00000000
14149992ns          233182 1c00a190 01f00713 addi             x14, x0, 31         x14=0000001f
14150032ns          233184 1c00a192 ca5797b3 p.extractu       x15, x15, 5, 5      x15=00000000 x15:00000000
14150052ns          233185 1c00a196 00e78863 beq              x15, x14, 16        x15:00000000 x14:0000001f
14150072ns          233186 1c00a19a 002047b7 lui              x15, 0x204000       x15=00204000
14150131ns          233189 1c00a19e 20078793 addi             x15, x15, 512       x15=00204200 x15:00204000
14150171ns          233191 1c00a1a2 01c7e703 p.elw            x14, 28(x15)        x14=00010000 x15:00204200  PA:0020421c
14150291ns          233197 1c00a1a6 00008067 jalr             x0, x1, 0            x1:1c0084be
14150350ns          233200 1c0084be 002007b7 lui              x15, 0x200000       x15=00200000
14150370ns          233201 1c0084c2 0187a703 lw               x14, 24(x15)        x14=00000000 x15:00200000  PA:00200018
14150450ns          233205 1c0084c4 00204a37 lui              x20, 0x204000       x20=00204000
14150470ns          233206 1c0084c8 020a0a13 addi             x20, x20, 32        x20=00204020 x20:00204000
14150489ns          233207 1c0084cc c0b74733 p.bset           x14, x14, 0, 11     x14=00000800 x14:00000000
14151026ns          233234 1c0084d0 00e7ac23 sw               x14, 24(x15)        x14:00000800 x15:00200000  PA:00200018
14151126ns          233239 1c0084d2 0187a703 lw               x14, 24(x15)        x14=00000800 x15:00200000  PA:00200018
14151265ns          233246 1c0084d4 012a0a33 add              x20, x20, x18       x20=00204020 x20:00204020 x18:00000000
14151285ns          233247 1c0084d6 007a1a13 slli             x20, x20, 0x7       x20=10201000 x20:00204020
14151305ns          233248 1c0084d8 c0874733 p.bset           x14, x14, 0, 8      x14=00000900 x14:00000800
14151325ns          233249 1c0084dc 00e7ac23 sw               x14, 24(x15)        x14:00000900 x15:00200000  PA:00200018
14151424ns          233254 1c0084de 0187a703 lw               x14, 24(x15)        x14=00000900 x15:00200000  PA:00200018
14151603ns          233263 1c0084e0 ce073733 p.bclr           x14, x14, 7, 0      x14=00000900 x14:00000900
14151623ns          233264 1c0084e4 00e7ac23 sw               x14, 24(x15)        x14:00000900 x15:00200000  PA:00200018
14151723ns          233269 1c0084e6 0187a703 lw               x14, 24(x15)        x14=00000900 x15:00200000  PA:00200018
14151902ns          233278 1c0084e8 c0374733 p.bset           x14, x14, 0, 3      x14=00000908 x14:00000900
14151921ns          233279 1c0084ec 00e7ac23 sw               x14, 24(x15)        x14:00000908 x15:00200000  PA:00200018
14152160ns          233291 1c0084ee 000a2a23 sw               x0, 20(x20)         x20:10201000  PA:10201014
14152299ns          233298 1c0084f2 004a2783 lw               x15, 4(x20)         x15=00000000 x20:10201000  PA:10201004
14152419ns          233304 1c0084f6 004a0613 addi             x12, x20, 4         x12=10201004 x20:10201000
14152438ns          233305 1c0084fa 0007dc63 bge              x15, x0, 24         x15:00000000
14153254ns          233346 1c008512 1c000537 lui              x10, 0x1c000000     x10=1c000000
14153274ns          233347 1c008516 04450513 addi             x10, x10, 68        x10=1c000044 x10:1c000000
14153294ns          233348 1c00851a f14025f3 csrrs            x11, x0, 0xf14      x11=00000000
14153731ns          233370 1c00851e f455b5b3 p.bclr           x11, x11, 26, 5     x11=00000000 x11:00000000
14153751ns          233371 1c008522 6d8000ef jal              x1, 1752             x1=1c008524
14153831ns          233375 1c008bfa fc010113 addi             x2, x2, -64          x2=10000758  x2:10000798
14153870ns          233377 1c008bfc 02410313 addi             x6, x2, 36           x6=1000077c  x2:10000758
14153930ns          233380 1c008c00 02c12423 sw               x12, 40(x2)         x12:10201004  x2:10000758  PA:10000780
14153950ns          233381 1c008c02 00a00633 add              x12, x0, x10        x12=1c000044 x10:1c000044
14153970ns          233382 1c008c04 1c009537 lui              x10, 0x1c009000     x10=1c009000
14153990ns          233383 1c008c08 02b12223 sw               x11, 36(x2)         x11:00000000  x2:10000758  PA:1000077c
14154010ns          233384 1c008c0a 02d12623 sw               x13, 44(x2)         x13:10004200  x2:10000758  PA:10000784
14154030ns          233385 1c008c0c 00200593 addi             x11, x0, 2          x11=00000002
14154049ns          233386 1c008c0e 006006b3 add              x13, x0, x6         x13=1000077c  x6:1000077c
14154069ns          233387 1c008c10 bb650513 addi             x10, x10, -1098     x10=1c008bb6 x10:1c009000
14154109ns          233389 1c008c14 00112e23 sw               x1, 28(x2)           x1:1c008524  x2:10000758  PA:10000774
14154129ns          233390 1c008c16 02e12823 sw               x14, 48(x2)         x14:00000908  x2:10000758  PA:10000788
14154149ns          233391 1c008c18 02f12a23 sw               x15, 52(x2)         x15:00000000  x2:10000758  PA:1000078c
14154169ns          233392 1c008c1a 03012c23 sw               x16, 56(x2)         x16:00770ef7  x2:10000758  PA:10000790
14154189ns          233393 1c008c1c 03112e23 sw               x17, 60(x2)         x17:01f000cb  x2:10000758  PA:10000794
14154209ns          233394 1c008c1e 00612623 sw               x6, 12(x2)           x6:1000077c  x2:10000758  PA:10000764
14154228ns          233395 1c008c20 fbfff0ef jal              x1, -66              x1=1c008c22
14154666ns          233417 1c008bde 04a0006f jal              x0, 74             
14154706ns          233419 1c008c28 ec010113 addi             x2, x2, -320         x2=10000618  x2:10000758
14154726ns          233420 1c008c2a 13312623 sw               x19, 300(x2)        x19:1c000dd0  x2:10000618  PA:10000744
14154785ns          233423 1c008c2e 12112e23 sw               x1, 316(x2)          x1:1c008c22  x2:10000618  PA:10000754
14154825ns          233425 1c008c32 12812c23 sw               x8, 312(x2)          x8:00000007  x2:10000618  PA:10000750
14154845ns          233426 1c008c36 12912a23 sw               x9, 308(x2)          x9:00000000  x2:10000618  PA:1000074c
14154865ns          233427 1c008c3a 13212823 sw               x18, 304(x2)        x18:00000000  x2:10000618  PA:10000748
14154924ns          233430 1c008c3e 13412423 sw               x20, 296(x2)        x20:10201000  x2:10000618  PA:10000740
14154964ns          233432 1c008c42 13512223 sw               x21, 292(x2)        x21:1c000900  x2:10000618  PA:1000073c
14154984ns          233433 1c008c46 13612023 sw               x22, 288(x2)        x22:1c0008fc  x2:10000618  PA:10000738
14155004ns          233434 1c008c4a 11712e23 sw               x23, 284(x2)        x23:000000cb  x2:10000618  PA:10000734
14155064ns          233437 1c008c4e 11812c23 sw               x24, 280(x2)        x24:00000ef9  x2:10000618  PA:10000730
14155103ns          233439 1c008c52 11912a23 sw               x25, 276(x2)        x25:1c0008f8  x2:10000618  PA:1000072c
14155123ns          233440 1c008c56 11a12823 sw               x26, 272(x2)        x26:0c440000  x2:10000618  PA:10000728
14155143ns          233441 1c008c5a 11b12623 sw               x27, 268(x2)        x27:0e590eac  x2:10000618  PA:10000724
14155163ns          233442 1c008c5e 00c009b3 add              x19, x0, x12        x19=1c000044 x12:1c000044
14155561ns          233462 1c008c60 0019c78b p.lbu            x15, 1(x19!)        x15=00000045 x19=1c000045 x19:1c000044  PA:1c000044
14156098ns          233489 1c008c64 00d12c23 sw               x13, 24(x2)         x13:1000077c  x2:10000618  PA:10000630
14156118ns          233490 1c008c66 6a0788e3 beq              x15, x0, 3760       x15:00000045
14156138ns          233491 1c008c6a 1c000737 lui              x14, 0x1c000000     x14=1c000000
14156158ns          233492 1c008c6e 0c472703 lw               x14, 196(x14)       x14=20202020 x14:1c000000  PA:1c0000c4
14156456ns          233507 1c008c72 03410d93 addi             x27, x2, 52         x27=1000064c  x2:10000618
14156476ns          233508 1c008c76 00a00cb3 add              x25, x0, x10        x25=1c008bb6 x10:1c008bb6
14156496ns          233509 1c008c78 02e12023 sw               x14, 32(x2)         x14:20202020  x2:10000618  PA:10000638
14156535ns          233511 1c008c7a 03610713 addi             x14, x2, 54         x14=1000064e  x2:10000618
14156555ns          233512 1c008c7e fff74713 xori             x14, x14, -1        x14=effff9b1 x14:1000064e
14156575ns          233513 1c008c82 02e12223 sw               x14, 36(x2)         x14:effff9b1  x2:10000618  PA:1000063c
14156615ns          233515 1c008c84 fffdc713 xori             x14, x27, -1        x14=effff9b3 x27:1000064c
14156635ns          233516 1c008c88 00b004b3 add              x9, x0, x11          x9=00000002 x11:00000002
14156655ns          233517 1c008c8a 00000413 addi             x8, x0, 0            x8=00000000
14156675ns          233518 1c008c8c 1c000d37 lui              x26, 0x1c000000     x26=1c000000
14156695ns          233519 1c008c90 02e12423 sw               x14, 40(x2)         x14:effff9b3  x2:10000618  PA:10000640
14156754ns          233522 1c008c92 01300a33 add              x20, x0, x19        x20=1c000045 x19:1c000045
14156774ns          233523 1c008c94 00f00533 add              x10, x0, x15        x10=00000045 x15:00000045
14156794ns          233524 1c008c96 02500793 addi             x15, x0, 37         x15=00000025
14156814ns          233525 1c008c9a 04f50763 beq              x10, x15, 78        x10:00000045 x15:00000025
14156834ns          233526 1c008c9e 009005b3 add              x11, x0, x9         x11=00000002  x9:00000002
14156854ns          233527 1c008ca0 000c80e7 jalr             x1, x25, 0           x1=1c008ca2 x25:1c008bb6
14156973ns          233533 1c008bb6 000026b7 lui              x13, 0x2000         x13=00002000
14157013ns          233535 1c008bb8 f8068693 addi             x13, x13, -128      x13=00001f80 x13:00002000
14157033ns          233536 1c008bbc f14027f3 csrrs            x15, x0, 0xf14      x15=00000000
14157092ns          233539 1c008bc0 00379713 slli             x14, x15, 0x3       x14=00000000 x15:00000000
14157132ns          233541 1c008bc4 00279793 slli             x15, x15, 0x2       x15=00000000 x15:00000000
14157152ns          233542 1c008bc6 00d7f7b3 and              x15, x15, x13       x15=00000000 x15:00000000 x13:00001f80
14157172ns          233543 1c008bc8 ee873733 p.bclr           x14, x14, 23, 8     x14=00000000 x14:00000000
14157192ns          233544 1c008bcc 1a10f6b7 lui              x13, 0x1a10f000     x13=1a10f000
14157212ns          233545 1c008bd0 00d70733 add              x14, x14, x13       x14=1a10f000 x14:00000000 x13:1a10f000
14157231ns          233546 1c008bd2 00e787b3 add              x15, x15, x14       x15=1a10f000 x15:00000000 x14:1a10f000
14157251ns          233547 1c008bd4 0ff57513 andi             x10, x10, 255       x10=00000045 x10:00000045
14157271ns          233548 1c008bd8 00a7a023 sw               x10, 0(x15)         x10:00000045 x15:1a10f000  PA:1a10f000
14157808ns          233575 1c008bda 00000513 addi             x10, x0, 0          x10=00000000
14157828ns          233576 1c008bdc 00008067 jalr             x0, x1, 0            x1:1c008ca2
14157888ns          233579 1c008ca2 4df52863 p.beqimm         x10, 1232           x10:00000000
14157908ns          233580 1c008ca6 00140413 addi             x8, x8, 1            x8=00000001  x8:00000000
14157928ns          233581 1c008ca8 001a450b p.lbu            x10, 1(x20!)        x10=0000006e x20=1c000046 x20:1c000045  PA:1c000045
14158246ns          233597 1c008cac fe0515e3 bne              x10, x0, -22        x10:0000006e
14158325ns          233601 1c008c96 02500793 addi             x15, x0, 37         x15=00000025
14158345ns          233602 1c008c9a 04f50763 beq              x10, x15, 78        x10:0000006e x15:00000025
14158365ns          233603 1c008c9e 009005b3 add              x11, x0, x9         x11=00000002  x9:00000002
14158385ns          233604 1c008ca0 000c80e7 jalr             x1, x25, 0           x1=1c008ca2 x25:1c008bb6
14158465ns          233608 1c008bb6 000026b7 lui              x13, 0x2000         x13=00002000
14158504ns          233610 1c008bb8 f8068693 addi             x13, x13, -128      x13=00001f80 x13:00002000
14158524ns          233611 1c008bbc f14027f3 csrrs            x15, x0, 0xf14      x15=00000000
14158544ns          233612 1c008bc0 00379713 slli             x14, x15, 0x3       x14=00000000 x15:00000000
14158564ns          233613 1c008bc4 00279793 slli             x15, x15, 0x2       x15=00000000 x15:00000000
14158584ns          233614 1c008bc6 00d7f7b3 and              x15, x15, x13       x15=00000000 x15:00000000 x13:00001f80
14158604ns          233615 1c008bc8 ee873733 p.bclr           x14, x14, 23, 8     x14=00000000 x14:00000000
14158624ns          233616 1c008bcc 1a10f6b7 lui              x13, 0x1a10f000     x13=1a10f000
14158644ns          233617 1c008bd0 00d70733 add              x14, x14, x13       x14=1a10f000 x14:00000000 x13:1a10f000
14158663ns          233618 1c008bd2 00e787b3 add              x15, x15, x14       x15=1a10f000 x15:00000000 x14:1a10f000
14158683ns          233619 1c008bd4 0ff57513 andi             x10, x10, 255       x10=0000006e x10:0000006e
14158703ns          233620 1c008bd8 00a7a023 sw               x10, 0(x15)         x10:0000006e x15:1a10f000  PA:1a10f000
14159101ns          233640 1c008bda 00000513 addi             x10, x0, 0          x10=00000000
14159121ns          233641 1c008bdc 00008067 jalr             x0, x1, 0            x1:1c008ca2
14159181ns          233644 1c008ca2 4df52863 p.beqimm         x10, 1232           x10:00000000
14159200ns          233645 1c008ca6 00140413 addi             x8, x8, 1            x8=00000002  x8:00000001
14159220ns          233646 1c008ca8 001a450b p.lbu            x10, 1(x20!)        x10=00000074 x20=1c000047 x20:1c000046  PA:1c000046
14159538ns          233662 1c008cac fe0515e3 bne              x10, x0, -22        x10:00000074
14159618ns          233666 1c008c96 02500793 addi             x15, x0, 37         x15=00000025
14159638ns          233667 1c008c9a 04f50763 beq              x10, x15, 78        x10:00000074 x15:00000025
14159658ns          233668 1c008c9e 009005b3 add              x11, x0, x9         x11=00000002  x9:00000002
14159678ns          233669 1c008ca0 000c80e7 jalr             x1, x25, 0           x1=1c008ca2 x25:1c008bb6
14159717ns          233671 1c008bb6 000026b7 lui              x13, 0x2000         x13=00002000
14159737ns          233672 1c008bb8 f8068693 addi             x13, x13, -128      x13=00001f80 x13:00002000
14159757ns          233673 1c008bbc f14027f3 csrrs            x15, x0, 0xf14      x15=00000000
14159777ns          233674 1c008bc0 00379713 slli             x14, x15, 0x3       x14=00000000 x15:00000000
14159797ns          233675 1c008bc4 00279793 slli             x15, x15, 0x2       x15=00000000 x15:00000000
14159817ns          233676 1c008bc6 00d7f7b3 and              x15, x15, x13       x15=00000000 x15:00000000 x13:00001f80
14159837ns          233677 1c008bc8 ee873733 p.bclr           x14, x14, 23, 8     x14=00000000 x14:00000000
14159857ns          233678 1c008bcc 1a10f6b7 lui              x13, 0x1a10f000     x13=1a10f000
14159877ns          233679 1c008bd0 00d70733 add              x14, x14, x13       x14=1a10f000 x14:00000000 x13:1a10f000
14159896ns          233680 1c008bd2 00e787b3 add              x15, x15, x14       x15=1a10f000 x15:00000000 x14:1a10f000
14159916ns          233681 1c008bd4 0ff57513 andi             x10, x10, 255       x10=00000074 x10:00000074
14159936ns          233682 1c008bd8 00a7a023 sw               x10, 0(x15)         x10:00000074 x15:1a10f000  PA:1a10f000
14160274ns          233699 1c008bda 00000513 addi             x10, x0, 0          x10=00000000
14160294ns          233700 1c008bdc 00008067 jalr             x0, x1, 0            x1:1c008ca2
14160354ns          233703 1c008ca2 4df52863 p.beqimm         x10, 1232           x10:00000000
14160374ns          233704 1c008ca6 00140413 addi             x8, x8, 1            x8=00000003  x8:00000002
14160394ns          233705 1c008ca8 001a450b p.lbu            x10, 1(x20!)        x10=00000065 x20=1c000048 x20:1c000047  PA:1c000047
14160712ns          233721 1c008cac fe0515e3 bne              x10, x0, -22        x10:00000065
14160791ns          233725 1c008c96 02500793 addi             x15, x0, 37         x15=00000025
14160811ns          233726 1c008c9a 04f50763 beq              x10, x15, 78        x10:00000065 x15:00000025
14160831ns          233727 1c008c9e 009005b3 add              x11, x0, x9         x11=00000002  x9:00000002
14160851ns          233728 1c008ca0 000c80e7 jalr             x1, x25, 0           x1=1c008ca2 x25:1c008bb6
14160891ns          233730 1c008bb6 000026b7 lui              x13, 0x2000         x13=00002000
14160911ns          233731 1c008bb8 f8068693 addi             x13, x13, -128      x13=00001f80 x13:00002000
14160931ns          233732 1c008bbc f14027f3 csrrs            x15, x0, 0xf14      x15=00000000
14160951ns          233733 1c008bc0 00379713 slli             x14, x15, 0x3       x14=00000000 x15:00000000
14160970ns          233734 1c008bc4 00279793 slli             x15, x15, 0x2       x15=00000000 x15:00000000
14160990ns          233735 1c008bc6 00d7f7b3 and              x15, x15, x13       x15=00000000 x15:00000000 x13:00001f80
14161010ns          233736 1c008bc8 ee873733 p.bclr           x14, x14, 23, 8     x14=00000000 x14:00000000
14161030ns          233737 1c008bcc 1a10f6b7 lui              x13, 0x1a10f000     x13=1a10f000
14161050ns          233738 1c008bd0 00d70733 add              x14, x14, x13       x14=1a10f000 x14:00000000 x13:1a10f000
14161070ns          233739 1c008bd2 00e787b3 add              x15, x15, x14       x15=1a10f000 x15:00000000 x14:1a10f000
14161090ns          233740 1c008bd4 0ff57513 andi             x10, x10, 255       x10=00000065 x10:00000065
14161110ns          233741 1c008bd8 00a7a023 sw               x10, 0(x15)         x10:00000065 x15:1a10f000  PA:1a10f000
14161468ns          233759 1c008bda 00000513 addi             x10, x0, 0          x10=00000000
14161488ns          233760 1c008bdc 00008067 jalr             x0, x1, 0            x1:1c008ca2
14161547ns          233763 1c008ca2 4df52863 p.beqimm         x10, 1232           x10:00000000
14161567ns          233764 1c008ca6 00140413 addi             x8, x8, 1            x8=00000004  x8:00000003
14161587ns          233765 1c008ca8 001a450b p.lbu            x10, 1(x20!)        x10=00000072 x20=1c000049 x20:1c000048  PA:1c000048
14161905ns          233781 1c008cac fe0515e3 bne              x10, x0, -22        x10:00000072
14161985ns          233785 1c008c96 02500793 addi             x15, x0, 37         x15=00000025
14162005ns          233786 1c008c9a 04f50763 beq              x10, x15, 78        x10:00000072 x15:00000025
14162024ns          233787 1c008c9e 009005b3 add              x11, x0, x9         x11=00000002  x9:00000002
14162044ns          233788 1c008ca0 000c80e7 jalr             x1, x25, 0           x1=1c008ca2 x25:1c008bb6
14162084ns          233790 1c008bb6 000026b7 lui              x13, 0x2000         x13=00002000
14162104ns          233791 1c008bb8 f8068693 addi             x13, x13, -128      x13=00001f80 x13:00002000
14162124ns          233792 1c008bbc f14027f3 csrrs            x15, x0, 0xf14      x15=00000000
14162144ns          233793 1c008bc0 00379713 slli             x14, x15, 0x3       x14=00000000 x15:00000000
14162164ns          233794 1c008bc4 00279793 slli             x15, x15, 0x2       x15=00000000 x15:00000000
14162184ns          233795 1c008bc6 00d7f7b3 and              x15, x15, x13       x15=00000000 x15:00000000 x13:00001f80
14162203ns          233796 1c008bc8 ee873733 p.bclr           x14, x14, 23, 8     x14=00000000 x14:00000000
14162223ns          233797 1c008bcc 1a10f6b7 lui              x13, 0x1a10f000     x13=1a10f000
14162243ns          233798 1c008bd0 00d70733 add              x14, x14, x13       x14=1a10f000 x14:00000000 x13:1a10f000
14162263ns          233799 1c008bd2 00e787b3 add              x15, x15, x14       x15=1a10f000 x15:00000000 x14:1a10f000
14162283ns          233800 1c008bd4 0ff57513 andi             x10, x10, 255       x10=00000072 x10:00000072
14162303ns          233801 1c008bd8 00a7a023 sw               x10, 0(x15)         x10:00000072 x15:1a10f000  PA:1a10f000
14162661ns          233819 1c008bda 00000513 addi             x10, x0, 0          x10=00000000
14162681ns          233820 1c008bdc 00008067 jalr             x0, x1, 0            x1:1c008ca2
14162740ns          233823 1c008ca2 4df52863 p.beqimm         x10, 1232           x10:00000000
14162760ns          233824 1c008ca6 00140413 addi             x8, x8, 1            x8=00000005  x8:00000004
14162780ns          233825 1c008ca8 001a450b p.lbu            x10, 1(x20!)        x10=00000065 x20=1c00004a x20:1c000049  PA:1c000049
14163118ns          233842 1c008cac fe0515e3 bne              x10, x0, -22        x10:00000065
14163198ns          233846 1c008c96 02500793 addi             x15, x0, 37         x15=00000025
14163218ns          233847 1c008c9a 04f50763 beq              x10, x15, 78        x10:00000065 x15:00000025
14163238ns          233848 1c008c9e 009005b3 add              x11, x0, x9         x11=00000002  x9:00000002
14163258ns          233849 1c008ca0 000c80e7 jalr             x1, x25, 0           x1=1c008ca2 x25:1c008bb6
14163297ns          233851 1c008bb6 000026b7 lui              x13, 0x2000         x13=00002000
14163317ns          233852 1c008bb8 f8068693 addi             x13, x13, -128      x13=00001f80 x13:00002000
14163337ns          233853 1c008bbc f14027f3 csrrs            x15, x0, 0xf14      x15=00000000
14163357ns          233854 1c008bc0 00379713 slli             x14, x15, 0x3       x14=00000000 x15:00000000
14163377ns          233855 1c008bc4 00279793 slli             x15, x15, 0x2       x15=00000000 x15:00000000
14163397ns          233856 1c008bc6 00d7f7b3 and              x15, x15, x13       x15=00000000 x15:00000000 x13:00001f80
14163417ns          233857 1c008bc8 ee873733 p.bclr           x14, x14, 23, 8     x14=00000000 x14:00000000
14163437ns          233858 1c008bcc 1a10f6b7 lui              x13, 0x1a10f000     x13=1a10f000
14163456ns          233859 1c008bd0 00d70733 add              x14, x14, x13       x14=1a10f000 x14:00000000 x13:1a10f000
14163476ns          233860 1c008bd2 00e787b3 add              x15, x15, x14       x15=1a10f000 x15:00000000 x14:1a10f000
14163496ns          233861 1c008bd4 0ff57513 andi             x10, x10, 255       x10=00000065 x10:00000065
14163516ns          233862 1c008bd8 00a7a023 sw               x10, 0(x15)         x10:00000065 x15:1a10f000  PA:1a10f000
14163854ns          233879 1c008bda 00000513 addi             x10, x0, 0          x10=00000000
14163874ns          233880 1c008bdc 00008067 jalr             x0, x1, 0            x1:1c008ca2
14163934ns          233883 1c008ca2 4df52863 p.beqimm         x10, 1232           x10:00000000
14163954ns          233884 1c008ca6 00140413 addi             x8, x8, 1            x8=00000006  x8:00000005
14163974ns          233885 1c008ca8 001a450b p.lbu            x10, 1(x20!)        x10=00000064 x20=1c00004b x20:1c00004a  PA:1c00004a
14164292ns          233901 1c008cac fe0515e3 bne              x10, x0, -22        x10:00000064
14164371ns          233905 1c008c96 02500793 addi             x15, x0, 37         x15=00000025
14164391ns          233906 1c008c9a 04f50763 beq              x10, x15, 78        x10:00000064 x15:00000025
14164411ns          233907 1c008c9e 009005b3 add              x11, x0, x9         x11=00000002  x9:00000002
14164431ns          233908 1c008ca0 000c80e7 jalr             x1, x25, 0           x1=1c008ca2 x25:1c008bb6
14164471ns          233910 1c008bb6 000026b7 lui              x13, 0x2000         x13=00002000
14164491ns          233911 1c008bb8 f8068693 addi             x13, x13, -128      x13=00001f80 x13:00002000
14164510ns          233912 1c008bbc f14027f3 csrrs            x15, x0, 0xf14      x15=00000000
14164530ns          233913 1c008bc0 00379713 slli             x14, x15, 0x3       x14=00000000 x15:00000000
14164550ns          233914 1c008bc4 00279793 slli             x15, x15, 0x2       x15=00000000 x15:00000000
14164570ns          233915 1c008bc6 00d7f7b3 and              x15, x15, x13       x15=00000000 x15:00000000 x13:00001f80
14164590ns          233916 1c008bc8 ee873733 p.bclr           x14, x14, 23, 8     x14=00000000 x14:00000000
14164610ns          233917 1c008bcc 1a10f6b7 lui              x13, 0x1a10f000     x13=1a10f000
14164630ns          233918 1c008bd0 00d70733 add              x14, x14, x13       x14=1a10f000 x14:00000000 x13:1a10f000
14164650ns          233919 1c008bd2 00e787b3 add              x15, x15, x14       x15=1a10f000 x15:00000000 x14:1a10f000
14164670ns          233920 1c008bd4 0ff57513 andi             x10, x10, 255       x10=00000064 x10:00000064
14164689ns          233921 1c008bd8 00a7a023 sw               x10, 0(x15)         x10:00000064 x15:1a10f000  PA:1a10f000
14165008ns          233937 1c008bda 00000513 addi             x10, x0, 0          x10=00000000
14165028ns          233938 1c008bdc 00008067 jalr             x0, x1, 0            x1:1c008ca2
14165087ns          233941 1c008ca2 4df52863 p.beqimm         x10, 1232           x10:00000000
14165107ns          233942 1c008ca6 00140413 addi             x8, x8, 1            x8=00000007  x8:00000006
14165127ns          233943 1c008ca8 001a450b p.lbu            x10, 1(x20!)        x10=00000020 x20=1c00004c x20:1c00004b  PA:1c00004b
14165465ns          233960 1c008cac fe0515e3 bne              x10, x0, -22        x10:00000020
14165545ns          233964 1c008c96 02500793 addi             x15, x0, 37         x15=00000025
14165565ns          233965 1c008c9a 04f50763 beq              x10, x15, 78        x10:00000020 x15:00000025
14165584ns          233966 1c008c9e 009005b3 add              x11, x0, x9         x11=00000002  x9:00000002
14165604ns          233967 1c008ca0 000c80e7 jalr             x1, x25, 0           x1=1c008ca2 x25:1c008bb6
14165644ns          233969 1c008bb6 000026b7 lui              x13, 0x2000         x13=00002000
14165664ns          233970 1c008bb8 f8068693 addi             x13, x13, -128      x13=00001f80 x13:00002000
14165684ns          233971 1c008bbc f14027f3 csrrs            x15, x0, 0xf14      x15=00000000
14165704ns          233972 1c008bc0 00379713 slli             x14, x15, 0x3       x14=00000000 x15:00000000
14165724ns          233973 1c008bc4 00279793 slli             x15, x15, 0x2       x15=00000000 x15:00000000
14165744ns          233974 1c008bc6 00d7f7b3 and              x15, x15, x13       x15=00000000 x15:00000000 x13:00001f80
14165763ns          233975 1c008bc8 ee873733 p.bclr           x14, x14, 23, 8     x14=00000000 x14:00000000
14165783ns          233976 1c008bcc 1a10f6b7 lui              x13, 0x1a10f000     x13=1a10f000
14165803ns          233977 1c008bd0 00d70733 add              x14, x14, x13       x14=1a10f000 x14:00000000 x13:1a10f000
14165823ns          233978 1c008bd2 00e787b3 add              x15, x15, x14       x15=1a10f000 x15:00000000 x14:1a10f000
14165843ns          233979 1c008bd4 0ff57513 andi             x10, x10, 255       x10=00000020 x10:00000020
14165863ns          233980 1c008bd8 00a7a023 sw               x10, 0(x15)         x10:00000020 x15:1a10f000  PA:1a10f000
14166201ns          233997 1c008bda 00000513 addi             x10, x0, 0          x10=00000000
14166221ns          233998 1c008bdc 00008067 jalr             x0, x1, 0            x1:1c008ca2
14166281ns          234001 1c008ca2 4df52863 p.beqimm         x10, 1232           x10:00000000
14166300ns          234002 1c008ca6 00140413 addi             x8, x8, 1            x8=00000008  x8:00000007
14166320ns          234003 1c008ca8 001a450b p.lbu            x10, 1(x20!)        x10=00000063 x20=1c00004d x20:1c00004c  PA:1c00004c
14166639ns          234019 1c008cac fe0515e3 bne              x10, x0, -22        x10:00000063
14166718ns          234023 1c008c96 02500793 addi             x15, x0, 37         x15=00000025
14166738ns          234024 1c008c9a 04f50763 beq              x10, x15, 78        x10:00000063 x15:00000025
14166758ns          234025 1c008c9e 009005b3 add              x11, x0, x9         x11=00000002  x9:00000002
14166778ns          234026 1c008ca0 000c80e7 jalr             x1, x25, 0           x1=1c008ca2 x25:1c008bb6
14166818ns          234028 1c008bb6 000026b7 lui              x13, 0x2000         x13=00002000
14166837ns          234029 1c008bb8 f8068693 addi             x13, x13, -128      x13=00001f80 x13:00002000
14166857ns          234030 1c008bbc f14027f3 csrrs            x15, x0, 0xf14      x15=00000000
14166877ns          234031 1c008bc0 00379713 slli             x14, x15, 0x3       x14=00000000 x15:00000000
14166897ns          234032 1c008bc4 00279793 slli             x15, x15, 0x2       x15=00000000 x15:00000000
14166917ns          234033 1c008bc6 00d7f7b3 and              x15, x15, x13       x15=00000000 x15:00000000 x13:00001f80
14166937ns          234034 1c008bc8 ee873733 p.bclr           x14, x14, 23, 8     x14=00000000 x14:00000000
14166957ns          234035 1c008bcc 1a10f6b7 lui              x13, 0x1a10f000     x13=1a10f000
14166977ns          234036 1c008bd0 00d70733 add              x14, x14, x13       x14=1a10f000 x14:00000000 x13:1a10f000
14166996ns          234037 1c008bd2 00e787b3 add              x15, x15, x14       x15=1a10f000 x15:00000000 x14:1a10f000
14167016ns          234038 1c008bd4 0ff57513 andi             x10, x10, 255       x10=00000063 x10:00000063
14167036ns          234039 1c008bd8 00a7a023 sw               x10, 0(x15)         x10:00000063 x15:1a10f000  PA:1a10f000
14167374ns          234056 1c008bda 00000513 addi             x10, x0, 0          x10=00000000
14167394ns          234057 1c008bdc 00008067 jalr             x0, x1, 0            x1:1c008ca2
14167454ns          234060 1c008ca2 4df52863 p.beqimm         x10, 1232           x10:00000000
14167474ns          234061 1c008ca6 00140413 addi             x8, x8, 1            x8=00000009  x8:00000008
14167494ns          234062 1c008ca8 001a450b p.lbu            x10, 1(x20!)        x10=0000006f x20=1c00004e x20:1c00004d  PA:1c00004d
14167832ns          234079 1c008cac fe0515e3 bne              x10, x0, -22        x10:0000006f
14167911ns          234083 1c008c96 02500793 addi             x15, x0, 37         x15=00000025
14167931ns          234084 1c008c9a 04f50763 beq              x10, x15, 78        x10:0000006f x15:00000025
14167951ns          234085 1c008c9e 009005b3 add              x11, x0, x9         x11=00000002  x9:00000002
14167971ns          234086 1c008ca0 000c80e7 jalr             x1, x25, 0           x1=1c008ca2 x25:1c008bb6
14168011ns          234088 1c008bb6 000026b7 lui              x13, 0x2000         x13=00002000
14168031ns          234089 1c008bb8 f8068693 addi             x13, x13, -128      x13=00001f80 x13:00002000
14168051ns          234090 1c008bbc f14027f3 csrrs            x15, x0, 0xf14      x15=00000000
14168070ns          234091 1c008bc0 00379713 slli             x14, x15, 0x3       x14=00000000 x15:00000000
14168090ns          234092 1c008bc4 00279793 slli             x15, x15, 0x2       x15=00000000 x15:00000000
14168110ns          234093 1c008bc6 00d7f7b3 and              x15, x15, x13       x15=00000000 x15:00000000 x13:00001f80
14168130ns          234094 1c008bc8 ee873733 p.bclr           x14, x14, 23, 8     x14=00000000 x14:00000000
14168150ns          234095 1c008bcc 1a10f6b7 lui              x13, 0x1a10f000     x13=1a10f000
14168170ns          234096 1c008bd0 00d70733 add              x14, x14, x13       x14=1a10f000 x14:00000000 x13:1a10f000
14168190ns          234097 1c008bd2 00e787b3 add              x15, x15, x14       x15=1a10f000 x15:00000000 x14:1a10f000
14168210ns          234098 1c008bd4 0ff57513 andi             x10, x10, 255       x10=0000006f x10:0000006f
14168230ns          234099 1c008bd8 00a7a023 sw               x10, 0(x15)         x10:0000006f x15:1a10f000  PA:1a10f000
14168548ns          234115 1c008bda 00000513 addi             x10, x0, 0          x10=00000000
14168568ns          234116 1c008bdc 00008067 jalr             x0, x1, 0            x1:1c008ca2
14168627ns          234119 1c008ca2 4df52863 p.beqimm         x10, 1232           x10:00000000
14168647ns          234120 1c008ca6 00140413 addi             x8, x8, 1            x8=0000000a  x8:00000009
14168667ns          234121 1c008ca8 001a450b p.lbu            x10, 1(x20!)        x10=00000072 x20=1c00004f x20:1c00004e  PA:1c00004e
14168985ns          234137 1c008cac fe0515e3 bne              x10, x0, -22        x10:00000072
14169065ns          234141 1c008c96 02500793 addi             x15, x0, 37         x15=00000025
14169085ns          234142 1c008c9a 04f50763 beq              x10, x15, 78        x10:00000072 x15:00000025
14169105ns          234143 1c008c9e 009005b3 add              x11, x0, x9         x11=00000002  x9:00000002
14169125ns          234144 1c008ca0 000c80e7 jalr             x1, x25, 0           x1=1c008ca2 x25:1c008bb6
14169164ns          234146 1c008bb6 000026b7 lui              x13, 0x2000         x13=00002000
14169184ns          234147 1c008bb8 f8068693 addi             x13, x13, -128      x13=00001f80 x13:00002000
14169204ns          234148 1c008bbc f14027f3 csrrs            x15, x0, 0xf14      x15=00000000
14169224ns          234149 1c008bc0 00379713 slli             x14, x15, 0x3       x14=00000000 x15:00000000
14169244ns          234150 1c008bc4 00279793 slli             x15, x15, 0x2       x15=00000000 x15:00000000
14169264ns          234151 1c008bc6 00d7f7b3 and              x15, x15, x13       x15=00000000 x15:00000000 x13:00001f80
14169284ns          234152 1c008bc8 ee873733 p.bclr           x14, x14, 23, 8     x14=00000000 x14:00000000
14169304ns          234153 1c008bcc 1a10f6b7 lui              x13, 0x1a10f000     x13=1a10f000
14169323ns          234154 1c008bd0 00d70733 add              x14, x14, x13       x14=1a10f000 x14:00000000 x13:1a10f000
14169343ns          234155 1c008bd2 00e787b3 add              x15, x15, x14       x15=1a10f000 x15:00000000 x14:1a10f000
14169363ns          234156 1c008bd4 0ff57513 andi             x10, x10, 255       x10=00000072 x10:00000072
14169383ns          234157 1c008bd8 00a7a023 sw               x10, 0(x15)         x10:00000072 x15:1a10f000  PA:1a10f000
14169701ns          234173 1c008bda 00000513 addi             x10, x0, 0          x10=00000000
14169721ns          234174 1c008bdc 00008067 jalr             x0, x1, 0            x1:1c008ca2
14169781ns          234177 1c008ca2 4df52863 p.beqimm         x10, 1232           x10:00000000
14169801ns          234178 1c008ca6 00140413 addi             x8, x8, 1            x8=0000000b  x8:0000000a
14169821ns          234179 1c008ca8 001a450b p.lbu            x10, 1(x20!)        x10=00000065 x20=1c000050 x20:1c00004f  PA:1c00004f
14170139ns          234195 1c008cac fe0515e3 bne              x10, x0, -22        x10:00000065
14170218ns          234199 1c008c96 02500793 addi             x15, x0, 37         x15=00000025
14170238ns          234200 1c008c9a 04f50763 beq              x10, x15, 78        x10:00000065 x15:00000025
14170258ns          234201 1c008c9e 009005b3 add              x11, x0, x9         x11=00000002  x9:00000002
14170278ns          234202 1c008ca0 000c80e7 jalr             x1, x25, 0           x1=1c008ca2 x25:1c008bb6
14170318ns          234204 1c008bb6 000026b7 lui              x13, 0x2000         x13=00002000
14170338ns          234205 1c008bb8 f8068693 addi             x13, x13, -128      x13=00001f80 x13:00002000
14170358ns          234206 1c008bbc f14027f3 csrrs            x15, x0, 0xf14      x15=00000000
14170377ns          234207 1c008bc0 00379713 slli             x14, x15, 0x3       x14=00000000 x15:00000000
14170397ns          234208 1c008bc4 00279793 slli             x15, x15, 0x2       x15=00000000 x15:00000000
14170417ns          234209 1c008bc6 00d7f7b3 and              x15, x15, x13       x15=00000000 x15:00000000 x13:00001f80
14170437ns          234210 1c008bc8 ee873733 p.bclr           x14, x14, 23, 8     x14=00000000 x14:00000000
14170457ns          234211 1c008bcc 1a10f6b7 lui              x13, 0x1a10f000     x13=1a10f000
14170477ns          234212 1c008bd0 00d70733 add              x14, x14, x13       x14=1a10f000 x14:00000000 x13:1a10f000
14170497ns          234213 1c008bd2 00e787b3 add              x15, x15, x14       x15=1a10f000 x15:00000000 x14:1a10f000
14170517ns          234214 1c008bd4 0ff57513 andi             x10, x10, 255       x10=00000065 x10:00000065
14170537ns          234215 1c008bd8 00a7a023 sw               x10, 0(x15)         x10:00000065 x15:1a10f000  PA:1a10f000
14170855ns          234231 1c008bda 00000513 addi             x10, x0, 0          x10=00000000
14170875ns          234232 1c008bdc 00008067 jalr             x0, x1, 0            x1:1c008ca2
14170934ns          234235 1c008ca2 4df52863 p.beqimm         x10, 1232           x10:00000000
14170954ns          234236 1c008ca6 00140413 addi             x8, x8, 1            x8=0000000c  x8:0000000b
14170974ns          234237 1c008ca8 001a450b p.lbu            x10, 1(x20!)        x10=00000020 x20=1c000051 x20:1c000050  PA:1c000050
14171292ns          234253 1c008cac fe0515e3 bne              x10, x0, -22        x10:00000020
14171372ns          234257 1c008c96 02500793 addi             x15, x0, 37         x15=00000025
14171392ns          234258 1c008c9a 04f50763 beq              x10, x15, 78        x10:00000020 x15:00000025
14171412ns          234259 1c008c9e 009005b3 add              x11, x0, x9         x11=00000002  x9:00000002
14171432ns          234260 1c008ca0 000c80e7 jalr             x1, x25, 0           x1=1c008ca2 x25:1c008bb6
14171471ns          234262 1c008bb6 000026b7 lui              x13, 0x2000         x13=00002000
14171491ns          234263 1c008bb8 f8068693 addi             x13, x13, -128      x13=00001f80 x13:00002000
14171511ns          234264 1c008bbc f14027f3 csrrs            x15, x0, 0xf14      x15=00000000
14171531ns          234265 1c008bc0 00379713 slli             x14, x15, 0x3       x14=00000000 x15:00000000
14171551ns          234266 1c008bc4 00279793 slli             x15, x15, 0x2       x15=00000000 x15:00000000
14171571ns          234267 1c008bc6 00d7f7b3 and              x15, x15, x13       x15=00000000 x15:00000000 x13:00001f80
14171591ns          234268 1c008bc8 ee873733 p.bclr           x14, x14, 23, 8     x14=00000000 x14:00000000
14171611ns          234269 1c008bcc 1a10f6b7 lui              x13, 0x1a10f000     x13=1a10f000
14171630ns          234270 1c008bd0 00d70733 add              x14, x14, x13       x14=1a10f000 x14:00000000 x13:1a10f000
14171650ns          234271 1c008bd2 00e787b3 add              x15, x15, x14       x15=1a10f000 x15:00000000 x14:1a10f000
14171670ns          234272 1c008bd4 0ff57513 andi             x10, x10, 255       x10=00000020 x10:00000020
14171690ns          234273 1c008bd8 00a7a023 sw               x10, 0(x15)         x10:00000020 x15:1a10f000  PA:1a10f000
14172028ns          234290 1c008bda 00000513 addi             x10, x0, 0          x10=00000000
14172048ns          234291 1c008bdc 00008067 jalr             x0, x1, 0            x1:1c008ca2
14172108ns          234294 1c008ca2 4df52863 p.beqimm         x10, 1232           x10:00000000
14172128ns          234295 1c008ca6 00140413 addi             x8, x8, 1            x8=0000000d  x8:0000000c
14172147ns          234296 1c008ca8 001a450b p.lbu            x10, 1(x20!)        x10=00000020 x20=1c000052 x20:1c000051  PA:1c000051
14172486ns          234313 1c008cac fe0515e3 bne              x10, x0, -22        x10:00000020
14172565ns          234317 1c008c96 02500793 addi             x15, x0, 37         x15=00000025
14172585ns          234318 1c008c9a 04f50763 beq              x10, x15, 78        x10:00000020 x15:00000025
14172605ns          234319 1c008c9e 009005b3 add              x11, x0, x9         x11=00000002  x9:00000002
14172625ns          234320 1c008ca0 000c80e7 jalr             x1, x25, 0           x1=1c008ca2 x25:1c008bb6
14172665ns          234322 1c008bb6 000026b7 lui              x13, 0x2000         x13=00002000
14172684ns          234323 1c008bb8 f8068693 addi             x13, x13, -128      x13=00001f80 x13:00002000
14172704ns          234324 1c008bbc f14027f3 csrrs            x15, x0, 0xf14      x15=00000000
14172724ns          234325 1c008bc0 00379713 slli             x14, x15, 0x3       x14=00000000 x15:00000000
14172744ns          234326 1c008bc4 00279793 slli             x15, x15, 0x2       x15=00000000 x15:00000000
14172764ns          234327 1c008bc6 00d7f7b3 and              x15, x15, x13       x15=00000000 x15:00000000 x13:00001f80
14172784ns          234328 1c008bc8 ee873733 p.bclr           x14, x14, 23, 8     x14=00000000 x14:00000000
14172804ns          234329 1c008bcc 1a10f6b7 lui              x13, 0x1a10f000     x13=1a10f000
14172824ns          234330 1c008bd0 00d70733 add              x14, x14, x13       x14=1a10f000 x14:00000000 x13:1a10f000
14172844ns          234331 1c008bd2 00e787b3 add              x15, x15, x14       x15=1a10f000 x15:00000000 x14:1a10f000
14172863ns          234332 1c008bd4 0ff57513 andi             x10, x10, 255       x10=00000020 x10:00000020
14172883ns          234333 1c008bd8 00a7a023 sw               x10, 0(x15)         x10:00000020 x15:1a10f000  PA:1a10f000
14173221ns          234350 1c008bda 00000513 addi             x10, x0, 0          x10=00000000
14173241ns          234351 1c008bdc 00008067 jalr             x0, x1, 0            x1:1c008ca2
14173301ns          234354 1c008ca2 4df52863 p.beqimm         x10, 1232           x10:00000000
14173321ns          234355 1c008ca6 00140413 addi             x8, x8, 1            x8=0000000e  x8:0000000d
14173341ns          234356 1c008ca8 001a450b p.lbu            x10, 1(x20!)        x10=00000025 x20=1c000053 x20:1c000052  PA:1c000052
14173659ns          234372 1c008cac fe0515e3 bne              x10, x0, -22        x10:00000025
14173739ns          234376 1c008c96 02500793 addi             x15, x0, 37         x15=00000025
14173758ns          234377 1c008c9a 04f50763 beq              x10, x15, 78        x10:00000025 x15:00000025
14173858ns          234382 1c008ce8 01400c33 add              x24, x0, x20        x24=1c000053 x20:1c000053
14173898ns          234384 1c008cea 000c4a03 lbu              x20, 0(x24)         x20=00000064 x24:1c000053  PA:1c000053
14174256ns          234402 1c008cee 0b4d0513 addi             x10, x26, 180       x10=1c0000b4 x26:1c000000
14174276ns          234403 1c008cf2 00912e23 sw               x9, 28(x2)           x9:00000002  x2:10000618  PA:10000634
14174295ns          234404 1c008cf4 014005b3 add              x11, x0, x20        x11=00000064 x20:00000064
14174315ns          234405 1c008cf6 00012823 sw               x0, 16(x2)           x2:10000618  PA:10000628
14174335ns          234406 1c008cf8 00012a23 sw               x0, 20(x2)           x2:10000618  PA:1000062c
14174355ns          234407 1c008cfa 00012623 sw               x0, 12(x2)           x2:10000618  PA:10000624
14174375ns          234408 1c008cfc 001c0493 addi             x9, x24, 1           x9=1c000054 x24:1c000053
14174395ns          234409 1c008d00 e41ff0ef jal              x1, -448             x1=1c008d02
14174474ns          234413 1c008b40 00054703 lbu              x14, 0(x10)         x14=0000002d x10:1c0000b4  PA:1c0000b4
14174793ns          234429 1c008b44 0ff5f593 andi             x11, x11, 255       x11=00000064 x11:00000064
14174812ns          234430 1c008b48 00a007b3 add              x15, x0, x10        x15=1c0000b4 x10:1c0000b4
14174832ns          234431 1c008b4a 00b70863 beq              x14, x11, 16        x14:0000002d x11:00000064
14174852ns          234432 1c008b4e 00070863 beq              x14, x0, 16         x14:0000002d
14174872ns          234433 1c008b50 0017c703 lbu              x14, 1(x15)         x14=0000002b x15:1c0000b4  PA:1c0000b5
14175170ns          234448 1c008b54 00178793 addi             x15, x15, 1         x15=1c0000b5 x15:1c0000b4
14175190ns          234449 1c008b56 feb71ce3 bne              x14, x11, -8        x14:0000002b x11:00000064
14175250ns          234452 1c008b4e 00070863 beq              x14, x0, 16         x14:0000002b
14175270ns          234453 1c008b50 0017c703 lbu              x14, 1(x15)         x14=00000020 x15:1c0000b5  PA:1c0000b6
14175568ns          234468 1c008b54 00178793 addi             x15, x15, 1         x15=1c0000b6 x15:1c0000b5
14175588ns          234469 1c008b56 feb71ce3 bne              x14, x11, -8        x14:00000020 x11:00000064
14175648ns          234472 1c008b4e 00070863 beq              x14, x0, 16         x14:00000020
14175668ns          234473 1c008b50 0017c703 lbu              x14, 1(x15)         x14=00000023 x15:1c0000b6  PA:1c0000b7
14175966ns          234488 1c008b54 00178793 addi             x15, x15, 1         x15=1c0000b7 x15:1c0000b6
14175986ns          234489 1c008b56 feb71ce3 bne              x14, x11, -8        x14:00000023 x11:00000064
14176046ns          234492 1c008b4e 00070863 beq              x14, x0, 16         x14:00000023
14176065ns          234493 1c008b50 0017c703 lbu              x14, 1(x15)         x14=00000030 x15:1c0000b7  PA:1c0000b8
14176364ns          234508 1c008b54 00178793 addi             x15, x15, 1         x15=1c0000b8 x15:1c0000b7
14176384ns          234509 1c008b56 feb71ce3 bne              x14, x11, -8        x14:00000030 x11:00000064
14176443ns          234512 1c008b4e 00070863 beq              x14, x0, 16         x14:00000030
14176463ns          234513 1c008b50 0017c703 lbu              x14, 1(x15)         x14=00000000 x15:1c0000b8  PA:1c0000b9
14176762ns          234528 1c008b54 00178793 addi             x15, x15, 1         x15=1c0000b9 x15:1c0000b8
14176781ns          234529 1c008b56 feb71ce3 bne              x14, x11, -8        x14:00000000 x11:00000064
14176841ns          234532 1c008b4e 00070863 beq              x14, x0, 16         x14:00000000
14176901ns          234535 1c008b5e 00000513 addi             x10, x0, 0          x10=00000000
14176921ns          234536 1c008b60 fe058de3 beq              x11, x0, -6         x11:00000064
14176940ns          234537 1c008b62 00008067 jalr             x0, x1, 0            x1:1c008d02
14177000ns          234540 1c008d02 02000913 addi             x18, x0, 32         x18=00000020
14177020ns          234541 1c008d06 00000993 addi             x19, x0, 0          x19=00000000
14177040ns          234542 1c008d08 02b00a93 addi             x21, x0, 43         x21=0000002b
14177060ns          234543 1c008d0c 02d00b93 addi             x23, x0, 45         x23=0000002d
14177100ns          234545 1c008d10 03000b13 addi             x22, x0, 48         x22=00000030
14177139ns          234547 1c008d14 00900633 add              x12, x0, x9         x12=1c000054  x9:1c000054
14177159ns          234548 1c008d16 02050963 beq              x10, x0, 50         x10:00000000
14177318ns          234556 1c008d48 03312623 sw               x19, 44(x2)         x19:00000000  x2:10000618  PA:10000644
14177358ns          234558 1c008d4a 02a00693 addi             x13, x0, 42         x13=0000002a
14177378ns          234559 1c008d4e 014009b3 add              x19, x0, x20        x19=00000064 x20:00000064
14177418ns          234561 1c008d50 01800a33 add              x20, x0, x24        x20=1c000053 x24:1c000053
14177438ns          234562 1c008d52 00900c33 add              x24, x0, x9         x24=1c000054  x9:1c000054
14177458ns          234563 1c008d54 01c12483 lw               x9, 28(x2)           x9=00000002  x2:10000618  PA:10000634
14177477ns          234564 1c008d56 42d98063 beq              x19, x13, 1056      x19:00000064 x13:0000002a
14177497ns          234565 1c008d5a fd098693 addi             x13, x19, -48       x13=00000034 x19:00000064
14177517ns          234566 1c008d5e 00900513 addi             x10, x0, 9          x10=00000009
14177557ns          234568 1c008d60 00000a93 addi             x21, x0, 0          x21=00000000
14177597ns          234570 1c008d62 3cd57f63 bgeu             x10, x13, 990       x10:00000009 x13:00000034
14177617ns          234571 1c008d66 02e00793 addi             x15, x0, 46         x15=0000002e
14177637ns          234572 1c008d6a fff00b13 addi             x22, x0, -1         x22=ffffffff
14177656ns          234573 1c008d6c 04f981e3 beq              x19, x15, 2114      x19:00000064 x15:0000002e
14177696ns          234575 1c008d70 1c0007b7 lui              x15, 0x1c000000     x15=1c000000
14177736ns          234577 1c008d74 013005b3 add              x11, x0, x19        x11=00000064 x19:00000064
14177756ns          234578 1c008d76 0bc78513 addi             x10, x15, 188       x10=1c0000bc x15:1c000000
14177776ns          234579 1c008d7a 00c12e23 sw               x12, 28(x2)         x12:1c000054  x2:10000618  PA:10000634
14177796ns          234580 1c008d7c dc5ff0ef jal              x1, -572             x1=1c008d7e
14177875ns          234584 1c008b40 00054703 lbu              x14, 0(x10)         x14=00000068 x10:1c0000bc  PA:1c0000bc
14178174ns          234599 1c008b44 0ff5f593 andi             x11, x11, 255       x11=00000064 x11:00000064
14178193ns          234600 1c008b48 00a007b3 add              x15, x0, x10        x15=1c0000bc x10:1c0000bc
14178213ns          234601 1c008b4a 00b70863 beq              x14, x11, 16        x14:00000068 x11:00000064
14178233ns          234602 1c008b4e 00070863 beq              x14, x0, 16         x14:00000068
14178253ns          234603 1c008b50 0017c703 lbu              x14, 1(x15)         x14=0000006c x15:1c0000bc  PA:1c0000bd
14178691ns          234625 1c008b54 00178793 addi             x15, x15, 1         x15=1c0000bd x15:1c0000bc
14178711ns          234626 1c008b56 feb71ce3 bne              x14, x11, -8        x14:0000006c x11:00000064
14178770ns          234629 1c008b4e 00070863 beq              x14, x0, 16         x14:0000006c
14178790ns          234630 1c008b50 0017c703 lbu              x14, 1(x15)         x14=0000004c x15:1c0000bd  PA:1c0000be
14179088ns          234645 1c008b54 00178793 addi             x15, x15, 1         x15=1c0000be x15:1c0000bd
14179108ns          234646 1c008b56 feb71ce3 bne              x14, x11, -8        x14:0000004c x11:00000064
14179168ns          234649 1c008b4e 00070863 beq              x14, x0, 16         x14:0000004c
14179188ns          234650 1c008b50 0017c703 lbu              x14, 1(x15)         x14=0000007a x15:1c0000be  PA:1c0000bf
14179486ns          234665 1c008b54 00178793 addi             x15, x15, 1         x15=1c0000bf x15:1c0000be
14179506ns          234666 1c008b56 feb71ce3 bne              x14, x11, -8        x14:0000007a x11:00000064
14179566ns          234669 1c008b4e 00070863 beq              x14, x0, 16         x14:0000007a
14179586ns          234670 1c008b50 0017c703 lbu              x14, 1(x15)         x14=00000000 x15:1c0000bf  PA:1c0000c0
14179884ns          234685 1c008b54 00178793 addi             x15, x15, 1         x15=1c0000c0 x15:1c0000bf
14179904ns          234686 1c008b56 feb71ce3 bne              x14, x11, -8        x14:00000000 x11:00000064
14179963ns          234689 1c008b4e 00070863 beq              x14, x0, 16         x14:00000000
14180023ns          234692 1c008b5e 00000513 addi             x10, x0, 0          x10=00000000
14180043ns          234693 1c008b60 fe058de3 beq              x11, x0, -6         x11:00000064
14180063ns          234694 1c008b62 00008067 jalr             x0, x1, 0            x1:1c008d7e
14180103ns          234696 1c008d7e 01c12603 lw               x12, 28(x2)         x12=1c000054  x2:10000618  PA:10000634
14180142ns          234698 1c008d80 00c00a33 add              x20, x0, x12        x20=1c000054 x12:1c000054
14180162ns          234699 1c008d82 00050563 beq              x10, x0, 10         x10:00000000
14180282ns          234705 1c008d8c 06900793 addi             x15, x0, 105        x15=00000069
14180302ns          234706 1c008d90 1cf98be3 beq              x19, x15, 2518      x19:00000064 x15:00000069
14180321ns          234707 1c008d94 4b37ce63 blt              x15, x19, 1212      x15:00000069 x19:00000064
14180341ns          234708 1c008d98 05800793 addi             x15, x0, 88         x15=00000058
14180361ns          234709 1c008d9c 4cf98863 beq              x19, x15, 1232      x19:00000064 x15:00000058
14180739ns          234728 1c008da0 3f37cd63 blt              x15, x19, 1018      x15:00000058 x19:00000064
14180878ns          234735 1c00919a 06400793 addi             x15, x0, 100        x15=00000064
14180938ns          234738 1c00919e 5cf98463 beq              x19, x15, 1480      x19:00000064 x15:00000064
14181037ns          234743 1c009766 01812b83 lw               x23, 24(x2)         x23=1000077c  x2:10000618  PA:10000630
14181077ns          234745 1c009768 004ba60b p.lw             x12, 4(x23!)        x12=00000000 x23=10000780 x23:1000077c  PA:1000077c
14181117ns          234747 1c00976c 48064963 blt              x12, x0, 1170       x12:00000000
14181157ns          234749 1c009770 01412783 lw               x15, 20(x2)         x15=00000000  x2:10000618  PA:1000062c
14181177ns          234750 1c009772 00c00733 add              x14, x0, x12        x14=00000000 x12:00000000
14181197ns          234751 1c009774 56078863 beq              x15, x0, 1392       x15:00000000
14181296ns          234756 1c009ce4 01012783 lw               x15, 16(x2)         x15=00000000  x2:10000618  PA:10000628
14181316ns          234757 1c009ce6 01b00533 add              x10, x0, x27        x10=1000064c x27:1000064c
14181336ns          234758 1c009ce8 a8078ee3 beq              x15, x0, -1380      x15:00000000
14181773ns          234780 1c009784 00a007b3 add              x15, x0, x10        x15=1000064c x10:1000064c
14181793ns          234781 1c009786 00a00593 addi             x11, x0, 10         x11=0000000a
14181813ns          234782 1c009788 00900313 addi             x6, x0, 9            x6=00000009
14181833ns          234783 1c00978a 02b776b3 remu             x13, x14, x11       x13=00000000 x14:00000000 x11:0000000a
14182449ns          234814 1c00978e 00e00833 add              x16, x0, x14        x16=00000000 x14:00000000
14182469ns          234815 1c009790 00f008b3 add              x17, x0, x15        x17=1000064c x15:1000064c
14182489ns          234816 1c009792 03068693 addi             x13, x13, 48        x13=00000030 x13:00000000
14182509ns          234817 1c009796 00d780ab p.sb             x13, 1(x15!)        x15=1000064d x13:00000030 x15:1000064c  PA:1000064c
14182529ns          234818 1c00979a 02b75733 divu             x14, x14, x11       x14=00000000 x14:00000000 x11:0000000a
14183165ns          234850 1c00979e ff0366e3 bltu             x6, x16, -20         x6:00000009 x16:00000000
14183185ns          234851 1c0097a2 40a78733 sub              x14, x15, x10       x14=00000001 x15:1000064d x10:1000064c
14183205ns          234852 1c0097a6 01675c63 bge              x14, x22, 24        x14:00000001 x22:ffffffff
14184140ns          234899 1c0097be 00078023 sb               x0, 0(x15)          x15:1000064d  PA:1000064d
14184180ns          234901 1c0097c2 0b157563 bgeu             x10, x17, 170       x10:1000064c x17:1000064c
14184279ns          234906 1c00986c 01412703 lw               x14, 20(x2)         x14=00000000  x2:10000618  PA:1000062c
14184299ns          234907 1c00986e 01012683 lw               x13, 16(x2)         x13=00000000  x2:10000618  PA:10000628
14184816ns          234933 1c009870 41b787b3 sub              x15, x15, x27       x15=00000001 x15:1000064d x27:1000064c
14184856ns          234935 1c009874 00d76733 or               x14, x14, x13       x14=00000000 x14:00000000 x13:00000000
14184876ns          234936 1c009876 02e12623 sw               x14, 44(x2)         x14:00000000  x2:10000618  PA:10000644
14184916ns          234938 1c009878 b0071be3 bne              x14, x0, -1258      x14:00000000
14184935ns          234939 1c00987c 01f65713 srli             x14, x12, 0x1f      x14=00000000 x12:00000000
14185393ns          234962 1c009880 02e12623 sw               x14, 44(x2)         x14:00000000  x2:10000618  PA:10000644
14185413ns          234963 1c009882 b0dff06f jal              x0, -1268          
14185592ns          234972 1c00938e ebfb2be3 p.beqimm         x22, -330           x22:ffffffff
14186009ns          234993 1c009244 0c800713 addi             x14, x0, 200        x14=000000c8
14186049ns          234995 1c009248 14f75b63 bge              x14, x15, 342       x14:000000c8 x15:00000001
14186228ns          235004 1c00939e 00178613 addi             x12, x15, 1         x12=00000002 x15:00000001
14186268ns          235006 1c0093a2 0557c863 blt              x15, x21, 80        x15:00000001 x21:00000000
14186288ns          235007 1c0093a6 01712c23 sw               x23, 24(x2)         x23:10000780  x2:10000618  PA:10000630
14186308ns          235008 1c0093a8 00f00ab3 add              x21, x0, x15        x21=00000001 x15:00000001
14186328ns          235009 1c0093aa 8e0a8fe3 beq              x21, x0, -1794      x21:00000001
14186348ns          235010 1c0093ae 01b00933 add              x18, x0, x27        x18=1000064c x27:1000064c
14186367ns          235011 1c0093b0 41b409b3 sub              x19, x8, x27        x19=effff9c2  x8:0000000e x27:1000064c
14186407ns          235013 1c0093b4 01ba8ab3 add              x21, x21, x27       x21=1000064d x21:00000001 x27:1000064c
14186427ns          235014 1c0093b6 00a0006f jal              x0, 10             
14186507ns          235018 1c0093c0 0019450b p.lbu            x10, 1(x18!)        x10=00000030 x18=1000064d x18:1000064c  PA:1000064c
14186546ns          235020 1c0093c4 009005b3 add              x11, x0, x9         x11=00000002  x9:00000002
14186566ns          235021 1c0093c6 000c80e7 jalr             x1, x25, 0           x1=1c0093c8 x25:1c008bb6
14186646ns          235025 1c008bb6 000026b7 lui              x13, 0x2000         x13=00002000
14186686ns          235027 1c008bb8 f8068693 addi             x13, x13, -128      x13=00001f80 x13:00002000
14186706ns          235028 1c008bbc f14027f3 csrrs            x15, x0, 0xf14      x15=00000000
14187083ns          235047 1c008bc0 00379713 slli             x14, x15, 0x3       x14=00000000 x15:00000000
14187123ns          235049 1c008bc4 00279793 slli             x15, x15, 0x2       x15=00000000 x15:00000000
14187143ns          235050 1c008bc6 00d7f7b3 and              x15, x15, x13       x15=00000000 x15:00000000 x13:00001f80
14187163ns          235051 1c008bc8 ee873733 p.bclr           x14, x14, 23, 8     x14=00000000 x14:00000000
14187183ns          235052 1c008bcc 1a10f6b7 lui              x13, 0x1a10f000     x13=1a10f000
14187203ns          235053 1c008bd0 00d70733 add              x14, x14, x13       x14=1a10f000 x14:00000000 x13:1a10f000
14187223ns          235054 1c008bd2 00e787b3 add              x15, x15, x14       x15=1a10f000 x15:00000000 x14:1a10f000
14187242ns          235055 1c008bd4 0ff57513 andi             x10, x10, 255       x10=00000030 x10:00000030
14187262ns          235056 1c008bd8 00a7a023 sw               x10, 0(x15)         x10:00000030 x15:1a10f000  PA:1a10f000
14187998ns          235093 1c008bda 00000513 addi             x10, x0, 0          x10=00000000
14188018ns          235094 1c008bdc 00008067 jalr             x0, x1, 0            x1:1c0093c8
14188058ns          235096 1c0093c8 fff538e3 p.bneimm         x10, -16            x10:00000000
14188177ns          235102 1c0093b8 01298433 add              x8, x19, x18         x8=0000000f x19:effff9c2 x18:1000064d
14188197ns          235103 1c0093bc 8f2a86e3 beq              x21, x18, -1812     x21:1000064d x18:1000064d
14188257ns          235106 1c008ca8 001a450b p.lbu            x10, 1(x20!)        x10=0000000a x20=1c000055 x20:1c000054  PA:1c000054
14188615ns          235124 1c008cac fe0515e3 bne              x10, x0, -22        x10:0000000a
14188754ns          235131 1c008c96 02500793 addi             x15, x0, 37         x15=00000025
14188774ns          235132 1c008c9a 04f50763 beq              x10, x15, 78        x10:0000000a x15:00000025
14188794ns          235133 1c008c9e 009005b3 add              x11, x0, x9         x11=00000002  x9:00000002
14188814ns          235134 1c008ca0 000c80e7 jalr             x1, x25, 0           x1=1c008ca2 x25:1c008bb6
14188853ns          235136 1c008bb6 000026b7 lui              x13, 0x2000         x13=00002000
14188873ns          235137 1c008bb8 f8068693 addi             x13, x13, -128      x13=00001f80 x13:00002000
14188893ns          235138 1c008bbc f14027f3 csrrs            x15, x0, 0xf14      x15=00000000
14188913ns          235139 1c008bc0 00379713 slli             x14, x15, 0x3       x14=00000000 x15:00000000
14188933ns          235140 1c008bc4 00279793 slli             x15, x15, 0x2       x15=00000000 x15:00000000
14188953ns          235141 1c008bc6 00d7f7b3 and              x15, x15, x13       x15=00000000 x15:00000000 x13:00001f80
14188973ns          235142 1c008bc8 ee873733 p.bclr           x14, x14, 23, 8     x14=00000000 x14:00000000
14188993ns          235143 1c008bcc 1a10f6b7 lui              x13, 0x1a10f000     x13=1a10f000
14189013ns          235144 1c008bd0 00d70733 add              x14, x14, x13       x14=1a10f000 x14:00000000 x13:1a10f000
14189032ns          235145 1c008bd2 00e787b3 add              x15, x15, x14       x15=1a10f000 x15:00000000 x14:1a10f000
14189052ns          235146 1c008bd4 0ff57513 andi             x10, x10, 255       x10=0000000a x10:0000000a
14189072ns          235147 1c008bd8 00a7a023 sw               x10, 0(x15)         x10:0000000a x15:1a10f000  PA:1a10f000
14189748ns          235181 1c008bda 00000513 addi             x10, x0, 0          x10=00000000
14189768ns          235182 1c008bdc 00008067 jalr             x0, x1, 0            x1:1c008ca2
14189828ns          235185 1c008ca2 4df52863 p.beqimm         x10, 1232           x10:00000000
14189848ns          235186 1c008ca6 00140413 addi             x8, x8, 1            x8=00000010  x8:0000000f
14189868ns          235187 1c008ca8 001a450b p.lbu            x10, 1(x20!)        x10=00000000 x20=1c000056 x20:1c000055  PA:1c000055
14190206ns          235204 1c008cac fe0515e3 bne              x10, x0, -22        x10:00000000
14190226ns          235205 1c008cae 13c12083 lw               x1, 316(x2)          x1=1c008c22  x2:10000618  PA:10000754
14190246ns          235206 1c008cb2 00800533 add              x10, x0, x8         x10=00000010  x8:00000010
14190265ns          235207 1c008cb4 13812403 lw               x8, 312(x2)          x8=00000007  x2:10000618  PA:10000750
14190285ns          235208 1c008cb8 13412483 lw               x9, 308(x2)          x9=00000000  x2:10000618  PA:1000074c
14190305ns          235209 1c008cbc 13012903 lw               x18, 304(x2)        x18=00000000  x2:10000618  PA:10000748
14190345ns          235211 1c008cc0 12c12983 lw               x19, 300(x2)        x19=1c000dd0  x2:10000618  PA:10000744
14190385ns          235213 1c008cc4 12812a03 lw               x20, 296(x2)        x20=10201000  x2:10000618  PA:10000740
14190405ns          235214 1c008cc8 12412a83 lw               x21, 292(x2)        x21=1c000900  x2:10000618  PA:1000073c
14190425ns          235215 1c008ccc 12012b03 lw               x22, 288(x2)        x22=1c0008fc  x2:10000618  PA:10000738
14190484ns          235218 1c008cd0 11c12b83 lw               x23, 284(x2)        x23=000000cb  x2:10000618  PA:10000734
14190524ns          235220 1c008cd4 11812c03 lw               x24, 280(x2)        x24=00000ef9  x2:10000618  PA:10000730
14190544ns          235221 1c008cd8 11412c83 lw               x25, 276(x2)        x25=1c0008f8  x2:10000618  PA:1000072c
14190564ns          235222 1c008cdc 11012d03 lw               x26, 272(x2)        x26=0c440000  x2:10000618  PA:10000728
14190584ns          235223 1c008ce0 10c12d83 lw               x27, 268(x2)        x27=0e590eac  x2:10000618  PA:10000724
14190643ns          235226 1c008ce4 14010113 addi             x2, x2, 320          x2=10000758  x2:10000618
14190663ns          235227 1c008ce6 00008067 jalr             x0, x1, 0            x1:1c008c22
14190783ns          235233 1c008c22 01c12083 lw               x1, 28(x2)           x1=1c008524  x2:10000758  PA:10000774
14190822ns          235235 1c008c24 04010113 addi             x2, x2, 64           x2=10000798  x2:10000758
14190842ns          235236 1c008c26 00008067 jalr             x0, x1, 0            x1:1c008524
14190922ns          235240 1c008524 0009a703 lw               x14, 0(x19)         x14=10004100 x19:1c000dd0  PA:1c000dd0
14191499ns          235269 1c008528 00412683 lw               x13, 4(x2)          x13=00000000  x2:10000798  PA:1000079c
14191518ns          235270 1c00852a 040a0793 addi             x15, x20, 64        x15=10201040 x20:10201000
14191538ns          235271 1c00852e 00d70733 add              x14, x14, x13       x14=10004100 x14:10004100 x13:00000000
14191558ns          235272 1c008530 00e7a023 sw               x14, 0(x15)         x14:10004100 x15:10201040  PA:10201040
14191658ns          235277 1c008534 00200713 addi             x14, x0, 2          x14=00000002
14191678ns          235278 1c008536 00e7a223 sw               x14, 4(x15)         x14:00000002 x15:10201040  PA:10201044
14191797ns          235284 1c00853a 00e7a423 sw               x14, 8(x15)         x14:00000002 x15:10201040  PA:10201048
14191996ns          235294 1c00853e 10000713 addi             x14, x0, 256        x14=00000100
14192035ns          235296 1c008542 00e7a623 sw               x14, 12(x15)        x14:00000100 x15:10201040  PA:1020104c
14192175ns          235303 1c008546 000a2023 sw               x0, 0(x20)          x20:10201000  PA:10201000
14192274ns          235308 1c00854a 00001737 lui              x14, 0x1000         x14=00001000
14192294ns          235309 1c00854c 002047b7 lui              x15, 0x204000       x15=00204000
14192453ns          235317 1c008550 00e7a423 sw               x14, 8(x15)         x14:00001000 x15:00204000  PA:00204008
14192493ns          235319 1c008552 03c7e683 p.elw            x13, 60(x15)        x13=00001000 x15:00204000  PA:0020403c
14193229ns          235356 1c008556 00e7a223 sw               x14, 4(x15)         x14:00001000 x15:00204000  PA:00204004
14193249ns          235357 1c008558 00ca0793 addi             x15, x20, 12        x15=1020100c x20:10201000
14193269ns          235358 1c00855c 0007aa03 lw               x20, 0(x15)         x20=00000000 x15:1020100c  PA:1020100c
14193368ns          235363 1c008560 fe0a1ee3 bne              x20, x0, -4         x20:00000000
14193388ns          235364 1c008564 429010ef jal              x1, 7208             x1=1c008568
14193766ns          235383 1c00a18c f14027f3 csrrs            x15, x0, 0xf14      x15=00000000
14193845ns          235387 1c00a190 01f00713 addi             x14, x0, 31         x14=0000001f
14193885ns          235389 1c00a192 ca5797b3 p.extractu       x15, x15, 5, 5      x15=00000000 x15:00000000
14193905ns          235390 1c00a196 00e78863 beq              x15, x14, 16        x15:00000000 x14:0000001f
14193925ns          235391 1c00a19a 002047b7 lui              x15, 0x204000       x15=00204000
14194402ns          235415 1c00a19e 20078793 addi             x15, x15, 512       x15=00204200 x15:00204000
14194442ns          235417 1c00a1a2 01c7e703 p.elw            x14, 28(x15)        x14=00010000 x15:00204200  PA:0020421c
14194561ns          235423 1c00a1a6 00008067 jalr             x0, x1, 0            x1:1c008568
14194601ns          235425 1c008568 002007b7 lui              x15, 0x200000       x15=00200000
14194621ns          235426 1c00856c 0187a703 lw               x14, 24(x15)        x14=00000908 x15:00200000  PA:00200018
14194780ns          235434 1c00856e 00412603 lw               x12, 4(x2)          x12=00000000  x2:10000798  PA:1000079c
14194800ns          235435 1c008570 01c12883 lw               x17, 28(x2)         x17=0000001c  x2:10000798  PA:100007b4
14194820ns          235436 1c008572 c0b73733 p.bclr           x14, x14, 0, 11     x14=00000108 x14:00000908
14194840ns          235437 1c008576 00e7ac23 sw               x14, 24(x15)        x14:00000108 x15:00200000  PA:00200018
14194939ns          235442 1c008578 0187a683 lw               x13, 24(x15)        x13=00000108 x15:00200000  PA:00200018
14195098ns          235450 1c00857a 1c001737 lui              x14, 0x1c001000     x14=1c001000
14195118ns          235451 1c00857e 01748493 addi             x9, x9, 23           x9=00000017  x9:00000000
14195377ns          235464 1c008580 c086b6b3 p.bclr           x13, x13, 0, 8      x13=00000008 x13:00000108
14195416ns          235466 1c008584 00d7ac23 sw               x13, 24(x15)        x13:00000008 x15:00200000  PA:00200018
14195496ns          235470 1c008586 0009a683 lw               x13, 0(x19)         x13=10004100 x19:1c000dd0  PA:1c000dd0
14195894ns          235490 1c00858a 000017b7 lui              x15, 0x1000         x15=00001000
14195914ns          235491 1c00858c b5070713 addi             x14, x14, -1200     x14=1c000b50 x14:1c001000
14195934ns          235492 1c008590 00c686b3 add              x13, x13, x12       x13=10004100 x13:10004100 x12:00000000
14195953ns          235493 1c008592 01812603 lw               x12, 24(x2)         x12=0000000e  x2:10000798  PA:100007b0
14195993ns          235495 1c008594 fff78793 addi             x15, x15, -1        x15=00000fff x15:00001000
14196013ns          235496 1c008596 ff940593 addi             x11, x8, -7         x11=00000000  x8:00000007
14196033ns          235497 1c00859a 00259813 slli             x16, x11, 0x2       x16=00000000 x11:00000000
14196431ns          235517 1c00859e 0006ae03 lw               x28, 0(x13)         x28=xfa3xc6d x13:10004100  PA:10004100
14196471ns          235519 1c0085a2 ffa40513 addi             x10, x8, -6         x10=00000001  x8:00000007
14196490ns          235520 1c0085a6 00e80833 add              x16, x16, x14       x16=1c000b50 x16:00000000 x14:1c000b50
14196510ns          235521 1c0085a8 00251e93 slli             x29, x10, 0x2       x29=00000004 x10:00000001
14196530ns          235522 1c0085ac 00085383 lhu              x7, 0(x16)           x7=00000c6d x16:1c000b50  PA:1c000b50
14197127ns          235552 1c0085b0 0046af03 lw               x30, 4(x13)         x30=xc8dxe97 x13:10004100  PA:10004104
14197147ns          235553 1c0085b4 ffb40593 addi             x11, x8, -5         x11=00000002  x8:00000007
14197167ns          235554 1c0085b8 00285303 lhu              x6, 2(x16)           x6=00000fa3 x16:1c000b50  PA:1c000b52
14197465ns          235569 1c0085bc 01d70833 add              x16, x14, x29       x16=1c000b54 x14:1c000b50 x29:00000004
14197525ns          235572 1c0085c0 010e5f93 srli             x31, x28, 0x10      x31=0000xfa3 x28:xfa3xc6d
14197564ns          235574 1c0085c4 00259993 slli             x19, x11, 0x2       x19=00000008 x11:00000002
14197584ns          235575 1c0085c8 00085283 lhu              x5, 0(x16)           x5=00000e97 x16:1c000b54  PA:1c000b54
14198141ns          235603 1c0085cc 00fe7e33 and              x28, x28, x15       x28=00000c6d x28:xfa3xc6d x15:00000fff
14198161ns          235604 1c0085d0 0086a083 lw               x1, 8(x13)           x1=xffbx0de x13:10004100  PA:10004108
14198181ns          235605 1c0085d4 ffc40513 addi             x10, x8, -4         x10=00000003  x8:00000007
14198201ns          235606 1c0085d8 013005b3 add              x11, x0, x19        x11=00000008 x19:00000008
14198221ns          235607 1c0085da 00285e83 lhu              x29, 2(x16)         x29=00000c8d x16:1c000b54  PA:1c000b56
14198718ns          235632 1c0085de 41c383b3 sub              x7, x7, x28          x7=00000000  x7:00000c6d x28:00000c6d
14198738ns          235633 1c0085e2 00fff833 and              x16, x31, x15       x16=00000fa3 x31:0000xfa3 x15:00000fff
14198758ns          235634 1c0085e6 01370e33 add              x28, x14, x19       x28=1c000b58 x14:1c000b50 x19:00000008
14198778ns          235635 1c0085ea 00251b13 slli             x22, x10, 0x2       x22=0000000c x10:00000003
14199096ns          235651 1c0085ee 010f5a93 srli             x21, x30, 0x10      x21=0000xc8d x30:xc8dxe97
14199136ns          235653 1c0085f2 00ff79b3 and              x19, x30, x15       x19=00000e97 x30:xc8dxe97 x15:00000fff
14199155ns          235654 1c0085f6 007033b3 sltu             x7, x0, x7           x7=00000000  x7:00000000
14199175ns          235655 1c0085fa 41030333 sub              x6, x6, x16          x6=00000000  x6:00000fa3 x16:00000fa3
14199633ns          235678 1c0085fe 000e5e03 lhu              x28, 0(x28)         x28=000000de x28:1c000b58  PA:1c000b58
14199971ns          235695 1c008602 00b70833 add              x16, x14, x11       x16=1c000b58 x14:1c000b50 x11:00000008
14199991ns          235696 1c008606 00c6af03 lw               x30, 12(x13)        x30=x0a3x0a0 x13:10004100  PA:1000410c
14200011ns          235697 1c00860a ffd40593 addi             x11, x8, -3         x11=00000004  x8:00000007
14200448ns          235719 1c00860e 00285f83 lhu              x31, 2(x16)         x31=00000ffb x16:1c000b58  PA:1c000b5a
14201045ns          235749 1c008612 007a0a33 add              x20, x20, x7        x20=00000000 x20:00000000  x7:00000000
14201065ns          235750 1c008614 00faf833 and              x16, x21, x15       x16=00000c8d x21:0000xc8d x15:00000fff
14201085ns          235751 1c008618 00603333 sltu             x6, x0, x6           x6=00000000  x6:00000000
14201104ns          235752 1c00861c 413282b3 sub              x5, x5, x19          x5=00000000  x5:00000e97 x19:00000e97
14201124ns          235753 1c008620 016703b3 add              x7, x14, x22         x7=1c000b5c x14:1c000b50 x22:0000000c
14201144ns          235754 1c008624 410e8eb3 sub              x29, x29, x16       x29=00000000 x29:00000c8d x16:00000c8d
14201164ns          235755 1c008628 0100da93 srli             x21, x1, 0x10       x21=0000xffb  x1:xffbx0de
14201184ns          235756 1c00862c 00f0f9b3 and              x19, x1, x15        x19=000000de  x1:xffbx0de x15:00000fff
14201582ns          235776 1c008630 01670833 add              x16, x14, x22       x16=1c000b5c x14:1c000b50 x22:0000000c
14201622ns          235778 1c008634 006a0a33 add              x20, x20, x6        x20=00000000 x20:00000000  x6:00000000
14201641ns          235779 1c008636 00259b13 slli             x22, x11, 0x2       x22=00000010 x11:00000004
14201661ns          235780 1c00863a 005032b3 sltu             x5, x0, x5           x5=00000000  x5:00000000
14202079ns          235801 1c00863e 0003d383 lhu              x7, 0(x7)            x7=000000a0  x7:1c000b5c  PA:1c000b5c
14202556ns          235825 1c008642 0106a083 lw               x1, 16(x13)          x1=xf6ax1cf x13:10004100  PA:10004110
14202576ns          235826 1c008646 00285303 lhu              x6, 2(x16)           x6=000000a3 x16:1c000b5c  PA:1c000b5e
14203034ns          235849 1c00864a ffe40513 addi             x10, x8, -2         x10=00000005  x8:00000007
14203053ns          235850 1c00864e 01d03833 sltu             x16, x0, x29        x16=00000000 x29:00000000
14203073ns          235851 1c008652 005a0a33 add              x20, x20, x5        x20=00000000 x20:00000000  x5:00000000
14203093ns          235852 1c008654 00fafeb3 and              x29, x21, x15       x29=00000ffb x21:0000xffb x15:00000fff
14203113ns          235853 1c008658 413e0e33 sub              x28, x28, x19       x28=00000000 x28:000000de x19:000000de
14203133ns          235854 1c00865c 016702b3 add              x5, x14, x22         x5=1c000b60 x14:1c000b50 x22:00000010
14203451ns          235870 1c008660 010f5a93 srli             x21, x30, 0x10      x21=0000x0a3 x30:x0a3x0a0
14203491ns          235872 1c008664 00ff79b3 and              x19, x30, x15       x19=000000a0 x30:x0a3x0a0 x15:00000fff
14203511ns          235873 1c008668 010a0a33 add              x20, x20, x16       x20=00000000 x20:00000000 x16:00000000
14203531ns          235874 1c00866a 01c03e33 sltu             x28, x0, x28        x28=00000000 x28:00000000
14203948ns          235895 1c00866e 01670833 add              x16, x14, x22       x16=1c000b60 x14:1c000b50 x22:00000010
14203988ns          235897 1c008672 41df8fb3 sub              x31, x31, x29       x31=00000000 x31:00000ffb x29:00000ffb
14204008ns          235898 1c008676 00251b13 slli             x22, x10, 0x2       x22=00000014 x10:00000005
14204028ns          235899 1c00867a 0002d283 lhu              x5, 0(x5)            x5=000001cf  x5:1c000b60  PA:1c000b60
14204485ns          235922 1c00867e 0146af03 lw               x30, 20(x13)        x30=x214x0d5 x13:10004100  PA:10004114
14204525ns          235924 1c008682 fff40593 addi             x11, x8, -1         x11=00000006  x8:00000007
14204545ns          235925 1c008686 00285e83 lhu              x29, 2(x16)         x29=00000f6a x16:1c000b60  PA:1c000b62
14204963ns          235946 1c00868a 01ca0a33 add              x20, x20, x28       x20=00000000 x20:00000000 x28:00000000
14204983ns          235947 1c00868c 01f03fb3 sltu             x31, x0, x31        x31=00000000 x31:00000000
14205042ns          235950 1c008690 00faf833 and              x16, x21, x15       x16=000000a3 x21:0000x0a3 x15:00000fff
14205082ns          235952 1c008694 413383b3 sub              x7, x7, x19          x7=00000000  x7:000000a0 x19:000000a0
14205102ns          235953 1c008698 01670e33 add              x28, x14, x22       x28=1c000b64 x14:1c000b50 x22:00000014
14205122ns          235954 1c00869c 41030833 sub              x16, x6, x16        x16=00000000  x6:000000a3 x16:000000a3
14205559ns          235976 1c0086a0 01fa0a33 add              x20, x20, x31       x20=00000000 x20:00000000 x31:00000000
14205599ns          235978 1c0086a2 007033b3 sltu             x7, x0, x7           x7=00000000  x7:00000000
14205619ns          235979 1c0086a6 0100d993 srli             x19, x1, 0x10       x19=0000xf6a  x1:xf6ax1cf
14205639ns          235980 1c0086aa 01670533 add              x10, x14, x22       x10=1c000b64 x14:1c000b50 x22:00000014
14206096ns          236003 1c0086ae 00f0f0b3 and              x1, x1, x15          x1=000001cf  x1:xf6ax1cf x15:00000fff
14206136ns          236005 1c0086b2 00259a93 slli             x21, x11, 0x2       x21=00000018 x11:00000006
14206156ns          236006 1c0086b6 000e5e03 lhu              x28, 0(x28)         x28=000000d5 x28:1c000b64  PA:1c000b64
14206753ns          236036 1c0086ba 0186af83 lw               x31, 24(x13)        x31=xfb3xe58 x13:10004100  PA:10004118
14206772ns          236037 1c0086be 00255303 lhu              x6, 2(x10)           x6=00000214 x10:1c000b64  PA:1c000b66
14207111ns          236054 1c0086c2 007a0a33 add              x20, x20, x7        x20=00000000 x20:00000000  x7:00000000
14207130ns          236055 1c0086c4 01003533 sltu             x10, x0, x16        x10=00000000 x16:00000000
14207150ns          236056 1c0086c8 00f9f3b3 and              x7, x19, x15         x7=00000f6a x19:0000xf6a x15:00000fff
14207170ns          236057 1c0086cc 401282b3 sub              x5, x5, x1           x5=00000000  x5:000001cf  x1:000001cf
14207190ns          236058 1c0086d0 01570833 add              x16, x14, x21       x16=1c000b68 x14:1c000b50 x21:00000018
14207230ns          236060 1c0086d4 00aa0a33 add              x20, x20, x10       x20=00000000 x20:00000000 x10:00000000
14207250ns          236061 1c0086d6 005032b3 sltu             x5, x0, x5           x5=00000000  x5:00000000
14207270ns          236062 1c0086da 407e8eb3 sub              x29, x29, x7        x29=00000000 x29:00000f6a  x7:00000f6a
14207707ns          236084 1c0086de 010f5093 srli             x1, x30, 0x10        x1=0000x214 x30:x214x0d5
14207747ns          236086 1c0086e2 00ff73b3 and              x7, x30, x15         x7=000000d5 x30:x214x0d5 x15:00000fff
14207767ns          236087 1c0086e6 015705b3 add              x11, x14, x21       x11=1c000b68 x14:1c000b50 x21:00000018
14207787ns          236088 1c0086ea 00085803 lhu              x16, 0(x16)         x16=00000e58 x16:1c000b68  PA:1c000b68
14208364ns          236117 1c0086ee 00160613 addi             x12, x12, 1         x12=0000000f x12:0000000e
14208383ns          236118 1c0086f0 01c6af03 lw               x30, 28(x13)        x30=x059x12a x13:10004100  PA:1000411c
14208403ns          236119 1c0086f4 0025d503 lhu              x10, 2(x11)         x10=00000fb3 x11:1c000b68  PA:1c000b6a
14208722ns          236135 1c0086f8 005a0a33 add              x20, x20, x5        x20=00000000 x20:00000000  x5:00000000
14208741ns          236136 1c0086fa 00e888b3 add              x17, x17, x14       x17=1c000b6c x17:0000001c x14:1c000b50
14208761ns          236137 1c0086fc 01d03eb3 sltu             x29, x0, x29        x29=00000000 x29:00000000
14208781ns          236138 1c008700 00f0f2b3 and              x5, x1, x15          x5=00000214  x1:0000x214 x15:00000fff
14208821ns          236140 1c008704 407e0e33 sub              x28, x28, x7        x28=00000000 x28:000000d5  x7:000000d5
14208841ns          236141 1c008708 00161613 slli             x12, x12, 0x1       x12=0000001e x12:0000000f
14208861ns          236142 1c00870a 0008d583 lhu              x11, 0(x17)         x11=0000012a x17:1c000b6c  PA:1c000b6c
14209418ns          236170 1c00870e 01da0a33 add              x20, x20, x29       x20=00000000 x20:00000000 x29:00000000
14209437ns          236171 1c008710 405308b3 sub              x17, x6, x5         x17=00000000  x6:00000214  x5:00000214
14209457ns          236172 1c008714 01c03e33 sltu             x28, x0, x28        x28=00000000 x28:00000000
14209477ns          236173 1c008718 010fd313 srli             x6, x31, 0x10        x6=0000xfb3 x31:xfb3xe58
14209497ns          236174 1c00871c 00e60633 add              x12, x12, x14       x12=1c000b6e x12:0000001e x14:1c000b50
14209835ns          236191 1c00871e 00ffffb3 and              x31, x31, x15       x31=00000e58 x31:xfb3xe58 x15:00000fff
14209875ns          236193 1c008722 011038b3 sltu             x17, x0, x17        x17=00000000 x17:00000000
14209895ns          236194 1c008726 00065603 lhu              x12, 0(x12)         x12=00000059 x12:1c000b6e  PA:1c000b6e
14210472ns          236223 1c00872a 01ca0a33 add              x20, x20, x28       x20=00000000 x20:00000000 x28:00000000
14210492ns          236224 1c00872c 00f37333 and              x6, x6, x15          x6=00000fb3  x6:0000xfb3 x15:00000fff
14210511ns          236225 1c008730 41f80833 sub              x16, x16, x31       x16=00000000 x16:00000e58 x31:00000e58
14210531ns          236226 1c008734 011a0a33 add              x20, x20, x17       x20=00000000 x20:00000000 x17:00000000
14210551ns          236227 1c008736 01003833 sltu             x16, x0, x16        x16=00000000 x16:00000000
14210571ns          236228 1c00873a 010f5893 srli             x17, x30, 0x10      x17=0000x059 x30:x059x12a
14210889ns          236244 1c00873e 40650533 sub              x10, x10, x6        x10=00000000 x10:00000fb3  x6:00000fb3
14210929ns          236246 1c008742 00ff7f33 and              x30, x30, x15       x30=0000012a x30:x059x12a x15:00000fff
14210949ns          236247 1c008746 010a0a33 add              x20, x20, x16       x20=00000000 x20:00000000 x16:00000000
14210969ns          236248 1c008748 00a03533 sltu             x10, x0, x10        x10=00000000 x10:00000000
14210989ns          236249 1c00874c 00f8f833 and              x16, x17, x15       x16=00000059 x17:0000x059 x15:00000fff
14211426ns          236271 1c008750 41e585b3 sub              x11, x11, x30       x11=00000000 x11:0000012a x30:0000012a
14211466ns          236273 1c008754 00aa0a33 add              x20, x20, x10       x20=00000000 x20:00000000 x10:00000000
14211486ns          236274 1c008756 00b035b3 sltu             x11, x0, x11        x11=00000000 x11:00000000
14211506ns          236275 1c00875a 41060633 sub              x12, x12, x16       x12=00000000 x12:00000059 x16:00000059
14211526ns          236276 1c00875e 00ba0a33 add              x20, x20, x11       x20=00000000 x20:00000000 x11:00000000
14211923ns          236296 1c008760 00c03633 sltu             x12, x0, x12        x12=00000000 x12:00000000
14211963ns          236298 1c008764 00840413 addi             x8, x8, 8            x8=0000000f  x8:00000007
14211983ns          236299 1c008766 00ca0a33 add              x20, x20, x12       x20=00000000 x20:00000000 x12:00000000
14212003ns          236300 1c008768 10068693 addi             x13, x13, 256       x13=10004200 x13:10004100
14212023ns          236301 1c00876c 04940563 beq              x8, x9, 74           x8:0000000f  x9:00000017
14212421ns          236321 1c008770 00141613 slli             x12, x8, 0x1        x12=0000001e  x8:0000000f
14212460ns          236323 1c008774 00241893 slli             x17, x8, 0x2        x17=0000003c  x8:0000000f
14212480ns          236324 1c008778 e1fff06f jal              x0, -482           
14212540ns          236327 1c008596 ff940593 addi             x11, x8, -7         x11=00000008  x8:0000000f
14212560ns          236328 1c00859a 00259813 slli             x16, x11, 0x2       x16=00000020 x11:00000008
14212620ns          236331 1c00859e 0006ae03 lw               x28, 0(x13)         x28=xea9xe09 x13:10004200  PA:10004200
14212659ns          236333 1c0085a2 ffa40513 addi             x10, x8, -6         x10=00000009  x8:0000000f
14212679ns          236334 1c0085a6 00e80833 add              x16, x16, x14       x16=1c000b70 x16:00000020 x14:1c000b50
14212699ns          236335 1c0085a8 00251e93 slli             x29, x10, 0x2       x29=00000024 x10:00000009
14212719ns          236336 1c0085ac 00085383 lhu              x7, 0(x16)           x7=00000e09 x16:1c000b70  PA:1c000b70
14213037ns          236352 1c0085b0 0046af03 lw               x30, 4(x13)         x30=xe4bx067 x13:10004200  PA:10004204
14213057ns          236353 1c0085b4 ffb40593 addi             x11, x8, -5         x11=0000000a  x8:0000000f
14213077ns          236354 1c0085b8 00285303 lhu              x6, 2(x16)           x6=00000ea9 x16:1c000b70  PA:1c000b72
14213375ns          236369 1c0085bc 01d70833 add              x16, x14, x29       x16=1c000b74 x14:1c000b50 x29:00000024
14213395ns          236370 1c0085c0 010e5f93 srli             x31, x28, 0x10      x31=0000xea9 x28:xea9xe09
14213415ns          236371 1c0085c4 00259993 slli             x19, x11, 0x2       x19=00000028 x11:0000000a
14213435ns          236372 1c0085c8 00085283 lhu              x5, 0(x16)           x5=00000067 x16:1c000b74  PA:1c000b74
14213733ns          236387 1c0085cc 00fe7e33 and              x28, x28, x15       x28=00000e09 x28:xea9xe09 x15:00000fff
14213753ns          236388 1c0085d0 0086a083 lw               x1, 8(x13)           x1=x0a8xf22 x13:10004200  PA:10004208
14213773ns          236389 1c0085d4 ffc40513 addi             x10, x8, -4         x10=0000000b  x8:0000000f
14213793ns          236390 1c0085d8 013005b3 add              x11, x0, x19        x11=00000028 x19:00000028
14213813ns          236391 1c0085da 00285e83 lhu              x29, 2(x16)         x29=00000e4b x16:1c000b74  PA:1c000b76
14214151ns          236408 1c0085de 41c383b3 sub              x7, x7, x28          x7=00000000  x7:00000e09 x28:00000e09
14214171ns          236409 1c0085e2 00fff833 and              x16, x31, x15       x16=00000ea9 x31:0000xea9 x15:00000fff
14214191ns          236410 1c0085e6 01370e33 add              x28, x14, x19       x28=1c000b78 x14:1c000b50 x19:00000028
14214211ns          236411 1c0085ea 00251b13 slli             x22, x10, 0x2       x22=0000002c x10:0000000b
14214230ns          236412 1c0085ee 010f5a93 srli             x21, x30, 0x10      x21=0000xe4b x30:xe4bx067
14214250ns          236413 1c0085f2 00ff79b3 and              x19, x30, x15       x19=00000067 x30:xe4bx067 x15:00000fff
14214270ns          236414 1c0085f6 007033b3 sltu             x7, x0, x7           x7=00000000  x7:00000000
14214290ns          236415 1c0085fa 41030333 sub              x6, x6, x16          x6=00000000  x6:00000ea9 x16:00000ea9
14214350ns          236418 1c0085fe 000e5e03 lhu              x28, 0(x28)         x28=00000f22 x28:1c000b78  PA:1c000b78
14214688ns          236435 1c008602 00b70833 add              x16, x14, x11       x16=1c000b78 x14:1c000b50 x11:00000028
14214708ns          236436 1c008606 00c6af03 lw               x30, 12(x13)        x30=xddcx146 x13:10004200  PA:1000420c
14214728ns          236437 1c00860a ffd40593 addi             x11, x8, -3         x11=0000000c  x8:0000000f
14214748ns          236438 1c00860e 00285f83 lhu              x31, 2(x16)         x31=000000a8 x16:1c000b78  PA:1c000b7a
14215046ns          236453 1c008612 007a0a33 add              x20, x20, x7        x20=00000000 x20:00000000  x7:00000000
14215066ns          236454 1c008614 00faf833 and              x16, x21, x15       x16=00000e4b x21:0000xe4b x15:00000fff
14215086ns          236455 1c008618 00603333 sltu             x6, x0, x6           x6=00000000  x6:00000000
14215106ns          236456 1c00861c 413282b3 sub              x5, x5, x19          x5=00000000  x5:00000067 x19:00000067
14215125ns          236457 1c008620 016703b3 add              x7, x14, x22         x7=1c000b7c x14:1c000b50 x22:0000002c
14215145ns          236458 1c008624 410e8eb3 sub              x29, x29, x16       x29=00000000 x29:00000e4b x16:00000e4b
14215165ns          236459 1c008628 0100da93 srli             x21, x1, 0x10       x21=0000x0a8  x1:x0a8xf22
14215185ns          236460 1c00862c 00f0f9b3 and              x19, x1, x15        x19=00000f22  x1:x0a8xf22 x15:00000fff
14215225ns          236462 1c008630 01670833 add              x16, x14, x22       x16=1c000b7c x14:1c000b50 x22:0000002c
14215265ns          236464 1c008634 006a0a33 add              x20, x20, x6        x20=00000000 x20:00000000  x6:00000000
14215285ns          236465 1c008636 00259b13 slli             x22, x11, 0x2       x22=00000030 x11:0000000c
14215304ns          236466 1c00863a 005032b3 sltu             x5, x0, x5           x5=00000000  x5:00000000
14215324ns          236467 1c00863e 0003d383 lhu              x7, 0(x7)            x7=00000146  x7:1c000b7c  PA:1c000b7c
14215702ns          236486 1c008642 0106a083 lw               x1, 16(x13)          x1=x058x004 x13:10004200  PA:10004210
14215722ns          236487 1c008646 00285303 lhu              x6, 2(x16)           x6=00000ddc x16:1c000b7c  PA:1c000b7e
14216100ns          236506 1c00864a ffe40513 addi             x10, x8, -2         x10=0000000d  x8:0000000f
14216120ns          236507 1c00864e 01d03833 sltu             x16, x0, x29        x16=00000000 x29:00000000
14216140ns          236508 1c008652 005a0a33 add              x20, x20, x5        x20=00000000 x20:00000000  x5:00000000
14216160ns          236509 1c008654 00fafeb3 and              x29, x21, x15       x29=000000a8 x21:0000x0a8 x15:00000fff
14216180ns          236510 1c008658 413e0e33 sub              x28, x28, x19       x28=00000000 x28:00000f22 x19:00000f22
14216199ns          236511 1c00865c 016702b3 add              x5, x14, x22         x5=1c000b80 x14:1c000b50 x22:00000030
14216219ns          236512 1c008660 010f5a93 srli             x21, x30, 0x10      x21=0000xddc x30:xddcx146
14216239ns          236513 1c008664 00ff79b3 and              x19, x30, x15       x19=00000146 x30:xddcx146 x15:00000fff
14216259ns          236514 1c008668 010a0a33 add              x20, x20, x16       x20=00000000 x20:00000000 x16:00000000
14216279ns          236515 1c00866a 01c03e33 sltu             x28, x0, x28        x28=00000000 x28:00000000
14216319ns          236517 1c00866e 01670833 add              x16, x14, x22       x16=1c000b80 x14:1c000b50 x22:00000030
14216359ns          236519 1c008672 41df8fb3 sub              x31, x31, x29       x31=00000000 x31:000000a8 x29:000000a8
14216378ns          236520 1c008676 00251b13 slli             x22, x10, 0x2       x22=00000034 x10:0000000d
14216398ns          236521 1c00867a 0002d283 lhu              x5, 0(x5)            x5=00000004  x5:1c000b80  PA:1c000b80
14216716ns          236537 1c00867e 0146af03 lw               x30, 20(x13)        x30=xef0x1ca x13:10004200  PA:10004214
14216736ns          236538 1c008682 fff40593 addi             x11, x8, -1         x11=0000000e  x8:0000000f
14216756ns          236539 1c008686 00285e83 lhu              x29, 2(x16)         x29=00000058 x16:1c000b80  PA:1c000b82
14217055ns          236554 1c00868a 01ca0a33 add              x20, x20, x28       x20=00000000 x20:00000000 x28:00000000
14217074ns          236555 1c00868c 01f03fb3 sltu             x31, x0, x31        x31=00000000 x31:00000000
14217094ns          236556 1c008690 00faf833 and              x16, x21, x15       x16=00000ddc x21:0000xddc x15:00000fff
14217114ns          236557 1c008694 413383b3 sub              x7, x7, x19          x7=00000000  x7:00000146 x19:00000146
14217134ns          236558 1c008698 01670e33 add              x28, x14, x22       x28=1c000b84 x14:1c000b50 x22:00000034
14217154ns          236559 1c00869c 41030833 sub              x16, x6, x16        x16=00000000  x6:00000ddc x16:00000ddc
14217174ns          236560 1c0086a0 01fa0a33 add              x20, x20, x31       x20=00000000 x20:00000000 x31:00000000
14217194ns          236561 1c0086a2 007033b3 sltu             x7, x0, x7           x7=00000000  x7:00000000
14217214ns          236562 1c0086a6 0100d993 srli             x19, x1, 0x10       x19=0000x058  x1:x058x004
14217234ns          236563 1c0086aa 01670533 add              x10, x14, x22       x10=1c000b84 x14:1c000b50 x22:00000034
14217253ns          236564 1c0086ae 00f0f0b3 and              x1, x1, x15          x1=00000004  x1:x058x004 x15:00000fff
14217273ns          236565 1c0086b2 00259a93 slli             x21, x11, 0x2       x21=00000038 x11:0000000e
14217293ns          236566 1c0086b6 000e5e03 lhu              x28, 0(x28)         x28=000001ca x28:1c000b84  PA:1c000b84
14217592ns          236581 1c0086ba 0186af83 lw               x31, 24(x13)        x31=x1b3xe9d x13:10004200  PA:10004218
14217611ns          236582 1c0086be 00255303 lhu              x6, 2(x10)           x6=00000ef0 x10:1c000b84  PA:1c000b86
14217969ns          236600 1c0086c2 007a0a33 add              x20, x20, x7        x20=00000000 x20:00000000  x7:00000000
14217989ns          236601 1c0086c4 01003533 sltu             x10, x0, x16        x10=00000000 x16:00000000
14218009ns          236602 1c0086c8 00f9f3b3 and              x7, x19, x15         x7=00000058 x19:0000x058 x15:00000fff
14218029ns          236603 1c0086cc 401282b3 sub              x5, x5, x1           x5=00000000  x5:00000004  x1:00000004
14218049ns          236604 1c0086d0 01570833 add              x16, x14, x21       x16=1c000b88 x14:1c000b50 x21:00000038
14218069ns          236605 1c0086d4 00aa0a33 add              x20, x20, x10       x20=00000000 x20:00000000 x10:00000000
14218089ns          236606 1c0086d6 005032b3 sltu             x5, x0, x5           x5=00000000  x5:00000000
14218109ns          236607 1c0086da 407e8eb3 sub              x29, x29, x7        x29=00000000 x29:00000058  x7:00000058
14218129ns          236608 1c0086de 010f5093 srli             x1, x30, 0x10        x1=0000xef0 x30:xef0x1ca
14218148ns          236609 1c0086e2 00ff73b3 and              x7, x30, x15         x7=000001ca x30:xef0x1ca x15:00000fff
14218168ns          236610 1c0086e6 015705b3 add              x11, x14, x21       x11=1c000b88 x14:1c000b50 x21:00000038
14218188ns          236611 1c0086ea 00085803 lhu              x16, 0(x16)         x16=00000e9d x16:1c000b88  PA:1c000b88
14218506ns          236627 1c0086ee 00160613 addi             x12, x12, 1         x12=0000001f x12:0000001e
14218526ns          236628 1c0086f0 01c6af03 lw               x30, 28(x13)        x30=x057xfb3 x13:10004200  PA:1000421c
14218546ns          236629 1c0086f4 0025d503 lhu              x10, 2(x11)         x10=000001b3 x11:1c000b88  PA:1c000b8a
14218884ns          236646 1c0086f8 005a0a33 add              x20, x20, x5        x20=00000000 x20:00000000  x5:00000000
14218904ns          236647 1c0086fa 00e888b3 add              x17, x17, x14       x17=1c000b8c x17:0000003c x14:1c000b50
14218924ns          236648 1c0086fc 01d03eb3 sltu             x29, x0, x29        x29=00000000 x29:00000000
14218944ns          236649 1c008700 00f0f2b3 and              x5, x1, x15          x5=00000ef0  x1:0000xef0 x15:00000fff
14218964ns          236650 1c008704 407e0e33 sub              x28, x28, x7        x28=00000000 x28:000001ca  x7:000001ca
14218984ns          236651 1c008708 00161613 slli             x12, x12, 0x1       x12=0000003e x12:0000001f
14219004ns          236652 1c00870a 0008d583 lhu              x11, 0(x17)         x11=00000fb3 x17:1c000b8c  PA:1c000b8c
14219302ns          236667 1c00870e 01da0a33 add              x20, x20, x29       x20=00000000 x20:00000000 x29:00000000
14219322ns          236668 1c008710 405308b3 sub              x17, x6, x5         x17=00000000  x6:00000ef0  x5:00000ef0
14219342ns          236669 1c008714 01c03e33 sltu             x28, x0, x28        x28=00000000 x28:00000000
14219362ns          236670 1c008718 010fd313 srli             x6, x31, 0x10        x6=0000x1b3 x31:x1b3xe9d
14219381ns          236671 1c00871c 00e60633 add              x12, x12, x14       x12=1c000b8e x12:0000003e x14:1c000b50
14219401ns          236672 1c00871e 00ffffb3 and              x31, x31, x15       x31=00000e9d x31:x1b3xe9d x15:00000fff
14219421ns          236673 1c008722 011038b3 sltu             x17, x0, x17        x17=00000000 x17:00000000
14219441ns          236674 1c008726 00065603 lhu              x12, 0(x12)         x12=00000057 x12:1c000b8e  PA:1c000b8e
14219759ns          236690 1c00872a 01ca0a33 add              x20, x20, x28       x20=00000000 x20:00000000 x28:00000000
14219779ns          236691 1c00872c 00f37333 and              x6, x6, x15          x6=000001b3  x6:0000x1b3 x15:00000fff
14219799ns          236692 1c008730 41f80833 sub              x16, x16, x31       x16=00000000 x16:00000e9d x31:00000e9d
14219819ns          236693 1c008734 011a0a33 add              x20, x20, x17       x20=00000000 x20:00000000 x17:00000000
14219839ns          236694 1c008736 01003833 sltu             x16, x0, x16        x16=00000000 x16:00000000
14219859ns          236695 1c00873a 010f5893 srli             x17, x30, 0x10      x17=0000x057 x30:x057xfb3
14219879ns          236696 1c00873e 40650533 sub              x10, x10, x6        x10=00000000 x10:000001b3  x6:000001b3
14219899ns          236697 1c008742 00ff7f33 and              x30, x30, x15       x30=00000fb3 x30:x057xfb3 x15:00000fff
14219918ns          236698 1c008746 010a0a33 add              x20, x20, x16       x20=00000000 x20:00000000 x16:00000000
14219938ns          236699 1c008748 00a03533 sltu             x10, x0, x10        x10=00000000 x10:00000000
14219958ns          236700 1c00874c 00f8f833 and              x16, x17, x15       x16=00000057 x17:0000x057 x15:00000fff
14219978ns          236701 1c008750 41e585b3 sub              x11, x11, x30       x11=00000000 x11:00000fb3 x30:00000fb3
14219998ns          236702 1c008754 00aa0a33 add              x20, x20, x10       x20=00000000 x20:00000000 x10:00000000
14220018ns          236703 1c008756 00b035b3 sltu             x11, x0, x11        x11=00000000 x11:00000000
14220038ns          236704 1c00875a 41060633 sub              x12, x12, x16       x12=00000000 x12:00000057 x16:00000057
14220058ns          236705 1c00875e 00ba0a33 add              x20, x20, x11       x20=00000000 x20:00000000 x11:00000000
14220078ns          236706 1c008760 00c03633 sltu             x12, x0, x12        x12=00000000 x12:00000000
14220097ns          236707 1c008764 00840413 addi             x8, x8, 8            x8=00000017  x8:0000000f
14220117ns          236708 1c008766 00ca0a33 add              x20, x20, x12       x20=00000000 x20:00000000 x12:00000000
14220137ns          236709 1c008768 10068693 addi             x13, x13, 256       x13=10004300 x13:10004200
14220157ns          236710 1c00876c 04940563 beq              x8, x9, 74           x8:00000017  x9:00000017
14220674ns          236736 1c0087b6 1c000537 lui              x10, 0x1c000000     x10=1c000000
14220694ns          236737 1c0087ba 014006b3 add              x13, x0, x20        x13=00000000 x20:00000000
14220714ns          236738 1c0087bc 01200633 add              x12, x0, x18        x12=00000000 x18:00000000
14220754ns          236740 1c0087be 00190593 addi             x11, x18, 1         x11=00000001 x18:00000000
14220794ns          236742 1c0087c2 05850513 addi             x10, x10, 88        x10=1c000058 x10:1c000000
14220813ns          236743 1c0087c6 434000ef jal              x1, 1076             x1=1c0087c8
14220893ns          236747 1c008bfa fc010113 addi             x2, x2, -64          x2=10000758  x2:10000798
14220933ns          236749 1c008bfc 02410313 addi             x6, x2, 36           x6=1000077c  x2:10000758
14220992ns          236752 1c008c00 02c12423 sw               x12, 40(x2)         x12:00000000  x2:10000758  PA:10000780
14221012ns          236753 1c008c02 00a00633 add              x12, x0, x10        x12=1c000058 x10:1c000058
14221032ns          236754 1c008c04 1c009537 lui              x10, 0x1c009000     x10=1c009000
14221052ns          236755 1c008c08 02b12223 sw               x11, 36(x2)         x11:00000001  x2:10000758  PA:1000077c
14221072ns          236756 1c008c0a 02d12623 sw               x13, 44(x2)         x13:00000000  x2:10000758  PA:10000784
14221092ns          236757 1c008c0c 00200593 addi             x11, x0, 2          x11=00000002
14221112ns          236758 1c008c0e 006006b3 add              x13, x0, x6         x13=1000077c  x6:1000077c
14221132ns          236759 1c008c10 bb650513 addi             x10, x10, -1098     x10=1c008bb6 x10:1c009000
14221171ns          236761 1c008c14 00112e23 sw               x1, 28(x2)           x1:1c0087c8  x2:10000758  PA:10000774
14221191ns          236762 1c008c16 02e12823 sw               x14, 48(x2)         x14:1c000b50  x2:10000758  PA:10000788
14221211ns          236763 1c008c18 02f12a23 sw               x15, 52(x2)         x15:00000fff  x2:10000758  PA:1000078c
14221231ns          236764 1c008c1a 03012c23 sw               x16, 56(x2)         x16:00000057  x2:10000758  PA:10000790
14221251ns          236765 1c008c1c 03112e23 sw               x17, 60(x2)         x17:0000x057  x2:10000758  PA:10000794
14221271ns          236766 1c008c1e 00612623 sw               x6, 12(x2)           x6:1000077c  x2:10000758  PA:10000764
14221291ns          236767 1c008c20 fbfff0ef jal              x1, -66              x1=1c008c22
14221370ns          236771 1c008bde 04a0006f jal              x0, 74             
14221410ns          236773 1c008c28 ec010113 addi             x2, x2, -320         x2=10000618  x2:10000758
14221430ns          236774 1c008c2a 13312623 sw               x19, 300(x2)        x19:0000x058  x2:10000618  PA:10000744
14221490ns          236777 1c008c2e 12112e23 sw               x1, 316(x2)          x1:1c008c22  x2:10000618  PA:10000754
14221529ns          236779 1c008c32 12812c23 sw               x8, 312(x2)          x8:00000017  x2:10000618  PA:10000750
14221549ns          236780 1c008c36 12912a23 sw               x9, 308(x2)          x9:00000017  x2:10000618  PA:1000074c
14221569ns          236781 1c008c3a 13212823 sw               x18, 304(x2)        x18:00000000  x2:10000618  PA:10000748
14221629ns          236784 1c008c3e 13412423 sw               x20, 296(x2)        x20:00000000  x2:10000618  PA:10000740
14221669ns          236786 1c008c42 13512223 sw               x21, 292(x2)        x21:00000038  x2:10000618  PA:1000073c
14221688ns          236787 1c008c46 13612023 sw               x22, 288(x2)        x22:00000034  x2:10000618  PA:10000738
14221708ns          236788 1c008c4a 11712e23 sw               x23, 284(x2)        x23:000000cb  x2:10000618  PA:10000734
14221768ns          236791 1c008c4e 11812c23 sw               x24, 280(x2)        x24:00000ef9  x2:10000618  PA:10000730
14221808ns          236793 1c008c52 11912a23 sw               x25, 276(x2)        x25:1c0008f8  x2:10000618  PA:1000072c
14221828ns          236794 1c008c56 11a12823 sw               x26, 272(x2)        x26:0c440000  x2:10000618  PA:10000728
14221848ns          236795 1c008c5a 11b12623 sw               x27, 268(x2)        x27:0e590eac  x2:10000618  PA:10000724
14221867ns          236796 1c008c5e 00c009b3 add              x19, x0, x12        x19=1c000058 x12:1c000058
14221907ns          236798 1c008c60 0019c78b p.lbu            x15, 1(x19!)        x15=00000046 x19=1c000059 x19:1c000058  PA:1c000058
14222245ns          236815 1c008c64 00d12c23 sw               x13, 24(x2)         x13:1000077c  x2:10000618  PA:10000630
14222265ns          236816 1c008c66 6a0788e3 beq              x15, x0, 3760       x15:00000046
14222285ns          236817 1c008c6a 1c000737 lui              x14, 0x1c000000     x14=1c000000
14222305ns          236818 1c008c6e 0c472703 lw               x14, 196(x14)       x14=20202020 x14:1c000000  PA:1c0000c4
14222603ns          236833 1c008c72 03410d93 addi             x27, x2, 52         x27=1000064c  x2:10000618
14222623ns          236834 1c008c76 00a00cb3 add              x25, x0, x10        x25=1c008bb6 x10:1c008bb6
14222643ns          236835 1c008c78 02e12023 sw               x14, 32(x2)         x14:20202020  x2:10000618  PA:10000638
14222663ns          236836 1c008c7a 03610713 addi             x14, x2, 54         x14=1000064e  x2:10000618
14222683ns          236837 1c008c7e fff74713 xori             x14, x14, -1        x14=effff9b1 x14:1000064e
14222703ns          236838 1c008c82 02e12223 sw               x14, 36(x2)         x14:effff9b1  x2:10000618  PA:1000063c
14222723ns          236839 1c008c84 fffdc713 xori             x14, x27, -1        x14=effff9b3 x27:1000064c
14222743ns          236840 1c008c88 00b004b3 add              x9, x0, x11          x9=00000002 x11:00000002
14222762ns          236841 1c008c8a 00000413 addi             x8, x0, 0            x8=00000000
14222782ns          236842 1c008c8c 1c000d37 lui              x26, 0x1c000000     x26=1c000000
14222802ns          236843 1c008c90 02e12423 sw               x14, 40(x2)         x14:effff9b3  x2:10000618  PA:10000640
14222822ns          236844 1c008c92 01300a33 add              x20, x0, x19        x20=1c000059 x19:1c000059
14222842ns          236845 1c008c94 00f00533 add              x10, x0, x15        x10=00000046 x15:00000046
14222862ns          236846 1c008c96 02500793 addi             x15, x0, 37         x15=00000025
14222882ns          236847 1c008c9a 04f50763 beq              x10, x15, 78        x10:00000046 x15:00000025
14222902ns          236848 1c008c9e 009005b3 add              x11, x0, x9         x11=00000002  x9:00000002
14222941ns          236850 1c008ca0 000c80e7 jalr             x1, x25, 0           x1=1c008ca2 x25:1c008bb6
14223419ns          236874 1c008bb6 000026b7 lui              x13, 0x2000         x13=00002000
14223459ns          236876 1c008bb8 f8068693 addi             x13, x13, -128      x13=00001f80 x13:00002000
14223478ns          236877 1c008bbc f14027f3 csrrs            x15, x0, 0xf14      x15=00000000
14223538ns          236880 1c008bc0 00379713 slli             x14, x15, 0x3       x14=00000000 x15:00000000
14223578ns          236882 1c008bc4 00279793 slli             x15, x15, 0x2       x15=00000000 x15:00000000
14223598ns          236883 1c008bc6 00d7f7b3 and              x15, x15, x13       x15=00000000 x15:00000000 x13:00001f80
14223618ns          236884 1c008bc8 ee873733 p.bclr           x14, x14, 23, 8     x14=00000000 x14:00000000
14223638ns          236885 1c008bcc 1a10f6b7 lui              x13, 0x1a10f000     x13=1a10f000
14223657ns          236886 1c008bd0 00d70733 add              x14, x14, x13       x14=1a10f000 x14:00000000 x13:1a10f000
14223677ns          236887 1c008bd2 00e787b3 add              x15, x15, x14       x15=1a10f000 x15:00000000 x14:1a10f000
14223697ns          236888 1c008bd4 0ff57513 andi             x10, x10, 255       x10=00000046 x10:00000046
14223717ns          236889 1c008bd8 00a7a023 sw               x10, 0(x15)         x10:00000046 x15:1a10f000  PA:1a10f000
14224075ns          236907 1c008bda 00000513 addi             x10, x0, 0          x10=00000000
14224095ns          236908 1c008bdc 00008067 jalr             x0, x1, 0            x1:1c008ca2
14224155ns          236911 1c008ca2 4df52863 p.beqimm         x10, 1232           x10:00000000
14224174ns          236912 1c008ca6 00140413 addi             x8, x8, 1            x8=00000001  x8:00000000
14224194ns          236913 1c008ca8 001a450b p.lbu            x10, 1(x20!)        x10=00000046 x20=1c00005a x20:1c000059  PA:1c000059
14224513ns          236929 1c008cac fe0515e3 bne              x10, x0, -22        x10:00000046
14224592ns          236933 1c008c96 02500793 addi             x15, x0, 37         x15=00000025
14224612ns          236934 1c008c9a 04f50763 beq              x10, x15, 78        x10:00000046 x15:00000025
14224632ns          236935 1c008c9e 009005b3 add              x11, x0, x9         x11=00000002  x9:00000002
14224652ns          236936 1c008ca0 000c80e7 jalr             x1, x25, 0           x1=1c008ca2 x25:1c008bb6
14224692ns          236938 1c008bb6 000026b7 lui              x13, 0x2000         x13=00002000
14224711ns          236939 1c008bb8 f8068693 addi             x13, x13, -128      x13=00001f80 x13:00002000
14224731ns          236940 1c008bbc f14027f3 csrrs            x15, x0, 0xf14      x15=00000000
14224751ns          236941 1c008bc0 00379713 slli             x14, x15, 0x3       x14=00000000 x15:00000000
14224771ns          236942 1c008bc4 00279793 slli             x15, x15, 0x2       x15=00000000 x15:00000000
14224791ns          236943 1c008bc6 00d7f7b3 and              x15, x15, x13       x15=00000000 x15:00000000 x13:00001f80
14224811ns          236944 1c008bc8 ee873733 p.bclr           x14, x14, 23, 8     x14=00000000 x14:00000000
14224831ns          236945 1c008bcc 1a10f6b7 lui              x13, 0x1a10f000     x13=1a10f000
14224851ns          236946 1c008bd0 00d70733 add              x14, x14, x13       x14=1a10f000 x14:00000000 x13:1a10f000
14224871ns          236947 1c008bd2 00e787b3 add              x15, x15, x14       x15=1a10f000 x15:00000000 x14:1a10f000
14224890ns          236948 1c008bd4 0ff57513 andi             x10, x10, 255       x10=00000046 x10:00000046
14224910ns          236949 1c008bd8 00a7a023 sw               x10, 0(x15)         x10:00000046 x15:1a10f000  PA:1a10f000
14225248ns          236966 1c008bda 00000513 addi             x10, x0, 0          x10=00000000
14225268ns          236967 1c008bdc 00008067 jalr             x0, x1, 0            x1:1c008ca2
14225328ns          236970 1c008ca2 4df52863 p.beqimm         x10, 1232           x10:00000000
14225348ns          236971 1c008ca6 00140413 addi             x8, x8, 1            x8=00000002  x8:00000001
14225368ns          236972 1c008ca8 001a450b p.lbu            x10, 1(x20!)        x10=00000054 x20=1c00005b x20:1c00005a  PA:1c00005a
14225686ns          236988 1c008cac fe0515e3 bne              x10, x0, -22        x10:00000054
14225766ns          236992 1c008c96 02500793 addi             x15, x0, 37         x15=00000025
14225785ns          236993 1c008c9a 04f50763 beq              x10, x15, 78        x10:00000054 x15:00000025
14225805ns          236994 1c008c9e 009005b3 add              x11, x0, x9         x11=00000002  x9:00000002
14225825ns          236995 1c008ca0 000c80e7 jalr             x1, x25, 0           x1=1c008ca2 x25:1c008bb6
14225865ns          236997 1c008bb6 000026b7 lui              x13, 0x2000         x13=00002000
14225885ns          236998 1c008bb8 f8068693 addi             x13, x13, -128      x13=00001f80 x13:00002000
14225905ns          236999 1c008bbc f14027f3 csrrs            x15, x0, 0xf14      x15=00000000
14225925ns          237000 1c008bc0 00379713 slli             x14, x15, 0x3       x14=00000000 x15:00000000
14225945ns          237001 1c008bc4 00279793 slli             x15, x15, 0x2       x15=00000000 x15:00000000
14225964ns          237002 1c008bc6 00d7f7b3 and              x15, x15, x13       x15=00000000 x15:00000000 x13:00001f80
14225984ns          237003 1c008bc8 ee873733 p.bclr           x14, x14, 23, 8     x14=00000000 x14:00000000
14226004ns          237004 1c008bcc 1a10f6b7 lui              x13, 0x1a10f000     x13=1a10f000
14226024ns          237005 1c008bd0 00d70733 add              x14, x14, x13       x14=1a10f000 x14:00000000 x13:1a10f000
14226044ns          237006 1c008bd2 00e787b3 add              x15, x15, x14       x15=1a10f000 x15:00000000 x14:1a10f000
14226064ns          237007 1c008bd4 0ff57513 andi             x10, x10, 255       x10=00000054 x10:00000054
14226084ns          237008 1c008bd8 00a7a023 sw               x10, 0(x15)         x10:00000054 x15:1a10f000  PA:1a10f000
14226402ns          237024 1c008bda 00000513 addi             x10, x0, 0          x10=00000000
14226422ns          237025 1c008bdc 00008067 jalr             x0, x1, 0            x1:1c008ca2
14226482ns          237028 1c008ca2 4df52863 p.beqimm         x10, 1232           x10:00000000
14226501ns          237029 1c008ca6 00140413 addi             x8, x8, 1            x8=00000003  x8:00000002
14226521ns          237030 1c008ca8 001a450b p.lbu            x10, 1(x20!)        x10=00000025 x20=1c00005c x20:1c00005b  PA:1c00005b
14226839ns          237046 1c008cac fe0515e3 bne              x10, x0, -22        x10:00000025
14226919ns          237050 1c008c96 02500793 addi             x15, x0, 37         x15=00000025
14226939ns          237051 1c008c9a 04f50763 beq              x10, x15, 78        x10:00000025 x15:00000025
14227038ns          237056 1c008ce8 01400c33 add              x24, x0, x20        x24=1c00005c x20:1c00005c
14227078ns          237058 1c008cea 000c4a03 lbu              x20, 0(x24)         x20=00000064 x24:1c00005c  PA:1c00005c
14227436ns          237076 1c008cee 0b4d0513 addi             x10, x26, 180       x10=1c0000b4 x26:1c000000
14227456ns          237077 1c008cf2 00912e23 sw               x9, 28(x2)           x9:00000002  x2:10000618  PA:10000634
14227476ns          237078 1c008cf4 014005b3 add              x11, x0, x20        x11=00000064 x20:00000064
14227496ns          237079 1c008cf6 00012823 sw               x0, 16(x2)           x2:10000618  PA:10000628
14227516ns          237080 1c008cf8 00012a23 sw               x0, 20(x2)           x2:10000618  PA:1000062c
14227536ns          237081 1c008cfa 00012623 sw               x0, 12(x2)           x2:10000618  PA:10000624
14227555ns          237082 1c008cfc 001c0493 addi             x9, x24, 1           x9=1c00005d x24:1c00005c
14227575ns          237083 1c008d00 e41ff0ef jal              x1, -448             x1=1c008d02
14227655ns          237087 1c008b40 00054703 lbu              x14, 0(x10)         x14=0000002d x10:1c0000b4  PA:1c0000b4
14227973ns          237103 1c008b44 0ff5f593 andi             x11, x11, 255       x11=00000064 x11:00000064
14227993ns          237104 1c008b48 00a007b3 add              x15, x0, x10        x15=1c0000b4 x10:1c0000b4
14228013ns          237105 1c008b4a 00b70863 beq              x14, x11, 16        x14:0000002d x11:00000064
14228033ns          237106 1c008b4e 00070863 beq              x14, x0, 16         x14:0000002d
14228053ns          237107 1c008b50 0017c703 lbu              x14, 1(x15)         x14=0000002b x15:1c0000b4  PA:1c0000b5
14228351ns          237122 1c008b54 00178793 addi             x15, x15, 1         x15=1c0000b5 x15:1c0000b4
14228371ns          237123 1c008b56 feb71ce3 bne              x14, x11, -8        x14:0000002b x11:00000064
14228431ns          237126 1c008b4e 00070863 beq              x14, x0, 16         x14:0000002b
14228450ns          237127 1c008b50 0017c703 lbu              x14, 1(x15)         x14=00000020 x15:1c0000b5  PA:1c0000b6
14228749ns          237142 1c008b54 00178793 addi             x15, x15, 1         x15=1c0000b6 x15:1c0000b5
14228769ns          237143 1c008b56 feb71ce3 bne              x14, x11, -8        x14:00000020 x11:00000064
14228828ns          237146 1c008b4e 00070863 beq              x14, x0, 16         x14:00000020
14228848ns          237147 1c008b50 0017c703 lbu              x14, 1(x15)         x14=00000023 x15:1c0000b6  PA:1c0000b7
14229146ns          237162 1c008b54 00178793 addi             x15, x15, 1         x15=1c0000b7 x15:1c0000b6
14229166ns          237163 1c008b56 feb71ce3 bne              x14, x11, -8        x14:00000023 x11:00000064
14229226ns          237166 1c008b4e 00070863 beq              x14, x0, 16         x14:00000023
14229246ns          237167 1c008b50 0017c703 lbu              x14, 1(x15)         x14=00000030 x15:1c0000b7  PA:1c0000b8
14229544ns          237182 1c008b54 00178793 addi             x15, x15, 1         x15=1c0000b8 x15:1c0000b7
14229564ns          237183 1c008b56 feb71ce3 bne              x14, x11, -8        x14:00000030 x11:00000064
14229624ns          237186 1c008b4e 00070863 beq              x14, x0, 16         x14:00000030
14229644ns          237187 1c008b50 0017c703 lbu              x14, 1(x15)         x14=00000000 x15:1c0000b8  PA:1c0000b9
14229962ns          237203 1c008b54 00178793 addi             x15, x15, 1         x15=1c0000b9 x15:1c0000b8
14229982ns          237204 1c008b56 feb71ce3 bne              x14, x11, -8        x14:00000000 x11:00000064
14230041ns          237207 1c008b4e 00070863 beq              x14, x0, 16         x14:00000000
14230101ns          237210 1c008b5e 00000513 addi             x10, x0, 0          x10=00000000
14230121ns          237211 1c008b60 fe058de3 beq              x11, x0, -6         x11:00000064
14230141ns          237212 1c008b62 00008067 jalr             x0, x1, 0            x1:1c008d02
14230201ns          237215 1c008d02 02000913 addi             x18, x0, 32         x18=00000020
14230220ns          237216 1c008d06 00000993 addi             x19, x0, 0          x19=00000000
14230240ns          237217 1c008d08 02b00a93 addi             x21, x0, 43         x21=0000002b
14230260ns          237218 1c008d0c 02d00b93 addi             x23, x0, 45         x23=0000002d
14230300ns          237220 1c008d10 03000b13 addi             x22, x0, 48         x22=00000030
14230340ns          237222 1c008d14 00900633 add              x12, x0, x9         x12=1c00005d  x9:1c00005d
14230360ns          237223 1c008d16 02050963 beq              x10, x0, 50         x10:00000000
14230519ns          237231 1c008d48 03312623 sw               x19, 44(x2)         x19:00000000  x2:10000618  PA:10000644
14230559ns          237233 1c008d4a 02a00693 addi             x13, x0, 42         x13=0000002a
14230578ns          237234 1c008d4e 014009b3 add              x19, x0, x20        x19=00000064 x20:00000064
14230618ns          237236 1c008d50 01800a33 add              x20, x0, x24        x20=1c00005c x24:1c00005c
14230638ns          237237 1c008d52 00900c33 add              x24, x0, x9         x24=1c00005d  x9:1c00005d
14230658ns          237238 1c008d54 01c12483 lw               x9, 28(x2)           x9=00000002  x2:10000618  PA:10000634
14230678ns          237239 1c008d56 42d98063 beq              x19, x13, 1056      x19:00000064 x13:0000002a
14230698ns          237240 1c008d5a fd098693 addi             x13, x19, -48       x13=00000034 x19:00000064
14230718ns          237241 1c008d5e 00900513 addi             x10, x0, 9          x10=00000009
14231115ns          237261 1c008d60 00000a93 addi             x21, x0, 0          x21=00000000
14231155ns          237263 1c008d62 3cd57f63 bgeu             x10, x13, 990       x10:00000009 x13:00000034
14231175ns          237264 1c008d66 02e00793 addi             x15, x0, 46         x15=0000002e
14231195ns          237265 1c008d6a fff00b13 addi             x22, x0, -1         x22=ffffffff
14231215ns          237266 1c008d6c 04f981e3 beq              x19, x15, 2114      x19:00000064 x15:0000002e
14231255ns          237268 1c008d70 1c0007b7 lui              x15, 0x1c000000     x15=1c000000
14231294ns          237270 1c008d74 013005b3 add              x11, x0, x19        x11=00000064 x19:00000064
14231314ns          237271 1c008d76 0bc78513 addi             x10, x15, 188       x10=1c0000bc x15:1c000000
14231334ns          237272 1c008d7a 00c12e23 sw               x12, 28(x2)         x12:1c00005d  x2:10000618  PA:10000634
14231354ns          237273 1c008d7c dc5ff0ef jal              x1, -572             x1=1c008d7e
14231473ns          237279 1c008b40 00054703 lbu              x14, 0(x10)         x14=00000068 x10:1c0000bc  PA:1c0000bc
14231851ns          237298 1c008b44 0ff5f593 andi             x11, x11, 255       x11=00000064 x11:00000064
14231871ns          237299 1c008b48 00a007b3 add              x15, x0, x10        x15=1c0000bc x10:1c0000bc
14231891ns          237300 1c008b4a 00b70863 beq              x14, x11, 16        x14:00000068 x11:00000064
14231911ns          237301 1c008b4e 00070863 beq              x14, x0, 16         x14:00000068
14231931ns          237302 1c008b50 0017c703 lbu              x14, 1(x15)         x14=0000006c x15:1c0000bc  PA:1c0000bd
14232229ns          237317 1c008b54 00178793 addi             x15, x15, 1         x15=1c0000bd x15:1c0000bc
14232249ns          237318 1c008b56 feb71ce3 bne              x14, x11, -8        x14:0000006c x11:00000064
14232309ns          237321 1c008b4e 00070863 beq              x14, x0, 16         x14:0000006c
14232329ns          237322 1c008b50 0017c703 lbu              x14, 1(x15)         x14=0000004c x15:1c0000bd  PA:1c0000be
14232647ns          237338 1c008b54 00178793 addi             x15, x15, 1         x15=1c0000be x15:1c0000bd
14232667ns          237339 1c008b56 feb71ce3 bne              x14, x11, -8        x14:0000004c x11:00000064
14232726ns          237342 1c008b4e 00070863 beq              x14, x0, 16         x14:0000004c
14232746ns          237343 1c008b50 0017c703 lbu              x14, 1(x15)         x14=0000007a x15:1c0000be  PA:1c0000bf
14233045ns          237358 1c008b54 00178793 addi             x15, x15, 1         x15=1c0000bf x15:1c0000be
14233064ns          237359 1c008b56 feb71ce3 bne              x14, x11, -8        x14:0000007a x11:00000064
14233124ns          237362 1c008b4e 00070863 beq              x14, x0, 16         x14:0000007a
14233144ns          237363 1c008b50 0017c703 lbu              x14, 1(x15)         x14=00000000 x15:1c0000bf  PA:1c0000c0
14233442ns          237378 1c008b54 00178793 addi             x15, x15, 1         x15=1c0000c0 x15:1c0000bf
14233462ns          237379 1c008b56 feb71ce3 bne              x14, x11, -8        x14:00000000 x11:00000064
14233522ns          237382 1c008b4e 00070863 beq              x14, x0, 16         x14:00000000
14233582ns          237385 1c008b5e 00000513 addi             x10, x0, 0          x10=00000000
14233601ns          237386 1c008b60 fe058de3 beq              x11, x0, -6         x11:00000064
14233621ns          237387 1c008b62 00008067 jalr             x0, x1, 0            x1:1c008d7e
14233661ns          237389 1c008d7e 01c12603 lw               x12, 28(x2)         x12=1c00005d  x2:10000618  PA:10000634
14233701ns          237391 1c008d80 00c00a33 add              x20, x0, x12        x20=1c00005d x12:1c00005d
14233721ns          237392 1c008d82 00050563 beq              x10, x0, 10         x10:00000000
14234258ns          237419 1c008d8c 06900793 addi             x15, x0, 105        x15=00000069
14234278ns          237420 1c008d90 1cf98be3 beq              x19, x15, 2518      x19:00000064 x15:00000069
14234297ns          237421 1c008d94 4b37ce63 blt              x15, x19, 1212      x15:00000069 x19:00000064
14234317ns          237422 1c008d98 05800793 addi             x15, x0, 88         x15=00000058
14234337ns          237423 1c008d9c 4cf98863 beq              x19, x15, 1232      x19:00000064 x15:00000058
14234695ns          237441 1c008da0 3f37cd63 blt              x15, x19, 1018      x15:00000058 x19:00000064
14234834ns          237448 1c00919a 06400793 addi             x15, x0, 100        x15=00000064
14234894ns          237451 1c00919e 5cf98463 beq              x19, x15, 1480      x19:00000064 x15:00000064
14234994ns          237456 1c009766 01812b83 lw               x23, 24(x2)         x23=1000077c  x2:10000618  PA:10000630
14235033ns          237458 1c009768 004ba60b p.lw             x12, 4(x23!)        x12=00000001 x23=10000780 x23:1000077c  PA:1000077c
14235073ns          237460 1c00976c 48064963 blt              x12, x0, 1170       x12:00000001
14235113ns          237462 1c009770 01412783 lw               x15, 20(x2)         x15=00000000  x2:10000618  PA:1000062c
14235133ns          237463 1c009772 00c00733 add              x14, x0, x12        x14=00000001 x12:00000001
14235153ns          237464 1c009774 56078863 beq              x15, x0, 1392       x15:00000000
14235252ns          237469 1c009ce4 01012783 lw               x15, 16(x2)         x15=00000000  x2:10000618  PA:10000628
14235272ns          237470 1c009ce6 01b00533 add              x10, x0, x27        x10=1000064c x27:1000064c
14235292ns          237471 1c009ce8 a8078ee3 beq              x15, x0, -1380      x15:00000000
14235451ns          237479 1c009784 00a007b3 add              x15, x0, x10        x15=1000064c x10:1000064c
14235471ns          237480 1c009786 00a00593 addi             x11, x0, 10         x11=0000000a
14235491ns          237481 1c009788 00900313 addi             x6, x0, 9            x6=00000009
14235511ns          237482 1c00978a 02b776b3 remu             x13, x14, x11       x13=00000001 x14:00000001 x11:0000000a
14236127ns          237513 1c00978e 00e00833 add              x16, x0, x14        x16=00000001 x14:00000001
14236147ns          237514 1c009790 00f008b3 add              x17, x0, x15        x17=1000064c x15:1000064c
14236167ns          237515 1c009792 03068693 addi             x13, x13, 48        x13=00000031 x13:00000001
14236187ns          237516 1c009796 00d780ab p.sb             x13, 1(x15!)        x15=1000064d x13:00000031 x15:1000064c  PA:1000064c
14236207ns          237517 1c00979a 02b75733 divu             x14, x14, x11       x14=00000000 x14:00000001 x11:0000000a
14236843ns          237549 1c00979e ff0366e3 bltu             x6, x16, -20         x6:00000009 x16:00000001
14236863ns          237550 1c0097a2 40a78733 sub              x14, x15, x10       x14=00000001 x15:1000064d x10:1000064c
14236883ns          237551 1c0097a6 01675c63 bge              x14, x22, 24        x14:00000001 x22:ffffffff
14237499ns          237582 1c0097be 00078023 sb               x0, 0(x15)          x15:1000064d  PA:1000064d
14237539ns          237584 1c0097c2 0b157563 bgeu             x10, x17, 170       x10:1000064c x17:1000064c
14237639ns          237589 1c00986c 01412703 lw               x14, 20(x2)         x14=00000000  x2:10000618  PA:1000062c
14237659ns          237590 1c00986e 01012683 lw               x13, 16(x2)         x13=00000000  x2:10000618  PA:10000628
14237718ns          237593 1c009870 41b787b3 sub              x15, x15, x27       x15=00000001 x15:1000064d x27:1000064c
14237758ns          237595 1c009874 00d76733 or               x14, x14, x13       x14=00000000 x14:00000000 x13:00000000
14237778ns          237596 1c009876 02e12623 sw               x14, 44(x2)         x14:00000000  x2:10000618  PA:10000644
14237838ns          237599 1c009878 b0071be3 bne              x14, x0, -1258      x14:00000000
14237857ns          237600 1c00987c 01f65713 srli             x14, x12, 0x1f      x14=00000000 x12:00000001
14237877ns          237601 1c009880 02e12623 sw               x14, 44(x2)         x14:00000000  x2:10000618  PA:10000644
14237937ns          237604 1c009882 b0dff06f jal              x0, -1268          
14238076ns          237611 1c00938e ebfb2be3 p.beqimm         x22, -330           x22:ffffffff
14238196ns          237617 1c009244 0c800713 addi             x14, x0, 200        x14=000000c8
14238235ns          237619 1c009248 14f75b63 bge              x14, x15, 342       x14:000000c8 x15:00000001
14238414ns          237628 1c00939e 00178613 addi             x12, x15, 1         x12=00000002 x15:00000001
14238454ns          237630 1c0093a2 0557c863 blt              x15, x21, 80        x15:00000001 x21:00000000
14238474ns          237631 1c0093a6 01712c23 sw               x23, 24(x2)         x23:10000780  x2:10000618  PA:10000630
14238494ns          237632 1c0093a8 00f00ab3 add              x21, x0, x15        x21=00000001 x15:00000001
14238514ns          237633 1c0093aa 8e0a8fe3 beq              x21, x0, -1794      x21:00000001
14238534ns          237634 1c0093ae 01b00933 add              x18, x0, x27        x18=1000064c x27:1000064c
14238554ns          237635 1c0093b0 41b409b3 sub              x19, x8, x27        x19=effff9b7  x8:00000003 x27:1000064c
14238593ns          237637 1c0093b4 01ba8ab3 add              x21, x21, x27       x21=1000064d x21:00000001 x27:1000064c
14238613ns          237638 1c0093b6 00a0006f jal              x0, 10             
14238912ns          237653 1c0093c0 0019450b p.lbu            x10, 1(x18!)        x10=00000031 x18=1000064d x18:1000064c  PA:1000064c
14238951ns          237655 1c0093c4 009005b3 add              x11, x0, x9         x11=00000002  x9:00000002
14238971ns          237656 1c0093c6 000c80e7 jalr             x1, x25, 0           x1=1c0093c8 x25:1c008bb6
14239051ns          237660 1c008bb6 000026b7 lui              x13, 0x2000         x13=00002000
14239090ns          237662 1c008bb8 f8068693 addi             x13, x13, -128      x13=00001f80 x13:00002000
14239110ns          237663 1c008bbc f14027f3 csrrs            x15, x0, 0xf14      x15=00000000
14239130ns          237664 1c008bc0 00379713 slli             x14, x15, 0x3       x14=00000000 x15:00000000
14239150ns          237665 1c008bc4 00279793 slli             x15, x15, 0x2       x15=00000000 x15:00000000
14239170ns          237666 1c008bc6 00d7f7b3 and              x15, x15, x13       x15=00000000 x15:00000000 x13:00001f80
14239190ns          237667 1c008bc8 ee873733 p.bclr           x14, x14, 23, 8     x14=00000000 x14:00000000
14239210ns          237668 1c008bcc 1a10f6b7 lui              x13, 0x1a10f000     x13=1a10f000
14239250ns          237670 1c008bd0 00d70733 add              x14, x14, x13       x14=1a10f000 x14:00000000 x13:1a10f000
14239269ns          237671 1c008bd2 00e787b3 add              x15, x15, x14       x15=1a10f000 x15:00000000 x14:1a10f000
14239289ns          237672 1c008bd4 0ff57513 andi             x10, x10, 255       x10=00000031 x10:00000031
14239309ns          237673 1c008bd8 00a7a023 sw               x10, 0(x15)         x10:00000031 x15:1a10f000  PA:1a10f000
14239826ns          237699 1c008bda 00000513 addi             x10, x0, 0          x10=00000000
14239846ns          237700 1c008bdc 00008067 jalr             x0, x1, 0            x1:1c0093c8
14239886ns          237702 1c0093c8 fff538e3 p.bneimm         x10, -16            x10:00000000
14240005ns          237708 1c0093b8 01298433 add              x8, x19, x18         x8=00000004 x19:effff9b7 x18:1000064d
14240025ns          237709 1c0093bc 8f2a86e3 beq              x21, x18, -1812     x21:1000064d x18:1000064d
14240125ns          237714 1c008ca8 001a450b p.lbu            x10, 1(x20!)        x10=00000020 x20=1c00005e x20:1c00005d  PA:1c00005d
14240443ns          237730 1c008cac fe0515e3 bne              x10, x0, -22        x10:00000020
14240582ns          237737 1c008c96 02500793 addi             x15, x0, 37         x15=00000025
14240602ns          237738 1c008c9a 04f50763 beq              x10, x15, 78        x10:00000020 x15:00000025
14240622ns          237739 1c008c9e 009005b3 add              x11, x0, x9         x11=00000002  x9:00000002
14240642ns          237740 1c008ca0 000c80e7 jalr             x1, x25, 0           x1=1c008ca2 x25:1c008bb6
14240682ns          237742 1c008bb6 000026b7 lui              x13, 0x2000         x13=00002000
14240701ns          237743 1c008bb8 f8068693 addi             x13, x13, -128      x13=00001f80 x13:00002000
14240721ns          237744 1c008bbc f14027f3 csrrs            x15, x0, 0xf14      x15=00000000
14240741ns          237745 1c008bc0 00379713 slli             x14, x15, 0x3       x14=00000000 x15:00000000
14240761ns          237746 1c008bc4 00279793 slli             x15, x15, 0x2       x15=00000000 x15:00000000
14240781ns          237747 1c008bc6 00d7f7b3 and              x15, x15, x13       x15=00000000 x15:00000000 x13:00001f80
14240801ns          237748 1c008bc8 ee873733 p.bclr           x14, x14, 23, 8     x14=00000000 x14:00000000
14240821ns          237749 1c008bcc 1a10f6b7 lui              x13, 0x1a10f000     x13=1a10f000
14240841ns          237750 1c008bd0 00d70733 add              x14, x14, x13       x14=1a10f000 x14:00000000 x13:1a10f000
14240861ns          237751 1c008bd2 00e787b3 add              x15, x15, x14       x15=1a10f000 x15:00000000 x14:1a10f000
14240880ns          237752 1c008bd4 0ff57513 andi             x10, x10, 255       x10=00000020 x10:00000020
14240900ns          237753 1c008bd8 00a7a023 sw               x10, 0(x15)         x10:00000020 x15:1a10f000  PA:1a10f000
14241298ns          237773 1c008bda 00000513 addi             x10, x0, 0          x10=00000000
14241318ns          237774 1c008bdc 00008067 jalr             x0, x1, 0            x1:1c008ca2
14241378ns          237777 1c008ca2 4df52863 p.beqimm         x10, 1232           x10:00000000
14241398ns          237778 1c008ca6 00140413 addi             x8, x8, 1            x8=00000005  x8:00000004
14241417ns          237779 1c008ca8 001a450b p.lbu            x10, 1(x20!)        x10=00000028 x20=1c00005f x20:1c00005e  PA:1c00005e
14241736ns          237795 1c008cac fe0515e3 bne              x10, x0, -22        x10:00000028
14241815ns          237799 1c008c96 02500793 addi             x15, x0, 37         x15=00000025
14241835ns          237800 1c008c9a 04f50763 beq              x10, x15, 78        x10:00000028 x15:00000025
14241855ns          237801 1c008c9e 009005b3 add              x11, x0, x9         x11=00000002  x9:00000002
14241875ns          237802 1c008ca0 000c80e7 jalr             x1, x25, 0           x1=1c008ca2 x25:1c008bb6
14241915ns          237804 1c008bb6 000026b7 lui              x13, 0x2000         x13=00002000
14241934ns          237805 1c008bb8 f8068693 addi             x13, x13, -128      x13=00001f80 x13:00002000
14241954ns          237806 1c008bbc f14027f3 csrrs            x15, x0, 0xf14      x15=00000000
14241974ns          237807 1c008bc0 00379713 slli             x14, x15, 0x3       x14=00000000 x15:00000000
14241994ns          237808 1c008bc4 00279793 slli             x15, x15, 0x2       x15=00000000 x15:00000000
14242014ns          237809 1c008bc6 00d7f7b3 and              x15, x15, x13       x15=00000000 x15:00000000 x13:00001f80
14242034ns          237810 1c008bc8 ee873733 p.bclr           x14, x14, 23, 8     x14=00000000 x14:00000000
14242054ns          237811 1c008bcc 1a10f6b7 lui              x13, 0x1a10f000     x13=1a10f000
14242074ns          237812 1c008bd0 00d70733 add              x14, x14, x13       x14=1a10f000 x14:00000000 x13:1a10f000
14242094ns          237813 1c008bd2 00e787b3 add              x15, x15, x14       x15=1a10f000 x15:00000000 x14:1a10f000
14242113ns          237814 1c008bd4 0ff57513 andi             x10, x10, 255       x10=00000028 x10:00000028
14242133ns          237815 1c008bd8 00a7a023 sw               x10, 0(x15)         x10:00000028 x15:1a10f000  PA:1a10f000
14242471ns          237832 1c008bda 00000513 addi             x10, x0, 0          x10=00000000
14242491ns          237833 1c008bdc 00008067 jalr             x0, x1, 0            x1:1c008ca2
14242551ns          237836 1c008ca2 4df52863 p.beqimm         x10, 1232           x10:00000000
14242571ns          237837 1c008ca6 00140413 addi             x8, x8, 1            x8=00000006  x8:00000005
14242591ns          237838 1c008ca8 001a450b p.lbu            x10, 1(x20!)        x10=00000043 x20=1c000060 x20:1c00005f  PA:1c00005f
14242909ns          237854 1c008cac fe0515e3 bne              x10, x0, -22        x10:00000043
14242989ns          237858 1c008c96 02500793 addi             x15, x0, 37         x15=00000025
14243008ns          237859 1c008c9a 04f50763 beq              x10, x15, 78        x10:00000043 x15:00000025
14243028ns          237860 1c008c9e 009005b3 add              x11, x0, x9         x11=00000002  x9:00000002
14243048ns          237861 1c008ca0 000c80e7 jalr             x1, x25, 0           x1=1c008ca2 x25:1c008bb6
14243088ns          237863 1c008bb6 000026b7 lui              x13, 0x2000         x13=00002000
14243108ns          237864 1c008bb8 f8068693 addi             x13, x13, -128      x13=00001f80 x13:00002000
14243128ns          237865 1c008bbc f14027f3 csrrs            x15, x0, 0xf14      x15=00000000
14243148ns          237866 1c008bc0 00379713 slli             x14, x15, 0x3       x14=00000000 x15:00000000
14243168ns          237867 1c008bc4 00279793 slli             x15, x15, 0x2       x15=00000000 x15:00000000
14243187ns          237868 1c008bc6 00d7f7b3 and              x15, x15, x13       x15=00000000 x15:00000000 x13:00001f80
14243207ns          237869 1c008bc8 ee873733 p.bclr           x14, x14, 23, 8     x14=00000000 x14:00000000
14243227ns          237870 1c008bcc 1a10f6b7 lui              x13, 0x1a10f000     x13=1a10f000
14243247ns          237871 1c008bd0 00d70733 add              x14, x14, x13       x14=1a10f000 x14:00000000 x13:1a10f000
14243267ns          237872 1c008bd2 00e787b3 add              x15, x15, x14       x15=1a10f000 x15:00000000 x14:1a10f000
14243287ns          237873 1c008bd4 0ff57513 andi             x10, x10, 255       x10=00000043 x10:00000043
14243307ns          237874 1c008bd8 00a7a023 sw               x10, 0(x15)         x10:00000043 x15:1a10f000  PA:1a10f000
14243645ns          237891 1c008bda 00000513 addi             x10, x0, 0          x10=00000000
14243665ns          237892 1c008bdc 00008067 jalr             x0, x1, 0            x1:1c008ca2
14243724ns          237895 1c008ca2 4df52863 p.beqimm         x10, 1232           x10:00000000
14243744ns          237896 1c008ca6 00140413 addi             x8, x8, 1            x8=00000007  x8:00000006
14243764ns          237897 1c008ca8 001a450b p.lbu            x10, 1(x20!)        x10=0000006f x20=1c000061 x20:1c000060  PA:1c000060
14244082ns          237913 1c008cac fe0515e3 bne              x10, x0, -22        x10:0000006f
14244162ns          237917 1c008c96 02500793 addi             x15, x0, 37         x15=00000025
14244182ns          237918 1c008c9a 04f50763 beq              x10, x15, 78        x10:0000006f x15:00000025
14244202ns          237919 1c008c9e 009005b3 add              x11, x0, x9         x11=00000002  x9:00000002
14244222ns          237920 1c008ca0 000c80e7 jalr             x1, x25, 0           x1=1c008ca2 x25:1c008bb6
14244261ns          237922 1c008bb6 000026b7 lui              x13, 0x2000         x13=00002000
14244281ns          237923 1c008bb8 f8068693 addi             x13, x13, -128      x13=00001f80 x13:00002000
14244301ns          237924 1c008bbc f14027f3 csrrs            x15, x0, 0xf14      x15=00000000
14244321ns          237925 1c008bc0 00379713 slli             x14, x15, 0x3       x14=00000000 x15:00000000
14244341ns          237926 1c008bc4 00279793 slli             x15, x15, 0x2       x15=00000000 x15:00000000
14244361ns          237927 1c008bc6 00d7f7b3 and              x15, x15, x13       x15=00000000 x15:00000000 x13:00001f80
14244381ns          237928 1c008bc8 ee873733 p.bclr           x14, x14, 23, 8     x14=00000000 x14:00000000
14244401ns          237929 1c008bcc 1a10f6b7 lui              x13, 0x1a10f000     x13=1a10f000
14244420ns          237930 1c008bd0 00d70733 add              x14, x14, x13       x14=1a10f000 x14:00000000 x13:1a10f000
14244440ns          237931 1c008bd2 00e787b3 add              x15, x15, x14       x15=1a10f000 x15:00000000 x14:1a10f000
14244460ns          237932 1c008bd4 0ff57513 andi             x10, x10, 255       x10=0000006f x10:0000006f
14244480ns          237933 1c008bd8 00a7a023 sw               x10, 0(x15)         x10:0000006f x15:1a10f000  PA:1a10f000
14244818ns          237950 1c008bda 00000513 addi             x10, x0, 0          x10=00000000
14244838ns          237951 1c008bdc 00008067 jalr             x0, x1, 0            x1:1c008ca2
14244898ns          237954 1c008ca2 4df52863 p.beqimm         x10, 1232           x10:00000000
14244918ns          237955 1c008ca6 00140413 addi             x8, x8, 1            x8=00000008  x8:00000007
14244938ns          237956 1c008ca8 001a450b p.lbu            x10, 1(x20!)        x10=00000072 x20=1c000062 x20:1c000061  PA:1c000061
14245256ns          237972 1c008cac fe0515e3 bne              x10, x0, -22        x10:00000072
14245335ns          237976 1c008c96 02500793 addi             x15, x0, 37         x15=00000025
14245355ns          237977 1c008c9a 04f50763 beq              x10, x15, 78        x10:00000072 x15:00000025
14245375ns          237978 1c008c9e 009005b3 add              x11, x0, x9         x11=00000002  x9:00000002
14245395ns          237979 1c008ca0 000c80e7 jalr             x1, x25, 0           x1=1c008ca2 x25:1c008bb6
14245435ns          237981 1c008bb6 000026b7 lui              x13, 0x2000         x13=00002000
14245455ns          237982 1c008bb8 f8068693 addi             x13, x13, -128      x13=00001f80 x13:00002000
14245475ns          237983 1c008bbc f14027f3 csrrs            x15, x0, 0xf14      x15=00000000
14245494ns          237984 1c008bc0 00379713 slli             x14, x15, 0x3       x14=00000000 x15:00000000
14245514ns          237985 1c008bc4 00279793 slli             x15, x15, 0x2       x15=00000000 x15:00000000
14245534ns          237986 1c008bc6 00d7f7b3 and              x15, x15, x13       x15=00000000 x15:00000000 x13:00001f80
14245554ns          237987 1c008bc8 ee873733 p.bclr           x14, x14, 23, 8     x14=00000000 x14:00000000
14245574ns          237988 1c008bcc 1a10f6b7 lui              x13, 0x1a10f000     x13=1a10f000
14245594ns          237989 1c008bd0 00d70733 add              x14, x14, x13       x14=1a10f000 x14:00000000 x13:1a10f000
14245614ns          237990 1c008bd2 00e787b3 add              x15, x15, x14       x15=1a10f000 x15:00000000 x14:1a10f000
14245634ns          237991 1c008bd4 0ff57513 andi             x10, x10, 255       x10=00000072 x10:00000072
14245654ns          237992 1c008bd8 00a7a023 sw               x10, 0(x15)         x10:00000072 x15:1a10f000  PA:1a10f000
14245992ns          238009 1c008bda 00000513 addi             x10, x0, 0          x10=00000000
14246012ns          238010 1c008bdc 00008067 jalr             x0, x1, 0            x1:1c008ca2
14246071ns          238013 1c008ca2 4df52863 p.beqimm         x10, 1232           x10:00000000
14246091ns          238014 1c008ca6 00140413 addi             x8, x8, 1            x8=00000009  x8:00000008
14246111ns          238015 1c008ca8 001a450b p.lbu            x10, 1(x20!)        x10=00000065 x20=1c000063 x20:1c000062  PA:1c000062
14246429ns          238031 1c008cac fe0515e3 bne              x10, x0, -22        x10:00000065
14246509ns          238035 1c008c96 02500793 addi             x15, x0, 37         x15=00000025
14246529ns          238036 1c008c9a 04f50763 beq              x10, x15, 78        x10:00000065 x15:00000025
14246548ns          238037 1c008c9e 009005b3 add              x11, x0, x9         x11=00000002  x9:00000002
14246568ns          238038 1c008ca0 000c80e7 jalr             x1, x25, 0           x1=1c008ca2 x25:1c008bb6
14246608ns          238040 1c008bb6 000026b7 lui              x13, 0x2000         x13=00002000
14246628ns          238041 1c008bb8 f8068693 addi             x13, x13, -128      x13=00001f80 x13:00002000
14246648ns          238042 1c008bbc f14027f3 csrrs            x15, x0, 0xf14      x15=00000000
14246668ns          238043 1c008bc0 00379713 slli             x14, x15, 0x3       x14=00000000 x15:00000000
14246688ns          238044 1c008bc4 00279793 slli             x15, x15, 0x2       x15=00000000 x15:00000000
14246708ns          238045 1c008bc6 00d7f7b3 and              x15, x15, x13       x15=00000000 x15:00000000 x13:00001f80
14246727ns          238046 1c008bc8 ee873733 p.bclr           x14, x14, 23, 8     x14=00000000 x14:00000000
14246747ns          238047 1c008bcc 1a10f6b7 lui              x13, 0x1a10f000     x13=1a10f000
14246767ns          238048 1c008bd0 00d70733 add              x14, x14, x13       x14=1a10f000 x14:00000000 x13:1a10f000
14246787ns          238049 1c008bd2 00e787b3 add              x15, x15, x14       x15=1a10f000 x15:00000000 x14:1a10f000
14246807ns          238050 1c008bd4 0ff57513 andi             x10, x10, 255       x10=00000065 x10:00000065
14246827ns          238051 1c008bd8 00a7a023 sw               x10, 0(x15)         x10:00000065 x15:1a10f000  PA:1a10f000
14247185ns          238069 1c008bda 00000513 addi             x10, x0, 0          x10=00000000
14247205ns          238070 1c008bdc 00008067 jalr             x0, x1, 0            x1:1c008ca2
14247264ns          238073 1c008ca2 4df52863 p.beqimm         x10, 1232           x10:00000000
14247284ns          238074 1c008ca6 00140413 addi             x8, x8, 1            x8=0000000a  x8:00000009
14247304ns          238075 1c008ca8 001a450b p.lbu            x10, 1(x20!)        x10=00000020 x20=1c000064 x20:1c000063  PA:1c000063
14247622ns          238091 1c008cac fe0515e3 bne              x10, x0, -22        x10:00000020
14247702ns          238095 1c008c96 02500793 addi             x15, x0, 37         x15=00000025
14247722ns          238096 1c008c9a 04f50763 beq              x10, x15, 78        x10:00000020 x15:00000025
14247742ns          238097 1c008c9e 009005b3 add              x11, x0, x9         x11=00000002  x9:00000002
14247762ns          238098 1c008ca0 000c80e7 jalr             x1, x25, 0           x1=1c008ca2 x25:1c008bb6
14247801ns          238100 1c008bb6 000026b7 lui              x13, 0x2000         x13=00002000
14247821ns          238101 1c008bb8 f8068693 addi             x13, x13, -128      x13=00001f80 x13:00002000
14247841ns          238102 1c008bbc f14027f3 csrrs            x15, x0, 0xf14      x15=00000000
14247861ns          238103 1c008bc0 00379713 slli             x14, x15, 0x3       x14=00000000 x15:00000000
14247881ns          238104 1c008bc4 00279793 slli             x15, x15, 0x2       x15=00000000 x15:00000000
14247901ns          238105 1c008bc6 00d7f7b3 and              x15, x15, x13       x15=00000000 x15:00000000 x13:00001f80
14247921ns          238106 1c008bc8 ee873733 p.bclr           x14, x14, 23, 8     x14=00000000 x14:00000000
14247941ns          238107 1c008bcc 1a10f6b7 lui              x13, 0x1a10f000     x13=1a10f000
14247961ns          238108 1c008bd0 00d70733 add              x14, x14, x13       x14=1a10f000 x14:00000000 x13:1a10f000
14247980ns          238109 1c008bd2 00e787b3 add              x15, x15, x14       x15=1a10f000 x15:00000000 x14:1a10f000
14248000ns          238110 1c008bd4 0ff57513 andi             x10, x10, 255       x10=00000020 x10:00000020
14248020ns          238111 1c008bd8 00a7a023 sw               x10, 0(x15)         x10:00000020 x15:1a10f000  PA:1a10f000
14248338ns          238127 1c008bda 00000513 addi             x10, x0, 0          x10=00000000
14248358ns          238128 1c008bdc 00008067 jalr             x0, x1, 0            x1:1c008ca2
14248418ns          238131 1c008ca2 4df52863 p.beqimm         x10, 1232           x10:00000000
14248438ns          238132 1c008ca6 00140413 addi             x8, x8, 1            x8=0000000b  x8:0000000a
14248458ns          238133 1c008ca8 001a450b p.lbu            x10, 1(x20!)        x10=00000025 x20=1c000065 x20:1c000064  PA:1c000064
14248816ns          238151 1c008cac fe0515e3 bne              x10, x0, -22        x10:00000025
14248895ns          238155 1c008c96 02500793 addi             x15, x0, 37         x15=00000025
14248915ns          238156 1c008c9a 04f50763 beq              x10, x15, 78        x10:00000025 x15:00000025
14248975ns          238159 1c008ce8 01400c33 add              x24, x0, x20        x24=1c000065 x20:1c000065
14248995ns          238160 1c008cea 000c4a03 lbu              x20, 0(x24)         x20=00000064 x24:1c000065  PA:1c000065
14249313ns          238176 1c008cee 0b4d0513 addi             x10, x26, 180       x10=1c0000b4 x26:1c000000
14249333ns          238177 1c008cf2 00912e23 sw               x9, 28(x2)           x9:00000002  x2:10000618  PA:10000634
14249353ns          238178 1c008cf4 014005b3 add              x11, x0, x20        x11=00000064 x20:00000064
14249373ns          238179 1c008cf6 00012823 sw               x0, 16(x2)           x2:10000618  PA:10000628
14249392ns          238180 1c008cf8 00012a23 sw               x0, 20(x2)           x2:10000618  PA:1000062c
14249412ns          238181 1c008cfa 00012623 sw               x0, 12(x2)           x2:10000618  PA:10000624
14249432ns          238182 1c008cfc 001c0493 addi             x9, x24, 1           x9=1c000066 x24:1c000065
14249452ns          238183 1c008d00 e41ff0ef jal              x1, -448             x1=1c008d02
14249532ns          238187 1c008b40 00054703 lbu              x14, 0(x10)         x14=0000002d x10:1c0000b4  PA:1c0000b4
14249870ns          238204 1c008b44 0ff5f593 andi             x11, x11, 255       x11=00000064 x11:00000064
14249890ns          238205 1c008b48 00a007b3 add              x15, x0, x10        x15=1c0000b4 x10:1c0000b4
14249910ns          238206 1c008b4a 00b70863 beq              x14, x11, 16        x14:0000002d x11:00000064
14249929ns          238207 1c008b4e 00070863 beq              x14, x0, 16         x14:0000002d
14249949ns          238208 1c008b50 0017c703 lbu              x14, 1(x15)         x14=0000002b x15:1c0000b4  PA:1c0000b5
14250248ns          238223 1c008b54 00178793 addi             x15, x15, 1         x15=1c0000b5 x15:1c0000b4
14250268ns          238224 1c008b56 feb71ce3 bne              x14, x11, -8        x14:0000002b x11:00000064
14250327ns          238227 1c008b4e 00070863 beq              x14, x0, 16         x14:0000002b
14250347ns          238228 1c008b50 0017c703 lbu              x14, 1(x15)         x14=00000020 x15:1c0000b5  PA:1c0000b6
14250645ns          238243 1c008b54 00178793 addi             x15, x15, 1         x15=1c0000b6 x15:1c0000b5
14250665ns          238244 1c008b56 feb71ce3 bne              x14, x11, -8        x14:00000020 x11:00000064
14250725ns          238247 1c008b4e 00070863 beq              x14, x0, 16         x14:00000020
14250745ns          238248 1c008b50 0017c703 lbu              x14, 1(x15)         x14=00000023 x15:1c0000b6  PA:1c0000b7
14251063ns          238264 1c008b54 00178793 addi             x15, x15, 1         x15=1c0000b7 x15:1c0000b6
14251083ns          238265 1c008b56 feb71ce3 bne              x14, x11, -8        x14:00000023 x11:00000064
14251143ns          238268 1c008b4e 00070863 beq              x14, x0, 16         x14:00000023
14251163ns          238269 1c008b50 0017c703 lbu              x14, 1(x15)         x14=00000030 x15:1c0000b7  PA:1c0000b8
14251501ns          238286 1c008b54 00178793 addi             x15, x15, 1         x15=1c0000b8 x15:1c0000b7
14251520ns          238287 1c008b56 feb71ce3 bne              x14, x11, -8        x14:00000030 x11:00000064
14251580ns          238290 1c008b4e 00070863 beq              x14, x0, 16         x14:00000030
14251600ns          238291 1c008b50 0017c703 lbu              x14, 1(x15)         x14=00000000 x15:1c0000b8  PA:1c0000b9
14251898ns          238306 1c008b54 00178793 addi             x15, x15, 1         x15=1c0000b9 x15:1c0000b8
14251918ns          238307 1c008b56 feb71ce3 bne              x14, x11, -8        x14:00000000 x11:00000064
14251978ns          238310 1c008b4e 00070863 beq              x14, x0, 16         x14:00000000
14252038ns          238313 1c008b5e 00000513 addi             x10, x0, 0          x10=00000000
14252057ns          238314 1c008b60 fe058de3 beq              x11, x0, -6         x11:00000064
14252077ns          238315 1c008b62 00008067 jalr             x0, x1, 0            x1:1c008d02
14252137ns          238318 1c008d02 02000913 addi             x18, x0, 32         x18=00000020
14252157ns          238319 1c008d06 00000993 addi             x19, x0, 0          x19=00000000
14252177ns          238320 1c008d08 02b00a93 addi             x21, x0, 43         x21=0000002b
14252197ns          238321 1c008d0c 02d00b93 addi             x23, x0, 45         x23=0000002d
14252217ns          238322 1c008d10 03000b13 addi             x22, x0, 48         x22=00000030
14252236ns          238323 1c008d14 00900633 add              x12, x0, x9         x12=1c000066  x9:1c000066
14252256ns          238324 1c008d16 02050963 beq              x10, x0, 50         x10:00000000
14252356ns          238329 1c008d48 03312623 sw               x19, 44(x2)         x19:00000000  x2:10000618  PA:10000644
14252376ns          238330 1c008d4a 02a00693 addi             x13, x0, 42         x13=0000002a
14252396ns          238331 1c008d4e 014009b3 add              x19, x0, x20        x19=00000064 x20:00000064
14252435ns          238333 1c008d50 01800a33 add              x20, x0, x24        x20=1c000065 x24:1c000065
14252455ns          238334 1c008d52 00900c33 add              x24, x0, x9         x24=1c000066  x9:1c000066
14252475ns          238335 1c008d54 01c12483 lw               x9, 28(x2)           x9=00000002  x2:10000618  PA:10000634
14252495ns          238336 1c008d56 42d98063 beq              x19, x13, 1056      x19:00000064 x13:0000002a
14252515ns          238337 1c008d5a fd098693 addi             x13, x19, -48       x13=00000034 x19:00000064
14252535ns          238338 1c008d5e 00900513 addi             x10, x0, 9          x10=00000009
14252575ns          238340 1c008d60 00000a93 addi             x21, x0, 0          x21=00000000
14252614ns          238342 1c008d62 3cd57f63 bgeu             x10, x13, 990       x10:00000009 x13:00000034
14252634ns          238343 1c008d66 02e00793 addi             x15, x0, 46         x15=0000002e
14252654ns          238344 1c008d6a fff00b13 addi             x22, x0, -1         x22=ffffffff
14252674ns          238345 1c008d6c 04f981e3 beq              x19, x15, 2114      x19:00000064 x15:0000002e
14252714ns          238347 1c008d70 1c0007b7 lui              x15, 0x1c000000     x15=1c000000
14252754ns          238349 1c008d74 013005b3 add              x11, x0, x19        x11=00000064 x19:00000064
14252773ns          238350 1c008d76 0bc78513 addi             x10, x15, 188       x10=1c0000bc x15:1c000000
14252793ns          238351 1c008d7a 00c12e23 sw               x12, 28(x2)         x12:1c000066  x2:10000618  PA:10000634
14252813ns          238352 1c008d7c dc5ff0ef jal              x1, -572             x1=1c008d7e
14252893ns          238356 1c008b40 00054703 lbu              x14, 0(x10)         x14=00000068 x10:1c0000bc  PA:1c0000bc
14253231ns          238373 1c008b44 0ff5f593 andi             x11, x11, 255       x11=00000064 x11:00000064
14253251ns          238374 1c008b48 00a007b3 add              x15, x0, x10        x15=1c0000bc x10:1c0000bc
14253271ns          238375 1c008b4a 00b70863 beq              x14, x11, 16        x14:00000068 x11:00000064
14253291ns          238376 1c008b4e 00070863 beq              x14, x0, 16         x14:00000068
14253310ns          238377 1c008b50 0017c703 lbu              x14, 1(x15)         x14=0000006c x15:1c0000bc  PA:1c0000bd
14253609ns          238392 1c008b54 00178793 addi             x15, x15, 1         x15=1c0000bd x15:1c0000bc
14253629ns          238393 1c008b56 feb71ce3 bne              x14, x11, -8        x14:0000006c x11:00000064
14253688ns          238396 1c008b4e 00070863 beq              x14, x0, 16         x14:0000006c
14253708ns          238397 1c008b50 0017c703 lbu              x14, 1(x15)         x14=0000004c x15:1c0000bd  PA:1c0000be
14254006ns          238412 1c008b54 00178793 addi             x15, x15, 1         x15=1c0000be x15:1c0000bd
14254026ns          238413 1c008b56 feb71ce3 bne              x14, x11, -8        x14:0000004c x11:00000064
14254086ns          238416 1c008b4e 00070863 beq              x14, x0, 16         x14:0000004c
14254106ns          238417 1c008b50 0017c703 lbu              x14, 1(x15)         x14=0000007a x15:1c0000be  PA:1c0000bf
14254404ns          238432 1c008b54 00178793 addi             x15, x15, 1         x15=1c0000bf x15:1c0000be
14254424ns          238433 1c008b56 feb71ce3 bne              x14, x11, -8        x14:0000007a x11:00000064
14254484ns          238436 1c008b4e 00070863 beq              x14, x0, 16         x14:0000007a
14254504ns          238437 1c008b50 0017c703 lbu              x14, 1(x15)         x14=00000000 x15:1c0000bf  PA:1c0000c0
14254802ns          238452 1c008b54 00178793 addi             x15, x15, 1         x15=1c0000c0 x15:1c0000bf
14254822ns          238453 1c008b56 feb71ce3 bne              x14, x11, -8        x14:00000000 x11:00000064
14254882ns          238456 1c008b4e 00070863 beq              x14, x0, 16         x14:00000000
14254941ns          238459 1c008b5e 00000513 addi             x10, x0, 0          x10=00000000
14254961ns          238460 1c008b60 fe058de3 beq              x11, x0, -6         x11:00000064
14254981ns          238461 1c008b62 00008067 jalr             x0, x1, 0            x1:1c008d7e
14255021ns          238463 1c008d7e 01c12603 lw               x12, 28(x2)         x12=1c000066  x2:10000618  PA:10000634
14255061ns          238465 1c008d80 00c00a33 add              x20, x0, x12        x20=1c000066 x12:1c000066
14255080ns          238466 1c008d82 00050563 beq              x10, x0, 10         x10:00000000
14255140ns          238469 1c008d8c 06900793 addi             x15, x0, 105        x15=00000069
14255160ns          238470 1c008d90 1cf98be3 beq              x19, x15, 2518      x19:00000064 x15:00000069
14255180ns          238471 1c008d94 4b37ce63 blt              x15, x19, 1212      x15:00000069 x19:00000064
14255200ns          238472 1c008d98 05800793 addi             x15, x0, 88         x15=00000058
14255220ns          238473 1c008d9c 4cf98863 beq              x19, x15, 1232      x19:00000064 x15:00000058
14255279ns          238476 1c008da0 3f37cd63 blt              x15, x19, 1018      x15:00000058 x19:00000064
14255419ns          238483 1c00919a 06400793 addi             x15, x0, 100        x15=00000064
14255478ns          238486 1c00919e 5cf98463 beq              x19, x15, 1480      x19:00000064 x15:00000064
14255538ns          238489 1c009766 01812b83 lw               x23, 24(x2)         x23=10000780  x2:10000618  PA:10000630
14255578ns          238491 1c009768 004ba60b p.lw             x12, 4(x23!)        x12=00000000 x23=10000784 x23:10000780  PA:10000780
14255617ns          238493 1c00976c 48064963 blt              x12, x0, 1170       x12:00000000
14255637ns          238494 1c009770 01412783 lw               x15, 20(x2)         x15=00000000  x2:10000618  PA:1000062c
14255657ns          238495 1c009772 00c00733 add              x14, x0, x12        x14=00000000 x12:00000000
14255677ns          238496 1c009774 56078863 beq              x15, x0, 1392       x15:00000000
14255836ns          238504 1c009ce4 01012783 lw               x15, 16(x2)         x15=00000000  x2:10000618  PA:10000628
14255856ns          238505 1c009ce6 01b00533 add              x10, x0, x27        x10=1000064c x27:1000064c
14255876ns          238506 1c009ce8 a8078ee3 beq              x15, x0, -1380      x15:00000000
14255995ns          238512 1c009784 00a007b3 add              x15, x0, x10        x15=1000064c x10:1000064c
14256015ns          238513 1c009786 00a00593 addi             x11, x0, 10         x11=0000000a
14256035ns          238514 1c009788 00900313 addi             x6, x0, 9            x6=00000009
14256055ns          238515 1c00978a 02b776b3 remu             x13, x14, x11       x13=00000000 x14:00000000 x11:0000000a
14256671ns          238546 1c00978e 00e00833 add              x16, x0, x14        x16=00000000 x14:00000000
14256691ns          238547 1c009790 00f008b3 add              x17, x0, x15        x17=1000064c x15:1000064c
14256711ns          238548 1c009792 03068693 addi             x13, x13, 48        x13=00000030 x13:00000000
14256731ns          238549 1c009796 00d780ab p.sb             x13, 1(x15!)        x15=1000064d x13:00000030 x15:1000064c  PA:1000064c
14256751ns          238550 1c00979a 02b75733 divu             x14, x14, x11       x14=00000000 x14:00000000 x11:0000000a
14257368ns          238581 1c00979e ff0366e3 bltu             x6, x16, -20         x6:00000009 x16:00000000
14257387ns          238582 1c0097a2 40a78733 sub              x14, x15, x10       x14=00000001 x15:1000064d x10:1000064c
14257407ns          238583 1c0097a6 01675c63 bge              x14, x22, 24        x14:00000001 x22:ffffffff
14257527ns          238589 1c0097be 00078023 sb               x0, 0(x15)          x15:1000064d  PA:1000064d
14257566ns          238591 1c0097c2 0b157563 bgeu             x10, x17, 170       x10:1000064c x17:1000064c
14257666ns          238596 1c00986c 01412703 lw               x14, 20(x2)         x14=00000000  x2:10000618  PA:1000062c
14257686ns          238597 1c00986e 01012683 lw               x13, 16(x2)         x13=00000000  x2:10000618  PA:10000628
14257745ns          238600 1c009870 41b787b3 sub              x15, x15, x27       x15=00000001 x15:1000064d x27:1000064c
14257785ns          238602 1c009874 00d76733 or               x14, x14, x13       x14=00000000 x14:00000000 x13:00000000
14257805ns          238603 1c009876 02e12623 sw               x14, 44(x2)         x14:00000000  x2:10000618  PA:10000644
14257825ns          238604 1c009878 b0071be3 bne              x14, x0, -1258      x14:00000000
14257845ns          238605 1c00987c 01f65713 srli             x14, x12, 0x1f      x14=00000000 x12:00000000
14257885ns          238607 1c009880 02e12623 sw               x14, 44(x2)         x14:00000000  x2:10000618  PA:10000644
14257905ns          238608 1c009882 b0dff06f jal              x0, -1268          
14257964ns          238611 1c00938e ebfb2be3 p.beqimm         x22, -330           x22:ffffffff
14258064ns          238616 1c009244 0c800713 addi             x14, x0, 200        x14=000000c8
14258103ns          238618 1c009248 14f75b63 bge              x14, x15, 342       x14:000000c8 x15:00000001
14258282ns          238627 1c00939e 00178613 addi             x12, x15, 1         x12=00000002 x15:00000001
14258322ns          238629 1c0093a2 0557c863 blt              x15, x21, 80        x15:00000001 x21:00000000
14258342ns          238630 1c0093a6 01712c23 sw               x23, 24(x2)         x23:10000784  x2:10000618  PA:10000630
14258362ns          238631 1c0093a8 00f00ab3 add              x21, x0, x15        x21=00000001 x15:00000001
14258382ns          238632 1c0093aa 8e0a8fe3 beq              x21, x0, -1794      x21:00000001
14258402ns          238633 1c0093ae 01b00933 add              x18, x0, x27        x18=1000064c x27:1000064c
14258422ns          238634 1c0093b0 41b409b3 sub              x19, x8, x27        x19=effff9bf  x8:0000000b x27:1000064c
14258442ns          238635 1c0093b4 01ba8ab3 add              x21, x21, x27       x21=1000064d x21:00000001 x27:1000064c
14258461ns          238636 1c0093b6 00a0006f jal              x0, 10             
14258541ns          238640 1c0093c0 0019450b p.lbu            x10, 1(x18!)        x10=00000030 x18=1000064d x18:1000064c  PA:1000064c
14258561ns          238641 1c0093c4 009005b3 add              x11, x0, x9         x11=00000002  x9:00000002
14258581ns          238642 1c0093c6 000c80e7 jalr             x1, x25, 0           x1=1c0093c8 x25:1c008bb6
14258621ns          238644 1c008bb6 000026b7 lui              x13, 0x2000         x13=00002000
14258640ns          238645 1c008bb8 f8068693 addi             x13, x13, -128      x13=00001f80 x13:00002000
14258660ns          238646 1c008bbc f14027f3 csrrs            x15, x0, 0xf14      x15=00000000
14258720ns          238649 1c008bc0 00379713 slli             x14, x15, 0x3       x14=00000000 x15:00000000
14258760ns          238651 1c008bc4 00279793 slli             x15, x15, 0x2       x15=00000000 x15:00000000
14258780ns          238652 1c008bc6 00d7f7b3 and              x15, x15, x13       x15=00000000 x15:00000000 x13:00001f80
14258800ns          238653 1c008bc8 ee873733 p.bclr           x14, x14, 23, 8     x14=00000000 x14:00000000
14258819ns          238654 1c008bcc 1a10f6b7 lui              x13, 0x1a10f000     x13=1a10f000
14258859ns          238656 1c008bd0 00d70733 add              x14, x14, x13       x14=1a10f000 x14:00000000 x13:1a10f000
14258879ns          238657 1c008bd2 00e787b3 add              x15, x15, x14       x15=1a10f000 x15:00000000 x14:1a10f000
14258899ns          238658 1c008bd4 0ff57513 andi             x10, x10, 255       x10=00000030 x10:00000030
14258919ns          238659 1c008bd8 00a7a023 sw               x10, 0(x15)         x10:00000030 x15:1a10f000  PA:1a10f000
14259237ns          238675 1c008bda 00000513 addi             x10, x0, 0          x10=00000000
14259257ns          238676 1c008bdc 00008067 jalr             x0, x1, 0            x1:1c0093c8
14259297ns          238678 1c0093c8 fff538e3 p.bneimm         x10, -16            x10:00000000
14259356ns          238681 1c0093b8 01298433 add              x8, x19, x18         x8=0000000c x19:effff9bf x18:1000064d
14259376ns          238682 1c0093bc 8f2a86e3 beq              x21, x18, -1812     x21:1000064d x18:1000064d
14259476ns          238687 1c008ca8 001a450b p.lbu            x10, 1(x20!)        x10=00000029 x20=1c000067 x20:1c000066  PA:1c000066
14259794ns          238703 1c008cac fe0515e3 bne              x10, x0, -22        x10:00000029
14259933ns          238710 1c008c96 02500793 addi             x15, x0, 37         x15=00000025
14259953ns          238711 1c008c9a 04f50763 beq              x10, x15, 78        x10:00000029 x15:00000025
14259973ns          238712 1c008c9e 009005b3 add              x11, x0, x9         x11=00000002  x9:00000002
14259993ns          238713 1c008ca0 000c80e7 jalr             x1, x25, 0           x1=1c008ca2 x25:1c008bb6
14260033ns          238715 1c008bb6 000026b7 lui              x13, 0x2000         x13=00002000
14260052ns          238716 1c008bb8 f8068693 addi             x13, x13, -128      x13=00001f80 x13:00002000
14260072ns          238717 1c008bbc f14027f3 csrrs            x15, x0, 0xf14      x15=00000000
14260092ns          238718 1c008bc0 00379713 slli             x14, x15, 0x3       x14=00000000 x15:00000000
14260112ns          238719 1c008bc4 00279793 slli             x15, x15, 0x2       x15=00000000 x15:00000000
14260132ns          238720 1c008bc6 00d7f7b3 and              x15, x15, x13       x15=00000000 x15:00000000 x13:00001f80
14260152ns          238721 1c008bc8 ee873733 p.bclr           x14, x14, 23, 8     x14=00000000 x14:00000000
14260172ns          238722 1c008bcc 1a10f6b7 lui              x13, 0x1a10f000     x13=1a10f000
14260192ns          238723 1c008bd0 00d70733 add              x14, x14, x13       x14=1a10f000 x14:00000000 x13:1a10f000
14260212ns          238724 1c008bd2 00e787b3 add              x15, x15, x14       x15=1a10f000 x15:00000000 x14:1a10f000
14260231ns          238725 1c008bd4 0ff57513 andi             x10, x10, 255       x10=00000029 x10:00000029
14260251ns          238726 1c008bd8 00a7a023 sw               x10, 0(x15)         x10:00000029 x15:1a10f000  PA:1a10f000
14260570ns          238742 1c008bda 00000513 addi             x10, x0, 0          x10=00000000
14260589ns          238743 1c008bdc 00008067 jalr             x0, x1, 0            x1:1c008ca2
14260649ns          238746 1c008ca2 4df52863 p.beqimm         x10, 1232           x10:00000000
14260669ns          238747 1c008ca6 00140413 addi             x8, x8, 1            x8=0000000d  x8:0000000c
14260689ns          238748 1c008ca8 001a450b p.lbu            x10, 1(x20!)        x10=00000020 x20=1c000068 x20:1c000067  PA:1c000067
14261007ns          238764 1c008cac fe0515e3 bne              x10, x0, -22        x10:00000020
14261087ns          238768 1c008c96 02500793 addi             x15, x0, 37         x15=00000025
14261107ns          238769 1c008c9a 04f50763 beq              x10, x15, 78        x10:00000020 x15:00000025
14261126ns          238770 1c008c9e 009005b3 add              x11, x0, x9         x11=00000002  x9:00000002
14261146ns          238771 1c008ca0 000c80e7 jalr             x1, x25, 0           x1=1c008ca2 x25:1c008bb6
14261186ns          238773 1c008bb6 000026b7 lui              x13, 0x2000         x13=00002000
14261206ns          238774 1c008bb8 f8068693 addi             x13, x13, -128      x13=00001f80 x13:00002000
14261226ns          238775 1c008bbc f14027f3 csrrs            x15, x0, 0xf14      x15=00000000
14261246ns          238776 1c008bc0 00379713 slli             x14, x15, 0x3       x14=00000000 x15:00000000
14261266ns          238777 1c008bc4 00279793 slli             x15, x15, 0x2       x15=00000000 x15:00000000
14261286ns          238778 1c008bc6 00d7f7b3 and              x15, x15, x13       x15=00000000 x15:00000000 x13:00001f80
14261305ns          238779 1c008bc8 ee873733 p.bclr           x14, x14, 23, 8     x14=00000000 x14:00000000
14261325ns          238780 1c008bcc 1a10f6b7 lui              x13, 0x1a10f000     x13=1a10f000
14261345ns          238781 1c008bd0 00d70733 add              x14, x14, x13       x14=1a10f000 x14:00000000 x13:1a10f000
14261365ns          238782 1c008bd2 00e787b3 add              x15, x15, x14       x15=1a10f000 x15:00000000 x14:1a10f000
14261385ns          238783 1c008bd4 0ff57513 andi             x10, x10, 255       x10=00000020 x10:00000020
14261405ns          238784 1c008bd8 00a7a023 sw               x10, 0(x15)         x10:00000020 x15:1a10f000  PA:1a10f000
14261723ns          238800 1c008bda 00000513 addi             x10, x0, 0          x10=00000000
14261743ns          238801 1c008bdc 00008067 jalr             x0, x1, 0            x1:1c008ca2
14261803ns          238804 1c008ca2 4df52863 p.beqimm         x10, 1232           x10:00000000
14261822ns          238805 1c008ca6 00140413 addi             x8, x8, 1            x8=0000000e  x8:0000000d
14261842ns          238806 1c008ca8 001a450b p.lbu            x10, 1(x20!)        x10=00000045 x20=1c000069 x20:1c000068  PA:1c000068
14262180ns          238823 1c008cac fe0515e3 bne              x10, x0, -22        x10:00000045
14262260ns          238827 1c008c96 02500793 addi             x15, x0, 37         x15=00000025
14262280ns          238828 1c008c9a 04f50763 beq              x10, x15, 78        x10:00000045 x15:00000025
14262300ns          238829 1c008c9e 009005b3 add              x11, x0, x9         x11=00000002  x9:00000002
14262320ns          238830 1c008ca0 000c80e7 jalr             x1, x25, 0           x1=1c008ca2 x25:1c008bb6
14262359ns          238832 1c008bb6 000026b7 lui              x13, 0x2000         x13=00002000
14262379ns          238833 1c008bb8 f8068693 addi             x13, x13, -128      x13=00001f80 x13:00002000
14262399ns          238834 1c008bbc f14027f3 csrrs            x15, x0, 0xf14      x15=00000000
14262419ns          238835 1c008bc0 00379713 slli             x14, x15, 0x3       x14=00000000 x15:00000000
14262439ns          238836 1c008bc4 00279793 slli             x15, x15, 0x2       x15=00000000 x15:00000000
14262459ns          238837 1c008bc6 00d7f7b3 and              x15, x15, x13       x15=00000000 x15:00000000 x13:00001f80
14262479ns          238838 1c008bc8 ee873733 p.bclr           x14, x14, 23, 8     x14=00000000 x14:00000000
14262499ns          238839 1c008bcc 1a10f6b7 lui              x13, 0x1a10f000     x13=1a10f000
14262519ns          238840 1c008bd0 00d70733 add              x14, x14, x13       x14=1a10f000 x14:00000000 x13:1a10f000
14262538ns          238841 1c008bd2 00e787b3 add              x15, x15, x14       x15=1a10f000 x15:00000000 x14:1a10f000
14262558ns          238842 1c008bd4 0ff57513 andi             x10, x10, 255       x10=00000045 x10:00000045
14262578ns          238843 1c008bd8 00a7a023 sw               x10, 0(x15)         x10:00000045 x15:1a10f000  PA:1a10f000
14262896ns          238859 1c008bda 00000513 addi             x10, x0, 0          x10=00000000
14262916ns          238860 1c008bdc 00008067 jalr             x0, x1, 0            x1:1c008ca2
14262976ns          238863 1c008ca2 4df52863 p.beqimm         x10, 1232           x10:00000000
14262996ns          238864 1c008ca6 00140413 addi             x8, x8, 1            x8=0000000f  x8:0000000e
14263016ns          238865 1c008ca8 001a450b p.lbu            x10, 1(x20!)        x10=00000072 x20=1c00006a x20:1c000069  PA:1c000069
14263334ns          238881 1c008cac fe0515e3 bne              x10, x0, -22        x10:00000072
14263414ns          238885 1c008c96 02500793 addi             x15, x0, 37         x15=00000025
14263433ns          238886 1c008c9a 04f50763 beq              x10, x15, 78        x10:00000072 x15:00000025
14263453ns          238887 1c008c9e 009005b3 add              x11, x0, x9         x11=00000002  x9:00000002
14263473ns          238888 1c008ca0 000c80e7 jalr             x1, x25, 0           x1=1c008ca2 x25:1c008bb6
14263513ns          238890 1c008bb6 000026b7 lui              x13, 0x2000         x13=00002000
14263533ns          238891 1c008bb8 f8068693 addi             x13, x13, -128      x13=00001f80 x13:00002000
14263553ns          238892 1c008bbc f14027f3 csrrs            x15, x0, 0xf14      x15=00000000
14263573ns          238893 1c008bc0 00379713 slli             x14, x15, 0x3       x14=00000000 x15:00000000
14263593ns          238894 1c008bc4 00279793 slli             x15, x15, 0x2       x15=00000000 x15:00000000
14263612ns          238895 1c008bc6 00d7f7b3 and              x15, x15, x13       x15=00000000 x15:00000000 x13:00001f80
14263632ns          238896 1c008bc8 ee873733 p.bclr           x14, x14, 23, 8     x14=00000000 x14:00000000
14263652ns          238897 1c008bcc 1a10f6b7 lui              x13, 0x1a10f000     x13=1a10f000
14263672ns          238898 1c008bd0 00d70733 add              x14, x14, x13       x14=1a10f000 x14:00000000 x13:1a10f000
14263692ns          238899 1c008bd2 00e787b3 add              x15, x15, x14       x15=1a10f000 x15:00000000 x14:1a10f000
14263712ns          238900 1c008bd4 0ff57513 andi             x10, x10, 255       x10=00000072 x10:00000072
14263732ns          238901 1c008bd8 00a7a023 sw               x10, 0(x15)         x10:00000072 x15:1a10f000  PA:1a10f000
14264050ns          238917 1c008bda 00000513 addi             x10, x0, 0          x10=00000000
14264070ns          238918 1c008bdc 00008067 jalr             x0, x1, 0            x1:1c008ca2
14264129ns          238921 1c008ca2 4df52863 p.beqimm         x10, 1232           x10:00000000
14264149ns          238922 1c008ca6 00140413 addi             x8, x8, 1            x8=00000010  x8:0000000f
14264169ns          238923 1c008ca8 001a450b p.lbu            x10, 1(x20!)        x10=00000072 x20=1c00006b x20:1c00006a  PA:1c00006a
14264487ns          238939 1c008cac fe0515e3 bne              x10, x0, -22        x10:00000072
14264567ns          238943 1c008c96 02500793 addi             x15, x0, 37         x15=00000025
14264587ns          238944 1c008c9a 04f50763 beq              x10, x15, 78        x10:00000072 x15:00000025
14264607ns          238945 1c008c9e 009005b3 add              x11, x0, x9         x11=00000002  x9:00000002
14264627ns          238946 1c008ca0 000c80e7 jalr             x1, x25, 0           x1=1c008ca2 x25:1c008bb6
14264666ns          238948 1c008bb6 000026b7 lui              x13, 0x2000         x13=00002000
14264686ns          238949 1c008bb8 f8068693 addi             x13, x13, -128      x13=00001f80 x13:00002000
14264706ns          238950 1c008bbc f14027f3 csrrs            x15, x0, 0xf14      x15=00000000
14264726ns          238951 1c008bc0 00379713 slli             x14, x15, 0x3       x14=00000000 x15:00000000
14264746ns          238952 1c008bc4 00279793 slli             x15, x15, 0x2       x15=00000000 x15:00000000
14264766ns          238953 1c008bc6 00d7f7b3 and              x15, x15, x13       x15=00000000 x15:00000000 x13:00001f80
14264786ns          238954 1c008bc8 ee873733 p.bclr           x14, x14, 23, 8     x14=00000000 x14:00000000
14264806ns          238955 1c008bcc 1a10f6b7 lui              x13, 0x1a10f000     x13=1a10f000
14264826ns          238956 1c008bd0 00d70733 add              x14, x14, x13       x14=1a10f000 x14:00000000 x13:1a10f000
14264845ns          238957 1c008bd2 00e787b3 add              x15, x15, x14       x15=1a10f000 x15:00000000 x14:1a10f000
14264865ns          238958 1c008bd4 0ff57513 andi             x10, x10, 255       x10=00000072 x10:00000072
14264885ns          238959 1c008bd8 00a7a023 sw               x10, 0(x15)         x10:00000072 x15:1a10f000  PA:1a10f000
14265203ns          238975 1c008bda 00000513 addi             x10, x0, 0          x10=00000000
14265223ns          238976 1c008bdc 00008067 jalr             x0, x1, 0            x1:1c008ca2
14265283ns          238979 1c008ca2 4df52863 p.beqimm         x10, 1232           x10:00000000
14265303ns          238980 1c008ca6 00140413 addi             x8, x8, 1            x8=00000011  x8:00000010
14265323ns          238981 1c008ca8 001a450b p.lbu            x10, 1(x20!)        x10=0000006f x20=1c00006c x20:1c00006b  PA:1c00006b
14265661ns          238998 1c008cac fe0515e3 bne              x10, x0, -22        x10:0000006f
14265740ns          239002 1c008c96 02500793 addi             x15, x0, 37         x15=00000025
14265760ns          239003 1c008c9a 04f50763 beq              x10, x15, 78        x10:0000006f x15:00000025
14265780ns          239004 1c008c9e 009005b3 add              x11, x0, x9         x11=00000002  x9:00000002
14265800ns          239005 1c008ca0 000c80e7 jalr             x1, x25, 0           x1=1c008ca2 x25:1c008bb6
14265840ns          239007 1c008bb6 000026b7 lui              x13, 0x2000         x13=00002000
14265860ns          239008 1c008bb8 f8068693 addi             x13, x13, -128      x13=00001f80 x13:00002000
14265880ns          239009 1c008bbc f14027f3 csrrs            x15, x0, 0xf14      x15=00000000
14265900ns          239010 1c008bc0 00379713 slli             x14, x15, 0x3       x14=00000000 x15:00000000
14265919ns          239011 1c008bc4 00279793 slli             x15, x15, 0x2       x15=00000000 x15:00000000
14265939ns          239012 1c008bc6 00d7f7b3 and              x15, x15, x13       x15=00000000 x15:00000000 x13:00001f80
14265959ns          239013 1c008bc8 ee873733 p.bclr           x14, x14, 23, 8     x14=00000000 x14:00000000
14265979ns          239014 1c008bcc 1a10f6b7 lui              x13, 0x1a10f000     x13=1a10f000
14265999ns          239015 1c008bd0 00d70733 add              x14, x14, x13       x14=1a10f000 x14:00000000 x13:1a10f000
14266019ns          239016 1c008bd2 00e787b3 add              x15, x15, x14       x15=1a10f000 x15:00000000 x14:1a10f000
14266039ns          239017 1c008bd4 0ff57513 andi             x10, x10, 255       x10=0000006f x10:0000006f
14266059ns          239018 1c008bd8 00a7a023 sw               x10, 0(x15)         x10:0000006f x15:1a10f000  PA:1a10f000
14266377ns          239034 1c008bda 00000513 addi             x10, x0, 0          x10=00000000
14266397ns          239035 1c008bdc 00008067 jalr             x0, x1, 0            x1:1c008ca2
14266456ns          239038 1c008ca2 4df52863 p.beqimm         x10, 1232           x10:00000000
14266476ns          239039 1c008ca6 00140413 addi             x8, x8, 1            x8=00000012  x8:00000011
14266496ns          239040 1c008ca8 001a450b p.lbu            x10, 1(x20!)        x10=00000072 x20=1c00006d x20:1c00006c  PA:1c00006c
14266814ns          239056 1c008cac fe0515e3 bne              x10, x0, -22        x10:00000072
14266894ns          239060 1c008c96 02500793 addi             x15, x0, 37         x15=00000025
14266914ns          239061 1c008c9a 04f50763 beq              x10, x15, 78        x10:00000072 x15:00000025
14266934ns          239062 1c008c9e 009005b3 add              x11, x0, x9         x11=00000002  x9:00000002
14266954ns          239063 1c008ca0 000c80e7 jalr             x1, x25, 0           x1=1c008ca2 x25:1c008bb6
14266993ns          239065 1c008bb6 000026b7 lui              x13, 0x2000         x13=00002000
14267013ns          239066 1c008bb8 f8068693 addi             x13, x13, -128      x13=00001f80 x13:00002000
14267033ns          239067 1c008bbc f14027f3 csrrs            x15, x0, 0xf14      x15=00000000
14267053ns          239068 1c008bc0 00379713 slli             x14, x15, 0x3       x14=00000000 x15:00000000
14267073ns          239069 1c008bc4 00279793 slli             x15, x15, 0x2       x15=00000000 x15:00000000
14267093ns          239070 1c008bc6 00d7f7b3 and              x15, x15, x13       x15=00000000 x15:00000000 x13:00001f80
14267113ns          239071 1c008bc8 ee873733 p.bclr           x14, x14, 23, 8     x14=00000000 x14:00000000
14267133ns          239072 1c008bcc 1a10f6b7 lui              x13, 0x1a10f000     x13=1a10f000
14267152ns          239073 1c008bd0 00d70733 add              x14, x14, x13       x14=1a10f000 x14:00000000 x13:1a10f000
14267172ns          239074 1c008bd2 00e787b3 add              x15, x15, x14       x15=1a10f000 x15:00000000 x14:1a10f000
14267192ns          239075 1c008bd4 0ff57513 andi             x10, x10, 255       x10=00000072 x10:00000072
14267212ns          239076 1c008bd8 00a7a023 sw               x10, 0(x15)         x10:00000072 x15:1a10f000  PA:1a10f000
14267550ns          239093 1c008bda 00000513 addi             x10, x0, 0          x10=00000000
14267570ns          239094 1c008bdc 00008067 jalr             x0, x1, 0            x1:1c008ca2
14267630ns          239097 1c008ca2 4df52863 p.beqimm         x10, 1232           x10:00000000
14267650ns          239098 1c008ca6 00140413 addi             x8, x8, 1            x8=00000013  x8:00000012
14267670ns          239099 1c008ca8 001a450b p.lbu            x10, 1(x20!)        x10=00000073 x20=1c00006e x20:1c00006d  PA:1c00006d
14268008ns          239116 1c008cac fe0515e3 bne              x10, x0, -22        x10:00000073
14268087ns          239120 1c008c96 02500793 addi             x15, x0, 37         x15=00000025
14268107ns          239121 1c008c9a 04f50763 beq              x10, x15, 78        x10:00000073 x15:00000025
14268127ns          239122 1c008c9e 009005b3 add              x11, x0, x9         x11=00000002  x9:00000002
14268147ns          239123 1c008ca0 000c80e7 jalr             x1, x25, 0           x1=1c008ca2 x25:1c008bb6
14268187ns          239125 1c008bb6 000026b7 lui              x13, 0x2000         x13=00002000
14268207ns          239126 1c008bb8 f8068693 addi             x13, x13, -128      x13=00001f80 x13:00002000
14268226ns          239127 1c008bbc f14027f3 csrrs            x15, x0, 0xf14      x15=00000000
14268246ns          239128 1c008bc0 00379713 slli             x14, x15, 0x3       x14=00000000 x15:00000000
14268266ns          239129 1c008bc4 00279793 slli             x15, x15, 0x2       x15=00000000 x15:00000000
14268286ns          239130 1c008bc6 00d7f7b3 and              x15, x15, x13       x15=00000000 x15:00000000 x13:00001f80
14268306ns          239131 1c008bc8 ee873733 p.bclr           x14, x14, 23, 8     x14=00000000 x14:00000000
14268326ns          239132 1c008bcc 1a10f6b7 lui              x13, 0x1a10f000     x13=1a10f000
14268346ns          239133 1c008bd0 00d70733 add              x14, x14, x13       x14=1a10f000 x14:00000000 x13:1a10f000
14268366ns          239134 1c008bd2 00e787b3 add              x15, x15, x14       x15=1a10f000 x15:00000000 x14:1a10f000
14268386ns          239135 1c008bd4 0ff57513 andi             x10, x10, 255       x10=00000073 x10:00000073
14268405ns          239136 1c008bd8 00a7a023 sw               x10, 0(x15)         x10:00000073 x15:1a10f000  PA:1a10f000
14268744ns          239153 1c008bda 00000513 addi             x10, x0, 0          x10=00000000
14268763ns          239154 1c008bdc 00008067 jalr             x0, x1, 0            x1:1c008ca2
14268823ns          239157 1c008ca2 4df52863 p.beqimm         x10, 1232           x10:00000000
14268843ns          239158 1c008ca6 00140413 addi             x8, x8, 1            x8=00000014  x8:00000013
14268863ns          239159 1c008ca8 001a450b p.lbu            x10, 1(x20!)        x10=00000020 x20=1c00006f x20:1c00006e  PA:1c00006e
14269181ns          239175 1c008cac fe0515e3 bne              x10, x0, -22        x10:00000020
14269261ns          239179 1c008c96 02500793 addi             x15, x0, 37         x15=00000025
14269280ns          239180 1c008c9a 04f50763 beq              x10, x15, 78        x10:00000020 x15:00000025
14269300ns          239181 1c008c9e 009005b3 add              x11, x0, x9         x11=00000002  x9:00000002
14269320ns          239182 1c008ca0 000c80e7 jalr             x1, x25, 0           x1=1c008ca2 x25:1c008bb6
14269360ns          239184 1c008bb6 000026b7 lui              x13, 0x2000         x13=00002000
14269380ns          239185 1c008bb8 f8068693 addi             x13, x13, -128      x13=00001f80 x13:00002000
14269400ns          239186 1c008bbc f14027f3 csrrs            x15, x0, 0xf14      x15=00000000
14269420ns          239187 1c008bc0 00379713 slli             x14, x15, 0x3       x14=00000000 x15:00000000
14269440ns          239188 1c008bc4 00279793 slli             x15, x15, 0x2       x15=00000000 x15:00000000
14269459ns          239189 1c008bc6 00d7f7b3 and              x15, x15, x13       x15=00000000 x15:00000000 x13:00001f80
14269479ns          239190 1c008bc8 ee873733 p.bclr           x14, x14, 23, 8     x14=00000000 x14:00000000
14269499ns          239191 1c008bcc 1a10f6b7 lui              x13, 0x1a10f000     x13=1a10f000
14269519ns          239192 1c008bd0 00d70733 add              x14, x14, x13       x14=1a10f000 x14:00000000 x13:1a10f000
14269539ns          239193 1c008bd2 00e787b3 add              x15, x15, x14       x15=1a10f000 x15:00000000 x14:1a10f000
14269559ns          239194 1c008bd4 0ff57513 andi             x10, x10, 255       x10=00000020 x10:00000020
14269579ns          239195 1c008bd8 00a7a023 sw               x10, 0(x15)         x10:00000020 x15:1a10f000  PA:1a10f000
14269917ns          239212 1c008bda 00000513 addi             x10, x0, 0          x10=00000000
14269937ns          239213 1c008bdc 00008067 jalr             x0, x1, 0            x1:1c008ca2
14269996ns          239216 1c008ca2 4df52863 p.beqimm         x10, 1232           x10:00000000
14270016ns          239217 1c008ca6 00140413 addi             x8, x8, 1            x8=00000015  x8:00000014
14270036ns          239218 1c008ca8 001a450b p.lbu            x10, 1(x20!)        x10=0000003d x20=1c000070 x20:1c00006f  PA:1c00006f
14270354ns          239234 1c008cac fe0515e3 bne              x10, x0, -22        x10:0000003d
14270434ns          239238 1c008c96 02500793 addi             x15, x0, 37         x15=00000025
14270454ns          239239 1c008c9a 04f50763 beq              x10, x15, 78        x10:0000003d x15:00000025
14270474ns          239240 1c008c9e 009005b3 add              x11, x0, x9         x11=00000002  x9:00000002
14270494ns          239241 1c008ca0 000c80e7 jalr             x1, x25, 0           x1=1c008ca2 x25:1c008bb6
14270533ns          239243 1c008bb6 000026b7 lui              x13, 0x2000         x13=00002000
14270553ns          239244 1c008bb8 f8068693 addi             x13, x13, -128      x13=00001f80 x13:00002000
14270573ns          239245 1c008bbc f14027f3 csrrs            x15, x0, 0xf14      x15=00000000
14270593ns          239246 1c008bc0 00379713 slli             x14, x15, 0x3       x14=00000000 x15:00000000
14270613ns          239247 1c008bc4 00279793 slli             x15, x15, 0x2       x15=00000000 x15:00000000
14270633ns          239248 1c008bc6 00d7f7b3 and              x15, x15, x13       x15=00000000 x15:00000000 x13:00001f80
14270653ns          239249 1c008bc8 ee873733 p.bclr           x14, x14, 23, 8     x14=00000000 x14:00000000
14270673ns          239250 1c008bcc 1a10f6b7 lui              x13, 0x1a10f000     x13=1a10f000
14270693ns          239251 1c008bd0 00d70733 add              x14, x14, x13       x14=1a10f000 x14:00000000 x13:1a10f000
14270712ns          239252 1c008bd2 00e787b3 add              x15, x15, x14       x15=1a10f000 x15:00000000 x14:1a10f000
14270732ns          239253 1c008bd4 0ff57513 andi             x10, x10, 255       x10=0000003d x10:0000003d
14270752ns          239254 1c008bd8 00a7a023 sw               x10, 0(x15)         x10:0000003d x15:1a10f000  PA:1a10f000
14271090ns          239271 1c008bda 00000513 addi             x10, x0, 0          x10=00000000
14271110ns          239272 1c008bdc 00008067 jalr             x0, x1, 0            x1:1c008ca2
14271170ns          239275 1c008ca2 4df52863 p.beqimm         x10, 1232           x10:00000000
14271190ns          239276 1c008ca6 00140413 addi             x8, x8, 1            x8=00000016  x8:00000015
14271210ns          239277 1c008ca8 001a450b p.lbu            x10, 1(x20!)        x10=00000020 x20=1c000071 x20:1c000070  PA:1c000070
14271528ns          239293 1c008cac fe0515e3 bne              x10, x0, -22        x10:00000020
14271607ns          239297 1c008c96 02500793 addi             x15, x0, 37         x15=00000025
14271627ns          239298 1c008c9a 04f50763 beq              x10, x15, 78        x10:00000020 x15:00000025
14271647ns          239299 1c008c9e 009005b3 add              x11, x0, x9         x11=00000002  x9:00000002
14271667ns          239300 1c008ca0 000c80e7 jalr             x1, x25, 0           x1=1c008ca2 x25:1c008bb6
14271707ns          239302 1c008bb6 000026b7 lui              x13, 0x2000         x13=00002000
14271727ns          239303 1c008bb8 f8068693 addi             x13, x13, -128      x13=00001f80 x13:00002000
14271747ns          239304 1c008bbc f14027f3 csrrs            x15, x0, 0xf14      x15=00000000
14271766ns          239305 1c008bc0 00379713 slli             x14, x15, 0x3       x14=00000000 x15:00000000
14271786ns          239306 1c008bc4 00279793 slli             x15, x15, 0x2       x15=00000000 x15:00000000
14271806ns          239307 1c008bc6 00d7f7b3 and              x15, x15, x13       x15=00000000 x15:00000000 x13:00001f80
14271826ns          239308 1c008bc8 ee873733 p.bclr           x14, x14, 23, 8     x14=00000000 x14:00000000
14271846ns          239309 1c008bcc 1a10f6b7 lui              x13, 0x1a10f000     x13=1a10f000
14271866ns          239310 1c008bd0 00d70733 add              x14, x14, x13       x14=1a10f000 x14:00000000 x13:1a10f000
14271886ns          239311 1c008bd2 00e787b3 add              x15, x15, x14       x15=1a10f000 x15:00000000 x14:1a10f000
14271906ns          239312 1c008bd4 0ff57513 andi             x10, x10, 255       x10=00000020 x10:00000020
14271926ns          239313 1c008bd8 00a7a023 sw               x10, 0(x15)         x10:00000020 x15:1a10f000  PA:1a10f000
14272284ns          239331 1c008bda 00000513 addi             x10, x0, 0          x10=00000000
14272303ns          239332 1c008bdc 00008067 jalr             x0, x1, 0            x1:1c008ca2
14272363ns          239335 1c008ca2 4df52863 p.beqimm         x10, 1232           x10:00000000
14272383ns          239336 1c008ca6 00140413 addi             x8, x8, 1            x8=00000017  x8:00000016
14272403ns          239337 1c008ca8 001a450b p.lbu            x10, 1(x20!)        x10=00000025 x20=1c000072 x20:1c000071  PA:1c000071
14272741ns          239354 1c008cac fe0515e3 bne              x10, x0, -22        x10:00000025
14272821ns          239358 1c008c96 02500793 addi             x15, x0, 37         x15=00000025
14272840ns          239359 1c008c9a 04f50763 beq              x10, x15, 78        x10:00000025 x15:00000025
14272940ns          239364 1c008ce8 01400c33 add              x24, x0, x20        x24=1c000072 x20:1c000072
14272980ns          239366 1c008cea 000c4a03 lbu              x20, 0(x24)         x20=00000064 x24:1c000072  PA:1c000072
14273278ns          239381 1c008cee 0b4d0513 addi             x10, x26, 180       x10=1c0000b4 x26:1c000000
14273298ns          239382 1c008cf2 00912e23 sw               x9, 28(x2)           x9:00000002  x2:10000618  PA:10000634
14273318ns          239383 1c008cf4 014005b3 add              x11, x0, x20        x11=00000064 x20:00000064
14273338ns          239384 1c008cf6 00012823 sw               x0, 16(x2)           x2:10000618  PA:10000628
14273358ns          239385 1c008cf8 00012a23 sw               x0, 20(x2)           x2:10000618  PA:1000062c
14273377ns          239386 1c008cfa 00012623 sw               x0, 12(x2)           x2:10000618  PA:10000624
14273397ns          239387 1c008cfc 001c0493 addi             x9, x24, 1           x9=1c000073 x24:1c000072
14273417ns          239388 1c008d00 e41ff0ef jal              x1, -448             x1=1c008d02
14273457ns          239390 1c008b40 00054703 lbu              x14, 0(x10)         x14=0000002d x10:1c0000b4  PA:1c0000b4
14273755ns          239405 1c008b44 0ff5f593 andi             x11, x11, 255       x11=00000064 x11:00000064
14273775ns          239406 1c008b48 00a007b3 add              x15, x0, x10        x15=1c0000b4 x10:1c0000b4
14273795ns          239407 1c008b4a 00b70863 beq              x14, x11, 16        x14:0000002d x11:00000064
14273815ns          239408 1c008b4e 00070863 beq              x14, x0, 16         x14:0000002d
14273835ns          239409 1c008b50 0017c703 lbu              x14, 1(x15)         x14=0000002b x15:1c0000b4  PA:1c0000b5
14274133ns          239424 1c008b54 00178793 addi             x15, x15, 1         x15=1c0000b5 x15:1c0000b4
14274153ns          239425 1c008b56 feb71ce3 bne              x14, x11, -8        x14:0000002b x11:00000064
14274213ns          239428 1c008b4e 00070863 beq              x14, x0, 16         x14:0000002b
14274233ns          239429 1c008b50 0017c703 lbu              x14, 1(x15)         x14=00000020 x15:1c0000b5  PA:1c0000b6
14274531ns          239444 1c008b54 00178793 addi             x15, x15, 1         x15=1c0000b6 x15:1c0000b5
14274551ns          239445 1c008b56 feb71ce3 bne              x14, x11, -8        x14:00000020 x11:00000064
14274610ns          239448 1c008b4e 00070863 beq              x14, x0, 16         x14:00000020
14274630ns          239449 1c008b50 0017c703 lbu              x14, 1(x15)         x14=00000023 x15:1c0000b6  PA:1c0000b7
14274949ns          239465 1c008b54 00178793 addi             x15, x15, 1         x15=1c0000b7 x15:1c0000b6
14274968ns          239466 1c008b56 feb71ce3 bne              x14, x11, -8        x14:00000023 x11:00000064
14275028ns          239469 1c008b4e 00070863 beq              x14, x0, 16         x14:00000023
14275048ns          239470 1c008b50 0017c703 lbu              x14, 1(x15)         x14=00000030 x15:1c0000b7  PA:1c0000b8
14275366ns          239486 1c008b54 00178793 addi             x15, x15, 1         x15=1c0000b8 x15:1c0000b7
14275386ns          239487 1c008b56 feb71ce3 bne              x14, x11, -8        x14:00000030 x11:00000064
14275446ns          239490 1c008b4e 00070863 beq              x14, x0, 16         x14:00000030
14275466ns          239491 1c008b50 0017c703 lbu              x14, 1(x15)         x14=00000000 x15:1c0000b8  PA:1c0000b9
14275764ns          239506 1c008b54 00178793 addi             x15, x15, 1         x15=1c0000b9 x15:1c0000b8
14275784ns          239507 1c008b56 feb71ce3 bne              x14, x11, -8        x14:00000000 x11:00000064
14275844ns          239510 1c008b4e 00070863 beq              x14, x0, 16         x14:00000000
14275903ns          239513 1c008b5e 00000513 addi             x10, x0, 0          x10=00000000
14275923ns          239514 1c008b60 fe058de3 beq              x11, x0, -6         x11:00000064
14275943ns          239515 1c008b62 00008067 jalr             x0, x1, 0            x1:1c008d02
14276003ns          239518 1c008d02 02000913 addi             x18, x0, 32         x18=00000020
14276023ns          239519 1c008d06 00000993 addi             x19, x0, 0          x19=00000000
14276042ns          239520 1c008d08 02b00a93 addi             x21, x0, 43         x21=0000002b
14276062ns          239521 1c008d0c 02d00b93 addi             x23, x0, 45         x23=0000002d
14276102ns          239523 1c008d10 03000b13 addi             x22, x0, 48         x22=00000030
14276142ns          239525 1c008d14 00900633 add              x12, x0, x9         x12=1c000073  x9:1c000073
14276162ns          239526 1c008d16 02050963 beq              x10, x0, 50         x10:00000000
14276261ns          239531 1c008d48 03312623 sw               x19, 44(x2)         x19:00000000  x2:10000618  PA:10000644
14276301ns          239533 1c008d4a 02a00693 addi             x13, x0, 42         x13=0000002a
14276321ns          239534 1c008d4e 014009b3 add              x19, x0, x20        x19=00000064 x20:00000064
14276361ns          239536 1c008d50 01800a33 add              x20, x0, x24        x20=1c000072 x24:1c000072
14276380ns          239537 1c008d52 00900c33 add              x24, x0, x9         x24=1c000073  x9:1c000073
14276400ns          239538 1c008d54 01c12483 lw               x9, 28(x2)           x9=00000002  x2:10000618  PA:10000634
14276420ns          239539 1c008d56 42d98063 beq              x19, x13, 1056      x19:00000064 x13:0000002a
14276440ns          239540 1c008d5a fd098693 addi             x13, x19, -48       x13=00000034 x19:00000064
14276460ns          239541 1c008d5e 00900513 addi             x10, x0, 9          x10=00000009
14276500ns          239543 1c008d60 00000a93 addi             x21, x0, 0          x21=00000000
14276540ns          239545 1c008d62 3cd57f63 bgeu             x10, x13, 990       x10:00000009 x13:00000034
14276559ns          239546 1c008d66 02e00793 addi             x15, x0, 46         x15=0000002e
14276579ns          239547 1c008d6a fff00b13 addi             x22, x0, -1         x22=ffffffff
14276599ns          239548 1c008d6c 04f981e3 beq              x19, x15, 2114      x19:00000064 x15:0000002e
14276619ns          239549 1c008d70 1c0007b7 lui              x15, 0x1c000000     x15=1c000000
14276639ns          239550 1c008d74 013005b3 add              x11, x0, x19        x11=00000064 x19:00000064
14276659ns          239551 1c008d76 0bc78513 addi             x10, x15, 188       x10=1c0000bc x15:1c000000
14276679ns          239552 1c008d7a 00c12e23 sw               x12, 28(x2)         x12:1c000073  x2:10000618  PA:10000634
14276719ns          239554 1c008d7c dc5ff0ef jal              x1, -572             x1=1c008d7e
14276758ns          239556 1c008b40 00054703 lbu              x14, 0(x10)         x14=00000068 x10:1c0000bc  PA:1c0000bc
14277057ns          239571 1c008b44 0ff5f593 andi             x11, x11, 255       x11=00000064 x11:00000064
14277077ns          239572 1c008b48 00a007b3 add              x15, x0, x10        x15=1c0000bc x10:1c0000bc
14277096ns          239573 1c008b4a 00b70863 beq              x14, x11, 16        x14:00000068 x11:00000064
14277116ns          239574 1c008b4e 00070863 beq              x14, x0, 16         x14:00000068
14277136ns          239575 1c008b50 0017c703 lbu              x14, 1(x15)         x14=0000006c x15:1c0000bc  PA:1c0000bd
14277454ns          239591 1c008b54 00178793 addi             x15, x15, 1         x15=1c0000bd x15:1c0000bc
14277474ns          239592 1c008b56 feb71ce3 bne              x14, x11, -8        x14:0000006c x11:00000064
14277534ns          239595 1c008b4e 00070863 beq              x14, x0, 16         x14:0000006c
14277554ns          239596 1c008b50 0017c703 lbu              x14, 1(x15)         x14=0000004c x15:1c0000bd  PA:1c0000be
14277852ns          239611 1c008b54 00178793 addi             x15, x15, 1         x15=1c0000be x15:1c0000bd
14277872ns          239612 1c008b56 feb71ce3 bne              x14, x11, -8        x14:0000004c x11:00000064
14277932ns          239615 1c008b4e 00070863 beq              x14, x0, 16         x14:0000004c
14277952ns          239616 1c008b50 0017c703 lbu              x14, 1(x15)         x14=0000007a x15:1c0000be  PA:1c0000bf
14278250ns          239631 1c008b54 00178793 addi             x15, x15, 1         x15=1c0000bf x15:1c0000be
14278270ns          239632 1c008b56 feb71ce3 bne              x14, x11, -8        x14:0000007a x11:00000064
14278330ns          239635 1c008b4e 00070863 beq              x14, x0, 16         x14:0000007a
14278349ns          239636 1c008b50 0017c703 lbu              x14, 1(x15)         x14=00000000 x15:1c0000bf  PA:1c0000c0
14278648ns          239651 1c008b54 00178793 addi             x15, x15, 1         x15=1c0000c0 x15:1c0000bf
14278668ns          239652 1c008b56 feb71ce3 bne              x14, x11, -8        x14:00000000 x11:00000064
14278727ns          239655 1c008b4e 00070863 beq              x14, x0, 16         x14:00000000
14278787ns          239658 1c008b5e 00000513 addi             x10, x0, 0          x10=00000000
14278807ns          239659 1c008b60 fe058de3 beq              x11, x0, -6         x11:00000064
14278827ns          239660 1c008b62 00008067 jalr             x0, x1, 0            x1:1c008d7e
14278866ns          239662 1c008d7e 01c12603 lw               x12, 28(x2)         x12=1c000073  x2:10000618  PA:10000634
14278906ns          239664 1c008d80 00c00a33 add              x20, x0, x12        x20=1c000073 x12:1c000073
14278926ns          239665 1c008d82 00050563 beq              x10, x0, 10         x10:00000000
14279045ns          239671 1c008d8c 06900793 addi             x15, x0, 105        x15=00000069
14279065ns          239672 1c008d90 1cf98be3 beq              x19, x15, 2518      x19:00000064 x15:00000069
14279085ns          239673 1c008d94 4b37ce63 blt              x15, x19, 1212      x15:00000069 x19:00000064
14279105ns          239674 1c008d98 05800793 addi             x15, x0, 88         x15=00000058
14279125ns          239675 1c008d9c 4cf98863 beq              x19, x15, 1232      x19:00000064 x15:00000058
14279185ns          239678 1c008da0 3f37cd63 blt              x15, x19, 1018      x15:00000058 x19:00000064
14279264ns          239682 1c00919a 06400793 addi             x15, x0, 100        x15=00000064
14279284ns          239683 1c00919e 5cf98463 beq              x19, x15, 1480      x19:00000064 x15:00000064
14279384ns          239688 1c009766 01812b83 lw               x23, 24(x2)         x23=10000784  x2:10000618  PA:10000630
14279423ns          239690 1c009768 004ba60b p.lw             x12, 4(x23!)        x12=00000000 x23=10000788 x23:10000784  PA:10000784
14279463ns          239692 1c00976c 48064963 blt              x12, x0, 1170       x12:00000000
14279503ns          239694 1c009770 01412783 lw               x15, 20(x2)         x15=00000000  x2:10000618  PA:1000062c
14279523ns          239695 1c009772 00c00733 add              x14, x0, x12        x14=00000000 x12:00000000
14279543ns          239696 1c009774 56078863 beq              x15, x0, 1392       x15:00000000
14279642ns          239701 1c009ce4 01012783 lw               x15, 16(x2)         x15=00000000  x2:10000618  PA:10000628
14279662ns          239702 1c009ce6 01b00533 add              x10, x0, x27        x10=1000064c x27:1000064c
14279682ns          239703 1c009ce8 a8078ee3 beq              x15, x0, -1380      x15:00000000
14279841ns          239711 1c009784 00a007b3 add              x15, x0, x10        x15=1000064c x10:1000064c
14279861ns          239712 1c009786 00a00593 addi             x11, x0, 10         x11=0000000a
14279881ns          239713 1c009788 00900313 addi             x6, x0, 9            x6=00000009
14279901ns          239714 1c00978a 02b776b3 remu             x13, x14, x11       x13=00000000 x14:00000000 x11:0000000a
14280517ns          239745 1c00978e 00e00833 add              x16, x0, x14        x16=00000000 x14:00000000
14280537ns          239746 1c009790 00f008b3 add              x17, x0, x15        x17=1000064c x15:1000064c
14280557ns          239747 1c009792 03068693 addi             x13, x13, 48        x13=00000030 x13:00000000
14280577ns          239748 1c009796 00d780ab p.sb             x13, 1(x15!)        x15=1000064d x13:00000030 x15:1000064c  PA:1000064c
14280597ns          239749 1c00979a 02b75733 divu             x14, x14, x11       x14=00000000 x14:00000000 x11:0000000a
14281233ns          239781 1c00979e ff0366e3 bltu             x6, x16, -20         x6:00000009 x16:00000000
14281253ns          239782 1c0097a2 40a78733 sub              x14, x15, x10       x14=00000001 x15:1000064d x10:1000064c
14281273ns          239783 1c0097a6 01675c63 bge              x14, x22, 24        x14:00000001 x22:ffffffff
14281392ns          239789 1c0097be 00078023 sb               x0, 0(x15)          x15:1000064d  PA:1000064d
14281432ns          239791 1c0097c2 0b157563 bgeu             x10, x17, 170       x10:1000064c x17:1000064c
14281492ns          239794 1c00986c 01412703 lw               x14, 20(x2)         x14=00000000  x2:10000618  PA:1000062c
14281512ns          239795 1c00986e 01012683 lw               x13, 16(x2)         x13=00000000  x2:10000618  PA:10000628
14281531ns          239796 1c009870 41b787b3 sub              x15, x15, x27       x15=00000001 x15:1000064d x27:1000064c
14281551ns          239797 1c009874 00d76733 or               x14, x14, x13       x14=00000000 x14:00000000 x13:00000000
14281571ns          239798 1c009876 02e12623 sw               x14, 44(x2)         x14:00000000  x2:10000618  PA:10000644
14281591ns          239799 1c009878 b0071be3 bne              x14, x0, -1258      x14:00000000
14281611ns          239800 1c00987c 01f65713 srli             x14, x12, 0x1f      x14=00000000 x12:00000000
14281631ns          239801 1c009880 02e12623 sw               x14, 44(x2)         x14:00000000  x2:10000618  PA:10000644
14281651ns          239802 1c009882 b0dff06f jal              x0, -1268          
14281770ns          239808 1c00938e ebfb2be3 p.beqimm         x22, -330           x22:ffffffff
14281870ns          239813 1c009244 0c800713 addi             x14, x0, 200        x14=000000c8
14281909ns          239815 1c009248 14f75b63 bge              x14, x15, 342       x14:000000c8 x15:00000001
14282088ns          239824 1c00939e 00178613 addi             x12, x15, 1         x12=00000002 x15:00000001
14282108ns          239825 1c0093a2 0557c863 blt              x15, x21, 80        x15:00000001 x21:00000000
14282128ns          239826 1c0093a6 01712c23 sw               x23, 24(x2)         x23:10000788  x2:10000618  PA:10000630
14282148ns          239827 1c0093a8 00f00ab3 add              x21, x0, x15        x21=00000001 x15:00000001
14282168ns          239828 1c0093aa 8e0a8fe3 beq              x21, x0, -1794      x21:00000001
14282188ns          239829 1c0093ae 01b00933 add              x18, x0, x27        x18=1000064c x27:1000064c
14282208ns          239830 1c0093b0 41b409b3 sub              x19, x8, x27        x19=effff9cb  x8:00000017 x27:1000064c
14282228ns          239831 1c0093b4 01ba8ab3 add              x21, x21, x27       x21=1000064d x21:00000001 x27:1000064c
14282247ns          239832 1c0093b6 00a0006f jal              x0, 10             
14282327ns          239836 1c0093c0 0019450b p.lbu            x10, 1(x18!)        x10=00000030 x18=1000064d x18:1000064c  PA:1000064c
14282347ns          239837 1c0093c4 009005b3 add              x11, x0, x9         x11=00000002  x9:00000002
14282367ns          239838 1c0093c6 000c80e7 jalr             x1, x25, 0           x1=1c0093c8 x25:1c008bb6
14282407ns          239840 1c008bb6 000026b7 lui              x13, 0x2000         x13=00002000
14282426ns          239841 1c008bb8 f8068693 addi             x13, x13, -128      x13=00001f80 x13:00002000
14282446ns          239842 1c008bbc f14027f3 csrrs            x15, x0, 0xf14      x15=00000000
14282506ns          239845 1c008bc0 00379713 slli             x14, x15, 0x3       x14=00000000 x15:00000000
14282546ns          239847 1c008bc4 00279793 slli             x15, x15, 0x2       x15=00000000 x15:00000000
14282566ns          239848 1c008bc6 00d7f7b3 and              x15, x15, x13       x15=00000000 x15:00000000 x13:00001f80
14282586ns          239849 1c008bc8 ee873733 p.bclr           x14, x14, 23, 8     x14=00000000 x14:00000000
14282605ns          239850 1c008bcc 1a10f6b7 lui              x13, 0x1a10f000     x13=1a10f000
14282625ns          239851 1c008bd0 00d70733 add              x14, x14, x13       x14=1a10f000 x14:00000000 x13:1a10f000
14282645ns          239852 1c008bd2 00e787b3 add              x15, x15, x14       x15=1a10f000 x15:00000000 x14:1a10f000
14282665ns          239853 1c008bd4 0ff57513 andi             x10, x10, 255       x10=00000030 x10:00000030
14282685ns          239854 1c008bd8 00a7a023 sw               x10, 0(x15)         x10:00000030 x15:1a10f000  PA:1a10f000
14283003ns          239870 1c008bda 00000513 addi             x10, x0, 0          x10=00000000
14283023ns          239871 1c008bdc 00008067 jalr             x0, x1, 0            x1:1c0093c8
14283063ns          239873 1c0093c8 fff538e3 p.bneimm         x10, -16            x10:00000000
14283202ns          239880 1c0093b8 01298433 add              x8, x19, x18         x8=00000018 x19:effff9cb x18:1000064d
14283222ns          239881 1c0093bc 8f2a86e3 beq              x21, x18, -1812     x21:1000064d x18:1000064d
14283321ns          239886 1c008ca8 001a450b p.lbu            x10, 1(x20!)        x10=00000020 x20=1c000074 x20:1c000073  PA:1c000073
14283640ns          239902 1c008cac fe0515e3 bne              x10, x0, -22        x10:00000020
14283779ns          239909 1c008c96 02500793 addi             x15, x0, 37         x15=00000025
14283799ns          239910 1c008c9a 04f50763 beq              x10, x15, 78        x10:00000020 x15:00000025
14283819ns          239911 1c008c9e 009005b3 add              x11, x0, x9         x11=00000002  x9:00000002
14283838ns          239912 1c008ca0 000c80e7 jalr             x1, x25, 0           x1=1c008ca2 x25:1c008bb6
14283878ns          239914 1c008bb6 000026b7 lui              x13, 0x2000         x13=00002000
14283898ns          239915 1c008bb8 f8068693 addi             x13, x13, -128      x13=00001f80 x13:00002000
14283918ns          239916 1c008bbc f14027f3 csrrs            x15, x0, 0xf14      x15=00000000
14283938ns          239917 1c008bc0 00379713 slli             x14, x15, 0x3       x14=00000000 x15:00000000
14283958ns          239918 1c008bc4 00279793 slli             x15, x15, 0x2       x15=00000000 x15:00000000
14283978ns          239919 1c008bc6 00d7f7b3 and              x15, x15, x13       x15=00000000 x15:00000000 x13:00001f80
14283998ns          239920 1c008bc8 ee873733 p.bclr           x14, x14, 23, 8     x14=00000000 x14:00000000
14284017ns          239921 1c008bcc 1a10f6b7 lui              x13, 0x1a10f000     x13=1a10f000
14284037ns          239922 1c008bd0 00d70733 add              x14, x14, x13       x14=1a10f000 x14:00000000 x13:1a10f000
14284057ns          239923 1c008bd2 00e787b3 add              x15, x15, x14       x15=1a10f000 x15:00000000 x14:1a10f000
14284077ns          239924 1c008bd4 0ff57513 andi             x10, x10, 255       x10=00000020 x10:00000020
14284097ns          239925 1c008bd8 00a7a023 sw               x10, 0(x15)         x10:00000020 x15:1a10f000  PA:1a10f000
14284415ns          239941 1c008bda 00000513 addi             x10, x0, 0          x10=00000000
14284435ns          239942 1c008bdc 00008067 jalr             x0, x1, 0            x1:1c008ca2
14284495ns          239945 1c008ca2 4df52863 p.beqimm         x10, 1232           x10:00000000
14284515ns          239946 1c008ca6 00140413 addi             x8, x8, 1            x8=00000019  x8:00000018
14284535ns          239947 1c008ca8 001a450b p.lbu            x10, 1(x20!)        x10=0000002f x20=1c000075 x20:1c000074  PA:1c000074
14284853ns          239963 1c008cac fe0515e3 bne              x10, x0, -22        x10:0000002f
14284932ns          239967 1c008c96 02500793 addi             x15, x0, 37         x15=00000025
14284952ns          239968 1c008c9a 04f50763 beq              x10, x15, 78        x10:0000002f x15:00000025
14284972ns          239969 1c008c9e 009005b3 add              x11, x0, x9         x11=00000002  x9:00000002
14284992ns          239970 1c008ca0 000c80e7 jalr             x1, x25, 0           x1=1c008ca2 x25:1c008bb6
14285032ns          239972 1c008bb6 000026b7 lui              x13, 0x2000         x13=00002000
14285052ns          239973 1c008bb8 f8068693 addi             x13, x13, -128      x13=00001f80 x13:00002000
14285072ns          239974 1c008bbc f14027f3 csrrs            x15, x0, 0xf14      x15=00000000
14285091ns          239975 1c008bc0 00379713 slli             x14, x15, 0x3       x14=00000000 x15:00000000
14285111ns          239976 1c008bc4 00279793 slli             x15, x15, 0x2       x15=00000000 x15:00000000
14285131ns          239977 1c008bc6 00d7f7b3 and              x15, x15, x13       x15=00000000 x15:00000000 x13:00001f80
14285151ns          239978 1c008bc8 ee873733 p.bclr           x14, x14, 23, 8     x14=00000000 x14:00000000
14285171ns          239979 1c008bcc 1a10f6b7 lui              x13, 0x1a10f000     x13=1a10f000
14285191ns          239980 1c008bd0 00d70733 add              x14, x14, x13       x14=1a10f000 x14:00000000 x13:1a10f000
14285211ns          239981 1c008bd2 00e787b3 add              x15, x15, x14       x15=1a10f000 x15:00000000 x14:1a10f000
14285231ns          239982 1c008bd4 0ff57513 andi             x10, x10, 255       x10=0000002f x10:0000002f
14285251ns          239983 1c008bd8 00a7a023 sw               x10, 0(x15)         x10:0000002f x15:1a10f000  PA:1a10f000
14285569ns          239999 1c008bda 00000513 addi             x10, x0, 0          x10=00000000
14285589ns          240000 1c008bdc 00008067 jalr             x0, x1, 0            x1:1c008ca2
14285648ns          240003 1c008ca2 4df52863 p.beqimm         x10, 1232           x10:00000000
14285668ns          240004 1c008ca6 00140413 addi             x8, x8, 1            x8=0000001a  x8:00000019
14285688ns          240005 1c008ca8 001a450b p.lbu            x10, 1(x20!)        x10=00000020 x20=1c000076 x20:1c000075  PA:1c000075
14286006ns          240021 1c008cac fe0515e3 bne              x10, x0, -22        x10:00000020
14286086ns          240025 1c008c96 02500793 addi             x15, x0, 37         x15=00000025
14286106ns          240026 1c008c9a 04f50763 beq              x10, x15, 78        x10:00000020 x15:00000025
14286126ns          240027 1c008c9e 009005b3 add              x11, x0, x9         x11=00000002  x9:00000002
14286146ns          240028 1c008ca0 000c80e7 jalr             x1, x25, 0           x1=1c008ca2 x25:1c008bb6
14286185ns          240030 1c008bb6 000026b7 lui              x13, 0x2000         x13=00002000
14286205ns          240031 1c008bb8 f8068693 addi             x13, x13, -128      x13=00001f80 x13:00002000
14286225ns          240032 1c008bbc f14027f3 csrrs            x15, x0, 0xf14      x15=00000000
14286245ns          240033 1c008bc0 00379713 slli             x14, x15, 0x3       x14=00000000 x15:00000000
14286265ns          240034 1c008bc4 00279793 slli             x15, x15, 0x2       x15=00000000 x15:00000000
14286285ns          240035 1c008bc6 00d7f7b3 and              x15, x15, x13       x15=00000000 x15:00000000 x13:00001f80
14286305ns          240036 1c008bc8 ee873733 p.bclr           x14, x14, 23, 8     x14=00000000 x14:00000000
14286324ns          240037 1c008bcc 1a10f6b7 lui              x13, 0x1a10f000     x13=1a10f000
14286344ns          240038 1c008bd0 00d70733 add              x14, x14, x13       x14=1a10f000 x14:00000000 x13:1a10f000
14286364ns          240039 1c008bd2 00e787b3 add              x15, x15, x14       x15=1a10f000 x15:00000000 x14:1a10f000
14286384ns          240040 1c008bd4 0ff57513 andi             x10, x10, 255       x10=00000020 x10:00000020
14286404ns          240041 1c008bd8 00a7a023 sw               x10, 0(x15)         x10:00000020 x15:1a10f000  PA:1a10f000
14286742ns          240058 1c008bda 00000513 addi             x10, x0, 0          x10=00000000
14286762ns          240059 1c008bdc 00008067 jalr             x0, x1, 0            x1:1c008ca2
14286822ns          240062 1c008ca2 4df52863 p.beqimm         x10, 1232           x10:00000000
14286842ns          240063 1c008ca6 00140413 addi             x8, x8, 1            x8=0000001b  x8:0000001a
14286861ns          240064 1c008ca8 001a450b p.lbu            x10, 1(x20!)        x10=00000031 x20=1c000077 x20:1c000076  PA:1c000076
14287180ns          240080 1c008cac fe0515e3 bne              x10, x0, -22        x10:00000031
14287259ns          240084 1c008c96 02500793 addi             x15, x0, 37         x15=00000025
14287279ns          240085 1c008c9a 04f50763 beq              x10, x15, 78        x10:00000031 x15:00000025
14287299ns          240086 1c008c9e 009005b3 add              x11, x0, x9         x11=00000002  x9:00000002
14287319ns          240087 1c008ca0 000c80e7 jalr             x1, x25, 0           x1=1c008ca2 x25:1c008bb6
14287359ns          240089 1c008bb6 000026b7 lui              x13, 0x2000         x13=00002000
14287379ns          240090 1c008bb8 f8068693 addi             x13, x13, -128      x13=00001f80 x13:00002000
14287398ns          240091 1c008bbc f14027f3 csrrs            x15, x0, 0xf14      x15=00000000
14287418ns          240092 1c008bc0 00379713 slli             x14, x15, 0x3       x14=00000000 x15:00000000
14287438ns          240093 1c008bc4 00279793 slli             x15, x15, 0x2       x15=00000000 x15:00000000
14287458ns          240094 1c008bc6 00d7f7b3 and              x15, x15, x13       x15=00000000 x15:00000000 x13:00001f80
14287478ns          240095 1c008bc8 ee873733 p.bclr           x14, x14, 23, 8     x14=00000000 x14:00000000
14287498ns          240096 1c008bcc 1a10f6b7 lui              x13, 0x1a10f000     x13=1a10f000
14287518ns          240097 1c008bd0 00d70733 add              x14, x14, x13       x14=1a10f000 x14:00000000 x13:1a10f000
14287538ns          240098 1c008bd2 00e787b3 add              x15, x15, x14       x15=1a10f000 x15:00000000 x14:1a10f000
14287558ns          240099 1c008bd4 0ff57513 andi             x10, x10, 255       x10=00000031 x10:00000031
14287577ns          240100 1c008bd8 00a7a023 sw               x10, 0(x15)         x10:00000031 x15:1a10f000  PA:1a10f000
14287916ns          240117 1c008bda 00000513 addi             x10, x0, 0          x10=00000000
14287935ns          240118 1c008bdc 00008067 jalr             x0, x1, 0            x1:1c008ca2
14287995ns          240121 1c008ca2 4df52863 p.beqimm         x10, 1232           x10:00000000
14288015ns          240122 1c008ca6 00140413 addi             x8, x8, 1            x8=0000001c  x8:0000001b
14288035ns          240123 1c008ca8 001a450b p.lbu            x10, 1(x20!)        x10=00000036 x20=1c000078 x20:1c000077  PA:1c000077
14288353ns          240139 1c008cac fe0515e3 bne              x10, x0, -22        x10:00000036
14288433ns          240143 1c008c96 02500793 addi             x15, x0, 37         x15=00000025
14288453ns          240144 1c008c9a 04f50763 beq              x10, x15, 78        x10:00000036 x15:00000025
14288472ns          240145 1c008c9e 009005b3 add              x11, x0, x9         x11=00000002  x9:00000002
14288492ns          240146 1c008ca0 000c80e7 jalr             x1, x25, 0           x1=1c008ca2 x25:1c008bb6
14288532ns          240148 1c008bb6 000026b7 lui              x13, 0x2000         x13=00002000
14288552ns          240149 1c008bb8 f8068693 addi             x13, x13, -128      x13=00001f80 x13:00002000
14288572ns          240150 1c008bbc f14027f3 csrrs            x15, x0, 0xf14      x15=00000000
14288592ns          240151 1c008bc0 00379713 slli             x14, x15, 0x3       x14=00000000 x15:00000000
14288612ns          240152 1c008bc4 00279793 slli             x15, x15, 0x2       x15=00000000 x15:00000000
14288632ns          240153 1c008bc6 00d7f7b3 and              x15, x15, x13       x15=00000000 x15:00000000 x13:00001f80
14288651ns          240154 1c008bc8 ee873733 p.bclr           x14, x14, 23, 8     x14=00000000 x14:00000000
14288671ns          240155 1c008bcc 1a10f6b7 lui              x13, 0x1a10f000     x13=1a10f000
14288691ns          240156 1c008bd0 00d70733 add              x14, x14, x13       x14=1a10f000 x14:00000000 x13:1a10f000
14288711ns          240157 1c008bd2 00e787b3 add              x15, x15, x14       x15=1a10f000 x15:00000000 x14:1a10f000
14288731ns          240158 1c008bd4 0ff57513 andi             x10, x10, 255       x10=00000036 x10:00000036
14288751ns          240159 1c008bd8 00a7a023 sw               x10, 0(x15)         x10:00000036 x15:1a10f000  PA:1a10f000
14289069ns          240175 1c008bda 00000513 addi             x10, x0, 0          x10=00000000
14289089ns          240176 1c008bdc 00008067 jalr             x0, x1, 0            x1:1c008ca2
14289149ns          240179 1c008ca2 4df52863 p.beqimm         x10, 1232           x10:00000000
14289168ns          240180 1c008ca6 00140413 addi             x8, x8, 1            x8=0000001d  x8:0000001c
14289188ns          240181 1c008ca8 001a450b p.lbu            x10, 1(x20!)        x10=0000000a x20=1c000079 x20:1c000078  PA:1c000078
14289507ns          240197 1c008cac fe0515e3 bne              x10, x0, -22        x10:0000000a
14289586ns          240201 1c008c96 02500793 addi             x15, x0, 37         x15=00000025
14289606ns          240202 1c008c9a 04f50763 beq              x10, x15, 78        x10:0000000a x15:00000025
14289626ns          240203 1c008c9e 009005b3 add              x11, x0, x9         x11=00000002  x9:00000002
14289646ns          240204 1c008ca0 000c80e7 jalr             x1, x25, 0           x1=1c008ca2 x25:1c008bb6
14289686ns          240206 1c008bb6 000026b7 lui              x13, 0x2000         x13=00002000
14289705ns          240207 1c008bb8 f8068693 addi             x13, x13, -128      x13=00001f80 x13:00002000
14289725ns          240208 1c008bbc f14027f3 csrrs            x15, x0, 0xf14      x15=00000000
14289745ns          240209 1c008bc0 00379713 slli             x14, x15, 0x3       x14=00000000 x15:00000000
14289765ns          240210 1c008bc4 00279793 slli             x15, x15, 0x2       x15=00000000 x15:00000000
14289785ns          240211 1c008bc6 00d7f7b3 and              x15, x15, x13       x15=00000000 x15:00000000 x13:00001f80
14289805ns          240212 1c008bc8 ee873733 p.bclr           x14, x14, 23, 8     x14=00000000 x14:00000000
14289825ns          240213 1c008bcc 1a10f6b7 lui              x13, 0x1a10f000     x13=1a10f000
14289845ns          240214 1c008bd0 00d70733 add              x14, x14, x13       x14=1a10f000 x14:00000000 x13:1a10f000
14289865ns          240215 1c008bd2 00e787b3 add              x15, x15, x14       x15=1a10f000 x15:00000000 x14:1a10f000
14289884ns          240216 1c008bd4 0ff57513 andi             x10, x10, 255       x10=0000000a x10:0000000a
14289904ns          240217 1c008bd8 00a7a023 sw               x10, 0(x15)         x10:0000000a x15:1a10f000  PA:1a10f000
14290242ns          240234 1c008bda 00000513 addi             x10, x0, 0          x10=00000000
14290262ns          240235 1c008bdc 00008067 jalr             x0, x1, 0            x1:1c008ca2
14290322ns          240238 1c008ca2 4df52863 p.beqimm         x10, 1232           x10:00000000
14290342ns          240239 1c008ca6 00140413 addi             x8, x8, 1            x8=0000001e  x8:0000001d
14290362ns          240240 1c008ca8 001a450b p.lbu            x10, 1(x20!)        x10=00000000 x20=1c00007a x20:1c000079  PA:1c000079
14290700ns          240257 1c008cac fe0515e3 bne              x10, x0, -22        x10:00000000
14290720ns          240258 1c008cae 13c12083 lw               x1, 316(x2)          x1=1c008c22  x2:10000618  PA:10000754
14290740ns          240259 1c008cb2 00800533 add              x10, x0, x8         x10=0000001e  x8:0000001e
14290760ns          240260 1c008cb4 13812403 lw               x8, 312(x2)          x8=00000017  x2:10000618  PA:10000750
14290779ns          240261 1c008cb8 13412483 lw               x9, 308(x2)          x9=00000017  x2:10000618  PA:1000074c
14290799ns          240262 1c008cbc 13012903 lw               x18, 304(x2)        x18=00000000  x2:10000618  PA:10000748
14290939ns          240269 1c008cc0 12c12983 lw               x19, 300(x2)        x19=0000x058  x2:10000618  PA:10000744
14290978ns          240271 1c008cc4 12812a03 lw               x20, 296(x2)        x20=00000000  x2:10000618  PA:10000740
14290998ns          240272 1c008cc8 12412a83 lw               x21, 292(x2)        x21=00000038  x2:10000618  PA:1000073c
14291018ns          240273 1c008ccc 12012b03 lw               x22, 288(x2)        x22=00000034  x2:10000618  PA:10000738
14291078ns          240276 1c008cd0 11c12b83 lw               x23, 284(x2)        x23=000000cb  x2:10000618  PA:10000734
14291118ns          240278 1c008cd4 11812c03 lw               x24, 280(x2)        x24=00000ef9  x2:10000618  PA:10000730
14291137ns          240279 1c008cd8 11412c83 lw               x25, 276(x2)        x25=1c0008f8  x2:10000618  PA:1000072c
14291157ns          240280 1c008cdc 11012d03 lw               x26, 272(x2)        x26=0c440000  x2:10000618  PA:10000728
14291217ns          240283 1c008ce0 10c12d83 lw               x27, 268(x2)        x27=0e590eac  x2:10000618  PA:10000724
14291257ns          240285 1c008ce4 14010113 addi             x2, x2, 320          x2=10000758  x2:10000618
14291277ns          240286 1c008ce6 00008067 jalr             x0, x1, 0            x1:1c008c22
14291356ns          240290 1c008c22 01c12083 lw               x1, 28(x2)           x1=1c0087c8  x2:10000758  PA:10000774
14291396ns          240292 1c008c24 04010113 addi             x2, x2, 64           x2=10000798  x2:10000758
14291416ns          240293 1c008c26 00008067 jalr             x0, x1, 0            x1:1c0087c8
14291495ns          240297 1c0087c8 fcfff06f jal              x0, -50            
14291575ns          240301 1c008796 05c12083 lw               x1, 92(x2)           x1=1c00a05e  x2:10000798  PA:100007f4
14291615ns          240303 1c008798 05812403 lw               x8, 88(x2)           x8=00000000  x2:10000798  PA:100007f0
14291635ns          240304 1c00879a 05412483 lw               x9, 84(x2)           x9=00000000  x2:10000798  PA:100007ec
14291654ns          240305 1c00879c 05012903 lw               x18, 80(x2)         x18=00000000  x2:10000798  PA:100007e8
14291674ns          240306 1c00879e 04c12983 lw               x19, 76(x2)         x19=00000000  x2:10000798  PA:100007e4
14291873ns          240316 1c0087a0 04812a03 lw               x20, 72(x2)         x20=00000000  x2:10000798  PA:100007e0
14291893ns          240317 1c0087a2 04412a83 lw               x21, 68(x2)         x21=00000000  x2:10000798  PA:100007dc
14291913ns          240318 1c0087a4 04012b03 lw               x22, 64(x2)         x22=00000000  x2:10000798  PA:100007d8
14291933ns          240319 1c0087a6 03c12b83 lw               x23, 60(x2)         x23=00000000  x2:10000798  PA:100007d4
14291953ns          240320 1c0087a8 03812c03 lw               x24, 56(x2)         x24=00000000  x2:10000798  PA:100007d0
14291973ns          240321 1c0087aa 03412c83 lw               x25, 52(x2)         x25=00000000  x2:10000798  PA:100007cc
14291993ns          240322 1c0087ac 03012d03 lw               x26, 48(x2)         x26=00000000  x2:10000798  PA:100007c8
14292012ns          240323 1c0087ae 02c12d83 lw               x27, 44(x2)         x27=00000000  x2:10000798  PA:100007c4
14292032ns          240324 1c0087b0 00100513 addi             x10, x0, 1          x10=00000001
14292052ns          240325 1c0087b2 06010113 addi             x2, x2, 96           x2=100007f8  x2:10000798
14292072ns          240326 1c0087b4 00008067 jalr             x0, x1, 0            x1:1c00a05e
14292530ns          240349 1c00a05e 01f00713 addi             x14, x0, 31         x14=0000001f
14292609ns          240353 1c00a060 f14027f3 csrrs            x15, x0, 0xf14      x15=00000000
14292649ns          240355 1c00a064 ca5797b3 p.extractu       x15, x15, 5, 5      x15=00000000 x15:00000000
14292669ns          240356 1c00a068 00e78863 beq              x15, x14, 16        x15:00000000 x14:0000001f
14292689ns          240357 1c00a06c 002047b7 lui              x15, 0x204000       x15=00204000
14293126ns          240379 1c00a070 20078793 addi             x15, x15, 512       x15=00204200 x15:00204000
14293166ns          240381 1c00a074 01c7e703 p.elw            x14, 28(x15)        x14=00010000 x15:00204200  PA:0020421c
14293385ns          240392 1c00a078 f14027f3 csrrs            x15, x0, 0xf14      x15=00000000
14293405ns          240393 1c00a07c f457b7b3 p.bclr           x15, x15, 26, 5     x15=00000000 x15:00000000
14293703ns          240408 1c00a080 00079963 bne              x15, x0, 18         x15:00000000
14293743ns          240410 1c00a082 1c001737 lui              x14, 0x1c001000     x14=1c001000
14293763ns          240411 1c00a086 1c0017b7 lui              x15, 0x1c001000     x15=1c001000
14293782ns          240412 1c00a08a dca72c23 sw               x10, -552(x14)      x10:00000001 x14:1c001000  PA:1c000dd8
14294200ns          240433 1c00a08e dc07ae23 sw               x0, -548(x15)       x15:1c001000  PA:1c000ddc
14294538ns          240450 1c00a092 002047b7 lui              x15, 0x204000       x15=00204000
14294558ns          240451 1c00a096 fff00713 addi             x14, x0, -1         x14=ffffffff
14294578ns          240452 1c00a098 00e7a223 sw               x14, 4(x15)         x14:ffffffff x15:00204000  PA:00204004
