                Time          Cycles PC       Instr    Mnemonic
14015311ns          226410 1c008080 000000b7 lui              x1, 0x0              x1=00000000
14015350ns          226412 1c008084 00000137 lui              x2, 0x0              x2=00000000
14015370ns          226413 1c008088 000001b7 lui              x3, 0x0              x3=00000000
14015390ns          226414 1c00808c 00000237 lui              x4, 0x0              x4=00000000
14015828ns          226436 1c008090 000002b7 lui              x5, 0x0              x5=00000000
14015868ns          226438 1c008094 00000337 lui              x6, 0x0              x6=00000000
14015887ns          226439 1c008098 000003b7 lui              x7, 0x0              x7=00000000
14015907ns          226440 1c00809c 00000437 lui              x8, 0x0              x8=00000000
14016345ns          226462 1c0080a0 000004b7 lui              x9, 0x0              x9=00000000
14016385ns          226464 1c0080a4 00000537 lui              x10, 0x0            x10=00000000
14016405ns          226465 1c0080a8 000005b7 lui              x11, 0x0            x11=00000000
14016424ns          226466 1c0080ac 00000637 lui              x12, 0x0            x12=00000000
14016862ns          226488 1c0080b0 000006b7 lui              x13, 0x0            x13=00000000
14016902ns          226490 1c0080b4 00000737 lui              x14, 0x0            x14=00000000
14016922ns          226491 1c0080b8 000007b7 lui              x15, 0x0            x15=00000000
14016942ns          226492 1c0080bc 00000837 lui              x16, 0x0            x16=00000000
14017399ns          226515 1c0080c0 000008b7 lui              x17, 0x0            x17=00000000
14017439ns          226517 1c0080c4 00000937 lui              x18, 0x0            x18=00000000
14017459ns          226518 1c0080c8 000009b7 lui              x19, 0x0            x19=00000000
14017479ns          226519 1c0080cc 00000a37 lui              x20, 0x0            x20=00000000
14017916ns          226541 1c0080d0 00000ab7 lui              x21, 0x0            x21=00000000
14017956ns          226543 1c0080d4 00000b37 lui              x22, 0x0            x22=00000000
14017976ns          226544 1c0080d8 00000bb7 lui              x23, 0x0            x23=00000000
14017996ns          226545 1c0080dc 00000c37 lui              x24, 0x0            x24=00000000
14018433ns          226567 1c0080e0 00000cb7 lui              x25, 0x0            x25=00000000
14018473ns          226569 1c0080e4 00000d37 lui              x26, 0x0            x26=00000000
14018493ns          226570 1c0080e8 00000db7 lui              x27, 0x0            x27=00000000
14018513ns          226571 1c0080ec 00000e37 lui              x28, 0x0            x28=00000000
14018950ns          226593 1c0080f0 00000eb7 lui              x29, 0x0            x29=00000000
14018990ns          226595 1c0080f4 00000f37 lui              x30, 0x0            x30=00000000
14019010ns          226596 1c0080f8 00000fb7 lui              x31, 0x0            x31=00000000
14019030ns          226597 1c0080fc 0700006f jal              x0, 112            
14019945ns          226643 1c00816c f1402573 csrrs            x10, x0, 0xf14      x10=00000001
14020402ns          226666 1c008170 01f57593 andi             x11, x10, 31        x11=00000001 x10:00000001
14020442ns          226668 1c008174 00555513 srli             x10, x10, 0x5       x10=00000000 x10:00000001
14020462ns          226669 1c008176 01f00613 addi             x12, x0, 31         x12=0000001f
14020482ns          226670 1c008178 00c50463 beq              x10, x12, 8         x10:00000000 x12:0000001f
14020501ns          226671 1c00817c f95ff06f jal              x0, -108           
14021396ns          226716 1c008110 f3ff8117 auipc            x2, 0xf3ff8000       x2=10000110
14021436ns          226718 1c008114 ef410113 addi             x2, x2, -268         x2=10000004  x2:10000110
14021456ns          226719 1c008118 00012103 lw               x2, 0(x2)            x2=10000008  x2:10000004  PA:10000004
14021476ns          226720 1c00811c 000011b7 lui              x3, 0x1000           x3=00001000
14021914ns          226742 1c008120 80018193 addi             x3, x3, -2048        x3=00000800  x3:00001000
14021953ns          226744 1c008124 00158593 addi             x11, x11, 1         x11=00000002 x11:00000001
14021973ns          226745 1c008128 02b180b3 mul              x1, x3, x11          x1=00001000  x3:00000800 x11:00000002
14021993ns          226746 1c00812c 00110133 add              x2, x2, x1           x2=10001008  x2:10000008  x1:00001000
14022431ns          226768 1c008130 6f50106f jal              x0, 7924           
14022888ns          226791 1c00a024 ff010113 addi             x2, x2, -16          x2=10000ff8  x2:10001008
14022908ns          226792 1c00a026 00112623 sw               x1, 12(x2)           x1:00001000  x2:10000ff8  PA:10001004
14022928ns          226793 1c00a028 002047b7 lui              x15, 0x204000       x15=00204000
14022948ns          226794 1c00a02c 00070737 lui              x14, 0x70000        x14=00070000
14023385ns          226816 1c00a030 00e7a423 sw               x14, 8(x15)         x14:00070000 x15:00204000  PA:00204008
14023425ns          226818 1c00a032 0ff00713 addi             x14, x0, 255        x14=000000ff
14023445ns          226819 1c00a036 20078793 addi             x15, x15, 512       x15=00204200 x15:00204000
14023465ns          226820 1c00a03a 00e7a023 sw               x14, 0(x15)         x14:000000ff x15:00204200  PA:00204200
14023922ns          226843 1c00a03e 00e7a623 sw               x14, 12(x15)        x14:000000ff x15:00204200  PA:0020420c
14023942ns          226844 1c00a042 01f00693 addi             x13, x0, 31         x13=0000001f
14023962ns          226845 1c00a044 f1402773 csrrs            x14, x0, 0xf14      x14=00000001
14023982ns          226846 1c00a048 ca571733 p.extractu       x14, x14, 5, 5      x14=00000000 x14:00000001
14024002ns          226847 1c00a04c 00d70463 beq              x14, x13, 8         x14:00000000 x13:0000001f
14024439ns          226869 1c00a050 01c7e703 p.elw            x14, 28(x15)        x14=00010000 x15:00204200  PA:0020421c
14024698ns          226882 1c00a054 1c0017b7 lui              x15, 0x1c001000     x15=1c001000
14024718ns          226883 1c00a058 e087a783 lw               x15, -504(x15)      x15=1c0081c6 x15:1c001000  PA:1c000e08
14025076ns          226901 1c00a05c 000780e7 jalr             x1, x15, 0           x1=1c00a05e x15:1c0081c6
14025553ns          226925 1c0081c6 fa010113 addi             x2, x2, -96          x2=10000f98  x2:10000ff8
14025593ns          226927 1c0081c8 04812c23 sw               x8, 88(x2)           x8:00000000  x2:10000f98  PA:10000ff0
14025613ns          226928 1c0081ca 05212823 sw               x18, 80(x2)         x18:00000000  x2:10000f98  PA:10000fe8
14025633ns          226929 1c0081cc f1402473 csrrs            x8, x0, 0xf14        x8=00000001
14026050ns          226950 1c0081d0 1c000537 lui              x10, 0x1c000000     x10=1c000000
14026090ns          226952 1c0081d4 f4543933 p.bclr           x18, x8, 26, 5      x18=00000001  x8:00000001
14026110ns          226953 1c0081d8 40545593 srai             x11, x8, 0x405      x11=00000000  x8:00000001
14026130ns          226954 1c0081dc 01200633 add              x12, x0, x18        x12=00000001 x18:00000001
14026587ns          226977 1c0081de f265b5b3 p.bclr           x11, x11, 25, 6     x11=00000000 x11:00000000
14026627ns          226979 1c0081e2 01c50513 addi             x10, x10, 28        x10=1c00001c x10:1c000000
14026647ns          226980 1c0081e6 04112e23 sw               x1, 92(x2)           x1:1c00a05e  x2:10000f98  PA:10000ff4
14026667ns          226981 1c0081e8 04912a23 sw               x9, 84(x2)           x9:00000000  x2:10000f98  PA:10000fec
14026687ns          226982 1c0081ea 05312623 sw               x19, 76(x2)         x19:00000000  x2:10000f98  PA:10000fe4
14026707ns          226983 1c0081ec 05412423 sw               x20, 72(x2)         x20:00000000  x2:10000f98  PA:10000fe0
14026726ns          226984 1c0081ee 05512223 sw               x21, 68(x2)         x21:00000000  x2:10000f98  PA:10000fdc
14027104ns          227003 1c0081f0 05612023 sw               x22, 64(x2)         x22:00000000  x2:10000f98  PA:10000fd8
14027124ns          227004 1c0081f2 03712e23 sw               x23, 60(x2)         x23:00000000  x2:10000f98  PA:10000fd4
14027144ns          227005 1c0081f4 03812c23 sw               x24, 56(x2)         x24:00000000  x2:10000f98  PA:10000fd0
14027164ns          227006 1c0081f6 03912a23 sw               x25, 52(x2)         x25:00000000  x2:10000f98  PA:10000fcc
14027184ns          227007 1c0081f8 03a12823 sw               x26, 48(x2)         x26:00000000  x2:10000f98  PA:10000fc8
14027204ns          227008 1c0081fa 03b12623 sw               x27, 44(x2)         x27:00000000  x2:10000f98  PA:10000fc4
14027224ns          227009 1c0081fc 1ff000ef jal              x1, 2558             x1=1c008200
14028099ns          227053 1c008bfa fc010113 addi             x2, x2, -64          x2=10000f58  x2:10000f98
14028138ns          227055 1c008bfc 02410313 addi             x6, x2, 36           x6=10000f7c  x2:10000f58
14028576ns          227077 1c008c00 02c12423 sw               x12, 40(x2)         x12:00000001  x2:10000f58  PA:10000f80
14028596ns          227078 1c008c02 00a00633 add              x12, x0, x10        x12=1c00001c x10:1c00001c
14028616ns          227079 1c008c04 1c009537 lui              x10, 0x1c009000     x10=1c009000
14028636ns          227080 1c008c08 02b12223 sw               x11, 36(x2)         x11:00000000  x2:10000f58  PA:10000f7c
14028656ns          227081 1c008c0a 02d12623 sw               x13, 44(x2)         x13:0000001f  x2:10000f58  PA:10000f84
14028675ns          227082 1c008c0c 00200593 addi             x11, x0, 2          x11=00000002
14028695ns          227083 1c008c0e 006006b3 add              x13, x0, x6         x13=10000f7c  x6:10000f7c
14029093ns          227103 1c008c10 bb650513 addi             x10, x10, -1098     x10=1c008bb6 x10:1c009000
14029133ns          227105 1c008c14 00112e23 sw               x1, 28(x2)           x1:1c008200  x2:10000f58  PA:10000f74
14029153ns          227106 1c008c16 02e12823 sw               x14, 48(x2)         x14:00010000  x2:10000f58  PA:10000f88
14029173ns          227107 1c008c18 02f12a23 sw               x15, 52(x2)         x15:1c0081c6  x2:10000f58  PA:10000f8c
14029193ns          227108 1c008c1a 03012c23 sw               x16, 56(x2)         x16:00000000  x2:10000f58  PA:10000f90
14029212ns          227109 1c008c1c 03112e23 sw               x17, 60(x2)         x17:00000000  x2:10000f58  PA:10000f94
14029232ns          227110 1c008c1e 00612623 sw               x6, 12(x2)           x6:10000f7c  x2:10000f58  PA:10000f64
14029610ns          227129 1c008c20 fbfff0ef jal              x1, -66              x1=1c008c22
14030068ns          227152 1c008bde 04a0006f jal              x0, 74             
14030107ns          227154 1c008c28 ec010113 addi             x2, x2, -320         x2=10000e18  x2:10000f58
14030127ns          227155 1c008c2a 13312623 sw               x19, 300(x2)        x19:00000000  x2:10000e18  PA:10000f44
14030585ns          227178 1c008c2e 12112e23 sw               x1, 316(x2)          x1:1c008c22  x2:10000e18  PA:10000f54
14030624ns          227180 1c008c32 12812c23 sw               x8, 312(x2)          x8:00000001  x2:10000e18  PA:10000f50
14030644ns          227181 1c008c36 12912a23 sw               x9, 308(x2)          x9:00000000  x2:10000e18  PA:10000f4c
14030664ns          227182 1c008c3a 13212823 sw               x18, 304(x2)        x18:00000001  x2:10000e18  PA:10000f48
14031102ns          227204 1c008c3e 13412423 sw               x20, 296(x2)        x20:00000000  x2:10000e18  PA:10000f40
14031142ns          227206 1c008c42 13512223 sw               x21, 292(x2)        x21:00000000  x2:10000e18  PA:10000f3c
14031161ns          227207 1c008c46 13612023 sw               x22, 288(x2)        x22:00000000  x2:10000e18  PA:10000f38
14031181ns          227208 1c008c4a 11712e23 sw               x23, 284(x2)        x23:00000000  x2:10000e18  PA:10000f34
14031619ns          227230 1c008c4e 11812c23 sw               x24, 280(x2)        x24:00000000  x2:10000e18  PA:10000f30
14031659ns          227232 1c008c52 11912a23 sw               x25, 276(x2)        x25:00000000  x2:10000e18  PA:10000f2c
14031679ns          227233 1c008c56 11a12823 sw               x26, 272(x2)        x26:00000000  x2:10000e18  PA:10000f28
14031698ns          227234 1c008c5a 11b12623 sw               x27, 268(x2)        x27:00000000  x2:10000e18  PA:10000f24
14031718ns          227235 1c008c5e 00c009b3 add              x19, x0, x12        x19=1c00001c x12:1c00001c
14032136ns          227256 1c008c60 0019c78b p.lbu            x15, 1(x19!)        x15=00000045 x19=1c00001d x19:1c00001c  PA:1c00001c
14032474ns          227273 1c008c64 00d12c23 sw               x13, 24(x2)         x13:10000f7c  x2:10000e18  PA:10000e30
14032494ns          227274 1c008c66 6a0788e3 beq              x15, x0, 3760       x15:00000045
14032514ns          227275 1c008c6a 1c000737 lui              x14, 0x1c000000     x14=1c000000
14032713ns          227285 1c008c6e 0c472703 lw               x14, 196(x14)       x14=20202020 x14:1c000000  PA:1c0000c4
14033051ns          227302 1c008c72 03410d93 addi             x27, x2, 52         x27=10000e4c  x2:10000e18
14033071ns          227303 1c008c76 00a00cb3 add              x25, x0, x10        x25=1c008bb6 x10:1c008bb6
14033091ns          227304 1c008c78 02e12023 sw               x14, 32(x2)         x14:20202020  x2:10000e18  PA:10000e38
14033110ns          227305 1c008c7a 03610713 addi             x14, x2, 54         x14=10000e4e  x2:10000e18
14033508ns          227325 1c008c7e fff74713 xori             x14, x14, -1        x14=effff1b1 x14:10000e4e
14033528ns          227326 1c008c82 02e12223 sw               x14, 36(x2)         x14:effff1b1  x2:10000e18  PA:10000e3c
14033548ns          227327 1c008c84 fffdc713 xori             x14, x27, -1        x14=effff1b3 x27:10000e4c
14033568ns          227328 1c008c88 00b004b3 add              x9, x0, x11          x9=00000002 x11:00000002
14033588ns          227329 1c008c8a 00000413 addi             x8, x0, 0            x8=00000000
14033608ns          227330 1c008c8c 1c000d37 lui              x26, 0x1c000000     x26=1c000000
14034025ns          227351 1c008c90 02e12423 sw               x14, 40(x2)         x14:effff1b3  x2:10000e18  PA:10000e40
14034045ns          227352 1c008c92 01300a33 add              x20, x0, x19        x20=1c00001d x19:1c00001d
14034065ns          227353 1c008c94 00f00533 add              x10, x0, x15        x10=00000045 x15:00000045
14034085ns          227354 1c008c96 02500793 addi             x15, x0, 37         x15=00000025
14034105ns          227355 1c008c9a 04f50763 beq              x10, x15, 78        x10:00000045 x15:00000025
14034125ns          227356 1c008c9e 009005b3 add              x11, x0, x9         x11=00000002  x9:00000002
14034542ns          227377 1c008ca0 000c80e7 jalr             x1, x25, 0           x1=1c008ca2 x25:1c008bb6
14035000ns          227400 1c008bb6 000026b7 lui              x13, 0x2000         x13=00002000
14035040ns          227402 1c008bb8 f8068693 addi             x13, x13, -128      x13=00001f80 x13:00002000
14035060ns          227403 1c008bbc f14027f3 csrrs            x15, x0, 0xf14      x15=00000001
14035497ns          227425 1c008bc0 00379713 slli             x14, x15, 0x3       x14=00000008 x15:00000001
14035537ns          227427 1c008bc4 00279793 slli             x15, x15, 0x2       x15=00000004 x15:00000001
14035557ns          227428 1c008bc6 00d7f7b3 and              x15, x15, x13       x15=00000000 x15:00000004 x13:00001f80
14035577ns          227429 1c008bc8 ee873733 p.bclr           x14, x14, 23, 8     x14=00000008 x14:00000008
14035596ns          227430 1c008bcc 1a10f6b7 lui              x13, 0x1a10f000     x13=1a10f000
14035616ns          227431 1c008bd0 00d70733 add              x14, x14, x13       x14=1a10f008 x14:00000008 x13:1a10f000
14035636ns          227432 1c008bd2 00e787b3 add              x15, x15, x14       x15=1a10f008 x15:00000000 x14:1a10f008
14035656ns          227433 1c008bd4 0ff57513 andi             x10, x10, 255       x10=00000045 x10:00000045
14035676ns          227434 1c008bd8 00a7a023 sw               x10, 0(x15)         x10:00000045 x15:1a10f008  PA:1a10f008
14036392ns          227470 1c008bda 00000513 addi             x10, x0, 0          x10=00000000
14036412ns          227471 1c008bdc 00008067 jalr             x0, x1, 0            x1:1c008ca2
14036472ns          227474 1c008ca2 4df52863 p.beqimm         x10, 1232           x10:00000000
14036491ns          227475 1c008ca6 00140413 addi             x8, x8, 1            x8=00000001  x8:00000000
14036511ns          227476 1c008ca8 001a450b p.lbu            x10, 1(x20!)        x10=0000006e x20=1c00001e x20:1c00001d  PA:1c00001d
14036849ns          227493 1c008cac fe0515e3 bne              x10, x0, -22        x10:0000006e
14036929ns          227497 1c008c96 02500793 addi             x15, x0, 37         x15=00000025
14036949ns          227498 1c008c9a 04f50763 beq              x10, x15, 78        x10:0000006e x15:00000025
14036969ns          227499 1c008c9e 009005b3 add              x11, x0, x9         x11=00000002  x9:00000002
14036989ns          227500 1c008ca0 000c80e7 jalr             x1, x25, 0           x1=1c008ca2 x25:1c008bb6
14037028ns          227502 1c008bb6 000026b7 lui              x13, 0x2000         x13=00002000
14037048ns          227503 1c008bb8 f8068693 addi             x13, x13, -128      x13=00001f80 x13:00002000
14037068ns          227504 1c008bbc f14027f3 csrrs            x15, x0, 0xf14      x15=00000001
14037088ns          227505 1c008bc0 00379713 slli             x14, x15, 0x3       x14=00000008 x15:00000001
14037108ns          227506 1c008bc4 00279793 slli             x15, x15, 0x2       x15=00000004 x15:00000001
14037128ns          227507 1c008bc6 00d7f7b3 and              x15, x15, x13       x15=00000000 x15:00000004 x13:00001f80
14037148ns          227508 1c008bc8 ee873733 p.bclr           x14, x14, 23, 8     x14=00000008 x14:00000008
14037168ns          227509 1c008bcc 1a10f6b7 lui              x13, 0x1a10f000     x13=1a10f000
14037188ns          227510 1c008bd0 00d70733 add              x14, x14, x13       x14=1a10f008 x14:00000008 x13:1a10f000
14037207ns          227511 1c008bd2 00e787b3 add              x15, x15, x14       x15=1a10f008 x15:00000000 x14:1a10f008
14037227ns          227512 1c008bd4 0ff57513 andi             x10, x10, 255       x10=0000006e x10:0000006e
14037247ns          227513 1c008bd8 00a7a023 sw               x10, 0(x15)         x10:0000006e x15:1a10f008  PA:1a10f008
14037764ns          227539 1c008bda 00000513 addi             x10, x0, 0          x10=00000000
14037784ns          227540 1c008bdc 00008067 jalr             x0, x1, 0            x1:1c008ca2
14037844ns          227543 1c008ca2 4df52863 p.beqimm         x10, 1232           x10:00000000
14037864ns          227544 1c008ca6 00140413 addi             x8, x8, 1            x8=00000002  x8:00000001
14037884ns          227545 1c008ca8 001a450b p.lbu            x10, 1(x20!)        x10=00000074 x20=1c00001f x20:1c00001e  PA:1c00001e
14038202ns          227561 1c008cac fe0515e3 bne              x10, x0, -22        x10:00000074
14038281ns          227565 1c008c96 02500793 addi             x15, x0, 37         x15=00000025
14038301ns          227566 1c008c9a 04f50763 beq              x10, x15, 78        x10:00000074 x15:00000025
14038321ns          227567 1c008c9e 009005b3 add              x11, x0, x9         x11=00000002  x9:00000002
14038341ns          227568 1c008ca0 000c80e7 jalr             x1, x25, 0           x1=1c008ca2 x25:1c008bb6
14038381ns          227570 1c008bb6 000026b7 lui              x13, 0x2000         x13=00002000
14038401ns          227571 1c008bb8 f8068693 addi             x13, x13, -128      x13=00001f80 x13:00002000
14038421ns          227572 1c008bbc f14027f3 csrrs            x15, x0, 0xf14      x15=00000001
14038440ns          227573 1c008bc0 00379713 slli             x14, x15, 0x3       x14=00000008 x15:00000001
14038460ns          227574 1c008bc4 00279793 slli             x15, x15, 0x2       x15=00000004 x15:00000001
14038480ns          227575 1c008bc6 00d7f7b3 and              x15, x15, x13       x15=00000000 x15:00000004 x13:00001f80
14038500ns          227576 1c008bc8 ee873733 p.bclr           x14, x14, 23, 8     x14=00000008 x14:00000008
14038520ns          227577 1c008bcc 1a10f6b7 lui              x13, 0x1a10f000     x13=1a10f000
14038540ns          227578 1c008bd0 00d70733 add              x14, x14, x13       x14=1a10f008 x14:00000008 x13:1a10f000
14038560ns          227579 1c008bd2 00e787b3 add              x15, x15, x14       x15=1a10f008 x15:00000000 x14:1a10f008
14038580ns          227580 1c008bd4 0ff57513 andi             x10, x10, 255       x10=00000074 x10:00000074
14038600ns          227581 1c008bd8 00a7a023 sw               x10, 0(x15)         x10:00000074 x15:1a10f008  PA:1a10f008
14038958ns          227599 1c008bda 00000513 addi             x10, x0, 0          x10=00000000
14038977ns          227600 1c008bdc 00008067 jalr             x0, x1, 0            x1:1c008ca2
14039037ns          227603 1c008ca2 4df52863 p.beqimm         x10, 1232           x10:00000000
14039057ns          227604 1c008ca6 00140413 addi             x8, x8, 1            x8=00000003  x8:00000002
14039077ns          227605 1c008ca8 001a450b p.lbu            x10, 1(x20!)        x10=00000065 x20=1c000020 x20:1c00001f  PA:1c00001f
14039395ns          227621 1c008cac fe0515e3 bne              x10, x0, -22        x10:00000065
14039475ns          227625 1c008c96 02500793 addi             x15, x0, 37         x15=00000025
14039495ns          227626 1c008c9a 04f50763 beq              x10, x15, 78        x10:00000065 x15:00000025
14039514ns          227627 1c008c9e 009005b3 add              x11, x0, x9         x11=00000002  x9:00000002
14039534ns          227628 1c008ca0 000c80e7 jalr             x1, x25, 0           x1=1c008ca2 x25:1c008bb6
14039574ns          227630 1c008bb6 000026b7 lui              x13, 0x2000         x13=00002000
14039594ns          227631 1c008bb8 f8068693 addi             x13, x13, -128      x13=00001f80 x13:00002000
14039614ns          227632 1c008bbc f14027f3 csrrs            x15, x0, 0xf14      x15=00000001
14039634ns          227633 1c008bc0 00379713 slli             x14, x15, 0x3       x14=00000008 x15:00000001
14039654ns          227634 1c008bc4 00279793 slli             x15, x15, 0x2       x15=00000004 x15:00000001
14039674ns          227635 1c008bc6 00d7f7b3 and              x15, x15, x13       x15=00000000 x15:00000004 x13:00001f80
14039693ns          227636 1c008bc8 ee873733 p.bclr           x14, x14, 23, 8     x14=00000008 x14:00000008
14039713ns          227637 1c008bcc 1a10f6b7 lui              x13, 0x1a10f000     x13=1a10f000
14039733ns          227638 1c008bd0 00d70733 add              x14, x14, x13       x14=1a10f008 x14:00000008 x13:1a10f000
14039753ns          227639 1c008bd2 00e787b3 add              x15, x15, x14       x15=1a10f008 x15:00000000 x14:1a10f008
14039773ns          227640 1c008bd4 0ff57513 andi             x10, x10, 255       x10=00000065 x10:00000065
14039793ns          227641 1c008bd8 00a7a023 sw               x10, 0(x15)         x10:00000065 x15:1a10f008  PA:1a10f008
14040151ns          227659 1c008bda 00000513 addi             x10, x0, 0          x10=00000000
14040171ns          227660 1c008bdc 00008067 jalr             x0, x1, 0            x1:1c008ca2
14040230ns          227663 1c008ca2 4df52863 p.beqimm         x10, 1232           x10:00000000
14040250ns          227664 1c008ca6 00140413 addi             x8, x8, 1            x8=00000004  x8:00000003
14040270ns          227665 1c008ca8 001a450b p.lbu            x10, 1(x20!)        x10=00000072 x20=1c000021 x20:1c000020  PA:1c000020
14040588ns          227681 1c008cac fe0515e3 bne              x10, x0, -22        x10:00000072
14040668ns          227685 1c008c96 02500793 addi             x15, x0, 37         x15=00000025
14040688ns          227686 1c008c9a 04f50763 beq              x10, x15, 78        x10:00000072 x15:00000025
14040708ns          227687 1c008c9e 009005b3 add              x11, x0, x9         x11=00000002  x9:00000002
14040728ns          227688 1c008ca0 000c80e7 jalr             x1, x25, 0           x1=1c008ca2 x25:1c008bb6
14040767ns          227690 1c008bb6 000026b7 lui              x13, 0x2000         x13=00002000
14040787ns          227691 1c008bb8 f8068693 addi             x13, x13, -128      x13=00001f80 x13:00002000
14040807ns          227692 1c008bbc f14027f3 csrrs            x15, x0, 0xf14      x15=00000001
14040827ns          227693 1c008bc0 00379713 slli             x14, x15, 0x3       x14=00000008 x15:00000001
14040847ns          227694 1c008bc4 00279793 slli             x15, x15, 0x2       x15=00000004 x15:00000001
14040867ns          227695 1c008bc6 00d7f7b3 and              x15, x15, x13       x15=00000000 x15:00000004 x13:00001f80
14040887ns          227696 1c008bc8 ee873733 p.bclr           x14, x14, 23, 8     x14=00000008 x14:00000008
14040907ns          227697 1c008bcc 1a10f6b7 lui              x13, 0x1a10f000     x13=1a10f000
14040926ns          227698 1c008bd0 00d70733 add              x14, x14, x13       x14=1a10f008 x14:00000008 x13:1a10f000
14040946ns          227699 1c008bd2 00e787b3 add              x15, x15, x14       x15=1a10f008 x15:00000000 x14:1a10f008
14040966ns          227700 1c008bd4 0ff57513 andi             x10, x10, 255       x10=00000072 x10:00000072
14040986ns          227701 1c008bd8 00a7a023 sw               x10, 0(x15)         x10:00000072 x15:1a10f008  PA:1a10f008
14041344ns          227719 1c008bda 00000513 addi             x10, x0, 0          x10=00000000
14041364ns          227720 1c008bdc 00008067 jalr             x0, x1, 0            x1:1c008ca2
14041424ns          227723 1c008ca2 4df52863 p.beqimm         x10, 1232           x10:00000000
14041444ns          227724 1c008ca6 00140413 addi             x8, x8, 1            x8=00000005  x8:00000004
14041463ns          227725 1c008ca8 001a450b p.lbu            x10, 1(x20!)        x10=00000065 x20=1c000022 x20:1c000021  PA:1c000021
14041782ns          227741 1c008cac fe0515e3 bne              x10, x0, -22        x10:00000065
14041861ns          227745 1c008c96 02500793 addi             x15, x0, 37         x15=00000025
14041881ns          227746 1c008c9a 04f50763 beq              x10, x15, 78        x10:00000065 x15:00000025
14041901ns          227747 1c008c9e 009005b3 add              x11, x0, x9         x11=00000002  x9:00000002
14041921ns          227748 1c008ca0 000c80e7 jalr             x1, x25, 0           x1=1c008ca2 x25:1c008bb6
14041961ns          227750 1c008bb6 000026b7 lui              x13, 0x2000         x13=00002000
14041981ns          227751 1c008bb8 f8068693 addi             x13, x13, -128      x13=00001f80 x13:00002000
14042000ns          227752 1c008bbc f14027f3 csrrs            x15, x0, 0xf14      x15=00000001
14042020ns          227753 1c008bc0 00379713 slli             x14, x15, 0x3       x14=00000008 x15:00000001
14042040ns          227754 1c008bc4 00279793 slli             x15, x15, 0x2       x15=00000004 x15:00000001
14042060ns          227755 1c008bc6 00d7f7b3 and              x15, x15, x13       x15=00000000 x15:00000004 x13:00001f80
14042080ns          227756 1c008bc8 ee873733 p.bclr           x14, x14, 23, 8     x14=00000008 x14:00000008
14042100ns          227757 1c008bcc 1a10f6b7 lui              x13, 0x1a10f000     x13=1a10f000
14042120ns          227758 1c008bd0 00d70733 add              x14, x14, x13       x14=1a10f008 x14:00000008 x13:1a10f000
14042140ns          227759 1c008bd2 00e787b3 add              x15, x15, x14       x15=1a10f008 x15:00000000 x14:1a10f008
14042160ns          227760 1c008bd4 0ff57513 andi             x10, x10, 255       x10=00000065 x10:00000065
14042179ns          227761 1c008bd8 00a7a023 sw               x10, 0(x15)         x10:00000065 x15:1a10f008  PA:1a10f008
14042518ns          227778 1c008bda 00000513 addi             x10, x0, 0          x10=00000000
14042537ns          227779 1c008bdc 00008067 jalr             x0, x1, 0            x1:1c008ca2
14042597ns          227782 1c008ca2 4df52863 p.beqimm         x10, 1232           x10:00000000
14042617ns          227783 1c008ca6 00140413 addi             x8, x8, 1            x8=00000006  x8:00000005
14042637ns          227784 1c008ca8 001a450b p.lbu            x10, 1(x20!)        x10=00000064 x20=1c000023 x20:1c000022  PA:1c000022
14042955ns          227800 1c008cac fe0515e3 bne              x10, x0, -22        x10:00000064
14043035ns          227804 1c008c96 02500793 addi             x15, x0, 37         x15=00000025
14043054ns          227805 1c008c9a 04f50763 beq              x10, x15, 78        x10:00000064 x15:00000025
14043074ns          227806 1c008c9e 009005b3 add              x11, x0, x9         x11=00000002  x9:00000002
14043094ns          227807 1c008ca0 000c80e7 jalr             x1, x25, 0           x1=1c008ca2 x25:1c008bb6
14043134ns          227809 1c008bb6 000026b7 lui              x13, 0x2000         x13=00002000
14043154ns          227810 1c008bb8 f8068693 addi             x13, x13, -128      x13=00001f80 x13:00002000
14043174ns          227811 1c008bbc f14027f3 csrrs            x15, x0, 0xf14      x15=00000001
14043194ns          227812 1c008bc0 00379713 slli             x14, x15, 0x3       x14=00000008 x15:00000001
14043214ns          227813 1c008bc4 00279793 slli             x15, x15, 0x2       x15=00000004 x15:00000001
14043233ns          227814 1c008bc6 00d7f7b3 and              x15, x15, x13       x15=00000000 x15:00000004 x13:00001f80
14043253ns          227815 1c008bc8 ee873733 p.bclr           x14, x14, 23, 8     x14=00000008 x14:00000008
14043273ns          227816 1c008bcc 1a10f6b7 lui              x13, 0x1a10f000     x13=1a10f000
14043293ns          227817 1c008bd0 00d70733 add              x14, x14, x13       x14=1a10f008 x14:00000008 x13:1a10f000
14043313ns          227818 1c008bd2 00e787b3 add              x15, x15, x14       x15=1a10f008 x15:00000000 x14:1a10f008
14043333ns          227819 1c008bd4 0ff57513 andi             x10, x10, 255       x10=00000064 x10:00000064
14043353ns          227820 1c008bd8 00a7a023 sw               x10, 0(x15)         x10:00000064 x15:1a10f008  PA:1a10f008
14043731ns          227839 1c008bda 00000513 addi             x10, x0, 0          x10=00000000
14043751ns          227840 1c008bdc 00008067 jalr             x0, x1, 0            x1:1c008ca2
14043810ns          227843 1c008ca2 4df52863 p.beqimm         x10, 1232           x10:00000000
14043830ns          227844 1c008ca6 00140413 addi             x8, x8, 1            x8=00000007  x8:00000006
14043850ns          227845 1c008ca8 001a450b p.lbu            x10, 1(x20!)        x10=00000020 x20=1c000024 x20:1c000023  PA:1c000023
14044168ns          227861 1c008cac fe0515e3 bne              x10, x0, -22        x10:00000020
14044248ns          227865 1c008c96 02500793 addi             x15, x0, 37         x15=00000025
14044268ns          227866 1c008c9a 04f50763 beq              x10, x15, 78        x10:00000020 x15:00000025
14044288ns          227867 1c008c9e 009005b3 add              x11, x0, x9         x11=00000002  x9:00000002
14044307ns          227868 1c008ca0 000c80e7 jalr             x1, x25, 0           x1=1c008ca2 x25:1c008bb6
14044347ns          227870 1c008bb6 000026b7 lui              x13, 0x2000         x13=00002000
14044367ns          227871 1c008bb8 f8068693 addi             x13, x13, -128      x13=00001f80 x13:00002000
14044387ns          227872 1c008bbc f14027f3 csrrs            x15, x0, 0xf14      x15=00000001
14044407ns          227873 1c008bc0 00379713 slli             x14, x15, 0x3       x14=00000008 x15:00000001
14044427ns          227874 1c008bc4 00279793 slli             x15, x15, 0x2       x15=00000004 x15:00000001
14044447ns          227875 1c008bc6 00d7f7b3 and              x15, x15, x13       x15=00000000 x15:00000004 x13:00001f80
14044467ns          227876 1c008bc8 ee873733 p.bclr           x14, x14, 23, 8     x14=00000008 x14:00000008
14044486ns          227877 1c008bcc 1a10f6b7 lui              x13, 0x1a10f000     x13=1a10f000
14044506ns          227878 1c008bd0 00d70733 add              x14, x14, x13       x14=1a10f008 x14:00000008 x13:1a10f000
14044526ns          227879 1c008bd2 00e787b3 add              x15, x15, x14       x15=1a10f008 x15:00000000 x14:1a10f008
14044546ns          227880 1c008bd4 0ff57513 andi             x10, x10, 255       x10=00000020 x10:00000020
14044566ns          227881 1c008bd8 00a7a023 sw               x10, 0(x15)         x10:00000020 x15:1a10f008  PA:1a10f008
14044884ns          227897 1c008bda 00000513 addi             x10, x0, 0          x10=00000000
14044904ns          227898 1c008bdc 00008067 jalr             x0, x1, 0            x1:1c008ca2
14044964ns          227901 1c008ca2 4df52863 p.beqimm         x10, 1232           x10:00000000
14044984ns          227902 1c008ca6 00140413 addi             x8, x8, 1            x8=00000008  x8:00000007
14045004ns          227903 1c008ca8 001a450b p.lbu            x10, 1(x20!)        x10=00000063 x20=1c000025 x20:1c000024  PA:1c000024
14045322ns          227919 1c008cac fe0515e3 bne              x10, x0, -22        x10:00000063
14045401ns          227923 1c008c96 02500793 addi             x15, x0, 37         x15=00000025
14045421ns          227924 1c008c9a 04f50763 beq              x10, x15, 78        x10:00000063 x15:00000025
14045441ns          227925 1c008c9e 009005b3 add              x11, x0, x9         x11=00000002  x9:00000002
14045461ns          227926 1c008ca0 000c80e7 jalr             x1, x25, 0           x1=1c008ca2 x25:1c008bb6
14045501ns          227928 1c008bb6 000026b7 lui              x13, 0x2000         x13=00002000
14045521ns          227929 1c008bb8 f8068693 addi             x13, x13, -128      x13=00001f80 x13:00002000
14045540ns          227930 1c008bbc f14027f3 csrrs            x15, x0, 0xf14      x15=00000001
14045560ns          227931 1c008bc0 00379713 slli             x14, x15, 0x3       x14=00000008 x15:00000001
14045580ns          227932 1c008bc4 00279793 slli             x15, x15, 0x2       x15=00000004 x15:00000001
14045600ns          227933 1c008bc6 00d7f7b3 and              x15, x15, x13       x15=00000000 x15:00000004 x13:00001f80
14045620ns          227934 1c008bc8 ee873733 p.bclr           x14, x14, 23, 8     x14=00000008 x14:00000008
14045640ns          227935 1c008bcc 1a10f6b7 lui              x13, 0x1a10f000     x13=1a10f000
14045660ns          227936 1c008bd0 00d70733 add              x14, x14, x13       x14=1a10f008 x14:00000008 x13:1a10f000
14045680ns          227937 1c008bd2 00e787b3 add              x15, x15, x14       x15=1a10f008 x15:00000000 x14:1a10f008
14045700ns          227938 1c008bd4 0ff57513 andi             x10, x10, 255       x10=00000063 x10:00000063
14045719ns          227939 1c008bd8 00a7a023 sw               x10, 0(x15)         x10:00000063 x15:1a10f008  PA:1a10f008
14046077ns          227957 1c008bda 00000513 addi             x10, x0, 0          x10=00000000
14046097ns          227958 1c008bdc 00008067 jalr             x0, x1, 0            x1:1c008ca2
14046157ns          227961 1c008ca2 4df52863 p.beqimm         x10, 1232           x10:00000000
14046177ns          227962 1c008ca6 00140413 addi             x8, x8, 1            x8=00000009  x8:00000008
14046197ns          227963 1c008ca8 001a450b p.lbu            x10, 1(x20!)        x10=0000006c x20=1c000026 x20:1c000025  PA:1c000025
14046515ns          227979 1c008cac fe0515e3 bne              x10, x0, -22        x10:0000006c
14046595ns          227983 1c008c96 02500793 addi             x15, x0, 37         x15=00000025
14046614ns          227984 1c008c9a 04f50763 beq              x10, x15, 78        x10:0000006c x15:00000025
14046634ns          227985 1c008c9e 009005b3 add              x11, x0, x9         x11=00000002  x9:00000002
14046654ns          227986 1c008ca0 000c80e7 jalr             x1, x25, 0           x1=1c008ca2 x25:1c008bb6
14046694ns          227988 1c008bb6 000026b7 lui              x13, 0x2000         x13=00002000
14046714ns          227989 1c008bb8 f8068693 addi             x13, x13, -128      x13=00001f80 x13:00002000
14046734ns          227990 1c008bbc f14027f3 csrrs            x15, x0, 0xf14      x15=00000001
14046754ns          227991 1c008bc0 00379713 slli             x14, x15, 0x3       x14=00000008 x15:00000001
14046774ns          227992 1c008bc4 00279793 slli             x15, x15, 0x2       x15=00000004 x15:00000001
14046793ns          227993 1c008bc6 00d7f7b3 and              x15, x15, x13       x15=00000000 x15:00000004 x13:00001f80
14046813ns          227994 1c008bc8 ee873733 p.bclr           x14, x14, 23, 8     x14=00000008 x14:00000008
14046833ns          227995 1c008bcc 1a10f6b7 lui              x13, 0x1a10f000     x13=1a10f000
14046853ns          227996 1c008bd0 00d70733 add              x14, x14, x13       x14=1a10f008 x14:00000008 x13:1a10f000
14046873ns          227997 1c008bd2 00e787b3 add              x15, x15, x14       x15=1a10f008 x15:00000000 x14:1a10f008
14046893ns          227998 1c008bd4 0ff57513 andi             x10, x10, 255       x10=0000006c x10:0000006c
14046913ns          227999 1c008bd8 00a7a023 sw               x10, 0(x15)         x10:0000006c x15:1a10f008  PA:1a10f008
14047251ns          228016 1c008bda 00000513 addi             x10, x0, 0          x10=00000000
14047271ns          228017 1c008bdc 00008067 jalr             x0, x1, 0            x1:1c008ca2
14047330ns          228020 1c008ca2 4df52863 p.beqimm         x10, 1232           x10:00000000
14047350ns          228021 1c008ca6 00140413 addi             x8, x8, 1            x8=0000000a  x8:00000009
14047370ns          228022 1c008ca8 001a450b p.lbu            x10, 1(x20!)        x10=00000075 x20=1c000027 x20:1c000026  PA:1c000026
14047708ns          228039 1c008cac fe0515e3 bne              x10, x0, -22        x10:00000075
14047788ns          228043 1c008c96 02500793 addi             x15, x0, 37         x15=00000025
14047808ns          228044 1c008c9a 04f50763 beq              x10, x15, 78        x10:00000075 x15:00000025
14047828ns          228045 1c008c9e 009005b3 add              x11, x0, x9         x11=00000002  x9:00000002
14047847ns          228046 1c008ca0 000c80e7 jalr             x1, x25, 0           x1=1c008ca2 x25:1c008bb6
14047887ns          228048 1c008bb6 000026b7 lui              x13, 0x2000         x13=00002000
14047907ns          228049 1c008bb8 f8068693 addi             x13, x13, -128      x13=00001f80 x13:00002000
14047927ns          228050 1c008bbc f14027f3 csrrs            x15, x0, 0xf14      x15=00000001
14047947ns          228051 1c008bc0 00379713 slli             x14, x15, 0x3       x14=00000008 x15:00000001
14047967ns          228052 1c008bc4 00279793 slli             x15, x15, 0x2       x15=00000004 x15:00000001
14047987ns          228053 1c008bc6 00d7f7b3 and              x15, x15, x13       x15=00000000 x15:00000004 x13:00001f80
14048007ns          228054 1c008bc8 ee873733 p.bclr           x14, x14, 23, 8     x14=00000008 x14:00000008
14048026ns          228055 1c008bcc 1a10f6b7 lui              x13, 0x1a10f000     x13=1a10f000
14048046ns          228056 1c008bd0 00d70733 add              x14, x14, x13       x14=1a10f008 x14:00000008 x13:1a10f000
14048066ns          228057 1c008bd2 00e787b3 add              x15, x15, x14       x15=1a10f008 x15:00000000 x14:1a10f008
14048086ns          228058 1c008bd4 0ff57513 andi             x10, x10, 255       x10=00000075 x10:00000075
14048106ns          228059 1c008bd8 00a7a023 sw               x10, 0(x15)         x10:00000075 x15:1a10f008  PA:1a10f008
14048424ns          228075 1c008bda 00000513 addi             x10, x0, 0          x10=00000000
14048444ns          228076 1c008bdc 00008067 jalr             x0, x1, 0            x1:1c008ca2
14048504ns          228079 1c008ca2 4df52863 p.beqimm         x10, 1232           x10:00000000
14048524ns          228080 1c008ca6 00140413 addi             x8, x8, 1            x8=0000000b  x8:0000000a
14048544ns          228081 1c008ca8 001a450b p.lbu            x10, 1(x20!)        x10=00000073 x20=1c000028 x20:1c000027  PA:1c000027
14048862ns          228097 1c008cac fe0515e3 bne              x10, x0, -22        x10:00000073
14048941ns          228101 1c008c96 02500793 addi             x15, x0, 37         x15=00000025
14048961ns          228102 1c008c9a 04f50763 beq              x10, x15, 78        x10:00000073 x15:00000025
14048981ns          228103 1c008c9e 009005b3 add              x11, x0, x9         x11=00000002  x9:00000002
14049001ns          228104 1c008ca0 000c80e7 jalr             x1, x25, 0           x1=1c008ca2 x25:1c008bb6
14049041ns          228106 1c008bb6 000026b7 lui              x13, 0x2000         x13=00002000
14049061ns          228107 1c008bb8 f8068693 addi             x13, x13, -128      x13=00001f80 x13:00002000
14049081ns          228108 1c008bbc f14027f3 csrrs            x15, x0, 0xf14      x15=00000001
14049100ns          228109 1c008bc0 00379713 slli             x14, x15, 0x3       x14=00000008 x15:00000001
14049120ns          228110 1c008bc4 00279793 slli             x15, x15, 0x2       x15=00000004 x15:00000001
14049140ns          228111 1c008bc6 00d7f7b3 and              x15, x15, x13       x15=00000000 x15:00000004 x13:00001f80
14049160ns          228112 1c008bc8 ee873733 p.bclr           x14, x14, 23, 8     x14=00000008 x14:00000008
14049180ns          228113 1c008bcc 1a10f6b7 lui              x13, 0x1a10f000     x13=1a10f000
14049200ns          228114 1c008bd0 00d70733 add              x14, x14, x13       x14=1a10f008 x14:00000008 x13:1a10f000
14049220ns          228115 1c008bd2 00e787b3 add              x15, x15, x14       x15=1a10f008 x15:00000000 x14:1a10f008
14049240ns          228116 1c008bd4 0ff57513 andi             x10, x10, 255       x10=00000073 x10:00000073
14049260ns          228117 1c008bd8 00a7a023 sw               x10, 0(x15)         x10:00000073 x15:1a10f008  PA:1a10f008
14049598ns          228134 1c008bda 00000513 addi             x10, x0, 0          x10=00000000
14049618ns          228135 1c008bdc 00008067 jalr             x0, x1, 0            x1:1c008ca2
14049677ns          228138 1c008ca2 4df52863 p.beqimm         x10, 1232           x10:00000000
14049697ns          228139 1c008ca6 00140413 addi             x8, x8, 1            x8=0000000c  x8:0000000b
14049717ns          228140 1c008ca8 001a450b p.lbu            x10, 1(x20!)        x10=00000074 x20=1c000029 x20:1c000028  PA:1c000028
14050055ns          228157 1c008cac fe0515e3 bne              x10, x0, -22        x10:00000074
14050135ns          228161 1c008c96 02500793 addi             x15, x0, 37         x15=00000025
14050154ns          228162 1c008c9a 04f50763 beq              x10, x15, 78        x10:00000074 x15:00000025
14050174ns          228163 1c008c9e 009005b3 add              x11, x0, x9         x11=00000002  x9:00000002
14050194ns          228164 1c008ca0 000c80e7 jalr             x1, x25, 0           x1=1c008ca2 x25:1c008bb6
14050234ns          228166 1c008bb6 000026b7 lui              x13, 0x2000         x13=00002000
14050254ns          228167 1c008bb8 f8068693 addi             x13, x13, -128      x13=00001f80 x13:00002000
14050274ns          228168 1c008bbc f14027f3 csrrs            x15, x0, 0xf14      x15=00000001
14050294ns          228169 1c008bc0 00379713 slli             x14, x15, 0x3       x14=00000008 x15:00000001
14050314ns          228170 1c008bc4 00279793 slli             x15, x15, 0x2       x15=00000004 x15:00000001
14050333ns          228171 1c008bc6 00d7f7b3 and              x15, x15, x13       x15=00000000 x15:00000004 x13:00001f80
14050353ns          228172 1c008bc8 ee873733 p.bclr           x14, x14, 23, 8     x14=00000008 x14:00000008
14050373ns          228173 1c008bcc 1a10f6b7 lui              x13, 0x1a10f000     x13=1a10f000
14050393ns          228174 1c008bd0 00d70733 add              x14, x14, x13       x14=1a10f008 x14:00000008 x13:1a10f000
14050413ns          228175 1c008bd2 00e787b3 add              x15, x15, x14       x15=1a10f008 x15:00000000 x14:1a10f008
14050433ns          228176 1c008bd4 0ff57513 andi             x10, x10, 255       x10=00000074 x10:00000074
14050453ns          228177 1c008bd8 00a7a023 sw               x10, 0(x15)         x10:00000074 x15:1a10f008  PA:1a10f008
14050791ns          228194 1c008bda 00000513 addi             x10, x0, 0          x10=00000000
14050811ns          228195 1c008bdc 00008067 jalr             x0, x1, 0            x1:1c008ca2
14050870ns          228198 1c008ca2 4df52863 p.beqimm         x10, 1232           x10:00000000
14050890ns          228199 1c008ca6 00140413 addi             x8, x8, 1            x8=0000000d  x8:0000000c
14050910ns          228200 1c008ca8 001a450b p.lbu            x10, 1(x20!)        x10=00000065 x20=1c00002a x20:1c000029  PA:1c000029
14051228ns          228216 1c008cac fe0515e3 bne              x10, x0, -22        x10:00000065
14051308ns          228220 1c008c96 02500793 addi             x15, x0, 37         x15=00000025
14051328ns          228221 1c008c9a 04f50763 beq              x10, x15, 78        x10:00000065 x15:00000025
14051348ns          228222 1c008c9e 009005b3 add              x11, x0, x9         x11=00000002  x9:00000002
14051368ns          228223 1c008ca0 000c80e7 jalr             x1, x25, 0           x1=1c008ca2 x25:1c008bb6
14051407ns          228225 1c008bb6 000026b7 lui              x13, 0x2000         x13=00002000
14051427ns          228226 1c008bb8 f8068693 addi             x13, x13, -128      x13=00001f80 x13:00002000
14051447ns          228227 1c008bbc f14027f3 csrrs            x15, x0, 0xf14      x15=00000001
14051467ns          228228 1c008bc0 00379713 slli             x14, x15, 0x3       x14=00000008 x15:00000001
14051487ns          228229 1c008bc4 00279793 slli             x15, x15, 0x2       x15=00000004 x15:00000001
14051507ns          228230 1c008bc6 00d7f7b3 and              x15, x15, x13       x15=00000000 x15:00000004 x13:00001f80
14051527ns          228231 1c008bc8 ee873733 p.bclr           x14, x14, 23, 8     x14=00000008 x14:00000008
14051547ns          228232 1c008bcc 1a10f6b7 lui              x13, 0x1a10f000     x13=1a10f000
14051567ns          228233 1c008bd0 00d70733 add              x14, x14, x13       x14=1a10f008 x14:00000008 x13:1a10f000
14051586ns          228234 1c008bd2 00e787b3 add              x15, x15, x14       x15=1a10f008 x15:00000000 x14:1a10f008
14051606ns          228235 1c008bd4 0ff57513 andi             x10, x10, 255       x10=00000065 x10:00000065
14051626ns          228236 1c008bd8 00a7a023 sw               x10, 0(x15)         x10:00000065 x15:1a10f008  PA:1a10f008
14051964ns          228253 1c008bda 00000513 addi             x10, x0, 0          x10=00000000
14051984ns          228254 1c008bdc 00008067 jalr             x0, x1, 0            x1:1c008ca2
14052044ns          228257 1c008ca2 4df52863 p.beqimm         x10, 1232           x10:00000000
14052064ns          228258 1c008ca6 00140413 addi             x8, x8, 1            x8=0000000e  x8:0000000d
14052084ns          228259 1c008ca8 001a450b p.lbu            x10, 1(x20!)        x10=00000072 x20=1c00002b x20:1c00002a  PA:1c00002a
14052422ns          228276 1c008cac fe0515e3 bne              x10, x0, -22        x10:00000072
14052501ns          228280 1c008c96 02500793 addi             x15, x0, 37         x15=00000025
14052521ns          228281 1c008c9a 04f50763 beq              x10, x15, 78        x10:00000072 x15:00000025
14052541ns          228282 1c008c9e 009005b3 add              x11, x0, x9         x11=00000002  x9:00000002
14052561ns          228283 1c008ca0 000c80e7 jalr             x1, x25, 0           x1=1c008ca2 x25:1c008bb6
14052601ns          228285 1c008bb6 000026b7 lui              x13, 0x2000         x13=00002000
14052621ns          228286 1c008bb8 f8068693 addi             x13, x13, -128      x13=00001f80 x13:00002000
14052640ns          228287 1c008bbc f14027f3 csrrs            x15, x0, 0xf14      x15=00000001
14052660ns          228288 1c008bc0 00379713 slli             x14, x15, 0x3       x14=00000008 x15:00000001
14052680ns          228289 1c008bc4 00279793 slli             x15, x15, 0x2       x15=00000004 x15:00000001
14052700ns          228290 1c008bc6 00d7f7b3 and              x15, x15, x13       x15=00000000 x15:00000004 x13:00001f80
14052720ns          228291 1c008bc8 ee873733 p.bclr           x14, x14, 23, 8     x14=00000008 x14:00000008
14052740ns          228292 1c008bcc 1a10f6b7 lui              x13, 0x1a10f000     x13=1a10f000
14052760ns          228293 1c008bd0 00d70733 add              x14, x14, x13       x14=1a10f008 x14:00000008 x13:1a10f000
14052780ns          228294 1c008bd2 00e787b3 add              x15, x15, x14       x15=1a10f008 x15:00000000 x14:1a10f008
14052800ns          228295 1c008bd4 0ff57513 andi             x10, x10, 255       x10=00000072 x10:00000072
14052819ns          228296 1c008bd8 00a7a023 sw               x10, 0(x15)         x10:00000072 x15:1a10f008  PA:1a10f008
14053138ns          228312 1c008bda 00000513 addi             x10, x0, 0          x10=00000000
14053158ns          228313 1c008bdc 00008067 jalr             x0, x1, 0            x1:1c008ca2
14053217ns          228316 1c008ca2 4df52863 p.beqimm         x10, 1232           x10:00000000
14053237ns          228317 1c008ca6 00140413 addi             x8, x8, 1            x8=0000000f  x8:0000000e
14053257ns          228318 1c008ca8 001a450b p.lbu            x10, 1(x20!)        x10=00000020 x20=1c00002c x20:1c00002b  PA:1c00002b
14053575ns          228334 1c008cac fe0515e3 bne              x10, x0, -22        x10:00000020
14053655ns          228338 1c008c96 02500793 addi             x15, x0, 37         x15=00000025
14053675ns          228339 1c008c9a 04f50763 beq              x10, x15, 78        x10:00000020 x15:00000025
14053695ns          228340 1c008c9e 009005b3 add              x11, x0, x9         x11=00000002  x9:00000002
14053714ns          228341 1c008ca0 000c80e7 jalr             x1, x25, 0           x1=1c008ca2 x25:1c008bb6
14053754ns          228343 1c008bb6 000026b7 lui              x13, 0x2000         x13=00002000
14053774ns          228344 1c008bb8 f8068693 addi             x13, x13, -128      x13=00001f80 x13:00002000
14053794ns          228345 1c008bbc f14027f3 csrrs            x15, x0, 0xf14      x15=00000001
14053814ns          228346 1c008bc0 00379713 slli             x14, x15, 0x3       x14=00000008 x15:00000001
14053834ns          228347 1c008bc4 00279793 slli             x15, x15, 0x2       x15=00000004 x15:00000001
14053854ns          228348 1c008bc6 00d7f7b3 and              x15, x15, x13       x15=00000000 x15:00000004 x13:00001f80
14053874ns          228349 1c008bc8 ee873733 p.bclr           x14, x14, 23, 8     x14=00000008 x14:00000008
14053893ns          228350 1c008bcc 1a10f6b7 lui              x13, 0x1a10f000     x13=1a10f000
14053913ns          228351 1c008bd0 00d70733 add              x14, x14, x13       x14=1a10f008 x14:00000008 x13:1a10f000
14053933ns          228352 1c008bd2 00e787b3 add              x15, x15, x14       x15=1a10f008 x15:00000000 x14:1a10f008
14053953ns          228353 1c008bd4 0ff57513 andi             x10, x10, 255       x10=00000020 x10:00000020
14053973ns          228354 1c008bd8 00a7a023 sw               x10, 0(x15)         x10:00000020 x15:1a10f008  PA:1a10f008
14054311ns          228371 1c008bda 00000513 addi             x10, x0, 0          x10=00000000
14054331ns          228372 1c008bdc 00008067 jalr             x0, x1, 0            x1:1c008ca2
14054391ns          228375 1c008ca2 4df52863 p.beqimm         x10, 1232           x10:00000000
14054411ns          228376 1c008ca6 00140413 addi             x8, x8, 1            x8=00000010  x8:0000000f
14054430ns          228377 1c008ca8 001a450b p.lbu            x10, 1(x20!)        x10=0000006f x20=1c00002d x20:1c00002c  PA:1c00002c
14054749ns          228393 1c008cac fe0515e3 bne              x10, x0, -22        x10:0000006f
14054828ns          228397 1c008c96 02500793 addi             x15, x0, 37         x15=00000025
14054848ns          228398 1c008c9a 04f50763 beq              x10, x15, 78        x10:0000006f x15:00000025
14054868ns          228399 1c008c9e 009005b3 add              x11, x0, x9         x11=00000002  x9:00000002
14054888ns          228400 1c008ca0 000c80e7 jalr             x1, x25, 0           x1=1c008ca2 x25:1c008bb6
14054928ns          228402 1c008bb6 000026b7 lui              x13, 0x2000         x13=00002000
14054948ns          228403 1c008bb8 f8068693 addi             x13, x13, -128      x13=00001f80 x13:00002000
14054967ns          228404 1c008bbc f14027f3 csrrs            x15, x0, 0xf14      x15=00000001
14054987ns          228405 1c008bc0 00379713 slli             x14, x15, 0x3       x14=00000008 x15:00000001
14055007ns          228406 1c008bc4 00279793 slli             x15, x15, 0x2       x15=00000004 x15:00000001
14055027ns          228407 1c008bc6 00d7f7b3 and              x15, x15, x13       x15=00000000 x15:00000004 x13:00001f80
14055047ns          228408 1c008bc8 ee873733 p.bclr           x14, x14, 23, 8     x14=00000008 x14:00000008
14055067ns          228409 1c008bcc 1a10f6b7 lui              x13, 0x1a10f000     x13=1a10f000
14055087ns          228410 1c008bd0 00d70733 add              x14, x14, x13       x14=1a10f008 x14:00000008 x13:1a10f000
14055107ns          228411 1c008bd2 00e787b3 add              x15, x15, x14       x15=1a10f008 x15:00000000 x14:1a10f008
14055126ns          228412 1c008bd4 0ff57513 andi             x10, x10, 255       x10=0000006f x10:0000006f
14055146ns          228413 1c008bd8 00a7a023 sw               x10, 0(x15)         x10:0000006f x15:1a10f008  PA:1a10f008
14055465ns          228429 1c008bda 00000513 addi             x10, x0, 0          x10=00000000
14055484ns          228430 1c008bdc 00008067 jalr             x0, x1, 0            x1:1c008ca2
14055544ns          228433 1c008ca2 4df52863 p.beqimm         x10, 1232           x10:00000000
14055564ns          228434 1c008ca6 00140413 addi             x8, x8, 1            x8=00000011  x8:00000010
14055584ns          228435 1c008ca8 001a450b p.lbu            x10, 1(x20!)        x10=0000006e x20=1c00002e x20:1c00002d  PA:1c00002d
14055902ns          228451 1c008cac fe0515e3 bne              x10, x0, -22        x10:0000006e
14055982ns          228455 1c008c96 02500793 addi             x15, x0, 37         x15=00000025
14056002ns          228456 1c008c9a 04f50763 beq              x10, x15, 78        x10:0000006e x15:00000025
14056021ns          228457 1c008c9e 009005b3 add              x11, x0, x9         x11=00000002  x9:00000002
14056041ns          228458 1c008ca0 000c80e7 jalr             x1, x25, 0           x1=1c008ca2 x25:1c008bb6
14056081ns          228460 1c008bb6 000026b7 lui              x13, 0x2000         x13=00002000
14056101ns          228461 1c008bb8 f8068693 addi             x13, x13, -128      x13=00001f80 x13:00002000
14056121ns          228462 1c008bbc f14027f3 csrrs            x15, x0, 0xf14      x15=00000001
14056141ns          228463 1c008bc0 00379713 slli             x14, x15, 0x3       x14=00000008 x15:00000001
14056161ns          228464 1c008bc4 00279793 slli             x15, x15, 0x2       x15=00000004 x15:00000001
14056181ns          228465 1c008bc6 00d7f7b3 and              x15, x15, x13       x15=00000000 x15:00000004 x13:00001f80
14056200ns          228466 1c008bc8 ee873733 p.bclr           x14, x14, 23, 8     x14=00000008 x14:00000008
14056220ns          228467 1c008bcc 1a10f6b7 lui              x13, 0x1a10f000     x13=1a10f000
14056240ns          228468 1c008bd0 00d70733 add              x14, x14, x13       x14=1a10f008 x14:00000008 x13:1a10f000
14056260ns          228469 1c008bd2 00e787b3 add              x15, x15, x14       x15=1a10f008 x15:00000000 x14:1a10f008
14056280ns          228470 1c008bd4 0ff57513 andi             x10, x10, 255       x10=0000006e x10:0000006e
14056300ns          228471 1c008bd8 00a7a023 sw               x10, 0(x15)         x10:0000006e x15:1a10f008  PA:1a10f008
14056658ns          228489 1c008bda 00000513 addi             x10, x0, 0          x10=00000000
14056678ns          228490 1c008bdc 00008067 jalr             x0, x1, 0            x1:1c008ca2
14056737ns          228493 1c008ca2 4df52863 p.beqimm         x10, 1232           x10:00000000
14056757ns          228494 1c008ca6 00140413 addi             x8, x8, 1            x8=00000012  x8:00000011
14056777ns          228495 1c008ca8 001a450b p.lbu            x10, 1(x20!)        x10=00000020 x20=1c00002f x20:1c00002e  PA:1c00002e
14057095ns          228511 1c008cac fe0515e3 bne              x10, x0, -22        x10:00000020
14057175ns          228515 1c008c96 02500793 addi             x15, x0, 37         x15=00000025
14057195ns          228516 1c008c9a 04f50763 beq              x10, x15, 78        x10:00000020 x15:00000025
14057215ns          228517 1c008c9e 009005b3 add              x11, x0, x9         x11=00000002  x9:00000002
14057235ns          228518 1c008ca0 000c80e7 jalr             x1, x25, 0           x1=1c008ca2 x25:1c008bb6
14057274ns          228520 1c008bb6 000026b7 lui              x13, 0x2000         x13=00002000
14057294ns          228521 1c008bb8 f8068693 addi             x13, x13, -128      x13=00001f80 x13:00002000
14057314ns          228522 1c008bbc f14027f3 csrrs            x15, x0, 0xf14      x15=00000001
14057334ns          228523 1c008bc0 00379713 slli             x14, x15, 0x3       x14=00000008 x15:00000001
14057354ns          228524 1c008bc4 00279793 slli             x15, x15, 0x2       x15=00000004 x15:00000001
14057374ns          228525 1c008bc6 00d7f7b3 and              x15, x15, x13       x15=00000000 x15:00000004 x13:00001f80
14057394ns          228526 1c008bc8 ee873733 p.bclr           x14, x14, 23, 8     x14=00000008 x14:00000008
14057414ns          228527 1c008bcc 1a10f6b7 lui              x13, 0x1a10f000     x13=1a10f000
14057434ns          228528 1c008bd0 00d70733 add              x14, x14, x13       x14=1a10f008 x14:00000008 x13:1a10f000
14057453ns          228529 1c008bd2 00e787b3 add              x15, x15, x14       x15=1a10f008 x15:00000000 x14:1a10f008
14057473ns          228530 1c008bd4 0ff57513 andi             x10, x10, 255       x10=00000020 x10:00000020
14057493ns          228531 1c008bd8 00a7a023 sw               x10, 0(x15)         x10:00000020 x15:1a10f008  PA:1a10f008
14057831ns          228548 1c008bda 00000513 addi             x10, x0, 0          x10=00000000
14057851ns          228549 1c008bdc 00008067 jalr             x0, x1, 0            x1:1c008ca2
14057911ns          228552 1c008ca2 4df52863 p.beqimm         x10, 1232           x10:00000000
14057931ns          228553 1c008ca6 00140413 addi             x8, x8, 1            x8=00000013  x8:00000012
14057951ns          228554 1c008ca8 001a450b p.lbu            x10, 1(x20!)        x10=00000063 x20=1c000030 x20:1c00002f  PA:1c00002f
14058289ns          228571 1c008cac fe0515e3 bne              x10, x0, -22        x10:00000063
14058368ns          228575 1c008c96 02500793 addi             x15, x0, 37         x15=00000025
14058388ns          228576 1c008c9a 04f50763 beq              x10, x15, 78        x10:00000063 x15:00000025
14058408ns          228577 1c008c9e 009005b3 add              x11, x0, x9         x11=00000002  x9:00000002
14058428ns          228578 1c008ca0 000c80e7 jalr             x1, x25, 0           x1=1c008ca2 x25:1c008bb6
14058468ns          228580 1c008bb6 000026b7 lui              x13, 0x2000         x13=00002000
14058488ns          228581 1c008bb8 f8068693 addi             x13, x13, -128      x13=00001f80 x13:00002000
14058507ns          228582 1c008bbc f14027f3 csrrs            x15, x0, 0xf14      x15=00000001
14058527ns          228583 1c008bc0 00379713 slli             x14, x15, 0x3       x14=00000008 x15:00000001
14058547ns          228584 1c008bc4 00279793 slli             x15, x15, 0x2       x15=00000004 x15:00000001
14058567ns          228585 1c008bc6 00d7f7b3 and              x15, x15, x13       x15=00000000 x15:00000004 x13:00001f80
14058587ns          228586 1c008bc8 ee873733 p.bclr           x14, x14, 23, 8     x14=00000008 x14:00000008
14058607ns          228587 1c008bcc 1a10f6b7 lui              x13, 0x1a10f000     x13=1a10f000
14058627ns          228588 1c008bd0 00d70733 add              x14, x14, x13       x14=1a10f008 x14:00000008 x13:1a10f000
14058647ns          228589 1c008bd2 00e787b3 add              x15, x15, x14       x15=1a10f008 x15:00000000 x14:1a10f008
14058667ns          228590 1c008bd4 0ff57513 andi             x10, x10, 255       x10=00000063 x10:00000063
14058686ns          228591 1c008bd8 00a7a023 sw               x10, 0(x15)         x10:00000063 x15:1a10f008  PA:1a10f008
14059005ns          228607 1c008bda 00000513 addi             x10, x0, 0          x10=00000000
14059025ns          228608 1c008bdc 00008067 jalr             x0, x1, 0            x1:1c008ca2
14059084ns          228611 1c008ca2 4df52863 p.beqimm         x10, 1232           x10:00000000
14059104ns          228612 1c008ca6 00140413 addi             x8, x8, 1            x8=00000014  x8:00000013
14059124ns          228613 1c008ca8 001a450b p.lbu            x10, 1(x20!)        x10=0000006c x20=1c000031 x20:1c000030  PA:1c000030
14059442ns          228629 1c008cac fe0515e3 bne              x10, x0, -22        x10:0000006c
14059522ns          228633 1c008c96 02500793 addi             x15, x0, 37         x15=00000025
14059542ns          228634 1c008c9a 04f50763 beq              x10, x15, 78        x10:0000006c x15:00000025
14059562ns          228635 1c008c9e 009005b3 add              x11, x0, x9         x11=00000002  x9:00000002
14059581ns          228636 1c008ca0 000c80e7 jalr             x1, x25, 0           x1=1c008ca2 x25:1c008bb6
14059621ns          228638 1c008bb6 000026b7 lui              x13, 0x2000         x13=00002000
14059641ns          228639 1c008bb8 f8068693 addi             x13, x13, -128      x13=00001f80 x13:00002000
14059661ns          228640 1c008bbc f14027f3 csrrs            x15, x0, 0xf14      x15=00000001
14059681ns          228641 1c008bc0 00379713 slli             x14, x15, 0x3       x14=00000008 x15:00000001
14059701ns          228642 1c008bc4 00279793 slli             x15, x15, 0x2       x15=00000004 x15:00000001
14059721ns          228643 1c008bc6 00d7f7b3 and              x15, x15, x13       x15=00000000 x15:00000004 x13:00001f80
14059741ns          228644 1c008bc8 ee873733 p.bclr           x14, x14, 23, 8     x14=00000008 x14:00000008
14059760ns          228645 1c008bcc 1a10f6b7 lui              x13, 0x1a10f000     x13=1a10f000
14059780ns          228646 1c008bd0 00d70733 add              x14, x14, x13       x14=1a10f008 x14:00000008 x13:1a10f000
14059800ns          228647 1c008bd2 00e787b3 add              x15, x15, x14       x15=1a10f008 x15:00000000 x14:1a10f008
14059820ns          228648 1c008bd4 0ff57513 andi             x10, x10, 255       x10=0000006c x10:0000006c
14059840ns          228649 1c008bd8 00a7a023 sw               x10, 0(x15)         x10:0000006c x15:1a10f008  PA:1a10f008
14060158ns          228665 1c008bda 00000513 addi             x10, x0, 0          x10=00000000
14060178ns          228666 1c008bdc 00008067 jalr             x0, x1, 0            x1:1c008ca2
14060238ns          228669 1c008ca2 4df52863 p.beqimm         x10, 1232           x10:00000000
14060258ns          228670 1c008ca6 00140413 addi             x8, x8, 1            x8=00000015  x8:00000014
14060277ns          228671 1c008ca8 001a450b p.lbu            x10, 1(x20!)        x10=00000075 x20=1c000032 x20:1c000031  PA:1c000031
14060596ns          228687 1c008cac fe0515e3 bne              x10, x0, -22        x10:00000075
14060675ns          228691 1c008c96 02500793 addi             x15, x0, 37         x15=00000025
14060695ns          228692 1c008c9a 04f50763 beq              x10, x15, 78        x10:00000075 x15:00000025
14060715ns          228693 1c008c9e 009005b3 add              x11, x0, x9         x11=00000002  x9:00000002
14060735ns          228694 1c008ca0 000c80e7 jalr             x1, x25, 0           x1=1c008ca2 x25:1c008bb6
14060775ns          228696 1c008bb6 000026b7 lui              x13, 0x2000         x13=00002000
14060795ns          228697 1c008bb8 f8068693 addi             x13, x13, -128      x13=00001f80 x13:00002000
14060814ns          228698 1c008bbc f14027f3 csrrs            x15, x0, 0xf14      x15=00000001
14060834ns          228699 1c008bc0 00379713 slli             x14, x15, 0x3       x14=00000008 x15:00000001
14060854ns          228700 1c008bc4 00279793 slli             x15, x15, 0x2       x15=00000004 x15:00000001
14060874ns          228701 1c008bc6 00d7f7b3 and              x15, x15, x13       x15=00000000 x15:00000004 x13:00001f80
14060894ns          228702 1c008bc8 ee873733 p.bclr           x14, x14, 23, 8     x14=00000008 x14:00000008
14060914ns          228703 1c008bcc 1a10f6b7 lui              x13, 0x1a10f000     x13=1a10f000
14060934ns          228704 1c008bd0 00d70733 add              x14, x14, x13       x14=1a10f008 x14:00000008 x13:1a10f000
14060954ns          228705 1c008bd2 00e787b3 add              x15, x15, x14       x15=1a10f008 x15:00000000 x14:1a10f008
14060974ns          228706 1c008bd4 0ff57513 andi             x10, x10, 255       x10=00000075 x10:00000075
14060993ns          228707 1c008bd8 00a7a023 sw               x10, 0(x15)         x10:00000075 x15:1a10f008  PA:1a10f008
14061332ns          228724 1c008bda 00000513 addi             x10, x0, 0          x10=00000000
14061351ns          228725 1c008bdc 00008067 jalr             x0, x1, 0            x1:1c008ca2
14061411ns          228728 1c008ca2 4df52863 p.beqimm         x10, 1232           x10:00000000
14061431ns          228729 1c008ca6 00140413 addi             x8, x8, 1            x8=00000016  x8:00000015
14061451ns          228730 1c008ca8 001a450b p.lbu            x10, 1(x20!)        x10=00000073 x20=1c000033 x20:1c000032  PA:1c000032
14061789ns          228747 1c008cac fe0515e3 bne              x10, x0, -22        x10:00000073
14061869ns          228751 1c008c96 02500793 addi             x15, x0, 37         x15=00000025
14061888ns          228752 1c008c9a 04f50763 beq              x10, x15, 78        x10:00000073 x15:00000025
14061908ns          228753 1c008c9e 009005b3 add              x11, x0, x9         x11=00000002  x9:00000002
14061928ns          228754 1c008ca0 000c80e7 jalr             x1, x25, 0           x1=1c008ca2 x25:1c008bb6
14061968ns          228756 1c008bb6 000026b7 lui              x13, 0x2000         x13=00002000
14061988ns          228757 1c008bb8 f8068693 addi             x13, x13, -128      x13=00001f80 x13:00002000
14062008ns          228758 1c008bbc f14027f3 csrrs            x15, x0, 0xf14      x15=00000001
14062028ns          228759 1c008bc0 00379713 slli             x14, x15, 0x3       x14=00000008 x15:00000001
14062048ns          228760 1c008bc4 00279793 slli             x15, x15, 0x2       x15=00000004 x15:00000001
14062067ns          228761 1c008bc6 00d7f7b3 and              x15, x15, x13       x15=00000000 x15:00000004 x13:00001f80
14062087ns          228762 1c008bc8 ee873733 p.bclr           x14, x14, 23, 8     x14=00000008 x14:00000008
14062107ns          228763 1c008bcc 1a10f6b7 lui              x13, 0x1a10f000     x13=1a10f000
14062127ns          228764 1c008bd0 00d70733 add              x14, x14, x13       x14=1a10f008 x14:00000008 x13:1a10f000
14062147ns          228765 1c008bd2 00e787b3 add              x15, x15, x14       x15=1a10f008 x15:00000000 x14:1a10f008
14062167ns          228766 1c008bd4 0ff57513 andi             x10, x10, 255       x10=00000073 x10:00000073
14062187ns          228767 1c008bd8 00a7a023 sw               x10, 0(x15)         x10:00000073 x15:1a10f008  PA:1a10f008
14062505ns          228783 1c008bda 00000513 addi             x10, x0, 0          x10=00000000
14062525ns          228784 1c008bdc 00008067 jalr             x0, x1, 0            x1:1c008ca2
14062584ns          228787 1c008ca2 4df52863 p.beqimm         x10, 1232           x10:00000000
14062604ns          228788 1c008ca6 00140413 addi             x8, x8, 1            x8=00000017  x8:00000016
14062624ns          228789 1c008ca8 001a450b p.lbu            x10, 1(x20!)        x10=00000074 x20=1c000034 x20:1c000033  PA:1c000033
14062942ns          228805 1c008cac fe0515e3 bne              x10, x0, -22        x10:00000074
14063022ns          228809 1c008c96 02500793 addi             x15, x0, 37         x15=00000025
14063042ns          228810 1c008c9a 04f50763 beq              x10, x15, 78        x10:00000074 x15:00000025
14063062ns          228811 1c008c9e 009005b3 add              x11, x0, x9         x11=00000002  x9:00000002
14063082ns          228812 1c008ca0 000c80e7 jalr             x1, x25, 0           x1=1c008ca2 x25:1c008bb6
14063121ns          228814 1c008bb6 000026b7 lui              x13, 0x2000         x13=00002000
14063141ns          228815 1c008bb8 f8068693 addi             x13, x13, -128      x13=00001f80 x13:00002000
14063161ns          228816 1c008bbc f14027f3 csrrs            x15, x0, 0xf14      x15=00000001
14063181ns          228817 1c008bc0 00379713 slli             x14, x15, 0x3       x14=00000008 x15:00000001
14063201ns          228818 1c008bc4 00279793 slli             x15, x15, 0x2       x15=00000004 x15:00000001
14063221ns          228819 1c008bc6 00d7f7b3 and              x15, x15, x13       x15=00000000 x15:00000004 x13:00001f80
14063241ns          228820 1c008bc8 ee873733 p.bclr           x14, x14, 23, 8     x14=00000008 x14:00000008
14063261ns          228821 1c008bcc 1a10f6b7 lui              x13, 0x1a10f000     x13=1a10f000
14063281ns          228822 1c008bd0 00d70733 add              x14, x14, x13       x14=1a10f008 x14:00000008 x13:1a10f000
14063300ns          228823 1c008bd2 00e787b3 add              x15, x15, x14       x15=1a10f008 x15:00000000 x14:1a10f008
14063320ns          228824 1c008bd4 0ff57513 andi             x10, x10, 255       x10=00000074 x10:00000074
14063340ns          228825 1c008bd8 00a7a023 sw               x10, 0(x15)         x10:00000074 x15:1a10f008  PA:1a10f008
14063678ns          228842 1c008bda 00000513 addi             x10, x0, 0          x10=00000000
14063698ns          228843 1c008bdc 00008067 jalr             x0, x1, 0            x1:1c008ca2
14063758ns          228846 1c008ca2 4df52863 p.beqimm         x10, 1232           x10:00000000
14063778ns          228847 1c008ca6 00140413 addi             x8, x8, 1            x8=00000018  x8:00000017
14063798ns          228848 1c008ca8 001a450b p.lbu            x10, 1(x20!)        x10=00000065 x20=1c000035 x20:1c000034  PA:1c000034
14064116ns          228864 1c008cac fe0515e3 bne              x10, x0, -22        x10:00000065
14064195ns          228868 1c008c96 02500793 addi             x15, x0, 37         x15=00000025
14064215ns          228869 1c008c9a 04f50763 beq              x10, x15, 78        x10:00000065 x15:00000025
14064235ns          228870 1c008c9e 009005b3 add              x11, x0, x9         x11=00000002  x9:00000002
14064255ns          228871 1c008ca0 000c80e7 jalr             x1, x25, 0           x1=1c008ca2 x25:1c008bb6
14064295ns          228873 1c008bb6 000026b7 lui              x13, 0x2000         x13=00002000
14064315ns          228874 1c008bb8 f8068693 addi             x13, x13, -128      x13=00001f80 x13:00002000
14064335ns          228875 1c008bbc f14027f3 csrrs            x15, x0, 0xf14      x15=00000001
14064355ns          228876 1c008bc0 00379713 slli             x14, x15, 0x3       x14=00000008 x15:00000001
14064374ns          228877 1c008bc4 00279793 slli             x15, x15, 0x2       x15=00000004 x15:00000001
14064394ns          228878 1c008bc6 00d7f7b3 and              x15, x15, x13       x15=00000000 x15:00000004 x13:00001f80
14064414ns          228879 1c008bc8 ee873733 p.bclr           x14, x14, 23, 8     x14=00000008 x14:00000008
14064434ns          228880 1c008bcc 1a10f6b7 lui              x13, 0x1a10f000     x13=1a10f000
14064454ns          228881 1c008bd0 00d70733 add              x14, x14, x13       x14=1a10f008 x14:00000008 x13:1a10f000
14064474ns          228882 1c008bd2 00e787b3 add              x15, x15, x14       x15=1a10f008 x15:00000000 x14:1a10f008
14064494ns          228883 1c008bd4 0ff57513 andi             x10, x10, 255       x10=00000065 x10:00000065
14064514ns          228884 1c008bd8 00a7a023 sw               x10, 0(x15)         x10:00000065 x15:1a10f008  PA:1a10f008
14064892ns          228903 1c008bda 00000513 addi             x10, x0, 0          x10=00000000
14064911ns          228904 1c008bdc 00008067 jalr             x0, x1, 0            x1:1c008ca2
14064971ns          228907 1c008ca2 4df52863 p.beqimm         x10, 1232           x10:00000000
14064991ns          228908 1c008ca6 00140413 addi             x8, x8, 1            x8=00000019  x8:00000018
14065011ns          228909 1c008ca8 001a450b p.lbu            x10, 1(x20!)        x10=00000072 x20=1c000036 x20:1c000035  PA:1c000035
14065329ns          228925 1c008cac fe0515e3 bne              x10, x0, -22        x10:00000072
14065409ns          228929 1c008c96 02500793 addi             x15, x0, 37         x15=00000025
14065428ns          228930 1c008c9a 04f50763 beq              x10, x15, 78        x10:00000072 x15:00000025
14065448ns          228931 1c008c9e 009005b3 add              x11, x0, x9         x11=00000002  x9:00000002
14065468ns          228932 1c008ca0 000c80e7 jalr             x1, x25, 0           x1=1c008ca2 x25:1c008bb6
14065508ns          228934 1c008bb6 000026b7 lui              x13, 0x2000         x13=00002000
14065528ns          228935 1c008bb8 f8068693 addi             x13, x13, -128      x13=00001f80 x13:00002000
14065548ns          228936 1c008bbc f14027f3 csrrs            x15, x0, 0xf14      x15=00000001
14065568ns          228937 1c008bc0 00379713 slli             x14, x15, 0x3       x14=00000008 x15:00000001
14065588ns          228938 1c008bc4 00279793 slli             x15, x15, 0x2       x15=00000004 x15:00000001
14065607ns          228939 1c008bc6 00d7f7b3 and              x15, x15, x13       x15=00000000 x15:00000004 x13:00001f80
14065627ns          228940 1c008bc8 ee873733 p.bclr           x14, x14, 23, 8     x14=00000008 x14:00000008
14065647ns          228941 1c008bcc 1a10f6b7 lui              x13, 0x1a10f000     x13=1a10f000
14065667ns          228942 1c008bd0 00d70733 add              x14, x14, x13       x14=1a10f008 x14:00000008 x13:1a10f000
14065687ns          228943 1c008bd2 00e787b3 add              x15, x15, x14       x15=1a10f008 x15:00000000 x14:1a10f008
14065707ns          228944 1c008bd4 0ff57513 andi             x10, x10, 255       x10=00000072 x10:00000072
14065727ns          228945 1c008bd8 00a7a023 sw               x10, 0(x15)         x10:00000072 x15:1a10f008  PA:1a10f008
14066045ns          228961 1c008bda 00000513 addi             x10, x0, 0          x10=00000000
14066065ns          228962 1c008bdc 00008067 jalr             x0, x1, 0            x1:1c008ca2
14066125ns          228965 1c008ca2 4df52863 p.beqimm         x10, 1232           x10:00000000
14066144ns          228966 1c008ca6 00140413 addi             x8, x8, 1            x8=0000001a  x8:00000019
14066164ns          228967 1c008ca8 001a450b p.lbu            x10, 1(x20!)        x10=00000020 x20=1c000037 x20:1c000036  PA:1c000036
14066483ns          228983 1c008cac fe0515e3 bne              x10, x0, -22        x10:00000020
14066562ns          228987 1c008c96 02500793 addi             x15, x0, 37         x15=00000025
14066582ns          228988 1c008c9a 04f50763 beq              x10, x15, 78        x10:00000020 x15:00000025
14066602ns          228989 1c008c9e 009005b3 add              x11, x0, x9         x11=00000002  x9:00000002
14066622ns          228990 1c008ca0 000c80e7 jalr             x1, x25, 0           x1=1c008ca2 x25:1c008bb6
14066662ns          228992 1c008bb6 000026b7 lui              x13, 0x2000         x13=00002000
14066681ns          228993 1c008bb8 f8068693 addi             x13, x13, -128      x13=00001f80 x13:00002000
14066701ns          228994 1c008bbc f14027f3 csrrs            x15, x0, 0xf14      x15=00000001
14066721ns          228995 1c008bc0 00379713 slli             x14, x15, 0x3       x14=00000008 x15:00000001
14066741ns          228996 1c008bc4 00279793 slli             x15, x15, 0x2       x15=00000004 x15:00000001
14066761ns          228997 1c008bc6 00d7f7b3 and              x15, x15, x13       x15=00000000 x15:00000004 x13:00001f80
14066781ns          228998 1c008bc8 ee873733 p.bclr           x14, x14, 23, 8     x14=00000008 x14:00000008
14066801ns          228999 1c008bcc 1a10f6b7 lui              x13, 0x1a10f000     x13=1a10f000
14066821ns          229000 1c008bd0 00d70733 add              x14, x14, x13       x14=1a10f008 x14:00000008 x13:1a10f000
14066841ns          229001 1c008bd2 00e787b3 add              x15, x15, x14       x15=1a10f008 x15:00000000 x14:1a10f008
14066860ns          229002 1c008bd4 0ff57513 andi             x10, x10, 255       x10=00000020 x10:00000020
14066880ns          229003 1c008bd8 00a7a023 sw               x10, 0(x15)         x10:00000020 x15:1a10f008  PA:1a10f008
14067199ns          229019 1c008bda 00000513 addi             x10, x0, 0          x10=00000000
14067218ns          229020 1c008bdc 00008067 jalr             x0, x1, 0            x1:1c008ca2
14067278ns          229023 1c008ca2 4df52863 p.beqimm         x10, 1232           x10:00000000
14067298ns          229024 1c008ca6 00140413 addi             x8, x8, 1            x8=0000001b  x8:0000001a
14067318ns          229025 1c008ca8 001a450b p.lbu            x10, 1(x20!)        x10=00000025 x20=1c000038 x20:1c000037  PA:1c000037
14067636ns          229041 1c008cac fe0515e3 bne              x10, x0, -22        x10:00000025
14067716ns          229045 1c008c96 02500793 addi             x15, x0, 37         x15=00000025
14067735ns          229046 1c008c9a 04f50763 beq              x10, x15, 78        x10:00000025 x15:00000025
14067835ns          229051 1c008ce8 01400c33 add              x24, x0, x20        x24=1c000038 x20:1c000038
14067875ns          229053 1c008cea 000c4a03 lbu              x20, 0(x24)         x20=00000064 x24:1c000038  PA:1c000038
14068332ns          229076 1c008cee 0b4d0513 addi             x10, x26, 180       x10=1c0000b4 x26:1c000000
14068352ns          229077 1c008cf2 00912e23 sw               x9, 28(x2)           x9:00000002  x2:10000e18  PA:10000e34
14068372ns          229078 1c008cf4 014005b3 add              x11, x0, x20        x11=00000064 x20:00000064
14068392ns          229079 1c008cf6 00012823 sw               x0, 16(x2)           x2:10000e18  PA:10000e28
14068412ns          229080 1c008cf8 00012a23 sw               x0, 20(x2)           x2:10000e18  PA:10000e2c
14068432ns          229081 1c008cfa 00012623 sw               x0, 12(x2)           x2:10000e18  PA:10000e24
14068451ns          229082 1c008cfc 001c0493 addi             x9, x24, 1           x9=1c000039 x24:1c000038
14068710ns          229095 1c008d00 e41ff0ef jal              x1, -448             x1=1c008d02
14069187ns          229119 1c008b40 00054703 lbu              x14, 0(x10)         x14=0000002d x10:1c0000b4  PA:1c0000b4
14069804ns          229150 1c008b44 0ff5f593 andi             x11, x11, 255       x11=00000064 x11:00000064
14069824ns          229151 1c008b48 00a007b3 add              x15, x0, x10        x15=1c0000b4 x10:1c0000b4
14069844ns          229152 1c008b4a 00b70863 beq              x14, x11, 16        x14:0000002d x11:00000064
14069864ns          229153 1c008b4e 00070863 beq              x14, x0, 16         x14:0000002d
14069883ns          229154 1c008b50 0017c703 lbu              x14, 1(x15)         x14=0000002b x15:1c0000b4  PA:1c0000b5
14070341ns          229177 1c008b54 00178793 addi             x15, x15, 1         x15=1c0000b5 x15:1c0000b4
14070361ns          229178 1c008b56 feb71ce3 bne              x14, x11, -8        x14:0000002b x11:00000064
14070420ns          229181 1c008b4e 00070863 beq              x14, x0, 16         x14:0000002b
14070440ns          229182 1c008b50 0017c703 lbu              x14, 1(x15)         x14=00000020 x15:1c0000b5  PA:1c0000b6
14070818ns          229201 1c008b54 00178793 addi             x15, x15, 1         x15=1c0000b6 x15:1c0000b5
14070838ns          229202 1c008b56 feb71ce3 bne              x14, x11, -8        x14:00000020 x11:00000064
14070898ns          229205 1c008b4e 00070863 beq              x14, x0, 16         x14:00000020
14070918ns          229206 1c008b50 0017c703 lbu              x14, 1(x15)         x14=00000023 x15:1c0000b6  PA:1c0000b7
14071256ns          229223 1c008b54 00178793 addi             x15, x15, 1         x15=1c0000b7 x15:1c0000b6
14071276ns          229224 1c008b56 feb71ce3 bne              x14, x11, -8        x14:00000023 x11:00000064
14071335ns          229227 1c008b4e 00070863 beq              x14, x0, 16         x14:00000023
14071355ns          229228 1c008b50 0017c703 lbu              x14, 1(x15)         x14=00000030 x15:1c0000b7  PA:1c0000b8
14071653ns          229243 1c008b54 00178793 addi             x15, x15, 1         x15=1c0000b8 x15:1c0000b7
14071673ns          229244 1c008b56 feb71ce3 bne              x14, x11, -8        x14:00000030 x11:00000064
14071733ns          229247 1c008b4e 00070863 beq              x14, x0, 16         x14:00000030
14071753ns          229248 1c008b50 0017c703 lbu              x14, 1(x15)         x14=00000000 x15:1c0000b8  PA:1c0000b9
14072051ns          229263 1c008b54 00178793 addi             x15, x15, 1         x15=1c0000b9 x15:1c0000b8
14072071ns          229264 1c008b56 feb71ce3 bne              x14, x11, -8        x14:00000000 x11:00000064
14072131ns          229267 1c008b4e 00070863 beq              x14, x0, 16         x14:00000000
14072190ns          229270 1c008b5e 00000513 addi             x10, x0, 0          x10=00000000
14072210ns          229271 1c008b60 fe058de3 beq              x11, x0, -6         x11:00000064
14072230ns          229272 1c008b62 00008067 jalr             x0, x1, 0            x1:1c008d02
14072290ns          229275 1c008d02 02000913 addi             x18, x0, 32         x18=00000020
14072310ns          229276 1c008d06 00000993 addi             x19, x0, 0          x19=00000000
14072330ns          229277 1c008d08 02b00a93 addi             x21, x0, 43         x21=0000002b
14072350ns          229278 1c008d0c 02d00b93 addi             x23, x0, 45         x23=0000002d
14072608ns          229291 1c008d10 03000b13 addi             x22, x0, 48         x22=00000030
14072648ns          229293 1c008d14 00900633 add              x12, x0, x9         x12=1c000039  x9:1c000039
14072668ns          229294 1c008d16 02050963 beq              x10, x0, 50         x10:00000000
14073602ns          229341 1c008d48 03312623 sw               x19, 44(x2)         x19:00000000  x2:10000e18  PA:10000e44
14073642ns          229343 1c008d4a 02a00693 addi             x13, x0, 42         x13=0000002a
14073662ns          229344 1c008d4e 014009b3 add              x19, x0, x20        x19=00000064 x20:00000064
14074080ns          229365 1c008d50 01800a33 add              x20, x0, x24        x20=1c000038 x24:1c000038
14074100ns          229366 1c008d52 00900c33 add              x24, x0, x9         x24=1c000039  x9:1c000039
14074120ns          229367 1c008d54 01c12483 lw               x9, 28(x2)           x9=00000002  x2:10000e18  PA:10000e34
14074139ns          229368 1c008d56 42d98063 beq              x19, x13, 1056      x19:00000064 x13:0000002a
14074159ns          229369 1c008d5a fd098693 addi             x13, x19, -48       x13=00000034 x19:00000064
14074179ns          229370 1c008d5e 00900513 addi             x10, x0, 9          x10=00000009
14074597ns          229391 1c008d60 00000a93 addi             x21, x0, 0          x21=00000000
14074637ns          229393 1c008d62 3cd57f63 bgeu             x10, x13, 990       x10:00000009 x13:00000034
14074657ns          229394 1c008d66 02e00793 addi             x15, x0, 46         x15=0000002e
14074676ns          229395 1c008d6a fff00b13 addi             x22, x0, -1         x22=ffffffff
14074696ns          229396 1c008d6c 04f981e3 beq              x19, x15, 2114      x19:00000064 x15:0000002e
14075114ns          229417 1c008d70 1c0007b7 lui              x15, 0x1c000000     x15=1c000000
14075154ns          229419 1c008d74 013005b3 add              x11, x0, x19        x11=00000064 x19:00000064
14075174ns          229420 1c008d76 0bc78513 addi             x10, x15, 188       x10=1c0000bc x15:1c000000
14075193ns          229421 1c008d7a 00c12e23 sw               x12, 28(x2)         x12:1c000039  x2:10000e18  PA:10000e34
14075213ns          229422 1c008d7c dc5ff0ef jal              x1, -572             x1=1c008d7e
14075691ns          229446 1c008b40 00054703 lbu              x14, 0(x10)         x14=00000068 x10:1c0000bc  PA:1c0000bc
14076009ns          229462 1c008b44 0ff5f593 andi             x11, x11, 255       x11=00000064 x11:00000064
14076029ns          229463 1c008b48 00a007b3 add              x15, x0, x10        x15=1c0000bc x10:1c0000bc
14076049ns          229464 1c008b4a 00b70863 beq              x14, x11, 16        x14:00000068 x11:00000064
14076069ns          229465 1c008b4e 00070863 beq              x14, x0, 16         x14:00000068
14076088ns          229466 1c008b50 0017c703 lbu              x14, 1(x15)         x14=0000006c x15:1c0000bc  PA:1c0000bd
14076546ns          229489 1c008b54 00178793 addi             x15, x15, 1         x15=1c0000bd x15:1c0000bc
14076566ns          229490 1c008b56 feb71ce3 bne              x14, x11, -8        x14:0000006c x11:00000064
14076625ns          229493 1c008b4e 00070863 beq              x14, x0, 16         x14:0000006c
14076645ns          229494 1c008b50 0017c703 lbu              x14, 1(x15)         x14=0000004c x15:1c0000bd  PA:1c0000be
14076944ns          229509 1c008b54 00178793 addi             x15, x15, 1         x15=1c0000be x15:1c0000bd
14076964ns          229510 1c008b56 feb71ce3 bne              x14, x11, -8        x14:0000004c x11:00000064
14077023ns          229513 1c008b4e 00070863 beq              x14, x0, 16         x14:0000004c
14077043ns          229514 1c008b50 0017c703 lbu              x14, 1(x15)         x14=0000007a x15:1c0000be  PA:1c0000bf
14077341ns          229529 1c008b54 00178793 addi             x15, x15, 1         x15=1c0000bf x15:1c0000be
14077361ns          229530 1c008b56 feb71ce3 bne              x14, x11, -8        x14:0000007a x11:00000064
14077421ns          229533 1c008b4e 00070863 beq              x14, x0, 16         x14:0000007a
14077441ns          229534 1c008b50 0017c703 lbu              x14, 1(x15)         x14=00000000 x15:1c0000bf  PA:1c0000c0
14077739ns          229549 1c008b54 00178793 addi             x15, x15, 1         x15=1c0000c0 x15:1c0000bf
14077759ns          229550 1c008b56 feb71ce3 bne              x14, x11, -8        x14:00000000 x11:00000064
14077819ns          229553 1c008b4e 00070863 beq              x14, x0, 16         x14:00000000
14077878ns          229556 1c008b5e 00000513 addi             x10, x0, 0          x10=00000000
14077898ns          229557 1c008b60 fe058de3 beq              x11, x0, -6         x11:00000064
14077918ns          229558 1c008b62 00008067 jalr             x0, x1, 0            x1:1c008d7e
14077958ns          229560 1c008d7e 01c12603 lw               x12, 28(x2)         x12=1c000039  x2:10000e18  PA:10000e34
14077998ns          229562 1c008d80 00c00a33 add              x20, x0, x12        x20=1c000039 x12:1c000039
14078018ns          229563 1c008d82 00050563 beq              x10, x0, 10         x10:00000000
14078376ns          229581 1c008d8c 06900793 addi             x15, x0, 105        x15=00000069
14078395ns          229582 1c008d90 1cf98be3 beq              x19, x15, 2518      x19:00000064 x15:00000069
14078415ns          229583 1c008d94 4b37ce63 blt              x15, x19, 1212      x15:00000069 x19:00000064
14078435ns          229584 1c008d98 05800793 addi             x15, x0, 88         x15=00000058
14078455ns          229585 1c008d9c 4cf98863 beq              x19, x15, 1232      x19:00000064 x15:00000058
14078893ns          229607 1c008da0 3f37cd63 blt              x15, x19, 1018      x15:00000058 x19:00000064
14079410ns          229633 1c00919a 06400793 addi             x15, x0, 100        x15=00000064
14079847ns          229655 1c00919e 5cf98463 beq              x19, x15, 1480      x19:00000064 x15:00000064
14080325ns          229679 1c009766 01812b83 lw               x23, 24(x2)         x23=10000f7c  x2:10000e18  PA:10000e30
14080364ns          229681 1c009768 004ba60b p.lw             x12, 4(x23!)        x12=00000000 x23=10000f80 x23:10000f7c  PA:10000f7c
14080404ns          229683 1c00976c 48064963 blt              x12, x0, 1170       x12:00000000
14080822ns          229704 1c009770 01412783 lw               x15, 20(x2)         x15=00000000  x2:10000e18  PA:10000e2c
14080842ns          229705 1c009772 00c00733 add              x14, x0, x12        x14=00000000 x12:00000000
14080862ns          229706 1c009774 56078863 beq              x15, x0, 1392       x15:00000000
14081339ns          229730 1c009ce4 01012783 lw               x15, 16(x2)         x15=00000000  x2:10000e18  PA:10000e28
14081359ns          229731 1c009ce6 01b00533 add              x10, x0, x27        x10=10000e4c x27:10000e4c
14081379ns          229732 1c009ce8 a8078ee3 beq              x15, x0, -1380      x15:00000000
14082313ns          229779 1c009784 00a007b3 add              x15, x0, x10        x15=10000e4c x10:10000e4c
14082333ns          229780 1c009786 00a00593 addi             x11, x0, 10         x11=0000000a
14082353ns          229781 1c009788 00900313 addi             x6, x0, 9            x6=00000009
14082373ns          229782 1c00978a 02b776b3 remu             x13, x14, x11       x13=00000000 x14:00000000 x11:0000000a
14082990ns          229813 1c00978e 00e00833 add              x16, x0, x14        x16=00000000 x14:00000000
14083009ns          229814 1c009790 00f008b3 add              x17, x0, x15        x17=10000e4c x15:10000e4c
14083029ns          229815 1c009792 03068693 addi             x13, x13, 48        x13=00000030 x13:00000000
14083049ns          229816 1c009796 00d780ab p.sb             x13, 1(x15!)        x15=10000e4d x13:00000030 x15:10000e4c  PA:10000e4c
14083069ns          229817 1c00979a 02b75733 divu             x14, x14, x11       x14=00000000 x14:00000000 x11:0000000a
14083706ns          229849 1c00979e ff0366e3 bltu             x6, x16, -20         x6:00000009 x16:00000000
14083725ns          229850 1c0097a2 40a78733 sub              x14, x15, x10       x14=00000001 x15:10000e4d x10:10000e4c
14083745ns          229851 1c0097a6 01675c63 bge              x14, x22, 24        x14:00000001 x22:ffffffff
14084680ns          229898 1c0097be 00078023 sb               x0, 0(x15)          x15:10000e4d  PA:10000e4d
14084720ns          229900 1c0097c2 0b157563 bgeu             x10, x17, 170       x10:10000e4c x17:10000e4c
14085197ns          229924 1c00986c 01412703 lw               x14, 20(x2)         x14=00000000  x2:10000e18  PA:10000e2c
14085217ns          229925 1c00986e 01012683 lw               x13, 16(x2)         x13=00000000  x2:10000e18  PA:10000e28
14085655ns          229947 1c009870 41b787b3 sub              x15, x15, x27       x15=00000001 x15:10000e4d x27:10000e4c
14085694ns          229949 1c009874 00d76733 or               x14, x14, x13       x14=00000000 x14:00000000 x13:00000000
14085714ns          229950 1c009876 02e12623 sw               x14, 44(x2)         x14:00000000  x2:10000e18  PA:10000e44
14085734ns          229951 1c009878 b0071be3 bne              x14, x0, -1258      x14:00000000
14085754ns          229952 1c00987c 01f65713 srli             x14, x12, 0x1f      x14=00000000 x12:00000000
14086649ns          229997 1c009880 02e12623 sw               x14, 44(x2)         x14:00000000  x2:10000e18  PA:10000e44
14086669ns          229998 1c009882 b0dff06f jal              x0, -1268          
14087146ns          230022 1c00938e ebfb2be3 p.beqimm         x22, -330           x22:ffffffff
14087643ns          230047 1c009244 0c800713 addi             x14, x0, 200        x14=000000c8
14087683ns          230049 1c009248 14f75b63 bge              x14, x15, 342       x14:000000c8 x15:00000001
14088618ns          230096 1c00939e 00178613 addi             x12, x15, 1         x12=00000002 x15:00000001
14088658ns          230098 1c0093a2 0557c863 blt              x15, x21, 80        x15:00000001 x21:00000000
14088678ns          230099 1c0093a6 01712c23 sw               x23, 24(x2)         x23:10000f80  x2:10000e18  PA:10000e30
14088697ns          230100 1c0093a8 00f00ab3 add              x21, x0, x15        x21=00000001 x15:00000001
14088717ns          230101 1c0093aa 8e0a8fe3 beq              x21, x0, -1794      x21:00000001
14088737ns          230102 1c0093ae 01b00933 add              x18, x0, x27        x18=10000e4c x27:10000e4c
14089135ns          230122 1c0093b0 41b409b3 sub              x19, x8, x27        x19=effff1cf  x8:0000001b x27:10000e4c
14089175ns          230124 1c0093b4 01ba8ab3 add              x21, x21, x27       x21=10000e4d x21:00000001 x27:10000e4c
14089195ns          230125 1c0093b6 00a0006f jal              x0, 10             
14089652ns          230148 1c0093c0 0019450b p.lbu            x10, 1(x18!)        x10=00000030 x18=10000e4d x18:10000e4c  PA:10000e4c
14089692ns          230150 1c0093c4 009005b3 add              x11, x0, x9         x11=00000002  x9:00000002
14089712ns          230151 1c0093c6 000c80e7 jalr             x1, x25, 0           x1=1c0093c8 x25:1c008bb6
14089752ns          230153 1c008bb6 000026b7 lui              x13, 0x2000         x13=00002000
14089771ns          230154 1c008bb8 f8068693 addi             x13, x13, -128      x13=00001f80 x13:00002000
14089791ns          230155 1c008bbc f14027f3 csrrs            x15, x0, 0xf14      x15=00000001
14090249ns          230178 1c008bc0 00379713 slli             x14, x15, 0x3       x14=00000008 x15:00000001
14090288ns          230180 1c008bc4 00279793 slli             x15, x15, 0x2       x15=00000004 x15:00000001
14090308ns          230181 1c008bc6 00d7f7b3 and              x15, x15, x13       x15=00000000 x15:00000004 x13:00001f80
14090328ns          230182 1c008bc8 ee873733 p.bclr           x14, x14, 23, 8     x14=00000008 x14:00000008
14090348ns          230183 1c008bcc 1a10f6b7 lui              x13, 0x1a10f000     x13=1a10f000
14090388ns          230185 1c008bd0 00d70733 add              x14, x14, x13       x14=1a10f008 x14:00000008 x13:1a10f000
14090408ns          230186 1c008bd2 00e787b3 add              x15, x15, x14       x15=1a10f008 x15:00000000 x14:1a10f008
14090428ns          230187 1c008bd4 0ff57513 andi             x10, x10, 255       x10=00000030 x10:00000030
14090448ns          230188 1c008bd8 00a7a023 sw               x10, 0(x15)         x10:00000030 x15:1a10f008  PA:1a10f008
14091144ns          230223 1c008bda 00000513 addi             x10, x0, 0          x10=00000000
14091164ns          230224 1c008bdc 00008067 jalr             x0, x1, 0            x1:1c0093c8
14091203ns          230226 1c0093c8 fff538e3 p.bneimm         x10, -16            x10:00000000
14091323ns          230232 1c0093b8 01298433 add              x8, x19, x18         x8=0000001c x19:effff1cf x18:10000e4d
14091343ns          230233 1c0093bc 8f2a86e3 beq              x21, x18, -1812     x21:10000e4d x18:10000e4d
14091402ns          230236 1c008ca8 001a450b p.lbu            x10, 1(x20!)        x10=00000020 x20=1c00003a x20:1c000039  PA:1c000039
14091740ns          230253 1c008cac fe0515e3 bne              x10, x0, -22        x10:00000020
14091880ns          230260 1c008c96 02500793 addi             x15, x0, 37         x15=00000025
14091899ns          230261 1c008c9a 04f50763 beq              x10, x15, 78        x10:00000020 x15:00000025
14091919ns          230262 1c008c9e 009005b3 add              x11, x0, x9         x11=00000002  x9:00000002
14091939ns          230263 1c008ca0 000c80e7 jalr             x1, x25, 0           x1=1c008ca2 x25:1c008bb6
14091979ns          230265 1c008bb6 000026b7 lui              x13, 0x2000         x13=00002000
14091999ns          230266 1c008bb8 f8068693 addi             x13, x13, -128      x13=00001f80 x13:00002000
14092019ns          230267 1c008bbc f14027f3 csrrs            x15, x0, 0xf14      x15=00000001
14092039ns          230268 1c008bc0 00379713 slli             x14, x15, 0x3       x14=00000008 x15:00000001
14092059ns          230269 1c008bc4 00279793 slli             x15, x15, 0x2       x15=00000004 x15:00000001
14092078ns          230270 1c008bc6 00d7f7b3 and              x15, x15, x13       x15=00000000 x15:00000004 x13:00001f80
14092098ns          230271 1c008bc8 ee873733 p.bclr           x14, x14, 23, 8     x14=00000008 x14:00000008
14092118ns          230272 1c008bcc 1a10f6b7 lui              x13, 0x1a10f000     x13=1a10f000
14092138ns          230273 1c008bd0 00d70733 add              x14, x14, x13       x14=1a10f008 x14:00000008 x13:1a10f000
14092158ns          230274 1c008bd2 00e787b3 add              x15, x15, x14       x15=1a10f008 x15:00000000 x14:1a10f008
14092178ns          230275 1c008bd4 0ff57513 andi             x10, x10, 255       x10=00000020 x10:00000020
14092198ns          230276 1c008bd8 00a7a023 sw               x10, 0(x15)         x10:00000020 x15:1a10f008  PA:1a10f008
14092914ns          230312 1c008bda 00000513 addi             x10, x0, 0          x10=00000000
14092934ns          230313 1c008bdc 00008067 jalr             x0, x1, 0            x1:1c008ca2
14092993ns          230316 1c008ca2 4df52863 p.beqimm         x10, 1232           x10:00000000
14093013ns          230317 1c008ca6 00140413 addi             x8, x8, 1            x8=0000001d  x8:0000001c
14093033ns          230318 1c008ca8 001a450b p.lbu            x10, 1(x20!)        x10=00000063 x20=1c00003b x20:1c00003a  PA:1c00003a
14093351ns          230334 1c008cac fe0515e3 bne              x10, x0, -22        x10:00000063
14093431ns          230338 1c008c96 02500793 addi             x15, x0, 37         x15=00000025
14093451ns          230339 1c008c9a 04f50763 beq              x10, x15, 78        x10:00000063 x15:00000025
14093471ns          230340 1c008c9e 009005b3 add              x11, x0, x9         x11=00000002  x9:00000002
14093490ns          230341 1c008ca0 000c80e7 jalr             x1, x25, 0           x1=1c008ca2 x25:1c008bb6
14093530ns          230343 1c008bb6 000026b7 lui              x13, 0x2000         x13=00002000
14093550ns          230344 1c008bb8 f8068693 addi             x13, x13, -128      x13=00001f80 x13:00002000
14093570ns          230345 1c008bbc f14027f3 csrrs            x15, x0, 0xf14      x15=00000001
14093590ns          230346 1c008bc0 00379713 slli             x14, x15, 0x3       x14=00000008 x15:00000001
14093610ns          230347 1c008bc4 00279793 slli             x15, x15, 0x2       x15=00000004 x15:00000001
14093630ns          230348 1c008bc6 00d7f7b3 and              x15, x15, x13       x15=00000000 x15:00000004 x13:00001f80
14093650ns          230349 1c008bc8 ee873733 p.bclr           x14, x14, 23, 8     x14=00000008 x14:00000008
14093669ns          230350 1c008bcc 1a10f6b7 lui              x13, 0x1a10f000     x13=1a10f000
14093689ns          230351 1c008bd0 00d70733 add              x14, x14, x13       x14=1a10f008 x14:00000008 x13:1a10f000
14093709ns          230352 1c008bd2 00e787b3 add              x15, x15, x14       x15=1a10f008 x15:00000000 x14:1a10f008
14093729ns          230353 1c008bd4 0ff57513 andi             x10, x10, 255       x10=00000063 x10:00000063
14093749ns          230354 1c008bd8 00a7a023 sw               x10, 0(x15)         x10:00000063 x15:1a10f008  PA:1a10f008
14094087ns          230371 1c008bda 00000513 addi             x10, x0, 0          x10=00000000
14094107ns          230372 1c008bdc 00008067 jalr             x0, x1, 0            x1:1c008ca2
14094167ns          230375 1c008ca2 4df52863 p.beqimm         x10, 1232           x10:00000000
14094187ns          230376 1c008ca6 00140413 addi             x8, x8, 1            x8=0000001e  x8:0000001d
14094206ns          230377 1c008ca8 001a450b p.lbu            x10, 1(x20!)        x10=0000006f x20=1c00003c x20:1c00003b  PA:1c00003b
14094525ns          230393 1c008cac fe0515e3 bne              x10, x0, -22        x10:0000006f
14094604ns          230397 1c008c96 02500793 addi             x15, x0, 37         x15=00000025
14094624ns          230398 1c008c9a 04f50763 beq              x10, x15, 78        x10:0000006f x15:00000025
14094644ns          230399 1c008c9e 009005b3 add              x11, x0, x9         x11=00000002  x9:00000002
14094664ns          230400 1c008ca0 000c80e7 jalr             x1, x25, 0           x1=1c008ca2 x25:1c008bb6
14094704ns          230402 1c008bb6 000026b7 lui              x13, 0x2000         x13=00002000
14094724ns          230403 1c008bb8 f8068693 addi             x13, x13, -128      x13=00001f80 x13:00002000
14094743ns          230404 1c008bbc f14027f3 csrrs            x15, x0, 0xf14      x15=00000001
14094763ns          230405 1c008bc0 00379713 slli             x14, x15, 0x3       x14=00000008 x15:00000001
14094783ns          230406 1c008bc4 00279793 slli             x15, x15, 0x2       x15=00000004 x15:00000001
14094803ns          230407 1c008bc6 00d7f7b3 and              x15, x15, x13       x15=00000000 x15:00000004 x13:00001f80
14094823ns          230408 1c008bc8 ee873733 p.bclr           x14, x14, 23, 8     x14=00000008 x14:00000008
14094843ns          230409 1c008bcc 1a10f6b7 lui              x13, 0x1a10f000     x13=1a10f000
14094863ns          230410 1c008bd0 00d70733 add              x14, x14, x13       x14=1a10f008 x14:00000008 x13:1a10f000
14094883ns          230411 1c008bd2 00e787b3 add              x15, x15, x14       x15=1a10f008 x15:00000000 x14:1a10f008
14094902ns          230412 1c008bd4 0ff57513 andi             x10, x10, 255       x10=0000006f x10:0000006f
14094922ns          230413 1c008bd8 00a7a023 sw               x10, 0(x15)         x10:0000006f x15:1a10f008  PA:1a10f008
14095280ns          230431 1c008bda 00000513 addi             x10, x0, 0          x10=00000000
14095300ns          230432 1c008bdc 00008067 jalr             x0, x1, 0            x1:1c008ca2
14095360ns          230435 1c008ca2 4df52863 p.beqimm         x10, 1232           x10:00000000
14095380ns          230436 1c008ca6 00140413 addi             x8, x8, 1            x8=0000001f  x8:0000001e
14095400ns          230437 1c008ca8 001a450b p.lbu            x10, 1(x20!)        x10=00000072 x20=1c00003d x20:1c00003c  PA:1c00003c
14095718ns          230453 1c008cac fe0515e3 bne              x10, x0, -22        x10:00000072
14095797ns          230457 1c008c96 02500793 addi             x15, x0, 37         x15=00000025
14095817ns          230458 1c008c9a 04f50763 beq              x10, x15, 78        x10:00000072 x15:00000025
14095837ns          230459 1c008c9e 009005b3 add              x11, x0, x9         x11=00000002  x9:00000002
14095857ns          230460 1c008ca0 000c80e7 jalr             x1, x25, 0           x1=1c008ca2 x25:1c008bb6
14095897ns          230462 1c008bb6 000026b7 lui              x13, 0x2000         x13=00002000
14095917ns          230463 1c008bb8 f8068693 addi             x13, x13, -128      x13=00001f80 x13:00002000
14095937ns          230464 1c008bbc f14027f3 csrrs            x15, x0, 0xf14      x15=00000001
14095957ns          230465 1c008bc0 00379713 slli             x14, x15, 0x3       x14=00000008 x15:00000001
14095976ns          230466 1c008bc4 00279793 slli             x15, x15, 0x2       x15=00000004 x15:00000001
14095996ns          230467 1c008bc6 00d7f7b3 and              x15, x15, x13       x15=00000000 x15:00000004 x13:00001f80
14096016ns          230468 1c008bc8 ee873733 p.bclr           x14, x14, 23, 8     x14=00000008 x14:00000008
14096036ns          230469 1c008bcc 1a10f6b7 lui              x13, 0x1a10f000     x13=1a10f000
14096056ns          230470 1c008bd0 00d70733 add              x14, x14, x13       x14=1a10f008 x14:00000008 x13:1a10f000
14096076ns          230471 1c008bd2 00e787b3 add              x15, x15, x14       x15=1a10f008 x15:00000000 x14:1a10f008
14096096ns          230472 1c008bd4 0ff57513 andi             x10, x10, 255       x10=00000072 x10:00000072
14096116ns          230473 1c008bd8 00a7a023 sw               x10, 0(x15)         x10:00000072 x15:1a10f008  PA:1a10f008
14096454ns          230490 1c008bda 00000513 addi             x10, x0, 0          x10=00000000
14096474ns          230491 1c008bdc 00008067 jalr             x0, x1, 0            x1:1c008ca2
14096533ns          230494 1c008ca2 4df52863 p.beqimm         x10, 1232           x10:00000000
14096553ns          230495 1c008ca6 00140413 addi             x8, x8, 1            x8=00000020  x8:0000001f
14096573ns          230496 1c008ca8 001a450b p.lbu            x10, 1(x20!)        x10=00000065 x20=1c00003e x20:1c00003d  PA:1c00003d
14096891ns          230512 1c008cac fe0515e3 bne              x10, x0, -22        x10:00000065
14096971ns          230516 1c008c96 02500793 addi             x15, x0, 37         x15=00000025
14096991ns          230517 1c008c9a 04f50763 beq              x10, x15, 78        x10:00000065 x15:00000025
14097011ns          230518 1c008c9e 009005b3 add              x11, x0, x9         x11=00000002  x9:00000002
14097031ns          230519 1c008ca0 000c80e7 jalr             x1, x25, 0           x1=1c008ca2 x25:1c008bb6
14097070ns          230521 1c008bb6 000026b7 lui              x13, 0x2000         x13=00002000
14097090ns          230522 1c008bb8 f8068693 addi             x13, x13, -128      x13=00001f80 x13:00002000
14097110ns          230523 1c008bbc f14027f3 csrrs            x15, x0, 0xf14      x15=00000001
14097130ns          230524 1c008bc0 00379713 slli             x14, x15, 0x3       x14=00000008 x15:00000001
14097150ns          230525 1c008bc4 00279793 slli             x15, x15, 0x2       x15=00000004 x15:00000001
14097170ns          230526 1c008bc6 00d7f7b3 and              x15, x15, x13       x15=00000000 x15:00000004 x13:00001f80
14097190ns          230527 1c008bc8 ee873733 p.bclr           x14, x14, 23, 8     x14=00000008 x14:00000008
14097210ns          230528 1c008bcc 1a10f6b7 lui              x13, 0x1a10f000     x13=1a10f000
14097229ns          230529 1c008bd0 00d70733 add              x14, x14, x13       x14=1a10f008 x14:00000008 x13:1a10f000
14097249ns          230530 1c008bd2 00e787b3 add              x15, x15, x14       x15=1a10f008 x15:00000000 x14:1a10f008
14097269ns          230531 1c008bd4 0ff57513 andi             x10, x10, 255       x10=00000065 x10:00000065
14097289ns          230532 1c008bd8 00a7a023 sw               x10, 0(x15)         x10:00000065 x15:1a10f008  PA:1a10f008
14097627ns          230549 1c008bda 00000513 addi             x10, x0, 0          x10=00000000
14097647ns          230550 1c008bdc 00008067 jalr             x0, x1, 0            x1:1c008ca2
14097707ns          230553 1c008ca2 4df52863 p.beqimm         x10, 1232           x10:00000000
14097727ns          230554 1c008ca6 00140413 addi             x8, x8, 1            x8=00000021  x8:00000020
14097746ns          230555 1c008ca8 001a450b p.lbu            x10, 1(x20!)        x10=00000020 x20=1c00003f x20:1c00003e  PA:1c00003e
14098065ns          230571 1c008cac fe0515e3 bne              x10, x0, -22        x10:00000020
14098144ns          230575 1c008c96 02500793 addi             x15, x0, 37         x15=00000025
14098164ns          230576 1c008c9a 04f50763 beq              x10, x15, 78        x10:00000020 x15:00000025
14098184ns          230577 1c008c9e 009005b3 add              x11, x0, x9         x11=00000002  x9:00000002
14098204ns          230578 1c008ca0 000c80e7 jalr             x1, x25, 0           x1=1c008ca2 x25:1c008bb6
14098244ns          230580 1c008bb6 000026b7 lui              x13, 0x2000         x13=00002000
14098264ns          230581 1c008bb8 f8068693 addi             x13, x13, -128      x13=00001f80 x13:00002000
14098283ns          230582 1c008bbc f14027f3 csrrs            x15, x0, 0xf14      x15=00000001
14098303ns          230583 1c008bc0 00379713 slli             x14, x15, 0x3       x14=00000008 x15:00000001
14098323ns          230584 1c008bc4 00279793 slli             x15, x15, 0x2       x15=00000004 x15:00000001
14098343ns          230585 1c008bc6 00d7f7b3 and              x15, x15, x13       x15=00000000 x15:00000004 x13:00001f80
14098363ns          230586 1c008bc8 ee873733 p.bclr           x14, x14, 23, 8     x14=00000008 x14:00000008
14098383ns          230587 1c008bcc 1a10f6b7 lui              x13, 0x1a10f000     x13=1a10f000
14098403ns          230588 1c008bd0 00d70733 add              x14, x14, x13       x14=1a10f008 x14:00000008 x13:1a10f000
14098423ns          230589 1c008bd2 00e787b3 add              x15, x15, x14       x15=1a10f008 x15:00000000 x14:1a10f008
14098443ns          230590 1c008bd4 0ff57513 andi             x10, x10, 255       x10=00000020 x10:00000020
14098462ns          230591 1c008bd8 00a7a023 sw               x10, 0(x15)         x10:00000020 x15:1a10f008  PA:1a10f008
14098820ns          230609 1c008bda 00000513 addi             x10, x0, 0          x10=00000000
14098840ns          230610 1c008bdc 00008067 jalr             x0, x1, 0            x1:1c008ca2
14098900ns          230613 1c008ca2 4df52863 p.beqimm         x10, 1232           x10:00000000
14098920ns          230614 1c008ca6 00140413 addi             x8, x8, 1            x8=00000022  x8:00000021
14098940ns          230615 1c008ca8 001a450b p.lbu            x10, 1(x20!)        x10=00000025 x20=1c000040 x20:1c00003f  PA:1c00003f
14099278ns          230632 1c008cac fe0515e3 bne              x10, x0, -22        x10:00000025
14099357ns          230636 1c008c96 02500793 addi             x15, x0, 37         x15=00000025
14099377ns          230637 1c008c9a 04f50763 beq              x10, x15, 78        x10:00000025 x15:00000025
14099437ns          230640 1c008ce8 01400c33 add              x24, x0, x20        x24=1c000040 x20:1c000040
14099457ns          230641 1c008cea 000c4a03 lbu              x20, 0(x24)         x20=00000064 x24:1c000040  PA:1c000040
14099815ns          230659 1c008cee 0b4d0513 addi             x10, x26, 180       x10=1c0000b4 x26:1c000000
14099835ns          230660 1c008cf2 00912e23 sw               x9, 28(x2)           x9:00000002  x2:10000e18  PA:10000e34
14099855ns          230661 1c008cf4 014005b3 add              x11, x0, x20        x11=00000064 x20:00000064
14099874ns          230662 1c008cf6 00012823 sw               x0, 16(x2)           x2:10000e18  PA:10000e28
14099894ns          230663 1c008cf8 00012a23 sw               x0, 20(x2)           x2:10000e18  PA:10000e2c
14099914ns          230664 1c008cfa 00012623 sw               x0, 12(x2)           x2:10000e18  PA:10000e24
14099934ns          230665 1c008cfc 001c0493 addi             x9, x24, 1           x9=1c000041 x24:1c000040
14099954ns          230666 1c008d00 e41ff0ef jal              x1, -448             x1=1c008d02
14100034ns          230670 1c008b40 00054703 lbu              x14, 0(x10)         x14=0000002d x10:1c0000b4  PA:1c0000b4
14100392ns          230688 1c008b44 0ff5f593 andi             x11, x11, 255       x11=00000064 x11:00000064
14100411ns          230689 1c008b48 00a007b3 add              x15, x0, x10        x15=1c0000b4 x10:1c0000b4
14100431ns          230690 1c008b4a 00b70863 beq              x14, x11, 16        x14:0000002d x11:00000064
14100451ns          230691 1c008b4e 00070863 beq              x14, x0, 16         x14:0000002d
14100471ns          230692 1c008b50 0017c703 lbu              x14, 1(x15)         x14=0000002b x15:1c0000b4  PA:1c0000b5
14100769ns          230707 1c008b54 00178793 addi             x15, x15, 1         x15=1c0000b5 x15:1c0000b4
14100789ns          230708 1c008b56 feb71ce3 bne              x14, x11, -8        x14:0000002b x11:00000064
14100849ns          230711 1c008b4e 00070863 beq              x14, x0, 16         x14:0000002b
14100869ns          230712 1c008b50 0017c703 lbu              x14, 1(x15)         x14=00000020 x15:1c0000b5  PA:1c0000b6
14101167ns          230727 1c008b54 00178793 addi             x15, x15, 1         x15=1c0000b6 x15:1c0000b5
14101187ns          230728 1c008b56 feb71ce3 bne              x14, x11, -8        x14:00000020 x11:00000064
14101247ns          230731 1c008b4e 00070863 beq              x14, x0, 16         x14:00000020
14101267ns          230732 1c008b50 0017c703 lbu              x14, 1(x15)         x14=00000023 x15:1c0000b6  PA:1c0000b7
14101565ns          230747 1c008b54 00178793 addi             x15, x15, 1         x15=1c0000b7 x15:1c0000b6
14101585ns          230748 1c008b56 feb71ce3 bne              x14, x11, -8        x14:00000023 x11:00000064
14101645ns          230751 1c008b4e 00070863 beq              x14, x0, 16         x14:00000023
14101664ns          230752 1c008b50 0017c703 lbu              x14, 1(x15)         x14=00000030 x15:1c0000b7  PA:1c0000b8
14101963ns          230767 1c008b54 00178793 addi             x15, x15, 1         x15=1c0000b8 x15:1c0000b7
14101983ns          230768 1c008b56 feb71ce3 bne              x14, x11, -8        x14:00000030 x11:00000064
14102042ns          230771 1c008b4e 00070863 beq              x14, x0, 16         x14:00000030
14102062ns          230772 1c008b50 0017c703 lbu              x14, 1(x15)         x14=00000000 x15:1c0000b8  PA:1c0000b9
14102360ns          230787 1c008b54 00178793 addi             x15, x15, 1         x15=1c0000b9 x15:1c0000b8
14102380ns          230788 1c008b56 feb71ce3 bne              x14, x11, -8        x14:00000000 x11:00000064
14102440ns          230791 1c008b4e 00070863 beq              x14, x0, 16         x14:00000000
14102500ns          230794 1c008b5e 00000513 addi             x10, x0, 0          x10=00000000
14102520ns          230795 1c008b60 fe058de3 beq              x11, x0, -6         x11:00000064
14102539ns          230796 1c008b62 00008067 jalr             x0, x1, 0            x1:1c008d02
14102599ns          230799 1c008d02 02000913 addi             x18, x0, 32         x18=00000020
14102619ns          230800 1c008d06 00000993 addi             x19, x0, 0          x19=00000000
14102639ns          230801 1c008d08 02b00a93 addi             x21, x0, 43         x21=0000002b
14102659ns          230802 1c008d0c 02d00b93 addi             x23, x0, 45         x23=0000002d
14102679ns          230803 1c008d10 03000b13 addi             x22, x0, 48         x22=00000030
14102699ns          230804 1c008d14 00900633 add              x12, x0, x9         x12=1c000041  x9:1c000041
14102718ns          230805 1c008d16 02050963 beq              x10, x0, 50         x10:00000000
14102858ns          230812 1c008d48 03312623 sw               x19, 44(x2)         x19:00000000  x2:10000e18  PA:10000e44
14102897ns          230814 1c008d4a 02a00693 addi             x13, x0, 42         x13=0000002a
14102917ns          230815 1c008d4e 014009b3 add              x19, x0, x20        x19=00000064 x20:00000064
14102957ns          230817 1c008d50 01800a33 add              x20, x0, x24        x20=1c000040 x24:1c000040
14102977ns          230818 1c008d52 00900c33 add              x24, x0, x9         x24=1c000041  x9:1c000041
14102997ns          230819 1c008d54 01c12483 lw               x9, 28(x2)           x9=00000002  x2:10000e18  PA:10000e34
14103017ns          230820 1c008d56 42d98063 beq              x19, x13, 1056      x19:00000064 x13:0000002a
14103037ns          230821 1c008d5a fd098693 addi             x13, x19, -48       x13=00000034 x19:00000064
14103057ns          230822 1c008d5e 00900513 addi             x10, x0, 9          x10=00000009
14103096ns          230824 1c008d60 00000a93 addi             x21, x0, 0          x21=00000000
14103136ns          230826 1c008d62 3cd57f63 bgeu             x10, x13, 990       x10:00000009 x13:00000034
14103156ns          230827 1c008d66 02e00793 addi             x15, x0, 46         x15=0000002e
14103176ns          230828 1c008d6a fff00b13 addi             x22, x0, -1         x22=ffffffff
14103196ns          230829 1c008d6c 04f981e3 beq              x19, x15, 2114      x19:00000064 x15:0000002e
14103236ns          230831 1c008d70 1c0007b7 lui              x15, 0x1c000000     x15=1c000000
14103275ns          230833 1c008d74 013005b3 add              x11, x0, x19        x11=00000064 x19:00000064
14103295ns          230834 1c008d76 0bc78513 addi             x10, x15, 188       x10=1c0000bc x15:1c000000
14103315ns          230835 1c008d7a 00c12e23 sw               x12, 28(x2)         x12:1c000041  x2:10000e18  PA:10000e34
14103335ns          230836 1c008d7c dc5ff0ef jal              x1, -572             x1=1c008d7e
14103415ns          230840 1c008b40 00054703 lbu              x14, 0(x10)         x14=00000068 x10:1c0000bc  PA:1c0000bc
14103713ns          230855 1c008b44 0ff5f593 andi             x11, x11, 255       x11=00000064 x11:00000064
14103733ns          230856 1c008b48 00a007b3 add              x15, x0, x10        x15=1c0000bc x10:1c0000bc
14103753ns          230857 1c008b4a 00b70863 beq              x14, x11, 16        x14:00000068 x11:00000064
14103773ns          230858 1c008b4e 00070863 beq              x14, x0, 16         x14:00000068
14103792ns          230859 1c008b50 0017c703 lbu              x14, 1(x15)         x14=0000006c x15:1c0000bc  PA:1c0000bd
14104091ns          230874 1c008b54 00178793 addi             x15, x15, 1         x15=1c0000bd x15:1c0000bc
14104111ns          230875 1c008b56 feb71ce3 bne              x14, x11, -8        x14:0000006c x11:00000064
14104170ns          230878 1c008b4e 00070863 beq              x14, x0, 16         x14:0000006c
14104190ns          230879 1c008b50 0017c703 lbu              x14, 1(x15)         x14=0000004c x15:1c0000bd  PA:1c0000be
14104508ns          230895 1c008b54 00178793 addi             x15, x15, 1         x15=1c0000be x15:1c0000bd
14104528ns          230896 1c008b56 feb71ce3 bne              x14, x11, -8        x14:0000004c x11:00000064
14104588ns          230899 1c008b4e 00070863 beq              x14, x0, 16         x14:0000004c
14104608ns          230900 1c008b50 0017c703 lbu              x14, 1(x15)         x14=0000007a x15:1c0000be  PA:1c0000bf
14104966ns          230918 1c008b54 00178793 addi             x15, x15, 1         x15=1c0000bf x15:1c0000be
14104986ns          230919 1c008b56 feb71ce3 bne              x14, x11, -8        x14:0000007a x11:00000064
14105045ns          230922 1c008b4e 00070863 beq              x14, x0, 16         x14:0000007a
14105065ns          230923 1c008b50 0017c703 lbu              x14, 1(x15)         x14=00000000 x15:1c0000bf  PA:1c0000c0
14105364ns          230938 1c008b54 00178793 addi             x15, x15, 1         x15=1c0000c0 x15:1c0000bf
14105383ns          230939 1c008b56 feb71ce3 bne              x14, x11, -8        x14:00000000 x11:00000064
14105443ns          230942 1c008b4e 00070863 beq              x14, x0, 16         x14:00000000
14105503ns          230945 1c008b5e 00000513 addi             x10, x0, 0          x10=00000000
14105523ns          230946 1c008b60 fe058de3 beq              x11, x0, -6         x11:00000064
14105543ns          230947 1c008b62 00008067 jalr             x0, x1, 0            x1:1c008d7e
14105582ns          230949 1c008d7e 01c12603 lw               x12, 28(x2)         x12=1c000041  x2:10000e18  PA:10000e34
14105622ns          230951 1c008d80 00c00a33 add              x20, x0, x12        x20=1c000041 x12:1c000041
14105642ns          230952 1c008d82 00050563 beq              x10, x0, 10         x10:00000000
14105761ns          230958 1c008d8c 06900793 addi             x15, x0, 105        x15=00000069
14105781ns          230959 1c008d90 1cf98be3 beq              x19, x15, 2518      x19:00000064 x15:00000069
14105801ns          230960 1c008d94 4b37ce63 blt              x15, x19, 1212      x15:00000069 x19:00000064
14105821ns          230961 1c008d98 05800793 addi             x15, x0, 88         x15=00000058
14105841ns          230962 1c008d9c 4cf98863 beq              x19, x15, 1232      x19:00000064 x15:00000058
14105861ns          230963 1c008da0 3f37cd63 blt              x15, x19, 1018      x15:00000058 x19:00000064
14106000ns          230970 1c00919a 06400793 addi             x15, x0, 100        x15=00000064
14106060ns          230973 1c00919e 5cf98463 beq              x19, x15, 1480      x19:00000064 x15:00000064
14106159ns          230978 1c009766 01812b83 lw               x23, 24(x2)         x23=10000f80  x2:10000e18  PA:10000e30
14106199ns          230980 1c009768 004ba60b p.lw             x12, 4(x23!)        x12=00000001 x23=10000f84 x23:10000f80  PA:10000f80
14106239ns          230982 1c00976c 48064963 blt              x12, x0, 1170       x12:00000001
14106259ns          230983 1c009770 01412783 lw               x15, 20(x2)         x15=00000000  x2:10000e18  PA:10000e2c
14106278ns          230984 1c009772 00c00733 add              x14, x0, x12        x14=00000001 x12:00000001
14106298ns          230985 1c009774 56078863 beq              x15, x0, 1392       x15:00000000
14106398ns          230990 1c009ce4 01012783 lw               x15, 16(x2)         x15=00000000  x2:10000e18  PA:10000e28
14106418ns          230991 1c009ce6 01b00533 add              x10, x0, x27        x10=10000e4c x27:10000e4c
14106438ns          230992 1c009ce8 a8078ee3 beq              x15, x0, -1380      x15:00000000
14106557ns          230998 1c009784 00a007b3 add              x15, x0, x10        x15=10000e4c x10:10000e4c
14106577ns          230999 1c009786 00a00593 addi             x11, x0, 10         x11=0000000a
14106597ns          231000 1c009788 00900313 addi             x6, x0, 9            x6=00000009
14106617ns          231001 1c00978a 02b776b3 remu             x13, x14, x11       x13=00000001 x14:00000001 x11:0000000a
14107233ns          231032 1c00978e 00e00833 add              x16, x0, x14        x16=00000001 x14:00000001
14107253ns          231033 1c009790 00f008b3 add              x17, x0, x15        x17=10000e4c x15:10000e4c
14107273ns          231034 1c009792 03068693 addi             x13, x13, 48        x13=00000031 x13:00000001
14107293ns          231035 1c009796 00d780ab p.sb             x13, 1(x15!)        x15=10000e4d x13:00000031 x15:10000e4c  PA:10000e4c
14107313ns          231036 1c00979a 02b75733 divu             x14, x14, x11       x14=00000000 x14:00000001 x11:0000000a
14107929ns          231067 1c00979e ff0366e3 bltu             x6, x16, -20         x6:00000009 x16:00000001
14107949ns          231068 1c0097a2 40a78733 sub              x14, x15, x10       x14=00000001 x15:10000e4d x10:10000e4c
14107969ns          231069 1c0097a6 01675c63 bge              x14, x22, 24        x14:00000001 x22:ffffffff
14108088ns          231075 1c0097be 00078023 sb               x0, 0(x15)          x15:10000e4d  PA:10000e4d
14108128ns          231077 1c0097c2 0b157563 bgeu             x10, x17, 170       x10:10000e4c x17:10000e4c
14108188ns          231080 1c00986c 01412703 lw               x14, 20(x2)         x14=00000000  x2:10000e18  PA:10000e2c
14108208ns          231081 1c00986e 01012683 lw               x13, 16(x2)         x13=00000000  x2:10000e18  PA:10000e28
14108227ns          231082 1c009870 41b787b3 sub              x15, x15, x27       x15=00000001 x15:10000e4d x27:10000e4c
14108247ns          231083 1c009874 00d76733 or               x14, x14, x13       x14=00000000 x14:00000000 x13:00000000
14108267ns          231084 1c009876 02e12623 sw               x14, 44(x2)         x14:00000000  x2:10000e18  PA:10000e44
14108287ns          231085 1c009878 b0071be3 bne              x14, x0, -1258      x14:00000000
14108307ns          231086 1c00987c 01f65713 srli             x14, x12, 0x1f      x14=00000000 x12:00000001
14108327ns          231087 1c009880 02e12623 sw               x14, 44(x2)         x14:00000000  x2:10000e18  PA:10000e44
14108347ns          231088 1c009882 b0dff06f jal              x0, -1268          
14108446ns          231093 1c00938e ebfb2be3 p.beqimm         x22, -330           x22:ffffffff
14108546ns          231098 1c009244 0c800713 addi             x14, x0, 200        x14=000000c8
14108585ns          231100 1c009248 14f75b63 bge              x14, x15, 342       x14:000000c8 x15:00000001
14108764ns          231109 1c00939e 00178613 addi             x12, x15, 1         x12=00000002 x15:00000001
14108804ns          231111 1c0093a2 0557c863 blt              x15, x21, 80        x15:00000001 x21:00000000
14108824ns          231112 1c0093a6 01712c23 sw               x23, 24(x2)         x23:10000f84  x2:10000e18  PA:10000e30
14108844ns          231113 1c0093a8 00f00ab3 add              x21, x0, x15        x21=00000001 x15:00000001
14108864ns          231114 1c0093aa 8e0a8fe3 beq              x21, x0, -1794      x21:00000001
14108884ns          231115 1c0093ae 01b00933 add              x18, x0, x27        x18=10000e4c x27:10000e4c
14108904ns          231116 1c0093b0 41b409b3 sub              x19, x8, x27        x19=effff1d6  x8:00000022 x27:10000e4c
14108924ns          231117 1c0093b4 01ba8ab3 add              x21, x21, x27       x21=10000e4d x21:00000001 x27:10000e4c
14108943ns          231118 1c0093b6 00a0006f jal              x0, 10             
14108983ns          231120 1c0093c0 0019450b p.lbu            x10, 1(x18!)        x10=00000031 x18=10000e4d x18:10000e4c  PA:10000e4c
14109003ns          231121 1c0093c4 009005b3 add              x11, x0, x9         x11=00000002  x9:00000002
14109023ns          231122 1c0093c6 000c80e7 jalr             x1, x25, 0           x1=1c0093c8 x25:1c008bb6
14109063ns          231124 1c008bb6 000026b7 lui              x13, 0x2000         x13=00002000
14109083ns          231125 1c008bb8 f8068693 addi             x13, x13, -128      x13=00001f80 x13:00002000
14109103ns          231126 1c008bbc f14027f3 csrrs            x15, x0, 0xf14      x15=00000001
14109122ns          231127 1c008bc0 00379713 slli             x14, x15, 0x3       x14=00000008 x15:00000001
14109142ns          231128 1c008bc4 00279793 slli             x15, x15, 0x2       x15=00000004 x15:00000001
14109162ns          231129 1c008bc6 00d7f7b3 and              x15, x15, x13       x15=00000000 x15:00000004 x13:00001f80
14109182ns          231130 1c008bc8 ee873733 p.bclr           x14, x14, 23, 8     x14=00000008 x14:00000008
14109202ns          231131 1c008bcc 1a10f6b7 lui              x13, 0x1a10f000     x13=1a10f000
14109441ns          231143 1c008bd0 00d70733 add              x14, x14, x13       x14=1a10f008 x14:00000008 x13:1a10f000
14109461ns          231144 1c008bd2 00e787b3 add              x15, x15, x14       x15=1a10f008 x15:00000000 x14:1a10f008
14109480ns          231145 1c008bd4 0ff57513 andi             x10, x10, 255       x10=00000031 x10:00000031
14109500ns          231146 1c008bd8 00a7a023 sw               x10, 0(x15)         x10:00000031 x15:1a10f008  PA:1a10f008
14110216ns          231182 1c008bda 00000513 addi             x10, x0, 0          x10=00000000
14110236ns          231183 1c008bdc 00008067 jalr             x0, x1, 0            x1:1c0093c8
14110276ns          231185 1c0093c8 fff538e3 p.bneimm         x10, -16            x10:00000000
14110395ns          231191 1c0093b8 01298433 add              x8, x19, x18         x8=00000023 x19:effff1d6 x18:10000e4d
14110415ns          231192 1c0093bc 8f2a86e3 beq              x21, x18, -1812     x21:10000e4d x18:10000e4d
14110475ns          231195 1c008ca8 001a450b p.lbu            x10, 1(x20!)        x10=0000000a x20=1c000042 x20:1c000041  PA:1c000041
14110793ns          231211 1c008cac fe0515e3 bne              x10, x0, -22        x10:0000000a
14110873ns          231215 1c008c96 02500793 addi             x15, x0, 37         x15=00000025
14110892ns          231216 1c008c9a 04f50763 beq              x10, x15, 78        x10:0000000a x15:00000025
14110912ns          231217 1c008c9e 009005b3 add              x11, x0, x9         x11=00000002  x9:00000002
14110932ns          231218 1c008ca0 000c80e7 jalr             x1, x25, 0           x1=1c008ca2 x25:1c008bb6
14110972ns          231220 1c008bb6 000026b7 lui              x13, 0x2000         x13=00002000
14110992ns          231221 1c008bb8 f8068693 addi             x13, x13, -128      x13=00001f80 x13:00002000
14111012ns          231222 1c008bbc f14027f3 csrrs            x15, x0, 0xf14      x15=00000001
14111032ns          231223 1c008bc0 00379713 slli             x14, x15, 0x3       x14=00000008 x15:00000001
14111052ns          231224 1c008bc4 00279793 slli             x15, x15, 0x2       x15=00000004 x15:00000001
14111071ns          231225 1c008bc6 00d7f7b3 and              x15, x15, x13       x15=00000000 x15:00000004 x13:00001f80
14111091ns          231226 1c008bc8 ee873733 p.bclr           x14, x14, 23, 8     x14=00000008 x14:00000008
14111111ns          231227 1c008bcc 1a10f6b7 lui              x13, 0x1a10f000     x13=1a10f000
14111131ns          231228 1c008bd0 00d70733 add              x14, x14, x13       x14=1a10f008 x14:00000008 x13:1a10f000
14111151ns          231229 1c008bd2 00e787b3 add              x15, x15, x14       x15=1a10f008 x15:00000000 x14:1a10f008
14111171ns          231230 1c008bd4 0ff57513 andi             x10, x10, 255       x10=0000000a x10:0000000a
14111191ns          231231 1c008bd8 00a7a023 sw               x10, 0(x15)         x10:0000000a x15:1a10f008  PA:1a10f008
14111529ns          231248 1c008bda 00000513 addi             x10, x0, 0          x10=00000000
14111549ns          231249 1c008bdc 00008067 jalr             x0, x1, 0            x1:1c008ca2
14111608ns          231252 1c008ca2 4df52863 p.beqimm         x10, 1232           x10:00000000
14111628ns          231253 1c008ca6 00140413 addi             x8, x8, 1            x8=00000024  x8:00000023
14111648ns          231254 1c008ca8 001a450b p.lbu            x10, 1(x20!)        x10=00000000 x20=1c000043 x20:1c000042  PA:1c000042
14111966ns          231270 1c008cac fe0515e3 bne              x10, x0, -22        x10:00000000
14111986ns          231271 1c008cae 13c12083 lw               x1, 316(x2)          x1=1c008c22  x2:10000e18  PA:10000f54
14112006ns          231272 1c008cb2 00800533 add              x10, x0, x8         x10=00000024  x8:00000024
14112026ns          231273 1c008cb4 13812403 lw               x8, 312(x2)          x8=00000001  x2:10000e18  PA:10000f50
14112046ns          231274 1c008cb8 13412483 lw               x9, 308(x2)          x9=00000000  x2:10000e18  PA:10000f4c
14112066ns          231275 1c008cbc 13012903 lw               x18, 304(x2)        x18=00000001  x2:10000e18  PA:10000f48
14112106ns          231277 1c008cc0 12c12983 lw               x19, 300(x2)        x19=00000000  x2:10000e18  PA:10000f44
14112145ns          231279 1c008cc4 12812a03 lw               x20, 296(x2)        x20=00000000  x2:10000e18  PA:10000f40
14112165ns          231280 1c008cc8 12412a83 lw               x21, 292(x2)        x21=00000000  x2:10000e18  PA:10000f3c
14112185ns          231281 1c008ccc 12012b03 lw               x22, 288(x2)        x22=00000000  x2:10000e18  PA:10000f38
14112603ns          231302 1c008cd0 11c12b83 lw               x23, 284(x2)        x23=00000000  x2:10000e18  PA:10000f34
14112643ns          231304 1c008cd4 11812c03 lw               x24, 280(x2)        x24=00000000  x2:10000e18  PA:10000f30
14112662ns          231305 1c008cd8 11412c83 lw               x25, 276(x2)        x25=00000000  x2:10000e18  PA:10000f2c
14112682ns          231306 1c008cdc 11012d03 lw               x26, 272(x2)        x26=00000000  x2:10000e18  PA:10000f28
14112742ns          231309 1c008ce0 10c12d83 lw               x27, 268(x2)        x27=00000000  x2:10000e18  PA:10000f24
14112782ns          231311 1c008ce4 14010113 addi             x2, x2, 320          x2=10000f58  x2:10000e18
14112802ns          231312 1c008ce6 00008067 jalr             x0, x1, 0            x1:1c008c22
14112881ns          231316 1c008c22 01c12083 lw               x1, 28(x2)           x1=1c008200  x2:10000f58  PA:10000f74
14112921ns          231318 1c008c24 04010113 addi             x2, x2, 64           x2=10000f98  x2:10000f58
14112941ns          231319 1c008c26 00008067 jalr             x0, x1, 0            x1:1c008200
14113478ns          231346 1c008200 78d010ef jal              x1, 8076             x1=1c008204
14113597ns          231352 1c00a18c f14027f3 csrrs            x15, x0, 0xf14      x15=00000001
14113995ns          231372 1c00a190 01f00713 addi             x14, x0, 31         x14=0000001f
14114035ns          231374 1c00a192 ca5797b3 p.extractu       x15, x15, 5, 5      x15=00000000 x15:00000001
14114055ns          231375 1c00a196 00e78863 beq              x15, x14, 16        x15:00000000 x14:0000001f
14114075ns          231376 1c00a19a 002047b7 lui              x15, 0x204000       x15=00204000
14114512ns          231398 1c00a19e 20078793 addi             x15, x15, 512       x15=00204200 x15:00204000
14114552ns          231400 1c00a1a2 01c7e703 p.elw            x14, 28(x15)        x14=00010000 x15:00204200  PA:0020421c
14114671ns          231406 1c00a1a6 00008067 jalr             x0, x1, 0            x1:1c008204
14115069ns          231426 1c008204 5c090363 beq              x18, x0, 1478       x18:00000001
14115089ns          231427 1c008208 01847413 andi             x8, x8, 24           x8=00000000  x8:00000001
14115109ns          231428 1c00820a 783010ef jal              x1, 8066             x1=1c00820e
14115566ns          231451 1c00a18c f14027f3 csrrs            x15, x0, 0xf14      x15=00000001
14115586ns          231452 1c00a190 01f00713 addi             x14, x0, 31         x14=0000001f
14115606ns          231453 1c00a192 ca5797b3 p.extractu       x15, x15, 5, 5      x15=00000000 x15:00000001
14115626ns          231454 1c00a196 00e78863 beq              x15, x14, 16        x15:00000000 x14:0000001f
14115646ns          231455 1c00a19a 002047b7 lui              x15, 0x204000       x15=00204000
14115666ns          231456 1c00a19e 20078793 addi             x15, x15, 512       x15=00204200 x15:00204000
14115685ns          231457 1c00a1a2 01c7e703 p.elw            x14, 28(x15)        x14=00010000 x15:00204200  PA:0020421c
14121692ns          231759 1c00a1a6 00008067 jalr             x0, x1, 0            x1:1c00820e
14121751ns          231762 1c00820e 56041663 bne              x8, x0, 1388         x8:00000000
14121771ns          231763 1c008212 00491493 slli             x9, x18, 0x4         x9=00000010 x18:00000001
14121791ns          231764 1c008216 00748413 addi             x8, x9, 7            x8=00000017  x9:00000010
14121811ns          231765 1c00821a 00591713 slli             x14, x18, 0x5       x14=00000020 x18:00000001
14122248ns          231787 1c00821e 00141693 slli             x13, x8, 0x1        x13=0000002e  x8:00000017
14122268ns          231788 1c008222 00d12c23 sw               x13, 24(x2)         x13:0000002e  x2:10000f98  PA:10000fb0
14122288ns          231789 1c008224 00e12223 sw               x14, 4(x2)          x14:00000020  x2:10000f98  PA:10000f9c
14122308ns          231790 1c008226 00170593 addi             x11, x14, 1         x11=00000021 x14:00000020
14122328ns          231791 1c00822a 00168293 addi             x5, x13, 1           x5=0000002f x13:0000002e
14122766ns          231813 1c00822e 1c001737 lui              x14, 0x1c001000     x14=1c001000
14122805ns          231815 1c008232 00948693 addi             x13, x9, 9          x13=00000019  x9:00000010
14122825ns          231816 1c008236 8d070713 addi             x14, x14, -1840     x14=1c0008d0 x14:1c001000
14122845ns          231817 1c00823a 00148f93 addi             x31, x9, 1          x31=00000011  x9:00000010
14123283ns          231839 1c00823e 00269e13 slli             x28, x13, 0x2       x28=00000064 x13:00000019
14123303ns          231840 1c008242 00ee0e33 add              x28, x28, x14       x28=1c000934 x28:00000064 x14:1c0008d0
14123322ns          231841 1c008244 00248a93 addi             x21, x9, 2          x21=00000012  x9:00000010
14123342ns          231842 1c008248 00348f13 addi             x30, x9, 3          x30=00000013  x9:00000010
14123362ns          231843 1c00824c 00548993 addi             x19, x9, 5          x19=00000015  x9:00000010
14123800ns          231865 1c008250 00648793 addi             x15, x9, 6          x15=00000016  x9:00000010
14123840ns          231867 1c008254 002f9313 slli             x6, x31, 0x2         x6=00000044 x31:00000011
14123859ns          231868 1c008258 002a9813 slli             x16, x21, 0x2       x16=00000048 x21:00000012
14123879ns          231869 1c00825c 002f1b13 slli             x22, x30, 0x2       x22=0000004c x30:00000013
14124337ns          231892 1c008260 00299093 slli             x1, x19, 0x2         x1=00000054 x19:00000015
14124377ns          231894 1c008264 00279393 slli             x7, x15, 0x2         x7=00000058 x15:00000016
14124396ns          231895 1c008268 00e30333 add              x6, x6, x14          x6=1c000914  x6:00000044 x14:1c0008d0
14124416ns          231896 1c00826a 00691893 slli             x17, x18, 0x6       x17=00000040 x18:00000001
14124436ns          231897 1c00826e 01c006b3 add              x13, x0, x28        x13=1c000934 x28:1c000934
14124854ns          231918 1c008270 002a9a93 slli             x21, x21, 0x2       x21=00000048 x21:00000012
14124874ns          231919 1c008272 00299993 slli             x19, x19, 0x2       x19=00000054 x19:00000015
14124894ns          231920 1c008274 00279793 slli             x15, x15, 0x2       x15=00000058 x15:00000016
14124913ns          231921 1c008276 00eb0b33 add              x22, x22, x14       x22=1c00091c x22:0000004c x14:1c0008d0
14124933ns          231922 1c008278 00235303 lhu              x6, 2(x6)            x6=00000f0d  x6:1c000914  PA:1c000916
14125371ns          231944 1c00827c 0006d683 lhu              x13, 0(x13)         x13=000000c1 x13:1c000934  PA:1c000934
14125789ns          231965 1c008280 00ea8ab3 add              x21, x21, x14       x21=1c000918 x21:00000048 x14:1c0008d0
14125808ns          231966 1c008282 00e989b3 add              x19, x19, x14       x19=1c000924 x19:00000054 x14:1c0008d0
14125828ns          231967 1c008284 00e787b3 add              x15, x15, x14       x15=1c000928 x15:00000058 x14:1c0008d0
14125848ns          231968 1c008286 00e888b3 add              x17, x17, x14       x17=1c000910 x17:00000040 x14:1c0008d0
14125868ns          231969 1c008288 002b5c83 lhu              x25, 2(x22)         x25=00000f4f x22:1c00091c  PA:1c00091e
14126186ns          231985 1c00828c 000adc03 lhu              x24, 0(x21)         x24=00000ca7 x21:1c000918  PA:1c000918
14126505ns          232001 1c008290 000b5f03 lhu              x30, 0(x22)         x30=0000002c x22:1c00091c  PA:1c00091c
14126982ns          232025 1c008294 0007da83 lhu              x21, 0(x15)         x21=00000a02 x15:1c000928  PA:1c000928
14127320ns          232042 1c008298 0009db03 lhu              x22, 0(x19)         x22=00000657 x19:1c000924  PA:1c000924
14127738ns          232063 1c00829c 0008d883 lhu              x17, 0(x17)         x17=000000d0 x17:1c000910  PA:1c000910
14128135ns          232083 1c0082a0 1c0019b7 lui              x19, 0x1c001000     x19=1c001000
14128155ns          232084 1c0082a4 000017b7 lui              x15, 0x1000         x15=00001000
14128175ns          232085 1c0082a6 fff78793 addi             x15, x15, -1        x15=00000fff x15:00001000
14128195ns          232086 1c0082a8 00448a13 addi             x20, x9, 4          x20=00000014  x9:00000010
14128215ns          232087 1c0082ac dd098993 addi             x19, x19, -560      x19=1c000dd0 x19:1c001000
14128354ns          232094 1c0082b0 00159593 slli             x11, x11, 0x1       x11=00000042 x11:00000021
14128374ns          232095 1c0082b2 00129293 slli             x5, x5, 0x1          x5=0000005e  x5:0000002f
14128394ns          232096 1c0082b4 00241b93 slli             x23, x8, 0x2        x23=0000005c  x8:00000017
14128414ns          232097 1c0082b8 00848613 addi             x12, x9, 8          x12=00000018  x9:00000010
14128434ns          232098 1c0082bc 00e585b3 add              x11, x11, x14       x11=1c000912 x11:00000042 x14:1c0008d0
14128454ns          232099 1c0082be 00e080b3 add              x1, x1, x14          x1=1c000924  x1:00000054 x14:1c0008d0
14128871ns          232120 1c0082c0 00e383b3 add              x7, x7, x14          x7=1c000928  x7:00000058 x14:1c0008d0
14128891ns          232121 1c0082c2 00e282b3 add              x5, x5, x14          x5=1c00092e  x5:0000005e x14:1c0008d0
14128911ns          232122 1c0082c4 00d12a23 sw               x13, 20(x2)         x13:000000c1  x2:10000f98  PA:10000fac
14128931ns          232123 1c0082c6 002a1513 slli             x10, x20, 0x2       x10=00000050 x20:00000014
14128951ns          232124 1c0082ca 0067f6b3 and              x13, x15, x6        x13=00000f0d x15:00000fff  x6:00000f0d
14128971ns          232125 1c0082ce 002a1a13 slli             x20, x20, 0x2       x20=00000050 x20:00000014
14129388ns          232146 1c0082d0 0009a303 lw               x6, 0(x19)           x6=10004100 x19:1c000dd0  PA:1c000dd0
14129706ns          232162 1c0082d4 0005dd83 lhu              x27, 0(x11)         x27=000008d2 x11:1c000912  PA:1c000912
14130184ns          232186 1c0082d8 00ea0a33 add              x20, x20, x14       x20=1c000920 x20:00000050 x14:1c0008d0
14130204ns          232187 1c0082da 0020d583 lhu              x11, 2(x1)          x11=00000c74  x1:1c000924  PA:1c000926
14130582ns          232206 1c0082de 0117f8b3 and              x17, x15, x17       x17=000000d0 x15:00000fff x17:000000d0
14130601ns          232207 1c0082e2 0023d083 lhu              x1, 2(x7)            x1=000002d1  x7:1c000928  PA:1c00092a
14130999ns          232227 1c0082e6 00261e93 slli             x29, x12, 0x2       x29=00000060 x12:00000018
14131019ns          232228 1c0082ea 0002d383 lhu              x7, 0(x5)            x7=00000174  x5:1c00092e  PA:1c00092e
14131337ns          232244 1c0082ee 00261613 slli             x12, x12, 0x2       x12=00000060 x12:00000018
14131357ns          232245 1c0082f0 017702b3 add              x5, x14, x23         x5=1c00092c x14:1c0008d0 x23:0000005c
14131377ns          232246 1c0082f4 01112423 sw               x17, 8(x2)          x17:000000d0  x2:10000f98  PA:10000fa0
14131397ns          232247 1c0082f6 01712e23 sw               x23, 28(x2)         x23:0000005c  x2:10000f98  PA:10000fb4
14131417ns          232248 1c0082f8 00e60633 add              x12, x12, x14       x12=1c000930 x12:00000060 x14:1c0008d0
14131437ns          232249 1c0082fa 000a5b83 lhu              x23, 0(x20)         x23=00000649 x20:1c000920  PA:1c000920
14131954ns          232275 1c0082fe 0002da03 lhu              x20, 0(x5)          x20=00000b50  x5:1c00092c  PA:1c00092c
14132292ns          232292 1c008302 01069293 slli             x5, x13, 0x10        x5=0f0d0000 x13:00000f0d
14132312ns          232293 1c008306 00591693 slli             x13, x18, 0x5       x13=00000020 x18:00000001
14132332ns          232294 1c00830a 002e5d03 lhu              x26, 2(x28)         x26=00000ef4 x28:1c000934  PA:1c000936
14132630ns          232309 1c00830e 002f9f93 slli             x31, x31, 0x2       x31=00000044 x31:00000011
14132650ns          232310 1c008310 00065e03 lhu              x28, 0(x12)         x28=00000778 x12:1c000930  PA:1c000930
14133048ns          232330 1c008314 00d30633 add              x12, x6, x13        x12=10004120  x6:10004100 x13:00000020
14133068ns          232331 1c008318 00812303 lw               x6, 8(x2)            x6=000000d0  x2:10000f98  PA:10000fa0
14133087ns          232332 1c00831a 00ef8fb3 add              x31, x31, x14       x31=1c000914 x31:00000044 x14:1c0008d0
14133107ns          232333 1c00831c 01b7fdb3 and              x27, x15, x27       x27=000008d2 x15:00000fff x27:000008d2
14133207ns          232338 1c008320 00512623 sw               x5, 12(x2)           x5:0f0d0000  x2:10000f98  PA:10000fa4
14133247ns          232340 1c008322 000fdf83 lhu              x31, 0(x31)         x31=00000354 x31:1c000914  PA:1c000914
14133565ns          232356 1c008326 010d9d93 slli             x27, x27, 0x10      x27=08d20000 x27:000008d2
14133585ns          232357 1c008328 006dedb3 or               x27, x27, x6        x27=08d200d0 x27:08d20000  x6:000000d0
14133605ns          232358 1c00832c 00e80833 add              x16, x16, x14       x16=1c000918 x16:00000048 x14:1c0008d0
14133624ns          232359 1c00832e 00c12303 lw               x6, 12(x2)           x6=0f0d0000  x2:10000f98  PA:10000fa4
14133744ns          232365 1c008330 00285803 lhu              x16, 2(x16)         x16=0000087a x16:1c000918  PA:1c00091a
14134142ns          232385 1c008334 0017f0b3 and              x1, x15, x1          x1=000002d1 x15:00000fff  x1:000002d1
14134161ns          232386 1c008338 0077f3b3 and              x7, x15, x7          x7=00000174 x15:00000fff  x7:00000174
14134181ns          232387 1c00833c 01c12823 sw               x28, 16(x2)         x28:00000778  x2:10000f98  PA:10000fa8
14134301ns          232393 1c00833e 0157fab3 and              x21, x15, x21       x21=00000a02 x15:00000fff x21:00000a02
14134340ns          232395 1c008342 0147fa33 and              x20, x15, x20       x20=00000b50 x15:00000fff x20:00000b50
14134360ns          232396 1c008346 01f7ffb3 and              x31, x15, x31       x31=00000354 x15:00000fff x31:00000354
14134380ns          232397 1c00834a 01009093 slli             x1, x1, 0x10         x1=02d10000  x1:000002d1
14134400ns          232398 1c00834c 01039393 slli             x7, x7, 0x10         x7=01740000  x7:00000174
14134838ns          232420 1c00834e 01f36fb3 or               x31, x6, x31        x31=0f0d0354  x6:0f0d0000 x31:00000354
14134857ns          232421 1c008352 00e50533 add              x10, x10, x14       x10=1c000920 x10:00000050 x14:1c0008d0
14134877ns          232422 1c008354 0150e333 or               x6, x1, x21          x6=02d10a02  x1:02d10000 x21:00000a02
14134897ns          232423 1c008358 0143eab3 or               x21, x7, x20        x21=01740b50  x7:01740000 x20:00000b50
14134917ns          232424 1c00835c 01012a03 lw               x20, 16(x2)         x20=00000778  x2:10000f98  PA:10000fa8
14135355ns          232446 1c00835e 00255503 lhu              x10, 2(x10)         x10=00000262 x10:1c000920  PA:1c000922
14135713ns          232464 1c008362 0107f833 and              x16, x15, x16       x16=0000087a x15:00000fff x16:0000087a
14135733ns          232465 1c008366 0187fc33 and              x24, x15, x24       x24=00000ca7 x15:00000fff x24:00000ca7
14135752ns          232466 1c00836a 00ee8eb3 add              x29, x29, x14       x29=1c000930 x29:00000060 x14:1c0008d0
14135772ns          232467 1c00836c 01081813 slli             x16, x16, 0x10      x16=087a0000 x16:0000087a
14136210ns          232489 1c00836e 01886833 or               x16, x16, x24       x16=087a0ca7 x16:087a0000 x24:00000ca7
14136230ns          232490 1c008372 01512423 sw               x21, 8(x2)          x21:01740b50  x2:10000f98  PA:10000fa0
14136250ns          232491 1c008374 0147fc33 and              x24, x15, x20       x24=00000778 x15:00000fff x20:00000778
14136270ns          232492 1c008378 002ede83 lhu              x29, 2(x29)         x29=00000c0c x29:1c000930  PA:1c000932
14136568ns          232507 1c00837c 01412a03 lw               x20, 20(x2)         x20=000000c1  x2:10000f98  PA:10000fac
14136727ns          232515 1c00837e 00c48893 addi             x17, x9, 12         x17=0000001c  x9:00000010
14136747ns          232516 1c008382 00f57533 and              x10, x10, x15       x10=00000262 x10:00000262 x15:00000fff
14136767ns          232517 1c008384 00f5f5b3 and              x11, x11, x15       x11=00000c74 x11:00000c74 x15:00000fff
14136787ns          232518 1c008386 0177fbb3 and              x23, x15, x23       x23=00000649 x15:00000fff x23:00000649
14136807ns          232519 1c00838a 0167fb33 and              x22, x15, x22       x22=00000657 x15:00000fff x22:00000657
14136826ns          232520 1c00838e 01112623 sw               x17, 12(x2)         x17:0000001c  x2:10000f98  PA:10000fa4
14137244ns          232541 1c008390 00289a93 slli             x21, x17, 0x2       x21=00000070 x17:0000001c
14137284ns          232543 1c008394 01051513 slli             x10, x10, 0x10      x10=02620000 x10:00000262
14137304ns          232544 1c008396 00d48893 addi             x17, x9, 13         x17=0000001d  x9:00000010
14137324ns          232545 1c00839a 01059593 slli             x11, x11, 0x10      x11=0c740000 x11:00000c74
14137343ns          232546 1c00839c 01756533 or               x10, x10, x23       x10=02620649 x10:02620000 x23:00000649
14137761ns          232567 1c0083a0 0165e5b3 or               x11, x11, x22       x11=0c740657 x11:0c740000 x22:00000657
14137801ns          232569 1c0083a4 0147fbb3 and              x23, x15, x20       x23=000000c1 x15:00000fff x20:000000c1
14137821ns          232570 1c0083a8 00289a13 slli             x20, x17, 0x2       x20=00000074 x17:0000001d
14137841ns          232571 1c0083ac 00e48893 addi             x17, x9, 14         x17=0000001e  x9:00000010
14138278ns          232593 1c0083b0 00b62a23 sw               x11, 20(x12)        x11:0c740657 x12:10004120  PA:10004134
14138318ns          232595 1c0083b2 0197fcb3 and              x25, x15, x25       x25=00000f4f x15:00000fff x25:00000f4f
14138338ns          232596 1c0083b6 00812583 lw               x11, 8(x2)          x11=01740b50  x2:10000f98  PA:10000fa0
14138358ns          232597 1c0083b8 00289093 slli             x1, x17, 0x2         x1=00000078 x17:0000001e
14138378ns          232598 1c0083bc 0009a883 lw               x17, 0(x19)         x17=10004100 x19:1c000dd0  PA:1c000dd0
14138835ns          232621 1c0083c0 00a48e13 addi             x28, x9, 10         x28=0000001a  x9:00000010
14138855ns          232622 1c0083c4 00f48293 addi             x5, x9, 15           x5=0000001f  x9:00000010
14138875ns          232623 1c0083c8 00b48393 addi             x7, x9, 11           x7=0000001b  x9:00000010
14138895ns          232624 1c0083cc 010c9c93 slli             x25, x25, 0x10      x25=0f4f0000 x25:00000f4f
14139332ns          232646 1c0083ce 01e7ff33 and              x30, x15, x30       x30=0000002c x15:00000fff x30:0000002c
14139372ns          232648 1c0083d2 01d7feb3 and              x29, x15, x29       x29=00000c0c x15:00000fff x29:00000c0c
14139392ns          232649 1c0083d6 01ecef33 or               x30, x25, x30       x30=0f4f002c x25:0f4f0000 x30:0000002c
14139412ns          232650 1c0083da 01a7fd33 and              x26, x15, x26       x26=00000ef4 x15:00000fff x26:00000ef4
14139849ns          232672 1c0083de 002e1c93 slli             x25, x28, 0x2       x25=00000068 x28:0000001a
14139889ns          232674 1c0083e2 00239b13 slli             x22, x7, 0x2        x22=0000006c  x7:0000001b
14139909ns          232675 1c0083e6 10068693 addi             x13, x13, 256       x13=00000120 x13:00000020
14139929ns          232676 1c0083ea 00229393 slli             x7, x5, 0x2          x7=0000007c  x5:0000001f
14139949ns          232677 1c0083ee 010e9e93 slli             x29, x29, 0x10      x29=0c0c0000 x29:00000c0c
14140366ns          232698 1c0083f0 011686b3 add              x13, x13, x17       x13=10004220 x13:00000120 x17:10004100
14140406ns          232700 1c0083f2 01b62023 sw               x27, 0(x12)         x27:08d200d0 x12:10004120  PA:10004120
14140426ns          232701 1c0083f6 01f62223 sw               x31, 4(x12)         x31:0f0d0354 x12:10004120  PA:10004124
14140446ns          232702 1c0083fa 01062423 sw               x16, 8(x12)         x16:087a0ca7 x12:10004120  PA:10004128
14140884ns          232724 1c0083fe 01e62623 sw               x30, 12(x12)        x30:0f4f002c x12:10004120  PA:1000412c
14140903ns          232725 1c008402 00a62823 sw               x10, 16(x12)        x10:02620649 x12:10004120  PA:10004130
14140923ns          232726 1c008404 00662c23 sw               x6, 24(x12)          x6:02d10a02 x12:10004120  PA:10004138
14140943ns          232727 1c008408 00b62e23 sw               x11, 28(x12)        x11:01740b50 x12:10004120  PA:1000413c
14140963ns          232728 1c00840a 00ec8cb3 add              x25, x25, x14       x25=1c000938 x25:00000068 x14:1c0008d0
14140983ns          232729 1c00840c 00eb0b33 add              x22, x22, x14       x22=1c00093c x22:0000006c x14:1c0008d0
14141003ns          232730 1c00840e 00ea8ab3 add              x21, x21, x14       x21=1c000940 x21:00000070 x14:1c0008d0
14141401ns          232750 1c008410 00ea0a33 add              x20, x20, x14       x20=1c000944 x20:00000074 x14:1c0008d0
14141421ns          232751 1c008412 00e080b3 add              x1, x1, x14          x1=1c000948  x1:00000078 x14:1c0008d0
14141440ns          232752 1c008414 018eeeb3 or               x29, x29, x24       x29=0c0c0778 x29:0c0c0000 x24:00000778
14141460ns          232753 1c008418 00e383b3 add              x7, x7, x14          x7=1c00094c  x7:0000007c x14:1c0008d0
14141480ns          232754 1c00841a 010d1d13 slli             x26, x26, 0x10      x26=0ef40000 x26:00000ef4
14141500ns          232755 1c00841c 002cdf83 lhu              x31, 2(x25)         x31=00000478 x25:1c000938  PA:1c00093a
14141938ns          232777 1c008420 002a5f03 lhu              x30, 2(x20)         x30=000007bc x20:1c000944  PA:1c000946
14142315ns          232796 1c008424 002b5803 lhu              x16, 2(x22)         x16=00000b29 x22:1c00093c  PA:1c00093e
14142852ns          232823 1c008428 002ad503 lhu              x10, 2(x21)         x10=000005ce x21:1c000940  PA:1c000942
14143250ns          232843 1c00842c 0020d603 lhu              x12, 2(x1)          x12=00000a9f  x1:1c000948  PA:1c00094a
14143648ns          232863 1c008430 017d6bb3 or               x23, x26, x23       x23=0ef400c1 x26:0ef40000 x23:000000c1
14143668ns          232864 1c008434 01d6a023 sw               x29, 0(x13)         x29:0c0c0778 x13:10004220  PA:10004220
14143688ns          232865 1c008438 001008b3 add              x17, x0, x1         x17=1c000948  x1:1c000948
14143708ns          232866 1c00843a 0023de83 lhu              x29, 2(x7)          x29=0000018e  x7:1c00094c  PA:1c00094e
14144185ns          232890 1c00843e 00700733 add              x14, x0, x7         x14=1c00094c  x7:1c00094c
14144205ns          232891 1c008440 00075283 lhu              x5, 0(x14)           x5=00000819 x14:1c00094c  PA:1c00094c
14144543ns          232908 1c008444 000b5083 lhu              x1, 0(x22)           x1=0000036f x22:1c00093c  PA:1c00093c
14144881ns          232925 1c008448 000ad383 lhu              x7, 0(x21)           x7=00000329 x21:1c000940  PA:1c000940
14145299ns          232946 1c00844c 000a5e03 lhu              x28, 0(x20)         x28=00000b75 x20:1c000944  PA:1c000944
14145716ns          232967 1c008450 0008d303 lhu              x6, 0(x17)           x6=0000079e x17:1c000948  PA:1c000948
14146054ns          232984 1c008454 0176a223 sw               x23, 4(x13)         x23:0ef400c1 x13:10004220  PA:10004224
14146074ns          232985 1c008458 000cdb83 lhu              x23, 0(x25)         x23=00000790 x25:1c000938  PA:1c000938
14146472ns          233005 1c00845c 01f7f8b3 and              x17, x15, x31       x17=00000478 x15:00000fff x31:00000478
14146492ns          233006 1c008460 01e7f5b3 and              x11, x15, x30       x11=000007bc x15:00000fff x30:000007bc
14146512ns          233007 1c008464 01d7f733 and              x14, x15, x29       x14=0000018e x15:00000fff x29:0000018e
14146532ns          233008 1c008468 0107f833 and              x16, x15, x16       x16=00000b29 x15:00000fff x16:00000b29
14146552ns          233009 1c00846c 00f57533 and              x10, x10, x15       x10=000005ce x10:000005ce x15:00000fff
14146572ns          233010 1c00846e 00f67633 and              x12, x12, x15       x12=00000a9f x12:00000a9f x15:00000fff
14147049ns          233034 1c008470 0017f0b3 and              x1, x15, x1          x1=0000036f x15:00000fff  x1:0000036f
14147089ns          233036 1c008474 0077f3b3 and              x7, x15, x7          x7=00000329 x15:00000fff  x7:00000329
14147108ns          233037 1c008478 01c7fe33 and              x28, x15, x28       x28=00000b75 x15:00000fff x28:00000b75
14147128ns          233038 1c00847c 0067f333 and              x6, x15, x6          x6=0000079e x15:00000fff  x6:0000079e
14147566ns          233060 1c008480 0177fbb3 and              x23, x15, x23       x23=00000790 x15:00000fff x23:00000790
14147606ns          233062 1c008484 01071713 slli             x14, x14, 0x10      x14=018e0000 x14:0000018e
14147626ns          233063 1c008486 0057f7b3 and              x15, x15, x5        x15=00000819 x15:00000fff  x5:00000819
14147645ns          233064 1c00848a 01089893 slli             x17, x17, 0x10      x17=04780000 x17:00000478
14147665ns          233065 1c00848c 01081813 slli             x16, x16, 0x10      x16=0b290000 x16:00000b29
14147685ns          233066 1c00848e 01051513 slli             x10, x10, 0x10      x10=05ce0000 x10:000005ce
14148103ns          233087 1c008490 01059593 slli             x11, x11, 0x10      x11=07bc0000 x11:000007bc
14148123ns          233088 1c008492 01061613 slli             x12, x12, 0x10      x12=0a9f0000 x12:00000a9f
14148143ns          233089 1c008494 00e7e7b3 or               x15, x15, x14       x15=018e0819 x15:00000819 x14:018e0000
14148163ns          233090 1c008496 0178e8b3 or               x17, x17, x23       x17=04780790 x17:04780000 x23:00000790
14148182ns          233091 1c00849a 00186833 or               x16, x16, x1        x16=0b29036f x16:0b290000  x1:0000036f
14148620ns          233113 1c00849e 00756533 or               x10, x10, x7        x10=05ce0329 x10:05ce0000  x7:00000329
14148660ns          233115 1c0084a2 01c5e5b3 or               x11, x11, x28       x11=07bc0b75 x11:07bc0000 x28:00000b75
14148680ns          233116 1c0084a6 00666633 or               x12, x12, x6        x12=0a9f079e x12:0a9f0000  x6:0000079e
14148700ns          233117 1c0084aa 00f6ae23 sw               x15, 28(x13)        x15:018e0819 x13:10004220  PA:1000423c
14148719ns          233118 1c0084ac 0116a423 sw               x17, 8(x13)         x17:04780790 x13:10004220  PA:10004228
14149137ns          233139 1c0084b0 0106a623 sw               x16, 12(x13)        x16:0b29036f x13:10004220  PA:1000422c
14149177ns          233141 1c0084b4 00a6a823 sw               x10, 16(x13)        x10:05ce0329 x13:10004220  PA:10004230
14149197ns          233142 1c0084b6 00b6aa23 sw               x11, 20(x13)        x11:07bc0b75 x13:10004220  PA:10004234
14149217ns          233143 1c0084b8 00c6ac23 sw               x12, 24(x13)        x12:0a9f079e x13:10004220  PA:10004238
14149237ns          233144 1c0084ba 4d3010ef jal              x1, 7378             x1=1c0084be
14149734ns          233169 1c00a18c f14027f3 csrrs            x15, x0, 0xf14      x15=00000001
14149813ns          233173 1c00a190 01f00713 addi             x14, x0, 31         x14=0000001f
14149853ns          233175 1c00a192 ca5797b3 p.extractu       x15, x15, 5, 5      x15=00000000 x15:00000001
14149873ns          233176 1c00a196 00e78863 beq              x15, x14, 16        x15:00000000 x14:0000001f
14149893ns          233177 1c00a19a 002047b7 lui              x15, 0x204000       x15=00204000
14149952ns          233180 1c00a19e 20078793 addi             x15, x15, 512       x15=00204200 x15:00204000
14149992ns          233182 1c00a1a2 01c7e703 p.elw            x14, 28(x15)        x14=00010000 x15:00204200  PA:0020421c
14150291ns          233197 1c00a1a6 00008067 jalr             x0, x1, 0            x1:1c0084be
14150350ns          233200 1c0084be 002007b7 lui              x15, 0x200000       x15=00200000
14150370ns          233201 1c0084c2 0187a703 lw               x14, 24(x15)        x14=00000000 x15:00200000  PA:00200018
14150470ns          233206 1c0084c4 00204a37 lui              x20, 0x204000       x20=00204000
14150489ns          233207 1c0084c8 020a0a13 addi             x20, x20, 32        x20=00204020 x20:00204000
14150509ns          233208 1c0084cc c0b74733 p.bset           x14, x14, 0, 11     x14=00000800 x14:00000000
14151046ns          233235 1c0084d0 00e7ac23 sw               x14, 24(x15)        x14:00000800 x15:00200000  PA:00200018
14151146ns          233240 1c0084d2 0187a703 lw               x14, 24(x15)        x14=00000800 x15:00200000  PA:00200018
14151285ns          233247 1c0084d4 012a0a33 add              x20, x20, x18       x20=00204021 x20:00204020 x18:00000001
14151305ns          233248 1c0084d6 007a1a13 slli             x20, x20, 0x7       x20=10201080 x20:00204021
14151325ns          233249 1c0084d8 c0874733 p.bset           x14, x14, 0, 8      x14=00000900 x14:00000800
14151345ns          233250 1c0084dc 00e7ac23 sw               x14, 24(x15)        x14:00000900 x15:00200000  PA:00200018
14151444ns          233255 1c0084de 0187a703 lw               x14, 24(x15)        x14=00000900 x15:00200000  PA:00200018
14151623ns          233264 1c0084e0 ce073733 p.bclr           x14, x14, 7, 0      x14=00000900 x14:00000900
14151643ns          233265 1c0084e4 00e7ac23 sw               x14, 24(x15)        x14:00000900 x15:00200000  PA:00200018
14151742ns          233270 1c0084e6 0187a703 lw               x14, 24(x15)        x14=00000900 x15:00200000  PA:00200018
14151921ns          233279 1c0084e8 c0374733 p.bset           x14, x14, 0, 3      x14=00000908 x14:00000900
14151941ns          233280 1c0084ec 00e7ac23 sw               x14, 24(x15)        x14:00000908 x15:00200000  PA:00200018
14152180ns          233292 1c0084ee 000a2a23 sw               x0, 20(x20)         x20:10201080  PA:10201094
14152319ns          233299 1c0084f2 004a2783 lw               x15, 4(x20)         x15=00000000 x20:10201080  PA:10201084
14152438ns          233305 1c0084f6 004a0613 addi             x12, x20, 4         x12=10201084 x20:10201080
14152458ns          233306 1c0084fa 0007dc63 bge              x15, x0, 24         x15:00000000
14153154ns          233341 1c008512 1c000537 lui              x10, 0x1c000000     x10=1c000000
14153174ns          233342 1c008516 04450513 addi             x10, x10, 68        x10=1c000044 x10:1c000000
14153194ns          233343 1c00851a f14025f3 csrrs            x11, x0, 0xf14      x11=00000001
14153632ns          233365 1c00851e f455b5b3 p.bclr           x11, x11, 26, 5     x11=00000001 x11:00000001
14153652ns          233366 1c008522 6d8000ef jal              x1, 1752             x1=1c008524
14153731ns          233370 1c008bfa fc010113 addi             x2, x2, -64          x2=10000f58  x2:10000f98
14153771ns          233372 1c008bfc 02410313 addi             x6, x2, 36           x6=10000f7c  x2:10000f58
14153831ns          233375 1c008c00 02c12423 sw               x12, 40(x2)         x12:10201084  x2:10000f58  PA:10000f80
14153851ns          233376 1c008c02 00a00633 add              x12, x0, x10        x12=1c000044 x10:1c000044
14153870ns          233377 1c008c04 1c009537 lui              x10, 0x1c009000     x10=1c009000
14153890ns          233378 1c008c08 02b12223 sw               x11, 36(x2)         x11:00000001  x2:10000f58  PA:10000f7c
14153910ns          233379 1c008c0a 02d12623 sw               x13, 44(x2)         x13:10004220  x2:10000f58  PA:10000f84
14153930ns          233380 1c008c0c 00200593 addi             x11, x0, 2          x11=00000002
14153950ns          233381 1c008c0e 006006b3 add              x13, x0, x6         x13=10000f7c  x6:10000f7c
14153970ns          233382 1c008c10 bb650513 addi             x10, x10, -1098     x10=1c008bb6 x10:1c009000
14154010ns          233384 1c008c14 00112e23 sw               x1, 28(x2)           x1:1c008524  x2:10000f58  PA:10000f74
14154030ns          233385 1c008c16 02e12823 sw               x14, 48(x2)         x14:00000908  x2:10000f58  PA:10000f88
14154049ns          233386 1c008c18 02f12a23 sw               x15, 52(x2)         x15:00000000  x2:10000f58  PA:10000f8c
14154069ns          233387 1c008c1a 03012c23 sw               x16, 56(x2)         x16:0b29036f  x2:10000f58  PA:10000f90
14154089ns          233388 1c008c1c 03112e23 sw               x17, 60(x2)         x17:04780790  x2:10000f58  PA:10000f94
14154109ns          233389 1c008c1e 00612623 sw               x6, 12(x2)           x6:10000f7c  x2:10000f58  PA:10000f64
14154129ns          233390 1c008c20 fbfff0ef jal              x1, -66              x1=1c008c22
14154686ns          233418 1c008bde 04a0006f jal              x0, 74             
14154726ns          233420 1c008c28 ec010113 addi             x2, x2, -320         x2=10000e18  x2:10000f58
14154745ns          233421 1c008c2a 13312623 sw               x19, 300(x2)        x19:1c000dd0  x2:10000e18  PA:10000f44
14154805ns          233424 1c008c2e 12112e23 sw               x1, 316(x2)          x1:1c008c22  x2:10000e18  PA:10000f54
14154845ns          233426 1c008c32 12812c23 sw               x8, 312(x2)          x8:00000017  x2:10000e18  PA:10000f50
14154865ns          233427 1c008c36 12912a23 sw               x9, 308(x2)          x9:00000010  x2:10000e18  PA:10000f4c
14154885ns          233428 1c008c3a 13212823 sw               x18, 304(x2)        x18:00000001  x2:10000e18  PA:10000f48
14154944ns          233431 1c008c3e 13412423 sw               x20, 296(x2)        x20:10201080  x2:10000e18  PA:10000f40
14154984ns          233433 1c008c42 13512223 sw               x21, 292(x2)        x21:1c000940  x2:10000e18  PA:10000f3c
14155004ns          233434 1c008c46 13612023 sw               x22, 288(x2)        x22:1c00093c  x2:10000e18  PA:10000f38
14155024ns          233435 1c008c4a 11712e23 sw               x23, 284(x2)        x23:00000790  x2:10000e18  PA:10000f34
14155084ns          233438 1c008c4e 11812c23 sw               x24, 280(x2)        x24:00000778  x2:10000e18  PA:10000f30
14155123ns          233440 1c008c52 11912a23 sw               x25, 276(x2)        x25:1c000938  x2:10000e18  PA:10000f2c
14155143ns          233441 1c008c56 11a12823 sw               x26, 272(x2)        x26:0ef40000  x2:10000e18  PA:10000f28
14155163ns          233442 1c008c5a 11b12623 sw               x27, 268(x2)        x27:08d200d0  x2:10000e18  PA:10000f24
14155183ns          233443 1c008c5e 00c009b3 add              x19, x0, x12        x19=1c000044 x12:1c000044
14155581ns          233463 1c008c60 0019c78b p.lbu            x15, 1(x19!)        x15=00000045 x19=1c000045 x19:1c000044  PA:1c000044
14156158ns          233492 1c008c64 00d12c23 sw               x13, 24(x2)         x13:10000f7c  x2:10000e18  PA:10000e30
14156177ns          233493 1c008c66 6a0788e3 beq              x15, x0, 3760       x15:00000045
14156197ns          233494 1c008c6a 1c000737 lui              x14, 0x1c000000     x14=1c000000
14156217ns          233495 1c008c6e 0c472703 lw               x14, 196(x14)       x14=20202020 x14:1c000000  PA:1c0000c4
14156516ns          233510 1c008c72 03410d93 addi             x27, x2, 52         x27=10000e4c  x2:10000e18
14156535ns          233511 1c008c76 00a00cb3 add              x25, x0, x10        x25=1c008bb6 x10:1c008bb6
14156555ns          233512 1c008c78 02e12023 sw               x14, 32(x2)         x14:20202020  x2:10000e18  PA:10000e38
14156575ns          233513 1c008c7a 03610713 addi             x14, x2, 54         x14=10000e4e  x2:10000e18
14156595ns          233514 1c008c7e fff74713 xori             x14, x14, -1        x14=effff1b1 x14:10000e4e
14156615ns          233515 1c008c82 02e12223 sw               x14, 36(x2)         x14:effff1b1  x2:10000e18  PA:10000e3c
14156635ns          233516 1c008c84 fffdc713 xori             x14, x27, -1        x14=effff1b3 x27:10000e4c
14156655ns          233517 1c008c88 00b004b3 add              x9, x0, x11          x9=00000002 x11:00000002
14156675ns          233518 1c008c8a 00000413 addi             x8, x0, 0            x8=00000000
14156695ns          233519 1c008c8c 1c000d37 lui              x26, 0x1c000000     x26=1c000000
14156734ns          233521 1c008c90 02e12423 sw               x14, 40(x2)         x14:effff1b3  x2:10000e18  PA:10000e40
14156774ns          233523 1c008c92 01300a33 add              x20, x0, x19        x20=1c000045 x19:1c000045
14156794ns          233524 1c008c94 00f00533 add              x10, x0, x15        x10=00000045 x15:00000045
14156814ns          233525 1c008c96 02500793 addi             x15, x0, 37         x15=00000025
14156834ns          233526 1c008c9a 04f50763 beq              x10, x15, 78        x10:00000045 x15:00000025
14156854ns          233527 1c008c9e 009005b3 add              x11, x0, x9         x11=00000002  x9:00000002
14156874ns          233528 1c008ca0 000c80e7 jalr             x1, x25, 0           x1=1c008ca2 x25:1c008bb6
14156953ns          233532 1c008bb6 000026b7 lui              x13, 0x2000         x13=00002000
14156993ns          233534 1c008bb8 f8068693 addi             x13, x13, -128      x13=00001f80 x13:00002000
14157013ns          233535 1c008bbc f14027f3 csrrs            x15, x0, 0xf14      x15=00000001
14157072ns          233538 1c008bc0 00379713 slli             x14, x15, 0x3       x14=00000008 x15:00000001
14157112ns          233540 1c008bc4 00279793 slli             x15, x15, 0x2       x15=00000004 x15:00000001
14157132ns          233541 1c008bc6 00d7f7b3 and              x15, x15, x13       x15=00000000 x15:00000004 x13:00001f80
14157152ns          233542 1c008bc8 ee873733 p.bclr           x14, x14, 23, 8     x14=00000008 x14:00000008
14157172ns          233543 1c008bcc 1a10f6b7 lui              x13, 0x1a10f000     x13=1a10f000
14157212ns          233545 1c008bd0 00d70733 add              x14, x14, x13       x14=1a10f008 x14:00000008 x13:1a10f000
14157231ns          233546 1c008bd2 00e787b3 add              x15, x15, x14       x15=1a10f008 x15:00000000 x14:1a10f008
14157251ns          233547 1c008bd4 0ff57513 andi             x10, x10, 255       x10=00000045 x10:00000045
14157271ns          233548 1c008bd8 00a7a023 sw               x10, 0(x15)         x10:00000045 x15:1a10f008  PA:1a10f008
14157888ns          233579 1c008bda 00000513 addi             x10, x0, 0          x10=00000000
14157908ns          233580 1c008bdc 00008067 jalr             x0, x1, 0            x1:1c008ca2
14157967ns          233583 1c008ca2 4df52863 p.beqimm         x10, 1232           x10:00000000
14157987ns          233584 1c008ca6 00140413 addi             x8, x8, 1            x8=00000001  x8:00000000
14158007ns          233585 1c008ca8 001a450b p.lbu            x10, 1(x20!)        x10=0000006e x20=1c000046 x20:1c000045  PA:1c000045
14158325ns          233601 1c008cac fe0515e3 bne              x10, x0, -22        x10:0000006e
14158405ns          233605 1c008c96 02500793 addi             x15, x0, 37         x15=00000025
14158425ns          233606 1c008c9a 04f50763 beq              x10, x15, 78        x10:0000006e x15:00000025
14158445ns          233607 1c008c9e 009005b3 add              x11, x0, x9         x11=00000002  x9:00000002
14158465ns          233608 1c008ca0 000c80e7 jalr             x1, x25, 0           x1=1c008ca2 x25:1c008bb6
14158504ns          233610 1c008bb6 000026b7 lui              x13, 0x2000         x13=00002000
14158524ns          233611 1c008bb8 f8068693 addi             x13, x13, -128      x13=00001f80 x13:00002000
14158544ns          233612 1c008bbc f14027f3 csrrs            x15, x0, 0xf14      x15=00000001
14158564ns          233613 1c008bc0 00379713 slli             x14, x15, 0x3       x14=00000008 x15:00000001
14158584ns          233614 1c008bc4 00279793 slli             x15, x15, 0x2       x15=00000004 x15:00000001
14158604ns          233615 1c008bc6 00d7f7b3 and              x15, x15, x13       x15=00000000 x15:00000004 x13:00001f80
14158624ns          233616 1c008bc8 ee873733 p.bclr           x14, x14, 23, 8     x14=00000008 x14:00000008
14158644ns          233617 1c008bcc 1a10f6b7 lui              x13, 0x1a10f000     x13=1a10f000
14158663ns          233618 1c008bd0 00d70733 add              x14, x14, x13       x14=1a10f008 x14:00000008 x13:1a10f000
14158683ns          233619 1c008bd2 00e787b3 add              x15, x15, x14       x15=1a10f008 x15:00000000 x14:1a10f008
14158703ns          233620 1c008bd4 0ff57513 andi             x10, x10, 255       x10=0000006e x10:0000006e
14158723ns          233621 1c008bd8 00a7a023 sw               x10, 0(x15)         x10:0000006e x15:1a10f008  PA:1a10f008
14159181ns          233644 1c008bda 00000513 addi             x10, x0, 0          x10=00000000
14159200ns          233645 1c008bdc 00008067 jalr             x0, x1, 0            x1:1c008ca2
14159260ns          233648 1c008ca2 4df52863 p.beqimm         x10, 1232           x10:00000000
14159280ns          233649 1c008ca6 00140413 addi             x8, x8, 1            x8=00000002  x8:00000001
14159300ns          233650 1c008ca8 001a450b p.lbu            x10, 1(x20!)        x10=00000074 x20=1c000047 x20:1c000046  PA:1c000046
14159618ns          233666 1c008cac fe0515e3 bne              x10, x0, -22        x10:00000074
14159698ns          233670 1c008c96 02500793 addi             x15, x0, 37         x15=00000025
14159717ns          233671 1c008c9a 04f50763 beq              x10, x15, 78        x10:00000074 x15:00000025
14159737ns          233672 1c008c9e 009005b3 add              x11, x0, x9         x11=00000002  x9:00000002
14159757ns          233673 1c008ca0 000c80e7 jalr             x1, x25, 0           x1=1c008ca2 x25:1c008bb6
14159797ns          233675 1c008bb6 000026b7 lui              x13, 0x2000         x13=00002000
14159817ns          233676 1c008bb8 f8068693 addi             x13, x13, -128      x13=00001f80 x13:00002000
14159837ns          233677 1c008bbc f14027f3 csrrs            x15, x0, 0xf14      x15=00000001
14159857ns          233678 1c008bc0 00379713 slli             x14, x15, 0x3       x14=00000008 x15:00000001
14159877ns          233679 1c008bc4 00279793 slli             x15, x15, 0x2       x15=00000004 x15:00000001
14159896ns          233680 1c008bc6 00d7f7b3 and              x15, x15, x13       x15=00000000 x15:00000004 x13:00001f80
14159916ns          233681 1c008bc8 ee873733 p.bclr           x14, x14, 23, 8     x14=00000008 x14:00000008
14159936ns          233682 1c008bcc 1a10f6b7 lui              x13, 0x1a10f000     x13=1a10f000
14159956ns          233683 1c008bd0 00d70733 add              x14, x14, x13       x14=1a10f008 x14:00000008 x13:1a10f000
14159976ns          233684 1c008bd2 00e787b3 add              x15, x15, x14       x15=1a10f008 x15:00000000 x14:1a10f008
14159996ns          233685 1c008bd4 0ff57513 andi             x10, x10, 255       x10=00000074 x10:00000074
14160016ns          233686 1c008bd8 00a7a023 sw               x10, 0(x15)         x10:00000074 x15:1a10f008  PA:1a10f008
14160354ns          233703 1c008bda 00000513 addi             x10, x0, 0          x10=00000000
14160374ns          233704 1c008bdc 00008067 jalr             x0, x1, 0            x1:1c008ca2
14160433ns          233707 1c008ca2 4df52863 p.beqimm         x10, 1232           x10:00000000
14160453ns          233708 1c008ca6 00140413 addi             x8, x8, 1            x8=00000003  x8:00000002
14160473ns          233709 1c008ca8 001a450b p.lbu            x10, 1(x20!)        x10=00000065 x20=1c000048 x20:1c000047  PA:1c000047
14160791ns          233725 1c008cac fe0515e3 bne              x10, x0, -22        x10:00000065
14160871ns          233729 1c008c96 02500793 addi             x15, x0, 37         x15=00000025
14160891ns          233730 1c008c9a 04f50763 beq              x10, x15, 78        x10:00000065 x15:00000025
14160911ns          233731 1c008c9e 009005b3 add              x11, x0, x9         x11=00000002  x9:00000002
14160931ns          233732 1c008ca0 000c80e7 jalr             x1, x25, 0           x1=1c008ca2 x25:1c008bb6
14160970ns          233734 1c008bb6 000026b7 lui              x13, 0x2000         x13=00002000
14160990ns          233735 1c008bb8 f8068693 addi             x13, x13, -128      x13=00001f80 x13:00002000
14161010ns          233736 1c008bbc f14027f3 csrrs            x15, x0, 0xf14      x15=00000001
14161030ns          233737 1c008bc0 00379713 slli             x14, x15, 0x3       x14=00000008 x15:00000001
14161050ns          233738 1c008bc4 00279793 slli             x15, x15, 0x2       x15=00000004 x15:00000001
14161070ns          233739 1c008bc6 00d7f7b3 and              x15, x15, x13       x15=00000000 x15:00000004 x13:00001f80
14161090ns          233740 1c008bc8 ee873733 p.bclr           x14, x14, 23, 8     x14=00000008 x14:00000008
14161110ns          233741 1c008bcc 1a10f6b7 lui              x13, 0x1a10f000     x13=1a10f000
14161130ns          233742 1c008bd0 00d70733 add              x14, x14, x13       x14=1a10f008 x14:00000008 x13:1a10f000
14161149ns          233743 1c008bd2 00e787b3 add              x15, x15, x14       x15=1a10f008 x15:00000000 x14:1a10f008
14161169ns          233744 1c008bd4 0ff57513 andi             x10, x10, 255       x10=00000065 x10:00000065
14161189ns          233745 1c008bd8 00a7a023 sw               x10, 0(x15)         x10:00000065 x15:1a10f008  PA:1a10f008
14161547ns          233763 1c008bda 00000513 addi             x10, x0, 0          x10=00000000
14161567ns          233764 1c008bdc 00008067 jalr             x0, x1, 0            x1:1c008ca2
14161627ns          233767 1c008ca2 4df52863 p.beqimm         x10, 1232           x10:00000000
14161647ns          233768 1c008ca6 00140413 addi             x8, x8, 1            x8=00000004  x8:00000003
14161667ns          233769 1c008ca8 001a450b p.lbu            x10, 1(x20!)        x10=00000072 x20=1c000049 x20:1c000048  PA:1c000048
14161985ns          233785 1c008cac fe0515e3 bne              x10, x0, -22        x10:00000072
14162064ns          233789 1c008c96 02500793 addi             x15, x0, 37         x15=00000025
14162084ns          233790 1c008c9a 04f50763 beq              x10, x15, 78        x10:00000072 x15:00000025
14162104ns          233791 1c008c9e 009005b3 add              x11, x0, x9         x11=00000002  x9:00000002
14162124ns          233792 1c008ca0 000c80e7 jalr             x1, x25, 0           x1=1c008ca2 x25:1c008bb6
14162164ns          233794 1c008bb6 000026b7 lui              x13, 0x2000         x13=00002000
14162184ns          233795 1c008bb8 f8068693 addi             x13, x13, -128      x13=00001f80 x13:00002000
14162203ns          233796 1c008bbc f14027f3 csrrs            x15, x0, 0xf14      x15=00000001
14162223ns          233797 1c008bc0 00379713 slli             x14, x15, 0x3       x14=00000008 x15:00000001
14162243ns          233798 1c008bc4 00279793 slli             x15, x15, 0x2       x15=00000004 x15:00000001
14162263ns          233799 1c008bc6 00d7f7b3 and              x15, x15, x13       x15=00000000 x15:00000004 x13:00001f80
14162283ns          233800 1c008bc8 ee873733 p.bclr           x14, x14, 23, 8     x14=00000008 x14:00000008
14162303ns          233801 1c008bcc 1a10f6b7 lui              x13, 0x1a10f000     x13=1a10f000
14162323ns          233802 1c008bd0 00d70733 add              x14, x14, x13       x14=1a10f008 x14:00000008 x13:1a10f000
14162343ns          233803 1c008bd2 00e787b3 add              x15, x15, x14       x15=1a10f008 x15:00000000 x14:1a10f008
14162363ns          233804 1c008bd4 0ff57513 andi             x10, x10, 255       x10=00000072 x10:00000072
14162382ns          233805 1c008bd8 00a7a023 sw               x10, 0(x15)         x10:00000072 x15:1a10f008  PA:1a10f008
14162740ns          233823 1c008bda 00000513 addi             x10, x0, 0          x10=00000000
14162760ns          233824 1c008bdc 00008067 jalr             x0, x1, 0            x1:1c008ca2
14162820ns          233827 1c008ca2 4df52863 p.beqimm         x10, 1232           x10:00000000
14162840ns          233828 1c008ca6 00140413 addi             x8, x8, 1            x8=00000005  x8:00000004
14162860ns          233829 1c008ca8 001a450b p.lbu            x10, 1(x20!)        x10=00000065 x20=1c00004a x20:1c000049  PA:1c000049
14163178ns          233845 1c008cac fe0515e3 bne              x10, x0, -22        x10:00000065
14163258ns          233849 1c008c96 02500793 addi             x15, x0, 37         x15=00000025
14163277ns          233850 1c008c9a 04f50763 beq              x10, x15, 78        x10:00000065 x15:00000025
14163297ns          233851 1c008c9e 009005b3 add              x11, x0, x9         x11=00000002  x9:00000002
14163317ns          233852 1c008ca0 000c80e7 jalr             x1, x25, 0           x1=1c008ca2 x25:1c008bb6
14163357ns          233854 1c008bb6 000026b7 lui              x13, 0x2000         x13=00002000
14163377ns          233855 1c008bb8 f8068693 addi             x13, x13, -128      x13=00001f80 x13:00002000
14163397ns          233856 1c008bbc f14027f3 csrrs            x15, x0, 0xf14      x15=00000001
14163417ns          233857 1c008bc0 00379713 slli             x14, x15, 0x3       x14=00000008 x15:00000001
14163437ns          233858 1c008bc4 00279793 slli             x15, x15, 0x2       x15=00000004 x15:00000001
14163456ns          233859 1c008bc6 00d7f7b3 and              x15, x15, x13       x15=00000000 x15:00000004 x13:00001f80
14163476ns          233860 1c008bc8 ee873733 p.bclr           x14, x14, 23, 8     x14=00000008 x14:00000008
14163496ns          233861 1c008bcc 1a10f6b7 lui              x13, 0x1a10f000     x13=1a10f000
14163516ns          233862 1c008bd0 00d70733 add              x14, x14, x13       x14=1a10f008 x14:00000008 x13:1a10f000
14163536ns          233863 1c008bd2 00e787b3 add              x15, x15, x14       x15=1a10f008 x15:00000000 x14:1a10f008
14163556ns          233864 1c008bd4 0ff57513 andi             x10, x10, 255       x10=00000065 x10:00000065
14163576ns          233865 1c008bd8 00a7a023 sw               x10, 0(x15)         x10:00000065 x15:1a10f008  PA:1a10f008
14163934ns          233883 1c008bda 00000513 addi             x10, x0, 0          x10=00000000
14163954ns          233884 1c008bdc 00008067 jalr             x0, x1, 0            x1:1c008ca2
14164013ns          233887 1c008ca2 4df52863 p.beqimm         x10, 1232           x10:00000000
14164033ns          233888 1c008ca6 00140413 addi             x8, x8, 1            x8=00000006  x8:00000005
14164053ns          233889 1c008ca8 001a450b p.lbu            x10, 1(x20!)        x10=00000064 x20=1c00004b x20:1c00004a  PA:1c00004a
14164371ns          233905 1c008cac fe0515e3 bne              x10, x0, -22        x10:00000064
14164451ns          233909 1c008c96 02500793 addi             x15, x0, 37         x15=00000025
14164471ns          233910 1c008c9a 04f50763 beq              x10, x15, 78        x10:00000064 x15:00000025
14164491ns          233911 1c008c9e 009005b3 add              x11, x0, x9         x11=00000002  x9:00000002
14164510ns          233912 1c008ca0 000c80e7 jalr             x1, x25, 0           x1=1c008ca2 x25:1c008bb6
14164550ns          233914 1c008bb6 000026b7 lui              x13, 0x2000         x13=00002000
14164570ns          233915 1c008bb8 f8068693 addi             x13, x13, -128      x13=00001f80 x13:00002000
14164590ns          233916 1c008bbc f14027f3 csrrs            x15, x0, 0xf14      x15=00000001
14164610ns          233917 1c008bc0 00379713 slli             x14, x15, 0x3       x14=00000008 x15:00000001
14164630ns          233918 1c008bc4 00279793 slli             x15, x15, 0x2       x15=00000004 x15:00000001
14164650ns          233919 1c008bc6 00d7f7b3 and              x15, x15, x13       x15=00000000 x15:00000004 x13:00001f80
14164670ns          233920 1c008bc8 ee873733 p.bclr           x14, x14, 23, 8     x14=00000008 x14:00000008
14164689ns          233921 1c008bcc 1a10f6b7 lui              x13, 0x1a10f000     x13=1a10f000
14164709ns          233922 1c008bd0 00d70733 add              x14, x14, x13       x14=1a10f008 x14:00000008 x13:1a10f000
14164729ns          233923 1c008bd2 00e787b3 add              x15, x15, x14       x15=1a10f008 x15:00000000 x14:1a10f008
14164749ns          233924 1c008bd4 0ff57513 andi             x10, x10, 255       x10=00000064 x10:00000064
14164769ns          233925 1c008bd8 00a7a023 sw               x10, 0(x15)         x10:00000064 x15:1a10f008  PA:1a10f008
14165087ns          233941 1c008bda 00000513 addi             x10, x0, 0          x10=00000000
14165107ns          233942 1c008bdc 00008067 jalr             x0, x1, 0            x1:1c008ca2
14165167ns          233945 1c008ca2 4df52863 p.beqimm         x10, 1232           x10:00000000
14165187ns          233946 1c008ca6 00140413 addi             x8, x8, 1            x8=00000007  x8:00000006
14165207ns          233947 1c008ca8 001a450b p.lbu            x10, 1(x20!)        x10=00000020 x20=1c00004c x20:1c00004b  PA:1c00004b
14165525ns          233963 1c008cac fe0515e3 bne              x10, x0, -22        x10:00000020
14165604ns          233967 1c008c96 02500793 addi             x15, x0, 37         x15=00000025
14165624ns          233968 1c008c9a 04f50763 beq              x10, x15, 78        x10:00000020 x15:00000025
14165644ns          233969 1c008c9e 009005b3 add              x11, x0, x9         x11=00000002  x9:00000002
14165664ns          233970 1c008ca0 000c80e7 jalr             x1, x25, 0           x1=1c008ca2 x25:1c008bb6
14165704ns          233972 1c008bb6 000026b7 lui              x13, 0x2000         x13=00002000
14165724ns          233973 1c008bb8 f8068693 addi             x13, x13, -128      x13=00001f80 x13:00002000
14165744ns          233974 1c008bbc f14027f3 csrrs            x15, x0, 0xf14      x15=00000001
14165763ns          233975 1c008bc0 00379713 slli             x14, x15, 0x3       x14=00000008 x15:00000001
14165783ns          233976 1c008bc4 00279793 slli             x15, x15, 0x2       x15=00000004 x15:00000001
14165803ns          233977 1c008bc6 00d7f7b3 and              x15, x15, x13       x15=00000000 x15:00000004 x13:00001f80
14165823ns          233978 1c008bc8 ee873733 p.bclr           x14, x14, 23, 8     x14=00000008 x14:00000008
14165843ns          233979 1c008bcc 1a10f6b7 lui              x13, 0x1a10f000     x13=1a10f000
14165863ns          233980 1c008bd0 00d70733 add              x14, x14, x13       x14=1a10f008 x14:00000008 x13:1a10f000
14165883ns          233981 1c008bd2 00e787b3 add              x15, x15, x14       x15=1a10f008 x15:00000000 x14:1a10f008
14165903ns          233982 1c008bd4 0ff57513 andi             x10, x10, 255       x10=00000020 x10:00000020
14165923ns          233983 1c008bd8 00a7a023 sw               x10, 0(x15)         x10:00000020 x15:1a10f008  PA:1a10f008
14166281ns          234001 1c008bda 00000513 addi             x10, x0, 0          x10=00000000
14166300ns          234002 1c008bdc 00008067 jalr             x0, x1, 0            x1:1c008ca2
14166360ns          234005 1c008ca2 4df52863 p.beqimm         x10, 1232           x10:00000000
14166380ns          234006 1c008ca6 00140413 addi             x8, x8, 1            x8=00000008  x8:00000007
14166400ns          234007 1c008ca8 001a450b p.lbu            x10, 1(x20!)        x10=00000063 x20=1c00004d x20:1c00004c  PA:1c00004c
14166718ns          234023 1c008cac fe0515e3 bne              x10, x0, -22        x10:00000063
14166798ns          234027 1c008c96 02500793 addi             x15, x0, 37         x15=00000025
14166818ns          234028 1c008c9a 04f50763 beq              x10, x15, 78        x10:00000063 x15:00000025
14166837ns          234029 1c008c9e 009005b3 add              x11, x0, x9         x11=00000002  x9:00000002
14166857ns          234030 1c008ca0 000c80e7 jalr             x1, x25, 0           x1=1c008ca2 x25:1c008bb6
14166897ns          234032 1c008bb6 000026b7 lui              x13, 0x2000         x13=00002000
14166917ns          234033 1c008bb8 f8068693 addi             x13, x13, -128      x13=00001f80 x13:00002000
14166937ns          234034 1c008bbc f14027f3 csrrs            x15, x0, 0xf14      x15=00000001
14166957ns          234035 1c008bc0 00379713 slli             x14, x15, 0x3       x14=00000008 x15:00000001
14166977ns          234036 1c008bc4 00279793 slli             x15, x15, 0x2       x15=00000004 x15:00000001
14166996ns          234037 1c008bc6 00d7f7b3 and              x15, x15, x13       x15=00000000 x15:00000004 x13:00001f80
14167016ns          234038 1c008bc8 ee873733 p.bclr           x14, x14, 23, 8     x14=00000008 x14:00000008
14167036ns          234039 1c008bcc 1a10f6b7 lui              x13, 0x1a10f000     x13=1a10f000
14167056ns          234040 1c008bd0 00d70733 add              x14, x14, x13       x14=1a10f008 x14:00000008 x13:1a10f000
14167076ns          234041 1c008bd2 00e787b3 add              x15, x15, x14       x15=1a10f008 x15:00000000 x14:1a10f008
14167096ns          234042 1c008bd4 0ff57513 andi             x10, x10, 255       x10=00000063 x10:00000063
14167116ns          234043 1c008bd8 00a7a023 sw               x10, 0(x15)         x10:00000063 x15:1a10f008  PA:1a10f008
14167454ns          234060 1c008bda 00000513 addi             x10, x0, 0          x10=00000000
14167474ns          234061 1c008bdc 00008067 jalr             x0, x1, 0            x1:1c008ca2
14167533ns          234064 1c008ca2 4df52863 p.beqimm         x10, 1232           x10:00000000
14167553ns          234065 1c008ca6 00140413 addi             x8, x8, 1            x8=00000009  x8:00000008
14167573ns          234066 1c008ca8 001a450b p.lbu            x10, 1(x20!)        x10=0000006f x20=1c00004e x20:1c00004d  PA:1c00004d
14167911ns          234083 1c008cac fe0515e3 bne              x10, x0, -22        x10:0000006f
14167991ns          234087 1c008c96 02500793 addi             x15, x0, 37         x15=00000025
14168011ns          234088 1c008c9a 04f50763 beq              x10, x15, 78        x10:0000006f x15:00000025
14168031ns          234089 1c008c9e 009005b3 add              x11, x0, x9         x11=00000002  x9:00000002
14168051ns          234090 1c008ca0 000c80e7 jalr             x1, x25, 0           x1=1c008ca2 x25:1c008bb6
14168090ns          234092 1c008bb6 000026b7 lui              x13, 0x2000         x13=00002000
14168110ns          234093 1c008bb8 f8068693 addi             x13, x13, -128      x13=00001f80 x13:00002000
14168130ns          234094 1c008bbc f14027f3 csrrs            x15, x0, 0xf14      x15=00000001
14168150ns          234095 1c008bc0 00379713 slli             x14, x15, 0x3       x14=00000008 x15:00000001
14168170ns          234096 1c008bc4 00279793 slli             x15, x15, 0x2       x15=00000004 x15:00000001
14168190ns          234097 1c008bc6 00d7f7b3 and              x15, x15, x13       x15=00000000 x15:00000004 x13:00001f80
14168210ns          234098 1c008bc8 ee873733 p.bclr           x14, x14, 23, 8     x14=00000008 x14:00000008
14168230ns          234099 1c008bcc 1a10f6b7 lui              x13, 0x1a10f000     x13=1a10f000
14168249ns          234100 1c008bd0 00d70733 add              x14, x14, x13       x14=1a10f008 x14:00000008 x13:1a10f000
14168269ns          234101 1c008bd2 00e787b3 add              x15, x15, x14       x15=1a10f008 x15:00000000 x14:1a10f008
14168289ns          234102 1c008bd4 0ff57513 andi             x10, x10, 255       x10=0000006f x10:0000006f
14168309ns          234103 1c008bd8 00a7a023 sw               x10, 0(x15)         x10:0000006f x15:1a10f008  PA:1a10f008
14168627ns          234119 1c008bda 00000513 addi             x10, x0, 0          x10=00000000
14168647ns          234120 1c008bdc 00008067 jalr             x0, x1, 0            x1:1c008ca2
14168707ns          234123 1c008ca2 4df52863 p.beqimm         x10, 1232           x10:00000000
14168727ns          234124 1c008ca6 00140413 addi             x8, x8, 1            x8=0000000a  x8:00000009
14168747ns          234125 1c008ca8 001a450b p.lbu            x10, 1(x20!)        x10=00000072 x20=1c00004f x20:1c00004e  PA:1c00004e
14169065ns          234141 1c008cac fe0515e3 bne              x10, x0, -22        x10:00000072
14169144ns          234145 1c008c96 02500793 addi             x15, x0, 37         x15=00000025
14169164ns          234146 1c008c9a 04f50763 beq              x10, x15, 78        x10:00000072 x15:00000025
14169184ns          234147 1c008c9e 009005b3 add              x11, x0, x9         x11=00000002  x9:00000002
14169204ns          234148 1c008ca0 000c80e7 jalr             x1, x25, 0           x1=1c008ca2 x25:1c008bb6
14169244ns          234150 1c008bb6 000026b7 lui              x13, 0x2000         x13=00002000
14169264ns          234151 1c008bb8 f8068693 addi             x13, x13, -128      x13=00001f80 x13:00002000
14169284ns          234152 1c008bbc f14027f3 csrrs            x15, x0, 0xf14      x15=00000001
14169304ns          234153 1c008bc0 00379713 slli             x14, x15, 0x3       x14=00000008 x15:00000001
14169323ns          234154 1c008bc4 00279793 slli             x15, x15, 0x2       x15=00000004 x15:00000001
14169343ns          234155 1c008bc6 00d7f7b3 and              x15, x15, x13       x15=00000000 x15:00000004 x13:00001f80
14169363ns          234156 1c008bc8 ee873733 p.bclr           x14, x14, 23, 8     x14=00000008 x14:00000008
14169383ns          234157 1c008bcc 1a10f6b7 lui              x13, 0x1a10f000     x13=1a10f000
14169403ns          234158 1c008bd0 00d70733 add              x14, x14, x13       x14=1a10f008 x14:00000008 x13:1a10f000
14169423ns          234159 1c008bd2 00e787b3 add              x15, x15, x14       x15=1a10f008 x15:00000000 x14:1a10f008
14169443ns          234160 1c008bd4 0ff57513 andi             x10, x10, 255       x10=00000072 x10:00000072
14169463ns          234161 1c008bd8 00a7a023 sw               x10, 0(x15)         x10:00000072 x15:1a10f008  PA:1a10f008
14169781ns          234177 1c008bda 00000513 addi             x10, x0, 0          x10=00000000
14169801ns          234178 1c008bdc 00008067 jalr             x0, x1, 0            x1:1c008ca2
14169860ns          234181 1c008ca2 4df52863 p.beqimm         x10, 1232           x10:00000000
14169880ns          234182 1c008ca6 00140413 addi             x8, x8, 1            x8=0000000b  x8:0000000a
14169900ns          234183 1c008ca8 001a450b p.lbu            x10, 1(x20!)        x10=00000065 x20=1c000050 x20:1c00004f  PA:1c00004f
14170218ns          234199 1c008cac fe0515e3 bne              x10, x0, -22        x10:00000065
14170298ns          234203 1c008c96 02500793 addi             x15, x0, 37         x15=00000025
14170318ns          234204 1c008c9a 04f50763 beq              x10, x15, 78        x10:00000065 x15:00000025
14170338ns          234205 1c008c9e 009005b3 add              x11, x0, x9         x11=00000002  x9:00000002
14170358ns          234206 1c008ca0 000c80e7 jalr             x1, x25, 0           x1=1c008ca2 x25:1c008bb6
14170397ns          234208 1c008bb6 000026b7 lui              x13, 0x2000         x13=00002000
14170417ns          234209 1c008bb8 f8068693 addi             x13, x13, -128      x13=00001f80 x13:00002000
14170437ns          234210 1c008bbc f14027f3 csrrs            x15, x0, 0xf14      x15=00000001
14170457ns          234211 1c008bc0 00379713 slli             x14, x15, 0x3       x14=00000008 x15:00000001
14170477ns          234212 1c008bc4 00279793 slli             x15, x15, 0x2       x15=00000004 x15:00000001
14170497ns          234213 1c008bc6 00d7f7b3 and              x15, x15, x13       x15=00000000 x15:00000004 x13:00001f80
14170517ns          234214 1c008bc8 ee873733 p.bclr           x14, x14, 23, 8     x14=00000008 x14:00000008
14170537ns          234215 1c008bcc 1a10f6b7 lui              x13, 0x1a10f000     x13=1a10f000
14170556ns          234216 1c008bd0 00d70733 add              x14, x14, x13       x14=1a10f008 x14:00000008 x13:1a10f000
14170576ns          234217 1c008bd2 00e787b3 add              x15, x15, x14       x15=1a10f008 x15:00000000 x14:1a10f008
14170596ns          234218 1c008bd4 0ff57513 andi             x10, x10, 255       x10=00000065 x10:00000065
14170616ns          234219 1c008bd8 00a7a023 sw               x10, 0(x15)         x10:00000065 x15:1a10f008  PA:1a10f008
14170934ns          234235 1c008bda 00000513 addi             x10, x0, 0          x10=00000000
14170954ns          234236 1c008bdc 00008067 jalr             x0, x1, 0            x1:1c008ca2
14171014ns          234239 1c008ca2 4df52863 p.beqimm         x10, 1232           x10:00000000
14171034ns          234240 1c008ca6 00140413 addi             x8, x8, 1            x8=0000000c  x8:0000000b
14171054ns          234241 1c008ca8 001a450b p.lbu            x10, 1(x20!)        x10=00000020 x20=1c000051 x20:1c000050  PA:1c000050
14171372ns          234257 1c008cac fe0515e3 bne              x10, x0, -22        x10:00000020
14171451ns          234261 1c008c96 02500793 addi             x15, x0, 37         x15=00000025
14171471ns          234262 1c008c9a 04f50763 beq              x10, x15, 78        x10:00000020 x15:00000025
14171491ns          234263 1c008c9e 009005b3 add              x11, x0, x9         x11=00000002  x9:00000002
14171511ns          234264 1c008ca0 000c80e7 jalr             x1, x25, 0           x1=1c008ca2 x25:1c008bb6
14171551ns          234266 1c008bb6 000026b7 lui              x13, 0x2000         x13=00002000
14171571ns          234267 1c008bb8 f8068693 addi             x13, x13, -128      x13=00001f80 x13:00002000
14171591ns          234268 1c008bbc f14027f3 csrrs            x15, x0, 0xf14      x15=00000001
14171611ns          234269 1c008bc0 00379713 slli             x14, x15, 0x3       x14=00000008 x15:00000001
14171630ns          234270 1c008bc4 00279793 slli             x15, x15, 0x2       x15=00000004 x15:00000001
14171650ns          234271 1c008bc6 00d7f7b3 and              x15, x15, x13       x15=00000000 x15:00000004 x13:00001f80
14171670ns          234272 1c008bc8 ee873733 p.bclr           x14, x14, 23, 8     x14=00000008 x14:00000008
14171690ns          234273 1c008bcc 1a10f6b7 lui              x13, 0x1a10f000     x13=1a10f000
14171710ns          234274 1c008bd0 00d70733 add              x14, x14, x13       x14=1a10f008 x14:00000008 x13:1a10f000
14171730ns          234275 1c008bd2 00e787b3 add              x15, x15, x14       x15=1a10f008 x15:00000000 x14:1a10f008
14171750ns          234276 1c008bd4 0ff57513 andi             x10, x10, 255       x10=00000020 x10:00000020
14171770ns          234277 1c008bd8 00a7a023 sw               x10, 0(x15)         x10:00000020 x15:1a10f008  PA:1a10f008
14172128ns          234295 1c008bda 00000513 addi             x10, x0, 0          x10=00000000
14172147ns          234296 1c008bdc 00008067 jalr             x0, x1, 0            x1:1c008ca2
14172207ns          234299 1c008ca2 4df52863 p.beqimm         x10, 1232           x10:00000000
14172227ns          234300 1c008ca6 00140413 addi             x8, x8, 1            x8=0000000d  x8:0000000c
14172247ns          234301 1c008ca8 001a450b p.lbu            x10, 1(x20!)        x10=00000020 x20=1c000052 x20:1c000051  PA:1c000051
14172565ns          234317 1c008cac fe0515e3 bne              x10, x0, -22        x10:00000020
14172645ns          234321 1c008c96 02500793 addi             x15, x0, 37         x15=00000025
14172665ns          234322 1c008c9a 04f50763 beq              x10, x15, 78        x10:00000020 x15:00000025
14172684ns          234323 1c008c9e 009005b3 add              x11, x0, x9         x11=00000002  x9:00000002
14172704ns          234324 1c008ca0 000c80e7 jalr             x1, x25, 0           x1=1c008ca2 x25:1c008bb6
14172744ns          234326 1c008bb6 000026b7 lui              x13, 0x2000         x13=00002000
14172764ns          234327 1c008bb8 f8068693 addi             x13, x13, -128      x13=00001f80 x13:00002000
14172784ns          234328 1c008bbc f14027f3 csrrs            x15, x0, 0xf14      x15=00000001
14172804ns          234329 1c008bc0 00379713 slli             x14, x15, 0x3       x14=00000008 x15:00000001
14172824ns          234330 1c008bc4 00279793 slli             x15, x15, 0x2       x15=00000004 x15:00000001
14172844ns          234331 1c008bc6 00d7f7b3 and              x15, x15, x13       x15=00000000 x15:00000004 x13:00001f80
14172863ns          234332 1c008bc8 ee873733 p.bclr           x14, x14, 23, 8     x14=00000008 x14:00000008
14172883ns          234333 1c008bcc 1a10f6b7 lui              x13, 0x1a10f000     x13=1a10f000
14172903ns          234334 1c008bd0 00d70733 add              x14, x14, x13       x14=1a10f008 x14:00000008 x13:1a10f000
14172923ns          234335 1c008bd2 00e787b3 add              x15, x15, x14       x15=1a10f008 x15:00000000 x14:1a10f008
14172943ns          234336 1c008bd4 0ff57513 andi             x10, x10, 255       x10=00000020 x10:00000020
14172963ns          234337 1c008bd8 00a7a023 sw               x10, 0(x15)         x10:00000020 x15:1a10f008  PA:1a10f008
14173301ns          234354 1c008bda 00000513 addi             x10, x0, 0          x10=00000000
14173321ns          234355 1c008bdc 00008067 jalr             x0, x1, 0            x1:1c008ca2
14173381ns          234358 1c008ca2 4df52863 p.beqimm         x10, 1232           x10:00000000
14173400ns          234359 1c008ca6 00140413 addi             x8, x8, 1            x8=0000000e  x8:0000000d
14173420ns          234360 1c008ca8 001a450b p.lbu            x10, 1(x20!)        x10=00000025 x20=1c000053 x20:1c000052  PA:1c000052
14173739ns          234376 1c008cac fe0515e3 bne              x10, x0, -22        x10:00000025
14173818ns          234380 1c008c96 02500793 addi             x15, x0, 37         x15=00000025
14173838ns          234381 1c008c9a 04f50763 beq              x10, x15, 78        x10:00000025 x15:00000025
14173937ns          234386 1c008ce8 01400c33 add              x24, x0, x20        x24=1c000053 x20:1c000053
14173977ns          234388 1c008cea 000c4a03 lbu              x20, 0(x24)         x20=00000064 x24:1c000053  PA:1c000053
14174295ns          234404 1c008cee 0b4d0513 addi             x10, x26, 180       x10=1c0000b4 x26:1c000000
14174315ns          234405 1c008cf2 00912e23 sw               x9, 28(x2)           x9:00000002  x2:10000e18  PA:10000e34
14174335ns          234406 1c008cf4 014005b3 add              x11, x0, x20        x11=00000064 x20:00000064
14174355ns          234407 1c008cf6 00012823 sw               x0, 16(x2)           x2:10000e18  PA:10000e28
14174375ns          234408 1c008cf8 00012a23 sw               x0, 20(x2)           x2:10000e18  PA:10000e2c
14174395ns          234409 1c008cfa 00012623 sw               x0, 12(x2)           x2:10000e18  PA:10000e24
14174415ns          234410 1c008cfc 001c0493 addi             x9, x24, 1           x9=1c000054 x24:1c000053
14174435ns          234411 1c008d00 e41ff0ef jal              x1, -448             x1=1c008d02
14174514ns          234415 1c008b40 00054703 lbu              x14, 0(x10)         x14=0000002d x10:1c0000b4  PA:1c0000b4
14174832ns          234431 1c008b44 0ff5f593 andi             x11, x11, 255       x11=00000064 x11:00000064
14174852ns          234432 1c008b48 00a007b3 add              x15, x0, x10        x15=1c0000b4 x10:1c0000b4
14174872ns          234433 1c008b4a 00b70863 beq              x14, x11, 16        x14:0000002d x11:00000064
14174892ns          234434 1c008b4e 00070863 beq              x14, x0, 16         x14:0000002d
14174912ns          234435 1c008b50 0017c703 lbu              x14, 1(x15)         x14=0000002b x15:1c0000b4  PA:1c0000b5
14175210ns          234450 1c008b54 00178793 addi             x15, x15, 1         x15=1c0000b5 x15:1c0000b4
14175230ns          234451 1c008b56 feb71ce3 bne              x14, x11, -8        x14:0000002b x11:00000064
14175290ns          234454 1c008b4e 00070863 beq              x14, x0, 16         x14:0000002b
14175310ns          234455 1c008b50 0017c703 lbu              x14, 1(x15)         x14=00000020 x15:1c0000b5  PA:1c0000b6
14175608ns          234470 1c008b54 00178793 addi             x15, x15, 1         x15=1c0000b6 x15:1c0000b5
14175628ns          234471 1c008b56 feb71ce3 bne              x14, x11, -8        x14:00000020 x11:00000064
14175688ns          234474 1c008b4e 00070863 beq              x14, x0, 16         x14:00000020
14175707ns          234475 1c008b50 0017c703 lbu              x14, 1(x15)         x14=00000023 x15:1c0000b6  PA:1c0000b7
14176006ns          234490 1c008b54 00178793 addi             x15, x15, 1         x15=1c0000b7 x15:1c0000b6
14176026ns          234491 1c008b56 feb71ce3 bne              x14, x11, -8        x14:00000023 x11:00000064
14176085ns          234494 1c008b4e 00070863 beq              x14, x0, 16         x14:00000023
14176105ns          234495 1c008b50 0017c703 lbu              x14, 1(x15)         x14=00000030 x15:1c0000b7  PA:1c0000b8
14176404ns          234510 1c008b54 00178793 addi             x15, x15, 1         x15=1c0000b8 x15:1c0000b7
14176423ns          234511 1c008b56 feb71ce3 bne              x14, x11, -8        x14:00000030 x11:00000064
14176483ns          234514 1c008b4e 00070863 beq              x14, x0, 16         x14:00000030
14176503ns          234515 1c008b50 0017c703 lbu              x14, 1(x15)         x14=00000000 x15:1c0000b8  PA:1c0000b9
14176921ns          234536 1c008b54 00178793 addi             x15, x15, 1         x15=1c0000b9 x15:1c0000b8
14176940ns          234537 1c008b56 feb71ce3 bne              x14, x11, -8        x14:00000000 x11:00000064
14177000ns          234540 1c008b4e 00070863 beq              x14, x0, 16         x14:00000000
14177060ns          234543 1c008b5e 00000513 addi             x10, x0, 0          x10=00000000
14177080ns          234544 1c008b60 fe058de3 beq              x11, x0, -6         x11:00000064
14177100ns          234545 1c008b62 00008067 jalr             x0, x1, 0            x1:1c008d02
14177159ns          234548 1c008d02 02000913 addi             x18, x0, 32         x18=00000020
14177179ns          234549 1c008d06 00000993 addi             x19, x0, 0          x19=00000000
14177199ns          234550 1c008d08 02b00a93 addi             x21, x0, 43         x21=0000002b
14177219ns          234551 1c008d0c 02d00b93 addi             x23, x0, 45         x23=0000002d
14177259ns          234553 1c008d10 03000b13 addi             x22, x0, 48         x22=00000030
14177298ns          234555 1c008d14 00900633 add              x12, x0, x9         x12=1c000054  x9:1c000054
14177318ns          234556 1c008d16 02050963 beq              x10, x0, 50         x10:00000000
14177477ns          234564 1c008d48 03312623 sw               x19, 44(x2)         x19:00000000  x2:10000e18  PA:10000e44
14177517ns          234566 1c008d4a 02a00693 addi             x13, x0, 42         x13=0000002a
14177537ns          234567 1c008d4e 014009b3 add              x19, x0, x20        x19=00000064 x20:00000064
14177577ns          234569 1c008d50 01800a33 add              x20, x0, x24        x20=1c000053 x24:1c000053
14177597ns          234570 1c008d52 00900c33 add              x24, x0, x9         x24=1c000054  x9:1c000054
14177617ns          234571 1c008d54 01c12483 lw               x9, 28(x2)           x9=00000002  x2:10000e18  PA:10000e34
14177637ns          234572 1c008d56 42d98063 beq              x19, x13, 1056      x19:00000064 x13:0000002a
14177656ns          234573 1c008d5a fd098693 addi             x13, x19, -48       x13=00000034 x19:00000064
14177676ns          234574 1c008d5e 00900513 addi             x10, x0, 9          x10=00000009
14177716ns          234576 1c008d60 00000a93 addi             x21, x0, 0          x21=00000000
14177756ns          234578 1c008d62 3cd57f63 bgeu             x10, x13, 990       x10:00000009 x13:00000034
14177776ns          234579 1c008d66 02e00793 addi             x15, x0, 46         x15=0000002e
14177796ns          234580 1c008d6a fff00b13 addi             x22, x0, -1         x22=ffffffff
14177816ns          234581 1c008d6c 04f981e3 beq              x19, x15, 2114      x19:00000064 x15:0000002e
14177855ns          234583 1c008d70 1c0007b7 lui              x15, 0x1c000000     x15=1c000000
14177895ns          234585 1c008d74 013005b3 add              x11, x0, x19        x11=00000064 x19:00000064
14177915ns          234586 1c008d76 0bc78513 addi             x10, x15, 188       x10=1c0000bc x15:1c000000
14177935ns          234587 1c008d7a 00c12e23 sw               x12, 28(x2)         x12:1c000054  x2:10000e18  PA:10000e34
14177955ns          234588 1c008d7c dc5ff0ef jal              x1, -572             x1=1c008d7e
14178074ns          234594 1c008b40 00054703 lbu              x14, 0(x10)         x14=00000068 x10:1c0000bc  PA:1c0000bc
14178412ns          234611 1c008b44 0ff5f593 andi             x11, x11, 255       x11=00000064 x11:00000064
14178432ns          234612 1c008b48 00a007b3 add              x15, x0, x10        x15=1c0000bc x10:1c0000bc
14178452ns          234613 1c008b4a 00b70863 beq              x14, x11, 16        x14:00000068 x11:00000064
14178472ns          234614 1c008b4e 00070863 beq              x14, x0, 16         x14:00000068
14178492ns          234615 1c008b50 0017c703 lbu              x14, 1(x15)         x14=0000006c x15:1c0000bc  PA:1c0000bd
14178790ns          234630 1c008b54 00178793 addi             x15, x15, 1         x15=1c0000bd x15:1c0000bc
14178810ns          234631 1c008b56 feb71ce3 bne              x14, x11, -8        x14:0000006c x11:00000064
14178870ns          234634 1c008b4e 00070863 beq              x14, x0, 16         x14:0000006c
14178890ns          234635 1c008b50 0017c703 lbu              x14, 1(x15)         x14=0000004c x15:1c0000bd  PA:1c0000be
14179188ns          234650 1c008b54 00178793 addi             x15, x15, 1         x15=1c0000be x15:1c0000bd
14179208ns          234651 1c008b56 feb71ce3 bne              x14, x11, -8        x14:0000004c x11:00000064
14179267ns          234654 1c008b4e 00070863 beq              x14, x0, 16         x14:0000004c
14179287ns          234655 1c008b50 0017c703 lbu              x14, 1(x15)         x14=0000007a x15:1c0000be  PA:1c0000bf
14179586ns          234670 1c008b54 00178793 addi             x15, x15, 1         x15=1c0000bf x15:1c0000be
14179605ns          234671 1c008b56 feb71ce3 bne              x14, x11, -8        x14:0000007a x11:00000064
14179665ns          234674 1c008b4e 00070863 beq              x14, x0, 16         x14:0000007a
14179685ns          234675 1c008b50 0017c703 lbu              x14, 1(x15)         x14=00000000 x15:1c0000bf  PA:1c0000c0
14179983ns          234690 1c008b54 00178793 addi             x15, x15, 1         x15=1c0000c0 x15:1c0000bf
14180003ns          234691 1c008b56 feb71ce3 bne              x14, x11, -8        x14:00000000 x11:00000064
14180063ns          234694 1c008b4e 00070863 beq              x14, x0, 16         x14:00000000
14180123ns          234697 1c008b5e 00000513 addi             x10, x0, 0          x10=00000000
14180142ns          234698 1c008b60 fe058de3 beq              x11, x0, -6         x11:00000064
14180162ns          234699 1c008b62 00008067 jalr             x0, x1, 0            x1:1c008d7e
14180202ns          234701 1c008d7e 01c12603 lw               x12, 28(x2)         x12=1c000054  x2:10000e18  PA:10000e34
14180242ns          234703 1c008d80 00c00a33 add              x20, x0, x12        x20=1c000054 x12:1c000054
14180262ns          234704 1c008d82 00050563 beq              x10, x0, 10         x10:00000000
14180381ns          234710 1c008d8c 06900793 addi             x15, x0, 105        x15=00000069
14180401ns          234711 1c008d90 1cf98be3 beq              x19, x15, 2518      x19:00000064 x15:00000069
14180421ns          234712 1c008d94 4b37ce63 blt              x15, x19, 1212      x15:00000069 x19:00000064
14180441ns          234713 1c008d98 05800793 addi             x15, x0, 88         x15=00000058
14180461ns          234714 1c008d9c 4cf98863 beq              x19, x15, 1232      x19:00000064 x15:00000058
14180640ns          234723 1c008da0 3f37cd63 blt              x15, x19, 1018      x15:00000058 x19:00000064
14180779ns          234730 1c00919a 06400793 addi             x15, x0, 100        x15=00000064
14180839ns          234733 1c00919e 5cf98463 beq              x19, x15, 1480      x19:00000064 x15:00000064
14180938ns          234738 1c009766 01812b83 lw               x23, 24(x2)         x23=10000f7c  x2:10000e18  PA:10000e30
14180978ns          234740 1c009768 004ba60b p.lw             x12, 4(x23!)        x12=00000001 x23=10000f80 x23:10000f7c  PA:10000f7c
14181018ns          234742 1c00976c 48064963 blt              x12, x0, 1170       x12:00000001
14181057ns          234744 1c009770 01412783 lw               x15, 20(x2)         x15=00000000  x2:10000e18  PA:10000e2c
14181077ns          234745 1c009772 00c00733 add              x14, x0, x12        x14=00000001 x12:00000001
14181097ns          234746 1c009774 56078863 beq              x15, x0, 1392       x15:00000000
14181197ns          234751 1c009ce4 01012783 lw               x15, 16(x2)         x15=00000000  x2:10000e18  PA:10000e28
14181216ns          234752 1c009ce6 01b00533 add              x10, x0, x27        x10=10000e4c x27:10000e4c
14181236ns          234753 1c009ce8 a8078ee3 beq              x15, x0, -1380      x15:00000000
14181793ns          234781 1c009784 00a007b3 add              x15, x0, x10        x15=10000e4c x10:10000e4c
14181813ns          234782 1c009786 00a00593 addi             x11, x0, 10         x11=0000000a
14181833ns          234783 1c009788 00900313 addi             x6, x0, 9            x6=00000009
14181853ns          234784 1c00978a 02b776b3 remu             x13, x14, x11       x13=00000001 x14:00000001 x11:0000000a
14182469ns          234815 1c00978e 00e00833 add              x16, x0, x14        x16=00000001 x14:00000001
14182489ns          234816 1c009790 00f008b3 add              x17, x0, x15        x17=10000e4c x15:10000e4c
14182509ns          234817 1c009792 03068693 addi             x13, x13, 48        x13=00000031 x13:00000001
14182529ns          234818 1c009796 00d780ab p.sb             x13, 1(x15!)        x15=10000e4d x13:00000031 x15:10000e4c  PA:10000e4c
14182549ns          234819 1c00979a 02b75733 divu             x14, x14, x11       x14=00000000 x14:00000001 x11:0000000a
14183185ns          234851 1c00979e ff0366e3 bltu             x6, x16, -20         x6:00000009 x16:00000001
14183205ns          234852 1c0097a2 40a78733 sub              x14, x15, x10       x14=00000001 x15:10000e4d x10:10000e4c
14183225ns          234853 1c0097a6 01675c63 bge              x14, x22, 24        x14:00000001 x22:ffffffff
14184160ns          234900 1c0097be 00078023 sb               x0, 0(x15)          x15:10000e4d  PA:10000e4d
14184200ns          234902 1c0097c2 0b157563 bgeu             x10, x17, 170       x10:10000e4c x17:10000e4c
14184299ns          234907 1c00986c 01412703 lw               x14, 20(x2)         x14=00000000  x2:10000e18  PA:10000e2c
14184319ns          234908 1c00986e 01012683 lw               x13, 16(x2)         x13=00000000  x2:10000e18  PA:10000e28
14184836ns          234934 1c009870 41b787b3 sub              x15, x15, x27       x15=00000001 x15:10000e4d x27:10000e4c
14184876ns          234936 1c009874 00d76733 or               x14, x14, x13       x14=00000000 x14:00000000 x13:00000000
14184896ns          234937 1c009876 02e12623 sw               x14, 44(x2)         x14:00000000  x2:10000e18  PA:10000e44
14184935ns          234939 1c009878 b0071be3 bne              x14, x0, -1258      x14:00000000
14184955ns          234940 1c00987c 01f65713 srli             x14, x12, 0x1f      x14=00000000 x12:00000001
14185413ns          234963 1c009880 02e12623 sw               x14, 44(x2)         x14:00000000  x2:10000e18  PA:10000e44
14185433ns          234964 1c009882 b0dff06f jal              x0, -1268          
14185612ns          234973 1c00938e ebfb2be3 p.beqimm         x22, -330           x22:ffffffff
14185930ns          234989 1c009244 0c800713 addi             x14, x0, 200        x14=000000c8
14185970ns          234991 1c009248 14f75b63 bge              x14, x15, 342       x14:000000c8 x15:00000001
14186149ns          235000 1c00939e 00178613 addi             x12, x15, 1         x12=00000002 x15:00000001
14186188ns          235002 1c0093a2 0557c863 blt              x15, x21, 80        x15:00000001 x21:00000000
14186208ns          235003 1c0093a6 01712c23 sw               x23, 24(x2)         x23:10000f80  x2:10000e18  PA:10000e30
14186228ns          235004 1c0093a8 00f00ab3 add              x21, x0, x15        x21=00000001 x15:00000001
14186248ns          235005 1c0093aa 8e0a8fe3 beq              x21, x0, -1794      x21:00000001
14186268ns          235006 1c0093ae 01b00933 add              x18, x0, x27        x18=10000e4c x27:10000e4c
14186288ns          235007 1c0093b0 41b409b3 sub              x19, x8, x27        x19=effff1c2  x8:0000000e x27:10000e4c
14186328ns          235009 1c0093b4 01ba8ab3 add              x21, x21, x27       x21=10000e4d x21:00000001 x27:10000e4c
14186348ns          235010 1c0093b6 00a0006f jal              x0, 10             
14186427ns          235014 1c0093c0 0019450b p.lbu            x10, 1(x18!)        x10=00000031 x18=10000e4d x18:10000e4c  PA:10000e4c
14186467ns          235016 1c0093c4 009005b3 add              x11, x0, x9         x11=00000002  x9:00000002
14186487ns          235017 1c0093c6 000c80e7 jalr             x1, x25, 0           x1=1c0093c8 x25:1c008bb6
14186527ns          235019 1c008bb6 000026b7 lui              x13, 0x2000         x13=00002000
14186546ns          235020 1c008bb8 f8068693 addi             x13, x13, -128      x13=00001f80 x13:00002000
14186566ns          235021 1c008bbc f14027f3 csrrs            x15, x0, 0xf14      x15=00000001
14187004ns          235043 1c008bc0 00379713 slli             x14, x15, 0x3       x14=00000008 x15:00000001
14187044ns          235045 1c008bc4 00279793 slli             x15, x15, 0x2       x15=00000004 x15:00000001
14187063ns          235046 1c008bc6 00d7f7b3 and              x15, x15, x13       x15=00000000 x15:00000004 x13:00001f80
14187083ns          235047 1c008bc8 ee873733 p.bclr           x14, x14, 23, 8     x14=00000008 x14:00000008
14187103ns          235048 1c008bcc 1a10f6b7 lui              x13, 0x1a10f000     x13=1a10f000
14187143ns          235050 1c008bd0 00d70733 add              x14, x14, x13       x14=1a10f008 x14:00000008 x13:1a10f000
14187163ns          235051 1c008bd2 00e787b3 add              x15, x15, x14       x15=1a10f008 x15:00000000 x14:1a10f008
14187183ns          235052 1c008bd4 0ff57513 andi             x10, x10, 255       x10=00000031 x10:00000031
14187203ns          235053 1c008bd8 00a7a023 sw               x10, 0(x15)         x10:00000031 x15:1a10f008  PA:1a10f008
14187680ns          235077 1c008bda 00000513 addi             x10, x0, 0          x10=00000000
14187700ns          235078 1c008bdc 00008067 jalr             x0, x1, 0            x1:1c0093c8
14187740ns          235080 1c0093c8 fff538e3 p.bneimm         x10, -16            x10:00000000
14188058ns          235096 1c0093b8 01298433 add              x8, x19, x18         x8=0000000f x19:effff1c2 x18:10000e4d
14188078ns          235097 1c0093bc 8f2a86e3 beq              x21, x18, -1812     x21:10000e4d x18:10000e4d
14188177ns          235102 1c008ca8 001a450b p.lbu            x10, 1(x20!)        x10=0000000a x20=1c000055 x20:1c000054  PA:1c000054
14188495ns          235118 1c008cac fe0515e3 bne              x10, x0, -22        x10:0000000a
14188575ns          235122 1c008c96 02500793 addi             x15, x0, 37         x15=00000025
14188595ns          235123 1c008c9a 04f50763 beq              x10, x15, 78        x10:0000000a x15:00000025
14188615ns          235124 1c008c9e 009005b3 add              x11, x0, x9         x11=00000002  x9:00000002
14188635ns          235125 1c008ca0 000c80e7 jalr             x1, x25, 0           x1=1c008ca2 x25:1c008bb6
14188714ns          235129 1c008bb6 000026b7 lui              x13, 0x2000         x13=00002000
14188754ns          235131 1c008bb8 f8068693 addi             x13, x13, -128      x13=00001f80 x13:00002000
14188774ns          235132 1c008bbc f14027f3 csrrs            x15, x0, 0xf14      x15=00000001
14188794ns          235133 1c008bc0 00379713 slli             x14, x15, 0x3       x14=00000008 x15:00000001
14188814ns          235134 1c008bc4 00279793 slli             x15, x15, 0x2       x15=00000004 x15:00000001
14188834ns          235135 1c008bc6 00d7f7b3 and              x15, x15, x13       x15=00000000 x15:00000004 x13:00001f80
14188853ns          235136 1c008bc8 ee873733 p.bclr           x14, x14, 23, 8     x14=00000008 x14:00000008
14188873ns          235137 1c008bcc 1a10f6b7 lui              x13, 0x1a10f000     x13=1a10f000
14188893ns          235138 1c008bd0 00d70733 add              x14, x14, x13       x14=1a10f008 x14:00000008 x13:1a10f000
14188913ns          235139 1c008bd2 00e787b3 add              x15, x15, x14       x15=1a10f008 x15:00000000 x14:1a10f008
14188933ns          235140 1c008bd4 0ff57513 andi             x10, x10, 255       x10=0000000a x10:0000000a
14188953ns          235141 1c008bd8 00a7a023 sw               x10, 0(x15)         x10:0000000a x15:1a10f008  PA:1a10f008
14189351ns          235161 1c008bda 00000513 addi             x10, x0, 0          x10=00000000
14189370ns          235162 1c008bdc 00008067 jalr             x0, x1, 0            x1:1c008ca2
14189430ns          235165 1c008ca2 4df52863 p.beqimm         x10, 1232           x10:00000000
14189450ns          235166 1c008ca6 00140413 addi             x8, x8, 1            x8=00000010  x8:0000000f
14189470ns          235167 1c008ca8 001a450b p.lbu            x10, 1(x20!)        x10=00000000 x20=1c000056 x20:1c000055  PA:1c000055
14189788ns          235183 1c008cac fe0515e3 bne              x10, x0, -22        x10:00000000
14189808ns          235184 1c008cae 13c12083 lw               x1, 316(x2)          x1=1c008c22  x2:10000e18  PA:10000f54
14189828ns          235185 1c008cb2 00800533 add              x10, x0, x8         x10=00000010  x8:00000010
14189848ns          235186 1c008cb4 13812403 lw               x8, 312(x2)          x8=00000017  x2:10000e18  PA:10000f50
14189868ns          235187 1c008cb8 13412483 lw               x9, 308(x2)          x9=00000010  x2:10000e18  PA:10000f4c
14189888ns          235188 1c008cbc 13012903 lw               x18, 304(x2)        x18=00000001  x2:10000e18  PA:10000f48
14190265ns          235207 1c008cc0 12c12983 lw               x19, 300(x2)        x19=1c000dd0  x2:10000e18  PA:10000f44
14190305ns          235209 1c008cc4 12812a03 lw               x20, 296(x2)        x20=10201080  x2:10000e18  PA:10000f40
14190325ns          235210 1c008cc8 12412a83 lw               x21, 292(x2)        x21=1c000940  x2:10000e18  PA:10000f3c
14190345ns          235211 1c008ccc 12012b03 lw               x22, 288(x2)        x22=1c00093c  x2:10000e18  PA:10000f38
14190405ns          235214 1c008cd0 11c12b83 lw               x23, 284(x2)        x23=00000790  x2:10000e18  PA:10000f34
14190444ns          235216 1c008cd4 11812c03 lw               x24, 280(x2)        x24=00000778  x2:10000e18  PA:10000f30
14190464ns          235217 1c008cd8 11412c83 lw               x25, 276(x2)        x25=1c000938  x2:10000e18  PA:10000f2c
14190484ns          235218 1c008cdc 11012d03 lw               x26, 272(x2)        x26=0ef40000  x2:10000e18  PA:10000f28
14190544ns          235221 1c008ce0 10c12d83 lw               x27, 268(x2)        x27=08d200d0  x2:10000e18  PA:10000f24
14190584ns          235223 1c008ce4 14010113 addi             x2, x2, 320          x2=10000f58  x2:10000e18
14190604ns          235224 1c008ce6 00008067 jalr             x0, x1, 0            x1:1c008c22
14190683ns          235228 1c008c22 01c12083 lw               x1, 28(x2)           x1=1c008524  x2:10000f58  PA:10000f74
14190723ns          235230 1c008c24 04010113 addi             x2, x2, 64           x2=10000f98  x2:10000f58
14190743ns          235231 1c008c26 00008067 jalr             x0, x1, 0            x1:1c008524
14190842ns          235236 1c008524 0009a703 lw               x14, 0(x19)         x14=10004100 x19:1c000dd0  PA:1c000dd0
14191300ns          235259 1c008528 00412683 lw               x13, 4(x2)          x13=00000020  x2:10000f98  PA:10000f9c
14191320ns          235260 1c00852a 040a0793 addi             x15, x20, 64        x15=102010c0 x20:10201080
14191339ns          235261 1c00852e 00d70733 add              x14, x14, x13       x14=10004120 x14:10004100 x13:00000020
14191439ns          235266 1c008530 00e7a023 sw               x14, 0(x15)         x14:10004120 x15:102010c0  PA:102010c0
14191538ns          235271 1c008534 00200713 addi             x14, x0, 2          x14=00000002
14191558ns          235272 1c008536 00e7a223 sw               x14, 4(x15)         x14:00000002 x15:102010c0  PA:102010c4
14191678ns          235278 1c00853a 00e7a423 sw               x14, 8(x15)         x14:00000002 x15:102010c0  PA:102010c8
14191916ns          235290 1c00853e 10000713 addi             x14, x0, 256        x14=00000100
14191956ns          235292 1c008542 00e7a623 sw               x14, 12(x15)        x14:00000100 x15:102010c0  PA:102010cc
14192035ns          235296 1c008546 000a2023 sw               x0, 0(x20)          x20:10201080  PA:10201080
14192195ns          235304 1c00854a 00001737 lui              x14, 0x1000         x14=00001000
14192214ns          235305 1c00854c 002047b7 lui              x15, 0x204000       x15=00204000
14192413ns          235315 1c008550 00e7a423 sw               x14, 8(x15)         x14:00001000 x15:00204000  PA:00204008
14192453ns          235317 1c008552 03c7e683 p.elw            x13, 60(x15)        x13=00001000 x15:00204000  PA:0020403c
14193149ns          235352 1c008556 00e7a223 sw               x14, 4(x15)         x14:00001000 x15:00204000  PA:00204004
14193169ns          235353 1c008558 00ca0793 addi             x15, x20, 12        x15=1020108c x20:10201080
14193189ns          235354 1c00855c 0007aa03 lw               x20, 0(x15)         x20=00000000 x15:1020108c  PA:1020108c
14193288ns          235359 1c008560 fe0a1ee3 bne              x20, x0, -4         x20:00000000
14193308ns          235360 1c008564 429010ef jal              x1, 7208             x1=1c008568
14193786ns          235384 1c00a18c f14027f3 csrrs            x15, x0, 0xf14      x15=00000001
14193865ns          235388 1c00a190 01f00713 addi             x14, x0, 31         x14=0000001f
14193905ns          235390 1c00a192 ca5797b3 p.extractu       x15, x15, 5, 5      x15=00000000 x15:00000001
14193925ns          235391 1c00a196 00e78863 beq              x15, x14, 16        x15:00000000 x14:0000001f
14193945ns          235392 1c00a19a 002047b7 lui              x15, 0x204000       x15=00204000
14194323ns          235411 1c00a19e 20078793 addi             x15, x15, 512       x15=00204200 x15:00204000
14194362ns          235413 1c00a1a2 01c7e703 p.elw            x14, 28(x15)        x14=00010000 x15:00204200  PA:0020421c
14194561ns          235423 1c00a1a6 00008067 jalr             x0, x1, 0            x1:1c008568
14194601ns          235425 1c008568 002007b7 lui              x15, 0x200000       x15=00200000
14194621ns          235426 1c00856c 0187a703 lw               x14, 24(x15)        x14=00000908 x15:00200000  PA:00200018
14194800ns          235435 1c00856e 00412603 lw               x12, 4(x2)          x12=00000020  x2:10000f98  PA:10000f9c
14194820ns          235436 1c008570 01c12883 lw               x17, 28(x2)         x17=0000005c  x2:10000f98  PA:10000fb4
14194840ns          235437 1c008572 c0b73733 p.bclr           x14, x14, 0, 11     x14=00000108 x14:00000908
14194860ns          235438 1c008576 00e7ac23 sw               x14, 24(x15)        x14:00000108 x15:00200000  PA:00200018
14194959ns          235443 1c008578 0187a683 lw               x13, 24(x15)        x13=00000108 x15:00200000  PA:00200018
14195118ns          235451 1c00857a 1c001737 lui              x14, 0x1c001000     x14=1c001000
14195138ns          235452 1c00857e 01748493 addi             x9, x9, 23           x9=00000027  x9:00000010
14195397ns          235465 1c008580 c086b6b3 p.bclr           x13, x13, 0, 8      x13=00000008 x13:00000108
14195436ns          235467 1c008584 00d7ac23 sw               x13, 24(x15)        x13:00000008 x15:00200000  PA:00200018
14195516ns          235471 1c008586 0009a683 lw               x13, 0(x19)         x13=10004100 x19:1c000dd0  PA:1c000dd0
14195934ns          235492 1c00858a 000017b7 lui              x15, 0x1000         x15=00001000
14195953ns          235493 1c00858c b5070713 addi             x14, x14, -1200     x14=1c000b50 x14:1c001000
14195973ns          235494 1c008590 00c686b3 add              x13, x13, x12       x13=10004120 x13:10004100 x12:00000020
14195993ns          235495 1c008592 01812603 lw               x12, 24(x2)         x12=0000002e  x2:10000f98  PA:10000fb0
14196013ns          235496 1c008594 fff78793 addi             x15, x15, -1        x15=00000fff x15:00001000
14196033ns          235497 1c008596 ff940593 addi             x11, x8, -7         x11=00000010  x8:00000017
14196053ns          235498 1c00859a 00259813 slli             x16, x11, 0x2       x16=00000040 x11:00000010
14196451ns          235518 1c00859e 0006ae03 lw               x28, 0(x13)         x28=xe57x05c x13:10004120  PA:10004120
14196490ns          235520 1c0085a2 ffa40513 addi             x10, x8, -6         x10=00000011  x8:00000017
14196510ns          235521 1c0085a6 00e80833 add              x16, x16, x14       x16=1c000b90 x16:00000040 x14:1c000b50
14196530ns          235522 1c0085a8 00251e93 slli             x29, x10, 0x2       x29=00000044 x10:00000011
14196550ns          235523 1c0085ac 00085383 lhu              x7, 0(x16)           x7=0000005c x16:1c000b90  PA:1c000b90
14197186ns          235555 1c0085b0 0046af03 lw               x30, 4(x13)         x30=xf47xf14 x13:10004120  PA:10004124
14197206ns          235556 1c0085b4 ffb40593 addi             x11, x8, -5         x11=00000012  x8:00000017
14197226ns          235557 1c0085b8 00285303 lhu              x6, 2(x16)           x6=00000e57 x16:1c000b90  PA:1c000b92
14197525ns          235572 1c0085bc 01d70833 add              x16, x14, x29       x16=1c000b94 x14:1c000b50 x29:00000044
14197544ns          235573 1c0085c0 010e5f93 srli             x31, x28, 0x10      x31=0000xe57 x28:xe57x05c
14197584ns          235575 1c0085c4 00259993 slli             x19, x11, 0x2       x19=00000048 x11:00000012
14197604ns          235576 1c0085c8 00085283 lhu              x5, 0(x16)           x5=00000f14 x16:1c000b94  PA:1c000b94
14198201ns          235606 1c0085cc 00fe7e33 and              x28, x28, x15       x28=0000005c x28:xe57x05c x15:00000fff
14198221ns          235607 1c0085d0 0086a083 lw               x1, 8(x13)           x1=xe38x166 x13:10004120  PA:10004128
14198241ns          235608 1c0085d4 ffc40513 addi             x10, x8, -4         x10=00000013  x8:00000017
14198260ns          235609 1c0085d8 013005b3 add              x11, x0, x19        x11=00000048 x19:00000048
14198280ns          235610 1c0085da 00285e83 lhu              x29, 2(x16)         x29=00000f47 x16:1c000b94  PA:1c000b96
14198758ns          235634 1c0085de 41c383b3 sub              x7, x7, x28          x7=00000000  x7:0000005c x28:0000005c
14198778ns          235635 1c0085e2 00fff833 and              x16, x31, x15       x16=00000e57 x31:0000xe57 x15:00000fff
14198797ns          235636 1c0085e6 01370e33 add              x28, x14, x19       x28=1c000b98 x14:1c000b50 x19:00000048
14198817ns          235637 1c0085ea 00251b13 slli             x22, x10, 0x2       x22=0000004c x10:00000013
14199116ns          235652 1c0085ee 010f5a93 srli             x21, x30, 0x10      x21=0000xf47 x30:xf47xf14
14199155ns          235654 1c0085f2 00ff79b3 and              x19, x30, x15       x19=00000f14 x30:xf47xf14 x15:00000fff
14199175ns          235655 1c0085f6 007033b3 sltu             x7, x0, x7           x7=00000000  x7:00000000
14199195ns          235656 1c0085fa 41030333 sub              x6, x6, x16          x6=00000000  x6:00000e57 x16:00000e57
14199653ns          235679 1c0085fe 000e5e03 lhu              x28, 0(x28)         x28=00000166 x28:1c000b98  PA:1c000b98
14200011ns          235697 1c008602 00b70833 add              x16, x14, x11       x16=1c000b98 x14:1c000b50 x11:00000048
14200030ns          235698 1c008606 00c6af03 lw               x30, 12(x13)        x30=x1c2x2b6 x13:10004120  PA:1000412c
14200050ns          235699 1c00860a ffd40593 addi             x11, x8, -3         x11=00000014  x8:00000017
14200468ns          235720 1c00860e 00285f83 lhu              x31, 2(x16)         x31=00000e38 x16:1c000b98  PA:1c000b9a
14201085ns          235751 1c008612 007a0a33 add              x20, x20, x7        x20=00000000 x20:00000000  x7:00000000
14201104ns          235752 1c008614 00faf833 and              x16, x21, x15       x16=00000f47 x21:0000xf47 x15:00000fff
14201124ns          235753 1c008618 00603333 sltu             x6, x0, x6           x6=00000000  x6:00000000
14201144ns          235754 1c00861c 413282b3 sub              x5, x5, x19          x5=00000000  x5:00000f14 x19:00000f14
14201164ns          235755 1c008620 016703b3 add              x7, x14, x22         x7=1c000b9c x14:1c000b50 x22:0000004c
14201184ns          235756 1c008624 410e8eb3 sub              x29, x29, x16       x29=00000000 x29:00000f47 x16:00000f47
14201204ns          235757 1c008628 0100da93 srli             x21, x1, 0x10       x21=0000xe38  x1:xe38x166
14201224ns          235758 1c00862c 00f0f9b3 and              x19, x1, x15        x19=00000166  x1:xe38x166 x15:00000fff
14201562ns          235775 1c008630 01670833 add              x16, x14, x22       x16=1c000b9c x14:1c000b50 x22:0000004c
14201602ns          235777 1c008634 006a0a33 add              x20, x20, x6        x20=00000000 x20:00000000  x6:00000000
14201622ns          235778 1c008636 00259b13 slli             x22, x11, 0x2       x22=00000050 x11:00000014
14201641ns          235779 1c00863a 005032b3 sltu             x5, x0, x5           x5=00000000  x5:00000000
14202099ns          235802 1c00863e 0003d383 lhu              x7, 0(x7)            x7=000002b6  x7:1c000b9c  PA:1c000b9c
14202596ns          235827 1c008642 0106a083 lw               x1, 16(x13)          x1=xebaxd5c x13:10004120  PA:10004130
14202616ns          235828 1c008646 00285303 lhu              x6, 2(x16)           x6=000001c2 x16:1c000b9c  PA:1c000b9e
14203073ns          235851 1c00864a ffe40513 addi             x10, x8, -2         x10=00000015  x8:00000017
14203093ns          235852 1c00864e 01d03833 sltu             x16, x0, x29        x16=00000000 x29:00000000
14203113ns          235853 1c008652 005a0a33 add              x20, x20, x5        x20=00000000 x20:00000000  x5:00000000
14203133ns          235854 1c008654 00fafeb3 and              x29, x21, x15       x29=00000e38 x21:0000xe38 x15:00000fff
14203153ns          235855 1c008658 413e0e33 sub              x28, x28, x19       x28=00000000 x28:00000166 x19:00000166
14203173ns          235856 1c00865c 016702b3 add              x5, x14, x22         x5=1c000ba0 x14:1c000b50 x22:00000050
14203471ns          235871 1c008660 010f5a93 srli             x21, x30, 0x10      x21=0000x1c2 x30:x1c2x2b6
14203511ns          235873 1c008664 00ff79b3 and              x19, x30, x15       x19=000002b6 x30:x1c2x2b6 x15:00000fff
14203531ns          235874 1c008668 010a0a33 add              x20, x20, x16       x20=00000000 x20:00000000 x16:00000000
14203551ns          235875 1c00866a 01c03e33 sltu             x28, x0, x28        x28=00000000 x28:00000000
14203968ns          235896 1c00866e 01670833 add              x16, x14, x22       x16=1c000ba0 x14:1c000b50 x22:00000050
14204008ns          235898 1c008672 41df8fb3 sub              x31, x31, x29       x31=00000000 x31:00000e38 x29:00000e38
14204028ns          235899 1c008676 00251b13 slli             x22, x10, 0x2       x22=00000054 x10:00000015
14204048ns          235900 1c00867a 0002d283 lhu              x5, 0(x5)            x5=00000d5c  x5:1c000ba0  PA:1c000ba0
14204505ns          235923 1c00867e 0146af03 lw               x30, 20(x13)        x30=xe38xeae x13:10004120  PA:10004134
14204545ns          235925 1c008682 fff40593 addi             x11, x8, -1         x11=00000016  x8:00000017
14204565ns          235926 1c008686 00285e83 lhu              x29, 2(x16)         x29=00000eba x16:1c000ba0  PA:1c000ba2
14204983ns          235947 1c00868a 01ca0a33 add              x20, x20, x28       x20=00000000 x20:00000000 x28:00000000
14205002ns          235948 1c00868c 01f03fb3 sltu             x31, x0, x31        x31=00000000 x31:00000000
14205062ns          235951 1c008690 00faf833 and              x16, x21, x15       x16=000001c2 x21:0000x1c2 x15:00000fff
14205102ns          235953 1c008694 413383b3 sub              x7, x7, x19          x7=00000000  x7:000002b6 x19:000002b6
14205122ns          235954 1c008698 01670e33 add              x28, x14, x22       x28=1c000ba4 x14:1c000b50 x22:00000054
14205142ns          235955 1c00869c 41030833 sub              x16, x6, x16        x16=00000000  x6:000001c2 x16:000001c2
14205579ns          235977 1c0086a0 01fa0a33 add              x20, x20, x31       x20=00000000 x20:00000000 x31:00000000
14205619ns          235979 1c0086a2 007033b3 sltu             x7, x0, x7           x7=00000000  x7:00000000
14205639ns          235980 1c0086a6 0100d993 srli             x19, x1, 0x10       x19=0000xeba  x1:xebaxd5c
14205659ns          235981 1c0086aa 01670533 add              x10, x14, x22       x10=1c000ba4 x14:1c000b50 x22:00000054
14206076ns          236002 1c0086ae 00f0f0b3 and              x1, x1, x15          x1=00000d5c  x1:xebaxd5c x15:00000fff
14206116ns          236004 1c0086b2 00259a93 slli             x21, x11, 0x2       x21=00000058 x11:00000016
14206136ns          236005 1c0086b6 000e5e03 lhu              x28, 0(x28)         x28=00000eae x28:1c000ba4  PA:1c000ba4
14206713ns          236034 1c0086ba 0186af83 lw               x31, 24(x13)        x31=xe8dx157 x13:10004120  PA:10004138
14206733ns          236035 1c0086be 00255303 lhu              x6, 2(x10)           x6=00000e38 x10:1c000ba4  PA:1c000ba6
14207091ns          236053 1c0086c2 007a0a33 add              x20, x20, x7        x20=00000000 x20:00000000  x7:00000000
14207111ns          236054 1c0086c4 01003533 sltu             x10, x0, x16        x10=00000000 x16:00000000
14207130ns          236055 1c0086c8 00f9f3b3 and              x7, x19, x15         x7=00000eba x19:0000xeba x15:00000fff
14207150ns          236056 1c0086cc 401282b3 sub              x5, x5, x1           x5=00000000  x5:00000d5c  x1:00000d5c
14207170ns          236057 1c0086d0 01570833 add              x16, x14, x21       x16=1c000ba8 x14:1c000b50 x21:00000058
14207190ns          236058 1c0086d4 00aa0a33 add              x20, x20, x10       x20=00000000 x20:00000000 x10:00000000
14207210ns          236059 1c0086d6 005032b3 sltu             x5, x0, x5           x5=00000000  x5:00000000
14207230ns          236060 1c0086da 407e8eb3 sub              x29, x29, x7        x29=00000000 x29:00000eba  x7:00000eba
14207727ns          236085 1c0086de 010f5093 srli             x1, x30, 0x10        x1=0000xe38 x30:xe38xeae
14207767ns          236087 1c0086e2 00ff73b3 and              x7, x30, x15         x7=00000eae x30:xe38xeae x15:00000fff
14207787ns          236088 1c0086e6 015705b3 add              x11, x14, x21       x11=1c000ba8 x14:1c000b50 x21:00000058
14207807ns          236089 1c0086ea 00085803 lhu              x16, 0(x16)         x16=00000157 x16:1c000ba8  PA:1c000ba8
14208423ns          236120 1c0086ee 00160613 addi             x12, x12, 1         x12=0000002f x12:0000002e
14208443ns          236121 1c0086f0 01c6af03 lw               x30, 28(x13)        x30=xfb7xfdf x13:10004120  PA:1000413c
14208463ns          236122 1c0086f4 0025d503 lhu              x10, 2(x11)         x10=00000e8d x11:1c000ba8  PA:1c000baa
14208781ns          236138 1c0086f8 005a0a33 add              x20, x20, x5        x20=00000000 x20:00000000  x5:00000000
14208801ns          236139 1c0086fa 00e888b3 add              x17, x17, x14       x17=1c000bac x17:0000005c x14:1c000b50
14208821ns          236140 1c0086fc 01d03eb3 sltu             x29, x0, x29        x29=00000000 x29:00000000
14208841ns          236141 1c008700 00f0f2b3 and              x5, x1, x15          x5=00000e38  x1:0000xe38 x15:00000fff
14208861ns          236142 1c008704 407e0e33 sub              x28, x28, x7        x28=00000000 x28:00000eae  x7:00000eae
14208881ns          236143 1c008708 00161613 slli             x12, x12, 0x1       x12=0000005e x12:0000002f
14208901ns          236144 1c00870a 0008d583 lhu              x11, 0(x17)         x11=00000fdf x17:1c000bac  PA:1c000bac
14209457ns          236172 1c00870e 01da0a33 add              x20, x20, x29       x20=00000000 x20:00000000 x29:00000000
14209477ns          236173 1c008710 405308b3 sub              x17, x6, x5         x17=00000000  x6:00000e38  x5:00000e38
14209497ns          236174 1c008714 01c03e33 sltu             x28, x0, x28        x28=00000000 x28:00000000
14209517ns          236175 1c008718 010fd313 srli             x6, x31, 0x10        x6=0000xe8d x31:xe8dx157
14209537ns          236176 1c00871c 00e60633 add              x12, x12, x14       x12=1c000bae x12:0000005e x14:1c000b50
14209855ns          236192 1c00871e 00ffffb3 and              x31, x31, x15       x31=00000157 x31:xe8dx157 x15:00000fff
14209895ns          236194 1c008722 011038b3 sltu             x17, x0, x17        x17=00000000 x17:00000000
14209915ns          236195 1c008726 00065603 lhu              x12, 0(x12)         x12=00000fb7 x12:1c000bae  PA:1c000bae
14210511ns          236225 1c00872a 01ca0a33 add              x20, x20, x28       x20=00000000 x20:00000000 x28:00000000
14210531ns          236226 1c00872c 00f37333 and              x6, x6, x15          x6=00000e8d  x6:0000xe8d x15:00000fff
14210551ns          236227 1c008730 41f80833 sub              x16, x16, x31       x16=00000000 x16:00000157 x31:00000157
14210571ns          236228 1c008734 011a0a33 add              x20, x20, x17       x20=00000000 x20:00000000 x17:00000000
14210591ns          236229 1c008736 01003833 sltu             x16, x0, x16        x16=00000000 x16:00000000
14210611ns          236230 1c00873a 010f5893 srli             x17, x30, 0x10      x17=0000xfb7 x30:xfb7xfdf
14210909ns          236245 1c00873e 40650533 sub              x10, x10, x6        x10=00000000 x10:00000e8d  x6:00000e8d
14210949ns          236247 1c008742 00ff7f33 and              x30, x30, x15       x30=00000fdf x30:xfb7xfdf x15:00000fff
14210969ns          236248 1c008746 010a0a33 add              x20, x20, x16       x20=00000000 x20:00000000 x16:00000000
14210989ns          236249 1c008748 00a03533 sltu             x10, x0, x10        x10=00000000 x10:00000000
14211009ns          236250 1c00874c 00f8f833 and              x16, x17, x15       x16=00000fb7 x17:0000xfb7 x15:00000fff
14211327ns          236266 1c008750 41e585b3 sub              x11, x11, x30       x11=00000000 x11:00000fdf x30:00000fdf
14211367ns          236268 1c008754 00aa0a33 add              x20, x20, x10       x20=00000000 x20:00000000 x10:00000000
14211387ns          236269 1c008756 00b035b3 sltu             x11, x0, x11        x11=00000000 x11:00000000
14211406ns          236270 1c00875a 41060633 sub              x12, x12, x16       x12=00000000 x12:00000fb7 x16:00000fb7
14211426ns          236271 1c00875e 00ba0a33 add              x20, x20, x11       x20=00000000 x20:00000000 x11:00000000
14211943ns          236297 1c008760 00c03633 sltu             x12, x0, x12        x12=00000000 x12:00000000
14211983ns          236299 1c008764 00840413 addi             x8, x8, 8            x8=0000001f  x8:00000017
14212003ns          236300 1c008766 00ca0a33 add              x20, x20, x12       x20=00000000 x20:00000000 x12:00000000
14212023ns          236301 1c008768 10068693 addi             x13, x13, 256       x13=10004220 x13:10004120
14212043ns          236302 1c00876c 04940563 beq              x8, x9, 74           x8:0000001f  x9:00000027
14212441ns          236322 1c008770 00141613 slli             x12, x8, 0x1        x12=0000003e  x8:0000001f
14212480ns          236324 1c008774 00241893 slli             x17, x8, 0x2        x17=0000007c  x8:0000001f
14212500ns          236325 1c008778 e1fff06f jal              x0, -482           
14212620ns          236331 1c008596 ff940593 addi             x11, x8, -7         x11=00000018  x8:0000001f
14212639ns          236332 1c00859a 00259813 slli             x16, x11, 0x2       x16=00000060 x11:00000018
14212699ns          236335 1c00859e 0006ae03 lw               x28, 0(x13)         x28=x089x230 x13:10004220  PA:10004220
14212739ns          236337 1c0085a2 ffa40513 addi             x10, x8, -6         x10=00000019  x8:0000001f
14212759ns          236338 1c0085a6 00e80833 add              x16, x16, x14       x16=1c000bb0 x16:00000060 x14:1c000b50
14212779ns          236339 1c0085a8 00251e93 slli             x29, x10, 0x2       x29=00000064 x10:00000019
14212799ns          236340 1c0085ac 00085383 lhu              x7, 0(x16)           x7=00000230 x16:1c000bb0  PA:1c000bb0
14213117ns          236356 1c0085b0 0046af03 lw               x30, 4(x13)         x30=xfb1x442 x13:10004220  PA:10004224
14213137ns          236357 1c0085b4 ffb40593 addi             x11, x8, -5         x11=0000001a  x8:0000001f
14213157ns          236358 1c0085b8 00285303 lhu              x6, 2(x16)           x6=00000089 x16:1c000bb0  PA:1c000bb2
14213495ns          236375 1c0085bc 01d70833 add              x16, x14, x29       x16=1c000bb4 x14:1c000b50 x29:00000064
14213515ns          236376 1c0085c0 010e5f93 srli             x31, x28, 0x10      x31=0000x089 x28:x089x230
14213534ns          236377 1c0085c4 00259993 slli             x19, x11, 0x2       x19=00000068 x11:0000001a
14213554ns          236378 1c0085c8 00085283 lhu              x5, 0(x16)           x5=00000442 x16:1c000bb4  PA:1c000bb4
14213912ns          236396 1c0085cc 00fe7e33 and              x28, x28, x15       x28=00000230 x28:x089x230 x15:00000fff
14213932ns          236397 1c0085d0 0086a083 lw               x1, 8(x13)           x1=x043x0ad x13:10004220  PA:10004228
14213952ns          236398 1c0085d4 ffc40513 addi             x10, x8, -4         x10=0000001b  x8:0000001f
14213972ns          236399 1c0085d8 013005b3 add              x11, x0, x19        x11=00000068 x19:00000068
14213992ns          236400 1c0085da 00285e83 lhu              x29, 2(x16)         x29=00000fb1 x16:1c000bb4  PA:1c000bb6
14214290ns          236415 1c0085de 41c383b3 sub              x7, x7, x28          x7=00000000  x7:00000230 x28:00000230
14214310ns          236416 1c0085e2 00fff833 and              x16, x31, x15       x16=00000089 x31:0000x089 x15:00000fff
14214330ns          236417 1c0085e6 01370e33 add              x28, x14, x19       x28=1c000bb8 x14:1c000b50 x19:00000068
14214350ns          236418 1c0085ea 00251b13 slli             x22, x10, 0x2       x22=0000006c x10:0000001b
14214370ns          236419 1c0085ee 010f5a93 srli             x21, x30, 0x10      x21=0000xfb1 x30:xfb1x442
14214390ns          236420 1c0085f2 00ff79b3 and              x19, x30, x15       x19=00000442 x30:xfb1x442 x15:00000fff
14214409ns          236421 1c0085f6 007033b3 sltu             x7, x0, x7           x7=00000000  x7:00000000
14214429ns          236422 1c0085fa 41030333 sub              x6, x6, x16          x6=00000000  x6:00000089 x16:00000089
14214449ns          236423 1c0085fe 000e5e03 lhu              x28, 0(x28)         x28=000000ad x28:1c000bb8  PA:1c000bb8
14214748ns          236438 1c008602 00b70833 add              x16, x14, x11       x16=1c000bb8 x14:1c000b50 x11:00000068
14214767ns          236439 1c008606 00c6af03 lw               x30, 12(x13)        x30=x06dxe2f x13:10004220  PA:1000422c
14214787ns          236440 1c00860a ffd40593 addi             x11, x8, -3         x11=0000001c  x8:0000001f
14214807ns          236441 1c00860e 00285f83 lhu              x31, 2(x16)         x31=00000043 x16:1c000bb8  PA:1c000bba
14215125ns          236457 1c008612 007a0a33 add              x20, x20, x7        x20=00000000 x20:00000000  x7:00000000
14215145ns          236458 1c008614 00faf833 and              x16, x21, x15       x16=00000fb1 x21:0000xfb1 x15:00000fff
14215165ns          236459 1c008618 00603333 sltu             x6, x0, x6           x6=00000000  x6:00000000
14215185ns          236460 1c00861c 413282b3 sub              x5, x5, x19          x5=00000000  x5:00000442 x19:00000442
14215205ns          236461 1c008620 016703b3 add              x7, x14, x22         x7=1c000bbc x14:1c000b50 x22:0000006c
14215225ns          236462 1c008624 410e8eb3 sub              x29, x29, x16       x29=00000000 x29:00000fb1 x16:00000fb1
14215245ns          236463 1c008628 0100da93 srli             x21, x1, 0x10       x21=0000x043  x1:x043x0ad
14215265ns          236464 1c00862c 00f0f9b3 and              x19, x1, x15        x19=000000ad  x1:x043x0ad x15:00000fff
14215304ns          236466 1c008630 01670833 add              x16, x14, x22       x16=1c000bbc x14:1c000b50 x22:0000006c
14215344ns          236468 1c008634 006a0a33 add              x20, x20, x6        x20=00000000 x20:00000000  x6:00000000
14215364ns          236469 1c008636 00259b13 slli             x22, x11, 0x2       x22=00000070 x11:0000001c
14215384ns          236470 1c00863a 005032b3 sltu             x5, x0, x5           x5=00000000  x5:00000000
14215404ns          236471 1c00863e 0003d383 lhu              x7, 0(x7)            x7=00000e2f  x7:1c000bbc  PA:1c000bbc
14215802ns          236491 1c008642 0106a083 lw               x1, 16(x13)          x1=xd1axfe2 x13:10004220  PA:10004230
14215822ns          236492 1c008646 00285303 lhu              x6, 2(x16)           x6=0000006d x16:1c000bbc  PA:1c000bbe
14216199ns          236511 1c00864a ffe40513 addi             x10, x8, -2         x10=0000001d  x8:0000001f
14216219ns          236512 1c00864e 01d03833 sltu             x16, x0, x29        x16=00000000 x29:00000000
14216239ns          236513 1c008652 005a0a33 add              x20, x20, x5        x20=00000000 x20:00000000  x5:00000000
14216259ns          236514 1c008654 00fafeb3 and              x29, x21, x15       x29=00000043 x21:0000x043 x15:00000fff
14216279ns          236515 1c008658 413e0e33 sub              x28, x28, x19       x28=00000000 x28:000000ad x19:000000ad
14216299ns          236516 1c00865c 016702b3 add              x5, x14, x22         x5=1c000bc0 x14:1c000b50 x22:00000070
14216319ns          236517 1c008660 010f5a93 srli             x21, x30, 0x10      x21=0000x06d x30:x06dxe2f
14216339ns          236518 1c008664 00ff79b3 and              x19, x30, x15       x19=00000e2f x30:x06dxe2f x15:00000fff
14216359ns          236519 1c008668 010a0a33 add              x20, x20, x16       x20=00000000 x20:00000000 x16:00000000
14216378ns          236520 1c00866a 01c03e33 sltu             x28, x0, x28        x28=00000000 x28:00000000
14216418ns          236522 1c00866e 01670833 add              x16, x14, x22       x16=1c000bc0 x14:1c000b50 x22:00000070
14216458ns          236524 1c008672 41df8fb3 sub              x31, x31, x29       x31=00000000 x31:00000043 x29:00000043
14216478ns          236525 1c008676 00251b13 slli             x22, x10, 0x2       x22=00000074 x10:0000001d
14216498ns          236526 1c00867a 0002d283 lhu              x5, 0(x5)            x5=00000fe2  x5:1c000bc0  PA:1c000bc0
14216816ns          236542 1c00867e 0146af03 lw               x30, 20(x13)        x30=x078x3a6 x13:10004220  PA:10004234
14216836ns          236543 1c008682 fff40593 addi             x11, x8, -1         x11=0000001e  x8:0000001f
14216856ns          236544 1c008686 00285e83 lhu              x29, 2(x16)         x29=00000d1a x16:1c000bc0  PA:1c000bc2
14217154ns          236559 1c00868a 01ca0a33 add              x20, x20, x28       x20=00000000 x20:00000000 x28:00000000
14217174ns          236560 1c00868c 01f03fb3 sltu             x31, x0, x31        x31=00000000 x31:00000000
14217194ns          236561 1c008690 00faf833 and              x16, x21, x15       x16=0000006d x21:0000x06d x15:00000fff
14217214ns          236562 1c008694 413383b3 sub              x7, x7, x19          x7=00000000  x7:00000e2f x19:00000e2f
14217234ns          236563 1c008698 01670e33 add              x28, x14, x22       x28=1c000bc4 x14:1c000b50 x22:00000074
14217253ns          236564 1c00869c 41030833 sub              x16, x6, x16        x16=00000000  x6:0000006d x16:0000006d
14217293ns          236566 1c0086a0 01fa0a33 add              x20, x20, x31       x20=00000000 x20:00000000 x31:00000000
14217333ns          236568 1c0086a2 007033b3 sltu             x7, x0, x7           x7=00000000  x7:00000000
14217353ns          236569 1c0086a6 0100d993 srli             x19, x1, 0x10       x19=0000xd1a  x1:xd1axfe2
14217373ns          236570 1c0086aa 01670533 add              x10, x14, x22       x10=1c000bc4 x14:1c000b50 x22:00000074
14217432ns          236573 1c0086ae 00f0f0b3 and              x1, x1, x15          x1=00000fe2  x1:xd1axfe2 x15:00000fff
14217472ns          236575 1c0086b2 00259a93 slli             x21, x11, 0x2       x21=00000078 x11:0000001e
14217492ns          236576 1c0086b6 000e5e03 lhu              x28, 0(x28)         x28=000003a6 x28:1c000bc4  PA:1c000bc4
14217790ns          236591 1c0086ba 0186af83 lw               x31, 24(x13)        x31=xd84xe7f x13:10004220  PA:10004238
14217810ns          236592 1c0086be 00255303 lhu              x6, 2(x10)           x6=00000078 x10:1c000bc4  PA:1c000bc6
14218129ns          236608 1c0086c2 007a0a33 add              x20, x20, x7        x20=00000000 x20:00000000  x7:00000000
14218148ns          236609 1c0086c4 01003533 sltu             x10, x0, x16        x10=00000000 x16:00000000
14218168ns          236610 1c0086c8 00f9f3b3 and              x7, x19, x15         x7=00000d1a x19:0000xd1a x15:00000fff
14218188ns          236611 1c0086cc 401282b3 sub              x5, x5, x1           x5=00000000  x5:00000fe2  x1:00000fe2
14218208ns          236612 1c0086d0 01570833 add              x16, x14, x21       x16=1c000bc8 x14:1c000b50 x21:00000078
14218228ns          236613 1c0086d4 00aa0a33 add              x20, x20, x10       x20=00000000 x20:00000000 x10:00000000
14218248ns          236614 1c0086d6 005032b3 sltu             x5, x0, x5           x5=00000000  x5:00000000
14218268ns          236615 1c0086da 407e8eb3 sub              x29, x29, x7        x29=00000000 x29:00000d1a  x7:00000d1a
14218308ns          236617 1c0086de 010f5093 srli             x1, x30, 0x10        x1=0000x078 x30:x078x3a6
14218347ns          236619 1c0086e2 00ff73b3 and              x7, x30, x15         x7=000003a6 x30:x078x3a6 x15:00000fff
14218367ns          236620 1c0086e6 015705b3 add              x11, x14, x21       x11=1c000bc8 x14:1c000b50 x21:00000078
14218387ns          236621 1c0086ea 00085803 lhu              x16, 0(x16)         x16=00000e7f x16:1c000bc8  PA:1c000bc8
14218685ns          236636 1c0086ee 00160613 addi             x12, x12, 1         x12=0000003f x12:0000003e
14218705ns          236637 1c0086f0 01c6af03 lw               x30, 28(x13)        x30=x008x01d x13:10004220  PA:1000423c
14218725ns          236638 1c0086f4 0025d503 lhu              x10, 2(x11)         x10=00000d84 x11:1c000bc8  PA:1c000bca
14219024ns          236653 1c0086f8 005a0a33 add              x20, x20, x5        x20=00000000 x20:00000000  x5:00000000
14219043ns          236654 1c0086fa 00e888b3 add              x17, x17, x14       x17=1c000bcc x17:0000007c x14:1c000b50
14219063ns          236655 1c0086fc 01d03eb3 sltu             x29, x0, x29        x29=00000000 x29:00000000
14219083ns          236656 1c008700 00f0f2b3 and              x5, x1, x15          x5=00000078  x1:0000x078 x15:00000fff
14219103ns          236657 1c008704 407e0e33 sub              x28, x28, x7        x28=00000000 x28:000003a6  x7:000003a6
14219123ns          236658 1c008708 00161613 slli             x12, x12, 0x1       x12=0000007e x12:0000003f
14219143ns          236659 1c00870a 0008d583 lhu              x11, 0(x17)         x11=0000001d x17:1c000bcc  PA:1c000bcc
14219461ns          236675 1c00870e 01da0a33 add              x20, x20, x29       x20=00000000 x20:00000000 x29:00000000
14219481ns          236676 1c008710 405308b3 sub              x17, x6, x5         x17=00000000  x6:00000078  x5:00000078
14219501ns          236677 1c008714 01c03e33 sltu             x28, x0, x28        x28=00000000 x28:00000000
14219521ns          236678 1c008718 010fd313 srli             x6, x31, 0x10        x6=0000xd84 x31:xd84xe7f
14219541ns          236679 1c00871c 00e60633 add              x12, x12, x14       x12=1c000bce x12:0000007e x14:1c000b50
14219580ns          236681 1c00871e 00ffffb3 and              x31, x31, x15       x31=00000e7f x31:xd84xe7f x15:00000fff
14219620ns          236683 1c008722 011038b3 sltu             x17, x0, x17        x17=00000000 x17:00000000
14219640ns          236684 1c008726 00065603 lhu              x12, 0(x12)         x12=00000008 x12:1c000bce  PA:1c000bce
14219938ns          236699 1c00872a 01ca0a33 add              x20, x20, x28       x20=00000000 x20:00000000 x28:00000000
14219958ns          236700 1c00872c 00f37333 and              x6, x6, x15          x6=00000d84  x6:0000xd84 x15:00000fff
14219978ns          236701 1c008730 41f80833 sub              x16, x16, x31       x16=00000000 x16:00000e7f x31:00000e7f
14219998ns          236702 1c008734 011a0a33 add              x20, x20, x17       x20=00000000 x20:00000000 x17:00000000
14220018ns          236703 1c008736 01003833 sltu             x16, x0, x16        x16=00000000 x16:00000000
14220038ns          236704 1c00873a 010f5893 srli             x17, x30, 0x10      x17=0000x008 x30:x008x01d
14220078ns          236706 1c00873e 40650533 sub              x10, x10, x6        x10=00000000 x10:00000d84  x6:00000d84
14220117ns          236708 1c008742 00ff7f33 and              x30, x30, x15       x30=0000001d x30:x008x01d x15:00000fff
14220137ns          236709 1c008746 010a0a33 add              x20, x20, x16       x20=00000000 x20:00000000 x16:00000000
14220157ns          236710 1c008748 00a03533 sltu             x10, x0, x10        x10=00000000 x10:00000000
14220177ns          236711 1c00874c 00f8f833 and              x16, x17, x15       x16=00000008 x17:0000x008 x15:00000fff
14220217ns          236713 1c008750 41e585b3 sub              x11, x11, x30       x11=00000000 x11:0000001d x30:0000001d
14220257ns          236715 1c008754 00aa0a33 add              x20, x20, x10       x20=00000000 x20:00000000 x10:00000000
14220276ns          236716 1c008756 00b035b3 sltu             x11, x0, x11        x11=00000000 x11:00000000
14220296ns          236717 1c00875a 41060633 sub              x12, x12, x16       x12=00000000 x12:00000008 x16:00000008
14220316ns          236718 1c00875e 00ba0a33 add              x20, x20, x11       x20=00000000 x20:00000000 x11:00000000
14220336ns          236719 1c008760 00c03633 sltu             x12, x0, x12        x12=00000000 x12:00000000
14220356ns          236720 1c008764 00840413 addi             x8, x8, 8            x8=00000027  x8:0000001f
14220376ns          236721 1c008766 00ca0a33 add              x20, x20, x12       x20=00000000 x20:00000000 x12:00000000
14220396ns          236722 1c008768 10068693 addi             x13, x13, 256       x13=10004320 x13:10004220
14220416ns          236723 1c00876c 04940563 beq              x8, x9, 74           x8:00000027  x9:00000027
14220714ns          236738 1c0087b6 1c000537 lui              x10, 0x1c000000     x10=1c000000
14220734ns          236739 1c0087ba 014006b3 add              x13, x0, x20        x13=00000000 x20:00000000
14220754ns          236740 1c0087bc 01200633 add              x12, x0, x18        x12=00000001 x18:00000001
14220794ns          236742 1c0087be 00190593 addi             x11, x18, 1         x11=00000002 x18:00000001
14220833ns          236744 1c0087c2 05850513 addi             x10, x10, 88        x10=1c000058 x10:1c000000
14220853ns          236745 1c0087c6 434000ef jal              x1, 1076             x1=1c0087c8
14220933ns          236749 1c008bfa fc010113 addi             x2, x2, -64          x2=10000f58  x2:10000f98
14220973ns          236751 1c008bfc 02410313 addi             x6, x2, 36           x6=10000f7c  x2:10000f58
14221032ns          236754 1c008c00 02c12423 sw               x12, 40(x2)         x12:00000001  x2:10000f58  PA:10000f80
14221052ns          236755 1c008c02 00a00633 add              x12, x0, x10        x12=1c000058 x10:1c000058
14221072ns          236756 1c008c04 1c009537 lui              x10, 0x1c009000     x10=1c009000
14221092ns          236757 1c008c08 02b12223 sw               x11, 36(x2)         x11:00000002  x2:10000f58  PA:10000f7c
14221112ns          236758 1c008c0a 02d12623 sw               x13, 44(x2)         x13:00000000  x2:10000f58  PA:10000f84
14221132ns          236759 1c008c0c 00200593 addi             x11, x0, 2          x11=00000002
14221152ns          236760 1c008c0e 006006b3 add              x13, x0, x6         x13=10000f7c  x6:10000f7c
14221171ns          236761 1c008c10 bb650513 addi             x10, x10, -1098     x10=1c008bb6 x10:1c009000
14221211ns          236763 1c008c14 00112e23 sw               x1, 28(x2)           x1:1c0087c8  x2:10000f58  PA:10000f74
14221231ns          236764 1c008c16 02e12823 sw               x14, 48(x2)         x14:1c000b50  x2:10000f58  PA:10000f88
14221251ns          236765 1c008c18 02f12a23 sw               x15, 52(x2)         x15:00000fff  x2:10000f58  PA:10000f8c
14221271ns          236766 1c008c1a 03012c23 sw               x16, 56(x2)         x16:00000008  x2:10000f58  PA:10000f90
14221291ns          236767 1c008c1c 03112e23 sw               x17, 60(x2)         x17:0000x008  x2:10000f58  PA:10000f94
14221311ns          236768 1c008c1e 00612623 sw               x6, 12(x2)           x6:10000f7c  x2:10000f58  PA:10000f64
14221331ns          236769 1c008c20 fbfff0ef jal              x1, -66              x1=1c008c22
14221410ns          236773 1c008bde 04a0006f jal              x0, 74             
14221450ns          236775 1c008c28 ec010113 addi             x2, x2, -320         x2=10000e18  x2:10000f58
14221470ns          236776 1c008c2a 13312623 sw               x19, 300(x2)        x19:0000xd1a  x2:10000e18  PA:10000f44
14221529ns          236779 1c008c2e 12112e23 sw               x1, 316(x2)          x1:1c008c22  x2:10000e18  PA:10000f54
14221569ns          236781 1c008c32 12812c23 sw               x8, 312(x2)          x8:00000027  x2:10000e18  PA:10000f50
14221589ns          236782 1c008c36 12912a23 sw               x9, 308(x2)          x9:00000027  x2:10000e18  PA:10000f4c
14221609ns          236783 1c008c3a 13212823 sw               x18, 304(x2)        x18:00000001  x2:10000e18  PA:10000f48
14221669ns          236786 1c008c3e 13412423 sw               x20, 296(x2)        x20:00000000  x2:10000e18  PA:10000f40
14221708ns          236788 1c008c42 13512223 sw               x21, 292(x2)        x21:00000078  x2:10000e18  PA:10000f3c
14221728ns          236789 1c008c46 13612023 sw               x22, 288(x2)        x22:00000074  x2:10000e18  PA:10000f38
14221748ns          236790 1c008c4a 11712e23 sw               x23, 284(x2)        x23:00000790  x2:10000e18  PA:10000f34
14221808ns          236793 1c008c4e 11812c23 sw               x24, 280(x2)        x24:00000778  x2:10000e18  PA:10000f30
14221848ns          236795 1c008c52 11912a23 sw               x25, 276(x2)        x25:1c000938  x2:10000e18  PA:10000f2c
14221867ns          236796 1c008c56 11a12823 sw               x26, 272(x2)        x26:0ef40000  x2:10000e18  PA:10000f28
14221887ns          236797 1c008c5a 11b12623 sw               x27, 268(x2)        x27:08d200d0  x2:10000e18  PA:10000f24
14221907ns          236798 1c008c5e 00c009b3 add              x19, x0, x12        x19=1c000058 x12:1c000058
14221947ns          236800 1c008c60 0019c78b p.lbu            x15, 1(x19!)        x15=00000046 x19=1c000059 x19:1c000058  PA:1c000058
14222305ns          236818 1c008c64 00d12c23 sw               x13, 24(x2)         x13:10000f7c  x2:10000e18  PA:10000e30
14222325ns          236819 1c008c66 6a0788e3 beq              x15, x0, 3760       x15:00000046
14222345ns          236820 1c008c6a 1c000737 lui              x14, 0x1c000000     x14=1c000000
14222365ns          236821 1c008c6e 0c472703 lw               x14, 196(x14)       x14=20202020 x14:1c000000  PA:1c0000c4
14222663ns          236836 1c008c72 03410d93 addi             x27, x2, 52         x27=10000e4c  x2:10000e18
14222683ns          236837 1c008c76 00a00cb3 add              x25, x0, x10        x25=1c008bb6 x10:1c008bb6
14222703ns          236838 1c008c78 02e12023 sw               x14, 32(x2)         x14:20202020  x2:10000e18  PA:10000e38
14222723ns          236839 1c008c7a 03610713 addi             x14, x2, 54         x14=10000e4e  x2:10000e18
14222743ns          236840 1c008c7e fff74713 xori             x14, x14, -1        x14=effff1b1 x14:10000e4e
14222762ns          236841 1c008c82 02e12223 sw               x14, 36(x2)         x14:effff1b1  x2:10000e18  PA:10000e3c
14222782ns          236842 1c008c84 fffdc713 xori             x14, x27, -1        x14=effff1b3 x27:10000e4c
14222802ns          236843 1c008c88 00b004b3 add              x9, x0, x11          x9=00000002 x11:00000002
14222822ns          236844 1c008c8a 00000413 addi             x8, x0, 0            x8=00000000
14222842ns          236845 1c008c8c 1c000d37 lui              x26, 0x1c000000     x26=1c000000
14222862ns          236846 1c008c90 02e12423 sw               x14, 40(x2)         x14:effff1b3  x2:10000e18  PA:10000e40
14222882ns          236847 1c008c92 01300a33 add              x20, x0, x19        x20=1c000059 x19:1c000059
14222902ns          236848 1c008c94 00f00533 add              x10, x0, x15        x10=00000046 x15:00000046
14222922ns          236849 1c008c96 02500793 addi             x15, x0, 37         x15=00000025
14222941ns          236850 1c008c9a 04f50763 beq              x10, x15, 78        x10:00000046 x15:00000025
14222961ns          236851 1c008c9e 009005b3 add              x11, x0, x9         x11=00000002  x9:00000002
14223001ns          236853 1c008ca0 000c80e7 jalr             x1, x25, 0           x1=1c008ca2 x25:1c008bb6
14223459ns          236876 1c008bb6 000026b7 lui              x13, 0x2000         x13=00002000
14223498ns          236878 1c008bb8 f8068693 addi             x13, x13, -128      x13=00001f80 x13:00002000
14223518ns          236879 1c008bbc f14027f3 csrrs            x15, x0, 0xf14      x15=00000001
14223578ns          236882 1c008bc0 00379713 slli             x14, x15, 0x3       x14=00000008 x15:00000001
14223618ns          236884 1c008bc4 00279793 slli             x15, x15, 0x2       x15=00000004 x15:00000001
14223638ns          236885 1c008bc6 00d7f7b3 and              x15, x15, x13       x15=00000000 x15:00000004 x13:00001f80
14223657ns          236886 1c008bc8 ee873733 p.bclr           x14, x14, 23, 8     x14=00000008 x14:00000008
14223677ns          236887 1c008bcc 1a10f6b7 lui              x13, 0x1a10f000     x13=1a10f000
14223697ns          236888 1c008bd0 00d70733 add              x14, x14, x13       x14=1a10f008 x14:00000008 x13:1a10f000
14223717ns          236889 1c008bd2 00e787b3 add              x15, x15, x14       x15=1a10f008 x15:00000000 x14:1a10f008
14223737ns          236890 1c008bd4 0ff57513 andi             x10, x10, 255       x10=00000046 x10:00000046
14223757ns          236891 1c008bd8 00a7a023 sw               x10, 0(x15)         x10:00000046 x15:1a10f008  PA:1a10f008
14224155ns          236911 1c008bda 00000513 addi             x10, x0, 0          x10=00000000
14224174ns          236912 1c008bdc 00008067 jalr             x0, x1, 0            x1:1c008ca2
14224234ns          236915 1c008ca2 4df52863 p.beqimm         x10, 1232           x10:00000000
14224254ns          236916 1c008ca6 00140413 addi             x8, x8, 1            x8=00000001  x8:00000000
14224274ns          236917 1c008ca8 001a450b p.lbu            x10, 1(x20!)        x10=00000046 x20=1c00005a x20:1c000059  PA:1c000059
14224592ns          236933 1c008cac fe0515e3 bne              x10, x0, -22        x10:00000046
14224672ns          236937 1c008c96 02500793 addi             x15, x0, 37         x15=00000025
14224692ns          236938 1c008c9a 04f50763 beq              x10, x15, 78        x10:00000046 x15:00000025
14224711ns          236939 1c008c9e 009005b3 add              x11, x0, x9         x11=00000002  x9:00000002
14224731ns          236940 1c008ca0 000c80e7 jalr             x1, x25, 0           x1=1c008ca2 x25:1c008bb6
14224771ns          236942 1c008bb6 000026b7 lui              x13, 0x2000         x13=00002000
14224791ns          236943 1c008bb8 f8068693 addi             x13, x13, -128      x13=00001f80 x13:00002000
14224811ns          236944 1c008bbc f14027f3 csrrs            x15, x0, 0xf14      x15=00000001
14224831ns          236945 1c008bc0 00379713 slli             x14, x15, 0x3       x14=00000008 x15:00000001
14224851ns          236946 1c008bc4 00279793 slli             x15, x15, 0x2       x15=00000004 x15:00000001
14224871ns          236947 1c008bc6 00d7f7b3 and              x15, x15, x13       x15=00000000 x15:00000004 x13:00001f80
14224890ns          236948 1c008bc8 ee873733 p.bclr           x14, x14, 23, 8     x14=00000008 x14:00000008
14224910ns          236949 1c008bcc 1a10f6b7 lui              x13, 0x1a10f000     x13=1a10f000
14224930ns          236950 1c008bd0 00d70733 add              x14, x14, x13       x14=1a10f008 x14:00000008 x13:1a10f000
14224950ns          236951 1c008bd2 00e787b3 add              x15, x15, x14       x15=1a10f008 x15:00000000 x14:1a10f008
14224970ns          236952 1c008bd4 0ff57513 andi             x10, x10, 255       x10=00000046 x10:00000046
14224990ns          236953 1c008bd8 00a7a023 sw               x10, 0(x15)         x10:00000046 x15:1a10f008  PA:1a10f008
14225328ns          236970 1c008bda 00000513 addi             x10, x0, 0          x10=00000000
14225348ns          236971 1c008bdc 00008067 jalr             x0, x1, 0            x1:1c008ca2
14225408ns          236974 1c008ca2 4df52863 p.beqimm         x10, 1232           x10:00000000
14225427ns          236975 1c008ca6 00140413 addi             x8, x8, 1            x8=00000002  x8:00000001
14225447ns          236976 1c008ca8 001a450b p.lbu            x10, 1(x20!)        x10=00000054 x20=1c00005b x20:1c00005a  PA:1c00005a
14225766ns          236992 1c008cac fe0515e3 bne              x10, x0, -22        x10:00000054
14225845ns          236996 1c008c96 02500793 addi             x15, x0, 37         x15=00000025
14225865ns          236997 1c008c9a 04f50763 beq              x10, x15, 78        x10:00000054 x15:00000025
14225885ns          236998 1c008c9e 009005b3 add              x11, x0, x9         x11=00000002  x9:00000002
14225905ns          236999 1c008ca0 000c80e7 jalr             x1, x25, 0           x1=1c008ca2 x25:1c008bb6
14225945ns          237001 1c008bb6 000026b7 lui              x13, 0x2000         x13=00002000
14225964ns          237002 1c008bb8 f8068693 addi             x13, x13, -128      x13=00001f80 x13:00002000
14225984ns          237003 1c008bbc f14027f3 csrrs            x15, x0, 0xf14      x15=00000001
14226004ns          237004 1c008bc0 00379713 slli             x14, x15, 0x3       x14=00000008 x15:00000001
14226024ns          237005 1c008bc4 00279793 slli             x15, x15, 0x2       x15=00000004 x15:00000001
14226044ns          237006 1c008bc6 00d7f7b3 and              x15, x15, x13       x15=00000000 x15:00000004 x13:00001f80
14226064ns          237007 1c008bc8 ee873733 p.bclr           x14, x14, 23, 8     x14=00000008 x14:00000008
14226084ns          237008 1c008bcc 1a10f6b7 lui              x13, 0x1a10f000     x13=1a10f000
14226104ns          237009 1c008bd0 00d70733 add              x14, x14, x13       x14=1a10f008 x14:00000008 x13:1a10f000
14226124ns          237010 1c008bd2 00e787b3 add              x15, x15, x14       x15=1a10f008 x15:00000000 x14:1a10f008
14226143ns          237011 1c008bd4 0ff57513 andi             x10, x10, 255       x10=00000054 x10:00000054
14226163ns          237012 1c008bd8 00a7a023 sw               x10, 0(x15)         x10:00000054 x15:1a10f008  PA:1a10f008
14226482ns          237028 1c008bda 00000513 addi             x10, x0, 0          x10=00000000
14226501ns          237029 1c008bdc 00008067 jalr             x0, x1, 0            x1:1c008ca2
14226561ns          237032 1c008ca2 4df52863 p.beqimm         x10, 1232           x10:00000000
14226581ns          237033 1c008ca6 00140413 addi             x8, x8, 1            x8=00000003  x8:00000002
14226601ns          237034 1c008ca8 001a450b p.lbu            x10, 1(x20!)        x10=00000025 x20=1c00005c x20:1c00005b  PA:1c00005b
14226919ns          237050 1c008cac fe0515e3 bne              x10, x0, -22        x10:00000025
14226999ns          237054 1c008c96 02500793 addi             x15, x0, 37         x15=00000025
14227018ns          237055 1c008c9a 04f50763 beq              x10, x15, 78        x10:00000025 x15:00000025
14227118ns          237060 1c008ce8 01400c33 add              x24, x0, x20        x24=1c00005c x20:1c00005c
14227158ns          237062 1c008cea 000c4a03 lbu              x20, 0(x24)         x20=00000064 x24:1c00005c  PA:1c00005c
14227496ns          237079 1c008cee 0b4d0513 addi             x10, x26, 180       x10=1c0000b4 x26:1c000000
14227516ns          237080 1c008cf2 00912e23 sw               x9, 28(x2)           x9:00000002  x2:10000e18  PA:10000e34
14227536ns          237081 1c008cf4 014005b3 add              x11, x0, x20        x11=00000064 x20:00000064
14227555ns          237082 1c008cf6 00012823 sw               x0, 16(x2)           x2:10000e18  PA:10000e28
14227575ns          237083 1c008cf8 00012a23 sw               x0, 20(x2)           x2:10000e18  PA:10000e2c
14227595ns          237084 1c008cfa 00012623 sw               x0, 12(x2)           x2:10000e18  PA:10000e24
14227615ns          237085 1c008cfc 001c0493 addi             x9, x24, 1           x9=1c00005d x24:1c00005c
14227635ns          237086 1c008d00 e41ff0ef jal              x1, -448             x1=1c008d02
14227715ns          237090 1c008b40 00054703 lbu              x14, 0(x10)         x14=0000002d x10:1c0000b4  PA:1c0000b4
14228033ns          237106 1c008b44 0ff5f593 andi             x11, x11, 255       x11=00000064 x11:00000064
14228053ns          237107 1c008b48 00a007b3 add              x15, x0, x10        x15=1c0000b4 x10:1c0000b4
14228073ns          237108 1c008b4a 00b70863 beq              x14, x11, 16        x14:0000002d x11:00000064
14228092ns          237109 1c008b4e 00070863 beq              x14, x0, 16         x14:0000002d
14228112ns          237110 1c008b50 0017c703 lbu              x14, 1(x15)         x14=0000002b x15:1c0000b4  PA:1c0000b5
14228411ns          237125 1c008b54 00178793 addi             x15, x15, 1         x15=1c0000b5 x15:1c0000b4
14228431ns          237126 1c008b56 feb71ce3 bne              x14, x11, -8        x14:0000002b x11:00000064
14228490ns          237129 1c008b4e 00070863 beq              x14, x0, 16         x14:0000002b
14228510ns          237130 1c008b50 0017c703 lbu              x14, 1(x15)         x14=00000020 x15:1c0000b5  PA:1c0000b6
14228828ns          237146 1c008b54 00178793 addi             x15, x15, 1         x15=1c0000b6 x15:1c0000b5
14228848ns          237147 1c008b56 feb71ce3 bne              x14, x11, -8        x14:00000020 x11:00000064
14228908ns          237150 1c008b4e 00070863 beq              x14, x0, 16         x14:00000020
14228928ns          237151 1c008b50 0017c703 lbu              x14, 1(x15)         x14=00000023 x15:1c0000b6  PA:1c0000b7
14229226ns          237166 1c008b54 00178793 addi             x15, x15, 1         x15=1c0000b7 x15:1c0000b6
14229246ns          237167 1c008b56 feb71ce3 bne              x14, x11, -8        x14:00000023 x11:00000064
14229306ns          237170 1c008b4e 00070863 beq              x14, x0, 16         x14:00000023
14229325ns          237171 1c008b50 0017c703 lbu              x14, 1(x15)         x14=00000030 x15:1c0000b7  PA:1c0000b8
14229624ns          237186 1c008b54 00178793 addi             x15, x15, 1         x15=1c0000b8 x15:1c0000b7
14229644ns          237187 1c008b56 feb71ce3 bne              x14, x11, -8        x14:00000030 x11:00000064
14229703ns          237190 1c008b4e 00070863 beq              x14, x0, 16         x14:00000030
14229723ns          237191 1c008b50 0017c703 lbu              x14, 1(x15)         x14=00000000 x15:1c0000b8  PA:1c0000b9
14230022ns          237206 1c008b54 00178793 addi             x15, x15, 1         x15=1c0000b9 x15:1c0000b8
14230041ns          237207 1c008b56 feb71ce3 bne              x14, x11, -8        x14:00000000 x11:00000064
14230101ns          237210 1c008b4e 00070863 beq              x14, x0, 16         x14:00000000
14230161ns          237213 1c008b5e 00000513 addi             x10, x0, 0          x10=00000000
14230181ns          237214 1c008b60 fe058de3 beq              x11, x0, -6         x11:00000064
14230201ns          237215 1c008b62 00008067 jalr             x0, x1, 0            x1:1c008d02
14230260ns          237218 1c008d02 02000913 addi             x18, x0, 32         x18=00000020
14230280ns          237219 1c008d06 00000993 addi             x19, x0, 0          x19=00000000
14230300ns          237220 1c008d08 02b00a93 addi             x21, x0, 43         x21=0000002b
14230320ns          237221 1c008d0c 02d00b93 addi             x23, x0, 45         x23=0000002d
14230360ns          237223 1c008d10 03000b13 addi             x22, x0, 48         x22=00000030
14230399ns          237225 1c008d14 00900633 add              x12, x0, x9         x12=1c00005d  x9:1c00005d
14230419ns          237226 1c008d16 02050963 beq              x10, x0, 50         x10:00000000
14230578ns          237234 1c008d48 03312623 sw               x19, 44(x2)         x19:00000000  x2:10000e18  PA:10000e44
14230618ns          237236 1c008d4a 02a00693 addi             x13, x0, 42         x13=0000002a
14230638ns          237237 1c008d4e 014009b3 add              x19, x0, x20        x19=00000064 x20:00000064
14230678ns          237239 1c008d50 01800a33 add              x20, x0, x24        x20=1c00005c x24:1c00005c
14230698ns          237240 1c008d52 00900c33 add              x24, x0, x9         x24=1c00005d  x9:1c00005d
14230718ns          237241 1c008d54 01c12483 lw               x9, 28(x2)           x9=00000002  x2:10000e18  PA:10000e34
14230738ns          237242 1c008d56 42d98063 beq              x19, x13, 1056      x19:00000064 x13:0000002a
14230757ns          237243 1c008d5a fd098693 addi             x13, x19, -48       x13=00000034 x19:00000064
14230777ns          237244 1c008d5e 00900513 addi             x10, x0, 9          x10=00000009
14231175ns          237264 1c008d60 00000a93 addi             x21, x0, 0          x21=00000000
14231215ns          237266 1c008d62 3cd57f63 bgeu             x10, x13, 990       x10:00000009 x13:00000034
14231235ns          237267 1c008d66 02e00793 addi             x15, x0, 46         x15=0000002e
14231255ns          237268 1c008d6a fff00b13 addi             x22, x0, -1         x22=ffffffff
14231275ns          237269 1c008d6c 04f981e3 beq              x19, x15, 2114      x19:00000064 x15:0000002e
14231314ns          237271 1c008d70 1c0007b7 lui              x15, 0x1c000000     x15=1c000000
14231354ns          237273 1c008d74 013005b3 add              x11, x0, x19        x11=00000064 x19:00000064
14231374ns          237274 1c008d76 0bc78513 addi             x10, x15, 188       x10=1c0000bc x15:1c000000
14231394ns          237275 1c008d7a 00c12e23 sw               x12, 28(x2)         x12:1c00005d  x2:10000e18  PA:10000e34
14231414ns          237276 1c008d7c dc5ff0ef jal              x1, -572             x1=1c008d7e
14231493ns          237280 1c008b40 00054703 lbu              x14, 0(x10)         x14=00000068 x10:1c0000bc  PA:1c0000bc
14231792ns          237295 1c008b44 0ff5f593 andi             x11, x11, 255       x11=00000064 x11:00000064
14231811ns          237296 1c008b48 00a007b3 add              x15, x0, x10        x15=1c0000bc x10:1c0000bc
14231831ns          237297 1c008b4a 00b70863 beq              x14, x11, 16        x14:00000068 x11:00000064
14231851ns          237298 1c008b4e 00070863 beq              x14, x0, 16         x14:00000068
14231871ns          237299 1c008b50 0017c703 lbu              x14, 1(x15)         x14=0000006c x15:1c0000bc  PA:1c0000bd
14232169ns          237314 1c008b54 00178793 addi             x15, x15, 1         x15=1c0000bd x15:1c0000bc
14232189ns          237315 1c008b56 feb71ce3 bne              x14, x11, -8        x14:0000006c x11:00000064
14232249ns          237318 1c008b4e 00070863 beq              x14, x0, 16         x14:0000006c
14232269ns          237319 1c008b50 0017c703 lbu              x14, 1(x15)         x14=0000004c x15:1c0000bd  PA:1c0000be
14232587ns          237335 1c008b54 00178793 addi             x15, x15, 1         x15=1c0000be x15:1c0000bd
14232607ns          237336 1c008b56 feb71ce3 bne              x14, x11, -8        x14:0000004c x11:00000064
14232667ns          237339 1c008b4e 00070863 beq              x14, x0, 16         x14:0000004c
14232687ns          237340 1c008b50 0017c703 lbu              x14, 1(x15)         x14=0000007a x15:1c0000be  PA:1c0000bf
14233005ns          237356 1c008b54 00178793 addi             x15, x15, 1         x15=1c0000bf x15:1c0000be
14233025ns          237357 1c008b56 feb71ce3 bne              x14, x11, -8        x14:0000007a x11:00000064
14233084ns          237360 1c008b4e 00070863 beq              x14, x0, 16         x14:0000007a
14233104ns          237361 1c008b50 0017c703 lbu              x14, 1(x15)         x14=00000000 x15:1c0000bf  PA:1c0000c0
14233403ns          237376 1c008b54 00178793 addi             x15, x15, 1         x15=1c0000c0 x15:1c0000bf
14233422ns          237377 1c008b56 feb71ce3 bne              x14, x11, -8        x14:00000000 x11:00000064
14233482ns          237380 1c008b4e 00070863 beq              x14, x0, 16         x14:00000000
14233542ns          237383 1c008b5e 00000513 addi             x10, x0, 0          x10=00000000
14233562ns          237384 1c008b60 fe058de3 beq              x11, x0, -6         x11:00000064
14233582ns          237385 1c008b62 00008067 jalr             x0, x1, 0            x1:1c008d7e
14233621ns          237387 1c008d7e 01c12603 lw               x12, 28(x2)         x12=1c00005d  x2:10000e18  PA:10000e34
14233661ns          237389 1c008d80 00c00a33 add              x20, x0, x12        x20=1c00005d x12:1c00005d
14233681ns          237390 1c008d82 00050563 beq              x10, x0, 10         x10:00000000
14234158ns          237414 1c008d8c 06900793 addi             x15, x0, 105        x15=00000069
14234178ns          237415 1c008d90 1cf98be3 beq              x19, x15, 2518      x19:00000064 x15:00000069
14234198ns          237416 1c008d94 4b37ce63 blt              x15, x19, 1212      x15:00000069 x19:00000064
14234218ns          237417 1c008d98 05800793 addi             x15, x0, 88         x15=00000058
14234238ns          237418 1c008d9c 4cf98863 beq              x19, x15, 1232      x19:00000064 x15:00000058
14234715ns          237442 1c008da0 3f37cd63 blt              x15, x19, 1018      x15:00000058 x19:00000064
14234854ns          237449 1c00919a 06400793 addi             x15, x0, 100        x15=00000064
14234914ns          237452 1c00919e 5cf98463 beq              x19, x15, 1480      x19:00000064 x15:00000064
14235013ns          237457 1c009766 01812b83 lw               x23, 24(x2)         x23=10000f7c  x2:10000e18  PA:10000e30
14235053ns          237459 1c009768 004ba60b p.lw             x12, 4(x23!)        x12=00000002 x23=10000f80 x23:10000f7c  PA:10000f7c
14235093ns          237461 1c00976c 48064963 blt              x12, x0, 1170       x12:00000002
14235133ns          237463 1c009770 01412783 lw               x15, 20(x2)         x15=00000000  x2:10000e18  PA:10000e2c
14235153ns          237464 1c009772 00c00733 add              x14, x0, x12        x14=00000002 x12:00000002
14235173ns          237465 1c009774 56078863 beq              x15, x0, 1392       x15:00000000
14235272ns          237470 1c009ce4 01012783 lw               x15, 16(x2)         x15=00000000  x2:10000e18  PA:10000e28
14235292ns          237471 1c009ce6 01b00533 add              x10, x0, x27        x10=10000e4c x27:10000e4c
14235312ns          237472 1c009ce8 a8078ee3 beq              x15, x0, -1380      x15:00000000
14235471ns          237480 1c009784 00a007b3 add              x15, x0, x10        x15=10000e4c x10:10000e4c
14235491ns          237481 1c009786 00a00593 addi             x11, x0, 10         x11=0000000a
14235511ns          237482 1c009788 00900313 addi             x6, x0, 9            x6=00000009
14235531ns          237483 1c00978a 02b776b3 remu             x13, x14, x11       x13=00000002 x14:00000002 x11:0000000a
14236147ns          237514 1c00978e 00e00833 add              x16, x0, x14        x16=00000002 x14:00000002
14236167ns          237515 1c009790 00f008b3 add              x17, x0, x15        x17=10000e4c x15:10000e4c
14236187ns          237516 1c009792 03068693 addi             x13, x13, 48        x13=00000032 x13:00000002
14236207ns          237517 1c009796 00d780ab p.sb             x13, 1(x15!)        x15=10000e4d x13:00000032 x15:10000e4c  PA:10000e4c
14236227ns          237518 1c00979a 02b75733 divu             x14, x14, x11       x14=00000000 x14:00000002 x11:0000000a
14236863ns          237550 1c00979e ff0366e3 bltu             x6, x16, -20         x6:00000009 x16:00000002
14236883ns          237551 1c0097a2 40a78733 sub              x14, x15, x10       x14=00000001 x15:10000e4d x10:10000e4c
14236903ns          237552 1c0097a6 01675c63 bge              x14, x22, 24        x14:00000001 x22:ffffffff
14237519ns          237583 1c0097be 00078023 sb               x0, 0(x15)          x15:10000e4d  PA:10000e4d
14237559ns          237585 1c0097c2 0b157563 bgeu             x10, x17, 170       x10:10000e4c x17:10000e4c
14237659ns          237590 1c00986c 01412703 lw               x14, 20(x2)         x14=00000000  x2:10000e18  PA:10000e2c
14237678ns          237591 1c00986e 01012683 lw               x13, 16(x2)         x13=00000000  x2:10000e18  PA:10000e28
14237738ns          237594 1c009870 41b787b3 sub              x15, x15, x27       x15=00000001 x15:10000e4d x27:10000e4c
14237778ns          237596 1c009874 00d76733 or               x14, x14, x13       x14=00000000 x14:00000000 x13:00000000
14237798ns          237597 1c009876 02e12623 sw               x14, 44(x2)         x14:00000000  x2:10000e18  PA:10000e44
14237857ns          237600 1c009878 b0071be3 bne              x14, x0, -1258      x14:00000000
14237877ns          237601 1c00987c 01f65713 srli             x14, x12, 0x1f      x14=00000000 x12:00000002
14237897ns          237602 1c009880 02e12623 sw               x14, 44(x2)         x14:00000000  x2:10000e18  PA:10000e44
14237957ns          237605 1c009882 b0dff06f jal              x0, -1268          
14238056ns          237610 1c00938e ebfb2be3 p.beqimm         x22, -330           x22:ffffffff
14238156ns          237615 1c009244 0c800713 addi             x14, x0, 200        x14=000000c8
14238196ns          237617 1c009248 14f75b63 bge              x14, x15, 342       x14:000000c8 x15:00000001
14238375ns          237626 1c00939e 00178613 addi             x12, x15, 1         x12=00000002 x15:00000001
14238414ns          237628 1c0093a2 0557c863 blt              x15, x21, 80        x15:00000001 x21:00000000
14238434ns          237629 1c0093a6 01712c23 sw               x23, 24(x2)         x23:10000f80  x2:10000e18  PA:10000e30
14238454ns          237630 1c0093a8 00f00ab3 add              x21, x0, x15        x21=00000001 x15:00000001
14238474ns          237631 1c0093aa 8e0a8fe3 beq              x21, x0, -1794      x21:00000001
14238494ns          237632 1c0093ae 01b00933 add              x18, x0, x27        x18=10000e4c x27:10000e4c
14238514ns          237633 1c0093b0 41b409b3 sub              x19, x8, x27        x19=effff1b7  x8:00000003 x27:10000e4c
14238534ns          237634 1c0093b4 01ba8ab3 add              x21, x21, x27       x21=10000e4d x21:00000001 x27:10000e4c
14238554ns          237635 1c0093b6 00a0006f jal              x0, 10             
14238971ns          237656 1c0093c0 0019450b p.lbu            x10, 1(x18!)        x10=00000032 x18=10000e4d x18:10000e4c  PA:10000e4c
14238991ns          237657 1c0093c4 009005b3 add              x11, x0, x9         x11=00000002  x9:00000002
14239011ns          237658 1c0093c6 000c80e7 jalr             x1, x25, 0           x1=1c0093c8 x25:1c008bb6
14239051ns          237660 1c008bb6 000026b7 lui              x13, 0x2000         x13=00002000
14239071ns          237661 1c008bb8 f8068693 addi             x13, x13, -128      x13=00001f80 x13:00002000
14239090ns          237662 1c008bbc f14027f3 csrrs            x15, x0, 0xf14      x15=00000001
14239110ns          237663 1c008bc0 00379713 slli             x14, x15, 0x3       x14=00000008 x15:00000001
14239130ns          237664 1c008bc4 00279793 slli             x15, x15, 0x2       x15=00000004 x15:00000001
14239150ns          237665 1c008bc6 00d7f7b3 and              x15, x15, x13       x15=00000000 x15:00000004 x13:00001f80
14239170ns          237666 1c008bc8 ee873733 p.bclr           x14, x14, 23, 8     x14=00000008 x14:00000008
14239190ns          237667 1c008bcc 1a10f6b7 lui              x13, 0x1a10f000     x13=1a10f000
14239230ns          237669 1c008bd0 00d70733 add              x14, x14, x13       x14=1a10f008 x14:00000008 x13:1a10f000
14239250ns          237670 1c008bd2 00e787b3 add              x15, x15, x14       x15=1a10f008 x15:00000000 x14:1a10f008
14239269ns          237671 1c008bd4 0ff57513 andi             x10, x10, 255       x10=00000032 x10:00000032
14239289ns          237672 1c008bd8 00a7a023 sw               x10, 0(x15)         x10:00000032 x15:1a10f008  PA:1a10f008
14239747ns          237695 1c008bda 00000513 addi             x10, x0, 0          x10=00000000
14239767ns          237696 1c008bdc 00008067 jalr             x0, x1, 0            x1:1c0093c8
14239806ns          237698 1c0093c8 fff538e3 p.bneimm         x10, -16            x10:00000000
14239926ns          237704 1c0093b8 01298433 add              x8, x19, x18         x8=00000004 x19:effff1b7 x18:10000e4d
14239946ns          237705 1c0093bc 8f2a86e3 beq              x21, x18, -1812     x21:10000e4d x18:10000e4d
14240005ns          237708 1c008ca8 001a450b p.lbu            x10, 1(x20!)        x10=00000020 x20=1c00005e x20:1c00005d  PA:1c00005d
14240324ns          237724 1c008cac fe0515e3 bne              x10, x0, -22        x10:00000020
14240463ns          237731 1c008c96 02500793 addi             x15, x0, 37         x15=00000025
14240483ns          237732 1c008c9a 04f50763 beq              x10, x15, 78        x10:00000020 x15:00000025
14240503ns          237733 1c008c9e 009005b3 add              x11, x0, x9         x11=00000002  x9:00000002
14240522ns          237734 1c008ca0 000c80e7 jalr             x1, x25, 0           x1=1c008ca2 x25:1c008bb6
14240562ns          237736 1c008bb6 000026b7 lui              x13, 0x2000         x13=00002000
14240582ns          237737 1c008bb8 f8068693 addi             x13, x13, -128      x13=00001f80 x13:00002000
14240602ns          237738 1c008bbc f14027f3 csrrs            x15, x0, 0xf14      x15=00000001
14240622ns          237739 1c008bc0 00379713 slli             x14, x15, 0x3       x14=00000008 x15:00000001
14240642ns          237740 1c008bc4 00279793 slli             x15, x15, 0x2       x15=00000004 x15:00000001
14240662ns          237741 1c008bc6 00d7f7b3 and              x15, x15, x13       x15=00000000 x15:00000004 x13:00001f80
14240682ns          237742 1c008bc8 ee873733 p.bclr           x14, x14, 23, 8     x14=00000008 x14:00000008
14240701ns          237743 1c008bcc 1a10f6b7 lui              x13, 0x1a10f000     x13=1a10f000
14240721ns          237744 1c008bd0 00d70733 add              x14, x14, x13       x14=1a10f008 x14:00000008 x13:1a10f000
14240741ns          237745 1c008bd2 00e787b3 add              x15, x15, x14       x15=1a10f008 x15:00000000 x14:1a10f008
14240761ns          237746 1c008bd4 0ff57513 andi             x10, x10, 255       x10=00000020 x10:00000020
14240781ns          237747 1c008bd8 00a7a023 sw               x10, 0(x15)         x10:00000020 x15:1a10f008  PA:1a10f008
14241099ns          237763 1c008bda 00000513 addi             x10, x0, 0          x10=00000000
14241119ns          237764 1c008bdc 00008067 jalr             x0, x1, 0            x1:1c008ca2
14241179ns          237767 1c008ca2 4df52863 p.beqimm         x10, 1232           x10:00000000
14241199ns          237768 1c008ca6 00140413 addi             x8, x8, 1            x8=00000005  x8:00000004
14241219ns          237769 1c008ca8 001a450b p.lbu            x10, 1(x20!)        x10=00000028 x20=1c00005f x20:1c00005e  PA:1c00005e
14241537ns          237785 1c008cac fe0515e3 bne              x10, x0, -22        x10:00000028
14241616ns          237789 1c008c96 02500793 addi             x15, x0, 37         x15=00000025
14241636ns          237790 1c008c9a 04f50763 beq              x10, x15, 78        x10:00000028 x15:00000025
14241656ns          237791 1c008c9e 009005b3 add              x11, x0, x9         x11=00000002  x9:00000002
14241676ns          237792 1c008ca0 000c80e7 jalr             x1, x25, 0           x1=1c008ca2 x25:1c008bb6
14241716ns          237794 1c008bb6 000026b7 lui              x13, 0x2000         x13=00002000
14241736ns          237795 1c008bb8 f8068693 addi             x13, x13, -128      x13=00001f80 x13:00002000
14241755ns          237796 1c008bbc f14027f3 csrrs            x15, x0, 0xf14      x15=00000001
14241775ns          237797 1c008bc0 00379713 slli             x14, x15, 0x3       x14=00000008 x15:00000001
14241795ns          237798 1c008bc4 00279793 slli             x15, x15, 0x2       x15=00000004 x15:00000001
14241815ns          237799 1c008bc6 00d7f7b3 and              x15, x15, x13       x15=00000000 x15:00000004 x13:00001f80
14241835ns          237800 1c008bc8 ee873733 p.bclr           x14, x14, 23, 8     x14=00000008 x14:00000008
14241855ns          237801 1c008bcc 1a10f6b7 lui              x13, 0x1a10f000     x13=1a10f000
14241875ns          237802 1c008bd0 00d70733 add              x14, x14, x13       x14=1a10f008 x14:00000008 x13:1a10f000
14241895ns          237803 1c008bd2 00e787b3 add              x15, x15, x14       x15=1a10f008 x15:00000000 x14:1a10f008
14241915ns          237804 1c008bd4 0ff57513 andi             x10, x10, 255       x10=00000028 x10:00000028
14241934ns          237805 1c008bd8 00a7a023 sw               x10, 0(x15)         x10:00000028 x15:1a10f008  PA:1a10f008
14242253ns          237821 1c008bda 00000513 addi             x10, x0, 0          x10=00000000
14242273ns          237822 1c008bdc 00008067 jalr             x0, x1, 0            x1:1c008ca2
14242332ns          237825 1c008ca2 4df52863 p.beqimm         x10, 1232           x10:00000000
14242352ns          237826 1c008ca6 00140413 addi             x8, x8, 1            x8=00000006  x8:00000005
14242372ns          237827 1c008ca8 001a450b p.lbu            x10, 1(x20!)        x10=00000043 x20=1c000060 x20:1c00005f  PA:1c00005f
14242690ns          237843 1c008cac fe0515e3 bne              x10, x0, -22        x10:00000043
14242770ns          237847 1c008c96 02500793 addi             x15, x0, 37         x15=00000025
14242790ns          237848 1c008c9a 04f50763 beq              x10, x15, 78        x10:00000043 x15:00000025
14242810ns          237849 1c008c9e 009005b3 add              x11, x0, x9         x11=00000002  x9:00000002
14242829ns          237850 1c008ca0 000c80e7 jalr             x1, x25, 0           x1=1c008ca2 x25:1c008bb6
14242869ns          237852 1c008bb6 000026b7 lui              x13, 0x2000         x13=00002000
14242889ns          237853 1c008bb8 f8068693 addi             x13, x13, -128      x13=00001f80 x13:00002000
14242909ns          237854 1c008bbc f14027f3 csrrs            x15, x0, 0xf14      x15=00000001
14242929ns          237855 1c008bc0 00379713 slli             x14, x15, 0x3       x14=00000008 x15:00000001
14242949ns          237856 1c008bc4 00279793 slli             x15, x15, 0x2       x15=00000004 x15:00000001
14242969ns          237857 1c008bc6 00d7f7b3 and              x15, x15, x13       x15=00000000 x15:00000004 x13:00001f80
14242989ns          237858 1c008bc8 ee873733 p.bclr           x14, x14, 23, 8     x14=00000008 x14:00000008
14243008ns          237859 1c008bcc 1a10f6b7 lui              x13, 0x1a10f000     x13=1a10f000
14243028ns          237860 1c008bd0 00d70733 add              x14, x14, x13       x14=1a10f008 x14:00000008 x13:1a10f000
14243048ns          237861 1c008bd2 00e787b3 add              x15, x15, x14       x15=1a10f008 x15:00000000 x14:1a10f008
14243068ns          237862 1c008bd4 0ff57513 andi             x10, x10, 255       x10=00000043 x10:00000043
14243088ns          237863 1c008bd8 00a7a023 sw               x10, 0(x15)         x10:00000043 x15:1a10f008  PA:1a10f008
14243426ns          237880 1c008bda 00000513 addi             x10, x0, 0          x10=00000000
14243446ns          237881 1c008bdc 00008067 jalr             x0, x1, 0            x1:1c008ca2
14243506ns          237884 1c008ca2 4df52863 p.beqimm         x10, 1232           x10:00000000
14243526ns          237885 1c008ca6 00140413 addi             x8, x8, 1            x8=00000007  x8:00000006
14243545ns          237886 1c008ca8 001a450b p.lbu            x10, 1(x20!)        x10=0000006f x20=1c000061 x20:1c000060  PA:1c000060
14243864ns          237902 1c008cac fe0515e3 bne              x10, x0, -22        x10:0000006f
14243943ns          237906 1c008c96 02500793 addi             x15, x0, 37         x15=00000025
14243963ns          237907 1c008c9a 04f50763 beq              x10, x15, 78        x10:0000006f x15:00000025
14243983ns          237908 1c008c9e 009005b3 add              x11, x0, x9         x11=00000002  x9:00000002
14244003ns          237909 1c008ca0 000c80e7 jalr             x1, x25, 0           x1=1c008ca2 x25:1c008bb6
14244043ns          237911 1c008bb6 000026b7 lui              x13, 0x2000         x13=00002000
14244062ns          237912 1c008bb8 f8068693 addi             x13, x13, -128      x13=00001f80 x13:00002000
14244082ns          237913 1c008bbc f14027f3 csrrs            x15, x0, 0xf14      x15=00000001
14244102ns          237914 1c008bc0 00379713 slli             x14, x15, 0x3       x14=00000008 x15:00000001
14244122ns          237915 1c008bc4 00279793 slli             x15, x15, 0x2       x15=00000004 x15:00000001
14244142ns          237916 1c008bc6 00d7f7b3 and              x15, x15, x13       x15=00000000 x15:00000004 x13:00001f80
14244162ns          237917 1c008bc8 ee873733 p.bclr           x14, x14, 23, 8     x14=00000008 x14:00000008
14244182ns          237918 1c008bcc 1a10f6b7 lui              x13, 0x1a10f000     x13=1a10f000
14244202ns          237919 1c008bd0 00d70733 add              x14, x14, x13       x14=1a10f008 x14:00000008 x13:1a10f000
14244222ns          237920 1c008bd2 00e787b3 add              x15, x15, x14       x15=1a10f008 x15:00000000 x14:1a10f008
14244241ns          237921 1c008bd4 0ff57513 andi             x10, x10, 255       x10=0000006f x10:0000006f
14244261ns          237922 1c008bd8 00a7a023 sw               x10, 0(x15)         x10:0000006f x15:1a10f008  PA:1a10f008
14244619ns          237940 1c008bda 00000513 addi             x10, x0, 0          x10=00000000
14244639ns          237941 1c008bdc 00008067 jalr             x0, x1, 0            x1:1c008ca2
14244699ns          237944 1c008ca2 4df52863 p.beqimm         x10, 1232           x10:00000000
14244719ns          237945 1c008ca6 00140413 addi             x8, x8, 1            x8=00000008  x8:00000007
14244739ns          237946 1c008ca8 001a450b p.lbu            x10, 1(x20!)        x10=00000072 x20=1c000062 x20:1c000061  PA:1c000061
14245057ns          237962 1c008cac fe0515e3 bne              x10, x0, -22        x10:00000072
14245136ns          237966 1c008c96 02500793 addi             x15, x0, 37         x15=00000025
14245156ns          237967 1c008c9a 04f50763 beq              x10, x15, 78        x10:00000072 x15:00000025
14245176ns          237968 1c008c9e 009005b3 add              x11, x0, x9         x11=00000002  x9:00000002
14245196ns          237969 1c008ca0 000c80e7 jalr             x1, x25, 0           x1=1c008ca2 x25:1c008bb6
14245236ns          237971 1c008bb6 000026b7 lui              x13, 0x2000         x13=00002000
14245256ns          237972 1c008bb8 f8068693 addi             x13, x13, -128      x13=00001f80 x13:00002000
14245276ns          237973 1c008bbc f14027f3 csrrs            x15, x0, 0xf14      x15=00000001
14245296ns          237974 1c008bc0 00379713 slli             x14, x15, 0x3       x14=00000008 x15:00000001
14245315ns          237975 1c008bc4 00279793 slli             x15, x15, 0x2       x15=00000004 x15:00000001
14245335ns          237976 1c008bc6 00d7f7b3 and              x15, x15, x13       x15=00000000 x15:00000004 x13:00001f80
14245355ns          237977 1c008bc8 ee873733 p.bclr           x14, x14, 23, 8     x14=00000008 x14:00000008
14245375ns          237978 1c008bcc 1a10f6b7 lui              x13, 0x1a10f000     x13=1a10f000
14245395ns          237979 1c008bd0 00d70733 add              x14, x14, x13       x14=1a10f008 x14:00000008 x13:1a10f000
14245415ns          237980 1c008bd2 00e787b3 add              x15, x15, x14       x15=1a10f008 x15:00000000 x14:1a10f008
14245435ns          237981 1c008bd4 0ff57513 andi             x10, x10, 255       x10=00000072 x10:00000072
14245455ns          237982 1c008bd8 00a7a023 sw               x10, 0(x15)         x10:00000072 x15:1a10f008  PA:1a10f008
14245793ns          237999 1c008bda 00000513 addi             x10, x0, 0          x10=00000000
14245813ns          238000 1c008bdc 00008067 jalr             x0, x1, 0            x1:1c008ca2
14245872ns          238003 1c008ca2 4df52863 p.beqimm         x10, 1232           x10:00000000
14245892ns          238004 1c008ca6 00140413 addi             x8, x8, 1            x8=00000009  x8:00000008
14245912ns          238005 1c008ca8 001a450b p.lbu            x10, 1(x20!)        x10=00000065 x20=1c000063 x20:1c000062  PA:1c000062
14246230ns          238021 1c008cac fe0515e3 bne              x10, x0, -22        x10:00000065
14246310ns          238025 1c008c96 02500793 addi             x15, x0, 37         x15=00000025
14246330ns          238026 1c008c9a 04f50763 beq              x10, x15, 78        x10:00000065 x15:00000025
14246350ns          238027 1c008c9e 009005b3 add              x11, x0, x9         x11=00000002  x9:00000002
14246370ns          238028 1c008ca0 000c80e7 jalr             x1, x25, 0           x1=1c008ca2 x25:1c008bb6
14246409ns          238030 1c008bb6 000026b7 lui              x13, 0x2000         x13=00002000
14246429ns          238031 1c008bb8 f8068693 addi             x13, x13, -128      x13=00001f80 x13:00002000
14246449ns          238032 1c008bbc f14027f3 csrrs            x15, x0, 0xf14      x15=00000001
14246469ns          238033 1c008bc0 00379713 slli             x14, x15, 0x3       x14=00000008 x15:00000001
14246489ns          238034 1c008bc4 00279793 slli             x15, x15, 0x2       x15=00000004 x15:00000001
14246509ns          238035 1c008bc6 00d7f7b3 and              x15, x15, x13       x15=00000000 x15:00000004 x13:00001f80
14246529ns          238036 1c008bc8 ee873733 p.bclr           x14, x14, 23, 8     x14=00000008 x14:00000008
14246548ns          238037 1c008bcc 1a10f6b7 lui              x13, 0x1a10f000     x13=1a10f000
14246568ns          238038 1c008bd0 00d70733 add              x14, x14, x13       x14=1a10f008 x14:00000008 x13:1a10f000
14246588ns          238039 1c008bd2 00e787b3 add              x15, x15, x14       x15=1a10f008 x15:00000000 x14:1a10f008
14246608ns          238040 1c008bd4 0ff57513 andi             x10, x10, 255       x10=00000065 x10:00000065
14246628ns          238041 1c008bd8 00a7a023 sw               x10, 0(x15)         x10:00000065 x15:1a10f008  PA:1a10f008
14246946ns          238057 1c008bda 00000513 addi             x10, x0, 0          x10=00000000
14246966ns          238058 1c008bdc 00008067 jalr             x0, x1, 0            x1:1c008ca2
14247026ns          238061 1c008ca2 4df52863 p.beqimm         x10, 1232           x10:00000000
14247046ns          238062 1c008ca6 00140413 addi             x8, x8, 1            x8=0000000a  x8:00000009
14247066ns          238063 1c008ca8 001a450b p.lbu            x10, 1(x20!)        x10=00000020 x20=1c000064 x20:1c000063  PA:1c000063
14247384ns          238079 1c008cac fe0515e3 bne              x10, x0, -22        x10:00000020
14247463ns          238083 1c008c96 02500793 addi             x15, x0, 37         x15=00000025
14247483ns          238084 1c008c9a 04f50763 beq              x10, x15, 78        x10:00000020 x15:00000025
14247503ns          238085 1c008c9e 009005b3 add              x11, x0, x9         x11=00000002  x9:00000002
14247523ns          238086 1c008ca0 000c80e7 jalr             x1, x25, 0           x1=1c008ca2 x25:1c008bb6
14247563ns          238088 1c008bb6 000026b7 lui              x13, 0x2000         x13=00002000
14247583ns          238089 1c008bb8 f8068693 addi             x13, x13, -128      x13=00001f80 x13:00002000
14247603ns          238090 1c008bbc f14027f3 csrrs            x15, x0, 0xf14      x15=00000001
14247622ns          238091 1c008bc0 00379713 slli             x14, x15, 0x3       x14=00000008 x15:00000001
14247642ns          238092 1c008bc4 00279793 slli             x15, x15, 0x2       x15=00000004 x15:00000001
14247662ns          238093 1c008bc6 00d7f7b3 and              x15, x15, x13       x15=00000000 x15:00000004 x13:00001f80
14247682ns          238094 1c008bc8 ee873733 p.bclr           x14, x14, 23, 8     x14=00000008 x14:00000008
14247702ns          238095 1c008bcc 1a10f6b7 lui              x13, 0x1a10f000     x13=1a10f000
14247722ns          238096 1c008bd0 00d70733 add              x14, x14, x13       x14=1a10f008 x14:00000008 x13:1a10f000
14247742ns          238097 1c008bd2 00e787b3 add              x15, x15, x14       x15=1a10f008 x15:00000000 x14:1a10f008
14247762ns          238098 1c008bd4 0ff57513 andi             x10, x10, 255       x10=00000020 x10:00000020
14247782ns          238099 1c008bd8 00a7a023 sw               x10, 0(x15)         x10:00000020 x15:1a10f008  PA:1a10f008
14248120ns          238116 1c008bda 00000513 addi             x10, x0, 0          x10=00000000
14248140ns          238117 1c008bdc 00008067 jalr             x0, x1, 0            x1:1c008ca2
14248199ns          238120 1c008ca2 4df52863 p.beqimm         x10, 1232           x10:00000000
14248219ns          238121 1c008ca6 00140413 addi             x8, x8, 1            x8=0000000b  x8:0000000a
14248239ns          238122 1c008ca8 001a450b p.lbu            x10, 1(x20!)        x10=00000025 x20=1c000065 x20:1c000064  PA:1c000064
14248557ns          238138 1c008cac fe0515e3 bne              x10, x0, -22        x10:00000025
14248637ns          238142 1c008c96 02500793 addi             x15, x0, 37         x15=00000025
14248657ns          238143 1c008c9a 04f50763 beq              x10, x15, 78        x10:00000025 x15:00000025
14248756ns          238148 1c008ce8 01400c33 add              x24, x0, x20        x24=1c000065 x20:1c000065
14248796ns          238150 1c008cea 000c4a03 lbu              x20, 0(x24)         x20=00000064 x24:1c000065  PA:1c000065
14249094ns          238165 1c008cee 0b4d0513 addi             x10, x26, 180       x10=1c0000b4 x26:1c000000
14249114ns          238166 1c008cf2 00912e23 sw               x9, 28(x2)           x9:00000002  x2:10000e18  PA:10000e34
14249134ns          238167 1c008cf4 014005b3 add              x11, x0, x20        x11=00000064 x20:00000064
14249154ns          238168 1c008cf6 00012823 sw               x0, 16(x2)           x2:10000e18  PA:10000e28
14249174ns          238169 1c008cf8 00012a23 sw               x0, 20(x2)           x2:10000e18  PA:10000e2c
14249194ns          238170 1c008cfa 00012623 sw               x0, 12(x2)           x2:10000e18  PA:10000e24
14249213ns          238171 1c008cfc 001c0493 addi             x9, x24, 1           x9=1c000066 x24:1c000065
14249233ns          238172 1c008d00 e41ff0ef jal              x1, -448             x1=1c008d02
14249273ns          238174 1c008b40 00054703 lbu              x14, 0(x10)         x14=0000002d x10:1c0000b4  PA:1c0000b4
14249571ns          238189 1c008b44 0ff5f593 andi             x11, x11, 255       x11=00000064 x11:00000064
14249591ns          238190 1c008b48 00a007b3 add              x15, x0, x10        x15=1c0000b4 x10:1c0000b4
14249611ns          238191 1c008b4a 00b70863 beq              x14, x11, 16        x14:0000002d x11:00000064
14249631ns          238192 1c008b4e 00070863 beq              x14, x0, 16         x14:0000002d
14249651ns          238193 1c008b50 0017c703 lbu              x14, 1(x15)         x14=0000002b x15:1c0000b4  PA:1c0000b5
14249989ns          238210 1c008b54 00178793 addi             x15, x15, 1         x15=1c0000b5 x15:1c0000b4
14250009ns          238211 1c008b56 feb71ce3 bne              x14, x11, -8        x14:0000002b x11:00000064
14250069ns          238214 1c008b4e 00070863 beq              x14, x0, 16         x14:0000002b
14250089ns          238215 1c008b50 0017c703 lbu              x14, 1(x15)         x14=00000020 x15:1c0000b5  PA:1c0000b6
14250387ns          238230 1c008b54 00178793 addi             x15, x15, 1         x15=1c0000b6 x15:1c0000b5
14250407ns          238231 1c008b56 feb71ce3 bne              x14, x11, -8        x14:00000020 x11:00000064
14250466ns          238234 1c008b4e 00070863 beq              x14, x0, 16         x14:00000020
14250486ns          238235 1c008b50 0017c703 lbu              x14, 1(x15)         x14=00000023 x15:1c0000b6  PA:1c0000b7
14250785ns          238250 1c008b54 00178793 addi             x15, x15, 1         x15=1c0000b7 x15:1c0000b6
14250805ns          238251 1c008b56 feb71ce3 bne              x14, x11, -8        x14:00000023 x11:00000064
14250864ns          238254 1c008b4e 00070863 beq              x14, x0, 16         x14:00000023
14250884ns          238255 1c008b50 0017c703 lbu              x14, 1(x15)         x14=00000030 x15:1c0000b7  PA:1c0000b8
14251182ns          238270 1c008b54 00178793 addi             x15, x15, 1         x15=1c0000b8 x15:1c0000b7
14251202ns          238271 1c008b56 feb71ce3 bne              x14, x11, -8        x14:00000030 x11:00000064
14251262ns          238274 1c008b4e 00070863 beq              x14, x0, 16         x14:00000030
14251282ns          238275 1c008b50 0017c703 lbu              x14, 1(x15)         x14=00000000 x15:1c0000b8  PA:1c0000b9
14251660ns          238294 1c008b54 00178793 addi             x15, x15, 1         x15=1c0000b9 x15:1c0000b8
14251680ns          238295 1c008b56 feb71ce3 bne              x14, x11, -8        x14:00000000 x11:00000064
14251739ns          238298 1c008b4e 00070863 beq              x14, x0, 16         x14:00000000
14251799ns          238301 1c008b5e 00000513 addi             x10, x0, 0          x10=00000000
14251819ns          238302 1c008b60 fe058de3 beq              x11, x0, -6         x11:00000064
14251839ns          238303 1c008b62 00008067 jalr             x0, x1, 0            x1:1c008d02
14251898ns          238306 1c008d02 02000913 addi             x18, x0, 32         x18=00000020
14251918ns          238307 1c008d06 00000993 addi             x19, x0, 0          x19=00000000
14251938ns          238308 1c008d08 02b00a93 addi             x21, x0, 43         x21=0000002b
14251958ns          238309 1c008d0c 02d00b93 addi             x23, x0, 45         x23=0000002d
14251998ns          238311 1c008d10 03000b13 addi             x22, x0, 48         x22=00000030
14252038ns          238313 1c008d14 00900633 add              x12, x0, x9         x12=1c000066  x9:1c000066
14252057ns          238314 1c008d16 02050963 beq              x10, x0, 50         x10:00000000
14252217ns          238322 1c008d48 03312623 sw               x19, 44(x2)         x19:00000000  x2:10000e18  PA:10000e44
14252256ns          238324 1c008d4a 02a00693 addi             x13, x0, 42         x13=0000002a
14252276ns          238325 1c008d4e 014009b3 add              x19, x0, x20        x19=00000064 x20:00000064
14252316ns          238327 1c008d50 01800a33 add              x20, x0, x24        x20=1c000065 x24:1c000065
14252336ns          238328 1c008d52 00900c33 add              x24, x0, x9         x24=1c000066  x9:1c000066
14252356ns          238329 1c008d54 01c12483 lw               x9, 28(x2)           x9=00000002  x2:10000e18  PA:10000e34
14252376ns          238330 1c008d56 42d98063 beq              x19, x13, 1056      x19:00000064 x13:0000002a
14252396ns          238331 1c008d5a fd098693 addi             x13, x19, -48       x13=00000034 x19:00000064
14252415ns          238332 1c008d5e 00900513 addi             x10, x0, 9          x10=00000009
14252435ns          238333 1c008d60 00000a93 addi             x21, x0, 0          x21=00000000
14252455ns          238334 1c008d62 3cd57f63 bgeu             x10, x13, 990       x10:00000009 x13:00000034
14252475ns          238335 1c008d66 02e00793 addi             x15, x0, 46         x15=0000002e
14252495ns          238336 1c008d6a fff00b13 addi             x22, x0, -1         x22=ffffffff
14252515ns          238337 1c008d6c 04f981e3 beq              x19, x15, 2114      x19:00000064 x15:0000002e
14252535ns          238338 1c008d70 1c0007b7 lui              x15, 0x1c000000     x15=1c000000
14252555ns          238339 1c008d74 013005b3 add              x11, x0, x19        x11=00000064 x19:00000064
14252575ns          238340 1c008d76 0bc78513 addi             x10, x15, 188       x10=1c0000bc x15:1c000000
14252594ns          238341 1c008d7a 00c12e23 sw               x12, 28(x2)         x12:1c000066  x2:10000e18  PA:10000e34
14252614ns          238342 1c008d7c dc5ff0ef jal              x1, -572             x1=1c008d7e
14252654ns          238344 1c008b40 00054703 lbu              x14, 0(x10)         x14=00000068 x10:1c0000bc  PA:1c0000bc
14252952ns          238359 1c008b44 0ff5f593 andi             x11, x11, 255       x11=00000064 x11:00000064
14252972ns          238360 1c008b48 00a007b3 add              x15, x0, x10        x15=1c0000bc x10:1c0000bc
14252992ns          238361 1c008b4a 00b70863 beq              x14, x11, 16        x14:00000068 x11:00000064
14253012ns          238362 1c008b4e 00070863 beq              x14, x0, 16         x14:00000068
14253032ns          238363 1c008b50 0017c703 lbu              x14, 1(x15)         x14=0000006c x15:1c0000bc  PA:1c0000bd
14253430ns          238383 1c008b54 00178793 addi             x15, x15, 1         x15=1c0000bd x15:1c0000bc
14253450ns          238384 1c008b56 feb71ce3 bne              x14, x11, -8        x14:0000006c x11:00000064
14253509ns          238387 1c008b4e 00070863 beq              x14, x0, 16         x14:0000006c
14253529ns          238388 1c008b50 0017c703 lbu              x14, 1(x15)         x14=0000004c x15:1c0000bd  PA:1c0000be
14253847ns          238404 1c008b54 00178793 addi             x15, x15, 1         x15=1c0000be x15:1c0000bd
14253867ns          238405 1c008b56 feb71ce3 bne              x14, x11, -8        x14:0000004c x11:00000064
14253927ns          238408 1c008b4e 00070863 beq              x14, x0, 16         x14:0000004c
14253947ns          238409 1c008b50 0017c703 lbu              x14, 1(x15)         x14=0000007a x15:1c0000be  PA:1c0000bf
14254245ns          238424 1c008b54 00178793 addi             x15, x15, 1         x15=1c0000bf x15:1c0000be
14254265ns          238425 1c008b56 feb71ce3 bne              x14, x11, -8        x14:0000007a x11:00000064
14254325ns          238428 1c008b4e 00070863 beq              x14, x0, 16         x14:0000007a
14254345ns          238429 1c008b50 0017c703 lbu              x14, 1(x15)         x14=00000000 x15:1c0000bf  PA:1c0000c0
14254643ns          238444 1c008b54 00178793 addi             x15, x15, 1         x15=1c0000c0 x15:1c0000bf
14254663ns          238445 1c008b56 feb71ce3 bne              x14, x11, -8        x14:00000000 x11:00000064
14254722ns          238448 1c008b4e 00070863 beq              x14, x0, 16         x14:00000000
14254782ns          238451 1c008b5e 00000513 addi             x10, x0, 0          x10=00000000
14254802ns          238452 1c008b60 fe058de3 beq              x11, x0, -6         x11:00000064
14254822ns          238453 1c008b62 00008067 jalr             x0, x1, 0            x1:1c008d7e
14254862ns          238455 1c008d7e 01c12603 lw               x12, 28(x2)         x12=1c000066  x2:10000e18  PA:10000e34
14254901ns          238457 1c008d80 00c00a33 add              x20, x0, x12        x20=1c000066 x12:1c000066
14254921ns          238458 1c008d82 00050563 beq              x10, x0, 10         x10:00000000
14254981ns          238461 1c008d8c 06900793 addi             x15, x0, 105        x15=00000069
14255001ns          238462 1c008d90 1cf98be3 beq              x19, x15, 2518      x19:00000064 x15:00000069
14255021ns          238463 1c008d94 4b37ce63 blt              x15, x19, 1212      x15:00000069 x19:00000064
14255041ns          238464 1c008d98 05800793 addi             x15, x0, 88         x15=00000058
14255061ns          238465 1c008d9c 4cf98863 beq              x19, x15, 1232      x19:00000064 x15:00000058
14255120ns          238468 1c008da0 3f37cd63 blt              x15, x19, 1018      x15:00000058 x19:00000064
14255259ns          238475 1c00919a 06400793 addi             x15, x0, 100        x15=00000064
14255319ns          238478 1c00919e 5cf98463 beq              x19, x15, 1480      x19:00000064 x15:00000064
14255419ns          238483 1c009766 01812b83 lw               x23, 24(x2)         x23=10000f80  x2:10000e18  PA:10000e30
14255458ns          238485 1c009768 004ba60b p.lw             x12, 4(x23!)        x12=00000001 x23=10000f84 x23:10000f80  PA:10000f80
14255498ns          238487 1c00976c 48064963 blt              x12, x0, 1170       x12:00000001
14255538ns          238489 1c009770 01412783 lw               x15, 20(x2)         x15=00000000  x2:10000e18  PA:10000e2c
14255558ns          238490 1c009772 00c00733 add              x14, x0, x12        x14=00000001 x12:00000001
14255578ns          238491 1c009774 56078863 beq              x15, x0, 1392       x15:00000000
14255677ns          238496 1c009ce4 01012783 lw               x15, 16(x2)         x15=00000000  x2:10000e18  PA:10000e28
14255697ns          238497 1c009ce6 01b00533 add              x10, x0, x27        x10=10000e4c x27:10000e4c
14255717ns          238498 1c009ce8 a8078ee3 beq              x15, x0, -1380      x15:00000000
14255777ns          238501 1c009784 00a007b3 add              x15, x0, x10        x15=10000e4c x10:10000e4c
14255796ns          238502 1c009786 00a00593 addi             x11, x0, 10         x11=0000000a
14255816ns          238503 1c009788 00900313 addi             x6, x0, 9            x6=00000009
14255836ns          238504 1c00978a 02b776b3 remu             x13, x14, x11       x13=00000001 x14:00000001 x11:0000000a
14256453ns          238535 1c00978e 00e00833 add              x16, x0, x14        x16=00000001 x14:00000001
14256473ns          238536 1c009790 00f008b3 add              x17, x0, x15        x17=10000e4c x15:10000e4c
14256492ns          238537 1c009792 03068693 addi             x13, x13, 48        x13=00000031 x13:00000001
14256512ns          238538 1c009796 00d780ab p.sb             x13, 1(x15!)        x15=10000e4d x13:00000031 x15:10000e4c  PA:10000e4c
14256532ns          238539 1c00979a 02b75733 divu             x14, x14, x11       x14=00000000 x14:00000001 x11:0000000a
14257169ns          238571 1c00979e ff0366e3 bltu             x6, x16, -20         x6:00000009 x16:00000001
14257189ns          238572 1c0097a2 40a78733 sub              x14, x15, x10       x14=00000001 x15:10000e4d x10:10000e4c
14257208ns          238573 1c0097a6 01675c63 bge              x14, x22, 24        x14:00000001 x22:ffffffff
14257387ns          238582 1c0097be 00078023 sb               x0, 0(x15)          x15:10000e4d  PA:10000e4d
14257427ns          238584 1c0097c2 0b157563 bgeu             x10, x17, 170       x10:10000e4c x17:10000e4c
14257487ns          238587 1c00986c 01412703 lw               x14, 20(x2)         x14=00000000  x2:10000e18  PA:10000e2c
14257507ns          238588 1c00986e 01012683 lw               x13, 16(x2)         x13=00000000  x2:10000e18  PA:10000e28
14257527ns          238589 1c009870 41b787b3 sub              x15, x15, x27       x15=00000001 x15:10000e4d x27:10000e4c
14257547ns          238590 1c009874 00d76733 or               x14, x14, x13       x14=00000000 x14:00000000 x13:00000000
14257566ns          238591 1c009876 02e12623 sw               x14, 44(x2)         x14:00000000  x2:10000e18  PA:10000e44
14257586ns          238592 1c009878 b0071be3 bne              x14, x0, -1258      x14:00000000
14257606ns          238593 1c00987c 01f65713 srli             x14, x12, 0x1f      x14=00000000 x12:00000001
14257626ns          238594 1c009880 02e12623 sw               x14, 44(x2)         x14:00000000  x2:10000e18  PA:10000e44
14257646ns          238595 1c009882 b0dff06f jal              x0, -1268          
14257745ns          238600 1c00938e ebfb2be3 p.beqimm         x22, -330           x22:ffffffff
14257845ns          238605 1c009244 0c800713 addi             x14, x0, 200        x14=000000c8
14257885ns          238607 1c009248 14f75b63 bge              x14, x15, 342       x14:000000c8 x15:00000001
14258004ns          238613 1c00939e 00178613 addi             x12, x15, 1         x12=00000002 x15:00000001
14258044ns          238615 1c0093a2 0557c863 blt              x15, x21, 80        x15:00000001 x21:00000000
14258064ns          238616 1c0093a6 01712c23 sw               x23, 24(x2)         x23:10000f84  x2:10000e18  PA:10000e30
14258084ns          238617 1c0093a8 00f00ab3 add              x21, x0, x15        x21=00000001 x15:00000001
14258103ns          238618 1c0093aa 8e0a8fe3 beq              x21, x0, -1794      x21:00000001
14258123ns          238619 1c0093ae 01b00933 add              x18, x0, x27        x18=10000e4c x27:10000e4c
14258143ns          238620 1c0093b0 41b409b3 sub              x19, x8, x27        x19=effff1bf  x8:0000000b x27:10000e4c
14258163ns          238621 1c0093b4 01ba8ab3 add              x21, x21, x27       x21=10000e4d x21:00000001 x27:10000e4c
14258183ns          238622 1c0093b6 00a0006f jal              x0, 10             
14258263ns          238626 1c0093c0 0019450b p.lbu            x10, 1(x18!)        x10=00000031 x18=10000e4d x18:10000e4c  PA:10000e4c
14258282ns          238627 1c0093c4 009005b3 add              x11, x0, x9         x11=00000002  x9:00000002
14258302ns          238628 1c0093c6 000c80e7 jalr             x1, x25, 0           x1=1c0093c8 x25:1c008bb6
14258382ns          238632 1c008bb6 000026b7 lui              x13, 0x2000         x13=00002000
14258422ns          238634 1c008bb8 f8068693 addi             x13, x13, -128      x13=00001f80 x13:00002000
14258442ns          238635 1c008bbc f14027f3 csrrs            x15, x0, 0xf14      x15=00000001
14258461ns          238636 1c008bc0 00379713 slli             x14, x15, 0x3       x14=00000008 x15:00000001
14258481ns          238637 1c008bc4 00279793 slli             x15, x15, 0x2       x15=00000004 x15:00000001
14258501ns          238638 1c008bc6 00d7f7b3 and              x15, x15, x13       x15=00000000 x15:00000004 x13:00001f80
14258521ns          238639 1c008bc8 ee873733 p.bclr           x14, x14, 23, 8     x14=00000008 x14:00000008
14258541ns          238640 1c008bcc 1a10f6b7 lui              x13, 0x1a10f000     x13=1a10f000
14258561ns          238641 1c008bd0 00d70733 add              x14, x14, x13       x14=1a10f008 x14:00000008 x13:1a10f000
14258581ns          238642 1c008bd2 00e787b3 add              x15, x15, x14       x15=1a10f008 x15:00000000 x14:1a10f008
14258601ns          238643 1c008bd4 0ff57513 andi             x10, x10, 255       x10=00000031 x10:00000031
14258621ns          238644 1c008bd8 00a7a023 sw               x10, 0(x15)         x10:00000031 x15:1a10f008  PA:1a10f008
14258939ns          238660 1c008bda 00000513 addi             x10, x0, 0          x10=00000000
14258959ns          238661 1c008bdc 00008067 jalr             x0, x1, 0            x1:1c0093c8
14258998ns          238663 1c0093c8 fff538e3 p.bneimm         x10, -16            x10:00000000
14259157ns          238671 1c0093b8 01298433 add              x8, x19, x18         x8=0000000c x19:effff1bf x18:10000e4d
14259197ns          238673 1c0093bc 8f2a86e3 beq              x21, x18, -1812     x21:10000e4d x18:10000e4d
14259257ns          238676 1c008ca8 001a450b p.lbu            x10, 1(x20!)        x10=00000029 x20=1c000067 x20:1c000066  PA:1c000066
14259575ns          238692 1c008cac fe0515e3 bne              x10, x0, -22        x10:00000029
14259655ns          238696 1c008c96 02500793 addi             x15, x0, 37         x15=00000025
14259675ns          238697 1c008c9a 04f50763 beq              x10, x15, 78        x10:00000029 x15:00000025
14259694ns          238698 1c008c9e 009005b3 add              x11, x0, x9         x11=00000002  x9:00000002
14259714ns          238699 1c008ca0 000c80e7 jalr             x1, x25, 0           x1=1c008ca2 x25:1c008bb6
14259754ns          238701 1c008bb6 000026b7 lui              x13, 0x2000         x13=00002000
14259774ns          238702 1c008bb8 f8068693 addi             x13, x13, -128      x13=00001f80 x13:00002000
14259794ns          238703 1c008bbc f14027f3 csrrs            x15, x0, 0xf14      x15=00000001
14259814ns          238704 1c008bc0 00379713 slli             x14, x15, 0x3       x14=00000008 x15:00000001
14259834ns          238705 1c008bc4 00279793 slli             x15, x15, 0x2       x15=00000004 x15:00000001
14259854ns          238706 1c008bc6 00d7f7b3 and              x15, x15, x13       x15=00000000 x15:00000004 x13:00001f80
14259873ns          238707 1c008bc8 ee873733 p.bclr           x14, x14, 23, 8     x14=00000008 x14:00000008
14259893ns          238708 1c008bcc 1a10f6b7 lui              x13, 0x1a10f000     x13=1a10f000
14259913ns          238709 1c008bd0 00d70733 add              x14, x14, x13       x14=1a10f008 x14:00000008 x13:1a10f000
14259933ns          238710 1c008bd2 00e787b3 add              x15, x15, x14       x15=1a10f008 x15:00000000 x14:1a10f008
14259953ns          238711 1c008bd4 0ff57513 andi             x10, x10, 255       x10=00000029 x10:00000029
14259973ns          238712 1c008bd8 00a7a023 sw               x10, 0(x15)         x10:00000029 x15:1a10f008  PA:1a10f008
14260331ns          238730 1c008bda 00000513 addi             x10, x0, 0          x10=00000000
14260351ns          238731 1c008bdc 00008067 jalr             x0, x1, 0            x1:1c008ca2
14260410ns          238734 1c008ca2 4df52863 p.beqimm         x10, 1232           x10:00000000
14260430ns          238735 1c008ca6 00140413 addi             x8, x8, 1            x8=0000000d  x8:0000000c
14260450ns          238736 1c008ca8 001a450b p.lbu            x10, 1(x20!)        x10=00000020 x20=1c000068 x20:1c000067  PA:1c000067
14260768ns          238752 1c008cac fe0515e3 bne              x10, x0, -22        x10:00000020
14260848ns          238756 1c008c96 02500793 addi             x15, x0, 37         x15=00000025
14260868ns          238757 1c008c9a 04f50763 beq              x10, x15, 78        x10:00000020 x15:00000025
14260888ns          238758 1c008c9e 009005b3 add              x11, x0, x9         x11=00000002  x9:00000002
14260908ns          238759 1c008ca0 000c80e7 jalr             x1, x25, 0           x1=1c008ca2 x25:1c008bb6
14260947ns          238761 1c008bb6 000026b7 lui              x13, 0x2000         x13=00002000
14260967ns          238762 1c008bb8 f8068693 addi             x13, x13, -128      x13=00001f80 x13:00002000
14260987ns          238763 1c008bbc f14027f3 csrrs            x15, x0, 0xf14      x15=00000001
14261007ns          238764 1c008bc0 00379713 slli             x14, x15, 0x3       x14=00000008 x15:00000001
14261027ns          238765 1c008bc4 00279793 slli             x15, x15, 0x2       x15=00000004 x15:00000001
14261047ns          238766 1c008bc6 00d7f7b3 and              x15, x15, x13       x15=00000000 x15:00000004 x13:00001f80
14261067ns          238767 1c008bc8 ee873733 p.bclr           x14, x14, 23, 8     x14=00000008 x14:00000008
14261087ns          238768 1c008bcc 1a10f6b7 lui              x13, 0x1a10f000     x13=1a10f000
14261107ns          238769 1c008bd0 00d70733 add              x14, x14, x13       x14=1a10f008 x14:00000008 x13:1a10f000
14261126ns          238770 1c008bd2 00e787b3 add              x15, x15, x14       x15=1a10f008 x15:00000000 x14:1a10f008
14261146ns          238771 1c008bd4 0ff57513 andi             x10, x10, 255       x10=00000020 x10:00000020
14261166ns          238772 1c008bd8 00a7a023 sw               x10, 0(x15)         x10:00000020 x15:1a10f008  PA:1a10f008
14261504ns          238789 1c008bda 00000513 addi             x10, x0, 0          x10=00000000
14261524ns          238790 1c008bdc 00008067 jalr             x0, x1, 0            x1:1c008ca2
14261584ns          238793 1c008ca2 4df52863 p.beqimm         x10, 1232           x10:00000000
14261604ns          238794 1c008ca6 00140413 addi             x8, x8, 1            x8=0000000e  x8:0000000d
14261624ns          238795 1c008ca8 001a450b p.lbu            x10, 1(x20!)        x10=00000045 x20=1c000069 x20:1c000068  PA:1c000068
14261942ns          238811 1c008cac fe0515e3 bne              x10, x0, -22        x10:00000045
14262021ns          238815 1c008c96 02500793 addi             x15, x0, 37         x15=00000025
14262041ns          238816 1c008c9a 04f50763 beq              x10, x15, 78        x10:00000045 x15:00000025
14262061ns          238817 1c008c9e 009005b3 add              x11, x0, x9         x11=00000002  x9:00000002
14262081ns          238818 1c008ca0 000c80e7 jalr             x1, x25, 0           x1=1c008ca2 x25:1c008bb6
14262121ns          238820 1c008bb6 000026b7 lui              x13, 0x2000         x13=00002000
14262141ns          238821 1c008bb8 f8068693 addi             x13, x13, -128      x13=00001f80 x13:00002000
14262161ns          238822 1c008bbc f14027f3 csrrs            x15, x0, 0xf14      x15=00000001
14262180ns          238823 1c008bc0 00379713 slli             x14, x15, 0x3       x14=00000008 x15:00000001
14262200ns          238824 1c008bc4 00279793 slli             x15, x15, 0x2       x15=00000004 x15:00000001
14262220ns          238825 1c008bc6 00d7f7b3 and              x15, x15, x13       x15=00000000 x15:00000004 x13:00001f80
14262240ns          238826 1c008bc8 ee873733 p.bclr           x14, x14, 23, 8     x14=00000008 x14:00000008
14262260ns          238827 1c008bcc 1a10f6b7 lui              x13, 0x1a10f000     x13=1a10f000
14262280ns          238828 1c008bd0 00d70733 add              x14, x14, x13       x14=1a10f008 x14:00000008 x13:1a10f000
14262300ns          238829 1c008bd2 00e787b3 add              x15, x15, x14       x15=1a10f008 x15:00000000 x14:1a10f008
14262320ns          238830 1c008bd4 0ff57513 andi             x10, x10, 255       x10=00000045 x10:00000045
14262340ns          238831 1c008bd8 00a7a023 sw               x10, 0(x15)         x10:00000045 x15:1a10f008  PA:1a10f008
14262678ns          238848 1c008bda 00000513 addi             x10, x0, 0          x10=00000000
14262698ns          238849 1c008bdc 00008067 jalr             x0, x1, 0            x1:1c008ca2
14262757ns          238852 1c008ca2 4df52863 p.beqimm         x10, 1232           x10:00000000
14262777ns          238853 1c008ca6 00140413 addi             x8, x8, 1            x8=0000000f  x8:0000000e
14262797ns          238854 1c008ca8 001a450b p.lbu            x10, 1(x20!)        x10=00000072 x20=1c00006a x20:1c000069  PA:1c000069
14263115ns          238870 1c008cac fe0515e3 bne              x10, x0, -22        x10:00000072
14263195ns          238874 1c008c96 02500793 addi             x15, x0, 37         x15=00000025
14263215ns          238875 1c008c9a 04f50763 beq              x10, x15, 78        x10:00000072 x15:00000025
14263235ns          238876 1c008c9e 009005b3 add              x11, x0, x9         x11=00000002  x9:00000002
14263254ns          238877 1c008ca0 000c80e7 jalr             x1, x25, 0           x1=1c008ca2 x25:1c008bb6
14263294ns          238879 1c008bb6 000026b7 lui              x13, 0x2000         x13=00002000
14263314ns          238880 1c008bb8 f8068693 addi             x13, x13, -128      x13=00001f80 x13:00002000
14263334ns          238881 1c008bbc f14027f3 csrrs            x15, x0, 0xf14      x15=00000001
14263354ns          238882 1c008bc0 00379713 slli             x14, x15, 0x3       x14=00000008 x15:00000001
14263374ns          238883 1c008bc4 00279793 slli             x15, x15, 0x2       x15=00000004 x15:00000001
14263394ns          238884 1c008bc6 00d7f7b3 and              x15, x15, x13       x15=00000000 x15:00000004 x13:00001f80
14263414ns          238885 1c008bc8 ee873733 p.bclr           x14, x14, 23, 8     x14=00000008 x14:00000008
14263433ns          238886 1c008bcc 1a10f6b7 lui              x13, 0x1a10f000     x13=1a10f000
14263453ns          238887 1c008bd0 00d70733 add              x14, x14, x13       x14=1a10f008 x14:00000008 x13:1a10f000
14263473ns          238888 1c008bd2 00e787b3 add              x15, x15, x14       x15=1a10f008 x15:00000000 x14:1a10f008
14263493ns          238889 1c008bd4 0ff57513 andi             x10, x10, 255       x10=00000072 x10:00000072
14263513ns          238890 1c008bd8 00a7a023 sw               x10, 0(x15)         x10:00000072 x15:1a10f008  PA:1a10f008
14263851ns          238907 1c008bda 00000513 addi             x10, x0, 0          x10=00000000
14263871ns          238908 1c008bdc 00008067 jalr             x0, x1, 0            x1:1c008ca2
14263931ns          238911 1c008ca2 4df52863 p.beqimm         x10, 1232           x10:00000000
14263950ns          238912 1c008ca6 00140413 addi             x8, x8, 1            x8=00000010  x8:0000000f
14263970ns          238913 1c008ca8 001a450b p.lbu            x10, 1(x20!)        x10=00000072 x20=1c00006b x20:1c00006a  PA:1c00006a
14264308ns          238930 1c008cac fe0515e3 bne              x10, x0, -22        x10:00000072
14264388ns          238934 1c008c96 02500793 addi             x15, x0, 37         x15=00000025
14264408ns          238935 1c008c9a 04f50763 beq              x10, x15, 78        x10:00000072 x15:00000025
14264428ns          238936 1c008c9e 009005b3 add              x11, x0, x9         x11=00000002  x9:00000002
14264448ns          238937 1c008ca0 000c80e7 jalr             x1, x25, 0           x1=1c008ca2 x25:1c008bb6
14264487ns          238939 1c008bb6 000026b7 lui              x13, 0x2000         x13=00002000
14264507ns          238940 1c008bb8 f8068693 addi             x13, x13, -128      x13=00001f80 x13:00002000
14264527ns          238941 1c008bbc f14027f3 csrrs            x15, x0, 0xf14      x15=00000001
14264547ns          238942 1c008bc0 00379713 slli             x14, x15, 0x3       x14=00000008 x15:00000001
14264567ns          238943 1c008bc4 00279793 slli             x15, x15, 0x2       x15=00000004 x15:00000001
14264587ns          238944 1c008bc6 00d7f7b3 and              x15, x15, x13       x15=00000000 x15:00000004 x13:00001f80
14264607ns          238945 1c008bc8 ee873733 p.bclr           x14, x14, 23, 8     x14=00000008 x14:00000008
14264627ns          238946 1c008bcc 1a10f6b7 lui              x13, 0x1a10f000     x13=1a10f000
14264647ns          238947 1c008bd0 00d70733 add              x14, x14, x13       x14=1a10f008 x14:00000008 x13:1a10f000
14264666ns          238948 1c008bd2 00e787b3 add              x15, x15, x14       x15=1a10f008 x15:00000000 x14:1a10f008
14264686ns          238949 1c008bd4 0ff57513 andi             x10, x10, 255       x10=00000072 x10:00000072
14264706ns          238950 1c008bd8 00a7a023 sw               x10, 0(x15)         x10:00000072 x15:1a10f008  PA:1a10f008
14265024ns          238966 1c008bda 00000513 addi             x10, x0, 0          x10=00000000
14265044ns          238967 1c008bdc 00008067 jalr             x0, x1, 0            x1:1c008ca2
14265104ns          238970 1c008ca2 4df52863 p.beqimm         x10, 1232           x10:00000000
14265124ns          238971 1c008ca6 00140413 addi             x8, x8, 1            x8=00000011  x8:00000010
14265144ns          238972 1c008ca8 001a450b p.lbu            x10, 1(x20!)        x10=0000006f x20=1c00006c x20:1c00006b  PA:1c00006b
14265462ns          238988 1c008cac fe0515e3 bne              x10, x0, -22        x10:0000006f
14265542ns          238992 1c008c96 02500793 addi             x15, x0, 37         x15=00000025
14265561ns          238993 1c008c9a 04f50763 beq              x10, x15, 78        x10:0000006f x15:00000025
14265581ns          238994 1c008c9e 009005b3 add              x11, x0, x9         x11=00000002  x9:00000002
14265601ns          238995 1c008ca0 000c80e7 jalr             x1, x25, 0           x1=1c008ca2 x25:1c008bb6
14265641ns          238997 1c008bb6 000026b7 lui              x13, 0x2000         x13=00002000
14265661ns          238998 1c008bb8 f8068693 addi             x13, x13, -128      x13=00001f80 x13:00002000
14265681ns          238999 1c008bbc f14027f3 csrrs            x15, x0, 0xf14      x15=00000001
14265701ns          239000 1c008bc0 00379713 slli             x14, x15, 0x3       x14=00000008 x15:00000001
14265721ns          239001 1c008bc4 00279793 slli             x15, x15, 0x2       x15=00000004 x15:00000001
14265740ns          239002 1c008bc6 00d7f7b3 and              x15, x15, x13       x15=00000000 x15:00000004 x13:00001f80
14265760ns          239003 1c008bc8 ee873733 p.bclr           x14, x14, 23, 8     x14=00000008 x14:00000008
14265780ns          239004 1c008bcc 1a10f6b7 lui              x13, 0x1a10f000     x13=1a10f000
14265800ns          239005 1c008bd0 00d70733 add              x14, x14, x13       x14=1a10f008 x14:00000008 x13:1a10f000
14265820ns          239006 1c008bd2 00e787b3 add              x15, x15, x14       x15=1a10f008 x15:00000000 x14:1a10f008
14265840ns          239007 1c008bd4 0ff57513 andi             x10, x10, 255       x10=0000006f x10:0000006f
14265860ns          239008 1c008bd8 00a7a023 sw               x10, 0(x15)         x10:0000006f x15:1a10f008  PA:1a10f008
14266198ns          239025 1c008bda 00000513 addi             x10, x0, 0          x10=00000000
14266218ns          239026 1c008bdc 00008067 jalr             x0, x1, 0            x1:1c008ca2
14266277ns          239029 1c008ca2 4df52863 p.beqimm         x10, 1232           x10:00000000
14266297ns          239030 1c008ca6 00140413 addi             x8, x8, 1            x8=00000012  x8:00000011
14266317ns          239031 1c008ca8 001a450b p.lbu            x10, 1(x20!)        x10=00000072 x20=1c00006d x20:1c00006c  PA:1c00006c
14266635ns          239047 1c008cac fe0515e3 bne              x10, x0, -22        x10:00000072
14266715ns          239051 1c008c96 02500793 addi             x15, x0, 37         x15=00000025
14266735ns          239052 1c008c9a 04f50763 beq              x10, x15, 78        x10:00000072 x15:00000025
14266755ns          239053 1c008c9e 009005b3 add              x11, x0, x9         x11=00000002  x9:00000002
14266775ns          239054 1c008ca0 000c80e7 jalr             x1, x25, 0           x1=1c008ca2 x25:1c008bb6
14266814ns          239056 1c008bb6 000026b7 lui              x13, 0x2000         x13=00002000
14266834ns          239057 1c008bb8 f8068693 addi             x13, x13, -128      x13=00001f80 x13:00002000
14266854ns          239058 1c008bbc f14027f3 csrrs            x15, x0, 0xf14      x15=00000001
14266874ns          239059 1c008bc0 00379713 slli             x14, x15, 0x3       x14=00000008 x15:00000001
14266894ns          239060 1c008bc4 00279793 slli             x15, x15, 0x2       x15=00000004 x15:00000001
14266914ns          239061 1c008bc6 00d7f7b3 and              x15, x15, x13       x15=00000000 x15:00000004 x13:00001f80
14266934ns          239062 1c008bc8 ee873733 p.bclr           x14, x14, 23, 8     x14=00000008 x14:00000008
14266954ns          239063 1c008bcc 1a10f6b7 lui              x13, 0x1a10f000     x13=1a10f000
14266973ns          239064 1c008bd0 00d70733 add              x14, x14, x13       x14=1a10f008 x14:00000008 x13:1a10f000
14266993ns          239065 1c008bd2 00e787b3 add              x15, x15, x14       x15=1a10f008 x15:00000000 x14:1a10f008
14267013ns          239066 1c008bd4 0ff57513 andi             x10, x10, 255       x10=00000072 x10:00000072
14267033ns          239067 1c008bd8 00a7a023 sw               x10, 0(x15)         x10:00000072 x15:1a10f008  PA:1a10f008
14267351ns          239083 1c008bda 00000513 addi             x10, x0, 0          x10=00000000
14267371ns          239084 1c008bdc 00008067 jalr             x0, x1, 0            x1:1c008ca2
14267431ns          239087 1c008ca2 4df52863 p.beqimm         x10, 1232           x10:00000000
14267451ns          239088 1c008ca6 00140413 addi             x8, x8, 1            x8=00000013  x8:00000012
14267471ns          239089 1c008ca8 001a450b p.lbu            x10, 1(x20!)        x10=00000073 x20=1c00006e x20:1c00006d  PA:1c00006d
14267809ns          239106 1c008cac fe0515e3 bne              x10, x0, -22        x10:00000073
14267888ns          239110 1c008c96 02500793 addi             x15, x0, 37         x15=00000025
14267908ns          239111 1c008c9a 04f50763 beq              x10, x15, 78        x10:00000073 x15:00000025
14267928ns          239112 1c008c9e 009005b3 add              x11, x0, x9         x11=00000002  x9:00000002
14267948ns          239113 1c008ca0 000c80e7 jalr             x1, x25, 0           x1=1c008ca2 x25:1c008bb6
14267988ns          239115 1c008bb6 000026b7 lui              x13, 0x2000         x13=00002000
14268008ns          239116 1c008bb8 f8068693 addi             x13, x13, -128      x13=00001f80 x13:00002000
14268028ns          239117 1c008bbc f14027f3 csrrs            x15, x0, 0xf14      x15=00000001
14268047ns          239118 1c008bc0 00379713 slli             x14, x15, 0x3       x14=00000008 x15:00000001
14268067ns          239119 1c008bc4 00279793 slli             x15, x15, 0x2       x15=00000004 x15:00000001
14268087ns          239120 1c008bc6 00d7f7b3 and              x15, x15, x13       x15=00000000 x15:00000004 x13:00001f80
14268107ns          239121 1c008bc8 ee873733 p.bclr           x14, x14, 23, 8     x14=00000008 x14:00000008
14268127ns          239122 1c008bcc 1a10f6b7 lui              x13, 0x1a10f000     x13=1a10f000
14268147ns          239123 1c008bd0 00d70733 add              x14, x14, x13       x14=1a10f008 x14:00000008 x13:1a10f000
14268167ns          239124 1c008bd2 00e787b3 add              x15, x15, x14       x15=1a10f008 x15:00000000 x14:1a10f008
14268187ns          239125 1c008bd4 0ff57513 andi             x10, x10, 255       x10=00000073 x10:00000073
14268207ns          239126 1c008bd8 00a7a023 sw               x10, 0(x15)         x10:00000073 x15:1a10f008  PA:1a10f008
14268545ns          239143 1c008bda 00000513 addi             x10, x0, 0          x10=00000000
14268565ns          239144 1c008bdc 00008067 jalr             x0, x1, 0            x1:1c008ca2
14268624ns          239147 1c008ca2 4df52863 p.beqimm         x10, 1232           x10:00000000
14268644ns          239148 1c008ca6 00140413 addi             x8, x8, 1            x8=00000014  x8:00000013
14268664ns          239149 1c008ca8 001a450b p.lbu            x10, 1(x20!)        x10=00000020 x20=1c00006f x20:1c00006e  PA:1c00006e
14268982ns          239165 1c008cac fe0515e3 bne              x10, x0, -22        x10:00000020
14269062ns          239169 1c008c96 02500793 addi             x15, x0, 37         x15=00000025
14269082ns          239170 1c008c9a 04f50763 beq              x10, x15, 78        x10:00000020 x15:00000025
14269101ns          239171 1c008c9e 009005b3 add              x11, x0, x9         x11=00000002  x9:00000002
14269121ns          239172 1c008ca0 000c80e7 jalr             x1, x25, 0           x1=1c008ca2 x25:1c008bb6
14269161ns          239174 1c008bb6 000026b7 lui              x13, 0x2000         x13=00002000
14269181ns          239175 1c008bb8 f8068693 addi             x13, x13, -128      x13=00001f80 x13:00002000
14269201ns          239176 1c008bbc f14027f3 csrrs            x15, x0, 0xf14      x15=00000001
14269221ns          239177 1c008bc0 00379713 slli             x14, x15, 0x3       x14=00000008 x15:00000001
14269241ns          239178 1c008bc4 00279793 slli             x15, x15, 0x2       x15=00000004 x15:00000001
14269261ns          239179 1c008bc6 00d7f7b3 and              x15, x15, x13       x15=00000000 x15:00000004 x13:00001f80
14269280ns          239180 1c008bc8 ee873733 p.bclr           x14, x14, 23, 8     x14=00000008 x14:00000008
14269300ns          239181 1c008bcc 1a10f6b7 lui              x13, 0x1a10f000     x13=1a10f000
14269320ns          239182 1c008bd0 00d70733 add              x14, x14, x13       x14=1a10f008 x14:00000008 x13:1a10f000
14269340ns          239183 1c008bd2 00e787b3 add              x15, x15, x14       x15=1a10f008 x15:00000000 x14:1a10f008
14269360ns          239184 1c008bd4 0ff57513 andi             x10, x10, 255       x10=00000020 x10:00000020
14269380ns          239185 1c008bd8 00a7a023 sw               x10, 0(x15)         x10:00000020 x15:1a10f008  PA:1a10f008
14269718ns          239202 1c008bda 00000513 addi             x10, x0, 0          x10=00000000
14269738ns          239203 1c008bdc 00008067 jalr             x0, x1, 0            x1:1c008ca2
14269798ns          239206 1c008ca2 4df52863 p.beqimm         x10, 1232           x10:00000000
14269817ns          239207 1c008ca6 00140413 addi             x8, x8, 1            x8=00000015  x8:00000014
14269837ns          239208 1c008ca8 001a450b p.lbu            x10, 1(x20!)        x10=0000003d x20=1c000070 x20:1c00006f  PA:1c00006f
14270156ns          239224 1c008cac fe0515e3 bne              x10, x0, -22        x10:0000003d
14270235ns          239228 1c008c96 02500793 addi             x15, x0, 37         x15=00000025
14270255ns          239229 1c008c9a 04f50763 beq              x10, x15, 78        x10:0000003d x15:00000025
14270275ns          239230 1c008c9e 009005b3 add              x11, x0, x9         x11=00000002  x9:00000002
14270295ns          239231 1c008ca0 000c80e7 jalr             x1, x25, 0           x1=1c008ca2 x25:1c008bb6
14270335ns          239233 1c008bb6 000026b7 lui              x13, 0x2000         x13=00002000
14270354ns          239234 1c008bb8 f8068693 addi             x13, x13, -128      x13=00001f80 x13:00002000
14270374ns          239235 1c008bbc f14027f3 csrrs            x15, x0, 0xf14      x15=00000001
14270394ns          239236 1c008bc0 00379713 slli             x14, x15, 0x3       x14=00000008 x15:00000001
14270414ns          239237 1c008bc4 00279793 slli             x15, x15, 0x2       x15=00000004 x15:00000001
14270434ns          239238 1c008bc6 00d7f7b3 and              x15, x15, x13       x15=00000000 x15:00000004 x13:00001f80
14270454ns          239239 1c008bc8 ee873733 p.bclr           x14, x14, 23, 8     x14=00000008 x14:00000008
14270474ns          239240 1c008bcc 1a10f6b7 lui              x13, 0x1a10f000     x13=1a10f000
14270494ns          239241 1c008bd0 00d70733 add              x14, x14, x13       x14=1a10f008 x14:00000008 x13:1a10f000
14270514ns          239242 1c008bd2 00e787b3 add              x15, x15, x14       x15=1a10f008 x15:00000000 x14:1a10f008
14270533ns          239243 1c008bd4 0ff57513 andi             x10, x10, 255       x10=0000003d x10:0000003d
14270553ns          239244 1c008bd8 00a7a023 sw               x10, 0(x15)         x10:0000003d x15:1a10f008  PA:1a10f008
14270911ns          239262 1c008bda 00000513 addi             x10, x0, 0          x10=00000000
14270931ns          239263 1c008bdc 00008067 jalr             x0, x1, 0            x1:1c008ca2
14270991ns          239266 1c008ca2 4df52863 p.beqimm         x10, 1232           x10:00000000
14271011ns          239267 1c008ca6 00140413 addi             x8, x8, 1            x8=00000016  x8:00000015
14271031ns          239268 1c008ca8 001a450b p.lbu            x10, 1(x20!)        x10=00000020 x20=1c000071 x20:1c000070  PA:1c000070
14271369ns          239285 1c008cac fe0515e3 bne              x10, x0, -22        x10:00000020
14271448ns          239289 1c008c96 02500793 addi             x15, x0, 37         x15=00000025
14271468ns          239290 1c008c9a 04f50763 beq              x10, x15, 78        x10:00000020 x15:00000025
14271488ns          239291 1c008c9e 009005b3 add              x11, x0, x9         x11=00000002  x9:00000002
14271508ns          239292 1c008ca0 000c80e7 jalr             x1, x25, 0           x1=1c008ca2 x25:1c008bb6
14271548ns          239294 1c008bb6 000026b7 lui              x13, 0x2000         x13=00002000
14271568ns          239295 1c008bb8 f8068693 addi             x13, x13, -128      x13=00001f80 x13:00002000
14271587ns          239296 1c008bbc f14027f3 csrrs            x15, x0, 0xf14      x15=00000001
14271607ns          239297 1c008bc0 00379713 slli             x14, x15, 0x3       x14=00000008 x15:00000001
14271627ns          239298 1c008bc4 00279793 slli             x15, x15, 0x2       x15=00000004 x15:00000001
14271647ns          239299 1c008bc6 00d7f7b3 and              x15, x15, x13       x15=00000000 x15:00000004 x13:00001f80
14271667ns          239300 1c008bc8 ee873733 p.bclr           x14, x14, 23, 8     x14=00000008 x14:00000008
14271687ns          239301 1c008bcc 1a10f6b7 lui              x13, 0x1a10f000     x13=1a10f000
14271707ns          239302 1c008bd0 00d70733 add              x14, x14, x13       x14=1a10f008 x14:00000008 x13:1a10f000
14271727ns          239303 1c008bd2 00e787b3 add              x15, x15, x14       x15=1a10f008 x15:00000000 x14:1a10f008
14271747ns          239304 1c008bd4 0ff57513 andi             x10, x10, 255       x10=00000020 x10:00000020
14271766ns          239305 1c008bd8 00a7a023 sw               x10, 0(x15)         x10:00000020 x15:1a10f008  PA:1a10f008
14272085ns          239321 1c008bda 00000513 addi             x10, x0, 0          x10=00000000
14272105ns          239322 1c008bdc 00008067 jalr             x0, x1, 0            x1:1c008ca2
14272164ns          239325 1c008ca2 4df52863 p.beqimm         x10, 1232           x10:00000000
14272184ns          239326 1c008ca6 00140413 addi             x8, x8, 1            x8=00000017  x8:00000016
14272204ns          239327 1c008ca8 001a450b p.lbu            x10, 1(x20!)        x10=00000025 x20=1c000072 x20:1c000071  PA:1c000071
14272522ns          239343 1c008cac fe0515e3 bne              x10, x0, -22        x10:00000025
14272602ns          239347 1c008c96 02500793 addi             x15, x0, 37         x15=00000025
14272622ns          239348 1c008c9a 04f50763 beq              x10, x15, 78        x10:00000025 x15:00000025
14272721ns          239353 1c008ce8 01400c33 add              x24, x0, x20        x24=1c000072 x20:1c000072
14272761ns          239355 1c008cea 000c4a03 lbu              x20, 0(x24)         x20=00000064 x24:1c000072  PA:1c000072
14273099ns          239372 1c008cee 0b4d0513 addi             x10, x26, 180       x10=1c0000b4 x26:1c000000
14273119ns          239373 1c008cf2 00912e23 sw               x9, 28(x2)           x9:00000002  x2:10000e18  PA:10000e34
14273139ns          239374 1c008cf4 014005b3 add              x11, x0, x20        x11=00000064 x20:00000064
14273159ns          239375 1c008cf6 00012823 sw               x0, 16(x2)           x2:10000e18  PA:10000e28
14273179ns          239376 1c008cf8 00012a23 sw               x0, 20(x2)           x2:10000e18  PA:10000e2c
14273198ns          239377 1c008cfa 00012623 sw               x0, 12(x2)           x2:10000e18  PA:10000e24
14273218ns          239378 1c008cfc 001c0493 addi             x9, x24, 1           x9=1c000073 x24:1c000072
14273238ns          239379 1c008d00 e41ff0ef jal              x1, -448             x1=1c008d02
14273318ns          239383 1c008b40 00054703 lbu              x14, 0(x10)         x14=0000002d x10:1c0000b4  PA:1c0000b4
14273636ns          239399 1c008b44 0ff5f593 andi             x11, x11, 255       x11=00000064 x11:00000064
14273656ns          239400 1c008b48 00a007b3 add              x15, x0, x10        x15=1c0000b4 x10:1c0000b4
14273676ns          239401 1c008b4a 00b70863 beq              x14, x11, 16        x14:0000002d x11:00000064
14273696ns          239402 1c008b4e 00070863 beq              x14, x0, 16         x14:0000002d
14273716ns          239403 1c008b50 0017c703 lbu              x14, 1(x15)         x14=0000002b x15:1c0000b4  PA:1c0000b5
14274014ns          239418 1c008b54 00178793 addi             x15, x15, 1         x15=1c0000b5 x15:1c0000b4
14274034ns          239419 1c008b56 feb71ce3 bne              x14, x11, -8        x14:0000002b x11:00000064
14274093ns          239422 1c008b4e 00070863 beq              x14, x0, 16         x14:0000002b
14274113ns          239423 1c008b50 0017c703 lbu              x14, 1(x15)         x14=00000020 x15:1c0000b5  PA:1c0000b6
14274412ns          239438 1c008b54 00178793 addi             x15, x15, 1         x15=1c0000b6 x15:1c0000b5
14274431ns          239439 1c008b56 feb71ce3 bne              x14, x11, -8        x14:00000020 x11:00000064
14274491ns          239442 1c008b4e 00070863 beq              x14, x0, 16         x14:00000020
14274511ns          239443 1c008b50 0017c703 lbu              x14, 1(x15)         x14=00000023 x15:1c0000b6  PA:1c0000b7
14274829ns          239459 1c008b54 00178793 addi             x15, x15, 1         x15=1c0000b7 x15:1c0000b6
14274849ns          239460 1c008b56 feb71ce3 bne              x14, x11, -8        x14:00000023 x11:00000064
14274909ns          239463 1c008b4e 00070863 beq              x14, x0, 16         x14:00000023
14274929ns          239464 1c008b50 0017c703 lbu              x14, 1(x15)         x14=00000030 x15:1c0000b7  PA:1c0000b8
14275227ns          239479 1c008b54 00178793 addi             x15, x15, 1         x15=1c0000b8 x15:1c0000b7
14275247ns          239480 1c008b56 feb71ce3 bne              x14, x11, -8        x14:00000030 x11:00000064
14275307ns          239483 1c008b4e 00070863 beq              x14, x0, 16         x14:00000030
14275326ns          239484 1c008b50 0017c703 lbu              x14, 1(x15)         x14=00000000 x15:1c0000b8  PA:1c0000b9
14275625ns          239499 1c008b54 00178793 addi             x15, x15, 1         x15=1c0000b9 x15:1c0000b8
14275645ns          239500 1c008b56 feb71ce3 bne              x14, x11, -8        x14:00000000 x11:00000064
14275704ns          239503 1c008b4e 00070863 beq              x14, x0, 16         x14:00000000
14275764ns          239506 1c008b5e 00000513 addi             x10, x0, 0          x10=00000000
14275784ns          239507 1c008b60 fe058de3 beq              x11, x0, -6         x11:00000064
14275804ns          239508 1c008b62 00008067 jalr             x0, x1, 0            x1:1c008d02
14275863ns          239511 1c008d02 02000913 addi             x18, x0, 32         x18=00000020
14275883ns          239512 1c008d06 00000993 addi             x19, x0, 0          x19=00000000
14275903ns          239513 1c008d08 02b00a93 addi             x21, x0, 43         x21=0000002b
14275923ns          239514 1c008d0c 02d00b93 addi             x23, x0, 45         x23=0000002d
14275963ns          239516 1c008d10 03000b13 addi             x22, x0, 48         x22=00000030
14276003ns          239518 1c008d14 00900633 add              x12, x0, x9         x12=1c000073  x9:1c000073
14276023ns          239519 1c008d16 02050963 beq              x10, x0, 50         x10:00000000
14276142ns          239525 1c008d48 03312623 sw               x19, 44(x2)         x19:00000000  x2:10000e18  PA:10000e44
14276162ns          239526 1c008d4a 02a00693 addi             x13, x0, 42         x13=0000002a
14276182ns          239527 1c008d4e 014009b3 add              x19, x0, x20        x19=00000064 x20:00000064
14276221ns          239529 1c008d50 01800a33 add              x20, x0, x24        x20=1c000072 x24:1c000072
14276241ns          239530 1c008d52 00900c33 add              x24, x0, x9         x24=1c000073  x9:1c000073
14276261ns          239531 1c008d54 01c12483 lw               x9, 28(x2)           x9=00000002  x2:10000e18  PA:10000e34
14276281ns          239532 1c008d56 42d98063 beq              x19, x13, 1056      x19:00000064 x13:0000002a
14276301ns          239533 1c008d5a fd098693 addi             x13, x19, -48       x13=00000034 x19:00000064
14276321ns          239534 1c008d5e 00900513 addi             x10, x0, 9          x10=00000009
14276361ns          239536 1c008d60 00000a93 addi             x21, x0, 0          x21=00000000
14276400ns          239538 1c008d62 3cd57f63 bgeu             x10, x13, 990       x10:00000009 x13:00000034
14276420ns          239539 1c008d66 02e00793 addi             x15, x0, 46         x15=0000002e
14276440ns          239540 1c008d6a fff00b13 addi             x22, x0, -1         x22=ffffffff
14276460ns          239541 1c008d6c 04f981e3 beq              x19, x15, 2114      x19:00000064 x15:0000002e
14276480ns          239542 1c008d70 1c0007b7 lui              x15, 0x1c000000     x15=1c000000
14276500ns          239543 1c008d74 013005b3 add              x11, x0, x19        x11=00000064 x19:00000064
14276520ns          239544 1c008d76 0bc78513 addi             x10, x15, 188       x10=1c0000bc x15:1c000000
14276540ns          239545 1c008d7a 00c12e23 sw               x12, 28(x2)         x12:1c000073  x2:10000e18  PA:10000e34
14276559ns          239546 1c008d7c dc5ff0ef jal              x1, -572             x1=1c008d7e
14276619ns          239549 1c008b40 00054703 lbu              x14, 0(x10)         x14=00000068 x10:1c0000bc  PA:1c0000bc
14276917ns          239564 1c008b44 0ff5f593 andi             x11, x11, 255       x11=00000064 x11:00000064
14276937ns          239565 1c008b48 00a007b3 add              x15, x0, x10        x15=1c0000bc x10:1c0000bc
14276957ns          239566 1c008b4a 00b70863 beq              x14, x11, 16        x14:00000068 x11:00000064
14276977ns          239567 1c008b4e 00070863 beq              x14, x0, 16         x14:00000068
14276997ns          239568 1c008b50 0017c703 lbu              x14, 1(x15)         x14=0000006c x15:1c0000bc  PA:1c0000bd
14277295ns          239583 1c008b54 00178793 addi             x15, x15, 1         x15=1c0000bd x15:1c0000bc
14277315ns          239584 1c008b56 feb71ce3 bne              x14, x11, -8        x14:0000006c x11:00000064
14277375ns          239587 1c008b4e 00070863 beq              x14, x0, 16         x14:0000006c
14277395ns          239588 1c008b50 0017c703 lbu              x14, 1(x15)         x14=0000004c x15:1c0000bd  PA:1c0000be
14277693ns          239603 1c008b54 00178793 addi             x15, x15, 1         x15=1c0000be x15:1c0000bd
14277713ns          239604 1c008b56 feb71ce3 bne              x14, x11, -8        x14:0000004c x11:00000064
14277773ns          239607 1c008b4e 00070863 beq              x14, x0, 16         x14:0000004c
14277793ns          239608 1c008b50 0017c703 lbu              x14, 1(x15)         x14=0000007a x15:1c0000be  PA:1c0000bf
14278091ns          239623 1c008b54 00178793 addi             x15, x15, 1         x15=1c0000bf x15:1c0000be
14278111ns          239624 1c008b56 feb71ce3 bne              x14, x11, -8        x14:0000007a x11:00000064
14278170ns          239627 1c008b4e 00070863 beq              x14, x0, 16         x14:0000007a
14278190ns          239628 1c008b50 0017c703 lbu              x14, 1(x15)         x14=00000000 x15:1c0000bf  PA:1c0000c0
14278489ns          239643 1c008b54 00178793 addi             x15, x15, 1         x15=1c0000c0 x15:1c0000bf
14278509ns          239644 1c008b56 feb71ce3 bne              x14, x11, -8        x14:00000000 x11:00000064
14278568ns          239647 1c008b4e 00070863 beq              x14, x0, 16         x14:00000000
14278628ns          239650 1c008b5e 00000513 addi             x10, x0, 0          x10=00000000
14278648ns          239651 1c008b60 fe058de3 beq              x11, x0, -6         x11:00000064
14278668ns          239652 1c008b62 00008067 jalr             x0, x1, 0            x1:1c008d7e
14278707ns          239654 1c008d7e 01c12603 lw               x12, 28(x2)         x12=1c000073  x2:10000e18  PA:10000e34
14278747ns          239656 1c008d80 00c00a33 add              x20, x0, x12        x20=1c000073 x12:1c000073
14278767ns          239657 1c008d82 00050563 beq              x10, x0, 10         x10:00000000
14278827ns          239660 1c008d8c 06900793 addi             x15, x0, 105        x15=00000069
14278847ns          239661 1c008d90 1cf98be3 beq              x19, x15, 2518      x19:00000064 x15:00000069
14278866ns          239662 1c008d94 4b37ce63 blt              x15, x19, 1212      x15:00000069 x19:00000064
14278886ns          239663 1c008d98 05800793 addi             x15, x0, 88         x15=00000058
14278906ns          239664 1c008d9c 4cf98863 beq              x19, x15, 1232      x19:00000064 x15:00000058
14278966ns          239667 1c008da0 3f37cd63 blt              x15, x19, 1018      x15:00000058 x19:00000064
14279045ns          239671 1c00919a 06400793 addi             x15, x0, 100        x15=00000064
14279065ns          239672 1c00919e 5cf98463 beq              x19, x15, 1480      x19:00000064 x15:00000064
14279125ns          239675 1c009766 01812b83 lw               x23, 24(x2)         x23=10000f84  x2:10000e18  PA:10000e30
14279165ns          239677 1c009768 004ba60b p.lw             x12, 4(x23!)        x12=00000000 x23=10000f88 x23:10000f84  PA:10000f84
14279205ns          239679 1c00976c 48064963 blt              x12, x0, 1170       x12:00000000
14279224ns          239680 1c009770 01412783 lw               x15, 20(x2)         x15=00000000  x2:10000e18  PA:10000e2c
14279244ns          239681 1c009772 00c00733 add              x14, x0, x12        x14=00000000 x12:00000000
14279264ns          239682 1c009774 56078863 beq              x15, x0, 1392       x15:00000000
14279364ns          239687 1c009ce4 01012783 lw               x15, 16(x2)         x15=00000000  x2:10000e18  PA:10000e28
14279384ns          239688 1c009ce6 01b00533 add              x10, x0, x27        x10=10000e4c x27:10000e4c
14279403ns          239689 1c009ce8 a8078ee3 beq              x15, x0, -1380      x15:00000000
14279463ns          239692 1c009784 00a007b3 add              x15, x0, x10        x15=10000e4c x10:10000e4c
14279483ns          239693 1c009786 00a00593 addi             x11, x0, 10         x11=0000000a
14279503ns          239694 1c009788 00900313 addi             x6, x0, 9            x6=00000009
14279523ns          239695 1c00978a 02b776b3 remu             x13, x14, x11       x13=00000000 x14:00000000 x11:0000000a
14280139ns          239726 1c00978e 00e00833 add              x16, x0, x14        x16=00000000 x14:00000000
14280159ns          239727 1c009790 00f008b3 add              x17, x0, x15        x17=10000e4c x15:10000e4c
14280179ns          239728 1c009792 03068693 addi             x13, x13, 48        x13=00000030 x13:00000000
14280199ns          239729 1c009796 00d780ab p.sb             x13, 1(x15!)        x15=10000e4d x13:00000030 x15:10000e4c  PA:10000e4c
14280219ns          239730 1c00979a 02b75733 divu             x14, x14, x11       x14=00000000 x14:00000000 x11:0000000a
14280855ns          239762 1c00979e ff0366e3 bltu             x6, x16, -20         x6:00000009 x16:00000000
14280875ns          239763 1c0097a2 40a78733 sub              x14, x15, x10       x14=00000001 x15:10000e4d x10:10000e4c
14280895ns          239764 1c0097a6 01675c63 bge              x14, x22, 24        x14:00000001 x22:ffffffff
14281014ns          239770 1c0097be 00078023 sb               x0, 0(x15)          x15:10000e4d  PA:10000e4d
14281054ns          239772 1c0097c2 0b157563 bgeu             x10, x17, 170       x10:10000e4c x17:10000e4c
14281154ns          239777 1c00986c 01412703 lw               x14, 20(x2)         x14=00000000  x2:10000e18  PA:10000e2c
14281174ns          239778 1c00986e 01012683 lw               x13, 16(x2)         x13=00000000  x2:10000e18  PA:10000e28
14281233ns          239781 1c009870 41b787b3 sub              x15, x15, x27       x15=00000001 x15:10000e4d x27:10000e4c
14281273ns          239783 1c009874 00d76733 or               x14, x14, x13       x14=00000000 x14:00000000 x13:00000000
14281293ns          239784 1c009876 02e12623 sw               x14, 44(x2)         x14:00000000  x2:10000e18  PA:10000e44
14281313ns          239785 1c009878 b0071be3 bne              x14, x0, -1258      x14:00000000
14281333ns          239786 1c00987c 01f65713 srli             x14, x12, 0x1f      x14=00000000 x12:00000000
14281352ns          239787 1c009880 02e12623 sw               x14, 44(x2)         x14:00000000  x2:10000e18  PA:10000e44
14281372ns          239788 1c009882 b0dff06f jal              x0, -1268          
14281492ns          239794 1c00938e ebfb2be3 p.beqimm         x22, -330           x22:ffffffff
14281551ns          239797 1c009244 0c800713 addi             x14, x0, 200        x14=000000c8
14281571ns          239798 1c009248 14f75b63 bge              x14, x15, 342       x14:000000c8 x15:00000001
14281770ns          239808 1c00939e 00178613 addi             x12, x15, 1         x12=00000002 x15:00000001
14281810ns          239810 1c0093a2 0557c863 blt              x15, x21, 80        x15:00000001 x21:00000000
14281830ns          239811 1c0093a6 01712c23 sw               x23, 24(x2)         x23:10000f88  x2:10000e18  PA:10000e30
14281850ns          239812 1c0093a8 00f00ab3 add              x21, x0, x15        x21=00000001 x15:00000001
14281870ns          239813 1c0093aa 8e0a8fe3 beq              x21, x0, -1794      x21:00000001
14281889ns          239814 1c0093ae 01b00933 add              x18, x0, x27        x18=10000e4c x27:10000e4c
14281909ns          239815 1c0093b0 41b409b3 sub              x19, x8, x27        x19=effff1cb  x8:00000017 x27:10000e4c
14281929ns          239816 1c0093b4 01ba8ab3 add              x21, x21, x27       x21=10000e4d x21:00000001 x27:10000e4c
14281949ns          239817 1c0093b6 00a0006f jal              x0, 10             
14281989ns          239819 1c0093c0 0019450b p.lbu            x10, 1(x18!)        x10=00000030 x18=10000e4d x18:10000e4c  PA:10000e4c
14282009ns          239820 1c0093c4 009005b3 add              x11, x0, x9         x11=00000002  x9:00000002
14282029ns          239821 1c0093c6 000c80e7 jalr             x1, x25, 0           x1=1c0093c8 x25:1c008bb6
14282068ns          239823 1c008bb6 000026b7 lui              x13, 0x2000         x13=00002000
14282088ns          239824 1c008bb8 f8068693 addi             x13, x13, -128      x13=00001f80 x13:00002000
14282108ns          239825 1c008bbc f14027f3 csrrs            x15, x0, 0xf14      x15=00000001
14282168ns          239828 1c008bc0 00379713 slli             x14, x15, 0x3       x14=00000008 x15:00000001
14282208ns          239830 1c008bc4 00279793 slli             x15, x15, 0x2       x15=00000004 x15:00000001
14282228ns          239831 1c008bc6 00d7f7b3 and              x15, x15, x13       x15=00000000 x15:00000004 x13:00001f80
14282247ns          239832 1c008bc8 ee873733 p.bclr           x14, x14, 23, 8     x14=00000008 x14:00000008
14282267ns          239833 1c008bcc 1a10f6b7 lui              x13, 0x1a10f000     x13=1a10f000
14282287ns          239834 1c008bd0 00d70733 add              x14, x14, x13       x14=1a10f008 x14:00000008 x13:1a10f000
14282307ns          239835 1c008bd2 00e787b3 add              x15, x15, x14       x15=1a10f008 x15:00000000 x14:1a10f008
14282327ns          239836 1c008bd4 0ff57513 andi             x10, x10, 255       x10=00000030 x10:00000030
14282347ns          239837 1c008bd8 00a7a023 sw               x10, 0(x15)         x10:00000030 x15:1a10f008  PA:1a10f008
14282685ns          239854 1c008bda 00000513 addi             x10, x0, 0          x10=00000000
14282705ns          239855 1c008bdc 00008067 jalr             x0, x1, 0            x1:1c0093c8
14282745ns          239857 1c0093c8 fff538e3 p.bneimm         x10, -16            x10:00000000
14282804ns          239860 1c0093b8 01298433 add              x8, x19, x18         x8=00000018 x19:effff1cb x18:10000e4d
14282824ns          239861 1c0093bc 8f2a86e3 beq              x21, x18, -1812     x21:10000e4d x18:10000e4d
14282884ns          239864 1c008ca8 001a450b p.lbu            x10, 1(x20!)        x10=00000020 x20=1c000074 x20:1c000073  PA:1c000073
14283202ns          239880 1c008cac fe0515e3 bne              x10, x0, -22        x10:00000020
14283341ns          239887 1c008c96 02500793 addi             x15, x0, 37         x15=00000025
14283361ns          239888 1c008c9a 04f50763 beq              x10, x15, 78        x10:00000020 x15:00000025
14283381ns          239889 1c008c9e 009005b3 add              x11, x0, x9         x11=00000002  x9:00000002
14283401ns          239890 1c008ca0 000c80e7 jalr             x1, x25, 0           x1=1c008ca2 x25:1c008bb6
14283441ns          239892 1c008bb6 000026b7 lui              x13, 0x2000         x13=00002000
14283461ns          239893 1c008bb8 f8068693 addi             x13, x13, -128      x13=00001f80 x13:00002000
14283481ns          239894 1c008bbc f14027f3 csrrs            x15, x0, 0xf14      x15=00000001
14283500ns          239895 1c008bc0 00379713 slli             x14, x15, 0x3       x14=00000008 x15:00000001
14283520ns          239896 1c008bc4 00279793 slli             x15, x15, 0x2       x15=00000004 x15:00000001
14283540ns          239897 1c008bc6 00d7f7b3 and              x15, x15, x13       x15=00000000 x15:00000004 x13:00001f80
14283560ns          239898 1c008bc8 ee873733 p.bclr           x14, x14, 23, 8     x14=00000008 x14:00000008
14283580ns          239899 1c008bcc 1a10f6b7 lui              x13, 0x1a10f000     x13=1a10f000
14283600ns          239900 1c008bd0 00d70733 add              x14, x14, x13       x14=1a10f008 x14:00000008 x13:1a10f000
14283620ns          239901 1c008bd2 00e787b3 add              x15, x15, x14       x15=1a10f008 x15:00000000 x14:1a10f008
14283640ns          239902 1c008bd4 0ff57513 andi             x10, x10, 255       x10=00000020 x10:00000020
14283660ns          239903 1c008bd8 00a7a023 sw               x10, 0(x15)         x10:00000020 x15:1a10f008  PA:1a10f008
14283978ns          239919 1c008bda 00000513 addi             x10, x0, 0          x10=00000000
14283998ns          239920 1c008bdc 00008067 jalr             x0, x1, 0            x1:1c008ca2
14284057ns          239923 1c008ca2 4df52863 p.beqimm         x10, 1232           x10:00000000
14284077ns          239924 1c008ca6 00140413 addi             x8, x8, 1            x8=00000019  x8:00000018
14284097ns          239925 1c008ca8 001a450b p.lbu            x10, 1(x20!)        x10=0000002f x20=1c000075 x20:1c000074  PA:1c000074
14284455ns          239943 1c008cac fe0515e3 bne              x10, x0, -22        x10:0000002f
14284535ns          239947 1c008c96 02500793 addi             x15, x0, 37         x15=00000025
14284554ns          239948 1c008c9a 04f50763 beq              x10, x15, 78        x10:0000002f x15:00000025
14284574ns          239949 1c008c9e 009005b3 add              x11, x0, x9         x11=00000002  x9:00000002
14284594ns          239950 1c008ca0 000c80e7 jalr             x1, x25, 0           x1=1c008ca2 x25:1c008bb6
14284634ns          239952 1c008bb6 000026b7 lui              x13, 0x2000         x13=00002000
14284654ns          239953 1c008bb8 f8068693 addi             x13, x13, -128      x13=00001f80 x13:00002000
14284674ns          239954 1c008bbc f14027f3 csrrs            x15, x0, 0xf14      x15=00000001
14284694ns          239955 1c008bc0 00379713 slli             x14, x15, 0x3       x14=00000008 x15:00000001
14284714ns          239956 1c008bc4 00279793 slli             x15, x15, 0x2       x15=00000004 x15:00000001
14284733ns          239957 1c008bc6 00d7f7b3 and              x15, x15, x13       x15=00000000 x15:00000004 x13:00001f80
14284753ns          239958 1c008bc8 ee873733 p.bclr           x14, x14, 23, 8     x14=00000008 x14:00000008
14284773ns          239959 1c008bcc 1a10f6b7 lui              x13, 0x1a10f000     x13=1a10f000
14284793ns          239960 1c008bd0 00d70733 add              x14, x14, x13       x14=1a10f008 x14:00000008 x13:1a10f000
14284813ns          239961 1c008bd2 00e787b3 add              x15, x15, x14       x15=1a10f008 x15:00000000 x14:1a10f008
14284833ns          239962 1c008bd4 0ff57513 andi             x10, x10, 255       x10=0000002f x10:0000002f
14284853ns          239963 1c008bd8 00a7a023 sw               x10, 0(x15)         x10:0000002f x15:1a10f008  PA:1a10f008
14285171ns          239979 1c008bda 00000513 addi             x10, x0, 0          x10=00000000
14285191ns          239980 1c008bdc 00008067 jalr             x0, x1, 0            x1:1c008ca2
14285251ns          239983 1c008ca2 4df52863 p.beqimm         x10, 1232           x10:00000000
14285270ns          239984 1c008ca6 00140413 addi             x8, x8, 1            x8=0000001a  x8:00000019
14285290ns          239985 1c008ca8 001a450b p.lbu            x10, 1(x20!)        x10=00000020 x20=1c000076 x20:1c000075  PA:1c000075
14285609ns          240001 1c008cac fe0515e3 bne              x10, x0, -22        x10:00000020
14285688ns          240005 1c008c96 02500793 addi             x15, x0, 37         x15=00000025
14285708ns          240006 1c008c9a 04f50763 beq              x10, x15, 78        x10:00000020 x15:00000025
14285728ns          240007 1c008c9e 009005b3 add              x11, x0, x9         x11=00000002  x9:00000002
14285748ns          240008 1c008ca0 000c80e7 jalr             x1, x25, 0           x1=1c008ca2 x25:1c008bb6
14285788ns          240010 1c008bb6 000026b7 lui              x13, 0x2000         x13=00002000
14285807ns          240011 1c008bb8 f8068693 addi             x13, x13, -128      x13=00001f80 x13:00002000
14285827ns          240012 1c008bbc f14027f3 csrrs            x15, x0, 0xf14      x15=00000001
14285847ns          240013 1c008bc0 00379713 slli             x14, x15, 0x3       x14=00000008 x15:00000001
14285867ns          240014 1c008bc4 00279793 slli             x15, x15, 0x2       x15=00000004 x15:00000001
14285887ns          240015 1c008bc6 00d7f7b3 and              x15, x15, x13       x15=00000000 x15:00000004 x13:00001f80
14285907ns          240016 1c008bc8 ee873733 p.bclr           x14, x14, 23, 8     x14=00000008 x14:00000008
14285927ns          240017 1c008bcc 1a10f6b7 lui              x13, 0x1a10f000     x13=1a10f000
14285947ns          240018 1c008bd0 00d70733 add              x14, x14, x13       x14=1a10f008 x14:00000008 x13:1a10f000
14285967ns          240019 1c008bd2 00e787b3 add              x15, x15, x14       x15=1a10f008 x15:00000000 x14:1a10f008
14285986ns          240020 1c008bd4 0ff57513 andi             x10, x10, 255       x10=00000020 x10:00000020
14286006ns          240021 1c008bd8 00a7a023 sw               x10, 0(x15)         x10:00000020 x15:1a10f008  PA:1a10f008
14286344ns          240038 1c008bda 00000513 addi             x10, x0, 0          x10=00000000
14286364ns          240039 1c008bdc 00008067 jalr             x0, x1, 0            x1:1c008ca2
14286424ns          240042 1c008ca2 4df52863 p.beqimm         x10, 1232           x10:00000000
14286444ns          240043 1c008ca6 00140413 addi             x8, x8, 1            x8=0000001b  x8:0000001a
14286464ns          240044 1c008ca8 001a450b p.lbu            x10, 1(x20!)        x10=00000031 x20=1c000077 x20:1c000076  PA:1c000076
14286802ns          240061 1c008cac fe0515e3 bne              x10, x0, -22        x10:00000031
14286881ns          240065 1c008c96 02500793 addi             x15, x0, 37         x15=00000025
14286901ns          240066 1c008c9a 04f50763 beq              x10, x15, 78        x10:00000031 x15:00000025
14286921ns          240067 1c008c9e 009005b3 add              x11, x0, x9         x11=00000002  x9:00000002
14286941ns          240068 1c008ca0 000c80e7 jalr             x1, x25, 0           x1=1c008ca2 x25:1c008bb6
14286981ns          240070 1c008bb6 000026b7 lui              x13, 0x2000         x13=00002000
14287001ns          240071 1c008bb8 f8068693 addi             x13, x13, -128      x13=00001f80 x13:00002000
14287021ns          240072 1c008bbc f14027f3 csrrs            x15, x0, 0xf14      x15=00000001
14287040ns          240073 1c008bc0 00379713 slli             x14, x15, 0x3       x14=00000008 x15:00000001
14287060ns          240074 1c008bc4 00279793 slli             x15, x15, 0x2       x15=00000004 x15:00000001
14287080ns          240075 1c008bc6 00d7f7b3 and              x15, x15, x13       x15=00000000 x15:00000004 x13:00001f80
14287100ns          240076 1c008bc8 ee873733 p.bclr           x14, x14, 23, 8     x14=00000008 x14:00000008
14287120ns          240077 1c008bcc 1a10f6b7 lui              x13, 0x1a10f000     x13=1a10f000
14287140ns          240078 1c008bd0 00d70733 add              x14, x14, x13       x14=1a10f008 x14:00000008 x13:1a10f000
14287160ns          240079 1c008bd2 00e787b3 add              x15, x15, x14       x15=1a10f008 x15:00000000 x14:1a10f008
14287180ns          240080 1c008bd4 0ff57513 andi             x10, x10, 255       x10=00000031 x10:00000031
14287200ns          240081 1c008bd8 00a7a023 sw               x10, 0(x15)         x10:00000031 x15:1a10f008  PA:1a10f008
14287538ns          240098 1c008bda 00000513 addi             x10, x0, 0          x10=00000000
14287558ns          240099 1c008bdc 00008067 jalr             x0, x1, 0            x1:1c008ca2
14287617ns          240102 1c008ca2 4df52863 p.beqimm         x10, 1232           x10:00000000
14287637ns          240103 1c008ca6 00140413 addi             x8, x8, 1            x8=0000001c  x8:0000001b
14287657ns          240104 1c008ca8 001a450b p.lbu            x10, 1(x20!)        x10=00000036 x20=1c000078 x20:1c000077  PA:1c000077
14287975ns          240120 1c008cac fe0515e3 bne              x10, x0, -22        x10:00000036
14288055ns          240124 1c008c96 02500793 addi             x15, x0, 37         x15=00000025
14288075ns          240125 1c008c9a 04f50763 beq              x10, x15, 78        x10:00000036 x15:00000025
14288095ns          240126 1c008c9e 009005b3 add              x11, x0, x9         x11=00000002  x9:00000002
14288114ns          240127 1c008ca0 000c80e7 jalr             x1, x25, 0           x1=1c008ca2 x25:1c008bb6
14288154ns          240129 1c008bb6 000026b7 lui              x13, 0x2000         x13=00002000
14288174ns          240130 1c008bb8 f8068693 addi             x13, x13, -128      x13=00001f80 x13:00002000
14288194ns          240131 1c008bbc f14027f3 csrrs            x15, x0, 0xf14      x15=00000001
14288214ns          240132 1c008bc0 00379713 slli             x14, x15, 0x3       x14=00000008 x15:00000001
14288234ns          240133 1c008bc4 00279793 slli             x15, x15, 0x2       x15=00000004 x15:00000001
14288254ns          240134 1c008bc6 00d7f7b3 and              x15, x15, x13       x15=00000000 x15:00000004 x13:00001f80
14288274ns          240135 1c008bc8 ee873733 p.bclr           x14, x14, 23, 8     x14=00000008 x14:00000008
14288293ns          240136 1c008bcc 1a10f6b7 lui              x13, 0x1a10f000     x13=1a10f000
14288313ns          240137 1c008bd0 00d70733 add              x14, x14, x13       x14=1a10f008 x14:00000008 x13:1a10f000
14288333ns          240138 1c008bd2 00e787b3 add              x15, x15, x14       x15=1a10f008 x15:00000000 x14:1a10f008
14288353ns          240139 1c008bd4 0ff57513 andi             x10, x10, 255       x10=00000036 x10:00000036
14288373ns          240140 1c008bd8 00a7a023 sw               x10, 0(x15)         x10:00000036 x15:1a10f008  PA:1a10f008
14288691ns          240156 1c008bda 00000513 addi             x10, x0, 0          x10=00000000
14288711ns          240157 1c008bdc 00008067 jalr             x0, x1, 0            x1:1c008ca2
14288771ns          240160 1c008ca2 4df52863 p.beqimm         x10, 1232           x10:00000000
14288791ns          240161 1c008ca6 00140413 addi             x8, x8, 1            x8=0000001d  x8:0000001c
14288810ns          240162 1c008ca8 001a450b p.lbu            x10, 1(x20!)        x10=0000000a x20=1c000079 x20:1c000078  PA:1c000078
14289129ns          240178 1c008cac fe0515e3 bne              x10, x0, -22        x10:0000000a
14289208ns          240182 1c008c96 02500793 addi             x15, x0, 37         x15=00000025
14289228ns          240183 1c008c9a 04f50763 beq              x10, x15, 78        x10:0000000a x15:00000025
14289248ns          240184 1c008c9e 009005b3 add              x11, x0, x9         x11=00000002  x9:00000002
14289268ns          240185 1c008ca0 000c80e7 jalr             x1, x25, 0           x1=1c008ca2 x25:1c008bb6
14289308ns          240187 1c008bb6 000026b7 lui              x13, 0x2000         x13=00002000
14289328ns          240188 1c008bb8 f8068693 addi             x13, x13, -128      x13=00001f80 x13:00002000
14289347ns          240189 1c008bbc f14027f3 csrrs            x15, x0, 0xf14      x15=00000001
14289367ns          240190 1c008bc0 00379713 slli             x14, x15, 0x3       x14=00000008 x15:00000001
14289387ns          240191 1c008bc4 00279793 slli             x15, x15, 0x2       x15=00000004 x15:00000001
14289407ns          240192 1c008bc6 00d7f7b3 and              x15, x15, x13       x15=00000000 x15:00000004 x13:00001f80
14289427ns          240193 1c008bc8 ee873733 p.bclr           x14, x14, 23, 8     x14=00000008 x14:00000008
14289447ns          240194 1c008bcc 1a10f6b7 lui              x13, 0x1a10f000     x13=1a10f000
14289467ns          240195 1c008bd0 00d70733 add              x14, x14, x13       x14=1a10f008 x14:00000008 x13:1a10f000
14289487ns          240196 1c008bd2 00e787b3 add              x15, x15, x14       x15=1a10f008 x15:00000000 x14:1a10f008
14289507ns          240197 1c008bd4 0ff57513 andi             x10, x10, 255       x10=0000000a x10:0000000a
14289526ns          240198 1c008bd8 00a7a023 sw               x10, 0(x15)         x10:0000000a x15:1a10f008  PA:1a10f008
14289865ns          240215 1c008bda 00000513 addi             x10, x0, 0          x10=00000000
14289884ns          240216 1c008bdc 00008067 jalr             x0, x1, 0            x1:1c008ca2
14289944ns          240219 1c008ca2 4df52863 p.beqimm         x10, 1232           x10:00000000
14289964ns          240220 1c008ca6 00140413 addi             x8, x8, 1            x8=0000001e  x8:0000001d
14289984ns          240221 1c008ca8 001a450b p.lbu            x10, 1(x20!)        x10=00000000 x20=1c00007a x20:1c000079  PA:1c000079
14290302ns          240237 1c008cac fe0515e3 bne              x10, x0, -22        x10:00000000
14290322ns          240238 1c008cae 13c12083 lw               x1, 316(x2)          x1=1c008c22  x2:10000e18  PA:10000f54
14290342ns          240239 1c008cb2 00800533 add              x10, x0, x8         x10=0000001e  x8:0000001e
14290362ns          240240 1c008cb4 13812403 lw               x8, 312(x2)          x8=00000027  x2:10000e18  PA:10000f50
14290382ns          240241 1c008cb8 13412483 lw               x9, 308(x2)          x9=00000027  x2:10000e18  PA:10000f4c
14290402ns          240242 1c008cbc 13012903 lw               x18, 304(x2)        x18=00000001  x2:10000e18  PA:10000f48
14290501ns          240247 1c008cc0 12c12983 lw               x19, 300(x2)        x19=0000xd1a  x2:10000e18  PA:10000f44
14290541ns          240249 1c008cc4 12812a03 lw               x20, 296(x2)        x20=00000000  x2:10000e18  PA:10000f40
14290561ns          240250 1c008cc8 12412a83 lw               x21, 292(x2)        x21=00000078  x2:10000e18  PA:10000f3c
14290581ns          240251 1c008ccc 12012b03 lw               x22, 288(x2)        x22=00000074  x2:10000e18  PA:10000f38
14290640ns          240254 1c008cd0 11c12b83 lw               x23, 284(x2)        x23=00000790  x2:10000e18  PA:10000f34
14290680ns          240256 1c008cd4 11812c03 lw               x24, 280(x2)        x24=00000778  x2:10000e18  PA:10000f30
14290700ns          240257 1c008cd8 11412c83 lw               x25, 276(x2)        x25=1c000938  x2:10000e18  PA:10000f2c
14290720ns          240258 1c008cdc 11012d03 lw               x26, 272(x2)        x26=0ef40000  x2:10000e18  PA:10000f28
14290779ns          240261 1c008ce0 10c12d83 lw               x27, 268(x2)        x27=08d200d0  x2:10000e18  PA:10000f24
14290819ns          240263 1c008ce4 14010113 addi             x2, x2, 320          x2=10000f58  x2:10000e18
14290839ns          240264 1c008ce6 00008067 jalr             x0, x1, 0            x1:1c008c22
14290919ns          240268 1c008c22 01c12083 lw               x1, 28(x2)           x1=1c0087c8  x2:10000f58  PA:10000f74
14290958ns          240270 1c008c24 04010113 addi             x2, x2, 64           x2=10000f98  x2:10000f58
14290978ns          240271 1c008c26 00008067 jalr             x0, x1, 0            x1:1c0087c8
14291058ns          240275 1c0087c8 fcfff06f jal              x0, -50            
14291416ns          240293 1c008796 05c12083 lw               x1, 92(x2)           x1=1c00a05e  x2:10000f98  PA:10000ff4
14291456ns          240295 1c008798 05812403 lw               x8, 88(x2)           x8=00000000  x2:10000f98  PA:10000ff0
14291475ns          240296 1c00879a 05412483 lw               x9, 84(x2)           x9=00000000  x2:10000f98  PA:10000fec
14291495ns          240297 1c00879c 05012903 lw               x18, 80(x2)         x18=00000000  x2:10000f98  PA:10000fe8
14291515ns          240298 1c00879e 04c12983 lw               x19, 76(x2)         x19=00000000  x2:10000f98  PA:10000fe4
14291893ns          240317 1c0087a0 04812a03 lw               x20, 72(x2)         x20=00000000  x2:10000f98  PA:10000fe0
14291913ns          240318 1c0087a2 04412a83 lw               x21, 68(x2)         x21=00000000  x2:10000f98  PA:10000fdc
14291933ns          240319 1c0087a4 04012b03 lw               x22, 64(x2)         x22=00000000  x2:10000f98  PA:10000fd8
14291953ns          240320 1c0087a6 03c12b83 lw               x23, 60(x2)         x23=00000000  x2:10000f98  PA:10000fd4
14291973ns          240321 1c0087a8 03812c03 lw               x24, 56(x2)         x24=00000000  x2:10000f98  PA:10000fd0
14291993ns          240322 1c0087aa 03412c83 lw               x25, 52(x2)         x25=00000000  x2:10000f98  PA:10000fcc
14292012ns          240323 1c0087ac 03012d03 lw               x26, 48(x2)         x26=00000000  x2:10000f98  PA:10000fc8
14292032ns          240324 1c0087ae 02c12d83 lw               x27, 44(x2)         x27=00000000  x2:10000f98  PA:10000fc4
14292052ns          240325 1c0087b0 00100513 addi             x10, x0, 1          x10=00000001
14292072ns          240326 1c0087b2 06010113 addi             x2, x2, 96           x2=10000ff8  x2:10000f98
14292092ns          240327 1c0087b4 00008067 jalr             x0, x1, 0            x1:1c00a05e
14292549ns          240350 1c00a05e 01f00713 addi             x14, x0, 31         x14=0000001f
14292629ns          240354 1c00a060 f14027f3 csrrs            x15, x0, 0xf14      x15=00000001
14292669ns          240356 1c00a064 ca5797b3 p.extractu       x15, x15, 5, 5      x15=00000000 x15:00000001
14292689ns          240357 1c00a068 00e78863 beq              x15, x14, 16        x15:00000000 x14:0000001f
14292709ns          240358 1c00a06c 002047b7 lui              x15, 0x204000       x15=00204000
14293146ns          240380 1c00a070 20078793 addi             x15, x15, 512       x15=00204200 x15:00204000
14293186ns          240382 1c00a074 01c7e703 p.elw            x14, 28(x15)        x14=00010000 x15:00204200  PA:0020421c
14293385ns          240392 1c00a078 f14027f3 csrrs            x15, x0, 0xf14      x15=00000001
14293405ns          240393 1c00a07c f457b7b3 p.bclr           x15, x15, 26, 5     x15=00000001 x15:00000001
14293723ns          240409 1c00a080 00079963 bne              x15, x0, 18         x15:00000001
14294260ns          240436 1c00a092 002047b7 lui              x15, 0x204000       x15=00204000
14294280ns          240437 1c00a096 fff00713 addi             x14, x0, -1         x14=ffffffff
14294300ns          240438 1c00a098 00e7a223 sw               x14, 4(x15)         x14:ffffffff x15:00204000  PA:00204004
