                Time          Cycles PC       Instr    Mnemonic
14015370ns          226413 1c008080 000000b7 lui              x1, 0x0              x1=00000000
14015410ns          226415 1c008084 00000137 lui              x2, 0x0              x2=00000000
14015430ns          226416 1c008088 000001b7 lui              x3, 0x0              x3=00000000
14015450ns          226417 1c00808c 00000237 lui              x4, 0x0              x4=00000000
14015887ns          226439 1c008090 000002b7 lui              x5, 0x0              x5=00000000
14015927ns          226441 1c008094 00000337 lui              x6, 0x0              x6=00000000
14015947ns          226442 1c008098 000003b7 lui              x7, 0x0              x7=00000000
14015967ns          226443 1c00809c 00000437 lui              x8, 0x0              x8=00000000
14016405ns          226465 1c0080a0 000004b7 lui              x9, 0x0              x9=00000000
14016444ns          226467 1c0080a4 00000537 lui              x10, 0x0            x10=00000000
14016464ns          226468 1c0080a8 000005b7 lui              x11, 0x0            x11=00000000
14016484ns          226469 1c0080ac 00000637 lui              x12, 0x0            x12=00000000
14016922ns          226491 1c0080b0 000006b7 lui              x13, 0x0            x13=00000000
14016961ns          226493 1c0080b4 00000737 lui              x14, 0x0            x14=00000000
14016981ns          226494 1c0080b8 000007b7 lui              x15, 0x0            x15=00000000
14017001ns          226495 1c0080bc 00000837 lui              x16, 0x0            x16=00000000
14017459ns          226518 1c0080c0 000008b7 lui              x17, 0x0            x17=00000000
14017498ns          226520 1c0080c4 00000937 lui              x18, 0x0            x18=00000000
14017518ns          226521 1c0080c8 000009b7 lui              x19, 0x0            x19=00000000
14017538ns          226522 1c0080cc 00000a37 lui              x20, 0x0            x20=00000000
14017976ns          226544 1c0080d0 00000ab7 lui              x21, 0x0            x21=00000000
14018015ns          226546 1c0080d4 00000b37 lui              x22, 0x0            x22=00000000
14018035ns          226547 1c0080d8 00000bb7 lui              x23, 0x0            x23=00000000
14018055ns          226548 1c0080dc 00000c37 lui              x24, 0x0            x24=00000000
14018493ns          226570 1c0080e0 00000cb7 lui              x25, 0x0            x25=00000000
14018533ns          226572 1c0080e4 00000d37 lui              x26, 0x0            x26=00000000
14018552ns          226573 1c0080e8 00000db7 lui              x27, 0x0            x27=00000000
14018572ns          226574 1c0080ec 00000e37 lui              x28, 0x0            x28=00000000
14019010ns          226596 1c0080f0 00000eb7 lui              x29, 0x0            x29=00000000
14019050ns          226598 1c0080f4 00000f37 lui              x30, 0x0            x30=00000000
14019070ns          226599 1c0080f8 00000fb7 lui              x31, 0x0            x31=00000000
14019089ns          226600 1c0080fc 0700006f jal              x0, 112            
14020004ns          226646 1c00816c f1402573 csrrs            x10, x0, 0xf14      x10=00000003
14020462ns          226669 1c008170 01f57593 andi             x11, x10, 31        x11=00000003 x10:00000003
14020501ns          226671 1c008174 00555513 srli             x10, x10, 0x5       x10=00000000 x10:00000003
14020521ns          226672 1c008176 01f00613 addi             x12, x0, 31         x12=0000001f
14020541ns          226673 1c008178 00c50463 beq              x10, x12, 8         x10:00000000 x12:0000001f
14020561ns          226674 1c00817c f95ff06f jal              x0, -108           
14021456ns          226719 1c008110 f3ff8117 auipc            x2, 0xf3ff8000       x2=10000110
14021496ns          226721 1c008114 ef410113 addi             x2, x2, -268         x2=10000004  x2:10000110
14021516ns          226722 1c008118 00012103 lw               x2, 0(x2)            x2=10000008  x2:10000004  PA:10000004
14021536ns          226723 1c00811c 000011b7 lui              x3, 0x1000           x3=00001000
14021973ns          226745 1c008120 80018193 addi             x3, x3, -2048        x3=00000800  x3:00001000
14022013ns          226747 1c008124 00158593 addi             x11, x11, 1         x11=00000004 x11:00000003
14022033ns          226748 1c008128 02b180b3 mul              x1, x3, x11          x1=00002000  x3:00000800 x11:00000004
14022053ns          226749 1c00812c 00110133 add              x2, x2, x1           x2=10002008  x2:10000008  x1:00002000
14022490ns          226771 1c008130 6f50106f jal              x0, 7924           
14022948ns          226794 1c00a024 ff010113 addi             x2, x2, -16          x2=10001ff8  x2:10002008
14022968ns          226795 1c00a026 00112623 sw               x1, 12(x2)           x1:00002000  x2:10001ff8  PA:10002004
14022987ns          226796 1c00a028 002047b7 lui              x15, 0x204000       x15=00204000
14023007ns          226797 1c00a02c 00070737 lui              x14, 0x70000        x14=00070000
14023445ns          226819 1c00a030 00e7a423 sw               x14, 8(x15)         x14:00070000 x15:00204000  PA:00204008
14023485ns          226821 1c00a032 0ff00713 addi             x14, x0, 255        x14=000000ff
14023505ns          226822 1c00a036 20078793 addi             x15, x15, 512       x15=00204200 x15:00204000
14023524ns          226823 1c00a03a 00e7a023 sw               x14, 0(x15)         x14:000000ff x15:00204200  PA:00204200
14023982ns          226846 1c00a03e 00e7a623 sw               x14, 12(x15)        x14:000000ff x15:00204200  PA:0020420c
14024002ns          226847 1c00a042 01f00693 addi             x13, x0, 31         x13=0000001f
14024022ns          226848 1c00a044 f1402773 csrrs            x14, x0, 0xf14      x14=00000003
14024042ns          226849 1c00a048 ca571733 p.extractu       x14, x14, 5, 5      x14=00000000 x14:00000003
14024061ns          226850 1c00a04c 00d70463 beq              x14, x13, 8         x14:00000000 x13:0000001f
14024499ns          226872 1c00a050 01c7e703 p.elw            x14, 28(x15)        x14=00010000 x15:00204200  PA:0020421c
14024698ns          226882 1c00a054 1c0017b7 lui              x15, 0x1c001000     x15=1c001000
14024718ns          226883 1c00a058 e087a783 lw               x15, -504(x15)      x15=1c0081c6 x15:1c001000  PA:1c000e08
14025135ns          226904 1c00a05c 000780e7 jalr             x1, x15, 0           x1=1c00a05e x15:1c0081c6
14025613ns          226928 1c0081c6 fa010113 addi             x2, x2, -96          x2=10001f98  x2:10001ff8
14025652ns          226930 1c0081c8 04812c23 sw               x8, 88(x2)           x8:00000000  x2:10001f98  PA:10001ff0
14025672ns          226931 1c0081ca 05212823 sw               x18, 80(x2)         x18:00000000  x2:10001f98  PA:10001fe8
14025692ns          226932 1c0081cc f1402473 csrrs            x8, x0, 0xf14        x8=00000003
14026110ns          226953 1c0081d0 1c000537 lui              x10, 0x1c000000     x10=1c000000
14026150ns          226955 1c0081d4 f4543933 p.bclr           x18, x8, 26, 5      x18=00000003  x8:00000003
14026170ns          226956 1c0081d8 40545593 srai             x11, x8, 0x405      x11=00000000  x8:00000003
14026189ns          226957 1c0081dc 01200633 add              x12, x0, x18        x12=00000003 x18:00000003
14026647ns          226980 1c0081de f265b5b3 p.bclr           x11, x11, 25, 6     x11=00000000 x11:00000000
14026687ns          226982 1c0081e2 01c50513 addi             x10, x10, 28        x10=1c00001c x10:1c000000
14026707ns          226983 1c0081e6 04112e23 sw               x1, 92(x2)           x1:1c00a05e  x2:10001f98  PA:10001ff4
14026726ns          226984 1c0081e8 04912a23 sw               x9, 84(x2)           x9:00000000  x2:10001f98  PA:10001fec
14026746ns          226985 1c0081ea 05312623 sw               x19, 76(x2)         x19:00000000  x2:10001f98  PA:10001fe4
14026766ns          226986 1c0081ec 05412423 sw               x20, 72(x2)         x20:00000000  x2:10001f98  PA:10001fe0
14026786ns          226987 1c0081ee 05512223 sw               x21, 68(x2)         x21:00000000  x2:10001f98  PA:10001fdc
14027164ns          227006 1c0081f0 05612023 sw               x22, 64(x2)         x22:00000000  x2:10001f98  PA:10001fd8
14027184ns          227007 1c0081f2 03712e23 sw               x23, 60(x2)         x23:00000000  x2:10001f98  PA:10001fd4
14027204ns          227008 1c0081f4 03812c23 sw               x24, 56(x2)         x24:00000000  x2:10001f98  PA:10001fd0
14027224ns          227009 1c0081f6 03912a23 sw               x25, 52(x2)         x25:00000000  x2:10001f98  PA:10001fcc
14027244ns          227010 1c0081f8 03a12823 sw               x26, 48(x2)         x26:00000000  x2:10001f98  PA:10001fc8
14027263ns          227011 1c0081fa 03b12623 sw               x27, 44(x2)         x27:00000000  x2:10001f98  PA:10001fc4
14027283ns          227012 1c0081fc 1ff000ef jal              x1, 2558             x1=1c008200
14028158ns          227056 1c008bfa fc010113 addi             x2, x2, -64          x2=10001f58  x2:10001f98
14028198ns          227058 1c008bfc 02410313 addi             x6, x2, 36           x6=10001f7c  x2:10001f58
14028636ns          227080 1c008c00 02c12423 sw               x12, 40(x2)         x12:00000003  x2:10001f58  PA:10001f80
14028656ns          227081 1c008c02 00a00633 add              x12, x0, x10        x12=1c00001c x10:1c00001c
14028675ns          227082 1c008c04 1c009537 lui              x10, 0x1c009000     x10=1c009000
14028695ns          227083 1c008c08 02b12223 sw               x11, 36(x2)         x11:00000000  x2:10001f58  PA:10001f7c
14028715ns          227084 1c008c0a 02d12623 sw               x13, 44(x2)         x13:0000001f  x2:10001f58  PA:10001f84
14028735ns          227085 1c008c0c 00200593 addi             x11, x0, 2          x11=00000002
14028755ns          227086 1c008c0e 006006b3 add              x13, x0, x6         x13=10001f7c  x6:10001f7c
14029153ns          227106 1c008c10 bb650513 addi             x10, x10, -1098     x10=1c008bb6 x10:1c009000
14029193ns          227108 1c008c14 00112e23 sw               x1, 28(x2)           x1:1c008200  x2:10001f58  PA:10001f74
14029212ns          227109 1c008c16 02e12823 sw               x14, 48(x2)         x14:00010000  x2:10001f58  PA:10001f88
14029232ns          227110 1c008c18 02f12a23 sw               x15, 52(x2)         x15:1c0081c6  x2:10001f58  PA:10001f8c
14029252ns          227111 1c008c1a 03012c23 sw               x16, 56(x2)         x16:00000000  x2:10001f58  PA:10001f90
14029272ns          227112 1c008c1c 03112e23 sw               x17, 60(x2)         x17:00000000  x2:10001f58  PA:10001f94
14029292ns          227113 1c008c1e 00612623 sw               x6, 12(x2)           x6:10001f7c  x2:10001f58  PA:10001f64
14029670ns          227132 1c008c20 fbfff0ef jal              x1, -66              x1=1c008c22
14030127ns          227155 1c008bde 04a0006f jal              x0, 74             
14030167ns          227157 1c008c28 ec010113 addi             x2, x2, -320         x2=10001e18  x2:10001f58
14030187ns          227158 1c008c2a 13312623 sw               x19, 300(x2)        x19:00000000  x2:10001e18  PA:10001f44
14030644ns          227181 1c008c2e 12112e23 sw               x1, 316(x2)          x1:1c008c22  x2:10001e18  PA:10001f54
14030684ns          227183 1c008c32 12812c23 sw               x8, 312(x2)          x8:00000003  x2:10001e18  PA:10001f50
14030704ns          227184 1c008c36 12912a23 sw               x9, 308(x2)          x9:00000000  x2:10001e18  PA:10001f4c
14030724ns          227185 1c008c3a 13212823 sw               x18, 304(x2)        x18:00000003  x2:10001e18  PA:10001f48
14031161ns          227207 1c008c3e 13412423 sw               x20, 296(x2)        x20:00000000  x2:10001e18  PA:10001f40
14031201ns          227209 1c008c42 13512223 sw               x21, 292(x2)        x21:00000000  x2:10001e18  PA:10001f3c
14031221ns          227210 1c008c46 13612023 sw               x22, 288(x2)        x22:00000000  x2:10001e18  PA:10001f38
14031241ns          227211 1c008c4a 11712e23 sw               x23, 284(x2)        x23:00000000  x2:10001e18  PA:10001f34
14031679ns          227233 1c008c4e 11812c23 sw               x24, 280(x2)        x24:00000000  x2:10001e18  PA:10001f30
14031718ns          227235 1c008c52 11912a23 sw               x25, 276(x2)        x25:00000000  x2:10001e18  PA:10001f2c
14031738ns          227236 1c008c56 11a12823 sw               x26, 272(x2)        x26:00000000  x2:10001e18  PA:10001f28
14031758ns          227237 1c008c5a 11b12623 sw               x27, 268(x2)        x27:00000000  x2:10001e18  PA:10001f24
14031778ns          227238 1c008c5e 00c009b3 add              x19, x0, x12        x19=1c00001c x12:1c00001c
14032196ns          227259 1c008c60 0019c78b p.lbu            x15, 1(x19!)        x15=00000045 x19=1c00001d x19:1c00001c  PA:1c00001c
14032693ns          227284 1c008c64 00d12c23 sw               x13, 24(x2)         x13:10001f7c  x2:10001e18  PA:10001e30
14032713ns          227285 1c008c66 6a0788e3 beq              x15, x0, 3760       x15:00000045
14032733ns          227286 1c008c6a 1c000737 lui              x14, 0x1c000000     x14=1c000000
14032772ns          227288 1c008c6e 0c472703 lw               x14, 196(x14)       x14=20202020 x14:1c000000  PA:1c0000c4
14033130ns          227306 1c008c72 03410d93 addi             x27, x2, 52         x27=10001e4c  x2:10001e18
14033150ns          227307 1c008c76 00a00cb3 add              x25, x0, x10        x25=1c008bb6 x10:1c008bb6
14033170ns          227308 1c008c78 02e12023 sw               x14, 32(x2)         x14:20202020  x2:10001e18  PA:10001e38
14033190ns          227309 1c008c7a 03610713 addi             x14, x2, 54         x14=10001e4e  x2:10001e18
14033429ns          227321 1c008c7e fff74713 xori             x14, x14, -1        x14=efffe1b1 x14:10001e4e
14033449ns          227322 1c008c82 02e12223 sw               x14, 36(x2)         x14:efffe1b1  x2:10001e18  PA:10001e3c
14033468ns          227323 1c008c84 fffdc713 xori             x14, x27, -1        x14=efffe1b3 x27:10001e4c
14033488ns          227324 1c008c88 00b004b3 add              x9, x0, x11          x9=00000002 x11:00000002
14033508ns          227325 1c008c8a 00000413 addi             x8, x0, 0            x8=00000000
14033528ns          227326 1c008c8c 1c000d37 lui              x26, 0x1c000000     x26=1c000000
14033946ns          227347 1c008c90 02e12423 sw               x14, 40(x2)         x14:efffe1b3  x2:10001e18  PA:10001e40
14033966ns          227348 1c008c92 01300a33 add              x20, x0, x19        x20=1c00001d x19:1c00001d
14033986ns          227349 1c008c94 00f00533 add              x10, x0, x15        x10=00000045 x15:00000045
14034005ns          227350 1c008c96 02500793 addi             x15, x0, 37         x15=00000025
14034025ns          227351 1c008c9a 04f50763 beq              x10, x15, 78        x10:00000045 x15:00000025
14034045ns          227352 1c008c9e 009005b3 add              x11, x0, x9         x11=00000002  x9:00000002
14034463ns          227373 1c008ca0 000c80e7 jalr             x1, x25, 0           x1=1c008ca2 x25:1c008bb6
14034920ns          227396 1c008bb6 000026b7 lui              x13, 0x2000         x13=00002000
14034960ns          227398 1c008bb8 f8068693 addi             x13, x13, -128      x13=00001f80 x13:00002000
14034980ns          227399 1c008bbc f14027f3 csrrs            x15, x0, 0xf14      x15=00000003
14035417ns          227421 1c008bc0 00379713 slli             x14, x15, 0x3       x14=00000018 x15:00000003
14035457ns          227423 1c008bc4 00279793 slli             x15, x15, 0x2       x15=0000000c x15:00000003
14035477ns          227424 1c008bc6 00d7f7b3 and              x15, x15, x13       x15=00000000 x15:0000000c x13:00001f80
14035497ns          227425 1c008bc8 ee873733 p.bclr           x14, x14, 23, 8     x14=00000018 x14:00000018
14035517ns          227426 1c008bcc 1a10f6b7 lui              x13, 0x1a10f000     x13=1a10f000
14035537ns          227427 1c008bd0 00d70733 add              x14, x14, x13       x14=1a10f018 x14:00000018 x13:1a10f000
14035557ns          227428 1c008bd2 00e787b3 add              x15, x15, x14       x15=1a10f018 x15:00000000 x14:1a10f018
14035577ns          227429 1c008bd4 0ff57513 andi             x10, x10, 255       x10=00000045 x10:00000045
14035596ns          227430 1c008bd8 00a7a023 sw               x10, 0(x15)         x10:00000045 x15:1a10f018  PA:1a10f018
14036074ns          227454 1c008bda 00000513 addi             x10, x0, 0          x10=00000000
14036094ns          227455 1c008bdc 00008067 jalr             x0, x1, 0            x1:1c008ca2
14036153ns          227458 1c008ca2 4df52863 p.beqimm         x10, 1232           x10:00000000
14036173ns          227459 1c008ca6 00140413 addi             x8, x8, 1            x8=00000001  x8:00000000
14036193ns          227460 1c008ca8 001a450b p.lbu            x10, 1(x20!)        x10=0000006e x20=1c00001e x20:1c00001d  PA:1c00001d
14036651ns          227483 1c008cac fe0515e3 bne              x10, x0, -22        x10:0000006e
14036730ns          227487 1c008c96 02500793 addi             x15, x0, 37         x15=00000025
14036750ns          227488 1c008c9a 04f50763 beq              x10, x15, 78        x10:0000006e x15:00000025
14036770ns          227489 1c008c9e 009005b3 add              x11, x0, x9         x11=00000002  x9:00000002
14036790ns          227490 1c008ca0 000c80e7 jalr             x1, x25, 0           x1=1c008ca2 x25:1c008bb6
14036830ns          227492 1c008bb6 000026b7 lui              x13, 0x2000         x13=00002000
14036849ns          227493 1c008bb8 f8068693 addi             x13, x13, -128      x13=00001f80 x13:00002000
14036869ns          227494 1c008bbc f14027f3 csrrs            x15, x0, 0xf14      x15=00000003
14036889ns          227495 1c008bc0 00379713 slli             x14, x15, 0x3       x14=00000018 x15:00000003
14036909ns          227496 1c008bc4 00279793 slli             x15, x15, 0x2       x15=0000000c x15:00000003
14036929ns          227497 1c008bc6 00d7f7b3 and              x15, x15, x13       x15=00000000 x15:0000000c x13:00001f80
14036949ns          227498 1c008bc8 ee873733 p.bclr           x14, x14, 23, 8     x14=00000018 x14:00000018
14036969ns          227499 1c008bcc 1a10f6b7 lui              x13, 0x1a10f000     x13=1a10f000
14036989ns          227500 1c008bd0 00d70733 add              x14, x14, x13       x14=1a10f018 x14:00000018 x13:1a10f000
14037009ns          227501 1c008bd2 00e787b3 add              x15, x15, x14       x15=1a10f018 x15:00000000 x14:1a10f018
14037028ns          227502 1c008bd4 0ff57513 andi             x10, x10, 255       x10=0000006e x10:0000006e
14037048ns          227503 1c008bd8 00a7a023 sw               x10, 0(x15)         x10:0000006e x15:1a10f018  PA:1a10f018
14037446ns          227523 1c008bda 00000513 addi             x10, x0, 0          x10=00000000
14037466ns          227524 1c008bdc 00008067 jalr             x0, x1, 0            x1:1c008ca2
14037526ns          227527 1c008ca2 4df52863 p.beqimm         x10, 1232           x10:00000000
14037546ns          227528 1c008ca6 00140413 addi             x8, x8, 1            x8=00000002  x8:00000001
14037565ns          227529 1c008ca8 001a450b p.lbu            x10, 1(x20!)        x10=00000074 x20=1c00001f x20:1c00001e  PA:1c00001e
14037884ns          227545 1c008cac fe0515e3 bne              x10, x0, -22        x10:00000074
14037963ns          227549 1c008c96 02500793 addi             x15, x0, 37         x15=00000025
14037983ns          227550 1c008c9a 04f50763 beq              x10, x15, 78        x10:00000074 x15:00000025
14038003ns          227551 1c008c9e 009005b3 add              x11, x0, x9         x11=00000002  x9:00000002
14038023ns          227552 1c008ca0 000c80e7 jalr             x1, x25, 0           x1=1c008ca2 x25:1c008bb6
14038063ns          227554 1c008bb6 000026b7 lui              x13, 0x2000         x13=00002000
14038082ns          227555 1c008bb8 f8068693 addi             x13, x13, -128      x13=00001f80 x13:00002000
14038102ns          227556 1c008bbc f14027f3 csrrs            x15, x0, 0xf14      x15=00000003
14038122ns          227557 1c008bc0 00379713 slli             x14, x15, 0x3       x14=00000018 x15:00000003
14038142ns          227558 1c008bc4 00279793 slli             x15, x15, 0x2       x15=0000000c x15:00000003
14038162ns          227559 1c008bc6 00d7f7b3 and              x15, x15, x13       x15=00000000 x15:0000000c x13:00001f80
14038182ns          227560 1c008bc8 ee873733 p.bclr           x14, x14, 23, 8     x14=00000018 x14:00000018
14038202ns          227561 1c008bcc 1a10f6b7 lui              x13, 0x1a10f000     x13=1a10f000
14038222ns          227562 1c008bd0 00d70733 add              x14, x14, x13       x14=1a10f018 x14:00000018 x13:1a10f000
14038242ns          227563 1c008bd2 00e787b3 add              x15, x15, x14       x15=1a10f018 x15:00000000 x14:1a10f018
14038261ns          227564 1c008bd4 0ff57513 andi             x10, x10, 255       x10=00000074 x10:00000074
14038281ns          227565 1c008bd8 00a7a023 sw               x10, 0(x15)         x10:00000074 x15:1a10f018  PA:1a10f018
14038639ns          227583 1c008bda 00000513 addi             x10, x0, 0          x10=00000000
14038659ns          227584 1c008bdc 00008067 jalr             x0, x1, 0            x1:1c008ca2
14038719ns          227587 1c008ca2 4df52863 p.beqimm         x10, 1232           x10:00000000
14038739ns          227588 1c008ca6 00140413 addi             x8, x8, 1            x8=00000003  x8:00000002
14038759ns          227589 1c008ca8 001a450b p.lbu            x10, 1(x20!)        x10=00000065 x20=1c000020 x20:1c00001f  PA:1c00001f
14039077ns          227605 1c008cac fe0515e3 bne              x10, x0, -22        x10:00000065
14039156ns          227609 1c008c96 02500793 addi             x15, x0, 37         x15=00000025
14039176ns          227610 1c008c9a 04f50763 beq              x10, x15, 78        x10:00000065 x15:00000025
14039196ns          227611 1c008c9e 009005b3 add              x11, x0, x9         x11=00000002  x9:00000002
14039216ns          227612 1c008ca0 000c80e7 jalr             x1, x25, 0           x1=1c008ca2 x25:1c008bb6
14039256ns          227614 1c008bb6 000026b7 lui              x13, 0x2000         x13=00002000
14039276ns          227615 1c008bb8 f8068693 addi             x13, x13, -128      x13=00001f80 x13:00002000
14039296ns          227616 1c008bbc f14027f3 csrrs            x15, x0, 0xf14      x15=00000003
14039316ns          227617 1c008bc0 00379713 slli             x14, x15, 0x3       x14=00000018 x15:00000003
14039335ns          227618 1c008bc4 00279793 slli             x15, x15, 0x2       x15=0000000c x15:00000003
14039355ns          227619 1c008bc6 00d7f7b3 and              x15, x15, x13       x15=00000000 x15:0000000c x13:00001f80
14039375ns          227620 1c008bc8 ee873733 p.bclr           x14, x14, 23, 8     x14=00000018 x14:00000018
14039395ns          227621 1c008bcc 1a10f6b7 lui              x13, 0x1a10f000     x13=1a10f000
14039415ns          227622 1c008bd0 00d70733 add              x14, x14, x13       x14=1a10f018 x14:00000018 x13:1a10f000
14039435ns          227623 1c008bd2 00e787b3 add              x15, x15, x14       x15=1a10f018 x15:00000000 x14:1a10f018
14039455ns          227624 1c008bd4 0ff57513 andi             x10, x10, 255       x10=00000065 x10:00000065
14039475ns          227625 1c008bd8 00a7a023 sw               x10, 0(x15)         x10:00000065 x15:1a10f018  PA:1a10f018
14039833ns          227643 1c008bda 00000513 addi             x10, x0, 0          x10=00000000
14039853ns          227644 1c008bdc 00008067 jalr             x0, x1, 0            x1:1c008ca2
14039912ns          227647 1c008ca2 4df52863 p.beqimm         x10, 1232           x10:00000000
14039932ns          227648 1c008ca6 00140413 addi             x8, x8, 1            x8=00000004  x8:00000003
14039952ns          227649 1c008ca8 001a450b p.lbu            x10, 1(x20!)        x10=00000072 x20=1c000021 x20:1c000020  PA:1c000020
14040270ns          227665 1c008cac fe0515e3 bne              x10, x0, -22        x10:00000072
14040350ns          227669 1c008c96 02500793 addi             x15, x0, 37         x15=00000025
14040370ns          227670 1c008c9a 04f50763 beq              x10, x15, 78        x10:00000072 x15:00000025
14040389ns          227671 1c008c9e 009005b3 add              x11, x0, x9         x11=00000002  x9:00000002
14040409ns          227672 1c008ca0 000c80e7 jalr             x1, x25, 0           x1=1c008ca2 x25:1c008bb6
14040449ns          227674 1c008bb6 000026b7 lui              x13, 0x2000         x13=00002000
14040469ns          227675 1c008bb8 f8068693 addi             x13, x13, -128      x13=00001f80 x13:00002000
14040489ns          227676 1c008bbc f14027f3 csrrs            x15, x0, 0xf14      x15=00000003
14040509ns          227677 1c008bc0 00379713 slli             x14, x15, 0x3       x14=00000018 x15:00000003
14040529ns          227678 1c008bc4 00279793 slli             x15, x15, 0x2       x15=0000000c x15:00000003
14040549ns          227679 1c008bc6 00d7f7b3 and              x15, x15, x13       x15=00000000 x15:0000000c x13:00001f80
14040568ns          227680 1c008bc8 ee873733 p.bclr           x14, x14, 23, 8     x14=00000018 x14:00000018
14040588ns          227681 1c008bcc 1a10f6b7 lui              x13, 0x1a10f000     x13=1a10f000
14040608ns          227682 1c008bd0 00d70733 add              x14, x14, x13       x14=1a10f018 x14:00000018 x13:1a10f000
14040628ns          227683 1c008bd2 00e787b3 add              x15, x15, x14       x15=1a10f018 x15:00000000 x14:1a10f018
14040648ns          227684 1c008bd4 0ff57513 andi             x10, x10, 255       x10=00000072 x10:00000072
14040668ns          227685 1c008bd8 00a7a023 sw               x10, 0(x15)         x10:00000072 x15:1a10f018  PA:1a10f018
14041006ns          227702 1c008bda 00000513 addi             x10, x0, 0          x10=00000000
14041026ns          227703 1c008bdc 00008067 jalr             x0, x1, 0            x1:1c008ca2
14041086ns          227706 1c008ca2 4df52863 p.beqimm         x10, 1232           x10:00000000
14041105ns          227707 1c008ca6 00140413 addi             x8, x8, 1            x8=00000005  x8:00000004
14041125ns          227708 1c008ca8 001a450b p.lbu            x10, 1(x20!)        x10=00000065 x20=1c000022 x20:1c000021  PA:1c000021
14041444ns          227724 1c008cac fe0515e3 bne              x10, x0, -22        x10:00000065
14041523ns          227728 1c008c96 02500793 addi             x15, x0, 37         x15=00000025
14041543ns          227729 1c008c9a 04f50763 beq              x10, x15, 78        x10:00000065 x15:00000025
14041563ns          227730 1c008c9e 009005b3 add              x11, x0, x9         x11=00000002  x9:00000002
14041583ns          227731 1c008ca0 000c80e7 jalr             x1, x25, 0           x1=1c008ca2 x25:1c008bb6
14041623ns          227733 1c008bb6 000026b7 lui              x13, 0x2000         x13=00002000
14041642ns          227734 1c008bb8 f8068693 addi             x13, x13, -128      x13=00001f80 x13:00002000
14041662ns          227735 1c008bbc f14027f3 csrrs            x15, x0, 0xf14      x15=00000003
14041682ns          227736 1c008bc0 00379713 slli             x14, x15, 0x3       x14=00000018 x15:00000003
14041702ns          227737 1c008bc4 00279793 slli             x15, x15, 0x2       x15=0000000c x15:00000003
14041722ns          227738 1c008bc6 00d7f7b3 and              x15, x15, x13       x15=00000000 x15:0000000c x13:00001f80
14041742ns          227739 1c008bc8 ee873733 p.bclr           x14, x14, 23, 8     x14=00000018 x14:00000018
14041762ns          227740 1c008bcc 1a10f6b7 lui              x13, 0x1a10f000     x13=1a10f000
14041782ns          227741 1c008bd0 00d70733 add              x14, x14, x13       x14=1a10f018 x14:00000018 x13:1a10f000
14041802ns          227742 1c008bd2 00e787b3 add              x15, x15, x14       x15=1a10f018 x15:00000000 x14:1a10f018
14041821ns          227743 1c008bd4 0ff57513 andi             x10, x10, 255       x10=00000065 x10:00000065
14041841ns          227744 1c008bd8 00a7a023 sw               x10, 0(x15)         x10:00000065 x15:1a10f018  PA:1a10f018
14042160ns          227760 1c008bda 00000513 addi             x10, x0, 0          x10=00000000
14042179ns          227761 1c008bdc 00008067 jalr             x0, x1, 0            x1:1c008ca2
14042239ns          227764 1c008ca2 4df52863 p.beqimm         x10, 1232           x10:00000000
14042259ns          227765 1c008ca6 00140413 addi             x8, x8, 1            x8=00000006  x8:00000005
14042279ns          227766 1c008ca8 001a450b p.lbu            x10, 1(x20!)        x10=00000064 x20=1c000023 x20:1c000022  PA:1c000022
14042597ns          227782 1c008cac fe0515e3 bne              x10, x0, -22        x10:00000064
14042677ns          227786 1c008c96 02500793 addi             x15, x0, 37         x15=00000025
14042696ns          227787 1c008c9a 04f50763 beq              x10, x15, 78        x10:00000064 x15:00000025
14042716ns          227788 1c008c9e 009005b3 add              x11, x0, x9         x11=00000002  x9:00000002
14042736ns          227789 1c008ca0 000c80e7 jalr             x1, x25, 0           x1=1c008ca2 x25:1c008bb6
14042776ns          227791 1c008bb6 000026b7 lui              x13, 0x2000         x13=00002000
14042796ns          227792 1c008bb8 f8068693 addi             x13, x13, -128      x13=00001f80 x13:00002000
14042816ns          227793 1c008bbc f14027f3 csrrs            x15, x0, 0xf14      x15=00000003
14042836ns          227794 1c008bc0 00379713 slli             x14, x15, 0x3       x14=00000018 x15:00000003
14042856ns          227795 1c008bc4 00279793 slli             x15, x15, 0x2       x15=0000000c x15:00000003
14042875ns          227796 1c008bc6 00d7f7b3 and              x15, x15, x13       x15=00000000 x15:0000000c x13:00001f80
14042895ns          227797 1c008bc8 ee873733 p.bclr           x14, x14, 23, 8     x14=00000018 x14:00000018
14042915ns          227798 1c008bcc 1a10f6b7 lui              x13, 0x1a10f000     x13=1a10f000
14042935ns          227799 1c008bd0 00d70733 add              x14, x14, x13       x14=1a10f018 x14:00000018 x13:1a10f000
14042955ns          227800 1c008bd2 00e787b3 add              x15, x15, x14       x15=1a10f018 x15:00000000 x14:1a10f018
14042975ns          227801 1c008bd4 0ff57513 andi             x10, x10, 255       x10=00000064 x10:00000064
14042995ns          227802 1c008bd8 00a7a023 sw               x10, 0(x15)         x10:00000064 x15:1a10f018  PA:1a10f018
14043353ns          227820 1c008bda 00000513 addi             x10, x0, 0          x10=00000000
14043373ns          227821 1c008bdc 00008067 jalr             x0, x1, 0            x1:1c008ca2
14043432ns          227824 1c008ca2 4df52863 p.beqimm         x10, 1232           x10:00000000
14043452ns          227825 1c008ca6 00140413 addi             x8, x8, 1            x8=00000007  x8:00000006
14043472ns          227826 1c008ca8 001a450b p.lbu            x10, 1(x20!)        x10=00000020 x20=1c000024 x20:1c000023  PA:1c000023
14043790ns          227842 1c008cac fe0515e3 bne              x10, x0, -22        x10:00000020
14043870ns          227846 1c008c96 02500793 addi             x15, x0, 37         x15=00000025
14043890ns          227847 1c008c9a 04f50763 beq              x10, x15, 78        x10:00000020 x15:00000025
14043910ns          227848 1c008c9e 009005b3 add              x11, x0, x9         x11=00000002  x9:00000002
14043930ns          227849 1c008ca0 000c80e7 jalr             x1, x25, 0           x1=1c008ca2 x25:1c008bb6
14043969ns          227851 1c008bb6 000026b7 lui              x13, 0x2000         x13=00002000
14043989ns          227852 1c008bb8 f8068693 addi             x13, x13, -128      x13=00001f80 x13:00002000
14044009ns          227853 1c008bbc f14027f3 csrrs            x15, x0, 0xf14      x15=00000003
14044029ns          227854 1c008bc0 00379713 slli             x14, x15, 0x3       x14=00000018 x15:00000003
14044049ns          227855 1c008bc4 00279793 slli             x15, x15, 0x2       x15=0000000c x15:00000003
14044069ns          227856 1c008bc6 00d7f7b3 and              x15, x15, x13       x15=00000000 x15:0000000c x13:00001f80
14044089ns          227857 1c008bc8 ee873733 p.bclr           x14, x14, 23, 8     x14=00000018 x14:00000018
14044109ns          227858 1c008bcc 1a10f6b7 lui              x13, 0x1a10f000     x13=1a10f000
14044128ns          227859 1c008bd0 00d70733 add              x14, x14, x13       x14=1a10f018 x14:00000018 x13:1a10f000
14044148ns          227860 1c008bd2 00e787b3 add              x15, x15, x14       x15=1a10f018 x15:00000000 x14:1a10f018
14044168ns          227861 1c008bd4 0ff57513 andi             x10, x10, 255       x10=00000020 x10:00000020
14044188ns          227862 1c008bd8 00a7a023 sw               x10, 0(x15)         x10:00000020 x15:1a10f018  PA:1a10f018
14044526ns          227879 1c008bda 00000513 addi             x10, x0, 0          x10=00000000
14044546ns          227880 1c008bdc 00008067 jalr             x0, x1, 0            x1:1c008ca2
14044606ns          227883 1c008ca2 4df52863 p.beqimm         x10, 1232           x10:00000000
14044626ns          227884 1c008ca6 00140413 addi             x8, x8, 1            x8=00000008  x8:00000007
14044646ns          227885 1c008ca8 001a450b p.lbu            x10, 1(x20!)        x10=00000063 x20=1c000025 x20:1c000024  PA:1c000024
14044984ns          227902 1c008cac fe0515e3 bne              x10, x0, -22        x10:00000063
14045063ns          227906 1c008c96 02500793 addi             x15, x0, 37         x15=00000025
14045083ns          227907 1c008c9a 04f50763 beq              x10, x15, 78        x10:00000063 x15:00000025
14045103ns          227908 1c008c9e 009005b3 add              x11, x0, x9         x11=00000002  x9:00000002
14045123ns          227909 1c008ca0 000c80e7 jalr             x1, x25, 0           x1=1c008ca2 x25:1c008bb6
14045163ns          227911 1c008bb6 000026b7 lui              x13, 0x2000         x13=00002000
14045182ns          227912 1c008bb8 f8068693 addi             x13, x13, -128      x13=00001f80 x13:00002000
14045202ns          227913 1c008bbc f14027f3 csrrs            x15, x0, 0xf14      x15=00000003
14045222ns          227914 1c008bc0 00379713 slli             x14, x15, 0x3       x14=00000018 x15:00000003
14045242ns          227915 1c008bc4 00279793 slli             x15, x15, 0x2       x15=0000000c x15:00000003
14045262ns          227916 1c008bc6 00d7f7b3 and              x15, x15, x13       x15=00000000 x15:0000000c x13:00001f80
14045282ns          227917 1c008bc8 ee873733 p.bclr           x14, x14, 23, 8     x14=00000018 x14:00000018
14045302ns          227918 1c008bcc 1a10f6b7 lui              x13, 0x1a10f000     x13=1a10f000
14045322ns          227919 1c008bd0 00d70733 add              x14, x14, x13       x14=1a10f018 x14:00000018 x13:1a10f000
14045342ns          227920 1c008bd2 00e787b3 add              x15, x15, x14       x15=1a10f018 x15:00000000 x14:1a10f018
14045361ns          227921 1c008bd4 0ff57513 andi             x10, x10, 255       x10=00000063 x10:00000063
14045381ns          227922 1c008bd8 00a7a023 sw               x10, 0(x15)         x10:00000063 x15:1a10f018  PA:1a10f018
14045719ns          227939 1c008bda 00000513 addi             x10, x0, 0          x10=00000000
14045739ns          227940 1c008bdc 00008067 jalr             x0, x1, 0            x1:1c008ca2
14045799ns          227943 1c008ca2 4df52863 p.beqimm         x10, 1232           x10:00000000
14045819ns          227944 1c008ca6 00140413 addi             x8, x8, 1            x8=00000009  x8:00000008
14045839ns          227945 1c008ca8 001a450b p.lbu            x10, 1(x20!)        x10=0000006c x20=1c000026 x20:1c000025  PA:1c000025
14046157ns          227961 1c008cac fe0515e3 bne              x10, x0, -22        x10:0000006c
14046237ns          227965 1c008c96 02500793 addi             x15, x0, 37         x15=00000025
14046256ns          227966 1c008c9a 04f50763 beq              x10, x15, 78        x10:0000006c x15:00000025
14046276ns          227967 1c008c9e 009005b3 add              x11, x0, x9         x11=00000002  x9:00000002
14046296ns          227968 1c008ca0 000c80e7 jalr             x1, x25, 0           x1=1c008ca2 x25:1c008bb6
14046336ns          227970 1c008bb6 000026b7 lui              x13, 0x2000         x13=00002000
14046356ns          227971 1c008bb8 f8068693 addi             x13, x13, -128      x13=00001f80 x13:00002000
14046376ns          227972 1c008bbc f14027f3 csrrs            x15, x0, 0xf14      x15=00000003
14046396ns          227973 1c008bc0 00379713 slli             x14, x15, 0x3       x14=00000018 x15:00000003
14046416ns          227974 1c008bc4 00279793 slli             x15, x15, 0x2       x15=0000000c x15:00000003
14046435ns          227975 1c008bc6 00d7f7b3 and              x15, x15, x13       x15=00000000 x15:0000000c x13:00001f80
14046455ns          227976 1c008bc8 ee873733 p.bclr           x14, x14, 23, 8     x14=00000018 x14:00000018
14046475ns          227977 1c008bcc 1a10f6b7 lui              x13, 0x1a10f000     x13=1a10f000
14046495ns          227978 1c008bd0 00d70733 add              x14, x14, x13       x14=1a10f018 x14:00000018 x13:1a10f000
14046515ns          227979 1c008bd2 00e787b3 add              x15, x15, x14       x15=1a10f018 x15:00000000 x14:1a10f018
14046535ns          227980 1c008bd4 0ff57513 andi             x10, x10, 255       x10=0000006c x10:0000006c
14046555ns          227981 1c008bd8 00a7a023 sw               x10, 0(x15)         x10:0000006c x15:1a10f018  PA:1a10f018
14046873ns          227997 1c008bda 00000513 addi             x10, x0, 0          x10=00000000
14046893ns          227998 1c008bdc 00008067 jalr             x0, x1, 0            x1:1c008ca2
14046953ns          228001 1c008ca2 4df52863 p.beqimm         x10, 1232           x10:00000000
14046972ns          228002 1c008ca6 00140413 addi             x8, x8, 1            x8=0000000a  x8:00000009
14046992ns          228003 1c008ca8 001a450b p.lbu            x10, 1(x20!)        x10=00000075 x20=1c000027 x20:1c000026  PA:1c000026
14047311ns          228019 1c008cac fe0515e3 bne              x10, x0, -22        x10:00000075
14047390ns          228023 1c008c96 02500793 addi             x15, x0, 37         x15=00000025
14047410ns          228024 1c008c9a 04f50763 beq              x10, x15, 78        x10:00000075 x15:00000025
14047430ns          228025 1c008c9e 009005b3 add              x11, x0, x9         x11=00000002  x9:00000002
14047450ns          228026 1c008ca0 000c80e7 jalr             x1, x25, 0           x1=1c008ca2 x25:1c008bb6
14047490ns          228028 1c008bb6 000026b7 lui              x13, 0x2000         x13=00002000
14047509ns          228029 1c008bb8 f8068693 addi             x13, x13, -128      x13=00001f80 x13:00002000
14047529ns          228030 1c008bbc f14027f3 csrrs            x15, x0, 0xf14      x15=00000003
14047549ns          228031 1c008bc0 00379713 slli             x14, x15, 0x3       x14=00000018 x15:00000003
14047569ns          228032 1c008bc4 00279793 slli             x15, x15, 0x2       x15=0000000c x15:00000003
14047589ns          228033 1c008bc6 00d7f7b3 and              x15, x15, x13       x15=00000000 x15:0000000c x13:00001f80
14047609ns          228034 1c008bc8 ee873733 p.bclr           x14, x14, 23, 8     x14=00000018 x14:00000018
14047629ns          228035 1c008bcc 1a10f6b7 lui              x13, 0x1a10f000     x13=1a10f000
14047649ns          228036 1c008bd0 00d70733 add              x14, x14, x13       x14=1a10f018 x14:00000018 x13:1a10f000
14047668ns          228037 1c008bd2 00e787b3 add              x15, x15, x14       x15=1a10f018 x15:00000000 x14:1a10f018
14047688ns          228038 1c008bd4 0ff57513 andi             x10, x10, 255       x10=00000075 x10:00000075
14047708ns          228039 1c008bd8 00a7a023 sw               x10, 0(x15)         x10:00000075 x15:1a10f018  PA:1a10f018
14048046ns          228056 1c008bda 00000513 addi             x10, x0, 0          x10=00000000
14048066ns          228057 1c008bdc 00008067 jalr             x0, x1, 0            x1:1c008ca2
14048126ns          228060 1c008ca2 4df52863 p.beqimm         x10, 1232           x10:00000000
14048146ns          228061 1c008ca6 00140413 addi             x8, x8, 1            x8=0000000b  x8:0000000a
14048166ns          228062 1c008ca8 001a450b p.lbu            x10, 1(x20!)        x10=00000073 x20=1c000028 x20:1c000027  PA:1c000027
14048484ns          228078 1c008cac fe0515e3 bne              x10, x0, -22        x10:00000073
14048563ns          228082 1c008c96 02500793 addi             x15, x0, 37         x15=00000025
14048583ns          228083 1c008c9a 04f50763 beq              x10, x15, 78        x10:00000073 x15:00000025
14048603ns          228084 1c008c9e 009005b3 add              x11, x0, x9         x11=00000002  x9:00000002
14048623ns          228085 1c008ca0 000c80e7 jalr             x1, x25, 0           x1=1c008ca2 x25:1c008bb6
14048663ns          228087 1c008bb6 000026b7 lui              x13, 0x2000         x13=00002000
14048683ns          228088 1c008bb8 f8068693 addi             x13, x13, -128      x13=00001f80 x13:00002000
14048703ns          228089 1c008bbc f14027f3 csrrs            x15, x0, 0xf14      x15=00000003
14048723ns          228090 1c008bc0 00379713 slli             x14, x15, 0x3       x14=00000018 x15:00000003
14048742ns          228091 1c008bc4 00279793 slli             x15, x15, 0x2       x15=0000000c x15:00000003
14048762ns          228092 1c008bc6 00d7f7b3 and              x15, x15, x13       x15=00000000 x15:0000000c x13:00001f80
14048782ns          228093 1c008bc8 ee873733 p.bclr           x14, x14, 23, 8     x14=00000018 x14:00000018
14048802ns          228094 1c008bcc 1a10f6b7 lui              x13, 0x1a10f000     x13=1a10f000
14048822ns          228095 1c008bd0 00d70733 add              x14, x14, x13       x14=1a10f018 x14:00000018 x13:1a10f000
14048842ns          228096 1c008bd2 00e787b3 add              x15, x15, x14       x15=1a10f018 x15:00000000 x14:1a10f018
14048862ns          228097 1c008bd4 0ff57513 andi             x10, x10, 255       x10=00000073 x10:00000073
14048882ns          228098 1c008bd8 00a7a023 sw               x10, 0(x15)         x10:00000073 x15:1a10f018  PA:1a10f018
14049220ns          228115 1c008bda 00000513 addi             x10, x0, 0          x10=00000000
14049240ns          228116 1c008bdc 00008067 jalr             x0, x1, 0            x1:1c008ca2
14049299ns          228119 1c008ca2 4df52863 p.beqimm         x10, 1232           x10:00000000
14049319ns          228120 1c008ca6 00140413 addi             x8, x8, 1            x8=0000000c  x8:0000000b
14049339ns          228121 1c008ca8 001a450b p.lbu            x10, 1(x20!)        x10=00000074 x20=1c000029 x20:1c000028  PA:1c000028
14049657ns          228137 1c008cac fe0515e3 bne              x10, x0, -22        x10:00000074
14049737ns          228141 1c008c96 02500793 addi             x15, x0, 37         x15=00000025
14049757ns          228142 1c008c9a 04f50763 beq              x10, x15, 78        x10:00000074 x15:00000025
14049777ns          228143 1c008c9e 009005b3 add              x11, x0, x9         x11=00000002  x9:00000002
14049797ns          228144 1c008ca0 000c80e7 jalr             x1, x25, 0           x1=1c008ca2 x25:1c008bb6
14049836ns          228146 1c008bb6 000026b7 lui              x13, 0x2000         x13=00002000
14049856ns          228147 1c008bb8 f8068693 addi             x13, x13, -128      x13=00001f80 x13:00002000
14049876ns          228148 1c008bbc f14027f3 csrrs            x15, x0, 0xf14      x15=00000003
14049896ns          228149 1c008bc0 00379713 slli             x14, x15, 0x3       x14=00000018 x15:00000003
14049916ns          228150 1c008bc4 00279793 slli             x15, x15, 0x2       x15=0000000c x15:00000003
14049936ns          228151 1c008bc6 00d7f7b3 and              x15, x15, x13       x15=00000000 x15:0000000c x13:00001f80
14049956ns          228152 1c008bc8 ee873733 p.bclr           x14, x14, 23, 8     x14=00000018 x14:00000018
14049976ns          228153 1c008bcc 1a10f6b7 lui              x13, 0x1a10f000     x13=1a10f000
14049995ns          228154 1c008bd0 00d70733 add              x14, x14, x13       x14=1a10f018 x14:00000018 x13:1a10f000
14050015ns          228155 1c008bd2 00e787b3 add              x15, x15, x14       x15=1a10f018 x15:00000000 x14:1a10f018
14050035ns          228156 1c008bd4 0ff57513 andi             x10, x10, 255       x10=00000074 x10:00000074
14050055ns          228157 1c008bd8 00a7a023 sw               x10, 0(x15)         x10:00000074 x15:1a10f018  PA:1a10f018
14050413ns          228175 1c008bda 00000513 addi             x10, x0, 0          x10=00000000
14050433ns          228176 1c008bdc 00008067 jalr             x0, x1, 0            x1:1c008ca2
14050493ns          228179 1c008ca2 4df52863 p.beqimm         x10, 1232           x10:00000000
14050512ns          228180 1c008ca6 00140413 addi             x8, x8, 1            x8=0000000d  x8:0000000c
14050532ns          228181 1c008ca8 001a450b p.lbu            x10, 1(x20!)        x10=00000065 x20=1c00002a x20:1c000029  PA:1c000029
14050851ns          228197 1c008cac fe0515e3 bne              x10, x0, -22        x10:00000065
14050930ns          228201 1c008c96 02500793 addi             x15, x0, 37         x15=00000025
14050950ns          228202 1c008c9a 04f50763 beq              x10, x15, 78        x10:00000065 x15:00000025
14050970ns          228203 1c008c9e 009005b3 add              x11, x0, x9         x11=00000002  x9:00000002
14050990ns          228204 1c008ca0 000c80e7 jalr             x1, x25, 0           x1=1c008ca2 x25:1c008bb6
14051030ns          228206 1c008bb6 000026b7 lui              x13, 0x2000         x13=00002000
14051049ns          228207 1c008bb8 f8068693 addi             x13, x13, -128      x13=00001f80 x13:00002000
14051069ns          228208 1c008bbc f14027f3 csrrs            x15, x0, 0xf14      x15=00000003
14051089ns          228209 1c008bc0 00379713 slli             x14, x15, 0x3       x14=00000018 x15:00000003
14051109ns          228210 1c008bc4 00279793 slli             x15, x15, 0x2       x15=0000000c x15:00000003
14051129ns          228211 1c008bc6 00d7f7b3 and              x15, x15, x13       x15=00000000 x15:0000000c x13:00001f80
14051149ns          228212 1c008bc8 ee873733 p.bclr           x14, x14, 23, 8     x14=00000018 x14:00000018
14051169ns          228213 1c008bcc 1a10f6b7 lui              x13, 0x1a10f000     x13=1a10f000
14051189ns          228214 1c008bd0 00d70733 add              x14, x14, x13       x14=1a10f018 x14:00000018 x13:1a10f000
14051209ns          228215 1c008bd2 00e787b3 add              x15, x15, x14       x15=1a10f018 x15:00000000 x14:1a10f018
14051228ns          228216 1c008bd4 0ff57513 andi             x10, x10, 255       x10=00000065 x10:00000065
14051248ns          228217 1c008bd8 00a7a023 sw               x10, 0(x15)         x10:00000065 x15:1a10f018  PA:1a10f018
14051606ns          228235 1c008bda 00000513 addi             x10, x0, 0          x10=00000000
14051626ns          228236 1c008bdc 00008067 jalr             x0, x1, 0            x1:1c008ca2
14051686ns          228239 1c008ca2 4df52863 p.beqimm         x10, 1232           x10:00000000
14051706ns          228240 1c008ca6 00140413 addi             x8, x8, 1            x8=0000000e  x8:0000000d
14051726ns          228241 1c008ca8 001a450b p.lbu            x10, 1(x20!)        x10=00000072 x20=1c00002b x20:1c00002a  PA:1c00002a
14052044ns          228257 1c008cac fe0515e3 bne              x10, x0, -22        x10:00000072
14052123ns          228261 1c008c96 02500793 addi             x15, x0, 37         x15=00000025
14052143ns          228262 1c008c9a 04f50763 beq              x10, x15, 78        x10:00000072 x15:00000025
14052163ns          228263 1c008c9e 009005b3 add              x11, x0, x9         x11=00000002  x9:00000002
14052183ns          228264 1c008ca0 000c80e7 jalr             x1, x25, 0           x1=1c008ca2 x25:1c008bb6
14052223ns          228266 1c008bb6 000026b7 lui              x13, 0x2000         x13=00002000
14052243ns          228267 1c008bb8 f8068693 addi             x13, x13, -128      x13=00001f80 x13:00002000
14052263ns          228268 1c008bbc f14027f3 csrrs            x15, x0, 0xf14      x15=00000003
14052283ns          228269 1c008bc0 00379713 slli             x14, x15, 0x3       x14=00000018 x15:00000003
14052302ns          228270 1c008bc4 00279793 slli             x15, x15, 0x2       x15=0000000c x15:00000003
14052322ns          228271 1c008bc6 00d7f7b3 and              x15, x15, x13       x15=00000000 x15:0000000c x13:00001f80
14052342ns          228272 1c008bc8 ee873733 p.bclr           x14, x14, 23, 8     x14=00000018 x14:00000018
14052362ns          228273 1c008bcc 1a10f6b7 lui              x13, 0x1a10f000     x13=1a10f000
14052382ns          228274 1c008bd0 00d70733 add              x14, x14, x13       x14=1a10f018 x14:00000018 x13:1a10f000
14052402ns          228275 1c008bd2 00e787b3 add              x15, x15, x14       x15=1a10f018 x15:00000000 x14:1a10f018
14052422ns          228276 1c008bd4 0ff57513 andi             x10, x10, 255       x10=00000072 x10:00000072
14052442ns          228277 1c008bd8 00a7a023 sw               x10, 0(x15)         x10:00000072 x15:1a10f018  PA:1a10f018
14052760ns          228293 1c008bda 00000513 addi             x10, x0, 0          x10=00000000
14052780ns          228294 1c008bdc 00008067 jalr             x0, x1, 0            x1:1c008ca2
14052839ns          228297 1c008ca2 4df52863 p.beqimm         x10, 1232           x10:00000000
14052859ns          228298 1c008ca6 00140413 addi             x8, x8, 1            x8=0000000f  x8:0000000e
14052879ns          228299 1c008ca8 001a450b p.lbu            x10, 1(x20!)        x10=00000020 x20=1c00002c x20:1c00002b  PA:1c00002b
14053197ns          228315 1c008cac fe0515e3 bne              x10, x0, -22        x10:00000020
14053277ns          228319 1c008c96 02500793 addi             x15, x0, 37         x15=00000025
14053297ns          228320 1c008c9a 04f50763 beq              x10, x15, 78        x10:00000020 x15:00000025
14053317ns          228321 1c008c9e 009005b3 add              x11, x0, x9         x11=00000002  x9:00000002
14053337ns          228322 1c008ca0 000c80e7 jalr             x1, x25, 0           x1=1c008ca2 x25:1c008bb6
14053376ns          228324 1c008bb6 000026b7 lui              x13, 0x2000         x13=00002000
14053396ns          228325 1c008bb8 f8068693 addi             x13, x13, -128      x13=00001f80 x13:00002000
14053416ns          228326 1c008bbc f14027f3 csrrs            x15, x0, 0xf14      x15=00000003
14053436ns          228327 1c008bc0 00379713 slli             x14, x15, 0x3       x14=00000018 x15:00000003
14053456ns          228328 1c008bc4 00279793 slli             x15, x15, 0x2       x15=0000000c x15:00000003
14053476ns          228329 1c008bc6 00d7f7b3 and              x15, x15, x13       x15=00000000 x15:0000000c x13:00001f80
14053496ns          228330 1c008bc8 ee873733 p.bclr           x14, x14, 23, 8     x14=00000018 x14:00000018
14053516ns          228331 1c008bcc 1a10f6b7 lui              x13, 0x1a10f000     x13=1a10f000
14053535ns          228332 1c008bd0 00d70733 add              x14, x14, x13       x14=1a10f018 x14:00000018 x13:1a10f000
14053555ns          228333 1c008bd2 00e787b3 add              x15, x15, x14       x15=1a10f018 x15:00000000 x14:1a10f018
14053575ns          228334 1c008bd4 0ff57513 andi             x10, x10, 255       x10=00000020 x10:00000020
14053595ns          228335 1c008bd8 00a7a023 sw               x10, 0(x15)         x10:00000020 x15:1a10f018  PA:1a10f018
14053933ns          228352 1c008bda 00000513 addi             x10, x0, 0          x10=00000000
14053953ns          228353 1c008bdc 00008067 jalr             x0, x1, 0            x1:1c008ca2
14054013ns          228356 1c008ca2 4df52863 p.beqimm         x10, 1232           x10:00000000
14054033ns          228357 1c008ca6 00140413 addi             x8, x8, 1            x8=00000010  x8:0000000f
14054053ns          228358 1c008ca8 001a450b p.lbu            x10, 1(x20!)        x10=0000006f x20=1c00002d x20:1c00002c  PA:1c00002c
14054391ns          228375 1c008cac fe0515e3 bne              x10, x0, -22        x10:0000006f
14054470ns          228379 1c008c96 02500793 addi             x15, x0, 37         x15=00000025
14054490ns          228380 1c008c9a 04f50763 beq              x10, x15, 78        x10:0000006f x15:00000025
14054510ns          228381 1c008c9e 009005b3 add              x11, x0, x9         x11=00000002  x9:00000002
14054530ns          228382 1c008ca0 000c80e7 jalr             x1, x25, 0           x1=1c008ca2 x25:1c008bb6
14054570ns          228384 1c008bb6 000026b7 lui              x13, 0x2000         x13=00002000
14054590ns          228385 1c008bb8 f8068693 addi             x13, x13, -128      x13=00001f80 x13:00002000
14054609ns          228386 1c008bbc f14027f3 csrrs            x15, x0, 0xf14      x15=00000003
14054629ns          228387 1c008bc0 00379713 slli             x14, x15, 0x3       x14=00000018 x15:00000003
14054649ns          228388 1c008bc4 00279793 slli             x15, x15, 0x2       x15=0000000c x15:00000003
14054669ns          228389 1c008bc6 00d7f7b3 and              x15, x15, x13       x15=00000000 x15:0000000c x13:00001f80
14054689ns          228390 1c008bc8 ee873733 p.bclr           x14, x14, 23, 8     x14=00000018 x14:00000018
14054709ns          228391 1c008bcc 1a10f6b7 lui              x13, 0x1a10f000     x13=1a10f000
14054729ns          228392 1c008bd0 00d70733 add              x14, x14, x13       x14=1a10f018 x14:00000018 x13:1a10f000
14054749ns          228393 1c008bd2 00e787b3 add              x15, x15, x14       x15=1a10f018 x15:00000000 x14:1a10f018
14054769ns          228394 1c008bd4 0ff57513 andi             x10, x10, 255       x10=0000006f x10:0000006f
14054788ns          228395 1c008bd8 00a7a023 sw               x10, 0(x15)         x10:0000006f x15:1a10f018  PA:1a10f018
14055146ns          228413 1c008bda 00000513 addi             x10, x0, 0          x10=00000000
14055166ns          228414 1c008bdc 00008067 jalr             x0, x1, 0            x1:1c008ca2
14055226ns          228417 1c008ca2 4df52863 p.beqimm         x10, 1232           x10:00000000
14055246ns          228418 1c008ca6 00140413 addi             x8, x8, 1            x8=00000011  x8:00000010
14055266ns          228419 1c008ca8 001a450b p.lbu            x10, 1(x20!)        x10=0000006e x20=1c00002e x20:1c00002d  PA:1c00002d
14055604ns          228436 1c008cac fe0515e3 bne              x10, x0, -22        x10:0000006e
14055683ns          228440 1c008c96 02500793 addi             x15, x0, 37         x15=00000025
14055703ns          228441 1c008c9a 04f50763 beq              x10, x15, 78        x10:0000006e x15:00000025
14055723ns          228442 1c008c9e 009005b3 add              x11, x0, x9         x11=00000002  x9:00000002
14055743ns          228443 1c008ca0 000c80e7 jalr             x1, x25, 0           x1=1c008ca2 x25:1c008bb6
14055783ns          228445 1c008bb6 000026b7 lui              x13, 0x2000         x13=00002000
14055803ns          228446 1c008bb8 f8068693 addi             x13, x13, -128      x13=00001f80 x13:00002000
14055823ns          228447 1c008bbc f14027f3 csrrs            x15, x0, 0xf14      x15=00000003
14055842ns          228448 1c008bc0 00379713 slli             x14, x15, 0x3       x14=00000018 x15:00000003
14055862ns          228449 1c008bc4 00279793 slli             x15, x15, 0x2       x15=0000000c x15:00000003
14055882ns          228450 1c008bc6 00d7f7b3 and              x15, x15, x13       x15=00000000 x15:0000000c x13:00001f80
14055902ns          228451 1c008bc8 ee873733 p.bclr           x14, x14, 23, 8     x14=00000018 x14:00000018
14055922ns          228452 1c008bcc 1a10f6b7 lui              x13, 0x1a10f000     x13=1a10f000
14055942ns          228453 1c008bd0 00d70733 add              x14, x14, x13       x14=1a10f018 x14:00000018 x13:1a10f000
14055962ns          228454 1c008bd2 00e787b3 add              x15, x15, x14       x15=1a10f018 x15:00000000 x14:1a10f018
14055982ns          228455 1c008bd4 0ff57513 andi             x10, x10, 255       x10=0000006e x10:0000006e
14056002ns          228456 1c008bd8 00a7a023 sw               x10, 0(x15)         x10:0000006e x15:1a10f018  PA:1a10f018
14056320ns          228472 1c008bda 00000513 addi             x10, x0, 0          x10=00000000
14056340ns          228473 1c008bdc 00008067 jalr             x0, x1, 0            x1:1c008ca2
14056399ns          228476 1c008ca2 4df52863 p.beqimm         x10, 1232           x10:00000000
14056419ns          228477 1c008ca6 00140413 addi             x8, x8, 1            x8=00000012  x8:00000011
14056439ns          228478 1c008ca8 001a450b p.lbu            x10, 1(x20!)        x10=00000020 x20=1c00002f x20:1c00002e  PA:1c00002e
14056757ns          228494 1c008cac fe0515e3 bne              x10, x0, -22        x10:00000020
14056837ns          228498 1c008c96 02500793 addi             x15, x0, 37         x15=00000025
14056857ns          228499 1c008c9a 04f50763 beq              x10, x15, 78        x10:00000020 x15:00000025
14056877ns          228500 1c008c9e 009005b3 add              x11, x0, x9         x11=00000002  x9:00000002
14056897ns          228501 1c008ca0 000c80e7 jalr             x1, x25, 0           x1=1c008ca2 x25:1c008bb6
14056936ns          228503 1c008bb6 000026b7 lui              x13, 0x2000         x13=00002000
14056956ns          228504 1c008bb8 f8068693 addi             x13, x13, -128      x13=00001f80 x13:00002000
14056976ns          228505 1c008bbc f14027f3 csrrs            x15, x0, 0xf14      x15=00000003
14056996ns          228506 1c008bc0 00379713 slli             x14, x15, 0x3       x14=00000018 x15:00000003
14057016ns          228507 1c008bc4 00279793 slli             x15, x15, 0x2       x15=0000000c x15:00000003
14057036ns          228508 1c008bc6 00d7f7b3 and              x15, x15, x13       x15=00000000 x15:0000000c x13:00001f80
14057056ns          228509 1c008bc8 ee873733 p.bclr           x14, x14, 23, 8     x14=00000018 x14:00000018
14057076ns          228510 1c008bcc 1a10f6b7 lui              x13, 0x1a10f000     x13=1a10f000
14057095ns          228511 1c008bd0 00d70733 add              x14, x14, x13       x14=1a10f018 x14:00000018 x13:1a10f000
14057115ns          228512 1c008bd2 00e787b3 add              x15, x15, x14       x15=1a10f018 x15:00000000 x14:1a10f018
14057135ns          228513 1c008bd4 0ff57513 andi             x10, x10, 255       x10=00000020 x10:00000020
14057155ns          228514 1c008bd8 00a7a023 sw               x10, 0(x15)         x10:00000020 x15:1a10f018  PA:1a10f018
14057473ns          228530 1c008bda 00000513 addi             x10, x0, 0          x10=00000000
14057493ns          228531 1c008bdc 00008067 jalr             x0, x1, 0            x1:1c008ca2
14057553ns          228534 1c008ca2 4df52863 p.beqimm         x10, 1232           x10:00000000
14057573ns          228535 1c008ca6 00140413 addi             x8, x8, 1            x8=00000013  x8:00000012
14057593ns          228536 1c008ca8 001a450b p.lbu            x10, 1(x20!)        x10=00000063 x20=1c000030 x20:1c00002f  PA:1c00002f
14057911ns          228552 1c008cac fe0515e3 bne              x10, x0, -22        x10:00000063
14057990ns          228556 1c008c96 02500793 addi             x15, x0, 37         x15=00000025
14058010ns          228557 1c008c9a 04f50763 beq              x10, x15, 78        x10:00000063 x15:00000025
14058030ns          228558 1c008c9e 009005b3 add              x11, x0, x9         x11=00000002  x9:00000002
14058050ns          228559 1c008ca0 000c80e7 jalr             x1, x25, 0           x1=1c008ca2 x25:1c008bb6
14058090ns          228561 1c008bb6 000026b7 lui              x13, 0x2000         x13=00002000
14058110ns          228562 1c008bb8 f8068693 addi             x13, x13, -128      x13=00001f80 x13:00002000
14058130ns          228563 1c008bbc f14027f3 csrrs            x15, x0, 0xf14      x15=00000003
14058149ns          228564 1c008bc0 00379713 slli             x14, x15, 0x3       x14=00000018 x15:00000003
14058169ns          228565 1c008bc4 00279793 slli             x15, x15, 0x2       x15=0000000c x15:00000003
14058189ns          228566 1c008bc6 00d7f7b3 and              x15, x15, x13       x15=00000000 x15:0000000c x13:00001f80
14058209ns          228567 1c008bc8 ee873733 p.bclr           x14, x14, 23, 8     x14=00000018 x14:00000018
14058229ns          228568 1c008bcc 1a10f6b7 lui              x13, 0x1a10f000     x13=1a10f000
14058249ns          228569 1c008bd0 00d70733 add              x14, x14, x13       x14=1a10f018 x14:00000018 x13:1a10f000
14058269ns          228570 1c008bd2 00e787b3 add              x15, x15, x14       x15=1a10f018 x15:00000000 x14:1a10f018
14058289ns          228571 1c008bd4 0ff57513 andi             x10, x10, 255       x10=00000063 x10:00000063
14058309ns          228572 1c008bd8 00a7a023 sw               x10, 0(x15)         x10:00000063 x15:1a10f018  PA:1a10f018
14058627ns          228588 1c008bda 00000513 addi             x10, x0, 0          x10=00000000
14058647ns          228589 1c008bdc 00008067 jalr             x0, x1, 0            x1:1c008ca2
14058706ns          228592 1c008ca2 4df52863 p.beqimm         x10, 1232           x10:00000000
14058726ns          228593 1c008ca6 00140413 addi             x8, x8, 1            x8=00000014  x8:00000013
14058746ns          228594 1c008ca8 001a450b p.lbu            x10, 1(x20!)        x10=0000006c x20=1c000031 x20:1c000030  PA:1c000030
14059064ns          228610 1c008cac fe0515e3 bne              x10, x0, -22        x10:0000006c
14059144ns          228614 1c008c96 02500793 addi             x15, x0, 37         x15=00000025
14059164ns          228615 1c008c9a 04f50763 beq              x10, x15, 78        x10:0000006c x15:00000025
14059184ns          228616 1c008c9e 009005b3 add              x11, x0, x9         x11=00000002  x9:00000002
14059204ns          228617 1c008ca0 000c80e7 jalr             x1, x25, 0           x1=1c008ca2 x25:1c008bb6
14059243ns          228619 1c008bb6 000026b7 lui              x13, 0x2000         x13=00002000
14059263ns          228620 1c008bb8 f8068693 addi             x13, x13, -128      x13=00001f80 x13:00002000
14059283ns          228621 1c008bbc f14027f3 csrrs            x15, x0, 0xf14      x15=00000003
14059303ns          228622 1c008bc0 00379713 slli             x14, x15, 0x3       x14=00000018 x15:00000003
14059323ns          228623 1c008bc4 00279793 slli             x15, x15, 0x2       x15=0000000c x15:00000003
14059343ns          228624 1c008bc6 00d7f7b3 and              x15, x15, x13       x15=00000000 x15:0000000c x13:00001f80
14059363ns          228625 1c008bc8 ee873733 p.bclr           x14, x14, 23, 8     x14=00000018 x14:00000018
14059383ns          228626 1c008bcc 1a10f6b7 lui              x13, 0x1a10f000     x13=1a10f000
14059402ns          228627 1c008bd0 00d70733 add              x14, x14, x13       x14=1a10f018 x14:00000018 x13:1a10f000
14059422ns          228628 1c008bd2 00e787b3 add              x15, x15, x14       x15=1a10f018 x15:00000000 x14:1a10f018
14059442ns          228629 1c008bd4 0ff57513 andi             x10, x10, 255       x10=0000006c x10:0000006c
14059462ns          228630 1c008bd8 00a7a023 sw               x10, 0(x15)         x10:0000006c x15:1a10f018  PA:1a10f018
14059780ns          228646 1c008bda 00000513 addi             x10, x0, 0          x10=00000000
14059800ns          228647 1c008bdc 00008067 jalr             x0, x1, 0            x1:1c008ca2
14059860ns          228650 1c008ca2 4df52863 p.beqimm         x10, 1232           x10:00000000
14059880ns          228651 1c008ca6 00140413 addi             x8, x8, 1            x8=00000015  x8:00000014
14059900ns          228652 1c008ca8 001a450b p.lbu            x10, 1(x20!)        x10=00000075 x20=1c000032 x20:1c000031  PA:1c000031
14060218ns          228668 1c008cac fe0515e3 bne              x10, x0, -22        x10:00000075
14060297ns          228672 1c008c96 02500793 addi             x15, x0, 37         x15=00000025
14060317ns          228673 1c008c9a 04f50763 beq              x10, x15, 78        x10:00000075 x15:00000025
14060337ns          228674 1c008c9e 009005b3 add              x11, x0, x9         x11=00000002  x9:00000002
14060357ns          228675 1c008ca0 000c80e7 jalr             x1, x25, 0           x1=1c008ca2 x25:1c008bb6
14060397ns          228677 1c008bb6 000026b7 lui              x13, 0x2000         x13=00002000
14060417ns          228678 1c008bb8 f8068693 addi             x13, x13, -128      x13=00001f80 x13:00002000
14060437ns          228679 1c008bbc f14027f3 csrrs            x15, x0, 0xf14      x15=00000003
14060456ns          228680 1c008bc0 00379713 slli             x14, x15, 0x3       x14=00000018 x15:00000003
14060476ns          228681 1c008bc4 00279793 slli             x15, x15, 0x2       x15=0000000c x15:00000003
14060496ns          228682 1c008bc6 00d7f7b3 and              x15, x15, x13       x15=00000000 x15:0000000c x13:00001f80
14060516ns          228683 1c008bc8 ee873733 p.bclr           x14, x14, 23, 8     x14=00000018 x14:00000018
14060536ns          228684 1c008bcc 1a10f6b7 lui              x13, 0x1a10f000     x13=1a10f000
14060556ns          228685 1c008bd0 00d70733 add              x14, x14, x13       x14=1a10f018 x14:00000018 x13:1a10f000
14060576ns          228686 1c008bd2 00e787b3 add              x15, x15, x14       x15=1a10f018 x15:00000000 x14:1a10f018
14060596ns          228687 1c008bd4 0ff57513 andi             x10, x10, 255       x10=00000075 x10:00000075
14060616ns          228688 1c008bd8 00a7a023 sw               x10, 0(x15)         x10:00000075 x15:1a10f018  PA:1a10f018
14060974ns          228706 1c008bda 00000513 addi             x10, x0, 0          x10=00000000
14060993ns          228707 1c008bdc 00008067 jalr             x0, x1, 0            x1:1c008ca2
14061053ns          228710 1c008ca2 4df52863 p.beqimm         x10, 1232           x10:00000000
14061073ns          228711 1c008ca6 00140413 addi             x8, x8, 1            x8=00000016  x8:00000015
14061093ns          228712 1c008ca8 001a450b p.lbu            x10, 1(x20!)        x10=00000073 x20=1c000033 x20:1c000032  PA:1c000032
14061411ns          228728 1c008cac fe0515e3 bne              x10, x0, -22        x10:00000073
14061491ns          228732 1c008c96 02500793 addi             x15, x0, 37         x15=00000025
14061511ns          228733 1c008c9a 04f50763 beq              x10, x15, 78        x10:00000073 x15:00000025
14061530ns          228734 1c008c9e 009005b3 add              x11, x0, x9         x11=00000002  x9:00000002
14061550ns          228735 1c008ca0 000c80e7 jalr             x1, x25, 0           x1=1c008ca2 x25:1c008bb6
14061590ns          228737 1c008bb6 000026b7 lui              x13, 0x2000         x13=00002000
14061610ns          228738 1c008bb8 f8068693 addi             x13, x13, -128      x13=00001f80 x13:00002000
14061630ns          228739 1c008bbc f14027f3 csrrs            x15, x0, 0xf14      x15=00000003
14061650ns          228740 1c008bc0 00379713 slli             x14, x15, 0x3       x14=00000018 x15:00000003
14061670ns          228741 1c008bc4 00279793 slli             x15, x15, 0x2       x15=0000000c x15:00000003
14061690ns          228742 1c008bc6 00d7f7b3 and              x15, x15, x13       x15=00000000 x15:0000000c x13:00001f80
14061709ns          228743 1c008bc8 ee873733 p.bclr           x14, x14, 23, 8     x14=00000018 x14:00000018
14061729ns          228744 1c008bcc 1a10f6b7 lui              x13, 0x1a10f000     x13=1a10f000
14061749ns          228745 1c008bd0 00d70733 add              x14, x14, x13       x14=1a10f018 x14:00000018 x13:1a10f000
14061769ns          228746 1c008bd2 00e787b3 add              x15, x15, x14       x15=1a10f018 x15:00000000 x14:1a10f018
14061789ns          228747 1c008bd4 0ff57513 andi             x10, x10, 255       x10=00000073 x10:00000073
14061809ns          228748 1c008bd8 00a7a023 sw               x10, 0(x15)         x10:00000073 x15:1a10f018  PA:1a10f018
14062147ns          228765 1c008bda 00000513 addi             x10, x0, 0          x10=00000000
14062167ns          228766 1c008bdc 00008067 jalr             x0, x1, 0            x1:1c008ca2
14062227ns          228769 1c008ca2 4df52863 p.beqimm         x10, 1232           x10:00000000
14062246ns          228770 1c008ca6 00140413 addi             x8, x8, 1            x8=00000017  x8:00000016
14062266ns          228771 1c008ca8 001a450b p.lbu            x10, 1(x20!)        x10=00000074 x20=1c000034 x20:1c000033  PA:1c000033
14062584ns          228787 1c008cac fe0515e3 bne              x10, x0, -22        x10:00000074
14062664ns          228791 1c008c96 02500793 addi             x15, x0, 37         x15=00000025
14062684ns          228792 1c008c9a 04f50763 beq              x10, x15, 78        x10:00000074 x15:00000025
14062704ns          228793 1c008c9e 009005b3 add              x11, x0, x9         x11=00000002  x9:00000002
14062724ns          228794 1c008ca0 000c80e7 jalr             x1, x25, 0           x1=1c008ca2 x25:1c008bb6
14062763ns          228796 1c008bb6 000026b7 lui              x13, 0x2000         x13=00002000
14062783ns          228797 1c008bb8 f8068693 addi             x13, x13, -128      x13=00001f80 x13:00002000
14062803ns          228798 1c008bbc f14027f3 csrrs            x15, x0, 0xf14      x15=00000003
14062823ns          228799 1c008bc0 00379713 slli             x14, x15, 0x3       x14=00000018 x15:00000003
14062843ns          228800 1c008bc4 00279793 slli             x15, x15, 0x2       x15=0000000c x15:00000003
14062863ns          228801 1c008bc6 00d7f7b3 and              x15, x15, x13       x15=00000000 x15:0000000c x13:00001f80
14062883ns          228802 1c008bc8 ee873733 p.bclr           x14, x14, 23, 8     x14=00000018 x14:00000018
14062903ns          228803 1c008bcc 1a10f6b7 lui              x13, 0x1a10f000     x13=1a10f000
14062923ns          228804 1c008bd0 00d70733 add              x14, x14, x13       x14=1a10f018 x14:00000018 x13:1a10f000
14062942ns          228805 1c008bd2 00e787b3 add              x15, x15, x14       x15=1a10f018 x15:00000000 x14:1a10f018
14062962ns          228806 1c008bd4 0ff57513 andi             x10, x10, 255       x10=00000074 x10:00000074
14062982ns          228807 1c008bd8 00a7a023 sw               x10, 0(x15)         x10:00000074 x15:1a10f018  PA:1a10f018
14063300ns          228823 1c008bda 00000513 addi             x10, x0, 0          x10=00000000
14063320ns          228824 1c008bdc 00008067 jalr             x0, x1, 0            x1:1c008ca2
14063380ns          228827 1c008ca2 4df52863 p.beqimm         x10, 1232           x10:00000000
14063400ns          228828 1c008ca6 00140413 addi             x8, x8, 1            x8=00000018  x8:00000017
14063420ns          228829 1c008ca8 001a450b p.lbu            x10, 1(x20!)        x10=00000065 x20=1c000035 x20:1c000034  PA:1c000034
14063738ns          228845 1c008cac fe0515e3 bne              x10, x0, -22        x10:00000065
14063818ns          228849 1c008c96 02500793 addi             x15, x0, 37         x15=00000025
14063837ns          228850 1c008c9a 04f50763 beq              x10, x15, 78        x10:00000065 x15:00000025
14063857ns          228851 1c008c9e 009005b3 add              x11, x0, x9         x11=00000002  x9:00000002
14063877ns          228852 1c008ca0 000c80e7 jalr             x1, x25, 0           x1=1c008ca2 x25:1c008bb6
14063917ns          228854 1c008bb6 000026b7 lui              x13, 0x2000         x13=00002000
14063937ns          228855 1c008bb8 f8068693 addi             x13, x13, -128      x13=00001f80 x13:00002000
14063957ns          228856 1c008bbc f14027f3 csrrs            x15, x0, 0xf14      x15=00000003
14063977ns          228857 1c008bc0 00379713 slli             x14, x15, 0x3       x14=00000018 x15:00000003
14063997ns          228858 1c008bc4 00279793 slli             x15, x15, 0x2       x15=0000000c x15:00000003
14064016ns          228859 1c008bc6 00d7f7b3 and              x15, x15, x13       x15=00000000 x15:0000000c x13:00001f80
14064036ns          228860 1c008bc8 ee873733 p.bclr           x14, x14, 23, 8     x14=00000018 x14:00000018
14064056ns          228861 1c008bcc 1a10f6b7 lui              x13, 0x1a10f000     x13=1a10f000
14064076ns          228862 1c008bd0 00d70733 add              x14, x14, x13       x14=1a10f018 x14:00000018 x13:1a10f000
14064096ns          228863 1c008bd2 00e787b3 add              x15, x15, x14       x15=1a10f018 x15:00000000 x14:1a10f018
14064116ns          228864 1c008bd4 0ff57513 andi             x10, x10, 255       x10=00000065 x10:00000065
14064136ns          228865 1c008bd8 00a7a023 sw               x10, 0(x15)         x10:00000065 x15:1a10f018  PA:1a10f018
14064474ns          228882 1c008bda 00000513 addi             x10, x0, 0          x10=00000000
14064494ns          228883 1c008bdc 00008067 jalr             x0, x1, 0            x1:1c008ca2
14064553ns          228886 1c008ca2 4df52863 p.beqimm         x10, 1232           x10:00000000
14064573ns          228887 1c008ca6 00140413 addi             x8, x8, 1            x8=00000019  x8:00000018
14064593ns          228888 1c008ca8 001a450b p.lbu            x10, 1(x20!)        x10=00000072 x20=1c000036 x20:1c000035  PA:1c000035
14064931ns          228905 1c008cac fe0515e3 bne              x10, x0, -22        x10:00000072
14065011ns          228909 1c008c96 02500793 addi             x15, x0, 37         x15=00000025
14065031ns          228910 1c008c9a 04f50763 beq              x10, x15, 78        x10:00000072 x15:00000025
14065051ns          228911 1c008c9e 009005b3 add              x11, x0, x9         x11=00000002  x9:00000002
14065070ns          228912 1c008ca0 000c80e7 jalr             x1, x25, 0           x1=1c008ca2 x25:1c008bb6
14065110ns          228914 1c008bb6 000026b7 lui              x13, 0x2000         x13=00002000
14065130ns          228915 1c008bb8 f8068693 addi             x13, x13, -128      x13=00001f80 x13:00002000
14065150ns          228916 1c008bbc f14027f3 csrrs            x15, x0, 0xf14      x15=00000003
14065170ns          228917 1c008bc0 00379713 slli             x14, x15, 0x3       x14=00000018 x15:00000003
14065190ns          228918 1c008bc4 00279793 slli             x15, x15, 0x2       x15=0000000c x15:00000003
14065210ns          228919 1c008bc6 00d7f7b3 and              x15, x15, x13       x15=00000000 x15:0000000c x13:00001f80
14065230ns          228920 1c008bc8 ee873733 p.bclr           x14, x14, 23, 8     x14=00000018 x14:00000018
14065249ns          228921 1c008bcc 1a10f6b7 lui              x13, 0x1a10f000     x13=1a10f000
14065269ns          228922 1c008bd0 00d70733 add              x14, x14, x13       x14=1a10f018 x14:00000018 x13:1a10f000
14065289ns          228923 1c008bd2 00e787b3 add              x15, x15, x14       x15=1a10f018 x15:00000000 x14:1a10f018
14065309ns          228924 1c008bd4 0ff57513 andi             x10, x10, 255       x10=00000072 x10:00000072
14065329ns          228925 1c008bd8 00a7a023 sw               x10, 0(x15)         x10:00000072 x15:1a10f018  PA:1a10f018
14065687ns          228943 1c008bda 00000513 addi             x10, x0, 0          x10=00000000
14065707ns          228944 1c008bdc 00008067 jalr             x0, x1, 0            x1:1c008ca2
14065767ns          228947 1c008ca2 4df52863 p.beqimm         x10, 1232           x10:00000000
14065786ns          228948 1c008ca6 00140413 addi             x8, x8, 1            x8=0000001a  x8:00000019
14065806ns          228949 1c008ca8 001a450b p.lbu            x10, 1(x20!)        x10=00000020 x20=1c000037 x20:1c000036  PA:1c000036
14066144ns          228966 1c008cac fe0515e3 bne              x10, x0, -22        x10:00000020
14066224ns          228970 1c008c96 02500793 addi             x15, x0, 37         x15=00000025
14066244ns          228971 1c008c9a 04f50763 beq              x10, x15, 78        x10:00000020 x15:00000025
14066264ns          228972 1c008c9e 009005b3 add              x11, x0, x9         x11=00000002  x9:00000002
14066284ns          228973 1c008ca0 000c80e7 jalr             x1, x25, 0           x1=1c008ca2 x25:1c008bb6
14066323ns          228975 1c008bb6 000026b7 lui              x13, 0x2000         x13=00002000
14066343ns          228976 1c008bb8 f8068693 addi             x13, x13, -128      x13=00001f80 x13:00002000
14066363ns          228977 1c008bbc f14027f3 csrrs            x15, x0, 0xf14      x15=00000003
14066383ns          228978 1c008bc0 00379713 slli             x14, x15, 0x3       x14=00000018 x15:00000003
14066403ns          228979 1c008bc4 00279793 slli             x15, x15, 0x2       x15=0000000c x15:00000003
14066423ns          228980 1c008bc6 00d7f7b3 and              x15, x15, x13       x15=00000000 x15:0000000c x13:00001f80
14066443ns          228981 1c008bc8 ee873733 p.bclr           x14, x14, 23, 8     x14=00000018 x14:00000018
14066463ns          228982 1c008bcc 1a10f6b7 lui              x13, 0x1a10f000     x13=1a10f000
14066483ns          228983 1c008bd0 00d70733 add              x14, x14, x13       x14=1a10f018 x14:00000018 x13:1a10f000
14066502ns          228984 1c008bd2 00e787b3 add              x15, x15, x14       x15=1a10f018 x15:00000000 x14:1a10f018
14066522ns          228985 1c008bd4 0ff57513 andi             x10, x10, 255       x10=00000020 x10:00000020
14066542ns          228986 1c008bd8 00a7a023 sw               x10, 0(x15)         x10:00000020 x15:1a10f018  PA:1a10f018
14066880ns          229003 1c008bda 00000513 addi             x10, x0, 0          x10=00000000
14066900ns          229004 1c008bdc 00008067 jalr             x0, x1, 0            x1:1c008ca2
14066960ns          229007 1c008ca2 4df52863 p.beqimm         x10, 1232           x10:00000000
14066980ns          229008 1c008ca6 00140413 addi             x8, x8, 1            x8=0000001b  x8:0000001a
14067000ns          229009 1c008ca8 001a450b p.lbu            x10, 1(x20!)        x10=00000025 x20=1c000038 x20:1c000037  PA:1c000037
14067318ns          229025 1c008cac fe0515e3 bne              x10, x0, -22        x10:00000025
14067397ns          229029 1c008c96 02500793 addi             x15, x0, 37         x15=00000025
14067417ns          229030 1c008c9a 04f50763 beq              x10, x15, 78        x10:00000025 x15:00000025
14067616ns          229040 1c008ce8 01400c33 add              x24, x0, x20        x24=1c000038 x20:1c000038
14067656ns          229042 1c008cea 000c4a03 lbu              x20, 0(x24)         x20=00000064 x24:1c000038  PA:1c000038
14068133ns          229066 1c008cee 0b4d0513 addi             x10, x26, 180       x10=1c0000b4 x26:1c000000
14068153ns          229067 1c008cf2 00912e23 sw               x9, 28(x2)           x9:00000002  x2:10001e18  PA:10001e34
14068173ns          229068 1c008cf4 014005b3 add              x11, x0, x20        x11=00000064 x20:00000064
14068193ns          229069 1c008cf6 00012823 sw               x0, 16(x2)           x2:10001e18  PA:10001e28
14068213ns          229070 1c008cf8 00012a23 sw               x0, 20(x2)           x2:10001e18  PA:10001e2c
14068233ns          229071 1c008cfa 00012623 sw               x0, 12(x2)           x2:10001e18  PA:10001e24
14068253ns          229072 1c008cfc 001c0493 addi             x9, x24, 1           x9=1c000039 x24:1c000038
14068630ns          229091 1c008d00 e41ff0ef jal              x1, -448             x1=1c008d02
14069108ns          229115 1c008b40 00054703 lbu              x14, 0(x10)         x14=0000002d x10:1c0000b4  PA:1c0000b4
14069605ns          229140 1c008b44 0ff5f593 andi             x11, x11, 255       x11=00000064 x11:00000064
14069625ns          229141 1c008b48 00a007b3 add              x15, x0, x10        x15=1c0000b4 x10:1c0000b4
14069645ns          229142 1c008b4a 00b70863 beq              x14, x11, 16        x14:0000002d x11:00000064
14069665ns          229143 1c008b4e 00070863 beq              x14, x0, 16         x14:0000002d
14069685ns          229144 1c008b50 0017c703 lbu              x14, 1(x15)         x14=0000002b x15:1c0000b4  PA:1c0000b5
14070162ns          229168 1c008b54 00178793 addi             x15, x15, 1         x15=1c0000b5 x15:1c0000b4
14070182ns          229169 1c008b56 feb71ce3 bne              x14, x11, -8        x14:0000002b x11:00000064
14070281ns          229174 1c008b4e 00070863 beq              x14, x0, 16         x14:0000002b
14070301ns          229175 1c008b50 0017c703 lbu              x14, 1(x15)         x14=00000020 x15:1c0000b5  PA:1c0000b6
14070619ns          229191 1c008b54 00178793 addi             x15, x15, 1         x15=1c0000b6 x15:1c0000b5
14070639ns          229192 1c008b56 feb71ce3 bne              x14, x11, -8        x14:00000020 x11:00000064
14070699ns          229195 1c008b4e 00070863 beq              x14, x0, 16         x14:00000020
14070719ns          229196 1c008b50 0017c703 lbu              x14, 1(x15)         x14=00000023 x15:1c0000b6  PA:1c0000b7
14071057ns          229213 1c008b54 00178793 addi             x15, x15, 1         x15=1c0000b7 x15:1c0000b6
14071077ns          229214 1c008b56 feb71ce3 bne              x14, x11, -8        x14:00000023 x11:00000064
14071136ns          229217 1c008b4e 00070863 beq              x14, x0, 16         x14:00000023
14071156ns          229218 1c008b50 0017c703 lbu              x14, 1(x15)         x14=00000030 x15:1c0000b7  PA:1c0000b8
14071474ns          229234 1c008b54 00178793 addi             x15, x15, 1         x15=1c0000b8 x15:1c0000b7
14071494ns          229235 1c008b56 feb71ce3 bne              x14, x11, -8        x14:00000030 x11:00000064
14071554ns          229238 1c008b4e 00070863 beq              x14, x0, 16         x14:00000030
14071574ns          229239 1c008b50 0017c703 lbu              x14, 1(x15)         x14=00000000 x15:1c0000b8  PA:1c0000b9
14071872ns          229254 1c008b54 00178793 addi             x15, x15, 1         x15=1c0000b9 x15:1c0000b8
14071892ns          229255 1c008b56 feb71ce3 bne              x14, x11, -8        x14:00000000 x11:00000064
14071952ns          229258 1c008b4e 00070863 beq              x14, x0, 16         x14:00000000
14072011ns          229261 1c008b5e 00000513 addi             x10, x0, 0          x10=00000000
14072031ns          229262 1c008b60 fe058de3 beq              x11, x0, -6         x11:00000064
14072051ns          229263 1c008b62 00008067 jalr             x0, x1, 0            x1:1c008d02
14072111ns          229266 1c008d02 02000913 addi             x18, x0, 32         x18=00000020
14072131ns          229267 1c008d06 00000993 addi             x19, x0, 0          x19=00000000
14072151ns          229268 1c008d08 02b00a93 addi             x21, x0, 43         x21=0000002b
14072171ns          229269 1c008d0c 02d00b93 addi             x23, x0, 45         x23=0000002d
14072528ns          229287 1c008d10 03000b13 addi             x22, x0, 48         x22=00000030
14072568ns          229289 1c008d14 00900633 add              x12, x0, x9         x12=1c000039  x9:1c000039
14072588ns          229290 1c008d16 02050963 beq              x10, x0, 50         x10:00000000
14073523ns          229337 1c008d48 03312623 sw               x19, 44(x2)         x19:00000000  x2:10001e18  PA:10001e44
14073563ns          229339 1c008d4a 02a00693 addi             x13, x0, 42         x13=0000002a
14073583ns          229340 1c008d4e 014009b3 add              x19, x0, x20        x19=00000064 x20:00000064
14074000ns          229361 1c008d50 01800a33 add              x20, x0, x24        x20=1c000038 x24:1c000038
14074020ns          229362 1c008d52 00900c33 add              x24, x0, x9         x24=1c000039  x9:1c000039
14074040ns          229363 1c008d54 01c12483 lw               x9, 28(x2)           x9=00000002  x2:10001e18  PA:10001e34
14074060ns          229364 1c008d56 42d98063 beq              x19, x13, 1056      x19:00000064 x13:0000002a
14074080ns          229365 1c008d5a fd098693 addi             x13, x19, -48       x13=00000034 x19:00000064
14074100ns          229366 1c008d5e 00900513 addi             x10, x0, 9          x10=00000009
14074517ns          229387 1c008d60 00000a93 addi             x21, x0, 0          x21=00000000
14074557ns          229389 1c008d62 3cd57f63 bgeu             x10, x13, 990       x10:00000009 x13:00000034
14074577ns          229390 1c008d66 02e00793 addi             x15, x0, 46         x15=0000002e
14074597ns          229391 1c008d6a fff00b13 addi             x22, x0, -1         x22=ffffffff
14074617ns          229392 1c008d6c 04f981e3 beq              x19, x15, 2114      x19:00000064 x15:0000002e
14075034ns          229413 1c008d70 1c0007b7 lui              x15, 0x1c000000     x15=1c000000
14075074ns          229415 1c008d74 013005b3 add              x11, x0, x19        x11=00000064 x19:00000064
14075094ns          229416 1c008d76 0bc78513 addi             x10, x15, 188       x10=1c0000bc x15:1c000000
14075114ns          229417 1c008d7a 00c12e23 sw               x12, 28(x2)         x12:1c000039  x2:10001e18  PA:10001e34
14075134ns          229418 1c008d7c dc5ff0ef jal              x1, -572             x1=1c008d7e
14075611ns          229442 1c008b40 00054703 lbu              x14, 0(x10)         x14=00000068 x10:1c0000bc  PA:1c0000bc
14075909ns          229457 1c008b44 0ff5f593 andi             x11, x11, 255       x11=00000064 x11:00000064
14075929ns          229458 1c008b48 00a007b3 add              x15, x0, x10        x15=1c0000bc x10:1c0000bc
14075949ns          229459 1c008b4a 00b70863 beq              x14, x11, 16        x14:00000068 x11:00000064
14075969ns          229460 1c008b4e 00070863 beq              x14, x0, 16         x14:00000068
14075989ns          229461 1c008b50 0017c703 lbu              x14, 1(x15)         x14=0000006c x15:1c0000bc  PA:1c0000bd
14076347ns          229479 1c008b54 00178793 addi             x15, x15, 1         x15=1c0000bd x15:1c0000bc
14076367ns          229480 1c008b56 feb71ce3 bne              x14, x11, -8        x14:0000006c x11:00000064
14076427ns          229483 1c008b4e 00070863 beq              x14, x0, 16         x14:0000006c
14076446ns          229484 1c008b50 0017c703 lbu              x14, 1(x15)         x14=0000004c x15:1c0000bd  PA:1c0000be
14076765ns          229500 1c008b54 00178793 addi             x15, x15, 1         x15=1c0000be x15:1c0000bd
14076785ns          229501 1c008b56 feb71ce3 bne              x14, x11, -8        x14:0000004c x11:00000064
14076844ns          229504 1c008b4e 00070863 beq              x14, x0, 16         x14:0000004c
14076864ns          229505 1c008b50 0017c703 lbu              x14, 1(x15)         x14=0000007a x15:1c0000be  PA:1c0000bf
14077162ns          229520 1c008b54 00178793 addi             x15, x15, 1         x15=1c0000bf x15:1c0000be
14077182ns          229521 1c008b56 feb71ce3 bne              x14, x11, -8        x14:0000007a x11:00000064
14077242ns          229524 1c008b4e 00070863 beq              x14, x0, 16         x14:0000007a
14077262ns          229525 1c008b50 0017c703 lbu              x14, 1(x15)         x14=00000000 x15:1c0000bf  PA:1c0000c0
14077560ns          229540 1c008b54 00178793 addi             x15, x15, 1         x15=1c0000c0 x15:1c0000bf
14077580ns          229541 1c008b56 feb71ce3 bne              x14, x11, -8        x14:00000000 x11:00000064
14077640ns          229544 1c008b4e 00070863 beq              x14, x0, 16         x14:00000000
14077699ns          229547 1c008b5e 00000513 addi             x10, x0, 0          x10=00000000
14077719ns          229548 1c008b60 fe058de3 beq              x11, x0, -6         x11:00000064
14077739ns          229549 1c008b62 00008067 jalr             x0, x1, 0            x1:1c008d7e
14077779ns          229551 1c008d7e 01c12603 lw               x12, 28(x2)         x12=1c000039  x2:10001e18  PA:10001e34
14077819ns          229553 1c008d80 00c00a33 add              x20, x0, x12        x20=1c000039 x12:1c000039
14077839ns          229554 1c008d82 00050563 beq              x10, x0, 10         x10:00000000
14078296ns          229577 1c008d8c 06900793 addi             x15, x0, 105        x15=00000069
14078316ns          229578 1c008d90 1cf98be3 beq              x19, x15, 2518      x19:00000064 x15:00000069
14078336ns          229579 1c008d94 4b37ce63 blt              x15, x19, 1212      x15:00000069 x19:00000064
14078356ns          229580 1c008d98 05800793 addi             x15, x0, 88         x15=00000058
14078376ns          229581 1c008d9c 4cf98863 beq              x19, x15, 1232      x19:00000064 x15:00000058
14078813ns          229603 1c008da0 3f37cd63 blt              x15, x19, 1018      x15:00000058 x19:00000064
14079330ns          229629 1c00919a 06400793 addi             x15, x0, 100        x15=00000064
14079768ns          229651 1c00919e 5cf98463 beq              x19, x15, 1480      x19:00000064 x15:00000064
14080245ns          229675 1c009766 01812b83 lw               x23, 24(x2)         x23=10001f7c  x2:10001e18  PA:10001e30
14080285ns          229677 1c009768 004ba60b p.lw             x12, 4(x23!)        x12=00000000 x23=10001f80 x23:10001f7c  PA:10001f7c
14080325ns          229679 1c00976c 48064963 blt              x12, x0, 1170       x12:00000000
14080742ns          229700 1c009770 01412783 lw               x15, 20(x2)         x15=00000000  x2:10001e18  PA:10001e2c
14080762ns          229701 1c009772 00c00733 add              x14, x0, x12        x14=00000000 x12:00000000
14080782ns          229702 1c009774 56078863 beq              x15, x0, 1392       x15:00000000
14081259ns          229726 1c009ce4 01012783 lw               x15, 16(x2)         x15=00000000  x2:10001e18  PA:10001e28
14081279ns          229727 1c009ce6 01b00533 add              x10, x0, x27        x10=10001e4c x27:10001e4c
14081299ns          229728 1c009ce8 a8078ee3 beq              x15, x0, -1380      x15:00000000
14082234ns          229775 1c009784 00a007b3 add              x15, x0, x10        x15=10001e4c x10:10001e4c
14082254ns          229776 1c009786 00a00593 addi             x11, x0, 10         x11=0000000a
14082274ns          229777 1c009788 00900313 addi             x6, x0, 9            x6=00000009
14082294ns          229778 1c00978a 02b776b3 remu             x13, x14, x11       x13=00000000 x14:00000000 x11:0000000a
14082910ns          229809 1c00978e 00e00833 add              x16, x0, x14        x16=00000000 x14:00000000
14082930ns          229810 1c009790 00f008b3 add              x17, x0, x15        x17=10001e4c x15:10001e4c
14082950ns          229811 1c009792 03068693 addi             x13, x13, 48        x13=00000030 x13:00000000
14082970ns          229812 1c009796 00d780ab p.sb             x13, 1(x15!)        x15=10001e4d x13:00000030 x15:10001e4c  PA:10001e4c
14082990ns          229813 1c00979a 02b75733 divu             x14, x14, x11       x14=00000000 x14:00000000 x11:0000000a
14083626ns          229845 1c00979e ff0366e3 bltu             x6, x16, -20         x6:00000009 x16:00000000
14083646ns          229846 1c0097a2 40a78733 sub              x14, x15, x10       x14=00000001 x15:10001e4d x10:10001e4c
14083666ns          229847 1c0097a6 01675c63 bge              x14, x22, 24        x14:00000001 x22:ffffffff
14084601ns          229894 1c0097be 00078023 sb               x0, 0(x15)          x15:10001e4d  PA:10001e4d
14084640ns          229896 1c0097c2 0b157563 bgeu             x10, x17, 170       x10:10001e4c x17:10001e4c
14085118ns          229920 1c00986c 01412703 lw               x14, 20(x2)         x14=00000000  x2:10001e18  PA:10001e2c
14085137ns          229921 1c00986e 01012683 lw               x13, 16(x2)         x13=00000000  x2:10001e18  PA:10001e28
14085575ns          229943 1c009870 41b787b3 sub              x15, x15, x27       x15=00000001 x15:10001e4d x27:10001e4c
14085615ns          229945 1c009874 00d76733 or               x14, x14, x13       x14=00000000 x14:00000000 x13:00000000
14085635ns          229946 1c009876 02e12623 sw               x14, 44(x2)         x14:00000000  x2:10001e18  PA:10001e44
14085655ns          229947 1c009878 b0071be3 bne              x14, x0, -1258      x14:00000000
14085674ns          229948 1c00987c 01f65713 srli             x14, x12, 0x1f      x14=00000000 x12:00000000
14086112ns          229970 1c009880 02e12623 sw               x14, 44(x2)         x14:00000000  x2:10001e18  PA:10001e44
14086132ns          229971 1c009882 b0dff06f jal              x0, -1268          
14087067ns          230018 1c00938e ebfb2be3 p.beqimm         x22, -330           x22:ffffffff
14087564ns          230043 1c009244 0c800713 addi             x14, x0, 200        x14=000000c8
14087604ns          230045 1c009248 14f75b63 bge              x14, x15, 342       x14:000000c8 x15:00000001
14088538ns          230092 1c00939e 00178613 addi             x12, x15, 1         x12=00000002 x15:00000001
14088578ns          230094 1c0093a2 0557c863 blt              x15, x21, 80        x15:00000001 x21:00000000
14088598ns          230095 1c0093a6 01712c23 sw               x23, 24(x2)         x23:10001f80  x2:10001e18  PA:10001e30
14088618ns          230096 1c0093a8 00f00ab3 add              x21, x0, x15        x21=00000001 x15:00000001
14088638ns          230097 1c0093aa 8e0a8fe3 beq              x21, x0, -1794      x21:00000001
14088658ns          230098 1c0093ae 01b00933 add              x18, x0, x27        x18=10001e4c x27:10001e4c
14089055ns          230118 1c0093b0 41b409b3 sub              x19, x8, x27        x19=efffe1cf  x8:0000001b x27:10001e4c
14089095ns          230120 1c0093b4 01ba8ab3 add              x21, x21, x27       x21=10001e4d x21:00000001 x27:10001e4c
14089115ns          230121 1c0093b6 00a0006f jal              x0, 10             
14089573ns          230144 1c0093c0 0019450b p.lbu            x10, 1(x18!)        x10=00000030 x18=10001e4d x18:10001e4c  PA:10001e4c
14089612ns          230146 1c0093c4 009005b3 add              x11, x0, x9         x11=00000002  x9:00000002
14089632ns          230147 1c0093c6 000c80e7 jalr             x1, x25, 0           x1=1c0093c8 x25:1c008bb6
14089672ns          230149 1c008bb6 000026b7 lui              x13, 0x2000         x13=00002000
14089692ns          230150 1c008bb8 f8068693 addi             x13, x13, -128      x13=00001f80 x13:00002000
14089712ns          230151 1c008bbc f14027f3 csrrs            x15, x0, 0xf14      x15=00000003
14090169ns          230174 1c008bc0 00379713 slli             x14, x15, 0x3       x14=00000018 x15:00000003
14090209ns          230176 1c008bc4 00279793 slli             x15, x15, 0x2       x15=0000000c x15:00000003
14090229ns          230177 1c008bc6 00d7f7b3 and              x15, x15, x13       x15=00000000 x15:0000000c x13:00001f80
14090249ns          230178 1c008bc8 ee873733 p.bclr           x14, x14, 23, 8     x14=00000018 x14:00000018
14090269ns          230179 1c008bcc 1a10f6b7 lui              x13, 0x1a10f000     x13=1a10f000
14090308ns          230181 1c008bd0 00d70733 add              x14, x14, x13       x14=1a10f018 x14:00000018 x13:1a10f000
14090328ns          230182 1c008bd2 00e787b3 add              x15, x15, x14       x15=1a10f018 x15:00000000 x14:1a10f018
14090348ns          230183 1c008bd4 0ff57513 andi             x10, x10, 255       x10=00000030 x10:00000030
14090368ns          230184 1c008bd8 00a7a023 sw               x10, 0(x15)         x10:00000030 x15:1a10f018  PA:1a10f018
14090825ns          230207 1c008bda 00000513 addi             x10, x0, 0          x10=00000000
14090845ns          230208 1c008bdc 00008067 jalr             x0, x1, 0            x1:1c0093c8
14090885ns          230210 1c0093c8 fff538e3 p.bneimm         x10, -16            x10:00000000
14091243ns          230228 1c0093b8 01298433 add              x8, x19, x18         x8=0000001c x19:efffe1cf x18:10001e4d
14091263ns          230229 1c0093bc 8f2a86e3 beq              x21, x18, -1812     x21:10001e4d x18:10001e4d
14091323ns          230232 1c008ca8 001a450b p.lbu            x10, 1(x20!)        x10=00000020 x20=1c00003a x20:1c000039  PA:1c000039
14091641ns          230248 1c008cac fe0515e3 bne              x10, x0, -22        x10:00000020
14091780ns          230255 1c008c96 02500793 addi             x15, x0, 37         x15=00000025
14091800ns          230256 1c008c9a 04f50763 beq              x10, x15, 78        x10:00000020 x15:00000025
14091820ns          230257 1c008c9e 009005b3 add              x11, x0, x9         x11=00000002  x9:00000002
14091840ns          230258 1c008ca0 000c80e7 jalr             x1, x25, 0           x1=1c008ca2 x25:1c008bb6
14091880ns          230260 1c008bb6 000026b7 lui              x13, 0x2000         x13=00002000
14091899ns          230261 1c008bb8 f8068693 addi             x13, x13, -128      x13=00001f80 x13:00002000
14091919ns          230262 1c008bbc f14027f3 csrrs            x15, x0, 0xf14      x15=00000003
14091939ns          230263 1c008bc0 00379713 slli             x14, x15, 0x3       x14=00000018 x15:00000003
14091959ns          230264 1c008bc4 00279793 slli             x15, x15, 0x2       x15=0000000c x15:00000003
14091979ns          230265 1c008bc6 00d7f7b3 and              x15, x15, x13       x15=00000000 x15:0000000c x13:00001f80
14091999ns          230266 1c008bc8 ee873733 p.bclr           x14, x14, 23, 8     x14=00000018 x14:00000018
14092019ns          230267 1c008bcc 1a10f6b7 lui              x13, 0x1a10f000     x13=1a10f000
14092039ns          230268 1c008bd0 00d70733 add              x14, x14, x13       x14=1a10f018 x14:00000018 x13:1a10f000
14092059ns          230269 1c008bd2 00e787b3 add              x15, x15, x14       x15=1a10f018 x15:00000000 x14:1a10f018
14092078ns          230270 1c008bd4 0ff57513 andi             x10, x10, 255       x10=00000020 x10:00000020
14092098ns          230271 1c008bd8 00a7a023 sw               x10, 0(x15)         x10:00000020 x15:1a10f018  PA:1a10f018
14092576ns          230295 1c008bda 00000513 addi             x10, x0, 0          x10=00000000
14092595ns          230296 1c008bdc 00008067 jalr             x0, x1, 0            x1:1c008ca2
14092655ns          230299 1c008ca2 4df52863 p.beqimm         x10, 1232           x10:00000000
14092675ns          230300 1c008ca6 00140413 addi             x8, x8, 1            x8=0000001d  x8:0000001c
14092695ns          230301 1c008ca8 001a450b p.lbu            x10, 1(x20!)        x10=00000063 x20=1c00003b x20:1c00003a  PA:1c00003a
14093013ns          230317 1c008cac fe0515e3 bne              x10, x0, -22        x10:00000063
14093093ns          230321 1c008c96 02500793 addi             x15, x0, 37         x15=00000025
14093113ns          230322 1c008c9a 04f50763 beq              x10, x15, 78        x10:00000063 x15:00000025
14093132ns          230323 1c008c9e 009005b3 add              x11, x0, x9         x11=00000002  x9:00000002
14093152ns          230324 1c008ca0 000c80e7 jalr             x1, x25, 0           x1=1c008ca2 x25:1c008bb6
14093192ns          230326 1c008bb6 000026b7 lui              x13, 0x2000         x13=00002000
14093212ns          230327 1c008bb8 f8068693 addi             x13, x13, -128      x13=00001f80 x13:00002000
14093232ns          230328 1c008bbc f14027f3 csrrs            x15, x0, 0xf14      x15=00000003
14093252ns          230329 1c008bc0 00379713 slli             x14, x15, 0x3       x14=00000018 x15:00000003
14093272ns          230330 1c008bc4 00279793 slli             x15, x15, 0x2       x15=0000000c x15:00000003
14093292ns          230331 1c008bc6 00d7f7b3 and              x15, x15, x13       x15=00000000 x15:0000000c x13:00001f80
14093311ns          230332 1c008bc8 ee873733 p.bclr           x14, x14, 23, 8     x14=00000018 x14:00000018
14093331ns          230333 1c008bcc 1a10f6b7 lui              x13, 0x1a10f000     x13=1a10f000
14093351ns          230334 1c008bd0 00d70733 add              x14, x14, x13       x14=1a10f018 x14:00000018 x13:1a10f000
14093371ns          230335 1c008bd2 00e787b3 add              x15, x15, x14       x15=1a10f018 x15:00000000 x14:1a10f018
14093391ns          230336 1c008bd4 0ff57513 andi             x10, x10, 255       x10=00000063 x10:00000063
14093411ns          230337 1c008bd8 00a7a023 sw               x10, 0(x15)         x10:00000063 x15:1a10f018  PA:1a10f018
14093729ns          230353 1c008bda 00000513 addi             x10, x0, 0          x10=00000000
14093749ns          230354 1c008bdc 00008067 jalr             x0, x1, 0            x1:1c008ca2
14093809ns          230357 1c008ca2 4df52863 p.beqimm         x10, 1232           x10:00000000
14093829ns          230358 1c008ca6 00140413 addi             x8, x8, 1            x8=0000001e  x8:0000001d
14093848ns          230359 1c008ca8 001a450b p.lbu            x10, 1(x20!)        x10=0000006f x20=1c00003c x20:1c00003b  PA:1c00003b
14094167ns          230375 1c008cac fe0515e3 bne              x10, x0, -22        x10:0000006f
14094246ns          230379 1c008c96 02500793 addi             x15, x0, 37         x15=00000025
14094266ns          230380 1c008c9a 04f50763 beq              x10, x15, 78        x10:0000006f x15:00000025
14094286ns          230381 1c008c9e 009005b3 add              x11, x0, x9         x11=00000002  x9:00000002
14094306ns          230382 1c008ca0 000c80e7 jalr             x1, x25, 0           x1=1c008ca2 x25:1c008bb6
14094346ns          230384 1c008bb6 000026b7 lui              x13, 0x2000         x13=00002000
14094366ns          230385 1c008bb8 f8068693 addi             x13, x13, -128      x13=00001f80 x13:00002000
14094385ns          230386 1c008bbc f14027f3 csrrs            x15, x0, 0xf14      x15=00000003
14094405ns          230387 1c008bc0 00379713 slli             x14, x15, 0x3       x14=00000018 x15:00000003
14094425ns          230388 1c008bc4 00279793 slli             x15, x15, 0x2       x15=0000000c x15:00000003
14094445ns          230389 1c008bc6 00d7f7b3 and              x15, x15, x13       x15=00000000 x15:0000000c x13:00001f80
14094465ns          230390 1c008bc8 ee873733 p.bclr           x14, x14, 23, 8     x14=00000018 x14:00000018
14094485ns          230391 1c008bcc 1a10f6b7 lui              x13, 0x1a10f000     x13=1a10f000
14094505ns          230392 1c008bd0 00d70733 add              x14, x14, x13       x14=1a10f018 x14:00000018 x13:1a10f000
14094525ns          230393 1c008bd2 00e787b3 add              x15, x15, x14       x15=1a10f018 x15:00000000 x14:1a10f018
14094545ns          230394 1c008bd4 0ff57513 andi             x10, x10, 255       x10=0000006f x10:0000006f
14094564ns          230395 1c008bd8 00a7a023 sw               x10, 0(x15)         x10:0000006f x15:1a10f018  PA:1a10f018
14094902ns          230412 1c008bda 00000513 addi             x10, x0, 0          x10=00000000
14094922ns          230413 1c008bdc 00008067 jalr             x0, x1, 0            x1:1c008ca2
14094982ns          230416 1c008ca2 4df52863 p.beqimm         x10, 1232           x10:00000000
14095002ns          230417 1c008ca6 00140413 addi             x8, x8, 1            x8=0000001f  x8:0000001e
14095022ns          230418 1c008ca8 001a450b p.lbu            x10, 1(x20!)        x10=00000072 x20=1c00003d x20:1c00003c  PA:1c00003c
14095340ns          230434 1c008cac fe0515e3 bne              x10, x0, -22        x10:00000072
14095420ns          230438 1c008c96 02500793 addi             x15, x0, 37         x15=00000025
14095439ns          230439 1c008c9a 04f50763 beq              x10, x15, 78        x10:00000072 x15:00000025
14095459ns          230440 1c008c9e 009005b3 add              x11, x0, x9         x11=00000002  x9:00000002
14095479ns          230441 1c008ca0 000c80e7 jalr             x1, x25, 0           x1=1c008ca2 x25:1c008bb6
14095519ns          230443 1c008bb6 000026b7 lui              x13, 0x2000         x13=00002000
14095539ns          230444 1c008bb8 f8068693 addi             x13, x13, -128      x13=00001f80 x13:00002000
14095559ns          230445 1c008bbc f14027f3 csrrs            x15, x0, 0xf14      x15=00000003
14095579ns          230446 1c008bc0 00379713 slli             x14, x15, 0x3       x14=00000018 x15:00000003
14095599ns          230447 1c008bc4 00279793 slli             x15, x15, 0x2       x15=0000000c x15:00000003
14095618ns          230448 1c008bc6 00d7f7b3 and              x15, x15, x13       x15=00000000 x15:0000000c x13:00001f80
14095638ns          230449 1c008bc8 ee873733 p.bclr           x14, x14, 23, 8     x14=00000018 x14:00000018
14095658ns          230450 1c008bcc 1a10f6b7 lui              x13, 0x1a10f000     x13=1a10f000
14095678ns          230451 1c008bd0 00d70733 add              x14, x14, x13       x14=1a10f018 x14:00000018 x13:1a10f000
14095698ns          230452 1c008bd2 00e787b3 add              x15, x15, x14       x15=1a10f018 x15:00000000 x14:1a10f018
14095718ns          230453 1c008bd4 0ff57513 andi             x10, x10, 255       x10=00000072 x10:00000072
14095738ns          230454 1c008bd8 00a7a023 sw               x10, 0(x15)         x10:00000072 x15:1a10f018  PA:1a10f018
14096076ns          230471 1c008bda 00000513 addi             x10, x0, 0          x10=00000000
14096096ns          230472 1c008bdc 00008067 jalr             x0, x1, 0            x1:1c008ca2
14096155ns          230475 1c008ca2 4df52863 p.beqimm         x10, 1232           x10:00000000
14096175ns          230476 1c008ca6 00140413 addi             x8, x8, 1            x8=00000020  x8:0000001f
14096195ns          230477 1c008ca8 001a450b p.lbu            x10, 1(x20!)        x10=00000065 x20=1c00003e x20:1c00003d  PA:1c00003d
14096533ns          230494 1c008cac fe0515e3 bne              x10, x0, -22        x10:00000065
14096613ns          230498 1c008c96 02500793 addi             x15, x0, 37         x15=00000025
14096633ns          230499 1c008c9a 04f50763 beq              x10, x15, 78        x10:00000065 x15:00000025
14096653ns          230500 1c008c9e 009005b3 add              x11, x0, x9         x11=00000002  x9:00000002
14096673ns          230501 1c008ca0 000c80e7 jalr             x1, x25, 0           x1=1c008ca2 x25:1c008bb6
14096712ns          230503 1c008bb6 000026b7 lui              x13, 0x2000         x13=00002000
14096732ns          230504 1c008bb8 f8068693 addi             x13, x13, -128      x13=00001f80 x13:00002000
14096752ns          230505 1c008bbc f14027f3 csrrs            x15, x0, 0xf14      x15=00000003
14096772ns          230506 1c008bc0 00379713 slli             x14, x15, 0x3       x14=00000018 x15:00000003
14096792ns          230507 1c008bc4 00279793 slli             x15, x15, 0x2       x15=0000000c x15:00000003
14096812ns          230508 1c008bc6 00d7f7b3 and              x15, x15, x13       x15=00000000 x15:0000000c x13:00001f80
14096832ns          230509 1c008bc8 ee873733 p.bclr           x14, x14, 23, 8     x14=00000018 x14:00000018
14096852ns          230510 1c008bcc 1a10f6b7 lui              x13, 0x1a10f000     x13=1a10f000
14096871ns          230511 1c008bd0 00d70733 add              x14, x14, x13       x14=1a10f018 x14:00000018 x13:1a10f000
14096891ns          230512 1c008bd2 00e787b3 add              x15, x15, x14       x15=1a10f018 x15:00000000 x14:1a10f018
14096911ns          230513 1c008bd4 0ff57513 andi             x10, x10, 255       x10=00000065 x10:00000065
14096931ns          230514 1c008bd8 00a7a023 sw               x10, 0(x15)         x10:00000065 x15:1a10f018  PA:1a10f018
14097249ns          230530 1c008bda 00000513 addi             x10, x0, 0          x10=00000000
14097269ns          230531 1c008bdc 00008067 jalr             x0, x1, 0            x1:1c008ca2
14097329ns          230534 1c008ca2 4df52863 p.beqimm         x10, 1232           x10:00000000
14097349ns          230535 1c008ca6 00140413 addi             x8, x8, 1            x8=00000021  x8:00000020
14097369ns          230536 1c008ca8 001a450b p.lbu            x10, 1(x20!)        x10=00000020 x20=1c00003f x20:1c00003e  PA:1c00003e
14097687ns          230552 1c008cac fe0515e3 bne              x10, x0, -22        x10:00000020
14097766ns          230556 1c008c96 02500793 addi             x15, x0, 37         x15=00000025
14097786ns          230557 1c008c9a 04f50763 beq              x10, x15, 78        x10:00000020 x15:00000025
14097806ns          230558 1c008c9e 009005b3 add              x11, x0, x9         x11=00000002  x9:00000002
14097826ns          230559 1c008ca0 000c80e7 jalr             x1, x25, 0           x1=1c008ca2 x25:1c008bb6
14097866ns          230561 1c008bb6 000026b7 lui              x13, 0x2000         x13=00002000
14097886ns          230562 1c008bb8 f8068693 addi             x13, x13, -128      x13=00001f80 x13:00002000
14097906ns          230563 1c008bbc f14027f3 csrrs            x15, x0, 0xf14      x15=00000003
14097925ns          230564 1c008bc0 00379713 slli             x14, x15, 0x3       x14=00000018 x15:00000003
14097945ns          230565 1c008bc4 00279793 slli             x15, x15, 0x2       x15=0000000c x15:00000003
14097965ns          230566 1c008bc6 00d7f7b3 and              x15, x15, x13       x15=00000000 x15:0000000c x13:00001f80
14097985ns          230567 1c008bc8 ee873733 p.bclr           x14, x14, 23, 8     x14=00000018 x14:00000018
14098005ns          230568 1c008bcc 1a10f6b7 lui              x13, 0x1a10f000     x13=1a10f000
14098025ns          230569 1c008bd0 00d70733 add              x14, x14, x13       x14=1a10f018 x14:00000018 x13:1a10f000
14098045ns          230570 1c008bd2 00e787b3 add              x15, x15, x14       x15=1a10f018 x15:00000000 x14:1a10f018
14098065ns          230571 1c008bd4 0ff57513 andi             x10, x10, 255       x10=00000020 x10:00000020
14098085ns          230572 1c008bd8 00a7a023 sw               x10, 0(x15)         x10:00000020 x15:1a10f018  PA:1a10f018
14098423ns          230589 1c008bda 00000513 addi             x10, x0, 0          x10=00000000
14098443ns          230590 1c008bdc 00008067 jalr             x0, x1, 0            x1:1c008ca2
14098502ns          230593 1c008ca2 4df52863 p.beqimm         x10, 1232           x10:00000000
14098522ns          230594 1c008ca6 00140413 addi             x8, x8, 1            x8=00000022  x8:00000021
14098542ns          230595 1c008ca8 001a450b p.lbu            x10, 1(x20!)        x10=00000025 x20=1c000040 x20:1c00003f  PA:1c00003f
14098860ns          230611 1c008cac fe0515e3 bne              x10, x0, -22        x10:00000025
14098940ns          230615 1c008c96 02500793 addi             x15, x0, 37         x15=00000025
14098960ns          230616 1c008c9a 04f50763 beq              x10, x15, 78        x10:00000025 x15:00000025
14099019ns          230619 1c008ce8 01400c33 add              x24, x0, x20        x24=1c000040 x20:1c000040
14099039ns          230620 1c008cea 000c4a03 lbu              x20, 0(x24)         x20=00000064 x24:1c000040  PA:1c000040
14099357ns          230636 1c008cee 0b4d0513 addi             x10, x26, 180       x10=1c0000b4 x26:1c000000
14099377ns          230637 1c008cf2 00912e23 sw               x9, 28(x2)           x9:00000002  x2:10001e18  PA:10001e34
14099397ns          230638 1c008cf4 014005b3 add              x11, x0, x20        x11=00000064 x20:00000064
14099417ns          230639 1c008cf6 00012823 sw               x0, 16(x2)           x2:10001e18  PA:10001e28
14099437ns          230640 1c008cf8 00012a23 sw               x0, 20(x2)           x2:10001e18  PA:10001e2c
14099457ns          230641 1c008cfa 00012623 sw               x0, 12(x2)           x2:10001e18  PA:10001e24
14099477ns          230642 1c008cfc 001c0493 addi             x9, x24, 1           x9=1c000041 x24:1c000040
14099497ns          230643 1c008d00 e41ff0ef jal              x1, -448             x1=1c008d02
14099576ns          230647 1c008b40 00054703 lbu              x14, 0(x10)         x14=0000002d x10:1c0000b4  PA:1c0000b4
14099914ns          230664 1c008b44 0ff5f593 andi             x11, x11, 255       x11=00000064 x11:00000064
14099934ns          230665 1c008b48 00a007b3 add              x15, x0, x10        x15=1c0000b4 x10:1c0000b4
14099954ns          230666 1c008b4a 00b70863 beq              x14, x11, 16        x14:0000002d x11:00000064
14099974ns          230667 1c008b4e 00070863 beq              x14, x0, 16         x14:0000002d
14099994ns          230668 1c008b50 0017c703 lbu              x14, 1(x15)         x14=0000002b x15:1c0000b4  PA:1c0000b5
14100312ns          230684 1c008b54 00178793 addi             x15, x15, 1         x15=1c0000b5 x15:1c0000b4
14100332ns          230685 1c008b56 feb71ce3 bne              x14, x11, -8        x14:0000002b x11:00000064
14100392ns          230688 1c008b4e 00070863 beq              x14, x0, 16         x14:0000002b
14100411ns          230689 1c008b50 0017c703 lbu              x14, 1(x15)         x14=00000020 x15:1c0000b5  PA:1c0000b6
14100710ns          230704 1c008b54 00178793 addi             x15, x15, 1         x15=1c0000b6 x15:1c0000b5
14100730ns          230705 1c008b56 feb71ce3 bne              x14, x11, -8        x14:00000020 x11:00000064
14100789ns          230708 1c008b4e 00070863 beq              x14, x0, 16         x14:00000020
14100809ns          230709 1c008b50 0017c703 lbu              x14, 1(x15)         x14=00000023 x15:1c0000b6  PA:1c0000b7
14101108ns          230724 1c008b54 00178793 addi             x15, x15, 1         x15=1c0000b7 x15:1c0000b6
14101127ns          230725 1c008b56 feb71ce3 bne              x14, x11, -8        x14:00000023 x11:00000064
14101187ns          230728 1c008b4e 00070863 beq              x14, x0, 16         x14:00000023
14101207ns          230729 1c008b50 0017c703 lbu              x14, 1(x15)         x14=00000030 x15:1c0000b7  PA:1c0000b8
14101505ns          230744 1c008b54 00178793 addi             x15, x15, 1         x15=1c0000b8 x15:1c0000b7
14101525ns          230745 1c008b56 feb71ce3 bne              x14, x11, -8        x14:00000030 x11:00000064
14101585ns          230748 1c008b4e 00070863 beq              x14, x0, 16         x14:00000030
14101605ns          230749 1c008b50 0017c703 lbu              x14, 1(x15)         x14=00000000 x15:1c0000b8  PA:1c0000b9
14101923ns          230765 1c008b54 00178793 addi             x15, x15, 1         x15=1c0000b9 x15:1c0000b8
14101943ns          230766 1c008b56 feb71ce3 bne              x14, x11, -8        x14:00000000 x11:00000064
14102003ns          230769 1c008b4e 00070863 beq              x14, x0, 16         x14:00000000
14102062ns          230772 1c008b5e 00000513 addi             x10, x0, 0          x10=00000000
14102082ns          230773 1c008b60 fe058de3 beq              x11, x0, -6         x11:00000064
14102102ns          230774 1c008b62 00008067 jalr             x0, x1, 0            x1:1c008d02
14102162ns          230777 1c008d02 02000913 addi             x18, x0, 32         x18=00000020
14102182ns          230778 1c008d06 00000993 addi             x19, x0, 0          x19=00000000
14102201ns          230779 1c008d08 02b00a93 addi             x21, x0, 43         x21=0000002b
14102221ns          230780 1c008d0c 02d00b93 addi             x23, x0, 45         x23=0000002d
14102241ns          230781 1c008d10 03000b13 addi             x22, x0, 48         x22=00000030
14102261ns          230782 1c008d14 00900633 add              x12, x0, x9         x12=1c000041  x9:1c000041
14102281ns          230783 1c008d16 02050963 beq              x10, x0, 50         x10:00000000
14102420ns          230790 1c008d48 03312623 sw               x19, 44(x2)         x19:00000000  x2:10001e18  PA:10001e44
14102460ns          230792 1c008d4a 02a00693 addi             x13, x0, 42         x13=0000002a
14102480ns          230793 1c008d4e 014009b3 add              x19, x0, x20        x19=00000064 x20:00000064
14102520ns          230795 1c008d50 01800a33 add              x20, x0, x24        x20=1c000040 x24:1c000040
14102539ns          230796 1c008d52 00900c33 add              x24, x0, x9         x24=1c000041  x9:1c000041
14102559ns          230797 1c008d54 01c12483 lw               x9, 28(x2)           x9=00000002  x2:10001e18  PA:10001e34
14102579ns          230798 1c008d56 42d98063 beq              x19, x13, 1056      x19:00000064 x13:0000002a
14102599ns          230799 1c008d5a fd098693 addi             x13, x19, -48       x13=00000034 x19:00000064
14102619ns          230800 1c008d5e 00900513 addi             x10, x0, 9          x10=00000009
14102659ns          230802 1c008d60 00000a93 addi             x21, x0, 0          x21=00000000
14102699ns          230804 1c008d62 3cd57f63 bgeu             x10, x13, 990       x10:00000009 x13:00000034
14102718ns          230805 1c008d66 02e00793 addi             x15, x0, 46         x15=0000002e
14102738ns          230806 1c008d6a fff00b13 addi             x22, x0, -1         x22=ffffffff
14102758ns          230807 1c008d6c 04f981e3 beq              x19, x15, 2114      x19:00000064 x15:0000002e
14102798ns          230809 1c008d70 1c0007b7 lui              x15, 0x1c000000     x15=1c000000
14102838ns          230811 1c008d74 013005b3 add              x11, x0, x19        x11=00000064 x19:00000064
14102858ns          230812 1c008d76 0bc78513 addi             x10, x15, 188       x10=1c0000bc x15:1c000000
14102878ns          230813 1c008d7a 00c12e23 sw               x12, 28(x2)         x12:1c000041  x2:10001e18  PA:10001e34
14102897ns          230814 1c008d7c dc5ff0ef jal              x1, -572             x1=1c008d7e
14102977ns          230818 1c008b40 00054703 lbu              x14, 0(x10)         x14=00000068 x10:1c0000bc  PA:1c0000bc
14103275ns          230833 1c008b44 0ff5f593 andi             x11, x11, 255       x11=00000064 x11:00000064
14103295ns          230834 1c008b48 00a007b3 add              x15, x0, x10        x15=1c0000bc x10:1c0000bc
14103315ns          230835 1c008b4a 00b70863 beq              x14, x11, 16        x14:00000068 x11:00000064
14103335ns          230836 1c008b4e 00070863 beq              x14, x0, 16         x14:00000068
14103355ns          230837 1c008b50 0017c703 lbu              x14, 1(x15)         x14=0000006c x15:1c0000bc  PA:1c0000bd
14103653ns          230852 1c008b54 00178793 addi             x15, x15, 1         x15=1c0000bd x15:1c0000bc
14103673ns          230853 1c008b56 feb71ce3 bne              x14, x11, -8        x14:0000006c x11:00000064
14103733ns          230856 1c008b4e 00070863 beq              x14, x0, 16         x14:0000006c
14103753ns          230857 1c008b50 0017c703 lbu              x14, 1(x15)         x14=0000004c x15:1c0000bd  PA:1c0000be
14104051ns          230872 1c008b54 00178793 addi             x15, x15, 1         x15=1c0000be x15:1c0000bd
14104071ns          230873 1c008b56 feb71ce3 bne              x14, x11, -8        x14:0000004c x11:00000064
14104131ns          230876 1c008b4e 00070863 beq              x14, x0, 16         x14:0000004c
14104150ns          230877 1c008b50 0017c703 lbu              x14, 1(x15)         x14=0000007a x15:1c0000be  PA:1c0000bf
14104469ns          230893 1c008b54 00178793 addi             x15, x15, 1         x15=1c0000bf x15:1c0000be
14104489ns          230894 1c008b56 feb71ce3 bne              x14, x11, -8        x14:0000007a x11:00000064
14104548ns          230897 1c008b4e 00070863 beq              x14, x0, 16         x14:0000007a
14104568ns          230898 1c008b50 0017c703 lbu              x14, 1(x15)         x14=00000000 x15:1c0000bf  PA:1c0000c0
14104906ns          230915 1c008b54 00178793 addi             x15, x15, 1         x15=1c0000c0 x15:1c0000bf
14104926ns          230916 1c008b56 feb71ce3 bne              x14, x11, -8        x14:00000000 x11:00000064
14104986ns          230919 1c008b4e 00070863 beq              x14, x0, 16         x14:00000000
14105045ns          230922 1c008b5e 00000513 addi             x10, x0, 0          x10=00000000
14105065ns          230923 1c008b60 fe058de3 beq              x11, x0, -6         x11:00000064
14105085ns          230924 1c008b62 00008067 jalr             x0, x1, 0            x1:1c008d7e
14105125ns          230926 1c008d7e 01c12603 lw               x12, 28(x2)         x12=1c000041  x2:10001e18  PA:10001e34
14105165ns          230928 1c008d80 00c00a33 add              x20, x0, x12        x20=1c000041 x12:1c000041
14105185ns          230929 1c008d82 00050563 beq              x10, x0, 10         x10:00000000
14105503ns          230945 1c008d8c 06900793 addi             x15, x0, 105        x15=00000069
14105523ns          230946 1c008d90 1cf98be3 beq              x19, x15, 2518      x19:00000064 x15:00000069
14105543ns          230947 1c008d94 4b37ce63 blt              x15, x19, 1212      x15:00000069 x19:00000064
14105562ns          230948 1c008d98 05800793 addi             x15, x0, 88         x15=00000058
14105582ns          230949 1c008d9c 4cf98863 beq              x19, x15, 1232      x19:00000064 x15:00000058
14105602ns          230950 1c008da0 3f37cd63 blt              x15, x19, 1018      x15:00000058 x19:00000064
14105741ns          230957 1c00919a 06400793 addi             x15, x0, 100        x15=00000064
14105801ns          230960 1c00919e 5cf98463 beq              x19, x15, 1480      x19:00000064 x15:00000064
14105901ns          230965 1c009766 01812b83 lw               x23, 24(x2)         x23=10001f80  x2:10001e18  PA:10001e30
14105940ns          230967 1c009768 004ba60b p.lw             x12, 4(x23!)        x12=00000003 x23=10001f84 x23:10001f80  PA:10001f80
14105980ns          230969 1c00976c 48064963 blt              x12, x0, 1170       x12:00000003
14106000ns          230970 1c009770 01412783 lw               x15, 20(x2)         x15=00000000  x2:10001e18  PA:10001e2c
14106020ns          230971 1c009772 00c00733 add              x14, x0, x12        x14=00000003 x12:00000003
14106040ns          230972 1c009774 56078863 beq              x15, x0, 1392       x15:00000000
14106139ns          230977 1c009ce4 01012783 lw               x15, 16(x2)         x15=00000000  x2:10001e18  PA:10001e28
14106159ns          230978 1c009ce6 01b00533 add              x10, x0, x27        x10=10001e4c x27:10001e4c
14106179ns          230979 1c009ce8 a8078ee3 beq              x15, x0, -1380      x15:00000000
14106298ns          230985 1c009784 00a007b3 add              x15, x0, x10        x15=10001e4c x10:10001e4c
14106318ns          230986 1c009786 00a00593 addi             x11, x0, 10         x11=0000000a
14106338ns          230987 1c009788 00900313 addi             x6, x0, 9            x6=00000009
14106358ns          230988 1c00978a 02b776b3 remu             x13, x14, x11       x13=00000003 x14:00000003 x11:0000000a
14106975ns          231019 1c00978e 00e00833 add              x16, x0, x14        x16=00000003 x14:00000003
14106994ns          231020 1c009790 00f008b3 add              x17, x0, x15        x17=10001e4c x15:10001e4c
14107014ns          231021 1c009792 03068693 addi             x13, x13, 48        x13=00000033 x13:00000003
14107034ns          231022 1c009796 00d780ab p.sb             x13, 1(x15!)        x15=10001e4d x13:00000033 x15:10001e4c  PA:10001e4c
14107054ns          231023 1c00979a 02b75733 divu             x14, x14, x11       x14=00000000 x14:00000003 x11:0000000a
14107671ns          231054 1c00979e ff0366e3 bltu             x6, x16, -20         x6:00000009 x16:00000003
14107690ns          231055 1c0097a2 40a78733 sub              x14, x15, x10       x14=00000001 x15:10001e4d x10:10001e4c
14107710ns          231056 1c0097a6 01675c63 bge              x14, x22, 24        x14:00000001 x22:ffffffff
14107830ns          231062 1c0097be 00078023 sb               x0, 0(x15)          x15:10001e4d  PA:10001e4d
14107869ns          231064 1c0097c2 0b157563 bgeu             x10, x17, 170       x10:10001e4c x17:10001e4c
14107929ns          231067 1c00986c 01412703 lw               x14, 20(x2)         x14=00000000  x2:10001e18  PA:10001e2c
14107949ns          231068 1c00986e 01012683 lw               x13, 16(x2)         x13=00000000  x2:10001e18  PA:10001e28
14107969ns          231069 1c009870 41b787b3 sub              x15, x15, x27       x15=00000001 x15:10001e4d x27:10001e4c
14107989ns          231070 1c009874 00d76733 or               x14, x14, x13       x14=00000000 x14:00000000 x13:00000000
14108009ns          231071 1c009876 02e12623 sw               x14, 44(x2)         x14:00000000  x2:10001e18  PA:10001e44
14108029ns          231072 1c009878 b0071be3 bne              x14, x0, -1258      x14:00000000
14108048ns          231073 1c00987c 01f65713 srli             x14, x12, 0x1f      x14=00000000 x12:00000003
14108068ns          231074 1c009880 02e12623 sw               x14, 44(x2)         x14:00000000  x2:10001e18  PA:10001e44
14108108ns          231076 1c009882 b0dff06f jal              x0, -1268          
14108188ns          231080 1c00938e ebfb2be3 p.beqimm         x22, -330           x22:ffffffff
14108287ns          231085 1c009244 0c800713 addi             x14, x0, 200        x14=000000c8
14108327ns          231087 1c009248 14f75b63 bge              x14, x15, 342       x14:000000c8 x15:00000001
14108506ns          231096 1c00939e 00178613 addi             x12, x15, 1         x12=00000002 x15:00000001
14108546ns          231098 1c0093a2 0557c863 blt              x15, x21, 80        x15:00000001 x21:00000000
14108566ns          231099 1c0093a6 01712c23 sw               x23, 24(x2)         x23:10001f84  x2:10001e18  PA:10001e30
14108585ns          231100 1c0093a8 00f00ab3 add              x21, x0, x15        x21=00000001 x15:00000001
14108605ns          231101 1c0093aa 8e0a8fe3 beq              x21, x0, -1794      x21:00000001
14108625ns          231102 1c0093ae 01b00933 add              x18, x0, x27        x18=10001e4c x27:10001e4c
14108645ns          231103 1c0093b0 41b409b3 sub              x19, x8, x27        x19=efffe1d6  x8:00000022 x27:10001e4c
14108665ns          231104 1c0093b4 01ba8ab3 add              x21, x21, x27       x21=10001e4d x21:00000001 x27:10001e4c
14108685ns          231105 1c0093b6 00a0006f jal              x0, 10             
14108725ns          231107 1c0093c0 0019450b p.lbu            x10, 1(x18!)        x10=00000033 x18=10001e4d x18:10001e4c  PA:10001e4c
14108745ns          231108 1c0093c4 009005b3 add              x11, x0, x9         x11=00000002  x9:00000002
14108764ns          231109 1c0093c6 000c80e7 jalr             x1, x25, 0           x1=1c0093c8 x25:1c008bb6
14108804ns          231111 1c008bb6 000026b7 lui              x13, 0x2000         x13=00002000
14108824ns          231112 1c008bb8 f8068693 addi             x13, x13, -128      x13=00001f80 x13:00002000
14108844ns          231113 1c008bbc f14027f3 csrrs            x15, x0, 0xf14      x15=00000003
14108864ns          231114 1c008bc0 00379713 slli             x14, x15, 0x3       x14=00000018 x15:00000003
14108884ns          231115 1c008bc4 00279793 slli             x15, x15, 0x2       x15=0000000c x15:00000003
14108904ns          231116 1c008bc6 00d7f7b3 and              x15, x15, x13       x15=00000000 x15:0000000c x13:00001f80
14108924ns          231117 1c008bc8 ee873733 p.bclr           x14, x14, 23, 8     x14=00000018 x14:00000018
14108943ns          231118 1c008bcc 1a10f6b7 lui              x13, 0x1a10f000     x13=1a10f000
14109361ns          231139 1c008bd0 00d70733 add              x14, x14, x13       x14=1a10f018 x14:00000018 x13:1a10f000
14109381ns          231140 1c008bd2 00e787b3 add              x15, x15, x14       x15=1a10f018 x15:00000000 x14:1a10f018
14109401ns          231141 1c008bd4 0ff57513 andi             x10, x10, 255       x10=00000033 x10:00000033
14109421ns          231142 1c008bd8 00a7a023 sw               x10, 0(x15)         x10:00000033 x15:1a10f018  PA:1a10f018
14109898ns          231166 1c008bda 00000513 addi             x10, x0, 0          x10=00000000
14109918ns          231167 1c008bdc 00008067 jalr             x0, x1, 0            x1:1c0093c8
14109958ns          231169 1c0093c8 fff538e3 p.bneimm         x10, -16            x10:00000000
14110077ns          231175 1c0093b8 01298433 add              x8, x19, x18         x8=00000023 x19:efffe1d6 x18:10001e4d
14110097ns          231176 1c0093bc 8f2a86e3 beq              x21, x18, -1812     x21:10001e4d x18:10001e4d
14110157ns          231179 1c008ca8 001a450b p.lbu            x10, 1(x20!)        x10=0000000a x20=1c000042 x20:1c000041  PA:1c000041
14110475ns          231195 1c008cac fe0515e3 bne              x10, x0, -22        x10:0000000a
14110554ns          231199 1c008c96 02500793 addi             x15, x0, 37         x15=00000025
14110574ns          231200 1c008c9a 04f50763 beq              x10, x15, 78        x10:0000000a x15:00000025
14110594ns          231201 1c008c9e 009005b3 add              x11, x0, x9         x11=00000002  x9:00000002
14110614ns          231202 1c008ca0 000c80e7 jalr             x1, x25, 0           x1=1c008ca2 x25:1c008bb6
14110654ns          231204 1c008bb6 000026b7 lui              x13, 0x2000         x13=00002000
14110674ns          231205 1c008bb8 f8068693 addi             x13, x13, -128      x13=00001f80 x13:00002000
14110694ns          231206 1c008bbc f14027f3 csrrs            x15, x0, 0xf14      x15=00000003
14110713ns          231207 1c008bc0 00379713 slli             x14, x15, 0x3       x14=00000018 x15:00000003
14110733ns          231208 1c008bc4 00279793 slli             x15, x15, 0x2       x15=0000000c x15:00000003
14110753ns          231209 1c008bc6 00d7f7b3 and              x15, x15, x13       x15=00000000 x15:0000000c x13:00001f80
14110773ns          231210 1c008bc8 ee873733 p.bclr           x14, x14, 23, 8     x14=00000018 x14:00000018
14110793ns          231211 1c008bcc 1a10f6b7 lui              x13, 0x1a10f000     x13=1a10f000
14110813ns          231212 1c008bd0 00d70733 add              x14, x14, x13       x14=1a10f018 x14:00000018 x13:1a10f000
14110833ns          231213 1c008bd2 00e787b3 add              x15, x15, x14       x15=1a10f018 x15:00000000 x14:1a10f018
14110853ns          231214 1c008bd4 0ff57513 andi             x10, x10, 255       x10=0000000a x10:0000000a
14110873ns          231215 1c008bd8 00a7a023 sw               x10, 0(x15)         x10:0000000a x15:1a10f018  PA:1a10f018
14111211ns          231232 1c008bda 00000513 addi             x10, x0, 0          x10=00000000
14111231ns          231233 1c008bdc 00008067 jalr             x0, x1, 0            x1:1c008ca2
14111290ns          231236 1c008ca2 4df52863 p.beqimm         x10, 1232           x10:00000000
14111310ns          231237 1c008ca6 00140413 addi             x8, x8, 1            x8=00000024  x8:00000023
14111330ns          231238 1c008ca8 001a450b p.lbu            x10, 1(x20!)        x10=00000000 x20=1c000043 x20:1c000042  PA:1c000042
14111648ns          231254 1c008cac fe0515e3 bne              x10, x0, -22        x10:00000000
14111668ns          231255 1c008cae 13c12083 lw               x1, 316(x2)          x1=1c008c22  x2:10001e18  PA:10001f54
14111688ns          231256 1c008cb2 00800533 add              x10, x0, x8         x10=00000024  x8:00000024
14111708ns          231257 1c008cb4 13812403 lw               x8, 312(x2)          x8=00000003  x2:10001e18  PA:10001f50
14111728ns          231258 1c008cb8 13412483 lw               x9, 308(x2)          x9=00000000  x2:10001e18  PA:10001f4c
14111748ns          231259 1c008cbc 13012903 lw               x18, 304(x2)        x18=00000003  x2:10001e18  PA:10001f48
14111986ns          231271 1c008cc0 12c12983 lw               x19, 300(x2)        x19=00000000  x2:10001e18  PA:10001f44
14112026ns          231273 1c008cc4 12812a03 lw               x20, 296(x2)        x20=00000000  x2:10001e18  PA:10001f40
14112046ns          231274 1c008cc8 12412a83 lw               x21, 292(x2)        x21=00000000  x2:10001e18  PA:10001f3c
14112066ns          231275 1c008ccc 12012b03 lw               x22, 288(x2)        x22=00000000  x2:10001e18  PA:10001f38
14112523ns          231298 1c008cd0 11c12b83 lw               x23, 284(x2)        x23=00000000  x2:10001e18  PA:10001f34
14112563ns          231300 1c008cd4 11812c03 lw               x24, 280(x2)        x24=00000000  x2:10001e18  PA:10001f30
14112583ns          231301 1c008cd8 11412c83 lw               x25, 276(x2)        x25=00000000  x2:10001e18  PA:10001f2c
14112603ns          231302 1c008cdc 11012d03 lw               x26, 272(x2)        x26=00000000  x2:10001e18  PA:10001f28
14112662ns          231305 1c008ce0 10c12d83 lw               x27, 268(x2)        x27=00000000  x2:10001e18  PA:10001f24
14112702ns          231307 1c008ce4 14010113 addi             x2, x2, 320          x2=10001f58  x2:10001e18
14112722ns          231308 1c008ce6 00008067 jalr             x0, x1, 0            x1:1c008c22
14112802ns          231312 1c008c22 01c12083 lw               x1, 28(x2)           x1=1c008200  x2:10001f58  PA:10001f74
14112841ns          231314 1c008c24 04010113 addi             x2, x2, 64           x2=10001f98  x2:10001f58
14112861ns          231315 1c008c26 00008067 jalr             x0, x1, 0            x1:1c008200
14112941ns          231319 1c008200 78d010ef jal              x1, 8076             x1=1c008204
14113518ns          231348 1c00a18c f14027f3 csrrs            x15, x0, 0xf14      x15=00000003
14113915ns          231368 1c00a190 01f00713 addi             x14, x0, 31         x14=0000001f
14113955ns          231370 1c00a192 ca5797b3 p.extractu       x15, x15, 5, 5      x15=00000000 x15:00000003
14113975ns          231371 1c00a196 00e78863 beq              x15, x14, 16        x15:00000000 x14:0000001f
14113995ns          231372 1c00a19a 002047b7 lui              x15, 0x204000       x15=00204000
14114433ns          231394 1c00a19e 20078793 addi             x15, x15, 512       x15=00204200 x15:00204000
14114472ns          231396 1c00a1a2 01c7e703 p.elw            x14, 28(x15)        x14=00010000 x15:00204200  PA:0020421c
14114671ns          231406 1c00a1a6 00008067 jalr             x0, x1, 0            x1:1c008204
14114989ns          231422 1c008204 5c090363 beq              x18, x0, 1478       x18:00000003
14115009ns          231423 1c008208 01847413 andi             x8, x8, 24           x8=00000000  x8:00000003
14115029ns          231424 1c00820a 783010ef jal              x1, 8066             x1=1c00820e
14115506ns          231448 1c00a18c f14027f3 csrrs            x15, x0, 0xf14      x15=00000003
14115526ns          231449 1c00a190 01f00713 addi             x14, x0, 31         x14=0000001f
14115546ns          231450 1c00a192 ca5797b3 p.extractu       x15, x15, 5, 5      x15=00000000 x15:00000003
14115566ns          231451 1c00a196 00e78863 beq              x15, x14, 16        x15:00000000 x14:0000001f
14115586ns          231452 1c00a19a 002047b7 lui              x15, 0x204000       x15=00204000
14115606ns          231453 1c00a19e 20078793 addi             x15, x15, 512       x15=00204200 x15:00204000
14115626ns          231454 1c00a1a2 01c7e703 p.elw            x14, 28(x15)        x14=00010000 x15:00204200  PA:0020421c
14121692ns          231759 1c00a1a6 00008067 jalr             x0, x1, 0            x1:1c00820e
14121751ns          231762 1c00820e 56041663 bne              x8, x0, 1388         x8:00000000
14121771ns          231763 1c008212 00491493 slli             x9, x18, 0x4         x9=00000030 x18:00000003
14121791ns          231764 1c008216 00748413 addi             x8, x9, 7            x8=00000037  x9:00000030
14121811ns          231765 1c00821a 00591713 slli             x14, x18, 0x5       x14=00000060 x18:00000003
14122328ns          231791 1c00821e 00141693 slli             x13, x8, 0x1        x13=0000006e  x8:00000037
14122348ns          231792 1c008222 00d12c23 sw               x13, 24(x2)         x13:0000006e  x2:10001f98  PA:10001fb0
14122368ns          231793 1c008224 00e12223 sw               x14, 4(x2)          x14:00000060  x2:10001f98  PA:10001f9c
14122388ns          231794 1c008226 00170593 addi             x11, x14, 1         x11=00000061 x14:00000060
14122408ns          231795 1c00822a 00168293 addi             x5, x13, 1           x5=0000006f x13:0000006e
14122945ns          231822 1c00822e 1c001737 lui              x14, 0x1c001000     x14=1c001000
14122984ns          231824 1c008232 00948693 addi             x13, x9, 9          x13=00000039  x9:00000030
14123004ns          231825 1c008236 8d070713 addi             x14, x14, -1840     x14=1c0008d0 x14:1c001000
14123024ns          231826 1c00823a 00148f93 addi             x31, x9, 1          x31=00000031  x9:00000030
14123362ns          231843 1c00823e 00269e13 slli             x28, x13, 0x2       x28=000000e4 x13:00000039
14123382ns          231844 1c008242 00ee0e33 add              x28, x28, x14       x28=1c0009b4 x28:000000e4 x14:1c0008d0
14123402ns          231845 1c008244 00248a93 addi             x21, x9, 2          x21=00000032  x9:00000030
14123422ns          231846 1c008248 00348f13 addi             x30, x9, 3          x30=00000033  x9:00000030
14123442ns          231847 1c00824c 00548993 addi             x19, x9, 5          x19=00000035  x9:00000030
14123979ns          231874 1c008250 00648793 addi             x15, x9, 6          x15=00000036  x9:00000030
14124019ns          231876 1c008254 002f9313 slli             x6, x31, 0x2         x6=000000c4 x31:00000031
14124038ns          231877 1c008258 002a9813 slli             x16, x21, 0x2       x16=000000c8 x21:00000032
14124058ns          231878 1c00825c 002f1b13 slli             x22, x30, 0x2       x22=000000cc x30:00000033
14124496ns          231900 1c008260 00299093 slli             x1, x19, 0x2         x1=000000d4 x19:00000035
14124536ns          231902 1c008264 00279393 slli             x7, x15, 0x2         x7=000000d8 x15:00000036
14124556ns          231903 1c008268 00e30333 add              x6, x6, x14          x6=1c000994  x6:000000c4 x14:1c0008d0
14124575ns          231904 1c00826a 00691893 slli             x17, x18, 0x6       x17=000000c0 x18:00000003
14124595ns          231905 1c00826e 01c006b3 add              x13, x0, x28        x13=1c0009b4 x28:1c0009b4
14125033ns          231927 1c008270 002a9a93 slli             x21, x21, 0x2       x21=000000c8 x21:00000032
14125053ns          231928 1c008272 00299993 slli             x19, x19, 0x2       x19=000000d4 x19:00000035
14125073ns          231929 1c008274 00279793 slli             x15, x15, 0x2       x15=000000d8 x15:00000036
14125092ns          231930 1c008276 00eb0b33 add              x22, x22, x14       x22=1c00099c x22:000000cc x14:1c0008d0
14125112ns          231931 1c008278 00235303 lhu              x6, 2(x6)            x6=00000fff  x6:1c000994  PA:1c000996
14125749ns          231963 1c00827c 0006d683 lhu              x13, 0(x13)         x13=0000077f x13:1c0009b4  PA:1c0009b4
14126147ns          231983 1c008280 00ea8ab3 add              x21, x21, x14       x21=1c000998 x21:000000c8 x14:1c0008d0
14126166ns          231984 1c008282 00e989b3 add              x19, x19, x14       x19=1c0009a4 x19:000000d4 x14:1c0008d0
14126186ns          231985 1c008284 00e787b3 add              x15, x15, x14       x15=1c0009a8 x15:000000d8 x14:1c0008d0
14126206ns          231986 1c008286 00e888b3 add              x17, x17, x14       x17=1c000990 x17:000000c0 x14:1c0008d0
14126226ns          231987 1c008288 002b5c83 lhu              x25, 2(x22)         x25=000004dc x22:1c00099c  PA:1c00099e
14126524ns          232002 1c00828c 000adc03 lhu              x24, 0(x21)         x24=00000f03 x21:1c000998  PA:1c000998
14127022ns          232027 1c008290 000b5f03 lhu              x30, 0(x22)         x30=00000393 x22:1c00099c  PA:1c00099c
14127360ns          232044 1c008294 0007da83 lhu              x21, 0(x15)         x21=00000004 x15:1c0009a8  PA:1c0009a8
14127777ns          232065 1c008298 0009db03 lhu              x22, 0(x19)         x22=0000009d x19:1c0009a4  PA:1c0009a4
14128195ns          232086 1c00829c 0008d883 lhu              x17, 0(x17)         x17=00000938 x17:1c000990  PA:1c000990
14128493ns          232101 1c0082a0 1c0019b7 lui              x19, 0x1c001000     x19=1c001000
14128513ns          232102 1c0082a4 000017b7 lui              x15, 0x1000         x15=00001000
14128533ns          232103 1c0082a6 fff78793 addi             x15, x15, -1        x15=00000fff x15:00001000
14128553ns          232104 1c0082a8 00448a13 addi             x20, x9, 4          x20=00000034  x9:00000030
14128573ns          232105 1c0082ac dd098993 addi             x19, x19, -560      x19=1c000dd0 x19:1c001000
14128613ns          232107 1c0082b0 00159593 slli             x11, x11, 0x1       x11=000000c2 x11:00000061
14128633ns          232108 1c0082b2 00129293 slli             x5, x5, 0x1          x5=000000de  x5:0000006f
14128652ns          232109 1c0082b4 00241b93 slli             x23, x8, 0x2        x23=000000dc  x8:00000037
14128672ns          232110 1c0082b8 00848613 addi             x12, x9, 8          x12=00000038  x9:00000030
14128692ns          232111 1c0082bc 00e585b3 add              x11, x11, x14       x11=1c000992 x11:000000c2 x14:1c0008d0
14128712ns          232112 1c0082be 00e080b3 add              x1, x1, x14          x1=1c0009a4  x1:000000d4 x14:1c0008d0
14128951ns          232124 1c0082c0 00e383b3 add              x7, x7, x14          x7=1c0009a8  x7:000000d8 x14:1c0008d0
14128971ns          232125 1c0082c2 00e282b3 add              x5, x5, x14          x5=1c0009ae  x5:000000de x14:1c0008d0
14128991ns          232126 1c0082c4 00d12a23 sw               x13, 20(x2)         x13:0000077f  x2:10001f98  PA:10001fac
14129010ns          232127 1c0082c6 002a1513 slli             x10, x20, 0x2       x10=000000d0 x20:00000034
14129030ns          232128 1c0082ca 0067f6b3 and              x13, x15, x6        x13=00000fff x15:00000fff  x6:00000fff
14129050ns          232129 1c0082ce 002a1a13 slli             x20, x20, 0x2       x20=000000d0 x20:00000034
14129567ns          232155 1c0082d0 0009a303 lw               x6, 0(x19)           x6=10004100 x19:1c000dd0  PA:1c000dd0
14130144ns          232184 1c0082d4 0005dd83 lhu              x27, 0(x11)         x27=00000c4b x11:1c000992  PA:1c000992
14130522ns          232203 1c0082d8 00ea0a33 add              x20, x20, x14       x20=1c0009a0 x20:000000d0 x14:1c0008d0
14130542ns          232204 1c0082da 0020d583 lhu              x11, 2(x1)          x11=0000090e  x1:1c0009a4  PA:1c0009a6
14130940ns          232224 1c0082de 0117f8b3 and              x17, x15, x17       x17=00000938 x15:00000fff x17:00000938
14130959ns          232225 1c0082e2 0023d083 lhu              x1, 2(x7)            x1=00000c9c  x7:1c0009a8  PA:1c0009aa
14131298ns          232242 1c0082e6 00261e93 slli             x29, x12, 0x2       x29=000000e0 x12:00000038
14131317ns          232243 1c0082ea 0002d383 lhu              x7, 0(x5)            x7=0000068d  x5:1c0009ae  PA:1c0009ae
14131775ns          232266 1c0082ee 00261613 slli             x12, x12, 0x2       x12=000000e0 x12:00000038
14131795ns          232267 1c0082f0 017702b3 add              x5, x14, x23         x5=1c0009ac x14:1c0008d0 x23:000000dc
14131815ns          232268 1c0082f4 01112423 sw               x17, 8(x2)          x17:00000938  x2:10001f98  PA:10001fa0
14131835ns          232269 1c0082f6 01712e23 sw               x23, 28(x2)         x23:000000dc  x2:10001f98  PA:10001fb4
14131854ns          232270 1c0082f8 00e60633 add              x12, x12, x14       x12=1c0009b0 x12:000000e0 x14:1c0008d0
14131874ns          232271 1c0082fa 000a5b83 lhu              x23, 0(x20)         x23=000007a5 x20:1c0009a0  PA:1c0009a0
14132212ns          232288 1c0082fe 0002da03 lhu              x20, 0(x5)          x20=00000927  x5:1c0009ac  PA:1c0009ac
14132590ns          232307 1c008302 01069293 slli             x5, x13, 0x10        x5=0fff0000 x13:00000fff
14132610ns          232308 1c008306 00591693 slli             x13, x18, 0x5       x13=00000060 x18:00000003
14132630ns          232309 1c00830a 002e5d03 lhu              x26, 2(x28)         x26=00000fa7 x28:1c0009b4  PA:1c0009b6
14132948ns          232325 1c00830e 002f9f93 slli             x31, x31, 0x2       x31=000000c4 x31:00000031
14132968ns          232326 1c008310 00065e03 lhu              x28, 0(x12)         x28=000005f9 x12:1c0009b0  PA:1c0009b0
14133485ns          232352 1c008314 00d30633 add              x12, x6, x13        x12=10004160  x6:10004100 x13:00000060
14133505ns          232353 1c008318 00812303 lw               x6, 8(x2)            x6=00000938  x2:10001f98  PA:10001fa0
14133525ns          232354 1c00831a 00ef8fb3 add              x31, x31, x14       x31=1c000994 x31:000000c4 x14:1c0008d0
14133545ns          232355 1c00831c 01b7fdb3 and              x27, x15, x27       x27=00000c4b x15:00000fff x27:00000c4b
14133565ns          232356 1c008320 00512623 sw               x5, 12(x2)           x5:0fff0000  x2:10001f98  PA:10001fa4
14133585ns          232357 1c008322 000fdf83 lhu              x31, 0(x31)         x31=0000047a x31:1c000994  PA:1c000994
14134002ns          232378 1c008326 010d9d93 slli             x27, x27, 0x10      x27=0c4b0000 x27:00000c4b
14134022ns          232379 1c008328 006dedb3 or               x27, x27, x6        x27=0c4b0938 x27:0c4b0000  x6:00000938
14134042ns          232380 1c00832c 00e80833 add              x16, x16, x14       x16=1c000998 x16:000000c8 x14:1c0008d0
14134062ns          232381 1c00832e 00c12303 lw               x6, 12(x2)           x6=0fff0000  x2:10001f98  PA:10001fa4
14134082ns          232382 1c008330 00285803 lhu              x16, 2(x16)         x16=000002de x16:1c000998  PA:1c00099a
14134380ns          232397 1c008334 0017f0b3 and              x1, x15, x1          x1=00000c9c x15:00000fff  x1:00000c9c
14134400ns          232398 1c008338 0077f3b3 and              x7, x15, x7          x7=0000068d x15:00000fff  x7:0000068d
14134420ns          232399 1c00833c 01c12823 sw               x28, 16(x2)         x28:000005f9  x2:10001f98  PA:10001fa8
14134440ns          232400 1c00833e 0157fab3 and              x21, x15, x21       x21=00000004 x15:00000fff x21:00000004
14134460ns          232401 1c008342 0147fa33 and              x20, x15, x20       x20=00000927 x15:00000fff x20:00000927
14134480ns          232402 1c008346 01f7ffb3 and              x31, x15, x31       x31=0000047a x15:00000fff x31:0000047a
14134500ns          232403 1c00834a 01009093 slli             x1, x1, 0x10         x1=0c9c0000  x1:00000c9c
14134519ns          232404 1c00834c 01039393 slli             x7, x7, 0x10         x7=068d0000  x7:0000068d
14135017ns          232429 1c00834e 01f36fb3 or               x31, x6, x31        x31=0fff047a  x6:0fff0000 x31:0000047a
14135036ns          232430 1c008352 00e50533 add              x10, x10, x14       x10=1c0009a0 x10:000000d0 x14:1c0008d0
14135056ns          232431 1c008354 0150e333 or               x6, x1, x21          x6=0c9c0004  x1:0c9c0000 x21:00000004
14135076ns          232432 1c008358 0143eab3 or               x21, x7, x20        x21=068d0927  x7:068d0000 x20:00000927
14135096ns          232433 1c00835c 01012a03 lw               x20, 16(x2)         x20=000005f9  x2:10001f98  PA:10001fa8
14135514ns          232454 1c00835e 00255503 lhu              x10, 2(x10)         x10=00000e18 x10:1c0009a0  PA:1c0009a2
14136011ns          232479 1c008362 0107f833 and              x16, x15, x16       x16=000002de x15:00000fff x16:000002de
14136031ns          232480 1c008366 0187fc33 and              x24, x15, x24       x24=00000f03 x15:00000fff x24:00000f03
14136051ns          232481 1c00836a 00ee8eb3 add              x29, x29, x14       x29=1c0009b0 x29:000000e0 x14:1c0008d0
14136071ns          232482 1c00836c 01081813 slli             x16, x16, 0x10      x16=02de0000 x16:000002de
14136389ns          232498 1c00836e 01886833 or               x16, x16, x24       x16=02de0f03 x16:02de0000 x24:00000f03
14136409ns          232499 1c008372 01512423 sw               x21, 8(x2)          x21:068d0927  x2:10001f98  PA:10001fa0
14136429ns          232500 1c008374 0147fc33 and              x24, x15, x20       x24=000005f9 x15:00000fff x20:000005f9
14136449ns          232501 1c008378 002ede83 lhu              x29, 2(x29)         x29=0000005c x29:1c0009b0  PA:1c0009b2
14136866ns          232522 1c00837c 01412a03 lw               x20, 20(x2)         x20=0000077f  x2:10001f98  PA:10001fac
14136886ns          232523 1c00837e 00c48893 addi             x17, x9, 12         x17=0000003c  x9:00000030
14136906ns          232524 1c008382 00f57533 and              x10, x10, x15       x10=00000e18 x10:00000e18 x15:00000fff
14136926ns          232525 1c008384 00f5f5b3 and              x11, x11, x15       x11=0000090e x11:0000090e x15:00000fff
14136946ns          232526 1c008386 0177fbb3 and              x23, x15, x23       x23=000007a5 x15:00000fff x23:000007a5
14136966ns          232527 1c00838a 0167fb33 and              x22, x15, x22       x22=0000009d x15:00000fff x22:0000009d
14136986ns          232528 1c00838e 01112623 sw               x17, 12(x2)         x17:0000003c  x2:10001f98  PA:10001fa4
14137324ns          232545 1c008390 00289a93 slli             x21, x17, 0x2       x21=000000f0 x17:0000003c
14137363ns          232547 1c008394 01051513 slli             x10, x10, 0x10      x10=0e180000 x10:00000e18
14137383ns          232548 1c008396 00d48893 addi             x17, x9, 13         x17=0000003d  x9:00000030
14137403ns          232549 1c00839a 01059593 slli             x11, x11, 0x10      x11=090e0000 x11:0000090e
14137423ns          232550 1c00839c 01756533 or               x10, x10, x23       x10=0e1807a5 x10:0e180000 x23:000007a5
14137841ns          232571 1c0083a0 0165e5b3 or               x11, x11, x22       x11=090e009d x11:090e0000 x22:0000009d
14137880ns          232573 1c0083a4 0147fbb3 and              x23, x15, x20       x23=0000077f x15:00000fff x20:0000077f
14137900ns          232574 1c0083a8 00289a13 slli             x20, x17, 0x2       x20=000000f4 x17:0000003d
14137920ns          232575 1c0083ac 00e48893 addi             x17, x9, 14         x17=0000003e  x9:00000030
14138457ns          232602 1c0083b0 00b62a23 sw               x11, 20(x12)        x11:090e009d x12:10004160  PA:10004174
14138497ns          232604 1c0083b2 0197fcb3 and              x25, x15, x25       x25=000004dc x15:00000fff x25:000004dc
14138517ns          232605 1c0083b6 00812583 lw               x11, 8(x2)          x11=068d0927  x2:10001f98  PA:10001fa0
14138537ns          232606 1c0083b8 00289093 slli             x1, x17, 0x2         x1=000000f8 x17:0000003e
14138557ns          232607 1c0083bc 0009a883 lw               x17, 0(x19)         x17=10004100 x19:1c000dd0  PA:1c000dd0
14139014ns          232630 1c0083c0 00a48e13 addi             x28, x9, 10         x28=0000003a  x9:00000030
14139034ns          232631 1c0083c4 00f48293 addi             x5, x9, 15           x5=0000003f  x9:00000030
14139054ns          232632 1c0083c8 00b48393 addi             x7, x9, 11           x7=0000003b  x9:00000030
14139074ns          232633 1c0083cc 010c9c93 slli             x25, x25, 0x10      x25=04dc0000 x25:000004dc
14139511ns          232655 1c0083ce 01e7ff33 and              x30, x15, x30       x30=00000393 x15:00000fff x30:00000393
14139551ns          232657 1c0083d2 01d7feb3 and              x29, x15, x29       x29=0000005c x15:00000fff x29:0000005c
14139571ns          232658 1c0083d6 01ecef33 or               x30, x25, x30       x30=04dc0393 x25:04dc0000 x30:00000393
14139591ns          232659 1c0083da 01a7fd33 and              x26, x15, x26       x26=00000fa7 x15:00000fff x26:00000fa7
14140008ns          232680 1c0083de 002e1c93 slli             x25, x28, 0x2       x25=000000e8 x28:0000003a
14140048ns          232682 1c0083e2 00239b13 slli             x22, x7, 0x2        x22=000000ec  x7:0000003b
14140068ns          232683 1c0083e6 10068693 addi             x13, x13, 256       x13=00000160 x13:00000060
14140088ns          232684 1c0083ea 00229393 slli             x7, x5, 0x2          x7=000000fc  x5:0000003f
14140108ns          232685 1c0083ee 010e9e93 slli             x29, x29, 0x10      x29=005c0000 x29:0000005c
14140545ns          232707 1c0083f0 011686b3 add              x13, x13, x17       x13=10004260 x13:00000160 x17:10004100
14140585ns          232709 1c0083f2 01b62023 sw               x27, 0(x12)         x27:0c4b0938 x12:10004160  PA:10004160
14140605ns          232710 1c0083f6 01f62223 sw               x31, 4(x12)         x31:0fff047a x12:10004160  PA:10004164
14140625ns          232711 1c0083fa 01062423 sw               x16, 8(x12)         x16:02de0f03 x12:10004160  PA:10004168
14140963ns          232728 1c0083fe 01e62623 sw               x30, 12(x12)        x30:04dc0393 x12:10004160  PA:1000416c
14140983ns          232729 1c008402 00a62823 sw               x10, 16(x12)        x10:0e1807a5 x12:10004160  PA:10004170
14141003ns          232730 1c008404 00662c23 sw               x6, 24(x12)          x6:0c9c0004 x12:10004160  PA:10004178
14141023ns          232731 1c008408 00b62e23 sw               x11, 28(x12)        x11:068d0927 x12:10004160  PA:1000417c
14141043ns          232732 1c00840a 00ec8cb3 add              x25, x25, x14       x25=1c0009b8 x25:000000e8 x14:1c0008d0
14141063ns          232733 1c00840c 00eb0b33 add              x22, x22, x14       x22=1c0009bc x22:000000ec x14:1c0008d0
14141082ns          232734 1c00840e 00ea8ab3 add              x21, x21, x14       x21=1c0009c0 x21:000000f0 x14:1c0008d0
14141480ns          232754 1c008410 00ea0a33 add              x20, x20, x14       x20=1c0009c4 x20:000000f4 x14:1c0008d0
14141500ns          232755 1c008412 00e080b3 add              x1, x1, x14          x1=1c0009c8  x1:000000f8 x14:1c0008d0
14141520ns          232756 1c008414 018eeeb3 or               x29, x29, x24       x29=005c05f9 x29:005c0000 x24:000005f9
14141540ns          232757 1c008418 00e383b3 add              x7, x7, x14          x7=1c0009cc  x7:000000fc x14:1c0008d0
14141560ns          232758 1c00841a 010d1d13 slli             x26, x26, 0x10      x26=0fa70000 x26:00000fa7
14141580ns          232759 1c00841c 002cdf83 lhu              x31, 2(x25)         x31=000000e2 x25:1c0009b8  PA:1c0009ba
14142037ns          232782 1c008420 002a5f03 lhu              x30, 2(x20)         x30=00000365 x20:1c0009c4  PA:1c0009c6
14142534ns          232807 1c008424 002b5803 lhu              x16, 2(x22)         x16=000000b1 x22:1c0009bc  PA:1c0009be
14142952ns          232828 1c008428 002ad503 lhu              x10, 2(x21)         x10=0000042c x21:1c0009c0  PA:1c0009c2
14143350ns          232848 1c00842c 0020d603 lhu              x12, 2(x1)          x12=000001ea  x1:1c0009c8  PA:1c0009ca
14143867ns          232874 1c008430 017d6bb3 or               x23, x26, x23       x23=0fa7077f x26:0fa70000 x23:0000077f
14143887ns          232875 1c008434 01d6a023 sw               x29, 0(x13)         x29:005c05f9 x13:10004260  PA:10004260
14143907ns          232876 1c008438 001008b3 add              x17, x0, x1         x17=1c0009c8  x1:1c0009c8
14143926ns          232877 1c00843a 0023de83 lhu              x29, 2(x7)          x29=00000ed1  x7:1c0009cc  PA:1c0009ce
14144284ns          232895 1c00843e 00700733 add              x14, x0, x7         x14=1c0009cc  x7:1c0009cc
14144304ns          232896 1c008440 00075283 lhu              x5, 0(x14)           x5=00000e70 x14:1c0009cc  PA:1c0009cc
14144762ns          232919 1c008444 000b5083 lhu              x1, 0(x22)           x1=0000007e x22:1c0009bc  PA:1c0009bc
14145060ns          232934 1c008448 000ad383 lhu              x7, 0(x21)           x7=00000bb9 x21:1c0009c0  PA:1c0009c0
14145458ns          232954 1c00844c 000a5e03 lhu              x28, 0(x20)         x28=0000082e x20:1c0009c4  PA:1c0009c4
14145935ns          232978 1c008450 0008d303 lhu              x6, 0(x17)           x6=00000ee3 x17:1c0009c8  PA:1c0009c8
14146233ns          232993 1c008454 0176a223 sw               x23, 4(x13)         x23:0fa7077f x13:10004260  PA:10004264
14146253ns          232994 1c008458 000cdb83 lhu              x23, 0(x25)         x23=000005e8 x25:1c0009b8  PA:1c0009b8
14146611ns          233012 1c00845c 01f7f8b3 and              x17, x15, x31       x17=000000e2 x15:00000fff x31:000000e2
14146631ns          233013 1c008460 01e7f5b3 and              x11, x15, x30       x11=00000365 x15:00000fff x30:00000365
14146651ns          233014 1c008464 01d7f733 and              x14, x15, x29       x14=00000ed1 x15:00000fff x29:00000ed1
14146671ns          233015 1c008468 0107f833 and              x16, x15, x16       x16=000000b1 x15:00000fff x16:000000b1
14146691ns          233016 1c00846c 00f57533 and              x10, x10, x15       x10=0000042c x10:0000042c x15:00000fff
14146711ns          233017 1c00846e 00f67633 and              x12, x12, x15       x12=000001ea x12:000001ea x15:00000fff
14147228ns          233043 1c008470 0017f0b3 and              x1, x15, x1          x1=0000007e x15:00000fff  x1:0000007e
14147268ns          233045 1c008474 0077f3b3 and              x7, x15, x7          x7=00000bb9 x15:00000fff  x7:00000bb9
14147287ns          233046 1c008478 01c7fe33 and              x28, x15, x28       x28=0000082e x15:00000fff x28:0000082e
14147307ns          233047 1c00847c 0067f333 and              x6, x15, x6          x6=00000ee3 x15:00000fff  x6:00000ee3
14147645ns          233064 1c008480 0177fbb3 and              x23, x15, x23       x23=000005e8 x15:00000fff x23:000005e8
14147685ns          233066 1c008484 01071713 slli             x14, x14, 0x10      x14=0ed10000 x14:00000ed1
14147705ns          233067 1c008486 0057f7b3 and              x15, x15, x5        x15=00000e70 x15:00000fff  x5:00000e70
14147725ns          233068 1c00848a 01089893 slli             x17, x17, 0x10      x17=00e20000 x17:000000e2
14147745ns          233069 1c00848c 01081813 slli             x16, x16, 0x10      x16=00b10000 x16:000000b1
14147765ns          233070 1c00848e 01051513 slli             x10, x10, 0x10      x10=042c0000 x10:0000042c
14148182ns          233091 1c008490 01059593 slli             x11, x11, 0x10      x11=03650000 x11:00000365
14148202ns          233092 1c008492 01061613 slli             x12, x12, 0x10      x12=01ea0000 x12:000001ea
14148222ns          233093 1c008494 00e7e7b3 or               x15, x15, x14       x15=0ed10e70 x15:00000e70 x14:0ed10000
14148242ns          233094 1c008496 0178e8b3 or               x17, x17, x23       x17=00e205e8 x17:00e20000 x23:000005e8
14148262ns          233095 1c00849a 00186833 or               x16, x16, x1        x16=00b1007e x16:00b10000  x1:0000007e
14148700ns          233117 1c00849e 00756533 or               x10, x10, x7        x10=042c0bb9 x10:042c0000  x7:00000bb9
14148739ns          233119 1c0084a2 01c5e5b3 or               x11, x11, x28       x11=0365082e x11:03650000 x28:0000082e
14148759ns          233120 1c0084a6 00666633 or               x12, x12, x6        x12=01ea0ee3 x12:01ea0000  x6:00000ee3
14148779ns          233121 1c0084aa 00f6ae23 sw               x15, 28(x13)        x15:0ed10e70 x13:10004260  PA:1000427c
14148799ns          233122 1c0084ac 0116a423 sw               x17, 8(x13)         x17:00e205e8 x13:10004260  PA:10004268
14149316ns          233148 1c0084b0 0106a623 sw               x16, 12(x13)        x16:00b1007e x13:10004260  PA:1000426c
14149356ns          233150 1c0084b4 00a6a823 sw               x10, 16(x13)        x10:042c0bb9 x13:10004260  PA:10004270
14149376ns          233151 1c0084b6 00b6aa23 sw               x11, 20(x13)        x11:0365082e x13:10004260  PA:10004274
14149396ns          233152 1c0084b8 00c6ac23 sw               x12, 24(x13)        x12:01ea0ee3 x13:10004260  PA:10004278
14149416ns          233153 1c0084ba 4d3010ef jal              x1, 7378             x1=1c0084be
14149813ns          233173 1c00a18c f14027f3 csrrs            x15, x0, 0xf14      x15=00000003
14149893ns          233177 1c00a190 01f00713 addi             x14, x0, 31         x14=0000001f
14149933ns          233179 1c00a192 ca5797b3 p.extractu       x15, x15, 5, 5      x15=00000000 x15:00000003
14149952ns          233180 1c00a196 00e78863 beq              x15, x14, 16        x15:00000000 x14:0000001f
14149972ns          233181 1c00a19a 002047b7 lui              x15, 0x204000       x15=00204000
14150032ns          233184 1c00a19e 20078793 addi             x15, x15, 512       x15=00204200 x15:00204000
14150072ns          233186 1c00a1a2 01c7e703 p.elw            x14, 28(x15)        x14=00010000 x15:00204200  PA:0020421c
14150291ns          233197 1c00a1a6 00008067 jalr             x0, x1, 0            x1:1c0084be
14150350ns          233200 1c0084be 002007b7 lui              x15, 0x200000       x15=00200000
14150370ns          233201 1c0084c2 0187a703 lw               x14, 24(x15)        x14=00000000 x15:00200000  PA:00200018
14150489ns          233207 1c0084c4 00204a37 lui              x20, 0x204000       x20=00204000
14150509ns          233208 1c0084c8 020a0a13 addi             x20, x20, 32        x20=00204020 x20:00204000
14150529ns          233209 1c0084cc c0b74733 p.bset           x14, x14, 0, 11     x14=00000800 x14:00000000
14150907ns          233228 1c0084d0 00e7ac23 sw               x14, 24(x15)        x14:00000800 x15:00200000  PA:00200018
14150987ns          233232 1c0084d2 0187a703 lw               x14, 24(x15)        x14=00000800 x15:00200000  PA:00200018
14151166ns          233241 1c0084d4 012a0a33 add              x20, x20, x18       x20=00204023 x20:00204020 x18:00000003
14151186ns          233242 1c0084d6 007a1a13 slli             x20, x20, 0x7       x20=10201180 x20:00204023
14151205ns          233243 1c0084d8 c0874733 p.bset           x14, x14, 0, 8      x14=00000900 x14:00000800
14151225ns          233244 1c0084dc 00e7ac23 sw               x14, 24(x15)        x14:00000900 x15:00200000  PA:00200018
14151325ns          233249 1c0084de 0187a703 lw               x14, 24(x15)        x14=00000900 x15:00200000  PA:00200018
14151504ns          233258 1c0084e0 ce073733 p.bclr           x14, x14, 7, 0      x14=00000900 x14:00000900
14151524ns          233259 1c0084e4 00e7ac23 sw               x14, 24(x15)        x14:00000900 x15:00200000  PA:00200018
14151643ns          233265 1c0084e6 0187a703 lw               x14, 24(x15)        x14=00000900 x15:00200000  PA:00200018
14151802ns          233273 1c0084e8 c0374733 p.bset           x14, x14, 0, 3      x14=00000908 x14:00000900
14151822ns          233274 1c0084ec 00e7ac23 sw               x14, 24(x15)        x14:00000908 x15:00200000  PA:00200018
14152041ns          233285 1c0084ee 000a2a23 sw               x0, 20(x20)         x20:10201180  PA:10201194
14152140ns          233290 1c0084f2 004a2783 lw               x15, 4(x20)         x15=00000000 x20:10201180  PA:10201184
14152319ns          233299 1c0084f6 004a0613 addi             x12, x20, 4         x12=10201184 x20:10201180
14152339ns          233300 1c0084fa 0007dc63 bge              x15, x0, 24         x15:00000000
14153115ns          233339 1c008512 1c000537 lui              x10, 0x1c000000     x10=1c000000
14153135ns          233340 1c008516 04450513 addi             x10, x10, 68        x10=1c000044 x10:1c000000
14153154ns          233341 1c00851a f14025f3 csrrs            x11, x0, 0xf14      x11=00000003
14153592ns          233363 1c00851e f455b5b3 p.bclr           x11, x11, 26, 5     x11=00000003 x11:00000003
14153612ns          233364 1c008522 6d8000ef jal              x1, 1752             x1=1c008524
14153691ns          233368 1c008bfa fc010113 addi             x2, x2, -64          x2=10001f58  x2:10001f98
14153731ns          233370 1c008bfc 02410313 addi             x6, x2, 36           x6=10001f7c  x2:10001f58
14153791ns          233373 1c008c00 02c12423 sw               x12, 40(x2)         x12:10201184  x2:10001f58  PA:10001f80
14153811ns          233374 1c008c02 00a00633 add              x12, x0, x10        x12=1c000044 x10:1c000044
14153831ns          233375 1c008c04 1c009537 lui              x10, 0x1c009000     x10=1c009000
14153851ns          233376 1c008c08 02b12223 sw               x11, 36(x2)         x11:00000003  x2:10001f58  PA:10001f7c
14153870ns          233377 1c008c0a 02d12623 sw               x13, 44(x2)         x13:10004260  x2:10001f58  PA:10001f84
14153890ns          233378 1c008c0c 00200593 addi             x11, x0, 2          x11=00000002
14153910ns          233379 1c008c0e 006006b3 add              x13, x0, x6         x13=10001f7c  x6:10001f7c
14153930ns          233380 1c008c10 bb650513 addi             x10, x10, -1098     x10=1c008bb6 x10:1c009000
14153970ns          233382 1c008c14 00112e23 sw               x1, 28(x2)           x1:1c008524  x2:10001f58  PA:10001f74
14153990ns          233383 1c008c16 02e12823 sw               x14, 48(x2)         x14:00000908  x2:10001f58  PA:10001f88
14154010ns          233384 1c008c18 02f12a23 sw               x15, 52(x2)         x15:00000000  x2:10001f58  PA:10001f8c
14154030ns          233385 1c008c1a 03012c23 sw               x16, 56(x2)         x16:00b1007e  x2:10001f58  PA:10001f90
14154049ns          233386 1c008c1c 03112e23 sw               x17, 60(x2)         x17:00e205e8  x2:10001f58  PA:10001f94
14154069ns          233387 1c008c1e 00612623 sw               x6, 12(x2)           x6:10001f7c  x2:10001f58  PA:10001f64
14154089ns          233388 1c008c20 fbfff0ef jal              x1, -66              x1=1c008c22
14154547ns          233411 1c008bde 04a0006f jal              x0, 74             
14154586ns          233413 1c008c28 ec010113 addi             x2, x2, -320         x2=10001e18  x2:10001f58
14154606ns          233414 1c008c2a 13312623 sw               x19, 300(x2)        x19:1c000dd0  x2:10001e18  PA:10001f44
14154666ns          233417 1c008c2e 12112e23 sw               x1, 316(x2)          x1:1c008c22  x2:10001e18  PA:10001f54
14154706ns          233419 1c008c32 12812c23 sw               x8, 312(x2)          x8:00000037  x2:10001e18  PA:10001f50
14154726ns          233420 1c008c36 12912a23 sw               x9, 308(x2)          x9:00000030  x2:10001e18  PA:10001f4c
14154745ns          233421 1c008c3a 13212823 sw               x18, 304(x2)        x18:00000003  x2:10001e18  PA:10001f48
14154805ns          233424 1c008c3e 13412423 sw               x20, 296(x2)        x20:10201180  x2:10001e18  PA:10001f40
14154845ns          233426 1c008c42 13512223 sw               x21, 292(x2)        x21:1c0009c0  x2:10001e18  PA:10001f3c
14154865ns          233427 1c008c46 13612023 sw               x22, 288(x2)        x22:1c0009bc  x2:10001e18  PA:10001f38
14154885ns          233428 1c008c4a 11712e23 sw               x23, 284(x2)        x23:000005e8  x2:10001e18  PA:10001f34
14154944ns          233431 1c008c4e 11812c23 sw               x24, 280(x2)        x24:000005f9  x2:10001e18  PA:10001f30
14154984ns          233433 1c008c52 11912a23 sw               x25, 276(x2)        x25:1c0009b8  x2:10001e18  PA:10001f2c
14155004ns          233434 1c008c56 11a12823 sw               x26, 272(x2)        x26:0fa70000  x2:10001e18  PA:10001f28
14155024ns          233435 1c008c5a 11b12623 sw               x27, 268(x2)        x27:0c4b0938  x2:10001e18  PA:10001f24
14155044ns          233436 1c008c5e 00c009b3 add              x19, x0, x12        x19=1c000044 x12:1c000044
14155461ns          233457 1c008c60 0019c78b p.lbu            x15, 1(x19!)        x15=00000045 x19=1c000045 x19:1c000044  PA:1c000044
14155780ns          233473 1c008c64 00d12c23 sw               x13, 24(x2)         x13:10001f7c  x2:10001e18  PA:10001e30
14155800ns          233474 1c008c66 6a0788e3 beq              x15, x0, 3760       x15:00000045
14155819ns          233475 1c008c6a 1c000737 lui              x14, 0x1c000000     x14=1c000000
14156018ns          233485 1c008c6e 0c472703 lw               x14, 196(x14)       x14=20202020 x14:1c000000  PA:1c0000c4
14156356ns          233502 1c008c72 03410d93 addi             x27, x2, 52         x27=10001e4c  x2:10001e18
14156376ns          233503 1c008c76 00a00cb3 add              x25, x0, x10        x25=1c008bb6 x10:1c008bb6
14156396ns          233504 1c008c78 02e12023 sw               x14, 32(x2)         x14:20202020  x2:10001e18  PA:10001e38
14156416ns          233505 1c008c7a 03610713 addi             x14, x2, 54         x14=10001e4e  x2:10001e18
14156456ns          233507 1c008c7e fff74713 xori             x14, x14, -1        x14=efffe1b1 x14:10001e4e
14156476ns          233508 1c008c82 02e12223 sw               x14, 36(x2)         x14:efffe1b1  x2:10001e18  PA:10001e3c
14156496ns          233509 1c008c84 fffdc713 xori             x14, x27, -1        x14=efffe1b3 x27:10001e4c
14156516ns          233510 1c008c88 00b004b3 add              x9, x0, x11          x9=00000002 x11:00000002
14156535ns          233511 1c008c8a 00000413 addi             x8, x0, 0            x8=00000000
14156555ns          233512 1c008c8c 1c000d37 lui              x26, 0x1c000000     x26=1c000000
14156595ns          233514 1c008c90 02e12423 sw               x14, 40(x2)         x14:efffe1b3  x2:10001e18  PA:10001e40
14156615ns          233515 1c008c92 01300a33 add              x20, x0, x19        x20=1c000045 x19:1c000045
14156635ns          233516 1c008c94 00f00533 add              x10, x0, x15        x10=00000045 x15:00000045
14156655ns          233517 1c008c96 02500793 addi             x15, x0, 37         x15=00000025
14156675ns          233518 1c008c9a 04f50763 beq              x10, x15, 78        x10:00000045 x15:00000025
14156695ns          233519 1c008c9e 009005b3 add              x11, x0, x9         x11=00000002  x9:00000002
14156734ns          233521 1c008ca0 000c80e7 jalr             x1, x25, 0           x1=1c008ca2 x25:1c008bb6
14156814ns          233525 1c008bb6 000026b7 lui              x13, 0x2000         x13=00002000
14156854ns          233527 1c008bb8 f8068693 addi             x13, x13, -128      x13=00001f80 x13:00002000
14156874ns          233528 1c008bbc f14027f3 csrrs            x15, x0, 0xf14      x15=00000003
14156933ns          233531 1c008bc0 00379713 slli             x14, x15, 0x3       x14=00000018 x15:00000003
14156973ns          233533 1c008bc4 00279793 slli             x15, x15, 0x2       x15=0000000c x15:00000003
14156993ns          233534 1c008bc6 00d7f7b3 and              x15, x15, x13       x15=00000000 x15:0000000c x13:00001f80
14157013ns          233535 1c008bc8 ee873733 p.bclr           x14, x14, 23, 8     x14=00000018 x14:00000018
14157033ns          233536 1c008bcc 1a10f6b7 lui              x13, 0x1a10f000     x13=1a10f000
14157072ns          233538 1c008bd0 00d70733 add              x14, x14, x13       x14=1a10f018 x14:00000018 x13:1a10f000
14157092ns          233539 1c008bd2 00e787b3 add              x15, x15, x14       x15=1a10f018 x15:00000000 x14:1a10f018
14157112ns          233540 1c008bd4 0ff57513 andi             x10, x10, 255       x10=00000045 x10:00000045
14157132ns          233541 1c008bd8 00a7a023 sw               x10, 0(x15)         x10:00000045 x15:1a10f018  PA:1a10f018
14157490ns          233559 1c008bda 00000513 addi             x10, x0, 0          x10=00000000
14157510ns          233560 1c008bdc 00008067 jalr             x0, x1, 0            x1:1c008ca2
14157649ns          233567 1c008ca2 4df52863 p.beqimm         x10, 1232           x10:00000000
14157669ns          233568 1c008ca6 00140413 addi             x8, x8, 1            x8=00000001  x8:00000000
14157689ns          233569 1c008ca8 001a450b p.lbu            x10, 1(x20!)        x10=0000006e x20=1c000046 x20:1c000045  PA:1c000045
14158007ns          233585 1c008cac fe0515e3 bne              x10, x0, -22        x10:0000006e
14158087ns          233589 1c008c96 02500793 addi             x15, x0, 37         x15=00000025
14158107ns          233590 1c008c9a 04f50763 beq              x10, x15, 78        x10:0000006e x15:00000025
14158126ns          233591 1c008c9e 009005b3 add              x11, x0, x9         x11=00000002  x9:00000002
14158146ns          233592 1c008ca0 000c80e7 jalr             x1, x25, 0           x1=1c008ca2 x25:1c008bb6
14158186ns          233594 1c008bb6 000026b7 lui              x13, 0x2000         x13=00002000
14158206ns          233595 1c008bb8 f8068693 addi             x13, x13, -128      x13=00001f80 x13:00002000
14158226ns          233596 1c008bbc f14027f3 csrrs            x15, x0, 0xf14      x15=00000003
14158246ns          233597 1c008bc0 00379713 slli             x14, x15, 0x3       x14=00000018 x15:00000003
14158266ns          233598 1c008bc4 00279793 slli             x15, x15, 0x2       x15=0000000c x15:00000003
14158286ns          233599 1c008bc6 00d7f7b3 and              x15, x15, x13       x15=00000000 x15:0000000c x13:00001f80
14158305ns          233600 1c008bc8 ee873733 p.bclr           x14, x14, 23, 8     x14=00000018 x14:00000018
14158325ns          233601 1c008bcc 1a10f6b7 lui              x13, 0x1a10f000     x13=1a10f000
14158345ns          233602 1c008bd0 00d70733 add              x14, x14, x13       x14=1a10f018 x14:00000018 x13:1a10f000
14158365ns          233603 1c008bd2 00e787b3 add              x15, x15, x14       x15=1a10f018 x15:00000000 x14:1a10f018
14158385ns          233604 1c008bd4 0ff57513 andi             x10, x10, 255       x10=0000006e x10:0000006e
14158405ns          233605 1c008bd8 00a7a023 sw               x10, 0(x15)         x10:0000006e x15:1a10f018  PA:1a10f018
14158783ns          233624 1c008bda 00000513 addi             x10, x0, 0          x10=00000000
14158803ns          233625 1c008bdc 00008067 jalr             x0, x1, 0            x1:1c008ca2
14158862ns          233628 1c008ca2 4df52863 p.beqimm         x10, 1232           x10:00000000
14158882ns          233629 1c008ca6 00140413 addi             x8, x8, 1            x8=00000002  x8:00000001
14158902ns          233630 1c008ca8 001a450b p.lbu            x10, 1(x20!)        x10=00000074 x20=1c000047 x20:1c000046  PA:1c000046
14159220ns          233646 1c008cac fe0515e3 bne              x10, x0, -22        x10:00000074
14159300ns          233650 1c008c96 02500793 addi             x15, x0, 37         x15=00000025
14159320ns          233651 1c008c9a 04f50763 beq              x10, x15, 78        x10:00000074 x15:00000025
14159340ns          233652 1c008c9e 009005b3 add              x11, x0, x9         x11=00000002  x9:00000002
14159360ns          233653 1c008ca0 000c80e7 jalr             x1, x25, 0           x1=1c008ca2 x25:1c008bb6
14159399ns          233655 1c008bb6 000026b7 lui              x13, 0x2000         x13=00002000
14159419ns          233656 1c008bb8 f8068693 addi             x13, x13, -128      x13=00001f80 x13:00002000
14159439ns          233657 1c008bbc f14027f3 csrrs            x15, x0, 0xf14      x15=00000003
14159459ns          233658 1c008bc0 00379713 slli             x14, x15, 0x3       x14=00000018 x15:00000003
14159479ns          233659 1c008bc4 00279793 slli             x15, x15, 0x2       x15=0000000c x15:00000003
14159499ns          233660 1c008bc6 00d7f7b3 and              x15, x15, x13       x15=00000000 x15:0000000c x13:00001f80
14159519ns          233661 1c008bc8 ee873733 p.bclr           x14, x14, 23, 8     x14=00000018 x14:00000018
14159538ns          233662 1c008bcc 1a10f6b7 lui              x13, 0x1a10f000     x13=1a10f000
14159558ns          233663 1c008bd0 00d70733 add              x14, x14, x13       x14=1a10f018 x14:00000018 x13:1a10f000
14159578ns          233664 1c008bd2 00e787b3 add              x15, x15, x14       x15=1a10f018 x15:00000000 x14:1a10f018
14159598ns          233665 1c008bd4 0ff57513 andi             x10, x10, 255       x10=00000074 x10:00000074
14159618ns          233666 1c008bd8 00a7a023 sw               x10, 0(x15)         x10:00000074 x15:1a10f018  PA:1a10f018
14159956ns          233683 1c008bda 00000513 addi             x10, x0, 0          x10=00000000
14159976ns          233684 1c008bdc 00008067 jalr             x0, x1, 0            x1:1c008ca2
14160036ns          233687 1c008ca2 4df52863 p.beqimm         x10, 1232           x10:00000000
14160056ns          233688 1c008ca6 00140413 addi             x8, x8, 1            x8=00000003  x8:00000002
14160075ns          233689 1c008ca8 001a450b p.lbu            x10, 1(x20!)        x10=00000065 x20=1c000048 x20:1c000047  PA:1c000047
14160394ns          233705 1c008cac fe0515e3 bne              x10, x0, -22        x10:00000065
14160473ns          233709 1c008c96 02500793 addi             x15, x0, 37         x15=00000025
14160493ns          233710 1c008c9a 04f50763 beq              x10, x15, 78        x10:00000065 x15:00000025
14160513ns          233711 1c008c9e 009005b3 add              x11, x0, x9         x11=00000002  x9:00000002
14160533ns          233712 1c008ca0 000c80e7 jalr             x1, x25, 0           x1=1c008ca2 x25:1c008bb6
14160573ns          233714 1c008bb6 000026b7 lui              x13, 0x2000         x13=00002000
14160593ns          233715 1c008bb8 f8068693 addi             x13, x13, -128      x13=00001f80 x13:00002000
14160612ns          233716 1c008bbc f14027f3 csrrs            x15, x0, 0xf14      x15=00000003
14160632ns          233717 1c008bc0 00379713 slli             x14, x15, 0x3       x14=00000018 x15:00000003
14160652ns          233718 1c008bc4 00279793 slli             x15, x15, 0x2       x15=0000000c x15:00000003
14160672ns          233719 1c008bc6 00d7f7b3 and              x15, x15, x13       x15=00000000 x15:0000000c x13:00001f80
14160692ns          233720 1c008bc8 ee873733 p.bclr           x14, x14, 23, 8     x14=00000018 x14:00000018
14160712ns          233721 1c008bcc 1a10f6b7 lui              x13, 0x1a10f000     x13=1a10f000
14160732ns          233722 1c008bd0 00d70733 add              x14, x14, x13       x14=1a10f018 x14:00000018 x13:1a10f000
14160752ns          233723 1c008bd2 00e787b3 add              x15, x15, x14       x15=1a10f018 x15:00000000 x14:1a10f018
14160772ns          233724 1c008bd4 0ff57513 andi             x10, x10, 255       x10=00000065 x10:00000065
14160791ns          233725 1c008bd8 00a7a023 sw               x10, 0(x15)         x10:00000065 x15:1a10f018  PA:1a10f018
14161110ns          233741 1c008bda 00000513 addi             x10, x0, 0          x10=00000000
14161130ns          233742 1c008bdc 00008067 jalr             x0, x1, 0            x1:1c008ca2
14161189ns          233745 1c008ca2 4df52863 p.beqimm         x10, 1232           x10:00000000
14161209ns          233746 1c008ca6 00140413 addi             x8, x8, 1            x8=00000004  x8:00000003
14161229ns          233747 1c008ca8 001a450b p.lbu            x10, 1(x20!)        x10=00000072 x20=1c000049 x20:1c000048  PA:1c000048
14161547ns          233763 1c008cac fe0515e3 bne              x10, x0, -22        x10:00000072
14161627ns          233767 1c008c96 02500793 addi             x15, x0, 37         x15=00000025
14161647ns          233768 1c008c9a 04f50763 beq              x10, x15, 78        x10:00000072 x15:00000025
14161667ns          233769 1c008c9e 009005b3 add              x11, x0, x9         x11=00000002  x9:00000002
14161686ns          233770 1c008ca0 000c80e7 jalr             x1, x25, 0           x1=1c008ca2 x25:1c008bb6
14161726ns          233772 1c008bb6 000026b7 lui              x13, 0x2000         x13=00002000
14161746ns          233773 1c008bb8 f8068693 addi             x13, x13, -128      x13=00001f80 x13:00002000
14161766ns          233774 1c008bbc f14027f3 csrrs            x15, x0, 0xf14      x15=00000003
14161786ns          233775 1c008bc0 00379713 slli             x14, x15, 0x3       x14=00000018 x15:00000003
14161806ns          233776 1c008bc4 00279793 slli             x15, x15, 0x2       x15=0000000c x15:00000003
14161826ns          233777 1c008bc6 00d7f7b3 and              x15, x15, x13       x15=00000000 x15:0000000c x13:00001f80
14161846ns          233778 1c008bc8 ee873733 p.bclr           x14, x14, 23, 8     x14=00000018 x14:00000018
14161865ns          233779 1c008bcc 1a10f6b7 lui              x13, 0x1a10f000     x13=1a10f000
14161885ns          233780 1c008bd0 00d70733 add              x14, x14, x13       x14=1a10f018 x14:00000018 x13:1a10f000
14161905ns          233781 1c008bd2 00e787b3 add              x15, x15, x14       x15=1a10f018 x15:00000000 x14:1a10f018
14161925ns          233782 1c008bd4 0ff57513 andi             x10, x10, 255       x10=00000072 x10:00000072
14161945ns          233783 1c008bd8 00a7a023 sw               x10, 0(x15)         x10:00000072 x15:1a10f018  PA:1a10f018
14162263ns          233799 1c008bda 00000513 addi             x10, x0, 0          x10=00000000
14162283ns          233800 1c008bdc 00008067 jalr             x0, x1, 0            x1:1c008ca2
14162343ns          233803 1c008ca2 4df52863 p.beqimm         x10, 1232           x10:00000000
14162363ns          233804 1c008ca6 00140413 addi             x8, x8, 1            x8=00000005  x8:00000004
14162382ns          233805 1c008ca8 001a450b p.lbu            x10, 1(x20!)        x10=00000065 x20=1c00004a x20:1c000049  PA:1c000049
14162721ns          233822 1c008cac fe0515e3 bne              x10, x0, -22        x10:00000065
14162800ns          233826 1c008c96 02500793 addi             x15, x0, 37         x15=00000025
14162820ns          233827 1c008c9a 04f50763 beq              x10, x15, 78        x10:00000065 x15:00000025
14162840ns          233828 1c008c9e 009005b3 add              x11, x0, x9         x11=00000002  x9:00000002
14162860ns          233829 1c008ca0 000c80e7 jalr             x1, x25, 0           x1=1c008ca2 x25:1c008bb6
14162900ns          233831 1c008bb6 000026b7 lui              x13, 0x2000         x13=00002000
14162919ns          233832 1c008bb8 f8068693 addi             x13, x13, -128      x13=00001f80 x13:00002000
14162939ns          233833 1c008bbc f14027f3 csrrs            x15, x0, 0xf14      x15=00000003
14162959ns          233834 1c008bc0 00379713 slli             x14, x15, 0x3       x14=00000018 x15:00000003
14162979ns          233835 1c008bc4 00279793 slli             x15, x15, 0x2       x15=0000000c x15:00000003
14162999ns          233836 1c008bc6 00d7f7b3 and              x15, x15, x13       x15=00000000 x15:0000000c x13:00001f80
14163019ns          233837 1c008bc8 ee873733 p.bclr           x14, x14, 23, 8     x14=00000018 x14:00000018
14163039ns          233838 1c008bcc 1a10f6b7 lui              x13, 0x1a10f000     x13=1a10f000
14163059ns          233839 1c008bd0 00d70733 add              x14, x14, x13       x14=1a10f018 x14:00000018 x13:1a10f000
14163079ns          233840 1c008bd2 00e787b3 add              x15, x15, x14       x15=1a10f018 x15:00000000 x14:1a10f018
14163098ns          233841 1c008bd4 0ff57513 andi             x10, x10, 255       x10=00000065 x10:00000065
14163118ns          233842 1c008bd8 00a7a023 sw               x10, 0(x15)         x10:00000065 x15:1a10f018  PA:1a10f018
14163437ns          233858 1c008bda 00000513 addi             x10, x0, 0          x10=00000000
14163456ns          233859 1c008bdc 00008067 jalr             x0, x1, 0            x1:1c008ca2
14163516ns          233862 1c008ca2 4df52863 p.beqimm         x10, 1232           x10:00000000
14163536ns          233863 1c008ca6 00140413 addi             x8, x8, 1            x8=00000006  x8:00000005
14163556ns          233864 1c008ca8 001a450b p.lbu            x10, 1(x20!)        x10=00000064 x20=1c00004b x20:1c00004a  PA:1c00004a
14163894ns          233881 1c008cac fe0515e3 bne              x10, x0, -22        x10:00000064
14163974ns          233885 1c008c96 02500793 addi             x15, x0, 37         x15=00000025
14163993ns          233886 1c008c9a 04f50763 beq              x10, x15, 78        x10:00000064 x15:00000025
14164013ns          233887 1c008c9e 009005b3 add              x11, x0, x9         x11=00000002  x9:00000002
14164033ns          233888 1c008ca0 000c80e7 jalr             x1, x25, 0           x1=1c008ca2 x25:1c008bb6
14164073ns          233890 1c008bb6 000026b7 lui              x13, 0x2000         x13=00002000
14164093ns          233891 1c008bb8 f8068693 addi             x13, x13, -128      x13=00001f80 x13:00002000
14164113ns          233892 1c008bbc f14027f3 csrrs            x15, x0, 0xf14      x15=00000003
14164133ns          233893 1c008bc0 00379713 slli             x14, x15, 0x3       x14=00000018 x15:00000003
14164153ns          233894 1c008bc4 00279793 slli             x15, x15, 0x2       x15=0000000c x15:00000003
14164172ns          233895 1c008bc6 00d7f7b3 and              x15, x15, x13       x15=00000000 x15:0000000c x13:00001f80
14164192ns          233896 1c008bc8 ee873733 p.bclr           x14, x14, 23, 8     x14=00000018 x14:00000018
14164212ns          233897 1c008bcc 1a10f6b7 lui              x13, 0x1a10f000     x13=1a10f000
14164232ns          233898 1c008bd0 00d70733 add              x14, x14, x13       x14=1a10f018 x14:00000018 x13:1a10f000
14164252ns          233899 1c008bd2 00e787b3 add              x15, x15, x14       x15=1a10f018 x15:00000000 x14:1a10f018
14164272ns          233900 1c008bd4 0ff57513 andi             x10, x10, 255       x10=00000064 x10:00000064
14164292ns          233901 1c008bd8 00a7a023 sw               x10, 0(x15)         x10:00000064 x15:1a10f018  PA:1a10f018
14164610ns          233917 1c008bda 00000513 addi             x10, x0, 0          x10=00000000
14164630ns          233918 1c008bdc 00008067 jalr             x0, x1, 0            x1:1c008ca2
14164689ns          233921 1c008ca2 4df52863 p.beqimm         x10, 1232           x10:00000000
14164709ns          233922 1c008ca6 00140413 addi             x8, x8, 1            x8=00000007  x8:00000006
14164729ns          233923 1c008ca8 001a450b p.lbu            x10, 1(x20!)        x10=00000020 x20=1c00004c x20:1c00004b  PA:1c00004b
14165047ns          233939 1c008cac fe0515e3 bne              x10, x0, -22        x10:00000020
14165127ns          233943 1c008c96 02500793 addi             x15, x0, 37         x15=00000025
14165147ns          233944 1c008c9a 04f50763 beq              x10, x15, 78        x10:00000020 x15:00000025
14165167ns          233945 1c008c9e 009005b3 add              x11, x0, x9         x11=00000002  x9:00000002
14165187ns          233946 1c008ca0 000c80e7 jalr             x1, x25, 0           x1=1c008ca2 x25:1c008bb6
14165226ns          233948 1c008bb6 000026b7 lui              x13, 0x2000         x13=00002000
14165246ns          233949 1c008bb8 f8068693 addi             x13, x13, -128      x13=00001f80 x13:00002000
14165266ns          233950 1c008bbc f14027f3 csrrs            x15, x0, 0xf14      x15=00000003
14165286ns          233951 1c008bc0 00379713 slli             x14, x15, 0x3       x14=00000018 x15:00000003
14165306ns          233952 1c008bc4 00279793 slli             x15, x15, 0x2       x15=0000000c x15:00000003
14165326ns          233953 1c008bc6 00d7f7b3 and              x15, x15, x13       x15=00000000 x15:0000000c x13:00001f80
14165346ns          233954 1c008bc8 ee873733 p.bclr           x14, x14, 23, 8     x14=00000018 x14:00000018
14165366ns          233955 1c008bcc 1a10f6b7 lui              x13, 0x1a10f000     x13=1a10f000
14165386ns          233956 1c008bd0 00d70733 add              x14, x14, x13       x14=1a10f018 x14:00000018 x13:1a10f000
14165405ns          233957 1c008bd2 00e787b3 add              x15, x15, x14       x15=1a10f018 x15:00000000 x14:1a10f018
14165425ns          233958 1c008bd4 0ff57513 andi             x10, x10, 255       x10=00000020 x10:00000020
14165445ns          233959 1c008bd8 00a7a023 sw               x10, 0(x15)         x10:00000020 x15:1a10f018  PA:1a10f018
14165763ns          233975 1c008bda 00000513 addi             x10, x0, 0          x10=00000000
14165783ns          233976 1c008bdc 00008067 jalr             x0, x1, 0            x1:1c008ca2
14165843ns          233979 1c008ca2 4df52863 p.beqimm         x10, 1232           x10:00000000
14165863ns          233980 1c008ca6 00140413 addi             x8, x8, 1            x8=00000008  x8:00000007
14165883ns          233981 1c008ca8 001a450b p.lbu            x10, 1(x20!)        x10=00000063 x20=1c00004d x20:1c00004c  PA:1c00004c
14166201ns          233997 1c008cac fe0515e3 bne              x10, x0, -22        x10:00000063
14166281ns          234001 1c008c96 02500793 addi             x15, x0, 37         x15=00000025
14166300ns          234002 1c008c9a 04f50763 beq              x10, x15, 78        x10:00000063 x15:00000025
14166320ns          234003 1c008c9e 009005b3 add              x11, x0, x9         x11=00000002  x9:00000002
14166340ns          234004 1c008ca0 000c80e7 jalr             x1, x25, 0           x1=1c008ca2 x25:1c008bb6
14166380ns          234006 1c008bb6 000026b7 lui              x13, 0x2000         x13=00002000
14166400ns          234007 1c008bb8 f8068693 addi             x13, x13, -128      x13=00001f80 x13:00002000
14166420ns          234008 1c008bbc f14027f3 csrrs            x15, x0, 0xf14      x15=00000003
14166440ns          234009 1c008bc0 00379713 slli             x14, x15, 0x3       x14=00000018 x15:00000003
14166460ns          234010 1c008bc4 00279793 slli             x15, x15, 0x2       x15=0000000c x15:00000003
14166479ns          234011 1c008bc6 00d7f7b3 and              x15, x15, x13       x15=00000000 x15:0000000c x13:00001f80
14166499ns          234012 1c008bc8 ee873733 p.bclr           x14, x14, 23, 8     x14=00000018 x14:00000018
14166519ns          234013 1c008bcc 1a10f6b7 lui              x13, 0x1a10f000     x13=1a10f000
14166539ns          234014 1c008bd0 00d70733 add              x14, x14, x13       x14=1a10f018 x14:00000018 x13:1a10f000
14166559ns          234015 1c008bd2 00e787b3 add              x15, x15, x14       x15=1a10f018 x15:00000000 x14:1a10f018
14166579ns          234016 1c008bd4 0ff57513 andi             x10, x10, 255       x10=00000063 x10:00000063
14166599ns          234017 1c008bd8 00a7a023 sw               x10, 0(x15)         x10:00000063 x15:1a10f018  PA:1a10f018
14166917ns          234033 1c008bda 00000513 addi             x10, x0, 0          x10=00000000
14166937ns          234034 1c008bdc 00008067 jalr             x0, x1, 0            x1:1c008ca2
14166996ns          234037 1c008ca2 4df52863 p.beqimm         x10, 1232           x10:00000000
14167016ns          234038 1c008ca6 00140413 addi             x8, x8, 1            x8=00000009  x8:00000008
14167036ns          234039 1c008ca8 001a450b p.lbu            x10, 1(x20!)        x10=0000006f x20=1c00004e x20:1c00004d  PA:1c00004d
14167354ns          234055 1c008cac fe0515e3 bne              x10, x0, -22        x10:0000006f
14167434ns          234059 1c008c96 02500793 addi             x15, x0, 37         x15=00000025
14167454ns          234060 1c008c9a 04f50763 beq              x10, x15, 78        x10:0000006f x15:00000025
14167474ns          234061 1c008c9e 009005b3 add              x11, x0, x9         x11=00000002  x9:00000002
14167494ns          234062 1c008ca0 000c80e7 jalr             x1, x25, 0           x1=1c008ca2 x25:1c008bb6
14167533ns          234064 1c008bb6 000026b7 lui              x13, 0x2000         x13=00002000
14167553ns          234065 1c008bb8 f8068693 addi             x13, x13, -128      x13=00001f80 x13:00002000
14167573ns          234066 1c008bbc f14027f3 csrrs            x15, x0, 0xf14      x15=00000003
14167593ns          234067 1c008bc0 00379713 slli             x14, x15, 0x3       x14=00000018 x15:00000003
14167613ns          234068 1c008bc4 00279793 slli             x15, x15, 0x2       x15=0000000c x15:00000003
14167633ns          234069 1c008bc6 00d7f7b3 and              x15, x15, x13       x15=00000000 x15:0000000c x13:00001f80
14167653ns          234070 1c008bc8 ee873733 p.bclr           x14, x14, 23, 8     x14=00000018 x14:00000018
14167673ns          234071 1c008bcc 1a10f6b7 lui              x13, 0x1a10f000     x13=1a10f000
14167693ns          234072 1c008bd0 00d70733 add              x14, x14, x13       x14=1a10f018 x14:00000018 x13:1a10f000
14167712ns          234073 1c008bd2 00e787b3 add              x15, x15, x14       x15=1a10f018 x15:00000000 x14:1a10f018
14167732ns          234074 1c008bd4 0ff57513 andi             x10, x10, 255       x10=0000006f x10:0000006f
14167752ns          234075 1c008bd8 00a7a023 sw               x10, 0(x15)         x10:0000006f x15:1a10f018  PA:1a10f018
14168070ns          234091 1c008bda 00000513 addi             x10, x0, 0          x10=00000000
14168090ns          234092 1c008bdc 00008067 jalr             x0, x1, 0            x1:1c008ca2
14168150ns          234095 1c008ca2 4df52863 p.beqimm         x10, 1232           x10:00000000
14168170ns          234096 1c008ca6 00140413 addi             x8, x8, 1            x8=0000000a  x8:00000009
14168190ns          234097 1c008ca8 001a450b p.lbu            x10, 1(x20!)        x10=00000072 x20=1c00004f x20:1c00004e  PA:1c00004e
14168508ns          234113 1c008cac fe0515e3 bne              x10, x0, -22        x10:00000072
14168588ns          234117 1c008c96 02500793 addi             x15, x0, 37         x15=00000025
14168607ns          234118 1c008c9a 04f50763 beq              x10, x15, 78        x10:00000072 x15:00000025
14168627ns          234119 1c008c9e 009005b3 add              x11, x0, x9         x11=00000002  x9:00000002
14168647ns          234120 1c008ca0 000c80e7 jalr             x1, x25, 0           x1=1c008ca2 x25:1c008bb6
14168687ns          234122 1c008bb6 000026b7 lui              x13, 0x2000         x13=00002000
14168707ns          234123 1c008bb8 f8068693 addi             x13, x13, -128      x13=00001f80 x13:00002000
14168727ns          234124 1c008bbc f14027f3 csrrs            x15, x0, 0xf14      x15=00000003
14168747ns          234125 1c008bc0 00379713 slli             x14, x15, 0x3       x14=00000018 x15:00000003
14168767ns          234126 1c008bc4 00279793 slli             x15, x15, 0x2       x15=0000000c x15:00000003
14168786ns          234127 1c008bc6 00d7f7b3 and              x15, x15, x13       x15=00000000 x15:0000000c x13:00001f80
14168806ns          234128 1c008bc8 ee873733 p.bclr           x14, x14, 23, 8     x14=00000018 x14:00000018
14168826ns          234129 1c008bcc 1a10f6b7 lui              x13, 0x1a10f000     x13=1a10f000
14168846ns          234130 1c008bd0 00d70733 add              x14, x14, x13       x14=1a10f018 x14:00000018 x13:1a10f000
14168866ns          234131 1c008bd2 00e787b3 add              x15, x15, x14       x15=1a10f018 x15:00000000 x14:1a10f018
14168886ns          234132 1c008bd4 0ff57513 andi             x10, x10, 255       x10=00000072 x10:00000072
14168906ns          234133 1c008bd8 00a7a023 sw               x10, 0(x15)         x10:00000072 x15:1a10f018  PA:1a10f018
14169244ns          234150 1c008bda 00000513 addi             x10, x0, 0          x10=00000000
14169264ns          234151 1c008bdc 00008067 jalr             x0, x1, 0            x1:1c008ca2
14169323ns          234154 1c008ca2 4df52863 p.beqimm         x10, 1232           x10:00000000
14169343ns          234155 1c008ca6 00140413 addi             x8, x8, 1            x8=0000000b  x8:0000000a
14169363ns          234156 1c008ca8 001a450b p.lbu            x10, 1(x20!)        x10=00000065 x20=1c000050 x20:1c00004f  PA:1c00004f
14169681ns          234172 1c008cac fe0515e3 bne              x10, x0, -22        x10:00000065
14169761ns          234176 1c008c96 02500793 addi             x15, x0, 37         x15=00000025
14169781ns          234177 1c008c9a 04f50763 beq              x10, x15, 78        x10:00000065 x15:00000025
14169801ns          234178 1c008c9e 009005b3 add              x11, x0, x9         x11=00000002  x9:00000002
14169821ns          234179 1c008ca0 000c80e7 jalr             x1, x25, 0           x1=1c008ca2 x25:1c008bb6
14169860ns          234181 1c008bb6 000026b7 lui              x13, 0x2000         x13=00002000
14169880ns          234182 1c008bb8 f8068693 addi             x13, x13, -128      x13=00001f80 x13:00002000
14169900ns          234183 1c008bbc f14027f3 csrrs            x15, x0, 0xf14      x15=00000003
14169920ns          234184 1c008bc0 00379713 slli             x14, x15, 0x3       x14=00000018 x15:00000003
14169940ns          234185 1c008bc4 00279793 slli             x15, x15, 0x2       x15=0000000c x15:00000003
14169960ns          234186 1c008bc6 00d7f7b3 and              x15, x15, x13       x15=00000000 x15:0000000c x13:00001f80
14169980ns          234187 1c008bc8 ee873733 p.bclr           x14, x14, 23, 8     x14=00000018 x14:00000018
14170000ns          234188 1c008bcc 1a10f6b7 lui              x13, 0x1a10f000     x13=1a10f000
14170019ns          234189 1c008bd0 00d70733 add              x14, x14, x13       x14=1a10f018 x14:00000018 x13:1a10f000
14170039ns          234190 1c008bd2 00e787b3 add              x15, x15, x14       x15=1a10f018 x15:00000000 x14:1a10f018
14170059ns          234191 1c008bd4 0ff57513 andi             x10, x10, 255       x10=00000065 x10:00000065
14170079ns          234192 1c008bd8 00a7a023 sw               x10, 0(x15)         x10:00000065 x15:1a10f018  PA:1a10f018
14170397ns          234208 1c008bda 00000513 addi             x10, x0, 0          x10=00000000
14170417ns          234209 1c008bdc 00008067 jalr             x0, x1, 0            x1:1c008ca2
14170477ns          234212 1c008ca2 4df52863 p.beqimm         x10, 1232           x10:00000000
14170497ns          234213 1c008ca6 00140413 addi             x8, x8, 1            x8=0000000c  x8:0000000b
14170517ns          234214 1c008ca8 001a450b p.lbu            x10, 1(x20!)        x10=00000020 x20=1c000051 x20:1c000050  PA:1c000050
14170835ns          234230 1c008cac fe0515e3 bne              x10, x0, -22        x10:00000020
14170914ns          234234 1c008c96 02500793 addi             x15, x0, 37         x15=00000025
14170934ns          234235 1c008c9a 04f50763 beq              x10, x15, 78        x10:00000020 x15:00000025
14170954ns          234236 1c008c9e 009005b3 add              x11, x0, x9         x11=00000002  x9:00000002
14170974ns          234237 1c008ca0 000c80e7 jalr             x1, x25, 0           x1=1c008ca2 x25:1c008bb6
14171014ns          234239 1c008bb6 000026b7 lui              x13, 0x2000         x13=00002000
14171034ns          234240 1c008bb8 f8068693 addi             x13, x13, -128      x13=00001f80 x13:00002000
14171054ns          234241 1c008bbc f14027f3 csrrs            x15, x0, 0xf14      x15=00000003
14171074ns          234242 1c008bc0 00379713 slli             x14, x15, 0x3       x14=00000018 x15:00000003
14171093ns          234243 1c008bc4 00279793 slli             x15, x15, 0x2       x15=0000000c x15:00000003
14171113ns          234244 1c008bc6 00d7f7b3 and              x15, x15, x13       x15=00000000 x15:0000000c x13:00001f80
14171133ns          234245 1c008bc8 ee873733 p.bclr           x14, x14, 23, 8     x14=00000018 x14:00000018
14171153ns          234246 1c008bcc 1a10f6b7 lui              x13, 0x1a10f000     x13=1a10f000
14171173ns          234247 1c008bd0 00d70733 add              x14, x14, x13       x14=1a10f018 x14:00000018 x13:1a10f000
14171193ns          234248 1c008bd2 00e787b3 add              x15, x15, x14       x15=1a10f018 x15:00000000 x14:1a10f018
14171213ns          234249 1c008bd4 0ff57513 andi             x10, x10, 255       x10=00000020 x10:00000020
14171233ns          234250 1c008bd8 00a7a023 sw               x10, 0(x15)         x10:00000020 x15:1a10f018  PA:1a10f018
14171571ns          234267 1c008bda 00000513 addi             x10, x0, 0          x10=00000000
14171591ns          234268 1c008bdc 00008067 jalr             x0, x1, 0            x1:1c008ca2
14171650ns          234271 1c008ca2 4df52863 p.beqimm         x10, 1232           x10:00000000
14171670ns          234272 1c008ca6 00140413 addi             x8, x8, 1            x8=0000000d  x8:0000000c
14171690ns          234273 1c008ca8 001a450b p.lbu            x10, 1(x20!)        x10=00000020 x20=1c000052 x20:1c000051  PA:1c000051
14172008ns          234289 1c008cac fe0515e3 bne              x10, x0, -22        x10:00000020
14172088ns          234293 1c008c96 02500793 addi             x15, x0, 37         x15=00000025
14172108ns          234294 1c008c9a 04f50763 beq              x10, x15, 78        x10:00000020 x15:00000025
14172128ns          234295 1c008c9e 009005b3 add              x11, x0, x9         x11=00000002  x9:00000002
14172147ns          234296 1c008ca0 000c80e7 jalr             x1, x25, 0           x1=1c008ca2 x25:1c008bb6
14172187ns          234298 1c008bb6 000026b7 lui              x13, 0x2000         x13=00002000
14172207ns          234299 1c008bb8 f8068693 addi             x13, x13, -128      x13=00001f80 x13:00002000
14172227ns          234300 1c008bbc f14027f3 csrrs            x15, x0, 0xf14      x15=00000003
14172247ns          234301 1c008bc0 00379713 slli             x14, x15, 0x3       x14=00000018 x15:00000003
14172267ns          234302 1c008bc4 00279793 slli             x15, x15, 0x2       x15=0000000c x15:00000003
14172287ns          234303 1c008bc6 00d7f7b3 and              x15, x15, x13       x15=00000000 x15:0000000c x13:00001f80
14172307ns          234304 1c008bc8 ee873733 p.bclr           x14, x14, 23, 8     x14=00000018 x14:00000018
14172326ns          234305 1c008bcc 1a10f6b7 lui              x13, 0x1a10f000     x13=1a10f000
14172346ns          234306 1c008bd0 00d70733 add              x14, x14, x13       x14=1a10f018 x14:00000018 x13:1a10f000
14172366ns          234307 1c008bd2 00e787b3 add              x15, x15, x14       x15=1a10f018 x15:00000000 x14:1a10f018
14172386ns          234308 1c008bd4 0ff57513 andi             x10, x10, 255       x10=00000020 x10:00000020
14172406ns          234309 1c008bd8 00a7a023 sw               x10, 0(x15)         x10:00000020 x15:1a10f018  PA:1a10f018
14172744ns          234326 1c008bda 00000513 addi             x10, x0, 0          x10=00000000
14172764ns          234327 1c008bdc 00008067 jalr             x0, x1, 0            x1:1c008ca2
14172824ns          234330 1c008ca2 4df52863 p.beqimm         x10, 1232           x10:00000000
14172844ns          234331 1c008ca6 00140413 addi             x8, x8, 1            x8=0000000e  x8:0000000d
14172863ns          234332 1c008ca8 001a450b p.lbu            x10, 1(x20!)        x10=00000025 x20=1c000053 x20:1c000052  PA:1c000052
14173202ns          234349 1c008cac fe0515e3 bne              x10, x0, -22        x10:00000025
14173281ns          234353 1c008c96 02500793 addi             x15, x0, 37         x15=00000025
14173301ns          234354 1c008c9a 04f50763 beq              x10, x15, 78        x10:00000025 x15:00000025
14173400ns          234359 1c008ce8 01400c33 add              x24, x0, x20        x24=1c000053 x20:1c000053
14173440ns          234361 1c008cea 000c4a03 lbu              x20, 0(x24)         x20=00000064 x24:1c000053  PA:1c000053
14173758ns          234377 1c008cee 0b4d0513 addi             x10, x26, 180       x10=1c0000b4 x26:1c000000
14173778ns          234378 1c008cf2 00912e23 sw               x9, 28(x2)           x9:00000002  x2:10001e18  PA:10001e34
14173798ns          234379 1c008cf4 014005b3 add              x11, x0, x20        x11=00000064 x20:00000064
14173818ns          234380 1c008cf6 00012823 sw               x0, 16(x2)           x2:10001e18  PA:10001e28
14173838ns          234381 1c008cf8 00012a23 sw               x0, 20(x2)           x2:10001e18  PA:10001e2c
14173858ns          234382 1c008cfa 00012623 sw               x0, 12(x2)           x2:10001e18  PA:10001e24
14173878ns          234383 1c008cfc 001c0493 addi             x9, x24, 1           x9=1c000054 x24:1c000053
14173898ns          234384 1c008d00 e41ff0ef jal              x1, -448             x1=1c008d02
14173977ns          234388 1c008b40 00054703 lbu              x14, 0(x10)         x14=0000002d x10:1c0000b4  PA:1c0000b4
14174315ns          234405 1c008b44 0ff5f593 andi             x11, x11, 255       x11=00000064 x11:00000064
14174335ns          234406 1c008b48 00a007b3 add              x15, x0, x10        x15=1c0000b4 x10:1c0000b4
14174355ns          234407 1c008b4a 00b70863 beq              x14, x11, 16        x14:0000002d x11:00000064
14174375ns          234408 1c008b4e 00070863 beq              x14, x0, 16         x14:0000002d
14174395ns          234409 1c008b50 0017c703 lbu              x14, 1(x15)         x14=0000002b x15:1c0000b4  PA:1c0000b5
14174693ns          234424 1c008b54 00178793 addi             x15, x15, 1         x15=1c0000b5 x15:1c0000b4
14174713ns          234425 1c008b56 feb71ce3 bne              x14, x11, -8        x14:0000002b x11:00000064
14174773ns          234428 1c008b4e 00070863 beq              x14, x0, 16         x14:0000002b
14174793ns          234429 1c008b50 0017c703 lbu              x14, 1(x15)         x14=00000020 x15:1c0000b5  PA:1c0000b6
14175091ns          234444 1c008b54 00178793 addi             x15, x15, 1         x15=1c0000b6 x15:1c0000b5
14175111ns          234445 1c008b56 feb71ce3 bne              x14, x11, -8        x14:00000020 x11:00000064
14175170ns          234448 1c008b4e 00070863 beq              x14, x0, 16         x14:00000020
14175190ns          234449 1c008b50 0017c703 lbu              x14, 1(x15)         x14=00000023 x15:1c0000b6  PA:1c0000b7
14175489ns          234464 1c008b54 00178793 addi             x15, x15, 1         x15=1c0000b7 x15:1c0000b6
14175509ns          234465 1c008b56 feb71ce3 bne              x14, x11, -8        x14:00000023 x11:00000064
14175568ns          234468 1c008b4e 00070863 beq              x14, x0, 16         x14:00000023
14175588ns          234469 1c008b50 0017c703 lbu              x14, 1(x15)         x14=00000030 x15:1c0000b7  PA:1c0000b8
14175886ns          234484 1c008b54 00178793 addi             x15, x15, 1         x15=1c0000b8 x15:1c0000b7
14175906ns          234485 1c008b56 feb71ce3 bne              x14, x11, -8        x14:00000030 x11:00000064
14175966ns          234488 1c008b4e 00070863 beq              x14, x0, 16         x14:00000030
14175986ns          234489 1c008b50 0017c703 lbu              x14, 1(x15)         x14=00000000 x15:1c0000b8  PA:1c0000b9
14176284ns          234504 1c008b54 00178793 addi             x15, x15, 1         x15=1c0000b9 x15:1c0000b8
14176304ns          234505 1c008b56 feb71ce3 bne              x14, x11, -8        x14:00000000 x11:00000064
14176364ns          234508 1c008b4e 00070863 beq              x14, x0, 16         x14:00000000
14176423ns          234511 1c008b5e 00000513 addi             x10, x0, 0          x10=00000000
14176443ns          234512 1c008b60 fe058de3 beq              x11, x0, -6         x11:00000064
14176463ns          234513 1c008b62 00008067 jalr             x0, x1, 0            x1:1c008d02
14176523ns          234516 1c008d02 02000913 addi             x18, x0, 32         x18=00000020
14176543ns          234517 1c008d06 00000993 addi             x19, x0, 0          x19=00000000
14176563ns          234518 1c008d08 02b00a93 addi             x21, x0, 43         x21=0000002b
14176583ns          234519 1c008d0c 02d00b93 addi             x23, x0, 45         x23=0000002d
14176960ns          234538 1c008d10 03000b13 addi             x22, x0, 48         x22=00000030
14177000ns          234540 1c008d14 00900633 add              x12, x0, x9         x12=1c000054  x9:1c000054
14177020ns          234541 1c008d16 02050963 beq              x10, x0, 50         x10:00000000
14177179ns          234549 1c008d48 03312623 sw               x19, 44(x2)         x19:00000000  x2:10001e18  PA:10001e44
14177219ns          234551 1c008d4a 02a00693 addi             x13, x0, 42         x13=0000002a
14177239ns          234552 1c008d4e 014009b3 add              x19, x0, x20        x19=00000064 x20:00000064
14177279ns          234554 1c008d50 01800a33 add              x20, x0, x24        x20=1c000053 x24:1c000053
14177298ns          234555 1c008d52 00900c33 add              x24, x0, x9         x24=1c000054  x9:1c000054
14177318ns          234556 1c008d54 01c12483 lw               x9, 28(x2)           x9=00000002  x2:10001e18  PA:10001e34
14177338ns          234557 1c008d56 42d98063 beq              x19, x13, 1056      x19:00000064 x13:0000002a
14177358ns          234558 1c008d5a fd098693 addi             x13, x19, -48       x13=00000034 x19:00000064
14177378ns          234559 1c008d5e 00900513 addi             x10, x0, 9          x10=00000009
14177418ns          234561 1c008d60 00000a93 addi             x21, x0, 0          x21=00000000
14177458ns          234563 1c008d62 3cd57f63 bgeu             x10, x13, 990       x10:00000009 x13:00000034
14177477ns          234564 1c008d66 02e00793 addi             x15, x0, 46         x15=0000002e
14177497ns          234565 1c008d6a fff00b13 addi             x22, x0, -1         x22=ffffffff
14177517ns          234566 1c008d6c 04f981e3 beq              x19, x15, 2114      x19:00000064 x15:0000002e
14177557ns          234568 1c008d70 1c0007b7 lui              x15, 0x1c000000     x15=1c000000
14177597ns          234570 1c008d74 013005b3 add              x11, x0, x19        x11=00000064 x19:00000064
14177617ns          234571 1c008d76 0bc78513 addi             x10, x15, 188       x10=1c0000bc x15:1c000000
14177637ns          234572 1c008d7a 00c12e23 sw               x12, 28(x2)         x12:1c000054  x2:10001e18  PA:10001e34
14177656ns          234573 1c008d7c dc5ff0ef jal              x1, -572             x1=1c008d7e
14177776ns          234579 1c008b40 00054703 lbu              x14, 0(x10)         x14=00000068 x10:1c0000bc  PA:1c0000bc
14178094ns          234595 1c008b44 0ff5f593 andi             x11, x11, 255       x11=00000064 x11:00000064
14178114ns          234596 1c008b48 00a007b3 add              x15, x0, x10        x15=1c0000bc x10:1c0000bc
14178134ns          234597 1c008b4a 00b70863 beq              x14, x11, 16        x14:00000068 x11:00000064
14178154ns          234598 1c008b4e 00070863 beq              x14, x0, 16         x14:00000068
14178174ns          234599 1c008b50 0017c703 lbu              x14, 1(x15)         x14=0000006c x15:1c0000bc  PA:1c0000bd
14178492ns          234615 1c008b54 00178793 addi             x15, x15, 1         x15=1c0000bd x15:1c0000bc
14178512ns          234616 1c008b56 feb71ce3 bne              x14, x11, -8        x14:0000006c x11:00000064
14178571ns          234619 1c008b4e 00070863 beq              x14, x0, 16         x14:0000006c
14178591ns          234620 1c008b50 0017c703 lbu              x14, 1(x15)         x14=0000004c x15:1c0000bd  PA:1c0000be
14178890ns          234635 1c008b54 00178793 addi             x15, x15, 1         x15=1c0000be x15:1c0000bd
14178909ns          234636 1c008b56 feb71ce3 bne              x14, x11, -8        x14:0000004c x11:00000064
14178969ns          234639 1c008b4e 00070863 beq              x14, x0, 16         x14:0000004c
14178989ns          234640 1c008b50 0017c703 lbu              x14, 1(x15)         x14=0000007a x15:1c0000be  PA:1c0000bf
14179287ns          234655 1c008b54 00178793 addi             x15, x15, 1         x15=1c0000bf x15:1c0000be
14179307ns          234656 1c008b56 feb71ce3 bne              x14, x11, -8        x14:0000007a x11:00000064
14179367ns          234659 1c008b4e 00070863 beq              x14, x0, 16         x14:0000007a
14179387ns          234660 1c008b50 0017c703 lbu              x14, 1(x15)         x14=00000000 x15:1c0000bf  PA:1c0000c0
14179705ns          234676 1c008b54 00178793 addi             x15, x15, 1         x15=1c0000c0 x15:1c0000bf
14179725ns          234677 1c008b56 feb71ce3 bne              x14, x11, -8        x14:00000000 x11:00000064
14179784ns          234680 1c008b4e 00070863 beq              x14, x0, 16         x14:00000000
14179844ns          234683 1c008b5e 00000513 addi             x10, x0, 0          x10=00000000
14179864ns          234684 1c008b60 fe058de3 beq              x11, x0, -6         x11:00000064
14179884ns          234685 1c008b62 00008067 jalr             x0, x1, 0            x1:1c008d7e
14179924ns          234687 1c008d7e 01c12603 lw               x12, 28(x2)         x12=1c000054  x2:10001e18  PA:10001e34
14179963ns          234689 1c008d80 00c00a33 add              x20, x0, x12        x20=1c000054 x12:1c000054
14179983ns          234690 1c008d82 00050563 beq              x10, x0, 10         x10:00000000
14180103ns          234696 1c008d8c 06900793 addi             x15, x0, 105        x15=00000069
14180123ns          234697 1c008d90 1cf98be3 beq              x19, x15, 2518      x19:00000064 x15:00000069
14180142ns          234698 1c008d94 4b37ce63 blt              x15, x19, 1212      x15:00000069 x19:00000064
14180162ns          234699 1c008d98 05800793 addi             x15, x0, 88         x15=00000058
14180182ns          234700 1c008d9c 4cf98863 beq              x19, x15, 1232      x19:00000064 x15:00000058
14180600ns          234721 1c008da0 3f37cd63 blt              x15, x19, 1018      x15:00000058 x19:00000064
14180739ns          234728 1c00919a 06400793 addi             x15, x0, 100        x15=00000064
14180799ns          234731 1c00919e 5cf98463 beq              x19, x15, 1480      x19:00000064 x15:00000064
14180898ns          234736 1c009766 01812b83 lw               x23, 24(x2)         x23=10001f7c  x2:10001e18  PA:10001e30
14180938ns          234738 1c009768 004ba60b p.lw             x12, 4(x23!)        x12=00000003 x23=10001f80 x23:10001f7c  PA:10001f7c
14180978ns          234740 1c00976c 48064963 blt              x12, x0, 1170       x12:00000003
14181018ns          234742 1c009770 01412783 lw               x15, 20(x2)         x15=00000000  x2:10001e18  PA:10001e2c
14181037ns          234743 1c009772 00c00733 add              x14, x0, x12        x14=00000003 x12:00000003
14181057ns          234744 1c009774 56078863 beq              x15, x0, 1392       x15:00000000
14181157ns          234749 1c009ce4 01012783 lw               x15, 16(x2)         x15=00000000  x2:10001e18  PA:10001e28
14181177ns          234750 1c009ce6 01b00533 add              x10, x0, x27        x10=10001e4c x27:10001e4c
14181197ns          234751 1c009ce8 a8078ee3 beq              x15, x0, -1380      x15:00000000
14181734ns          234778 1c009784 00a007b3 add              x15, x0, x10        x15=10001e4c x10:10001e4c
14181753ns          234779 1c009786 00a00593 addi             x11, x0, 10         x11=0000000a
14181773ns          234780 1c009788 00900313 addi             x6, x0, 9            x6=00000009
14181793ns          234781 1c00978a 02b776b3 remu             x13, x14, x11       x13=00000003 x14:00000003 x11:0000000a
14182410ns          234812 1c00978e 00e00833 add              x16, x0, x14        x16=00000003 x14:00000003
14182430ns          234813 1c009790 00f008b3 add              x17, x0, x15        x17=10001e4c x15:10001e4c
14182449ns          234814 1c009792 03068693 addi             x13, x13, 48        x13=00000033 x13:00000003
14182469ns          234815 1c009796 00d780ab p.sb             x13, 1(x15!)        x15=10001e4d x13:00000033 x15:10001e4c  PA:10001e4c
14182489ns          234816 1c00979a 02b75733 divu             x14, x14, x11       x14=00000000 x14:00000003 x11:0000000a
14183126ns          234848 1c00979e ff0366e3 bltu             x6, x16, -20         x6:00000009 x16:00000003
14183146ns          234849 1c0097a2 40a78733 sub              x14, x15, x10       x14=00000001 x15:10001e4d x10:10001e4c
14183165ns          234850 1c0097a6 01675c63 bge              x14, x22, 24        x14:00000001 x22:ffffffff
14184100ns          234897 1c0097be 00078023 sb               x0, 0(x15)          x15:10001e4d  PA:10001e4d
14184140ns          234899 1c0097c2 0b157563 bgeu             x10, x17, 170       x10:10001e4c x17:10001e4c
14184239ns          234904 1c00986c 01412703 lw               x14, 20(x2)         x14=00000000  x2:10001e18  PA:10001e2c
14184259ns          234905 1c00986e 01012683 lw               x13, 16(x2)         x13=00000000  x2:10001e18  PA:10001e28
14184697ns          234927 1c009870 41b787b3 sub              x15, x15, x27       x15=00000001 x15:10001e4d x27:10001e4c
14184737ns          234929 1c009874 00d76733 or               x14, x14, x13       x14=00000000 x14:00000000 x13:00000000
14184756ns          234930 1c009876 02e12623 sw               x14, 44(x2)         x14:00000000  x2:10001e18  PA:10001e44
14184776ns          234931 1c009878 b0071be3 bne              x14, x0, -1258      x14:00000000
14184796ns          234932 1c00987c 01f65713 srli             x14, x12, 0x1f      x14=00000000 x12:00000003
14184836ns          234934 1c009880 02e12623 sw               x14, 44(x2)         x14:00000000  x2:10001e18  PA:10001e44
14184955ns          234940 1c009882 b0dff06f jal              x0, -1268          
14185512ns          234968 1c00938e ebfb2be3 p.beqimm         x22, -330           x22:ffffffff
14185910ns          234988 1c009244 0c800713 addi             x14, x0, 200        x14=000000c8
14185950ns          234990 1c009248 14f75b63 bge              x14, x15, 342       x14:000000c8 x15:00000001
14186129ns          234999 1c00939e 00178613 addi             x12, x15, 1         x12=00000002 x15:00000001
14186169ns          235001 1c0093a2 0557c863 blt              x15, x21, 80        x15:00000001 x21:00000000
14186188ns          235002 1c0093a6 01712c23 sw               x23, 24(x2)         x23:10001f80  x2:10001e18  PA:10001e30
14186208ns          235003 1c0093a8 00f00ab3 add              x21, x0, x15        x21=00000001 x15:00000001
14186228ns          235004 1c0093aa 8e0a8fe3 beq              x21, x0, -1794      x21:00000001
14186248ns          235005 1c0093ae 01b00933 add              x18, x0, x27        x18=10001e4c x27:10001e4c
14186268ns          235006 1c0093b0 41b409b3 sub              x19, x8, x27        x19=efffe1c2  x8:0000000e x27:10001e4c
14186308ns          235008 1c0093b4 01ba8ab3 add              x21, x21, x27       x21=10001e4d x21:00000001 x27:10001e4c
14186328ns          235009 1c0093b6 00a0006f jal              x0, 10             
14186407ns          235013 1c0093c0 0019450b p.lbu            x10, 1(x18!)        x10=00000033 x18=10001e4d x18:10001e4c  PA:10001e4c
14186447ns          235015 1c0093c4 009005b3 add              x11, x0, x9         x11=00000002  x9:00000002
14186467ns          235016 1c0093c6 000c80e7 jalr             x1, x25, 0           x1=1c0093c8 x25:1c008bb6
14186507ns          235018 1c008bb6 000026b7 lui              x13, 0x2000         x13=00002000
14186527ns          235019 1c008bb8 f8068693 addi             x13, x13, -128      x13=00001f80 x13:00002000
14186546ns          235020 1c008bbc f14027f3 csrrs            x15, x0, 0xf14      x15=00000003
14186984ns          235042 1c008bc0 00379713 slli             x14, x15, 0x3       x14=00000018 x15:00000003
14187024ns          235044 1c008bc4 00279793 slli             x15, x15, 0x2       x15=0000000c x15:00000003
14187044ns          235045 1c008bc6 00d7f7b3 and              x15, x15, x13       x15=00000000 x15:0000000c x13:00001f80
14187063ns          235046 1c008bc8 ee873733 p.bclr           x14, x14, 23, 8     x14=00000018 x14:00000018
14187083ns          235047 1c008bcc 1a10f6b7 lui              x13, 0x1a10f000     x13=1a10f000
14187123ns          235049 1c008bd0 00d70733 add              x14, x14, x13       x14=1a10f018 x14:00000018 x13:1a10f000
14187143ns          235050 1c008bd2 00e787b3 add              x15, x15, x14       x15=1a10f018 x15:00000000 x14:1a10f018
14187163ns          235051 1c008bd4 0ff57513 andi             x10, x10, 255       x10=00000033 x10:00000033
14187183ns          235052 1c008bd8 00a7a023 sw               x10, 0(x15)         x10:00000033 x15:1a10f018  PA:1a10f018
14187581ns          235072 1c008bda 00000513 addi             x10, x0, 0          x10=00000000
14187600ns          235073 1c008bdc 00008067 jalr             x0, x1, 0            x1:1c0093c8
14187640ns          235075 1c0093c8 fff538e3 p.bneimm         x10, -16            x10:00000000
14188078ns          235097 1c0093b8 01298433 add              x8, x19, x18         x8=0000000f x19:efffe1c2 x18:10001e4d
14188098ns          235098 1c0093bc 8f2a86e3 beq              x21, x18, -1812     x21:10001e4d x18:10001e4d
14188197ns          235103 1c008ca8 001a450b p.lbu            x10, 1(x20!)        x10=0000000a x20=1c000055 x20:1c000054  PA:1c000054
14188515ns          235119 1c008cac fe0515e3 bne              x10, x0, -22        x10:0000000a
14188595ns          235123 1c008c96 02500793 addi             x15, x0, 37         x15=00000025
14188615ns          235124 1c008c9a 04f50763 beq              x10, x15, 78        x10:0000000a x15:00000025
14188635ns          235125 1c008c9e 009005b3 add              x11, x0, x9         x11=00000002  x9:00000002
14188655ns          235126 1c008ca0 000c80e7 jalr             x1, x25, 0           x1=1c008ca2 x25:1c008bb6
14188734ns          235130 1c008bb6 000026b7 lui              x13, 0x2000         x13=00002000
14188774ns          235132 1c008bb8 f8068693 addi             x13, x13, -128      x13=00001f80 x13:00002000
14188794ns          235133 1c008bbc f14027f3 csrrs            x15, x0, 0xf14      x15=00000003
14188814ns          235134 1c008bc0 00379713 slli             x14, x15, 0x3       x14=00000018 x15:00000003
14188834ns          235135 1c008bc4 00279793 slli             x15, x15, 0x2       x15=0000000c x15:00000003
14188853ns          235136 1c008bc6 00d7f7b3 and              x15, x15, x13       x15=00000000 x15:0000000c x13:00001f80
14188873ns          235137 1c008bc8 ee873733 p.bclr           x14, x14, 23, 8     x14=00000018 x14:00000018
14188893ns          235138 1c008bcc 1a10f6b7 lui              x13, 0x1a10f000     x13=1a10f000
14188913ns          235139 1c008bd0 00d70733 add              x14, x14, x13       x14=1a10f018 x14:00000018 x13:1a10f000
14188933ns          235140 1c008bd2 00e787b3 add              x15, x15, x14       x15=1a10f018 x15:00000000 x14:1a10f018
14188953ns          235141 1c008bd4 0ff57513 andi             x10, x10, 255       x10=0000000a x10:0000000a
14188973ns          235142 1c008bd8 00a7a023 sw               x10, 0(x15)         x10:0000000a x15:1a10f018  PA:1a10f018
14189430ns          235165 1c008bda 00000513 addi             x10, x0, 0          x10=00000000
14189450ns          235166 1c008bdc 00008067 jalr             x0, x1, 0            x1:1c008ca2
14189510ns          235169 1c008ca2 4df52863 p.beqimm         x10, 1232           x10:00000000
14189530ns          235170 1c008ca6 00140413 addi             x8, x8, 1            x8=00000010  x8:0000000f
14189549ns          235171 1c008ca8 001a450b p.lbu            x10, 1(x20!)        x10=00000000 x20=1c000056 x20:1c000055  PA:1c000055
14189868ns          235187 1c008cac fe0515e3 bne              x10, x0, -22        x10:00000000
14189888ns          235188 1c008cae 13c12083 lw               x1, 316(x2)          x1=1c008c22  x2:10001e18  PA:10001f54
14189907ns          235189 1c008cb2 00800533 add              x10, x0, x8         x10=00000010  x8:00000010
14189927ns          235190 1c008cb4 13812403 lw               x8, 312(x2)          x8=00000037  x2:10001e18  PA:10001f50
14189947ns          235191 1c008cb8 13412483 lw               x9, 308(x2)          x9=00000030  x2:10001e18  PA:10001f4c
14189967ns          235192 1c008cbc 13012903 lw               x18, 304(x2)        x18=00000003  x2:10001e18  PA:10001f48
14190246ns          235206 1c008cc0 12c12983 lw               x19, 300(x2)        x19=1c000dd0  x2:10001e18  PA:10001f44
14190285ns          235208 1c008cc4 12812a03 lw               x20, 296(x2)        x20=10201180  x2:10001e18  PA:10001f40
14190305ns          235209 1c008cc8 12412a83 lw               x21, 292(x2)        x21=1c0009c0  x2:10001e18  PA:10001f3c
14190325ns          235210 1c008ccc 12012b03 lw               x22, 288(x2)        x22=1c0009bc  x2:10001e18  PA:10001f38
14190385ns          235213 1c008cd0 11c12b83 lw               x23, 284(x2)        x23=000005e8  x2:10001e18  PA:10001f34
14190425ns          235215 1c008cd4 11812c03 lw               x24, 280(x2)        x24=000005f9  x2:10001e18  PA:10001f30
14190444ns          235216 1c008cd8 11412c83 lw               x25, 276(x2)        x25=1c0009b8  x2:10001e18  PA:10001f2c
14190464ns          235217 1c008cdc 11012d03 lw               x26, 272(x2)        x26=0fa70000  x2:10001e18  PA:10001f28
14190524ns          235220 1c008ce0 10c12d83 lw               x27, 268(x2)        x27=0c4b0938  x2:10001e18  PA:10001f24
14190564ns          235222 1c008ce4 14010113 addi             x2, x2, 320          x2=10001f58  x2:10001e18
14190584ns          235223 1c008ce6 00008067 jalr             x0, x1, 0            x1:1c008c22
14190663ns          235227 1c008c22 01c12083 lw               x1, 28(x2)           x1=1c008524  x2:10001f58  PA:10001f74
14190703ns          235229 1c008c24 04010113 addi             x2, x2, 64           x2=10001f98  x2:10001f58
14190723ns          235230 1c008c26 00008067 jalr             x0, x1, 0            x1:1c008524
14190802ns          235234 1c008524 0009a703 lw               x14, 0(x19)         x14=10004100 x19:1c000dd0  PA:1c000dd0
14191121ns          235250 1c008528 00412683 lw               x13, 4(x2)          x13=00000060  x2:10001f98  PA:10001f9c
14191141ns          235251 1c00852a 040a0793 addi             x15, x20, 64        x15=102011c0 x20:10201180
14191160ns          235252 1c00852e 00d70733 add              x14, x14, x13       x14=10004160 x14:10004100 x13:00000060
14191359ns          235262 1c008530 00e7a023 sw               x14, 0(x15)         x14:10004160 x15:102011c0  PA:102011c0
14191459ns          235267 1c008534 00200713 addi             x14, x0, 2          x14=00000002
14191479ns          235268 1c008536 00e7a223 sw               x14, 4(x15)         x14:00000002 x15:102011c0  PA:102011c4
14191558ns          235272 1c00853a 00e7a423 sw               x14, 8(x15)         x14:00000002 x15:102011c0  PA:102011c8
14191896ns          235289 1c00853e 10000713 addi             x14, x0, 256        x14=00000100
14191936ns          235291 1c008542 00e7a623 sw               x14, 12(x15)        x14:00000100 x15:102011c0  PA:102011cc
14192016ns          235295 1c008546 000a2023 sw               x0, 0(x20)          x20:10201180  PA:10201180
14192135ns          235301 1c00854a 00001737 lui              x14, 0x1000         x14=00001000
14192155ns          235302 1c00854c 002047b7 lui              x15, 0x204000       x15=00204000
14192433ns          235316 1c008550 00e7a423 sw               x14, 8(x15)         x14:00001000 x15:00204000  PA:00204008
14192473ns          235318 1c008552 03c7e683 p.elw            x13, 60(x15)        x13=00001000 x15:00204000  PA:0020403c
14193090ns          235349 1c008556 00e7a223 sw               x14, 4(x15)         x14:00001000 x15:00204000  PA:00204004
14193109ns          235350 1c008558 00ca0793 addi             x15, x20, 12        x15=1020118c x20:10201180
14193129ns          235351 1c00855c 0007aa03 lw               x20, 0(x15)         x20=00000000 x15:1020118c  PA:1020118c
14193229ns          235356 1c008560 fe0a1ee3 bne              x20, x0, -4         x20:00000000
14193249ns          235357 1c008564 429010ef jal              x1, 7208             x1=1c008568
14193806ns          235385 1c00a18c f14027f3 csrrs            x15, x0, 0xf14      x15=00000003
14193885ns          235389 1c00a190 01f00713 addi             x14, x0, 31         x14=0000001f
14193925ns          235391 1c00a192 ca5797b3 p.extractu       x15, x15, 5, 5      x15=00000000 x15:00000003
14193945ns          235392 1c00a196 00e78863 beq              x15, x14, 16        x15:00000000 x14:0000001f
14193965ns          235393 1c00a19a 002047b7 lui              x15, 0x204000       x15=00204000
14194303ns          235410 1c00a19e 20078793 addi             x15, x15, 512       x15=00204200 x15:00204000
14194342ns          235412 1c00a1a2 01c7e703 p.elw            x14, 28(x15)        x14=00010000 x15:00204200  PA:0020421c
14194561ns          235423 1c00a1a6 00008067 jalr             x0, x1, 0            x1:1c008568
14194601ns          235425 1c008568 002007b7 lui              x15, 0x200000       x15=00200000
14194621ns          235426 1c00856c 0187a703 lw               x14, 24(x15)        x14=00000908 x15:00200000  PA:00200018
14194840ns          235437 1c00856e 00412603 lw               x12, 4(x2)          x12=00000060  x2:10001f98  PA:10001f9c
14194860ns          235438 1c008570 01c12883 lw               x17, 28(x2)         x17=000000dc  x2:10001f98  PA:10001fb4
14194879ns          235439 1c008572 c0b73733 p.bclr           x14, x14, 0, 11     x14=00000108 x14:00000908
14194899ns          235440 1c008576 00e7ac23 sw               x14, 24(x15)        x14:00000108 x15:00200000  PA:00200018
14194999ns          235445 1c008578 0187a683 lw               x13, 24(x15)        x13=00000108 x15:00200000  PA:00200018
14195158ns          235453 1c00857a 1c001737 lui              x14, 0x1c001000     x14=1c001000
14195178ns          235454 1c00857e 01748493 addi             x9, x9, 23           x9=00000047  x9:00000030
14195317ns          235461 1c008580 c086b6b3 p.bclr           x13, x13, 0, 8      x13=00000008 x13:00000108
14195357ns          235463 1c008584 00d7ac23 sw               x13, 24(x15)        x13:00000008 x15:00200000  PA:00200018
14195436ns          235467 1c008586 0009a683 lw               x13, 0(x19)         x13=10004100 x19:1c000dd0  PA:1c000dd0
14195814ns          235486 1c00858a 000017b7 lui              x15, 0x1000         x15=00001000
14195834ns          235487 1c00858c b5070713 addi             x14, x14, -1200     x14=1c000b50 x14:1c001000
14195894ns          235490 1c008590 00c686b3 add              x13, x13, x12       x13=10004160 x13:10004100 x12:00000060
14195914ns          235491 1c008592 01812603 lw               x12, 24(x2)         x12=0000006e  x2:10001f98  PA:10001fb0
14195953ns          235493 1c008594 fff78793 addi             x15, x15, -1        x15=00000fff x15:00001000
14195973ns          235494 1c008596 ff940593 addi             x11, x8, -7         x11=00000030  x8:00000037
14195993ns          235495 1c00859a 00259813 slli             x16, x11, 0x2       x16=000000c0 x11:00000030
14196371ns          235514 1c00859e 0006ae03 lw               x28, 0(x13)         x28=xfc9x035 x13:10004160  PA:10004160
14196411ns          235516 1c0085a2 ffa40513 addi             x10, x8, -6         x10=00000031  x8:00000037
14196431ns          235517 1c0085a6 00e80833 add              x16, x16, x14       x16=1c000c10 x16:000000c0 x14:1c000b50
14196451ns          235518 1c0085a8 00251e93 slli             x29, x10, 0x2       x29=000000c4 x10:00000031
14196471ns          235519 1c0085ac 00085383 lhu              x7, 0(x16)           x7=00000035 x16:1c000c10  PA:1c000c10
14196988ns          235545 1c0085b0 0046af03 lw               x30, 4(x13)         x30=xeadxfc3 x13:10004160  PA:10004164
14197007ns          235546 1c0085b4 ffb40593 addi             x11, x8, -5         x11=00000032  x8:00000037
14197027ns          235547 1c0085b8 00285303 lhu              x6, 2(x16)           x6=00000fc9 x16:1c000c10  PA:1c000c12
14197405ns          235566 1c0085bc 01d70833 add              x16, x14, x29       x16=1c000c14 x14:1c000b50 x29:000000c4
14197465ns          235569 1c0085c0 010e5f93 srli             x31, x28, 0x10      x31=0000xfc9 x28:xfc9x035
14197505ns          235571 1c0085c4 00259993 slli             x19, x11, 0x2       x19=000000c8 x11:00000032
14197525ns          235572 1c0085c8 00085283 lhu              x5, 0(x16)           x5=00000fc3 x16:1c000c14  PA:1c000c14
14197982ns          235595 1c0085cc 00fe7e33 and              x28, x28, x15       x28=00000035 x28:xfc9x035 x15:00000fff
14198002ns          235596 1c0085d0 0086a083 lw               x1, 8(x13)           x1=xe52xdef x13:10004160  PA:10004168
14198042ns          235598 1c0085d4 ffc40513 addi             x10, x8, -4         x10=00000033  x8:00000037
14198062ns          235599 1c0085d8 013005b3 add              x11, x0, x19        x11=000000c8 x19:000000c8
14198081ns          235600 1c0085da 00285e83 lhu              x29, 2(x16)         x29=00000ead x16:1c000c14  PA:1c000c16
14198579ns          235625 1c0085de 41c383b3 sub              x7, x7, x28          x7=00000000  x7:00000035 x28:00000035
14198618ns          235627 1c0085e2 00fff833 and              x16, x31, x15       x16=00000fc9 x31:0000xfc9 x15:00000fff
14198638ns          235628 1c0085e6 01370e33 add              x28, x14, x19       x28=1c000c18 x14:1c000b50 x19:000000c8
14198658ns          235629 1c0085ea 00251b13 slli             x22, x10, 0x2       x22=000000cc x10:00000033
14199076ns          235650 1c0085ee 010f5a93 srli             x21, x30, 0x10      x21=0000xead x30:xeadxfc3
14199116ns          235652 1c0085f2 00ff79b3 and              x19, x30, x15       x19=00000fc3 x30:xeadxfc3 x15:00000fff
14199136ns          235653 1c0085f6 007033b3 sltu             x7, x0, x7           x7=00000000  x7:00000000
14199155ns          235654 1c0085fa 41030333 sub              x6, x6, x16          x6=00000000  x6:00000fc9 x16:00000fc9
14199573ns          235675 1c0085fe 000e5e03 lhu              x28, 0(x28)         x28=00000def x28:1c000c18  PA:1c000c18
14199911ns          235692 1c008602 00b70833 add              x16, x14, x11       x16=1c000c18 x14:1c000b50 x11:000000c8
14199931ns          235693 1c008606 00c6af03 lw               x30, 12(x13)        x30=x068x287 x13:10004160  PA:1000416c
14199951ns          235694 1c00860a ffd40593 addi             x11, x8, -3         x11=00000034  x8:00000037
14200428ns          235718 1c00860e 00285f83 lhu              x31, 2(x16)         x31=00000e52 x16:1c000c18  PA:1c000c1a
14200985ns          235746 1c008612 007a0a33 add              x20, x20, x7        x20=00000000 x20:00000000  x7:00000000
14201005ns          235747 1c008614 00faf833 and              x16, x21, x15       x16=00000ead x21:0000xead x15:00000fff
14201025ns          235748 1c008618 00603333 sltu             x6, x0, x6           x6=00000000  x6:00000000
14201045ns          235749 1c00861c 413282b3 sub              x5, x5, x19          x5=00000000  x5:00000fc3 x19:00000fc3
14201065ns          235750 1c008620 016703b3 add              x7, x14, x22         x7=1c000c1c x14:1c000b50 x22:000000cc
14201085ns          235751 1c008624 410e8eb3 sub              x29, x29, x16       x29=00000000 x29:00000ead x16:00000ead
14201104ns          235752 1c008628 0100da93 srli             x21, x1, 0x10       x21=0000xe52  x1:xe52xdef
14201124ns          235753 1c00862c 00f0f9b3 and              x19, x1, x15        x19=00000def  x1:xe52xdef x15:00000fff
14201482ns          235771 1c008630 01670833 add              x16, x14, x22       x16=1c000c1c x14:1c000b50 x22:000000cc
14201522ns          235773 1c008634 006a0a33 add              x20, x20, x6        x20=00000000 x20:00000000  x6:00000000
14201542ns          235774 1c008636 00259b13 slli             x22, x11, 0x2       x22=000000d0 x11:00000034
14201562ns          235775 1c00863a 005032b3 sltu             x5, x0, x5           x5=00000000  x5:00000000
14202019ns          235798 1c00863e 0003d383 lhu              x7, 0(x7)            x7=00000287  x7:1c000c1c  PA:1c000c1c
14202397ns          235817 1c008642 0106a083 lw               x1, 16(x13)          x1=xf65xedb x13:10004160  PA:10004170
14202417ns          235818 1c008646 00285303 lhu              x6, 2(x16)           x6=00000068 x16:1c000c1c  PA:1c000c1e
14202874ns          235841 1c00864a ffe40513 addi             x10, x8, -2         x10=00000035  x8:00000037
14202894ns          235842 1c00864e 01d03833 sltu             x16, x0, x29        x16=00000000 x29:00000000
14202914ns          235843 1c008652 005a0a33 add              x20, x20, x5        x20=00000000 x20:00000000  x5:00000000
14202934ns          235844 1c008654 00fafeb3 and              x29, x21, x15       x29=00000e52 x21:0000xe52 x15:00000fff
14202954ns          235845 1c008658 413e0e33 sub              x28, x28, x19       x28=00000000 x28:00000def x19:00000def
14202974ns          235846 1c00865c 016702b3 add              x5, x14, x22         x5=1c000c20 x14:1c000b50 x22:000000d0
14203431ns          235869 1c008660 010f5a93 srli             x21, x30, 0x10      x21=0000x068 x30:x068x287
14203471ns          235871 1c008664 00ff79b3 and              x19, x30, x15       x19=00000287 x30:x068x287 x15:00000fff
14203491ns          235872 1c008668 010a0a33 add              x20, x20, x16       x20=00000000 x20:00000000 x16:00000000
14203511ns          235873 1c00866a 01c03e33 sltu             x28, x0, x28        x28=00000000 x28:00000000
14203929ns          235894 1c00866e 01670833 add              x16, x14, x22       x16=1c000c20 x14:1c000b50 x22:000000d0
14203968ns          235896 1c008672 41df8fb3 sub              x31, x31, x29       x31=00000000 x31:00000e52 x29:00000e52
14203988ns          235897 1c008676 00251b13 slli             x22, x10, 0x2       x22=000000d4 x10:00000035
14204008ns          235898 1c00867a 0002d283 lhu              x5, 0(x5)            x5=00000edb  x5:1c000c20  PA:1c000c20
14204446ns          235920 1c00867e 0146af03 lw               x30, 20(x13)        x30=x067xf19 x13:10004160  PA:10004174
14204465ns          235921 1c008682 fff40593 addi             x11, x8, -1         x11=00000036  x8:00000037
14204485ns          235922 1c008686 00285e83 lhu              x29, 2(x16)         x29=00000f65 x16:1c000c20  PA:1c000c22
14204903ns          235943 1c00868a 01ca0a33 add              x20, x20, x28       x20=00000000 x20:00000000 x28:00000000
14204923ns          235944 1c00868c 01f03fb3 sltu             x31, x0, x31        x31=00000000 x31:00000000
14205022ns          235949 1c008690 00faf833 and              x16, x21, x15       x16=00000068 x21:0000x068 x15:00000fff
14205062ns          235951 1c008694 413383b3 sub              x7, x7, x19          x7=00000000  x7:00000287 x19:00000287
14205082ns          235952 1c008698 01670e33 add              x28, x14, x22       x28=1c000c24 x14:1c000b50 x22:000000d4
14205102ns          235953 1c00869c 41030833 sub              x16, x6, x16        x16=00000000  x6:00000068 x16:00000068
14205500ns          235973 1c0086a0 01fa0a33 add              x20, x20, x31       x20=00000000 x20:00000000 x31:00000000
14205539ns          235975 1c0086a2 007033b3 sltu             x7, x0, x7           x7=00000000  x7:00000000
14205559ns          235976 1c0086a6 0100d993 srli             x19, x1, 0x10       x19=0000xf65  x1:xf65xedb
14205579ns          235977 1c0086aa 01670533 add              x10, x14, x22       x10=1c000c24 x14:1c000b50 x22:000000d4
14205997ns          235998 1c0086ae 00f0f0b3 and              x1, x1, x15          x1=00000edb  x1:xf65xedb x15:00000fff
14206037ns          236000 1c0086b2 00259a93 slli             x21, x11, 0x2       x21=000000d8 x11:00000036
14206057ns          236001 1c0086b6 000e5e03 lhu              x28, 0(x28)         x28=00000f19 x28:1c000c24  PA:1c000c24
14206514ns          236024 1c0086ba 0186af83 lw               x31, 24(x13)        x31=xd9fxe75 x13:10004160  PA:10004178
14206554ns          236026 1c0086be 00255303 lhu              x6, 2(x10)           x6=00000067 x10:1c000c24  PA:1c000c26
14207011ns          236049 1c0086c2 007a0a33 add              x20, x20, x7        x20=00000000 x20:00000000  x7:00000000
14207031ns          236050 1c0086c4 01003533 sltu             x10, x0, x16        x10=00000000 x16:00000000
14207051ns          236051 1c0086c8 00f9f3b3 and              x7, x19, x15         x7=00000f65 x19:0000xf65 x15:00000fff
14207071ns          236052 1c0086cc 401282b3 sub              x5, x5, x1           x5=00000000  x5:00000edb  x1:00000edb
14207130ns          236055 1c0086d0 01570833 add              x16, x14, x21       x16=1c000c28 x14:1c000b50 x21:000000d8
14207170ns          236057 1c0086d4 00aa0a33 add              x20, x20, x10       x20=00000000 x20:00000000 x10:00000000
14207190ns          236058 1c0086d6 005032b3 sltu             x5, x0, x5           x5=00000000  x5:00000000
14207210ns          236059 1c0086da 407e8eb3 sub              x29, x29, x7        x29=00000000 x29:00000f65  x7:00000f65
14207687ns          236083 1c0086de 010f5093 srli             x1, x30, 0x10        x1=0000x067 x30:x067xf19
14207727ns          236085 1c0086e2 00ff73b3 and              x7, x30, x15         x7=00000f19 x30:x067xf19 x15:00000fff
14207747ns          236086 1c0086e6 015705b3 add              x11, x14, x21       x11=1c000c28 x14:1c000b50 x21:000000d8
14207767ns          236087 1c0086ea 00085803 lhu              x16, 0(x16)         x16=00000e75 x16:1c000c28  PA:1c000c28
14208324ns          236115 1c0086ee 00160613 addi             x12, x12, 1         x12=0000006f x12:0000006e
14208344ns          236116 1c0086f0 01c6af03 lw               x30, 28(x13)        x30=x1adxc5f x13:10004160  PA:1000417c
14208364ns          236117 1c0086f4 0025d503 lhu              x10, 2(x11)         x10=00000d9f x11:1c000c28  PA:1c000c2a
14208702ns          236134 1c0086f8 005a0a33 add              x20, x20, x5        x20=00000000 x20:00000000  x5:00000000
14208722ns          236135 1c0086fa 00e888b3 add              x17, x17, x14       x17=1c000c2c x17:000000dc x14:1c000b50
14208741ns          236136 1c0086fc 01d03eb3 sltu             x29, x0, x29        x29=00000000 x29:00000000
14208761ns          236137 1c008700 00f0f2b3 and              x5, x1, x15          x5=00000067  x1:0000x067 x15:00000fff
14208781ns          236138 1c008704 407e0e33 sub              x28, x28, x7        x28=00000000 x28:00000f19  x7:00000f19
14208801ns          236139 1c008708 00161613 slli             x12, x12, 0x1       x12=000000de x12:0000006f
14208821ns          236140 1c00870a 0008d583 lhu              x11, 0(x17)         x11=00000c5f x17:1c000c2c  PA:1c000c2c
14209258ns          236162 1c00870e 01da0a33 add              x20, x20, x29       x20=00000000 x20:00000000 x29:00000000
14209298ns          236164 1c008710 405308b3 sub              x17, x6, x5         x17=00000000  x6:00000067  x5:00000067
14209338ns          236166 1c008714 01c03e33 sltu             x28, x0, x28        x28=00000000 x28:00000000
14209358ns          236167 1c008718 010fd313 srli             x6, x31, 0x10        x6=0000xd9f x31:xd9fxe75
14209378ns          236168 1c00871c 00e60633 add              x12, x12, x14       x12=1c000c2e x12:000000de x14:1c000b50
14209776ns          236188 1c00871e 00ffffb3 and              x31, x31, x15       x31=00000e75 x31:xd9fxe75 x15:00000fff
14209815ns          236190 1c008722 011038b3 sltu             x17, x0, x17        x17=00000000 x17:00000000
14209835ns          236191 1c008726 00065603 lhu              x12, 0(x12)         x12=000001ad x12:1c000c2e  PA:1c000c2e
14210313ns          236215 1c00872a 01ca0a33 add              x20, x20, x28       x20=00000000 x20:00000000 x28:00000000
14210332ns          236216 1c00872c 00f37333 and              x6, x6, x15          x6=00000d9f  x6:0000xd9f x15:00000fff
14210352ns          236217 1c008730 41f80833 sub              x16, x16, x31       x16=00000000 x16:00000e75 x31:00000e75
14210372ns          236218 1c008734 011a0a33 add              x20, x20, x17       x20=00000000 x20:00000000 x17:00000000
14210392ns          236219 1c008736 01003833 sltu             x16, x0, x16        x16=00000000 x16:00000000
14210412ns          236220 1c00873a 010f5893 srli             x17, x30, 0x10      x17=0000x1ad x30:x1adxc5f
14210830ns          236241 1c00873e 40650533 sub              x10, x10, x6        x10=00000000 x10:00000d9f  x6:00000d9f
14210869ns          236243 1c008742 00ff7f33 and              x30, x30, x15       x30=00000c5f x30:x1adxc5f x15:00000fff
14210889ns          236244 1c008746 010a0a33 add              x20, x20, x16       x20=00000000 x20:00000000 x16:00000000
14210909ns          236245 1c008748 00a03533 sltu             x10, x0, x10        x10=00000000 x10:00000000
14210929ns          236246 1c00874c 00f8f833 and              x16, x17, x15       x16=000001ad x17:0000x1ad x15:00000fff
14211367ns          236268 1c008750 41e585b3 sub              x11, x11, x30       x11=00000000 x11:00000c5f x30:00000c5f
14211406ns          236270 1c008754 00aa0a33 add              x20, x20, x10       x20=00000000 x20:00000000 x10:00000000
14211426ns          236271 1c008756 00b035b3 sltu             x11, x0, x11        x11=00000000 x11:00000000
14211446ns          236272 1c00875a 41060633 sub              x12, x12, x16       x12=00000000 x12:000001ad x16:000001ad
14211466ns          236273 1c00875e 00ba0a33 add              x20, x20, x11       x20=00000000 x20:00000000 x11:00000000
14211904ns          236295 1c008760 00c03633 sltu             x12, x0, x12        x12=00000000 x12:00000000
14211943ns          236297 1c008764 00840413 addi             x8, x8, 8            x8=0000003f  x8:00000037
14211963ns          236298 1c008766 00ca0a33 add              x20, x20, x12       x20=00000000 x20:00000000 x12:00000000
14211983ns          236299 1c008768 10068693 addi             x13, x13, 256       x13=10004260 x13:10004160
14212003ns          236300 1c00876c 04940563 beq              x8, x9, 74           x8:0000003f  x9:00000047
14212401ns          236320 1c008770 00141613 slli             x12, x8, 0x1        x12=0000007e  x8:0000003f
14212441ns          236322 1c008774 00241893 slli             x17, x8, 0x2        x17=000000fc  x8:0000003f
14212460ns          236323 1c008778 e1fff06f jal              x0, -482           
14212580ns          236329 1c008596 ff940593 addi             x11, x8, -7         x11=00000038  x8:0000003f
14212600ns          236330 1c00859a 00259813 slli             x16, x11, 0x2       x16=000000e0 x11:00000038
14212679ns          236334 1c00859e 0006ae03 lw               x28, 0(x13)         x28=x13bx0a2 x13:10004260  PA:10004260
14212719ns          236336 1c0085a2 ffa40513 addi             x10, x8, -6         x10=00000039  x8:0000003f
14212739ns          236337 1c0085a6 00e80833 add              x16, x16, x14       x16=1c000c30 x16:000000e0 x14:1c000b50
14212759ns          236338 1c0085a8 00251e93 slli             x29, x10, 0x2       x29=000000e4 x10:00000039
14212779ns          236339 1c0085ac 00085383 lhu              x7, 0(x16)           x7=000000a2 x16:1c000c30  PA:1c000c30
14213097ns          236355 1c0085b0 0046af03 lw               x30, 4(x13)         x30=x099x0fc x13:10004260  PA:10004264
14213117ns          236356 1c0085b4 ffb40593 addi             x11, x8, -5         x11=0000003a  x8:0000003f
14213137ns          236357 1c0085b8 00285303 lhu              x6, 2(x16)           x6=0000013b x16:1c000c30  PA:1c000c32
14213455ns          236373 1c0085bc 01d70833 add              x16, x14, x29       x16=1c000c34 x14:1c000b50 x29:000000e4
14213475ns          236374 1c0085c0 010e5f93 srli             x31, x28, 0x10      x31=0000x13b x28:x13bx0a2
14213495ns          236375 1c0085c4 00259993 slli             x19, x11, 0x2       x19=000000e8 x11:0000003a
14213515ns          236376 1c0085c8 00085283 lhu              x5, 0(x16)           x5=000000fc x16:1c000c34  PA:1c000c34
14213873ns          236394 1c0085cc 00fe7e33 and              x28, x28, x15       x28=000000a2 x28:x13bx0a2 x15:00000fff
14213892ns          236395 1c0085d0 0086a083 lw               x1, 8(x13)           x1=x01fx00e x13:10004260  PA:10004268
14213912ns          236396 1c0085d4 ffc40513 addi             x10, x8, -4         x10=0000003b  x8:0000003f
14213932ns          236397 1c0085d8 013005b3 add              x11, x0, x19        x11=000000e8 x19:000000e8
14213952ns          236398 1c0085da 00285e83 lhu              x29, 2(x16)         x29=00000099 x16:1c000c34  PA:1c000c36
14214250ns          236413 1c0085de 41c383b3 sub              x7, x7, x28          x7=00000000  x7:000000a2 x28:000000a2
14214270ns          236414 1c0085e2 00fff833 and              x16, x31, x15       x16=0000013b x31:0000x13b x15:00000fff
14214290ns          236415 1c0085e6 01370e33 add              x28, x14, x19       x28=1c000c38 x14:1c000b50 x19:000000e8
14214310ns          236416 1c0085ea 00251b13 slli             x22, x10, 0x2       x22=000000ec x10:0000003b
14214330ns          236417 1c0085ee 010f5a93 srli             x21, x30, 0x10      x21=0000x099 x30:x099x0fc
14214350ns          236418 1c0085f2 00ff79b3 and              x19, x30, x15       x19=000000fc x30:x099x0fc x15:00000fff
14214370ns          236419 1c0085f6 007033b3 sltu             x7, x0, x7           x7=00000000  x7:00000000
14214390ns          236420 1c0085fa 41030333 sub              x6, x6, x16          x6=00000000  x6:0000013b x16:0000013b
14214409ns          236421 1c0085fe 000e5e03 lhu              x28, 0(x28)         x28=0000000e x28:1c000c38  PA:1c000c38
14214708ns          236436 1c008602 00b70833 add              x16, x14, x11       x16=1c000c38 x14:1c000b50 x11:000000e8
14214728ns          236437 1c008606 00c6af03 lw               x30, 12(x13)        x30=x04fxf2c x13:10004260  PA:1000426c
14214748ns          236438 1c00860a ffd40593 addi             x11, x8, -3         x11=0000003c  x8:0000003f
14214767ns          236439 1c00860e 00285f83 lhu              x31, 2(x16)         x31=0000001f x16:1c000c38  PA:1c000c3a
14215086ns          236455 1c008612 007a0a33 add              x20, x20, x7        x20=00000000 x20:00000000  x7:00000000
14215106ns          236456 1c008614 00faf833 and              x16, x21, x15       x16=00000099 x21:0000x099 x15:00000fff
14215125ns          236457 1c008618 00603333 sltu             x6, x0, x6           x6=00000000  x6:00000000
14215145ns          236458 1c00861c 413282b3 sub              x5, x5, x19          x5=00000000  x5:000000fc x19:000000fc
14215165ns          236459 1c008620 016703b3 add              x7, x14, x22         x7=1c000c3c x14:1c000b50 x22:000000ec
14215185ns          236460 1c008624 410e8eb3 sub              x29, x29, x16       x29=00000000 x29:00000099 x16:00000099
14215205ns          236461 1c008628 0100da93 srli             x21, x1, 0x10       x21=0000x01f  x1:x01fx00e
14215225ns          236462 1c00862c 00f0f9b3 and              x19, x1, x15        x19=0000000e  x1:x01fx00e x15:00000fff
14215265ns          236464 1c008630 01670833 add              x16, x14, x22       x16=1c000c3c x14:1c000b50 x22:000000ec
14215304ns          236466 1c008634 006a0a33 add              x20, x20, x6        x20=00000000 x20:00000000  x6:00000000
14215324ns          236467 1c008636 00259b13 slli             x22, x11, 0x2       x22=000000f0 x11:0000003c
14215344ns          236468 1c00863a 005032b3 sltu             x5, x0, x5           x5=00000000  x5:00000000
14215364ns          236469 1c00863e 0003d383 lhu              x7, 0(x7)            x7=00000f2c  x7:1c000c3c  PA:1c000c3c
14215742ns          236488 1c008642 0106a083 lw               x1, 16(x13)          x1=xc9bx228 x13:10004260  PA:10004270
14215762ns          236489 1c008646 00285303 lhu              x6, 2(x16)           x6=0000004f x16:1c000c3c  PA:1c000c3e
14216140ns          236508 1c00864a ffe40513 addi             x10, x8, -2         x10=0000003d  x8:0000003f
14216160ns          236509 1c00864e 01d03833 sltu             x16, x0, x29        x16=00000000 x29:00000000
14216180ns          236510 1c008652 005a0a33 add              x20, x20, x5        x20=00000000 x20:00000000  x5:00000000
14216199ns          236511 1c008654 00fafeb3 and              x29, x21, x15       x29=0000001f x21:0000x01f x15:00000fff
14216219ns          236512 1c008658 413e0e33 sub              x28, x28, x19       x28=00000000 x28:0000000e x19:0000000e
14216239ns          236513 1c00865c 016702b3 add              x5, x14, x22         x5=1c000c40 x14:1c000b50 x22:000000f0
14216259ns          236514 1c008660 010f5a93 srli             x21, x30, 0x10      x21=0000x04f x30:x04fxf2c
14216279ns          236515 1c008664 00ff79b3 and              x19, x30, x15       x19=00000f2c x30:x04fxf2c x15:00000fff
14216299ns          236516 1c008668 010a0a33 add              x20, x20, x16       x20=00000000 x20:00000000 x16:00000000
14216319ns          236517 1c00866a 01c03e33 sltu             x28, x0, x28        x28=00000000 x28:00000000
14216359ns          236519 1c00866e 01670833 add              x16, x14, x22       x16=1c000c40 x14:1c000b50 x22:000000f0
14216398ns          236521 1c008672 41df8fb3 sub              x31, x31, x29       x31=00000000 x31:0000001f x29:0000001f
14216418ns          236522 1c008676 00251b13 slli             x22, x10, 0x2       x22=000000f4 x10:0000003d
14216438ns          236523 1c00867a 0002d283 lhu              x5, 0(x5)            x5=00000228  x5:1c000c40  PA:1c000c40
14216756ns          236539 1c00867e 0146af03 lw               x30, 20(x13)        x30=x0afx026 x13:10004260  PA:10004274
14216776ns          236540 1c008682 fff40593 addi             x11, x8, -1         x11=0000003e  x8:0000003f
14216796ns          236541 1c008686 00285e83 lhu              x29, 2(x16)         x29=00000c9b x16:1c000c40  PA:1c000c42
14217094ns          236556 1c00868a 01ca0a33 add              x20, x20, x28       x20=00000000 x20:00000000 x28:00000000
14217114ns          236557 1c00868c 01f03fb3 sltu             x31, x0, x31        x31=00000000 x31:00000000
14217134ns          236558 1c008690 00faf833 and              x16, x21, x15       x16=0000004f x21:0000x04f x15:00000fff
14217154ns          236559 1c008694 413383b3 sub              x7, x7, x19          x7=00000000  x7:00000f2c x19:00000f2c
14217174ns          236560 1c008698 01670e33 add              x28, x14, x22       x28=1c000c44 x14:1c000b50 x22:000000f4
14217194ns          236561 1c00869c 41030833 sub              x16, x6, x16        x16=00000000  x6:0000004f x16:0000004f
14217234ns          236563 1c0086a0 01fa0a33 add              x20, x20, x31       x20=00000000 x20:00000000 x31:00000000
14217273ns          236565 1c0086a2 007033b3 sltu             x7, x0, x7           x7=00000000  x7:00000000
14217293ns          236566 1c0086a6 0100d993 srli             x19, x1, 0x10       x19=0000xc9b  x1:xc9bx228
14217313ns          236567 1c0086aa 01670533 add              x10, x14, x22       x10=1c000c44 x14:1c000b50 x22:000000f4
14217373ns          236570 1c0086ae 00f0f0b3 and              x1, x1, x15          x1=00000228  x1:xc9bx228 x15:00000fff
14217413ns          236572 1c0086b2 00259a93 slli             x21, x11, 0x2       x21=000000f8 x11:0000003e
14217432ns          236573 1c0086b6 000e5e03 lhu              x28, 0(x28)         x28=00000026 x28:1c000c44  PA:1c000c44
14217751ns          236589 1c0086ba 0186af83 lw               x31, 24(x13)        x31=xf5cx012 x13:10004260  PA:10004278
14217771ns          236590 1c0086be 00255303 lhu              x6, 2(x10)           x6=000000af x10:1c000c44  PA:1c000c46
14218089ns          236606 1c0086c2 007a0a33 add              x20, x20, x7        x20=00000000 x20:00000000  x7:00000000
14218109ns          236607 1c0086c4 01003533 sltu             x10, x0, x16        x10=00000000 x16:00000000
14218129ns          236608 1c0086c8 00f9f3b3 and              x7, x19, x15         x7=00000c9b x19:0000xc9b x15:00000fff
14218148ns          236609 1c0086cc 401282b3 sub              x5, x5, x1           x5=00000000  x5:00000228  x1:00000228
14218168ns          236610 1c0086d0 01570833 add              x16, x14, x21       x16=1c000c48 x14:1c000b50 x21:000000f8
14218188ns          236611 1c0086d4 00aa0a33 add              x20, x20, x10       x20=00000000 x20:00000000 x10:00000000
14218208ns          236612 1c0086d6 005032b3 sltu             x5, x0, x5           x5=00000000  x5:00000000
14218228ns          236613 1c0086da 407e8eb3 sub              x29, x29, x7        x29=00000000 x29:00000c9b  x7:00000c9b
14218268ns          236615 1c0086de 010f5093 srli             x1, x30, 0x10        x1=0000x0af x30:x0afx026
14218308ns          236617 1c0086e2 00ff73b3 and              x7, x30, x15         x7=00000026 x30:x0afx026 x15:00000fff
14218327ns          236618 1c0086e6 015705b3 add              x11, x14, x21       x11=1c000c48 x14:1c000b50 x21:000000f8
14218347ns          236619 1c0086ea 00085803 lhu              x16, 0(x16)         x16=00000012 x16:1c000c48  PA:1c000c48
14218646ns          236634 1c0086ee 00160613 addi             x12, x12, 1         x12=0000007f x12:0000007e
14218666ns          236635 1c0086f0 01c6af03 lw               x30, 28(x13)        x30=x170x2c0 x13:10004260  PA:1000427c
14218685ns          236636 1c0086f4 0025d503 lhu              x10, 2(x11)         x10=00000f5c x11:1c000c48  PA:1c000c4a
14218984ns          236651 1c0086f8 005a0a33 add              x20, x20, x5        x20=00000000 x20:00000000  x5:00000000
14219004ns          236652 1c0086fa 00e888b3 add              x17, x17, x14       x17=1c000c4c x17:000000fc x14:1c000b50
14219024ns          236653 1c0086fc 01d03eb3 sltu             x29, x0, x29        x29=00000000 x29:00000000
14219043ns          236654 1c008700 00f0f2b3 and              x5, x1, x15          x5=000000af  x1:0000x0af x15:00000fff
14219063ns          236655 1c008704 407e0e33 sub              x28, x28, x7        x28=00000000 x28:00000026  x7:00000026
14219083ns          236656 1c008708 00161613 slli             x12, x12, 0x1       x12=000000fe x12:0000007f
14219103ns          236657 1c00870a 0008d583 lhu              x11, 0(x17)         x11=000002c0 x17:1c000c4c  PA:1c000c4c
14219421ns          236673 1c00870e 01da0a33 add              x20, x20, x29       x20=00000000 x20:00000000 x29:00000000
14219441ns          236674 1c008710 405308b3 sub              x17, x6, x5         x17=00000000  x6:000000af  x5:000000af
14219461ns          236675 1c008714 01c03e33 sltu             x28, x0, x28        x28=00000000 x28:00000000
14219481ns          236676 1c008718 010fd313 srli             x6, x31, 0x10        x6=0000xf5c x31:xf5cx012
14219501ns          236677 1c00871c 00e60633 add              x12, x12, x14       x12=1c000c4e x12:000000fe x14:1c000b50
14219541ns          236679 1c00871e 00ffffb3 and              x31, x31, x15       x31=00000012 x31:xf5cx012 x15:00000fff
14219580ns          236681 1c008722 011038b3 sltu             x17, x0, x17        x17=00000000 x17:00000000
14219600ns          236682 1c008726 00065603 lhu              x12, 0(x12)         x12=00000170 x12:1c000c4e  PA:1c000c4e
14219899ns          236697 1c00872a 01ca0a33 add              x20, x20, x28       x20=00000000 x20:00000000 x28:00000000
14219918ns          236698 1c00872c 00f37333 and              x6, x6, x15          x6=00000f5c  x6:0000xf5c x15:00000fff
14219938ns          236699 1c008730 41f80833 sub              x16, x16, x31       x16=00000000 x16:00000012 x31:00000012
14219958ns          236700 1c008734 011a0a33 add              x20, x20, x17       x20=00000000 x20:00000000 x17:00000000
14219978ns          236701 1c008736 01003833 sltu             x16, x0, x16        x16=00000000 x16:00000000
14219998ns          236702 1c00873a 010f5893 srli             x17, x30, 0x10      x17=0000x170 x30:x170x2c0
14220038ns          236704 1c00873e 40650533 sub              x10, x10, x6        x10=00000000 x10:00000f5c  x6:00000f5c
14220078ns          236706 1c008742 00ff7f33 and              x30, x30, x15       x30=000002c0 x30:x170x2c0 x15:00000fff
14220097ns          236707 1c008746 010a0a33 add              x20, x20, x16       x20=00000000 x20:00000000 x16:00000000
14220117ns          236708 1c008748 00a03533 sltu             x10, x0, x10        x10=00000000 x10:00000000
14220137ns          236709 1c00874c 00f8f833 and              x16, x17, x15       x16=00000170 x17:0000x170 x15:00000fff
14220177ns          236711 1c008750 41e585b3 sub              x11, x11, x30       x11=00000000 x11:000002c0 x30:000002c0
14220217ns          236713 1c008754 00aa0a33 add              x20, x20, x10       x20=00000000 x20:00000000 x10:00000000
14220237ns          236714 1c008756 00b035b3 sltu             x11, x0, x11        x11=00000000 x11:00000000
14220257ns          236715 1c00875a 41060633 sub              x12, x12, x16       x12=00000000 x12:00000170 x16:00000170
14220276ns          236716 1c00875e 00ba0a33 add              x20, x20, x11       x20=00000000 x20:00000000 x11:00000000
14220296ns          236717 1c008760 00c03633 sltu             x12, x0, x12        x12=00000000 x12:00000000
14220316ns          236718 1c008764 00840413 addi             x8, x8, 8            x8=00000047  x8:0000003f
14220336ns          236719 1c008766 00ca0a33 add              x20, x20, x12       x20=00000000 x20:00000000 x12:00000000
14220356ns          236720 1c008768 10068693 addi             x13, x13, 256       x13=10004360 x13:10004260
14220376ns          236721 1c00876c 04940563 beq              x8, x9, 74           x8:00000047  x9:00000047
14220754ns          236740 1c0087b6 1c000537 lui              x10, 0x1c000000     x10=1c000000
14220774ns          236741 1c0087ba 014006b3 add              x13, x0, x20        x13=00000000 x20:00000000
14220794ns          236742 1c0087bc 01200633 add              x12, x0, x18        x12=00000003 x18:00000003
14220833ns          236744 1c0087be 00190593 addi             x11, x18, 1         x11=00000004 x18:00000003
14220873ns          236746 1c0087c2 05850513 addi             x10, x10, 88        x10=1c000058 x10:1c000000
14220893ns          236747 1c0087c6 434000ef jal              x1, 1076             x1=1c0087c8
14220973ns          236751 1c008bfa fc010113 addi             x2, x2, -64          x2=10001f58  x2:10001f98
14221012ns          236753 1c008bfc 02410313 addi             x6, x2, 36           x6=10001f7c  x2:10001f58
14221072ns          236756 1c008c00 02c12423 sw               x12, 40(x2)         x12:00000003  x2:10001f58  PA:10001f80
14221092ns          236757 1c008c02 00a00633 add              x12, x0, x10        x12=1c000058 x10:1c000058
14221112ns          236758 1c008c04 1c009537 lui              x10, 0x1c009000     x10=1c009000
14221132ns          236759 1c008c08 02b12223 sw               x11, 36(x2)         x11:00000004  x2:10001f58  PA:10001f7c
14221152ns          236760 1c008c0a 02d12623 sw               x13, 44(x2)         x13:00000000  x2:10001f58  PA:10001f84
14221171ns          236761 1c008c0c 00200593 addi             x11, x0, 2          x11=00000002
14221191ns          236762 1c008c0e 006006b3 add              x13, x0, x6         x13=10001f7c  x6:10001f7c
14221211ns          236763 1c008c10 bb650513 addi             x10, x10, -1098     x10=1c008bb6 x10:1c009000
14221251ns          236765 1c008c14 00112e23 sw               x1, 28(x2)           x1:1c0087c8  x2:10001f58  PA:10001f74
14221271ns          236766 1c008c16 02e12823 sw               x14, 48(x2)         x14:1c000b50  x2:10001f58  PA:10001f88
14221291ns          236767 1c008c18 02f12a23 sw               x15, 52(x2)         x15:00000fff  x2:10001f58  PA:10001f8c
14221311ns          236768 1c008c1a 03012c23 sw               x16, 56(x2)         x16:00000170  x2:10001f58  PA:10001f90
14221331ns          236769 1c008c1c 03112e23 sw               x17, 60(x2)         x17:0000x170  x2:10001f58  PA:10001f94
14221350ns          236770 1c008c1e 00612623 sw               x6, 12(x2)           x6:10001f7c  x2:10001f58  PA:10001f64
14221370ns          236771 1c008c20 fbfff0ef jal              x1, -66              x1=1c008c22
14221450ns          236775 1c008bde 04a0006f jal              x0, 74             
14221490ns          236777 1c008c28 ec010113 addi             x2, x2, -320         x2=10001e18  x2:10001f58
14221510ns          236778 1c008c2a 13312623 sw               x19, 300(x2)        x19:0000xc9b  x2:10001e18  PA:10001f44
14221569ns          236781 1c008c2e 12112e23 sw               x1, 316(x2)          x1:1c008c22  x2:10001e18  PA:10001f54
14221609ns          236783 1c008c32 12812c23 sw               x8, 312(x2)          x8:00000047  x2:10001e18  PA:10001f50
14221629ns          236784 1c008c36 12912a23 sw               x9, 308(x2)          x9:00000047  x2:10001e18  PA:10001f4c
14221649ns          236785 1c008c3a 13212823 sw               x18, 304(x2)        x18:00000003  x2:10001e18  PA:10001f48
14221708ns          236788 1c008c3e 13412423 sw               x20, 296(x2)        x20:00000000  x2:10001e18  PA:10001f40
14221748ns          236790 1c008c42 13512223 sw               x21, 292(x2)        x21:000000f8  x2:10001e18  PA:10001f3c
14221768ns          236791 1c008c46 13612023 sw               x22, 288(x2)        x22:000000f4  x2:10001e18  PA:10001f38
14221788ns          236792 1c008c4a 11712e23 sw               x23, 284(x2)        x23:000005e8  x2:10001e18  PA:10001f34
14221848ns          236795 1c008c4e 11812c23 sw               x24, 280(x2)        x24:000005f9  x2:10001e18  PA:10001f30
14221887ns          236797 1c008c52 11912a23 sw               x25, 276(x2)        x25:1c0009b8  x2:10001e18  PA:10001f2c
14221907ns          236798 1c008c56 11a12823 sw               x26, 272(x2)        x26:0fa70000  x2:10001e18  PA:10001f28
14221927ns          236799 1c008c5a 11b12623 sw               x27, 268(x2)        x27:0c4b0938  x2:10001e18  PA:10001f24
14221947ns          236800 1c008c5e 00c009b3 add              x19, x0, x12        x19=1c000058 x12:1c000058
14221987ns          236802 1c008c60 0019c78b p.lbu            x15, 1(x19!)        x15=00000046 x19=1c000059 x19:1c000058  PA:1c000058
14222404ns          236823 1c008c64 00d12c23 sw               x13, 24(x2)         x13:10001f7c  x2:10001e18  PA:10001e30
14222424ns          236824 1c008c66 6a0788e3 beq              x15, x0, 3760       x15:00000046
14222444ns          236825 1c008c6a 1c000737 lui              x14, 0x1c000000     x14=1c000000
14222464ns          236826 1c008c6e 0c472703 lw               x14, 196(x14)       x14=20202020 x14:1c000000  PA:1c0000c4
14222762ns          236841 1c008c72 03410d93 addi             x27, x2, 52         x27=10001e4c  x2:10001e18
14222782ns          236842 1c008c76 00a00cb3 add              x25, x0, x10        x25=1c008bb6 x10:1c008bb6
14222802ns          236843 1c008c78 02e12023 sw               x14, 32(x2)         x14:20202020  x2:10001e18  PA:10001e38
14222822ns          236844 1c008c7a 03610713 addi             x14, x2, 54         x14=10001e4e  x2:10001e18
14222842ns          236845 1c008c7e fff74713 xori             x14, x14, -1        x14=efffe1b1 x14:10001e4e
14222862ns          236846 1c008c82 02e12223 sw               x14, 36(x2)         x14:efffe1b1  x2:10001e18  PA:10001e3c
14222882ns          236847 1c008c84 fffdc713 xori             x14, x27, -1        x14=efffe1b3 x27:10001e4c
14222902ns          236848 1c008c88 00b004b3 add              x9, x0, x11          x9=00000002 x11:00000002
14222922ns          236849 1c008c8a 00000413 addi             x8, x0, 0            x8=00000000
14222941ns          236850 1c008c8c 1c000d37 lui              x26, 0x1c000000     x26=1c000000
14222961ns          236851 1c008c90 02e12423 sw               x14, 40(x2)         x14:efffe1b3  x2:10001e18  PA:10001e40
14222981ns          236852 1c008c92 01300a33 add              x20, x0, x19        x20=1c000059 x19:1c000059
14223001ns          236853 1c008c94 00f00533 add              x10, x0, x15        x10=00000046 x15:00000046
14223021ns          236854 1c008c96 02500793 addi             x15, x0, 37         x15=00000025
14223041ns          236855 1c008c9a 04f50763 beq              x10, x15, 78        x10:00000046 x15:00000025
14223061ns          236856 1c008c9e 009005b3 add              x11, x0, x9         x11=00000002  x9:00000002
14223101ns          236858 1c008ca0 000c80e7 jalr             x1, x25, 0           x1=1c008ca2 x25:1c008bb6
14223498ns          236878 1c008bb6 000026b7 lui              x13, 0x2000         x13=00002000
14223538ns          236880 1c008bb8 f8068693 addi             x13, x13, -128      x13=00001f80 x13:00002000
14223558ns          236881 1c008bbc f14027f3 csrrs            x15, x0, 0xf14      x15=00000003
14223618ns          236884 1c008bc0 00379713 slli             x14, x15, 0x3       x14=00000018 x15:00000003
14223657ns          236886 1c008bc4 00279793 slli             x15, x15, 0x2       x15=0000000c x15:00000003
14223677ns          236887 1c008bc6 00d7f7b3 and              x15, x15, x13       x15=00000000 x15:0000000c x13:00001f80
14223697ns          236888 1c008bc8 ee873733 p.bclr           x14, x14, 23, 8     x14=00000018 x14:00000018
14223717ns          236889 1c008bcc 1a10f6b7 lui              x13, 0x1a10f000     x13=1a10f000
14223737ns          236890 1c008bd0 00d70733 add              x14, x14, x13       x14=1a10f018 x14:00000018 x13:1a10f000
14223757ns          236891 1c008bd2 00e787b3 add              x15, x15, x14       x15=1a10f018 x15:00000000 x14:1a10f018
14223777ns          236892 1c008bd4 0ff57513 andi             x10, x10, 255       x10=00000046 x10:00000046
14223797ns          236893 1c008bd8 00a7a023 sw               x10, 0(x15)         x10:00000046 x15:1a10f018  PA:1a10f018
14224314ns          236919 1c008bda 00000513 addi             x10, x0, 0          x10=00000000
14224334ns          236920 1c008bdc 00008067 jalr             x0, x1, 0            x1:1c008ca2
14224393ns          236923 1c008ca2 4df52863 p.beqimm         x10, 1232           x10:00000000
14224413ns          236924 1c008ca6 00140413 addi             x8, x8, 1            x8=00000001  x8:00000000
14224433ns          236925 1c008ca8 001a450b p.lbu            x10, 1(x20!)        x10=00000046 x20=1c00005a x20:1c000059  PA:1c000059
14224771ns          236942 1c008cac fe0515e3 bne              x10, x0, -22        x10:00000046
14224851ns          236946 1c008c96 02500793 addi             x15, x0, 37         x15=00000025
14224871ns          236947 1c008c9a 04f50763 beq              x10, x15, 78        x10:00000046 x15:00000025
14224890ns          236948 1c008c9e 009005b3 add              x11, x0, x9         x11=00000002  x9:00000002
14224910ns          236949 1c008ca0 000c80e7 jalr             x1, x25, 0           x1=1c008ca2 x25:1c008bb6
14224950ns          236951 1c008bb6 000026b7 lui              x13, 0x2000         x13=00002000
14224970ns          236952 1c008bb8 f8068693 addi             x13, x13, -128      x13=00001f80 x13:00002000
14224990ns          236953 1c008bbc f14027f3 csrrs            x15, x0, 0xf14      x15=00000003
14225010ns          236954 1c008bc0 00379713 slli             x14, x15, 0x3       x14=00000018 x15:00000003
14225030ns          236955 1c008bc4 00279793 slli             x15, x15, 0x2       x15=0000000c x15:00000003
14225050ns          236956 1c008bc6 00d7f7b3 and              x15, x15, x13       x15=00000000 x15:0000000c x13:00001f80
14225069ns          236957 1c008bc8 ee873733 p.bclr           x14, x14, 23, 8     x14=00000018 x14:00000018
14225089ns          236958 1c008bcc 1a10f6b7 lui              x13, 0x1a10f000     x13=1a10f000
14225109ns          236959 1c008bd0 00d70733 add              x14, x14, x13       x14=1a10f018 x14:00000018 x13:1a10f000
14225129ns          236960 1c008bd2 00e787b3 add              x15, x15, x14       x15=1a10f018 x15:00000000 x14:1a10f018
14225149ns          236961 1c008bd4 0ff57513 andi             x10, x10, 255       x10=00000046 x10:00000046
14225169ns          236962 1c008bd8 00a7a023 sw               x10, 0(x15)         x10:00000046 x15:1a10f018  PA:1a10f018
14225487ns          236978 1c008bda 00000513 addi             x10, x0, 0          x10=00000000
14225507ns          236979 1c008bdc 00008067 jalr             x0, x1, 0            x1:1c008ca2
14225567ns          236982 1c008ca2 4df52863 p.beqimm         x10, 1232           x10:00000000
14225587ns          236983 1c008ca6 00140413 addi             x8, x8, 1            x8=00000002  x8:00000001
14225606ns          236984 1c008ca8 001a450b p.lbu            x10, 1(x20!)        x10=00000054 x20=1c00005b x20:1c00005a  PA:1c00005a
14225925ns          237000 1c008cac fe0515e3 bne              x10, x0, -22        x10:00000054
14226004ns          237004 1c008c96 02500793 addi             x15, x0, 37         x15=00000025
14226024ns          237005 1c008c9a 04f50763 beq              x10, x15, 78        x10:00000054 x15:00000025
14226044ns          237006 1c008c9e 009005b3 add              x11, x0, x9         x11=00000002  x9:00000002
14226064ns          237007 1c008ca0 000c80e7 jalr             x1, x25, 0           x1=1c008ca2 x25:1c008bb6
14226104ns          237009 1c008bb6 000026b7 lui              x13, 0x2000         x13=00002000
14226124ns          237010 1c008bb8 f8068693 addi             x13, x13, -128      x13=00001f80 x13:00002000
14226143ns          237011 1c008bbc f14027f3 csrrs            x15, x0, 0xf14      x15=00000003
14226163ns          237012 1c008bc0 00379713 slli             x14, x15, 0x3       x14=00000018 x15:00000003
14226183ns          237013 1c008bc4 00279793 slli             x15, x15, 0x2       x15=0000000c x15:00000003
14226203ns          237014 1c008bc6 00d7f7b3 and              x15, x15, x13       x15=00000000 x15:0000000c x13:00001f80
14226223ns          237015 1c008bc8 ee873733 p.bclr           x14, x14, 23, 8     x14=00000018 x14:00000018
14226243ns          237016 1c008bcc 1a10f6b7 lui              x13, 0x1a10f000     x13=1a10f000
14226263ns          237017 1c008bd0 00d70733 add              x14, x14, x13       x14=1a10f018 x14:00000018 x13:1a10f000
14226283ns          237018 1c008bd2 00e787b3 add              x15, x15, x14       x15=1a10f018 x15:00000000 x14:1a10f018
14226303ns          237019 1c008bd4 0ff57513 andi             x10, x10, 255       x10=00000054 x10:00000054
14226322ns          237020 1c008bd8 00a7a023 sw               x10, 0(x15)         x10:00000054 x15:1a10f018  PA:1a10f018
14226641ns          237036 1c008bda 00000513 addi             x10, x0, 0          x10=00000000
14226660ns          237037 1c008bdc 00008067 jalr             x0, x1, 0            x1:1c008ca2
14226720ns          237040 1c008ca2 4df52863 p.beqimm         x10, 1232           x10:00000000
14226740ns          237041 1c008ca6 00140413 addi             x8, x8, 1            x8=00000003  x8:00000002
14226760ns          237042 1c008ca8 001a450b p.lbu            x10, 1(x20!)        x10=00000025 x20=1c00005c x20:1c00005b  PA:1c00005b
14227078ns          237058 1c008cac fe0515e3 bne              x10, x0, -22        x10:00000025
14227158ns          237062 1c008c96 02500793 addi             x15, x0, 37         x15=00000025
14227178ns          237063 1c008c9a 04f50763 beq              x10, x15, 78        x10:00000025 x15:00000025
14227277ns          237068 1c008ce8 01400c33 add              x24, x0, x20        x24=1c00005c x20:1c00005c
14227317ns          237070 1c008cea 000c4a03 lbu              x20, 0(x24)         x20=00000064 x24:1c00005c  PA:1c00005c
14227635ns          237086 1c008cee 0b4d0513 addi             x10, x26, 180       x10=1c0000b4 x26:1c000000
14227655ns          237087 1c008cf2 00912e23 sw               x9, 28(x2)           x9:00000002  x2:10001e18  PA:10001e34
14227675ns          237088 1c008cf4 014005b3 add              x11, x0, x20        x11=00000064 x20:00000064
14227695ns          237089 1c008cf6 00012823 sw               x0, 16(x2)           x2:10001e18  PA:10001e28
14227715ns          237090 1c008cf8 00012a23 sw               x0, 20(x2)           x2:10001e18  PA:10001e2c
14227734ns          237091 1c008cfa 00012623 sw               x0, 12(x2)           x2:10001e18  PA:10001e24
14227754ns          237092 1c008cfc 001c0493 addi             x9, x24, 1           x9=1c00005d x24:1c00005c
14227774ns          237093 1c008d00 e41ff0ef jal              x1, -448             x1=1c008d02
14227854ns          237097 1c008b40 00054703 lbu              x14, 0(x10)         x14=0000002d x10:1c0000b4  PA:1c0000b4
14228172ns          237113 1c008b44 0ff5f593 andi             x11, x11, 255       x11=00000064 x11:00000064
14228192ns          237114 1c008b48 00a007b3 add              x15, x0, x10        x15=1c0000b4 x10:1c0000b4
14228212ns          237115 1c008b4a 00b70863 beq              x14, x11, 16        x14:0000002d x11:00000064
14228232ns          237116 1c008b4e 00070863 beq              x14, x0, 16         x14:0000002d
14228252ns          237117 1c008b50 0017c703 lbu              x14, 1(x15)         x14=0000002b x15:1c0000b4  PA:1c0000b5
14228550ns          237132 1c008b54 00178793 addi             x15, x15, 1         x15=1c0000b5 x15:1c0000b4
14228570ns          237133 1c008b56 feb71ce3 bne              x14, x11, -8        x14:0000002b x11:00000064
14228629ns          237136 1c008b4e 00070863 beq              x14, x0, 16         x14:0000002b
14228649ns          237137 1c008b50 0017c703 lbu              x14, 1(x15)         x14=00000020 x15:1c0000b5  PA:1c0000b6
14228987ns          237154 1c008b54 00178793 addi             x15, x15, 1         x15=1c0000b6 x15:1c0000b5
14229007ns          237155 1c008b56 feb71ce3 bne              x14, x11, -8        x14:00000020 x11:00000064
14229067ns          237158 1c008b4e 00070863 beq              x14, x0, 16         x14:00000020
14229087ns          237159 1c008b50 0017c703 lbu              x14, 1(x15)         x14=00000023 x15:1c0000b6  PA:1c0000b7
14229385ns          237174 1c008b54 00178793 addi             x15, x15, 1         x15=1c0000b7 x15:1c0000b6
14229405ns          237175 1c008b56 feb71ce3 bne              x14, x11, -8        x14:00000023 x11:00000064
14229465ns          237178 1c008b4e 00070863 beq              x14, x0, 16         x14:00000023
14229485ns          237179 1c008b50 0017c703 lbu              x14, 1(x15)         x14=00000030 x15:1c0000b7  PA:1c0000b8
14229783ns          237194 1c008b54 00178793 addi             x15, x15, 1         x15=1c0000b8 x15:1c0000b7
14229803ns          237195 1c008b56 feb71ce3 bne              x14, x11, -8        x14:00000030 x11:00000064
14229862ns          237198 1c008b4e 00070863 beq              x14, x0, 16         x14:00000030
14229882ns          237199 1c008b50 0017c703 lbu              x14, 1(x15)         x14=00000000 x15:1c0000b8  PA:1c0000b9
14230181ns          237214 1c008b54 00178793 addi             x15, x15, 1         x15=1c0000b9 x15:1c0000b8
14230201ns          237215 1c008b56 feb71ce3 bne              x14, x11, -8        x14:00000000 x11:00000064
14230260ns          237218 1c008b4e 00070863 beq              x14, x0, 16         x14:00000000
14230320ns          237221 1c008b5e 00000513 addi             x10, x0, 0          x10=00000000
14230340ns          237222 1c008b60 fe058de3 beq              x11, x0, -6         x11:00000064
14230360ns          237223 1c008b62 00008067 jalr             x0, x1, 0            x1:1c008d02
14230419ns          237226 1c008d02 02000913 addi             x18, x0, 32         x18=00000020
14230439ns          237227 1c008d06 00000993 addi             x19, x0, 0          x19=00000000
14230459ns          237228 1c008d08 02b00a93 addi             x21, x0, 43         x21=0000002b
14230479ns          237229 1c008d0c 02d00b93 addi             x23, x0, 45         x23=0000002d
14230519ns          237231 1c008d10 03000b13 addi             x22, x0, 48         x22=00000030
14230559ns          237233 1c008d14 00900633 add              x12, x0, x9         x12=1c00005d  x9:1c00005d
14230578ns          237234 1c008d16 02050963 beq              x10, x0, 50         x10:00000000
14230738ns          237242 1c008d48 03312623 sw               x19, 44(x2)         x19:00000000  x2:10001e18  PA:10001e44
14230777ns          237244 1c008d4a 02a00693 addi             x13, x0, 42         x13=0000002a
14230797ns          237245 1c008d4e 014009b3 add              x19, x0, x20        x19=00000064 x20:00000064
14230837ns          237247 1c008d50 01800a33 add              x20, x0, x24        x20=1c00005c x24:1c00005c
14230857ns          237248 1c008d52 00900c33 add              x24, x0, x9         x24=1c00005d  x9:1c00005d
14230877ns          237249 1c008d54 01c12483 lw               x9, 28(x2)           x9=00000002  x2:10001e18  PA:10001e34
14230897ns          237250 1c008d56 42d98063 beq              x19, x13, 1056      x19:00000064 x13:0000002a
14230917ns          237251 1c008d5a fd098693 addi             x13, x19, -48       x13=00000034 x19:00000064
14230936ns          237252 1c008d5e 00900513 addi             x10, x0, 9          x10=00000009
14231215ns          237266 1c008d60 00000a93 addi             x21, x0, 0          x21=00000000
14231255ns          237268 1c008d62 3cd57f63 bgeu             x10, x13, 990       x10:00000009 x13:00000034
14231275ns          237269 1c008d66 02e00793 addi             x15, x0, 46         x15=0000002e
14231294ns          237270 1c008d6a fff00b13 addi             x22, x0, -1         x22=ffffffff
14231314ns          237271 1c008d6c 04f981e3 beq              x19, x15, 2114      x19:00000064 x15:0000002e
14231354ns          237273 1c008d70 1c0007b7 lui              x15, 0x1c000000     x15=1c000000
14231394ns          237275 1c008d74 013005b3 add              x11, x0, x19        x11=00000064 x19:00000064
14231414ns          237276 1c008d76 0bc78513 addi             x10, x15, 188       x10=1c0000bc x15:1c000000
14231434ns          237277 1c008d7a 00c12e23 sw               x12, 28(x2)         x12:1c00005d  x2:10001e18  PA:10001e34
14231454ns          237278 1c008d7c dc5ff0ef jal              x1, -572             x1=1c008d7e
14231533ns          237282 1c008b40 00054703 lbu              x14, 0(x10)         x14=00000068 x10:1c0000bc  PA:1c0000bc
14231931ns          237302 1c008b44 0ff5f593 andi             x11, x11, 255       x11=00000064 x11:00000064
14231951ns          237303 1c008b48 00a007b3 add              x15, x0, x10        x15=1c0000bc x10:1c0000bc
14231971ns          237304 1c008b4a 00b70863 beq              x14, x11, 16        x14:00000068 x11:00000064
14231990ns          237305 1c008b4e 00070863 beq              x14, x0, 16         x14:00000068
14232010ns          237306 1c008b50 0017c703 lbu              x14, 1(x15)         x14=0000006c x15:1c0000bc  PA:1c0000bd
14232309ns          237321 1c008b54 00178793 addi             x15, x15, 1         x15=1c0000bd x15:1c0000bc
14232329ns          237322 1c008b56 feb71ce3 bne              x14, x11, -8        x14:0000006c x11:00000064
14232388ns          237325 1c008b4e 00070863 beq              x14, x0, 16         x14:0000006c
14232408ns          237326 1c008b50 0017c703 lbu              x14, 1(x15)         x14=0000004c x15:1c0000bd  PA:1c0000be
14232726ns          237342 1c008b54 00178793 addi             x15, x15, 1         x15=1c0000be x15:1c0000bd
14232746ns          237343 1c008b56 feb71ce3 bne              x14, x11, -8        x14:0000004c x11:00000064
14232806ns          237346 1c008b4e 00070863 beq              x14, x0, 16         x14:0000004c
14232826ns          237347 1c008b50 0017c703 lbu              x14, 1(x15)         x14=0000007a x15:1c0000be  PA:1c0000bf
14233124ns          237362 1c008b54 00178793 addi             x15, x15, 1         x15=1c0000bf x15:1c0000be
14233144ns          237363 1c008b56 feb71ce3 bne              x14, x11, -8        x14:0000007a x11:00000064
14233204ns          237366 1c008b4e 00070863 beq              x14, x0, 16         x14:0000007a
14233224ns          237367 1c008b50 0017c703 lbu              x14, 1(x15)         x14=00000000 x15:1c0000bf  PA:1c0000c0
14233522ns          237382 1c008b54 00178793 addi             x15, x15, 1         x15=1c0000c0 x15:1c0000bf
14233542ns          237383 1c008b56 feb71ce3 bne              x14, x11, -8        x14:00000000 x11:00000064
14233601ns          237386 1c008b4e 00070863 beq              x14, x0, 16         x14:00000000
14233661ns          237389 1c008b5e 00000513 addi             x10, x0, 0          x10=00000000
14233681ns          237390 1c008b60 fe058de3 beq              x11, x0, -6         x11:00000064
14233701ns          237391 1c008b62 00008067 jalr             x0, x1, 0            x1:1c008d7e
14233741ns          237393 1c008d7e 01c12603 lw               x12, 28(x2)         x12=1c00005d  x2:10001e18  PA:10001e34
14233780ns          237395 1c008d80 00c00a33 add              x20, x0, x12        x20=1c00005d x12:1c00005d
14233800ns          237396 1c008d82 00050563 beq              x10, x0, 10         x10:00000000
14234198ns          237416 1c008d8c 06900793 addi             x15, x0, 105        x15=00000069
14234218ns          237417 1c008d90 1cf98be3 beq              x19, x15, 2518      x19:00000064 x15:00000069
14234238ns          237418 1c008d94 4b37ce63 blt              x15, x19, 1212      x15:00000069 x19:00000064
14234258ns          237419 1c008d98 05800793 addi             x15, x0, 88         x15=00000058
14234278ns          237420 1c008d9c 4cf98863 beq              x19, x15, 1232      x19:00000064 x15:00000058
14234755ns          237444 1c008da0 3f37cd63 blt              x15, x19, 1018      x15:00000058 x19:00000064
14234894ns          237451 1c00919a 06400793 addi             x15, x0, 100        x15=00000064
14234954ns          237454 1c00919e 5cf98463 beq              x19, x15, 1480      x19:00000064 x15:00000064
14235053ns          237459 1c009766 01812b83 lw               x23, 24(x2)         x23=10001f7c  x2:10001e18  PA:10001e30
14235093ns          237461 1c009768 004ba60b p.lw             x12, 4(x23!)        x12=00000004 x23=10001f80 x23:10001f7c  PA:10001f7c
14235133ns          237463 1c00976c 48064963 blt              x12, x0, 1170       x12:00000004
14235173ns          237465 1c009770 01412783 lw               x15, 20(x2)         x15=00000000  x2:10001e18  PA:10001e2c
14235192ns          237466 1c009772 00c00733 add              x14, x0, x12        x14=00000004 x12:00000004
14235212ns          237467 1c009774 56078863 beq              x15, x0, 1392       x15:00000000
14235312ns          237472 1c009ce4 01012783 lw               x15, 16(x2)         x15=00000000  x2:10001e18  PA:10001e28
14235332ns          237473 1c009ce6 01b00533 add              x10, x0, x27        x10=10001e4c x27:10001e4c
14235352ns          237474 1c009ce8 a8078ee3 beq              x15, x0, -1380      x15:00000000
14235511ns          237482 1c009784 00a007b3 add              x15, x0, x10        x15=10001e4c x10:10001e4c
14235531ns          237483 1c009786 00a00593 addi             x11, x0, 10         x11=0000000a
14235550ns          237484 1c009788 00900313 addi             x6, x0, 9            x6=00000009
14235570ns          237485 1c00978a 02b776b3 remu             x13, x14, x11       x13=00000004 x14:00000004 x11:0000000a
14236187ns          237516 1c00978e 00e00833 add              x16, x0, x14        x16=00000004 x14:00000004
14236207ns          237517 1c009790 00f008b3 add              x17, x0, x15        x17=10001e4c x15:10001e4c
14236227ns          237518 1c009792 03068693 addi             x13, x13, 48        x13=00000034 x13:00000004
14236247ns          237519 1c009796 00d780ab p.sb             x13, 1(x15!)        x15=10001e4d x13:00000034 x15:10001e4c  PA:10001e4c
14236266ns          237520 1c00979a 02b75733 divu             x14, x14, x11       x14=00000000 x14:00000004 x11:0000000a
14236903ns          237552 1c00979e ff0366e3 bltu             x6, x16, -20         x6:00000009 x16:00000004
14236923ns          237553 1c0097a2 40a78733 sub              x14, x15, x10       x14=00000001 x15:10001e4d x10:10001e4c
14236943ns          237554 1c0097a6 01675c63 bge              x14, x22, 24        x14:00000001 x22:ffffffff
14237440ns          237579 1c0097be 00078023 sb               x0, 0(x15)          x15:10001e4d  PA:10001e4d
14237480ns          237581 1c0097c2 0b157563 bgeu             x10, x17, 170       x10:10001e4c x17:10001e4c
14237579ns          237586 1c00986c 01412703 lw               x14, 20(x2)         x14=00000000  x2:10001e18  PA:10001e2c
14237599ns          237587 1c00986e 01012683 lw               x13, 16(x2)         x13=00000000  x2:10001e18  PA:10001e28
14237659ns          237590 1c009870 41b787b3 sub              x15, x15, x27       x15=00000001 x15:10001e4d x27:10001e4c
14237698ns          237592 1c009874 00d76733 or               x14, x14, x13       x14=00000000 x14:00000000 x13:00000000
14237718ns          237593 1c009876 02e12623 sw               x14, 44(x2)         x14:00000000  x2:10001e18  PA:10001e44
14237758ns          237595 1c009878 b0071be3 bne              x14, x0, -1258      x14:00000000
14237778ns          237596 1c00987c 01f65713 srli             x14, x12, 0x1f      x14=00000000 x12:00000004
14237937ns          237604 1c009880 02e12623 sw               x14, 44(x2)         x14:00000000  x2:10001e18  PA:10001e44
14237977ns          237606 1c009882 b0dff06f jal              x0, -1268          
14238076ns          237611 1c00938e ebfb2be3 p.beqimm         x22, -330           x22:ffffffff
14238176ns          237616 1c009244 0c800713 addi             x14, x0, 200        x14=000000c8
14238215ns          237618 1c009248 14f75b63 bge              x14, x15, 342       x14:000000c8 x15:00000001
14238394ns          237627 1c00939e 00178613 addi             x12, x15, 1         x12=00000002 x15:00000001
14238434ns          237629 1c0093a2 0557c863 blt              x15, x21, 80        x15:00000001 x21:00000000
14238454ns          237630 1c0093a6 01712c23 sw               x23, 24(x2)         x23:10001f80  x2:10001e18  PA:10001e30
14238474ns          237631 1c0093a8 00f00ab3 add              x21, x0, x15        x21=00000001 x15:00000001
14238494ns          237632 1c0093aa 8e0a8fe3 beq              x21, x0, -1794      x21:00000001
14238514ns          237633 1c0093ae 01b00933 add              x18, x0, x27        x18=10001e4c x27:10001e4c
14238534ns          237634 1c0093b0 41b409b3 sub              x19, x8, x27        x19=efffe1b7  x8:00000003 x27:10001e4c
14238554ns          237635 1c0093b4 01ba8ab3 add              x21, x21, x27       x21=10001e4d x21:00000001 x27:10001e4c
14238573ns          237636 1c0093b6 00a0006f jal              x0, 10             
14238892ns          237652 1c0093c0 0019450b p.lbu            x10, 1(x18!)        x10=00000034 x18=10001e4d x18:10001e4c  PA:10001e4c
14238912ns          237653 1c0093c4 009005b3 add              x11, x0, x9         x11=00000002  x9:00000002
14238931ns          237654 1c0093c6 000c80e7 jalr             x1, x25, 0           x1=1c0093c8 x25:1c008bb6
14238971ns          237656 1c008bb6 000026b7 lui              x13, 0x2000         x13=00002000
14238991ns          237657 1c008bb8 f8068693 addi             x13, x13, -128      x13=00001f80 x13:00002000
14239011ns          237658 1c008bbc f14027f3 csrrs            x15, x0, 0xf14      x15=00000003
14239031ns          237659 1c008bc0 00379713 slli             x14, x15, 0x3       x14=00000018 x15:00000003
14239051ns          237660 1c008bc4 00279793 slli             x15, x15, 0x2       x15=0000000c x15:00000003
14239071ns          237661 1c008bc6 00d7f7b3 and              x15, x15, x13       x15=00000000 x15:0000000c x13:00001f80
14239090ns          237662 1c008bc8 ee873733 p.bclr           x14, x14, 23, 8     x14=00000018 x14:00000018
14239110ns          237663 1c008bcc 1a10f6b7 lui              x13, 0x1a10f000     x13=1a10f000
14239150ns          237665 1c008bd0 00d70733 add              x14, x14, x13       x14=1a10f018 x14:00000018 x13:1a10f000
14239170ns          237666 1c008bd2 00e787b3 add              x15, x15, x14       x15=1a10f018 x15:00000000 x14:1a10f018
14239190ns          237667 1c008bd4 0ff57513 andi             x10, x10, 255       x10=00000034 x10:00000034
14239210ns          237668 1c008bd8 00a7a023 sw               x10, 0(x15)         x10:00000034 x15:1a10f018  PA:1a10f018
14239667ns          237691 1c008bda 00000513 addi             x10, x0, 0          x10=00000000
14239687ns          237692 1c008bdc 00008067 jalr             x0, x1, 0            x1:1c0093c8
14239727ns          237694 1c0093c8 fff538e3 p.bneimm         x10, -16            x10:00000000
14239846ns          237700 1c0093b8 01298433 add              x8, x19, x18         x8=00000004 x19:efffe1b7 x18:10001e4d
14239866ns          237701 1c0093bc 8f2a86e3 beq              x21, x18, -1812     x21:10001e4d x18:10001e4d
14239926ns          237704 1c008ca8 001a450b p.lbu            x10, 1(x20!)        x10=00000020 x20=1c00005e x20:1c00005d  PA:1c00005d
14240244ns          237720 1c008cac fe0515e3 bne              x10, x0, -22        x10:00000020
14240383ns          237727 1c008c96 02500793 addi             x15, x0, 37         x15=00000025
14240403ns          237728 1c008c9a 04f50763 beq              x10, x15, 78        x10:00000020 x15:00000025
14240423ns          237729 1c008c9e 009005b3 add              x11, x0, x9         x11=00000002  x9:00000002
14240443ns          237730 1c008ca0 000c80e7 jalr             x1, x25, 0           x1=1c008ca2 x25:1c008bb6
14240483ns          237732 1c008bb6 000026b7 lui              x13, 0x2000         x13=00002000
14240503ns          237733 1c008bb8 f8068693 addi             x13, x13, -128      x13=00001f80 x13:00002000
14240522ns          237734 1c008bbc f14027f3 csrrs            x15, x0, 0xf14      x15=00000003
14240542ns          237735 1c008bc0 00379713 slli             x14, x15, 0x3       x14=00000018 x15:00000003
14240562ns          237736 1c008bc4 00279793 slli             x15, x15, 0x2       x15=0000000c x15:00000003
14240582ns          237737 1c008bc6 00d7f7b3 and              x15, x15, x13       x15=00000000 x15:0000000c x13:00001f80
14240602ns          237738 1c008bc8 ee873733 p.bclr           x14, x14, 23, 8     x14=00000018 x14:00000018
14240622ns          237739 1c008bcc 1a10f6b7 lui              x13, 0x1a10f000     x13=1a10f000
14240642ns          237740 1c008bd0 00d70733 add              x14, x14, x13       x14=1a10f018 x14:00000018 x13:1a10f000
14240662ns          237741 1c008bd2 00e787b3 add              x15, x15, x14       x15=1a10f018 x15:00000000 x14:1a10f018
14240682ns          237742 1c008bd4 0ff57513 andi             x10, x10, 255       x10=00000020 x10:00000020
14240701ns          237743 1c008bd8 00a7a023 sw               x10, 0(x15)         x10:00000020 x15:1a10f018  PA:1a10f018
14241020ns          237759 1c008bda 00000513 addi             x10, x0, 0          x10=00000000
14241040ns          237760 1c008bdc 00008067 jalr             x0, x1, 0            x1:1c008ca2
14241099ns          237763 1c008ca2 4df52863 p.beqimm         x10, 1232           x10:00000000
14241119ns          237764 1c008ca6 00140413 addi             x8, x8, 1            x8=00000005  x8:00000004
14241139ns          237765 1c008ca8 001a450b p.lbu            x10, 1(x20!)        x10=00000028 x20=1c00005f x20:1c00005e  PA:1c00005e
14241457ns          237781 1c008cac fe0515e3 bne              x10, x0, -22        x10:00000028
14241537ns          237785 1c008c96 02500793 addi             x15, x0, 37         x15=00000025
14241557ns          237786 1c008c9a 04f50763 beq              x10, x15, 78        x10:00000028 x15:00000025
14241576ns          237787 1c008c9e 009005b3 add              x11, x0, x9         x11=00000002  x9:00000002
14241596ns          237788 1c008ca0 000c80e7 jalr             x1, x25, 0           x1=1c008ca2 x25:1c008bb6
14241636ns          237790 1c008bb6 000026b7 lui              x13, 0x2000         x13=00002000
14241656ns          237791 1c008bb8 f8068693 addi             x13, x13, -128      x13=00001f80 x13:00002000
14241676ns          237792 1c008bbc f14027f3 csrrs            x15, x0, 0xf14      x15=00000003
14241696ns          237793 1c008bc0 00379713 slli             x14, x15, 0x3       x14=00000018 x15:00000003
14241716ns          237794 1c008bc4 00279793 slli             x15, x15, 0x2       x15=0000000c x15:00000003
14241736ns          237795 1c008bc6 00d7f7b3 and              x15, x15, x13       x15=00000000 x15:0000000c x13:00001f80
14241755ns          237796 1c008bc8 ee873733 p.bclr           x14, x14, 23, 8     x14=00000018 x14:00000018
14241775ns          237797 1c008bcc 1a10f6b7 lui              x13, 0x1a10f000     x13=1a10f000
14241795ns          237798 1c008bd0 00d70733 add              x14, x14, x13       x14=1a10f018 x14:00000018 x13:1a10f000
14241815ns          237799 1c008bd2 00e787b3 add              x15, x15, x14       x15=1a10f018 x15:00000000 x14:1a10f018
14241835ns          237800 1c008bd4 0ff57513 andi             x10, x10, 255       x10=00000028 x10:00000028
14241855ns          237801 1c008bd8 00a7a023 sw               x10, 0(x15)         x10:00000028 x15:1a10f018  PA:1a10f018
14242173ns          237817 1c008bda 00000513 addi             x10, x0, 0          x10=00000000
14242193ns          237818 1c008bdc 00008067 jalr             x0, x1, 0            x1:1c008ca2
14242253ns          237821 1c008ca2 4df52863 p.beqimm         x10, 1232           x10:00000000
14242273ns          237822 1c008ca6 00140413 addi             x8, x8, 1            x8=00000006  x8:00000005
14242292ns          237823 1c008ca8 001a450b p.lbu            x10, 1(x20!)        x10=00000043 x20=1c000060 x20:1c00005f  PA:1c00005f
14242611ns          237839 1c008cac fe0515e3 bne              x10, x0, -22        x10:00000043
14242690ns          237843 1c008c96 02500793 addi             x15, x0, 37         x15=00000025
14242710ns          237844 1c008c9a 04f50763 beq              x10, x15, 78        x10:00000043 x15:00000025
14242730ns          237845 1c008c9e 009005b3 add              x11, x0, x9         x11=00000002  x9:00000002
14242750ns          237846 1c008ca0 000c80e7 jalr             x1, x25, 0           x1=1c008ca2 x25:1c008bb6
14242790ns          237848 1c008bb6 000026b7 lui              x13, 0x2000         x13=00002000
14242810ns          237849 1c008bb8 f8068693 addi             x13, x13, -128      x13=00001f80 x13:00002000
14242829ns          237850 1c008bbc f14027f3 csrrs            x15, x0, 0xf14      x15=00000003
14242849ns          237851 1c008bc0 00379713 slli             x14, x15, 0x3       x14=00000018 x15:00000003
14242869ns          237852 1c008bc4 00279793 slli             x15, x15, 0x2       x15=0000000c x15:00000003
14242889ns          237853 1c008bc6 00d7f7b3 and              x15, x15, x13       x15=00000000 x15:0000000c x13:00001f80
14242909ns          237854 1c008bc8 ee873733 p.bclr           x14, x14, 23, 8     x14=00000018 x14:00000018
14242929ns          237855 1c008bcc 1a10f6b7 lui              x13, 0x1a10f000     x13=1a10f000
14242949ns          237856 1c008bd0 00d70733 add              x14, x14, x13       x14=1a10f018 x14:00000018 x13:1a10f000
14242969ns          237857 1c008bd2 00e787b3 add              x15, x15, x14       x15=1a10f018 x15:00000000 x14:1a10f018
14242989ns          237858 1c008bd4 0ff57513 andi             x10, x10, 255       x10=00000043 x10:00000043
14243008ns          237859 1c008bd8 00a7a023 sw               x10, 0(x15)         x10:00000043 x15:1a10f018  PA:1a10f018
14243347ns          237876 1c008bda 00000513 addi             x10, x0, 0          x10=00000000
14243366ns          237877 1c008bdc 00008067 jalr             x0, x1, 0            x1:1c008ca2
14243426ns          237880 1c008ca2 4df52863 p.beqimm         x10, 1232           x10:00000000
14243446ns          237881 1c008ca6 00140413 addi             x8, x8, 1            x8=00000007  x8:00000006
14243466ns          237882 1c008ca8 001a450b p.lbu            x10, 1(x20!)        x10=0000006f x20=1c000061 x20:1c000060  PA:1c000060
14243784ns          237898 1c008cac fe0515e3 bne              x10, x0, -22        x10:0000006f
14243864ns          237902 1c008c96 02500793 addi             x15, x0, 37         x15=00000025
14243884ns          237903 1c008c9a 04f50763 beq              x10, x15, 78        x10:0000006f x15:00000025
14243903ns          237904 1c008c9e 009005b3 add              x11, x0, x9         x11=00000002  x9:00000002
14243923ns          237905 1c008ca0 000c80e7 jalr             x1, x25, 0           x1=1c008ca2 x25:1c008bb6
14243963ns          237907 1c008bb6 000026b7 lui              x13, 0x2000         x13=00002000
14243983ns          237908 1c008bb8 f8068693 addi             x13, x13, -128      x13=00001f80 x13:00002000
14244003ns          237909 1c008bbc f14027f3 csrrs            x15, x0, 0xf14      x15=00000003
14244023ns          237910 1c008bc0 00379713 slli             x14, x15, 0x3       x14=00000018 x15:00000003
14244043ns          237911 1c008bc4 00279793 slli             x15, x15, 0x2       x15=0000000c x15:00000003
14244062ns          237912 1c008bc6 00d7f7b3 and              x15, x15, x13       x15=00000000 x15:0000000c x13:00001f80
14244082ns          237913 1c008bc8 ee873733 p.bclr           x14, x14, 23, 8     x14=00000018 x14:00000018
14244102ns          237914 1c008bcc 1a10f6b7 lui              x13, 0x1a10f000     x13=1a10f000
14244122ns          237915 1c008bd0 00d70733 add              x14, x14, x13       x14=1a10f018 x14:00000018 x13:1a10f000
14244142ns          237916 1c008bd2 00e787b3 add              x15, x15, x14       x15=1a10f018 x15:00000000 x14:1a10f018
14244162ns          237917 1c008bd4 0ff57513 andi             x10, x10, 255       x10=0000006f x10:0000006f
14244182ns          237918 1c008bd8 00a7a023 sw               x10, 0(x15)         x10:0000006f x15:1a10f018  PA:1a10f018
14244540ns          237936 1c008bda 00000513 addi             x10, x0, 0          x10=00000000
14244560ns          237937 1c008bdc 00008067 jalr             x0, x1, 0            x1:1c008ca2
14244619ns          237940 1c008ca2 4df52863 p.beqimm         x10, 1232           x10:00000000
14244639ns          237941 1c008ca6 00140413 addi             x8, x8, 1            x8=00000008  x8:00000007
14244659ns          237942 1c008ca8 001a450b p.lbu            x10, 1(x20!)        x10=00000072 x20=1c000062 x20:1c000061  PA:1c000061
14244977ns          237958 1c008cac fe0515e3 bne              x10, x0, -22        x10:00000072
14245057ns          237962 1c008c96 02500793 addi             x15, x0, 37         x15=00000025
14245077ns          237963 1c008c9a 04f50763 beq              x10, x15, 78        x10:00000072 x15:00000025
14245097ns          237964 1c008c9e 009005b3 add              x11, x0, x9         x11=00000002  x9:00000002
14245117ns          237965 1c008ca0 000c80e7 jalr             x1, x25, 0           x1=1c008ca2 x25:1c008bb6
14245156ns          237967 1c008bb6 000026b7 lui              x13, 0x2000         x13=00002000
14245176ns          237968 1c008bb8 f8068693 addi             x13, x13, -128      x13=00001f80 x13:00002000
14245196ns          237969 1c008bbc f14027f3 csrrs            x15, x0, 0xf14      x15=00000003
14245216ns          237970 1c008bc0 00379713 slli             x14, x15, 0x3       x14=00000018 x15:00000003
14245236ns          237971 1c008bc4 00279793 slli             x15, x15, 0x2       x15=0000000c x15:00000003
14245256ns          237972 1c008bc6 00d7f7b3 and              x15, x15, x13       x15=00000000 x15:0000000c x13:00001f80
14245276ns          237973 1c008bc8 ee873733 p.bclr           x14, x14, 23, 8     x14=00000018 x14:00000018
14245296ns          237974 1c008bcc 1a10f6b7 lui              x13, 0x1a10f000     x13=1a10f000
14245315ns          237975 1c008bd0 00d70733 add              x14, x14, x13       x14=1a10f018 x14:00000018 x13:1a10f000
14245335ns          237976 1c008bd2 00e787b3 add              x15, x15, x14       x15=1a10f018 x15:00000000 x14:1a10f018
14245355ns          237977 1c008bd4 0ff57513 andi             x10, x10, 255       x10=00000072 x10:00000072
14245375ns          237978 1c008bd8 00a7a023 sw               x10, 0(x15)         x10:00000072 x15:1a10f018  PA:1a10f018
14245693ns          237994 1c008bda 00000513 addi             x10, x0, 0          x10=00000000
14245713ns          237995 1c008bdc 00008067 jalr             x0, x1, 0            x1:1c008ca2
14245773ns          237998 1c008ca2 4df52863 p.beqimm         x10, 1232           x10:00000000
14245793ns          237999 1c008ca6 00140413 addi             x8, x8, 1            x8=00000009  x8:00000008
14245813ns          238000 1c008ca8 001a450b p.lbu            x10, 1(x20!)        x10=00000065 x20=1c000063 x20:1c000062  PA:1c000062
14246131ns          238016 1c008cac fe0515e3 bne              x10, x0, -22        x10:00000065
14246210ns          238020 1c008c96 02500793 addi             x15, x0, 37         x15=00000025
14246230ns          238021 1c008c9a 04f50763 beq              x10, x15, 78        x10:00000065 x15:00000025
14246250ns          238022 1c008c9e 009005b3 add              x11, x0, x9         x11=00000002  x9:00000002
14246270ns          238023 1c008ca0 000c80e7 jalr             x1, x25, 0           x1=1c008ca2 x25:1c008bb6
14246310ns          238025 1c008bb6 000026b7 lui              x13, 0x2000         x13=00002000
14246330ns          238026 1c008bb8 f8068693 addi             x13, x13, -128      x13=00001f80 x13:00002000
14246350ns          238027 1c008bbc f14027f3 csrrs            x15, x0, 0xf14      x15=00000003
14246370ns          238028 1c008bc0 00379713 slli             x14, x15, 0x3       x14=00000018 x15:00000003
14246389ns          238029 1c008bc4 00279793 slli             x15, x15, 0x2       x15=0000000c x15:00000003
14246409ns          238030 1c008bc6 00d7f7b3 and              x15, x15, x13       x15=00000000 x15:0000000c x13:00001f80
14246429ns          238031 1c008bc8 ee873733 p.bclr           x14, x14, 23, 8     x14=00000018 x14:00000018
14246449ns          238032 1c008bcc 1a10f6b7 lui              x13, 0x1a10f000     x13=1a10f000
14246469ns          238033 1c008bd0 00d70733 add              x14, x14, x13       x14=1a10f018 x14:00000018 x13:1a10f000
14246489ns          238034 1c008bd2 00e787b3 add              x15, x15, x14       x15=1a10f018 x15:00000000 x14:1a10f018
14246509ns          238035 1c008bd4 0ff57513 andi             x10, x10, 255       x10=00000065 x10:00000065
14246529ns          238036 1c008bd8 00a7a023 sw               x10, 0(x15)         x10:00000065 x15:1a10f018  PA:1a10f018
14246867ns          238053 1c008bda 00000513 addi             x10, x0, 0          x10=00000000
14246887ns          238054 1c008bdc 00008067 jalr             x0, x1, 0            x1:1c008ca2
14246946ns          238057 1c008ca2 4df52863 p.beqimm         x10, 1232           x10:00000000
14246966ns          238058 1c008ca6 00140413 addi             x8, x8, 1            x8=0000000a  x8:00000009
14246986ns          238059 1c008ca8 001a450b p.lbu            x10, 1(x20!)        x10=00000020 x20=1c000064 x20:1c000063  PA:1c000063
14247304ns          238075 1c008cac fe0515e3 bne              x10, x0, -22        x10:00000020
14247384ns          238079 1c008c96 02500793 addi             x15, x0, 37         x15=00000025
14247404ns          238080 1c008c9a 04f50763 beq              x10, x15, 78        x10:00000020 x15:00000025
14247424ns          238081 1c008c9e 009005b3 add              x11, x0, x9         x11=00000002  x9:00000002
14247443ns          238082 1c008ca0 000c80e7 jalr             x1, x25, 0           x1=1c008ca2 x25:1c008bb6
14247483ns          238084 1c008bb6 000026b7 lui              x13, 0x2000         x13=00002000
14247503ns          238085 1c008bb8 f8068693 addi             x13, x13, -128      x13=00001f80 x13:00002000
14247523ns          238086 1c008bbc f14027f3 csrrs            x15, x0, 0xf14      x15=00000003
14247543ns          238087 1c008bc0 00379713 slli             x14, x15, 0x3       x14=00000018 x15:00000003
14247563ns          238088 1c008bc4 00279793 slli             x15, x15, 0x2       x15=0000000c x15:00000003
14247583ns          238089 1c008bc6 00d7f7b3 and              x15, x15, x13       x15=00000000 x15:0000000c x13:00001f80
14247603ns          238090 1c008bc8 ee873733 p.bclr           x14, x14, 23, 8     x14=00000018 x14:00000018
14247622ns          238091 1c008bcc 1a10f6b7 lui              x13, 0x1a10f000     x13=1a10f000
14247642ns          238092 1c008bd0 00d70733 add              x14, x14, x13       x14=1a10f018 x14:00000018 x13:1a10f000
14247662ns          238093 1c008bd2 00e787b3 add              x15, x15, x14       x15=1a10f018 x15:00000000 x14:1a10f018
14247682ns          238094 1c008bd4 0ff57513 andi             x10, x10, 255       x10=00000020 x10:00000020
14247702ns          238095 1c008bd8 00a7a023 sw               x10, 0(x15)         x10:00000020 x15:1a10f018  PA:1a10f018
14248040ns          238112 1c008bda 00000513 addi             x10, x0, 0          x10=00000000
14248060ns          238113 1c008bdc 00008067 jalr             x0, x1, 0            x1:1c008ca2
14248120ns          238116 1c008ca2 4df52863 p.beqimm         x10, 1232           x10:00000000
14248140ns          238117 1c008ca6 00140413 addi             x8, x8, 1            x8=0000000b  x8:0000000a
14248159ns          238118 1c008ca8 001a450b p.lbu            x10, 1(x20!)        x10=00000025 x20=1c000065 x20:1c000064  PA:1c000064
14248498ns          238135 1c008cac fe0515e3 bne              x10, x0, -22        x10:00000025
14248577ns          238139 1c008c96 02500793 addi             x15, x0, 37         x15=00000025
14248597ns          238140 1c008c9a 04f50763 beq              x10, x15, 78        x10:00000025 x15:00000025
14248696ns          238145 1c008ce8 01400c33 add              x24, x0, x20        x24=1c000065 x20:1c000065
14248736ns          238147 1c008cea 000c4a03 lbu              x20, 0(x24)         x20=00000064 x24:1c000065  PA:1c000065
14249034ns          238162 1c008cee 0b4d0513 addi             x10, x26, 180       x10=1c0000b4 x26:1c000000
14249054ns          238163 1c008cf2 00912e23 sw               x9, 28(x2)           x9:00000002  x2:10001e18  PA:10001e34
14249074ns          238164 1c008cf4 014005b3 add              x11, x0, x20        x11=00000064 x20:00000064
14249094ns          238165 1c008cf6 00012823 sw               x0, 16(x2)           x2:10001e18  PA:10001e28
14249114ns          238166 1c008cf8 00012a23 sw               x0, 20(x2)           x2:10001e18  PA:10001e2c
14249134ns          238167 1c008cfa 00012623 sw               x0, 12(x2)           x2:10001e18  PA:10001e24
14249154ns          238168 1c008cfc 001c0493 addi             x9, x24, 1           x9=1c000066 x24:1c000065
14249174ns          238169 1c008d00 e41ff0ef jal              x1, -448             x1=1c008d02
14249213ns          238171 1c008b40 00054703 lbu              x14, 0(x10)         x14=0000002d x10:1c0000b4  PA:1c0000b4
14249512ns          238186 1c008b44 0ff5f593 andi             x11, x11, 255       x11=00000064 x11:00000064
14249532ns          238187 1c008b48 00a007b3 add              x15, x0, x10        x15=1c0000b4 x10:1c0000b4
14249552ns          238188 1c008b4a 00b70863 beq              x14, x11, 16        x14:0000002d x11:00000064
14249571ns          238189 1c008b4e 00070863 beq              x14, x0, 16         x14:0000002d
14249591ns          238190 1c008b50 0017c703 lbu              x14, 1(x15)         x14=0000002b x15:1c0000b4  PA:1c0000b5
14249929ns          238207 1c008b54 00178793 addi             x15, x15, 1         x15=1c0000b5 x15:1c0000b4
14249949ns          238208 1c008b56 feb71ce3 bne              x14, x11, -8        x14:0000002b x11:00000064
14250009ns          238211 1c008b4e 00070863 beq              x14, x0, 16         x14:0000002b
14250029ns          238212 1c008b50 0017c703 lbu              x14, 1(x15)         x14=00000020 x15:1c0000b5  PA:1c0000b6
14250327ns          238227 1c008b54 00178793 addi             x15, x15, 1         x15=1c0000b6 x15:1c0000b5
14250347ns          238228 1c008b56 feb71ce3 bne              x14, x11, -8        x14:00000020 x11:00000064
14250407ns          238231 1c008b4e 00070863 beq              x14, x0, 16         x14:00000020
14250427ns          238232 1c008b50 0017c703 lbu              x14, 1(x15)         x14=00000023 x15:1c0000b6  PA:1c0000b7
14250725ns          238247 1c008b54 00178793 addi             x15, x15, 1         x15=1c0000b7 x15:1c0000b6
14250745ns          238248 1c008b56 feb71ce3 bne              x14, x11, -8        x14:00000023 x11:00000064
14250805ns          238251 1c008b4e 00070863 beq              x14, x0, 16         x14:00000023
14250824ns          238252 1c008b50 0017c703 lbu              x14, 1(x15)         x14=00000030 x15:1c0000b7  PA:1c0000b8
14251143ns          238268 1c008b54 00178793 addi             x15, x15, 1         x15=1c0000b8 x15:1c0000b7
14251163ns          238269 1c008b56 feb71ce3 bne              x14, x11, -8        x14:00000030 x11:00000064
14251222ns          238272 1c008b4e 00070863 beq              x14, x0, 16         x14:00000030
14251242ns          238273 1c008b50 0017c703 lbu              x14, 1(x15)         x14=00000000 x15:1c0000b8  PA:1c0000b9
14251600ns          238291 1c008b54 00178793 addi             x15, x15, 1         x15=1c0000b9 x15:1c0000b8
14251620ns          238292 1c008b56 feb71ce3 bne              x14, x11, -8        x14:00000000 x11:00000064
14251680ns          238295 1c008b4e 00070863 beq              x14, x0, 16         x14:00000000
14251739ns          238298 1c008b5e 00000513 addi             x10, x0, 0          x10=00000000
14251759ns          238299 1c008b60 fe058de3 beq              x11, x0, -6         x11:00000064
14251779ns          238300 1c008b62 00008067 jalr             x0, x1, 0            x1:1c008d02
14251839ns          238303 1c008d02 02000913 addi             x18, x0, 32         x18=00000020
14251859ns          238304 1c008d06 00000993 addi             x19, x0, 0          x19=00000000
14251878ns          238305 1c008d08 02b00a93 addi             x21, x0, 43         x21=0000002b
14251898ns          238306 1c008d0c 02d00b93 addi             x23, x0, 45         x23=0000002d
14251938ns          238308 1c008d10 03000b13 addi             x22, x0, 48         x22=00000030
14251978ns          238310 1c008d14 00900633 add              x12, x0, x9         x12=1c000066  x9:1c000066
14251998ns          238311 1c008d16 02050963 beq              x10, x0, 50         x10:00000000
14252157ns          238319 1c008d48 03312623 sw               x19, 44(x2)         x19:00000000  x2:10001e18  PA:10001e44
14252197ns          238321 1c008d4a 02a00693 addi             x13, x0, 42         x13=0000002a
14252217ns          238322 1c008d4e 014009b3 add              x19, x0, x20        x19=00000064 x20:00000064
14252256ns          238324 1c008d50 01800a33 add              x20, x0, x24        x20=1c000065 x24:1c000065
14252276ns          238325 1c008d52 00900c33 add              x24, x0, x9         x24=1c000066  x9:1c000066
14252296ns          238326 1c008d54 01c12483 lw               x9, 28(x2)           x9=00000002  x2:10001e18  PA:10001e34
14252316ns          238327 1c008d56 42d98063 beq              x19, x13, 1056      x19:00000064 x13:0000002a
14252336ns          238328 1c008d5a fd098693 addi             x13, x19, -48       x13=00000034 x19:00000064
14252356ns          238329 1c008d5e 00900513 addi             x10, x0, 9          x10=00000009
14252376ns          238330 1c008d60 00000a93 addi             x21, x0, 0          x21=00000000
14252396ns          238331 1c008d62 3cd57f63 bgeu             x10, x13, 990       x10:00000009 x13:00000034
14252415ns          238332 1c008d66 02e00793 addi             x15, x0, 46         x15=0000002e
14252435ns          238333 1c008d6a fff00b13 addi             x22, x0, -1         x22=ffffffff
14252455ns          238334 1c008d6c 04f981e3 beq              x19, x15, 2114      x19:00000064 x15:0000002e
14252475ns          238335 1c008d70 1c0007b7 lui              x15, 0x1c000000     x15=1c000000
14252495ns          238336 1c008d74 013005b3 add              x11, x0, x19        x11=00000064 x19:00000064
14252515ns          238337 1c008d76 0bc78513 addi             x10, x15, 188       x10=1c0000bc x15:1c000000
14252535ns          238338 1c008d7a 00c12e23 sw               x12, 28(x2)         x12:1c000066  x2:10001e18  PA:10001e34
14252555ns          238339 1c008d7c dc5ff0ef jal              x1, -572             x1=1c008d7e
14252594ns          238341 1c008b40 00054703 lbu              x14, 0(x10)         x14=00000068 x10:1c0000bc  PA:1c0000bc
14252893ns          238356 1c008b44 0ff5f593 andi             x11, x11, 255       x11=00000064 x11:00000064
14252913ns          238357 1c008b48 00a007b3 add              x15, x0, x10        x15=1c0000bc x10:1c0000bc
14252933ns          238358 1c008b4a 00b70863 beq              x14, x11, 16        x14:00000068 x11:00000064
14252952ns          238359 1c008b4e 00070863 beq              x14, x0, 16         x14:00000068
14252972ns          238360 1c008b50 0017c703 lbu              x14, 1(x15)         x14=0000006c x15:1c0000bc  PA:1c0000bd
14253330ns          238378 1c008b54 00178793 addi             x15, x15, 1         x15=1c0000bd x15:1c0000bc
14253350ns          238379 1c008b56 feb71ce3 bne              x14, x11, -8        x14:0000006c x11:00000064
14253410ns          238382 1c008b4e 00070863 beq              x14, x0, 16         x14:0000006c
14253430ns          238383 1c008b50 0017c703 lbu              x14, 1(x15)         x14=0000004c x15:1c0000bd  PA:1c0000be
14253748ns          238399 1c008b54 00178793 addi             x15, x15, 1         x15=1c0000be x15:1c0000bd
14253768ns          238400 1c008b56 feb71ce3 bne              x14, x11, -8        x14:0000004c x11:00000064
14253828ns          238403 1c008b4e 00070863 beq              x14, x0, 16         x14:0000004c
14253847ns          238404 1c008b50 0017c703 lbu              x14, 1(x15)         x14=0000007a x15:1c0000be  PA:1c0000bf
14254146ns          238419 1c008b54 00178793 addi             x15, x15, 1         x15=1c0000bf x15:1c0000be
14254166ns          238420 1c008b56 feb71ce3 bne              x14, x11, -8        x14:0000007a x11:00000064
14254225ns          238423 1c008b4e 00070863 beq              x14, x0, 16         x14:0000007a
14254245ns          238424 1c008b50 0017c703 lbu              x14, 1(x15)         x14=00000000 x15:1c0000bf  PA:1c0000c0
14254543ns          238439 1c008b54 00178793 addi             x15, x15, 1         x15=1c0000c0 x15:1c0000bf
14254563ns          238440 1c008b56 feb71ce3 bne              x14, x11, -8        x14:00000000 x11:00000064
14254623ns          238443 1c008b4e 00070863 beq              x14, x0, 16         x14:00000000
14254683ns          238446 1c008b5e 00000513 addi             x10, x0, 0          x10=00000000
14254703ns          238447 1c008b60 fe058de3 beq              x11, x0, -6         x11:00000064
14254722ns          238448 1c008b62 00008067 jalr             x0, x1, 0            x1:1c008d7e
14254762ns          238450 1c008d7e 01c12603 lw               x12, 28(x2)         x12=1c000066  x2:10001e18  PA:10001e34
14254802ns          238452 1c008d80 00c00a33 add              x20, x0, x12        x20=1c000066 x12:1c000066
14254822ns          238453 1c008d82 00050563 beq              x10, x0, 10         x10:00000000
14254882ns          238456 1c008d8c 06900793 addi             x15, x0, 105        x15=00000069
14254901ns          238457 1c008d90 1cf98be3 beq              x19, x15, 2518      x19:00000064 x15:00000069
14254921ns          238458 1c008d94 4b37ce63 blt              x15, x19, 1212      x15:00000069 x19:00000064
14254941ns          238459 1c008d98 05800793 addi             x15, x0, 88         x15=00000058
14254961ns          238460 1c008d9c 4cf98863 beq              x19, x15, 1232      x19:00000064 x15:00000058
14255021ns          238463 1c008da0 3f37cd63 blt              x15, x19, 1018      x15:00000058 x19:00000064
14255160ns          238470 1c00919a 06400793 addi             x15, x0, 100        x15=00000064
14255220ns          238473 1c00919e 5cf98463 beq              x19, x15, 1480      x19:00000064 x15:00000064
14255339ns          238479 1c009766 01812b83 lw               x23, 24(x2)         x23=10001f80  x2:10001e18  PA:10001e30
14255379ns          238481 1c009768 004ba60b p.lw             x12, 4(x23!)        x12=00000003 x23=10001f84 x23:10001f80  PA:10001f80
14255419ns          238483 1c00976c 48064963 blt              x12, x0, 1170       x12:00000003
14255458ns          238485 1c009770 01412783 lw               x15, 20(x2)         x15=00000000  x2:10001e18  PA:10001e2c
14255478ns          238486 1c009772 00c00733 add              x14, x0, x12        x14=00000003 x12:00000003
14255498ns          238487 1c009774 56078863 beq              x15, x0, 1392       x15:00000000
14255598ns          238492 1c009ce4 01012783 lw               x15, 16(x2)         x15=00000000  x2:10001e18  PA:10001e28
14255617ns          238493 1c009ce6 01b00533 add              x10, x0, x27        x10=10001e4c x27:10001e4c
14255637ns          238494 1c009ce8 a8078ee3 beq              x15, x0, -1380      x15:00000000
14255697ns          238497 1c009784 00a007b3 add              x15, x0, x10        x15=10001e4c x10:10001e4c
14255717ns          238498 1c009786 00a00593 addi             x11, x0, 10         x11=0000000a
14255737ns          238499 1c009788 00900313 addi             x6, x0, 9            x6=00000009
14255757ns          238500 1c00978a 02b776b3 remu             x13, x14, x11       x13=00000003 x14:00000003 x11:0000000a
14256373ns          238531 1c00978e 00e00833 add              x16, x0, x14        x16=00000003 x14:00000003
14256393ns          238532 1c009790 00f008b3 add              x17, x0, x15        x17=10001e4c x15:10001e4c
14256413ns          238533 1c009792 03068693 addi             x13, x13, 48        x13=00000033 x13:00000003
14256433ns          238534 1c009796 00d780ab p.sb             x13, 1(x15!)        x15=10001e4d x13:00000033 x15:10001e4c  PA:10001e4c
14256453ns          238535 1c00979a 02b75733 divu             x14, x14, x11       x14=00000000 x14:00000003 x11:0000000a
14257089ns          238567 1c00979e ff0366e3 bltu             x6, x16, -20         x6:00000009 x16:00000003
14257109ns          238568 1c0097a2 40a78733 sub              x14, x15, x10       x14=00000001 x15:10001e4d x10:10001e4c
14257129ns          238569 1c0097a6 01675c63 bge              x14, x22, 24        x14:00000001 x22:ffffffff
14257308ns          238578 1c0097be 00078023 sb               x0, 0(x15)          x15:10001e4d  PA:10001e4d
14257348ns          238580 1c0097c2 0b157563 bgeu             x10, x17, 170       x10:10001e4c x17:10001e4c
14257407ns          238583 1c00986c 01412703 lw               x14, 20(x2)         x14=00000000  x2:10001e18  PA:10001e2c
14257427ns          238584 1c00986e 01012683 lw               x13, 16(x2)         x13=00000000  x2:10001e18  PA:10001e28
14257447ns          238585 1c009870 41b787b3 sub              x15, x15, x27       x15=00000001 x15:10001e4d x27:10001e4c
14257467ns          238586 1c009874 00d76733 or               x14, x14, x13       x14=00000000 x14:00000000 x13:00000000
14257487ns          238587 1c009876 02e12623 sw               x14, 44(x2)         x14:00000000  x2:10001e18  PA:10001e44
14257507ns          238588 1c009878 b0071be3 bne              x14, x0, -1258      x14:00000000
14257527ns          238589 1c00987c 01f65713 srli             x14, x12, 0x1f      x14=00000000 x12:00000003
14257547ns          238590 1c009880 02e12623 sw               x14, 44(x2)         x14:00000000  x2:10001e18  PA:10001e44
14257566ns          238591 1c009882 b0dff06f jal              x0, -1268          
14257666ns          238596 1c00938e ebfb2be3 p.beqimm         x22, -330           x22:ffffffff
14257765ns          238601 1c009244 0c800713 addi             x14, x0, 200        x14=000000c8
14257805ns          238603 1c009248 14f75b63 bge              x14, x15, 342       x14:000000c8 x15:00000001
14257924ns          238609 1c00939e 00178613 addi             x12, x15, 1         x12=00000002 x15:00000001
14257964ns          238611 1c0093a2 0557c863 blt              x15, x21, 80        x15:00000001 x21:00000000
14257984ns          238612 1c0093a6 01712c23 sw               x23, 24(x2)         x23:10001f84  x2:10001e18  PA:10001e30
14258004ns          238613 1c0093a8 00f00ab3 add              x21, x0, x15        x21=00000001 x15:00000001
14258024ns          238614 1c0093aa 8e0a8fe3 beq              x21, x0, -1794      x21:00000001
14258044ns          238615 1c0093ae 01b00933 add              x18, x0, x27        x18=10001e4c x27:10001e4c
14258064ns          238616 1c0093b0 41b409b3 sub              x19, x8, x27        x19=efffe1bf  x8:0000000b x27:10001e4c
14258084ns          238617 1c0093b4 01ba8ab3 add              x21, x21, x27       x21=10001e4d x21:00000001 x27:10001e4c
14258103ns          238618 1c0093b6 00a0006f jal              x0, 10             
14258183ns          238622 1c0093c0 0019450b p.lbu            x10, 1(x18!)        x10=00000033 x18=10001e4d x18:10001e4c  PA:10001e4c
14258203ns          238623 1c0093c4 009005b3 add              x11, x0, x9         x11=00000002  x9:00000002
14258223ns          238624 1c0093c6 000c80e7 jalr             x1, x25, 0           x1=1c0093c8 x25:1c008bb6
14258302ns          238628 1c008bb6 000026b7 lui              x13, 0x2000         x13=00002000
14258342ns          238630 1c008bb8 f8068693 addi             x13, x13, -128      x13=00001f80 x13:00002000
14258362ns          238631 1c008bbc f14027f3 csrrs            x15, x0, 0xf14      x15=00000003
14258382ns          238632 1c008bc0 00379713 slli             x14, x15, 0x3       x14=00000018 x15:00000003
14258402ns          238633 1c008bc4 00279793 slli             x15, x15, 0x2       x15=0000000c x15:00000003
14258422ns          238634 1c008bc6 00d7f7b3 and              x15, x15, x13       x15=00000000 x15:0000000c x13:00001f80
14258442ns          238635 1c008bc8 ee873733 p.bclr           x14, x14, 23, 8     x14=00000018 x14:00000018
14258461ns          238636 1c008bcc 1a10f6b7 lui              x13, 0x1a10f000     x13=1a10f000
14258481ns          238637 1c008bd0 00d70733 add              x14, x14, x13       x14=1a10f018 x14:00000018 x13:1a10f000
14258501ns          238638 1c008bd2 00e787b3 add              x15, x15, x14       x15=1a10f018 x15:00000000 x14:1a10f018
14258521ns          238639 1c008bd4 0ff57513 andi             x10, x10, 255       x10=00000033 x10:00000033
14258541ns          238640 1c008bd8 00a7a023 sw               x10, 0(x15)         x10:00000033 x15:1a10f018  PA:1a10f018
14258859ns          238656 1c008bda 00000513 addi             x10, x0, 0          x10=00000000
14258879ns          238657 1c008bdc 00008067 jalr             x0, x1, 0            x1:1c0093c8
14258919ns          238659 1c0093c8 fff538e3 p.bneimm         x10, -16            x10:00000000
14259078ns          238667 1c0093b8 01298433 add              x8, x19, x18         x8=0000000c x19:efffe1bf x18:10001e4d
14259118ns          238669 1c0093bc 8f2a86e3 beq              x21, x18, -1812     x21:10001e4d x18:10001e4d
14259177ns          238672 1c008ca8 001a450b p.lbu            x10, 1(x20!)        x10=00000029 x20=1c000067 x20:1c000066  PA:1c000066
14259496ns          238688 1c008cac fe0515e3 bne              x10, x0, -22        x10:00000029
14259575ns          238692 1c008c96 02500793 addi             x15, x0, 37         x15=00000025
14259595ns          238693 1c008c9a 04f50763 beq              x10, x15, 78        x10:00000029 x15:00000025
14259615ns          238694 1c008c9e 009005b3 add              x11, x0, x9         x11=00000002  x9:00000002
14259635ns          238695 1c008ca0 000c80e7 jalr             x1, x25, 0           x1=1c008ca2 x25:1c008bb6
14259675ns          238697 1c008bb6 000026b7 lui              x13, 0x2000         x13=00002000
14259694ns          238698 1c008bb8 f8068693 addi             x13, x13, -128      x13=00001f80 x13:00002000
14259714ns          238699 1c008bbc f14027f3 csrrs            x15, x0, 0xf14      x15=00000003
14259734ns          238700 1c008bc0 00379713 slli             x14, x15, 0x3       x14=00000018 x15:00000003
14259754ns          238701 1c008bc4 00279793 slli             x15, x15, 0x2       x15=0000000c x15:00000003
14259774ns          238702 1c008bc6 00d7f7b3 and              x15, x15, x13       x15=00000000 x15:0000000c x13:00001f80
14259794ns          238703 1c008bc8 ee873733 p.bclr           x14, x14, 23, 8     x14=00000018 x14:00000018
14259814ns          238704 1c008bcc 1a10f6b7 lui              x13, 0x1a10f000     x13=1a10f000
14259834ns          238705 1c008bd0 00d70733 add              x14, x14, x13       x14=1a10f018 x14:00000018 x13:1a10f000
14259854ns          238706 1c008bd2 00e787b3 add              x15, x15, x14       x15=1a10f018 x15:00000000 x14:1a10f018
14259873ns          238707 1c008bd4 0ff57513 andi             x10, x10, 255       x10=00000029 x10:00000029
14259893ns          238708 1c008bd8 00a7a023 sw               x10, 0(x15)         x10:00000029 x15:1a10f018  PA:1a10f018
14260212ns          238724 1c008bda 00000513 addi             x10, x0, 0          x10=00000000
14260231ns          238725 1c008bdc 00008067 jalr             x0, x1, 0            x1:1c008ca2
14260291ns          238728 1c008ca2 4df52863 p.beqimm         x10, 1232           x10:00000000
14260311ns          238729 1c008ca6 00140413 addi             x8, x8, 1            x8=0000000d  x8:0000000c
14260331ns          238730 1c008ca8 001a450b p.lbu            x10, 1(x20!)        x10=00000020 x20=1c000068 x20:1c000067  PA:1c000067
14260669ns          238747 1c008cac fe0515e3 bne              x10, x0, -22        x10:00000020
14260749ns          238751 1c008c96 02500793 addi             x15, x0, 37         x15=00000025
14260768ns          238752 1c008c9a 04f50763 beq              x10, x15, 78        x10:00000020 x15:00000025
14260788ns          238753 1c008c9e 009005b3 add              x11, x0, x9         x11=00000002  x9:00000002
14260808ns          238754 1c008ca0 000c80e7 jalr             x1, x25, 0           x1=1c008ca2 x25:1c008bb6
14260848ns          238756 1c008bb6 000026b7 lui              x13, 0x2000         x13=00002000
14260868ns          238757 1c008bb8 f8068693 addi             x13, x13, -128      x13=00001f80 x13:00002000
14260888ns          238758 1c008bbc f14027f3 csrrs            x15, x0, 0xf14      x15=00000003
14260908ns          238759 1c008bc0 00379713 slli             x14, x15, 0x3       x14=00000018 x15:00000003
14260928ns          238760 1c008bc4 00279793 slli             x15, x15, 0x2       x15=0000000c x15:00000003
14260947ns          238761 1c008bc6 00d7f7b3 and              x15, x15, x13       x15=00000000 x15:0000000c x13:00001f80
14260967ns          238762 1c008bc8 ee873733 p.bclr           x14, x14, 23, 8     x14=00000018 x14:00000018
14260987ns          238763 1c008bcc 1a10f6b7 lui              x13, 0x1a10f000     x13=1a10f000
14261007ns          238764 1c008bd0 00d70733 add              x14, x14, x13       x14=1a10f018 x14:00000018 x13:1a10f000
14261027ns          238765 1c008bd2 00e787b3 add              x15, x15, x14       x15=1a10f018 x15:00000000 x14:1a10f018
14261047ns          238766 1c008bd4 0ff57513 andi             x10, x10, 255       x10=00000020 x10:00000020
14261067ns          238767 1c008bd8 00a7a023 sw               x10, 0(x15)         x10:00000020 x15:1a10f018  PA:1a10f018
14261385ns          238783 1c008bda 00000513 addi             x10, x0, 0          x10=00000000
14261405ns          238784 1c008bdc 00008067 jalr             x0, x1, 0            x1:1c008ca2
14261464ns          238787 1c008ca2 4df52863 p.beqimm         x10, 1232           x10:00000000
14261484ns          238788 1c008ca6 00140413 addi             x8, x8, 1            x8=0000000e  x8:0000000d
14261504ns          238789 1c008ca8 001a450b p.lbu            x10, 1(x20!)        x10=00000045 x20=1c000069 x20:1c000068  PA:1c000068
14261822ns          238805 1c008cac fe0515e3 bne              x10, x0, -22        x10:00000045
14261902ns          238809 1c008c96 02500793 addi             x15, x0, 37         x15=00000025
14261922ns          238810 1c008c9a 04f50763 beq              x10, x15, 78        x10:00000045 x15:00000025
14261942ns          238811 1c008c9e 009005b3 add              x11, x0, x9         x11=00000002  x9:00000002
14261962ns          238812 1c008ca0 000c80e7 jalr             x1, x25, 0           x1=1c008ca2 x25:1c008bb6
14262001ns          238814 1c008bb6 000026b7 lui              x13, 0x2000         x13=00002000
14262021ns          238815 1c008bb8 f8068693 addi             x13, x13, -128      x13=00001f80 x13:00002000
14262041ns          238816 1c008bbc f14027f3 csrrs            x15, x0, 0xf14      x15=00000003
14262061ns          238817 1c008bc0 00379713 slli             x14, x15, 0x3       x14=00000018 x15:00000003
14262081ns          238818 1c008bc4 00279793 slli             x15, x15, 0x2       x15=0000000c x15:00000003
14262101ns          238819 1c008bc6 00d7f7b3 and              x15, x15, x13       x15=00000000 x15:0000000c x13:00001f80
14262121ns          238820 1c008bc8 ee873733 p.bclr           x14, x14, 23, 8     x14=00000018 x14:00000018
14262141ns          238821 1c008bcc 1a10f6b7 lui              x13, 0x1a10f000     x13=1a10f000
14262161ns          238822 1c008bd0 00d70733 add              x14, x14, x13       x14=1a10f018 x14:00000018 x13:1a10f000
14262180ns          238823 1c008bd2 00e787b3 add              x15, x15, x14       x15=1a10f018 x15:00000000 x14:1a10f018
14262200ns          238824 1c008bd4 0ff57513 andi             x10, x10, 255       x10=00000045 x10:00000045
14262220ns          238825 1c008bd8 00a7a023 sw               x10, 0(x15)         x10:00000045 x15:1a10f018  PA:1a10f018
14262538ns          238841 1c008bda 00000513 addi             x10, x0, 0          x10=00000000
14262558ns          238842 1c008bdc 00008067 jalr             x0, x1, 0            x1:1c008ca2
14262618ns          238845 1c008ca2 4df52863 p.beqimm         x10, 1232           x10:00000000
14262638ns          238846 1c008ca6 00140413 addi             x8, x8, 1            x8=0000000f  x8:0000000e
14262658ns          238847 1c008ca8 001a450b p.lbu            x10, 1(x20!)        x10=00000072 x20=1c00006a x20:1c000069  PA:1c000069
14262996ns          238864 1c008cac fe0515e3 bne              x10, x0, -22        x10:00000072
14263075ns          238868 1c008c96 02500793 addi             x15, x0, 37         x15=00000025
14263095ns          238869 1c008c9a 04f50763 beq              x10, x15, 78        x10:00000072 x15:00000025
14263115ns          238870 1c008c9e 009005b3 add              x11, x0, x9         x11=00000002  x9:00000002
14263135ns          238871 1c008ca0 000c80e7 jalr             x1, x25, 0           x1=1c008ca2 x25:1c008bb6
14263175ns          238873 1c008bb6 000026b7 lui              x13, 0x2000         x13=00002000
14263195ns          238874 1c008bb8 f8068693 addi             x13, x13, -128      x13=00001f80 x13:00002000
14263215ns          238875 1c008bbc f14027f3 csrrs            x15, x0, 0xf14      x15=00000003
14263235ns          238876 1c008bc0 00379713 slli             x14, x15, 0x3       x14=00000018 x15:00000003
14263254ns          238877 1c008bc4 00279793 slli             x15, x15, 0x2       x15=0000000c x15:00000003
14263274ns          238878 1c008bc6 00d7f7b3 and              x15, x15, x13       x15=00000000 x15:0000000c x13:00001f80
14263294ns          238879 1c008bc8 ee873733 p.bclr           x14, x14, 23, 8     x14=00000018 x14:00000018
14263314ns          238880 1c008bcc 1a10f6b7 lui              x13, 0x1a10f000     x13=1a10f000
14263334ns          238881 1c008bd0 00d70733 add              x14, x14, x13       x14=1a10f018 x14:00000018 x13:1a10f000
14263354ns          238882 1c008bd2 00e787b3 add              x15, x15, x14       x15=1a10f018 x15:00000000 x14:1a10f018
14263374ns          238883 1c008bd4 0ff57513 andi             x10, x10, 255       x10=00000072 x10:00000072
14263394ns          238884 1c008bd8 00a7a023 sw               x10, 0(x15)         x10:00000072 x15:1a10f018  PA:1a10f018
14263712ns          238900 1c008bda 00000513 addi             x10, x0, 0          x10=00000000
14263732ns          238901 1c008bdc 00008067 jalr             x0, x1, 0            x1:1c008ca2
14263791ns          238904 1c008ca2 4df52863 p.beqimm         x10, 1232           x10:00000000
14263811ns          238905 1c008ca6 00140413 addi             x8, x8, 1            x8=00000010  x8:0000000f
14263831ns          238906 1c008ca8 001a450b p.lbu            x10, 1(x20!)        x10=00000072 x20=1c00006b x20:1c00006a  PA:1c00006a
14264149ns          238922 1c008cac fe0515e3 bne              x10, x0, -22        x10:00000072
14264229ns          238926 1c008c96 02500793 addi             x15, x0, 37         x15=00000025
14264249ns          238927 1c008c9a 04f50763 beq              x10, x15, 78        x10:00000072 x15:00000025
14264269ns          238928 1c008c9e 009005b3 add              x11, x0, x9         x11=00000002  x9:00000002
14264289ns          238929 1c008ca0 000c80e7 jalr             x1, x25, 0           x1=1c008ca2 x25:1c008bb6
14264328ns          238931 1c008bb6 000026b7 lui              x13, 0x2000         x13=00002000
14264348ns          238932 1c008bb8 f8068693 addi             x13, x13, -128      x13=00001f80 x13:00002000
14264368ns          238933 1c008bbc f14027f3 csrrs            x15, x0, 0xf14      x15=00000003
14264388ns          238934 1c008bc0 00379713 slli             x14, x15, 0x3       x14=00000018 x15:00000003
14264408ns          238935 1c008bc4 00279793 slli             x15, x15, 0x2       x15=0000000c x15:00000003
14264428ns          238936 1c008bc6 00d7f7b3 and              x15, x15, x13       x15=00000000 x15:0000000c x13:00001f80
14264448ns          238937 1c008bc8 ee873733 p.bclr           x14, x14, 23, 8     x14=00000018 x14:00000018
14264468ns          238938 1c008bcc 1a10f6b7 lui              x13, 0x1a10f000     x13=1a10f000
14264487ns          238939 1c008bd0 00d70733 add              x14, x14, x13       x14=1a10f018 x14:00000018 x13:1a10f000
14264507ns          238940 1c008bd2 00e787b3 add              x15, x15, x14       x15=1a10f018 x15:00000000 x14:1a10f018
14264527ns          238941 1c008bd4 0ff57513 andi             x10, x10, 255       x10=00000072 x10:00000072
14264547ns          238942 1c008bd8 00a7a023 sw               x10, 0(x15)         x10:00000072 x15:1a10f018  PA:1a10f018
14264865ns          238958 1c008bda 00000513 addi             x10, x0, 0          x10=00000000
14264885ns          238959 1c008bdc 00008067 jalr             x0, x1, 0            x1:1c008ca2
14264945ns          238962 1c008ca2 4df52863 p.beqimm         x10, 1232           x10:00000000
14264965ns          238963 1c008ca6 00140413 addi             x8, x8, 1            x8=00000011  x8:00000010
14264985ns          238964 1c008ca8 001a450b p.lbu            x10, 1(x20!)        x10=0000006f x20=1c00006c x20:1c00006b  PA:1c00006b
14265303ns          238980 1c008cac fe0515e3 bne              x10, x0, -22        x10:0000006f
14265382ns          238984 1c008c96 02500793 addi             x15, x0, 37         x15=00000025
14265402ns          238985 1c008c9a 04f50763 beq              x10, x15, 78        x10:0000006f x15:00000025
14265422ns          238986 1c008c9e 009005b3 add              x11, x0, x9         x11=00000002  x9:00000002
14265442ns          238987 1c008ca0 000c80e7 jalr             x1, x25, 0           x1=1c008ca2 x25:1c008bb6
14265482ns          238989 1c008bb6 000026b7 lui              x13, 0x2000         x13=00002000
14265502ns          238990 1c008bb8 f8068693 addi             x13, x13, -128      x13=00001f80 x13:00002000
14265522ns          238991 1c008bbc f14027f3 csrrs            x15, x0, 0xf14      x15=00000003
14265542ns          238992 1c008bc0 00379713 slli             x14, x15, 0x3       x14=00000018 x15:00000003
14265561ns          238993 1c008bc4 00279793 slli             x15, x15, 0x2       x15=0000000c x15:00000003
14265581ns          238994 1c008bc6 00d7f7b3 and              x15, x15, x13       x15=00000000 x15:0000000c x13:00001f80
14265601ns          238995 1c008bc8 ee873733 p.bclr           x14, x14, 23, 8     x14=00000018 x14:00000018
14265621ns          238996 1c008bcc 1a10f6b7 lui              x13, 0x1a10f000     x13=1a10f000
14265641ns          238997 1c008bd0 00d70733 add              x14, x14, x13       x14=1a10f018 x14:00000018 x13:1a10f000
14265661ns          238998 1c008bd2 00e787b3 add              x15, x15, x14       x15=1a10f018 x15:00000000 x14:1a10f018
14265681ns          238999 1c008bd4 0ff57513 andi             x10, x10, 255       x10=0000006f x10:0000006f
14265701ns          239000 1c008bd8 00a7a023 sw               x10, 0(x15)         x10:0000006f x15:1a10f018  PA:1a10f018
14266019ns          239016 1c008bda 00000513 addi             x10, x0, 0          x10=00000000
14266039ns          239017 1c008bdc 00008067 jalr             x0, x1, 0            x1:1c008ca2
14266098ns          239020 1c008ca2 4df52863 p.beqimm         x10, 1232           x10:00000000
14266118ns          239021 1c008ca6 00140413 addi             x8, x8, 1            x8=00000012  x8:00000011
14266138ns          239022 1c008ca8 001a450b p.lbu            x10, 1(x20!)        x10=00000072 x20=1c00006d x20:1c00006c  PA:1c00006c
14266476ns          239039 1c008cac fe0515e3 bne              x10, x0, -22        x10:00000072
14266556ns          239043 1c008c96 02500793 addi             x15, x0, 37         x15=00000025
14266576ns          239044 1c008c9a 04f50763 beq              x10, x15, 78        x10:00000072 x15:00000025
14266596ns          239045 1c008c9e 009005b3 add              x11, x0, x9         x11=00000002  x9:00000002
14266615ns          239046 1c008ca0 000c80e7 jalr             x1, x25, 0           x1=1c008ca2 x25:1c008bb6
14266655ns          239048 1c008bb6 000026b7 lui              x13, 0x2000         x13=00002000
14266675ns          239049 1c008bb8 f8068693 addi             x13, x13, -128      x13=00001f80 x13:00002000
14266695ns          239050 1c008bbc f14027f3 csrrs            x15, x0, 0xf14      x15=00000003
14266715ns          239051 1c008bc0 00379713 slli             x14, x15, 0x3       x14=00000018 x15:00000003
14266735ns          239052 1c008bc4 00279793 slli             x15, x15, 0x2       x15=0000000c x15:00000003
14266755ns          239053 1c008bc6 00d7f7b3 and              x15, x15, x13       x15=00000000 x15:0000000c x13:00001f80
14266775ns          239054 1c008bc8 ee873733 p.bclr           x14, x14, 23, 8     x14=00000018 x14:00000018
14266794ns          239055 1c008bcc 1a10f6b7 lui              x13, 0x1a10f000     x13=1a10f000
14266814ns          239056 1c008bd0 00d70733 add              x14, x14, x13       x14=1a10f018 x14:00000018 x13:1a10f000
14266834ns          239057 1c008bd2 00e787b3 add              x15, x15, x14       x15=1a10f018 x15:00000000 x14:1a10f018
14266854ns          239058 1c008bd4 0ff57513 andi             x10, x10, 255       x10=00000072 x10:00000072
14266874ns          239059 1c008bd8 00a7a023 sw               x10, 0(x15)         x10:00000072 x15:1a10f018  PA:1a10f018
14267192ns          239075 1c008bda 00000513 addi             x10, x0, 0          x10=00000000
14267212ns          239076 1c008bdc 00008067 jalr             x0, x1, 0            x1:1c008ca2
14267272ns          239079 1c008ca2 4df52863 p.beqimm         x10, 1232           x10:00000000
14267292ns          239080 1c008ca6 00140413 addi             x8, x8, 1            x8=00000013  x8:00000012
14267312ns          239081 1c008ca8 001a450b p.lbu            x10, 1(x20!)        x10=00000073 x20=1c00006e x20:1c00006d  PA:1c00006d
14267630ns          239097 1c008cac fe0515e3 bne              x10, x0, -22        x10:00000073
14267709ns          239101 1c008c96 02500793 addi             x15, x0, 37         x15=00000025
14267729ns          239102 1c008c9a 04f50763 beq              x10, x15, 78        x10:00000073 x15:00000025
14267749ns          239103 1c008c9e 009005b3 add              x11, x0, x9         x11=00000002  x9:00000002
14267769ns          239104 1c008ca0 000c80e7 jalr             x1, x25, 0           x1=1c008ca2 x25:1c008bb6
14267809ns          239106 1c008bb6 000026b7 lui              x13, 0x2000         x13=00002000
14267829ns          239107 1c008bb8 f8068693 addi             x13, x13, -128      x13=00001f80 x13:00002000
14267849ns          239108 1c008bbc f14027f3 csrrs            x15, x0, 0xf14      x15=00000003
14267868ns          239109 1c008bc0 00379713 slli             x14, x15, 0x3       x14=00000018 x15:00000003
14267888ns          239110 1c008bc4 00279793 slli             x15, x15, 0x2       x15=0000000c x15:00000003
14267908ns          239111 1c008bc6 00d7f7b3 and              x15, x15, x13       x15=00000000 x15:0000000c x13:00001f80
14267928ns          239112 1c008bc8 ee873733 p.bclr           x14, x14, 23, 8     x14=00000018 x14:00000018
14267948ns          239113 1c008bcc 1a10f6b7 lui              x13, 0x1a10f000     x13=1a10f000
14267968ns          239114 1c008bd0 00d70733 add              x14, x14, x13       x14=1a10f018 x14:00000018 x13:1a10f000
14267988ns          239115 1c008bd2 00e787b3 add              x15, x15, x14       x15=1a10f018 x15:00000000 x14:1a10f018
14268008ns          239116 1c008bd4 0ff57513 andi             x10, x10, 255       x10=00000073 x10:00000073
14268028ns          239117 1c008bd8 00a7a023 sw               x10, 0(x15)         x10:00000073 x15:1a10f018  PA:1a10f018
14268366ns          239134 1c008bda 00000513 addi             x10, x0, 0          x10=00000000
14268386ns          239135 1c008bdc 00008067 jalr             x0, x1, 0            x1:1c008ca2
14268445ns          239138 1c008ca2 4df52863 p.beqimm         x10, 1232           x10:00000000
14268465ns          239139 1c008ca6 00140413 addi             x8, x8, 1            x8=00000014  x8:00000013
14268485ns          239140 1c008ca8 001a450b p.lbu            x10, 1(x20!)        x10=00000020 x20=1c00006f x20:1c00006e  PA:1c00006e
14268803ns          239156 1c008cac fe0515e3 bne              x10, x0, -22        x10:00000020
14268883ns          239160 1c008c96 02500793 addi             x15, x0, 37         x15=00000025
14268903ns          239161 1c008c9a 04f50763 beq              x10, x15, 78        x10:00000020 x15:00000025
14268922ns          239162 1c008c9e 009005b3 add              x11, x0, x9         x11=00000002  x9:00000002
14268942ns          239163 1c008ca0 000c80e7 jalr             x1, x25, 0           x1=1c008ca2 x25:1c008bb6
14268982ns          239165 1c008bb6 000026b7 lui              x13, 0x2000         x13=00002000
14269002ns          239166 1c008bb8 f8068693 addi             x13, x13, -128      x13=00001f80 x13:00002000
14269022ns          239167 1c008bbc f14027f3 csrrs            x15, x0, 0xf14      x15=00000003
14269042ns          239168 1c008bc0 00379713 slli             x14, x15, 0x3       x14=00000018 x15:00000003
14269062ns          239169 1c008bc4 00279793 slli             x15, x15, 0x2       x15=0000000c x15:00000003
14269082ns          239170 1c008bc6 00d7f7b3 and              x15, x15, x13       x15=00000000 x15:0000000c x13:00001f80
14269101ns          239171 1c008bc8 ee873733 p.bclr           x14, x14, 23, 8     x14=00000018 x14:00000018
14269121ns          239172 1c008bcc 1a10f6b7 lui              x13, 0x1a10f000     x13=1a10f000
14269141ns          239173 1c008bd0 00d70733 add              x14, x14, x13       x14=1a10f018 x14:00000018 x13:1a10f000
14269161ns          239174 1c008bd2 00e787b3 add              x15, x15, x14       x15=1a10f018 x15:00000000 x14:1a10f018
14269181ns          239175 1c008bd4 0ff57513 andi             x10, x10, 255       x10=00000020 x10:00000020
14269201ns          239176 1c008bd8 00a7a023 sw               x10, 0(x15)         x10:00000020 x15:1a10f018  PA:1a10f018
14269559ns          239194 1c008bda 00000513 addi             x10, x0, 0          x10=00000000
14269579ns          239195 1c008bdc 00008067 jalr             x0, x1, 0            x1:1c008ca2
14269638ns          239198 1c008ca2 4df52863 p.beqimm         x10, 1232           x10:00000000
14269658ns          239199 1c008ca6 00140413 addi             x8, x8, 1            x8=00000015  x8:00000014
14269678ns          239200 1c008ca8 001a450b p.lbu            x10, 1(x20!)        x10=0000003d x20=1c000070 x20:1c00006f  PA:1c00006f
14269996ns          239216 1c008cac fe0515e3 bne              x10, x0, -22        x10:0000003d
14270076ns          239220 1c008c96 02500793 addi             x15, x0, 37         x15=00000025
14270096ns          239221 1c008c9a 04f50763 beq              x10, x15, 78        x10:0000003d x15:00000025
14270116ns          239222 1c008c9e 009005b3 add              x11, x0, x9         x11=00000002  x9:00000002
14270136ns          239223 1c008ca0 000c80e7 jalr             x1, x25, 0           x1=1c008ca2 x25:1c008bb6
14270175ns          239225 1c008bb6 000026b7 lui              x13, 0x2000         x13=00002000
14270195ns          239226 1c008bb8 f8068693 addi             x13, x13, -128      x13=00001f80 x13:00002000
14270215ns          239227 1c008bbc f14027f3 csrrs            x15, x0, 0xf14      x15=00000003
14270235ns          239228 1c008bc0 00379713 slli             x14, x15, 0x3       x14=00000018 x15:00000003
14270255ns          239229 1c008bc4 00279793 slli             x15, x15, 0x2       x15=0000000c x15:00000003
14270275ns          239230 1c008bc6 00d7f7b3 and              x15, x15, x13       x15=00000000 x15:0000000c x13:00001f80
14270295ns          239231 1c008bc8 ee873733 p.bclr           x14, x14, 23, 8     x14=00000018 x14:00000018
14270315ns          239232 1c008bcc 1a10f6b7 lui              x13, 0x1a10f000     x13=1a10f000
14270335ns          239233 1c008bd0 00d70733 add              x14, x14, x13       x14=1a10f018 x14:00000018 x13:1a10f000
14270354ns          239234 1c008bd2 00e787b3 add              x15, x15, x14       x15=1a10f018 x15:00000000 x14:1a10f018
14270374ns          239235 1c008bd4 0ff57513 andi             x10, x10, 255       x10=0000003d x10:0000003d
14270394ns          239236 1c008bd8 00a7a023 sw               x10, 0(x15)         x10:0000003d x15:1a10f018  PA:1a10f018
14270732ns          239253 1c008bda 00000513 addi             x10, x0, 0          x10=00000000
14270752ns          239254 1c008bdc 00008067 jalr             x0, x1, 0            x1:1c008ca2
14270812ns          239257 1c008ca2 4df52863 p.beqimm         x10, 1232           x10:00000000
14270832ns          239258 1c008ca6 00140413 addi             x8, x8, 1            x8=00000016  x8:00000015
14270852ns          239259 1c008ca8 001a450b p.lbu            x10, 1(x20!)        x10=00000020 x20=1c000071 x20:1c000070  PA:1c000070
14271170ns          239275 1c008cac fe0515e3 bne              x10, x0, -22        x10:00000020
14271249ns          239279 1c008c96 02500793 addi             x15, x0, 37         x15=00000025
14271269ns          239280 1c008c9a 04f50763 beq              x10, x15, 78        x10:00000020 x15:00000025
14271289ns          239281 1c008c9e 009005b3 add              x11, x0, x9         x11=00000002  x9:00000002
14271309ns          239282 1c008ca0 000c80e7 jalr             x1, x25, 0           x1=1c008ca2 x25:1c008bb6
14271349ns          239284 1c008bb6 000026b7 lui              x13, 0x2000         x13=00002000
14271369ns          239285 1c008bb8 f8068693 addi             x13, x13, -128      x13=00001f80 x13:00002000
14271389ns          239286 1c008bbc f14027f3 csrrs            x15, x0, 0xf14      x15=00000003
14271408ns          239287 1c008bc0 00379713 slli             x14, x15, 0x3       x14=00000018 x15:00000003
14271428ns          239288 1c008bc4 00279793 slli             x15, x15, 0x2       x15=0000000c x15:00000003
14271448ns          239289 1c008bc6 00d7f7b3 and              x15, x15, x13       x15=00000000 x15:0000000c x13:00001f80
14271468ns          239290 1c008bc8 ee873733 p.bclr           x14, x14, 23, 8     x14=00000018 x14:00000018
14271488ns          239291 1c008bcc 1a10f6b7 lui              x13, 0x1a10f000     x13=1a10f000
14271508ns          239292 1c008bd0 00d70733 add              x14, x14, x13       x14=1a10f018 x14:00000018 x13:1a10f000
14271528ns          239293 1c008bd2 00e787b3 add              x15, x15, x14       x15=1a10f018 x15:00000000 x14:1a10f018
14271548ns          239294 1c008bd4 0ff57513 andi             x10, x10, 255       x10=00000020 x10:00000020
14271568ns          239295 1c008bd8 00a7a023 sw               x10, 0(x15)         x10:00000020 x15:1a10f018  PA:1a10f018
14271886ns          239311 1c008bda 00000513 addi             x10, x0, 0          x10=00000000
14271906ns          239312 1c008bdc 00008067 jalr             x0, x1, 0            x1:1c008ca2
14271965ns          239315 1c008ca2 4df52863 p.beqimm         x10, 1232           x10:00000000
14271985ns          239316 1c008ca6 00140413 addi             x8, x8, 1            x8=00000017  x8:00000016
14272005ns          239317 1c008ca8 001a450b p.lbu            x10, 1(x20!)        x10=00000025 x20=1c000072 x20:1c000071  PA:1c000071
14272323ns          239333 1c008cac fe0515e3 bne              x10, x0, -22        x10:00000025
14272403ns          239337 1c008c96 02500793 addi             x15, x0, 37         x15=00000025
14272423ns          239338 1c008c9a 04f50763 beq              x10, x15, 78        x10:00000025 x15:00000025
14272522ns          239343 1c008ce8 01400c33 add              x24, x0, x20        x24=1c000072 x20:1c000072
14272562ns          239345 1c008cea 000c4a03 lbu              x20, 0(x24)         x20=00000064 x24:1c000072  PA:1c000072
14272900ns          239362 1c008cee 0b4d0513 addi             x10, x26, 180       x10=1c0000b4 x26:1c000000
14272920ns          239363 1c008cf2 00912e23 sw               x9, 28(x2)           x9:00000002  x2:10001e18  PA:10001e34
14272940ns          239364 1c008cf4 014005b3 add              x11, x0, x20        x11=00000064 x20:00000064
14272960ns          239365 1c008cf6 00012823 sw               x0, 16(x2)           x2:10001e18  PA:10001e28
14272980ns          239366 1c008cf8 00012a23 sw               x0, 20(x2)           x2:10001e18  PA:10001e2c
14273000ns          239367 1c008cfa 00012623 sw               x0, 12(x2)           x2:10001e18  PA:10001e24
14273019ns          239368 1c008cfc 001c0493 addi             x9, x24, 1           x9=1c000073 x24:1c000072
14273039ns          239369 1c008d00 e41ff0ef jal              x1, -448             x1=1c008d02
14273119ns          239373 1c008b40 00054703 lbu              x14, 0(x10)         x14=0000002d x10:1c0000b4  PA:1c0000b4
14273437ns          239389 1c008b44 0ff5f593 andi             x11, x11, 255       x11=00000064 x11:00000064
14273457ns          239390 1c008b48 00a007b3 add              x15, x0, x10        x15=1c0000b4 x10:1c0000b4
14273477ns          239391 1c008b4a 00b70863 beq              x14, x11, 16        x14:0000002d x11:00000064
14273497ns          239392 1c008b4e 00070863 beq              x14, x0, 16         x14:0000002d
14273517ns          239393 1c008b50 0017c703 lbu              x14, 1(x15)         x14=0000002b x15:1c0000b4  PA:1c0000b5
14273815ns          239408 1c008b54 00178793 addi             x15, x15, 1         x15=1c0000b5 x15:1c0000b4
14273835ns          239409 1c008b56 feb71ce3 bne              x14, x11, -8        x14:0000002b x11:00000064
14273894ns          239412 1c008b4e 00070863 beq              x14, x0, 16         x14:0000002b
14273914ns          239413 1c008b50 0017c703 lbu              x14, 1(x15)         x14=00000020 x15:1c0000b5  PA:1c0000b6
14274213ns          239428 1c008b54 00178793 addi             x15, x15, 1         x15=1c0000b6 x15:1c0000b5
14274233ns          239429 1c008b56 feb71ce3 bne              x14, x11, -8        x14:00000020 x11:00000064
14274292ns          239432 1c008b4e 00070863 beq              x14, x0, 16         x14:00000020
14274312ns          239433 1c008b50 0017c703 lbu              x14, 1(x15)         x14=00000023 x15:1c0000b6  PA:1c0000b7
14274610ns          239448 1c008b54 00178793 addi             x15, x15, 1         x15=1c0000b7 x15:1c0000b6
14274630ns          239449 1c008b56 feb71ce3 bne              x14, x11, -8        x14:00000023 x11:00000064
14274690ns          239452 1c008b4e 00070863 beq              x14, x0, 16         x14:00000023
14274710ns          239453 1c008b50 0017c703 lbu              x14, 1(x15)         x14=00000030 x15:1c0000b7  PA:1c0000b8
14275008ns          239468 1c008b54 00178793 addi             x15, x15, 1         x15=1c0000b8 x15:1c0000b7
14275028ns          239469 1c008b56 feb71ce3 bne              x14, x11, -8        x14:00000030 x11:00000064
14275088ns          239472 1c008b4e 00070863 beq              x14, x0, 16         x14:00000030
14275108ns          239473 1c008b50 0017c703 lbu              x14, 1(x15)         x14=00000000 x15:1c0000b8  PA:1c0000b9
14275466ns          239491 1c008b54 00178793 addi             x15, x15, 1         x15=1c0000b9 x15:1c0000b8
14275486ns          239492 1c008b56 feb71ce3 bne              x14, x11, -8        x14:00000000 x11:00000064
14275545ns          239495 1c008b4e 00070863 beq              x14, x0, 16         x14:00000000
14275605ns          239498 1c008b5e 00000513 addi             x10, x0, 0          x10=00000000
14275625ns          239499 1c008b60 fe058de3 beq              x11, x0, -6         x11:00000064
14275645ns          239500 1c008b62 00008067 jalr             x0, x1, 0            x1:1c008d02
14275704ns          239503 1c008d02 02000913 addi             x18, x0, 32         x18=00000020
14275724ns          239504 1c008d06 00000993 addi             x19, x0, 0          x19=00000000
14275744ns          239505 1c008d08 02b00a93 addi             x21, x0, 43         x21=0000002b
14275764ns          239506 1c008d0c 02d00b93 addi             x23, x0, 45         x23=0000002d
14275804ns          239508 1c008d10 03000b13 addi             x22, x0, 48         x22=00000030
14275844ns          239510 1c008d14 00900633 add              x12, x0, x9         x12=1c000073  x9:1c000073
14275863ns          239511 1c008d16 02050963 beq              x10, x0, 50         x10:00000000
14275983ns          239517 1c008d48 03312623 sw               x19, 44(x2)         x19:00000000  x2:10001e18  PA:10001e44
14276003ns          239518 1c008d4a 02a00693 addi             x13, x0, 42         x13=0000002a
14276023ns          239519 1c008d4e 014009b3 add              x19, x0, x20        x19=00000064 x20:00000064
14276062ns          239521 1c008d50 01800a33 add              x20, x0, x24        x20=1c000072 x24:1c000072
14276082ns          239522 1c008d52 00900c33 add              x24, x0, x9         x24=1c000073  x9:1c000073
14276102ns          239523 1c008d54 01c12483 lw               x9, 28(x2)           x9=00000002  x2:10001e18  PA:10001e34
14276122ns          239524 1c008d56 42d98063 beq              x19, x13, 1056      x19:00000064 x13:0000002a
14276142ns          239525 1c008d5a fd098693 addi             x13, x19, -48       x13=00000034 x19:00000064
14276162ns          239526 1c008d5e 00900513 addi             x10, x0, 9          x10=00000009
14276202ns          239528 1c008d60 00000a93 addi             x21, x0, 0          x21=00000000
14276241ns          239530 1c008d62 3cd57f63 bgeu             x10, x13, 990       x10:00000009 x13:00000034
14276261ns          239531 1c008d66 02e00793 addi             x15, x0, 46         x15=0000002e
14276281ns          239532 1c008d6a fff00b13 addi             x22, x0, -1         x22=ffffffff
14276301ns          239533 1c008d6c 04f981e3 beq              x19, x15, 2114      x19:00000064 x15:0000002e
14276321ns          239534 1c008d70 1c0007b7 lui              x15, 0x1c000000     x15=1c000000
14276341ns          239535 1c008d74 013005b3 add              x11, x0, x19        x11=00000064 x19:00000064
14276361ns          239536 1c008d76 0bc78513 addi             x10, x15, 188       x10=1c0000bc x15:1c000000
14276380ns          239537 1c008d7a 00c12e23 sw               x12, 28(x2)         x12:1c000073  x2:10001e18  PA:10001e34
14276400ns          239538 1c008d7c dc5ff0ef jal              x1, -572             x1=1c008d7e
14276460ns          239541 1c008b40 00054703 lbu              x14, 0(x10)         x14=00000068 x10:1c0000bc  PA:1c0000bc
14276758ns          239556 1c008b44 0ff5f593 andi             x11, x11, 255       x11=00000064 x11:00000064
14276778ns          239557 1c008b48 00a007b3 add              x15, x0, x10        x15=1c0000bc x10:1c0000bc
14276798ns          239558 1c008b4a 00b70863 beq              x14, x11, 16        x14:00000068 x11:00000064
14276818ns          239559 1c008b4e 00070863 beq              x14, x0, 16         x14:00000068
14276838ns          239560 1c008b50 0017c703 lbu              x14, 1(x15)         x14=0000006c x15:1c0000bc  PA:1c0000bd
14277156ns          239576 1c008b54 00178793 addi             x15, x15, 1         x15=1c0000bd x15:1c0000bc
14277176ns          239577 1c008b56 feb71ce3 bne              x14, x11, -8        x14:0000006c x11:00000064
14277236ns          239580 1c008b4e 00070863 beq              x14, x0, 16         x14:0000006c
14277256ns          239581 1c008b50 0017c703 lbu              x14, 1(x15)         x14=0000004c x15:1c0000bd  PA:1c0000be
14277574ns          239597 1c008b54 00178793 addi             x15, x15, 1         x15=1c0000be x15:1c0000bd
14277594ns          239598 1c008b56 feb71ce3 bne              x14, x11, -8        x14:0000004c x11:00000064
14277653ns          239601 1c008b4e 00070863 beq              x14, x0, 16         x14:0000004c
14277673ns          239602 1c008b50 0017c703 lbu              x14, 1(x15)         x14=0000007a x15:1c0000be  PA:1c0000bf
14277972ns          239617 1c008b54 00178793 addi             x15, x15, 1         x15=1c0000bf x15:1c0000be
14277991ns          239618 1c008b56 feb71ce3 bne              x14, x11, -8        x14:0000007a x11:00000064
14278051ns          239621 1c008b4e 00070863 beq              x14, x0, 16         x14:0000007a
14278071ns          239622 1c008b50 0017c703 lbu              x14, 1(x15)         x14=00000000 x15:1c0000bf  PA:1c0000c0
14278369ns          239637 1c008b54 00178793 addi             x15, x15, 1         x15=1c0000c0 x15:1c0000bf
14278389ns          239638 1c008b56 feb71ce3 bne              x14, x11, -8        x14:00000000 x11:00000064
14278449ns          239641 1c008b4e 00070863 beq              x14, x0, 16         x14:00000000
14278509ns          239644 1c008b5e 00000513 addi             x10, x0, 0          x10=00000000
14278528ns          239645 1c008b60 fe058de3 beq              x11, x0, -6         x11:00000064
14278548ns          239646 1c008b62 00008067 jalr             x0, x1, 0            x1:1c008d7e
14278588ns          239648 1c008d7e 01c12603 lw               x12, 28(x2)         x12=1c000073  x2:10001e18  PA:10001e34
14278628ns          239650 1c008d80 00c00a33 add              x20, x0, x12        x20=1c000073 x12:1c000073
14278648ns          239651 1c008d82 00050563 beq              x10, x0, 10         x10:00000000
14278707ns          239654 1c008d8c 06900793 addi             x15, x0, 105        x15=00000069
14278727ns          239655 1c008d90 1cf98be3 beq              x19, x15, 2518      x19:00000064 x15:00000069
14278747ns          239656 1c008d94 4b37ce63 blt              x15, x19, 1212      x15:00000069 x19:00000064
14278767ns          239657 1c008d98 05800793 addi             x15, x0, 88         x15=00000058
14278787ns          239658 1c008d9c 4cf98863 beq              x19, x15, 1232      x19:00000064 x15:00000058
14278847ns          239661 1c008da0 3f37cd63 blt              x15, x19, 1018      x15:00000058 x19:00000064
14278926ns          239665 1c00919a 06400793 addi             x15, x0, 100        x15=00000064
14278946ns          239666 1c00919e 5cf98463 beq              x19, x15, 1480      x19:00000064 x15:00000064
14279006ns          239669 1c009766 01812b83 lw               x23, 24(x2)         x23=10001f84  x2:10001e18  PA:10001e30
14279045ns          239671 1c009768 004ba60b p.lw             x12, 4(x23!)        x12=00000000 x23=10001f88 x23:10001f84  PA:10001f84
14279085ns          239673 1c00976c 48064963 blt              x12, x0, 1170       x12:00000000
14279105ns          239674 1c009770 01412783 lw               x15, 20(x2)         x15=00000000  x2:10001e18  PA:10001e2c
14279125ns          239675 1c009772 00c00733 add              x14, x0, x12        x14=00000000 x12:00000000
14279145ns          239676 1c009774 56078863 beq              x15, x0, 1392       x15:00000000
14279244ns          239681 1c009ce4 01012783 lw               x15, 16(x2)         x15=00000000  x2:10001e18  PA:10001e28
14279264ns          239682 1c009ce6 01b00533 add              x10, x0, x27        x10=10001e4c x27:10001e4c
14279284ns          239683 1c009ce8 a8078ee3 beq              x15, x0, -1380      x15:00000000
14279344ns          239686 1c009784 00a007b3 add              x15, x0, x10        x15=10001e4c x10:10001e4c
14279364ns          239687 1c009786 00a00593 addi             x11, x0, 10         x11=0000000a
14279384ns          239688 1c009788 00900313 addi             x6, x0, 9            x6=00000009
14279403ns          239689 1c00978a 02b776b3 remu             x13, x14, x11       x13=00000000 x14:00000000 x11:0000000a
14280020ns          239720 1c00978e 00e00833 add              x16, x0, x14        x16=00000000 x14:00000000
14280040ns          239721 1c009790 00f008b3 add              x17, x0, x15        x17=10001e4c x15:10001e4c
14280060ns          239722 1c009792 03068693 addi             x13, x13, 48        x13=00000030 x13:00000000
14280080ns          239723 1c009796 00d780ab p.sb             x13, 1(x15!)        x15=10001e4d x13:00000030 x15:10001e4c  PA:10001e4c
14280100ns          239724 1c00979a 02b75733 divu             x14, x14, x11       x14=00000000 x14:00000000 x11:0000000a
14280736ns          239756 1c00979e ff0366e3 bltu             x6, x16, -20         x6:00000009 x16:00000000
14280756ns          239757 1c0097a2 40a78733 sub              x14, x15, x10       x14=00000001 x15:10001e4d x10:10001e4c
14280776ns          239758 1c0097a6 01675c63 bge              x14, x22, 24        x14:00000001 x22:ffffffff
14280895ns          239764 1c0097be 00078023 sb               x0, 0(x15)          x15:10001e4d  PA:10001e4d
14280935ns          239766 1c0097c2 0b157563 bgeu             x10, x17, 170       x10:10001e4c x17:10001e4c
14281034ns          239771 1c00986c 01412703 lw               x14, 20(x2)         x14=00000000  x2:10001e18  PA:10001e2c
14281054ns          239772 1c00986e 01012683 lw               x13, 16(x2)         x13=00000000  x2:10001e18  PA:10001e28
14281114ns          239775 1c009870 41b787b3 sub              x15, x15, x27       x15=00000001 x15:10001e4d x27:10001e4c
14281154ns          239777 1c009874 00d76733 or               x14, x14, x13       x14=00000000 x14:00000000 x13:00000000
14281174ns          239778 1c009876 02e12623 sw               x14, 44(x2)         x14:00000000  x2:10001e18  PA:10001e44
14281193ns          239779 1c009878 b0071be3 bne              x14, x0, -1258      x14:00000000
14281213ns          239780 1c00987c 01f65713 srli             x14, x12, 0x1f      x14=00000000 x12:00000000
14281233ns          239781 1c009880 02e12623 sw               x14, 44(x2)         x14:00000000  x2:10001e18  PA:10001e44
14281253ns          239782 1c009882 b0dff06f jal              x0, -1268          
14281372ns          239788 1c00938e ebfb2be3 p.beqimm         x22, -330           x22:ffffffff
14281432ns          239791 1c009244 0c800713 addi             x14, x0, 200        x14=000000c8
14281452ns          239792 1c009248 14f75b63 bge              x14, x15, 342       x14:000000c8 x15:00000001
14281631ns          239801 1c00939e 00178613 addi             x12, x15, 1         x12=00000002 x15:00000001
14281671ns          239803 1c0093a2 0557c863 blt              x15, x21, 80        x15:00000001 x21:00000000
14281691ns          239804 1c0093a6 01712c23 sw               x23, 24(x2)         x23:10001f88  x2:10001e18  PA:10001e30
14281710ns          239805 1c0093a8 00f00ab3 add              x21, x0, x15        x21=00000001 x15:00000001
14281730ns          239806 1c0093aa 8e0a8fe3 beq              x21, x0, -1794      x21:00000001
14281750ns          239807 1c0093ae 01b00933 add              x18, x0, x27        x18=10001e4c x27:10001e4c
14281770ns          239808 1c0093b0 41b409b3 sub              x19, x8, x27        x19=efffe1cb  x8:00000017 x27:10001e4c
14281790ns          239809 1c0093b4 01ba8ab3 add              x21, x21, x27       x21=10001e4d x21:00000001 x27:10001e4c
14281810ns          239810 1c0093b6 00a0006f jal              x0, 10             
14281850ns          239812 1c0093c0 0019450b p.lbu            x10, 1(x18!)        x10=00000030 x18=10001e4d x18:10001e4c  PA:10001e4c
14281870ns          239813 1c0093c4 009005b3 add              x11, x0, x9         x11=00000002  x9:00000002
14281889ns          239814 1c0093c6 000c80e7 jalr             x1, x25, 0           x1=1c0093c8 x25:1c008bb6
14281929ns          239816 1c008bb6 000026b7 lui              x13, 0x2000         x13=00002000
14281949ns          239817 1c008bb8 f8068693 addi             x13, x13, -128      x13=00001f80 x13:00002000
14281969ns          239818 1c008bbc f14027f3 csrrs            x15, x0, 0xf14      x15=00000003
14282029ns          239821 1c008bc0 00379713 slli             x14, x15, 0x3       x14=00000018 x15:00000003
14282068ns          239823 1c008bc4 00279793 slli             x15, x15, 0x2       x15=0000000c x15:00000003
14282088ns          239824 1c008bc6 00d7f7b3 and              x15, x15, x13       x15=00000000 x15:0000000c x13:00001f80
14282108ns          239825 1c008bc8 ee873733 p.bclr           x14, x14, 23, 8     x14=00000018 x14:00000018
14282128ns          239826 1c008bcc 1a10f6b7 lui              x13, 0x1a10f000     x13=1a10f000
14282148ns          239827 1c008bd0 00d70733 add              x14, x14, x13       x14=1a10f018 x14:00000018 x13:1a10f000
14282168ns          239828 1c008bd2 00e787b3 add              x15, x15, x14       x15=1a10f018 x15:00000000 x14:1a10f018
14282188ns          239829 1c008bd4 0ff57513 andi             x10, x10, 255       x10=00000030 x10:00000030
14282208ns          239830 1c008bd8 00a7a023 sw               x10, 0(x15)         x10:00000030 x15:1a10f018  PA:1a10f018
14282526ns          239846 1c008bda 00000513 addi             x10, x0, 0          x10=00000000
14282546ns          239847 1c008bdc 00008067 jalr             x0, x1, 0            x1:1c0093c8
14282586ns          239849 1c0093c8 fff538e3 p.bneimm         x10, -16            x10:00000000
14282645ns          239852 1c0093b8 01298433 add              x8, x19, x18         x8=00000018 x19:efffe1cb x18:10001e4d
14282665ns          239853 1c0093bc 8f2a86e3 beq              x21, x18, -1812     x21:10001e4d x18:10001e4d
14282725ns          239856 1c008ca8 001a450b p.lbu            x10, 1(x20!)        x10=00000020 x20=1c000074 x20:1c000073  PA:1c000073
14283043ns          239872 1c008cac fe0515e3 bne              x10, x0, -22        x10:00000020
14283182ns          239879 1c008c96 02500793 addi             x15, x0, 37         x15=00000025
14283202ns          239880 1c008c9a 04f50763 beq              x10, x15, 78        x10:00000020 x15:00000025
14283222ns          239881 1c008c9e 009005b3 add              x11, x0, x9         x11=00000002  x9:00000002
14283242ns          239882 1c008ca0 000c80e7 jalr             x1, x25, 0           x1=1c008ca2 x25:1c008bb6
14283282ns          239884 1c008bb6 000026b7 lui              x13, 0x2000         x13=00002000
14283302ns          239885 1c008bb8 f8068693 addi             x13, x13, -128      x13=00001f80 x13:00002000
14283321ns          239886 1c008bbc f14027f3 csrrs            x15, x0, 0xf14      x15=00000003
14283341ns          239887 1c008bc0 00379713 slli             x14, x15, 0x3       x14=00000018 x15:00000003
14283361ns          239888 1c008bc4 00279793 slli             x15, x15, 0x2       x15=0000000c x15:00000003
14283381ns          239889 1c008bc6 00d7f7b3 and              x15, x15, x13       x15=00000000 x15:0000000c x13:00001f80
14283401ns          239890 1c008bc8 ee873733 p.bclr           x14, x14, 23, 8     x14=00000018 x14:00000018
14283421ns          239891 1c008bcc 1a10f6b7 lui              x13, 0x1a10f000     x13=1a10f000
14283441ns          239892 1c008bd0 00d70733 add              x14, x14, x13       x14=1a10f018 x14:00000018 x13:1a10f000
14283461ns          239893 1c008bd2 00e787b3 add              x15, x15, x14       x15=1a10f018 x15:00000000 x14:1a10f018
14283481ns          239894 1c008bd4 0ff57513 andi             x10, x10, 255       x10=00000020 x10:00000020
14283500ns          239895 1c008bd8 00a7a023 sw               x10, 0(x15)         x10:00000020 x15:1a10f018  PA:1a10f018
14283819ns          239911 1c008bda 00000513 addi             x10, x0, 0          x10=00000000
14283838ns          239912 1c008bdc 00008067 jalr             x0, x1, 0            x1:1c008ca2
14283898ns          239915 1c008ca2 4df52863 p.beqimm         x10, 1232           x10:00000000
14283918ns          239916 1c008ca6 00140413 addi             x8, x8, 1            x8=00000019  x8:00000018
14283938ns          239917 1c008ca8 001a450b p.lbu            x10, 1(x20!)        x10=0000002f x20=1c000075 x20:1c000074  PA:1c000074
14284256ns          239933 1c008cac fe0515e3 bne              x10, x0, -22        x10:0000002f
14284336ns          239937 1c008c96 02500793 addi             x15, x0, 37         x15=00000025
14284356ns          239938 1c008c9a 04f50763 beq              x10, x15, 78        x10:0000002f x15:00000025
14284375ns          239939 1c008c9e 009005b3 add              x11, x0, x9         x11=00000002  x9:00000002
14284395ns          239940 1c008ca0 000c80e7 jalr             x1, x25, 0           x1=1c008ca2 x25:1c008bb6
14284435ns          239942 1c008bb6 000026b7 lui              x13, 0x2000         x13=00002000
14284455ns          239943 1c008bb8 f8068693 addi             x13, x13, -128      x13=00001f80 x13:00002000
14284475ns          239944 1c008bbc f14027f3 csrrs            x15, x0, 0xf14      x15=00000003
14284495ns          239945 1c008bc0 00379713 slli             x14, x15, 0x3       x14=00000018 x15:00000003
14284515ns          239946 1c008bc4 00279793 slli             x15, x15, 0x2       x15=0000000c x15:00000003
14284535ns          239947 1c008bc6 00d7f7b3 and              x15, x15, x13       x15=00000000 x15:0000000c x13:00001f80
14284554ns          239948 1c008bc8 ee873733 p.bclr           x14, x14, 23, 8     x14=00000018 x14:00000018
14284574ns          239949 1c008bcc 1a10f6b7 lui              x13, 0x1a10f000     x13=1a10f000
14284594ns          239950 1c008bd0 00d70733 add              x14, x14, x13       x14=1a10f018 x14:00000018 x13:1a10f000
14284614ns          239951 1c008bd2 00e787b3 add              x15, x15, x14       x15=1a10f018 x15:00000000 x14:1a10f018
14284634ns          239952 1c008bd4 0ff57513 andi             x10, x10, 255       x10=0000002f x10:0000002f
14284654ns          239953 1c008bd8 00a7a023 sw               x10, 0(x15)         x10:0000002f x15:1a10f018  PA:1a10f018
14285091ns          239975 1c008bda 00000513 addi             x10, x0, 0          x10=00000000
14285111ns          239976 1c008bdc 00008067 jalr             x0, x1, 0            x1:1c008ca2
14285171ns          239979 1c008ca2 4df52863 p.beqimm         x10, 1232           x10:00000000
14285191ns          239980 1c008ca6 00140413 addi             x8, x8, 1            x8=0000001a  x8:00000019
14285211ns          239981 1c008ca8 001a450b p.lbu            x10, 1(x20!)        x10=00000020 x20=1c000076 x20:1c000075  PA:1c000075
14285529ns          239997 1c008cac fe0515e3 bne              x10, x0, -22        x10:00000020
14285609ns          240001 1c008c96 02500793 addi             x15, x0, 37         x15=00000025
14285628ns          240002 1c008c9a 04f50763 beq              x10, x15, 78        x10:00000020 x15:00000025
14285648ns          240003 1c008c9e 009005b3 add              x11, x0, x9         x11=00000002  x9:00000002
14285668ns          240004 1c008ca0 000c80e7 jalr             x1, x25, 0           x1=1c008ca2 x25:1c008bb6
14285708ns          240006 1c008bb6 000026b7 lui              x13, 0x2000         x13=00002000
14285728ns          240007 1c008bb8 f8068693 addi             x13, x13, -128      x13=00001f80 x13:00002000
14285748ns          240008 1c008bbc f14027f3 csrrs            x15, x0, 0xf14      x15=00000003
14285768ns          240009 1c008bc0 00379713 slli             x14, x15, 0x3       x14=00000018 x15:00000003
14285788ns          240010 1c008bc4 00279793 slli             x15, x15, 0x2       x15=0000000c x15:00000003
14285807ns          240011 1c008bc6 00d7f7b3 and              x15, x15, x13       x15=00000000 x15:0000000c x13:00001f80
14285827ns          240012 1c008bc8 ee873733 p.bclr           x14, x14, 23, 8     x14=00000018 x14:00000018
14285847ns          240013 1c008bcc 1a10f6b7 lui              x13, 0x1a10f000     x13=1a10f000
14285867ns          240014 1c008bd0 00d70733 add              x14, x14, x13       x14=1a10f018 x14:00000018 x13:1a10f000
14285887ns          240015 1c008bd2 00e787b3 add              x15, x15, x14       x15=1a10f018 x15:00000000 x14:1a10f018
14285907ns          240016 1c008bd4 0ff57513 andi             x10, x10, 255       x10=00000020 x10:00000020
14285927ns          240017 1c008bd8 00a7a023 sw               x10, 0(x15)         x10:00000020 x15:1a10f018  PA:1a10f018
14286265ns          240034 1c008bda 00000513 addi             x10, x0, 0          x10=00000000
14286285ns          240035 1c008bdc 00008067 jalr             x0, x1, 0            x1:1c008ca2
14286344ns          240038 1c008ca2 4df52863 p.beqimm         x10, 1232           x10:00000000
14286364ns          240039 1c008ca6 00140413 addi             x8, x8, 1            x8=0000001b  x8:0000001a
14286384ns          240040 1c008ca8 001a450b p.lbu            x10, 1(x20!)        x10=00000031 x20=1c000077 x20:1c000076  PA:1c000076
14286722ns          240057 1c008cac fe0515e3 bne              x10, x0, -22        x10:00000031
14286802ns          240061 1c008c96 02500793 addi             x15, x0, 37         x15=00000025
14286822ns          240062 1c008c9a 04f50763 beq              x10, x15, 78        x10:00000031 x15:00000025
14286842ns          240063 1c008c9e 009005b3 add              x11, x0, x9         x11=00000002  x9:00000002
14286861ns          240064 1c008ca0 000c80e7 jalr             x1, x25, 0           x1=1c008ca2 x25:1c008bb6
14286901ns          240066 1c008bb6 000026b7 lui              x13, 0x2000         x13=00002000
14286921ns          240067 1c008bb8 f8068693 addi             x13, x13, -128      x13=00001f80 x13:00002000
14286941ns          240068 1c008bbc f14027f3 csrrs            x15, x0, 0xf14      x15=00000003
14286961ns          240069 1c008bc0 00379713 slli             x14, x15, 0x3       x14=00000018 x15:00000003
14286981ns          240070 1c008bc4 00279793 slli             x15, x15, 0x2       x15=0000000c x15:00000003
14287001ns          240071 1c008bc6 00d7f7b3 and              x15, x15, x13       x15=00000000 x15:0000000c x13:00001f80
14287021ns          240072 1c008bc8 ee873733 p.bclr           x14, x14, 23, 8     x14=00000018 x14:00000018
14287040ns          240073 1c008bcc 1a10f6b7 lui              x13, 0x1a10f000     x13=1a10f000
14287060ns          240074 1c008bd0 00d70733 add              x14, x14, x13       x14=1a10f018 x14:00000018 x13:1a10f000
14287080ns          240075 1c008bd2 00e787b3 add              x15, x15, x14       x15=1a10f018 x15:00000000 x14:1a10f018
14287100ns          240076 1c008bd4 0ff57513 andi             x10, x10, 255       x10=00000031 x10:00000031
14287120ns          240077 1c008bd8 00a7a023 sw               x10, 0(x15)         x10:00000031 x15:1a10f018  PA:1a10f018
14287458ns          240094 1c008bda 00000513 addi             x10, x0, 0          x10=00000000
14287478ns          240095 1c008bdc 00008067 jalr             x0, x1, 0            x1:1c008ca2
14287538ns          240098 1c008ca2 4df52863 p.beqimm         x10, 1232           x10:00000000
14287558ns          240099 1c008ca6 00140413 addi             x8, x8, 1            x8=0000001c  x8:0000001b
14287577ns          240100 1c008ca8 001a450b p.lbu            x10, 1(x20!)        x10=00000036 x20=1c000078 x20:1c000077  PA:1c000077
14287896ns          240116 1c008cac fe0515e3 bne              x10, x0, -22        x10:00000036
14287975ns          240120 1c008c96 02500793 addi             x15, x0, 37         x15=00000025
14287995ns          240121 1c008c9a 04f50763 beq              x10, x15, 78        x10:00000036 x15:00000025
14288015ns          240122 1c008c9e 009005b3 add              x11, x0, x9         x11=00000002  x9:00000002
14288035ns          240123 1c008ca0 000c80e7 jalr             x1, x25, 0           x1=1c008ca2 x25:1c008bb6
14288075ns          240125 1c008bb6 000026b7 lui              x13, 0x2000         x13=00002000
14288095ns          240126 1c008bb8 f8068693 addi             x13, x13, -128      x13=00001f80 x13:00002000
14288114ns          240127 1c008bbc f14027f3 csrrs            x15, x0, 0xf14      x15=00000003
14288134ns          240128 1c008bc0 00379713 slli             x14, x15, 0x3       x14=00000018 x15:00000003
14288154ns          240129 1c008bc4 00279793 slli             x15, x15, 0x2       x15=0000000c x15:00000003
14288174ns          240130 1c008bc6 00d7f7b3 and              x15, x15, x13       x15=00000000 x15:0000000c x13:00001f80
14288194ns          240131 1c008bc8 ee873733 p.bclr           x14, x14, 23, 8     x14=00000018 x14:00000018
14288214ns          240132 1c008bcc 1a10f6b7 lui              x13, 0x1a10f000     x13=1a10f000
14288234ns          240133 1c008bd0 00d70733 add              x14, x14, x13       x14=1a10f018 x14:00000018 x13:1a10f000
14288254ns          240134 1c008bd2 00e787b3 add              x15, x15, x14       x15=1a10f018 x15:00000000 x14:1a10f018
14288274ns          240135 1c008bd4 0ff57513 andi             x10, x10, 255       x10=00000036 x10:00000036
14288293ns          240136 1c008bd8 00a7a023 sw               x10, 0(x15)         x10:00000036 x15:1a10f018  PA:1a10f018
14288612ns          240152 1c008bda 00000513 addi             x10, x0, 0          x10=00000000
14288632ns          240153 1c008bdc 00008067 jalr             x0, x1, 0            x1:1c008ca2
14288691ns          240156 1c008ca2 4df52863 p.beqimm         x10, 1232           x10:00000000
14288711ns          240157 1c008ca6 00140413 addi             x8, x8, 1            x8=0000001d  x8:0000001c
14288731ns          240158 1c008ca8 001a450b p.lbu            x10, 1(x20!)        x10=0000000a x20=1c000079 x20:1c000078  PA:1c000078
14289049ns          240174 1c008cac fe0515e3 bne              x10, x0, -22        x10:0000000a
14289129ns          240178 1c008c96 02500793 addi             x15, x0, 37         x15=00000025
14289149ns          240179 1c008c9a 04f50763 beq              x10, x15, 78        x10:0000000a x15:00000025
14289168ns          240180 1c008c9e 009005b3 add              x11, x0, x9         x11=00000002  x9:00000002
14289188ns          240181 1c008ca0 000c80e7 jalr             x1, x25, 0           x1=1c008ca2 x25:1c008bb6
14289228ns          240183 1c008bb6 000026b7 lui              x13, 0x2000         x13=00002000
14289248ns          240184 1c008bb8 f8068693 addi             x13, x13, -128      x13=00001f80 x13:00002000
14289268ns          240185 1c008bbc f14027f3 csrrs            x15, x0, 0xf14      x15=00000003
14289288ns          240186 1c008bc0 00379713 slli             x14, x15, 0x3       x14=00000018 x15:00000003
14289308ns          240187 1c008bc4 00279793 slli             x15, x15, 0x2       x15=0000000c x15:00000003
14289328ns          240188 1c008bc6 00d7f7b3 and              x15, x15, x13       x15=00000000 x15:0000000c x13:00001f80
14289347ns          240189 1c008bc8 ee873733 p.bclr           x14, x14, 23, 8     x14=00000018 x14:00000018
14289367ns          240190 1c008bcc 1a10f6b7 lui              x13, 0x1a10f000     x13=1a10f000
14289387ns          240191 1c008bd0 00d70733 add              x14, x14, x13       x14=1a10f018 x14:00000018 x13:1a10f000
14289407ns          240192 1c008bd2 00e787b3 add              x15, x15, x14       x15=1a10f018 x15:00000000 x14:1a10f018
14289427ns          240193 1c008bd4 0ff57513 andi             x10, x10, 255       x10=0000000a x10:0000000a
14289447ns          240194 1c008bd8 00a7a023 sw               x10, 0(x15)         x10:0000000a x15:1a10f018  PA:1a10f018
14289785ns          240211 1c008bda 00000513 addi             x10, x0, 0          x10=00000000
14289805ns          240212 1c008bdc 00008067 jalr             x0, x1, 0            x1:1c008ca2
14289865ns          240215 1c008ca2 4df52863 p.beqimm         x10, 1232           x10:00000000
14289884ns          240216 1c008ca6 00140413 addi             x8, x8, 1            x8=0000001e  x8:0000001d
14289904ns          240217 1c008ca8 001a450b p.lbu            x10, 1(x20!)        x10=00000000 x20=1c00007a x20:1c000079  PA:1c000079
14290223ns          240233 1c008cac fe0515e3 bne              x10, x0, -22        x10:00000000
14290242ns          240234 1c008cae 13c12083 lw               x1, 316(x2)          x1=1c008c22  x2:10001e18  PA:10001f54
14290262ns          240235 1c008cb2 00800533 add              x10, x0, x8         x10=0000001e  x8:0000001e
14290282ns          240236 1c008cb4 13812403 lw               x8, 312(x2)          x8=00000047  x2:10001e18  PA:10001f50
14290302ns          240237 1c008cb8 13412483 lw               x9, 308(x2)          x9=00000047  x2:10001e18  PA:10001f4c
14290322ns          240238 1c008cbc 13012903 lw               x18, 304(x2)        x18=00000003  x2:10001e18  PA:10001f48
14290362ns          240240 1c008cc0 12c12983 lw               x19, 300(x2)        x19=0000xc9b  x2:10001e18  PA:10001f44
14290402ns          240242 1c008cc4 12812a03 lw               x20, 296(x2)        x20=00000000  x2:10001e18  PA:10001f40
14290421ns          240243 1c008cc8 12412a83 lw               x21, 292(x2)        x21=000000f8  x2:10001e18  PA:10001f3c
14290441ns          240244 1c008ccc 12012b03 lw               x22, 288(x2)        x22=000000f4  x2:10001e18  PA:10001f38
14290501ns          240247 1c008cd0 11c12b83 lw               x23, 284(x2)        x23=000005e8  x2:10001e18  PA:10001f34
14290541ns          240249 1c008cd4 11812c03 lw               x24, 280(x2)        x24=000005f9  x2:10001e18  PA:10001f30
14290561ns          240250 1c008cd8 11412c83 lw               x25, 276(x2)        x25=1c0009b8  x2:10001e18  PA:10001f2c
14290581ns          240251 1c008cdc 11012d03 lw               x26, 272(x2)        x26=0fa70000  x2:10001e18  PA:10001f28
14290640ns          240254 1c008ce0 10c12d83 lw               x27, 268(x2)        x27=0c4b0938  x2:10001e18  PA:10001f24
14290680ns          240256 1c008ce4 14010113 addi             x2, x2, 320          x2=10001f58  x2:10001e18
14290700ns          240257 1c008ce6 00008067 jalr             x0, x1, 0            x1:1c008c22
14290779ns          240261 1c008c22 01c12083 lw               x1, 28(x2)           x1=1c0087c8  x2:10001f58  PA:10001f74
14290819ns          240263 1c008c24 04010113 addi             x2, x2, 64           x2=10001f98  x2:10001f58
14290839ns          240264 1c008c26 00008067 jalr             x0, x1, 0            x1:1c0087c8
14290958ns          240270 1c0087c8 fcfff06f jal              x0, -50            
14291396ns          240292 1c008796 05c12083 lw               x1, 92(x2)           x1=1c00a05e  x2:10001f98  PA:10001ff4
14291436ns          240294 1c008798 05812403 lw               x8, 88(x2)           x8=00000000  x2:10001f98  PA:10001ff0
14291456ns          240295 1c00879a 05412483 lw               x9, 84(x2)           x9=00000000  x2:10001f98  PA:10001fec
14291475ns          240296 1c00879c 05012903 lw               x18, 80(x2)         x18=00000000  x2:10001f98  PA:10001fe8
14291495ns          240297 1c00879e 04c12983 lw               x19, 76(x2)         x19=00000000  x2:10001f98  PA:10001fe4
14291933ns          240319 1c0087a0 04812a03 lw               x20, 72(x2)         x20=00000000  x2:10001f98  PA:10001fe0
14291953ns          240320 1c0087a2 04412a83 lw               x21, 68(x2)         x21=00000000  x2:10001f98  PA:10001fdc
14291973ns          240321 1c0087a4 04012b03 lw               x22, 64(x2)         x22=00000000  x2:10001f98  PA:10001fd8
14291993ns          240322 1c0087a6 03c12b83 lw               x23, 60(x2)         x23=00000000  x2:10001f98  PA:10001fd4
14292012ns          240323 1c0087a8 03812c03 lw               x24, 56(x2)         x24=00000000  x2:10001f98  PA:10001fd0
14292032ns          240324 1c0087aa 03412c83 lw               x25, 52(x2)         x25=00000000  x2:10001f98  PA:10001fcc
14292052ns          240325 1c0087ac 03012d03 lw               x26, 48(x2)         x26=00000000  x2:10001f98  PA:10001fc8
14292072ns          240326 1c0087ae 02c12d83 lw               x27, 44(x2)         x27=00000000  x2:10001f98  PA:10001fc4
14292092ns          240327 1c0087b0 00100513 addi             x10, x0, 1          x10=00000001
14292112ns          240328 1c0087b2 06010113 addi             x2, x2, 96           x2=10001ff8  x2:10001f98
14292132ns          240329 1c0087b4 00008067 jalr             x0, x1, 0            x1:1c00a05e
14292589ns          240352 1c00a05e 01f00713 addi             x14, x0, 31         x14=0000001f
14292669ns          240356 1c00a060 f14027f3 csrrs            x15, x0, 0xf14      x15=00000003
14292709ns          240358 1c00a064 ca5797b3 p.extractu       x15, x15, 5, 5      x15=00000000 x15:00000003
14292728ns          240359 1c00a068 00e78863 beq              x15, x14, 16        x15:00000000 x14:0000001f
14292748ns          240360 1c00a06c 002047b7 lui              x15, 0x204000       x15=00204000
14293186ns          240382 1c00a070 20078793 addi             x15, x15, 512       x15=00204200 x15:00204000
14293226ns          240384 1c00a074 01c7e703 p.elw            x14, 28(x15)        x14=00010000 x15:00204200  PA:0020421c
14293385ns          240392 1c00a078 f14027f3 csrrs            x15, x0, 0xf14      x15=00000003
14293405ns          240393 1c00a07c f457b7b3 p.bclr           x15, x15, 26, 5     x15=00000003 x15:00000003
14293683ns          240407 1c00a080 00079963 bne              x15, x0, 18         x15:00000003
14294180ns          240432 1c00a092 002047b7 lui              x15, 0x204000       x15=00204000
14294200ns          240433 1c00a096 fff00713 addi             x14, x0, -1         x14=ffffffff
14294220ns          240434 1c00a098 00e7a223 sw               x14, 4(x15)         x14:ffffffff x15:00204000  PA:00204004
