                Time          Cycles PC       Instr    Mnemonic
14015430ns          226416 1c008080 000000b7 lui              x1, 0x0              x1=00000000
14015470ns          226418 1c008084 00000137 lui              x2, 0x0              x2=00000000
14015490ns          226419 1c008088 000001b7 lui              x3, 0x0              x3=00000000
14015510ns          226420 1c00808c 00000237 lui              x4, 0x0              x4=00000000
14015947ns          226442 1c008090 000002b7 lui              x5, 0x0              x5=00000000
14015987ns          226444 1c008094 00000337 lui              x6, 0x0              x6=00000000
14016007ns          226445 1c008098 000003b7 lui              x7, 0x0              x7=00000000
14016027ns          226446 1c00809c 00000437 lui              x8, 0x0              x8=00000000
14016464ns          226468 1c0080a0 000004b7 lui              x9, 0x0              x9=00000000
14016504ns          226470 1c0080a4 00000537 lui              x10, 0x0            x10=00000000
14016524ns          226471 1c0080a8 000005b7 lui              x11, 0x0            x11=00000000
14016544ns          226472 1c0080ac 00000637 lui              x12, 0x0            x12=00000000
14016981ns          226494 1c0080b0 000006b7 lui              x13, 0x0            x13=00000000
14017021ns          226496 1c0080b4 00000737 lui              x14, 0x0            x14=00000000
14017041ns          226497 1c0080b8 000007b7 lui              x15, 0x0            x15=00000000
14017061ns          226498 1c0080bc 00000837 lui              x16, 0x0            x16=00000000
14017518ns          226521 1c0080c0 000008b7 lui              x17, 0x0            x17=00000000
14017558ns          226523 1c0080c4 00000937 lui              x18, 0x0            x18=00000000
14017578ns          226524 1c0080c8 000009b7 lui              x19, 0x0            x19=00000000
14017598ns          226525 1c0080cc 00000a37 lui              x20, 0x0            x20=00000000
14018035ns          226547 1c0080d0 00000ab7 lui              x21, 0x0            x21=00000000
14018075ns          226549 1c0080d4 00000b37 lui              x22, 0x0            x22=00000000
14018095ns          226550 1c0080d8 00000bb7 lui              x23, 0x0            x23=00000000
14018115ns          226551 1c0080dc 00000c37 lui              x24, 0x0            x24=00000000
14018552ns          226573 1c0080e0 00000cb7 lui              x25, 0x0            x25=00000000
14018592ns          226575 1c0080e4 00000d37 lui              x26, 0x0            x26=00000000
14018612ns          226576 1c0080e8 00000db7 lui              x27, 0x0            x27=00000000
14018632ns          226577 1c0080ec 00000e37 lui              x28, 0x0            x28=00000000
14019070ns          226599 1c0080f0 00000eb7 lui              x29, 0x0            x29=00000000
14019109ns          226601 1c0080f4 00000f37 lui              x30, 0x0            x30=00000000
14019129ns          226602 1c0080f8 00000fb7 lui              x31, 0x0            x31=00000000
14019149ns          226603 1c0080fc 0700006f jal              x0, 112            
14020064ns          226649 1c00816c f1402573 csrrs            x10, x0, 0xf14      x10=00000006
14020521ns          226672 1c008170 01f57593 andi             x11, x10, 31        x11=00000006 x10:00000006
14020561ns          226674 1c008174 00555513 srli             x10, x10, 0x5       x10=00000000 x10:00000006
14020581ns          226675 1c008176 01f00613 addi             x12, x0, 31         x12=0000001f
14020601ns          226676 1c008178 00c50463 beq              x10, x12, 8         x10:00000000 x12:0000001f
14020621ns          226677 1c00817c f95ff06f jal              x0, -108           
14021516ns          226722 1c008110 f3ff8117 auipc            x2, 0xf3ff8000       x2=10000110
14021556ns          226724 1c008114 ef410113 addi             x2, x2, -268         x2=10000004  x2:10000110
14021575ns          226725 1c008118 00012103 lw               x2, 0(x2)            x2=10000008  x2:10000004  PA:10000004
14021595ns          226726 1c00811c 000011b7 lui              x3, 0x1000           x3=00001000
14022033ns          226748 1c008120 80018193 addi             x3, x3, -2048        x3=00000800  x3:00001000
14022073ns          226750 1c008124 00158593 addi             x11, x11, 1         x11=00000007 x11:00000006
14022093ns          226751 1c008128 02b180b3 mul              x1, x3, x11          x1=00003800  x3:00000800 x11:00000007
14022112ns          226752 1c00812c 00110133 add              x2, x2, x1           x2=10003808  x2:10000008  x1:00003800
14022550ns          226774 1c008130 6f50106f jal              x0, 7924           
14023007ns          226797 1c00a024 ff010113 addi             x2, x2, -16          x2=100037f8  x2:10003808
14023027ns          226798 1c00a026 00112623 sw               x1, 12(x2)           x1:00003800  x2:100037f8  PA:10003804
14023047ns          226799 1c00a028 002047b7 lui              x15, 0x204000       x15=00204000
14023067ns          226800 1c00a02c 00070737 lui              x14, 0x70000        x14=00070000
14023505ns          226822 1c00a030 00e7a423 sw               x14, 8(x15)         x14:00070000 x15:00204000  PA:00204008
14023544ns          226824 1c00a032 0ff00713 addi             x14, x0, 255        x14=000000ff
14023564ns          226825 1c00a036 20078793 addi             x15, x15, 512       x15=00204200 x15:00204000
14023584ns          226826 1c00a03a 00e7a023 sw               x14, 0(x15)         x14:000000ff x15:00204200  PA:00204200
14024042ns          226849 1c00a03e 00e7a623 sw               x14, 12(x15)        x14:000000ff x15:00204200  PA:0020420c
14024061ns          226850 1c00a042 01f00693 addi             x13, x0, 31         x13=0000001f
14024081ns          226851 1c00a044 f1402773 csrrs            x14, x0, 0xf14      x14=00000006
14024101ns          226852 1c00a048 ca571733 p.extractu       x14, x14, 5, 5      x14=00000000 x14:00000006
14024121ns          226853 1c00a04c 00d70463 beq              x14, x13, 8         x14:00000000 x13:0000001f
14024559ns          226875 1c00a050 01c7e703 p.elw            x14, 28(x15)        x14=00010000 x15:00204200  PA:0020421c
14024698ns          226882 1c00a054 1c0017b7 lui              x15, 0x1c001000     x15=1c001000
14024718ns          226883 1c00a058 e087a783 lw               x15, -504(x15)      x15=1c0081c6 x15:1c001000  PA:1c000e08
14025294ns          226912 1c00a05c 000780e7 jalr             x1, x15, 0           x1=1c00a05e x15:1c0081c6
14025672ns          226931 1c0081c6 fa010113 addi             x2, x2, -96          x2=10003798  x2:100037f8
14025712ns          226933 1c0081c8 04812c23 sw               x8, 88(x2)           x8:00000000  x2:10003798  PA:100037f0
14025732ns          226934 1c0081ca 05212823 sw               x18, 80(x2)         x18:00000000  x2:10003798  PA:100037e8
14025752ns          226935 1c0081cc f1402473 csrrs            x8, x0, 0xf14        x8=00000006
14026170ns          226956 1c0081d0 1c000537 lui              x10, 0x1c000000     x10=1c000000
14026209ns          226958 1c0081d4 f4543933 p.bclr           x18, x8, 26, 5      x18=00000006  x8:00000006
14026229ns          226959 1c0081d8 40545593 srai             x11, x8, 0x405      x11=00000000  x8:00000006
14026249ns          226960 1c0081dc 01200633 add              x12, x0, x18        x12=00000006 x18:00000006
14026707ns          226983 1c0081de f265b5b3 p.bclr           x11, x11, 25, 6     x11=00000000 x11:00000000
14026746ns          226985 1c0081e2 01c50513 addi             x10, x10, 28        x10=1c00001c x10:1c000000
14026766ns          226986 1c0081e6 04112e23 sw               x1, 92(x2)           x1:1c00a05e  x2:10003798  PA:100037f4
14026786ns          226987 1c0081e8 04912a23 sw               x9, 84(x2)           x9:00000000  x2:10003798  PA:100037ec
14026806ns          226988 1c0081ea 05312623 sw               x19, 76(x2)         x19:00000000  x2:10003798  PA:100037e4
14026826ns          226989 1c0081ec 05412423 sw               x20, 72(x2)         x20:00000000  x2:10003798  PA:100037e0
14026846ns          226990 1c0081ee 05512223 sw               x21, 68(x2)         x21:00000000  x2:10003798  PA:100037dc
14027224ns          227009 1c0081f0 05612023 sw               x22, 64(x2)         x22:00000000  x2:10003798  PA:100037d8
14027244ns          227010 1c0081f2 03712e23 sw               x23, 60(x2)         x23:00000000  x2:10003798  PA:100037d4
14027263ns          227011 1c0081f4 03812c23 sw               x24, 56(x2)         x24:00000000  x2:10003798  PA:100037d0
14027283ns          227012 1c0081f6 03912a23 sw               x25, 52(x2)         x25:00000000  x2:10003798  PA:100037cc
14027303ns          227013 1c0081f8 03a12823 sw               x26, 48(x2)         x26:00000000  x2:10003798  PA:100037c8
14027323ns          227014 1c0081fa 03b12623 sw               x27, 44(x2)         x27:00000000  x2:10003798  PA:100037c4
14027343ns          227015 1c0081fc 1ff000ef jal              x1, 2558             x1=1c008200
14028218ns          227059 1c008bfa fc010113 addi             x2, x2, -64          x2=10003758  x2:10003798
14028258ns          227061 1c008bfc 02410313 addi             x6, x2, 36           x6=1000377c  x2:10003758
14028695ns          227083 1c008c00 02c12423 sw               x12, 40(x2)         x12:00000006  x2:10003758  PA:10003780
14028715ns          227084 1c008c02 00a00633 add              x12, x0, x10        x12=1c00001c x10:1c00001c
14028735ns          227085 1c008c04 1c009537 lui              x10, 0x1c009000     x10=1c009000
14028755ns          227086 1c008c08 02b12223 sw               x11, 36(x2)         x11:00000000  x2:10003758  PA:1000377c
14028775ns          227087 1c008c0a 02d12623 sw               x13, 44(x2)         x13:0000001f  x2:10003758  PA:10003784
14028795ns          227088 1c008c0c 00200593 addi             x11, x0, 2          x11=00000002
14028815ns          227089 1c008c0e 006006b3 add              x13, x0, x6         x13=1000377c  x6:1000377c
14029212ns          227109 1c008c10 bb650513 addi             x10, x10, -1098     x10=1c008bb6 x10:1c009000
14029252ns          227111 1c008c14 00112e23 sw               x1, 28(x2)           x1:1c008200  x2:10003758  PA:10003774
14029272ns          227112 1c008c16 02e12823 sw               x14, 48(x2)         x14:00010000  x2:10003758  PA:10003788
14029292ns          227113 1c008c18 02f12a23 sw               x15, 52(x2)         x15:1c0081c6  x2:10003758  PA:1000378c
14029312ns          227114 1c008c1a 03012c23 sw               x16, 56(x2)         x16:00000000  x2:10003758  PA:10003790
14029332ns          227115 1c008c1c 03112e23 sw               x17, 60(x2)         x17:00000000  x2:10003758  PA:10003794
14029352ns          227116 1c008c1e 00612623 sw               x6, 12(x2)           x6:1000377c  x2:10003758  PA:10003764
14029730ns          227135 1c008c20 fbfff0ef jal              x1, -66              x1=1c008c22
14030187ns          227158 1c008bde 04a0006f jal              x0, 74             
14030227ns          227160 1c008c28 ec010113 addi             x2, x2, -320         x2=10003618  x2:10003758
14030247ns          227161 1c008c2a 13312623 sw               x19, 300(x2)        x19:00000000  x2:10003618  PA:10003744
14030704ns          227184 1c008c2e 12112e23 sw               x1, 316(x2)          x1:1c008c22  x2:10003618  PA:10003754
14030744ns          227186 1c008c32 12812c23 sw               x8, 312(x2)          x8:00000006  x2:10003618  PA:10003750
14030764ns          227187 1c008c36 12912a23 sw               x9, 308(x2)          x9:00000000  x2:10003618  PA:1000374c
14030784ns          227188 1c008c3a 13212823 sw               x18, 304(x2)        x18:00000006  x2:10003618  PA:10003748
14031221ns          227210 1c008c3e 13412423 sw               x20, 296(x2)        x20:00000000  x2:10003618  PA:10003740
14031261ns          227212 1c008c42 13512223 sw               x21, 292(x2)        x21:00000000  x2:10003618  PA:1000373c
14031281ns          227213 1c008c46 13612023 sw               x22, 288(x2)        x22:00000000  x2:10003618  PA:10003738
14031301ns          227214 1c008c4a 11712e23 sw               x23, 284(x2)        x23:00000000  x2:10003618  PA:10003734
14031738ns          227236 1c008c4e 11812c23 sw               x24, 280(x2)        x24:00000000  x2:10003618  PA:10003730
14031778ns          227238 1c008c52 11912a23 sw               x25, 276(x2)        x25:00000000  x2:10003618  PA:1000372c
14031798ns          227239 1c008c56 11a12823 sw               x26, 272(x2)        x26:00000000  x2:10003618  PA:10003728
14031818ns          227240 1c008c5a 11b12623 sw               x27, 268(x2)        x27:00000000  x2:10003618  PA:10003724
14031838ns          227241 1c008c5e 00c009b3 add              x19, x0, x12        x19=1c00001c x12:1c00001c
14032255ns          227262 1c008c60 0019c78b p.lbu            x15, 1(x19!)        x15=00000045 x19=1c00001d x19:1c00001c  PA:1c00001c
14032852ns          227292 1c008c64 00d12c23 sw               x13, 24(x2)         x13:1000377c  x2:10003618  PA:10003630
14032872ns          227293 1c008c66 6a0788e3 beq              x15, x0, 3760       x15:00000045
14032892ns          227294 1c008c6a 1c000737 lui              x14, 0x1c000000     x14=1c000000
14032912ns          227295 1c008c6e 0c472703 lw               x14, 196(x14)       x14=20202020 x14:1c000000  PA:1c0000c4
14033329ns          227316 1c008c72 03410d93 addi             x27, x2, 52         x27=1000364c  x2:10003618
14033349ns          227317 1c008c76 00a00cb3 add              x25, x0, x10        x25=1c008bb6 x10:1c008bb6
14033369ns          227318 1c008c78 02e12023 sw               x14, 32(x2)         x14:20202020  x2:10003618  PA:10003638
14033389ns          227319 1c008c7a 03610713 addi             x14, x2, 54         x14=1000364e  x2:10003618
14033449ns          227322 1c008c7e fff74713 xori             x14, x14, -1        x14=efffc9b1 x14:1000364e
14033468ns          227323 1c008c82 02e12223 sw               x14, 36(x2)         x14:efffc9b1  x2:10003618  PA:1000363c
14033488ns          227324 1c008c84 fffdc713 xori             x14, x27, -1        x14=efffc9b3 x27:1000364c
14033508ns          227325 1c008c88 00b004b3 add              x9, x0, x11          x9=00000002 x11:00000002
14033528ns          227326 1c008c8a 00000413 addi             x8, x0, 0            x8=00000000
14033548ns          227327 1c008c8c 1c000d37 lui              x26, 0x1c000000     x26=1c000000
14033966ns          227348 1c008c90 02e12423 sw               x14, 40(x2)         x14:efffc9b3  x2:10003618  PA:10003640
14033986ns          227349 1c008c92 01300a33 add              x20, x0, x19        x20=1c00001d x19:1c00001d
14034005ns          227350 1c008c94 00f00533 add              x10, x0, x15        x10=00000045 x15:00000045
14034025ns          227351 1c008c96 02500793 addi             x15, x0, 37         x15=00000025
14034045ns          227352 1c008c9a 04f50763 beq              x10, x15, 78        x10:00000045 x15:00000025
14034065ns          227353 1c008c9e 009005b3 add              x11, x0, x9         x11=00000002  x9:00000002
14034483ns          227374 1c008ca0 000c80e7 jalr             x1, x25, 0           x1=1c008ca2 x25:1c008bb6
14034940ns          227397 1c008bb6 000026b7 lui              x13, 0x2000         x13=00002000
14034980ns          227399 1c008bb8 f8068693 addi             x13, x13, -128      x13=00001f80 x13:00002000
14035000ns          227400 1c008bbc f14027f3 csrrs            x15, x0, 0xf14      x15=00000006
14035437ns          227422 1c008bc0 00379713 slli             x14, x15, 0x3       x14=00000030 x15:00000006
14035477ns          227424 1c008bc4 00279793 slli             x15, x15, 0x2       x15=00000018 x15:00000006
14035497ns          227425 1c008bc6 00d7f7b3 and              x15, x15, x13       x15=00000000 x15:00000018 x13:00001f80
14035517ns          227426 1c008bc8 ee873733 p.bclr           x14, x14, 23, 8     x14=00000030 x14:00000030
14035537ns          227427 1c008bcc 1a10f6b7 lui              x13, 0x1a10f000     x13=1a10f000
14035557ns          227428 1c008bd0 00d70733 add              x14, x14, x13       x14=1a10f030 x14:00000030 x13:1a10f000
14035577ns          227429 1c008bd2 00e787b3 add              x15, x15, x14       x15=1a10f030 x15:00000000 x14:1a10f030
14035596ns          227430 1c008bd4 0ff57513 andi             x10, x10, 255       x10=00000045 x10:00000045
14035616ns          227431 1c008bd8 00a7a023 sw               x10, 0(x15)         x10:00000045 x15:1a10f030  PA:1a10f030
14036153ns          227458 1c008bda 00000513 addi             x10, x0, 0          x10=00000000
14036173ns          227459 1c008bdc 00008067 jalr             x0, x1, 0            x1:1c008ca2
14036233ns          227462 1c008ca2 4df52863 p.beqimm         x10, 1232           x10:00000000
14036253ns          227463 1c008ca6 00140413 addi             x8, x8, 1            x8=00000001  x8:00000000
14036273ns          227464 1c008ca8 001a450b p.lbu            x10, 1(x20!)        x10=0000006e x20=1c00001e x20:1c00001d  PA:1c00001d
14036690ns          227485 1c008cac fe0515e3 bne              x10, x0, -22        x10:0000006e
14036770ns          227489 1c008c96 02500793 addi             x15, x0, 37         x15=00000025
14036790ns          227490 1c008c9a 04f50763 beq              x10, x15, 78        x10:0000006e x15:00000025
14036810ns          227491 1c008c9e 009005b3 add              x11, x0, x9         x11=00000002  x9:00000002
14036830ns          227492 1c008ca0 000c80e7 jalr             x1, x25, 0           x1=1c008ca2 x25:1c008bb6
14036869ns          227494 1c008bb6 000026b7 lui              x13, 0x2000         x13=00002000
14036889ns          227495 1c008bb8 f8068693 addi             x13, x13, -128      x13=00001f80 x13:00002000
14036909ns          227496 1c008bbc f14027f3 csrrs            x15, x0, 0xf14      x15=00000006
14036929ns          227497 1c008bc0 00379713 slli             x14, x15, 0x3       x14=00000030 x15:00000006
14036949ns          227498 1c008bc4 00279793 slli             x15, x15, 0x2       x15=00000018 x15:00000006
14036969ns          227499 1c008bc6 00d7f7b3 and              x15, x15, x13       x15=00000000 x15:00000018 x13:00001f80
14036989ns          227500 1c008bc8 ee873733 p.bclr           x14, x14, 23, 8     x14=00000030 x14:00000030
14037009ns          227501 1c008bcc 1a10f6b7 lui              x13, 0x1a10f000     x13=1a10f000
14037028ns          227502 1c008bd0 00d70733 add              x14, x14, x13       x14=1a10f030 x14:00000030 x13:1a10f000
14037048ns          227503 1c008bd2 00e787b3 add              x15, x15, x14       x15=1a10f030 x15:00000000 x14:1a10f030
14037068ns          227504 1c008bd4 0ff57513 andi             x10, x10, 255       x10=0000006e x10:0000006e
14037088ns          227505 1c008bd8 00a7a023 sw               x10, 0(x15)         x10:0000006e x15:1a10f030  PA:1a10f030
14037526ns          227527 1c008bda 00000513 addi             x10, x0, 0          x10=00000000
14037546ns          227528 1c008bdc 00008067 jalr             x0, x1, 0            x1:1c008ca2
14037605ns          227531 1c008ca2 4df52863 p.beqimm         x10, 1232           x10:00000000
14037625ns          227532 1c008ca6 00140413 addi             x8, x8, 1            x8=00000002  x8:00000001
14037645ns          227533 1c008ca8 001a450b p.lbu            x10, 1(x20!)        x10=00000074 x20=1c00001f x20:1c00001e  PA:1c00001e
14037963ns          227549 1c008cac fe0515e3 bne              x10, x0, -22        x10:00000074
14038043ns          227553 1c008c96 02500793 addi             x15, x0, 37         x15=00000025
14038063ns          227554 1c008c9a 04f50763 beq              x10, x15, 78        x10:00000074 x15:00000025
14038082ns          227555 1c008c9e 009005b3 add              x11, x0, x9         x11=00000002  x9:00000002
14038102ns          227556 1c008ca0 000c80e7 jalr             x1, x25, 0           x1=1c008ca2 x25:1c008bb6
14038142ns          227558 1c008bb6 000026b7 lui              x13, 0x2000         x13=00002000
14038162ns          227559 1c008bb8 f8068693 addi             x13, x13, -128      x13=00001f80 x13:00002000
14038182ns          227560 1c008bbc f14027f3 csrrs            x15, x0, 0xf14      x15=00000006
14038202ns          227561 1c008bc0 00379713 slli             x14, x15, 0x3       x14=00000030 x15:00000006
14038222ns          227562 1c008bc4 00279793 slli             x15, x15, 0x2       x15=00000018 x15:00000006
14038242ns          227563 1c008bc6 00d7f7b3 and              x15, x15, x13       x15=00000000 x15:00000018 x13:00001f80
14038261ns          227564 1c008bc8 ee873733 p.bclr           x14, x14, 23, 8     x14=00000030 x14:00000030
14038281ns          227565 1c008bcc 1a10f6b7 lui              x13, 0x1a10f000     x13=1a10f000
14038301ns          227566 1c008bd0 00d70733 add              x14, x14, x13       x14=1a10f030 x14:00000030 x13:1a10f000
14038321ns          227567 1c008bd2 00e787b3 add              x15, x15, x14       x15=1a10f030 x15:00000000 x14:1a10f030
14038341ns          227568 1c008bd4 0ff57513 andi             x10, x10, 255       x10=00000074 x10:00000074
14038361ns          227569 1c008bd8 00a7a023 sw               x10, 0(x15)         x10:00000074 x15:1a10f030  PA:1a10f030
14038719ns          227587 1c008bda 00000513 addi             x10, x0, 0          x10=00000000
14038739ns          227588 1c008bdc 00008067 jalr             x0, x1, 0            x1:1c008ca2
14038798ns          227591 1c008ca2 4df52863 p.beqimm         x10, 1232           x10:00000000
14038818ns          227592 1c008ca6 00140413 addi             x8, x8, 1            x8=00000003  x8:00000002
14038838ns          227593 1c008ca8 001a450b p.lbu            x10, 1(x20!)        x10=00000065 x20=1c000020 x20:1c00001f  PA:1c00001f
14039156ns          227609 1c008cac fe0515e3 bne              x10, x0, -22        x10:00000065
14039236ns          227613 1c008c96 02500793 addi             x15, x0, 37         x15=00000025
14039256ns          227614 1c008c9a 04f50763 beq              x10, x15, 78        x10:00000065 x15:00000025
14039276ns          227615 1c008c9e 009005b3 add              x11, x0, x9         x11=00000002  x9:00000002
14039296ns          227616 1c008ca0 000c80e7 jalr             x1, x25, 0           x1=1c008ca2 x25:1c008bb6
14039335ns          227618 1c008bb6 000026b7 lui              x13, 0x2000         x13=00002000
14039355ns          227619 1c008bb8 f8068693 addi             x13, x13, -128      x13=00001f80 x13:00002000
14039375ns          227620 1c008bbc f14027f3 csrrs            x15, x0, 0xf14      x15=00000006
14039395ns          227621 1c008bc0 00379713 slli             x14, x15, 0x3       x14=00000030 x15:00000006
14039415ns          227622 1c008bc4 00279793 slli             x15, x15, 0x2       x15=00000018 x15:00000006
14039435ns          227623 1c008bc6 00d7f7b3 and              x15, x15, x13       x15=00000000 x15:00000018 x13:00001f80
14039455ns          227624 1c008bc8 ee873733 p.bclr           x14, x14, 23, 8     x14=00000030 x14:00000030
14039475ns          227625 1c008bcc 1a10f6b7 lui              x13, 0x1a10f000     x13=1a10f000
14039495ns          227626 1c008bd0 00d70733 add              x14, x14, x13       x14=1a10f030 x14:00000030 x13:1a10f000
14039514ns          227627 1c008bd2 00e787b3 add              x15, x15, x14       x15=1a10f030 x15:00000000 x14:1a10f030
14039534ns          227628 1c008bd4 0ff57513 andi             x10, x10, 255       x10=00000065 x10:00000065
14039554ns          227629 1c008bd8 00a7a023 sw               x10, 0(x15)         x10:00000065 x15:1a10f030  PA:1a10f030
14039912ns          227647 1c008bda 00000513 addi             x10, x0, 0          x10=00000000
14039932ns          227648 1c008bdc 00008067 jalr             x0, x1, 0            x1:1c008ca2
14039992ns          227651 1c008ca2 4df52863 p.beqimm         x10, 1232           x10:00000000
14040012ns          227652 1c008ca6 00140413 addi             x8, x8, 1            x8=00000004  x8:00000003
14040032ns          227653 1c008ca8 001a450b p.lbu            x10, 1(x20!)        x10=00000072 x20=1c000021 x20:1c000020  PA:1c000020
14040350ns          227669 1c008cac fe0515e3 bne              x10, x0, -22        x10:00000072
14040429ns          227673 1c008c96 02500793 addi             x15, x0, 37         x15=00000025
14040449ns          227674 1c008c9a 04f50763 beq              x10, x15, 78        x10:00000072 x15:00000025
14040469ns          227675 1c008c9e 009005b3 add              x11, x0, x9         x11=00000002  x9:00000002
14040489ns          227676 1c008ca0 000c80e7 jalr             x1, x25, 0           x1=1c008ca2 x25:1c008bb6
14040529ns          227678 1c008bb6 000026b7 lui              x13, 0x2000         x13=00002000
14040549ns          227679 1c008bb8 f8068693 addi             x13, x13, -128      x13=00001f80 x13:00002000
14040568ns          227680 1c008bbc f14027f3 csrrs            x15, x0, 0xf14      x15=00000006
14040588ns          227681 1c008bc0 00379713 slli             x14, x15, 0x3       x14=00000030 x15:00000006
14040608ns          227682 1c008bc4 00279793 slli             x15, x15, 0x2       x15=00000018 x15:00000006
14040628ns          227683 1c008bc6 00d7f7b3 and              x15, x15, x13       x15=00000000 x15:00000018 x13:00001f80
14040648ns          227684 1c008bc8 ee873733 p.bclr           x14, x14, 23, 8     x14=00000030 x14:00000030
14040668ns          227685 1c008bcc 1a10f6b7 lui              x13, 0x1a10f000     x13=1a10f000
14040688ns          227686 1c008bd0 00d70733 add              x14, x14, x13       x14=1a10f030 x14:00000030 x13:1a10f000
14040708ns          227687 1c008bd2 00e787b3 add              x15, x15, x14       x15=1a10f030 x15:00000000 x14:1a10f030
14040728ns          227688 1c008bd4 0ff57513 andi             x10, x10, 255       x10=00000072 x10:00000072
14040747ns          227689 1c008bd8 00a7a023 sw               x10, 0(x15)         x10:00000072 x15:1a10f030  PA:1a10f030
14041086ns          227706 1c008bda 00000513 addi             x10, x0, 0          x10=00000000
14041105ns          227707 1c008bdc 00008067 jalr             x0, x1, 0            x1:1c008ca2
14041165ns          227710 1c008ca2 4df52863 p.beqimm         x10, 1232           x10:00000000
14041185ns          227711 1c008ca6 00140413 addi             x8, x8, 1            x8=00000005  x8:00000004
14041205ns          227712 1c008ca8 001a450b p.lbu            x10, 1(x20!)        x10=00000065 x20=1c000022 x20:1c000021  PA:1c000021
14041523ns          227728 1c008cac fe0515e3 bne              x10, x0, -22        x10:00000065
14041603ns          227732 1c008c96 02500793 addi             x15, x0, 37         x15=00000025
14041623ns          227733 1c008c9a 04f50763 beq              x10, x15, 78        x10:00000065 x15:00000025
14041642ns          227734 1c008c9e 009005b3 add              x11, x0, x9         x11=00000002  x9:00000002
14041662ns          227735 1c008ca0 000c80e7 jalr             x1, x25, 0           x1=1c008ca2 x25:1c008bb6
14041702ns          227737 1c008bb6 000026b7 lui              x13, 0x2000         x13=00002000
14041722ns          227738 1c008bb8 f8068693 addi             x13, x13, -128      x13=00001f80 x13:00002000
14041742ns          227739 1c008bbc f14027f3 csrrs            x15, x0, 0xf14      x15=00000006
14041762ns          227740 1c008bc0 00379713 slli             x14, x15, 0x3       x14=00000030 x15:00000006
14041782ns          227741 1c008bc4 00279793 slli             x15, x15, 0x2       x15=00000018 x15:00000006
14041802ns          227742 1c008bc6 00d7f7b3 and              x15, x15, x13       x15=00000000 x15:00000018 x13:00001f80
14041821ns          227743 1c008bc8 ee873733 p.bclr           x14, x14, 23, 8     x14=00000030 x14:00000030
14041841ns          227744 1c008bcc 1a10f6b7 lui              x13, 0x1a10f000     x13=1a10f000
14041861ns          227745 1c008bd0 00d70733 add              x14, x14, x13       x14=1a10f030 x14:00000030 x13:1a10f000
14041881ns          227746 1c008bd2 00e787b3 add              x15, x15, x14       x15=1a10f030 x15:00000000 x14:1a10f030
14041901ns          227747 1c008bd4 0ff57513 andi             x10, x10, 255       x10=00000065 x10:00000065
14041921ns          227748 1c008bd8 00a7a023 sw               x10, 0(x15)         x10:00000065 x15:1a10f030  PA:1a10f030
14042239ns          227764 1c008bda 00000513 addi             x10, x0, 0          x10=00000000
14042259ns          227765 1c008bdc 00008067 jalr             x0, x1, 0            x1:1c008ca2
14042319ns          227768 1c008ca2 4df52863 p.beqimm         x10, 1232           x10:00000000
14042339ns          227769 1c008ca6 00140413 addi             x8, x8, 1            x8=00000006  x8:00000005
14042358ns          227770 1c008ca8 001a450b p.lbu            x10, 1(x20!)        x10=00000064 x20=1c000023 x20:1c000022  PA:1c000022
14042677ns          227786 1c008cac fe0515e3 bne              x10, x0, -22        x10:00000064
14042756ns          227790 1c008c96 02500793 addi             x15, x0, 37         x15=00000025
14042776ns          227791 1c008c9a 04f50763 beq              x10, x15, 78        x10:00000064 x15:00000025
14042796ns          227792 1c008c9e 009005b3 add              x11, x0, x9         x11=00000002  x9:00000002
14042816ns          227793 1c008ca0 000c80e7 jalr             x1, x25, 0           x1=1c008ca2 x25:1c008bb6
14042856ns          227795 1c008bb6 000026b7 lui              x13, 0x2000         x13=00002000
14042875ns          227796 1c008bb8 f8068693 addi             x13, x13, -128      x13=00001f80 x13:00002000
14042895ns          227797 1c008bbc f14027f3 csrrs            x15, x0, 0xf14      x15=00000006
14042915ns          227798 1c008bc0 00379713 slli             x14, x15, 0x3       x14=00000030 x15:00000006
14042935ns          227799 1c008bc4 00279793 slli             x15, x15, 0x2       x15=00000018 x15:00000006
14042955ns          227800 1c008bc6 00d7f7b3 and              x15, x15, x13       x15=00000000 x15:00000018 x13:00001f80
14042975ns          227801 1c008bc8 ee873733 p.bclr           x14, x14, 23, 8     x14=00000030 x14:00000030
14042995ns          227802 1c008bcc 1a10f6b7 lui              x13, 0x1a10f000     x13=1a10f000
14043015ns          227803 1c008bd0 00d70733 add              x14, x14, x13       x14=1a10f030 x14:00000030 x13:1a10f000
14043035ns          227804 1c008bd2 00e787b3 add              x15, x15, x14       x15=1a10f030 x15:00000000 x14:1a10f030
14043054ns          227805 1c008bd4 0ff57513 andi             x10, x10, 255       x10=00000064 x10:00000064
14043074ns          227806 1c008bd8 00a7a023 sw               x10, 0(x15)         x10:00000064 x15:1a10f030  PA:1a10f030
14043432ns          227824 1c008bda 00000513 addi             x10, x0, 0          x10=00000000
14043452ns          227825 1c008bdc 00008067 jalr             x0, x1, 0            x1:1c008ca2
14043512ns          227828 1c008ca2 4df52863 p.beqimm         x10, 1232           x10:00000000
14043532ns          227829 1c008ca6 00140413 addi             x8, x8, 1            x8=00000007  x8:00000006
14043552ns          227830 1c008ca8 001a450b p.lbu            x10, 1(x20!)        x10=00000020 x20=1c000024 x20:1c000023  PA:1c000023
14043870ns          227846 1c008cac fe0515e3 bne              x10, x0, -22        x10:00000020
14043949ns          227850 1c008c96 02500793 addi             x15, x0, 37         x15=00000025
14043969ns          227851 1c008c9a 04f50763 beq              x10, x15, 78        x10:00000020 x15:00000025
14043989ns          227852 1c008c9e 009005b3 add              x11, x0, x9         x11=00000002  x9:00000002
14044009ns          227853 1c008ca0 000c80e7 jalr             x1, x25, 0           x1=1c008ca2 x25:1c008bb6
14044049ns          227855 1c008bb6 000026b7 lui              x13, 0x2000         x13=00002000
14044069ns          227856 1c008bb8 f8068693 addi             x13, x13, -128      x13=00001f80 x13:00002000
14044089ns          227857 1c008bbc f14027f3 csrrs            x15, x0, 0xf14      x15=00000006
14044109ns          227858 1c008bc0 00379713 slli             x14, x15, 0x3       x14=00000030 x15:00000006
14044128ns          227859 1c008bc4 00279793 slli             x15, x15, 0x2       x15=00000018 x15:00000006
14044148ns          227860 1c008bc6 00d7f7b3 and              x15, x15, x13       x15=00000000 x15:00000018 x13:00001f80
14044168ns          227861 1c008bc8 ee873733 p.bclr           x14, x14, 23, 8     x14=00000030 x14:00000030
14044188ns          227862 1c008bcc 1a10f6b7 lui              x13, 0x1a10f000     x13=1a10f000
14044208ns          227863 1c008bd0 00d70733 add              x14, x14, x13       x14=1a10f030 x14:00000030 x13:1a10f000
14044228ns          227864 1c008bd2 00e787b3 add              x15, x15, x14       x15=1a10f030 x15:00000000 x14:1a10f030
14044248ns          227865 1c008bd4 0ff57513 andi             x10, x10, 255       x10=00000020 x10:00000020
14044268ns          227866 1c008bd8 00a7a023 sw               x10, 0(x15)         x10:00000020 x15:1a10f030  PA:1a10f030
14044606ns          227883 1c008bda 00000513 addi             x10, x0, 0          x10=00000000
14044626ns          227884 1c008bdc 00008067 jalr             x0, x1, 0            x1:1c008ca2
14044685ns          227887 1c008ca2 4df52863 p.beqimm         x10, 1232           x10:00000000
14044705ns          227888 1c008ca6 00140413 addi             x8, x8, 1            x8=00000008  x8:00000007
14044725ns          227889 1c008ca8 001a450b p.lbu            x10, 1(x20!)        x10=00000063 x20=1c000025 x20:1c000024  PA:1c000024
14045063ns          227906 1c008cac fe0515e3 bne              x10, x0, -22        x10:00000063
14045143ns          227910 1c008c96 02500793 addi             x15, x0, 37         x15=00000025
14045163ns          227911 1c008c9a 04f50763 beq              x10, x15, 78        x10:00000063 x15:00000025
14045182ns          227912 1c008c9e 009005b3 add              x11, x0, x9         x11=00000002  x9:00000002
14045202ns          227913 1c008ca0 000c80e7 jalr             x1, x25, 0           x1=1c008ca2 x25:1c008bb6
14045242ns          227915 1c008bb6 000026b7 lui              x13, 0x2000         x13=00002000
14045262ns          227916 1c008bb8 f8068693 addi             x13, x13, -128      x13=00001f80 x13:00002000
14045282ns          227917 1c008bbc f14027f3 csrrs            x15, x0, 0xf14      x15=00000006
14045302ns          227918 1c008bc0 00379713 slli             x14, x15, 0x3       x14=00000030 x15:00000006
14045322ns          227919 1c008bc4 00279793 slli             x15, x15, 0x2       x15=00000018 x15:00000006
14045342ns          227920 1c008bc6 00d7f7b3 and              x15, x15, x13       x15=00000000 x15:00000018 x13:00001f80
14045361ns          227921 1c008bc8 ee873733 p.bclr           x14, x14, 23, 8     x14=00000030 x14:00000030
14045381ns          227922 1c008bcc 1a10f6b7 lui              x13, 0x1a10f000     x13=1a10f000
14045401ns          227923 1c008bd0 00d70733 add              x14, x14, x13       x14=1a10f030 x14:00000030 x13:1a10f000
14045421ns          227924 1c008bd2 00e787b3 add              x15, x15, x14       x15=1a10f030 x15:00000000 x14:1a10f030
14045441ns          227925 1c008bd4 0ff57513 andi             x10, x10, 255       x10=00000063 x10:00000063
14045461ns          227926 1c008bd8 00a7a023 sw               x10, 0(x15)         x10:00000063 x15:1a10f030  PA:1a10f030
14045799ns          227943 1c008bda 00000513 addi             x10, x0, 0          x10=00000000
14045819ns          227944 1c008bdc 00008067 jalr             x0, x1, 0            x1:1c008ca2
14045879ns          227947 1c008ca2 4df52863 p.beqimm         x10, 1232           x10:00000000
14045898ns          227948 1c008ca6 00140413 addi             x8, x8, 1            x8=00000009  x8:00000008
14045918ns          227949 1c008ca8 001a450b p.lbu            x10, 1(x20!)        x10=0000006c x20=1c000026 x20:1c000025  PA:1c000025
14046237ns          227965 1c008cac fe0515e3 bne              x10, x0, -22        x10:0000006c
14046316ns          227969 1c008c96 02500793 addi             x15, x0, 37         x15=00000025
14046336ns          227970 1c008c9a 04f50763 beq              x10, x15, 78        x10:0000006c x15:00000025
14046356ns          227971 1c008c9e 009005b3 add              x11, x0, x9         x11=00000002  x9:00000002
14046376ns          227972 1c008ca0 000c80e7 jalr             x1, x25, 0           x1=1c008ca2 x25:1c008bb6
14046416ns          227974 1c008bb6 000026b7 lui              x13, 0x2000         x13=00002000
14046435ns          227975 1c008bb8 f8068693 addi             x13, x13, -128      x13=00001f80 x13:00002000
14046455ns          227976 1c008bbc f14027f3 csrrs            x15, x0, 0xf14      x15=00000006
14046475ns          227977 1c008bc0 00379713 slli             x14, x15, 0x3       x14=00000030 x15:00000006
14046495ns          227978 1c008bc4 00279793 slli             x15, x15, 0x2       x15=00000018 x15:00000006
14046515ns          227979 1c008bc6 00d7f7b3 and              x15, x15, x13       x15=00000000 x15:00000018 x13:00001f80
14046535ns          227980 1c008bc8 ee873733 p.bclr           x14, x14, 23, 8     x14=00000030 x14:00000030
14046555ns          227981 1c008bcc 1a10f6b7 lui              x13, 0x1a10f000     x13=1a10f000
14046575ns          227982 1c008bd0 00d70733 add              x14, x14, x13       x14=1a10f030 x14:00000030 x13:1a10f000
14046595ns          227983 1c008bd2 00e787b3 add              x15, x15, x14       x15=1a10f030 x15:00000000 x14:1a10f030
14046614ns          227984 1c008bd4 0ff57513 andi             x10, x10, 255       x10=0000006c x10:0000006c
14046634ns          227985 1c008bd8 00a7a023 sw               x10, 0(x15)         x10:0000006c x15:1a10f030  PA:1a10f030
14046953ns          228001 1c008bda 00000513 addi             x10, x0, 0          x10=00000000
14046972ns          228002 1c008bdc 00008067 jalr             x0, x1, 0            x1:1c008ca2
14047032ns          228005 1c008ca2 4df52863 p.beqimm         x10, 1232           x10:00000000
14047052ns          228006 1c008ca6 00140413 addi             x8, x8, 1            x8=0000000a  x8:00000009
14047072ns          228007 1c008ca8 001a450b p.lbu            x10, 1(x20!)        x10=00000075 x20=1c000027 x20:1c000026  PA:1c000026
14047390ns          228023 1c008cac fe0515e3 bne              x10, x0, -22        x10:00000075
14047470ns          228027 1c008c96 02500793 addi             x15, x0, 37         x15=00000025
14047490ns          228028 1c008c9a 04f50763 beq              x10, x15, 78        x10:00000075 x15:00000025
14047509ns          228029 1c008c9e 009005b3 add              x11, x0, x9         x11=00000002  x9:00000002
14047529ns          228030 1c008ca0 000c80e7 jalr             x1, x25, 0           x1=1c008ca2 x25:1c008bb6
14047569ns          228032 1c008bb6 000026b7 lui              x13, 0x2000         x13=00002000
14047589ns          228033 1c008bb8 f8068693 addi             x13, x13, -128      x13=00001f80 x13:00002000
14047609ns          228034 1c008bbc f14027f3 csrrs            x15, x0, 0xf14      x15=00000006
14047629ns          228035 1c008bc0 00379713 slli             x14, x15, 0x3       x14=00000030 x15:00000006
14047649ns          228036 1c008bc4 00279793 slli             x15, x15, 0x2       x15=00000018 x15:00000006
14047668ns          228037 1c008bc6 00d7f7b3 and              x15, x15, x13       x15=00000000 x15:00000018 x13:00001f80
14047688ns          228038 1c008bc8 ee873733 p.bclr           x14, x14, 23, 8     x14=00000030 x14:00000030
14047708ns          228039 1c008bcc 1a10f6b7 lui              x13, 0x1a10f000     x13=1a10f000
14047728ns          228040 1c008bd0 00d70733 add              x14, x14, x13       x14=1a10f030 x14:00000030 x13:1a10f000
14047748ns          228041 1c008bd2 00e787b3 add              x15, x15, x14       x15=1a10f030 x15:00000000 x14:1a10f030
14047768ns          228042 1c008bd4 0ff57513 andi             x10, x10, 255       x10=00000075 x10:00000075
14047788ns          228043 1c008bd8 00a7a023 sw               x10, 0(x15)         x10:00000075 x15:1a10f030  PA:1a10f030
14048126ns          228060 1c008bda 00000513 addi             x10, x0, 0          x10=00000000
14048146ns          228061 1c008bdc 00008067 jalr             x0, x1, 0            x1:1c008ca2
14048205ns          228064 1c008ca2 4df52863 p.beqimm         x10, 1232           x10:00000000
14048225ns          228065 1c008ca6 00140413 addi             x8, x8, 1            x8=0000000b  x8:0000000a
14048245ns          228066 1c008ca8 001a450b p.lbu            x10, 1(x20!)        x10=00000073 x20=1c000028 x20:1c000027  PA:1c000027
14048563ns          228082 1c008cac fe0515e3 bne              x10, x0, -22        x10:00000073
14048643ns          228086 1c008c96 02500793 addi             x15, x0, 37         x15=00000025
14048663ns          228087 1c008c9a 04f50763 beq              x10, x15, 78        x10:00000073 x15:00000025
14048683ns          228088 1c008c9e 009005b3 add              x11, x0, x9         x11=00000002  x9:00000002
14048703ns          228089 1c008ca0 000c80e7 jalr             x1, x25, 0           x1=1c008ca2 x25:1c008bb6
14048742ns          228091 1c008bb6 000026b7 lui              x13, 0x2000         x13=00002000
14048762ns          228092 1c008bb8 f8068693 addi             x13, x13, -128      x13=00001f80 x13:00002000
14048782ns          228093 1c008bbc f14027f3 csrrs            x15, x0, 0xf14      x15=00000006
14048802ns          228094 1c008bc0 00379713 slli             x14, x15, 0x3       x14=00000030 x15:00000006
14048822ns          228095 1c008bc4 00279793 slli             x15, x15, 0x2       x15=00000018 x15:00000006
14048842ns          228096 1c008bc6 00d7f7b3 and              x15, x15, x13       x15=00000000 x15:00000018 x13:00001f80
14048862ns          228097 1c008bc8 ee873733 p.bclr           x14, x14, 23, 8     x14=00000030 x14:00000030
14048882ns          228098 1c008bcc 1a10f6b7 lui              x13, 0x1a10f000     x13=1a10f000
14048902ns          228099 1c008bd0 00d70733 add              x14, x14, x13       x14=1a10f030 x14:00000030 x13:1a10f000
14048921ns          228100 1c008bd2 00e787b3 add              x15, x15, x14       x15=1a10f030 x15:00000000 x14:1a10f030
14048941ns          228101 1c008bd4 0ff57513 andi             x10, x10, 255       x10=00000073 x10:00000073
14048961ns          228102 1c008bd8 00a7a023 sw               x10, 0(x15)         x10:00000073 x15:1a10f030  PA:1a10f030
14049299ns          228119 1c008bda 00000513 addi             x10, x0, 0          x10=00000000
14049319ns          228120 1c008bdc 00008067 jalr             x0, x1, 0            x1:1c008ca2
14049379ns          228123 1c008ca2 4df52863 p.beqimm         x10, 1232           x10:00000000
14049399ns          228124 1c008ca6 00140413 addi             x8, x8, 1            x8=0000000c  x8:0000000b
14049419ns          228125 1c008ca8 001a450b p.lbu            x10, 1(x20!)        x10=00000074 x20=1c000029 x20:1c000028  PA:1c000028
14049737ns          228141 1c008cac fe0515e3 bne              x10, x0, -22        x10:00000074
14049816ns          228145 1c008c96 02500793 addi             x15, x0, 37         x15=00000025
14049836ns          228146 1c008c9a 04f50763 beq              x10, x15, 78        x10:00000074 x15:00000025
14049856ns          228147 1c008c9e 009005b3 add              x11, x0, x9         x11=00000002  x9:00000002
14049876ns          228148 1c008ca0 000c80e7 jalr             x1, x25, 0           x1=1c008ca2 x25:1c008bb6
14049916ns          228150 1c008bb6 000026b7 lui              x13, 0x2000         x13=00002000
14049936ns          228151 1c008bb8 f8068693 addi             x13, x13, -128      x13=00001f80 x13:00002000
14049956ns          228152 1c008bbc f14027f3 csrrs            x15, x0, 0xf14      x15=00000006
14049976ns          228153 1c008bc0 00379713 slli             x14, x15, 0x3       x14=00000030 x15:00000006
14049995ns          228154 1c008bc4 00279793 slli             x15, x15, 0x2       x15=00000018 x15:00000006
14050015ns          228155 1c008bc6 00d7f7b3 and              x15, x15, x13       x15=00000000 x15:00000018 x13:00001f80
14050035ns          228156 1c008bc8 ee873733 p.bclr           x14, x14, 23, 8     x14=00000030 x14:00000030
14050055ns          228157 1c008bcc 1a10f6b7 lui              x13, 0x1a10f000     x13=1a10f000
14050075ns          228158 1c008bd0 00d70733 add              x14, x14, x13       x14=1a10f030 x14:00000030 x13:1a10f000
14050095ns          228159 1c008bd2 00e787b3 add              x15, x15, x14       x15=1a10f030 x15:00000000 x14:1a10f030
14050115ns          228160 1c008bd4 0ff57513 andi             x10, x10, 255       x10=00000074 x10:00000074
14050135ns          228161 1c008bd8 00a7a023 sw               x10, 0(x15)         x10:00000074 x15:1a10f030  PA:1a10f030
14050493ns          228179 1c008bda 00000513 addi             x10, x0, 0          x10=00000000
14050512ns          228180 1c008bdc 00008067 jalr             x0, x1, 0            x1:1c008ca2
14050572ns          228183 1c008ca2 4df52863 p.beqimm         x10, 1232           x10:00000000
14050592ns          228184 1c008ca6 00140413 addi             x8, x8, 1            x8=0000000d  x8:0000000c
14050612ns          228185 1c008ca8 001a450b p.lbu            x10, 1(x20!)        x10=00000065 x20=1c00002a x20:1c000029  PA:1c000029
14050930ns          228201 1c008cac fe0515e3 bne              x10, x0, -22        x10:00000065
14051010ns          228205 1c008c96 02500793 addi             x15, x0, 37         x15=00000025
14051030ns          228206 1c008c9a 04f50763 beq              x10, x15, 78        x10:00000065 x15:00000025
14051049ns          228207 1c008c9e 009005b3 add              x11, x0, x9         x11=00000002  x9:00000002
14051069ns          228208 1c008ca0 000c80e7 jalr             x1, x25, 0           x1=1c008ca2 x25:1c008bb6
14051109ns          228210 1c008bb6 000026b7 lui              x13, 0x2000         x13=00002000
14051129ns          228211 1c008bb8 f8068693 addi             x13, x13, -128      x13=00001f80 x13:00002000
14051149ns          228212 1c008bbc f14027f3 csrrs            x15, x0, 0xf14      x15=00000006
14051169ns          228213 1c008bc0 00379713 slli             x14, x15, 0x3       x14=00000030 x15:00000006
14051189ns          228214 1c008bc4 00279793 slli             x15, x15, 0x2       x15=00000018 x15:00000006
14051209ns          228215 1c008bc6 00d7f7b3 and              x15, x15, x13       x15=00000000 x15:00000018 x13:00001f80
14051228ns          228216 1c008bc8 ee873733 p.bclr           x14, x14, 23, 8     x14=00000030 x14:00000030
14051248ns          228217 1c008bcc 1a10f6b7 lui              x13, 0x1a10f000     x13=1a10f000
14051268ns          228218 1c008bd0 00d70733 add              x14, x14, x13       x14=1a10f030 x14:00000030 x13:1a10f000
14051288ns          228219 1c008bd2 00e787b3 add              x15, x15, x14       x15=1a10f030 x15:00000000 x14:1a10f030
14051308ns          228220 1c008bd4 0ff57513 andi             x10, x10, 255       x10=00000065 x10:00000065
14051328ns          228221 1c008bd8 00a7a023 sw               x10, 0(x15)         x10:00000065 x15:1a10f030  PA:1a10f030
14051686ns          228239 1c008bda 00000513 addi             x10, x0, 0          x10=00000000
14051706ns          228240 1c008bdc 00008067 jalr             x0, x1, 0            x1:1c008ca2
14051765ns          228243 1c008ca2 4df52863 p.beqimm         x10, 1232           x10:00000000
14051785ns          228244 1c008ca6 00140413 addi             x8, x8, 1            x8=0000000e  x8:0000000d
14051805ns          228245 1c008ca8 001a450b p.lbu            x10, 1(x20!)        x10=00000072 x20=1c00002b x20:1c00002a  PA:1c00002a
14052123ns          228261 1c008cac fe0515e3 bne              x10, x0, -22        x10:00000072
14052203ns          228265 1c008c96 02500793 addi             x15, x0, 37         x15=00000025
14052223ns          228266 1c008c9a 04f50763 beq              x10, x15, 78        x10:00000072 x15:00000025
14052243ns          228267 1c008c9e 009005b3 add              x11, x0, x9         x11=00000002  x9:00000002
14052263ns          228268 1c008ca0 000c80e7 jalr             x1, x25, 0           x1=1c008ca2 x25:1c008bb6
14052302ns          228270 1c008bb6 000026b7 lui              x13, 0x2000         x13=00002000
14052322ns          228271 1c008bb8 f8068693 addi             x13, x13, -128      x13=00001f80 x13:00002000
14052342ns          228272 1c008bbc f14027f3 csrrs            x15, x0, 0xf14      x15=00000006
14052362ns          228273 1c008bc0 00379713 slli             x14, x15, 0x3       x14=00000030 x15:00000006
14052382ns          228274 1c008bc4 00279793 slli             x15, x15, 0x2       x15=00000018 x15:00000006
14052402ns          228275 1c008bc6 00d7f7b3 and              x15, x15, x13       x15=00000000 x15:00000018 x13:00001f80
14052422ns          228276 1c008bc8 ee873733 p.bclr           x14, x14, 23, 8     x14=00000030 x14:00000030
14052442ns          228277 1c008bcc 1a10f6b7 lui              x13, 0x1a10f000     x13=1a10f000
14052462ns          228278 1c008bd0 00d70733 add              x14, x14, x13       x14=1a10f030 x14:00000030 x13:1a10f000
14052481ns          228279 1c008bd2 00e787b3 add              x15, x15, x14       x15=1a10f030 x15:00000000 x14:1a10f030
14052501ns          228280 1c008bd4 0ff57513 andi             x10, x10, 255       x10=00000072 x10:00000072
14052521ns          228281 1c008bd8 00a7a023 sw               x10, 0(x15)         x10:00000072 x15:1a10f030  PA:1a10f030
14052839ns          228297 1c008bda 00000513 addi             x10, x0, 0          x10=00000000
14052859ns          228298 1c008bdc 00008067 jalr             x0, x1, 0            x1:1c008ca2
14052919ns          228301 1c008ca2 4df52863 p.beqimm         x10, 1232           x10:00000000
14052939ns          228302 1c008ca6 00140413 addi             x8, x8, 1            x8=0000000f  x8:0000000e
14052959ns          228303 1c008ca8 001a450b p.lbu            x10, 1(x20!)        x10=00000020 x20=1c00002c x20:1c00002b  PA:1c00002b
14053277ns          228319 1c008cac fe0515e3 bne              x10, x0, -22        x10:00000020
14053356ns          228323 1c008c96 02500793 addi             x15, x0, 37         x15=00000025
14053376ns          228324 1c008c9a 04f50763 beq              x10, x15, 78        x10:00000020 x15:00000025
14053396ns          228325 1c008c9e 009005b3 add              x11, x0, x9         x11=00000002  x9:00000002
14053416ns          228326 1c008ca0 000c80e7 jalr             x1, x25, 0           x1=1c008ca2 x25:1c008bb6
14053456ns          228328 1c008bb6 000026b7 lui              x13, 0x2000         x13=00002000
14053476ns          228329 1c008bb8 f8068693 addi             x13, x13, -128      x13=00001f80 x13:00002000
14053496ns          228330 1c008bbc f14027f3 csrrs            x15, x0, 0xf14      x15=00000006
14053516ns          228331 1c008bc0 00379713 slli             x14, x15, 0x3       x14=00000030 x15:00000006
14053535ns          228332 1c008bc4 00279793 slli             x15, x15, 0x2       x15=00000018 x15:00000006
14053555ns          228333 1c008bc6 00d7f7b3 and              x15, x15, x13       x15=00000000 x15:00000018 x13:00001f80
14053575ns          228334 1c008bc8 ee873733 p.bclr           x14, x14, 23, 8     x14=00000030 x14:00000030
14053595ns          228335 1c008bcc 1a10f6b7 lui              x13, 0x1a10f000     x13=1a10f000
14053615ns          228336 1c008bd0 00d70733 add              x14, x14, x13       x14=1a10f030 x14:00000030 x13:1a10f000
14053635ns          228337 1c008bd2 00e787b3 add              x15, x15, x14       x15=1a10f030 x15:00000000 x14:1a10f030
14053655ns          228338 1c008bd4 0ff57513 andi             x10, x10, 255       x10=00000020 x10:00000020
14053675ns          228339 1c008bd8 00a7a023 sw               x10, 0(x15)         x10:00000020 x15:1a10f030  PA:1a10f030
14054013ns          228356 1c008bda 00000513 addi             x10, x0, 0          x10=00000000
14054033ns          228357 1c008bdc 00008067 jalr             x0, x1, 0            x1:1c008ca2
14054092ns          228360 1c008ca2 4df52863 p.beqimm         x10, 1232           x10:00000000
14054112ns          228361 1c008ca6 00140413 addi             x8, x8, 1            x8=00000010  x8:0000000f
14054132ns          228362 1c008ca8 001a450b p.lbu            x10, 1(x20!)        x10=0000006f x20=1c00002d x20:1c00002c  PA:1c00002c
14054450ns          228378 1c008cac fe0515e3 bne              x10, x0, -22        x10:0000006f
14054530ns          228382 1c008c96 02500793 addi             x15, x0, 37         x15=00000025
14054550ns          228383 1c008c9a 04f50763 beq              x10, x15, 78        x10:0000006f x15:00000025
14054570ns          228384 1c008c9e 009005b3 add              x11, x0, x9         x11=00000002  x9:00000002
14054590ns          228385 1c008ca0 000c80e7 jalr             x1, x25, 0           x1=1c008ca2 x25:1c008bb6
14054629ns          228387 1c008bb6 000026b7 lui              x13, 0x2000         x13=00002000
14054649ns          228388 1c008bb8 f8068693 addi             x13, x13, -128      x13=00001f80 x13:00002000
14054669ns          228389 1c008bbc f14027f3 csrrs            x15, x0, 0xf14      x15=00000006
14054689ns          228390 1c008bc0 00379713 slli             x14, x15, 0x3       x14=00000030 x15:00000006
14054709ns          228391 1c008bc4 00279793 slli             x15, x15, 0x2       x15=00000018 x15:00000006
14054729ns          228392 1c008bc6 00d7f7b3 and              x15, x15, x13       x15=00000000 x15:00000018 x13:00001f80
14054749ns          228393 1c008bc8 ee873733 p.bclr           x14, x14, 23, 8     x14=00000030 x14:00000030
14054769ns          228394 1c008bcc 1a10f6b7 lui              x13, 0x1a10f000     x13=1a10f000
14054788ns          228395 1c008bd0 00d70733 add              x14, x14, x13       x14=1a10f030 x14:00000030 x13:1a10f000
14054808ns          228396 1c008bd2 00e787b3 add              x15, x15, x14       x15=1a10f030 x15:00000000 x14:1a10f030
14054828ns          228397 1c008bd4 0ff57513 andi             x10, x10, 255       x10=0000006f x10:0000006f
14054848ns          228398 1c008bd8 00a7a023 sw               x10, 0(x15)         x10:0000006f x15:1a10f030  PA:1a10f030
14055226ns          228417 1c008bda 00000513 addi             x10, x0, 0          x10=00000000
14055246ns          228418 1c008bdc 00008067 jalr             x0, x1, 0            x1:1c008ca2
14055305ns          228421 1c008ca2 4df52863 p.beqimm         x10, 1232           x10:00000000
14055325ns          228422 1c008ca6 00140413 addi             x8, x8, 1            x8=00000011  x8:00000010
14055345ns          228423 1c008ca8 001a450b p.lbu            x10, 1(x20!)        x10=0000006e x20=1c00002e x20:1c00002d  PA:1c00002d
14055683ns          228440 1c008cac fe0515e3 bne              x10, x0, -22        x10:0000006e
14055763ns          228444 1c008c96 02500793 addi             x15, x0, 37         x15=00000025
14055783ns          228445 1c008c9a 04f50763 beq              x10, x15, 78        x10:0000006e x15:00000025
14055803ns          228446 1c008c9e 009005b3 add              x11, x0, x9         x11=00000002  x9:00000002
14055823ns          228447 1c008ca0 000c80e7 jalr             x1, x25, 0           x1=1c008ca2 x25:1c008bb6
14055862ns          228449 1c008bb6 000026b7 lui              x13, 0x2000         x13=00002000
14055882ns          228450 1c008bb8 f8068693 addi             x13, x13, -128      x13=00001f80 x13:00002000
14055902ns          228451 1c008bbc f14027f3 csrrs            x15, x0, 0xf14      x15=00000006
14055922ns          228452 1c008bc0 00379713 slli             x14, x15, 0x3       x14=00000030 x15:00000006
14055942ns          228453 1c008bc4 00279793 slli             x15, x15, 0x2       x15=00000018 x15:00000006
14055962ns          228454 1c008bc6 00d7f7b3 and              x15, x15, x13       x15=00000000 x15:00000018 x13:00001f80
14055982ns          228455 1c008bc8 ee873733 p.bclr           x14, x14, 23, 8     x14=00000030 x14:00000030
14056002ns          228456 1c008bcc 1a10f6b7 lui              x13, 0x1a10f000     x13=1a10f000
14056021ns          228457 1c008bd0 00d70733 add              x14, x14, x13       x14=1a10f030 x14:00000030 x13:1a10f000
14056041ns          228458 1c008bd2 00e787b3 add              x15, x15, x14       x15=1a10f030 x15:00000000 x14:1a10f030
14056061ns          228459 1c008bd4 0ff57513 andi             x10, x10, 255       x10=0000006e x10:0000006e
14056081ns          228460 1c008bd8 00a7a023 sw               x10, 0(x15)         x10:0000006e x15:1a10f030  PA:1a10f030
14056399ns          228476 1c008bda 00000513 addi             x10, x0, 0          x10=00000000
14056419ns          228477 1c008bdc 00008067 jalr             x0, x1, 0            x1:1c008ca2
14056479ns          228480 1c008ca2 4df52863 p.beqimm         x10, 1232           x10:00000000
14056499ns          228481 1c008ca6 00140413 addi             x8, x8, 1            x8=00000012  x8:00000011
14056519ns          228482 1c008ca8 001a450b p.lbu            x10, 1(x20!)        x10=00000020 x20=1c00002f x20:1c00002e  PA:1c00002e
14056837ns          228498 1c008cac fe0515e3 bne              x10, x0, -22        x10:00000020
14056916ns          228502 1c008c96 02500793 addi             x15, x0, 37         x15=00000025
14056936ns          228503 1c008c9a 04f50763 beq              x10, x15, 78        x10:00000020 x15:00000025
14056956ns          228504 1c008c9e 009005b3 add              x11, x0, x9         x11=00000002  x9:00000002
14056976ns          228505 1c008ca0 000c80e7 jalr             x1, x25, 0           x1=1c008ca2 x25:1c008bb6
14057016ns          228507 1c008bb6 000026b7 lui              x13, 0x2000         x13=00002000
14057036ns          228508 1c008bb8 f8068693 addi             x13, x13, -128      x13=00001f80 x13:00002000
14057056ns          228509 1c008bbc f14027f3 csrrs            x15, x0, 0xf14      x15=00000006
14057076ns          228510 1c008bc0 00379713 slli             x14, x15, 0x3       x14=00000030 x15:00000006
14057095ns          228511 1c008bc4 00279793 slli             x15, x15, 0x2       x15=00000018 x15:00000006
14057115ns          228512 1c008bc6 00d7f7b3 and              x15, x15, x13       x15=00000000 x15:00000018 x13:00001f80
14057135ns          228513 1c008bc8 ee873733 p.bclr           x14, x14, 23, 8     x14=00000030 x14:00000030
14057155ns          228514 1c008bcc 1a10f6b7 lui              x13, 0x1a10f000     x13=1a10f000
14057175ns          228515 1c008bd0 00d70733 add              x14, x14, x13       x14=1a10f030 x14:00000030 x13:1a10f000
14057195ns          228516 1c008bd2 00e787b3 add              x15, x15, x14       x15=1a10f030 x15:00000000 x14:1a10f030
14057215ns          228517 1c008bd4 0ff57513 andi             x10, x10, 255       x10=00000020 x10:00000020
14057235ns          228518 1c008bd8 00a7a023 sw               x10, 0(x15)         x10:00000020 x15:1a10f030  PA:1a10f030
14057553ns          228534 1c008bda 00000513 addi             x10, x0, 0          x10=00000000
14057573ns          228535 1c008bdc 00008067 jalr             x0, x1, 0            x1:1c008ca2
14057632ns          228538 1c008ca2 4df52863 p.beqimm         x10, 1232           x10:00000000
14057652ns          228539 1c008ca6 00140413 addi             x8, x8, 1            x8=00000013  x8:00000012
14057672ns          228540 1c008ca8 001a450b p.lbu            x10, 1(x20!)        x10=00000063 x20=1c000030 x20:1c00002f  PA:1c00002f
14057990ns          228556 1c008cac fe0515e3 bne              x10, x0, -22        x10:00000063
14058070ns          228560 1c008c96 02500793 addi             x15, x0, 37         x15=00000025
14058090ns          228561 1c008c9a 04f50763 beq              x10, x15, 78        x10:00000063 x15:00000025
14058110ns          228562 1c008c9e 009005b3 add              x11, x0, x9         x11=00000002  x9:00000002
14058130ns          228563 1c008ca0 000c80e7 jalr             x1, x25, 0           x1=1c008ca2 x25:1c008bb6
14058169ns          228565 1c008bb6 000026b7 lui              x13, 0x2000         x13=00002000
14058189ns          228566 1c008bb8 f8068693 addi             x13, x13, -128      x13=00001f80 x13:00002000
14058209ns          228567 1c008bbc f14027f3 csrrs            x15, x0, 0xf14      x15=00000006
14058229ns          228568 1c008bc0 00379713 slli             x14, x15, 0x3       x14=00000030 x15:00000006
14058249ns          228569 1c008bc4 00279793 slli             x15, x15, 0x2       x15=00000018 x15:00000006
14058269ns          228570 1c008bc6 00d7f7b3 and              x15, x15, x13       x15=00000000 x15:00000018 x13:00001f80
14058289ns          228571 1c008bc8 ee873733 p.bclr           x14, x14, 23, 8     x14=00000030 x14:00000030
14058309ns          228572 1c008bcc 1a10f6b7 lui              x13, 0x1a10f000     x13=1a10f000
14058328ns          228573 1c008bd0 00d70733 add              x14, x14, x13       x14=1a10f030 x14:00000030 x13:1a10f000
14058348ns          228574 1c008bd2 00e787b3 add              x15, x15, x14       x15=1a10f030 x15:00000000 x14:1a10f030
14058368ns          228575 1c008bd4 0ff57513 andi             x10, x10, 255       x10=00000063 x10:00000063
14058388ns          228576 1c008bd8 00a7a023 sw               x10, 0(x15)         x10:00000063 x15:1a10f030  PA:1a10f030
14058706ns          228592 1c008bda 00000513 addi             x10, x0, 0          x10=00000000
14058726ns          228593 1c008bdc 00008067 jalr             x0, x1, 0            x1:1c008ca2
14058786ns          228596 1c008ca2 4df52863 p.beqimm         x10, 1232           x10:00000000
14058806ns          228597 1c008ca6 00140413 addi             x8, x8, 1            x8=00000014  x8:00000013
14058826ns          228598 1c008ca8 001a450b p.lbu            x10, 1(x20!)        x10=0000006c x20=1c000031 x20:1c000030  PA:1c000030
14059144ns          228614 1c008cac fe0515e3 bne              x10, x0, -22        x10:0000006c
14059223ns          228618 1c008c96 02500793 addi             x15, x0, 37         x15=00000025
14059243ns          228619 1c008c9a 04f50763 beq              x10, x15, 78        x10:0000006c x15:00000025
14059263ns          228620 1c008c9e 009005b3 add              x11, x0, x9         x11=00000002  x9:00000002
14059283ns          228621 1c008ca0 000c80e7 jalr             x1, x25, 0           x1=1c008ca2 x25:1c008bb6
14059323ns          228623 1c008bb6 000026b7 lui              x13, 0x2000         x13=00002000
14059343ns          228624 1c008bb8 f8068693 addi             x13, x13, -128      x13=00001f80 x13:00002000
14059363ns          228625 1c008bbc f14027f3 csrrs            x15, x0, 0xf14      x15=00000006
14059383ns          228626 1c008bc0 00379713 slli             x14, x15, 0x3       x14=00000030 x15:00000006
14059402ns          228627 1c008bc4 00279793 slli             x15, x15, 0x2       x15=00000018 x15:00000006
14059422ns          228628 1c008bc6 00d7f7b3 and              x15, x15, x13       x15=00000000 x15:00000018 x13:00001f80
14059442ns          228629 1c008bc8 ee873733 p.bclr           x14, x14, 23, 8     x14=00000030 x14:00000030
14059462ns          228630 1c008bcc 1a10f6b7 lui              x13, 0x1a10f000     x13=1a10f000
14059482ns          228631 1c008bd0 00d70733 add              x14, x14, x13       x14=1a10f030 x14:00000030 x13:1a10f000
14059502ns          228632 1c008bd2 00e787b3 add              x15, x15, x14       x15=1a10f030 x15:00000000 x14:1a10f030
14059522ns          228633 1c008bd4 0ff57513 andi             x10, x10, 255       x10=0000006c x10:0000006c
14059542ns          228634 1c008bd8 00a7a023 sw               x10, 0(x15)         x10:0000006c x15:1a10f030  PA:1a10f030
14059860ns          228650 1c008bda 00000513 addi             x10, x0, 0          x10=00000000
14059880ns          228651 1c008bdc 00008067 jalr             x0, x1, 0            x1:1c008ca2
14059939ns          228654 1c008ca2 4df52863 p.beqimm         x10, 1232           x10:00000000
14059959ns          228655 1c008ca6 00140413 addi             x8, x8, 1            x8=00000015  x8:00000014
14059979ns          228656 1c008ca8 001a450b p.lbu            x10, 1(x20!)        x10=00000075 x20=1c000032 x20:1c000031  PA:1c000031
14060297ns          228672 1c008cac fe0515e3 bne              x10, x0, -22        x10:00000075
14060377ns          228676 1c008c96 02500793 addi             x15, x0, 37         x15=00000025
14060397ns          228677 1c008c9a 04f50763 beq              x10, x15, 78        x10:00000075 x15:00000025
14060417ns          228678 1c008c9e 009005b3 add              x11, x0, x9         x11=00000002  x9:00000002
14060437ns          228679 1c008ca0 000c80e7 jalr             x1, x25, 0           x1=1c008ca2 x25:1c008bb6
14060476ns          228681 1c008bb6 000026b7 lui              x13, 0x2000         x13=00002000
14060496ns          228682 1c008bb8 f8068693 addi             x13, x13, -128      x13=00001f80 x13:00002000
14060516ns          228683 1c008bbc f14027f3 csrrs            x15, x0, 0xf14      x15=00000006
14060536ns          228684 1c008bc0 00379713 slli             x14, x15, 0x3       x14=00000030 x15:00000006
14060556ns          228685 1c008bc4 00279793 slli             x15, x15, 0x2       x15=00000018 x15:00000006
14060576ns          228686 1c008bc6 00d7f7b3 and              x15, x15, x13       x15=00000000 x15:00000018 x13:00001f80
14060596ns          228687 1c008bc8 ee873733 p.bclr           x14, x14, 23, 8     x14=00000030 x14:00000030
14060616ns          228688 1c008bcc 1a10f6b7 lui              x13, 0x1a10f000     x13=1a10f000
14060635ns          228689 1c008bd0 00d70733 add              x14, x14, x13       x14=1a10f030 x14:00000030 x13:1a10f000
14060655ns          228690 1c008bd2 00e787b3 add              x15, x15, x14       x15=1a10f030 x15:00000000 x14:1a10f030
14060675ns          228691 1c008bd4 0ff57513 andi             x10, x10, 255       x10=00000075 x10:00000075
14060695ns          228692 1c008bd8 00a7a023 sw               x10, 0(x15)         x10:00000075 x15:1a10f030  PA:1a10f030
14061053ns          228710 1c008bda 00000513 addi             x10, x0, 0          x10=00000000
14061073ns          228711 1c008bdc 00008067 jalr             x0, x1, 0            x1:1c008ca2
14061133ns          228714 1c008ca2 4df52863 p.beqimm         x10, 1232           x10:00000000
14061153ns          228715 1c008ca6 00140413 addi             x8, x8, 1            x8=00000016  x8:00000015
14061172ns          228716 1c008ca8 001a450b p.lbu            x10, 1(x20!)        x10=00000073 x20=1c000033 x20:1c000032  PA:1c000032
14061491ns          228732 1c008cac fe0515e3 bne              x10, x0, -22        x10:00000073
14061570ns          228736 1c008c96 02500793 addi             x15, x0, 37         x15=00000025
14061590ns          228737 1c008c9a 04f50763 beq              x10, x15, 78        x10:00000073 x15:00000025
14061610ns          228738 1c008c9e 009005b3 add              x11, x0, x9         x11=00000002  x9:00000002
14061630ns          228739 1c008ca0 000c80e7 jalr             x1, x25, 0           x1=1c008ca2 x25:1c008bb6
14061670ns          228741 1c008bb6 000026b7 lui              x13, 0x2000         x13=00002000
14061690ns          228742 1c008bb8 f8068693 addi             x13, x13, -128      x13=00001f80 x13:00002000
14061709ns          228743 1c008bbc f14027f3 csrrs            x15, x0, 0xf14      x15=00000006
14061729ns          228744 1c008bc0 00379713 slli             x14, x15, 0x3       x14=00000030 x15:00000006
14061749ns          228745 1c008bc4 00279793 slli             x15, x15, 0x2       x15=00000018 x15:00000006
14061769ns          228746 1c008bc6 00d7f7b3 and              x15, x15, x13       x15=00000000 x15:00000018 x13:00001f80
14061789ns          228747 1c008bc8 ee873733 p.bclr           x14, x14, 23, 8     x14=00000030 x14:00000030
14061809ns          228748 1c008bcc 1a10f6b7 lui              x13, 0x1a10f000     x13=1a10f000
14061829ns          228749 1c008bd0 00d70733 add              x14, x14, x13       x14=1a10f030 x14:00000030 x13:1a10f000
14061849ns          228750 1c008bd2 00e787b3 add              x15, x15, x14       x15=1a10f030 x15:00000000 x14:1a10f030
14061869ns          228751 1c008bd4 0ff57513 andi             x10, x10, 255       x10=00000073 x10:00000073
14061888ns          228752 1c008bd8 00a7a023 sw               x10, 0(x15)         x10:00000073 x15:1a10f030  PA:1a10f030
14062227ns          228769 1c008bda 00000513 addi             x10, x0, 0          x10=00000000
14062246ns          228770 1c008bdc 00008067 jalr             x0, x1, 0            x1:1c008ca2
14062306ns          228773 1c008ca2 4df52863 p.beqimm         x10, 1232           x10:00000000
14062326ns          228774 1c008ca6 00140413 addi             x8, x8, 1            x8=00000017  x8:00000016
14062346ns          228775 1c008ca8 001a450b p.lbu            x10, 1(x20!)        x10=00000074 x20=1c000034 x20:1c000033  PA:1c000033
14062664ns          228791 1c008cac fe0515e3 bne              x10, x0, -22        x10:00000074
14062744ns          228795 1c008c96 02500793 addi             x15, x0, 37         x15=00000025
14062763ns          228796 1c008c9a 04f50763 beq              x10, x15, 78        x10:00000074 x15:00000025
14062783ns          228797 1c008c9e 009005b3 add              x11, x0, x9         x11=00000002  x9:00000002
14062803ns          228798 1c008ca0 000c80e7 jalr             x1, x25, 0           x1=1c008ca2 x25:1c008bb6
14062843ns          228800 1c008bb6 000026b7 lui              x13, 0x2000         x13=00002000
14062863ns          228801 1c008bb8 f8068693 addi             x13, x13, -128      x13=00001f80 x13:00002000
14062883ns          228802 1c008bbc f14027f3 csrrs            x15, x0, 0xf14      x15=00000006
14062903ns          228803 1c008bc0 00379713 slli             x14, x15, 0x3       x14=00000030 x15:00000006
14062923ns          228804 1c008bc4 00279793 slli             x15, x15, 0x2       x15=00000018 x15:00000006
14062942ns          228805 1c008bc6 00d7f7b3 and              x15, x15, x13       x15=00000000 x15:00000018 x13:00001f80
14062962ns          228806 1c008bc8 ee873733 p.bclr           x14, x14, 23, 8     x14=00000030 x14:00000030
14062982ns          228807 1c008bcc 1a10f6b7 lui              x13, 0x1a10f000     x13=1a10f000
14063002ns          228808 1c008bd0 00d70733 add              x14, x14, x13       x14=1a10f030 x14:00000030 x13:1a10f000
14063022ns          228809 1c008bd2 00e787b3 add              x15, x15, x14       x15=1a10f030 x15:00000000 x14:1a10f030
14063042ns          228810 1c008bd4 0ff57513 andi             x10, x10, 255       x10=00000074 x10:00000074
14063062ns          228811 1c008bd8 00a7a023 sw               x10, 0(x15)         x10:00000074 x15:1a10f030  PA:1a10f030
14063380ns          228827 1c008bda 00000513 addi             x10, x0, 0          x10=00000000
14063400ns          228828 1c008bdc 00008067 jalr             x0, x1, 0            x1:1c008ca2
14063460ns          228831 1c008ca2 4df52863 p.beqimm         x10, 1232           x10:00000000
14063479ns          228832 1c008ca6 00140413 addi             x8, x8, 1            x8=00000018  x8:00000017
14063499ns          228833 1c008ca8 001a450b p.lbu            x10, 1(x20!)        x10=00000065 x20=1c000035 x20:1c000034  PA:1c000034
14063818ns          228849 1c008cac fe0515e3 bne              x10, x0, -22        x10:00000065
14063897ns          228853 1c008c96 02500793 addi             x15, x0, 37         x15=00000025
14063917ns          228854 1c008c9a 04f50763 beq              x10, x15, 78        x10:00000065 x15:00000025
14063937ns          228855 1c008c9e 009005b3 add              x11, x0, x9         x11=00000002  x9:00000002
14063957ns          228856 1c008ca0 000c80e7 jalr             x1, x25, 0           x1=1c008ca2 x25:1c008bb6
14063997ns          228858 1c008bb6 000026b7 lui              x13, 0x2000         x13=00002000
14064016ns          228859 1c008bb8 f8068693 addi             x13, x13, -128      x13=00001f80 x13:00002000
14064036ns          228860 1c008bbc f14027f3 csrrs            x15, x0, 0xf14      x15=00000006
14064056ns          228861 1c008bc0 00379713 slli             x14, x15, 0x3       x14=00000030 x15:00000006
14064076ns          228862 1c008bc4 00279793 slli             x15, x15, 0x2       x15=00000018 x15:00000006
14064096ns          228863 1c008bc6 00d7f7b3 and              x15, x15, x13       x15=00000000 x15:00000018 x13:00001f80
14064116ns          228864 1c008bc8 ee873733 p.bclr           x14, x14, 23, 8     x14=00000030 x14:00000030
14064136ns          228865 1c008bcc 1a10f6b7 lui              x13, 0x1a10f000     x13=1a10f000
14064156ns          228866 1c008bd0 00d70733 add              x14, x14, x13       x14=1a10f030 x14:00000030 x13:1a10f000
14064176ns          228867 1c008bd2 00e787b3 add              x15, x15, x14       x15=1a10f030 x15:00000000 x14:1a10f030
14064195ns          228868 1c008bd4 0ff57513 andi             x10, x10, 255       x10=00000065 x10:00000065
14064215ns          228869 1c008bd8 00a7a023 sw               x10, 0(x15)         x10:00000065 x15:1a10f030  PA:1a10f030
14064573ns          228887 1c008bda 00000513 addi             x10, x0, 0          x10=00000000
14064593ns          228888 1c008bdc 00008067 jalr             x0, x1, 0            x1:1c008ca2
14064653ns          228891 1c008ca2 4df52863 p.beqimm         x10, 1232           x10:00000000
14064673ns          228892 1c008ca6 00140413 addi             x8, x8, 1            x8=00000019  x8:00000018
14064693ns          228893 1c008ca8 001a450b p.lbu            x10, 1(x20!)        x10=00000072 x20=1c000036 x20:1c000035  PA:1c000035
14065011ns          228909 1c008cac fe0515e3 bne              x10, x0, -22        x10:00000072
14065090ns          228913 1c008c96 02500793 addi             x15, x0, 37         x15=00000025
14065110ns          228914 1c008c9a 04f50763 beq              x10, x15, 78        x10:00000072 x15:00000025
14065130ns          228915 1c008c9e 009005b3 add              x11, x0, x9         x11=00000002  x9:00000002
14065150ns          228916 1c008ca0 000c80e7 jalr             x1, x25, 0           x1=1c008ca2 x25:1c008bb6
14065190ns          228918 1c008bb6 000026b7 lui              x13, 0x2000         x13=00002000
14065210ns          228919 1c008bb8 f8068693 addi             x13, x13, -128      x13=00001f80 x13:00002000
14065230ns          228920 1c008bbc f14027f3 csrrs            x15, x0, 0xf14      x15=00000006
14065249ns          228921 1c008bc0 00379713 slli             x14, x15, 0x3       x14=00000030 x15:00000006
14065269ns          228922 1c008bc4 00279793 slli             x15, x15, 0x2       x15=00000018 x15:00000006
14065289ns          228923 1c008bc6 00d7f7b3 and              x15, x15, x13       x15=00000000 x15:00000018 x13:00001f80
14065309ns          228924 1c008bc8 ee873733 p.bclr           x14, x14, 23, 8     x14=00000030 x14:00000030
14065329ns          228925 1c008bcc 1a10f6b7 lui              x13, 0x1a10f000     x13=1a10f000
14065349ns          228926 1c008bd0 00d70733 add              x14, x14, x13       x14=1a10f030 x14:00000030 x13:1a10f000
14065369ns          228927 1c008bd2 00e787b3 add              x15, x15, x14       x15=1a10f030 x15:00000000 x14:1a10f030
14065389ns          228928 1c008bd4 0ff57513 andi             x10, x10, 255       x10=00000072 x10:00000072
14065409ns          228929 1c008bd8 00a7a023 sw               x10, 0(x15)         x10:00000072 x15:1a10f030  PA:1a10f030
14065767ns          228947 1c008bda 00000513 addi             x10, x0, 0          x10=00000000
14065786ns          228948 1c008bdc 00008067 jalr             x0, x1, 0            x1:1c008ca2
14065846ns          228951 1c008ca2 4df52863 p.beqimm         x10, 1232           x10:00000000
14065866ns          228952 1c008ca6 00140413 addi             x8, x8, 1            x8=0000001a  x8:00000019
14065886ns          228953 1c008ca8 001a450b p.lbu            x10, 1(x20!)        x10=00000020 x20=1c000037 x20:1c000036  PA:1c000036
14066224ns          228970 1c008cac fe0515e3 bne              x10, x0, -22        x10:00000020
14066304ns          228974 1c008c96 02500793 addi             x15, x0, 37         x15=00000025
14066323ns          228975 1c008c9a 04f50763 beq              x10, x15, 78        x10:00000020 x15:00000025
14066343ns          228976 1c008c9e 009005b3 add              x11, x0, x9         x11=00000002  x9:00000002
14066363ns          228977 1c008ca0 000c80e7 jalr             x1, x25, 0           x1=1c008ca2 x25:1c008bb6
14066403ns          228979 1c008bb6 000026b7 lui              x13, 0x2000         x13=00002000
14066423ns          228980 1c008bb8 f8068693 addi             x13, x13, -128      x13=00001f80 x13:00002000
14066443ns          228981 1c008bbc f14027f3 csrrs            x15, x0, 0xf14      x15=00000006
14066463ns          228982 1c008bc0 00379713 slli             x14, x15, 0x3       x14=00000030 x15:00000006
14066483ns          228983 1c008bc4 00279793 slli             x15, x15, 0x2       x15=00000018 x15:00000006
14066502ns          228984 1c008bc6 00d7f7b3 and              x15, x15, x13       x15=00000000 x15:00000018 x13:00001f80
14066522ns          228985 1c008bc8 ee873733 p.bclr           x14, x14, 23, 8     x14=00000030 x14:00000030
14066542ns          228986 1c008bcc 1a10f6b7 lui              x13, 0x1a10f000     x13=1a10f000
14066562ns          228987 1c008bd0 00d70733 add              x14, x14, x13       x14=1a10f030 x14:00000030 x13:1a10f000
14066582ns          228988 1c008bd2 00e787b3 add              x15, x15, x14       x15=1a10f030 x15:00000000 x14:1a10f030
14066602ns          228989 1c008bd4 0ff57513 andi             x10, x10, 255       x10=00000020 x10:00000020
14066622ns          228990 1c008bd8 00a7a023 sw               x10, 0(x15)         x10:00000020 x15:1a10f030  PA:1a10f030
14066980ns          229008 1c008bda 00000513 addi             x10, x0, 0          x10=00000000
14067000ns          229009 1c008bdc 00008067 jalr             x0, x1, 0            x1:1c008ca2
14067059ns          229012 1c008ca2 4df52863 p.beqimm         x10, 1232           x10:00000000
14067079ns          229013 1c008ca6 00140413 addi             x8, x8, 1            x8=0000001b  x8:0000001a
14067099ns          229014 1c008ca8 001a450b p.lbu            x10, 1(x20!)        x10=00000025 x20=1c000038 x20:1c000037  PA:1c000037
14067537ns          229036 1c008cac fe0515e3 bne              x10, x0, -22        x10:00000025
14067616ns          229040 1c008c96 02500793 addi             x15, x0, 37         x15=00000025
14067636ns          229041 1c008c9a 04f50763 beq              x10, x15, 78        x10:00000025 x15:00000025
14067735ns          229046 1c008ce8 01400c33 add              x24, x0, x20        x24=1c000038 x20:1c000038
14067775ns          229048 1c008cea 000c4a03 lbu              x20, 0(x24)         x20=00000064 x24:1c000038  PA:1c000038
14068193ns          229069 1c008cee 0b4d0513 addi             x10, x26, 180       x10=1c0000b4 x26:1c000000
14068213ns          229070 1c008cf2 00912e23 sw               x9, 28(x2)           x9:00000002  x2:10003618  PA:10003634
14068233ns          229071 1c008cf4 014005b3 add              x11, x0, x20        x11=00000064 x20:00000064
14068253ns          229072 1c008cf6 00012823 sw               x0, 16(x2)           x2:10003618  PA:10003628
14068272ns          229073 1c008cf8 00012a23 sw               x0, 20(x2)           x2:10003618  PA:1000362c
14068292ns          229074 1c008cfa 00012623 sw               x0, 12(x2)           x2:10003618  PA:10003624
14068312ns          229075 1c008cfc 001c0493 addi             x9, x24, 1           x9=1c000039 x24:1c000038
14068650ns          229092 1c008d00 e41ff0ef jal              x1, -448             x1=1c008d02
14069128ns          229116 1c008b40 00054703 lbu              x14, 0(x10)         x14=0000002d x10:1c0000b4  PA:1c0000b4
14069665ns          229143 1c008b44 0ff5f593 andi             x11, x11, 255       x11=00000064 x11:00000064
14069685ns          229144 1c008b48 00a007b3 add              x15, x0, x10        x15=1c0000b4 x10:1c0000b4
14069704ns          229145 1c008b4a 00b70863 beq              x14, x11, 16        x14:0000002d x11:00000064
14069724ns          229146 1c008b4e 00070863 beq              x14, x0, 16         x14:0000002d
14069744ns          229147 1c008b50 0017c703 lbu              x14, 1(x15)         x14=0000002b x15:1c0000b4  PA:1c0000b5
14070202ns          229170 1c008b54 00178793 addi             x15, x15, 1         x15=1c0000b5 x15:1c0000b4
14070221ns          229171 1c008b56 feb71ce3 bne              x14, x11, -8        x14:0000002b x11:00000064
14070301ns          229175 1c008b4e 00070863 beq              x14, x0, 16         x14:0000002b
14070321ns          229176 1c008b50 0017c703 lbu              x14, 1(x15)         x14=00000020 x15:1c0000b5  PA:1c0000b6
14070659ns          229193 1c008b54 00178793 addi             x15, x15, 1         x15=1c0000b6 x15:1c0000b5
14070679ns          229194 1c008b56 feb71ce3 bne              x14, x11, -8        x14:00000020 x11:00000064
14070739ns          229197 1c008b4e 00070863 beq              x14, x0, 16         x14:00000020
14070758ns          229198 1c008b50 0017c703 lbu              x14, 1(x15)         x14=00000023 x15:1c0000b6  PA:1c0000b7
14071116ns          229216 1c008b54 00178793 addi             x15, x15, 1         x15=1c0000b7 x15:1c0000b6
14071136ns          229217 1c008b56 feb71ce3 bne              x14, x11, -8        x14:00000023 x11:00000064
14071196ns          229220 1c008b4e 00070863 beq              x14, x0, 16         x14:00000023
14071216ns          229221 1c008b50 0017c703 lbu              x14, 1(x15)         x14=00000030 x15:1c0000b7  PA:1c0000b8
14071514ns          229236 1c008b54 00178793 addi             x15, x15, 1         x15=1c0000b8 x15:1c0000b7
14071534ns          229237 1c008b56 feb71ce3 bne              x14, x11, -8        x14:00000030 x11:00000064
14071594ns          229240 1c008b4e 00070863 beq              x14, x0, 16         x14:00000030
14071614ns          229241 1c008b50 0017c703 lbu              x14, 1(x15)         x14=00000000 x15:1c0000b8  PA:1c0000b9
14071912ns          229256 1c008b54 00178793 addi             x15, x15, 1         x15=1c0000b9 x15:1c0000b8
14071932ns          229257 1c008b56 feb71ce3 bne              x14, x11, -8        x14:00000000 x11:00000064
14071992ns          229260 1c008b4e 00070863 beq              x14, x0, 16         x14:00000000
14072051ns          229263 1c008b5e 00000513 addi             x10, x0, 0          x10=00000000
14072071ns          229264 1c008b60 fe058de3 beq              x11, x0, -6         x11:00000064
14072091ns          229265 1c008b62 00008067 jalr             x0, x1, 0            x1:1c008d02
14072151ns          229268 1c008d02 02000913 addi             x18, x0, 32         x18=00000020
14072171ns          229269 1c008d06 00000993 addi             x19, x0, 0          x19=00000000
14072190ns          229270 1c008d08 02b00a93 addi             x21, x0, 43         x21=0000002b
14072210ns          229271 1c008d0c 02d00b93 addi             x23, x0, 45         x23=0000002d
14072548ns          229288 1c008d10 03000b13 addi             x22, x0, 48         x22=00000030
14072588ns          229290 1c008d14 00900633 add              x12, x0, x9         x12=1c000039  x9:1c000039
14072608ns          229291 1c008d16 02050963 beq              x10, x0, 50         x10:00000000
14073543ns          229338 1c008d48 03312623 sw               x19, 44(x2)         x19:00000000  x2:10003618  PA:10003644
14073583ns          229340 1c008d4a 02a00693 addi             x13, x0, 42         x13=0000002a
14073602ns          229341 1c008d4e 014009b3 add              x19, x0, x20        x19=00000064 x20:00000064
14074020ns          229362 1c008d50 01800a33 add              x20, x0, x24        x20=1c000038 x24:1c000038
14074040ns          229363 1c008d52 00900c33 add              x24, x0, x9         x24=1c000039  x9:1c000039
14074060ns          229364 1c008d54 01c12483 lw               x9, 28(x2)           x9=00000002  x2:10003618  PA:10003634
14074080ns          229365 1c008d56 42d98063 beq              x19, x13, 1056      x19:00000064 x13:0000002a
14074100ns          229366 1c008d5a fd098693 addi             x13, x19, -48       x13=00000034 x19:00000064
14074120ns          229367 1c008d5e 00900513 addi             x10, x0, 9          x10=00000009
14074537ns          229388 1c008d60 00000a93 addi             x21, x0, 0          x21=00000000
14074577ns          229390 1c008d62 3cd57f63 bgeu             x10, x13, 990       x10:00000009 x13:00000034
14074597ns          229391 1c008d66 02e00793 addi             x15, x0, 46         x15=0000002e
14074617ns          229392 1c008d6a fff00b13 addi             x22, x0, -1         x22=ffffffff
14074637ns          229393 1c008d6c 04f981e3 beq              x19, x15, 2114      x19:00000064 x15:0000002e
14075054ns          229414 1c008d70 1c0007b7 lui              x15, 0x1c000000     x15=1c000000
14075094ns          229416 1c008d74 013005b3 add              x11, x0, x19        x11=00000064 x19:00000064
14075114ns          229417 1c008d76 0bc78513 addi             x10, x15, 188       x10=1c0000bc x15:1c000000
14075134ns          229418 1c008d7a 00c12e23 sw               x12, 28(x2)         x12:1c000039  x2:10003618  PA:10003634
14075154ns          229419 1c008d7c dc5ff0ef jal              x1, -572             x1=1c008d7e
14075631ns          229443 1c008b40 00054703 lbu              x14, 0(x10)         x14=00000068 x10:1c0000bc  PA:1c0000bc
14075929ns          229458 1c008b44 0ff5f593 andi             x11, x11, 255       x11=00000064 x11:00000064
14075949ns          229459 1c008b48 00a007b3 add              x15, x0, x10        x15=1c0000bc x10:1c0000bc
14075969ns          229460 1c008b4a 00b70863 beq              x14, x11, 16        x14:00000068 x11:00000064
14075989ns          229461 1c008b4e 00070863 beq              x14, x0, 16         x14:00000068
14076009ns          229462 1c008b50 0017c703 lbu              x14, 1(x15)         x14=0000006c x15:1c0000bc  PA:1c0000bd
14076407ns          229482 1c008b54 00178793 addi             x15, x15, 1         x15=1c0000bd x15:1c0000bc
14076427ns          229483 1c008b56 feb71ce3 bne              x14, x11, -8        x14:0000006c x11:00000064
14076486ns          229486 1c008b4e 00070863 beq              x14, x0, 16         x14:0000006c
14076506ns          229487 1c008b50 0017c703 lbu              x14, 1(x15)         x14=0000004c x15:1c0000bd  PA:1c0000be
14076804ns          229502 1c008b54 00178793 addi             x15, x15, 1         x15=1c0000be x15:1c0000bd
14076824ns          229503 1c008b56 feb71ce3 bne              x14, x11, -8        x14:0000004c x11:00000064
14076884ns          229506 1c008b4e 00070863 beq              x14, x0, 16         x14:0000004c
14076904ns          229507 1c008b50 0017c703 lbu              x14, 1(x15)         x14=0000007a x15:1c0000be  PA:1c0000bf
14077202ns          229522 1c008b54 00178793 addi             x15, x15, 1         x15=1c0000bf x15:1c0000be
14077222ns          229523 1c008b56 feb71ce3 bne              x14, x11, -8        x14:0000007a x11:00000064
14077282ns          229526 1c008b4e 00070863 beq              x14, x0, 16         x14:0000007a
14077302ns          229527 1c008b50 0017c703 lbu              x14, 1(x15)         x14=00000000 x15:1c0000bf  PA:1c0000c0
14077600ns          229542 1c008b54 00178793 addi             x15, x15, 1         x15=1c0000c0 x15:1c0000bf
14077620ns          229543 1c008b56 feb71ce3 bne              x14, x11, -8        x14:00000000 x11:00000064
14077679ns          229546 1c008b4e 00070863 beq              x14, x0, 16         x14:00000000
14077739ns          229549 1c008b5e 00000513 addi             x10, x0, 0          x10=00000000
14077759ns          229550 1c008b60 fe058de3 beq              x11, x0, -6         x11:00000064
14077779ns          229551 1c008b62 00008067 jalr             x0, x1, 0            x1:1c008d7e
14077819ns          229553 1c008d7e 01c12603 lw               x12, 28(x2)         x12=1c000039  x2:10003618  PA:10003634
14077858ns          229555 1c008d80 00c00a33 add              x20, x0, x12        x20=1c000039 x12:1c000039
14077878ns          229556 1c008d82 00050563 beq              x10, x0, 10         x10:00000000
14078316ns          229578 1c008d8c 06900793 addi             x15, x0, 105        x15=00000069
14078336ns          229579 1c008d90 1cf98be3 beq              x19, x15, 2518      x19:00000064 x15:00000069
14078356ns          229580 1c008d94 4b37ce63 blt              x15, x19, 1212      x15:00000069 x19:00000064
14078376ns          229581 1c008d98 05800793 addi             x15, x0, 88         x15=00000058
14078395ns          229582 1c008d9c 4cf98863 beq              x19, x15, 1232      x19:00000064 x15:00000058
14078833ns          229604 1c008da0 3f37cd63 blt              x15, x19, 1018      x15:00000058 x19:00000064
14079350ns          229630 1c00919a 06400793 addi             x15, x0, 100        x15=00000064
14079788ns          229652 1c00919e 5cf98463 beq              x19, x15, 1480      x19:00000064 x15:00000064
14080265ns          229676 1c009766 01812b83 lw               x23, 24(x2)         x23=1000377c  x2:10003618  PA:10003630
14080305ns          229678 1c009768 004ba60b p.lw             x12, 4(x23!)        x12=00000000 x23=10003780 x23:1000377c  PA:1000377c
14080344ns          229680 1c00976c 48064963 blt              x12, x0, 1170       x12:00000000
14080762ns          229701 1c009770 01412783 lw               x15, 20(x2)         x15=00000000  x2:10003618  PA:1000362c
14080782ns          229702 1c009772 00c00733 add              x14, x0, x12        x14=00000000 x12:00000000
14080802ns          229703 1c009774 56078863 beq              x15, x0, 1392       x15:00000000
14081279ns          229727 1c009ce4 01012783 lw               x15, 16(x2)         x15=00000000  x2:10003618  PA:10003628
14081299ns          229728 1c009ce6 01b00533 add              x10, x0, x27        x10=1000364c x27:1000364c
14081319ns          229729 1c009ce8 a8078ee3 beq              x15, x0, -1380      x15:00000000
14082254ns          229776 1c009784 00a007b3 add              x15, x0, x10        x15=1000364c x10:1000364c
14082274ns          229777 1c009786 00a00593 addi             x11, x0, 10         x11=0000000a
14082294ns          229778 1c009788 00900313 addi             x6, x0, 9            x6=00000009
14082313ns          229779 1c00978a 02b776b3 remu             x13, x14, x11       x13=00000000 x14:00000000 x11:0000000a
14082930ns          229810 1c00978e 00e00833 add              x16, x0, x14        x16=00000000 x14:00000000
14082950ns          229811 1c009790 00f008b3 add              x17, x0, x15        x17=1000364c x15:1000364c
14082970ns          229812 1c009792 03068693 addi             x13, x13, 48        x13=00000030 x13:00000000
14082990ns          229813 1c009796 00d780ab p.sb             x13, 1(x15!)        x15=1000364d x13:00000030 x15:1000364c  PA:1000364c
14083009ns          229814 1c00979a 02b75733 divu             x14, x14, x11       x14=00000000 x14:00000000 x11:0000000a
14083646ns          229846 1c00979e ff0366e3 bltu             x6, x16, -20         x6:00000009 x16:00000000
14083666ns          229847 1c0097a2 40a78733 sub              x14, x15, x10       x14=00000001 x15:1000364d x10:1000364c
14083686ns          229848 1c0097a6 01675c63 bge              x14, x22, 24        x14:00000001 x22:ffffffff
14084620ns          229895 1c0097be 00078023 sb               x0, 0(x15)          x15:1000364d  PA:1000364d
14084660ns          229897 1c0097c2 0b157563 bgeu             x10, x17, 170       x10:1000364c x17:1000364c
14085137ns          229921 1c00986c 01412703 lw               x14, 20(x2)         x14=00000000  x2:10003618  PA:1000362c
14085157ns          229922 1c00986e 01012683 lw               x13, 16(x2)         x13=00000000  x2:10003618  PA:10003628
14085595ns          229944 1c009870 41b787b3 sub              x15, x15, x27       x15=00000001 x15:1000364d x27:1000364c
14085635ns          229946 1c009874 00d76733 or               x14, x14, x13       x14=00000000 x14:00000000 x13:00000000
14085655ns          229947 1c009876 02e12623 sw               x14, 44(x2)         x14:00000000  x2:10003618  PA:10003644
14085674ns          229948 1c009878 b0071be3 bne              x14, x0, -1258      x14:00000000
14085694ns          229949 1c00987c 01f65713 srli             x14, x12, 0x1f      x14=00000000 x12:00000000
14086589ns          229994 1c009880 02e12623 sw               x14, 44(x2)         x14:00000000  x2:10003618  PA:10003644
14086609ns          229995 1c009882 b0dff06f jal              x0, -1268          
14087087ns          230019 1c00938e ebfb2be3 p.beqimm         x22, -330           x22:ffffffff
14087584ns          230044 1c009244 0c800713 addi             x14, x0, 200        x14=000000c8
14087623ns          230046 1c009248 14f75b63 bge              x14, x15, 342       x14:000000c8 x15:00000001
14088558ns          230093 1c00939e 00178613 addi             x12, x15, 1         x12=00000002 x15:00000001
14088598ns          230095 1c0093a2 0557c863 blt              x15, x21, 80        x15:00000001 x21:00000000
14088618ns          230096 1c0093a6 01712c23 sw               x23, 24(x2)         x23:10003780  x2:10003618  PA:10003630
14088638ns          230097 1c0093a8 00f00ab3 add              x21, x0, x15        x21=00000001 x15:00000001
14088658ns          230098 1c0093aa 8e0a8fe3 beq              x21, x0, -1794      x21:00000001
14088678ns          230099 1c0093ae 01b00933 add              x18, x0, x27        x18=1000364c x27:1000364c
14089075ns          230119 1c0093b0 41b409b3 sub              x19, x8, x27        x19=efffc9cf  x8:0000001b x27:1000364c
14089115ns          230121 1c0093b4 01ba8ab3 add              x21, x21, x27       x21=1000364d x21:00000001 x27:1000364c
14089135ns          230122 1c0093b6 00a0006f jal              x0, 10             
14089592ns          230145 1c0093c0 0019450b p.lbu            x10, 1(x18!)        x10=00000030 x18=1000364d x18:1000364c  PA:1000364c
14089632ns          230147 1c0093c4 009005b3 add              x11, x0, x9         x11=00000002  x9:00000002
14089652ns          230148 1c0093c6 000c80e7 jalr             x1, x25, 0           x1=1c0093c8 x25:1c008bb6
14089692ns          230150 1c008bb6 000026b7 lui              x13, 0x2000         x13=00002000
14089712ns          230151 1c008bb8 f8068693 addi             x13, x13, -128      x13=00001f80 x13:00002000
14089732ns          230152 1c008bbc f14027f3 csrrs            x15, x0, 0xf14      x15=00000006
14090189ns          230175 1c008bc0 00379713 slli             x14, x15, 0x3       x14=00000030 x15:00000006
14090229ns          230177 1c008bc4 00279793 slli             x15, x15, 0x2       x15=00000018 x15:00000006
14090249ns          230178 1c008bc6 00d7f7b3 and              x15, x15, x13       x15=00000000 x15:00000018 x13:00001f80
14090269ns          230179 1c008bc8 ee873733 p.bclr           x14, x14, 23, 8     x14=00000030 x14:00000030
14090288ns          230180 1c008bcc 1a10f6b7 lui              x13, 0x1a10f000     x13=1a10f000
14090328ns          230182 1c008bd0 00d70733 add              x14, x14, x13       x14=1a10f030 x14:00000030 x13:1a10f000
14090348ns          230183 1c008bd2 00e787b3 add              x15, x15, x14       x15=1a10f030 x15:00000000 x14:1a10f030
14090368ns          230184 1c008bd4 0ff57513 andi             x10, x10, 255       x10=00000030 x10:00000030
14090388ns          230185 1c008bd8 00a7a023 sw               x10, 0(x15)         x10:00000030 x15:1a10f030  PA:1a10f030
14090905ns          230211 1c008bda 00000513 addi             x10, x0, 0          x10=00000000
14090925ns          230212 1c008bdc 00008067 jalr             x0, x1, 0            x1:1c0093c8
14090965ns          230214 1c0093c8 fff538e3 p.bneimm         x10, -16            x10:00000000
14091263ns          230229 1c0093b8 01298433 add              x8, x19, x18         x8=0000001c x19:efffc9cf x18:1000364d
14091283ns          230230 1c0093bc 8f2a86e3 beq              x21, x18, -1812     x21:1000364d x18:1000364d
14091343ns          230233 1c008ca8 001a450b p.lbu            x10, 1(x20!)        x10=00000020 x20=1c00003a x20:1c000039  PA:1c000039
14091661ns          230249 1c008cac fe0515e3 bne              x10, x0, -22        x10:00000020
14091800ns          230256 1c008c96 02500793 addi             x15, x0, 37         x15=00000025
14091820ns          230257 1c008c9a 04f50763 beq              x10, x15, 78        x10:00000020 x15:00000025
14091840ns          230258 1c008c9e 009005b3 add              x11, x0, x9         x11=00000002  x9:00000002
14091860ns          230259 1c008ca0 000c80e7 jalr             x1, x25, 0           x1=1c008ca2 x25:1c008bb6
14091899ns          230261 1c008bb6 000026b7 lui              x13, 0x2000         x13=00002000
14091919ns          230262 1c008bb8 f8068693 addi             x13, x13, -128      x13=00001f80 x13:00002000
14091939ns          230263 1c008bbc f14027f3 csrrs            x15, x0, 0xf14      x15=00000006
14091959ns          230264 1c008bc0 00379713 slli             x14, x15, 0x3       x14=00000030 x15:00000006
14091979ns          230265 1c008bc4 00279793 slli             x15, x15, 0x2       x15=00000018 x15:00000006
14091999ns          230266 1c008bc6 00d7f7b3 and              x15, x15, x13       x15=00000000 x15:00000018 x13:00001f80
14092019ns          230267 1c008bc8 ee873733 p.bclr           x14, x14, 23, 8     x14=00000030 x14:00000030
14092039ns          230268 1c008bcc 1a10f6b7 lui              x13, 0x1a10f000     x13=1a10f000
14092059ns          230269 1c008bd0 00d70733 add              x14, x14, x13       x14=1a10f030 x14:00000030 x13:1a10f000
14092078ns          230270 1c008bd2 00e787b3 add              x15, x15, x14       x15=1a10f030 x15:00000000 x14:1a10f030
14092098ns          230271 1c008bd4 0ff57513 andi             x10, x10, 255       x10=00000020 x10:00000020
14092118ns          230272 1c008bd8 00a7a023 sw               x10, 0(x15)         x10:00000020 x15:1a10f030  PA:1a10f030
14092655ns          230299 1c008bda 00000513 addi             x10, x0, 0          x10=00000000
14092675ns          230300 1c008bdc 00008067 jalr             x0, x1, 0            x1:1c008ca2
14092735ns          230303 1c008ca2 4df52863 p.beqimm         x10, 1232           x10:00000000
14092755ns          230304 1c008ca6 00140413 addi             x8, x8, 1            x8=0000001d  x8:0000001c
14092774ns          230305 1c008ca8 001a450b p.lbu            x10, 1(x20!)        x10=00000063 x20=1c00003b x20:1c00003a  PA:1c00003a
14093093ns          230321 1c008cac fe0515e3 bne              x10, x0, -22        x10:00000063
14093172ns          230325 1c008c96 02500793 addi             x15, x0, 37         x15=00000025
14093192ns          230326 1c008c9a 04f50763 beq              x10, x15, 78        x10:00000063 x15:00000025
14093212ns          230327 1c008c9e 009005b3 add              x11, x0, x9         x11=00000002  x9:00000002
14093232ns          230328 1c008ca0 000c80e7 jalr             x1, x25, 0           x1=1c008ca2 x25:1c008bb6
14093272ns          230330 1c008bb6 000026b7 lui              x13, 0x2000         x13=00002000
14093292ns          230331 1c008bb8 f8068693 addi             x13, x13, -128      x13=00001f80 x13:00002000
14093311ns          230332 1c008bbc f14027f3 csrrs            x15, x0, 0xf14      x15=00000006
14093331ns          230333 1c008bc0 00379713 slli             x14, x15, 0x3       x14=00000030 x15:00000006
14093351ns          230334 1c008bc4 00279793 slli             x15, x15, 0x2       x15=00000018 x15:00000006
14093371ns          230335 1c008bc6 00d7f7b3 and              x15, x15, x13       x15=00000000 x15:00000018 x13:00001f80
14093391ns          230336 1c008bc8 ee873733 p.bclr           x14, x14, 23, 8     x14=00000030 x14:00000030
14093411ns          230337 1c008bcc 1a10f6b7 lui              x13, 0x1a10f000     x13=1a10f000
14093431ns          230338 1c008bd0 00d70733 add              x14, x14, x13       x14=1a10f030 x14:00000030 x13:1a10f000
14093451ns          230339 1c008bd2 00e787b3 add              x15, x15, x14       x15=1a10f030 x15:00000000 x14:1a10f030
14093471ns          230340 1c008bd4 0ff57513 andi             x10, x10, 255       x10=00000063 x10:00000063
14093490ns          230341 1c008bd8 00a7a023 sw               x10, 0(x15)         x10:00000063 x15:1a10f030  PA:1a10f030
14093809ns          230357 1c008bda 00000513 addi             x10, x0, 0          x10=00000000
14093829ns          230358 1c008bdc 00008067 jalr             x0, x1, 0            x1:1c008ca2
14093888ns          230361 1c008ca2 4df52863 p.beqimm         x10, 1232           x10:00000000
14093908ns          230362 1c008ca6 00140413 addi             x8, x8, 1            x8=0000001e  x8:0000001d
14093928ns          230363 1c008ca8 001a450b p.lbu            x10, 1(x20!)        x10=0000006f x20=1c00003c x20:1c00003b  PA:1c00003b
14094246ns          230379 1c008cac fe0515e3 bne              x10, x0, -22        x10:0000006f
14094326ns          230383 1c008c96 02500793 addi             x15, x0, 37         x15=00000025
14094346ns          230384 1c008c9a 04f50763 beq              x10, x15, 78        x10:0000006f x15:00000025
14094366ns          230385 1c008c9e 009005b3 add              x11, x0, x9         x11=00000002  x9:00000002
14094385ns          230386 1c008ca0 000c80e7 jalr             x1, x25, 0           x1=1c008ca2 x25:1c008bb6
14094425ns          230388 1c008bb6 000026b7 lui              x13, 0x2000         x13=00002000
14094445ns          230389 1c008bb8 f8068693 addi             x13, x13, -128      x13=00001f80 x13:00002000
14094465ns          230390 1c008bbc f14027f3 csrrs            x15, x0, 0xf14      x15=00000006
14094485ns          230391 1c008bc0 00379713 slli             x14, x15, 0x3       x14=00000030 x15:00000006
14094505ns          230392 1c008bc4 00279793 slli             x15, x15, 0x2       x15=00000018 x15:00000006
14094525ns          230393 1c008bc6 00d7f7b3 and              x15, x15, x13       x15=00000000 x15:00000018 x13:00001f80
14094545ns          230394 1c008bc8 ee873733 p.bclr           x14, x14, 23, 8     x14=00000030 x14:00000030
14094564ns          230395 1c008bcc 1a10f6b7 lui              x13, 0x1a10f000     x13=1a10f000
14094584ns          230396 1c008bd0 00d70733 add              x14, x14, x13       x14=1a10f030 x14:00000030 x13:1a10f000
14094604ns          230397 1c008bd2 00e787b3 add              x15, x15, x14       x15=1a10f030 x15:00000000 x14:1a10f030
14094624ns          230398 1c008bd4 0ff57513 andi             x10, x10, 255       x10=0000006f x10:0000006f
14094644ns          230399 1c008bd8 00a7a023 sw               x10, 0(x15)         x10:0000006f x15:1a10f030  PA:1a10f030
14094982ns          230416 1c008bda 00000513 addi             x10, x0, 0          x10=00000000
14095002ns          230417 1c008bdc 00008067 jalr             x0, x1, 0            x1:1c008ca2
14095062ns          230420 1c008ca2 4df52863 p.beqimm         x10, 1232           x10:00000000
14095081ns          230421 1c008ca6 00140413 addi             x8, x8, 1            x8=0000001f  x8:0000001e
14095101ns          230422 1c008ca8 001a450b p.lbu            x10, 1(x20!)        x10=00000072 x20=1c00003d x20:1c00003c  PA:1c00003c
14095420ns          230438 1c008cac fe0515e3 bne              x10, x0, -22        x10:00000072
14095499ns          230442 1c008c96 02500793 addi             x15, x0, 37         x15=00000025
14095519ns          230443 1c008c9a 04f50763 beq              x10, x15, 78        x10:00000072 x15:00000025
14095539ns          230444 1c008c9e 009005b3 add              x11, x0, x9         x11=00000002  x9:00000002
14095559ns          230445 1c008ca0 000c80e7 jalr             x1, x25, 0           x1=1c008ca2 x25:1c008bb6
14095599ns          230447 1c008bb6 000026b7 lui              x13, 0x2000         x13=00002000
14095618ns          230448 1c008bb8 f8068693 addi             x13, x13, -128      x13=00001f80 x13:00002000
14095638ns          230449 1c008bbc f14027f3 csrrs            x15, x0, 0xf14      x15=00000006
14095658ns          230450 1c008bc0 00379713 slli             x14, x15, 0x3       x14=00000030 x15:00000006
14095678ns          230451 1c008bc4 00279793 slli             x15, x15, 0x2       x15=00000018 x15:00000006
14095698ns          230452 1c008bc6 00d7f7b3 and              x15, x15, x13       x15=00000000 x15:00000018 x13:00001f80
14095718ns          230453 1c008bc8 ee873733 p.bclr           x14, x14, 23, 8     x14=00000030 x14:00000030
14095738ns          230454 1c008bcc 1a10f6b7 lui              x13, 0x1a10f000     x13=1a10f000
14095758ns          230455 1c008bd0 00d70733 add              x14, x14, x13       x14=1a10f030 x14:00000030 x13:1a10f000
14095778ns          230456 1c008bd2 00e787b3 add              x15, x15, x14       x15=1a10f030 x15:00000000 x14:1a10f030
14095797ns          230457 1c008bd4 0ff57513 andi             x10, x10, 255       x10=00000072 x10:00000072
14095817ns          230458 1c008bd8 00a7a023 sw               x10, 0(x15)         x10:00000072 x15:1a10f030  PA:1a10f030
14096155ns          230475 1c008bda 00000513 addi             x10, x0, 0          x10=00000000
14096175ns          230476 1c008bdc 00008067 jalr             x0, x1, 0            x1:1c008ca2
14096235ns          230479 1c008ca2 4df52863 p.beqimm         x10, 1232           x10:00000000
14096255ns          230480 1c008ca6 00140413 addi             x8, x8, 1            x8=00000020  x8:0000001f
14096275ns          230481 1c008ca8 001a450b p.lbu            x10, 1(x20!)        x10=00000065 x20=1c00003e x20:1c00003d  PA:1c00003d
14096613ns          230498 1c008cac fe0515e3 bne              x10, x0, -22        x10:00000065
14096692ns          230502 1c008c96 02500793 addi             x15, x0, 37         x15=00000025
14096712ns          230503 1c008c9a 04f50763 beq              x10, x15, 78        x10:00000065 x15:00000025
14096732ns          230504 1c008c9e 009005b3 add              x11, x0, x9         x11=00000002  x9:00000002
14096752ns          230505 1c008ca0 000c80e7 jalr             x1, x25, 0           x1=1c008ca2 x25:1c008bb6
14096792ns          230507 1c008bb6 000026b7 lui              x13, 0x2000         x13=00002000
14096812ns          230508 1c008bb8 f8068693 addi             x13, x13, -128      x13=00001f80 x13:00002000
14096832ns          230509 1c008bbc f14027f3 csrrs            x15, x0, 0xf14      x15=00000006
14096852ns          230510 1c008bc0 00379713 slli             x14, x15, 0x3       x14=00000030 x15:00000006
14096871ns          230511 1c008bc4 00279793 slli             x15, x15, 0x2       x15=00000018 x15:00000006
14096891ns          230512 1c008bc6 00d7f7b3 and              x15, x15, x13       x15=00000000 x15:00000018 x13:00001f80
14096911ns          230513 1c008bc8 ee873733 p.bclr           x14, x14, 23, 8     x14=00000030 x14:00000030
14096931ns          230514 1c008bcc 1a10f6b7 lui              x13, 0x1a10f000     x13=1a10f000
14096951ns          230515 1c008bd0 00d70733 add              x14, x14, x13       x14=1a10f030 x14:00000030 x13:1a10f000
14096971ns          230516 1c008bd2 00e787b3 add              x15, x15, x14       x15=1a10f030 x15:00000000 x14:1a10f030
14096991ns          230517 1c008bd4 0ff57513 andi             x10, x10, 255       x10=00000065 x10:00000065
14097011ns          230518 1c008bd8 00a7a023 sw               x10, 0(x15)         x10:00000065 x15:1a10f030  PA:1a10f030
14097329ns          230534 1c008bda 00000513 addi             x10, x0, 0          x10=00000000
14097349ns          230535 1c008bdc 00008067 jalr             x0, x1, 0            x1:1c008ca2
14097408ns          230538 1c008ca2 4df52863 p.beqimm         x10, 1232           x10:00000000
14097428ns          230539 1c008ca6 00140413 addi             x8, x8, 1            x8=00000021  x8:00000020
14097448ns          230540 1c008ca8 001a450b p.lbu            x10, 1(x20!)        x10=00000020 x20=1c00003f x20:1c00003e  PA:1c00003e
14097766ns          230556 1c008cac fe0515e3 bne              x10, x0, -22        x10:00000020
14097846ns          230560 1c008c96 02500793 addi             x15, x0, 37         x15=00000025
14097866ns          230561 1c008c9a 04f50763 beq              x10, x15, 78        x10:00000020 x15:00000025
14097886ns          230562 1c008c9e 009005b3 add              x11, x0, x9         x11=00000002  x9:00000002
14097906ns          230563 1c008ca0 000c80e7 jalr             x1, x25, 0           x1=1c008ca2 x25:1c008bb6
14097945ns          230565 1c008bb6 000026b7 lui              x13, 0x2000         x13=00002000
14097965ns          230566 1c008bb8 f8068693 addi             x13, x13, -128      x13=00001f80 x13:00002000
14097985ns          230567 1c008bbc f14027f3 csrrs            x15, x0, 0xf14      x15=00000006
14098005ns          230568 1c008bc0 00379713 slli             x14, x15, 0x3       x14=00000030 x15:00000006
14098025ns          230569 1c008bc4 00279793 slli             x15, x15, 0x2       x15=00000018 x15:00000006
14098045ns          230570 1c008bc6 00d7f7b3 and              x15, x15, x13       x15=00000000 x15:00000018 x13:00001f80
14098065ns          230571 1c008bc8 ee873733 p.bclr           x14, x14, 23, 8     x14=00000030 x14:00000030
14098085ns          230572 1c008bcc 1a10f6b7 lui              x13, 0x1a10f000     x13=1a10f000
14098104ns          230573 1c008bd0 00d70733 add              x14, x14, x13       x14=1a10f030 x14:00000030 x13:1a10f000
14098124ns          230574 1c008bd2 00e787b3 add              x15, x15, x14       x15=1a10f030 x15:00000000 x14:1a10f030
14098144ns          230575 1c008bd4 0ff57513 andi             x10, x10, 255       x10=00000020 x10:00000020
14098164ns          230576 1c008bd8 00a7a023 sw               x10, 0(x15)         x10:00000020 x15:1a10f030  PA:1a10f030
14098502ns          230593 1c008bda 00000513 addi             x10, x0, 0          x10=00000000
14098522ns          230594 1c008bdc 00008067 jalr             x0, x1, 0            x1:1c008ca2
14098582ns          230597 1c008ca2 4df52863 p.beqimm         x10, 1232           x10:00000000
14098602ns          230598 1c008ca6 00140413 addi             x8, x8, 1            x8=00000022  x8:00000021
14098622ns          230599 1c008ca8 001a450b p.lbu            x10, 1(x20!)        x10=00000025 x20=1c000040 x20:1c00003f  PA:1c00003f
14098940ns          230615 1c008cac fe0515e3 bne              x10, x0, -22        x10:00000025
14099019ns          230619 1c008c96 02500793 addi             x15, x0, 37         x15=00000025
14099039ns          230620 1c008c9a 04f50763 beq              x10, x15, 78        x10:00000025 x15:00000025
14099099ns          230623 1c008ce8 01400c33 add              x24, x0, x20        x24=1c000040 x20:1c000040
14099119ns          230624 1c008cea 000c4a03 lbu              x20, 0(x24)         x20=00000064 x24:1c000040  PA:1c000040
14099437ns          230640 1c008cee 0b4d0513 addi             x10, x26, 180       x10=1c0000b4 x26:1c000000
14099457ns          230641 1c008cf2 00912e23 sw               x9, 28(x2)           x9:00000002  x2:10003618  PA:10003634
14099477ns          230642 1c008cf4 014005b3 add              x11, x0, x20        x11=00000064 x20:00000064
14099497ns          230643 1c008cf6 00012823 sw               x0, 16(x2)           x2:10003618  PA:10003628
14099517ns          230644 1c008cf8 00012a23 sw               x0, 20(x2)           x2:10003618  PA:1000362c
14099536ns          230645 1c008cfa 00012623 sw               x0, 12(x2)           x2:10003618  PA:10003624
14099556ns          230646 1c008cfc 001c0493 addi             x9, x24, 1           x9=1c000041 x24:1c000040
14099576ns          230647 1c008d00 e41ff0ef jal              x1, -448             x1=1c008d02
14099656ns          230651 1c008b40 00054703 lbu              x14, 0(x10)         x14=0000002d x10:1c0000b4  PA:1c0000b4
14099974ns          230667 1c008b44 0ff5f593 andi             x11, x11, 255       x11=00000064 x11:00000064
14099994ns          230668 1c008b48 00a007b3 add              x15, x0, x10        x15=1c0000b4 x10:1c0000b4
14100014ns          230669 1c008b4a 00b70863 beq              x14, x11, 16        x14:0000002d x11:00000064
14100034ns          230670 1c008b4e 00070863 beq              x14, x0, 16         x14:0000002d
14100053ns          230671 1c008b50 0017c703 lbu              x14, 1(x15)         x14=0000002b x15:1c0000b4  PA:1c0000b5
14100411ns          230689 1c008b54 00178793 addi             x15, x15, 1         x15=1c0000b5 x15:1c0000b4
14100431ns          230690 1c008b56 feb71ce3 bne              x14, x11, -8        x14:0000002b x11:00000064
14100491ns          230693 1c008b4e 00070863 beq              x14, x0, 16         x14:0000002b
14100511ns          230694 1c008b50 0017c703 lbu              x14, 1(x15)         x14=00000020 x15:1c0000b5  PA:1c0000b6
14100809ns          230709 1c008b54 00178793 addi             x15, x15, 1         x15=1c0000b6 x15:1c0000b5
14100829ns          230710 1c008b56 feb71ce3 bne              x14, x11, -8        x14:00000020 x11:00000064
14100889ns          230713 1c008b4e 00070863 beq              x14, x0, 16         x14:00000020
14100909ns          230714 1c008b50 0017c703 lbu              x14, 1(x15)         x14=00000023 x15:1c0000b6  PA:1c0000b7
14101207ns          230729 1c008b54 00178793 addi             x15, x15, 1         x15=1c0000b7 x15:1c0000b6
14101227ns          230730 1c008b56 feb71ce3 bne              x14, x11, -8        x14:00000023 x11:00000064
14101287ns          230733 1c008b4e 00070863 beq              x14, x0, 16         x14:00000023
14101306ns          230734 1c008b50 0017c703 lbu              x14, 1(x15)         x14=00000030 x15:1c0000b7  PA:1c0000b8
14101605ns          230749 1c008b54 00178793 addi             x15, x15, 1         x15=1c0000b8 x15:1c0000b7
14101625ns          230750 1c008b56 feb71ce3 bne              x14, x11, -8        x14:00000030 x11:00000064
14101684ns          230753 1c008b4e 00070863 beq              x14, x0, 16         x14:00000030
14101704ns          230754 1c008b50 0017c703 lbu              x14, 1(x15)         x14=00000000 x15:1c0000b8  PA:1c0000b9
14102003ns          230769 1c008b54 00178793 addi             x15, x15, 1         x15=1c0000b9 x15:1c0000b8
14102022ns          230770 1c008b56 feb71ce3 bne              x14, x11, -8        x14:00000000 x11:00000064
14102082ns          230773 1c008b4e 00070863 beq              x14, x0, 16         x14:00000000
14102142ns          230776 1c008b5e 00000513 addi             x10, x0, 0          x10=00000000
14102162ns          230777 1c008b60 fe058de3 beq              x11, x0, -6         x11:00000064
14102182ns          230778 1c008b62 00008067 jalr             x0, x1, 0            x1:1c008d02
14102241ns          230781 1c008d02 02000913 addi             x18, x0, 32         x18=00000020
14102261ns          230782 1c008d06 00000993 addi             x19, x0, 0          x19=00000000
14102281ns          230783 1c008d08 02b00a93 addi             x21, x0, 43         x21=0000002b
14102301ns          230784 1c008d0c 02d00b93 addi             x23, x0, 45         x23=0000002d
14102321ns          230785 1c008d10 03000b13 addi             x22, x0, 48         x22=00000030
14102341ns          230786 1c008d14 00900633 add              x12, x0, x9         x12=1c000041  x9:1c000041
14102360ns          230787 1c008d16 02050963 beq              x10, x0, 50         x10:00000000
14102500ns          230794 1c008d48 03312623 sw               x19, 44(x2)         x19:00000000  x2:10003618  PA:10003644
14102539ns          230796 1c008d4a 02a00693 addi             x13, x0, 42         x13=0000002a
14102559ns          230797 1c008d4e 014009b3 add              x19, x0, x20        x19=00000064 x20:00000064
14102599ns          230799 1c008d50 01800a33 add              x20, x0, x24        x20=1c000040 x24:1c000040
14102619ns          230800 1c008d52 00900c33 add              x24, x0, x9         x24=1c000041  x9:1c000041
14102639ns          230801 1c008d54 01c12483 lw               x9, 28(x2)           x9=00000002  x2:10003618  PA:10003634
14102659ns          230802 1c008d56 42d98063 beq              x19, x13, 1056      x19:00000064 x13:0000002a
14102679ns          230803 1c008d5a fd098693 addi             x13, x19, -48       x13=00000034 x19:00000064
14102699ns          230804 1c008d5e 00900513 addi             x10, x0, 9          x10=00000009
14102738ns          230806 1c008d60 00000a93 addi             x21, x0, 0          x21=00000000
14102778ns          230808 1c008d62 3cd57f63 bgeu             x10, x13, 990       x10:00000009 x13:00000034
14102798ns          230809 1c008d66 02e00793 addi             x15, x0, 46         x15=0000002e
14102818ns          230810 1c008d6a fff00b13 addi             x22, x0, -1         x22=ffffffff
14102838ns          230811 1c008d6c 04f981e3 beq              x19, x15, 2114      x19:00000064 x15:0000002e
14102878ns          230813 1c008d70 1c0007b7 lui              x15, 0x1c000000     x15=1c000000
14102917ns          230815 1c008d74 013005b3 add              x11, x0, x19        x11=00000064 x19:00000064
14102937ns          230816 1c008d76 0bc78513 addi             x10, x15, 188       x10=1c0000bc x15:1c000000
14102957ns          230817 1c008d7a 00c12e23 sw               x12, 28(x2)         x12:1c000041  x2:10003618  PA:10003634
14102977ns          230818 1c008d7c dc5ff0ef jal              x1, -572             x1=1c008d7e
14103057ns          230822 1c008b40 00054703 lbu              x14, 0(x10)         x14=00000068 x10:1c0000bc  PA:1c0000bc
14103355ns          230837 1c008b44 0ff5f593 andi             x11, x11, 255       x11=00000064 x11:00000064
14103375ns          230838 1c008b48 00a007b3 add              x15, x0, x10        x15=1c0000bc x10:1c0000bc
14103395ns          230839 1c008b4a 00b70863 beq              x14, x11, 16        x14:00000068 x11:00000064
14103415ns          230840 1c008b4e 00070863 beq              x14, x0, 16         x14:00000068
14103434ns          230841 1c008b50 0017c703 lbu              x14, 1(x15)         x14=0000006c x15:1c0000bc  PA:1c0000bd
14103733ns          230856 1c008b54 00178793 addi             x15, x15, 1         x15=1c0000bd x15:1c0000bc
14103753ns          230857 1c008b56 feb71ce3 bne              x14, x11, -8        x14:0000006c x11:00000064
14103812ns          230860 1c008b4e 00070863 beq              x14, x0, 16         x14:0000006c
14103832ns          230861 1c008b50 0017c703 lbu              x14, 1(x15)         x14=0000004c x15:1c0000bd  PA:1c0000be
14104131ns          230876 1c008b54 00178793 addi             x15, x15, 1         x15=1c0000be x15:1c0000bd
14104150ns          230877 1c008b56 feb71ce3 bne              x14, x11, -8        x14:0000004c x11:00000064
14104210ns          230880 1c008b4e 00070863 beq              x14, x0, 16         x14:0000004c
14104230ns          230881 1c008b50 0017c703 lbu              x14, 1(x15)         x14=0000007a x15:1c0000be  PA:1c0000bf
14104528ns          230896 1c008b54 00178793 addi             x15, x15, 1         x15=1c0000bf x15:1c0000be
14104548ns          230897 1c008b56 feb71ce3 bne              x14, x11, -8        x14:0000007a x11:00000064
14104608ns          230900 1c008b4e 00070863 beq              x14, x0, 16         x14:0000007a
14104628ns          230901 1c008b50 0017c703 lbu              x14, 1(x15)         x14=00000000 x15:1c0000bf  PA:1c0000c0
14105006ns          230920 1c008b54 00178793 addi             x15, x15, 1         x15=1c0000c0 x15:1c0000bf
14105025ns          230921 1c008b56 feb71ce3 bne              x14, x11, -8        x14:00000000 x11:00000064
14105085ns          230924 1c008b4e 00070863 beq              x14, x0, 16         x14:00000000
14105145ns          230927 1c008b5e 00000513 addi             x10, x0, 0          x10=00000000
14105165ns          230928 1c008b60 fe058de3 beq              x11, x0, -6         x11:00000064
14105185ns          230929 1c008b62 00008067 jalr             x0, x1, 0            x1:1c008d7e
14105224ns          230931 1c008d7e 01c12603 lw               x12, 28(x2)         x12=1c000041  x2:10003618  PA:10003634
14105264ns          230933 1c008d80 00c00a33 add              x20, x0, x12        x20=1c000041 x12:1c000041
14105284ns          230934 1c008d82 00050563 beq              x10, x0, 10         x10:00000000
14105523ns          230946 1c008d8c 06900793 addi             x15, x0, 105        x15=00000069
14105543ns          230947 1c008d90 1cf98be3 beq              x19, x15, 2518      x19:00000064 x15:00000069
14105562ns          230948 1c008d94 4b37ce63 blt              x15, x19, 1212      x15:00000069 x19:00000064
14105582ns          230949 1c008d98 05800793 addi             x15, x0, 88         x15=00000058
14105602ns          230950 1c008d9c 4cf98863 beq              x19, x15, 1232      x19:00000064 x15:00000058
14105622ns          230951 1c008da0 3f37cd63 blt              x15, x19, 1018      x15:00000058 x19:00000064
14105781ns          230959 1c00919a 06400793 addi             x15, x0, 100        x15=00000064
14105841ns          230962 1c00919e 5cf98463 beq              x19, x15, 1480      x19:00000064 x15:00000064
14105940ns          230967 1c009766 01812b83 lw               x23, 24(x2)         x23=10003780  x2:10003618  PA:10003630
14105980ns          230969 1c009768 004ba60b p.lw             x12, 4(x23!)        x12=00000006 x23=10003784 x23:10003780  PA:10003780
14106020ns          230971 1c00976c 48064963 blt              x12, x0, 1170       x12:00000006
14106040ns          230972 1c009770 01412783 lw               x15, 20(x2)         x15=00000000  x2:10003618  PA:1000362c
14106060ns          230973 1c009772 00c00733 add              x14, x0, x12        x14=00000006 x12:00000006
14106080ns          230974 1c009774 56078863 beq              x15, x0, 1392       x15:00000000
14106179ns          230979 1c009ce4 01012783 lw               x15, 16(x2)         x15=00000000  x2:10003618  PA:10003628
14106199ns          230980 1c009ce6 01b00533 add              x10, x0, x27        x10=1000364c x27:1000364c
14106219ns          230981 1c009ce8 a8078ee3 beq              x15, x0, -1380      x15:00000000
14106338ns          230987 1c009784 00a007b3 add              x15, x0, x10        x15=1000364c x10:1000364c
14106358ns          230988 1c009786 00a00593 addi             x11, x0, 10         x11=0000000a
14106378ns          230989 1c009788 00900313 addi             x6, x0, 9            x6=00000009
14106398ns          230990 1c00978a 02b776b3 remu             x13, x14, x11       x13=00000006 x14:00000006 x11:0000000a
14107014ns          231021 1c00978e 00e00833 add              x16, x0, x14        x16=00000006 x14:00000006
14107034ns          231022 1c009790 00f008b3 add              x17, x0, x15        x17=1000364c x15:1000364c
14107054ns          231023 1c009792 03068693 addi             x13, x13, 48        x13=00000036 x13:00000006
14107074ns          231024 1c009796 00d780ab p.sb             x13, 1(x15!)        x15=1000364d x13:00000036 x15:1000364c  PA:1000364c
14107094ns          231025 1c00979a 02b75733 divu             x14, x14, x11       x14=00000000 x14:00000006 x11:0000000a
14107710ns          231056 1c00979e ff0366e3 bltu             x6, x16, -20         x6:00000009 x16:00000006
14107730ns          231057 1c0097a2 40a78733 sub              x14, x15, x10       x14=00000001 x15:1000364d x10:1000364c
14107750ns          231058 1c0097a6 01675c63 bge              x14, x22, 24        x14:00000001 x22:ffffffff
14107869ns          231064 1c0097be 00078023 sb               x0, 0(x15)          x15:1000364d  PA:1000364d
14107909ns          231066 1c0097c2 0b157563 bgeu             x10, x17, 170       x10:1000364c x17:1000364c
14107969ns          231069 1c00986c 01412703 lw               x14, 20(x2)         x14=00000000  x2:10003618  PA:1000362c
14107989ns          231070 1c00986e 01012683 lw               x13, 16(x2)         x13=00000000  x2:10003618  PA:10003628
14108009ns          231071 1c009870 41b787b3 sub              x15, x15, x27       x15=00000001 x15:1000364d x27:1000364c
14108029ns          231072 1c009874 00d76733 or               x14, x14, x13       x14=00000000 x14:00000000 x13:00000000
14108048ns          231073 1c009876 02e12623 sw               x14, 44(x2)         x14:00000000  x2:10003618  PA:10003644
14108068ns          231074 1c009878 b0071be3 bne              x14, x0, -1258      x14:00000000
14108088ns          231075 1c00987c 01f65713 srli             x14, x12, 0x1f      x14=00000000 x12:00000006
14108108ns          231076 1c009880 02e12623 sw               x14, 44(x2)         x14:00000000  x2:10003618  PA:10003644
14108148ns          231078 1c009882 b0dff06f jal              x0, -1268          
14108227ns          231082 1c00938e ebfb2be3 p.beqimm         x22, -330           x22:ffffffff
14108327ns          231087 1c009244 0c800713 addi             x14, x0, 200        x14=000000c8
14108367ns          231089 1c009248 14f75b63 bge              x14, x15, 342       x14:000000c8 x15:00000001
14108546ns          231098 1c00939e 00178613 addi             x12, x15, 1         x12=00000002 x15:00000001
14108585ns          231100 1c0093a2 0557c863 blt              x15, x21, 80        x15:00000001 x21:00000000
14108605ns          231101 1c0093a6 01712c23 sw               x23, 24(x2)         x23:10003784  x2:10003618  PA:10003630
14108625ns          231102 1c0093a8 00f00ab3 add              x21, x0, x15        x21=00000001 x15:00000001
14108645ns          231103 1c0093aa 8e0a8fe3 beq              x21, x0, -1794      x21:00000001
14108665ns          231104 1c0093ae 01b00933 add              x18, x0, x27        x18=1000364c x27:1000364c
14108685ns          231105 1c0093b0 41b409b3 sub              x19, x8, x27        x19=efffc9d6  x8:00000022 x27:1000364c
14108705ns          231106 1c0093b4 01ba8ab3 add              x21, x21, x27       x21=1000364d x21:00000001 x27:1000364c
14108725ns          231107 1c0093b6 00a0006f jal              x0, 10             
14108764ns          231109 1c0093c0 0019450b p.lbu            x10, 1(x18!)        x10=00000036 x18=1000364d x18:1000364c  PA:1000364c
14108784ns          231110 1c0093c4 009005b3 add              x11, x0, x9         x11=00000002  x9:00000002
14108804ns          231111 1c0093c6 000c80e7 jalr             x1, x25, 0           x1=1c0093c8 x25:1c008bb6
14108844ns          231113 1c008bb6 000026b7 lui              x13, 0x2000         x13=00002000
14108864ns          231114 1c008bb8 f8068693 addi             x13, x13, -128      x13=00001f80 x13:00002000
14108884ns          231115 1c008bbc f14027f3 csrrs            x15, x0, 0xf14      x15=00000006
14108904ns          231116 1c008bc0 00379713 slli             x14, x15, 0x3       x14=00000030 x15:00000006
14108924ns          231117 1c008bc4 00279793 slli             x15, x15, 0x2       x15=00000018 x15:00000006
14108943ns          231118 1c008bc6 00d7f7b3 and              x15, x15, x13       x15=00000000 x15:00000018 x13:00001f80
14108963ns          231119 1c008bc8 ee873733 p.bclr           x14, x14, 23, 8     x14=00000030 x14:00000030
14108983ns          231120 1c008bcc 1a10f6b7 lui              x13, 0x1a10f000     x13=1a10f000
14109381ns          231140 1c008bd0 00d70733 add              x14, x14, x13       x14=1a10f030 x14:00000030 x13:1a10f000
14109401ns          231141 1c008bd2 00e787b3 add              x15, x15, x14       x15=1a10f030 x15:00000000 x14:1a10f030
14109421ns          231142 1c008bd4 0ff57513 andi             x10, x10, 255       x10=00000036 x10:00000036
14109441ns          231143 1c008bd8 00a7a023 sw               x10, 0(x15)         x10:00000036 x15:1a10f030  PA:1a10f030
14109978ns          231170 1c008bda 00000513 addi             x10, x0, 0          x10=00000000
14109997ns          231171 1c008bdc 00008067 jalr             x0, x1, 0            x1:1c0093c8
14110037ns          231173 1c0093c8 fff538e3 p.bneimm         x10, -16            x10:00000000
14110157ns          231179 1c0093b8 01298433 add              x8, x19, x18         x8=00000023 x19:efffc9d6 x18:1000364d
14110176ns          231180 1c0093bc 8f2a86e3 beq              x21, x18, -1812     x21:1000364d x18:1000364d
14110236ns          231183 1c008ca8 001a450b p.lbu            x10, 1(x20!)        x10=0000000a x20=1c000042 x20:1c000041  PA:1c000041
14110554ns          231199 1c008cac fe0515e3 bne              x10, x0, -22        x10:0000000a
14110634ns          231203 1c008c96 02500793 addi             x15, x0, 37         x15=00000025
14110654ns          231204 1c008c9a 04f50763 beq              x10, x15, 78        x10:0000000a x15:00000025
14110674ns          231205 1c008c9e 009005b3 add              x11, x0, x9         x11=00000002  x9:00000002
14110694ns          231206 1c008ca0 000c80e7 jalr             x1, x25, 0           x1=1c008ca2 x25:1c008bb6
14110733ns          231208 1c008bb6 000026b7 lui              x13, 0x2000         x13=00002000
14110753ns          231209 1c008bb8 f8068693 addi             x13, x13, -128      x13=00001f80 x13:00002000
14110773ns          231210 1c008bbc f14027f3 csrrs            x15, x0, 0xf14      x15=00000006
14110793ns          231211 1c008bc0 00379713 slli             x14, x15, 0x3       x14=00000030 x15:00000006
14110813ns          231212 1c008bc4 00279793 slli             x15, x15, 0x2       x15=00000018 x15:00000006
14110833ns          231213 1c008bc6 00d7f7b3 and              x15, x15, x13       x15=00000000 x15:00000018 x13:00001f80
14110853ns          231214 1c008bc8 ee873733 p.bclr           x14, x14, 23, 8     x14=00000030 x14:00000030
14110873ns          231215 1c008bcc 1a10f6b7 lui              x13, 0x1a10f000     x13=1a10f000
14110892ns          231216 1c008bd0 00d70733 add              x14, x14, x13       x14=1a10f030 x14:00000030 x13:1a10f000
14110912ns          231217 1c008bd2 00e787b3 add              x15, x15, x14       x15=1a10f030 x15:00000000 x14:1a10f030
14110932ns          231218 1c008bd4 0ff57513 andi             x10, x10, 255       x10=0000000a x10:0000000a
14110952ns          231219 1c008bd8 00a7a023 sw               x10, 0(x15)         x10:0000000a x15:1a10f030  PA:1a10f030
14111290ns          231236 1c008bda 00000513 addi             x10, x0, 0          x10=00000000
14111310ns          231237 1c008bdc 00008067 jalr             x0, x1, 0            x1:1c008ca2
14111370ns          231240 1c008ca2 4df52863 p.beqimm         x10, 1232           x10:00000000
14111390ns          231241 1c008ca6 00140413 addi             x8, x8, 1            x8=00000024  x8:00000023
14111410ns          231242 1c008ca8 001a450b p.lbu            x10, 1(x20!)        x10=00000000 x20=1c000043 x20:1c000042  PA:1c000042
14111728ns          231258 1c008cac fe0515e3 bne              x10, x0, -22        x10:00000000
14111748ns          231259 1c008cae 13c12083 lw               x1, 316(x2)          x1=1c008c22  x2:10003618  PA:10003754
14111768ns          231260 1c008cb2 00800533 add              x10, x0, x8         x10=00000024  x8:00000024
14111787ns          231261 1c008cb4 13812403 lw               x8, 312(x2)          x8=00000006  x2:10003618  PA:10003750
14111807ns          231262 1c008cb8 13412483 lw               x9, 308(x2)          x9=00000000  x2:10003618  PA:1000374c
14111827ns          231263 1c008cbc 13012903 lw               x18, 304(x2)        x18=00000006  x2:10003618  PA:10003748
14112006ns          231272 1c008cc0 12c12983 lw               x19, 300(x2)        x19=00000000  x2:10003618  PA:10003744
14112046ns          231274 1c008cc4 12812a03 lw               x20, 296(x2)        x20=00000000  x2:10003618  PA:10003740
14112066ns          231275 1c008cc8 12412a83 lw               x21, 292(x2)        x21=00000000  x2:10003618  PA:1000373c
14112086ns          231276 1c008ccc 12012b03 lw               x22, 288(x2)        x22=00000000  x2:10003618  PA:10003738
14112543ns          231299 1c008cd0 11c12b83 lw               x23, 284(x2)        x23=00000000  x2:10003618  PA:10003734
14112583ns          231301 1c008cd4 11812c03 lw               x24, 280(x2)        x24=00000000  x2:10003618  PA:10003730
14112603ns          231302 1c008cd8 11412c83 lw               x25, 276(x2)        x25=00000000  x2:10003618  PA:1000372c
14112623ns          231303 1c008cdc 11012d03 lw               x26, 272(x2)        x26=00000000  x2:10003618  PA:10003728
14112682ns          231306 1c008ce0 10c12d83 lw               x27, 268(x2)        x27=00000000  x2:10003618  PA:10003724
14112722ns          231308 1c008ce4 14010113 addi             x2, x2, 320          x2=10003758  x2:10003618
14112742ns          231309 1c008ce6 00008067 jalr             x0, x1, 0            x1:1c008c22
14112822ns          231313 1c008c22 01c12083 lw               x1, 28(x2)           x1=1c008200  x2:10003758  PA:10003774
14112861ns          231315 1c008c24 04010113 addi             x2, x2, 64           x2=10003798  x2:10003758
14112881ns          231316 1c008c26 00008067 jalr             x0, x1, 0            x1:1c008200
14113418ns          231343 1c008200 78d010ef jal              x1, 8076             x1=1c008204
14113538ns          231349 1c00a18c f14027f3 csrrs            x15, x0, 0xf14      x15=00000006
14113935ns          231369 1c00a190 01f00713 addi             x14, x0, 31         x14=0000001f
14113975ns          231371 1c00a192 ca5797b3 p.extractu       x15, x15, 5, 5      x15=00000000 x15:00000006
14113995ns          231372 1c00a196 00e78863 beq              x15, x14, 16        x15:00000000 x14:0000001f
14114015ns          231373 1c00a19a 002047b7 lui              x15, 0x204000       x15=00204000
14114452ns          231395 1c00a19e 20078793 addi             x15, x15, 512       x15=00204200 x15:00204000
14114492ns          231397 1c00a1a2 01c7e703 p.elw            x14, 28(x15)        x14=00010000 x15:00204200  PA:0020421c
14114671ns          231406 1c00a1a6 00008067 jalr             x0, x1, 0            x1:1c008204
14115009ns          231423 1c008204 5c090363 beq              x18, x0, 1478       x18:00000006
14115029ns          231424 1c008208 01847413 andi             x8, x8, 24           x8=00000000  x8:00000006
14115049ns          231425 1c00820a 783010ef jal              x1, 8066             x1=1c00820e
14115526ns          231449 1c00a18c f14027f3 csrrs            x15, x0, 0xf14      x15=00000006
14115546ns          231450 1c00a190 01f00713 addi             x14, x0, 31         x14=0000001f
14115566ns          231451 1c00a192 ca5797b3 p.extractu       x15, x15, 5, 5      x15=00000000 x15:00000006
14115586ns          231452 1c00a196 00e78863 beq              x15, x14, 16        x15:00000000 x14:0000001f
14115606ns          231453 1c00a19a 002047b7 lui              x15, 0x204000       x15=00204000
14115626ns          231454 1c00a19e 20078793 addi             x15, x15, 512       x15=00204200 x15:00204000
14115646ns          231455 1c00a1a2 01c7e703 p.elw            x14, 28(x15)        x14=00010000 x15:00204200  PA:0020421c
14121692ns          231759 1c00a1a6 00008067 jalr             x0, x1, 0            x1:1c00820e
14121751ns          231762 1c00820e 56041663 bne              x8, x0, 1388         x8:00000000
14121771ns          231763 1c008212 00491493 slli             x9, x18, 0x4         x9=00000060 x18:00000006
14121791ns          231764 1c008216 00748413 addi             x8, x9, 7            x8=00000067  x9:00000060
14121811ns          231765 1c00821a 00591713 slli             x14, x18, 0x5       x14=000000c0 x18:00000006
14122388ns          231794 1c00821e 00141693 slli             x13, x8, 0x1        x13=000000ce  x8:00000067
14122408ns          231795 1c008222 00d12c23 sw               x13, 24(x2)         x13:000000ce  x2:10003798  PA:100037b0
14122427ns          231796 1c008224 00e12223 sw               x14, 4(x2)          x14:000000c0  x2:10003798  PA:1000379c
14122447ns          231797 1c008226 00170593 addi             x11, x14, 1         x11=000000c1 x14:000000c0
14122467ns          231798 1c00822a 00168293 addi             x5, x13, 1           x5=000000cf x13:000000ce
14122885ns          231819 1c00822e 1c001737 lui              x14, 0x1c001000     x14=1c001000
14122925ns          231821 1c008232 00948693 addi             x13, x9, 9          x13=00000069  x9:00000060
14122945ns          231822 1c008236 8d070713 addi             x14, x14, -1840     x14=1c0008d0 x14:1c001000
14122964ns          231823 1c00823a 00148f93 addi             x31, x9, 1          x31=00000061  x9:00000060
14123422ns          231846 1c00823e 00269e13 slli             x28, x13, 0x2       x28=000001a4 x13:00000069
14123442ns          231847 1c008242 00ee0e33 add              x28, x28, x14       x28=1c000a74 x28:000001a4 x14:1c0008d0
14123462ns          231848 1c008244 00248a93 addi             x21, x9, 2          x21=00000062  x9:00000060
14123482ns          231849 1c008248 00348f13 addi             x30, x9, 3          x30=00000063  x9:00000060
14123501ns          231850 1c00824c 00548993 addi             x19, x9, 5          x19=00000065  x9:00000060
14123919ns          231871 1c008250 00648793 addi             x15, x9, 6          x15=00000066  x9:00000060
14123959ns          231873 1c008254 002f9313 slli             x6, x31, 0x2         x6=00000184 x31:00000061
14123979ns          231874 1c008258 002a9813 slli             x16, x21, 0x2       x16=00000188 x21:00000062
14123999ns          231875 1c00825c 002f1b13 slli             x22, x30, 0x2       x22=0000018c x30:00000063
14124436ns          231897 1c008260 00299093 slli             x1, x19, 0x2         x1=00000194 x19:00000065
14124476ns          231899 1c008264 00279393 slli             x7, x15, 0x2         x7=00000198 x15:00000066
14124496ns          231900 1c008268 00e30333 add              x6, x6, x14          x6=1c000a54  x6:00000184 x14:1c0008d0
14124516ns          231901 1c00826a 00691893 slli             x17, x18, 0x6       x17=00000180 x18:00000006
14124536ns          231902 1c00826e 01c006b3 add              x13, x0, x28        x13=1c000a74 x28:1c000a74
14124973ns          231924 1c008270 002a9a93 slli             x21, x21, 0x2       x21=00000188 x21:00000062
14124993ns          231925 1c008272 00299993 slli             x19, x19, 0x2       x19=00000194 x19:00000065
14125013ns          231926 1c008274 00279793 slli             x15, x15, 0x2       x15=00000198 x15:00000066
14125033ns          231927 1c008276 00eb0b33 add              x22, x22, x14       x22=1c000a5c x22:0000018c x14:1c0008d0
14125053ns          231928 1c008278 00235303 lhu              x6, 2(x6)            x6=0000038d  x6:1c000a54  PA:1c000a56
14125590ns          231955 1c00827c 0006d683 lhu              x13, 0(x13)         x13=0000045e x13:1c000a74  PA:1c000a74
14125987ns          231975 1c008280 00ea8ab3 add              x21, x21, x14       x21=1c000a58 x21:00000188 x14:1c0008d0
14126007ns          231976 1c008282 00e989b3 add              x19, x19, x14       x19=1c000a64 x19:00000194 x14:1c0008d0
14126027ns          231977 1c008284 00e787b3 add              x15, x15, x14       x15=1c000a68 x15:00000198 x14:1c0008d0
14126047ns          231978 1c008286 00e888b3 add              x17, x17, x14       x17=1c000a50 x17:00000180 x14:1c0008d0
14126067ns          231979 1c008288 002b5c83 lhu              x25, 2(x22)         x25=00000cc6 x22:1c000a5c  PA:1c000a5e
14126405ns          231996 1c00828c 000adc03 lhu              x24, 0(x21)         x24=00000530 x21:1c000a58  PA:1c000a58
14126823ns          232017 1c008290 000b5f03 lhu              x30, 0(x22)         x30=00000773 x22:1c000a5c  PA:1c000a5c
14127240ns          232038 1c008294 0007da83 lhu              x21, 0(x15)         x21=000001be x15:1c000a68  PA:1c000a68
14127578ns          232055 1c008298 0009db03 lhu              x22, 0(x19)         x22=00000f41 x19:1c000a64  PA:1c000a64
14127976ns          232075 1c00829c 0008d883 lhu              x17, 0(x17)         x17=00000471 x17:1c000a50  PA:1c000a50
14128414ns          232097 1c0082a0 1c0019b7 lui              x19, 0x1c001000     x19=1c001000
14128434ns          232098 1c0082a4 000017b7 lui              x15, 0x1000         x15=00001000
14128454ns          232099 1c0082a6 fff78793 addi             x15, x15, -1        x15=00000fff x15:00001000
14128473ns          232100 1c0082a8 00448a13 addi             x20, x9, 4          x20=00000064  x9:00000060
14128493ns          232101 1c0082ac dd098993 addi             x19, x19, -560      x19=1c000dd0 x19:1c001000
14128513ns          232102 1c0082b0 00159593 slli             x11, x11, 0x1       x11=00000182 x11:000000c1
14128533ns          232103 1c0082b2 00129293 slli             x5, x5, 0x1          x5=0000019e  x5:000000cf
14128553ns          232104 1c0082b4 00241b93 slli             x23, x8, 0x2        x23=0000019c  x8:00000067
14128573ns          232105 1c0082b8 00848613 addi             x12, x9, 8          x12=00000068  x9:00000060
14128593ns          232106 1c0082bc 00e585b3 add              x11, x11, x14       x11=1c000a52 x11:00000182 x14:1c0008d0
14128613ns          232107 1c0082be 00e080b3 add              x1, x1, x14          x1=1c000a64  x1:00000194 x14:1c0008d0
14129010ns          232127 1c0082c0 00e383b3 add              x7, x7, x14          x7=1c000a68  x7:00000198 x14:1c0008d0
14129030ns          232128 1c0082c2 00e282b3 add              x5, x5, x14          x5=1c000a6e  x5:0000019e x14:1c0008d0
14129050ns          232129 1c0082c4 00d12a23 sw               x13, 20(x2)         x13:0000045e  x2:10003798  PA:100037ac
14129070ns          232130 1c0082c6 002a1513 slli             x10, x20, 0x2       x10=00000190 x20:00000064
14129090ns          232131 1c0082ca 0067f6b3 and              x13, x15, x6        x13=0000038d x15:00000fff  x6:0000038d
14129110ns          232132 1c0082ce 002a1a13 slli             x20, x20, 0x2       x20=00000190 x20:00000064
14129508ns          232152 1c0082d0 0009a303 lw               x6, 0(x19)           x6=10004100 x19:1c000dd0  PA:1c000dd0
14130005ns          232177 1c0082d4 0005dd83 lhu              x27, 0(x11)         x27=00000244 x11:1c000a52  PA:1c000a52
14130383ns          232196 1c0082d8 00ea0a33 add              x20, x20, x14       x20=1c000a60 x20:00000190 x14:1c0008d0
14130403ns          232197 1c0082da 0020d583 lhu              x11, 2(x1)          x11=000005b6  x1:1c000a64  PA:1c000a66
14130780ns          232216 1c0082de 0117f8b3 and              x17, x15, x17       x17=00000471 x15:00000fff x17:00000471
14130800ns          232217 1c0082e2 0023d083 lhu              x1, 2(x7)            x1=00000df7  x7:1c000a68  PA:1c000a6a
14131238ns          232239 1c0082e6 00261e93 slli             x29, x12, 0x2       x29=000001a0 x12:00000068
14131258ns          232240 1c0082ea 0002d383 lhu              x7, 0(x5)            x7=000002e0  x5:1c000a6e  PA:1c000a6e
14131636ns          232259 1c0082ee 00261613 slli             x12, x12, 0x2       x12=000001a0 x12:00000068
14131656ns          232260 1c0082f0 017702b3 add              x5, x14, x23         x5=1c000a6c x14:1c0008d0 x23:0000019c
14131675ns          232261 1c0082f4 01112423 sw               x17, 8(x2)          x17:00000471  x2:10003798  PA:100037a0
14131695ns          232262 1c0082f6 01712e23 sw               x23, 28(x2)         x23:0000019c  x2:10003798  PA:100037b4
14131715ns          232263 1c0082f8 00e60633 add              x12, x12, x14       x12=1c000a70 x12:000001a0 x14:1c0008d0
14131735ns          232264 1c0082fa 000a5b83 lhu              x23, 0(x20)         x23=0000078f x20:1c000a60  PA:1c000a60
14132073ns          232281 1c0082fe 0002da03 lhu              x20, 0(x5)          x20=00000468  x5:1c000a6c  PA:1c000a6c
14132550ns          232305 1c008302 01069293 slli             x5, x13, 0x10        x5=038d0000 x13:0000038d
14132570ns          232306 1c008306 00591693 slli             x13, x18, 0x5       x13=000000c0 x18:00000006
14132590ns          232307 1c00830a 002e5d03 lhu              x26, 2(x28)         x26=00000b8a x28:1c000a74  PA:1c000a76
14132889ns          232322 1c00830e 002f9f93 slli             x31, x31, 0x2       x31=00000184 x31:00000061
14132908ns          232323 1c008310 00065e03 lhu              x28, 0(x12)         x28=00000039 x12:1c000a70  PA:1c000a70
14133366ns          232346 1c008314 00d30633 add              x12, x6, x13        x12=100041c0  x6:10004100 x13:000000c0
14133386ns          232347 1c008318 00812303 lw               x6, 8(x2)            x6=00000471  x2:10003798  PA:100037a0
14133406ns          232348 1c00831a 00ef8fb3 add              x31, x31, x14       x31=1c000a54 x31:00000184 x14:1c0008d0
14133426ns          232349 1c00831c 01b7fdb3 and              x27, x15, x27       x27=00000244 x15:00000fff x27:00000244
14133445ns          232350 1c008320 00512623 sw               x5, 12(x2)           x5:038d0000  x2:10003798  PA:100037a4
14133465ns          232351 1c008322 000fdf83 lhu              x31, 0(x31)         x31=00000bcc x31:1c000a54  PA:1c000a54
14133903ns          232373 1c008326 010d9d93 slli             x27, x27, 0x10      x27=02440000 x27:00000244
14133923ns          232374 1c008328 006dedb3 or               x27, x27, x6        x27=02440471 x27:02440000  x6:00000471
14133943ns          232375 1c00832c 00e80833 add              x16, x16, x14       x16=1c000a58 x16:00000188 x14:1c0008d0
14133963ns          232376 1c00832e 00c12303 lw               x6, 12(x2)           x6=038d0000  x2:10003798  PA:100037a4
14133982ns          232377 1c008330 00285803 lhu              x16, 2(x16)         x16=0000088f x16:1c000a58  PA:1c000a5a
14134340ns          232395 1c008334 0017f0b3 and              x1, x15, x1          x1=00000df7 x15:00000fff  x1:00000df7
14134360ns          232396 1c008338 0077f3b3 and              x7, x15, x7          x7=000002e0 x15:00000fff  x7:000002e0
14134380ns          232397 1c00833c 01c12823 sw               x28, 16(x2)         x28:00000039  x2:10003798  PA:100037a8
14134440ns          232400 1c00833e 0157fab3 and              x21, x15, x21       x21=000001be x15:00000fff x21:000001be
14134480ns          232402 1c008342 0147fa33 and              x20, x15, x20       x20=00000468 x15:00000fff x20:00000468
14134500ns          232403 1c008346 01f7ffb3 and              x31, x15, x31       x31=00000bcc x15:00000fff x31:00000bcc
14134519ns          232404 1c00834a 01009093 slli             x1, x1, 0x10         x1=0df70000  x1:00000df7
14134539ns          232405 1c00834c 01039393 slli             x7, x7, 0x10         x7=02e00000  x7:000002e0
14134957ns          232426 1c00834e 01f36fb3 or               x31, x6, x31        x31=038d0bcc  x6:038d0000 x31:00000bcc
14134977ns          232427 1c008352 00e50533 add              x10, x10, x14       x10=1c000a60 x10:00000190 x14:1c0008d0
14134997ns          232428 1c008354 0150e333 or               x6, x1, x21          x6=0df701be  x1:0df70000 x21:000001be
14135017ns          232429 1c008358 0143eab3 or               x21, x7, x20        x21=02e00468  x7:02e00000 x20:00000468
14135036ns          232430 1c00835c 01012a03 lw               x20, 16(x2)         x20=00000039  x2:10003798  PA:100037a8
14135454ns          232451 1c00835e 00255503 lhu              x10, 2(x10)         x10=000008ef x10:1c000a60  PA:1c000a62
14135852ns          232471 1c008362 0107f833 and              x16, x15, x16       x16=0000088f x15:00000fff x16:0000088f
14135872ns          232472 1c008366 0187fc33 and              x24, x15, x24       x24=00000530 x15:00000fff x24:00000530
14135892ns          232473 1c00836a 00ee8eb3 add              x29, x29, x14       x29=1c000a70 x29:000001a0 x14:1c0008d0
14135912ns          232474 1c00836c 01081813 slli             x16, x16, 0x10      x16=088f0000 x16:0000088f
14136329ns          232495 1c00836e 01886833 or               x16, x16, x24       x16=088f0530 x16:088f0000 x24:00000530
14136349ns          232496 1c008372 01512423 sw               x21, 8(x2)          x21:02e00468  x2:10003798  PA:100037a0
14136369ns          232497 1c008374 0147fc33 and              x24, x15, x20       x24=00000039 x15:00000fff x20:00000039
14136389ns          232498 1c008378 002ede83 lhu              x29, 2(x29)         x29=000000a0 x29:1c000a70  PA:1c000a72
14136787ns          232518 1c00837c 01412a03 lw               x20, 20(x2)         x20=0000045e  x2:10003798  PA:100037ac
14136866ns          232522 1c00837e 00c48893 addi             x17, x9, 12         x17=0000006c  x9:00000060
14136886ns          232523 1c008382 00f57533 and              x10, x10, x15       x10=000008ef x10:000008ef x15:00000fff
14136906ns          232524 1c008384 00f5f5b3 and              x11, x11, x15       x11=000005b6 x11:000005b6 x15:00000fff
14136926ns          232525 1c008386 0177fbb3 and              x23, x15, x23       x23=0000078f x15:00000fff x23:0000078f
14136946ns          232526 1c00838a 0167fb33 and              x22, x15, x22       x22=00000f41 x15:00000fff x22:00000f41
14136966ns          232527 1c00838e 01112623 sw               x17, 12(x2)         x17:0000006c  x2:10003798  PA:100037a4
14137383ns          232548 1c008390 00289a93 slli             x21, x17, 0x2       x21=000001b0 x17:0000006c
14137423ns          232550 1c008394 01051513 slli             x10, x10, 0x10      x10=08ef0000 x10:000008ef
14137443ns          232551 1c008396 00d48893 addi             x17, x9, 13         x17=0000006d  x9:00000060
14137463ns          232552 1c00839a 01059593 slli             x11, x11, 0x10      x11=05b60000 x11:000005b6
14137483ns          232553 1c00839c 01756533 or               x10, x10, x23       x10=08ef078f x10:08ef0000 x23:0000078f
14137900ns          232574 1c0083a0 0165e5b3 or               x11, x11, x22       x11=05b60f41 x11:05b60000 x22:00000f41
14137940ns          232576 1c0083a4 0147fbb3 and              x23, x15, x20       x23=0000045e x15:00000fff x20:0000045e
14137960ns          232577 1c0083a8 00289a13 slli             x20, x17, 0x2       x20=000001b4 x17:0000006d
14137980ns          232578 1c0083ac 00e48893 addi             x17, x9, 14         x17=0000006e  x9:00000060
14138398ns          232599 1c0083b0 00b62a23 sw               x11, 20(x12)        x11:05b60f41 x12:100041c0  PA:100041d4
14138437ns          232601 1c0083b2 0197fcb3 and              x25, x15, x25       x25=00000cc6 x15:00000fff x25:00000cc6
14138457ns          232602 1c0083b6 00812583 lw               x11, 8(x2)          x11=02e00468  x2:10003798  PA:100037a0
14138477ns          232603 1c0083b8 00289093 slli             x1, x17, 0x2         x1=000001b8 x17:0000006e
14138497ns          232604 1c0083bc 0009a883 lw               x17, 0(x19)         x17=10004100 x19:1c000dd0  PA:1c000dd0
14138954ns          232627 1c0083c0 00a48e13 addi             x28, x9, 10         x28=0000006a  x9:00000060
14138994ns          232629 1c0083c4 00f48293 addi             x5, x9, 15           x5=0000006f  x9:00000060
14139014ns          232630 1c0083c8 00b48393 addi             x7, x9, 11           x7=0000006b  x9:00000060
14139034ns          232631 1c0083cc 010c9c93 slli             x25, x25, 0x10      x25=0cc60000 x25:00000cc6
14139452ns          232652 1c0083ce 01e7ff33 and              x30, x15, x30       x30=00000773 x15:00000fff x30:00000773
14139491ns          232654 1c0083d2 01d7feb3 and              x29, x15, x29       x29=000000a0 x15:00000fff x29:000000a0
14139511ns          232655 1c0083d6 01ecef33 or               x30, x25, x30       x30=0cc60773 x25:0cc60000 x30:00000773
14139531ns          232656 1c0083da 01a7fd33 and              x26, x15, x26       x26=00000b8a x15:00000fff x26:00000b8a
14139949ns          232677 1c0083de 002e1c93 slli             x25, x28, 0x2       x25=000001a8 x28:0000006a
14139989ns          232679 1c0083e2 00239b13 slli             x22, x7, 0x2        x22=000001ac  x7:0000006b
14140008ns          232680 1c0083e6 10068693 addi             x13, x13, 256       x13=000001c0 x13:000000c0
14140028ns          232681 1c0083ea 00229393 slli             x7, x5, 0x2          x7=000001bc  x5:0000006f
14140048ns          232682 1c0083ee 010e9e93 slli             x29, x29, 0x10      x29=00a00000 x29:000000a0
14140486ns          232704 1c0083f0 011686b3 add              x13, x13, x17       x13=100042c0 x13:000001c0 x17:10004100
14140526ns          232706 1c0083f2 01b62023 sw               x27, 0(x12)         x27:02440471 x12:100041c0  PA:100041c0
14140545ns          232707 1c0083f6 01f62223 sw               x31, 4(x12)         x31:038d0bcc x12:100041c0  PA:100041c4
14140565ns          232708 1c0083fa 01062423 sw               x16, 8(x12)         x16:088f0530 x12:100041c0  PA:100041c8
14141023ns          232731 1c0083fe 01e62623 sw               x30, 12(x12)        x30:0cc60773 x12:100041c0  PA:100041cc
14141043ns          232732 1c008402 00a62823 sw               x10, 16(x12)        x10:08ef078f x12:100041c0  PA:100041d0
14141063ns          232733 1c008404 00662c23 sw               x6, 24(x12)          x6:0df701be x12:100041c0  PA:100041d8
14141082ns          232734 1c008408 00b62e23 sw               x11, 28(x12)        x11:02e00468 x12:100041c0  PA:100041dc
14141102ns          232735 1c00840a 00ec8cb3 add              x25, x25, x14       x25=1c000a78 x25:000001a8 x14:1c0008d0
14141122ns          232736 1c00840c 00eb0b33 add              x22, x22, x14       x22=1c000a7c x22:000001ac x14:1c0008d0
14141142ns          232737 1c00840e 00ea8ab3 add              x21, x21, x14       x21=1c000a80 x21:000001b0 x14:1c0008d0
14141540ns          232757 1c008410 00ea0a33 add              x20, x20, x14       x20=1c000a84 x20:000001b4 x14:1c0008d0
14141560ns          232758 1c008412 00e080b3 add              x1, x1, x14          x1=1c000a88  x1:000001b8 x14:1c0008d0
14141580ns          232759 1c008414 018eeeb3 or               x29, x29, x24       x29=00a00039 x29:00a00000 x24:00000039
14141600ns          232760 1c008418 00e383b3 add              x7, x7, x14          x7=1c000a8c  x7:000001bc x14:1c0008d0
14141619ns          232761 1c00841a 010d1d13 slli             x26, x26, 0x10      x26=0b8a0000 x26:00000b8a
14141639ns          232762 1c00841c 002cdf83 lhu              x31, 2(x25)         x31=000004e7 x25:1c000a78  PA:1c000a7a
14142196ns          232790 1c008420 002a5f03 lhu              x30, 2(x20)         x30=00000818 x20:1c000a84  PA:1c000a86
14142713ns          232816 1c008424 002b5803 lhu              x16, 2(x22)         x16=00000d79 x22:1c000a7c  PA:1c000a7e
14143111ns          232836 1c008428 002ad503 lhu              x10, 2(x21)         x10=0000009f x21:1c000a80  PA:1c000a82
14143509ns          232856 1c00842c 0020d603 lhu              x12, 2(x1)          x12=000002c5  x1:1c000a88  PA:1c000a8a
14144046ns          232883 1c008430 017d6bb3 or               x23, x26, x23       x23=0b8a045e x26:0b8a0000 x23:0000045e
14144066ns          232884 1c008434 01d6a023 sw               x29, 0(x13)         x29:00a00039 x13:100042c0  PA:100042c0
14144086ns          232885 1c008438 001008b3 add              x17, x0, x1         x17=1c000a88  x1:1c000a88
14144105ns          232886 1c00843a 0023de83 lhu              x29, 2(x7)          x29=00000b5c  x7:1c000a8c  PA:1c000a8e
14144444ns          232903 1c00843e 00700733 add              x14, x0, x7         x14=1c000a8c  x7:1c000a8c
14144463ns          232904 1c008440 00075283 lhu              x5, 0(x14)           x5=00000d17 x14:1c000a8c  PA:1c000a8c
14144821ns          232922 1c008444 000b5083 lhu              x1, 0(x22)           x1=00000820 x22:1c000a7c  PA:1c000a7c
14145199ns          232941 1c008448 000ad383 lhu              x7, 0(x21)           x7=00000cf4 x21:1c000a80  PA:1c000a80
14145617ns          232962 1c00844c 000a5e03 lhu              x28, 0(x20)         x28=00000752 x20:1c000a84  PA:1c000a84
14145995ns          232981 1c008450 0008d303 lhu              x6, 0(x17)           x6=00000035 x17:1c000a88  PA:1c000a88
14146373ns          233000 1c008454 0176a223 sw               x23, 4(x13)         x23:0b8a045e x13:100042c0  PA:100042c4
14146393ns          233001 1c008458 000cdb83 lhu              x23, 0(x25)         x23=000005ed x25:1c000a78  PA:1c000a78
14146790ns          233021 1c00845c 01f7f8b3 and              x17, x15, x31       x17=000004e7 x15:00000fff x31:000004e7
14146810ns          233022 1c008460 01e7f5b3 and              x11, x15, x30       x11=00000818 x15:00000fff x30:00000818
14146830ns          233023 1c008464 01d7f733 and              x14, x15, x29       x14=00000b5c x15:00000fff x29:00000b5c
14146850ns          233024 1c008468 0107f833 and              x16, x15, x16       x16=00000d79 x15:00000fff x16:00000d79
14146870ns          233025 1c00846c 00f57533 and              x10, x10, x15       x10=0000009f x10:0000009f x15:00000fff
14146890ns          233026 1c00846e 00f67633 and              x12, x12, x15       x12=000002c5 x12:000002c5 x15:00000fff
14147168ns          233040 1c008470 0017f0b3 and              x1, x15, x1          x1=00000820 x15:00000fff  x1:00000820
14147208ns          233042 1c008474 0077f3b3 and              x7, x15, x7          x7=00000cf4 x15:00000fff  x7:00000cf4
14147228ns          233043 1c008478 01c7fe33 and              x28, x15, x28       x28=00000752 x15:00000fff x28:00000752
14147248ns          233044 1c00847c 0067f333 and              x6, x15, x6          x6=00000035 x15:00000fff  x6:00000035
14147705ns          233067 1c008480 0177fbb3 and              x23, x15, x23       x23=000005ed x15:00000fff x23:000005ed
14147745ns          233069 1c008484 01071713 slli             x14, x14, 0x10      x14=0b5c0000 x14:00000b5c
14147765ns          233070 1c008486 0057f7b3 and              x15, x15, x5        x15=00000d17 x15:00000fff  x5:00000d17
14147785ns          233071 1c00848a 01089893 slli             x17, x17, 0x10      x17=04e70000 x17:000004e7
14147805ns          233072 1c00848c 01081813 slli             x16, x16, 0x10      x16=0d790000 x16:00000d79
14147824ns          233073 1c00848e 01051513 slli             x10, x10, 0x10      x10=009f0000 x10:0000009f
14148242ns          233094 1c008490 01059593 slli             x11, x11, 0x10      x11=08180000 x11:00000818
14148262ns          233095 1c008492 01061613 slli             x12, x12, 0x10      x12=02c50000 x12:000002c5
14148282ns          233096 1c008494 00e7e7b3 or               x15, x15, x14       x15=0b5c0d17 x15:00000d17 x14:0b5c0000
14148302ns          233097 1c008496 0178e8b3 or               x17, x17, x23       x17=04e705ed x17:04e70000 x23:000005ed
14148322ns          233098 1c00849a 00186833 or               x16, x16, x1        x16=0d790820 x16:0d790000  x1:00000820
14148759ns          233120 1c00849e 00756533 or               x10, x10, x7        x10=009f0cf4 x10:009f0000  x7:00000cf4
14148799ns          233122 1c0084a2 01c5e5b3 or               x11, x11, x28       x11=08180752 x11:08180000 x28:00000752
14148819ns          233123 1c0084a6 00666633 or               x12, x12, x6        x12=02c50035 x12:02c50000  x6:00000035
14148839ns          233124 1c0084aa 00f6ae23 sw               x15, 28(x13)        x15:0b5c0d17 x13:100042c0  PA:100042dc
14148859ns          233125 1c0084ac 0116a423 sw               x17, 8(x13)         x17:04e705ed x13:100042c0  PA:100042c8
14149256ns          233145 1c0084b0 0106a623 sw               x16, 12(x13)        x16:0d790820 x13:100042c0  PA:100042cc
14149296ns          233147 1c0084b4 00a6a823 sw               x10, 16(x13)        x10:009f0cf4 x13:100042c0  PA:100042d0
14149316ns          233148 1c0084b6 00b6aa23 sw               x11, 20(x13)        x11:08180752 x13:100042c0  PA:100042d4
14149336ns          233149 1c0084b8 00c6ac23 sw               x12, 24(x13)        x12:02c50035 x13:100042c0  PA:100042d8
14149356ns          233150 1c0084ba 4d3010ef jal              x1, 7378             x1=1c0084be
14149873ns          233176 1c00a18c f14027f3 csrrs            x15, x0, 0xf14      x15=00000006
14149952ns          233180 1c00a190 01f00713 addi             x14, x0, 31         x14=0000001f
14149992ns          233182 1c00a192 ca5797b3 p.extractu       x15, x15, 5, 5      x15=00000000 x15:00000006
14150012ns          233183 1c00a196 00e78863 beq              x15, x14, 16        x15:00000000 x14:0000001f
14150032ns          233184 1c00a19a 002047b7 lui              x15, 0x204000       x15=00204000
14150092ns          233187 1c00a19e 20078793 addi             x15, x15, 512       x15=00204200 x15:00204000
14150131ns          233189 1c00a1a2 01c7e703 p.elw            x14, 28(x15)        x14=00010000 x15:00204200  PA:0020421c
14150291ns          233197 1c00a1a6 00008067 jalr             x0, x1, 0            x1:1c0084be
14150350ns          233200 1c0084be 002007b7 lui              x15, 0x200000       x15=00200000
14150370ns          233201 1c0084c2 0187a703 lw               x14, 24(x15)        x14=00000000 x15:00200000  PA:00200018
14150569ns          233211 1c0084c4 00204a37 lui              x20, 0x204000       x20=00204000
14150589ns          233212 1c0084c8 020a0a13 addi             x20, x20, 32        x20=00204020 x20:00204000
14150609ns          233213 1c0084cc c0b74733 p.bset           x14, x14, 0, 11     x14=00000800 x14:00000000
14150987ns          233232 1c0084d0 00e7ac23 sw               x14, 24(x15)        x14:00000800 x15:00200000  PA:00200018
14151086ns          233237 1c0084d2 0187a703 lw               x14, 24(x15)        x14=00000800 x15:00200000  PA:00200018
14151225ns          233244 1c0084d4 012a0a33 add              x20, x20, x18       x20=00204026 x20:00204020 x18:00000006
14151245ns          233245 1c0084d6 007a1a13 slli             x20, x20, 0x7       x20=10201300 x20:00204026
14151265ns          233246 1c0084d8 c0874733 p.bset           x14, x14, 0, 8      x14=00000900 x14:00000800
14151285ns          233247 1c0084dc 00e7ac23 sw               x14, 24(x15)        x14:00000900 x15:00200000  PA:00200018
14151384ns          233252 1c0084de 0187a703 lw               x14, 24(x15)        x14=00000900 x15:00200000  PA:00200018
14151563ns          233261 1c0084e0 ce073733 p.bclr           x14, x14, 7, 0      x14=00000900 x14:00000900
14151583ns          233262 1c0084e4 00e7ac23 sw               x14, 24(x15)        x14:00000900 x15:00200000  PA:00200018
14151683ns          233267 1c0084e6 0187a703 lw               x14, 24(x15)        x14=00000900 x15:00200000  PA:00200018
14151862ns          233276 1c0084e8 c0374733 p.bset           x14, x14, 0, 3      x14=00000908 x14:00000900
14151882ns          233277 1c0084ec 00e7ac23 sw               x14, 24(x15)        x14:00000908 x15:00200000  PA:00200018
14152120ns          233289 1c0084ee 000a2a23 sw               x0, 20(x20)         x20:10201300  PA:10201314
14152259ns          233296 1c0084f2 004a2783 lw               x15, 4(x20)         x15=00000000 x20:10201300  PA:10201304
14152379ns          233302 1c0084f6 004a0613 addi             x12, x20, 4         x12=10201304 x20:10201300
14152399ns          233303 1c0084fa 0007dc63 bge              x15, x0, 24         x15:00000000
14153214ns          233344 1c008512 1c000537 lui              x10, 0x1c000000     x10=1c000000
14153234ns          233345 1c008516 04450513 addi             x10, x10, 68        x10=1c000044 x10:1c000000
14153254ns          233346 1c00851a f14025f3 csrrs            x11, x0, 0xf14      x11=00000006
14153691ns          233368 1c00851e f455b5b3 p.bclr           x11, x11, 26, 5     x11=00000006 x11:00000006
14153711ns          233369 1c008522 6d8000ef jal              x1, 1752             x1=1c008524
14153791ns          233373 1c008bfa fc010113 addi             x2, x2, -64          x2=10003758  x2:10003798
14153831ns          233375 1c008bfc 02410313 addi             x6, x2, 36           x6=1000377c  x2:10003758
14153890ns          233378 1c008c00 02c12423 sw               x12, 40(x2)         x12:10201304  x2:10003758  PA:10003780
14153910ns          233379 1c008c02 00a00633 add              x12, x0, x10        x12=1c000044 x10:1c000044
14153930ns          233380 1c008c04 1c009537 lui              x10, 0x1c009000     x10=1c009000
14153950ns          233381 1c008c08 02b12223 sw               x11, 36(x2)         x11:00000006  x2:10003758  PA:1000377c
14153970ns          233382 1c008c0a 02d12623 sw               x13, 44(x2)         x13:100042c0  x2:10003758  PA:10003784
14153990ns          233383 1c008c0c 00200593 addi             x11, x0, 2          x11=00000002
14154010ns          233384 1c008c0e 006006b3 add              x13, x0, x6         x13=1000377c  x6:1000377c
14154030ns          233385 1c008c10 bb650513 addi             x10, x10, -1098     x10=1c008bb6 x10:1c009000
14154069ns          233387 1c008c14 00112e23 sw               x1, 28(x2)           x1:1c008524  x2:10003758  PA:10003774
14154089ns          233388 1c008c16 02e12823 sw               x14, 48(x2)         x14:00000908  x2:10003758  PA:10003788
14154109ns          233389 1c008c18 02f12a23 sw               x15, 52(x2)         x15:00000000  x2:10003758  PA:1000378c
14154129ns          233390 1c008c1a 03012c23 sw               x16, 56(x2)         x16:0d790820  x2:10003758  PA:10003790
14154149ns          233391 1c008c1c 03112e23 sw               x17, 60(x2)         x17:04e705ed  x2:10003758  PA:10003794
14154169ns          233392 1c008c1e 00612623 sw               x6, 12(x2)           x6:1000377c  x2:10003758  PA:10003764
14154189ns          233393 1c008c20 fbfff0ef jal              x1, -66              x1=1c008c22
14154626ns          233415 1c008bde 04a0006f jal              x0, 74             
14154666ns          233417 1c008c28 ec010113 addi             x2, x2, -320         x2=10003618  x2:10003758
14154686ns          233418 1c008c2a 13312623 sw               x19, 300(x2)        x19:1c000dd0  x2:10003618  PA:10003744
14154745ns          233421 1c008c2e 12112e23 sw               x1, 316(x2)          x1:1c008c22  x2:10003618  PA:10003754
14154785ns          233423 1c008c32 12812c23 sw               x8, 312(x2)          x8:00000067  x2:10003618  PA:10003750
14154805ns          233424 1c008c36 12912a23 sw               x9, 308(x2)          x9:00000060  x2:10003618  PA:1000374c
14154825ns          233425 1c008c3a 13212823 sw               x18, 304(x2)        x18:00000006  x2:10003618  PA:10003748
14154885ns          233428 1c008c3e 13412423 sw               x20, 296(x2)        x20:10201300  x2:10003618  PA:10003740
14154924ns          233430 1c008c42 13512223 sw               x21, 292(x2)        x21:1c000a80  x2:10003618  PA:1000373c
14154944ns          233431 1c008c46 13612023 sw               x22, 288(x2)        x22:1c000a7c  x2:10003618  PA:10003738
14154964ns          233432 1c008c4a 11712e23 sw               x23, 284(x2)        x23:000005ed  x2:10003618  PA:10003734
14155024ns          233435 1c008c4e 11812c23 sw               x24, 280(x2)        x24:00000039  x2:10003618  PA:10003730
14155064ns          233437 1c008c52 11912a23 sw               x25, 276(x2)        x25:1c000a78  x2:10003618  PA:1000372c
14155084ns          233438 1c008c56 11a12823 sw               x26, 272(x2)        x26:0b8a0000  x2:10003618  PA:10003728
14155103ns          233439 1c008c5a 11b12623 sw               x27, 268(x2)        x27:02440471  x2:10003618  PA:10003724
14155123ns          233440 1c008c5e 00c009b3 add              x19, x0, x12        x19=1c000044 x12:1c000044
14155521ns          233460 1c008c60 0019c78b p.lbu            x15, 1(x19!)        x15=00000045 x19=1c000045 x19:1c000044  PA:1c000044
14155998ns          233484 1c008c64 00d12c23 sw               x13, 24(x2)         x13:1000377c  x2:10003618  PA:10003630
14156018ns          233485 1c008c66 6a0788e3 beq              x15, x0, 3760       x15:00000045
14156038ns          233486 1c008c6a 1c000737 lui              x14, 0x1c000000     x14=1c000000
14156098ns          233489 1c008c6e 0c472703 lw               x14, 196(x14)       x14=20202020 x14:1c000000  PA:1c0000c4
14156436ns          233506 1c008c72 03410d93 addi             x27, x2, 52         x27=1000364c  x2:10003618
14156456ns          233507 1c008c76 00a00cb3 add              x25, x0, x10        x25=1c008bb6 x10:1c008bb6
14156476ns          233508 1c008c78 02e12023 sw               x14, 32(x2)         x14:20202020  x2:10003618  PA:10003638
14156496ns          233509 1c008c7a 03610713 addi             x14, x2, 54         x14=1000364e  x2:10003618
14156535ns          233511 1c008c7e fff74713 xori             x14, x14, -1        x14=efffc9b1 x14:1000364e
14156555ns          233512 1c008c82 02e12223 sw               x14, 36(x2)         x14:efffc9b1  x2:10003618  PA:1000363c
14156575ns          233513 1c008c84 fffdc713 xori             x14, x27, -1        x14=efffc9b3 x27:1000364c
14156595ns          233514 1c008c88 00b004b3 add              x9, x0, x11          x9=00000002 x11:00000002
14156615ns          233515 1c008c8a 00000413 addi             x8, x0, 0            x8=00000000
14156635ns          233516 1c008c8c 1c000d37 lui              x26, 0x1c000000     x26=1c000000
14156714ns          233520 1c008c90 02e12423 sw               x14, 40(x2)         x14:efffc9b3  x2:10003618  PA:10003640
14156734ns          233521 1c008c92 01300a33 add              x20, x0, x19        x20=1c000045 x19:1c000045
14156754ns          233522 1c008c94 00f00533 add              x10, x0, x15        x10=00000045 x15:00000045
14156774ns          233523 1c008c96 02500793 addi             x15, x0, 37         x15=00000025
14156794ns          233524 1c008c9a 04f50763 beq              x10, x15, 78        x10:00000045 x15:00000025
14156814ns          233525 1c008c9e 009005b3 add              x11, x0, x9         x11=00000002  x9:00000002
14156854ns          233527 1c008ca0 000c80e7 jalr             x1, x25, 0           x1=1c008ca2 x25:1c008bb6
14156933ns          233531 1c008bb6 000026b7 lui              x13, 0x2000         x13=00002000
14156973ns          233533 1c008bb8 f8068693 addi             x13, x13, -128      x13=00001f80 x13:00002000
14156993ns          233534 1c008bbc f14027f3 csrrs            x15, x0, 0xf14      x15=00000006
14157052ns          233537 1c008bc0 00379713 slli             x14, x15, 0x3       x14=00000030 x15:00000006
14157092ns          233539 1c008bc4 00279793 slli             x15, x15, 0x2       x15=00000018 x15:00000006
14157112ns          233540 1c008bc6 00d7f7b3 and              x15, x15, x13       x15=00000000 x15:00000018 x13:00001f80
14157132ns          233541 1c008bc8 ee873733 p.bclr           x14, x14, 23, 8     x14=00000030 x14:00000030
14157152ns          233542 1c008bcc 1a10f6b7 lui              x13, 0x1a10f000     x13=1a10f000
14157192ns          233544 1c008bd0 00d70733 add              x14, x14, x13       x14=1a10f030 x14:00000030 x13:1a10f000
14157212ns          233545 1c008bd2 00e787b3 add              x15, x15, x14       x15=1a10f030 x15:00000000 x14:1a10f030
14157231ns          233546 1c008bd4 0ff57513 andi             x10, x10, 255       x10=00000045 x10:00000045
14157251ns          233547 1c008bd8 00a7a023 sw               x10, 0(x15)         x10:00000045 x15:1a10f030  PA:1a10f030
14157729ns          233571 1c008bda 00000513 addi             x10, x0, 0          x10=00000000
14157749ns          233572 1c008bdc 00008067 jalr             x0, x1, 0            x1:1c008ca2
14157808ns          233575 1c008ca2 4df52863 p.beqimm         x10, 1232           x10:00000000
14157828ns          233576 1c008ca6 00140413 addi             x8, x8, 1            x8=00000001  x8:00000000
14157848ns          233577 1c008ca8 001a450b p.lbu            x10, 1(x20!)        x10=0000006e x20=1c000046 x20:1c000045  PA:1c000045
14158166ns          233593 1c008cac fe0515e3 bne              x10, x0, -22        x10:0000006e
14158246ns          233597 1c008c96 02500793 addi             x15, x0, 37         x15=00000025
14158266ns          233598 1c008c9a 04f50763 beq              x10, x15, 78        x10:0000006e x15:00000025
14158286ns          233599 1c008c9e 009005b3 add              x11, x0, x9         x11=00000002  x9:00000002
14158305ns          233600 1c008ca0 000c80e7 jalr             x1, x25, 0           x1=1c008ca2 x25:1c008bb6
14158345ns          233602 1c008bb6 000026b7 lui              x13, 0x2000         x13=00002000
14158365ns          233603 1c008bb8 f8068693 addi             x13, x13, -128      x13=00001f80 x13:00002000
14158385ns          233604 1c008bbc f14027f3 csrrs            x15, x0, 0xf14      x15=00000006
14158405ns          233605 1c008bc0 00379713 slli             x14, x15, 0x3       x14=00000030 x15:00000006
14158425ns          233606 1c008bc4 00279793 slli             x15, x15, 0x2       x15=00000018 x15:00000006
14158445ns          233607 1c008bc6 00d7f7b3 and              x15, x15, x13       x15=00000000 x15:00000018 x13:00001f80
14158465ns          233608 1c008bc8 ee873733 p.bclr           x14, x14, 23, 8     x14=00000030 x14:00000030
14158484ns          233609 1c008bcc 1a10f6b7 lui              x13, 0x1a10f000     x13=1a10f000
14158504ns          233610 1c008bd0 00d70733 add              x14, x14, x13       x14=1a10f030 x14:00000030 x13:1a10f000
14158524ns          233611 1c008bd2 00e787b3 add              x15, x15, x14       x15=1a10f030 x15:00000000 x14:1a10f030
14158544ns          233612 1c008bd4 0ff57513 andi             x10, x10, 255       x10=0000006e x10:0000006e
14158564ns          233613 1c008bd8 00a7a023 sw               x10, 0(x15)         x10:0000006e x15:1a10f030  PA:1a10f030
14159021ns          233636 1c008bda 00000513 addi             x10, x0, 0          x10=00000000
14159041ns          233637 1c008bdc 00008067 jalr             x0, x1, 0            x1:1c008ca2
14159101ns          233640 1c008ca2 4df52863 p.beqimm         x10, 1232           x10:00000000
14159121ns          233641 1c008ca6 00140413 addi             x8, x8, 1            x8=00000002  x8:00000001
14159141ns          233642 1c008ca8 001a450b p.lbu            x10, 1(x20!)        x10=00000074 x20=1c000047 x20:1c000046  PA:1c000046
14159459ns          233658 1c008cac fe0515e3 bne              x10, x0, -22        x10:00000074
14159538ns          233662 1c008c96 02500793 addi             x15, x0, 37         x15=00000025
14159558ns          233663 1c008c9a 04f50763 beq              x10, x15, 78        x10:00000074 x15:00000025
14159578ns          233664 1c008c9e 009005b3 add              x11, x0, x9         x11=00000002  x9:00000002
14159598ns          233665 1c008ca0 000c80e7 jalr             x1, x25, 0           x1=1c008ca2 x25:1c008bb6
14159638ns          233667 1c008bb6 000026b7 lui              x13, 0x2000         x13=00002000
14159658ns          233668 1c008bb8 f8068693 addi             x13, x13, -128      x13=00001f80 x13:00002000
14159678ns          233669 1c008bbc f14027f3 csrrs            x15, x0, 0xf14      x15=00000006
14159698ns          233670 1c008bc0 00379713 slli             x14, x15, 0x3       x14=00000030 x15:00000006
14159717ns          233671 1c008bc4 00279793 slli             x15, x15, 0x2       x15=00000018 x15:00000006
14159737ns          233672 1c008bc6 00d7f7b3 and              x15, x15, x13       x15=00000000 x15:00000018 x13:00001f80
14159757ns          233673 1c008bc8 ee873733 p.bclr           x14, x14, 23, 8     x14=00000030 x14:00000030
14159777ns          233674 1c008bcc 1a10f6b7 lui              x13, 0x1a10f000     x13=1a10f000
14159797ns          233675 1c008bd0 00d70733 add              x14, x14, x13       x14=1a10f030 x14:00000030 x13:1a10f000
14159817ns          233676 1c008bd2 00e787b3 add              x15, x15, x14       x15=1a10f030 x15:00000000 x14:1a10f030
14159837ns          233677 1c008bd4 0ff57513 andi             x10, x10, 255       x10=00000074 x10:00000074
14159857ns          233678 1c008bd8 00a7a023 sw               x10, 0(x15)         x10:00000074 x15:1a10f030  PA:1a10f030
14160195ns          233695 1c008bda 00000513 addi             x10, x0, 0          x10=00000000
14160215ns          233696 1c008bdc 00008067 jalr             x0, x1, 0            x1:1c008ca2
14160274ns          233699 1c008ca2 4df52863 p.beqimm         x10, 1232           x10:00000000
14160294ns          233700 1c008ca6 00140413 addi             x8, x8, 1            x8=00000003  x8:00000002
14160314ns          233701 1c008ca8 001a450b p.lbu            x10, 1(x20!)        x10=00000065 x20=1c000048 x20:1c000047  PA:1c000047
14160632ns          233717 1c008cac fe0515e3 bne              x10, x0, -22        x10:00000065
14160712ns          233721 1c008c96 02500793 addi             x15, x0, 37         x15=00000025
14160732ns          233722 1c008c9a 04f50763 beq              x10, x15, 78        x10:00000065 x15:00000025
14160752ns          233723 1c008c9e 009005b3 add              x11, x0, x9         x11=00000002  x9:00000002
14160772ns          233724 1c008ca0 000c80e7 jalr             x1, x25, 0           x1=1c008ca2 x25:1c008bb6
14160811ns          233726 1c008bb6 000026b7 lui              x13, 0x2000         x13=00002000
14160831ns          233727 1c008bb8 f8068693 addi             x13, x13, -128      x13=00001f80 x13:00002000
14160851ns          233728 1c008bbc f14027f3 csrrs            x15, x0, 0xf14      x15=00000006
14160871ns          233729 1c008bc0 00379713 slli             x14, x15, 0x3       x14=00000030 x15:00000006
14160891ns          233730 1c008bc4 00279793 slli             x15, x15, 0x2       x15=00000018 x15:00000006
14160911ns          233731 1c008bc6 00d7f7b3 and              x15, x15, x13       x15=00000000 x15:00000018 x13:00001f80
14160931ns          233732 1c008bc8 ee873733 p.bclr           x14, x14, 23, 8     x14=00000030 x14:00000030
14160951ns          233733 1c008bcc 1a10f6b7 lui              x13, 0x1a10f000     x13=1a10f000
14160970ns          233734 1c008bd0 00d70733 add              x14, x14, x13       x14=1a10f030 x14:00000030 x13:1a10f000
14160990ns          233735 1c008bd2 00e787b3 add              x15, x15, x14       x15=1a10f030 x15:00000000 x14:1a10f030
14161010ns          233736 1c008bd4 0ff57513 andi             x10, x10, 255       x10=00000065 x10:00000065
14161030ns          233737 1c008bd8 00a7a023 sw               x10, 0(x15)         x10:00000065 x15:1a10f030  PA:1a10f030
14161368ns          233754 1c008bda 00000513 addi             x10, x0, 0          x10=00000000
14161388ns          233755 1c008bdc 00008067 jalr             x0, x1, 0            x1:1c008ca2
14161448ns          233758 1c008ca2 4df52863 p.beqimm         x10, 1232           x10:00000000
14161468ns          233759 1c008ca6 00140413 addi             x8, x8, 1            x8=00000004  x8:00000003
14161488ns          233760 1c008ca8 001a450b p.lbu            x10, 1(x20!)        x10=00000072 x20=1c000049 x20:1c000048  PA:1c000048
14161806ns          233776 1c008cac fe0515e3 bne              x10, x0, -22        x10:00000072
14161885ns          233780 1c008c96 02500793 addi             x15, x0, 37         x15=00000025
14161905ns          233781 1c008c9a 04f50763 beq              x10, x15, 78        x10:00000072 x15:00000025
14161925ns          233782 1c008c9e 009005b3 add              x11, x0, x9         x11=00000002  x9:00000002
14161945ns          233783 1c008ca0 000c80e7 jalr             x1, x25, 0           x1=1c008ca2 x25:1c008bb6
14161985ns          233785 1c008bb6 000026b7 lui              x13, 0x2000         x13=00002000
14162005ns          233786 1c008bb8 f8068693 addi             x13, x13, -128      x13=00001f80 x13:00002000
14162024ns          233787 1c008bbc f14027f3 csrrs            x15, x0, 0xf14      x15=00000006
14162044ns          233788 1c008bc0 00379713 slli             x14, x15, 0x3       x14=00000030 x15:00000006
14162064ns          233789 1c008bc4 00279793 slli             x15, x15, 0x2       x15=00000018 x15:00000006
14162084ns          233790 1c008bc6 00d7f7b3 and              x15, x15, x13       x15=00000000 x15:00000018 x13:00001f80
14162104ns          233791 1c008bc8 ee873733 p.bclr           x14, x14, 23, 8     x14=00000030 x14:00000030
14162124ns          233792 1c008bcc 1a10f6b7 lui              x13, 0x1a10f000     x13=1a10f000
14162144ns          233793 1c008bd0 00d70733 add              x14, x14, x13       x14=1a10f030 x14:00000030 x13:1a10f000
14162164ns          233794 1c008bd2 00e787b3 add              x15, x15, x14       x15=1a10f030 x15:00000000 x14:1a10f030
14162184ns          233795 1c008bd4 0ff57513 andi             x10, x10, 255       x10=00000072 x10:00000072
14162203ns          233796 1c008bd8 00a7a023 sw               x10, 0(x15)         x10:00000072 x15:1a10f030  PA:1a10f030
14162542ns          233813 1c008bda 00000513 addi             x10, x0, 0          x10=00000000
14162561ns          233814 1c008bdc 00008067 jalr             x0, x1, 0            x1:1c008ca2
14162621ns          233817 1c008ca2 4df52863 p.beqimm         x10, 1232           x10:00000000
14162641ns          233818 1c008ca6 00140413 addi             x8, x8, 1            x8=00000005  x8:00000004
14162661ns          233819 1c008ca8 001a450b p.lbu            x10, 1(x20!)        x10=00000065 x20=1c00004a x20:1c000049  PA:1c000049
14162979ns          233835 1c008cac fe0515e3 bne              x10, x0, -22        x10:00000065
14163059ns          233839 1c008c96 02500793 addi             x15, x0, 37         x15=00000025
14163079ns          233840 1c008c9a 04f50763 beq              x10, x15, 78        x10:00000065 x15:00000025
14163098ns          233841 1c008c9e 009005b3 add              x11, x0, x9         x11=00000002  x9:00000002
14163118ns          233842 1c008ca0 000c80e7 jalr             x1, x25, 0           x1=1c008ca2 x25:1c008bb6
14163158ns          233844 1c008bb6 000026b7 lui              x13, 0x2000         x13=00002000
14163178ns          233845 1c008bb8 f8068693 addi             x13, x13, -128      x13=00001f80 x13:00002000
14163198ns          233846 1c008bbc f14027f3 csrrs            x15, x0, 0xf14      x15=00000006
14163218ns          233847 1c008bc0 00379713 slli             x14, x15, 0x3       x14=00000030 x15:00000006
14163238ns          233848 1c008bc4 00279793 slli             x15, x15, 0x2       x15=00000018 x15:00000006
14163258ns          233849 1c008bc6 00d7f7b3 and              x15, x15, x13       x15=00000000 x15:00000018 x13:00001f80
14163277ns          233850 1c008bc8 ee873733 p.bclr           x14, x14, 23, 8     x14=00000030 x14:00000030
14163297ns          233851 1c008bcc 1a10f6b7 lui              x13, 0x1a10f000     x13=1a10f000
14163317ns          233852 1c008bd0 00d70733 add              x14, x14, x13       x14=1a10f030 x14:00000030 x13:1a10f000
14163337ns          233853 1c008bd2 00e787b3 add              x15, x15, x14       x15=1a10f030 x15:00000000 x14:1a10f030
14163357ns          233854 1c008bd4 0ff57513 andi             x10, x10, 255       x10=00000065 x10:00000065
14163377ns          233855 1c008bd8 00a7a023 sw               x10, 0(x15)         x10:00000065 x15:1a10f030  PA:1a10f030
14163695ns          233871 1c008bda 00000513 addi             x10, x0, 0          x10=00000000
14163715ns          233872 1c008bdc 00008067 jalr             x0, x1, 0            x1:1c008ca2
14163775ns          233875 1c008ca2 4df52863 p.beqimm         x10, 1232           x10:00000000
14163795ns          233876 1c008ca6 00140413 addi             x8, x8, 1            x8=00000006  x8:00000005
14163814ns          233877 1c008ca8 001a450b p.lbu            x10, 1(x20!)        x10=00000064 x20=1c00004b x20:1c00004a  PA:1c00004a
14164133ns          233893 1c008cac fe0515e3 bne              x10, x0, -22        x10:00000064
14164212ns          233897 1c008c96 02500793 addi             x15, x0, 37         x15=00000025
14164232ns          233898 1c008c9a 04f50763 beq              x10, x15, 78        x10:00000064 x15:00000025
14164252ns          233899 1c008c9e 009005b3 add              x11, x0, x9         x11=00000002  x9:00000002
14164272ns          233900 1c008ca0 000c80e7 jalr             x1, x25, 0           x1=1c008ca2 x25:1c008bb6
14164312ns          233902 1c008bb6 000026b7 lui              x13, 0x2000         x13=00002000
14164332ns          233903 1c008bb8 f8068693 addi             x13, x13, -128      x13=00001f80 x13:00002000
14164351ns          233904 1c008bbc f14027f3 csrrs            x15, x0, 0xf14      x15=00000006
14164371ns          233905 1c008bc0 00379713 slli             x14, x15, 0x3       x14=00000030 x15:00000006
14164391ns          233906 1c008bc4 00279793 slli             x15, x15, 0x2       x15=00000018 x15:00000006
14164411ns          233907 1c008bc6 00d7f7b3 and              x15, x15, x13       x15=00000000 x15:00000018 x13:00001f80
14164431ns          233908 1c008bc8 ee873733 p.bclr           x14, x14, 23, 8     x14=00000030 x14:00000030
14164451ns          233909 1c008bcc 1a10f6b7 lui              x13, 0x1a10f000     x13=1a10f000
14164471ns          233910 1c008bd0 00d70733 add              x14, x14, x13       x14=1a10f030 x14:00000030 x13:1a10f000
14164491ns          233911 1c008bd2 00e787b3 add              x15, x15, x14       x15=1a10f030 x15:00000000 x14:1a10f030
14164510ns          233912 1c008bd4 0ff57513 andi             x10, x10, 255       x10=00000064 x10:00000064
14164530ns          233913 1c008bd8 00a7a023 sw               x10, 0(x15)         x10:00000064 x15:1a10f030  PA:1a10f030
14164849ns          233929 1c008bda 00000513 addi             x10, x0, 0          x10=00000000
14164868ns          233930 1c008bdc 00008067 jalr             x0, x1, 0            x1:1c008ca2
14164928ns          233933 1c008ca2 4df52863 p.beqimm         x10, 1232           x10:00000000
14164948ns          233934 1c008ca6 00140413 addi             x8, x8, 1            x8=00000007  x8:00000006
14164968ns          233935 1c008ca8 001a450b p.lbu            x10, 1(x20!)        x10=00000020 x20=1c00004c x20:1c00004b  PA:1c00004b
14165306ns          233952 1c008cac fe0515e3 bne              x10, x0, -22        x10:00000020
14165386ns          233956 1c008c96 02500793 addi             x15, x0, 37         x15=00000025
14165405ns          233957 1c008c9a 04f50763 beq              x10, x15, 78        x10:00000020 x15:00000025
14165425ns          233958 1c008c9e 009005b3 add              x11, x0, x9         x11=00000002  x9:00000002
14165445ns          233959 1c008ca0 000c80e7 jalr             x1, x25, 0           x1=1c008ca2 x25:1c008bb6
14165485ns          233961 1c008bb6 000026b7 lui              x13, 0x2000         x13=00002000
14165505ns          233962 1c008bb8 f8068693 addi             x13, x13, -128      x13=00001f80 x13:00002000
14165525ns          233963 1c008bbc f14027f3 csrrs            x15, x0, 0xf14      x15=00000006
14165545ns          233964 1c008bc0 00379713 slli             x14, x15, 0x3       x14=00000030 x15:00000006
14165565ns          233965 1c008bc4 00279793 slli             x15, x15, 0x2       x15=00000018 x15:00000006
14165584ns          233966 1c008bc6 00d7f7b3 and              x15, x15, x13       x15=00000000 x15:00000018 x13:00001f80
14165604ns          233967 1c008bc8 ee873733 p.bclr           x14, x14, 23, 8     x14=00000030 x14:00000030
14165624ns          233968 1c008bcc 1a10f6b7 lui              x13, 0x1a10f000     x13=1a10f000
14165644ns          233969 1c008bd0 00d70733 add              x14, x14, x13       x14=1a10f030 x14:00000030 x13:1a10f000
14165664ns          233970 1c008bd2 00e787b3 add              x15, x15, x14       x15=1a10f030 x15:00000000 x14:1a10f030
14165684ns          233971 1c008bd4 0ff57513 andi             x10, x10, 255       x10=00000020 x10:00000020
14165704ns          233972 1c008bd8 00a7a023 sw               x10, 0(x15)         x10:00000020 x15:1a10f030  PA:1a10f030
14166022ns          233988 1c008bda 00000513 addi             x10, x0, 0          x10=00000000
14166042ns          233989 1c008bdc 00008067 jalr             x0, x1, 0            x1:1c008ca2
14166102ns          233992 1c008ca2 4df52863 p.beqimm         x10, 1232           x10:00000000
14166121ns          233993 1c008ca6 00140413 addi             x8, x8, 1            x8=00000008  x8:00000007
14166141ns          233994 1c008ca8 001a450b p.lbu            x10, 1(x20!)        x10=00000063 x20=1c00004d x20:1c00004c  PA:1c00004c
14166460ns          234010 1c008cac fe0515e3 bne              x10, x0, -22        x10:00000063
14166539ns          234014 1c008c96 02500793 addi             x15, x0, 37         x15=00000025
14166559ns          234015 1c008c9a 04f50763 beq              x10, x15, 78        x10:00000063 x15:00000025
14166579ns          234016 1c008c9e 009005b3 add              x11, x0, x9         x11=00000002  x9:00000002
14166599ns          234017 1c008ca0 000c80e7 jalr             x1, x25, 0           x1=1c008ca2 x25:1c008bb6
14166639ns          234019 1c008bb6 000026b7 lui              x13, 0x2000         x13=00002000
14166658ns          234020 1c008bb8 f8068693 addi             x13, x13, -128      x13=00001f80 x13:00002000
14166678ns          234021 1c008bbc f14027f3 csrrs            x15, x0, 0xf14      x15=00000006
14166698ns          234022 1c008bc0 00379713 slli             x14, x15, 0x3       x14=00000030 x15:00000006
14166718ns          234023 1c008bc4 00279793 slli             x15, x15, 0x2       x15=00000018 x15:00000006
14166738ns          234024 1c008bc6 00d7f7b3 and              x15, x15, x13       x15=00000000 x15:00000018 x13:00001f80
14166758ns          234025 1c008bc8 ee873733 p.bclr           x14, x14, 23, 8     x14=00000030 x14:00000030
14166778ns          234026 1c008bcc 1a10f6b7 lui              x13, 0x1a10f000     x13=1a10f000
14166798ns          234027 1c008bd0 00d70733 add              x14, x14, x13       x14=1a10f030 x14:00000030 x13:1a10f000
14166818ns          234028 1c008bd2 00e787b3 add              x15, x15, x14       x15=1a10f030 x15:00000000 x14:1a10f030
14166837ns          234029 1c008bd4 0ff57513 andi             x10, x10, 255       x10=00000063 x10:00000063
14166857ns          234030 1c008bd8 00a7a023 sw               x10, 0(x15)         x10:00000063 x15:1a10f030  PA:1a10f030
14167195ns          234047 1c008bda 00000513 addi             x10, x0, 0          x10=00000000
14167215ns          234048 1c008bdc 00008067 jalr             x0, x1, 0            x1:1c008ca2
14167275ns          234051 1c008ca2 4df52863 p.beqimm         x10, 1232           x10:00000000
14167295ns          234052 1c008ca6 00140413 addi             x8, x8, 1            x8=00000009  x8:00000008
14167315ns          234053 1c008ca8 001a450b p.lbu            x10, 1(x20!)        x10=0000006f x20=1c00004e x20:1c00004d  PA:1c00004d
14167633ns          234069 1c008cac fe0515e3 bne              x10, x0, -22        x10:0000006f
14167712ns          234073 1c008c96 02500793 addi             x15, x0, 37         x15=00000025
14167732ns          234074 1c008c9a 04f50763 beq              x10, x15, 78        x10:0000006f x15:00000025
14167752ns          234075 1c008c9e 009005b3 add              x11, x0, x9         x11=00000002  x9:00000002
14167772ns          234076 1c008ca0 000c80e7 jalr             x1, x25, 0           x1=1c008ca2 x25:1c008bb6
14167812ns          234078 1c008bb6 000026b7 lui              x13, 0x2000         x13=00002000
14167832ns          234079 1c008bb8 f8068693 addi             x13, x13, -128      x13=00001f80 x13:00002000
14167852ns          234080 1c008bbc f14027f3 csrrs            x15, x0, 0xf14      x15=00000006
14167872ns          234081 1c008bc0 00379713 slli             x14, x15, 0x3       x14=00000030 x15:00000006
14167891ns          234082 1c008bc4 00279793 slli             x15, x15, 0x2       x15=00000018 x15:00000006
14167911ns          234083 1c008bc6 00d7f7b3 and              x15, x15, x13       x15=00000000 x15:00000018 x13:00001f80
14167931ns          234084 1c008bc8 ee873733 p.bclr           x14, x14, 23, 8     x14=00000030 x14:00000030
14167951ns          234085 1c008bcc 1a10f6b7 lui              x13, 0x1a10f000     x13=1a10f000
14167971ns          234086 1c008bd0 00d70733 add              x14, x14, x13       x14=1a10f030 x14:00000030 x13:1a10f000
14167991ns          234087 1c008bd2 00e787b3 add              x15, x15, x14       x15=1a10f030 x15:00000000 x14:1a10f030
14168011ns          234088 1c008bd4 0ff57513 andi             x10, x10, 255       x10=0000006f x10:0000006f
14168031ns          234089 1c008bd8 00a7a023 sw               x10, 0(x15)         x10:0000006f x15:1a10f030  PA:1a10f030
14168349ns          234105 1c008bda 00000513 addi             x10, x0, 0          x10=00000000
14168369ns          234106 1c008bdc 00008067 jalr             x0, x1, 0            x1:1c008ca2
14168428ns          234109 1c008ca2 4df52863 p.beqimm         x10, 1232           x10:00000000
14168448ns          234110 1c008ca6 00140413 addi             x8, x8, 1            x8=0000000a  x8:00000009
14168468ns          234111 1c008ca8 001a450b p.lbu            x10, 1(x20!)        x10=00000072 x20=1c00004f x20:1c00004e  PA:1c00004e
14168786ns          234127 1c008cac fe0515e3 bne              x10, x0, -22        x10:00000072
14168866ns          234131 1c008c96 02500793 addi             x15, x0, 37         x15=00000025
14168886ns          234132 1c008c9a 04f50763 beq              x10, x15, 78        x10:00000072 x15:00000025
14168906ns          234133 1c008c9e 009005b3 add              x11, x0, x9         x11=00000002  x9:00000002
14168926ns          234134 1c008ca0 000c80e7 jalr             x1, x25, 0           x1=1c008ca2 x25:1c008bb6
14168965ns          234136 1c008bb6 000026b7 lui              x13, 0x2000         x13=00002000
14168985ns          234137 1c008bb8 f8068693 addi             x13, x13, -128      x13=00001f80 x13:00002000
14169005ns          234138 1c008bbc f14027f3 csrrs            x15, x0, 0xf14      x15=00000006
14169025ns          234139 1c008bc0 00379713 slli             x14, x15, 0x3       x14=00000030 x15:00000006
14169045ns          234140 1c008bc4 00279793 slli             x15, x15, 0x2       x15=00000018 x15:00000006
14169065ns          234141 1c008bc6 00d7f7b3 and              x15, x15, x13       x15=00000000 x15:00000018 x13:00001f80
14169085ns          234142 1c008bc8 ee873733 p.bclr           x14, x14, 23, 8     x14=00000030 x14:00000030
14169105ns          234143 1c008bcc 1a10f6b7 lui              x13, 0x1a10f000     x13=1a10f000
14169125ns          234144 1c008bd0 00d70733 add              x14, x14, x13       x14=1a10f030 x14:00000030 x13:1a10f000
14169144ns          234145 1c008bd2 00e787b3 add              x15, x15, x14       x15=1a10f030 x15:00000000 x14:1a10f030
14169164ns          234146 1c008bd4 0ff57513 andi             x10, x10, 255       x10=00000072 x10:00000072
14169184ns          234147 1c008bd8 00a7a023 sw               x10, 0(x15)         x10:00000072 x15:1a10f030  PA:1a10f030
14169502ns          234163 1c008bda 00000513 addi             x10, x0, 0          x10=00000000
14169522ns          234164 1c008bdc 00008067 jalr             x0, x1, 0            x1:1c008ca2
14169582ns          234167 1c008ca2 4df52863 p.beqimm         x10, 1232           x10:00000000
14169602ns          234168 1c008ca6 00140413 addi             x8, x8, 1            x8=0000000b  x8:0000000a
14169622ns          234169 1c008ca8 001a450b p.lbu            x10, 1(x20!)        x10=00000065 x20=1c000050 x20:1c00004f  PA:1c00004f
14169940ns          234185 1c008cac fe0515e3 bne              x10, x0, -22        x10:00000065
14170019ns          234189 1c008c96 02500793 addi             x15, x0, 37         x15=00000025
14170039ns          234190 1c008c9a 04f50763 beq              x10, x15, 78        x10:00000065 x15:00000025
14170059ns          234191 1c008c9e 009005b3 add              x11, x0, x9         x11=00000002  x9:00000002
14170079ns          234192 1c008ca0 000c80e7 jalr             x1, x25, 0           x1=1c008ca2 x25:1c008bb6
14170119ns          234194 1c008bb6 000026b7 lui              x13, 0x2000         x13=00002000
14170139ns          234195 1c008bb8 f8068693 addi             x13, x13, -128      x13=00001f80 x13:00002000
14170159ns          234196 1c008bbc f14027f3 csrrs            x15, x0, 0xf14      x15=00000006
14170179ns          234197 1c008bc0 00379713 slli             x14, x15, 0x3       x14=00000030 x15:00000006
14170198ns          234198 1c008bc4 00279793 slli             x15, x15, 0x2       x15=00000018 x15:00000006
14170218ns          234199 1c008bc6 00d7f7b3 and              x15, x15, x13       x15=00000000 x15:00000018 x13:00001f80
14170238ns          234200 1c008bc8 ee873733 p.bclr           x14, x14, 23, 8     x14=00000030 x14:00000030
14170258ns          234201 1c008bcc 1a10f6b7 lui              x13, 0x1a10f000     x13=1a10f000
14170278ns          234202 1c008bd0 00d70733 add              x14, x14, x13       x14=1a10f030 x14:00000030 x13:1a10f000
14170298ns          234203 1c008bd2 00e787b3 add              x15, x15, x14       x15=1a10f030 x15:00000000 x14:1a10f030
14170318ns          234204 1c008bd4 0ff57513 andi             x10, x10, 255       x10=00000065 x10:00000065
14170338ns          234205 1c008bd8 00a7a023 sw               x10, 0(x15)         x10:00000065 x15:1a10f030  PA:1a10f030
14170656ns          234221 1c008bda 00000513 addi             x10, x0, 0          x10=00000000
14170676ns          234222 1c008bdc 00008067 jalr             x0, x1, 0            x1:1c008ca2
14170735ns          234225 1c008ca2 4df52863 p.beqimm         x10, 1232           x10:00000000
14170755ns          234226 1c008ca6 00140413 addi             x8, x8, 1            x8=0000000c  x8:0000000b
14170775ns          234227 1c008ca8 001a450b p.lbu            x10, 1(x20!)        x10=00000020 x20=1c000051 x20:1c000050  PA:1c000050
14171093ns          234243 1c008cac fe0515e3 bne              x10, x0, -22        x10:00000020
14171173ns          234247 1c008c96 02500793 addi             x15, x0, 37         x15=00000025
14171193ns          234248 1c008c9a 04f50763 beq              x10, x15, 78        x10:00000020 x15:00000025
14171213ns          234249 1c008c9e 009005b3 add              x11, x0, x9         x11=00000002  x9:00000002
14171233ns          234250 1c008ca0 000c80e7 jalr             x1, x25, 0           x1=1c008ca2 x25:1c008bb6
14171272ns          234252 1c008bb6 000026b7 lui              x13, 0x2000         x13=00002000
14171292ns          234253 1c008bb8 f8068693 addi             x13, x13, -128      x13=00001f80 x13:00002000
14171312ns          234254 1c008bbc f14027f3 csrrs            x15, x0, 0xf14      x15=00000006
14171332ns          234255 1c008bc0 00379713 slli             x14, x15, 0x3       x14=00000030 x15:00000006
14171352ns          234256 1c008bc4 00279793 slli             x15, x15, 0x2       x15=00000018 x15:00000006
14171372ns          234257 1c008bc6 00d7f7b3 and              x15, x15, x13       x15=00000000 x15:00000018 x13:00001f80
14171392ns          234258 1c008bc8 ee873733 p.bclr           x14, x14, 23, 8     x14=00000030 x14:00000030
14171412ns          234259 1c008bcc 1a10f6b7 lui              x13, 0x1a10f000     x13=1a10f000
14171432ns          234260 1c008bd0 00d70733 add              x14, x14, x13       x14=1a10f030 x14:00000030 x13:1a10f000
14171451ns          234261 1c008bd2 00e787b3 add              x15, x15, x14       x15=1a10f030 x15:00000000 x14:1a10f030
14171471ns          234262 1c008bd4 0ff57513 andi             x10, x10, 255       x10=00000020 x10:00000020
14171491ns          234263 1c008bd8 00a7a023 sw               x10, 0(x15)         x10:00000020 x15:1a10f030  PA:1a10f030
14171869ns          234282 1c008bda 00000513 addi             x10, x0, 0          x10=00000000
14171889ns          234283 1c008bdc 00008067 jalr             x0, x1, 0            x1:1c008ca2
14171949ns          234286 1c008ca2 4df52863 p.beqimm         x10, 1232           x10:00000000
14171968ns          234287 1c008ca6 00140413 addi             x8, x8, 1            x8=0000000d  x8:0000000c
14171988ns          234288 1c008ca8 001a450b p.lbu            x10, 1(x20!)        x10=00000020 x20=1c000052 x20:1c000051  PA:1c000051
14172307ns          234304 1c008cac fe0515e3 bne              x10, x0, -22        x10:00000020
14172386ns          234308 1c008c96 02500793 addi             x15, x0, 37         x15=00000025
14172406ns          234309 1c008c9a 04f50763 beq              x10, x15, 78        x10:00000020 x15:00000025
14172426ns          234310 1c008c9e 009005b3 add              x11, x0, x9         x11=00000002  x9:00000002
14172446ns          234311 1c008ca0 000c80e7 jalr             x1, x25, 0           x1=1c008ca2 x25:1c008bb6
14172486ns          234313 1c008bb6 000026b7 lui              x13, 0x2000         x13=00002000
14172505ns          234314 1c008bb8 f8068693 addi             x13, x13, -128      x13=00001f80 x13:00002000
14172525ns          234315 1c008bbc f14027f3 csrrs            x15, x0, 0xf14      x15=00000006
14172545ns          234316 1c008bc0 00379713 slli             x14, x15, 0x3       x14=00000030 x15:00000006
14172565ns          234317 1c008bc4 00279793 slli             x15, x15, 0x2       x15=00000018 x15:00000006
14172585ns          234318 1c008bc6 00d7f7b3 and              x15, x15, x13       x15=00000000 x15:00000018 x13:00001f80
14172605ns          234319 1c008bc8 ee873733 p.bclr           x14, x14, 23, 8     x14=00000030 x14:00000030
14172625ns          234320 1c008bcc 1a10f6b7 lui              x13, 0x1a10f000     x13=1a10f000
14172645ns          234321 1c008bd0 00d70733 add              x14, x14, x13       x14=1a10f030 x14:00000030 x13:1a10f000
14172665ns          234322 1c008bd2 00e787b3 add              x15, x15, x14       x15=1a10f030 x15:00000000 x14:1a10f030
14172684ns          234323 1c008bd4 0ff57513 andi             x10, x10, 255       x10=00000020 x10:00000020
14172704ns          234324 1c008bd8 00a7a023 sw               x10, 0(x15)         x10:00000020 x15:1a10f030  PA:1a10f030
14173023ns          234340 1c008bda 00000513 addi             x10, x0, 0          x10=00000000
14173042ns          234341 1c008bdc 00008067 jalr             x0, x1, 0            x1:1c008ca2
14173102ns          234344 1c008ca2 4df52863 p.beqimm         x10, 1232           x10:00000000
14173122ns          234345 1c008ca6 00140413 addi             x8, x8, 1            x8=0000000e  x8:0000000d
14173142ns          234346 1c008ca8 001a450b p.lbu            x10, 1(x20!)        x10=00000025 x20=1c000053 x20:1c000052  PA:1c000052
14173460ns          234362 1c008cac fe0515e3 bne              x10, x0, -22        x10:00000025
14173540ns          234366 1c008c96 02500793 addi             x15, x0, 37         x15=00000025
14173560ns          234367 1c008c9a 04f50763 beq              x10, x15, 78        x10:00000025 x15:00000025
14173659ns          234372 1c008ce8 01400c33 add              x24, x0, x20        x24=1c000053 x20:1c000053
14173699ns          234374 1c008cea 000c4a03 lbu              x20, 0(x24)         x20=00000064 x24:1c000053  PA:1c000053
14174017ns          234390 1c008cee 0b4d0513 addi             x10, x26, 180       x10=1c0000b4 x26:1c000000
14174037ns          234391 1c008cf2 00912e23 sw               x9, 28(x2)           x9:00000002  x2:10003618  PA:10003634
14174057ns          234392 1c008cf4 014005b3 add              x11, x0, x20        x11=00000064 x20:00000064
14174077ns          234393 1c008cf6 00012823 sw               x0, 16(x2)           x2:10003618  PA:10003628
14174097ns          234394 1c008cf8 00012a23 sw               x0, 20(x2)           x2:10003618  PA:1000362c
14174116ns          234395 1c008cfa 00012623 sw               x0, 12(x2)           x2:10003618  PA:10003624
14174136ns          234396 1c008cfc 001c0493 addi             x9, x24, 1           x9=1c000054 x24:1c000053
14174156ns          234397 1c008d00 e41ff0ef jal              x1, -448             x1=1c008d02
14174236ns          234401 1c008b40 00054703 lbu              x14, 0(x10)         x14=0000002d x10:1c0000b4  PA:1c0000b4
14174574ns          234418 1c008b44 0ff5f593 andi             x11, x11, 255       x11=00000064 x11:00000064
14174594ns          234419 1c008b48 00a007b3 add              x15, x0, x10        x15=1c0000b4 x10:1c0000b4
14174614ns          234420 1c008b4a 00b70863 beq              x14, x11, 16        x14:0000002d x11:00000064
14174633ns          234421 1c008b4e 00070863 beq              x14, x0, 16         x14:0000002d
14174653ns          234422 1c008b50 0017c703 lbu              x14, 1(x15)         x14=0000002b x15:1c0000b4  PA:1c0000b5
14174952ns          234437 1c008b54 00178793 addi             x15, x15, 1         x15=1c0000b5 x15:1c0000b4
14174972ns          234438 1c008b56 feb71ce3 bne              x14, x11, -8        x14:0000002b x11:00000064
14175031ns          234441 1c008b4e 00070863 beq              x14, x0, 16         x14:0000002b
14175051ns          234442 1c008b50 0017c703 lbu              x14, 1(x15)         x14=00000020 x15:1c0000b5  PA:1c0000b6
14175349ns          234457 1c008b54 00178793 addi             x15, x15, 1         x15=1c0000b6 x15:1c0000b5
14175369ns          234458 1c008b56 feb71ce3 bne              x14, x11, -8        x14:00000020 x11:00000064
14175429ns          234461 1c008b4e 00070863 beq              x14, x0, 16         x14:00000020
14175449ns          234462 1c008b50 0017c703 lbu              x14, 1(x15)         x14=00000023 x15:1c0000b6  PA:1c0000b7
14175767ns          234478 1c008b54 00178793 addi             x15, x15, 1         x15=1c0000b7 x15:1c0000b6
14175787ns          234479 1c008b56 feb71ce3 bne              x14, x11, -8        x14:00000023 x11:00000064
14175847ns          234482 1c008b4e 00070863 beq              x14, x0, 16         x14:00000023
14175867ns          234483 1c008b50 0017c703 lbu              x14, 1(x15)         x14=00000030 x15:1c0000b7  PA:1c0000b8
14176165ns          234498 1c008b54 00178793 addi             x15, x15, 1         x15=1c0000b8 x15:1c0000b7
14176185ns          234499 1c008b56 feb71ce3 bne              x14, x11, -8        x14:00000030 x11:00000064
14176244ns          234502 1c008b4e 00070863 beq              x14, x0, 16         x14:00000030
14176264ns          234503 1c008b50 0017c703 lbu              x14, 1(x15)         x14=00000000 x15:1c0000b8  PA:1c0000b9
14176563ns          234518 1c008b54 00178793 addi             x15, x15, 1         x15=1c0000b9 x15:1c0000b8
14176583ns          234519 1c008b56 feb71ce3 bne              x14, x11, -8        x14:00000000 x11:00000064
14176642ns          234522 1c008b4e 00070863 beq              x14, x0, 16         x14:00000000
14176702ns          234525 1c008b5e 00000513 addi             x10, x0, 0          x10=00000000
14176722ns          234526 1c008b60 fe058de3 beq              x11, x0, -6         x11:00000064
14176742ns          234527 1c008b62 00008067 jalr             x0, x1, 0            x1:1c008d02
14176801ns          234530 1c008d02 02000913 addi             x18, x0, 32         x18=00000020
14176821ns          234531 1c008d06 00000993 addi             x19, x0, 0          x19=00000000
14176841ns          234532 1c008d08 02b00a93 addi             x21, x0, 43         x21=0000002b
14176861ns          234533 1c008d0c 02d00b93 addi             x23, x0, 45         x23=0000002d
14177040ns          234542 1c008d10 03000b13 addi             x22, x0, 48         x22=00000030
14177080ns          234544 1c008d14 00900633 add              x12, x0, x9         x12=1c000054  x9:1c000054
14177100ns          234545 1c008d16 02050963 beq              x10, x0, 50         x10:00000000
14177259ns          234553 1c008d48 03312623 sw               x19, 44(x2)         x19:00000000  x2:10003618  PA:10003644
14177298ns          234555 1c008d4a 02a00693 addi             x13, x0, 42         x13=0000002a
14177318ns          234556 1c008d4e 014009b3 add              x19, x0, x20        x19=00000064 x20:00000064
14177358ns          234558 1c008d50 01800a33 add              x20, x0, x24        x20=1c000053 x24:1c000053
14177378ns          234559 1c008d52 00900c33 add              x24, x0, x9         x24=1c000054  x9:1c000054
14177398ns          234560 1c008d54 01c12483 lw               x9, 28(x2)           x9=00000002  x2:10003618  PA:10003634
14177418ns          234561 1c008d56 42d98063 beq              x19, x13, 1056      x19:00000064 x13:0000002a
14177438ns          234562 1c008d5a fd098693 addi             x13, x19, -48       x13=00000034 x19:00000064
14177458ns          234563 1c008d5e 00900513 addi             x10, x0, 9          x10=00000009
14177497ns          234565 1c008d60 00000a93 addi             x21, x0, 0          x21=00000000
14177537ns          234567 1c008d62 3cd57f63 bgeu             x10, x13, 990       x10:00000009 x13:00000034
14177557ns          234568 1c008d66 02e00793 addi             x15, x0, 46         x15=0000002e
14177577ns          234569 1c008d6a fff00b13 addi             x22, x0, -1         x22=ffffffff
14177597ns          234570 1c008d6c 04f981e3 beq              x19, x15, 2114      x19:00000064 x15:0000002e
14177637ns          234572 1c008d70 1c0007b7 lui              x15, 0x1c000000     x15=1c000000
14177676ns          234574 1c008d74 013005b3 add              x11, x0, x19        x11=00000064 x19:00000064
14177696ns          234575 1c008d76 0bc78513 addi             x10, x15, 188       x10=1c0000bc x15:1c000000
14177716ns          234576 1c008d7a 00c12e23 sw               x12, 28(x2)         x12:1c000054  x2:10003618  PA:10003634
14177756ns          234578 1c008d7c dc5ff0ef jal              x1, -572             x1=1c008d7e
14177855ns          234583 1c008b40 00054703 lbu              x14, 0(x10)         x14=00000068 x10:1c0000bc  PA:1c0000bc
14178174ns          234599 1c008b44 0ff5f593 andi             x11, x11, 255       x11=00000064 x11:00000064
14178193ns          234600 1c008b48 00a007b3 add              x15, x0, x10        x15=1c0000bc x10:1c0000bc
14178213ns          234601 1c008b4a 00b70863 beq              x14, x11, 16        x14:00000068 x11:00000064
14178233ns          234602 1c008b4e 00070863 beq              x14, x0, 16         x14:00000068
14178253ns          234603 1c008b50 0017c703 lbu              x14, 1(x15)         x14=0000006c x15:1c0000bc  PA:1c0000bd
14178651ns          234623 1c008b54 00178793 addi             x15, x15, 1         x15=1c0000bd x15:1c0000bc
14178671ns          234624 1c008b56 feb71ce3 bne              x14, x11, -8        x14:0000006c x11:00000064
14178730ns          234627 1c008b4e 00070863 beq              x14, x0, 16         x14:0000006c
14178750ns          234628 1c008b50 0017c703 lbu              x14, 1(x15)         x14=0000004c x15:1c0000bd  PA:1c0000be
14179049ns          234643 1c008b54 00178793 addi             x15, x15, 1         x15=1c0000be x15:1c0000bd
14179069ns          234644 1c008b56 feb71ce3 bne              x14, x11, -8        x14:0000004c x11:00000064
14179128ns          234647 1c008b4e 00070863 beq              x14, x0, 16         x14:0000004c
14179148ns          234648 1c008b50 0017c703 lbu              x14, 1(x15)         x14=0000007a x15:1c0000be  PA:1c0000bf
14179446ns          234663 1c008b54 00178793 addi             x15, x15, 1         x15=1c0000bf x15:1c0000be
14179466ns          234664 1c008b56 feb71ce3 bne              x14, x11, -8        x14:0000007a x11:00000064
14179526ns          234667 1c008b4e 00070863 beq              x14, x0, 16         x14:0000007a
14179546ns          234668 1c008b50 0017c703 lbu              x14, 1(x15)         x14=00000000 x15:1c0000bf  PA:1c0000c0
14179844ns          234683 1c008b54 00178793 addi             x15, x15, 1         x15=1c0000c0 x15:1c0000bf
14179864ns          234684 1c008b56 feb71ce3 bne              x14, x11, -8        x14:00000000 x11:00000064
14179924ns          234687 1c008b4e 00070863 beq              x14, x0, 16         x14:00000000
14179983ns          234690 1c008b5e 00000513 addi             x10, x0, 0          x10=00000000
14180003ns          234691 1c008b60 fe058de3 beq              x11, x0, -6         x11:00000064
14180023ns          234692 1c008b62 00008067 jalr             x0, x1, 0            x1:1c008d7e
14180063ns          234694 1c008d7e 01c12603 lw               x12, 28(x2)         x12=1c000054  x2:10003618  PA:10003634
14180103ns          234696 1c008d80 00c00a33 add              x20, x0, x12        x20=1c000054 x12:1c000054
14180123ns          234697 1c008d82 00050563 beq              x10, x0, 10         x10:00000000
14180242ns          234703 1c008d8c 06900793 addi             x15, x0, 105        x15=00000069
14180262ns          234704 1c008d90 1cf98be3 beq              x19, x15, 2518      x19:00000064 x15:00000069
14180282ns          234705 1c008d94 4b37ce63 blt              x15, x19, 1212      x15:00000069 x19:00000064
14180302ns          234706 1c008d98 05800793 addi             x15, x0, 88         x15=00000058
14180321ns          234707 1c008d9c 4cf98863 beq              x19, x15, 1232      x19:00000064 x15:00000058
14180699ns          234726 1c008da0 3f37cd63 blt              x15, x19, 1018      x15:00000058 x19:00000064
14180839ns          234733 1c00919a 06400793 addi             x15, x0, 100        x15=00000064
14180898ns          234736 1c00919e 5cf98463 beq              x19, x15, 1480      x19:00000064 x15:00000064
14180998ns          234741 1c009766 01812b83 lw               x23, 24(x2)         x23=1000377c  x2:10003618  PA:10003630
14181037ns          234743 1c009768 004ba60b p.lw             x12, 4(x23!)        x12=00000006 x23=10003780 x23:1000377c  PA:1000377c
14181077ns          234745 1c00976c 48064963 blt              x12, x0, 1170       x12:00000006
14181117ns          234747 1c009770 01412783 lw               x15, 20(x2)         x15=00000000  x2:10003618  PA:1000362c
14181137ns          234748 1c009772 00c00733 add              x14, x0, x12        x14=00000006 x12:00000006
14181157ns          234749 1c009774 56078863 beq              x15, x0, 1392       x15:00000000
14181256ns          234754 1c009ce4 01012783 lw               x15, 16(x2)         x15=00000000  x2:10003618  PA:10003628
14181276ns          234755 1c009ce6 01b00533 add              x10, x0, x27        x10=1000364c x27:1000364c
14181296ns          234756 1c009ce8 a8078ee3 beq              x15, x0, -1380      x15:00000000
14181853ns          234784 1c009784 00a007b3 add              x15, x0, x10        x15=1000364c x10:1000364c
14181873ns          234785 1c009786 00a00593 addi             x11, x0, 10         x11=0000000a
14181893ns          234786 1c009788 00900313 addi             x6, x0, 9            x6=00000009
14181912ns          234787 1c00978a 02b776b3 remu             x13, x14, x11       x13=00000006 x14:00000006 x11:0000000a
14182529ns          234818 1c00978e 00e00833 add              x16, x0, x14        x16=00000006 x14:00000006
14182549ns          234819 1c009790 00f008b3 add              x17, x0, x15        x17=1000364c x15:1000364c
14182569ns          234820 1c009792 03068693 addi             x13, x13, 48        x13=00000036 x13:00000006
14182589ns          234821 1c009796 00d780ab p.sb             x13, 1(x15!)        x15=1000364d x13:00000036 x15:1000364c  PA:1000364c
14182609ns          234822 1c00979a 02b75733 divu             x14, x14, x11       x14=00000000 x14:00000006 x11:0000000a
14183245ns          234854 1c00979e ff0366e3 bltu             x6, x16, -20         x6:00000009 x16:00000006
14183265ns          234855 1c0097a2 40a78733 sub              x14, x15, x10       x14=00000001 x15:1000364d x10:1000364c
14183285ns          234856 1c0097a6 01675c63 bge              x14, x22, 24        x14:00000001 x22:ffffffff
14184220ns          234903 1c0097be 00078023 sb               x0, 0(x15)          x15:1000364d  PA:1000364d
14184259ns          234905 1c0097c2 0b157563 bgeu             x10, x17, 170       x10:1000364c x17:1000364c
14184359ns          234910 1c00986c 01412703 lw               x14, 20(x2)         x14=00000000  x2:10003618  PA:1000362c
14184379ns          234911 1c00986e 01012683 lw               x13, 16(x2)         x13=00000000  x2:10003618  PA:10003628
14184776ns          234931 1c009870 41b787b3 sub              x15, x15, x27       x15=00000001 x15:1000364d x27:1000364c
14184816ns          234933 1c009874 00d76733 or               x14, x14, x13       x14=00000000 x14:00000000 x13:00000000
14184836ns          234934 1c009876 02e12623 sw               x14, 44(x2)         x14:00000000  x2:10003618  PA:10003644
14184876ns          234936 1c009878 b0071be3 bne              x14, x0, -1258      x14:00000000
14184896ns          234937 1c00987c 01f65713 srli             x14, x12, 0x1f      x14=00000000 x12:00000006
14185353ns          234960 1c009880 02e12623 sw               x14, 44(x2)         x14:00000000  x2:10003618  PA:10003644
14185373ns          234961 1c009882 b0dff06f jal              x0, -1268          
14185532ns          234969 1c00938e ebfb2be3 p.beqimm         x22, -330           x22:ffffffff
14185990ns          234992 1c009244 0c800713 addi             x14, x0, 200        x14=000000c8
14186029ns          234994 1c009248 14f75b63 bge              x14, x15, 342       x14:000000c8 x15:00000001
14186208ns          235003 1c00939e 00178613 addi             x12, x15, 1         x12=00000002 x15:00000001
14186248ns          235005 1c0093a2 0557c863 blt              x15, x21, 80        x15:00000001 x21:00000000
14186268ns          235006 1c0093a6 01712c23 sw               x23, 24(x2)         x23:10003780  x2:10003618  PA:10003630
14186288ns          235007 1c0093a8 00f00ab3 add              x21, x0, x15        x21=00000001 x15:00000001
14186308ns          235008 1c0093aa 8e0a8fe3 beq              x21, x0, -1794      x21:00000001
14186328ns          235009 1c0093ae 01b00933 add              x18, x0, x27        x18=1000364c x27:1000364c
14186348ns          235010 1c0093b0 41b409b3 sub              x19, x8, x27        x19=efffc9c2  x8:0000000e x27:1000364c
14186387ns          235012 1c0093b4 01ba8ab3 add              x21, x21, x27       x21=1000364d x21:00000001 x27:1000364c
14186407ns          235013 1c0093b6 00a0006f jal              x0, 10             
14186487ns          235017 1c0093c0 0019450b p.lbu            x10, 1(x18!)        x10=00000036 x18=1000364d x18:1000364c  PA:1000364c
14186527ns          235019 1c0093c4 009005b3 add              x11, x0, x9         x11=00000002  x9:00000002
14186546ns          235020 1c0093c6 000c80e7 jalr             x1, x25, 0           x1=1c0093c8 x25:1c008bb6
14186586ns          235022 1c008bb6 000026b7 lui              x13, 0x2000         x13=00002000
14186606ns          235023 1c008bb8 f8068693 addi             x13, x13, -128      x13=00001f80 x13:00002000
14186626ns          235024 1c008bbc f14027f3 csrrs            x15, x0, 0xf14      x15=00000006
14187063ns          235046 1c008bc0 00379713 slli             x14, x15, 0x3       x14=00000030 x15:00000006
14187103ns          235048 1c008bc4 00279793 slli             x15, x15, 0x2       x15=00000018 x15:00000006
14187123ns          235049 1c008bc6 00d7f7b3 and              x15, x15, x13       x15=00000000 x15:00000018 x13:00001f80
14187143ns          235050 1c008bc8 ee873733 p.bclr           x14, x14, 23, 8     x14=00000030 x14:00000030
14187163ns          235051 1c008bcc 1a10f6b7 lui              x13, 0x1a10f000     x13=1a10f000
14187203ns          235053 1c008bd0 00d70733 add              x14, x14, x13       x14=1a10f030 x14:00000030 x13:1a10f000
14187223ns          235054 1c008bd2 00e787b3 add              x15, x15, x14       x15=1a10f030 x15:00000000 x14:1a10f030
14187242ns          235055 1c008bd4 0ff57513 andi             x10, x10, 255       x10=00000036 x10:00000036
14187262ns          235056 1c008bd8 00a7a023 sw               x10, 0(x15)         x10:00000036 x15:1a10f030  PA:1a10f030
14187919ns          235089 1c008bda 00000513 addi             x10, x0, 0          x10=00000000
14187939ns          235090 1c008bdc 00008067 jalr             x0, x1, 0            x1:1c0093c8
14187978ns          235092 1c0093c8 fff538e3 p.bneimm         x10, -16            x10:00000000
14188137ns          235100 1c0093b8 01298433 add              x8, x19, x18         x8=0000000f x19:efffc9c2 x18:1000364d
14188157ns          235101 1c0093bc 8f2a86e3 beq              x21, x18, -1812     x21:1000364d x18:1000364d
14188257ns          235106 1c008ca8 001a450b p.lbu            x10, 1(x20!)        x10=0000000a x20=1c000055 x20:1c000054  PA:1c000054
14188575ns          235122 1c008cac fe0515e3 bne              x10, x0, -22        x10:0000000a
14188655ns          235126 1c008c96 02500793 addi             x15, x0, 37         x15=00000025
14188674ns          235127 1c008c9a 04f50763 beq              x10, x15, 78        x10:0000000a x15:00000025
14188694ns          235128 1c008c9e 009005b3 add              x11, x0, x9         x11=00000002  x9:00000002
14188714ns          235129 1c008ca0 000c80e7 jalr             x1, x25, 0           x1=1c008ca2 x25:1c008bb6
14188794ns          235133 1c008bb6 000026b7 lui              x13, 0x2000         x13=00002000
14188834ns          235135 1c008bb8 f8068693 addi             x13, x13, -128      x13=00001f80 x13:00002000
14188853ns          235136 1c008bbc f14027f3 csrrs            x15, x0, 0xf14      x15=00000006
14188873ns          235137 1c008bc0 00379713 slli             x14, x15, 0x3       x14=00000030 x15:00000006
14188893ns          235138 1c008bc4 00279793 slli             x15, x15, 0x2       x15=00000018 x15:00000006
14188913ns          235139 1c008bc6 00d7f7b3 and              x15, x15, x13       x15=00000000 x15:00000018 x13:00001f80
14188933ns          235140 1c008bc8 ee873733 p.bclr           x14, x14, 23, 8     x14=00000030 x14:00000030
14188953ns          235141 1c008bcc 1a10f6b7 lui              x13, 0x1a10f000     x13=1a10f000
14188973ns          235142 1c008bd0 00d70733 add              x14, x14, x13       x14=1a10f030 x14:00000030 x13:1a10f000
14188993ns          235143 1c008bd2 00e787b3 add              x15, x15, x14       x15=1a10f030 x15:00000000 x14:1a10f030
14189013ns          235144 1c008bd4 0ff57513 andi             x10, x10, 255       x10=0000000a x10:0000000a
14189032ns          235145 1c008bd8 00a7a023 sw               x10, 0(x15)         x10:0000000a x15:1a10f030  PA:1a10f030
14189669ns          235177 1c008bda 00000513 addi             x10, x0, 0          x10=00000000
14189689ns          235178 1c008bdc 00008067 jalr             x0, x1, 0            x1:1c008ca2
14189748ns          235181 1c008ca2 4df52863 p.beqimm         x10, 1232           x10:00000000
14189768ns          235182 1c008ca6 00140413 addi             x8, x8, 1            x8=00000010  x8:0000000f
14189788ns          235183 1c008ca8 001a450b p.lbu            x10, 1(x20!)        x10=00000000 x20=1c000056 x20:1c000055  PA:1c000055
14190186ns          235203 1c008cac fe0515e3 bne              x10, x0, -22        x10:00000000
14190206ns          235204 1c008cae 13c12083 lw               x1, 316(x2)          x1=1c008c22  x2:10003618  PA:10003754
14190226ns          235205 1c008cb2 00800533 add              x10, x0, x8         x10=00000010  x8:00000010
14190246ns          235206 1c008cb4 13812403 lw               x8, 312(x2)          x8=00000067  x2:10003618  PA:10003750
14190265ns          235207 1c008cb8 13412483 lw               x9, 308(x2)          x9=00000060  x2:10003618  PA:1000374c
14190285ns          235208 1c008cbc 13012903 lw               x18, 304(x2)        x18=00000006  x2:10003618  PA:10003748
14190325ns          235210 1c008cc0 12c12983 lw               x19, 300(x2)        x19=1c000dd0  x2:10003618  PA:10003744
14190365ns          235212 1c008cc4 12812a03 lw               x20, 296(x2)        x20=10201300  x2:10003618  PA:10003740
14190385ns          235213 1c008cc8 12412a83 lw               x21, 292(x2)        x21=1c000a80  x2:10003618  PA:1000373c
14190405ns          235214 1c008ccc 12012b03 lw               x22, 288(x2)        x22=1c000a7c  x2:10003618  PA:10003738
14190464ns          235217 1c008cd0 11c12b83 lw               x23, 284(x2)        x23=000005ed  x2:10003618  PA:10003734
14190504ns          235219 1c008cd4 11812c03 lw               x24, 280(x2)        x24=00000039  x2:10003618  PA:10003730
14190524ns          235220 1c008cd8 11412c83 lw               x25, 276(x2)        x25=1c000a78  x2:10003618  PA:1000372c
14190544ns          235221 1c008cdc 11012d03 lw               x26, 272(x2)        x26=0b8a0000  x2:10003618  PA:10003728
14190604ns          235224 1c008ce0 10c12d83 lw               x27, 268(x2)        x27=02440471  x2:10003618  PA:10003724
14190643ns          235226 1c008ce4 14010113 addi             x2, x2, 320          x2=10003758  x2:10003618
14190663ns          235227 1c008ce6 00008067 jalr             x0, x1, 0            x1:1c008c22
14190743ns          235231 1c008c22 01c12083 lw               x1, 28(x2)           x1=1c008524  x2:10003758  PA:10003774
14190783ns          235233 1c008c24 04010113 addi             x2, x2, 64           x2=10003798  x2:10003758
14190802ns          235234 1c008c26 00008067 jalr             x0, x1, 0            x1:1c008524
14190902ns          235239 1c008524 0009a703 lw               x14, 0(x19)         x14=10004100 x19:1c000dd0  PA:1c000dd0
14191459ns          235267 1c008528 00412683 lw               x13, 4(x2)          x13=000000c0  x2:10003798  PA:1000379c
14191479ns          235268 1c00852a 040a0793 addi             x15, x20, 64        x15=10201340 x20:10201300
14191499ns          235269 1c00852e 00d70733 add              x14, x14, x13       x14=100041c0 x14:10004100 x13:000000c0
14191518ns          235270 1c008530 00e7a023 sw               x14, 0(x15)         x14:100041c0 x15:10201340  PA:10201340
14191638ns          235276 1c008534 00200713 addi             x14, x0, 2          x14=00000002
14191658ns          235277 1c008536 00e7a223 sw               x14, 4(x15)         x14:00000002 x15:10201340  PA:10201344
14191757ns          235282 1c00853a 00e7a423 sw               x14, 8(x15)         x14:00000002 x15:10201340  PA:10201348
14191976ns          235293 1c00853e 10000713 addi             x14, x0, 256        x14=00000100
14192016ns          235295 1c008542 00e7a623 sw               x14, 12(x15)        x14:00000100 x15:10201340  PA:1020134c
14192155ns          235302 1c008546 000a2023 sw               x0, 0(x20)          x20:10201300  PA:10201300
14192254ns          235307 1c00854a 00001737 lui              x14, 0x1000         x14=00001000
14192274ns          235308 1c00854c 002047b7 lui              x15, 0x204000       x15=00204000
14192513ns          235320 1c008550 00e7a423 sw               x14, 8(x15)         x14:00001000 x15:00204000  PA:00204008
14192553ns          235322 1c008552 03c7e683 p.elw            x13, 60(x15)        x13=00001000 x15:00204000  PA:0020403c
14193209ns          235355 1c008556 00e7a223 sw               x14, 4(x15)         x14:00001000 x15:00204000  PA:00204004
14193229ns          235356 1c008558 00ca0793 addi             x15, x20, 12        x15=1020130c x20:10201300
14193249ns          235357 1c00855c 0007aa03 lw               x20, 0(x15)         x20=00000000 x15:1020130c  PA:1020130c
14193348ns          235362 1c008560 fe0a1ee3 bne              x20, x0, -4         x20:00000000
14193368ns          235363 1c008564 429010ef jal              x1, 7208             x1=1c008568
14193726ns          235381 1c00a18c f14027f3 csrrs            x15, x0, 0xf14      x15=00000006
14193806ns          235385 1c00a190 01f00713 addi             x14, x0, 31         x14=0000001f
14193845ns          235387 1c00a192 ca5797b3 p.extractu       x15, x15, 5, 5      x15=00000000 x15:00000006
14193865ns          235388 1c00a196 00e78863 beq              x15, x14, 16        x15:00000000 x14:0000001f
14193885ns          235389 1c00a19a 002047b7 lui              x15, 0x204000       x15=00204000
14194382ns          235414 1c00a19e 20078793 addi             x15, x15, 512       x15=00204200 x15:00204000
14194422ns          235416 1c00a1a2 01c7e703 p.elw            x14, 28(x15)        x14=00010000 x15:00204200  PA:0020421c
14194561ns          235423 1c00a1a6 00008067 jalr             x0, x1, 0            x1:1c008568
14194601ns          235425 1c008568 002007b7 lui              x15, 0x200000       x15=00200000
14194621ns          235426 1c00856c 0187a703 lw               x14, 24(x15)        x14=00000908 x15:00200000  PA:00200018
14194740ns          235432 1c00856e 00412603 lw               x12, 4(x2)          x12=000000c0  x2:10003798  PA:1000379c
14194760ns          235433 1c008570 01c12883 lw               x17, 28(x2)         x17=0000019c  x2:10003798  PA:100037b4
14194780ns          235434 1c008572 c0b73733 p.bclr           x14, x14, 0, 11     x14=00000108 x14:00000908
14194800ns          235435 1c008576 00e7ac23 sw               x14, 24(x15)        x14:00000108 x15:00200000  PA:00200018
14194899ns          235440 1c008578 0187a683 lw               x13, 24(x15)        x13=00000108 x15:00200000  PA:00200018
14195058ns          235448 1c00857a 1c001737 lui              x14, 0x1c001000     x14=1c001000
14195078ns          235449 1c00857e 01748493 addi             x9, x9, 23           x9=00000077  x9:00000060
14195337ns          235462 1c008580 c086b6b3 p.bclr           x13, x13, 0, 8      x13=00000008 x13:00000108
14195377ns          235464 1c008584 00d7ac23 sw               x13, 24(x15)        x13:00000008 x15:00200000  PA:00200018
14195456ns          235468 1c008586 0009a683 lw               x13, 0(x19)         x13=10004100 x19:1c000dd0  PA:1c000dd0
14195834ns          235487 1c00858a 000017b7 lui              x15, 0x1000         x15=00001000
14195854ns          235488 1c00858c b5070713 addi             x14, x14, -1200     x14=1c000b50 x14:1c001000
14195874ns          235489 1c008590 00c686b3 add              x13, x13, x12       x13=100041c0 x13:10004100 x12:000000c0
14195894ns          235490 1c008592 01812603 lw               x12, 24(x2)         x12=000000ce  x2:10003798  PA:100037b0
14195914ns          235491 1c008594 fff78793 addi             x15, x15, -1        x15=00000fff x15:00001000
14195934ns          235492 1c008596 ff940593 addi             x11, x8, -7         x11=00000060  x8:00000067
14195953ns          235493 1c00859a 00259813 slli             x16, x11, 0x2       x16=00000180 x11:00000060
14196391ns          235515 1c00859e 0006ae03 lw               x28, 0(x13)         x28=xf52x339 x13:100041c0  PA:100041c0
14196431ns          235517 1c0085a2 ffa40513 addi             x10, x8, -6         x10=00000061  x8:00000067
14196451ns          235518 1c0085a6 00e80833 add              x16, x16, x14       x16=1c000cd0 x16:00000180 x14:1c000b50
14196471ns          235519 1c0085a8 00251e93 slli             x29, x10, 0x2       x29=00000184 x10:00000061
14196490ns          235520 1c0085ac 00085383 lhu              x7, 0(x16)           x7=00000339 x16:1c000cd0  PA:1c000cd0
14197027ns          235547 1c0085b0 0046af03 lw               x30, 4(x13)         x30=xd1ax181 x13:100041c0  PA:100041c4
14197047ns          235548 1c0085b4 ffb40593 addi             x11, x8, -5         x11=00000062  x8:00000067
14197067ns          235549 1c0085b8 00285303 lhu              x6, 2(x16)           x6=00000f52 x16:1c000cd0  PA:1c000cd2
14197425ns          235567 1c0085bc 01d70833 add              x16, x14, x29       x16=1c000cd4 x14:1c000b50 x29:00000184
14197485ns          235570 1c0085c0 010e5f93 srli             x31, x28, 0x10      x31=0000xf52 x28:xf52x339
14197525ns          235572 1c0085c4 00259993 slli             x19, x11, 0x2       x19=00000188 x11:00000062
14197544ns          235573 1c0085c8 00085283 lhu              x5, 0(x16)           x5=00000181 x16:1c000cd4  PA:1c000cd4
14198042ns          235598 1c0085cc 00fe7e33 and              x28, x28, x15       x28=00000339 x28:xf52x339 x15:00000fff
14198062ns          235599 1c0085d0 0086a083 lw               x1, 8(x13)           x1=x2afx1d5 x13:100041c0  PA:100041c8
14198081ns          235600 1c0085d4 ffc40513 addi             x10, x8, -4         x10=00000063  x8:00000067
14198101ns          235601 1c0085d8 013005b3 add              x11, x0, x19        x11=00000188 x19:00000188
14198121ns          235602 1c0085da 00285e83 lhu              x29, 2(x16)         x29=00000d1a x16:1c000cd4  PA:1c000cd6
14198618ns          235627 1c0085de 41c383b3 sub              x7, x7, x28          x7=00000000  x7:00000339 x28:00000339
14198638ns          235628 1c0085e2 00fff833 and              x16, x31, x15       x16=00000f52 x31:0000xf52 x15:00000fff
14198658ns          235629 1c0085e6 01370e33 add              x28, x14, x19       x28=1c000cd8 x14:1c000b50 x19:00000188
14198678ns          235630 1c0085ea 00251b13 slli             x22, x10, 0x2       x22=0000018c x10:00000063
14199056ns          235649 1c0085ee 010f5a93 srli             x21, x30, 0x10      x21=0000xd1a x30:xd1ax181
14199096ns          235651 1c0085f2 00ff79b3 and              x19, x30, x15       x19=00000181 x30:xd1ax181 x15:00000fff
14199116ns          235652 1c0085f6 007033b3 sltu             x7, x0, x7           x7=00000000  x7:00000000
14199136ns          235653 1c0085fa 41030333 sub              x6, x6, x16          x6=00000000  x6:00000f52 x16:00000f52
14199593ns          235676 1c0085fe 000e5e03 lhu              x28, 0(x28)         x28=000001d5 x28:1c000cd8  PA:1c000cd8
14199931ns          235693 1c008602 00b70833 add              x16, x14, x11       x16=1c000cd8 x14:1c000b50 x11:00000188
14199951ns          235694 1c008606 00c6af03 lw               x30, 12(x13)        x30=xe7bxf6f x13:100041c0  PA:100041cc
14199971ns          235695 1c00860a ffd40593 addi             x11, x8, -3         x11=00000064  x8:00000067
14200369ns          235715 1c00860e 00285f83 lhu              x31, 2(x16)         x31=000002af x16:1c000cd8  PA:1c000cda
14200707ns          235732 1c008612 007a0a33 add              x20, x20, x7        x20=00000000 x20:00000000  x7:00000000
14200727ns          235733 1c008614 00faf833 and              x16, x21, x15       x16=00000d1a x21:0000xd1a x15:00000fff
14200746ns          235734 1c008618 00603333 sltu             x6, x0, x6           x6=00000000  x6:00000000
14200766ns          235735 1c00861c 413282b3 sub              x5, x5, x19          x5=00000000  x5:00000181 x19:00000181
14201005ns          235747 1c008620 016703b3 add              x7, x14, x22         x7=1c000cdc x14:1c000b50 x22:0000018c
14201045ns          235749 1c008624 410e8eb3 sub              x29, x29, x16       x29=00000000 x29:00000d1a x16:00000d1a
14201065ns          235750 1c008628 0100da93 srli             x21, x1, 0x10       x21=0000x2af  x1:x2afx1d5
14201085ns          235751 1c00862c 00f0f9b3 and              x19, x1, x15        x19=000001d5  x1:x2afx1d5 x15:00000fff
14201502ns          235772 1c008630 01670833 add              x16, x14, x22       x16=1c000cdc x14:1c000b50 x22:0000018c
14201542ns          235774 1c008634 006a0a33 add              x20, x20, x6        x20=00000000 x20:00000000  x6:00000000
14201562ns          235775 1c008636 00259b13 slli             x22, x11, 0x2       x22=00000190 x11:00000064
14201582ns          235776 1c00863a 005032b3 sltu             x5, x0, x5           x5=00000000  x5:00000000
14202039ns          235799 1c00863e 0003d383 lhu              x7, 0(x7)            x7=00000f6f  x7:1c000cdc  PA:1c000cdc
14202457ns          235820 1c008642 0106a083 lw               x1, 16(x13)          x1=x11exda0 x13:100041c0  PA:100041d0
14202477ns          235821 1c008646 00285303 lhu              x6, 2(x16)           x6=00000e7b x16:1c000cdc  PA:1c000cde
14202934ns          235844 1c00864a ffe40513 addi             x10, x8, -2         x10=00000065  x8:00000067
14202954ns          235845 1c00864e 01d03833 sltu             x16, x0, x29        x16=00000000 x29:00000000
14202974ns          235846 1c008652 005a0a33 add              x20, x20, x5        x20=00000000 x20:00000000  x5:00000000
14202994ns          235847 1c008654 00fafeb3 and              x29, x21, x15       x29=000002af x21:0000x2af x15:00000fff
14203014ns          235848 1c008658 413e0e33 sub              x28, x28, x19       x28=00000000 x28:000001d5 x19:000001d5
14203034ns          235849 1c00865c 016702b3 add              x5, x14, x22         x5=1c000ce0 x14:1c000b50 x22:00000190
14203372ns          235866 1c008660 010f5a93 srli             x21, x30, 0x10      x21=0000xe7b x30:xe7bxf6f
14203411ns          235868 1c008664 00ff79b3 and              x19, x30, x15       x19=00000f6f x30:xe7bxf6f x15:00000fff
14203431ns          235869 1c008668 010a0a33 add              x20, x20, x16       x20=00000000 x20:00000000 x16:00000000
14203451ns          235870 1c00866a 01c03e33 sltu             x28, x0, x28        x28=00000000 x28:00000000
14203909ns          235893 1c00866e 01670833 add              x16, x14, x22       x16=1c000ce0 x14:1c000b50 x22:00000190
14203948ns          235895 1c008672 41df8fb3 sub              x31, x31, x29       x31=00000000 x31:000002af x29:000002af
14203968ns          235896 1c008676 00251b13 slli             x22, x10, 0x2       x22=00000194 x10:00000065
14203988ns          235897 1c00867a 0002d283 lhu              x5, 0(x5)            x5=00000da0  x5:1c000ce0  PA:1c000ce0
14204446ns          235920 1c00867e 0146af03 lw               x30, 20(x13)        x30=x05ax03e x13:100041c0  PA:100041d4
14204485ns          235922 1c008682 fff40593 addi             x11, x8, -1         x11=00000066  x8:00000067
14204505ns          235923 1c008686 00285e83 lhu              x29, 2(x16)         x29=0000011e x16:1c000ce0  PA:1c000ce2
14204923ns          235944 1c00868a 01ca0a33 add              x20, x20, x28       x20=00000000 x20:00000000 x28:00000000
14204943ns          235945 1c00868c 01f03fb3 sltu             x31, x0, x31        x31=00000000 x31:00000000
14204963ns          235946 1c008690 00faf833 and              x16, x21, x15       x16=00000e7b x21:0000xe7b x15:00000fff
14205002ns          235948 1c008694 413383b3 sub              x7, x7, x19          x7=00000000  x7:00000f6f x19:00000f6f
14205022ns          235949 1c008698 01670e33 add              x28, x14, x22       x28=1c000ce4 x14:1c000b50 x22:00000194
14205042ns          235950 1c00869c 41030833 sub              x16, x6, x16        x16=00000000  x6:00000e7b x16:00000e7b
14205520ns          235974 1c0086a0 01fa0a33 add              x20, x20, x31       x20=00000000 x20:00000000 x31:00000000
14205559ns          235976 1c0086a2 007033b3 sltu             x7, x0, x7           x7=00000000  x7:00000000
14205579ns          235977 1c0086a6 0100d993 srli             x19, x1, 0x10       x19=0000x11e  x1:x11exda0
14205599ns          235978 1c0086aa 01670533 add              x10, x14, x22       x10=1c000ce4 x14:1c000b50 x22:00000194
14206017ns          235999 1c0086ae 00f0f0b3 and              x1, x1, x15          x1=00000da0  x1:x11exda0 x15:00000fff
14206057ns          236001 1c0086b2 00259a93 slli             x21, x11, 0x2       x21=00000198 x11:00000066
14206076ns          236002 1c0086b6 000e5e03 lhu              x28, 0(x28)         x28=0000003e x28:1c000ce4  PA:1c000ce4
14206554ns          236026 1c0086ba 0186af83 lw               x31, 24(x13)        x31=x149x021 x13:100041c0  PA:100041d8
14206574ns          236027 1c0086be 00255303 lhu              x6, 2(x10)           x6=0000005a x10:1c000ce4  PA:1c000ce6
14207031ns          236050 1c0086c2 007a0a33 add              x20, x20, x7        x20=00000000 x20:00000000  x7:00000000
14207051ns          236051 1c0086c4 01003533 sltu             x10, x0, x16        x10=00000000 x16:00000000
14207071ns          236052 1c0086c8 00f9f3b3 and              x7, x19, x15         x7=0000011e x19:0000x11e x15:00000fff
14207091ns          236053 1c0086cc 401282b3 sub              x5, x5, x1           x5=00000000  x5:00000da0  x1:00000da0
14207150ns          236056 1c0086d0 01570833 add              x16, x14, x21       x16=1c000ce8 x14:1c000b50 x21:00000198
14207190ns          236058 1c0086d4 00aa0a33 add              x20, x20, x10       x20=00000000 x20:00000000 x10:00000000
14207210ns          236059 1c0086d6 005032b3 sltu             x5, x0, x5           x5=00000000  x5:00000000
14207230ns          236060 1c0086da 407e8eb3 sub              x29, x29, x7        x29=00000000 x29:0000011e  x7:0000011e
14207628ns          236080 1c0086de 010f5093 srli             x1, x30, 0x10        x1=0000x05a x30:x05ax03e
14207667ns          236082 1c0086e2 00ff73b3 and              x7, x30, x15         x7=0000003e x30:x05ax03e x15:00000fff
14207687ns          236083 1c0086e6 015705b3 add              x11, x14, x21       x11=1c000ce8 x14:1c000b50 x21:00000198
14207707ns          236084 1c0086ea 00085803 lhu              x16, 0(x16)         x16=00000021 x16:1c000ce8  PA:1c000ce8
14208165ns          236107 1c0086ee 00160613 addi             x12, x12, 1         x12=000000cf x12:000000ce
14208185ns          236108 1c0086f0 01c6af03 lw               x30, 28(x13)        x30=x1e9x071 x13:100041c0  PA:100041dc
14208204ns          236109 1c0086f4 0025d503 lhu              x10, 2(x11)         x10=00000149 x11:1c000ce8  PA:1c000cea
14208642ns          236131 1c0086f8 005a0a33 add              x20, x20, x5        x20=00000000 x20:00000000  x5:00000000
14208662ns          236132 1c0086fa 00e888b3 add              x17, x17, x14       x17=1c000cec x17:0000019c x14:1c000b50
14208682ns          236133 1c0086fc 01d03eb3 sltu             x29, x0, x29        x29=00000000 x29:00000000
14208741ns          236136 1c008700 00f0f2b3 and              x5, x1, x15          x5=0000005a  x1:0000x05a x15:00000fff
14208781ns          236138 1c008704 407e0e33 sub              x28, x28, x7        x28=00000000 x28:0000003e  x7:0000003e
14208801ns          236139 1c008708 00161613 slli             x12, x12, 0x1       x12=0000019e x12:000000cf
14208821ns          236140 1c00870a 0008d583 lhu              x11, 0(x17)         x11=00000071 x17:1c000cec  PA:1c000cec
14209358ns          236167 1c00870e 01da0a33 add              x20, x20, x29       x20=00000000 x20:00000000 x29:00000000
14209378ns          236168 1c008710 405308b3 sub              x17, x6, x5         x17=00000000  x6:0000005a  x5:0000005a
14209398ns          236169 1c008714 01c03e33 sltu             x28, x0, x28        x28=00000000 x28:00000000
14209418ns          236170 1c008718 010fd313 srli             x6, x31, 0x10        x6=0000x149 x31:x149x021
14209437ns          236171 1c00871c 00e60633 add              x12, x12, x14       x12=1c000cee x12:0000019e x14:1c000b50
14209795ns          236189 1c00871e 00ffffb3 and              x31, x31, x15       x31=00000021 x31:x149x021 x15:00000fff
14209835ns          236191 1c008722 011038b3 sltu             x17, x0, x17        x17=00000000 x17:00000000
14209855ns          236192 1c008726 00065603 lhu              x12, 0(x12)         x12=000001e9 x12:1c000cee  PA:1c000cee
14210372ns          236218 1c00872a 01ca0a33 add              x20, x20, x28       x20=00000000 x20:00000000 x28:00000000
14210392ns          236219 1c00872c 00f37333 and              x6, x6, x15          x6=00000149  x6:0000x149 x15:00000fff
14210412ns          236220 1c008730 41f80833 sub              x16, x16, x31       x16=00000000 x16:00000021 x31:00000021
14210432ns          236221 1c008734 011a0a33 add              x20, x20, x17       x20=00000000 x20:00000000 x17:00000000
14210452ns          236222 1c008736 01003833 sltu             x16, x0, x16        x16=00000000 x16:00000000
14210472ns          236223 1c00873a 010f5893 srli             x17, x30, 0x10      x17=0000x1e9 x30:x1e9x071
14210850ns          236242 1c00873e 40650533 sub              x10, x10, x6        x10=00000000 x10:00000149  x6:00000149
14210889ns          236244 1c008742 00ff7f33 and              x30, x30, x15       x30=00000071 x30:x1e9x071 x15:00000fff
14210909ns          236245 1c008746 010a0a33 add              x20, x20, x16       x20=00000000 x20:00000000 x16:00000000
14210929ns          236246 1c008748 00a03533 sltu             x10, x0, x10        x10=00000000 x10:00000000
14210949ns          236247 1c00874c 00f8f833 and              x16, x17, x15       x16=000001e9 x17:0000x1e9 x15:00000fff
14211387ns          236269 1c008750 41e585b3 sub              x11, x11, x30       x11=00000000 x11:00000071 x30:00000071
14211426ns          236271 1c008754 00aa0a33 add              x20, x20, x10       x20=00000000 x20:00000000 x10:00000000
14211446ns          236272 1c008756 00b035b3 sltu             x11, x0, x11        x11=00000000 x11:00000000
14211466ns          236273 1c00875a 41060633 sub              x12, x12, x16       x12=00000000 x12:000001e9 x16:000001e9
14211486ns          236274 1c00875e 00ba0a33 add              x20, x20, x11       x20=00000000 x20:00000000 x11:00000000
14211844ns          236292 1c008760 00c03633 sltu             x12, x0, x12        x12=00000000 x12:00000000
14211884ns          236294 1c008764 00840413 addi             x8, x8, 8            x8=0000006f  x8:00000067
14211904ns          236295 1c008766 00ca0a33 add              x20, x20, x12       x20=00000000 x20:00000000 x12:00000000
14211923ns          236296 1c008768 10068693 addi             x13, x13, 256       x13=100042c0 x13:100041c0
14211943ns          236297 1c00876c 04940563 beq              x8, x9, 74           x8:0000006f  x9:00000077
14212381ns          236319 1c008770 00141613 slli             x12, x8, 0x1        x12=000000de  x8:0000006f
14212421ns          236321 1c008774 00241893 slli             x17, x8, 0x2        x17=000001bc  x8:0000006f
14212441ns          236322 1c008778 e1fff06f jal              x0, -482           
14212560ns          236328 1c008596 ff940593 addi             x11, x8, -7         x11=00000068  x8:0000006f
14212580ns          236329 1c00859a 00259813 slli             x16, x11, 0x2       x16=000001a0 x11:00000068
14212659ns          236333 1c00859e 0006ae03 lw               x28, 0(x13)         x28=xeabx085 x13:100042c0  PA:100042c0
14212699ns          236335 1c0085a2 ffa40513 addi             x10, x8, -6         x10=00000069  x8:0000006f
14212719ns          236336 1c0085a6 00e80833 add              x16, x16, x14       x16=1c000cf0 x16:000001a0 x14:1c000b50
14212739ns          236337 1c0085a8 00251e93 slli             x29, x10, 0x2       x29=000001a4 x10:00000069
14212759ns          236338 1c0085ac 00085383 lhu              x7, 0(x16)           x7=00000085 x16:1c000cf0  PA:1c000cf0
14213077ns          236354 1c0085b0 0046af03 lw               x30, 4(x13)         x30=x38fx04d x13:100042c0  PA:100042c4
14213097ns          236355 1c0085b4 ffb40593 addi             x11, x8, -5         x11=0000006a  x8:0000006f
14213117ns          236356 1c0085b8 00285303 lhu              x6, 2(x16)           x6=00000eab x16:1c000cf0  PA:1c000cf2
14213415ns          236371 1c0085bc 01d70833 add              x16, x14, x29       x16=1c000cf4 x14:1c000b50 x29:000001a4
14213435ns          236372 1c0085c0 010e5f93 srli             x31, x28, 0x10      x31=0000xeab x28:xeabx085
14213455ns          236373 1c0085c4 00259993 slli             x19, x11, 0x2       x19=000001a8 x11:0000006a
14213475ns          236374 1c0085c8 00085283 lhu              x5, 0(x16)           x5=0000004d x16:1c000cf4  PA:1c000cf4
14213813ns          236391 1c0085cc 00fe7e33 and              x28, x28, x15       x28=00000085 x28:xeabx085 x15:00000fff
14213833ns          236392 1c0085d0 0086a083 lw               x1, 8(x13)           x1=xc63xe3a x13:100042c0  PA:100042c8
14213853ns          236393 1c0085d4 ffc40513 addi             x10, x8, -4         x10=0000006b  x8:0000006f
14213873ns          236394 1c0085d8 013005b3 add              x11, x0, x19        x11=000001a8 x19:000001a8
14213892ns          236395 1c0085da 00285e83 lhu              x29, 2(x16)         x29=0000038f x16:1c000cf4  PA:1c000cf6
14214211ns          236411 1c0085de 41c383b3 sub              x7, x7, x28          x7=00000000  x7:00000085 x28:00000085
14214230ns          236412 1c0085e2 00fff833 and              x16, x31, x15       x16=00000eab x31:0000xeab x15:00000fff
14214250ns          236413 1c0085e6 01370e33 add              x28, x14, x19       x28=1c000cf8 x14:1c000b50 x19:000001a8
14214270ns          236414 1c0085ea 00251b13 slli             x22, x10, 0x2       x22=000001ac x10:0000006b
14214290ns          236415 1c0085ee 010f5a93 srli             x21, x30, 0x10      x21=0000x38f x30:x38fx04d
14214310ns          236416 1c0085f2 00ff79b3 and              x19, x30, x15       x19=0000004d x30:x38fx04d x15:00000fff
14214330ns          236417 1c0085f6 007033b3 sltu             x7, x0, x7           x7=00000000  x7:00000000
14214350ns          236418 1c0085fa 41030333 sub              x6, x6, x16          x6=00000000  x6:00000eab x16:00000eab
14214370ns          236419 1c0085fe 000e5e03 lhu              x28, 0(x28)         x28=00000e3a x28:1c000cf8  PA:1c000cf8
14214668ns          236434 1c008602 00b70833 add              x16, x14, x11       x16=1c000cf8 x14:1c000b50 x11:000001a8
14214688ns          236435 1c008606 00c6af03 lw               x30, 12(x13)        x30=x201xf88 x13:100042c0  PA:100042cc
14214708ns          236436 1c00860a ffd40593 addi             x11, x8, -3         x11=0000006c  x8:0000006f
14214728ns          236437 1c00860e 00285f83 lhu              x31, 2(x16)         x31=00000c63 x16:1c000cf8  PA:1c000cfa
14215026ns          236452 1c008612 007a0a33 add              x20, x20, x7        x20=00000000 x20:00000000  x7:00000000
14215046ns          236453 1c008614 00faf833 and              x16, x21, x15       x16=0000038f x21:0000x38f x15:00000fff
14215066ns          236454 1c008618 00603333 sltu             x6, x0, x6           x6=00000000  x6:00000000
14215086ns          236455 1c00861c 413282b3 sub              x5, x5, x19          x5=00000000  x5:0000004d x19:0000004d
14215106ns          236456 1c008620 016703b3 add              x7, x14, x22         x7=1c000cfc x14:1c000b50 x22:000001ac
14215125ns          236457 1c008624 410e8eb3 sub              x29, x29, x16       x29=00000000 x29:0000038f x16:0000038f
14215145ns          236458 1c008628 0100da93 srli             x21, x1, 0x10       x21=0000xc63  x1:xc63xe3a
14215165ns          236459 1c00862c 00f0f9b3 and              x19, x1, x15        x19=00000e3a  x1:xc63xe3a x15:00000fff
14215205ns          236461 1c008630 01670833 add              x16, x14, x22       x16=1c000cfc x14:1c000b50 x22:000001ac
14215245ns          236463 1c008634 006a0a33 add              x20, x20, x6        x20=00000000 x20:00000000  x6:00000000
14215265ns          236464 1c008636 00259b13 slli             x22, x11, 0x2       x22=000001b0 x11:0000006c
14215285ns          236465 1c00863a 005032b3 sltu             x5, x0, x5           x5=00000000  x5:00000000
14215304ns          236466 1c00863e 0003d383 lhu              x7, 0(x7)            x7=00000f88  x7:1c000cfc  PA:1c000cfc
14215643ns          236483 1c008642 0106a083 lw               x1, 16(x13)          x1=x01ax157 x13:100042c0  PA:100042d0
14215662ns          236484 1c008646 00285303 lhu              x6, 2(x16)           x6=00000201 x16:1c000cfc  PA:1c000cfe
14216040ns          236503 1c00864a ffe40513 addi             x10, x8, -2         x10=0000006d  x8:0000006f
14216060ns          236504 1c00864e 01d03833 sltu             x16, x0, x29        x16=00000000 x29:00000000
14216080ns          236505 1c008652 005a0a33 add              x20, x20, x5        x20=00000000 x20:00000000  x5:00000000
14216100ns          236506 1c008654 00fafeb3 and              x29, x21, x15       x29=00000c63 x21:0000xc63 x15:00000fff
14216120ns          236507 1c008658 413e0e33 sub              x28, x28, x19       x28=00000000 x28:00000e3a x19:00000e3a
14216140ns          236508 1c00865c 016702b3 add              x5, x14, x22         x5=1c000d00 x14:1c000b50 x22:000001b0
14216160ns          236509 1c008660 010f5a93 srli             x21, x30, 0x10      x21=0000x201 x30:x201xf88
14216180ns          236510 1c008664 00ff79b3 and              x19, x30, x15       x19=00000f88 x30:x201xf88 x15:00000fff
14216199ns          236511 1c008668 010a0a33 add              x20, x20, x16       x20=00000000 x20:00000000 x16:00000000
14216219ns          236512 1c00866a 01c03e33 sltu             x28, x0, x28        x28=00000000 x28:00000000
14216259ns          236514 1c00866e 01670833 add              x16, x14, x22       x16=1c000d00 x14:1c000b50 x22:000001b0
14216299ns          236516 1c008672 41df8fb3 sub              x31, x31, x29       x31=00000000 x31:00000c63 x29:00000c63
14216319ns          236517 1c008676 00251b13 slli             x22, x10, 0x2       x22=000001b4 x10:0000006d
14216339ns          236518 1c00867a 0002d283 lhu              x5, 0(x5)            x5=00000157  x5:1c000d00  PA:1c000d00
14216637ns          236533 1c00867e 0146af03 lw               x30, 20(x13)        x30=xe78x001 x13:100042c0  PA:100042d4
14216657ns          236534 1c008682 fff40593 addi             x11, x8, -1         x11=0000006e  x8:0000006f
14216677ns          236535 1c008686 00285e83 lhu              x29, 2(x16)         x29=0000001a x16:1c000d00  PA:1c000d02
14216975ns          236550 1c00868a 01ca0a33 add              x20, x20, x28       x20=00000000 x20:00000000 x28:00000000
14216995ns          236551 1c00868c 01f03fb3 sltu             x31, x0, x31        x31=00000000 x31:00000000
14217015ns          236552 1c008690 00faf833 and              x16, x21, x15       x16=00000201 x21:0000x201 x15:00000fff
14217035ns          236553 1c008694 413383b3 sub              x7, x7, x19          x7=00000000  x7:00000f88 x19:00000f88
14217055ns          236554 1c008698 01670e33 add              x28, x14, x22       x28=1c000d04 x14:1c000b50 x22:000001b4
14217074ns          236555 1c00869c 41030833 sub              x16, x6, x16        x16=00000000  x6:00000201 x16:00000201
14217114ns          236557 1c0086a0 01fa0a33 add              x20, x20, x31       x20=00000000 x20:00000000 x31:00000000
14217154ns          236559 1c0086a2 007033b3 sltu             x7, x0, x7           x7=00000000  x7:00000000
14217174ns          236560 1c0086a6 0100d993 srli             x19, x1, 0x10       x19=0000x01a  x1:x01ax157
14217194ns          236561 1c0086aa 01670533 add              x10, x14, x22       x10=1c000d04 x14:1c000b50 x22:000001b4
14217253ns          236564 1c0086ae 00f0f0b3 and              x1, x1, x15          x1=00000157  x1:x01ax157 x15:00000fff
14217293ns          236566 1c0086b2 00259a93 slli             x21, x11, 0x2       x21=000001b8 x11:0000006e
14217313ns          236567 1c0086b6 000e5e03 lhu              x28, 0(x28)         x28=00000001 x28:1c000d04  PA:1c000d04
14217611ns          236582 1c0086ba 0186af83 lw               x31, 24(x13)        x31=x14cx074 x13:100042c0  PA:100042d8
14217631ns          236583 1c0086be 00255303 lhu              x6, 2(x10)           x6=00000e78 x10:1c000d04  PA:1c000d06
14218029ns          236603 1c0086c2 007a0a33 add              x20, x20, x7        x20=00000000 x20:00000000  x7:00000000
14218049ns          236604 1c0086c4 01003533 sltu             x10, x0, x16        x10=00000000 x16:00000000
14218069ns          236605 1c0086c8 00f9f3b3 and              x7, x19, x15         x7=0000001a x19:0000x01a x15:00000fff
14218089ns          236606 1c0086cc 401282b3 sub              x5, x5, x1           x5=00000000  x5:00000157  x1:00000157
14218109ns          236607 1c0086d0 01570833 add              x16, x14, x21       x16=1c000d08 x14:1c000b50 x21:000001b8
14218129ns          236608 1c0086d4 00aa0a33 add              x20, x20, x10       x20=00000000 x20:00000000 x10:00000000
14218148ns          236609 1c0086d6 005032b3 sltu             x5, x0, x5           x5=00000000  x5:00000000
14218168ns          236610 1c0086da 407e8eb3 sub              x29, x29, x7        x29=00000000 x29:0000001a  x7:0000001a
14218208ns          236612 1c0086de 010f5093 srli             x1, x30, 0x10        x1=0000xe78 x30:xe78x001
14218248ns          236614 1c0086e2 00ff73b3 and              x7, x30, x15         x7=00000001 x30:xe78x001 x15:00000fff
14218268ns          236615 1c0086e6 015705b3 add              x11, x14, x21       x11=1c000d08 x14:1c000b50 x21:000001b8
14218288ns          236616 1c0086ea 00085803 lhu              x16, 0(x16)         x16=00000074 x16:1c000d08  PA:1c000d08
14218586ns          236631 1c0086ee 00160613 addi             x12, x12, 1         x12=000000df x12:000000de
14218606ns          236632 1c0086f0 01c6af03 lw               x30, 28(x13)        x30=x022xfd4 x13:100042c0  PA:100042dc
14218626ns          236633 1c0086f4 0025d503 lhu              x10, 2(x11)         x10=0000014c x11:1c000d08  PA:1c000d0a
14218944ns          236649 1c0086f8 005a0a33 add              x20, x20, x5        x20=00000000 x20:00000000  x5:00000000
14218964ns          236650 1c0086fa 00e888b3 add              x17, x17, x14       x17=1c000d0c x17:000001bc x14:1c000b50
14218984ns          236651 1c0086fc 01d03eb3 sltu             x29, x0, x29        x29=00000000 x29:00000000
14219004ns          236652 1c008700 00f0f2b3 and              x5, x1, x15          x5=00000e78  x1:0000xe78 x15:00000fff
14219024ns          236653 1c008704 407e0e33 sub              x28, x28, x7        x28=00000000 x28:00000001  x7:00000001
14219043ns          236654 1c008708 00161613 slli             x12, x12, 0x1       x12=000001be x12:000000df
14219063ns          236655 1c00870a 0008d583 lhu              x11, 0(x17)         x11=00000fd4 x17:1c000d0c  PA:1c000d0c
14219381ns          236671 1c00870e 01da0a33 add              x20, x20, x29       x20=00000000 x20:00000000 x29:00000000
14219401ns          236672 1c008710 405308b3 sub              x17, x6, x5         x17=00000000  x6:00000e78  x5:00000e78
14219421ns          236673 1c008714 01c03e33 sltu             x28, x0, x28        x28=00000000 x28:00000000
14219441ns          236674 1c008718 010fd313 srli             x6, x31, 0x10        x6=0000x14c x31:x14cx074
14219461ns          236675 1c00871c 00e60633 add              x12, x12, x14       x12=1c000d0e x12:000001be x14:1c000b50
14219501ns          236677 1c00871e 00ffffb3 and              x31, x31, x15       x31=00000074 x31:x14cx074 x15:00000fff
14219541ns          236679 1c008722 011038b3 sltu             x17, x0, x17        x17=00000000 x17:00000000
14219560ns          236680 1c008726 00065603 lhu              x12, 0(x12)         x12=00000022 x12:1c000d0e  PA:1c000d0e
14219859ns          236695 1c00872a 01ca0a33 add              x20, x20, x28       x20=00000000 x20:00000000 x28:00000000
14219879ns          236696 1c00872c 00f37333 and              x6, x6, x15          x6=0000014c  x6:0000x14c x15:00000fff
14219899ns          236697 1c008730 41f80833 sub              x16, x16, x31       x16=00000000 x16:00000074 x31:00000074
14219918ns          236698 1c008734 011a0a33 add              x20, x20, x17       x20=00000000 x20:00000000 x17:00000000
14219938ns          236699 1c008736 01003833 sltu             x16, x0, x16        x16=00000000 x16:00000000
14219958ns          236700 1c00873a 010f5893 srli             x17, x30, 0x10      x17=0000x022 x30:x022xfd4
14219998ns          236702 1c00873e 40650533 sub              x10, x10, x6        x10=00000000 x10:0000014c  x6:0000014c
14220038ns          236704 1c008742 00ff7f33 and              x30, x30, x15       x30=00000fd4 x30:x022xfd4 x15:00000fff
14220058ns          236705 1c008746 010a0a33 add              x20, x20, x16       x20=00000000 x20:00000000 x16:00000000
14220078ns          236706 1c008748 00a03533 sltu             x10, x0, x10        x10=00000000 x10:00000000
14220097ns          236707 1c00874c 00f8f833 and              x16, x17, x15       x16=00000022 x17:0000x022 x15:00000fff
14220137ns          236709 1c008750 41e585b3 sub              x11, x11, x30       x11=00000000 x11:00000fd4 x30:00000fd4
14220177ns          236711 1c008754 00aa0a33 add              x20, x20, x10       x20=00000000 x20:00000000 x10:00000000
14220197ns          236712 1c008756 00b035b3 sltu             x11, x0, x11        x11=00000000 x11:00000000
14220217ns          236713 1c00875a 41060633 sub              x12, x12, x16       x12=00000000 x12:00000022 x16:00000022
14220237ns          236714 1c00875e 00ba0a33 add              x20, x20, x11       x20=00000000 x20:00000000 x11:00000000
14220257ns          236715 1c008760 00c03633 sltu             x12, x0, x12        x12=00000000 x12:00000000
14220276ns          236716 1c008764 00840413 addi             x8, x8, 8            x8=00000077  x8:0000006f
14220296ns          236717 1c008766 00ca0a33 add              x20, x20, x12       x20=00000000 x20:00000000 x12:00000000
14220316ns          236718 1c008768 10068693 addi             x13, x13, 256       x13=100043c0 x13:100042c0
14220336ns          236719 1c00876c 04940563 beq              x8, x9, 74           x8:00000077  x9:00000077
14220813ns          236743 1c0087b6 1c000537 lui              x10, 0x1c000000     x10=1c000000
14220833ns          236744 1c0087ba 014006b3 add              x13, x0, x20        x13=00000000 x20:00000000
14220853ns          236745 1c0087bc 01200633 add              x12, x0, x18        x12=00000006 x18:00000006
14220893ns          236747 1c0087be 00190593 addi             x11, x18, 1         x11=00000007 x18:00000006
14220933ns          236749 1c0087c2 05850513 addi             x10, x10, 88        x10=1c000058 x10:1c000000
14220953ns          236750 1c0087c6 434000ef jal              x1, 1076             x1=1c0087c8
14221032ns          236754 1c008bfa fc010113 addi             x2, x2, -64          x2=10003758  x2:10003798
14221072ns          236756 1c008bfc 02410313 addi             x6, x2, 36           x6=1000377c  x2:10003758
14221132ns          236759 1c008c00 02c12423 sw               x12, 40(x2)         x12:00000006  x2:10003758  PA:10003780
14221152ns          236760 1c008c02 00a00633 add              x12, x0, x10        x12=1c000058 x10:1c000058
14221171ns          236761 1c008c04 1c009537 lui              x10, 0x1c009000     x10=1c009000
14221191ns          236762 1c008c08 02b12223 sw               x11, 36(x2)         x11:00000007  x2:10003758  PA:1000377c
14221211ns          236763 1c008c0a 02d12623 sw               x13, 44(x2)         x13:00000000  x2:10003758  PA:10003784
14221231ns          236764 1c008c0c 00200593 addi             x11, x0, 2          x11=00000002
14221251ns          236765 1c008c0e 006006b3 add              x13, x0, x6         x13=1000377c  x6:1000377c
14221271ns          236766 1c008c10 bb650513 addi             x10, x10, -1098     x10=1c008bb6 x10:1c009000
14221311ns          236768 1c008c14 00112e23 sw               x1, 28(x2)           x1:1c0087c8  x2:10003758  PA:10003774
14221331ns          236769 1c008c16 02e12823 sw               x14, 48(x2)         x14:1c000b50  x2:10003758  PA:10003788
14221350ns          236770 1c008c18 02f12a23 sw               x15, 52(x2)         x15:00000fff  x2:10003758  PA:1000378c
14221370ns          236771 1c008c1a 03012c23 sw               x16, 56(x2)         x16:00000022  x2:10003758  PA:10003790
14221390ns          236772 1c008c1c 03112e23 sw               x17, 60(x2)         x17:0000x022  x2:10003758  PA:10003794
14221410ns          236773 1c008c1e 00612623 sw               x6, 12(x2)           x6:1000377c  x2:10003758  PA:10003764
14221430ns          236774 1c008c20 fbfff0ef jal              x1, -66              x1=1c008c22
14221510ns          236778 1c008bde 04a0006f jal              x0, 74             
14221549ns          236780 1c008c28 ec010113 addi             x2, x2, -320         x2=10003618  x2:10003758
14221569ns          236781 1c008c2a 13312623 sw               x19, 300(x2)        x19:0000x01a  x2:10003618  PA:10003744
14221629ns          236784 1c008c2e 12112e23 sw               x1, 316(x2)          x1:1c008c22  x2:10003618  PA:10003754
14221669ns          236786 1c008c32 12812c23 sw               x8, 312(x2)          x8:00000077  x2:10003618  PA:10003750
14221688ns          236787 1c008c36 12912a23 sw               x9, 308(x2)          x9:00000077  x2:10003618  PA:1000374c
14221708ns          236788 1c008c3a 13212823 sw               x18, 304(x2)        x18:00000006  x2:10003618  PA:10003748
14221768ns          236791 1c008c3e 13412423 sw               x20, 296(x2)        x20:00000000  x2:10003618  PA:10003740
14221808ns          236793 1c008c42 13512223 sw               x21, 292(x2)        x21:000001b8  x2:10003618  PA:1000373c
14221828ns          236794 1c008c46 13612023 sw               x22, 288(x2)        x22:000001b4  x2:10003618  PA:10003738
14221848ns          236795 1c008c4a 11712e23 sw               x23, 284(x2)        x23:000005ed  x2:10003618  PA:10003734
14221907ns          236798 1c008c4e 11812c23 sw               x24, 280(x2)        x24:00000039  x2:10003618  PA:10003730
14221947ns          236800 1c008c52 11912a23 sw               x25, 276(x2)        x25:1c000a78  x2:10003618  PA:1000372c
14221967ns          236801 1c008c56 11a12823 sw               x26, 272(x2)        x26:0b8a0000  x2:10003618  PA:10003728
14221987ns          236802 1c008c5a 11b12623 sw               x27, 268(x2)        x27:02440471  x2:10003618  PA:10003724
14222007ns          236803 1c008c5e 00c009b3 add              x19, x0, x12        x19=1c000058 x12:1c000058
14222046ns          236805 1c008c60 0019c78b p.lbu            x15, 1(x19!)        x15=00000046 x19=1c000059 x19:1c000058  PA:1c000058
14222544ns          236830 1c008c64 00d12c23 sw               x13, 24(x2)         x13:1000377c  x2:10003618  PA:10003630
14222564ns          236831 1c008c66 6a0788e3 beq              x15, x0, 3760       x15:00000046
14222583ns          236832 1c008c6a 1c000737 lui              x14, 0x1c000000     x14=1c000000
14222603ns          236833 1c008c6e 0c472703 lw               x14, 196(x14)       x14=20202020 x14:1c000000  PA:1c0000c4
14222902ns          236848 1c008c72 03410d93 addi             x27, x2, 52         x27=1000364c  x2:10003618
14222922ns          236849 1c008c76 00a00cb3 add              x25, x0, x10        x25=1c008bb6 x10:1c008bb6
14222941ns          236850 1c008c78 02e12023 sw               x14, 32(x2)         x14:20202020  x2:10003618  PA:10003638
14222961ns          236851 1c008c7a 03610713 addi             x14, x2, 54         x14=1000364e  x2:10003618
14222981ns          236852 1c008c7e fff74713 xori             x14, x14, -1        x14=efffc9b1 x14:1000364e
14223001ns          236853 1c008c82 02e12223 sw               x14, 36(x2)         x14:efffc9b1  x2:10003618  PA:1000363c
14223021ns          236854 1c008c84 fffdc713 xori             x14, x27, -1        x14=efffc9b3 x27:1000364c
14223041ns          236855 1c008c88 00b004b3 add              x9, x0, x11          x9=00000002 x11:00000002
14223061ns          236856 1c008c8a 00000413 addi             x8, x0, 0            x8=00000000
14223081ns          236857 1c008c8c 1c000d37 lui              x26, 0x1c000000     x26=1c000000
14223101ns          236858 1c008c90 02e12423 sw               x14, 40(x2)         x14:efffc9b3  x2:10003618  PA:10003640
14223120ns          236859 1c008c92 01300a33 add              x20, x0, x19        x20=1c000059 x19:1c000059
14223140ns          236860 1c008c94 00f00533 add              x10, x0, x15        x10=00000046 x15:00000046
14223160ns          236861 1c008c96 02500793 addi             x15, x0, 37         x15=00000025
14223180ns          236862 1c008c9a 04f50763 beq              x10, x15, 78        x10:00000046 x15:00000025
14223200ns          236863 1c008c9e 009005b3 add              x11, x0, x9         x11=00000002  x9:00000002
14223240ns          236865 1c008ca0 000c80e7 jalr             x1, x25, 0           x1=1c008ca2 x25:1c008bb6
14223558ns          236881 1c008bb6 000026b7 lui              x13, 0x2000         x13=00002000
14223598ns          236883 1c008bb8 f8068693 addi             x13, x13, -128      x13=00001f80 x13:00002000
14223618ns          236884 1c008bbc f14027f3 csrrs            x15, x0, 0xf14      x15=00000006
14223677ns          236887 1c008bc0 00379713 slli             x14, x15, 0x3       x14=00000030 x15:00000006
14223717ns          236889 1c008bc4 00279793 slli             x15, x15, 0x2       x15=00000018 x15:00000006
14223737ns          236890 1c008bc6 00d7f7b3 and              x15, x15, x13       x15=00000000 x15:00000018 x13:00001f80
14223757ns          236891 1c008bc8 ee873733 p.bclr           x14, x14, 23, 8     x14=00000030 x14:00000030
14223777ns          236892 1c008bcc 1a10f6b7 lui              x13, 0x1a10f000     x13=1a10f000
14223797ns          236893 1c008bd0 00d70733 add              x14, x14, x13       x14=1a10f030 x14:00000030 x13:1a10f000
14223817ns          236894 1c008bd2 00e787b3 add              x15, x15, x14       x15=1a10f030 x15:00000000 x14:1a10f030
14223836ns          236895 1c008bd4 0ff57513 andi             x10, x10, 255       x10=00000046 x10:00000046
14223856ns          236896 1c008bd8 00a7a023 sw               x10, 0(x15)         x10:00000046 x15:1a10f030  PA:1a10f030
14224552ns          236931 1c008bda 00000513 addi             x10, x0, 0          x10=00000000
14224572ns          236932 1c008bdc 00008067 jalr             x0, x1, 0            x1:1c008ca2
14224632ns          236935 1c008ca2 4df52863 p.beqimm         x10, 1232           x10:00000000
14224652ns          236936 1c008ca6 00140413 addi             x8, x8, 1            x8=00000001  x8:00000000
14224672ns          236937 1c008ca8 001a450b p.lbu            x10, 1(x20!)        x10=00000046 x20=1c00005a x20:1c000059  PA:1c000059
14224990ns          236953 1c008cac fe0515e3 bne              x10, x0, -22        x10:00000046
14225069ns          236957 1c008c96 02500793 addi             x15, x0, 37         x15=00000025
14225089ns          236958 1c008c9a 04f50763 beq              x10, x15, 78        x10:00000046 x15:00000025
14225109ns          236959 1c008c9e 009005b3 add              x11, x0, x9         x11=00000002  x9:00000002
14225129ns          236960 1c008ca0 000c80e7 jalr             x1, x25, 0           x1=1c008ca2 x25:1c008bb6
14225169ns          236962 1c008bb6 000026b7 lui              x13, 0x2000         x13=00002000
14225189ns          236963 1c008bb8 f8068693 addi             x13, x13, -128      x13=00001f80 x13:00002000
14225209ns          236964 1c008bbc f14027f3 csrrs            x15, x0, 0xf14      x15=00000006
14225229ns          236965 1c008bc0 00379713 slli             x14, x15, 0x3       x14=00000030 x15:00000006
14225248ns          236966 1c008bc4 00279793 slli             x15, x15, 0x2       x15=00000018 x15:00000006
14225268ns          236967 1c008bc6 00d7f7b3 and              x15, x15, x13       x15=00000000 x15:00000018 x13:00001f80
14225288ns          236968 1c008bc8 ee873733 p.bclr           x14, x14, 23, 8     x14=00000030 x14:00000030
14225308ns          236969 1c008bcc 1a10f6b7 lui              x13, 0x1a10f000     x13=1a10f000
14225328ns          236970 1c008bd0 00d70733 add              x14, x14, x13       x14=1a10f030 x14:00000030 x13:1a10f000
14225348ns          236971 1c008bd2 00e787b3 add              x15, x15, x14       x15=1a10f030 x15:00000000 x14:1a10f030
14225368ns          236972 1c008bd4 0ff57513 andi             x10, x10, 255       x10=00000046 x10:00000046
14225388ns          236973 1c008bd8 00a7a023 sw               x10, 0(x15)         x10:00000046 x15:1a10f030  PA:1a10f030
14225726ns          236990 1c008bda 00000513 addi             x10, x0, 0          x10=00000000
14225746ns          236991 1c008bdc 00008067 jalr             x0, x1, 0            x1:1c008ca2
14225805ns          236994 1c008ca2 4df52863 p.beqimm         x10, 1232           x10:00000000
14225825ns          236995 1c008ca6 00140413 addi             x8, x8, 1            x8=00000002  x8:00000001
14225845ns          236996 1c008ca8 001a450b p.lbu            x10, 1(x20!)        x10=00000054 x20=1c00005b x20:1c00005a  PA:1c00005a
14226163ns          237012 1c008cac fe0515e3 bne              x10, x0, -22        x10:00000054
14226243ns          237016 1c008c96 02500793 addi             x15, x0, 37         x15=00000025
14226263ns          237017 1c008c9a 04f50763 beq              x10, x15, 78        x10:00000054 x15:00000025
14226283ns          237018 1c008c9e 009005b3 add              x11, x0, x9         x11=00000002  x9:00000002
14226303ns          237019 1c008ca0 000c80e7 jalr             x1, x25, 0           x1=1c008ca2 x25:1c008bb6
14226342ns          237021 1c008bb6 000026b7 lui              x13, 0x2000         x13=00002000
14226362ns          237022 1c008bb8 f8068693 addi             x13, x13, -128      x13=00001f80 x13:00002000
14226382ns          237023 1c008bbc f14027f3 csrrs            x15, x0, 0xf14      x15=00000006
14226402ns          237024 1c008bc0 00379713 slli             x14, x15, 0x3       x14=00000030 x15:00000006
14226422ns          237025 1c008bc4 00279793 slli             x15, x15, 0x2       x15=00000018 x15:00000006
14226442ns          237026 1c008bc6 00d7f7b3 and              x15, x15, x13       x15=00000000 x15:00000018 x13:00001f80
14226462ns          237027 1c008bc8 ee873733 p.bclr           x14, x14, 23, 8     x14=00000030 x14:00000030
14226482ns          237028 1c008bcc 1a10f6b7 lui              x13, 0x1a10f000     x13=1a10f000
14226501ns          237029 1c008bd0 00d70733 add              x14, x14, x13       x14=1a10f030 x14:00000030 x13:1a10f000
14226521ns          237030 1c008bd2 00e787b3 add              x15, x15, x14       x15=1a10f030 x15:00000000 x14:1a10f030
14226541ns          237031 1c008bd4 0ff57513 andi             x10, x10, 255       x10=00000054 x10:00000054
14226561ns          237032 1c008bd8 00a7a023 sw               x10, 0(x15)         x10:00000054 x15:1a10f030  PA:1a10f030
14226919ns          237050 1c008bda 00000513 addi             x10, x0, 0          x10=00000000
14226939ns          237051 1c008bdc 00008067 jalr             x0, x1, 0            x1:1c008ca2
14226999ns          237054 1c008ca2 4df52863 p.beqimm         x10, 1232           x10:00000000
14227018ns          237055 1c008ca6 00140413 addi             x8, x8, 1            x8=00000003  x8:00000002
14227038ns          237056 1c008ca8 001a450b p.lbu            x10, 1(x20!)        x10=00000025 x20=1c00005c x20:1c00005b  PA:1c00005b
14227396ns          237074 1c008cac fe0515e3 bne              x10, x0, -22        x10:00000025
14227476ns          237078 1c008c96 02500793 addi             x15, x0, 37         x15=00000025
14227496ns          237079 1c008c9a 04f50763 beq              x10, x15, 78        x10:00000025 x15:00000025
14227595ns          237084 1c008ce8 01400c33 add              x24, x0, x20        x24=1c00005c x20:1c00005c
14227635ns          237086 1c008cea 000c4a03 lbu              x20, 0(x24)         x20=00000064 x24:1c00005c  PA:1c00005c
14227953ns          237102 1c008cee 0b4d0513 addi             x10, x26, 180       x10=1c0000b4 x26:1c000000
14227973ns          237103 1c008cf2 00912e23 sw               x9, 28(x2)           x9:00000002  x2:10003618  PA:10003634
14227993ns          237104 1c008cf4 014005b3 add              x11, x0, x20        x11=00000064 x20:00000064
14228013ns          237105 1c008cf6 00012823 sw               x0, 16(x2)           x2:10003618  PA:10003628
14228033ns          237106 1c008cf8 00012a23 sw               x0, 20(x2)           x2:10003618  PA:1000362c
14228053ns          237107 1c008cfa 00012623 sw               x0, 12(x2)           x2:10003618  PA:10003624
14228073ns          237108 1c008cfc 001c0493 addi             x9, x24, 1           x9=1c00005d x24:1c00005c
14228092ns          237109 1c008d00 e41ff0ef jal              x1, -448             x1=1c008d02
14228172ns          237113 1c008b40 00054703 lbu              x14, 0(x10)         x14=0000002d x10:1c0000b4  PA:1c0000b4
14228510ns          237130 1c008b44 0ff5f593 andi             x11, x11, 255       x11=00000064 x11:00000064
14228530ns          237131 1c008b48 00a007b3 add              x15, x0, x10        x15=1c0000b4 x10:1c0000b4
14228550ns          237132 1c008b4a 00b70863 beq              x14, x11, 16        x14:0000002d x11:00000064
14228570ns          237133 1c008b4e 00070863 beq              x14, x0, 16         x14:0000002d
14228590ns          237134 1c008b50 0017c703 lbu              x14, 1(x15)         x14=0000002b x15:1c0000b4  PA:1c0000b5
14228928ns          237151 1c008b54 00178793 addi             x15, x15, 1         x15=1c0000b5 x15:1c0000b4
14228948ns          237152 1c008b56 feb71ce3 bne              x14, x11, -8        x14:0000002b x11:00000064
14229007ns          237155 1c008b4e 00070863 beq              x14, x0, 16         x14:0000002b
14229027ns          237156 1c008b50 0017c703 lbu              x14, 1(x15)         x14=00000020 x15:1c0000b5  PA:1c0000b6
14229325ns          237171 1c008b54 00178793 addi             x15, x15, 1         x15=1c0000b6 x15:1c0000b5
14229345ns          237172 1c008b56 feb71ce3 bne              x14, x11, -8        x14:00000020 x11:00000064
14229405ns          237175 1c008b4e 00070863 beq              x14, x0, 16         x14:00000020
14229425ns          237176 1c008b50 0017c703 lbu              x14, 1(x15)         x14=00000023 x15:1c0000b6  PA:1c0000b7
14229723ns          237191 1c008b54 00178793 addi             x15, x15, 1         x15=1c0000b7 x15:1c0000b6
14229743ns          237192 1c008b56 feb71ce3 bne              x14, x11, -8        x14:00000023 x11:00000064
14229803ns          237195 1c008b4e 00070863 beq              x14, x0, 16         x14:00000023
14229823ns          237196 1c008b50 0017c703 lbu              x14, 1(x15)         x14=00000030 x15:1c0000b7  PA:1c0000b8
14230121ns          237211 1c008b54 00178793 addi             x15, x15, 1         x15=1c0000b8 x15:1c0000b7
14230141ns          237212 1c008b56 feb71ce3 bne              x14, x11, -8        x14:00000030 x11:00000064
14230201ns          237215 1c008b4e 00070863 beq              x14, x0, 16         x14:00000030
14230220ns          237216 1c008b50 0017c703 lbu              x14, 1(x15)         x14=00000000 x15:1c0000b8  PA:1c0000b9
14230539ns          237232 1c008b54 00178793 addi             x15, x15, 1         x15=1c0000b9 x15:1c0000b8
14230559ns          237233 1c008b56 feb71ce3 bne              x14, x11, -8        x14:00000000 x11:00000064
14230618ns          237236 1c008b4e 00070863 beq              x14, x0, 16         x14:00000000
14230678ns          237239 1c008b5e 00000513 addi             x10, x0, 0          x10=00000000
14230698ns          237240 1c008b60 fe058de3 beq              x11, x0, -6         x11:00000064
14230718ns          237241 1c008b62 00008067 jalr             x0, x1, 0            x1:1c008d02
14230777ns          237244 1c008d02 02000913 addi             x18, x0, 32         x18=00000020
14230797ns          237245 1c008d06 00000993 addi             x19, x0, 0          x19=00000000
14230817ns          237246 1c008d08 02b00a93 addi             x21, x0, 43         x21=0000002b
14230837ns          237247 1c008d0c 02d00b93 addi             x23, x0, 45         x23=0000002d
14230877ns          237249 1c008d10 03000b13 addi             x22, x0, 48         x22=00000030
14230917ns          237251 1c008d14 00900633 add              x12, x0, x9         x12=1c00005d  x9:1c00005d
14230936ns          237252 1c008d16 02050963 beq              x10, x0, 50         x10:00000000
14231096ns          237260 1c008d48 03312623 sw               x19, 44(x2)         x19:00000000  x2:10003618  PA:10003644
14231135ns          237262 1c008d4a 02a00693 addi             x13, x0, 42         x13=0000002a
14231155ns          237263 1c008d4e 014009b3 add              x19, x0, x20        x19=00000064 x20:00000064
14231195ns          237265 1c008d50 01800a33 add              x20, x0, x24        x20=1c00005c x24:1c00005c
14231215ns          237266 1c008d52 00900c33 add              x24, x0, x9         x24=1c00005d  x9:1c00005d
14231235ns          237267 1c008d54 01c12483 lw               x9, 28(x2)           x9=00000002  x2:10003618  PA:10003634
14231255ns          237268 1c008d56 42d98063 beq              x19, x13, 1056      x19:00000064 x13:0000002a
14231275ns          237269 1c008d5a fd098693 addi             x13, x19, -48       x13=00000034 x19:00000064
14231294ns          237270 1c008d5e 00900513 addi             x10, x0, 9          x10=00000009
14231334ns          237272 1c008d60 00000a93 addi             x21, x0, 0          x21=00000000
14231374ns          237274 1c008d62 3cd57f63 bgeu             x10, x13, 990       x10:00000009 x13:00000034
14231394ns          237275 1c008d66 02e00793 addi             x15, x0, 46         x15=0000002e
14231414ns          237276 1c008d6a fff00b13 addi             x22, x0, -1         x22=ffffffff
14231434ns          237277 1c008d6c 04f981e3 beq              x19, x15, 2114      x19:00000064 x15:0000002e
14231473ns          237279 1c008d70 1c0007b7 lui              x15, 0x1c000000     x15=1c000000
14231513ns          237281 1c008d74 013005b3 add              x11, x0, x19        x11=00000064 x19:00000064
14231533ns          237282 1c008d76 0bc78513 addi             x10, x15, 188       x10=1c0000bc x15:1c000000
14231553ns          237283 1c008d7a 00c12e23 sw               x12, 28(x2)         x12:1c00005d  x2:10003618  PA:10003634
14231573ns          237284 1c008d7c dc5ff0ef jal              x1, -572             x1=1c008d7e
14231652ns          237288 1c008b40 00054703 lbu              x14, 0(x10)         x14=00000068 x10:1c0000bc  PA:1c0000bc
14232030ns          237307 1c008b44 0ff5f593 andi             x11, x11, 255       x11=00000064 x11:00000064
14232050ns          237308 1c008b48 00a007b3 add              x15, x0, x10        x15=1c0000bc x10:1c0000bc
14232070ns          237309 1c008b4a 00b70863 beq              x14, x11, 16        x14:00000068 x11:00000064
14232090ns          237310 1c008b4e 00070863 beq              x14, x0, 16         x14:00000068
14232110ns          237311 1c008b50 0017c703 lbu              x14, 1(x15)         x14=0000006c x15:1c0000bc  PA:1c0000bd
14232408ns          237326 1c008b54 00178793 addi             x15, x15, 1         x15=1c0000bd x15:1c0000bc
14232428ns          237327 1c008b56 feb71ce3 bne              x14, x11, -8        x14:0000006c x11:00000064
14232488ns          237330 1c008b4e 00070863 beq              x14, x0, 16         x14:0000006c
14232508ns          237331 1c008b50 0017c703 lbu              x14, 1(x15)         x14=0000004c x15:1c0000bd  PA:1c0000be
14232826ns          237347 1c008b54 00178793 addi             x15, x15, 1         x15=1c0000be x15:1c0000bd
14232846ns          237348 1c008b56 feb71ce3 bne              x14, x11, -8        x14:0000004c x11:00000064
14232905ns          237351 1c008b4e 00070863 beq              x14, x0, 16         x14:0000004c
14232925ns          237352 1c008b50 0017c703 lbu              x14, 1(x15)         x14=0000007a x15:1c0000be  PA:1c0000bf
14233224ns          237367 1c008b54 00178793 addi             x15, x15, 1         x15=1c0000bf x15:1c0000be
14233243ns          237368 1c008b56 feb71ce3 bne              x14, x11, -8        x14:0000007a x11:00000064
14233303ns          237371 1c008b4e 00070863 beq              x14, x0, 16         x14:0000007a
14233323ns          237372 1c008b50 0017c703 lbu              x14, 1(x15)         x14=00000000 x15:1c0000bf  PA:1c0000c0
14233621ns          237387 1c008b54 00178793 addi             x15, x15, 1         x15=1c0000c0 x15:1c0000bf
14233641ns          237388 1c008b56 feb71ce3 bne              x14, x11, -8        x14:00000000 x11:00000064
14233701ns          237391 1c008b4e 00070863 beq              x14, x0, 16         x14:00000000
14233761ns          237394 1c008b5e 00000513 addi             x10, x0, 0          x10=00000000
14233780ns          237395 1c008b60 fe058de3 beq              x11, x0, -6         x11:00000064
14233800ns          237396 1c008b62 00008067 jalr             x0, x1, 0            x1:1c008d7e
14233840ns          237398 1c008d7e 01c12603 lw               x12, 28(x2)         x12=1c00005d  x2:10003618  PA:10003634
14233880ns          237400 1c008d80 00c00a33 add              x20, x0, x12        x20=1c00005d x12:1c00005d
14233900ns          237401 1c008d82 00050563 beq              x10, x0, 10         x10:00000000
14234218ns          237417 1c008d8c 06900793 addi             x15, x0, 105        x15=00000069
14234238ns          237418 1c008d90 1cf98be3 beq              x19, x15, 2518      x19:00000064 x15:00000069
14234258ns          237419 1c008d94 4b37ce63 blt              x15, x19, 1212      x15:00000069 x19:00000064
14234278ns          237420 1c008d98 05800793 addi             x15, x0, 88         x15=00000058
14234297ns          237421 1c008d9c 4cf98863 beq              x19, x15, 1232      x19:00000064 x15:00000058
14234775ns          237445 1c008da0 3f37cd63 blt              x15, x19, 1018      x15:00000058 x19:00000064
14234914ns          237452 1c00919a 06400793 addi             x15, x0, 100        x15=00000064
14234974ns          237455 1c00919e 5cf98463 beq              x19, x15, 1480      x19:00000064 x15:00000064
14235073ns          237460 1c009766 01812b83 lw               x23, 24(x2)         x23=1000377c  x2:10003618  PA:10003630
14235113ns          237462 1c009768 004ba60b p.lw             x12, 4(x23!)        x12=00000007 x23=10003780 x23:1000377c  PA:1000377c
14235153ns          237464 1c00976c 48064963 blt              x12, x0, 1170       x12:00000007
14235192ns          237466 1c009770 01412783 lw               x15, 20(x2)         x15=00000000  x2:10003618  PA:1000362c
14235212ns          237467 1c009772 00c00733 add              x14, x0, x12        x14=00000007 x12:00000007
14235232ns          237468 1c009774 56078863 beq              x15, x0, 1392       x15:00000000
14235332ns          237473 1c009ce4 01012783 lw               x15, 16(x2)         x15=00000000  x2:10003618  PA:10003628
14235352ns          237474 1c009ce6 01b00533 add              x10, x0, x27        x10=1000364c x27:1000364c
14235371ns          237475 1c009ce8 a8078ee3 beq              x15, x0, -1380      x15:00000000
14235531ns          237483 1c009784 00a007b3 add              x15, x0, x10        x15=1000364c x10:1000364c
14235550ns          237484 1c009786 00a00593 addi             x11, x0, 10         x11=0000000a
14235570ns          237485 1c009788 00900313 addi             x6, x0, 9            x6=00000009
14235590ns          237486 1c00978a 02b776b3 remu             x13, x14, x11       x13=00000007 x14:00000007 x11:0000000a
14236207ns          237517 1c00978e 00e00833 add              x16, x0, x14        x16=00000007 x14:00000007
14236227ns          237518 1c009790 00f008b3 add              x17, x0, x15        x17=1000364c x15:1000364c
14236247ns          237519 1c009792 03068693 addi             x13, x13, 48        x13=00000037 x13:00000007
14236266ns          237520 1c009796 00d780ab p.sb             x13, 1(x15!)        x15=1000364d x13:00000037 x15:1000364c  PA:1000364c
14236286ns          237521 1c00979a 02b75733 divu             x14, x14, x11       x14=00000000 x14:00000007 x11:0000000a
14236923ns          237553 1c00979e ff0366e3 bltu             x6, x16, -20         x6:00000009 x16:00000007
14236943ns          237554 1c0097a2 40a78733 sub              x14, x15, x10       x14=00000001 x15:1000364d x10:1000364c
14236962ns          237555 1c0097a6 01675c63 bge              x14, x22, 24        x14:00000001 x22:ffffffff
14237460ns          237580 1c0097be 00078023 sb               x0, 0(x15)          x15:1000364d  PA:1000364d
14237499ns          237582 1c0097c2 0b157563 bgeu             x10, x17, 170       x10:1000364c x17:1000364c
14237599ns          237587 1c00986c 01412703 lw               x14, 20(x2)         x14=00000000  x2:10003618  PA:1000362c
14237619ns          237588 1c00986e 01012683 lw               x13, 16(x2)         x13=00000000  x2:10003618  PA:10003628
14237678ns          237591 1c009870 41b787b3 sub              x15, x15, x27       x15=00000001 x15:1000364d x27:1000364c
14237718ns          237593 1c009874 00d76733 or               x14, x14, x13       x14=00000000 x14:00000000 x13:00000000
14237738ns          237594 1c009876 02e12623 sw               x14, 44(x2)         x14:00000000  x2:10003618  PA:10003644
14237798ns          237597 1c009878 b0071be3 bne              x14, x0, -1258      x14:00000000
14237818ns          237598 1c00987c 01f65713 srli             x14, x12, 0x1f      x14=00000000 x12:00000007
14237838ns          237599 1c009880 02e12623 sw               x14, 44(x2)         x14:00000000  x2:10003618  PA:10003644
14237897ns          237602 1c009882 b0dff06f jal              x0, -1268          
14237997ns          237607 1c00938e ebfb2be3 p.beqimm         x22, -330           x22:ffffffff
14238096ns          237612 1c009244 0c800713 addi             x14, x0, 200        x14=000000c8
14238136ns          237614 1c009248 14f75b63 bge              x14, x15, 342       x14:000000c8 x15:00000001
14238315ns          237623 1c00939e 00178613 addi             x12, x15, 1         x12=00000002 x15:00000001
14238355ns          237625 1c0093a2 0557c863 blt              x15, x21, 80        x15:00000001 x21:00000000
14238375ns          237626 1c0093a6 01712c23 sw               x23, 24(x2)         x23:10003780  x2:10003618  PA:10003630
14238394ns          237627 1c0093a8 00f00ab3 add              x21, x0, x15        x21=00000001 x15:00000001
14238414ns          237628 1c0093aa 8e0a8fe3 beq              x21, x0, -1794      x21:00000001
14238434ns          237629 1c0093ae 01b00933 add              x18, x0, x27        x18=1000364c x27:1000364c
14238454ns          237630 1c0093b0 41b409b3 sub              x19, x8, x27        x19=efffc9b7  x8:00000003 x27:1000364c
14238474ns          237631 1c0093b4 01ba8ab3 add              x21, x21, x27       x21=1000364d x21:00000001 x27:1000364c
14238494ns          237632 1c0093b6 00a0006f jal              x0, 10             
14238912ns          237653 1c0093c0 0019450b p.lbu            x10, 1(x18!)        x10=00000037 x18=1000364d x18:1000364c  PA:1000364c
14238951ns          237655 1c0093c4 009005b3 add              x11, x0, x9         x11=00000002  x9:00000002
14238971ns          237656 1c0093c6 000c80e7 jalr             x1, x25, 0           x1=1c0093c8 x25:1c008bb6
14239071ns          237661 1c008bb6 000026b7 lui              x13, 0x2000         x13=00002000
14239090ns          237662 1c008bb8 f8068693 addi             x13, x13, -128      x13=00001f80 x13:00002000
14239110ns          237663 1c008bbc f14027f3 csrrs            x15, x0, 0xf14      x15=00000006
14239130ns          237664 1c008bc0 00379713 slli             x14, x15, 0x3       x14=00000030 x15:00000006
14239150ns          237665 1c008bc4 00279793 slli             x15, x15, 0x2       x15=00000018 x15:00000006
14239170ns          237666 1c008bc6 00d7f7b3 and              x15, x15, x13       x15=00000000 x15:00000018 x13:00001f80
14239190ns          237667 1c008bc8 ee873733 p.bclr           x14, x14, 23, 8     x14=00000030 x14:00000030
14239210ns          237668 1c008bcc 1a10f6b7 lui              x13, 0x1a10f000     x13=1a10f000
14239269ns          237671 1c008bd0 00d70733 add              x14, x14, x13       x14=1a10f030 x14:00000030 x13:1a10f000
14239289ns          237672 1c008bd2 00e787b3 add              x15, x15, x14       x15=1a10f030 x15:00000000 x14:1a10f030
14239309ns          237673 1c008bd4 0ff57513 andi             x10, x10, 255       x10=00000037 x10:00000037
14239329ns          237674 1c008bd8 00a7a023 sw               x10, 0(x15)         x10:00000037 x15:1a10f030  PA:1a10f030
14239906ns          237703 1c008bda 00000513 addi             x10, x0, 0          x10=00000000
14239926ns          237704 1c008bdc 00008067 jalr             x0, x1, 0            x1:1c0093c8
14239966ns          237706 1c0093c8 fff538e3 p.bneimm         x10, -16            x10:00000000
14240025ns          237709 1c0093b8 01298433 add              x8, x19, x18         x8=00000004 x19:efffc9b7 x18:1000364d
14240045ns          237710 1c0093bc 8f2a86e3 beq              x21, x18, -1812     x21:1000364d x18:1000364d
14240105ns          237713 1c008ca8 001a450b p.lbu            x10, 1(x20!)        x10=00000020 x20=1c00005e x20:1c00005d  PA:1c00005d
14240423ns          237729 1c008cac fe0515e3 bne              x10, x0, -22        x10:00000020
14240562ns          237736 1c008c96 02500793 addi             x15, x0, 37         x15=00000025
14240582ns          237737 1c008c9a 04f50763 beq              x10, x15, 78        x10:00000020 x15:00000025
14240602ns          237738 1c008c9e 009005b3 add              x11, x0, x9         x11=00000002  x9:00000002
14240622ns          237739 1c008ca0 000c80e7 jalr             x1, x25, 0           x1=1c008ca2 x25:1c008bb6
14240662ns          237741 1c008bb6 000026b7 lui              x13, 0x2000         x13=00002000
14240682ns          237742 1c008bb8 f8068693 addi             x13, x13, -128      x13=00001f80 x13:00002000
14240701ns          237743 1c008bbc f14027f3 csrrs            x15, x0, 0xf14      x15=00000006
14240721ns          237744 1c008bc0 00379713 slli             x14, x15, 0x3       x14=00000030 x15:00000006
14240741ns          237745 1c008bc4 00279793 slli             x15, x15, 0x2       x15=00000018 x15:00000006
14240761ns          237746 1c008bc6 00d7f7b3 and              x15, x15, x13       x15=00000000 x15:00000018 x13:00001f80
14240781ns          237747 1c008bc8 ee873733 p.bclr           x14, x14, 23, 8     x14=00000030 x14:00000030
14240801ns          237748 1c008bcc 1a10f6b7 lui              x13, 0x1a10f000     x13=1a10f000
14240821ns          237749 1c008bd0 00d70733 add              x14, x14, x13       x14=1a10f030 x14:00000030 x13:1a10f000
14240841ns          237750 1c008bd2 00e787b3 add              x15, x15, x14       x15=1a10f030 x15:00000000 x14:1a10f030
14240861ns          237751 1c008bd4 0ff57513 andi             x10, x10, 255       x10=00000020 x10:00000020
14240880ns          237752 1c008bd8 00a7a023 sw               x10, 0(x15)         x10:00000020 x15:1a10f030  PA:1a10f030
14241219ns          237769 1c008bda 00000513 addi             x10, x0, 0          x10=00000000
14241238ns          237770 1c008bdc 00008067 jalr             x0, x1, 0            x1:1c008ca2
14241298ns          237773 1c008ca2 4df52863 p.beqimm         x10, 1232           x10:00000000
14241318ns          237774 1c008ca6 00140413 addi             x8, x8, 1            x8=00000005  x8:00000004
14241338ns          237775 1c008ca8 001a450b p.lbu            x10, 1(x20!)        x10=00000028 x20=1c00005f x20:1c00005e  PA:1c00005e
14241656ns          237791 1c008cac fe0515e3 bne              x10, x0, -22        x10:00000028
14241736ns          237795 1c008c96 02500793 addi             x15, x0, 37         x15=00000025
14241755ns          237796 1c008c9a 04f50763 beq              x10, x15, 78        x10:00000028 x15:00000025
14241775ns          237797 1c008c9e 009005b3 add              x11, x0, x9         x11=00000002  x9:00000002
14241795ns          237798 1c008ca0 000c80e7 jalr             x1, x25, 0           x1=1c008ca2 x25:1c008bb6
14241835ns          237800 1c008bb6 000026b7 lui              x13, 0x2000         x13=00002000
14241855ns          237801 1c008bb8 f8068693 addi             x13, x13, -128      x13=00001f80 x13:00002000
14241875ns          237802 1c008bbc f14027f3 csrrs            x15, x0, 0xf14      x15=00000006
14241895ns          237803 1c008bc0 00379713 slli             x14, x15, 0x3       x14=00000030 x15:00000006
14241915ns          237804 1c008bc4 00279793 slli             x15, x15, 0x2       x15=00000018 x15:00000006
14241934ns          237805 1c008bc6 00d7f7b3 and              x15, x15, x13       x15=00000000 x15:00000018 x13:00001f80
14241954ns          237806 1c008bc8 ee873733 p.bclr           x14, x14, 23, 8     x14=00000030 x14:00000030
14241974ns          237807 1c008bcc 1a10f6b7 lui              x13, 0x1a10f000     x13=1a10f000
14241994ns          237808 1c008bd0 00d70733 add              x14, x14, x13       x14=1a10f030 x14:00000030 x13:1a10f000
14242014ns          237809 1c008bd2 00e787b3 add              x15, x15, x14       x15=1a10f030 x15:00000000 x14:1a10f030
14242034ns          237810 1c008bd4 0ff57513 andi             x10, x10, 255       x10=00000028 x10:00000028
14242054ns          237811 1c008bd8 00a7a023 sw               x10, 0(x15)         x10:00000028 x15:1a10f030  PA:1a10f030
14242392ns          237828 1c008bda 00000513 addi             x10, x0, 0          x10=00000000
14242412ns          237829 1c008bdc 00008067 jalr             x0, x1, 0            x1:1c008ca2
14242471ns          237832 1c008ca2 4df52863 p.beqimm         x10, 1232           x10:00000000
14242491ns          237833 1c008ca6 00140413 addi             x8, x8, 1            x8=00000006  x8:00000005
14242511ns          237834 1c008ca8 001a450b p.lbu            x10, 1(x20!)        x10=00000043 x20=1c000060 x20:1c00005f  PA:1c00005f
14242849ns          237851 1c008cac fe0515e3 bne              x10, x0, -22        x10:00000043
14242929ns          237855 1c008c96 02500793 addi             x15, x0, 37         x15=00000025
14242949ns          237856 1c008c9a 04f50763 beq              x10, x15, 78        x10:00000043 x15:00000025
14242969ns          237857 1c008c9e 009005b3 add              x11, x0, x9         x11=00000002  x9:00000002
14242989ns          237858 1c008ca0 000c80e7 jalr             x1, x25, 0           x1=1c008ca2 x25:1c008bb6
14243028ns          237860 1c008bb6 000026b7 lui              x13, 0x2000         x13=00002000
14243048ns          237861 1c008bb8 f8068693 addi             x13, x13, -128      x13=00001f80 x13:00002000
14243068ns          237862 1c008bbc f14027f3 csrrs            x15, x0, 0xf14      x15=00000006
14243088ns          237863 1c008bc0 00379713 slli             x14, x15, 0x3       x14=00000030 x15:00000006
14243108ns          237864 1c008bc4 00279793 slli             x15, x15, 0x2       x15=00000018 x15:00000006
14243128ns          237865 1c008bc6 00d7f7b3 and              x15, x15, x13       x15=00000000 x15:00000018 x13:00001f80
14243148ns          237866 1c008bc8 ee873733 p.bclr           x14, x14, 23, 8     x14=00000030 x14:00000030
14243168ns          237867 1c008bcc 1a10f6b7 lui              x13, 0x1a10f000     x13=1a10f000
14243187ns          237868 1c008bd0 00d70733 add              x14, x14, x13       x14=1a10f030 x14:00000030 x13:1a10f000
14243207ns          237869 1c008bd2 00e787b3 add              x15, x15, x14       x15=1a10f030 x15:00000000 x14:1a10f030
14243227ns          237870 1c008bd4 0ff57513 andi             x10, x10, 255       x10=00000043 x10:00000043
14243247ns          237871 1c008bd8 00a7a023 sw               x10, 0(x15)         x10:00000043 x15:1a10f030  PA:1a10f030
14243565ns          237887 1c008bda 00000513 addi             x10, x0, 0          x10=00000000
14243585ns          237888 1c008bdc 00008067 jalr             x0, x1, 0            x1:1c008ca2
14243645ns          237891 1c008ca2 4df52863 p.beqimm         x10, 1232           x10:00000000
14243665ns          237892 1c008ca6 00140413 addi             x8, x8, 1            x8=00000007  x8:00000006
14243685ns          237893 1c008ca8 001a450b p.lbu            x10, 1(x20!)        x10=0000006f x20=1c000061 x20:1c000060  PA:1c000060
14244003ns          237909 1c008cac fe0515e3 bne              x10, x0, -22        x10:0000006f
14244082ns          237913 1c008c96 02500793 addi             x15, x0, 37         x15=00000025
14244102ns          237914 1c008c9a 04f50763 beq              x10, x15, 78        x10:0000006f x15:00000025
14244122ns          237915 1c008c9e 009005b3 add              x11, x0, x9         x11=00000002  x9:00000002
14244142ns          237916 1c008ca0 000c80e7 jalr             x1, x25, 0           x1=1c008ca2 x25:1c008bb6
14244182ns          237918 1c008bb6 000026b7 lui              x13, 0x2000         x13=00002000
14244202ns          237919 1c008bb8 f8068693 addi             x13, x13, -128      x13=00001f80 x13:00002000
14244222ns          237920 1c008bbc f14027f3 csrrs            x15, x0, 0xf14      x15=00000006
14244241ns          237921 1c008bc0 00379713 slli             x14, x15, 0x3       x14=00000030 x15:00000006
14244261ns          237922 1c008bc4 00279793 slli             x15, x15, 0x2       x15=00000018 x15:00000006
14244281ns          237923 1c008bc6 00d7f7b3 and              x15, x15, x13       x15=00000000 x15:00000018 x13:00001f80
14244301ns          237924 1c008bc8 ee873733 p.bclr           x14, x14, 23, 8     x14=00000030 x14:00000030
14244321ns          237925 1c008bcc 1a10f6b7 lui              x13, 0x1a10f000     x13=1a10f000
14244341ns          237926 1c008bd0 00d70733 add              x14, x14, x13       x14=1a10f030 x14:00000030 x13:1a10f000
14244361ns          237927 1c008bd2 00e787b3 add              x15, x15, x14       x15=1a10f030 x15:00000000 x14:1a10f030
14244381ns          237928 1c008bd4 0ff57513 andi             x10, x10, 255       x10=0000006f x10:0000006f
14244401ns          237929 1c008bd8 00a7a023 sw               x10, 0(x15)         x10:0000006f x15:1a10f030  PA:1a10f030
14244739ns          237946 1c008bda 00000513 addi             x10, x0, 0          x10=00000000
14244759ns          237947 1c008bdc 00008067 jalr             x0, x1, 0            x1:1c008ca2
14244818ns          237950 1c008ca2 4df52863 p.beqimm         x10, 1232           x10:00000000
14244838ns          237951 1c008ca6 00140413 addi             x8, x8, 1            x8=00000008  x8:00000007
14244858ns          237952 1c008ca8 001a450b p.lbu            x10, 1(x20!)        x10=00000072 x20=1c000062 x20:1c000061  PA:1c000061
14245196ns          237969 1c008cac fe0515e3 bne              x10, x0, -22        x10:00000072
14245276ns          237973 1c008c96 02500793 addi             x15, x0, 37         x15=00000025
14245296ns          237974 1c008c9a 04f50763 beq              x10, x15, 78        x10:00000072 x15:00000025
14245315ns          237975 1c008c9e 009005b3 add              x11, x0, x9         x11=00000002  x9:00000002
14245335ns          237976 1c008ca0 000c80e7 jalr             x1, x25, 0           x1=1c008ca2 x25:1c008bb6
14245375ns          237978 1c008bb6 000026b7 lui              x13, 0x2000         x13=00002000
14245395ns          237979 1c008bb8 f8068693 addi             x13, x13, -128      x13=00001f80 x13:00002000
14245415ns          237980 1c008bbc f14027f3 csrrs            x15, x0, 0xf14      x15=00000006
14245435ns          237981 1c008bc0 00379713 slli             x14, x15, 0x3       x14=00000030 x15:00000006
14245455ns          237982 1c008bc4 00279793 slli             x15, x15, 0x2       x15=00000018 x15:00000006
14245475ns          237983 1c008bc6 00d7f7b3 and              x15, x15, x13       x15=00000000 x15:00000018 x13:00001f80
14245494ns          237984 1c008bc8 ee873733 p.bclr           x14, x14, 23, 8     x14=00000030 x14:00000030
14245514ns          237985 1c008bcc 1a10f6b7 lui              x13, 0x1a10f000     x13=1a10f000
14245534ns          237986 1c008bd0 00d70733 add              x14, x14, x13       x14=1a10f030 x14:00000030 x13:1a10f000
14245554ns          237987 1c008bd2 00e787b3 add              x15, x15, x14       x15=1a10f030 x15:00000000 x14:1a10f030
14245574ns          237988 1c008bd4 0ff57513 andi             x10, x10, 255       x10=00000072 x10:00000072
14245594ns          237989 1c008bd8 00a7a023 sw               x10, 0(x15)         x10:00000072 x15:1a10f030  PA:1a10f030
14245912ns          238005 1c008bda 00000513 addi             x10, x0, 0          x10=00000000
14245932ns          238006 1c008bdc 00008067 jalr             x0, x1, 0            x1:1c008ca2
14245992ns          238009 1c008ca2 4df52863 p.beqimm         x10, 1232           x10:00000000
14246012ns          238010 1c008ca6 00140413 addi             x8, x8, 1            x8=00000009  x8:00000008
14246031ns          238011 1c008ca8 001a450b p.lbu            x10, 1(x20!)        x10=00000065 x20=1c000063 x20:1c000062  PA:1c000062
14246350ns          238027 1c008cac fe0515e3 bne              x10, x0, -22        x10:00000065
14246429ns          238031 1c008c96 02500793 addi             x15, x0, 37         x15=00000025
14246449ns          238032 1c008c9a 04f50763 beq              x10, x15, 78        x10:00000065 x15:00000025
14246469ns          238033 1c008c9e 009005b3 add              x11, x0, x9         x11=00000002  x9:00000002
14246489ns          238034 1c008ca0 000c80e7 jalr             x1, x25, 0           x1=1c008ca2 x25:1c008bb6
14246529ns          238036 1c008bb6 000026b7 lui              x13, 0x2000         x13=00002000
14246548ns          238037 1c008bb8 f8068693 addi             x13, x13, -128      x13=00001f80 x13:00002000
14246568ns          238038 1c008bbc f14027f3 csrrs            x15, x0, 0xf14      x15=00000006
14246588ns          238039 1c008bc0 00379713 slli             x14, x15, 0x3       x14=00000030 x15:00000006
14246608ns          238040 1c008bc4 00279793 slli             x15, x15, 0x2       x15=00000018 x15:00000006
14246628ns          238041 1c008bc6 00d7f7b3 and              x15, x15, x13       x15=00000000 x15:00000018 x13:00001f80
14246648ns          238042 1c008bc8 ee873733 p.bclr           x14, x14, 23, 8     x14=00000030 x14:00000030
14246668ns          238043 1c008bcc 1a10f6b7 lui              x13, 0x1a10f000     x13=1a10f000
14246688ns          238044 1c008bd0 00d70733 add              x14, x14, x13       x14=1a10f030 x14:00000030 x13:1a10f000
14246708ns          238045 1c008bd2 00e787b3 add              x15, x15, x14       x15=1a10f030 x15:00000000 x14:1a10f030
14246727ns          238046 1c008bd4 0ff57513 andi             x10, x10, 255       x10=00000065 x10:00000065
14246747ns          238047 1c008bd8 00a7a023 sw               x10, 0(x15)         x10:00000065 x15:1a10f030  PA:1a10f030
14247105ns          238065 1c008bda 00000513 addi             x10, x0, 0          x10=00000000
14247125ns          238066 1c008bdc 00008067 jalr             x0, x1, 0            x1:1c008ca2
14247185ns          238069 1c008ca2 4df52863 p.beqimm         x10, 1232           x10:00000000
14247205ns          238070 1c008ca6 00140413 addi             x8, x8, 1            x8=0000000a  x8:00000009
14247225ns          238071 1c008ca8 001a450b p.lbu            x10, 1(x20!)        x10=00000020 x20=1c000064 x20:1c000063  PA:1c000063
14247543ns          238087 1c008cac fe0515e3 bne              x10, x0, -22        x10:00000020
14247622ns          238091 1c008c96 02500793 addi             x15, x0, 37         x15=00000025
14247642ns          238092 1c008c9a 04f50763 beq              x10, x15, 78        x10:00000020 x15:00000025
14247662ns          238093 1c008c9e 009005b3 add              x11, x0, x9         x11=00000002  x9:00000002
14247682ns          238094 1c008ca0 000c80e7 jalr             x1, x25, 0           x1=1c008ca2 x25:1c008bb6
14247722ns          238096 1c008bb6 000026b7 lui              x13, 0x2000         x13=00002000
14247742ns          238097 1c008bb8 f8068693 addi             x13, x13, -128      x13=00001f80 x13:00002000
14247762ns          238098 1c008bbc f14027f3 csrrs            x15, x0, 0xf14      x15=00000006
14247782ns          238099 1c008bc0 00379713 slli             x14, x15, 0x3       x14=00000030 x15:00000006
14247801ns          238100 1c008bc4 00279793 slli             x15, x15, 0x2       x15=00000018 x15:00000006
14247821ns          238101 1c008bc6 00d7f7b3 and              x15, x15, x13       x15=00000000 x15:00000018 x13:00001f80
14247841ns          238102 1c008bc8 ee873733 p.bclr           x14, x14, 23, 8     x14=00000030 x14:00000030
14247861ns          238103 1c008bcc 1a10f6b7 lui              x13, 0x1a10f000     x13=1a10f000
14247881ns          238104 1c008bd0 00d70733 add              x14, x14, x13       x14=1a10f030 x14:00000030 x13:1a10f000
14247901ns          238105 1c008bd2 00e787b3 add              x15, x15, x14       x15=1a10f030 x15:00000000 x14:1a10f030
14247921ns          238106 1c008bd4 0ff57513 andi             x10, x10, 255       x10=00000020 x10:00000020
14247941ns          238107 1c008bd8 00a7a023 sw               x10, 0(x15)         x10:00000020 x15:1a10f030  PA:1a10f030
14248259ns          238123 1c008bda 00000513 addi             x10, x0, 0          x10=00000000
14248279ns          238124 1c008bdc 00008067 jalr             x0, x1, 0            x1:1c008ca2
14248338ns          238127 1c008ca2 4df52863 p.beqimm         x10, 1232           x10:00000000
14248358ns          238128 1c008ca6 00140413 addi             x8, x8, 1            x8=0000000b  x8:0000000a
14248378ns          238129 1c008ca8 001a450b p.lbu            x10, 1(x20!)        x10=00000025 x20=1c000065 x20:1c000064  PA:1c000064
14248696ns          238145 1c008cac fe0515e3 bne              x10, x0, -22        x10:00000025
14248776ns          238149 1c008c96 02500793 addi             x15, x0, 37         x15=00000025
14248796ns          238150 1c008c9a 04f50763 beq              x10, x15, 78        x10:00000025 x15:00000025
14248856ns          238153 1c008ce8 01400c33 add              x24, x0, x20        x24=1c000065 x20:1c000065
14248875ns          238154 1c008cea 000c4a03 lbu              x20, 0(x24)         x20=00000064 x24:1c000065  PA:1c000065
14249174ns          238169 1c008cee 0b4d0513 addi             x10, x26, 180       x10=1c0000b4 x26:1c000000
14249194ns          238170 1c008cf2 00912e23 sw               x9, 28(x2)           x9:00000002  x2:10003618  PA:10003634
14249213ns          238171 1c008cf4 014005b3 add              x11, x0, x20        x11=00000064 x20:00000064
14249233ns          238172 1c008cf6 00012823 sw               x0, 16(x2)           x2:10003618  PA:10003628
14249253ns          238173 1c008cf8 00012a23 sw               x0, 20(x2)           x2:10003618  PA:1000362c
14249273ns          238174 1c008cfa 00012623 sw               x0, 12(x2)           x2:10003618  PA:10003624
14249293ns          238175 1c008cfc 001c0493 addi             x9, x24, 1           x9=1c000066 x24:1c000065
14249313ns          238176 1c008d00 e41ff0ef jal              x1, -448             x1=1c008d02
14249353ns          238178 1c008b40 00054703 lbu              x14, 0(x10)         x14=0000002d x10:1c0000b4  PA:1c0000b4
14249651ns          238193 1c008b44 0ff5f593 andi             x11, x11, 255       x11=00000064 x11:00000064
14249671ns          238194 1c008b48 00a007b3 add              x15, x0, x10        x15=1c0000b4 x10:1c0000b4
14249691ns          238195 1c008b4a 00b70863 beq              x14, x11, 16        x14:0000002d x11:00000064
14249711ns          238196 1c008b4e 00070863 beq              x14, x0, 16         x14:0000002d
14249731ns          238197 1c008b50 0017c703 lbu              x14, 1(x15)         x14=0000002b x15:1c0000b4  PA:1c0000b5
14250089ns          238215 1c008b54 00178793 addi             x15, x15, 1         x15=1c0000b5 x15:1c0000b4
14250108ns          238216 1c008b56 feb71ce3 bne              x14, x11, -8        x14:0000002b x11:00000064
14250168ns          238219 1c008b4e 00070863 beq              x14, x0, 16         x14:0000002b
14250188ns          238220 1c008b50 0017c703 lbu              x14, 1(x15)         x14=00000020 x15:1c0000b5  PA:1c0000b6
14250486ns          238235 1c008b54 00178793 addi             x15, x15, 1         x15=1c0000b6 x15:1c0000b5
14250506ns          238236 1c008b56 feb71ce3 bne              x14, x11, -8        x14:00000020 x11:00000064
14250566ns          238239 1c008b4e 00070863 beq              x14, x0, 16         x14:00000020
14250586ns          238240 1c008b50 0017c703 lbu              x14, 1(x15)         x14=00000023 x15:1c0000b6  PA:1c0000b7
14250884ns          238255 1c008b54 00178793 addi             x15, x15, 1         x15=1c0000b7 x15:1c0000b6
14250904ns          238256 1c008b56 feb71ce3 bne              x14, x11, -8        x14:00000023 x11:00000064
14250964ns          238259 1c008b4e 00070863 beq              x14, x0, 16         x14:00000023
14250984ns          238260 1c008b50 0017c703 lbu              x14, 1(x15)         x14=00000030 x15:1c0000b7  PA:1c0000b8
14251282ns          238275 1c008b54 00178793 addi             x15, x15, 1         x15=1c0000b8 x15:1c0000b7
14251302ns          238276 1c008b56 feb71ce3 bne              x14, x11, -8        x14:00000030 x11:00000064
14251361ns          238279 1c008b4e 00070863 beq              x14, x0, 16         x14:00000030
14251381ns          238280 1c008b50 0017c703 lbu              x14, 1(x15)         x14=00000000 x15:1c0000b8  PA:1c0000b9
14251699ns          238296 1c008b54 00178793 addi             x15, x15, 1         x15=1c0000b9 x15:1c0000b8
14251719ns          238297 1c008b56 feb71ce3 bne              x14, x11, -8        x14:00000000 x11:00000064
14251779ns          238300 1c008b4e 00070863 beq              x14, x0, 16         x14:00000000
14251839ns          238303 1c008b5e 00000513 addi             x10, x0, 0          x10=00000000
14251859ns          238304 1c008b60 fe058de3 beq              x11, x0, -6         x11:00000064
14251878ns          238305 1c008b62 00008067 jalr             x0, x1, 0            x1:1c008d02
14251938ns          238308 1c008d02 02000913 addi             x18, x0, 32         x18=00000020
14251958ns          238309 1c008d06 00000993 addi             x19, x0, 0          x19=00000000
14251978ns          238310 1c008d08 02b00a93 addi             x21, x0, 43         x21=0000002b
14251998ns          238311 1c008d0c 02d00b93 addi             x23, x0, 45         x23=0000002d
14252038ns          238313 1c008d10 03000b13 addi             x22, x0, 48         x22=00000030
14252077ns          238315 1c008d14 00900633 add              x12, x0, x9         x12=1c000066  x9:1c000066
14252097ns          238316 1c008d16 02050963 beq              x10, x0, 50         x10:00000000
14252256ns          238324 1c008d48 03312623 sw               x19, 44(x2)         x19:00000000  x2:10003618  PA:10003644
14252296ns          238326 1c008d4a 02a00693 addi             x13, x0, 42         x13=0000002a
14252316ns          238327 1c008d4e 014009b3 add              x19, x0, x20        x19=00000064 x20:00000064
14252356ns          238329 1c008d50 01800a33 add              x20, x0, x24        x20=1c000065 x24:1c000065
14252376ns          238330 1c008d52 00900c33 add              x24, x0, x9         x24=1c000066  x9:1c000066
14252396ns          238331 1c008d54 01c12483 lw               x9, 28(x2)           x9=00000002  x2:10003618  PA:10003634
14252415ns          238332 1c008d56 42d98063 beq              x19, x13, 1056      x19:00000064 x13:0000002a
14252435ns          238333 1c008d5a fd098693 addi             x13, x19, -48       x13=00000034 x19:00000064
14252455ns          238334 1c008d5e 00900513 addi             x10, x0, 9          x10=00000009
14252475ns          238335 1c008d60 00000a93 addi             x21, x0, 0          x21=00000000
14252495ns          238336 1c008d62 3cd57f63 bgeu             x10, x13, 990       x10:00000009 x13:00000034
14252515ns          238337 1c008d66 02e00793 addi             x15, x0, 46         x15=0000002e
14252535ns          238338 1c008d6a fff00b13 addi             x22, x0, -1         x22=ffffffff
14252555ns          238339 1c008d6c 04f981e3 beq              x19, x15, 2114      x19:00000064 x15:0000002e
14252575ns          238340 1c008d70 1c0007b7 lui              x15, 0x1c000000     x15=1c000000
14252594ns          238341 1c008d74 013005b3 add              x11, x0, x19        x11=00000064 x19:00000064
14252614ns          238342 1c008d76 0bc78513 addi             x10, x15, 188       x10=1c0000bc x15:1c000000
14252634ns          238343 1c008d7a 00c12e23 sw               x12, 28(x2)         x12:1c000066  x2:10003618  PA:10003634
14252654ns          238344 1c008d7c dc5ff0ef jal              x1, -572             x1=1c008d7e
14252694ns          238346 1c008b40 00054703 lbu              x14, 0(x10)         x14=00000068 x10:1c0000bc  PA:1c0000bc
14253012ns          238362 1c008b44 0ff5f593 andi             x11, x11, 255       x11=00000064 x11:00000064
14253032ns          238363 1c008b48 00a007b3 add              x15, x0, x10        x15=1c0000bc x10:1c0000bc
14253052ns          238364 1c008b4a 00b70863 beq              x14, x11, 16        x14:00000068 x11:00000064
14253072ns          238365 1c008b4e 00070863 beq              x14, x0, 16         x14:00000068
14253092ns          238366 1c008b50 0017c703 lbu              x14, 1(x15)         x14=0000006c x15:1c0000bc  PA:1c0000bd
14253529ns          238388 1c008b54 00178793 addi             x15, x15, 1         x15=1c0000bd x15:1c0000bc
14253549ns          238389 1c008b56 feb71ce3 bne              x14, x11, -8        x14:0000006c x11:00000064
14253609ns          238392 1c008b4e 00070863 beq              x14, x0, 16         x14:0000006c
14253629ns          238393 1c008b50 0017c703 lbu              x14, 1(x15)         x14=0000004c x15:1c0000bd  PA:1c0000be
14253927ns          238408 1c008b54 00178793 addi             x15, x15, 1         x15=1c0000be x15:1c0000bd
14253947ns          238409 1c008b56 feb71ce3 bne              x14, x11, -8        x14:0000004c x11:00000064
14254006ns          238412 1c008b4e 00070863 beq              x14, x0, 16         x14:0000004c
14254026ns          238413 1c008b50 0017c703 lbu              x14, 1(x15)         x14=0000007a x15:1c0000be  PA:1c0000bf
14254325ns          238428 1c008b54 00178793 addi             x15, x15, 1         x15=1c0000bf x15:1c0000be
14254345ns          238429 1c008b56 feb71ce3 bne              x14, x11, -8        x14:0000007a x11:00000064
14254404ns          238432 1c008b4e 00070863 beq              x14, x0, 16         x14:0000007a
14254424ns          238433 1c008b50 0017c703 lbu              x14, 1(x15)         x14=00000000 x15:1c0000bf  PA:1c0000c0
14254722ns          238448 1c008b54 00178793 addi             x15, x15, 1         x15=1c0000c0 x15:1c0000bf
14254742ns          238449 1c008b56 feb71ce3 bne              x14, x11, -8        x14:00000000 x11:00000064
14254802ns          238452 1c008b4e 00070863 beq              x14, x0, 16         x14:00000000
14254862ns          238455 1c008b5e 00000513 addi             x10, x0, 0          x10=00000000
14254882ns          238456 1c008b60 fe058de3 beq              x11, x0, -6         x11:00000064
14254901ns          238457 1c008b62 00008067 jalr             x0, x1, 0            x1:1c008d7e
14254941ns          238459 1c008d7e 01c12603 lw               x12, 28(x2)         x12=1c000066  x2:10003618  PA:10003634
14254981ns          238461 1c008d80 00c00a33 add              x20, x0, x12        x20=1c000066 x12:1c000066
14255001ns          238462 1c008d82 00050563 beq              x10, x0, 10         x10:00000000
14255061ns          238465 1c008d8c 06900793 addi             x15, x0, 105        x15=00000069
14255080ns          238466 1c008d90 1cf98be3 beq              x19, x15, 2518      x19:00000064 x15:00000069
14255100ns          238467 1c008d94 4b37ce63 blt              x15, x19, 1212      x15:00000069 x19:00000064
14255120ns          238468 1c008d98 05800793 addi             x15, x0, 88         x15=00000058
14255140ns          238469 1c008d9c 4cf98863 beq              x19, x15, 1232      x19:00000064 x15:00000058
14255200ns          238472 1c008da0 3f37cd63 blt              x15, x19, 1018      x15:00000058 x19:00000064
14255339ns          238479 1c00919a 06400793 addi             x15, x0, 100        x15=00000064
14255399ns          238482 1c00919e 5cf98463 beq              x19, x15, 1480      x19:00000064 x15:00000064
14255498ns          238487 1c009766 01812b83 lw               x23, 24(x2)         x23=10003780  x2:10003618  PA:10003630
14255538ns          238489 1c009768 004ba60b p.lw             x12, 4(x23!)        x12=00000006 x23=10003784 x23:10003780  PA:10003780
14255578ns          238491 1c00976c 48064963 blt              x12, x0, 1170       x12:00000006
14255617ns          238493 1c009770 01412783 lw               x15, 20(x2)         x15=00000000  x2:10003618  PA:1000362c
14255637ns          238494 1c009772 00c00733 add              x14, x0, x12        x14=00000006 x12:00000006
14255657ns          238495 1c009774 56078863 beq              x15, x0, 1392       x15:00000000
14255757ns          238500 1c009ce4 01012783 lw               x15, 16(x2)         x15=00000000  x2:10003618  PA:10003628
14255777ns          238501 1c009ce6 01b00533 add              x10, x0, x27        x10=1000364c x27:1000364c
14255796ns          238502 1c009ce8 a8078ee3 beq              x15, x0, -1380      x15:00000000
14255856ns          238505 1c009784 00a007b3 add              x15, x0, x10        x15=1000364c x10:1000364c
14255876ns          238506 1c009786 00a00593 addi             x11, x0, 10         x11=0000000a
14255896ns          238507 1c009788 00900313 addi             x6, x0, 9            x6=00000009
14255916ns          238508 1c00978a 02b776b3 remu             x13, x14, x11       x13=00000006 x14:00000006 x11:0000000a
14256532ns          238539 1c00978e 00e00833 add              x16, x0, x14        x16=00000006 x14:00000006
14256552ns          238540 1c009790 00f008b3 add              x17, x0, x15        x17=1000364c x15:1000364c
14256572ns          238541 1c009792 03068693 addi             x13, x13, 48        x13=00000036 x13:00000006
14256592ns          238542 1c009796 00d780ab p.sb             x13, 1(x15!)        x15=1000364d x13:00000036 x15:1000364c  PA:1000364c
14256612ns          238543 1c00979a 02b75733 divu             x14, x14, x11       x14=00000000 x14:00000006 x11:0000000a
14257248ns          238575 1c00979e ff0366e3 bltu             x6, x16, -20         x6:00000009 x16:00000006
14257268ns          238576 1c0097a2 40a78733 sub              x14, x15, x10       x14=00000001 x15:1000364d x10:1000364c
14257288ns          238577 1c0097a6 01675c63 bge              x14, x22, 24        x14:00000001 x22:ffffffff
14257467ns          238586 1c0097be 00078023 sb               x0, 0(x15)          x15:1000364d  PA:1000364d
14257507ns          238588 1c0097c2 0b157563 bgeu             x10, x17, 170       x10:1000364c x17:1000364c
14257566ns          238591 1c00986c 01412703 lw               x14, 20(x2)         x14=00000000  x2:10003618  PA:1000362c
14257586ns          238592 1c00986e 01012683 lw               x13, 16(x2)         x13=00000000  x2:10003618  PA:10003628
14257626ns          238594 1c009870 41b787b3 sub              x15, x15, x27       x15=00000001 x15:1000364d x27:1000364c
14257666ns          238596 1c009874 00d76733 or               x14, x14, x13       x14=00000000 x14:00000000 x13:00000000
14257686ns          238597 1c009876 02e12623 sw               x14, 44(x2)         x14:00000000  x2:10003618  PA:10003644
14257706ns          238598 1c009878 b0071be3 bne              x14, x0, -1258      x14:00000000
14257726ns          238599 1c00987c 01f65713 srli             x14, x12, 0x1f      x14=00000000 x12:00000006
14257745ns          238600 1c009880 02e12623 sw               x14, 44(x2)         x14:00000000  x2:10003618  PA:10003644
14257765ns          238601 1c009882 b0dff06f jal              x0, -1268          
14257865ns          238606 1c00938e ebfb2be3 p.beqimm         x22, -330           x22:ffffffff
14257964ns          238611 1c009244 0c800713 addi             x14, x0, 200        x14=000000c8
14258004ns          238613 1c009248 14f75b63 bge              x14, x15, 342       x14:000000c8 x15:00000001
14258183ns          238622 1c00939e 00178613 addi             x12, x15, 1         x12=00000002 x15:00000001
14258223ns          238624 1c0093a2 0557c863 blt              x15, x21, 80        x15:00000001 x21:00000000
14258243ns          238625 1c0093a6 01712c23 sw               x23, 24(x2)         x23:10003784  x2:10003618  PA:10003630
14258263ns          238626 1c0093a8 00f00ab3 add              x21, x0, x15        x21=00000001 x15:00000001
14258282ns          238627 1c0093aa 8e0a8fe3 beq              x21, x0, -1794      x21:00000001
14258302ns          238628 1c0093ae 01b00933 add              x18, x0, x27        x18=1000364c x27:1000364c
14258322ns          238629 1c0093b0 41b409b3 sub              x19, x8, x27        x19=efffc9bf  x8:0000000b x27:1000364c
14258362ns          238631 1c0093b4 01ba8ab3 add              x21, x21, x27       x21=1000364d x21:00000001 x27:1000364c
14258382ns          238632 1c0093b6 00a0006f jal              x0, 10             
14258422ns          238634 1c0093c0 0019450b p.lbu            x10, 1(x18!)        x10=00000036 x18=1000364d x18:1000364c  PA:1000364c
14258442ns          238635 1c0093c4 009005b3 add              x11, x0, x9         x11=00000002  x9:00000002
14258461ns          238636 1c0093c6 000c80e7 jalr             x1, x25, 0           x1=1c0093c8 x25:1c008bb6
14258501ns          238638 1c008bb6 000026b7 lui              x13, 0x2000         x13=00002000
14258521ns          238639 1c008bb8 f8068693 addi             x13, x13, -128      x13=00001f80 x13:00002000
14258541ns          238640 1c008bbc f14027f3 csrrs            x15, x0, 0xf14      x15=00000006
14258601ns          238643 1c008bc0 00379713 slli             x14, x15, 0x3       x14=00000030 x15:00000006
14258640ns          238645 1c008bc4 00279793 slli             x15, x15, 0x2       x15=00000018 x15:00000006
14258660ns          238646 1c008bc6 00d7f7b3 and              x15, x15, x13       x15=00000000 x15:00000018 x13:00001f80
14258680ns          238647 1c008bc8 ee873733 p.bclr           x14, x14, 23, 8     x14=00000030 x14:00000030
14258700ns          238648 1c008bcc 1a10f6b7 lui              x13, 0x1a10f000     x13=1a10f000
14258720ns          238649 1c008bd0 00d70733 add              x14, x14, x13       x14=1a10f030 x14:00000030 x13:1a10f000
14258740ns          238650 1c008bd2 00e787b3 add              x15, x15, x14       x15=1a10f030 x15:00000000 x14:1a10f030
14258760ns          238651 1c008bd4 0ff57513 andi             x10, x10, 255       x10=00000036 x10:00000036
14258780ns          238652 1c008bd8 00a7a023 sw               x10, 0(x15)         x10:00000036 x15:1a10f030  PA:1a10f030
14259098ns          238668 1c008bda 00000513 addi             x10, x0, 0          x10=00000000
14259118ns          238669 1c008bdc 00008067 jalr             x0, x1, 0            x1:1c0093c8
14259157ns          238671 1c0093c8 fff538e3 p.bneimm         x10, -16            x10:00000000
14259277ns          238677 1c0093b8 01298433 add              x8, x19, x18         x8=0000000c x19:efffc9bf x18:1000364d
14259297ns          238678 1c0093bc 8f2a86e3 beq              x21, x18, -1812     x21:1000364d x18:1000364d
14259396ns          238683 1c008ca8 001a450b p.lbu            x10, 1(x20!)        x10=00000029 x20=1c000067 x20:1c000066  PA:1c000066
14259714ns          238699 1c008cac fe0515e3 bne              x10, x0, -22        x10:00000029
14259794ns          238703 1c008c96 02500793 addi             x15, x0, 37         x15=00000025
14259814ns          238704 1c008c9a 04f50763 beq              x10, x15, 78        x10:00000029 x15:00000025
14259834ns          238705 1c008c9e 009005b3 add              x11, x0, x9         x11=00000002  x9:00000002
14259854ns          238706 1c008ca0 000c80e7 jalr             x1, x25, 0           x1=1c008ca2 x25:1c008bb6
14259893ns          238708 1c008bb6 000026b7 lui              x13, 0x2000         x13=00002000
14259913ns          238709 1c008bb8 f8068693 addi             x13, x13, -128      x13=00001f80 x13:00002000
14259933ns          238710 1c008bbc f14027f3 csrrs            x15, x0, 0xf14      x15=00000006
14259953ns          238711 1c008bc0 00379713 slli             x14, x15, 0x3       x14=00000030 x15:00000006
14259973ns          238712 1c008bc4 00279793 slli             x15, x15, 0x2       x15=00000018 x15:00000006
14259993ns          238713 1c008bc6 00d7f7b3 and              x15, x15, x13       x15=00000000 x15:00000018 x13:00001f80
14260013ns          238714 1c008bc8 ee873733 p.bclr           x14, x14, 23, 8     x14=00000030 x14:00000030
14260033ns          238715 1c008bcc 1a10f6b7 lui              x13, 0x1a10f000     x13=1a10f000
14260052ns          238716 1c008bd0 00d70733 add              x14, x14, x13       x14=1a10f030 x14:00000030 x13:1a10f000
14260072ns          238717 1c008bd2 00e787b3 add              x15, x15, x14       x15=1a10f030 x15:00000000 x14:1a10f030
14260092ns          238718 1c008bd4 0ff57513 andi             x10, x10, 255       x10=00000029 x10:00000029
14260112ns          238719 1c008bd8 00a7a023 sw               x10, 0(x15)         x10:00000029 x15:1a10f030  PA:1a10f030
14260430ns          238735 1c008bda 00000513 addi             x10, x0, 0          x10=00000000
14260450ns          238736 1c008bdc 00008067 jalr             x0, x1, 0            x1:1c008ca2
14260510ns          238739 1c008ca2 4df52863 p.beqimm         x10, 1232           x10:00000000
14260530ns          238740 1c008ca6 00140413 addi             x8, x8, 1            x8=0000000d  x8:0000000c
14260550ns          238741 1c008ca8 001a450b p.lbu            x10, 1(x20!)        x10=00000020 x20=1c000068 x20:1c000067  PA:1c000067
14260868ns          238757 1c008cac fe0515e3 bne              x10, x0, -22        x10:00000020
14260947ns          238761 1c008c96 02500793 addi             x15, x0, 37         x15=00000025
14260967ns          238762 1c008c9a 04f50763 beq              x10, x15, 78        x10:00000020 x15:00000025
14260987ns          238763 1c008c9e 009005b3 add              x11, x0, x9         x11=00000002  x9:00000002
14261007ns          238764 1c008ca0 000c80e7 jalr             x1, x25, 0           x1=1c008ca2 x25:1c008bb6
14261047ns          238766 1c008bb6 000026b7 lui              x13, 0x2000         x13=00002000
14261067ns          238767 1c008bb8 f8068693 addi             x13, x13, -128      x13=00001f80 x13:00002000
14261087ns          238768 1c008bbc f14027f3 csrrs            x15, x0, 0xf14      x15=00000006
14261107ns          238769 1c008bc0 00379713 slli             x14, x15, 0x3       x14=00000030 x15:00000006
14261126ns          238770 1c008bc4 00279793 slli             x15, x15, 0x2       x15=00000018 x15:00000006
14261146ns          238771 1c008bc6 00d7f7b3 and              x15, x15, x13       x15=00000000 x15:00000018 x13:00001f80
14261166ns          238772 1c008bc8 ee873733 p.bclr           x14, x14, 23, 8     x14=00000030 x14:00000030
14261186ns          238773 1c008bcc 1a10f6b7 lui              x13, 0x1a10f000     x13=1a10f000
14261206ns          238774 1c008bd0 00d70733 add              x14, x14, x13       x14=1a10f030 x14:00000030 x13:1a10f000
14261226ns          238775 1c008bd2 00e787b3 add              x15, x15, x14       x15=1a10f030 x15:00000000 x14:1a10f030
14261246ns          238776 1c008bd4 0ff57513 andi             x10, x10, 255       x10=00000020 x10:00000020
14261266ns          238777 1c008bd8 00a7a023 sw               x10, 0(x15)         x10:00000020 x15:1a10f030  PA:1a10f030
14261604ns          238794 1c008bda 00000513 addi             x10, x0, 0          x10=00000000
14261624ns          238795 1c008bdc 00008067 jalr             x0, x1, 0            x1:1c008ca2
14261683ns          238798 1c008ca2 4df52863 p.beqimm         x10, 1232           x10:00000000
14261703ns          238799 1c008ca6 00140413 addi             x8, x8, 1            x8=0000000e  x8:0000000d
14261723ns          238800 1c008ca8 001a450b p.lbu            x10, 1(x20!)        x10=00000045 x20=1c000069 x20:1c000068  PA:1c000068
14262041ns          238816 1c008cac fe0515e3 bne              x10, x0, -22        x10:00000045
14262121ns          238820 1c008c96 02500793 addi             x15, x0, 37         x15=00000025
14262141ns          238821 1c008c9a 04f50763 beq              x10, x15, 78        x10:00000045 x15:00000025
14262161ns          238822 1c008c9e 009005b3 add              x11, x0, x9         x11=00000002  x9:00000002
14262180ns          238823 1c008ca0 000c80e7 jalr             x1, x25, 0           x1=1c008ca2 x25:1c008bb6
14262220ns          238825 1c008bb6 000026b7 lui              x13, 0x2000         x13=00002000
14262240ns          238826 1c008bb8 f8068693 addi             x13, x13, -128      x13=00001f80 x13:00002000
14262260ns          238827 1c008bbc f14027f3 csrrs            x15, x0, 0xf14      x15=00000006
14262280ns          238828 1c008bc0 00379713 slli             x14, x15, 0x3       x14=00000030 x15:00000006
14262300ns          238829 1c008bc4 00279793 slli             x15, x15, 0x2       x15=00000018 x15:00000006
14262320ns          238830 1c008bc6 00d7f7b3 and              x15, x15, x13       x15=00000000 x15:00000018 x13:00001f80
14262340ns          238831 1c008bc8 ee873733 p.bclr           x14, x14, 23, 8     x14=00000030 x14:00000030
14262359ns          238832 1c008bcc 1a10f6b7 lui              x13, 0x1a10f000     x13=1a10f000
14262379ns          238833 1c008bd0 00d70733 add              x14, x14, x13       x14=1a10f030 x14:00000030 x13:1a10f000
14262399ns          238834 1c008bd2 00e787b3 add              x15, x15, x14       x15=1a10f030 x15:00000000 x14:1a10f030
14262419ns          238835 1c008bd4 0ff57513 andi             x10, x10, 255       x10=00000045 x10:00000045
14262439ns          238836 1c008bd8 00a7a023 sw               x10, 0(x15)         x10:00000045 x15:1a10f030  PA:1a10f030
14262757ns          238852 1c008bda 00000513 addi             x10, x0, 0          x10=00000000
14262777ns          238853 1c008bdc 00008067 jalr             x0, x1, 0            x1:1c008ca2
14262837ns          238856 1c008ca2 4df52863 p.beqimm         x10, 1232           x10:00000000
14262857ns          238857 1c008ca6 00140413 addi             x8, x8, 1            x8=0000000f  x8:0000000e
14262877ns          238858 1c008ca8 001a450b p.lbu            x10, 1(x20!)        x10=00000072 x20=1c00006a x20:1c000069  PA:1c000069
14263195ns          238874 1c008cac fe0515e3 bne              x10, x0, -22        x10:00000072
14263274ns          238878 1c008c96 02500793 addi             x15, x0, 37         x15=00000025
14263294ns          238879 1c008c9a 04f50763 beq              x10, x15, 78        x10:00000072 x15:00000025
14263314ns          238880 1c008c9e 009005b3 add              x11, x0, x9         x11=00000002  x9:00000002
14263334ns          238881 1c008ca0 000c80e7 jalr             x1, x25, 0           x1=1c008ca2 x25:1c008bb6
14263374ns          238883 1c008bb6 000026b7 lui              x13, 0x2000         x13=00002000
14263394ns          238884 1c008bb8 f8068693 addi             x13, x13, -128      x13=00001f80 x13:00002000
14263414ns          238885 1c008bbc f14027f3 csrrs            x15, x0, 0xf14      x15=00000006
14263433ns          238886 1c008bc0 00379713 slli             x14, x15, 0x3       x14=00000030 x15:00000006
14263453ns          238887 1c008bc4 00279793 slli             x15, x15, 0x2       x15=00000018 x15:00000006
14263473ns          238888 1c008bc6 00d7f7b3 and              x15, x15, x13       x15=00000000 x15:00000018 x13:00001f80
14263493ns          238889 1c008bc8 ee873733 p.bclr           x14, x14, 23, 8     x14=00000030 x14:00000030
14263513ns          238890 1c008bcc 1a10f6b7 lui              x13, 0x1a10f000     x13=1a10f000
14263533ns          238891 1c008bd0 00d70733 add              x14, x14, x13       x14=1a10f030 x14:00000030 x13:1a10f000
14263553ns          238892 1c008bd2 00e787b3 add              x15, x15, x14       x15=1a10f030 x15:00000000 x14:1a10f030
14263573ns          238893 1c008bd4 0ff57513 andi             x10, x10, 255       x10=00000072 x10:00000072
14263593ns          238894 1c008bd8 00a7a023 sw               x10, 0(x15)         x10:00000072 x15:1a10f030  PA:1a10f030
14263931ns          238911 1c008bda 00000513 addi             x10, x0, 0          x10=00000000
14263950ns          238912 1c008bdc 00008067 jalr             x0, x1, 0            x1:1c008ca2
14264010ns          238915 1c008ca2 4df52863 p.beqimm         x10, 1232           x10:00000000
14264030ns          238916 1c008ca6 00140413 addi             x8, x8, 1            x8=00000010  x8:0000000f
14264050ns          238917 1c008ca8 001a450b p.lbu            x10, 1(x20!)        x10=00000072 x20=1c00006b x20:1c00006a  PA:1c00006a
14264388ns          238934 1c008cac fe0515e3 bne              x10, x0, -22        x10:00000072
14264468ns          238938 1c008c96 02500793 addi             x15, x0, 37         x15=00000025
14264487ns          238939 1c008c9a 04f50763 beq              x10, x15, 78        x10:00000072 x15:00000025
14264507ns          238940 1c008c9e 009005b3 add              x11, x0, x9         x11=00000002  x9:00000002
14264527ns          238941 1c008ca0 000c80e7 jalr             x1, x25, 0           x1=1c008ca2 x25:1c008bb6
14264567ns          238943 1c008bb6 000026b7 lui              x13, 0x2000         x13=00002000
14264587ns          238944 1c008bb8 f8068693 addi             x13, x13, -128      x13=00001f80 x13:00002000
14264607ns          238945 1c008bbc f14027f3 csrrs            x15, x0, 0xf14      x15=00000006
14264627ns          238946 1c008bc0 00379713 slli             x14, x15, 0x3       x14=00000030 x15:00000006
14264647ns          238947 1c008bc4 00279793 slli             x15, x15, 0x2       x15=00000018 x15:00000006
14264666ns          238948 1c008bc6 00d7f7b3 and              x15, x15, x13       x15=00000000 x15:00000018 x13:00001f80
14264686ns          238949 1c008bc8 ee873733 p.bclr           x14, x14, 23, 8     x14=00000030 x14:00000030
14264706ns          238950 1c008bcc 1a10f6b7 lui              x13, 0x1a10f000     x13=1a10f000
14264726ns          238951 1c008bd0 00d70733 add              x14, x14, x13       x14=1a10f030 x14:00000030 x13:1a10f000
14264746ns          238952 1c008bd2 00e787b3 add              x15, x15, x14       x15=1a10f030 x15:00000000 x14:1a10f030
14264766ns          238953 1c008bd4 0ff57513 andi             x10, x10, 255       x10=00000072 x10:00000072
14264786ns          238954 1c008bd8 00a7a023 sw               x10, 0(x15)         x10:00000072 x15:1a10f030  PA:1a10f030
14265124ns          238971 1c008bda 00000513 addi             x10, x0, 0          x10=00000000
14265144ns          238972 1c008bdc 00008067 jalr             x0, x1, 0            x1:1c008ca2
14265203ns          238975 1c008ca2 4df52863 p.beqimm         x10, 1232           x10:00000000
14265223ns          238976 1c008ca6 00140413 addi             x8, x8, 1            x8=00000011  x8:00000010
14265243ns          238977 1c008ca8 001a450b p.lbu            x10, 1(x20!)        x10=0000006f x20=1c00006c x20:1c00006b  PA:1c00006b
14265561ns          238993 1c008cac fe0515e3 bne              x10, x0, -22        x10:0000006f
14265641ns          238997 1c008c96 02500793 addi             x15, x0, 37         x15=00000025
14265661ns          238998 1c008c9a 04f50763 beq              x10, x15, 78        x10:0000006f x15:00000025
14265681ns          238999 1c008c9e 009005b3 add              x11, x0, x9         x11=00000002  x9:00000002
14265701ns          239000 1c008ca0 000c80e7 jalr             x1, x25, 0           x1=1c008ca2 x25:1c008bb6
14265740ns          239002 1c008bb6 000026b7 lui              x13, 0x2000         x13=00002000
14265760ns          239003 1c008bb8 f8068693 addi             x13, x13, -128      x13=00001f80 x13:00002000
14265780ns          239004 1c008bbc f14027f3 csrrs            x15, x0, 0xf14      x15=00000006
14265800ns          239005 1c008bc0 00379713 slli             x14, x15, 0x3       x14=00000030 x15:00000006
14265820ns          239006 1c008bc4 00279793 slli             x15, x15, 0x2       x15=00000018 x15:00000006
14265840ns          239007 1c008bc6 00d7f7b3 and              x15, x15, x13       x15=00000000 x15:00000018 x13:00001f80
14265860ns          239008 1c008bc8 ee873733 p.bclr           x14, x14, 23, 8     x14=00000030 x14:00000030
14265880ns          239009 1c008bcc 1a10f6b7 lui              x13, 0x1a10f000     x13=1a10f000
14265900ns          239010 1c008bd0 00d70733 add              x14, x14, x13       x14=1a10f030 x14:00000030 x13:1a10f000
14265919ns          239011 1c008bd2 00e787b3 add              x15, x15, x14       x15=1a10f030 x15:00000000 x14:1a10f030
14265939ns          239012 1c008bd4 0ff57513 andi             x10, x10, 255       x10=0000006f x10:0000006f
14265959ns          239013 1c008bd8 00a7a023 sw               x10, 0(x15)         x10:0000006f x15:1a10f030  PA:1a10f030
14266277ns          239029 1c008bda 00000513 addi             x10, x0, 0          x10=00000000
14266297ns          239030 1c008bdc 00008067 jalr             x0, x1, 0            x1:1c008ca2
14266357ns          239033 1c008ca2 4df52863 p.beqimm         x10, 1232           x10:00000000
14266377ns          239034 1c008ca6 00140413 addi             x8, x8, 1            x8=00000012  x8:00000011
14266397ns          239035 1c008ca8 001a450b p.lbu            x10, 1(x20!)        x10=00000072 x20=1c00006d x20:1c00006c  PA:1c00006c
14266715ns          239051 1c008cac fe0515e3 bne              x10, x0, -22        x10:00000072
14266794ns          239055 1c008c96 02500793 addi             x15, x0, 37         x15=00000025
14266814ns          239056 1c008c9a 04f50763 beq              x10, x15, 78        x10:00000072 x15:00000025
14266834ns          239057 1c008c9e 009005b3 add              x11, x0, x9         x11=00000002  x9:00000002
14266854ns          239058 1c008ca0 000c80e7 jalr             x1, x25, 0           x1=1c008ca2 x25:1c008bb6
14266894ns          239060 1c008bb6 000026b7 lui              x13, 0x2000         x13=00002000
14266914ns          239061 1c008bb8 f8068693 addi             x13, x13, -128      x13=00001f80 x13:00002000
14266934ns          239062 1c008bbc f14027f3 csrrs            x15, x0, 0xf14      x15=00000006
14266954ns          239063 1c008bc0 00379713 slli             x14, x15, 0x3       x14=00000030 x15:00000006
14266973ns          239064 1c008bc4 00279793 slli             x15, x15, 0x2       x15=00000018 x15:00000006
14266993ns          239065 1c008bc6 00d7f7b3 and              x15, x15, x13       x15=00000000 x15:00000018 x13:00001f80
14267013ns          239066 1c008bc8 ee873733 p.bclr           x14, x14, 23, 8     x14=00000030 x14:00000030
14267033ns          239067 1c008bcc 1a10f6b7 lui              x13, 0x1a10f000     x13=1a10f000
14267053ns          239068 1c008bd0 00d70733 add              x14, x14, x13       x14=1a10f030 x14:00000030 x13:1a10f000
14267073ns          239069 1c008bd2 00e787b3 add              x15, x15, x14       x15=1a10f030 x15:00000000 x14:1a10f030
14267093ns          239070 1c008bd4 0ff57513 andi             x10, x10, 255       x10=00000072 x10:00000072
14267113ns          239071 1c008bd8 00a7a023 sw               x10, 0(x15)         x10:00000072 x15:1a10f030  PA:1a10f030
14267431ns          239087 1c008bda 00000513 addi             x10, x0, 0          x10=00000000
14267451ns          239088 1c008bdc 00008067 jalr             x0, x1, 0            x1:1c008ca2
14267510ns          239091 1c008ca2 4df52863 p.beqimm         x10, 1232           x10:00000000
14267530ns          239092 1c008ca6 00140413 addi             x8, x8, 1            x8=00000013  x8:00000012
14267550ns          239093 1c008ca8 001a450b p.lbu            x10, 1(x20!)        x10=00000073 x20=1c00006e x20:1c00006d  PA:1c00006d
14267868ns          239109 1c008cac fe0515e3 bne              x10, x0, -22        x10:00000073
14267948ns          239113 1c008c96 02500793 addi             x15, x0, 37         x15=00000025
14267968ns          239114 1c008c9a 04f50763 beq              x10, x15, 78        x10:00000073 x15:00000025
14267988ns          239115 1c008c9e 009005b3 add              x11, x0, x9         x11=00000002  x9:00000002
14268008ns          239116 1c008ca0 000c80e7 jalr             x1, x25, 0           x1=1c008ca2 x25:1c008bb6
14268047ns          239118 1c008bb6 000026b7 lui              x13, 0x2000         x13=00002000
14268067ns          239119 1c008bb8 f8068693 addi             x13, x13, -128      x13=00001f80 x13:00002000
14268087ns          239120 1c008bbc f14027f3 csrrs            x15, x0, 0xf14      x15=00000006
14268107ns          239121 1c008bc0 00379713 slli             x14, x15, 0x3       x14=00000030 x15:00000006
14268127ns          239122 1c008bc4 00279793 slli             x15, x15, 0x2       x15=00000018 x15:00000006
14268147ns          239123 1c008bc6 00d7f7b3 and              x15, x15, x13       x15=00000000 x15:00000018 x13:00001f80
14268167ns          239124 1c008bc8 ee873733 p.bclr           x14, x14, 23, 8     x14=00000030 x14:00000030
14268187ns          239125 1c008bcc 1a10f6b7 lui              x13, 0x1a10f000     x13=1a10f000
14268207ns          239126 1c008bd0 00d70733 add              x14, x14, x13       x14=1a10f030 x14:00000030 x13:1a10f000
14268226ns          239127 1c008bd2 00e787b3 add              x15, x15, x14       x15=1a10f030 x15:00000000 x14:1a10f030
14268246ns          239128 1c008bd4 0ff57513 andi             x10, x10, 255       x10=00000073 x10:00000073
14268266ns          239129 1c008bd8 00a7a023 sw               x10, 0(x15)         x10:00000073 x15:1a10f030  PA:1a10f030
14268604ns          239146 1c008bda 00000513 addi             x10, x0, 0          x10=00000000
14268624ns          239147 1c008bdc 00008067 jalr             x0, x1, 0            x1:1c008ca2
14268684ns          239150 1c008ca2 4df52863 p.beqimm         x10, 1232           x10:00000000
14268704ns          239151 1c008ca6 00140413 addi             x8, x8, 1            x8=00000014  x8:00000013
14268724ns          239152 1c008ca8 001a450b p.lbu            x10, 1(x20!)        x10=00000020 x20=1c00006f x20:1c00006e  PA:1c00006e
14269042ns          239168 1c008cac fe0515e3 bne              x10, x0, -22        x10:00000020
14269121ns          239172 1c008c96 02500793 addi             x15, x0, 37         x15=00000025
14269141ns          239173 1c008c9a 04f50763 beq              x10, x15, 78        x10:00000020 x15:00000025
14269161ns          239174 1c008c9e 009005b3 add              x11, x0, x9         x11=00000002  x9:00000002
14269181ns          239175 1c008ca0 000c80e7 jalr             x1, x25, 0           x1=1c008ca2 x25:1c008bb6
14269221ns          239177 1c008bb6 000026b7 lui              x13, 0x2000         x13=00002000
14269241ns          239178 1c008bb8 f8068693 addi             x13, x13, -128      x13=00001f80 x13:00002000
14269261ns          239179 1c008bbc f14027f3 csrrs            x15, x0, 0xf14      x15=00000006
14269280ns          239180 1c008bc0 00379713 slli             x14, x15, 0x3       x14=00000030 x15:00000006
14269300ns          239181 1c008bc4 00279793 slli             x15, x15, 0x2       x15=00000018 x15:00000006
14269320ns          239182 1c008bc6 00d7f7b3 and              x15, x15, x13       x15=00000000 x15:00000018 x13:00001f80
14269340ns          239183 1c008bc8 ee873733 p.bclr           x14, x14, 23, 8     x14=00000030 x14:00000030
14269360ns          239184 1c008bcc 1a10f6b7 lui              x13, 0x1a10f000     x13=1a10f000
14269380ns          239185 1c008bd0 00d70733 add              x14, x14, x13       x14=1a10f030 x14:00000030 x13:1a10f000
14269400ns          239186 1c008bd2 00e787b3 add              x15, x15, x14       x15=1a10f030 x15:00000000 x14:1a10f030
14269420ns          239187 1c008bd4 0ff57513 andi             x10, x10, 255       x10=00000020 x10:00000020
14269440ns          239188 1c008bd8 00a7a023 sw               x10, 0(x15)         x10:00000020 x15:1a10f030  PA:1a10f030
14269778ns          239205 1c008bda 00000513 addi             x10, x0, 0          x10=00000000
14269798ns          239206 1c008bdc 00008067 jalr             x0, x1, 0            x1:1c008ca2
14269857ns          239209 1c008ca2 4df52863 p.beqimm         x10, 1232           x10:00000000
14269877ns          239210 1c008ca6 00140413 addi             x8, x8, 1            x8=00000015  x8:00000014
14269897ns          239211 1c008ca8 001a450b p.lbu            x10, 1(x20!)        x10=0000003d x20=1c000070 x20:1c00006f  PA:1c00006f
14270215ns          239227 1c008cac fe0515e3 bne              x10, x0, -22        x10:0000003d
14270295ns          239231 1c008c96 02500793 addi             x15, x0, 37         x15=00000025
14270315ns          239232 1c008c9a 04f50763 beq              x10, x15, 78        x10:0000003d x15:00000025
14270335ns          239233 1c008c9e 009005b3 add              x11, x0, x9         x11=00000002  x9:00000002
14270354ns          239234 1c008ca0 000c80e7 jalr             x1, x25, 0           x1=1c008ca2 x25:1c008bb6
14270394ns          239236 1c008bb6 000026b7 lui              x13, 0x2000         x13=00002000
14270414ns          239237 1c008bb8 f8068693 addi             x13, x13, -128      x13=00001f80 x13:00002000
14270434ns          239238 1c008bbc f14027f3 csrrs            x15, x0, 0xf14      x15=00000006
14270454ns          239239 1c008bc0 00379713 slli             x14, x15, 0x3       x14=00000030 x15:00000006
14270474ns          239240 1c008bc4 00279793 slli             x15, x15, 0x2       x15=00000018 x15:00000006
14270494ns          239241 1c008bc6 00d7f7b3 and              x15, x15, x13       x15=00000000 x15:00000018 x13:00001f80
14270514ns          239242 1c008bc8 ee873733 p.bclr           x14, x14, 23, 8     x14=00000030 x14:00000030
14270533ns          239243 1c008bcc 1a10f6b7 lui              x13, 0x1a10f000     x13=1a10f000
14270553ns          239244 1c008bd0 00d70733 add              x14, x14, x13       x14=1a10f030 x14:00000030 x13:1a10f000
14270573ns          239245 1c008bd2 00e787b3 add              x15, x15, x14       x15=1a10f030 x15:00000000 x14:1a10f030
14270593ns          239246 1c008bd4 0ff57513 andi             x10, x10, 255       x10=0000003d x10:0000003d
14270613ns          239247 1c008bd8 00a7a023 sw               x10, 0(x15)         x10:0000003d x15:1a10f030  PA:1a10f030
14270971ns          239265 1c008bda 00000513 addi             x10, x0, 0          x10=00000000
14270991ns          239266 1c008bdc 00008067 jalr             x0, x1, 0            x1:1c008ca2
14271051ns          239269 1c008ca2 4df52863 p.beqimm         x10, 1232           x10:00000000
14271070ns          239270 1c008ca6 00140413 addi             x8, x8, 1            x8=00000016  x8:00000015
14271090ns          239271 1c008ca8 001a450b p.lbu            x10, 1(x20!)        x10=00000020 x20=1c000071 x20:1c000070  PA:1c000070
14271408ns          239287 1c008cac fe0515e3 bne              x10, x0, -22        x10:00000020
14271488ns          239291 1c008c96 02500793 addi             x15, x0, 37         x15=00000025
14271508ns          239292 1c008c9a 04f50763 beq              x10, x15, 78        x10:00000020 x15:00000025
14271528ns          239293 1c008c9e 009005b3 add              x11, x0, x9         x11=00000002  x9:00000002
14271548ns          239294 1c008ca0 000c80e7 jalr             x1, x25, 0           x1=1c008ca2 x25:1c008bb6
14271587ns          239296 1c008bb6 000026b7 lui              x13, 0x2000         x13=00002000
14271607ns          239297 1c008bb8 f8068693 addi             x13, x13, -128      x13=00001f80 x13:00002000
14271627ns          239298 1c008bbc f14027f3 csrrs            x15, x0, 0xf14      x15=00000006
14271647ns          239299 1c008bc0 00379713 slli             x14, x15, 0x3       x14=00000030 x15:00000006
14271667ns          239300 1c008bc4 00279793 slli             x15, x15, 0x2       x15=00000018 x15:00000006
14271687ns          239301 1c008bc6 00d7f7b3 and              x15, x15, x13       x15=00000000 x15:00000018 x13:00001f80
14271707ns          239302 1c008bc8 ee873733 p.bclr           x14, x14, 23, 8     x14=00000030 x14:00000030
14271727ns          239303 1c008bcc 1a10f6b7 lui              x13, 0x1a10f000     x13=1a10f000
14271747ns          239304 1c008bd0 00d70733 add              x14, x14, x13       x14=1a10f030 x14:00000030 x13:1a10f000
14271766ns          239305 1c008bd2 00e787b3 add              x15, x15, x14       x15=1a10f030 x15:00000000 x14:1a10f030
14271786ns          239306 1c008bd4 0ff57513 andi             x10, x10, 255       x10=00000020 x10:00000020
14271806ns          239307 1c008bd8 00a7a023 sw               x10, 0(x15)         x10:00000020 x15:1a10f030  PA:1a10f030
14272184ns          239326 1c008bda 00000513 addi             x10, x0, 0          x10=00000000
14272204ns          239327 1c008bdc 00008067 jalr             x0, x1, 0            x1:1c008ca2
14272264ns          239330 1c008ca2 4df52863 p.beqimm         x10, 1232           x10:00000000
14272284ns          239331 1c008ca6 00140413 addi             x8, x8, 1            x8=00000017  x8:00000016
14272303ns          239332 1c008ca8 001a450b p.lbu            x10, 1(x20!)        x10=00000025 x20=1c000072 x20:1c000071  PA:1c000071
14272642ns          239349 1c008cac fe0515e3 bne              x10, x0, -22        x10:00000025
14272721ns          239353 1c008c96 02500793 addi             x15, x0, 37         x15=00000025
14272741ns          239354 1c008c9a 04f50763 beq              x10, x15, 78        x10:00000025 x15:00000025
14272801ns          239357 1c008ce8 01400c33 add              x24, x0, x20        x24=1c000072 x20:1c000072
14272821ns          239358 1c008cea 000c4a03 lbu              x20, 0(x24)         x20=00000064 x24:1c000072  PA:1c000072
14273119ns          239373 1c008cee 0b4d0513 addi             x10, x26, 180       x10=1c0000b4 x26:1c000000
14273139ns          239374 1c008cf2 00912e23 sw               x9, 28(x2)           x9:00000002  x2:10003618  PA:10003634
14273159ns          239375 1c008cf4 014005b3 add              x11, x0, x20        x11=00000064 x20:00000064
14273179ns          239376 1c008cf6 00012823 sw               x0, 16(x2)           x2:10003618  PA:10003628
14273198ns          239377 1c008cf8 00012a23 sw               x0, 20(x2)           x2:10003618  PA:1000362c
14273218ns          239378 1c008cfa 00012623 sw               x0, 12(x2)           x2:10003618  PA:10003624
14273238ns          239379 1c008cfc 001c0493 addi             x9, x24, 1           x9=1c000073 x24:1c000072
14273258ns          239380 1c008d00 e41ff0ef jal              x1, -448             x1=1c008d02
14273338ns          239384 1c008b40 00054703 lbu              x14, 0(x10)         x14=0000002d x10:1c0000b4  PA:1c0000b4
14273676ns          239401 1c008b44 0ff5f593 andi             x11, x11, 255       x11=00000064 x11:00000064
14273696ns          239402 1c008b48 00a007b3 add              x15, x0, x10        x15=1c0000b4 x10:1c0000b4
14273716ns          239403 1c008b4a 00b70863 beq              x14, x11, 16        x14:0000002d x11:00000064
14273735ns          239404 1c008b4e 00070863 beq              x14, x0, 16         x14:0000002d
14273755ns          239405 1c008b50 0017c703 lbu              x14, 1(x15)         x14=0000002b x15:1c0000b4  PA:1c0000b5
14274054ns          239420 1c008b54 00178793 addi             x15, x15, 1         x15=1c0000b5 x15:1c0000b4
14274073ns          239421 1c008b56 feb71ce3 bne              x14, x11, -8        x14:0000002b x11:00000064
14274133ns          239424 1c008b4e 00070863 beq              x14, x0, 16         x14:0000002b
14274153ns          239425 1c008b50 0017c703 lbu              x14, 1(x15)         x14=00000020 x15:1c0000b5  PA:1c0000b6
14274451ns          239440 1c008b54 00178793 addi             x15, x15, 1         x15=1c0000b6 x15:1c0000b5
14274471ns          239441 1c008b56 feb71ce3 bne              x14, x11, -8        x14:00000020 x11:00000064
14274531ns          239444 1c008b4e 00070863 beq              x14, x0, 16         x14:00000020
14274551ns          239445 1c008b50 0017c703 lbu              x14, 1(x15)         x14=00000023 x15:1c0000b6  PA:1c0000b7
14274869ns          239461 1c008b54 00178793 addi             x15, x15, 1         x15=1c0000b7 x15:1c0000b6
14274889ns          239462 1c008b56 feb71ce3 bne              x14, x11, -8        x14:00000023 x11:00000064
14274949ns          239465 1c008b4e 00070863 beq              x14, x0, 16         x14:00000023
14274968ns          239466 1c008b50 0017c703 lbu              x14, 1(x15)         x14=00000030 x15:1c0000b7  PA:1c0000b8
14275307ns          239483 1c008b54 00178793 addi             x15, x15, 1         x15=1c0000b8 x15:1c0000b7
14275326ns          239484 1c008b56 feb71ce3 bne              x14, x11, -8        x14:00000030 x11:00000064
14275386ns          239487 1c008b4e 00070863 beq              x14, x0, 16         x14:00000030
14275406ns          239488 1c008b50 0017c703 lbu              x14, 1(x15)         x14=00000000 x15:1c0000b8  PA:1c0000b9
14275704ns          239503 1c008b54 00178793 addi             x15, x15, 1         x15=1c0000b9 x15:1c0000b8
14275724ns          239504 1c008b56 feb71ce3 bne              x14, x11, -8        x14:00000000 x11:00000064
14275784ns          239507 1c008b4e 00070863 beq              x14, x0, 16         x14:00000000
14275844ns          239510 1c008b5e 00000513 addi             x10, x0, 0          x10=00000000
14275863ns          239511 1c008b60 fe058de3 beq              x11, x0, -6         x11:00000064
14275883ns          239512 1c008b62 00008067 jalr             x0, x1, 0            x1:1c008d02
14275943ns          239515 1c008d02 02000913 addi             x18, x0, 32         x18=00000020
14275963ns          239516 1c008d06 00000993 addi             x19, x0, 0          x19=00000000
14275983ns          239517 1c008d08 02b00a93 addi             x21, x0, 43         x21=0000002b
14276003ns          239518 1c008d0c 02d00b93 addi             x23, x0, 45         x23=0000002d
14276042ns          239520 1c008d10 03000b13 addi             x22, x0, 48         x22=00000030
14276082ns          239522 1c008d14 00900633 add              x12, x0, x9         x12=1c000073  x9:1c000073
14276102ns          239523 1c008d16 02050963 beq              x10, x0, 50         x10:00000000
14276281ns          239532 1c008d48 03312623 sw               x19, 44(x2)         x19:00000000  x2:10003618  PA:10003644
14276321ns          239534 1c008d4a 02a00693 addi             x13, x0, 42         x13=0000002a
14276341ns          239535 1c008d4e 014009b3 add              x19, x0, x20        x19=00000064 x20:00000064
14276361ns          239536 1c008d50 01800a33 add              x20, x0, x24        x20=1c000072 x24:1c000072
14276380ns          239537 1c008d52 00900c33 add              x24, x0, x9         x24=1c000073  x9:1c000073
14276400ns          239538 1c008d54 01c12483 lw               x9, 28(x2)           x9=00000002  x2:10003618  PA:10003634
14276440ns          239540 1c008d56 42d98063 beq              x19, x13, 1056      x19:00000064 x13:0000002a
14276460ns          239541 1c008d5a fd098693 addi             x13, x19, -48       x13=00000034 x19:00000064
14276480ns          239542 1c008d5e 00900513 addi             x10, x0, 9          x10=00000009
14276500ns          239543 1c008d60 00000a93 addi             x21, x0, 0          x21=00000000
14276520ns          239544 1c008d62 3cd57f63 bgeu             x10, x13, 990       x10:00000009 x13:00000034
14276540ns          239545 1c008d66 02e00793 addi             x15, x0, 46         x15=0000002e
14276559ns          239546 1c008d6a fff00b13 addi             x22, x0, -1         x22=ffffffff
14276579ns          239547 1c008d6c 04f981e3 beq              x19, x15, 2114      x19:00000064 x15:0000002e
14276599ns          239548 1c008d70 1c0007b7 lui              x15, 0x1c000000     x15=1c000000
14276639ns          239550 1c008d74 013005b3 add              x11, x0, x19        x11=00000064 x19:00000064
14276659ns          239551 1c008d76 0bc78513 addi             x10, x15, 188       x10=1c0000bc x15:1c000000
14276679ns          239552 1c008d7a 00c12e23 sw               x12, 28(x2)         x12:1c000073  x2:10003618  PA:10003634
14276699ns          239553 1c008d7c dc5ff0ef jal              x1, -572             x1=1c008d7e
14276778ns          239557 1c008b40 00054703 lbu              x14, 0(x10)         x14=00000068 x10:1c0000bc  PA:1c0000bc
14277136ns          239575 1c008b44 0ff5f593 andi             x11, x11, 255       x11=00000064 x11:00000064
14277156ns          239576 1c008b48 00a007b3 add              x15, x0, x10        x15=1c0000bc x10:1c0000bc
14277176ns          239577 1c008b4a 00b70863 beq              x14, x11, 16        x14:00000068 x11:00000064
14277196ns          239578 1c008b4e 00070863 beq              x14, x0, 16         x14:00000068
14277216ns          239579 1c008b50 0017c703 lbu              x14, 1(x15)         x14=0000006c x15:1c0000bc  PA:1c0000bd
14277534ns          239595 1c008b54 00178793 addi             x15, x15, 1         x15=1c0000bd x15:1c0000bc
14277554ns          239596 1c008b56 feb71ce3 bne              x14, x11, -8        x14:0000006c x11:00000064
14277614ns          239599 1c008b4e 00070863 beq              x14, x0, 16         x14:0000006c
14277633ns          239600 1c008b50 0017c703 lbu              x14, 1(x15)         x14=0000004c x15:1c0000bd  PA:1c0000be
14277932ns          239615 1c008b54 00178793 addi             x15, x15, 1         x15=1c0000be x15:1c0000bd
14277952ns          239616 1c008b56 feb71ce3 bne              x14, x11, -8        x14:0000004c x11:00000064
14278011ns          239619 1c008b4e 00070863 beq              x14, x0, 16         x14:0000004c
14278031ns          239620 1c008b50 0017c703 lbu              x14, 1(x15)         x14=0000007a x15:1c0000be  PA:1c0000bf
14278330ns          239635 1c008b54 00178793 addi             x15, x15, 1         x15=1c0000bf x15:1c0000be
14278349ns          239636 1c008b56 feb71ce3 bne              x14, x11, -8        x14:0000007a x11:00000064
14278409ns          239639 1c008b4e 00070863 beq              x14, x0, 16         x14:0000007a
14278429ns          239640 1c008b50 0017c703 lbu              x14, 1(x15)         x14=00000000 x15:1c0000bf  PA:1c0000c0
14278727ns          239655 1c008b54 00178793 addi             x15, x15, 1         x15=1c0000c0 x15:1c0000bf
14278747ns          239656 1c008b56 feb71ce3 bne              x14, x11, -8        x14:00000000 x11:00000064
14278807ns          239659 1c008b4e 00070863 beq              x14, x0, 16         x14:00000000
14278866ns          239662 1c008b5e 00000513 addi             x10, x0, 0          x10=00000000
14278886ns          239663 1c008b60 fe058de3 beq              x11, x0, -6         x11:00000064
14278906ns          239664 1c008b62 00008067 jalr             x0, x1, 0            x1:1c008d7e
14278946ns          239666 1c008d7e 01c12603 lw               x12, 28(x2)         x12=1c000073  x2:10003618  PA:10003634
14278986ns          239668 1c008d80 00c00a33 add              x20, x0, x12        x20=1c000073 x12:1c000073
14279006ns          239669 1c008d82 00050563 beq              x10, x0, 10         x10:00000000
14279145ns          239676 1c008d8c 06900793 addi             x15, x0, 105        x15=00000069
14279165ns          239677 1c008d90 1cf98be3 beq              x19, x15, 2518      x19:00000064 x15:00000069
14279185ns          239678 1c008d94 4b37ce63 blt              x15, x19, 1212      x15:00000069 x19:00000064
14279205ns          239679 1c008d98 05800793 addi             x15, x0, 88         x15=00000058
14279224ns          239680 1c008d9c 4cf98863 beq              x19, x15, 1232      x19:00000064 x15:00000058
14279244ns          239681 1c008da0 3f37cd63 blt              x15, x19, 1018      x15:00000058 x19:00000064
14279324ns          239685 1c00919a 06400793 addi             x15, x0, 100        x15=00000064
14279384ns          239688 1c00919e 5cf98463 beq              x19, x15, 1480      x19:00000064 x15:00000064
14279483ns          239693 1c009766 01812b83 lw               x23, 24(x2)         x23=10003784  x2:10003618  PA:10003630
14279523ns          239695 1c009768 004ba60b p.lw             x12, 4(x23!)        x12=00000000 x23=10003788 x23:10003784  PA:10003784
14279563ns          239697 1c00976c 48064963 blt              x12, x0, 1170       x12:00000000
14279582ns          239698 1c009770 01412783 lw               x15, 20(x2)         x15=00000000  x2:10003618  PA:1000362c
14279602ns          239699 1c009772 00c00733 add              x14, x0, x12        x14=00000000 x12:00000000
14279622ns          239700 1c009774 56078863 beq              x15, x0, 1392       x15:00000000
14279761ns          239707 1c009ce4 01012783 lw               x15, 16(x2)         x15=00000000  x2:10003618  PA:10003628
14279781ns          239708 1c009ce6 01b00533 add              x10, x0, x27        x10=1000364c x27:1000364c
14279801ns          239709 1c009ce8 a8078ee3 beq              x15, x0, -1380      x15:00000000
14279861ns          239712 1c009784 00a007b3 add              x15, x0, x10        x15=1000364c x10:1000364c
14279881ns          239713 1c009786 00a00593 addi             x11, x0, 10         x11=0000000a
14279901ns          239714 1c009788 00900313 addi             x6, x0, 9            x6=00000009
14279921ns          239715 1c00978a 02b776b3 remu             x13, x14, x11       x13=00000000 x14:00000000 x11:0000000a
14280537ns          239746 1c00978e 00e00833 add              x16, x0, x14        x16=00000000 x14:00000000
14280557ns          239747 1c009790 00f008b3 add              x17, x0, x15        x17=1000364c x15:1000364c
14280577ns          239748 1c009792 03068693 addi             x13, x13, 48        x13=00000030 x13:00000000
14280597ns          239749 1c009796 00d780ab p.sb             x13, 1(x15!)        x15=1000364d x13:00000030 x15:1000364c  PA:1000364c
14280617ns          239750 1c00979a 02b75733 divu             x14, x14, x11       x14=00000000 x14:00000000 x11:0000000a
14281253ns          239782 1c00979e ff0366e3 bltu             x6, x16, -20         x6:00000009 x16:00000000
14281273ns          239783 1c0097a2 40a78733 sub              x14, x15, x10       x14=00000001 x15:1000364d x10:1000364c
14281293ns          239784 1c0097a6 01675c63 bge              x14, x22, 24        x14:00000001 x22:ffffffff
14281372ns          239788 1c0097be 00078023 sb               x0, 0(x15)          x15:1000364d  PA:1000364d
14281392ns          239789 1c0097c2 0b157563 bgeu             x10, x17, 170       x10:1000364c x17:1000364c
14281452ns          239792 1c00986c 01412703 lw               x14, 20(x2)         x14=00000000  x2:10003618  PA:1000362c
14281472ns          239793 1c00986e 01012683 lw               x13, 16(x2)         x13=00000000  x2:10003618  PA:10003628
14281512ns          239795 1c009870 41b787b3 sub              x15, x15, x27       x15=00000001 x15:1000364d x27:1000364c
14281551ns          239797 1c009874 00d76733 or               x14, x14, x13       x14=00000000 x14:00000000 x13:00000000
14281571ns          239798 1c009876 02e12623 sw               x14, 44(x2)         x14:00000000  x2:10003618  PA:10003644
14281611ns          239800 1c009878 b0071be3 bne              x14, x0, -1258      x14:00000000
14281631ns          239801 1c00987c 01f65713 srli             x14, x12, 0x1f      x14=00000000 x12:00000000
14281651ns          239802 1c009880 02e12623 sw               x14, 44(x2)         x14:00000000  x2:10003618  PA:10003644
14281671ns          239803 1c009882 b0dff06f jal              x0, -1268          
14281730ns          239806 1c00938e ebfb2be3 p.beqimm         x22, -330           x22:ffffffff
14281790ns          239809 1c009244 0c800713 addi             x14, x0, 200        x14=000000c8
14281810ns          239810 1c009248 14f75b63 bge              x14, x15, 342       x14:000000c8 x15:00000001
14281889ns          239814 1c00939e 00178613 addi             x12, x15, 1         x12=00000002 x15:00000001
14281909ns          239815 1c0093a2 0557c863 blt              x15, x21, 80        x15:00000001 x21:00000000
14281929ns          239816 1c0093a6 01712c23 sw               x23, 24(x2)         x23:10003788  x2:10003618  PA:10003630
14281949ns          239817 1c0093a8 00f00ab3 add              x21, x0, x15        x21=00000001 x15:00000001
14281969ns          239818 1c0093aa 8e0a8fe3 beq              x21, x0, -1794      x21:00000001
14281989ns          239819 1c0093ae 01b00933 add              x18, x0, x27        x18=1000364c x27:1000364c
14282009ns          239820 1c0093b0 41b409b3 sub              x19, x8, x27        x19=efffc9cb  x8:00000017 x27:1000364c
14282029ns          239821 1c0093b4 01ba8ab3 add              x21, x21, x27       x21=1000364d x21:00000001 x27:1000364c
14282049ns          239822 1c0093b6 00a0006f jal              x0, 10             
14282128ns          239826 1c0093c0 0019450b p.lbu            x10, 1(x18!)        x10=00000030 x18=1000364d x18:1000364c  PA:1000364c
14282148ns          239827 1c0093c4 009005b3 add              x11, x0, x9         x11=00000002  x9:00000002
14282168ns          239828 1c0093c6 000c80e7 jalr             x1, x25, 0           x1=1c0093c8 x25:1c008bb6
14282208ns          239830 1c008bb6 000026b7 lui              x13, 0x2000         x13=00002000
14282228ns          239831 1c008bb8 f8068693 addi             x13, x13, -128      x13=00001f80 x13:00002000
14282247ns          239832 1c008bbc f14027f3 csrrs            x15, x0, 0xf14      x15=00000006
14282307ns          239835 1c008bc0 00379713 slli             x14, x15, 0x3       x14=00000030 x15:00000006
14282347ns          239837 1c008bc4 00279793 slli             x15, x15, 0x2       x15=00000018 x15:00000006
14282367ns          239838 1c008bc6 00d7f7b3 and              x15, x15, x13       x15=00000000 x15:00000018 x13:00001f80
14282387ns          239839 1c008bc8 ee873733 p.bclr           x14, x14, 23, 8     x14=00000030 x14:00000030
14282407ns          239840 1c008bcc 1a10f6b7 lui              x13, 0x1a10f000     x13=1a10f000
14282426ns          239841 1c008bd0 00d70733 add              x14, x14, x13       x14=1a10f030 x14:00000030 x13:1a10f000
14282446ns          239842 1c008bd2 00e787b3 add              x15, x15, x14       x15=1a10f030 x15:00000000 x14:1a10f030
14282466ns          239843 1c008bd4 0ff57513 andi             x10, x10, 255       x10=00000030 x10:00000030
14282486ns          239844 1c008bd8 00a7a023 sw               x10, 0(x15)         x10:00000030 x15:1a10f030  PA:1a10f030
14282844ns          239862 1c008bda 00000513 addi             x10, x0, 0          x10=00000000
14282864ns          239863 1c008bdc 00008067 jalr             x0, x1, 0            x1:1c0093c8
14282904ns          239865 1c0093c8 fff538e3 p.bneimm         x10, -16            x10:00000000
14283023ns          239871 1c0093b8 01298433 add              x8, x19, x18         x8=00000018 x19:efffc9cb x18:1000364d
14283043ns          239872 1c0093bc 8f2a86e3 beq              x21, x18, -1812     x21:1000364d x18:1000364d
14283142ns          239877 1c008ca8 001a450b p.lbu            x10, 1(x20!)        x10=00000020 x20=1c000074 x20:1c000073  PA:1c000073
14283481ns          239894 1c008cac fe0515e3 bne              x10, x0, -22        x10:00000020
14283620ns          239901 1c008c96 02500793 addi             x15, x0, 37         x15=00000025
14283640ns          239902 1c008c9a 04f50763 beq              x10, x15, 78        x10:00000020 x15:00000025
14283660ns          239903 1c008c9e 009005b3 add              x11, x0, x9         x11=00000002  x9:00000002
14283679ns          239904 1c008ca0 000c80e7 jalr             x1, x25, 0           x1=1c008ca2 x25:1c008bb6
14283719ns          239906 1c008bb6 000026b7 lui              x13, 0x2000         x13=00002000
14283739ns          239907 1c008bb8 f8068693 addi             x13, x13, -128      x13=00001f80 x13:00002000
14283759ns          239908 1c008bbc f14027f3 csrrs            x15, x0, 0xf14      x15=00000006
14283779ns          239909 1c008bc0 00379713 slli             x14, x15, 0x3       x14=00000030 x15:00000006
14283799ns          239910 1c008bc4 00279793 slli             x15, x15, 0x2       x15=00000018 x15:00000006
14283819ns          239911 1c008bc6 00d7f7b3 and              x15, x15, x13       x15=00000000 x15:00000018 x13:00001f80
14283838ns          239912 1c008bc8 ee873733 p.bclr           x14, x14, 23, 8     x14=00000030 x14:00000030
14283858ns          239913 1c008bcc 1a10f6b7 lui              x13, 0x1a10f000     x13=1a10f000
14283878ns          239914 1c008bd0 00d70733 add              x14, x14, x13       x14=1a10f030 x14:00000030 x13:1a10f000
14283898ns          239915 1c008bd2 00e787b3 add              x15, x15, x14       x15=1a10f030 x15:00000000 x14:1a10f030
14283918ns          239916 1c008bd4 0ff57513 andi             x10, x10, 255       x10=00000020 x10:00000020
14283938ns          239917 1c008bd8 00a7a023 sw               x10, 0(x15)         x10:00000020 x15:1a10f030  PA:1a10f030
14284276ns          239934 1c008bda 00000513 addi             x10, x0, 0          x10=00000000
14284296ns          239935 1c008bdc 00008067 jalr             x0, x1, 0            x1:1c008ca2
14284356ns          239938 1c008ca2 4df52863 p.beqimm         x10, 1232           x10:00000000
14284375ns          239939 1c008ca6 00140413 addi             x8, x8, 1            x8=00000019  x8:00000018
14284395ns          239940 1c008ca8 001a450b p.lbu            x10, 1(x20!)        x10=0000002f x20=1c000075 x20:1c000074  PA:1c000074
14284714ns          239956 1c008cac fe0515e3 bne              x10, x0, -22        x10:0000002f
14284793ns          239960 1c008c96 02500793 addi             x15, x0, 37         x15=00000025
14284813ns          239961 1c008c9a 04f50763 beq              x10, x15, 78        x10:0000002f x15:00000025
14284833ns          239962 1c008c9e 009005b3 add              x11, x0, x9         x11=00000002  x9:00000002
14284853ns          239963 1c008ca0 000c80e7 jalr             x1, x25, 0           x1=1c008ca2 x25:1c008bb6
14284893ns          239965 1c008bb6 000026b7 lui              x13, 0x2000         x13=00002000
14284912ns          239966 1c008bb8 f8068693 addi             x13, x13, -128      x13=00001f80 x13:00002000
14284932ns          239967 1c008bbc f14027f3 csrrs            x15, x0, 0xf14      x15=00000006
14284952ns          239968 1c008bc0 00379713 slli             x14, x15, 0x3       x14=00000030 x15:00000006
14284972ns          239969 1c008bc4 00279793 slli             x15, x15, 0x2       x15=00000018 x15:00000006
14284992ns          239970 1c008bc6 00d7f7b3 and              x15, x15, x13       x15=00000000 x15:00000018 x13:00001f80
14285012ns          239971 1c008bc8 ee873733 p.bclr           x14, x14, 23, 8     x14=00000030 x14:00000030
14285032ns          239972 1c008bcc 1a10f6b7 lui              x13, 0x1a10f000     x13=1a10f000
14285052ns          239973 1c008bd0 00d70733 add              x14, x14, x13       x14=1a10f030 x14:00000030 x13:1a10f000
14285072ns          239974 1c008bd2 00e787b3 add              x15, x15, x14       x15=1a10f030 x15:00000000 x14:1a10f030
14285091ns          239975 1c008bd4 0ff57513 andi             x10, x10, 255       x10=0000002f x10:0000002f
14285111ns          239976 1c008bd8 00a7a023 sw               x10, 0(x15)         x10:0000002f x15:1a10f030  PA:1a10f030
14285469ns          239994 1c008bda 00000513 addi             x10, x0, 0          x10=00000000
14285489ns          239995 1c008bdc 00008067 jalr             x0, x1, 0            x1:1c008ca2
14285549ns          239998 1c008ca2 4df52863 p.beqimm         x10, 1232           x10:00000000
14285569ns          239999 1c008ca6 00140413 addi             x8, x8, 1            x8=0000001a  x8:00000019
14285589ns          240000 1c008ca8 001a450b p.lbu            x10, 1(x20!)        x10=00000020 x20=1c000076 x20:1c000075  PA:1c000075
14285907ns          240016 1c008cac fe0515e3 bne              x10, x0, -22        x10:00000020
14285986ns          240020 1c008c96 02500793 addi             x15, x0, 37         x15=00000025
14286006ns          240021 1c008c9a 04f50763 beq              x10, x15, 78        x10:00000020 x15:00000025
14286026ns          240022 1c008c9e 009005b3 add              x11, x0, x9         x11=00000002  x9:00000002
14286046ns          240023 1c008ca0 000c80e7 jalr             x1, x25, 0           x1=1c008ca2 x25:1c008bb6
14286086ns          240025 1c008bb6 000026b7 lui              x13, 0x2000         x13=00002000
14286106ns          240026 1c008bb8 f8068693 addi             x13, x13, -128      x13=00001f80 x13:00002000
14286126ns          240027 1c008bbc f14027f3 csrrs            x15, x0, 0xf14      x15=00000006
14286146ns          240028 1c008bc0 00379713 slli             x14, x15, 0x3       x14=00000030 x15:00000006
14286165ns          240029 1c008bc4 00279793 slli             x15, x15, 0x2       x15=00000018 x15:00000006
14286185ns          240030 1c008bc6 00d7f7b3 and              x15, x15, x13       x15=00000000 x15:00000018 x13:00001f80
14286205ns          240031 1c008bc8 ee873733 p.bclr           x14, x14, 23, 8     x14=00000030 x14:00000030
14286225ns          240032 1c008bcc 1a10f6b7 lui              x13, 0x1a10f000     x13=1a10f000
14286245ns          240033 1c008bd0 00d70733 add              x14, x14, x13       x14=1a10f030 x14:00000030 x13:1a10f000
14286265ns          240034 1c008bd2 00e787b3 add              x15, x15, x14       x15=1a10f030 x15:00000000 x14:1a10f030
14286285ns          240035 1c008bd4 0ff57513 andi             x10, x10, 255       x10=00000020 x10:00000020
14286305ns          240036 1c008bd8 00a7a023 sw               x10, 0(x15)         x10:00000020 x15:1a10f030  PA:1a10f030
14286623ns          240052 1c008bda 00000513 addi             x10, x0, 0          x10=00000000
14286643ns          240053 1c008bdc 00008067 jalr             x0, x1, 0            x1:1c008ca2
14286702ns          240056 1c008ca2 4df52863 p.beqimm         x10, 1232           x10:00000000
14286722ns          240057 1c008ca6 00140413 addi             x8, x8, 1            x8=0000001b  x8:0000001a
14286742ns          240058 1c008ca8 001a450b p.lbu            x10, 1(x20!)        x10=00000031 x20=1c000077 x20:1c000076  PA:1c000076
14287080ns          240075 1c008cac fe0515e3 bne              x10, x0, -22        x10:00000031
14287160ns          240079 1c008c96 02500793 addi             x15, x0, 37         x15=00000025
14287180ns          240080 1c008c9a 04f50763 beq              x10, x15, 78        x10:00000031 x15:00000025
14287200ns          240081 1c008c9e 009005b3 add              x11, x0, x9         x11=00000002  x9:00000002
14287219ns          240082 1c008ca0 000c80e7 jalr             x1, x25, 0           x1=1c008ca2 x25:1c008bb6
14287259ns          240084 1c008bb6 000026b7 lui              x13, 0x2000         x13=00002000
14287279ns          240085 1c008bb8 f8068693 addi             x13, x13, -128      x13=00001f80 x13:00002000
14287299ns          240086 1c008bbc f14027f3 csrrs            x15, x0, 0xf14      x15=00000006
14287319ns          240087 1c008bc0 00379713 slli             x14, x15, 0x3       x14=00000030 x15:00000006
14287339ns          240088 1c008bc4 00279793 slli             x15, x15, 0x2       x15=00000018 x15:00000006
14287359ns          240089 1c008bc6 00d7f7b3 and              x15, x15, x13       x15=00000000 x15:00000018 x13:00001f80
14287379ns          240090 1c008bc8 ee873733 p.bclr           x14, x14, 23, 8     x14=00000030 x14:00000030
14287398ns          240091 1c008bcc 1a10f6b7 lui              x13, 0x1a10f000     x13=1a10f000
14287418ns          240092 1c008bd0 00d70733 add              x14, x14, x13       x14=1a10f030 x14:00000030 x13:1a10f000
14287438ns          240093 1c008bd2 00e787b3 add              x15, x15, x14       x15=1a10f030 x15:00000000 x14:1a10f030
14287458ns          240094 1c008bd4 0ff57513 andi             x10, x10, 255       x10=00000031 x10:00000031
14287478ns          240095 1c008bd8 00a7a023 sw               x10, 0(x15)         x10:00000031 x15:1a10f030  PA:1a10f030
14287816ns          240112 1c008bda 00000513 addi             x10, x0, 0          x10=00000000
14287836ns          240113 1c008bdc 00008067 jalr             x0, x1, 0            x1:1c008ca2
14287896ns          240116 1c008ca2 4df52863 p.beqimm         x10, 1232           x10:00000000
14287916ns          240117 1c008ca6 00140413 addi             x8, x8, 1            x8=0000001c  x8:0000001b
14287935ns          240118 1c008ca8 001a450b p.lbu            x10, 1(x20!)        x10=00000036 x20=1c000078 x20:1c000077  PA:1c000077
14288254ns          240134 1c008cac fe0515e3 bne              x10, x0, -22        x10:00000036
14288333ns          240138 1c008c96 02500793 addi             x15, x0, 37         x15=00000025
14288353ns          240139 1c008c9a 04f50763 beq              x10, x15, 78        x10:00000036 x15:00000025
14288373ns          240140 1c008c9e 009005b3 add              x11, x0, x9         x11=00000002  x9:00000002
14288393ns          240141 1c008ca0 000c80e7 jalr             x1, x25, 0           x1=1c008ca2 x25:1c008bb6
14288433ns          240143 1c008bb6 000026b7 lui              x13, 0x2000         x13=00002000
14288453ns          240144 1c008bb8 f8068693 addi             x13, x13, -128      x13=00001f80 x13:00002000
14288472ns          240145 1c008bbc f14027f3 csrrs            x15, x0, 0xf14      x15=00000006
14288492ns          240146 1c008bc0 00379713 slli             x14, x15, 0x3       x14=00000030 x15:00000006
14288512ns          240147 1c008bc4 00279793 slli             x15, x15, 0x2       x15=00000018 x15:00000006
14288532ns          240148 1c008bc6 00d7f7b3 and              x15, x15, x13       x15=00000000 x15:00000018 x13:00001f80
14288552ns          240149 1c008bc8 ee873733 p.bclr           x14, x14, 23, 8     x14=00000030 x14:00000030
14288572ns          240150 1c008bcc 1a10f6b7 lui              x13, 0x1a10f000     x13=1a10f000
14288592ns          240151 1c008bd0 00d70733 add              x14, x14, x13       x14=1a10f030 x14:00000030 x13:1a10f000
14288612ns          240152 1c008bd2 00e787b3 add              x15, x15, x14       x15=1a10f030 x15:00000000 x14:1a10f030
14288632ns          240153 1c008bd4 0ff57513 andi             x10, x10, 255       x10=00000036 x10:00000036
14288651ns          240154 1c008bd8 00a7a023 sw               x10, 0(x15)         x10:00000036 x15:1a10f030  PA:1a10f030
14288989ns          240171 1c008bda 00000513 addi             x10, x0, 0          x10=00000000
14289009ns          240172 1c008bdc 00008067 jalr             x0, x1, 0            x1:1c008ca2
14289069ns          240175 1c008ca2 4df52863 p.beqimm         x10, 1232           x10:00000000
14289089ns          240176 1c008ca6 00140413 addi             x8, x8, 1            x8=0000001d  x8:0000001c
14289109ns          240177 1c008ca8 001a450b p.lbu            x10, 1(x20!)        x10=0000000a x20=1c000079 x20:1c000078  PA:1c000078
14289447ns          240194 1c008cac fe0515e3 bne              x10, x0, -22        x10:0000000a
14289526ns          240198 1c008c96 02500793 addi             x15, x0, 37         x15=00000025
14289546ns          240199 1c008c9a 04f50763 beq              x10, x15, 78        x10:0000000a x15:00000025
14289566ns          240200 1c008c9e 009005b3 add              x11, x0, x9         x11=00000002  x9:00000002
14289586ns          240201 1c008ca0 000c80e7 jalr             x1, x25, 0           x1=1c008ca2 x25:1c008bb6
14289626ns          240203 1c008bb6 000026b7 lui              x13, 0x2000         x13=00002000
14289646ns          240204 1c008bb8 f8068693 addi             x13, x13, -128      x13=00001f80 x13:00002000
14289666ns          240205 1c008bbc f14027f3 csrrs            x15, x0, 0xf14      x15=00000006
14289686ns          240206 1c008bc0 00379713 slli             x14, x15, 0x3       x14=00000030 x15:00000006
14289705ns          240207 1c008bc4 00279793 slli             x15, x15, 0x2       x15=00000018 x15:00000006
14289725ns          240208 1c008bc6 00d7f7b3 and              x15, x15, x13       x15=00000000 x15:00000018 x13:00001f80
14289745ns          240209 1c008bc8 ee873733 p.bclr           x14, x14, 23, 8     x14=00000030 x14:00000030
14289765ns          240210 1c008bcc 1a10f6b7 lui              x13, 0x1a10f000     x13=1a10f000
14289785ns          240211 1c008bd0 00d70733 add              x14, x14, x13       x14=1a10f030 x14:00000030 x13:1a10f000
14289805ns          240212 1c008bd2 00e787b3 add              x15, x15, x14       x15=1a10f030 x15:00000000 x14:1a10f030
14289825ns          240213 1c008bd4 0ff57513 andi             x10, x10, 255       x10=0000000a x10:0000000a
14289845ns          240214 1c008bd8 00a7a023 sw               x10, 0(x15)         x10:0000000a x15:1a10f030  PA:1a10f030
14290163ns          240230 1c008bda 00000513 addi             x10, x0, 0          x10=00000000
14290183ns          240231 1c008bdc 00008067 jalr             x0, x1, 0            x1:1c008ca2
14290242ns          240234 1c008ca2 4df52863 p.beqimm         x10, 1232           x10:00000000
14290262ns          240235 1c008ca6 00140413 addi             x8, x8, 1            x8=0000001e  x8:0000001d
14290282ns          240236 1c008ca8 001a450b p.lbu            x10, 1(x20!)        x10=00000000 x20=1c00007a x20:1c000079  PA:1c000079
14290600ns          240252 1c008cac fe0515e3 bne              x10, x0, -22        x10:00000000
14290620ns          240253 1c008cae 13c12083 lw               x1, 316(x2)          x1=1c008c22  x2:10003618  PA:10003754
14290640ns          240254 1c008cb2 00800533 add              x10, x0, x8         x10=0000001e  x8:0000001e
14290660ns          240255 1c008cb4 13812403 lw               x8, 312(x2)          x8=00000077  x2:10003618  PA:10003750
14290680ns          240256 1c008cb8 13412483 lw               x9, 308(x2)          x9=00000077  x2:10003618  PA:1000374c
14290700ns          240257 1c008cbc 13012903 lw               x18, 304(x2)        x18=00000006  x2:10003618  PA:10003748
14290919ns          240268 1c008cc0 12c12983 lw               x19, 300(x2)        x19=0000x01a  x2:10003618  PA:10003744
14290958ns          240270 1c008cc4 12812a03 lw               x20, 296(x2)        x20=00000000  x2:10003618  PA:10003740
14290978ns          240271 1c008cc8 12412a83 lw               x21, 292(x2)        x21=000001b8  x2:10003618  PA:1000373c
14290998ns          240272 1c008ccc 12012b03 lw               x22, 288(x2)        x22=000001b4  x2:10003618  PA:10003738
14291058ns          240275 1c008cd0 11c12b83 lw               x23, 284(x2)        x23=000005ed  x2:10003618  PA:10003734
14291098ns          240277 1c008cd4 11812c03 lw               x24, 280(x2)        x24=00000039  x2:10003618  PA:10003730
14291118ns          240278 1c008cd8 11412c83 lw               x25, 276(x2)        x25=1c000a78  x2:10003618  PA:1000372c
14291137ns          240279 1c008cdc 11012d03 lw               x26, 272(x2)        x26=0b8a0000  x2:10003618  PA:10003728
14291197ns          240282 1c008ce0 10c12d83 lw               x27, 268(x2)        x27=02440471  x2:10003618  PA:10003724
14291237ns          240284 1c008ce4 14010113 addi             x2, x2, 320          x2=10003758  x2:10003618
14291257ns          240285 1c008ce6 00008067 jalr             x0, x1, 0            x1:1c008c22
14291336ns          240289 1c008c22 01c12083 lw               x1, 28(x2)           x1=1c0087c8  x2:10003758  PA:10003774
14291376ns          240291 1c008c24 04010113 addi             x2, x2, 64           x2=10003798  x2:10003758
14291396ns          240292 1c008c26 00008067 jalr             x0, x1, 0            x1:1c0087c8
14291475ns          240296 1c0087c8 fcfff06f jal              x0, -50            
14291555ns          240300 1c008796 05c12083 lw               x1, 92(x2)           x1=1c00a05e  x2:10003798  PA:100037f4
14291595ns          240302 1c008798 05812403 lw               x8, 88(x2)           x8=00000000  x2:10003798  PA:100037f0
14291615ns          240303 1c00879a 05412483 lw               x9, 84(x2)           x9=00000000  x2:10003798  PA:100037ec
14291635ns          240304 1c00879c 05012903 lw               x18, 80(x2)         x18=00000000  x2:10003798  PA:100037e8
14291654ns          240305 1c00879e 04c12983 lw               x19, 76(x2)         x19=00000000  x2:10003798  PA:100037e4
14291953ns          240320 1c0087a0 04812a03 lw               x20, 72(x2)         x20=00000000  x2:10003798  PA:100037e0
14291973ns          240321 1c0087a2 04412a83 lw               x21, 68(x2)         x21=00000000  x2:10003798  PA:100037dc
14291993ns          240322 1c0087a4 04012b03 lw               x22, 64(x2)         x22=00000000  x2:10003798  PA:100037d8
14292012ns          240323 1c0087a6 03c12b83 lw               x23, 60(x2)         x23=00000000  x2:10003798  PA:100037d4
14292032ns          240324 1c0087a8 03812c03 lw               x24, 56(x2)         x24=00000000  x2:10003798  PA:100037d0
14292052ns          240325 1c0087aa 03412c83 lw               x25, 52(x2)         x25=00000000  x2:10003798  PA:100037cc
14292072ns          240326 1c0087ac 03012d03 lw               x26, 48(x2)         x26=00000000  x2:10003798  PA:100037c8
14292092ns          240327 1c0087ae 02c12d83 lw               x27, 44(x2)         x27=00000000  x2:10003798  PA:100037c4
14292112ns          240328 1c0087b0 00100513 addi             x10, x0, 1          x10=00000001
14292132ns          240329 1c0087b2 06010113 addi             x2, x2, 96           x2=100037f8  x2:10003798
14292152ns          240330 1c0087b4 00008067 jalr             x0, x1, 0            x1:1c00a05e
14292609ns          240353 1c00a05e 01f00713 addi             x14, x0, 31         x14=0000001f
14292689ns          240357 1c00a060 f14027f3 csrrs            x15, x0, 0xf14      x15=00000006
14292728ns          240359 1c00a064 ca5797b3 p.extractu       x15, x15, 5, 5      x15=00000000 x15:00000006
14292748ns          240360 1c00a068 00e78863 beq              x15, x14, 16        x15:00000000 x14:0000001f
14292768ns          240361 1c00a06c 002047b7 lui              x15, 0x204000       x15=00204000
14293206ns          240383 1c00a070 20078793 addi             x15, x15, 512       x15=00204200 x15:00204000
14293246ns          240385 1c00a074 01c7e703 p.elw            x14, 28(x15)        x14=00010000 x15:00204200  PA:0020421c
14293385ns          240392 1c00a078 f14027f3 csrrs            x15, x0, 0xf14      x15=00000006
14293405ns          240393 1c00a07c f457b7b3 p.bclr           x15, x15, 26, 5     x15=00000006 x15:00000006
14293663ns          240406 1c00a080 00079963 bne              x15, x0, 18         x15:00000006
14294200ns          240433 1c00a092 002047b7 lui              x15, 0x204000       x15=00204000
14294220ns          240434 1c00a096 fff00713 addi             x14, x0, -1         x14=ffffffff
14294240ns          240435 1c00a098 00e7a223 sw               x14, 4(x15)         x14:ffffffff x15:00204000  PA:00204004
